<?xml version="1.0" encoding="UTF-8"?>
<testsuite xmlns:xsi="http://www.w3.org/2001/XMLSchema-instance" xsi:noNamespaceSchemaLocation="https://maven.apache.org/surefire/maven-surefire-plugin/xsd/surefire-test-report-3.0.xsd" version="3.0" name="eu.europa.esig.dss.crl.x509.impl.CRLUtilsX509CRLImplTest" time="2.096" tests="23" errors="0" skipped="1" failures="0">
  <properties>
    <property name="java.specification.version" value="19"/>
    <property name="sun.cpu.isalist" value="amd64"/>
    <property name="sun.jnu.encoding" value="Cp1252"/>
    <property name="java.class.path" value="C:\Users\amadoria\Documents\Projects\HAPKIDO\WP4\dss-fork\dss-crl-parser-x509crl\target\test-classes;C:\Users\amadoria\Documents\Projects\HAPKIDO\WP4\dss-fork\dss-crl-parser-x509crl\target\classes;C:\Users\amadoria\Documents\Projects\HAPKIDO\WP4\dss-fork\dss-crl-parser\target\dss-crl-parser-5.12.RC1.jar;C:\Users\amadoria\Documents\Projects\HAPKIDO\WP4\dss-fork\dss-model\target\dss-model-5.12.RC1.jar;C:\Users\amadoria\Documents\Projects\HAPKIDO\WP4\dss-fork\dss-enumerations\target\dss-enumerations-5.12.RC1.jar;C:\Users\amadoria\Documents\Projects\HAPKIDO\WP4\dss-fork\dss-crl-parser-x509crl\libs\bcprov-jdk18on-173b20.jar;C:\Users\amadoria\Documents\Projects\HAPKIDO\WP4\dss-fork\dss-crl-parser-x509crl\libs\bcpkix-jdk18on-173b20.jar;C:\Users\amadoria\Documents\Projects\HAPKIDO\WP4\dss-fork\dss-crl-parser-x509crl\libs\bcutil-jdk18on-173b20.jar;C:\Users\amadoria\.m2\repository\org\slf4j\slf4j-api\2.0.6\slf4j-api-2.0.6.jar;C:\Users\amadoria\Documents\Projects\HAPKIDO\WP4\dss-fork\dss-crl-parser\target\dss-crl-parser-5.12.RC1-tests.jar;C:\Users\amadoria\.m2\repository\ch\qos\logback\logback-classic\1.3.5\logback-classic-1.3.5.jar;C:\Users\amadoria\.m2\repository\ch\qos\logback\logback-core\1.3.5\logback-core-1.3.5.jar;C:\Users\amadoria\.m2\repository\org\junit\platform\junit-platform-launcher\1.9.2\junit-platform-launcher-1.9.2.jar;C:\Users\amadoria\.m2\repository\org\junit\platform\junit-platform-engine\1.9.2\junit-platform-engine-1.9.2.jar;C:\Users\amadoria\.m2\repository\org\opentest4j\opentest4j\1.2.0\opentest4j-1.2.0.jar;C:\Users\amadoria\.m2\repository\org\junit\platform\junit-platform-commons\1.9.2\junit-platform-commons-1.9.2.jar;C:\Users\amadoria\.m2\repository\org\apiguardian\apiguardian-api\1.1.2\apiguardian-api-1.1.2.jar;C:\Users\amadoria\.m2\repository\org\junit\jupiter\junit-jupiter-engine\5.9.2\junit-jupiter-engine-5.9.2.jar;C:\Users\amadoria\.m2\repository\org\junit\jupiter\junit-jupiter-api\5.9.2\junit-jupiter-api-5.9.2.jar;"/>
    <property name="java.vm.vendor" value="Oracle Corporation"/>
    <property name="sun.arch.data.model" value="64"/>
    <property name="user.variant" value=""/>
    <property name="java.vendor.url" value="https://java.oracle.com/"/>
    <property name="user.timezone" value="Europe/Amsterdam"/>
    <property name="os.name" value="Windows 10"/>
    <property name="java.vm.specification.version" value="19"/>
    <property name="sun.java.launcher" value="SUN_STANDARD"/>
    <property name="user.country" value="US"/>
    <property name="sun.boot.library.path" value="C:\Program Files\Java\jdk-19\bin"/>
    <property name="sun.java.command" value="C:\Users\amadoria\AppData\Local\Temp\surefire7475337222631796147\surefirebooter-20230428113639096_94.jar C:\Users\amadoria\AppData\Local\Temp\surefire7475337222631796147 2023-04-28T11-29-53_553-jvmRun1 surefire-20230428113639096_92tmp surefire_23-20230428113639096_93tmp"/>
    <property name="jdk.debug" value="release"/>
    <property name="surefire.test.class.path" value="C:\Users\amadoria\Documents\Projects\HAPKIDO\WP4\dss-fork\dss-crl-parser-x509crl\target\test-classes;C:\Users\amadoria\Documents\Projects\HAPKIDO\WP4\dss-fork\dss-crl-parser-x509crl\target\classes;C:\Users\amadoria\Documents\Projects\HAPKIDO\WP4\dss-fork\dss-crl-parser\target\dss-crl-parser-5.12.RC1.jar;C:\Users\amadoria\Documents\Projects\HAPKIDO\WP4\dss-fork\dss-model\target\dss-model-5.12.RC1.jar;C:\Users\amadoria\Documents\Projects\HAPKIDO\WP4\dss-fork\dss-enumerations\target\dss-enumerations-5.12.RC1.jar;C:\Users\amadoria\Documents\Projects\HAPKIDO\WP4\dss-fork\dss-crl-parser-x509crl\libs\bcprov-jdk18on-173b20.jar;C:\Users\amadoria\Documents\Projects\HAPKIDO\WP4\dss-fork\dss-crl-parser-x509crl\libs\bcpkix-jdk18on-173b20.jar;C:\Users\amadoria\Documents\Projects\HAPKIDO\WP4\dss-fork\dss-crl-parser-x509crl\libs\bcutil-jdk18on-173b20.jar;C:\Users\amadoria\.m2\repository\org\slf4j\slf4j-api\2.0.6\slf4j-api-2.0.6.jar;C:\Users\amadoria\Documents\Projects\HAPKIDO\WP4\dss-fork\dss-crl-parser\target\dss-crl-parser-5.12.RC1-tests.jar;C:\Users\amadoria\.m2\repository\ch\qos\logback\logback-classic\1.3.5\logback-classic-1.3.5.jar;C:\Users\amadoria\.m2\repository\ch\qos\logback\logback-core\1.3.5\logback-core-1.3.5.jar;C:\Users\amadoria\.m2\repository\org\junit\platform\junit-platform-launcher\1.9.2\junit-platform-launcher-1.9.2.jar;C:\Users\amadoria\.m2\repository\org\junit\platform\junit-platform-engine\1.9.2\junit-platform-engine-1.9.2.jar;C:\Users\amadoria\.m2\repository\org\opentest4j\opentest4j\1.2.0\opentest4j-1.2.0.jar;C:\Users\amadoria\.m2\repository\org\junit\platform\junit-platform-commons\1.9.2\junit-platform-commons-1.9.2.jar;C:\Users\amadoria\.m2\repository\org\apiguardian\apiguardian-api\1.1.2\apiguardian-api-1.1.2.jar;C:\Users\amadoria\.m2\repository\org\junit\jupiter\junit-jupiter-engine\5.9.2\junit-jupiter-engine-5.9.2.jar;C:\Users\amadoria\.m2\repository\org\junit\jupiter\junit-jupiter-api\5.9.2\junit-jupiter-api-5.9.2.jar;"/>
    <property name="sun.cpu.endian" value="little"/>
    <property name="user.home" value="C:\Users\amadoria"/>
    <property name="user.language" value="en"/>
    <property name="java.specification.vendor" value="Oracle Corporation"/>
    <property name="java.version.date" value="2023-01-17"/>
    <property name="java.home" value="C:\Program Files\Java\jdk-19"/>
    <property name="file.separator" value="\"/>
    <property name="basedir" value="C:\Users\amadoria\Documents\Projects\HAPKIDO\WP4\dss-fork\dss-crl-parser-x509crl"/>
    <property name="java.vm.compressedOopsMode" value="Zero based"/>
    <property name="line.separator" value="&#10;"/>
    <property name="java.vm.specification.vendor" value="Oracle Corporation"/>
    <property name="java.specification.name" value="Java Platform API Specification"/>
    <property name="surefire.real.class.path" value="C:\Users\amadoria\AppData\Local\Temp\surefire7475337222631796147\surefirebooter-20230428113639096_94.jar"/>
    <property name="user.script" value=""/>
    <property name="sun.management.compiler" value="HotSpot 64-Bit Tiered Compilers"/>
    <property name="java.runtime.version" value="19.0.2+7-44"/>
    <property name="user.name" value="amadoria"/>
    <property name="stdout.encoding" value="Cp1252"/>
    <property name="path.separator" value=";"/>
    <property name="os.version" value="10.0"/>
    <property name="java.runtime.name" value="Java(TM) SE Runtime Environment"/>
    <property name="file.encoding" value="UTF-8"/>
    <property name="java.vm.name" value="Java HotSpot(TM) 64-Bit Server VM"/>
    <property name="localRepository" value="C:\Users\amadoria\.m2\repository"/>
    <property name="java.vendor.url.bug" value="https://bugreport.java.com/bugreport/"/>
    <property name="java.io.tmpdir" value="C:\Users\amadoria\AppData\Local\Temp\"/>
    <property name="java.version" value="19.0.2"/>
    <property name="user.dir" value="C:\Users\amadoria\Documents\Projects\HAPKIDO\WP4\dss-fork\dss-crl-parser-x509crl"/>
    <property name="os.arch" value="amd64"/>
    <property name="java.vm.specification.name" value="Java Virtual Machine Specification"/>
    <property name="sun.os.patch.level" value=""/>
    <property name="native.encoding" value="Cp1252"/>
    <property name="java.library.path" value="C:\Program Files\Java\jdk-19\bin;C:\WINDOWS\Sun\Java\bin;C:\WINDOWS\system32;C:\WINDOWS;C:\Program Files\Common Files\Oracle\Java\javapath;C:\Program Files\Eclipse Adoptium\jdk-17.0.5.8-hotspot\bin;C:\WINDOWS\system32;C:\WINDOWS;C:\WINDOWS\System32\Wbem;C:\WINDOWS\System32\WindowsPowerShell\v1.0\;C:\WINDOWS\System32\OpenSSH\;C:\Program Files\dotnet\;C:\ProgramData\chocolatey\bin;C:\Program Files\Gradle\gradle-8.0.2\bin;C:\Program Files\Maven\apache-maven-3.9.0\bin;;C:\Program Files\Docker\Docker\resources\bin;C:\Users\amadoria\AppData\Local\Programs\Python\Python38\Scripts\;C:\Users\amadoria\AppData\Local\Programs\Python\Python38\;C:\Users\amadoria\AppData\Local\Microsoft\WindowsApps;C:\Users\amadoria\AppData\Local\Programs\MiKTeX\miktex\bin\x64\;C:\Users\amadoria\AppData\Local\Programs\Microsoft VS Code\bin;C:\Users\amadoria\AppData\Roaming\Python\Scripts\;C:\Users\amadoria\AppData\Local\Programs\Git\cmd;C:\Program Files\JetBrains\IntelliJ IDEA Community Edition 2022.3.3\bin;;."/>
    <property name="java.vm.info" value="mixed mode, sharing"/>
    <property name="stderr.encoding" value="Cp1252"/>
    <property name="java.vendor" value="Oracle Corporation"/>
    <property name="java.vm.version" value="19.0.2+7-44"/>
    <property name="sun.io.unicode.encoding" value="UnicodeLittle"/>
    <property name="java.class.version" value="63.0"/>
  </properties>
  <testcase name="testARLFile" classname="eu.europa.esig.dss.crl.x509.impl.CRLUtilsX509CRLImplTest" time="0.585">
    <system-out><![CDATA[11:36:42.301 [main] DEBUG eu.europa.esig.dss.crl.x509.impl.CRLUtilsX509CRLImpl - Unable to instantiate with BouncyCastle (not registered ?), trying with default CertificateFactory
11:36:42.373 [main] DEBUG eu.europa.esig.dss.crl.AbstractCRLUtils - issuingDistributionPointBinary is null. Issuing Distribution Point fields in CRLValidity cannot be filled.
11:36:42.378 [main] WARN eu.europa.esig.dss.crl.x509.impl.CRLUtilsX509CRLImpl - CRL Signature cannot be validated : Signature does not match.
]]></system-out>
  </testcase>
  <testcase name="testECDSA" classname="eu.europa.esig.dss.crl.x509.impl.CRLUtilsX509CRLImplTest" time="0.207">
    <system-out><![CDATA[11:36:42.423 [main] DEBUG eu.europa.esig.dss.crl.x509.impl.CRLUtilsX509CRLImpl - Unable to instantiate with BouncyCastle (not registered ?), trying with default CertificateFactory
11:36:42.426 [main] DEBUG eu.europa.esig.dss.crl.AbstractCRLUtils - issuingDistributionPointBinary is null. Issuing Distribution Point fields in CRLValidity cannot be filled.
]]></system-out>
  </testcase>
  <testcase name="derVsPemEncodedTest" classname="eu.europa.esig.dss.crl.x509.impl.CRLUtilsX509CRLImplTest" time="0.042">
    <system-out><![CDATA[11:36:42.631 [main] DEBUG eu.europa.esig.dss.crl.x509.impl.CRLUtilsX509CRLImpl - Unable to instantiate with BouncyCastle (not registered ?), trying with default CertificateFactory
11:36:42.633 [main] DEBUG eu.europa.esig.dss.crl.AbstractCRLUtils - issuingDistributionPointBinary is null. Issuing Distribution Point fields in CRLValidity cannot be filled.
11:36:42.657 [main] DEBUG eu.europa.esig.dss.crl.x509.impl.CRLUtilsX509CRLImpl - Unable to instantiate with BouncyCastle (not registered ?), trying with default CertificateFactory
11:36:42.658 [main] DEBUG eu.europa.esig.dss.crl.AbstractCRLUtils - issuingDistributionPointBinary is null. Issuing Distribution Point fields in CRLValidity cannot be filled.
]]></system-out>
  </testcase>
  <testcase name="testPE" classname="eu.europa.esig.dss.crl.x509.impl.CRLUtilsX509CRLImplTest" time="0.39">
    <system-out><![CDATA[11:36:42.683 [main] DEBUG eu.europa.esig.dss.crl.x509.impl.CRLUtilsX509CRLImpl - Unable to instantiate with BouncyCastle (not registered ?), trying with default CertificateFactory
11:36:43.044 [main] DEBUG eu.europa.esig.dss.crl.AbstractCRLUtils - issuingDistributionPointBinary is null. Issuing Distribution Point fields in CRLValidity cannot be filled.
]]></system-out>
  </testcase>
  <testcase name="testUA" classname="eu.europa.esig.dss.crl.x509.impl.CRLUtilsX509CRLImplTest" time="0.043">
    <system-out><![CDATA[11:36:43.065 [main] DEBUG eu.europa.esig.dss.crl.x509.impl.CRLUtilsX509CRLImpl - Unable to instantiate with BouncyCastle (not registered ?), trying with default CertificateFactory
11:36:43.079 [main] DEBUG eu.europa.esig.dss.crl.AbstractCRLUtils - issuingDistributionPointBinary is null. Issuing Distribution Point fields in CRLValidity cannot be filled.
]]></system-out>
  </testcase>
  <testcase name="testECDSAwithRSACert" classname="eu.europa.esig.dss.crl.x509.impl.CRLUtilsX509CRLImplTest" time="0.011">
    <system-out><![CDATA[11:36:43.109 [main] DEBUG eu.europa.esig.dss.crl.x509.impl.CRLUtilsX509CRLImpl - Unable to instantiate with BouncyCastle (not registered ?), trying with default CertificateFactory
11:36:43.110 [main] DEBUG eu.europa.esig.dss.crl.AbstractCRLUtils - issuingDistributionPointBinary is null. Issuing Distribution Point fields in CRLValidity cannot be filled.
11:36:43.113 [main] WARN eu.europa.esig.dss.crl.x509.impl.CRLUtilsX509CRLImpl - CRL Signature cannot be validated : No installed provider supports this key: sun.security.rsa.RSAPublicKeyImpl
]]></system-out>
  </testcase>
  <testcase name="retrieveRevocation" classname="eu.europa.esig.dss.crl.x509.impl.CRLUtilsX509CRLImplTest" time="0.165">
    <system-out><![CDATA[11:36:43.129 [main] DEBUG eu.europa.esig.dss.crl.x509.impl.CRLUtilsX509CRLImpl - Unable to instantiate with BouncyCastle (not registered ?), trying with default CertificateFactory
11:36:43.274 [main] DEBUG eu.europa.esig.dss.crl.AbstractCRLUtils - issuingDistributionPointBinary is null. Issuing Distribution Point fields in CRLValidity cannot be filled.
11:36:43.279 [main] WARN eu.europa.esig.dss.crl.x509.impl.CRLUtilsX509CRLImpl - CRL Signature cannot be validated : Signature does not match.
]]></system-out>
  </testcase>
  <testcase name="loopIssue2" classname="eu.europa.esig.dss.crl.x509.impl.CRLUtilsX509CRLImplTest" time="0.007">
    <system-out><![CDATA[11:36:43.285 [main] DEBUG eu.europa.esig.dss.crl.x509.impl.CRLUtilsX509CRLImpl - Unable to instantiate with BouncyCastle (not registered ?), trying with default CertificateFactory
11:36:43.286 [main] DEBUG eu.europa.esig.dss.crl.AbstractCRLUtils - issuingDistributionPointBinary is null. Issuing Distribution Point fields in CRLValidity cannot be filled.
11:36:43.287 [main] WARN eu.europa.esig.dss.crl.x509.impl.CRLUtilsX509CRLImpl - CRL Signature cannot be validated : Signature does not match.
]]></system-out>
  </testcase>
  <testcase name="isValidCRLWrongCertificate" classname="eu.europa.esig.dss.crl.x509.impl.CRLUtilsX509CRLImplTest" time="0.009">
    <system-out><![CDATA[11:36:43.294 [main] DEBUG eu.europa.esig.dss.crl.x509.impl.CRLUtilsX509CRLImpl - Unable to instantiate with BouncyCastle (not registered ?), trying with default CertificateFactory
11:36:43.295 [main] DEBUG eu.europa.esig.dss.crl.AbstractCRLUtils - issuingDistributionPointBinary is null. Issuing Distribution Point fields in CRLValidity cannot be filled.
11:36:43.298 [main] WARN eu.europa.esig.dss.crl.x509.impl.CRLUtilsX509CRLImpl - CRL Signature cannot be validated : Signature does not match.
]]></system-out>
  </testcase>
  <testcase name="testGetExpiredCertsOnCRLUTCTime" classname="eu.europa.esig.dss.crl.x509.impl.CRLUtilsX509CRLImplTest" time="0.172">
    <system-out><![CDATA[11:36:43.320 [main] DEBUG eu.europa.esig.dss.crl.x509.impl.CRLUtilsX509CRLImpl - Unable to instantiate with BouncyCastle (not registered ?), trying with default CertificateFactory
11:36:43.398 [main] DEBUG eu.europa.esig.dss.crl.AbstractCRLUtils - issuingDistributionPointBinary is null. Issuing Distribution Point fields in CRLValidity cannot be filled.
11:36:43.470 [main] WARN eu.europa.esig.dss.crl.AbstractCRLUtils - Attribute 'expiredCertsOnCRL' found but ignored (should be encoded as ASN.1 GeneralizedTime)
11:36:43.472 [main] WARN eu.europa.esig.dss.crl.x509.impl.CRLUtilsX509CRLImpl - CRL Signature cannot be validated : Signature length not correct: got 512 but was expecting 256
]]></system-out>
  </testcase>
  <testcase name="testRealNot" classname="eu.europa.esig.dss.crl.x509.impl.CRLUtilsX509CRLImplTest" time="0.011">
    <system-out><![CDATA[11:36:43.483 [main] DEBUG eu.europa.esig.dss.crl.x509.impl.CRLUtilsX509CRLImpl - Unable to instantiate with BouncyCastle (not registered ?), trying with default CertificateFactory
11:36:43.483 [main] DEBUG eu.europa.esig.dss.crl.AbstractCRLUtils - issuingDistributionPointBinary is null. Issuing Distribution Point fields in CRLValidity cannot be filled.
11:36:43.485 [main] WARN eu.europa.esig.dss.crl.x509.impl.CRLUtilsX509CRLImpl - CRL Signature cannot be validated : Signature does not match.
]]></system-out>
  </testcase>
  <testcase name="incompleteCRL" classname="eu.europa.esig.dss.crl.x509.impl.CRLUtilsX509CRLImplTest" time="0.007"/>
  <testcase name="isValidPEMCRL" classname="eu.europa.esig.dss.crl.x509.impl.CRLUtilsX509CRLImplTest" time="0.006">
    <system-out><![CDATA[11:36:43.501 [main] DEBUG eu.europa.esig.dss.crl.x509.impl.CRLUtilsX509CRLImpl - Unable to instantiate with BouncyCastle (not registered ?), trying with default CertificateFactory
11:36:43.502 [main] DEBUG eu.europa.esig.dss.crl.AbstractCRLUtils - issuingDistributionPointBinary is null. Issuing Distribution Point fields in CRLValidity cannot be filled.
]]></system-out>
  </testcase>
  <testcase name="testPSSwithoutBouncyCastle" classname="eu.europa.esig.dss.crl.x509.impl.CRLUtilsX509CRLImplTest" time="0">
    <skipped message="Disabled on JRE version: 19.0.2"/>
  </testcase>
  <testcase name="testPSSwithoutBouncyCastleBeforeJDK16" classname="eu.europa.esig.dss.crl.x509.impl.CRLUtilsX509CRLImplTest" time="0.011"/>
  <testcase name="loopIssue" classname="eu.europa.esig.dss.crl.x509.impl.CRLUtilsX509CRLImplTest" time="0.076">
    <system-out><![CDATA[11:36:43.552 [main] DEBUG eu.europa.esig.dss.crl.x509.impl.CRLUtilsX509CRLImpl - Unable to instantiate with BouncyCastle (not registered ?), trying with default CertificateFactory
11:36:43.604 [main] DEBUG eu.europa.esig.dss.crl.AbstractCRLUtils - issuingDistributionPointBinary is null. Issuing Distribution Point fields in CRLValidity cannot be filled.
11:36:43.607 [main] WARN eu.europa.esig.dss.crl.x509.impl.CRLUtilsX509CRLImpl - CRL Signature cannot be validated : Signature does not match.
]]></system-out>
  </testcase>
  <testcase name="rsaSHA256" classname="eu.europa.esig.dss.crl.x509.impl.CRLUtilsX509CRLImplTest" time="0.005">
    <system-out><![CDATA[11:36:43.618 [main] DEBUG eu.europa.esig.dss.crl.x509.impl.CRLUtilsX509CRLImpl - Unable to instantiate with BouncyCastle (not registered ?), trying with default CertificateFactory
11:36:43.619 [main] DEBUG eu.europa.esig.dss.crl.AbstractCRLUtils - issuingDistributionPointBinary is null. Issuing Distribution Point fields in CRLValidity cannot be filled.
]]></system-out>
  </testcase>
  <testcase name="testGetExpiredCertsOnCRL" classname="eu.europa.esig.dss.crl.x509.impl.CRLUtilsX509CRLImplTest" time="0.19">
    <system-out><![CDATA[11:36:43.627 [main] DEBUG eu.europa.esig.dss.crl.x509.impl.CRLUtilsX509CRLImpl - Unable to instantiate with BouncyCastle (not registered ?), trying with default CertificateFactory
11:36:43.811 [main] WARN eu.europa.esig.dss.crl.x509.impl.CRLUtilsX509CRLImpl - CRL Signature cannot be validated : Signature length not correct: got 512 but was expecting 256
]]></system-out>
  </testcase>
  <testcase name="rsaSHA1" classname="eu.europa.esig.dss.crl.x509.impl.CRLUtilsX509CRLImplTest" time="0.004">
    <system-out><![CDATA[11:36:43.815 [main] DEBUG eu.europa.esig.dss.crl.x509.impl.CRLUtilsX509CRLImpl - Unable to instantiate with BouncyCastle (not registered ?), trying with default CertificateFactory
11:36:43.816 [main] DEBUG eu.europa.esig.dss.crl.AbstractCRLUtils - issuingDistributionPointBinary is null. Issuing Distribution Point fields in CRLValidity cannot be filled.
]]></system-out>
  </testcase>
  <testcase name="testLTGRCA" classname="eu.europa.esig.dss.crl.x509.impl.CRLUtilsX509CRLImplTest" time="0.009">
    <system-out><![CDATA[11:36:43.822 [main] DEBUG eu.europa.esig.dss.crl.x509.impl.CRLUtilsX509CRLImpl - Unable to instantiate with BouncyCastle (not registered ?), trying with default CertificateFactory
11:36:43.824 [main] DEBUG eu.europa.esig.dss.crl.AbstractCRLUtils - issuingDistributionPointBinary is null. Issuing Distribution Point fields in CRLValidity cannot be filled.
11:36:43.826 [main] WARN eu.europa.esig.dss.crl.x509.impl.CRLUtilsX509CRLImpl - CRL Signature cannot be validated : Signature does not match.
]]></system-out>
  </testcase>
  <testcase name="rsaSHA1bis" classname="eu.europa.esig.dss.crl.x509.impl.CRLUtilsX509CRLImplTest" time="0.007">
    <system-out><![CDATA[11:36:43.832 [main] DEBUG eu.europa.esig.dss.crl.x509.impl.CRLUtilsX509CRLImpl - Unable to instantiate with BouncyCastle (not registered ?), trying with default CertificateFactory
11:36:43.833 [main] DEBUG eu.europa.esig.dss.crl.AbstractCRLUtils - issuingDistributionPointBinary is null. Issuing Distribution Point fields in CRLValidity cannot be filled.
]]></system-out>
  </testcase>
  <testcase name="isValidCRL" classname="eu.europa.esig.dss.crl.x509.impl.CRLUtilsX509CRLImplTest" time="0.003">
    <system-out><![CDATA[11:36:43.840 [main] DEBUG eu.europa.esig.dss.crl.x509.impl.CRLUtilsX509CRLImpl - Unable to instantiate with BouncyCastle (not registered ?), trying with default CertificateFactory
11:36:43.840 [main] DEBUG eu.europa.esig.dss.crl.AbstractCRLUtils - issuingDistributionPointBinary is null. Issuing Distribution Point fields in CRLValidity cannot be filled.
]]></system-out>
  </testcase>
  <testcase name="noRevoc" classname="eu.europa.esig.dss.crl.x509.impl.CRLUtilsX509CRLImplTest" time="0.008">
    <system-out><![CDATA[11:36:43.846 [main] DEBUG eu.europa.esig.dss.crl.x509.impl.CRLUtilsX509CRLImpl - Unable to instantiate with BouncyCastle (not registered ?), trying with default CertificateFactory
11:36:43.848 [main] DEBUG eu.europa.esig.dss.crl.AbstractCRLUtils - issuingDistributionPointBinary is null. Issuing Distribution Point fields in CRLValidity cannot be filled.
11:36:43.849 [main] WARN eu.europa.esig.dss.crl.x509.impl.CRLUtilsX509CRLImpl - CRL Signature cannot be validated : Signature does not match.
]]></system-out>
  </testcase>
</testsuite>