<?xml version="1.0" encoding="UTF-8"?>
<testsuite xmlns:xsi="http://www.w3.org/2001/XMLSchema-instance" xsi:noNamespaceSchemaLocation="https://maven.apache.org/surefire/maven-surefire-plugin/xsd/surefire-test-report-3.0.xsd" version="3.0" name="eu.europa.esig.dss.xades.validation.ConcurrentValidationTest" time="13.474" tests="2" errors="0" skipped="0" failures="0">
  <properties>
    <property name="java.specification.version" value="19"/>
    <property name="sun.cpu.isalist" value="amd64"/>
    <property name="sun.jnu.encoding" value="Cp1252"/>
    <property name="java.class.path" value="C:\Users\amadoria\Documents\Projects\HAPKIDO\WP4\dss-fork\dss-xades\target\test-classes;C:\Users\amadoria\Documents\Projects\HAPKIDO\WP4\dss-fork\dss-xades\target\classes;C:\Users\amadoria\Documents\Projects\HAPKIDO\WP4\dss-fork\dss-document\target\dss-document-5.12.RC1.jar;C:\Users\amadoria\Documents\Projects\HAPKIDO\WP4\dss-fork\dss-spi\target\dss-spi-5.12.RC1.jar;C:\Users\amadoria\Documents\Projects\HAPKIDO\WP4\dss-fork\dss-model\target\dss-model-5.12.RC1.jar;C:\Users\amadoria\Documents\Projects\HAPKIDO\WP4\dss-fork\dss-enumerations\target\dss-enumerations-5.12.RC1.jar;C:\Users\amadoria\Documents\Projects\HAPKIDO\WP4\dss-fork\dss-utils\target\dss-utils-5.12.RC1.jar;C:\Users\amadoria\Documents\Projects\HAPKIDO\WP4\dss-fork\dss-crl-parser\target\dss-crl-parser-5.12.RC1.jar;C:\Users\amadoria\Documents\Projects\HAPKIDO\WP4\dss-fork\dss-xades\libs\bcpkix-jdk18on-173b20.jar;C:\Users\amadoria\Documents\Projects\HAPKIDO\WP4\dss-fork\dss-xades\libs\bcprov-jdk18on-173b20.jar;C:\Users\amadoria\Documents\Projects\HAPKIDO\WP4\dss-fork\dss-xades\libs\bcutil-jdk18on-173b20.jar;C:\Users\amadoria\Documents\Projects\HAPKIDO\WP4\dss-fork\validation-policy\target\validation-policy-5.12.RC1.jar;C:\Users\amadoria\Documents\Projects\HAPKIDO\WP4\dss-fork\dss-policy-jaxb\target\dss-policy-jaxb-5.12.RC1.jar;C:\Users\amadoria\Documents\Projects\HAPKIDO\WP4\dss-fork\dss-jaxb-parsers\target\dss-jaxb-parsers-5.12.RC1.jar;C:\Users\amadoria\Documents\Projects\HAPKIDO\WP4\dss-fork\dss-jaxb-common\target\dss-jaxb-common-5.12.RC1.jar;C:\Users\amadoria\Documents\Projects\HAPKIDO\WP4\dss-fork\dss-alert\target\dss-alert-5.12.RC1.jar;C:\Users\amadoria\.m2\repository\org\glassfish\jaxb\jaxb-runtime\2.3.8\jaxb-runtime-2.3.8.jar;C:\Users\amadoria\.m2\repository\org\glassfish\jaxb\txw2\2.3.8\txw2-2.3.8.jar;C:\Users\amadoria\.m2\repository\com\sun\istack\istack-commons-runtime\3.0.12\istack-commons-runtime-3.0.12.jar;C:\Users\amadoria\.m2\repository\com\sun\activation\jakarta.activation\1.2.2\jakarta.activation-1.2.2.jar;C:\Users\amadoria\Documents\Projects\HAPKIDO\WP4\dss-fork\dss-diagnostic-jaxb\target\dss-diagnostic-jaxb-5.12.RC1.jar;C:\Users\amadoria\Documents\Projects\HAPKIDO\WP4\dss-fork\dss-simple-report-jaxb\target\dss-simple-report-jaxb-5.12.RC1.jar;C:\Users\amadoria\Documents\Projects\HAPKIDO\WP4\dss-fork\dss-simple-certificate-report-jaxb\target\dss-simple-certificate-report-jaxb-5.12.RC1.jar;C:\Users\amadoria\Documents\Projects\HAPKIDO\WP4\dss-fork\dss-detailed-report-jaxb\target\dss-detailed-report-jaxb-5.12.RC1.jar;C:\Users\amadoria\Documents\Projects\HAPKIDO\WP4\dss-fork\specs-validation-report\target\specs-validation-report-5.12.RC1.jar;C:\Users\amadoria\Documents\Projects\HAPKIDO\WP4\dss-fork\specs-xmldsig\target\specs-xmldsig-5.12.RC1.jar;C:\Users\amadoria\Documents\Projects\HAPKIDO\WP4\dss-fork\specs-xades\target\specs-xades-5.12.RC1.jar;C:\Users\amadoria\Documents\Projects\HAPKIDO\WP4\dss-fork\specs-trusted-list\target\specs-trusted-list-5.12.RC1.jar;C:\Users\amadoria\Documents\Projects\HAPKIDO\WP4\dss-fork\dss-i18n\target\dss-i18n-5.12.RC1.jar;C:\Users\amadoria\.m2\repository\org\apache\santuario\xmlsec\2.3.2\xmlsec-2.3.2.jar;C:\Users\amadoria\.m2\repository\org\slf4j\slf4j-api\2.0.6\slf4j-api-2.0.6.jar;C:\Users\amadoria\.m2\repository\commons-codec\commons-codec\1.15\commons-codec-1.15.jar;C:\Users\amadoria\.m2\repository\com\fasterxml\woodstox\woodstox-core\6.5.0\woodstox-core-6.5.0.jar;C:\Users\amadoria\.m2\repository\org\codehaus\woodstox\stax2-api\4.2.1\stax2-api-4.2.1.jar;C:\Users\amadoria\.m2\repository\jakarta\xml\bind\jakarta.xml.bind-api\2.3.3\jakarta.xml.bind-api-2.3.3.jar;C:\Users\amadoria\.m2\repository\jakarta\activation\jakarta.activation-api\1.2.2\jakarta.activation-api-1.2.2.jar;C:\Users\amadoria\Documents\Projects\HAPKIDO\WP4\dss-fork\dss-test\target\dss-test-5.12.RC1-tests.jar;C:\Users\amadoria\Documents\Projects\HAPKIDO\WP4\dss-fork\dss-token\target\dss-token-5.12.RC1.jar;C:\Users\amadoria\Documents\Projects\HAPKIDO\WP4\dss-fork\dss-service\target\dss-service-5.12.RC1.jar;C:\Users\amadoria\.m2\repository\org\apache\httpcomponents\client5\httpclient5\5.2.1\httpclient5-5.2.1.jar;C:\Users\amadoria\.m2\repository\org\apache\httpcomponents\core5\httpcore5\5.2\httpcore5-5.2.jar;C:\Users\amadoria\.m2\repository\org\apache\httpcomponents\core5\httpcore5-h2\5.2\httpcore5-h2-5.2.jar;C:\Users\amadoria\.m2\repository\org\slf4j\jcl-over-slf4j\2.0.6\jcl-over-slf4j-2.0.6.jar;C:\Users\amadoria\.m2\repository\ch\qos\logback\logback-classic\1.3.5\logback-classic-1.3.5.jar;C:\Users\amadoria\.m2\repository\ch\qos\logback\logback-core\1.3.5\logback-core-1.3.5.jar;C:\Users\amadoria\.m2\repository\com\h2database\h2\2.1.214\h2-2.1.214.jar;C:\Users\amadoria\.m2\repository\org\junit\platform\junit-platform-launcher\1.9.2\junit-platform-launcher-1.9.2.jar;C:\Users\amadoria\.m2\repository\org\junit\platform\junit-platform-engine\1.9.2\junit-platform-engine-1.9.2.jar;C:\Users\amadoria\.m2\repository\org\opentest4j\opentest4j\1.2.0\opentest4j-1.2.0.jar;C:\Users\amadoria\.m2\repository\org\junit\platform\junit-platform-commons\1.9.2\junit-platform-commons-1.9.2.jar;C:\Users\amadoria\.m2\repository\org\apiguardian\apiguardian-api\1.1.2\apiguardian-api-1.1.2.jar;C:\Users\amadoria\.m2\repository\org\junit\jupiter\junit-jupiter-engine\5.9.2\junit-jupiter-engine-5.9.2.jar;C:\Users\amadoria\.m2\repository\org\junit\jupiter\junit-jupiter-api\5.9.2\junit-jupiter-api-5.9.2.jar;C:\Users\amadoria\.m2\repository\org\junit\jupiter\junit-jupiter-params\5.9.2\junit-jupiter-params-5.9.2.jar;C:\Users\amadoria\.m2\repository\org\awaitility\awaitility\4.2.0\awaitility-4.2.0.jar;C:\Users\amadoria\.m2\repository\org\hamcrest\hamcrest\2.1\hamcrest-2.1.jar;C:\Users\amadoria\.m2\repository\org\mockito\mockito-core\4.11.0\mockito-core-4.11.0.jar;C:\Users\amadoria\.m2\repository\net\bytebuddy\byte-buddy\1.12.19\byte-buddy-1.12.19.jar;C:\Users\amadoria\.m2\repository\net\bytebuddy\byte-buddy-agent\1.12.19\byte-buddy-agent-1.12.19.jar;C:\Users\amadoria\.m2\repository\org\objenesis\objenesis\3.3\objenesis-3.3.jar;C:\Users\amadoria\.m2\repository\com\fasterxml\jackson\module\jackson-module-jaxb-annotations\2.14.2\jackson-module-jaxb-annotations-2.14.2.jar;C:\Users\amadoria\.m2\repository\com\fasterxml\jackson\core\jackson-annotations\2.14.2\jackson-annotations-2.14.2.jar;C:\Users\amadoria\.m2\repository\com\fasterxml\jackson\core\jackson-core\2.14.2\jackson-core-2.14.2.jar;C:\Users\amadoria\.m2\repository\com\fasterxml\jackson\core\jackson-databind\2.14.2\jackson-databind-2.14.2.jar;C:\Users\amadoria\Documents\Projects\HAPKIDO\WP4\dss-fork\dss-utils-apache-commons\target\dss-utils-apache-commons-5.12.RC1.jar;C:\Users\amadoria\.m2\repository\org\apache\commons\commons-lang3\3.12.0\commons-lang3-3.12.0.jar;C:\Users\amadoria\.m2\repository\org\apache\commons\commons-collections4\4.4\commons-collections4-4.4.jar;C:\Users\amadoria\.m2\repository\commons-io\commons-io\2.11.0\commons-io-2.11.0.jar;C:\Users\amadoria\Documents\Projects\HAPKIDO\WP4\dss-fork\dss-crl-parser-stream\target\dss-crl-parser-stream-5.12.RC1.jar;C:\Users\amadoria\.m2\repository\org\apache\xmlgraphics\fop-core\2.8\fop-core-2.8.jar;C:\Users\amadoria\.m2\repository\org\apache\xmlgraphics\batik-anim\1.16\batik-anim-1.16.jar;C:\Users\amadoria\.m2\repository\org\apache\xmlgraphics\batik-css\1.16\batik-css-1.16.jar;C:\Users\amadoria\.m2\repository\org\apache\xmlgraphics\batik-dom\1.16\batik-dom-1.16.jar;C:\Users\amadoria\.m2\repository\xml-apis\xml-apis\1.4.01\xml-apis-1.4.01.jar;C:\Users\amadoria\.m2\repository\org\apache\xmlgraphics\batik-ext\1.16\batik-ext-1.16.jar;C:\Users\amadoria\.m2\repository\org\apache\xmlgraphics\batik-parser\1.16\batik-parser-1.16.jar;C:\Users\amadoria\.m2\repository\org\apache\xmlgraphics\batik-shared-resources\1.16\batik-shared-resources-1.16.jar;C:\Users\amadoria\.m2\repository\org\apache\xmlgraphics\batik-svg-dom\1.16\batik-svg-dom-1.16.jar;C:\Users\amadoria\.m2\repository\org\apache\xmlgraphics\batik-util\1.16\batik-util-1.16.jar;C:\Users\amadoria\.m2\repository\org\apache\xmlgraphics\batik-constants\1.16\batik-constants-1.16.jar;C:\Users\amadoria\.m2\repository\org\apache\xmlgraphics\batik-i18n\1.16\batik-i18n-1.16.jar;C:\Users\amadoria\.m2\repository\xml-apis\xml-apis-ext\1.3.04\xml-apis-ext-1.3.04.jar;C:\Users\amadoria\.m2\repository\org\apache\xmlgraphics\batik-awt-util\1.16\batik-awt-util-1.16.jar;C:\Users\amadoria\.m2\repository\org\apache\xmlgraphics\batik-bridge\1.16\batik-bridge-1.16.jar;C:\Users\amadoria\.m2\repository\org\apache\xmlgraphics\batik-script\1.16\batik-script-1.16.jar;C:\Users\amadoria\.m2\repository\org\apache\xmlgraphics\batik-xml\1.16\batik-xml-1.16.jar;C:\Users\amadoria\.m2\repository\org\apache\xmlgraphics\batik-extension\1.16\batik-extension-1.16.jar;C:\Users\amadoria\.m2\repository\org\apache\xmlgraphics\batik-gvt\1.16\batik-gvt-1.16.jar;C:\Users\amadoria\.m2\repository\org\apache\xmlgraphics\batik-transcoder\1.16\batik-transcoder-1.16.jar;C:\Users\amadoria\.m2\repository\org\apache\xmlgraphics\batik-svggen\1.16\batik-svggen-1.16.jar;C:\Users\amadoria\.m2\repository\org\apache\xmlgraphics\fop-events\2.8\fop-events-2.8.jar;C:\Users\amadoria\.m2\repository\com\thoughtworks\qdox\qdox\1.12\qdox-1.12.jar;C:\Users\amadoria\.m2\repository\org\apache\xmlgraphics\fop-util\2.8\fop-util-2.8.jar;C:\Users\amadoria\.m2\repository\org\apache\xmlgraphics\xmlgraphics-commons\2.8\xmlgraphics-commons-2.8.jar;"/>
    <property name="sun.awt.enableExtraMouseButtons" value="true"/>
    <property name="java.vm.vendor" value="Oracle Corporation"/>
    <property name="sun.arch.data.model" value="64"/>
    <property name="user.variant" value=""/>
    <property name="java.vendor.url" value="https://java.oracle.com/"/>
    <property name="user.timezone" value="Europe/Amsterdam"/>
    <property name="os.name" value="Windows 10"/>
    <property name="java.vm.specification.version" value="19"/>
    <property name="sun.java.launcher" value="SUN_STANDARD"/>
    <property name="user.country" value="US"/>
    <property name="sun.boot.library.path" value="C:\Program Files\Java\jdk-19\bin"/>
    <property name="sun.java.command" value="C:\Users\amadoria\AppData\Local\Temp\surefire286057921711362449\surefirebooter-20230428114316823_562.jar C:\Users\amadoria\AppData\Local\Temp\surefire286057921711362449 2023-04-28T11-29-53_553-jvmRun1 surefire-20230428114316823_560tmp surefire_31-20230428114316823_561tmp"/>
    <property name="jdk.debug" value="release"/>
    <property name="surefire.test.class.path" value="C:\Users\amadoria\Documents\Projects\HAPKIDO\WP4\dss-fork\dss-xades\target\test-classes;C:\Users\amadoria\Documents\Projects\HAPKIDO\WP4\dss-fork\dss-xades\target\classes;C:\Users\amadoria\Documents\Projects\HAPKIDO\WP4\dss-fork\dss-document\target\dss-document-5.12.RC1.jar;C:\Users\amadoria\Documents\Projects\HAPKIDO\WP4\dss-fork\dss-spi\target\dss-spi-5.12.RC1.jar;C:\Users\amadoria\Documents\Projects\HAPKIDO\WP4\dss-fork\dss-model\target\dss-model-5.12.RC1.jar;C:\Users\amadoria\Documents\Projects\HAPKIDO\WP4\dss-fork\dss-enumerations\target\dss-enumerations-5.12.RC1.jar;C:\Users\amadoria\Documents\Projects\HAPKIDO\WP4\dss-fork\dss-utils\target\dss-utils-5.12.RC1.jar;C:\Users\amadoria\Documents\Projects\HAPKIDO\WP4\dss-fork\dss-crl-parser\target\dss-crl-parser-5.12.RC1.jar;C:\Users\amadoria\Documents\Projects\HAPKIDO\WP4\dss-fork\dss-xades\libs\bcpkix-jdk18on-173b20.jar;C:\Users\amadoria\Documents\Projects\HAPKIDO\WP4\dss-fork\dss-xades\libs\bcprov-jdk18on-173b20.jar;C:\Users\amadoria\Documents\Projects\HAPKIDO\WP4\dss-fork\dss-xades\libs\bcutil-jdk18on-173b20.jar;C:\Users\amadoria\Documents\Projects\HAPKIDO\WP4\dss-fork\validation-policy\target\validation-policy-5.12.RC1.jar;C:\Users\amadoria\Documents\Projects\HAPKIDO\WP4\dss-fork\dss-policy-jaxb\target\dss-policy-jaxb-5.12.RC1.jar;C:\Users\amadoria\Documents\Projects\HAPKIDO\WP4\dss-fork\dss-jaxb-parsers\target\dss-jaxb-parsers-5.12.RC1.jar;C:\Users\amadoria\Documents\Projects\HAPKIDO\WP4\dss-fork\dss-jaxb-common\target\dss-jaxb-common-5.12.RC1.jar;C:\Users\amadoria\Documents\Projects\HAPKIDO\WP4\dss-fork\dss-alert\target\dss-alert-5.12.RC1.jar;C:\Users\amadoria\.m2\repository\org\glassfish\jaxb\jaxb-runtime\2.3.8\jaxb-runtime-2.3.8.jar;C:\Users\amadoria\.m2\repository\org\glassfish\jaxb\txw2\2.3.8\txw2-2.3.8.jar;C:\Users\amadoria\.m2\repository\com\sun\istack\istack-commons-runtime\3.0.12\istack-commons-runtime-3.0.12.jar;C:\Users\amadoria\.m2\repository\com\sun\activation\jakarta.activation\1.2.2\jakarta.activation-1.2.2.jar;C:\Users\amadoria\Documents\Projects\HAPKIDO\WP4\dss-fork\dss-diagnostic-jaxb\target\dss-diagnostic-jaxb-5.12.RC1.jar;C:\Users\amadoria\Documents\Projects\HAPKIDO\WP4\dss-fork\dss-simple-report-jaxb\target\dss-simple-report-jaxb-5.12.RC1.jar;C:\Users\amadoria\Documents\Projects\HAPKIDO\WP4\dss-fork\dss-simple-certificate-report-jaxb\target\dss-simple-certificate-report-jaxb-5.12.RC1.jar;C:\Users\amadoria\Documents\Projects\HAPKIDO\WP4\dss-fork\dss-detailed-report-jaxb\target\dss-detailed-report-jaxb-5.12.RC1.jar;C:\Users\amadoria\Documents\Projects\HAPKIDO\WP4\dss-fork\specs-validation-report\target\specs-validation-report-5.12.RC1.jar;C:\Users\amadoria\Documents\Projects\HAPKIDO\WP4\dss-fork\specs-xmldsig\target\specs-xmldsig-5.12.RC1.jar;C:\Users\amadoria\Documents\Projects\HAPKIDO\WP4\dss-fork\specs-xades\target\specs-xades-5.12.RC1.jar;C:\Users\amadoria\Documents\Projects\HAPKIDO\WP4\dss-fork\specs-trusted-list\target\specs-trusted-list-5.12.RC1.jar;C:\Users\amadoria\Documents\Projects\HAPKIDO\WP4\dss-fork\dss-i18n\target\dss-i18n-5.12.RC1.jar;C:\Users\amadoria\.m2\repository\org\apache\santuario\xmlsec\2.3.2\xmlsec-2.3.2.jar;C:\Users\amadoria\.m2\repository\org\slf4j\slf4j-api\2.0.6\slf4j-api-2.0.6.jar;C:\Users\amadoria\.m2\repository\commons-codec\commons-codec\1.15\commons-codec-1.15.jar;C:\Users\amadoria\.m2\repository\com\fasterxml\woodstox\woodstox-core\6.5.0\woodstox-core-6.5.0.jar;C:\Users\amadoria\.m2\repository\org\codehaus\woodstox\stax2-api\4.2.1\stax2-api-4.2.1.jar;C:\Users\amadoria\.m2\repository\jakarta\xml\bind\jakarta.xml.bind-api\2.3.3\jakarta.xml.bind-api-2.3.3.jar;C:\Users\amadoria\.m2\repository\jakarta\activation\jakarta.activation-api\1.2.2\jakarta.activation-api-1.2.2.jar;C:\Users\amadoria\Documents\Projects\HAPKIDO\WP4\dss-fork\dss-test\target\dss-test-5.12.RC1-tests.jar;C:\Users\amadoria\Documents\Projects\HAPKIDO\WP4\dss-fork\dss-token\target\dss-token-5.12.RC1.jar;C:\Users\amadoria\Documents\Projects\HAPKIDO\WP4\dss-fork\dss-service\target\dss-service-5.12.RC1.jar;C:\Users\amadoria\.m2\repository\org\apache\httpcomponents\client5\httpclient5\5.2.1\httpclient5-5.2.1.jar;C:\Users\amadoria\.m2\repository\org\apache\httpcomponents\core5\httpcore5\5.2\httpcore5-5.2.jar;C:\Users\amadoria\.m2\repository\org\apache\httpcomponents\core5\httpcore5-h2\5.2\httpcore5-h2-5.2.jar;C:\Users\amadoria\.m2\repository\org\slf4j\jcl-over-slf4j\2.0.6\jcl-over-slf4j-2.0.6.jar;C:\Users\amadoria\.m2\repository\ch\qos\logback\logback-classic\1.3.5\logback-classic-1.3.5.jar;C:\Users\amadoria\.m2\repository\ch\qos\logback\logback-core\1.3.5\logback-core-1.3.5.jar;C:\Users\amadoria\.m2\repository\com\h2database\h2\2.1.214\h2-2.1.214.jar;C:\Users\amadoria\.m2\repository\org\junit\platform\junit-platform-launcher\1.9.2\junit-platform-launcher-1.9.2.jar;C:\Users\amadoria\.m2\repository\org\junit\platform\junit-platform-engine\1.9.2\junit-platform-engine-1.9.2.jar;C:\Users\amadoria\.m2\repository\org\opentest4j\opentest4j\1.2.0\opentest4j-1.2.0.jar;C:\Users\amadoria\.m2\repository\org\junit\platform\junit-platform-commons\1.9.2\junit-platform-commons-1.9.2.jar;C:\Users\amadoria\.m2\repository\org\apiguardian\apiguardian-api\1.1.2\apiguardian-api-1.1.2.jar;C:\Users\amadoria\.m2\repository\org\junit\jupiter\junit-jupiter-engine\5.9.2\junit-jupiter-engine-5.9.2.jar;C:\Users\amadoria\.m2\repository\org\junit\jupiter\junit-jupiter-api\5.9.2\junit-jupiter-api-5.9.2.jar;C:\Users\amadoria\.m2\repository\org\junit\jupiter\junit-jupiter-params\5.9.2\junit-jupiter-params-5.9.2.jar;C:\Users\amadoria\.m2\repository\org\awaitility\awaitility\4.2.0\awaitility-4.2.0.jar;C:\Users\amadoria\.m2\repository\org\hamcrest\hamcrest\2.1\hamcrest-2.1.jar;C:\Users\amadoria\.m2\repository\org\mockito\mockito-core\4.11.0\mockito-core-4.11.0.jar;C:\Users\amadoria\.m2\repository\net\bytebuddy\byte-buddy\1.12.19\byte-buddy-1.12.19.jar;C:\Users\amadoria\.m2\repository\net\bytebuddy\byte-buddy-agent\1.12.19\byte-buddy-agent-1.12.19.jar;C:\Users\amadoria\.m2\repository\org\objenesis\objenesis\3.3\objenesis-3.3.jar;C:\Users\amadoria\.m2\repository\com\fasterxml\jackson\module\jackson-module-jaxb-annotations\2.14.2\jackson-module-jaxb-annotations-2.14.2.jar;C:\Users\amadoria\.m2\repository\com\fasterxml\jackson\core\jackson-annotations\2.14.2\jackson-annotations-2.14.2.jar;C:\Users\amadoria\.m2\repository\com\fasterxml\jackson\core\jackson-core\2.14.2\jackson-core-2.14.2.jar;C:\Users\amadoria\.m2\repository\com\fasterxml\jackson\core\jackson-databind\2.14.2\jackson-databind-2.14.2.jar;C:\Users\amadoria\Documents\Projects\HAPKIDO\WP4\dss-fork\dss-utils-apache-commons\target\dss-utils-apache-commons-5.12.RC1.jar;C:\Users\amadoria\.m2\repository\org\apache\commons\commons-lang3\3.12.0\commons-lang3-3.12.0.jar;C:\Users\amadoria\.m2\repository\org\apache\commons\commons-collections4\4.4\commons-collections4-4.4.jar;C:\Users\amadoria\.m2\repository\commons-io\commons-io\2.11.0\commons-io-2.11.0.jar;C:\Users\amadoria\Documents\Projects\HAPKIDO\WP4\dss-fork\dss-crl-parser-stream\target\dss-crl-parser-stream-5.12.RC1.jar;C:\Users\amadoria\.m2\repository\org\apache\xmlgraphics\fop-core\2.8\fop-core-2.8.jar;C:\Users\amadoria\.m2\repository\org\apache\xmlgraphics\batik-anim\1.16\batik-anim-1.16.jar;C:\Users\amadoria\.m2\repository\org\apache\xmlgraphics\batik-css\1.16\batik-css-1.16.jar;C:\Users\amadoria\.m2\repository\org\apache\xmlgraphics\batik-dom\1.16\batik-dom-1.16.jar;C:\Users\amadoria\.m2\repository\xml-apis\xml-apis\1.4.01\xml-apis-1.4.01.jar;C:\Users\amadoria\.m2\repository\org\apache\xmlgraphics\batik-ext\1.16\batik-ext-1.16.jar;C:\Users\amadoria\.m2\repository\org\apache\xmlgraphics\batik-parser\1.16\batik-parser-1.16.jar;C:\Users\amadoria\.m2\repository\org\apache\xmlgraphics\batik-shared-resources\1.16\batik-shared-resources-1.16.jar;C:\Users\amadoria\.m2\repository\org\apache\xmlgraphics\batik-svg-dom\1.16\batik-svg-dom-1.16.jar;C:\Users\amadoria\.m2\repository\org\apache\xmlgraphics\batik-util\1.16\batik-util-1.16.jar;C:\Users\amadoria\.m2\repository\org\apache\xmlgraphics\batik-constants\1.16\batik-constants-1.16.jar;C:\Users\amadoria\.m2\repository\org\apache\xmlgraphics\batik-i18n\1.16\batik-i18n-1.16.jar;C:\Users\amadoria\.m2\repository\xml-apis\xml-apis-ext\1.3.04\xml-apis-ext-1.3.04.jar;C:\Users\amadoria\.m2\repository\org\apache\xmlgraphics\batik-awt-util\1.16\batik-awt-util-1.16.jar;C:\Users\amadoria\.m2\repository\org\apache\xmlgraphics\batik-bridge\1.16\batik-bridge-1.16.jar;C:\Users\amadoria\.m2\repository\org\apache\xmlgraphics\batik-script\1.16\batik-script-1.16.jar;C:\Users\amadoria\.m2\repository\org\apache\xmlgraphics\batik-xml\1.16\batik-xml-1.16.jar;C:\Users\amadoria\.m2\repository\org\apache\xmlgraphics\batik-extension\1.16\batik-extension-1.16.jar;C:\Users\amadoria\.m2\repository\org\apache\xmlgraphics\batik-gvt\1.16\batik-gvt-1.16.jar;C:\Users\amadoria\.m2\repository\org\apache\xmlgraphics\batik-transcoder\1.16\batik-transcoder-1.16.jar;C:\Users\amadoria\.m2\repository\org\apache\xmlgraphics\batik-svggen\1.16\batik-svggen-1.16.jar;C:\Users\amadoria\.m2\repository\org\apache\xmlgraphics\fop-events\2.8\fop-events-2.8.jar;C:\Users\amadoria\.m2\repository\com\thoughtworks\qdox\qdox\1.12\qdox-1.12.jar;C:\Users\amadoria\.m2\repository\org\apache\xmlgraphics\fop-util\2.8\fop-util-2.8.jar;C:\Users\amadoria\.m2\repository\org\apache\xmlgraphics\xmlgraphics-commons\2.8\xmlgraphics-commons-2.8.jar;"/>
    <property name="sun.cpu.endian" value="little"/>
    <property name="user.home" value="C:\Users\amadoria"/>
    <property name="user.language" value="en"/>
    <property name="java.specification.vendor" value="Oracle Corporation"/>
    <property name="java.version.date" value="2023-01-17"/>
    <property name="java.home" value="C:\Program Files\Java\jdk-19"/>
    <property name="file.separator" value="\"/>
    <property name="basedir" value="C:\Users\amadoria\Documents\Projects\HAPKIDO\WP4\dss-fork\dss-xades"/>
    <property name="java.vm.compressedOopsMode" value="Zero based"/>
    <property name="line.separator" value="&#10;"/>
    <property name="java.vm.specification.vendor" value="Oracle Corporation"/>
    <property name="java.specification.name" value="Java Platform API Specification"/>
    <property name="surefire.real.class.path" value="C:\Users\amadoria\AppData\Local\Temp\surefire286057921711362449\surefirebooter-20230428114316823_562.jar"/>
    <property name="user.script" value=""/>
    <property name="sun.management.compiler" value="HotSpot 64-Bit Tiered Compilers"/>
    <property name="java.runtime.version" value="19.0.2+7-44"/>
    <property name="user.name" value="amadoria"/>
    <property name="stdout.encoding" value="Cp1252"/>
    <property name="path.separator" value=";"/>
    <property name="os.version" value="10.0"/>
    <property name="java.runtime.name" value="Java(TM) SE Runtime Environment"/>
    <property name="file.encoding" value="UTF-8"/>
    <property name="java.vm.name" value="Java HotSpot(TM) 64-Bit Server VM"/>
    <property name="localRepository" value="C:\Users\amadoria\.m2\repository"/>
    <property name="java.vendor.url.bug" value="https://bugreport.java.com/bugreport/"/>
    <property name="java.io.tmpdir" value="C:\Users\amadoria\AppData\Local\Temp\"/>
    <property name="java.version" value="19.0.2"/>
    <property name="user.dir" value="C:\Users\amadoria\Documents\Projects\HAPKIDO\WP4\dss-fork\dss-xades"/>
    <property name="os.arch" value="amd64"/>
    <property name="java.vm.specification.name" value="Java Virtual Machine Specification"/>
    <property name="sun.os.patch.level" value=""/>
    <property name="native.encoding" value="Cp1252"/>
    <property name="java.library.path" value="C:\Program Files\Java\jdk-19\bin;C:\WINDOWS\Sun\Java\bin;C:\WINDOWS\system32;C:\WINDOWS;C:\Program Files\Common Files\Oracle\Java\javapath;C:\Program Files\Eclipse Adoptium\jdk-17.0.5.8-hotspot\bin;C:\WINDOWS\system32;C:\WINDOWS;C:\WINDOWS\System32\Wbem;C:\WINDOWS\System32\WindowsPowerShell\v1.0\;C:\WINDOWS\System32\OpenSSH\;C:\Program Files\dotnet\;C:\ProgramData\chocolatey\bin;C:\Program Files\Gradle\gradle-8.0.2\bin;C:\Program Files\Maven\apache-maven-3.9.0\bin;;C:\Program Files\Docker\Docker\resources\bin;C:\Users\amadoria\AppData\Local\Programs\Python\Python38\Scripts\;C:\Users\amadoria\AppData\Local\Programs\Python\Python38\;C:\Users\amadoria\AppData\Local\Microsoft\WindowsApps;C:\Users\amadoria\AppData\Local\Programs\MiKTeX\miktex\bin\x64\;C:\Users\amadoria\AppData\Local\Programs\Microsoft VS Code\bin;C:\Users\amadoria\AppData\Roaming\Python\Scripts\;C:\Users\amadoria\AppData\Local\Programs\Git\cmd;C:\Program Files\JetBrains\IntelliJ IDEA Community Edition 2022.3.3\bin;;."/>
    <property name="java.vm.info" value="mixed mode, sharing"/>
    <property name="stderr.encoding" value="Cp1252"/>
    <property name="java.vendor" value="Oracle Corporation"/>
    <property name="java.vm.version" value="19.0.2+7-44"/>
    <property name="sun.io.unicode.encoding" value="UnicodeLittle"/>
    <property name="java.class.version" value="63.0"/>
  </properties>
  <testcase name="onlineValidationTest" classname="eu.europa.esig.dss.xades.validation.ConcurrentValidationTest" time="6.473">
    <system-out><![CDATA[2023-04-28 11:52:22,575  INFO | main | e.europa.esig.dss.validation.CommonCertificateVerifier  | + New CommonCertificateVerifier created. 
2023-04-28 11:52:22,958  INFO | main | e.e.esig.dss.token.AbstractSignatureTokenConnection     | Signature algorithm : SHA256withRSA 
2023-04-28 11:52:22,961  INFO | main | eu.europa.esig.dss.xades.signature.XAdESLevelBaselineT  | ====> Extending: IN MEMORY DOCUMENT 
2023-04-28 11:52:22,965  INFO | main | e.europa.esig.dss.validation.CommonCertificateVerifier  | + New CommonCertificateVerifier created. 
2023-04-28 11:52:22,967  INFO | main | e.e.esig.dss.xades.validation.XAdESCertificateSource    | +XAdESCertificateSource 
2023-04-28 11:52:23,102  INFO | main | eu.europa.esig.dss.service.tsp.OnlineTSPSource          | TSP Status: Operation Okay 
2023-04-28 11:52:23,102  INFO | main | eu.europa.esig.dss.service.tsp.OnlineTSPSource          | TSP SID : SN 1200, Issuer CN=ee-root-ca,O=Nowina Solutions,OU=PKI-TEST,C=LU 
2023-04-28 11:52:23,512  INFO | main | e.e.esig.dss.token.AbstractSignatureTokenConnection     | Signature algorithm : SHA256withRSA 
2023-04-28 11:52:23,516  INFO | main | eu.europa.esig.dss.xades.signature.XAdESLevelBaselineT  | ====> Extending: IN MEMORY DOCUMENT 
2023-04-28 11:52:23,523  INFO | main | e.europa.esig.dss.validation.CommonCertificateVerifier  | + New CommonCertificateVerifier created. 
2023-04-28 11:52:23,527  INFO | main | e.e.esig.dss.xades.validation.XAdESCertificateSource    | +XAdESCertificateSource 
2023-04-28 11:52:23,658  INFO | main | eu.europa.esig.dss.service.tsp.OnlineTSPSource          | TSP Status: Operation Okay 
2023-04-28 11:52:23,658  INFO | main | eu.europa.esig.dss.service.tsp.OnlineTSPSource          | TSP SID : SN 1200, Issuer CN=sha3-root-ca,O=Nowina Solutions,OU=PKI-TEST,C=LU 
2023-04-28 11:52:23,660  INFO | main | e.e.esig.dss.xades.validation.XAdESCertificateSource    | +XAdESCertificateSource 
2023-04-28 11:52:23,665  INFO | main | eu.europa.esig.dss.spi.x509.revocation.ocsp.OCSPToken   | OCSP status is good 
2023-04-28 11:52:23,666  INFO | main | e.e.e.d.spi.x509.revocation.RepositoryRevocationSource  | Revocation token for certificate with Id 'C-99FE23E5D2F3F8E43285A89B93FAB23FD0C8DE833DB90926C9CFE4BF34388203' has been loaded from the cache 
2023-04-28 11:52:23,667  WARN | main | eu.europa.esig.dss.alert.handler.LogHandler             | Fresh revocation data is missing for one or more certificate(s). NextUpdate time : 2023-04-28T09:52:24Z [C-99FE23E5D2F3F8E43285A89B93FAB23FD0C8DE833DB90926C9CFE4BF34388203: No revocation data found after the best signature time [2023-04-28T09:52:23Z]!] 
2023-04-28 11:52:23,672  INFO | main | e.europa.esig.dss.validation.CommonCertificateVerifier  | + New CommonCertificateVerifier created. 
2023-04-28 11:52:23,678  INFO | main | e.europa.esig.dss.validation.CommonCertificateVerifier  | + New CommonCertificateVerifier created. 
2023-04-28 11:52:23,693  INFO | pool-2-thread-3 | eu.europa.esig.dss.validation.SignedDocumentValidator   | Document validation... 
2023-04-28 11:52:23,693  INFO | pool-2-thread-9 | eu.europa.esig.dss.validation.SignedDocumentValidator   | Document validation... 
2023-04-28 11:52:23,693  INFO | pool-2-thread-1 | eu.europa.esig.dss.validation.SignedDocumentValidator   | Document validation... 
2023-04-28 11:52:23,693  INFO | pool-2-thread-7 | eu.europa.esig.dss.validation.SignedDocumentValidator   | Document validation... 
2023-04-28 11:52:23,694  INFO | pool-2-thread-6 | eu.europa.esig.dss.validation.SignedDocumentValidator   | Document validation... 
2023-04-28 11:52:23,695  INFO | pool-2-thread-5 | eu.europa.esig.dss.validation.SignedDocumentValidator   | Document validation... 
2023-04-28 11:52:23,696  INFO | pool-2-thread-4 | eu.europa.esig.dss.validation.SignedDocumentValidator   | Document validation... 
2023-04-28 11:52:23,698  INFO | pool-2-thread-8 | eu.europa.esig.dss.validation.SignedDocumentValidator   | Document validation... 
2023-04-28 11:52:23,699  INFO | pool-2-thread-2 | eu.europa.esig.dss.validation.SignedDocumentValidator   | Document validation... 
2023-04-28 11:52:23,699  INFO | pool-2-thread-9 | e.europa.esig.dss.validation.CommonCertificateVerifier  | + New CommonCertificateVerifier created. 
2023-04-28 11:52:23,700  INFO | pool-2-thread-3 | e.europa.esig.dss.validation.CommonCertificateVerifier  | + New CommonCertificateVerifier created. 
2023-04-28 11:52:23,701  INFO | pool-2-thread-7 | e.europa.esig.dss.validation.CommonCertificateVerifier  | + New CommonCertificateVerifier created. 
2023-04-28 11:52:23,701  INFO | pool-2-thread-4 | e.europa.esig.dss.validation.CommonCertificateVerifier  | + New CommonCertificateVerifier created. 
2023-04-28 11:52:23,702  INFO | pool-2-thread-6 | e.europa.esig.dss.validation.CommonCertificateVerifier  | + New CommonCertificateVerifier created. 
2023-04-28 11:52:23,702  INFO | pool-2-thread-8 | e.europa.esig.dss.validation.CommonCertificateVerifier  | + New CommonCertificateVerifier created. 
2023-04-28 11:52:23,705  INFO | pool-2-thread-9 | e.e.esig.dss.xades.validation.XAdESCertificateSource    | +XAdESCertificateSource 
2023-04-28 11:52:23,705  INFO | pool-2-thread-2 | e.europa.esig.dss.validation.CommonCertificateVerifier  | + New CommonCertificateVerifier created. 
2023-04-28 11:52:23,705  INFO | pool-2-thread-3 | e.e.esig.dss.xades.validation.XAdESCertificateSource    | +XAdESCertificateSource 
2023-04-28 11:52:23,705  INFO | pool-2-thread-1 | e.europa.esig.dss.validation.CommonCertificateVerifier  | + New CommonCertificateVerifier created. 
2023-04-28 11:52:23,706  INFO | pool-2-thread-11 | eu.europa.esig.dss.validation.SignedDocumentValidator   | Document validation... 
2023-04-28 11:52:23,710  INFO | pool-2-thread-5 | e.europa.esig.dss.validation.CommonCertificateVerifier  | + New CommonCertificateVerifier created. 
2023-04-28 11:52:23,723  INFO | pool-2-thread-7 | e.e.esig.dss.xades.validation.XAdESCertificateSource    | +XAdESCertificateSource 
2023-04-28 11:52:23,724  INFO | pool-2-thread-8 | e.e.esig.dss.xades.validation.XAdESCertificateSource    | +XAdESCertificateSource 
2023-04-28 11:52:23,728  INFO | pool-2-thread-11 | e.europa.esig.dss.validation.CommonCertificateVerifier  | + New CommonCertificateVerifier created. 
2023-04-28 11:52:23,729  INFO | pool-2-thread-5 | e.e.esig.dss.xades.validation.XAdESCertificateSource    | +XAdESCertificateSource 
2023-04-28 11:52:23,729  INFO | pool-2-thread-1 | e.e.esig.dss.xades.validation.XAdESCertificateSource    | +XAdESCertificateSource 
2023-04-28 11:52:23,734  INFO | pool-2-thread-3 | e.europa.esig.dss.validation.CommonCertificateVerifier  | + New CommonCertificateVerifier created. 
2023-04-28 11:52:23,736  INFO | pool-2-thread-2 | e.e.esig.dss.xades.validation.XAdESCertificateSource    | +XAdESCertificateSource 
2023-04-28 11:52:23,737  INFO | pool-2-thread-11 | e.e.esig.dss.xades.validation.XAdESCertificateSource    | +XAdESCertificateSource 
2023-04-28 11:52:23,738  INFO | pool-2-thread-6 | e.e.esig.dss.xades.validation.XAdESCertificateSource    | +XAdESCertificateSource 
2023-04-28 11:52:23,739  WARN | pool-2-thread-3 | eu.europa.esig.dss.service.ocsp.OnlineOCSPSource        | No OCSP location found for C-FCBFEBCB6B78113DFD4C6CCFCBC2B1482992DF4C48E9DE1B3B7F16F33332BFCB 
2023-04-28 11:52:23,740  INFO | pool-2-thread-3 | e.e.e.d.spi.x509.revocation.RepositoryRevocationSource  | Revocation token for certificate with Id 'C-FCBFEBCB6B78113DFD4C6CCFCBC2B1482992DF4C48E9DE1B3B7F16F33332BFCB' has been loaded from the cache 
2023-04-28 11:52:23,741  INFO | pool-2-thread-10 | eu.europa.esig.dss.validation.SignedDocumentValidator   | Document validation... 
2023-04-28 11:52:23,742  INFO | pool-2-thread-3 | eu.europa.esig.dss.spi.x509.revocation.ocsp.OCSPToken   | OCSP status is good 
2023-04-28 11:52:23,743  INFO | pool-2-thread-3 | e.e.e.d.spi.x509.revocation.RepositoryRevocationSource  | Revocation token for certificate with Id 'C-96DB5CFA7ABACEB5C97C131CBBFB341DDD8E64FE68B587558AA8F082AB2670F2' has been loaded from the cache 
2023-04-28 11:52:23,743  INFO | pool-2-thread-8 | e.europa.esig.dss.validation.CommonCertificateVerifier  | + New CommonCertificateVerifier created. 
2023-04-28 11:52:23,743  INFO | pool-2-thread-1 | e.europa.esig.dss.validation.CommonCertificateVerifier  | + New CommonCertificateVerifier created. 
2023-04-28 11:52:23,744  INFO | pool-2-thread-3 | eu.europa.esig.dss.validation.SignedDocumentValidator   | Default SignaturePolicyProvider instantiated with NativeHTTPDataLoader. 
2023-04-28 11:52:23,745  INFO | pool-2-thread-7 | e.europa.esig.dss.validation.CommonCertificateVerifier  | + New CommonCertificateVerifier created. 
2023-04-28 11:52:23,745  INFO | pool-2-thread-11 | e.europa.esig.dss.validation.CommonCertificateVerifier  | + New CommonCertificateVerifier created. 
2023-04-28 11:52:23,746  INFO | pool-2-thread-10 | e.europa.esig.dss.validation.CommonCertificateVerifier  | + New CommonCertificateVerifier created. 
2023-04-28 11:52:23,747  INFO | pool-2-thread-6 | e.europa.esig.dss.validation.CommonCertificateVerifier  | + New CommonCertificateVerifier created. 
2023-04-28 11:52:23,747  INFO | pool-2-thread-21 | eu.europa.esig.dss.validation.SignedDocumentValidator   | Document validation... 
2023-04-28 11:52:23,751  INFO | pool-2-thread-4 | e.e.esig.dss.xades.validation.XAdESCertificateSource    | +XAdESCertificateSource 
2023-04-28 11:52:23,751  WARN | pool-2-thread-1 | eu.europa.esig.dss.service.ocsp.OnlineOCSPSource        | No OCSP location found for C-FCBFEBCB6B78113DFD4C6CCFCBC2B1482992DF4C48E9DE1B3B7F16F33332BFCB 
2023-04-28 11:52:23,751  INFO | pool-2-thread-8 | eu.europa.esig.dss.spi.x509.revocation.ocsp.OCSPToken   | OCSP status is good 
2023-04-28 11:52:23,753  INFO | pool-2-thread-1 | e.e.e.d.spi.x509.revocation.RepositoryRevocationSource  | Revocation token for certificate with Id 'C-FCBFEBCB6B78113DFD4C6CCFCBC2B1482992DF4C48E9DE1B3B7F16F33332BFCB' has been loaded from the cache 
2023-04-28 11:52:23,754  INFO | pool-2-thread-8 | eu.europa.esig.dss.validation.SignedDocumentValidator   | Default SignaturePolicyProvider instantiated with NativeHTTPDataLoader. 
2023-04-28 11:52:23,754  INFO | pool-2-thread-1 | eu.europa.esig.dss.spi.x509.revocation.ocsp.OCSPToken   | OCSP status is good 
2023-04-28 11:52:23,754  WARN | pool-2-thread-11 | eu.europa.esig.dss.service.ocsp.OnlineOCSPSource        | No OCSP location found for C-FCBFEBCB6B78113DFD4C6CCFCBC2B1482992DF4C48E9DE1B3B7F16F33332BFCB 
2023-04-28 11:52:23,755  INFO | pool-2-thread-1 | e.e.e.d.spi.x509.revocation.RepositoryRevocationSource  | Revocation token for certificate with Id 'C-96DB5CFA7ABACEB5C97C131CBBFB341DDD8E64FE68B587558AA8F082AB2670F2' has been loaded from the cache 
2023-04-28 11:52:23,755  INFO | pool-2-thread-9 | e.europa.esig.dss.validation.CommonCertificateVerifier  | + New CommonCertificateVerifier created. 
2023-04-28 11:52:23,762  WARN | pool-2-thread-7 | eu.europa.esig.dss.service.ocsp.OnlineOCSPSource        | No OCSP location found for C-FCBFEBCB6B78113DFD4C6CCFCBC2B1482992DF4C48E9DE1B3B7F16F33332BFCB 
2023-04-28 11:52:23,763  INFO | pool-2-thread-1 | eu.europa.esig.dss.validation.SignedDocumentValidator   | Default SignaturePolicyProvider instantiated with NativeHTTPDataLoader. 
2023-04-28 11:52:23,763  INFO | pool-2-thread-7 | e.e.e.d.spi.x509.revocation.RepositoryRevocationSource  | Revocation token for certificate with Id 'C-FCBFEBCB6B78113DFD4C6CCFCBC2B1482992DF4C48E9DE1B3B7F16F33332BFCB' has been loaded from the cache 
2023-04-28 11:52:23,764  INFO | pool-2-thread-5 | e.europa.esig.dss.validation.CommonCertificateVerifier  | + New CommonCertificateVerifier created. 
2023-04-28 11:52:23,764  INFO | pool-2-thread-21 | e.europa.esig.dss.validation.CommonCertificateVerifier  | + New CommonCertificateVerifier created. 
2023-04-28 11:52:23,765  INFO | pool-2-thread-23 | eu.europa.esig.dss.validation.SignedDocumentValidator   | Document validation... 
2023-04-28 11:52:23,765  INFO | pool-2-thread-7 | eu.europa.esig.dss.spi.x509.revocation.ocsp.OCSPToken   | OCSP status is good 
2023-04-28 11:52:23,766  INFO | pool-2-thread-7 | e.e.e.d.spi.x509.revocation.RepositoryRevocationSource  | Revocation token for certificate with Id 'C-96DB5CFA7ABACEB5C97C131CBBFB341DDD8E64FE68B587558AA8F082AB2670F2' has been loaded from the cache 
2023-04-28 11:52:23,768  INFO | pool-2-thread-7 | eu.europa.esig.dss.validation.SignedDocumentValidator   | Default SignaturePolicyProvider instantiated with NativeHTTPDataLoader. 
2023-04-28 11:52:23,770  INFO | pool-2-thread-4 | e.europa.esig.dss.validation.CommonCertificateVerifier  | + New CommonCertificateVerifier created. 
2023-04-28 11:52:23,770  INFO | pool-2-thread-21 | e.e.esig.dss.xades.validation.XAdESCertificateSource    | +XAdESCertificateSource 
2023-04-28 11:52:23,772  INFO | pool-2-thread-23 | e.europa.esig.dss.validation.CommonCertificateVerifier  | + New CommonCertificateVerifier created. 
2023-04-28 11:52:23,772  WARN | pool-2-thread-9 | eu.europa.esig.dss.service.ocsp.OnlineOCSPSource        | No OCSP location found for C-FCBFEBCB6B78113DFD4C6CCFCBC2B1482992DF4C48E9DE1B3B7F16F33332BFCB 
2023-04-28 11:52:23,774  INFO | pool-2-thread-9 | e.e.e.d.spi.x509.revocation.RepositoryRevocationSource  | Revocation token for certificate with Id 'C-FCBFEBCB6B78113DFD4C6CCFCBC2B1482992DF4C48E9DE1B3B7F16F33332BFCB' has been loaded from the cache 
2023-04-28 11:52:23,776  WARN | pool-2-thread-5 | eu.europa.esig.dss.service.ocsp.OnlineOCSPSource        | No OCSP location found for C-FCBFEBCB6B78113DFD4C6CCFCBC2B1482992DF4C48E9DE1B3B7F16F33332BFCB 
2023-04-28 11:52:23,772  INFO | pool-2-thread-10 | e.e.esig.dss.xades.validation.XAdESCertificateSource    | +XAdESCertificateSource 
2023-04-28 11:52:23,777  INFO | pool-2-thread-13 | eu.europa.esig.dss.validation.SignedDocumentValidator   | Document validation... 
2023-04-28 11:52:23,777  INFO | pool-2-thread-9 | eu.europa.esig.dss.spi.x509.revocation.ocsp.OCSPToken   | OCSP status is good 
2023-04-28 11:52:23,777  INFO | pool-2-thread-5 | e.e.e.d.spi.x509.revocation.RepositoryRevocationSource  | Revocation token for certificate with Id 'C-FCBFEBCB6B78113DFD4C6CCFCBC2B1482992DF4C48E9DE1B3B7F16F33332BFCB' has been loaded from the cache 
2023-04-28 11:52:23,778  INFO | pool-2-thread-9 | e.e.e.d.spi.x509.revocation.RepositoryRevocationSource  | Revocation token for certificate with Id 'C-96DB5CFA7ABACEB5C97C131CBBFB341DDD8E64FE68B587558AA8F082AB2670F2' has been loaded from the cache 
2023-04-28 11:52:23,779  INFO | pool-2-thread-4 | eu.europa.esig.dss.spi.x509.revocation.ocsp.OCSPToken   | OCSP status is good 
2023-04-28 11:52:23,779  INFO | pool-2-thread-5 | eu.europa.esig.dss.spi.x509.revocation.ocsp.OCSPToken   | OCSP status is good 
2023-04-28 11:52:23,780  INFO | pool-2-thread-5 | e.e.e.d.spi.x509.revocation.RepositoryRevocationSource  | Revocation token for certificate with Id 'C-96DB5CFA7ABACEB5C97C131CBBFB341DDD8E64FE68B587558AA8F082AB2670F2' has been loaded from the cache 
2023-04-28 11:52:23,780  INFO | pool-2-thread-9 | eu.europa.esig.dss.validation.SignedDocumentValidator   | Default SignaturePolicyProvider instantiated with NativeHTTPDataLoader. 
2023-04-28 11:52:23,781  INFO | pool-2-thread-5 | eu.europa.esig.dss.validation.SignedDocumentValidator   | Default SignaturePolicyProvider instantiated with NativeHTTPDataLoader. 
2023-04-28 11:52:23,781  INFO | pool-2-thread-4 | eu.europa.esig.dss.validation.SignedDocumentValidator   | Default SignaturePolicyProvider instantiated with NativeHTTPDataLoader. 
2023-04-28 11:52:23,786  INFO | pool-2-thread-23 | e.e.esig.dss.xades.validation.XAdESCertificateSource    | +XAdESCertificateSource 
2023-04-28 11:52:23,787  INFO | pool-2-thread-11 | e.e.e.d.spi.x509.revocation.RepositoryRevocationSource  | Revocation token for certificate with Id 'C-FCBFEBCB6B78113DFD4C6CCFCBC2B1482992DF4C48E9DE1B3B7F16F33332BFCB' has been loaded from the cache 
2023-04-28 11:52:23,788  INFO | pool-2-thread-11 | eu.europa.esig.dss.spi.x509.revocation.ocsp.OCSPToken   | OCSP status is good 
2023-04-28 11:52:23,788  INFO | pool-2-thread-2 | e.europa.esig.dss.validation.CommonCertificateVerifier  | + New CommonCertificateVerifier created. 
2023-04-28 11:52:23,788  INFO | pool-2-thread-6 | eu.europa.esig.dss.spi.x509.revocation.ocsp.OCSPToken   | OCSP status is good 
2023-04-28 11:52:23,789  INFO | pool-2-thread-11 | e.e.e.d.spi.x509.revocation.RepositoryRevocationSource  | Revocation token for certificate with Id 'C-96DB5CFA7ABACEB5C97C131CBBFB341DDD8E64FE68B587558AA8F082AB2670F2' has been loaded from the cache 
2023-04-28 11:52:23,794  INFO | pool-2-thread-11 | eu.europa.esig.dss.validation.SignedDocumentValidator   | Default SignaturePolicyProvider instantiated with NativeHTTPDataLoader. 
2023-04-28 11:52:23,797  INFO | pool-2-thread-6 | eu.europa.esig.dss.validation.SignedDocumentValidator   | Default SignaturePolicyProvider instantiated with NativeHTTPDataLoader. 
2023-04-28 11:52:23,801  INFO | pool-2-thread-13 | e.europa.esig.dss.validation.CommonCertificateVerifier  | + New CommonCertificateVerifier created. 
2023-04-28 11:52:23,804  INFO | pool-2-thread-39 | eu.europa.esig.dss.validation.SignedDocumentValidator   | Document validation... 
2023-04-28 11:52:23,812  INFO | pool-2-thread-13 | e.e.esig.dss.xades.validation.XAdESCertificateSource    | +XAdESCertificateSource 
2023-04-28 11:52:23,814  INFO | pool-2-thread-39 | e.europa.esig.dss.validation.CommonCertificateVerifier  | + New CommonCertificateVerifier created. 
2023-04-28 11:52:23,825  INFO | pool-2-thread-37 | eu.europa.esig.dss.validation.SignedDocumentValidator   | Document validation... 
2023-04-28 11:52:23,832  INFO | pool-2-thread-32 | eu.europa.esig.dss.validation.SignedDocumentValidator   | Document validation... 
2023-04-28 11:52:23,832  INFO | pool-2-thread-16 | eu.europa.esig.dss.validation.SignedDocumentValidator   | Document validation... 
2023-04-28 11:52:23,833  INFO | pool-2-thread-24 | eu.europa.esig.dss.validation.SignedDocumentValidator   | Document validation... 
2023-04-28 11:52:23,834  INFO | pool-2-thread-37 | e.europa.esig.dss.validation.CommonCertificateVerifier  | + New CommonCertificateVerifier created. 
2023-04-28 11:52:23,836  INFO | pool-2-thread-25 | eu.europa.esig.dss.validation.SignedDocumentValidator   | Document validation... 
2023-04-28 11:52:23,840  INFO | pool-2-thread-15 | eu.europa.esig.dss.validation.SignedDocumentValidator   | Document validation... 
2023-04-28 11:52:23,840  INFO | pool-2-thread-2 | eu.europa.esig.dss.spi.x509.revocation.ocsp.OCSPToken   | OCSP status is good 
2023-04-28 11:52:23,841  INFO | pool-2-thread-12 | eu.europa.esig.dss.validation.SignedDocumentValidator   | Document validation... 
2023-04-28 11:52:23,841  INFO | pool-2-thread-19 | eu.europa.esig.dss.validation.SignedDocumentValidator   | Document validation... 
2023-04-28 11:52:23,842  INFO | pool-2-thread-2 | eu.europa.esig.dss.validation.SignedDocumentValidator   | Default SignaturePolicyProvider instantiated with NativeHTTPDataLoader. 
2023-04-28 11:52:23,842  INFO | pool-2-thread-18 | eu.europa.esig.dss.validation.SignedDocumentValidator   | Document validation... 
2023-04-28 11:52:23,845  INFO | pool-2-thread-30 | eu.europa.esig.dss.validation.SignedDocumentValidator   | Document validation... 
2023-04-28 11:52:23,845  INFO | pool-2-thread-35 | eu.europa.esig.dss.validation.SignedDocumentValidator   | Document validation... 
2023-04-28 11:52:23,846  INFO | pool-2-thread-40 | eu.europa.esig.dss.validation.SignedDocumentValidator   | Document validation... 
2023-04-28 11:52:23,851  INFO | pool-2-thread-38 | eu.europa.esig.dss.validation.SignedDocumentValidator   | Document validation... 
2023-04-28 11:52:23,851  INFO | pool-2-thread-3 | eu.europa.esig.dss.validation.SignedDocumentValidator   | Document validation... 
2023-04-28 11:52:23,855  INFO | pool-2-thread-26 | eu.europa.esig.dss.validation.SignedDocumentValidator   | Document validation... 
2023-04-28 11:52:23,855  INFO | pool-2-thread-36 | eu.europa.esig.dss.validation.SignedDocumentValidator   | Document validation... 
2023-04-28 11:52:23,857  INFO | pool-2-thread-37 | e.e.esig.dss.xades.validation.XAdESCertificateSource    | +XAdESCertificateSource 
2023-04-28 11:52:23,860  INFO | pool-2-thread-20 | eu.europa.esig.dss.validation.SignedDocumentValidator   | Document validation... 
2023-04-28 11:52:23,861  INFO | pool-2-thread-27 | eu.europa.esig.dss.validation.SignedDocumentValidator   | Document validation... 
2023-04-28 11:52:23,870  INFO | pool-2-thread-39 | e.e.esig.dss.xades.validation.XAdESCertificateSource    | +XAdESCertificateSource 
2023-04-28 11:52:23,870  INFO | pool-2-thread-22 | eu.europa.esig.dss.validation.SignedDocumentValidator   | Document validation... 
2023-04-28 11:52:23,873  INFO | pool-2-thread-21 | e.europa.esig.dss.validation.CommonCertificateVerifier  | + New CommonCertificateVerifier created. 
2023-04-28 11:52:23,877  INFO | pool-2-thread-10 | e.europa.esig.dss.validation.CommonCertificateVerifier  | + New CommonCertificateVerifier created. 
2023-04-28 11:52:23,877  WARN | pool-2-thread-21 | eu.europa.esig.dss.service.ocsp.OnlineOCSPSource        | No OCSP location found for C-FCBFEBCB6B78113DFD4C6CCFCBC2B1482992DF4C48E9DE1B3B7F16F33332BFCB 
2023-04-28 11:52:23,877  INFO | pool-2-thread-14 | eu.europa.esig.dss.validation.SignedDocumentValidator   | Document validation... 
2023-04-28 11:52:23,878  INFO | pool-2-thread-40 | e.europa.esig.dss.validation.CommonCertificateVerifier  | + New CommonCertificateVerifier created. 
2023-04-28 11:52:23,880  INFO | pool-2-thread-22 | e.europa.esig.dss.validation.CommonCertificateVerifier  | + New CommonCertificateVerifier created. 
2023-04-28 11:52:23,880  INFO | pool-2-thread-21 | e.e.e.d.spi.x509.revocation.RepositoryRevocationSource  | Revocation token for certificate with Id 'C-FCBFEBCB6B78113DFD4C6CCFCBC2B1482992DF4C48E9DE1B3B7F16F33332BFCB' has been loaded from the cache 
2023-04-28 11:52:23,883  INFO | pool-2-thread-17 | eu.europa.esig.dss.validation.SignedDocumentValidator   | Document validation... 
2023-04-28 11:52:23,884  INFO | pool-2-thread-21 | eu.europa.esig.dss.spi.x509.revocation.ocsp.OCSPToken   | OCSP status is good 
2023-04-28 11:52:23,884  INFO | pool-2-thread-21 | e.e.e.d.spi.x509.revocation.RepositoryRevocationSource  | Revocation token for certificate with Id 'C-96DB5CFA7ABACEB5C97C131CBBFB341DDD8E64FE68B587558AA8F082AB2670F2' has been loaded from the cache 
2023-04-28 11:52:23,886  INFO | pool-2-thread-21 | eu.europa.esig.dss.validation.SignedDocumentValidator   | Default SignaturePolicyProvider instantiated with NativeHTTPDataLoader. 
2023-04-28 11:52:23,888  INFO | pool-2-thread-28 | eu.europa.esig.dss.validation.SignedDocumentValidator   | Document validation... 
2023-04-28 11:52:23,888  INFO | pool-2-thread-15 | e.europa.esig.dss.validation.CommonCertificateVerifier  | + New CommonCertificateVerifier created. 
2023-04-28 11:52:23,888  INFO | pool-2-thread-13 | e.europa.esig.dss.validation.CommonCertificateVerifier  | + New CommonCertificateVerifier created. 
2023-04-28 11:52:23,892  INFO | pool-2-thread-19 | e.europa.esig.dss.validation.CommonCertificateVerifier  | + New CommonCertificateVerifier created. 
2023-04-28 11:52:23,892  INFO | pool-2-thread-12 | e.europa.esig.dss.validation.CommonCertificateVerifier  | + New CommonCertificateVerifier created. 
2023-04-28 11:52:23,894  INFO | pool-2-thread-27 | e.europa.esig.dss.validation.CommonCertificateVerifier  | + New CommonCertificateVerifier created. 
2023-04-28 11:52:23,895  WARN | pool-2-thread-13 | eu.europa.esig.dss.service.ocsp.OnlineOCSPSource        | No OCSP location found for C-FCBFEBCB6B78113DFD4C6CCFCBC2B1482992DF4C48E9DE1B3B7F16F33332BFCB 
2023-04-28 11:52:23,895  INFO | pool-2-thread-10 | eu.europa.esig.dss.spi.x509.revocation.ocsp.OCSPToken   | OCSP status is good 
2023-04-28 11:52:23,896  INFO | pool-2-thread-35 | e.europa.esig.dss.validation.CommonCertificateVerifier  | + New CommonCertificateVerifier created. 
2023-04-28 11:52:23,896  INFO | pool-2-thread-13 | e.e.e.d.spi.x509.revocation.RepositoryRevocationSource  | Revocation token for certificate with Id 'C-FCBFEBCB6B78113DFD4C6CCFCBC2B1482992DF4C48E9DE1B3B7F16F33332BFCB' has been loaded from the cache 
2023-04-28 11:52:23,897  INFO | pool-2-thread-3 | e.europa.esig.dss.validation.CommonCertificateVerifier  | + New CommonCertificateVerifier created. 
2023-04-28 11:52:23,899  INFO | pool-2-thread-13 | eu.europa.esig.dss.spi.x509.revocation.ocsp.OCSPToken   | OCSP status is good 
2023-04-28 11:52:23,899  INFO | pool-2-thread-10 | eu.europa.esig.dss.validation.SignedDocumentValidator   | Default SignaturePolicyProvider instantiated with NativeHTTPDataLoader. 
2023-04-28 11:52:23,900  INFO | pool-2-thread-13 | e.e.e.d.spi.x509.revocation.RepositoryRevocationSource  | Revocation token for certificate with Id 'C-96DB5CFA7ABACEB5C97C131CBBFB341DDD8E64FE68B587558AA8F082AB2670F2' has been loaded from the cache 
2023-04-28 11:52:23,901  INFO | pool-2-thread-40 | e.e.esig.dss.xades.validation.XAdESCertificateSource    | +XAdESCertificateSource 
2023-04-28 11:52:23,902  INFO | pool-2-thread-13 | eu.europa.esig.dss.validation.SignedDocumentValidator   | Default SignaturePolicyProvider instantiated with NativeHTTPDataLoader. 
2023-04-28 11:52:23,904  INFO | pool-2-thread-22 | e.e.esig.dss.xades.validation.XAdESCertificateSource    | +XAdESCertificateSource 
2023-04-28 11:52:23,908  INFO | pool-2-thread-15 | e.e.esig.dss.xades.validation.XAdESCertificateSource    | +XAdESCertificateSource 
2023-04-28 11:52:23,909  INFO | pool-2-thread-25 | e.europa.esig.dss.validation.CommonCertificateVerifier  | + New CommonCertificateVerifier created. 
2023-04-28 11:52:23,916  INFO | pool-2-thread-35 | e.e.esig.dss.xades.validation.XAdESCertificateSource    | +XAdESCertificateSource 
2023-04-28 11:52:23,918  INFO | pool-2-thread-19 | e.e.esig.dss.xades.validation.XAdESCertificateSource    | +XAdESCertificateSource 
2023-04-28 11:52:23,920  INFO | pool-2-thread-27 | e.e.esig.dss.xades.validation.XAdESCertificateSource    | +XAdESCertificateSource 
2023-04-28 11:52:23,924  INFO | pool-2-thread-39 | e.europa.esig.dss.validation.CommonCertificateVerifier  | + New CommonCertificateVerifier created. 
2023-04-28 11:52:23,925  INFO | pool-2-thread-25 | e.e.esig.dss.xades.validation.XAdESCertificateSource    | +XAdESCertificateSource 
2023-04-28 11:52:23,927  INFO | pool-2-thread-7 | eu.europa.esig.dss.validation.SignedDocumentValidator   | Document validation... 
2023-04-28 11:52:23,927  INFO | pool-2-thread-3 | e.e.esig.dss.xades.validation.XAdESCertificateSource    | +XAdESCertificateSource 
2023-04-28 11:52:23,930  WARN | pool-2-thread-39 | eu.europa.esig.dss.service.ocsp.OnlineOCSPSource        | No OCSP location found for C-FCBFEBCB6B78113DFD4C6CCFCBC2B1482992DF4C48E9DE1B3B7F16F33332BFCB 
2023-04-28 11:52:23,930  INFO | pool-2-thread-12 | e.e.esig.dss.xades.validation.XAdESCertificateSource    | +XAdESCertificateSource 
2023-04-28 11:52:23,930  INFO | pool-2-thread-36 | e.europa.esig.dss.validation.CommonCertificateVerifier  | + New CommonCertificateVerifier created. 
2023-04-28 11:52:23,931  INFO | pool-2-thread-39 | e.e.e.d.spi.x509.revocation.RepositoryRevocationSource  | Revocation token for certificate with Id 'C-FCBFEBCB6B78113DFD4C6CCFCBC2B1482992DF4C48E9DE1B3B7F16F33332BFCB' has been loaded from the cache 
2023-04-28 11:52:23,931  INFO | pool-2-thread-20 | e.europa.esig.dss.validation.CommonCertificateVerifier  | + New CommonCertificateVerifier created. 
2023-04-28 11:52:23,931  INFO | pool-2-thread-32 | e.europa.esig.dss.validation.CommonCertificateVerifier  | + New CommonCertificateVerifier created. 
2023-04-28 11:52:23,934  INFO | pool-2-thread-39 | eu.europa.esig.dss.spi.x509.revocation.ocsp.OCSPToken   | OCSP status is good 
2023-04-28 11:52:23,935  INFO | pool-2-thread-39 | e.e.e.d.spi.x509.revocation.RepositoryRevocationSource  | Revocation token for certificate with Id 'C-96DB5CFA7ABACEB5C97C131CBBFB341DDD8E64FE68B587558AA8F082AB2670F2' has been loaded from the cache 
2023-04-28 11:52:23,935  INFO | pool-2-thread-23 | e.europa.esig.dss.validation.CommonCertificateVerifier  | + New CommonCertificateVerifier created. 
2023-04-28 11:52:23,935  INFO | pool-2-thread-18 | e.europa.esig.dss.validation.CommonCertificateVerifier  | + New CommonCertificateVerifier created. 
2023-04-28 11:52:23,937  INFO | pool-2-thread-39 | eu.europa.esig.dss.validation.SignedDocumentValidator   | Default SignaturePolicyProvider instantiated with NativeHTTPDataLoader. 
2023-04-28 11:52:23,951  INFO | pool-2-thread-16 | e.europa.esig.dss.validation.CommonCertificateVerifier  | + New CommonCertificateVerifier created. 
2023-04-28 11:52:23,957  INFO | pool-2-thread-32 | e.e.esig.dss.xades.validation.XAdESCertificateSource    | +XAdESCertificateSource 
2023-04-28 11:52:23,957  INFO | pool-2-thread-36 | e.e.esig.dss.xades.validation.XAdESCertificateSource    | +XAdESCertificateSource 
2023-04-28 11:52:23,958  INFO | pool-2-thread-20 | e.e.esig.dss.xades.validation.XAdESCertificateSource    | +XAdESCertificateSource 
2023-04-28 11:52:23,962  WARN | pool-2-thread-23 | eu.europa.esig.dss.service.ocsp.OnlineOCSPSource        | No OCSP location found for C-FCBFEBCB6B78113DFD4C6CCFCBC2B1482992DF4C48E9DE1B3B7F16F33332BFCB 
2023-04-28 11:52:23,962  INFO | pool-2-thread-8 | eu.europa.esig.dss.validation.SignedDocumentValidator   | Document validation... 
2023-04-28 11:52:23,962  INFO | pool-2-thread-24 | e.europa.esig.dss.validation.CommonCertificateVerifier  | + New CommonCertificateVerifier created. 
2023-04-28 11:52:23,962  INFO | pool-2-thread-12 | e.europa.esig.dss.validation.CommonCertificateVerifier  | + New CommonCertificateVerifier created. 
2023-04-28 11:52:23,962  INFO | pool-2-thread-28 | e.europa.esig.dss.validation.CommonCertificateVerifier  | + New CommonCertificateVerifier created. 
2023-04-28 11:52:23,963  INFO | pool-2-thread-23 | e.e.e.d.spi.x509.revocation.RepositoryRevocationSource  | Revocation token for certificate with Id 'C-FCBFEBCB6B78113DFD4C6CCFCBC2B1482992DF4C48E9DE1B3B7F16F33332BFCB' has been loaded from the cache 
2023-04-28 11:52:23,964  INFO | pool-2-thread-18 | e.e.esig.dss.xades.validation.XAdESCertificateSource    | +XAdESCertificateSource 
2023-04-28 11:52:23,966  INFO | pool-2-thread-23 | eu.europa.esig.dss.spi.x509.revocation.ocsp.OCSPToken   | OCSP status is good 
2023-04-28 11:52:23,967  INFO | pool-2-thread-23 | e.e.e.d.spi.x509.revocation.RepositoryRevocationSource  | Revocation token for certificate with Id 'C-96DB5CFA7ABACEB5C97C131CBBFB341DDD8E64FE68B587558AA8F082AB2670F2' has been loaded from the cache 
2023-04-28 11:52:23,969  INFO | pool-2-thread-23 | eu.europa.esig.dss.validation.SignedDocumentValidator   | Default SignaturePolicyProvider instantiated with NativeHTTPDataLoader. 
2023-04-28 11:52:23,969  INFO | pool-2-thread-31 | eu.europa.esig.dss.validation.SignedDocumentValidator   | Document validation... 
2023-04-28 11:52:23,970  INFO | pool-2-thread-19 | e.europa.esig.dss.validation.CommonCertificateVerifier  | + New CommonCertificateVerifier created. 
2023-04-28 11:52:23,971  INFO | pool-2-thread-12 | eu.europa.esig.dss.spi.x509.revocation.ocsp.OCSPToken   | OCSP status is good 
2023-04-28 11:52:23,971  INFO | pool-2-thread-35 | e.europa.esig.dss.validation.CommonCertificateVerifier  | + New CommonCertificateVerifier created. 
2023-04-28 11:52:23,971  INFO | pool-2-thread-27 | e.europa.esig.dss.validation.CommonCertificateVerifier  | + New CommonCertificateVerifier created. 
2023-04-28 11:52:23,972  INFO | pool-2-thread-15 | e.europa.esig.dss.validation.CommonCertificateVerifier  | + New CommonCertificateVerifier created. 
2023-04-28 11:52:23,973  INFO | pool-2-thread-12 | eu.europa.esig.dss.validation.SignedDocumentValidator   | Default SignaturePolicyProvider instantiated with NativeHTTPDataLoader. 
2023-04-28 11:52:23,977  INFO | pool-2-thread-11 | eu.europa.esig.dss.validation.SignedDocumentValidator   | Document validation... 
2023-04-28 11:52:23,977  INFO | pool-2-thread-7 | e.europa.esig.dss.validation.CommonCertificateVerifier  | + New CommonCertificateVerifier created. 
2023-04-28 11:52:23,978  INFO | pool-2-thread-40 | e.europa.esig.dss.validation.CommonCertificateVerifier  | + New CommonCertificateVerifier created. 
2023-04-28 11:52:23,979  INFO | pool-2-thread-24 | e.e.esig.dss.xades.validation.XAdESCertificateSource    | +XAdESCertificateSource 
2023-04-28 11:52:23,983  WARN | pool-2-thread-19 | eu.europa.esig.dss.service.ocsp.OnlineOCSPSource        | No OCSP location found for C-FCBFEBCB6B78113DFD4C6CCFCBC2B1482992DF4C48E9DE1B3B7F16F33332BFCB 
2023-04-28 11:52:23,984  WARN | pool-2-thread-35 | eu.europa.esig.dss.service.ocsp.OnlineOCSPSource        | No OCSP location found for C-FCBFEBCB6B78113DFD4C6CCFCBC2B1482992DF4C48E9DE1B3B7F16F33332BFCB 
2023-04-28 11:52:23,984  INFO | pool-2-thread-8 | e.europa.esig.dss.validation.CommonCertificateVerifier  | + New CommonCertificateVerifier created. 
2023-04-28 11:52:23,984  INFO | pool-2-thread-4 | eu.europa.esig.dss.validation.SignedDocumentValidator   | Document validation... 
2023-04-28 11:52:23,986  INFO | pool-2-thread-28 | e.e.esig.dss.xades.validation.XAdESCertificateSource    | +XAdESCertificateSource 
2023-04-28 11:52:23,987  INFO | pool-2-thread-19 | e.e.e.d.spi.x509.revocation.RepositoryRevocationSource  | Revocation token for certificate with Id 'C-FCBFEBCB6B78113DFD4C6CCFCBC2B1482992DF4C48E9DE1B3B7F16F33332BFCB' has been loaded from the cache 
2023-04-28 11:52:23,989  WARN | pool-2-thread-27 | eu.europa.esig.dss.service.ocsp.OnlineOCSPSource        | No OCSP location found for C-FCBFEBCB6B78113DFD4C6CCFCBC2B1482992DF4C48E9DE1B3B7F16F33332BFCB 
2023-04-28 11:52:23,992  INFO | pool-2-thread-27 | e.e.e.d.spi.x509.revocation.RepositoryRevocationSource  | Revocation token for certificate with Id 'C-FCBFEBCB6B78113DFD4C6CCFCBC2B1482992DF4C48E9DE1B3B7F16F33332BFCB' has been loaded from the cache 
2023-04-28 11:52:23,993  INFO | pool-2-thread-19 | eu.europa.esig.dss.spi.x509.revocation.ocsp.OCSPToken   | OCSP status is good 
2023-04-28 11:52:23,993  INFO | pool-2-thread-30 | e.europa.esig.dss.validation.CommonCertificateVerifier  | + New CommonCertificateVerifier created. 
2023-04-28 11:52:23,994  INFO | pool-2-thread-27 | eu.europa.esig.dss.spi.x509.revocation.ocsp.OCSPToken   | OCSP status is good 
2023-04-28 11:52:23,994  INFO | pool-2-thread-37 | e.europa.esig.dss.validation.CommonCertificateVerifier  | + New CommonCertificateVerifier created. 
2023-04-28 11:52:23,994  INFO | pool-2-thread-19 | e.e.e.d.spi.x509.revocation.RepositoryRevocationSource  | Revocation token for certificate with Id 'C-96DB5CFA7ABACEB5C97C131CBBFB341DDD8E64FE68B587558AA8F082AB2670F2' has been loaded from the cache 
2023-04-28 11:52:23,995  INFO | pool-2-thread-27 | e.e.e.d.spi.x509.revocation.RepositoryRevocationSource  | Revocation token for certificate with Id 'C-96DB5CFA7ABACEB5C97C131CBBFB341DDD8E64FE68B587558AA8F082AB2670F2' has been loaded from the cache 
2023-04-28 11:52:23,996  INFO | pool-2-thread-19 | eu.europa.esig.dss.validation.SignedDocumentValidator   | Default SignaturePolicyProvider instantiated with NativeHTTPDataLoader. 
2023-04-28 11:52:23,996  INFO | pool-2-thread-27 | eu.europa.esig.dss.validation.SignedDocumentValidator   | Default SignaturePolicyProvider instantiated with NativeHTTPDataLoader. 
2023-04-28 11:52:23,998  INFO | pool-2-thread-17 | e.europa.esig.dss.validation.CommonCertificateVerifier  | + New CommonCertificateVerifier created. 
2023-04-28 11:52:23,998  INFO | pool-2-thread-38 | e.europa.esig.dss.validation.CommonCertificateVerifier  | + New CommonCertificateVerifier created. 
2023-04-28 11:52:23,998  INFO | pool-2-thread-33 | eu.europa.esig.dss.validation.SignedDocumentValidator   | Document validation... 
2023-04-28 11:52:24,001  INFO | pool-2-thread-40 | eu.europa.esig.dss.spi.x509.revocation.ocsp.OCSPToken   | OCSP status is good 
2023-04-28 11:52:24,001  WARN | pool-2-thread-15 | eu.europa.esig.dss.service.ocsp.OnlineOCSPSource        | No OCSP location found for C-FCBFEBCB6B78113DFD4C6CCFCBC2B1482992DF4C48E9DE1B3B7F16F33332BFCB 
2023-04-28 11:52:24,003  INFO | pool-2-thread-34 | eu.europa.esig.dss.validation.SignedDocumentValidator   | Document validation... 
2023-04-28 11:52:24,003  INFO | pool-2-thread-1 | eu.europa.esig.dss.validation.SignedDocumentValidator   | Document validation... 
2023-04-28 11:52:24,003  INFO | pool-2-thread-5 | eu.europa.esig.dss.validation.SignedDocumentValidator   | Document validation... 
2023-04-28 11:52:24,003  INFO | pool-2-thread-25 | e.europa.esig.dss.validation.CommonCertificateVerifier  | + New CommonCertificateVerifier created. 
2023-04-28 11:52:24,004  INFO | pool-2-thread-8 | e.e.esig.dss.xades.validation.XAdESCertificateSource    | +XAdESCertificateSource 
2023-04-28 11:52:24,004  INFO | pool-2-thread-15 | e.e.e.d.spi.x509.revocation.RepositoryRevocationSource  | Revocation token for certificate with Id 'C-FCBFEBCB6B78113DFD4C6CCFCBC2B1482992DF4C48E9DE1B3B7F16F33332BFCB' has been loaded from the cache 
2023-04-28 11:52:24,004  INFO | pool-2-thread-40 | eu.europa.esig.dss.validation.SignedDocumentValidator   | Default SignaturePolicyProvider instantiated with NativeHTTPDataLoader. 
2023-04-28 11:52:24,008  INFO | pool-2-thread-14 | e.europa.esig.dss.validation.CommonCertificateVerifier  | + New CommonCertificateVerifier created. 
2023-04-28 11:52:24,008  INFO | pool-2-thread-26 | e.europa.esig.dss.validation.CommonCertificateVerifier  | + New CommonCertificateVerifier created. 
2023-04-28 11:52:24,008  INFO | pool-2-thread-15 | eu.europa.esig.dss.spi.x509.revocation.ocsp.OCSPToken   | OCSP status is good 
2023-04-28 11:52:24,009  INFO | pool-2-thread-22 | e.europa.esig.dss.validation.CommonCertificateVerifier  | + New CommonCertificateVerifier created. 
2023-04-28 11:52:24,010  INFO | pool-2-thread-15 | e.e.e.d.spi.x509.revocation.RepositoryRevocationSource  | Revocation token for certificate with Id 'C-96DB5CFA7ABACEB5C97C131CBBFB341DDD8E64FE68B587558AA8F082AB2670F2' has been loaded from the cache 
2023-04-28 11:52:24,018  INFO | pool-2-thread-7 | e.e.esig.dss.xades.validation.XAdESCertificateSource    | +XAdESCertificateSource 
2023-04-28 11:52:24,019  INFO | pool-2-thread-35 | e.e.e.d.spi.x509.revocation.RepositoryRevocationSource  | Revocation token for certificate with Id 'C-FCBFEBCB6B78113DFD4C6CCFCBC2B1482992DF4C48E9DE1B3B7F16F33332BFCB' has been loaded from the cache 
2023-04-28 11:52:24,024  INFO | pool-2-thread-35 | eu.europa.esig.dss.spi.x509.revocation.ocsp.OCSPToken   | OCSP status is good 
2023-04-28 11:52:24,025  INFO | pool-2-thread-35 | e.e.e.d.spi.x509.revocation.RepositoryRevocationSource  | Revocation token for certificate with Id 'C-96DB5CFA7ABACEB5C97C131CBBFB341DDD8E64FE68B587558AA8F082AB2670F2' has been loaded from the cache 
2023-04-28 11:52:24,027  INFO | pool-2-thread-6 | eu.europa.esig.dss.validation.SignedDocumentValidator   | Document validation... 
2023-04-28 11:52:24,027  INFO | pool-2-thread-35 | eu.europa.esig.dss.validation.SignedDocumentValidator   | Default SignaturePolicyProvider instantiated with NativeHTTPDataLoader. 
2023-04-28 11:52:24,031  INFO | pool-2-thread-9 | eu.europa.esig.dss.validation.SignedDocumentValidator   | Document validation... 
2023-04-28 11:52:24,032  INFO | pool-2-thread-1 | e.europa.esig.dss.validation.CommonCertificateVerifier  | + New CommonCertificateVerifier created. 
2023-04-28 11:52:24,032  INFO | pool-2-thread-8 | e.europa.esig.dss.validation.CommonCertificateVerifier  | + New CommonCertificateVerifier created. 
2023-04-28 11:52:24,035  INFO | pool-2-thread-33 | e.europa.esig.dss.validation.CommonCertificateVerifier  | + New CommonCertificateVerifier created. 
2023-04-28 11:52:24,039  INFO | pool-2-thread-8 | eu.europa.esig.dss.spi.x509.revocation.ocsp.OCSPToken   | OCSP status is good 
2023-04-28 11:52:24,039  INFO | pool-2-thread-1 | e.e.esig.dss.xades.validation.XAdESCertificateSource    | +XAdESCertificateSource 
2023-04-28 11:52:24,040  INFO | pool-2-thread-9 | e.europa.esig.dss.validation.CommonCertificateVerifier  | + New CommonCertificateVerifier created. 
2023-04-28 11:52:24,042  INFO | pool-2-thread-8 | eu.europa.esig.dss.validation.SignedDocumentValidator   | Default SignaturePolicyProvider instantiated with NativeHTTPDataLoader. 
2023-04-28 11:52:24,042  INFO | pool-2-thread-33 | e.e.esig.dss.xades.validation.XAdESCertificateSource    | +XAdESCertificateSource 
2023-04-28 11:52:24,045  INFO | pool-2-thread-7 | e.europa.esig.dss.validation.CommonCertificateVerifier  | + New CommonCertificateVerifier created. 
2023-04-28 11:52:24,046  INFO | pool-2-thread-29 | eu.europa.esig.dss.validation.SignedDocumentValidator   | Document validation... 
2023-04-28 11:52:24,047  INFO | pool-2-thread-18 | e.europa.esig.dss.validation.CommonCertificateVerifier  | + New CommonCertificateVerifier created. 
2023-04-28 11:52:24,050  INFO | pool-2-thread-6 | e.europa.esig.dss.validation.CommonCertificateVerifier  | + New CommonCertificateVerifier created. 
2023-04-28 11:52:24,050  INFO | pool-2-thread-32 | e.europa.esig.dss.validation.CommonCertificateVerifier  | + New CommonCertificateVerifier created. 
2023-04-28 11:52:24,051  WARN | pool-2-thread-37 | eu.europa.esig.dss.service.ocsp.OnlineOCSPSource        | No OCSP location found for C-FCBFEBCB6B78113DFD4C6CCFCBC2B1482992DF4C48E9DE1B3B7F16F33332BFCB 
2023-04-28 11:52:24,056  INFO | pool-2-thread-37 | e.e.e.d.spi.x509.revocation.RepositoryRevocationSource  | Revocation token for certificate with Id 'C-FCBFEBCB6B78113DFD4C6CCFCBC2B1482992DF4C48E9DE1B3B7F16F33332BFCB' has been loaded from the cache 
2023-04-28 11:52:24,059  INFO | pool-2-thread-37 | eu.europa.esig.dss.spi.x509.revocation.ocsp.OCSPToken   | OCSP status is good 
2023-04-28 11:52:24,061  INFO | pool-2-thread-37 | e.e.e.d.spi.x509.revocation.RepositoryRevocationSource  | Revocation token for certificate with Id 'C-96DB5CFA7ABACEB5C97C131CBBFB341DDD8E64FE68B587558AA8F082AB2670F2' has been loaded from the cache 
2023-04-28 11:52:24,063  INFO | pool-2-thread-34 | e.europa.esig.dss.validation.CommonCertificateVerifier  | + New CommonCertificateVerifier created. 
2023-04-28 11:52:24,064  INFO | pool-2-thread-22 | eu.europa.esig.dss.spi.x509.revocation.ocsp.OCSPToken   | OCSP status is good 
2023-04-28 11:52:24,065  INFO | pool-2-thread-32 | eu.europa.esig.dss.spi.x509.revocation.ocsp.OCSPToken   | OCSP status is good 
2023-04-28 11:52:24,067  INFO | pool-2-thread-17 | e.e.esig.dss.xades.validation.XAdESCertificateSource    | +XAdESCertificateSource 
2023-04-28 11:52:24,067  WARN | pool-2-thread-7 | eu.europa.esig.dss.service.ocsp.OnlineOCSPSource        | No OCSP location found for C-FCBFEBCB6B78113DFD4C6CCFCBC2B1482992DF4C48E9DE1B3B7F16F33332BFCB 
2023-04-28 11:52:24,067  INFO | pool-2-thread-32 | eu.europa.esig.dss.validation.SignedDocumentValidator   | Default SignaturePolicyProvider instantiated with NativeHTTPDataLoader. 
2023-04-28 11:52:24,069  INFO | pool-2-thread-7 | e.e.e.d.spi.x509.revocation.RepositoryRevocationSource  | Revocation token for certificate with Id 'C-FCBFEBCB6B78113DFD4C6CCFCBC2B1482992DF4C48E9DE1B3B7F16F33332BFCB' has been loaded from the cache 
2023-04-28 11:52:24,071  INFO | pool-2-thread-7 | eu.europa.esig.dss.spi.x509.revocation.ocsp.OCSPToken   | OCSP status is good 
2023-04-28 11:52:24,072  INFO | pool-2-thread-7 | e.e.e.d.spi.x509.revocation.RepositoryRevocationSource  | Revocation token for certificate with Id 'C-96DB5CFA7ABACEB5C97C131CBBFB341DDD8E64FE68B587558AA8F082AB2670F2' has been loaded from the cache 
2023-04-28 11:52:24,073  INFO | pool-2-thread-35 | eu.europa.esig.dss.validation.SignedDocumentValidator   | Document validation... 
2023-04-28 11:52:24,073  INFO | pool-2-thread-7 | eu.europa.esig.dss.validation.SignedDocumentValidator   | Default SignaturePolicyProvider instantiated with NativeHTTPDataLoader. 
2023-04-28 11:52:24,074  INFO | pool-2-thread-29 | e.europa.esig.dss.validation.CommonCertificateVerifier  | + New CommonCertificateVerifier created. 
2023-04-28 11:52:24,075  INFO | pool-2-thread-34 | e.e.esig.dss.xades.validation.XAdESCertificateSource    | +XAdESCertificateSource 
2023-04-28 11:52:24,080  INFO | pool-2-thread-18 | eu.europa.esig.dss.spi.x509.revocation.ocsp.OCSPToken   | OCSP status is good 
2023-04-28 11:52:24,080  INFO | pool-2-thread-35 | e.europa.esig.dss.validation.CommonCertificateVerifier  | + New CommonCertificateVerifier created. 
2023-04-28 11:52:24,084  INFO | pool-2-thread-18 | eu.europa.esig.dss.validation.SignedDocumentValidator   | Default SignaturePolicyProvider instantiated with NativeHTTPDataLoader. 
2023-04-28 11:52:24,085  INFO | pool-2-thread-22 | eu.europa.esig.dss.validation.SignedDocumentValidator   | Default SignaturePolicyProvider instantiated with NativeHTTPDataLoader. 
2023-04-28 11:52:24,097  WARN | pool-2-thread-25 | eu.europa.esig.dss.service.ocsp.OnlineOCSPSource        | No OCSP location found for C-FCBFEBCB6B78113DFD4C6CCFCBC2B1482992DF4C48E9DE1B3B7F16F33332BFCB 
2023-04-28 11:52:24,097  INFO | pool-2-thread-40 | eu.europa.esig.dss.validation.SignedDocumentValidator   | Document validation... 
2023-04-28 11:52:24,099  INFO | pool-2-thread-15 | eu.europa.esig.dss.validation.SignedDocumentValidator   | Default SignaturePolicyProvider instantiated with NativeHTTPDataLoader. 
2023-04-28 11:52:24,100  INFO | pool-2-thread-13 | eu.europa.esig.dss.validation.SignedDocumentValidator   | Document validation... 
2023-04-28 11:52:24,100  INFO | pool-2-thread-25 | e.e.e.d.spi.x509.revocation.RepositoryRevocationSource  | Revocation token for certificate with Id 'C-FCBFEBCB6B78113DFD4C6CCFCBC2B1482992DF4C48E9DE1B3B7F16F33332BFCB' has been loaded from the cache 
2023-04-28 11:52:24,108  INFO | pool-2-thread-20 | e.europa.esig.dss.validation.CommonCertificateVerifier  | + New CommonCertificateVerifier created. 
2023-04-28 11:52:24,108  INFO | pool-2-thread-26 | e.e.esig.dss.xades.validation.XAdESCertificateSource    | +XAdESCertificateSource 
2023-04-28 11:52:24,110  INFO | pool-2-thread-25 | eu.europa.esig.dss.spi.x509.revocation.ocsp.OCSPToken   | OCSP status is good 
2023-04-28 11:52:24,111  INFO | pool-2-thread-25 | e.e.e.d.spi.x509.revocation.RepositoryRevocationSource  | Revocation token for certificate with Id 'C-96DB5CFA7ABACEB5C97C131CBBFB341DDD8E64FE68B587558AA8F082AB2670F2' has been loaded from the cache 
2023-04-28 11:52:24,114  INFO | pool-2-thread-25 | eu.europa.esig.dss.validation.SignedDocumentValidator   | Default SignaturePolicyProvider instantiated with NativeHTTPDataLoader. 
2023-04-28 11:52:24,121  INFO | pool-2-thread-14 | e.e.esig.dss.xades.validation.XAdESCertificateSource    | +XAdESCertificateSource 
2023-04-28 11:52:24,122  INFO | pool-2-thread-36 | e.europa.esig.dss.validation.CommonCertificateVerifier  | + New CommonCertificateVerifier created. 
2023-04-28 11:52:24,128  INFO | pool-2-thread-9 | e.e.esig.dss.xades.validation.XAdESCertificateSource    | +XAdESCertificateSource 
2023-04-28 11:52:24,128  INFO | pool-2-thread-30 | e.e.esig.dss.xades.validation.XAdESCertificateSource    | +XAdESCertificateSource 
2023-04-28 11:52:24,133  INFO | pool-2-thread-35 | e.e.esig.dss.xades.validation.XAdESCertificateSource    | +XAdESCertificateSource 
2023-04-28 11:52:24,134  INFO | pool-2-thread-37 | eu.europa.esig.dss.validation.SignedDocumentValidator   | Default SignaturePolicyProvider instantiated with NativeHTTPDataLoader. 
2023-04-28 11:52:24,134  INFO | pool-2-thread-16 | e.e.esig.dss.xades.validation.XAdESCertificateSource    | +XAdESCertificateSource 
2023-04-28 11:52:24,137  INFO | pool-2-thread-6 | e.e.esig.dss.xades.validation.XAdESCertificateSource    | +XAdESCertificateSource 
2023-04-28 11:52:24,139  INFO | pool-2-thread-29 | e.e.esig.dss.xades.validation.XAdESCertificateSource    | +XAdESCertificateSource 
2023-04-28 11:52:24,141  INFO | pool-2-thread-36 | eu.europa.esig.dss.spi.x509.revocation.ocsp.OCSPToken   | OCSP status is good 
2023-04-28 11:52:24,142  INFO | pool-2-thread-31 | e.europa.esig.dss.validation.CommonCertificateVerifier  | + New CommonCertificateVerifier created. 
2023-04-28 11:52:24,143  INFO | pool-2-thread-40 | e.europa.esig.dss.validation.CommonCertificateVerifier  | + New CommonCertificateVerifier created. 
2023-04-28 11:52:24,144  INFO | pool-2-thread-36 | eu.europa.esig.dss.validation.SignedDocumentValidator   | Default SignaturePolicyProvider instantiated with NativeHTTPDataLoader. 
2023-04-28 11:52:24,159  INFO | pool-2-thread-3 | e.europa.esig.dss.validation.CommonCertificateVerifier  | + New CommonCertificateVerifier created. 
2023-04-28 11:52:24,159  INFO | pool-2-thread-11 | e.europa.esig.dss.validation.CommonCertificateVerifier  | + New CommonCertificateVerifier created. 
2023-04-28 11:52:24,164  INFO | pool-2-thread-4 | e.europa.esig.dss.validation.CommonCertificateVerifier  | + New CommonCertificateVerifier created. 
2023-04-28 11:52:24,165  INFO | pool-2-thread-3 | eu.europa.esig.dss.spi.x509.revocation.ocsp.OCSPToken   | OCSP status is good 
2023-04-28 11:52:24,165  INFO | pool-2-thread-28 | e.europa.esig.dss.validation.CommonCertificateVerifier  | + New CommonCertificateVerifier created. 
2023-04-28 11:52:24,168  INFO | pool-2-thread-26 | e.europa.esig.dss.validation.CommonCertificateVerifier  | + New CommonCertificateVerifier created. 
2023-04-28 11:52:24,168  INFO | pool-2-thread-3 | eu.europa.esig.dss.validation.SignedDocumentValidator   | Default SignaturePolicyProvider instantiated with NativeHTTPDataLoader. 
2023-04-28 11:52:24,168  INFO | pool-2-thread-34 | e.europa.esig.dss.validation.CommonCertificateVerifier  | + New CommonCertificateVerifier created. 
2023-04-28 11:52:24,177  INFO | pool-2-thread-5 | e.europa.esig.dss.validation.CommonCertificateVerifier  | + New CommonCertificateVerifier created. 
2023-04-28 11:52:24,180  INFO | pool-2-thread-20 | eu.europa.esig.dss.spi.x509.revocation.ocsp.OCSPToken   | OCSP status is good 
2023-04-28 11:52:24,184  INFO | pool-2-thread-11 | e.e.esig.dss.xades.validation.XAdESCertificateSource    | +XAdESCertificateSource 
2023-04-28 11:52:24,187  INFO | pool-2-thread-20 | eu.europa.esig.dss.validation.SignedDocumentValidator   | Default SignaturePolicyProvider instantiated with NativeHTTPDataLoader. 
2023-04-28 11:52:24,191  INFO | pool-2-thread-28 | eu.europa.esig.dss.spi.x509.revocation.ocsp.OCSPToken   | OCSP status is good 
2023-04-28 11:52:24,193  INFO | pool-2-thread-38 | e.e.esig.dss.xades.validation.XAdESCertificateSource    | +XAdESCertificateSource 
2023-04-28 11:52:24,193  INFO | pool-2-thread-28 | eu.europa.esig.dss.validation.SignedDocumentValidator   | Default SignaturePolicyProvider instantiated with NativeHTTPDataLoader. 
2023-04-28 11:52:24,195  INFO | pool-2-thread-34 | eu.europa.esig.dss.spi.x509.revocation.ocsp.OCSPToken   | OCSP status is good 
2023-04-28 11:52:24,197  INFO | pool-2-thread-31 | e.e.esig.dss.xades.validation.XAdESCertificateSource    | +XAdESCertificateSource 
2023-04-28 11:52:24,197  INFO | pool-2-thread-34 | eu.europa.esig.dss.validation.SignedDocumentValidator   | Default SignaturePolicyProvider instantiated with NativeHTTPDataLoader. 
2023-04-28 11:52:24,198  INFO | pool-2-thread-24 | e.europa.esig.dss.validation.CommonCertificateVerifier  | + New CommonCertificateVerifier created. 
2023-04-28 11:52:24,203  INFO | pool-2-thread-4 | e.e.esig.dss.xades.validation.XAdESCertificateSource    | +XAdESCertificateSource 
2023-04-28 11:52:24,203  INFO | pool-2-thread-26 | eu.europa.esig.dss.spi.x509.revocation.ocsp.OCSPToken   | OCSP status is good 
2023-04-28 11:52:24,204  INFO | pool-2-thread-27 | eu.europa.esig.dss.validation.SignedDocumentValidator   | Document validation... 
2023-04-28 11:52:24,206  INFO | pool-2-thread-26 | eu.europa.esig.dss.validation.SignedDocumentValidator   | Default SignaturePolicyProvider instantiated with NativeHTTPDataLoader. 
2023-04-28 11:52:24,210  INFO | pool-2-thread-40 | e.e.esig.dss.xades.validation.XAdESCertificateSource    | +XAdESCertificateSource 
2023-04-28 11:52:24,211  INFO | pool-2-thread-14 | e.europa.esig.dss.validation.CommonCertificateVerifier  | + New CommonCertificateVerifier created. 
2023-04-28 11:52:24,214  INFO | pool-2-thread-13 | e.europa.esig.dss.validation.CommonCertificateVerifier  | + New CommonCertificateVerifier created. 
2023-04-28 11:52:24,218  INFO | pool-2-thread-10 | eu.europa.esig.dss.validation.SignedDocumentValidator   | Document validation... 
2023-04-28 11:52:24,223  INFO | pool-2-thread-17 | e.europa.esig.dss.validation.CommonCertificateVerifier  | + New CommonCertificateVerifier created. 
2023-04-28 11:52:24,233  INFO | pool-2-thread-21 | eu.europa.esig.dss.validation.SignedDocumentValidator   | Document validation... 
2023-04-28 11:52:24,248  INFO | pool-2-thread-24 | eu.europa.esig.dss.spi.x509.revocation.ocsp.OCSPToken   | OCSP status is good 
2023-04-28 11:52:24,249  INFO | pool-2-thread-39 | eu.europa.esig.dss.validation.SignedDocumentValidator   | Document validation... 
2023-04-28 11:52:24,251  INFO | pool-2-thread-24 | eu.europa.esig.dss.validation.SignedDocumentValidator   | Default SignaturePolicyProvider instantiated with NativeHTTPDataLoader. 
2023-04-28 11:52:24,259  INFO | pool-2-thread-33 | e.europa.esig.dss.validation.CommonCertificateVerifier  | + New CommonCertificateVerifier created. 
2023-04-28 11:52:24,265  INFO | pool-2-thread-27 | e.europa.esig.dss.validation.CommonCertificateVerifier  | + New CommonCertificateVerifier created. 
2023-04-28 11:52:24,270  WARN | pool-2-thread-17 | eu.europa.esig.dss.service.ocsp.OnlineOCSPSource        | No OCSP location found for C-FCBFEBCB6B78113DFD4C6CCFCBC2B1482992DF4C48E9DE1B3B7F16F33332BFCB 
2023-04-28 11:52:24,271  INFO | pool-2-thread-11 | e.europa.esig.dss.validation.CommonCertificateVerifier  | + New CommonCertificateVerifier created. 
2023-04-28 11:52:24,271  INFO | pool-2-thread-16 | e.europa.esig.dss.validation.CommonCertificateVerifier  | + New CommonCertificateVerifier created. 
2023-04-28 11:52:24,272  INFO | pool-2-thread-17 | e.e.e.d.spi.x509.revocation.RepositoryRevocationSource  | Revocation token for certificate with Id 'C-FCBFEBCB6B78113DFD4C6CCFCBC2B1482992DF4C48E9DE1B3B7F16F33332BFCB' has been loaded from the cache 
2023-04-28 11:52:24,273  INFO | pool-2-thread-17 | eu.europa.esig.dss.spi.x509.revocation.ocsp.OCSPToken   | OCSP status is good 
2023-04-28 11:52:24,274  INFO | pool-2-thread-5 | e.e.esig.dss.xades.validation.XAdESCertificateSource    | +XAdESCertificateSource 
2023-04-28 11:52:24,274  INFO | pool-2-thread-17 | e.e.e.d.spi.x509.revocation.RepositoryRevocationSource  | Revocation token for certificate with Id 'C-96DB5CFA7ABACEB5C97C131CBBFB341DDD8E64FE68B587558AA8F082AB2670F2' has been loaded from the cache 
2023-04-28 11:52:24,276  INFO | pool-2-thread-17 | eu.europa.esig.dss.validation.SignedDocumentValidator   | Default SignaturePolicyProvider instantiated with NativeHTTPDataLoader. 
2023-04-28 11:52:24,290  INFO | pool-2-thread-9 | e.europa.esig.dss.validation.CommonCertificateVerifier  | + New CommonCertificateVerifier created. 
2023-04-28 11:52:24,290  INFO | pool-2-thread-6 | e.europa.esig.dss.validation.CommonCertificateVerifier  | + New CommonCertificateVerifier created. 
2023-04-28 11:52:24,291  INFO | pool-2-thread-29 | e.europa.esig.dss.validation.CommonCertificateVerifier  | + New CommonCertificateVerifier created. 
2023-04-28 11:52:24,293  INFO | pool-2-thread-14 | eu.europa.esig.dss.spi.x509.revocation.ocsp.OCSPToken   | OCSP status is good 
2023-04-28 11:52:24,295  INFO | pool-2-thread-10 | e.europa.esig.dss.validation.CommonCertificateVerifier  | + New CommonCertificateVerifier created. 
2023-04-28 11:52:24,295  INFO | pool-2-thread-40 | e.europa.esig.dss.validation.CommonCertificateVerifier  | + New CommonCertificateVerifier created. 
2023-04-28 11:52:24,295  INFO | pool-2-thread-35 | e.europa.esig.dss.validation.CommonCertificateVerifier  | + New CommonCertificateVerifier created. 
2023-04-28 11:52:24,296  INFO | pool-2-thread-14 | eu.europa.esig.dss.validation.SignedDocumentValidator   | Default SignaturePolicyProvider instantiated with NativeHTTPDataLoader. 
2023-04-28 11:52:24,302  INFO | pool-2-thread-27 | e.e.esig.dss.xades.validation.XAdESCertificateSource    | +XAdESCertificateSource 
2023-04-28 11:52:24,303  INFO | pool-2-thread-39 | e.europa.esig.dss.validation.CommonCertificateVerifier  | + New CommonCertificateVerifier created. 
2023-04-28 11:52:24,307  WARN | pool-2-thread-11 | eu.europa.esig.dss.service.ocsp.OnlineOCSPSource        | No OCSP location found for C-FCBFEBCB6B78113DFD4C6CCFCBC2B1482992DF4C48E9DE1B3B7F16F33332BFCB 
2023-04-28 11:52:24,308  WARN | pool-2-thread-9 | eu.europa.esig.dss.service.ocsp.OnlineOCSPSource        | No OCSP location found for C-FCBFEBCB6B78113DFD4C6CCFCBC2B1482992DF4C48E9DE1B3B7F16F33332BFCB 
2023-04-28 11:52:24,309  INFO | pool-2-thread-9 | e.e.e.d.spi.x509.revocation.RepositoryRevocationSource  | Revocation token for certificate with Id 'C-FCBFEBCB6B78113DFD4C6CCFCBC2B1482992DF4C48E9DE1B3B7F16F33332BFCB' has been loaded from the cache 
2023-04-28 11:52:24,309  INFO | pool-2-thread-11 | e.e.e.d.spi.x509.revocation.RepositoryRevocationSource  | Revocation token for certificate with Id 'C-FCBFEBCB6B78113DFD4C6CCFCBC2B1482992DF4C48E9DE1B3B7F16F33332BFCB' has been loaded from the cache 
2023-04-28 11:52:24,319  INFO | pool-2-thread-4 | e.europa.esig.dss.validation.CommonCertificateVerifier  | + New CommonCertificateVerifier created. 
2023-04-28 11:52:24,319  INFO | pool-2-thread-31 | e.europa.esig.dss.validation.CommonCertificateVerifier  | + New CommonCertificateVerifier created. 
2023-04-28 11:52:24,319  INFO | pool-2-thread-9 | eu.europa.esig.dss.spi.x509.revocation.ocsp.OCSPToken   | OCSP status is good 
2023-04-28 11:52:24,320  INFO | pool-2-thread-9 | e.e.e.d.spi.x509.revocation.RepositoryRevocationSource  | Revocation token for certificate with Id 'C-96DB5CFA7ABACEB5C97C131CBBFB341DDD8E64FE68B587558AA8F082AB2670F2' has been loaded from the cache 
2023-04-28 11:52:24,322  INFO | pool-2-thread-9 | eu.europa.esig.dss.validation.SignedDocumentValidator   | Default SignaturePolicyProvider instantiated with NativeHTTPDataLoader. 
2023-04-28 11:52:24,323  INFO | pool-2-thread-28 | eu.europa.esig.dss.validation.SignedDocumentValidator   | Document validation... 
2023-04-28 11:52:24,325  INFO | pool-2-thread-10 | e.e.esig.dss.xades.validation.XAdESCertificateSource    | +XAdESCertificateSource 
2023-04-28 11:52:24,326  INFO | pool-2-thread-13 | e.e.esig.dss.xades.validation.XAdESCertificateSource    | +XAdESCertificateSource 
2023-04-28 11:52:24,328  INFO | pool-2-thread-30 | e.europa.esig.dss.validation.CommonCertificateVerifier  | + New CommonCertificateVerifier created. 
2023-04-28 11:52:24,335  INFO | pool-2-thread-23 | eu.europa.esig.dss.validation.SignedDocumentValidator   | Document validation... 
2023-04-28 11:52:24,335  INFO | pool-2-thread-36 | eu.europa.esig.dss.validation.SignedDocumentValidator   | Document validation... 
2023-04-28 11:52:24,339  INFO | pool-2-thread-39 | e.e.esig.dss.xades.validation.XAdESCertificateSource    | +XAdESCertificateSource 
2023-04-28 11:52:24,345  INFO | pool-2-thread-28 | e.europa.esig.dss.validation.CommonCertificateVerifier  | + New CommonCertificateVerifier created. 
2023-04-28 11:52:24,345  INFO | pool-2-thread-4 | eu.europa.esig.dss.spi.x509.revocation.ocsp.OCSPToken   | OCSP status is good 
2023-04-28 11:52:24,348  INFO | pool-2-thread-4 | eu.europa.esig.dss.validation.SignedDocumentValidator   | Default SignaturePolicyProvider instantiated with NativeHTTPDataLoader. 
2023-04-28 11:52:24,361  WARN | pool-2-thread-29 | eu.europa.esig.dss.service.ocsp.OnlineOCSPSource        | No OCSP location found for C-FCBFEBCB6B78113DFD4C6CCFCBC2B1482992DF4C48E9DE1B3B7F16F33332BFCB 
2023-04-28 11:52:24,362  INFO | pool-2-thread-30 | eu.europa.esig.dss.spi.x509.revocation.ocsp.OCSPToken   | OCSP status is good 
2023-04-28 11:52:24,363  INFO | pool-2-thread-29 | e.e.e.d.spi.x509.revocation.RepositoryRevocationSource  | Revocation token for certificate with Id 'C-FCBFEBCB6B78113DFD4C6CCFCBC2B1482992DF4C48E9DE1B3B7F16F33332BFCB' has been loaded from the cache 
2023-04-28 11:52:24,363  INFO | pool-2-thread-19 | eu.europa.esig.dss.validation.SignedDocumentValidator   | Document validation... 
2023-04-28 11:52:24,364  INFO | pool-2-thread-30 | eu.europa.esig.dss.validation.SignedDocumentValidator   | Default SignaturePolicyProvider instantiated with NativeHTTPDataLoader. 
2023-04-28 11:52:24,367  INFO | pool-2-thread-29 | eu.europa.esig.dss.spi.x509.revocation.ocsp.OCSPToken   | OCSP status is good 
2023-04-28 11:52:24,368  WARN | pool-2-thread-31 | eu.europa.esig.dss.service.ocsp.OnlineOCSPSource        | No OCSP location found for C-FCBFEBCB6B78113DFD4C6CCFCBC2B1482992DF4C48E9DE1B3B7F16F33332BFCB 
2023-04-28 11:52:24,368  INFO | pool-2-thread-29 | e.e.e.d.spi.x509.revocation.RepositoryRevocationSource  | Revocation token for certificate with Id 'C-96DB5CFA7ABACEB5C97C131CBBFB341DDD8E64FE68B587558AA8F082AB2670F2' has been loaded from the cache 
2023-04-28 11:52:24,369  WARN | pool-2-thread-6 | eu.europa.esig.dss.service.ocsp.OnlineOCSPSource        | No OCSP location found for C-FCBFEBCB6B78113DFD4C6CCFCBC2B1482992DF4C48E9DE1B3B7F16F33332BFCB 
2023-04-28 11:52:24,369  INFO | pool-2-thread-35 | eu.europa.esig.dss.spi.x509.revocation.ocsp.OCSPToken   | OCSP status is good 
2023-04-28 11:52:24,369  INFO | pool-2-thread-31 | e.e.e.d.spi.x509.revocation.RepositoryRevocationSource  | Revocation token for certificate with Id 'C-FCBFEBCB6B78113DFD4C6CCFCBC2B1482992DF4C48E9DE1B3B7F16F33332BFCB' has been loaded from the cache 
2023-04-28 11:52:24,370  INFO | pool-2-thread-6 | e.e.e.d.spi.x509.revocation.RepositoryRevocationSource  | Revocation token for certificate with Id 'C-FCBFEBCB6B78113DFD4C6CCFCBC2B1482992DF4C48E9DE1B3B7F16F33332BFCB' has been loaded from the cache 
2023-04-28 11:52:24,370  INFO | pool-2-thread-29 | eu.europa.esig.dss.validation.SignedDocumentValidator   | Default SignaturePolicyProvider instantiated with NativeHTTPDataLoader. 
2023-04-28 11:52:24,367  INFO | pool-2-thread-28 | e.e.esig.dss.xades.validation.XAdESCertificateSource    | +XAdESCertificateSource 
2023-04-28 11:52:24,371  INFO | pool-2-thread-31 | eu.europa.esig.dss.spi.x509.revocation.ocsp.OCSPToken   | OCSP status is good 
2023-04-28 11:52:24,371  INFO | pool-2-thread-35 | eu.europa.esig.dss.validation.SignedDocumentValidator   | Default SignaturePolicyProvider instantiated with NativeHTTPDataLoader. 
2023-04-28 11:52:24,371  INFO | pool-2-thread-6 | eu.europa.esig.dss.spi.x509.revocation.ocsp.OCSPToken   | OCSP status is good 
2023-04-28 11:52:24,372  INFO | pool-2-thread-31 | e.e.e.d.spi.x509.revocation.RepositoryRevocationSource  | Revocation token for certificate with Id 'C-96DB5CFA7ABACEB5C97C131CBBFB341DDD8E64FE68B587558AA8F082AB2670F2' has been loaded from the cache 
2023-04-28 11:52:24,372  INFO | pool-2-thread-6 | e.e.e.d.spi.x509.revocation.RepositoryRevocationSource  | Revocation token for certificate with Id 'C-96DB5CFA7ABACEB5C97C131CBBFB341DDD8E64FE68B587558AA8F082AB2670F2' has been loaded from the cache 
2023-04-28 11:52:24,373  WARN | pool-2-thread-40 | eu.europa.esig.dss.service.ocsp.OnlineOCSPSource        | No OCSP location found for C-FCBFEBCB6B78113DFD4C6CCFCBC2B1482992DF4C48E9DE1B3B7F16F33332BFCB 
2023-04-28 11:52:24,373  WARN | pool-2-thread-33 | eu.europa.esig.dss.service.ocsp.OnlineOCSPSource        | No OCSP location found for C-FCBFEBCB6B78113DFD4C6CCFCBC2B1482992DF4C48E9DE1B3B7F16F33332BFCB 
2023-04-28 11:52:24,374  INFO | pool-2-thread-31 | eu.europa.esig.dss.validation.SignedDocumentValidator   | Default SignaturePolicyProvider instantiated with NativeHTTPDataLoader. 
2023-04-28 11:52:24,374  INFO | pool-2-thread-6 | eu.europa.esig.dss.validation.SignedDocumentValidator   | Default SignaturePolicyProvider instantiated with NativeHTTPDataLoader. 
2023-04-28 11:52:24,374  INFO | pool-2-thread-33 | e.e.e.d.spi.x509.revocation.RepositoryRevocationSource  | Revocation token for certificate with Id 'C-FCBFEBCB6B78113DFD4C6CCFCBC2B1482992DF4C48E9DE1B3B7F16F33332BFCB' has been loaded from the cache 
2023-04-28 11:52:24,374  INFO | pool-2-thread-40 | e.e.e.d.spi.x509.revocation.RepositoryRevocationSource  | Revocation token for certificate with Id 'C-FCBFEBCB6B78113DFD4C6CCFCBC2B1482992DF4C48E9DE1B3B7F16F33332BFCB' has been loaded from the cache 
2023-04-28 11:52:24,375  INFO | pool-2-thread-11 | eu.europa.esig.dss.spi.x509.revocation.ocsp.OCSPToken   | OCSP status is good 
2023-04-28 11:52:24,375  INFO | pool-2-thread-7 | eu.europa.esig.dss.validation.SignedDocumentValidator   | Document validation... 
2023-04-28 11:52:24,375  INFO | pool-2-thread-33 | eu.europa.esig.dss.spi.x509.revocation.ocsp.OCSPToken   | OCSP status is good 
2023-04-28 11:52:24,376  INFO | pool-2-thread-11 | e.e.e.d.spi.x509.revocation.RepositoryRevocationSource  | Revocation token for certificate with Id 'C-96DB5CFA7ABACEB5C97C131CBBFB341DDD8E64FE68B587558AA8F082AB2670F2' has been loaded from the cache 
2023-04-28 11:52:24,376  INFO | pool-2-thread-33 | e.e.e.d.spi.x509.revocation.RepositoryRevocationSource  | Revocation token for certificate with Id 'C-96DB5CFA7ABACEB5C97C131CBBFB341DDD8E64FE68B587558AA8F082AB2670F2' has been loaded from the cache 
2023-04-28 11:52:24,377  INFO | pool-2-thread-11 | eu.europa.esig.dss.validation.SignedDocumentValidator   | Default SignaturePolicyProvider instantiated with NativeHTTPDataLoader. 
2023-04-28 11:52:24,377  INFO | pool-2-thread-40 | eu.europa.esig.dss.spi.x509.revocation.ocsp.OCSPToken   | OCSP status is good 
2023-04-28 11:52:24,378  INFO | pool-2-thread-33 | eu.europa.esig.dss.validation.SignedDocumentValidator   | Default SignaturePolicyProvider instantiated with NativeHTTPDataLoader. 
2023-04-28 11:52:24,378  INFO | pool-2-thread-40 | e.e.e.d.spi.x509.revocation.RepositoryRevocationSource  | Revocation token for certificate with Id 'C-96DB5CFA7ABACEB5C97C131CBBFB341DDD8E64FE68B587558AA8F082AB2670F2' has been loaded from the cache 
2023-04-28 11:52:24,379  INFO | pool-2-thread-27 | e.europa.esig.dss.validation.CommonCertificateVerifier  | + New CommonCertificateVerifier created. 
2023-04-28 11:52:24,379  INFO | pool-2-thread-21 | e.europa.esig.dss.validation.CommonCertificateVerifier  | + New CommonCertificateVerifier created. 
2023-04-28 11:52:24,379  INFO | pool-2-thread-38 | e.europa.esig.dss.validation.CommonCertificateVerifier  | + New CommonCertificateVerifier created. 
2023-04-28 11:52:24,380  INFO | pool-2-thread-40 | eu.europa.esig.dss.validation.SignedDocumentValidator   | Default SignaturePolicyProvider instantiated with NativeHTTPDataLoader. 
2023-04-28 11:52:24,381  INFO | pool-2-thread-10 | e.europa.esig.dss.validation.CommonCertificateVerifier  | + New CommonCertificateVerifier created. 
2023-04-28 11:52:24,385  INFO | pool-2-thread-16 | eu.europa.esig.dss.spi.x509.revocation.ocsp.OCSPToken   | OCSP status is good 
2023-04-28 11:52:24,388  INFO | pool-2-thread-38 | eu.europa.esig.dss.spi.x509.revocation.ocsp.OCSPToken   | OCSP status is good 
2023-04-28 11:52:24,388  INFO | pool-2-thread-16 | eu.europa.esig.dss.validation.SignedDocumentValidator   | Default SignaturePolicyProvider instantiated with NativeHTTPDataLoader. 
2023-04-28 11:52:24,389  INFO | pool-2-thread-5 | e.europa.esig.dss.validation.CommonCertificateVerifier  | + New CommonCertificateVerifier created. 
2023-04-28 11:52:24,390  INFO | pool-2-thread-38 | eu.europa.esig.dss.validation.SignedDocumentValidator   | Default SignaturePolicyProvider instantiated with NativeHTTPDataLoader. 
2023-04-28 11:52:24,393  INFO | pool-2-thread-21 | e.e.esig.dss.xades.validation.XAdESCertificateSource    | +XAdESCertificateSource 
2023-04-28 11:52:24,399  WARN | pool-2-thread-27 | eu.europa.esig.dss.service.ocsp.OnlineOCSPSource        | No OCSP location found for C-FCBFEBCB6B78113DFD4C6CCFCBC2B1482992DF4C48E9DE1B3B7F16F33332BFCB 
2023-04-28 11:52:24,400  INFO | pool-2-thread-15 | eu.europa.esig.dss.validation.SignedDocumentValidator   | Document validation... 
2023-04-28 11:52:24,402  INFO | pool-2-thread-3 | eu.europa.esig.dss.validation.SignedDocumentValidator   | Document validation... 
2023-04-28 11:52:24,402  INFO | pool-2-thread-27 | e.e.e.d.spi.x509.revocation.RepositoryRevocationSource  | Revocation token for certificate with Id 'C-FCBFEBCB6B78113DFD4C6CCFCBC2B1482992DF4C48E9DE1B3B7F16F33332BFCB' has been loaded from the cache 
2023-04-28 11:52:24,404  INFO | pool-2-thread-13 | e.europa.esig.dss.validation.CommonCertificateVerifier  | + New CommonCertificateVerifier created. 
2023-04-28 11:52:24,405  INFO | pool-2-thread-27 | eu.europa.esig.dss.spi.x509.revocation.ocsp.OCSPToken   | OCSP status is good 
2023-04-28 11:52:24,406  INFO | pool-2-thread-27 | e.e.e.d.spi.x509.revocation.RepositoryRevocationSource  | Revocation token for certificate with Id 'C-96DB5CFA7ABACEB5C97C131CBBFB341DDD8E64FE68B587558AA8F082AB2670F2' has been loaded from the cache 
2023-04-28 11:52:24,408  INFO | pool-2-thread-27 | eu.europa.esig.dss.validation.SignedDocumentValidator   | Default SignaturePolicyProvider instantiated with NativeHTTPDataLoader. 
2023-04-28 11:52:24,410  WARN | pool-2-thread-10 | eu.europa.esig.dss.service.ocsp.OnlineOCSPSource        | No OCSP location found for C-FCBFEBCB6B78113DFD4C6CCFCBC2B1482992DF4C48E9DE1B3B7F16F33332BFCB 
2023-04-28 11:52:24,410  INFO | pool-2-thread-5 | eu.europa.esig.dss.spi.x509.revocation.ocsp.OCSPToken   | OCSP status is good 
2023-04-28 11:52:24,412  INFO | pool-2-thread-10 | e.e.e.d.spi.x509.revocation.RepositoryRevocationSource  | Revocation token for certificate with Id 'C-FCBFEBCB6B78113DFD4C6CCFCBC2B1482992DF4C48E9DE1B3B7F16F33332BFCB' has been loaded from the cache 
2023-04-28 11:52:24,412  INFO | pool-2-thread-5 | eu.europa.esig.dss.validation.SignedDocumentValidator   | Default SignaturePolicyProvider instantiated with NativeHTTPDataLoader. 
2023-04-28 11:52:24,414  INFO | pool-2-thread-10 | eu.europa.esig.dss.spi.x509.revocation.ocsp.OCSPToken   | OCSP status is good 
2023-04-28 11:52:24,416  INFO | pool-2-thread-39 | e.europa.esig.dss.validation.CommonCertificateVerifier  | + New CommonCertificateVerifier created. 
2023-04-28 11:52:24,416  INFO | pool-2-thread-23 | e.europa.esig.dss.validation.CommonCertificateVerifier  | + New CommonCertificateVerifier created. 
2023-04-28 11:52:24,418  INFO | pool-2-thread-10 | e.e.e.d.spi.x509.revocation.RepositoryRevocationSource  | Revocation token for certificate with Id 'C-96DB5CFA7ABACEB5C97C131CBBFB341DDD8E64FE68B587558AA8F082AB2670F2' has been loaded from the cache 
2023-04-28 11:52:24,419  INFO | pool-2-thread-8 | eu.europa.esig.dss.validation.SignedDocumentValidator   | Document validation... 
2023-04-28 11:52:24,419  WARN | pool-2-thread-13 | eu.europa.esig.dss.service.ocsp.OnlineOCSPSource        | No OCSP location found for C-FCBFEBCB6B78113DFD4C6CCFCBC2B1482992DF4C48E9DE1B3B7F16F33332BFCB 
2023-04-28 11:52:24,419  INFO | pool-2-thread-26 | eu.europa.esig.dss.validation.SignedDocumentValidator   | Document validation... 
2023-04-28 11:52:24,420  INFO | pool-2-thread-10 | eu.europa.esig.dss.validation.SignedDocumentValidator   | Default SignaturePolicyProvider instantiated with NativeHTTPDataLoader. 
2023-04-28 11:52:24,421  INFO | pool-2-thread-13 | e.e.e.d.spi.x509.revocation.RepositoryRevocationSource  | Revocation token for certificate with Id 'C-FCBFEBCB6B78113DFD4C6CCFCBC2B1482992DF4C48E9DE1B3B7F16F33332BFCB' has been loaded from the cache 
2023-04-28 11:52:24,423  INFO | pool-2-thread-13 | eu.europa.esig.dss.spi.x509.revocation.ocsp.OCSPToken   | OCSP status is good 
2023-04-28 11:52:24,425  INFO | pool-2-thread-13 | e.e.e.d.spi.x509.revocation.RepositoryRevocationSource  | Revocation token for certificate with Id 'C-96DB5CFA7ABACEB5C97C131CBBFB341DDD8E64FE68B587558AA8F082AB2670F2' has been loaded from the cache 
2023-04-28 11:52:24,427  INFO | pool-2-thread-13 | eu.europa.esig.dss.validation.SignedDocumentValidator   | Default SignaturePolicyProvider instantiated with NativeHTTPDataLoader. 
2023-04-28 11:52:24,428  INFO | pool-2-thread-34 | eu.europa.esig.dss.validation.SignedDocumentValidator   | Document validation... 
2023-04-28 11:52:24,428  INFO | pool-2-thread-1 | e.europa.esig.dss.validation.CommonCertificateVerifier  | + New CommonCertificateVerifier created. 
2023-04-28 11:52:24,434  INFO | pool-2-thread-25 | eu.europa.esig.dss.validation.SignedDocumentValidator   | Document validation... 
2023-04-28 11:52:24,434  INFO | pool-2-thread-12 | eu.europa.esig.dss.validation.SignedDocumentValidator   | Document validation... 
2023-04-28 11:52:24,440  INFO | pool-2-thread-32 | eu.europa.esig.dss.validation.SignedDocumentValidator   | Document validation... 
2023-04-28 11:52:24,441  INFO | pool-2-thread-39 | eu.europa.esig.dss.spi.x509.revocation.ocsp.OCSPToken   | OCSP status is good 
2023-04-28 11:52:24,441  WARN | pool-2-thread-1 | eu.europa.esig.dss.service.ocsp.OnlineOCSPSource        | No OCSP location found for C-FCBFEBCB6B78113DFD4C6CCFCBC2B1482992DF4C48E9DE1B3B7F16F33332BFCB 
2023-04-28 11:52:24,455  INFO | pool-2-thread-23 | e.e.esig.dss.xades.validation.XAdESCertificateSource    | +XAdESCertificateSource 
2023-04-28 11:52:24,455  INFO | pool-2-thread-39 | eu.europa.esig.dss.validation.SignedDocumentValidator   | Default SignaturePolicyProvider instantiated with NativeHTTPDataLoader. 
2023-04-28 11:52:24,457  INFO | pool-2-thread-21 | e.europa.esig.dss.validation.CommonCertificateVerifier  | + New CommonCertificateVerifier created. 
2023-04-28 11:52:24,463  INFO | pool-2-thread-24 | eu.europa.esig.dss.validation.SignedDocumentValidator   | Document validation... 
2023-04-28 11:52:24,464  INFO | pool-2-thread-20 | eu.europa.esig.dss.validation.SignedDocumentValidator   | Document validation... 
2023-04-28 11:52:24,473  INFO | pool-2-thread-7 | e.europa.esig.dss.validation.CommonCertificateVerifier  | + New CommonCertificateVerifier created. 
2023-04-28 11:52:24,474  INFO | pool-2-thread-8 | e.europa.esig.dss.validation.CommonCertificateVerifier  | + New CommonCertificateVerifier created. 
2023-04-28 11:52:24,473  INFO | pool-2-thread-36 | e.europa.esig.dss.validation.CommonCertificateVerifier  | + New CommonCertificateVerifier created. 
2023-04-28 11:52:24,475  INFO | pool-2-thread-21 | eu.europa.esig.dss.spi.x509.revocation.ocsp.OCSPToken   | OCSP status is good 
2023-04-28 11:52:24,478  INFO | pool-2-thread-21 | eu.europa.esig.dss.validation.SignedDocumentValidator   | Default SignaturePolicyProvider instantiated with NativeHTTPDataLoader. 
2023-04-28 11:52:24,478  INFO | pool-2-thread-28 | e.europa.esig.dss.validation.CommonCertificateVerifier  | + New CommonCertificateVerifier created. 
2023-04-28 11:52:24,479  INFO | pool-2-thread-19 | e.europa.esig.dss.validation.CommonCertificateVerifier  | + New CommonCertificateVerifier created. 
2023-04-28 11:52:24,484  INFO | pool-2-thread-4 | eu.europa.esig.dss.validation.SignedDocumentValidator   | Document validation... 
2023-04-28 11:52:24,485  INFO | pool-2-thread-3 | e.europa.esig.dss.validation.CommonCertificateVerifier  | + New CommonCertificateVerifier created. 
2023-04-28 11:52:24,485  INFO | pool-2-thread-15 | e.europa.esig.dss.validation.CommonCertificateVerifier  | + New CommonCertificateVerifier created. 
2023-04-28 11:52:24,492  INFO | pool-2-thread-24 | e.europa.esig.dss.validation.CommonCertificateVerifier  | + New CommonCertificateVerifier created. 
2023-04-28 11:52:24,492  INFO | pool-2-thread-1 | e.e.e.d.spi.x509.revocation.RepositoryRevocationSource  | Revocation token for certificate with Id 'C-FCBFEBCB6B78113DFD4C6CCFCBC2B1482992DF4C48E9DE1B3B7F16F33332BFCB' has been loaded from the cache 
2023-04-28 11:52:24,492  INFO | pool-2-thread-12 | e.europa.esig.dss.validation.CommonCertificateVerifier  | + New CommonCertificateVerifier created. 
2023-04-28 11:52:24,493  INFO | pool-2-thread-32 | e.europa.esig.dss.validation.CommonCertificateVerifier  | + New CommonCertificateVerifier created. 
2023-04-28 11:52:24,494  INFO | pool-2-thread-1 | eu.europa.esig.dss.spi.x509.revocation.ocsp.OCSPToken   | OCSP status is good 
2023-04-28 11:52:24,495  INFO | pool-2-thread-1 | e.e.e.d.spi.x509.revocation.RepositoryRevocationSource  | Revocation token for certificate with Id 'C-96DB5CFA7ABACEB5C97C131CBBFB341DDD8E64FE68B587558AA8F082AB2670F2' has been loaded from the cache 
2023-04-28 11:52:24,497  INFO | pool-2-thread-36 | e.e.esig.dss.xades.validation.XAdESCertificateSource    | +XAdESCertificateSource 
2023-04-28 11:52:24,497  WARN | pool-2-thread-28 | eu.europa.esig.dss.service.ocsp.OnlineOCSPSource        | No OCSP location found for C-FCBFEBCB6B78113DFD4C6CCFCBC2B1482992DF4C48E9DE1B3B7F16F33332BFCB 
2023-04-28 11:52:24,500  INFO | pool-2-thread-28 | e.e.e.d.spi.x509.revocation.RepositoryRevocationSource  | Revocation token for certificate with Id 'C-FCBFEBCB6B78113DFD4C6CCFCBC2B1482992DF4C48E9DE1B3B7F16F33332BFCB' has been loaded from the cache 
2023-04-28 11:52:24,501  INFO | pool-2-thread-1 | eu.europa.esig.dss.validation.SignedDocumentValidator   | Default SignaturePolicyProvider instantiated with NativeHTTPDataLoader. 
2023-04-28 11:52:24,502  INFO | pool-2-thread-20 | e.europa.esig.dss.validation.CommonCertificateVerifier  | + New CommonCertificateVerifier created. 
2023-04-28 11:52:24,502  INFO | pool-2-thread-28 | eu.europa.esig.dss.spi.x509.revocation.ocsp.OCSPToken   | OCSP status is good 
2023-04-28 11:52:24,503  INFO | pool-2-thread-8 | e.e.esig.dss.xades.validation.XAdESCertificateSource    | +XAdESCertificateSource 
2023-04-28 11:52:24,504  INFO | pool-2-thread-28 | e.e.e.d.spi.x509.revocation.RepositoryRevocationSource  | Revocation token for certificate with Id 'C-96DB5CFA7ABACEB5C97C131CBBFB341DDD8E64FE68B587558AA8F082AB2670F2' has been loaded from the cache 
2023-04-28 11:52:24,504  INFO | pool-2-thread-7 | e.e.esig.dss.xades.validation.XAdESCertificateSource    | +XAdESCertificateSource 
2023-04-28 11:52:24,506  INFO | pool-2-thread-28 | eu.europa.esig.dss.validation.SignedDocumentValidator   | Default SignaturePolicyProvider instantiated with NativeHTTPDataLoader. 
2023-04-28 11:52:24,509  INFO | pool-2-thread-26 | e.europa.esig.dss.validation.CommonCertificateVerifier  | + New CommonCertificateVerifier created. 
2023-04-28 11:52:24,509  INFO | pool-2-thread-2 | eu.europa.esig.dss.validation.SignedDocumentValidator   | Document validation... 
2023-04-28 11:52:24,513  INFO | pool-2-thread-25 | e.europa.esig.dss.validation.CommonCertificateVerifier  | + New CommonCertificateVerifier created. 
2023-04-28 11:52:24,514  INFO | pool-2-thread-17 | eu.europa.esig.dss.validation.SignedDocumentValidator   | Document validation... 
2023-04-28 11:52:24,516  INFO | pool-2-thread-18 | eu.europa.esig.dss.validation.SignedDocumentValidator   | Document validation... 
2023-04-28 11:52:24,522  INFO | pool-2-thread-34 | e.europa.esig.dss.validation.CommonCertificateVerifier  | + New CommonCertificateVerifier created. 
2023-04-28 11:52:24,532  INFO | pool-2-thread-35 | eu.europa.esig.dss.validation.SignedDocumentValidator   | Document validation... 
2023-04-28 11:52:24,535  INFO | pool-2-thread-15 | e.e.esig.dss.xades.validation.XAdESCertificateSource    | +XAdESCertificateSource 
2023-04-28 11:52:24,535  INFO | pool-2-thread-19 | e.e.esig.dss.xades.validation.XAdESCertificateSource    | +XAdESCertificateSource 
2023-04-28 11:52:24,541  INFO | pool-2-thread-18 | e.europa.esig.dss.validation.CommonCertificateVerifier  | + New CommonCertificateVerifier created. 
2023-04-28 11:52:24,542  INFO | pool-2-thread-4 | e.europa.esig.dss.validation.CommonCertificateVerifier  | + New CommonCertificateVerifier created. 
2023-04-28 11:52:24,543  INFO | pool-2-thread-24 | e.e.esig.dss.xades.validation.XAdESCertificateSource    | +XAdESCertificateSource 
2023-04-28 11:52:24,543  INFO | pool-2-thread-3 | e.e.esig.dss.xades.validation.XAdESCertificateSource    | +XAdESCertificateSource 
2023-04-28 11:52:24,543  INFO | pool-2-thread-29 | eu.europa.esig.dss.validation.SignedDocumentValidator   | Document validation... 
2023-04-28 11:52:24,544  INFO | pool-2-thread-12 | e.e.esig.dss.xades.validation.XAdESCertificateSource    | +XAdESCertificateSource 
2023-04-28 11:52:24,552  INFO | pool-2-thread-11 | eu.europa.esig.dss.validation.SignedDocumentValidator   | Document validation... 
2023-04-28 11:52:24,555  INFO | pool-2-thread-32 | e.e.esig.dss.xades.validation.XAdESCertificateSource    | +XAdESCertificateSource 
2023-04-28 11:52:24,573  INFO | pool-2-thread-33 | eu.europa.esig.dss.validation.SignedDocumentValidator   | Document validation... 
2023-04-28 11:52:24,573  INFO | pool-2-thread-25 | e.e.esig.dss.xades.validation.XAdESCertificateSource    | +XAdESCertificateSource 
2023-04-28 11:52:24,574  INFO | pool-2-thread-20 | e.e.esig.dss.xades.validation.XAdESCertificateSource    | +XAdESCertificateSource 
2023-04-28 11:52:24,575  INFO | pool-2-thread-36 | e.europa.esig.dss.validation.CommonCertificateVerifier  | + New CommonCertificateVerifier created. 
2023-04-28 11:52:24,581  INFO | pool-2-thread-19 | e.europa.esig.dss.validation.CommonCertificateVerifier  | + New CommonCertificateVerifier created. 
2023-04-28 11:52:24,582  INFO | pool-2-thread-6 | eu.europa.esig.dss.validation.SignedDocumentValidator   | Document validation... 
2023-04-28 11:52:24,583  INFO | pool-2-thread-40 | eu.europa.esig.dss.validation.SignedDocumentValidator   | Document validation... 
2023-04-28 11:52:24,585  INFO | pool-2-thread-32 | e.europa.esig.dss.validation.CommonCertificateVerifier  | + New CommonCertificateVerifier created. 
2023-04-28 11:52:24,587  INFO | pool-2-thread-36 | eu.europa.esig.dss.spi.x509.revocation.ocsp.OCSPToken   | OCSP status is good 
2023-04-28 11:52:24,587  INFO | pool-2-thread-37 | eu.europa.esig.dss.validation.SignedDocumentValidator   | Document validation... 
2023-04-28 11:52:24,588  INFO | pool-2-thread-14 | eu.europa.esig.dss.validation.SignedDocumentValidator   | Document validation... 
2023-04-28 11:52:24,593  INFO | pool-2-thread-36 | eu.europa.esig.dss.validation.SignedDocumentValidator   | Default SignaturePolicyProvider instantiated with NativeHTTPDataLoader. 
2023-04-28 11:52:24,593  INFO | pool-2-thread-11 | e.europa.esig.dss.validation.CommonCertificateVerifier  | + New CommonCertificateVerifier created. 
2023-04-28 11:52:24,593  INFO | pool-2-thread-35 | e.europa.esig.dss.validation.CommonCertificateVerifier  | + New CommonCertificateVerifier created. 
2023-04-28 11:52:24,596  INFO | pool-2-thread-34 | e.e.esig.dss.xades.validation.XAdESCertificateSource    | +XAdESCertificateSource 
2023-04-28 11:52:24,598  INFO | pool-2-thread-19 | eu.europa.esig.dss.spi.x509.revocation.ocsp.OCSPToken   | OCSP status is good 
2023-04-28 11:52:24,599  INFO | pool-2-thread-8 | e.europa.esig.dss.validation.CommonCertificateVerifier  | + New CommonCertificateVerifier created. 
2023-04-28 11:52:24,599  INFO | pool-2-thread-12 | e.europa.esig.dss.validation.CommonCertificateVerifier  | + New CommonCertificateVerifier created. 
2023-04-28 11:52:24,600  INFO | pool-2-thread-19 | eu.europa.esig.dss.validation.SignedDocumentValidator   | Default SignaturePolicyProvider instantiated with NativeHTTPDataLoader. 
2023-04-28 11:52:24,604  INFO | pool-2-thread-18 | e.e.esig.dss.xades.validation.XAdESCertificateSource    | +XAdESCertificateSource 
2023-04-28 11:52:24,606  INFO | pool-2-thread-33 | e.europa.esig.dss.validation.CommonCertificateVerifier  | + New CommonCertificateVerifier created. 
2023-04-28 11:52:24,609  INFO | pool-2-thread-9 | eu.europa.esig.dss.validation.SignedDocumentValidator   | Document validation... 
2023-04-28 11:52:24,610  INFO | pool-2-thread-2 | e.europa.esig.dss.validation.CommonCertificateVerifier  | + New CommonCertificateVerifier created. 
2023-04-28 11:52:24,611  INFO | pool-2-thread-26 | e.e.esig.dss.xades.validation.XAdESCertificateSource    | +XAdESCertificateSource 
2023-04-28 11:52:24,615  WARN | pool-2-thread-8 | eu.europa.esig.dss.service.ocsp.OnlineOCSPSource        | No OCSP location found for C-FCBFEBCB6B78113DFD4C6CCFCBC2B1482992DF4C48E9DE1B3B7F16F33332BFCB 
2023-04-28 11:52:24,616  INFO | pool-2-thread-17 | e.europa.esig.dss.validation.CommonCertificateVerifier  | + New CommonCertificateVerifier created. 
2023-04-28 11:52:24,616  INFO | pool-2-thread-20 | e.europa.esig.dss.validation.CommonCertificateVerifier  | + New CommonCertificateVerifier created. 
2023-04-28 11:52:24,617  INFO | pool-2-thread-8 | e.e.e.d.spi.x509.revocation.RepositoryRevocationSource  | Revocation token for certificate with Id 'C-FCBFEBCB6B78113DFD4C6CCFCBC2B1482992DF4C48E9DE1B3B7F16F33332BFCB' has been loaded from the cache 
2023-04-28 11:52:24,617  INFO | pool-2-thread-35 | e.e.esig.dss.xades.validation.XAdESCertificateSource    | +XAdESCertificateSource 
2023-04-28 11:52:24,618  INFO | pool-2-thread-25 | e.europa.esig.dss.validation.CommonCertificateVerifier  | + New CommonCertificateVerifier created. 
2023-04-28 11:52:24,619  INFO | pool-2-thread-8 | eu.europa.esig.dss.spi.x509.revocation.ocsp.OCSPToken   | OCSP status is good 
2023-04-28 11:52:24,620  INFO | pool-2-thread-8 | e.e.e.d.spi.x509.revocation.RepositoryRevocationSource  | Revocation token for certificate with Id 'C-96DB5CFA7ABACEB5C97C131CBBFB341DDD8E64FE68B587558AA8F082AB2670F2' has been loaded from the cache 
2023-04-28 11:52:24,621  INFO | pool-2-thread-8 | eu.europa.esig.dss.validation.SignedDocumentValidator   | Default SignaturePolicyProvider instantiated with NativeHTTPDataLoader. 
2023-04-28 11:52:24,623  INFO | pool-2-thread-14 | e.europa.esig.dss.validation.CommonCertificateVerifier  | + New CommonCertificateVerifier created. 
2023-04-28 11:52:24,627  INFO | pool-2-thread-32 | eu.europa.esig.dss.spi.x509.revocation.ocsp.OCSPToken   | OCSP status is good 
2023-04-28 11:52:24,627  INFO | pool-2-thread-12 | eu.europa.esig.dss.spi.x509.revocation.ocsp.OCSPToken   | OCSP status is good 
2023-04-28 11:52:24,628  INFO | pool-2-thread-22 | eu.europa.esig.dss.validation.SignedDocumentValidator   | Document validation... 
2023-04-28 11:52:24,630  INFO | pool-2-thread-12 | eu.europa.esig.dss.validation.SignedDocumentValidator   | Default SignaturePolicyProvider instantiated with NativeHTTPDataLoader. 
2023-04-28 11:52:24,630  INFO | pool-2-thread-32 | eu.europa.esig.dss.validation.SignedDocumentValidator   | Default SignaturePolicyProvider instantiated with NativeHTTPDataLoader. 
2023-04-28 11:52:24,634  INFO | pool-2-thread-24 | e.europa.esig.dss.validation.CommonCertificateVerifier  | + New CommonCertificateVerifier created. 
2023-04-28 11:52:24,634  INFO | pool-2-thread-6 | e.europa.esig.dss.validation.CommonCertificateVerifier  | + New CommonCertificateVerifier created. 
2023-04-28 11:52:24,641  INFO | pool-2-thread-23 | e.europa.esig.dss.validation.CommonCertificateVerifier  | + New CommonCertificateVerifier created. 
2023-04-28 11:52:24,641  INFO | pool-2-thread-37 | e.europa.esig.dss.validation.CommonCertificateVerifier  | + New CommonCertificateVerifier created. 
2023-04-28 11:52:24,643  INFO | pool-2-thread-2 | e.e.esig.dss.xades.validation.XAdESCertificateSource    | +XAdESCertificateSource 
2023-04-28 11:52:24,645  INFO | pool-2-thread-31 | eu.europa.esig.dss.validation.SignedDocumentValidator   | Document validation... 
2023-04-28 11:52:24,647  INFO | pool-2-thread-4 | e.e.esig.dss.xades.validation.XAdESCertificateSource    | +XAdESCertificateSource 
2023-04-28 11:52:24,650  INFO | pool-2-thread-25 | eu.europa.esig.dss.spi.x509.revocation.ocsp.OCSPToken   | OCSP status is good 
2023-04-28 11:52:24,653  INFO | pool-2-thread-25 | eu.europa.esig.dss.validation.SignedDocumentValidator   | Default SignaturePolicyProvider instantiated with NativeHTTPDataLoader. 
2023-04-28 11:52:24,654  INFO | pool-2-thread-20 | eu.europa.esig.dss.spi.x509.revocation.ocsp.OCSPToken   | OCSP status is good 
2023-04-28 11:52:24,656  INFO | pool-2-thread-20 | eu.europa.esig.dss.validation.SignedDocumentValidator   | Default SignaturePolicyProvider instantiated with NativeHTTPDataLoader. 
2023-04-28 11:52:24,659  INFO | pool-2-thread-14 | e.e.esig.dss.xades.validation.XAdESCertificateSource    | +XAdESCertificateSource 
2023-04-28 11:52:24,665  WARN | pool-2-thread-24 | eu.europa.esig.dss.service.ocsp.OnlineOCSPSource        | No OCSP location found for C-FCBFEBCB6B78113DFD4C6CCFCBC2B1482992DF4C48E9DE1B3B7F16F33332BFCB 
2023-04-28 11:52:24,666  INFO | pool-2-thread-39 | eu.europa.esig.dss.validation.SignedDocumentValidator   | Document validation... 
2023-04-28 11:52:24,667  INFO | pool-2-thread-17 | e.e.esig.dss.xades.validation.XAdESCertificateSource    | +XAdESCertificateSource 
2023-04-28 11:52:24,668  INFO | pool-2-thread-24 | e.e.e.d.spi.x509.revocation.RepositoryRevocationSource  | Revocation token for certificate with Id 'C-FCBFEBCB6B78113DFD4C6CCFCBC2B1482992DF4C48E9DE1B3B7F16F33332BFCB' has been loaded from the cache 
2023-04-28 11:52:24,669  INFO | pool-2-thread-24 | eu.europa.esig.dss.spi.x509.revocation.ocsp.OCSPToken   | OCSP status is good 
2023-04-28 11:52:24,670  INFO | pool-2-thread-24 | e.e.e.d.spi.x509.revocation.RepositoryRevocationSource  | Revocation token for certificate with Id 'C-96DB5CFA7ABACEB5C97C131CBBFB341DDD8E64FE68B587558AA8F082AB2670F2' has been loaded from the cache 
2023-04-28 11:52:24,672  INFO | pool-2-thread-7 | e.europa.esig.dss.validation.CommonCertificateVerifier  | + New CommonCertificateVerifier created. 
2023-04-28 11:52:24,672  INFO | pool-2-thread-3 | e.europa.esig.dss.validation.CommonCertificateVerifier  | + New CommonCertificateVerifier created. 
2023-04-28 11:52:24,672  INFO | pool-2-thread-24 | eu.europa.esig.dss.validation.SignedDocumentValidator   | Default SignaturePolicyProvider instantiated with NativeHTTPDataLoader. 
2023-04-28 11:52:24,672  INFO | pool-2-thread-26 | e.europa.esig.dss.validation.CommonCertificateVerifier  | + New CommonCertificateVerifier created. 
2023-04-28 11:52:24,673  INFO | pool-2-thread-6 | e.e.esig.dss.xades.validation.XAdESCertificateSource    | +XAdESCertificateSource 
2023-04-28 11:52:24,673  WARN | pool-2-thread-23 | eu.europa.esig.dss.service.ocsp.OnlineOCSPSource        | No OCSP location found for C-FCBFEBCB6B78113DFD4C6CCFCBC2B1482992DF4C48E9DE1B3B7F16F33332BFCB 
2023-04-28 11:52:24,675  INFO | pool-2-thread-23 | e.e.e.d.spi.x509.revocation.RepositoryRevocationSource  | Revocation token for certificate with Id 'C-FCBFEBCB6B78113DFD4C6CCFCBC2B1482992DF4C48E9DE1B3B7F16F33332BFCB' has been loaded from the cache 
2023-04-28 11:52:24,676  INFO | pool-2-thread-29 | e.europa.esig.dss.validation.CommonCertificateVerifier  | + New CommonCertificateVerifier created. 
2023-04-28 11:52:24,677  INFO | pool-2-thread-37 | e.e.esig.dss.xades.validation.XAdESCertificateSource    | +XAdESCertificateSource 
2023-04-28 11:52:24,678  INFO | pool-2-thread-18 | e.europa.esig.dss.validation.CommonCertificateVerifier  | + New CommonCertificateVerifier created. 
2023-04-28 11:52:24,680  INFO | pool-2-thread-23 | eu.europa.esig.dss.spi.x509.revocation.ocsp.OCSPToken   | OCSP status is good 
2023-04-28 11:52:24,681  WARN | pool-2-thread-7 | eu.europa.esig.dss.service.ocsp.OnlineOCSPSource        | No OCSP location found for C-FCBFEBCB6B78113DFD4C6CCFCBC2B1482992DF4C48E9DE1B3B7F16F33332BFCB 
2023-04-28 11:52:24,681  WARN | pool-2-thread-3 | eu.europa.esig.dss.service.ocsp.OnlineOCSPSource        | No OCSP location found for C-FCBFEBCB6B78113DFD4C6CCFCBC2B1482992DF4C48E9DE1B3B7F16F33332BFCB 
2023-04-28 11:52:24,681  WARN | pool-2-thread-26 | eu.europa.esig.dss.service.ocsp.OnlineOCSPSource        | No OCSP location found for C-FCBFEBCB6B78113DFD4C6CCFCBC2B1482992DF4C48E9DE1B3B7F16F33332BFCB 
2023-04-28 11:52:24,682  INFO | pool-2-thread-7 | e.e.e.d.spi.x509.revocation.RepositoryRevocationSource  | Revocation token for certificate with Id 'C-FCBFEBCB6B78113DFD4C6CCFCBC2B1482992DF4C48E9DE1B3B7F16F33332BFCB' has been loaded from the cache 
2023-04-28 11:52:24,682  INFO | pool-2-thread-23 | e.e.e.d.spi.x509.revocation.RepositoryRevocationSource  | Revocation token for certificate with Id 'C-96DB5CFA7ABACEB5C97C131CBBFB341DDD8E64FE68B587558AA8F082AB2670F2' has been loaded from the cache 
2023-04-28 11:52:24,683  INFO | pool-2-thread-26 | e.e.e.d.spi.x509.revocation.RepositoryRevocationSource  | Revocation token for certificate with Id 'C-FCBFEBCB6B78113DFD4C6CCFCBC2B1482992DF4C48E9DE1B3B7F16F33332BFCB' has been loaded from the cache 
2023-04-28 11:52:24,683  INFO | pool-2-thread-7 | eu.europa.esig.dss.spi.x509.revocation.ocsp.OCSPToken   | OCSP status is good 
2023-04-28 11:52:24,684  INFO | pool-2-thread-23 | eu.europa.esig.dss.validation.SignedDocumentValidator   | Default SignaturePolicyProvider instantiated with NativeHTTPDataLoader. 
2023-04-28 11:52:24,684  INFO | pool-2-thread-26 | eu.europa.esig.dss.spi.x509.revocation.ocsp.OCSPToken   | OCSP status is good 
2023-04-28 11:52:24,684  INFO | pool-2-thread-7 | e.e.e.d.spi.x509.revocation.RepositoryRevocationSource  | Revocation token for certificate with Id 'C-96DB5CFA7ABACEB5C97C131CBBFB341DDD8E64FE68B587558AA8F082AB2670F2' has been loaded from the cache 
2023-04-28 11:52:24,685  INFO | pool-2-thread-26 | e.e.e.d.spi.x509.revocation.RepositoryRevocationSource  | Revocation token for certificate with Id 'C-96DB5CFA7ABACEB5C97C131CBBFB341DDD8E64FE68B587558AA8F082AB2670F2' has been loaded from the cache 
2023-04-28 11:52:24,685  INFO | pool-2-thread-15 | e.europa.esig.dss.validation.CommonCertificateVerifier  | + New CommonCertificateVerifier created. 
2023-04-28 11:52:24,686  INFO | pool-2-thread-7 | eu.europa.esig.dss.validation.SignedDocumentValidator   | Default SignaturePolicyProvider instantiated with NativeHTTPDataLoader. 
2023-04-28 11:52:24,687  INFO | pool-2-thread-26 | eu.europa.esig.dss.validation.SignedDocumentValidator   | Default SignaturePolicyProvider instantiated with NativeHTTPDataLoader. 
2023-04-28 11:52:24,687  INFO | pool-2-thread-38 | eu.europa.esig.dss.validation.SignedDocumentValidator   | Document validation... 
2023-04-28 11:52:24,701  INFO | pool-2-thread-3 | e.e.e.d.spi.x509.revocation.RepositoryRevocationSource  | Revocation token for certificate with Id 'C-FCBFEBCB6B78113DFD4C6CCFCBC2B1482992DF4C48E9DE1B3B7F16F33332BFCB' has been loaded from the cache 
2023-04-28 11:52:24,704  INFO | pool-2-thread-34 | e.europa.esig.dss.validation.CommonCertificateVerifier  | + New CommonCertificateVerifier created. 
2023-04-28 11:52:24,704  INFO | pool-2-thread-3 | eu.europa.esig.dss.spi.x509.revocation.ocsp.OCSPToken   | OCSP status is good 
2023-04-28 11:52:24,706  INFO | pool-2-thread-3 | e.e.e.d.spi.x509.revocation.RepositoryRevocationSource  | Revocation token for certificate with Id 'C-96DB5CFA7ABACEB5C97C131CBBFB341DDD8E64FE68B587558AA8F082AB2670F2' has been loaded from the cache 
2023-04-28 11:52:24,708  INFO | pool-2-thread-3 | eu.europa.esig.dss.validation.SignedDocumentValidator   | Default SignaturePolicyProvider instantiated with NativeHTTPDataLoader. 
2023-04-28 11:52:24,709  INFO | pool-2-thread-31 | e.europa.esig.dss.validation.CommonCertificateVerifier  | + New CommonCertificateVerifier created. 
2023-04-28 11:52:24,711  INFO | pool-2-thread-40 | e.europa.esig.dss.validation.CommonCertificateVerifier  | + New CommonCertificateVerifier created. 
2023-04-28 11:52:24,716  INFO | pool-2-thread-27 | eu.europa.esig.dss.validation.SignedDocumentValidator   | Document validation... 
2023-04-28 11:52:24,717  INFO | pool-2-thread-5 | eu.europa.esig.dss.validation.SignedDocumentValidator   | Document validation... 
2023-04-28 11:52:24,704  INFO | pool-2-thread-39 | e.europa.esig.dss.validation.CommonCertificateVerifier  | + New CommonCertificateVerifier created. 
2023-04-28 11:52:24,721  INFO | pool-2-thread-4 | e.europa.esig.dss.validation.CommonCertificateVerifier  | + New CommonCertificateVerifier created. 
2023-04-28 11:52:24,722  INFO | pool-2-thread-15 | eu.europa.esig.dss.spi.x509.revocation.ocsp.OCSPToken   | OCSP status is good 
2023-04-28 11:52:24,722  INFO | pool-2-thread-22 | e.europa.esig.dss.validation.CommonCertificateVerifier  | + New CommonCertificateVerifier created. 
2023-04-28 11:52:24,722  INFO | pool-2-thread-9 | e.europa.esig.dss.validation.CommonCertificateVerifier  | + New CommonCertificateVerifier created. 
2023-04-28 11:52:24,725  INFO | pool-2-thread-15 | eu.europa.esig.dss.validation.SignedDocumentValidator   | Default SignaturePolicyProvider instantiated with NativeHTTPDataLoader. 
2023-04-28 11:52:24,725  INFO | pool-2-thread-35 | e.europa.esig.dss.validation.CommonCertificateVerifier  | + New CommonCertificateVerifier created. 
2023-04-28 11:52:24,729  INFO | pool-2-thread-11 | e.e.esig.dss.xades.validation.XAdESCertificateSource    | +XAdESCertificateSource 
2023-04-28 11:52:24,736  INFO | pool-2-thread-33 | e.e.esig.dss.xades.validation.XAdESCertificateSource    | +XAdESCertificateSource 
2023-04-28 11:52:24,742  INFO | pool-2-thread-2 | e.europa.esig.dss.validation.CommonCertificateVerifier  | + New CommonCertificateVerifier created. 
2023-04-28 11:52:24,746  INFO | pool-2-thread-30 | eu.europa.esig.dss.validation.SignedDocumentValidator   | Document validation... 
2023-04-28 11:52:24,747  INFO | pool-2-thread-10 | eu.europa.esig.dss.validation.SignedDocumentValidator   | Document validation... 
2023-04-28 11:52:24,751  INFO | pool-2-thread-18 | eu.europa.esig.dss.spi.x509.revocation.ocsp.OCSPToken   | OCSP status is good 
2023-04-28 11:52:24,754  INFO | pool-2-thread-18 | eu.europa.esig.dss.validation.SignedDocumentValidator   | Default SignaturePolicyProvider instantiated with NativeHTTPDataLoader. 
2023-04-28 11:52:24,764  INFO | pool-2-thread-36 | eu.europa.esig.dss.validation.SignedDocumentValidator   | Document validation... 
2023-04-28 11:52:24,764  INFO | pool-2-thread-34 | eu.europa.esig.dss.spi.x509.revocation.ocsp.OCSPToken   | OCSP status is good 
2023-04-28 11:52:24,768  INFO | pool-2-thread-38 | e.europa.esig.dss.validation.CommonCertificateVerifier  | + New CommonCertificateVerifier created. 
2023-04-28 11:52:24,770  INFO | pool-2-thread-29 | e.e.esig.dss.xades.validation.XAdESCertificateSource    | +XAdESCertificateSource 
2023-04-28 11:52:24,775  INFO | pool-2-thread-35 | eu.europa.esig.dss.spi.x509.revocation.ocsp.OCSPToken   | OCSP status is good 
2023-04-28 11:52:24,777  INFO | pool-2-thread-35 | eu.europa.esig.dss.validation.SignedDocumentValidator   | Default SignaturePolicyProvider instantiated with NativeHTTPDataLoader. 
2023-04-28 11:52:24,781  INFO | pool-2-thread-16 | eu.europa.esig.dss.validation.SignedDocumentValidator   | Document validation... 
2023-04-28 11:52:24,782  INFO | pool-2-thread-14 | e.europa.esig.dss.validation.CommonCertificateVerifier  | + New CommonCertificateVerifier created. 
2023-04-28 11:52:24,784  INFO | pool-2-thread-2 | eu.europa.esig.dss.spi.x509.revocation.ocsp.OCSPToken   | OCSP status is good 
2023-04-28 11:52:24,785  INFO | pool-2-thread-4 | eu.europa.esig.dss.spi.x509.revocation.ocsp.OCSPToken   | OCSP status is good 
2023-04-28 11:52:24,787  INFO | pool-2-thread-2 | eu.europa.esig.dss.validation.SignedDocumentValidator   | Default SignaturePolicyProvider instantiated with NativeHTTPDataLoader. 
2023-04-28 11:52:24,791  INFO | pool-2-thread-4 | eu.europa.esig.dss.validation.SignedDocumentValidator   | Default SignaturePolicyProvider instantiated with NativeHTTPDataLoader. 
2023-04-28 11:52:24,791  WARN | pool-2-thread-14 | eu.europa.esig.dss.service.ocsp.OnlineOCSPSource        | No OCSP location found for C-FCBFEBCB6B78113DFD4C6CCFCBC2B1482992DF4C48E9DE1B3B7F16F33332BFCB 
2023-04-28 11:52:24,793  INFO | pool-2-thread-14 | e.e.e.d.spi.x509.revocation.RepositoryRevocationSource  | Revocation token for certificate with Id 'C-FCBFEBCB6B78113DFD4C6CCFCBC2B1482992DF4C48E9DE1B3B7F16F33332BFCB' has been loaded from the cache 
2023-04-28 11:52:24,794  INFO | pool-2-thread-14 | eu.europa.esig.dss.spi.x509.revocation.ocsp.OCSPToken   | OCSP status is good 
2023-04-28 11:52:24,795  INFO | pool-2-thread-14 | e.e.e.d.spi.x509.revocation.RepositoryRevocationSource  | Revocation token for certificate with Id 'C-96DB5CFA7ABACEB5C97C131CBBFB341DDD8E64FE68B587558AA8F082AB2670F2' has been loaded from the cache 
2023-04-28 11:52:24,797  INFO | pool-2-thread-1 | eu.europa.esig.dss.validation.SignedDocumentValidator   | Document validation... 
2023-04-28 11:52:24,797  INFO | pool-2-thread-14 | eu.europa.esig.dss.validation.SignedDocumentValidator   | Default SignaturePolicyProvider instantiated with NativeHTTPDataLoader. 
2023-04-28 11:52:24,797  INFO | pool-2-thread-8 | eu.europa.esig.dss.validation.SignedDocumentValidator   | Document validation... 
2023-04-28 11:52:24,797  INFO | pool-2-thread-10 | e.europa.esig.dss.validation.CommonCertificateVerifier  | + New CommonCertificateVerifier created. 
2023-04-28 11:52:24,797  INFO | pool-2-thread-30 | e.europa.esig.dss.validation.CommonCertificateVerifier  | + New CommonCertificateVerifier created. 
2023-04-28 11:52:24,797  INFO | pool-2-thread-32 | eu.europa.esig.dss.validation.SignedDocumentValidator   | Document validation... 
2023-04-28 11:52:24,803  INFO | pool-2-thread-13 | eu.europa.esig.dss.validation.SignedDocumentValidator   | Document validation... 
2023-04-28 11:52:24,804  INFO | pool-2-thread-16 | e.europa.esig.dss.validation.CommonCertificateVerifier  | + New CommonCertificateVerifier created. 
2023-04-28 11:52:24,805  INFO | pool-2-thread-11 | e.europa.esig.dss.validation.CommonCertificateVerifier  | + New CommonCertificateVerifier created. 
2023-04-28 11:52:24,805  INFO | pool-2-thread-33 | e.europa.esig.dss.validation.CommonCertificateVerifier  | + New CommonCertificateVerifier created. 
2023-04-28 11:52:24,810  WARN | pool-2-thread-11 | eu.europa.esig.dss.service.ocsp.OnlineOCSPSource        | No OCSP location found for C-FCBFEBCB6B78113DFD4C6CCFCBC2B1482992DF4C48E9DE1B3B7F16F33332BFCB 
2023-04-28 11:52:24,811  INFO | pool-2-thread-11 | e.e.e.d.spi.x509.revocation.RepositoryRevocationSource  | Revocation token for certificate with Id 'C-FCBFEBCB6B78113DFD4C6CCFCBC2B1482992DF4C48E9DE1B3B7F16F33332BFCB' has been loaded from the cache 
2023-04-28 11:52:24,812  INFO | pool-2-thread-21 | eu.europa.esig.dss.validation.SignedDocumentValidator   | Document validation... 
2023-04-28 11:52:24,812  INFO | pool-2-thread-11 | eu.europa.esig.dss.spi.x509.revocation.ocsp.OCSPToken   | OCSP status is good 
2023-04-28 11:52:24,813  INFO | pool-2-thread-11 | e.e.e.d.spi.x509.revocation.RepositoryRevocationSource  | Revocation token for certificate with Id 'C-96DB5CFA7ABACEB5C97C131CBBFB341DDD8E64FE68B587558AA8F082AB2670F2' has been loaded from the cache 
2023-04-28 11:52:24,814  INFO | pool-2-thread-10 | e.e.esig.dss.xades.validation.XAdESCertificateSource    | +XAdESCertificateSource 
2023-04-28 11:52:24,814  INFO | pool-2-thread-36 | e.europa.esig.dss.validation.CommonCertificateVerifier  | + New CommonCertificateVerifier created. 
2023-04-28 11:52:24,816  INFO | pool-2-thread-11 | eu.europa.esig.dss.validation.SignedDocumentValidator   | Default SignaturePolicyProvider instantiated with NativeHTTPDataLoader. 
2023-04-28 11:52:24,816  WARN | pool-2-thread-33 | eu.europa.esig.dss.service.ocsp.OnlineOCSPSource        | No OCSP location found for C-FCBFEBCB6B78113DFD4C6CCFCBC2B1482992DF4C48E9DE1B3B7F16F33332BFCB 
2023-04-28 11:52:24,818  INFO | pool-2-thread-30 | e.e.esig.dss.xades.validation.XAdESCertificateSource    | +XAdESCertificateSource 
2023-04-28 11:52:24,818  INFO | pool-2-thread-33 | e.e.e.d.spi.x509.revocation.RepositoryRevocationSource  | Revocation token for certificate with Id 'C-FCBFEBCB6B78113DFD4C6CCFCBC2B1482992DF4C48E9DE1B3B7F16F33332BFCB' has been loaded from the cache 
2023-04-28 11:52:24,820  INFO | pool-2-thread-33 | eu.europa.esig.dss.spi.x509.revocation.ocsp.OCSPToken   | OCSP status is good 
2023-04-28 11:52:24,820  INFO | pool-2-thread-5 | e.europa.esig.dss.validation.CommonCertificateVerifier  | + New CommonCertificateVerifier created. 
2023-04-28 11:52:24,821  INFO | pool-2-thread-33 | e.e.e.d.spi.x509.revocation.RepositoryRevocationSource  | Revocation token for certificate with Id 'C-96DB5CFA7ABACEB5C97C131CBBFB341DDD8E64FE68B587558AA8F082AB2670F2' has been loaded from the cache 
2023-04-28 11:52:24,821  INFO | pool-2-thread-16 | e.e.esig.dss.xades.validation.XAdESCertificateSource    | +XAdESCertificateSource 
2023-04-28 11:52:24,823  INFO | pool-2-thread-33 | eu.europa.esig.dss.validation.SignedDocumentValidator   | Default SignaturePolicyProvider instantiated with NativeHTTPDataLoader. 
2023-04-28 11:52:24,823  INFO | pool-2-thread-39 | e.e.esig.dss.xades.validation.XAdESCertificateSource    | +XAdESCertificateSource 
2023-04-28 11:52:24,826  INFO | pool-2-thread-32 | e.europa.esig.dss.validation.CommonCertificateVerifier  | + New CommonCertificateVerifier created. 
2023-04-28 11:52:24,826  INFO | pool-2-thread-29 | e.europa.esig.dss.validation.CommonCertificateVerifier  | + New CommonCertificateVerifier created. 
2023-04-28 11:52:24,828  INFO | pool-2-thread-5 | e.e.esig.dss.xades.validation.XAdESCertificateSource    | +XAdESCertificateSource 
2023-04-28 11:52:24,828  INFO | pool-2-thread-40 | e.e.esig.dss.xades.validation.XAdESCertificateSource    | +XAdESCertificateSource 
2023-04-28 11:52:24,832  INFO | pool-2-thread-1 | e.europa.esig.dss.validation.CommonCertificateVerifier  | + New CommonCertificateVerifier created. 
2023-04-28 11:52:24,835  INFO | pool-2-thread-32 | e.e.esig.dss.xades.validation.XAdESCertificateSource    | +XAdESCertificateSource 
2023-04-28 11:52:24,835  INFO | pool-2-thread-29 | eu.europa.esig.dss.spi.x509.revocation.ocsp.OCSPToken   | OCSP status is good 
2023-04-28 11:52:24,838  INFO | pool-2-thread-27 | e.europa.esig.dss.validation.CommonCertificateVerifier  | + New CommonCertificateVerifier created. 
2023-04-28 11:52:24,838  INFO | pool-2-thread-8 | e.europa.esig.dss.validation.CommonCertificateVerifier  | + New CommonCertificateVerifier created. 
2023-04-28 11:52:24,839  INFO | pool-2-thread-13 | e.europa.esig.dss.validation.CommonCertificateVerifier  | + New CommonCertificateVerifier created. 
2023-04-28 11:52:24,840  INFO | pool-2-thread-1 | e.e.esig.dss.xades.validation.XAdESCertificateSource    | +XAdESCertificateSource 
2023-04-28 11:52:24,838  INFO | pool-2-thread-29 | eu.europa.esig.dss.validation.SignedDocumentValidator   | Default SignaturePolicyProvider instantiated with NativeHTTPDataLoader. 
2023-04-28 11:52:24,845  INFO | pool-2-thread-21 | e.europa.esig.dss.validation.CommonCertificateVerifier  | + New CommonCertificateVerifier created. 
2023-04-28 11:52:24,845  INFO | pool-2-thread-39 | e.europa.esig.dss.validation.CommonCertificateVerifier  | + New CommonCertificateVerifier created. 
2023-04-28 11:52:24,846  INFO | pool-2-thread-27 | e.e.esig.dss.xades.validation.XAdESCertificateSource    | +XAdESCertificateSource 
2023-04-28 11:52:24,847  INFO | pool-2-thread-8 | e.e.esig.dss.xades.validation.XAdESCertificateSource    | +XAdESCertificateSource 
2023-04-28 11:52:24,851  INFO | pool-2-thread-39 | eu.europa.esig.dss.spi.x509.revocation.ocsp.OCSPToken   | OCSP status is good 
2023-04-28 11:52:24,853  INFO | pool-2-thread-37 | e.europa.esig.dss.validation.CommonCertificateVerifier  | + New CommonCertificateVerifier created. 
2023-04-28 11:52:24,853  INFO | pool-2-thread-39 | eu.europa.esig.dss.validation.SignedDocumentValidator   | Default SignaturePolicyProvider instantiated with NativeHTTPDataLoader. 
2023-04-28 11:52:24,854  INFO | pool-2-thread-9 | e.e.esig.dss.xades.validation.XAdESCertificateSource    | +XAdESCertificateSource 
2023-04-28 11:52:24,854  INFO | pool-2-thread-31 | e.e.esig.dss.xades.validation.XAdESCertificateSource    | +XAdESCertificateSource 
2023-04-28 11:52:24,859  WARN | pool-2-thread-37 | eu.europa.esig.dss.service.ocsp.OnlineOCSPSource        | No OCSP location found for C-FCBFEBCB6B78113DFD4C6CCFCBC2B1482992DF4C48E9DE1B3B7F16F33332BFCB 
2023-04-28 11:52:24,860  INFO | pool-2-thread-21 | e.e.esig.dss.xades.validation.XAdESCertificateSource    | +XAdESCertificateSource 
2023-04-28 11:52:24,860  INFO | pool-2-thread-37 | e.e.e.d.spi.x509.revocation.RepositoryRevocationSource  | Revocation token for certificate with Id 'C-FCBFEBCB6B78113DFD4C6CCFCBC2B1482992DF4C48E9DE1B3B7F16F33332BFCB' has been loaded from the cache 
2023-04-28 11:52:24,862  INFO | pool-2-thread-37 | eu.europa.esig.dss.spi.x509.revocation.ocsp.OCSPToken   | OCSP status is good 
2023-04-28 11:52:24,863  INFO | pool-2-thread-37 | e.e.e.d.spi.x509.revocation.RepositoryRevocationSource  | Revocation token for certificate with Id 'C-96DB5CFA7ABACEB5C97C131CBBFB341DDD8E64FE68B587558AA8F082AB2670F2' has been loaded from the cache 
2023-04-28 11:52:24,866  INFO | pool-2-thread-37 | eu.europa.esig.dss.validation.SignedDocumentValidator   | Default SignaturePolicyProvider instantiated with NativeHTTPDataLoader. 
2023-04-28 11:52:24,867  INFO | pool-2-thread-8 | e.europa.esig.dss.validation.CommonCertificateVerifier  | + New CommonCertificateVerifier created. 
2023-04-28 11:52:24,867  INFO | pool-2-thread-13 | e.e.esig.dss.xades.validation.XAdESCertificateSource    | +XAdESCertificateSource 
2023-04-28 11:52:24,867  INFO | pool-2-thread-31 | e.europa.esig.dss.validation.CommonCertificateVerifier  | + New CommonCertificateVerifier created. 
2023-04-28 11:52:24,867  INFO | pool-2-thread-27 | e.europa.esig.dss.validation.CommonCertificateVerifier  | + New CommonCertificateVerifier created. 
2023-04-28 11:52:24,869  INFO | pool-2-thread-28 | eu.europa.esig.dss.validation.SignedDocumentValidator   | Document validation... 
2023-04-28 11:52:24,872  INFO | pool-2-thread-8 | eu.europa.esig.dss.spi.x509.revocation.ocsp.OCSPToken   | OCSP status is good 
2023-04-28 11:52:24,872  WARN | pool-2-thread-27 | eu.europa.esig.dss.service.ocsp.OnlineOCSPSource        | No OCSP location found for C-FCBFEBCB6B78113DFD4C6CCFCBC2B1482992DF4C48E9DE1B3B7F16F33332BFCB 
2023-04-28 11:52:24,872  WARN | pool-2-thread-31 | eu.europa.esig.dss.service.ocsp.OnlineOCSPSource        | No OCSP location found for C-FCBFEBCB6B78113DFD4C6CCFCBC2B1482992DF4C48E9DE1B3B7F16F33332BFCB 
2023-04-28 11:52:24,874  INFO | pool-2-thread-31 | e.e.e.d.spi.x509.revocation.RepositoryRevocationSource  | Revocation token for certificate with Id 'C-FCBFEBCB6B78113DFD4C6CCFCBC2B1482992DF4C48E9DE1B3B7F16F33332BFCB' has been loaded from the cache 
2023-04-28 11:52:24,874  INFO | pool-2-thread-27 | e.e.e.d.spi.x509.revocation.RepositoryRevocationSource  | Revocation token for certificate with Id 'C-FCBFEBCB6B78113DFD4C6CCFCBC2B1482992DF4C48E9DE1B3B7F16F33332BFCB' has been loaded from the cache 
2023-04-28 11:52:24,874  INFO | pool-2-thread-22 | e.e.esig.dss.xades.validation.XAdESCertificateSource    | +XAdESCertificateSource 
2023-04-28 11:52:24,874  INFO | pool-2-thread-8 | eu.europa.esig.dss.validation.SignedDocumentValidator   | Default SignaturePolicyProvider instantiated with NativeHTTPDataLoader. 
2023-04-28 11:52:24,876  INFO | pool-2-thread-31 | eu.europa.esig.dss.spi.x509.revocation.ocsp.OCSPToken   | OCSP status is good 
2023-04-28 11:52:24,876  INFO | pool-2-thread-27 | eu.europa.esig.dss.spi.x509.revocation.ocsp.OCSPToken   | OCSP status is good 
2023-04-28 11:52:24,877  INFO | pool-2-thread-31 | e.e.e.d.spi.x509.revocation.RepositoryRevocationSource  | Revocation token for certificate with Id 'C-96DB5CFA7ABACEB5C97C131CBBFB341DDD8E64FE68B587558AA8F082AB2670F2' has been loaded from the cache 
2023-04-28 11:52:24,877  INFO | pool-2-thread-27 | e.e.e.d.spi.x509.revocation.RepositoryRevocationSource  | Revocation token for certificate with Id 'C-96DB5CFA7ABACEB5C97C131CBBFB341DDD8E64FE68B587558AA8F082AB2670F2' has been loaded from the cache 
2023-04-28 11:52:24,877  INFO | pool-2-thread-34 | eu.europa.esig.dss.validation.SignedDocumentValidator   | Default SignaturePolicyProvider instantiated with NativeHTTPDataLoader. 
2023-04-28 11:52:24,887  INFO | pool-2-thread-27 | eu.europa.esig.dss.validation.SignedDocumentValidator   | Default SignaturePolicyProvider instantiated with NativeHTTPDataLoader. 
2023-04-28 11:52:24,887  INFO | pool-2-thread-31 | eu.europa.esig.dss.validation.SignedDocumentValidator   | Default SignaturePolicyProvider instantiated with NativeHTTPDataLoader. 
2023-04-28 11:52:24,895  INFO | pool-2-thread-9 | e.europa.esig.dss.validation.CommonCertificateVerifier  | + New CommonCertificateVerifier created. 
2023-04-28 11:52:24,895  INFO | pool-2-thread-36 | e.e.esig.dss.xades.validation.XAdESCertificateSource    | +XAdESCertificateSource 
2023-04-28 11:52:24,899  INFO | pool-2-thread-32 | e.europa.esig.dss.validation.CommonCertificateVerifier  | + New CommonCertificateVerifier created. 
2023-04-28 11:52:24,904  WARN | pool-2-thread-9 | eu.europa.esig.dss.service.ocsp.OnlineOCSPSource        | No OCSP location found for C-FCBFEBCB6B78113DFD4C6CCFCBC2B1482992DF4C48E9DE1B3B7F16F33332BFCB 
2023-04-28 11:52:24,907  INFO | pool-2-thread-9 | e.e.e.d.spi.x509.revocation.RepositoryRevocationSource  | Revocation token for certificate with Id 'C-FCBFEBCB6B78113DFD4C6CCFCBC2B1482992DF4C48E9DE1B3B7F16F33332BFCB' has been loaded from the cache 
2023-04-28 11:52:24,909  INFO | pool-2-thread-40 | e.europa.esig.dss.validation.CommonCertificateVerifier  | + New CommonCertificateVerifier created. 
2023-04-28 11:52:24,909  INFO | pool-2-thread-38 | e.e.esig.dss.xades.validation.XAdESCertificateSource    | +XAdESCertificateSource 
2023-04-28 11:52:24,911  INFO | pool-2-thread-9 | eu.europa.esig.dss.spi.x509.revocation.ocsp.OCSPToken   | OCSP status is good 
2023-04-28 11:52:24,913  INFO | pool-2-thread-9 | e.e.e.d.spi.x509.revocation.RepositoryRevocationSource  | Revocation token for certificate with Id 'C-96DB5CFA7ABACEB5C97C131CBBFB341DDD8E64FE68B587558AA8F082AB2670F2' has been loaded from the cache 
2023-04-28 11:52:24,929  INFO | pool-2-thread-13 | e.europa.esig.dss.validation.CommonCertificateVerifier  | + New CommonCertificateVerifier created. 
2023-04-28 11:52:24,929  INFO | pool-2-thread-28 | e.europa.esig.dss.validation.CommonCertificateVerifier  | + New CommonCertificateVerifier created. 
2023-04-28 11:52:24,930  WARN | pool-2-thread-32 | eu.europa.esig.dss.service.ocsp.OnlineOCSPSource        | No OCSP location found for C-FCBFEBCB6B78113DFD4C6CCFCBC2B1482992DF4C48E9DE1B3B7F16F33332BFCB 
2023-04-28 11:52:24,931  INFO | pool-2-thread-32 | e.e.e.d.spi.x509.revocation.RepositoryRevocationSource  | Revocation token for certificate with Id 'C-FCBFEBCB6B78113DFD4C6CCFCBC2B1482992DF4C48E9DE1B3B7F16F33332BFCB' has been loaded from the cache 
2023-04-28 11:52:24,934  INFO | pool-2-thread-21 | e.europa.esig.dss.validation.CommonCertificateVerifier  | + New CommonCertificateVerifier created. 
2023-04-28 11:52:24,934  INFO | pool-2-thread-32 | eu.europa.esig.dss.spi.x509.revocation.ocsp.OCSPToken   | OCSP status is good 
2023-04-28 11:52:24,935  INFO | pool-2-thread-32 | e.e.e.d.spi.x509.revocation.RepositoryRevocationSource  | Revocation token for certificate with Id 'C-96DB5CFA7ABACEB5C97C131CBBFB341DDD8E64FE68B587558AA8F082AB2670F2' has been loaded from the cache 
2023-04-28 11:52:24,937  INFO | pool-2-thread-17 | e.europa.esig.dss.validation.CommonCertificateVerifier  | + New CommonCertificateVerifier created. 
2023-04-28 11:52:24,937  INFO | pool-2-thread-6 | e.europa.esig.dss.validation.CommonCertificateVerifier  | + New CommonCertificateVerifier created. 
2023-04-28 11:52:24,937  INFO | pool-2-thread-32 | eu.europa.esig.dss.validation.SignedDocumentValidator   | Default SignaturePolicyProvider instantiated with NativeHTTPDataLoader. 
2023-04-28 11:52:24,940  WARN | pool-2-thread-40 | eu.europa.esig.dss.service.ocsp.OnlineOCSPSource        | No OCSP location found for C-FCBFEBCB6B78113DFD4C6CCFCBC2B1482992DF4C48E9DE1B3B7F16F33332BFCB 
2023-04-28 11:52:24,940  INFO | pool-2-thread-21 | eu.europa.esig.dss.spi.x509.revocation.ocsp.OCSPToken   | OCSP status is good 
2023-04-28 11:52:24,942  INFO | pool-2-thread-40 | e.e.e.d.spi.x509.revocation.RepositoryRevocationSource  | Revocation token for certificate with Id 'C-FCBFEBCB6B78113DFD4C6CCFCBC2B1482992DF4C48E9DE1B3B7F16F33332BFCB' has been loaded from the cache 
2023-04-28 11:52:24,942  INFO | pool-2-thread-21 | eu.europa.esig.dss.validation.SignedDocumentValidator   | Default SignaturePolicyProvider instantiated with NativeHTTPDataLoader. 
2023-04-28 11:52:24,944  INFO | pool-2-thread-40 | eu.europa.esig.dss.spi.x509.revocation.ocsp.OCSPToken   | OCSP status is good 
2023-04-28 11:52:24,945  INFO | pool-2-thread-40 | e.e.e.d.spi.x509.revocation.RepositoryRevocationSource  | Revocation token for certificate with Id 'C-96DB5CFA7ABACEB5C97C131CBBFB341DDD8E64FE68B587558AA8F082AB2670F2' has been loaded from the cache 
2023-04-28 11:52:24,945  INFO | pool-2-thread-16 | e.europa.esig.dss.validation.CommonCertificateVerifier  | + New CommonCertificateVerifier created. 
2023-04-28 11:52:24,945  INFO | pool-2-thread-13 | eu.europa.esig.dss.spi.x509.revocation.ocsp.OCSPToken   | OCSP status is good 
2023-04-28 11:52:24,946  INFO | pool-2-thread-28 | e.e.esig.dss.xades.validation.XAdESCertificateSource    | +XAdESCertificateSource 
2023-04-28 11:52:24,947  INFO | pool-2-thread-40 | eu.europa.esig.dss.validation.SignedDocumentValidator   | Default SignaturePolicyProvider instantiated with NativeHTTPDataLoader. 
2023-04-28 11:52:24,948  INFO | pool-2-thread-13 | eu.europa.esig.dss.validation.SignedDocumentValidator   | Default SignaturePolicyProvider instantiated with NativeHTTPDataLoader. 
2023-04-28 11:52:24,952  INFO | pool-2-thread-36 | e.europa.esig.dss.validation.CommonCertificateVerifier  | + New CommonCertificateVerifier created. 
2023-04-28 11:52:24,955  INFO | pool-2-thread-16 | eu.europa.esig.dss.spi.x509.revocation.ocsp.OCSPToken   | OCSP status is good 
2023-04-28 11:52:24,956  INFO | pool-2-thread-6 | eu.europa.esig.dss.spi.x509.revocation.ocsp.OCSPToken   | OCSP status is good 
2023-04-28 11:52:24,956  WARN | pool-2-thread-17 | eu.europa.esig.dss.service.ocsp.OnlineOCSPSource        | No OCSP location found for C-FCBFEBCB6B78113DFD4C6CCFCBC2B1482992DF4C48E9DE1B3B7F16F33332BFCB 
2023-04-28 11:52:24,957  INFO | pool-2-thread-36 | eu.europa.esig.dss.spi.x509.revocation.ocsp.OCSPToken   | OCSP status is good 
2023-04-28 11:52:24,957  INFO | pool-2-thread-17 | e.e.e.d.spi.x509.revocation.RepositoryRevocationSource  | Revocation token for certificate with Id 'C-FCBFEBCB6B78113DFD4C6CCFCBC2B1482992DF4C48E9DE1B3B7F16F33332BFCB' has been loaded from the cache 
2023-04-28 11:52:24,957  INFO | pool-2-thread-16 | eu.europa.esig.dss.validation.SignedDocumentValidator   | Default SignaturePolicyProvider instantiated with NativeHTTPDataLoader. 
2023-04-28 11:52:24,959  INFO | pool-2-thread-17 | eu.europa.esig.dss.spi.x509.revocation.ocsp.OCSPToken   | OCSP status is good 
2023-04-28 11:52:24,959  INFO | pool-2-thread-22 | e.europa.esig.dss.validation.CommonCertificateVerifier  | + New CommonCertificateVerifier created. 
2023-04-28 11:52:24,959  INFO | pool-2-thread-36 | eu.europa.esig.dss.validation.SignedDocumentValidator   | Default SignaturePolicyProvider instantiated with NativeHTTPDataLoader. 
2023-04-28 11:52:24,960  INFO | pool-2-thread-17 | e.e.e.d.spi.x509.revocation.RepositoryRevocationSource  | Revocation token for certificate with Id 'C-96DB5CFA7ABACEB5C97C131CBBFB341DDD8E64FE68B587558AA8F082AB2670F2' has been loaded from the cache 
2023-04-28 11:52:24,960  INFO | pool-2-thread-6 | eu.europa.esig.dss.validation.SignedDocumentValidator   | Default SignaturePolicyProvider instantiated with NativeHTTPDataLoader. 
2023-04-28 11:52:24,961  INFO | pool-2-thread-17 | eu.europa.esig.dss.validation.SignedDocumentValidator   | Default SignaturePolicyProvider instantiated with NativeHTTPDataLoader. 
2023-04-28 11:52:24,969  INFO | pool-2-thread-5 | e.europa.esig.dss.validation.CommonCertificateVerifier  | + New CommonCertificateVerifier created. 
2023-04-28 11:52:24,971  INFO | pool-2-thread-30 | e.europa.esig.dss.validation.CommonCertificateVerifier  | + New CommonCertificateVerifier created. 
2023-04-28 11:52:24,974  INFO | pool-2-thread-10 | e.europa.esig.dss.validation.CommonCertificateVerifier  | + New CommonCertificateVerifier created. 
2023-04-28 11:52:24,975  INFO | pool-2-thread-22 | eu.europa.esig.dss.spi.x509.revocation.ocsp.OCSPToken   | OCSP status is good 
2023-04-28 11:52:24,977  INFO | pool-2-thread-22 | eu.europa.esig.dss.validation.SignedDocumentValidator   | Default SignaturePolicyProvider instantiated with NativeHTTPDataLoader. 
2023-04-28 11:52:24,979  INFO | pool-2-thread-38 | e.europa.esig.dss.validation.CommonCertificateVerifier  | + New CommonCertificateVerifier created. 
2023-04-28 11:52:24,979  INFO | pool-2-thread-12 | eu.europa.esig.dss.validation.SignedDocumentValidator   | Document validation... 
2023-04-28 11:52:24,984  INFO | pool-2-thread-10 | eu.europa.esig.dss.spi.x509.revocation.ocsp.OCSPToken   | OCSP status is good 
2023-04-28 11:52:24,988  INFO | pool-2-thread-10 | eu.europa.esig.dss.validation.SignedDocumentValidator   | Default SignaturePolicyProvider instantiated with NativeHTTPDataLoader. 
2023-04-28 11:52:24,990  WARN | pool-2-thread-38 | eu.europa.esig.dss.service.ocsp.OnlineOCSPSource        | No OCSP location found for C-FCBFEBCB6B78113DFD4C6CCFCBC2B1482992DF4C48E9DE1B3B7F16F33332BFCB 
2023-04-28 11:52:24,993  INFO | pool-2-thread-38 | e.e.e.d.spi.x509.revocation.RepositoryRevocationSource  | Revocation token for certificate with Id 'C-FCBFEBCB6B78113DFD4C6CCFCBC2B1482992DF4C48E9DE1B3B7F16F33332BFCB' has been loaded from the cache 
2023-04-28 11:52:25,001  INFO | pool-2-thread-12 | e.europa.esig.dss.validation.CommonCertificateVerifier  | + New CommonCertificateVerifier created. 
2023-04-28 11:52:25,003  INFO | pool-2-thread-30 | eu.europa.esig.dss.spi.x509.revocation.ocsp.OCSPToken   | OCSP status is good 
2023-04-28 11:52:25,007  WARN | pool-2-thread-5 | eu.europa.esig.dss.service.ocsp.OnlineOCSPSource        | No OCSP location found for C-FCBFEBCB6B78113DFD4C6CCFCBC2B1482992DF4C48E9DE1B3B7F16F33332BFCB 
2023-04-28 11:52:25,007  INFO | pool-2-thread-30 | eu.europa.esig.dss.validation.SignedDocumentValidator   | Default SignaturePolicyProvider instantiated with NativeHTTPDataLoader. 
2023-04-28 11:52:25,008  INFO | pool-2-thread-5 | e.e.e.d.spi.x509.revocation.RepositoryRevocationSource  | Revocation token for certificate with Id 'C-FCBFEBCB6B78113DFD4C6CCFCBC2B1482992DF4C48E9DE1B3B7F16F33332BFCB' has been loaded from the cache 
2023-04-28 11:52:25,009  INFO | pool-2-thread-12 | e.e.esig.dss.xades.validation.XAdESCertificateSource    | +XAdESCertificateSource 
2023-04-28 11:52:25,011  INFO | pool-2-thread-5 | eu.europa.esig.dss.spi.x509.revocation.ocsp.OCSPToken   | OCSP status is good 
2023-04-28 11:52:25,012  INFO | pool-2-thread-5 | e.e.e.d.spi.x509.revocation.RepositoryRevocationSource  | Revocation token for certificate with Id 'C-96DB5CFA7ABACEB5C97C131CBBFB341DDD8E64FE68B587558AA8F082AB2670F2' has been loaded from the cache 
2023-04-28 11:52:25,014  INFO | pool-2-thread-5 | eu.europa.esig.dss.validation.SignedDocumentValidator   | Default SignaturePolicyProvider instantiated with NativeHTTPDataLoader. 
2023-04-28 11:52:25,016  INFO | pool-2-thread-23 | eu.europa.esig.dss.validation.SignedDocumentValidator   | Document validation... 
2023-04-28 11:52:25,026  INFO | pool-2-thread-23 | e.europa.esig.dss.validation.CommonCertificateVerifier  | + New CommonCertificateVerifier created. 
2023-04-28 11:52:25,034  INFO | pool-2-thread-28 | e.europa.esig.dss.validation.CommonCertificateVerifier  | + New CommonCertificateVerifier created. 
2023-04-28 11:52:25,055  INFO | pool-2-thread-1 | e.europa.esig.dss.validation.CommonCertificateVerifier  | + New CommonCertificateVerifier created. 
2023-04-28 11:52:25,059  INFO | pool-2-thread-9 | eu.europa.esig.dss.validation.SignedDocumentValidator   | Default SignaturePolicyProvider instantiated with NativeHTTPDataLoader. 
2023-04-28 11:52:25,060  WARN | pool-2-thread-28 | eu.europa.esig.dss.service.ocsp.OnlineOCSPSource        | No OCSP location found for C-FCBFEBCB6B78113DFD4C6CCFCBC2B1482992DF4C48E9DE1B3B7F16F33332BFCB 
2023-04-28 11:52:25,062  INFO | pool-2-thread-28 | e.e.e.d.spi.x509.revocation.RepositoryRevocationSource  | Revocation token for certificate with Id 'C-FCBFEBCB6B78113DFD4C6CCFCBC2B1482992DF4C48E9DE1B3B7F16F33332BFCB' has been loaded from the cache 
2023-04-28 11:52:25,064  INFO | pool-2-thread-28 | eu.europa.esig.dss.spi.x509.revocation.ocsp.OCSPToken   | OCSP status is good 
2023-04-28 11:52:25,065  INFO | pool-2-thread-28 | e.e.e.d.spi.x509.revocation.RepositoryRevocationSource  | Revocation token for certificate with Id 'C-96DB5CFA7ABACEB5C97C131CBBFB341DDD8E64FE68B587558AA8F082AB2670F2' has been loaded from the cache 
2023-04-28 11:52:25,068  INFO | pool-2-thread-28 | eu.europa.esig.dss.validation.SignedDocumentValidator   | Default SignaturePolicyProvider instantiated with NativeHTTPDataLoader. 
2023-04-28 11:52:25,068  WARN | pool-2-thread-1 | eu.europa.esig.dss.service.ocsp.OnlineOCSPSource        | No OCSP location found for C-FCBFEBCB6B78113DFD4C6CCFCBC2B1482992DF4C48E9DE1B3B7F16F33332BFCB 
2023-04-28 11:52:25,070  INFO | pool-2-thread-1 | e.e.e.d.spi.x509.revocation.RepositoryRevocationSource  | Revocation token for certificate with Id 'C-FCBFEBCB6B78113DFD4C6CCFCBC2B1482992DF4C48E9DE1B3B7F16F33332BFCB' has been loaded from the cache 
2023-04-28 11:52:25,072  INFO | pool-2-thread-1 | eu.europa.esig.dss.spi.x509.revocation.ocsp.OCSPToken   | OCSP status is good 
2023-04-28 11:52:25,073  INFO | pool-2-thread-1 | e.e.e.d.spi.x509.revocation.RepositoryRevocationSource  | Revocation token for certificate with Id 'C-96DB5CFA7ABACEB5C97C131CBBFB341DDD8E64FE68B587558AA8F082AB2670F2' has been loaded from the cache 
2023-04-28 11:52:25,076  INFO | pool-2-thread-1 | eu.europa.esig.dss.validation.SignedDocumentValidator   | Default SignaturePolicyProvider instantiated with NativeHTTPDataLoader. 
2023-04-28 11:52:25,077  INFO | pool-2-thread-32 | eu.europa.esig.dss.validation.SignedDocumentValidator   | Document validation... 
2023-04-28 11:52:25,080  INFO | pool-2-thread-6 | eu.europa.esig.dss.validation.SignedDocumentValidator   | Document validation... 
2023-04-28 11:52:25,080  INFO | pool-2-thread-38 | eu.europa.esig.dss.spi.x509.revocation.ocsp.OCSPToken   | OCSP status is good 
2023-04-28 11:52:25,082  INFO | pool-2-thread-38 | e.e.e.d.spi.x509.revocation.RepositoryRevocationSource  | Revocation token for certificate with Id 'C-96DB5CFA7ABACEB5C97C131CBBFB341DDD8E64FE68B587558AA8F082AB2670F2' has been loaded from the cache 
2023-04-28 11:52:25,084  INFO | pool-2-thread-32 | e.europa.esig.dss.validation.CommonCertificateVerifier  | + New CommonCertificateVerifier created. 
2023-04-28 11:52:25,085  INFO | pool-2-thread-38 | eu.europa.esig.dss.validation.SignedDocumentValidator   | Default SignaturePolicyProvider instantiated with NativeHTTPDataLoader. 
2023-04-28 11:52:25,087  INFO | pool-2-thread-6 | e.europa.esig.dss.validation.CommonCertificateVerifier  | + New CommonCertificateVerifier created. 
2023-04-28 11:52:25,091  INFO | pool-2-thread-32 | e.e.esig.dss.xades.validation.XAdESCertificateSource    | +XAdESCertificateSource 
2023-04-28 11:52:25,099  INFO | pool-2-thread-23 | e.e.esig.dss.xades.validation.XAdESCertificateSource    | +XAdESCertificateSource 
2023-04-28 11:52:25,105  INFO | pool-2-thread-12 | e.europa.esig.dss.validation.CommonCertificateVerifier  | + New CommonCertificateVerifier created. 
2023-04-28 11:52:25,111  INFO | pool-2-thread-12 | eu.europa.esig.dss.spi.x509.revocation.ocsp.OCSPToken   | OCSP status is good 
2023-04-28 11:52:25,113  INFO | pool-2-thread-23 | e.europa.esig.dss.validation.CommonCertificateVerifier  | + New CommonCertificateVerifier created. 
2023-04-28 11:52:25,113  INFO | pool-2-thread-12 | eu.europa.esig.dss.validation.SignedDocumentValidator   | Default SignaturePolicyProvider instantiated with NativeHTTPDataLoader. 
2023-04-28 11:52:25,119  WARN | pool-2-thread-23 | eu.europa.esig.dss.service.ocsp.OnlineOCSPSource        | No OCSP location found for C-FCBFEBCB6B78113DFD4C6CCFCBC2B1482992DF4C48E9DE1B3B7F16F33332BFCB 
2023-04-28 11:52:25,121  INFO | pool-2-thread-6 | e.e.esig.dss.xades.validation.XAdESCertificateSource    | +XAdESCertificateSource 
2023-04-28 11:52:25,121  INFO | pool-2-thread-23 | e.e.e.d.spi.x509.revocation.RepositoryRevocationSource  | Revocation token for certificate with Id 'C-FCBFEBCB6B78113DFD4C6CCFCBC2B1482992DF4C48E9DE1B3B7F16F33332BFCB' has been loaded from the cache 
2023-04-28 11:52:25,123  INFO | pool-2-thread-36 | eu.europa.esig.dss.validation.SignedDocumentValidator   | Document validation... 
2023-04-28 11:52:25,123  INFO | pool-2-thread-23 | eu.europa.esig.dss.spi.x509.revocation.ocsp.OCSPToken   | OCSP status is good 
2023-04-28 11:52:25,123  INFO | pool-2-thread-20 | eu.europa.esig.dss.validation.SignedDocumentValidator   | Document validation... 
2023-04-28 11:52:25,124  INFO | pool-2-thread-23 | e.e.e.d.spi.x509.revocation.RepositoryRevocationSource  | Revocation token for certificate with Id 'C-96DB5CFA7ABACEB5C97C131CBBFB341DDD8E64FE68B587558AA8F082AB2670F2' has been loaded from the cache 
2023-04-28 11:52:25,127  INFO | pool-2-thread-23 | eu.europa.esig.dss.validation.SignedDocumentValidator   | Default SignaturePolicyProvider instantiated with NativeHTTPDataLoader. 
2023-04-28 11:52:25,133  INFO | pool-2-thread-4 | eu.europa.esig.dss.validation.SignedDocumentValidator   | Document validation... 
2023-04-28 11:52:25,133  INFO | pool-2-thread-16 | eu.europa.esig.dss.validation.SignedDocumentValidator   | Document validation... 
2023-04-28 11:52:25,134  INFO | pool-2-thread-3 | eu.europa.esig.dss.validation.SignedDocumentValidator   | Document validation... 
2023-04-28 11:52:25,134  INFO | pool-2-thread-19 | eu.europa.esig.dss.validation.SignedDocumentValidator   | Document validation... 
2023-04-28 11:52:25,138  INFO | pool-2-thread-20 | e.europa.esig.dss.validation.CommonCertificateVerifier  | + New CommonCertificateVerifier created. 
2023-04-28 11:52:25,140  INFO | pool-2-thread-39 | eu.europa.esig.dss.validation.SignedDocumentValidator   | Document validation... 
2023-04-28 11:52:25,140  INFO | pool-2-thread-18 | eu.europa.esig.dss.validation.SignedDocumentValidator   | Document validation... 
2023-04-28 11:52:25,141  INFO | pool-2-thread-15 | eu.europa.esig.dss.validation.SignedDocumentValidator   | Document validation... 
2023-04-28 11:52:25,142  INFO | pool-2-thread-7 | eu.europa.esig.dss.validation.SignedDocumentValidator   | Document validation... 
2023-04-28 11:52:25,143  INFO | pool-2-thread-35 | eu.europa.esig.dss.validation.SignedDocumentValidator   | Document validation... 
2023-04-28 11:52:25,145  INFO | pool-2-thread-14 | eu.europa.esig.dss.validation.SignedDocumentValidator   | Document validation... 
2023-04-28 11:52:25,147  INFO | pool-2-thread-20 | e.e.esig.dss.xades.validation.XAdESCertificateSource    | +XAdESCertificateSource 
2023-04-28 11:52:25,148  INFO | pool-2-thread-4 | e.europa.esig.dss.validation.CommonCertificateVerifier  | + New CommonCertificateVerifier created. 
2023-04-28 11:52:25,148  INFO | pool-2-thread-6 | e.europa.esig.dss.validation.CommonCertificateVerifier  | + New CommonCertificateVerifier created. 
2023-04-28 11:52:25,148  INFO | pool-2-thread-7 | e.europa.esig.dss.validation.CommonCertificateVerifier  | + New CommonCertificateVerifier created. 
2023-04-28 11:52:25,148  INFO | pool-2-thread-35 | e.europa.esig.dss.validation.CommonCertificateVerifier  | + New CommonCertificateVerifier created. 
2023-04-28 11:52:25,151  INFO | pool-2-thread-18 | e.europa.esig.dss.validation.CommonCertificateVerifier  | + New CommonCertificateVerifier created. 
2023-04-28 11:52:25,152  INFO | pool-2-thread-39 | e.europa.esig.dss.validation.CommonCertificateVerifier  | + New CommonCertificateVerifier created. 
2023-04-28 11:52:25,153  INFO | pool-2-thread-3 | e.europa.esig.dss.validation.CommonCertificateVerifier  | + New CommonCertificateVerifier created. 
2023-04-28 11:52:25,153  INFO | pool-2-thread-33 | eu.europa.esig.dss.validation.SignedDocumentValidator   | Document validation... 
2023-04-28 11:52:25,153  INFO | pool-2-thread-34 | eu.europa.esig.dss.validation.SignedDocumentValidator   | Document validation... 
2023-04-28 11:52:25,154  INFO | pool-2-thread-7 | e.e.esig.dss.xades.validation.XAdESCertificateSource    | +XAdESCertificateSource 
2023-04-28 11:52:25,155  INFO | pool-2-thread-15 | e.europa.esig.dss.validation.CommonCertificateVerifier  | + New CommonCertificateVerifier created. 
2023-04-28 11:52:25,156  INFO | pool-2-thread-14 | e.europa.esig.dss.validation.CommonCertificateVerifier  | + New CommonCertificateVerifier created. 
2023-04-28 11:52:25,157  INFO | pool-2-thread-25 | eu.europa.esig.dss.validation.SignedDocumentValidator   | Document validation... 
2023-04-28 11:52:25,158  INFO | pool-2-thread-17 | eu.europa.esig.dss.validation.SignedDocumentValidator   | Document validation... 
2023-04-28 11:52:25,158  INFO | pool-2-thread-6 | eu.europa.esig.dss.spi.x509.revocation.ocsp.OCSPToken   | OCSP status is good 
2023-04-28 11:52:25,161  INFO | pool-2-thread-35 | e.e.esig.dss.xades.validation.XAdESCertificateSource    | +XAdESCertificateSource 
2023-04-28 11:52:25,162  INFO | pool-2-thread-4 | e.e.esig.dss.xades.validation.XAdESCertificateSource    | +XAdESCertificateSource 
2023-04-28 11:52:25,164  INFO | pool-2-thread-6 | eu.europa.esig.dss.validation.SignedDocumentValidator   | Default SignaturePolicyProvider instantiated with NativeHTTPDataLoader. 
2023-04-28 11:52:25,166  INFO | pool-2-thread-18 | e.e.esig.dss.xades.validation.XAdESCertificateSource    | +XAdESCertificateSource 
2023-04-28 11:52:25,167  INFO | pool-2-thread-14 | e.e.esig.dss.xades.validation.XAdESCertificateSource    | +XAdESCertificateSource 
2023-04-28 11:52:25,168  INFO | pool-2-thread-3 | e.e.esig.dss.xades.validation.XAdESCertificateSource    | +XAdESCertificateSource 
2023-04-28 11:52:25,170  INFO | pool-2-thread-15 | e.e.esig.dss.xades.validation.XAdESCertificateSource    | +XAdESCertificateSource 
2023-04-28 11:52:25,170  INFO | pool-2-thread-19 | e.europa.esig.dss.validation.CommonCertificateVerifier  | + New CommonCertificateVerifier created. 
2023-04-28 11:52:25,170  INFO | pool-2-thread-29 | eu.europa.esig.dss.validation.SignedDocumentValidator   | Document validation... 
2023-04-28 11:52:25,171  INFO | pool-2-thread-39 | e.e.esig.dss.xades.validation.XAdESCertificateSource    | +XAdESCertificateSource 
2023-04-28 11:52:25,173  INFO | pool-2-thread-8 | eu.europa.esig.dss.validation.SignedDocumentValidator   | Document validation... 
2023-04-28 11:52:25,175  INFO | pool-2-thread-33 | e.europa.esig.dss.validation.CommonCertificateVerifier  | + New CommonCertificateVerifier created. 
2023-04-28 11:52:25,175  INFO | pool-2-thread-16 | e.europa.esig.dss.validation.CommonCertificateVerifier  | + New CommonCertificateVerifier created. 
2023-04-28 11:52:25,177  INFO | pool-2-thread-26 | eu.europa.esig.dss.validation.SignedDocumentValidator   | Document validation... 
2023-04-28 11:52:25,179  INFO | pool-2-thread-2 | eu.europa.esig.dss.validation.SignedDocumentValidator   | Document validation... 
2023-04-28 11:52:25,180  INFO | pool-2-thread-20 | e.europa.esig.dss.validation.CommonCertificateVerifier  | + New CommonCertificateVerifier created. 
2023-04-28 11:52:25,180  INFO | pool-2-thread-36 | e.europa.esig.dss.validation.CommonCertificateVerifier  | + New CommonCertificateVerifier created. 
2023-04-28 11:52:25,185  INFO | pool-2-thread-34 | e.europa.esig.dss.validation.CommonCertificateVerifier  | + New CommonCertificateVerifier created. 
2023-04-28 11:52:25,187  INFO | pool-2-thread-16 | e.e.esig.dss.xades.validation.XAdESCertificateSource    | +XAdESCertificateSource 
2023-04-28 11:52:25,191  INFO | pool-2-thread-20 | eu.europa.esig.dss.spi.x509.revocation.ocsp.OCSPToken   | OCSP status is good 
2023-04-28 11:52:25,191  INFO | pool-2-thread-15 | e.europa.esig.dss.validation.CommonCertificateVerifier  | + New CommonCertificateVerifier created. 
2023-04-28 11:52:25,194  INFO | pool-2-thread-20 | eu.europa.esig.dss.validation.SignedDocumentValidator   | Default SignaturePolicyProvider instantiated with NativeHTTPDataLoader. 
2023-04-28 11:52:25,195  INFO | pool-2-thread-36 | e.e.esig.dss.xades.validation.XAdESCertificateSource    | +XAdESCertificateSource 
2023-04-28 11:52:25,197  INFO | pool-2-thread-34 | e.e.esig.dss.xades.validation.XAdESCertificateSource    | +XAdESCertificateSource 
2023-04-28 11:52:25,197  INFO | pool-2-thread-33 | e.e.esig.dss.xades.validation.XAdESCertificateSource    | +XAdESCertificateSource 
2023-04-28 11:52:25,197  INFO | pool-2-thread-15 | eu.europa.esig.dss.spi.x509.revocation.ocsp.OCSPToken   | OCSP status is good 
2023-04-28 11:52:25,200  INFO | pool-2-thread-15 | eu.europa.esig.dss.validation.SignedDocumentValidator   | Default SignaturePolicyProvider instantiated with NativeHTTPDataLoader. 
2023-04-28 11:52:25,202  INFO | pool-2-thread-25 | e.europa.esig.dss.validation.CommonCertificateVerifier  | + New CommonCertificateVerifier created. 
2023-04-28 11:52:25,205  INFO | pool-2-thread-7 | e.europa.esig.dss.validation.CommonCertificateVerifier  | + New CommonCertificateVerifier created. 
2023-04-28 11:52:25,208  INFO | pool-2-thread-19 | e.e.esig.dss.xades.validation.XAdESCertificateSource    | +XAdESCertificateSource 
2023-04-28 11:52:25,209  INFO | pool-2-thread-25 | e.e.esig.dss.xades.validation.XAdESCertificateSource    | +XAdESCertificateSource 
2023-04-28 11:52:25,209  INFO | pool-2-thread-35 | e.europa.esig.dss.validation.CommonCertificateVerifier  | + New CommonCertificateVerifier created. 
2023-04-28 11:52:25,209  INFO | pool-2-thread-29 | e.europa.esig.dss.validation.CommonCertificateVerifier  | + New CommonCertificateVerifier created. 
2023-04-28 11:52:25,210  WARN | pool-2-thread-7 | eu.europa.esig.dss.service.ocsp.OnlineOCSPSource        | No OCSP location found for C-FCBFEBCB6B78113DFD4C6CCFCBC2B1482992DF4C48E9DE1B3B7F16F33332BFCB 
2023-04-28 11:52:25,210  INFO | pool-2-thread-36 | e.europa.esig.dss.validation.CommonCertificateVerifier  | + New CommonCertificateVerifier created. 
2023-04-28 11:52:25,211  INFO | pool-2-thread-7 | e.e.e.d.spi.x509.revocation.RepositoryRevocationSource  | Revocation token for certificate with Id 'C-FCBFEBCB6B78113DFD4C6CCFCBC2B1482992DF4C48E9DE1B3B7F16F33332BFCB' has been loaded from the cache 
2023-04-28 11:52:25,211  INFO | pool-2-thread-17 | e.europa.esig.dss.validation.CommonCertificateVerifier  | + New CommonCertificateVerifier created. 
2023-04-28 11:52:25,213  INFO | pool-2-thread-7 | eu.europa.esig.dss.spi.x509.revocation.ocsp.OCSPToken   | OCSP status is good 
2023-04-28 11:52:25,214  INFO | pool-2-thread-7 | e.e.e.d.spi.x509.revocation.RepositoryRevocationSource  | Revocation token for certificate with Id 'C-96DB5CFA7ABACEB5C97C131CBBFB341DDD8E64FE68B587558AA8F082AB2670F2' has been loaded from the cache 
2023-04-28 11:52:25,214  INFO | pool-2-thread-4 | e.europa.esig.dss.validation.CommonCertificateVerifier  | + New CommonCertificateVerifier created. 
2023-04-28 11:52:25,215  INFO | pool-2-thread-7 | eu.europa.esig.dss.validation.SignedDocumentValidator   | Default SignaturePolicyProvider instantiated with NativeHTTPDataLoader. 
2023-04-28 11:52:25,215  INFO | pool-2-thread-2 | e.europa.esig.dss.validation.CommonCertificateVerifier  | + New CommonCertificateVerifier created. 
2023-04-28 11:52:25,216  INFO | pool-2-thread-35 | eu.europa.esig.dss.spi.x509.revocation.ocsp.OCSPToken   | OCSP status is good 
2023-04-28 11:52:25,217  INFO | pool-2-thread-36 | eu.europa.esig.dss.spi.x509.revocation.ocsp.OCSPToken   | OCSP status is good 
2023-04-28 11:52:25,217  INFO | pool-2-thread-14 | e.europa.esig.dss.validation.CommonCertificateVerifier  | + New CommonCertificateVerifier created. 
2023-04-28 11:52:25,218  INFO | pool-2-thread-35 | eu.europa.esig.dss.validation.SignedDocumentValidator   | Default SignaturePolicyProvider instantiated with NativeHTTPDataLoader. 
2023-04-28 11:52:25,219  INFO | pool-2-thread-36 | eu.europa.esig.dss.validation.SignedDocumentValidator   | Default SignaturePolicyProvider instantiated with NativeHTTPDataLoader. 
2023-04-28 11:52:25,220  INFO | pool-2-thread-29 | e.e.esig.dss.xades.validation.XAdESCertificateSource    | +XAdESCertificateSource 
2023-04-28 11:52:25,221  INFO | pool-2-thread-39 | e.europa.esig.dss.validation.CommonCertificateVerifier  | + New CommonCertificateVerifier created. 
2023-04-28 11:52:25,221  INFO | pool-2-thread-3 | e.europa.esig.dss.validation.CommonCertificateVerifier  | + New CommonCertificateVerifier created. 
2023-04-28 11:52:25,225  INFO | pool-2-thread-17 | e.e.esig.dss.xades.validation.XAdESCertificateSource    | +XAdESCertificateSource 
2023-04-28 11:52:25,225  INFO | pool-2-thread-31 | eu.europa.esig.dss.validation.SignedDocumentValidator   | Document validation... 
2023-04-28 11:52:25,225  INFO | pool-2-thread-18 | e.europa.esig.dss.validation.CommonCertificateVerifier  | + New CommonCertificateVerifier created. 
2023-04-28 11:52:25,225  INFO | pool-2-thread-16 | e.europa.esig.dss.validation.CommonCertificateVerifier  | + New CommonCertificateVerifier created. 
2023-04-28 11:52:25,227  INFO | pool-2-thread-26 | e.europa.esig.dss.validation.CommonCertificateVerifier  | + New CommonCertificateVerifier created. 
2023-04-28 11:52:25,227  INFO | pool-2-thread-19 | e.europa.esig.dss.validation.CommonCertificateVerifier  | + New CommonCertificateVerifier created. 
2023-04-28 11:52:25,243  INFO | pool-2-thread-3 | eu.europa.esig.dss.spi.x509.revocation.ocsp.OCSPToken   | OCSP status is good 
2023-04-28 11:52:25,243  WARN | pool-2-thread-39 | eu.europa.esig.dss.service.ocsp.OnlineOCSPSource        | No OCSP location found for C-FCBFEBCB6B78113DFD4C6CCFCBC2B1482992DF4C48E9DE1B3B7F16F33332BFCB 
2023-04-28 11:52:25,244  INFO | pool-2-thread-39 | e.e.e.d.spi.x509.revocation.RepositoryRevocationSource  | Revocation token for certificate with Id 'C-FCBFEBCB6B78113DFD4C6CCFCBC2B1482992DF4C48E9DE1B3B7F16F33332BFCB' has been loaded from the cache 
2023-04-28 11:52:25,245  INFO | pool-2-thread-3 | eu.europa.esig.dss.validation.SignedDocumentValidator   | Default SignaturePolicyProvider instantiated with NativeHTTPDataLoader. 
2023-04-28 11:52:25,245  INFO | pool-2-thread-39 | eu.europa.esig.dss.spi.x509.revocation.ocsp.OCSPToken   | OCSP status is good 
2023-04-28 11:52:25,246  INFO | pool-2-thread-4 | eu.europa.esig.dss.spi.x509.revocation.ocsp.OCSPToken   | OCSP status is good 
2023-04-28 11:52:25,246  INFO | pool-2-thread-39 | e.e.e.d.spi.x509.revocation.RepositoryRevocationSource  | Revocation token for certificate with Id 'C-96DB5CFA7ABACEB5C97C131CBBFB341DDD8E64FE68B587558AA8F082AB2670F2' has been loaded from the cache 
2023-04-28 11:52:25,248  INFO | pool-2-thread-39 | eu.europa.esig.dss.validation.SignedDocumentValidator   | Default SignaturePolicyProvider instantiated with NativeHTTPDataLoader. 
2023-04-28 11:52:25,249  INFO | pool-2-thread-4 | eu.europa.esig.dss.validation.SignedDocumentValidator   | Default SignaturePolicyProvider instantiated with NativeHTTPDataLoader. 
2023-04-28 11:52:25,256  INFO | pool-2-thread-32 | e.europa.esig.dss.validation.CommonCertificateVerifier  | + New CommonCertificateVerifier created. 
2023-04-28 11:52:25,257  INFO | pool-2-thread-33 | e.europa.esig.dss.validation.CommonCertificateVerifier  | + New CommonCertificateVerifier created. 
2023-04-28 11:52:25,259  INFO | pool-2-thread-34 | e.europa.esig.dss.validation.CommonCertificateVerifier  | + New CommonCertificateVerifier created. 
2023-04-28 11:52:25,259  INFO | pool-2-thread-25 | e.europa.esig.dss.validation.CommonCertificateVerifier  | + New CommonCertificateVerifier created. 
2023-04-28 11:52:25,259  INFO | pool-2-thread-11 | eu.europa.esig.dss.validation.SignedDocumentValidator   | Document validation... 
2023-04-28 11:52:25,264  WARN | pool-2-thread-19 | eu.europa.esig.dss.service.ocsp.OnlineOCSPSource        | No OCSP location found for C-FCBFEBCB6B78113DFD4C6CCFCBC2B1482992DF4C48E9DE1B3B7F16F33332BFCB 
2023-04-28 11:52:25,267  INFO | pool-2-thread-19 | e.e.e.d.spi.x509.revocation.RepositoryRevocationSource  | Revocation token for certificate with Id 'C-FCBFEBCB6B78113DFD4C6CCFCBC2B1482992DF4C48E9DE1B3B7F16F33332BFCB' has been loaded from the cache 
2023-04-28 11:52:25,269  INFO | pool-2-thread-19 | eu.europa.esig.dss.spi.x509.revocation.ocsp.OCSPToken   | OCSP status is good 
2023-04-28 11:52:25,270  INFO | pool-2-thread-19 | e.e.e.d.spi.x509.revocation.RepositoryRevocationSource  | Revocation token for certificate with Id 'C-96DB5CFA7ABACEB5C97C131CBBFB341DDD8E64FE68B587558AA8F082AB2670F2' has been loaded from the cache 
2023-04-28 11:52:25,270  WARN | pool-2-thread-32 | eu.europa.esig.dss.service.ocsp.OnlineOCSPSource        | No OCSP location found for C-FCBFEBCB6B78113DFD4C6CCFCBC2B1482992DF4C48E9DE1B3B7F16F33332BFCB 
2023-04-28 11:52:25,270  INFO | pool-2-thread-34 | eu.europa.esig.dss.spi.x509.revocation.ocsp.OCSPToken   | OCSP status is good 
2023-04-28 11:52:25,272  INFO | pool-2-thread-19 | eu.europa.esig.dss.validation.SignedDocumentValidator   | Default SignaturePolicyProvider instantiated with NativeHTTPDataLoader. 
2023-04-28 11:52:25,273  INFO | pool-2-thread-32 | e.e.e.d.spi.x509.revocation.RepositoryRevocationSource  | Revocation token for certificate with Id 'C-FCBFEBCB6B78113DFD4C6CCFCBC2B1482992DF4C48E9DE1B3B7F16F33332BFCB' has been loaded from the cache 
2023-04-28 11:52:25,273  INFO | pool-2-thread-34 | eu.europa.esig.dss.validation.SignedDocumentValidator   | Default SignaturePolicyProvider instantiated with NativeHTTPDataLoader. 
2023-04-28 11:52:25,274  INFO | pool-2-thread-32 | eu.europa.esig.dss.spi.x509.revocation.ocsp.OCSPToken   | OCSP status is good 
2023-04-28 11:52:25,275  INFO | pool-2-thread-33 | eu.europa.esig.dss.spi.x509.revocation.ocsp.OCSPToken   | OCSP status is good 
2023-04-28 11:52:25,275  INFO | pool-2-thread-31 | e.europa.esig.dss.validation.CommonCertificateVerifier  | + New CommonCertificateVerifier created. 
2023-04-28 11:52:25,275  INFO | pool-2-thread-32 | e.e.e.d.spi.x509.revocation.RepositoryRevocationSource  | Revocation token for certificate with Id 'C-96DB5CFA7ABACEB5C97C131CBBFB341DDD8E64FE68B587558AA8F082AB2670F2' has been loaded from the cache 
2023-04-28 11:52:25,276  WARN | pool-2-thread-25 | eu.europa.esig.dss.service.ocsp.OnlineOCSPSource        | No OCSP location found for C-FCBFEBCB6B78113DFD4C6CCFCBC2B1482992DF4C48E9DE1B3B7F16F33332BFCB 
2023-04-28 11:52:25,276  INFO | pool-2-thread-16 | eu.europa.esig.dss.spi.x509.revocation.ocsp.OCSPToken   | OCSP status is good 
2023-04-28 11:52:25,277  INFO | pool-2-thread-25 | e.e.e.d.spi.x509.revocation.RepositoryRevocationSource  | Revocation token for certificate with Id 'C-FCBFEBCB6B78113DFD4C6CCFCBC2B1482992DF4C48E9DE1B3B7F16F33332BFCB' has been loaded from the cache 
2023-04-28 11:52:25,277  INFO | pool-2-thread-32 | eu.europa.esig.dss.validation.SignedDocumentValidator   | Default SignaturePolicyProvider instantiated with NativeHTTPDataLoader. 
2023-04-28 11:52:25,278  INFO | pool-2-thread-16 | eu.europa.esig.dss.validation.SignedDocumentValidator   | Default SignaturePolicyProvider instantiated with NativeHTTPDataLoader. 
2023-04-28 11:52:25,279  INFO | pool-2-thread-25 | eu.europa.esig.dss.spi.x509.revocation.ocsp.OCSPToken   | OCSP status is good 
2023-04-28 11:52:25,280  INFO | pool-2-thread-25 | e.e.e.d.spi.x509.revocation.RepositoryRevocationSource  | Revocation token for certificate with Id 'C-96DB5CFA7ABACEB5C97C131CBBFB341DDD8E64FE68B587558AA8F082AB2670F2' has been loaded from the cache 
2023-04-28 11:52:25,284  INFO | pool-2-thread-25 | eu.europa.esig.dss.validation.SignedDocumentValidator   | Default SignaturePolicyProvider instantiated with NativeHTTPDataLoader. 
2023-04-28 11:52:25,287  INFO | pool-2-thread-2 | e.e.esig.dss.xades.validation.XAdESCertificateSource    | +XAdESCertificateSource 
2023-04-28 11:52:25,277  INFO | pool-2-thread-33 | eu.europa.esig.dss.validation.SignedDocumentValidator   | Default SignaturePolicyProvider instantiated with NativeHTTPDataLoader. 
2023-04-28 11:52:25,293  WARN | pool-2-thread-18 | eu.europa.esig.dss.service.ocsp.OnlineOCSPSource        | No OCSP location found for C-FCBFEBCB6B78113DFD4C6CCFCBC2B1482992DF4C48E9DE1B3B7F16F33332BFCB 
2023-04-28 11:52:25,296  INFO | pool-2-thread-18 | e.e.e.d.spi.x509.revocation.RepositoryRevocationSource  | Revocation token for certificate with Id 'C-FCBFEBCB6B78113DFD4C6CCFCBC2B1482992DF4C48E9DE1B3B7F16F33332BFCB' has been loaded from the cache 
2023-04-28 11:52:25,300  INFO | pool-2-thread-18 | eu.europa.esig.dss.spi.x509.revocation.ocsp.OCSPToken   | OCSP status is good 
2023-04-28 11:52:25,300  INFO | pool-2-thread-31 | e.e.esig.dss.xades.validation.XAdESCertificateSource    | +XAdESCertificateSource 
2023-04-28 11:52:25,301  INFO | pool-2-thread-18 | e.e.e.d.spi.x509.revocation.RepositoryRevocationSource  | Revocation token for certificate with Id 'C-96DB5CFA7ABACEB5C97C131CBBFB341DDD8E64FE68B587558AA8F082AB2670F2' has been loaded from the cache 
2023-04-28 11:52:25,304  INFO | pool-2-thread-18 | eu.europa.esig.dss.validation.SignedDocumentValidator   | Default SignaturePolicyProvider instantiated with NativeHTTPDataLoader. 
2023-04-28 11:52:25,305  INFO | pool-2-thread-26 | e.e.esig.dss.xades.validation.XAdESCertificateSource    | +XAdESCertificateSource 
2023-04-28 11:52:25,314  INFO | pool-2-thread-8 | e.europa.esig.dss.validation.CommonCertificateVerifier  | + New CommonCertificateVerifier created. 
2023-04-28 11:52:25,321  WARN | pool-2-thread-14 | eu.europa.esig.dss.service.ocsp.OnlineOCSPSource        | No OCSP location found for C-FCBFEBCB6B78113DFD4C6CCFCBC2B1482992DF4C48E9DE1B3B7F16F33332BFCB 
2023-04-28 11:52:25,324  INFO | pool-2-thread-14 | e.e.e.d.spi.x509.revocation.RepositoryRevocationSource  | Revocation token for certificate with Id 'C-FCBFEBCB6B78113DFD4C6CCFCBC2B1482992DF4C48E9DE1B3B7F16F33332BFCB' has been loaded from the cache 
2023-04-28 11:52:25,328  INFO | pool-2-thread-14 | eu.europa.esig.dss.spi.x509.revocation.ocsp.OCSPToken   | OCSP status is good 
2023-04-28 11:52:25,328  INFO | pool-2-thread-14 | e.e.e.d.spi.x509.revocation.RepositoryRevocationSource  | Revocation token for certificate with Id 'C-96DB5CFA7ABACEB5C97C131CBBFB341DDD8E64FE68B587558AA8F082AB2670F2' has been loaded from the cache 
2023-04-28 11:52:25,330  INFO | pool-2-thread-14 | eu.europa.esig.dss.validation.SignedDocumentValidator   | Default SignaturePolicyProvider instantiated with NativeHTTPDataLoader. 
2023-04-28 11:52:25,335  INFO | pool-2-thread-8 | e.e.esig.dss.xades.validation.XAdESCertificateSource    | +XAdESCertificateSource 
2023-04-28 11:52:25,341  INFO | pool-2-thread-5 | eu.europa.esig.dss.validation.SignedDocumentValidator   | Document validation... 
2023-04-28 11:52:25,341  INFO | pool-2-thread-1 | eu.europa.esig.dss.validation.SignedDocumentValidator   | Document validation... 
2023-04-28 11:52:25,342  INFO | pool-2-thread-24 | eu.europa.esig.dss.validation.SignedDocumentValidator   | Document validation... 
2023-04-28 11:52:25,342  INFO | pool-2-thread-10 | eu.europa.esig.dss.validation.SignedDocumentValidator   | Document validation... 
2023-04-28 11:52:25,345  INFO | pool-2-thread-21 | eu.europa.esig.dss.validation.SignedDocumentValidator   | Document validation... 
2023-04-28 11:52:25,346  INFO | pool-2-thread-6 | eu.europa.esig.dss.validation.SignedDocumentValidator   | Document validation... 
2023-04-28 11:52:25,349  INFO | pool-2-thread-9 | eu.europa.esig.dss.validation.SignedDocumentValidator   | Document validation... 
2023-04-28 11:52:25,351  INFO | pool-2-thread-30 | eu.europa.esig.dss.validation.SignedDocumentValidator   | Document validation... 
2023-04-28 11:52:25,352  INFO | pool-2-thread-11 | e.europa.esig.dss.validation.CommonCertificateVerifier  | + New CommonCertificateVerifier created. 
2023-04-28 11:52:25,355  INFO | pool-2-thread-2 | e.europa.esig.dss.validation.CommonCertificateVerifier  | + New CommonCertificateVerifier created. 
2023-04-28 11:52:25,357  INFO | pool-2-thread-29 | e.europa.esig.dss.validation.CommonCertificateVerifier  | + New CommonCertificateVerifier created. 
2023-04-28 11:52:25,357  INFO | pool-2-thread-17 | e.europa.esig.dss.validation.CommonCertificateVerifier  | + New CommonCertificateVerifier created. 
2023-04-28 11:52:25,358  INFO | pool-2-thread-11 | e.e.esig.dss.xades.validation.XAdESCertificateSource    | +XAdESCertificateSource 
2023-04-28 11:52:25,361  INFO | pool-2-thread-37 | eu.europa.esig.dss.validation.SignedDocumentValidator   | Document validation... 
2023-04-28 11:52:25,361  INFO | pool-2-thread-40 | eu.europa.esig.dss.validation.SignedDocumentValidator   | Document validation... 
2023-04-28 11:52:25,362  INFO | pool-2-thread-27 | eu.europa.esig.dss.validation.SignedDocumentValidator   | Document validation... 
2023-04-28 11:52:25,362  INFO | pool-2-thread-13 | eu.europa.esig.dss.validation.SignedDocumentValidator   | Document validation... 
2023-04-28 11:52:25,363  INFO | pool-2-thread-31 | e.europa.esig.dss.validation.CommonCertificateVerifier  | + New CommonCertificateVerifier created. 
2023-04-28 11:52:25,366  INFO | pool-2-thread-8 | e.europa.esig.dss.validation.CommonCertificateVerifier  | + New CommonCertificateVerifier created. 
2023-04-28 11:52:25,366  INFO | pool-2-thread-24 | e.europa.esig.dss.validation.CommonCertificateVerifier  | + New CommonCertificateVerifier created. 
2023-04-28 11:52:25,368  INFO | pool-2-thread-29 | eu.europa.esig.dss.spi.x509.revocation.ocsp.OCSPToken   | OCSP status is good 
2023-04-28 11:52:25,368  INFO | pool-2-thread-21 | e.europa.esig.dss.validation.CommonCertificateVerifier  | + New CommonCertificateVerifier created. 
2023-04-28 11:52:25,369  INFO | pool-2-thread-10 | e.europa.esig.dss.validation.CommonCertificateVerifier  | + New CommonCertificateVerifier created. 
2023-04-28 11:52:25,370  INFO | pool-2-thread-26 | e.europa.esig.dss.validation.CommonCertificateVerifier  | + New CommonCertificateVerifier created. 
2023-04-28 11:52:25,370  INFO | pool-2-thread-29 | eu.europa.esig.dss.validation.SignedDocumentValidator   | Default SignaturePolicyProvider instantiated with NativeHTTPDataLoader. 
2023-04-28 11:52:25,374  WARN | pool-2-thread-17 | eu.europa.esig.dss.service.ocsp.OnlineOCSPSource        | No OCSP location found for C-FCBFEBCB6B78113DFD4C6CCFCBC2B1482992DF4C48E9DE1B3B7F16F33332BFCB 
2023-04-28 11:52:25,376  INFO | pool-2-thread-17 | e.e.e.d.spi.x509.revocation.RepositoryRevocationSource  | Revocation token for certificate with Id 'C-FCBFEBCB6B78113DFD4C6CCFCBC2B1482992DF4C48E9DE1B3B7F16F33332BFCB' has been loaded from the cache 
2023-04-28 11:52:25,377  INFO | pool-2-thread-20 | eu.europa.esig.dss.validation.SignedDocumentValidator   | Document validation... 
2023-04-28 11:52:25,378  INFO | pool-2-thread-17 | eu.europa.esig.dss.spi.x509.revocation.ocsp.OCSPToken   | OCSP status is good 
2023-04-28 11:52:25,378  WARN | pool-2-thread-8 | eu.europa.esig.dss.service.ocsp.OnlineOCSPSource        | No OCSP location found for C-FCBFEBCB6B78113DFD4C6CCFCBC2B1482992DF4C48E9DE1B3B7F16F33332BFCB 
2023-04-28 11:52:25,379  INFO | pool-2-thread-6 | e.europa.esig.dss.validation.CommonCertificateVerifier  | + New CommonCertificateVerifier created. 
2023-04-28 11:52:25,379  INFO | pool-2-thread-17 | e.e.e.d.spi.x509.revocation.RepositoryRevocationSource  | Revocation token for certificate with Id 'C-96DB5CFA7ABACEB5C97C131CBBFB341DDD8E64FE68B587558AA8F082AB2670F2' has been loaded from the cache 
2023-04-28 11:52:25,380  WARN | pool-2-thread-31 | eu.europa.esig.dss.service.ocsp.OnlineOCSPSource        | No OCSP location found for C-FCBFEBCB6B78113DFD4C6CCFCBC2B1482992DF4C48E9DE1B3B7F16F33332BFCB 
2023-04-28 11:52:25,380  INFO | pool-2-thread-24 | e.e.esig.dss.xades.validation.XAdESCertificateSource    | +XAdESCertificateSource 
2023-04-28 11:52:25,380  INFO | pool-2-thread-8 | e.e.e.d.spi.x509.revocation.RepositoryRevocationSource  | Revocation token for certificate with Id 'C-FCBFEBCB6B78113DFD4C6CCFCBC2B1482992DF4C48E9DE1B3B7F16F33332BFCB' has been loaded from the cache 
2023-04-28 11:52:25,380  INFO | pool-2-thread-17 | eu.europa.esig.dss.validation.SignedDocumentValidator   | Default SignaturePolicyProvider instantiated with NativeHTTPDataLoader. 
2023-04-28 11:52:25,381  INFO | pool-2-thread-10 | e.e.esig.dss.xades.validation.XAdESCertificateSource    | +XAdESCertificateSource 
2023-04-28 11:52:25,381  INFO | pool-2-thread-8 | eu.europa.esig.dss.spi.x509.revocation.ocsp.OCSPToken   | OCSP status is good 
2023-04-28 11:52:25,382  INFO | pool-2-thread-31 | e.e.e.d.spi.x509.revocation.RepositoryRevocationSource  | Revocation token for certificate with Id 'C-FCBFEBCB6B78113DFD4C6CCFCBC2B1482992DF4C48E9DE1B3B7F16F33332BFCB' has been loaded from the cache 
2023-04-28 11:52:25,382  INFO | pool-2-thread-8 | e.e.e.d.spi.x509.revocation.RepositoryRevocationSource  | Revocation token for certificate with Id 'C-96DB5CFA7ABACEB5C97C131CBBFB341DDD8E64FE68B587558AA8F082AB2670F2' has been loaded from the cache 
2023-04-28 11:52:25,383  INFO | pool-2-thread-26 | eu.europa.esig.dss.spi.x509.revocation.ocsp.OCSPToken   | OCSP status is good 
2023-04-28 11:52:25,383  INFO | pool-2-thread-31 | eu.europa.esig.dss.spi.x509.revocation.ocsp.OCSPToken   | OCSP status is good 
2023-04-28 11:52:25,384  INFO | pool-2-thread-8 | eu.europa.esig.dss.validation.SignedDocumentValidator   | Default SignaturePolicyProvider instantiated with NativeHTTPDataLoader. 
2023-04-28 11:52:25,384  INFO | pool-2-thread-31 | e.e.e.d.spi.x509.revocation.RepositoryRevocationSource  | Revocation token for certificate with Id 'C-96DB5CFA7ABACEB5C97C131CBBFB341DDD8E64FE68B587558AA8F082AB2670F2' has been loaded from the cache 
2023-04-28 11:52:25,386  INFO | pool-2-thread-26 | eu.europa.esig.dss.validation.SignedDocumentValidator   | Default SignaturePolicyProvider instantiated with NativeHTTPDataLoader. 
2023-04-28 11:52:25,387  INFO | pool-2-thread-31 | eu.europa.esig.dss.validation.SignedDocumentValidator   | Default SignaturePolicyProvider instantiated with NativeHTTPDataLoader. 
2023-04-28 11:52:25,388  INFO | pool-2-thread-22 | eu.europa.esig.dss.validation.SignedDocumentValidator   | Document validation... 
2023-04-28 11:52:25,389  INFO | pool-2-thread-21 | e.e.esig.dss.xades.validation.XAdESCertificateSource    | +XAdESCertificateSource 
2023-04-28 11:52:25,394  INFO | pool-2-thread-6 | e.e.esig.dss.xades.validation.XAdESCertificateSource    | +XAdESCertificateSource 
2023-04-28 11:52:25,395  INFO | pool-2-thread-38 | eu.europa.esig.dss.validation.SignedDocumentValidator   | Document validation... 
2023-04-28 11:52:25,400  INFO | pool-2-thread-40 | e.europa.esig.dss.validation.CommonCertificateVerifier  | + New CommonCertificateVerifier created. 
2023-04-28 11:52:25,400  INFO | pool-2-thread-30 | e.europa.esig.dss.validation.CommonCertificateVerifier  | + New CommonCertificateVerifier created. 
2023-04-28 11:52:25,401  INFO | pool-2-thread-36 | eu.europa.esig.dss.validation.SignedDocumentValidator   | Document validation... 
2023-04-28 11:52:25,401  INFO | pool-2-thread-27 | e.europa.esig.dss.validation.CommonCertificateVerifier  | + New CommonCertificateVerifier created. 
2023-04-28 11:52:25,402  INFO | pool-2-thread-9 | e.europa.esig.dss.validation.CommonCertificateVerifier  | + New CommonCertificateVerifier created. 
2023-04-28 11:52:25,403  INFO | pool-2-thread-3 | eu.europa.esig.dss.validation.SignedDocumentValidator   | Document validation... 
2023-04-28 11:52:25,403  INFO | pool-2-thread-1 | e.europa.esig.dss.validation.CommonCertificateVerifier  | + New CommonCertificateVerifier created. 
2023-04-28 11:52:25,407  INFO | pool-2-thread-7 | eu.europa.esig.dss.validation.SignedDocumentValidator   | Document validation... 
2023-04-28 11:52:25,407  INFO | pool-2-thread-23 | eu.europa.esig.dss.validation.SignedDocumentValidator   | Document validation... 
2023-04-28 11:52:25,407  INFO | pool-2-thread-37 | e.europa.esig.dss.validation.CommonCertificateVerifier  | + New CommonCertificateVerifier created. 
2023-04-28 11:52:25,407  INFO | pool-2-thread-28 | eu.europa.esig.dss.validation.SignedDocumentValidator   | Document validation... 
2023-04-28 11:52:25,426  INFO | pool-2-thread-20 | e.europa.esig.dss.validation.CommonCertificateVerifier  | + New CommonCertificateVerifier created. 
2023-04-28 11:52:25,430  INFO | pool-2-thread-12 | eu.europa.esig.dss.validation.SignedDocumentValidator   | Document validation... 
2023-04-28 11:52:25,433  INFO | pool-2-thread-4 | eu.europa.esig.dss.validation.SignedDocumentValidator   | Document validation... 
2023-04-28 11:52:25,435  INFO | pool-2-thread-36 | e.europa.esig.dss.validation.CommonCertificateVerifier  | + New CommonCertificateVerifier created. 
2023-04-28 11:52:25,437  INFO | pool-2-thread-27 | e.e.esig.dss.xades.validation.XAdESCertificateSource    | +XAdESCertificateSource 
2023-04-28 11:52:25,439  INFO | pool-2-thread-21 | e.europa.esig.dss.validation.CommonCertificateVerifier  | + New CommonCertificateVerifier created. 
2023-04-28 11:52:25,441  INFO | pool-2-thread-30 | e.e.esig.dss.xades.validation.XAdESCertificateSource    | +XAdESCertificateSource 
2023-04-28 11:52:25,444  INFO | pool-2-thread-11 | e.europa.esig.dss.validation.CommonCertificateVerifier  | + New CommonCertificateVerifier created. 
2023-04-28 11:52:25,446  INFO | pool-2-thread-21 | eu.europa.esig.dss.spi.x509.revocation.ocsp.OCSPToken   | OCSP status is good 
2023-04-28 11:52:25,447  INFO | pool-2-thread-3 | e.europa.esig.dss.validation.CommonCertificateVerifier  | + New CommonCertificateVerifier created. 
2023-04-28 11:52:25,449  INFO | pool-2-thread-12 | e.europa.esig.dss.validation.CommonCertificateVerifier  | + New CommonCertificateVerifier created. 
2023-04-28 11:52:25,451  INFO | pool-2-thread-21 | eu.europa.esig.dss.validation.SignedDocumentValidator   | Default SignaturePolicyProvider instantiated with NativeHTTPDataLoader. 
2023-04-28 11:52:25,453  INFO | pool-2-thread-36 | e.e.esig.dss.xades.validation.XAdESCertificateSource    | +XAdESCertificateSource 
2023-04-28 11:52:25,454  WARN | pool-2-thread-11 | eu.europa.esig.dss.service.ocsp.OnlineOCSPSource        | No OCSP location found for C-FCBFEBCB6B78113DFD4C6CCFCBC2B1482992DF4C48E9DE1B3B7F16F33332BFCB 
2023-04-28 11:52:25,455  INFO | pool-2-thread-13 | e.europa.esig.dss.validation.CommonCertificateVerifier  | + New CommonCertificateVerifier created. 
2023-04-28 11:52:25,457  INFO | pool-2-thread-24 | e.europa.esig.dss.validation.CommonCertificateVerifier  | + New CommonCertificateVerifier created. 
2023-04-28 11:52:25,457  INFO | pool-2-thread-37 | e.e.esig.dss.xades.validation.XAdESCertificateSource    | +XAdESCertificateSource 
2023-04-28 11:52:25,457  INFO | pool-2-thread-11 | e.e.e.d.spi.x509.revocation.RepositoryRevocationSource  | Revocation token for certificate with Id 'C-FCBFEBCB6B78113DFD4C6CCFCBC2B1482992DF4C48E9DE1B3B7F16F33332BFCB' has been loaded from the cache 
2023-04-28 11:52:25,460  INFO | pool-2-thread-11 | eu.europa.esig.dss.spi.x509.revocation.ocsp.OCSPToken   | OCSP status is good 
2023-04-28 11:52:25,461  INFO | pool-2-thread-20 | e.e.esig.dss.xades.validation.XAdESCertificateSource    | +XAdESCertificateSource 
2023-04-28 11:52:25,461  INFO | pool-2-thread-11 | e.e.e.d.spi.x509.revocation.RepositoryRevocationSource  | Revocation token for certificate with Id 'C-96DB5CFA7ABACEB5C97C131CBBFB341DDD8E64FE68B587558AA8F082AB2670F2' has been loaded from the cache 
2023-04-28 11:52:25,462  INFO | pool-2-thread-3 | e.e.esig.dss.xades.validation.XAdESCertificateSource    | +XAdESCertificateSource 
2023-04-28 11:52:25,464  INFO | pool-2-thread-11 | eu.europa.esig.dss.validation.SignedDocumentValidator   | Default SignaturePolicyProvider instantiated with NativeHTTPDataLoader. 
2023-04-28 11:52:25,468  INFO | pool-2-thread-1 | e.e.esig.dss.xades.validation.XAdESCertificateSource    | +XAdESCertificateSource 
2023-04-28 11:52:25,469  INFO | pool-2-thread-2 | eu.europa.esig.dss.spi.x509.revocation.ocsp.OCSPToken   | OCSP status is good 
2023-04-28 11:52:25,472  WARN | pool-2-thread-24 | eu.europa.esig.dss.service.ocsp.OnlineOCSPSource        | No OCSP location found for C-FCBFEBCB6B78113DFD4C6CCFCBC2B1482992DF4C48E9DE1B3B7F16F33332BFCB 
2023-04-28 11:52:25,473  INFO | pool-2-thread-40 | e.e.esig.dss.xades.validation.XAdESCertificateSource    | +XAdESCertificateSource 
2023-04-28 11:52:25,473  INFO | pool-2-thread-2 | eu.europa.esig.dss.validation.SignedDocumentValidator   | Default SignaturePolicyProvider instantiated with NativeHTTPDataLoader. 
2023-04-28 11:52:25,474  INFO | pool-2-thread-24 | e.e.e.d.spi.x509.revocation.RepositoryRevocationSource  | Revocation token for certificate with Id 'C-FCBFEBCB6B78113DFD4C6CCFCBC2B1482992DF4C48E9DE1B3B7F16F33332BFCB' has been loaded from the cache 
2023-04-28 11:52:25,476  INFO | pool-2-thread-24 | eu.europa.esig.dss.spi.x509.revocation.ocsp.OCSPToken   | OCSP status is good 
2023-04-28 11:52:25,476  INFO | pool-2-thread-18 | eu.europa.esig.dss.validation.SignedDocumentValidator   | Document validation... 
2023-04-28 11:52:25,477  INFO | pool-2-thread-24 | e.e.e.d.spi.x509.revocation.RepositoryRevocationSource  | Revocation token for certificate with Id 'C-96DB5CFA7ABACEB5C97C131CBBFB341DDD8E64FE68B587558AA8F082AB2670F2' has been loaded from the cache 
2023-04-28 11:52:25,479  INFO | pool-2-thread-24 | eu.europa.esig.dss.validation.SignedDocumentValidator   | Default SignaturePolicyProvider instantiated with NativeHTTPDataLoader. 
2023-04-28 11:52:25,480  INFO | pool-2-thread-12 | e.e.esig.dss.xades.validation.XAdESCertificateSource    | +XAdESCertificateSource 
2023-04-28 11:52:25,480  INFO | pool-2-thread-22 | e.europa.esig.dss.validation.CommonCertificateVerifier  | + New CommonCertificateVerifier created. 
2023-04-28 11:52:25,488  INFO | pool-2-thread-13 | e.e.esig.dss.xades.validation.XAdESCertificateSource    | +XAdESCertificateSource 
2023-04-28 11:52:25,493  INFO | pool-2-thread-32 | eu.europa.esig.dss.validation.SignedDocumentValidator   | Document validation... 
2023-04-28 11:52:25,503  INFO | pool-2-thread-9 | e.e.esig.dss.xades.validation.XAdESCertificateSource    | +XAdESCertificateSource 
2023-04-28 11:52:25,509  INFO | pool-2-thread-10 | e.europa.esig.dss.validation.CommonCertificateVerifier  | + New CommonCertificateVerifier created. 
2023-04-28 11:52:25,509  INFO | pool-2-thread-38 | e.europa.esig.dss.validation.CommonCertificateVerifier  | + New CommonCertificateVerifier created. 
2023-04-28 11:52:25,512  INFO | pool-2-thread-6 | e.europa.esig.dss.validation.CommonCertificateVerifier  | + New CommonCertificateVerifier created. 
2023-04-28 11:52:25,514  INFO | pool-2-thread-39 | eu.europa.esig.dss.validation.SignedDocumentValidator   | Document validation... 
2023-04-28 11:52:25,515  INFO | pool-2-thread-5 | e.europa.esig.dss.validation.CommonCertificateVerifier  | + New CommonCertificateVerifier created. 
2023-04-28 11:52:25,515  INFO | pool-2-thread-35 | eu.europa.esig.dss.validation.SignedDocumentValidator   | Document validation... 
2023-04-28 11:52:25,515  INFO | pool-2-thread-19 | eu.europa.esig.dss.validation.SignedDocumentValidator   | Document validation... 
2023-04-28 11:52:25,517  WARN | pool-2-thread-10 | eu.europa.esig.dss.service.ocsp.OnlineOCSPSource        | No OCSP location found for C-FCBFEBCB6B78113DFD4C6CCFCBC2B1482992DF4C48E9DE1B3B7F16F33332BFCB 
2023-04-28 11:52:25,519  INFO | pool-2-thread-10 | e.e.e.d.spi.x509.revocation.RepositoryRevocationSource  | Revocation token for certificate with Id 'C-FCBFEBCB6B78113DFD4C6CCFCBC2B1482992DF4C48E9DE1B3B7F16F33332BFCB' has been loaded from the cache 
2023-04-28 11:52:25,521  INFO | pool-2-thread-8 | eu.europa.esig.dss.validation.SignedDocumentValidator   | Document validation... 
2023-04-28 11:52:25,521  INFO | pool-2-thread-23 | e.europa.esig.dss.validation.CommonCertificateVerifier  | + New CommonCertificateVerifier created. 
2023-04-28 11:52:25,521  INFO | pool-2-thread-22 | e.e.esig.dss.xades.validation.XAdESCertificateSource    | +XAdESCertificateSource 
2023-04-28 11:52:25,521  INFO | pool-2-thread-10 | eu.europa.esig.dss.spi.x509.revocation.ocsp.OCSPToken   | OCSP status is good 
2023-04-28 11:52:25,522  INFO | pool-2-thread-4 | e.europa.esig.dss.validation.CommonCertificateVerifier  | + New CommonCertificateVerifier created. 
2023-04-28 11:52:25,522  INFO | pool-2-thread-38 | e.e.esig.dss.xades.validation.XAdESCertificateSource    | +XAdESCertificateSource 
2023-04-28 11:52:25,522  INFO | pool-2-thread-10 | e.e.e.d.spi.x509.revocation.RepositoryRevocationSource  | Revocation token for certificate with Id 'C-96DB5CFA7ABACEB5C97C131CBBFB341DDD8E64FE68B587558AA8F082AB2670F2' has been loaded from the cache 
2023-04-28 11:52:25,524  INFO | pool-2-thread-10 | eu.europa.esig.dss.validation.SignedDocumentValidator   | Default SignaturePolicyProvider instantiated with NativeHTTPDataLoader. 
2023-04-28 11:52:25,526  INFO | pool-2-thread-27 | e.europa.esig.dss.validation.CommonCertificateVerifier  | + New CommonCertificateVerifier created. 
2023-04-28 11:52:25,526  INFO | pool-2-thread-7 | e.europa.esig.dss.validation.CommonCertificateVerifier  | + New CommonCertificateVerifier created. 
2023-04-28 11:52:25,528  INFO | pool-2-thread-28 | e.europa.esig.dss.validation.CommonCertificateVerifier  | + New CommonCertificateVerifier created. 
2023-04-28 11:52:25,528  WARN | pool-2-thread-6 | eu.europa.esig.dss.service.ocsp.OnlineOCSPSource        | No OCSP location found for C-FCBFEBCB6B78113DFD4C6CCFCBC2B1482992DF4C48E9DE1B3B7F16F33332BFCB 
2023-04-28 11:52:25,530  INFO | pool-2-thread-15 | eu.europa.esig.dss.validation.SignedDocumentValidator   | Document validation... 
2023-04-28 11:52:25,530  INFO | pool-2-thread-6 | e.e.e.d.spi.x509.revocation.RepositoryRevocationSource  | Revocation token for certificate with Id 'C-FCBFEBCB6B78113DFD4C6CCFCBC2B1482992DF4C48E9DE1B3B7F16F33332BFCB' has been loaded from the cache 
2023-04-28 11:52:25,532  INFO | pool-2-thread-6 | eu.europa.esig.dss.spi.x509.revocation.ocsp.OCSPToken   | OCSP status is good 
2023-04-28 11:52:25,533  INFO | pool-2-thread-5 | e.e.esig.dss.xades.validation.XAdESCertificateSource    | +XAdESCertificateSource 
2023-04-28 11:52:25,533  INFO | pool-2-thread-6 | e.e.e.d.spi.x509.revocation.RepositoryRevocationSource  | Revocation token for certificate with Id 'C-96DB5CFA7ABACEB5C97C131CBBFB341DDD8E64FE68B587558AA8F082AB2670F2' has been loaded from the cache 
2023-04-28 11:52:25,534  INFO | pool-2-thread-4 | e.e.esig.dss.xades.validation.XAdESCertificateSource    | +XAdESCertificateSource 
2023-04-28 11:52:25,535  INFO | pool-2-thread-6 | eu.europa.esig.dss.validation.SignedDocumentValidator   | Default SignaturePolicyProvider instantiated with NativeHTTPDataLoader. 
2023-04-28 11:52:25,541  INFO | pool-2-thread-12 | e.europa.esig.dss.validation.CommonCertificateVerifier  | + New CommonCertificateVerifier created. 
2023-04-28 11:52:25,541  INFO | pool-2-thread-37 | e.europa.esig.dss.validation.CommonCertificateVerifier  | + New CommonCertificateVerifier created. 
2023-04-28 11:52:25,541  INFO | pool-2-thread-3 | e.europa.esig.dss.validation.CommonCertificateVerifier  | + New CommonCertificateVerifier created. 
2023-04-28 11:52:25,541  INFO | pool-2-thread-1 | e.europa.esig.dss.validation.CommonCertificateVerifier  | + New CommonCertificateVerifier created. 
2023-04-28 11:52:25,543  INFO | pool-2-thread-23 | e.e.esig.dss.xades.validation.XAdESCertificateSource    | +XAdESCertificateSource 
2023-04-28 11:52:25,543  INFO | pool-2-thread-36 | e.europa.esig.dss.validation.CommonCertificateVerifier  | + New CommonCertificateVerifier created. 
2023-04-28 11:52:25,546  INFO | pool-2-thread-18 | e.europa.esig.dss.validation.CommonCertificateVerifier  | + New CommonCertificateVerifier created. 
2023-04-28 11:52:25,546  INFO | pool-2-thread-30 | e.europa.esig.dss.validation.CommonCertificateVerifier  | + New CommonCertificateVerifier created. 
2023-04-28 11:52:25,546  INFO | pool-2-thread-32 | e.europa.esig.dss.validation.CommonCertificateVerifier  | + New CommonCertificateVerifier created. 
2023-04-28 11:52:25,546  INFO | pool-2-thread-35 | e.europa.esig.dss.validation.CommonCertificateVerifier  | + New CommonCertificateVerifier created. 
2023-04-28 11:52:25,547  INFO | pool-2-thread-39 | e.europa.esig.dss.validation.CommonCertificateVerifier  | + New CommonCertificateVerifier created. 
2023-04-28 11:52:25,553  INFO | pool-2-thread-20 | e.europa.esig.dss.validation.CommonCertificateVerifier  | + New CommonCertificateVerifier created. 
2023-04-28 11:52:25,553  INFO | pool-2-thread-15 | e.europa.esig.dss.validation.CommonCertificateVerifier  | + New CommonCertificateVerifier created. 
2023-04-28 11:52:25,553  INFO | pool-2-thread-40 | e.europa.esig.dss.validation.CommonCertificateVerifier  | + New CommonCertificateVerifier created. 
2023-04-28 11:52:25,554  INFO | pool-2-thread-14 | eu.europa.esig.dss.validation.SignedDocumentValidator   | Document validation... 
2023-04-28 11:52:25,561  WARN | pool-2-thread-27 | eu.europa.esig.dss.service.ocsp.OnlineOCSPSource        | No OCSP location found for C-FCBFEBCB6B78113DFD4C6CCFCBC2B1482992DF4C48E9DE1B3B7F16F33332BFCB 
2023-04-28 11:52:25,562  INFO | pool-2-thread-19 | e.europa.esig.dss.validation.CommonCertificateVerifier  | + New CommonCertificateVerifier created. 
2023-04-28 11:52:25,563  INFO | pool-2-thread-28 | e.e.esig.dss.xades.validation.XAdESCertificateSource    | +XAdESCertificateSource 
2023-04-28 11:52:25,564  INFO | pool-2-thread-27 | e.e.e.d.spi.x509.revocation.RepositoryRevocationSource  | Revocation token for certificate with Id 'C-FCBFEBCB6B78113DFD4C6CCFCBC2B1482992DF4C48E9DE1B3B7F16F33332BFCB' has been loaded from the cache 
2023-04-28 11:52:25,565  INFO | pool-2-thread-7 | e.e.esig.dss.xades.validation.XAdESCertificateSource    | +XAdESCertificateSource 
2023-04-28 11:52:25,566  INFO | pool-2-thread-27 | eu.europa.esig.dss.spi.x509.revocation.ocsp.OCSPToken   | OCSP status is good 
2023-04-28 11:52:25,567  INFO | pool-2-thread-27 | e.e.e.d.spi.x509.revocation.RepositoryRevocationSource  | Revocation token for certificate with Id 'C-96DB5CFA7ABACEB5C97C131CBBFB341DDD8E64FE68B587558AA8F082AB2670F2' has been loaded from the cache 
2023-04-28 11:52:25,568  INFO | pool-2-thread-27 | eu.europa.esig.dss.validation.SignedDocumentValidator   | Default SignaturePolicyProvider instantiated with NativeHTTPDataLoader. 
2023-04-28 11:52:25,569  WARN | pool-2-thread-3 | eu.europa.esig.dss.service.ocsp.OnlineOCSPSource        | No OCSP location found for C-FCBFEBCB6B78113DFD4C6CCFCBC2B1482992DF4C48E9DE1B3B7F16F33332BFCB 
2023-04-28 11:52:25,569  INFO | pool-2-thread-22 | e.europa.esig.dss.validation.CommonCertificateVerifier  | + New CommonCertificateVerifier created. 
2023-04-28 11:52:25,571  INFO | pool-2-thread-3 | e.e.e.d.spi.x509.revocation.RepositoryRevocationSource  | Revocation token for certificate with Id 'C-FCBFEBCB6B78113DFD4C6CCFCBC2B1482992DF4C48E9DE1B3B7F16F33332BFCB' has been loaded from the cache 
2023-04-28 11:52:25,573  INFO | pool-2-thread-3 | eu.europa.esig.dss.spi.x509.revocation.ocsp.OCSPToken   | OCSP status is good 
2023-04-28 11:52:25,574  INFO | pool-2-thread-3 | e.e.e.d.spi.x509.revocation.RepositoryRevocationSource  | Revocation token for certificate with Id 'C-96DB5CFA7ABACEB5C97C131CBBFB341DDD8E64FE68B587558AA8F082AB2670F2' has been loaded from the cache 
2023-04-28 11:52:25,575  INFO | pool-2-thread-3 | eu.europa.esig.dss.validation.SignedDocumentValidator   | Default SignaturePolicyProvider instantiated with NativeHTTPDataLoader. 
2023-04-28 11:52:25,576  INFO | pool-2-thread-35 | e.e.esig.dss.xades.validation.XAdESCertificateSource    | +XAdESCertificateSource 
2023-04-28 11:52:25,576  WARN | pool-2-thread-37 | eu.europa.esig.dss.service.ocsp.OnlineOCSPSource        | No OCSP location found for C-FCBFEBCB6B78113DFD4C6CCFCBC2B1482992DF4C48E9DE1B3B7F16F33332BFCB 
2023-04-28 11:52:25,576  INFO | pool-2-thread-25 | eu.europa.esig.dss.validation.SignedDocumentValidator   | Document validation... 
2023-04-28 11:52:25,577  INFO | pool-2-thread-1 | eu.europa.esig.dss.spi.x509.revocation.ocsp.OCSPToken   | OCSP status is good 
2023-04-28 11:52:25,577  WARN | pool-2-thread-12 | eu.europa.esig.dss.service.ocsp.OnlineOCSPSource        | No OCSP location found for C-FCBFEBCB6B78113DFD4C6CCFCBC2B1482992DF4C48E9DE1B3B7F16F33332BFCB 
2023-04-28 11:52:25,577  WARN | pool-2-thread-40 | eu.europa.esig.dss.service.ocsp.OnlineOCSPSource        | No OCSP location found for C-FCBFEBCB6B78113DFD4C6CCFCBC2B1482992DF4C48E9DE1B3B7F16F33332BFCB 
2023-04-28 11:52:25,578  INFO | pool-2-thread-37 | e.e.e.d.spi.x509.revocation.RepositoryRevocationSource  | Revocation token for certificate with Id 'C-FCBFEBCB6B78113DFD4C6CCFCBC2B1482992DF4C48E9DE1B3B7F16F33332BFCB' has been loaded from the cache 
2023-04-28 11:52:25,578  INFO | pool-2-thread-12 | e.e.e.d.spi.x509.revocation.RepositoryRevocationSource  | Revocation token for certificate with Id 'C-FCBFEBCB6B78113DFD4C6CCFCBC2B1482992DF4C48E9DE1B3B7F16F33332BFCB' has been loaded from the cache 
2023-04-28 11:52:25,578  INFO | pool-2-thread-40 | e.e.e.d.spi.x509.revocation.RepositoryRevocationSource  | Revocation token for certificate with Id 'C-FCBFEBCB6B78113DFD4C6CCFCBC2B1482992DF4C48E9DE1B3B7F16F33332BFCB' has been loaded from the cache 
2023-04-28 11:52:25,579  INFO | pool-2-thread-1 | eu.europa.esig.dss.validation.SignedDocumentValidator   | Default SignaturePolicyProvider instantiated with NativeHTTPDataLoader. 
2023-04-28 11:52:25,580  INFO | pool-2-thread-37 | eu.europa.esig.dss.spi.x509.revocation.ocsp.OCSPToken   | OCSP status is good 
2023-04-28 11:52:25,581  INFO | pool-2-thread-12 | eu.europa.esig.dss.spi.x509.revocation.ocsp.OCSPToken   | OCSP status is good 
2023-04-28 11:52:25,581  INFO | pool-2-thread-37 | e.e.e.d.spi.x509.revocation.RepositoryRevocationSource  | Revocation token for certificate with Id 'C-96DB5CFA7ABACEB5C97C131CBBFB341DDD8E64FE68B587558AA8F082AB2670F2' has been loaded from the cache 
2023-04-28 11:52:25,582  INFO | pool-2-thread-12 | e.e.e.d.spi.x509.revocation.RepositoryRevocationSource  | Revocation token for certificate with Id 'C-96DB5CFA7ABACEB5C97C131CBBFB341DDD8E64FE68B587558AA8F082AB2670F2' has been loaded from the cache 
2023-04-28 11:52:25,583  WARN | pool-2-thread-20 | eu.europa.esig.dss.service.ocsp.OnlineOCSPSource        | No OCSP location found for C-FCBFEBCB6B78113DFD4C6CCFCBC2B1482992DF4C48E9DE1B3B7F16F33332BFCB 
2023-04-28 11:52:25,583  INFO | pool-2-thread-12 | eu.europa.esig.dss.validation.SignedDocumentValidator   | Default SignaturePolicyProvider instantiated with NativeHTTPDataLoader. 
2023-04-28 11:52:25,584  INFO | pool-2-thread-18 | e.e.esig.dss.xades.validation.XAdESCertificateSource    | +XAdESCertificateSource 
2023-04-28 11:52:25,584  WARN | pool-2-thread-30 | eu.europa.esig.dss.service.ocsp.OnlineOCSPSource        | No OCSP location found for C-FCBFEBCB6B78113DFD4C6CCFCBC2B1482992DF4C48E9DE1B3B7F16F33332BFCB 
2023-04-28 11:52:25,585  INFO | pool-2-thread-20 | e.e.e.d.spi.x509.revocation.RepositoryRevocationSource  | Revocation token for certificate with Id 'C-FCBFEBCB6B78113DFD4C6CCFCBC2B1482992DF4C48E9DE1B3B7F16F33332BFCB' has been loaded from the cache 
2023-04-28 11:52:25,585  INFO | pool-2-thread-30 | e.e.e.d.spi.x509.revocation.RepositoryRevocationSource  | Revocation token for certificate with Id 'C-FCBFEBCB6B78113DFD4C6CCFCBC2B1482992DF4C48E9DE1B3B7F16F33332BFCB' has been loaded from the cache 
2023-04-28 11:52:25,585  INFO | pool-2-thread-9 | e.europa.esig.dss.validation.CommonCertificateVerifier  | + New CommonCertificateVerifier created. 
2023-04-28 11:52:25,585  INFO | pool-2-thread-37 | eu.europa.esig.dss.validation.SignedDocumentValidator   | Default SignaturePolicyProvider instantiated with NativeHTTPDataLoader. 
2023-04-28 11:52:25,587  INFO | pool-2-thread-20 | eu.europa.esig.dss.spi.x509.revocation.ocsp.OCSPToken   | OCSP status is good 
2023-04-28 11:52:25,587  INFO | pool-2-thread-40 | eu.europa.esig.dss.spi.x509.revocation.ocsp.OCSPToken   | OCSP status is good 
2023-04-28 11:52:25,587  INFO | pool-2-thread-30 | eu.europa.esig.dss.spi.x509.revocation.ocsp.OCSPToken   | OCSP status is good 
2023-04-28 11:52:25,588  INFO | pool-2-thread-40 | e.e.e.d.spi.x509.revocation.RepositoryRevocationSource  | Revocation token for certificate with Id 'C-96DB5CFA7ABACEB5C97C131CBBFB341DDD8E64FE68B587558AA8F082AB2670F2' has been loaded from the cache 
2023-04-28 11:52:25,588  INFO | pool-2-thread-20 | e.e.e.d.spi.x509.revocation.RepositoryRevocationSource  | Revocation token for certificate with Id 'C-96DB5CFA7ABACEB5C97C131CBBFB341DDD8E64FE68B587558AA8F082AB2670F2' has been loaded from the cache 
2023-04-28 11:52:25,588  INFO | pool-2-thread-30 | e.e.e.d.spi.x509.revocation.RepositoryRevocationSource  | Revocation token for certificate with Id 'C-96DB5CFA7ABACEB5C97C131CBBFB341DDD8E64FE68B587558AA8F082AB2670F2' has been loaded from the cache 
2023-04-28 11:52:25,589  INFO | pool-2-thread-30 | eu.europa.esig.dss.validation.SignedDocumentValidator   | Default SignaturePolicyProvider instantiated with NativeHTTPDataLoader. 
2023-04-28 11:52:25,589  INFO | pool-2-thread-40 | eu.europa.esig.dss.validation.SignedDocumentValidator   | Default SignaturePolicyProvider instantiated with NativeHTTPDataLoader. 
2023-04-28 11:52:25,593  INFO | pool-2-thread-33 | eu.europa.esig.dss.validation.SignedDocumentValidator   | Document validation... 
2023-04-28 11:52:25,593  INFO | pool-2-thread-22 | eu.europa.esig.dss.spi.x509.revocation.ocsp.OCSPToken   | OCSP status is good 
2023-04-28 11:52:25,594  INFO | pool-2-thread-39 | e.e.esig.dss.xades.validation.XAdESCertificateSource    | +XAdESCertificateSource 
2023-04-28 11:52:25,596  INFO | pool-2-thread-22 | eu.europa.esig.dss.validation.SignedDocumentValidator   | Default SignaturePolicyProvider instantiated with NativeHTTPDataLoader. 
2023-04-28 11:52:25,596  INFO | pool-2-thread-20 | eu.europa.esig.dss.validation.SignedDocumentValidator   | Default SignaturePolicyProvider instantiated with NativeHTTPDataLoader. 
2023-04-28 11:52:25,614  INFO | pool-2-thread-36 | eu.europa.esig.dss.spi.x509.revocation.ocsp.OCSPToken   | OCSP status is good 
2023-04-28 11:52:25,618  INFO | pool-2-thread-36 | eu.europa.esig.dss.validation.SignedDocumentValidator   | Default SignaturePolicyProvider instantiated with NativeHTTPDataLoader. 
2023-04-28 11:52:25,620  INFO | pool-2-thread-38 | e.europa.esig.dss.validation.CommonCertificateVerifier  | + New CommonCertificateVerifier created. 
2023-04-28 11:52:25,624  INFO | pool-2-thread-5 | e.europa.esig.dss.validation.CommonCertificateVerifier  | + New CommonCertificateVerifier created. 
2023-04-28 11:52:25,630  INFO | pool-2-thread-8 | e.europa.esig.dss.validation.CommonCertificateVerifier  | + New CommonCertificateVerifier created. 
2023-04-28 11:52:25,633  INFO | pool-2-thread-16 | eu.europa.esig.dss.validation.SignedDocumentValidator   | Document validation... 
2023-04-28 11:52:25,634  INFO | pool-2-thread-32 | e.e.esig.dss.xades.validation.XAdESCertificateSource    | +XAdESCertificateSource 
2023-04-28 11:52:25,643  INFO | pool-2-thread-38 | eu.europa.esig.dss.spi.x509.revocation.ocsp.OCSPToken   | OCSP status is good 
2023-04-28 11:52:25,646  INFO | pool-2-thread-19 | e.e.esig.dss.xades.validation.XAdESCertificateSource    | +XAdESCertificateSource 
2023-04-28 11:52:25,646  INFO | pool-2-thread-5 | eu.europa.esig.dss.spi.x509.revocation.ocsp.OCSPToken   | OCSP status is good 
2023-04-28 11:52:25,646  INFO | pool-2-thread-38 | eu.europa.esig.dss.validation.SignedDocumentValidator   | Default SignaturePolicyProvider instantiated with NativeHTTPDataLoader. 
2023-04-28 11:52:25,649  INFO | pool-2-thread-8 | e.e.esig.dss.xades.validation.XAdESCertificateSource    | +XAdESCertificateSource 
2023-04-28 11:52:25,649  INFO | pool-2-thread-5 | eu.europa.esig.dss.validation.SignedDocumentValidator   | Default SignaturePolicyProvider instantiated with NativeHTTPDataLoader. 
2023-04-28 11:52:25,652  INFO | pool-2-thread-24 | eu.europa.esig.dss.validation.SignedDocumentValidator   | Document validation... 
2023-04-28 11:52:25,669  INFO | pool-2-thread-31 | eu.europa.esig.dss.validation.SignedDocumentValidator   | Document validation... 
2023-04-28 11:52:25,669  INFO | pool-2-thread-4 | e.europa.esig.dss.validation.CommonCertificateVerifier  | + New CommonCertificateVerifier created. 
2023-04-28 11:52:25,677  INFO | pool-2-thread-33 | e.europa.esig.dss.validation.CommonCertificateVerifier  | + New CommonCertificateVerifier created. 
2023-04-28 11:52:25,677  INFO | pool-2-thread-21 | eu.europa.esig.dss.validation.SignedDocumentValidator   | Document validation... 
2023-04-28 11:52:25,681  INFO | pool-2-thread-39 | e.europa.esig.dss.validation.CommonCertificateVerifier  | + New CommonCertificateVerifier created. 
2023-04-28 11:52:25,683  INFO | pool-2-thread-4 | eu.europa.esig.dss.spi.x509.revocation.ocsp.OCSPToken   | OCSP status is good 
2023-04-28 11:52:25,685  INFO | pool-2-thread-4 | eu.europa.esig.dss.validation.SignedDocumentValidator   | Default SignaturePolicyProvider instantiated with NativeHTTPDataLoader. 
2023-04-28 11:52:25,685  INFO | pool-2-thread-32 | e.europa.esig.dss.validation.CommonCertificateVerifier  | + New CommonCertificateVerifier created. 
2023-04-28 11:52:25,687  INFO | pool-2-thread-6 | eu.europa.esig.dss.validation.SignedDocumentValidator   | Document validation... 
2023-04-28 11:52:25,687  INFO | pool-2-thread-29 | eu.europa.esig.dss.validation.SignedDocumentValidator   | Document validation... 
2023-04-28 11:52:25,688  INFO | pool-2-thread-2 | eu.europa.esig.dss.validation.SignedDocumentValidator   | Document validation... 
2023-04-28 11:52:25,690  INFO | pool-2-thread-26 | eu.europa.esig.dss.validation.SignedDocumentValidator   | Document validation... 
2023-04-28 11:52:25,690  INFO | pool-2-thread-39 | eu.europa.esig.dss.spi.x509.revocation.ocsp.OCSPToken   | OCSP status is good 
2023-04-28 11:52:25,690  INFO | pool-2-thread-24 | e.europa.esig.dss.validation.CommonCertificateVerifier  | + New CommonCertificateVerifier created. 
2023-04-28 11:52:25,692  INFO | pool-2-thread-39 | eu.europa.esig.dss.validation.SignedDocumentValidator   | Default SignaturePolicyProvider instantiated with NativeHTTPDataLoader. 
2023-04-28 11:52:25,692  INFO | pool-2-thread-25 | e.europa.esig.dss.validation.CommonCertificateVerifier  | + New CommonCertificateVerifier created. 
2023-04-28 11:52:25,693  INFO | pool-2-thread-34 | eu.europa.esig.dss.validation.SignedDocumentValidator   | Document validation... 
2023-04-28 11:52:25,693  INFO | pool-2-thread-13 | e.europa.esig.dss.validation.CommonCertificateVerifier  | + New CommonCertificateVerifier created. 
2023-04-28 11:52:25,695  INFO | pool-2-thread-7 | e.europa.esig.dss.validation.CommonCertificateVerifier  | + New CommonCertificateVerifier created. 
2023-04-28 11:52:25,695  INFO | pool-2-thread-33 | e.e.esig.dss.xades.validation.XAdESCertificateSource    | +XAdESCertificateSource 
2023-04-28 11:52:25,697  INFO | pool-2-thread-9 | eu.europa.esig.dss.spi.x509.revocation.ocsp.OCSPToken   | OCSP status is good 
2023-04-28 11:52:25,697  INFO | pool-2-thread-35 | e.europa.esig.dss.validation.CommonCertificateVerifier  | + New CommonCertificateVerifier created. 
2023-04-28 11:52:25,699  WARN | pool-2-thread-32 | eu.europa.esig.dss.service.ocsp.OnlineOCSPSource        | No OCSP location found for C-FCBFEBCB6B78113DFD4C6CCFCBC2B1482992DF4C48E9DE1B3B7F16F33332BFCB 
2023-04-28 11:52:25,700  INFO | pool-2-thread-28 | e.europa.esig.dss.validation.CommonCertificateVerifier  | + New CommonCertificateVerifier created. 
2023-04-28 11:52:25,700  INFO | pool-2-thread-9 | eu.europa.esig.dss.validation.SignedDocumentValidator   | Default SignaturePolicyProvider instantiated with NativeHTTPDataLoader. 
2023-04-28 11:52:25,701  INFO | pool-2-thread-32 | e.e.e.d.spi.x509.revocation.RepositoryRevocationSource  | Revocation token for certificate with Id 'C-FCBFEBCB6B78113DFD4C6CCFCBC2B1482992DF4C48E9DE1B3B7F16F33332BFCB' has been loaded from the cache 
2023-04-28 11:52:25,703  INFO | pool-2-thread-32 | eu.europa.esig.dss.spi.x509.revocation.ocsp.OCSPToken   | OCSP status is good 
2023-04-28 11:52:25,704  INFO | pool-2-thread-32 | e.e.e.d.spi.x509.revocation.RepositoryRevocationSource  | Revocation token for certificate with Id 'C-96DB5CFA7ABACEB5C97C131CBBFB341DDD8E64FE68B587558AA8F082AB2670F2' has been loaded from the cache 
2023-04-28 11:52:25,705  INFO | pool-2-thread-16 | e.europa.esig.dss.validation.CommonCertificateVerifier  | + New CommonCertificateVerifier created. 
2023-04-28 11:52:25,706  INFO | pool-2-thread-32 | eu.europa.esig.dss.validation.SignedDocumentValidator   | Default SignaturePolicyProvider instantiated with NativeHTTPDataLoader. 
2023-04-28 11:52:25,708  WARN | pool-2-thread-13 | eu.europa.esig.dss.service.ocsp.OnlineOCSPSource        | No OCSP location found for C-FCBFEBCB6B78113DFD4C6CCFCBC2B1482992DF4C48E9DE1B3B7F16F33332BFCB 
2023-04-28 11:52:25,708  INFO | pool-2-thread-25 | e.e.esig.dss.xades.validation.XAdESCertificateSource    | +XAdESCertificateSource 
2023-04-28 11:52:25,710  INFO | pool-2-thread-13 | e.e.e.d.spi.x509.revocation.RepositoryRevocationSource  | Revocation token for certificate with Id 'C-FCBFEBCB6B78113DFD4C6CCFCBC2B1482992DF4C48E9DE1B3B7F16F33332BFCB' has been loaded from the cache 
2023-04-28 11:52:25,712  INFO | pool-2-thread-13 | eu.europa.esig.dss.spi.x509.revocation.ocsp.OCSPToken   | OCSP status is good 
2023-04-28 11:52:25,713  INFO | pool-2-thread-13 | e.e.e.d.spi.x509.revocation.RepositoryRevocationSource  | Revocation token for certificate with Id 'C-96DB5CFA7ABACEB5C97C131CBBFB341DDD8E64FE68B587558AA8F082AB2670F2' has been loaded from the cache 
2023-04-28 11:52:25,714  INFO | pool-2-thread-15 | e.e.esig.dss.xades.validation.XAdESCertificateSource    | +XAdESCertificateSource 
2023-04-28 11:52:25,714  INFO | pool-2-thread-7 | eu.europa.esig.dss.spi.x509.revocation.ocsp.OCSPToken   | OCSP status is good 
2023-04-28 11:52:25,715  INFO | pool-2-thread-8 | e.europa.esig.dss.validation.CommonCertificateVerifier  | + New CommonCertificateVerifier created. 
2023-04-28 11:52:25,715  INFO | pool-2-thread-13 | eu.europa.esig.dss.validation.SignedDocumentValidator   | Default SignaturePolicyProvider instantiated with NativeHTTPDataLoader. 
2023-04-28 11:52:25,717  INFO | pool-2-thread-7 | eu.europa.esig.dss.validation.SignedDocumentValidator   | Default SignaturePolicyProvider instantiated with NativeHTTPDataLoader. 
2023-04-28 11:52:25,717  INFO | pool-2-thread-24 | e.e.esig.dss.xades.validation.XAdESCertificateSource    | +XAdESCertificateSource 
2023-04-28 11:52:25,718  INFO | pool-2-thread-21 | e.europa.esig.dss.validation.CommonCertificateVerifier  | + New CommonCertificateVerifier created. 
2023-04-28 11:52:25,720  WARN | pool-2-thread-35 | eu.europa.esig.dss.service.ocsp.OnlineOCSPSource        | No OCSP location found for C-FCBFEBCB6B78113DFD4C6CCFCBC2B1482992DF4C48E9DE1B3B7F16F33332BFCB 
2023-04-28 11:52:25,722  INFO | pool-2-thread-14 | e.europa.esig.dss.validation.CommonCertificateVerifier  | + New CommonCertificateVerifier created. 
2023-04-28 11:52:25,723  INFO | pool-2-thread-10 | eu.europa.esig.dss.validation.SignedDocumentValidator   | Document validation... 
2023-04-28 11:52:25,725  INFO | pool-2-thread-8 | eu.europa.esig.dss.spi.x509.revocation.ocsp.OCSPToken   | OCSP status is good 
2023-04-28 11:52:25,726  INFO | pool-2-thread-16 | e.e.esig.dss.xades.validation.XAdESCertificateSource    | +XAdESCertificateSource 
2023-04-28 11:52:25,728  INFO | pool-2-thread-8 | eu.europa.esig.dss.validation.SignedDocumentValidator   | Default SignaturePolicyProvider instantiated with NativeHTTPDataLoader. 
2023-04-28 11:52:25,731  WARN | pool-2-thread-28 | eu.europa.esig.dss.service.ocsp.OnlineOCSPSource        | No OCSP location found for C-FCBFEBCB6B78113DFD4C6CCFCBC2B1482992DF4C48E9DE1B3B7F16F33332BFCB 
2023-04-28 11:52:25,731  INFO | pool-2-thread-35 | e.e.e.d.spi.x509.revocation.RepositoryRevocationSource  | Revocation token for certificate with Id 'C-FCBFEBCB6B78113DFD4C6CCFCBC2B1482992DF4C48E9DE1B3B7F16F33332BFCB' has been loaded from the cache 
2023-04-28 11:52:25,732  INFO | pool-2-thread-21 | e.e.esig.dss.xades.validation.XAdESCertificateSource    | +XAdESCertificateSource 
2023-04-28 11:52:25,733  INFO | pool-2-thread-28 | e.e.e.d.spi.x509.revocation.RepositoryRevocationSource  | Revocation token for certificate with Id 'C-FCBFEBCB6B78113DFD4C6CCFCBC2B1482992DF4C48E9DE1B3B7F16F33332BFCB' has been loaded from the cache 
2023-04-28 11:52:25,735  INFO | pool-2-thread-14 | e.e.esig.dss.xades.validation.XAdESCertificateSource    | +XAdESCertificateSource 
2023-04-28 11:52:25,735  INFO | pool-2-thread-35 | eu.europa.esig.dss.spi.x509.revocation.ocsp.OCSPToken   | OCSP status is good 
2023-04-28 11:52:25,735  INFO | pool-2-thread-28 | eu.europa.esig.dss.spi.x509.revocation.ocsp.OCSPToken   | OCSP status is good 
2023-04-28 11:52:25,737  INFO | pool-2-thread-35 | e.e.e.d.spi.x509.revocation.RepositoryRevocationSource  | Revocation token for certificate with Id 'C-96DB5CFA7ABACEB5C97C131CBBFB341DDD8E64FE68B587558AA8F082AB2670F2' has been loaded from the cache 
2023-04-28 11:52:25,737  INFO | pool-2-thread-28 | e.e.e.d.spi.x509.revocation.RepositoryRevocationSource  | Revocation token for certificate with Id 'C-96DB5CFA7ABACEB5C97C131CBBFB341DDD8E64FE68B587558AA8F082AB2670F2' has been loaded from the cache 
2023-04-28 11:52:25,739  INFO | pool-2-thread-28 | eu.europa.esig.dss.validation.SignedDocumentValidator   | Default SignaturePolicyProvider instantiated with NativeHTTPDataLoader. 
2023-04-28 11:52:25,739  INFO | pool-2-thread-35 | eu.europa.esig.dss.validation.SignedDocumentValidator   | Default SignaturePolicyProvider instantiated with NativeHTTPDataLoader. 
2023-04-28 11:52:25,740  INFO | pool-2-thread-26 | e.europa.esig.dss.validation.CommonCertificateVerifier  | + New CommonCertificateVerifier created. 
2023-04-28 11:52:25,740  INFO | pool-2-thread-3 | eu.europa.esig.dss.validation.SignedDocumentValidator   | Document validation... 
2023-04-28 11:52:25,750  INFO | pool-2-thread-26 | e.e.esig.dss.xades.validation.XAdESCertificateSource    | +XAdESCertificateSource 
2023-04-28 11:52:25,764  INFO | pool-2-thread-18 | e.europa.esig.dss.validation.CommonCertificateVerifier  | + New CommonCertificateVerifier created. 
2023-04-28 11:52:25,764  INFO | pool-2-thread-29 | e.europa.esig.dss.validation.CommonCertificateVerifier  | + New CommonCertificateVerifier created. 
2023-04-28 11:52:25,770  WARN | pool-2-thread-18 | eu.europa.esig.dss.service.ocsp.OnlineOCSPSource        | No OCSP location found for C-FCBFEBCB6B78113DFD4C6CCFCBC2B1482992DF4C48E9DE1B3B7F16F33332BFCB 
2023-04-28 11:52:25,773  INFO | pool-2-thread-18 | e.e.e.d.spi.x509.revocation.RepositoryRevocationSource  | Revocation token for certificate with Id 'C-FCBFEBCB6B78113DFD4C6CCFCBC2B1482992DF4C48E9DE1B3B7F16F33332BFCB' has been loaded from the cache 
2023-04-28 11:52:25,777  INFO | pool-2-thread-18 | eu.europa.esig.dss.spi.x509.revocation.ocsp.OCSPToken   | OCSP status is good 
2023-04-28 11:52:25,777  INFO | pool-2-thread-6 | e.europa.esig.dss.validation.CommonCertificateVerifier  | + New CommonCertificateVerifier created. 
2023-04-28 11:52:25,778  INFO | pool-2-thread-18 | e.e.e.d.spi.x509.revocation.RepositoryRevocationSource  | Revocation token for certificate with Id 'C-96DB5CFA7ABACEB5C97C131CBBFB341DDD8E64FE68B587558AA8F082AB2670F2' has been loaded from the cache 
2023-04-28 11:52:25,779  INFO | pool-2-thread-29 | e.e.esig.dss.xades.validation.XAdESCertificateSource    | +XAdESCertificateSource 
2023-04-28 11:52:25,790  INFO | pool-2-thread-15 | e.europa.esig.dss.validation.CommonCertificateVerifier  | + New CommonCertificateVerifier created. 
2023-04-28 11:52:25,796  INFO | pool-2-thread-34 | e.europa.esig.dss.validation.CommonCertificateVerifier  | + New CommonCertificateVerifier created. 
2023-04-28 11:52:25,805  INFO | pool-2-thread-18 | eu.europa.esig.dss.validation.SignedDocumentValidator   | Default SignaturePolicyProvider instantiated with NativeHTTPDataLoader. 
2023-04-28 11:52:25,807  INFO | pool-2-thread-3 | e.europa.esig.dss.validation.CommonCertificateVerifier  | + New CommonCertificateVerifier created. 
2023-04-28 11:52:25,810  INFO | pool-2-thread-21 | e.europa.esig.dss.validation.CommonCertificateVerifier  | + New CommonCertificateVerifier created. 
2023-04-28 11:52:25,813  INFO | pool-2-thread-10 | e.europa.esig.dss.validation.CommonCertificateVerifier  | + New CommonCertificateVerifier created. 
2023-04-28 11:52:25,815  INFO | pool-2-thread-24 | e.europa.esig.dss.validation.CommonCertificateVerifier  | + New CommonCertificateVerifier created. 
2023-04-28 11:52:25,818  INFO | pool-2-thread-25 | e.europa.esig.dss.validation.CommonCertificateVerifier  | + New CommonCertificateVerifier created. 
2023-04-28 11:52:25,818  INFO | pool-2-thread-23 | e.europa.esig.dss.validation.CommonCertificateVerifier  | + New CommonCertificateVerifier created. 
2023-04-28 11:52:25,820  INFO | pool-2-thread-2 | e.europa.esig.dss.validation.CommonCertificateVerifier  | + New CommonCertificateVerifier created. 
2023-04-28 11:52:25,820  INFO | pool-2-thread-17 | eu.europa.esig.dss.validation.SignedDocumentValidator   | Document validation... 
2023-04-28 11:52:25,822  INFO | pool-2-thread-19 | e.europa.esig.dss.validation.CommonCertificateVerifier  | + New CommonCertificateVerifier created. 
2023-04-28 11:52:25,823  INFO | pool-2-thread-33 | e.europa.esig.dss.validation.CommonCertificateVerifier  | + New CommonCertificateVerifier created. 
2023-04-28 11:52:25,824  INFO | pool-2-thread-16 | e.europa.esig.dss.validation.CommonCertificateVerifier  | + New CommonCertificateVerifier created. 
2023-04-28 11:52:25,824  INFO | pool-2-thread-15 | eu.europa.esig.dss.spi.x509.revocation.ocsp.OCSPToken   | OCSP status is good 
2023-04-28 11:52:25,826  INFO | pool-2-thread-15 | eu.europa.esig.dss.validation.SignedDocumentValidator   | Default SignaturePolicyProvider instantiated with NativeHTTPDataLoader. 
2023-04-28 11:52:25,828  INFO | pool-2-thread-34 | e.e.esig.dss.xades.validation.XAdESCertificateSource    | +XAdESCertificateSource 
2023-04-28 11:52:25,830  INFO | pool-2-thread-26 | e.europa.esig.dss.validation.CommonCertificateVerifier  | + New CommonCertificateVerifier created. 
2023-04-28 11:52:25,833  INFO | pool-2-thread-11 | eu.europa.esig.dss.validation.SignedDocumentValidator   | Document validation... 
2023-04-28 11:52:25,833  INFO | pool-2-thread-31 | e.europa.esig.dss.validation.CommonCertificateVerifier  | + New CommonCertificateVerifier created. 
2023-04-28 11:52:25,843  INFO | pool-2-thread-23 | eu.europa.esig.dss.spi.x509.revocation.ocsp.OCSPToken   | OCSP status is good 
2023-04-28 11:52:25,844  INFO | pool-2-thread-10 | e.e.esig.dss.xades.validation.XAdESCertificateSource    | +XAdESCertificateSource 
2023-04-28 11:52:25,846  INFO | pool-2-thread-23 | eu.europa.esig.dss.validation.SignedDocumentValidator   | Default SignaturePolicyProvider instantiated with NativeHTTPDataLoader. 
2023-04-28 11:52:25,847  INFO | pool-2-thread-3 | e.e.esig.dss.xades.validation.XAdESCertificateSource    | +XAdESCertificateSource 
2023-04-28 11:52:25,851  INFO | pool-2-thread-2 | e.e.esig.dss.xades.validation.XAdESCertificateSource    | +XAdESCertificateSource 
2023-04-28 11:52:25,853  INFO | pool-2-thread-39 | eu.europa.esig.dss.validation.SignedDocumentValidator   | Document validation... 
2023-04-28 11:52:25,858  INFO | pool-2-thread-14 | e.europa.esig.dss.validation.CommonCertificateVerifier  | + New CommonCertificateVerifier created. 
2023-04-28 11:52:25,861  INFO | pool-2-thread-6 | e.e.esig.dss.xades.validation.XAdESCertificateSource    | +XAdESCertificateSource 
2023-04-28 11:52:25,863  INFO | pool-2-thread-24 | eu.europa.esig.dss.spi.x509.revocation.ocsp.OCSPToken   | OCSP status is good 
2023-04-28 11:52:25,866  INFO | pool-2-thread-24 | eu.europa.esig.dss.validation.SignedDocumentValidator   | Default SignaturePolicyProvider instantiated with NativeHTTPDataLoader. 
2023-04-28 11:52:25,867  WARN | pool-2-thread-21 | eu.europa.esig.dss.service.ocsp.OnlineOCSPSource        | No OCSP location found for C-FCBFEBCB6B78113DFD4C6CCFCBC2B1482992DF4C48E9DE1B3B7F16F33332BFCB 
2023-04-28 11:52:25,869  INFO | pool-2-thread-21 | e.e.e.d.spi.x509.revocation.RepositoryRevocationSource  | Revocation token for certificate with Id 'C-FCBFEBCB6B78113DFD4C6CCFCBC2B1482992DF4C48E9DE1B3B7F16F33332BFCB' has been loaded from the cache 
2023-04-28 11:52:25,872  INFO | pool-2-thread-21 | eu.europa.esig.dss.spi.x509.revocation.ocsp.OCSPToken   | OCSP status is good 
2023-04-28 11:52:25,873  INFO | pool-2-thread-21 | e.e.e.d.spi.x509.revocation.RepositoryRevocationSource  | Revocation token for certificate with Id 'C-96DB5CFA7ABACEB5C97C131CBBFB341DDD8E64FE68B587558AA8F082AB2670F2' has been loaded from the cache 
2023-04-28 11:52:25,874  INFO | pool-2-thread-31 | e.e.esig.dss.xades.validation.XAdESCertificateSource    | +XAdESCertificateSource 
2023-04-28 11:52:25,876  INFO | pool-2-thread-21 | eu.europa.esig.dss.validation.SignedDocumentValidator   | Default SignaturePolicyProvider instantiated with NativeHTTPDataLoader. 
2023-04-28 11:52:25,878  WARN | pool-2-thread-16 | eu.europa.esig.dss.service.ocsp.OnlineOCSPSource        | No OCSP location found for C-FCBFEBCB6B78113DFD4C6CCFCBC2B1482992DF4C48E9DE1B3B7F16F33332BFCB 
2023-04-28 11:52:25,880  INFO | pool-2-thread-14 | eu.europa.esig.dss.spi.x509.revocation.ocsp.OCSPToken   | OCSP status is good 
2023-04-28 11:52:25,880  INFO | pool-2-thread-16 | e.e.e.d.spi.x509.revocation.RepositoryRevocationSource  | Revocation token for certificate with Id 'C-FCBFEBCB6B78113DFD4C6CCFCBC2B1482992DF4C48E9DE1B3B7F16F33332BFCB' has been loaded from the cache 
2023-04-28 11:52:25,881  WARN | pool-2-thread-25 | eu.europa.esig.dss.service.ocsp.OnlineOCSPSource        | No OCSP location found for C-FCBFEBCB6B78113DFD4C6CCFCBC2B1482992DF4C48E9DE1B3B7F16F33332BFCB 
2023-04-28 11:52:25,882  INFO | pool-2-thread-33 | eu.europa.esig.dss.spi.x509.revocation.ocsp.OCSPToken   | OCSP status is good 
2023-04-28 11:52:25,884  INFO | pool-2-thread-14 | eu.europa.esig.dss.validation.SignedDocumentValidator   | Default SignaturePolicyProvider instantiated with NativeHTTPDataLoader. 
2023-04-28 11:52:25,884  INFO | pool-2-thread-25 | e.e.e.d.spi.x509.revocation.RepositoryRevocationSource  | Revocation token for certificate with Id 'C-FCBFEBCB6B78113DFD4C6CCFCBC2B1482992DF4C48E9DE1B3B7F16F33332BFCB' has been loaded from the cache 
2023-04-28 11:52:25,885  INFO | pool-2-thread-33 | eu.europa.esig.dss.validation.SignedDocumentValidator   | Default SignaturePolicyProvider instantiated with NativeHTTPDataLoader. 
2023-04-28 11:52:25,887  INFO | pool-2-thread-16 | eu.europa.esig.dss.spi.x509.revocation.ocsp.OCSPToken   | OCSP status is good 
2023-04-28 11:52:25,888  INFO | pool-2-thread-25 | eu.europa.esig.dss.spi.x509.revocation.ocsp.OCSPToken   | OCSP status is good 
2023-04-28 11:52:25,888  INFO | pool-2-thread-16 | e.e.e.d.spi.x509.revocation.RepositoryRevocationSource  | Revocation token for certificate with Id 'C-96DB5CFA7ABACEB5C97C131CBBFB341DDD8E64FE68B587558AA8F082AB2670F2' has been loaded from the cache 
2023-04-28 11:52:25,889  INFO | pool-2-thread-25 | e.e.e.d.spi.x509.revocation.RepositoryRevocationSource  | Revocation token for certificate with Id 'C-96DB5CFA7ABACEB5C97C131CBBFB341DDD8E64FE68B587558AA8F082AB2670F2' has been loaded from the cache 
2023-04-28 11:52:25,889  INFO | pool-2-thread-39 | e.europa.esig.dss.validation.CommonCertificateVerifier  | + New CommonCertificateVerifier created. 
2023-04-28 11:52:25,890  INFO | pool-2-thread-16 | eu.europa.esig.dss.validation.SignedDocumentValidator   | Default SignaturePolicyProvider instantiated with NativeHTTPDataLoader. 
2023-04-28 11:52:25,891  INFO | pool-2-thread-25 | eu.europa.esig.dss.validation.SignedDocumentValidator   | Default SignaturePolicyProvider instantiated with NativeHTTPDataLoader. 
2023-04-28 11:52:25,892  INFO | pool-2-thread-11 | e.europa.esig.dss.validation.CommonCertificateVerifier  | + New CommonCertificateVerifier created. 
2023-04-28 11:52:25,892  INFO | pool-2-thread-3 | e.europa.esig.dss.validation.CommonCertificateVerifier  | + New CommonCertificateVerifier created. 
2023-04-28 11:52:25,896  INFO | pool-2-thread-17 | e.europa.esig.dss.validation.CommonCertificateVerifier  | + New CommonCertificateVerifier created. 
2023-04-28 11:52:25,897  INFO | pool-2-thread-36 | eu.europa.esig.dss.validation.SignedDocumentValidator   | Document validation... 
2023-04-28 11:52:25,899  INFO | pool-2-thread-39 | e.e.esig.dss.xades.validation.XAdESCertificateSource    | +XAdESCertificateSource 
2023-04-28 11:52:25,903  INFO | pool-2-thread-27 | eu.europa.esig.dss.validation.SignedDocumentValidator   | Document validation... 
2023-04-28 11:52:25,904  INFO | pool-2-thread-29 | e.europa.esig.dss.validation.CommonCertificateVerifier  | + New CommonCertificateVerifier created. 
2023-04-28 11:52:25,906  INFO | pool-2-thread-11 | e.e.esig.dss.xades.validation.XAdESCertificateSource    | +XAdESCertificateSource 
2023-04-28 11:52:25,908  INFO | pool-2-thread-3 | eu.europa.esig.dss.spi.x509.revocation.ocsp.OCSPToken   | OCSP status is good 
2023-04-28 11:52:25,908  INFO | pool-2-thread-17 | e.e.esig.dss.xades.validation.XAdESCertificateSource    | +XAdESCertificateSource 
2023-04-28 11:52:25,910  INFO | pool-2-thread-3 | eu.europa.esig.dss.validation.SignedDocumentValidator   | Default SignaturePolicyProvider instantiated with NativeHTTPDataLoader. 
2023-04-28 11:52:25,911  INFO | pool-2-thread-19 | eu.europa.esig.dss.spi.x509.revocation.ocsp.OCSPToken   | OCSP status is good 
2023-04-28 11:52:25,913  INFO | pool-2-thread-19 | eu.europa.esig.dss.validation.SignedDocumentValidator   | Default SignaturePolicyProvider instantiated with NativeHTTPDataLoader. 
2023-04-28 11:52:25,929  INFO | pool-2-thread-36 | e.europa.esig.dss.validation.CommonCertificateVerifier  | + New CommonCertificateVerifier created. 
2023-04-28 11:52:25,930  INFO | pool-2-thread-2 | e.europa.esig.dss.validation.CommonCertificateVerifier  | + New CommonCertificateVerifier created. 
2023-04-28 11:52:25,933  INFO | pool-2-thread-39 | e.europa.esig.dss.validation.CommonCertificateVerifier  | + New CommonCertificateVerifier created. 
2023-04-28 11:52:25,935  INFO | pool-2-thread-27 | e.europa.esig.dss.validation.CommonCertificateVerifier  | + New CommonCertificateVerifier created. 
2023-04-28 11:52:25,937  WARN | pool-2-thread-29 | eu.europa.esig.dss.service.ocsp.OnlineOCSPSource        | No OCSP location found for C-FCBFEBCB6B78113DFD4C6CCFCBC2B1482992DF4C48E9DE1B3B7F16F33332BFCB 
2023-04-28 11:52:25,937  INFO | pool-2-thread-36 | e.e.esig.dss.xades.validation.XAdESCertificateSource    | +XAdESCertificateSource 
2023-04-28 11:52:25,938  INFO | pool-2-thread-10 | e.europa.esig.dss.validation.CommonCertificateVerifier  | + New CommonCertificateVerifier created. 
2023-04-28 11:52:25,939  INFO | pool-2-thread-29 | e.e.e.d.spi.x509.revocation.RepositoryRevocationSource  | Revocation token for certificate with Id 'C-FCBFEBCB6B78113DFD4C6CCFCBC2B1482992DF4C48E9DE1B3B7F16F33332BFCB' has been loaded from the cache 
2023-04-28 11:52:25,942  INFO | pool-2-thread-29 | eu.europa.esig.dss.spi.x509.revocation.ocsp.OCSPToken   | OCSP status is good 
2023-04-28 11:52:25,944  INFO | pool-2-thread-29 | e.e.e.d.spi.x509.revocation.RepositoryRevocationSource  | Revocation token for certificate with Id 'C-96DB5CFA7ABACEB5C97C131CBBFB341DDD8E64FE68B587558AA8F082AB2670F2' has been loaded from the cache 
2023-04-28 11:52:25,946  INFO | pool-2-thread-29 | eu.europa.esig.dss.validation.SignedDocumentValidator   | Default SignaturePolicyProvider instantiated with NativeHTTPDataLoader. 
2023-04-28 11:52:25,947  WARN | pool-2-thread-39 | eu.europa.esig.dss.service.ocsp.OnlineOCSPSource        | No OCSP location found for C-FCBFEBCB6B78113DFD4C6CCFCBC2B1482992DF4C48E9DE1B3B7F16F33332BFCB 
2023-04-28 11:52:25,948  INFO | pool-2-thread-39 | e.e.e.d.spi.x509.revocation.RepositoryRevocationSource  | Revocation token for certificate with Id 'C-FCBFEBCB6B78113DFD4C6CCFCBC2B1482992DF4C48E9DE1B3B7F16F33332BFCB' has been loaded from the cache 
2023-04-28 11:52:25,947  INFO | pool-2-thread-2 | eu.europa.esig.dss.spi.x509.revocation.ocsp.OCSPToken   | OCSP status is good 
2023-04-28 11:52:25,952  INFO | pool-2-thread-27 | e.e.esig.dss.xades.validation.XAdESCertificateSource    | +XAdESCertificateSource 
2023-04-28 11:52:25,952  INFO | pool-2-thread-39 | eu.europa.esig.dss.spi.x509.revocation.ocsp.OCSPToken   | OCSP status is good 
2023-04-28 11:52:25,953  INFO | pool-2-thread-39 | e.e.e.d.spi.x509.revocation.RepositoryRevocationSource  | Revocation token for certificate with Id 'C-96DB5CFA7ABACEB5C97C131CBBFB341DDD8E64FE68B587558AA8F082AB2670F2' has been loaded from the cache 
2023-04-28 11:52:25,954  INFO | pool-2-thread-2 | eu.europa.esig.dss.validation.SignedDocumentValidator   | Default SignaturePolicyProvider instantiated with NativeHTTPDataLoader. 
2023-04-28 11:52:25,955  INFO | pool-2-thread-39 | eu.europa.esig.dss.validation.SignedDocumentValidator   | Default SignaturePolicyProvider instantiated with NativeHTTPDataLoader. 
2023-04-28 11:52:25,956  INFO | pool-2-thread-10 | eu.europa.esig.dss.spi.x509.revocation.ocsp.OCSPToken   | OCSP status is good 
2023-04-28 11:52:25,956  INFO | pool-2-thread-31 | e.europa.esig.dss.validation.CommonCertificateVerifier  | + New CommonCertificateVerifier created. 
2023-04-28 11:52:25,957  INFO | pool-2-thread-40 | eu.europa.esig.dss.validation.SignedDocumentValidator   | Document validation... 
2023-04-28 11:52:25,958  INFO | pool-2-thread-10 | eu.europa.esig.dss.validation.SignedDocumentValidator   | Default SignaturePolicyProvider instantiated with NativeHTTPDataLoader. 
2023-04-28 11:52:25,961  INFO | pool-2-thread-17 | e.europa.esig.dss.validation.CommonCertificateVerifier  | + New CommonCertificateVerifier created. 
2023-04-28 11:52:25,964  WARN | pool-2-thread-31 | eu.europa.esig.dss.service.ocsp.OnlineOCSPSource        | No OCSP location found for C-FCBFEBCB6B78113DFD4C6CCFCBC2B1482992DF4C48E9DE1B3B7F16F33332BFCB 
2023-04-28 11:52:25,987  INFO | pool-2-thread-40 | e.europa.esig.dss.validation.CommonCertificateVerifier  | + New CommonCertificateVerifier created. 
2023-04-28 11:52:25,997  INFO | pool-2-thread-31 | e.e.e.d.spi.x509.revocation.RepositoryRevocationSource  | Revocation token for certificate with Id 'C-FCBFEBCB6B78113DFD4C6CCFCBC2B1482992DF4C48E9DE1B3B7F16F33332BFCB' has been loaded from the cache 
2023-04-28 11:52:25,999  INFO | pool-2-thread-31 | eu.europa.esig.dss.spi.x509.revocation.ocsp.OCSPToken   | OCSP status is good 
2023-04-28 11:52:26,000  INFO | pool-2-thread-31 | e.e.e.d.spi.x509.revocation.RepositoryRevocationSource  | Revocation token for certificate with Id 'C-96DB5CFA7ABACEB5C97C131CBBFB341DDD8E64FE68B587558AA8F082AB2670F2' has been loaded from the cache 
2023-04-28 11:52:26,003  INFO | pool-2-thread-31 | eu.europa.esig.dss.validation.SignedDocumentValidator   | Default SignaturePolicyProvider instantiated with NativeHTTPDataLoader. 
2023-04-28 11:52:26,011  INFO | pool-2-thread-40 | e.e.esig.dss.xades.validation.XAdESCertificateSource    | +XAdESCertificateSource 
2023-04-28 11:52:26,015  INFO | pool-2-thread-11 | e.europa.esig.dss.validation.CommonCertificateVerifier  | + New CommonCertificateVerifier created. 
2023-04-28 11:52:26,021  INFO | pool-2-thread-6 | e.europa.esig.dss.validation.CommonCertificateVerifier  | + New CommonCertificateVerifier created. 
2023-04-28 11:52:26,024  INFO | pool-2-thread-25 | eu.europa.esig.dss.validation.SignedDocumentValidator   | Document validation... 
2023-04-28 11:52:26,024  INFO | pool-2-thread-12 | eu.europa.esig.dss.validation.SignedDocumentValidator   | Document validation... 
2023-04-28 11:52:26,025  INFO | pool-2-thread-24 | eu.europa.esig.dss.validation.SignedDocumentValidator   | Document validation... 
2023-04-28 11:52:26,026  INFO | pool-2-thread-20 | eu.europa.esig.dss.validation.SignedDocumentValidator   | Document validation... 
2023-04-28 11:52:26,026  INFO | pool-2-thread-8 | eu.europa.esig.dss.validation.SignedDocumentValidator   | Document validation... 
2023-04-28 11:52:26,027  INFO | pool-2-thread-6 | eu.europa.esig.dss.spi.x509.revocation.ocsp.OCSPToken   | OCSP status is good 
2023-04-28 11:52:26,028  WARN | pool-2-thread-17 | eu.europa.esig.dss.service.ocsp.OnlineOCSPSource        | No OCSP location found for C-FCBFEBCB6B78113DFD4C6CCFCBC2B1482992DF4C48E9DE1B3B7F16F33332BFCB 
2023-04-28 11:52:26,029  INFO | pool-2-thread-6 | eu.europa.esig.dss.validation.SignedDocumentValidator   | Default SignaturePolicyProvider instantiated with NativeHTTPDataLoader. 
2023-04-28 11:52:26,029  INFO | pool-2-thread-25 | e.europa.esig.dss.validation.CommonCertificateVerifier  | + New CommonCertificateVerifier created. 
2023-04-28 11:52:26,029  INFO | pool-2-thread-12 | e.europa.esig.dss.validation.CommonCertificateVerifier  | + New CommonCertificateVerifier created. 
2023-04-28 11:52:26,030  INFO | pool-2-thread-17 | e.e.e.d.spi.x509.revocation.RepositoryRevocationSource  | Revocation token for certificate with Id 'C-FCBFEBCB6B78113DFD4C6CCFCBC2B1482992DF4C48E9DE1B3B7F16F33332BFCB' has been loaded from the cache 
2023-04-28 11:52:26,030  INFO | pool-2-thread-24 | e.europa.esig.dss.validation.CommonCertificateVerifier  | + New CommonCertificateVerifier created. 
2023-04-28 11:52:26,031  INFO | pool-2-thread-17 | eu.europa.esig.dss.spi.x509.revocation.ocsp.OCSPToken   | OCSP status is good 
2023-04-28 11:52:26,033  WARN | pool-2-thread-11 | eu.europa.esig.dss.service.ocsp.OnlineOCSPSource        | No OCSP location found for C-FCBFEBCB6B78113DFD4C6CCFCBC2B1482992DF4C48E9DE1B3B7F16F33332BFCB 
2023-04-28 11:52:26,033  INFO | pool-2-thread-17 | e.e.e.d.spi.x509.revocation.RepositoryRevocationSource  | Revocation token for certificate with Id 'C-96DB5CFA7ABACEB5C97C131CBBFB341DDD8E64FE68B587558AA8F082AB2670F2' has been loaded from the cache 
2023-04-28 11:52:26,034  INFO | pool-2-thread-23 | eu.europa.esig.dss.validation.SignedDocumentValidator   | Document validation... 
2023-04-28 11:52:26,034  INFO | pool-2-thread-11 | e.e.e.d.spi.x509.revocation.RepositoryRevocationSource  | Revocation token for certificate with Id 'C-FCBFEBCB6B78113DFD4C6CCFCBC2B1482992DF4C48E9DE1B3B7F16F33332BFCB' has been loaded from the cache 
2023-04-28 11:52:26,035  INFO | pool-2-thread-17 | eu.europa.esig.dss.validation.SignedDocumentValidator   | Default SignaturePolicyProvider instantiated with NativeHTTPDataLoader. 
2023-04-28 11:52:26,036  INFO | pool-2-thread-16 | eu.europa.esig.dss.validation.SignedDocumentValidator   | Document validation... 
2023-04-28 11:52:26,037  INFO | pool-2-thread-11 | eu.europa.esig.dss.spi.x509.revocation.ocsp.OCSPToken   | OCSP status is good 
2023-04-28 11:52:26,038  WARN | pool-2-thread-26 | eu.europa.esig.dss.service.ocsp.OnlineOCSPSource        | No OCSP location found for C-FCBFEBCB6B78113DFD4C6CCFCBC2B1482992DF4C48E9DE1B3B7F16F33332BFCB 
2023-04-28 11:52:26,038  INFO | pool-2-thread-11 | e.e.e.d.spi.x509.revocation.RepositoryRevocationSource  | Revocation token for certificate with Id 'C-96DB5CFA7ABACEB5C97C131CBBFB341DDD8E64FE68B587558AA8F082AB2670F2' has been loaded from the cache 
2023-04-28 11:52:26,039  INFO | pool-2-thread-26 | e.e.e.d.spi.x509.revocation.RepositoryRevocationSource  | Revocation token for certificate with Id 'C-FCBFEBCB6B78113DFD4C6CCFCBC2B1482992DF4C48E9DE1B3B7F16F33332BFCB' has been loaded from the cache 
2023-04-28 11:52:26,039  INFO | pool-2-thread-11 | eu.europa.esig.dss.validation.SignedDocumentValidator   | Default SignaturePolicyProvider instantiated with NativeHTTPDataLoader. 
2023-04-28 11:52:26,041  INFO | pool-2-thread-15 | eu.europa.esig.dss.validation.SignedDocumentValidator   | Document validation... 
2023-04-28 11:52:26,042  INFO | pool-2-thread-26 | eu.europa.esig.dss.spi.x509.revocation.ocsp.OCSPToken   | OCSP status is good 
2023-04-28 11:52:26,043  INFO | pool-2-thread-26 | e.e.e.d.spi.x509.revocation.RepositoryRevocationSource  | Revocation token for certificate with Id 'C-96DB5CFA7ABACEB5C97C131CBBFB341DDD8E64FE68B587558AA8F082AB2670F2' has been loaded from the cache 
2023-04-28 11:52:26,049  INFO | pool-2-thread-40 | e.europa.esig.dss.validation.CommonCertificateVerifier  | + New CommonCertificateVerifier created. 
2023-04-28 11:52:26,050  INFO | pool-2-thread-24 | e.e.esig.dss.xades.validation.XAdESCertificateSource    | +XAdESCertificateSource 
2023-04-28 11:52:26,053  INFO | pool-2-thread-8 | e.europa.esig.dss.validation.CommonCertificateVerifier  | + New CommonCertificateVerifier created. 
2023-04-28 11:52:26,054  INFO | pool-2-thread-12 | e.e.esig.dss.xades.validation.XAdESCertificateSource    | +XAdESCertificateSource 
2023-04-28 11:52:26,055  INFO | pool-2-thread-25 | e.e.esig.dss.xades.validation.XAdESCertificateSource    | +XAdESCertificateSource 
2023-04-28 11:52:26,056  INFO | pool-2-thread-7 | eu.europa.esig.dss.validation.SignedDocumentValidator   | Document validation... 
2023-04-28 11:52:26,056  INFO | pool-2-thread-20 | e.europa.esig.dss.validation.CommonCertificateVerifier  | + New CommonCertificateVerifier created. 
2023-04-28 11:52:26,057  INFO | pool-2-thread-26 | eu.europa.esig.dss.validation.SignedDocumentValidator   | Default SignaturePolicyProvider instantiated with NativeHTTPDataLoader. 
2023-04-28 11:52:26,072  INFO | pool-2-thread-36 | e.europa.esig.dss.validation.CommonCertificateVerifier  | + New CommonCertificateVerifier created. 
2023-04-28 11:52:26,078  INFO | pool-2-thread-23 | e.europa.esig.dss.validation.CommonCertificateVerifier  | + New CommonCertificateVerifier created. 
2023-04-28 11:52:26,078  WARN | pool-2-thread-40 | eu.europa.esig.dss.service.ocsp.OnlineOCSPSource        | No OCSP location found for C-FCBFEBCB6B78113DFD4C6CCFCBC2B1482992DF4C48E9DE1B3B7F16F33332BFCB 
2023-04-28 11:52:26,080  INFO | pool-2-thread-40 | e.e.e.d.spi.x509.revocation.RepositoryRevocationSource  | Revocation token for certificate with Id 'C-FCBFEBCB6B78113DFD4C6CCFCBC2B1482992DF4C48E9DE1B3B7F16F33332BFCB' has been loaded from the cache 
2023-04-28 11:52:26,082  INFO | pool-2-thread-40 | eu.europa.esig.dss.spi.x509.revocation.ocsp.OCSPToken   | OCSP status is good 
2023-04-28 11:52:26,084  INFO | pool-2-thread-40 | e.e.e.d.spi.x509.revocation.RepositoryRevocationSource  | Revocation token for certificate with Id 'C-96DB5CFA7ABACEB5C97C131CBBFB341DDD8E64FE68B587558AA8F082AB2670F2' has been loaded from the cache 
2023-04-28 11:52:26,086  INFO | pool-2-thread-40 | eu.europa.esig.dss.validation.SignedDocumentValidator   | Default SignaturePolicyProvider instantiated with NativeHTTPDataLoader. 
2023-04-28 11:52:26,097  INFO | pool-2-thread-8 | e.e.esig.dss.xades.validation.XAdESCertificateSource    | +XAdESCertificateSource 
2023-04-28 11:52:26,104  INFO | pool-2-thread-20 | e.e.esig.dss.xades.validation.XAdESCertificateSource    | +XAdESCertificateSource 
2023-04-28 11:52:26,106  INFO | pool-2-thread-15 | e.europa.esig.dss.validation.CommonCertificateVerifier  | + New CommonCertificateVerifier created. 
2023-04-28 11:52:26,107  INFO | pool-2-thread-23 | e.e.esig.dss.xades.validation.XAdESCertificateSource    | +XAdESCertificateSource 
2023-04-28 11:52:26,111  INFO | pool-2-thread-36 | eu.europa.esig.dss.spi.x509.revocation.ocsp.OCSPToken   | OCSP status is good 
2023-04-28 11:52:26,113  INFO | pool-2-thread-36 | eu.europa.esig.dss.validation.SignedDocumentValidator   | Default SignaturePolicyProvider instantiated with NativeHTTPDataLoader. 
2023-04-28 11:52:26,119  INFO | pool-2-thread-24 | e.europa.esig.dss.validation.CommonCertificateVerifier  | + New CommonCertificateVerifier created. 
2023-04-28 11:52:26,120  INFO | pool-2-thread-7 | e.europa.esig.dss.validation.CommonCertificateVerifier  | + New CommonCertificateVerifier created. 
2023-04-28 11:52:26,121  INFO | pool-2-thread-9 | eu.europa.esig.dss.validation.SignedDocumentValidator   | Document validation... 
2023-04-28 11:52:26,125  WARN | pool-2-thread-24 | eu.europa.esig.dss.service.ocsp.OnlineOCSPSource        | No OCSP location found for C-FCBFEBCB6B78113DFD4C6CCFCBC2B1482992DF4C48E9DE1B3B7F16F33332BFCB 
2023-04-28 11:52:26,126  INFO | pool-2-thread-15 | e.e.esig.dss.xades.validation.XAdESCertificateSource    | +XAdESCertificateSource 
2023-04-28 11:52:26,127  INFO | pool-2-thread-27 | e.europa.esig.dss.validation.CommonCertificateVerifier  | + New CommonCertificateVerifier created. 
2023-04-28 11:52:26,127  INFO | pool-2-thread-34 | e.europa.esig.dss.validation.CommonCertificateVerifier  | + New CommonCertificateVerifier created. 
2023-04-28 11:52:26,128  INFO | pool-2-thread-24 | e.e.e.d.spi.x509.revocation.RepositoryRevocationSource  | Revocation token for certificate with Id 'C-FCBFEBCB6B78113DFD4C6CCFCBC2B1482992DF4C48E9DE1B3B7F16F33332BFCB' has been loaded from the cache 
2023-04-28 11:52:26,131  INFO | pool-2-thread-24 | eu.europa.esig.dss.spi.x509.revocation.ocsp.OCSPToken   | OCSP status is good 
2023-04-28 11:52:26,131  INFO | pool-2-thread-24 | e.e.e.d.spi.x509.revocation.RepositoryRevocationSource  | Revocation token for certificate with Id 'C-96DB5CFA7ABACEB5C97C131CBBFB341DDD8E64FE68B587558AA8F082AB2670F2' has been loaded from the cache 
2023-04-28 11:52:26,132  INFO | pool-2-thread-22 | eu.europa.esig.dss.validation.SignedDocumentValidator   | Document validation... 
2023-04-28 11:52:26,133  INFO | pool-2-thread-24 | eu.europa.esig.dss.validation.SignedDocumentValidator   | Default SignaturePolicyProvider instantiated with NativeHTTPDataLoader. 
2023-04-28 11:52:26,135  INFO | pool-2-thread-9 | e.europa.esig.dss.validation.CommonCertificateVerifier  | + New CommonCertificateVerifier created. 
2023-04-28 11:52:26,136  INFO | pool-2-thread-31 | eu.europa.esig.dss.validation.SignedDocumentValidator   | Document validation... 
2023-04-28 11:52:26,136  INFO | pool-2-thread-7 | e.e.esig.dss.xades.validation.XAdESCertificateSource    | +XAdESCertificateSource 
2023-04-28 11:52:26,142  INFO | pool-2-thread-27 | eu.europa.esig.dss.spi.x509.revocation.ocsp.OCSPToken   | OCSP status is good 
2023-04-28 11:52:26,142  WARN | pool-2-thread-34 | eu.europa.esig.dss.service.ocsp.OnlineOCSPSource        | No OCSP location found for C-FCBFEBCB6B78113DFD4C6CCFCBC2B1482992DF4C48E9DE1B3B7F16F33332BFCB 
2023-04-28 11:52:26,144  INFO | pool-2-thread-34 | e.e.e.d.spi.x509.revocation.RepositoryRevocationSource  | Revocation token for certificate with Id 'C-FCBFEBCB6B78113DFD4C6CCFCBC2B1482992DF4C48E9DE1B3B7F16F33332BFCB' has been loaded from the cache 
2023-04-28 11:52:26,144  INFO | pool-2-thread-27 | eu.europa.esig.dss.validation.SignedDocumentValidator   | Default SignaturePolicyProvider instantiated with NativeHTTPDataLoader. 
2023-04-28 11:52:26,144  INFO | pool-2-thread-9 | e.e.esig.dss.xades.validation.XAdESCertificateSource    | +XAdESCertificateSource 
2023-04-28 11:52:26,145  INFO | pool-2-thread-34 | eu.europa.esig.dss.spi.x509.revocation.ocsp.OCSPToken   | OCSP status is good 
2023-04-28 11:52:26,146  INFO | pool-2-thread-34 | e.e.e.d.spi.x509.revocation.RepositoryRevocationSource  | Revocation token for certificate with Id 'C-96DB5CFA7ABACEB5C97C131CBBFB341DDD8E64FE68B587558AA8F082AB2670F2' has been loaded from the cache 
2023-04-28 11:52:26,148  INFO | pool-2-thread-32 | eu.europa.esig.dss.validation.SignedDocumentValidator   | Document validation... 
2023-04-28 11:52:26,148  INFO | pool-2-thread-29 | eu.europa.esig.dss.validation.SignedDocumentValidator   | Document validation... 
2023-04-28 11:52:26,148  INFO | pool-2-thread-34 | eu.europa.esig.dss.validation.SignedDocumentValidator   | Default SignaturePolicyProvider instantiated with NativeHTTPDataLoader. 
2023-04-28 11:52:26,149  INFO | pool-2-thread-12 | e.europa.esig.dss.validation.CommonCertificateVerifier  | + New CommonCertificateVerifier created. 
2023-04-28 11:52:26,150  INFO | pool-2-thread-25 | e.europa.esig.dss.validation.CommonCertificateVerifier  | + New CommonCertificateVerifier created. 
2023-04-28 11:52:26,151  INFO | pool-2-thread-14 | eu.europa.esig.dss.validation.SignedDocumentValidator   | Document validation... 
2023-04-28 11:52:26,151  INFO | pool-2-thread-28 | eu.europa.esig.dss.validation.SignedDocumentValidator   | Document validation... 
2023-04-28 11:52:26,155  INFO | pool-2-thread-1 | eu.europa.esig.dss.validation.SignedDocumentValidator   | Document validation... 
2023-04-28 11:52:26,155  INFO | pool-2-thread-18 | eu.europa.esig.dss.validation.SignedDocumentValidator   | Document validation... 
2023-04-28 11:52:26,157  INFO | pool-2-thread-37 | eu.europa.esig.dss.validation.SignedDocumentValidator   | Document validation... 
2023-04-28 11:52:26,157  INFO | pool-2-thread-3 | eu.europa.esig.dss.validation.SignedDocumentValidator   | Document validation... 
2023-04-28 11:52:26,160  INFO | pool-2-thread-25 | eu.europa.esig.dss.spi.x509.revocation.ocsp.OCSPToken   | OCSP status is good 
2023-04-28 11:52:26,161  INFO | pool-2-thread-22 | e.europa.esig.dss.validation.CommonCertificateVerifier  | + New CommonCertificateVerifier created. 
2023-04-28 11:52:26,162  INFO | pool-2-thread-25 | eu.europa.esig.dss.validation.SignedDocumentValidator   | Default SignaturePolicyProvider instantiated with NativeHTTPDataLoader. 
2023-04-28 11:52:26,163  INFO | pool-2-thread-8 | e.europa.esig.dss.validation.CommonCertificateVerifier  | + New CommonCertificateVerifier created. 
2023-04-28 11:52:26,167  INFO | pool-2-thread-23 | e.europa.esig.dss.validation.CommonCertificateVerifier  | + New CommonCertificateVerifier created. 
2023-04-28 11:52:26,169  INFO | pool-2-thread-7 | e.europa.esig.dss.validation.CommonCertificateVerifier  | + New CommonCertificateVerifier created. 
2023-04-28 11:52:26,171  INFO | pool-2-thread-16 | e.europa.esig.dss.validation.CommonCertificateVerifier  | + New CommonCertificateVerifier created. 
2023-04-28 11:52:26,172  INFO | pool-2-thread-12 | eu.europa.esig.dss.spi.x509.revocation.ocsp.OCSPToken   | OCSP status is good 
2023-04-28 11:52:26,172  WARN | pool-2-thread-8 | eu.europa.esig.dss.service.ocsp.OnlineOCSPSource        | No OCSP location found for C-FCBFEBCB6B78113DFD4C6CCFCBC2B1482992DF4C48E9DE1B3B7F16F33332BFCB 
2023-04-28 11:52:26,172  INFO | pool-2-thread-31 | e.europa.esig.dss.validation.CommonCertificateVerifier  | + New CommonCertificateVerifier created. 
2023-04-28 11:52:26,173  INFO | pool-2-thread-8 | e.e.e.d.spi.x509.revocation.RepositoryRevocationSource  | Revocation token for certificate with Id 'C-FCBFEBCB6B78113DFD4C6CCFCBC2B1482992DF4C48E9DE1B3B7F16F33332BFCB' has been loaded from the cache 
2023-04-28 11:52:26,174  INFO | pool-2-thread-12 | eu.europa.esig.dss.validation.SignedDocumentValidator   | Default SignaturePolicyProvider instantiated with NativeHTTPDataLoader. 
2023-04-28 11:52:26,174  INFO | pool-2-thread-35 | eu.europa.esig.dss.validation.SignedDocumentValidator   | Document validation... 
2023-04-28 11:52:26,175  INFO | pool-2-thread-8 | eu.europa.esig.dss.spi.x509.revocation.ocsp.OCSPToken   | OCSP status is good 
2023-04-28 11:52:26,176  INFO | pool-2-thread-8 | e.e.e.d.spi.x509.revocation.RepositoryRevocationSource  | Revocation token for certificate with Id 'C-96DB5CFA7ABACEB5C97C131CBBFB341DDD8E64FE68B587558AA8F082AB2670F2' has been loaded from the cache 
2023-04-28 11:52:26,178  INFO | pool-2-thread-8 | eu.europa.esig.dss.validation.SignedDocumentValidator   | Default SignaturePolicyProvider instantiated with NativeHTTPDataLoader. 
2023-04-28 11:52:26,180  INFO | pool-2-thread-19 | eu.europa.esig.dss.validation.SignedDocumentValidator   | Document validation... 
2023-04-28 11:52:26,180  INFO | pool-2-thread-14 | e.europa.esig.dss.validation.CommonCertificateVerifier  | + New CommonCertificateVerifier created. 
2023-04-28 11:52:26,186  INFO | pool-2-thread-5 | eu.europa.esig.dss.validation.SignedDocumentValidator   | Document validation... 
2023-04-28 11:52:26,189  INFO | pool-2-thread-7 | eu.europa.esig.dss.spi.x509.revocation.ocsp.OCSPToken   | OCSP status is good 
2023-04-28 11:52:26,190  INFO | pool-2-thread-24 | eu.europa.esig.dss.validation.SignedDocumentValidator   | Document validation... 
2023-04-28 11:52:26,191  INFO | pool-2-thread-7 | eu.europa.esig.dss.validation.SignedDocumentValidator   | Default SignaturePolicyProvider instantiated with NativeHTTPDataLoader. 
2023-04-28 11:52:26,191  INFO | pool-2-thread-39 | eu.europa.esig.dss.validation.SignedDocumentValidator   | Document validation... 
2023-04-28 11:52:26,192  INFO | pool-2-thread-5 | e.europa.esig.dss.validation.CommonCertificateVerifier  | + New CommonCertificateVerifier created. 
2023-04-28 11:52:26,192  INFO | pool-2-thread-14 | e.e.esig.dss.xades.validation.XAdESCertificateSource    | +XAdESCertificateSource 
2023-04-28 11:52:26,197  INFO | pool-2-thread-24 | e.europa.esig.dss.validation.CommonCertificateVerifier  | + New CommonCertificateVerifier created. 
2023-04-28 11:52:26,197  INFO | pool-2-thread-39 | e.europa.esig.dss.validation.CommonCertificateVerifier  | + New CommonCertificateVerifier created. 
2023-04-28 11:52:26,197  INFO | pool-2-thread-3 | e.europa.esig.dss.validation.CommonCertificateVerifier  | + New CommonCertificateVerifier created. 
2023-04-28 11:52:26,197  INFO | pool-2-thread-30 | eu.europa.esig.dss.validation.SignedDocumentValidator   | Document validation... 
2023-04-28 11:52:26,199  INFO | pool-2-thread-32 | e.europa.esig.dss.validation.CommonCertificateVerifier  | + New CommonCertificateVerifier created. 
2023-04-28 11:52:26,200  INFO | pool-2-thread-29 | e.europa.esig.dss.validation.CommonCertificateVerifier  | + New CommonCertificateVerifier created. 
2023-04-28 11:52:26,201  WARN | pool-2-thread-23 | eu.europa.esig.dss.service.ocsp.OnlineOCSPSource        | No OCSP location found for C-FCBFEBCB6B78113DFD4C6CCFCBC2B1482992DF4C48E9DE1B3B7F16F33332BFCB 
2023-04-28 11:52:26,202  INFO | pool-2-thread-31 | e.e.esig.dss.xades.validation.XAdESCertificateSource    | +XAdESCertificateSource 
2023-04-28 11:52:26,207  INFO | pool-2-thread-1 | e.europa.esig.dss.validation.CommonCertificateVerifier  | + New CommonCertificateVerifier created. 
2023-04-28 11:52:26,209  INFO | pool-2-thread-23 | e.e.e.d.spi.x509.revocation.RepositoryRevocationSource  | Revocation token for certificate with Id 'C-FCBFEBCB6B78113DFD4C6CCFCBC2B1482992DF4C48E9DE1B3B7F16F33332BFCB' has been loaded from the cache 
2023-04-28 11:52:26,209  INFO | pool-2-thread-28 | e.europa.esig.dss.validation.CommonCertificateVerifier  | + New CommonCertificateVerifier created. 
2023-04-28 11:52:26,209  INFO | pool-2-thread-35 | e.europa.esig.dss.validation.CommonCertificateVerifier  | + New CommonCertificateVerifier created. 
2023-04-28 11:52:26,210  INFO | pool-2-thread-23 | eu.europa.esig.dss.spi.x509.revocation.ocsp.OCSPToken   | OCSP status is good 
2023-04-28 11:52:26,211  INFO | pool-2-thread-19 | e.europa.esig.dss.validation.CommonCertificateVerifier  | + New CommonCertificateVerifier created. 
2023-04-28 11:52:26,211  INFO | pool-2-thread-23 | e.e.e.d.spi.x509.revocation.RepositoryRevocationSource  | Revocation token for certificate with Id 'C-96DB5CFA7ABACEB5C97C131CBBFB341DDD8E64FE68B587558AA8F082AB2670F2' has been loaded from the cache 
2023-04-28 11:52:26,213  INFO | pool-2-thread-23 | eu.europa.esig.dss.validation.SignedDocumentValidator   | Default SignaturePolicyProvider instantiated with NativeHTTPDataLoader. 
2023-04-28 11:52:26,214  INFO | pool-2-thread-15 | e.europa.esig.dss.validation.CommonCertificateVerifier  | + New CommonCertificateVerifier created. 
2023-04-28 11:52:26,219  INFO | pool-2-thread-37 | e.europa.esig.dss.validation.CommonCertificateVerifier  | + New CommonCertificateVerifier created. 
2023-04-28 11:52:26,227  INFO | pool-2-thread-38 | eu.europa.esig.dss.validation.SignedDocumentValidator   | Document validation... 
2023-04-28 11:52:26,227  INFO | pool-2-thread-33 | eu.europa.esig.dss.validation.SignedDocumentValidator   | Document validation... 
2023-04-28 11:52:26,227  WARN | pool-2-thread-15 | eu.europa.esig.dss.service.ocsp.OnlineOCSPSource        | No OCSP location found for C-FCBFEBCB6B78113DFD4C6CCFCBC2B1482992DF4C48E9DE1B3B7F16F33332BFCB 
2023-04-28 11:52:26,230  INFO | pool-2-thread-15 | e.e.e.d.spi.x509.revocation.RepositoryRevocationSource  | Revocation token for certificate with Id 'C-FCBFEBCB6B78113DFD4C6CCFCBC2B1482992DF4C48E9DE1B3B7F16F33332BFCB' has been loaded from the cache 
2023-04-28 11:52:26,238  INFO | pool-2-thread-3 | e.e.esig.dss.xades.validation.XAdESCertificateSource    | +XAdESCertificateSource 
2023-04-28 11:52:26,238  INFO | pool-2-thread-13 | eu.europa.esig.dss.validation.SignedDocumentValidator   | Document validation... 
2023-04-28 11:52:26,243  INFO | pool-2-thread-37 | e.e.esig.dss.xades.validation.XAdESCertificateSource    | +XAdESCertificateSource 
2023-04-28 11:52:26,246  INFO | pool-2-thread-18 | e.europa.esig.dss.validation.CommonCertificateVerifier  | + New CommonCertificateVerifier created. 
2023-04-28 11:52:26,246  INFO | pool-2-thread-30 | e.europa.esig.dss.validation.CommonCertificateVerifier  | + New CommonCertificateVerifier created. 
2023-04-28 11:52:26,248  INFO | pool-2-thread-35 | e.e.esig.dss.xades.validation.XAdESCertificateSource    | +XAdESCertificateSource 
2023-04-28 11:52:26,249  INFO | pool-2-thread-19 | e.e.esig.dss.xades.validation.XAdESCertificateSource    | +XAdESCertificateSource 
2023-04-28 11:52:26,250  INFO | pool-2-thread-39 | e.e.esig.dss.xades.validation.XAdESCertificateSource    | +XAdESCertificateSource 
2023-04-28 11:52:26,251  INFO | pool-2-thread-1 | e.e.esig.dss.xades.validation.XAdESCertificateSource    | +XAdESCertificateSource 
2023-04-28 11:52:26,253  INFO | pool-2-thread-28 | e.e.esig.dss.xades.validation.XAdESCertificateSource    | +XAdESCertificateSource 
2023-04-28 11:52:26,258  INFO | pool-2-thread-9 | e.europa.esig.dss.validation.CommonCertificateVerifier  | + New CommonCertificateVerifier created. 
2023-04-28 11:52:26,258  INFO | pool-2-thread-29 | e.e.esig.dss.xades.validation.XAdESCertificateSource    | +XAdESCertificateSource 
2023-04-28 11:52:26,259  INFO | pool-2-thread-24 | e.e.esig.dss.xades.validation.XAdESCertificateSource    | +XAdESCertificateSource 
2023-04-28 11:52:26,261  INFO | pool-2-thread-32 | e.e.esig.dss.xades.validation.XAdESCertificateSource    | +XAdESCertificateSource 
2023-04-28 11:52:26,264  INFO | pool-2-thread-16 | e.e.esig.dss.xades.validation.XAdESCertificateSource    | +XAdESCertificateSource 
2023-04-28 11:52:26,266  INFO | pool-2-thread-4 | eu.europa.esig.dss.validation.SignedDocumentValidator   | Document validation... 
2023-04-28 11:52:26,266  INFO | pool-2-thread-11 | eu.europa.esig.dss.validation.SignedDocumentValidator   | Document validation... 
2023-04-28 11:52:26,273  INFO | pool-2-thread-40 | eu.europa.esig.dss.validation.SignedDocumentValidator   | Document validation... 
2023-04-28 11:52:26,273  INFO | pool-2-thread-33 | e.europa.esig.dss.validation.CommonCertificateVerifier  | + New CommonCertificateVerifier created. 
2023-04-28 11:52:26,275  INFO | pool-2-thread-15 | eu.europa.esig.dss.spi.x509.revocation.ocsp.OCSPToken   | OCSP status is good 
2023-04-28 11:52:26,276  INFO | pool-2-thread-15 | e.e.e.d.spi.x509.revocation.RepositoryRevocationSource  | Revocation token for certificate with Id 'C-96DB5CFA7ABACEB5C97C131CBBFB341DDD8E64FE68B587558AA8F082AB2670F2' has been loaded from the cache 
2023-04-28 11:52:26,278  INFO | pool-2-thread-15 | eu.europa.esig.dss.validation.SignedDocumentValidator   | Default SignaturePolicyProvider instantiated with NativeHTTPDataLoader. 
2023-04-28 11:52:26,279  INFO | pool-2-thread-5 | e.e.esig.dss.xades.validation.XAdESCertificateSource    | +XAdESCertificateSource 
2023-04-28 11:52:26,283  INFO | pool-2-thread-18 | e.e.esig.dss.xades.validation.XAdESCertificateSource    | +XAdESCertificateSource 
2023-04-28 11:52:26,287  INFO | pool-2-thread-30 | e.e.esig.dss.xades.validation.XAdESCertificateSource    | +XAdESCertificateSource 
2023-04-28 11:52:26,294  INFO | pool-2-thread-33 | e.e.esig.dss.xades.validation.XAdESCertificateSource    | +XAdESCertificateSource 
2023-04-28 11:52:26,295  INFO | pool-2-thread-1 | e.europa.esig.dss.validation.CommonCertificateVerifier  | + New CommonCertificateVerifier created. 
2023-04-28 11:52:26,295  INFO | pool-2-thread-7 | eu.europa.esig.dss.validation.SignedDocumentValidator   | Document validation... 
2023-04-28 11:52:26,296  INFO | pool-2-thread-24 | e.europa.esig.dss.validation.CommonCertificateVerifier  | + New CommonCertificateVerifier created. 
2023-04-28 11:52:26,296  INFO | pool-2-thread-40 | e.europa.esig.dss.validation.CommonCertificateVerifier  | + New CommonCertificateVerifier created. 
2023-04-28 11:52:26,302  INFO | pool-2-thread-13 | e.europa.esig.dss.validation.CommonCertificateVerifier  | + New CommonCertificateVerifier created. 
2023-04-28 11:52:26,302  INFO | pool-2-thread-4 | e.europa.esig.dss.validation.CommonCertificateVerifier  | + New CommonCertificateVerifier created. 
2023-04-28 11:52:26,303  INFO | pool-2-thread-22 | e.e.esig.dss.xades.validation.XAdESCertificateSource    | +XAdESCertificateSource 
2023-04-28 11:52:26,305  INFO | pool-2-thread-36 | eu.europa.esig.dss.validation.SignedDocumentValidator   | Document validation... 
2023-04-28 11:52:26,306  INFO | pool-2-thread-9 | eu.europa.esig.dss.spi.x509.revocation.ocsp.OCSPToken   | OCSP status is good 
2023-04-28 11:52:26,311  INFO | pool-2-thread-9 | eu.europa.esig.dss.validation.SignedDocumentValidator   | Default SignaturePolicyProvider instantiated with NativeHTTPDataLoader. 
2023-04-28 11:52:26,326  INFO | pool-2-thread-28 | e.europa.esig.dss.validation.CommonCertificateVerifier  | + New CommonCertificateVerifier created. 
2023-04-28 11:52:26,326  INFO | pool-2-thread-16 | e.europa.esig.dss.validation.CommonCertificateVerifier  | + New CommonCertificateVerifier created. 
2023-04-28 11:52:26,328  INFO | pool-2-thread-40 | e.e.esig.dss.xades.validation.XAdESCertificateSource    | +XAdESCertificateSource 
2023-04-28 11:52:26,329  INFO | pool-2-thread-36 | e.europa.esig.dss.validation.CommonCertificateVerifier  | + New CommonCertificateVerifier created. 
2023-04-28 11:52:26,329  WARN | pool-2-thread-1 | eu.europa.esig.dss.service.ocsp.OnlineOCSPSource        | No OCSP location found for C-FCBFEBCB6B78113DFD4C6CCFCBC2B1482992DF4C48E9DE1B3B7F16F33332BFCB 
2023-04-28 11:52:26,331  INFO | pool-2-thread-1 | e.e.e.d.spi.x509.revocation.RepositoryRevocationSource  | Revocation token for certificate with Id 'C-FCBFEBCB6B78113DFD4C6CCFCBC2B1482992DF4C48E9DE1B3B7F16F33332BFCB' has been loaded from the cache 
2023-04-28 11:52:26,332  INFO | pool-2-thread-13 | e.e.esig.dss.xades.validation.XAdESCertificateSource    | +XAdESCertificateSource 
2023-04-28 11:52:26,333  INFO | pool-2-thread-1 | eu.europa.esig.dss.spi.x509.revocation.ocsp.OCSPToken   | OCSP status is good 
2023-04-28 11:52:26,334  INFO | pool-2-thread-4 | e.e.esig.dss.xades.validation.XAdESCertificateSource    | +XAdESCertificateSource 
2023-04-28 11:52:26,334  INFO | pool-2-thread-39 | e.europa.esig.dss.validation.CommonCertificateVerifier  | + New CommonCertificateVerifier created. 
2023-04-28 11:52:26,334  INFO | pool-2-thread-1 | e.e.e.d.spi.x509.revocation.RepositoryRevocationSource  | Revocation token for certificate with Id 'C-96DB5CFA7ABACEB5C97C131CBBFB341DDD8E64FE68B587558AA8F082AB2670F2' has been loaded from the cache 
2023-04-28 11:52:26,334  INFO | pool-2-thread-25 | eu.europa.esig.dss.validation.SignedDocumentValidator   | Document validation... 
2023-04-28 11:52:26,336  INFO | pool-2-thread-7 | e.europa.esig.dss.validation.CommonCertificateVerifier  | + New CommonCertificateVerifier created. 
2023-04-28 11:52:26,336  INFO | pool-2-thread-1 | eu.europa.esig.dss.validation.SignedDocumentValidator   | Default SignaturePolicyProvider instantiated with NativeHTTPDataLoader. 
2023-04-28 11:52:26,339  INFO | pool-2-thread-28 | eu.europa.esig.dss.spi.x509.revocation.ocsp.OCSPToken   | OCSP status is good 
2023-04-28 11:52:26,341  INFO | pool-2-thread-19 | e.europa.esig.dss.validation.CommonCertificateVerifier  | + New CommonCertificateVerifier created. 
2023-04-28 11:52:26,342  INFO | pool-2-thread-28 | eu.europa.esig.dss.validation.SignedDocumentValidator   | Default SignaturePolicyProvider instantiated with NativeHTTPDataLoader. 
2023-04-28 11:52:26,342  INFO | pool-2-thread-33 | e.europa.esig.dss.validation.CommonCertificateVerifier  | + New CommonCertificateVerifier created. 
2023-04-28 11:52:26,344  INFO | pool-2-thread-16 | eu.europa.esig.dss.spi.x509.revocation.ocsp.OCSPToken   | OCSP status is good 
2023-04-28 11:52:26,345  INFO | pool-2-thread-5 | e.europa.esig.dss.validation.CommonCertificateVerifier  | + New CommonCertificateVerifier created. 
2023-04-28 11:52:26,347  INFO | pool-2-thread-16 | eu.europa.esig.dss.validation.SignedDocumentValidator   | Default SignaturePolicyProvider instantiated with NativeHTTPDataLoader. 
2023-04-28 11:52:26,348  WARN | pool-2-thread-39 | eu.europa.esig.dss.service.ocsp.OnlineOCSPSource        | No OCSP location found for C-FCBFEBCB6B78113DFD4C6CCFCBC2B1482992DF4C48E9DE1B3B7F16F33332BFCB 
2023-04-28 11:52:26,349  INFO | pool-2-thread-29 | e.europa.esig.dss.validation.CommonCertificateVerifier  | + New CommonCertificateVerifier created. 
2023-04-28 11:52:26,351  INFO | pool-2-thread-5 | eu.europa.esig.dss.spi.x509.revocation.ocsp.OCSPToken   | OCSP status is good 
2023-04-28 11:52:26,351  INFO | pool-2-thread-33 | eu.europa.esig.dss.spi.x509.revocation.ocsp.OCSPToken   | OCSP status is good 
2023-04-28 11:52:26,351  WARN | pool-2-thread-24 | eu.europa.esig.dss.service.ocsp.OnlineOCSPSource        | No OCSP location found for C-FCBFEBCB6B78113DFD4C6CCFCBC2B1482992DF4C48E9DE1B3B7F16F33332BFCB 
2023-04-28 11:52:26,351  INFO | pool-2-thread-36 | e.e.esig.dss.xades.validation.XAdESCertificateSource    | +XAdESCertificateSource 
2023-04-28 11:52:26,352  INFO | pool-2-thread-19 | eu.europa.esig.dss.spi.x509.revocation.ocsp.OCSPToken   | OCSP status is good 
2023-04-28 11:52:26,353  INFO | pool-2-thread-7 | e.e.esig.dss.xades.validation.XAdESCertificateSource    | +XAdESCertificateSource 
2023-04-28 11:52:26,353  INFO | pool-2-thread-33 | eu.europa.esig.dss.validation.SignedDocumentValidator   | Default SignaturePolicyProvider instantiated with NativeHTTPDataLoader. 
2023-04-28 11:52:26,353  INFO | pool-2-thread-5 | eu.europa.esig.dss.validation.SignedDocumentValidator   | Default SignaturePolicyProvider instantiated with NativeHTTPDataLoader. 
2023-04-28 11:52:26,354  INFO | pool-2-thread-29 | eu.europa.esig.dss.spi.x509.revocation.ocsp.OCSPToken   | OCSP status is good 
2023-04-28 11:52:26,355  INFO | pool-2-thread-19 | eu.europa.esig.dss.validation.SignedDocumentValidator   | Default SignaturePolicyProvider instantiated with NativeHTTPDataLoader. 
2023-04-28 11:52:26,357  INFO | pool-2-thread-29 | eu.europa.esig.dss.validation.SignedDocumentValidator   | Default SignaturePolicyProvider instantiated with NativeHTTPDataLoader. 
2023-04-28 11:52:26,359  INFO | pool-2-thread-35 | e.europa.esig.dss.validation.CommonCertificateVerifier  | + New CommonCertificateVerifier created. 
2023-04-28 11:52:26,360  INFO | pool-2-thread-30 | e.europa.esig.dss.validation.CommonCertificateVerifier  | + New CommonCertificateVerifier created. 
2023-04-28 11:52:26,362  INFO | pool-2-thread-13 | e.europa.esig.dss.validation.CommonCertificateVerifier  | + New CommonCertificateVerifier created. 
2023-04-28 11:52:26,372  INFO | pool-2-thread-4 | e.europa.esig.dss.validation.CommonCertificateVerifier  | + New CommonCertificateVerifier created. 
2023-04-28 11:52:26,372  INFO | pool-2-thread-18 | e.europa.esig.dss.validation.CommonCertificateVerifier  | + New CommonCertificateVerifier created. 
2023-04-28 11:52:26,364  WARN | pool-2-thread-30 | eu.europa.esig.dss.service.ocsp.OnlineOCSPSource        | No OCSP location found for C-FCBFEBCB6B78113DFD4C6CCFCBC2B1482992DF4C48E9DE1B3B7F16F33332BFCB 
2023-04-28 11:52:26,374  INFO | pool-2-thread-8 | eu.europa.esig.dss.validation.SignedDocumentValidator   | Document validation... 
2023-04-28 11:52:26,374  INFO | pool-2-thread-24 | e.e.e.d.spi.x509.revocation.RepositoryRevocationSource  | Revocation token for certificate with Id 'C-FCBFEBCB6B78113DFD4C6CCFCBC2B1482992DF4C48E9DE1B3B7F16F33332BFCB' has been loaded from the cache 
2023-04-28 11:52:26,375  INFO | pool-2-thread-39 | e.e.e.d.spi.x509.revocation.RepositoryRevocationSource  | Revocation token for certificate with Id 'C-FCBFEBCB6B78113DFD4C6CCFCBC2B1482992DF4C48E9DE1B3B7F16F33332BFCB' has been loaded from the cache 
2023-04-28 11:52:26,379  INFO | pool-2-thread-22 | e.europa.esig.dss.validation.CommonCertificateVerifier  | + New CommonCertificateVerifier created. 
2023-04-28 11:52:26,379  INFO | pool-2-thread-24 | eu.europa.esig.dss.spi.x509.revocation.ocsp.OCSPToken   | OCSP status is good 
2023-04-28 11:52:26,380  INFO | pool-2-thread-39 | eu.europa.esig.dss.spi.x509.revocation.ocsp.OCSPToken   | OCSP status is good 
2023-04-28 11:52:26,380  INFO | pool-2-thread-24 | e.e.e.d.spi.x509.revocation.RepositoryRevocationSource  | Revocation token for certificate with Id 'C-96DB5CFA7ABACEB5C97C131CBBFB341DDD8E64FE68B587558AA8F082AB2670F2' has been loaded from the cache 
2023-04-28 11:52:26,381  INFO | pool-2-thread-39 | e.e.e.d.spi.x509.revocation.RepositoryRevocationSource  | Revocation token for certificate with Id 'C-96DB5CFA7ABACEB5C97C131CBBFB341DDD8E64FE68B587558AA8F082AB2670F2' has been loaded from the cache 
2023-04-28 11:52:26,382  INFO | pool-2-thread-24 | eu.europa.esig.dss.validation.SignedDocumentValidator   | Default SignaturePolicyProvider instantiated with NativeHTTPDataLoader. 
2023-04-28 11:52:26,385  INFO | pool-2-thread-39 | eu.europa.esig.dss.validation.SignedDocumentValidator   | Default SignaturePolicyProvider instantiated with NativeHTTPDataLoader. 
2023-04-28 11:52:26,388  INFO | pool-2-thread-38 | e.europa.esig.dss.validation.CommonCertificateVerifier  | + New CommonCertificateVerifier created. 
2023-04-28 11:52:26,389  INFO | pool-2-thread-36 | e.europa.esig.dss.validation.CommonCertificateVerifier  | + New CommonCertificateVerifier created. 
2023-04-28 11:52:26,391  INFO | pool-2-thread-7 | e.europa.esig.dss.validation.CommonCertificateVerifier  | + New CommonCertificateVerifier created. 
2023-04-28 11:52:26,392  INFO | pool-2-thread-3 | e.europa.esig.dss.validation.CommonCertificateVerifier  | + New CommonCertificateVerifier created. 
2023-04-28 11:52:26,393  INFO | pool-2-thread-32 | e.europa.esig.dss.validation.CommonCertificateVerifier  | + New CommonCertificateVerifier created. 
2023-04-28 11:52:26,393  INFO | pool-2-thread-40 | e.europa.esig.dss.validation.CommonCertificateVerifier  | + New CommonCertificateVerifier created. 
2023-04-28 11:52:26,395  INFO | pool-2-thread-14 | e.europa.esig.dss.validation.CommonCertificateVerifier  | + New CommonCertificateVerifier created. 
2023-04-28 11:52:26,397  INFO | pool-2-thread-11 | e.europa.esig.dss.validation.CommonCertificateVerifier  | + New CommonCertificateVerifier created. 
2023-04-28 11:52:26,400  INFO | pool-2-thread-20 | e.europa.esig.dss.validation.CommonCertificateVerifier  | + New CommonCertificateVerifier created. 
2023-04-28 11:52:26,401  INFO | pool-2-thread-25 | e.europa.esig.dss.validation.CommonCertificateVerifier  | + New CommonCertificateVerifier created. 
2023-04-28 11:52:26,403  INFO | pool-2-thread-30 | e.e.e.d.spi.x509.revocation.RepositoryRevocationSource  | Revocation token for certificate with Id 'C-FCBFEBCB6B78113DFD4C6CCFCBC2B1482992DF4C48E9DE1B3B7F16F33332BFCB' has been loaded from the cache 
2023-04-28 11:52:26,404  INFO | pool-2-thread-31 | e.europa.esig.dss.validation.CommonCertificateVerifier  | + New CommonCertificateVerifier created. 
2023-04-28 11:52:26,406  INFO | pool-2-thread-30 | eu.europa.esig.dss.spi.x509.revocation.ocsp.OCSPToken   | OCSP status is good 
2023-04-28 11:52:26,407  INFO | pool-2-thread-30 | e.e.e.d.spi.x509.revocation.RepositoryRevocationSource  | Revocation token for certificate with Id 'C-96DB5CFA7ABACEB5C97C131CBBFB341DDD8E64FE68B587558AA8F082AB2670F2' has been loaded from the cache 
2023-04-28 11:52:26,414  INFO | pool-2-thread-4 | eu.europa.esig.dss.spi.x509.revocation.ocsp.OCSPToken   | OCSP status is good 
2023-04-28 11:52:26,414  INFO | pool-2-thread-15 | eu.europa.esig.dss.validation.SignedDocumentValidator   | Document validation... 
2023-04-28 11:52:26,414  INFO | pool-2-thread-18 | eu.europa.esig.dss.spi.x509.revocation.ocsp.OCSPToken   | OCSP status is good 
2023-04-28 11:52:26,417  INFO | pool-2-thread-4 | eu.europa.esig.dss.validation.SignedDocumentValidator   | Default SignaturePolicyProvider instantiated with NativeHTTPDataLoader. 
2023-04-28 11:52:26,420  INFO | pool-2-thread-18 | eu.europa.esig.dss.validation.SignedDocumentValidator   | Default SignaturePolicyProvider instantiated with NativeHTTPDataLoader. 
2023-04-28 11:52:26,425  WARN | pool-2-thread-32 | eu.europa.esig.dss.service.ocsp.OnlineOCSPSource        | No OCSP location found for C-FCBFEBCB6B78113DFD4C6CCFCBC2B1482992DF4C48E9DE1B3B7F16F33332BFCB 
2023-04-28 11:52:26,426  WARN | pool-2-thread-35 | eu.europa.esig.dss.service.ocsp.OnlineOCSPSource        | No OCSP location found for C-FCBFEBCB6B78113DFD4C6CCFCBC2B1482992DF4C48E9DE1B3B7F16F33332BFCB 
2023-04-28 11:52:26,426  INFO | pool-2-thread-8 | e.europa.esig.dss.validation.CommonCertificateVerifier  | + New CommonCertificateVerifier created. 
2023-04-28 11:52:26,427  INFO | pool-2-thread-32 | e.e.e.d.spi.x509.revocation.RepositoryRevocationSource  | Revocation token for certificate with Id 'C-FCBFEBCB6B78113DFD4C6CCFCBC2B1482992DF4C48E9DE1B3B7F16F33332BFCB' has been loaded from the cache 
2023-04-28 11:52:26,427  INFO | pool-2-thread-35 | e.e.e.d.spi.x509.revocation.RepositoryRevocationSource  | Revocation token for certificate with Id 'C-FCBFEBCB6B78113DFD4C6CCFCBC2B1482992DF4C48E9DE1B3B7F16F33332BFCB' has been loaded from the cache 
2023-04-28 11:52:26,428  INFO | pool-2-thread-35 | eu.europa.esig.dss.spi.x509.revocation.ocsp.OCSPToken   | OCSP status is good 
2023-04-28 11:52:26,429  INFO | pool-2-thread-32 | eu.europa.esig.dss.spi.x509.revocation.ocsp.OCSPToken   | OCSP status is good 
2023-04-28 11:52:26,429  INFO | pool-2-thread-11 | e.e.esig.dss.xades.validation.XAdESCertificateSource    | +XAdESCertificateSource 
2023-04-28 11:52:26,429  INFO | pool-2-thread-35 | e.e.e.d.spi.x509.revocation.RepositoryRevocationSource  | Revocation token for certificate with Id 'C-96DB5CFA7ABACEB5C97C131CBBFB341DDD8E64FE68B587558AA8F082AB2670F2' has been loaded from the cache 
2023-04-28 11:52:26,429  INFO | pool-2-thread-32 | e.e.e.d.spi.x509.revocation.RepositoryRevocationSource  | Revocation token for certificate with Id 'C-96DB5CFA7ABACEB5C97C131CBBFB341DDD8E64FE68B587558AA8F082AB2670F2' has been loaded from the cache 
2023-04-28 11:52:26,430  WARN | pool-2-thread-22 | eu.europa.esig.dss.service.ocsp.OnlineOCSPSource        | No OCSP location found for C-FCBFEBCB6B78113DFD4C6CCFCBC2B1482992DF4C48E9DE1B3B7F16F33332BFCB 
2023-04-28 11:52:26,430  WARN | pool-2-thread-20 | eu.europa.esig.dss.service.ocsp.OnlineOCSPSource        | No OCSP location found for C-FCBFEBCB6B78113DFD4C6CCFCBC2B1482992DF4C48E9DE1B3B7F16F33332BFCB 
2023-04-28 11:52:26,431  INFO | pool-2-thread-22 | e.e.e.d.spi.x509.revocation.RepositoryRevocationSource  | Revocation token for certificate with Id 'C-FCBFEBCB6B78113DFD4C6CCFCBC2B1482992DF4C48E9DE1B3B7F16F33332BFCB' has been loaded from the cache 
2023-04-28 11:52:26,431  INFO | pool-2-thread-35 | eu.europa.esig.dss.validation.SignedDocumentValidator   | Default SignaturePolicyProvider instantiated with NativeHTTPDataLoader. 
2023-04-28 11:52:26,431  INFO | pool-2-thread-20 | e.e.e.d.spi.x509.revocation.RepositoryRevocationSource  | Revocation token for certificate with Id 'C-FCBFEBCB6B78113DFD4C6CCFCBC2B1482992DF4C48E9DE1B3B7F16F33332BFCB' has been loaded from the cache 
2023-04-28 11:52:26,431  INFO | pool-2-thread-32 | eu.europa.esig.dss.validation.SignedDocumentValidator   | Default SignaturePolicyProvider instantiated with NativeHTTPDataLoader. 
2023-04-28 11:52:26,432  INFO | pool-2-thread-38 | e.e.esig.dss.xades.validation.XAdESCertificateSource    | +XAdESCertificateSource 
2023-04-28 11:52:26,433  INFO | pool-2-thread-22 | eu.europa.esig.dss.spi.x509.revocation.ocsp.OCSPToken   | OCSP status is good 
2023-04-28 11:52:26,433  INFO | pool-2-thread-20 | eu.europa.esig.dss.spi.x509.revocation.ocsp.OCSPToken   | OCSP status is good 
2023-04-28 11:52:26,434  INFO | pool-2-thread-20 | e.e.e.d.spi.x509.revocation.RepositoryRevocationSource  | Revocation token for certificate with Id 'C-96DB5CFA7ABACEB5C97C131CBBFB341DDD8E64FE68B587558AA8F082AB2670F2' has been loaded from the cache 
2023-04-28 11:52:26,434  INFO | pool-2-thread-22 | e.e.e.d.spi.x509.revocation.RepositoryRevocationSource  | Revocation token for certificate with Id 'C-96DB5CFA7ABACEB5C97C131CBBFB341DDD8E64FE68B587558AA8F082AB2670F2' has been loaded from the cache 
2023-04-28 11:52:26,436  INFO | pool-2-thread-20 | eu.europa.esig.dss.validation.SignedDocumentValidator   | Default SignaturePolicyProvider instantiated with NativeHTTPDataLoader. 
2023-04-28 11:52:26,436  INFO | pool-2-thread-22 | eu.europa.esig.dss.validation.SignedDocumentValidator   | Default SignaturePolicyProvider instantiated with NativeHTTPDataLoader. 
2023-04-28 11:52:26,442  INFO | pool-2-thread-14 | eu.europa.esig.dss.spi.x509.revocation.ocsp.OCSPToken   | OCSP status is good 
2023-04-28 11:52:26,446  INFO | pool-2-thread-25 | e.e.esig.dss.xades.validation.XAdESCertificateSource    | +XAdESCertificateSource 
2023-04-28 11:52:26,446  INFO | pool-2-thread-14 | eu.europa.esig.dss.validation.SignedDocumentValidator   | Default SignaturePolicyProvider instantiated with NativeHTTPDataLoader. 
2023-04-28 11:52:26,447  INFO | pool-2-thread-40 | eu.europa.esig.dss.spi.x509.revocation.ocsp.OCSPToken   | OCSP status is good 
2023-04-28 11:52:26,449  INFO | pool-2-thread-40 | eu.europa.esig.dss.validation.SignedDocumentValidator   | Default SignaturePolicyProvider instantiated with NativeHTTPDataLoader. 
2023-04-28 11:52:26,451  INFO | pool-2-thread-12 | eu.europa.esig.dss.validation.SignedDocumentValidator   | Document validation... 
2023-04-28 11:52:26,453  INFO | pool-2-thread-2 | eu.europa.esig.dss.validation.SignedDocumentValidator   | Document validation... 
2023-04-28 11:52:26,454  WARN | pool-2-thread-13 | eu.europa.esig.dss.service.ocsp.OnlineOCSPSource        | No OCSP location found for C-FCBFEBCB6B78113DFD4C6CCFCBC2B1482992DF4C48E9DE1B3B7F16F33332BFCB 
2023-04-28 11:52:26,456  INFO | pool-2-thread-13 | e.e.e.d.spi.x509.revocation.RepositoryRevocationSource  | Revocation token for certificate with Id 'C-FCBFEBCB6B78113DFD4C6CCFCBC2B1482992DF4C48E9DE1B3B7F16F33332BFCB' has been loaded from the cache 
2023-04-28 11:52:26,459  INFO | pool-2-thread-8 | e.e.esig.dss.xades.validation.XAdESCertificateSource    | +XAdESCertificateSource 
2023-04-28 11:52:26,459  INFO | pool-2-thread-13 | eu.europa.esig.dss.spi.x509.revocation.ocsp.OCSPToken   | OCSP status is good 
2023-04-28 11:52:26,459  INFO | pool-2-thread-37 | e.europa.esig.dss.validation.CommonCertificateVerifier  | + New CommonCertificateVerifier created. 
2023-04-28 11:52:26,451  WARN | pool-2-thread-31 | eu.europa.esig.dss.service.ocsp.OnlineOCSPSource        | No OCSP location found for C-FCBFEBCB6B78113DFD4C6CCFCBC2B1482992DF4C48E9DE1B3B7F16F33332BFCB 
2023-04-28 11:52:26,462  INFO | pool-2-thread-31 | e.e.e.d.spi.x509.revocation.RepositoryRevocationSource  | Revocation token for certificate with Id 'C-FCBFEBCB6B78113DFD4C6CCFCBC2B1482992DF4C48E9DE1B3B7F16F33332BFCB' has been loaded from the cache 
2023-04-28 11:52:26,464  INFO | pool-2-thread-31 | eu.europa.esig.dss.spi.x509.revocation.ocsp.OCSPToken   | OCSP status is good 
2023-04-28 11:52:26,465  INFO | pool-2-thread-31 | e.e.e.d.spi.x509.revocation.RepositoryRevocationSource  | Revocation token for certificate with Id 'C-96DB5CFA7ABACEB5C97C131CBBFB341DDD8E64FE68B587558AA8F082AB2670F2' has been loaded from the cache 
2023-04-28 11:52:26,467  INFO | pool-2-thread-31 | eu.europa.esig.dss.validation.SignedDocumentValidator   | Default SignaturePolicyProvider instantiated with NativeHTTPDataLoader. 
2023-04-28 11:52:26,471  INFO | pool-2-thread-37 | eu.europa.esig.dss.spi.x509.revocation.ocsp.OCSPToken   | OCSP status is good 
2023-04-28 11:52:26,476  INFO | pool-2-thread-37 | eu.europa.esig.dss.validation.SignedDocumentValidator   | Default SignaturePolicyProvider instantiated with NativeHTTPDataLoader. 
2023-04-28 11:52:26,479  INFO | pool-2-thread-13 | e.e.e.d.spi.x509.revocation.RepositoryRevocationSource  | Revocation token for certificate with Id 'C-96DB5CFA7ABACEB5C97C131CBBFB341DDD8E64FE68B587558AA8F082AB2670F2' has been loaded from the cache 
2023-04-28 11:52:26,481  INFO | pool-2-thread-13 | eu.europa.esig.dss.validation.SignedDocumentValidator   | Default SignaturePolicyProvider instantiated with NativeHTTPDataLoader. 
2023-04-28 11:52:26,490  INFO | pool-2-thread-12 | e.europa.esig.dss.validation.CommonCertificateVerifier  | + New CommonCertificateVerifier created. 
2023-04-28 11:52:26,491  INFO | pool-2-thread-15 | e.europa.esig.dss.validation.CommonCertificateVerifier  | + New CommonCertificateVerifier created. 
2023-04-28 11:52:26,491  INFO | pool-2-thread-38 | e.europa.esig.dss.validation.CommonCertificateVerifier  | + New CommonCertificateVerifier created. 
2023-04-28 11:52:26,491  INFO | pool-2-thread-6 | eu.europa.esig.dss.validation.SignedDocumentValidator   | Document validation... 
2023-04-28 11:52:26,496  INFO | pool-2-thread-9 | eu.europa.esig.dss.validation.SignedDocumentValidator   | Document validation... 
2023-04-28 11:52:26,496  INFO | pool-2-thread-24 | eu.europa.esig.dss.validation.SignedDocumentValidator   | Document validation... 
2023-04-28 11:52:26,496  INFO | pool-2-thread-27 | eu.europa.esig.dss.validation.SignedDocumentValidator   | Document validation... 
2023-04-28 11:52:26,496  INFO | pool-2-thread-1 | eu.europa.esig.dss.validation.SignedDocumentValidator   | Document validation... 
2023-04-28 11:52:26,497  INFO | pool-2-thread-17 | eu.europa.esig.dss.validation.SignedDocumentValidator   | Document validation... 
2023-04-28 11:52:26,499  INFO | pool-2-thread-7 | eu.europa.esig.dss.spi.x509.revocation.ocsp.OCSPToken   | OCSP status is good 
2023-04-28 11:52:26,501  INFO | pool-2-thread-7 | eu.europa.esig.dss.validation.SignedDocumentValidator   | Default SignaturePolicyProvider instantiated with NativeHTTPDataLoader. 
2023-04-28 11:52:26,503  INFO | pool-2-thread-26 | eu.europa.esig.dss.validation.SignedDocumentValidator   | Document validation... 
2023-04-28 11:52:26,503  INFO | pool-2-thread-2 | e.europa.esig.dss.validation.CommonCertificateVerifier  | + New CommonCertificateVerifier created. 
2023-04-28 11:52:26,503  INFO | pool-2-thread-36 | eu.europa.esig.dss.spi.x509.revocation.ocsp.OCSPToken   | OCSP status is good 
2023-04-28 11:52:26,503  INFO | pool-2-thread-12 | e.e.esig.dss.xades.validation.XAdESCertificateSource    | +XAdESCertificateSource 
2023-04-28 11:52:26,505  INFO | pool-2-thread-36 | eu.europa.esig.dss.validation.SignedDocumentValidator   | Default SignaturePolicyProvider instantiated with NativeHTTPDataLoader. 
2023-04-28 11:52:26,511  INFO | pool-2-thread-15 | e.e.esig.dss.xades.validation.XAdESCertificateSource    | +XAdESCertificateSource 
2023-04-28 11:52:26,514  INFO | pool-2-thread-11 | e.europa.esig.dss.validation.CommonCertificateVerifier  | + New CommonCertificateVerifier created. 
2023-04-28 11:52:26,516  INFO | pool-2-thread-2 | e.e.esig.dss.xades.validation.XAdESCertificateSource    | +XAdESCertificateSource 
2023-04-28 11:52:26,517  INFO | pool-2-thread-38 | eu.europa.esig.dss.spi.x509.revocation.ocsp.OCSPToken   | OCSP status is good 
2023-04-28 11:52:26,518  INFO | pool-2-thread-9 | e.europa.esig.dss.validation.CommonCertificateVerifier  | + New CommonCertificateVerifier created. 
2023-04-28 11:52:26,518  INFO | pool-2-thread-24 | e.europa.esig.dss.validation.CommonCertificateVerifier  | + New CommonCertificateVerifier created. 
2023-04-28 11:52:26,520  INFO | pool-2-thread-38 | eu.europa.esig.dss.validation.SignedDocumentValidator   | Default SignaturePolicyProvider instantiated with NativeHTTPDataLoader. 
2023-04-28 11:52:26,521  INFO | pool-2-thread-17 | e.europa.esig.dss.validation.CommonCertificateVerifier  | + New CommonCertificateVerifier created. 
2023-04-28 11:52:26,522  WARN | pool-2-thread-3 | eu.europa.esig.dss.service.ocsp.OnlineOCSPSource        | No OCSP location found for C-FCBFEBCB6B78113DFD4C6CCFCBC2B1482992DF4C48E9DE1B3B7F16F33332BFCB 
2023-04-28 11:52:26,523  INFO | pool-2-thread-21 | eu.europa.esig.dss.validation.SignedDocumentValidator   | Document validation... 
2023-04-28 11:52:26,528  INFO | pool-2-thread-11 | eu.europa.esig.dss.spi.x509.revocation.ocsp.OCSPToken   | OCSP status is good 
2023-04-28 11:52:26,530  INFO | pool-2-thread-24 | e.e.esig.dss.xades.validation.XAdESCertificateSource    | +XAdESCertificateSource 
2023-04-28 11:52:26,530  INFO | pool-2-thread-11 | eu.europa.esig.dss.validation.SignedDocumentValidator   | Default SignaturePolicyProvider instantiated with NativeHTTPDataLoader. 
2023-04-28 11:52:26,531  INFO | pool-2-thread-3 | e.e.e.d.spi.x509.revocation.RepositoryRevocationSource  | Revocation token for certificate with Id 'C-FCBFEBCB6B78113DFD4C6CCFCBC2B1482992DF4C48E9DE1B3B7F16F33332BFCB' has been loaded from the cache 
2023-04-28 11:52:26,533  INFO | pool-2-thread-3 | eu.europa.esig.dss.spi.x509.revocation.ocsp.OCSPToken   | OCSP status is good 
2023-04-28 11:52:26,534  INFO | pool-2-thread-1 | e.europa.esig.dss.validation.CommonCertificateVerifier  | + New CommonCertificateVerifier created. 
2023-04-28 11:52:26,534  INFO | pool-2-thread-3 | e.e.e.d.spi.x509.revocation.RepositoryRevocationSource  | Revocation token for certificate with Id 'C-96DB5CFA7ABACEB5C97C131CBBFB341DDD8E64FE68B587558AA8F082AB2670F2' has been loaded from the cache 
2023-04-28 11:52:26,535  INFO | pool-2-thread-6 | e.europa.esig.dss.validation.CommonCertificateVerifier  | + New CommonCertificateVerifier created. 
2023-04-28 11:52:26,537  INFO | pool-2-thread-3 | eu.europa.esig.dss.validation.SignedDocumentValidator   | Default SignaturePolicyProvider instantiated with NativeHTTPDataLoader. 
2023-04-28 11:52:26,539  INFO | pool-2-thread-10 | eu.europa.esig.dss.validation.SignedDocumentValidator   | Document validation... 
2023-04-28 11:52:26,539  INFO | pool-2-thread-12 | e.europa.esig.dss.validation.CommonCertificateVerifier  | + New CommonCertificateVerifier created. 
2023-04-28 11:52:26,545  INFO | pool-2-thread-30 | eu.europa.esig.dss.validation.SignedDocumentValidator   | Default SignaturePolicyProvider instantiated with NativeHTTPDataLoader. 
2023-04-28 11:52:26,571  INFO | pool-2-thread-9 | e.e.esig.dss.xades.validation.XAdESCertificateSource    | +XAdESCertificateSource 
2023-04-28 11:52:26,576  INFO | pool-2-thread-1 | e.e.esig.dss.xades.validation.XAdESCertificateSource    | +XAdESCertificateSource 
2023-04-28 11:52:26,577  INFO | pool-2-thread-16 | eu.europa.esig.dss.validation.SignedDocumentValidator   | Document validation... 
2023-04-28 11:52:26,577  INFO | pool-2-thread-6 | e.e.esig.dss.xades.validation.XAdESCertificateSource    | +XAdESCertificateSource 
2023-04-28 11:52:26,578  INFO | pool-2-thread-12 | eu.europa.esig.dss.spi.x509.revocation.ocsp.OCSPToken   | OCSP status is good 
2023-04-28 11:52:26,580  INFO | pool-2-thread-26 | e.europa.esig.dss.validation.CommonCertificateVerifier  | + New CommonCertificateVerifier created. 
2023-04-28 11:52:26,580  INFO | pool-2-thread-12 | eu.europa.esig.dss.validation.SignedDocumentValidator   | Default SignaturePolicyProvider instantiated with NativeHTTPDataLoader. 
2023-04-28 11:52:26,586  INFO | pool-2-thread-2 | e.europa.esig.dss.validation.CommonCertificateVerifier  | + New CommonCertificateVerifier created. 
2023-04-28 11:52:26,589  INFO | pool-2-thread-17 | e.e.esig.dss.xades.validation.XAdESCertificateSource    | +XAdESCertificateSource 
2023-04-28 11:52:26,591  INFO | pool-2-thread-8 | e.europa.esig.dss.validation.CommonCertificateVerifier  | + New CommonCertificateVerifier created. 
2023-04-28 11:52:26,600  INFO | pool-2-thread-24 | e.europa.esig.dss.validation.CommonCertificateVerifier  | + New CommonCertificateVerifier created. 
2023-04-28 11:52:26,605  INFO | pool-2-thread-21 | e.europa.esig.dss.validation.CommonCertificateVerifier  | + New CommonCertificateVerifier created. 
2023-04-28 11:52:26,607  INFO | pool-2-thread-10 | e.europa.esig.dss.validation.CommonCertificateVerifier  | + New CommonCertificateVerifier created. 
2023-04-28 11:52:26,608  INFO | pool-2-thread-28 | eu.europa.esig.dss.validation.SignedDocumentValidator   | Document validation... 
2023-04-28 11:52:26,613  INFO | pool-2-thread-15 | e.europa.esig.dss.validation.CommonCertificateVerifier  | + New CommonCertificateVerifier created. 
2023-04-28 11:52:26,617  INFO | pool-2-thread-26 | e.e.esig.dss.xades.validation.XAdESCertificateSource    | +XAdESCertificateSource 
2023-04-28 11:52:26,618  INFO | pool-2-thread-2 | eu.europa.esig.dss.spi.x509.revocation.ocsp.OCSPToken   | OCSP status is good 
2023-04-28 11:52:26,619  INFO | pool-2-thread-8 | eu.europa.esig.dss.spi.x509.revocation.ocsp.OCSPToken   | OCSP status is good 
2023-04-28 11:52:26,621  INFO | pool-2-thread-8 | eu.europa.esig.dss.validation.SignedDocumentValidator   | Default SignaturePolicyProvider instantiated with NativeHTTPDataLoader. 
2023-04-28 11:52:26,621  INFO | pool-2-thread-2 | eu.europa.esig.dss.validation.SignedDocumentValidator   | Default SignaturePolicyProvider instantiated with NativeHTTPDataLoader. 
2023-04-28 11:52:26,628  INFO | pool-2-thread-39 | eu.europa.esig.dss.validation.SignedDocumentValidator   | Document validation... 
2023-04-28 11:52:26,628  INFO | pool-2-thread-16 | e.europa.esig.dss.validation.CommonCertificateVerifier  | + New CommonCertificateVerifier created. 
2023-04-28 11:52:26,629  INFO | pool-2-thread-23 | eu.europa.esig.dss.validation.SignedDocumentValidator   | Document validation... 
2023-04-28 11:52:26,629  INFO | pool-2-thread-1 | e.europa.esig.dss.validation.CommonCertificateVerifier  | + New CommonCertificateVerifier created. 
2023-04-28 11:52:26,631  INFO | pool-2-thread-10 | e.e.esig.dss.xades.validation.XAdESCertificateSource    | +XAdESCertificateSource 
2023-04-28 11:52:26,635  WARN | pool-2-thread-24 | eu.europa.esig.dss.service.ocsp.OnlineOCSPSource        | No OCSP location found for C-FCBFEBCB6B78113DFD4C6CCFCBC2B1482992DF4C48E9DE1B3B7F16F33332BFCB 
2023-04-28 11:52:26,635  INFO | pool-2-thread-32 | eu.europa.esig.dss.validation.SignedDocumentValidator   | Document validation... 
2023-04-28 11:52:26,638  INFO | pool-2-thread-24 | e.e.e.d.spi.x509.revocation.RepositoryRevocationSource  | Revocation token for certificate with Id 'C-FCBFEBCB6B78113DFD4C6CCFCBC2B1482992DF4C48E9DE1B3B7F16F33332BFCB' has been loaded from the cache 
2023-04-28 11:52:26,639  INFO | pool-2-thread-24 | eu.europa.esig.dss.spi.x509.revocation.ocsp.OCSPToken   | OCSP status is good 
2023-04-28 11:52:26,640  INFO | pool-2-thread-24 | e.e.e.d.spi.x509.revocation.RepositoryRevocationSource  | Revocation token for certificate with Id 'C-96DB5CFA7ABACEB5C97C131CBBFB341DDD8E64FE68B587558AA8F082AB2670F2' has been loaded from the cache 
2023-04-28 11:52:26,641  INFO | pool-2-thread-24 | eu.europa.esig.dss.validation.SignedDocumentValidator   | Default SignaturePolicyProvider instantiated with NativeHTTPDataLoader. 
2023-04-28 11:52:26,642  INFO | pool-2-thread-27 | e.europa.esig.dss.validation.CommonCertificateVerifier  | + New CommonCertificateVerifier created. 
2023-04-28 11:52:26,647  INFO | pool-2-thread-15 | eu.europa.esig.dss.spi.x509.revocation.ocsp.OCSPToken   | OCSP status is good 
2023-04-28 11:52:26,649  WARN | pool-2-thread-1 | eu.europa.esig.dss.service.ocsp.OnlineOCSPSource        | No OCSP location found for C-FCBFEBCB6B78113DFD4C6CCFCBC2B1482992DF4C48E9DE1B3B7F16F33332BFCB 
2023-04-28 11:52:26,649  INFO | pool-2-thread-21 | e.e.esig.dss.xades.validation.XAdESCertificateSource    | +XAdESCertificateSource 
2023-04-28 11:52:26,650  INFO | pool-2-thread-16 | e.e.esig.dss.xades.validation.XAdESCertificateSource    | +XAdESCertificateSource 
2023-04-28 11:52:26,650  INFO | pool-2-thread-15 | eu.europa.esig.dss.validation.SignedDocumentValidator   | Default SignaturePolicyProvider instantiated with NativeHTTPDataLoader. 
2023-04-28 11:52:26,652  INFO | pool-2-thread-1 | e.e.e.d.spi.x509.revocation.RepositoryRevocationSource  | Revocation token for certificate with Id 'C-FCBFEBCB6B78113DFD4C6CCFCBC2B1482992DF4C48E9DE1B3B7F16F33332BFCB' has been loaded from the cache 
2023-04-28 11:52:26,655  INFO | pool-2-thread-34 | eu.europa.esig.dss.validation.SignedDocumentValidator   | Document validation... 
2023-04-28 11:52:26,656  INFO | pool-2-thread-9 | e.europa.esig.dss.validation.CommonCertificateVerifier  | + New CommonCertificateVerifier created. 
2023-04-28 11:52:26,656  INFO | pool-2-thread-39 | e.europa.esig.dss.validation.CommonCertificateVerifier  | + New CommonCertificateVerifier created. 
2023-04-28 11:52:26,667  INFO | pool-2-thread-17 | e.europa.esig.dss.validation.CommonCertificateVerifier  | + New CommonCertificateVerifier created. 
2023-04-28 11:52:26,670  INFO | pool-2-thread-9 | eu.europa.esig.dss.spi.x509.revocation.ocsp.OCSPToken   | OCSP status is good 
2023-04-28 11:52:26,672  INFO | pool-2-thread-9 | eu.europa.esig.dss.validation.SignedDocumentValidator   | Default SignaturePolicyProvider instantiated with NativeHTTPDataLoader. 
2023-04-28 11:52:26,673  INFO | pool-2-thread-39 | e.e.esig.dss.xades.validation.XAdESCertificateSource    | +XAdESCertificateSource 
2023-04-28 11:52:26,675  INFO | pool-2-thread-6 | e.europa.esig.dss.validation.CommonCertificateVerifier  | + New CommonCertificateVerifier created. 
2023-04-28 11:52:26,675  INFO | pool-2-thread-23 | e.europa.esig.dss.validation.CommonCertificateVerifier  | + New CommonCertificateVerifier created. 
2023-04-28 11:52:26,676  INFO | pool-2-thread-27 | e.e.esig.dss.xades.validation.XAdESCertificateSource    | +XAdESCertificateSource 
2023-04-28 11:52:26,680  WARN | pool-2-thread-17 | eu.europa.esig.dss.service.ocsp.OnlineOCSPSource        | No OCSP location found for C-FCBFEBCB6B78113DFD4C6CCFCBC2B1482992DF4C48E9DE1B3B7F16F33332BFCB 
2023-04-28 11:52:26,682  INFO | pool-2-thread-17 | e.e.e.d.spi.x509.revocation.RepositoryRevocationSource  | Revocation token for certificate with Id 'C-FCBFEBCB6B78113DFD4C6CCFCBC2B1482992DF4C48E9DE1B3B7F16F33332BFCB' has been loaded from the cache 
2023-04-28 11:52:26,683  INFO | pool-2-thread-11 | eu.europa.esig.dss.validation.SignedDocumentValidator   | Document validation... 
2023-04-28 11:52:26,683  INFO | pool-2-thread-28 | e.europa.esig.dss.validation.CommonCertificateVerifier  | + New CommonCertificateVerifier created. 
2023-04-28 11:52:26,686  INFO | pool-2-thread-17 | eu.europa.esig.dss.spi.x509.revocation.ocsp.OCSPToken   | OCSP status is good 
2023-04-28 11:52:26,688  INFO | pool-2-thread-17 | e.e.e.d.spi.x509.revocation.RepositoryRevocationSource  | Revocation token for certificate with Id 'C-96DB5CFA7ABACEB5C97C131CBBFB341DDD8E64FE68B587558AA8F082AB2670F2' has been loaded from the cache 
2023-04-28 11:52:26,690  WARN | pool-2-thread-6 | eu.europa.esig.dss.service.ocsp.OnlineOCSPSource        | No OCSP location found for C-FCBFEBCB6B78113DFD4C6CCFCBC2B1482992DF4C48E9DE1B3B7F16F33332BFCB 
2023-04-28 11:52:26,690  INFO | pool-2-thread-17 | eu.europa.esig.dss.validation.SignedDocumentValidator   | Default SignaturePolicyProvider instantiated with NativeHTTPDataLoader. 
2023-04-28 11:52:26,693  INFO | pool-2-thread-6 | e.e.e.d.spi.x509.revocation.RepositoryRevocationSource  | Revocation token for certificate with Id 'C-FCBFEBCB6B78113DFD4C6CCFCBC2B1482992DF4C48E9DE1B3B7F16F33332BFCB' has been loaded from the cache 
2023-04-28 11:52:26,694  INFO | pool-2-thread-6 | eu.europa.esig.dss.spi.x509.revocation.ocsp.OCSPToken   | OCSP status is good 
2023-04-28 11:52:26,695  INFO | pool-2-thread-21 | e.europa.esig.dss.validation.CommonCertificateVerifier  | + New CommonCertificateVerifier created. 
2023-04-28 11:52:26,696  INFO | pool-2-thread-1 | eu.europa.esig.dss.spi.x509.revocation.ocsp.OCSPToken   | OCSP status is good 
2023-04-28 11:52:26,697  INFO | pool-2-thread-1 | e.e.e.d.spi.x509.revocation.RepositoryRevocationSource  | Revocation token for certificate with Id 'C-96DB5CFA7ABACEB5C97C131CBBFB341DDD8E64FE68B587558AA8F082AB2670F2' has been loaded from the cache 
2023-04-28 11:52:26,698  INFO | pool-2-thread-23 | e.e.esig.dss.xades.validation.XAdESCertificateSource    | +XAdESCertificateSource 
2023-04-28 11:52:26,700  INFO | pool-2-thread-26 | e.europa.esig.dss.validation.CommonCertificateVerifier  | + New CommonCertificateVerifier created. 
2023-04-28 11:52:26,701  INFO | pool-2-thread-1 | eu.europa.esig.dss.validation.SignedDocumentValidator   | Default SignaturePolicyProvider instantiated with NativeHTTPDataLoader. 
2023-04-28 11:52:26,704  INFO | pool-2-thread-27 | e.europa.esig.dss.validation.CommonCertificateVerifier  | + New CommonCertificateVerifier created. 
2023-04-28 11:52:26,708  INFO | pool-2-thread-39 | e.europa.esig.dss.validation.CommonCertificateVerifier  | + New CommonCertificateVerifier created. 
2023-04-28 11:52:26,708  INFO | pool-2-thread-36 | eu.europa.esig.dss.validation.SignedDocumentValidator   | Document validation... 
2023-04-28 11:52:26,709  INFO | pool-2-thread-19 | eu.europa.esig.dss.validation.SignedDocumentValidator   | Document validation... 
2023-04-28 11:52:26,711  INFO | pool-2-thread-34 | e.europa.esig.dss.validation.CommonCertificateVerifier  | + New CommonCertificateVerifier created. 
2023-04-28 11:52:26,713  INFO | pool-2-thread-6 | e.e.e.d.spi.x509.revocation.RepositoryRevocationSource  | Revocation token for certificate with Id 'C-96DB5CFA7ABACEB5C97C131CBBFB341DDD8E64FE68B587558AA8F082AB2670F2' has been loaded from the cache 
2023-04-28 11:52:26,715  INFO | pool-2-thread-6 | eu.europa.esig.dss.validation.SignedDocumentValidator   | Default SignaturePolicyProvider instantiated with NativeHTTPDataLoader. 
2023-04-28 11:52:26,716  INFO | pool-2-thread-16 | e.europa.esig.dss.validation.CommonCertificateVerifier  | + New CommonCertificateVerifier created. 
2023-04-28 11:52:26,717  INFO | pool-2-thread-25 | e.europa.esig.dss.validation.CommonCertificateVerifier  | + New CommonCertificateVerifier created. 
2023-04-28 11:52:26,717  INFO | pool-2-thread-23 | e.europa.esig.dss.validation.CommonCertificateVerifier  | + New CommonCertificateVerifier created. 
2023-04-28 11:52:26,724  INFO | pool-2-thread-39 | eu.europa.esig.dss.spi.x509.revocation.ocsp.OCSPToken   | OCSP status is good 
2023-04-28 11:52:26,724  INFO | pool-2-thread-11 | e.europa.esig.dss.validation.CommonCertificateVerifier  | + New CommonCertificateVerifier created. 
2023-04-28 11:52:26,724  INFO | pool-2-thread-36 | e.europa.esig.dss.validation.CommonCertificateVerifier  | + New CommonCertificateVerifier created. 
2023-04-28 11:52:26,726  INFO | pool-2-thread-39 | eu.europa.esig.dss.validation.SignedDocumentValidator   | Default SignaturePolicyProvider instantiated with NativeHTTPDataLoader. 
2023-04-28 11:52:26,726  WARN | pool-2-thread-16 | eu.europa.esig.dss.service.ocsp.OnlineOCSPSource        | No OCSP location found for C-FCBFEBCB6B78113DFD4C6CCFCBC2B1482992DF4C48E9DE1B3B7F16F33332BFCB 
2023-04-28 11:52:26,728  INFO | pool-2-thread-34 | e.e.esig.dss.xades.validation.XAdESCertificateSource    | +XAdESCertificateSource 
2023-04-28 11:52:26,728  INFO | pool-2-thread-16 | e.e.e.d.spi.x509.revocation.RepositoryRevocationSource  | Revocation token for certificate with Id 'C-FCBFEBCB6B78113DFD4C6CCFCBC2B1482992DF4C48E9DE1B3B7F16F33332BFCB' has been loaded from the cache 
2023-04-28 11:52:26,729  WARN | pool-2-thread-23 | eu.europa.esig.dss.service.ocsp.OnlineOCSPSource        | No OCSP location found for C-FCBFEBCB6B78113DFD4C6CCFCBC2B1482992DF4C48E9DE1B3B7F16F33332BFCB 
2023-04-28 11:52:26,730  INFO | pool-2-thread-16 | eu.europa.esig.dss.spi.x509.revocation.ocsp.OCSPToken   | OCSP status is good 
2023-04-28 11:52:26,731  INFO | pool-2-thread-23 | e.e.e.d.spi.x509.revocation.RepositoryRevocationSource  | Revocation token for certificate with Id 'C-FCBFEBCB6B78113DFD4C6CCFCBC2B1482992DF4C48E9DE1B3B7F16F33332BFCB' has been loaded from the cache 
2023-04-28 11:52:26,731  INFO | pool-2-thread-16 | e.e.e.d.spi.x509.revocation.RepositoryRevocationSource  | Revocation token for certificate with Id 'C-96DB5CFA7ABACEB5C97C131CBBFB341DDD8E64FE68B587558AA8F082AB2670F2' has been loaded from the cache 
2023-04-28 11:52:26,732  INFO | pool-2-thread-23 | eu.europa.esig.dss.spi.x509.revocation.ocsp.OCSPToken   | OCSP status is good 
2023-04-28 11:52:26,733  INFO | pool-2-thread-16 | eu.europa.esig.dss.validation.SignedDocumentValidator   | Default SignaturePolicyProvider instantiated with NativeHTTPDataLoader. 
2023-04-28 11:52:26,734  WARN | pool-2-thread-21 | eu.europa.esig.dss.service.ocsp.OnlineOCSPSource        | No OCSP location found for C-FCBFEBCB6B78113DFD4C6CCFCBC2B1482992DF4C48E9DE1B3B7F16F33332BFCB 
2023-04-28 11:52:26,735  INFO | pool-2-thread-36 | e.e.esig.dss.xades.validation.XAdESCertificateSource    | +XAdESCertificateSource 
2023-04-28 11:52:26,735  INFO | pool-2-thread-13 | eu.europa.esig.dss.validation.SignedDocumentValidator   | Document validation... 
2023-04-28 11:52:26,735  INFO | pool-2-thread-23 | e.e.e.d.spi.x509.revocation.RepositoryRevocationSource  | Revocation token for certificate with Id 'C-96DB5CFA7ABACEB5C97C131CBBFB341DDD8E64FE68B587558AA8F082AB2670F2' has been loaded from the cache 
2023-04-28 11:52:26,738  INFO | pool-2-thread-23 | eu.europa.esig.dss.validation.SignedDocumentValidator   | Default SignaturePolicyProvider instantiated with NativeHTTPDataLoader. 
2023-04-28 11:52:26,738  INFO | pool-2-thread-21 | e.e.e.d.spi.x509.revocation.RepositoryRevocationSource  | Revocation token for certificate with Id 'C-FCBFEBCB6B78113DFD4C6CCFCBC2B1482992DF4C48E9DE1B3B7F16F33332BFCB' has been loaded from the cache 
2023-04-28 11:52:26,745  INFO | pool-2-thread-7 | eu.europa.esig.dss.validation.SignedDocumentValidator   | Document validation... 
2023-04-28 11:52:26,746  INFO | pool-2-thread-12 | eu.europa.esig.dss.validation.SignedDocumentValidator   | Document validation... 
2023-04-28 11:52:26,758  INFO | pool-2-thread-5 | eu.europa.esig.dss.validation.SignedDocumentValidator   | Document validation... 
2023-04-28 11:52:26,762  INFO | pool-2-thread-33 | eu.europa.esig.dss.validation.SignedDocumentValidator   | Document validation... 
2023-04-28 11:52:26,762  INFO | pool-2-thread-19 | e.europa.esig.dss.validation.CommonCertificateVerifier  | + New CommonCertificateVerifier created. 
2023-04-28 11:52:26,763  INFO | pool-2-thread-21 | eu.europa.esig.dss.spi.x509.revocation.ocsp.OCSPToken   | OCSP status is good 
2023-04-28 11:52:26,763  INFO | pool-2-thread-10 | e.europa.esig.dss.validation.CommonCertificateVerifier  | + New CommonCertificateVerifier created. 
2023-04-28 11:52:26,763  INFO | pool-2-thread-32 | e.europa.esig.dss.validation.CommonCertificateVerifier  | + New CommonCertificateVerifier created. 
2023-04-28 11:52:26,764  INFO | pool-2-thread-21 | e.e.e.d.spi.x509.revocation.RepositoryRevocationSource  | Revocation token for certificate with Id 'C-96DB5CFA7ABACEB5C97C131CBBFB341DDD8E64FE68B587558AA8F082AB2670F2' has been loaded from the cache 
2023-04-28 11:52:26,765  WARN | pool-2-thread-25 | eu.europa.esig.dss.service.ocsp.OnlineOCSPSource        | No OCSP location found for C-FCBFEBCB6B78113DFD4C6CCFCBC2B1482992DF4C48E9DE1B3B7F16F33332BFCB 
2023-04-28 11:52:26,766  INFO | pool-2-thread-21 | eu.europa.esig.dss.validation.SignedDocumentValidator   | Default SignaturePolicyProvider instantiated with NativeHTTPDataLoader. 
2023-04-28 11:52:26,768  INFO | pool-2-thread-35 | eu.europa.esig.dss.validation.SignedDocumentValidator   | Document validation... 
2023-04-28 11:52:26,769  INFO | pool-2-thread-25 | e.e.e.d.spi.x509.revocation.RepositoryRevocationSource  | Revocation token for certificate with Id 'C-FCBFEBCB6B78113DFD4C6CCFCBC2B1482992DF4C48E9DE1B3B7F16F33332BFCB' has been loaded from the cache 
2023-04-28 11:52:26,772  INFO | pool-2-thread-20 | eu.europa.esig.dss.validation.SignedDocumentValidator   | Document validation... 
2023-04-28 11:52:26,777  INFO | pool-2-thread-28 | e.e.esig.dss.xades.validation.XAdESCertificateSource    | +XAdESCertificateSource 
2023-04-28 11:52:26,778  WARN | pool-2-thread-27 | eu.europa.esig.dss.service.ocsp.OnlineOCSPSource        | No OCSP location found for C-FCBFEBCB6B78113DFD4C6CCFCBC2B1482992DF4C48E9DE1B3B7F16F33332BFCB 
2023-04-28 11:52:26,779  INFO | pool-2-thread-32 | e.e.esig.dss.xades.validation.XAdESCertificateSource    | +XAdESCertificateSource 
2023-04-28 11:52:26,782  INFO | pool-2-thread-4 | eu.europa.esig.dss.validation.SignedDocumentValidator   | Document validation... 
2023-04-28 11:52:26,783  INFO | pool-2-thread-8 | eu.europa.esig.dss.validation.SignedDocumentValidator   | Document validation... 
2023-04-28 11:52:26,784  INFO | pool-2-thread-3 | eu.europa.esig.dss.validation.SignedDocumentValidator   | Document validation... 
2023-04-28 11:52:26,788  INFO | pool-2-thread-30 | eu.europa.esig.dss.validation.SignedDocumentValidator   | Document validation... 
2023-04-28 11:52:26,791  INFO | pool-2-thread-29 | eu.europa.esig.dss.validation.SignedDocumentValidator   | Document validation... 
2023-04-28 11:52:26,791  INFO | pool-2-thread-37 | eu.europa.esig.dss.validation.SignedDocumentValidator   | Document validation... 
2023-04-28 11:52:26,791  INFO | pool-2-thread-40 | eu.europa.esig.dss.validation.SignedDocumentValidator   | Document validation... 
2023-04-28 11:52:26,794  INFO | pool-2-thread-31 | eu.europa.esig.dss.validation.SignedDocumentValidator   | Document validation... 
2023-04-28 11:52:26,796  INFO | pool-2-thread-14 | eu.europa.esig.dss.validation.SignedDocumentValidator   | Document validation... 
2023-04-28 11:52:26,796  INFO | pool-2-thread-33 | e.europa.esig.dss.validation.CommonCertificateVerifier  | + New CommonCertificateVerifier created. 
2023-04-28 11:52:26,796  INFO | pool-2-thread-36 | e.europa.esig.dss.validation.CommonCertificateVerifier  | + New CommonCertificateVerifier created. 
2023-04-28 11:52:26,797  INFO | pool-2-thread-24 | eu.europa.esig.dss.validation.SignedDocumentValidator   | Document validation... 
2023-04-28 11:52:26,799  INFO | pool-2-thread-11 | e.e.esig.dss.xades.validation.XAdESCertificateSource    | +XAdESCertificateSource 
2023-04-28 11:52:26,802  INFO | pool-2-thread-19 | e.e.esig.dss.xades.validation.XAdESCertificateSource    | +XAdESCertificateSource 
2023-04-28 11:52:26,805  INFO | pool-2-thread-4 | e.europa.esig.dss.validation.CommonCertificateVerifier  | + New CommonCertificateVerifier created. 
2023-04-28 11:52:26,807  INFO | pool-2-thread-22 | eu.europa.esig.dss.validation.SignedDocumentValidator   | Document validation... 
2023-04-28 11:52:26,808  INFO | pool-2-thread-38 | eu.europa.esig.dss.validation.SignedDocumentValidator   | Document validation... 
2023-04-28 11:52:26,809  INFO | pool-2-thread-1 | eu.europa.esig.dss.validation.SignedDocumentValidator   | Document validation... 
2023-04-28 11:52:26,818  INFO | pool-2-thread-33 | e.e.esig.dss.xades.validation.XAdESCertificateSource    | +XAdESCertificateSource 
2023-04-28 11:52:26,819  INFO | pool-2-thread-3 | e.europa.esig.dss.validation.CommonCertificateVerifier  | + New CommonCertificateVerifier created. 
2023-04-28 11:52:26,820  WARN | pool-2-thread-10 | eu.europa.esig.dss.service.ocsp.OnlineOCSPSource        | No OCSP location found for C-FCBFEBCB6B78113DFD4C6CCFCBC2B1482992DF4C48E9DE1B3B7F16F33332BFCB 
2023-04-28 11:52:26,820  INFO | pool-2-thread-27 | e.e.e.d.spi.x509.revocation.RepositoryRevocationSource  | Revocation token for certificate with Id 'C-FCBFEBCB6B78113DFD4C6CCFCBC2B1482992DF4C48E9DE1B3B7F16F33332BFCB' has been loaded from the cache 
2023-04-28 11:52:26,822  INFO | pool-2-thread-10 | e.e.e.d.spi.x509.revocation.RepositoryRevocationSource  | Revocation token for certificate with Id 'C-FCBFEBCB6B78113DFD4C6CCFCBC2B1482992DF4C48E9DE1B3B7F16F33332BFCB' has been loaded from the cache 
2023-04-28 11:52:26,822  INFO | pool-2-thread-27 | eu.europa.esig.dss.spi.x509.revocation.ocsp.OCSPToken   | OCSP status is good 
2023-04-28 11:52:26,823  INFO | pool-2-thread-27 | e.e.e.d.spi.x509.revocation.RepositoryRevocationSource  | Revocation token for certificate with Id 'C-96DB5CFA7ABACEB5C97C131CBBFB341DDD8E64FE68B587558AA8F082AB2670F2' has been loaded from the cache 
2023-04-28 11:52:26,823  INFO | pool-2-thread-10 | eu.europa.esig.dss.spi.x509.revocation.ocsp.OCSPToken   | OCSP status is good 
2023-04-28 11:52:26,824  INFO | pool-2-thread-10 | e.e.e.d.spi.x509.revocation.RepositoryRevocationSource  | Revocation token for certificate with Id 'C-96DB5CFA7ABACEB5C97C131CBBFB341DDD8E64FE68B587558AA8F082AB2670F2' has been loaded from the cache 
2023-04-28 11:52:26,824  INFO | pool-2-thread-26 | eu.europa.esig.dss.spi.x509.revocation.ocsp.OCSPToken   | OCSP status is good 
2023-04-28 11:52:26,824  INFO | pool-2-thread-27 | eu.europa.esig.dss.validation.SignedDocumentValidator   | Default SignaturePolicyProvider instantiated with NativeHTTPDataLoader. 
2023-04-28 11:52:26,826  INFO | pool-2-thread-10 | eu.europa.esig.dss.validation.SignedDocumentValidator   | Default SignaturePolicyProvider instantiated with NativeHTTPDataLoader. 
2023-04-28 11:52:26,828  INFO | pool-2-thread-1 | e.europa.esig.dss.validation.CommonCertificateVerifier  | + New CommonCertificateVerifier created. 
2023-04-28 11:52:26,829  INFO | pool-2-thread-24 | e.europa.esig.dss.validation.CommonCertificateVerifier  | + New CommonCertificateVerifier created. 
2023-04-28 11:52:26,830  INFO | pool-2-thread-4 | e.e.esig.dss.xades.validation.XAdESCertificateSource    | +XAdESCertificateSource 
2023-04-28 11:52:26,837  INFO | pool-2-thread-8 | e.europa.esig.dss.validation.CommonCertificateVerifier  | + New CommonCertificateVerifier created. 
2023-04-28 11:52:26,838  INFO | pool-2-thread-14 | e.europa.esig.dss.validation.CommonCertificateVerifier  | + New CommonCertificateVerifier created. 
2023-04-28 11:52:26,839  INFO | pool-2-thread-3 | e.e.esig.dss.xades.validation.XAdESCertificateSource    | +XAdESCertificateSource 
2023-04-28 11:52:26,839  INFO | pool-2-thread-38 | e.europa.esig.dss.validation.CommonCertificateVerifier  | + New CommonCertificateVerifier created. 
2023-04-28 11:52:26,843  INFO | pool-2-thread-1 | e.e.esig.dss.xades.validation.XAdESCertificateSource    | +XAdESCertificateSource 
2023-04-28 11:52:26,844  INFO | pool-2-thread-24 | e.e.esig.dss.xades.validation.XAdESCertificateSource    | +XAdESCertificateSource 
2023-04-28 11:52:26,848  INFO | pool-2-thread-13 | e.europa.esig.dss.validation.CommonCertificateVerifier  | + New CommonCertificateVerifier created. 
2023-04-28 11:52:26,848  INFO | pool-2-thread-35 | e.europa.esig.dss.validation.CommonCertificateVerifier  | + New CommonCertificateVerifier created. 
2023-04-28 11:52:26,848  INFO | pool-2-thread-12 | e.europa.esig.dss.validation.CommonCertificateVerifier  | + New CommonCertificateVerifier created. 
2023-04-28 11:52:26,850  INFO | pool-2-thread-34 | e.europa.esig.dss.validation.CommonCertificateVerifier  | + New CommonCertificateVerifier created. 
2023-04-28 11:52:26,852  INFO | pool-2-thread-14 | e.e.esig.dss.xades.validation.XAdESCertificateSource    | +XAdESCertificateSource 
2023-04-28 11:52:26,854  INFO | pool-2-thread-9 | eu.europa.esig.dss.validation.SignedDocumentValidator   | Document validation... 
2023-04-28 11:52:26,856  INFO | pool-2-thread-7 | e.europa.esig.dss.validation.CommonCertificateVerifier  | + New CommonCertificateVerifier created. 
2023-04-28 11:52:26,858  INFO | pool-2-thread-38 | e.e.esig.dss.xades.validation.XAdESCertificateSource    | +XAdESCertificateSource 
2023-04-28 11:52:26,859  INFO | pool-2-thread-8 | e.e.esig.dss.xades.validation.XAdESCertificateSource    | +XAdESCertificateSource 
2023-04-28 11:52:26,861  INFO | pool-2-thread-22 | e.europa.esig.dss.validation.CommonCertificateVerifier  | + New CommonCertificateVerifier created. 
2023-04-28 11:52:26,864  INFO | pool-2-thread-18 | eu.europa.esig.dss.validation.SignedDocumentValidator   | Document validation... 
2023-04-28 11:52:26,864  WARN | pool-2-thread-34 | eu.europa.esig.dss.service.ocsp.OnlineOCSPSource        | No OCSP location found for C-FCBFEBCB6B78113DFD4C6CCFCBC2B1482992DF4C48E9DE1B3B7F16F33332BFCB 
2023-04-28 11:52:26,866  INFO | pool-2-thread-35 | e.e.esig.dss.xades.validation.XAdESCertificateSource    | +XAdESCertificateSource 
2023-04-28 11:52:26,868  INFO | pool-2-thread-34 | e.e.e.d.spi.x509.revocation.RepositoryRevocationSource  | Revocation token for certificate with Id 'C-FCBFEBCB6B78113DFD4C6CCFCBC2B1482992DF4C48E9DE1B3B7F16F33332BFCB' has been loaded from the cache 
2023-04-28 11:52:26,869  INFO | pool-2-thread-7 | e.e.esig.dss.xades.validation.XAdESCertificateSource    | +XAdESCertificateSource 
2023-04-28 11:52:26,869  INFO | pool-2-thread-13 | e.e.esig.dss.xades.validation.XAdESCertificateSource    | +XAdESCertificateSource 
2023-04-28 11:52:26,871  INFO | pool-2-thread-34 | eu.europa.esig.dss.spi.x509.revocation.ocsp.OCSPToken   | OCSP status is good 
2023-04-28 11:52:26,872  INFO | pool-2-thread-34 | e.e.e.d.spi.x509.revocation.RepositoryRevocationSource  | Revocation token for certificate with Id 'C-96DB5CFA7ABACEB5C97C131CBBFB341DDD8E64FE68B587558AA8F082AB2670F2' has been loaded from the cache 
2023-04-28 11:52:26,875  INFO | pool-2-thread-5 | e.europa.esig.dss.validation.CommonCertificateVerifier  | + New CommonCertificateVerifier created. 
2023-04-28 11:52:26,875  INFO | pool-2-thread-34 | eu.europa.esig.dss.validation.SignedDocumentValidator   | Default SignaturePolicyProvider instantiated with NativeHTTPDataLoader. 
2023-04-28 11:52:26,875  INFO | pool-2-thread-12 | e.e.esig.dss.xades.validation.XAdESCertificateSource    | +XAdESCertificateSource 
2023-04-28 11:52:26,882  INFO | pool-2-thread-2 | eu.europa.esig.dss.validation.SignedDocumentValidator   | Document validation... 
2023-04-28 11:52:26,886  INFO | pool-2-thread-20 | e.europa.esig.dss.validation.CommonCertificateVerifier  | + New CommonCertificateVerifier created. 
2023-04-28 11:52:26,887  INFO | pool-2-thread-22 | e.e.esig.dss.xades.validation.XAdESCertificateSource    | +XAdESCertificateSource 
2023-04-28 11:52:26,888  INFO | pool-2-thread-5 | e.e.esig.dss.xades.validation.XAdESCertificateSource    | +XAdESCertificateSource 
2023-04-28 11:52:26,891  INFO | pool-2-thread-33 | e.europa.esig.dss.validation.CommonCertificateVerifier  | + New CommonCertificateVerifier created. 
2023-04-28 11:52:26,892  INFO | pool-2-thread-37 | e.europa.esig.dss.validation.CommonCertificateVerifier  | + New CommonCertificateVerifier created. 
2023-04-28 11:52:26,892  INFO | pool-2-thread-32 | e.europa.esig.dss.validation.CommonCertificateVerifier  | + New CommonCertificateVerifier created. 
2023-04-28 11:52:26,893  INFO | pool-2-thread-20 | e.e.esig.dss.xades.validation.XAdESCertificateSource    | +XAdESCertificateSource 
2023-04-28 11:52:26,895  WARN | pool-2-thread-33 | eu.europa.esig.dss.service.ocsp.OnlineOCSPSource        | No OCSP location found for C-FCBFEBCB6B78113DFD4C6CCFCBC2B1482992DF4C48E9DE1B3B7F16F33332BFCB 
2023-04-28 11:52:26,896  INFO | pool-2-thread-17 | eu.europa.esig.dss.validation.SignedDocumentValidator   | Document validation... 
2023-04-28 11:52:26,896  INFO | pool-2-thread-30 | e.europa.esig.dss.validation.CommonCertificateVerifier  | + New CommonCertificateVerifier created. 
2023-04-28 11:52:26,896  INFO | pool-2-thread-37 | e.e.esig.dss.xades.validation.XAdESCertificateSource    | +XAdESCertificateSource 
2023-04-28 11:52:26,896  INFO | pool-2-thread-40 | e.europa.esig.dss.validation.CommonCertificateVerifier  | + New CommonCertificateVerifier created. 
2023-04-28 11:52:26,897  INFO | pool-2-thread-33 | e.e.e.d.spi.x509.revocation.RepositoryRevocationSource  | Revocation token for certificate with Id 'C-FCBFEBCB6B78113DFD4C6CCFCBC2B1482992DF4C48E9DE1B3B7F16F33332BFCB' has been loaded from the cache 
2023-04-28 11:52:26,899  INFO | pool-2-thread-33 | eu.europa.esig.dss.spi.x509.revocation.ocsp.OCSPToken   | OCSP status is good 
2023-04-28 11:52:26,900  INFO | pool-2-thread-33 | e.e.e.d.spi.x509.revocation.RepositoryRevocationSource  | Revocation token for certificate with Id 'C-96DB5CFA7ABACEB5C97C131CBBFB341DDD8E64FE68B587558AA8F082AB2670F2' has been loaded from the cache 
2023-04-28 11:52:26,902  INFO | pool-2-thread-28 | e.europa.esig.dss.validation.CommonCertificateVerifier  | + New CommonCertificateVerifier created. 
2023-04-28 11:52:26,903  INFO | pool-2-thread-31 | e.europa.esig.dss.validation.CommonCertificateVerifier  | + New CommonCertificateVerifier created. 
2023-04-28 11:52:26,903  WARN | pool-2-thread-32 | eu.europa.esig.dss.service.ocsp.OnlineOCSPSource        | No OCSP location found for C-FCBFEBCB6B78113DFD4C6CCFCBC2B1482992DF4C48E9DE1B3B7F16F33332BFCB 
2023-04-28 11:52:26,903  INFO | pool-2-thread-1 | e.europa.esig.dss.validation.CommonCertificateVerifier  | + New CommonCertificateVerifier created. 
2023-04-28 11:52:26,903  INFO | pool-2-thread-33 | eu.europa.esig.dss.validation.SignedDocumentValidator   | Default SignaturePolicyProvider instantiated with NativeHTTPDataLoader. 
2023-04-28 11:52:26,905  INFO | pool-2-thread-32 | e.e.e.d.spi.x509.revocation.RepositoryRevocationSource  | Revocation token for certificate with Id 'C-FCBFEBCB6B78113DFD4C6CCFCBC2B1482992DF4C48E9DE1B3B7F16F33332BFCB' has been loaded from the cache 
2023-04-28 11:52:26,907  INFO | pool-2-thread-32 | eu.europa.esig.dss.spi.x509.revocation.ocsp.OCSPToken   | OCSP status is good 
2023-04-28 11:52:26,907  INFO | pool-2-thread-25 | eu.europa.esig.dss.spi.x509.revocation.ocsp.OCSPToken   | OCSP status is good 
2023-04-28 11:52:26,908  INFO | pool-2-thread-25 | e.e.e.d.spi.x509.revocation.RepositoryRevocationSource  | Revocation token for certificate with Id 'C-96DB5CFA7ABACEB5C97C131CBBFB341DDD8E64FE68B587558AA8F082AB2670F2' has been loaded from the cache 
2023-04-28 11:52:26,908  INFO | pool-2-thread-32 | e.e.e.d.spi.x509.revocation.RepositoryRevocationSource  | Revocation token for certificate with Id 'C-96DB5CFA7ABACEB5C97C131CBBFB341DDD8E64FE68B587558AA8F082AB2670F2' has been loaded from the cache 
2023-04-28 11:52:26,908  INFO | pool-2-thread-15 | eu.europa.esig.dss.validation.SignedDocumentValidator   | Document validation... 
2023-04-28 11:52:26,909  INFO | pool-2-thread-9 | e.europa.esig.dss.validation.CommonCertificateVerifier  | + New CommonCertificateVerifier created. 
2023-04-28 11:52:26,909  INFO | pool-2-thread-24 | e.europa.esig.dss.validation.CommonCertificateVerifier  | + New CommonCertificateVerifier created. 
2023-04-28 11:52:26,910  INFO | pool-2-thread-25 | eu.europa.esig.dss.validation.SignedDocumentValidator   | Default SignaturePolicyProvider instantiated with NativeHTTPDataLoader. 
2023-04-28 11:52:26,910  INFO | pool-2-thread-32 | eu.europa.esig.dss.validation.SignedDocumentValidator   | Default SignaturePolicyProvider instantiated with NativeHTTPDataLoader. 
2023-04-28 11:52:26,912  INFO | pool-2-thread-30 | e.e.esig.dss.xades.validation.XAdESCertificateSource    | +XAdESCertificateSource 
2023-04-28 11:52:26,875  INFO | pool-2-thread-19 | e.europa.esig.dss.validation.CommonCertificateVerifier  | + New CommonCertificateVerifier created. 
2023-04-28 11:52:26,914  INFO | pool-2-thread-40 | e.e.esig.dss.xades.validation.XAdESCertificateSource    | +XAdESCertificateSource 
2023-04-28 11:52:26,918  INFO | pool-2-thread-35 | e.europa.esig.dss.validation.CommonCertificateVerifier  | + New CommonCertificateVerifier created. 
2023-04-28 11:52:26,919  INFO | pool-2-thread-38 | e.europa.esig.dss.validation.CommonCertificateVerifier  | + New CommonCertificateVerifier created. 
2023-04-28 11:52:26,922  INFO | pool-2-thread-36 | eu.europa.esig.dss.spi.x509.revocation.ocsp.OCSPToken   | OCSP status is good 
2023-04-28 11:52:26,925  INFO | pool-2-thread-36 | eu.europa.esig.dss.validation.SignedDocumentValidator   | Default SignaturePolicyProvider instantiated with NativeHTTPDataLoader. 
2023-04-28 11:52:26,927  INFO | pool-2-thread-18 | e.europa.esig.dss.validation.CommonCertificateVerifier  | + New CommonCertificateVerifier created. 
2023-04-28 11:52:26,928  INFO | pool-2-thread-28 | eu.europa.esig.dss.spi.x509.revocation.ocsp.OCSPToken   | OCSP status is good 
2023-04-28 11:52:26,928  INFO | pool-2-thread-26 | eu.europa.esig.dss.validation.SignedDocumentValidator   | Default SignaturePolicyProvider instantiated with NativeHTTPDataLoader. 
2023-04-28 11:52:26,929  INFO | pool-2-thread-31 | e.e.esig.dss.xades.validation.XAdESCertificateSource    | +XAdESCertificateSource 
2023-04-28 11:52:26,930  INFO | pool-2-thread-28 | eu.europa.esig.dss.validation.SignedDocumentValidator   | Default SignaturePolicyProvider instantiated with NativeHTTPDataLoader. 
2023-04-28 11:52:26,939  WARN | pool-2-thread-24 | eu.europa.esig.dss.service.ocsp.OnlineOCSPSource        | No OCSP location found for C-FCBFEBCB6B78113DFD4C6CCFCBC2B1482992DF4C48E9DE1B3B7F16F33332BFCB 
2023-04-28 11:52:26,941  INFO | pool-2-thread-24 | e.e.e.d.spi.x509.revocation.RepositoryRevocationSource  | Revocation token for certificate with Id 'C-FCBFEBCB6B78113DFD4C6CCFCBC2B1482992DF4C48E9DE1B3B7F16F33332BFCB' has been loaded from the cache 
2023-04-28 11:52:26,903  INFO | pool-2-thread-29 | e.europa.esig.dss.validation.CommonCertificateVerifier  | + New CommonCertificateVerifier created. 
2023-04-28 11:52:26,941  INFO | pool-2-thread-13 | e.europa.esig.dss.validation.CommonCertificateVerifier  | + New CommonCertificateVerifier created. 
2023-04-28 11:52:26,943  INFO | pool-2-thread-15 | e.europa.esig.dss.validation.CommonCertificateVerifier  | + New CommonCertificateVerifier created. 
2023-04-28 11:52:26,945  INFO | pool-2-thread-24 | eu.europa.esig.dss.spi.x509.revocation.ocsp.OCSPToken   | OCSP status is good 
2023-04-28 11:52:26,971  INFO | pool-2-thread-24 | e.e.e.d.spi.x509.revocation.RepositoryRevocationSource  | Revocation token for certificate with Id 'C-96DB5CFA7ABACEB5C97C131CBBFB341DDD8E64FE68B587558AA8F082AB2670F2' has been loaded from the cache 
2023-04-28 11:52:26,971  INFO | pool-2-thread-4 | e.europa.esig.dss.validation.CommonCertificateVerifier  | + New CommonCertificateVerifier created. 
2023-04-28 11:52:26,949  INFO | pool-2-thread-7 | e.europa.esig.dss.validation.CommonCertificateVerifier  | + New CommonCertificateVerifier created. 
2023-04-28 11:52:26,972  INFO | pool-2-thread-24 | eu.europa.esig.dss.validation.SignedDocumentValidator   | Default SignaturePolicyProvider instantiated with NativeHTTPDataLoader. 
2023-04-28 11:52:26,958  INFO | pool-2-thread-3 | e.europa.esig.dss.validation.CommonCertificateVerifier  | + New CommonCertificateVerifier created. 
2023-04-28 11:52:26,958  INFO | pool-2-thread-2 | e.europa.esig.dss.validation.CommonCertificateVerifier  | + New CommonCertificateVerifier created. 
2023-04-28 11:52:26,981  INFO | pool-2-thread-37 | e.europa.esig.dss.validation.CommonCertificateVerifier  | + New CommonCertificateVerifier created. 
2023-04-28 11:52:26,987  INFO | pool-2-thread-2 | e.e.esig.dss.xades.validation.XAdESCertificateSource    | +XAdESCertificateSource 
2023-04-28 11:52:26,987  INFO | pool-2-thread-4 | eu.europa.esig.dss.spi.x509.revocation.ocsp.OCSPToken   | OCSP status is good 
2023-04-28 11:52:26,958  INFO | pool-2-thread-9 | e.e.esig.dss.xades.validation.XAdESCertificateSource    | +XAdESCertificateSource 
2023-04-28 11:52:26,990  INFO | pool-2-thread-4 | eu.europa.esig.dss.validation.SignedDocumentValidator   | Default SignaturePolicyProvider instantiated with NativeHTTPDataLoader. 
2023-04-28 11:52:26,990  INFO | pool-2-thread-3 | eu.europa.esig.dss.spi.x509.revocation.ocsp.OCSPToken   | OCSP status is good 
2023-04-28 11:52:26,991  INFO | pool-2-thread-38 | eu.europa.esig.dss.spi.x509.revocation.ocsp.OCSPToken   | OCSP status is good 
2023-04-28 11:52:26,993  INFO | pool-2-thread-3 | eu.europa.esig.dss.validation.SignedDocumentValidator   | Default SignaturePolicyProvider instantiated with NativeHTTPDataLoader. 
2023-04-28 11:52:26,993  WARN | pool-2-thread-13 | eu.europa.esig.dss.service.ocsp.OnlineOCSPSource        | No OCSP location found for C-FCBFEBCB6B78113DFD4C6CCFCBC2B1482992DF4C48E9DE1B3B7F16F33332BFCB 
2023-04-28 11:52:26,995  INFO | pool-2-thread-13 | e.e.e.d.spi.x509.revocation.RepositoryRevocationSource  | Revocation token for certificate with Id 'C-FCBFEBCB6B78113DFD4C6CCFCBC2B1482992DF4C48E9DE1B3B7F16F33332BFCB' has been loaded from the cache 
2023-04-28 11:52:26,995  INFO | pool-2-thread-15 | e.e.esig.dss.xades.validation.XAdESCertificateSource    | +XAdESCertificateSource 
2023-04-28 11:52:26,962  WARN | pool-2-thread-35 | eu.europa.esig.dss.service.ocsp.OnlineOCSPSource        | No OCSP location found for C-FCBFEBCB6B78113DFD4C6CCFCBC2B1482992DF4C48E9DE1B3B7F16F33332BFCB 
2023-04-28 11:52:26,997  INFO | pool-2-thread-13 | eu.europa.esig.dss.spi.x509.revocation.ocsp.OCSPToken   | OCSP status is good 
2023-04-28 11:52:26,963  INFO | pool-2-thread-12 | e.europa.esig.dss.validation.CommonCertificateVerifier  | + New CommonCertificateVerifier created. 
2023-04-28 11:52:26,966  INFO | pool-2-thread-11 | e.europa.esig.dss.validation.CommonCertificateVerifier  | + New CommonCertificateVerifier created. 
2023-04-28 11:52:27,001  INFO | pool-2-thread-29 | e.e.esig.dss.xades.validation.XAdESCertificateSource    | +XAdESCertificateSource 
2023-04-28 11:52:26,966  WARN | pool-2-thread-19 | eu.europa.esig.dss.service.ocsp.OnlineOCSPSource        | No OCSP location found for C-FCBFEBCB6B78113DFD4C6CCFCBC2B1482992DF4C48E9DE1B3B7F16F33332BFCB 
2023-04-28 11:52:27,001  INFO | pool-2-thread-5 | e.europa.esig.dss.validation.CommonCertificateVerifier  | + New CommonCertificateVerifier created. 
2023-04-28 11:52:27,002  INFO | pool-2-thread-19 | e.e.e.d.spi.x509.revocation.RepositoryRevocationSource  | Revocation token for certificate with Id 'C-FCBFEBCB6B78113DFD4C6CCFCBC2B1482992DF4C48E9DE1B3B7F16F33332BFCB' has been loaded from the cache 
2023-04-28 11:52:27,003  INFO | pool-2-thread-16 | eu.europa.esig.dss.validation.SignedDocumentValidator   | Document validation... 
2023-04-28 11:52:27,003  INFO | pool-2-thread-22 | e.europa.esig.dss.validation.CommonCertificateVerifier  | + New CommonCertificateVerifier created. 
2023-04-28 11:52:26,966  INFO | pool-2-thread-1 | eu.europa.esig.dss.spi.x509.revocation.ocsp.OCSPToken   | OCSP status is good 
2023-04-28 11:52:27,004  INFO | pool-2-thread-19 | eu.europa.esig.dss.spi.x509.revocation.ocsp.OCSPToken   | OCSP status is good 
2023-04-28 11:52:27,005  INFO | pool-2-thread-19 | e.e.e.d.spi.x509.revocation.RepositoryRevocationSource  | Revocation token for certificate with Id 'C-96DB5CFA7ABACEB5C97C131CBBFB341DDD8E64FE68B587558AA8F082AB2670F2' has been loaded from the cache 
2023-04-28 11:52:27,006  INFO | pool-2-thread-14 | e.europa.esig.dss.validation.CommonCertificateVerifier  | + New CommonCertificateVerifier created. 
2023-04-28 11:52:27,007  INFO | pool-2-thread-19 | eu.europa.esig.dss.validation.SignedDocumentValidator   | Default SignaturePolicyProvider instantiated with NativeHTTPDataLoader. 
2023-04-28 11:52:27,008  INFO | pool-2-thread-39 | eu.europa.esig.dss.validation.SignedDocumentValidator   | Document validation... 
2023-04-28 11:52:26,967  INFO | pool-2-thread-8 | e.europa.esig.dss.validation.CommonCertificateVerifier  | + New CommonCertificateVerifier created. 
2023-04-28 11:52:26,981  INFO | pool-2-thread-7 | eu.europa.esig.dss.spi.x509.revocation.ocsp.OCSPToken   | OCSP status is good 
2023-04-28 11:52:27,012  INFO | pool-2-thread-7 | eu.europa.esig.dss.validation.SignedDocumentValidator   | Default SignaturePolicyProvider instantiated with NativeHTTPDataLoader. 
2023-04-28 11:52:27,013  INFO | pool-2-thread-30 | e.europa.esig.dss.validation.CommonCertificateVerifier  | + New CommonCertificateVerifier created. 
2023-04-28 11:52:27,015  INFO | pool-2-thread-11 | eu.europa.esig.dss.spi.x509.revocation.ocsp.OCSPToken   | OCSP status is good 
2023-04-28 11:52:27,016  INFO | pool-2-thread-12 | eu.europa.esig.dss.spi.x509.revocation.ocsp.OCSPToken   | OCSP status is good 
2023-04-28 11:52:26,993  INFO | pool-2-thread-38 | eu.europa.esig.dss.validation.SignedDocumentValidator   | Default SignaturePolicyProvider instantiated with NativeHTTPDataLoader. 
2023-04-28 11:52:26,997  INFO | pool-2-thread-13 | e.e.e.d.spi.x509.revocation.RepositoryRevocationSource  | Revocation token for certificate with Id 'C-96DB5CFA7ABACEB5C97C131CBBFB341DDD8E64FE68B587558AA8F082AB2670F2' has been loaded from the cache 
2023-04-28 11:52:27,017  INFO | pool-2-thread-11 | eu.europa.esig.dss.validation.SignedDocumentValidator   | Default SignaturePolicyProvider instantiated with NativeHTTPDataLoader. 
2023-04-28 11:52:27,017  INFO | pool-2-thread-18 | e.e.esig.dss.xades.validation.XAdESCertificateSource    | +XAdESCertificateSource 
2023-04-28 11:52:27,018  INFO | pool-2-thread-13 | eu.europa.esig.dss.validation.SignedDocumentValidator   | Default SignaturePolicyProvider instantiated with NativeHTTPDataLoader. 
2023-04-28 11:52:27,018  INFO | pool-2-thread-12 | eu.europa.esig.dss.validation.SignedDocumentValidator   | Default SignaturePolicyProvider instantiated with NativeHTTPDataLoader. 
2023-04-28 11:52:27,019  INFO | pool-2-thread-20 | e.europa.esig.dss.validation.CommonCertificateVerifier  | + New CommonCertificateVerifier created. 
2023-04-28 11:52:27,020  INFO | pool-2-thread-17 | e.europa.esig.dss.validation.CommonCertificateVerifier  | + New CommonCertificateVerifier created. 
2023-04-28 11:52:27,022  WARN | pool-2-thread-37 | eu.europa.esig.dss.service.ocsp.OnlineOCSPSource        | No OCSP location found for C-FCBFEBCB6B78113DFD4C6CCFCBC2B1482992DF4C48E9DE1B3B7F16F33332BFCB 
2023-04-28 11:52:26,998  INFO | pool-2-thread-35 | e.e.e.d.spi.x509.revocation.RepositoryRevocationSource  | Revocation token for certificate with Id 'C-FCBFEBCB6B78113DFD4C6CCFCBC2B1482992DF4C48E9DE1B3B7F16F33332BFCB' has been loaded from the cache 
2023-04-28 11:52:27,006  INFO | pool-2-thread-1 | eu.europa.esig.dss.validation.SignedDocumentValidator   | Default SignaturePolicyProvider instantiated with NativeHTTPDataLoader. 
2023-04-28 11:52:27,024  INFO | pool-2-thread-37 | e.e.e.d.spi.x509.revocation.RepositoryRevocationSource  | Revocation token for certificate with Id 'C-FCBFEBCB6B78113DFD4C6CCFCBC2B1482992DF4C48E9DE1B3B7F16F33332BFCB' has been loaded from the cache 
2023-04-28 11:52:27,025  INFO | pool-2-thread-35 | eu.europa.esig.dss.spi.x509.revocation.ocsp.OCSPToken   | OCSP status is good 
2023-04-28 11:52:27,025  INFO | pool-2-thread-37 | eu.europa.esig.dss.spi.x509.revocation.ocsp.OCSPToken   | OCSP status is good 
2023-04-28 11:52:27,025  INFO | pool-2-thread-35 | e.e.e.d.spi.x509.revocation.RepositoryRevocationSource  | Revocation token for certificate with Id 'C-96DB5CFA7ABACEB5C97C131CBBFB341DDD8E64FE68B587558AA8F082AB2670F2' has been loaded from the cache 
2023-04-28 11:52:27,026  INFO | pool-2-thread-37 | e.e.e.d.spi.x509.revocation.RepositoryRevocationSource  | Revocation token for certificate with Id 'C-96DB5CFA7ABACEB5C97C131CBBFB341DDD8E64FE68B587558AA8F082AB2670F2' has been loaded from the cache 
2023-04-28 11:52:27,026  WARN | pool-2-thread-14 | eu.europa.esig.dss.service.ocsp.OnlineOCSPSource        | No OCSP location found for C-FCBFEBCB6B78113DFD4C6CCFCBC2B1482992DF4C48E9DE1B3B7F16F33332BFCB 
2023-04-28 11:52:27,027  INFO | pool-2-thread-8 | eu.europa.esig.dss.spi.x509.revocation.ocsp.OCSPToken   | OCSP status is good 
2023-04-28 11:52:27,027  INFO | pool-2-thread-14 | e.e.e.d.spi.x509.revocation.RepositoryRevocationSource  | Revocation token for certificate with Id 'C-FCBFEBCB6B78113DFD4C6CCFCBC2B1482992DF4C48E9DE1B3B7F16F33332BFCB' has been loaded from the cache 
2023-04-28 11:52:27,027  INFO | pool-2-thread-37 | eu.europa.esig.dss.validation.SignedDocumentValidator   | Default SignaturePolicyProvider instantiated with NativeHTTPDataLoader. 
2023-04-28 11:52:27,028  INFO | pool-2-thread-35 | eu.europa.esig.dss.validation.SignedDocumentValidator   | Default SignaturePolicyProvider instantiated with NativeHTTPDataLoader. 
2023-04-28 11:52:27,030  INFO | pool-2-thread-14 | eu.europa.esig.dss.spi.x509.revocation.ocsp.OCSPToken   | OCSP status is good 
2023-04-28 11:52:27,027  INFO | pool-2-thread-22 | eu.europa.esig.dss.spi.x509.revocation.ocsp.OCSPToken   | OCSP status is good 
2023-04-28 11:52:27,030  INFO | pool-2-thread-8 | eu.europa.esig.dss.validation.SignedDocumentValidator   | Default SignaturePolicyProvider instantiated with NativeHTTPDataLoader. 
2023-04-28 11:52:27,031  INFO | pool-2-thread-14 | e.e.e.d.spi.x509.revocation.RepositoryRevocationSource  | Revocation token for certificate with Id 'C-96DB5CFA7ABACEB5C97C131CBBFB341DDD8E64FE68B587558AA8F082AB2670F2' has been loaded from the cache 
2023-04-28 11:52:27,031  WARN | pool-2-thread-5 | eu.europa.esig.dss.service.ocsp.OnlineOCSPSource        | No OCSP location found for C-FCBFEBCB6B78113DFD4C6CCFCBC2B1482992DF4C48E9DE1B3B7F16F33332BFCB 
2023-04-28 11:52:27,033  INFO | pool-2-thread-22 | eu.europa.esig.dss.validation.SignedDocumentValidator   | Default SignaturePolicyProvider instantiated with NativeHTTPDataLoader. 
2023-04-28 11:52:27,033  INFO | pool-2-thread-14 | eu.europa.esig.dss.validation.SignedDocumentValidator   | Default SignaturePolicyProvider instantiated with NativeHTTPDataLoader. 
2023-04-28 11:52:27,034  INFO | pool-2-thread-5 | e.e.e.d.spi.x509.revocation.RepositoryRevocationSource  | Revocation token for certificate with Id 'C-FCBFEBCB6B78113DFD4C6CCFCBC2B1482992DF4C48E9DE1B3B7F16F33332BFCB' has been loaded from the cache 
2023-04-28 11:52:27,037  INFO | pool-2-thread-5 | eu.europa.esig.dss.spi.x509.revocation.ocsp.OCSPToken   | OCSP status is good 
2023-04-28 11:52:27,038  INFO | pool-2-thread-5 | e.e.e.d.spi.x509.revocation.RepositoryRevocationSource  | Revocation token for certificate with Id 'C-96DB5CFA7ABACEB5C97C131CBBFB341DDD8E64FE68B587558AA8F082AB2670F2' has been loaded from the cache 
2023-04-28 11:52:27,040  INFO | pool-2-thread-5 | eu.europa.esig.dss.validation.SignedDocumentValidator   | Default SignaturePolicyProvider instantiated with NativeHTTPDataLoader. 
2023-04-28 11:52:27,042  WARN | pool-2-thread-20 | eu.europa.esig.dss.service.ocsp.OnlineOCSPSource        | No OCSP location found for C-FCBFEBCB6B78113DFD4C6CCFCBC2B1482992DF4C48E9DE1B3B7F16F33332BFCB 
2023-04-28 11:52:27,044  INFO | pool-2-thread-17 | e.e.esig.dss.xades.validation.XAdESCertificateSource    | +XAdESCertificateSource 
2023-04-28 11:52:27,045  INFO | pool-2-thread-20 | e.e.e.d.spi.x509.revocation.RepositoryRevocationSource  | Revocation token for certificate with Id 'C-FCBFEBCB6B78113DFD4C6CCFCBC2B1482992DF4C48E9DE1B3B7F16F33332BFCB' has been loaded from the cache 
2023-04-28 11:52:27,045  INFO | pool-2-thread-16 | e.europa.esig.dss.validation.CommonCertificateVerifier  | + New CommonCertificateVerifier created. 
2023-04-28 11:52:27,046  INFO | pool-2-thread-20 | eu.europa.esig.dss.spi.x509.revocation.ocsp.OCSPToken   | OCSP status is good 
2023-04-28 11:52:27,047  INFO | pool-2-thread-30 | eu.europa.esig.dss.spi.x509.revocation.ocsp.OCSPToken   | OCSP status is good 
2023-04-28 11:52:27,050  INFO | pool-2-thread-30 | eu.europa.esig.dss.validation.SignedDocumentValidator   | Default SignaturePolicyProvider instantiated with NativeHTTPDataLoader. 
2023-04-28 11:52:27,050  INFO | pool-2-thread-40 | e.europa.esig.dss.validation.CommonCertificateVerifier  | + New CommonCertificateVerifier created. 
2023-04-28 11:52:27,047  INFO | pool-2-thread-20 | e.e.e.d.spi.x509.revocation.RepositoryRevocationSource  | Revocation token for certificate with Id 'C-96DB5CFA7ABACEB5C97C131CBBFB341DDD8E64FE68B587558AA8F082AB2670F2' has been loaded from the cache 
2023-04-28 11:52:27,053  INFO | pool-2-thread-16 | e.e.esig.dss.xades.validation.XAdESCertificateSource    | +XAdESCertificateSource 
2023-04-28 11:52:27,053  INFO | pool-2-thread-39 | e.europa.esig.dss.validation.CommonCertificateVerifier  | + New CommonCertificateVerifier created. 
2023-04-28 11:52:27,055  INFO | pool-2-thread-20 | eu.europa.esig.dss.validation.SignedDocumentValidator   | Default SignaturePolicyProvider instantiated with NativeHTTPDataLoader. 
2023-04-28 11:52:27,056  WARN | pool-2-thread-40 | eu.europa.esig.dss.service.ocsp.OnlineOCSPSource        | No OCSP location found for C-FCBFEBCB6B78113DFD4C6CCFCBC2B1482992DF4C48E9DE1B3B7F16F33332BFCB 
2023-04-28 11:52:27,058  INFO | pool-2-thread-40 | e.e.e.d.spi.x509.revocation.RepositoryRevocationSource  | Revocation token for certificate with Id 'C-FCBFEBCB6B78113DFD4C6CCFCBC2B1482992DF4C48E9DE1B3B7F16F33332BFCB' has been loaded from the cache 
2023-04-28 11:52:27,060  INFO | pool-2-thread-23 | eu.europa.esig.dss.validation.SignedDocumentValidator   | Document validation... 
2023-04-28 11:52:27,061  INFO | pool-2-thread-40 | eu.europa.esig.dss.spi.x509.revocation.ocsp.OCSPToken   | OCSP status is good 
2023-04-28 11:52:27,062  INFO | pool-2-thread-31 | e.europa.esig.dss.validation.CommonCertificateVerifier  | + New CommonCertificateVerifier created. 
2023-04-28 11:52:27,062  INFO | pool-2-thread-39 | e.e.esig.dss.xades.validation.XAdESCertificateSource    | +XAdESCertificateSource 
2023-04-28 11:52:27,062  INFO | pool-2-thread-40 | e.e.e.d.spi.x509.revocation.RepositoryRevocationSource  | Revocation token for certificate with Id 'C-96DB5CFA7ABACEB5C97C131CBBFB341DDD8E64FE68B587558AA8F082AB2670F2' has been loaded from the cache 
2023-04-28 11:52:27,062  INFO | pool-2-thread-27 | eu.europa.esig.dss.validation.SignedDocumentValidator   | Document validation... 
2023-04-28 11:52:27,064  INFO | pool-2-thread-40 | eu.europa.esig.dss.validation.SignedDocumentValidator   | Default SignaturePolicyProvider instantiated with NativeHTTPDataLoader. 
2023-04-28 11:52:27,067  WARN | pool-2-thread-31 | eu.europa.esig.dss.service.ocsp.OnlineOCSPSource        | No OCSP location found for C-FCBFEBCB6B78113DFD4C6CCFCBC2B1482992DF4C48E9DE1B3B7F16F33332BFCB 
2023-04-28 11:52:27,070  INFO | pool-2-thread-31 | e.e.e.d.spi.x509.revocation.RepositoryRevocationSource  | Revocation token for certificate with Id 'C-FCBFEBCB6B78113DFD4C6CCFCBC2B1482992DF4C48E9DE1B3B7F16F33332BFCB' has been loaded from the cache 
2023-04-28 11:52:27,074  INFO | pool-2-thread-31 | eu.europa.esig.dss.spi.x509.revocation.ocsp.OCSPToken   | OCSP status is good 
2023-04-28 11:52:27,076  INFO | pool-2-thread-31 | e.e.e.d.spi.x509.revocation.RepositoryRevocationSource  | Revocation token for certificate with Id 'C-96DB5CFA7ABACEB5C97C131CBBFB341DDD8E64FE68B587558AA8F082AB2670F2' has been loaded from the cache 
2023-04-28 11:52:27,078  INFO | pool-2-thread-31 | eu.europa.esig.dss.validation.SignedDocumentValidator   | Default SignaturePolicyProvider instantiated with NativeHTTPDataLoader. 
2023-04-28 11:52:27,125  INFO | pool-2-thread-19 | eu.europa.esig.dss.validation.SignedDocumentValidator   | Document validation... 
2023-04-28 11:52:27,126  INFO | pool-2-thread-15 | e.europa.esig.dss.validation.CommonCertificateVerifier  | + New CommonCertificateVerifier created. 
2023-04-28 11:52:27,126  INFO | pool-2-thread-39 | e.europa.esig.dss.validation.CommonCertificateVerifier  | + New CommonCertificateVerifier created. 
2023-04-28 11:52:27,130  INFO | pool-2-thread-15 | eu.europa.esig.dss.spi.x509.revocation.ocsp.OCSPToken   | OCSP status is good 
2023-04-28 11:52:27,130  WARN | pool-2-thread-39 | eu.europa.esig.dss.service.ocsp.OnlineOCSPSource        | No OCSP location found for C-FCBFEBCB6B78113DFD4C6CCFCBC2B1482992DF4C48E9DE1B3B7F16F33332BFCB 
2023-04-28 11:52:27,131  INFO | pool-2-thread-34 | eu.europa.esig.dss.validation.SignedDocumentValidator   | Document validation... 
2023-04-28 11:52:27,131  INFO | pool-2-thread-39 | e.e.e.d.spi.x509.revocation.RepositoryRevocationSource  | Revocation token for certificate with Id 'C-FCBFEBCB6B78113DFD4C6CCFCBC2B1482992DF4C48E9DE1B3B7F16F33332BFCB' has been loaded from the cache 
2023-04-28 11:52:27,132  INFO | pool-2-thread-15 | eu.europa.esig.dss.validation.SignedDocumentValidator   | Default SignaturePolicyProvider instantiated with NativeHTTPDataLoader. 
2023-04-28 11:52:27,134  INFO | pool-2-thread-39 | eu.europa.esig.dss.spi.x509.revocation.ocsp.OCSPToken   | OCSP status is good 
2023-04-28 11:52:27,135  INFO | pool-2-thread-39 | e.e.e.d.spi.x509.revocation.RepositoryRevocationSource  | Revocation token for certificate with Id 'C-96DB5CFA7ABACEB5C97C131CBBFB341DDD8E64FE68B587558AA8F082AB2670F2' has been loaded from the cache 
2023-04-28 11:52:27,137  INFO | pool-2-thread-39 | eu.europa.esig.dss.validation.SignedDocumentValidator   | Default SignaturePolicyProvider instantiated with NativeHTTPDataLoader. 
2023-04-28 11:52:27,137  INFO | pool-2-thread-23 | e.europa.esig.dss.validation.CommonCertificateVerifier  | + New CommonCertificateVerifier created. 
2023-04-28 11:52:27,142  INFO | pool-2-thread-2 | e.europa.esig.dss.validation.CommonCertificateVerifier  | + New CommonCertificateVerifier created. 
2023-04-28 11:52:27,148  INFO | pool-2-thread-21 | eu.europa.esig.dss.validation.SignedDocumentValidator   | Document validation... 
2023-04-28 11:52:27,151  INFO | pool-2-thread-27 | e.europa.esig.dss.validation.CommonCertificateVerifier  | + New CommonCertificateVerifier created. 
2023-04-28 11:52:27,152  INFO | pool-2-thread-2 | eu.europa.esig.dss.spi.x509.revocation.ocsp.OCSPToken   | OCSP status is good 
2023-04-28 11:52:27,153  INFO | pool-2-thread-36 | eu.europa.esig.dss.validation.SignedDocumentValidator   | Document validation... 
2023-04-28 11:52:27,153  INFO | pool-2-thread-16 | e.europa.esig.dss.validation.CommonCertificateVerifier  | + New CommonCertificateVerifier created. 
2023-04-28 11:52:27,154  INFO | pool-2-thread-2 | eu.europa.esig.dss.validation.SignedDocumentValidator   | Default SignaturePolicyProvider instantiated with NativeHTTPDataLoader. 
2023-04-28 11:52:27,158  INFO | pool-2-thread-27 | e.e.esig.dss.xades.validation.XAdESCertificateSource    | +XAdESCertificateSource 
2023-04-28 11:52:27,158  INFO | pool-2-thread-16 | eu.europa.esig.dss.spi.x509.revocation.ocsp.OCSPToken   | OCSP status is good 
2023-04-28 11:52:27,160  INFO | pool-2-thread-16 | eu.europa.esig.dss.validation.SignedDocumentValidator   | Default SignaturePolicyProvider instantiated with NativeHTTPDataLoader. 
2023-04-28 11:52:27,168  INFO | pool-2-thread-24 | eu.europa.esig.dss.validation.SignedDocumentValidator   | Document validation... 
2023-04-28 11:52:27,173  INFO | pool-2-thread-18 | e.europa.esig.dss.validation.CommonCertificateVerifier  | + New CommonCertificateVerifier created. 
2023-04-28 11:52:27,147  INFO | pool-2-thread-23 | e.e.esig.dss.xades.validation.XAdESCertificateSource    | +XAdESCertificateSource 
2023-04-28 11:52:27,175  INFO | pool-2-thread-17 | e.europa.esig.dss.validation.CommonCertificateVerifier  | + New CommonCertificateVerifier created. 
2023-04-28 11:52:27,177  INFO | pool-2-thread-25 | eu.europa.esig.dss.validation.SignedDocumentValidator   | Document validation... 
2023-04-28 11:52:27,178  INFO | pool-2-thread-32 | eu.europa.esig.dss.validation.SignedDocumentValidator   | Document validation... 
2023-04-28 11:52:27,180  INFO | pool-2-thread-9 | e.europa.esig.dss.validation.CommonCertificateVerifier  | + New CommonCertificateVerifier created. 
2023-04-28 11:52:27,186  INFO | pool-2-thread-6 | eu.europa.esig.dss.validation.SignedDocumentValidator   | Document validation... 
2023-04-28 11:52:27,149  INFO | pool-2-thread-29 | e.europa.esig.dss.validation.CommonCertificateVerifier  | + New CommonCertificateVerifier created. 
2023-04-28 11:52:27,209  INFO | pool-2-thread-10 | eu.europa.esig.dss.validation.SignedDocumentValidator   | Document validation... 
2023-04-28 11:52:27,213  INFO | pool-2-thread-3 | eu.europa.esig.dss.validation.SignedDocumentValidator   | Document validation... 
2023-04-28 11:52:27,216  WARN | pool-2-thread-29 | eu.europa.esig.dss.service.ocsp.OnlineOCSPSource        | No OCSP location found for C-FCBFEBCB6B78113DFD4C6CCFCBC2B1482992DF4C48E9DE1B3B7F16F33332BFCB 
2023-04-28 11:52:27,217  INFO | pool-2-thread-29 | e.e.e.d.spi.x509.revocation.RepositoryRevocationSource  | Revocation token for certificate with Id 'C-FCBFEBCB6B78113DFD4C6CCFCBC2B1482992DF4C48E9DE1B3B7F16F33332BFCB' has been loaded from the cache 
2023-04-28 11:52:27,219  INFO | pool-2-thread-39 | eu.europa.esig.dss.validation.SignedDocumentValidator   | Document validation... 
2023-04-28 11:52:27,220  INFO | pool-2-thread-29 | eu.europa.esig.dss.spi.x509.revocation.ocsp.OCSPToken   | OCSP status is good 
2023-04-28 11:52:27,220  INFO | pool-2-thread-34 | e.europa.esig.dss.validation.CommonCertificateVerifier  | + New CommonCertificateVerifier created. 
2023-04-28 11:52:27,220  INFO | pool-2-thread-21 | e.europa.esig.dss.validation.CommonCertificateVerifier  | + New CommonCertificateVerifier created. 
2023-04-28 11:52:27,220  INFO | pool-2-thread-29 | e.e.e.d.spi.x509.revocation.RepositoryRevocationSource  | Revocation token for certificate with Id 'C-96DB5CFA7ABACEB5C97C131CBBFB341DDD8E64FE68B587558AA8F082AB2670F2' has been loaded from the cache 
2023-04-28 11:52:27,221  INFO | pool-2-thread-27 | e.europa.esig.dss.validation.CommonCertificateVerifier  | + New CommonCertificateVerifier created. 
2023-04-28 11:52:27,222  INFO | pool-2-thread-29 | eu.europa.esig.dss.validation.SignedDocumentValidator   | Default SignaturePolicyProvider instantiated with NativeHTTPDataLoader. 
2023-04-28 11:52:27,223  INFO | pool-2-thread-36 | e.europa.esig.dss.validation.CommonCertificateVerifier  | + New CommonCertificateVerifier created. 
2023-04-28 11:52:27,225  INFO | pool-2-thread-12 | eu.europa.esig.dss.validation.SignedDocumentValidator   | Document validation... 
2023-04-28 11:52:27,227  INFO | pool-2-thread-10 | e.europa.esig.dss.validation.CommonCertificateVerifier  | + New CommonCertificateVerifier created. 
2023-04-28 11:52:27,228  INFO | pool-2-thread-34 | e.e.esig.dss.xades.validation.XAdESCertificateSource    | +XAdESCertificateSource 
2023-04-28 11:52:27,229  INFO | pool-2-thread-35 | eu.europa.esig.dss.validation.SignedDocumentValidator   | Document validation... 
2023-04-28 11:52:27,229  INFO | pool-2-thread-24 | e.europa.esig.dss.validation.CommonCertificateVerifier  | + New CommonCertificateVerifier created. 
2023-04-28 11:52:27,230  INFO | pool-2-thread-28 | eu.europa.esig.dss.validation.SignedDocumentValidator   | Document validation... 
2023-04-28 11:52:27,234  INFO | pool-2-thread-19 | e.europa.esig.dss.validation.CommonCertificateVerifier  | + New CommonCertificateVerifier created. 
2023-04-28 11:52:27,235  INFO | pool-2-thread-6 | e.europa.esig.dss.validation.CommonCertificateVerifier  | + New CommonCertificateVerifier created. 
2023-04-28 11:52:27,235  WARN | pool-2-thread-27 | eu.europa.esig.dss.service.ocsp.OnlineOCSPSource        | No OCSP location found for C-FCBFEBCB6B78113DFD4C6CCFCBC2B1482992DF4C48E9DE1B3B7F16F33332BFCB 
2023-04-28 11:52:27,236  INFO | pool-2-thread-40 | eu.europa.esig.dss.validation.SignedDocumentValidator   | Document validation... 
2023-04-28 11:52:27,236  INFO | pool-2-thread-27 | e.e.e.d.spi.x509.revocation.RepositoryRevocationSource  | Revocation token for certificate with Id 'C-FCBFEBCB6B78113DFD4C6CCFCBC2B1482992DF4C48E9DE1B3B7F16F33332BFCB' has been loaded from the cache 
2023-04-28 11:52:27,238  INFO | pool-2-thread-27 | eu.europa.esig.dss.spi.x509.revocation.ocsp.OCSPToken   | OCSP status is good 
2023-04-28 11:52:27,239  INFO | pool-2-thread-30 | eu.europa.esig.dss.validation.SignedDocumentValidator   | Document validation... 
2023-04-28 11:52:27,239  INFO | pool-2-thread-27 | e.e.e.d.spi.x509.revocation.RepositoryRevocationSource  | Revocation token for certificate with Id 'C-96DB5CFA7ABACEB5C97C131CBBFB341DDD8E64FE68B587558AA8F082AB2670F2' has been loaded from the cache 
2023-04-28 11:52:27,240  INFO | pool-2-thread-21 | e.e.esig.dss.xades.validation.XAdESCertificateSource    | +XAdESCertificateSource 
2023-04-28 11:52:27,241  INFO | pool-2-thread-27 | eu.europa.esig.dss.validation.SignedDocumentValidator   | Default SignaturePolicyProvider instantiated with NativeHTTPDataLoader. 
2023-04-28 11:52:27,248  INFO | pool-2-thread-36 | e.e.esig.dss.xades.validation.XAdESCertificateSource    | +XAdESCertificateSource 
2023-04-28 11:52:27,259  INFO | pool-2-thread-12 | e.europa.esig.dss.validation.CommonCertificateVerifier  | + New CommonCertificateVerifier created. 
2023-04-28 11:52:27,259  INFO | pool-2-thread-10 | e.e.esig.dss.xades.validation.XAdESCertificateSource    | +XAdESCertificateSource 
2023-04-28 11:52:27,262  INFO | pool-2-thread-24 | e.e.esig.dss.xades.validation.XAdESCertificateSource    | +XAdESCertificateSource 
2023-04-28 11:52:27,264  WARN | pool-2-thread-17 | eu.europa.esig.dss.service.ocsp.OnlineOCSPSource        | No OCSP location found for C-FCBFEBCB6B78113DFD4C6CCFCBC2B1482992DF4C48E9DE1B3B7F16F33332BFCB 
2023-04-28 11:52:27,268  INFO | pool-2-thread-17 | e.e.e.d.spi.x509.revocation.RepositoryRevocationSource  | Revocation token for certificate with Id 'C-FCBFEBCB6B78113DFD4C6CCFCBC2B1482992DF4C48E9DE1B3B7F16F33332BFCB' has been loaded from the cache 
2023-04-28 11:52:27,272  INFO | pool-2-thread-17 | eu.europa.esig.dss.spi.x509.revocation.ocsp.OCSPToken   | OCSP status is good 
2023-04-28 11:52:27,273  INFO | pool-2-thread-17 | e.e.e.d.spi.x509.revocation.RepositoryRevocationSource  | Revocation token for certificate with Id 'C-96DB5CFA7ABACEB5C97C131CBBFB341DDD8E64FE68B587558AA8F082AB2670F2' has been loaded from the cache 
2023-04-28 11:52:27,272  INFO | pool-2-thread-6 | e.e.esig.dss.xades.validation.XAdESCertificateSource    | +XAdESCertificateSource 
2023-04-28 11:52:27,273  INFO | pool-2-thread-39 | e.europa.esig.dss.validation.CommonCertificateVerifier  | + New CommonCertificateVerifier created. 
2023-04-28 11:52:27,274  INFO | pool-2-thread-19 | e.e.esig.dss.xades.validation.XAdESCertificateSource    | +XAdESCertificateSource 
2023-04-28 11:52:27,275  INFO | pool-2-thread-35 | e.europa.esig.dss.validation.CommonCertificateVerifier  | + New CommonCertificateVerifier created. 
2023-04-28 11:52:27,275  INFO | pool-2-thread-40 | e.europa.esig.dss.validation.CommonCertificateVerifier  | + New CommonCertificateVerifier created. 
2023-04-28 11:52:27,275  INFO | pool-2-thread-33 | eu.europa.esig.dss.validation.SignedDocumentValidator   | Document validation... 
2023-04-28 11:52:27,275  INFO | pool-2-thread-17 | eu.europa.esig.dss.validation.SignedDocumentValidator   | Default SignaturePolicyProvider instantiated with NativeHTTPDataLoader. 
2023-04-28 11:52:27,277  INFO | pool-2-thread-3 | e.europa.esig.dss.validation.CommonCertificateVerifier  | + New CommonCertificateVerifier created. 
2023-04-28 11:52:27,278  INFO | pool-2-thread-26 | eu.europa.esig.dss.validation.SignedDocumentValidator   | Document validation... 
2023-04-28 11:52:27,281  INFO | pool-2-thread-28 | e.europa.esig.dss.validation.CommonCertificateVerifier  | + New CommonCertificateVerifier created. 
2023-04-28 11:52:27,285  INFO | pool-2-thread-18 | eu.europa.esig.dss.spi.x509.revocation.ocsp.OCSPToken   | OCSP status is good 
2023-04-28 11:52:27,288  INFO | pool-2-thread-39 | e.e.esig.dss.xades.validation.XAdESCertificateSource    | +XAdESCertificateSource 
2023-04-28 11:52:27,289  INFO | pool-2-thread-18 | eu.europa.esig.dss.validation.SignedDocumentValidator   | Default SignaturePolicyProvider instantiated with NativeHTTPDataLoader. 
2023-04-28 11:52:27,292  WARN | pool-2-thread-9 | eu.europa.esig.dss.service.ocsp.OnlineOCSPSource        | No OCSP location found for C-FCBFEBCB6B78113DFD4C6CCFCBC2B1482992DF4C48E9DE1B3B7F16F33332BFCB 
2023-04-28 11:52:27,294  INFO | pool-2-thread-9 | e.e.e.d.spi.x509.revocation.RepositoryRevocationSource  | Revocation token for certificate with Id 'C-FCBFEBCB6B78113DFD4C6CCFCBC2B1482992DF4C48E9DE1B3B7F16F33332BFCB' has been loaded from the cache 
2023-04-28 11:52:27,295  INFO | pool-2-thread-40 | e.e.esig.dss.xades.validation.XAdESCertificateSource    | +XAdESCertificateSource 
2023-04-28 11:52:27,305  INFO | pool-2-thread-9 | eu.europa.esig.dss.spi.x509.revocation.ocsp.OCSPToken   | OCSP status is good 
2023-04-28 11:52:27,305  INFO | pool-2-thread-28 | e.e.esig.dss.xades.validation.XAdESCertificateSource    | +XAdESCertificateSource 
2023-04-28 11:52:27,306  INFO | pool-2-thread-9 | e.e.e.d.spi.x509.revocation.RepositoryRevocationSource  | Revocation token for certificate with Id 'C-96DB5CFA7ABACEB5C97C131CBBFB341DDD8E64FE68B587558AA8F082AB2670F2' has been loaded from the cache 
2023-04-28 11:52:27,308  INFO | pool-2-thread-3 | e.e.esig.dss.xades.validation.XAdESCertificateSource    | +XAdESCertificateSource 
2023-04-28 11:52:27,308  INFO | pool-2-thread-9 | eu.europa.esig.dss.validation.SignedDocumentValidator   | Default SignaturePolicyProvider instantiated with NativeHTTPDataLoader. 
2023-04-28 11:52:27,309  INFO | pool-2-thread-35 | e.e.esig.dss.xades.validation.XAdESCertificateSource    | +XAdESCertificateSource 
2023-04-28 11:52:27,318  INFO | pool-2-thread-33 | e.europa.esig.dss.validation.CommonCertificateVerifier  | + New CommonCertificateVerifier created. 
2023-04-28 11:52:27,319  INFO | pool-2-thread-38 | eu.europa.esig.dss.validation.SignedDocumentValidator   | Document validation... 
2023-04-28 11:52:27,321  INFO | pool-2-thread-24 | e.europa.esig.dss.validation.CommonCertificateVerifier  | + New CommonCertificateVerifier created. 
2023-04-28 11:52:27,324  INFO | pool-2-thread-34 | e.europa.esig.dss.validation.CommonCertificateVerifier  | + New CommonCertificateVerifier created. 
2023-04-28 11:52:27,324  INFO | pool-2-thread-30 | e.europa.esig.dss.validation.CommonCertificateVerifier  | + New CommonCertificateVerifier created. 
2023-04-28 11:52:27,325  INFO | pool-2-thread-36 | e.europa.esig.dss.validation.CommonCertificateVerifier  | + New CommonCertificateVerifier created. 
2023-04-28 11:52:27,326  INFO | pool-2-thread-40 | e.europa.esig.dss.validation.CommonCertificateVerifier  | + New CommonCertificateVerifier created. 
2023-04-28 11:52:27,326  INFO | pool-2-thread-10 | e.europa.esig.dss.validation.CommonCertificateVerifier  | + New CommonCertificateVerifier created. 
2023-04-28 11:52:27,330  INFO | pool-2-thread-12 | e.e.esig.dss.xades.validation.XAdESCertificateSource    | +XAdESCertificateSource 
2023-04-28 11:52:27,331  INFO | pool-2-thread-24 | eu.europa.esig.dss.spi.x509.revocation.ocsp.OCSPToken   | OCSP status is good 
2023-04-28 11:52:27,331  INFO | pool-2-thread-1 | eu.europa.esig.dss.validation.SignedDocumentValidator   | Document validation... 
2023-04-28 11:52:27,331  INFO | pool-2-thread-19 | e.europa.esig.dss.validation.CommonCertificateVerifier  | + New CommonCertificateVerifier created. 
2023-04-28 11:52:27,332  INFO | pool-2-thread-33 | e.e.esig.dss.xades.validation.XAdESCertificateSource    | +XAdESCertificateSource 
2023-04-28 11:52:27,334  INFO | pool-2-thread-24 | eu.europa.esig.dss.validation.SignedDocumentValidator   | Default SignaturePolicyProvider instantiated with NativeHTTPDataLoader. 
2023-04-28 11:52:27,335  INFO | pool-2-thread-30 | e.e.esig.dss.xades.validation.XAdESCertificateSource    | +XAdESCertificateSource 
2023-04-28 11:52:27,338  INFO | pool-2-thread-25 | e.europa.esig.dss.validation.CommonCertificateVerifier  | + New CommonCertificateVerifier created. 
2023-04-28 11:52:27,338  WARN | pool-2-thread-34 | eu.europa.esig.dss.service.ocsp.OnlineOCSPSource        | No OCSP location found for C-FCBFEBCB6B78113DFD4C6CCFCBC2B1482992DF4C48E9DE1B3B7F16F33332BFCB 
2023-04-28 11:52:27,339  INFO | pool-2-thread-17 | eu.europa.esig.dss.validation.SignedDocumentValidator   | Document validation... 
2023-04-28 11:52:27,339  INFO | pool-2-thread-34 | e.e.e.d.spi.x509.revocation.RepositoryRevocationSource  | Revocation token for certificate with Id 'C-FCBFEBCB6B78113DFD4C6CCFCBC2B1482992DF4C48E9DE1B3B7F16F33332BFCB' has been loaded from the cache 
2023-04-28 11:52:27,339  INFO | pool-2-thread-28 | e.europa.esig.dss.validation.CommonCertificateVerifier  | + New CommonCertificateVerifier created. 
2023-04-28 11:52:27,340  INFO | pool-2-thread-3 | e.europa.esig.dss.validation.CommonCertificateVerifier  | + New CommonCertificateVerifier created. 
2023-04-28 11:52:27,341  INFO | pool-2-thread-34 | eu.europa.esig.dss.spi.x509.revocation.ocsp.OCSPToken   | OCSP status is good 
2023-04-28 11:52:27,342  INFO | pool-2-thread-34 | e.e.e.d.spi.x509.revocation.RepositoryRevocationSource  | Revocation token for certificate with Id 'C-96DB5CFA7ABACEB5C97C131CBBFB341DDD8E64FE68B587558AA8F082AB2670F2' has been loaded from the cache 
2023-04-28 11:52:27,343  WARN | pool-2-thread-36 | eu.europa.esig.dss.service.ocsp.OnlineOCSPSource        | No OCSP location found for C-FCBFEBCB6B78113DFD4C6CCFCBC2B1482992DF4C48E9DE1B3B7F16F33332BFCB 
2023-04-28 11:52:27,344  INFO | pool-2-thread-34 | eu.europa.esig.dss.validation.SignedDocumentValidator   | Default SignaturePolicyProvider instantiated with NativeHTTPDataLoader. 
2023-04-28 11:52:27,344  INFO | pool-2-thread-11 | eu.europa.esig.dss.validation.SignedDocumentValidator   | Document validation... 
2023-04-28 11:52:27,344  INFO | pool-2-thread-36 | e.e.e.d.spi.x509.revocation.RepositoryRevocationSource  | Revocation token for certificate with Id 'C-FCBFEBCB6B78113DFD4C6CCFCBC2B1482992DF4C48E9DE1B3B7F16F33332BFCB' has been loaded from the cache 
2023-04-28 11:52:27,344  INFO | pool-2-thread-26 | e.europa.esig.dss.validation.CommonCertificateVerifier  | + New CommonCertificateVerifier created. 
2023-04-28 11:52:27,346  INFO | pool-2-thread-19 | eu.europa.esig.dss.spi.x509.revocation.ocsp.OCSPToken   | OCSP status is good 
2023-04-28 11:52:27,346  INFO | pool-2-thread-36 | eu.europa.esig.dss.spi.x509.revocation.ocsp.OCSPToken   | OCSP status is good 
2023-04-28 11:52:27,346  WARN | pool-2-thread-40 | eu.europa.esig.dss.service.ocsp.OnlineOCSPSource        | No OCSP location found for C-FCBFEBCB6B78113DFD4C6CCFCBC2B1482992DF4C48E9DE1B3B7F16F33332BFCB 
2023-04-28 11:52:27,347  INFO | pool-2-thread-36 | e.e.e.d.spi.x509.revocation.RepositoryRevocationSource  | Revocation token for certificate with Id 'C-96DB5CFA7ABACEB5C97C131CBBFB341DDD8E64FE68B587558AA8F082AB2670F2' has been loaded from the cache 
2023-04-28 11:52:27,347  INFO | pool-2-thread-38 | e.europa.esig.dss.validation.CommonCertificateVerifier  | + New CommonCertificateVerifier created. 
2023-04-28 11:52:27,348  INFO | pool-2-thread-36 | eu.europa.esig.dss.validation.SignedDocumentValidator   | Default SignaturePolicyProvider instantiated with NativeHTTPDataLoader. 
2023-04-28 11:52:27,349  INFO | pool-2-thread-19 | eu.europa.esig.dss.validation.SignedDocumentValidator   | Default SignaturePolicyProvider instantiated with NativeHTTPDataLoader. 
2023-04-28 11:52:27,351  INFO | pool-2-thread-10 | eu.europa.esig.dss.spi.x509.revocation.ocsp.OCSPToken   | OCSP status is good 
2023-04-28 11:52:27,352  INFO | pool-2-thread-8 | eu.europa.esig.dss.validation.SignedDocumentValidator   | Document validation... 
2023-04-28 11:52:27,353  INFO | pool-2-thread-10 | eu.europa.esig.dss.validation.SignedDocumentValidator   | Default SignaturePolicyProvider instantiated with NativeHTTPDataLoader. 
2023-04-28 11:52:27,357  WARN | pool-2-thread-28 | eu.europa.esig.dss.service.ocsp.OnlineOCSPSource        | No OCSP location found for C-FCBFEBCB6B78113DFD4C6CCFCBC2B1482992DF4C48E9DE1B3B7F16F33332BFCB 
2023-04-28 11:52:27,361  INFO | pool-2-thread-38 | e.e.esig.dss.xades.validation.XAdESCertificateSource    | +XAdESCertificateSource 
2023-04-28 11:52:27,361  INFO | pool-2-thread-28 | e.e.e.d.spi.x509.revocation.RepositoryRevocationSource  | Revocation token for certificate with Id 'C-FCBFEBCB6B78113DFD4C6CCFCBC2B1482992DF4C48E9DE1B3B7F16F33332BFCB' has been loaded from the cache 
2023-04-28 11:52:27,364  INFO | pool-2-thread-28 | eu.europa.esig.dss.spi.x509.revocation.ocsp.OCSPToken   | OCSP status is good 
2023-04-28 11:52:27,366  INFO | pool-2-thread-28 | e.e.e.d.spi.x509.revocation.RepositoryRevocationSource  | Revocation token for certificate with Id 'C-96DB5CFA7ABACEB5C97C131CBBFB341DDD8E64FE68B587558AA8F082AB2670F2' has been loaded from the cache 
2023-04-28 11:52:27,367  INFO | pool-2-thread-28 | eu.europa.esig.dss.validation.SignedDocumentValidator   | Default SignaturePolicyProvider instantiated with NativeHTTPDataLoader. 
2023-04-28 11:52:27,368  INFO | pool-2-thread-40 | e.e.e.d.spi.x509.revocation.RepositoryRevocationSource  | Revocation token for certificate with Id 'C-FCBFEBCB6B78113DFD4C6CCFCBC2B1482992DF4C48E9DE1B3B7F16F33332BFCB' has been loaded from the cache 
2023-04-28 11:52:27,371  INFO | pool-2-thread-40 | eu.europa.esig.dss.spi.x509.revocation.ocsp.OCSPToken   | OCSP status is good 
2023-04-28 11:52:27,373  INFO | pool-2-thread-40 | e.e.e.d.spi.x509.revocation.RepositoryRevocationSource  | Revocation token for certificate with Id 'C-96DB5CFA7ABACEB5C97C131CBBFB341DDD8E64FE68B587558AA8F082AB2670F2' has been loaded from the cache 
2023-04-28 11:52:27,374  INFO | pool-2-thread-40 | eu.europa.esig.dss.validation.SignedDocumentValidator   | Default SignaturePolicyProvider instantiated with NativeHTTPDataLoader. 
2023-04-28 11:52:27,375  INFO | pool-2-thread-21 | e.europa.esig.dss.validation.CommonCertificateVerifier  | + New CommonCertificateVerifier created. 
2023-04-28 11:52:27,375  WARN | pool-2-thread-3 | eu.europa.esig.dss.service.ocsp.OnlineOCSPSource        | No OCSP location found for C-FCBFEBCB6B78113DFD4C6CCFCBC2B1482992DF4C48E9DE1B3B7F16F33332BFCB 
2023-04-28 11:52:27,377  INFO | pool-2-thread-3 | e.e.e.d.spi.x509.revocation.RepositoryRevocationSource  | Revocation token for certificate with Id 'C-FCBFEBCB6B78113DFD4C6CCFCBC2B1482992DF4C48E9DE1B3B7F16F33332BFCB' has been loaded from the cache 
2023-04-28 11:52:27,379  INFO | pool-2-thread-3 | eu.europa.esig.dss.spi.x509.revocation.ocsp.OCSPToken   | OCSP status is good 
2023-04-28 11:52:27,380  INFO | pool-2-thread-3 | e.e.e.d.spi.x509.revocation.RepositoryRevocationSource  | Revocation token for certificate with Id 'C-96DB5CFA7ABACEB5C97C131CBBFB341DDD8E64FE68B587558AA8F082AB2670F2' has been loaded from the cache 
2023-04-28 11:52:27,381  INFO | pool-2-thread-25 | e.e.esig.dss.xades.validation.XAdESCertificateSource    | +XAdESCertificateSource 
2023-04-28 11:52:27,382  INFO | pool-2-thread-3 | eu.europa.esig.dss.validation.SignedDocumentValidator   | Default SignaturePolicyProvider instantiated with NativeHTTPDataLoader. 
2023-04-28 11:52:27,386  INFO | pool-2-thread-6 | e.europa.esig.dss.validation.CommonCertificateVerifier  | + New CommonCertificateVerifier created. 
2023-04-28 11:52:27,386  WARN | pool-2-thread-21 | eu.europa.esig.dss.service.ocsp.OnlineOCSPSource        | No OCSP location found for C-FCBFEBCB6B78113DFD4C6CCFCBC2B1482992DF4C48E9DE1B3B7F16F33332BFCB 
2023-04-28 11:52:27,387  INFO | pool-2-thread-32 | e.europa.esig.dss.validation.CommonCertificateVerifier  | + New CommonCertificateVerifier created. 
2023-04-28 11:52:27,390  INFO | pool-2-thread-21 | e.e.e.d.spi.x509.revocation.RepositoryRevocationSource  | Revocation token for certificate with Id 'C-FCBFEBCB6B78113DFD4C6CCFCBC2B1482992DF4C48E9DE1B3B7F16F33332BFCB' has been loaded from the cache 
2023-04-28 11:52:27,390  INFO | pool-2-thread-11 | e.europa.esig.dss.validation.CommonCertificateVerifier  | + New CommonCertificateVerifier created. 
2023-04-28 11:52:27,392  INFO | pool-2-thread-21 | eu.europa.esig.dss.spi.x509.revocation.ocsp.OCSPToken   | OCSP status is good 
2023-04-28 11:52:27,392  INFO | pool-2-thread-21 | e.e.e.d.spi.x509.revocation.RepositoryRevocationSource  | Revocation token for certificate with Id 'C-96DB5CFA7ABACEB5C97C131CBBFB341DDD8E64FE68B587558AA8F082AB2670F2' has been loaded from the cache 
2023-04-28 11:52:27,393  INFO | pool-2-thread-8 | e.europa.esig.dss.validation.CommonCertificateVerifier  | + New CommonCertificateVerifier created. 
2023-04-28 11:52:27,394  INFO | pool-2-thread-14 | eu.europa.esig.dss.validation.SignedDocumentValidator   | Document validation... 
2023-04-28 11:52:27,394  INFO | pool-2-thread-21 | eu.europa.esig.dss.validation.SignedDocumentValidator   | Default SignaturePolicyProvider instantiated with NativeHTTPDataLoader. 
2023-04-28 11:52:27,394  INFO | pool-2-thread-20 | eu.europa.esig.dss.validation.SignedDocumentValidator   | Document validation... 
2023-04-28 11:52:27,394  INFO | pool-2-thread-31 | eu.europa.esig.dss.validation.SignedDocumentValidator   | Document validation... 
2023-04-28 11:52:27,394  INFO | pool-2-thread-29 | eu.europa.esig.dss.validation.SignedDocumentValidator   | Document validation... 
2023-04-28 11:52:27,400  INFO | pool-2-thread-6 | eu.europa.esig.dss.spi.x509.revocation.ocsp.OCSPToken   | OCSP status is good 
2023-04-28 11:52:27,403  INFO | pool-2-thread-8 | e.e.esig.dss.xades.validation.XAdESCertificateSource    | +XAdESCertificateSource 
2023-04-28 11:52:27,404  INFO | pool-2-thread-6 | eu.europa.esig.dss.validation.SignedDocumentValidator   | Default SignaturePolicyProvider instantiated with NativeHTTPDataLoader. 
2023-04-28 11:52:27,405  INFO | pool-2-thread-11 | e.e.esig.dss.xades.validation.XAdESCertificateSource    | +XAdESCertificateSource 
2023-04-28 11:52:27,406  INFO | pool-2-thread-26 | e.e.esig.dss.xades.validation.XAdESCertificateSource    | +XAdESCertificateSource 
2023-04-28 11:52:27,408  INFO | pool-2-thread-32 | e.e.esig.dss.xades.validation.XAdESCertificateSource    | +XAdESCertificateSource 
2023-04-28 11:52:27,413  INFO | pool-2-thread-33 | e.europa.esig.dss.validation.CommonCertificateVerifier  | + New CommonCertificateVerifier created. 
2023-04-28 11:52:27,413  INFO | pool-2-thread-1 | e.europa.esig.dss.validation.CommonCertificateVerifier  | + New CommonCertificateVerifier created. 
2023-04-28 11:52:27,414  INFO | pool-2-thread-9 | eu.europa.esig.dss.validation.SignedDocumentValidator   | Document validation... 
2023-04-28 11:52:27,414  INFO | pool-2-thread-16 | eu.europa.esig.dss.validation.SignedDocumentValidator   | Document validation... 
2023-04-28 11:52:27,417  INFO | pool-2-thread-17 | e.europa.esig.dss.validation.CommonCertificateVerifier  | + New CommonCertificateVerifier created. 
2023-04-28 11:52:27,418  INFO | pool-2-thread-5 | eu.europa.esig.dss.validation.SignedDocumentValidator   | Document validation... 
2023-04-28 11:52:27,420  INFO | pool-2-thread-7 | eu.europa.esig.dss.validation.SignedDocumentValidator   | Document validation... 
2023-04-28 11:52:27,421  INFO | pool-2-thread-12 | e.europa.esig.dss.validation.CommonCertificateVerifier  | + New CommonCertificateVerifier created. 
2023-04-28 11:52:27,422  INFO | pool-2-thread-35 | e.europa.esig.dss.validation.CommonCertificateVerifier  | + New CommonCertificateVerifier created. 
2023-04-28 11:52:27,425  WARN | pool-2-thread-33 | eu.europa.esig.dss.service.ocsp.OnlineOCSPSource        | No OCSP location found for C-FCBFEBCB6B78113DFD4C6CCFCBC2B1482992DF4C48E9DE1B3B7F16F33332BFCB 
2023-04-28 11:52:27,427  INFO | pool-2-thread-38 | e.europa.esig.dss.validation.CommonCertificateVerifier  | + New CommonCertificateVerifier created. 
2023-04-28 11:52:27,427  INFO | pool-2-thread-33 | e.e.e.d.spi.x509.revocation.RepositoryRevocationSource  | Revocation token for certificate with Id 'C-FCBFEBCB6B78113DFD4C6CCFCBC2B1482992DF4C48E9DE1B3B7F16F33332BFCB' has been loaded from the cache 
2023-04-28 11:52:27,427  INFO | pool-2-thread-1 | e.e.esig.dss.xades.validation.XAdESCertificateSource    | +XAdESCertificateSource 
2023-04-28 11:52:27,429  INFO | pool-2-thread-33 | eu.europa.esig.dss.spi.x509.revocation.ocsp.OCSPToken   | OCSP status is good 
2023-04-28 11:52:27,430  INFO | pool-2-thread-33 | e.e.e.d.spi.x509.revocation.RepositoryRevocationSource  | Revocation token for certificate with Id 'C-96DB5CFA7ABACEB5C97C131CBBFB341DDD8E64FE68B587558AA8F082AB2670F2' has been loaded from the cache 
2023-04-28 11:52:27,432  INFO | pool-2-thread-33 | eu.europa.esig.dss.validation.SignedDocumentValidator   | Default SignaturePolicyProvider instantiated with NativeHTTPDataLoader. 
2023-04-28 11:52:27,432  INFO | pool-2-thread-35 | eu.europa.esig.dss.spi.x509.revocation.ocsp.OCSPToken   | OCSP status is good 
2023-04-28 11:52:27,432  INFO | pool-2-thread-12 | eu.europa.esig.dss.spi.x509.revocation.ocsp.OCSPToken   | OCSP status is good 
2023-04-28 11:52:27,435  INFO | pool-2-thread-35 | eu.europa.esig.dss.validation.SignedDocumentValidator   | Default SignaturePolicyProvider instantiated with NativeHTTPDataLoader. 
2023-04-28 11:52:27,435  INFO | pool-2-thread-12 | eu.europa.esig.dss.validation.SignedDocumentValidator   | Default SignaturePolicyProvider instantiated with NativeHTTPDataLoader. 
2023-04-28 11:52:27,438  INFO | pool-2-thread-17 | e.e.esig.dss.xades.validation.XAdESCertificateSource    | +XAdESCertificateSource 
2023-04-28 11:52:27,443  INFO | pool-2-thread-38 | eu.europa.esig.dss.spi.x509.revocation.ocsp.OCSPToken   | OCSP status is good 
2023-04-28 11:52:27,444  INFO | pool-2-thread-2 | eu.europa.esig.dss.validation.SignedDocumentValidator   | Document validation... 
2023-04-28 11:52:27,445  INFO | pool-2-thread-38 | eu.europa.esig.dss.validation.SignedDocumentValidator   | Default SignaturePolicyProvider instantiated with NativeHTTPDataLoader. 
2023-04-28 11:52:27,446  INFO | pool-2-thread-30 | e.europa.esig.dss.validation.CommonCertificateVerifier  | + New CommonCertificateVerifier created. 
2023-04-28 11:52:27,451  INFO | pool-2-thread-20 | e.europa.esig.dss.validation.CommonCertificateVerifier  | + New CommonCertificateVerifier created. 
2023-04-28 11:52:27,453  INFO | pool-2-thread-29 | e.europa.esig.dss.validation.CommonCertificateVerifier  | + New CommonCertificateVerifier created. 
2023-04-28 11:52:27,454  INFO | pool-2-thread-14 | e.europa.esig.dss.validation.CommonCertificateVerifier  | + New CommonCertificateVerifier created. 
2023-04-28 11:52:27,457  WARN | pool-2-thread-30 | eu.europa.esig.dss.service.ocsp.OnlineOCSPSource        | No OCSP location found for C-FCBFEBCB6B78113DFD4C6CCFCBC2B1482992DF4C48E9DE1B3B7F16F33332BFCB 
2023-04-28 11:52:27,458  INFO | pool-2-thread-30 | e.e.e.d.spi.x509.revocation.RepositoryRevocationSource  | Revocation token for certificate with Id 'C-FCBFEBCB6B78113DFD4C6CCFCBC2B1482992DF4C48E9DE1B3B7F16F33332BFCB' has been loaded from the cache 
2023-04-28 11:52:27,458  INFO | pool-2-thread-20 | e.e.esig.dss.xades.validation.XAdESCertificateSource    | +XAdESCertificateSource 
2023-04-28 11:52:27,459  INFO | pool-2-thread-37 | eu.europa.esig.dss.validation.SignedDocumentValidator   | Document validation... 
2023-04-28 11:52:27,459  INFO | pool-2-thread-25 | e.europa.esig.dss.validation.CommonCertificateVerifier  | + New CommonCertificateVerifier created. 
2023-04-28 11:52:27,460  INFO | pool-2-thread-30 | eu.europa.esig.dss.spi.x509.revocation.ocsp.OCSPToken   | OCSP status is good 
2023-04-28 11:52:27,461  INFO | pool-2-thread-30 | e.e.e.d.spi.x509.revocation.RepositoryRevocationSource  | Revocation token for certificate with Id 'C-96DB5CFA7ABACEB5C97C131CBBFB341DDD8E64FE68B587558AA8F082AB2670F2' has been loaded from the cache 
2023-04-28 11:52:27,462  INFO | pool-2-thread-23 | e.europa.esig.dss.validation.CommonCertificateVerifier  | + New CommonCertificateVerifier created. 
2023-04-28 11:52:27,462  INFO | pool-2-thread-30 | eu.europa.esig.dss.validation.SignedDocumentValidator   | Default SignaturePolicyProvider instantiated with NativeHTTPDataLoader. 
2023-04-28 11:52:27,462  INFO | pool-2-thread-8 | e.europa.esig.dss.validation.CommonCertificateVerifier  | + New CommonCertificateVerifier created. 
2023-04-28 11:52:27,463  INFO | pool-2-thread-32 | e.europa.esig.dss.validation.CommonCertificateVerifier  | + New CommonCertificateVerifier created. 
2023-04-28 11:52:27,464  INFO | pool-2-thread-13 | eu.europa.esig.dss.validation.SignedDocumentValidator   | Document validation... 
2023-04-28 11:52:27,464  INFO | pool-2-thread-29 | e.e.esig.dss.xades.validation.XAdESCertificateSource    | +XAdESCertificateSource 
2023-04-28 11:52:27,464  INFO | pool-2-thread-27 | eu.europa.esig.dss.validation.SignedDocumentValidator   | Document validation... 
2023-04-28 11:52:27,468  INFO | pool-2-thread-11 | e.europa.esig.dss.validation.CommonCertificateVerifier  | + New CommonCertificateVerifier created. 
2023-04-28 11:52:27,468  INFO | pool-2-thread-39 | e.europa.esig.dss.validation.CommonCertificateVerifier  | + New CommonCertificateVerifier created. 
2023-04-28 11:52:27,470  INFO | pool-2-thread-7 | e.europa.esig.dss.validation.CommonCertificateVerifier  | + New CommonCertificateVerifier created. 
2023-04-28 11:52:27,471  INFO | pool-2-thread-16 | e.europa.esig.dss.validation.CommonCertificateVerifier  | + New CommonCertificateVerifier created. 
2023-04-28 11:52:27,473  INFO | pool-2-thread-9 | e.europa.esig.dss.validation.CommonCertificateVerifier  | + New CommonCertificateVerifier created. 
2023-04-28 11:52:27,474  INFO | pool-2-thread-5 | e.europa.esig.dss.validation.CommonCertificateVerifier  | + New CommonCertificateVerifier created. 
2023-04-28 11:52:27,476  INFO | pool-2-thread-14 | e.e.esig.dss.xades.validation.XAdESCertificateSource    | +XAdESCertificateSource 
2023-04-28 11:52:27,486  INFO | pool-2-thread-11 | eu.europa.esig.dss.spi.x509.revocation.ocsp.OCSPToken   | OCSP status is good 
2023-04-28 11:52:27,486  INFO | pool-2-thread-23 | eu.europa.esig.dss.spi.x509.revocation.ocsp.OCSPToken   | OCSP status is good 
2023-04-28 11:52:27,493  INFO | pool-2-thread-23 | eu.europa.esig.dss.validation.SignedDocumentValidator   | Default SignaturePolicyProvider instantiated with NativeHTTPDataLoader. 
2023-04-28 11:52:27,494  WARN | pool-2-thread-25 | eu.europa.esig.dss.service.ocsp.OnlineOCSPSource        | No OCSP location found for C-FCBFEBCB6B78113DFD4C6CCFCBC2B1482992DF4C48E9DE1B3B7F16F33332BFCB 
2023-04-28 11:52:27,495  INFO | pool-2-thread-9 | e.e.esig.dss.xades.validation.XAdESCertificateSource    | +XAdESCertificateSource 
2023-04-28 11:52:27,495  INFO | pool-2-thread-25 | e.e.e.d.spi.x509.revocation.RepositoryRevocationSource  | Revocation token for certificate with Id 'C-FCBFEBCB6B78113DFD4C6CCFCBC2B1482992DF4C48E9DE1B3B7F16F33332BFCB' has been loaded from the cache 
2023-04-28 11:52:27,495  INFO | pool-2-thread-11 | eu.europa.esig.dss.validation.SignedDocumentValidator   | Default SignaturePolicyProvider instantiated with NativeHTTPDataLoader. 
2023-04-28 11:52:27,497  WARN | pool-2-thread-8 | eu.europa.esig.dss.service.ocsp.OnlineOCSPSource        | No OCSP location found for C-FCBFEBCB6B78113DFD4C6CCFCBC2B1482992DF4C48E9DE1B3B7F16F33332BFCB 
2023-04-28 11:52:27,495  INFO | pool-2-thread-31 | e.europa.esig.dss.validation.CommonCertificateVerifier  | + New CommonCertificateVerifier created. 
2023-04-28 11:52:27,497  INFO | pool-2-thread-25 | eu.europa.esig.dss.spi.x509.revocation.ocsp.OCSPToken   | OCSP status is good 
2023-04-28 11:52:27,498  INFO | pool-2-thread-25 | e.e.e.d.spi.x509.revocation.RepositoryRevocationSource  | Revocation token for certificate with Id 'C-96DB5CFA7ABACEB5C97C131CBBFB341DDD8E64FE68B587558AA8F082AB2670F2' has been loaded from the cache 
2023-04-28 11:52:27,499  INFO | pool-2-thread-8 | e.e.e.d.spi.x509.revocation.RepositoryRevocationSource  | Revocation token for certificate with Id 'C-FCBFEBCB6B78113DFD4C6CCFCBC2B1482992DF4C48E9DE1B3B7F16F33332BFCB' has been loaded from the cache 
2023-04-28 11:52:27,499  INFO | pool-2-thread-32 | eu.europa.esig.dss.spi.x509.revocation.ocsp.OCSPToken   | OCSP status is good 
2023-04-28 11:52:27,501  INFO | pool-2-thread-25 | eu.europa.esig.dss.validation.SignedDocumentValidator   | Default SignaturePolicyProvider instantiated with NativeHTTPDataLoader. 
2023-04-28 11:52:27,502  INFO | pool-2-thread-39 | eu.europa.esig.dss.spi.x509.revocation.ocsp.OCSPToken   | OCSP status is good 
2023-04-28 11:52:27,502  INFO | pool-2-thread-32 | eu.europa.esig.dss.validation.SignedDocumentValidator   | Default SignaturePolicyProvider instantiated with NativeHTTPDataLoader. 
2023-04-28 11:52:27,505  INFO | pool-2-thread-39 | eu.europa.esig.dss.validation.SignedDocumentValidator   | Default SignaturePolicyProvider instantiated with NativeHTTPDataLoader. 
2023-04-28 11:52:27,506  INFO | pool-2-thread-8 | eu.europa.esig.dss.spi.x509.revocation.ocsp.OCSPToken   | OCSP status is good 
2023-04-28 11:52:27,507  INFO | pool-2-thread-8 | e.e.e.d.spi.x509.revocation.RepositoryRevocationSource  | Revocation token for certificate with Id 'C-96DB5CFA7ABACEB5C97C131CBBFB341DDD8E64FE68B587558AA8F082AB2670F2' has been loaded from the cache 
2023-04-28 11:52:27,508  INFO | pool-2-thread-7 | e.e.esig.dss.xades.validation.XAdESCertificateSource    | +XAdESCertificateSource 
2023-04-28 11:52:27,509  INFO | pool-2-thread-8 | eu.europa.esig.dss.validation.SignedDocumentValidator   | Default SignaturePolicyProvider instantiated with NativeHTTPDataLoader. 
2023-04-28 11:52:27,517  INFO | pool-2-thread-6 | eu.europa.esig.dss.validation.SignedDocumentValidator   | Document validation... 
2023-04-28 11:52:27,518  INFO | pool-2-thread-29 | e.europa.esig.dss.validation.CommonCertificateVerifier  | + New CommonCertificateVerifier created. 
2023-04-28 11:52:27,518  INFO | pool-2-thread-31 | e.e.esig.dss.xades.validation.XAdESCertificateSource    | +XAdESCertificateSource 
2023-04-28 11:52:27,518  INFO | pool-2-thread-40 | eu.europa.esig.dss.validation.SignedDocumentValidator   | Document validation... 
2023-04-28 11:52:27,525  INFO | pool-2-thread-14 | e.europa.esig.dss.validation.CommonCertificateVerifier  | + New CommonCertificateVerifier created. 
2023-04-28 11:52:27,509  INFO | pool-2-thread-4 | eu.europa.esig.dss.validation.SignedDocumentValidator   | Document validation... 
2023-04-28 11:52:27,529  INFO | pool-2-thread-5 | e.e.esig.dss.xades.validation.XAdESCertificateSource    | +XAdESCertificateSource 
2023-04-28 11:52:27,535  INFO | pool-2-thread-16 | e.e.esig.dss.xades.validation.XAdESCertificateSource    | +XAdESCertificateSource 
2023-04-28 11:52:27,536  INFO | pool-2-thread-34 | eu.europa.esig.dss.validation.SignedDocumentValidator   | Document validation... 
2023-04-28 11:52:27,536  INFO | pool-2-thread-13 | e.europa.esig.dss.validation.CommonCertificateVerifier  | + New CommonCertificateVerifier created. 
2023-04-28 11:52:27,536  INFO | pool-2-thread-20 | e.europa.esig.dss.validation.CommonCertificateVerifier  | + New CommonCertificateVerifier created. 
2023-04-28 11:52:27,538  INFO | pool-2-thread-15 | eu.europa.esig.dss.validation.SignedDocumentValidator   | Document validation... 
2023-04-28 11:52:27,538  INFO | pool-2-thread-27 | e.europa.esig.dss.validation.CommonCertificateVerifier  | + New CommonCertificateVerifier created. 
2023-04-28 11:52:27,538  INFO | pool-2-thread-22 | eu.europa.esig.dss.validation.SignedDocumentValidator   | Document validation... 
2023-04-28 11:52:27,541  INFO | pool-2-thread-3 | eu.europa.esig.dss.validation.SignedDocumentValidator   | Document validation... 
2023-04-28 11:52:27,541  INFO | pool-2-thread-37 | e.europa.esig.dss.validation.CommonCertificateVerifier  | + New CommonCertificateVerifier created. 
2023-04-28 11:52:27,541  INFO | pool-2-thread-17 | e.europa.esig.dss.validation.CommonCertificateVerifier  | + New CommonCertificateVerifier created. 
2023-04-28 11:52:27,542  INFO | pool-2-thread-24 | eu.europa.esig.dss.validation.SignedDocumentValidator   | Document validation... 
2023-04-28 11:52:27,542  INFO | pool-2-thread-19 | eu.europa.esig.dss.validation.SignedDocumentValidator   | Document validation... 
2023-04-28 11:52:27,542  INFO | pool-2-thread-26 | e.europa.esig.dss.validation.CommonCertificateVerifier  | + New CommonCertificateVerifier created. 
2023-04-28 11:52:27,549  WARN | pool-2-thread-20 | eu.europa.esig.dss.service.ocsp.OnlineOCSPSource        | No OCSP location found for C-FCBFEBCB6B78113DFD4C6CCFCBC2B1482992DF4C48E9DE1B3B7F16F33332BFCB 
2023-04-28 11:52:27,551  INFO | pool-2-thread-20 | e.e.e.d.spi.x509.revocation.RepositoryRevocationSource  | Revocation token for certificate with Id 'C-FCBFEBCB6B78113DFD4C6CCFCBC2B1482992DF4C48E9DE1B3B7F16F33332BFCB' has been loaded from the cache 
2023-04-28 11:52:27,554  WARN | pool-2-thread-14 | eu.europa.esig.dss.service.ocsp.OnlineOCSPSource        | No OCSP location found for C-FCBFEBCB6B78113DFD4C6CCFCBC2B1482992DF4C48E9DE1B3B7F16F33332BFCB 
2023-04-28 11:52:27,554  INFO | pool-2-thread-29 | eu.europa.esig.dss.spi.x509.revocation.ocsp.OCSPToken   | OCSP status is good 
2023-04-28 11:52:27,554  INFO | pool-2-thread-13 | e.e.esig.dss.xades.validation.XAdESCertificateSource    | +XAdESCertificateSource 
2023-04-28 11:52:27,555  INFO | pool-2-thread-20 | eu.europa.esig.dss.spi.x509.revocation.ocsp.OCSPToken   | OCSP status is good 
2023-04-28 11:52:27,556  INFO | pool-2-thread-14 | e.e.e.d.spi.x509.revocation.RepositoryRevocationSource  | Revocation token for certificate with Id 'C-FCBFEBCB6B78113DFD4C6CCFCBC2B1482992DF4C48E9DE1B3B7F16F33332BFCB' has been loaded from the cache 
2023-04-28 11:52:27,556  INFO | pool-2-thread-20 | e.e.e.d.spi.x509.revocation.RepositoryRevocationSource  | Revocation token for certificate with Id 'C-96DB5CFA7ABACEB5C97C131CBBFB341DDD8E64FE68B587558AA8F082AB2670F2' has been loaded from the cache 
2023-04-28 11:52:27,557  INFO | pool-2-thread-29 | eu.europa.esig.dss.validation.SignedDocumentValidator   | Default SignaturePolicyProvider instantiated with NativeHTTPDataLoader. 
2023-04-28 11:52:27,557  INFO | pool-2-thread-2 | e.europa.esig.dss.validation.CommonCertificateVerifier  | + New CommonCertificateVerifier created. 
2023-04-28 11:52:27,557  INFO | pool-2-thread-20 | eu.europa.esig.dss.validation.SignedDocumentValidator   | Default SignaturePolicyProvider instantiated with NativeHTTPDataLoader. 
2023-04-28 11:52:27,557  INFO | pool-2-thread-14 | eu.europa.esig.dss.spi.x509.revocation.ocsp.OCSPToken   | OCSP status is good 
2023-04-28 11:52:27,558  INFO | pool-2-thread-27 | e.e.esig.dss.xades.validation.XAdESCertificateSource    | +XAdESCertificateSource 
2023-04-28 11:52:27,558  INFO | pool-2-thread-14 | e.e.e.d.spi.x509.revocation.RepositoryRevocationSource  | Revocation token for certificate with Id 'C-96DB5CFA7ABACEB5C97C131CBBFB341DDD8E64FE68B587558AA8F082AB2670F2' has been loaded from the cache 
2023-04-28 11:52:27,562  INFO | pool-2-thread-14 | eu.europa.esig.dss.validation.SignedDocumentValidator   | Default SignaturePolicyProvider instantiated with NativeHTTPDataLoader. 
2023-04-28 11:52:27,563  INFO | pool-2-thread-1 | e.europa.esig.dss.validation.CommonCertificateVerifier  | + New CommonCertificateVerifier created. 
2023-04-28 11:52:27,563  INFO | pool-2-thread-18 | eu.europa.esig.dss.validation.SignedDocumentValidator   | Document validation... 
2023-04-28 11:52:27,569  WARN | pool-2-thread-26 | eu.europa.esig.dss.service.ocsp.OnlineOCSPSource        | No OCSP location found for C-FCBFEBCB6B78113DFD4C6CCFCBC2B1482992DF4C48E9DE1B3B7F16F33332BFCB 
2023-04-28 11:52:27,571  INFO | pool-2-thread-26 | e.e.e.d.spi.x509.revocation.RepositoryRevocationSource  | Revocation token for certificate with Id 'C-FCBFEBCB6B78113DFD4C6CCFCBC2B1482992DF4C48E9DE1B3B7F16F33332BFCB' has been loaded from the cache 
2023-04-28 11:52:27,574  INFO | pool-2-thread-26 | eu.europa.esig.dss.spi.x509.revocation.ocsp.OCSPToken   | OCSP status is good 
2023-04-28 11:52:27,575  INFO | pool-2-thread-26 | e.e.e.d.spi.x509.revocation.RepositoryRevocationSource  | Revocation token for certificate with Id 'C-96DB5CFA7ABACEB5C97C131CBBFB341DDD8E64FE68B587558AA8F082AB2670F2' has been loaded from the cache 
2023-04-28 11:52:27,577  INFO | pool-2-thread-26 | eu.europa.esig.dss.validation.SignedDocumentValidator   | Default SignaturePolicyProvider instantiated with NativeHTTPDataLoader. 
2023-04-28 11:52:27,580  INFO | pool-2-thread-2 | e.e.esig.dss.xades.validation.XAdESCertificateSource    | +XAdESCertificateSource 
2023-04-28 11:52:27,581  WARN | pool-2-thread-17 | eu.europa.esig.dss.service.ocsp.OnlineOCSPSource        | No OCSP location found for C-FCBFEBCB6B78113DFD4C6CCFCBC2B1482992DF4C48E9DE1B3B7F16F33332BFCB 
2023-04-28 11:52:27,582  INFO | pool-2-thread-40 | e.europa.esig.dss.validation.CommonCertificateVerifier  | + New CommonCertificateVerifier created. 
2023-04-28 11:52:27,584  INFO | pool-2-thread-17 | e.e.e.d.spi.x509.revocation.RepositoryRevocationSource  | Revocation token for certificate with Id 'C-FCBFEBCB6B78113DFD4C6CCFCBC2B1482992DF4C48E9DE1B3B7F16F33332BFCB' has been loaded from the cache 
2023-04-28 11:52:27,584  WARN | pool-2-thread-1 | eu.europa.esig.dss.service.ocsp.OnlineOCSPSource        | No OCSP location found for C-FCBFEBCB6B78113DFD4C6CCFCBC2B1482992DF4C48E9DE1B3B7F16F33332BFCB 
2023-04-28 11:52:27,585  INFO | pool-2-thread-17 | eu.europa.esig.dss.spi.x509.revocation.ocsp.OCSPToken   | OCSP status is good 
2023-04-28 11:52:27,586  INFO | pool-2-thread-1 | e.e.e.d.spi.x509.revocation.RepositoryRevocationSource  | Revocation token for certificate with Id 'C-FCBFEBCB6B78113DFD4C6CCFCBC2B1482992DF4C48E9DE1B3B7F16F33332BFCB' has been loaded from the cache 
2023-04-28 11:52:27,586  INFO | pool-2-thread-17 | e.e.e.d.spi.x509.revocation.RepositoryRevocationSource  | Revocation token for certificate with Id 'C-96DB5CFA7ABACEB5C97C131CBBFB341DDD8E64FE68B587558AA8F082AB2670F2' has been loaded from the cache 
2023-04-28 11:52:27,586  INFO | pool-2-thread-9 | e.europa.esig.dss.validation.CommonCertificateVerifier  | + New CommonCertificateVerifier created. 
2023-04-28 11:52:27,587  INFO | pool-2-thread-1 | eu.europa.esig.dss.spi.x509.revocation.ocsp.OCSPToken   | OCSP status is good 
2023-04-28 11:52:27,588  INFO | pool-2-thread-17 | eu.europa.esig.dss.validation.SignedDocumentValidator   | Default SignaturePolicyProvider instantiated with NativeHTTPDataLoader. 
2023-04-28 11:52:27,588  INFO | pool-2-thread-1 | e.e.e.d.spi.x509.revocation.RepositoryRevocationSource  | Revocation token for certificate with Id 'C-96DB5CFA7ABACEB5C97C131CBBFB341DDD8E64FE68B587558AA8F082AB2670F2' has been loaded from the cache 
2023-04-28 11:52:27,589  INFO | pool-2-thread-34 | e.europa.esig.dss.validation.CommonCertificateVerifier  | + New CommonCertificateVerifier created. 
2023-04-28 11:52:27,590  INFO | pool-2-thread-1 | eu.europa.esig.dss.validation.SignedDocumentValidator   | Default SignaturePolicyProvider instantiated with NativeHTTPDataLoader. 
2023-04-28 11:52:27,590  INFO | pool-2-thread-4 | e.europa.esig.dss.validation.CommonCertificateVerifier  | + New CommonCertificateVerifier created. 
2023-04-28 11:52:27,594  INFO | pool-2-thread-15 | e.europa.esig.dss.validation.CommonCertificateVerifier  | + New CommonCertificateVerifier created. 
2023-04-28 11:52:27,595  INFO | pool-2-thread-16 | e.europa.esig.dss.validation.CommonCertificateVerifier  | + New CommonCertificateVerifier created. 
2023-04-28 11:52:27,597  INFO | pool-2-thread-3 | e.europa.esig.dss.validation.CommonCertificateVerifier  | + New CommonCertificateVerifier created. 
2023-04-28 11:52:27,597  INFO | pool-2-thread-40 | e.e.esig.dss.xades.validation.XAdESCertificateSource    | +XAdESCertificateSource 
2023-04-28 11:52:27,613  INFO | pool-2-thread-6 | e.europa.esig.dss.validation.CommonCertificateVerifier  | + New CommonCertificateVerifier created. 
2023-04-28 11:52:27,616  INFO | pool-2-thread-16 | eu.europa.esig.dss.spi.x509.revocation.ocsp.OCSPToken   | OCSP status is good 
2023-04-28 11:52:27,619  INFO | pool-2-thread-16 | eu.europa.esig.dss.validation.SignedDocumentValidator   | Default SignaturePolicyProvider instantiated with NativeHTTPDataLoader. 
2023-04-28 11:52:27,621  INFO | pool-2-thread-18 | e.europa.esig.dss.validation.CommonCertificateVerifier  | + New CommonCertificateVerifier created. 
2023-04-28 11:52:27,621  INFO | pool-2-thread-4 | e.e.esig.dss.xades.validation.XAdESCertificateSource    | +XAdESCertificateSource 
2023-04-28 11:52:27,621  INFO | pool-2-thread-15 | e.e.esig.dss.xades.validation.XAdESCertificateSource    | +XAdESCertificateSource 
2023-04-28 11:52:27,622  INFO | pool-2-thread-34 | e.e.esig.dss.xades.validation.XAdESCertificateSource    | +XAdESCertificateSource 
2023-04-28 11:52:27,626  INFO | pool-2-thread-9 | eu.europa.esig.dss.spi.x509.revocation.ocsp.OCSPToken   | OCSP status is good 
2023-04-28 11:52:27,636  INFO | pool-2-thread-19 | e.europa.esig.dss.validation.CommonCertificateVerifier  | + New CommonCertificateVerifier created. 
2023-04-28 11:52:27,637  INFO | pool-2-thread-9 | eu.europa.esig.dss.validation.SignedDocumentValidator   | Default SignaturePolicyProvider instantiated with NativeHTTPDataLoader. 
2023-04-28 11:52:27,639  INFO | pool-2-thread-3 | e.e.esig.dss.xades.validation.XAdESCertificateSource    | +XAdESCertificateSource 
2023-04-28 11:52:27,647  INFO | pool-2-thread-18 | e.e.esig.dss.xades.validation.XAdESCertificateSource    | +XAdESCertificateSource 
2023-04-28 11:52:27,648  INFO | pool-2-thread-19 | e.e.esig.dss.xades.validation.XAdESCertificateSource    | +XAdESCertificateSource 
2023-04-28 11:52:27,660  INFO | pool-2-thread-6 | e.e.esig.dss.xades.validation.XAdESCertificateSource    | +XAdESCertificateSource 
2023-04-28 11:52:27,665  INFO | pool-2-thread-37 | e.e.esig.dss.xades.validation.XAdESCertificateSource    | +XAdESCertificateSource 
2023-04-28 11:52:27,667  INFO | pool-2-thread-5 | e.europa.esig.dss.validation.CommonCertificateVerifier  | + New CommonCertificateVerifier created. 
2023-04-28 11:52:27,668  INFO | pool-2-thread-30 | eu.europa.esig.dss.validation.SignedDocumentValidator   | Document validation... 
2023-04-28 11:52:27,671  INFO | pool-2-thread-22 | e.europa.esig.dss.validation.CommonCertificateVerifier  | + New CommonCertificateVerifier created. 
2023-04-28 11:52:27,671  INFO | pool-2-thread-13 | e.europa.esig.dss.validation.CommonCertificateVerifier  | + New CommonCertificateVerifier created. 
2023-04-28 11:52:27,672  WARN | pool-2-thread-5 | eu.europa.esig.dss.service.ocsp.OnlineOCSPSource        | No OCSP location found for C-FCBFEBCB6B78113DFD4C6CCFCBC2B1482992DF4C48E9DE1B3B7F16F33332BFCB 
2023-04-28 11:52:27,673  INFO | pool-2-thread-5 | e.e.e.d.spi.x509.revocation.RepositoryRevocationSource  | Revocation token for certificate with Id 'C-FCBFEBCB6B78113DFD4C6CCFCBC2B1482992DF4C48E9DE1B3B7F16F33332BFCB' has been loaded from the cache 
2023-04-28 11:52:27,673  INFO | pool-2-thread-25 | eu.europa.esig.dss.validation.SignedDocumentValidator   | Document validation... 
2023-04-28 11:52:27,674  INFO | pool-2-thread-2 | e.europa.esig.dss.validation.CommonCertificateVerifier  | + New CommonCertificateVerifier created. 
2023-04-28 11:52:27,674  INFO | pool-2-thread-5 | eu.europa.esig.dss.spi.x509.revocation.ocsp.OCSPToken   | OCSP status is good 
2023-04-28 11:52:27,675  INFO | pool-2-thread-28 | eu.europa.esig.dss.validation.SignedDocumentValidator   | Document validation... 
2023-04-28 11:52:27,675  INFO | pool-2-thread-31 | e.europa.esig.dss.validation.CommonCertificateVerifier  | + New CommonCertificateVerifier created. 
2023-04-28 11:52:27,675  INFO | pool-2-thread-5 | e.e.e.d.spi.x509.revocation.RepositoryRevocationSource  | Revocation token for certificate with Id 'C-96DB5CFA7ABACEB5C97C131CBBFB341DDD8E64FE68B587558AA8F082AB2670F2' has been loaded from the cache 
2023-04-28 11:52:27,676  INFO | pool-2-thread-24 | e.europa.esig.dss.validation.CommonCertificateVerifier  | + New CommonCertificateVerifier created. 
2023-04-28 11:52:27,677  INFO | pool-2-thread-5 | eu.europa.esig.dss.validation.SignedDocumentValidator   | Default SignaturePolicyProvider instantiated with NativeHTTPDataLoader. 
2023-04-28 11:52:27,680  INFO | pool-2-thread-36 | eu.europa.esig.dss.validation.SignedDocumentValidator   | Document validation... 
2023-04-28 11:52:27,680  INFO | pool-2-thread-34 | e.europa.esig.dss.validation.CommonCertificateVerifier  | + New CommonCertificateVerifier created. 
2023-04-28 11:52:27,680  INFO | pool-2-thread-7 | e.europa.esig.dss.validation.CommonCertificateVerifier  | + New CommonCertificateVerifier created. 
2023-04-28 11:52:27,681  INFO | pool-2-thread-10 | eu.europa.esig.dss.validation.SignedDocumentValidator   | Document validation... 
2023-04-28 11:52:27,684  INFO | pool-2-thread-38 | eu.europa.esig.dss.validation.SignedDocumentValidator   | Document validation... 
2023-04-28 11:52:27,685  INFO | pool-2-thread-22 | e.e.esig.dss.xades.validation.XAdESCertificateSource    | +XAdESCertificateSource 
2023-04-28 11:52:27,686  INFO | pool-2-thread-27 | e.europa.esig.dss.validation.CommonCertificateVerifier  | + New CommonCertificateVerifier created. 
2023-04-28 11:52:27,688  INFO | pool-2-thread-40 | e.europa.esig.dss.validation.CommonCertificateVerifier  | + New CommonCertificateVerifier created. 
2023-04-28 11:52:27,690  INFO | pool-2-thread-21 | eu.europa.esig.dss.validation.SignedDocumentValidator   | Document validation... 
2023-04-28 11:52:27,694  WARN | pool-2-thread-2 | eu.europa.esig.dss.service.ocsp.OnlineOCSPSource        | No OCSP location found for C-FCBFEBCB6B78113DFD4C6CCFCBC2B1482992DF4C48E9DE1B3B7F16F33332BFCB 
2023-04-28 11:52:27,695  INFO | pool-2-thread-2 | e.e.e.d.spi.x509.revocation.RepositoryRevocationSource  | Revocation token for certificate with Id 'C-FCBFEBCB6B78113DFD4C6CCFCBC2B1482992DF4C48E9DE1B3B7F16F33332BFCB' has been loaded from the cache 
2023-04-28 11:52:27,696  INFO | pool-2-thread-20 | eu.europa.esig.dss.validation.SignedDocumentValidator   | Document validation... 
2023-04-28 11:52:27,696  INFO | pool-2-thread-32 | eu.europa.esig.dss.validation.SignedDocumentValidator   | Document validation... 
2023-04-28 11:52:27,696  INFO | pool-2-thread-33 | eu.europa.esig.dss.validation.SignedDocumentValidator   | Document validation... 
2023-04-28 11:52:27,696  INFO | pool-2-thread-18 | e.europa.esig.dss.validation.CommonCertificateVerifier  | + New CommonCertificateVerifier created. 
2023-04-28 11:52:27,698  INFO | pool-2-thread-2 | eu.europa.esig.dss.spi.x509.revocation.ocsp.OCSPToken   | OCSP status is good 
2023-04-28 11:52:27,699  INFO | pool-2-thread-2 | e.e.e.d.spi.x509.revocation.RepositoryRevocationSource  | Revocation token for certificate with Id 'C-96DB5CFA7ABACEB5C97C131CBBFB341DDD8E64FE68B587558AA8F082AB2670F2' has been loaded from the cache 
2023-04-28 11:52:27,700  INFO | pool-2-thread-3 | e.europa.esig.dss.validation.CommonCertificateVerifier  | + New CommonCertificateVerifier created. 
2023-04-28 11:52:27,702  INFO | pool-2-thread-13 | eu.europa.esig.dss.spi.x509.revocation.ocsp.OCSPToken   | OCSP status is good 
2023-04-28 11:52:27,703  INFO | pool-2-thread-15 | e.europa.esig.dss.validation.CommonCertificateVerifier  | + New CommonCertificateVerifier created. 
2023-04-28 11:52:27,703  INFO | pool-2-thread-4 | e.europa.esig.dss.validation.CommonCertificateVerifier  | + New CommonCertificateVerifier created. 
2023-04-28 11:52:27,708  INFO | pool-2-thread-31 | eu.europa.esig.dss.spi.x509.revocation.ocsp.OCSPToken   | OCSP status is good 
2023-04-28 11:52:27,708  WARN | pool-2-thread-34 | eu.europa.esig.dss.service.ocsp.OnlineOCSPSource        | No OCSP location found for C-FCBFEBCB6B78113DFD4C6CCFCBC2B1482992DF4C48E9DE1B3B7F16F33332BFCB 
2023-04-28 11:52:27,708  INFO | pool-2-thread-19 | e.europa.esig.dss.validation.CommonCertificateVerifier  | + New CommonCertificateVerifier created. 
2023-04-28 11:52:27,709  INFO | pool-2-thread-34 | e.e.e.d.spi.x509.revocation.RepositoryRevocationSource  | Revocation token for certificate with Id 'C-FCBFEBCB6B78113DFD4C6CCFCBC2B1482992DF4C48E9DE1B3B7F16F33332BFCB' has been loaded from the cache 
2023-04-28 11:52:27,710  INFO | pool-2-thread-31 | eu.europa.esig.dss.validation.SignedDocumentValidator   | Default SignaturePolicyProvider instantiated with NativeHTTPDataLoader. 
2023-04-28 11:52:27,711  INFO | pool-2-thread-34 | eu.europa.esig.dss.spi.x509.revocation.ocsp.OCSPToken   | OCSP status is good 
2023-04-28 11:52:27,711  INFO | pool-2-thread-34 | e.e.e.d.spi.x509.revocation.RepositoryRevocationSource  | Revocation token for certificate with Id 'C-96DB5CFA7ABACEB5C97C131CBBFB341DDD8E64FE68B587558AA8F082AB2670F2' has been loaded from the cache 
2023-04-28 11:52:27,713  INFO | pool-2-thread-34 | eu.europa.esig.dss.validation.SignedDocumentValidator   | Default SignaturePolicyProvider instantiated with NativeHTTPDataLoader. 
2023-04-28 11:52:27,715  INFO | pool-2-thread-40 | eu.europa.esig.dss.spi.x509.revocation.ocsp.OCSPToken   | OCSP status is good 
2023-04-28 11:52:27,715  INFO | pool-2-thread-27 | eu.europa.esig.dss.spi.x509.revocation.ocsp.OCSPToken   | OCSP status is good 
2023-04-28 11:52:27,716  INFO | pool-2-thread-2 | eu.europa.esig.dss.validation.SignedDocumentValidator   | Default SignaturePolicyProvider instantiated with NativeHTTPDataLoader. 
2023-04-28 11:52:27,717  INFO | pool-2-thread-40 | eu.europa.esig.dss.validation.SignedDocumentValidator   | Default SignaturePolicyProvider instantiated with NativeHTTPDataLoader. 
2023-04-28 11:52:27,713  INFO | pool-2-thread-13 | eu.europa.esig.dss.validation.SignedDocumentValidator   | Default SignaturePolicyProvider instantiated with NativeHTTPDataLoader. 
2023-04-28 11:52:27,715  INFO | pool-2-thread-7 | eu.europa.esig.dss.spi.x509.revocation.ocsp.OCSPToken   | OCSP status is good 
2023-04-28 11:52:27,719  WARN | pool-2-thread-18 | eu.europa.esig.dss.service.ocsp.OnlineOCSPSource        | No OCSP location found for C-FCBFEBCB6B78113DFD4C6CCFCBC2B1482992DF4C48E9DE1B3B7F16F33332BFCB 
2023-04-28 11:52:27,720  INFO | pool-2-thread-4 | eu.europa.esig.dss.spi.x509.revocation.ocsp.OCSPToken   | OCSP status is good 
2023-04-28 11:52:27,720  INFO | pool-2-thread-7 | eu.europa.esig.dss.validation.SignedDocumentValidator   | Default SignaturePolicyProvider instantiated with NativeHTTPDataLoader. 
2023-04-28 11:52:27,720  INFO | pool-2-thread-18 | e.e.e.d.spi.x509.revocation.RepositoryRevocationSource  | Revocation token for certificate with Id 'C-FCBFEBCB6B78113DFD4C6CCFCBC2B1482992DF4C48E9DE1B3B7F16F33332BFCB' has been loaded from the cache 
2023-04-28 11:52:27,721  INFO | pool-2-thread-6 | e.europa.esig.dss.validation.CommonCertificateVerifier  | + New CommonCertificateVerifier created. 
2023-04-28 11:52:27,721  WARN | pool-2-thread-15 | eu.europa.esig.dss.service.ocsp.OnlineOCSPSource        | No OCSP location found for C-FCBFEBCB6B78113DFD4C6CCFCBC2B1482992DF4C48E9DE1B3B7F16F33332BFCB 
2023-04-28 11:52:27,722  INFO | pool-2-thread-4 | eu.europa.esig.dss.validation.SignedDocumentValidator   | Default SignaturePolicyProvider instantiated with NativeHTTPDataLoader. 
2023-04-28 11:52:27,722  INFO | pool-2-thread-18 | eu.europa.esig.dss.spi.x509.revocation.ocsp.OCSPToken   | OCSP status is good 
2023-04-28 11:52:27,722  WARN | pool-2-thread-19 | eu.europa.esig.dss.service.ocsp.OnlineOCSPSource        | No OCSP location found for C-FCBFEBCB6B78113DFD4C6CCFCBC2B1482992DF4C48E9DE1B3B7F16F33332BFCB 
2023-04-28 11:52:27,723  INFO | pool-2-thread-15 | e.e.e.d.spi.x509.revocation.RepositoryRevocationSource  | Revocation token for certificate with Id 'C-FCBFEBCB6B78113DFD4C6CCFCBC2B1482992DF4C48E9DE1B3B7F16F33332BFCB' has been loaded from the cache 
2023-04-28 11:52:27,723  INFO | pool-2-thread-18 | e.e.e.d.spi.x509.revocation.RepositoryRevocationSource  | Revocation token for certificate with Id 'C-96DB5CFA7ABACEB5C97C131CBBFB341DDD8E64FE68B587558AA8F082AB2670F2' has been loaded from the cache 
2023-04-28 11:52:27,724  INFO | pool-2-thread-19 | e.e.e.d.spi.x509.revocation.RepositoryRevocationSource  | Revocation token for certificate with Id 'C-FCBFEBCB6B78113DFD4C6CCFCBC2B1482992DF4C48E9DE1B3B7F16F33332BFCB' has been loaded from the cache 
2023-04-28 11:52:27,724  INFO | pool-2-thread-15 | eu.europa.esig.dss.spi.x509.revocation.ocsp.OCSPToken   | OCSP status is good 
2023-04-28 11:52:27,725  INFO | pool-2-thread-15 | e.e.e.d.spi.x509.revocation.RepositoryRevocationSource  | Revocation token for certificate with Id 'C-96DB5CFA7ABACEB5C97C131CBBFB341DDD8E64FE68B587558AA8F082AB2670F2' has been loaded from the cache 
2023-04-28 11:52:27,725  INFO | pool-2-thread-18 | eu.europa.esig.dss.validation.SignedDocumentValidator   | Default SignaturePolicyProvider instantiated with NativeHTTPDataLoader. 
2023-04-28 11:52:27,726  INFO | pool-2-thread-19 | eu.europa.esig.dss.spi.x509.revocation.ocsp.OCSPToken   | OCSP status is good 
2023-04-28 11:52:27,726  INFO | pool-2-thread-19 | e.e.e.d.spi.x509.revocation.RepositoryRevocationSource  | Revocation token for certificate with Id 'C-96DB5CFA7ABACEB5C97C131CBBFB341DDD8E64FE68B587558AA8F082AB2670F2' has been loaded from the cache 
2023-04-28 11:52:27,727  INFO | pool-2-thread-15 | eu.europa.esig.dss.validation.SignedDocumentValidator   | Default SignaturePolicyProvider instantiated with NativeHTTPDataLoader. 
2023-04-28 11:52:27,727  INFO | pool-2-thread-3 | eu.europa.esig.dss.spi.x509.revocation.ocsp.OCSPToken   | OCSP status is good 
2023-04-28 11:52:27,727  INFO | pool-2-thread-27 | eu.europa.esig.dss.validation.SignedDocumentValidator   | Default SignaturePolicyProvider instantiated with NativeHTTPDataLoader. 
2023-04-28 11:52:27,728  INFO | pool-2-thread-19 | eu.europa.esig.dss.validation.SignedDocumentValidator   | Default SignaturePolicyProvider instantiated with NativeHTTPDataLoader. 
2023-04-28 11:52:27,729  INFO | pool-2-thread-3 | eu.europa.esig.dss.validation.SignedDocumentValidator   | Default SignaturePolicyProvider instantiated with NativeHTTPDataLoader. 
2023-04-28 11:52:27,729  INFO | pool-2-thread-28 | e.europa.esig.dss.validation.CommonCertificateVerifier  | + New CommonCertificateVerifier created. 
2023-04-28 11:52:27,729  INFO | pool-2-thread-10 | e.europa.esig.dss.validation.CommonCertificateVerifier  | + New CommonCertificateVerifier created. 
2023-04-28 11:52:27,731  INFO | pool-2-thread-30 | e.europa.esig.dss.validation.CommonCertificateVerifier  | + New CommonCertificateVerifier created. 
2023-04-28 11:52:27,733  WARN | pool-2-thread-6 | eu.europa.esig.dss.service.ocsp.OnlineOCSPSource        | No OCSP location found for C-FCBFEBCB6B78113DFD4C6CCFCBC2B1482992DF4C48E9DE1B3B7F16F33332BFCB 
2023-04-28 11:52:27,737  INFO | pool-2-thread-36 | e.europa.esig.dss.validation.CommonCertificateVerifier  | + New CommonCertificateVerifier created. 
2023-04-28 11:52:27,736  INFO | pool-2-thread-6 | e.e.e.d.spi.x509.revocation.RepositoryRevocationSource  | Revocation token for certificate with Id 'C-FCBFEBCB6B78113DFD4C6CCFCBC2B1482992DF4C48E9DE1B3B7F16F33332BFCB' has been loaded from the cache 
2023-04-28 11:52:27,738  INFO | pool-2-thread-25 | e.europa.esig.dss.validation.CommonCertificateVerifier  | + New CommonCertificateVerifier created. 
2023-04-28 11:52:27,740  INFO | pool-2-thread-38 | e.europa.esig.dss.validation.CommonCertificateVerifier  | + New CommonCertificateVerifier created. 
2023-04-28 11:52:27,741  INFO | pool-2-thread-37 | e.europa.esig.dss.validation.CommonCertificateVerifier  | + New CommonCertificateVerifier created. 
2023-04-28 11:52:27,741  INFO | pool-2-thread-6 | eu.europa.esig.dss.spi.x509.revocation.ocsp.OCSPToken   | OCSP status is good 
2023-04-28 11:52:27,742  INFO | pool-2-thread-6 | e.e.e.d.spi.x509.revocation.RepositoryRevocationSource  | Revocation token for certificate with Id 'C-96DB5CFA7ABACEB5C97C131CBBFB341DDD8E64FE68B587558AA8F082AB2670F2' has been loaded from the cache 
2023-04-28 11:52:27,745  INFO | pool-2-thread-6 | eu.europa.esig.dss.validation.SignedDocumentValidator   | Default SignaturePolicyProvider instantiated with NativeHTTPDataLoader. 
2023-04-28 11:52:27,747  INFO | pool-2-thread-24 | e.e.esig.dss.xades.validation.XAdESCertificateSource    | +XAdESCertificateSource 
2023-04-28 11:52:27,747  INFO | pool-2-thread-10 | e.e.esig.dss.xades.validation.XAdESCertificateSource    | +XAdESCertificateSource 
2023-04-28 11:52:27,750  INFO | pool-2-thread-25 | e.e.esig.dss.xades.validation.XAdESCertificateSource    | +XAdESCertificateSource 
2023-04-28 11:52:27,752  INFO | pool-2-thread-30 | e.e.esig.dss.xades.validation.XAdESCertificateSource    | +XAdESCertificateSource 
2023-04-28 11:52:27,753  INFO | pool-2-thread-28 | e.e.esig.dss.xades.validation.XAdESCertificateSource    | +XAdESCertificateSource 
2023-04-28 11:52:27,754  INFO | pool-2-thread-36 | e.e.esig.dss.xades.validation.XAdESCertificateSource    | +XAdESCertificateSource 
2023-04-28 11:52:27,755  INFO | pool-2-thread-37 | eu.europa.esig.dss.spi.x509.revocation.ocsp.OCSPToken   | OCSP status is good 
2023-04-28 11:52:27,758  INFO | pool-2-thread-37 | eu.europa.esig.dss.validation.SignedDocumentValidator   | Default SignaturePolicyProvider instantiated with NativeHTTPDataLoader. 
2023-04-28 11:52:27,759  INFO | pool-2-thread-38 | e.e.esig.dss.xades.validation.XAdESCertificateSource    | +XAdESCertificateSource 
2023-04-28 11:52:27,765  INFO | pool-2-thread-32 | e.europa.esig.dss.validation.CommonCertificateVerifier  | + New CommonCertificateVerifier created. 
2023-04-28 11:52:27,765  INFO | pool-2-thread-33 | e.europa.esig.dss.validation.CommonCertificateVerifier  | + New CommonCertificateVerifier created. 
2023-04-28 11:52:27,776  INFO | pool-2-thread-8 | eu.europa.esig.dss.validation.SignedDocumentValidator   | Document validation... 
2023-04-28 11:52:27,776  INFO | pool-2-thread-20 | e.europa.esig.dss.validation.CommonCertificateVerifier  | + New CommonCertificateVerifier created. 
2023-04-28 11:52:27,788  INFO | pool-2-thread-33 | e.e.esig.dss.xades.validation.XAdESCertificateSource    | +XAdESCertificateSource 
2023-04-28 11:52:27,789  INFO | pool-2-thread-21 | e.europa.esig.dss.validation.CommonCertificateVerifier  | + New CommonCertificateVerifier created. 
2023-04-28 11:52:27,790  INFO | pool-2-thread-32 | e.e.esig.dss.xades.validation.XAdESCertificateSource    | +XAdESCertificateSource 
2023-04-28 11:52:27,790  INFO | pool-2-thread-20 | e.e.esig.dss.xades.validation.XAdESCertificateSource    | +XAdESCertificateSource 
2023-04-28 11:52:27,797  INFO | pool-2-thread-22 | e.europa.esig.dss.validation.CommonCertificateVerifier  | + New CommonCertificateVerifier created. 
2023-04-28 11:52:27,824  INFO | pool-2-thread-35 | eu.europa.esig.dss.validation.SignedDocumentValidator   | Document validation... 
2023-04-28 11:52:27,846  INFO | pool-2-thread-12 | eu.europa.esig.dss.validation.SignedDocumentValidator   | Document validation... 
2023-04-28 11:52:27,850  INFO | pool-2-thread-24 | e.europa.esig.dss.validation.CommonCertificateVerifier  | + New CommonCertificateVerifier created. 
2023-04-28 11:52:27,852  INFO | pool-2-thread-28 | e.europa.esig.dss.validation.CommonCertificateVerifier  | + New CommonCertificateVerifier created. 
2023-04-28 11:52:27,859  INFO | pool-2-thread-8 | e.europa.esig.dss.validation.CommonCertificateVerifier  | + New CommonCertificateVerifier created. 
2023-04-28 11:52:27,864  INFO | pool-2-thread-32 | e.europa.esig.dss.validation.CommonCertificateVerifier  | + New CommonCertificateVerifier created. 
2023-04-28 11:52:27,866  INFO | pool-2-thread-35 | e.europa.esig.dss.validation.CommonCertificateVerifier  | + New CommonCertificateVerifier created. 
2023-04-28 11:52:27,873  INFO | pool-2-thread-25 | e.europa.esig.dss.validation.CommonCertificateVerifier  | + New CommonCertificateVerifier created. 
2023-04-28 11:52:27,875  INFO | pool-2-thread-36 | e.europa.esig.dss.validation.CommonCertificateVerifier  | + New CommonCertificateVerifier created. 
2023-04-28 11:52:27,876  INFO | pool-2-thread-38 | e.europa.esig.dss.validation.CommonCertificateVerifier  | + New CommonCertificateVerifier created. 
2023-04-28 11:52:27,882  WARN | pool-2-thread-24 | eu.europa.esig.dss.service.ocsp.OnlineOCSPSource        | No OCSP location found for C-FCBFEBCB6B78113DFD4C6CCFCBC2B1482992DF4C48E9DE1B3B7F16F33332BFCB 
2023-04-28 11:52:27,883  INFO | pool-2-thread-34 | eu.europa.esig.dss.validation.SignedDocumentValidator   | Document validation... 
2023-04-28 11:52:27,883  INFO | pool-2-thread-24 | e.e.e.d.spi.x509.revocation.RepositoryRevocationSource  | Revocation token for certificate with Id 'C-FCBFEBCB6B78113DFD4C6CCFCBC2B1482992DF4C48E9DE1B3B7F16F33332BFCB' has been loaded from the cache 
2023-04-28 11:52:27,884  INFO | pool-2-thread-15 | eu.europa.esig.dss.validation.SignedDocumentValidator   | Document validation... 
2023-04-28 11:52:27,885  INFO | pool-2-thread-13 | eu.europa.esig.dss.validation.SignedDocumentValidator   | Document validation... 
2023-04-28 11:52:27,886  INFO | pool-2-thread-24 | eu.europa.esig.dss.spi.x509.revocation.ocsp.OCSPToken   | OCSP status is good 
2023-04-28 11:52:27,887  INFO | pool-2-thread-24 | e.e.e.d.spi.x509.revocation.RepositoryRevocationSource  | Revocation token for certificate with Id 'C-96DB5CFA7ABACEB5C97C131CBBFB341DDD8E64FE68B587558AA8F082AB2670F2' has been loaded from the cache 
2023-04-28 11:52:27,887  INFO | pool-2-thread-38 | eu.europa.esig.dss.spi.x509.revocation.ocsp.OCSPToken   | OCSP status is good 
2023-04-28 11:52:27,887  INFO | pool-2-thread-21 | e.e.esig.dss.xades.validation.XAdESCertificateSource    | +XAdESCertificateSource 
2023-04-28 11:52:27,888  WARN | pool-2-thread-25 | eu.europa.esig.dss.service.ocsp.OnlineOCSPSource        | No OCSP location found for C-FCBFEBCB6B78113DFD4C6CCFCBC2B1482992DF4C48E9DE1B3B7F16F33332BFCB 
2023-04-28 11:52:27,889  INFO | pool-2-thread-24 | eu.europa.esig.dss.validation.SignedDocumentValidator   | Default SignaturePolicyProvider instantiated with NativeHTTPDataLoader. 
2023-04-28 11:52:27,889  INFO | pool-2-thread-38 | eu.europa.esig.dss.validation.SignedDocumentValidator   | Default SignaturePolicyProvider instantiated with NativeHTTPDataLoader. 
2023-04-28 11:52:27,890  INFO | pool-2-thread-8 | e.e.esig.dss.xades.validation.XAdESCertificateSource    | +XAdESCertificateSource 
2023-04-28 11:52:27,890  INFO | pool-2-thread-25 | e.e.e.d.spi.x509.revocation.RepositoryRevocationSource  | Revocation token for certificate with Id 'C-FCBFEBCB6B78113DFD4C6CCFCBC2B1482992DF4C48E9DE1B3B7F16F33332BFCB' has been loaded from the cache 
2023-04-28 11:52:27,891  INFO | pool-2-thread-36 | eu.europa.esig.dss.spi.x509.revocation.ocsp.OCSPToken   | OCSP status is good 
2023-04-28 11:52:27,892  INFO | pool-2-thread-25 | eu.europa.esig.dss.spi.x509.revocation.ocsp.OCSPToken   | OCSP status is good 
2023-04-28 11:52:27,893  INFO | pool-2-thread-25 | e.e.e.d.spi.x509.revocation.RepositoryRevocationSource  | Revocation token for certificate with Id 'C-96DB5CFA7ABACEB5C97C131CBBFB341DDD8E64FE68B587558AA8F082AB2670F2' has been loaded from the cache 
2023-04-28 11:52:27,893  INFO | pool-2-thread-32 | eu.europa.esig.dss.spi.x509.revocation.ocsp.OCSPToken   | OCSP status is good 
2023-04-28 11:52:27,894  INFO | pool-2-thread-36 | eu.europa.esig.dss.validation.SignedDocumentValidator   | Default SignaturePolicyProvider instantiated with NativeHTTPDataLoader. 
2023-04-28 11:52:27,894  INFO | pool-2-thread-25 | eu.europa.esig.dss.validation.SignedDocumentValidator   | Default SignaturePolicyProvider instantiated with NativeHTTPDataLoader. 
2023-04-28 11:52:27,896  INFO | pool-2-thread-32 | eu.europa.esig.dss.validation.SignedDocumentValidator   | Default SignaturePolicyProvider instantiated with NativeHTTPDataLoader. 
2023-04-28 11:52:27,896  INFO | pool-2-thread-22 | eu.europa.esig.dss.spi.x509.revocation.ocsp.OCSPToken   | OCSP status is good 
2023-04-28 11:52:27,897  INFO | pool-2-thread-11 | eu.europa.esig.dss.validation.SignedDocumentValidator   | Document validation... 
2023-04-28 11:52:27,898  INFO | pool-2-thread-30 | e.europa.esig.dss.validation.CommonCertificateVerifier  | + New CommonCertificateVerifier created. 
2023-04-28 11:52:27,901  INFO | pool-2-thread-10 | e.europa.esig.dss.validation.CommonCertificateVerifier  | + New CommonCertificateVerifier created. 
2023-04-28 11:52:27,903  INFO | pool-2-thread-35 | e.e.esig.dss.xades.validation.XAdESCertificateSource    | +XAdESCertificateSource 
2023-04-28 11:52:27,904  INFO | pool-2-thread-5 | eu.europa.esig.dss.validation.SignedDocumentValidator   | Document validation... 
2023-04-28 11:52:27,904  INFO | pool-2-thread-39 | eu.europa.esig.dss.validation.SignedDocumentValidator   | Document validation... 
2023-04-28 11:52:27,905  INFO | pool-2-thread-18 | eu.europa.esig.dss.validation.SignedDocumentValidator   | Document validation... 
2023-04-28 11:52:27,905  INFO | pool-2-thread-22 | eu.europa.esig.dss.validation.SignedDocumentValidator   | Default SignaturePolicyProvider instantiated with NativeHTTPDataLoader. 
2023-04-28 11:52:27,906  INFO | pool-2-thread-40 | eu.europa.esig.dss.validation.SignedDocumentValidator   | Document validation... 
2023-04-28 11:52:27,907  INFO | pool-2-thread-31 | eu.europa.esig.dss.validation.SignedDocumentValidator   | Document validation... 
2023-04-28 11:52:27,909  INFO | pool-2-thread-27 | eu.europa.esig.dss.validation.SignedDocumentValidator   | Document validation... 
2023-04-28 11:52:27,910  INFO | pool-2-thread-23 | eu.europa.esig.dss.validation.SignedDocumentValidator   | Document validation... 
2023-04-28 11:52:27,910  INFO | pool-2-thread-30 | eu.europa.esig.dss.spi.x509.revocation.ocsp.OCSPToken   | OCSP status is good 
2023-04-28 11:52:27,910  WARN | pool-2-thread-10 | eu.europa.esig.dss.service.ocsp.OnlineOCSPSource        | No OCSP location found for C-FCBFEBCB6B78113DFD4C6CCFCBC2B1482992DF4C48E9DE1B3B7F16F33332BFCB 
2023-04-28 11:52:27,913  INFO | pool-2-thread-10 | e.e.e.d.spi.x509.revocation.RepositoryRevocationSource  | Revocation token for certificate with Id 'C-FCBFEBCB6B78113DFD4C6CCFCBC2B1482992DF4C48E9DE1B3B7F16F33332BFCB' has been loaded from the cache 
2023-04-28 11:52:27,917  INFO | pool-2-thread-10 | eu.europa.esig.dss.spi.x509.revocation.ocsp.OCSPToken   | OCSP status is good 
2023-04-28 11:52:27,918  INFO | pool-2-thread-10 | e.e.e.d.spi.x509.revocation.RepositoryRevocationSource  | Revocation token for certificate with Id 'C-96DB5CFA7ABACEB5C97C131CBBFB341DDD8E64FE68B587558AA8F082AB2670F2' has been loaded from the cache 
2023-04-28 11:52:27,920  INFO | pool-2-thread-12 | e.europa.esig.dss.validation.CommonCertificateVerifier  | + New CommonCertificateVerifier created. 
2023-04-28 11:52:27,921  INFO | pool-2-thread-10 | eu.europa.esig.dss.validation.SignedDocumentValidator   | Default SignaturePolicyProvider instantiated with NativeHTTPDataLoader. 
2023-04-28 11:52:27,927  INFO | pool-2-thread-30 | eu.europa.esig.dss.validation.SignedDocumentValidator   | Default SignaturePolicyProvider instantiated with NativeHTTPDataLoader. 
2023-04-28 11:52:27,929  INFO | pool-2-thread-28 | eu.europa.esig.dss.spi.x509.revocation.ocsp.OCSPToken   | OCSP status is good 
2023-04-28 11:52:27,932  INFO | pool-2-thread-28 | eu.europa.esig.dss.validation.SignedDocumentValidator   | Default SignaturePolicyProvider instantiated with NativeHTTPDataLoader. 
2023-04-28 11:52:27,940  INFO | pool-2-thread-8 | e.europa.esig.dss.validation.CommonCertificateVerifier  | + New CommonCertificateVerifier created. 
2023-04-28 11:52:27,944  INFO | pool-2-thread-13 | e.europa.esig.dss.validation.CommonCertificateVerifier  | + New CommonCertificateVerifier created. 
2023-04-28 11:52:27,940  INFO | pool-2-thread-34 | e.europa.esig.dss.validation.CommonCertificateVerifier  | + New CommonCertificateVerifier created. 
2023-04-28 11:52:27,946  INFO | pool-2-thread-20 | e.europa.esig.dss.validation.CommonCertificateVerifier  | + New CommonCertificateVerifier created. 
2023-04-28 11:52:27,950  INFO | pool-2-thread-7 | eu.europa.esig.dss.validation.SignedDocumentValidator   | Document validation... 
2023-04-28 11:52:27,950  INFO | pool-2-thread-15 | e.europa.esig.dss.validation.CommonCertificateVerifier  | + New CommonCertificateVerifier created. 
2023-04-28 11:52:27,954  INFO | pool-2-thread-4 | eu.europa.esig.dss.validation.SignedDocumentValidator   | Document validation... 
2023-04-28 11:52:27,958  INFO | pool-2-thread-16 | eu.europa.esig.dss.validation.SignedDocumentValidator   | Document validation... 
2023-04-28 11:52:27,960  INFO | pool-2-thread-11 | e.europa.esig.dss.validation.CommonCertificateVerifier  | + New CommonCertificateVerifier created. 
2023-04-28 11:52:27,960  INFO | pool-2-thread-12 | e.e.esig.dss.xades.validation.XAdESCertificateSource    | +XAdESCertificateSource 
2023-04-28 11:52:27,963  INFO | pool-2-thread-19 | eu.europa.esig.dss.validation.SignedDocumentValidator   | Document validation... 
2023-04-28 11:52:27,963  INFO | pool-2-thread-21 | e.europa.esig.dss.validation.CommonCertificateVerifier  | + New CommonCertificateVerifier created. 
2023-04-28 11:52:27,972  INFO | pool-2-thread-35 | e.europa.esig.dss.validation.CommonCertificateVerifier  | + New CommonCertificateVerifier created. 
2023-04-28 11:52:27,975  INFO | pool-2-thread-27 | e.europa.esig.dss.validation.CommonCertificateVerifier  | + New CommonCertificateVerifier created. 
2023-04-28 11:52:27,975  INFO | pool-2-thread-5 | e.europa.esig.dss.validation.CommonCertificateVerifier  | + New CommonCertificateVerifier created. 
2023-04-28 11:52:27,980  INFO | pool-2-thread-39 | e.europa.esig.dss.validation.CommonCertificateVerifier  | + New CommonCertificateVerifier created. 
2023-04-28 11:52:27,981  INFO | pool-2-thread-15 | e.e.esig.dss.xades.validation.XAdESCertificateSource    | +XAdESCertificateSource 
2023-04-28 11:52:27,982  WARN | pool-2-thread-20 | eu.europa.esig.dss.service.ocsp.OnlineOCSPSource        | No OCSP location found for C-FCBFEBCB6B78113DFD4C6CCFCBC2B1482992DF4C48E9DE1B3B7F16F33332BFCB 
2023-04-28 11:52:27,984  INFO | pool-2-thread-20 | e.e.e.d.spi.x509.revocation.RepositoryRevocationSource  | Revocation token for certificate with Id 'C-FCBFEBCB6B78113DFD4C6CCFCBC2B1482992DF4C48E9DE1B3B7F16F33332BFCB' has been loaded from the cache 
2023-04-28 11:52:27,985  INFO | pool-2-thread-6 | eu.europa.esig.dss.validation.SignedDocumentValidator   | Document validation... 
2023-04-28 11:52:27,986  INFO | pool-2-thread-20 | eu.europa.esig.dss.spi.x509.revocation.ocsp.OCSPToken   | OCSP status is good 
2023-04-28 11:52:27,987  INFO | pool-2-thread-20 | e.e.e.d.spi.x509.revocation.RepositoryRevocationSource  | Revocation token for certificate with Id 'C-96DB5CFA7ABACEB5C97C131CBBFB341DDD8E64FE68B587558AA8F082AB2670F2' has been loaded from the cache 
2023-04-28 11:52:27,989  INFO | pool-2-thread-20 | eu.europa.esig.dss.validation.SignedDocumentValidator   | Default SignaturePolicyProvider instantiated with NativeHTTPDataLoader. 
2023-04-28 11:52:27,995  WARN | pool-2-thread-8 | eu.europa.esig.dss.service.ocsp.OnlineOCSPSource        | No OCSP location found for C-FCBFEBCB6B78113DFD4C6CCFCBC2B1482992DF4C48E9DE1B3B7F16F33332BFCB 
2023-04-28 11:52:27,995  INFO | pool-2-thread-13 | e.e.esig.dss.xades.validation.XAdESCertificateSource    | +XAdESCertificateSource 
2023-04-28 11:52:27,995  INFO | pool-2-thread-11 | e.e.esig.dss.xades.validation.XAdESCertificateSource    | +XAdESCertificateSource 
2023-04-28 11:52:27,996  INFO | pool-2-thread-16 | e.europa.esig.dss.validation.CommonCertificateVerifier  | + New CommonCertificateVerifier created. 
2023-04-28 11:52:27,997  INFO | pool-2-thread-4 | e.europa.esig.dss.validation.CommonCertificateVerifier  | + New CommonCertificateVerifier created. 
2023-04-28 11:52:27,997  INFO | pool-2-thread-8 | e.e.e.d.spi.x509.revocation.RepositoryRevocationSource  | Revocation token for certificate with Id 'C-FCBFEBCB6B78113DFD4C6CCFCBC2B1482992DF4C48E9DE1B3B7F16F33332BFCB' has been loaded from the cache 
2023-04-28 11:52:27,999  INFO | pool-2-thread-8 | eu.europa.esig.dss.spi.x509.revocation.ocsp.OCSPToken   | OCSP status is good 
2023-04-28 11:52:27,999  INFO | pool-2-thread-34 | e.e.esig.dss.xades.validation.XAdESCertificateSource    | +XAdESCertificateSource 
2023-04-28 11:52:28,000  INFO | pool-2-thread-8 | e.e.e.d.spi.x509.revocation.RepositoryRevocationSource  | Revocation token for certificate with Id 'C-96DB5CFA7ABACEB5C97C131CBBFB341DDD8E64FE68B587558AA8F082AB2670F2' has been loaded from the cache 
2023-04-28 11:52:28,001  INFO | pool-2-thread-2 | eu.europa.esig.dss.validation.SignedDocumentValidator   | Document validation... 
2023-04-28 11:52:28,003  INFO | pool-2-thread-8 | eu.europa.esig.dss.validation.SignedDocumentValidator   | Default SignaturePolicyProvider instantiated with NativeHTTPDataLoader. 
2023-04-28 11:52:28,007  INFO | pool-2-thread-16 | e.e.esig.dss.xades.validation.XAdESCertificateSource    | +XAdESCertificateSource 
2023-04-28 11:52:28,005  INFO | pool-2-thread-21 | eu.europa.esig.dss.spi.x509.revocation.ocsp.OCSPToken   | OCSP status is good 
2023-04-28 11:52:28,012  INFO | pool-2-thread-14 | eu.europa.esig.dss.validation.SignedDocumentValidator   | Document validation... 
2023-04-28 11:52:28,012  INFO | pool-2-thread-18 | e.europa.esig.dss.validation.CommonCertificateVerifier  | + New CommonCertificateVerifier created. 
2023-04-28 11:52:28,014  INFO | pool-2-thread-21 | eu.europa.esig.dss.validation.SignedDocumentValidator   | Default SignaturePolicyProvider instantiated with NativeHTTPDataLoader. 
2023-04-28 11:52:28,023  INFO | pool-2-thread-17 | eu.europa.esig.dss.validation.SignedDocumentValidator   | Document validation... 
2023-04-28 11:52:28,024  INFO | pool-2-thread-29 | eu.europa.esig.dss.validation.SignedDocumentValidator   | Document validation... 
2023-04-28 11:52:28,024  INFO | pool-2-thread-40 | e.europa.esig.dss.validation.CommonCertificateVerifier  | + New CommonCertificateVerifier created. 
2023-04-28 11:52:28,025  INFO | pool-2-thread-9 | eu.europa.esig.dss.validation.SignedDocumentValidator   | Document validation... 
2023-04-28 11:52:28,028  INFO | pool-2-thread-31 | e.europa.esig.dss.validation.CommonCertificateVerifier  | + New CommonCertificateVerifier created. 
2023-04-28 11:52:28,028  INFO | pool-2-thread-7 | e.europa.esig.dss.validation.CommonCertificateVerifier  | + New CommonCertificateVerifier created. 
2023-04-28 11:52:28,038  INFO | pool-2-thread-37 | eu.europa.esig.dss.validation.SignedDocumentValidator   | Document validation... 
2023-04-28 11:52:28,038  INFO | pool-2-thread-6 | e.europa.esig.dss.validation.CommonCertificateVerifier  | + New CommonCertificateVerifier created. 
2023-04-28 11:52:28,043  INFO | pool-2-thread-23 | e.europa.esig.dss.validation.CommonCertificateVerifier  | + New CommonCertificateVerifier created. 
2023-04-28 11:52:28,044  INFO | pool-2-thread-5 | e.e.esig.dss.xades.validation.XAdESCertificateSource    | +XAdESCertificateSource 
2023-04-28 11:52:28,046  INFO | pool-2-thread-27 | e.e.esig.dss.xades.validation.XAdESCertificateSource    | +XAdESCertificateSource 
2023-04-28 11:52:28,052  INFO | pool-2-thread-12 | e.europa.esig.dss.validation.CommonCertificateVerifier  | + New CommonCertificateVerifier created. 
2023-04-28 11:52:28,053  INFO | pool-2-thread-15 | e.europa.esig.dss.validation.CommonCertificateVerifier  | + New CommonCertificateVerifier created. 
2023-04-28 11:52:28,054  INFO | pool-2-thread-2 | e.europa.esig.dss.validation.CommonCertificateVerifier  | + New CommonCertificateVerifier created. 
2023-04-28 11:52:28,055  INFO | pool-2-thread-26 | eu.europa.esig.dss.validation.SignedDocumentValidator   | Document validation... 
2023-04-28 11:52:28,059  INFO | pool-2-thread-40 | e.e.esig.dss.xades.validation.XAdESCertificateSource    | +XAdESCertificateSource 
2023-04-28 11:52:28,060  INFO | pool-2-thread-14 | e.europa.esig.dss.validation.CommonCertificateVerifier  | + New CommonCertificateVerifier created. 
2023-04-28 11:52:28,061  INFO | pool-2-thread-4 | e.e.esig.dss.xades.validation.XAdESCertificateSource    | +XAdESCertificateSource 
2023-04-28 11:52:28,059  INFO | pool-2-thread-39 | e.e.esig.dss.xades.validation.XAdESCertificateSource    | +XAdESCertificateSource 
2023-04-28 11:52:28,067  INFO | pool-2-thread-22 | eu.europa.esig.dss.validation.SignedDocumentValidator   | Document validation... 
2023-04-28 11:52:28,068  INFO | pool-2-thread-31 | e.e.esig.dss.xades.validation.XAdESCertificateSource    | +XAdESCertificateSource 
2023-04-28 11:52:28,068  INFO | pool-2-thread-7 | e.e.esig.dss.xades.validation.XAdESCertificateSource    | +XAdESCertificateSource 
2023-04-28 11:52:28,072  INFO | pool-2-thread-9 | e.europa.esig.dss.validation.CommonCertificateVerifier  | + New CommonCertificateVerifier created. 
2023-04-28 11:52:28,075  WARN | pool-2-thread-15 | eu.europa.esig.dss.service.ocsp.OnlineOCSPSource        | No OCSP location found for C-FCBFEBCB6B78113DFD4C6CCFCBC2B1482992DF4C48E9DE1B3B7F16F33332BFCB 
2023-04-28 11:52:28,076  INFO | pool-2-thread-15 | e.e.e.d.spi.x509.revocation.RepositoryRevocationSource  | Revocation token for certificate with Id 'C-FCBFEBCB6B78113DFD4C6CCFCBC2B1482992DF4C48E9DE1B3B7F16F33332BFCB' has been loaded from the cache 
2023-04-28 11:52:28,077  INFO | pool-2-thread-12 | eu.europa.esig.dss.spi.x509.revocation.ocsp.OCSPToken   | OCSP status is good 
2023-04-28 11:52:28,078  INFO | pool-2-thread-15 | eu.europa.esig.dss.spi.x509.revocation.ocsp.OCSPToken   | OCSP status is good 
2023-04-28 11:52:28,078  INFO | pool-2-thread-1 | eu.europa.esig.dss.validation.SignedDocumentValidator   | Document validation... 
2023-04-28 11:52:28,078  INFO | pool-2-thread-15 | e.e.e.d.spi.x509.revocation.RepositoryRevocationSource  | Revocation token for certificate with Id 'C-96DB5CFA7ABACEB5C97C131CBBFB341DDD8E64FE68B587558AA8F082AB2670F2' has been loaded from the cache 
2023-04-28 11:52:28,079  INFO | pool-2-thread-25 | eu.europa.esig.dss.validation.SignedDocumentValidator   | Document validation... 
2023-04-28 11:52:28,079  INFO | pool-2-thread-11 | e.europa.esig.dss.validation.CommonCertificateVerifier  | + New CommonCertificateVerifier created. 
2023-04-28 11:52:28,079  INFO | pool-2-thread-12 | eu.europa.esig.dss.validation.SignedDocumentValidator   | Default SignaturePolicyProvider instantiated with NativeHTTPDataLoader. 
2023-04-28 11:52:28,080  INFO | pool-2-thread-15 | eu.europa.esig.dss.validation.SignedDocumentValidator   | Default SignaturePolicyProvider instantiated with NativeHTTPDataLoader. 
2023-04-28 11:52:28,089  INFO | pool-2-thread-14 | e.e.esig.dss.xades.validation.XAdESCertificateSource    | +XAdESCertificateSource 
2023-04-28 11:52:28,089  INFO | pool-2-thread-2 | e.e.esig.dss.xades.validation.XAdESCertificateSource    | +XAdESCertificateSource 
2023-04-28 11:52:28,090  INFO | pool-2-thread-6 | e.e.esig.dss.xades.validation.XAdESCertificateSource    | +XAdESCertificateSource 
2023-04-28 11:52:28,093  INFO | pool-2-thread-9 | e.e.esig.dss.xades.validation.XAdESCertificateSource    | +XAdESCertificateSource 
2023-04-28 11:52:28,094  INFO | pool-2-thread-11 | eu.europa.esig.dss.spi.x509.revocation.ocsp.OCSPToken   | OCSP status is good 
2023-04-28 11:52:28,096  INFO | pool-2-thread-16 | e.europa.esig.dss.validation.CommonCertificateVerifier  | + New CommonCertificateVerifier created. 
2023-04-28 11:52:28,097  INFO | pool-2-thread-11 | eu.europa.esig.dss.validation.SignedDocumentValidator   | Default SignaturePolicyProvider instantiated with NativeHTTPDataLoader. 
2023-04-28 11:52:28,098  INFO | pool-2-thread-23 | e.e.esig.dss.xades.validation.XAdESCertificateSource    | +XAdESCertificateSource 
2023-04-28 11:52:28,105  INFO | pool-2-thread-33 | e.europa.esig.dss.validation.CommonCertificateVerifier  | + New CommonCertificateVerifier created. 
2023-04-28 11:52:28,105  INFO | pool-2-thread-10 | eu.europa.esig.dss.validation.SignedDocumentValidator   | Document validation... 
2023-04-28 11:52:28,106  INFO | pool-2-thread-18 | e.e.esig.dss.xades.validation.XAdESCertificateSource    | +XAdESCertificateSource 
2023-04-28 11:52:28,106  WARN | pool-2-thread-35 | eu.europa.esig.dss.service.ocsp.OnlineOCSPSource        | No OCSP location found for C-FCBFEBCB6B78113DFD4C6CCFCBC2B1482992DF4C48E9DE1B3B7F16F33332BFCB 
2023-04-28 11:52:28,106  INFO | pool-2-thread-24 | eu.europa.esig.dss.validation.SignedDocumentValidator   | Document validation... 
2023-04-28 11:52:28,108  INFO | pool-2-thread-35 | e.e.e.d.spi.x509.revocation.RepositoryRevocationSource  | Revocation token for certificate with Id 'C-FCBFEBCB6B78113DFD4C6CCFCBC2B1482992DF4C48E9DE1B3B7F16F33332BFCB' has been loaded from the cache 
2023-04-28 11:52:28,108  INFO | pool-2-thread-3 | eu.europa.esig.dss.validation.SignedDocumentValidator   | Document validation... 
2023-04-28 11:52:28,109  INFO | pool-2-thread-35 | eu.europa.esig.dss.spi.x509.revocation.ocsp.OCSPToken   | OCSP status is good 
2023-04-28 11:52:28,110  INFO | pool-2-thread-35 | e.e.e.d.spi.x509.revocation.RepositoryRevocationSource  | Revocation token for certificate with Id 'C-96DB5CFA7ABACEB5C97C131CBBFB341DDD8E64FE68B587558AA8F082AB2670F2' has been loaded from the cache 
2023-04-28 11:52:28,110  INFO | pool-2-thread-34 | e.europa.esig.dss.validation.CommonCertificateVerifier  | + New CommonCertificateVerifier created. 
2023-04-28 11:52:28,111  WARN | pool-2-thread-16 | eu.europa.esig.dss.service.ocsp.OnlineOCSPSource        | No OCSP location found for C-FCBFEBCB6B78113DFD4C6CCFCBC2B1482992DF4C48E9DE1B3B7F16F33332BFCB 
2023-04-28 11:52:28,111  INFO | pool-2-thread-26 | e.europa.esig.dss.validation.CommonCertificateVerifier  | + New CommonCertificateVerifier created. 
2023-04-28 11:52:28,111  INFO | pool-2-thread-19 | e.europa.esig.dss.validation.CommonCertificateVerifier  | + New CommonCertificateVerifier created. 
2023-04-28 11:52:28,112  INFO | pool-2-thread-35 | eu.europa.esig.dss.validation.SignedDocumentValidator   | Default SignaturePolicyProvider instantiated with NativeHTTPDataLoader. 
2023-04-28 11:52:28,113  INFO | pool-2-thread-22 | e.europa.esig.dss.validation.CommonCertificateVerifier  | + New CommonCertificateVerifier created. 
2023-04-28 11:52:28,118  WARN | pool-2-thread-33 | eu.europa.esig.dss.service.ocsp.OnlineOCSPSource        | No OCSP location found for C-FCBFEBCB6B78113DFD4C6CCFCBC2B1482992DF4C48E9DE1B3B7F16F33332BFCB 
2023-04-28 11:52:28,121  WARN | pool-2-thread-34 | eu.europa.esig.dss.service.ocsp.OnlineOCSPSource        | No OCSP location found for C-FCBFEBCB6B78113DFD4C6CCFCBC2B1482992DF4C48E9DE1B3B7F16F33332BFCB 
2023-04-28 11:52:28,122  INFO | pool-2-thread-33 | e.e.e.d.spi.x509.revocation.RepositoryRevocationSource  | Revocation token for certificate with Id 'C-FCBFEBCB6B78113DFD4C6CCFCBC2B1482992DF4C48E9DE1B3B7F16F33332BFCB' has been loaded from the cache 
2023-04-28 11:52:28,122  INFO | pool-2-thread-16 | e.e.e.d.spi.x509.revocation.RepositoryRevocationSource  | Revocation token for certificate with Id 'C-FCBFEBCB6B78113DFD4C6CCFCBC2B1482992DF4C48E9DE1B3B7F16F33332BFCB' has been loaded from the cache 
2023-04-28 11:52:28,125  INFO | pool-2-thread-33 | eu.europa.esig.dss.spi.x509.revocation.ocsp.OCSPToken   | OCSP status is good 
2023-04-28 11:52:28,125  INFO | pool-2-thread-34 | e.e.e.d.spi.x509.revocation.RepositoryRevocationSource  | Revocation token for certificate with Id 'C-FCBFEBCB6B78113DFD4C6CCFCBC2B1482992DF4C48E9DE1B3B7F16F33332BFCB' has been loaded from the cache 
2023-04-28 11:52:28,126  INFO | pool-2-thread-33 | e.e.e.d.spi.x509.revocation.RepositoryRevocationSource  | Revocation token for certificate with Id 'C-96DB5CFA7ABACEB5C97C131CBBFB341DDD8E64FE68B587558AA8F082AB2670F2' has been loaded from the cache 
2023-04-28 11:52:28,127  INFO | pool-2-thread-26 | e.e.esig.dss.xades.validation.XAdESCertificateSource    | +XAdESCertificateSource 
2023-04-28 11:52:28,127  INFO | pool-2-thread-34 | eu.europa.esig.dss.spi.x509.revocation.ocsp.OCSPToken   | OCSP status is good 
2023-04-28 11:52:28,127  INFO | pool-2-thread-33 | eu.europa.esig.dss.validation.SignedDocumentValidator   | Default SignaturePolicyProvider instantiated with NativeHTTPDataLoader. 
2023-04-28 11:52:28,128  INFO | pool-2-thread-27 | e.europa.esig.dss.validation.CommonCertificateVerifier  | + New CommonCertificateVerifier created. 
2023-04-28 11:52:28,129  INFO | pool-2-thread-34 | e.e.e.d.spi.x509.revocation.RepositoryRevocationSource  | Revocation token for certificate with Id 'C-96DB5CFA7ABACEB5C97C131CBBFB341DDD8E64FE68B587558AA8F082AB2670F2' has been loaded from the cache 
2023-04-28 11:52:28,129  INFO | pool-2-thread-16 | eu.europa.esig.dss.spi.x509.revocation.ocsp.OCSPToken   | OCSP status is good 
2023-04-28 11:52:28,130  INFO | pool-2-thread-16 | e.e.e.d.spi.x509.revocation.RepositoryRevocationSource  | Revocation token for certificate with Id 'C-96DB5CFA7ABACEB5C97C131CBBFB341DDD8E64FE68B587558AA8F082AB2670F2' has been loaded from the cache 
2023-04-28 11:52:28,130  INFO | pool-2-thread-34 | eu.europa.esig.dss.validation.SignedDocumentValidator   | Default SignaturePolicyProvider instantiated with NativeHTTPDataLoader. 
2023-04-28 11:52:28,131  INFO | pool-2-thread-16 | eu.europa.esig.dss.validation.SignedDocumentValidator   | Default SignaturePolicyProvider instantiated with NativeHTTPDataLoader. 
2023-04-28 11:52:28,131  INFO | pool-2-thread-37 | e.europa.esig.dss.validation.CommonCertificateVerifier  | + New CommonCertificateVerifier created. 
2023-04-28 11:52:28,132  INFO | pool-2-thread-17 | e.europa.esig.dss.validation.CommonCertificateVerifier  | + New CommonCertificateVerifier created. 
2023-04-28 11:52:28,132  INFO | pool-2-thread-40 | e.europa.esig.dss.validation.CommonCertificateVerifier  | + New CommonCertificateVerifier created. 
2023-04-28 11:52:28,138  INFO | pool-2-thread-19 | e.e.esig.dss.xades.validation.XAdESCertificateSource    | +XAdESCertificateSource 
2023-04-28 11:52:28,138  INFO | pool-2-thread-27 | eu.europa.esig.dss.spi.x509.revocation.ocsp.OCSPToken   | OCSP status is good 
2023-04-28 11:52:28,139  INFO | pool-2-thread-1 | e.europa.esig.dss.validation.CommonCertificateVerifier  | + New CommonCertificateVerifier created. 
2023-04-28 11:52:28,141  INFO | pool-2-thread-27 | eu.europa.esig.dss.validation.SignedDocumentValidator   | Default SignaturePolicyProvider instantiated with NativeHTTPDataLoader. 
2023-04-28 11:52:28,143  INFO | pool-2-thread-22 | e.e.esig.dss.xades.validation.XAdESCertificateSource    | +XAdESCertificateSource 
2023-04-28 11:52:28,150  INFO | pool-2-thread-8 | eu.europa.esig.dss.validation.SignedDocumentValidator   | Document validation... 
2023-04-28 11:52:28,153  INFO | pool-2-thread-1 | e.e.esig.dss.xades.validation.XAdESCertificateSource    | +XAdESCertificateSource 
2023-04-28 11:52:28,155  INFO | pool-2-thread-31 | e.europa.esig.dss.validation.CommonCertificateVerifier  | + New CommonCertificateVerifier created. 
2023-04-28 11:52:28,156  INFO | pool-2-thread-40 | eu.europa.esig.dss.spi.x509.revocation.ocsp.OCSPToken   | OCSP status is good 
2023-04-28 11:52:28,158  INFO | pool-2-thread-40 | eu.europa.esig.dss.validation.SignedDocumentValidator   | Default SignaturePolicyProvider instantiated with NativeHTTPDataLoader. 
2023-04-28 11:52:28,160  INFO | pool-2-thread-37 | e.e.esig.dss.xades.validation.XAdESCertificateSource    | +XAdESCertificateSource 
2023-04-28 11:52:28,166  INFO | pool-2-thread-17 | e.e.esig.dss.xades.validation.XAdESCertificateSource    | +XAdESCertificateSource 
2023-04-28 11:52:28,169  INFO | pool-2-thread-26 | e.europa.esig.dss.validation.CommonCertificateVerifier  | + New CommonCertificateVerifier created. 
2023-04-28 11:52:28,175  INFO | pool-2-thread-29 | e.europa.esig.dss.validation.CommonCertificateVerifier  | + New CommonCertificateVerifier created. 
2023-04-28 11:52:28,180  INFO | pool-2-thread-28 | eu.europa.esig.dss.validation.SignedDocumentValidator   | Document validation... 
2023-04-28 11:52:28,180  INFO | pool-2-thread-7 | e.europa.esig.dss.validation.CommonCertificateVerifier  | + New CommonCertificateVerifier created. 
2023-04-28 11:52:28,180  INFO | pool-2-thread-31 | eu.europa.esig.dss.spi.x509.revocation.ocsp.OCSPToken   | OCSP status is good 
2023-04-28 11:52:28,182  INFO | pool-2-thread-20 | eu.europa.esig.dss.validation.SignedDocumentValidator   | Document validation... 
2023-04-28 11:52:28,183  INFO | pool-2-thread-31 | eu.europa.esig.dss.validation.SignedDocumentValidator   | Default SignaturePolicyProvider instantiated with NativeHTTPDataLoader. 
2023-04-28 11:52:28,184  INFO | pool-2-thread-23 | e.europa.esig.dss.validation.CommonCertificateVerifier  | + New CommonCertificateVerifier created. 
2023-04-28 11:52:28,186  WARN | pool-2-thread-26 | eu.europa.esig.dss.service.ocsp.OnlineOCSPSource        | No OCSP location found for C-FCBFEBCB6B78113DFD4C6CCFCBC2B1482992DF4C48E9DE1B3B7F16F33332BFCB 
2023-04-28 11:52:28,188  INFO | pool-2-thread-26 | e.e.e.d.spi.x509.revocation.RepositoryRevocationSource  | Revocation token for certificate with Id 'C-FCBFEBCB6B78113DFD4C6CCFCBC2B1482992DF4C48E9DE1B3B7F16F33332BFCB' has been loaded from the cache 
2023-04-28 11:52:28,188  INFO | pool-2-thread-13 | e.europa.esig.dss.validation.CommonCertificateVerifier  | + New CommonCertificateVerifier created. 
2023-04-28 11:52:28,189  INFO | pool-2-thread-26 | eu.europa.esig.dss.spi.x509.revocation.ocsp.OCSPToken   | OCSP status is good 
2023-04-28 11:52:28,191  INFO | pool-2-thread-29 | e.e.esig.dss.xades.validation.XAdESCertificateSource    | +XAdESCertificateSource 
2023-04-28 11:52:28,191  INFO | pool-2-thread-26 | e.e.e.d.spi.x509.revocation.RepositoryRevocationSource  | Revocation token for certificate with Id 'C-96DB5CFA7ABACEB5C97C131CBBFB341DDD8E64FE68B587558AA8F082AB2670F2' has been loaded from the cache 
2023-04-28 11:52:28,193  INFO | pool-2-thread-26 | eu.europa.esig.dss.validation.SignedDocumentValidator   | Default SignaturePolicyProvider instantiated with NativeHTTPDataLoader. 
2023-04-28 11:52:28,196  INFO | pool-2-thread-32 | eu.europa.esig.dss.validation.SignedDocumentValidator   | Document validation... 
2023-04-28 11:52:28,196  INFO | pool-2-thread-18 | e.europa.esig.dss.validation.CommonCertificateVerifier  | + New CommonCertificateVerifier created. 
2023-04-28 11:52:28,197  INFO | pool-2-thread-8 | e.europa.esig.dss.validation.CommonCertificateVerifier  | + New CommonCertificateVerifier created. 
2023-04-28 11:52:28,197  INFO | pool-2-thread-24 | e.europa.esig.dss.validation.CommonCertificateVerifier  | + New CommonCertificateVerifier created. 
2023-04-28 11:52:28,199  INFO | pool-2-thread-13 | eu.europa.esig.dss.spi.x509.revocation.ocsp.OCSPToken   | OCSP status is good 
2023-04-28 11:52:28,200  INFO | pool-2-thread-19 | e.europa.esig.dss.validation.CommonCertificateVerifier  | + New CommonCertificateVerifier created. 
2023-04-28 11:52:28,202  INFO | pool-2-thread-13 | eu.europa.esig.dss.validation.SignedDocumentValidator   | Default SignaturePolicyProvider instantiated with NativeHTTPDataLoader. 
2023-04-28 11:52:28,203  INFO | pool-2-thread-4 | e.europa.esig.dss.validation.CommonCertificateVerifier  | + New CommonCertificateVerifier created. 
2023-04-28 11:52:28,215  INFO | pool-2-thread-39 | e.europa.esig.dss.validation.CommonCertificateVerifier  | + New CommonCertificateVerifier created. 
2023-04-28 11:52:28,217  INFO | pool-2-thread-6 | e.europa.esig.dss.validation.CommonCertificateVerifier  | + New CommonCertificateVerifier created. 
2023-04-28 11:52:28,217  INFO | pool-2-thread-8 | e.e.esig.dss.xades.validation.XAdESCertificateSource    | +XAdESCertificateSource 
2023-04-28 11:52:28,224  INFO | pool-2-thread-39 | eu.europa.esig.dss.spi.x509.revocation.ocsp.OCSPToken   | OCSP status is good 
2023-04-28 11:52:28,224  INFO | pool-2-thread-24 | e.e.esig.dss.xades.validation.XAdESCertificateSource    | +XAdESCertificateSource 
2023-04-28 11:52:28,224  INFO | pool-2-thread-5 | e.europa.esig.dss.validation.CommonCertificateVerifier  | + New CommonCertificateVerifier created. 
2023-04-28 11:52:28,228  WARN | pool-2-thread-7 | eu.europa.esig.dss.service.ocsp.OnlineOCSPSource        | No OCSP location found for C-FCBFEBCB6B78113DFD4C6CCFCBC2B1482992DF4C48E9DE1B3B7F16F33332BFCB 
2023-04-28 11:52:28,229  WARN | pool-2-thread-6 | eu.europa.esig.dss.service.ocsp.OnlineOCSPSource        | No OCSP location found for C-FCBFEBCB6B78113DFD4C6CCFCBC2B1482992DF4C48E9DE1B3B7F16F33332BFCB 
2023-04-28 11:52:28,229  INFO | pool-2-thread-28 | e.europa.esig.dss.validation.CommonCertificateVerifier  | + New CommonCertificateVerifier created. 
2023-04-28 11:52:28,229  INFO | pool-2-thread-7 | e.e.e.d.spi.x509.revocation.RepositoryRevocationSource  | Revocation token for certificate with Id 'C-FCBFEBCB6B78113DFD4C6CCFCBC2B1482992DF4C48E9DE1B3B7F16F33332BFCB' has been loaded from the cache 
2023-04-28 11:52:28,230  INFO | pool-2-thread-6 | e.e.e.d.spi.x509.revocation.RepositoryRevocationSource  | Revocation token for certificate with Id 'C-FCBFEBCB6B78113DFD4C6CCFCBC2B1482992DF4C48E9DE1B3B7F16F33332BFCB' has been loaded from the cache 
2023-04-28 11:52:28,230  INFO | pool-2-thread-39 | eu.europa.esig.dss.validation.SignedDocumentValidator   | Default SignaturePolicyProvider instantiated with NativeHTTPDataLoader. 
2023-04-28 11:52:28,230  INFO | pool-2-thread-7 | eu.europa.esig.dss.spi.x509.revocation.ocsp.OCSPToken   | OCSP status is good 
2023-04-28 11:52:28,231  INFO | pool-2-thread-7 | e.e.e.d.spi.x509.revocation.RepositoryRevocationSource  | Revocation token for certificate with Id 'C-96DB5CFA7ABACEB5C97C131CBBFB341DDD8E64FE68B587558AA8F082AB2670F2' has been loaded from the cache 
2023-04-28 11:52:28,233  INFO | pool-2-thread-6 | eu.europa.esig.dss.spi.x509.revocation.ocsp.OCSPToken   | OCSP status is good 
2023-04-28 11:52:28,233  INFO | pool-2-thread-7 | eu.europa.esig.dss.validation.SignedDocumentValidator   | Default SignaturePolicyProvider instantiated with NativeHTTPDataLoader. 
2023-04-28 11:52:28,234  INFO | pool-2-thread-6 | e.e.e.d.spi.x509.revocation.RepositoryRevocationSource  | Revocation token for certificate with Id 'C-96DB5CFA7ABACEB5C97C131CBBFB341DDD8E64FE68B587558AA8F082AB2670F2' has been loaded from the cache 
2023-04-28 11:52:28,234  WARN | pool-2-thread-23 | eu.europa.esig.dss.service.ocsp.OnlineOCSPSource        | No OCSP location found for C-FCBFEBCB6B78113DFD4C6CCFCBC2B1482992DF4C48E9DE1B3B7F16F33332BFCB 
2023-04-28 11:52:28,236  INFO | pool-2-thread-6 | eu.europa.esig.dss.validation.SignedDocumentValidator   | Default SignaturePolicyProvider instantiated with NativeHTTPDataLoader. 
2023-04-28 11:52:28,236  INFO | pool-2-thread-23 | e.e.e.d.spi.x509.revocation.RepositoryRevocationSource  | Revocation token for certificate with Id 'C-FCBFEBCB6B78113DFD4C6CCFCBC2B1482992DF4C48E9DE1B3B7F16F33332BFCB' has been loaded from the cache 
2023-04-28 11:52:28,236  INFO | pool-2-thread-20 | e.europa.esig.dss.validation.CommonCertificateVerifier  | + New CommonCertificateVerifier created. 
2023-04-28 11:52:28,238  INFO | pool-2-thread-23 | eu.europa.esig.dss.spi.x509.revocation.ocsp.OCSPToken   | OCSP status is good 
2023-04-28 11:52:28,239  INFO | pool-2-thread-23 | e.e.e.d.spi.x509.revocation.RepositoryRevocationSource  | Revocation token for certificate with Id 'C-96DB5CFA7ABACEB5C97C131CBBFB341DDD8E64FE68B587558AA8F082AB2670F2' has been loaded from the cache 
2023-04-28 11:52:28,241  INFO | pool-2-thread-23 | eu.europa.esig.dss.validation.SignedDocumentValidator   | Default SignaturePolicyProvider instantiated with NativeHTTPDataLoader. 
2023-04-28 11:52:28,241  INFO | pool-2-thread-9 | e.europa.esig.dss.validation.CommonCertificateVerifier  | + New CommonCertificateVerifier created. 
2023-04-28 11:52:28,241  INFO | pool-2-thread-5 | eu.europa.esig.dss.spi.x509.revocation.ocsp.OCSPToken   | OCSP status is good 
2023-04-28 11:52:28,242  INFO | pool-2-thread-3 | e.europa.esig.dss.validation.CommonCertificateVerifier  | + New CommonCertificateVerifier created. 
2023-04-28 11:52:28,243  INFO | pool-2-thread-32 | e.europa.esig.dss.validation.CommonCertificateVerifier  | + New CommonCertificateVerifier created. 
2023-04-28 11:52:28,243  INFO | pool-2-thread-5 | eu.europa.esig.dss.validation.SignedDocumentValidator   | Default SignaturePolicyProvider instantiated with NativeHTTPDataLoader. 
2023-04-28 11:52:28,244  INFO | pool-2-thread-2 | e.europa.esig.dss.validation.CommonCertificateVerifier  | + New CommonCertificateVerifier created. 
2023-04-28 11:52:28,245  WARN | pool-2-thread-19 | eu.europa.esig.dss.service.ocsp.OnlineOCSPSource        | No OCSP location found for C-FCBFEBCB6B78113DFD4C6CCFCBC2B1482992DF4C48E9DE1B3B7F16F33332BFCB 
2023-04-28 11:52:28,245  INFO | pool-2-thread-1 | e.europa.esig.dss.validation.CommonCertificateVerifier  | + New CommonCertificateVerifier created. 
2023-04-28 11:52:28,246  INFO | pool-2-thread-28 | e.e.esig.dss.xades.validation.XAdESCertificateSource    | +XAdESCertificateSource 
2023-04-28 11:52:28,246  INFO | pool-2-thread-19 | e.e.e.d.spi.x509.revocation.RepositoryRevocationSource  | Revocation token for certificate with Id 'C-FCBFEBCB6B78113DFD4C6CCFCBC2B1482992DF4C48E9DE1B3B7F16F33332BFCB' has been loaded from the cache 
2023-04-28 11:52:28,248  INFO | pool-2-thread-19 | eu.europa.esig.dss.spi.x509.revocation.ocsp.OCSPToken   | OCSP status is good 
2023-04-28 11:52:28,250  INFO | pool-2-thread-19 | e.e.e.d.spi.x509.revocation.RepositoryRevocationSource  | Revocation token for certificate with Id 'C-96DB5CFA7ABACEB5C97C131CBBFB341DDD8E64FE68B587558AA8F082AB2670F2' has been loaded from the cache 
2023-04-28 11:52:28,251  INFO | pool-2-thread-9 | eu.europa.esig.dss.spi.x509.revocation.ocsp.OCSPToken   | OCSP status is good 
2023-04-28 11:52:28,251  WARN | pool-2-thread-4 | eu.europa.esig.dss.service.ocsp.OnlineOCSPSource        | No OCSP location found for C-FCBFEBCB6B78113DFD4C6CCFCBC2B1482992DF4C48E9DE1B3B7F16F33332BFCB 
2023-04-28 11:52:28,253  INFO | pool-2-thread-32 | e.e.esig.dss.xades.validation.XAdESCertificateSource    | +XAdESCertificateSource 
2023-04-28 11:52:28,253  INFO | pool-2-thread-19 | eu.europa.esig.dss.validation.SignedDocumentValidator   | Default SignaturePolicyProvider instantiated with NativeHTTPDataLoader. 
2023-04-28 11:52:28,254  INFO | pool-2-thread-9 | eu.europa.esig.dss.validation.SignedDocumentValidator   | Default SignaturePolicyProvider instantiated with NativeHTTPDataLoader. 
2023-04-28 11:52:28,255  INFO | pool-2-thread-4 | e.e.e.d.spi.x509.revocation.RepositoryRevocationSource  | Revocation token for certificate with Id 'C-FCBFEBCB6B78113DFD4C6CCFCBC2B1482992DF4C48E9DE1B3B7F16F33332BFCB' has been loaded from the cache 
2023-04-28 11:52:28,257  INFO | pool-2-thread-20 | e.e.esig.dss.xades.validation.XAdESCertificateSource    | +XAdESCertificateSource 
2023-04-28 11:52:28,259  INFO | pool-2-thread-4 | eu.europa.esig.dss.spi.x509.revocation.ocsp.OCSPToken   | OCSP status is good 
2023-04-28 11:52:28,260  INFO | pool-2-thread-4 | e.e.e.d.spi.x509.revocation.RepositoryRevocationSource  | Revocation token for certificate with Id 'C-96DB5CFA7ABACEB5C97C131CBBFB341DDD8E64FE68B587558AA8F082AB2670F2' has been loaded from the cache 
2023-04-28 11:52:28,261  INFO | pool-2-thread-18 | eu.europa.esig.dss.spi.x509.revocation.ocsp.OCSPToken   | OCSP status is good 
2023-04-28 11:52:28,261  INFO | pool-2-thread-4 | eu.europa.esig.dss.validation.SignedDocumentValidator   | Default SignaturePolicyProvider instantiated with NativeHTTPDataLoader. 
2023-04-28 11:52:28,263  INFO | pool-2-thread-18 | eu.europa.esig.dss.validation.SignedDocumentValidator   | Default SignaturePolicyProvider instantiated with NativeHTTPDataLoader. 
2023-04-28 11:52:28,271  INFO | pool-2-thread-14 | e.europa.esig.dss.validation.CommonCertificateVerifier  | + New CommonCertificateVerifier created. 
2023-04-28 11:52:28,272  INFO | pool-2-thread-10 | e.europa.esig.dss.validation.CommonCertificateVerifier  | + New CommonCertificateVerifier created. 
2023-04-28 11:52:28,271  INFO | pool-2-thread-38 | eu.europa.esig.dss.validation.SignedDocumentValidator   | Document validation... 
2023-04-28 11:52:28,278  INFO | pool-2-thread-25 | e.europa.esig.dss.validation.CommonCertificateVerifier  | + New CommonCertificateVerifier created. 
2023-04-28 11:52:28,278  WARN | pool-2-thread-2 | eu.europa.esig.dss.service.ocsp.OnlineOCSPSource        | No OCSP location found for C-FCBFEBCB6B78113DFD4C6CCFCBC2B1482992DF4C48E9DE1B3B7F16F33332BFCB 
2023-04-28 11:52:28,282  INFO | pool-2-thread-2 | e.e.e.d.spi.x509.revocation.RepositoryRevocationSource  | Revocation token for certificate with Id 'C-FCBFEBCB6B78113DFD4C6CCFCBC2B1482992DF4C48E9DE1B3B7F16F33332BFCB' has been loaded from the cache 
2023-04-28 11:52:28,283  INFO | pool-2-thread-3 | e.e.esig.dss.xades.validation.XAdESCertificateSource    | +XAdESCertificateSource 
2023-04-28 11:52:28,286  INFO | pool-2-thread-2 | eu.europa.esig.dss.spi.x509.revocation.ocsp.OCSPToken   | OCSP status is good 
2023-04-28 11:52:28,287  INFO | pool-2-thread-2 | e.e.e.d.spi.x509.revocation.RepositoryRevocationSource  | Revocation token for certificate with Id 'C-96DB5CFA7ABACEB5C97C131CBBFB341DDD8E64FE68B587558AA8F082AB2670F2' has been loaded from the cache 
2023-04-28 11:52:28,290  INFO | pool-2-thread-2 | eu.europa.esig.dss.validation.SignedDocumentValidator   | Default SignaturePolicyProvider instantiated with NativeHTTPDataLoader. 
2023-04-28 11:52:28,296  INFO | pool-2-thread-30 | eu.europa.esig.dss.validation.SignedDocumentValidator   | Document validation... 
2023-04-28 11:52:28,297  INFO | pool-2-thread-37 | e.europa.esig.dss.validation.CommonCertificateVerifier  | + New CommonCertificateVerifier created. 
2023-04-28 11:52:28,297  INFO | pool-2-thread-22 | e.europa.esig.dss.validation.CommonCertificateVerifier  | + New CommonCertificateVerifier created. 
2023-04-28 11:52:28,297  INFO | pool-2-thread-17 | e.europa.esig.dss.validation.CommonCertificateVerifier  | + New CommonCertificateVerifier created. 
2023-04-28 11:52:28,307  INFO | pool-2-thread-16 | eu.europa.esig.dss.validation.SignedDocumentValidator   | Document validation... 
2023-04-28 11:52:28,308  WARN | pool-2-thread-14 | eu.europa.esig.dss.service.ocsp.OnlineOCSPSource        | No OCSP location found for C-FCBFEBCB6B78113DFD4C6CCFCBC2B1482992DF4C48E9DE1B3B7F16F33332BFCB 
2023-04-28 11:52:28,314  INFO | pool-2-thread-10 | e.e.esig.dss.xades.validation.XAdESCertificateSource    | +XAdESCertificateSource 
2023-04-28 11:52:28,314  WARN | pool-2-thread-1 | eu.europa.esig.dss.service.ocsp.OnlineOCSPSource        | No OCSP location found for C-FCBFEBCB6B78113DFD4C6CCFCBC2B1482992DF4C48E9DE1B3B7F16F33332BFCB 
2023-04-28 11:52:28,316  INFO | pool-2-thread-1 | e.e.e.d.spi.x509.revocation.RepositoryRevocationSource  | Revocation token for certificate with Id 'C-FCBFEBCB6B78113DFD4C6CCFCBC2B1482992DF4C48E9DE1B3B7F16F33332BFCB' has been loaded from the cache 
2023-04-28 11:52:28,317  INFO | pool-2-thread-37 | eu.europa.esig.dss.spi.x509.revocation.ocsp.OCSPToken   | OCSP status is good 
2023-04-28 11:52:28,317  INFO | pool-2-thread-1 | eu.europa.esig.dss.spi.x509.revocation.ocsp.OCSPToken   | OCSP status is good 
2023-04-28 11:52:28,318  INFO | pool-2-thread-25 | e.e.esig.dss.xades.validation.XAdESCertificateSource    | +XAdESCertificateSource 
2023-04-28 11:52:28,318  INFO | pool-2-thread-1 | e.e.e.d.spi.x509.revocation.RepositoryRevocationSource  | Revocation token for certificate with Id 'C-96DB5CFA7ABACEB5C97C131CBBFB341DDD8E64FE68B587558AA8F082AB2670F2' has been loaded from the cache 
2023-04-28 11:52:28,318  INFO | pool-2-thread-17 | eu.europa.esig.dss.spi.x509.revocation.ocsp.OCSPToken   | OCSP status is good 
2023-04-28 11:52:28,319  INFO | pool-2-thread-14 | e.e.e.d.spi.x509.revocation.RepositoryRevocationSource  | Revocation token for certificate with Id 'C-FCBFEBCB6B78113DFD4C6CCFCBC2B1482992DF4C48E9DE1B3B7F16F33332BFCB' has been loaded from the cache 
2023-04-28 11:52:28,320  INFO | pool-2-thread-37 | eu.europa.esig.dss.validation.SignedDocumentValidator   | Default SignaturePolicyProvider instantiated with NativeHTTPDataLoader. 
2023-04-28 11:52:28,320  INFO | pool-2-thread-1 | eu.europa.esig.dss.validation.SignedDocumentValidator   | Default SignaturePolicyProvider instantiated with NativeHTTPDataLoader. 
2023-04-28 11:52:28,320  INFO | pool-2-thread-17 | eu.europa.esig.dss.validation.SignedDocumentValidator   | Default SignaturePolicyProvider instantiated with NativeHTTPDataLoader. 
2023-04-28 11:52:28,321  INFO | pool-2-thread-14 | eu.europa.esig.dss.spi.x509.revocation.ocsp.OCSPToken   | OCSP status is good 
2023-04-28 11:52:28,322  INFO | pool-2-thread-14 | e.e.e.d.spi.x509.revocation.RepositoryRevocationSource  | Revocation token for certificate with Id 'C-96DB5CFA7ABACEB5C97C131CBBFB341DDD8E64FE68B587558AA8F082AB2670F2' has been loaded from the cache 
2023-04-28 11:52:28,324  INFO | pool-2-thread-14 | eu.europa.esig.dss.validation.SignedDocumentValidator   | Default SignaturePolicyProvider instantiated with NativeHTTPDataLoader. 
2023-04-28 11:52:28,324  INFO | pool-2-thread-24 | e.europa.esig.dss.validation.CommonCertificateVerifier  | + New CommonCertificateVerifier created. 
2023-04-28 11:52:28,326  INFO | pool-2-thread-21 | eu.europa.esig.dss.validation.SignedDocumentValidator   | Document validation... 
2023-04-28 11:52:28,326  INFO | pool-2-thread-28 | e.europa.esig.dss.validation.CommonCertificateVerifier  | + New CommonCertificateVerifier created. 
2023-04-28 11:52:28,331  INFO | pool-2-thread-32 | e.europa.esig.dss.validation.CommonCertificateVerifier  | + New CommonCertificateVerifier created. 
2023-04-28 11:52:28,331  INFO | pool-2-thread-38 | e.europa.esig.dss.validation.CommonCertificateVerifier  | + New CommonCertificateVerifier created. 
2023-04-28 11:52:28,335  INFO | pool-2-thread-8 | e.europa.esig.dss.validation.CommonCertificateVerifier  | + New CommonCertificateVerifier created. 
2023-04-28 11:52:28,335  INFO | pool-2-thread-15 | eu.europa.esig.dss.validation.SignedDocumentValidator   | Document validation... 
2023-04-28 11:52:28,338  INFO | pool-2-thread-28 | eu.europa.esig.dss.spi.x509.revocation.ocsp.OCSPToken   | OCSP status is good 
2023-04-28 11:52:28,339  INFO | pool-2-thread-40 | eu.europa.esig.dss.validation.SignedDocumentValidator   | Document validation... 
2023-04-28 11:52:28,340  INFO | pool-2-thread-20 | e.europa.esig.dss.validation.CommonCertificateVerifier  | + New CommonCertificateVerifier created. 
2023-04-28 11:52:28,340  INFO | pool-2-thread-28 | eu.europa.esig.dss.validation.SignedDocumentValidator   | Default SignaturePolicyProvider instantiated with NativeHTTPDataLoader. 
2023-04-28 11:52:28,340  INFO | pool-2-thread-12 | eu.europa.esig.dss.validation.SignedDocumentValidator   | Document validation... 
2023-04-28 11:52:28,345  INFO | pool-2-thread-3 | e.europa.esig.dss.validation.CommonCertificateVerifier  | + New CommonCertificateVerifier created. 
2023-04-28 11:52:28,345  INFO | pool-2-thread-11 | eu.europa.esig.dss.validation.SignedDocumentValidator   | Document validation... 
2023-04-28 11:52:28,347  INFO | pool-2-thread-16 | e.europa.esig.dss.validation.CommonCertificateVerifier  | + New CommonCertificateVerifier created. 
2023-04-28 11:52:28,347  WARN | pool-2-thread-8 | eu.europa.esig.dss.service.ocsp.OnlineOCSPSource        | No OCSP location found for C-FCBFEBCB6B78113DFD4C6CCFCBC2B1482992DF4C48E9DE1B3B7F16F33332BFCB 
2023-04-28 11:52:28,349  INFO | pool-2-thread-8 | e.e.e.d.spi.x509.revocation.RepositoryRevocationSource  | Revocation token for certificate with Id 'C-FCBFEBCB6B78113DFD4C6CCFCBC2B1482992DF4C48E9DE1B3B7F16F33332BFCB' has been loaded from the cache 
2023-04-28 11:52:28,351  INFO | pool-2-thread-8 | eu.europa.esig.dss.spi.x509.revocation.ocsp.OCSPToken   | OCSP status is good 
2023-04-28 11:52:28,351  WARN | pool-2-thread-32 | eu.europa.esig.dss.service.ocsp.OnlineOCSPSource        | No OCSP location found for C-FCBFEBCB6B78113DFD4C6CCFCBC2B1482992DF4C48E9DE1B3B7F16F33332BFCB 
2023-04-28 11:52:28,351  INFO | pool-2-thread-8 | e.e.e.d.spi.x509.revocation.RepositoryRevocationSource  | Revocation token for certificate with Id 'C-96DB5CFA7ABACEB5C97C131CBBFB341DDD8E64FE68B587558AA8F082AB2670F2' has been loaded from the cache 
2023-04-28 11:52:28,352  INFO | pool-2-thread-32 | e.e.e.d.spi.x509.revocation.RepositoryRevocationSource  | Revocation token for certificate with Id 'C-FCBFEBCB6B78113DFD4C6CCFCBC2B1482992DF4C48E9DE1B3B7F16F33332BFCB' has been loaded from the cache 
2023-04-28 11:52:28,352  INFO | pool-2-thread-27 | eu.europa.esig.dss.validation.SignedDocumentValidator   | Document validation... 
2023-04-28 11:52:28,352  INFO | pool-2-thread-23 | eu.europa.esig.dss.validation.SignedDocumentValidator   | Document validation... 
2023-04-28 11:52:28,353  INFO | pool-2-thread-30 | e.europa.esig.dss.validation.CommonCertificateVerifier  | + New CommonCertificateVerifier created. 
2023-04-28 11:52:28,353  INFO | pool-2-thread-8 | eu.europa.esig.dss.validation.SignedDocumentValidator   | Default SignaturePolicyProvider instantiated with NativeHTTPDataLoader. 
2023-04-28 11:52:28,354  INFO | pool-2-thread-32 | eu.europa.esig.dss.spi.x509.revocation.ocsp.OCSPToken   | OCSP status is good 
2023-04-28 11:52:28,354  INFO | pool-2-thread-38 | e.e.esig.dss.xades.validation.XAdESCertificateSource    | +XAdESCertificateSource 
2023-04-28 11:52:28,355  INFO | pool-2-thread-32 | e.e.e.d.spi.x509.revocation.RepositoryRevocationSource  | Revocation token for certificate with Id 'C-96DB5CFA7ABACEB5C97C131CBBFB341DDD8E64FE68B587558AA8F082AB2670F2' has been loaded from the cache 
2023-04-28 11:52:28,356  INFO | pool-2-thread-32 | eu.europa.esig.dss.validation.SignedDocumentValidator   | Default SignaturePolicyProvider instantiated with NativeHTTPDataLoader. 
2023-04-28 11:52:28,357  WARN | pool-2-thread-20 | eu.europa.esig.dss.service.ocsp.OnlineOCSPSource        | No OCSP location found for C-FCBFEBCB6B78113DFD4C6CCFCBC2B1482992DF4C48E9DE1B3B7F16F33332BFCB 
2023-04-28 11:52:28,358  INFO | pool-2-thread-22 | eu.europa.esig.dss.spi.x509.revocation.ocsp.OCSPToken   | OCSP status is good 
2023-04-28 11:52:28,358  INFO | pool-2-thread-20 | e.e.e.d.spi.x509.revocation.RepositoryRevocationSource  | Revocation token for certificate with Id 'C-FCBFEBCB6B78113DFD4C6CCFCBC2B1482992DF4C48E9DE1B3B7F16F33332BFCB' has been loaded from the cache 
2023-04-28 11:52:28,358  INFO | pool-2-thread-31 | eu.europa.esig.dss.validation.SignedDocumentValidator   | Document validation... 
2023-04-28 11:52:28,359  INFO | pool-2-thread-36 | eu.europa.esig.dss.validation.SignedDocumentValidator   | Document validation... 
2023-04-28 11:52:28,360  INFO | pool-2-thread-20 | eu.europa.esig.dss.spi.x509.revocation.ocsp.OCSPToken   | OCSP status is good 
2023-04-28 11:52:28,360  INFO | pool-2-thread-20 | e.e.e.d.spi.x509.revocation.RepositoryRevocationSource  | Revocation token for certificate with Id 'C-96DB5CFA7ABACEB5C97C131CBBFB341DDD8E64FE68B587558AA8F082AB2670F2' has been loaded from the cache 
2023-04-28 11:52:28,362  INFO | pool-2-thread-3 | eu.europa.esig.dss.spi.x509.revocation.ocsp.OCSPToken   | OCSP status is good 
2023-04-28 11:52:28,362  INFO | pool-2-thread-20 | eu.europa.esig.dss.validation.SignedDocumentValidator   | Default SignaturePolicyProvider instantiated with NativeHTTPDataLoader. 
2023-04-28 11:52:28,364  INFO | pool-2-thread-10 | e.europa.esig.dss.validation.CommonCertificateVerifier  | + New CommonCertificateVerifier created. 
2023-04-28 11:52:28,364  INFO | pool-2-thread-35 | eu.europa.esig.dss.validation.SignedDocumentValidator   | Document validation... 
2023-04-28 11:52:28,364  INFO | pool-2-thread-30 | e.e.esig.dss.xades.validation.XAdESCertificateSource    | +XAdESCertificateSource 
2023-04-28 11:52:28,364  INFO | pool-2-thread-29 | e.europa.esig.dss.validation.CommonCertificateVerifier  | + New CommonCertificateVerifier created. 
2023-04-28 11:52:28,364  INFO | pool-2-thread-3 | eu.europa.esig.dss.validation.SignedDocumentValidator   | Default SignaturePolicyProvider instantiated with NativeHTTPDataLoader. 
2023-04-28 11:52:28,365  INFO | pool-2-thread-16 | e.e.esig.dss.xades.validation.XAdESCertificateSource    | +XAdESCertificateSource 
2023-04-28 11:52:28,369  INFO | pool-2-thread-29 | eu.europa.esig.dss.spi.x509.revocation.ocsp.OCSPToken   | OCSP status is good 
2023-04-28 11:52:28,370  WARN | pool-2-thread-10 | eu.europa.esig.dss.service.ocsp.OnlineOCSPSource        | No OCSP location found for C-FCBFEBCB6B78113DFD4C6CCFCBC2B1482992DF4C48E9DE1B3B7F16F33332BFCB 
2023-04-28 11:52:28,371  INFO | pool-2-thread-19 | eu.europa.esig.dss.validation.SignedDocumentValidator   | Document validation... 
2023-04-28 11:52:28,372  INFO | pool-2-thread-29 | eu.europa.esig.dss.validation.SignedDocumentValidator   | Default SignaturePolicyProvider instantiated with NativeHTTPDataLoader. 
2023-04-28 11:52:28,373  INFO | pool-2-thread-10 | e.e.e.d.spi.x509.revocation.RepositoryRevocationSource  | Revocation token for certificate with Id 'C-FCBFEBCB6B78113DFD4C6CCFCBC2B1482992DF4C48E9DE1B3B7F16F33332BFCB' has been loaded from the cache 
2023-04-28 11:52:28,375  INFO | pool-2-thread-10 | eu.europa.esig.dss.spi.x509.revocation.ocsp.OCSPToken   | OCSP status is good 
2023-04-28 11:52:28,386  INFO | pool-2-thread-7 | eu.europa.esig.dss.validation.SignedDocumentValidator   | Document validation... 
2023-04-28 11:52:28,388  INFO | pool-2-thread-16 | e.europa.esig.dss.validation.CommonCertificateVerifier  | + New CommonCertificateVerifier created. 
2023-04-28 11:52:28,395  INFO | pool-2-thread-23 | e.europa.esig.dss.validation.CommonCertificateVerifier  | + New CommonCertificateVerifier created. 
2023-04-28 11:52:28,396  WARN | pool-2-thread-24 | eu.europa.esig.dss.service.ocsp.OnlineOCSPSource        | No OCSP location found for C-FCBFEBCB6B78113DFD4C6CCFCBC2B1482992DF4C48E9DE1B3B7F16F33332BFCB 
2023-04-28 11:52:28,397  INFO | pool-2-thread-27 | e.europa.esig.dss.validation.CommonCertificateVerifier  | + New CommonCertificateVerifier created. 
2023-04-28 11:52:28,397  INFO | pool-2-thread-11 | e.europa.esig.dss.validation.CommonCertificateVerifier  | + New CommonCertificateVerifier created. 
2023-04-28 11:52:28,399  INFO | pool-2-thread-36 | e.europa.esig.dss.validation.CommonCertificateVerifier  | + New CommonCertificateVerifier created. 
2023-04-28 11:52:28,400  INFO | pool-2-thread-24 | e.e.e.d.spi.x509.revocation.RepositoryRevocationSource  | Revocation token for certificate with Id 'C-FCBFEBCB6B78113DFD4C6CCFCBC2B1482992DF4C48E9DE1B3B7F16F33332BFCB' has been loaded from the cache 
2023-04-28 11:52:28,402  INFO | pool-2-thread-24 | eu.europa.esig.dss.spi.x509.revocation.ocsp.OCSPToken   | OCSP status is good 
2023-04-28 11:52:28,402  INFO | pool-2-thread-31 | e.europa.esig.dss.validation.CommonCertificateVerifier  | + New CommonCertificateVerifier created. 
2023-04-28 11:52:28,402  INFO | pool-2-thread-12 | e.europa.esig.dss.validation.CommonCertificateVerifier  | + New CommonCertificateVerifier created. 
2023-04-28 11:52:28,403  INFO | pool-2-thread-24 | e.e.e.d.spi.x509.revocation.RepositoryRevocationSource  | Revocation token for certificate with Id 'C-96DB5CFA7ABACEB5C97C131CBBFB341DDD8E64FE68B587558AA8F082AB2670F2' has been loaded from the cache 
2023-04-28 11:52:28,403  INFO | pool-2-thread-21 | e.europa.esig.dss.validation.CommonCertificateVerifier  | + New CommonCertificateVerifier created. 
2023-04-28 11:52:28,404  INFO | pool-2-thread-24 | eu.europa.esig.dss.validation.SignedDocumentValidator   | Default SignaturePolicyProvider instantiated with NativeHTTPDataLoader. 
2023-04-28 11:52:28,407  INFO | pool-2-thread-15 | e.europa.esig.dss.validation.CommonCertificateVerifier  | + New CommonCertificateVerifier created. 
2023-04-28 11:52:28,408  INFO | pool-2-thread-22 | eu.europa.esig.dss.validation.SignedDocumentValidator   | Default SignaturePolicyProvider instantiated with NativeHTTPDataLoader. 
2023-04-28 11:52:28,411  INFO | pool-2-thread-10 | e.e.e.d.spi.x509.revocation.RepositoryRevocationSource  | Revocation token for certificate with Id 'C-96DB5CFA7ABACEB5C97C131CBBFB341DDD8E64FE68B587558AA8F082AB2670F2' has been loaded from the cache 
2023-04-28 11:52:28,411  INFO | pool-2-thread-25 | e.europa.esig.dss.validation.CommonCertificateVerifier  | + New CommonCertificateVerifier created. 
2023-04-28 11:52:28,412  INFO | pool-2-thread-10 | eu.europa.esig.dss.validation.SignedDocumentValidator   | Default SignaturePolicyProvider instantiated with NativeHTTPDataLoader. 
2023-04-28 11:52:28,413  INFO | pool-2-thread-40 | e.europa.esig.dss.validation.CommonCertificateVerifier  | + New CommonCertificateVerifier created. 
2023-04-28 11:52:28,416  INFO | pool-2-thread-36 | e.e.esig.dss.xades.validation.XAdESCertificateSource    | +XAdESCertificateSource 
2023-04-28 11:52:28,418  INFO | pool-2-thread-34 | eu.europa.esig.dss.validation.SignedDocumentValidator   | Document validation... 
2023-04-28 11:52:28,427  INFO | pool-2-thread-11 | e.e.esig.dss.xades.validation.XAdESCertificateSource    | +XAdESCertificateSource 
2023-04-28 11:52:28,428  INFO | pool-2-thread-6 | eu.europa.esig.dss.validation.SignedDocumentValidator   | Document validation... 
2023-04-28 11:52:28,428  INFO | pool-2-thread-35 | e.europa.esig.dss.validation.CommonCertificateVerifier  | + New CommonCertificateVerifier created. 
2023-04-28 11:52:28,429  INFO | pool-2-thread-31 | e.e.esig.dss.xades.validation.XAdESCertificateSource    | +XAdESCertificateSource 
2023-04-28 11:52:28,432  INFO | pool-2-thread-27 | e.e.esig.dss.xades.validation.XAdESCertificateSource    | +XAdESCertificateSource 
2023-04-28 11:52:28,433  INFO | pool-2-thread-25 | eu.europa.esig.dss.spi.x509.revocation.ocsp.OCSPToken   | OCSP status is good 
2023-04-28 11:52:28,433  WARN | pool-2-thread-16 | eu.europa.esig.dss.service.ocsp.OnlineOCSPSource        | No OCSP location found for C-FCBFEBCB6B78113DFD4C6CCFCBC2B1482992DF4C48E9DE1B3B7F16F33332BFCB 
2023-04-28 11:52:28,434  INFO | pool-2-thread-23 | e.e.esig.dss.xades.validation.XAdESCertificateSource    | +XAdESCertificateSource 
2023-04-28 11:52:28,435  INFO | pool-2-thread-18 | eu.europa.esig.dss.validation.SignedDocumentValidator   | Document validation... 
2023-04-28 11:52:28,436  INFO | pool-2-thread-33 | eu.europa.esig.dss.validation.SignedDocumentValidator   | Document validation... 
2023-04-28 11:52:28,436  INFO | pool-2-thread-25 | eu.europa.esig.dss.validation.SignedDocumentValidator   | Default SignaturePolicyProvider instantiated with NativeHTTPDataLoader. 
2023-04-28 11:52:28,436  INFO | pool-2-thread-16 | e.e.e.d.spi.x509.revocation.RepositoryRevocationSource  | Revocation token for certificate with Id 'C-FCBFEBCB6B78113DFD4C6CCFCBC2B1482992DF4C48E9DE1B3B7F16F33332BFCB' has been loaded from the cache 
2023-04-28 11:52:28,436  INFO | pool-2-thread-12 | e.e.esig.dss.xades.validation.XAdESCertificateSource    | +XAdESCertificateSource 
2023-04-28 11:52:28,438  INFO | pool-2-thread-16 | eu.europa.esig.dss.spi.x509.revocation.ocsp.OCSPToken   | OCSP status is good 
2023-04-28 11:52:28,439  INFO | pool-2-thread-21 | e.e.esig.dss.xades.validation.XAdESCertificateSource    | +XAdESCertificateSource 
2023-04-28 11:52:28,439  INFO | pool-2-thread-16 | e.e.e.d.spi.x509.revocation.RepositoryRevocationSource  | Revocation token for certificate with Id 'C-96DB5CFA7ABACEB5C97C131CBBFB341DDD8E64FE68B587558AA8F082AB2670F2' has been loaded from the cache 
2023-04-28 11:52:28,443  INFO | pool-2-thread-13 | eu.europa.esig.dss.validation.SignedDocumentValidator   | Document validation... 
2023-04-28 11:52:28,444  INFO | pool-2-thread-35 | e.e.esig.dss.xades.validation.XAdESCertificateSource    | +XAdESCertificateSource 
2023-04-28 11:52:28,444  INFO | pool-2-thread-19 | e.europa.esig.dss.validation.CommonCertificateVerifier  | + New CommonCertificateVerifier created. 
2023-04-28 11:52:28,446  INFO | pool-2-thread-30 | e.europa.esig.dss.validation.CommonCertificateVerifier  | + New CommonCertificateVerifier created. 
2023-04-28 11:52:28,454  INFO | pool-2-thread-34 | e.europa.esig.dss.validation.CommonCertificateVerifier  | + New CommonCertificateVerifier created. 
2023-04-28 11:52:28,458  INFO | pool-2-thread-7 | e.europa.esig.dss.validation.CommonCertificateVerifier  | + New CommonCertificateVerifier created. 
2023-04-28 11:52:28,459  INFO | pool-2-thread-38 | e.europa.esig.dss.validation.CommonCertificateVerifier  | + New CommonCertificateVerifier created. 
2023-04-28 11:52:28,460  INFO | pool-2-thread-16 | eu.europa.esig.dss.validation.SignedDocumentValidator   | Default SignaturePolicyProvider instantiated with NativeHTTPDataLoader. 
2023-04-28 11:52:28,473  INFO | pool-2-thread-19 | e.e.esig.dss.xades.validation.XAdESCertificateSource    | +XAdESCertificateSource 
2023-04-28 11:52:28,474  INFO | pool-2-thread-34 | e.e.esig.dss.xades.validation.XAdESCertificateSource    | +XAdESCertificateSource 
2023-04-28 11:52:28,485  INFO | pool-2-thread-38 | eu.europa.esig.dss.spi.x509.revocation.ocsp.OCSPToken   | OCSP status is good 
2023-04-28 11:52:28,485  WARN | pool-2-thread-30 | eu.europa.esig.dss.service.ocsp.OnlineOCSPSource        | No OCSP location found for C-FCBFEBCB6B78113DFD4C6CCFCBC2B1482992DF4C48E9DE1B3B7F16F33332BFCB 
2023-04-28 11:52:28,487  INFO | pool-2-thread-38 | eu.europa.esig.dss.validation.SignedDocumentValidator   | Default SignaturePolicyProvider instantiated with NativeHTTPDataLoader. 
2023-04-28 11:52:28,487  INFO | pool-2-thread-30 | e.e.e.d.spi.x509.revocation.RepositoryRevocationSource  | Revocation token for certificate with Id 'C-FCBFEBCB6B78113DFD4C6CCFCBC2B1482992DF4C48E9DE1B3B7F16F33332BFCB' has been loaded from the cache 
2023-04-28 11:52:28,488  INFO | pool-2-thread-7 | e.e.esig.dss.xades.validation.XAdESCertificateSource    | +XAdESCertificateSource 
2023-04-28 11:52:28,488  INFO | pool-2-thread-30 | eu.europa.esig.dss.spi.x509.revocation.ocsp.OCSPToken   | OCSP status is good 
2023-04-28 11:52:28,489  INFO | pool-2-thread-30 | e.e.e.d.spi.x509.revocation.RepositoryRevocationSource  | Revocation token for certificate with Id 'C-96DB5CFA7ABACEB5C97C131CBBFB341DDD8E64FE68B587558AA8F082AB2670F2' has been loaded from the cache 
2023-04-28 11:52:28,491  INFO | pool-2-thread-30 | eu.europa.esig.dss.validation.SignedDocumentValidator   | Default SignaturePolicyProvider instantiated with NativeHTTPDataLoader. 
2023-04-28 11:52:28,496  INFO | pool-2-thread-40 | e.e.esig.dss.xades.validation.XAdESCertificateSource    | +XAdESCertificateSource 
2023-04-28 11:52:28,499  INFO | pool-2-thread-7 | e.europa.esig.dss.validation.CommonCertificateVerifier  | + New CommonCertificateVerifier created. 
2023-04-28 11:52:28,504  INFO | pool-2-thread-7 | eu.europa.esig.dss.spi.x509.revocation.ocsp.OCSPToken   | OCSP status is good 
2023-04-28 11:52:28,506  INFO | pool-2-thread-7 | eu.europa.esig.dss.validation.SignedDocumentValidator   | Default SignaturePolicyProvider instantiated with NativeHTTPDataLoader. 
2023-04-28 11:52:28,506  INFO | pool-2-thread-36 | e.europa.esig.dss.validation.CommonCertificateVerifier  | + New CommonCertificateVerifier created. 
2023-04-28 11:52:28,507  INFO | pool-2-thread-4 | eu.europa.esig.dss.validation.SignedDocumentValidator   | Document validation... 
2023-04-28 11:52:28,507  INFO | pool-2-thread-23 | e.europa.esig.dss.validation.CommonCertificateVerifier  | + New CommonCertificateVerifier created. 
2023-04-28 11:52:28,508  INFO | pool-2-thread-21 | e.europa.esig.dss.validation.CommonCertificateVerifier  | + New CommonCertificateVerifier created. 
2023-04-28 11:52:28,508  INFO | pool-2-thread-33 | e.europa.esig.dss.validation.CommonCertificateVerifier  | + New CommonCertificateVerifier created. 
2023-04-28 11:52:28,511  INFO | pool-2-thread-36 | eu.europa.esig.dss.spi.x509.revocation.ocsp.OCSPToken   | OCSP status is good 
2023-04-28 11:52:28,512  INFO | pool-2-thread-21 | eu.europa.esig.dss.spi.x509.revocation.ocsp.OCSPToken   | OCSP status is good 
2023-04-28 11:52:28,512  WARN | pool-2-thread-23 | eu.europa.esig.dss.service.ocsp.OnlineOCSPSource        | No OCSP location found for C-FCBFEBCB6B78113DFD4C6CCFCBC2B1482992DF4C48E9DE1B3B7F16F33332BFCB 
2023-04-28 11:52:28,523  INFO | pool-2-thread-27 | e.europa.esig.dss.validation.CommonCertificateVerifier  | + New CommonCertificateVerifier created. 
2023-04-28 11:52:28,523  INFO | pool-2-thread-26 | eu.europa.esig.dss.validation.SignedDocumentValidator   | Document validation... 
2023-04-28 11:52:28,524  INFO | pool-2-thread-23 | e.e.e.d.spi.x509.revocation.RepositoryRevocationSource  | Revocation token for certificate with Id 'C-FCBFEBCB6B78113DFD4C6CCFCBC2B1482992DF4C48E9DE1B3B7F16F33332BFCB' has been loaded from the cache 
2023-04-28 11:52:28,525  INFO | pool-2-thread-23 | eu.europa.esig.dss.spi.x509.revocation.ocsp.OCSPToken   | OCSP status is good 
2023-04-28 11:52:28,527  INFO | pool-2-thread-33 | e.e.esig.dss.xades.validation.XAdESCertificateSource    | +XAdESCertificateSource 
2023-04-28 11:52:28,527  INFO | pool-2-thread-5 | eu.europa.esig.dss.validation.SignedDocumentValidator   | Document validation... 
2023-04-28 11:52:28,527  INFO | pool-2-thread-23 | e.e.e.d.spi.x509.revocation.RepositoryRevocationSource  | Revocation token for certificate with Id 'C-96DB5CFA7ABACEB5C97C131CBBFB341DDD8E64FE68B587558AA8F082AB2670F2' has been loaded from the cache 
2023-04-28 11:52:28,528  INFO | pool-2-thread-35 | e.europa.esig.dss.validation.CommonCertificateVerifier  | + New CommonCertificateVerifier created. 
2023-04-28 11:52:28,529  INFO | pool-2-thread-34 | e.europa.esig.dss.validation.CommonCertificateVerifier  | + New CommonCertificateVerifier created. 
2023-04-28 11:52:28,530  INFO | pool-2-thread-23 | eu.europa.esig.dss.validation.SignedDocumentValidator   | Default SignaturePolicyProvider instantiated with NativeHTTPDataLoader. 
2023-04-28 11:52:28,530  INFO | pool-2-thread-15 | e.e.esig.dss.xades.validation.XAdESCertificateSource    | +XAdESCertificateSource 
2023-04-28 11:52:28,530  INFO | pool-2-thread-40 | e.europa.esig.dss.validation.CommonCertificateVerifier  | + New CommonCertificateVerifier created. 
2023-04-28 11:52:28,531  INFO | pool-2-thread-36 | eu.europa.esig.dss.validation.SignedDocumentValidator   | Default SignaturePolicyProvider instantiated with NativeHTTPDataLoader. 
2023-04-28 11:52:28,537  INFO | pool-2-thread-12 | e.europa.esig.dss.validation.CommonCertificateVerifier  | + New CommonCertificateVerifier created. 
2023-04-28 11:52:28,538  INFO | pool-2-thread-28 | eu.europa.esig.dss.validation.SignedDocumentValidator   | Document validation... 
2023-04-28 11:52:28,539  INFO | pool-2-thread-19 | e.europa.esig.dss.validation.CommonCertificateVerifier  | + New CommonCertificateVerifier created. 
2023-04-28 11:52:28,539  INFO | pool-2-thread-4 | e.europa.esig.dss.validation.CommonCertificateVerifier  | + New CommonCertificateVerifier created. 
2023-04-28 11:52:28,540  INFO | pool-2-thread-13 | e.europa.esig.dss.validation.CommonCertificateVerifier  | + New CommonCertificateVerifier created. 
2023-04-28 11:52:28,541  INFO | pool-2-thread-31 | e.europa.esig.dss.validation.CommonCertificateVerifier  | + New CommonCertificateVerifier created. 
2023-04-28 11:52:28,541  INFO | pool-2-thread-27 | eu.europa.esig.dss.spi.x509.revocation.ocsp.OCSPToken   | OCSP status is good 
2023-04-28 11:52:28,543  WARN | pool-2-thread-40 | eu.europa.esig.dss.service.ocsp.OnlineOCSPSource        | No OCSP location found for C-FCBFEBCB6B78113DFD4C6CCFCBC2B1482992DF4C48E9DE1B3B7F16F33332BFCB 
2023-04-28 11:52:28,544  INFO | pool-2-thread-27 | eu.europa.esig.dss.validation.SignedDocumentValidator   | Default SignaturePolicyProvider instantiated with NativeHTTPDataLoader. 
2023-04-28 11:52:28,544  INFO | pool-2-thread-8 | eu.europa.esig.dss.validation.SignedDocumentValidator   | Document validation... 
2023-04-28 11:52:28,544  INFO | pool-2-thread-31 | eu.europa.esig.dss.spi.x509.revocation.ocsp.OCSPToken   | OCSP status is good 
2023-04-28 11:52:28,544  INFO | pool-2-thread-18 | e.europa.esig.dss.validation.CommonCertificateVerifier  | + New CommonCertificateVerifier created. 
2023-04-28 11:52:28,545  INFO | pool-2-thread-40 | e.e.e.d.spi.x509.revocation.RepositoryRevocationSource  | Revocation token for certificate with Id 'C-FCBFEBCB6B78113DFD4C6CCFCBC2B1482992DF4C48E9DE1B3B7F16F33332BFCB' has been loaded from the cache 
2023-04-28 11:52:28,546  INFO | pool-2-thread-4 | e.e.esig.dss.xades.validation.XAdESCertificateSource    | +XAdESCertificateSource 
2023-04-28 11:52:28,546  WARN | pool-2-thread-19 | eu.europa.esig.dss.service.ocsp.OnlineOCSPSource        | No OCSP location found for C-FCBFEBCB6B78113DFD4C6CCFCBC2B1482992DF4C48E9DE1B3B7F16F33332BFCB 
2023-04-28 11:52:28,547  INFO | pool-2-thread-31 | eu.europa.esig.dss.validation.SignedDocumentValidator   | Default SignaturePolicyProvider instantiated with NativeHTTPDataLoader. 
2023-04-28 11:52:28,548  INFO | pool-2-thread-40 | eu.europa.esig.dss.spi.x509.revocation.ocsp.OCSPToken   | OCSP status is good 
2023-04-28 11:52:28,548  INFO | pool-2-thread-21 | eu.europa.esig.dss.validation.SignedDocumentValidator   | Default SignaturePolicyProvider instantiated with NativeHTTPDataLoader. 
2023-04-28 11:52:28,549  INFO | pool-2-thread-19 | e.e.e.d.spi.x509.revocation.RepositoryRevocationSource  | Revocation token for certificate with Id 'C-FCBFEBCB6B78113DFD4C6CCFCBC2B1482992DF4C48E9DE1B3B7F16F33332BFCB' has been loaded from the cache 
2023-04-28 11:52:28,549  INFO | pool-2-thread-40 | e.e.e.d.spi.x509.revocation.RepositoryRevocationSource  | Revocation token for certificate with Id 'C-96DB5CFA7ABACEB5C97C131CBBFB341DDD8E64FE68B587558AA8F082AB2670F2' has been loaded from the cache 
2023-04-28 11:52:28,551  INFO | pool-2-thread-40 | eu.europa.esig.dss.validation.SignedDocumentValidator   | Default SignaturePolicyProvider instantiated with NativeHTTPDataLoader. 
2023-04-28 11:52:28,552  WARN | pool-2-thread-12 | eu.europa.esig.dss.service.ocsp.OnlineOCSPSource        | No OCSP location found for C-FCBFEBCB6B78113DFD4C6CCFCBC2B1482992DF4C48E9DE1B3B7F16F33332BFCB 
2023-04-28 11:52:28,552  INFO | pool-2-thread-19 | eu.europa.esig.dss.spi.x509.revocation.ocsp.OCSPToken   | OCSP status is good 
2023-04-28 11:52:28,553  INFO | pool-2-thread-13 | e.e.esig.dss.xades.validation.XAdESCertificateSource    | +XAdESCertificateSource 
2023-04-28 11:52:28,553  INFO | pool-2-thread-6 | e.europa.esig.dss.validation.CommonCertificateVerifier  | + New CommonCertificateVerifier created. 
2023-04-28 11:52:28,555  INFO | pool-2-thread-12 | e.e.e.d.spi.x509.revocation.RepositoryRevocationSource  | Revocation token for certificate with Id 'C-FCBFEBCB6B78113DFD4C6CCFCBC2B1482992DF4C48E9DE1B3B7F16F33332BFCB' has been loaded from the cache 
2023-04-28 11:52:28,557  INFO | pool-2-thread-12 | eu.europa.esig.dss.spi.x509.revocation.ocsp.OCSPToken   | OCSP status is good 
2023-04-28 11:52:28,558  INFO | pool-2-thread-12 | e.e.e.d.spi.x509.revocation.RepositoryRevocationSource  | Revocation token for certificate with Id 'C-96DB5CFA7ABACEB5C97C131CBBFB341DDD8E64FE68B587558AA8F082AB2670F2' has been loaded from the cache 
2023-04-28 11:52:28,559  INFO | pool-2-thread-18 | e.e.esig.dss.xades.validation.XAdESCertificateSource    | +XAdESCertificateSource 
2023-04-28 11:52:28,559  INFO | pool-2-thread-34 | eu.europa.esig.dss.spi.x509.revocation.ocsp.OCSPToken   | OCSP status is good 
2023-04-28 11:52:28,560  INFO | pool-2-thread-12 | eu.europa.esig.dss.validation.SignedDocumentValidator   | Default SignaturePolicyProvider instantiated with NativeHTTPDataLoader. 
2023-04-28 11:52:28,561  INFO | pool-2-thread-34 | eu.europa.esig.dss.validation.SignedDocumentValidator   | Default SignaturePolicyProvider instantiated with NativeHTTPDataLoader. 
2023-04-28 11:52:28,562  INFO | pool-2-thread-28 | e.europa.esig.dss.validation.CommonCertificateVerifier  | + New CommonCertificateVerifier created. 
2023-04-28 11:52:28,562  INFO | pool-2-thread-11 | e.europa.esig.dss.validation.CommonCertificateVerifier  | + New CommonCertificateVerifier created. 
2023-04-28 11:52:28,564  INFO | pool-2-thread-35 | eu.europa.esig.dss.spi.x509.revocation.ocsp.OCSPToken   | OCSP status is good 
2023-04-28 11:52:28,564  INFO | pool-2-thread-19 | e.e.e.d.spi.x509.revocation.RepositoryRevocationSource  | Revocation token for certificate with Id 'C-96DB5CFA7ABACEB5C97C131CBBFB341DDD8E64FE68B587558AA8F082AB2670F2' has been loaded from the cache 
2023-04-28 11:52:28,567  INFO | pool-2-thread-19 | eu.europa.esig.dss.validation.SignedDocumentValidator   | Default SignaturePolicyProvider instantiated with NativeHTTPDataLoader. 
2023-04-28 11:52:28,571  INFO | pool-2-thread-35 | eu.europa.esig.dss.validation.SignedDocumentValidator   | Default SignaturePolicyProvider instantiated with NativeHTTPDataLoader. 
2023-04-28 11:52:28,577  INFO | pool-2-thread-28 | e.e.esig.dss.xades.validation.XAdESCertificateSource    | +XAdESCertificateSource 
2023-04-28 11:52:28,577  INFO | pool-2-thread-17 | eu.europa.esig.dss.validation.SignedDocumentValidator   | Document validation... 
2023-04-28 11:52:28,577  INFO | pool-2-thread-20 | eu.europa.esig.dss.validation.SignedDocumentValidator   | Document validation... 
2023-04-28 11:52:28,580  INFO | pool-2-thread-6 | e.e.esig.dss.xades.validation.XAdESCertificateSource    | +XAdESCertificateSource 
2023-04-28 11:52:28,584  INFO | pool-2-thread-8 | e.europa.esig.dss.validation.CommonCertificateVerifier  | + New CommonCertificateVerifier created. 
2023-04-28 11:52:28,585  WARN | pool-2-thread-11 | eu.europa.esig.dss.service.ocsp.OnlineOCSPSource        | No OCSP location found for C-FCBFEBCB6B78113DFD4C6CCFCBC2B1482992DF4C48E9DE1B3B7F16F33332BFCB 
2023-04-28 11:52:28,586  INFO | pool-2-thread-37 | eu.europa.esig.dss.validation.SignedDocumentValidator   | Document validation... 
2023-04-28 11:52:28,588  INFO | pool-2-thread-11 | e.e.e.d.spi.x509.revocation.RepositoryRevocationSource  | Revocation token for certificate with Id 'C-FCBFEBCB6B78113DFD4C6CCFCBC2B1482992DF4C48E9DE1B3B7F16F33332BFCB' has been loaded from the cache 
2023-04-28 11:52:28,591  INFO | pool-2-thread-11 | eu.europa.esig.dss.spi.x509.revocation.ocsp.OCSPToken   | OCSP status is good 
2023-04-28 11:52:28,592  INFO | pool-2-thread-11 | e.e.e.d.spi.x509.revocation.RepositoryRevocationSource  | Revocation token for certificate with Id 'C-96DB5CFA7ABACEB5C97C131CBBFB341DDD8E64FE68B587558AA8F082AB2670F2' has been loaded from the cache 
2023-04-28 11:52:28,593  INFO | pool-2-thread-26 | e.europa.esig.dss.validation.CommonCertificateVerifier  | + New CommonCertificateVerifier created. 
2023-04-28 11:52:28,593  INFO | pool-2-thread-5 | e.europa.esig.dss.validation.CommonCertificateVerifier  | + New CommonCertificateVerifier created. 
2023-04-28 11:52:28,593  INFO | pool-2-thread-1 | eu.europa.esig.dss.validation.SignedDocumentValidator   | Document validation... 
2023-04-28 11:52:28,594  INFO | pool-2-thread-11 | eu.europa.esig.dss.validation.SignedDocumentValidator   | Default SignaturePolicyProvider instantiated with NativeHTTPDataLoader. 
2023-04-28 11:52:28,605  INFO | pool-2-thread-8 | e.e.esig.dss.xades.validation.XAdESCertificateSource    | +XAdESCertificateSource 
2023-04-28 11:52:28,605  INFO | pool-2-thread-5 | e.e.esig.dss.xades.validation.XAdESCertificateSource    | +XAdESCertificateSource 
2023-04-28 11:52:28,608  INFO | pool-2-thread-26 | e.e.esig.dss.xades.validation.XAdESCertificateSource    | +XAdESCertificateSource 
2023-04-28 11:52:28,610  INFO | pool-2-thread-15 | e.europa.esig.dss.validation.CommonCertificateVerifier  | + New CommonCertificateVerifier created. 
2023-04-28 11:52:28,611  INFO | pool-2-thread-2 | eu.europa.esig.dss.validation.SignedDocumentValidator   | Document validation... 
2023-04-28 11:52:28,611  INFO | pool-2-thread-4 | e.europa.esig.dss.validation.CommonCertificateVerifier  | + New CommonCertificateVerifier created. 
2023-04-28 11:52:28,616  WARN | pool-2-thread-4 | eu.europa.esig.dss.service.ocsp.OnlineOCSPSource        | No OCSP location found for C-FCBFEBCB6B78113DFD4C6CCFCBC2B1482992DF4C48E9DE1B3B7F16F33332BFCB 
2023-04-28 11:52:28,616  INFO | pool-2-thread-15 | eu.europa.esig.dss.spi.x509.revocation.ocsp.OCSPToken   | OCSP status is good 
2023-04-28 11:52:28,618  INFO | pool-2-thread-4 | e.e.e.d.spi.x509.revocation.RepositoryRevocationSource  | Revocation token for certificate with Id 'C-FCBFEBCB6B78113DFD4C6CCFCBC2B1482992DF4C48E9DE1B3B7F16F33332BFCB' has been loaded from the cache 
2023-04-28 11:52:28,618  INFO | pool-2-thread-22 | eu.europa.esig.dss.validation.SignedDocumentValidator   | Document validation... 
2023-04-28 11:52:28,618  INFO | pool-2-thread-15 | eu.europa.esig.dss.validation.SignedDocumentValidator   | Default SignaturePolicyProvider instantiated with NativeHTTPDataLoader. 
2023-04-28 11:52:28,619  INFO | pool-2-thread-38 | eu.europa.esig.dss.validation.SignedDocumentValidator   | Document validation... 
2023-04-28 11:52:28,619  INFO | pool-2-thread-4 | eu.europa.esig.dss.spi.x509.revocation.ocsp.OCSPToken   | OCSP status is good 
2023-04-28 11:52:28,620  INFO | pool-2-thread-4 | e.e.e.d.spi.x509.revocation.RepositoryRevocationSource  | Revocation token for certificate with Id 'C-96DB5CFA7ABACEB5C97C131CBBFB341DDD8E64FE68B587558AA8F082AB2670F2' has been loaded from the cache 
2023-04-28 11:52:28,621  INFO | pool-2-thread-29 | eu.europa.esig.dss.validation.SignedDocumentValidator   | Document validation... 
2023-04-28 11:52:28,623  INFO | pool-2-thread-9 | eu.europa.esig.dss.validation.SignedDocumentValidator   | Document validation... 
2023-04-28 11:52:28,625  INFO | pool-2-thread-14 | eu.europa.esig.dss.validation.SignedDocumentValidator   | Document validation... 
2023-04-28 11:52:28,626  INFO | pool-2-thread-1 | e.europa.esig.dss.validation.CommonCertificateVerifier  | + New CommonCertificateVerifier created. 
2023-04-28 11:52:28,627  INFO | pool-2-thread-18 | e.europa.esig.dss.validation.CommonCertificateVerifier  | + New CommonCertificateVerifier created. 
2023-04-28 11:52:28,627  INFO | pool-2-thread-20 | e.europa.esig.dss.validation.CommonCertificateVerifier  | + New CommonCertificateVerifier created. 
2023-04-28 11:52:28,629  INFO | pool-2-thread-13 | e.europa.esig.dss.validation.CommonCertificateVerifier  | + New CommonCertificateVerifier created. 
2023-04-28 11:52:28,629  INFO | pool-2-thread-24 | eu.europa.esig.dss.validation.SignedDocumentValidator   | Document validation... 
2023-04-28 11:52:28,629  INFO | pool-2-thread-30 | eu.europa.esig.dss.validation.SignedDocumentValidator   | Document validation... 
2023-04-28 11:52:28,632  INFO | pool-2-thread-37 | e.europa.esig.dss.validation.CommonCertificateVerifier  | + New CommonCertificateVerifier created. 
2023-04-28 11:52:28,636  WARN | pool-2-thread-18 | eu.europa.esig.dss.service.ocsp.OnlineOCSPSource        | No OCSP location found for C-FCBFEBCB6B78113DFD4C6CCFCBC2B1482992DF4C48E9DE1B3B7F16F33332BFCB 
2023-04-28 11:52:28,637  INFO | pool-2-thread-1 | e.e.esig.dss.xades.validation.XAdESCertificateSource    | +XAdESCertificateSource 
2023-04-28 11:52:28,638  INFO | pool-2-thread-18 | e.e.e.d.spi.x509.revocation.RepositoryRevocationSource  | Revocation token for certificate with Id 'C-FCBFEBCB6B78113DFD4C6CCFCBC2B1482992DF4C48E9DE1B3B7F16F33332BFCB' has been loaded from the cache 
2023-04-28 11:52:28,639  INFO | pool-2-thread-20 | e.e.esig.dss.xades.validation.XAdESCertificateSource    | +XAdESCertificateSource 
2023-04-28 11:52:28,641  INFO | pool-2-thread-18 | eu.europa.esig.dss.spi.x509.revocation.ocsp.OCSPToken   | OCSP status is good 
2023-04-28 11:52:28,642  INFO | pool-2-thread-18 | e.e.e.d.spi.x509.revocation.RepositoryRevocationSource  | Revocation token for certificate with Id 'C-96DB5CFA7ABACEB5C97C131CBBFB341DDD8E64FE68B587558AA8F082AB2670F2' has been loaded from the cache 
2023-04-28 11:52:28,642  INFO | pool-2-thread-4 | eu.europa.esig.dss.validation.SignedDocumentValidator   | Default SignaturePolicyProvider instantiated with NativeHTTPDataLoader. 
2023-04-28 11:52:28,644  INFO | pool-2-thread-18 | eu.europa.esig.dss.validation.SignedDocumentValidator   | Default SignaturePolicyProvider instantiated with NativeHTTPDataLoader. 
2023-04-28 11:52:28,644  INFO | pool-2-thread-13 | eu.europa.esig.dss.spi.x509.revocation.ocsp.OCSPToken   | OCSP status is good 
2023-04-28 11:52:28,648  INFO | pool-2-thread-37 | e.e.esig.dss.xades.validation.XAdESCertificateSource    | +XAdESCertificateSource 
2023-04-28 11:52:28,648  INFO | pool-2-thread-13 | eu.europa.esig.dss.validation.SignedDocumentValidator   | Default SignaturePolicyProvider instantiated with NativeHTTPDataLoader. 
2023-04-28 11:52:28,650  INFO | pool-2-thread-26 | e.europa.esig.dss.validation.CommonCertificateVerifier  | + New CommonCertificateVerifier created. 
2023-04-28 11:52:28,651  INFO | pool-2-thread-8 | e.europa.esig.dss.validation.CommonCertificateVerifier  | + New CommonCertificateVerifier created. 
2023-04-28 11:52:28,651  INFO | pool-2-thread-5 | e.europa.esig.dss.validation.CommonCertificateVerifier  | + New CommonCertificateVerifier created. 
2023-04-28 11:52:28,651  INFO | pool-2-thread-22 | e.europa.esig.dss.validation.CommonCertificateVerifier  | + New CommonCertificateVerifier created. 
2023-04-28 11:52:28,650  INFO | pool-2-thread-2 | e.europa.esig.dss.validation.CommonCertificateVerifier  | + New CommonCertificateVerifier created. 
2023-04-28 11:52:28,653  INFO | pool-2-thread-38 | e.europa.esig.dss.validation.CommonCertificateVerifier  | + New CommonCertificateVerifier created. 
2023-04-28 11:52:28,655  INFO | pool-2-thread-31 | eu.europa.esig.dss.validation.SignedDocumentValidator   | Document validation... 
2023-04-28 11:52:28,655  INFO | pool-2-thread-28 | e.europa.esig.dss.validation.CommonCertificateVerifier  | + New CommonCertificateVerifier created. 
2023-04-28 11:52:28,655  INFO | pool-2-thread-39 | eu.europa.esig.dss.validation.SignedDocumentValidator   | Document validation... 
2023-04-28 11:52:28,656  INFO | pool-2-thread-9 | e.europa.esig.dss.validation.CommonCertificateVerifier  | + New CommonCertificateVerifier created. 
2023-04-28 11:52:28,656  INFO | pool-2-thread-14 | e.europa.esig.dss.validation.CommonCertificateVerifier  | + New CommonCertificateVerifier created. 
2023-04-28 11:52:28,656  INFO | pool-2-thread-29 | e.europa.esig.dss.validation.CommonCertificateVerifier  | + New CommonCertificateVerifier created. 
2023-04-28 11:52:28,659  INFO | pool-2-thread-5 | eu.europa.esig.dss.spi.x509.revocation.ocsp.OCSPToken   | OCSP status is good 
2023-04-28 11:52:28,659  INFO | pool-2-thread-26 | eu.europa.esig.dss.spi.x509.revocation.ocsp.OCSPToken   | OCSP status is good 
2023-04-28 11:52:28,659  INFO | pool-2-thread-8 | eu.europa.esig.dss.spi.x509.revocation.ocsp.OCSPToken   | OCSP status is good 
2023-04-28 11:52:28,659  INFO | pool-2-thread-25 | eu.europa.esig.dss.validation.SignedDocumentValidator   | Document validation... 
2023-04-28 11:52:28,660  INFO | pool-2-thread-17 | e.europa.esig.dss.validation.CommonCertificateVerifier  | + New CommonCertificateVerifier created. 
2023-04-28 11:52:28,661  INFO | pool-2-thread-10 | eu.europa.esig.dss.validation.SignedDocumentValidator   | Document validation... 
2023-04-28 11:52:28,661  INFO | pool-2-thread-5 | eu.europa.esig.dss.validation.SignedDocumentValidator   | Default SignaturePolicyProvider instantiated with NativeHTTPDataLoader. 
2023-04-28 11:52:28,661  INFO | pool-2-thread-8 | eu.europa.esig.dss.validation.SignedDocumentValidator   | Default SignaturePolicyProvider instantiated with NativeHTTPDataLoader. 
2023-04-28 11:52:28,661  INFO | pool-2-thread-26 | eu.europa.esig.dss.validation.SignedDocumentValidator   | Default SignaturePolicyProvider instantiated with NativeHTTPDataLoader. 
2023-04-28 11:52:28,664  INFO | pool-2-thread-33 | e.europa.esig.dss.validation.CommonCertificateVerifier  | + New CommonCertificateVerifier created. 
2023-04-28 11:52:28,664  WARN | pool-2-thread-28 | eu.europa.esig.dss.service.ocsp.OnlineOCSPSource        | No OCSP location found for C-FCBFEBCB6B78113DFD4C6CCFCBC2B1482992DF4C48E9DE1B3B7F16F33332BFCB 
2023-04-28 11:52:28,666  INFO | pool-2-thread-28 | e.e.e.d.spi.x509.revocation.RepositoryRevocationSource  | Revocation token for certificate with Id 'C-FCBFEBCB6B78113DFD4C6CCFCBC2B1482992DF4C48E9DE1B3B7F16F33332BFCB' has been loaded from the cache 
2023-04-28 11:52:28,667  INFO | pool-2-thread-2 | e.e.esig.dss.xades.validation.XAdESCertificateSource    | +XAdESCertificateSource 
2023-04-28 11:52:28,668  INFO | pool-2-thread-20 | e.europa.esig.dss.validation.CommonCertificateVerifier  | + New CommonCertificateVerifier created. 
2023-04-28 11:52:28,670  INFO | pool-2-thread-28 | eu.europa.esig.dss.spi.x509.revocation.ocsp.OCSPToken   | OCSP status is good 
2023-04-28 11:52:28,670  INFO | pool-2-thread-22 | e.e.esig.dss.xades.validation.XAdESCertificateSource    | +XAdESCertificateSource 
2023-04-28 11:52:28,670  INFO | pool-2-thread-38 | e.e.esig.dss.xades.validation.XAdESCertificateSource    | +XAdESCertificateSource 
2023-04-28 11:52:28,670  INFO | pool-2-thread-28 | e.e.e.d.spi.x509.revocation.RepositoryRevocationSource  | Revocation token for certificate with Id 'C-96DB5CFA7ABACEB5C97C131CBBFB341DDD8E64FE68B587558AA8F082AB2670F2' has been loaded from the cache 
2023-04-28 11:52:28,672  INFO | pool-2-thread-28 | eu.europa.esig.dss.validation.SignedDocumentValidator   | Default SignaturePolicyProvider instantiated with NativeHTTPDataLoader. 
2023-04-28 11:52:28,672  INFO | pool-2-thread-24 | e.europa.esig.dss.validation.CommonCertificateVerifier  | + New CommonCertificateVerifier created. 
2023-04-28 11:52:28,683  INFO | pool-2-thread-31 | e.europa.esig.dss.validation.CommonCertificateVerifier  | + New CommonCertificateVerifier created. 
2023-04-28 11:52:28,683  INFO | pool-2-thread-39 | e.europa.esig.dss.validation.CommonCertificateVerifier  | + New CommonCertificateVerifier created. 
2023-04-28 11:52:28,685  INFO | pool-2-thread-14 | e.e.esig.dss.xades.validation.XAdESCertificateSource    | +XAdESCertificateSource 
2023-04-28 11:52:28,686  INFO | pool-2-thread-17 | e.e.esig.dss.xades.validation.XAdESCertificateSource    | +XAdESCertificateSource 
2023-04-28 11:52:28,690  INFO | pool-2-thread-10 | e.europa.esig.dss.validation.CommonCertificateVerifier  | + New CommonCertificateVerifier created. 
2023-04-28 11:52:28,690  INFO | pool-2-thread-31 | e.e.esig.dss.xades.validation.XAdESCertificateSource    | +XAdESCertificateSource 
2023-04-28 11:52:28,692  INFO | pool-2-thread-39 | e.e.esig.dss.xades.validation.XAdESCertificateSource    | +XAdESCertificateSource 
2023-04-28 11:52:28,693  INFO | pool-2-thread-7 | eu.europa.esig.dss.validation.SignedDocumentValidator   | Document validation... 
2023-04-28 11:52:28,695  INFO | pool-2-thread-25 | e.europa.esig.dss.validation.CommonCertificateVerifier  | + New CommonCertificateVerifier created. 
2023-04-28 11:52:28,695  INFO | pool-2-thread-14 | e.europa.esig.dss.validation.CommonCertificateVerifier  | + New CommonCertificateVerifier created. 
2023-04-28 11:52:28,701  INFO | pool-2-thread-1 | e.europa.esig.dss.validation.CommonCertificateVerifier  | + New CommonCertificateVerifier created. 
2023-04-28 11:52:28,704  INFO | pool-2-thread-9 | e.e.esig.dss.xades.validation.XAdESCertificateSource    | +XAdESCertificateSource 
2023-04-28 11:52:28,706  INFO | pool-2-thread-30 | e.europa.esig.dss.validation.CommonCertificateVerifier  | + New CommonCertificateVerifier created. 
2023-04-28 11:52:28,707  INFO | pool-2-thread-10 | e.e.esig.dss.xades.validation.XAdESCertificateSource    | +XAdESCertificateSource 
2023-04-28 11:52:28,711  INFO | pool-2-thread-6 | e.europa.esig.dss.validation.CommonCertificateVerifier  | + New CommonCertificateVerifier created. 
2023-04-28 11:52:28,714  INFO | pool-2-thread-25 | e.e.esig.dss.xades.validation.XAdESCertificateSource    | +XAdESCertificateSource 
2023-04-28 11:52:28,714  WARN | pool-2-thread-20 | eu.europa.esig.dss.service.ocsp.OnlineOCSPSource        | No OCSP location found for C-FCBFEBCB6B78113DFD4C6CCFCBC2B1482992DF4C48E9DE1B3B7F16F33332BFCB 
2023-04-28 11:52:28,716  INFO | pool-2-thread-20 | e.e.e.d.spi.x509.revocation.RepositoryRevocationSource  | Revocation token for certificate with Id 'C-FCBFEBCB6B78113DFD4C6CCFCBC2B1482992DF4C48E9DE1B3B7F16F33332BFCB' has been loaded from the cache 
2023-04-28 11:52:28,717  INFO | pool-2-thread-29 | e.e.esig.dss.xades.validation.XAdESCertificateSource    | +XAdESCertificateSource 
2023-04-28 11:52:28,718  INFO | pool-2-thread-20 | eu.europa.esig.dss.spi.x509.revocation.ocsp.OCSPToken   | OCSP status is good 
2023-04-28 11:52:28,719  INFO | pool-2-thread-20 | e.e.e.d.spi.x509.revocation.RepositoryRevocationSource  | Revocation token for certificate with Id 'C-96DB5CFA7ABACEB5C97C131CBBFB341DDD8E64FE68B587558AA8F082AB2670F2' has been loaded from the cache 
2023-04-28 11:52:28,721  INFO | pool-2-thread-20 | eu.europa.esig.dss.validation.SignedDocumentValidator   | Default SignaturePolicyProvider instantiated with NativeHTTPDataLoader. 
2023-04-28 11:52:28,723  INFO | pool-2-thread-23 | eu.europa.esig.dss.validation.SignedDocumentValidator   | Document validation... 
2023-04-28 11:52:28,724  INFO | pool-2-thread-37 | e.europa.esig.dss.validation.CommonCertificateVerifier  | + New CommonCertificateVerifier created. 
2023-04-28 11:52:28,734  INFO | pool-2-thread-7 | e.europa.esig.dss.validation.CommonCertificateVerifier  | + New CommonCertificateVerifier created. 
2023-04-28 11:52:28,736  WARN | pool-2-thread-33 | eu.europa.esig.dss.service.ocsp.OnlineOCSPSource        | No OCSP location found for C-FCBFEBCB6B78113DFD4C6CCFCBC2B1482992DF4C48E9DE1B3B7F16F33332BFCB 
2023-04-28 11:52:28,738  INFO | pool-2-thread-33 | e.e.e.d.spi.x509.revocation.RepositoryRevocationSource  | Revocation token for certificate with Id 'C-FCBFEBCB6B78113DFD4C6CCFCBC2B1482992DF4C48E9DE1B3B7F16F33332BFCB' has been loaded from the cache 
2023-04-28 11:52:28,740  INFO | pool-2-thread-33 | eu.europa.esig.dss.spi.x509.revocation.ocsp.OCSPToken   | OCSP status is good 
2023-04-28 11:52:28,741  INFO | pool-2-thread-33 | e.e.e.d.spi.x509.revocation.RepositoryRevocationSource  | Revocation token for certificate with Id 'C-96DB5CFA7ABACEB5C97C131CBBFB341DDD8E64FE68B587558AA8F082AB2670F2' has been loaded from the cache 
2023-04-28 11:52:28,742  INFO | pool-2-thread-33 | eu.europa.esig.dss.validation.SignedDocumentValidator   | Default SignaturePolicyProvider instantiated with NativeHTTPDataLoader. 
2023-04-28 11:52:28,749  INFO | pool-2-thread-39 | e.europa.esig.dss.validation.CommonCertificateVerifier  | + New CommonCertificateVerifier created. 
2023-04-28 11:52:28,750  INFO | pool-2-thread-37 | eu.europa.esig.dss.spi.x509.revocation.ocsp.OCSPToken   | OCSP status is good 
2023-04-28 11:52:28,750  INFO | pool-2-thread-24 | e.e.esig.dss.xades.validation.XAdESCertificateSource    | +XAdESCertificateSource 
2023-04-28 11:52:28,753  INFO | pool-2-thread-37 | eu.europa.esig.dss.validation.SignedDocumentValidator   | Default SignaturePolicyProvider instantiated with NativeHTTPDataLoader. 
2023-04-28 11:52:28,754  INFO | pool-2-thread-23 | e.europa.esig.dss.validation.CommonCertificateVerifier  | + New CommonCertificateVerifier created. 
2023-04-28 11:52:28,755  INFO | pool-2-thread-39 | eu.europa.esig.dss.spi.x509.revocation.ocsp.OCSPToken   | OCSP status is good 
2023-04-28 11:52:28,758  INFO | pool-2-thread-1 | eu.europa.esig.dss.spi.x509.revocation.ocsp.OCSPToken   | OCSP status is good 
2023-04-28 11:52:28,760  INFO | pool-2-thread-1 | eu.europa.esig.dss.validation.SignedDocumentValidator   | Default SignaturePolicyProvider instantiated with NativeHTTPDataLoader. 
2023-04-28 11:52:28,767  INFO | pool-2-thread-7 | e.e.esig.dss.xades.validation.XAdESCertificateSource    | +XAdESCertificateSource 
2023-04-28 11:52:28,769  WARN | pool-2-thread-14 | eu.europa.esig.dss.service.ocsp.OnlineOCSPSource        | No OCSP location found for C-FCBFEBCB6B78113DFD4C6CCFCBC2B1482992DF4C48E9DE1B3B7F16F33332BFCB 
2023-04-28 11:52:28,770  INFO | pool-2-thread-14 | e.e.e.d.spi.x509.revocation.RepositoryRevocationSource  | Revocation token for certificate with Id 'C-FCBFEBCB6B78113DFD4C6CCFCBC2B1482992DF4C48E9DE1B3B7F16F33332BFCB' has been loaded from the cache 
2023-04-28 11:52:28,772  INFO | pool-2-thread-14 | eu.europa.esig.dss.spi.x509.revocation.ocsp.OCSPToken   | OCSP status is good 
2023-04-28 11:52:28,758  INFO | pool-2-thread-39 | eu.europa.esig.dss.validation.SignedDocumentValidator   | Default SignaturePolicyProvider instantiated with NativeHTTPDataLoader. 
2023-04-28 11:52:28,773  INFO | pool-2-thread-14 | e.e.e.d.spi.x509.revocation.RepositoryRevocationSource  | Revocation token for certificate with Id 'C-96DB5CFA7ABACEB5C97C131CBBFB341DDD8E64FE68B587558AA8F082AB2670F2' has been loaded from the cache 
2023-04-28 11:52:28,775  INFO | pool-2-thread-17 | e.europa.esig.dss.validation.CommonCertificateVerifier  | + New CommonCertificateVerifier created. 
2023-04-28 11:52:28,775  INFO | pool-2-thread-14 | eu.europa.esig.dss.validation.SignedDocumentValidator   | Default SignaturePolicyProvider instantiated with NativeHTTPDataLoader. 
2023-04-28 11:52:28,779  INFO | pool-2-thread-31 | e.europa.esig.dss.validation.CommonCertificateVerifier  | + New CommonCertificateVerifier created. 
2023-04-28 11:52:28,779  WARN | pool-2-thread-6 | eu.europa.esig.dss.service.ocsp.OnlineOCSPSource        | No OCSP location found for C-FCBFEBCB6B78113DFD4C6CCFCBC2B1482992DF4C48E9DE1B3B7F16F33332BFCB 
2023-04-28 11:52:28,781  INFO | pool-2-thread-6 | e.e.e.d.spi.x509.revocation.RepositoryRevocationSource  | Revocation token for certificate with Id 'C-FCBFEBCB6B78113DFD4C6CCFCBC2B1482992DF4C48E9DE1B3B7F16F33332BFCB' has been loaded from the cache 
2023-04-28 11:52:28,782  INFO | pool-2-thread-38 | e.europa.esig.dss.validation.CommonCertificateVerifier  | + New CommonCertificateVerifier created. 
2023-04-28 11:52:28,783  INFO | pool-2-thread-6 | eu.europa.esig.dss.spi.x509.revocation.ocsp.OCSPToken   | OCSP status is good 
2023-04-28 11:52:28,783  INFO | pool-2-thread-2 | e.europa.esig.dss.validation.CommonCertificateVerifier  | + New CommonCertificateVerifier created. 
2023-04-28 11:52:28,784  INFO | pool-2-thread-6 | e.e.e.d.spi.x509.revocation.RepositoryRevocationSource  | Revocation token for certificate with Id 'C-96DB5CFA7ABACEB5C97C131CBBFB341DDD8E64FE68B587558AA8F082AB2670F2' has been loaded from the cache 
2023-04-28 11:52:28,786  INFO | pool-2-thread-6 | eu.europa.esig.dss.validation.SignedDocumentValidator   | Default SignaturePolicyProvider instantiated with NativeHTTPDataLoader. 
2023-04-28 11:52:28,787  WARN | pool-2-thread-2 | eu.europa.esig.dss.service.ocsp.OnlineOCSPSource        | No OCSP location found for C-FCBFEBCB6B78113DFD4C6CCFCBC2B1482992DF4C48E9DE1B3B7F16F33332BFCB 
2023-04-28 11:52:28,789  INFO | pool-2-thread-2 | e.e.e.d.spi.x509.revocation.RepositoryRevocationSource  | Revocation token for certificate with Id 'C-FCBFEBCB6B78113DFD4C6CCFCBC2B1482992DF4C48E9DE1B3B7F16F33332BFCB' has been loaded from the cache 
2023-04-28 11:52:28,790  INFO | pool-2-thread-23 | e.e.esig.dss.xades.validation.XAdESCertificateSource    | +XAdESCertificateSource 
2023-04-28 11:52:28,791  INFO | pool-2-thread-2 | eu.europa.esig.dss.spi.x509.revocation.ocsp.OCSPToken   | OCSP status is good 
2023-04-28 11:52:28,792  INFO | pool-2-thread-24 | e.europa.esig.dss.validation.CommonCertificateVerifier  | + New CommonCertificateVerifier created. 
2023-04-28 11:52:28,792  INFO | pool-2-thread-2 | e.e.e.d.spi.x509.revocation.RepositoryRevocationSource  | Revocation token for certificate with Id 'C-96DB5CFA7ABACEB5C97C131CBBFB341DDD8E64FE68B587558AA8F082AB2670F2' has been loaded from the cache 
2023-04-28 11:52:28,794  INFO | pool-2-thread-2 | eu.europa.esig.dss.validation.SignedDocumentValidator   | Default SignaturePolicyProvider instantiated with NativeHTTPDataLoader. 
2023-04-28 11:52:28,797  WARN | pool-2-thread-24 | eu.europa.esig.dss.service.ocsp.OnlineOCSPSource        | No OCSP location found for C-FCBFEBCB6B78113DFD4C6CCFCBC2B1482992DF4C48E9DE1B3B7F16F33332BFCB 
2023-04-28 11:52:28,799  INFO | pool-2-thread-24 | e.e.e.d.spi.x509.revocation.RepositoryRevocationSource  | Revocation token for certificate with Id 'C-FCBFEBCB6B78113DFD4C6CCFCBC2B1482992DF4C48E9DE1B3B7F16F33332BFCB' has been loaded from the cache 
2023-04-28 11:52:28,804  INFO | pool-2-thread-24 | eu.europa.esig.dss.spi.x509.revocation.ocsp.OCSPToken   | OCSP status is good 
2023-04-28 11:52:28,805  INFO | pool-2-thread-24 | e.e.e.d.spi.x509.revocation.RepositoryRevocationSource  | Revocation token for certificate with Id 'C-96DB5CFA7ABACEB5C97C131CBBFB341DDD8E64FE68B587558AA8F082AB2670F2' has been loaded from the cache 
2023-04-28 11:52:28,807  INFO | pool-2-thread-24 | eu.europa.esig.dss.validation.SignedDocumentValidator   | Default SignaturePolicyProvider instantiated with NativeHTTPDataLoader. 
2023-04-28 11:52:28,807  INFO | pool-2-thread-17 | eu.europa.esig.dss.spi.x509.revocation.ocsp.OCSPToken   | OCSP status is good 
2023-04-28 11:52:28,807  INFO | pool-2-thread-22 | e.europa.esig.dss.validation.CommonCertificateVerifier  | + New CommonCertificateVerifier created. 
2023-04-28 11:52:28,808  INFO | pool-2-thread-30 | e.e.esig.dss.xades.validation.XAdESCertificateSource    | +XAdESCertificateSource 
2023-04-28 11:52:28,809  INFO | pool-2-thread-17 | eu.europa.esig.dss.validation.SignedDocumentValidator   | Default SignaturePolicyProvider instantiated with NativeHTTPDataLoader. 
2023-04-28 11:52:28,817  WARN | pool-2-thread-31 | eu.europa.esig.dss.service.ocsp.OnlineOCSPSource        | No OCSP location found for C-FCBFEBCB6B78113DFD4C6CCFCBC2B1482992DF4C48E9DE1B3B7F16F33332BFCB 
2023-04-28 11:52:28,820  INFO | pool-2-thread-31 | e.e.e.d.spi.x509.revocation.RepositoryRevocationSource  | Revocation token for certificate with Id 'C-FCBFEBCB6B78113DFD4C6CCFCBC2B1482992DF4C48E9DE1B3B7F16F33332BFCB' has been loaded from the cache 
2023-04-28 11:52:28,822  INFO | pool-2-thread-31 | eu.europa.esig.dss.spi.x509.revocation.ocsp.OCSPToken   | OCSP status is good 
2023-04-28 11:52:28,823  INFO | pool-2-thread-31 | e.e.e.d.spi.x509.revocation.RepositoryRevocationSource  | Revocation token for certificate with Id 'C-96DB5CFA7ABACEB5C97C131CBBFB341DDD8E64FE68B587558AA8F082AB2670F2' has been loaded from the cache 
2023-04-28 11:52:28,825  INFO | pool-2-thread-31 | eu.europa.esig.dss.validation.SignedDocumentValidator   | Default SignaturePolicyProvider instantiated with NativeHTTPDataLoader. 
2023-04-28 11:52:28,825  INFO | pool-2-thread-22 | eu.europa.esig.dss.spi.x509.revocation.ocsp.OCSPToken   | OCSP status is good 
2023-04-28 11:52:28,827  INFO | pool-2-thread-22 | eu.europa.esig.dss.validation.SignedDocumentValidator   | Default SignaturePolicyProvider instantiated with NativeHTTPDataLoader. 
2023-04-28 11:52:28,831  WARN | pool-2-thread-38 | eu.europa.esig.dss.service.ocsp.OnlineOCSPSource        | No OCSP location found for C-FCBFEBCB6B78113DFD4C6CCFCBC2B1482992DF4C48E9DE1B3B7F16F33332BFCB 
2023-04-28 11:52:28,832  INFO | pool-2-thread-38 | e.e.e.d.spi.x509.revocation.RepositoryRevocationSource  | Revocation token for certificate with Id 'C-FCBFEBCB6B78113DFD4C6CCFCBC2B1482992DF4C48E9DE1B3B7F16F33332BFCB' has been loaded from the cache 
2023-04-28 11:52:28,854  INFO | pool-2-thread-23 | e.europa.esig.dss.validation.CommonCertificateVerifier  | + New CommonCertificateVerifier created. 
2023-04-28 11:52:28,857  INFO | pool-2-thread-25 | e.europa.esig.dss.validation.CommonCertificateVerifier  | + New CommonCertificateVerifier created. 
2023-04-28 11:52:28,857  INFO | pool-2-thread-16 | eu.europa.esig.dss.validation.SignedDocumentValidator   | Document validation... 
2023-04-28 11:52:28,862  INFO | pool-2-thread-7 | e.europa.esig.dss.validation.CommonCertificateVerifier  | + New CommonCertificateVerifier created. 
2023-04-28 11:52:28,863  INFO | pool-2-thread-23 | eu.europa.esig.dss.spi.x509.revocation.ocsp.OCSPToken   | OCSP status is good 
2023-04-28 11:52:28,866  INFO | pool-2-thread-23 | eu.europa.esig.dss.validation.SignedDocumentValidator   | Default SignaturePolicyProvider instantiated with NativeHTTPDataLoader. 
2023-04-28 11:52:28,866  WARN | pool-2-thread-25 | eu.europa.esig.dss.service.ocsp.OnlineOCSPSource        | No OCSP location found for C-FCBFEBCB6B78113DFD4C6CCFCBC2B1482992DF4C48E9DE1B3B7F16F33332BFCB 
2023-04-28 11:52:28,867  INFO | pool-2-thread-7 | eu.europa.esig.dss.spi.x509.revocation.ocsp.OCSPToken   | OCSP status is good 
2023-04-28 11:52:28,868  INFO | pool-2-thread-25 | e.e.e.d.spi.x509.revocation.RepositoryRevocationSource  | Revocation token for certificate with Id 'C-FCBFEBCB6B78113DFD4C6CCFCBC2B1482992DF4C48E9DE1B3B7F16F33332BFCB' has been loaded from the cache 
2023-04-28 11:52:28,869  INFO | pool-2-thread-7 | eu.europa.esig.dss.validation.SignedDocumentValidator   | Default SignaturePolicyProvider instantiated with NativeHTTPDataLoader. 
2023-04-28 11:52:28,869  INFO | pool-2-thread-25 | eu.europa.esig.dss.spi.x509.revocation.ocsp.OCSPToken   | OCSP status is good 
2023-04-28 11:52:28,870  INFO | pool-2-thread-25 | e.e.e.d.spi.x509.revocation.RepositoryRevocationSource  | Revocation token for certificate with Id 'C-96DB5CFA7ABACEB5C97C131CBBFB341DDD8E64FE68B587558AA8F082AB2670F2' has been loaded from the cache 
2023-04-28 11:52:28,872  INFO | pool-2-thread-16 | e.europa.esig.dss.validation.CommonCertificateVerifier  | + New CommonCertificateVerifier created. 
2023-04-28 11:52:28,872  INFO | pool-2-thread-36 | eu.europa.esig.dss.validation.SignedDocumentValidator   | Document validation... 
2023-04-28 11:52:28,873  INFO | pool-2-thread-25 | eu.europa.esig.dss.validation.SignedDocumentValidator   | Default SignaturePolicyProvider instantiated with NativeHTTPDataLoader. 
2023-04-28 11:52:28,879  INFO | pool-2-thread-36 | e.europa.esig.dss.validation.CommonCertificateVerifier  | + New CommonCertificateVerifier created. 
2023-04-28 11:52:28,879  INFO | pool-2-thread-29 | e.europa.esig.dss.validation.CommonCertificateVerifier  | + New CommonCertificateVerifier created. 
2023-04-28 11:52:28,879  INFO | pool-2-thread-16 | e.e.esig.dss.xades.validation.XAdESCertificateSource    | +XAdESCertificateSource 
2023-04-28 11:52:28,885  WARN | pool-2-thread-29 | eu.europa.esig.dss.service.ocsp.OnlineOCSPSource        | No OCSP location found for C-FCBFEBCB6B78113DFD4C6CCFCBC2B1482992DF4C48E9DE1B3B7F16F33332BFCB 
2023-04-28 11:52:28,885  INFO | pool-2-thread-38 | eu.europa.esig.dss.spi.x509.revocation.ocsp.OCSPToken   | OCSP status is good 
2023-04-28 11:52:28,886  INFO | pool-2-thread-38 | e.e.e.d.spi.x509.revocation.RepositoryRevocationSource  | Revocation token for certificate with Id 'C-96DB5CFA7ABACEB5C97C131CBBFB341DDD8E64FE68B587558AA8F082AB2670F2' has been loaded from the cache 
2023-04-28 11:52:28,886  INFO | pool-2-thread-29 | e.e.e.d.spi.x509.revocation.RepositoryRevocationSource  | Revocation token for certificate with Id 'C-FCBFEBCB6B78113DFD4C6CCFCBC2B1482992DF4C48E9DE1B3B7F16F33332BFCB' has been loaded from the cache 
2023-04-28 11:52:28,886  INFO | pool-2-thread-36 | e.e.esig.dss.xades.validation.XAdESCertificateSource    | +XAdESCertificateSource 
2023-04-28 11:52:28,887  INFO | pool-2-thread-29 | eu.europa.esig.dss.spi.x509.revocation.ocsp.OCSPToken   | OCSP status is good 
2023-04-28 11:52:28,887  INFO | pool-2-thread-38 | eu.europa.esig.dss.validation.SignedDocumentValidator   | Default SignaturePolicyProvider instantiated with NativeHTTPDataLoader. 
2023-04-28 11:52:28,888  INFO | pool-2-thread-29 | e.e.e.d.spi.x509.revocation.RepositoryRevocationSource  | Revocation token for certificate with Id 'C-96DB5CFA7ABACEB5C97C131CBBFB341DDD8E64FE68B587558AA8F082AB2670F2' has been loaded from the cache 
2023-04-28 11:52:28,889  INFO | pool-2-thread-16 | e.europa.esig.dss.validation.CommonCertificateVerifier  | + New CommonCertificateVerifier created. 
2023-04-28 11:52:28,890  INFO | pool-2-thread-29 | eu.europa.esig.dss.validation.SignedDocumentValidator   | Default SignaturePolicyProvider instantiated with NativeHTTPDataLoader. 
2023-04-28 11:52:28,896  INFO | pool-2-thread-3 | eu.europa.esig.dss.validation.SignedDocumentValidator   | Document validation... 
2023-04-28 11:52:28,897  INFO | pool-2-thread-32 | eu.europa.esig.dss.validation.SignedDocumentValidator   | Document validation... 
2023-04-28 11:52:28,903  INFO | pool-2-thread-32 | e.europa.esig.dss.validation.CommonCertificateVerifier  | + New CommonCertificateVerifier created. 
2023-04-28 11:52:28,904  INFO | pool-2-thread-3 | e.europa.esig.dss.validation.CommonCertificateVerifier  | + New CommonCertificateVerifier created. 
2023-04-28 11:52:28,906  INFO | pool-2-thread-21 | eu.europa.esig.dss.validation.SignedDocumentValidator   | Document validation... 
2023-04-28 11:52:28,912  INFO | pool-2-thread-36 | e.europa.esig.dss.validation.CommonCertificateVerifier  | + New CommonCertificateVerifier created. 
2023-04-28 11:52:28,913  INFO | pool-2-thread-9 | e.europa.esig.dss.validation.CommonCertificateVerifier  | + New CommonCertificateVerifier created. 
2023-04-28 11:52:28,922  INFO | pool-2-thread-32 | e.e.esig.dss.xades.validation.XAdESCertificateSource    | +XAdESCertificateSource 
2023-04-28 11:52:28,922  INFO | pool-2-thread-3 | e.e.esig.dss.xades.validation.XAdESCertificateSource    | +XAdESCertificateSource 
2023-04-28 11:52:28,923  INFO | pool-2-thread-16 | eu.europa.esig.dss.spi.x509.revocation.ocsp.OCSPToken   | OCSP status is good 
2023-04-28 11:52:28,928  INFO | pool-2-thread-9 | eu.europa.esig.dss.spi.x509.revocation.ocsp.OCSPToken   | OCSP status is good 
2023-04-28 11:52:28,928  INFO | pool-2-thread-36 | eu.europa.esig.dss.spi.x509.revocation.ocsp.OCSPToken   | OCSP status is good 
2023-04-28 11:52:28,930  INFO | pool-2-thread-9 | eu.europa.esig.dss.validation.SignedDocumentValidator   | Default SignaturePolicyProvider instantiated with NativeHTTPDataLoader. 
2023-04-28 11:52:28,930  INFO | pool-2-thread-36 | eu.europa.esig.dss.validation.SignedDocumentValidator   | Default SignaturePolicyProvider instantiated with NativeHTTPDataLoader. 
2023-04-28 11:52:28,933  INFO | pool-2-thread-30 | e.europa.esig.dss.validation.CommonCertificateVerifier  | + New CommonCertificateVerifier created. 
2023-04-28 11:52:28,934  INFO | pool-2-thread-16 | eu.europa.esig.dss.validation.SignedDocumentValidator   | Default SignaturePolicyProvider instantiated with NativeHTTPDataLoader. 
2023-04-28 11:52:28,939  INFO | pool-2-thread-10 | e.europa.esig.dss.validation.CommonCertificateVerifier  | + New CommonCertificateVerifier created. 
2023-04-28 11:52:28,942  INFO | pool-2-thread-32 | e.europa.esig.dss.validation.CommonCertificateVerifier  | + New CommonCertificateVerifier created. 
2023-04-28 11:52:28,944  WARN | pool-2-thread-10 | eu.europa.esig.dss.service.ocsp.OnlineOCSPSource        | No OCSP location found for C-FCBFEBCB6B78113DFD4C6CCFCBC2B1482992DF4C48E9DE1B3B7F16F33332BFCB 
2023-04-28 11:52:28,945  INFO | pool-2-thread-10 | e.e.e.d.spi.x509.revocation.RepositoryRevocationSource  | Revocation token for certificate with Id 'C-FCBFEBCB6B78113DFD4C6CCFCBC2B1482992DF4C48E9DE1B3B7F16F33332BFCB' has been loaded from the cache 
2023-04-28 11:52:28,946  WARN | pool-2-thread-32 | eu.europa.esig.dss.service.ocsp.OnlineOCSPSource        | No OCSP location found for C-FCBFEBCB6B78113DFD4C6CCFCBC2B1482992DF4C48E9DE1B3B7F16F33332BFCB 
2023-04-28 11:52:28,947  INFO | pool-2-thread-10 | eu.europa.esig.dss.spi.x509.revocation.ocsp.OCSPToken   | OCSP status is good 
2023-04-28 11:52:28,947  INFO | pool-2-thread-32 | e.e.e.d.spi.x509.revocation.RepositoryRevocationSource  | Revocation token for certificate with Id 'C-FCBFEBCB6B78113DFD4C6CCFCBC2B1482992DF4C48E9DE1B3B7F16F33332BFCB' has been loaded from the cache 
2023-04-28 11:52:28,948  INFO | pool-2-thread-10 | e.e.e.d.spi.x509.revocation.RepositoryRevocationSource  | Revocation token for certificate with Id 'C-96DB5CFA7ABACEB5C97C131CBBFB341DDD8E64FE68B587558AA8F082AB2670F2' has been loaded from the cache 
2023-04-28 11:52:28,949  INFO | pool-2-thread-32 | eu.europa.esig.dss.spi.x509.revocation.ocsp.OCSPToken   | OCSP status is good 
2023-04-28 11:52:28,951  INFO | pool-2-thread-32 | e.e.e.d.spi.x509.revocation.RepositoryRevocationSource  | Revocation token for certificate with Id 'C-96DB5CFA7ABACEB5C97C131CBBFB341DDD8E64FE68B587558AA8F082AB2670F2' has been loaded from the cache 
2023-04-28 11:52:28,951  INFO | pool-2-thread-10 | eu.europa.esig.dss.validation.SignedDocumentValidator   | Default SignaturePolicyProvider instantiated with NativeHTTPDataLoader. 
2023-04-28 11:52:28,952  INFO | pool-2-thread-30 | eu.europa.esig.dss.spi.x509.revocation.ocsp.OCSPToken   | OCSP status is good 
2023-04-28 11:52:28,953  INFO | pool-2-thread-3 | e.europa.esig.dss.validation.CommonCertificateVerifier  | + New CommonCertificateVerifier created. 
2023-04-28 11:52:28,954  INFO | pool-2-thread-30 | eu.europa.esig.dss.validation.SignedDocumentValidator   | Default SignaturePolicyProvider instantiated with NativeHTTPDataLoader. 
2023-04-28 11:52:28,958  INFO | pool-2-thread-3 | eu.europa.esig.dss.spi.x509.revocation.ocsp.OCSPToken   | OCSP status is good 
2023-04-28 11:52:28,960  INFO | pool-2-thread-3 | eu.europa.esig.dss.validation.SignedDocumentValidator   | Default SignaturePolicyProvider instantiated with NativeHTTPDataLoader. 
2023-04-28 11:52:28,964  INFO | pool-2-thread-21 | e.europa.esig.dss.validation.CommonCertificateVerifier  | + New CommonCertificateVerifier created. 
2023-04-28 11:52:28,964  INFO | pool-2-thread-32 | eu.europa.esig.dss.validation.SignedDocumentValidator   | Default SignaturePolicyProvider instantiated with NativeHTTPDataLoader. 
2023-04-28 11:52:28,972  INFO | pool-2-thread-21 | e.e.esig.dss.xades.validation.XAdESCertificateSource    | +XAdESCertificateSource 
2023-04-28 11:52:28,981  INFO | pool-2-thread-21 | e.europa.esig.dss.validation.CommonCertificateVerifier  | + New CommonCertificateVerifier created. 
2023-04-28 11:52:29,009  WARN | pool-2-thread-21 | eu.europa.esig.dss.service.ocsp.OnlineOCSPSource        | No OCSP location found for C-FCBFEBCB6B78113DFD4C6CCFCBC2B1482992DF4C48E9DE1B3B7F16F33332BFCB 
2023-04-28 11:52:29,011  INFO | pool-2-thread-21 | e.e.e.d.spi.x509.revocation.RepositoryRevocationSource  | Revocation token for certificate with Id 'C-FCBFEBCB6B78113DFD4C6CCFCBC2B1482992DF4C48E9DE1B3B7F16F33332BFCB' has been loaded from the cache 
2023-04-28 11:52:29,012  INFO | pool-2-thread-21 | eu.europa.esig.dss.spi.x509.revocation.ocsp.OCSPToken   | OCSP status is good 
2023-04-28 11:52:29,013  INFO | pool-2-thread-21 | e.e.e.d.spi.x509.revocation.RepositoryRevocationSource  | Revocation token for certificate with Id 'C-96DB5CFA7ABACEB5C97C131CBBFB341DDD8E64FE68B587558AA8F082AB2670F2' has been loaded from the cache 
2023-04-28 11:52:29,015  INFO | pool-2-thread-21 | eu.europa.esig.dss.validation.SignedDocumentValidator   | Default SignaturePolicyProvider instantiated with NativeHTTPDataLoader. 
]]></system-out>
  </testcase>
  <testcase name="test" classname="eu.europa.esig.dss.xades.validation.ConcurrentValidationTest" time="7.001">
    <system-out><![CDATA[2023-04-28 11:52:29,052  INFO | main | e.europa.esig.dss.validation.CommonCertificateVerifier  | + New CommonCertificateVerifier created. 
2023-04-28 11:52:29,064  INFO | pool-3-thread-1 | eu.europa.esig.dss.validation.SignedDocumentValidator   | Document validation... 
2023-04-28 11:52:29,065  INFO | pool-3-thread-5 | eu.europa.esig.dss.validation.SignedDocumentValidator   | Document validation... 
2023-04-28 11:52:29,071  INFO | pool-3-thread-1 | e.europa.esig.dss.validation.CommonCertificateVerifier  | + New CommonCertificateVerifier created. 
2023-04-28 11:52:29,071  INFO | pool-3-thread-5 | e.europa.esig.dss.validation.CommonCertificateVerifier  | + New CommonCertificateVerifier created. 
2023-04-28 11:52:29,073  INFO | pool-3-thread-1 | eu.europa.esig.dss.xades.validation.ManifestValidator   | Validation of the manifest references ... 
2023-04-28 11:52:29,074  INFO | pool-3-thread-5 | eu.europa.esig.dss.xades.validation.ManifestValidator   | Validation of the manifest references ... 
2023-04-28 11:52:29,080  INFO | pool-3-thread-4 | eu.europa.esig.dss.validation.SignedDocumentValidator   | Document validation... 
2023-04-28 11:52:29,085  INFO | pool-3-thread-4 | e.europa.esig.dss.validation.CommonCertificateVerifier  | + New CommonCertificateVerifier created. 
2023-04-28 11:52:29,088  INFO | pool-3-thread-4 | eu.europa.esig.dss.xades.validation.ManifestValidator   | Validation of the manifest references ... 
2023-04-28 11:52:29,116  INFO | pool-3-thread-12 | eu.europa.esig.dss.validation.SignedDocumentValidator   | Document validation... 
2023-04-28 11:52:29,116  INFO | pool-3-thread-13 | eu.europa.esig.dss.validation.SignedDocumentValidator   | Document validation... 
2023-04-28 11:52:29,116  INFO | pool-3-thread-20 | eu.europa.esig.dss.validation.SignedDocumentValidator   | Document validation... 
2023-04-28 11:52:29,124  INFO | pool-3-thread-13 | e.europa.esig.dss.validation.CommonCertificateVerifier  | + New CommonCertificateVerifier created. 
2023-04-28 11:52:29,126  INFO | pool-3-thread-13 | eu.europa.esig.dss.xades.validation.ManifestValidator   | Validation of the manifest references ... 
2023-04-28 11:52:29,127  INFO | pool-3-thread-2 | eu.europa.esig.dss.validation.SignedDocumentValidator   | Document validation... 
2023-04-28 11:52:29,127  INFO | pool-3-thread-9 | eu.europa.esig.dss.validation.SignedDocumentValidator   | Document validation... 
2023-04-28 11:52:29,130  INFO | pool-3-thread-17 | eu.europa.esig.dss.validation.SignedDocumentValidator   | Document validation... 
2023-04-28 11:52:29,133  INFO | pool-3-thread-9 | e.europa.esig.dss.validation.CommonCertificateVerifier  | + New CommonCertificateVerifier created. 
2023-04-28 11:52:29,133  INFO | pool-3-thread-3 | eu.europa.esig.dss.validation.SignedDocumentValidator   | Document validation... 
2023-04-28 11:52:29,133  INFO | pool-3-thread-2 | e.europa.esig.dss.validation.CommonCertificateVerifier  | + New CommonCertificateVerifier created. 
2023-04-28 11:52:29,135  INFO | pool-3-thread-9 | eu.europa.esig.dss.xades.validation.ManifestValidator   | Validation of the manifest references ... 
2023-04-28 11:52:29,135  INFO | pool-3-thread-2 | eu.europa.esig.dss.xades.validation.ManifestValidator   | Validation of the manifest references ... 
2023-04-28 11:52:29,136  INFO | pool-3-thread-12 | e.europa.esig.dss.validation.CommonCertificateVerifier  | + New CommonCertificateVerifier created. 
2023-04-28 11:52:29,138  INFO | pool-3-thread-12 | eu.europa.esig.dss.xades.validation.ManifestValidator   | Validation of the manifest references ... 
2023-04-28 11:52:29,142  INFO | pool-3-thread-20 | e.europa.esig.dss.validation.CommonCertificateVerifier  | + New CommonCertificateVerifier created. 
2023-04-28 11:52:29,142  INFO | pool-3-thread-3 | e.europa.esig.dss.validation.CommonCertificateVerifier  | + New CommonCertificateVerifier created. 
2023-04-28 11:52:29,143  INFO | pool-3-thread-20 | eu.europa.esig.dss.xades.validation.ManifestValidator   | Validation of the manifest references ... 
2023-04-28 11:52:29,144  INFO | pool-3-thread-3 | eu.europa.esig.dss.xades.validation.ManifestValidator   | Validation of the manifest references ... 
2023-04-28 11:52:29,191  INFO | pool-3-thread-18 | eu.europa.esig.dss.validation.SignedDocumentValidator   | Document validation... 
2023-04-28 11:52:29,192  INFO | pool-3-thread-6 | eu.europa.esig.dss.validation.SignedDocumentValidator   | Document validation... 
2023-04-28 11:52:29,205  INFO | pool-3-thread-18 | e.europa.esig.dss.validation.CommonCertificateVerifier  | + New CommonCertificateVerifier created. 
2023-04-28 11:52:29,207  INFO | pool-3-thread-18 | eu.europa.esig.dss.xades.validation.ManifestValidator   | Validation of the manifest references ... 
2023-04-28 11:52:29,207  INFO | pool-3-thread-10 | eu.europa.esig.dss.validation.SignedDocumentValidator   | Document validation... 
2023-04-28 11:52:29,210  INFO | pool-3-thread-17 | e.europa.esig.dss.validation.CommonCertificateVerifier  | + New CommonCertificateVerifier created. 
2023-04-28 11:52:29,211  INFO | pool-3-thread-17 | eu.europa.esig.dss.xades.validation.ManifestValidator   | Validation of the manifest references ... 
2023-04-28 11:52:29,214  INFO | pool-3-thread-6 | e.europa.esig.dss.validation.CommonCertificateVerifier  | + New CommonCertificateVerifier created. 
2023-04-28 11:52:29,216  INFO | pool-3-thread-6 | eu.europa.esig.dss.xades.validation.ManifestValidator   | Validation of the manifest references ... 
2023-04-28 11:52:29,224  INFO | pool-3-thread-19 | eu.europa.esig.dss.validation.SignedDocumentValidator   | Document validation... 
2023-04-28 11:52:29,229  INFO | pool-3-thread-10 | e.europa.esig.dss.validation.CommonCertificateVerifier  | + New CommonCertificateVerifier created. 
2023-04-28 11:52:29,229  INFO | pool-3-thread-19 | e.europa.esig.dss.validation.CommonCertificateVerifier  | + New CommonCertificateVerifier created. 
2023-04-28 11:52:29,231  INFO | pool-3-thread-10 | eu.europa.esig.dss.xades.validation.ManifestValidator   | Validation of the manifest references ... 
2023-04-28 11:52:29,231  INFO | pool-3-thread-19 | eu.europa.esig.dss.xades.validation.ManifestValidator   | Validation of the manifest references ... 
2023-04-28 11:52:29,261  INFO | pool-3-thread-11 | eu.europa.esig.dss.validation.SignedDocumentValidator   | Document validation... 
2023-04-28 11:52:29,268  INFO | pool-3-thread-11 | e.europa.esig.dss.validation.CommonCertificateVerifier  | + New CommonCertificateVerifier created. 
2023-04-28 11:52:29,269  INFO | pool-3-thread-11 | eu.europa.esig.dss.xades.validation.ManifestValidator   | Validation of the manifest references ... 
2023-04-28 11:52:29,327  INFO | pool-3-thread-7 | eu.europa.esig.dss.validation.SignedDocumentValidator   | Document validation... 
2023-04-28 11:52:29,327  INFO | pool-3-thread-14 | eu.europa.esig.dss.validation.SignedDocumentValidator   | Document validation... 
2023-04-28 11:52:29,327  INFO | pool-3-thread-16 | eu.europa.esig.dss.validation.SignedDocumentValidator   | Document validation... 
2023-04-28 11:52:29,332  INFO | pool-3-thread-16 | e.europa.esig.dss.validation.CommonCertificateVerifier  | + New CommonCertificateVerifier created. 
2023-04-28 11:52:29,333  INFO | pool-3-thread-15 | eu.europa.esig.dss.validation.SignedDocumentValidator   | Document validation... 
2023-04-28 11:52:29,333  INFO | pool-3-thread-7 | e.europa.esig.dss.validation.CommonCertificateVerifier  | + New CommonCertificateVerifier created. 
2023-04-28 11:52:29,335  INFO | pool-3-thread-16 | eu.europa.esig.dss.xades.validation.ManifestValidator   | Validation of the manifest references ... 
2023-04-28 11:52:29,336  INFO | pool-3-thread-7 | eu.europa.esig.dss.xades.validation.ManifestValidator   | Validation of the manifest references ... 
2023-04-28 11:52:29,338  INFO | pool-3-thread-8 | eu.europa.esig.dss.validation.SignedDocumentValidator   | Document validation... 
2023-04-28 11:52:29,339  INFO | pool-3-thread-14 | e.europa.esig.dss.validation.CommonCertificateVerifier  | + New CommonCertificateVerifier created. 
2023-04-28 11:52:29,340  INFO | pool-3-thread-14 | eu.europa.esig.dss.xades.validation.ManifestValidator   | Validation of the manifest references ... 
2023-04-28 11:52:29,340  INFO | pool-3-thread-15 | e.europa.esig.dss.validation.CommonCertificateVerifier  | + New CommonCertificateVerifier created. 
2023-04-28 11:52:29,342  INFO | pool-3-thread-15 | eu.europa.esig.dss.xades.validation.ManifestValidator   | Validation of the manifest references ... 
2023-04-28 11:52:29,358  INFO | pool-3-thread-8 | e.europa.esig.dss.validation.CommonCertificateVerifier  | + New CommonCertificateVerifier created. 
2023-04-28 11:52:29,359  INFO | pool-3-thread-8 | eu.europa.esig.dss.xades.validation.ManifestValidator   | Validation of the manifest references ... 
2023-04-28 11:52:29,586  INFO | pool-3-thread-7 | e.e.esig.dss.xades.validation.XAdESCertificateSource    | +XAdESCertificateSource 
2023-04-28 11:52:29,601  INFO | pool-3-thread-15 | e.e.esig.dss.xades.validation.XAdESCertificateSource    | +XAdESCertificateSource 
2023-04-28 11:52:29,609  INFO | pool-3-thread-7 | e.europa.esig.dss.validation.CommonCertificateVerifier  | + New CommonCertificateVerifier created. 
2023-04-28 11:52:29,609  INFO | pool-3-thread-15 | e.europa.esig.dss.validation.CommonCertificateVerifier  | + New CommonCertificateVerifier created. 
2023-04-28 11:52:29,611  INFO | pool-3-thread-7 | eu.europa.esig.dss.validation.AIACertificateSource      | Retrieving C-40CAF0A89961B3BD99F375518D46AF7EBA9A0A0D15175DB103568030CF7671D8 certificate's issuer using AIA. 
2023-04-28 11:52:29,611  INFO | pool-3-thread-15 | eu.europa.esig.dss.validation.AIACertificateSource      | Retrieving C-40CAF0A89961B3BD99F375518D46AF7EBA9A0A0D15175DB103568030CF7671D8 certificate's issuer using AIA. 
2023-04-28 11:52:29,618  INFO | pool-3-thread-14 | e.e.esig.dss.xades.validation.XAdESCertificateSource    | +XAdESCertificateSource 
2023-04-28 11:52:29,623  INFO | pool-3-thread-5 | e.e.esig.dss.xades.validation.XAdESCertificateSource    | +XAdESCertificateSource 
2023-04-28 11:52:29,623  INFO | pool-3-thread-3 | e.e.esig.dss.xades.validation.XAdESCertificateSource    | +XAdESCertificateSource 
2023-04-28 11:52:29,625  INFO | pool-3-thread-14 | e.europa.esig.dss.validation.CommonCertificateVerifier  | + New CommonCertificateVerifier created. 
2023-04-28 11:52:29,626  INFO | pool-3-thread-13 | e.e.esig.dss.xades.validation.XAdESCertificateSource    | +XAdESCertificateSource 
2023-04-28 11:52:29,627  INFO | pool-3-thread-14 | eu.europa.esig.dss.validation.AIACertificateSource      | Retrieving C-40CAF0A89961B3BD99F375518D46AF7EBA9A0A0D15175DB103568030CF7671D8 certificate's issuer using AIA. 
2023-04-28 11:52:29,633  INFO | pool-3-thread-4 | e.e.esig.dss.xades.validation.XAdESCertificateSource    | +XAdESCertificateSource 
2023-04-28 11:52:29,635  INFO | pool-3-thread-16 | e.e.esig.dss.xades.validation.XAdESCertificateSource    | +XAdESCertificateSource 
2023-04-28 11:52:29,653  INFO | pool-3-thread-2 | e.e.esig.dss.xades.validation.XAdESCertificateSource    | +XAdESCertificateSource 
2023-04-28 11:52:29,668  INFO | pool-3-thread-8 | e.e.esig.dss.xades.validation.XAdESCertificateSource    | +XAdESCertificateSource 
2023-04-28 11:52:29,677  INFO | pool-3-thread-5 | e.europa.esig.dss.validation.CommonCertificateVerifier  | + New CommonCertificateVerifier created. 
2023-04-28 11:52:29,677  INFO | pool-3-thread-16 | e.europa.esig.dss.validation.CommonCertificateVerifier  | + New CommonCertificateVerifier created. 
2023-04-28 11:52:29,677  INFO | pool-3-thread-2 | e.europa.esig.dss.validation.CommonCertificateVerifier  | + New CommonCertificateVerifier created. 
2023-04-28 11:52:29,680  INFO | pool-3-thread-16 | eu.europa.esig.dss.validation.AIACertificateSource      | Retrieving C-40CAF0A89961B3BD99F375518D46AF7EBA9A0A0D15175DB103568030CF7671D8 certificate's issuer using AIA. 
2023-04-28 11:52:29,680  INFO | pool-3-thread-3 | e.europa.esig.dss.validation.CommonCertificateVerifier  | + New CommonCertificateVerifier created. 
2023-04-28 11:52:29,680  INFO | pool-3-thread-13 | e.europa.esig.dss.validation.CommonCertificateVerifier  | + New CommonCertificateVerifier created. 
2023-04-28 11:52:29,680  INFO | pool-3-thread-2 | eu.europa.esig.dss.validation.AIACertificateSource      | Retrieving C-40CAF0A89961B3BD99F375518D46AF7EBA9A0A0D15175DB103568030CF7671D8 certificate's issuer using AIA. 
2023-04-28 11:52:29,680  INFO | pool-3-thread-5 | eu.europa.esig.dss.validation.AIACertificateSource      | Retrieving C-40CAF0A89961B3BD99F375518D46AF7EBA9A0A0D15175DB103568030CF7671D8 certificate's issuer using AIA. 
2023-04-28 11:52:29,680  INFO | pool-3-thread-20 | e.e.esig.dss.xades.validation.XAdESCertificateSource    | +XAdESCertificateSource 
2023-04-28 11:52:29,682  INFO | pool-3-thread-13 | eu.europa.esig.dss.validation.AIACertificateSource      | Retrieving C-40CAF0A89961B3BD99F375518D46AF7EBA9A0A0D15175DB103568030CF7671D8 certificate's issuer using AIA. 
2023-04-28 11:52:29,683  INFO | pool-3-thread-3 | eu.europa.esig.dss.validation.AIACertificateSource      | Retrieving C-40CAF0A89961B3BD99F375518D46AF7EBA9A0A0D15175DB103568030CF7671D8 certificate's issuer using AIA. 
2023-04-28 11:52:29,688  INFO | pool-3-thread-12 | e.e.esig.dss.xades.validation.XAdESCertificateSource    | +XAdESCertificateSource 
2023-04-28 11:52:29,689  INFO | pool-3-thread-4 | e.europa.esig.dss.validation.CommonCertificateVerifier  | + New CommonCertificateVerifier created. 
2023-04-28 11:52:29,691  INFO | pool-3-thread-8 | e.europa.esig.dss.validation.CommonCertificateVerifier  | + New CommonCertificateVerifier created. 
2023-04-28 11:52:29,691  INFO | pool-3-thread-4 | eu.europa.esig.dss.validation.AIACertificateSource      | Retrieving C-40CAF0A89961B3BD99F375518D46AF7EBA9A0A0D15175DB103568030CF7671D8 certificate's issuer using AIA. 
2023-04-28 11:52:29,693  INFO | pool-3-thread-8 | eu.europa.esig.dss.validation.AIACertificateSource      | Retrieving C-40CAF0A89961B3BD99F375518D46AF7EBA9A0A0D15175DB103568030CF7671D8 certificate's issuer using AIA. 
2023-04-28 11:52:29,693  INFO | pool-3-thread-18 | e.e.esig.dss.xades.validation.XAdESCertificateSource    | +XAdESCertificateSource 
2023-04-28 11:52:29,694  INFO | pool-3-thread-1 | e.e.esig.dss.xades.validation.XAdESCertificateSource    | +XAdESCertificateSource 
2023-04-28 11:52:29,695  INFO | pool-3-thread-6 | e.e.esig.dss.xades.validation.XAdESCertificateSource    | +XAdESCertificateSource 
2023-04-28 11:52:29,696  INFO | pool-3-thread-12 | e.europa.esig.dss.validation.CommonCertificateVerifier  | + New CommonCertificateVerifier created. 
2023-04-28 11:52:29,700  INFO | pool-3-thread-12 | eu.europa.esig.dss.validation.AIACertificateSource      | Retrieving C-40CAF0A89961B3BD99F375518D46AF7EBA9A0A0D15175DB103568030CF7671D8 certificate's issuer using AIA. 
2023-04-28 11:52:29,701  INFO | pool-3-thread-9 | e.e.esig.dss.xades.validation.XAdESCertificateSource    | +XAdESCertificateSource 
2023-04-28 11:52:29,702  INFO | pool-3-thread-10 | e.e.esig.dss.xades.validation.XAdESCertificateSource    | +XAdESCertificateSource 
2023-04-28 11:52:29,705  INFO | pool-3-thread-18 | e.europa.esig.dss.validation.CommonCertificateVerifier  | + New CommonCertificateVerifier created. 
2023-04-28 11:52:29,705  INFO | pool-3-thread-1 | e.europa.esig.dss.validation.CommonCertificateVerifier  | + New CommonCertificateVerifier created. 
2023-04-28 11:52:29,707  INFO | pool-3-thread-18 | eu.europa.esig.dss.validation.AIACertificateSource      | Retrieving C-40CAF0A89961B3BD99F375518D46AF7EBA9A0A0D15175DB103568030CF7671D8 certificate's issuer using AIA. 
2023-04-28 11:52:29,707  INFO | pool-3-thread-1 | eu.europa.esig.dss.validation.AIACertificateSource      | Retrieving C-40CAF0A89961B3BD99F375518D46AF7EBA9A0A0D15175DB103568030CF7671D8 certificate's issuer using AIA. 
2023-04-28 11:52:29,710  INFO | pool-3-thread-20 | e.europa.esig.dss.validation.CommonCertificateVerifier  | + New CommonCertificateVerifier created. 
2023-04-28 11:52:29,711  INFO | pool-3-thread-9 | e.europa.esig.dss.validation.CommonCertificateVerifier  | + New CommonCertificateVerifier created. 
2023-04-28 11:52:29,713  INFO | pool-3-thread-9 | eu.europa.esig.dss.validation.AIACertificateSource      | Retrieving C-40CAF0A89961B3BD99F375518D46AF7EBA9A0A0D15175DB103568030CF7671D8 certificate's issuer using AIA. 
2023-04-28 11:52:29,713  INFO | pool-3-thread-20 | eu.europa.esig.dss.validation.AIACertificateSource      | Retrieving C-40CAF0A89961B3BD99F375518D46AF7EBA9A0A0D15175DB103568030CF7671D8 certificate's issuer using AIA. 
2023-04-28 11:52:29,716  INFO | pool-3-thread-6 | e.europa.esig.dss.validation.CommonCertificateVerifier  | + New CommonCertificateVerifier created. 
2023-04-28 11:52:29,719  INFO | pool-3-thread-6 | eu.europa.esig.dss.validation.AIACertificateSource      | Retrieving C-40CAF0A89961B3BD99F375518D46AF7EBA9A0A0D15175DB103568030CF7671D8 certificate's issuer using AIA. 
2023-04-28 11:52:29,720  INFO | pool-3-thread-17 | e.e.esig.dss.xades.validation.XAdESCertificateSource    | +XAdESCertificateSource 
2023-04-28 11:52:29,726  INFO | pool-3-thread-10 | e.europa.esig.dss.validation.CommonCertificateVerifier  | + New CommonCertificateVerifier created. 
2023-04-28 11:52:29,728  INFO | pool-3-thread-10 | eu.europa.esig.dss.validation.AIACertificateSource      | Retrieving C-40CAF0A89961B3BD99F375518D46AF7EBA9A0A0D15175DB103568030CF7671D8 certificate's issuer using AIA. 
2023-04-28 11:52:29,728  INFO | pool-3-thread-17 | e.europa.esig.dss.validation.CommonCertificateVerifier  | + New CommonCertificateVerifier created. 
2023-04-28 11:52:29,736  INFO | pool-3-thread-17 | eu.europa.esig.dss.validation.AIACertificateSource      | Retrieving C-40CAF0A89961B3BD99F375518D46AF7EBA9A0A0D15175DB103568030CF7671D8 certificate's issuer using AIA. 
2023-04-28 11:52:29,750  INFO | pool-3-thread-11 | e.e.esig.dss.xades.validation.XAdESCertificateSource    | +XAdESCertificateSource 
2023-04-28 11:52:29,755  INFO | pool-3-thread-19 | e.e.esig.dss.xades.validation.XAdESCertificateSource    | +XAdESCertificateSource 
2023-04-28 11:52:29,764  INFO | pool-3-thread-11 | e.europa.esig.dss.validation.CommonCertificateVerifier  | + New CommonCertificateVerifier created. 
2023-04-28 11:52:29,765  INFO | pool-3-thread-19 | e.europa.esig.dss.validation.CommonCertificateVerifier  | + New CommonCertificateVerifier created. 
2023-04-28 11:52:29,770  INFO | pool-3-thread-11 | eu.europa.esig.dss.validation.AIACertificateSource      | Retrieving C-40CAF0A89961B3BD99F375518D46AF7EBA9A0A0D15175DB103568030CF7671D8 certificate's issuer using AIA. 
2023-04-28 11:52:29,773  INFO | pool-3-thread-19 | eu.europa.esig.dss.validation.AIACertificateSource      | Retrieving C-40CAF0A89961B3BD99F375518D46AF7EBA9A0A0D15175DB103568030CF7671D8 certificate's issuer using AIA. 
2023-04-28 11:52:29,881  INFO | pool-3-thread-5 | eu.europa.esig.dss.validation.AIACertificateSource      | Retrieving C-530B1D749BE7AD3A7BB78326B281DBCC5DF6EA5F414A7B29B970B6548B044907 certificate's issuer using AIA. 
2023-04-28 11:52:29,881  INFO | pool-3-thread-5 | eu.europa.esig.dss.spi.x509.aia.DefaultAIASource        | There is no AIA extension for certificate download. 
2023-04-28 11:52:29,881  INFO | pool-3-thread-13 | eu.europa.esig.dss.validation.AIACertificateSource      | Retrieving C-530B1D749BE7AD3A7BB78326B281DBCC5DF6EA5F414A7B29B970B6548B044907 certificate's issuer using AIA. 
2023-04-28 11:52:29,882  INFO | pool-3-thread-13 | eu.europa.esig.dss.spi.x509.aia.DefaultAIASource        | There is no AIA extension for certificate download. 
2023-04-28 11:52:29,882  WARN | pool-3-thread-13 | e.europa.esig.dss.validation.SignatureValidationContext | POE extraction is skipped for untrusted timestamp : T-26386383378D0C48268DAF57FEFF16A3E7A398A141E3F4EB26079F1DA4959501. 
2023-04-28 11:52:29,882  WARN | pool-3-thread-5 | e.europa.esig.dss.validation.SignatureValidationContext | POE extraction is skipped for untrusted timestamp : T-26386383378D0C48268DAF57FEFF16A3E7A398A141E3F4EB26079F1DA4959501. 
2023-04-28 11:52:29,883  INFO | pool-3-thread-9 | eu.europa.esig.dss.validation.AIACertificateSource      | Retrieving C-530B1D749BE7AD3A7BB78326B281DBCC5DF6EA5F414A7B29B970B6548B044907 certificate's issuer using AIA. 
2023-04-28 11:52:29,884  INFO | pool-3-thread-9 | eu.europa.esig.dss.spi.x509.aia.DefaultAIASource        | There is no AIA extension for certificate download. 
2023-04-28 11:52:29,884  INFO | pool-3-thread-18 | eu.europa.esig.dss.validation.AIACertificateSource      | Retrieving C-530B1D749BE7AD3A7BB78326B281DBCC5DF6EA5F414A7B29B970B6548B044907 certificate's issuer using AIA. 
2023-04-28 11:52:29,884  INFO | pool-3-thread-18 | eu.europa.esig.dss.spi.x509.aia.DefaultAIASource        | There is no AIA extension for certificate download. 
2023-04-28 11:52:29,884  WARN | pool-3-thread-9 | e.europa.esig.dss.validation.SignatureValidationContext | POE extraction is skipped for untrusted timestamp : T-26386383378D0C48268DAF57FEFF16A3E7A398A141E3F4EB26079F1DA4959501. 
2023-04-28 11:52:29,883  INFO | pool-3-thread-14 | eu.europa.esig.dss.validation.AIACertificateSource      | Retrieving C-530B1D749BE7AD3A7BB78326B281DBCC5DF6EA5F414A7B29B970B6548B044907 certificate's issuer using AIA. 
2023-04-28 11:52:29,885  INFO | pool-3-thread-14 | eu.europa.esig.dss.spi.x509.aia.DefaultAIASource        | There is no AIA extension for certificate download. 
2023-04-28 11:52:29,885  WARN | pool-3-thread-18 | e.europa.esig.dss.validation.SignatureValidationContext | POE extraction is skipped for untrusted timestamp : T-26386383378D0C48268DAF57FEFF16A3E7A398A141E3F4EB26079F1DA4959501. 
2023-04-28 11:52:29,886  WARN | pool-3-thread-14 | e.europa.esig.dss.validation.SignatureValidationContext | POE extraction is skipped for untrusted timestamp : T-26386383378D0C48268DAF57FEFF16A3E7A398A141E3F4EB26079F1DA4959501. 
2023-04-28 11:52:29,886  WARN | pool-3-thread-5 | e.europa.esig.dss.validation.SignatureValidationContext | No revocation found for the certificate C-CF92871488972946BA2863A316F06A75ADDE69F19608DCBEEBA26026CF3A5E12 
2023-04-28 11:52:29,886  INFO | pool-3-thread-7 | eu.europa.esig.dss.validation.AIACertificateSource      | Retrieving C-530B1D749BE7AD3A7BB78326B281DBCC5DF6EA5F414A7B29B970B6548B044907 certificate's issuer using AIA. 
2023-04-28 11:52:29,886  INFO | pool-3-thread-7 | eu.europa.esig.dss.spi.x509.aia.DefaultAIASource        | There is no AIA extension for certificate download. 
2023-04-28 11:52:29,886  WARN | pool-3-thread-13 | e.europa.esig.dss.validation.SignatureValidationContext | No revocation found for the certificate C-CF92871488972946BA2863A316F06A75ADDE69F19608DCBEEBA26026CF3A5E12 
2023-04-28 11:52:29,887  WARN | pool-3-thread-7 | e.europa.esig.dss.validation.SignatureValidationContext | POE extraction is skipped for untrusted timestamp : T-26386383378D0C48268DAF57FEFF16A3E7A398A141E3F4EB26079F1DA4959501. 
2023-04-28 11:52:29,887  WARN | pool-3-thread-5 | e.europa.esig.dss.validation.SignatureValidationContext | No revocation found for the certificate C-40CAF0A89961B3BD99F375518D46AF7EBA9A0A0D15175DB103568030CF7671D8 
2023-04-28 11:52:29,888  WARN | pool-3-thread-13 | e.europa.esig.dss.validation.SignatureValidationContext | No revocation found for the certificate C-40CAF0A89961B3BD99F375518D46AF7EBA9A0A0D15175DB103568030CF7671D8 
2023-04-28 11:52:29,888  WARN | pool-3-thread-9 | e.europa.esig.dss.validation.SignatureValidationContext | No revocation found for the certificate C-CF92871488972946BA2863A316F06A75ADDE69F19608DCBEEBA26026CF3A5E12 
2023-04-28 11:52:29,890  WARN | pool-3-thread-9 | e.europa.esig.dss.validation.SignatureValidationContext | No revocation found for the certificate C-40CAF0A89961B3BD99F375518D46AF7EBA9A0A0D15175DB103568030CF7671D8 
2023-04-28 11:52:29,890  WARN | pool-3-thread-14 | e.europa.esig.dss.validation.SignatureValidationContext | No revocation found for the certificate C-CF92871488972946BA2863A316F06A75ADDE69F19608DCBEEBA26026CF3A5E12 
2023-04-28 11:52:29,890  WARN | pool-3-thread-5 | e.europa.esig.dss.validation.SignatureValidationContext | Issuer not found for certificate C-530B1D749BE7AD3A7BB78326B281DBCC5DF6EA5F414A7B29B970B6548B044907 
2023-04-28 11:52:29,890  WARN | pool-3-thread-5 | e.europa.esig.dss.validation.SignatureValidationContext | No revocation found for the certificate C-BED0F19ED46D94900D2A9FCD7C6F660B61FF7588D8B71CF8F279D5FAA3021CCF 
2023-04-28 11:52:29,891  WARN | pool-3-thread-7 | e.europa.esig.dss.validation.SignatureValidationContext | No revocation found for the certificate C-CF92871488972946BA2863A316F06A75ADDE69F19608DCBEEBA26026CF3A5E12 
2023-04-28 11:52:29,891  WARN | pool-3-thread-5 | eu.europa.esig.dss.validation.DiagnosticDataBuilder     | Provided CertificateSource configuration contains none of trusted sources of type TRUSTED_STORE or TRUSTED_LIST! 
2023-04-28 11:52:29,891  WARN | pool-3-thread-13 | e.europa.esig.dss.validation.SignatureValidationContext | Issuer not found for certificate C-530B1D749BE7AD3A7BB78326B281DBCC5DF6EA5F414A7B29B970B6548B044907 
2023-04-28 11:52:29,891  WARN | pool-3-thread-13 | e.europa.esig.dss.validation.SignatureValidationContext | No revocation found for the certificate C-BED0F19ED46D94900D2A9FCD7C6F660B61FF7588D8B71CF8F279D5FAA3021CCF 
2023-04-28 11:52:29,891  WARN | pool-3-thread-18 | e.europa.esig.dss.validation.SignatureValidationContext | No revocation found for the certificate C-CF92871488972946BA2863A316F06A75ADDE69F19608DCBEEBA26026CF3A5E12 
2023-04-28 11:52:29,892  WARN | pool-3-thread-13 | eu.europa.esig.dss.validation.DiagnosticDataBuilder     | Provided CertificateSource configuration contains none of trusted sources of type TRUSTED_STORE or TRUSTED_LIST! 
2023-04-28 11:52:29,892  WARN | pool-3-thread-7 | e.europa.esig.dss.validation.SignatureValidationContext | No revocation found for the certificate C-40CAF0A89961B3BD99F375518D46AF7EBA9A0A0D15175DB103568030CF7671D8 
2023-04-28 11:52:29,892  WARN | pool-3-thread-14 | e.europa.esig.dss.validation.SignatureValidationContext | No revocation found for the certificate C-40CAF0A89961B3BD99F375518D46AF7EBA9A0A0D15175DB103568030CF7671D8 
2023-04-28 11:52:29,893  WARN | pool-3-thread-9 | e.europa.esig.dss.validation.SignatureValidationContext | Issuer not found for certificate C-530B1D749BE7AD3A7BB78326B281DBCC5DF6EA5F414A7B29B970B6548B044907 
2023-04-28 11:52:29,893  WARN | pool-3-thread-18 | e.europa.esig.dss.validation.SignatureValidationContext | No revocation found for the certificate C-40CAF0A89961B3BD99F375518D46AF7EBA9A0A0D15175DB103568030CF7671D8 
2023-04-28 11:52:29,893  WARN | pool-3-thread-9 | e.europa.esig.dss.validation.SignatureValidationContext | No revocation found for the certificate C-BED0F19ED46D94900D2A9FCD7C6F660B61FF7588D8B71CF8F279D5FAA3021CCF 
2023-04-28 11:52:29,893  WARN | pool-3-thread-9 | eu.europa.esig.dss.validation.DiagnosticDataBuilder     | Provided CertificateSource configuration contains none of trusted sources of type TRUSTED_STORE or TRUSTED_LIST! 
2023-04-28 11:52:29,895  WARN | pool-3-thread-7 | e.europa.esig.dss.validation.SignatureValidationContext | Issuer not found for certificate C-530B1D749BE7AD3A7BB78326B281DBCC5DF6EA5F414A7B29B970B6548B044907 
2023-04-28 11:52:29,895  WARN | pool-3-thread-18 | e.europa.esig.dss.validation.SignatureValidationContext | Issuer not found for certificate C-530B1D749BE7AD3A7BB78326B281DBCC5DF6EA5F414A7B29B970B6548B044907 
2023-04-28 11:52:29,895  WARN | pool-3-thread-7 | e.europa.esig.dss.validation.SignatureValidationContext | No revocation found for the certificate C-BED0F19ED46D94900D2A9FCD7C6F660B61FF7588D8B71CF8F279D5FAA3021CCF 
2023-04-28 11:52:29,896  WARN | pool-3-thread-18 | e.europa.esig.dss.validation.SignatureValidationContext | No revocation found for the certificate C-BED0F19ED46D94900D2A9FCD7C6F660B61FF7588D8B71CF8F279D5FAA3021CCF 
2023-04-28 11:52:29,896  WARN | pool-3-thread-7 | eu.europa.esig.dss.validation.DiagnosticDataBuilder     | Provided CertificateSource configuration contains none of trusted sources of type TRUSTED_STORE or TRUSTED_LIST! 
2023-04-28 11:52:29,896  WARN | pool-3-thread-18 | eu.europa.esig.dss.validation.DiagnosticDataBuilder     | Provided CertificateSource configuration contains none of trusted sources of type TRUSTED_STORE or TRUSTED_LIST! 
2023-04-28 11:52:29,895  WARN | pool-3-thread-14 | e.europa.esig.dss.validation.SignatureValidationContext | Issuer not found for certificate C-530B1D749BE7AD3A7BB78326B281DBCC5DF6EA5F414A7B29B970B6548B044907 
2023-04-28 11:52:29,900  WARN | pool-3-thread-14 | e.europa.esig.dss.validation.SignatureValidationContext | No revocation found for the certificate C-BED0F19ED46D94900D2A9FCD7C6F660B61FF7588D8B71CF8F279D5FAA3021CCF 
2023-04-28 11:52:29,901  WARN | pool-3-thread-14 | eu.europa.esig.dss.validation.DiagnosticDataBuilder     | Provided CertificateSource configuration contains none of trusted sources of type TRUSTED_STORE or TRUSTED_LIST! 
2023-04-28 11:52:29,934  INFO | pool-3-thread-5 | eu.europa.esig.dss.validation.SignedDocumentValidator   | Document validation... 
2023-04-28 11:52:29,934  INFO | pool-3-thread-13 | eu.europa.esig.dss.validation.SignedDocumentValidator   | Document validation... 
2023-04-28 11:52:29,936  INFO | pool-3-thread-9 | eu.europa.esig.dss.validation.SignedDocumentValidator   | Document validation... 
2023-04-28 11:52:29,940  INFO | pool-3-thread-5 | e.europa.esig.dss.validation.CommonCertificateVerifier  | + New CommonCertificateVerifier created. 
2023-04-28 11:52:29,940  INFO | pool-3-thread-13 | e.europa.esig.dss.validation.CommonCertificateVerifier  | + New CommonCertificateVerifier created. 
2023-04-28 11:52:29,941  INFO | pool-3-thread-9 | e.europa.esig.dss.validation.CommonCertificateVerifier  | + New CommonCertificateVerifier created. 
2023-04-28 11:52:29,943  INFO | pool-3-thread-13 | eu.europa.esig.dss.xades.validation.ManifestValidator   | Validation of the manifest references ... 
2023-04-28 11:52:29,943  INFO | pool-3-thread-5 | eu.europa.esig.dss.xades.validation.ManifestValidator   | Validation of the manifest references ... 
2023-04-28 11:52:29,943  INFO | pool-3-thread-9 | eu.europa.esig.dss.xades.validation.ManifestValidator   | Validation of the manifest references ... 
2023-04-28 11:52:29,950  INFO | pool-3-thread-13 | e.e.esig.dss.xades.validation.XAdESCertificateSource    | +XAdESCertificateSource 
2023-04-28 11:52:29,950  INFO | pool-3-thread-5 | e.e.esig.dss.xades.validation.XAdESCertificateSource    | +XAdESCertificateSource 
2023-04-28 11:52:29,952  INFO | pool-3-thread-9 | e.e.esig.dss.xades.validation.XAdESCertificateSource    | +XAdESCertificateSource 
2023-04-28 11:52:29,954  INFO | pool-3-thread-7 | eu.europa.esig.dss.validation.SignedDocumentValidator   | Document validation... 
2023-04-28 11:52:29,960  INFO | pool-3-thread-7 | e.europa.esig.dss.validation.CommonCertificateVerifier  | + New CommonCertificateVerifier created. 
2023-04-28 11:52:29,960  INFO | pool-3-thread-14 | eu.europa.esig.dss.validation.SignedDocumentValidator   | Document validation... 
2023-04-28 11:52:29,960  INFO | pool-3-thread-9 | e.europa.esig.dss.validation.CommonCertificateVerifier  | + New CommonCertificateVerifier created. 
2023-04-28 11:52:29,960  INFO | pool-3-thread-5 | e.europa.esig.dss.validation.CommonCertificateVerifier  | + New CommonCertificateVerifier created. 
2023-04-28 11:52:29,960  INFO | pool-3-thread-13 | e.europa.esig.dss.validation.CommonCertificateVerifier  | + New CommonCertificateVerifier created. 
2023-04-28 11:52:29,961  INFO | pool-3-thread-18 | eu.europa.esig.dss.validation.SignedDocumentValidator   | Document validation... 
2023-04-28 11:52:29,961  INFO | pool-3-thread-7 | eu.europa.esig.dss.xades.validation.ManifestValidator   | Validation of the manifest references ... 
2023-04-28 11:52:29,963  INFO | pool-3-thread-5 | eu.europa.esig.dss.validation.AIACertificateSource      | Retrieving C-40CAF0A89961B3BD99F375518D46AF7EBA9A0A0D15175DB103568030CF7671D8 certificate's issuer using AIA. 
2023-04-28 11:52:29,963  INFO | pool-3-thread-13 | eu.europa.esig.dss.validation.AIACertificateSource      | Retrieving C-40CAF0A89961B3BD99F375518D46AF7EBA9A0A0D15175DB103568030CF7671D8 certificate's issuer using AIA. 
2023-04-28 11:52:29,966  INFO | pool-3-thread-14 | e.europa.esig.dss.validation.CommonCertificateVerifier  | + New CommonCertificateVerifier created. 
2023-04-28 11:52:29,966  INFO | pool-3-thread-18 | e.europa.esig.dss.validation.CommonCertificateVerifier  | + New CommonCertificateVerifier created. 
2023-04-28 11:52:29,967  INFO | pool-3-thread-2 | eu.europa.esig.dss.validation.AIACertificateSource      | Retrieving C-530B1D749BE7AD3A7BB78326B281DBCC5DF6EA5F414A7B29B970B6548B044907 certificate's issuer using AIA. 
2023-04-28 11:52:29,968  INFO | pool-3-thread-2 | eu.europa.esig.dss.spi.x509.aia.DefaultAIASource        | There is no AIA extension for certificate download. 
2023-04-28 11:52:29,968  WARN | pool-3-thread-2 | e.europa.esig.dss.validation.SignatureValidationContext | POE extraction is skipped for untrusted timestamp : T-26386383378D0C48268DAF57FEFF16A3E7A398A141E3F4EB26079F1DA4959501. 
2023-04-28 11:52:29,969  INFO | pool-3-thread-14 | eu.europa.esig.dss.xades.validation.ManifestValidator   | Validation of the manifest references ... 
2023-04-28 11:52:29,969  INFO | pool-3-thread-18 | eu.europa.esig.dss.xades.validation.ManifestValidator   | Validation of the manifest references ... 
2023-04-28 11:52:29,972  WARN | pool-3-thread-2 | e.europa.esig.dss.validation.SignatureValidationContext | No revocation found for the certificate C-CF92871488972946BA2863A316F06A75ADDE69F19608DCBEEBA26026CF3A5E12 
2023-04-28 11:52:29,972  INFO | pool-3-thread-9 | eu.europa.esig.dss.validation.AIACertificateSource      | Retrieving C-40CAF0A89961B3BD99F375518D46AF7EBA9A0A0D15175DB103568030CF7671D8 certificate's issuer using AIA. 
2023-04-28 11:52:29,973  WARN | pool-3-thread-2 | e.europa.esig.dss.validation.SignatureValidationContext | No revocation found for the certificate C-40CAF0A89961B3BD99F375518D46AF7EBA9A0A0D15175DB103568030CF7671D8 
2023-04-28 11:52:29,974  INFO | pool-3-thread-12 | eu.europa.esig.dss.validation.AIACertificateSource      | Retrieving C-530B1D749BE7AD3A7BB78326B281DBCC5DF6EA5F414A7B29B970B6548B044907 certificate's issuer using AIA. 
2023-04-28 11:52:29,974  INFO | pool-3-thread-12 | eu.europa.esig.dss.spi.x509.aia.DefaultAIASource        | There is no AIA extension for certificate download. 
2023-04-28 11:52:29,974  INFO | pool-3-thread-6 | eu.europa.esig.dss.validation.AIACertificateSource      | Retrieving C-530B1D749BE7AD3A7BB78326B281DBCC5DF6EA5F414A7B29B970B6548B044907 certificate's issuer using AIA. 
2023-04-28 11:52:29,974  INFO | pool-3-thread-6 | eu.europa.esig.dss.spi.x509.aia.DefaultAIASource        | There is no AIA extension for certificate download. 
2023-04-28 11:52:29,975  WARN | pool-3-thread-12 | e.europa.esig.dss.validation.SignatureValidationContext | POE extraction is skipped for untrusted timestamp : T-26386383378D0C48268DAF57FEFF16A3E7A398A141E3F4EB26079F1DA4959501. 
2023-04-28 11:52:29,975  WARN | pool-3-thread-2 | e.europa.esig.dss.validation.SignatureValidationContext | Issuer not found for certificate C-530B1D749BE7AD3A7BB78326B281DBCC5DF6EA5F414A7B29B970B6548B044907 
2023-04-28 11:52:29,976  WARN | pool-3-thread-6 | e.europa.esig.dss.validation.SignatureValidationContext | POE extraction is skipped for untrusted timestamp : T-26386383378D0C48268DAF57FEFF16A3E7A398A141E3F4EB26079F1DA4959501. 
2023-04-28 11:52:29,976  WARN | pool-3-thread-2 | e.europa.esig.dss.validation.SignatureValidationContext | No revocation found for the certificate C-BED0F19ED46D94900D2A9FCD7C6F660B61FF7588D8B71CF8F279D5FAA3021CCF 
2023-04-28 11:52:29,976  WARN | pool-3-thread-2 | eu.europa.esig.dss.validation.DiagnosticDataBuilder     | Provided CertificateSource configuration contains none of trusted sources of type TRUSTED_STORE or TRUSTED_LIST! 
2023-04-28 11:52:29,979  WARN | pool-3-thread-12 | e.europa.esig.dss.validation.SignatureValidationContext | No revocation found for the certificate C-CF92871488972946BA2863A316F06A75ADDE69F19608DCBEEBA26026CF3A5E12 
2023-04-28 11:52:29,979  WARN | pool-3-thread-6 | e.europa.esig.dss.validation.SignatureValidationContext | No revocation found for the certificate C-CF92871488972946BA2863A316F06A75ADDE69F19608DCBEEBA26026CF3A5E12 
2023-04-28 11:52:29,980  WARN | pool-3-thread-12 | e.europa.esig.dss.validation.SignatureValidationContext | No revocation found for the certificate C-40CAF0A89961B3BD99F375518D46AF7EBA9A0A0D15175DB103568030CF7671D8 
2023-04-28 11:52:29,981  WARN | pool-3-thread-6 | e.europa.esig.dss.validation.SignatureValidationContext | No revocation found for the certificate C-40CAF0A89961B3BD99F375518D46AF7EBA9A0A0D15175DB103568030CF7671D8 
2023-04-28 11:52:29,983  WARN | pool-3-thread-12 | e.europa.esig.dss.validation.SignatureValidationContext | Issuer not found for certificate C-530B1D749BE7AD3A7BB78326B281DBCC5DF6EA5F414A7B29B970B6548B044907 
2023-04-28 11:52:29,983  WARN | pool-3-thread-12 | e.europa.esig.dss.validation.SignatureValidationContext | No revocation found for the certificate C-BED0F19ED46D94900D2A9FCD7C6F660B61FF7588D8B71CF8F279D5FAA3021CCF 
2023-04-28 11:52:29,984  WARN | pool-3-thread-12 | eu.europa.esig.dss.validation.DiagnosticDataBuilder     | Provided CertificateSource configuration contains none of trusted sources of type TRUSTED_STORE or TRUSTED_LIST! 
2023-04-28 11:52:29,986  WARN | pool-3-thread-6 | e.europa.esig.dss.validation.SignatureValidationContext | Issuer not found for certificate C-530B1D749BE7AD3A7BB78326B281DBCC5DF6EA5F414A7B29B970B6548B044907 
2023-04-28 11:52:29,986  WARN | pool-3-thread-6 | e.europa.esig.dss.validation.SignatureValidationContext | No revocation found for the certificate C-BED0F19ED46D94900D2A9FCD7C6F660B61FF7588D8B71CF8F279D5FAA3021CCF 
2023-04-28 11:52:29,987  WARN | pool-3-thread-6 | eu.europa.esig.dss.validation.DiagnosticDataBuilder     | Provided CertificateSource configuration contains none of trusted sources of type TRUSTED_STORE or TRUSTED_LIST! 
2023-04-28 11:52:30,007  INFO | pool-3-thread-17 | eu.europa.esig.dss.validation.AIACertificateSource      | Retrieving C-530B1D749BE7AD3A7BB78326B281DBCC5DF6EA5F414A7B29B970B6548B044907 certificate's issuer using AIA. 
2023-04-28 11:52:30,007  INFO | pool-3-thread-17 | eu.europa.esig.dss.spi.x509.aia.DefaultAIASource        | There is no AIA extension for certificate download. 
2023-04-28 11:52:30,007  INFO | pool-3-thread-4 | eu.europa.esig.dss.validation.AIACertificateSource      | Retrieving C-530B1D749BE7AD3A7BB78326B281DBCC5DF6EA5F414A7B29B970B6548B044907 certificate's issuer using AIA. 
2023-04-28 11:52:30,007  INFO | pool-3-thread-4 | eu.europa.esig.dss.spi.x509.aia.DefaultAIASource        | There is no AIA extension for certificate download. 
2023-04-28 11:52:30,008  WARN | pool-3-thread-17 | e.europa.esig.dss.validation.SignatureValidationContext | POE extraction is skipped for untrusted timestamp : T-26386383378D0C48268DAF57FEFF16A3E7A398A141E3F4EB26079F1DA4959501. 
2023-04-28 11:52:30,008  WARN | pool-3-thread-4 | e.europa.esig.dss.validation.SignatureValidationContext | POE extraction is skipped for untrusted timestamp : T-26386383378D0C48268DAF57FEFF16A3E7A398A141E3F4EB26079F1DA4959501. 
2023-04-28 11:52:30,009  INFO | pool-3-thread-15 | eu.europa.esig.dss.validation.AIACertificateSource      | Retrieving C-530B1D749BE7AD3A7BB78326B281DBCC5DF6EA5F414A7B29B970B6548B044907 certificate's issuer using AIA. 
2023-04-28 11:52:30,009  INFO | pool-3-thread-15 | eu.europa.esig.dss.spi.x509.aia.DefaultAIASource        | There is no AIA extension for certificate download. 
2023-04-28 11:52:30,009  INFO | pool-3-thread-16 | eu.europa.esig.dss.validation.AIACertificateSource      | Retrieving C-530B1D749BE7AD3A7BB78326B281DBCC5DF6EA5F414A7B29B970B6548B044907 certificate's issuer using AIA. 
2023-04-28 11:52:30,009  INFO | pool-3-thread-16 | eu.europa.esig.dss.spi.x509.aia.DefaultAIASource        | There is no AIA extension for certificate download. 
2023-04-28 11:52:30,009  INFO | pool-3-thread-20 | eu.europa.esig.dss.validation.AIACertificateSource      | Retrieving C-530B1D749BE7AD3A7BB78326B281DBCC5DF6EA5F414A7B29B970B6548B044907 certificate's issuer using AIA. 
2023-04-28 11:52:30,009  INFO | pool-3-thread-20 | eu.europa.esig.dss.spi.x509.aia.DefaultAIASource        | There is no AIA extension for certificate download. 
2023-04-28 11:52:30,009  WARN | pool-3-thread-15 | e.europa.esig.dss.validation.SignatureValidationContext | POE extraction is skipped for untrusted timestamp : T-26386383378D0C48268DAF57FEFF16A3E7A398A141E3F4EB26079F1DA4959501. 
2023-04-28 11:52:30,009  WARN | pool-3-thread-16 | e.europa.esig.dss.validation.SignatureValidationContext | POE extraction is skipped for untrusted timestamp : T-26386383378D0C48268DAF57FEFF16A3E7A398A141E3F4EB26079F1DA4959501. 
2023-04-28 11:52:30,010  WARN | pool-3-thread-20 | e.europa.esig.dss.validation.SignatureValidationContext | POE extraction is skipped for untrusted timestamp : T-26386383378D0C48268DAF57FEFF16A3E7A398A141E3F4EB26079F1DA4959501. 
2023-04-28 11:52:30,011  WARN | pool-3-thread-4 | e.europa.esig.dss.validation.SignatureValidationContext | No revocation found for the certificate C-CF92871488972946BA2863A316F06A75ADDE69F19608DCBEEBA26026CF3A5E12 
2023-04-28 11:52:30,011  WARN | pool-3-thread-17 | e.europa.esig.dss.validation.SignatureValidationContext | No revocation found for the certificate C-CF92871488972946BA2863A316F06A75ADDE69F19608DCBEEBA26026CF3A5E12 
2023-04-28 11:52:30,012  WARN | pool-3-thread-15 | e.europa.esig.dss.validation.SignatureValidationContext | No revocation found for the certificate C-CF92871488972946BA2863A316F06A75ADDE69F19608DCBEEBA26026CF3A5E12 
2023-04-28 11:52:30,013  WARN | pool-3-thread-16 | e.europa.esig.dss.validation.SignatureValidationContext | No revocation found for the certificate C-CF92871488972946BA2863A316F06A75ADDE69F19608DCBEEBA26026CF3A5E12 
2023-04-28 11:52:30,013  WARN | pool-3-thread-4 | e.europa.esig.dss.validation.SignatureValidationContext | No revocation found for the certificate C-40CAF0A89961B3BD99F375518D46AF7EBA9A0A0D15175DB103568030CF7671D8 
2023-04-28 11:52:30,013  WARN | pool-3-thread-17 | e.europa.esig.dss.validation.SignatureValidationContext | No revocation found for the certificate C-40CAF0A89961B3BD99F375518D46AF7EBA9A0A0D15175DB103568030CF7671D8 
2023-04-28 11:52:30,013  WARN | pool-3-thread-20 | e.europa.esig.dss.validation.SignatureValidationContext | No revocation found for the certificate C-CF92871488972946BA2863A316F06A75ADDE69F19608DCBEEBA26026CF3A5E12 
2023-04-28 11:52:30,014  WARN | pool-3-thread-15 | e.europa.esig.dss.validation.SignatureValidationContext | No revocation found for the certificate C-40CAF0A89961B3BD99F375518D46AF7EBA9A0A0D15175DB103568030CF7671D8 
2023-04-28 11:52:30,014  WARN | pool-3-thread-16 | e.europa.esig.dss.validation.SignatureValidationContext | No revocation found for the certificate C-40CAF0A89961B3BD99F375518D46AF7EBA9A0A0D15175DB103568030CF7671D8 
2023-04-28 11:52:30,016  WARN | pool-3-thread-17 | e.europa.esig.dss.validation.SignatureValidationContext | Issuer not found for certificate C-530B1D749BE7AD3A7BB78326B281DBCC5DF6EA5F414A7B29B970B6548B044907 
2023-04-28 11:52:30,016  WARN | pool-3-thread-4 | e.europa.esig.dss.validation.SignatureValidationContext | Issuer not found for certificate C-530B1D749BE7AD3A7BB78326B281DBCC5DF6EA5F414A7B29B970B6548B044907 
2023-04-28 11:52:30,016  WARN | pool-3-thread-20 | e.europa.esig.dss.validation.SignatureValidationContext | No revocation found for the certificate C-40CAF0A89961B3BD99F375518D46AF7EBA9A0A0D15175DB103568030CF7671D8 
2023-04-28 11:52:30,016  WARN | pool-3-thread-4 | e.europa.esig.dss.validation.SignatureValidationContext | No revocation found for the certificate C-BED0F19ED46D94900D2A9FCD7C6F660B61FF7588D8B71CF8F279D5FAA3021CCF 
2023-04-28 11:52:30,016  WARN | pool-3-thread-17 | e.europa.esig.dss.validation.SignatureValidationContext | No revocation found for the certificate C-BED0F19ED46D94900D2A9FCD7C6F660B61FF7588D8B71CF8F279D5FAA3021CCF 
2023-04-28 11:52:30,017  WARN | pool-3-thread-4 | eu.europa.esig.dss.validation.DiagnosticDataBuilder     | Provided CertificateSource configuration contains none of trusted sources of type TRUSTED_STORE or TRUSTED_LIST! 
2023-04-28 11:52:30,017  WARN | pool-3-thread-16 | e.europa.esig.dss.validation.SignatureValidationContext | Issuer not found for certificate C-530B1D749BE7AD3A7BB78326B281DBCC5DF6EA5F414A7B29B970B6548B044907 
2023-04-28 11:52:30,017  WARN | pool-3-thread-15 | e.europa.esig.dss.validation.SignatureValidationContext | Issuer not found for certificate C-530B1D749BE7AD3A7BB78326B281DBCC5DF6EA5F414A7B29B970B6548B044907 
2023-04-28 11:52:30,017  WARN | pool-3-thread-16 | e.europa.esig.dss.validation.SignatureValidationContext | No revocation found for the certificate C-BED0F19ED46D94900D2A9FCD7C6F660B61FF7588D8B71CF8F279D5FAA3021CCF 
2023-04-28 11:52:30,018  WARN | pool-3-thread-16 | eu.europa.esig.dss.validation.DiagnosticDataBuilder     | Provided CertificateSource configuration contains none of trusted sources of type TRUSTED_STORE or TRUSTED_LIST! 
2023-04-28 11:52:30,018  INFO | pool-3-thread-8 | eu.europa.esig.dss.validation.AIACertificateSource      | Retrieving C-530B1D749BE7AD3A7BB78326B281DBCC5DF6EA5F414A7B29B970B6548B044907 certificate's issuer using AIA. 
2023-04-28 11:52:30,018  INFO | pool-3-thread-8 | eu.europa.esig.dss.spi.x509.aia.DefaultAIASource        | There is no AIA extension for certificate download. 
2023-04-28 11:52:30,018  WARN | pool-3-thread-15 | e.europa.esig.dss.validation.SignatureValidationContext | No revocation found for the certificate C-BED0F19ED46D94900D2A9FCD7C6F660B61FF7588D8B71CF8F279D5FAA3021CCF 
2023-04-28 11:52:30,019  WARN | pool-3-thread-8 | e.europa.esig.dss.validation.SignatureValidationContext | POE extraction is skipped for untrusted timestamp : T-26386383378D0C48268DAF57FEFF16A3E7A398A141E3F4EB26079F1DA4959501. 
2023-04-28 11:52:30,019  WARN | pool-3-thread-15 | eu.europa.esig.dss.validation.DiagnosticDataBuilder     | Provided CertificateSource configuration contains none of trusted sources of type TRUSTED_STORE or TRUSTED_LIST! 
2023-04-28 11:52:30,020  WARN | pool-3-thread-20 | e.europa.esig.dss.validation.SignatureValidationContext | Issuer not found for certificate C-530B1D749BE7AD3A7BB78326B281DBCC5DF6EA5F414A7B29B970B6548B044907 
2023-04-28 11:52:30,020  WARN | pool-3-thread-20 | e.europa.esig.dss.validation.SignatureValidationContext | No revocation found for the certificate C-BED0F19ED46D94900D2A9FCD7C6F660B61FF7588D8B71CF8F279D5FAA3021CCF 
2023-04-28 11:52:30,021  WARN | pool-3-thread-20 | eu.europa.esig.dss.validation.DiagnosticDataBuilder     | Provided CertificateSource configuration contains none of trusted sources of type TRUSTED_STORE or TRUSTED_LIST! 
2023-04-28 11:52:30,022  WARN | pool-3-thread-8 | e.europa.esig.dss.validation.SignatureValidationContext | No revocation found for the certificate C-CF92871488972946BA2863A316F06A75ADDE69F19608DCBEEBA26026CF3A5E12 
2023-04-28 11:52:30,023  INFO | pool-3-thread-2 | eu.europa.esig.dss.validation.SignedDocumentValidator   | Document validation... 
2023-04-28 11:52:30,024  WARN | pool-3-thread-8 | e.europa.esig.dss.validation.SignatureValidationContext | No revocation found for the certificate C-40CAF0A89961B3BD99F375518D46AF7EBA9A0A0D15175DB103568030CF7671D8 
2023-04-28 11:52:30,027  WARN | pool-3-thread-8 | e.europa.esig.dss.validation.SignatureValidationContext | Issuer not found for certificate C-530B1D749BE7AD3A7BB78326B281DBCC5DF6EA5F414A7B29B970B6548B044907 
2023-04-28 11:52:30,027  WARN | pool-3-thread-8 | e.europa.esig.dss.validation.SignatureValidationContext | No revocation found for the certificate C-BED0F19ED46D94900D2A9FCD7C6F660B61FF7588D8B71CF8F279D5FAA3021CCF 
2023-04-28 11:52:30,028  INFO | pool-3-thread-19 | eu.europa.esig.dss.validation.AIACertificateSource      | Retrieving C-530B1D749BE7AD3A7BB78326B281DBCC5DF6EA5F414A7B29B970B6548B044907 certificate's issuer using AIA. 
2023-04-28 11:52:30,028  INFO | pool-3-thread-19 | eu.europa.esig.dss.spi.x509.aia.DefaultAIASource        | There is no AIA extension for certificate download. 
2023-04-28 11:52:30,028  WARN | pool-3-thread-8 | eu.europa.esig.dss.validation.DiagnosticDataBuilder     | Provided CertificateSource configuration contains none of trusted sources of type TRUSTED_STORE or TRUSTED_LIST! 
2023-04-28 11:52:30,028  WARN | pool-3-thread-19 | e.europa.esig.dss.validation.SignatureValidationContext | POE extraction is skipped for untrusted timestamp : T-26386383378D0C48268DAF57FEFF16A3E7A398A141E3F4EB26079F1DA4959501. 
2023-04-28 11:52:30,017  WARN | pool-3-thread-17 | eu.europa.esig.dss.validation.DiagnosticDataBuilder     | Provided CertificateSource configuration contains none of trusted sources of type TRUSTED_STORE or TRUSTED_LIST! 
2023-04-28 11:52:30,040  WARN | pool-3-thread-19 | e.europa.esig.dss.validation.SignatureValidationContext | No revocation found for the certificate C-CF92871488972946BA2863A316F06A75ADDE69F19608DCBEEBA26026CF3A5E12 
2023-04-28 11:52:30,041  INFO | pool-3-thread-1 | eu.europa.esig.dss.validation.AIACertificateSource      | Retrieving C-530B1D749BE7AD3A7BB78326B281DBCC5DF6EA5F414A7B29B970B6548B044907 certificate's issuer using AIA. 
2023-04-28 11:52:30,041  INFO | pool-3-thread-1 | eu.europa.esig.dss.spi.x509.aia.DefaultAIASource        | There is no AIA extension for certificate download. 
2023-04-28 11:52:30,041  WARN | pool-3-thread-1 | e.europa.esig.dss.validation.SignatureValidationContext | POE extraction is skipped for untrusted timestamp : T-26386383378D0C48268DAF57FEFF16A3E7A398A141E3F4EB26079F1DA4959501. 
2023-04-28 11:52:30,043  WARN | pool-3-thread-19 | e.europa.esig.dss.validation.SignatureValidationContext | No revocation found for the certificate C-40CAF0A89961B3BD99F375518D46AF7EBA9A0A0D15175DB103568030CF7671D8 
2023-04-28 11:52:30,045  WARN | pool-3-thread-1 | e.europa.esig.dss.validation.SignatureValidationContext | No revocation found for the certificate C-CF92871488972946BA2863A316F06A75ADDE69F19608DCBEEBA26026CF3A5E12 
2023-04-28 11:52:30,045  WARN | pool-3-thread-19 | e.europa.esig.dss.validation.SignatureValidationContext | Issuer not found for certificate C-530B1D749BE7AD3A7BB78326B281DBCC5DF6EA5F414A7B29B970B6548B044907 
2023-04-28 11:52:30,046  WARN | pool-3-thread-19 | e.europa.esig.dss.validation.SignatureValidationContext | No revocation found for the certificate C-BED0F19ED46D94900D2A9FCD7C6F660B61FF7588D8B71CF8F279D5FAA3021CCF 
2023-04-28 11:52:30,046  WARN | pool-3-thread-19 | eu.europa.esig.dss.validation.DiagnosticDataBuilder     | Provided CertificateSource configuration contains none of trusted sources of type TRUSTED_STORE or TRUSTED_LIST! 
2023-04-28 11:52:30,046  WARN | pool-3-thread-1 | e.europa.esig.dss.validation.SignatureValidationContext | No revocation found for the certificate C-40CAF0A89961B3BD99F375518D46AF7EBA9A0A0D15175DB103568030CF7671D8 
2023-04-28 11:52:30,049  WARN | pool-3-thread-1 | e.europa.esig.dss.validation.SignatureValidationContext | Issuer not found for certificate C-530B1D749BE7AD3A7BB78326B281DBCC5DF6EA5F414A7B29B970B6548B044907 
2023-04-28 11:52:30,050  WARN | pool-3-thread-1 | e.europa.esig.dss.validation.SignatureValidationContext | No revocation found for the certificate C-BED0F19ED46D94900D2A9FCD7C6F660B61FF7588D8B71CF8F279D5FAA3021CCF 
2023-04-28 11:52:30,050  WARN | pool-3-thread-1 | eu.europa.esig.dss.validation.DiagnosticDataBuilder     | Provided CertificateSource configuration contains none of trusted sources of type TRUSTED_STORE or TRUSTED_LIST! 
2023-04-28 11:52:30,051  INFO | pool-3-thread-11 | eu.europa.esig.dss.validation.AIACertificateSource      | Retrieving C-530B1D749BE7AD3A7BB78326B281DBCC5DF6EA5F414A7B29B970B6548B044907 certificate's issuer using AIA. 
2023-04-28 11:52:30,052  INFO | pool-3-thread-11 | eu.europa.esig.dss.spi.x509.aia.DefaultAIASource        | There is no AIA extension for certificate download. 
2023-04-28 11:52:30,053  WARN | pool-3-thread-11 | e.europa.esig.dss.validation.SignatureValidationContext | POE extraction is skipped for untrusted timestamp : T-26386383378D0C48268DAF57FEFF16A3E7A398A141E3F4EB26079F1DA4959501. 
2023-04-28 11:52:30,057  INFO | pool-3-thread-18 | e.e.esig.dss.xades.validation.XAdESCertificateSource    | +XAdESCertificateSource 
2023-04-28 11:52:30,063  WARN | pool-3-thread-11 | e.europa.esig.dss.validation.SignatureValidationContext | No revocation found for the certificate C-CF92871488972946BA2863A316F06A75ADDE69F19608DCBEEBA26026CF3A5E12 
2023-04-28 11:52:30,068  WARN | pool-3-thread-11 | e.europa.esig.dss.validation.SignatureValidationContext | No revocation found for the certificate C-40CAF0A89961B3BD99F375518D46AF7EBA9A0A0D15175DB103568030CF7671D8 
2023-04-28 11:52:30,071  INFO | pool-3-thread-2 | e.europa.esig.dss.validation.CommonCertificateVerifier  | + New CommonCertificateVerifier created. 
2023-04-28 11:52:30,072  WARN | pool-3-thread-11 | e.europa.esig.dss.validation.SignatureValidationContext | Issuer not found for certificate C-530B1D749BE7AD3A7BB78326B281DBCC5DF6EA5F414A7B29B970B6548B044907 
2023-04-28 11:52:30,072  WARN | pool-3-thread-11 | e.europa.esig.dss.validation.SignatureValidationContext | No revocation found for the certificate C-BED0F19ED46D94900D2A9FCD7C6F660B61FF7588D8B71CF8F279D5FAA3021CCF 
2023-04-28 11:52:30,073  WARN | pool-3-thread-11 | eu.europa.esig.dss.validation.DiagnosticDataBuilder     | Provided CertificateSource configuration contains none of trusted sources of type TRUSTED_STORE or TRUSTED_LIST! 
2023-04-28 11:52:30,074  INFO | pool-3-thread-2 | eu.europa.esig.dss.xades.validation.ManifestValidator   | Validation of the manifest references ... 
2023-04-28 11:52:30,086  INFO | pool-3-thread-14 | e.e.esig.dss.xades.validation.XAdESCertificateSource    | +XAdESCertificateSource 
2023-04-28 11:52:30,094  INFO | pool-3-thread-3 | eu.europa.esig.dss.validation.AIACertificateSource      | Retrieving C-530B1D749BE7AD3A7BB78326B281DBCC5DF6EA5F414A7B29B970B6548B044907 certificate's issuer using AIA. 
2023-04-28 11:52:30,094  INFO | pool-3-thread-3 | eu.europa.esig.dss.spi.x509.aia.DefaultAIASource        | There is no AIA extension for certificate download. 
2023-04-28 11:52:30,094  WARN | pool-3-thread-3 | e.europa.esig.dss.validation.SignatureValidationContext | POE extraction is skipped for untrusted timestamp : T-26386383378D0C48268DAF57FEFF16A3E7A398A141E3F4EB26079F1DA4959501. 
2023-04-28 11:52:30,100  WARN | pool-3-thread-3 | e.europa.esig.dss.validation.SignatureValidationContext | No revocation found for the certificate C-CF92871488972946BA2863A316F06A75ADDE69F19608DCBEEBA26026CF3A5E12 
2023-04-28 11:52:30,102  WARN | pool-3-thread-3 | e.europa.esig.dss.validation.SignatureValidationContext | No revocation found for the certificate C-40CAF0A89961B3BD99F375518D46AF7EBA9A0A0D15175DB103568030CF7671D8 
2023-04-28 11:52:30,108  INFO | pool-3-thread-10 | eu.europa.esig.dss.validation.AIACertificateSource      | Retrieving C-530B1D749BE7AD3A7BB78326B281DBCC5DF6EA5F414A7B29B970B6548B044907 certificate's issuer using AIA. 
2023-04-28 11:52:30,108  WARN | pool-3-thread-3 | e.europa.esig.dss.validation.SignatureValidationContext | Issuer not found for certificate C-530B1D749BE7AD3A7BB78326B281DBCC5DF6EA5F414A7B29B970B6548B044907 
2023-04-28 11:52:30,108  INFO | pool-3-thread-10 | eu.europa.esig.dss.spi.x509.aia.DefaultAIASource        | There is no AIA extension for certificate download. 
2023-04-28 11:52:30,108  WARN | pool-3-thread-3 | e.europa.esig.dss.validation.SignatureValidationContext | No revocation found for the certificate C-BED0F19ED46D94900D2A9FCD7C6F660B61FF7588D8B71CF8F279D5FAA3021CCF 
2023-04-28 11:52:30,109  WARN | pool-3-thread-3 | eu.europa.esig.dss.validation.DiagnosticDataBuilder     | Provided CertificateSource configuration contains none of trusted sources of type TRUSTED_STORE or TRUSTED_LIST! 
2023-04-28 11:52:30,109  WARN | pool-3-thread-10 | e.europa.esig.dss.validation.SignatureValidationContext | POE extraction is skipped for untrusted timestamp : T-26386383378D0C48268DAF57FEFF16A3E7A398A141E3F4EB26079F1DA4959501. 
2023-04-28 11:52:30,112  WARN | pool-3-thread-10 | e.europa.esig.dss.validation.SignatureValidationContext | No revocation found for the certificate C-CF92871488972946BA2863A316F06A75ADDE69F19608DCBEEBA26026CF3A5E12 
2023-04-28 11:52:30,114  WARN | pool-3-thread-10 | e.europa.esig.dss.validation.SignatureValidationContext | No revocation found for the certificate C-40CAF0A89961B3BD99F375518D46AF7EBA9A0A0D15175DB103568030CF7671D8 
2023-04-28 11:52:30,117  WARN | pool-3-thread-10 | e.europa.esig.dss.validation.SignatureValidationContext | Issuer not found for certificate C-530B1D749BE7AD3A7BB78326B281DBCC5DF6EA5F414A7B29B970B6548B044907 
2023-04-28 11:52:30,118  WARN | pool-3-thread-10 | e.europa.esig.dss.validation.SignatureValidationContext | No revocation found for the certificate C-BED0F19ED46D94900D2A9FCD7C6F660B61FF7588D8B71CF8F279D5FAA3021CCF 
2023-04-28 11:52:30,118  WARN | pool-3-thread-10 | eu.europa.esig.dss.validation.DiagnosticDataBuilder     | Provided CertificateSource configuration contains none of trusted sources of type TRUSTED_STORE or TRUSTED_LIST! 
2023-04-28 11:52:30,152  INFO | pool-3-thread-8 | eu.europa.esig.dss.validation.SignedDocumentValidator   | Document validation... 
2023-04-28 11:52:30,152  INFO | pool-3-thread-20 | eu.europa.esig.dss.validation.SignedDocumentValidator   | Document validation... 
2023-04-28 11:52:30,156  INFO | pool-3-thread-16 | eu.europa.esig.dss.validation.SignedDocumentValidator   | Document validation... 
2023-04-28 11:52:30,156  INFO | pool-3-thread-14 | e.europa.esig.dss.validation.CommonCertificateVerifier  | + New CommonCertificateVerifier created. 
2023-04-28 11:52:30,159  INFO | pool-3-thread-14 | eu.europa.esig.dss.validation.AIACertificateSource      | Retrieving C-40CAF0A89961B3BD99F375518D46AF7EBA9A0A0D15175DB103568030CF7671D8 certificate's issuer using AIA. 
2023-04-28 11:52:30,161  INFO | pool-3-thread-18 | e.europa.esig.dss.validation.CommonCertificateVerifier  | + New CommonCertificateVerifier created. 
2023-04-28 11:52:30,162  INFO | pool-3-thread-12 | eu.europa.esig.dss.validation.SignedDocumentValidator   | Document validation... 
2023-04-28 11:52:30,164  INFO | pool-3-thread-18 | eu.europa.esig.dss.validation.AIACertificateSource      | Retrieving C-40CAF0A89961B3BD99F375518D46AF7EBA9A0A0D15175DB103568030CF7671D8 certificate's issuer using AIA. 
2023-04-28 11:52:30,164  INFO | pool-3-thread-13 | eu.europa.esig.dss.validation.AIACertificateSource      | Retrieving C-530B1D749BE7AD3A7BB78326B281DBCC5DF6EA5F414A7B29B970B6548B044907 certificate's issuer using AIA. 
2023-04-28 11:52:30,164  INFO | pool-3-thread-13 | eu.europa.esig.dss.spi.x509.aia.DefaultAIASource        | There is no AIA extension for certificate download. 
2023-04-28 11:52:30,165  WARN | pool-3-thread-13 | e.europa.esig.dss.validation.SignatureValidationContext | POE extraction is skipped for untrusted timestamp : T-26386383378D0C48268DAF57FEFF16A3E7A398A141E3F4EB26079F1DA4959501. 
2023-04-28 11:52:30,166  INFO | pool-3-thread-9 | eu.europa.esig.dss.validation.AIACertificateSource      | Retrieving C-530B1D749BE7AD3A7BB78326B281DBCC5DF6EA5F414A7B29B970B6548B044907 certificate's issuer using AIA. 
2023-04-28 11:52:30,166  INFO | pool-3-thread-9 | eu.europa.esig.dss.spi.x509.aia.DefaultAIASource        | There is no AIA extension for certificate download. 
2023-04-28 11:52:30,167  WARN | pool-3-thread-9 | e.europa.esig.dss.validation.SignatureValidationContext | POE extraction is skipped for untrusted timestamp : T-26386383378D0C48268DAF57FEFF16A3E7A398A141E3F4EB26079F1DA4959501. 
2023-04-28 11:52:30,168  INFO | pool-3-thread-5 | eu.europa.esig.dss.validation.AIACertificateSource      | Retrieving C-530B1D749BE7AD3A7BB78326B281DBCC5DF6EA5F414A7B29B970B6548B044907 certificate's issuer using AIA. 
2023-04-28 11:52:30,168  INFO | pool-3-thread-5 | eu.europa.esig.dss.spi.x509.aia.DefaultAIASource        | There is no AIA extension for certificate download. 
2023-04-28 11:52:30,169  WARN | pool-3-thread-5 | e.europa.esig.dss.validation.SignatureValidationContext | POE extraction is skipped for untrusted timestamp : T-26386383378D0C48268DAF57FEFF16A3E7A398A141E3F4EB26079F1DA4959501. 
2023-04-28 11:52:30,169  WARN | pool-3-thread-13 | e.europa.esig.dss.validation.SignatureValidationContext | No revocation found for the certificate C-CF92871488972946BA2863A316F06A75ADDE69F19608DCBEEBA26026CF3A5E12 
2023-04-28 11:52:30,171  WARN | pool-3-thread-13 | e.europa.esig.dss.validation.SignatureValidationContext | No revocation found for the certificate C-40CAF0A89961B3BD99F375518D46AF7EBA9A0A0D15175DB103568030CF7671D8 
2023-04-28 11:52:30,171  WARN | pool-3-thread-9 | e.europa.esig.dss.validation.SignatureValidationContext | No revocation found for the certificate C-CF92871488972946BA2863A316F06A75ADDE69F19608DCBEEBA26026CF3A5E12 
2023-04-28 11:52:30,172  WARN | pool-3-thread-9 | e.europa.esig.dss.validation.SignatureValidationContext | No revocation found for the certificate C-40CAF0A89961B3BD99F375518D46AF7EBA9A0A0D15175DB103568030CF7671D8 
2023-04-28 11:52:30,173  WARN | pool-3-thread-5 | e.europa.esig.dss.validation.SignatureValidationContext | No revocation found for the certificate C-CF92871488972946BA2863A316F06A75ADDE69F19608DCBEEBA26026CF3A5E12 
2023-04-28 11:52:30,173  WARN | pool-3-thread-13 | e.europa.esig.dss.validation.SignatureValidationContext | Issuer not found for certificate C-530B1D749BE7AD3A7BB78326B281DBCC5DF6EA5F414A7B29B970B6548B044907 
2023-04-28 11:52:30,174  WARN | pool-3-thread-13 | e.europa.esig.dss.validation.SignatureValidationContext | No revocation found for the certificate C-BED0F19ED46D94900D2A9FCD7C6F660B61FF7588D8B71CF8F279D5FAA3021CCF 
2023-04-28 11:52:30,174  WARN | pool-3-thread-5 | e.europa.esig.dss.validation.SignatureValidationContext | No revocation found for the certificate C-40CAF0A89961B3BD99F375518D46AF7EBA9A0A0D15175DB103568030CF7671D8 
2023-04-28 11:52:30,174  WARN | pool-3-thread-13 | eu.europa.esig.dss.validation.DiagnosticDataBuilder     | Provided CertificateSource configuration contains none of trusted sources of type TRUSTED_STORE or TRUSTED_LIST! 
2023-04-28 11:52:30,175  WARN | pool-3-thread-9 | e.europa.esig.dss.validation.SignatureValidationContext | Issuer not found for certificate C-530B1D749BE7AD3A7BB78326B281DBCC5DF6EA5F414A7B29B970B6548B044907 
2023-04-28 11:52:30,175  WARN | pool-3-thread-9 | e.europa.esig.dss.validation.SignatureValidationContext | No revocation found for the certificate C-BED0F19ED46D94900D2A9FCD7C6F660B61FF7588D8B71CF8F279D5FAA3021CCF 
2023-04-28 11:52:30,176  WARN | pool-3-thread-9 | eu.europa.esig.dss.validation.DiagnosticDataBuilder     | Provided CertificateSource configuration contains none of trusted sources of type TRUSTED_STORE or TRUSTED_LIST! 
2023-04-28 11:52:30,177  WARN | pool-3-thread-5 | e.europa.esig.dss.validation.SignatureValidationContext | Issuer not found for certificate C-530B1D749BE7AD3A7BB78326B281DBCC5DF6EA5F414A7B29B970B6548B044907 
2023-04-28 11:52:30,177  WARN | pool-3-thread-5 | e.europa.esig.dss.validation.SignatureValidationContext | No revocation found for the certificate C-BED0F19ED46D94900D2A9FCD7C6F660B61FF7588D8B71CF8F279D5FAA3021CCF 
2023-04-28 11:52:30,177  WARN | pool-3-thread-5 | eu.europa.esig.dss.validation.DiagnosticDataBuilder     | Provided CertificateSource configuration contains none of trusted sources of type TRUSTED_STORE or TRUSTED_LIST! 
2023-04-28 11:52:30,201  INFO | pool-3-thread-16 | e.europa.esig.dss.validation.CommonCertificateVerifier  | + New CommonCertificateVerifier created. 
2023-04-28 11:52:30,201  INFO | pool-3-thread-8 | e.europa.esig.dss.validation.CommonCertificateVerifier  | + New CommonCertificateVerifier created. 
2023-04-28 11:52:30,203  INFO | pool-3-thread-8 | eu.europa.esig.dss.xades.validation.ManifestValidator   | Validation of the manifest references ... 
2023-04-28 11:52:30,209  INFO | pool-3-thread-12 | e.europa.esig.dss.validation.CommonCertificateVerifier  | + New CommonCertificateVerifier created. 
2023-04-28 11:52:30,210  INFO | pool-3-thread-12 | eu.europa.esig.dss.xades.validation.ManifestValidator   | Validation of the manifest references ... 
2023-04-28 11:52:30,203  INFO | pool-3-thread-16 | eu.europa.esig.dss.xades.validation.ManifestValidator   | Validation of the manifest references ... 
2023-04-28 11:52:30,224  INFO | pool-3-thread-7 | e.e.esig.dss.xades.validation.XAdESCertificateSource    | +XAdESCertificateSource 
2023-04-28 11:52:30,224  INFO | pool-3-thread-16 | e.e.esig.dss.xades.validation.XAdESCertificateSource    | +XAdESCertificateSource 
2023-04-28 11:52:30,232  INFO | pool-3-thread-16 | e.europa.esig.dss.validation.CommonCertificateVerifier  | + New CommonCertificateVerifier created. 
2023-04-28 11:52:30,233  INFO | pool-3-thread-7 | e.europa.esig.dss.validation.CommonCertificateVerifier  | + New CommonCertificateVerifier created. 
2023-04-28 11:52:30,235  INFO | pool-3-thread-16 | eu.europa.esig.dss.validation.AIACertificateSource      | Retrieving C-40CAF0A89961B3BD99F375518D46AF7EBA9A0A0D15175DB103568030CF7671D8 certificate's issuer using AIA. 
2023-04-28 11:52:30,235  INFO | pool-3-thread-7 | eu.europa.esig.dss.validation.AIACertificateSource      | Retrieving C-40CAF0A89961B3BD99F375518D46AF7EBA9A0A0D15175DB103568030CF7671D8 certificate's issuer using AIA. 
2023-04-28 11:52:30,236  INFO | pool-3-thread-4 | eu.europa.esig.dss.validation.SignedDocumentValidator   | Document validation... 
2023-04-28 11:52:30,239  INFO | pool-3-thread-20 | e.europa.esig.dss.validation.CommonCertificateVerifier  | + New CommonCertificateVerifier created. 
2023-04-28 11:52:30,241  INFO | pool-3-thread-4 | e.europa.esig.dss.validation.CommonCertificateVerifier  | + New CommonCertificateVerifier created. 
2023-04-28 11:52:30,241  INFO | pool-3-thread-20 | eu.europa.esig.dss.xades.validation.ManifestValidator   | Validation of the manifest references ... 
2023-04-28 11:52:30,242  INFO | pool-3-thread-4 | eu.europa.esig.dss.xades.validation.ManifestValidator   | Validation of the manifest references ... 
2023-04-28 11:52:30,267  INFO | pool-3-thread-18 | eu.europa.esig.dss.validation.AIACertificateSource      | Retrieving C-530B1D749BE7AD3A7BB78326B281DBCC5DF6EA5F414A7B29B970B6548B044907 certificate's issuer using AIA. 
2023-04-28 11:52:30,267  INFO | pool-3-thread-18 | eu.europa.esig.dss.spi.x509.aia.DefaultAIASource        | There is no AIA extension for certificate download. 
2023-04-28 11:52:30,268  WARN | pool-3-thread-18 | e.europa.esig.dss.validation.SignatureValidationContext | POE extraction is skipped for untrusted timestamp : T-26386383378D0C48268DAF57FEFF16A3E7A398A141E3F4EB26079F1DA4959501. 
2023-04-28 11:52:30,272  WARN | pool-3-thread-18 | e.europa.esig.dss.validation.SignatureValidationContext | No revocation found for the certificate C-CF92871488972946BA2863A316F06A75ADDE69F19608DCBEEBA26026CF3A5E12 
2023-04-28 11:52:30,273  WARN | pool-3-thread-18 | e.europa.esig.dss.validation.SignatureValidationContext | No revocation found for the certificate C-40CAF0A89961B3BD99F375518D46AF7EBA9A0A0D15175DB103568030CF7671D8 
2023-04-28 11:52:30,278  WARN | pool-3-thread-18 | e.europa.esig.dss.validation.SignatureValidationContext | Issuer not found for certificate C-530B1D749BE7AD3A7BB78326B281DBCC5DF6EA5F414A7B29B970B6548B044907 
2023-04-28 11:52:30,279  WARN | pool-3-thread-18 | e.europa.esig.dss.validation.SignatureValidationContext | No revocation found for the certificate C-BED0F19ED46D94900D2A9FCD7C6F660B61FF7588D8B71CF8F279D5FAA3021CCF 
2023-04-28 11:52:30,279  WARN | pool-3-thread-18 | eu.europa.esig.dss.validation.DiagnosticDataBuilder     | Provided CertificateSource configuration contains none of trusted sources of type TRUSTED_STORE or TRUSTED_LIST! 
2023-04-28 11:52:30,288  INFO | pool-3-thread-6 | eu.europa.esig.dss.validation.SignedDocumentValidator   | Document validation... 
2023-04-28 11:52:30,292  INFO | pool-3-thread-6 | e.europa.esig.dss.validation.CommonCertificateVerifier  | + New CommonCertificateVerifier created. 
2023-04-28 11:52:30,294  INFO | pool-3-thread-14 | eu.europa.esig.dss.validation.AIACertificateSource      | Retrieving C-530B1D749BE7AD3A7BB78326B281DBCC5DF6EA5F414A7B29B970B6548B044907 certificate's issuer using AIA. 
2023-04-28 11:52:30,294  INFO | pool-3-thread-16 | eu.europa.esig.dss.validation.AIACertificateSource      | Retrieving C-530B1D749BE7AD3A7BB78326B281DBCC5DF6EA5F414A7B29B970B6548B044907 certificate's issuer using AIA. 
2023-04-28 11:52:30,294  INFO | pool-3-thread-14 | eu.europa.esig.dss.spi.x509.aia.DefaultAIASource        | There is no AIA extension for certificate download. 
2023-04-28 11:52:30,294  INFO | pool-3-thread-16 | eu.europa.esig.dss.spi.x509.aia.DefaultAIASource        | There is no AIA extension for certificate download. 
2023-04-28 11:52:30,294  WARN | pool-3-thread-16 | e.europa.esig.dss.validation.SignatureValidationContext | POE extraction is skipped for untrusted timestamp : T-26386383378D0C48268DAF57FEFF16A3E7A398A141E3F4EB26079F1DA4959501. 
2023-04-28 11:52:30,294  WARN | pool-3-thread-14 | e.europa.esig.dss.validation.SignatureValidationContext | POE extraction is skipped for untrusted timestamp : T-26386383378D0C48268DAF57FEFF16A3E7A398A141E3F4EB26079F1DA4959501. 
2023-04-28 11:52:30,294  INFO | pool-3-thread-6 | eu.europa.esig.dss.xades.validation.ManifestValidator   | Validation of the manifest references ... 
2023-04-28 11:52:30,298  WARN | pool-3-thread-16 | e.europa.esig.dss.validation.SignatureValidationContext | No revocation found for the certificate C-CF92871488972946BA2863A316F06A75ADDE69F19608DCBEEBA26026CF3A5E12 
2023-04-28 11:52:30,298  WARN | pool-3-thread-14 | e.europa.esig.dss.validation.SignatureValidationContext | No revocation found for the certificate C-CF92871488972946BA2863A316F06A75ADDE69F19608DCBEEBA26026CF3A5E12 
2023-04-28 11:52:30,299  WARN | pool-3-thread-16 | e.europa.esig.dss.validation.SignatureValidationContext | No revocation found for the certificate C-40CAF0A89961B3BD99F375518D46AF7EBA9A0A0D15175DB103568030CF7671D8 
2023-04-28 11:52:30,299  INFO | pool-3-thread-7 | eu.europa.esig.dss.validation.AIACertificateSource      | Retrieving C-530B1D749BE7AD3A7BB78326B281DBCC5DF6EA5F414A7B29B970B6548B044907 certificate's issuer using AIA. 
2023-04-28 11:52:30,300  INFO | pool-3-thread-7 | eu.europa.esig.dss.spi.x509.aia.DefaultAIASource        | There is no AIA extension for certificate download. 
2023-04-28 11:52:30,300  WARN | pool-3-thread-14 | e.europa.esig.dss.validation.SignatureValidationContext | No revocation found for the certificate C-40CAF0A89961B3BD99F375518D46AF7EBA9A0A0D15175DB103568030CF7671D8 
2023-04-28 11:52:30,300  WARN | pool-3-thread-7 | e.europa.esig.dss.validation.SignatureValidationContext | POE extraction is skipped for untrusted timestamp : T-26386383378D0C48268DAF57FEFF16A3E7A398A141E3F4EB26079F1DA4959501. 
2023-04-28 11:52:30,302  WARN | pool-3-thread-16 | e.europa.esig.dss.validation.SignatureValidationContext | Issuer not found for certificate C-530B1D749BE7AD3A7BB78326B281DBCC5DF6EA5F414A7B29B970B6548B044907 
2023-04-28 11:52:30,302  WARN | pool-3-thread-14 | e.europa.esig.dss.validation.SignatureValidationContext | Issuer not found for certificate C-530B1D749BE7AD3A7BB78326B281DBCC5DF6EA5F414A7B29B970B6548B044907 
2023-04-28 11:52:30,303  WARN | pool-3-thread-16 | e.europa.esig.dss.validation.SignatureValidationContext | No revocation found for the certificate C-BED0F19ED46D94900D2A9FCD7C6F660B61FF7588D8B71CF8F279D5FAA3021CCF 
2023-04-28 11:52:30,303  WARN | pool-3-thread-14 | e.europa.esig.dss.validation.SignatureValidationContext | No revocation found for the certificate C-BED0F19ED46D94900D2A9FCD7C6F660B61FF7588D8B71CF8F279D5FAA3021CCF 
2023-04-28 11:52:30,303  WARN | pool-3-thread-16 | eu.europa.esig.dss.validation.DiagnosticDataBuilder     | Provided CertificateSource configuration contains none of trusted sources of type TRUSTED_STORE or TRUSTED_LIST! 
2023-04-28 11:52:30,303  WARN | pool-3-thread-14 | eu.europa.esig.dss.validation.DiagnosticDataBuilder     | Provided CertificateSource configuration contains none of trusted sources of type TRUSTED_STORE or TRUSTED_LIST! 
2023-04-28 11:52:30,304  WARN | pool-3-thread-7 | e.europa.esig.dss.validation.SignatureValidationContext | No revocation found for the certificate C-CF92871488972946BA2863A316F06A75ADDE69F19608DCBEEBA26026CF3A5E12 
2023-04-28 11:52:30,305  WARN | pool-3-thread-7 | e.europa.esig.dss.validation.SignatureValidationContext | No revocation found for the certificate C-40CAF0A89961B3BD99F375518D46AF7EBA9A0A0D15175DB103568030CF7671D8 
2023-04-28 11:52:30,308  WARN | pool-3-thread-7 | e.europa.esig.dss.validation.SignatureValidationContext | Issuer not found for certificate C-530B1D749BE7AD3A7BB78326B281DBCC5DF6EA5F414A7B29B970B6548B044907 
2023-04-28 11:52:30,309  WARN | pool-3-thread-7 | e.europa.esig.dss.validation.SignatureValidationContext | No revocation found for the certificate C-BED0F19ED46D94900D2A9FCD7C6F660B61FF7588D8B71CF8F279D5FAA3021CCF 
2023-04-28 11:52:30,309  WARN | pool-3-thread-7 | eu.europa.esig.dss.validation.DiagnosticDataBuilder     | Provided CertificateSource configuration contains none of trusted sources of type TRUSTED_STORE or TRUSTED_LIST! 
2023-04-28 11:52:30,446  INFO | pool-3-thread-14 | eu.europa.esig.dss.validation.SignedDocumentValidator   | Document validation... 
2023-04-28 11:52:30,446  INFO | pool-3-thread-16 | eu.europa.esig.dss.validation.SignedDocumentValidator   | Document validation... 
2023-04-28 11:52:30,454  INFO | pool-3-thread-14 | e.europa.esig.dss.validation.CommonCertificateVerifier  | + New CommonCertificateVerifier created. 
2023-04-28 11:52:30,454  INFO | pool-3-thread-16 | e.europa.esig.dss.validation.CommonCertificateVerifier  | + New CommonCertificateVerifier created. 
2023-04-28 11:52:30,457  INFO | pool-3-thread-16 | eu.europa.esig.dss.xades.validation.ManifestValidator   | Validation of the manifest references ... 
2023-04-28 11:52:30,457  INFO | pool-3-thread-14 | eu.europa.esig.dss.xades.validation.ManifestValidator   | Validation of the manifest references ... 
2023-04-28 11:52:30,477  INFO | pool-3-thread-6 | e.e.esig.dss.xades.validation.XAdESCertificateSource    | +XAdESCertificateSource 
2023-04-28 11:52:30,482  INFO | pool-3-thread-4 | e.e.esig.dss.xades.validation.XAdESCertificateSource    | +XAdESCertificateSource 
2023-04-28 11:52:30,486  INFO | pool-3-thread-2 | e.e.esig.dss.xades.validation.XAdESCertificateSource    | +XAdESCertificateSource 
2023-04-28 11:52:30,486  INFO | pool-3-thread-6 | e.europa.esig.dss.validation.CommonCertificateVerifier  | + New CommonCertificateVerifier created. 
2023-04-28 11:52:30,491  INFO | pool-3-thread-6 | eu.europa.esig.dss.validation.AIACertificateSource      | Retrieving C-40CAF0A89961B3BD99F375518D46AF7EBA9A0A0D15175DB103568030CF7671D8 certificate's issuer using AIA. 
2023-04-28 11:52:30,492  INFO | pool-3-thread-2 | e.europa.esig.dss.validation.CommonCertificateVerifier  | + New CommonCertificateVerifier created. 
2023-04-28 11:52:30,494  INFO | pool-3-thread-2 | eu.europa.esig.dss.validation.AIACertificateSource      | Retrieving C-40CAF0A89961B3BD99F375518D46AF7EBA9A0A0D15175DB103568030CF7671D8 certificate's issuer using AIA. 
2023-04-28 11:52:30,495  INFO | pool-3-thread-4 | e.europa.esig.dss.validation.CommonCertificateVerifier  | + New CommonCertificateVerifier created. 
2023-04-28 11:52:30,497  INFO | pool-3-thread-18 | eu.europa.esig.dss.validation.SignedDocumentValidator   | Document validation... 
2023-04-28 11:52:30,503  INFO | pool-3-thread-18 | e.europa.esig.dss.validation.CommonCertificateVerifier  | + New CommonCertificateVerifier created. 
2023-04-28 11:52:30,505  INFO | pool-3-thread-18 | eu.europa.esig.dss.xades.validation.ManifestValidator   | Validation of the manifest references ... 
2023-04-28 11:52:30,510  INFO | pool-3-thread-18 | e.e.esig.dss.xades.validation.XAdESCertificateSource    | +XAdESCertificateSource 
2023-04-28 11:52:30,520  INFO | pool-3-thread-18 | e.europa.esig.dss.validation.CommonCertificateVerifier  | + New CommonCertificateVerifier created. 
2023-04-28 11:52:30,521  INFO | pool-3-thread-7 | eu.europa.esig.dss.validation.SignedDocumentValidator   | Document validation... 
2023-04-28 11:52:30,522  INFO | pool-3-thread-18 | eu.europa.esig.dss.validation.AIACertificateSource      | Retrieving C-40CAF0A89961B3BD99F375518D46AF7EBA9A0A0D15175DB103568030CF7671D8 certificate's issuer using AIA. 
2023-04-28 11:52:30,527  INFO | pool-3-thread-7 | e.europa.esig.dss.validation.CommonCertificateVerifier  | + New CommonCertificateVerifier created. 
2023-04-28 11:52:30,528  INFO | pool-3-thread-7 | eu.europa.esig.dss.xades.validation.ManifestValidator   | Validation of the manifest references ... 
2023-04-28 11:52:30,534  INFO | pool-3-thread-8 | e.e.esig.dss.xades.validation.XAdESCertificateSource    | +XAdESCertificateSource 
2023-04-28 11:52:30,537  INFO | pool-3-thread-7 | e.e.esig.dss.xades.validation.XAdESCertificateSource    | +XAdESCertificateSource 
2023-04-28 11:52:30,545  INFO | pool-3-thread-8 | e.europa.esig.dss.validation.CommonCertificateVerifier  | + New CommonCertificateVerifier created. 
2023-04-28 11:52:30,548  INFO | pool-3-thread-8 | eu.europa.esig.dss.validation.AIACertificateSource      | Retrieving C-40CAF0A89961B3BD99F375518D46AF7EBA9A0A0D15175DB103568030CF7671D8 certificate's issuer using AIA. 
2023-04-28 11:52:30,550  INFO | pool-3-thread-7 | e.europa.esig.dss.validation.CommonCertificateVerifier  | + New CommonCertificateVerifier created. 
2023-04-28 11:52:30,552  INFO | pool-3-thread-2 | eu.europa.esig.dss.validation.AIACertificateSource      | Retrieving C-530B1D749BE7AD3A7BB78326B281DBCC5DF6EA5F414A7B29B970B6548B044907 certificate's issuer using AIA. 
2023-04-28 11:52:30,552  INFO | pool-3-thread-2 | eu.europa.esig.dss.spi.x509.aia.DefaultAIASource        | There is no AIA extension for certificate download. 
2023-04-28 11:52:30,553  WARN | pool-3-thread-2 | e.europa.esig.dss.validation.SignatureValidationContext | POE extraction is skipped for untrusted timestamp : T-26386383378D0C48268DAF57FEFF16A3E7A398A141E3F4EB26079F1DA4959501. 
2023-04-28 11:52:30,477  INFO | pool-3-thread-20 | e.e.esig.dss.xades.validation.XAdESCertificateSource    | +XAdESCertificateSource 
2023-04-28 11:52:30,552  INFO | pool-3-thread-6 | eu.europa.esig.dss.validation.AIACertificateSource      | Retrieving C-530B1D749BE7AD3A7BB78326B281DBCC5DF6EA5F414A7B29B970B6548B044907 certificate's issuer using AIA. 
2023-04-28 11:52:30,553  INFO | pool-3-thread-6 | eu.europa.esig.dss.spi.x509.aia.DefaultAIASource        | There is no AIA extension for certificate download. 
2023-04-28 11:52:30,554  INFO | pool-3-thread-7 | eu.europa.esig.dss.validation.AIACertificateSource      | Retrieving C-40CAF0A89961B3BD99F375518D46AF7EBA9A0A0D15175DB103568030CF7671D8 certificate's issuer using AIA. 
2023-04-28 11:52:30,554  WARN | pool-3-thread-6 | e.europa.esig.dss.validation.SignatureValidationContext | POE extraction is skipped for untrusted timestamp : T-26386383378D0C48268DAF57FEFF16A3E7A398A141E3F4EB26079F1DA4959501. 
2023-04-28 11:52:30,557  WARN | pool-3-thread-2 | e.europa.esig.dss.validation.SignatureValidationContext | No revocation found for the certificate C-CF92871488972946BA2863A316F06A75ADDE69F19608DCBEEBA26026CF3A5E12 
2023-04-28 11:52:30,559  WARN | pool-3-thread-2 | e.europa.esig.dss.validation.SignatureValidationContext | No revocation found for the certificate C-40CAF0A89961B3BD99F375518D46AF7EBA9A0A0D15175DB103568030CF7671D8 
2023-04-28 11:52:30,562  WARN | pool-3-thread-6 | e.europa.esig.dss.validation.SignatureValidationContext | No revocation found for the certificate C-CF92871488972946BA2863A316F06A75ADDE69F19608DCBEEBA26026CF3A5E12 
2023-04-28 11:52:30,562  WARN | pool-3-thread-2 | e.europa.esig.dss.validation.SignatureValidationContext | Issuer not found for certificate C-530B1D749BE7AD3A7BB78326B281DBCC5DF6EA5F414A7B29B970B6548B044907 
2023-04-28 11:52:30,562  INFO | pool-3-thread-20 | e.europa.esig.dss.validation.CommonCertificateVerifier  | + New CommonCertificateVerifier created. 
2023-04-28 11:52:30,562  WARN | pool-3-thread-2 | e.europa.esig.dss.validation.SignatureValidationContext | No revocation found for the certificate C-BED0F19ED46D94900D2A9FCD7C6F660B61FF7588D8B71CF8F279D5FAA3021CCF 
2023-04-28 11:52:30,563  WARN | pool-3-thread-2 | eu.europa.esig.dss.validation.DiagnosticDataBuilder     | Provided CertificateSource configuration contains none of trusted sources of type TRUSTED_STORE or TRUSTED_LIST! 
2023-04-28 11:52:30,563  WARN | pool-3-thread-6 | e.europa.esig.dss.validation.SignatureValidationContext | No revocation found for the certificate C-40CAF0A89961B3BD99F375518D46AF7EBA9A0A0D15175DB103568030CF7671D8 
2023-04-28 11:52:30,564  INFO | pool-3-thread-20 | eu.europa.esig.dss.validation.AIACertificateSource      | Retrieving C-40CAF0A89961B3BD99F375518D46AF7EBA9A0A0D15175DB103568030CF7671D8 certificate's issuer using AIA. 
2023-04-28 11:52:30,566  INFO | pool-3-thread-4 | eu.europa.esig.dss.validation.AIACertificateSource      | Retrieving C-40CAF0A89961B3BD99F375518D46AF7EBA9A0A0D15175DB103568030CF7671D8 certificate's issuer using AIA. 
2023-04-28 11:52:30,570  WARN | pool-3-thread-6 | e.europa.esig.dss.validation.SignatureValidationContext | Issuer not found for certificate C-530B1D749BE7AD3A7BB78326B281DBCC5DF6EA5F414A7B29B970B6548B044907 
2023-04-28 11:52:30,571  WARN | pool-3-thread-6 | e.europa.esig.dss.validation.SignatureValidationContext | No revocation found for the certificate C-BED0F19ED46D94900D2A9FCD7C6F660B61FF7588D8B71CF8F279D5FAA3021CCF 
2023-04-28 11:52:30,571  WARN | pool-3-thread-6 | eu.europa.esig.dss.validation.DiagnosticDataBuilder     | Provided CertificateSource configuration contains none of trusted sources of type TRUSTED_STORE or TRUSTED_LIST! 
2023-04-28 11:52:30,594  INFO | pool-3-thread-18 | eu.europa.esig.dss.validation.AIACertificateSource      | Retrieving C-530B1D749BE7AD3A7BB78326B281DBCC5DF6EA5F414A7B29B970B6548B044907 certificate's issuer using AIA. 
2023-04-28 11:52:30,594  INFO | pool-3-thread-18 | eu.europa.esig.dss.spi.x509.aia.DefaultAIASource        | There is no AIA extension for certificate download. 
2023-04-28 11:52:30,595  WARN | pool-3-thread-18 | e.europa.esig.dss.validation.SignatureValidationContext | POE extraction is skipped for untrusted timestamp : T-26386383378D0C48268DAF57FEFF16A3E7A398A141E3F4EB26079F1DA4959501. 
2023-04-28 11:52:30,599  WARN | pool-3-thread-18 | e.europa.esig.dss.validation.SignatureValidationContext | No revocation found for the certificate C-CF92871488972946BA2863A316F06A75ADDE69F19608DCBEEBA26026CF3A5E12 
2023-04-28 11:52:30,599  INFO | pool-3-thread-2 | eu.europa.esig.dss.validation.SignedDocumentValidator   | Document validation... 
2023-04-28 11:52:30,599  INFO | pool-3-thread-6 | eu.europa.esig.dss.validation.SignedDocumentValidator   | Document validation... 
2023-04-28 11:52:30,599  INFO | pool-3-thread-8 | eu.europa.esig.dss.validation.AIACertificateSource      | Retrieving C-530B1D749BE7AD3A7BB78326B281DBCC5DF6EA5F414A7B29B970B6548B044907 certificate's issuer using AIA. 
2023-04-28 11:52:30,599  INFO | pool-3-thread-8 | eu.europa.esig.dss.spi.x509.aia.DefaultAIASource        | There is no AIA extension for certificate download. 
2023-04-28 11:52:30,600  WARN | pool-3-thread-18 | e.europa.esig.dss.validation.SignatureValidationContext | No revocation found for the certificate C-40CAF0A89961B3BD99F375518D46AF7EBA9A0A0D15175DB103568030CF7671D8 
2023-04-28 11:52:30,600  WARN | pool-3-thread-8 | e.europa.esig.dss.validation.SignatureValidationContext | POE extraction is skipped for untrusted timestamp : T-26386383378D0C48268DAF57FEFF16A3E7A398A141E3F4EB26079F1DA4959501. 
2023-04-28 11:52:30,603  WARN | pool-3-thread-18 | e.europa.esig.dss.validation.SignatureValidationContext | Issuer not found for certificate C-530B1D749BE7AD3A7BB78326B281DBCC5DF6EA5F414A7B29B970B6548B044907 
2023-04-28 11:52:30,604  WARN | pool-3-thread-18 | e.europa.esig.dss.validation.SignatureValidationContext | No revocation found for the certificate C-BED0F19ED46D94900D2A9FCD7C6F660B61FF7588D8B71CF8F279D5FAA3021CCF 
2023-04-28 11:52:30,604  WARN | pool-3-thread-18 | eu.europa.esig.dss.validation.DiagnosticDataBuilder     | Provided CertificateSource configuration contains none of trusted sources of type TRUSTED_STORE or TRUSTED_LIST! 
2023-04-28 11:52:30,604  WARN | pool-3-thread-8 | e.europa.esig.dss.validation.SignatureValidationContext | No revocation found for the certificate C-CF92871488972946BA2863A316F06A75ADDE69F19608DCBEEBA26026CF3A5E12 
2023-04-28 11:52:30,605  INFO | pool-3-thread-6 | e.europa.esig.dss.validation.CommonCertificateVerifier  | + New CommonCertificateVerifier created. 
2023-04-28 11:52:30,605  INFO | pool-3-thread-2 | e.europa.esig.dss.validation.CommonCertificateVerifier  | + New CommonCertificateVerifier created. 
2023-04-28 11:52:30,606  WARN | pool-3-thread-8 | e.europa.esig.dss.validation.SignatureValidationContext | No revocation found for the certificate C-40CAF0A89961B3BD99F375518D46AF7EBA9A0A0D15175DB103568030CF7671D8 
2023-04-28 11:52:30,608  INFO | pool-3-thread-2 | eu.europa.esig.dss.xades.validation.ManifestValidator   | Validation of the manifest references ... 
2023-04-28 11:52:30,608  INFO | pool-3-thread-6 | eu.europa.esig.dss.xades.validation.ManifestValidator   | Validation of the manifest references ... 
2023-04-28 11:52:30,608  WARN | pool-3-thread-8 | e.europa.esig.dss.validation.SignatureValidationContext | Issuer not found for certificate C-530B1D749BE7AD3A7BB78326B281DBCC5DF6EA5F414A7B29B970B6548B044907 
2023-04-28 11:52:30,609  WARN | pool-3-thread-8 | e.europa.esig.dss.validation.SignatureValidationContext | No revocation found for the certificate C-BED0F19ED46D94900D2A9FCD7C6F660B61FF7588D8B71CF8F279D5FAA3021CCF 
2023-04-28 11:52:30,609  WARN | pool-3-thread-8 | eu.europa.esig.dss.validation.DiagnosticDataBuilder     | Provided CertificateSource configuration contains none of trusted sources of type TRUSTED_STORE or TRUSTED_LIST! 
2023-04-28 11:52:30,614  INFO | pool-3-thread-6 | e.e.esig.dss.xades.validation.XAdESCertificateSource    | +XAdESCertificateSource 
2023-04-28 11:52:30,614  INFO | pool-3-thread-2 | e.e.esig.dss.xades.validation.XAdESCertificateSource    | +XAdESCertificateSource 
2023-04-28 11:52:30,627  INFO | pool-3-thread-6 | e.europa.esig.dss.validation.CommonCertificateVerifier  | + New CommonCertificateVerifier created. 
2023-04-28 11:52:30,628  INFO | pool-3-thread-12 | e.e.esig.dss.xades.validation.XAdESCertificateSource    | +XAdESCertificateSource 
2023-04-28 11:52:30,630  INFO | pool-3-thread-14 | e.e.esig.dss.xades.validation.XAdESCertificateSource    | +XAdESCertificateSource 
2023-04-28 11:52:30,633  INFO | pool-3-thread-6 | eu.europa.esig.dss.validation.AIACertificateSource      | Retrieving C-40CAF0A89961B3BD99F375518D46AF7EBA9A0A0D15175DB103568030CF7671D8 certificate's issuer using AIA. 
2023-04-28 11:52:30,635  INFO | pool-3-thread-2 | e.europa.esig.dss.validation.CommonCertificateVerifier  | + New CommonCertificateVerifier created. 
2023-04-28 11:52:30,637  INFO | pool-3-thread-2 | eu.europa.esig.dss.validation.AIACertificateSource      | Retrieving C-40CAF0A89961B3BD99F375518D46AF7EBA9A0A0D15175DB103568030CF7671D8 certificate's issuer using AIA. 
2023-04-28 11:52:30,638  INFO | pool-3-thread-12 | e.europa.esig.dss.validation.CommonCertificateVerifier  | + New CommonCertificateVerifier created. 
2023-04-28 11:52:30,639  INFO | pool-3-thread-18 | eu.europa.esig.dss.validation.SignedDocumentValidator   | Document validation... 
2023-04-28 11:52:30,640  INFO | pool-3-thread-12 | eu.europa.esig.dss.validation.AIACertificateSource      | Retrieving C-40CAF0A89961B3BD99F375518D46AF7EBA9A0A0D15175DB103568030CF7671D8 certificate's issuer using AIA. 
2023-04-28 11:52:30,641  INFO | pool-3-thread-14 | e.europa.esig.dss.validation.CommonCertificateVerifier  | + New CommonCertificateVerifier created. 
2023-04-28 11:52:30,641  INFO | pool-3-thread-8 | eu.europa.esig.dss.validation.SignedDocumentValidator   | Document validation... 
2023-04-28 11:52:30,643  INFO | pool-3-thread-20 | eu.europa.esig.dss.validation.AIACertificateSource      | Retrieving C-530B1D749BE7AD3A7BB78326B281DBCC5DF6EA5F414A7B29B970B6548B044907 certificate's issuer using AIA. 
2023-04-28 11:52:30,643  INFO | pool-3-thread-20 | eu.europa.esig.dss.spi.x509.aia.DefaultAIASource        | There is no AIA extension for certificate download. 
2023-04-28 11:52:30,643  INFO | pool-3-thread-14 | eu.europa.esig.dss.validation.AIACertificateSource      | Retrieving C-40CAF0A89961B3BD99F375518D46AF7EBA9A0A0D15175DB103568030CF7671D8 certificate's issuer using AIA. 
2023-04-28 11:52:30,644  INFO | pool-3-thread-18 | e.europa.esig.dss.validation.CommonCertificateVerifier  | + New CommonCertificateVerifier created. 
2023-04-28 11:52:30,644  WARN | pool-3-thread-20 | e.europa.esig.dss.validation.SignatureValidationContext | POE extraction is skipped for untrusted timestamp : T-26386383378D0C48268DAF57FEFF16A3E7A398A141E3F4EB26079F1DA4959501. 
2023-04-28 11:52:30,645  INFO | pool-3-thread-18 | eu.europa.esig.dss.xades.validation.ManifestValidator   | Validation of the manifest references ... 
2023-04-28 11:52:30,646  INFO | pool-3-thread-4 | eu.europa.esig.dss.validation.AIACertificateSource      | Retrieving C-530B1D749BE7AD3A7BB78326B281DBCC5DF6EA5F414A7B29B970B6548B044907 certificate's issuer using AIA. 
2023-04-28 11:52:30,646  INFO | pool-3-thread-4 | eu.europa.esig.dss.spi.x509.aia.DefaultAIASource        | There is no AIA extension for certificate download. 
2023-04-28 11:52:30,646  WARN | pool-3-thread-4 | e.europa.esig.dss.validation.SignatureValidationContext | POE extraction is skipped for untrusted timestamp : T-26386383378D0C48268DAF57FEFF16A3E7A398A141E3F4EB26079F1DA4959501. 
2023-04-28 11:52:30,646  INFO | pool-3-thread-8 | e.europa.esig.dss.validation.CommonCertificateVerifier  | + New CommonCertificateVerifier created. 
2023-04-28 11:52:30,647  WARN | pool-3-thread-20 | e.europa.esig.dss.validation.SignatureValidationContext | No revocation found for the certificate C-CF92871488972946BA2863A316F06A75ADDE69F19608DCBEEBA26026CF3A5E12 
2023-04-28 11:52:30,649  INFO | pool-3-thread-8 | eu.europa.esig.dss.xades.validation.ManifestValidator   | Validation of the manifest references ... 
2023-04-28 11:52:30,649  WARN | pool-3-thread-20 | e.europa.esig.dss.validation.SignatureValidationContext | No revocation found for the certificate C-40CAF0A89961B3BD99F375518D46AF7EBA9A0A0D15175DB103568030CF7671D8 
2023-04-28 11:52:30,650  WARN | pool-3-thread-4 | e.europa.esig.dss.validation.SignatureValidationContext | No revocation found for the certificate C-CF92871488972946BA2863A316F06A75ADDE69F19608DCBEEBA26026CF3A5E12 
2023-04-28 11:52:30,652  WARN | pool-3-thread-20 | e.europa.esig.dss.validation.SignatureValidationContext | Issuer not found for certificate C-530B1D749BE7AD3A7BB78326B281DBCC5DF6EA5F414A7B29B970B6548B044907 
2023-04-28 11:52:30,652  WARN | pool-3-thread-4 | e.europa.esig.dss.validation.SignatureValidationContext | No revocation found for the certificate C-40CAF0A89961B3BD99F375518D46AF7EBA9A0A0D15175DB103568030CF7671D8 
2023-04-28 11:52:30,652  INFO | pool-3-thread-18 | e.e.esig.dss.xades.validation.XAdESCertificateSource    | +XAdESCertificateSource 
2023-04-28 11:52:30,652  WARN | pool-3-thread-20 | e.europa.esig.dss.validation.SignatureValidationContext | No revocation found for the certificate C-BED0F19ED46D94900D2A9FCD7C6F660B61FF7588D8B71CF8F279D5FAA3021CCF 
2023-04-28 11:52:30,653  WARN | pool-3-thread-20 | eu.europa.esig.dss.validation.DiagnosticDataBuilder     | Provided CertificateSource configuration contains none of trusted sources of type TRUSTED_STORE or TRUSTED_LIST! 
2023-04-28 11:52:30,655  WARN | pool-3-thread-4 | e.europa.esig.dss.validation.SignatureValidationContext | Issuer not found for certificate C-530B1D749BE7AD3A7BB78326B281DBCC5DF6EA5F414A7B29B970B6548B044907 
2023-04-28 11:52:30,656  WARN | pool-3-thread-4 | e.europa.esig.dss.validation.SignatureValidationContext | No revocation found for the certificate C-BED0F19ED46D94900D2A9FCD7C6F660B61FF7588D8B71CF8F279D5FAA3021CCF 
2023-04-28 11:52:30,656  WARN | pool-3-thread-4 | eu.europa.esig.dss.validation.DiagnosticDataBuilder     | Provided CertificateSource configuration contains none of trusted sources of type TRUSTED_STORE or TRUSTED_LIST! 
2023-04-28 11:52:30,659  INFO | pool-3-thread-8 | e.e.esig.dss.xades.validation.XAdESCertificateSource    | +XAdESCertificateSource 
2023-04-28 11:52:30,660  INFO | pool-3-thread-10 | eu.europa.esig.dss.validation.SignedDocumentValidator   | Document validation... 
2023-04-28 11:52:30,662  INFO | pool-3-thread-19 | eu.europa.esig.dss.validation.SignedDocumentValidator   | Document validation... 
2023-04-28 11:52:30,670  INFO | pool-3-thread-10 | e.europa.esig.dss.validation.CommonCertificateVerifier  | + New CommonCertificateVerifier created. 
2023-04-28 11:52:30,672  INFO | pool-3-thread-19 | e.europa.esig.dss.validation.CommonCertificateVerifier  | + New CommonCertificateVerifier created. 
2023-04-28 11:52:30,674  INFO | pool-3-thread-8 | e.europa.esig.dss.validation.CommonCertificateVerifier  | + New CommonCertificateVerifier created. 
2023-04-28 11:52:30,674  INFO | pool-3-thread-19 | eu.europa.esig.dss.xades.validation.ManifestValidator   | Validation of the manifest references ... 
2023-04-28 11:52:30,674  INFO | pool-3-thread-10 | eu.europa.esig.dss.xades.validation.ManifestValidator   | Validation of the manifest references ... 
2023-04-28 11:52:30,682  INFO | pool-3-thread-19 | e.e.esig.dss.xades.validation.XAdESCertificateSource    | +XAdESCertificateSource 
2023-04-28 11:52:30,683  INFO | pool-3-thread-10 | e.e.esig.dss.xades.validation.XAdESCertificateSource    | +XAdESCertificateSource 
2023-04-28 11:52:30,692  INFO | pool-3-thread-18 | e.europa.esig.dss.validation.CommonCertificateVerifier  | + New CommonCertificateVerifier created. 
2023-04-28 11:52:30,692  INFO | pool-3-thread-10 | e.europa.esig.dss.validation.CommonCertificateVerifier  | + New CommonCertificateVerifier created. 
2023-04-28 11:52:30,694  INFO | pool-3-thread-10 | eu.europa.esig.dss.validation.AIACertificateSource      | Retrieving C-40CAF0A89961B3BD99F375518D46AF7EBA9A0A0D15175DB103568030CF7671D8 certificate's issuer using AIA. 
2023-04-28 11:52:30,694  INFO | pool-3-thread-18 | eu.europa.esig.dss.validation.AIACertificateSource      | Retrieving C-40CAF0A89961B3BD99F375518D46AF7EBA9A0A0D15175DB103568030CF7671D8 certificate's issuer using AIA. 
2023-04-28 11:52:30,705  INFO | pool-3-thread-19 | e.europa.esig.dss.validation.CommonCertificateVerifier  | + New CommonCertificateVerifier created. 
2023-04-28 11:52:30,712  INFO | pool-3-thread-8 | eu.europa.esig.dss.validation.AIACertificateSource      | Retrieving C-40CAF0A89961B3BD99F375518D46AF7EBA9A0A0D15175DB103568030CF7671D8 certificate's issuer using AIA. 
2023-04-28 11:52:30,744  INFO | pool-3-thread-16 | e.e.esig.dss.xades.validation.XAdESCertificateSource    | +XAdESCertificateSource 
2023-04-28 11:52:30,764  INFO | pool-3-thread-19 | eu.europa.esig.dss.validation.AIACertificateSource      | Retrieving C-40CAF0A89961B3BD99F375518D46AF7EBA9A0A0D15175DB103568030CF7671D8 certificate's issuer using AIA. 
2023-04-28 11:52:30,766  INFO | pool-3-thread-3 | eu.europa.esig.dss.validation.SignedDocumentValidator   | Document validation... 
2023-04-28 11:52:30,770  INFO | pool-3-thread-15 | eu.europa.esig.dss.validation.SignedDocumentValidator   | Document validation... 
2023-04-28 11:52:30,774  INFO | pool-3-thread-3 | e.europa.esig.dss.validation.CommonCertificateVerifier  | + New CommonCertificateVerifier created. 
2023-04-28 11:52:30,776  INFO | pool-3-thread-15 | e.europa.esig.dss.validation.CommonCertificateVerifier  | + New CommonCertificateVerifier created. 
2023-04-28 11:52:30,776  INFO | pool-3-thread-3 | eu.europa.esig.dss.xades.validation.ManifestValidator   | Validation of the manifest references ... 
2023-04-28 11:52:30,778  INFO | pool-3-thread-15 | eu.europa.esig.dss.xades.validation.ManifestValidator   | Validation of the manifest references ... 
2023-04-28 11:52:30,779  INFO | pool-3-thread-16 | e.europa.esig.dss.validation.CommonCertificateVerifier  | + New CommonCertificateVerifier created. 
2023-04-28 11:52:30,785  INFO | pool-3-thread-3 | e.e.esig.dss.xades.validation.XAdESCertificateSource    | +XAdESCertificateSource 
2023-04-28 11:52:30,786  INFO | pool-3-thread-16 | eu.europa.esig.dss.validation.AIACertificateSource      | Retrieving C-40CAF0A89961B3BD99F375518D46AF7EBA9A0A0D15175DB103568030CF7671D8 certificate's issuer using AIA. 
2023-04-28 11:52:30,803  INFO | pool-3-thread-6 | eu.europa.esig.dss.validation.AIACertificateSource      | Retrieving C-530B1D749BE7AD3A7BB78326B281DBCC5DF6EA5F414A7B29B970B6548B044907 certificate's issuer using AIA. 
2023-04-28 11:52:30,803  INFO | pool-3-thread-6 | eu.europa.esig.dss.spi.x509.aia.DefaultAIASource        | There is no AIA extension for certificate download. 
2023-04-28 11:52:30,804  WARN | pool-3-thread-6 | e.europa.esig.dss.validation.SignatureValidationContext | POE extraction is skipped for untrusted timestamp : T-26386383378D0C48268DAF57FEFF16A3E7A398A141E3F4EB26079F1DA4959501. 
2023-04-28 11:52:30,809  WARN | pool-3-thread-6 | e.europa.esig.dss.validation.SignatureValidationContext | No revocation found for the certificate C-CF92871488972946BA2863A316F06A75ADDE69F19608DCBEEBA26026CF3A5E12 
2023-04-28 11:52:30,810  WARN | pool-3-thread-6 | e.europa.esig.dss.validation.SignatureValidationContext | No revocation found for the certificate C-40CAF0A89961B3BD99F375518D46AF7EBA9A0A0D15175DB103568030CF7671D8 
2023-04-28 11:52:30,813  WARN | pool-3-thread-6 | e.europa.esig.dss.validation.SignatureValidationContext | Issuer not found for certificate C-530B1D749BE7AD3A7BB78326B281DBCC5DF6EA5F414A7B29B970B6548B044907 
2023-04-28 11:52:30,813  WARN | pool-3-thread-6 | e.europa.esig.dss.validation.SignatureValidationContext | No revocation found for the certificate C-BED0F19ED46D94900D2A9FCD7C6F660B61FF7588D8B71CF8F279D5FAA3021CCF 
2023-04-28 11:52:30,814  WARN | pool-3-thread-6 | eu.europa.esig.dss.validation.DiagnosticDataBuilder     | Provided CertificateSource configuration contains none of trusted sources of type TRUSTED_STORE or TRUSTED_LIST! 
2023-04-28 11:52:30,831  INFO | pool-3-thread-2 | eu.europa.esig.dss.validation.AIACertificateSource      | Retrieving C-530B1D749BE7AD3A7BB78326B281DBCC5DF6EA5F414A7B29B970B6548B044907 certificate's issuer using AIA. 
2023-04-28 11:52:30,831  INFO | pool-3-thread-2 | eu.europa.esig.dss.spi.x509.aia.DefaultAIASource        | There is no AIA extension for certificate download. 
2023-04-28 11:52:30,832  WARN | pool-3-thread-2 | e.europa.esig.dss.validation.SignatureValidationContext | POE extraction is skipped for untrusted timestamp : T-26386383378D0C48268DAF57FEFF16A3E7A398A141E3F4EB26079F1DA4959501. 
2023-04-28 11:52:30,837  WARN | pool-3-thread-2 | e.europa.esig.dss.validation.SignatureValidationContext | No revocation found for the certificate C-CF92871488972946BA2863A316F06A75ADDE69F19608DCBEEBA26026CF3A5E12 
2023-04-28 11:52:30,838  WARN | pool-3-thread-2 | e.europa.esig.dss.validation.SignatureValidationContext | No revocation found for the certificate C-40CAF0A89961B3BD99F375518D46AF7EBA9A0A0D15175DB103568030CF7671D8 
2023-04-28 11:52:30,840  INFO | pool-3-thread-7 | eu.europa.esig.dss.validation.AIACertificateSource      | Retrieving C-530B1D749BE7AD3A7BB78326B281DBCC5DF6EA5F414A7B29B970B6548B044907 certificate's issuer using AIA. 
2023-04-28 11:52:30,840  INFO | pool-3-thread-7 | eu.europa.esig.dss.spi.x509.aia.DefaultAIASource        | There is no AIA extension for certificate download. 
2023-04-28 11:52:30,840  WARN | pool-3-thread-7 | e.europa.esig.dss.validation.SignatureValidationContext | POE extraction is skipped for untrusted timestamp : T-26386383378D0C48268DAF57FEFF16A3E7A398A141E3F4EB26079F1DA4959501. 
2023-04-28 11:52:30,841  WARN | pool-3-thread-2 | e.europa.esig.dss.validation.SignatureValidationContext | Issuer not found for certificate C-530B1D749BE7AD3A7BB78326B281DBCC5DF6EA5F414A7B29B970B6548B044907 
2023-04-28 11:52:30,841  WARN | pool-3-thread-2 | e.europa.esig.dss.validation.SignatureValidationContext | No revocation found for the certificate C-BED0F19ED46D94900D2A9FCD7C6F660B61FF7588D8B71CF8F279D5FAA3021CCF 
2023-04-28 11:52:30,842  WARN | pool-3-thread-2 | eu.europa.esig.dss.validation.DiagnosticDataBuilder     | Provided CertificateSource configuration contains none of trusted sources of type TRUSTED_STORE or TRUSTED_LIST! 
2023-04-28 11:52:30,845  INFO | pool-3-thread-14 | eu.europa.esig.dss.validation.AIACertificateSource      | Retrieving C-530B1D749BE7AD3A7BB78326B281DBCC5DF6EA5F414A7B29B970B6548B044907 certificate's issuer using AIA. 
2023-04-28 11:52:30,845  INFO | pool-3-thread-14 | eu.europa.esig.dss.spi.x509.aia.DefaultAIASource        | There is no AIA extension for certificate download. 
2023-04-28 11:52:30,845  WARN | pool-3-thread-7 | e.europa.esig.dss.validation.SignatureValidationContext | No revocation found for the certificate C-CF92871488972946BA2863A316F06A75ADDE69F19608DCBEEBA26026CF3A5E12 
2023-04-28 11:52:30,845  WARN | pool-3-thread-14 | e.europa.esig.dss.validation.SignatureValidationContext | POE extraction is skipped for untrusted timestamp : T-26386383378D0C48268DAF57FEFF16A3E7A398A141E3F4EB26079F1DA4959501. 
2023-04-28 11:52:30,846  WARN | pool-3-thread-7 | e.europa.esig.dss.validation.SignatureValidationContext | No revocation found for the certificate C-40CAF0A89961B3BD99F375518D46AF7EBA9A0A0D15175DB103568030CF7671D8 
2023-04-28 11:52:30,849  WARN | pool-3-thread-7 | e.europa.esig.dss.validation.SignatureValidationContext | Issuer not found for certificate C-530B1D749BE7AD3A7BB78326B281DBCC5DF6EA5F414A7B29B970B6548B044907 
2023-04-28 11:52:30,849  WARN | pool-3-thread-14 | e.europa.esig.dss.validation.SignatureValidationContext | No revocation found for the certificate C-CF92871488972946BA2863A316F06A75ADDE69F19608DCBEEBA26026CF3A5E12 
2023-04-28 11:52:30,850  WARN | pool-3-thread-7 | e.europa.esig.dss.validation.SignatureValidationContext | No revocation found for the certificate C-BED0F19ED46D94900D2A9FCD7C6F660B61FF7588D8B71CF8F279D5FAA3021CCF 
2023-04-28 11:52:30,850  WARN | pool-3-thread-7 | eu.europa.esig.dss.validation.DiagnosticDataBuilder     | Provided CertificateSource configuration contains none of trusted sources of type TRUSTED_STORE or TRUSTED_LIST! 
2023-04-28 11:52:30,851  WARN | pool-3-thread-14 | e.europa.esig.dss.validation.SignatureValidationContext | No revocation found for the certificate C-40CAF0A89961B3BD99F375518D46AF7EBA9A0A0D15175DB103568030CF7671D8 
2023-04-28 11:52:30,854  WARN | pool-3-thread-14 | e.europa.esig.dss.validation.SignatureValidationContext | Issuer not found for certificate C-530B1D749BE7AD3A7BB78326B281DBCC5DF6EA5F414A7B29B970B6548B044907 
2023-04-28 11:52:30,854  WARN | pool-3-thread-14 | e.europa.esig.dss.validation.SignatureValidationContext | No revocation found for the certificate C-BED0F19ED46D94900D2A9FCD7C6F660B61FF7588D8B71CF8F279D5FAA3021CCF 
2023-04-28 11:52:30,855  WARN | pool-3-thread-14 | eu.europa.esig.dss.validation.DiagnosticDataBuilder     | Provided CertificateSource configuration contains none of trusted sources of type TRUSTED_STORE or TRUSTED_LIST! 
2023-04-28 11:52:30,895  INFO | pool-3-thread-7 | eu.europa.esig.dss.validation.SignedDocumentValidator   | Document validation... 
2023-04-28 11:52:30,895  INFO | pool-3-thread-17 | eu.europa.esig.dss.validation.SignedDocumentValidator   | Document validation... 
2023-04-28 11:52:30,898  INFO | pool-3-thread-2 | eu.europa.esig.dss.validation.SignedDocumentValidator   | Document validation... 
2023-04-28 11:52:30,901  INFO | pool-3-thread-14 | eu.europa.esig.dss.validation.SignedDocumentValidator   | Document validation... 
2023-04-28 11:52:30,901  INFO | pool-3-thread-17 | e.europa.esig.dss.validation.CommonCertificateVerifier  | + New CommonCertificateVerifier created. 
2023-04-28 11:52:30,903  INFO | pool-3-thread-17 | eu.europa.esig.dss.xades.validation.ManifestValidator   | Validation of the manifest references ... 
2023-04-28 11:52:30,904  INFO | pool-3-thread-2 | e.europa.esig.dss.validation.CommonCertificateVerifier  | + New CommonCertificateVerifier created. 
2023-04-28 11:52:30,904  INFO | pool-3-thread-7 | e.europa.esig.dss.validation.CommonCertificateVerifier  | + New CommonCertificateVerifier created. 
2023-04-28 11:52:30,906  INFO | pool-3-thread-7 | eu.europa.esig.dss.xades.validation.ManifestValidator   | Validation of the manifest references ... 
2023-04-28 11:52:30,907  INFO | pool-3-thread-2 | eu.europa.esig.dss.xades.validation.ManifestValidator   | Validation of the manifest references ... 
2023-04-28 11:52:30,907  INFO | pool-3-thread-14 | e.europa.esig.dss.validation.CommonCertificateVerifier  | + New CommonCertificateVerifier created. 
2023-04-28 11:52:30,908  INFO | pool-3-thread-14 | eu.europa.esig.dss.xades.validation.ManifestValidator   | Validation of the manifest references ... 
2023-04-28 11:52:30,931  INFO | pool-3-thread-3 | e.europa.esig.dss.validation.CommonCertificateVerifier  | + New CommonCertificateVerifier created. 
2023-04-28 11:52:30,932  INFO | pool-3-thread-12 | eu.europa.esig.dss.validation.AIACertificateSource      | Retrieving C-530B1D749BE7AD3A7BB78326B281DBCC5DF6EA5F414A7B29B970B6548B044907 certificate's issuer using AIA. 
2023-04-28 11:52:30,932  INFO | pool-3-thread-12 | eu.europa.esig.dss.spi.x509.aia.DefaultAIASource        | There is no AIA extension for certificate download. 
2023-04-28 11:52:30,933  WARN | pool-3-thread-12 | e.europa.esig.dss.validation.SignatureValidationContext | POE extraction is skipped for untrusted timestamp : T-26386383378D0C48268DAF57FEFF16A3E7A398A141E3F4EB26079F1DA4959501. 
2023-04-28 11:52:30,935  INFO | pool-3-thread-19 | eu.europa.esig.dss.validation.AIACertificateSource      | Retrieving C-530B1D749BE7AD3A7BB78326B281DBCC5DF6EA5F414A7B29B970B6548B044907 certificate's issuer using AIA. 
2023-04-28 11:52:30,935  INFO | pool-3-thread-19 | eu.europa.esig.dss.spi.x509.aia.DefaultAIASource        | There is no AIA extension for certificate download. 
2023-04-28 11:52:30,935  INFO | pool-3-thread-3 | eu.europa.esig.dss.validation.AIACertificateSource      | Retrieving C-40CAF0A89961B3BD99F375518D46AF7EBA9A0A0D15175DB103568030CF7671D8 certificate's issuer using AIA. 
2023-04-28 11:52:30,935  INFO | pool-3-thread-8 | eu.europa.esig.dss.validation.AIACertificateSource      | Retrieving C-530B1D749BE7AD3A7BB78326B281DBCC5DF6EA5F414A7B29B970B6548B044907 certificate's issuer using AIA. 
2023-04-28 11:52:30,935  INFO | pool-3-thread-8 | eu.europa.esig.dss.spi.x509.aia.DefaultAIASource        | There is no AIA extension for certificate download. 
2023-04-28 11:52:30,935  INFO | pool-3-thread-10 | eu.europa.esig.dss.validation.AIACertificateSource      | Retrieving C-530B1D749BE7AD3A7BB78326B281DBCC5DF6EA5F414A7B29B970B6548B044907 certificate's issuer using AIA. 
2023-04-28 11:52:30,935  INFO | pool-3-thread-10 | eu.europa.esig.dss.spi.x509.aia.DefaultAIASource        | There is no AIA extension for certificate download. 
2023-04-28 11:52:30,935  WARN | pool-3-thread-19 | e.europa.esig.dss.validation.SignatureValidationContext | POE extraction is skipped for untrusted timestamp : T-26386383378D0C48268DAF57FEFF16A3E7A398A141E3F4EB26079F1DA4959501. 
2023-04-28 11:52:30,935  WARN | pool-3-thread-8 | e.europa.esig.dss.validation.SignatureValidationContext | POE extraction is skipped for untrusted timestamp : T-26386383378D0C48268DAF57FEFF16A3E7A398A141E3F4EB26079F1DA4959501. 
2023-04-28 11:52:30,936  WARN | pool-3-thread-10 | e.europa.esig.dss.validation.SignatureValidationContext | POE extraction is skipped for untrusted timestamp : T-26386383378D0C48268DAF57FEFF16A3E7A398A141E3F4EB26079F1DA4959501. 
2023-04-28 11:52:30,937  WARN | pool-3-thread-12 | e.europa.esig.dss.validation.SignatureValidationContext | No revocation found for the certificate C-CF92871488972946BA2863A316F06A75ADDE69F19608DCBEEBA26026CF3A5E12 
2023-04-28 11:52:30,937  INFO | pool-3-thread-18 | eu.europa.esig.dss.validation.AIACertificateSource      | Retrieving C-530B1D749BE7AD3A7BB78326B281DBCC5DF6EA5F414A7B29B970B6548B044907 certificate's issuer using AIA. 
2023-04-28 11:52:30,937  INFO | pool-3-thread-18 | eu.europa.esig.dss.spi.x509.aia.DefaultAIASource        | There is no AIA extension for certificate download. 
2023-04-28 11:52:30,939  WARN | pool-3-thread-18 | e.europa.esig.dss.validation.SignatureValidationContext | POE extraction is skipped for untrusted timestamp : T-26386383378D0C48268DAF57FEFF16A3E7A398A141E3F4EB26079F1DA4959501. 
2023-04-28 11:52:30,939  WARN | pool-3-thread-12 | e.europa.esig.dss.validation.SignatureValidationContext | No revocation found for the certificate C-40CAF0A89961B3BD99F375518D46AF7EBA9A0A0D15175DB103568030CF7671D8 
2023-04-28 11:52:30,939  WARN | pool-3-thread-19 | e.europa.esig.dss.validation.SignatureValidationContext | No revocation found for the certificate C-CF92871488972946BA2863A316F06A75ADDE69F19608DCBEEBA26026CF3A5E12 
2023-04-28 11:52:30,939  WARN | pool-3-thread-8 | e.europa.esig.dss.validation.SignatureValidationContext | No revocation found for the certificate C-CF92871488972946BA2863A316F06A75ADDE69F19608DCBEEBA26026CF3A5E12 
2023-04-28 11:52:30,939  WARN | pool-3-thread-10 | e.europa.esig.dss.validation.SignatureValidationContext | No revocation found for the certificate C-CF92871488972946BA2863A316F06A75ADDE69F19608DCBEEBA26026CF3A5E12 
2023-04-28 11:52:30,941  WARN | pool-3-thread-19 | e.europa.esig.dss.validation.SignatureValidationContext | No revocation found for the certificate C-40CAF0A89961B3BD99F375518D46AF7EBA9A0A0D15175DB103568030CF7671D8 
2023-04-28 11:52:30,941  WARN | pool-3-thread-8 | e.europa.esig.dss.validation.SignatureValidationContext | No revocation found for the certificate C-40CAF0A89961B3BD99F375518D46AF7EBA9A0A0D15175DB103568030CF7671D8 
2023-04-28 11:52:30,942  WARN | pool-3-thread-10 | e.europa.esig.dss.validation.SignatureValidationContext | No revocation found for the certificate C-40CAF0A89961B3BD99F375518D46AF7EBA9A0A0D15175DB103568030CF7671D8 
2023-04-28 11:52:30,942  WARN | pool-3-thread-12 | e.europa.esig.dss.validation.SignatureValidationContext | Issuer not found for certificate C-530B1D749BE7AD3A7BB78326B281DBCC5DF6EA5F414A7B29B970B6548B044907 
2023-04-28 11:52:30,942  WARN | pool-3-thread-12 | e.europa.esig.dss.validation.SignatureValidationContext | No revocation found for the certificate C-BED0F19ED46D94900D2A9FCD7C6F660B61FF7588D8B71CF8F279D5FAA3021CCF 
2023-04-28 11:52:30,942  WARN | pool-3-thread-18 | e.europa.esig.dss.validation.SignatureValidationContext | No revocation found for the certificate C-CF92871488972946BA2863A316F06A75ADDE69F19608DCBEEBA26026CF3A5E12 
2023-04-28 11:52:30,943  WARN | pool-3-thread-12 | eu.europa.esig.dss.validation.DiagnosticDataBuilder     | Provided CertificateSource configuration contains none of trusted sources of type TRUSTED_STORE or TRUSTED_LIST! 
2023-04-28 11:52:30,944  WARN | pool-3-thread-19 | e.europa.esig.dss.validation.SignatureValidationContext | Issuer not found for certificate C-530B1D749BE7AD3A7BB78326B281DBCC5DF6EA5F414A7B29B970B6548B044907 
2023-04-28 11:52:30,944  WARN | pool-3-thread-18 | e.europa.esig.dss.validation.SignatureValidationContext | No revocation found for the certificate C-40CAF0A89961B3BD99F375518D46AF7EBA9A0A0D15175DB103568030CF7671D8 
2023-04-28 11:52:30,944  WARN | pool-3-thread-19 | e.europa.esig.dss.validation.SignatureValidationContext | No revocation found for the certificate C-BED0F19ED46D94900D2A9FCD7C6F660B61FF7588D8B71CF8F279D5FAA3021CCF 
2023-04-28 11:52:30,944  WARN | pool-3-thread-8 | e.europa.esig.dss.validation.SignatureValidationContext | Issuer not found for certificate C-530B1D749BE7AD3A7BB78326B281DBCC5DF6EA5F414A7B29B970B6548B044907 
2023-04-28 11:52:30,944  WARN | pool-3-thread-10 | e.europa.esig.dss.validation.SignatureValidationContext | Issuer not found for certificate C-530B1D749BE7AD3A7BB78326B281DBCC5DF6EA5F414A7B29B970B6548B044907 
2023-04-28 11:52:30,944  WARN | pool-3-thread-8 | e.europa.esig.dss.validation.SignatureValidationContext | No revocation found for the certificate C-BED0F19ED46D94900D2A9FCD7C6F660B61FF7588D8B71CF8F279D5FAA3021CCF 
2023-04-28 11:52:30,944  WARN | pool-3-thread-19 | eu.europa.esig.dss.validation.DiagnosticDataBuilder     | Provided CertificateSource configuration contains none of trusted sources of type TRUSTED_STORE or TRUSTED_LIST! 
2023-04-28 11:52:30,945  WARN | pool-3-thread-10 | e.europa.esig.dss.validation.SignatureValidationContext | No revocation found for the certificate C-BED0F19ED46D94900D2A9FCD7C6F660B61FF7588D8B71CF8F279D5FAA3021CCF 
2023-04-28 11:52:30,945  WARN | pool-3-thread-8 | eu.europa.esig.dss.validation.DiagnosticDataBuilder     | Provided CertificateSource configuration contains none of trusted sources of type TRUSTED_STORE or TRUSTED_LIST! 
2023-04-28 11:52:30,945  WARN | pool-3-thread-10 | eu.europa.esig.dss.validation.DiagnosticDataBuilder     | Provided CertificateSource configuration contains none of trusted sources of type TRUSTED_STORE or TRUSTED_LIST! 
2023-04-28 11:52:30,947  WARN | pool-3-thread-18 | e.europa.esig.dss.validation.SignatureValidationContext | Issuer not found for certificate C-530B1D749BE7AD3A7BB78326B281DBCC5DF6EA5F414A7B29B970B6548B044907 
2023-04-28 11:52:30,948  WARN | pool-3-thread-18 | e.europa.esig.dss.validation.SignatureValidationContext | No revocation found for the certificate C-BED0F19ED46D94900D2A9FCD7C6F660B61FF7588D8B71CF8F279D5FAA3021CCF 
2023-04-28 11:52:30,948  WARN | pool-3-thread-18 | eu.europa.esig.dss.validation.DiagnosticDataBuilder     | Provided CertificateSource configuration contains none of trusted sources of type TRUSTED_STORE or TRUSTED_LIST! 
2023-04-28 11:52:30,984  INFO | pool-3-thread-8 | eu.europa.esig.dss.validation.SignedDocumentValidator   | Document validation... 
2023-04-28 11:52:30,984  INFO | pool-3-thread-12 | eu.europa.esig.dss.validation.SignedDocumentValidator   | Document validation... 
2023-04-28 11:52:30,986  INFO | pool-3-thread-18 | eu.europa.esig.dss.validation.SignedDocumentValidator   | Document validation... 
2023-04-28 11:52:30,988  INFO | pool-3-thread-8 | e.europa.esig.dss.validation.CommonCertificateVerifier  | + New CommonCertificateVerifier created. 
2023-04-28 11:52:30,990  INFO | pool-3-thread-12 | e.europa.esig.dss.validation.CommonCertificateVerifier  | + New CommonCertificateVerifier created. 
2023-04-28 11:52:30,990  INFO | pool-3-thread-8 | eu.europa.esig.dss.xades.validation.ManifestValidator   | Validation of the manifest references ... 
2023-04-28 11:52:30,992  INFO | pool-3-thread-18 | e.europa.esig.dss.validation.CommonCertificateVerifier  | + New CommonCertificateVerifier created. 
2023-04-28 11:52:30,994  INFO | pool-3-thread-10 | eu.europa.esig.dss.validation.SignedDocumentValidator   | Document validation... 
2023-04-28 11:52:30,994  INFO | pool-3-thread-12 | eu.europa.esig.dss.xades.validation.ManifestValidator   | Validation of the manifest references ... 
2023-04-28 11:52:30,994  INFO | pool-3-thread-18 | eu.europa.esig.dss.xades.validation.ManifestValidator   | Validation of the manifest references ... 
2023-04-28 11:52:30,995  INFO | pool-3-thread-19 | eu.europa.esig.dss.validation.SignedDocumentValidator   | Document validation... 
2023-04-28 11:52:31,010  INFO | pool-3-thread-20 | eu.europa.esig.dss.validation.SignedDocumentValidator   | Document validation... 
2023-04-28 11:52:31,012  INFO | pool-3-thread-10 | e.europa.esig.dss.validation.CommonCertificateVerifier  | + New CommonCertificateVerifier created. 
2023-04-28 11:52:31,013  INFO | pool-3-thread-19 | e.europa.esig.dss.validation.CommonCertificateVerifier  | + New CommonCertificateVerifier created. 
2023-04-28 11:52:31,014  INFO | pool-3-thread-10 | eu.europa.esig.dss.xades.validation.ManifestValidator   | Validation of the manifest references ... 
2023-04-28 11:52:31,016  INFO | pool-3-thread-19 | eu.europa.esig.dss.xades.validation.ManifestValidator   | Validation of the manifest references ... 
2023-04-28 11:52:31,017  INFO | pool-3-thread-20 | e.europa.esig.dss.validation.CommonCertificateVerifier  | + New CommonCertificateVerifier created. 
2023-04-28 11:52:31,020  INFO | pool-3-thread-20 | eu.europa.esig.dss.xades.validation.ManifestValidator   | Validation of the manifest references ... 
2023-04-28 11:52:31,083  INFO | pool-3-thread-16 | eu.europa.esig.dss.validation.AIACertificateSource      | Retrieving C-530B1D749BE7AD3A7BB78326B281DBCC5DF6EA5F414A7B29B970B6548B044907 certificate's issuer using AIA. 
2023-04-28 11:52:31,084  INFO | pool-3-thread-16 | eu.europa.esig.dss.spi.x509.aia.DefaultAIASource        | There is no AIA extension for certificate download. 
2023-04-28 11:52:31,084  WARN | pool-3-thread-16 | e.europa.esig.dss.validation.SignatureValidationContext | POE extraction is skipped for untrusted timestamp : T-26386383378D0C48268DAF57FEFF16A3E7A398A141E3F4EB26079F1DA4959501. 
2023-04-28 11:52:31,088  WARN | pool-3-thread-16 | e.europa.esig.dss.validation.SignatureValidationContext | No revocation found for the certificate C-CF92871488972946BA2863A316F06A75ADDE69F19608DCBEEBA26026CF3A5E12 
2023-04-28 11:52:31,089  WARN | pool-3-thread-16 | e.europa.esig.dss.validation.SignatureValidationContext | No revocation found for the certificate C-40CAF0A89961B3BD99F375518D46AF7EBA9A0A0D15175DB103568030CF7671D8 
2023-04-28 11:52:31,092  WARN | pool-3-thread-16 | e.europa.esig.dss.validation.SignatureValidationContext | Issuer not found for certificate C-530B1D749BE7AD3A7BB78326B281DBCC5DF6EA5F414A7B29B970B6548B044907 
2023-04-28 11:52:31,093  WARN | pool-3-thread-16 | e.europa.esig.dss.validation.SignatureValidationContext | No revocation found for the certificate C-BED0F19ED46D94900D2A9FCD7C6F660B61FF7588D8B71CF8F279D5FAA3021CCF 
2023-04-28 11:52:31,093  WARN | pool-3-thread-16 | eu.europa.esig.dss.validation.DiagnosticDataBuilder     | Provided CertificateSource configuration contains none of trusted sources of type TRUSTED_STORE or TRUSTED_LIST! 
2023-04-28 11:52:31,141  INFO | pool-3-thread-11 | eu.europa.esig.dss.validation.SignedDocumentValidator   | Document validation... 
2023-04-28 11:52:31,145  INFO | pool-3-thread-11 | e.europa.esig.dss.validation.CommonCertificateVerifier  | + New CommonCertificateVerifier created. 
2023-04-28 11:52:31,146  INFO | pool-3-thread-11 | eu.europa.esig.dss.xades.validation.ManifestValidator   | Validation of the manifest references ... 
2023-04-28 11:52:31,194  INFO | pool-3-thread-15 | e.e.esig.dss.xades.validation.XAdESCertificateSource    | +XAdESCertificateSource 
2023-04-28 11:52:31,202  INFO | pool-3-thread-15 | e.europa.esig.dss.validation.CommonCertificateVerifier  | + New CommonCertificateVerifier created. 
2023-04-28 11:52:31,204  INFO | pool-3-thread-15 | eu.europa.esig.dss.validation.AIACertificateSource      | Retrieving C-40CAF0A89961B3BD99F375518D46AF7EBA9A0A0D15175DB103568030CF7671D8 certificate's issuer using AIA. 
2023-04-28 11:52:31,220  INFO | pool-3-thread-3 | eu.europa.esig.dss.validation.AIACertificateSource      | Retrieving C-530B1D749BE7AD3A7BB78326B281DBCC5DF6EA5F414A7B29B970B6548B044907 certificate's issuer using AIA. 
2023-04-28 11:52:31,220  INFO | pool-3-thread-3 | eu.europa.esig.dss.spi.x509.aia.DefaultAIASource        | There is no AIA extension for certificate download. 
2023-04-28 11:52:31,221  WARN | pool-3-thread-3 | e.europa.esig.dss.validation.SignatureValidationContext | POE extraction is skipped for untrusted timestamp : T-26386383378D0C48268DAF57FEFF16A3E7A398A141E3F4EB26079F1DA4959501. 
2023-04-28 11:52:31,225  WARN | pool-3-thread-3 | e.europa.esig.dss.validation.SignatureValidationContext | No revocation found for the certificate C-CF92871488972946BA2863A316F06A75ADDE69F19608DCBEEBA26026CF3A5E12 
2023-04-28 11:52:31,226  WARN | pool-3-thread-3 | e.europa.esig.dss.validation.SignatureValidationContext | No revocation found for the certificate C-40CAF0A89961B3BD99F375518D46AF7EBA9A0A0D15175DB103568030CF7671D8 
2023-04-28 11:52:31,229  WARN | pool-3-thread-3 | e.europa.esig.dss.validation.SignatureValidationContext | Issuer not found for certificate C-530B1D749BE7AD3A7BB78326B281DBCC5DF6EA5F414A7B29B970B6548B044907 
2023-04-28 11:52:31,229  WARN | pool-3-thread-3 | e.europa.esig.dss.validation.SignatureValidationContext | No revocation found for the certificate C-BED0F19ED46D94900D2A9FCD7C6F660B61FF7588D8B71CF8F279D5FAA3021CCF 
2023-04-28 11:52:31,230  WARN | pool-3-thread-3 | eu.europa.esig.dss.validation.DiagnosticDataBuilder     | Provided CertificateSource configuration contains none of trusted sources of type TRUSTED_STORE or TRUSTED_LIST! 
2023-04-28 11:52:31,235  INFO | pool-3-thread-17 | e.e.esig.dss.xades.validation.XAdESCertificateSource    | +XAdESCertificateSource 
2023-04-28 11:52:31,238  INFO | pool-3-thread-12 | e.e.esig.dss.xades.validation.XAdESCertificateSource    | +XAdESCertificateSource 
2023-04-28 11:52:31,239  INFO | pool-3-thread-2 | e.e.esig.dss.xades.validation.XAdESCertificateSource    | +XAdESCertificateSource 
2023-04-28 11:52:31,255  INFO | pool-3-thread-7 | e.e.esig.dss.xades.validation.XAdESCertificateSource    | +XAdESCertificateSource 
2023-04-28 11:52:31,258  INFO | pool-3-thread-2 | e.europa.esig.dss.validation.CommonCertificateVerifier  | + New CommonCertificateVerifier created. 
2023-04-28 11:52:31,260  INFO | pool-3-thread-12 | e.europa.esig.dss.validation.CommonCertificateVerifier  | + New CommonCertificateVerifier created. 
2023-04-28 11:52:31,260  INFO | pool-3-thread-17 | e.europa.esig.dss.validation.CommonCertificateVerifier  | + New CommonCertificateVerifier created. 
2023-04-28 11:52:31,260  INFO | pool-3-thread-2 | eu.europa.esig.dss.validation.AIACertificateSource      | Retrieving C-40CAF0A89961B3BD99F375518D46AF7EBA9A0A0D15175DB103568030CF7671D8 certificate's issuer using AIA. 
2023-04-28 11:52:31,260  INFO | pool-3-thread-16 | eu.europa.esig.dss.validation.SignedDocumentValidator   | Document validation... 
2023-04-28 11:52:31,262  INFO | pool-3-thread-17 | eu.europa.esig.dss.validation.AIACertificateSource      | Retrieving C-40CAF0A89961B3BD99F375518D46AF7EBA9A0A0D15175DB103568030CF7671D8 certificate's issuer using AIA. 
2023-04-28 11:52:31,262  INFO | pool-3-thread-12 | eu.europa.esig.dss.validation.AIACertificateSource      | Retrieving C-40CAF0A89961B3BD99F375518D46AF7EBA9A0A0D15175DB103568030CF7671D8 certificate's issuer using AIA. 
2023-04-28 11:52:31,262  INFO | pool-3-thread-3 | eu.europa.esig.dss.validation.SignedDocumentValidator   | Document validation... 
2023-04-28 11:52:31,264  INFO | pool-3-thread-14 | e.e.esig.dss.xades.validation.XAdESCertificateSource    | +XAdESCertificateSource 
2023-04-28 11:52:31,264  INFO | pool-3-thread-7 | e.europa.esig.dss.validation.CommonCertificateVerifier  | + New CommonCertificateVerifier created. 
2023-04-28 11:52:31,267  INFO | pool-3-thread-8 | e.e.esig.dss.xades.validation.XAdESCertificateSource    | +XAdESCertificateSource 
2023-04-28 11:52:31,269  INFO | pool-3-thread-7 | eu.europa.esig.dss.validation.AIACertificateSource      | Retrieving C-40CAF0A89961B3BD99F375518D46AF7EBA9A0A0D15175DB103568030CF7671D8 certificate's issuer using AIA. 
2023-04-28 11:52:31,274  INFO | pool-3-thread-18 | e.e.esig.dss.xades.validation.XAdESCertificateSource    | +XAdESCertificateSource 
2023-04-28 11:52:31,274  INFO | pool-3-thread-16 | e.europa.esig.dss.validation.CommonCertificateVerifier  | + New CommonCertificateVerifier created. 
2023-04-28 11:52:31,276  INFO | pool-3-thread-16 | eu.europa.esig.dss.xades.validation.ManifestValidator   | Validation of the manifest references ... 
2023-04-28 11:52:31,277  INFO | pool-3-thread-14 | e.europa.esig.dss.validation.CommonCertificateVerifier  | + New CommonCertificateVerifier created. 
2023-04-28 11:52:31,277  INFO | pool-3-thread-3 | e.europa.esig.dss.validation.CommonCertificateVerifier  | + New CommonCertificateVerifier created. 
2023-04-28 11:52:31,279  INFO | pool-3-thread-3 | eu.europa.esig.dss.xades.validation.ManifestValidator   | Validation of the manifest references ... 
2023-04-28 11:52:31,279  INFO | pool-3-thread-14 | eu.europa.esig.dss.validation.AIACertificateSource      | Retrieving C-40CAF0A89961B3BD99F375518D46AF7EBA9A0A0D15175DB103568030CF7671D8 certificate's issuer using AIA. 
2023-04-28 11:52:31,280  INFO | pool-3-thread-16 | e.e.esig.dss.xades.validation.XAdESCertificateSource    | +XAdESCertificateSource 
2023-04-28 11:52:31,286  INFO | pool-3-thread-3 | e.e.esig.dss.xades.validation.XAdESCertificateSource    | +XAdESCertificateSource 
2023-04-28 11:52:31,288  INFO | pool-3-thread-18 | e.europa.esig.dss.validation.CommonCertificateVerifier  | + New CommonCertificateVerifier created. 
2023-04-28 11:52:31,289  INFO | pool-3-thread-20 | e.e.esig.dss.xades.validation.XAdESCertificateSource    | +XAdESCertificateSource 
2023-04-28 11:52:31,290  INFO | pool-3-thread-8 | e.europa.esig.dss.validation.CommonCertificateVerifier  | + New CommonCertificateVerifier created. 
2023-04-28 11:52:31,290  INFO | pool-3-thread-18 | eu.europa.esig.dss.validation.AIACertificateSource      | Retrieving C-40CAF0A89961B3BD99F375518D46AF7EBA9A0A0D15175DB103568030CF7671D8 certificate's issuer using AIA. 
2023-04-28 11:52:31,291  INFO | pool-3-thread-8 | eu.europa.esig.dss.validation.AIACertificateSource      | Retrieving C-40CAF0A89961B3BD99F375518D46AF7EBA9A0A0D15175DB103568030CF7671D8 certificate's issuer using AIA. 
2023-04-28 11:52:31,293  INFO | pool-3-thread-3 | e.europa.esig.dss.validation.CommonCertificateVerifier  | + New CommonCertificateVerifier created. 
2023-04-28 11:52:31,295  INFO | pool-3-thread-3 | eu.europa.esig.dss.validation.AIACertificateSource      | Retrieving C-40CAF0A89961B3BD99F375518D46AF7EBA9A0A0D15175DB103568030CF7671D8 certificate's issuer using AIA. 
2023-04-28 11:52:31,295  INFO | pool-3-thread-16 | e.europa.esig.dss.validation.CommonCertificateVerifier  | + New CommonCertificateVerifier created. 
2023-04-28 11:52:31,297  INFO | pool-3-thread-16 | eu.europa.esig.dss.validation.AIACertificateSource      | Retrieving C-40CAF0A89961B3BD99F375518D46AF7EBA9A0A0D15175DB103568030CF7671D8 certificate's issuer using AIA. 
2023-04-28 11:52:31,301  INFO | pool-3-thread-20 | e.europa.esig.dss.validation.CommonCertificateVerifier  | + New CommonCertificateVerifier created. 
2023-04-28 11:52:31,304  INFO | pool-3-thread-10 | e.e.esig.dss.xades.validation.XAdESCertificateSource    | +XAdESCertificateSource 
2023-04-28 11:52:31,304  INFO | pool-3-thread-20 | eu.europa.esig.dss.validation.AIACertificateSource      | Retrieving C-40CAF0A89961B3BD99F375518D46AF7EBA9A0A0D15175DB103568030CF7671D8 certificate's issuer using AIA. 
2023-04-28 11:52:31,310  INFO | pool-3-thread-4 | eu.europa.esig.dss.validation.SignedDocumentValidator   | Document validation... 
2023-04-28 11:52:31,310  INFO | pool-3-thread-19 | e.e.esig.dss.xades.validation.XAdESCertificateSource    | +XAdESCertificateSource 
2023-04-28 11:52:31,315  INFO | pool-3-thread-4 | e.europa.esig.dss.validation.CommonCertificateVerifier  | + New CommonCertificateVerifier created. 
2023-04-28 11:52:31,338  INFO | pool-3-thread-6 | eu.europa.esig.dss.validation.SignedDocumentValidator   | Document validation... 
2023-04-28 11:52:31,342  INFO | pool-3-thread-4 | eu.europa.esig.dss.xades.validation.ManifestValidator   | Validation of the manifest references ... 
2023-04-28 11:52:31,353  INFO | pool-3-thread-17 | eu.europa.esig.dss.validation.AIACertificateSource      | Retrieving C-530B1D749BE7AD3A7BB78326B281DBCC5DF6EA5F414A7B29B970B6548B044907 certificate's issuer using AIA. 
2023-04-28 11:52:31,353  INFO | pool-3-thread-2 | eu.europa.esig.dss.validation.AIACertificateSource      | Retrieving C-530B1D749BE7AD3A7BB78326B281DBCC5DF6EA5F414A7B29B970B6548B044907 certificate's issuer using AIA. 
2023-04-28 11:52:31,353  INFO | pool-3-thread-17 | eu.europa.esig.dss.spi.x509.aia.DefaultAIASource        | There is no AIA extension for certificate download. 
2023-04-28 11:52:31,353  INFO | pool-3-thread-2 | eu.europa.esig.dss.spi.x509.aia.DefaultAIASource        | There is no AIA extension for certificate download. 
2023-04-28 11:52:31,353  WARN | pool-3-thread-17 | e.europa.esig.dss.validation.SignatureValidationContext | POE extraction is skipped for untrusted timestamp : T-26386383378D0C48268DAF57FEFF16A3E7A398A141E3F4EB26079F1DA4959501. 
2023-04-28 11:52:31,353  WARN | pool-3-thread-2 | e.europa.esig.dss.validation.SignatureValidationContext | POE extraction is skipped for untrusted timestamp : T-26386383378D0C48268DAF57FEFF16A3E7A398A141E3F4EB26079F1DA4959501. 
2023-04-28 11:52:31,354  INFO | pool-3-thread-15 | eu.europa.esig.dss.validation.AIACertificateSource      | Retrieving C-530B1D749BE7AD3A7BB78326B281DBCC5DF6EA5F414A7B29B970B6548B044907 certificate's issuer using AIA. 
2023-04-28 11:52:31,354  INFO | pool-3-thread-15 | eu.europa.esig.dss.spi.x509.aia.DefaultAIASource        | There is no AIA extension for certificate download. 
2023-04-28 11:52:31,354  WARN | pool-3-thread-15 | e.europa.esig.dss.validation.SignatureValidationContext | POE extraction is skipped for untrusted timestamp : T-26386383378D0C48268DAF57FEFF16A3E7A398A141E3F4EB26079F1DA4959501. 
2023-04-28 11:52:31,354  INFO | pool-3-thread-12 | eu.europa.esig.dss.validation.AIACertificateSource      | Retrieving C-530B1D749BE7AD3A7BB78326B281DBCC5DF6EA5F414A7B29B970B6548B044907 certificate's issuer using AIA. 
2023-04-28 11:52:31,354  INFO | pool-3-thread-12 | eu.europa.esig.dss.spi.x509.aia.DefaultAIASource        | There is no AIA extension for certificate download. 
2023-04-28 11:52:31,355  WARN | pool-3-thread-12 | e.europa.esig.dss.validation.SignatureValidationContext | POE extraction is skipped for untrusted timestamp : T-26386383378D0C48268DAF57FEFF16A3E7A398A141E3F4EB26079F1DA4959501. 
2023-04-28 11:52:31,358  WARN | pool-3-thread-17 | e.europa.esig.dss.validation.SignatureValidationContext | No revocation found for the certificate C-CF92871488972946BA2863A316F06A75ADDE69F19608DCBEEBA26026CF3A5E12 
2023-04-28 11:52:31,358  WARN | pool-3-thread-2 | e.europa.esig.dss.validation.SignatureValidationContext | No revocation found for the certificate C-CF92871488972946BA2863A316F06A75ADDE69F19608DCBEEBA26026CF3A5E12 
2023-04-28 11:52:31,359  WARN | pool-3-thread-15 | e.europa.esig.dss.validation.SignatureValidationContext | No revocation found for the certificate C-CF92871488972946BA2863A316F06A75ADDE69F19608DCBEEBA26026CF3A5E12 
2023-04-28 11:52:31,359  WARN | pool-3-thread-12 | e.europa.esig.dss.validation.SignatureValidationContext | No revocation found for the certificate C-CF92871488972946BA2863A316F06A75ADDE69F19608DCBEEBA26026CF3A5E12 
2023-04-28 11:52:31,359  WARN | pool-3-thread-17 | e.europa.esig.dss.validation.SignatureValidationContext | No revocation found for the certificate C-40CAF0A89961B3BD99F375518D46AF7EBA9A0A0D15175DB103568030CF7671D8 
2023-04-28 11:52:31,359  WARN | pool-3-thread-2 | e.europa.esig.dss.validation.SignatureValidationContext | No revocation found for the certificate C-40CAF0A89961B3BD99F375518D46AF7EBA9A0A0D15175DB103568030CF7671D8 
2023-04-28 11:52:31,360  WARN | pool-3-thread-15 | e.europa.esig.dss.validation.SignatureValidationContext | No revocation found for the certificate C-40CAF0A89961B3BD99F375518D46AF7EBA9A0A0D15175DB103568030CF7671D8 
2023-04-28 11:52:31,360  INFO | pool-3-thread-19 | e.europa.esig.dss.validation.CommonCertificateVerifier  | + New CommonCertificateVerifier created. 
2023-04-28 11:52:31,360  WARN | pool-3-thread-12 | e.europa.esig.dss.validation.SignatureValidationContext | No revocation found for the certificate C-40CAF0A89961B3BD99F375518D46AF7EBA9A0A0D15175DB103568030CF7671D8 
2023-04-28 11:52:31,362  WARN | pool-3-thread-17 | e.europa.esig.dss.validation.SignatureValidationContext | Issuer not found for certificate C-530B1D749BE7AD3A7BB78326B281DBCC5DF6EA5F414A7B29B970B6548B044907 
2023-04-28 11:52:31,362  WARN | pool-3-thread-2 | e.europa.esig.dss.validation.SignatureValidationContext | Issuer not found for certificate C-530B1D749BE7AD3A7BB78326B281DBCC5DF6EA5F414A7B29B970B6548B044907 
2023-04-28 11:52:31,362  INFO | pool-3-thread-19 | eu.europa.esig.dss.validation.AIACertificateSource      | Retrieving C-40CAF0A89961B3BD99F375518D46AF7EBA9A0A0D15175DB103568030CF7671D8 certificate's issuer using AIA. 
2023-04-28 11:52:31,362  WARN | pool-3-thread-17 | e.europa.esig.dss.validation.SignatureValidationContext | No revocation found for the certificate C-BED0F19ED46D94900D2A9FCD7C6F660B61FF7588D8B71CF8F279D5FAA3021CCF 
2023-04-28 11:52:31,363  WARN | pool-3-thread-2 | e.europa.esig.dss.validation.SignatureValidationContext | No revocation found for the certificate C-BED0F19ED46D94900D2A9FCD7C6F660B61FF7588D8B71CF8F279D5FAA3021CCF 
2023-04-28 11:52:31,363  WARN | pool-3-thread-12 | e.europa.esig.dss.validation.SignatureValidationContext | Issuer not found for certificate C-530B1D749BE7AD3A7BB78326B281DBCC5DF6EA5F414A7B29B970B6548B044907 
2023-04-28 11:52:31,363  WARN | pool-3-thread-2 | eu.europa.esig.dss.validation.DiagnosticDataBuilder     | Provided CertificateSource configuration contains none of trusted sources of type TRUSTED_STORE or TRUSTED_LIST! 
2023-04-28 11:52:31,363  WARN | pool-3-thread-15 | e.europa.esig.dss.validation.SignatureValidationContext | Issuer not found for certificate C-530B1D749BE7AD3A7BB78326B281DBCC5DF6EA5F414A7B29B970B6548B044907 
2023-04-28 11:52:31,363  WARN | pool-3-thread-17 | eu.europa.esig.dss.validation.DiagnosticDataBuilder     | Provided CertificateSource configuration contains none of trusted sources of type TRUSTED_STORE or TRUSTED_LIST! 
2023-04-28 11:52:31,363  WARN | pool-3-thread-12 | e.europa.esig.dss.validation.SignatureValidationContext | No revocation found for the certificate C-BED0F19ED46D94900D2A9FCD7C6F660B61FF7588D8B71CF8F279D5FAA3021CCF 
2023-04-28 11:52:31,363  WARN | pool-3-thread-15 | e.europa.esig.dss.validation.SignatureValidationContext | No revocation found for the certificate C-BED0F19ED46D94900D2A9FCD7C6F660B61FF7588D8B71CF8F279D5FAA3021CCF 
2023-04-28 11:52:31,364  WARN | pool-3-thread-15 | eu.europa.esig.dss.validation.DiagnosticDataBuilder     | Provided CertificateSource configuration contains none of trusted sources of type TRUSTED_STORE or TRUSTED_LIST! 
2023-04-28 11:52:31,364  WARN | pool-3-thread-12 | eu.europa.esig.dss.validation.DiagnosticDataBuilder     | Provided CertificateSource configuration contains none of trusted sources of type TRUSTED_STORE or TRUSTED_LIST! 
2023-04-28 11:52:31,373  INFO | pool-3-thread-6 | e.europa.esig.dss.validation.CommonCertificateVerifier  | + New CommonCertificateVerifier created. 
2023-04-28 11:52:31,379  INFO | pool-3-thread-6 | eu.europa.esig.dss.xades.validation.ManifestValidator   | Validation of the manifest references ... 
2023-04-28 11:52:31,412  INFO | pool-3-thread-10 | e.europa.esig.dss.validation.CommonCertificateVerifier  | + New CommonCertificateVerifier created. 
2023-04-28 11:52:31,414  INFO | pool-3-thread-10 | eu.europa.esig.dss.validation.AIACertificateSource      | Retrieving C-40CAF0A89961B3BD99F375518D46AF7EBA9A0A0D15175DB103568030CF7671D8 certificate's issuer using AIA. 
2023-04-28 11:52:31,424  INFO | pool-3-thread-5 | eu.europa.esig.dss.validation.SignedDocumentValidator   | Document validation... 
2023-04-28 11:52:31,429  INFO | pool-3-thread-5 | e.europa.esig.dss.validation.CommonCertificateVerifier  | + New CommonCertificateVerifier created. 
2023-04-28 11:52:31,431  INFO | pool-3-thread-5 | eu.europa.esig.dss.xades.validation.ManifestValidator   | Validation of the manifest references ... 
2023-04-28 11:52:31,433  INFO | pool-3-thread-12 | eu.europa.esig.dss.validation.SignedDocumentValidator   | Document validation... 
2023-04-28 11:52:31,437  INFO | pool-3-thread-17 | eu.europa.esig.dss.validation.SignedDocumentValidator   | Document validation... 
2023-04-28 11:52:31,438  INFO | pool-3-thread-12 | e.europa.esig.dss.validation.CommonCertificateVerifier  | + New CommonCertificateVerifier created. 
2023-04-28 11:52:31,440  INFO | pool-3-thread-12 | eu.europa.esig.dss.xades.validation.ManifestValidator   | Validation of the manifest references ... 
2023-04-28 11:52:31,440  INFO | pool-3-thread-7 | eu.europa.esig.dss.validation.AIACertificateSource      | Retrieving C-530B1D749BE7AD3A7BB78326B281DBCC5DF6EA5F414A7B29B970B6548B044907 certificate's issuer using AIA. 
2023-04-28 11:52:31,441  INFO | pool-3-thread-7 | eu.europa.esig.dss.spi.x509.aia.DefaultAIASource        | There is no AIA extension for certificate download. 
2023-04-28 11:52:31,441  WARN | pool-3-thread-7 | e.europa.esig.dss.validation.SignatureValidationContext | POE extraction is skipped for untrusted timestamp : T-26386383378D0C48268DAF57FEFF16A3E7A398A141E3F4EB26079F1DA4959501. 
2023-04-28 11:52:31,442  INFO | pool-3-thread-15 | eu.europa.esig.dss.validation.SignedDocumentValidator   | Document validation... 
2023-04-28 11:52:31,443  INFO | pool-3-thread-17 | e.europa.esig.dss.validation.CommonCertificateVerifier  | + New CommonCertificateVerifier created. 
2023-04-28 11:52:31,444  INFO | pool-3-thread-17 | eu.europa.esig.dss.xades.validation.ManifestValidator   | Validation of the manifest references ... 
2023-04-28 11:52:31,445  WARN | pool-3-thread-7 | e.europa.esig.dss.validation.SignatureValidationContext | No revocation found for the certificate C-CF92871488972946BA2863A316F06A75ADDE69F19608DCBEEBA26026CF3A5E12 
2023-04-28 11:52:31,446  WARN | pool-3-thread-7 | e.europa.esig.dss.validation.SignatureValidationContext | No revocation found for the certificate C-40CAF0A89961B3BD99F375518D46AF7EBA9A0A0D15175DB103568030CF7671D8 
2023-04-28 11:52:31,447  INFO | pool-3-thread-15 | e.europa.esig.dss.validation.CommonCertificateVerifier  | + New CommonCertificateVerifier created. 
2023-04-28 11:52:31,449  WARN | pool-3-thread-7 | e.europa.esig.dss.validation.SignatureValidationContext | Issuer not found for certificate C-530B1D749BE7AD3A7BB78326B281DBCC5DF6EA5F414A7B29B970B6548B044907 
2023-04-28 11:52:31,449  WARN | pool-3-thread-7 | e.europa.esig.dss.validation.SignatureValidationContext | No revocation found for the certificate C-BED0F19ED46D94900D2A9FCD7C6F660B61FF7588D8B71CF8F279D5FAA3021CCF 
2023-04-28 11:52:31,450  WARN | pool-3-thread-7 | eu.europa.esig.dss.validation.DiagnosticDataBuilder     | Provided CertificateSource configuration contains none of trusted sources of type TRUSTED_STORE or TRUSTED_LIST! 
2023-04-28 11:52:31,450  INFO | pool-3-thread-15 | eu.europa.esig.dss.xades.validation.ManifestValidator   | Validation of the manifest references ... 
2023-04-28 11:52:31,471  INFO | pool-3-thread-14 | eu.europa.esig.dss.validation.AIACertificateSource      | Retrieving C-530B1D749BE7AD3A7BB78326B281DBCC5DF6EA5F414A7B29B970B6548B044907 certificate's issuer using AIA. 
2023-04-28 11:52:31,471  INFO | pool-3-thread-14 | eu.europa.esig.dss.spi.x509.aia.DefaultAIASource        | There is no AIA extension for certificate download. 
2023-04-28 11:52:31,472  WARN | pool-3-thread-14 | e.europa.esig.dss.validation.SignatureValidationContext | POE extraction is skipped for untrusted timestamp : T-26386383378D0C48268DAF57FEFF16A3E7A398A141E3F4EB26079F1DA4959501. 
2023-04-28 11:52:31,475  WARN | pool-3-thread-14 | e.europa.esig.dss.validation.SignatureValidationContext | No revocation found for the certificate C-CF92871488972946BA2863A316F06A75ADDE69F19608DCBEEBA26026CF3A5E12 
2023-04-28 11:52:31,477  WARN | pool-3-thread-14 | e.europa.esig.dss.validation.SignatureValidationContext | No revocation found for the certificate C-40CAF0A89961B3BD99F375518D46AF7EBA9A0A0D15175DB103568030CF7671D8 
2023-04-28 11:52:31,479  WARN | pool-3-thread-14 | e.europa.esig.dss.validation.SignatureValidationContext | Issuer not found for certificate C-530B1D749BE7AD3A7BB78326B281DBCC5DF6EA5F414A7B29B970B6548B044907 
2023-04-28 11:52:31,479  WARN | pool-3-thread-14 | e.europa.esig.dss.validation.SignatureValidationContext | No revocation found for the certificate C-BED0F19ED46D94900D2A9FCD7C6F660B61FF7588D8B71CF8F279D5FAA3021CCF 
2023-04-28 11:52:31,479  WARN | pool-3-thread-14 | eu.europa.esig.dss.validation.DiagnosticDataBuilder     | Provided CertificateSource configuration contains none of trusted sources of type TRUSTED_STORE or TRUSTED_LIST! 
2023-04-28 11:52:31,496  INFO | pool-3-thread-16 | eu.europa.esig.dss.validation.AIACertificateSource      | Retrieving C-530B1D749BE7AD3A7BB78326B281DBCC5DF6EA5F414A7B29B970B6548B044907 certificate's issuer using AIA. 
2023-04-28 11:52:31,496  INFO | pool-3-thread-16 | eu.europa.esig.dss.spi.x509.aia.DefaultAIASource        | There is no AIA extension for certificate download. 
2023-04-28 11:52:31,496  INFO | pool-3-thread-19 | eu.europa.esig.dss.validation.AIACertificateSource      | Retrieving C-530B1D749BE7AD3A7BB78326B281DBCC5DF6EA5F414A7B29B970B6548B044907 certificate's issuer using AIA. 
2023-04-28 11:52:31,496  INFO | pool-3-thread-19 | eu.europa.esig.dss.spi.x509.aia.DefaultAIASource        | There is no AIA extension for certificate download. 
2023-04-28 11:52:31,496  WARN | pool-3-thread-16 | e.europa.esig.dss.validation.SignatureValidationContext | POE extraction is skipped for untrusted timestamp : T-26386383378D0C48268DAF57FEFF16A3E7A398A141E3F4EB26079F1DA4959501. 
2023-04-28 11:52:31,497  INFO | pool-3-thread-3 | eu.europa.esig.dss.validation.AIACertificateSource      | Retrieving C-530B1D749BE7AD3A7BB78326B281DBCC5DF6EA5F414A7B29B970B6548B044907 certificate's issuer using AIA. 
2023-04-28 11:52:31,497  INFO | pool-3-thread-3 | eu.europa.esig.dss.spi.x509.aia.DefaultAIASource        | There is no AIA extension for certificate download. 
2023-04-28 11:52:31,497  WARN | pool-3-thread-19 | e.europa.esig.dss.validation.SignatureValidationContext | POE extraction is skipped for untrusted timestamp : T-26386383378D0C48268DAF57FEFF16A3E7A398A141E3F4EB26079F1DA4959501. 
2023-04-28 11:52:31,498  INFO | pool-3-thread-20 | eu.europa.esig.dss.validation.AIACertificateSource      | Retrieving C-530B1D749BE7AD3A7BB78326B281DBCC5DF6EA5F414A7B29B970B6548B044907 certificate's issuer using AIA. 
2023-04-28 11:52:31,498  INFO | pool-3-thread-20 | eu.europa.esig.dss.spi.x509.aia.DefaultAIASource        | There is no AIA extension for certificate download. 
2023-04-28 11:52:31,498  WARN | pool-3-thread-3 | e.europa.esig.dss.validation.SignatureValidationContext | POE extraction is skipped for untrusted timestamp : T-26386383378D0C48268DAF57FEFF16A3E7A398A141E3F4EB26079F1DA4959501. 
2023-04-28 11:52:31,498  WARN | pool-3-thread-20 | e.europa.esig.dss.validation.SignatureValidationContext | POE extraction is skipped for untrusted timestamp : T-26386383378D0C48268DAF57FEFF16A3E7A398A141E3F4EB26079F1DA4959501. 
2023-04-28 11:52:31,501  WARN | pool-3-thread-16 | e.europa.esig.dss.validation.SignatureValidationContext | No revocation found for the certificate C-CF92871488972946BA2863A316F06A75ADDE69F19608DCBEEBA26026CF3A5E12 
2023-04-28 11:52:31,501  WARN | pool-3-thread-19 | e.europa.esig.dss.validation.SignatureValidationContext | No revocation found for the certificate C-CF92871488972946BA2863A316F06A75ADDE69F19608DCBEEBA26026CF3A5E12 
2023-04-28 11:52:31,501  WARN | pool-3-thread-3 | e.europa.esig.dss.validation.SignatureValidationContext | No revocation found for the certificate C-CF92871488972946BA2863A316F06A75ADDE69F19608DCBEEBA26026CF3A5E12 
2023-04-28 11:52:31,501  WARN | pool-3-thread-20 | e.europa.esig.dss.validation.SignatureValidationContext | No revocation found for the certificate C-CF92871488972946BA2863A316F06A75ADDE69F19608DCBEEBA26026CF3A5E12 
2023-04-28 11:52:31,501  WARN | pool-3-thread-16 | e.europa.esig.dss.validation.SignatureValidationContext | No revocation found for the certificate C-40CAF0A89961B3BD99F375518D46AF7EBA9A0A0D15175DB103568030CF7671D8 
2023-04-28 11:52:31,502  WARN | pool-3-thread-19 | e.europa.esig.dss.validation.SignatureValidationContext | No revocation found for the certificate C-40CAF0A89961B3BD99F375518D46AF7EBA9A0A0D15175DB103568030CF7671D8 
2023-04-28 11:52:31,502  WARN | pool-3-thread-3 | e.europa.esig.dss.validation.SignatureValidationContext | No revocation found for the certificate C-40CAF0A89961B3BD99F375518D46AF7EBA9A0A0D15175DB103568030CF7671D8 
2023-04-28 11:52:31,503  WARN | pool-3-thread-20 | e.europa.esig.dss.validation.SignatureValidationContext | No revocation found for the certificate C-40CAF0A89961B3BD99F375518D46AF7EBA9A0A0D15175DB103568030CF7671D8 
2023-04-28 11:52:31,504  WARN | pool-3-thread-16 | e.europa.esig.dss.validation.SignatureValidationContext | Issuer not found for certificate C-530B1D749BE7AD3A7BB78326B281DBCC5DF6EA5F414A7B29B970B6548B044907 
2023-04-28 11:52:31,505  WARN | pool-3-thread-16 | e.europa.esig.dss.validation.SignatureValidationContext | No revocation found for the certificate C-BED0F19ED46D94900D2A9FCD7C6F660B61FF7588D8B71CF8F279D5FAA3021CCF 
2023-04-28 11:52:31,505  WARN | pool-3-thread-19 | e.europa.esig.dss.validation.SignatureValidationContext | Issuer not found for certificate C-530B1D749BE7AD3A7BB78326B281DBCC5DF6EA5F414A7B29B970B6548B044907 
2023-04-28 11:52:31,505  WARN | pool-3-thread-3 | e.europa.esig.dss.validation.SignatureValidationContext | Issuer not found for certificate C-530B1D749BE7AD3A7BB78326B281DBCC5DF6EA5F414A7B29B970B6548B044907 
2023-04-28 11:52:31,505  WARN | pool-3-thread-16 | eu.europa.esig.dss.validation.DiagnosticDataBuilder     | Provided CertificateSource configuration contains none of trusted sources of type TRUSTED_STORE or TRUSTED_LIST! 
2023-04-28 11:52:31,505  WARN | pool-3-thread-20 | e.europa.esig.dss.validation.SignatureValidationContext | Issuer not found for certificate C-530B1D749BE7AD3A7BB78326B281DBCC5DF6EA5F414A7B29B970B6548B044907 
2023-04-28 11:52:31,505  WARN | pool-3-thread-19 | e.europa.esig.dss.validation.SignatureValidationContext | No revocation found for the certificate C-BED0F19ED46D94900D2A9FCD7C6F660B61FF7588D8B71CF8F279D5FAA3021CCF 
2023-04-28 11:52:31,506  WARN | pool-3-thread-3 | e.europa.esig.dss.validation.SignatureValidationContext | No revocation found for the certificate C-BED0F19ED46D94900D2A9FCD7C6F660B61FF7588D8B71CF8F279D5FAA3021CCF 
2023-04-28 11:52:31,506  WARN | pool-3-thread-20 | e.europa.esig.dss.validation.SignatureValidationContext | No revocation found for the certificate C-BED0F19ED46D94900D2A9FCD7C6F660B61FF7588D8B71CF8F279D5FAA3021CCF 
2023-04-28 11:52:31,506  WARN | pool-3-thread-19 | eu.europa.esig.dss.validation.DiagnosticDataBuilder     | Provided CertificateSource configuration contains none of trusted sources of type TRUSTED_STORE or TRUSTED_LIST! 
2023-04-28 11:52:31,506  WARN | pool-3-thread-3 | eu.europa.esig.dss.validation.DiagnosticDataBuilder     | Provided CertificateSource configuration contains none of trusted sources of type TRUSTED_STORE or TRUSTED_LIST! 
2023-04-28 11:52:31,506  WARN | pool-3-thread-20 | eu.europa.esig.dss.validation.DiagnosticDataBuilder     | Provided CertificateSource configuration contains none of trusted sources of type TRUSTED_STORE or TRUSTED_LIST! 
2023-04-28 11:52:31,530  INFO | pool-3-thread-8 | eu.europa.esig.dss.validation.AIACertificateSource      | Retrieving C-530B1D749BE7AD3A7BB78326B281DBCC5DF6EA5F414A7B29B970B6548B044907 certificate's issuer using AIA. 
2023-04-28 11:52:31,531  INFO | pool-3-thread-8 | eu.europa.esig.dss.spi.x509.aia.DefaultAIASource        | There is no AIA extension for certificate download. 
2023-04-28 11:52:31,531  INFO | pool-3-thread-10 | eu.europa.esig.dss.validation.AIACertificateSource      | Retrieving C-530B1D749BE7AD3A7BB78326B281DBCC5DF6EA5F414A7B29B970B6548B044907 certificate's issuer using AIA. 
2023-04-28 11:52:31,531  INFO | pool-3-thread-10 | eu.europa.esig.dss.spi.x509.aia.DefaultAIASource        | There is no AIA extension for certificate download. 
2023-04-28 11:52:31,532  WARN | pool-3-thread-8 | e.europa.esig.dss.validation.SignatureValidationContext | POE extraction is skipped for untrusted timestamp : T-26386383378D0C48268DAF57FEFF16A3E7A398A141E3F4EB26079F1DA4959501. 
2023-04-28 11:52:31,532  WARN | pool-3-thread-10 | e.europa.esig.dss.validation.SignatureValidationContext | POE extraction is skipped for untrusted timestamp : T-26386383378D0C48268DAF57FEFF16A3E7A398A141E3F4EB26079F1DA4959501. 
2023-04-28 11:52:31,532  INFO | pool-3-thread-18 | eu.europa.esig.dss.validation.AIACertificateSource      | Retrieving C-530B1D749BE7AD3A7BB78326B281DBCC5DF6EA5F414A7B29B970B6548B044907 certificate's issuer using AIA. 
2023-04-28 11:52:31,532  INFO | pool-3-thread-18 | eu.europa.esig.dss.spi.x509.aia.DefaultAIASource        | There is no AIA extension for certificate download. 
2023-04-28 11:52:31,533  WARN | pool-3-thread-18 | e.europa.esig.dss.validation.SignatureValidationContext | POE extraction is skipped for untrusted timestamp : T-26386383378D0C48268DAF57FEFF16A3E7A398A141E3F4EB26079F1DA4959501. 
2023-04-28 11:52:31,535  WARN | pool-3-thread-8 | e.europa.esig.dss.validation.SignatureValidationContext | No revocation found for the certificate C-CF92871488972946BA2863A316F06A75ADDE69F19608DCBEEBA26026CF3A5E12 
2023-04-28 11:52:31,536  WARN | pool-3-thread-10 | e.europa.esig.dss.validation.SignatureValidationContext | No revocation found for the certificate C-CF92871488972946BA2863A316F06A75ADDE69F19608DCBEEBA26026CF3A5E12 
2023-04-28 11:52:31,536  WARN | pool-3-thread-8 | e.europa.esig.dss.validation.SignatureValidationContext | No revocation found for the certificate C-40CAF0A89961B3BD99F375518D46AF7EBA9A0A0D15175DB103568030CF7671D8 
2023-04-28 11:52:31,537  WARN | pool-3-thread-18 | e.europa.esig.dss.validation.SignatureValidationContext | No revocation found for the certificate C-CF92871488972946BA2863A316F06A75ADDE69F19608DCBEEBA26026CF3A5E12 
2023-04-28 11:52:31,538  WARN | pool-3-thread-18 | e.europa.esig.dss.validation.SignatureValidationContext | No revocation found for the certificate C-40CAF0A89961B3BD99F375518D46AF7EBA9A0A0D15175DB103568030CF7671D8 
2023-04-28 11:52:31,538  WARN | pool-3-thread-10 | e.europa.esig.dss.validation.SignatureValidationContext | No revocation found for the certificate C-40CAF0A89961B3BD99F375518D46AF7EBA9A0A0D15175DB103568030CF7671D8 
2023-04-28 11:52:31,538  WARN | pool-3-thread-8 | e.europa.esig.dss.validation.SignatureValidationContext | Issuer not found for certificate C-530B1D749BE7AD3A7BB78326B281DBCC5DF6EA5F414A7B29B970B6548B044907 
2023-04-28 11:52:31,539  WARN | pool-3-thread-8 | e.europa.esig.dss.validation.SignatureValidationContext | No revocation found for the certificate C-BED0F19ED46D94900D2A9FCD7C6F660B61FF7588D8B71CF8F279D5FAA3021CCF 
2023-04-28 11:52:31,539  WARN | pool-3-thread-8 | eu.europa.esig.dss.validation.DiagnosticDataBuilder     | Provided CertificateSource configuration contains none of trusted sources of type TRUSTED_STORE or TRUSTED_LIST! 
2023-04-28 11:52:31,541  WARN | pool-3-thread-18 | e.europa.esig.dss.validation.SignatureValidationContext | Issuer not found for certificate C-530B1D749BE7AD3A7BB78326B281DBCC5DF6EA5F414A7B29B970B6548B044907 
2023-04-28 11:52:31,541  WARN | pool-3-thread-10 | e.europa.esig.dss.validation.SignatureValidationContext | Issuer not found for certificate C-530B1D749BE7AD3A7BB78326B281DBCC5DF6EA5F414A7B29B970B6548B044907 
2023-04-28 11:52:31,541  WARN | pool-3-thread-18 | e.europa.esig.dss.validation.SignatureValidationContext | No revocation found for the certificate C-BED0F19ED46D94900D2A9FCD7C6F660B61FF7588D8B71CF8F279D5FAA3021CCF 
2023-04-28 11:52:31,542  WARN | pool-3-thread-10 | e.europa.esig.dss.validation.SignatureValidationContext | No revocation found for the certificate C-BED0F19ED46D94900D2A9FCD7C6F660B61FF7588D8B71CF8F279D5FAA3021CCF 
2023-04-28 11:52:31,542  WARN | pool-3-thread-18 | eu.europa.esig.dss.validation.DiagnosticDataBuilder     | Provided CertificateSource configuration contains none of trusted sources of type TRUSTED_STORE or TRUSTED_LIST! 
2023-04-28 11:52:31,542  WARN | pool-3-thread-10 | eu.europa.esig.dss.validation.DiagnosticDataBuilder     | Provided CertificateSource configuration contains none of trusted sources of type TRUSTED_STORE or TRUSTED_LIST! 
2023-04-28 11:52:31,601  INFO | pool-3-thread-4 | e.e.esig.dss.xades.validation.XAdESCertificateSource    | +XAdESCertificateSource 
2023-04-28 11:52:31,602  INFO | pool-3-thread-6 | e.e.esig.dss.xades.validation.XAdESCertificateSource    | +XAdESCertificateSource 
2023-04-28 11:52:31,612  INFO | pool-3-thread-7 | eu.europa.esig.dss.validation.SignedDocumentValidator   | Document validation... 
2023-04-28 11:52:31,613  INFO | pool-3-thread-1 | eu.europa.esig.dss.validation.SignedDocumentValidator   | Document validation... 
2023-04-28 11:52:31,618  INFO | pool-3-thread-7 | e.europa.esig.dss.validation.CommonCertificateVerifier  | + New CommonCertificateVerifier created. 
2023-04-28 11:52:31,619  INFO | pool-3-thread-1 | e.europa.esig.dss.validation.CommonCertificateVerifier  | + New CommonCertificateVerifier created. 
2023-04-28 11:52:31,620  INFO | pool-3-thread-1 | eu.europa.esig.dss.xades.validation.ManifestValidator   | Validation of the manifest references ... 
2023-04-28 11:52:31,621  INFO | pool-3-thread-7 | eu.europa.esig.dss.xades.validation.ManifestValidator   | Validation of the manifest references ... 
2023-04-28 11:52:31,624  INFO | pool-3-thread-15 | e.e.esig.dss.xades.validation.XAdESCertificateSource    | +XAdESCertificateSource 
2023-04-28 11:52:31,627  INFO | pool-3-thread-1 | e.e.esig.dss.xades.validation.XAdESCertificateSource    | +XAdESCertificateSource 
2023-04-28 11:52:31,627  INFO | pool-3-thread-7 | e.e.esig.dss.xades.validation.XAdESCertificateSource    | +XAdESCertificateSource 
2023-04-28 11:52:31,636  INFO | pool-3-thread-20 | eu.europa.esig.dss.validation.SignedDocumentValidator   | Document validation... 
2023-04-28 11:52:31,641  INFO | pool-3-thread-20 | e.europa.esig.dss.validation.CommonCertificateVerifier  | + New CommonCertificateVerifier created. 
2023-04-28 11:52:31,641  INFO | pool-3-thread-8 | eu.europa.esig.dss.validation.SignedDocumentValidator   | Document validation... 
2023-04-28 11:52:31,642  INFO | pool-3-thread-3 | eu.europa.esig.dss.validation.SignedDocumentValidator   | Document validation... 
2023-04-28 11:52:31,643  INFO | pool-3-thread-20 | eu.europa.esig.dss.xades.validation.ManifestValidator   | Validation of the manifest references ... 
2023-04-28 11:52:31,660  INFO | pool-3-thread-11 | e.e.esig.dss.xades.validation.XAdESCertificateSource    | +XAdESCertificateSource 
2023-04-28 11:52:31,664  INFO | pool-3-thread-20 | e.e.esig.dss.xades.validation.XAdESCertificateSource    | +XAdESCertificateSource 
2023-04-28 11:52:31,669  INFO | pool-3-thread-15 | e.europa.esig.dss.validation.CommonCertificateVerifier  | + New CommonCertificateVerifier created. 
2023-04-28 11:52:31,669  INFO | pool-3-thread-8 | e.europa.esig.dss.validation.CommonCertificateVerifier  | + New CommonCertificateVerifier created. 
2023-04-28 11:52:31,672  INFO | pool-3-thread-8 | eu.europa.esig.dss.xades.validation.ManifestValidator   | Validation of the manifest references ... 
2023-04-28 11:52:31,672  INFO | pool-3-thread-15 | eu.europa.esig.dss.validation.AIACertificateSource      | Retrieving C-40CAF0A89961B3BD99F375518D46AF7EBA9A0A0D15175DB103568030CF7671D8 certificate's issuer using AIA. 
2023-04-28 11:52:31,675  INFO | pool-3-thread-3 | e.europa.esig.dss.validation.CommonCertificateVerifier  | + New CommonCertificateVerifier created. 
2023-04-28 11:52:31,676  INFO | pool-3-thread-1 | e.europa.esig.dss.validation.CommonCertificateVerifier  | + New CommonCertificateVerifier created. 
2023-04-28 11:52:31,677  INFO | pool-3-thread-7 | e.europa.esig.dss.validation.CommonCertificateVerifier  | + New CommonCertificateVerifier created. 
2023-04-28 11:52:31,677  INFO | pool-3-thread-3 | eu.europa.esig.dss.xades.validation.ManifestValidator   | Validation of the manifest references ... 
2023-04-28 11:52:31,678  INFO | pool-3-thread-6 | e.europa.esig.dss.validation.CommonCertificateVerifier  | + New CommonCertificateVerifier created. 
2023-04-28 11:52:31,678  INFO | pool-3-thread-1 | eu.europa.esig.dss.validation.AIACertificateSource      | Retrieving C-40CAF0A89961B3BD99F375518D46AF7EBA9A0A0D15175DB103568030CF7671D8 certificate's issuer using AIA. 
2023-04-28 11:52:31,678  INFO | pool-3-thread-7 | eu.europa.esig.dss.validation.AIACertificateSource      | Retrieving C-40CAF0A89961B3BD99F375518D46AF7EBA9A0A0D15175DB103568030CF7671D8 certificate's issuer using AIA. 
2023-04-28 11:52:31,679  INFO | pool-3-thread-6 | eu.europa.esig.dss.validation.AIACertificateSource      | Retrieving C-40CAF0A89961B3BD99F375518D46AF7EBA9A0A0D15175DB103568030CF7671D8 certificate's issuer using AIA. 
2023-04-28 11:52:31,682  INFO | pool-3-thread-20 | e.europa.esig.dss.validation.CommonCertificateVerifier  | + New CommonCertificateVerifier created. 
2023-04-28 11:52:31,684  INFO | pool-3-thread-2 | eu.europa.esig.dss.validation.SignedDocumentValidator   | Document validation... 
2023-04-28 11:52:31,684  INFO | pool-3-thread-20 | eu.europa.esig.dss.validation.AIACertificateSource      | Retrieving C-40CAF0A89961B3BD99F375518D46AF7EBA9A0A0D15175DB103568030CF7671D8 certificate's issuer using AIA. 
2023-04-28 11:52:31,687  INFO | pool-3-thread-12 | e.e.esig.dss.xades.validation.XAdESCertificateSource    | +XAdESCertificateSource 
2023-04-28 11:52:31,692  INFO | pool-3-thread-8 | e.e.esig.dss.xades.validation.XAdESCertificateSource    | +XAdESCertificateSource 
2023-04-28 11:52:31,694  INFO | pool-3-thread-3 | e.e.esig.dss.xades.validation.XAdESCertificateSource    | +XAdESCertificateSource 
2023-04-28 11:52:31,698  INFO | pool-3-thread-18 | eu.europa.esig.dss.validation.SignedDocumentValidator   | Document validation... 
2023-04-28 11:52:31,705  INFO | pool-3-thread-18 | e.europa.esig.dss.validation.CommonCertificateVerifier  | + New CommonCertificateVerifier created. 
2023-04-28 11:52:31,713  INFO | pool-3-thread-19 | eu.europa.esig.dss.validation.SignedDocumentValidator   | Document validation... 
2023-04-28 11:52:31,716  INFO | pool-3-thread-8 | e.europa.esig.dss.validation.CommonCertificateVerifier  | + New CommonCertificateVerifier created. 
2023-04-28 11:52:31,716  INFO | pool-3-thread-3 | e.europa.esig.dss.validation.CommonCertificateVerifier  | + New CommonCertificateVerifier created. 
2023-04-28 11:52:31,717  INFO | pool-3-thread-2 | e.europa.esig.dss.validation.CommonCertificateVerifier  | + New CommonCertificateVerifier created. 
2023-04-28 11:52:31,719  INFO | pool-3-thread-2 | eu.europa.esig.dss.xades.validation.ManifestValidator   | Validation of the manifest references ... 
2023-04-28 11:52:31,719  INFO | pool-3-thread-3 | eu.europa.esig.dss.validation.AIACertificateSource      | Retrieving C-40CAF0A89961B3BD99F375518D46AF7EBA9A0A0D15175DB103568030CF7671D8 certificate's issuer using AIA. 
2023-04-28 11:52:31,719  INFO | pool-3-thread-8 | eu.europa.esig.dss.validation.AIACertificateSource      | Retrieving C-40CAF0A89961B3BD99F375518D46AF7EBA9A0A0D15175DB103568030CF7671D8 certificate's issuer using AIA. 
2023-04-28 11:52:31,719  INFO | pool-3-thread-19 | e.europa.esig.dss.validation.CommonCertificateVerifier  | + New CommonCertificateVerifier created. 
2023-04-28 11:52:31,721  INFO | pool-3-thread-18 | eu.europa.esig.dss.xades.validation.ManifestValidator   | Validation of the manifest references ... 
2023-04-28 11:52:31,722  INFO | pool-3-thread-12 | e.europa.esig.dss.validation.CommonCertificateVerifier  | + New CommonCertificateVerifier created. 
2023-04-28 11:52:31,722  INFO | pool-3-thread-10 | eu.europa.esig.dss.validation.SignedDocumentValidator   | Document validation... 
2023-04-28 11:52:31,723  INFO | pool-3-thread-19 | eu.europa.esig.dss.xades.validation.ManifestValidator   | Validation of the manifest references ... 
2023-04-28 11:52:31,724  INFO | pool-3-thread-12 | eu.europa.esig.dss.validation.AIACertificateSource      | Retrieving C-40CAF0A89961B3BD99F375518D46AF7EBA9A0A0D15175DB103568030CF7671D8 certificate's issuer using AIA. 
2023-04-28 11:52:31,730  INFO | pool-3-thread-5 | e.e.esig.dss.xades.validation.XAdESCertificateSource    | +XAdESCertificateSource 
2023-04-28 11:52:31,734  INFO | pool-3-thread-11 | e.europa.esig.dss.validation.CommonCertificateVerifier  | + New CommonCertificateVerifier created. 
2023-04-28 11:52:31,736  INFO | pool-3-thread-11 | eu.europa.esig.dss.validation.AIACertificateSource      | Retrieving C-40CAF0A89961B3BD99F375518D46AF7EBA9A0A0D15175DB103568030CF7671D8 certificate's issuer using AIA. 
2023-04-28 11:52:31,745  INFO | pool-3-thread-14 | eu.europa.esig.dss.validation.SignedDocumentValidator   | Document validation... 
2023-04-28 11:52:31,745  INFO | pool-3-thread-13 | eu.europa.esig.dss.validation.SignedDocumentValidator   | Document validation... 
2023-04-28 11:52:31,745  INFO | pool-3-thread-10 | e.europa.esig.dss.validation.CommonCertificateVerifier  | + New CommonCertificateVerifier created. 
2023-04-28 11:52:31,745  INFO | pool-3-thread-4 | e.europa.esig.dss.validation.CommonCertificateVerifier  | + New CommonCertificateVerifier created. 
2023-04-28 11:52:31,747  INFO | pool-3-thread-10 | eu.europa.esig.dss.xades.validation.ManifestValidator   | Validation of the manifest references ... 
2023-04-28 11:52:31,747  INFO | pool-3-thread-4 | eu.europa.esig.dss.validation.AIACertificateSource      | Retrieving C-40CAF0A89961B3BD99F375518D46AF7EBA9A0A0D15175DB103568030CF7671D8 certificate's issuer using AIA. 
2023-04-28 11:52:31,750  INFO | pool-3-thread-5 | e.europa.esig.dss.validation.CommonCertificateVerifier  | + New CommonCertificateVerifier created. 
2023-04-28 11:52:31,752  INFO | pool-3-thread-5 | eu.europa.esig.dss.validation.AIACertificateSource      | Retrieving C-40CAF0A89961B3BD99F375518D46AF7EBA9A0A0D15175DB103568030CF7671D8 certificate's issuer using AIA. 
2023-04-28 11:52:31,755  INFO | pool-3-thread-17 | e.e.esig.dss.xades.validation.XAdESCertificateSource    | +XAdESCertificateSource 
2023-04-28 11:52:31,767  INFO | pool-3-thread-13 | e.europa.esig.dss.validation.CommonCertificateVerifier  | + New CommonCertificateVerifier created. 
2023-04-28 11:52:31,769  INFO | pool-3-thread-17 | e.europa.esig.dss.validation.CommonCertificateVerifier  | + New CommonCertificateVerifier created. 
2023-04-28 11:52:31,769  INFO | pool-3-thread-14 | e.europa.esig.dss.validation.CommonCertificateVerifier  | + New CommonCertificateVerifier created. 
2023-04-28 11:52:31,770  INFO | pool-3-thread-13 | eu.europa.esig.dss.xades.validation.ManifestValidator   | Validation of the manifest references ... 
2023-04-28 11:52:31,771  INFO | pool-3-thread-17 | eu.europa.esig.dss.validation.AIACertificateSource      | Retrieving C-40CAF0A89961B3BD99F375518D46AF7EBA9A0A0D15175DB103568030CF7671D8 certificate's issuer using AIA. 
2023-04-28 11:52:31,771  INFO | pool-3-thread-14 | eu.europa.esig.dss.xades.validation.ManifestValidator   | Validation of the manifest references ... 
2023-04-28 11:52:31,801  INFO | pool-3-thread-16 | eu.europa.esig.dss.validation.SignedDocumentValidator   | Document validation... 
2023-04-28 11:52:31,808  INFO | pool-3-thread-16 | e.europa.esig.dss.validation.CommonCertificateVerifier  | + New CommonCertificateVerifier created. 
2023-04-28 11:52:31,809  INFO | pool-3-thread-16 | eu.europa.esig.dss.xades.validation.ManifestValidator   | Validation of the manifest references ... 
2023-04-28 11:52:31,826  INFO | pool-3-thread-9 | eu.europa.esig.dss.validation.SignedDocumentValidator   | Document validation... 
2023-04-28 11:52:31,831  INFO | pool-3-thread-9 | e.europa.esig.dss.validation.CommonCertificateVerifier  | + New CommonCertificateVerifier created. 
2023-04-28 11:52:31,834  INFO | pool-3-thread-9 | eu.europa.esig.dss.xades.validation.ManifestValidator   | Validation of the manifest references ... 
2023-04-28 11:52:31,853  INFO | pool-3-thread-6 | eu.europa.esig.dss.validation.AIACertificateSource      | Retrieving C-530B1D749BE7AD3A7BB78326B281DBCC5DF6EA5F414A7B29B970B6548B044907 certificate's issuer using AIA. 
2023-04-28 11:52:31,853  INFO | pool-3-thread-6 | eu.europa.esig.dss.spi.x509.aia.DefaultAIASource        | There is no AIA extension for certificate download. 
2023-04-28 11:52:31,853  WARN | pool-3-thread-6 | e.europa.esig.dss.validation.SignatureValidationContext | POE extraction is skipped for untrusted timestamp : T-26386383378D0C48268DAF57FEFF16A3E7A398A141E3F4EB26079F1DA4959501. 
2023-04-28 11:52:31,857  WARN | pool-3-thread-6 | e.europa.esig.dss.validation.SignatureValidationContext | No revocation found for the certificate C-CF92871488972946BA2863A316F06A75ADDE69F19608DCBEEBA26026CF3A5E12 
2023-04-28 11:52:31,859  WARN | pool-3-thread-6 | e.europa.esig.dss.validation.SignatureValidationContext | No revocation found for the certificate C-40CAF0A89961B3BD99F375518D46AF7EBA9A0A0D15175DB103568030CF7671D8 
2023-04-28 11:52:31,862  WARN | pool-3-thread-6 | e.europa.esig.dss.validation.SignatureValidationContext | Issuer not found for certificate C-530B1D749BE7AD3A7BB78326B281DBCC5DF6EA5F414A7B29B970B6548B044907 
2023-04-28 11:52:31,862  WARN | pool-3-thread-6 | e.europa.esig.dss.validation.SignatureValidationContext | No revocation found for the certificate C-BED0F19ED46D94900D2A9FCD7C6F660B61FF7588D8B71CF8F279D5FAA3021CCF 
2023-04-28 11:52:31,863  WARN | pool-3-thread-6 | eu.europa.esig.dss.validation.DiagnosticDataBuilder     | Provided CertificateSource configuration contains none of trusted sources of type TRUSTED_STORE or TRUSTED_LIST! 
2023-04-28 11:52:31,864  INFO | pool-3-thread-7 | eu.europa.esig.dss.validation.AIACertificateSource      | Retrieving C-530B1D749BE7AD3A7BB78326B281DBCC5DF6EA5F414A7B29B970B6548B044907 certificate's issuer using AIA. 
2023-04-28 11:52:31,864  INFO | pool-3-thread-7 | eu.europa.esig.dss.spi.x509.aia.DefaultAIASource        | There is no AIA extension for certificate download. 
2023-04-28 11:52:31,866  WARN | pool-3-thread-7 | e.europa.esig.dss.validation.SignatureValidationContext | POE extraction is skipped for untrusted timestamp : T-26386383378D0C48268DAF57FEFF16A3E7A398A141E3F4EB26079F1DA4959501. 
2023-04-28 11:52:31,870  WARN | pool-3-thread-7 | e.europa.esig.dss.validation.SignatureValidationContext | No revocation found for the certificate C-CF92871488972946BA2863A316F06A75ADDE69F19608DCBEEBA26026CF3A5E12 
2023-04-28 11:52:31,871  WARN | pool-3-thread-7 | e.europa.esig.dss.validation.SignatureValidationContext | No revocation found for the certificate C-40CAF0A89961B3BD99F375518D46AF7EBA9A0A0D15175DB103568030CF7671D8 
2023-04-28 11:52:31,875  WARN | pool-3-thread-7 | e.europa.esig.dss.validation.SignatureValidationContext | Issuer not found for certificate C-530B1D749BE7AD3A7BB78326B281DBCC5DF6EA5F414A7B29B970B6548B044907 
2023-04-28 11:52:31,876  WARN | pool-3-thread-7 | e.europa.esig.dss.validation.SignatureValidationContext | No revocation found for the certificate C-BED0F19ED46D94900D2A9FCD7C6F660B61FF7588D8B71CF8F279D5FAA3021CCF 
2023-04-28 11:52:31,876  WARN | pool-3-thread-7 | eu.europa.esig.dss.validation.DiagnosticDataBuilder     | Provided CertificateSource configuration contains none of trusted sources of type TRUSTED_STORE or TRUSTED_LIST! 
2023-04-28 11:52:31,894  INFO | pool-3-thread-1 | eu.europa.esig.dss.validation.AIACertificateSource      | Retrieving C-530B1D749BE7AD3A7BB78326B281DBCC5DF6EA5F414A7B29B970B6548B044907 certificate's issuer using AIA. 
2023-04-28 11:52:31,894  INFO | pool-3-thread-1 | eu.europa.esig.dss.spi.x509.aia.DefaultAIASource        | There is no AIA extension for certificate download. 
2023-04-28 11:52:31,895  WARN | pool-3-thread-1 | e.europa.esig.dss.validation.SignatureValidationContext | POE extraction is skipped for untrusted timestamp : T-26386383378D0C48268DAF57FEFF16A3E7A398A141E3F4EB26079F1DA4959501. 
2023-04-28 11:52:31,899  WARN | pool-3-thread-1 | e.europa.esig.dss.validation.SignatureValidationContext | No revocation found for the certificate C-CF92871488972946BA2863A316F06A75ADDE69F19608DCBEEBA26026CF3A5E12 
2023-04-28 11:52:31,901  INFO | pool-3-thread-6 | eu.europa.esig.dss.validation.SignedDocumentValidator   | Document validation... 
2023-04-28 11:52:31,901  WARN | pool-3-thread-1 | e.europa.esig.dss.validation.SignatureValidationContext | No revocation found for the certificate C-40CAF0A89961B3BD99F375518D46AF7EBA9A0A0D15175DB103568030CF7671D8 
2023-04-28 11:52:31,903  WARN | pool-3-thread-1 | e.europa.esig.dss.validation.SignatureValidationContext | Issuer not found for certificate C-530B1D749BE7AD3A7BB78326B281DBCC5DF6EA5F414A7B29B970B6548B044907 
2023-04-28 11:52:31,904  WARN | pool-3-thread-1 | e.europa.esig.dss.validation.SignatureValidationContext | No revocation found for the certificate C-BED0F19ED46D94900D2A9FCD7C6F660B61FF7588D8B71CF8F279D5FAA3021CCF 
2023-04-28 11:52:31,904  INFO | pool-3-thread-7 | eu.europa.esig.dss.validation.SignedDocumentValidator   | Document validation... 
2023-04-28 11:52:31,904  WARN | pool-3-thread-1 | eu.europa.esig.dss.validation.DiagnosticDataBuilder     | Provided CertificateSource configuration contains none of trusted sources of type TRUSTED_STORE or TRUSTED_LIST! 
2023-04-28 11:52:31,905  INFO | pool-3-thread-6 | e.europa.esig.dss.validation.CommonCertificateVerifier  | + New CommonCertificateVerifier created. 
2023-04-28 11:52:31,907  INFO | pool-3-thread-6 | eu.europa.esig.dss.xades.validation.ManifestValidator   | Validation of the manifest references ... 
2023-04-28 11:52:31,908  INFO | pool-3-thread-7 | e.europa.esig.dss.validation.CommonCertificateVerifier  | + New CommonCertificateVerifier created. 
2023-04-28 11:52:31,911  INFO | pool-3-thread-7 | eu.europa.esig.dss.xades.validation.ManifestValidator   | Validation of the manifest references ... 
2023-04-28 11:52:31,926  INFO | pool-3-thread-13 | e.e.esig.dss.xades.validation.XAdESCertificateSource    | +XAdESCertificateSource 
2023-04-28 11:52:31,928  INFO | pool-3-thread-20 | eu.europa.esig.dss.validation.AIACertificateSource      | Retrieving C-530B1D749BE7AD3A7BB78326B281DBCC5DF6EA5F414A7B29B970B6548B044907 certificate's issuer using AIA. 
2023-04-28 11:52:31,928  INFO | pool-3-thread-15 | eu.europa.esig.dss.validation.AIACertificateSource      | Retrieving C-530B1D749BE7AD3A7BB78326B281DBCC5DF6EA5F414A7B29B970B6548B044907 certificate's issuer using AIA. 
2023-04-28 11:52:31,928  INFO | pool-3-thread-20 | eu.europa.esig.dss.spi.x509.aia.DefaultAIASource        | There is no AIA extension for certificate download. 
2023-04-28 11:52:31,928  INFO | pool-3-thread-15 | eu.europa.esig.dss.spi.x509.aia.DefaultAIASource        | There is no AIA extension for certificate download. 
2023-04-28 11:52:31,928  INFO | pool-3-thread-1 | eu.europa.esig.dss.validation.SignedDocumentValidator   | Document validation... 
2023-04-28 11:52:31,928  WARN | pool-3-thread-20 | e.europa.esig.dss.validation.SignatureValidationContext | POE extraction is skipped for untrusted timestamp : T-26386383378D0C48268DAF57FEFF16A3E7A398A141E3F4EB26079F1DA4959501. 
2023-04-28 11:52:31,928  WARN | pool-3-thread-15 | e.europa.esig.dss.validation.SignatureValidationContext | POE extraction is skipped for untrusted timestamp : T-26386383378D0C48268DAF57FEFF16A3E7A398A141E3F4EB26079F1DA4959501. 
2023-04-28 11:52:31,932  WARN | pool-3-thread-20 | e.europa.esig.dss.validation.SignatureValidationContext | No revocation found for the certificate C-CF92871488972946BA2863A316F06A75ADDE69F19608DCBEEBA26026CF3A5E12 
2023-04-28 11:52:31,933  INFO | pool-3-thread-1 | e.europa.esig.dss.validation.CommonCertificateVerifier  | + New CommonCertificateVerifier created. 
2023-04-28 11:52:31,933  WARN | pool-3-thread-15 | e.europa.esig.dss.validation.SignatureValidationContext | No revocation found for the certificate C-CF92871488972946BA2863A316F06A75ADDE69F19608DCBEEBA26026CF3A5E12 
2023-04-28 11:52:31,934  WARN | pool-3-thread-20 | e.europa.esig.dss.validation.SignatureValidationContext | No revocation found for the certificate C-40CAF0A89961B3BD99F375518D46AF7EBA9A0A0D15175DB103568030CF7671D8 
2023-04-28 11:52:31,935  WARN | pool-3-thread-15 | e.europa.esig.dss.validation.SignatureValidationContext | No revocation found for the certificate C-40CAF0A89961B3BD99F375518D46AF7EBA9A0A0D15175DB103568030CF7671D8 
2023-04-28 11:52:31,935  INFO | pool-3-thread-1 | eu.europa.esig.dss.xades.validation.ManifestValidator   | Validation of the manifest references ... 
2023-04-28 11:52:31,936  WARN | pool-3-thread-20 | e.europa.esig.dss.validation.SignatureValidationContext | Issuer not found for certificate C-530B1D749BE7AD3A7BB78326B281DBCC5DF6EA5F414A7B29B970B6548B044907 
2023-04-28 11:52:31,937  WARN | pool-3-thread-20 | e.europa.esig.dss.validation.SignatureValidationContext | No revocation found for the certificate C-BED0F19ED46D94900D2A9FCD7C6F660B61FF7588D8B71CF8F279D5FAA3021CCF 
2023-04-28 11:52:31,937  WARN | pool-3-thread-20 | eu.europa.esig.dss.validation.DiagnosticDataBuilder     | Provided CertificateSource configuration contains none of trusted sources of type TRUSTED_STORE or TRUSTED_LIST! 
2023-04-28 11:52:31,937  WARN | pool-3-thread-15 | e.europa.esig.dss.validation.SignatureValidationContext | Issuer not found for certificate C-530B1D749BE7AD3A7BB78326B281DBCC5DF6EA5F414A7B29B970B6548B044907 
2023-04-28 11:52:31,938  WARN | pool-3-thread-15 | e.europa.esig.dss.validation.SignatureValidationContext | No revocation found for the certificate C-BED0F19ED46D94900D2A9FCD7C6F660B61FF7588D8B71CF8F279D5FAA3021CCF 
2023-04-28 11:52:31,938  WARN | pool-3-thread-15 | eu.europa.esig.dss.validation.DiagnosticDataBuilder     | Provided CertificateSource configuration contains none of trusted sources of type TRUSTED_STORE or TRUSTED_LIST! 
2023-04-28 11:52:31,939  INFO | pool-3-thread-13 | e.europa.esig.dss.validation.CommonCertificateVerifier  | + New CommonCertificateVerifier created. 
2023-04-28 11:52:31,939  INFO | pool-3-thread-1 | e.e.esig.dss.xades.validation.XAdESCertificateSource    | +XAdESCertificateSource 
2023-04-28 11:52:31,941  INFO | pool-3-thread-13 | eu.europa.esig.dss.validation.AIACertificateSource      | Retrieving C-40CAF0A89961B3BD99F375518D46AF7EBA9A0A0D15175DB103568030CF7671D8 certificate's issuer using AIA. 
2023-04-28 11:52:31,947  INFO | pool-3-thread-1 | e.europa.esig.dss.validation.CommonCertificateVerifier  | + New CommonCertificateVerifier created. 
2023-04-28 11:52:31,951  INFO | pool-3-thread-1 | eu.europa.esig.dss.validation.AIACertificateSource      | Retrieving C-40CAF0A89961B3BD99F375518D46AF7EBA9A0A0D15175DB103568030CF7671D8 certificate's issuer using AIA. 
2023-04-28 11:52:31,955  INFO | pool-3-thread-16 | e.e.esig.dss.xades.validation.XAdESCertificateSource    | +XAdESCertificateSource 
2023-04-28 11:52:31,956  INFO | pool-3-thread-9 | e.e.esig.dss.xades.validation.XAdESCertificateSource    | +XAdESCertificateSource 
2023-04-28 11:52:31,964  INFO | pool-3-thread-15 | eu.europa.esig.dss.validation.SignedDocumentValidator   | Document validation... 
2023-04-28 11:52:31,964  INFO | pool-3-thread-20 | eu.europa.esig.dss.validation.SignedDocumentValidator   | Document validation... 
2023-04-28 11:52:31,964  INFO | pool-3-thread-16 | e.europa.esig.dss.validation.CommonCertificateVerifier  | + New CommonCertificateVerifier created. 
2023-04-28 11:52:31,964  INFO | pool-3-thread-9 | e.europa.esig.dss.validation.CommonCertificateVerifier  | + New CommonCertificateVerifier created. 
2023-04-28 11:52:31,966  INFO | pool-3-thread-16 | eu.europa.esig.dss.validation.AIACertificateSource      | Retrieving C-40CAF0A89961B3BD99F375518D46AF7EBA9A0A0D15175DB103568030CF7671D8 certificate's issuer using AIA. 
2023-04-28 11:52:31,966  INFO | pool-3-thread-9 | eu.europa.esig.dss.validation.AIACertificateSource      | Retrieving C-40CAF0A89961B3BD99F375518D46AF7EBA9A0A0D15175DB103568030CF7671D8 certificate's issuer using AIA. 
2023-04-28 11:52:31,970  INFO | pool-3-thread-20 | e.europa.esig.dss.validation.CommonCertificateVerifier  | + New CommonCertificateVerifier created. 
2023-04-28 11:52:31,970  INFO | pool-3-thread-15 | e.europa.esig.dss.validation.CommonCertificateVerifier  | + New CommonCertificateVerifier created. 
2023-04-28 11:52:31,973  INFO | pool-3-thread-15 | eu.europa.esig.dss.xades.validation.ManifestValidator   | Validation of the manifest references ... 
2023-04-28 11:52:31,973  INFO | pool-3-thread-20 | eu.europa.esig.dss.xades.validation.ManifestValidator   | Validation of the manifest references ... 
2023-04-28 11:52:31,977  INFO | pool-3-thread-20 | e.e.esig.dss.xades.validation.XAdESCertificateSource    | +XAdESCertificateSource 
2023-04-28 11:52:31,977  INFO | pool-3-thread-15 | e.e.esig.dss.xades.validation.XAdESCertificateSource    | +XAdESCertificateSource 
2023-04-28 11:52:31,986  INFO | pool-3-thread-15 | e.europa.esig.dss.validation.CommonCertificateVerifier  | + New CommonCertificateVerifier created. 
2023-04-28 11:52:31,986  INFO | pool-3-thread-20 | e.europa.esig.dss.validation.CommonCertificateVerifier  | + New CommonCertificateVerifier created. 
2023-04-28 11:52:31,988  INFO | pool-3-thread-20 | eu.europa.esig.dss.validation.AIACertificateSource      | Retrieving C-40CAF0A89961B3BD99F375518D46AF7EBA9A0A0D15175DB103568030CF7671D8 certificate's issuer using AIA. 
2023-04-28 11:52:31,988  INFO | pool-3-thread-15 | eu.europa.esig.dss.validation.AIACertificateSource      | Retrieving C-40CAF0A89961B3BD99F375518D46AF7EBA9A0A0D15175DB103568030CF7671D8 certificate's issuer using AIA. 
2023-04-28 11:52:32,025  INFO | pool-3-thread-12 | eu.europa.esig.dss.validation.AIACertificateSource      | Retrieving C-530B1D749BE7AD3A7BB78326B281DBCC5DF6EA5F414A7B29B970B6548B044907 certificate's issuer using AIA. 
2023-04-28 11:52:32,025  INFO | pool-3-thread-12 | eu.europa.esig.dss.spi.x509.aia.DefaultAIASource        | There is no AIA extension for certificate download. 
2023-04-28 11:52:32,025  INFO | pool-3-thread-8 | eu.europa.esig.dss.validation.AIACertificateSource      | Retrieving C-530B1D749BE7AD3A7BB78326B281DBCC5DF6EA5F414A7B29B970B6548B044907 certificate's issuer using AIA. 
2023-04-28 11:52:32,025  INFO | pool-3-thread-8 | eu.europa.esig.dss.spi.x509.aia.DefaultAIASource        | There is no AIA extension for certificate download. 
2023-04-28 11:52:32,025  INFO | pool-3-thread-5 | eu.europa.esig.dss.validation.AIACertificateSource      | Retrieving C-530B1D749BE7AD3A7BB78326B281DBCC5DF6EA5F414A7B29B970B6548B044907 certificate's issuer using AIA. 
2023-04-28 11:52:32,025  INFO | pool-3-thread-5 | eu.europa.esig.dss.spi.x509.aia.DefaultAIASource        | There is no AIA extension for certificate download. 
2023-04-28 11:52:32,025  WARN | pool-3-thread-12 | e.europa.esig.dss.validation.SignatureValidationContext | POE extraction is skipped for untrusted timestamp : T-26386383378D0C48268DAF57FEFF16A3E7A398A141E3F4EB26079F1DA4959501. 
2023-04-28 11:52:32,026  WARN | pool-3-thread-8 | e.europa.esig.dss.validation.SignatureValidationContext | POE extraction is skipped for untrusted timestamp : T-26386383378D0C48268DAF57FEFF16A3E7A398A141E3F4EB26079F1DA4959501. 
2023-04-28 11:52:32,026  INFO | pool-3-thread-11 | eu.europa.esig.dss.validation.AIACertificateSource      | Retrieving C-530B1D749BE7AD3A7BB78326B281DBCC5DF6EA5F414A7B29B970B6548B044907 certificate's issuer using AIA. 
2023-04-28 11:52:32,026  INFO | pool-3-thread-11 | eu.europa.esig.dss.spi.x509.aia.DefaultAIASource        | There is no AIA extension for certificate download. 
2023-04-28 11:52:32,026  WARN | pool-3-thread-5 | e.europa.esig.dss.validation.SignatureValidationContext | POE extraction is skipped for untrusted timestamp : T-26386383378D0C48268DAF57FEFF16A3E7A398A141E3F4EB26079F1DA4959501. 
2023-04-28 11:52:32,026  INFO | pool-3-thread-4 | eu.europa.esig.dss.validation.AIACertificateSource      | Retrieving C-530B1D749BE7AD3A7BB78326B281DBCC5DF6EA5F414A7B29B970B6548B044907 certificate's issuer using AIA. 
2023-04-28 11:52:32,026  INFO | pool-3-thread-4 | eu.europa.esig.dss.spi.x509.aia.DefaultAIASource        | There is no AIA extension for certificate download. 
2023-04-28 11:52:32,027  WARN | pool-3-thread-11 | e.europa.esig.dss.validation.SignatureValidationContext | POE extraction is skipped for untrusted timestamp : T-26386383378D0C48268DAF57FEFF16A3E7A398A141E3F4EB26079F1DA4959501. 
2023-04-28 11:52:32,027  WARN | pool-3-thread-4 | e.europa.esig.dss.validation.SignatureValidationContext | POE extraction is skipped for untrusted timestamp : T-26386383378D0C48268DAF57FEFF16A3E7A398A141E3F4EB26079F1DA4959501. 
2023-04-28 11:52:32,029  WARN | pool-3-thread-12 | e.europa.esig.dss.validation.SignatureValidationContext | No revocation found for the certificate C-CF92871488972946BA2863A316F06A75ADDE69F19608DCBEEBA26026CF3A5E12 
2023-04-28 11:52:32,030  WARN | pool-3-thread-8 | e.europa.esig.dss.validation.SignatureValidationContext | No revocation found for the certificate C-CF92871488972946BA2863A316F06A75ADDE69F19608DCBEEBA26026CF3A5E12 
2023-04-28 11:52:32,030  WARN | pool-3-thread-5 | e.europa.esig.dss.validation.SignatureValidationContext | No revocation found for the certificate C-CF92871488972946BA2863A316F06A75ADDE69F19608DCBEEBA26026CF3A5E12 
2023-04-28 11:52:32,031  WARN | pool-3-thread-4 | e.europa.esig.dss.validation.SignatureValidationContext | No revocation found for the certificate C-CF92871488972946BA2863A316F06A75ADDE69F19608DCBEEBA26026CF3A5E12 
2023-04-28 11:52:32,031  WARN | pool-3-thread-11 | e.europa.esig.dss.validation.SignatureValidationContext | No revocation found for the certificate C-CF92871488972946BA2863A316F06A75ADDE69F19608DCBEEBA26026CF3A5E12 
2023-04-28 11:52:32,031  WARN | pool-3-thread-12 | e.europa.esig.dss.validation.SignatureValidationContext | No revocation found for the certificate C-40CAF0A89961B3BD99F375518D46AF7EBA9A0A0D15175DB103568030CF7671D8 
2023-04-28 11:52:32,031  WARN | pool-3-thread-5 | e.europa.esig.dss.validation.SignatureValidationContext | No revocation found for the certificate C-40CAF0A89961B3BD99F375518D46AF7EBA9A0A0D15175DB103568030CF7671D8 
2023-04-28 11:52:32,032  WARN | pool-3-thread-8 | e.europa.esig.dss.validation.SignatureValidationContext | No revocation found for the certificate C-40CAF0A89961B3BD99F375518D46AF7EBA9A0A0D15175DB103568030CF7671D8 
2023-04-28 11:52:32,032  WARN | pool-3-thread-11 | e.europa.esig.dss.validation.SignatureValidationContext | No revocation found for the certificate C-40CAF0A89961B3BD99F375518D46AF7EBA9A0A0D15175DB103568030CF7671D8 
2023-04-28 11:52:32,033  INFO | pool-3-thread-1 | eu.europa.esig.dss.validation.AIACertificateSource      | Retrieving C-530B1D749BE7AD3A7BB78326B281DBCC5DF6EA5F414A7B29B970B6548B044907 certificate's issuer using AIA. 
2023-04-28 11:52:32,034  INFO | pool-3-thread-1 | eu.europa.esig.dss.spi.x509.aia.DefaultAIASource        | There is no AIA extension for certificate download. 
2023-04-28 11:52:32,034  WARN | pool-3-thread-12 | e.europa.esig.dss.validation.SignatureValidationContext | Issuer not found for certificate C-530B1D749BE7AD3A7BB78326B281DBCC5DF6EA5F414A7B29B970B6548B044907 
2023-04-28 11:52:32,034  WARN | pool-3-thread-5 | e.europa.esig.dss.validation.SignatureValidationContext | Issuer not found for certificate C-530B1D749BE7AD3A7BB78326B281DBCC5DF6EA5F414A7B29B970B6548B044907 
2023-04-28 11:52:32,034  WARN | pool-3-thread-1 | e.europa.esig.dss.validation.SignatureValidationContext | POE extraction is skipped for untrusted timestamp : T-26386383378D0C48268DAF57FEFF16A3E7A398A141E3F4EB26079F1DA4959501. 
2023-04-28 11:52:32,034  WARN | pool-3-thread-12 | e.europa.esig.dss.validation.SignatureValidationContext | No revocation found for the certificate C-BED0F19ED46D94900D2A9FCD7C6F660B61FF7588D8B71CF8F279D5FAA3021CCF 
2023-04-28 11:52:32,034  WARN | pool-3-thread-5 | e.europa.esig.dss.validation.SignatureValidationContext | No revocation found for the certificate C-BED0F19ED46D94900D2A9FCD7C6F660B61FF7588D8B71CF8F279D5FAA3021CCF 
2023-04-28 11:52:32,035  WARN | pool-3-thread-12 | eu.europa.esig.dss.validation.DiagnosticDataBuilder     | Provided CertificateSource configuration contains none of trusted sources of type TRUSTED_STORE or TRUSTED_LIST! 
2023-04-28 11:52:32,035  WARN | pool-3-thread-11 | e.europa.esig.dss.validation.SignatureValidationContext | Issuer not found for certificate C-530B1D749BE7AD3A7BB78326B281DBCC5DF6EA5F414A7B29B970B6548B044907 
2023-04-28 11:52:32,035  WARN | pool-3-thread-5 | eu.europa.esig.dss.validation.DiagnosticDataBuilder     | Provided CertificateSource configuration contains none of trusted sources of type TRUSTED_STORE or TRUSTED_LIST! 
2023-04-28 11:52:32,035  WARN | pool-3-thread-8 | e.europa.esig.dss.validation.SignatureValidationContext | Issuer not found for certificate C-530B1D749BE7AD3A7BB78326B281DBCC5DF6EA5F414A7B29B970B6548B044907 
2023-04-28 11:52:32,035  WARN | pool-3-thread-11 | e.europa.esig.dss.validation.SignatureValidationContext | No revocation found for the certificate C-BED0F19ED46D94900D2A9FCD7C6F660B61FF7588D8B71CF8F279D5FAA3021CCF 
2023-04-28 11:52:32,035  WARN | pool-3-thread-8 | e.europa.esig.dss.validation.SignatureValidationContext | No revocation found for the certificate C-BED0F19ED46D94900D2A9FCD7C6F660B61FF7588D8B71CF8F279D5FAA3021CCF 
2023-04-28 11:52:32,036  WARN | pool-3-thread-11 | eu.europa.esig.dss.validation.DiagnosticDataBuilder     | Provided CertificateSource configuration contains none of trusted sources of type TRUSTED_STORE or TRUSTED_LIST! 
2023-04-28 11:52:32,036  WARN | pool-3-thread-8 | eu.europa.esig.dss.validation.DiagnosticDataBuilder     | Provided CertificateSource configuration contains none of trusted sources of type TRUSTED_STORE or TRUSTED_LIST! 
2023-04-28 11:52:32,038  WARN | pool-3-thread-1 | e.europa.esig.dss.validation.SignatureValidationContext | No revocation found for the certificate C-CF92871488972946BA2863A316F06A75ADDE69F19608DCBEEBA26026CF3A5E12 
2023-04-28 11:52:32,039  WARN | pool-3-thread-1 | e.europa.esig.dss.validation.SignatureValidationContext | No revocation found for the certificate C-40CAF0A89961B3BD99F375518D46AF7EBA9A0A0D15175DB103568030CF7671D8 
2023-04-28 11:52:32,042  WARN | pool-3-thread-1 | e.europa.esig.dss.validation.SignatureValidationContext | Issuer not found for certificate C-530B1D749BE7AD3A7BB78326B281DBCC5DF6EA5F414A7B29B970B6548B044907 
2023-04-28 11:52:32,042  WARN | pool-3-thread-1 | e.europa.esig.dss.validation.SignatureValidationContext | No revocation found for the certificate C-BED0F19ED46D94900D2A9FCD7C6F660B61FF7588D8B71CF8F279D5FAA3021CCF 
2023-04-28 11:52:32,043  WARN | pool-3-thread-1 | eu.europa.esig.dss.validation.DiagnosticDataBuilder     | Provided CertificateSource configuration contains none of trusted sources of type TRUSTED_STORE or TRUSTED_LIST! 
2023-04-28 11:52:32,058  INFO | pool-3-thread-3 | eu.europa.esig.dss.validation.AIACertificateSource      | Retrieving C-530B1D749BE7AD3A7BB78326B281DBCC5DF6EA5F414A7B29B970B6548B044907 certificate's issuer using AIA. 
2023-04-28 11:52:32,058  INFO | pool-3-thread-3 | eu.europa.esig.dss.spi.x509.aia.DefaultAIASource        | There is no AIA extension for certificate download. 
2023-04-28 11:52:32,059  WARN | pool-3-thread-3 | e.europa.esig.dss.validation.SignatureValidationContext | POE extraction is skipped for untrusted timestamp : T-26386383378D0C48268DAF57FEFF16A3E7A398A141E3F4EB26079F1DA4959501. 
2023-04-28 11:52:32,059  INFO | pool-3-thread-9 | eu.europa.esig.dss.validation.AIACertificateSource      | Retrieving C-530B1D749BE7AD3A7BB78326B281DBCC5DF6EA5F414A7B29B970B6548B044907 certificate's issuer using AIA. 
2023-04-28 11:52:32,059  INFO | pool-3-thread-9 | eu.europa.esig.dss.spi.x509.aia.DefaultAIASource        | There is no AIA extension for certificate download. 
2023-04-28 11:52:32,059  INFO | pool-3-thread-13 | eu.europa.esig.dss.validation.AIACertificateSource      | Retrieving C-530B1D749BE7AD3A7BB78326B281DBCC5DF6EA5F414A7B29B970B6548B044907 certificate's issuer using AIA. 
2023-04-28 11:52:32,059  INFO | pool-3-thread-13 | eu.europa.esig.dss.spi.x509.aia.DefaultAIASource        | There is no AIA extension for certificate download. 
2023-04-28 11:52:32,059  WARN | pool-3-thread-9 | e.europa.esig.dss.validation.SignatureValidationContext | POE extraction is skipped for untrusted timestamp : T-26386383378D0C48268DAF57FEFF16A3E7A398A141E3F4EB26079F1DA4959501. 
2023-04-28 11:52:32,060  WARN | pool-3-thread-13 | e.europa.esig.dss.validation.SignatureValidationContext | POE extraction is skipped for untrusted timestamp : T-26386383378D0C48268DAF57FEFF16A3E7A398A141E3F4EB26079F1DA4959501. 
2023-04-28 11:52:32,032  WARN | pool-3-thread-4 | e.europa.esig.dss.validation.SignatureValidationContext | No revocation found for the certificate C-40CAF0A89961B3BD99F375518D46AF7EBA9A0A0D15175DB103568030CF7671D8 
2023-04-28 11:52:32,063  WARN | pool-3-thread-3 | e.europa.esig.dss.validation.SignatureValidationContext | No revocation found for the certificate C-CF92871488972946BA2863A316F06A75ADDE69F19608DCBEEBA26026CF3A5E12 
2023-04-28 11:52:32,063  WARN | pool-3-thread-9 | e.europa.esig.dss.validation.SignatureValidationContext | No revocation found for the certificate C-CF92871488972946BA2863A316F06A75ADDE69F19608DCBEEBA26026CF3A5E12 
2023-04-28 11:52:32,063  WARN | pool-3-thread-4 | e.europa.esig.dss.validation.SignatureValidationContext | Issuer not found for certificate C-530B1D749BE7AD3A7BB78326B281DBCC5DF6EA5F414A7B29B970B6548B044907 
2023-04-28 11:52:32,063  WARN | pool-3-thread-13 | e.europa.esig.dss.validation.SignatureValidationContext | No revocation found for the certificate C-CF92871488972946BA2863A316F06A75ADDE69F19608DCBEEBA26026CF3A5E12 
2023-04-28 11:52:32,063  WARN | pool-3-thread-4 | e.europa.esig.dss.validation.SignatureValidationContext | No revocation found for the certificate C-BED0F19ED46D94900D2A9FCD7C6F660B61FF7588D8B71CF8F279D5FAA3021CCF 
2023-04-28 11:52:32,064  WARN | pool-3-thread-4 | eu.europa.esig.dss.validation.DiagnosticDataBuilder     | Provided CertificateSource configuration contains none of trusted sources of type TRUSTED_STORE or TRUSTED_LIST! 
2023-04-28 11:52:32,064  WARN | pool-3-thread-9 | e.europa.esig.dss.validation.SignatureValidationContext | No revocation found for the certificate C-40CAF0A89961B3BD99F375518D46AF7EBA9A0A0D15175DB103568030CF7671D8 
2023-04-28 11:52:32,065  WARN | pool-3-thread-13 | e.europa.esig.dss.validation.SignatureValidationContext | No revocation found for the certificate C-40CAF0A89961B3BD99F375518D46AF7EBA9A0A0D15175DB103568030CF7671D8 
2023-04-28 11:52:32,065  WARN | pool-3-thread-3 | e.europa.esig.dss.validation.SignatureValidationContext | No revocation found for the certificate C-40CAF0A89961B3BD99F375518D46AF7EBA9A0A0D15175DB103568030CF7671D8 
2023-04-28 11:52:32,067  WARN | pool-3-thread-9 | e.europa.esig.dss.validation.SignatureValidationContext | Issuer not found for certificate C-530B1D749BE7AD3A7BB78326B281DBCC5DF6EA5F414A7B29B970B6548B044907 
2023-04-28 11:52:32,067  WARN | pool-3-thread-13 | e.europa.esig.dss.validation.SignatureValidationContext | Issuer not found for certificate C-530B1D749BE7AD3A7BB78326B281DBCC5DF6EA5F414A7B29B970B6548B044907 
2023-04-28 11:52:32,067  WARN | pool-3-thread-9 | e.europa.esig.dss.validation.SignatureValidationContext | No revocation found for the certificate C-BED0F19ED46D94900D2A9FCD7C6F660B61FF7588D8B71CF8F279D5FAA3021CCF 
2023-04-28 11:52:32,067  WARN | pool-3-thread-13 | e.europa.esig.dss.validation.SignatureValidationContext | No revocation found for the certificate C-BED0F19ED46D94900D2A9FCD7C6F660B61FF7588D8B71CF8F279D5FAA3021CCF 
2023-04-28 11:52:32,067  WARN | pool-3-thread-9 | eu.europa.esig.dss.validation.DiagnosticDataBuilder     | Provided CertificateSource configuration contains none of trusted sources of type TRUSTED_STORE or TRUSTED_LIST! 
2023-04-28 11:52:32,068  WARN | pool-3-thread-13 | eu.europa.esig.dss.validation.DiagnosticDataBuilder     | Provided CertificateSource configuration contains none of trusted sources of type TRUSTED_STORE or TRUSTED_LIST! 
2023-04-28 11:52:32,074  INFO | pool-3-thread-11 | eu.europa.esig.dss.validation.SignedDocumentValidator   | Document validation... 
2023-04-28 11:52:32,076  INFO | pool-3-thread-19 | e.e.esig.dss.xades.validation.XAdESCertificateSource    | +XAdESCertificateSource 
2023-04-28 11:52:32,085  INFO | pool-3-thread-11 | e.europa.esig.dss.validation.CommonCertificateVerifier  | + New CommonCertificateVerifier created. 
2023-04-28 11:52:32,092  INFO | pool-3-thread-12 | eu.europa.esig.dss.validation.SignedDocumentValidator   | Document validation... 
2023-04-28 11:52:32,092  INFO | pool-3-thread-1 | eu.europa.esig.dss.validation.SignedDocumentValidator   | Document validation... 
2023-04-28 11:52:32,106  INFO | pool-3-thread-18 | e.e.esig.dss.xades.validation.XAdESCertificateSource    | +XAdESCertificateSource 
2023-04-28 11:52:32,109  INFO | pool-3-thread-2 | e.e.esig.dss.xades.validation.XAdESCertificateSource    | +XAdESCertificateSource 
2023-04-28 11:52:32,115  INFO | pool-3-thread-8 | eu.europa.esig.dss.validation.SignedDocumentValidator   | Document validation... 
2023-04-28 11:52:32,121  INFO | pool-3-thread-10 | e.e.esig.dss.xades.validation.XAdESCertificateSource    | +XAdESCertificateSource 
2023-04-28 11:52:32,121  INFO | pool-3-thread-4 | eu.europa.esig.dss.validation.SignedDocumentValidator   | Document validation... 
2023-04-28 11:52:32,121  INFO | pool-3-thread-8 | e.europa.esig.dss.validation.CommonCertificateVerifier  | + New CommonCertificateVerifier created. 
2023-04-28 11:52:32,122  WARN | pool-3-thread-3 | e.europa.esig.dss.validation.SignatureValidationContext | Issuer not found for certificate C-530B1D749BE7AD3A7BB78326B281DBCC5DF6EA5F414A7B29B970B6548B044907 
2023-04-28 11:52:32,122  WARN | pool-3-thread-3 | e.europa.esig.dss.validation.SignatureValidationContext | No revocation found for the certificate C-BED0F19ED46D94900D2A9FCD7C6F660B61FF7588D8B71CF8F279D5FAA3021CCF 
2023-04-28 11:52:32,123  WARN | pool-3-thread-3 | eu.europa.esig.dss.validation.DiagnosticDataBuilder     | Provided CertificateSource configuration contains none of trusted sources of type TRUSTED_STORE or TRUSTED_LIST! 
2023-04-28 11:52:32,123  INFO | pool-3-thread-8 | eu.europa.esig.dss.xades.validation.ManifestValidator   | Validation of the manifest references ... 
2023-04-28 11:52:32,125  INFO | pool-3-thread-11 | eu.europa.esig.dss.xades.validation.ManifestValidator   | Validation of the manifest references ... 
2023-04-28 11:52:32,127  INFO | pool-3-thread-4 | e.europa.esig.dss.validation.CommonCertificateVerifier  | + New CommonCertificateVerifier created. 
2023-04-28 11:52:32,128  INFO | pool-3-thread-16 | eu.europa.esig.dss.validation.AIACertificateSource      | Retrieving C-530B1D749BE7AD3A7BB78326B281DBCC5DF6EA5F414A7B29B970B6548B044907 certificate's issuer using AIA. 
2023-04-28 11:52:32,128  INFO | pool-3-thread-16 | eu.europa.esig.dss.spi.x509.aia.DefaultAIASource        | There is no AIA extension for certificate download. 
2023-04-28 11:52:32,128  WARN | pool-3-thread-16 | e.europa.esig.dss.validation.SignatureValidationContext | POE extraction is skipped for untrusted timestamp : T-26386383378D0C48268DAF57FEFF16A3E7A398A141E3F4EB26079F1DA4959501. 
2023-04-28 11:52:32,129  INFO | pool-3-thread-2 | e.europa.esig.dss.validation.CommonCertificateVerifier  | + New CommonCertificateVerifier created. 
2023-04-28 11:52:32,129  INFO | pool-3-thread-17 | eu.europa.esig.dss.validation.AIACertificateSource      | Retrieving C-530B1D749BE7AD3A7BB78326B281DBCC5DF6EA5F414A7B29B970B6548B044907 certificate's issuer using AIA. 
2023-04-28 11:52:32,129  INFO | pool-3-thread-17 | eu.europa.esig.dss.spi.x509.aia.DefaultAIASource        | There is no AIA extension for certificate download. 
2023-04-28 11:52:32,129  INFO | pool-3-thread-20 | eu.europa.esig.dss.validation.AIACertificateSource      | Retrieving C-530B1D749BE7AD3A7BB78326B281DBCC5DF6EA5F414A7B29B970B6548B044907 certificate's issuer using AIA. 
2023-04-28 11:52:32,130  INFO | pool-3-thread-20 | eu.europa.esig.dss.spi.x509.aia.DefaultAIASource        | There is no AIA extension for certificate download. 
2023-04-28 11:52:32,130  WARN | pool-3-thread-17 | e.europa.esig.dss.validation.SignatureValidationContext | POE extraction is skipped for untrusted timestamp : T-26386383378D0C48268DAF57FEFF16A3E7A398A141E3F4EB26079F1DA4959501. 
2023-04-28 11:52:32,130  WARN | pool-3-thread-20 | e.europa.esig.dss.validation.SignatureValidationContext | POE extraction is skipped for untrusted timestamp : T-26386383378D0C48268DAF57FEFF16A3E7A398A141E3F4EB26079F1DA4959501. 
2023-04-28 11:52:32,133  WARN | pool-3-thread-16 | e.europa.esig.dss.validation.SignatureValidationContext | No revocation found for the certificate C-CF92871488972946BA2863A316F06A75ADDE69F19608DCBEEBA26026CF3A5E12 
2023-04-28 11:52:32,134  WARN | pool-3-thread-16 | e.europa.esig.dss.validation.SignatureValidationContext | No revocation found for the certificate C-40CAF0A89961B3BD99F375518D46AF7EBA9A0A0D15175DB103568030CF7671D8 
2023-04-28 11:52:32,134  WARN | pool-3-thread-17 | e.europa.esig.dss.validation.SignatureValidationContext | No revocation found for the certificate C-CF92871488972946BA2863A316F06A75ADDE69F19608DCBEEBA26026CF3A5E12 
2023-04-28 11:52:32,134  WARN | pool-3-thread-20 | e.europa.esig.dss.validation.SignatureValidationContext | No revocation found for the certificate C-CF92871488972946BA2863A316F06A75ADDE69F19608DCBEEBA26026CF3A5E12 
2023-04-28 11:52:32,135  WARN | pool-3-thread-20 | e.europa.esig.dss.validation.SignatureValidationContext | No revocation found for the certificate C-40CAF0A89961B3BD99F375518D46AF7EBA9A0A0D15175DB103568030CF7671D8 
2023-04-28 11:52:32,135  WARN | pool-3-thread-17 | e.europa.esig.dss.validation.SignatureValidationContext | No revocation found for the certificate C-40CAF0A89961B3BD99F375518D46AF7EBA9A0A0D15175DB103568030CF7671D8 
2023-04-28 11:52:32,136  INFO | pool-3-thread-4 | eu.europa.esig.dss.xades.validation.ManifestValidator   | Validation of the manifest references ... 
2023-04-28 11:52:32,136  WARN | pool-3-thread-16 | e.europa.esig.dss.validation.SignatureValidationContext | Issuer not found for certificate C-530B1D749BE7AD3A7BB78326B281DBCC5DF6EA5F414A7B29B970B6548B044907 
2023-04-28 11:52:32,137  WARN | pool-3-thread-16 | e.europa.esig.dss.validation.SignatureValidationContext | No revocation found for the certificate C-BED0F19ED46D94900D2A9FCD7C6F660B61FF7588D8B71CF8F279D5FAA3021CCF 
2023-04-28 11:52:32,137  INFO | pool-3-thread-14 | e.e.esig.dss.xades.validation.XAdESCertificateSource    | +XAdESCertificateSource 
2023-04-28 11:52:32,137  WARN | pool-3-thread-16 | eu.europa.esig.dss.validation.DiagnosticDataBuilder     | Provided CertificateSource configuration contains none of trusted sources of type TRUSTED_STORE or TRUSTED_LIST! 
2023-04-28 11:52:32,138  WARN | pool-3-thread-20 | e.europa.esig.dss.validation.SignatureValidationContext | Issuer not found for certificate C-530B1D749BE7AD3A7BB78326B281DBCC5DF6EA5F414A7B29B970B6548B044907 
2023-04-28 11:52:32,138  WARN | pool-3-thread-17 | e.europa.esig.dss.validation.SignatureValidationContext | Issuer not found for certificate C-530B1D749BE7AD3A7BB78326B281DBCC5DF6EA5F414A7B29B970B6548B044907 
2023-04-28 11:52:32,138  WARN | pool-3-thread-20 | e.europa.esig.dss.validation.SignatureValidationContext | No revocation found for the certificate C-BED0F19ED46D94900D2A9FCD7C6F660B61FF7588D8B71CF8F279D5FAA3021CCF 
2023-04-28 11:52:32,139  WARN | pool-3-thread-17 | e.europa.esig.dss.validation.SignatureValidationContext | No revocation found for the certificate C-BED0F19ED46D94900D2A9FCD7C6F660B61FF7588D8B71CF8F279D5FAA3021CCF 
2023-04-28 11:52:32,139  WARN | pool-3-thread-20 | eu.europa.esig.dss.validation.DiagnosticDataBuilder     | Provided CertificateSource configuration contains none of trusted sources of type TRUSTED_STORE or TRUSTED_LIST! 
2023-04-28 11:52:32,139  WARN | pool-3-thread-17 | eu.europa.esig.dss.validation.DiagnosticDataBuilder     | Provided CertificateSource configuration contains none of trusted sources of type TRUSTED_STORE or TRUSTED_LIST! 
2023-04-28 11:52:32,146  INFO | pool-3-thread-10 | e.europa.esig.dss.validation.CommonCertificateVerifier  | + New CommonCertificateVerifier created. 
2023-04-28 11:52:32,146  INFO | pool-3-thread-11 | e.e.esig.dss.xades.validation.XAdESCertificateSource    | +XAdESCertificateSource 
2023-04-28 11:52:32,151  INFO | pool-3-thread-10 | eu.europa.esig.dss.validation.AIACertificateSource      | Retrieving C-40CAF0A89961B3BD99F375518D46AF7EBA9A0A0D15175DB103568030CF7671D8 certificate's issuer using AIA. 
2023-04-28 11:52:32,155  INFO | pool-3-thread-2 | eu.europa.esig.dss.validation.AIACertificateSource      | Retrieving C-40CAF0A89961B3BD99F375518D46AF7EBA9A0A0D15175DB103568030CF7671D8 certificate's issuer using AIA. 
2023-04-28 11:52:32,155  INFO | pool-3-thread-6 | e.e.esig.dss.xades.validation.XAdESCertificateSource    | +XAdESCertificateSource 
2023-04-28 11:52:32,158  INFO | pool-3-thread-19 | e.europa.esig.dss.validation.CommonCertificateVerifier  | + New CommonCertificateVerifier created. 
2023-04-28 11:52:32,160  INFO | pool-3-thread-4 | e.e.esig.dss.xades.validation.XAdESCertificateSource    | +XAdESCertificateSource 
2023-04-28 11:52:32,161  INFO | pool-3-thread-19 | eu.europa.esig.dss.validation.AIACertificateSource      | Retrieving C-40CAF0A89961B3BD99F375518D46AF7EBA9A0A0D15175DB103568030CF7671D8 certificate's issuer using AIA. 
2023-04-28 11:52:32,164  INFO | pool-3-thread-8 | e.e.esig.dss.xades.validation.XAdESCertificateSource    | +XAdESCertificateSource 
2023-04-28 11:52:32,166  INFO | pool-3-thread-15 | eu.europa.esig.dss.validation.AIACertificateSource      | Retrieving C-530B1D749BE7AD3A7BB78326B281DBCC5DF6EA5F414A7B29B970B6548B044907 certificate's issuer using AIA. 
2023-04-28 11:52:32,166  INFO | pool-3-thread-15 | eu.europa.esig.dss.spi.x509.aia.DefaultAIASource        | There is no AIA extension for certificate download. 
2023-04-28 11:52:32,167  WARN | pool-3-thread-15 | e.europa.esig.dss.validation.SignatureValidationContext | POE extraction is skipped for untrusted timestamp : T-26386383378D0C48268DAF57FEFF16A3E7A398A141E3F4EB26079F1DA4959501. 
2023-04-28 11:52:32,171  WARN | pool-3-thread-15 | e.europa.esig.dss.validation.SignatureValidationContext | No revocation found for the certificate C-CF92871488972946BA2863A316F06A75ADDE69F19608DCBEEBA26026CF3A5E12 
2023-04-28 11:52:32,172  WARN | pool-3-thread-15 | e.europa.esig.dss.validation.SignatureValidationContext | No revocation found for the certificate C-40CAF0A89961B3BD99F375518D46AF7EBA9A0A0D15175DB103568030CF7671D8 
2023-04-28 11:52:32,172  INFO | pool-3-thread-5 | eu.europa.esig.dss.validation.SignedDocumentValidator   | Document validation... 
2023-04-28 11:52:32,174  INFO | pool-3-thread-11 | e.europa.esig.dss.validation.CommonCertificateVerifier  | + New CommonCertificateVerifier created. 
2023-04-28 11:52:32,175  WARN | pool-3-thread-15 | e.europa.esig.dss.validation.SignatureValidationContext | Issuer not found for certificate C-530B1D749BE7AD3A7BB78326B281DBCC5DF6EA5F414A7B29B970B6548B044907 
2023-04-28 11:52:32,175  WARN | pool-3-thread-15 | e.europa.esig.dss.validation.SignatureValidationContext | No revocation found for the certificate C-BED0F19ED46D94900D2A9FCD7C6F660B61FF7588D8B71CF8F279D5FAA3021CCF 
2023-04-28 11:52:32,176  WARN | pool-3-thread-15 | eu.europa.esig.dss.validation.DiagnosticDataBuilder     | Provided CertificateSource configuration contains none of trusted sources of type TRUSTED_STORE or TRUSTED_LIST! 
2023-04-28 11:52:32,176  INFO | pool-3-thread-1 | e.europa.esig.dss.validation.CommonCertificateVerifier  | + New CommonCertificateVerifier created. 
2023-04-28 11:52:32,176  INFO | pool-3-thread-11 | eu.europa.esig.dss.validation.AIACertificateSource      | Retrieving C-40CAF0A89961B3BD99F375518D46AF7EBA9A0A0D15175DB103568030CF7671D8 certificate's issuer using AIA. 
2023-04-28 11:52:32,177  INFO | pool-3-thread-14 | e.europa.esig.dss.validation.CommonCertificateVerifier  | + New CommonCertificateVerifier created. 
2023-04-28 11:52:32,178  INFO | pool-3-thread-1 | eu.europa.esig.dss.xades.validation.ManifestValidator   | Validation of the manifest references ... 
2023-04-28 11:52:32,179  INFO | pool-3-thread-18 | e.europa.esig.dss.validation.CommonCertificateVerifier  | + New CommonCertificateVerifier created. 
2023-04-28 11:52:32,179  INFO | pool-3-thread-14 | eu.europa.esig.dss.validation.AIACertificateSource      | Retrieving C-40CAF0A89961B3BD99F375518D46AF7EBA9A0A0D15175DB103568030CF7671D8 certificate's issuer using AIA. 
2023-04-28 11:52:32,182  INFO | pool-3-thread-12 | e.europa.esig.dss.validation.CommonCertificateVerifier  | + New CommonCertificateVerifier created. 
2023-04-28 11:52:32,182  INFO | pool-3-thread-18 | eu.europa.esig.dss.validation.AIACertificateSource      | Retrieving C-40CAF0A89961B3BD99F375518D46AF7EBA9A0A0D15175DB103568030CF7671D8 certificate's issuer using AIA. 
2023-04-28 11:52:32,184  INFO | pool-3-thread-12 | eu.europa.esig.dss.xades.validation.ManifestValidator   | Validation of the manifest references ... 
2023-04-28 11:52:32,184  INFO | pool-3-thread-3 | eu.europa.esig.dss.validation.SignedDocumentValidator   | Document validation... 
2023-04-28 11:52:32,187  INFO | pool-3-thread-8 | e.europa.esig.dss.validation.CommonCertificateVerifier  | + New CommonCertificateVerifier created. 
2023-04-28 11:52:32,187  INFO | pool-3-thread-7 | e.e.esig.dss.xades.validation.XAdESCertificateSource    | +XAdESCertificateSource 
2023-04-28 11:52:32,190  INFO | pool-3-thread-8 | eu.europa.esig.dss.validation.AIACertificateSource      | Retrieving C-40CAF0A89961B3BD99F375518D46AF7EBA9A0A0D15175DB103568030CF7671D8 certificate's issuer using AIA. 
2023-04-28 11:52:32,196  INFO | pool-3-thread-1 | e.e.esig.dss.xades.validation.XAdESCertificateSource    | +XAdESCertificateSource 
2023-04-28 11:52:32,209  INFO | pool-3-thread-5 | e.europa.esig.dss.validation.CommonCertificateVerifier  | + New CommonCertificateVerifier created. 
2023-04-28 11:52:32,211  INFO | pool-3-thread-5 | eu.europa.esig.dss.xades.validation.ManifestValidator   | Validation of the manifest references ... 
2023-04-28 11:52:32,213  INFO | pool-3-thread-12 | e.e.esig.dss.xades.validation.XAdESCertificateSource    | +XAdESCertificateSource 
2023-04-28 11:52:32,214  INFO | pool-3-thread-4 | e.europa.esig.dss.validation.CommonCertificateVerifier  | + New CommonCertificateVerifier created. 
2023-04-28 11:52:32,217  INFO | pool-3-thread-4 | eu.europa.esig.dss.validation.AIACertificateSource      | Retrieving C-40CAF0A89961B3BD99F375518D46AF7EBA9A0A0D15175DB103568030CF7671D8 certificate's issuer using AIA. 
2023-04-28 11:52:32,220  INFO | pool-3-thread-13 | eu.europa.esig.dss.validation.SignedDocumentValidator   | Document validation... 
2023-04-28 11:52:32,223  INFO | pool-3-thread-19 | eu.europa.esig.dss.validation.AIACertificateSource      | Retrieving C-530B1D749BE7AD3A7BB78326B281DBCC5DF6EA5F414A7B29B970B6548B044907 certificate's issuer using AIA. 
2023-04-28 11:52:32,223  INFO | pool-3-thread-19 | eu.europa.esig.dss.spi.x509.aia.DefaultAIASource        | There is no AIA extension for certificate download. 
2023-04-28 11:52:32,223  WARN | pool-3-thread-19 | e.europa.esig.dss.validation.SignatureValidationContext | POE extraction is skipped for untrusted timestamp : T-26386383378D0C48268DAF57FEFF16A3E7A398A141E3F4EB26079F1DA4959501. 
2023-04-28 11:52:32,225  INFO | pool-3-thread-5 | e.e.esig.dss.xades.validation.XAdESCertificateSource    | +XAdESCertificateSource 
2023-04-28 11:52:32,227  WARN | pool-3-thread-19 | e.europa.esig.dss.validation.SignatureValidationContext | No revocation found for the certificate C-CF92871488972946BA2863A316F06A75ADDE69F19608DCBEEBA26026CF3A5E12 
2023-04-28 11:52:32,229  WARN | pool-3-thread-19 | e.europa.esig.dss.validation.SignatureValidationContext | No revocation found for the certificate C-40CAF0A89961B3BD99F375518D46AF7EBA9A0A0D15175DB103568030CF7671D8 
2023-04-28 11:52:32,232  WARN | pool-3-thread-19 | e.europa.esig.dss.validation.SignatureValidationContext | Issuer not found for certificate C-530B1D749BE7AD3A7BB78326B281DBCC5DF6EA5F414A7B29B970B6548B044907 
2023-04-28 11:52:32,232  INFO | pool-3-thread-9 | eu.europa.esig.dss.validation.SignedDocumentValidator   | Document validation... 
2023-04-28 11:52:32,233  WARN | pool-3-thread-19 | e.europa.esig.dss.validation.SignatureValidationContext | No revocation found for the certificate C-BED0F19ED46D94900D2A9FCD7C6F660B61FF7588D8B71CF8F279D5FAA3021CCF 
2023-04-28 11:52:32,233  WARN | pool-3-thread-19 | eu.europa.esig.dss.validation.DiagnosticDataBuilder     | Provided CertificateSource configuration contains none of trusted sources of type TRUSTED_STORE or TRUSTED_LIST! 
2023-04-28 11:52:32,233  INFO | pool-3-thread-1 | e.europa.esig.dss.validation.CommonCertificateVerifier  | + New CommonCertificateVerifier created. 
2023-04-28 11:52:32,233  INFO | pool-3-thread-17 | eu.europa.esig.dss.validation.SignedDocumentValidator   | Document validation... 
2023-04-28 11:52:32,234  INFO | pool-3-thread-20 | eu.europa.esig.dss.validation.SignedDocumentValidator   | Document validation... 
2023-04-28 11:52:32,234  INFO | pool-3-thread-3 | e.europa.esig.dss.validation.CommonCertificateVerifier  | + New CommonCertificateVerifier created. 
2023-04-28 11:52:32,235  INFO | pool-3-thread-1 | eu.europa.esig.dss.validation.AIACertificateSource      | Retrieving C-40CAF0A89961B3BD99F375518D46AF7EBA9A0A0D15175DB103568030CF7671D8 certificate's issuer using AIA. 
2023-04-28 11:52:32,237  INFO | pool-3-thread-3 | eu.europa.esig.dss.xades.validation.ManifestValidator   | Validation of the manifest references ... 
2023-04-28 11:52:32,238  INFO | pool-3-thread-10 | eu.europa.esig.dss.validation.AIACertificateSource      | Retrieving C-530B1D749BE7AD3A7BB78326B281DBCC5DF6EA5F414A7B29B970B6548B044907 certificate's issuer using AIA. 
2023-04-28 11:52:32,238  INFO | pool-3-thread-10 | eu.europa.esig.dss.spi.x509.aia.DefaultAIASource        | There is no AIA extension for certificate download. 
2023-04-28 11:52:32,238  INFO | pool-3-thread-13 | e.europa.esig.dss.validation.CommonCertificateVerifier  | + New CommonCertificateVerifier created. 
2023-04-28 11:52:32,238  WARN | pool-3-thread-10 | e.europa.esig.dss.validation.SignatureValidationContext | POE extraction is skipped for untrusted timestamp : T-26386383378D0C48268DAF57FEFF16A3E7A398A141E3F4EB26079F1DA4959501. 
2023-04-28 11:52:32,239  INFO | pool-3-thread-12 | e.europa.esig.dss.validation.CommonCertificateVerifier  | + New CommonCertificateVerifier created. 
2023-04-28 11:52:32,239  INFO | pool-3-thread-5 | e.europa.esig.dss.validation.CommonCertificateVerifier  | + New CommonCertificateVerifier created. 
2023-04-28 11:52:32,240  INFO | pool-3-thread-13 | eu.europa.esig.dss.xades.validation.ManifestValidator   | Validation of the manifest references ... 
2023-04-28 11:52:32,240  INFO | pool-3-thread-16 | eu.europa.esig.dss.validation.SignedDocumentValidator   | Document validation... 
2023-04-28 11:52:32,241  INFO | pool-3-thread-3 | e.e.esig.dss.xades.validation.XAdESCertificateSource    | +XAdESCertificateSource 
2023-04-28 11:52:32,241  INFO | pool-3-thread-12 | eu.europa.esig.dss.validation.AIACertificateSource      | Retrieving C-40CAF0A89961B3BD99F375518D46AF7EBA9A0A0D15175DB103568030CF7671D8 certificate's issuer using AIA. 
2023-04-28 11:52:32,241  INFO | pool-3-thread-5 | eu.europa.esig.dss.validation.AIACertificateSource      | Retrieving C-40CAF0A89961B3BD99F375518D46AF7EBA9A0A0D15175DB103568030CF7671D8 certificate's issuer using AIA. 
2023-04-28 11:52:32,242  WARN | pool-3-thread-10 | e.europa.esig.dss.validation.SignatureValidationContext | No revocation found for the certificate C-CF92871488972946BA2863A316F06A75ADDE69F19608DCBEEBA26026CF3A5E12 
2023-04-28 11:52:32,242  INFO | pool-3-thread-2 | eu.europa.esig.dss.validation.AIACertificateSource      | Retrieving C-530B1D749BE7AD3A7BB78326B281DBCC5DF6EA5F414A7B29B970B6548B044907 certificate's issuer using AIA. 
2023-04-28 11:52:32,242  INFO | pool-3-thread-2 | eu.europa.esig.dss.spi.x509.aia.DefaultAIASource        | There is no AIA extension for certificate download. 
2023-04-28 11:52:32,243  WARN | pool-3-thread-2 | e.europa.esig.dss.validation.SignatureValidationContext | POE extraction is skipped for untrusted timestamp : T-26386383378D0C48268DAF57FEFF16A3E7A398A141E3F4EB26079F1DA4959501. 
2023-04-28 11:52:32,244  WARN | pool-3-thread-10 | e.europa.esig.dss.validation.SignatureValidationContext | No revocation found for the certificate C-40CAF0A89961B3BD99F375518D46AF7EBA9A0A0D15175DB103568030CF7671D8 
2023-04-28 11:52:32,245  INFO | pool-3-thread-13 | e.e.esig.dss.xades.validation.XAdESCertificateSource    | +XAdESCertificateSource 
2023-04-28 11:52:32,246  INFO | pool-3-thread-9 | e.europa.esig.dss.validation.CommonCertificateVerifier  | + New CommonCertificateVerifier created. 
2023-04-28 11:52:32,246  INFO | pool-3-thread-17 | e.europa.esig.dss.validation.CommonCertificateVerifier  | + New CommonCertificateVerifier created. 
2023-04-28 11:52:32,246  WARN | pool-3-thread-10 | e.europa.esig.dss.validation.SignatureValidationContext | Issuer not found for certificate C-530B1D749BE7AD3A7BB78326B281DBCC5DF6EA5F414A7B29B970B6548B044907 
2023-04-28 11:52:32,246  WARN | pool-3-thread-2 | e.europa.esig.dss.validation.SignatureValidationContext | No revocation found for the certificate C-CF92871488972946BA2863A316F06A75ADDE69F19608DCBEEBA26026CF3A5E12 
2023-04-28 11:52:32,247  WARN | pool-3-thread-10 | e.europa.esig.dss.validation.SignatureValidationContext | No revocation found for the certificate C-BED0F19ED46D94900D2A9FCD7C6F660B61FF7588D8B71CF8F279D5FAA3021CCF 
2023-04-28 11:52:32,247  WARN | pool-3-thread-10 | eu.europa.esig.dss.validation.DiagnosticDataBuilder     | Provided CertificateSource configuration contains none of trusted sources of type TRUSTED_STORE or TRUSTED_LIST! 
2023-04-28 11:52:32,248  WARN | pool-3-thread-2 | e.europa.esig.dss.validation.SignatureValidationContext | No revocation found for the certificate C-40CAF0A89961B3BD99F375518D46AF7EBA9A0A0D15175DB103568030CF7671D8 
2023-04-28 11:52:32,249  INFO | pool-3-thread-9 | eu.europa.esig.dss.xades.validation.ManifestValidator   | Validation of the manifest references ... 
2023-04-28 11:52:32,249  INFO | pool-3-thread-17 | eu.europa.esig.dss.xades.validation.ManifestValidator   | Validation of the manifest references ... 
2023-04-28 11:52:32,251  WARN | pool-3-thread-2 | e.europa.esig.dss.validation.SignatureValidationContext | Issuer not found for certificate C-530B1D749BE7AD3A7BB78326B281DBCC5DF6EA5F414A7B29B970B6548B044907 
2023-04-28 11:52:32,251  WARN | pool-3-thread-2 | e.europa.esig.dss.validation.SignatureValidationContext | No revocation found for the certificate C-BED0F19ED46D94900D2A9FCD7C6F660B61FF7588D8B71CF8F279D5FAA3021CCF 
2023-04-28 11:52:32,252  WARN | pool-3-thread-2 | eu.europa.esig.dss.validation.DiagnosticDataBuilder     | Provided CertificateSource configuration contains none of trusted sources of type TRUSTED_STORE or TRUSTED_LIST! 
2023-04-28 11:52:32,255  INFO | pool-3-thread-9 | e.e.esig.dss.xades.validation.XAdESCertificateSource    | +XAdESCertificateSource 
2023-04-28 11:52:32,255  INFO | pool-3-thread-17 | e.e.esig.dss.xades.validation.XAdESCertificateSource    | +XAdESCertificateSource 
2023-04-28 11:52:32,256  INFO | pool-3-thread-11 | eu.europa.esig.dss.validation.AIACertificateSource      | Retrieving C-530B1D749BE7AD3A7BB78326B281DBCC5DF6EA5F414A7B29B970B6548B044907 certificate's issuer using AIA. 
2023-04-28 11:52:32,256  INFO | pool-3-thread-11 | eu.europa.esig.dss.spi.x509.aia.DefaultAIASource        | There is no AIA extension for certificate download. 
2023-04-28 11:52:32,256  INFO | pool-3-thread-20 | e.europa.esig.dss.validation.CommonCertificateVerifier  | + New CommonCertificateVerifier created. 
2023-04-28 11:52:32,256  WARN | pool-3-thread-11 | e.europa.esig.dss.validation.SignatureValidationContext | POE extraction is skipped for untrusted timestamp : T-26386383378D0C48268DAF57FEFF16A3E7A398A141E3F4EB26079F1DA4959501. 
2023-04-28 11:52:32,257  INFO | pool-3-thread-14 | eu.europa.esig.dss.validation.AIACertificateSource      | Retrieving C-530B1D749BE7AD3A7BB78326B281DBCC5DF6EA5F414A7B29B970B6548B044907 certificate's issuer using AIA. 
2023-04-28 11:52:32,257  INFO | pool-3-thread-14 | eu.europa.esig.dss.spi.x509.aia.DefaultAIASource        | There is no AIA extension for certificate download. 
2023-04-28 11:52:32,257  WARN | pool-3-thread-14 | e.europa.esig.dss.validation.SignatureValidationContext | POE extraction is skipped for untrusted timestamp : T-26386383378D0C48268DAF57FEFF16A3E7A398A141E3F4EB26079F1DA4959501. 
2023-04-28 11:52:32,258  INFO | pool-3-thread-20 | eu.europa.esig.dss.xades.validation.ManifestValidator   | Validation of the manifest references ... 
2023-04-28 11:52:32,260  WARN | pool-3-thread-11 | e.europa.esig.dss.validation.SignatureValidationContext | No revocation found for the certificate C-CF92871488972946BA2863A316F06A75ADDE69F19608DCBEEBA26026CF3A5E12 
2023-04-28 11:52:32,261  WARN | pool-3-thread-14 | e.europa.esig.dss.validation.SignatureValidationContext | No revocation found for the certificate C-CF92871488972946BA2863A316F06A75ADDE69F19608DCBEEBA26026CF3A5E12 
2023-04-28 11:52:32,261  WARN | pool-3-thread-11 | e.europa.esig.dss.validation.SignatureValidationContext | No revocation found for the certificate C-40CAF0A89961B3BD99F375518D46AF7EBA9A0A0D15175DB103568030CF7671D8 
2023-04-28 11:52:32,262  INFO | pool-3-thread-20 | e.e.esig.dss.xades.validation.XAdESCertificateSource    | +XAdESCertificateSource 
2023-04-28 11:52:32,262  WARN | pool-3-thread-14 | e.europa.esig.dss.validation.SignatureValidationContext | No revocation found for the certificate C-40CAF0A89961B3BD99F375518D46AF7EBA9A0A0D15175DB103568030CF7671D8 
2023-04-28 11:52:32,264  WARN | pool-3-thread-11 | e.europa.esig.dss.validation.SignatureValidationContext | Issuer not found for certificate C-530B1D749BE7AD3A7BB78326B281DBCC5DF6EA5F414A7B29B970B6548B044907 
2023-04-28 11:52:32,264  WARN | pool-3-thread-11 | e.europa.esig.dss.validation.SignatureValidationContext | No revocation found for the certificate C-BED0F19ED46D94900D2A9FCD7C6F660B61FF7588D8B71CF8F279D5FAA3021CCF 
2023-04-28 11:52:32,265  WARN | pool-3-thread-11 | eu.europa.esig.dss.validation.DiagnosticDataBuilder     | Provided CertificateSource configuration contains none of trusted sources of type TRUSTED_STORE or TRUSTED_LIST! 
2023-04-28 11:52:32,265  WARN | pool-3-thread-14 | e.europa.esig.dss.validation.SignatureValidationContext | Issuer not found for certificate C-530B1D749BE7AD3A7BB78326B281DBCC5DF6EA5F414A7B29B970B6548B044907 
2023-04-28 11:52:32,267  WARN | pool-3-thread-14 | e.europa.esig.dss.validation.SignatureValidationContext | No revocation found for the certificate C-BED0F19ED46D94900D2A9FCD7C6F660B61FF7588D8B71CF8F279D5FAA3021CCF 
2023-04-28 11:52:32,268  WARN | pool-3-thread-14 | eu.europa.esig.dss.validation.DiagnosticDataBuilder     | Provided CertificateSource configuration contains none of trusted sources of type TRUSTED_STORE or TRUSTED_LIST! 
2023-04-28 11:52:32,276  INFO | pool-3-thread-16 | e.europa.esig.dss.validation.CommonCertificateVerifier  | + New CommonCertificateVerifier created. 
2023-04-28 11:52:32,277  INFO | pool-3-thread-9 | e.europa.esig.dss.validation.CommonCertificateVerifier  | + New CommonCertificateVerifier created. 
2023-04-28 11:52:32,279  INFO | pool-3-thread-16 | eu.europa.esig.dss.xades.validation.ManifestValidator   | Validation of the manifest references ... 
2023-04-28 11:52:32,276  INFO | pool-3-thread-17 | e.europa.esig.dss.validation.CommonCertificateVerifier  | + New CommonCertificateVerifier created. 
2023-04-28 11:52:32,281  INFO | pool-3-thread-9 | eu.europa.esig.dss.validation.AIACertificateSource      | Retrieving C-40CAF0A89961B3BD99F375518D46AF7EBA9A0A0D15175DB103568030CF7671D8 certificate's issuer using AIA. 
2023-04-28 11:52:32,283  INFO | pool-3-thread-17 | eu.europa.esig.dss.validation.AIACertificateSource      | Retrieving C-40CAF0A89961B3BD99F375518D46AF7EBA9A0A0D15175DB103568030CF7671D8 certificate's issuer using AIA. 
2023-04-28 11:52:32,284  INFO | pool-3-thread-16 | e.e.esig.dss.xades.validation.XAdESCertificateSource    | +XAdESCertificateSource 
2023-04-28 11:52:32,287  INFO | pool-3-thread-13 | e.europa.esig.dss.validation.CommonCertificateVerifier  | + New CommonCertificateVerifier created. 
2023-04-28 11:52:32,289  INFO | pool-3-thread-13 | eu.europa.esig.dss.validation.AIACertificateSource      | Retrieving C-40CAF0A89961B3BD99F375518D46AF7EBA9A0A0D15175DB103568030CF7671D8 certificate's issuer using AIA. 
2023-04-28 11:52:32,326  INFO | pool-3-thread-1 | eu.europa.esig.dss.validation.AIACertificateSource      | Retrieving C-530B1D749BE7AD3A7BB78326B281DBCC5DF6EA5F414A7B29B970B6548B044907 certificate's issuer using AIA. 
2023-04-28 11:52:32,326  INFO | pool-3-thread-1 | eu.europa.esig.dss.spi.x509.aia.DefaultAIASource        | There is no AIA extension for certificate download. 
2023-04-28 11:52:32,326  INFO | pool-3-thread-5 | eu.europa.esig.dss.validation.AIACertificateSource      | Retrieving C-530B1D749BE7AD3A7BB78326B281DBCC5DF6EA5F414A7B29B970B6548B044907 certificate's issuer using AIA. 
2023-04-28 11:52:32,326  INFO | pool-3-thread-5 | eu.europa.esig.dss.spi.x509.aia.DefaultAIASource        | There is no AIA extension for certificate download. 
2023-04-28 11:52:32,326  WARN | pool-3-thread-1 | e.europa.esig.dss.validation.SignatureValidationContext | POE extraction is skipped for untrusted timestamp : T-26386383378D0C48268DAF57FEFF16A3E7A398A141E3F4EB26079F1DA4959501. 
2023-04-28 11:52:32,327  WARN | pool-3-thread-5 | e.europa.esig.dss.validation.SignatureValidationContext | POE extraction is skipped for untrusted timestamp : T-26386383378D0C48268DAF57FEFF16A3E7A398A141E3F4EB26079F1DA4959501. 
2023-04-28 11:52:32,328  INFO | pool-3-thread-12 | eu.europa.esig.dss.validation.AIACertificateSource      | Retrieving C-530B1D749BE7AD3A7BB78326B281DBCC5DF6EA5F414A7B29B970B6548B044907 certificate's issuer using AIA. 
2023-04-28 11:52:32,328  INFO | pool-3-thread-12 | eu.europa.esig.dss.spi.x509.aia.DefaultAIASource        | There is no AIA extension for certificate download. 
2023-04-28 11:52:32,329  WARN | pool-3-thread-12 | e.europa.esig.dss.validation.SignatureValidationContext | POE extraction is skipped for untrusted timestamp : T-26386383378D0C48268DAF57FEFF16A3E7A398A141E3F4EB26079F1DA4959501. 
2023-04-28 11:52:32,329  INFO | pool-3-thread-19 | eu.europa.esig.dss.validation.SignedDocumentValidator   | Document validation... 
2023-04-28 11:52:32,329  INFO | pool-3-thread-8 | eu.europa.esig.dss.validation.AIACertificateSource      | Retrieving C-530B1D749BE7AD3A7BB78326B281DBCC5DF6EA5F414A7B29B970B6548B044907 certificate's issuer using AIA. 
2023-04-28 11:52:32,329  INFO | pool-3-thread-8 | eu.europa.esig.dss.spi.x509.aia.DefaultAIASource        | There is no AIA extension for certificate download. 
2023-04-28 11:52:32,329  WARN | pool-3-thread-8 | e.europa.esig.dss.validation.SignatureValidationContext | POE extraction is skipped for untrusted timestamp : T-26386383378D0C48268DAF57FEFF16A3E7A398A141E3F4EB26079F1DA4959501. 
2023-04-28 11:52:32,330  WARN | pool-3-thread-1 | e.europa.esig.dss.validation.SignatureValidationContext | No revocation found for the certificate C-CF92871488972946BA2863A316F06A75ADDE69F19608DCBEEBA26026CF3A5E12 
2023-04-28 11:52:32,330  WARN | pool-3-thread-5 | e.europa.esig.dss.validation.SignatureValidationContext | No revocation found for the certificate C-CF92871488972946BA2863A316F06A75ADDE69F19608DCBEEBA26026CF3A5E12 
2023-04-28 11:52:32,332  WARN | pool-3-thread-5 | e.europa.esig.dss.validation.SignatureValidationContext | No revocation found for the certificate C-40CAF0A89961B3BD99F375518D46AF7EBA9A0A0D15175DB103568030CF7671D8 
2023-04-28 11:52:32,332  INFO | pool-3-thread-18 | eu.europa.esig.dss.validation.AIACertificateSource      | Retrieving C-530B1D749BE7AD3A7BB78326B281DBCC5DF6EA5F414A7B29B970B6548B044907 certificate's issuer using AIA. 
2023-04-28 11:52:32,332  INFO | pool-3-thread-18 | eu.europa.esig.dss.spi.x509.aia.DefaultAIASource        | There is no AIA extension for certificate download. 
2023-04-28 11:52:32,332  WARN | pool-3-thread-1 | e.europa.esig.dss.validation.SignatureValidationContext | No revocation found for the certificate C-40CAF0A89961B3BD99F375518D46AF7EBA9A0A0D15175DB103568030CF7671D8 
2023-04-28 11:52:32,332  WARN | pool-3-thread-12 | e.europa.esig.dss.validation.SignatureValidationContext | No revocation found for the certificate C-CF92871488972946BA2863A316F06A75ADDE69F19608DCBEEBA26026CF3A5E12 
2023-04-28 11:52:32,333  WARN | pool-3-thread-18 | e.europa.esig.dss.validation.SignatureValidationContext | POE extraction is skipped for untrusted timestamp : T-26386383378D0C48268DAF57FEFF16A3E7A398A141E3F4EB26079F1DA4959501. 
2023-04-28 11:52:32,333  WARN | pool-3-thread-8 | e.europa.esig.dss.validation.SignatureValidationContext | No revocation found for the certificate C-CF92871488972946BA2863A316F06A75ADDE69F19608DCBEEBA26026CF3A5E12 
2023-04-28 11:52:32,334  WARN | pool-3-thread-12 | e.europa.esig.dss.validation.SignatureValidationContext | No revocation found for the certificate C-40CAF0A89961B3BD99F375518D46AF7EBA9A0A0D15175DB103568030CF7671D8 
2023-04-28 11:52:32,335  WARN | pool-3-thread-5 | e.europa.esig.dss.validation.SignatureValidationContext | Issuer not found for certificate C-530B1D749BE7AD3A7BB78326B281DBCC5DF6EA5F414A7B29B970B6548B044907 
2023-04-28 11:52:32,335  WARN | pool-3-thread-8 | e.europa.esig.dss.validation.SignatureValidationContext | No revocation found for the certificate C-40CAF0A89961B3BD99F375518D46AF7EBA9A0A0D15175DB103568030CF7671D8 
2023-04-28 11:52:32,335  WARN | pool-3-thread-5 | e.europa.esig.dss.validation.SignatureValidationContext | No revocation found for the certificate C-BED0F19ED46D94900D2A9FCD7C6F660B61FF7588D8B71CF8F279D5FAA3021CCF 
2023-04-28 11:52:32,335  WARN | pool-3-thread-1 | e.europa.esig.dss.validation.SignatureValidationContext | Issuer not found for certificate C-530B1D749BE7AD3A7BB78326B281DBCC5DF6EA5F414A7B29B970B6548B044907 
2023-04-28 11:52:32,335  WARN | pool-3-thread-5 | eu.europa.esig.dss.validation.DiagnosticDataBuilder     | Provided CertificateSource configuration contains none of trusted sources of type TRUSTED_STORE or TRUSTED_LIST! 
2023-04-28 11:52:32,336  WARN | pool-3-thread-1 | e.europa.esig.dss.validation.SignatureValidationContext | No revocation found for the certificate C-BED0F19ED46D94900D2A9FCD7C6F660B61FF7588D8B71CF8F279D5FAA3021CCF 
2023-04-28 11:52:32,336  WARN | pool-3-thread-1 | eu.europa.esig.dss.validation.DiagnosticDataBuilder     | Provided CertificateSource configuration contains none of trusted sources of type TRUSTED_STORE or TRUSTED_LIST! 
2023-04-28 11:52:32,336  WARN | pool-3-thread-18 | e.europa.esig.dss.validation.SignatureValidationContext | No revocation found for the certificate C-CF92871488972946BA2863A316F06A75ADDE69F19608DCBEEBA26026CF3A5E12 
2023-04-28 11:52:32,336  WARN | pool-3-thread-12 | e.europa.esig.dss.validation.SignatureValidationContext | Issuer not found for certificate C-530B1D749BE7AD3A7BB78326B281DBCC5DF6EA5F414A7B29B970B6548B044907 
2023-04-28 11:52:32,337  WARN | pool-3-thread-12 | e.europa.esig.dss.validation.SignatureValidationContext | No revocation found for the certificate C-BED0F19ED46D94900D2A9FCD7C6F660B61FF7588D8B71CF8F279D5FAA3021CCF 
2023-04-28 11:52:32,337  WARN | pool-3-thread-8 | e.europa.esig.dss.validation.SignatureValidationContext | Issuer not found for certificate C-530B1D749BE7AD3A7BB78326B281DBCC5DF6EA5F414A7B29B970B6548B044907 
2023-04-28 11:52:32,337  WARN | pool-3-thread-12 | eu.europa.esig.dss.validation.DiagnosticDataBuilder     | Provided CertificateSource configuration contains none of trusted sources of type TRUSTED_STORE or TRUSTED_LIST! 
2023-04-28 11:52:32,338  WARN | pool-3-thread-8 | e.europa.esig.dss.validation.SignatureValidationContext | No revocation found for the certificate C-BED0F19ED46D94900D2A9FCD7C6F660B61FF7588D8B71CF8F279D5FAA3021CCF 
2023-04-28 11:52:32,338  WARN | pool-3-thread-18 | e.europa.esig.dss.validation.SignatureValidationContext | No revocation found for the certificate C-40CAF0A89961B3BD99F375518D46AF7EBA9A0A0D15175DB103568030CF7671D8 
2023-04-28 11:52:32,338  WARN | pool-3-thread-8 | eu.europa.esig.dss.validation.DiagnosticDataBuilder     | Provided CertificateSource configuration contains none of trusted sources of type TRUSTED_STORE or TRUSTED_LIST! 
2023-04-28 11:52:32,339  INFO | pool-3-thread-7 | e.europa.esig.dss.validation.CommonCertificateVerifier  | + New CommonCertificateVerifier created. 
2023-04-28 11:52:32,340  WARN | pool-3-thread-18 | e.europa.esig.dss.validation.SignatureValidationContext | Issuer not found for certificate C-530B1D749BE7AD3A7BB78326B281DBCC5DF6EA5F414A7B29B970B6548B044907 
2023-04-28 11:52:32,341  WARN | pool-3-thread-18 | e.europa.esig.dss.validation.SignatureValidationContext | No revocation found for the certificate C-BED0F19ED46D94900D2A9FCD7C6F660B61FF7588D8B71CF8F279D5FAA3021CCF 
2023-04-28 11:52:32,341  WARN | pool-3-thread-18 | eu.europa.esig.dss.validation.DiagnosticDataBuilder     | Provided CertificateSource configuration contains none of trusted sources of type TRUSTED_STORE or TRUSTED_LIST! 
2023-04-28 11:52:32,341  INFO | pool-3-thread-6 | e.europa.esig.dss.validation.CommonCertificateVerifier  | + New CommonCertificateVerifier created. 
2023-04-28 11:52:32,345  INFO | pool-3-thread-7 | eu.europa.esig.dss.validation.AIACertificateSource      | Retrieving C-40CAF0A89961B3BD99F375518D46AF7EBA9A0A0D15175DB103568030CF7671D8 certificate's issuer using AIA. 
2023-04-28 11:52:32,353  INFO | pool-3-thread-6 | eu.europa.esig.dss.validation.AIACertificateSource      | Retrieving C-40CAF0A89961B3BD99F375518D46AF7EBA9A0A0D15175DB103568030CF7671D8 certificate's issuer using AIA. 
2023-04-28 11:52:32,356  INFO | pool-3-thread-14 | eu.europa.esig.dss.validation.SignedDocumentValidator   | Document validation... 
2023-04-28 11:52:32,360  INFO | pool-3-thread-3 | e.europa.esig.dss.validation.CommonCertificateVerifier  | + New CommonCertificateVerifier created. 
2023-04-28 11:52:32,362  INFO | pool-3-thread-16 | e.europa.esig.dss.validation.CommonCertificateVerifier  | + New CommonCertificateVerifier created. 
2023-04-28 11:52:32,363  INFO | pool-3-thread-3 | eu.europa.esig.dss.validation.AIACertificateSource      | Retrieving C-40CAF0A89961B3BD99F375518D46AF7EBA9A0A0D15175DB103568030CF7671D8 certificate's issuer using AIA. 
2023-04-28 11:52:32,363  INFO | pool-3-thread-15 | eu.europa.esig.dss.validation.SignedDocumentValidator   | Document validation... 
2023-04-28 11:52:32,364  INFO | pool-3-thread-14 | e.europa.esig.dss.validation.CommonCertificateVerifier  | + New CommonCertificateVerifier created. 
2023-04-28 11:52:32,364  INFO | pool-3-thread-16 | eu.europa.esig.dss.validation.AIACertificateSource      | Retrieving C-40CAF0A89961B3BD99F375518D46AF7EBA9A0A0D15175DB103568030CF7671D8 certificate's issuer using AIA. 
2023-04-28 11:52:32,369  INFO | pool-3-thread-14 | eu.europa.esig.dss.xades.validation.ManifestValidator   | Validation of the manifest references ... 
2023-04-28 11:52:32,372  INFO | pool-3-thread-2 | eu.europa.esig.dss.validation.SignedDocumentValidator   | Document validation... 
2023-04-28 11:52:32,373  INFO | pool-3-thread-20 | e.europa.esig.dss.validation.CommonCertificateVerifier  | + New CommonCertificateVerifier created. 
2023-04-28 11:52:32,374  INFO | pool-3-thread-19 | e.europa.esig.dss.validation.CommonCertificateVerifier  | + New CommonCertificateVerifier created. 
2023-04-28 11:52:32,375  INFO | pool-3-thread-20 | eu.europa.esig.dss.validation.AIACertificateSource      | Retrieving C-40CAF0A89961B3BD99F375518D46AF7EBA9A0A0D15175DB103568030CF7671D8 certificate's issuer using AIA. 
2023-04-28 11:52:32,377  INFO | pool-3-thread-19 | eu.europa.esig.dss.xades.validation.ManifestValidator   | Validation of the manifest references ... 
2023-04-28 11:52:32,380  INFO | pool-3-thread-15 | e.europa.esig.dss.validation.CommonCertificateVerifier  | + New CommonCertificateVerifier created. 
2023-04-28 11:52:32,385  INFO | pool-3-thread-4 | eu.europa.esig.dss.validation.AIACertificateSource      | Retrieving C-530B1D749BE7AD3A7BB78326B281DBCC5DF6EA5F414A7B29B970B6548B044907 certificate's issuer using AIA. 
2023-04-28 11:52:32,385  INFO | pool-3-thread-4 | eu.europa.esig.dss.spi.x509.aia.DefaultAIASource        | There is no AIA extension for certificate download. 
2023-04-28 11:52:32,386  WARN | pool-3-thread-4 | e.europa.esig.dss.validation.SignatureValidationContext | POE extraction is skipped for untrusted timestamp : T-26386383378D0C48268DAF57FEFF16A3E7A398A141E3F4EB26079F1DA4959501. 
2023-04-28 11:52:32,390  WARN | pool-3-thread-4 | e.europa.esig.dss.validation.SignatureValidationContext | No revocation found for the certificate C-CF92871488972946BA2863A316F06A75ADDE69F19608DCBEEBA26026CF3A5E12 
2023-04-28 11:52:32,390  INFO | pool-3-thread-17 | eu.europa.esig.dss.validation.AIACertificateSource      | Retrieving C-530B1D749BE7AD3A7BB78326B281DBCC5DF6EA5F414A7B29B970B6548B044907 certificate's issuer using AIA. 
2023-04-28 11:52:32,390  INFO | pool-3-thread-17 | eu.europa.esig.dss.spi.x509.aia.DefaultAIASource        | There is no AIA extension for certificate download. 
2023-04-28 11:52:32,391  INFO | pool-3-thread-15 | eu.europa.esig.dss.xades.validation.ManifestValidator   | Validation of the manifest references ... 
2023-04-28 11:52:32,391  INFO | pool-3-thread-9 | eu.europa.esig.dss.validation.AIACertificateSource      | Retrieving C-530B1D749BE7AD3A7BB78326B281DBCC5DF6EA5F414A7B29B970B6548B044907 certificate's issuer using AIA. 
2023-04-28 11:52:32,391  INFO | pool-3-thread-9 | eu.europa.esig.dss.spi.x509.aia.DefaultAIASource        | There is no AIA extension for certificate download. 
2023-04-28 11:52:32,391  WARN | pool-3-thread-17 | e.europa.esig.dss.validation.SignatureValidationContext | POE extraction is skipped for untrusted timestamp : T-26386383378D0C48268DAF57FEFF16A3E7A398A141E3F4EB26079F1DA4959501. 
2023-04-28 11:52:32,391  WARN | pool-3-thread-9 | e.europa.esig.dss.validation.SignatureValidationContext | POE extraction is skipped for untrusted timestamp : T-26386383378D0C48268DAF57FEFF16A3E7A398A141E3F4EB26079F1DA4959501. 
2023-04-28 11:52:32,391  WARN | pool-3-thread-4 | e.europa.esig.dss.validation.SignatureValidationContext | No revocation found for the certificate C-40CAF0A89961B3BD99F375518D46AF7EBA9A0A0D15175DB103568030CF7671D8 
2023-04-28 11:52:32,392  INFO | pool-3-thread-2 | e.europa.esig.dss.validation.CommonCertificateVerifier  | + New CommonCertificateVerifier created. 
2023-04-28 11:52:32,393  INFO | pool-3-thread-2 | eu.europa.esig.dss.xades.validation.ManifestValidator   | Validation of the manifest references ... 
2023-04-28 11:52:32,394  WARN | pool-3-thread-4 | e.europa.esig.dss.validation.SignatureValidationContext | Issuer not found for certificate C-530B1D749BE7AD3A7BB78326B281DBCC5DF6EA5F414A7B29B970B6548B044907 
2023-04-28 11:52:32,395  WARN | pool-3-thread-4 | e.europa.esig.dss.validation.SignatureValidationContext | No revocation found for the certificate C-BED0F19ED46D94900D2A9FCD7C6F660B61FF7588D8B71CF8F279D5FAA3021CCF 
2023-04-28 11:52:32,395  WARN | pool-3-thread-17 | e.europa.esig.dss.validation.SignatureValidationContext | No revocation found for the certificate C-CF92871488972946BA2863A316F06A75ADDE69F19608DCBEEBA26026CF3A5E12 
2023-04-28 11:52:32,395  WARN | pool-3-thread-9 | e.europa.esig.dss.validation.SignatureValidationContext | No revocation found for the certificate C-CF92871488972946BA2863A316F06A75ADDE69F19608DCBEEBA26026CF3A5E12 
2023-04-28 11:52:32,395  WARN | pool-3-thread-4 | eu.europa.esig.dss.validation.DiagnosticDataBuilder     | Provided CertificateSource configuration contains none of trusted sources of type TRUSTED_STORE or TRUSTED_LIST! 
2023-04-28 11:52:32,396  WARN | pool-3-thread-17 | e.europa.esig.dss.validation.SignatureValidationContext | No revocation found for the certificate C-40CAF0A89961B3BD99F375518D46AF7EBA9A0A0D15175DB103568030CF7671D8 
2023-04-28 11:52:32,396  WARN | pool-3-thread-9 | e.europa.esig.dss.validation.SignatureValidationContext | No revocation found for the certificate C-40CAF0A89961B3BD99F375518D46AF7EBA9A0A0D15175DB103568030CF7671D8 
2023-04-28 11:52:32,399  WARN | pool-3-thread-17 | e.europa.esig.dss.validation.SignatureValidationContext | Issuer not found for certificate C-530B1D749BE7AD3A7BB78326B281DBCC5DF6EA5F414A7B29B970B6548B044907 
2023-04-28 11:52:32,399  WARN | pool-3-thread-9 | e.europa.esig.dss.validation.SignatureValidationContext | Issuer not found for certificate C-530B1D749BE7AD3A7BB78326B281DBCC5DF6EA5F414A7B29B970B6548B044907 
2023-04-28 11:52:32,400  WARN | pool-3-thread-9 | e.europa.esig.dss.validation.SignatureValidationContext | No revocation found for the certificate C-BED0F19ED46D94900D2A9FCD7C6F660B61FF7588D8B71CF8F279D5FAA3021CCF 
2023-04-28 11:52:32,400  WARN | pool-3-thread-9 | eu.europa.esig.dss.validation.DiagnosticDataBuilder     | Provided CertificateSource configuration contains none of trusted sources of type TRUSTED_STORE or TRUSTED_LIST! 
2023-04-28 11:52:32,399  WARN | pool-3-thread-17 | e.europa.esig.dss.validation.SignatureValidationContext | No revocation found for the certificate C-BED0F19ED46D94900D2A9FCD7C6F660B61FF7588D8B71CF8F279D5FAA3021CCF 
2023-04-28 11:52:32,401  WARN | pool-3-thread-17 | eu.europa.esig.dss.validation.DiagnosticDataBuilder     | Provided CertificateSource configuration contains none of trusted sources of type TRUSTED_STORE or TRUSTED_LIST! 
2023-04-28 11:52:32,404  INFO | pool-3-thread-11 | eu.europa.esig.dss.validation.SignedDocumentValidator   | Document validation... 
2023-04-28 11:52:32,409  INFO | pool-3-thread-11 | e.europa.esig.dss.validation.CommonCertificateVerifier  | + New CommonCertificateVerifier created. 
2023-04-28 11:52:32,412  INFO | pool-3-thread-11 | eu.europa.esig.dss.xades.validation.ManifestValidator   | Validation of the manifest references ... 
2023-04-28 11:52:32,453  INFO | pool-3-thread-6 | eu.europa.esig.dss.validation.AIACertificateSource      | Retrieving C-530B1D749BE7AD3A7BB78326B281DBCC5DF6EA5F414A7B29B970B6548B044907 certificate's issuer using AIA. 
2023-04-28 11:52:32,453  INFO | pool-3-thread-13 | eu.europa.esig.dss.validation.AIACertificateSource      | Retrieving C-530B1D749BE7AD3A7BB78326B281DBCC5DF6EA5F414A7B29B970B6548B044907 certificate's issuer using AIA. 
2023-04-28 11:52:32,453  INFO | pool-3-thread-6 | eu.europa.esig.dss.spi.x509.aia.DefaultAIASource        | There is no AIA extension for certificate download. 
2023-04-28 11:52:32,453  INFO | pool-3-thread-13 | eu.europa.esig.dss.spi.x509.aia.DefaultAIASource        | There is no AIA extension for certificate download. 
2023-04-28 11:52:32,453  WARN | pool-3-thread-6 | e.europa.esig.dss.validation.SignatureValidationContext | POE extraction is skipped for untrusted timestamp : T-26386383378D0C48268DAF57FEFF16A3E7A398A141E3F4EB26079F1DA4959501. 
2023-04-28 11:52:32,453  WARN | pool-3-thread-13 | e.europa.esig.dss.validation.SignatureValidationContext | POE extraction is skipped for untrusted timestamp : T-26386383378D0C48268DAF57FEFF16A3E7A398A141E3F4EB26079F1DA4959501. 
2023-04-28 11:52:32,457  WARN | pool-3-thread-13 | e.europa.esig.dss.validation.SignatureValidationContext | No revocation found for the certificate C-CF92871488972946BA2863A316F06A75ADDE69F19608DCBEEBA26026CF3A5E12 
2023-04-28 11:52:32,457  WARN | pool-3-thread-6 | e.europa.esig.dss.validation.SignatureValidationContext | No revocation found for the certificate C-CF92871488972946BA2863A316F06A75ADDE69F19608DCBEEBA26026CF3A5E12 
2023-04-28 11:52:32,459  WARN | pool-3-thread-13 | e.europa.esig.dss.validation.SignatureValidationContext | No revocation found for the certificate C-40CAF0A89961B3BD99F375518D46AF7EBA9A0A0D15175DB103568030CF7671D8 
2023-04-28 11:52:32,459  WARN | pool-3-thread-6 | e.europa.esig.dss.validation.SignatureValidationContext | No revocation found for the certificate C-40CAF0A89961B3BD99F375518D46AF7EBA9A0A0D15175DB103568030CF7671D8 
2023-04-28 11:52:32,461  WARN | pool-3-thread-13 | e.europa.esig.dss.validation.SignatureValidationContext | Issuer not found for certificate C-530B1D749BE7AD3A7BB78326B281DBCC5DF6EA5F414A7B29B970B6548B044907 
2023-04-28 11:52:32,461  INFO | pool-3-thread-9 | eu.europa.esig.dss.validation.SignedDocumentValidator   | Document validation... 
2023-04-28 11:52:32,461  INFO | pool-3-thread-17 | eu.europa.esig.dss.validation.SignedDocumentValidator   | Document validation... 
2023-04-28 11:52:32,461  INFO | pool-3-thread-18 | eu.europa.esig.dss.validation.SignedDocumentValidator   | Document validation... 
2023-04-28 11:52:32,461  WARN | pool-3-thread-6 | e.europa.esig.dss.validation.SignatureValidationContext | Issuer not found for certificate C-530B1D749BE7AD3A7BB78326B281DBCC5DF6EA5F414A7B29B970B6548B044907 
2023-04-28 11:52:32,461  WARN | pool-3-thread-13 | e.europa.esig.dss.validation.SignatureValidationContext | No revocation found for the certificate C-BED0F19ED46D94900D2A9FCD7C6F660B61FF7588D8B71CF8F279D5FAA3021CCF 
2023-04-28 11:52:32,462  WARN | pool-3-thread-6 | e.europa.esig.dss.validation.SignatureValidationContext | No revocation found for the certificate C-BED0F19ED46D94900D2A9FCD7C6F660B61FF7588D8B71CF8F279D5FAA3021CCF 
2023-04-28 11:52:32,462  WARN | pool-3-thread-13 | eu.europa.esig.dss.validation.DiagnosticDataBuilder     | Provided CertificateSource configuration contains none of trusted sources of type TRUSTED_STORE or TRUSTED_LIST! 
2023-04-28 11:52:32,462  WARN | pool-3-thread-6 | eu.europa.esig.dss.validation.DiagnosticDataBuilder     | Provided CertificateSource configuration contains none of trusted sources of type TRUSTED_STORE or TRUSTED_LIST! 
2023-04-28 11:52:32,467  INFO | pool-3-thread-9 | e.europa.esig.dss.validation.CommonCertificateVerifier  | + New CommonCertificateVerifier created. 
2023-04-28 11:52:32,467  INFO | pool-3-thread-17 | e.europa.esig.dss.validation.CommonCertificateVerifier  | + New CommonCertificateVerifier created. 
2023-04-28 11:52:32,468  INFO | pool-3-thread-18 | e.europa.esig.dss.validation.CommonCertificateVerifier  | + New CommonCertificateVerifier created. 
2023-04-28 11:52:32,471  INFO | pool-3-thread-17 | eu.europa.esig.dss.xades.validation.ManifestValidator   | Validation of the manifest references ... 
2023-04-28 11:52:32,471  INFO | pool-3-thread-9 | eu.europa.esig.dss.xades.validation.ManifestValidator   | Validation of the manifest references ... 
2023-04-28 11:52:32,471  INFO | pool-3-thread-18 | eu.europa.esig.dss.xades.validation.ManifestValidator   | Validation of the manifest references ... 
2023-04-28 11:52:32,475  INFO | pool-3-thread-1 | eu.europa.esig.dss.validation.SignedDocumentValidator   | Document validation... 
2023-04-28 11:52:32,476  INFO | pool-3-thread-3 | eu.europa.esig.dss.validation.AIACertificateSource      | Retrieving C-530B1D749BE7AD3A7BB78326B281DBCC5DF6EA5F414A7B29B970B6548B044907 certificate's issuer using AIA. 
2023-04-28 11:52:32,476  INFO | pool-3-thread-3 | eu.europa.esig.dss.spi.x509.aia.DefaultAIASource        | There is no AIA extension for certificate download. 
2023-04-28 11:52:32,477  WARN | pool-3-thread-3 | e.europa.esig.dss.validation.SignatureValidationContext | POE extraction is skipped for untrusted timestamp : T-26386383378D0C48268DAF57FEFF16A3E7A398A141E3F4EB26079F1DA4959501. 
2023-04-28 11:52:32,481  INFO | pool-3-thread-1 | e.europa.esig.dss.validation.CommonCertificateVerifier  | + New CommonCertificateVerifier created. 
2023-04-28 11:52:32,481  WARN | pool-3-thread-3 | e.europa.esig.dss.validation.SignatureValidationContext | No revocation found for the certificate C-CF92871488972946BA2863A316F06A75ADDE69F19608DCBEEBA26026CF3A5E12 
2023-04-28 11:52:32,483  WARN | pool-3-thread-3 | e.europa.esig.dss.validation.SignatureValidationContext | No revocation found for the certificate C-40CAF0A89961B3BD99F375518D46AF7EBA9A0A0D15175DB103568030CF7671D8 
2023-04-28 11:52:32,484  INFO | pool-3-thread-16 | eu.europa.esig.dss.validation.AIACertificateSource      | Retrieving C-530B1D749BE7AD3A7BB78326B281DBCC5DF6EA5F414A7B29B970B6548B044907 certificate's issuer using AIA. 
2023-04-28 11:52:32,484  INFO | pool-3-thread-16 | eu.europa.esig.dss.spi.x509.aia.DefaultAIASource        | There is no AIA extension for certificate download. 
2023-04-28 11:52:32,485  INFO | pool-3-thread-1 | eu.europa.esig.dss.xades.validation.ManifestValidator   | Validation of the manifest references ... 
2023-04-28 11:52:32,485  WARN | pool-3-thread-16 | e.europa.esig.dss.validation.SignatureValidationContext | POE extraction is skipped for untrusted timestamp : T-26386383378D0C48268DAF57FEFF16A3E7A398A141E3F4EB26079F1DA4959501. 
2023-04-28 11:52:32,486  WARN | pool-3-thread-3 | e.europa.esig.dss.validation.SignatureValidationContext | Issuer not found for certificate C-530B1D749BE7AD3A7BB78326B281DBCC5DF6EA5F414A7B29B970B6548B044907 
2023-04-28 11:52:32,486  WARN | pool-3-thread-3 | e.europa.esig.dss.validation.SignatureValidationContext | No revocation found for the certificate C-BED0F19ED46D94900D2A9FCD7C6F660B61FF7588D8B71CF8F279D5FAA3021CCF 
2023-04-28 11:52:32,486  WARN | pool-3-thread-3 | eu.europa.esig.dss.validation.DiagnosticDataBuilder     | Provided CertificateSource configuration contains none of trusted sources of type TRUSTED_STORE or TRUSTED_LIST! 
2023-04-28 11:52:32,489  WARN | pool-3-thread-16 | e.europa.esig.dss.validation.SignatureValidationContext | No revocation found for the certificate C-CF92871488972946BA2863A316F06A75ADDE69F19608DCBEEBA26026CF3A5E12 
2023-04-28 11:52:32,489  INFO | pool-3-thread-6 | eu.europa.esig.dss.validation.SignedDocumentValidator   | Document validation... 
2023-04-28 11:52:32,490  WARN | pool-3-thread-16 | e.europa.esig.dss.validation.SignatureValidationContext | No revocation found for the certificate C-40CAF0A89961B3BD99F375518D46AF7EBA9A0A0D15175DB103568030CF7671D8 
2023-04-28 11:52:32,491  INFO | pool-3-thread-4 | eu.europa.esig.dss.validation.SignedDocumentValidator   | Document validation... 
2023-04-28 11:52:32,492  WARN | pool-3-thread-16 | e.europa.esig.dss.validation.SignatureValidationContext | Issuer not found for certificate C-530B1D749BE7AD3A7BB78326B281DBCC5DF6EA5F414A7B29B970B6548B044907 
2023-04-28 11:52:32,493  INFO | pool-3-thread-20 | eu.europa.esig.dss.validation.AIACertificateSource      | Retrieving C-530B1D749BE7AD3A7BB78326B281DBCC5DF6EA5F414A7B29B970B6548B044907 certificate's issuer using AIA. 
2023-04-28 11:52:32,493  INFO | pool-3-thread-20 | eu.europa.esig.dss.spi.x509.aia.DefaultAIASource        | There is no AIA extension for certificate download. 
2023-04-28 11:52:32,493  WARN | pool-3-thread-16 | e.europa.esig.dss.validation.SignatureValidationContext | No revocation found for the certificate C-BED0F19ED46D94900D2A9FCD7C6F660B61FF7588D8B71CF8F279D5FAA3021CCF 
2023-04-28 11:52:32,493  WARN | pool-3-thread-16 | eu.europa.esig.dss.validation.DiagnosticDataBuilder     | Provided CertificateSource configuration contains none of trusted sources of type TRUSTED_STORE or TRUSTED_LIST! 
2023-04-28 11:52:32,493  WARN | pool-3-thread-20 | e.europa.esig.dss.validation.SignatureValidationContext | POE extraction is skipped for untrusted timestamp : T-26386383378D0C48268DAF57FEFF16A3E7A398A141E3F4EB26079F1DA4959501. 
2023-04-28 11:52:32,495  INFO | pool-3-thread-7 | eu.europa.esig.dss.validation.AIACertificateSource      | Retrieving C-530B1D749BE7AD3A7BB78326B281DBCC5DF6EA5F414A7B29B970B6548B044907 certificate's issuer using AIA. 
2023-04-28 11:52:32,495  INFO | pool-3-thread-7 | eu.europa.esig.dss.spi.x509.aia.DefaultAIASource        | There is no AIA extension for certificate download. 
2023-04-28 11:52:32,495  WARN | pool-3-thread-7 | e.europa.esig.dss.validation.SignatureValidationContext | POE extraction is skipped for untrusted timestamp : T-26386383378D0C48268DAF57FEFF16A3E7A398A141E3F4EB26079F1DA4959501. 
2023-04-28 11:52:32,497  INFO | pool-3-thread-4 | e.europa.esig.dss.validation.CommonCertificateVerifier  | + New CommonCertificateVerifier created. 
2023-04-28 11:52:32,497  WARN | pool-3-thread-20 | e.europa.esig.dss.validation.SignatureValidationContext | No revocation found for the certificate C-CF92871488972946BA2863A316F06A75ADDE69F19608DCBEEBA26026CF3A5E12 
2023-04-28 11:52:32,499  WARN | pool-3-thread-20 | e.europa.esig.dss.validation.SignatureValidationContext | No revocation found for the certificate C-40CAF0A89961B3BD99F375518D46AF7EBA9A0A0D15175DB103568030CF7671D8 
2023-04-28 11:52:32,499  INFO | pool-3-thread-4 | eu.europa.esig.dss.xades.validation.ManifestValidator   | Validation of the manifest references ... 
2023-04-28 11:52:32,500  WARN | pool-3-thread-7 | e.europa.esig.dss.validation.SignatureValidationContext | No revocation found for the certificate C-CF92871488972946BA2863A316F06A75ADDE69F19608DCBEEBA26026CF3A5E12 
2023-04-28 11:52:32,501  INFO | pool-3-thread-6 | e.europa.esig.dss.validation.CommonCertificateVerifier  | + New CommonCertificateVerifier created. 
2023-04-28 11:52:32,502  WARN | pool-3-thread-7 | e.europa.esig.dss.validation.SignatureValidationContext | No revocation found for the certificate C-40CAF0A89961B3BD99F375518D46AF7EBA9A0A0D15175DB103568030CF7671D8 
2023-04-28 11:52:32,502  WARN | pool-3-thread-20 | e.europa.esig.dss.validation.SignatureValidationContext | Issuer not found for certificate C-530B1D749BE7AD3A7BB78326B281DBCC5DF6EA5F414A7B29B970B6548B044907 
2023-04-28 11:52:32,503  WARN | pool-3-thread-20 | e.europa.esig.dss.validation.SignatureValidationContext | No revocation found for the certificate C-BED0F19ED46D94900D2A9FCD7C6F660B61FF7588D8B71CF8F279D5FAA3021CCF 
2023-04-28 11:52:32,503  WARN | pool-3-thread-20 | eu.europa.esig.dss.validation.DiagnosticDataBuilder     | Provided CertificateSource configuration contains none of trusted sources of type TRUSTED_STORE or TRUSTED_LIST! 
2023-04-28 11:52:32,505  WARN | pool-3-thread-7 | e.europa.esig.dss.validation.SignatureValidationContext | Issuer not found for certificate C-530B1D749BE7AD3A7BB78326B281DBCC5DF6EA5F414A7B29B970B6548B044907 
2023-04-28 11:52:32,505  WARN | pool-3-thread-7 | e.europa.esig.dss.validation.SignatureValidationContext | No revocation found for the certificate C-BED0F19ED46D94900D2A9FCD7C6F660B61FF7588D8B71CF8F279D5FAA3021CCF 
2023-04-28 11:52:32,506  WARN | pool-3-thread-7 | eu.europa.esig.dss.validation.DiagnosticDataBuilder     | Provided CertificateSource configuration contains none of trusted sources of type TRUSTED_STORE or TRUSTED_LIST! 
2023-04-28 11:52:32,509  INFO | pool-3-thread-6 | eu.europa.esig.dss.xades.validation.ManifestValidator   | Validation of the manifest references ... 
2023-04-28 11:52:32,527  INFO | pool-3-thread-13 | eu.europa.esig.dss.validation.SignedDocumentValidator   | Document validation... 
2023-04-28 11:52:32,529  INFO | pool-3-thread-16 | eu.europa.esig.dss.validation.SignedDocumentValidator   | Document validation... 
2023-04-28 11:52:32,531  INFO | pool-3-thread-3 | eu.europa.esig.dss.validation.SignedDocumentValidator   | Document validation... 
2023-04-28 11:52:32,532  INFO | pool-3-thread-13 | e.europa.esig.dss.validation.CommonCertificateVerifier  | + New CommonCertificateVerifier created. 
2023-04-28 11:52:32,534  INFO | pool-3-thread-13 | eu.europa.esig.dss.xades.validation.ManifestValidator   | Validation of the manifest references ... 
2023-04-28 11:52:32,534  INFO | pool-3-thread-16 | e.europa.esig.dss.validation.CommonCertificateVerifier  | + New CommonCertificateVerifier created. 
2023-04-28 11:52:32,536  INFO | pool-3-thread-16 | eu.europa.esig.dss.xades.validation.ManifestValidator   | Validation of the manifest references ... 
2023-04-28 11:52:32,537  INFO | pool-3-thread-3 | e.europa.esig.dss.validation.CommonCertificateVerifier  | + New CommonCertificateVerifier created. 
2023-04-28 11:52:32,660  INFO | pool-3-thread-3 | eu.europa.esig.dss.xades.validation.ManifestValidator   | Validation of the manifest references ... 
2023-04-28 11:52:32,667  INFO | pool-3-thread-7 | eu.europa.esig.dss.validation.SignedDocumentValidator   | Document validation... 
2023-04-28 11:52:32,705  INFO | pool-3-thread-8 | eu.europa.esig.dss.validation.SignedDocumentValidator   | Document validation... 
2023-04-28 11:52:32,705  INFO | pool-3-thread-7 | e.europa.esig.dss.validation.CommonCertificateVerifier  | + New CommonCertificateVerifier created. 
2023-04-28 11:52:32,708  INFO | pool-3-thread-7 | eu.europa.esig.dss.xades.validation.ManifestValidator   | Validation of the manifest references ... 
2023-04-28 11:52:32,710  INFO | pool-3-thread-5 | eu.europa.esig.dss.validation.SignedDocumentValidator   | Document validation... 
2023-04-28 11:52:32,717  INFO | pool-3-thread-8 | e.europa.esig.dss.validation.CommonCertificateVerifier  | + New CommonCertificateVerifier created. 
2023-04-28 11:52:32,719  INFO | pool-3-thread-8 | eu.europa.esig.dss.xades.validation.ManifestValidator   | Validation of the manifest references ... 
2023-04-28 11:52:32,721  INFO | pool-3-thread-10 | eu.europa.esig.dss.validation.SignedDocumentValidator   | Document validation... 
2023-04-28 11:52:32,721  INFO | pool-3-thread-5 | e.europa.esig.dss.validation.CommonCertificateVerifier  | + New CommonCertificateVerifier created. 
2023-04-28 11:52:32,723  INFO | pool-3-thread-12 | eu.europa.esig.dss.validation.SignedDocumentValidator   | Document validation... 
2023-04-28 11:52:32,723  INFO | pool-3-thread-5 | eu.europa.esig.dss.xades.validation.ManifestValidator   | Validation of the manifest references ... 
2023-04-28 11:52:32,727  INFO | pool-3-thread-12 | e.europa.esig.dss.validation.CommonCertificateVerifier  | + New CommonCertificateVerifier created. 
2023-04-28 11:52:32,729  INFO | pool-3-thread-12 | eu.europa.esig.dss.xades.validation.ManifestValidator   | Validation of the manifest references ... 
2023-04-28 11:52:32,730  INFO | pool-3-thread-10 | e.europa.esig.dss.validation.CommonCertificateVerifier  | + New CommonCertificateVerifier created. 
2023-04-28 11:52:32,732  INFO | pool-3-thread-10 | eu.europa.esig.dss.xades.validation.ManifestValidator   | Validation of the manifest references ... 
2023-04-28 11:52:32,741  INFO | pool-3-thread-20 | eu.europa.esig.dss.validation.SignedDocumentValidator   | Document validation... 
2023-04-28 11:52:32,745  INFO | pool-3-thread-20 | e.europa.esig.dss.validation.CommonCertificateVerifier  | + New CommonCertificateVerifier created. 
2023-04-28 11:52:32,747  INFO | pool-3-thread-20 | eu.europa.esig.dss.xades.validation.ManifestValidator   | Validation of the manifest references ... 
2023-04-28 11:52:32,897  INFO | pool-3-thread-17 | e.e.esig.dss.xades.validation.XAdESCertificateSource    | +XAdESCertificateSource 
2023-04-28 11:52:32,897  INFO | pool-3-thread-9 | e.e.esig.dss.xades.validation.XAdESCertificateSource    | +XAdESCertificateSource 
2023-04-28 11:52:32,913  INFO | pool-3-thread-4 | e.e.esig.dss.xades.validation.XAdESCertificateSource    | +XAdESCertificateSource 
2023-04-28 11:52:32,924  INFO | pool-3-thread-4 | e.europa.esig.dss.validation.CommonCertificateVerifier  | + New CommonCertificateVerifier created. 
2023-04-28 11:52:32,926  INFO | pool-3-thread-4 | eu.europa.esig.dss.validation.AIACertificateSource      | Retrieving C-40CAF0A89961B3BD99F375518D46AF7EBA9A0A0D15175DB103568030CF7671D8 certificate's issuer using AIA. 
2023-04-28 11:52:32,955  INFO | pool-3-thread-16 | e.e.esig.dss.xades.validation.XAdESCertificateSource    | +XAdESCertificateSource 
2023-04-28 11:52:32,962  INFO | pool-3-thread-16 | e.europa.esig.dss.validation.CommonCertificateVerifier  | + New CommonCertificateVerifier created. 
2023-04-28 11:52:32,971  INFO | pool-3-thread-9 | e.europa.esig.dss.validation.CommonCertificateVerifier  | + New CommonCertificateVerifier created. 
2023-04-28 11:52:32,973  INFO | pool-3-thread-9 | eu.europa.esig.dss.validation.AIACertificateSource      | Retrieving C-40CAF0A89961B3BD99F375518D46AF7EBA9A0A0D15175DB103568030CF7671D8 certificate's issuer using AIA. 
2023-04-28 11:52:32,975  INFO | pool-3-thread-17 | e.europa.esig.dss.validation.CommonCertificateVerifier  | + New CommonCertificateVerifier created. 
2023-04-28 11:52:32,977  INFO | pool-3-thread-17 | eu.europa.esig.dss.validation.AIACertificateSource      | Retrieving C-40CAF0A89961B3BD99F375518D46AF7EBA9A0A0D15175DB103568030CF7671D8 certificate's issuer using AIA. 
2023-04-28 11:52:32,979  INFO | pool-3-thread-8 | e.e.esig.dss.xades.validation.XAdESCertificateSource    | +XAdESCertificateSource 
2023-04-28 11:52:32,981  INFO | pool-3-thread-5 | e.e.esig.dss.xades.validation.XAdESCertificateSource    | +XAdESCertificateSource 
2023-04-28 11:52:32,988  INFO | pool-3-thread-8 | e.europa.esig.dss.validation.CommonCertificateVerifier  | + New CommonCertificateVerifier created. 
2023-04-28 11:52:32,989  INFO | pool-3-thread-12 | e.e.esig.dss.xades.validation.XAdESCertificateSource    | +XAdESCertificateSource 
2023-04-28 11:52:32,991  INFO | pool-3-thread-8 | eu.europa.esig.dss.validation.AIACertificateSource      | Retrieving C-40CAF0A89961B3BD99F375518D46AF7EBA9A0A0D15175DB103568030CF7671D8 certificate's issuer using AIA. 
2023-04-28 11:52:32,993  INFO | pool-3-thread-5 | e.europa.esig.dss.validation.CommonCertificateVerifier  | + New CommonCertificateVerifier created. 
2023-04-28 11:52:32,994  INFO | pool-3-thread-20 | e.e.esig.dss.xades.validation.XAdESCertificateSource    | +XAdESCertificateSource 
2023-04-28 11:52:32,995  INFO | pool-3-thread-5 | eu.europa.esig.dss.validation.AIACertificateSource      | Retrieving C-40CAF0A89961B3BD99F375518D46AF7EBA9A0A0D15175DB103568030CF7671D8 certificate's issuer using AIA. 
2023-04-28 11:52:32,995  INFO | pool-3-thread-16 | eu.europa.esig.dss.validation.AIACertificateSource      | Retrieving C-40CAF0A89961B3BD99F375518D46AF7EBA9A0A0D15175DB103568030CF7671D8 certificate's issuer using AIA. 
2023-04-28 11:52:32,996  INFO | pool-3-thread-12 | e.europa.esig.dss.validation.CommonCertificateVerifier  | + New CommonCertificateVerifier created. 
2023-04-28 11:52:32,998  INFO | pool-3-thread-12 | eu.europa.esig.dss.validation.AIACertificateSource      | Retrieving C-40CAF0A89961B3BD99F375518D46AF7EBA9A0A0D15175DB103568030CF7671D8 certificate's issuer using AIA. 
2023-04-28 11:52:33,004  INFO | pool-3-thread-20 | e.europa.esig.dss.validation.CommonCertificateVerifier  | + New CommonCertificateVerifier created. 
2023-04-28 11:52:33,007  INFO | pool-3-thread-20 | eu.europa.esig.dss.validation.AIACertificateSource      | Retrieving C-40CAF0A89961B3BD99F375518D46AF7EBA9A0A0D15175DB103568030CF7671D8 certificate's issuer using AIA. 
2023-04-28 11:52:33,025  INFO | pool-3-thread-11 | e.e.esig.dss.xades.validation.XAdESCertificateSource    | +XAdESCertificateSource 
2023-04-28 11:52:33,028  INFO | pool-3-thread-13 | e.e.esig.dss.xades.validation.XAdESCertificateSource    | +XAdESCertificateSource 
2023-04-28 11:52:33,033  INFO | pool-3-thread-1 | e.e.esig.dss.xades.validation.XAdESCertificateSource    | +XAdESCertificateSource 
2023-04-28 11:52:33,035  INFO | pool-3-thread-11 | e.europa.esig.dss.validation.CommonCertificateVerifier  | + New CommonCertificateVerifier created. 
2023-04-28 11:52:33,039  INFO | pool-3-thread-13 | e.europa.esig.dss.validation.CommonCertificateVerifier  | + New CommonCertificateVerifier created. 
2023-04-28 11:52:33,041  INFO | pool-3-thread-13 | eu.europa.esig.dss.validation.AIACertificateSource      | Retrieving C-40CAF0A89961B3BD99F375518D46AF7EBA9A0A0D15175DB103568030CF7671D8 certificate's issuer using AIA. 
2023-04-28 11:52:33,043  INFO | pool-3-thread-11 | eu.europa.esig.dss.validation.AIACertificateSource      | Retrieving C-40CAF0A89961B3BD99F375518D46AF7EBA9A0A0D15175DB103568030CF7671D8 certificate's issuer using AIA. 
2023-04-28 11:52:33,049  INFO | pool-3-thread-1 | e.europa.esig.dss.validation.CommonCertificateVerifier  | + New CommonCertificateVerifier created. 
2023-04-28 11:52:33,059  INFO | pool-3-thread-1 | eu.europa.esig.dss.validation.AIACertificateSource      | Retrieving C-40CAF0A89961B3BD99F375518D46AF7EBA9A0A0D15175DB103568030CF7671D8 certificate's issuer using AIA. 
2023-04-28 11:52:33,105  INFO | pool-3-thread-3 | e.e.esig.dss.xades.validation.XAdESCertificateSource    | +XAdESCertificateSource 
2023-04-28 11:52:33,107  INFO | pool-3-thread-19 | e.e.esig.dss.xades.validation.XAdESCertificateSource    | +XAdESCertificateSource 
2023-04-28 11:52:33,129  INFO | pool-3-thread-14 | e.e.esig.dss.xades.validation.XAdESCertificateSource    | +XAdESCertificateSource 
2023-04-28 11:52:33,136  INFO | pool-3-thread-7 | e.e.esig.dss.xades.validation.XAdESCertificateSource    | +XAdESCertificateSource 
2023-04-28 11:52:33,142  INFO | pool-3-thread-10 | e.e.esig.dss.xades.validation.XAdESCertificateSource    | +XAdESCertificateSource 
2023-04-28 11:52:33,156  INFO | pool-3-thread-2 | e.e.esig.dss.xades.validation.XAdESCertificateSource    | +XAdESCertificateSource 
2023-04-28 11:52:33,157  INFO | pool-3-thread-15 | e.e.esig.dss.xades.validation.XAdESCertificateSource    | +XAdESCertificateSource 
2023-04-28 11:52:33,162  INFO | pool-3-thread-9 | eu.europa.esig.dss.validation.AIACertificateSource      | Retrieving C-530B1D749BE7AD3A7BB78326B281DBCC5DF6EA5F414A7B29B970B6548B044907 certificate's issuer using AIA. 
2023-04-28 11:52:33,162  INFO | pool-3-thread-9 | eu.europa.esig.dss.spi.x509.aia.DefaultAIASource        | There is no AIA extension for certificate download. 
2023-04-28 11:52:33,162  INFO | pool-3-thread-5 | eu.europa.esig.dss.validation.AIACertificateSource      | Retrieving C-530B1D749BE7AD3A7BB78326B281DBCC5DF6EA5F414A7B29B970B6548B044907 certificate's issuer using AIA. 
2023-04-28 11:52:33,162  INFO | pool-3-thread-5 | eu.europa.esig.dss.spi.x509.aia.DefaultAIASource        | There is no AIA extension for certificate download. 
2023-04-28 11:52:33,162  WARN | pool-3-thread-9 | e.europa.esig.dss.validation.SignatureValidationContext | POE extraction is skipped for untrusted timestamp : T-26386383378D0C48268DAF57FEFF16A3E7A398A141E3F4EB26079F1DA4959501. 
2023-04-28 11:52:33,163  INFO | pool-3-thread-8 | eu.europa.esig.dss.validation.AIACertificateSource      | Retrieving C-530B1D749BE7AD3A7BB78326B281DBCC5DF6EA5F414A7B29B970B6548B044907 certificate's issuer using AIA. 
2023-04-28 11:52:33,163  INFO | pool-3-thread-17 | eu.europa.esig.dss.validation.AIACertificateSource      | Retrieving C-530B1D749BE7AD3A7BB78326B281DBCC5DF6EA5F414A7B29B970B6548B044907 certificate's issuer using AIA. 
2023-04-28 11:52:33,163  INFO | pool-3-thread-8 | eu.europa.esig.dss.spi.x509.aia.DefaultAIASource        | There is no AIA extension for certificate download. 
2023-04-28 11:52:33,163  INFO | pool-3-thread-17 | eu.europa.esig.dss.spi.x509.aia.DefaultAIASource        | There is no AIA extension for certificate download. 
2023-04-28 11:52:33,163  WARN | pool-3-thread-5 | e.europa.esig.dss.validation.SignatureValidationContext | POE extraction is skipped for untrusted timestamp : T-26386383378D0C48268DAF57FEFF16A3E7A398A141E3F4EB26079F1DA4959501. 
2023-04-28 11:52:33,163  WARN | pool-3-thread-8 | e.europa.esig.dss.validation.SignatureValidationContext | POE extraction is skipped for untrusted timestamp : T-26386383378D0C48268DAF57FEFF16A3E7A398A141E3F4EB26079F1DA4959501. 
2023-04-28 11:52:33,163  WARN | pool-3-thread-17 | e.europa.esig.dss.validation.SignatureValidationContext | POE extraction is skipped for untrusted timestamp : T-26386383378D0C48268DAF57FEFF16A3E7A398A141E3F4EB26079F1DA4959501. 
2023-04-28 11:52:33,166  WARN | pool-3-thread-9 | e.europa.esig.dss.validation.SignatureValidationContext | No revocation found for the certificate C-CF92871488972946BA2863A316F06A75ADDE69F19608DCBEEBA26026CF3A5E12 
2023-04-28 11:52:33,167  WARN | pool-3-thread-8 | e.europa.esig.dss.validation.SignatureValidationContext | No revocation found for the certificate C-CF92871488972946BA2863A316F06A75ADDE69F19608DCBEEBA26026CF3A5E12 
2023-04-28 11:52:33,168  WARN | pool-3-thread-5 | e.europa.esig.dss.validation.SignatureValidationContext | No revocation found for the certificate C-CF92871488972946BA2863A316F06A75ADDE69F19608DCBEEBA26026CF3A5E12 
2023-04-28 11:52:33,168  WARN | pool-3-thread-9 | e.europa.esig.dss.validation.SignatureValidationContext | No revocation found for the certificate C-40CAF0A89961B3BD99F375518D46AF7EBA9A0A0D15175DB103568030CF7671D8 
2023-04-28 11:52:33,168  INFO | pool-3-thread-11 | eu.europa.esig.dss.validation.AIACertificateSource      | Retrieving C-530B1D749BE7AD3A7BB78326B281DBCC5DF6EA5F414A7B29B970B6548B044907 certificate's issuer using AIA. 
2023-04-28 11:52:33,168  INFO | pool-3-thread-11 | eu.europa.esig.dss.spi.x509.aia.DefaultAIASource        | There is no AIA extension for certificate download. 
2023-04-28 11:52:33,168  WARN | pool-3-thread-8 | e.europa.esig.dss.validation.SignatureValidationContext | No revocation found for the certificate C-40CAF0A89961B3BD99F375518D46AF7EBA9A0A0D15175DB103568030CF7671D8 
2023-04-28 11:52:33,169  INFO | pool-3-thread-13 | eu.europa.esig.dss.validation.AIACertificateSource      | Retrieving C-530B1D749BE7AD3A7BB78326B281DBCC5DF6EA5F414A7B29B970B6548B044907 certificate's issuer using AIA. 
2023-04-28 11:52:33,169  WARN | pool-3-thread-11 | e.europa.esig.dss.validation.SignatureValidationContext | POE extraction is skipped for untrusted timestamp : T-26386383378D0C48268DAF57FEFF16A3E7A398A141E3F4EB26079F1DA4959501. 
2023-04-28 11:52:33,169  INFO | pool-3-thread-13 | eu.europa.esig.dss.spi.x509.aia.DefaultAIASource        | There is no AIA extension for certificate download. 
2023-04-28 11:52:33,169  WARN | pool-3-thread-5 | e.europa.esig.dss.validation.SignatureValidationContext | No revocation found for the certificate C-40CAF0A89961B3BD99F375518D46AF7EBA9A0A0D15175DB103568030CF7671D8 
2023-04-28 11:52:33,169  WARN | pool-3-thread-13 | e.europa.esig.dss.validation.SignatureValidationContext | POE extraction is skipped for untrusted timestamp : T-26386383378D0C48268DAF57FEFF16A3E7A398A141E3F4EB26079F1DA4959501. 
2023-04-28 11:52:33,171  WARN | pool-3-thread-9 | e.europa.esig.dss.validation.SignatureValidationContext | Issuer not found for certificate C-530B1D749BE7AD3A7BB78326B281DBCC5DF6EA5F414A7B29B970B6548B044907 
2023-04-28 11:52:33,172  WARN | pool-3-thread-9 | e.europa.esig.dss.validation.SignatureValidationContext | No revocation found for the certificate C-BED0F19ED46D94900D2A9FCD7C6F660B61FF7588D8B71CF8F279D5FAA3021CCF 
2023-04-28 11:52:33,172  WARN | pool-3-thread-8 | e.europa.esig.dss.validation.SignatureValidationContext | Issuer not found for certificate C-530B1D749BE7AD3A7BB78326B281DBCC5DF6EA5F414A7B29B970B6548B044907 
2023-04-28 11:52:33,172  WARN | pool-3-thread-9 | eu.europa.esig.dss.validation.DiagnosticDataBuilder     | Provided CertificateSource configuration contains none of trusted sources of type TRUSTED_STORE or TRUSTED_LIST! 
2023-04-28 11:52:33,172  WARN | pool-3-thread-8 | e.europa.esig.dss.validation.SignatureValidationContext | No revocation found for the certificate C-BED0F19ED46D94900D2A9FCD7C6F660B61FF7588D8B71CF8F279D5FAA3021CCF 
2023-04-28 11:52:33,173  WARN | pool-3-thread-8 | eu.europa.esig.dss.validation.DiagnosticDataBuilder     | Provided CertificateSource configuration contains none of trusted sources of type TRUSTED_STORE or TRUSTED_LIST! 
2023-04-28 11:52:33,174  WARN | pool-3-thread-5 | e.europa.esig.dss.validation.SignatureValidationContext | Issuer not found for certificate C-530B1D749BE7AD3A7BB78326B281DBCC5DF6EA5F414A7B29B970B6548B044907 
2023-04-28 11:52:33,174  WARN | pool-3-thread-5 | e.europa.esig.dss.validation.SignatureValidationContext | No revocation found for the certificate C-BED0F19ED46D94900D2A9FCD7C6F660B61FF7588D8B71CF8F279D5FAA3021CCF 
2023-04-28 11:52:33,174  WARN | pool-3-thread-11 | e.europa.esig.dss.validation.SignatureValidationContext | No revocation found for the certificate C-CF92871488972946BA2863A316F06A75ADDE69F19608DCBEEBA26026CF3A5E12 
2023-04-28 11:52:33,174  WARN | pool-3-thread-13 | e.europa.esig.dss.validation.SignatureValidationContext | No revocation found for the certificate C-CF92871488972946BA2863A316F06A75ADDE69F19608DCBEEBA26026CF3A5E12 
2023-04-28 11:52:33,174  WARN | pool-3-thread-5 | eu.europa.esig.dss.validation.DiagnosticDataBuilder     | Provided CertificateSource configuration contains none of trusted sources of type TRUSTED_STORE or TRUSTED_LIST! 
2023-04-28 11:52:33,175  WARN | pool-3-thread-11 | e.europa.esig.dss.validation.SignatureValidationContext | No revocation found for the certificate C-40CAF0A89961B3BD99F375518D46AF7EBA9A0A0D15175DB103568030CF7671D8 
2023-04-28 11:52:33,175  WARN | pool-3-thread-13 | e.europa.esig.dss.validation.SignatureValidationContext | No revocation found for the certificate C-40CAF0A89961B3BD99F375518D46AF7EBA9A0A0D15175DB103568030CF7671D8 
2023-04-28 11:52:33,178  WARN | pool-3-thread-13 | e.europa.esig.dss.validation.SignatureValidationContext | Issuer not found for certificate C-530B1D749BE7AD3A7BB78326B281DBCC5DF6EA5F414A7B29B970B6548B044907 
2023-04-28 11:52:33,178  WARN | pool-3-thread-11 | e.europa.esig.dss.validation.SignatureValidationContext | Issuer not found for certificate C-530B1D749BE7AD3A7BB78326B281DBCC5DF6EA5F414A7B29B970B6548B044907 
2023-04-28 11:52:33,179  WARN | pool-3-thread-13 | e.europa.esig.dss.validation.SignatureValidationContext | No revocation found for the certificate C-BED0F19ED46D94900D2A9FCD7C6F660B61FF7588D8B71CF8F279D5FAA3021CCF 
2023-04-28 11:52:33,179  WARN | pool-3-thread-11 | e.europa.esig.dss.validation.SignatureValidationContext | No revocation found for the certificate C-BED0F19ED46D94900D2A9FCD7C6F660B61FF7588D8B71CF8F279D5FAA3021CCF 
2023-04-28 11:52:33,179  WARN | pool-3-thread-13 | eu.europa.esig.dss.validation.DiagnosticDataBuilder     | Provided CertificateSource configuration contains none of trusted sources of type TRUSTED_STORE or TRUSTED_LIST! 
2023-04-28 11:52:33,179  WARN | pool-3-thread-11 | eu.europa.esig.dss.validation.DiagnosticDataBuilder     | Provided CertificateSource configuration contains none of trusted sources of type TRUSTED_STORE or TRUSTED_LIST! 
2023-04-28 11:52:33,185  INFO | pool-3-thread-16 | eu.europa.esig.dss.validation.AIACertificateSource      | Retrieving C-530B1D749BE7AD3A7BB78326B281DBCC5DF6EA5F414A7B29B970B6548B044907 certificate's issuer using AIA. 
2023-04-28 11:52:33,185  INFO | pool-3-thread-16 | eu.europa.esig.dss.spi.x509.aia.DefaultAIASource        | There is no AIA extension for certificate download. 
2023-04-28 11:52:33,187  WARN | pool-3-thread-16 | e.europa.esig.dss.validation.SignatureValidationContext | POE extraction is skipped for untrusted timestamp : T-26386383378D0C48268DAF57FEFF16A3E7A398A141E3F4EB26079F1DA4959501. 
2023-04-28 11:52:33,191  WARN | pool-3-thread-16 | e.europa.esig.dss.validation.SignatureValidationContext | No revocation found for the certificate C-CF92871488972946BA2863A316F06A75ADDE69F19608DCBEEBA26026CF3A5E12 
2023-04-28 11:52:33,192  WARN | pool-3-thread-16 | e.europa.esig.dss.validation.SignatureValidationContext | No revocation found for the certificate C-40CAF0A89961B3BD99F375518D46AF7EBA9A0A0D15175DB103568030CF7671D8 
2023-04-28 11:52:33,194  INFO | pool-3-thread-12 | eu.europa.esig.dss.validation.AIACertificateSource      | Retrieving C-530B1D749BE7AD3A7BB78326B281DBCC5DF6EA5F414A7B29B970B6548B044907 certificate's issuer using AIA. 
2023-04-28 11:52:33,194  INFO | pool-3-thread-12 | eu.europa.esig.dss.spi.x509.aia.DefaultAIASource        | There is no AIA extension for certificate download. 
2023-04-28 11:52:33,167  WARN | pool-3-thread-17 | e.europa.esig.dss.validation.SignatureValidationContext | No revocation found for the certificate C-CF92871488972946BA2863A316F06A75ADDE69F19608DCBEEBA26026CF3A5E12 
2023-04-28 11:52:33,195  WARN | pool-3-thread-12 | e.europa.esig.dss.validation.SignatureValidationContext | POE extraction is skipped for untrusted timestamp : T-26386383378D0C48268DAF57FEFF16A3E7A398A141E3F4EB26079F1DA4959501. 
2023-04-28 11:52:33,195  WARN | pool-3-thread-16 | e.europa.esig.dss.validation.SignatureValidationContext | Issuer not found for certificate C-530B1D749BE7AD3A7BB78326B281DBCC5DF6EA5F414A7B29B970B6548B044907 
2023-04-28 11:52:33,196  WARN | pool-3-thread-16 | e.europa.esig.dss.validation.SignatureValidationContext | No revocation found for the certificate C-BED0F19ED46D94900D2A9FCD7C6F660B61FF7588D8B71CF8F279D5FAA3021CCF 
2023-04-28 11:52:33,196  WARN | pool-3-thread-17 | e.europa.esig.dss.validation.SignatureValidationContext | No revocation found for the certificate C-40CAF0A89961B3BD99F375518D46AF7EBA9A0A0D15175DB103568030CF7671D8 
2023-04-28 11:52:33,196  WARN | pool-3-thread-16 | eu.europa.esig.dss.validation.DiagnosticDataBuilder     | Provided CertificateSource configuration contains none of trusted sources of type TRUSTED_STORE or TRUSTED_LIST! 
2023-04-28 11:52:33,199  WARN | pool-3-thread-12 | e.europa.esig.dss.validation.SignatureValidationContext | No revocation found for the certificate C-CF92871488972946BA2863A316F06A75ADDE69F19608DCBEEBA26026CF3A5E12 
2023-04-28 11:52:33,199  WARN | pool-3-thread-17 | e.europa.esig.dss.validation.SignatureValidationContext | Issuer not found for certificate C-530B1D749BE7AD3A7BB78326B281DBCC5DF6EA5F414A7B29B970B6548B044907 
2023-04-28 11:52:33,200  WARN | pool-3-thread-17 | e.europa.esig.dss.validation.SignatureValidationContext | No revocation found for the certificate C-BED0F19ED46D94900D2A9FCD7C6F660B61FF7588D8B71CF8F279D5FAA3021CCF 
2023-04-28 11:52:33,200  WARN | pool-3-thread-17 | eu.europa.esig.dss.validation.DiagnosticDataBuilder     | Provided CertificateSource configuration contains none of trusted sources of type TRUSTED_STORE or TRUSTED_LIST! 
2023-04-28 11:52:33,200  WARN | pool-3-thread-12 | e.europa.esig.dss.validation.SignatureValidationContext | No revocation found for the certificate C-40CAF0A89961B3BD99F375518D46AF7EBA9A0A0D15175DB103568030CF7671D8 
2023-04-28 11:52:33,203  WARN | pool-3-thread-12 | e.europa.esig.dss.validation.SignatureValidationContext | Issuer not found for certificate C-530B1D749BE7AD3A7BB78326B281DBCC5DF6EA5F414A7B29B970B6548B044907 
2023-04-28 11:52:33,204  WARN | pool-3-thread-12 | e.europa.esig.dss.validation.SignatureValidationContext | No revocation found for the certificate C-BED0F19ED46D94900D2A9FCD7C6F660B61FF7588D8B71CF8F279D5FAA3021CCF 
2023-04-28 11:52:33,204  WARN | pool-3-thread-12 | eu.europa.esig.dss.validation.DiagnosticDataBuilder     | Provided CertificateSource configuration contains none of trusted sources of type TRUSTED_STORE or TRUSTED_LIST! 
2023-04-28 11:52:33,226  INFO | pool-3-thread-20 | eu.europa.esig.dss.validation.AIACertificateSource      | Retrieving C-530B1D749BE7AD3A7BB78326B281DBCC5DF6EA5F414A7B29B970B6548B044907 certificate's issuer using AIA. 
2023-04-28 11:52:33,226  INFO | pool-3-thread-20 | eu.europa.esig.dss.spi.x509.aia.DefaultAIASource        | There is no AIA extension for certificate download. 
2023-04-28 11:52:33,226  WARN | pool-3-thread-20 | e.europa.esig.dss.validation.SignatureValidationContext | POE extraction is skipped for untrusted timestamp : T-26386383378D0C48268DAF57FEFF16A3E7A398A141E3F4EB26079F1DA4959501. 
2023-04-28 11:52:33,229  INFO | pool-3-thread-5 | eu.europa.esig.dss.validation.SignedDocumentValidator   | Document validation... 
2023-04-28 11:52:33,229  INFO | pool-3-thread-9 | eu.europa.esig.dss.validation.SignedDocumentValidator   | Document validation... 
2023-04-28 11:52:33,230  INFO | pool-3-thread-1 | eu.europa.esig.dss.validation.AIACertificateSource      | Retrieving C-530B1D749BE7AD3A7BB78326B281DBCC5DF6EA5F414A7B29B970B6548B044907 certificate's issuer using AIA. 
2023-04-28 11:52:33,230  INFO | pool-3-thread-1 | eu.europa.esig.dss.spi.x509.aia.DefaultAIASource        | There is no AIA extension for certificate download. 
2023-04-28 11:52:33,230  WARN | pool-3-thread-20 | e.europa.esig.dss.validation.SignatureValidationContext | No revocation found for the certificate C-CF92871488972946BA2863A316F06A75ADDE69F19608DCBEEBA26026CF3A5E12 
2023-04-28 11:52:33,231  INFO | pool-3-thread-4 | eu.europa.esig.dss.validation.AIACertificateSource      | Retrieving C-530B1D749BE7AD3A7BB78326B281DBCC5DF6EA5F414A7B29B970B6548B044907 certificate's issuer using AIA. 
2023-04-28 11:52:33,231  INFO | pool-3-thread-4 | eu.europa.esig.dss.spi.x509.aia.DefaultAIASource        | There is no AIA extension for certificate download. 
2023-04-28 11:52:33,231  WARN | pool-3-thread-1 | e.europa.esig.dss.validation.SignatureValidationContext | POE extraction is skipped for untrusted timestamp : T-26386383378D0C48268DAF57FEFF16A3E7A398A141E3F4EB26079F1DA4959501. 
2023-04-28 11:52:33,231  WARN | pool-3-thread-4 | e.europa.esig.dss.validation.SignatureValidationContext | POE extraction is skipped for untrusted timestamp : T-26386383378D0C48268DAF57FEFF16A3E7A398A141E3F4EB26079F1DA4959501. 
2023-04-28 11:52:33,232  WARN | pool-3-thread-20 | e.europa.esig.dss.validation.SignatureValidationContext | No revocation found for the certificate C-40CAF0A89961B3BD99F375518D46AF7EBA9A0A0D15175DB103568030CF7671D8 
2023-04-28 11:52:33,235  WARN | pool-3-thread-20 | e.europa.esig.dss.validation.SignatureValidationContext | Issuer not found for certificate C-530B1D749BE7AD3A7BB78326B281DBCC5DF6EA5F414A7B29B970B6548B044907 
2023-04-28 11:52:33,235  WARN | pool-3-thread-1 | e.europa.esig.dss.validation.SignatureValidationContext | No revocation found for the certificate C-CF92871488972946BA2863A316F06A75ADDE69F19608DCBEEBA26026CF3A5E12 
2023-04-28 11:52:33,235  WARN | pool-3-thread-4 | e.europa.esig.dss.validation.SignatureValidationContext | No revocation found for the certificate C-CF92871488972946BA2863A316F06A75ADDE69F19608DCBEEBA26026CF3A5E12 
2023-04-28 11:52:33,236  WARN | pool-3-thread-20 | e.europa.esig.dss.validation.SignatureValidationContext | No revocation found for the certificate C-BED0F19ED46D94900D2A9FCD7C6F660B61FF7588D8B71CF8F279D5FAA3021CCF 
2023-04-28 11:52:33,236  INFO | pool-3-thread-11 | eu.europa.esig.dss.validation.SignedDocumentValidator   | Document validation... 
2023-04-28 11:52:33,236  WARN | pool-3-thread-20 | eu.europa.esig.dss.validation.DiagnosticDataBuilder     | Provided CertificateSource configuration contains none of trusted sources of type TRUSTED_STORE or TRUSTED_LIST! 
2023-04-28 11:52:33,237  WARN | pool-3-thread-1 | e.europa.esig.dss.validation.SignatureValidationContext | No revocation found for the certificate C-40CAF0A89961B3BD99F375518D46AF7EBA9A0A0D15175DB103568030CF7671D8 
2023-04-28 11:52:33,237  WARN | pool-3-thread-4 | e.europa.esig.dss.validation.SignatureValidationContext | No revocation found for the certificate C-40CAF0A89961B3BD99F375518D46AF7EBA9A0A0D15175DB103568030CF7671D8 
2023-04-28 11:52:33,238  INFO | pool-3-thread-5 | e.europa.esig.dss.validation.CommonCertificateVerifier  | + New CommonCertificateVerifier created. 
2023-04-28 11:52:33,240  INFO | pool-3-thread-5 | eu.europa.esig.dss.xades.validation.ManifestValidator   | Validation of the manifest references ... 
2023-04-28 11:52:33,240  WARN | pool-3-thread-1 | e.europa.esig.dss.validation.SignatureValidationContext | Issuer not found for certificate C-530B1D749BE7AD3A7BB78326B281DBCC5DF6EA5F414A7B29B970B6548B044907 
2023-04-28 11:52:33,240  WARN | pool-3-thread-4 | e.europa.esig.dss.validation.SignatureValidationContext | Issuer not found for certificate C-530B1D749BE7AD3A7BB78326B281DBCC5DF6EA5F414A7B29B970B6548B044907 
2023-04-28 11:52:33,240  WARN | pool-3-thread-1 | e.europa.esig.dss.validation.SignatureValidationContext | No revocation found for the certificate C-BED0F19ED46D94900D2A9FCD7C6F660B61FF7588D8B71CF8F279D5FAA3021CCF 
2023-04-28 11:52:33,241  WARN | pool-3-thread-4 | e.europa.esig.dss.validation.SignatureValidationContext | No revocation found for the certificate C-BED0F19ED46D94900D2A9FCD7C6F660B61FF7588D8B71CF8F279D5FAA3021CCF 
2023-04-28 11:52:33,241  WARN | pool-3-thread-1 | eu.europa.esig.dss.validation.DiagnosticDataBuilder     | Provided CertificateSource configuration contains none of trusted sources of type TRUSTED_STORE or TRUSTED_LIST! 
2023-04-28 11:52:33,241  WARN | pool-3-thread-4 | eu.europa.esig.dss.validation.DiagnosticDataBuilder     | Provided CertificateSource configuration contains none of trusted sources of type TRUSTED_STORE or TRUSTED_LIST! 
2023-04-28 11:52:33,242  INFO | pool-3-thread-19 | e.europa.esig.dss.validation.CommonCertificateVerifier  | + New CommonCertificateVerifier created. 
2023-04-28 11:52:33,243  INFO | pool-3-thread-9 | e.europa.esig.dss.validation.CommonCertificateVerifier  | + New CommonCertificateVerifier created. 
2023-04-28 11:52:33,245  INFO | pool-3-thread-9 | eu.europa.esig.dss.xades.validation.ManifestValidator   | Validation of the manifest references ... 
2023-04-28 11:52:33,245  INFO | pool-3-thread-19 | eu.europa.esig.dss.validation.AIACertificateSource      | Retrieving C-40CAF0A89961B3BD99F375518D46AF7EBA9A0A0D15175DB103568030CF7671D8 certificate's issuer using AIA. 
2023-04-28 11:52:33,245  INFO | pool-3-thread-5 | e.e.esig.dss.xades.validation.XAdESCertificateSource    | +XAdESCertificateSource 
2023-04-28 11:52:33,248  INFO | pool-3-thread-11 | e.europa.esig.dss.validation.CommonCertificateVerifier  | + New CommonCertificateVerifier created. 
2023-04-28 11:52:33,250  INFO | pool-3-thread-14 | e.europa.esig.dss.validation.CommonCertificateVerifier  | + New CommonCertificateVerifier created. 
2023-04-28 11:52:33,250  INFO | pool-3-thread-9 | e.e.esig.dss.xades.validation.XAdESCertificateSource    | +XAdESCertificateSource 
2023-04-28 11:52:33,251  INFO | pool-3-thread-11 | eu.europa.esig.dss.xades.validation.ManifestValidator   | Validation of the manifest references ... 
2023-04-28 11:52:33,253  INFO | pool-3-thread-14 | eu.europa.esig.dss.validation.AIACertificateSource      | Retrieving C-40CAF0A89961B3BD99F375518D46AF7EBA9A0A0D15175DB103568030CF7671D8 certificate's issuer using AIA. 
2023-04-28 11:52:33,248  INFO | pool-3-thread-7 | e.europa.esig.dss.validation.CommonCertificateVerifier  | + New CommonCertificateVerifier created. 
2023-04-28 11:52:33,254  INFO | pool-3-thread-3 | e.europa.esig.dss.validation.CommonCertificateVerifier  | + New CommonCertificateVerifier created. 
2023-04-28 11:52:33,256  INFO | pool-3-thread-7 | eu.europa.esig.dss.validation.AIACertificateSource      | Retrieving C-40CAF0A89961B3BD99F375518D46AF7EBA9A0A0D15175DB103568030CF7671D8 certificate's issuer using AIA. 
2023-04-28 11:52:33,256  INFO | pool-3-thread-3 | eu.europa.esig.dss.validation.AIACertificateSource      | Retrieving C-40CAF0A89961B3BD99F375518D46AF7EBA9A0A0D15175DB103568030CF7671D8 certificate's issuer using AIA. 
2023-04-28 11:52:33,260  INFO | pool-3-thread-15 | e.europa.esig.dss.validation.CommonCertificateVerifier  | + New CommonCertificateVerifier created. 
2023-04-28 11:52:33,264  INFO | pool-3-thread-15 | eu.europa.esig.dss.validation.AIACertificateSource      | Retrieving C-40CAF0A89961B3BD99F375518D46AF7EBA9A0A0D15175DB103568030CF7671D8 certificate's issuer using AIA. 
2023-04-28 11:52:33,264  INFO | pool-3-thread-5 | e.europa.esig.dss.validation.CommonCertificateVerifier  | + New CommonCertificateVerifier created. 
2023-04-28 11:52:33,264  INFO | pool-3-thread-11 | e.e.esig.dss.xades.validation.XAdESCertificateSource    | +XAdESCertificateSource 
2023-04-28 11:52:33,275  INFO | pool-3-thread-5 | eu.europa.esig.dss.validation.AIACertificateSource      | Retrieving C-40CAF0A89961B3BD99F375518D46AF7EBA9A0A0D15175DB103568030CF7671D8 certificate's issuer using AIA. 
2023-04-28 11:52:33,276  INFO | pool-3-thread-2 | e.europa.esig.dss.validation.CommonCertificateVerifier  | + New CommonCertificateVerifier created. 
2023-04-28 11:52:33,301  INFO | pool-3-thread-17 | eu.europa.esig.dss.validation.SignedDocumentValidator   | Document validation... 
2023-04-28 11:52:33,301  INFO | pool-3-thread-9 | e.europa.esig.dss.validation.CommonCertificateVerifier  | + New CommonCertificateVerifier created. 
2023-04-28 11:52:33,303  INFO | pool-3-thread-2 | eu.europa.esig.dss.validation.AIACertificateSource      | Retrieving C-40CAF0A89961B3BD99F375518D46AF7EBA9A0A0D15175DB103568030CF7671D8 certificate's issuer using AIA. 
2023-04-28 11:52:33,303  INFO | pool-3-thread-13 | eu.europa.esig.dss.validation.SignedDocumentValidator   | Document validation... 
2023-04-28 11:52:33,303  INFO | pool-3-thread-9 | eu.europa.esig.dss.validation.AIACertificateSource      | Retrieving C-40CAF0A89961B3BD99F375518D46AF7EBA9A0A0D15175DB103568030CF7671D8 certificate's issuer using AIA. 
2023-04-28 11:52:33,306  INFO | pool-3-thread-12 | eu.europa.esig.dss.validation.SignedDocumentValidator   | Document validation... 
2023-04-28 11:52:33,306  INFO | pool-3-thread-17 | e.europa.esig.dss.validation.CommonCertificateVerifier  | + New CommonCertificateVerifier created. 
2023-04-28 11:52:33,308  INFO | pool-3-thread-17 | eu.europa.esig.dss.xades.validation.ManifestValidator   | Validation of the manifest references ... 
2023-04-28 11:52:33,313  INFO | pool-3-thread-13 | e.europa.esig.dss.validation.CommonCertificateVerifier  | + New CommonCertificateVerifier created. 
2023-04-28 11:52:33,316  INFO | pool-3-thread-13 | eu.europa.esig.dss.xades.validation.ManifestValidator   | Validation of the manifest references ... 
2023-04-28 11:52:33,317  INFO | pool-3-thread-12 | e.europa.esig.dss.validation.CommonCertificateVerifier  | + New CommonCertificateVerifier created. 
2023-04-28 11:52:33,319  INFO | pool-3-thread-12 | eu.europa.esig.dss.xades.validation.ManifestValidator   | Validation of the manifest references ... 
2023-04-28 11:52:33,320  INFO | pool-3-thread-8 | eu.europa.esig.dss.validation.SignedDocumentValidator   | Document validation... 
2023-04-28 11:52:33,322  INFO | pool-3-thread-6 | e.e.esig.dss.xades.validation.XAdESCertificateSource    | +XAdESCertificateSource 
2023-04-28 11:52:33,327  INFO | pool-3-thread-16 | eu.europa.esig.dss.validation.SignedDocumentValidator   | Document validation... 
2023-04-28 11:52:33,328  INFO | pool-3-thread-11 | e.europa.esig.dss.validation.CommonCertificateVerifier  | + New CommonCertificateVerifier created. 
2023-04-28 11:52:33,328  INFO | pool-3-thread-10 | e.europa.esig.dss.validation.CommonCertificateVerifier  | + New CommonCertificateVerifier created. 
2023-04-28 11:52:33,329  INFO | pool-3-thread-18 | e.e.esig.dss.xades.validation.XAdESCertificateSource    | +XAdESCertificateSource 
2023-04-28 11:52:33,330  INFO | pool-3-thread-11 | eu.europa.esig.dss.validation.AIACertificateSource      | Retrieving C-40CAF0A89961B3BD99F375518D46AF7EBA9A0A0D15175DB103568030CF7671D8 certificate's issuer using AIA. 
2023-04-28 11:52:33,331  INFO | pool-3-thread-10 | eu.europa.esig.dss.validation.AIACertificateSource      | Retrieving C-40CAF0A89961B3BD99F375518D46AF7EBA9A0A0D15175DB103568030CF7671D8 certificate's issuer using AIA. 
2023-04-28 11:52:33,332  INFO | pool-3-thread-8 | e.europa.esig.dss.validation.CommonCertificateVerifier  | + New CommonCertificateVerifier created. 
2023-04-28 11:52:33,333  INFO | pool-3-thread-8 | eu.europa.esig.dss.xades.validation.ManifestValidator   | Validation of the manifest references ... 
2023-04-28 11:52:33,334  INFO | pool-3-thread-1 | eu.europa.esig.dss.validation.SignedDocumentValidator   | Document validation... 
2023-04-28 11:52:33,335  INFO | pool-3-thread-6 | e.europa.esig.dss.validation.CommonCertificateVerifier  | + New CommonCertificateVerifier created. 
2023-04-28 11:52:33,336  INFO | pool-3-thread-20 | eu.europa.esig.dss.validation.SignedDocumentValidator   | Document validation... 
2023-04-28 11:52:33,337  INFO | pool-3-thread-4 | eu.europa.esig.dss.validation.SignedDocumentValidator   | Document validation... 
2023-04-28 11:52:33,339  INFO | pool-3-thread-16 | e.europa.esig.dss.validation.CommonCertificateVerifier  | + New CommonCertificateVerifier created. 
2023-04-28 11:52:33,340  INFO | pool-3-thread-16 | eu.europa.esig.dss.xades.validation.ManifestValidator   | Validation of the manifest references ... 
2023-04-28 11:52:33,342  INFO | pool-3-thread-1 | e.europa.esig.dss.validation.CommonCertificateVerifier  | + New CommonCertificateVerifier created. 
2023-04-28 11:52:33,342  INFO | pool-3-thread-4 | e.europa.esig.dss.validation.CommonCertificateVerifier  | + New CommonCertificateVerifier created. 
2023-04-28 11:52:33,343  INFO | pool-3-thread-1 | eu.europa.esig.dss.xades.validation.ManifestValidator   | Validation of the manifest references ... 
2023-04-28 11:52:33,344  INFO | pool-3-thread-4 | eu.europa.esig.dss.xades.validation.ManifestValidator   | Validation of the manifest references ... 
2023-04-28 11:52:33,345  INFO | pool-3-thread-3 | eu.europa.esig.dss.validation.AIACertificateSource      | Retrieving C-530B1D749BE7AD3A7BB78326B281DBCC5DF6EA5F414A7B29B970B6548B044907 certificate's issuer using AIA. 
2023-04-28 11:52:33,345  INFO | pool-3-thread-3 | eu.europa.esig.dss.spi.x509.aia.DefaultAIASource        | There is no AIA extension for certificate download. 
2023-04-28 11:52:33,346  WARN | pool-3-thread-3 | e.europa.esig.dss.validation.SignatureValidationContext | POE extraction is skipped for untrusted timestamp : T-26386383378D0C48268DAF57FEFF16A3E7A398A141E3F4EB26079F1DA4959501. 
2023-04-28 11:52:33,346  INFO | pool-3-thread-7 | eu.europa.esig.dss.validation.AIACertificateSource      | Retrieving C-530B1D749BE7AD3A7BB78326B281DBCC5DF6EA5F414A7B29B970B6548B044907 certificate's issuer using AIA. 
2023-04-28 11:52:33,346  INFO | pool-3-thread-7 | eu.europa.esig.dss.spi.x509.aia.DefaultAIASource        | There is no AIA extension for certificate download. 
2023-04-28 11:52:33,347  WARN | pool-3-thread-7 | e.europa.esig.dss.validation.SignatureValidationContext | POE extraction is skipped for untrusted timestamp : T-26386383378D0C48268DAF57FEFF16A3E7A398A141E3F4EB26079F1DA4959501. 
2023-04-28 11:52:33,350  WARN | pool-3-thread-3 | e.europa.esig.dss.validation.SignatureValidationContext | No revocation found for the certificate C-CF92871488972946BA2863A316F06A75ADDE69F19608DCBEEBA26026CF3A5E12 
2023-04-28 11:52:33,351  WARN | pool-3-thread-7 | e.europa.esig.dss.validation.SignatureValidationContext | No revocation found for the certificate C-CF92871488972946BA2863A316F06A75ADDE69F19608DCBEEBA26026CF3A5E12 
2023-04-28 11:52:33,351  WARN | pool-3-thread-3 | e.europa.esig.dss.validation.SignatureValidationContext | No revocation found for the certificate C-40CAF0A89961B3BD99F375518D46AF7EBA9A0A0D15175DB103568030CF7671D8 
2023-04-28 11:52:33,352  WARN | pool-3-thread-7 | e.europa.esig.dss.validation.SignatureValidationContext | No revocation found for the certificate C-40CAF0A89961B3BD99F375518D46AF7EBA9A0A0D15175DB103568030CF7671D8 
2023-04-28 11:52:33,354  WARN | pool-3-thread-3 | e.europa.esig.dss.validation.SignatureValidationContext | Issuer not found for certificate C-530B1D749BE7AD3A7BB78326B281DBCC5DF6EA5F414A7B29B970B6548B044907 
2023-04-28 11:52:33,355  WARN | pool-3-thread-3 | e.europa.esig.dss.validation.SignatureValidationContext | No revocation found for the certificate C-BED0F19ED46D94900D2A9FCD7C6F660B61FF7588D8B71CF8F279D5FAA3021CCF 
2023-04-28 11:52:33,355  WARN | pool-3-thread-3 | eu.europa.esig.dss.validation.DiagnosticDataBuilder     | Provided CertificateSource configuration contains none of trusted sources of type TRUSTED_STORE or TRUSTED_LIST! 
2023-04-28 11:52:33,355  WARN | pool-3-thread-7 | e.europa.esig.dss.validation.SignatureValidationContext | Issuer not found for certificate C-530B1D749BE7AD3A7BB78326B281DBCC5DF6EA5F414A7B29B970B6548B044907 
2023-04-28 11:52:33,356  WARN | pool-3-thread-7 | e.europa.esig.dss.validation.SignatureValidationContext | No revocation found for the certificate C-BED0F19ED46D94900D2A9FCD7C6F660B61FF7588D8B71CF8F279D5FAA3021CCF 
2023-04-28 11:52:33,356  WARN | pool-3-thread-7 | eu.europa.esig.dss.validation.DiagnosticDataBuilder     | Provided CertificateSource configuration contains none of trusted sources of type TRUSTED_STORE or TRUSTED_LIST! 
2023-04-28 11:52:33,357  INFO | pool-3-thread-20 | e.europa.esig.dss.validation.CommonCertificateVerifier  | + New CommonCertificateVerifier created. 
2023-04-28 11:52:33,358  INFO | pool-3-thread-20 | eu.europa.esig.dss.xades.validation.ManifestValidator   | Validation of the manifest references ... 
2023-04-28 11:52:33,372  INFO | pool-3-thread-6 | eu.europa.esig.dss.validation.AIACertificateSource      | Retrieving C-40CAF0A89961B3BD99F375518D46AF7EBA9A0A0D15175DB103568030CF7671D8 certificate's issuer using AIA. 
2023-04-28 11:52:33,396  INFO | pool-3-thread-7 | eu.europa.esig.dss.validation.SignedDocumentValidator   | Document validation... 
2023-04-28 11:52:33,407  INFO | pool-3-thread-3 | eu.europa.esig.dss.validation.SignedDocumentValidator   | Document validation... 
2023-04-28 11:52:33,411  INFO | pool-3-thread-3 | e.europa.esig.dss.validation.CommonCertificateVerifier  | + New CommonCertificateVerifier created. 
2023-04-28 11:52:33,413  INFO | pool-3-thread-3 | eu.europa.esig.dss.xades.validation.ManifestValidator   | Validation of the manifest references ... 
2023-04-28 11:52:33,416  INFO | pool-3-thread-7 | e.europa.esig.dss.validation.CommonCertificateVerifier  | + New CommonCertificateVerifier created. 
2023-04-28 11:52:33,418  INFO | pool-3-thread-7 | eu.europa.esig.dss.xades.validation.ManifestValidator   | Validation of the manifest references ... 
2023-04-28 11:52:33,434  INFO | pool-3-thread-19 | eu.europa.esig.dss.validation.AIACertificateSource      | Retrieving C-530B1D749BE7AD3A7BB78326B281DBCC5DF6EA5F414A7B29B970B6548B044907 certificate's issuer using AIA. 
2023-04-28 11:52:33,434  INFO | pool-3-thread-19 | eu.europa.esig.dss.spi.x509.aia.DefaultAIASource        | There is no AIA extension for certificate download. 
2023-04-28 11:52:33,435  WARN | pool-3-thread-19 | e.europa.esig.dss.validation.SignatureValidationContext | POE extraction is skipped for untrusted timestamp : T-26386383378D0C48268DAF57FEFF16A3E7A398A141E3F4EB26079F1DA4959501. 
2023-04-28 11:52:33,435  INFO | pool-3-thread-18 | e.europa.esig.dss.validation.CommonCertificateVerifier  | + New CommonCertificateVerifier created. 
2023-04-28 11:52:33,437  INFO | pool-3-thread-18 | eu.europa.esig.dss.validation.AIACertificateSource      | Retrieving C-40CAF0A89961B3BD99F375518D46AF7EBA9A0A0D15175DB103568030CF7671D8 certificate's issuer using AIA. 
2023-04-28 11:52:33,439  WARN | pool-3-thread-19 | e.europa.esig.dss.validation.SignatureValidationContext | No revocation found for the certificate C-CF92871488972946BA2863A316F06A75ADDE69F19608DCBEEBA26026CF3A5E12 
2023-04-28 11:52:33,439  INFO | pool-3-thread-15 | eu.europa.esig.dss.validation.AIACertificateSource      | Retrieving C-530B1D749BE7AD3A7BB78326B281DBCC5DF6EA5F414A7B29B970B6548B044907 certificate's issuer using AIA. 
2023-04-28 11:52:33,439  INFO | pool-3-thread-15 | eu.europa.esig.dss.spi.x509.aia.DefaultAIASource        | There is no AIA extension for certificate download. 
2023-04-28 11:52:33,440  WARN | pool-3-thread-15 | e.europa.esig.dss.validation.SignatureValidationContext | POE extraction is skipped for untrusted timestamp : T-26386383378D0C48268DAF57FEFF16A3E7A398A141E3F4EB26079F1DA4959501. 
2023-04-28 11:52:33,440  WARN | pool-3-thread-19 | e.europa.esig.dss.validation.SignatureValidationContext | No revocation found for the certificate C-40CAF0A89961B3BD99F375518D46AF7EBA9A0A0D15175DB103568030CF7671D8 
2023-04-28 11:52:33,443  WARN | pool-3-thread-19 | e.europa.esig.dss.validation.SignatureValidationContext | Issuer not found for certificate C-530B1D749BE7AD3A7BB78326B281DBCC5DF6EA5F414A7B29B970B6548B044907 
2023-04-28 11:52:33,444  WARN | pool-3-thread-19 | e.europa.esig.dss.validation.SignatureValidationContext | No revocation found for the certificate C-BED0F19ED46D94900D2A9FCD7C6F660B61FF7588D8B71CF8F279D5FAA3021CCF 
2023-04-28 11:52:33,444  WARN | pool-3-thread-15 | e.europa.esig.dss.validation.SignatureValidationContext | No revocation found for the certificate C-CF92871488972946BA2863A316F06A75ADDE69F19608DCBEEBA26026CF3A5E12 
2023-04-28 11:52:33,444  WARN | pool-3-thread-19 | eu.europa.esig.dss.validation.DiagnosticDataBuilder     | Provided CertificateSource configuration contains none of trusted sources of type TRUSTED_STORE or TRUSTED_LIST! 
2023-04-28 11:52:33,445  WARN | pool-3-thread-15 | e.europa.esig.dss.validation.SignatureValidationContext | No revocation found for the certificate C-40CAF0A89961B3BD99F375518D46AF7EBA9A0A0D15175DB103568030CF7671D8 
2023-04-28 11:52:33,448  WARN | pool-3-thread-15 | e.europa.esig.dss.validation.SignatureValidationContext | Issuer not found for certificate C-530B1D749BE7AD3A7BB78326B281DBCC5DF6EA5F414A7B29B970B6548B044907 
2023-04-28 11:52:33,448  WARN | pool-3-thread-15 | e.europa.esig.dss.validation.SignatureValidationContext | No revocation found for the certificate C-BED0F19ED46D94900D2A9FCD7C6F660B61FF7588D8B71CF8F279D5FAA3021CCF 
2023-04-28 11:52:33,448  WARN | pool-3-thread-15 | eu.europa.esig.dss.validation.DiagnosticDataBuilder     | Provided CertificateSource configuration contains none of trusted sources of type TRUSTED_STORE or TRUSTED_LIST! 
2023-04-28 11:52:33,470  INFO | pool-3-thread-19 | eu.europa.esig.dss.validation.SignedDocumentValidator   | Document validation... 
2023-04-28 11:52:33,470  INFO | pool-3-thread-14 | eu.europa.esig.dss.validation.AIACertificateSource      | Retrieving C-530B1D749BE7AD3A7BB78326B281DBCC5DF6EA5F414A7B29B970B6548B044907 certificate's issuer using AIA. 
2023-04-28 11:52:33,470  INFO | pool-3-thread-14 | eu.europa.esig.dss.spi.x509.aia.DefaultAIASource        | There is no AIA extension for certificate download. 
2023-04-28 11:52:33,470  WARN | pool-3-thread-14 | e.europa.esig.dss.validation.SignatureValidationContext | POE extraction is skipped for untrusted timestamp : T-26386383378D0C48268DAF57FEFF16A3E7A398A141E3F4EB26079F1DA4959501. 
2023-04-28 11:52:33,474  WARN | pool-3-thread-14 | e.europa.esig.dss.validation.SignatureValidationContext | No revocation found for the certificate C-CF92871488972946BA2863A316F06A75ADDE69F19608DCBEEBA26026CF3A5E12 
2023-04-28 11:52:33,474  INFO | pool-3-thread-19 | e.europa.esig.dss.validation.CommonCertificateVerifier  | + New CommonCertificateVerifier created. 
2023-04-28 11:52:33,475  WARN | pool-3-thread-14 | e.europa.esig.dss.validation.SignatureValidationContext | No revocation found for the certificate C-40CAF0A89961B3BD99F375518D46AF7EBA9A0A0D15175DB103568030CF7671D8 
2023-04-28 11:52:33,476  INFO | pool-3-thread-19 | eu.europa.esig.dss.xades.validation.ManifestValidator   | Validation of the manifest references ... 
2023-04-28 11:52:33,478  WARN | pool-3-thread-14 | e.europa.esig.dss.validation.SignatureValidationContext | Issuer not found for certificate C-530B1D749BE7AD3A7BB78326B281DBCC5DF6EA5F414A7B29B970B6548B044907 
2023-04-28 11:52:33,478  WARN | pool-3-thread-14 | e.europa.esig.dss.validation.SignatureValidationContext | No revocation found for the certificate C-BED0F19ED46D94900D2A9FCD7C6F660B61FF7588D8B71CF8F279D5FAA3021CCF 
2023-04-28 11:52:33,479  WARN | pool-3-thread-14 | eu.europa.esig.dss.validation.DiagnosticDataBuilder     | Provided CertificateSource configuration contains none of trusted sources of type TRUSTED_STORE or TRUSTED_LIST! 
2023-04-28 11:52:33,506  INFO | pool-3-thread-5 | eu.europa.esig.dss.validation.AIACertificateSource      | Retrieving C-530B1D749BE7AD3A7BB78326B281DBCC5DF6EA5F414A7B29B970B6548B044907 certificate's issuer using AIA. 
2023-04-28 11:52:33,506  INFO | pool-3-thread-5 | eu.europa.esig.dss.spi.x509.aia.DefaultAIASource        | There is no AIA extension for certificate download. 
2023-04-28 11:52:33,507  WARN | pool-3-thread-5 | e.europa.esig.dss.validation.SignatureValidationContext | POE extraction is skipped for untrusted timestamp : T-26386383378D0C48268DAF57FEFF16A3E7A398A141E3F4EB26079F1DA4959501. 
2023-04-28 11:52:33,507  INFO | pool-3-thread-6 | eu.europa.esig.dss.validation.AIACertificateSource      | Retrieving C-530B1D749BE7AD3A7BB78326B281DBCC5DF6EA5F414A7B29B970B6548B044907 certificate's issuer using AIA. 
2023-04-28 11:52:33,507  INFO | pool-3-thread-6 | eu.europa.esig.dss.spi.x509.aia.DefaultAIASource        | There is no AIA extension for certificate download. 
2023-04-28 11:52:33,508  WARN | pool-3-thread-6 | e.europa.esig.dss.validation.SignatureValidationContext | POE extraction is skipped for untrusted timestamp : T-26386383378D0C48268DAF57FEFF16A3E7A398A141E3F4EB26079F1DA4959501. 
2023-04-28 11:52:33,511  WARN | pool-3-thread-5 | e.europa.esig.dss.validation.SignatureValidationContext | No revocation found for the certificate C-CF92871488972946BA2863A316F06A75ADDE69F19608DCBEEBA26026CF3A5E12 
2023-04-28 11:52:33,512  WARN | pool-3-thread-6 | e.europa.esig.dss.validation.SignatureValidationContext | No revocation found for the certificate C-CF92871488972946BA2863A316F06A75ADDE69F19608DCBEEBA26026CF3A5E12 
2023-04-28 11:52:33,512  WARN | pool-3-thread-5 | e.europa.esig.dss.validation.SignatureValidationContext | No revocation found for the certificate C-40CAF0A89961B3BD99F375518D46AF7EBA9A0A0D15175DB103568030CF7671D8 
2023-04-28 11:52:33,513  WARN | pool-3-thread-6 | e.europa.esig.dss.validation.SignatureValidationContext | No revocation found for the certificate C-40CAF0A89961B3BD99F375518D46AF7EBA9A0A0D15175DB103568030CF7671D8 
2023-04-28 11:52:33,515  WARN | pool-3-thread-5 | e.europa.esig.dss.validation.SignatureValidationContext | Issuer not found for certificate C-530B1D749BE7AD3A7BB78326B281DBCC5DF6EA5F414A7B29B970B6548B044907 
2023-04-28 11:52:33,515  WARN | pool-3-thread-5 | e.europa.esig.dss.validation.SignatureValidationContext | No revocation found for the certificate C-BED0F19ED46D94900D2A9FCD7C6F660B61FF7588D8B71CF8F279D5FAA3021CCF 
2023-04-28 11:52:33,516  WARN | pool-3-thread-5 | eu.europa.esig.dss.validation.DiagnosticDataBuilder     | Provided CertificateSource configuration contains none of trusted sources of type TRUSTED_STORE or TRUSTED_LIST! 
2023-04-28 11:52:33,516  WARN | pool-3-thread-6 | e.europa.esig.dss.validation.SignatureValidationContext | Issuer not found for certificate C-530B1D749BE7AD3A7BB78326B281DBCC5DF6EA5F414A7B29B970B6548B044907 
2023-04-28 11:52:33,516  WARN | pool-3-thread-6 | e.europa.esig.dss.validation.SignatureValidationContext | No revocation found for the certificate C-BED0F19ED46D94900D2A9FCD7C6F660B61FF7588D8B71CF8F279D5FAA3021CCF 
2023-04-28 11:52:33,517  WARN | pool-3-thread-6 | eu.europa.esig.dss.validation.DiagnosticDataBuilder     | Provided CertificateSource configuration contains none of trusted sources of type TRUSTED_STORE or TRUSTED_LIST! 
2023-04-28 11:52:33,538  INFO | pool-3-thread-20 | e.e.esig.dss.xades.validation.XAdESCertificateSource    | +XAdESCertificateSource 
2023-04-28 11:52:33,539  INFO | pool-3-thread-8 | e.e.esig.dss.xades.validation.XAdESCertificateSource    | +XAdESCertificateSource 
2023-04-28 11:52:33,546  INFO | pool-3-thread-8 | e.europa.esig.dss.validation.CommonCertificateVerifier  | + New CommonCertificateVerifier created. 
2023-04-28 11:52:33,549  INFO | pool-3-thread-8 | eu.europa.esig.dss.validation.AIACertificateSource      | Retrieving C-40CAF0A89961B3BD99F375518D46AF7EBA9A0A0D15175DB103568030CF7671D8 certificate's issuer using AIA. 
2023-04-28 11:52:33,553  INFO | pool-3-thread-12 | e.e.esig.dss.xades.validation.XAdESCertificateSource    | +XAdESCertificateSource 
2023-04-28 11:52:33,555  INFO | pool-3-thread-17 | e.e.esig.dss.xades.validation.XAdESCertificateSource    | +XAdESCertificateSource 
2023-04-28 11:52:33,556  INFO | pool-3-thread-13 | e.e.esig.dss.xades.validation.XAdESCertificateSource    | +XAdESCertificateSource 
2023-04-28 11:52:33,557  INFO | pool-3-thread-1 | e.e.esig.dss.xades.validation.XAdESCertificateSource    | +XAdESCertificateSource 
2023-04-28 11:52:33,562  INFO | pool-3-thread-12 | e.europa.esig.dss.validation.CommonCertificateVerifier  | + New CommonCertificateVerifier created. 
2023-04-28 11:52:33,563  INFO | pool-3-thread-17 | e.europa.esig.dss.validation.CommonCertificateVerifier  | + New CommonCertificateVerifier created. 
2023-04-28 11:52:33,563  INFO | pool-3-thread-13 | e.europa.esig.dss.validation.CommonCertificateVerifier  | + New CommonCertificateVerifier created. 
2023-04-28 11:52:33,564  INFO | pool-3-thread-1 | e.europa.esig.dss.validation.CommonCertificateVerifier  | + New CommonCertificateVerifier created. 
2023-04-28 11:52:33,564  INFO | pool-3-thread-12 | eu.europa.esig.dss.validation.AIACertificateSource      | Retrieving C-40CAF0A89961B3BD99F375518D46AF7EBA9A0A0D15175DB103568030CF7671D8 certificate's issuer using AIA. 
2023-04-28 11:52:33,565  INFO | pool-3-thread-13 | eu.europa.esig.dss.validation.AIACertificateSource      | Retrieving C-40CAF0A89961B3BD99F375518D46AF7EBA9A0A0D15175DB103568030CF7671D8 certificate's issuer using AIA. 
2023-04-28 11:52:33,565  INFO | pool-3-thread-17 | eu.europa.esig.dss.validation.AIACertificateSource      | Retrieving C-40CAF0A89961B3BD99F375518D46AF7EBA9A0A0D15175DB103568030CF7671D8 certificate's issuer using AIA. 
2023-04-28 11:52:33,566  INFO | pool-3-thread-1 | eu.europa.esig.dss.validation.AIACertificateSource      | Retrieving C-40CAF0A89961B3BD99F375518D46AF7EBA9A0A0D15175DB103568030CF7671D8 certificate's issuer using AIA. 
2023-04-28 11:52:33,566  INFO | pool-3-thread-4 | e.e.esig.dss.xades.validation.XAdESCertificateSource    | +XAdESCertificateSource 
2023-04-28 11:52:33,569  INFO | pool-3-thread-16 | e.e.esig.dss.xades.validation.XAdESCertificateSource    | +XAdESCertificateSource 
2023-04-28 11:52:33,576  INFO | pool-3-thread-4 | e.europa.esig.dss.validation.CommonCertificateVerifier  | + New CommonCertificateVerifier created. 
2023-04-28 11:52:33,576  INFO | pool-3-thread-20 | e.europa.esig.dss.validation.CommonCertificateVerifier  | + New CommonCertificateVerifier created. 
2023-04-28 11:52:33,577  INFO | pool-3-thread-16 | e.europa.esig.dss.validation.CommonCertificateVerifier  | + New CommonCertificateVerifier created. 
2023-04-28 11:52:33,578  INFO | pool-3-thread-4 | eu.europa.esig.dss.validation.AIACertificateSource      | Retrieving C-40CAF0A89961B3BD99F375518D46AF7EBA9A0A0D15175DB103568030CF7671D8 certificate's issuer using AIA. 
2023-04-28 11:52:33,578  INFO | pool-3-thread-20 | eu.europa.esig.dss.validation.AIACertificateSource      | Retrieving C-40CAF0A89961B3BD99F375518D46AF7EBA9A0A0D15175DB103568030CF7671D8 certificate's issuer using AIA. 
2023-04-28 11:52:33,579  INFO | pool-3-thread-16 | eu.europa.esig.dss.validation.AIACertificateSource      | Retrieving C-40CAF0A89961B3BD99F375518D46AF7EBA9A0A0D15175DB103568030CF7671D8 certificate's issuer using AIA. 
2023-04-28 11:52:33,599  INFO | pool-3-thread-5 | eu.europa.esig.dss.validation.SignedDocumentValidator   | Document validation... 
2023-04-28 11:52:33,602  INFO | pool-3-thread-14 | eu.europa.esig.dss.validation.SignedDocumentValidator   | Document validation... 
2023-04-28 11:52:33,604  INFO | pool-3-thread-5 | e.europa.esig.dss.validation.CommonCertificateVerifier  | + New CommonCertificateVerifier created. 
2023-04-28 11:52:33,605  INFO | pool-3-thread-5 | eu.europa.esig.dss.xades.validation.ManifestValidator   | Validation of the manifest references ... 
2023-04-28 11:52:33,609  INFO | pool-3-thread-6 | eu.europa.esig.dss.validation.SignedDocumentValidator   | Document validation... 
2023-04-28 11:52:33,609  INFO | pool-3-thread-5 | e.e.esig.dss.xades.validation.XAdESCertificateSource    | +XAdESCertificateSource 
2023-04-28 11:52:33,613  INFO | pool-3-thread-14 | e.europa.esig.dss.validation.CommonCertificateVerifier  | + New CommonCertificateVerifier created. 
2023-04-28 11:52:33,617  INFO | pool-3-thread-14 | eu.europa.esig.dss.xades.validation.ManifestValidator   | Validation of the manifest references ... 
2023-04-28 11:52:33,619  INFO | pool-3-thread-5 | e.europa.esig.dss.validation.CommonCertificateVerifier  | + New CommonCertificateVerifier created. 
2023-04-28 11:52:33,620  INFO | pool-3-thread-6 | e.europa.esig.dss.validation.CommonCertificateVerifier  | + New CommonCertificateVerifier created. 
2023-04-28 11:52:33,621  INFO | pool-3-thread-5 | eu.europa.esig.dss.validation.AIACertificateSource      | Retrieving C-40CAF0A89961B3BD99F375518D46AF7EBA9A0A0D15175DB103568030CF7671D8 certificate's issuer using AIA. 
2023-04-28 11:52:33,622  INFO | pool-3-thread-14 | e.e.esig.dss.xades.validation.XAdESCertificateSource    | +XAdESCertificateSource 
2023-04-28 11:52:33,622  INFO | pool-3-thread-3 | e.e.esig.dss.xades.validation.XAdESCertificateSource    | +XAdESCertificateSource 
2023-04-28 11:52:33,622  INFO | pool-3-thread-6 | eu.europa.esig.dss.xades.validation.ManifestValidator   | Validation of the manifest references ... 
2023-04-28 11:52:33,627  INFO | pool-3-thread-6 | e.e.esig.dss.xades.validation.XAdESCertificateSource    | +XAdESCertificateSource 
2023-04-28 11:52:33,631  INFO | pool-3-thread-3 | e.europa.esig.dss.validation.CommonCertificateVerifier  | + New CommonCertificateVerifier created. 
2023-04-28 11:52:33,631  INFO | pool-3-thread-14 | e.europa.esig.dss.validation.CommonCertificateVerifier  | + New CommonCertificateVerifier created. 
2023-04-28 11:52:33,633  INFO | pool-3-thread-3 | eu.europa.esig.dss.validation.AIACertificateSource      | Retrieving C-40CAF0A89961B3BD99F375518D46AF7EBA9A0A0D15175DB103568030CF7671D8 certificate's issuer using AIA. 
2023-04-28 11:52:33,634  INFO | pool-3-thread-14 | eu.europa.esig.dss.validation.AIACertificateSource      | Retrieving C-40CAF0A89961B3BD99F375518D46AF7EBA9A0A0D15175DB103568030CF7671D8 certificate's issuer using AIA. 
2023-04-28 11:52:33,636  INFO | pool-3-thread-6 | e.europa.esig.dss.validation.CommonCertificateVerifier  | + New CommonCertificateVerifier created. 
2023-04-28 11:52:33,638  INFO | pool-3-thread-7 | e.e.esig.dss.xades.validation.XAdESCertificateSource    | +XAdESCertificateSource 
2023-04-28 11:52:33,638  INFO | pool-3-thread-2 | eu.europa.esig.dss.validation.AIACertificateSource      | Retrieving C-530B1D749BE7AD3A7BB78326B281DBCC5DF6EA5F414A7B29B970B6548B044907 certificate's issuer using AIA. 
2023-04-28 11:52:33,638  INFO | pool-3-thread-2 | eu.europa.esig.dss.spi.x509.aia.DefaultAIASource        | There is no AIA extension for certificate download. 
2023-04-28 11:52:33,639  INFO | pool-3-thread-6 | eu.europa.esig.dss.validation.AIACertificateSource      | Retrieving C-40CAF0A89961B3BD99F375518D46AF7EBA9A0A0D15175DB103568030CF7671D8 certificate's issuer using AIA. 
2023-04-28 11:52:33,639  WARN | pool-3-thread-2 | e.europa.esig.dss.validation.SignatureValidationContext | POE extraction is skipped for untrusted timestamp : T-26386383378D0C48268DAF57FEFF16A3E7A398A141E3F4EB26079F1DA4959501. 
2023-04-28 11:52:33,642  INFO | pool-3-thread-9 | eu.europa.esig.dss.validation.AIACertificateSource      | Retrieving C-530B1D749BE7AD3A7BB78326B281DBCC5DF6EA5F414A7B29B970B6548B044907 certificate's issuer using AIA. 
2023-04-28 11:52:33,642  INFO | pool-3-thread-9 | eu.europa.esig.dss.spi.x509.aia.DefaultAIASource        | There is no AIA extension for certificate download. 
2023-04-28 11:52:33,642  WARN | pool-3-thread-9 | e.europa.esig.dss.validation.SignatureValidationContext | POE extraction is skipped for untrusted timestamp : T-26386383378D0C48268DAF57FEFF16A3E7A398A141E3F4EB26079F1DA4959501. 
2023-04-28 11:52:33,642  INFO | pool-3-thread-11 | eu.europa.esig.dss.validation.AIACertificateSource      | Retrieving C-530B1D749BE7AD3A7BB78326B281DBCC5DF6EA5F414A7B29B970B6548B044907 certificate's issuer using AIA. 
2023-04-28 11:52:33,642  INFO | pool-3-thread-11 | eu.europa.esig.dss.spi.x509.aia.DefaultAIASource        | There is no AIA extension for certificate download. 
2023-04-28 11:52:33,643  WARN | pool-3-thread-11 | e.europa.esig.dss.validation.SignatureValidationContext | POE extraction is skipped for untrusted timestamp : T-26386383378D0C48268DAF57FEFF16A3E7A398A141E3F4EB26079F1DA4959501. 
2023-04-28 11:52:33,643  WARN | pool-3-thread-2 | e.europa.esig.dss.validation.SignatureValidationContext | No revocation found for the certificate C-CF92871488972946BA2863A316F06A75ADDE69F19608DCBEEBA26026CF3A5E12 
2023-04-28 11:52:33,644  INFO | pool-3-thread-7 | e.europa.esig.dss.validation.CommonCertificateVerifier  | + New CommonCertificateVerifier created. 
2023-04-28 11:52:33,645  WARN | pool-3-thread-2 | e.europa.esig.dss.validation.SignatureValidationContext | No revocation found for the certificate C-40CAF0A89961B3BD99F375518D46AF7EBA9A0A0D15175DB103568030CF7671D8 
2023-04-28 11:52:33,646  WARN | pool-3-thread-9 | e.europa.esig.dss.validation.SignatureValidationContext | No revocation found for the certificate C-CF92871488972946BA2863A316F06A75ADDE69F19608DCBEEBA26026CF3A5E12 
2023-04-28 11:52:33,646  INFO | pool-3-thread-7 | eu.europa.esig.dss.validation.AIACertificateSource      | Retrieving C-40CAF0A89961B3BD99F375518D46AF7EBA9A0A0D15175DB103568030CF7671D8 certificate's issuer using AIA. 
2023-04-28 11:52:33,647  WARN | pool-3-thread-11 | e.europa.esig.dss.validation.SignatureValidationContext | No revocation found for the certificate C-CF92871488972946BA2863A316F06A75ADDE69F19608DCBEEBA26026CF3A5E12 
2023-04-28 11:52:33,647  WARN | pool-3-thread-9 | e.europa.esig.dss.validation.SignatureValidationContext | No revocation found for the certificate C-40CAF0A89961B3BD99F375518D46AF7EBA9A0A0D15175DB103568030CF7671D8 
2023-04-28 11:52:33,649  WARN | pool-3-thread-11 | e.europa.esig.dss.validation.SignatureValidationContext | No revocation found for the certificate C-40CAF0A89961B3BD99F375518D46AF7EBA9A0A0D15175DB103568030CF7671D8 
2023-04-28 11:52:33,650  WARN | pool-3-thread-9 | e.europa.esig.dss.validation.SignatureValidationContext | Issuer not found for certificate C-530B1D749BE7AD3A7BB78326B281DBCC5DF6EA5F414A7B29B970B6548B044907 
2023-04-28 11:52:33,650  WARN | pool-3-thread-9 | e.europa.esig.dss.validation.SignatureValidationContext | No revocation found for the certificate C-BED0F19ED46D94900D2A9FCD7C6F660B61FF7588D8B71CF8F279D5FAA3021CCF 
2023-04-28 11:52:33,651  WARN | pool-3-thread-9 | eu.europa.esig.dss.validation.DiagnosticDataBuilder     | Provided CertificateSource configuration contains none of trusted sources of type TRUSTED_STORE or TRUSTED_LIST! 
2023-04-28 11:52:33,652  WARN | pool-3-thread-2 | e.europa.esig.dss.validation.SignatureValidationContext | Issuer not found for certificate C-530B1D749BE7AD3A7BB78326B281DBCC5DF6EA5F414A7B29B970B6548B044907 
2023-04-28 11:52:33,652  WARN | pool-3-thread-2 | e.europa.esig.dss.validation.SignatureValidationContext | No revocation found for the certificate C-BED0F19ED46D94900D2A9FCD7C6F660B61FF7588D8B71CF8F279D5FAA3021CCF 
2023-04-28 11:52:33,652  WARN | pool-3-thread-11 | e.europa.esig.dss.validation.SignatureValidationContext | Issuer not found for certificate C-530B1D749BE7AD3A7BB78326B281DBCC5DF6EA5F414A7B29B970B6548B044907 
2023-04-28 11:52:33,653  WARN | pool-3-thread-2 | eu.europa.esig.dss.validation.DiagnosticDataBuilder     | Provided CertificateSource configuration contains none of trusted sources of type TRUSTED_STORE or TRUSTED_LIST! 
2023-04-28 11:52:33,653  WARN | pool-3-thread-11 | e.europa.esig.dss.validation.SignatureValidationContext | No revocation found for the certificate C-BED0F19ED46D94900D2A9FCD7C6F660B61FF7588D8B71CF8F279D5FAA3021CCF 
2023-04-28 11:52:33,653  WARN | pool-3-thread-11 | eu.europa.esig.dss.validation.DiagnosticDataBuilder     | Provided CertificateSource configuration contains none of trusted sources of type TRUSTED_STORE or TRUSTED_LIST! 
2023-04-28 11:52:33,686  INFO | pool-3-thread-15 | eu.europa.esig.dss.validation.SignedDocumentValidator   | Document validation... 
2023-04-28 11:52:33,686  INFO | pool-3-thread-9 | eu.europa.esig.dss.validation.SignedDocumentValidator   | Document validation... 
2023-04-28 11:52:33,690  INFO | pool-3-thread-2 | eu.europa.esig.dss.validation.SignedDocumentValidator   | Document validation... 
2023-04-28 11:52:33,691  INFO | pool-3-thread-15 | e.europa.esig.dss.validation.CommonCertificateVerifier  | + New CommonCertificateVerifier created. 
2023-04-28 11:52:33,691  INFO | pool-3-thread-9 | e.europa.esig.dss.validation.CommonCertificateVerifier  | + New CommonCertificateVerifier created. 
2023-04-28 11:52:33,692  INFO | pool-3-thread-11 | eu.europa.esig.dss.validation.SignedDocumentValidator   | Document validation... 
2023-04-28 11:52:33,694  INFO | pool-3-thread-15 | eu.europa.esig.dss.xades.validation.ManifestValidator   | Validation of the manifest references ... 
2023-04-28 11:52:33,694  INFO | pool-3-thread-9 | eu.europa.esig.dss.xades.validation.ManifestValidator   | Validation of the manifest references ... 
2023-04-28 11:52:33,695  INFO | pool-3-thread-2 | e.europa.esig.dss.validation.CommonCertificateVerifier  | + New CommonCertificateVerifier created. 
2023-04-28 11:52:33,696  INFO | pool-3-thread-2 | eu.europa.esig.dss.xades.validation.ManifestValidator   | Validation of the manifest references ... 
2023-04-28 11:52:33,699  INFO | pool-3-thread-11 | e.europa.esig.dss.validation.CommonCertificateVerifier  | + New CommonCertificateVerifier created. 
2023-04-28 11:52:33,701  INFO | pool-3-thread-11 | eu.europa.esig.dss.xades.validation.ManifestValidator   | Validation of the manifest references ... 
2023-04-28 11:52:33,729  INFO | pool-3-thread-8 | eu.europa.esig.dss.validation.AIACertificateSource      | Retrieving C-530B1D749BE7AD3A7BB78326B281DBCC5DF6EA5F414A7B29B970B6548B044907 certificate's issuer using AIA. 
2023-04-28 11:52:33,729  INFO | pool-3-thread-8 | eu.europa.esig.dss.spi.x509.aia.DefaultAIASource        | There is no AIA extension for certificate download. 
2023-04-28 11:52:33,730  WARN | pool-3-thread-8 | e.europa.esig.dss.validation.SignatureValidationContext | POE extraction is skipped for untrusted timestamp : T-26386383378D0C48268DAF57FEFF16A3E7A398A141E3F4EB26079F1DA4959501. 
2023-04-28 11:52:33,730  INFO | pool-3-thread-7 | eu.europa.esig.dss.validation.AIACertificateSource      | Retrieving C-530B1D749BE7AD3A7BB78326B281DBCC5DF6EA5F414A7B29B970B6548B044907 certificate's issuer using AIA. 
2023-04-28 11:52:33,730  INFO | pool-3-thread-7 | eu.europa.esig.dss.spi.x509.aia.DefaultAIASource        | There is no AIA extension for certificate download. 
2023-04-28 11:52:33,730  INFO | pool-3-thread-6 | eu.europa.esig.dss.validation.AIACertificateSource      | Retrieving C-530B1D749BE7AD3A7BB78326B281DBCC5DF6EA5F414A7B29B970B6548B044907 certificate's issuer using AIA. 
2023-04-28 11:52:33,730  INFO | pool-3-thread-6 | eu.europa.esig.dss.spi.x509.aia.DefaultAIASource        | There is no AIA extension for certificate download. 
2023-04-28 11:52:33,730  INFO | pool-3-thread-1 | eu.europa.esig.dss.validation.AIACertificateSource      | Retrieving C-530B1D749BE7AD3A7BB78326B281DBCC5DF6EA5F414A7B29B970B6548B044907 certificate's issuer using AIA. 
2023-04-28 11:52:33,730  INFO | pool-3-thread-1 | eu.europa.esig.dss.spi.x509.aia.DefaultAIASource        | There is no AIA extension for certificate download. 
2023-04-28 11:52:33,731  WARN | pool-3-thread-7 | e.europa.esig.dss.validation.SignatureValidationContext | POE extraction is skipped for untrusted timestamp : T-26386383378D0C48268DAF57FEFF16A3E7A398A141E3F4EB26079F1DA4959501. 
2023-04-28 11:52:33,731  WARN | pool-3-thread-6 | e.europa.esig.dss.validation.SignatureValidationContext | POE extraction is skipped for untrusted timestamp : T-26386383378D0C48268DAF57FEFF16A3E7A398A141E3F4EB26079F1DA4959501. 
2023-04-28 11:52:33,731  WARN | pool-3-thread-1 | e.europa.esig.dss.validation.SignatureValidationContext | POE extraction is skipped for untrusted timestamp : T-26386383378D0C48268DAF57FEFF16A3E7A398A141E3F4EB26079F1DA4959501. 
2023-04-28 11:52:33,733  INFO | pool-3-thread-10 | eu.europa.esig.dss.validation.AIACertificateSource      | Retrieving C-530B1D749BE7AD3A7BB78326B281DBCC5DF6EA5F414A7B29B970B6548B044907 certificate's issuer using AIA. 
2023-04-28 11:52:33,733  INFO | pool-3-thread-10 | eu.europa.esig.dss.spi.x509.aia.DefaultAIASource        | There is no AIA extension for certificate download. 
2023-04-28 11:52:33,734  WARN | pool-3-thread-10 | e.europa.esig.dss.validation.SignatureValidationContext | POE extraction is skipped for untrusted timestamp : T-26386383378D0C48268DAF57FEFF16A3E7A398A141E3F4EB26079F1DA4959501. 
2023-04-28 11:52:33,734  WARN | pool-3-thread-8 | e.europa.esig.dss.validation.SignatureValidationContext | No revocation found for the certificate C-CF92871488972946BA2863A316F06A75ADDE69F19608DCBEEBA26026CF3A5E12 
2023-04-28 11:52:33,734  WARN | pool-3-thread-7 | e.europa.esig.dss.validation.SignatureValidationContext | No revocation found for the certificate C-CF92871488972946BA2863A316F06A75ADDE69F19608DCBEEBA26026CF3A5E12 
2023-04-28 11:52:33,735  WARN | pool-3-thread-1 | e.europa.esig.dss.validation.SignatureValidationContext | No revocation found for the certificate C-CF92871488972946BA2863A316F06A75ADDE69F19608DCBEEBA26026CF3A5E12 
2023-04-28 11:52:33,735  WARN | pool-3-thread-8 | e.europa.esig.dss.validation.SignatureValidationContext | No revocation found for the certificate C-40CAF0A89961B3BD99F375518D46AF7EBA9A0A0D15175DB103568030CF7671D8 
2023-04-28 11:52:33,735  WARN | pool-3-thread-6 | e.europa.esig.dss.validation.SignatureValidationContext | No revocation found for the certificate C-CF92871488972946BA2863A316F06A75ADDE69F19608DCBEEBA26026CF3A5E12 
2023-04-28 11:52:33,736  WARN | pool-3-thread-7 | e.europa.esig.dss.validation.SignatureValidationContext | No revocation found for the certificate C-40CAF0A89961B3BD99F375518D46AF7EBA9A0A0D15175DB103568030CF7671D8 
2023-04-28 11:52:33,736  WARN | pool-3-thread-1 | e.europa.esig.dss.validation.SignatureValidationContext | No revocation found for the certificate C-40CAF0A89961B3BD99F375518D46AF7EBA9A0A0D15175DB103568030CF7671D8 
2023-04-28 11:52:33,737  WARN | pool-3-thread-6 | e.europa.esig.dss.validation.SignatureValidationContext | No revocation found for the certificate C-40CAF0A89961B3BD99F375518D46AF7EBA9A0A0D15175DB103568030CF7671D8 
2023-04-28 11:52:33,737  WARN | pool-3-thread-10 | e.europa.esig.dss.validation.SignatureValidationContext | No revocation found for the certificate C-CF92871488972946BA2863A316F06A75ADDE69F19608DCBEEBA26026CF3A5E12 
2023-04-28 11:52:33,738  WARN | pool-3-thread-8 | e.europa.esig.dss.validation.SignatureValidationContext | Issuer not found for certificate C-530B1D749BE7AD3A7BB78326B281DBCC5DF6EA5F414A7B29B970B6548B044907 
2023-04-28 11:52:33,738  WARN | pool-3-thread-7 | e.europa.esig.dss.validation.SignatureValidationContext | Issuer not found for certificate C-530B1D749BE7AD3A7BB78326B281DBCC5DF6EA5F414A7B29B970B6548B044907 
2023-04-28 11:52:33,738  WARN | pool-3-thread-7 | e.europa.esig.dss.validation.SignatureValidationContext | No revocation found for the certificate C-BED0F19ED46D94900D2A9FCD7C6F660B61FF7588D8B71CF8F279D5FAA3021CCF 
2023-04-28 11:52:33,738  WARN | pool-3-thread-8 | e.europa.esig.dss.validation.SignatureValidationContext | No revocation found for the certificate C-BED0F19ED46D94900D2A9FCD7C6F660B61FF7588D8B71CF8F279D5FAA3021CCF 
2023-04-28 11:52:33,739  WARN | pool-3-thread-7 | eu.europa.esig.dss.validation.DiagnosticDataBuilder     | Provided CertificateSource configuration contains none of trusted sources of type TRUSTED_STORE or TRUSTED_LIST! 
2023-04-28 11:52:33,739  WARN | pool-3-thread-10 | e.europa.esig.dss.validation.SignatureValidationContext | No revocation found for the certificate C-40CAF0A89961B3BD99F375518D46AF7EBA9A0A0D15175DB103568030CF7671D8 
2023-04-28 11:52:33,739  WARN | pool-3-thread-8 | eu.europa.esig.dss.validation.DiagnosticDataBuilder     | Provided CertificateSource configuration contains none of trusted sources of type TRUSTED_STORE or TRUSTED_LIST! 
2023-04-28 11:52:33,739  WARN | pool-3-thread-1 | e.europa.esig.dss.validation.SignatureValidationContext | Issuer not found for certificate C-530B1D749BE7AD3A7BB78326B281DBCC5DF6EA5F414A7B29B970B6548B044907 
2023-04-28 11:52:33,739  WARN | pool-3-thread-1 | e.europa.esig.dss.validation.SignatureValidationContext | No revocation found for the certificate C-BED0F19ED46D94900D2A9FCD7C6F660B61FF7588D8B71CF8F279D5FAA3021CCF 
2023-04-28 11:52:33,739  WARN | pool-3-thread-6 | e.europa.esig.dss.validation.SignatureValidationContext | Issuer not found for certificate C-530B1D749BE7AD3A7BB78326B281DBCC5DF6EA5F414A7B29B970B6548B044907 
2023-04-28 11:52:33,740  WARN | pool-3-thread-1 | eu.europa.esig.dss.validation.DiagnosticDataBuilder     | Provided CertificateSource configuration contains none of trusted sources of type TRUSTED_STORE or TRUSTED_LIST! 
2023-04-28 11:52:33,740  WARN | pool-3-thread-6 | e.europa.esig.dss.validation.SignatureValidationContext | No revocation found for the certificate C-BED0F19ED46D94900D2A9FCD7C6F660B61FF7588D8B71CF8F279D5FAA3021CCF 
2023-04-28 11:52:33,740  WARN | pool-3-thread-6 | eu.europa.esig.dss.validation.DiagnosticDataBuilder     | Provided CertificateSource configuration contains none of trusted sources of type TRUSTED_STORE or TRUSTED_LIST! 
2023-04-28 11:52:33,741  WARN | pool-3-thread-10 | e.europa.esig.dss.validation.SignatureValidationContext | Issuer not found for certificate C-530B1D749BE7AD3A7BB78326B281DBCC5DF6EA5F414A7B29B970B6548B044907 
2023-04-28 11:52:33,742  WARN | pool-3-thread-10 | e.europa.esig.dss.validation.SignatureValidationContext | No revocation found for the certificate C-BED0F19ED46D94900D2A9FCD7C6F660B61FF7588D8B71CF8F279D5FAA3021CCF 
2023-04-28 11:52:33,742  WARN | pool-3-thread-10 | eu.europa.esig.dss.validation.DiagnosticDataBuilder     | Provided CertificateSource configuration contains none of trusted sources of type TRUSTED_STORE or TRUSTED_LIST! 
2023-04-28 11:52:33,775  INFO | pool-3-thread-13 | eu.europa.esig.dss.validation.AIACertificateSource      | Retrieving C-530B1D749BE7AD3A7BB78326B281DBCC5DF6EA5F414A7B29B970B6548B044907 certificate's issuer using AIA. 
2023-04-28 11:52:33,775  INFO | pool-3-thread-18 | eu.europa.esig.dss.validation.AIACertificateSource      | Retrieving C-530B1D749BE7AD3A7BB78326B281DBCC5DF6EA5F414A7B29B970B6548B044907 certificate's issuer using AIA. 
2023-04-28 11:52:33,775  INFO | pool-3-thread-13 | eu.europa.esig.dss.spi.x509.aia.DefaultAIASource        | There is no AIA extension for certificate download. 
2023-04-28 11:52:33,775  INFO | pool-3-thread-18 | eu.europa.esig.dss.spi.x509.aia.DefaultAIASource        | There is no AIA extension for certificate download. 
2023-04-28 11:52:33,775  INFO | pool-3-thread-1 | eu.europa.esig.dss.validation.SignedDocumentValidator   | Document validation... 
2023-04-28 11:52:33,775  INFO | pool-3-thread-8 | eu.europa.esig.dss.validation.SignedDocumentValidator   | Document validation... 
2023-04-28 11:52:33,775  WARN | pool-3-thread-13 | e.europa.esig.dss.validation.SignatureValidationContext | POE extraction is skipped for untrusted timestamp : T-26386383378D0C48268DAF57FEFF16A3E7A398A141E3F4EB26079F1DA4959501. 
2023-04-28 11:52:33,775  WARN | pool-3-thread-18 | e.europa.esig.dss.validation.SignatureValidationContext | POE extraction is skipped for untrusted timestamp : T-26386383378D0C48268DAF57FEFF16A3E7A398A141E3F4EB26079F1DA4959501. 
2023-04-28 11:52:33,778  INFO | pool-3-thread-12 | eu.europa.esig.dss.validation.AIACertificateSource      | Retrieving C-530B1D749BE7AD3A7BB78326B281DBCC5DF6EA5F414A7B29B970B6548B044907 certificate's issuer using AIA. 
2023-04-28 11:52:33,778  INFO | pool-3-thread-12 | eu.europa.esig.dss.spi.x509.aia.DefaultAIASource        | There is no AIA extension for certificate download. 
2023-04-28 11:52:33,779  INFO | pool-3-thread-16 | eu.europa.esig.dss.validation.AIACertificateSource      | Retrieving C-530B1D749BE7AD3A7BB78326B281DBCC5DF6EA5F414A7B29B970B6548B044907 certificate's issuer using AIA. 
2023-04-28 11:52:33,779  INFO | pool-3-thread-16 | eu.europa.esig.dss.spi.x509.aia.DefaultAIASource        | There is no AIA extension for certificate download. 
2023-04-28 11:52:33,779  WARN | pool-3-thread-18 | e.europa.esig.dss.validation.SignatureValidationContext | No revocation found for the certificate C-CF92871488972946BA2863A316F06A75ADDE69F19608DCBEEBA26026CF3A5E12 
2023-04-28 11:52:33,779  INFO | pool-3-thread-4 | eu.europa.esig.dss.validation.AIACertificateSource      | Retrieving C-530B1D749BE7AD3A7BB78326B281DBCC5DF6EA5F414A7B29B970B6548B044907 certificate's issuer using AIA. 
2023-04-28 11:52:33,779  INFO | pool-3-thread-4 | eu.europa.esig.dss.spi.x509.aia.DefaultAIASource        | There is no AIA extension for certificate download. 
2023-04-28 11:52:33,779  WARN | pool-3-thread-13 | e.europa.esig.dss.validation.SignatureValidationContext | No revocation found for the certificate C-CF92871488972946BA2863A316F06A75ADDE69F19608DCBEEBA26026CF3A5E12 
2023-04-28 11:52:33,779  WARN | pool-3-thread-12 | e.europa.esig.dss.validation.SignatureValidationContext | POE extraction is skipped for untrusted timestamp : T-26386383378D0C48268DAF57FEFF16A3E7A398A141E3F4EB26079F1DA4959501. 
2023-04-28 11:52:33,779  WARN | pool-3-thread-16 | e.europa.esig.dss.validation.SignatureValidationContext | POE extraction is skipped for untrusted timestamp : T-26386383378D0C48268DAF57FEFF16A3E7A398A141E3F4EB26079F1DA4959501. 
2023-04-28 11:52:33,780  WARN | pool-3-thread-4 | e.europa.esig.dss.validation.SignatureValidationContext | POE extraction is skipped for untrusted timestamp : T-26386383378D0C48268DAF57FEFF16A3E7A398A141E3F4EB26079F1DA4959501. 
2023-04-28 11:52:33,780  INFO | pool-3-thread-3 | eu.europa.esig.dss.validation.AIACertificateSource      | Retrieving C-530B1D749BE7AD3A7BB78326B281DBCC5DF6EA5F414A7B29B970B6548B044907 certificate's issuer using AIA. 
2023-04-28 11:52:33,780  INFO | pool-3-thread-3 | eu.europa.esig.dss.spi.x509.aia.DefaultAIASource        | There is no AIA extension for certificate download. 
2023-04-28 11:52:33,780  WARN | pool-3-thread-3 | e.europa.esig.dss.validation.SignatureValidationContext | POE extraction is skipped for untrusted timestamp : T-26386383378D0C48268DAF57FEFF16A3E7A398A141E3F4EB26079F1DA4959501. 
2023-04-28 11:52:33,780  WARN | pool-3-thread-18 | e.europa.esig.dss.validation.SignatureValidationContext | No revocation found for the certificate C-40CAF0A89961B3BD99F375518D46AF7EBA9A0A0D15175DB103568030CF7671D8 
2023-04-28 11:52:33,781  INFO | pool-3-thread-14 | eu.europa.esig.dss.validation.AIACertificateSource      | Retrieving C-530B1D749BE7AD3A7BB78326B281DBCC5DF6EA5F414A7B29B970B6548B044907 certificate's issuer using AIA. 
2023-04-28 11:52:33,781  INFO | pool-3-thread-14 | eu.europa.esig.dss.spi.x509.aia.DefaultAIASource        | There is no AIA extension for certificate download. 
2023-04-28 11:52:33,782  WARN | pool-3-thread-13 | e.europa.esig.dss.validation.SignatureValidationContext | No revocation found for the certificate C-40CAF0A89961B3BD99F375518D46AF7EBA9A0A0D15175DB103568030CF7671D8 
2023-04-28 11:52:33,783  WARN | pool-3-thread-14 | e.europa.esig.dss.validation.SignatureValidationContext | POE extraction is skipped for untrusted timestamp : T-26386383378D0C48268DAF57FEFF16A3E7A398A141E3F4EB26079F1DA4959501. 
2023-04-28 11:52:33,783  WARN | pool-3-thread-12 | e.europa.esig.dss.validation.SignatureValidationContext | No revocation found for the certificate C-CF92871488972946BA2863A316F06A75ADDE69F19608DCBEEBA26026CF3A5E12 
2023-04-28 11:52:33,784  WARN | pool-3-thread-4 | e.europa.esig.dss.validation.SignatureValidationContext | No revocation found for the certificate C-CF92871488972946BA2863A316F06A75ADDE69F19608DCBEEBA26026CF3A5E12 
2023-04-28 11:52:33,784  WARN | pool-3-thread-18 | e.europa.esig.dss.validation.SignatureValidationContext | Issuer not found for certificate C-530B1D749BE7AD3A7BB78326B281DBCC5DF6EA5F414A7B29B970B6548B044907 
2023-04-28 11:52:33,784  WARN | pool-3-thread-18 | e.europa.esig.dss.validation.SignatureValidationContext | No revocation found for the certificate C-BED0F19ED46D94900D2A9FCD7C6F660B61FF7588D8B71CF8F279D5FAA3021CCF 
2023-04-28 11:52:33,785  WARN | pool-3-thread-3 | e.europa.esig.dss.validation.SignatureValidationContext | No revocation found for the certificate C-CF92871488972946BA2863A316F06A75ADDE69F19608DCBEEBA26026CF3A5E12 
2023-04-28 11:52:33,785  WARN | pool-3-thread-18 | eu.europa.esig.dss.validation.DiagnosticDataBuilder     | Provided CertificateSource configuration contains none of trusted sources of type TRUSTED_STORE or TRUSTED_LIST! 
2023-04-28 11:52:33,785  WARN | pool-3-thread-12 | e.europa.esig.dss.validation.SignatureValidationContext | No revocation found for the certificate C-40CAF0A89961B3BD99F375518D46AF7EBA9A0A0D15175DB103568030CF7671D8 
2023-04-28 11:52:33,785  INFO | pool-3-thread-20 | eu.europa.esig.dss.validation.AIACertificateSource      | Retrieving C-530B1D749BE7AD3A7BB78326B281DBCC5DF6EA5F414A7B29B970B6548B044907 certificate's issuer using AIA. 
2023-04-28 11:52:33,785  INFO | pool-3-thread-20 | eu.europa.esig.dss.spi.x509.aia.DefaultAIASource        | There is no AIA extension for certificate download. 
2023-04-28 11:52:33,785  WARN | pool-3-thread-4 | e.europa.esig.dss.validation.SignatureValidationContext | No revocation found for the certificate C-40CAF0A89961B3BD99F375518D46AF7EBA9A0A0D15175DB103568030CF7671D8 
2023-04-28 11:52:33,786  WARN | pool-3-thread-20 | e.europa.esig.dss.validation.SignatureValidationContext | POE extraction is skipped for untrusted timestamp : T-26386383378D0C48268DAF57FEFF16A3E7A398A141E3F4EB26079F1DA4959501. 
2023-04-28 11:52:33,786  WARN | pool-3-thread-13 | e.europa.esig.dss.validation.SignatureValidationContext | Issuer not found for certificate C-530B1D749BE7AD3A7BB78326B281DBCC5DF6EA5F414A7B29B970B6548B044907 
2023-04-28 11:52:33,786  WARN | pool-3-thread-3 | e.europa.esig.dss.validation.SignatureValidationContext | No revocation found for the certificate C-40CAF0A89961B3BD99F375518D46AF7EBA9A0A0D15175DB103568030CF7671D8 
2023-04-28 11:52:33,786  WARN | pool-3-thread-13 | e.europa.esig.dss.validation.SignatureValidationContext | No revocation found for the certificate C-BED0F19ED46D94900D2A9FCD7C6F660B61FF7588D8B71CF8F279D5FAA3021CCF 
2023-04-28 11:52:33,787  WARN | pool-3-thread-13 | eu.europa.esig.dss.validation.DiagnosticDataBuilder     | Provided CertificateSource configuration contains none of trusted sources of type TRUSTED_STORE or TRUSTED_LIST! 
2023-04-28 11:52:33,787  WARN | pool-3-thread-14 | e.europa.esig.dss.validation.SignatureValidationContext | No revocation found for the certificate C-CF92871488972946BA2863A316F06A75ADDE69F19608DCBEEBA26026CF3A5E12 
2023-04-28 11:52:33,787  WARN | pool-3-thread-4 | e.europa.esig.dss.validation.SignatureValidationContext | Issuer not found for certificate C-530B1D749BE7AD3A7BB78326B281DBCC5DF6EA5F414A7B29B970B6548B044907 
2023-04-28 11:52:33,787  WARN | pool-3-thread-12 | e.europa.esig.dss.validation.SignatureValidationContext | Issuer not found for certificate C-530B1D749BE7AD3A7BB78326B281DBCC5DF6EA5F414A7B29B970B6548B044907 
2023-04-28 11:52:33,788  WARN | pool-3-thread-4 | e.europa.esig.dss.validation.SignatureValidationContext | No revocation found for the certificate C-BED0F19ED46D94900D2A9FCD7C6F660B61FF7588D8B71CF8F279D5FAA3021CCF 
2023-04-28 11:52:33,788  WARN | pool-3-thread-12 | e.europa.esig.dss.validation.SignatureValidationContext | No revocation found for the certificate C-BED0F19ED46D94900D2A9FCD7C6F660B61FF7588D8B71CF8F279D5FAA3021CCF 
2023-04-28 11:52:33,788  WARN | pool-3-thread-14 | e.europa.esig.dss.validation.SignatureValidationContext | No revocation found for the certificate C-40CAF0A89961B3BD99F375518D46AF7EBA9A0A0D15175DB103568030CF7671D8 
2023-04-28 11:52:33,788  WARN | pool-3-thread-4 | eu.europa.esig.dss.validation.DiagnosticDataBuilder     | Provided CertificateSource configuration contains none of trusted sources of type TRUSTED_STORE or TRUSTED_LIST! 
2023-04-28 11:52:33,788  WARN | pool-3-thread-12 | eu.europa.esig.dss.validation.DiagnosticDataBuilder     | Provided CertificateSource configuration contains none of trusted sources of type TRUSTED_STORE or TRUSTED_LIST! 
2023-04-28 11:52:33,788  WARN | pool-3-thread-3 | e.europa.esig.dss.validation.SignatureValidationContext | Issuer not found for certificate C-530B1D749BE7AD3A7BB78326B281DBCC5DF6EA5F414A7B29B970B6548B044907 
2023-04-28 11:52:33,789  WARN | pool-3-thread-3 | e.europa.esig.dss.validation.SignatureValidationContext | No revocation found for the certificate C-BED0F19ED46D94900D2A9FCD7C6F660B61FF7588D8B71CF8F279D5FAA3021CCF 
2023-04-28 11:52:33,789  WARN | pool-3-thread-20 | e.europa.esig.dss.validation.SignatureValidationContext | No revocation found for the certificate C-CF92871488972946BA2863A316F06A75ADDE69F19608DCBEEBA26026CF3A5E12 
2023-04-28 11:52:33,789  WARN | pool-3-thread-3 | eu.europa.esig.dss.validation.DiagnosticDataBuilder     | Provided CertificateSource configuration contains none of trusted sources of type TRUSTED_STORE or TRUSTED_LIST! 
2023-04-28 11:52:33,789  INFO | pool-3-thread-5 | eu.europa.esig.dss.validation.AIACertificateSource      | Retrieving C-530B1D749BE7AD3A7BB78326B281DBCC5DF6EA5F414A7B29B970B6548B044907 certificate's issuer using AIA. 
2023-04-28 11:52:33,789  INFO | pool-3-thread-5 | eu.europa.esig.dss.spi.x509.aia.DefaultAIASource        | There is no AIA extension for certificate download. 
2023-04-28 11:52:33,790  WARN | pool-3-thread-5 | e.europa.esig.dss.validation.SignatureValidationContext | POE extraction is skipped for untrusted timestamp : T-26386383378D0C48268DAF57FEFF16A3E7A398A141E3F4EB26079F1DA4959501. 
2023-04-28 11:52:33,790  WARN | pool-3-thread-20 | e.europa.esig.dss.validation.SignatureValidationContext | No revocation found for the certificate C-40CAF0A89961B3BD99F375518D46AF7EBA9A0A0D15175DB103568030CF7671D8 
2023-04-28 11:52:33,783  WARN | pool-3-thread-16 | e.europa.esig.dss.validation.SignatureValidationContext | No revocation found for the certificate C-CF92871488972946BA2863A316F06A75ADDE69F19608DCBEEBA26026CF3A5E12 
2023-04-28 11:52:33,791  WARN | pool-3-thread-14 | e.europa.esig.dss.validation.SignatureValidationContext | Issuer not found for certificate C-530B1D749BE7AD3A7BB78326B281DBCC5DF6EA5F414A7B29B970B6548B044907 
2023-04-28 11:52:33,791  WARN | pool-3-thread-14 | e.europa.esig.dss.validation.SignatureValidationContext | No revocation found for the certificate C-BED0F19ED46D94900D2A9FCD7C6F660B61FF7588D8B71CF8F279D5FAA3021CCF 
2023-04-28 11:52:33,791  INFO | pool-3-thread-17 | eu.europa.esig.dss.validation.AIACertificateSource      | Retrieving C-530B1D749BE7AD3A7BB78326B281DBCC5DF6EA5F414A7B29B970B6548B044907 certificate's issuer using AIA. 
2023-04-28 11:52:33,791  INFO | pool-3-thread-17 | eu.europa.esig.dss.spi.x509.aia.DefaultAIASource        | There is no AIA extension for certificate download. 
2023-04-28 11:52:33,791  WARN | pool-3-thread-14 | eu.europa.esig.dss.validation.DiagnosticDataBuilder     | Provided CertificateSource configuration contains none of trusted sources of type TRUSTED_STORE or TRUSTED_LIST! 
2023-04-28 11:52:33,792  WARN | pool-3-thread-16 | e.europa.esig.dss.validation.SignatureValidationContext | No revocation found for the certificate C-40CAF0A89961B3BD99F375518D46AF7EBA9A0A0D15175DB103568030CF7671D8 
2023-04-28 11:52:33,792  WARN | pool-3-thread-17 | e.europa.esig.dss.validation.SignatureValidationContext | POE extraction is skipped for untrusted timestamp : T-26386383378D0C48268DAF57FEFF16A3E7A398A141E3F4EB26079F1DA4959501. 
2023-04-28 11:52:33,793  WARN | pool-3-thread-20 | e.europa.esig.dss.validation.SignatureValidationContext | Issuer not found for certificate C-530B1D749BE7AD3A7BB78326B281DBCC5DF6EA5F414A7B29B970B6548B044907 
2023-04-28 11:52:33,793  WARN | pool-3-thread-20 | e.europa.esig.dss.validation.SignatureValidationContext | No revocation found for the certificate C-BED0F19ED46D94900D2A9FCD7C6F660B61FF7588D8B71CF8F279D5FAA3021CCF 
2023-04-28 11:52:33,794  WARN | pool-3-thread-20 | eu.europa.esig.dss.validation.DiagnosticDataBuilder     | Provided CertificateSource configuration contains none of trusted sources of type TRUSTED_STORE or TRUSTED_LIST! 
2023-04-28 11:52:33,794  WARN | pool-3-thread-5 | e.europa.esig.dss.validation.SignatureValidationContext | No revocation found for the certificate C-CF92871488972946BA2863A316F06A75ADDE69F19608DCBEEBA26026CF3A5E12 
2023-04-28 11:52:33,794  WARN | pool-3-thread-16 | e.europa.esig.dss.validation.SignatureValidationContext | Issuer not found for certificate C-530B1D749BE7AD3A7BB78326B281DBCC5DF6EA5F414A7B29B970B6548B044907 
2023-04-28 11:52:33,795  WARN | pool-3-thread-16 | e.europa.esig.dss.validation.SignatureValidationContext | No revocation found for the certificate C-BED0F19ED46D94900D2A9FCD7C6F660B61FF7588D8B71CF8F279D5FAA3021CCF 
2023-04-28 11:52:33,795  WARN | pool-3-thread-16 | eu.europa.esig.dss.validation.DiagnosticDataBuilder     | Provided CertificateSource configuration contains none of trusted sources of type TRUSTED_STORE or TRUSTED_LIST! 
2023-04-28 11:52:33,795  WARN | pool-3-thread-17 | e.europa.esig.dss.validation.SignatureValidationContext | No revocation found for the certificate C-CF92871488972946BA2863A316F06A75ADDE69F19608DCBEEBA26026CF3A5E12 
2023-04-28 11:52:33,796  WARN | pool-3-thread-5 | e.europa.esig.dss.validation.SignatureValidationContext | No revocation found for the certificate C-40CAF0A89961B3BD99F375518D46AF7EBA9A0A0D15175DB103568030CF7671D8 
2023-04-28 11:52:33,797  WARN | pool-3-thread-17 | e.europa.esig.dss.validation.SignatureValidationContext | No revocation found for the certificate C-40CAF0A89961B3BD99F375518D46AF7EBA9A0A0D15175DB103568030CF7671D8 
2023-04-28 11:52:33,799  WARN | pool-3-thread-5 | e.europa.esig.dss.validation.SignatureValidationContext | Issuer not found for certificate C-530B1D749BE7AD3A7BB78326B281DBCC5DF6EA5F414A7B29B970B6548B044907 
2023-04-28 11:52:33,799  WARN | pool-3-thread-17 | e.europa.esig.dss.validation.SignatureValidationContext | Issuer not found for certificate C-530B1D749BE7AD3A7BB78326B281DBCC5DF6EA5F414A7B29B970B6548B044907 
2023-04-28 11:52:33,799  WARN | pool-3-thread-17 | e.europa.esig.dss.validation.SignatureValidationContext | No revocation found for the certificate C-BED0F19ED46D94900D2A9FCD7C6F660B61FF7588D8B71CF8F279D5FAA3021CCF 
2023-04-28 11:52:33,799  WARN | pool-3-thread-5 | e.europa.esig.dss.validation.SignatureValidationContext | No revocation found for the certificate C-BED0F19ED46D94900D2A9FCD7C6F660B61FF7588D8B71CF8F279D5FAA3021CCF 
2023-04-28 11:52:33,799  WARN | pool-3-thread-17 | eu.europa.esig.dss.validation.DiagnosticDataBuilder     | Provided CertificateSource configuration contains none of trusted sources of type TRUSTED_STORE or TRUSTED_LIST! 
2023-04-28 11:52:33,799  WARN | pool-3-thread-5 | eu.europa.esig.dss.validation.DiagnosticDataBuilder     | Provided CertificateSource configuration contains none of trusted sources of type TRUSTED_STORE or TRUSTED_LIST! 
2023-04-28 11:52:33,801  INFO | pool-3-thread-1 | e.europa.esig.dss.validation.CommonCertificateVerifier  | + New CommonCertificateVerifier created. 
2023-04-28 11:52:33,829  INFO | pool-3-thread-1 | eu.europa.esig.dss.xades.validation.ManifestValidator   | Validation of the manifest references ... 
2023-04-28 11:52:33,846  INFO | pool-3-thread-8 | e.europa.esig.dss.validation.CommonCertificateVerifier  | + New CommonCertificateVerifier created. 
2023-04-28 11:52:33,848  INFO | pool-3-thread-8 | eu.europa.esig.dss.xades.validation.ManifestValidator   | Validation of the manifest references ... 
2023-04-28 11:52:33,861  INFO | pool-3-thread-7 | eu.europa.esig.dss.validation.SignedDocumentValidator   | Document validation... 
2023-04-28 11:52:33,868  INFO | pool-3-thread-7 | e.europa.esig.dss.validation.CommonCertificateVerifier  | + New CommonCertificateVerifier created. 
2023-04-28 11:52:33,870  INFO | pool-3-thread-7 | eu.europa.esig.dss.xades.validation.ManifestValidator   | Validation of the manifest references ... 
2023-04-28 11:52:33,902  INFO | pool-3-thread-6 | eu.europa.esig.dss.validation.SignedDocumentValidator   | Document validation... 
2023-04-28 11:52:33,902  INFO | pool-3-thread-18 | eu.europa.esig.dss.validation.SignedDocumentValidator   | Document validation... 
2023-04-28 11:52:33,907  INFO | pool-3-thread-18 | e.europa.esig.dss.validation.CommonCertificateVerifier  | + New CommonCertificateVerifier created. 
2023-04-28 11:52:33,908  INFO | pool-3-thread-6 | e.europa.esig.dss.validation.CommonCertificateVerifier  | + New CommonCertificateVerifier created. 
2023-04-28 11:52:33,910  INFO | pool-3-thread-18 | eu.europa.esig.dss.xades.validation.ManifestValidator   | Validation of the manifest references ... 
2023-04-28 11:52:33,910  INFO | pool-3-thread-6 | eu.europa.esig.dss.xades.validation.ManifestValidator   | Validation of the manifest references ... 
2023-04-28 11:52:33,927  INFO | pool-3-thread-9 | e.e.esig.dss.xades.validation.XAdESCertificateSource    | +XAdESCertificateSource 
2023-04-28 11:52:33,945  INFO | pool-3-thread-16 | eu.europa.esig.dss.validation.SignedDocumentValidator   | Document validation... 
2023-04-28 11:52:33,957  INFO | pool-3-thread-20 | eu.europa.esig.dss.validation.SignedDocumentValidator   | Document validation... 
2023-04-28 11:52:33,972  INFO | pool-3-thread-16 | e.europa.esig.dss.validation.CommonCertificateVerifier  | + New CommonCertificateVerifier created. 
2023-04-28 11:52:33,974  INFO | pool-3-thread-16 | eu.europa.esig.dss.xades.validation.ManifestValidator   | Validation of the manifest references ... 
2023-04-28 11:52:33,974  INFO | pool-3-thread-20 | e.europa.esig.dss.validation.CommonCertificateVerifier  | + New CommonCertificateVerifier created. 
2023-04-28 11:52:33,975  INFO | pool-3-thread-20 | eu.europa.esig.dss.xades.validation.ManifestValidator   | Validation of the manifest references ... 
2023-04-28 11:52:33,980  INFO | pool-3-thread-17 | eu.europa.esig.dss.validation.SignedDocumentValidator   | Document validation... 
2023-04-28 11:52:33,987  INFO | pool-3-thread-9 | e.europa.esig.dss.validation.CommonCertificateVerifier  | + New CommonCertificateVerifier created. 
2023-04-28 11:52:33,987  INFO | pool-3-thread-17 | e.europa.esig.dss.validation.CommonCertificateVerifier  | + New CommonCertificateVerifier created. 
2023-04-28 11:52:33,988  INFO | pool-3-thread-17 | eu.europa.esig.dss.xades.validation.ManifestValidator   | Validation of the manifest references ... 
2023-04-28 11:52:33,989  INFO | pool-3-thread-9 | eu.europa.esig.dss.validation.AIACertificateSource      | Retrieving C-40CAF0A89961B3BD99F375518D46AF7EBA9A0A0D15175DB103568030CF7671D8 certificate's issuer using AIA. 
2023-04-28 11:52:34,001  INFO | pool-3-thread-1 | e.e.esig.dss.xades.validation.XAdESCertificateSource    | +XAdESCertificateSource 
2023-04-28 11:52:34,009  INFO | pool-3-thread-1 | e.europa.esig.dss.validation.CommonCertificateVerifier  | + New CommonCertificateVerifier created. 
2023-04-28 11:52:34,011  INFO | pool-3-thread-15 | e.e.esig.dss.xades.validation.XAdESCertificateSource    | +XAdESCertificateSource 
2023-04-28 11:52:34,011  INFO | pool-3-thread-1 | eu.europa.esig.dss.validation.AIACertificateSource      | Retrieving C-40CAF0A89961B3BD99F375518D46AF7EBA9A0A0D15175DB103568030CF7671D8 certificate's issuer using AIA. 
2023-04-28 11:52:34,027  INFO | pool-3-thread-15 | e.europa.esig.dss.validation.CommonCertificateVerifier  | + New CommonCertificateVerifier created. 
2023-04-28 11:52:34,030  INFO | pool-3-thread-15 | eu.europa.esig.dss.validation.AIACertificateSource      | Retrieving C-40CAF0A89961B3BD99F375518D46AF7EBA9A0A0D15175DB103568030CF7671D8 certificate's issuer using AIA. 
2023-04-28 11:52:34,069  INFO | pool-3-thread-8 | e.e.esig.dss.xades.validation.XAdESCertificateSource    | +XAdESCertificateSource 
2023-04-28 11:52:34,072  INFO | pool-3-thread-2 | e.e.esig.dss.xades.validation.XAdESCertificateSource    | +XAdESCertificateSource 
2023-04-28 11:52:34,077  INFO | pool-3-thread-8 | e.europa.esig.dss.validation.CommonCertificateVerifier  | + New CommonCertificateVerifier created. 
2023-04-28 11:52:34,079  INFO | pool-3-thread-11 | e.e.esig.dss.xades.validation.XAdESCertificateSource    | +XAdESCertificateSource 
2023-04-28 11:52:34,080  INFO | pool-3-thread-8 | eu.europa.esig.dss.validation.AIACertificateSource      | Retrieving C-40CAF0A89961B3BD99F375518D46AF7EBA9A0A0D15175DB103568030CF7671D8 certificate's issuer using AIA. 
2023-04-28 11:52:34,086  INFO | pool-3-thread-2 | e.europa.esig.dss.validation.CommonCertificateVerifier  | + New CommonCertificateVerifier created. 
2023-04-28 11:52:34,091  INFO | pool-3-thread-2 | eu.europa.esig.dss.validation.AIACertificateSource      | Retrieving C-40CAF0A89961B3BD99F375518D46AF7EBA9A0A0D15175DB103568030CF7671D8 certificate's issuer using AIA. 
2023-04-28 11:52:34,092  INFO | pool-3-thread-11 | e.europa.esig.dss.validation.CommonCertificateVerifier  | + New CommonCertificateVerifier created. 
2023-04-28 11:52:34,094  INFO | pool-3-thread-11 | eu.europa.esig.dss.validation.AIACertificateSource      | Retrieving C-40CAF0A89961B3BD99F375518D46AF7EBA9A0A0D15175DB103568030CF7671D8 certificate's issuer using AIA. 
2023-04-28 11:52:34,119  INFO | pool-3-thread-17 | e.e.esig.dss.xades.validation.XAdESCertificateSource    | +XAdESCertificateSource 
2023-04-28 11:52:34,127  INFO | pool-3-thread-17 | e.europa.esig.dss.validation.CommonCertificateVerifier  | + New CommonCertificateVerifier created. 
2023-04-28 11:52:34,127  INFO | pool-3-thread-6 | e.e.esig.dss.xades.validation.XAdESCertificateSource    | +XAdESCertificateSource 
2023-04-28 11:52:34,129  INFO | pool-3-thread-16 | e.e.esig.dss.xades.validation.XAdESCertificateSource    | +XAdESCertificateSource 
2023-04-28 11:52:34,129  INFO | pool-3-thread-18 | e.e.esig.dss.xades.validation.XAdESCertificateSource    | +XAdESCertificateSource 
2023-04-28 11:52:34,130  INFO | pool-3-thread-17 | eu.europa.esig.dss.validation.AIACertificateSource      | Retrieving C-40CAF0A89961B3BD99F375518D46AF7EBA9A0A0D15175DB103568030CF7671D8 certificate's issuer using AIA. 
2023-04-28 11:52:34,136  INFO | pool-3-thread-15 | eu.europa.esig.dss.validation.AIACertificateSource      | Retrieving C-530B1D749BE7AD3A7BB78326B281DBCC5DF6EA5F414A7B29B970B6548B044907 certificate's issuer using AIA. 
2023-04-28 11:52:34,136  INFO | pool-3-thread-15 | eu.europa.esig.dss.spi.x509.aia.DefaultAIASource        | There is no AIA extension for certificate download. 
2023-04-28 11:52:34,136  INFO | pool-3-thread-19 | e.e.esig.dss.xades.validation.XAdESCertificateSource    | +XAdESCertificateSource 
2023-04-28 11:52:34,136  WARN | pool-3-thread-15 | e.europa.esig.dss.validation.SignatureValidationContext | POE extraction is skipped for untrusted timestamp : T-26386383378D0C48268DAF57FEFF16A3E7A398A141E3F4EB26079F1DA4959501. 
2023-04-28 11:52:34,138  INFO | pool-3-thread-20 | e.e.esig.dss.xades.validation.XAdESCertificateSource    | +XAdESCertificateSource 
2023-04-28 11:52:34,140  INFO | pool-3-thread-16 | e.europa.esig.dss.validation.CommonCertificateVerifier  | + New CommonCertificateVerifier created. 
2023-04-28 11:52:34,140  WARN | pool-3-thread-15 | e.europa.esig.dss.validation.SignatureValidationContext | No revocation found for the certificate C-CF92871488972946BA2863A316F06A75ADDE69F19608DCBEEBA26026CF3A5E12 
2023-04-28 11:52:34,141  WARN | pool-3-thread-15 | e.europa.esig.dss.validation.SignatureValidationContext | No revocation found for the certificate C-40CAF0A89961B3BD99F375518D46AF7EBA9A0A0D15175DB103568030CF7671D8 
2023-04-28 11:52:34,142  INFO | pool-3-thread-16 | eu.europa.esig.dss.validation.AIACertificateSource      | Retrieving C-40CAF0A89961B3BD99F375518D46AF7EBA9A0A0D15175DB103568030CF7671D8 certificate's issuer using AIA. 
2023-04-28 11:52:34,144  WARN | pool-3-thread-15 | e.europa.esig.dss.validation.SignatureValidationContext | Issuer not found for certificate C-530B1D749BE7AD3A7BB78326B281DBCC5DF6EA5F414A7B29B970B6548B044907 
2023-04-28 11:52:34,144  WARN | pool-3-thread-15 | e.europa.esig.dss.validation.SignatureValidationContext | No revocation found for the certificate C-BED0F19ED46D94900D2A9FCD7C6F660B61FF7588D8B71CF8F279D5FAA3021CCF 
2023-04-28 11:52:34,144  INFO | pool-3-thread-20 | e.europa.esig.dss.validation.CommonCertificateVerifier  | + New CommonCertificateVerifier created. 
2023-04-28 11:52:34,144  INFO | pool-3-thread-19 | e.europa.esig.dss.validation.CommonCertificateVerifier  | + New CommonCertificateVerifier created. 
2023-04-28 11:52:34,144  WARN | pool-3-thread-15 | eu.europa.esig.dss.validation.DiagnosticDataBuilder     | Provided CertificateSource configuration contains none of trusted sources of type TRUSTED_STORE or TRUSTED_LIST! 
2023-04-28 11:52:34,147  INFO | pool-3-thread-19 | eu.europa.esig.dss.validation.AIACertificateSource      | Retrieving C-40CAF0A89961B3BD99F375518D46AF7EBA9A0A0D15175DB103568030CF7671D8 certificate's issuer using AIA. 
2023-04-28 11:52:34,147  INFO | pool-3-thread-20 | eu.europa.esig.dss.validation.AIACertificateSource      | Retrieving C-40CAF0A89961B3BD99F375518D46AF7EBA9A0A0D15175DB103568030CF7671D8 certificate's issuer using AIA. 
2023-04-28 11:52:34,151  INFO | pool-3-thread-7 | e.e.esig.dss.xades.validation.XAdESCertificateSource    | +XAdESCertificateSource 
2023-04-28 11:52:34,157  INFO | pool-3-thread-5 | eu.europa.esig.dss.validation.SignedDocumentValidator   | Document validation... 
2023-04-28 11:52:34,158  INFO | pool-3-thread-10 | eu.europa.esig.dss.validation.SignedDocumentValidator   | Document validation... 
2023-04-28 11:52:34,159  INFO | pool-3-thread-4 | eu.europa.esig.dss.validation.SignedDocumentValidator   | Document validation... 
2023-04-28 11:52:34,160  INFO | pool-3-thread-13 | eu.europa.esig.dss.validation.SignedDocumentValidator   | Document validation... 
2023-04-28 11:52:34,163  INFO | pool-3-thread-5 | e.europa.esig.dss.validation.CommonCertificateVerifier  | + New CommonCertificateVerifier created. 
2023-04-28 11:52:34,164  INFO | pool-3-thread-4 | e.europa.esig.dss.validation.CommonCertificateVerifier  | + New CommonCertificateVerifier created. 
2023-04-28 11:52:34,165  INFO | pool-3-thread-5 | eu.europa.esig.dss.xades.validation.ManifestValidator   | Validation of the manifest references ... 
2023-04-28 11:52:34,166  INFO | pool-3-thread-13 | e.europa.esig.dss.validation.CommonCertificateVerifier  | + New CommonCertificateVerifier created. 
2023-04-28 11:52:34,168  INFO | pool-3-thread-4 | eu.europa.esig.dss.xades.validation.ManifestValidator   | Validation of the manifest references ... 
2023-04-28 11:52:34,170  INFO | pool-3-thread-13 | eu.europa.esig.dss.xades.validation.ManifestValidator   | Validation of the manifest references ... 
2023-04-28 11:52:34,174  INFO | pool-3-thread-5 | e.e.esig.dss.xades.validation.XAdESCertificateSource    | +XAdESCertificateSource 
2023-04-28 11:52:34,175  INFO | pool-3-thread-10 | e.europa.esig.dss.validation.CommonCertificateVerifier  | + New CommonCertificateVerifier created. 
2023-04-28 11:52:34,176  INFO | pool-3-thread-13 | e.e.esig.dss.xades.validation.XAdESCertificateSource    | +XAdESCertificateSource 
2023-04-28 11:52:34,178  INFO | pool-3-thread-4 | e.e.esig.dss.xades.validation.XAdESCertificateSource    | +XAdESCertificateSource 
2023-04-28 11:52:34,178  INFO | pool-3-thread-10 | eu.europa.esig.dss.xades.validation.ManifestValidator   | Validation of the manifest references ... 
2023-04-28 11:52:34,180  INFO | pool-3-thread-12 | eu.europa.esig.dss.validation.SignedDocumentValidator   | Document validation... 
2023-04-28 11:52:34,185  INFO | pool-3-thread-10 | e.e.esig.dss.xades.validation.XAdESCertificateSource    | +XAdESCertificateSource 
2023-04-28 11:52:34,187  INFO | pool-3-thread-12 | e.europa.esig.dss.validation.CommonCertificateVerifier  | + New CommonCertificateVerifier created. 
2023-04-28 11:52:34,188  INFO | pool-3-thread-13 | e.europa.esig.dss.validation.CommonCertificateVerifier  | + New CommonCertificateVerifier created. 
2023-04-28 11:52:34,189  INFO | pool-3-thread-4 | e.europa.esig.dss.validation.CommonCertificateVerifier  | + New CommonCertificateVerifier created. 
2023-04-28 11:52:34,189  INFO | pool-3-thread-12 | eu.europa.esig.dss.xades.validation.ManifestValidator   | Validation of the manifest references ... 
2023-04-28 11:52:34,191  INFO | pool-3-thread-5 | e.europa.esig.dss.validation.CommonCertificateVerifier  | + New CommonCertificateVerifier created. 
2023-04-28 11:52:34,192  INFO | pool-3-thread-13 | eu.europa.esig.dss.validation.AIACertificateSource      | Retrieving C-40CAF0A89961B3BD99F375518D46AF7EBA9A0A0D15175DB103568030CF7671D8 certificate's issuer using AIA. 
2023-04-28 11:52:34,194  INFO | pool-3-thread-4 | eu.europa.esig.dss.validation.AIACertificateSource      | Retrieving C-40CAF0A89961B3BD99F375518D46AF7EBA9A0A0D15175DB103568030CF7671D8 certificate's issuer using AIA. 
2023-04-28 11:52:34,194  INFO | pool-3-thread-5 | eu.europa.esig.dss.validation.AIACertificateSource      | Retrieving C-40CAF0A89961B3BD99F375518D46AF7EBA9A0A0D15175DB103568030CF7671D8 certificate's issuer using AIA. 
2023-04-28 11:52:34,196  INFO | pool-3-thread-12 | e.e.esig.dss.xades.validation.XAdESCertificateSource    | +XAdESCertificateSource 
2023-04-28 11:52:34,204  INFO | pool-3-thread-15 | eu.europa.esig.dss.validation.SignedDocumentValidator   | Document validation... 
2023-04-28 11:52:34,205  INFO | pool-3-thread-12 | e.europa.esig.dss.validation.CommonCertificateVerifier  | + New CommonCertificateVerifier created. 
2023-04-28 11:52:34,207  INFO | pool-3-thread-12 | eu.europa.esig.dss.validation.AIACertificateSource      | Retrieving C-40CAF0A89961B3BD99F375518D46AF7EBA9A0A0D15175DB103568030CF7671D8 certificate's issuer using AIA. 
2023-04-28 11:52:34,209  INFO | pool-3-thread-7 | e.europa.esig.dss.validation.CommonCertificateVerifier  | + New CommonCertificateVerifier created. 
2023-04-28 11:52:34,209  INFO | pool-3-thread-15 | e.europa.esig.dss.validation.CommonCertificateVerifier  | + New CommonCertificateVerifier created. 
2023-04-28 11:52:34,210  INFO | pool-3-thread-9 | eu.europa.esig.dss.validation.AIACertificateSource      | Retrieving C-530B1D749BE7AD3A7BB78326B281DBCC5DF6EA5F414A7B29B970B6548B044907 certificate's issuer using AIA. 
2023-04-28 11:52:34,210  INFO | pool-3-thread-9 | eu.europa.esig.dss.spi.x509.aia.DefaultAIASource        | There is no AIA extension for certificate download. 
2023-04-28 11:52:34,210  INFO | pool-3-thread-1 | eu.europa.esig.dss.validation.AIACertificateSource      | Retrieving C-530B1D749BE7AD3A7BB78326B281DBCC5DF6EA5F414A7B29B970B6548B044907 certificate's issuer using AIA. 
2023-04-28 11:52:34,210  INFO | pool-3-thread-1 | eu.europa.esig.dss.spi.x509.aia.DefaultAIASource        | There is no AIA extension for certificate download. 
2023-04-28 11:52:34,211  WARN | pool-3-thread-1 | e.europa.esig.dss.validation.SignatureValidationContext | POE extraction is skipped for untrusted timestamp : T-26386383378D0C48268DAF57FEFF16A3E7A398A141E3F4EB26079F1DA4959501. 
2023-04-28 11:52:34,211  WARN | pool-3-thread-9 | e.europa.esig.dss.validation.SignatureValidationContext | POE extraction is skipped for untrusted timestamp : T-26386383378D0C48268DAF57FEFF16A3E7A398A141E3F4EB26079F1DA4959501. 
2023-04-28 11:52:34,211  INFO | pool-3-thread-15 | eu.europa.esig.dss.xades.validation.ManifestValidator   | Validation of the manifest references ... 
2023-04-28 11:52:34,212  INFO | pool-3-thread-11 | eu.europa.esig.dss.validation.AIACertificateSource      | Retrieving C-530B1D749BE7AD3A7BB78326B281DBCC5DF6EA5F414A7B29B970B6548B044907 certificate's issuer using AIA. 
2023-04-28 11:52:34,212  INFO | pool-3-thread-11 | eu.europa.esig.dss.spi.x509.aia.DefaultAIASource        | There is no AIA extension for certificate download. 
2023-04-28 11:52:34,212  INFO | pool-3-thread-7 | eu.europa.esig.dss.validation.AIACertificateSource      | Retrieving C-40CAF0A89961B3BD99F375518D46AF7EBA9A0A0D15175DB103568030CF7671D8 certificate's issuer using AIA. 
2023-04-28 11:52:34,212  INFO | pool-3-thread-16 | eu.europa.esig.dss.validation.AIACertificateSource      | Retrieving C-530B1D749BE7AD3A7BB78326B281DBCC5DF6EA5F414A7B29B970B6548B044907 certificate's issuer using AIA. 
2023-04-28 11:52:34,212  INFO | pool-3-thread-16 | eu.europa.esig.dss.spi.x509.aia.DefaultAIASource        | There is no AIA extension for certificate download. 
2023-04-28 11:52:34,212  WARN | pool-3-thread-11 | e.europa.esig.dss.validation.SignatureValidationContext | POE extraction is skipped for untrusted timestamp : T-26386383378D0C48268DAF57FEFF16A3E7A398A141E3F4EB26079F1DA4959501. 
2023-04-28 11:52:34,213  WARN | pool-3-thread-16 | e.europa.esig.dss.validation.SignatureValidationContext | POE extraction is skipped for untrusted timestamp : T-26386383378D0C48268DAF57FEFF16A3E7A398A141E3F4EB26079F1DA4959501. 
2023-04-28 11:52:34,215  WARN | pool-3-thread-1 | e.europa.esig.dss.validation.SignatureValidationContext | No revocation found for the certificate C-CF92871488972946BA2863A316F06A75ADDE69F19608DCBEEBA26026CF3A5E12 
2023-04-28 11:52:34,215  WARN | pool-3-thread-9 | e.europa.esig.dss.validation.SignatureValidationContext | No revocation found for the certificate C-CF92871488972946BA2863A316F06A75ADDE69F19608DCBEEBA26026CF3A5E12 
2023-04-28 11:52:34,216  WARN | pool-3-thread-1 | e.europa.esig.dss.validation.SignatureValidationContext | No revocation found for the certificate C-40CAF0A89961B3BD99F375518D46AF7EBA9A0A0D15175DB103568030CF7671D8 
2023-04-28 11:52:34,216  WARN | pool-3-thread-11 | e.europa.esig.dss.validation.SignatureValidationContext | No revocation found for the certificate C-CF92871488972946BA2863A316F06A75ADDE69F19608DCBEEBA26026CF3A5E12 
2023-04-28 11:52:34,217  WARN | pool-3-thread-16 | e.europa.esig.dss.validation.SignatureValidationContext | No revocation found for the certificate C-CF92871488972946BA2863A316F06A75ADDE69F19608DCBEEBA26026CF3A5E12 
2023-04-28 11:52:34,218  WARN | pool-3-thread-11 | e.europa.esig.dss.validation.SignatureValidationContext | No revocation found for the certificate C-40CAF0A89961B3BD99F375518D46AF7EBA9A0A0D15175DB103568030CF7671D8 
2023-04-28 11:52:34,218  WARN | pool-3-thread-9 | e.europa.esig.dss.validation.SignatureValidationContext | No revocation found for the certificate C-40CAF0A89961B3BD99F375518D46AF7EBA9A0A0D15175DB103568030CF7671D8 
2023-04-28 11:52:34,218  WARN | pool-3-thread-16 | e.europa.esig.dss.validation.SignatureValidationContext | No revocation found for the certificate C-40CAF0A89961B3BD99F375518D46AF7EBA9A0A0D15175DB103568030CF7671D8 
2023-04-28 11:52:34,219  INFO | pool-3-thread-6 | e.europa.esig.dss.validation.CommonCertificateVerifier  | + New CommonCertificateVerifier created. 
2023-04-28 11:52:34,219  WARN | pool-3-thread-1 | e.europa.esig.dss.validation.SignatureValidationContext | Issuer not found for certificate C-530B1D749BE7AD3A7BB78326B281DBCC5DF6EA5F414A7B29B970B6548B044907 
2023-04-28 11:52:34,220  WARN | pool-3-thread-1 | e.europa.esig.dss.validation.SignatureValidationContext | No revocation found for the certificate C-BED0F19ED46D94900D2A9FCD7C6F660B61FF7588D8B71CF8F279D5FAA3021CCF 
2023-04-28 11:52:34,220  WARN | pool-3-thread-1 | eu.europa.esig.dss.validation.DiagnosticDataBuilder     | Provided CertificateSource configuration contains none of trusted sources of type TRUSTED_STORE or TRUSTED_LIST! 
2023-04-28 11:52:34,221  WARN | pool-3-thread-11 | e.europa.esig.dss.validation.SignatureValidationContext | Issuer not found for certificate C-530B1D749BE7AD3A7BB78326B281DBCC5DF6EA5F414A7B29B970B6548B044907 
2023-04-28 11:52:34,221  WARN | pool-3-thread-9 | e.europa.esig.dss.validation.SignatureValidationContext | Issuer not found for certificate C-530B1D749BE7AD3A7BB78326B281DBCC5DF6EA5F414A7B29B970B6548B044907 
2023-04-28 11:52:34,221  WARN | pool-3-thread-11 | e.europa.esig.dss.validation.SignatureValidationContext | No revocation found for the certificate C-BED0F19ED46D94900D2A9FCD7C6F660B61FF7588D8B71CF8F279D5FAA3021CCF 
2023-04-28 11:52:34,221  WARN | pool-3-thread-9 | e.europa.esig.dss.validation.SignatureValidationContext | No revocation found for the certificate C-BED0F19ED46D94900D2A9FCD7C6F660B61FF7588D8B71CF8F279D5FAA3021CCF 
2023-04-28 11:52:34,221  WARN | pool-3-thread-16 | e.europa.esig.dss.validation.SignatureValidationContext | Issuer not found for certificate C-530B1D749BE7AD3A7BB78326B281DBCC5DF6EA5F414A7B29B970B6548B044907 
2023-04-28 11:52:34,221  WARN | pool-3-thread-11 | eu.europa.esig.dss.validation.DiagnosticDataBuilder     | Provided CertificateSource configuration contains none of trusted sources of type TRUSTED_STORE or TRUSTED_LIST! 
2023-04-28 11:52:34,221  WARN | pool-3-thread-9 | eu.europa.esig.dss.validation.DiagnosticDataBuilder     | Provided CertificateSource configuration contains none of trusted sources of type TRUSTED_STORE or TRUSTED_LIST! 
2023-04-28 11:52:34,222  WARN | pool-3-thread-16 | e.europa.esig.dss.validation.SignatureValidationContext | No revocation found for the certificate C-BED0F19ED46D94900D2A9FCD7C6F660B61FF7588D8B71CF8F279D5FAA3021CCF 
2023-04-28 11:52:34,222  WARN | pool-3-thread-16 | eu.europa.esig.dss.validation.DiagnosticDataBuilder     | Provided CertificateSource configuration contains none of trusted sources of type TRUSTED_STORE or TRUSTED_LIST! 
2023-04-28 11:52:34,224  INFO | pool-3-thread-6 | eu.europa.esig.dss.validation.AIACertificateSource      | Retrieving C-40CAF0A89961B3BD99F375518D46AF7EBA9A0A0D15175DB103568030CF7671D8 certificate's issuer using AIA. 
2023-04-28 11:52:34,227  INFO | pool-3-thread-15 | e.e.esig.dss.xades.validation.XAdESCertificateSource    | +XAdESCertificateSource 
2023-04-28 11:52:34,240  INFO | pool-3-thread-10 | e.europa.esig.dss.validation.CommonCertificateVerifier  | + New CommonCertificateVerifier created. 
2023-04-28 11:52:34,244  INFO | pool-3-thread-10 | eu.europa.esig.dss.validation.AIACertificateSource      | Retrieving C-40CAF0A89961B3BD99F375518D46AF7EBA9A0A0D15175DB103568030CF7671D8 certificate's issuer using AIA. 
2023-04-28 11:52:34,250  INFO | pool-3-thread-18 | e.europa.esig.dss.validation.CommonCertificateVerifier  | + New CommonCertificateVerifier created. 
2023-04-28 11:52:34,254  INFO | pool-3-thread-18 | eu.europa.esig.dss.validation.AIACertificateSource      | Retrieving C-40CAF0A89961B3BD99F375518D46AF7EBA9A0A0D15175DB103568030CF7671D8 certificate's issuer using AIA. 
2023-04-28 11:52:34,259  INFO | pool-3-thread-15 | e.europa.esig.dss.validation.CommonCertificateVerifier  | + New CommonCertificateVerifier created. 
2023-04-28 11:52:34,261  INFO | pool-3-thread-17 | eu.europa.esig.dss.validation.AIACertificateSource      | Retrieving C-530B1D749BE7AD3A7BB78326B281DBCC5DF6EA5F414A7B29B970B6548B044907 certificate's issuer using AIA. 
2023-04-28 11:52:34,261  INFO | pool-3-thread-15 | eu.europa.esig.dss.validation.AIACertificateSource      | Retrieving C-40CAF0A89961B3BD99F375518D46AF7EBA9A0A0D15175DB103568030CF7671D8 certificate's issuer using AIA. 
2023-04-28 11:52:34,261  INFO | pool-3-thread-17 | eu.europa.esig.dss.spi.x509.aia.DefaultAIASource        | There is no AIA extension for certificate download. 
2023-04-28 11:52:34,261  INFO | pool-3-thread-8 | eu.europa.esig.dss.validation.AIACertificateSource      | Retrieving C-530B1D749BE7AD3A7BB78326B281DBCC5DF6EA5F414A7B29B970B6548B044907 certificate's issuer using AIA. 
2023-04-28 11:52:34,261  INFO | pool-3-thread-8 | eu.europa.esig.dss.spi.x509.aia.DefaultAIASource        | There is no AIA extension for certificate download. 
2023-04-28 11:52:34,262  WARN | pool-3-thread-17 | e.europa.esig.dss.validation.SignatureValidationContext | POE extraction is skipped for untrusted timestamp : T-26386383378D0C48268DAF57FEFF16A3E7A398A141E3F4EB26079F1DA4959501. 
2023-04-28 11:52:34,262  WARN | pool-3-thread-8 | e.europa.esig.dss.validation.SignatureValidationContext | POE extraction is skipped for untrusted timestamp : T-26386383378D0C48268DAF57FEFF16A3E7A398A141E3F4EB26079F1DA4959501. 
2023-04-28 11:52:34,263  INFO | pool-3-thread-2 | eu.europa.esig.dss.validation.AIACertificateSource      | Retrieving C-530B1D749BE7AD3A7BB78326B281DBCC5DF6EA5F414A7B29B970B6548B044907 certificate's issuer using AIA. 
2023-04-28 11:52:34,263  INFO | pool-3-thread-2 | eu.europa.esig.dss.spi.x509.aia.DefaultAIASource        | There is no AIA extension for certificate download. 
2023-04-28 11:52:34,264  INFO | pool-3-thread-19 | eu.europa.esig.dss.validation.AIACertificateSource      | Retrieving C-530B1D749BE7AD3A7BB78326B281DBCC5DF6EA5F414A7B29B970B6548B044907 certificate's issuer using AIA. 
2023-04-28 11:52:34,264  WARN | pool-3-thread-2 | e.europa.esig.dss.validation.SignatureValidationContext | POE extraction is skipped for untrusted timestamp : T-26386383378D0C48268DAF57FEFF16A3E7A398A141E3F4EB26079F1DA4959501. 
2023-04-28 11:52:34,264  INFO | pool-3-thread-19 | eu.europa.esig.dss.spi.x509.aia.DefaultAIASource        | There is no AIA extension for certificate download. 
2023-04-28 11:52:34,264  WARN | pool-3-thread-19 | e.europa.esig.dss.validation.SignatureValidationContext | POE extraction is skipped for untrusted timestamp : T-26386383378D0C48268DAF57FEFF16A3E7A398A141E3F4EB26079F1DA4959501. 
2023-04-28 11:52:34,265  WARN | pool-3-thread-8 | e.europa.esig.dss.validation.SignatureValidationContext | No revocation found for the certificate C-CF92871488972946BA2863A316F06A75ADDE69F19608DCBEEBA26026CF3A5E12 
2023-04-28 11:52:34,265  WARN | pool-3-thread-17 | e.europa.esig.dss.validation.SignatureValidationContext | No revocation found for the certificate C-CF92871488972946BA2863A316F06A75ADDE69F19608DCBEEBA26026CF3A5E12 
2023-04-28 11:52:34,267  WARN | pool-3-thread-8 | e.europa.esig.dss.validation.SignatureValidationContext | No revocation found for the certificate C-40CAF0A89961B3BD99F375518D46AF7EBA9A0A0D15175DB103568030CF7671D8 
2023-04-28 11:52:34,267  WARN | pool-3-thread-17 | e.europa.esig.dss.validation.SignatureValidationContext | No revocation found for the certificate C-40CAF0A89961B3BD99F375518D46AF7EBA9A0A0D15175DB103568030CF7671D8 
2023-04-28 11:52:34,268  WARN | pool-3-thread-2 | e.europa.esig.dss.validation.SignatureValidationContext | No revocation found for the certificate C-CF92871488972946BA2863A316F06A75ADDE69F19608DCBEEBA26026CF3A5E12 
2023-04-28 11:52:34,269  WARN | pool-3-thread-19 | e.europa.esig.dss.validation.SignatureValidationContext | No revocation found for the certificate C-CF92871488972946BA2863A316F06A75ADDE69F19608DCBEEBA26026CF3A5E12 
2023-04-28 11:52:34,269  WARN | pool-3-thread-2 | e.europa.esig.dss.validation.SignatureValidationContext | No revocation found for the certificate C-40CAF0A89961B3BD99F375518D46AF7EBA9A0A0D15175DB103568030CF7671D8 
2023-04-28 11:52:34,270  WARN | pool-3-thread-8 | e.europa.esig.dss.validation.SignatureValidationContext | Issuer not found for certificate C-530B1D749BE7AD3A7BB78326B281DBCC5DF6EA5F414A7B29B970B6548B044907 
2023-04-28 11:52:34,270  WARN | pool-3-thread-17 | e.europa.esig.dss.validation.SignatureValidationContext | Issuer not found for certificate C-530B1D749BE7AD3A7BB78326B281DBCC5DF6EA5F414A7B29B970B6548B044907 
2023-04-28 11:52:34,270  WARN | pool-3-thread-8 | e.europa.esig.dss.validation.SignatureValidationContext | No revocation found for the certificate C-BED0F19ED46D94900D2A9FCD7C6F660B61FF7588D8B71CF8F279D5FAA3021CCF 
2023-04-28 11:52:34,270  WARN | pool-3-thread-19 | e.europa.esig.dss.validation.SignatureValidationContext | No revocation found for the certificate C-40CAF0A89961B3BD99F375518D46AF7EBA9A0A0D15175DB103568030CF7671D8 
2023-04-28 11:52:34,270  WARN | pool-3-thread-17 | e.europa.esig.dss.validation.SignatureValidationContext | No revocation found for the certificate C-BED0F19ED46D94900D2A9FCD7C6F660B61FF7588D8B71CF8F279D5FAA3021CCF 
2023-04-28 11:52:34,271  WARN | pool-3-thread-8 | eu.europa.esig.dss.validation.DiagnosticDataBuilder     | Provided CertificateSource configuration contains none of trusted sources of type TRUSTED_STORE or TRUSTED_LIST! 
2023-04-28 11:52:34,271  WARN | pool-3-thread-17 | eu.europa.esig.dss.validation.DiagnosticDataBuilder     | Provided CertificateSource configuration contains none of trusted sources of type TRUSTED_STORE or TRUSTED_LIST! 
2023-04-28 11:52:34,272  WARN | pool-3-thread-2 | e.europa.esig.dss.validation.SignatureValidationContext | Issuer not found for certificate C-530B1D749BE7AD3A7BB78326B281DBCC5DF6EA5F414A7B29B970B6548B044907 
2023-04-28 11:52:34,273  WARN | pool-3-thread-2 | e.europa.esig.dss.validation.SignatureValidationContext | No revocation found for the certificate C-BED0F19ED46D94900D2A9FCD7C6F660B61FF7588D8B71CF8F279D5FAA3021CCF 
2023-04-28 11:52:34,273  WARN | pool-3-thread-19 | e.europa.esig.dss.validation.SignatureValidationContext | Issuer not found for certificate C-530B1D749BE7AD3A7BB78326B281DBCC5DF6EA5F414A7B29B970B6548B044907 
2023-04-28 11:52:34,273  WARN | pool-3-thread-2 | eu.europa.esig.dss.validation.DiagnosticDataBuilder     | Provided CertificateSource configuration contains none of trusted sources of type TRUSTED_STORE or TRUSTED_LIST! 
2023-04-28 11:52:34,273  WARN | pool-3-thread-19 | e.europa.esig.dss.validation.SignatureValidationContext | No revocation found for the certificate C-BED0F19ED46D94900D2A9FCD7C6F660B61FF7588D8B71CF8F279D5FAA3021CCF 
2023-04-28 11:52:34,274  WARN | pool-3-thread-19 | eu.europa.esig.dss.validation.DiagnosticDataBuilder     | Provided CertificateSource configuration contains none of trusted sources of type TRUSTED_STORE or TRUSTED_LIST! 
2023-04-28 11:52:34,299  INFO | pool-3-thread-20 | eu.europa.esig.dss.validation.AIACertificateSource      | Retrieving C-530B1D749BE7AD3A7BB78326B281DBCC5DF6EA5F414A7B29B970B6548B044907 certificate's issuer using AIA. 
2023-04-28 11:52:34,299  INFO | pool-3-thread-20 | eu.europa.esig.dss.spi.x509.aia.DefaultAIASource        | There is no AIA extension for certificate download. 
2023-04-28 11:52:34,300  WARN | pool-3-thread-20 | e.europa.esig.dss.validation.SignatureValidationContext | POE extraction is skipped for untrusted timestamp : T-26386383378D0C48268DAF57FEFF16A3E7A398A141E3F4EB26079F1DA4959501. 
2023-04-28 11:52:34,304  WARN | pool-3-thread-20 | e.europa.esig.dss.validation.SignatureValidationContext | No revocation found for the certificate C-CF92871488972946BA2863A316F06A75ADDE69F19608DCBEEBA26026CF3A5E12 
2023-04-28 11:52:34,305  WARN | pool-3-thread-20 | e.europa.esig.dss.validation.SignatureValidationContext | No revocation found for the certificate C-40CAF0A89961B3BD99F375518D46AF7EBA9A0A0D15175DB103568030CF7671D8 
2023-04-28 11:52:34,306  INFO | pool-3-thread-6 | eu.europa.esig.dss.validation.AIACertificateSource      | Retrieving C-530B1D749BE7AD3A7BB78326B281DBCC5DF6EA5F414A7B29B970B6548B044907 certificate's issuer using AIA. 
2023-04-28 11:52:34,306  INFO | pool-3-thread-6 | eu.europa.esig.dss.spi.x509.aia.DefaultAIASource        | There is no AIA extension for certificate download. 
2023-04-28 11:52:34,308  WARN | pool-3-thread-6 | e.europa.esig.dss.validation.SignatureValidationContext | POE extraction is skipped for untrusted timestamp : T-26386383378D0C48268DAF57FEFF16A3E7A398A141E3F4EB26079F1DA4959501. 
2023-04-28 11:52:34,308  WARN | pool-3-thread-20 | e.europa.esig.dss.validation.SignatureValidationContext | Issuer not found for certificate C-530B1D749BE7AD3A7BB78326B281DBCC5DF6EA5F414A7B29B970B6548B044907 
2023-04-28 11:52:34,308  WARN | pool-3-thread-20 | e.europa.esig.dss.validation.SignatureValidationContext | No revocation found for the certificate C-BED0F19ED46D94900D2A9FCD7C6F660B61FF7588D8B71CF8F279D5FAA3021CCF 
2023-04-28 11:52:34,309  WARN | pool-3-thread-20 | eu.europa.esig.dss.validation.DiagnosticDataBuilder     | Provided CertificateSource configuration contains none of trusted sources of type TRUSTED_STORE or TRUSTED_LIST! 
2023-04-28 11:52:34,311  WARN | pool-3-thread-6 | e.europa.esig.dss.validation.SignatureValidationContext | No revocation found for the certificate C-CF92871488972946BA2863A316F06A75ADDE69F19608DCBEEBA26026CF3A5E12 
2023-04-28 11:52:34,312  WARN | pool-3-thread-6 | e.europa.esig.dss.validation.SignatureValidationContext | No revocation found for the certificate C-40CAF0A89961B3BD99F375518D46AF7EBA9A0A0D15175DB103568030CF7671D8 
2023-04-28 11:52:34,313  INFO | pool-3-thread-19 | eu.europa.esig.dss.validation.SignedDocumentValidator   | Document validation... 
2023-04-28 11:52:34,313  INFO | pool-3-thread-17 | eu.europa.esig.dss.validation.SignedDocumentValidator   | Document validation... 
2023-04-28 11:52:34,314  WARN | pool-3-thread-6 | e.europa.esig.dss.validation.SignatureValidationContext | Issuer not found for certificate C-530B1D749BE7AD3A7BB78326B281DBCC5DF6EA5F414A7B29B970B6548B044907 
2023-04-28 11:52:34,316  WARN | pool-3-thread-6 | e.europa.esig.dss.validation.SignatureValidationContext | No revocation found for the certificate C-BED0F19ED46D94900D2A9FCD7C6F660B61FF7588D8B71CF8F279D5FAA3021CCF 
2023-04-28 11:52:34,316  WARN | pool-3-thread-6 | eu.europa.esig.dss.validation.DiagnosticDataBuilder     | Provided CertificateSource configuration contains none of trusted sources of type TRUSTED_STORE or TRUSTED_LIST! 
2023-04-28 11:52:34,321  INFO | pool-3-thread-8 | eu.europa.esig.dss.validation.SignedDocumentValidator   | Document validation... 
2023-04-28 11:52:34,327  INFO | pool-3-thread-17 | e.europa.esig.dss.validation.CommonCertificateVerifier  | + New CommonCertificateVerifier created. 
2023-04-28 11:52:34,327  INFO | pool-3-thread-19 | e.europa.esig.dss.validation.CommonCertificateVerifier  | + New CommonCertificateVerifier created. 
2023-04-28 11:52:34,333  INFO | pool-3-thread-8 | e.europa.esig.dss.validation.CommonCertificateVerifier  | + New CommonCertificateVerifier created. 
2023-04-28 11:52:34,335  INFO | pool-3-thread-17 | eu.europa.esig.dss.xades.validation.ManifestValidator   | Validation of the manifest references ... 
2023-04-28 11:52:34,336  INFO | pool-3-thread-8 | eu.europa.esig.dss.xades.validation.ManifestValidator   | Validation of the manifest references ... 
2023-04-28 11:52:34,338  INFO | pool-3-thread-19 | eu.europa.esig.dss.xades.validation.ManifestValidator   | Validation of the manifest references ... 
2023-04-28 11:52:34,347  INFO | pool-3-thread-2 | eu.europa.esig.dss.validation.SignedDocumentValidator   | Document validation... 
2023-04-28 11:52:34,355  INFO | pool-3-thread-2 | e.europa.esig.dss.validation.CommonCertificateVerifier  | + New CommonCertificateVerifier created. 
2023-04-28 11:52:34,357  INFO | pool-3-thread-2 | eu.europa.esig.dss.xades.validation.ManifestValidator   | Validation of the manifest references ... 
2023-04-28 11:52:34,371  INFO | pool-3-thread-4 | eu.europa.esig.dss.validation.AIACertificateSource      | Retrieving C-530B1D749BE7AD3A7BB78326B281DBCC5DF6EA5F414A7B29B970B6548B044907 certificate's issuer using AIA. 
2023-04-28 11:52:34,371  INFO | pool-3-thread-4 | eu.europa.esig.dss.spi.x509.aia.DefaultAIASource        | There is no AIA extension for certificate download. 
2023-04-28 11:52:34,371  INFO | pool-3-thread-5 | eu.europa.esig.dss.validation.AIACertificateSource      | Retrieving C-530B1D749BE7AD3A7BB78326B281DBCC5DF6EA5F414A7B29B970B6548B044907 certificate's issuer using AIA. 
2023-04-28 11:52:34,371  INFO | pool-3-thread-5 | eu.europa.esig.dss.spi.x509.aia.DefaultAIASource        | There is no AIA extension for certificate download. 
2023-04-28 11:52:34,372  WARN | pool-3-thread-4 | e.europa.esig.dss.validation.SignatureValidationContext | POE extraction is skipped for untrusted timestamp : T-26386383378D0C48268DAF57FEFF16A3E7A398A141E3F4EB26079F1DA4959501. 
2023-04-28 11:52:34,372  WARN | pool-3-thread-5 | e.europa.esig.dss.validation.SignatureValidationContext | POE extraction is skipped for untrusted timestamp : T-26386383378D0C48268DAF57FEFF16A3E7A398A141E3F4EB26079F1DA4959501. 
2023-04-28 11:52:34,375  WARN | pool-3-thread-4 | e.europa.esig.dss.validation.SignatureValidationContext | No revocation found for the certificate C-CF92871488972946BA2863A316F06A75ADDE69F19608DCBEEBA26026CF3A5E12 
2023-04-28 11:52:34,376  WARN | pool-3-thread-5 | e.europa.esig.dss.validation.SignatureValidationContext | No revocation found for the certificate C-CF92871488972946BA2863A316F06A75ADDE69F19608DCBEEBA26026CF3A5E12 
2023-04-28 11:52:34,377  WARN | pool-3-thread-4 | e.europa.esig.dss.validation.SignatureValidationContext | No revocation found for the certificate C-40CAF0A89961B3BD99F375518D46AF7EBA9A0A0D15175DB103568030CF7671D8 
2023-04-28 11:52:34,377  INFO | pool-3-thread-6 | eu.europa.esig.dss.validation.SignedDocumentValidator   | Document validation... 
2023-04-28 11:52:34,377  WARN | pool-3-thread-5 | e.europa.esig.dss.validation.SignatureValidationContext | No revocation found for the certificate C-40CAF0A89961B3BD99F375518D46AF7EBA9A0A0D15175DB103568030CF7671D8 
2023-04-28 11:52:34,379  WARN | pool-3-thread-4 | e.europa.esig.dss.validation.SignatureValidationContext | Issuer not found for certificate C-530B1D749BE7AD3A7BB78326B281DBCC5DF6EA5F414A7B29B970B6548B044907 
2023-04-28 11:52:34,379  WARN | pool-3-thread-4 | e.europa.esig.dss.validation.SignatureValidationContext | No revocation found for the certificate C-BED0F19ED46D94900D2A9FCD7C6F660B61FF7588D8B71CF8F279D5FAA3021CCF 
2023-04-28 11:52:34,379  WARN | pool-3-thread-5 | e.europa.esig.dss.validation.SignatureValidationContext | Issuer not found for certificate C-530B1D749BE7AD3A7BB78326B281DBCC5DF6EA5F414A7B29B970B6548B044907 
2023-04-28 11:52:34,380  WARN | pool-3-thread-4 | eu.europa.esig.dss.validation.DiagnosticDataBuilder     | Provided CertificateSource configuration contains none of trusted sources of type TRUSTED_STORE or TRUSTED_LIST! 
2023-04-28 11:52:34,380  WARN | pool-3-thread-5 | e.europa.esig.dss.validation.SignatureValidationContext | No revocation found for the certificate C-BED0F19ED46D94900D2A9FCD7C6F660B61FF7588D8B71CF8F279D5FAA3021CCF 
2023-04-28 11:52:34,380  INFO | pool-3-thread-10 | eu.europa.esig.dss.validation.AIACertificateSource      | Retrieving C-530B1D749BE7AD3A7BB78326B281DBCC5DF6EA5F414A7B29B970B6548B044907 certificate's issuer using AIA. 
2023-04-28 11:52:34,380  WARN | pool-3-thread-5 | eu.europa.esig.dss.validation.DiagnosticDataBuilder     | Provided CertificateSource configuration contains none of trusted sources of type TRUSTED_STORE or TRUSTED_LIST! 
2023-04-28 11:52:34,380  INFO | pool-3-thread-10 | eu.europa.esig.dss.spi.x509.aia.DefaultAIASource        | There is no AIA extension for certificate download. 
2023-04-28 11:52:34,381  WARN | pool-3-thread-10 | e.europa.esig.dss.validation.SignatureValidationContext | POE extraction is skipped for untrusted timestamp : T-26386383378D0C48268DAF57FEFF16A3E7A398A141E3F4EB26079F1DA4959501. 
2023-04-28 11:52:34,383  INFO | pool-3-thread-6 | e.europa.esig.dss.validation.CommonCertificateVerifier  | + New CommonCertificateVerifier created. 
2023-04-28 11:52:34,386  WARN | pool-3-thread-10 | e.europa.esig.dss.validation.SignatureValidationContext | No revocation found for the certificate C-CF92871488972946BA2863A316F06A75ADDE69F19608DCBEEBA26026CF3A5E12 
2023-04-28 11:52:34,388  WARN | pool-3-thread-10 | e.europa.esig.dss.validation.SignatureValidationContext | No revocation found for the certificate C-40CAF0A89961B3BD99F375518D46AF7EBA9A0A0D15175DB103568030CF7671D8 
2023-04-28 11:52:34,388  INFO | pool-3-thread-6 | eu.europa.esig.dss.xades.validation.ManifestValidator   | Validation of the manifest references ... 
2023-04-28 11:52:34,390  WARN | pool-3-thread-10 | e.europa.esig.dss.validation.SignatureValidationContext | Issuer not found for certificate C-530B1D749BE7AD3A7BB78326B281DBCC5DF6EA5F414A7B29B970B6548B044907 
2023-04-28 11:52:34,391  WARN | pool-3-thread-10 | e.europa.esig.dss.validation.SignatureValidationContext | No revocation found for the certificate C-BED0F19ED46D94900D2A9FCD7C6F660B61FF7588D8B71CF8F279D5FAA3021CCF 
2023-04-28 11:52:34,391  WARN | pool-3-thread-10 | eu.europa.esig.dss.validation.DiagnosticDataBuilder     | Provided CertificateSource configuration contains none of trusted sources of type TRUSTED_STORE or TRUSTED_LIST! 
2023-04-28 11:52:34,417  INFO | pool-3-thread-4 | eu.europa.esig.dss.validation.SignedDocumentValidator   | Document validation... 
2023-04-28 11:52:34,418  INFO | pool-3-thread-5 | eu.europa.esig.dss.validation.SignedDocumentValidator   | Document validation... 
2023-04-28 11:52:34,419  INFO | pool-3-thread-14 | eu.europa.esig.dss.validation.SignedDocumentValidator   | Document validation... 
2023-04-28 11:52:34,421  INFO | pool-3-thread-10 | eu.europa.esig.dss.validation.SignedDocumentValidator   | Document validation... 
2023-04-28 11:52:34,423  INFO | pool-3-thread-4 | e.europa.esig.dss.validation.CommonCertificateVerifier  | + New CommonCertificateVerifier created. 
2023-04-28 11:52:34,423  INFO | pool-3-thread-5 | e.europa.esig.dss.validation.CommonCertificateVerifier  | + New CommonCertificateVerifier created. 
2023-04-28 11:52:34,425  INFO | pool-3-thread-5 | eu.europa.esig.dss.xades.validation.ManifestValidator   | Validation of the manifest references ... 
2023-04-28 11:52:34,425  INFO | pool-3-thread-4 | eu.europa.esig.dss.xades.validation.ManifestValidator   | Validation of the manifest references ... 
2023-04-28 11:52:34,425  INFO | pool-3-thread-14 | e.europa.esig.dss.validation.CommonCertificateVerifier  | + New CommonCertificateVerifier created. 
2023-04-28 11:52:34,427  INFO | pool-3-thread-10 | e.europa.esig.dss.validation.CommonCertificateVerifier  | + New CommonCertificateVerifier created. 
2023-04-28 11:52:34,427  INFO | pool-3-thread-7 | eu.europa.esig.dss.validation.AIACertificateSource      | Retrieving C-530B1D749BE7AD3A7BB78326B281DBCC5DF6EA5F414A7B29B970B6548B044907 certificate's issuer using AIA. 
2023-04-28 11:52:34,427  INFO | pool-3-thread-7 | eu.europa.esig.dss.spi.x509.aia.DefaultAIASource        | There is no AIA extension for certificate download. 
2023-04-28 11:52:34,428  WARN | pool-3-thread-7 | e.europa.esig.dss.validation.SignatureValidationContext | POE extraction is skipped for untrusted timestamp : T-26386383378D0C48268DAF57FEFF16A3E7A398A141E3F4EB26079F1DA4959501. 
2023-04-28 11:52:34,429  INFO | pool-3-thread-10 | eu.europa.esig.dss.xades.validation.ManifestValidator   | Validation of the manifest references ... 
2023-04-28 11:52:34,432  WARN | pool-3-thread-7 | e.europa.esig.dss.validation.SignatureValidationContext | No revocation found for the certificate C-CF92871488972946BA2863A316F06A75ADDE69F19608DCBEEBA26026CF3A5E12 
2023-04-28 11:52:34,434  WARN | pool-3-thread-7 | e.europa.esig.dss.validation.SignatureValidationContext | No revocation found for the certificate C-40CAF0A89961B3BD99F375518D46AF7EBA9A0A0D15175DB103568030CF7671D8 
2023-04-28 11:52:34,437  WARN | pool-3-thread-7 | e.europa.esig.dss.validation.SignatureValidationContext | Issuer not found for certificate C-530B1D749BE7AD3A7BB78326B281DBCC5DF6EA5F414A7B29B970B6548B044907 
2023-04-28 11:52:34,437  WARN | pool-3-thread-7 | e.europa.esig.dss.validation.SignatureValidationContext | No revocation found for the certificate C-BED0F19ED46D94900D2A9FCD7C6F660B61FF7588D8B71CF8F279D5FAA3021CCF 
2023-04-28 11:52:34,437  WARN | pool-3-thread-7 | eu.europa.esig.dss.validation.DiagnosticDataBuilder     | Provided CertificateSource configuration contains none of trusted sources of type TRUSTED_STORE or TRUSTED_LIST! 
2023-04-28 11:52:34,442  INFO | pool-3-thread-13 | eu.europa.esig.dss.validation.AIACertificateSource      | Retrieving C-530B1D749BE7AD3A7BB78326B281DBCC5DF6EA5F414A7B29B970B6548B044907 certificate's issuer using AIA. 
2023-04-28 11:52:34,442  INFO | pool-3-thread-18 | eu.europa.esig.dss.validation.AIACertificateSource      | Retrieving C-530B1D749BE7AD3A7BB78326B281DBCC5DF6EA5F414A7B29B970B6548B044907 certificate's issuer using AIA. 
2023-04-28 11:52:34,442  INFO | pool-3-thread-13 | eu.europa.esig.dss.spi.x509.aia.DefaultAIASource        | There is no AIA extension for certificate download. 
2023-04-28 11:52:34,442  INFO | pool-3-thread-18 | eu.europa.esig.dss.spi.x509.aia.DefaultAIASource        | There is no AIA extension for certificate download. 
2023-04-28 11:52:34,443  WARN | pool-3-thread-18 | e.europa.esig.dss.validation.SignatureValidationContext | POE extraction is skipped for untrusted timestamp : T-26386383378D0C48268DAF57FEFF16A3E7A398A141E3F4EB26079F1DA4959501. 
2023-04-28 11:52:34,443  WARN | pool-3-thread-13 | e.europa.esig.dss.validation.SignatureValidationContext | POE extraction is skipped for untrusted timestamp : T-26386383378D0C48268DAF57FEFF16A3E7A398A141E3F4EB26079F1DA4959501. 
2023-04-28 11:52:34,446  WARN | pool-3-thread-18 | e.europa.esig.dss.validation.SignatureValidationContext | No revocation found for the certificate C-CF92871488972946BA2863A316F06A75ADDE69F19608DCBEEBA26026CF3A5E12 
2023-04-28 11:52:34,446  WARN | pool-3-thread-13 | e.europa.esig.dss.validation.SignatureValidationContext | No revocation found for the certificate C-CF92871488972946BA2863A316F06A75ADDE69F19608DCBEEBA26026CF3A5E12 
2023-04-28 11:52:34,447  WARN | pool-3-thread-18 | e.europa.esig.dss.validation.SignatureValidationContext | No revocation found for the certificate C-40CAF0A89961B3BD99F375518D46AF7EBA9A0A0D15175DB103568030CF7671D8 
2023-04-28 11:52:34,447  WARN | pool-3-thread-13 | e.europa.esig.dss.validation.SignatureValidationContext | No revocation found for the certificate C-40CAF0A89961B3BD99F375518D46AF7EBA9A0A0D15175DB103568030CF7671D8 
2023-04-28 11:52:34,451  WARN | pool-3-thread-13 | e.europa.esig.dss.validation.SignatureValidationContext | Issuer not found for certificate C-530B1D749BE7AD3A7BB78326B281DBCC5DF6EA5F414A7B29B970B6548B044907 
2023-04-28 11:52:34,451  WARN | pool-3-thread-18 | e.europa.esig.dss.validation.SignatureValidationContext | Issuer not found for certificate C-530B1D749BE7AD3A7BB78326B281DBCC5DF6EA5F414A7B29B970B6548B044907 
2023-04-28 11:52:34,451  WARN | pool-3-thread-13 | e.europa.esig.dss.validation.SignatureValidationContext | No revocation found for the certificate C-BED0F19ED46D94900D2A9FCD7C6F660B61FF7588D8B71CF8F279D5FAA3021CCF 
2023-04-28 11:52:34,452  WARN | pool-3-thread-18 | e.europa.esig.dss.validation.SignatureValidationContext | No revocation found for the certificate C-BED0F19ED46D94900D2A9FCD7C6F660B61FF7588D8B71CF8F279D5FAA3021CCF 
2023-04-28 11:52:34,452  WARN | pool-3-thread-13 | eu.europa.esig.dss.validation.DiagnosticDataBuilder     | Provided CertificateSource configuration contains none of trusted sources of type TRUSTED_STORE or TRUSTED_LIST! 
2023-04-28 11:52:34,452  WARN | pool-3-thread-18 | eu.europa.esig.dss.validation.DiagnosticDataBuilder     | Provided CertificateSource configuration contains none of trusted sources of type TRUSTED_STORE or TRUSTED_LIST! 
2023-04-28 11:52:34,456  INFO | pool-3-thread-12 | eu.europa.esig.dss.validation.AIACertificateSource      | Retrieving C-530B1D749BE7AD3A7BB78326B281DBCC5DF6EA5F414A7B29B970B6548B044907 certificate's issuer using AIA. 
2023-04-28 11:52:34,456  INFO | pool-3-thread-12 | eu.europa.esig.dss.spi.x509.aia.DefaultAIASource        | There is no AIA extension for certificate download. 
2023-04-28 11:52:34,457  WARN | pool-3-thread-12 | e.europa.esig.dss.validation.SignatureValidationContext | POE extraction is skipped for untrusted timestamp : T-26386383378D0C48268DAF57FEFF16A3E7A398A141E3F4EB26079F1DA4959501. 
2023-04-28 11:52:34,457  INFO | pool-3-thread-14 | eu.europa.esig.dss.xades.validation.ManifestValidator   | Validation of the manifest references ... 
2023-04-28 11:52:34,461  WARN | pool-3-thread-12 | e.europa.esig.dss.validation.SignatureValidationContext | No revocation found for the certificate C-CF92871488972946BA2863A316F06A75ADDE69F19608DCBEEBA26026CF3A5E12 
2023-04-28 11:52:34,462  WARN | pool-3-thread-12 | e.europa.esig.dss.validation.SignatureValidationContext | No revocation found for the certificate C-40CAF0A89961B3BD99F375518D46AF7EBA9A0A0D15175DB103568030CF7671D8 
2023-04-28 11:52:34,465  WARN | pool-3-thread-12 | e.europa.esig.dss.validation.SignatureValidationContext | Issuer not found for certificate C-530B1D749BE7AD3A7BB78326B281DBCC5DF6EA5F414A7B29B970B6548B044907 
2023-04-28 11:52:34,465  WARN | pool-3-thread-12 | e.europa.esig.dss.validation.SignatureValidationContext | No revocation found for the certificate C-BED0F19ED46D94900D2A9FCD7C6F660B61FF7588D8B71CF8F279D5FAA3021CCF 
2023-04-28 11:52:34,465  WARN | pool-3-thread-12 | eu.europa.esig.dss.validation.DiagnosticDataBuilder     | Provided CertificateSource configuration contains none of trusted sources of type TRUSTED_STORE or TRUSTED_LIST! 
2023-04-28 11:52:34,520  INFO | pool-3-thread-15 | eu.europa.esig.dss.validation.AIACertificateSource      | Retrieving C-530B1D749BE7AD3A7BB78326B281DBCC5DF6EA5F414A7B29B970B6548B044907 certificate's issuer using AIA. 
2023-04-28 11:52:34,520  INFO | pool-3-thread-15 | eu.europa.esig.dss.spi.x509.aia.DefaultAIASource        | There is no AIA extension for certificate download. 
2023-04-28 11:52:34,520  WARN | pool-3-thread-15 | e.europa.esig.dss.validation.SignatureValidationContext | POE extraction is skipped for untrusted timestamp : T-26386383378D0C48268DAF57FEFF16A3E7A398A141E3F4EB26079F1DA4959501. 
2023-04-28 11:52:34,524  WARN | pool-3-thread-15 | e.europa.esig.dss.validation.SignatureValidationContext | No revocation found for the certificate C-CF92871488972946BA2863A316F06A75ADDE69F19608DCBEEBA26026CF3A5E12 
2023-04-28 11:52:34,525  WARN | pool-3-thread-15 | e.europa.esig.dss.validation.SignatureValidationContext | No revocation found for the certificate C-40CAF0A89961B3BD99F375518D46AF7EBA9A0A0D15175DB103568030CF7671D8 
2023-04-28 11:52:34,528  WARN | pool-3-thread-15 | e.europa.esig.dss.validation.SignatureValidationContext | Issuer not found for certificate C-530B1D749BE7AD3A7BB78326B281DBCC5DF6EA5F414A7B29B970B6548B044907 
2023-04-28 11:52:34,529  WARN | pool-3-thread-15 | e.europa.esig.dss.validation.SignatureValidationContext | No revocation found for the certificate C-BED0F19ED46D94900D2A9FCD7C6F660B61FF7588D8B71CF8F279D5FAA3021CCF 
2023-04-28 11:52:34,529  WARN | pool-3-thread-15 | eu.europa.esig.dss.validation.DiagnosticDataBuilder     | Provided CertificateSource configuration contains none of trusted sources of type TRUSTED_STORE or TRUSTED_LIST! 
2023-04-28 11:52:34,530  INFO | pool-3-thread-17 | e.e.esig.dss.xades.validation.XAdESCertificateSource    | +XAdESCertificateSource 
2023-04-28 11:52:34,563  INFO | pool-3-thread-17 | e.europa.esig.dss.validation.CommonCertificateVerifier  | + New CommonCertificateVerifier created. 
2023-04-28 11:52:34,565  INFO | pool-3-thread-17 | eu.europa.esig.dss.validation.AIACertificateSource      | Retrieving C-40CAF0A89961B3BD99F375518D46AF7EBA9A0A0D15175DB103568030CF7671D8 certificate's issuer using AIA. 
2023-04-28 11:52:34,575  INFO | pool-3-thread-15 | eu.europa.esig.dss.validation.SignedDocumentValidator   | Document validation... 
2023-04-28 11:52:34,575  INFO | pool-3-thread-20 | eu.europa.esig.dss.validation.SignedDocumentValidator   | Document validation... 
2023-04-28 11:52:34,581  INFO | pool-3-thread-20 | e.europa.esig.dss.validation.CommonCertificateVerifier  | + New CommonCertificateVerifier created. 
2023-04-28 11:52:34,581  INFO | pool-3-thread-15 | e.europa.esig.dss.validation.CommonCertificateVerifier  | + New CommonCertificateVerifier created. 
2023-04-28 11:52:34,582  INFO | pool-3-thread-20 | eu.europa.esig.dss.xades.validation.ManifestValidator   | Validation of the manifest references ... 
2023-04-28 11:52:34,584  INFO | pool-3-thread-15 | eu.europa.esig.dss.xades.validation.ManifestValidator   | Validation of the manifest references ... 
2023-04-28 11:52:34,585  INFO | pool-3-thread-8 | e.e.esig.dss.xades.validation.XAdESCertificateSource    | +XAdESCertificateSource 
2023-04-28 11:52:34,588  INFO | pool-3-thread-20 | e.e.esig.dss.xades.validation.XAdESCertificateSource    | +XAdESCertificateSource 
2023-04-28 11:52:34,591  INFO | pool-3-thread-15 | e.e.esig.dss.xades.validation.XAdESCertificateSource    | +XAdESCertificateSource 
2023-04-28 11:52:34,594  INFO | pool-3-thread-8 | e.europa.esig.dss.validation.CommonCertificateVerifier  | + New CommonCertificateVerifier created. 
2023-04-28 11:52:34,596  INFO | pool-3-thread-8 | eu.europa.esig.dss.validation.AIACertificateSource      | Retrieving C-40CAF0A89961B3BD99F375518D46AF7EBA9A0A0D15175DB103568030CF7671D8 certificate's issuer using AIA. 
2023-04-28 11:52:34,596  INFO | pool-3-thread-20 | e.europa.esig.dss.validation.CommonCertificateVerifier  | + New CommonCertificateVerifier created. 
2023-04-28 11:52:34,599  INFO | pool-3-thread-20 | eu.europa.esig.dss.validation.AIACertificateSource      | Retrieving C-40CAF0A89961B3BD99F375518D46AF7EBA9A0A0D15175DB103568030CF7671D8 certificate's issuer using AIA. 
2023-04-28 11:52:34,601  INFO | pool-3-thread-15 | e.europa.esig.dss.validation.CommonCertificateVerifier  | + New CommonCertificateVerifier created. 
2023-04-28 11:52:34,602  INFO | pool-3-thread-9 | eu.europa.esig.dss.validation.SignedDocumentValidator   | Document validation... 
2023-04-28 11:52:34,603  INFO | pool-3-thread-15 | eu.europa.esig.dss.validation.AIACertificateSource      | Retrieving C-40CAF0A89961B3BD99F375518D46AF7EBA9A0A0D15175DB103568030CF7671D8 certificate's issuer using AIA. 
2023-04-28 11:52:34,604  INFO | pool-3-thread-5 | e.e.esig.dss.xades.validation.XAdESCertificateSource    | +XAdESCertificateSource 
2023-04-28 11:52:34,605  INFO | pool-3-thread-16 | eu.europa.esig.dss.validation.SignedDocumentValidator   | Document validation... 
2023-04-28 11:52:34,607  INFO | pool-3-thread-9 | e.europa.esig.dss.validation.CommonCertificateVerifier  | + New CommonCertificateVerifier created. 
2023-04-28 11:52:34,608  INFO | pool-3-thread-9 | eu.europa.esig.dss.xades.validation.ManifestValidator   | Validation of the manifest references ... 
2023-04-28 11:52:34,610  INFO | pool-3-thread-16 | e.europa.esig.dss.validation.CommonCertificateVerifier  | + New CommonCertificateVerifier created. 
2023-04-28 11:52:34,612  INFO | pool-3-thread-5 | e.europa.esig.dss.validation.CommonCertificateVerifier  | + New CommonCertificateVerifier created. 
2023-04-28 11:52:34,612  INFO | pool-3-thread-16 | eu.europa.esig.dss.xades.validation.ManifestValidator   | Validation of the manifest references ... 
2023-04-28 11:52:34,613  INFO | pool-3-thread-9 | e.e.esig.dss.xades.validation.XAdESCertificateSource    | +XAdESCertificateSource 
2023-04-28 11:52:34,614  INFO | pool-3-thread-5 | eu.europa.esig.dss.validation.AIACertificateSource      | Retrieving C-40CAF0A89961B3BD99F375518D46AF7EBA9A0A0D15175DB103568030CF7671D8 certificate's issuer using AIA. 
2023-04-28 11:52:34,619  INFO | pool-3-thread-4 | e.e.esig.dss.xades.validation.XAdESCertificateSource    | +XAdESCertificateSource 
2023-04-28 11:52:34,619  INFO | pool-3-thread-16 | e.e.esig.dss.xades.validation.XAdESCertificateSource    | +XAdESCertificateSource 
2023-04-28 11:52:34,627  INFO | pool-3-thread-9 | e.europa.esig.dss.validation.CommonCertificateVerifier  | + New CommonCertificateVerifier created. 
2023-04-28 11:52:34,628  INFO | pool-3-thread-4 | e.europa.esig.dss.validation.CommonCertificateVerifier  | + New CommonCertificateVerifier created. 
2023-04-28 11:52:34,628  INFO | pool-3-thread-9 | eu.europa.esig.dss.validation.AIACertificateSource      | Retrieving C-40CAF0A89961B3BD99F375518D46AF7EBA9A0A0D15175DB103568030CF7671D8 certificate's issuer using AIA. 
2023-04-28 11:52:34,630  INFO | pool-3-thread-16 | e.europa.esig.dss.validation.CommonCertificateVerifier  | + New CommonCertificateVerifier created. 
2023-04-28 11:52:34,630  INFO | pool-3-thread-4 | eu.europa.esig.dss.validation.AIACertificateSource      | Retrieving C-40CAF0A89961B3BD99F375518D46AF7EBA9A0A0D15175DB103568030CF7671D8 certificate's issuer using AIA. 
2023-04-28 11:52:34,633  INFO | pool-3-thread-16 | eu.europa.esig.dss.validation.AIACertificateSource      | Retrieving C-40CAF0A89961B3BD99F375518D46AF7EBA9A0A0D15175DB103568030CF7671D8 certificate's issuer using AIA. 
2023-04-28 11:52:34,635  INFO | pool-3-thread-1 | eu.europa.esig.dss.validation.SignedDocumentValidator   | Document validation... 
2023-04-28 11:52:34,640  INFO | pool-3-thread-12 | eu.europa.esig.dss.validation.SignedDocumentValidator   | Document validation... 
2023-04-28 11:52:34,640  INFO | pool-3-thread-1 | e.europa.esig.dss.validation.CommonCertificateVerifier  | + New CommonCertificateVerifier created. 
2023-04-28 11:52:34,641  INFO | pool-3-thread-13 | eu.europa.esig.dss.validation.SignedDocumentValidator   | Document validation... 
2023-04-28 11:52:34,642  INFO | pool-3-thread-1 | eu.europa.esig.dss.xades.validation.ManifestValidator   | Validation of the manifest references ... 
2023-04-28 11:52:34,645  INFO | pool-3-thread-12 | e.europa.esig.dss.validation.CommonCertificateVerifier  | + New CommonCertificateVerifier created. 
2023-04-28 11:52:34,646  INFO | pool-3-thread-1 | e.e.esig.dss.xades.validation.XAdESCertificateSource    | +XAdESCertificateSource 
2023-04-28 11:52:34,646  INFO | pool-3-thread-13 | e.europa.esig.dss.validation.CommonCertificateVerifier  | + New CommonCertificateVerifier created. 
2023-04-28 11:52:34,647  INFO | pool-3-thread-12 | eu.europa.esig.dss.xades.validation.ManifestValidator   | Validation of the manifest references ... 
2023-04-28 11:52:34,648  INFO | pool-3-thread-13 | eu.europa.esig.dss.xades.validation.ManifestValidator   | Validation of the manifest references ... 
2023-04-28 11:52:34,653  INFO | pool-3-thread-12 | e.e.esig.dss.xades.validation.XAdESCertificateSource    | +XAdESCertificateSource 
2023-04-28 11:52:34,656  INFO | pool-3-thread-13 | e.e.esig.dss.xades.validation.XAdESCertificateSource    | +XAdESCertificateSource 
2023-04-28 11:52:34,662  INFO | pool-3-thread-1 | e.europa.esig.dss.validation.CommonCertificateVerifier  | + New CommonCertificateVerifier created. 
2023-04-28 11:52:34,662  INFO | pool-3-thread-12 | e.europa.esig.dss.validation.CommonCertificateVerifier  | + New CommonCertificateVerifier created. 
2023-04-28 11:52:34,663  INFO | pool-3-thread-13 | e.europa.esig.dss.validation.CommonCertificateVerifier  | + New CommonCertificateVerifier created. 
2023-04-28 11:52:34,664  INFO | pool-3-thread-1 | eu.europa.esig.dss.validation.AIACertificateSource      | Retrieving C-40CAF0A89961B3BD99F375518D46AF7EBA9A0A0D15175DB103568030CF7671D8 certificate's issuer using AIA. 
2023-04-28 11:52:34,664  INFO | pool-3-thread-12 | eu.europa.esig.dss.validation.AIACertificateSource      | Retrieving C-40CAF0A89961B3BD99F375518D46AF7EBA9A0A0D15175DB103568030CF7671D8 certificate's issuer using AIA. 
2023-04-28 11:52:34,664  INFO | pool-3-thread-13 | eu.europa.esig.dss.validation.AIACertificateSource      | Retrieving C-40CAF0A89961B3BD99F375518D46AF7EBA9A0A0D15175DB103568030CF7671D8 certificate's issuer using AIA. 
2023-04-28 11:52:34,705  INFO | pool-3-thread-2 | e.e.esig.dss.xades.validation.XAdESCertificateSource    | +XAdESCertificateSource 
2023-04-28 11:52:34,708  INFO | pool-3-thread-19 | e.e.esig.dss.xades.validation.XAdESCertificateSource    | +XAdESCertificateSource 
2023-04-28 11:52:34,713  INFO | pool-3-thread-14 | e.e.esig.dss.xades.validation.XAdESCertificateSource    | +XAdESCertificateSource 
2023-04-28 11:52:34,724  INFO | pool-3-thread-6 | e.e.esig.dss.xades.validation.XAdESCertificateSource    | +XAdESCertificateSource 
2023-04-28 11:52:34,726  INFO | pool-3-thread-17 | eu.europa.esig.dss.validation.AIACertificateSource      | Retrieving C-530B1D749BE7AD3A7BB78326B281DBCC5DF6EA5F414A7B29B970B6548B044907 certificate's issuer using AIA. 
2023-04-28 11:52:34,726  INFO | pool-3-thread-5 | eu.europa.esig.dss.validation.AIACertificateSource      | Retrieving C-530B1D749BE7AD3A7BB78326B281DBCC5DF6EA5F414A7B29B970B6548B044907 certificate's issuer using AIA. 
2023-04-28 11:52:34,726  INFO | pool-3-thread-17 | eu.europa.esig.dss.spi.x509.aia.DefaultAIASource        | There is no AIA extension for certificate download. 
2023-04-28 11:52:34,726  INFO | pool-3-thread-5 | eu.europa.esig.dss.spi.x509.aia.DefaultAIASource        | There is no AIA extension for certificate download. 
2023-04-28 11:52:34,726  INFO | pool-3-thread-16 | eu.europa.esig.dss.validation.AIACertificateSource      | Retrieving C-530B1D749BE7AD3A7BB78326B281DBCC5DF6EA5F414A7B29B970B6548B044907 certificate's issuer using AIA. 
2023-04-28 11:52:34,726  INFO | pool-3-thread-16 | eu.europa.esig.dss.spi.x509.aia.DefaultAIASource        | There is no AIA extension for certificate download. 
2023-04-28 11:52:34,726  INFO | pool-3-thread-15 | eu.europa.esig.dss.validation.AIACertificateSource      | Retrieving C-530B1D749BE7AD3A7BB78326B281DBCC5DF6EA5F414A7B29B970B6548B044907 certificate's issuer using AIA. 
2023-04-28 11:52:34,726  INFO | pool-3-thread-15 | eu.europa.esig.dss.spi.x509.aia.DefaultAIASource        | There is no AIA extension for certificate download. 
2023-04-28 11:52:34,727  WARN | pool-3-thread-17 | e.europa.esig.dss.validation.SignatureValidationContext | POE extraction is skipped for untrusted timestamp : T-26386383378D0C48268DAF57FEFF16A3E7A398A141E3F4EB26079F1DA4959501. 
2023-04-28 11:52:34,727  WARN | pool-3-thread-16 | e.europa.esig.dss.validation.SignatureValidationContext | POE extraction is skipped for untrusted timestamp : T-26386383378D0C48268DAF57FEFF16A3E7A398A141E3F4EB26079F1DA4959501. 
2023-04-28 11:52:34,727  WARN | pool-3-thread-5 | e.europa.esig.dss.validation.SignatureValidationContext | POE extraction is skipped for untrusted timestamp : T-26386383378D0C48268DAF57FEFF16A3E7A398A141E3F4EB26079F1DA4959501. 
2023-04-28 11:52:34,727  WARN | pool-3-thread-15 | e.europa.esig.dss.validation.SignatureValidationContext | POE extraction is skipped for untrusted timestamp : T-26386383378D0C48268DAF57FEFF16A3E7A398A141E3F4EB26079F1DA4959501. 
2023-04-28 11:52:34,730  INFO | pool-3-thread-20 | eu.europa.esig.dss.validation.AIACertificateSource      | Retrieving C-530B1D749BE7AD3A7BB78326B281DBCC5DF6EA5F414A7B29B970B6548B044907 certificate's issuer using AIA. 
2023-04-28 11:52:34,730  INFO | pool-3-thread-20 | eu.europa.esig.dss.spi.x509.aia.DefaultAIASource        | There is no AIA extension for certificate download. 
2023-04-28 11:52:34,730  WARN | pool-3-thread-15 | e.europa.esig.dss.validation.SignatureValidationContext | No revocation found for the certificate C-CF92871488972946BA2863A316F06A75ADDE69F19608DCBEEBA26026CF3A5E12 
2023-04-28 11:52:34,730  WARN | pool-3-thread-5 | e.europa.esig.dss.validation.SignatureValidationContext | No revocation found for the certificate C-CF92871488972946BA2863A316F06A75ADDE69F19608DCBEEBA26026CF3A5E12 
2023-04-28 11:52:34,730  WARN | pool-3-thread-20 | e.europa.esig.dss.validation.SignatureValidationContext | POE extraction is skipped for untrusted timestamp : T-26386383378D0C48268DAF57FEFF16A3E7A398A141E3F4EB26079F1DA4959501. 
2023-04-28 11:52:34,731  WARN | pool-3-thread-16 | e.europa.esig.dss.validation.SignatureValidationContext | No revocation found for the certificate C-CF92871488972946BA2863A316F06A75ADDE69F19608DCBEEBA26026CF3A5E12 
2023-04-28 11:52:34,731  WARN | pool-3-thread-17 | e.europa.esig.dss.validation.SignatureValidationContext | No revocation found for the certificate C-CF92871488972946BA2863A316F06A75ADDE69F19608DCBEEBA26026CF3A5E12 
2023-04-28 11:52:34,732  WARN | pool-3-thread-15 | e.europa.esig.dss.validation.SignatureValidationContext | No revocation found for the certificate C-40CAF0A89961B3BD99F375518D46AF7EBA9A0A0D15175DB103568030CF7671D8 
2023-04-28 11:52:34,732  WARN | pool-3-thread-5 | e.europa.esig.dss.validation.SignatureValidationContext | No revocation found for the certificate C-40CAF0A89961B3BD99F375518D46AF7EBA9A0A0D15175DB103568030CF7671D8 
2023-04-28 11:52:34,732  WARN | pool-3-thread-16 | e.europa.esig.dss.validation.SignatureValidationContext | No revocation found for the certificate C-40CAF0A89961B3BD99F375518D46AF7EBA9A0A0D15175DB103568030CF7671D8 
2023-04-28 11:52:34,732  WARN | pool-3-thread-17 | e.europa.esig.dss.validation.SignatureValidationContext | No revocation found for the certificate C-40CAF0A89961B3BD99F375518D46AF7EBA9A0A0D15175DB103568030CF7671D8 
2023-04-28 11:52:34,734  WARN | pool-3-thread-5 | e.europa.esig.dss.validation.SignatureValidationContext | Issuer not found for certificate C-530B1D749BE7AD3A7BB78326B281DBCC5DF6EA5F414A7B29B970B6548B044907 
2023-04-28 11:52:34,734  WARN | pool-3-thread-15 | e.europa.esig.dss.validation.SignatureValidationContext | Issuer not found for certificate C-530B1D749BE7AD3A7BB78326B281DBCC5DF6EA5F414A7B29B970B6548B044907 
2023-04-28 11:52:34,734  WARN | pool-3-thread-17 | e.europa.esig.dss.validation.SignatureValidationContext | Issuer not found for certificate C-530B1D749BE7AD3A7BB78326B281DBCC5DF6EA5F414A7B29B970B6548B044907 
2023-04-28 11:52:34,734  WARN | pool-3-thread-16 | e.europa.esig.dss.validation.SignatureValidationContext | Issuer not found for certificate C-530B1D749BE7AD3A7BB78326B281DBCC5DF6EA5F414A7B29B970B6548B044907 
2023-04-28 11:52:34,734  WARN | pool-3-thread-5 | e.europa.esig.dss.validation.SignatureValidationContext | No revocation found for the certificate C-BED0F19ED46D94900D2A9FCD7C6F660B61FF7588D8B71CF8F279D5FAA3021CCF 
2023-04-28 11:52:34,735  WARN | pool-3-thread-15 | e.europa.esig.dss.validation.SignatureValidationContext | No revocation found for the certificate C-BED0F19ED46D94900D2A9FCD7C6F660B61FF7588D8B71CF8F279D5FAA3021CCF 
2023-04-28 11:52:34,735  WARN | pool-3-thread-17 | e.europa.esig.dss.validation.SignatureValidationContext | No revocation found for the certificate C-BED0F19ED46D94900D2A9FCD7C6F660B61FF7588D8B71CF8F279D5FAA3021CCF 
2023-04-28 11:52:34,735  WARN | pool-3-thread-16 | e.europa.esig.dss.validation.SignatureValidationContext | No revocation found for the certificate C-BED0F19ED46D94900D2A9FCD7C6F660B61FF7588D8B71CF8F279D5FAA3021CCF 
2023-04-28 11:52:34,735  WARN | pool-3-thread-5 | eu.europa.esig.dss.validation.DiagnosticDataBuilder     | Provided CertificateSource configuration contains none of trusted sources of type TRUSTED_STORE or TRUSTED_LIST! 
2023-04-28 11:52:34,735  WARN | pool-3-thread-15 | eu.europa.esig.dss.validation.DiagnosticDataBuilder     | Provided CertificateSource configuration contains none of trusted sources of type TRUSTED_STORE or TRUSTED_LIST! 
2023-04-28 11:52:34,735  WARN | pool-3-thread-17 | eu.europa.esig.dss.validation.DiagnosticDataBuilder     | Provided CertificateSource configuration contains none of trusted sources of type TRUSTED_STORE or TRUSTED_LIST! 
2023-04-28 11:52:34,735  WARN | pool-3-thread-20 | e.europa.esig.dss.validation.SignatureValidationContext | No revocation found for the certificate C-CF92871488972946BA2863A316F06A75ADDE69F19608DCBEEBA26026CF3A5E12 
2023-04-28 11:52:34,735  WARN | pool-3-thread-16 | eu.europa.esig.dss.validation.DiagnosticDataBuilder     | Provided CertificateSource configuration contains none of trusted sources of type TRUSTED_STORE or TRUSTED_LIST! 
2023-04-28 11:52:34,737  WARN | pool-3-thread-20 | e.europa.esig.dss.validation.SignatureValidationContext | No revocation found for the certificate C-40CAF0A89961B3BD99F375518D46AF7EBA9A0A0D15175DB103568030CF7671D8 
2023-04-28 11:52:34,737  INFO | pool-3-thread-9 | eu.europa.esig.dss.validation.AIACertificateSource      | Retrieving C-530B1D749BE7AD3A7BB78326B281DBCC5DF6EA5F414A7B29B970B6548B044907 certificate's issuer using AIA. 
2023-04-28 11:52:34,737  INFO | pool-3-thread-9 | eu.europa.esig.dss.spi.x509.aia.DefaultAIASource        | There is no AIA extension for certificate download. 
2023-04-28 11:52:34,737  WARN | pool-3-thread-9 | e.europa.esig.dss.validation.SignatureValidationContext | POE extraction is skipped for untrusted timestamp : T-26386383378D0C48268DAF57FEFF16A3E7A398A141E3F4EB26079F1DA4959501. 
2023-04-28 11:52:34,739  INFO | pool-3-thread-2 | e.europa.esig.dss.validation.CommonCertificateVerifier  | + New CommonCertificateVerifier created. 
2023-04-28 11:52:34,739  WARN | pool-3-thread-20 | e.europa.esig.dss.validation.SignatureValidationContext | Issuer not found for certificate C-530B1D749BE7AD3A7BB78326B281DBCC5DF6EA5F414A7B29B970B6548B044907 
2023-04-28 11:52:34,740  WARN | pool-3-thread-20 | e.europa.esig.dss.validation.SignatureValidationContext | No revocation found for the certificate C-BED0F19ED46D94900D2A9FCD7C6F660B61FF7588D8B71CF8F279D5FAA3021CCF 
2023-04-28 11:52:34,740  WARN | pool-3-thread-20 | eu.europa.esig.dss.validation.DiagnosticDataBuilder     | Provided CertificateSource configuration contains none of trusted sources of type TRUSTED_STORE or TRUSTED_LIST! 
2023-04-28 11:52:34,741  INFO | pool-3-thread-2 | eu.europa.esig.dss.validation.AIACertificateSource      | Retrieving C-40CAF0A89961B3BD99F375518D46AF7EBA9A0A0D15175DB103568030CF7671D8 certificate's issuer using AIA. 
2023-04-28 11:52:34,741  WARN | pool-3-thread-9 | e.europa.esig.dss.validation.SignatureValidationContext | No revocation found for the certificate C-CF92871488972946BA2863A316F06A75ADDE69F19608DCBEEBA26026CF3A5E12 
2023-04-28 11:52:34,743  WARN | pool-3-thread-9 | e.europa.esig.dss.validation.SignatureValidationContext | No revocation found for the certificate C-40CAF0A89961B3BD99F375518D46AF7EBA9A0A0D15175DB103568030CF7671D8 
2023-04-28 11:52:34,746  WARN | pool-3-thread-9 | e.europa.esig.dss.validation.SignatureValidationContext | Issuer not found for certificate C-530B1D749BE7AD3A7BB78326B281DBCC5DF6EA5F414A7B29B970B6548B044907 
2023-04-28 11:52:34,761  INFO | pool-3-thread-10 | e.e.esig.dss.xades.validation.XAdESCertificateSource    | +XAdESCertificateSource 
2023-04-28 11:52:34,767  INFO | pool-3-thread-13 | eu.europa.esig.dss.validation.AIACertificateSource      | Retrieving C-530B1D749BE7AD3A7BB78326B281DBCC5DF6EA5F414A7B29B970B6548B044907 certificate's issuer using AIA. 
2023-04-28 11:52:34,767  INFO | pool-3-thread-13 | eu.europa.esig.dss.spi.x509.aia.DefaultAIASource        | There is no AIA extension for certificate download. 
2023-04-28 11:52:34,768  WARN | pool-3-thread-9 | e.europa.esig.dss.validation.SignatureValidationContext | No revocation found for the certificate C-BED0F19ED46D94900D2A9FCD7C6F660B61FF7588D8B71CF8F279D5FAA3021CCF 
2023-04-28 11:52:34,768  WARN | pool-3-thread-13 | e.europa.esig.dss.validation.SignatureValidationContext | POE extraction is skipped for untrusted timestamp : T-26386383378D0C48268DAF57FEFF16A3E7A398A141E3F4EB26079F1DA4959501. 
2023-04-28 11:52:34,769  WARN | pool-3-thread-9 | eu.europa.esig.dss.validation.DiagnosticDataBuilder     | Provided CertificateSource configuration contains none of trusted sources of type TRUSTED_STORE or TRUSTED_LIST! 
2023-04-28 11:52:34,772  WARN | pool-3-thread-13 | e.europa.esig.dss.validation.SignatureValidationContext | No revocation found for the certificate C-CF92871488972946BA2863A316F06A75ADDE69F19608DCBEEBA26026CF3A5E12 
2023-04-28 11:52:34,774  WARN | pool-3-thread-13 | e.europa.esig.dss.validation.SignatureValidationContext | No revocation found for the certificate C-40CAF0A89961B3BD99F375518D46AF7EBA9A0A0D15175DB103568030CF7671D8 
2023-04-28 11:52:34,776  INFO | pool-3-thread-1 | eu.europa.esig.dss.validation.AIACertificateSource      | Retrieving C-530B1D749BE7AD3A7BB78326B281DBCC5DF6EA5F414A7B29B970B6548B044907 certificate's issuer using AIA. 
2023-04-28 11:52:34,776  INFO | pool-3-thread-1 | eu.europa.esig.dss.spi.x509.aia.DefaultAIASource        | There is no AIA extension for certificate download. 
2023-04-28 11:52:34,776  WARN | pool-3-thread-1 | e.europa.esig.dss.validation.SignatureValidationContext | POE extraction is skipped for untrusted timestamp : T-26386383378D0C48268DAF57FEFF16A3E7A398A141E3F4EB26079F1DA4959501. 
2023-04-28 11:52:34,776  WARN | pool-3-thread-13 | e.europa.esig.dss.validation.SignatureValidationContext | Issuer not found for certificate C-530B1D749BE7AD3A7BB78326B281DBCC5DF6EA5F414A7B29B970B6548B044907 
2023-04-28 11:52:34,776  INFO | pool-3-thread-10 | e.europa.esig.dss.validation.CommonCertificateVerifier  | + New CommonCertificateVerifier created. 
2023-04-28 11:52:34,777  WARN | pool-3-thread-13 | e.europa.esig.dss.validation.SignatureValidationContext | No revocation found for the certificate C-BED0F19ED46D94900D2A9FCD7C6F660B61FF7588D8B71CF8F279D5FAA3021CCF 
2023-04-28 11:52:34,777  INFO | pool-3-thread-12 | eu.europa.esig.dss.validation.AIACertificateSource      | Retrieving C-530B1D749BE7AD3A7BB78326B281DBCC5DF6EA5F414A7B29B970B6548B044907 certificate's issuer using AIA. 
2023-04-28 11:52:34,777  INFO | pool-3-thread-12 | eu.europa.esig.dss.spi.x509.aia.DefaultAIASource        | There is no AIA extension for certificate download. 
2023-04-28 11:52:34,777  WARN | pool-3-thread-13 | eu.europa.esig.dss.validation.DiagnosticDataBuilder     | Provided CertificateSource configuration contains none of trusted sources of type TRUSTED_STORE or TRUSTED_LIST! 
2023-04-28 11:52:34,778  WARN | pool-3-thread-12 | e.europa.esig.dss.validation.SignatureValidationContext | POE extraction is skipped for untrusted timestamp : T-26386383378D0C48268DAF57FEFF16A3E7A398A141E3F4EB26079F1DA4959501. 
2023-04-28 11:52:34,779  INFO | pool-3-thread-10 | eu.europa.esig.dss.validation.AIACertificateSource      | Retrieving C-40CAF0A89961B3BD99F375518D46AF7EBA9A0A0D15175DB103568030CF7671D8 certificate's issuer using AIA. 
2023-04-28 11:52:34,780  WARN | pool-3-thread-1 | e.europa.esig.dss.validation.SignatureValidationContext | No revocation found for the certificate C-CF92871488972946BA2863A316F06A75ADDE69F19608DCBEEBA26026CF3A5E12 
2023-04-28 11:52:34,782  WARN | pool-3-thread-1 | e.europa.esig.dss.validation.SignatureValidationContext | No revocation found for the certificate C-40CAF0A89961B3BD99F375518D46AF7EBA9A0A0D15175DB103568030CF7671D8 
2023-04-28 11:52:34,782  WARN | pool-3-thread-12 | e.europa.esig.dss.validation.SignatureValidationContext | No revocation found for the certificate C-CF92871488972946BA2863A316F06A75ADDE69F19608DCBEEBA26026CF3A5E12 
2023-04-28 11:52:34,784  WARN | pool-3-thread-1 | e.europa.esig.dss.validation.SignatureValidationContext | Issuer not found for certificate C-530B1D749BE7AD3A7BB78326B281DBCC5DF6EA5F414A7B29B970B6548B044907 
2023-04-28 11:52:34,784  WARN | pool-3-thread-1 | e.europa.esig.dss.validation.SignatureValidationContext | No revocation found for the certificate C-BED0F19ED46D94900D2A9FCD7C6F660B61FF7588D8B71CF8F279D5FAA3021CCF 
2023-04-28 11:52:34,786  WARN | pool-3-thread-1 | eu.europa.esig.dss.validation.DiagnosticDataBuilder     | Provided CertificateSource configuration contains none of trusted sources of type TRUSTED_STORE or TRUSTED_LIST! 
2023-04-28 11:52:34,786  WARN | pool-3-thread-12 | e.europa.esig.dss.validation.SignatureValidationContext | No revocation found for the certificate C-40CAF0A89961B3BD99F375518D46AF7EBA9A0A0D15175DB103568030CF7671D8 
2023-04-28 11:52:34,767  INFO | pool-3-thread-4 | eu.europa.esig.dss.validation.AIACertificateSource      | Retrieving C-530B1D749BE7AD3A7BB78326B281DBCC5DF6EA5F414A7B29B970B6548B044907 certificate's issuer using AIA. 
2023-04-28 11:52:34,789  INFO | pool-3-thread-4 | eu.europa.esig.dss.spi.x509.aia.DefaultAIASource        | There is no AIA extension for certificate download. 
2023-04-28 11:52:34,774  INFO | pool-3-thread-8 | eu.europa.esig.dss.validation.AIACertificateSource      | Retrieving C-530B1D749BE7AD3A7BB78326B281DBCC5DF6EA5F414A7B29B970B6548B044907 certificate's issuer using AIA. 
2023-04-28 11:52:34,789  INFO | pool-3-thread-8 | eu.europa.esig.dss.spi.x509.aia.DefaultAIASource        | There is no AIA extension for certificate download. 
2023-04-28 11:52:34,790  WARN | pool-3-thread-4 | e.europa.esig.dss.validation.SignatureValidationContext | POE extraction is skipped for untrusted timestamp : T-26386383378D0C48268DAF57FEFF16A3E7A398A141E3F4EB26079F1DA4959501. 
2023-04-28 11:52:34,790  WARN | pool-3-thread-8 | e.europa.esig.dss.validation.SignatureValidationContext | POE extraction is skipped for untrusted timestamp : T-26386383378D0C48268DAF57FEFF16A3E7A398A141E3F4EB26079F1DA4959501. 
2023-04-28 11:52:34,793  INFO | pool-3-thread-15 | eu.europa.esig.dss.validation.SignedDocumentValidator   | Document validation... 
2023-04-28 11:52:34,793  WARN | pool-3-thread-4 | e.europa.esig.dss.validation.SignatureValidationContext | No revocation found for the certificate C-CF92871488972946BA2863A316F06A75ADDE69F19608DCBEEBA26026CF3A5E12 
2023-04-28 11:52:34,793  WARN | pool-3-thread-8 | e.europa.esig.dss.validation.SignatureValidationContext | No revocation found for the certificate C-CF92871488972946BA2863A316F06A75ADDE69F19608DCBEEBA26026CF3A5E12 
2023-04-28 11:52:34,795  WARN | pool-3-thread-4 | e.europa.esig.dss.validation.SignatureValidationContext | No revocation found for the certificate C-40CAF0A89961B3BD99F375518D46AF7EBA9A0A0D15175DB103568030CF7671D8 
2023-04-28 11:52:34,795  WARN | pool-3-thread-8 | e.europa.esig.dss.validation.SignatureValidationContext | No revocation found for the certificate C-40CAF0A89961B3BD99F375518D46AF7EBA9A0A0D15175DB103568030CF7671D8 
2023-04-28 11:52:34,798  WARN | pool-3-thread-4 | e.europa.esig.dss.validation.SignatureValidationContext | Issuer not found for certificate C-530B1D749BE7AD3A7BB78326B281DBCC5DF6EA5F414A7B29B970B6548B044907 
2023-04-28 11:52:34,798  WARN | pool-3-thread-4 | e.europa.esig.dss.validation.SignatureValidationContext | No revocation found for the certificate C-BED0F19ED46D94900D2A9FCD7C6F660B61FF7588D8B71CF8F279D5FAA3021CCF 
2023-04-28 11:52:34,798  WARN | pool-3-thread-8 | e.europa.esig.dss.validation.SignatureValidationContext | Issuer not found for certificate C-530B1D749BE7AD3A7BB78326B281DBCC5DF6EA5F414A7B29B970B6548B044907 
2023-04-28 11:52:34,799  WARN | pool-3-thread-4 | eu.europa.esig.dss.validation.DiagnosticDataBuilder     | Provided CertificateSource configuration contains none of trusted sources of type TRUSTED_STORE or TRUSTED_LIST! 
2023-04-28 11:52:34,789  WARN | pool-3-thread-12 | e.europa.esig.dss.validation.SignatureValidationContext | Issuer not found for certificate C-530B1D749BE7AD3A7BB78326B281DBCC5DF6EA5F414A7B29B970B6548B044907 
2023-04-28 11:52:34,799  WARN | pool-3-thread-8 | e.europa.esig.dss.validation.SignatureValidationContext | No revocation found for the certificate C-BED0F19ED46D94900D2A9FCD7C6F660B61FF7588D8B71CF8F279D5FAA3021CCF 
2023-04-28 11:52:34,799  WARN | pool-3-thread-12 | e.europa.esig.dss.validation.SignatureValidationContext | No revocation found for the certificate C-BED0F19ED46D94900D2A9FCD7C6F660B61FF7588D8B71CF8F279D5FAA3021CCF 
2023-04-28 11:52:34,799  WARN | pool-3-thread-8 | eu.europa.esig.dss.validation.DiagnosticDataBuilder     | Provided CertificateSource configuration contains none of trusted sources of type TRUSTED_STORE or TRUSTED_LIST! 
2023-04-28 11:52:34,801  WARN | pool-3-thread-12 | eu.europa.esig.dss.validation.DiagnosticDataBuilder     | Provided CertificateSource configuration contains none of trusted sources of type TRUSTED_STORE or TRUSTED_LIST! 
2023-04-28 11:52:34,808  INFO | pool-3-thread-14 | e.europa.esig.dss.validation.CommonCertificateVerifier  | + New CommonCertificateVerifier created. 
2023-04-28 11:52:34,809  INFO | pool-3-thread-15 | e.europa.esig.dss.validation.CommonCertificateVerifier  | + New CommonCertificateVerifier created. 
2023-04-28 11:52:34,811  INFO | pool-3-thread-14 | eu.europa.esig.dss.validation.AIACertificateSource      | Retrieving C-40CAF0A89961B3BD99F375518D46AF7EBA9A0A0D15175DB103568030CF7671D8 certificate's issuer using AIA. 
2023-04-28 11:52:34,812  INFO | pool-3-thread-15 | eu.europa.esig.dss.xades.validation.ManifestValidator   | Validation of the manifest references ... 
2023-04-28 11:52:34,808  INFO | pool-3-thread-19 | e.europa.esig.dss.validation.CommonCertificateVerifier  | + New CommonCertificateVerifier created. 
2023-04-28 11:52:34,813  INFO | pool-3-thread-3 | eu.europa.esig.dss.validation.SignedDocumentValidator   | Document validation... 
2023-04-28 11:52:34,815  INFO | pool-3-thread-19 | eu.europa.esig.dss.validation.AIACertificateSource      | Retrieving C-40CAF0A89961B3BD99F375518D46AF7EBA9A0A0D15175DB103568030CF7671D8 certificate's issuer using AIA. 
2023-04-28 11:52:34,817  INFO | pool-3-thread-11 | eu.europa.esig.dss.validation.SignedDocumentValidator   | Document validation... 
2023-04-28 11:52:34,824  INFO | pool-3-thread-7 | eu.europa.esig.dss.validation.SignedDocumentValidator   | Document validation... 
2023-04-28 11:52:34,830  INFO | pool-3-thread-18 | eu.europa.esig.dss.validation.SignedDocumentValidator   | Document validation... 
2023-04-28 11:52:34,837  INFO | pool-3-thread-12 | eu.europa.esig.dss.validation.SignedDocumentValidator   | Document validation... 
2023-04-28 11:52:34,837  INFO | pool-3-thread-5 | eu.europa.esig.dss.validation.SignedDocumentValidator   | Document validation... 
2023-04-28 11:52:34,837  INFO | pool-3-thread-18 | e.europa.esig.dss.validation.CommonCertificateVerifier  | + New CommonCertificateVerifier created. 
2023-04-28 11:52:34,837  INFO | pool-3-thread-8 | eu.europa.esig.dss.validation.SignedDocumentValidator   | Document validation... 
2023-04-28 11:52:34,839  INFO | pool-3-thread-18 | eu.europa.esig.dss.xades.validation.ManifestValidator   | Validation of the manifest references ... 
2023-04-28 11:52:34,841  INFO | pool-3-thread-9 | eu.europa.esig.dss.validation.SignedDocumentValidator   | Document validation... 
2023-04-28 11:52:34,841  INFO | pool-3-thread-7 | e.europa.esig.dss.validation.CommonCertificateVerifier  | + New CommonCertificateVerifier created. 
2023-04-28 11:52:34,842  INFO | pool-3-thread-12 | e.europa.esig.dss.validation.CommonCertificateVerifier  | + New CommonCertificateVerifier created. 
2023-04-28 11:52:34,842  INFO | pool-3-thread-8 | e.europa.esig.dss.validation.CommonCertificateVerifier  | + New CommonCertificateVerifier created. 
2023-04-28 11:52:34,842  INFO | pool-3-thread-5 | e.europa.esig.dss.validation.CommonCertificateVerifier  | + New CommonCertificateVerifier created. 
2023-04-28 11:52:34,843  INFO | pool-3-thread-7 | eu.europa.esig.dss.xades.validation.ManifestValidator   | Validation of the manifest references ... 
2023-04-28 11:52:34,844  INFO | pool-3-thread-5 | eu.europa.esig.dss.xades.validation.ManifestValidator   | Validation of the manifest references ... 
2023-04-28 11:52:34,845  INFO | pool-3-thread-8 | eu.europa.esig.dss.xades.validation.ManifestValidator   | Validation of the manifest references ... 
2023-04-28 11:52:34,845  INFO | pool-3-thread-12 | eu.europa.esig.dss.xades.validation.ManifestValidator   | Validation of the manifest references ... 
2023-04-28 11:52:34,852  INFO | pool-3-thread-9 | e.europa.esig.dss.validation.CommonCertificateVerifier  | + New CommonCertificateVerifier created. 
2023-04-28 11:52:34,854  INFO | pool-3-thread-9 | eu.europa.esig.dss.xades.validation.ManifestValidator   | Validation of the manifest references ... 
2023-04-28 11:52:34,855  INFO | pool-3-thread-2 | eu.europa.esig.dss.validation.AIACertificateSource      | Retrieving C-530B1D749BE7AD3A7BB78326B281DBCC5DF6EA5F414A7B29B970B6548B044907 certificate's issuer using AIA. 
2023-04-28 11:52:34,855  INFO | pool-3-thread-2 | eu.europa.esig.dss.spi.x509.aia.DefaultAIASource        | There is no AIA extension for certificate download. 
2023-04-28 11:52:34,856  WARN | pool-3-thread-2 | e.europa.esig.dss.validation.SignatureValidationContext | POE extraction is skipped for untrusted timestamp : T-26386383378D0C48268DAF57FEFF16A3E7A398A141E3F4EB26079F1DA4959501. 
2023-04-28 11:52:34,859  WARN | pool-3-thread-2 | e.europa.esig.dss.validation.SignatureValidationContext | No revocation found for the certificate C-CF92871488972946BA2863A316F06A75ADDE69F19608DCBEEBA26026CF3A5E12 
2023-04-28 11:52:34,860  WARN | pool-3-thread-2 | e.europa.esig.dss.validation.SignatureValidationContext | No revocation found for the certificate C-40CAF0A89961B3BD99F375518D46AF7EBA9A0A0D15175DB103568030CF7671D8 
2023-04-28 11:52:34,863  WARN | pool-3-thread-2 | e.europa.esig.dss.validation.SignatureValidationContext | Issuer not found for certificate C-530B1D749BE7AD3A7BB78326B281DBCC5DF6EA5F414A7B29B970B6548B044907 
2023-04-28 11:52:34,863  WARN | pool-3-thread-2 | e.europa.esig.dss.validation.SignatureValidationContext | No revocation found for the certificate C-BED0F19ED46D94900D2A9FCD7C6F660B61FF7588D8B71CF8F279D5FAA3021CCF 
2023-04-28 11:52:34,863  WARN | pool-3-thread-2 | eu.europa.esig.dss.validation.DiagnosticDataBuilder     | Provided CertificateSource configuration contains none of trusted sources of type TRUSTED_STORE or TRUSTED_LIST! 
2023-04-28 11:52:34,868  INFO | pool-3-thread-11 | e.europa.esig.dss.validation.CommonCertificateVerifier  | + New CommonCertificateVerifier created. 
2023-04-28 11:52:34,870  INFO | pool-3-thread-13 | eu.europa.esig.dss.validation.SignedDocumentValidator   | Document validation... 
2023-04-28 11:52:34,871  INFO | pool-3-thread-11 | eu.europa.esig.dss.xades.validation.ManifestValidator   | Validation of the manifest references ... 
2023-04-28 11:52:34,873  INFO | pool-3-thread-3 | e.europa.esig.dss.validation.CommonCertificateVerifier  | + New CommonCertificateVerifier created. 
2023-04-28 11:52:34,875  INFO | pool-3-thread-3 | eu.europa.esig.dss.xades.validation.ManifestValidator   | Validation of the manifest references ... 
2023-04-28 11:52:34,877  INFO | pool-3-thread-13 | e.europa.esig.dss.validation.CommonCertificateVerifier  | + New CommonCertificateVerifier created. 
2023-04-28 11:52:34,879  INFO | pool-3-thread-13 | eu.europa.esig.dss.xades.validation.ManifestValidator   | Validation of the manifest references ... 
2023-04-28 11:52:34,883  INFO | pool-3-thread-1 | eu.europa.esig.dss.validation.SignedDocumentValidator   | Document validation... 
2023-04-28 11:52:34,886  INFO | pool-3-thread-6 | e.europa.esig.dss.validation.CommonCertificateVerifier  | + New CommonCertificateVerifier created. 
2023-04-28 11:52:34,888  INFO | pool-3-thread-6 | eu.europa.esig.dss.validation.AIACertificateSource      | Retrieving C-40CAF0A89961B3BD99F375518D46AF7EBA9A0A0D15175DB103568030CF7671D8 certificate's issuer using AIA. 
2023-04-28 11:52:34,945  INFO | pool-3-thread-19 | eu.europa.esig.dss.validation.AIACertificateSource      | Retrieving C-530B1D749BE7AD3A7BB78326B281DBCC5DF6EA5F414A7B29B970B6548B044907 certificate's issuer using AIA. 
2023-04-28 11:52:34,945  INFO | pool-3-thread-19 | eu.europa.esig.dss.spi.x509.aia.DefaultAIASource        | There is no AIA extension for certificate download. 
2023-04-28 11:52:34,945  WARN | pool-3-thread-19 | e.europa.esig.dss.validation.SignatureValidationContext | POE extraction is skipped for untrusted timestamp : T-26386383378D0C48268DAF57FEFF16A3E7A398A141E3F4EB26079F1DA4959501. 
2023-04-28 11:52:34,950  WARN | pool-3-thread-19 | e.europa.esig.dss.validation.SignatureValidationContext | No revocation found for the certificate C-CF92871488972946BA2863A316F06A75ADDE69F19608DCBEEBA26026CF3A5E12 
2023-04-28 11:52:34,951  WARN | pool-3-thread-19 | e.europa.esig.dss.validation.SignatureValidationContext | No revocation found for the certificate C-40CAF0A89961B3BD99F375518D46AF7EBA9A0A0D15175DB103568030CF7671D8 
2023-04-28 11:52:34,952  INFO | pool-3-thread-8 | e.e.esig.dss.xades.validation.XAdESCertificateSource    | +XAdESCertificateSource 
2023-04-28 11:52:34,954  WARN | pool-3-thread-19 | e.europa.esig.dss.validation.SignatureValidationContext | Issuer not found for certificate C-530B1D749BE7AD3A7BB78326B281DBCC5DF6EA5F414A7B29B970B6548B044907 
2023-04-28 11:52:34,954  WARN | pool-3-thread-19 | e.europa.esig.dss.validation.SignatureValidationContext | No revocation found for the certificate C-BED0F19ED46D94900D2A9FCD7C6F660B61FF7588D8B71CF8F279D5FAA3021CCF 
2023-04-28 11:52:34,954  WARN | pool-3-thread-19 | eu.europa.esig.dss.validation.DiagnosticDataBuilder     | Provided CertificateSource configuration contains none of trusted sources of type TRUSTED_STORE or TRUSTED_LIST! 
2023-04-28 11:52:34,957  INFO | pool-3-thread-14 | eu.europa.esig.dss.validation.AIACertificateSource      | Retrieving C-530B1D749BE7AD3A7BB78326B281DBCC5DF6EA5F414A7B29B970B6548B044907 certificate's issuer using AIA. 
2023-04-28 11:52:34,958  INFO | pool-3-thread-14 | eu.europa.esig.dss.spi.x509.aia.DefaultAIASource        | There is no AIA extension for certificate download. 
2023-04-28 11:52:34,958  WARN | pool-3-thread-14 | e.europa.esig.dss.validation.SignatureValidationContext | POE extraction is skipped for untrusted timestamp : T-26386383378D0C48268DAF57FEFF16A3E7A398A141E3F4EB26079F1DA4959501. 
2023-04-28 11:52:34,961  INFO | pool-3-thread-5 | e.e.esig.dss.xades.validation.XAdESCertificateSource    | +XAdESCertificateSource 
2023-04-28 11:52:34,962  WARN | pool-3-thread-14 | e.europa.esig.dss.validation.SignatureValidationContext | No revocation found for the certificate C-CF92871488972946BA2863A316F06A75ADDE69F19608DCBEEBA26026CF3A5E12 
2023-04-28 11:52:34,964  WARN | pool-3-thread-14 | e.europa.esig.dss.validation.SignatureValidationContext | No revocation found for the certificate C-40CAF0A89961B3BD99F375518D46AF7EBA9A0A0D15175DB103568030CF7671D8 
2023-04-28 11:52:34,966  WARN | pool-3-thread-14 | e.europa.esig.dss.validation.SignatureValidationContext | Issuer not found for certificate C-530B1D749BE7AD3A7BB78326B281DBCC5DF6EA5F414A7B29B970B6548B044907 
2023-04-28 11:52:34,967  WARN | pool-3-thread-14 | e.europa.esig.dss.validation.SignatureValidationContext | No revocation found for the certificate C-BED0F19ED46D94900D2A9FCD7C6F660B61FF7588D8B71CF8F279D5FAA3021CCF 
2023-04-28 11:52:34,967  WARN | pool-3-thread-14 | eu.europa.esig.dss.validation.DiagnosticDataBuilder     | Provided CertificateSource configuration contains none of trusted sources of type TRUSTED_STORE or TRUSTED_LIST! 
2023-04-28 11:52:34,971  INFO | pool-3-thread-10 | eu.europa.esig.dss.validation.AIACertificateSource      | Retrieving C-530B1D749BE7AD3A7BB78326B281DBCC5DF6EA5F414A7B29B970B6548B044907 certificate's issuer using AIA. 
2023-04-28 11:52:34,971  INFO | pool-3-thread-10 | eu.europa.esig.dss.spi.x509.aia.DefaultAIASource        | There is no AIA extension for certificate download. 
2023-04-28 11:52:34,972  WARN | pool-3-thread-10 | e.europa.esig.dss.validation.SignatureValidationContext | POE extraction is skipped for untrusted timestamp : T-26386383378D0C48268DAF57FEFF16A3E7A398A141E3F4EB26079F1DA4959501. 
2023-04-28 11:52:34,974  INFO | pool-3-thread-12 | e.e.esig.dss.xades.validation.XAdESCertificateSource    | +XAdESCertificateSource 
2023-04-28 11:52:34,975  WARN | pool-3-thread-10 | e.europa.esig.dss.validation.SignatureValidationContext | No revocation found for the certificate C-CF92871488972946BA2863A316F06A75ADDE69F19608DCBEEBA26026CF3A5E12 
2023-04-28 11:52:34,977  WARN | pool-3-thread-10 | e.europa.esig.dss.validation.SignatureValidationContext | No revocation found for the certificate C-40CAF0A89961B3BD99F375518D46AF7EBA9A0A0D15175DB103568030CF7671D8 
2023-04-28 11:52:34,979  WARN | pool-3-thread-10 | e.europa.esig.dss.validation.SignatureValidationContext | Issuer not found for certificate C-530B1D749BE7AD3A7BB78326B281DBCC5DF6EA5F414A7B29B970B6548B044907 
2023-04-28 11:52:34,979  WARN | pool-3-thread-10 | e.europa.esig.dss.validation.SignatureValidationContext | No revocation found for the certificate C-BED0F19ED46D94900D2A9FCD7C6F660B61FF7588D8B71CF8F279D5FAA3021CCF 
2023-04-28 11:52:34,980  INFO | pool-3-thread-9 | e.e.esig.dss.xades.validation.XAdESCertificateSource    | +XAdESCertificateSource 
2023-04-28 11:52:34,980  WARN | pool-3-thread-10 | eu.europa.esig.dss.validation.DiagnosticDataBuilder     | Provided CertificateSource configuration contains none of trusted sources of type TRUSTED_STORE or TRUSTED_LIST! 
2023-04-28 11:52:34,989  INFO | pool-3-thread-13 | e.e.esig.dss.xades.validation.XAdESCertificateSource    | +XAdESCertificateSource 
2023-04-28 11:52:34,991  INFO | pool-3-thread-1 | e.europa.esig.dss.validation.CommonCertificateVerifier  | + New CommonCertificateVerifier created. 
2023-04-28 11:52:34,994  INFO | pool-3-thread-1 | eu.europa.esig.dss.xades.validation.ManifestValidator   | Validation of the manifest references ... 
2023-04-28 11:52:34,994  INFO | pool-3-thread-5 | e.europa.esig.dss.validation.CommonCertificateVerifier  | + New CommonCertificateVerifier created. 
2023-04-28 11:52:34,997  INFO | pool-3-thread-5 | eu.europa.esig.dss.validation.AIACertificateSource      | Retrieving C-40CAF0A89961B3BD99F375518D46AF7EBA9A0A0D15175DB103568030CF7671D8 certificate's issuer using AIA. 
2023-04-28 11:52:35,001  INFO | pool-3-thread-1 | e.e.esig.dss.xades.validation.XAdESCertificateSource    | +XAdESCertificateSource 
2023-04-28 11:52:35,003  INFO | pool-3-thread-8 | e.europa.esig.dss.validation.CommonCertificateVerifier  | + New CommonCertificateVerifier created. 
2023-04-28 11:52:35,003  INFO | pool-3-thread-13 | e.europa.esig.dss.validation.CommonCertificateVerifier  | + New CommonCertificateVerifier created. 
2023-04-28 11:52:35,005  INFO | pool-3-thread-8 | eu.europa.esig.dss.validation.AIACertificateSource      | Retrieving C-40CAF0A89961B3BD99F375518D46AF7EBA9A0A0D15175DB103568030CF7671D8 certificate's issuer using AIA. 
2023-04-28 11:52:35,005  INFO | pool-3-thread-13 | eu.europa.esig.dss.validation.AIACertificateSource      | Retrieving C-40CAF0A89961B3BD99F375518D46AF7EBA9A0A0D15175DB103568030CF7671D8 certificate's issuer using AIA. 
2023-04-28 11:52:35,011  INFO | pool-3-thread-1 | e.europa.esig.dss.validation.CommonCertificateVerifier  | + New CommonCertificateVerifier created. 
2023-04-28 11:52:35,013  INFO | pool-3-thread-12 | e.europa.esig.dss.validation.CommonCertificateVerifier  | + New CommonCertificateVerifier created. 
2023-04-28 11:52:35,013  INFO | pool-3-thread-1 | eu.europa.esig.dss.validation.AIACertificateSource      | Retrieving C-40CAF0A89961B3BD99F375518D46AF7EBA9A0A0D15175DB103568030CF7671D8 certificate's issuer using AIA. 
2023-04-28 11:52:35,015  INFO | pool-3-thread-12 | eu.europa.esig.dss.validation.AIACertificateSource      | Retrieving C-40CAF0A89961B3BD99F375518D46AF7EBA9A0A0D15175DB103568030CF7671D8 certificate's issuer using AIA. 
2023-04-28 11:52:35,018  INFO | pool-3-thread-9 | e.europa.esig.dss.validation.CommonCertificateVerifier  | + New CommonCertificateVerifier created. 
2023-04-28 11:52:35,021  INFO | pool-3-thread-9 | eu.europa.esig.dss.validation.AIACertificateSource      | Retrieving C-40CAF0A89961B3BD99F375518D46AF7EBA9A0A0D15175DB103568030CF7671D8 certificate's issuer using AIA. 
2023-04-28 11:52:35,032  INFO | pool-3-thread-11 | e.e.esig.dss.xades.validation.XAdESCertificateSource    | +XAdESCertificateSource 
2023-04-28 11:52:35,035  INFO | pool-3-thread-17 | eu.europa.esig.dss.validation.SignedDocumentValidator   | Document validation... 
2023-04-28 11:52:35,036  INFO | pool-3-thread-6 | eu.europa.esig.dss.validation.AIACertificateSource      | Retrieving C-530B1D749BE7AD3A7BB78326B281DBCC5DF6EA5F414A7B29B970B6548B044907 certificate's issuer using AIA. 
2023-04-28 11:52:35,036  INFO | pool-3-thread-6 | eu.europa.esig.dss.spi.x509.aia.DefaultAIASource        | There is no AIA extension for certificate download. 
2023-04-28 11:52:35,037  WARN | pool-3-thread-6 | e.europa.esig.dss.validation.SignatureValidationContext | POE extraction is skipped for untrusted timestamp : T-26386383378D0C48268DAF57FEFF16A3E7A398A141E3F4EB26079F1DA4959501. 
2023-04-28 11:52:35,040  WARN | pool-3-thread-6 | e.europa.esig.dss.validation.SignatureValidationContext | No revocation found for the certificate C-CF92871488972946BA2863A316F06A75ADDE69F19608DCBEEBA26026CF3A5E12 
2023-04-28 11:52:35,042  WARN | pool-3-thread-6 | e.europa.esig.dss.validation.SignatureValidationContext | No revocation found for the certificate C-40CAF0A89961B3BD99F375518D46AF7EBA9A0A0D15175DB103568030CF7671D8 
2023-04-28 11:52:35,044  WARN | pool-3-thread-6 | e.europa.esig.dss.validation.SignatureValidationContext | Issuer not found for certificate C-530B1D749BE7AD3A7BB78326B281DBCC5DF6EA5F414A7B29B970B6548B044907 
2023-04-28 11:52:35,045  WARN | pool-3-thread-6 | e.europa.esig.dss.validation.SignatureValidationContext | No revocation found for the certificate C-BED0F19ED46D94900D2A9FCD7C6F660B61FF7588D8B71CF8F279D5FAA3021CCF 
2023-04-28 11:52:35,045  WARN | pool-3-thread-6 | eu.europa.esig.dss.validation.DiagnosticDataBuilder     | Provided CertificateSource configuration contains none of trusted sources of type TRUSTED_STORE or TRUSTED_LIST! 
2023-04-28 11:52:35,047  INFO | pool-3-thread-17 | e.europa.esig.dss.validation.CommonCertificateVerifier  | + New CommonCertificateVerifier created. 
2023-04-28 11:52:35,049  INFO | pool-3-thread-17 | eu.europa.esig.dss.xades.validation.ManifestValidator   | Validation of the manifest references ... 
2023-04-28 11:52:35,078  INFO | pool-3-thread-11 | e.europa.esig.dss.validation.CommonCertificateVerifier  | + New CommonCertificateVerifier created. 
2023-04-28 11:52:35,081  INFO | pool-3-thread-11 | eu.europa.esig.dss.validation.AIACertificateSource      | Retrieving C-40CAF0A89961B3BD99F375518D46AF7EBA9A0A0D15175DB103568030CF7671D8 certificate's issuer using AIA. 
2023-04-28 11:52:35,110  INFO | pool-3-thread-8 | eu.europa.esig.dss.validation.AIACertificateSource      | Retrieving C-530B1D749BE7AD3A7BB78326B281DBCC5DF6EA5F414A7B29B970B6548B044907 certificate's issuer using AIA. 
2023-04-28 11:52:35,110  INFO | pool-3-thread-8 | eu.europa.esig.dss.spi.x509.aia.DefaultAIASource        | There is no AIA extension for certificate download. 
2023-04-28 11:52:35,111  WARN | pool-3-thread-8 | e.europa.esig.dss.validation.SignatureValidationContext | POE extraction is skipped for untrusted timestamp : T-26386383378D0C48268DAF57FEFF16A3E7A398A141E3F4EB26079F1DA4959501. 
2023-04-28 11:52:35,115  WARN | pool-3-thread-8 | e.europa.esig.dss.validation.SignatureValidationContext | No revocation found for the certificate C-CF92871488972946BA2863A316F06A75ADDE69F19608DCBEEBA26026CF3A5E12 
2023-04-28 11:52:35,116  WARN | pool-3-thread-8 | e.europa.esig.dss.validation.SignatureValidationContext | No revocation found for the certificate C-40CAF0A89961B3BD99F375518D46AF7EBA9A0A0D15175DB103568030CF7671D8 
2023-04-28 11:52:35,118  WARN | pool-3-thread-8 | e.europa.esig.dss.validation.SignatureValidationContext | Issuer not found for certificate C-530B1D749BE7AD3A7BB78326B281DBCC5DF6EA5F414A7B29B970B6548B044907 
2023-04-28 11:52:35,118  WARN | pool-3-thread-8 | e.europa.esig.dss.validation.SignatureValidationContext | No revocation found for the certificate C-BED0F19ED46D94900D2A9FCD7C6F660B61FF7588D8B71CF8F279D5FAA3021CCF 
2023-04-28 11:52:35,119  WARN | pool-3-thread-8 | eu.europa.esig.dss.validation.DiagnosticDataBuilder     | Provided CertificateSource configuration contains none of trusted sources of type TRUSTED_STORE or TRUSTED_LIST! 
2023-04-28 11:52:35,135  INFO | pool-3-thread-12 | eu.europa.esig.dss.validation.AIACertificateSource      | Retrieving C-530B1D749BE7AD3A7BB78326B281DBCC5DF6EA5F414A7B29B970B6548B044907 certificate's issuer using AIA. 
2023-04-28 11:52:35,135  INFO | pool-3-thread-12 | eu.europa.esig.dss.spi.x509.aia.DefaultAIASource        | There is no AIA extension for certificate download. 
2023-04-28 11:52:35,135  INFO | pool-3-thread-5 | eu.europa.esig.dss.validation.AIACertificateSource      | Retrieving C-530B1D749BE7AD3A7BB78326B281DBCC5DF6EA5F414A7B29B970B6548B044907 certificate's issuer using AIA. 
2023-04-28 11:52:35,135  INFO | pool-3-thread-5 | eu.europa.esig.dss.spi.x509.aia.DefaultAIASource        | There is no AIA extension for certificate download. 
2023-04-28 11:52:35,135  INFO | pool-3-thread-1 | eu.europa.esig.dss.validation.AIACertificateSource      | Retrieving C-530B1D749BE7AD3A7BB78326B281DBCC5DF6EA5F414A7B29B970B6548B044907 certificate's issuer using AIA. 
2023-04-28 11:52:35,135  INFO | pool-3-thread-1 | eu.europa.esig.dss.spi.x509.aia.DefaultAIASource        | There is no AIA extension for certificate download. 
2023-04-28 11:52:35,135  INFO | pool-3-thread-13 | eu.europa.esig.dss.validation.AIACertificateSource      | Retrieving C-530B1D749BE7AD3A7BB78326B281DBCC5DF6EA5F414A7B29B970B6548B044907 certificate's issuer using AIA. 
2023-04-28 11:52:35,135  INFO | pool-3-thread-13 | eu.europa.esig.dss.spi.x509.aia.DefaultAIASource        | There is no AIA extension for certificate download. 
2023-04-28 11:52:35,135  WARN | pool-3-thread-12 | e.europa.esig.dss.validation.SignatureValidationContext | POE extraction is skipped for untrusted timestamp : T-26386383378D0C48268DAF57FEFF16A3E7A398A141E3F4EB26079F1DA4959501. 
2023-04-28 11:52:35,135  WARN | pool-3-thread-5 | e.europa.esig.dss.validation.SignatureValidationContext | POE extraction is skipped for untrusted timestamp : T-26386383378D0C48268DAF57FEFF16A3E7A398A141E3F4EB26079F1DA4959501. 
2023-04-28 11:52:35,136  WARN | pool-3-thread-1 | e.europa.esig.dss.validation.SignatureValidationContext | POE extraction is skipped for untrusted timestamp : T-26386383378D0C48268DAF57FEFF16A3E7A398A141E3F4EB26079F1DA4959501. 
2023-04-28 11:52:35,136  WARN | pool-3-thread-13 | e.europa.esig.dss.validation.SignatureValidationContext | POE extraction is skipped for untrusted timestamp : T-26386383378D0C48268DAF57FEFF16A3E7A398A141E3F4EB26079F1DA4959501. 
2023-04-28 11:52:35,140  WARN | pool-3-thread-5 | e.europa.esig.dss.validation.SignatureValidationContext | No revocation found for the certificate C-CF92871488972946BA2863A316F06A75ADDE69F19608DCBEEBA26026CF3A5E12 
2023-04-28 11:52:35,140  WARN | pool-3-thread-1 | e.europa.esig.dss.validation.SignatureValidationContext | No revocation found for the certificate C-CF92871488972946BA2863A316F06A75ADDE69F19608DCBEEBA26026CF3A5E12 
2023-04-28 11:52:35,140  WARN | pool-3-thread-12 | e.europa.esig.dss.validation.SignatureValidationContext | No revocation found for the certificate C-CF92871488972946BA2863A316F06A75ADDE69F19608DCBEEBA26026CF3A5E12 
2023-04-28 11:52:35,140  WARN | pool-3-thread-13 | e.europa.esig.dss.validation.SignatureValidationContext | No revocation found for the certificate C-CF92871488972946BA2863A316F06A75ADDE69F19608DCBEEBA26026CF3A5E12 
2023-04-28 11:52:35,141  WARN | pool-3-thread-5 | e.europa.esig.dss.validation.SignatureValidationContext | No revocation found for the certificate C-40CAF0A89961B3BD99F375518D46AF7EBA9A0A0D15175DB103568030CF7671D8 
2023-04-28 11:52:35,141  WARN | pool-3-thread-1 | e.europa.esig.dss.validation.SignatureValidationContext | No revocation found for the certificate C-40CAF0A89961B3BD99F375518D46AF7EBA9A0A0D15175DB103568030CF7671D8 
2023-04-28 11:52:35,141  WARN | pool-3-thread-12 | e.europa.esig.dss.validation.SignatureValidationContext | No revocation found for the certificate C-40CAF0A89961B3BD99F375518D46AF7EBA9A0A0D15175DB103568030CF7671D8 
2023-04-28 11:52:35,141  WARN | pool-3-thread-13 | e.europa.esig.dss.validation.SignatureValidationContext | No revocation found for the certificate C-40CAF0A89961B3BD99F375518D46AF7EBA9A0A0D15175DB103568030CF7671D8 
2023-04-28 11:52:35,144  WARN | pool-3-thread-5 | e.europa.esig.dss.validation.SignatureValidationContext | Issuer not found for certificate C-530B1D749BE7AD3A7BB78326B281DBCC5DF6EA5F414A7B29B970B6548B044907 
2023-04-28 11:52:35,144  WARN | pool-3-thread-1 | e.europa.esig.dss.validation.SignatureValidationContext | Issuer not found for certificate C-530B1D749BE7AD3A7BB78326B281DBCC5DF6EA5F414A7B29B970B6548B044907 
2023-04-28 11:52:35,144  WARN | pool-3-thread-12 | e.europa.esig.dss.validation.SignatureValidationContext | Issuer not found for certificate C-530B1D749BE7AD3A7BB78326B281DBCC5DF6EA5F414A7B29B970B6548B044907 
2023-04-28 11:52:35,144  WARN | pool-3-thread-13 | e.europa.esig.dss.validation.SignatureValidationContext | Issuer not found for certificate C-530B1D749BE7AD3A7BB78326B281DBCC5DF6EA5F414A7B29B970B6548B044907 
2023-04-28 11:52:35,144  WARN | pool-3-thread-5 | e.europa.esig.dss.validation.SignatureValidationContext | No revocation found for the certificate C-BED0F19ED46D94900D2A9FCD7C6F660B61FF7588D8B71CF8F279D5FAA3021CCF 
2023-04-28 11:52:35,144  WARN | pool-3-thread-1 | e.europa.esig.dss.validation.SignatureValidationContext | No revocation found for the certificate C-BED0F19ED46D94900D2A9FCD7C6F660B61FF7588D8B71CF8F279D5FAA3021CCF 
2023-04-28 11:52:35,144  WARN | pool-3-thread-12 | e.europa.esig.dss.validation.SignatureValidationContext | No revocation found for the certificate C-BED0F19ED46D94900D2A9FCD7C6F660B61FF7588D8B71CF8F279D5FAA3021CCF 
2023-04-28 11:52:35,145  WARN | pool-3-thread-13 | e.europa.esig.dss.validation.SignatureValidationContext | No revocation found for the certificate C-BED0F19ED46D94900D2A9FCD7C6F660B61FF7588D8B71CF8F279D5FAA3021CCF 
2023-04-28 11:52:35,145  WARN | pool-3-thread-5 | eu.europa.esig.dss.validation.DiagnosticDataBuilder     | Provided CertificateSource configuration contains none of trusted sources of type TRUSTED_STORE or TRUSTED_LIST! 
2023-04-28 11:52:35,145  WARN | pool-3-thread-1 | eu.europa.esig.dss.validation.DiagnosticDataBuilder     | Provided CertificateSource configuration contains none of trusted sources of type TRUSTED_STORE or TRUSTED_LIST! 
2023-04-28 11:52:35,145  WARN | pool-3-thread-12 | eu.europa.esig.dss.validation.DiagnosticDataBuilder     | Provided CertificateSource configuration contains none of trusted sources of type TRUSTED_STORE or TRUSTED_LIST! 
2023-04-28 11:52:35,145  WARN | pool-3-thread-13 | eu.europa.esig.dss.validation.DiagnosticDataBuilder     | Provided CertificateSource configuration contains none of trusted sources of type TRUSTED_STORE or TRUSTED_LIST! 
2023-04-28 11:52:35,182  INFO | pool-3-thread-13 | eu.europa.esig.dss.validation.SignedDocumentValidator   | Document validation... 
2023-04-28 11:52:35,182  INFO | pool-3-thread-5 | eu.europa.esig.dss.validation.SignedDocumentValidator   | Document validation... 
2023-04-28 11:52:35,185  INFO | pool-3-thread-12 | eu.europa.esig.dss.validation.SignedDocumentValidator   | Document validation... 
2023-04-28 11:52:35,187  INFO | pool-3-thread-6 | eu.europa.esig.dss.validation.SignedDocumentValidator   | Document validation... 
2023-04-28 11:52:35,190  INFO | pool-3-thread-5 | e.europa.esig.dss.validation.CommonCertificateVerifier  | + New CommonCertificateVerifier created. 
2023-04-28 11:52:35,191  INFO | pool-3-thread-9 | eu.europa.esig.dss.validation.AIACertificateSource      | Retrieving C-530B1D749BE7AD3A7BB78326B281DBCC5DF6EA5F414A7B29B970B6548B044907 certificate's issuer using AIA. 
2023-04-28 11:52:35,191  INFO | pool-3-thread-9 | eu.europa.esig.dss.spi.x509.aia.DefaultAIASource        | There is no AIA extension for certificate download. 
2023-04-28 11:52:35,191  INFO | pool-3-thread-11 | eu.europa.esig.dss.validation.AIACertificateSource      | Retrieving C-530B1D749BE7AD3A7BB78326B281DBCC5DF6EA5F414A7B29B970B6548B044907 certificate's issuer using AIA. 
2023-04-28 11:52:35,191  INFO | pool-3-thread-11 | eu.europa.esig.dss.spi.x509.aia.DefaultAIASource        | There is no AIA extension for certificate download. 
2023-04-28 11:52:35,191  WARN | pool-3-thread-9 | e.europa.esig.dss.validation.SignatureValidationContext | POE extraction is skipped for untrusted timestamp : T-26386383378D0C48268DAF57FEFF16A3E7A398A141E3F4EB26079F1DA4959501. 
2023-04-28 11:52:35,191  WARN | pool-3-thread-11 | e.europa.esig.dss.validation.SignatureValidationContext | POE extraction is skipped for untrusted timestamp : T-26386383378D0C48268DAF57FEFF16A3E7A398A141E3F4EB26079F1DA4959501. 
2023-04-28 11:52:35,191  INFO | pool-3-thread-5 | eu.europa.esig.dss.xades.validation.ManifestValidator   | Validation of the manifest references ... 
2023-04-28 11:52:35,191  INFO | pool-3-thread-12 | e.europa.esig.dss.validation.CommonCertificateVerifier  | + New CommonCertificateVerifier created. 
2023-04-28 11:52:35,192  INFO | pool-3-thread-6 | e.europa.esig.dss.validation.CommonCertificateVerifier  | + New CommonCertificateVerifier created. 
2023-04-28 11:52:35,193  INFO | pool-3-thread-12 | eu.europa.esig.dss.xades.validation.ManifestValidator   | Validation of the manifest references ... 
2023-04-28 11:52:35,195  WARN | pool-3-thread-9 | e.europa.esig.dss.validation.SignatureValidationContext | No revocation found for the certificate C-CF92871488972946BA2863A316F06A75ADDE69F19608DCBEEBA26026CF3A5E12 
2023-04-28 11:52:35,195  WARN | pool-3-thread-11 | e.europa.esig.dss.validation.SignatureValidationContext | No revocation found for the certificate C-CF92871488972946BA2863A316F06A75ADDE69F19608DCBEEBA26026CF3A5E12 
2023-04-28 11:52:35,196  INFO | pool-3-thread-13 | e.europa.esig.dss.validation.CommonCertificateVerifier  | + New CommonCertificateVerifier created. 
2023-04-28 11:52:35,196  WARN | pool-3-thread-9 | e.europa.esig.dss.validation.SignatureValidationContext | No revocation found for the certificate C-40CAF0A89961B3BD99F375518D46AF7EBA9A0A0D15175DB103568030CF7671D8 
2023-04-28 11:52:35,196  WARN | pool-3-thread-11 | e.europa.esig.dss.validation.SignatureValidationContext | No revocation found for the certificate C-40CAF0A89961B3BD99F375518D46AF7EBA9A0A0D15175DB103568030CF7671D8 
2023-04-28 11:52:35,197  INFO | pool-3-thread-6 | eu.europa.esig.dss.xades.validation.ManifestValidator   | Validation of the manifest references ... 
2023-04-28 11:52:35,197  INFO | pool-3-thread-13 | eu.europa.esig.dss.xades.validation.ManifestValidator   | Validation of the manifest references ... 
2023-04-28 11:52:35,199  WARN | pool-3-thread-9 | e.europa.esig.dss.validation.SignatureValidationContext | Issuer not found for certificate C-530B1D749BE7AD3A7BB78326B281DBCC5DF6EA5F414A7B29B970B6548B044907 
2023-04-28 11:52:35,200  WARN | pool-3-thread-9 | e.europa.esig.dss.validation.SignatureValidationContext | No revocation found for the certificate C-BED0F19ED46D94900D2A9FCD7C6F660B61FF7588D8B71CF8F279D5FAA3021CCF 
2023-04-28 11:52:35,200  WARN | pool-3-thread-11 | e.europa.esig.dss.validation.SignatureValidationContext | Issuer not found for certificate C-530B1D749BE7AD3A7BB78326B281DBCC5DF6EA5F414A7B29B970B6548B044907 
2023-04-28 11:52:35,200  WARN | pool-3-thread-9 | eu.europa.esig.dss.validation.DiagnosticDataBuilder     | Provided CertificateSource configuration contains none of trusted sources of type TRUSTED_STORE or TRUSTED_LIST! 
2023-04-28 11:52:35,200  WARN | pool-3-thread-11 | e.europa.esig.dss.validation.SignatureValidationContext | No revocation found for the certificate C-BED0F19ED46D94900D2A9FCD7C6F660B61FF7588D8B71CF8F279D5FAA3021CCF 
2023-04-28 11:52:35,201  WARN | pool-3-thread-11 | eu.europa.esig.dss.validation.DiagnosticDataBuilder     | Provided CertificateSource configuration contains none of trusted sources of type TRUSTED_STORE or TRUSTED_LIST! 
2023-04-28 11:52:35,206  INFO | pool-3-thread-8 | eu.europa.esig.dss.validation.SignedDocumentValidator   | Document validation... 
2023-04-28 11:52:35,212  INFO | pool-3-thread-8 | e.europa.esig.dss.validation.CommonCertificateVerifier  | + New CommonCertificateVerifier created. 
2023-04-28 11:52:35,214  INFO | pool-3-thread-8 | eu.europa.esig.dss.xades.validation.ManifestValidator   | Validation of the manifest references ... 
2023-04-28 11:52:35,223  INFO | pool-3-thread-1 | eu.europa.esig.dss.validation.SignedDocumentValidator   | Document validation... 
2023-04-28 11:52:35,226  INFO | pool-3-thread-18 | e.e.esig.dss.xades.validation.XAdESCertificateSource    | +XAdESCertificateSource 
2023-04-28 11:52:35,228  INFO | pool-3-thread-1 | e.europa.esig.dss.validation.CommonCertificateVerifier  | + New CommonCertificateVerifier created. 
2023-04-28 11:52:35,229  INFO | pool-3-thread-1 | eu.europa.esig.dss.xades.validation.ManifestValidator   | Validation of the manifest references ... 
2023-04-28 11:52:35,237  INFO | pool-3-thread-18 | e.europa.esig.dss.validation.CommonCertificateVerifier  | + New CommonCertificateVerifier created. 
2023-04-28 11:52:35,238  INFO | pool-3-thread-20 | eu.europa.esig.dss.validation.SignedDocumentValidator   | Document validation... 
2023-04-28 11:52:35,239  INFO | pool-3-thread-1 | e.e.esig.dss.xades.validation.XAdESCertificateSource    | +XAdESCertificateSource 
2023-04-28 11:52:35,240  INFO | pool-3-thread-18 | eu.europa.esig.dss.validation.AIACertificateSource      | Retrieving C-40CAF0A89961B3BD99F375518D46AF7EBA9A0A0D15175DB103568030CF7671D8 certificate's issuer using AIA. 
2023-04-28 11:52:35,244  INFO | pool-3-thread-20 | e.europa.esig.dss.validation.CommonCertificateVerifier  | + New CommonCertificateVerifier created. 
2023-04-28 11:52:35,246  INFO | pool-3-thread-20 | eu.europa.esig.dss.xades.validation.ManifestValidator   | Validation of the manifest references ... 
2023-04-28 11:52:35,251  INFO | pool-3-thread-20 | e.e.esig.dss.xades.validation.XAdESCertificateSource    | +XAdESCertificateSource 
2023-04-28 11:52:35,259  INFO | pool-3-thread-20 | e.europa.esig.dss.validation.CommonCertificateVerifier  | + New CommonCertificateVerifier created. 
2023-04-28 11:52:35,259  INFO | pool-3-thread-1 | e.europa.esig.dss.validation.CommonCertificateVerifier  | + New CommonCertificateVerifier created. 
2023-04-28 11:52:35,261  INFO | pool-3-thread-20 | eu.europa.esig.dss.validation.AIACertificateSource      | Retrieving C-40CAF0A89961B3BD99F375518D46AF7EBA9A0A0D15175DB103568030CF7671D8 certificate's issuer using AIA. 
2023-04-28 11:52:35,261  INFO | pool-3-thread-1 | eu.europa.esig.dss.validation.AIACertificateSource      | Retrieving C-40CAF0A89961B3BD99F375518D46AF7EBA9A0A0D15175DB103568030CF7671D8 certificate's issuer using AIA. 
2023-04-28 11:52:35,266  INFO | pool-3-thread-9 | eu.europa.esig.dss.validation.SignedDocumentValidator   | Document validation... 
2023-04-28 11:52:35,267  INFO | pool-3-thread-11 | eu.europa.esig.dss.validation.SignedDocumentValidator   | Document validation... 
2023-04-28 11:52:35,271  INFO | pool-3-thread-14 | eu.europa.esig.dss.validation.SignedDocumentValidator   | Document validation... 
2023-04-28 11:52:35,272  INFO | pool-3-thread-9 | e.europa.esig.dss.validation.CommonCertificateVerifier  | + New CommonCertificateVerifier created. 
2023-04-28 11:52:35,273  INFO | pool-3-thread-11 | e.europa.esig.dss.validation.CommonCertificateVerifier  | + New CommonCertificateVerifier created. 
2023-04-28 11:52:35,274  INFO | pool-3-thread-9 | eu.europa.esig.dss.xades.validation.ManifestValidator   | Validation of the manifest references ... 
2023-04-28 11:52:35,275  INFO | pool-3-thread-11 | eu.europa.esig.dss.xades.validation.ManifestValidator   | Validation of the manifest references ... 
2023-04-28 11:52:35,278  INFO | pool-3-thread-14 | e.europa.esig.dss.validation.CommonCertificateVerifier  | + New CommonCertificateVerifier created. 
2023-04-28 11:52:35,279  INFO | pool-3-thread-9 | e.e.esig.dss.xades.validation.XAdESCertificateSource    | +XAdESCertificateSource 
2023-04-28 11:52:35,279  INFO | pool-3-thread-11 | e.e.esig.dss.xades.validation.XAdESCertificateSource    | +XAdESCertificateSource 
2023-04-28 11:52:35,280  INFO | pool-3-thread-14 | eu.europa.esig.dss.xades.validation.ManifestValidator   | Validation of the manifest references ... 
2023-04-28 11:52:35,287  INFO | pool-3-thread-9 | e.europa.esig.dss.validation.CommonCertificateVerifier  | + New CommonCertificateVerifier created. 
2023-04-28 11:52:35,287  INFO | pool-3-thread-14 | e.e.esig.dss.xades.validation.XAdESCertificateSource    | +XAdESCertificateSource 
2023-04-28 11:52:35,288  INFO | pool-3-thread-11 | e.europa.esig.dss.validation.CommonCertificateVerifier  | + New CommonCertificateVerifier created. 
2023-04-28 11:52:35,289  INFO | pool-3-thread-9 | eu.europa.esig.dss.validation.AIACertificateSource      | Retrieving C-40CAF0A89961B3BD99F375518D46AF7EBA9A0A0D15175DB103568030CF7671D8 certificate's issuer using AIA. 
2023-04-28 11:52:35,290  INFO | pool-3-thread-11 | eu.europa.esig.dss.validation.AIACertificateSource      | Retrieving C-40CAF0A89961B3BD99F375518D46AF7EBA9A0A0D15175DB103568030CF7671D8 certificate's issuer using AIA. 
2023-04-28 11:52:35,294  INFO | pool-3-thread-14 | e.europa.esig.dss.validation.CommonCertificateVerifier  | + New CommonCertificateVerifier created. 
2023-04-28 11:52:35,296  INFO | pool-3-thread-14 | eu.europa.esig.dss.validation.AIACertificateSource      | Retrieving C-40CAF0A89961B3BD99F375518D46AF7EBA9A0A0D15175DB103568030CF7671D8 certificate's issuer using AIA. 
2023-04-28 11:52:35,302  INFO | pool-3-thread-3 | e.e.esig.dss.xades.validation.XAdESCertificateSource    | +XAdESCertificateSource 
2023-04-28 11:52:35,310  INFO | pool-3-thread-3 | e.europa.esig.dss.validation.CommonCertificateVerifier  | + New CommonCertificateVerifier created. 
2023-04-28 11:52:35,312  INFO | pool-3-thread-3 | eu.europa.esig.dss.validation.AIACertificateSource      | Retrieving C-40CAF0A89961B3BD99F375518D46AF7EBA9A0A0D15175DB103568030CF7671D8 certificate's issuer using AIA. 
2023-04-28 11:52:35,325  INFO | pool-3-thread-7 | e.e.esig.dss.xades.validation.XAdESCertificateSource    | +XAdESCertificateSource 
2023-04-28 11:52:35,332  INFO | pool-3-thread-7 | e.europa.esig.dss.validation.CommonCertificateVerifier  | + New CommonCertificateVerifier created. 
2023-04-28 11:52:35,334  INFO | pool-3-thread-7 | eu.europa.esig.dss.validation.AIACertificateSource      | Retrieving C-40CAF0A89961B3BD99F375518D46AF7EBA9A0A0D15175DB103568030CF7671D8 certificate's issuer using AIA. 
2023-04-28 11:52:35,337  INFO | pool-3-thread-17 | e.e.esig.dss.xades.validation.XAdESCertificateSource    | +XAdESCertificateSource 
2023-04-28 11:52:35,339  INFO | pool-3-thread-9 | eu.europa.esig.dss.validation.AIACertificateSource      | Retrieving C-530B1D749BE7AD3A7BB78326B281DBCC5DF6EA5F414A7B29B970B6548B044907 certificate's issuer using AIA. 
2023-04-28 11:52:35,339  INFO | pool-3-thread-9 | eu.europa.esig.dss.spi.x509.aia.DefaultAIASource        | There is no AIA extension for certificate download. 
2023-04-28 11:52:35,339  INFO | pool-3-thread-20 | eu.europa.esig.dss.validation.AIACertificateSource      | Retrieving C-530B1D749BE7AD3A7BB78326B281DBCC5DF6EA5F414A7B29B970B6548B044907 certificate's issuer using AIA. 
2023-04-28 11:52:35,339  INFO | pool-3-thread-20 | eu.europa.esig.dss.spi.x509.aia.DefaultAIASource        | There is no AIA extension for certificate download. 
2023-04-28 11:52:35,339  INFO | pool-3-thread-18 | eu.europa.esig.dss.validation.AIACertificateSource      | Retrieving C-530B1D749BE7AD3A7BB78326B281DBCC5DF6EA5F414A7B29B970B6548B044907 certificate's issuer using AIA. 
2023-04-28 11:52:35,339  INFO | pool-3-thread-18 | eu.europa.esig.dss.spi.x509.aia.DefaultAIASource        | There is no AIA extension for certificate download. 
2023-04-28 11:52:35,340  INFO | pool-3-thread-11 | eu.europa.esig.dss.validation.AIACertificateSource      | Retrieving C-530B1D749BE7AD3A7BB78326B281DBCC5DF6EA5F414A7B29B970B6548B044907 certificate's issuer using AIA. 
2023-04-28 11:52:35,340  INFO | pool-3-thread-11 | eu.europa.esig.dss.spi.x509.aia.DefaultAIASource        | There is no AIA extension for certificate download. 
2023-04-28 11:52:35,340  WARN | pool-3-thread-9 | e.europa.esig.dss.validation.SignatureValidationContext | POE extraction is skipped for untrusted timestamp : T-26386383378D0C48268DAF57FEFF16A3E7A398A141E3F4EB26079F1DA4959501. 
2023-04-28 11:52:35,340  WARN | pool-3-thread-20 | e.europa.esig.dss.validation.SignatureValidationContext | POE extraction is skipped for untrusted timestamp : T-26386383378D0C48268DAF57FEFF16A3E7A398A141E3F4EB26079F1DA4959501. 
2023-04-28 11:52:35,340  WARN | pool-3-thread-18 | e.europa.esig.dss.validation.SignatureValidationContext | POE extraction is skipped for untrusted timestamp : T-26386383378D0C48268DAF57FEFF16A3E7A398A141E3F4EB26079F1DA4959501. 
2023-04-28 11:52:35,340  WARN | pool-3-thread-11 | e.europa.esig.dss.validation.SignatureValidationContext | POE extraction is skipped for untrusted timestamp : T-26386383378D0C48268DAF57FEFF16A3E7A398A141E3F4EB26079F1DA4959501. 
2023-04-28 11:52:35,343  WARN | pool-3-thread-18 | e.europa.esig.dss.validation.SignatureValidationContext | No revocation found for the certificate C-CF92871488972946BA2863A316F06A75ADDE69F19608DCBEEBA26026CF3A5E12 
2023-04-28 11:52:35,344  WARN | pool-3-thread-9 | e.europa.esig.dss.validation.SignatureValidationContext | No revocation found for the certificate C-CF92871488972946BA2863A316F06A75ADDE69F19608DCBEEBA26026CF3A5E12 
2023-04-28 11:52:35,344  WARN | pool-3-thread-20 | e.europa.esig.dss.validation.SignatureValidationContext | No revocation found for the certificate C-CF92871488972946BA2863A316F06A75ADDE69F19608DCBEEBA26026CF3A5E12 
2023-04-28 11:52:35,344  WARN | pool-3-thread-11 | e.europa.esig.dss.validation.SignatureValidationContext | No revocation found for the certificate C-CF92871488972946BA2863A316F06A75ADDE69F19608DCBEEBA26026CF3A5E12 
2023-04-28 11:52:35,345  WARN | pool-3-thread-18 | e.europa.esig.dss.validation.SignatureValidationContext | No revocation found for the certificate C-40CAF0A89961B3BD99F375518D46AF7EBA9A0A0D15175DB103568030CF7671D8 
2023-04-28 11:52:35,345  WARN | pool-3-thread-9 | e.europa.esig.dss.validation.SignatureValidationContext | No revocation found for the certificate C-40CAF0A89961B3BD99F375518D46AF7EBA9A0A0D15175DB103568030CF7671D8 
2023-04-28 11:52:35,345  WARN | pool-3-thread-20 | e.europa.esig.dss.validation.SignatureValidationContext | No revocation found for the certificate C-40CAF0A89961B3BD99F375518D46AF7EBA9A0A0D15175DB103568030CF7671D8 
2023-04-28 11:52:35,346  WARN | pool-3-thread-11 | e.europa.esig.dss.validation.SignatureValidationContext | No revocation found for the certificate C-40CAF0A89961B3BD99F375518D46AF7EBA9A0A0D15175DB103568030CF7671D8 
2023-04-28 11:52:35,347  WARN | pool-3-thread-18 | e.europa.esig.dss.validation.SignatureValidationContext | Issuer not found for certificate C-530B1D749BE7AD3A7BB78326B281DBCC5DF6EA5F414A7B29B970B6548B044907 
2023-04-28 11:52:35,348  WARN | pool-3-thread-18 | e.europa.esig.dss.validation.SignatureValidationContext | No revocation found for the certificate C-BED0F19ED46D94900D2A9FCD7C6F660B61FF7588D8B71CF8F279D5FAA3021CCF 
2023-04-28 11:52:35,348  WARN | pool-3-thread-9 | e.europa.esig.dss.validation.SignatureValidationContext | Issuer not found for certificate C-530B1D749BE7AD3A7BB78326B281DBCC5DF6EA5F414A7B29B970B6548B044907 
2023-04-28 11:52:35,348  WARN | pool-3-thread-18 | eu.europa.esig.dss.validation.DiagnosticDataBuilder     | Provided CertificateSource configuration contains none of trusted sources of type TRUSTED_STORE or TRUSTED_LIST! 
2023-04-28 11:52:35,348  WARN | pool-3-thread-20 | e.europa.esig.dss.validation.SignatureValidationContext | Issuer not found for certificate C-530B1D749BE7AD3A7BB78326B281DBCC5DF6EA5F414A7B29B970B6548B044907 
2023-04-28 11:52:35,348  WARN | pool-3-thread-9 | e.europa.esig.dss.validation.SignatureValidationContext | No revocation found for the certificate C-BED0F19ED46D94900D2A9FCD7C6F660B61FF7588D8B71CF8F279D5FAA3021CCF 
2023-04-28 11:52:35,349  WARN | pool-3-thread-11 | e.europa.esig.dss.validation.SignatureValidationContext | Issuer not found for certificate C-530B1D749BE7AD3A7BB78326B281DBCC5DF6EA5F414A7B29B970B6548B044907 
2023-04-28 11:52:35,349  WARN | pool-3-thread-20 | e.europa.esig.dss.validation.SignatureValidationContext | No revocation found for the certificate C-BED0F19ED46D94900D2A9FCD7C6F660B61FF7588D8B71CF8F279D5FAA3021CCF 
2023-04-28 11:52:35,349  WARN | pool-3-thread-9 | eu.europa.esig.dss.validation.DiagnosticDataBuilder     | Provided CertificateSource configuration contains none of trusted sources of type TRUSTED_STORE or TRUSTED_LIST! 
2023-04-28 11:52:35,349  WARN | pool-3-thread-20 | eu.europa.esig.dss.validation.DiagnosticDataBuilder     | Provided CertificateSource configuration contains none of trusted sources of type TRUSTED_STORE or TRUSTED_LIST! 
2023-04-28 11:52:35,349  WARN | pool-3-thread-11 | e.europa.esig.dss.validation.SignatureValidationContext | No revocation found for the certificate C-BED0F19ED46D94900D2A9FCD7C6F660B61FF7588D8B71CF8F279D5FAA3021CCF 
2023-04-28 11:52:35,350  WARN | pool-3-thread-11 | eu.europa.esig.dss.validation.DiagnosticDataBuilder     | Provided CertificateSource configuration contains none of trusted sources of type TRUSTED_STORE or TRUSTED_LIST! 
2023-04-28 11:52:35,381  INFO | pool-3-thread-20 | eu.europa.esig.dss.validation.SignedDocumentValidator   | Document validation... 
2023-04-28 11:52:35,381  INFO | pool-3-thread-9 | eu.europa.esig.dss.validation.SignedDocumentValidator   | Document validation... 
2023-04-28 11:52:35,384  INFO | pool-3-thread-11 | eu.europa.esig.dss.validation.SignedDocumentValidator   | Document validation... 
2023-04-28 11:52:35,385  INFO | pool-3-thread-17 | e.europa.esig.dss.validation.CommonCertificateVerifier  | + New CommonCertificateVerifier created. 
2023-04-28 11:52:35,388  INFO | pool-3-thread-5 | e.e.esig.dss.xades.validation.XAdESCertificateSource    | +XAdESCertificateSource 
2023-04-28 11:52:35,389  INFO | pool-3-thread-9 | e.europa.esig.dss.validation.CommonCertificateVerifier  | + New CommonCertificateVerifier created. 
2023-04-28 11:52:35,389  INFO | pool-3-thread-20 | e.europa.esig.dss.validation.CommonCertificateVerifier  | + New CommonCertificateVerifier created. 
2023-04-28 11:52:35,391  INFO | pool-3-thread-9 | eu.europa.esig.dss.xades.validation.ManifestValidator   | Validation of the manifest references ... 
2023-04-28 11:52:35,391  INFO | pool-3-thread-20 | eu.europa.esig.dss.xades.validation.ManifestValidator   | Validation of the manifest references ... 
2023-04-28 11:52:35,391  INFO | pool-3-thread-11 | e.europa.esig.dss.validation.CommonCertificateVerifier  | + New CommonCertificateVerifier created. 
2023-04-28 11:52:35,399  INFO | pool-3-thread-5 | e.europa.esig.dss.validation.CommonCertificateVerifier  | + New CommonCertificateVerifier created. 
2023-04-28 11:52:35,402  INFO | pool-3-thread-11 | eu.europa.esig.dss.xades.validation.ManifestValidator   | Validation of the manifest references ... 
2023-04-28 11:52:35,402  INFO | pool-3-thread-5 | eu.europa.esig.dss.validation.AIACertificateSource      | Retrieving C-40CAF0A89961B3BD99F375518D46AF7EBA9A0A0D15175DB103568030CF7671D8 certificate's issuer using AIA. 
2023-04-28 11:52:35,414  INFO | pool-3-thread-14 | eu.europa.esig.dss.validation.AIACertificateSource      | Retrieving C-530B1D749BE7AD3A7BB78326B281DBCC5DF6EA5F414A7B29B970B6548B044907 certificate's issuer using AIA. 
2023-04-28 11:52:35,414  INFO | pool-3-thread-14 | eu.europa.esig.dss.spi.x509.aia.DefaultAIASource        | There is no AIA extension for certificate download. 
2023-04-28 11:52:35,414  WARN | pool-3-thread-14 | e.europa.esig.dss.validation.SignatureValidationContext | POE extraction is skipped for untrusted timestamp : T-26386383378D0C48268DAF57FEFF16A3E7A398A141E3F4EB26079F1DA4959501. 
2023-04-28 11:52:35,419  WARN | pool-3-thread-14 | e.europa.esig.dss.validation.SignatureValidationContext | No revocation found for the certificate C-CF92871488972946BA2863A316F06A75ADDE69F19608DCBEEBA26026CF3A5E12 
2023-04-28 11:52:35,420  WARN | pool-3-thread-14 | e.europa.esig.dss.validation.SignatureValidationContext | No revocation found for the certificate C-40CAF0A89961B3BD99F375518D46AF7EBA9A0A0D15175DB103568030CF7671D8 
2023-04-28 11:52:35,423  WARN | pool-3-thread-14 | e.europa.esig.dss.validation.SignatureValidationContext | Issuer not found for certificate C-530B1D749BE7AD3A7BB78326B281DBCC5DF6EA5F414A7B29B970B6548B044907 
2023-04-28 11:52:35,423  WARN | pool-3-thread-14 | e.europa.esig.dss.validation.SignatureValidationContext | No revocation found for the certificate C-BED0F19ED46D94900D2A9FCD7C6F660B61FF7588D8B71CF8F279D5FAA3021CCF 
2023-04-28 11:52:35,424  WARN | pool-3-thread-14 | eu.europa.esig.dss.validation.DiagnosticDataBuilder     | Provided CertificateSource configuration contains none of trusted sources of type TRUSTED_STORE or TRUSTED_LIST! 
2023-04-28 11:52:35,427  INFO | pool-3-thread-1 | eu.europa.esig.dss.validation.AIACertificateSource      | Retrieving C-530B1D749BE7AD3A7BB78326B281DBCC5DF6EA5F414A7B29B970B6548B044907 certificate's issuer using AIA. 
2023-04-28 11:52:35,427  INFO | pool-3-thread-1 | eu.europa.esig.dss.spi.x509.aia.DefaultAIASource        | There is no AIA extension for certificate download. 
2023-04-28 11:52:35,428  INFO | pool-3-thread-17 | eu.europa.esig.dss.validation.AIACertificateSource      | Retrieving C-40CAF0A89961B3BD99F375518D46AF7EBA9A0A0D15175DB103568030CF7671D8 certificate's issuer using AIA. 
2023-04-28 11:52:35,428  WARN | pool-3-thread-1 | e.europa.esig.dss.validation.SignatureValidationContext | POE extraction is skipped for untrusted timestamp : T-26386383378D0C48268DAF57FEFF16A3E7A398A141E3F4EB26079F1DA4959501. 
2023-04-28 11:52:35,433  WARN | pool-3-thread-1 | e.europa.esig.dss.validation.SignatureValidationContext | No revocation found for the certificate C-CF92871488972946BA2863A316F06A75ADDE69F19608DCBEEBA26026CF3A5E12 
2023-04-28 11:52:35,434  INFO | pool-3-thread-13 | e.e.esig.dss.xades.validation.XAdESCertificateSource    | +XAdESCertificateSource 
2023-04-28 11:52:35,434  WARN | pool-3-thread-1 | e.europa.esig.dss.validation.SignatureValidationContext | No revocation found for the certificate C-40CAF0A89961B3BD99F375518D46AF7EBA9A0A0D15175DB103568030CF7671D8 
2023-04-28 11:52:35,435  INFO | pool-3-thread-15 | e.e.esig.dss.xades.validation.XAdESCertificateSource    | +XAdESCertificateSource 
2023-04-28 11:52:35,437  WARN | pool-3-thread-1 | e.europa.esig.dss.validation.SignatureValidationContext | Issuer not found for certificate C-530B1D749BE7AD3A7BB78326B281DBCC5DF6EA5F414A7B29B970B6548B044907 
2023-04-28 11:52:35,438  WARN | pool-3-thread-1 | e.europa.esig.dss.validation.SignatureValidationContext | No revocation found for the certificate C-BED0F19ED46D94900D2A9FCD7C6F660B61FF7588D8B71CF8F279D5FAA3021CCF 
2023-04-28 11:52:35,438  WARN | pool-3-thread-1 | eu.europa.esig.dss.validation.DiagnosticDataBuilder     | Provided CertificateSource configuration contains none of trusted sources of type TRUSTED_STORE or TRUSTED_LIST! 
2023-04-28 11:52:35,456  INFO | pool-3-thread-12 | e.e.esig.dss.xades.validation.XAdESCertificateSource    | +XAdESCertificateSource 
2023-04-28 11:52:35,458  INFO | pool-3-thread-18 | eu.europa.esig.dss.validation.SignedDocumentValidator   | Document validation... 
2023-04-28 11:52:35,458  INFO | pool-3-thread-13 | e.europa.esig.dss.validation.CommonCertificateVerifier  | + New CommonCertificateVerifier created. 
2023-04-28 11:52:35,459  INFO | pool-3-thread-15 | e.europa.esig.dss.validation.CommonCertificateVerifier  | + New CommonCertificateVerifier created. 
2023-04-28 11:52:35,460  INFO | pool-3-thread-13 | eu.europa.esig.dss.validation.AIACertificateSource      | Retrieving C-40CAF0A89961B3BD99F375518D46AF7EBA9A0A0D15175DB103568030CF7671D8 certificate's issuer using AIA. 
2023-04-28 11:52:35,460  INFO | pool-3-thread-15 | eu.europa.esig.dss.validation.AIACertificateSource      | Retrieving C-40CAF0A89961B3BD99F375518D46AF7EBA9A0A0D15175DB103568030CF7671D8 certificate's issuer using AIA. 
2023-04-28 11:52:35,462  INFO | pool-3-thread-1 | eu.europa.esig.dss.validation.SignedDocumentValidator   | Document validation... 
2023-04-28 11:52:35,464  INFO | pool-3-thread-8 | e.e.esig.dss.xades.validation.XAdESCertificateSource    | +XAdESCertificateSource 
2023-04-28 11:52:35,464  INFO | pool-3-thread-14 | eu.europa.esig.dss.validation.SignedDocumentValidator   | Document validation... 
2023-04-28 11:52:35,464  INFO | pool-3-thread-18 | e.europa.esig.dss.validation.CommonCertificateVerifier  | + New CommonCertificateVerifier created. 
2023-04-28 11:52:35,467  INFO | pool-3-thread-18 | eu.europa.esig.dss.xades.validation.ManifestValidator   | Validation of the manifest references ... 
2023-04-28 11:52:35,468  INFO | pool-3-thread-1 | e.europa.esig.dss.validation.CommonCertificateVerifier  | + New CommonCertificateVerifier created. 
2023-04-28 11:52:35,468  INFO | pool-3-thread-12 | e.europa.esig.dss.validation.CommonCertificateVerifier  | + New CommonCertificateVerifier created. 
2023-04-28 11:52:35,470  INFO | pool-3-thread-1 | eu.europa.esig.dss.xades.validation.ManifestValidator   | Validation of the manifest references ... 
2023-04-28 11:52:35,471  INFO | pool-3-thread-12 | eu.europa.esig.dss.validation.AIACertificateSource      | Retrieving C-40CAF0A89961B3BD99F375518D46AF7EBA9A0A0D15175DB103568030CF7671D8 certificate's issuer using AIA. 
2023-04-28 11:52:35,474  INFO | pool-3-thread-14 | e.europa.esig.dss.validation.CommonCertificateVerifier  | + New CommonCertificateVerifier created. 
2023-04-28 11:52:35,476  INFO | pool-3-thread-14 | eu.europa.esig.dss.xades.validation.ManifestValidator   | Validation of the manifest references ... 
2023-04-28 11:52:35,477  INFO | pool-3-thread-2 | eu.europa.esig.dss.validation.SignedDocumentValidator   | Document validation... 
2023-04-28 11:52:35,477  INFO | pool-3-thread-8 | e.europa.esig.dss.validation.CommonCertificateVerifier  | + New CommonCertificateVerifier created. 
2023-04-28 11:52:35,480  INFO | pool-3-thread-8 | eu.europa.esig.dss.validation.AIACertificateSource      | Retrieving C-40CAF0A89961B3BD99F375518D46AF7EBA9A0A0D15175DB103568030CF7671D8 certificate's issuer using AIA. 
2023-04-28 11:52:35,483  INFO | pool-3-thread-2 | e.europa.esig.dss.validation.CommonCertificateVerifier  | + New CommonCertificateVerifier created. 
2023-04-28 11:52:35,485  INFO | pool-3-thread-2 | eu.europa.esig.dss.xades.validation.ManifestValidator   | Validation of the manifest references ... 
2023-04-28 11:52:35,489  INFO | pool-3-thread-7 | eu.europa.esig.dss.validation.AIACertificateSource      | Retrieving C-530B1D749BE7AD3A7BB78326B281DBCC5DF6EA5F414A7B29B970B6548B044907 certificate's issuer using AIA. 
2023-04-28 11:52:35,489  INFO | pool-3-thread-7 | eu.europa.esig.dss.spi.x509.aia.DefaultAIASource        | There is no AIA extension for certificate download. 
2023-04-28 11:52:35,489  WARN | pool-3-thread-7 | e.europa.esig.dss.validation.SignatureValidationContext | POE extraction is skipped for untrusted timestamp : T-26386383378D0C48268DAF57FEFF16A3E7A398A141E3F4EB26079F1DA4959501. 
2023-04-28 11:52:35,493  WARN | pool-3-thread-7 | e.europa.esig.dss.validation.SignatureValidationContext | No revocation found for the certificate C-CF92871488972946BA2863A316F06A75ADDE69F19608DCBEEBA26026CF3A5E12 
2023-04-28 11:52:35,495  WARN | pool-3-thread-7 | e.europa.esig.dss.validation.SignatureValidationContext | No revocation found for the certificate C-40CAF0A89961B3BD99F375518D46AF7EBA9A0A0D15175DB103568030CF7671D8 
2023-04-28 11:52:35,497  WARN | pool-3-thread-7 | e.europa.esig.dss.validation.SignatureValidationContext | Issuer not found for certificate C-530B1D749BE7AD3A7BB78326B281DBCC5DF6EA5F414A7B29B970B6548B044907 
2023-04-28 11:52:35,497  WARN | pool-3-thread-7 | e.europa.esig.dss.validation.SignatureValidationContext | No revocation found for the certificate C-BED0F19ED46D94900D2A9FCD7C6F660B61FF7588D8B71CF8F279D5FAA3021CCF 
2023-04-28 11:52:35,498  WARN | pool-3-thread-7 | eu.europa.esig.dss.validation.DiagnosticDataBuilder     | Provided CertificateSource configuration contains none of trusted sources of type TRUSTED_STORE or TRUSTED_LIST! 
2023-04-28 11:52:35,508  INFO | pool-3-thread-3 | eu.europa.esig.dss.validation.AIACertificateSource      | Retrieving C-530B1D749BE7AD3A7BB78326B281DBCC5DF6EA5F414A7B29B970B6548B044907 certificate's issuer using AIA. 
2023-04-28 11:52:35,508  INFO | pool-3-thread-3 | eu.europa.esig.dss.spi.x509.aia.DefaultAIASource        | There is no AIA extension for certificate download. 
2023-04-28 11:52:35,508  INFO | pool-3-thread-5 | eu.europa.esig.dss.validation.AIACertificateSource      | Retrieving C-530B1D749BE7AD3A7BB78326B281DBCC5DF6EA5F414A7B29B970B6548B044907 certificate's issuer using AIA. 
2023-04-28 11:52:35,508  INFO | pool-3-thread-5 | eu.europa.esig.dss.spi.x509.aia.DefaultAIASource        | There is no AIA extension for certificate download. 
2023-04-28 11:52:35,508  WARN | pool-3-thread-3 | e.europa.esig.dss.validation.SignatureValidationContext | POE extraction is skipped for untrusted timestamp : T-26386383378D0C48268DAF57FEFF16A3E7A398A141E3F4EB26079F1DA4959501. 
2023-04-28 11:52:35,509  WARN | pool-3-thread-5 | e.europa.esig.dss.validation.SignatureValidationContext | POE extraction is skipped for untrusted timestamp : T-26386383378D0C48268DAF57FEFF16A3E7A398A141E3F4EB26079F1DA4959501. 
2023-04-28 11:52:35,510  INFO | pool-3-thread-16 | eu.europa.esig.dss.validation.SignedDocumentValidator   | Document validation... 
2023-04-28 11:52:35,512  WARN | pool-3-thread-3 | e.europa.esig.dss.validation.SignatureValidationContext | No revocation found for the certificate C-CF92871488972946BA2863A316F06A75ADDE69F19608DCBEEBA26026CF3A5E12 
2023-04-28 11:52:35,513  WARN | pool-3-thread-5 | e.europa.esig.dss.validation.SignatureValidationContext | No revocation found for the certificate C-CF92871488972946BA2863A316F06A75ADDE69F19608DCBEEBA26026CF3A5E12 
2023-04-28 11:52:35,513  WARN | pool-3-thread-3 | e.europa.esig.dss.validation.SignatureValidationContext | No revocation found for the certificate C-40CAF0A89961B3BD99F375518D46AF7EBA9A0A0D15175DB103568030CF7671D8 
2023-04-28 11:52:35,514  WARN | pool-3-thread-5 | e.europa.esig.dss.validation.SignatureValidationContext | No revocation found for the certificate C-40CAF0A89961B3BD99F375518D46AF7EBA9A0A0D15175DB103568030CF7671D8 
2023-04-28 11:52:35,514  INFO | pool-3-thread-16 | e.europa.esig.dss.validation.CommonCertificateVerifier  | + New CommonCertificateVerifier created. 
2023-04-28 11:52:35,516  WARN | pool-3-thread-5 | e.europa.esig.dss.validation.SignatureValidationContext | Issuer not found for certificate C-530B1D749BE7AD3A7BB78326B281DBCC5DF6EA5F414A7B29B970B6548B044907 
2023-04-28 11:52:35,516  WARN | pool-3-thread-3 | e.europa.esig.dss.validation.SignatureValidationContext | Issuer not found for certificate C-530B1D749BE7AD3A7BB78326B281DBCC5DF6EA5F414A7B29B970B6548B044907 
2023-04-28 11:52:35,516  WARN | pool-3-thread-5 | e.europa.esig.dss.validation.SignatureValidationContext | No revocation found for the certificate C-BED0F19ED46D94900D2A9FCD7C6F660B61FF7588D8B71CF8F279D5FAA3021CCF 
2023-04-28 11:52:35,517  WARN | pool-3-thread-3 | e.europa.esig.dss.validation.SignatureValidationContext | No revocation found for the certificate C-BED0F19ED46D94900D2A9FCD7C6F660B61FF7588D8B71CF8F279D5FAA3021CCF 
2023-04-28 11:52:35,517  INFO | pool-3-thread-16 | eu.europa.esig.dss.xades.validation.ManifestValidator   | Validation of the manifest references ... 
2023-04-28 11:52:35,517  WARN | pool-3-thread-5 | eu.europa.esig.dss.validation.DiagnosticDataBuilder     | Provided CertificateSource configuration contains none of trusted sources of type TRUSTED_STORE or TRUSTED_LIST! 
2023-04-28 11:52:35,517  WARN | pool-3-thread-3 | eu.europa.esig.dss.validation.DiagnosticDataBuilder     | Provided CertificateSource configuration contains none of trusted sources of type TRUSTED_STORE or TRUSTED_LIST! 
2023-04-28 11:52:35,519  INFO | pool-3-thread-7 | eu.europa.esig.dss.validation.SignedDocumentValidator   | Document validation... 
2023-04-28 11:52:35,525  INFO | pool-3-thread-7 | e.europa.esig.dss.validation.CommonCertificateVerifier  | + New CommonCertificateVerifier created. 
2023-04-28 11:52:35,527  INFO | pool-3-thread-6 | e.e.esig.dss.xades.validation.XAdESCertificateSource    | +XAdESCertificateSource 
2023-04-28 11:52:35,528  INFO | pool-3-thread-7 | eu.europa.esig.dss.xades.validation.ManifestValidator   | Validation of the manifest references ... 
2023-04-28 11:52:35,540  INFO | pool-3-thread-9 | e.e.esig.dss.xades.validation.XAdESCertificateSource    | +XAdESCertificateSource 
2023-04-28 11:52:35,546  INFO | pool-3-thread-9 | e.europa.esig.dss.validation.CommonCertificateVerifier  | + New CommonCertificateVerifier created. 
2023-04-28 11:52:35,548  INFO | pool-3-thread-9 | eu.europa.esig.dss.validation.AIACertificateSource      | Retrieving C-40CAF0A89961B3BD99F375518D46AF7EBA9A0A0D15175DB103568030CF7671D8 certificate's issuer using AIA. 
2023-04-28 11:52:35,550  INFO | pool-3-thread-20 | e.e.esig.dss.xades.validation.XAdESCertificateSource    | +XAdESCertificateSource 
2023-04-28 11:52:35,558  INFO | pool-3-thread-20 | e.europa.esig.dss.validation.CommonCertificateVerifier  | + New CommonCertificateVerifier created. 
2023-04-28 11:52:35,560  INFO | pool-3-thread-20 | eu.europa.esig.dss.validation.AIACertificateSource      | Retrieving C-40CAF0A89961B3BD99F375518D46AF7EBA9A0A0D15175DB103568030CF7671D8 certificate's issuer using AIA. 
2023-04-28 11:52:35,574  INFO | pool-3-thread-6 | e.europa.esig.dss.validation.CommonCertificateVerifier  | + New CommonCertificateVerifier created. 
2023-04-28 11:52:35,578  INFO | pool-3-thread-6 | eu.europa.esig.dss.validation.AIACertificateSource      | Retrieving C-40CAF0A89961B3BD99F375518D46AF7EBA9A0A0D15175DB103568030CF7671D8 certificate's issuer using AIA. 
2023-04-28 11:52:35,602  INFO | pool-3-thread-1 | e.e.esig.dss.xades.validation.XAdESCertificateSource    | +XAdESCertificateSource 
2023-04-28 11:52:35,611  INFO | pool-3-thread-1 | e.europa.esig.dss.validation.CommonCertificateVerifier  | + New CommonCertificateVerifier created. 
2023-04-28 11:52:35,613  INFO | pool-3-thread-1 | eu.europa.esig.dss.validation.AIACertificateSource      | Retrieving C-40CAF0A89961B3BD99F375518D46AF7EBA9A0A0D15175DB103568030CF7671D8 certificate's issuer using AIA. 
2023-04-28 11:52:35,624  INFO | pool-3-thread-16 | e.e.esig.dss.xades.validation.XAdESCertificateSource    | +XAdESCertificateSource 
2023-04-28 11:52:35,629  INFO | pool-3-thread-17 | eu.europa.esig.dss.validation.AIACertificateSource      | Retrieving C-530B1D749BE7AD3A7BB78326B281DBCC5DF6EA5F414A7B29B970B6548B044907 certificate's issuer using AIA. 
2023-04-28 11:52:35,629  INFO | pool-3-thread-17 | eu.europa.esig.dss.spi.x509.aia.DefaultAIASource        | There is no AIA extension for certificate download. 
2023-04-28 11:52:35,629  INFO | pool-3-thread-13 | eu.europa.esig.dss.validation.AIACertificateSource      | Retrieving C-530B1D749BE7AD3A7BB78326B281DBCC5DF6EA5F414A7B29B970B6548B044907 certificate's issuer using AIA. 
2023-04-28 11:52:35,630  INFO | pool-3-thread-13 | eu.europa.esig.dss.spi.x509.aia.DefaultAIASource        | There is no AIA extension for certificate download. 
2023-04-28 11:52:35,630  WARN | pool-3-thread-17 | e.europa.esig.dss.validation.SignatureValidationContext | POE extraction is skipped for untrusted timestamp : T-26386383378D0C48268DAF57FEFF16A3E7A398A141E3F4EB26079F1DA4959501. 
2023-04-28 11:52:35,630  WARN | pool-3-thread-13 | e.europa.esig.dss.validation.SignatureValidationContext | POE extraction is skipped for untrusted timestamp : T-26386383378D0C48268DAF57FEFF16A3E7A398A141E3F4EB26079F1DA4959501. 
2023-04-28 11:52:35,630  INFO | pool-3-thread-12 | eu.europa.esig.dss.validation.AIACertificateSource      | Retrieving C-530B1D749BE7AD3A7BB78326B281DBCC5DF6EA5F414A7B29B970B6548B044907 certificate's issuer using AIA. 
2023-04-28 11:52:35,630  INFO | pool-3-thread-12 | eu.europa.esig.dss.spi.x509.aia.DefaultAIASource        | There is no AIA extension for certificate download. 
2023-04-28 11:52:35,631  INFO | pool-3-thread-15 | eu.europa.esig.dss.validation.AIACertificateSource      | Retrieving C-530B1D749BE7AD3A7BB78326B281DBCC5DF6EA5F414A7B29B970B6548B044907 certificate's issuer using AIA. 
2023-04-28 11:52:35,631  INFO | pool-3-thread-15 | eu.europa.esig.dss.spi.x509.aia.DefaultAIASource        | There is no AIA extension for certificate download. 
2023-04-28 11:52:35,631  WARN | pool-3-thread-12 | e.europa.esig.dss.validation.SignatureValidationContext | POE extraction is skipped for untrusted timestamp : T-26386383378D0C48268DAF57FEFF16A3E7A398A141E3F4EB26079F1DA4959501. 
2023-04-28 11:52:35,632  WARN | pool-3-thread-15 | e.europa.esig.dss.validation.SignatureValidationContext | POE extraction is skipped for untrusted timestamp : T-26386383378D0C48268DAF57FEFF16A3E7A398A141E3F4EB26079F1DA4959501. 
2023-04-28 11:52:35,633  INFO | pool-3-thread-8 | eu.europa.esig.dss.validation.AIACertificateSource      | Retrieving C-530B1D749BE7AD3A7BB78326B281DBCC5DF6EA5F414A7B29B970B6548B044907 certificate's issuer using AIA. 
2023-04-28 11:52:35,633  INFO | pool-3-thread-8 | eu.europa.esig.dss.spi.x509.aia.DefaultAIASource        | There is no AIA extension for certificate download. 
2023-04-28 11:52:35,633  WARN | pool-3-thread-8 | e.europa.esig.dss.validation.SignatureValidationContext | POE extraction is skipped for untrusted timestamp : T-26386383378D0C48268DAF57FEFF16A3E7A398A141E3F4EB26079F1DA4959501. 
2023-04-28 11:52:35,634  WARN | pool-3-thread-17 | e.europa.esig.dss.validation.SignatureValidationContext | No revocation found for the certificate C-CF92871488972946BA2863A316F06A75ADDE69F19608DCBEEBA26026CF3A5E12 
2023-04-28 11:52:35,634  WARN | pool-3-thread-13 | e.europa.esig.dss.validation.SignatureValidationContext | No revocation found for the certificate C-CF92871488972946BA2863A316F06A75ADDE69F19608DCBEEBA26026CF3A5E12 
2023-04-28 11:52:35,635  WARN | pool-3-thread-17 | e.europa.esig.dss.validation.SignatureValidationContext | No revocation found for the certificate C-40CAF0A89961B3BD99F375518D46AF7EBA9A0A0D15175DB103568030CF7671D8 
2023-04-28 11:52:35,635  WARN | pool-3-thread-13 | e.europa.esig.dss.validation.SignatureValidationContext | No revocation found for the certificate C-40CAF0A89961B3BD99F375518D46AF7EBA9A0A0D15175DB103568030CF7671D8 
2023-04-28 11:52:35,635  WARN | pool-3-thread-15 | e.europa.esig.dss.validation.SignatureValidationContext | No revocation found for the certificate C-CF92871488972946BA2863A316F06A75ADDE69F19608DCBEEBA26026CF3A5E12 
2023-04-28 11:52:35,637  WARN | pool-3-thread-15 | e.europa.esig.dss.validation.SignatureValidationContext | No revocation found for the certificate C-40CAF0A89961B3BD99F375518D46AF7EBA9A0A0D15175DB103568030CF7671D8 
2023-04-28 11:52:35,637  WARN | pool-3-thread-12 | e.europa.esig.dss.validation.SignatureValidationContext | No revocation found for the certificate C-CF92871488972946BA2863A316F06A75ADDE69F19608DCBEEBA26026CF3A5E12 
2023-04-28 11:52:35,637  WARN | pool-3-thread-8 | e.europa.esig.dss.validation.SignatureValidationContext | No revocation found for the certificate C-CF92871488972946BA2863A316F06A75ADDE69F19608DCBEEBA26026CF3A5E12 
2023-04-28 11:52:35,638  WARN | pool-3-thread-17 | e.europa.esig.dss.validation.SignatureValidationContext | Issuer not found for certificate C-530B1D749BE7AD3A7BB78326B281DBCC5DF6EA5F414A7B29B970B6548B044907 
2023-04-28 11:52:35,638  WARN | pool-3-thread-13 | e.europa.esig.dss.validation.SignatureValidationContext | Issuer not found for certificate C-530B1D749BE7AD3A7BB78326B281DBCC5DF6EA5F414A7B29B970B6548B044907 
2023-04-28 11:52:35,638  WARN | pool-3-thread-12 | e.europa.esig.dss.validation.SignatureValidationContext | No revocation found for the certificate C-40CAF0A89961B3BD99F375518D46AF7EBA9A0A0D15175DB103568030CF7671D8 
2023-04-28 11:52:35,638  WARN | pool-3-thread-17 | e.europa.esig.dss.validation.SignatureValidationContext | No revocation found for the certificate C-BED0F19ED46D94900D2A9FCD7C6F660B61FF7588D8B71CF8F279D5FAA3021CCF 
2023-04-28 11:52:35,639  WARN | pool-3-thread-13 | e.europa.esig.dss.validation.SignatureValidationContext | No revocation found for the certificate C-BED0F19ED46D94900D2A9FCD7C6F660B61FF7588D8B71CF8F279D5FAA3021CCF 
2023-04-28 11:52:35,639  WARN | pool-3-thread-8 | e.europa.esig.dss.validation.SignatureValidationContext | No revocation found for the certificate C-40CAF0A89961B3BD99F375518D46AF7EBA9A0A0D15175DB103568030CF7671D8 
2023-04-28 11:52:35,639  WARN | pool-3-thread-17 | eu.europa.esig.dss.validation.DiagnosticDataBuilder     | Provided CertificateSource configuration contains none of trusted sources of type TRUSTED_STORE or TRUSTED_LIST! 
2023-04-28 11:52:35,639  WARN | pool-3-thread-13 | eu.europa.esig.dss.validation.DiagnosticDataBuilder     | Provided CertificateSource configuration contains none of trusted sources of type TRUSTED_STORE or TRUSTED_LIST! 
2023-04-28 11:52:35,639  WARN | pool-3-thread-15 | e.europa.esig.dss.validation.SignatureValidationContext | Issuer not found for certificate C-530B1D749BE7AD3A7BB78326B281DBCC5DF6EA5F414A7B29B970B6548B044907 
2023-04-28 11:52:35,640  WARN | pool-3-thread-15 | e.europa.esig.dss.validation.SignatureValidationContext | No revocation found for the certificate C-BED0F19ED46D94900D2A9FCD7C6F660B61FF7588D8B71CF8F279D5FAA3021CCF 
2023-04-28 11:52:35,640  WARN | pool-3-thread-15 | eu.europa.esig.dss.validation.DiagnosticDataBuilder     | Provided CertificateSource configuration contains none of trusted sources of type TRUSTED_STORE or TRUSTED_LIST! 
2023-04-28 11:52:35,641  WARN | pool-3-thread-12 | e.europa.esig.dss.validation.SignatureValidationContext | Issuer not found for certificate C-530B1D749BE7AD3A7BB78326B281DBCC5DF6EA5F414A7B29B970B6548B044907 
2023-04-28 11:52:35,641  WARN | pool-3-thread-12 | e.europa.esig.dss.validation.SignatureValidationContext | No revocation found for the certificate C-BED0F19ED46D94900D2A9FCD7C6F660B61FF7588D8B71CF8F279D5FAA3021CCF 
2023-04-28 11:52:35,642  WARN | pool-3-thread-8 | e.europa.esig.dss.validation.SignatureValidationContext | Issuer not found for certificate C-530B1D749BE7AD3A7BB78326B281DBCC5DF6EA5F414A7B29B970B6548B044907 
2023-04-28 11:52:35,642  WARN | pool-3-thread-12 | eu.europa.esig.dss.validation.DiagnosticDataBuilder     | Provided CertificateSource configuration contains none of trusted sources of type TRUSTED_STORE or TRUSTED_LIST! 
2023-04-28 11:52:35,642  WARN | pool-3-thread-8 | e.europa.esig.dss.validation.SignatureValidationContext | No revocation found for the certificate C-BED0F19ED46D94900D2A9FCD7C6F660B61FF7588D8B71CF8F279D5FAA3021CCF 
2023-04-28 11:52:35,642  WARN | pool-3-thread-8 | eu.europa.esig.dss.validation.DiagnosticDataBuilder     | Provided CertificateSource configuration contains none of trusted sources of type TRUSTED_STORE or TRUSTED_LIST! 
2023-04-28 11:52:35,674  INFO | pool-3-thread-16 | e.europa.esig.dss.validation.CommonCertificateVerifier  | + New CommonCertificateVerifier created. 
2023-04-28 11:52:35,674  INFO | pool-3-thread-5 | eu.europa.esig.dss.validation.SignedDocumentValidator   | Document validation... 
2023-04-28 11:52:35,677  INFO | pool-3-thread-16 | eu.europa.esig.dss.validation.AIACertificateSource      | Retrieving C-40CAF0A89961B3BD99F375518D46AF7EBA9A0A0D15175DB103568030CF7671D8 certificate's issuer using AIA. 
2023-04-28 11:52:35,681  INFO | pool-3-thread-5 | e.europa.esig.dss.validation.CommonCertificateVerifier  | + New CommonCertificateVerifier created. 
2023-04-28 11:52:35,682  INFO | pool-3-thread-5 | eu.europa.esig.dss.xades.validation.ManifestValidator   | Validation of the manifest references ... 
2023-04-28 11:52:35,685  INFO | pool-3-thread-20 | eu.europa.esig.dss.validation.AIACertificateSource      | Retrieving C-530B1D749BE7AD3A7BB78326B281DBCC5DF6EA5F414A7B29B970B6548B044907 certificate's issuer using AIA. 
2023-04-28 11:52:35,685  INFO | pool-3-thread-9 | eu.europa.esig.dss.validation.AIACertificateSource      | Retrieving C-530B1D749BE7AD3A7BB78326B281DBCC5DF6EA5F414A7B29B970B6548B044907 certificate's issuer using AIA. 
2023-04-28 11:52:35,685  INFO | pool-3-thread-20 | eu.europa.esig.dss.spi.x509.aia.DefaultAIASource        | There is no AIA extension for certificate download. 
2023-04-28 11:52:35,685  INFO | pool-3-thread-9 | eu.europa.esig.dss.spi.x509.aia.DefaultAIASource        | There is no AIA extension for certificate download. 
2023-04-28 11:52:35,686  WARN | pool-3-thread-20 | e.europa.esig.dss.validation.SignatureValidationContext | POE extraction is skipped for untrusted timestamp : T-26386383378D0C48268DAF57FEFF16A3E7A398A141E3F4EB26079F1DA4959501. 
2023-04-28 11:52:35,686  WARN | pool-3-thread-9 | e.europa.esig.dss.validation.SignatureValidationContext | POE extraction is skipped for untrusted timestamp : T-26386383378D0C48268DAF57FEFF16A3E7A398A141E3F4EB26079F1DA4959501. 
2023-04-28 11:52:35,687  INFO | pool-3-thread-5 | e.e.esig.dss.xades.validation.XAdESCertificateSource    | +XAdESCertificateSource 
2023-04-28 11:52:35,690  WARN | pool-3-thread-20 | e.europa.esig.dss.validation.SignatureValidationContext | No revocation found for the certificate C-CF92871488972946BA2863A316F06A75ADDE69F19608DCBEEBA26026CF3A5E12 
2023-04-28 11:52:35,690  WARN | pool-3-thread-9 | e.europa.esig.dss.validation.SignatureValidationContext | No revocation found for the certificate C-CF92871488972946BA2863A316F06A75ADDE69F19608DCBEEBA26026CF3A5E12 
2023-04-28 11:52:35,691  WARN | pool-3-thread-20 | e.europa.esig.dss.validation.SignatureValidationContext | No revocation found for the certificate C-40CAF0A89961B3BD99F375518D46AF7EBA9A0A0D15175DB103568030CF7671D8 
2023-04-28 11:52:35,691  WARN | pool-3-thread-9 | e.europa.esig.dss.validation.SignatureValidationContext | No revocation found for the certificate C-40CAF0A89961B3BD99F375518D46AF7EBA9A0A0D15175DB103568030CF7671D8 
2023-04-28 11:52:35,694  WARN | pool-3-thread-20 | e.europa.esig.dss.validation.SignatureValidationContext | Issuer not found for certificate C-530B1D749BE7AD3A7BB78326B281DBCC5DF6EA5F414A7B29B970B6548B044907 
2023-04-28 11:52:35,694  WARN | pool-3-thread-9 | e.europa.esig.dss.validation.SignatureValidationContext | Issuer not found for certificate C-530B1D749BE7AD3A7BB78326B281DBCC5DF6EA5F414A7B29B970B6548B044907 
2023-04-28 11:52:35,694  INFO | pool-3-thread-5 | e.europa.esig.dss.validation.CommonCertificateVerifier  | + New CommonCertificateVerifier created. 
2023-04-28 11:52:35,695  WARN | pool-3-thread-20 | e.europa.esig.dss.validation.SignatureValidationContext | No revocation found for the certificate C-BED0F19ED46D94900D2A9FCD7C6F660B61FF7588D8B71CF8F279D5FAA3021CCF 
2023-04-28 11:52:35,695  WARN | pool-3-thread-9 | e.europa.esig.dss.validation.SignatureValidationContext | No revocation found for the certificate C-BED0F19ED46D94900D2A9FCD7C6F660B61FF7588D8B71CF8F279D5FAA3021CCF 
2023-04-28 11:52:35,695  WARN | pool-3-thread-20 | eu.europa.esig.dss.validation.DiagnosticDataBuilder     | Provided CertificateSource configuration contains none of trusted sources of type TRUSTED_STORE or TRUSTED_LIST! 
2023-04-28 11:52:35,695  WARN | pool-3-thread-9 | eu.europa.esig.dss.validation.DiagnosticDataBuilder     | Provided CertificateSource configuration contains none of trusted sources of type TRUSTED_STORE or TRUSTED_LIST! 
2023-04-28 11:52:35,696  INFO | pool-3-thread-5 | eu.europa.esig.dss.validation.AIACertificateSource      | Retrieving C-40CAF0A89961B3BD99F375518D46AF7EBA9A0A0D15175DB103568030CF7671D8 certificate's issuer using AIA. 
2023-04-28 11:52:35,714  INFO | pool-3-thread-11 | e.e.esig.dss.xades.validation.XAdESCertificateSource    | +XAdESCertificateSource 
2023-04-28 11:52:35,719  INFO | pool-3-thread-6 | eu.europa.esig.dss.validation.AIACertificateSource      | Retrieving C-530B1D749BE7AD3A7BB78326B281DBCC5DF6EA5F414A7B29B970B6548B044907 certificate's issuer using AIA. 
2023-04-28 11:52:35,720  INFO | pool-3-thread-6 | eu.europa.esig.dss.spi.x509.aia.DefaultAIASource        | There is no AIA extension for certificate download. 
2023-04-28 11:52:35,720  WARN | pool-3-thread-6 | e.europa.esig.dss.validation.SignatureValidationContext | POE extraction is skipped for untrusted timestamp : T-26386383378D0C48268DAF57FEFF16A3E7A398A141E3F4EB26079F1DA4959501. 
2023-04-28 11:52:35,721  INFO | pool-3-thread-18 | e.e.esig.dss.xades.validation.XAdESCertificateSource    | +XAdESCertificateSource 
2023-04-28 11:52:35,724  WARN | pool-3-thread-6 | e.europa.esig.dss.validation.SignatureValidationContext | No revocation found for the certificate C-CF92871488972946BA2863A316F06A75ADDE69F19608DCBEEBA26026CF3A5E12 
2023-04-28 11:52:35,725  WARN | pool-3-thread-6 | e.europa.esig.dss.validation.SignatureValidationContext | No revocation found for the certificate C-40CAF0A89961B3BD99F375518D46AF7EBA9A0A0D15175DB103568030CF7671D8 
2023-04-28 11:52:35,728  WARN | pool-3-thread-6 | e.europa.esig.dss.validation.SignatureValidationContext | Issuer not found for certificate C-530B1D749BE7AD3A7BB78326B281DBCC5DF6EA5F414A7B29B970B6548B044907 
2023-04-28 11:52:35,729  WARN | pool-3-thread-6 | e.europa.esig.dss.validation.SignatureValidationContext | No revocation found for the certificate C-BED0F19ED46D94900D2A9FCD7C6F660B61FF7588D8B71CF8F279D5FAA3021CCF 
2023-04-28 11:52:35,730  WARN | pool-3-thread-6 | eu.europa.esig.dss.validation.DiagnosticDataBuilder     | Provided CertificateSource configuration contains none of trusted sources of type TRUSTED_STORE or TRUSTED_LIST! 
2023-04-28 11:52:35,734  INFO | pool-3-thread-2 | e.e.esig.dss.xades.validation.XAdESCertificateSource    | +XAdESCertificateSource 
2023-04-28 11:52:35,737  INFO | pool-3-thread-14 | e.e.esig.dss.xades.validation.XAdESCertificateSource    | +XAdESCertificateSource 
2023-04-28 11:52:35,737  INFO | pool-3-thread-10 | eu.europa.esig.dss.validation.SignedDocumentValidator   | Document validation... 
2023-04-28 11:52:35,739  INFO | pool-3-thread-4 | eu.europa.esig.dss.validation.SignedDocumentValidator   | Document validation... 
2023-04-28 11:52:35,747  INFO | pool-3-thread-4 | e.europa.esig.dss.validation.CommonCertificateVerifier  | + New CommonCertificateVerifier created. 
2023-04-28 11:52:35,756  INFO | pool-3-thread-16 | eu.europa.esig.dss.validation.AIACertificateSource      | Retrieving C-530B1D749BE7AD3A7BB78326B281DBCC5DF6EA5F414A7B29B970B6548B044907 certificate's issuer using AIA. 
2023-04-28 11:52:35,756  INFO | pool-3-thread-16 | eu.europa.esig.dss.spi.x509.aia.DefaultAIASource        | There is no AIA extension for certificate download. 
2023-04-28 11:52:35,756  INFO | pool-3-thread-4 | eu.europa.esig.dss.xades.validation.ManifestValidator   | Validation of the manifest references ... 
2023-04-28 11:52:35,757  WARN | pool-3-thread-16 | e.europa.esig.dss.validation.SignatureValidationContext | POE extraction is skipped for untrusted timestamp : T-26386383378D0C48268DAF57FEFF16A3E7A398A141E3F4EB26079F1DA4959501. 
2023-04-28 11:52:35,761  WARN | pool-3-thread-16 | e.europa.esig.dss.validation.SignatureValidationContext | No revocation found for the certificate C-CF92871488972946BA2863A316F06A75ADDE69F19608DCBEEBA26026CF3A5E12 
2023-04-28 11:52:35,762  WARN | pool-3-thread-16 | e.europa.esig.dss.validation.SignatureValidationContext | No revocation found for the certificate C-40CAF0A89961B3BD99F375518D46AF7EBA9A0A0D15175DB103568030CF7671D8 
2023-04-28 11:52:35,762  INFO | pool-3-thread-14 | e.europa.esig.dss.validation.CommonCertificateVerifier  | + New CommonCertificateVerifier created. 
2023-04-28 11:52:35,764  INFO | pool-3-thread-14 | eu.europa.esig.dss.validation.AIACertificateSource      | Retrieving C-40CAF0A89961B3BD99F375518D46AF7EBA9A0A0D15175DB103568030CF7671D8 certificate's issuer using AIA. 
2023-04-28 11:52:35,764  WARN | pool-3-thread-16 | e.europa.esig.dss.validation.SignatureValidationContext | Issuer not found for certificate C-530B1D749BE7AD3A7BB78326B281DBCC5DF6EA5F414A7B29B970B6548B044907 
2023-04-28 11:52:35,765  WARN | pool-3-thread-16 | e.europa.esig.dss.validation.SignatureValidationContext | No revocation found for the certificate C-BED0F19ED46D94900D2A9FCD7C6F660B61FF7588D8B71CF8F279D5FAA3021CCF 
2023-04-28 11:52:35,765  WARN | pool-3-thread-16 | eu.europa.esig.dss.validation.DiagnosticDataBuilder     | Provided CertificateSource configuration contains none of trusted sources of type TRUSTED_STORE or TRUSTED_LIST! 
2023-04-28 11:52:35,772  INFO | pool-3-thread-10 | e.europa.esig.dss.validation.CommonCertificateVerifier  | + New CommonCertificateVerifier created. 
2023-04-28 11:52:35,774  INFO | pool-3-thread-10 | eu.europa.esig.dss.xades.validation.ManifestValidator   | Validation of the manifest references ... 
2023-04-28 11:52:35,781  INFO | pool-3-thread-11 | e.europa.esig.dss.validation.CommonCertificateVerifier  | + New CommonCertificateVerifier created. 
2023-04-28 11:52:35,784  INFO | pool-3-thread-11 | eu.europa.esig.dss.validation.AIACertificateSource      | Retrieving C-40CAF0A89961B3BD99F375518D46AF7EBA9A0A0D15175DB103568030CF7671D8 certificate's issuer using AIA. 
2023-04-28 11:52:35,790  INFO | pool-3-thread-19 | eu.europa.esig.dss.validation.SignedDocumentValidator   | Document validation... 
2023-04-28 11:52:35,772  INFO | pool-3-thread-18 | e.europa.esig.dss.validation.CommonCertificateVerifier  | + New CommonCertificateVerifier created. 
2023-04-28 11:52:35,794  INFO | pool-3-thread-19 | e.europa.esig.dss.validation.CommonCertificateVerifier  | + New CommonCertificateVerifier created. 
2023-04-28 11:52:35,795  INFO | pool-3-thread-19 | eu.europa.esig.dss.xades.validation.ManifestValidator   | Validation of the manifest references ... 
2023-04-28 11:52:35,796  INFO | pool-3-thread-18 | eu.europa.esig.dss.validation.AIACertificateSource      | Retrieving C-40CAF0A89961B3BD99F375518D46AF7EBA9A0A0D15175DB103568030CF7671D8 certificate's issuer using AIA. 
2023-04-28 11:52:35,801  INFO | pool-3-thread-1 | eu.europa.esig.dss.validation.AIACertificateSource      | Retrieving C-530B1D749BE7AD3A7BB78326B281DBCC5DF6EA5F414A7B29B970B6548B044907 certificate's issuer using AIA. 
2023-04-28 11:52:35,801  INFO | pool-3-thread-1 | eu.europa.esig.dss.spi.x509.aia.DefaultAIASource        | There is no AIA extension for certificate download. 
2023-04-28 11:52:35,803  WARN | pool-3-thread-1 | e.europa.esig.dss.validation.SignatureValidationContext | POE extraction is skipped for untrusted timestamp : T-26386383378D0C48268DAF57FEFF16A3E7A398A141E3F4EB26079F1DA4959501. 
2023-04-28 11:52:35,803  INFO | pool-3-thread-5 | eu.europa.esig.dss.validation.AIACertificateSource      | Retrieving C-530B1D749BE7AD3A7BB78326B281DBCC5DF6EA5F414A7B29B970B6548B044907 certificate's issuer using AIA. 
2023-04-28 11:52:35,803  INFO | pool-3-thread-5 | eu.europa.esig.dss.spi.x509.aia.DefaultAIASource        | There is no AIA extension for certificate download. 
2023-04-28 11:52:35,804  WARN | pool-3-thread-5 | e.europa.esig.dss.validation.SignatureValidationContext | POE extraction is skipped for untrusted timestamp : T-26386383378D0C48268DAF57FEFF16A3E7A398A141E3F4EB26079F1DA4959501. 
2023-04-28 11:52:35,804  INFO | pool-3-thread-2 | e.europa.esig.dss.validation.CommonCertificateVerifier  | + New CommonCertificateVerifier created. 
2023-04-28 11:52:35,806  INFO | pool-3-thread-2 | eu.europa.esig.dss.validation.AIACertificateSource      | Retrieving C-40CAF0A89961B3BD99F375518D46AF7EBA9A0A0D15175DB103568030CF7671D8 certificate's issuer using AIA. 
2023-04-28 11:52:35,806  WARN | pool-3-thread-1 | e.europa.esig.dss.validation.SignatureValidationContext | No revocation found for the certificate C-CF92871488972946BA2863A316F06A75ADDE69F19608DCBEEBA26026CF3A5E12 
2023-04-28 11:52:35,808  WARN | pool-3-thread-1 | e.europa.esig.dss.validation.SignatureValidationContext | No revocation found for the certificate C-40CAF0A89961B3BD99F375518D46AF7EBA9A0A0D15175DB103568030CF7671D8 
2023-04-28 11:52:35,808  WARN | pool-3-thread-5 | e.europa.esig.dss.validation.SignatureValidationContext | No revocation found for the certificate C-CF92871488972946BA2863A316F06A75ADDE69F19608DCBEEBA26026CF3A5E12 
2023-04-28 11:52:35,809  WARN | pool-3-thread-5 | e.europa.esig.dss.validation.SignatureValidationContext | No revocation found for the certificate C-40CAF0A89961B3BD99F375518D46AF7EBA9A0A0D15175DB103568030CF7671D8 
2023-04-28 11:52:35,810  WARN | pool-3-thread-1 | e.europa.esig.dss.validation.SignatureValidationContext | Issuer not found for certificate C-530B1D749BE7AD3A7BB78326B281DBCC5DF6EA5F414A7B29B970B6548B044907 
2023-04-28 11:52:35,811  WARN | pool-3-thread-1 | e.europa.esig.dss.validation.SignatureValidationContext | No revocation found for the certificate C-BED0F19ED46D94900D2A9FCD7C6F660B61FF7588D8B71CF8F279D5FAA3021CCF 
2023-04-28 11:52:35,811  WARN | pool-3-thread-1 | eu.europa.esig.dss.validation.DiagnosticDataBuilder     | Provided CertificateSource configuration contains none of trusted sources of type TRUSTED_STORE or TRUSTED_LIST! 
2023-04-28 11:52:35,811  WARN | pool-3-thread-5 | e.europa.esig.dss.validation.SignatureValidationContext | Issuer not found for certificate C-530B1D749BE7AD3A7BB78326B281DBCC5DF6EA5F414A7B29B970B6548B044907 
2023-04-28 11:52:35,812  WARN | pool-3-thread-5 | e.europa.esig.dss.validation.SignatureValidationContext | No revocation found for the certificate C-BED0F19ED46D94900D2A9FCD7C6F660B61FF7588D8B71CF8F279D5FAA3021CCF 
2023-04-28 11:52:35,812  WARN | pool-3-thread-5 | eu.europa.esig.dss.validation.DiagnosticDataBuilder     | Provided CertificateSource configuration contains none of trusted sources of type TRUSTED_STORE or TRUSTED_LIST! 
2023-04-28 11:52:35,848  INFO | pool-3-thread-18 | eu.europa.esig.dss.validation.AIACertificateSource      | Retrieving C-530B1D749BE7AD3A7BB78326B281DBCC5DF6EA5F414A7B29B970B6548B044907 certificate's issuer using AIA. 
2023-04-28 11:52:35,848  INFO | pool-3-thread-18 | eu.europa.esig.dss.spi.x509.aia.DefaultAIASource        | There is no AIA extension for certificate download. 
2023-04-28 11:52:35,848  WARN | pool-3-thread-18 | e.europa.esig.dss.validation.SignatureValidationContext | POE extraction is skipped for untrusted timestamp : T-26386383378D0C48268DAF57FEFF16A3E7A398A141E3F4EB26079F1DA4959501. 
2023-04-28 11:52:35,852  WARN | pool-3-thread-18 | e.europa.esig.dss.validation.SignatureValidationContext | No revocation found for the certificate C-CF92871488972946BA2863A316F06A75ADDE69F19608DCBEEBA26026CF3A5E12 
2023-04-28 11:52:35,854  WARN | pool-3-thread-18 | e.europa.esig.dss.validation.SignatureValidationContext | No revocation found for the certificate C-40CAF0A89961B3BD99F375518D46AF7EBA9A0A0D15175DB103568030CF7671D8 
2023-04-28 11:52:35,854  INFO | pool-3-thread-11 | eu.europa.esig.dss.validation.AIACertificateSource      | Retrieving C-530B1D749BE7AD3A7BB78326B281DBCC5DF6EA5F414A7B29B970B6548B044907 certificate's issuer using AIA. 
2023-04-28 11:52:35,854  INFO | pool-3-thread-11 | eu.europa.esig.dss.spi.x509.aia.DefaultAIASource        | There is no AIA extension for certificate download. 
2023-04-28 11:52:35,855  WARN | pool-3-thread-11 | e.europa.esig.dss.validation.SignatureValidationContext | POE extraction is skipped for untrusted timestamp : T-26386383378D0C48268DAF57FEFF16A3E7A398A141E3F4EB26079F1DA4959501. 
2023-04-28 11:52:35,856  WARN | pool-3-thread-18 | e.europa.esig.dss.validation.SignatureValidationContext | Issuer not found for certificate C-530B1D749BE7AD3A7BB78326B281DBCC5DF6EA5F414A7B29B970B6548B044907 
2023-04-28 11:52:35,856  INFO | pool-3-thread-14 | eu.europa.esig.dss.validation.AIACertificateSource      | Retrieving C-530B1D749BE7AD3A7BB78326B281DBCC5DF6EA5F414A7B29B970B6548B044907 certificate's issuer using AIA. 
2023-04-28 11:52:35,856  INFO | pool-3-thread-14 | eu.europa.esig.dss.spi.x509.aia.DefaultAIASource        | There is no AIA extension for certificate download. 
2023-04-28 11:52:35,857  WARN | pool-3-thread-18 | e.europa.esig.dss.validation.SignatureValidationContext | No revocation found for the certificate C-BED0F19ED46D94900D2A9FCD7C6F660B61FF7588D8B71CF8F279D5FAA3021CCF 
2023-04-28 11:52:35,857  WARN | pool-3-thread-14 | e.europa.esig.dss.validation.SignatureValidationContext | POE extraction is skipped for untrusted timestamp : T-26386383378D0C48268DAF57FEFF16A3E7A398A141E3F4EB26079F1DA4959501. 
2023-04-28 11:52:35,857  WARN | pool-3-thread-18 | eu.europa.esig.dss.validation.DiagnosticDataBuilder     | Provided CertificateSource configuration contains none of trusted sources of type TRUSTED_STORE or TRUSTED_LIST! 
2023-04-28 11:52:35,858  WARN | pool-3-thread-11 | e.europa.esig.dss.validation.SignatureValidationContext | No revocation found for the certificate C-CF92871488972946BA2863A316F06A75ADDE69F19608DCBEEBA26026CF3A5E12 
2023-04-28 11:52:35,860  WARN | pool-3-thread-11 | e.europa.esig.dss.validation.SignatureValidationContext | No revocation found for the certificate C-40CAF0A89961B3BD99F375518D46AF7EBA9A0A0D15175DB103568030CF7671D8 
2023-04-28 11:52:35,861  WARN | pool-3-thread-14 | e.europa.esig.dss.validation.SignatureValidationContext | No revocation found for the certificate C-CF92871488972946BA2863A316F06A75ADDE69F19608DCBEEBA26026CF3A5E12 
2023-04-28 11:52:35,862  WARN | pool-3-thread-14 | e.europa.esig.dss.validation.SignatureValidationContext | No revocation found for the certificate C-40CAF0A89961B3BD99F375518D46AF7EBA9A0A0D15175DB103568030CF7671D8 
2023-04-28 11:52:35,862  WARN | pool-3-thread-11 | e.europa.esig.dss.validation.SignatureValidationContext | Issuer not found for certificate C-530B1D749BE7AD3A7BB78326B281DBCC5DF6EA5F414A7B29B970B6548B044907 
2023-04-28 11:52:35,863  WARN | pool-3-thread-11 | e.europa.esig.dss.validation.SignatureValidationContext | No revocation found for the certificate C-BED0F19ED46D94900D2A9FCD7C6F660B61FF7588D8B71CF8F279D5FAA3021CCF 
2023-04-28 11:52:35,863  WARN | pool-3-thread-11 | eu.europa.esig.dss.validation.DiagnosticDataBuilder     | Provided CertificateSource configuration contains none of trusted sources of type TRUSTED_STORE or TRUSTED_LIST! 
2023-04-28 11:52:35,865  WARN | pool-3-thread-14 | e.europa.esig.dss.validation.SignatureValidationContext | Issuer not found for certificate C-530B1D749BE7AD3A7BB78326B281DBCC5DF6EA5F414A7B29B970B6548B044907 
2023-04-28 11:52:35,866  WARN | pool-3-thread-14 | e.europa.esig.dss.validation.SignatureValidationContext | No revocation found for the certificate C-BED0F19ED46D94900D2A9FCD7C6F660B61FF7588D8B71CF8F279D5FAA3021CCF 
2023-04-28 11:52:35,866  WARN | pool-3-thread-14 | eu.europa.esig.dss.validation.DiagnosticDataBuilder     | Provided CertificateSource configuration contains none of trusted sources of type TRUSTED_STORE or TRUSTED_LIST! 
2023-04-28 11:52:35,869  INFO | pool-3-thread-7 | e.e.esig.dss.xades.validation.XAdESCertificateSource    | +XAdESCertificateSource 
2023-04-28 11:52:35,875  INFO | pool-3-thread-4 | e.e.esig.dss.xades.validation.XAdESCertificateSource    | +XAdESCertificateSource 
2023-04-28 11:52:35,881  INFO | pool-3-thread-7 | e.europa.esig.dss.validation.CommonCertificateVerifier  | + New CommonCertificateVerifier created. 
2023-04-28 11:52:35,886  INFO | pool-3-thread-7 | eu.europa.esig.dss.validation.AIACertificateSource      | Retrieving C-40CAF0A89961B3BD99F375518D46AF7EBA9A0A0D15175DB103568030CF7671D8 certificate's issuer using AIA. 
2023-04-28 11:52:35,886  INFO | pool-3-thread-4 | e.europa.esig.dss.validation.CommonCertificateVerifier  | + New CommonCertificateVerifier created. 
2023-04-28 11:52:35,888  INFO | pool-3-thread-4 | eu.europa.esig.dss.validation.AIACertificateSource      | Retrieving C-40CAF0A89961B3BD99F375518D46AF7EBA9A0A0D15175DB103568030CF7671D8 certificate's issuer using AIA. 
2023-04-28 11:52:35,923  INFO | pool-3-thread-2 | eu.europa.esig.dss.validation.AIACertificateSource      | Retrieving C-530B1D749BE7AD3A7BB78326B281DBCC5DF6EA5F414A7B29B970B6548B044907 certificate's issuer using AIA. 
2023-04-28 11:52:35,923  INFO | pool-3-thread-2 | eu.europa.esig.dss.spi.x509.aia.DefaultAIASource        | There is no AIA extension for certificate download. 
2023-04-28 11:52:35,923  WARN | pool-3-thread-2 | e.europa.esig.dss.validation.SignatureValidationContext | POE extraction is skipped for untrusted timestamp : T-26386383378D0C48268DAF57FEFF16A3E7A398A141E3F4EB26079F1DA4959501. 
2023-04-28 11:52:35,927  WARN | pool-3-thread-2 | e.europa.esig.dss.validation.SignatureValidationContext | No revocation found for the certificate C-CF92871488972946BA2863A316F06A75ADDE69F19608DCBEEBA26026CF3A5E12 
2023-04-28 11:52:35,928  WARN | pool-3-thread-2 | e.europa.esig.dss.validation.SignatureValidationContext | No revocation found for the certificate C-40CAF0A89961B3BD99F375518D46AF7EBA9A0A0D15175DB103568030CF7671D8 
2023-04-28 11:52:35,930  WARN | pool-3-thread-2 | e.europa.esig.dss.validation.SignatureValidationContext | Issuer not found for certificate C-530B1D749BE7AD3A7BB78326B281DBCC5DF6EA5F414A7B29B970B6548B044907 
2023-04-28 11:52:35,930  INFO | pool-3-thread-19 | e.e.esig.dss.xades.validation.XAdESCertificateSource    | +XAdESCertificateSource 
2023-04-28 11:52:35,931  WARN | pool-3-thread-2 | e.europa.esig.dss.validation.SignatureValidationContext | No revocation found for the certificate C-BED0F19ED46D94900D2A9FCD7C6F660B61FF7588D8B71CF8F279D5FAA3021CCF 
2023-04-28 11:52:35,931  WARN | pool-3-thread-2 | eu.europa.esig.dss.validation.DiagnosticDataBuilder     | Provided CertificateSource configuration contains none of trusted sources of type TRUSTED_STORE or TRUSTED_LIST! 
2023-04-28 11:52:35,935  INFO | pool-3-thread-10 | e.e.esig.dss.xades.validation.XAdESCertificateSource    | +XAdESCertificateSource 
2023-04-28 11:52:35,943  INFO | pool-3-thread-19 | e.europa.esig.dss.validation.CommonCertificateVerifier  | + New CommonCertificateVerifier created. 
2023-04-28 11:52:35,946  INFO | pool-3-thread-10 | e.europa.esig.dss.validation.CommonCertificateVerifier  | + New CommonCertificateVerifier created. 
2023-04-28 11:52:35,946  INFO | pool-3-thread-19 | eu.europa.esig.dss.validation.AIACertificateSource      | Retrieving C-40CAF0A89961B3BD99F375518D46AF7EBA9A0A0D15175DB103568030CF7671D8 certificate's issuer using AIA. 
2023-04-28 11:52:35,948  INFO | pool-3-thread-10 | eu.europa.esig.dss.validation.AIACertificateSource      | Retrieving C-40CAF0A89961B3BD99F375518D46AF7EBA9A0A0D15175DB103568030CF7671D8 certificate's issuer using AIA. 
2023-04-28 11:52:35,958  INFO | pool-3-thread-4 | eu.europa.esig.dss.validation.AIACertificateSource      | Retrieving C-530B1D749BE7AD3A7BB78326B281DBCC5DF6EA5F414A7B29B970B6548B044907 certificate's issuer using AIA. 
2023-04-28 11:52:35,958  INFO | pool-3-thread-4 | eu.europa.esig.dss.spi.x509.aia.DefaultAIASource        | There is no AIA extension for certificate download. 
2023-04-28 11:52:35,958  INFO | pool-3-thread-7 | eu.europa.esig.dss.validation.AIACertificateSource      | Retrieving C-530B1D749BE7AD3A7BB78326B281DBCC5DF6EA5F414A7B29B970B6548B044907 certificate's issuer using AIA. 
2023-04-28 11:52:35,958  INFO | pool-3-thread-7 | eu.europa.esig.dss.spi.x509.aia.DefaultAIASource        | There is no AIA extension for certificate download. 
2023-04-28 11:52:35,959  WARN | pool-3-thread-4 | e.europa.esig.dss.validation.SignatureValidationContext | POE extraction is skipped for untrusted timestamp : T-26386383378D0C48268DAF57FEFF16A3E7A398A141E3F4EB26079F1DA4959501. 
2023-04-28 11:52:35,959  WARN | pool-3-thread-7 | e.europa.esig.dss.validation.SignatureValidationContext | POE extraction is skipped for untrusted timestamp : T-26386383378D0C48268DAF57FEFF16A3E7A398A141E3F4EB26079F1DA4959501. 
2023-04-28 11:52:35,963  WARN | pool-3-thread-7 | e.europa.esig.dss.validation.SignatureValidationContext | No revocation found for the certificate C-CF92871488972946BA2863A316F06A75ADDE69F19608DCBEEBA26026CF3A5E12 
2023-04-28 11:52:35,963  WARN | pool-3-thread-4 | e.europa.esig.dss.validation.SignatureValidationContext | No revocation found for the certificate C-CF92871488972946BA2863A316F06A75ADDE69F19608DCBEEBA26026CF3A5E12 
2023-04-28 11:52:35,964  WARN | pool-3-thread-7 | e.europa.esig.dss.validation.SignatureValidationContext | No revocation found for the certificate C-40CAF0A89961B3BD99F375518D46AF7EBA9A0A0D15175DB103568030CF7671D8 
2023-04-28 11:52:35,964  WARN | pool-3-thread-4 | e.europa.esig.dss.validation.SignatureValidationContext | No revocation found for the certificate C-40CAF0A89961B3BD99F375518D46AF7EBA9A0A0D15175DB103568030CF7671D8 
2023-04-28 11:52:35,967  WARN | pool-3-thread-4 | e.europa.esig.dss.validation.SignatureValidationContext | Issuer not found for certificate C-530B1D749BE7AD3A7BB78326B281DBCC5DF6EA5F414A7B29B970B6548B044907 
2023-04-28 11:52:35,968  WARN | pool-3-thread-4 | e.europa.esig.dss.validation.SignatureValidationContext | No revocation found for the certificate C-BED0F19ED46D94900D2A9FCD7C6F660B61FF7588D8B71CF8F279D5FAA3021CCF 
2023-04-28 11:52:35,968  WARN | pool-3-thread-4 | eu.europa.esig.dss.validation.DiagnosticDataBuilder     | Provided CertificateSource configuration contains none of trusted sources of type TRUSTED_STORE or TRUSTED_LIST! 
2023-04-28 11:52:35,969  WARN | pool-3-thread-7 | e.europa.esig.dss.validation.SignatureValidationContext | Issuer not found for certificate C-530B1D749BE7AD3A7BB78326B281DBCC5DF6EA5F414A7B29B970B6548B044907 
2023-04-28 11:52:35,969  WARN | pool-3-thread-7 | e.europa.esig.dss.validation.SignatureValidationContext | No revocation found for the certificate C-BED0F19ED46D94900D2A9FCD7C6F660B61FF7588D8B71CF8F279D5FAA3021CCF 
2023-04-28 11:52:35,969  WARN | pool-3-thread-7 | eu.europa.esig.dss.validation.DiagnosticDataBuilder     | Provided CertificateSource configuration contains none of trusted sources of type TRUSTED_STORE or TRUSTED_LIST! 
2023-04-28 11:52:36,001  INFO | pool-3-thread-19 | eu.europa.esig.dss.validation.AIACertificateSource      | Retrieving C-530B1D749BE7AD3A7BB78326B281DBCC5DF6EA5F414A7B29B970B6548B044907 certificate's issuer using AIA. 
2023-04-28 11:52:36,002  INFO | pool-3-thread-19 | eu.europa.esig.dss.spi.x509.aia.DefaultAIASource        | There is no AIA extension for certificate download. 
2023-04-28 11:52:36,002  WARN | pool-3-thread-19 | e.europa.esig.dss.validation.SignatureValidationContext | POE extraction is skipped for untrusted timestamp : T-26386383378D0C48268DAF57FEFF16A3E7A398A141E3F4EB26079F1DA4959501. 
2023-04-28 11:52:36,008  WARN | pool-3-thread-19 | e.europa.esig.dss.validation.SignatureValidationContext | No revocation found for the certificate C-CF92871488972946BA2863A316F06A75ADDE69F19608DCBEEBA26026CF3A5E12 
2023-04-28 11:52:36,009  WARN | pool-3-thread-19 | e.europa.esig.dss.validation.SignatureValidationContext | No revocation found for the certificate C-40CAF0A89961B3BD99F375518D46AF7EBA9A0A0D15175DB103568030CF7671D8 
2023-04-28 11:52:36,012  WARN | pool-3-thread-19 | e.europa.esig.dss.validation.SignatureValidationContext | Issuer not found for certificate C-530B1D749BE7AD3A7BB78326B281DBCC5DF6EA5F414A7B29B970B6548B044907 
2023-04-28 11:52:36,012  WARN | pool-3-thread-19 | e.europa.esig.dss.validation.SignatureValidationContext | No revocation found for the certificate C-BED0F19ED46D94900D2A9FCD7C6F660B61FF7588D8B71CF8F279D5FAA3021CCF 
2023-04-28 11:52:36,013  WARN | pool-3-thread-19 | eu.europa.esig.dss.validation.DiagnosticDataBuilder     | Provided CertificateSource configuration contains none of trusted sources of type TRUSTED_STORE or TRUSTED_LIST! 
2023-04-28 11:52:36,013  INFO | pool-3-thread-10 | eu.europa.esig.dss.validation.AIACertificateSource      | Retrieving C-530B1D749BE7AD3A7BB78326B281DBCC5DF6EA5F414A7B29B970B6548B044907 certificate's issuer using AIA. 
2023-04-28 11:52:36,013  INFO | pool-3-thread-10 | eu.europa.esig.dss.spi.x509.aia.DefaultAIASource        | There is no AIA extension for certificate download. 
2023-04-28 11:52:36,014  WARN | pool-3-thread-10 | e.europa.esig.dss.validation.SignatureValidationContext | POE extraction is skipped for untrusted timestamp : T-26386383378D0C48268DAF57FEFF16A3E7A398A141E3F4EB26079F1DA4959501. 
2023-04-28 11:52:36,020  WARN | pool-3-thread-10 | e.europa.esig.dss.validation.SignatureValidationContext | No revocation found for the certificate C-CF92871488972946BA2863A316F06A75ADDE69F19608DCBEEBA26026CF3A5E12 
2023-04-28 11:52:36,025  WARN | pool-3-thread-10 | e.europa.esig.dss.validation.SignatureValidationContext | No revocation found for the certificate C-40CAF0A89961B3BD99F375518D46AF7EBA9A0A0D15175DB103568030CF7671D8 
2023-04-28 11:52:36,028  WARN | pool-3-thread-10 | e.europa.esig.dss.validation.SignatureValidationContext | Issuer not found for certificate C-530B1D749BE7AD3A7BB78326B281DBCC5DF6EA5F414A7B29B970B6548B044907 
2023-04-28 11:52:36,028  WARN | pool-3-thread-10 | e.europa.esig.dss.validation.SignatureValidationContext | No revocation found for the certificate C-BED0F19ED46D94900D2A9FCD7C6F660B61FF7588D8B71CF8F279D5FAA3021CCF 
2023-04-28 11:52:36,028  WARN | pool-3-thread-10 | eu.europa.esig.dss.validation.DiagnosticDataBuilder     | Provided CertificateSource configuration contains none of trusted sources of type TRUSTED_STORE or TRUSTED_LIST! 
]]></system-out>
  </testcase>
</testsuite>