<?xml version="1.0" encoding="UTF-8"?>
<testsuite xmlns:xsi="http://www.w3.org/2001/XMLSchema-instance" xsi:noNamespaceSchemaLocation="https://maven.apache.org/surefire/maven-surefire-plugin/xsd/surefire-test-report-3.0.xsd" version="3.0" name="eu.europa.esig.dss.xades.signature.XAdESServiceTest" time="10.066" tests="5" errors="0" skipped="0" failures="0">
  <properties>
    <property name="java.specification.version" value="19"/>
    <property name="sun.cpu.isalist" value="amd64"/>
    <property name="sun.jnu.encoding" value="Cp1252"/>
    <property name="java.class.path" value="C:\Users\amadoria\Documents\Projects\HAPKIDO\WP4\dss-fork\dss-xades\target\test-classes;C:\Users\amadoria\Documents\Projects\HAPKIDO\WP4\dss-fork\dss-xades\target\classes;C:\Users\amadoria\Documents\Projects\HAPKIDO\WP4\dss-fork\dss-document\target\dss-document-5.12.RC1.jar;C:\Users\amadoria\Documents\Projects\HAPKIDO\WP4\dss-fork\dss-spi\target\dss-spi-5.12.RC1.jar;C:\Users\amadoria\Documents\Projects\HAPKIDO\WP4\dss-fork\dss-model\target\dss-model-5.12.RC1.jar;C:\Users\amadoria\Documents\Projects\HAPKIDO\WP4\dss-fork\dss-enumerations\target\dss-enumerations-5.12.RC1.jar;C:\Users\amadoria\Documents\Projects\HAPKIDO\WP4\dss-fork\dss-utils\target\dss-utils-5.12.RC1.jar;C:\Users\amadoria\Documents\Projects\HAPKIDO\WP4\dss-fork\dss-crl-parser\target\dss-crl-parser-5.12.RC1.jar;C:\Users\amadoria\Documents\Projects\HAPKIDO\WP4\dss-fork\dss-xades\libs\bcpkix-jdk18on-173b20.jar;C:\Users\amadoria\Documents\Projects\HAPKIDO\WP4\dss-fork\dss-xades\libs\bcprov-jdk18on-173b20.jar;C:\Users\amadoria\Documents\Projects\HAPKIDO\WP4\dss-fork\dss-xades\libs\bcutil-jdk18on-173b20.jar;C:\Users\amadoria\Documents\Projects\HAPKIDO\WP4\dss-fork\validation-policy\target\validation-policy-5.12.RC1.jar;C:\Users\amadoria\Documents\Projects\HAPKIDO\WP4\dss-fork\dss-policy-jaxb\target\dss-policy-jaxb-5.12.RC1.jar;C:\Users\amadoria\Documents\Projects\HAPKIDO\WP4\dss-fork\dss-jaxb-parsers\target\dss-jaxb-parsers-5.12.RC1.jar;C:\Users\amadoria\Documents\Projects\HAPKIDO\WP4\dss-fork\dss-jaxb-common\target\dss-jaxb-common-5.12.RC1.jar;C:\Users\amadoria\Documents\Projects\HAPKIDO\WP4\dss-fork\dss-alert\target\dss-alert-5.12.RC1.jar;C:\Users\amadoria\.m2\repository\org\glassfish\jaxb\jaxb-runtime\2.3.8\jaxb-runtime-2.3.8.jar;C:\Users\amadoria\.m2\repository\org\glassfish\jaxb\txw2\2.3.8\txw2-2.3.8.jar;C:\Users\amadoria\.m2\repository\com\sun\istack\istack-commons-runtime\3.0.12\istack-commons-runtime-3.0.12.jar;C:\Users\amadoria\.m2\repository\com\sun\activation\jakarta.activation\1.2.2\jakarta.activation-1.2.2.jar;C:\Users\amadoria\Documents\Projects\HAPKIDO\WP4\dss-fork\dss-diagnostic-jaxb\target\dss-diagnostic-jaxb-5.12.RC1.jar;C:\Users\amadoria\Documents\Projects\HAPKIDO\WP4\dss-fork\dss-simple-report-jaxb\target\dss-simple-report-jaxb-5.12.RC1.jar;C:\Users\amadoria\Documents\Projects\HAPKIDO\WP4\dss-fork\dss-simple-certificate-report-jaxb\target\dss-simple-certificate-report-jaxb-5.12.RC1.jar;C:\Users\amadoria\Documents\Projects\HAPKIDO\WP4\dss-fork\dss-detailed-report-jaxb\target\dss-detailed-report-jaxb-5.12.RC1.jar;C:\Users\amadoria\Documents\Projects\HAPKIDO\WP4\dss-fork\specs-validation-report\target\specs-validation-report-5.12.RC1.jar;C:\Users\amadoria\Documents\Projects\HAPKIDO\WP4\dss-fork\specs-xmldsig\target\specs-xmldsig-5.12.RC1.jar;C:\Users\amadoria\Documents\Projects\HAPKIDO\WP4\dss-fork\specs-xades\target\specs-xades-5.12.RC1.jar;C:\Users\amadoria\Documents\Projects\HAPKIDO\WP4\dss-fork\specs-trusted-list\target\specs-trusted-list-5.12.RC1.jar;C:\Users\amadoria\Documents\Projects\HAPKIDO\WP4\dss-fork\dss-i18n\target\dss-i18n-5.12.RC1.jar;C:\Users\amadoria\.m2\repository\org\apache\santuario\xmlsec\2.3.2\xmlsec-2.3.2.jar;C:\Users\amadoria\.m2\repository\org\slf4j\slf4j-api\2.0.6\slf4j-api-2.0.6.jar;C:\Users\amadoria\.m2\repository\commons-codec\commons-codec\1.15\commons-codec-1.15.jar;C:\Users\amadoria\.m2\repository\com\fasterxml\woodstox\woodstox-core\6.5.0\woodstox-core-6.5.0.jar;C:\Users\amadoria\.m2\repository\org\codehaus\woodstox\stax2-api\4.2.1\stax2-api-4.2.1.jar;C:\Users\amadoria\.m2\repository\jakarta\xml\bind\jakarta.xml.bind-api\2.3.3\jakarta.xml.bind-api-2.3.3.jar;C:\Users\amadoria\.m2\repository\jakarta\activation\jakarta.activation-api\1.2.2\jakarta.activation-api-1.2.2.jar;C:\Users\amadoria\Documents\Projects\HAPKIDO\WP4\dss-fork\dss-test\target\dss-test-5.12.RC1-tests.jar;C:\Users\amadoria\Documents\Projects\HAPKIDO\WP4\dss-fork\dss-token\target\dss-token-5.12.RC1.jar;C:\Users\amadoria\Documents\Projects\HAPKIDO\WP4\dss-fork\dss-service\target\dss-service-5.12.RC1.jar;C:\Users\amadoria\.m2\repository\org\apache\httpcomponents\client5\httpclient5\5.2.1\httpclient5-5.2.1.jar;C:\Users\amadoria\.m2\repository\org\apache\httpcomponents\core5\httpcore5\5.2\httpcore5-5.2.jar;C:\Users\amadoria\.m2\repository\org\apache\httpcomponents\core5\httpcore5-h2\5.2\httpcore5-h2-5.2.jar;C:\Users\amadoria\.m2\repository\org\slf4j\jcl-over-slf4j\2.0.6\jcl-over-slf4j-2.0.6.jar;C:\Users\amadoria\.m2\repository\ch\qos\logback\logback-classic\1.3.5\logback-classic-1.3.5.jar;C:\Users\amadoria\.m2\repository\ch\qos\logback\logback-core\1.3.5\logback-core-1.3.5.jar;C:\Users\amadoria\.m2\repository\com\h2database\h2\2.1.214\h2-2.1.214.jar;C:\Users\amadoria\.m2\repository\org\junit\platform\junit-platform-launcher\1.9.2\junit-platform-launcher-1.9.2.jar;C:\Users\amadoria\.m2\repository\org\junit\platform\junit-platform-engine\1.9.2\junit-platform-engine-1.9.2.jar;C:\Users\amadoria\.m2\repository\org\opentest4j\opentest4j\1.2.0\opentest4j-1.2.0.jar;C:\Users\amadoria\.m2\repository\org\junit\platform\junit-platform-commons\1.9.2\junit-platform-commons-1.9.2.jar;C:\Users\amadoria\.m2\repository\org\apiguardian\apiguardian-api\1.1.2\apiguardian-api-1.1.2.jar;C:\Users\amadoria\.m2\repository\org\junit\jupiter\junit-jupiter-engine\5.9.2\junit-jupiter-engine-5.9.2.jar;C:\Users\amadoria\.m2\repository\org\junit\jupiter\junit-jupiter-api\5.9.2\junit-jupiter-api-5.9.2.jar;C:\Users\amadoria\.m2\repository\org\junit\jupiter\junit-jupiter-params\5.9.2\junit-jupiter-params-5.9.2.jar;C:\Users\amadoria\.m2\repository\org\awaitility\awaitility\4.2.0\awaitility-4.2.0.jar;C:\Users\amadoria\.m2\repository\org\hamcrest\hamcrest\2.1\hamcrest-2.1.jar;C:\Users\amadoria\.m2\repository\org\mockito\mockito-core\4.11.0\mockito-core-4.11.0.jar;C:\Users\amadoria\.m2\repository\net\bytebuddy\byte-buddy\1.12.19\byte-buddy-1.12.19.jar;C:\Users\amadoria\.m2\repository\net\bytebuddy\byte-buddy-agent\1.12.19\byte-buddy-agent-1.12.19.jar;C:\Users\amadoria\.m2\repository\org\objenesis\objenesis\3.3\objenesis-3.3.jar;C:\Users\amadoria\.m2\repository\com\fasterxml\jackson\module\jackson-module-jaxb-annotations\2.14.2\jackson-module-jaxb-annotations-2.14.2.jar;C:\Users\amadoria\.m2\repository\com\fasterxml\jackson\core\jackson-annotations\2.14.2\jackson-annotations-2.14.2.jar;C:\Users\amadoria\.m2\repository\com\fasterxml\jackson\core\jackson-core\2.14.2\jackson-core-2.14.2.jar;C:\Users\amadoria\.m2\repository\com\fasterxml\jackson\core\jackson-databind\2.14.2\jackson-databind-2.14.2.jar;C:\Users\amadoria\Documents\Projects\HAPKIDO\WP4\dss-fork\dss-utils-apache-commons\target\dss-utils-apache-commons-5.12.RC1.jar;C:\Users\amadoria\.m2\repository\org\apache\commons\commons-lang3\3.12.0\commons-lang3-3.12.0.jar;C:\Users\amadoria\.m2\repository\org\apache\commons\commons-collections4\4.4\commons-collections4-4.4.jar;C:\Users\amadoria\.m2\repository\commons-io\commons-io\2.11.0\commons-io-2.11.0.jar;C:\Users\amadoria\Documents\Projects\HAPKIDO\WP4\dss-fork\dss-crl-parser-stream\target\dss-crl-parser-stream-5.12.RC1.jar;C:\Users\amadoria\.m2\repository\org\apache\xmlgraphics\fop-core\2.8\fop-core-2.8.jar;C:\Users\amadoria\.m2\repository\org\apache\xmlgraphics\batik-anim\1.16\batik-anim-1.16.jar;C:\Users\amadoria\.m2\repository\org\apache\xmlgraphics\batik-css\1.16\batik-css-1.16.jar;C:\Users\amadoria\.m2\repository\org\apache\xmlgraphics\batik-dom\1.16\batik-dom-1.16.jar;C:\Users\amadoria\.m2\repository\xml-apis\xml-apis\1.4.01\xml-apis-1.4.01.jar;C:\Users\amadoria\.m2\repository\org\apache\xmlgraphics\batik-ext\1.16\batik-ext-1.16.jar;C:\Users\amadoria\.m2\repository\org\apache\xmlgraphics\batik-parser\1.16\batik-parser-1.16.jar;C:\Users\amadoria\.m2\repository\org\apache\xmlgraphics\batik-shared-resources\1.16\batik-shared-resources-1.16.jar;C:\Users\amadoria\.m2\repository\org\apache\xmlgraphics\batik-svg-dom\1.16\batik-svg-dom-1.16.jar;C:\Users\amadoria\.m2\repository\org\apache\xmlgraphics\batik-util\1.16\batik-util-1.16.jar;C:\Users\amadoria\.m2\repository\org\apache\xmlgraphics\batik-constants\1.16\batik-constants-1.16.jar;C:\Users\amadoria\.m2\repository\org\apache\xmlgraphics\batik-i18n\1.16\batik-i18n-1.16.jar;C:\Users\amadoria\.m2\repository\xml-apis\xml-apis-ext\1.3.04\xml-apis-ext-1.3.04.jar;C:\Users\amadoria\.m2\repository\org\apache\xmlgraphics\batik-awt-util\1.16\batik-awt-util-1.16.jar;C:\Users\amadoria\.m2\repository\org\apache\xmlgraphics\batik-bridge\1.16\batik-bridge-1.16.jar;C:\Users\amadoria\.m2\repository\org\apache\xmlgraphics\batik-script\1.16\batik-script-1.16.jar;C:\Users\amadoria\.m2\repository\org\apache\xmlgraphics\batik-xml\1.16\batik-xml-1.16.jar;C:\Users\amadoria\.m2\repository\org\apache\xmlgraphics\batik-extension\1.16\batik-extension-1.16.jar;C:\Users\amadoria\.m2\repository\org\apache\xmlgraphics\batik-gvt\1.16\batik-gvt-1.16.jar;C:\Users\amadoria\.m2\repository\org\apache\xmlgraphics\batik-transcoder\1.16\batik-transcoder-1.16.jar;C:\Users\amadoria\.m2\repository\org\apache\xmlgraphics\batik-svggen\1.16\batik-svggen-1.16.jar;C:\Users\amadoria\.m2\repository\org\apache\xmlgraphics\fop-events\2.8\fop-events-2.8.jar;C:\Users\amadoria\.m2\repository\com\thoughtworks\qdox\qdox\1.12\qdox-1.12.jar;C:\Users\amadoria\.m2\repository\org\apache\xmlgraphics\fop-util\2.8\fop-util-2.8.jar;C:\Users\amadoria\.m2\repository\org\apache\xmlgraphics\xmlgraphics-commons\2.8\xmlgraphics-commons-2.8.jar;"/>
    <property name="sun.awt.enableExtraMouseButtons" value="true"/>
    <property name="java.vm.vendor" value="Oracle Corporation"/>
    <property name="sun.arch.data.model" value="64"/>
    <property name="user.variant" value=""/>
    <property name="java.vendor.url" value="https://java.oracle.com/"/>
    <property name="user.timezone" value="Europe/Amsterdam"/>
    <property name="os.name" value="Windows 10"/>
    <property name="java.vm.specification.version" value="19"/>
    <property name="sun.java.launcher" value="SUN_STANDARD"/>
    <property name="user.country" value="US"/>
    <property name="sun.boot.library.path" value="C:\Program Files\Java\jdk-19\bin"/>
    <property name="sun.java.command" value="C:\Users\amadoria\AppData\Local\Temp\surefire286057921711362449\surefirebooter-20230428114316823_562.jar C:\Users\amadoria\AppData\Local\Temp\surefire286057921711362449 2023-04-28T11-29-53_553-jvmRun1 surefire-20230428114316823_560tmp surefire_31-20230428114316823_561tmp"/>
    <property name="jdk.debug" value="release"/>
    <property name="surefire.test.class.path" value="C:\Users\amadoria\Documents\Projects\HAPKIDO\WP4\dss-fork\dss-xades\target\test-classes;C:\Users\amadoria\Documents\Projects\HAPKIDO\WP4\dss-fork\dss-xades\target\classes;C:\Users\amadoria\Documents\Projects\HAPKIDO\WP4\dss-fork\dss-document\target\dss-document-5.12.RC1.jar;C:\Users\amadoria\Documents\Projects\HAPKIDO\WP4\dss-fork\dss-spi\target\dss-spi-5.12.RC1.jar;C:\Users\amadoria\Documents\Projects\HAPKIDO\WP4\dss-fork\dss-model\target\dss-model-5.12.RC1.jar;C:\Users\amadoria\Documents\Projects\HAPKIDO\WP4\dss-fork\dss-enumerations\target\dss-enumerations-5.12.RC1.jar;C:\Users\amadoria\Documents\Projects\HAPKIDO\WP4\dss-fork\dss-utils\target\dss-utils-5.12.RC1.jar;C:\Users\amadoria\Documents\Projects\HAPKIDO\WP4\dss-fork\dss-crl-parser\target\dss-crl-parser-5.12.RC1.jar;C:\Users\amadoria\Documents\Projects\HAPKIDO\WP4\dss-fork\dss-xades\libs\bcpkix-jdk18on-173b20.jar;C:\Users\amadoria\Documents\Projects\HAPKIDO\WP4\dss-fork\dss-xades\libs\bcprov-jdk18on-173b20.jar;C:\Users\amadoria\Documents\Projects\HAPKIDO\WP4\dss-fork\dss-xades\libs\bcutil-jdk18on-173b20.jar;C:\Users\amadoria\Documents\Projects\HAPKIDO\WP4\dss-fork\validation-policy\target\validation-policy-5.12.RC1.jar;C:\Users\amadoria\Documents\Projects\HAPKIDO\WP4\dss-fork\dss-policy-jaxb\target\dss-policy-jaxb-5.12.RC1.jar;C:\Users\amadoria\Documents\Projects\HAPKIDO\WP4\dss-fork\dss-jaxb-parsers\target\dss-jaxb-parsers-5.12.RC1.jar;C:\Users\amadoria\Documents\Projects\HAPKIDO\WP4\dss-fork\dss-jaxb-common\target\dss-jaxb-common-5.12.RC1.jar;C:\Users\amadoria\Documents\Projects\HAPKIDO\WP4\dss-fork\dss-alert\target\dss-alert-5.12.RC1.jar;C:\Users\amadoria\.m2\repository\org\glassfish\jaxb\jaxb-runtime\2.3.8\jaxb-runtime-2.3.8.jar;C:\Users\amadoria\.m2\repository\org\glassfish\jaxb\txw2\2.3.8\txw2-2.3.8.jar;C:\Users\amadoria\.m2\repository\com\sun\istack\istack-commons-runtime\3.0.12\istack-commons-runtime-3.0.12.jar;C:\Users\amadoria\.m2\repository\com\sun\activation\jakarta.activation\1.2.2\jakarta.activation-1.2.2.jar;C:\Users\amadoria\Documents\Projects\HAPKIDO\WP4\dss-fork\dss-diagnostic-jaxb\target\dss-diagnostic-jaxb-5.12.RC1.jar;C:\Users\amadoria\Documents\Projects\HAPKIDO\WP4\dss-fork\dss-simple-report-jaxb\target\dss-simple-report-jaxb-5.12.RC1.jar;C:\Users\amadoria\Documents\Projects\HAPKIDO\WP4\dss-fork\dss-simple-certificate-report-jaxb\target\dss-simple-certificate-report-jaxb-5.12.RC1.jar;C:\Users\amadoria\Documents\Projects\HAPKIDO\WP4\dss-fork\dss-detailed-report-jaxb\target\dss-detailed-report-jaxb-5.12.RC1.jar;C:\Users\amadoria\Documents\Projects\HAPKIDO\WP4\dss-fork\specs-validation-report\target\specs-validation-report-5.12.RC1.jar;C:\Users\amadoria\Documents\Projects\HAPKIDO\WP4\dss-fork\specs-xmldsig\target\specs-xmldsig-5.12.RC1.jar;C:\Users\amadoria\Documents\Projects\HAPKIDO\WP4\dss-fork\specs-xades\target\specs-xades-5.12.RC1.jar;C:\Users\amadoria\Documents\Projects\HAPKIDO\WP4\dss-fork\specs-trusted-list\target\specs-trusted-list-5.12.RC1.jar;C:\Users\amadoria\Documents\Projects\HAPKIDO\WP4\dss-fork\dss-i18n\target\dss-i18n-5.12.RC1.jar;C:\Users\amadoria\.m2\repository\org\apache\santuario\xmlsec\2.3.2\xmlsec-2.3.2.jar;C:\Users\amadoria\.m2\repository\org\slf4j\slf4j-api\2.0.6\slf4j-api-2.0.6.jar;C:\Users\amadoria\.m2\repository\commons-codec\commons-codec\1.15\commons-codec-1.15.jar;C:\Users\amadoria\.m2\repository\com\fasterxml\woodstox\woodstox-core\6.5.0\woodstox-core-6.5.0.jar;C:\Users\amadoria\.m2\repository\org\codehaus\woodstox\stax2-api\4.2.1\stax2-api-4.2.1.jar;C:\Users\amadoria\.m2\repository\jakarta\xml\bind\jakarta.xml.bind-api\2.3.3\jakarta.xml.bind-api-2.3.3.jar;C:\Users\amadoria\.m2\repository\jakarta\activation\jakarta.activation-api\1.2.2\jakarta.activation-api-1.2.2.jar;C:\Users\amadoria\Documents\Projects\HAPKIDO\WP4\dss-fork\dss-test\target\dss-test-5.12.RC1-tests.jar;C:\Users\amadoria\Documents\Projects\HAPKIDO\WP4\dss-fork\dss-token\target\dss-token-5.12.RC1.jar;C:\Users\amadoria\Documents\Projects\HAPKIDO\WP4\dss-fork\dss-service\target\dss-service-5.12.RC1.jar;C:\Users\amadoria\.m2\repository\org\apache\httpcomponents\client5\httpclient5\5.2.1\httpclient5-5.2.1.jar;C:\Users\amadoria\.m2\repository\org\apache\httpcomponents\core5\httpcore5\5.2\httpcore5-5.2.jar;C:\Users\amadoria\.m2\repository\org\apache\httpcomponents\core5\httpcore5-h2\5.2\httpcore5-h2-5.2.jar;C:\Users\amadoria\.m2\repository\org\slf4j\jcl-over-slf4j\2.0.6\jcl-over-slf4j-2.0.6.jar;C:\Users\amadoria\.m2\repository\ch\qos\logback\logback-classic\1.3.5\logback-classic-1.3.5.jar;C:\Users\amadoria\.m2\repository\ch\qos\logback\logback-core\1.3.5\logback-core-1.3.5.jar;C:\Users\amadoria\.m2\repository\com\h2database\h2\2.1.214\h2-2.1.214.jar;C:\Users\amadoria\.m2\repository\org\junit\platform\junit-platform-launcher\1.9.2\junit-platform-launcher-1.9.2.jar;C:\Users\amadoria\.m2\repository\org\junit\platform\junit-platform-engine\1.9.2\junit-platform-engine-1.9.2.jar;C:\Users\amadoria\.m2\repository\org\opentest4j\opentest4j\1.2.0\opentest4j-1.2.0.jar;C:\Users\amadoria\.m2\repository\org\junit\platform\junit-platform-commons\1.9.2\junit-platform-commons-1.9.2.jar;C:\Users\amadoria\.m2\repository\org\apiguardian\apiguardian-api\1.1.2\apiguardian-api-1.1.2.jar;C:\Users\amadoria\.m2\repository\org\junit\jupiter\junit-jupiter-engine\5.9.2\junit-jupiter-engine-5.9.2.jar;C:\Users\amadoria\.m2\repository\org\junit\jupiter\junit-jupiter-api\5.9.2\junit-jupiter-api-5.9.2.jar;C:\Users\amadoria\.m2\repository\org\junit\jupiter\junit-jupiter-params\5.9.2\junit-jupiter-params-5.9.2.jar;C:\Users\amadoria\.m2\repository\org\awaitility\awaitility\4.2.0\awaitility-4.2.0.jar;C:\Users\amadoria\.m2\repository\org\hamcrest\hamcrest\2.1\hamcrest-2.1.jar;C:\Users\amadoria\.m2\repository\org\mockito\mockito-core\4.11.0\mockito-core-4.11.0.jar;C:\Users\amadoria\.m2\repository\net\bytebuddy\byte-buddy\1.12.19\byte-buddy-1.12.19.jar;C:\Users\amadoria\.m2\repository\net\bytebuddy\byte-buddy-agent\1.12.19\byte-buddy-agent-1.12.19.jar;C:\Users\amadoria\.m2\repository\org\objenesis\objenesis\3.3\objenesis-3.3.jar;C:\Users\amadoria\.m2\repository\com\fasterxml\jackson\module\jackson-module-jaxb-annotations\2.14.2\jackson-module-jaxb-annotations-2.14.2.jar;C:\Users\amadoria\.m2\repository\com\fasterxml\jackson\core\jackson-annotations\2.14.2\jackson-annotations-2.14.2.jar;C:\Users\amadoria\.m2\repository\com\fasterxml\jackson\core\jackson-core\2.14.2\jackson-core-2.14.2.jar;C:\Users\amadoria\.m2\repository\com\fasterxml\jackson\core\jackson-databind\2.14.2\jackson-databind-2.14.2.jar;C:\Users\amadoria\Documents\Projects\HAPKIDO\WP4\dss-fork\dss-utils-apache-commons\target\dss-utils-apache-commons-5.12.RC1.jar;C:\Users\amadoria\.m2\repository\org\apache\commons\commons-lang3\3.12.0\commons-lang3-3.12.0.jar;C:\Users\amadoria\.m2\repository\org\apache\commons\commons-collections4\4.4\commons-collections4-4.4.jar;C:\Users\amadoria\.m2\repository\commons-io\commons-io\2.11.0\commons-io-2.11.0.jar;C:\Users\amadoria\Documents\Projects\HAPKIDO\WP4\dss-fork\dss-crl-parser-stream\target\dss-crl-parser-stream-5.12.RC1.jar;C:\Users\amadoria\.m2\repository\org\apache\xmlgraphics\fop-core\2.8\fop-core-2.8.jar;C:\Users\amadoria\.m2\repository\org\apache\xmlgraphics\batik-anim\1.16\batik-anim-1.16.jar;C:\Users\amadoria\.m2\repository\org\apache\xmlgraphics\batik-css\1.16\batik-css-1.16.jar;C:\Users\amadoria\.m2\repository\org\apache\xmlgraphics\batik-dom\1.16\batik-dom-1.16.jar;C:\Users\amadoria\.m2\repository\xml-apis\xml-apis\1.4.01\xml-apis-1.4.01.jar;C:\Users\amadoria\.m2\repository\org\apache\xmlgraphics\batik-ext\1.16\batik-ext-1.16.jar;C:\Users\amadoria\.m2\repository\org\apache\xmlgraphics\batik-parser\1.16\batik-parser-1.16.jar;C:\Users\amadoria\.m2\repository\org\apache\xmlgraphics\batik-shared-resources\1.16\batik-shared-resources-1.16.jar;C:\Users\amadoria\.m2\repository\org\apache\xmlgraphics\batik-svg-dom\1.16\batik-svg-dom-1.16.jar;C:\Users\amadoria\.m2\repository\org\apache\xmlgraphics\batik-util\1.16\batik-util-1.16.jar;C:\Users\amadoria\.m2\repository\org\apache\xmlgraphics\batik-constants\1.16\batik-constants-1.16.jar;C:\Users\amadoria\.m2\repository\org\apache\xmlgraphics\batik-i18n\1.16\batik-i18n-1.16.jar;C:\Users\amadoria\.m2\repository\xml-apis\xml-apis-ext\1.3.04\xml-apis-ext-1.3.04.jar;C:\Users\amadoria\.m2\repository\org\apache\xmlgraphics\batik-awt-util\1.16\batik-awt-util-1.16.jar;C:\Users\amadoria\.m2\repository\org\apache\xmlgraphics\batik-bridge\1.16\batik-bridge-1.16.jar;C:\Users\amadoria\.m2\repository\org\apache\xmlgraphics\batik-script\1.16\batik-script-1.16.jar;C:\Users\amadoria\.m2\repository\org\apache\xmlgraphics\batik-xml\1.16\batik-xml-1.16.jar;C:\Users\amadoria\.m2\repository\org\apache\xmlgraphics\batik-extension\1.16\batik-extension-1.16.jar;C:\Users\amadoria\.m2\repository\org\apache\xmlgraphics\batik-gvt\1.16\batik-gvt-1.16.jar;C:\Users\amadoria\.m2\repository\org\apache\xmlgraphics\batik-transcoder\1.16\batik-transcoder-1.16.jar;C:\Users\amadoria\.m2\repository\org\apache\xmlgraphics\batik-svggen\1.16\batik-svggen-1.16.jar;C:\Users\amadoria\.m2\repository\org\apache\xmlgraphics\fop-events\2.8\fop-events-2.8.jar;C:\Users\amadoria\.m2\repository\com\thoughtworks\qdox\qdox\1.12\qdox-1.12.jar;C:\Users\amadoria\.m2\repository\org\apache\xmlgraphics\fop-util\2.8\fop-util-2.8.jar;C:\Users\amadoria\.m2\repository\org\apache\xmlgraphics\xmlgraphics-commons\2.8\xmlgraphics-commons-2.8.jar;"/>
    <property name="sun.cpu.endian" value="little"/>
    <property name="user.home" value="C:\Users\amadoria"/>
    <property name="user.language" value="en"/>
    <property name="java.specification.vendor" value="Oracle Corporation"/>
    <property name="java.version.date" value="2023-01-17"/>
    <property name="java.home" value="C:\Program Files\Java\jdk-19"/>
    <property name="file.separator" value="\"/>
    <property name="basedir" value="C:\Users\amadoria\Documents\Projects\HAPKIDO\WP4\dss-fork\dss-xades"/>
    <property name="java.vm.compressedOopsMode" value="Zero based"/>
    <property name="line.separator" value="&#10;"/>
    <property name="java.vm.specification.vendor" value="Oracle Corporation"/>
    <property name="java.specification.name" value="Java Platform API Specification"/>
    <property name="surefire.real.class.path" value="C:\Users\amadoria\AppData\Local\Temp\surefire286057921711362449\surefirebooter-20230428114316823_562.jar"/>
    <property name="user.script" value=""/>
    <property name="sun.management.compiler" value="HotSpot 64-Bit Tiered Compilers"/>
    <property name="java.runtime.version" value="19.0.2+7-44"/>
    <property name="user.name" value="amadoria"/>
    <property name="stdout.encoding" value="Cp1252"/>
    <property name="path.separator" value=";"/>
    <property name="os.version" value="10.0"/>
    <property name="java.runtime.name" value="Java(TM) SE Runtime Environment"/>
    <property name="file.encoding" value="UTF-8"/>
    <property name="java.vm.name" value="Java HotSpot(TM) 64-Bit Server VM"/>
    <property name="localRepository" value="C:\Users\amadoria\.m2\repository"/>
    <property name="java.vendor.url.bug" value="https://bugreport.java.com/bugreport/"/>
    <property name="java.io.tmpdir" value="C:\Users\amadoria\AppData\Local\Temp\"/>
    <property name="java.version" value="19.0.2"/>
    <property name="user.dir" value="C:\Users\amadoria\Documents\Projects\HAPKIDO\WP4\dss-fork\dss-xades"/>
    <property name="os.arch" value="amd64"/>
    <property name="java.vm.specification.name" value="Java Virtual Machine Specification"/>
    <property name="sun.os.patch.level" value=""/>
    <property name="native.encoding" value="Cp1252"/>
    <property name="java.library.path" value="C:\Program Files\Java\jdk-19\bin;C:\WINDOWS\Sun\Java\bin;C:\WINDOWS\system32;C:\WINDOWS;C:\Program Files\Common Files\Oracle\Java\javapath;C:\Program Files\Eclipse Adoptium\jdk-17.0.5.8-hotspot\bin;C:\WINDOWS\system32;C:\WINDOWS;C:\WINDOWS\System32\Wbem;C:\WINDOWS\System32\WindowsPowerShell\v1.0\;C:\WINDOWS\System32\OpenSSH\;C:\Program Files\dotnet\;C:\ProgramData\chocolatey\bin;C:\Program Files\Gradle\gradle-8.0.2\bin;C:\Program Files\Maven\apache-maven-3.9.0\bin;;C:\Program Files\Docker\Docker\resources\bin;C:\Users\amadoria\AppData\Local\Programs\Python\Python38\Scripts\;C:\Users\amadoria\AppData\Local\Programs\Python\Python38\;C:\Users\amadoria\AppData\Local\Microsoft\WindowsApps;C:\Users\amadoria\AppData\Local\Programs\MiKTeX\miktex\bin\x64\;C:\Users\amadoria\AppData\Local\Programs\Microsoft VS Code\bin;C:\Users\amadoria\AppData\Roaming\Python\Scripts\;C:\Users\amadoria\AppData\Local\Programs\Git\cmd;C:\Program Files\JetBrains\IntelliJ IDEA Community Edition 2022.3.3\bin;;."/>
    <property name="java.vm.info" value="mixed mode, sharing"/>
    <property name="stderr.encoding" value="Cp1252"/>
    <property name="java.vendor" value="Oracle Corporation"/>
    <property name="java.vm.version" value="19.0.2+7-44"/>
    <property name="sun.io.unicode.encoding" value="UnicodeLittle"/>
    <property name="java.class.version" value="63.0"/>
  </properties>
  <testcase name="contentTstTest" classname="eu.europa.esig.dss.xades.signature.XAdESServiceTest" time="0.606">
    <system-out><![CDATA[2023-04-28 11:51:38,538  INFO | main | e.europa.esig.dss.validation.CommonCertificateVerifier  | + New CommonCertificateVerifier created. 
2023-04-28 11:51:38,545  WARN | main | eu.europa.esig.dss.spi.DSSUtils                         | Cannot compare first bytes of the document. Reason : The number of read bytes [-1] differs from the expected value [1]! The InputStream is too small, corrupted or not accessible! 
2023-04-28 11:51:38,545  WARN | main | eu.europa.esig.dss.spi.DSSUtils                         | Cannot compare first bytes of the document. Reason : The number of read bytes [-1] differs from the expected value [4]! The InputStream is too small, corrupted or not accessible! 
2023-04-28 11:51:38,679  INFO | main | eu.europa.esig.dss.service.tsp.OnlineTSPSource          | TSP Status: Operation Okay 
2023-04-28 11:51:38,679  INFO | main | eu.europa.esig.dss.service.tsp.OnlineTSPSource          | TSP SID : SN 500, Issuer CN=root-ca,O=Nowina Solutions,OU=PKI-TEST,C=LU 
2023-04-28 11:51:38,685  WARN | main | eu.europa.esig.dss.xades.reference.ReferenceVerifier    | A reference with id='r-id-723a8f5af591bae62e4aa96210399c37-1' and uri='null' points to an XML Node, while no transforms are defined! The configuration can lead to an unexpected result! 
2023-04-28 11:51:38,685  WARN | main | eu.europa.esig.dss.spi.DSSUtils                         | Cannot compare first bytes of the document. Reason : The number of read bytes [-1] differs from the expected value [1]! The InputStream is too small, corrupted or not accessible! 
2023-04-28 11:51:38,685  WARN | main | eu.europa.esig.dss.spi.DSSUtils                         | Cannot compare first bytes of the document. Reason : The number of read bytes [-1] differs from the expected value [4]! The InputStream is too small, corrupted or not accessible! 
2023-04-28 11:51:38,826  INFO | main | eu.europa.esig.dss.service.tsp.OnlineTSPSource          | TSP Status: Operation Okay 
2023-04-28 11:51:38,826  INFO | main | eu.europa.esig.dss.service.tsp.OnlineTSPSource          | TSP SID : SN 500, Issuer CN=root-ca,O=Nowina Solutions,OU=PKI-TEST,C=LU 
2023-04-28 11:51:38,828  WARN | main | eu.europa.esig.dss.xades.reference.ReferenceVerifier    | A reference with id='r-id-723a8f5af591bae62e4aa96210399c37-1' and uri='null' points to an XML Node, while no transforms are defined! The configuration can lead to an unexpected result! 
2023-04-28 11:51:38,828  WARN | main | eu.europa.esig.dss.spi.DSSUtils                         | Cannot compare first bytes of the document. Reason : The number of read bytes [-1] differs from the expected value [1]! The InputStream is too small, corrupted or not accessible! 
2023-04-28 11:51:38,828  WARN | main | eu.europa.esig.dss.spi.DSSUtils                         | Cannot compare first bytes of the document. Reason : The number of read bytes [-1] differs from the expected value [4]! The InputStream is too small, corrupted or not accessible! 
2023-04-28 11:51:38,957  INFO | main | eu.europa.esig.dss.service.tsp.OnlineTSPSource          | TSP Status: Operation Okay 
2023-04-28 11:51:38,957  INFO | main | eu.europa.esig.dss.service.tsp.OnlineTSPSource          | TSP SID : SN 500, Issuer CN=root-ca,O=Nowina Solutions,OU=PKI-TEST,C=LU 
2023-04-28 11:51:39,139  WARN | main | eu.europa.esig.dss.xades.reference.ReferenceVerifier    | A reference with id='r-id-723a8f5af591bae62e4aa96210399c37-1' and uri='null' points to an XML Node, while no transforms are defined! The configuration can lead to an unexpected result! 
]]></system-out>
  </testcase>
  <testcase name="multipleDocumentsSignatureTest" classname="eu.europa.esig.dss.xades.signature.XAdESServiceTest" time="0.649">
    <system-out><![CDATA[2023-04-28 11:51:39,145  INFO | main | e.europa.esig.dss.validation.CommonCertificateVerifier  | + New CommonCertificateVerifier created. 
2023-04-28 11:51:39,542  INFO | main | e.e.esig.dss.token.AbstractSignatureTokenConnection     | Signature algorithm : SHA256withRSA 
2023-04-28 11:51:39,739  INFO | main | e.e.esig.dss.token.AbstractSignatureTokenConnection     | Signature algorithm : SHA256withRSA 
2023-04-28 11:51:39,747  INFO | main | e.europa.esig.dss.validation.CommonCertificateVerifier  | + New CommonCertificateVerifier created. 
2023-04-28 11:51:39,755  INFO | main | eu.europa.esig.dss.validation.SignedDocumentValidator   | Document validation... 
2023-04-28 11:51:39,758  INFO | main | e.europa.esig.dss.validation.CommonCertificateVerifier  | + New CommonCertificateVerifier created. 
2023-04-28 11:51:39,760  INFO | main | e.e.esig.dss.xades.validation.XAdESCertificateSource    | +XAdESCertificateSource 
2023-04-28 11:51:39,763  INFO | main | e.europa.esig.dss.validation.CommonCertificateVerifier  | + New CommonCertificateVerifier created. 
2023-04-28 11:51:39,765  INFO | main | eu.europa.esig.dss.validation.AIACertificateSource      | Retrieving C-96DB5CFA7ABACEB5C97C131CBBFB341DDD8E64FE68B587558AA8F082AB2670F2 certificate's issuer using AIA. 
2023-04-28 11:51:39,771  INFO | main | eu.europa.esig.dss.spi.x509.aia.RepositoryAIASource     | Certificate tokens with AIA '[http://dss.nowina.lu/pki-factory/crt/good-ca.crt]' have been loaded from the cache 
2023-04-28 11:51:39,772  WARN | main | eu.europa.esig.dss.service.ocsp.OnlineOCSPSource        | No OCSP location found for C-FCBFEBCB6B78113DFD4C6CCFCBC2B1482992DF4C48E9DE1B3B7F16F33332BFCB 
2023-04-28 11:51:39,773  INFO | main | e.e.e.d.spi.x509.revocation.RepositoryRevocationSource  | Revocation token for certificate with Id 'C-FCBFEBCB6B78113DFD4C6CCFCBC2B1482992DF4C48E9DE1B3B7F16F33332BFCB' has been loaded from the cache 
2023-04-28 11:51:39,774  INFO | main | eu.europa.esig.dss.spi.x509.revocation.ocsp.OCSPToken   | OCSP status is good 
2023-04-28 11:51:39,780  INFO | main | e.e.e.d.spi.x509.revocation.RepositoryRevocationSource  | Revocation token for certificate with Id 'C-96DB5CFA7ABACEB5C97C131CBBFB341DDD8E64FE68B587558AA8F082AB2670F2' has been loaded from the cache 
2023-04-28 11:51:39,781  INFO | main | eu.europa.esig.dss.validation.SignedDocumentValidator   | Default SignaturePolicyProvider instantiated with NativeHTTPDataLoader. 
]]></system-out>
  </testcase>
  <testcase name="addSignaturePolicyStoreTest" classname="eu.europa.esig.dss.xades.signature.XAdESServiceTest" time="0.343">
    <system-out><![CDATA[2023-04-28 11:51:39,796  INFO | main | e.europa.esig.dss.validation.CommonCertificateVerifier  | + New CommonCertificateVerifier created. 
2023-04-28 11:51:40,082  INFO | main | e.e.esig.dss.token.AbstractSignatureTokenConnection     | Signature algorithm : SHA256withRSA 
2023-04-28 11:51:40,089  INFO | main | e.europa.esig.dss.validation.CommonCertificateVerifier  | + New CommonCertificateVerifier created. 
2023-04-28 11:51:40,090  WARN | main | e.e.e.dss.xades.signature.SignaturePolicyStoreBuilder   | Signature policy's digest SHA256:#58E266481CB11B8FC62712C04A00E3BAEC65F8E3F2689E2073706EE15868A2A1 doesn't match the digest extracted from document SHA256:#C0535E4BE2B79FFD93291305436BF889314E4A3FAEC05ECFFCBB7DF31AD9E51A for signature with Id : id-05627ee1f165921c2f7c81065c9a1862 
2023-04-28 11:51:40,093  INFO | main | e.europa.esig.dss.validation.CommonCertificateVerifier  | + New CommonCertificateVerifier created. 
2023-04-28 11:51:40,099  INFO | main | e.europa.esig.dss.validation.CommonCertificateVerifier  | + New CommonCertificateVerifier created. 
2023-04-28 11:51:40,106  INFO | main | eu.europa.esig.dss.validation.SignedDocumentValidator   | Document validation... 
2023-04-28 11:51:40,108  INFO | main | e.europa.esig.dss.validation.CommonCertificateVerifier  | + New CommonCertificateVerifier created. 
2023-04-28 11:51:40,110  INFO | main | e.e.esig.dss.xades.validation.XAdESCertificateSource    | +XAdESCertificateSource 
2023-04-28 11:51:40,113  INFO | main | e.europa.esig.dss.validation.CommonCertificateVerifier  | + New CommonCertificateVerifier created. 
2023-04-28 11:51:40,114  INFO | main | eu.europa.esig.dss.validation.AIACertificateSource      | Retrieving C-96DB5CFA7ABACEB5C97C131CBBFB341DDD8E64FE68B587558AA8F082AB2670F2 certificate's issuer using AIA. 
2023-04-28 11:51:40,114  INFO | main | eu.europa.esig.dss.spi.x509.aia.RepositoryAIASource     | Certificate tokens with AIA '[http://dss.nowina.lu/pki-factory/crt/good-ca.crt]' have been loaded from the cache 
2023-04-28 11:51:40,115  WARN | main | eu.europa.esig.dss.service.ocsp.OnlineOCSPSource        | No OCSP location found for C-FCBFEBCB6B78113DFD4C6CCFCBC2B1482992DF4C48E9DE1B3B7F16F33332BFCB 
2023-04-28 11:51:40,116  INFO | main | e.e.e.d.spi.x509.revocation.RepositoryRevocationSource  | Revocation token for certificate with Id 'C-FCBFEBCB6B78113DFD4C6CCFCBC2B1482992DF4C48E9DE1B3B7F16F33332BFCB' has been loaded from the cache 
2023-04-28 11:51:40,117  INFO | main | eu.europa.esig.dss.spi.x509.revocation.ocsp.OCSPToken   | OCSP status is good 
2023-04-28 11:51:40,117  INFO | main | e.e.e.d.spi.x509.revocation.RepositoryRevocationSource  | Revocation token for certificate with Id 'C-96DB5CFA7ABACEB5C97C131CBBFB341DDD8E64FE68B587558AA8F082AB2670F2' has been loaded from the cache 
2023-04-28 11:51:40,118  INFO | main | eu.europa.esig.dss.validation.SignedDocumentValidator   | Default SignaturePolicyProvider instantiated with NativeHTTPDataLoader. 
2023-04-28 11:51:40,129  INFO | main | e.europa.esig.dss.validation.CommonCertificateVerifier  | + New CommonCertificateVerifier created. 
2023-04-28 11:51:40,132  INFO | main | e.e.e.dss.xades.signature.SignaturePolicyStoreBuilder   | No policy document has been provided. Digests are not checked! 
]]></system-out>
  </testcase>
  <testcase name="signatureTest" classname="eu.europa.esig.dss.xades.signature.XAdESServiceTest" time="7.833">
    <system-out><![CDATA[2023-04-28 11:51:40,136  INFO | main | e.europa.esig.dss.validation.CommonCertificateVerifier  | + New CommonCertificateVerifier created. 
2023-04-28 11:51:40,494  INFO | main | e.e.esig.dss.token.AbstractSignatureTokenConnection     | Signature algorithm : SHA256withRSA 
2023-04-28 11:51:40,654  INFO | main | e.e.esig.dss.token.AbstractSignatureTokenConnection     | Signature algorithm : SHA256withRSA 
2023-04-28 11:51:40,660  INFO | main | e.europa.esig.dss.validation.CommonCertificateVerifier  | + New CommonCertificateVerifier created. 
2023-04-28 11:51:40,666  INFO | main | eu.europa.esig.dss.validation.SignedDocumentValidator   | Document validation... 
2023-04-28 11:51:40,668  INFO | main | e.europa.esig.dss.validation.CommonCertificateVerifier  | + New CommonCertificateVerifier created. 
2023-04-28 11:51:40,670  INFO | main | e.e.esig.dss.xades.validation.XAdESCertificateSource    | +XAdESCertificateSource 
2023-04-28 11:51:40,673  INFO | main | e.europa.esig.dss.validation.CommonCertificateVerifier  | + New CommonCertificateVerifier created. 
2023-04-28 11:51:40,674  INFO | main | eu.europa.esig.dss.validation.AIACertificateSource      | Retrieving C-96DB5CFA7ABACEB5C97C131CBBFB341DDD8E64FE68B587558AA8F082AB2670F2 certificate's issuer using AIA. 
2023-04-28 11:51:40,674  INFO | main | eu.europa.esig.dss.spi.x509.aia.RepositoryAIASource     | Certificate tokens with AIA '[http://dss.nowina.lu/pki-factory/crt/good-ca.crt]' have been loaded from the cache 
2023-04-28 11:51:40,675  WARN | main | eu.europa.esig.dss.service.ocsp.OnlineOCSPSource        | No OCSP location found for C-FCBFEBCB6B78113DFD4C6CCFCBC2B1482992DF4C48E9DE1B3B7F16F33332BFCB 
2023-04-28 11:51:40,675  INFO | main | e.e.e.d.spi.x509.revocation.RepositoryRevocationSource  | Revocation token for certificate with Id 'C-FCBFEBCB6B78113DFD4C6CCFCBC2B1482992DF4C48E9DE1B3B7F16F33332BFCB' has been loaded from the cache 
2023-04-28 11:51:40,676  INFO | main | eu.europa.esig.dss.spi.x509.revocation.ocsp.OCSPToken   | OCSP status is good 
2023-04-28 11:51:40,676  INFO | main | e.e.e.d.spi.x509.revocation.RepositoryRevocationSource  | Revocation token for certificate with Id 'C-96DB5CFA7ABACEB5C97C131CBBFB341DDD8E64FE68B587558AA8F082AB2670F2' has been loaded from the cache 
2023-04-28 11:51:40,677  INFO | main | eu.europa.esig.dss.validation.SignedDocumentValidator   | Default SignaturePolicyProvider instantiated with NativeHTTPDataLoader. 
2023-04-28 11:51:40,849  INFO | main | e.e.esig.dss.token.AbstractSignatureTokenConnection     | Signature algorithm : SHA256withRSA 
2023-04-28 11:51:40,852  INFO | main | eu.europa.esig.dss.xades.signature.XAdESLevelBaselineT  | ====> Extending: IN MEMORY DOCUMENT 
2023-04-28 11:51:40,855  INFO | main | e.europa.esig.dss.validation.CommonCertificateVerifier  | + New CommonCertificateVerifier created. 
2023-04-28 11:51:40,857  INFO | main | e.e.esig.dss.xades.validation.XAdESCertificateSource    | +XAdESCertificateSource 
2023-04-28 11:51:40,990  INFO | main | eu.europa.esig.dss.service.tsp.OnlineTSPSource          | TSP Status: Operation Okay 
2023-04-28 11:51:40,990  INFO | main | eu.europa.esig.dss.service.tsp.OnlineTSPSource          | TSP SID : SN 500, Issuer CN=root-ca,O=Nowina Solutions,OU=PKI-TEST,C=LU 
2023-04-28 11:51:40,992  INFO | main | e.e.esig.dss.xades.validation.XAdESCertificateSource    | +XAdESCertificateSource 
2023-04-28 11:51:41,000  INFO | main | eu.europa.esig.dss.validation.AIACertificateSource      | Retrieving C-96DB5CFA7ABACEB5C97C131CBBFB341DDD8E64FE68B587558AA8F082AB2670F2 certificate's issuer using AIA. 
2023-04-28 11:51:41,005  INFO | main | eu.europa.esig.dss.spi.x509.aia.RepositoryAIASource     | Certificate tokens with AIA '[http://dss.nowina.lu/pki-factory/crt/good-ca.crt]' have been loaded from the cache 
2023-04-28 11:51:41,006  WARN | main | eu.europa.esig.dss.service.ocsp.OnlineOCSPSource        | No OCSP location found for C-FCBFEBCB6B78113DFD4C6CCFCBC2B1482992DF4C48E9DE1B3B7F16F33332BFCB 
2023-04-28 11:51:41,007  INFO | main | e.e.e.d.spi.x509.revocation.RepositoryRevocationSource  | Revocation token for certificate with Id 'C-FCBFEBCB6B78113DFD4C6CCFCBC2B1482992DF4C48E9DE1B3B7F16F33332BFCB' has been loaded from the cache 
2023-04-28 11:51:41,007  INFO | main | eu.europa.esig.dss.spi.x509.revocation.ocsp.OCSPToken   | OCSP status is good 
2023-04-28 11:51:41,012  INFO | main | e.e.e.d.spi.x509.revocation.RepositoryRevocationSource  | Revocation token for certificate with Id 'C-96DB5CFA7ABACEB5C97C131CBBFB341DDD8E64FE68B587558AA8F082AB2670F2' has been loaded from the cache 
2023-04-28 11:51:41,013  WARN | main | eu.europa.esig.dss.service.ocsp.OnlineOCSPSource        | No OCSP location found for C-AA02B99F9C4B57291E3C1744E44647709293D0FE17BB4EED28C99E973C7E8473 
2023-04-28 11:51:41,013  INFO | main | e.e.e.d.spi.x509.revocation.RepositoryRevocationSource  | Revocation token for certificate with Id 'C-AA02B99F9C4B57291E3C1744E44647709293D0FE17BB4EED28C99E973C7E8473' has been loaded from the cache 
2023-04-28 11:51:41,014  WARN | main | eu.europa.esig.dss.alert.handler.LogHandler             | Revocation data is missing for one or more POE(s). NextUpdate time : 2023-10-28T09:43:38Z [C-AA02B99F9C4B57291E3C1744E44647709293D0FE17BB4EED28C99E973C7E8473: No revocation data found after the best signature time [2023-04-28T09:51:40Z]! The nextUpdate available after : [2023-10-28T09:43:38Z]] 
2023-04-28 11:51:41,014  WARN | main | eu.europa.esig.dss.alert.handler.LogHandler             | Fresh revocation data is missing for one or more certificate(s). NextUpdate time : 2023-10-28T09:43:38Z [C-FCBFEBCB6B78113DFD4C6CCFCBC2B1482992DF4C48E9DE1B3B7F16F33332BFCB: No revocation data found after the best signature time [2023-04-28T09:51:40Z]! The nextUpdate available after : [2023-10-28T09:43:38Z]; C-96DB5CFA7ABACEB5C97C131CBBFB341DDD8E64FE68B587558AA8F082AB2670F2: No revocation data found after the best signature time [2023-04-28T09:51:40Z]!] 
2023-04-28 11:51:41,150  INFO | main | eu.europa.esig.dss.service.tsp.OnlineTSPSource          | TSP Status: Operation Okay 
2023-04-28 11:51:41,150  INFO | main | eu.europa.esig.dss.service.tsp.OnlineTSPSource          | TSP SID : SN 500, Issuer CN=root-ca,O=Nowina Solutions,OU=PKI-TEST,C=LU 
2023-04-28 11:51:41,155  INFO | main | e.europa.esig.dss.validation.CommonCertificateVerifier  | + New CommonCertificateVerifier created. 
2023-04-28 11:51:41,191  INFO | main | eu.europa.esig.dss.validation.SignedDocumentValidator   | Document validation... 
2023-04-28 11:51:41,194  INFO | main | e.europa.esig.dss.validation.CommonCertificateVerifier  | + New CommonCertificateVerifier created. 
2023-04-28 11:51:41,197  INFO | main | e.e.esig.dss.xades.validation.XAdESCertificateSource    | +XAdESCertificateSource 
2023-04-28 11:51:41,208  INFO | main | e.europa.esig.dss.validation.CommonCertificateVerifier  | + New CommonCertificateVerifier created. 
2023-04-28 11:51:41,210  WARN | main | eu.europa.esig.dss.service.ocsp.OnlineOCSPSource        | No OCSP location found for C-FCBFEBCB6B78113DFD4C6CCFCBC2B1482992DF4C48E9DE1B3B7F16F33332BFCB 
2023-04-28 11:51:41,211  INFO | main | e.e.e.d.spi.x509.revocation.RepositoryRevocationSource  | Revocation token for certificate with Id 'C-FCBFEBCB6B78113DFD4C6CCFCBC2B1482992DF4C48E9DE1B3B7F16F33332BFCB' has been loaded from the cache 
2023-04-28 11:51:41,211  INFO | main | eu.europa.esig.dss.spi.x509.revocation.ocsp.OCSPToken   | OCSP status is good 
2023-04-28 11:51:41,212  INFO | main | eu.europa.esig.dss.spi.x509.revocation.ocsp.OCSPToken   | OCSP status is good 
2023-04-28 11:51:41,213  INFO | main | e.e.e.d.spi.x509.revocation.RepositoryRevocationSource  | Revocation token for certificate with Id 'C-96DB5CFA7ABACEB5C97C131CBBFB341DDD8E64FE68B587558AA8F082AB2670F2' has been loaded from the cache 
2023-04-28 11:51:41,213  WARN | main | eu.europa.esig.dss.service.ocsp.OnlineOCSPSource        | No OCSP location found for C-AA02B99F9C4B57291E3C1744E44647709293D0FE17BB4EED28C99E973C7E8473 
2023-04-28 11:51:41,215  INFO | main | e.e.e.d.spi.x509.revocation.RepositoryRevocationSource  | Revocation token for certificate with Id 'C-AA02B99F9C4B57291E3C1744E44647709293D0FE17BB4EED28C99E973C7E8473' has been loaded from the cache 
2023-04-28 11:51:41,215  INFO | main | eu.europa.esig.dss.validation.SignedDocumentValidator   | Default SignaturePolicyProvider instantiated with NativeHTTPDataLoader. 
2023-04-28 11:51:41,392  INFO | main | e.e.esig.dss.token.AbstractSignatureTokenConnection     | Signature algorithm : SHA256withRSA 
2023-04-28 11:51:41,394  INFO | main | eu.europa.esig.dss.xades.signature.XAdESLevelBaselineT  | ====> Extending: IN MEMORY DOCUMENT 
2023-04-28 11:51:41,397  INFO | main | e.europa.esig.dss.validation.CommonCertificateVerifier  | + New CommonCertificateVerifier created. 
2023-04-28 11:51:41,400  INFO | main | e.e.esig.dss.xades.validation.XAdESCertificateSource    | +XAdESCertificateSource 
2023-04-28 11:51:41,538  INFO | main | eu.europa.esig.dss.service.tsp.OnlineTSPSource          | TSP Status: Operation Okay 
2023-04-28 11:51:41,538  INFO | main | eu.europa.esig.dss.service.tsp.OnlineTSPSource          | TSP SID : SN 500, Issuer CN=root-ca,O=Nowina Solutions,OU=PKI-TEST,C=LU 
2023-04-28 11:51:41,539  INFO | main | e.e.esig.dss.xades.validation.XAdESCertificateSource    | +XAdESCertificateSource 
2023-04-28 11:51:41,549  INFO | main | eu.europa.esig.dss.validation.AIACertificateSource      | Retrieving C-96DB5CFA7ABACEB5C97C131CBBFB341DDD8E64FE68B587558AA8F082AB2670F2 certificate's issuer using AIA. 
2023-04-28 11:51:41,549  INFO | main | eu.europa.esig.dss.spi.x509.aia.RepositoryAIASource     | Certificate tokens with AIA '[http://dss.nowina.lu/pki-factory/crt/good-ca.crt]' have been loaded from the cache 
2023-04-28 11:51:41,550  WARN | main | eu.europa.esig.dss.service.ocsp.OnlineOCSPSource        | No OCSP location found for C-FCBFEBCB6B78113DFD4C6CCFCBC2B1482992DF4C48E9DE1B3B7F16F33332BFCB 
2023-04-28 11:51:41,551  INFO | main | e.e.e.d.spi.x509.revocation.RepositoryRevocationSource  | Revocation token for certificate with Id 'C-FCBFEBCB6B78113DFD4C6CCFCBC2B1482992DF4C48E9DE1B3B7F16F33332BFCB' has been loaded from the cache 
2023-04-28 11:51:41,551  INFO | main | eu.europa.esig.dss.spi.x509.revocation.ocsp.OCSPToken   | OCSP status is good 
2023-04-28 11:51:41,552  INFO | main | e.e.e.d.spi.x509.revocation.RepositoryRevocationSource  | Revocation token for certificate with Id 'C-96DB5CFA7ABACEB5C97C131CBBFB341DDD8E64FE68B587558AA8F082AB2670F2' has been loaded from the cache 
2023-04-28 11:51:41,553  WARN | main | eu.europa.esig.dss.service.ocsp.OnlineOCSPSource        | No OCSP location found for C-AA02B99F9C4B57291E3C1744E44647709293D0FE17BB4EED28C99E973C7E8473 
2023-04-28 11:51:41,553  INFO | main | e.e.e.d.spi.x509.revocation.RepositoryRevocationSource  | Revocation token for certificate with Id 'C-AA02B99F9C4B57291E3C1744E44647709293D0FE17BB4EED28C99E973C7E8473' has been loaded from the cache 
2023-04-28 11:51:41,554  WARN | main | eu.europa.esig.dss.alert.handler.LogHandler             | Revocation data is missing for one or more POE(s). NextUpdate time : 2023-10-28T09:43:38Z [C-AA02B99F9C4B57291E3C1744E44647709293D0FE17BB4EED28C99E973C7E8473: No revocation data found after the best signature time [2023-04-28T09:51:41Z]! The nextUpdate available after : [2023-10-28T09:43:38Z]] 
2023-04-28 11:51:41,554  WARN | main | eu.europa.esig.dss.alert.handler.LogHandler             | Fresh revocation data is missing for one or more certificate(s). NextUpdate time : 2023-10-28T09:43:38Z [C-FCBFEBCB6B78113DFD4C6CCFCBC2B1482992DF4C48E9DE1B3B7F16F33332BFCB: No revocation data found after the best signature time [2023-04-28T09:51:41Z]! The nextUpdate available after : [2023-10-28T09:43:38Z]; C-96DB5CFA7ABACEB5C97C131CBBFB341DDD8E64FE68B587558AA8F082AB2670F2: No revocation data found after the best signature time [2023-04-28T09:51:41Z]!] 
2023-04-28 11:51:41,685  INFO | main | eu.europa.esig.dss.service.tsp.OnlineTSPSource          | TSP Status: Operation Okay 
2023-04-28 11:51:41,685  INFO | main | eu.europa.esig.dss.service.tsp.OnlineTSPSource          | TSP SID : SN 500, Issuer CN=root-ca,O=Nowina Solutions,OU=PKI-TEST,C=LU 
2023-04-28 11:51:41,689  INFO | main | e.europa.esig.dss.validation.CommonCertificateVerifier  | + New CommonCertificateVerifier created. 
2023-04-28 11:51:41,698  INFO | main | eu.europa.esig.dss.validation.SignedDocumentValidator   | Document validation... 
2023-04-28 11:51:41,705  INFO | main | e.europa.esig.dss.validation.CommonCertificateVerifier  | + New CommonCertificateVerifier created. 
2023-04-28 11:51:41,710  INFO | main | e.e.esig.dss.xades.validation.XAdESCertificateSource    | +XAdESCertificateSource 
2023-04-28 11:51:41,720  INFO | main | e.europa.esig.dss.validation.CommonCertificateVerifier  | + New CommonCertificateVerifier created. 
2023-04-28 11:51:41,724  WARN | main | eu.europa.esig.dss.service.ocsp.OnlineOCSPSource        | No OCSP location found for C-FCBFEBCB6B78113DFD4C6CCFCBC2B1482992DF4C48E9DE1B3B7F16F33332BFCB 
2023-04-28 11:51:41,725  INFO | main | e.e.e.d.spi.x509.revocation.RepositoryRevocationSource  | Revocation token for certificate with Id 'C-FCBFEBCB6B78113DFD4C6CCFCBC2B1482992DF4C48E9DE1B3B7F16F33332BFCB' has been loaded from the cache 
2023-04-28 11:51:41,725  INFO | main | eu.europa.esig.dss.spi.x509.revocation.ocsp.OCSPToken   | OCSP status is good 
2023-04-28 11:51:41,727  INFO | main | eu.europa.esig.dss.spi.x509.revocation.ocsp.OCSPToken   | OCSP status is good 
2023-04-28 11:51:41,727  INFO | main | e.e.e.d.spi.x509.revocation.RepositoryRevocationSource  | Revocation token for certificate with Id 'C-96DB5CFA7ABACEB5C97C131CBBFB341DDD8E64FE68B587558AA8F082AB2670F2' has been loaded from the cache 
2023-04-28 11:51:41,728  WARN | main | eu.europa.esig.dss.service.ocsp.OnlineOCSPSource        | No OCSP location found for C-AA02B99F9C4B57291E3C1744E44647709293D0FE17BB4EED28C99E973C7E8473 
2023-04-28 11:51:41,728  INFO | main | e.e.e.d.spi.x509.revocation.RepositoryRevocationSource  | Revocation token for certificate with Id 'C-AA02B99F9C4B57291E3C1744E44647709293D0FE17BB4EED28C99E973C7E8473' has been loaded from the cache 
2023-04-28 11:51:41,728  INFO | main | eu.europa.esig.dss.validation.SignedDocumentValidator   | Default SignaturePolicyProvider instantiated with NativeHTTPDataLoader. 
2023-04-28 11:51:41,954  INFO | main | e.e.esig.dss.token.AbstractSignatureTokenConnection     | Signature algorithm : SHA256withRSA 
2023-04-28 11:51:41,956  INFO | main | eu.europa.esig.dss.xades.signature.XAdESLevelBaselineT  | ====> Extending: IN MEMORY DOCUMENT 
2023-04-28 11:51:41,960  INFO | main | e.europa.esig.dss.validation.CommonCertificateVerifier  | + New CommonCertificateVerifier created. 
2023-04-28 11:51:41,962  INFO | main | e.e.esig.dss.xades.validation.XAdESCertificateSource    | +XAdESCertificateSource 
2023-04-28 11:51:42,094  INFO | main | eu.europa.esig.dss.service.tsp.OnlineTSPSource          | TSP Status: Operation Okay 
2023-04-28 11:51:42,094  INFO | main | eu.europa.esig.dss.service.tsp.OnlineTSPSource          | TSP SID : SN 500, Issuer CN=root-ca,O=Nowina Solutions,OU=PKI-TEST,C=LU 
2023-04-28 11:51:42,095  INFO | main | e.e.esig.dss.xades.validation.XAdESCertificateSource    | +XAdESCertificateSource 
2023-04-28 11:51:42,099  INFO | main | eu.europa.esig.dss.validation.AIACertificateSource      | Retrieving C-96DB5CFA7ABACEB5C97C131CBBFB341DDD8E64FE68B587558AA8F082AB2670F2 certificate's issuer using AIA. 
2023-04-28 11:51:42,105  INFO | main | eu.europa.esig.dss.spi.x509.aia.RepositoryAIASource     | Certificate tokens with AIA '[http://dss.nowina.lu/pki-factory/crt/good-ca.crt]' have been loaded from the cache 
2023-04-28 11:51:42,106  WARN | main | eu.europa.esig.dss.service.ocsp.OnlineOCSPSource        | No OCSP location found for C-FCBFEBCB6B78113DFD4C6CCFCBC2B1482992DF4C48E9DE1B3B7F16F33332BFCB 
2023-04-28 11:51:42,106  INFO | main | e.e.e.d.spi.x509.revocation.RepositoryRevocationSource  | Revocation token for certificate with Id 'C-FCBFEBCB6B78113DFD4C6CCFCBC2B1482992DF4C48E9DE1B3B7F16F33332BFCB' has been loaded from the cache 
2023-04-28 11:51:42,107  INFO | main | eu.europa.esig.dss.spi.x509.revocation.ocsp.OCSPToken   | OCSP status is good 
2023-04-28 11:51:42,107  INFO | main | e.e.e.d.spi.x509.revocation.RepositoryRevocationSource  | Revocation token for certificate with Id 'C-96DB5CFA7ABACEB5C97C131CBBFB341DDD8E64FE68B587558AA8F082AB2670F2' has been loaded from the cache 
2023-04-28 11:51:42,108  WARN | main | eu.europa.esig.dss.service.ocsp.OnlineOCSPSource        | No OCSP location found for C-AA02B99F9C4B57291E3C1744E44647709293D0FE17BB4EED28C99E973C7E8473 
2023-04-28 11:51:42,109  INFO | main | e.e.e.d.spi.x509.revocation.RepositoryRevocationSource  | Revocation token for certificate with Id 'C-AA02B99F9C4B57291E3C1744E44647709293D0FE17BB4EED28C99E973C7E8473' has been loaded from the cache 
2023-04-28 11:51:42,109  WARN | main | eu.europa.esig.dss.alert.handler.LogHandler             | Revocation data is missing for one or more POE(s). NextUpdate time : 2023-10-28T09:43:38Z [C-AA02B99F9C4B57291E3C1744E44647709293D0FE17BB4EED28C99E973C7E8473: No revocation data found after the best signature time [2023-04-28T09:51:42Z]! The nextUpdate available after : [2023-10-28T09:43:38Z]] 
2023-04-28 11:51:42,110  WARN | main | eu.europa.esig.dss.alert.handler.LogHandler             | Fresh revocation data is missing for one or more certificate(s). NextUpdate time : 2023-10-28T09:43:38Z [C-FCBFEBCB6B78113DFD4C6CCFCBC2B1482992DF4C48E9DE1B3B7F16F33332BFCB: No revocation data found after the best signature time [2023-04-28T09:51:42Z]! The nextUpdate available after : [2023-10-28T09:43:38Z]; C-96DB5CFA7ABACEB5C97C131CBBFB341DDD8E64FE68B587558AA8F082AB2670F2: No revocation data found after the best signature time [2023-04-28T09:51:42Z]!] 
2023-04-28 11:51:42,251  INFO | main | eu.europa.esig.dss.service.tsp.OnlineTSPSource          | TSP Status: Operation Okay 
2023-04-28 11:51:42,251  INFO | main | eu.europa.esig.dss.service.tsp.OnlineTSPSource          | TSP SID : SN 500, Issuer CN=root-ca,O=Nowina Solutions,OU=PKI-TEST,C=LU 
2023-04-28 11:51:42,256  INFO | main | e.europa.esig.dss.validation.CommonCertificateVerifier  | + New CommonCertificateVerifier created. 
2023-04-28 11:51:42,262  INFO | main | eu.europa.esig.dss.validation.SignedDocumentValidator   | Document validation... 
2023-04-28 11:51:42,265  INFO | main | e.europa.esig.dss.validation.CommonCertificateVerifier  | + New CommonCertificateVerifier created. 
2023-04-28 11:51:42,269  INFO | main | e.e.esig.dss.xades.validation.XAdESCertificateSource    | +XAdESCertificateSource 
2023-04-28 11:51:42,277  INFO | main | e.europa.esig.dss.validation.CommonCertificateVerifier  | + New CommonCertificateVerifier created. 
2023-04-28 11:51:42,279  WARN | main | eu.europa.esig.dss.service.ocsp.OnlineOCSPSource        | No OCSP location found for C-FCBFEBCB6B78113DFD4C6CCFCBC2B1482992DF4C48E9DE1B3B7F16F33332BFCB 
2023-04-28 11:51:42,281  INFO | main | e.e.e.d.spi.x509.revocation.RepositoryRevocationSource  | Revocation token for certificate with Id 'C-FCBFEBCB6B78113DFD4C6CCFCBC2B1482992DF4C48E9DE1B3B7F16F33332BFCB' has been loaded from the cache 
2023-04-28 11:51:42,281  INFO | main | eu.europa.esig.dss.spi.x509.revocation.ocsp.OCSPToken   | OCSP status is good 
2023-04-28 11:51:42,284  INFO | main | eu.europa.esig.dss.spi.x509.revocation.ocsp.OCSPToken   | OCSP status is good 
2023-04-28 11:51:42,284  INFO | main | e.e.e.d.spi.x509.revocation.RepositoryRevocationSource  | Revocation token for certificate with Id 'C-96DB5CFA7ABACEB5C97C131CBBFB341DDD8E64FE68B587558AA8F082AB2670F2' has been loaded from the cache 
2023-04-28 11:51:42,285  WARN | main | eu.europa.esig.dss.service.ocsp.OnlineOCSPSource        | No OCSP location found for C-AA02B99F9C4B57291E3C1744E44647709293D0FE17BB4EED28C99E973C7E8473 
2023-04-28 11:51:42,285  INFO | main | e.e.e.d.spi.x509.revocation.RepositoryRevocationSource  | Revocation token for certificate with Id 'C-AA02B99F9C4B57291E3C1744E44647709293D0FE17BB4EED28C99E973C7E8473' has been loaded from the cache 
2023-04-28 11:51:42,286  INFO | main | eu.europa.esig.dss.validation.SignedDocumentValidator   | Default SignaturePolicyProvider instantiated with NativeHTTPDataLoader. 
2023-04-28 11:51:42,465  INFO | main | e.e.esig.dss.token.AbstractSignatureTokenConnection     | Signature algorithm : SHA256withRSA 
2023-04-28 11:51:42,468  INFO | main | eu.europa.esig.dss.xades.signature.XAdESLevelBaselineT  | ====> Extending: IN MEMORY DOCUMENT 
2023-04-28 11:51:42,471  INFO | main | e.europa.esig.dss.validation.CommonCertificateVerifier  | + New CommonCertificateVerifier created. 
2023-04-28 11:51:42,472  INFO | main | e.e.esig.dss.xades.validation.XAdESCertificateSource    | +XAdESCertificateSource 
2023-04-28 11:51:42,605  INFO | main | eu.europa.esig.dss.service.tsp.OnlineTSPSource          | TSP Status: Operation Okay 
2023-04-28 11:51:42,605  INFO | main | eu.europa.esig.dss.service.tsp.OnlineTSPSource          | TSP SID : SN 500, Issuer CN=root-ca,O=Nowina Solutions,OU=PKI-TEST,C=LU 
2023-04-28 11:51:42,607  INFO | main | e.e.esig.dss.xades.validation.XAdESCertificateSource    | +XAdESCertificateSource 
2023-04-28 11:51:42,610  INFO | main | eu.europa.esig.dss.validation.AIACertificateSource      | Retrieving C-96DB5CFA7ABACEB5C97C131CBBFB341DDD8E64FE68B587558AA8F082AB2670F2 certificate's issuer using AIA. 
2023-04-28 11:51:42,610  INFO | main | eu.europa.esig.dss.spi.x509.aia.RepositoryAIASource     | Certificate tokens with AIA '[http://dss.nowina.lu/pki-factory/crt/good-ca.crt]' have been loaded from the cache 
2023-04-28 11:51:42,611  WARN | main | eu.europa.esig.dss.service.ocsp.OnlineOCSPSource        | No OCSP location found for C-FCBFEBCB6B78113DFD4C6CCFCBC2B1482992DF4C48E9DE1B3B7F16F33332BFCB 
2023-04-28 11:51:42,612  INFO | main | e.e.e.d.spi.x509.revocation.RepositoryRevocationSource  | Revocation token for certificate with Id 'C-FCBFEBCB6B78113DFD4C6CCFCBC2B1482992DF4C48E9DE1B3B7F16F33332BFCB' has been loaded from the cache 
2023-04-28 11:51:42,612  INFO | main | eu.europa.esig.dss.spi.x509.revocation.ocsp.OCSPToken   | OCSP status is good 
2023-04-28 11:51:42,618  INFO | main | e.e.e.d.spi.x509.revocation.RepositoryRevocationSource  | Revocation token for certificate with Id 'C-96DB5CFA7ABACEB5C97C131CBBFB341DDD8E64FE68B587558AA8F082AB2670F2' has been loaded from the cache 
2023-04-28 11:51:42,618  WARN | main | eu.europa.esig.dss.service.ocsp.OnlineOCSPSource        | No OCSP location found for C-AA02B99F9C4B57291E3C1744E44647709293D0FE17BB4EED28C99E973C7E8473 
2023-04-28 11:51:42,619  INFO | main | e.e.e.d.spi.x509.revocation.RepositoryRevocationSource  | Revocation token for certificate with Id 'C-AA02B99F9C4B57291E3C1744E44647709293D0FE17BB4EED28C99E973C7E8473' has been loaded from the cache 
2023-04-28 11:51:42,619  WARN | main | eu.europa.esig.dss.alert.handler.LogHandler             | Revocation data is missing for one or more POE(s). NextUpdate time : 2023-10-28T09:43:38Z [C-AA02B99F9C4B57291E3C1744E44647709293D0FE17BB4EED28C99E973C7E8473: No revocation data found after the best signature time [2023-04-28T09:51:42Z]! The nextUpdate available after : [2023-10-28T09:43:38Z]] 
2023-04-28 11:51:42,619  WARN | main | eu.europa.esig.dss.alert.handler.LogHandler             | Fresh revocation data is missing for one or more certificate(s). NextUpdate time : 2023-10-28T09:43:38Z [C-FCBFEBCB6B78113DFD4C6CCFCBC2B1482992DF4C48E9DE1B3B7F16F33332BFCB: No revocation data found after the best signature time [2023-04-28T09:51:42Z]! The nextUpdate available after : [2023-10-28T09:43:38Z]; C-96DB5CFA7ABACEB5C97C131CBBFB341DDD8E64FE68B587558AA8F082AB2670F2: No revocation data found after the best signature time [2023-04-28T09:51:42Z]!] 
2023-04-28 11:51:42,757  INFO | main | eu.europa.esig.dss.service.tsp.OnlineTSPSource          | TSP Status: Operation Okay 
2023-04-28 11:51:42,757  INFO | main | eu.europa.esig.dss.service.tsp.OnlineTSPSource          | TSP SID : SN 500, Issuer CN=root-ca,O=Nowina Solutions,OU=PKI-TEST,C=LU 
2023-04-28 11:51:42,761  INFO | main | e.europa.esig.dss.validation.CommonCertificateVerifier  | + New CommonCertificateVerifier created. 
2023-04-28 11:51:42,769  INFO | main | eu.europa.esig.dss.validation.SignedDocumentValidator   | Document validation... 
2023-04-28 11:51:42,771  INFO | main | e.europa.esig.dss.validation.CommonCertificateVerifier  | + New CommonCertificateVerifier created. 
2023-04-28 11:51:42,774  INFO | main | e.e.esig.dss.xades.validation.XAdESCertificateSource    | +XAdESCertificateSource 
2023-04-28 11:51:42,782  INFO | main | e.europa.esig.dss.validation.CommonCertificateVerifier  | + New CommonCertificateVerifier created. 
2023-04-28 11:51:42,786  WARN | main | eu.europa.esig.dss.service.ocsp.OnlineOCSPSource        | No OCSP location found for C-FCBFEBCB6B78113DFD4C6CCFCBC2B1482992DF4C48E9DE1B3B7F16F33332BFCB 
2023-04-28 11:51:42,786  INFO | main | e.e.e.d.spi.x509.revocation.RepositoryRevocationSource  | Revocation token for certificate with Id 'C-FCBFEBCB6B78113DFD4C6CCFCBC2B1482992DF4C48E9DE1B3B7F16F33332BFCB' has been loaded from the cache 
2023-04-28 11:51:42,787  INFO | main | eu.europa.esig.dss.spi.x509.revocation.ocsp.OCSPToken   | OCSP status is good 
2023-04-28 11:51:42,788  INFO | main | eu.europa.esig.dss.spi.x509.revocation.ocsp.OCSPToken   | OCSP status is good 
2023-04-28 11:51:42,788  INFO | main | e.e.e.d.spi.x509.revocation.RepositoryRevocationSource  | Revocation token for certificate with Id 'C-96DB5CFA7ABACEB5C97C131CBBFB341DDD8E64FE68B587558AA8F082AB2670F2' has been loaded from the cache 
2023-04-28 11:51:42,789  WARN | main | eu.europa.esig.dss.service.ocsp.OnlineOCSPSource        | No OCSP location found for C-AA02B99F9C4B57291E3C1744E44647709293D0FE17BB4EED28C99E973C7E8473 
2023-04-28 11:51:42,789  INFO | main | e.e.e.d.spi.x509.revocation.RepositoryRevocationSource  | Revocation token for certificate with Id 'C-AA02B99F9C4B57291E3C1744E44647709293D0FE17BB4EED28C99E973C7E8473' has been loaded from the cache 
2023-04-28 11:51:42,789  INFO | main | eu.europa.esig.dss.validation.SignedDocumentValidator   | Default SignaturePolicyProvider instantiated with NativeHTTPDataLoader. 
2023-04-28 11:51:42,972  INFO | main | e.e.esig.dss.token.AbstractSignatureTokenConnection     | Signature algorithm : SHA256withRSA 
2023-04-28 11:51:42,974  INFO | main | eu.europa.esig.dss.xades.signature.XAdESLevelBaselineT  | ====> Extending: IN MEMORY DOCUMENT 
2023-04-28 11:51:42,977  INFO | main | e.europa.esig.dss.validation.CommonCertificateVerifier  | + New CommonCertificateVerifier created. 
2023-04-28 11:51:42,979  INFO | main | e.e.esig.dss.xades.validation.XAdESCertificateSource    | +XAdESCertificateSource 
2023-04-28 11:51:43,117  INFO | main | eu.europa.esig.dss.service.tsp.OnlineTSPSource          | TSP Status: Operation Okay 
2023-04-28 11:51:43,117  INFO | main | eu.europa.esig.dss.service.tsp.OnlineTSPSource          | TSP SID : SN 500, Issuer CN=root-ca,O=Nowina Solutions,OU=PKI-TEST,C=LU 
2023-04-28 11:51:43,120  INFO | main | e.e.esig.dss.xades.validation.XAdESCertificateSource    | +XAdESCertificateSource 
2023-04-28 11:51:43,123  INFO | main | eu.europa.esig.dss.validation.AIACertificateSource      | Retrieving C-96DB5CFA7ABACEB5C97C131CBBFB341DDD8E64FE68B587558AA8F082AB2670F2 certificate's issuer using AIA. 
2023-04-28 11:51:43,124  INFO | main | eu.europa.esig.dss.spi.x509.aia.RepositoryAIASource     | Certificate tokens with AIA '[http://dss.nowina.lu/pki-factory/crt/good-ca.crt]' have been loaded from the cache 
2023-04-28 11:51:43,125  WARN | main | eu.europa.esig.dss.service.ocsp.OnlineOCSPSource        | No OCSP location found for C-FCBFEBCB6B78113DFD4C6CCFCBC2B1482992DF4C48E9DE1B3B7F16F33332BFCB 
2023-04-28 11:51:43,126  INFO | main | e.e.e.d.spi.x509.revocation.RepositoryRevocationSource  | Revocation token for certificate with Id 'C-FCBFEBCB6B78113DFD4C6CCFCBC2B1482992DF4C48E9DE1B3B7F16F33332BFCB' has been loaded from the cache 
2023-04-28 11:51:43,127  INFO | main | eu.europa.esig.dss.spi.x509.revocation.ocsp.OCSPToken   | OCSP status is good 
2023-04-28 11:51:43,128  INFO | main | e.e.e.d.spi.x509.revocation.RepositoryRevocationSource  | Revocation token for certificate with Id 'C-96DB5CFA7ABACEB5C97C131CBBFB341DDD8E64FE68B587558AA8F082AB2670F2' has been loaded from the cache 
2023-04-28 11:51:43,128  WARN | main | eu.europa.esig.dss.service.ocsp.OnlineOCSPSource        | No OCSP location found for C-AA02B99F9C4B57291E3C1744E44647709293D0FE17BB4EED28C99E973C7E8473 
2023-04-28 11:51:43,128  INFO | main | e.e.e.d.spi.x509.revocation.RepositoryRevocationSource  | Revocation token for certificate with Id 'C-AA02B99F9C4B57291E3C1744E44647709293D0FE17BB4EED28C99E973C7E8473' has been loaded from the cache 
2023-04-28 11:51:43,129  WARN | main | eu.europa.esig.dss.alert.handler.LogHandler             | Revocation data is missing for one or more POE(s). NextUpdate time : 2023-10-28T09:43:38Z [C-AA02B99F9C4B57291E3C1744E44647709293D0FE17BB4EED28C99E973C7E8473: No revocation data found after the best signature time [2023-04-28T09:51:43Z]! The nextUpdate available after : [2023-10-28T09:43:38Z]] 
2023-04-28 11:51:43,130  WARN | main | eu.europa.esig.dss.alert.handler.LogHandler             | Fresh revocation data is missing for one or more certificate(s). NextUpdate time : 2023-10-28T09:43:38Z [C-FCBFEBCB6B78113DFD4C6CCFCBC2B1482992DF4C48E9DE1B3B7F16F33332BFCB: No revocation data found after the best signature time [2023-04-28T09:51:43Z]! The nextUpdate available after : [2023-10-28T09:43:38Z]; C-96DB5CFA7ABACEB5C97C131CBBFB341DDD8E64FE68B587558AA8F082AB2670F2: No revocation data found after the best signature time [2023-04-28T09:51:43Z]!] 
2023-04-28 11:51:43,267  INFO | main | eu.europa.esig.dss.service.tsp.OnlineTSPSource          | TSP Status: Operation Okay 
2023-04-28 11:51:43,267  INFO | main | eu.europa.esig.dss.service.tsp.OnlineTSPSource          | TSP SID : SN 500, Issuer CN=root-ca,O=Nowina Solutions,OU=PKI-TEST,C=LU 
2023-04-28 11:51:43,272  INFO | main | e.europa.esig.dss.validation.CommonCertificateVerifier  | + New CommonCertificateVerifier created. 
2023-04-28 11:51:43,283  INFO | main | eu.europa.esig.dss.validation.SignedDocumentValidator   | Document validation... 
2023-04-28 11:51:43,286  INFO | main | e.europa.esig.dss.validation.CommonCertificateVerifier  | + New CommonCertificateVerifier created. 
2023-04-28 11:51:43,288  INFO | main | e.e.esig.dss.xades.validation.XAdESCertificateSource    | +XAdESCertificateSource 
2023-04-28 11:51:43,296  INFO | main | e.europa.esig.dss.validation.CommonCertificateVerifier  | + New CommonCertificateVerifier created. 
2023-04-28 11:51:43,299  WARN | main | eu.europa.esig.dss.service.ocsp.OnlineOCSPSource        | No OCSP location found for C-FCBFEBCB6B78113DFD4C6CCFCBC2B1482992DF4C48E9DE1B3B7F16F33332BFCB 
2023-04-28 11:51:43,300  INFO | main | e.e.e.d.spi.x509.revocation.RepositoryRevocationSource  | Revocation token for certificate with Id 'C-FCBFEBCB6B78113DFD4C6CCFCBC2B1482992DF4C48E9DE1B3B7F16F33332BFCB' has been loaded from the cache 
2023-04-28 11:51:43,300  INFO | main | eu.europa.esig.dss.spi.x509.revocation.ocsp.OCSPToken   | OCSP status is good 
2023-04-28 11:51:43,301  INFO | main | eu.europa.esig.dss.spi.x509.revocation.ocsp.OCSPToken   | OCSP status is good 
2023-04-28 11:51:43,302  INFO | main | e.e.e.d.spi.x509.revocation.RepositoryRevocationSource  | Revocation token for certificate with Id 'C-96DB5CFA7ABACEB5C97C131CBBFB341DDD8E64FE68B587558AA8F082AB2670F2' has been loaded from the cache 
2023-04-28 11:51:43,302  WARN | main | eu.europa.esig.dss.service.ocsp.OnlineOCSPSource        | No OCSP location found for C-AA02B99F9C4B57291E3C1744E44647709293D0FE17BB4EED28C99E973C7E8473 
2023-04-28 11:51:43,302  INFO | main | e.e.e.d.spi.x509.revocation.RepositoryRevocationSource  | Revocation token for certificate with Id 'C-AA02B99F9C4B57291E3C1744E44647709293D0FE17BB4EED28C99E973C7E8473' has been loaded from the cache 
2023-04-28 11:51:43,303  INFO | main | eu.europa.esig.dss.validation.SignedDocumentValidator   | Default SignaturePolicyProvider instantiated with NativeHTTPDataLoader. 
2023-04-28 11:51:43,487  INFO | main | e.e.esig.dss.token.AbstractSignatureTokenConnection     | Signature algorithm : SHA256withRSA 
2023-04-28 11:51:43,490  INFO | main | eu.europa.esig.dss.xades.signature.XAdESLevelBaselineT  | ====> Extending: IN MEMORY DOCUMENT 
2023-04-28 11:51:43,492  INFO | main | e.europa.esig.dss.validation.CommonCertificateVerifier  | + New CommonCertificateVerifier created. 
2023-04-28 11:51:43,494  INFO | main | e.e.esig.dss.xades.validation.XAdESCertificateSource    | +XAdESCertificateSource 
2023-04-28 11:51:43,631  INFO | main | eu.europa.esig.dss.service.tsp.OnlineTSPSource          | TSP Status: Operation Okay 
2023-04-28 11:51:43,631  INFO | main | eu.europa.esig.dss.service.tsp.OnlineTSPSource          | TSP SID : SN 500, Issuer CN=root-ca,O=Nowina Solutions,OU=PKI-TEST,C=LU 
2023-04-28 11:51:43,633  INFO | main | e.e.esig.dss.xades.validation.XAdESCertificateSource    | +XAdESCertificateSource 
2023-04-28 11:51:43,636  INFO | main | eu.europa.esig.dss.validation.AIACertificateSource      | Retrieving C-96DB5CFA7ABACEB5C97C131CBBFB341DDD8E64FE68B587558AA8F082AB2670F2 certificate's issuer using AIA. 
2023-04-28 11:51:43,637  INFO | main | eu.europa.esig.dss.spi.x509.aia.RepositoryAIASource     | Certificate tokens with AIA '[http://dss.nowina.lu/pki-factory/crt/good-ca.crt]' have been loaded from the cache 
2023-04-28 11:51:43,638  WARN | main | eu.europa.esig.dss.service.ocsp.OnlineOCSPSource        | No OCSP location found for C-FCBFEBCB6B78113DFD4C6CCFCBC2B1482992DF4C48E9DE1B3B7F16F33332BFCB 
2023-04-28 11:51:43,638  INFO | main | e.e.e.d.spi.x509.revocation.RepositoryRevocationSource  | Revocation token for certificate with Id 'C-FCBFEBCB6B78113DFD4C6CCFCBC2B1482992DF4C48E9DE1B3B7F16F33332BFCB' has been loaded from the cache 
2023-04-28 11:51:43,639  INFO | main | eu.europa.esig.dss.spi.x509.revocation.ocsp.OCSPToken   | OCSP status is good 
2023-04-28 11:51:43,640  INFO | main | e.e.e.d.spi.x509.revocation.RepositoryRevocationSource  | Revocation token for certificate with Id 'C-96DB5CFA7ABACEB5C97C131CBBFB341DDD8E64FE68B587558AA8F082AB2670F2' has been loaded from the cache 
2023-04-28 11:51:43,640  WARN | main | eu.europa.esig.dss.service.ocsp.OnlineOCSPSource        | No OCSP location found for C-AA02B99F9C4B57291E3C1744E44647709293D0FE17BB4EED28C99E973C7E8473 
2023-04-28 11:51:43,641  INFO | main | e.e.e.d.spi.x509.revocation.RepositoryRevocationSource  | Revocation token for certificate with Id 'C-AA02B99F9C4B57291E3C1744E44647709293D0FE17BB4EED28C99E973C7E8473' has been loaded from the cache 
2023-04-28 11:51:43,641  WARN | main | eu.europa.esig.dss.alert.handler.LogHandler             | Revocation data is missing for one or more POE(s). NextUpdate time : 2023-10-28T09:43:38Z [C-AA02B99F9C4B57291E3C1744E44647709293D0FE17BB4EED28C99E973C7E8473: No revocation data found after the best signature time [2023-04-28T09:51:43Z]! The nextUpdate available after : [2023-10-28T09:43:38Z]] 
2023-04-28 11:51:43,641  WARN | main | eu.europa.esig.dss.alert.handler.LogHandler             | Fresh revocation data is missing for one or more certificate(s). NextUpdate time : 2023-10-28T09:43:38Z [C-FCBFEBCB6B78113DFD4C6CCFCBC2B1482992DF4C48E9DE1B3B7F16F33332BFCB: No revocation data found after the best signature time [2023-04-28T09:51:43Z]! The nextUpdate available after : [2023-10-28T09:43:38Z]; C-96DB5CFA7ABACEB5C97C131CBBFB341DDD8E64FE68B587558AA8F082AB2670F2: No revocation data found after the best signature time [2023-04-28T09:51:43Z]!] 
2023-04-28 11:51:43,784  INFO | main | eu.europa.esig.dss.service.tsp.OnlineTSPSource          | TSP Status: Operation Okay 
2023-04-28 11:51:43,784  INFO | main | eu.europa.esig.dss.service.tsp.OnlineTSPSource          | TSP SID : SN 500, Issuer CN=root-ca,O=Nowina Solutions,OU=PKI-TEST,C=LU 
2023-04-28 11:51:43,788  INFO | main | e.europa.esig.dss.validation.CommonCertificateVerifier  | + New CommonCertificateVerifier created. 
2023-04-28 11:51:43,803  INFO | main | eu.europa.esig.dss.validation.SignedDocumentValidator   | Document validation... 
2023-04-28 11:51:43,805  INFO | main | e.europa.esig.dss.validation.CommonCertificateVerifier  | + New CommonCertificateVerifier created. 
2023-04-28 11:51:43,808  INFO | main | e.e.esig.dss.xades.validation.XAdESCertificateSource    | +XAdESCertificateSource 
2023-04-28 11:51:43,816  INFO | main | e.europa.esig.dss.validation.CommonCertificateVerifier  | + New CommonCertificateVerifier created. 
2023-04-28 11:51:43,819  WARN | main | eu.europa.esig.dss.service.ocsp.OnlineOCSPSource        | No OCSP location found for C-FCBFEBCB6B78113DFD4C6CCFCBC2B1482992DF4C48E9DE1B3B7F16F33332BFCB 
2023-04-28 11:51:43,819  INFO | main | e.e.e.d.spi.x509.revocation.RepositoryRevocationSource  | Revocation token for certificate with Id 'C-FCBFEBCB6B78113DFD4C6CCFCBC2B1482992DF4C48E9DE1B3B7F16F33332BFCB' has been loaded from the cache 
2023-04-28 11:51:43,820  INFO | main | eu.europa.esig.dss.spi.x509.revocation.ocsp.OCSPToken   | OCSP status is good 
2023-04-28 11:51:43,821  INFO | main | eu.europa.esig.dss.spi.x509.revocation.ocsp.OCSPToken   | OCSP status is good 
2023-04-28 11:51:43,821  INFO | main | e.e.e.d.spi.x509.revocation.RepositoryRevocationSource  | Revocation token for certificate with Id 'C-96DB5CFA7ABACEB5C97C131CBBFB341DDD8E64FE68B587558AA8F082AB2670F2' has been loaded from the cache 
2023-04-28 11:51:43,822  WARN | main | eu.europa.esig.dss.service.ocsp.OnlineOCSPSource        | No OCSP location found for C-AA02B99F9C4B57291E3C1744E44647709293D0FE17BB4EED28C99E973C7E8473 
2023-04-28 11:51:43,822  INFO | main | e.e.e.d.spi.x509.revocation.RepositoryRevocationSource  | Revocation token for certificate with Id 'C-AA02B99F9C4B57291E3C1744E44647709293D0FE17BB4EED28C99E973C7E8473' has been loaded from the cache 
2023-04-28 11:51:43,823  INFO | main | eu.europa.esig.dss.validation.SignedDocumentValidator   | Default SignaturePolicyProvider instantiated with NativeHTTPDataLoader. 
2023-04-28 11:51:44,002  INFO | main | e.e.esig.dss.token.AbstractSignatureTokenConnection     | Signature algorithm : SHA256withRSA 
2023-04-28 11:51:44,005  INFO | main | eu.europa.esig.dss.xades.signature.XAdESLevelBaselineT  | ====> Extending: IN MEMORY DOCUMENT 
2023-04-28 11:51:44,008  INFO | main | e.europa.esig.dss.validation.CommonCertificateVerifier  | + New CommonCertificateVerifier created. 
2023-04-28 11:51:44,010  INFO | main | e.e.esig.dss.xades.validation.XAdESCertificateSource    | +XAdESCertificateSource 
2023-04-28 11:51:44,140  INFO | main | eu.europa.esig.dss.service.tsp.OnlineTSPSource          | TSP Status: Operation Okay 
2023-04-28 11:51:44,140  INFO | main | eu.europa.esig.dss.service.tsp.OnlineTSPSource          | TSP SID : SN 500, Issuer CN=root-ca,O=Nowina Solutions,OU=PKI-TEST,C=LU 
2023-04-28 11:51:44,142  INFO | main | e.e.esig.dss.xades.validation.XAdESCertificateSource    | +XAdESCertificateSource 
2023-04-28 11:51:44,145  INFO | main | eu.europa.esig.dss.validation.AIACertificateSource      | Retrieving C-96DB5CFA7ABACEB5C97C131CBBFB341DDD8E64FE68B587558AA8F082AB2670F2 certificate's issuer using AIA. 
2023-04-28 11:51:44,145  INFO | main | eu.europa.esig.dss.spi.x509.aia.RepositoryAIASource     | Certificate tokens with AIA '[http://dss.nowina.lu/pki-factory/crt/good-ca.crt]' have been loaded from the cache 
2023-04-28 11:51:44,146  WARN | main | eu.europa.esig.dss.service.ocsp.OnlineOCSPSource        | No OCSP location found for C-FCBFEBCB6B78113DFD4C6CCFCBC2B1482992DF4C48E9DE1B3B7F16F33332BFCB 
2023-04-28 11:51:44,146  INFO | main | e.e.e.d.spi.x509.revocation.RepositoryRevocationSource  | Revocation token for certificate with Id 'C-FCBFEBCB6B78113DFD4C6CCFCBC2B1482992DF4C48E9DE1B3B7F16F33332BFCB' has been loaded from the cache 
2023-04-28 11:51:44,147  INFO | main | eu.europa.esig.dss.spi.x509.revocation.ocsp.OCSPToken   | OCSP status is good 
2023-04-28 11:51:44,148  INFO | main | e.e.e.d.spi.x509.revocation.RepositoryRevocationSource  | Revocation token for certificate with Id 'C-96DB5CFA7ABACEB5C97C131CBBFB341DDD8E64FE68B587558AA8F082AB2670F2' has been loaded from the cache 
2023-04-28 11:51:44,148  WARN | main | eu.europa.esig.dss.service.ocsp.OnlineOCSPSource        | No OCSP location found for C-AA02B99F9C4B57291E3C1744E44647709293D0FE17BB4EED28C99E973C7E8473 
2023-04-28 11:51:44,149  INFO | main | e.e.e.d.spi.x509.revocation.RepositoryRevocationSource  | Revocation token for certificate with Id 'C-AA02B99F9C4B57291E3C1744E44647709293D0FE17BB4EED28C99E973C7E8473' has been loaded from the cache 
2023-04-28 11:51:44,150  WARN | main | eu.europa.esig.dss.alert.handler.LogHandler             | Revocation data is missing for one or more POE(s). NextUpdate time : 2023-10-28T09:43:38Z [C-AA02B99F9C4B57291E3C1744E44647709293D0FE17BB4EED28C99E973C7E8473: No revocation data found after the best signature time [2023-04-28T09:51:44Z]! The nextUpdate available after : [2023-10-28T09:43:38Z]] 
2023-04-28 11:51:44,150  WARN | main | eu.europa.esig.dss.alert.handler.LogHandler             | Fresh revocation data is missing for one or more certificate(s). NextUpdate time : 2023-10-28T09:43:38Z [C-FCBFEBCB6B78113DFD4C6CCFCBC2B1482992DF4C48E9DE1B3B7F16F33332BFCB: No revocation data found after the best signature time [2023-04-28T09:51:44Z]! The nextUpdate available after : [2023-10-28T09:43:38Z]; C-96DB5CFA7ABACEB5C97C131CBBFB341DDD8E64FE68B587558AA8F082AB2670F2: No revocation data found after the best signature time [2023-04-28T09:51:44Z]!] 
2023-04-28 11:51:44,292  INFO | main | eu.europa.esig.dss.service.tsp.OnlineTSPSource          | TSP Status: Operation Okay 
2023-04-28 11:51:44,292  INFO | main | eu.europa.esig.dss.service.tsp.OnlineTSPSource          | TSP SID : SN 500, Issuer CN=root-ca,O=Nowina Solutions,OU=PKI-TEST,C=LU 
2023-04-28 11:51:44,297  INFO | main | e.europa.esig.dss.validation.CommonCertificateVerifier  | + New CommonCertificateVerifier created. 
2023-04-28 11:51:44,308  INFO | main | eu.europa.esig.dss.validation.SignedDocumentValidator   | Document validation... 
2023-04-28 11:51:44,310  INFO | main | e.europa.esig.dss.validation.CommonCertificateVerifier  | + New CommonCertificateVerifier created. 
2023-04-28 11:51:44,313  INFO | main | e.e.esig.dss.xades.validation.XAdESCertificateSource    | +XAdESCertificateSource 
2023-04-28 11:51:44,323  INFO | main | e.europa.esig.dss.validation.CommonCertificateVerifier  | + New CommonCertificateVerifier created. 
2023-04-28 11:51:44,325  WARN | main | eu.europa.esig.dss.service.ocsp.OnlineOCSPSource        | No OCSP location found for C-FCBFEBCB6B78113DFD4C6CCFCBC2B1482992DF4C48E9DE1B3B7F16F33332BFCB 
2023-04-28 11:51:44,327  INFO | main | e.e.e.d.spi.x509.revocation.RepositoryRevocationSource  | Revocation token for certificate with Id 'C-FCBFEBCB6B78113DFD4C6CCFCBC2B1482992DF4C48E9DE1B3B7F16F33332BFCB' has been loaded from the cache 
2023-04-28 11:51:44,327  INFO | main | eu.europa.esig.dss.spi.x509.revocation.ocsp.OCSPToken   | OCSP status is good 
2023-04-28 11:51:44,329  INFO | main | eu.europa.esig.dss.spi.x509.revocation.ocsp.OCSPToken   | OCSP status is good 
2023-04-28 11:51:44,329  INFO | main | e.e.e.d.spi.x509.revocation.RepositoryRevocationSource  | Revocation token for certificate with Id 'C-96DB5CFA7ABACEB5C97C131CBBFB341DDD8E64FE68B587558AA8F082AB2670F2' has been loaded from the cache 
2023-04-28 11:51:44,329  WARN | main | eu.europa.esig.dss.service.ocsp.OnlineOCSPSource        | No OCSP location found for C-AA02B99F9C4B57291E3C1744E44647709293D0FE17BB4EED28C99E973C7E8473 
2023-04-28 11:51:44,330  INFO | main | e.e.e.d.spi.x509.revocation.RepositoryRevocationSource  | Revocation token for certificate with Id 'C-AA02B99F9C4B57291E3C1744E44647709293D0FE17BB4EED28C99E973C7E8473' has been loaded from the cache 
2023-04-28 11:51:44,330  INFO | main | eu.europa.esig.dss.validation.SignedDocumentValidator   | Default SignaturePolicyProvider instantiated with NativeHTTPDataLoader. 
2023-04-28 11:51:44,505  INFO | main | e.e.esig.dss.token.AbstractSignatureTokenConnection     | Signature algorithm : SHA256withRSA 
2023-04-28 11:51:44,509  INFO | main | eu.europa.esig.dss.xades.signature.XAdESLevelBaselineT  | ====> Extending: IN MEMORY DOCUMENT 
2023-04-28 11:51:44,513  INFO | main | e.europa.esig.dss.validation.CommonCertificateVerifier  | + New CommonCertificateVerifier created. 
2023-04-28 11:51:44,515  INFO | main | e.e.esig.dss.xades.validation.XAdESCertificateSource    | +XAdESCertificateSource 
2023-04-28 11:51:44,652  INFO | main | eu.europa.esig.dss.service.tsp.OnlineTSPSource          | TSP Status: Operation Okay 
2023-04-28 11:51:44,652  INFO | main | eu.europa.esig.dss.service.tsp.OnlineTSPSource          | TSP SID : SN 500, Issuer CN=root-ca,O=Nowina Solutions,OU=PKI-TEST,C=LU 
2023-04-28 11:51:44,654  INFO | main | e.e.esig.dss.xades.validation.XAdESCertificateSource    | +XAdESCertificateSource 
2023-04-28 11:51:44,659  INFO | main | eu.europa.esig.dss.validation.AIACertificateSource      | Retrieving C-96DB5CFA7ABACEB5C97C131CBBFB341DDD8E64FE68B587558AA8F082AB2670F2 certificate's issuer using AIA. 
2023-04-28 11:51:44,660  INFO | main | eu.europa.esig.dss.spi.x509.aia.RepositoryAIASource     | Certificate tokens with AIA '[http://dss.nowina.lu/pki-factory/crt/good-ca.crt]' have been loaded from the cache 
2023-04-28 11:51:44,661  WARN | main | eu.europa.esig.dss.service.ocsp.OnlineOCSPSource        | No OCSP location found for C-FCBFEBCB6B78113DFD4C6CCFCBC2B1482992DF4C48E9DE1B3B7F16F33332BFCB 
2023-04-28 11:51:44,662  INFO | main | e.e.e.d.spi.x509.revocation.RepositoryRevocationSource  | Revocation token for certificate with Id 'C-FCBFEBCB6B78113DFD4C6CCFCBC2B1482992DF4C48E9DE1B3B7F16F33332BFCB' has been loaded from the cache 
2023-04-28 11:51:44,663  INFO | main | eu.europa.esig.dss.spi.x509.revocation.ocsp.OCSPToken   | OCSP status is good 
2023-04-28 11:51:44,664  INFO | main | e.e.e.d.spi.x509.revocation.RepositoryRevocationSource  | Revocation token for certificate with Id 'C-96DB5CFA7ABACEB5C97C131CBBFB341DDD8E64FE68B587558AA8F082AB2670F2' has been loaded from the cache 
2023-04-28 11:51:44,664  WARN | main | eu.europa.esig.dss.service.ocsp.OnlineOCSPSource        | No OCSP location found for C-AA02B99F9C4B57291E3C1744E44647709293D0FE17BB4EED28C99E973C7E8473 
2023-04-28 11:51:44,665  INFO | main | e.e.e.d.spi.x509.revocation.RepositoryRevocationSource  | Revocation token for certificate with Id 'C-AA02B99F9C4B57291E3C1744E44647709293D0FE17BB4EED28C99E973C7E8473' has been loaded from the cache 
2023-04-28 11:51:44,666  WARN | main | eu.europa.esig.dss.alert.handler.LogHandler             | Revocation data is missing for one or more POE(s). NextUpdate time : 2023-10-28T09:43:38Z [C-AA02B99F9C4B57291E3C1744E44647709293D0FE17BB4EED28C99E973C7E8473: No revocation data found after the best signature time [2023-04-28T09:51:44Z]! The nextUpdate available after : [2023-10-28T09:43:38Z]] 
2023-04-28 11:51:44,667  WARN | main | eu.europa.esig.dss.alert.handler.LogHandler             | Fresh revocation data is missing for one or more certificate(s). NextUpdate time : 2023-10-28T09:43:38Z [C-FCBFEBCB6B78113DFD4C6CCFCBC2B1482992DF4C48E9DE1B3B7F16F33332BFCB: No revocation data found after the best signature time [2023-04-28T09:51:44Z]! The nextUpdate available after : [2023-10-28T09:43:38Z]; C-96DB5CFA7ABACEB5C97C131CBBFB341DDD8E64FE68B587558AA8F082AB2670F2: No revocation data found after the best signature time [2023-04-28T09:51:44Z]!] 
2023-04-28 11:51:44,800  INFO | main | eu.europa.esig.dss.service.tsp.OnlineTSPSource          | TSP Status: Operation Okay 
2023-04-28 11:51:44,800  INFO | main | eu.europa.esig.dss.service.tsp.OnlineTSPSource          | TSP SID : SN 500, Issuer CN=root-ca,O=Nowina Solutions,OU=PKI-TEST,C=LU 
2023-04-28 11:51:44,805  INFO | main | e.europa.esig.dss.validation.CommonCertificateVerifier  | + New CommonCertificateVerifier created. 
2023-04-28 11:51:44,822  INFO | main | eu.europa.esig.dss.validation.SignedDocumentValidator   | Document validation... 
2023-04-28 11:51:44,825  INFO | main | e.europa.esig.dss.validation.CommonCertificateVerifier  | + New CommonCertificateVerifier created. 
2023-04-28 11:51:44,827  INFO | main | e.e.esig.dss.xades.validation.XAdESCertificateSource    | +XAdESCertificateSource 
2023-04-28 11:51:44,837  INFO | main | e.europa.esig.dss.validation.CommonCertificateVerifier  | + New CommonCertificateVerifier created. 
2023-04-28 11:51:44,840  WARN | main | eu.europa.esig.dss.service.ocsp.OnlineOCSPSource        | No OCSP location found for C-FCBFEBCB6B78113DFD4C6CCFCBC2B1482992DF4C48E9DE1B3B7F16F33332BFCB 
2023-04-28 11:51:44,840  INFO | main | e.e.e.d.spi.x509.revocation.RepositoryRevocationSource  | Revocation token for certificate with Id 'C-FCBFEBCB6B78113DFD4C6CCFCBC2B1482992DF4C48E9DE1B3B7F16F33332BFCB' has been loaded from the cache 
2023-04-28 11:51:44,840  INFO | main | eu.europa.esig.dss.spi.x509.revocation.ocsp.OCSPToken   | OCSP status is good 
2023-04-28 11:51:44,842  INFO | main | eu.europa.esig.dss.spi.x509.revocation.ocsp.OCSPToken   | OCSP status is good 
2023-04-28 11:51:44,842  INFO | main | e.e.e.d.spi.x509.revocation.RepositoryRevocationSource  | Revocation token for certificate with Id 'C-96DB5CFA7ABACEB5C97C131CBBFB341DDD8E64FE68B587558AA8F082AB2670F2' has been loaded from the cache 
2023-04-28 11:51:44,842  WARN | main | eu.europa.esig.dss.service.ocsp.OnlineOCSPSource        | No OCSP location found for C-AA02B99F9C4B57291E3C1744E44647709293D0FE17BB4EED28C99E973C7E8473 
2023-04-28 11:51:44,843  INFO | main | e.e.e.d.spi.x509.revocation.RepositoryRevocationSource  | Revocation token for certificate with Id 'C-AA02B99F9C4B57291E3C1744E44647709293D0FE17BB4EED28C99E973C7E8473' has been loaded from the cache 
2023-04-28 11:51:44,843  INFO | main | eu.europa.esig.dss.validation.SignedDocumentValidator   | Default SignaturePolicyProvider instantiated with NativeHTTPDataLoader. 
2023-04-28 11:51:45,036  INFO | main | e.e.esig.dss.token.AbstractSignatureTokenConnection     | Signature algorithm : SHA256withRSA 
2023-04-28 11:51:45,040  INFO | main | eu.europa.esig.dss.xades.signature.XAdESLevelBaselineT  | ====> Extending: IN MEMORY DOCUMENT 
2023-04-28 11:51:45,044  INFO | main | e.europa.esig.dss.validation.CommonCertificateVerifier  | + New CommonCertificateVerifier created. 
2023-04-28 11:51:45,045  INFO | main | e.e.esig.dss.xades.validation.XAdESCertificateSource    | +XAdESCertificateSource 
2023-04-28 11:51:45,185  INFO | main | eu.europa.esig.dss.service.tsp.OnlineTSPSource          | TSP Status: Operation Okay 
2023-04-28 11:51:45,185  INFO | main | eu.europa.esig.dss.service.tsp.OnlineTSPSource          | TSP SID : SN 500, Issuer CN=root-ca,O=Nowina Solutions,OU=PKI-TEST,C=LU 
2023-04-28 11:51:45,187  INFO | main | e.e.esig.dss.xades.validation.XAdESCertificateSource    | +XAdESCertificateSource 
2023-04-28 11:51:45,190  INFO | main | eu.europa.esig.dss.validation.AIACertificateSource      | Retrieving C-96DB5CFA7ABACEB5C97C131CBBFB341DDD8E64FE68B587558AA8F082AB2670F2 certificate's issuer using AIA. 
2023-04-28 11:51:45,191  INFO | main | eu.europa.esig.dss.spi.x509.aia.RepositoryAIASource     | Certificate tokens with AIA '[http://dss.nowina.lu/pki-factory/crt/good-ca.crt]' have been loaded from the cache 
2023-04-28 11:51:45,191  WARN | main | eu.europa.esig.dss.service.ocsp.OnlineOCSPSource        | No OCSP location found for C-FCBFEBCB6B78113DFD4C6CCFCBC2B1482992DF4C48E9DE1B3B7F16F33332BFCB 
2023-04-28 11:51:45,192  INFO | main | e.e.e.d.spi.x509.revocation.RepositoryRevocationSource  | Revocation token for certificate with Id 'C-FCBFEBCB6B78113DFD4C6CCFCBC2B1482992DF4C48E9DE1B3B7F16F33332BFCB' has been loaded from the cache 
2023-04-28 11:51:45,193  INFO | main | eu.europa.esig.dss.spi.x509.revocation.ocsp.OCSPToken   | OCSP status is good 
2023-04-28 11:51:45,193  INFO | main | e.e.e.d.spi.x509.revocation.RepositoryRevocationSource  | Revocation token for certificate with Id 'C-96DB5CFA7ABACEB5C97C131CBBFB341DDD8E64FE68B587558AA8F082AB2670F2' has been loaded from the cache 
2023-04-28 11:51:45,194  WARN | main | eu.europa.esig.dss.service.ocsp.OnlineOCSPSource        | No OCSP location found for C-AA02B99F9C4B57291E3C1744E44647709293D0FE17BB4EED28C99E973C7E8473 
2023-04-28 11:51:45,194  INFO | main | e.e.e.d.spi.x509.revocation.RepositoryRevocationSource  | Revocation token for certificate with Id 'C-AA02B99F9C4B57291E3C1744E44647709293D0FE17BB4EED28C99E973C7E8473' has been loaded from the cache 
2023-04-28 11:51:45,195  WARN | main | eu.europa.esig.dss.alert.handler.LogHandler             | Revocation data is missing for one or more POE(s). NextUpdate time : 2023-10-28T09:43:38Z [C-AA02B99F9C4B57291E3C1744E44647709293D0FE17BB4EED28C99E973C7E8473: No revocation data found after the best signature time [2023-04-28T09:51:45Z]! The nextUpdate available after : [2023-10-28T09:43:38Z]] 
2023-04-28 11:51:45,195  WARN | main | eu.europa.esig.dss.alert.handler.LogHandler             | Fresh revocation data is missing for one or more certificate(s). NextUpdate time : 2023-10-28T09:43:38Z [C-FCBFEBCB6B78113DFD4C6CCFCBC2B1482992DF4C48E9DE1B3B7F16F33332BFCB: No revocation data found after the best signature time [2023-04-28T09:51:45Z]! The nextUpdate available after : [2023-10-28T09:43:38Z]; C-96DB5CFA7ABACEB5C97C131CBBFB341DDD8E64FE68B587558AA8F082AB2670F2: No revocation data found after the best signature time [2023-04-28T09:51:45Z]!] 
2023-04-28 11:51:45,326  INFO | main | eu.europa.esig.dss.service.tsp.OnlineTSPSource          | TSP Status: Operation Okay 
2023-04-28 11:51:45,326  INFO | main | eu.europa.esig.dss.service.tsp.OnlineTSPSource          | TSP SID : SN 500, Issuer CN=root-ca,O=Nowina Solutions,OU=PKI-TEST,C=LU 
2023-04-28 11:51:45,332  INFO | main | e.europa.esig.dss.validation.CommonCertificateVerifier  | + New CommonCertificateVerifier created. 
2023-04-28 11:51:45,343  INFO | main | eu.europa.esig.dss.validation.SignedDocumentValidator   | Document validation... 
2023-04-28 11:51:45,345  INFO | main | e.europa.esig.dss.validation.CommonCertificateVerifier  | + New CommonCertificateVerifier created. 
2023-04-28 11:51:45,348  INFO | main | e.e.esig.dss.xades.validation.XAdESCertificateSource    | +XAdESCertificateSource 
2023-04-28 11:51:45,355  INFO | main | e.europa.esig.dss.validation.CommonCertificateVerifier  | + New CommonCertificateVerifier created. 
2023-04-28 11:51:45,358  WARN | main | eu.europa.esig.dss.service.ocsp.OnlineOCSPSource        | No OCSP location found for C-FCBFEBCB6B78113DFD4C6CCFCBC2B1482992DF4C48E9DE1B3B7F16F33332BFCB 
2023-04-28 11:51:45,358  INFO | main | e.e.e.d.spi.x509.revocation.RepositoryRevocationSource  | Revocation token for certificate with Id 'C-FCBFEBCB6B78113DFD4C6CCFCBC2B1482992DF4C48E9DE1B3B7F16F33332BFCB' has been loaded from the cache 
2023-04-28 11:51:45,359  INFO | main | eu.europa.esig.dss.spi.x509.revocation.ocsp.OCSPToken   | OCSP status is good 
2023-04-28 11:51:45,360  INFO | main | eu.europa.esig.dss.spi.x509.revocation.ocsp.OCSPToken   | OCSP status is good 
2023-04-28 11:51:45,360  INFO | main | e.e.e.d.spi.x509.revocation.RepositoryRevocationSource  | Revocation token for certificate with Id 'C-96DB5CFA7ABACEB5C97C131CBBFB341DDD8E64FE68B587558AA8F082AB2670F2' has been loaded from the cache 
2023-04-28 11:51:45,361  WARN | main | eu.europa.esig.dss.service.ocsp.OnlineOCSPSource        | No OCSP location found for C-AA02B99F9C4B57291E3C1744E44647709293D0FE17BB4EED28C99E973C7E8473 
2023-04-28 11:51:45,361  INFO | main | e.e.e.d.spi.x509.revocation.RepositoryRevocationSource  | Revocation token for certificate with Id 'C-AA02B99F9C4B57291E3C1744E44647709293D0FE17BB4EED28C99E973C7E8473' has been loaded from the cache 
2023-04-28 11:51:45,361  INFO | main | eu.europa.esig.dss.validation.SignedDocumentValidator   | Default SignaturePolicyProvider instantiated with NativeHTTPDataLoader. 
2023-04-28 11:51:45,535  INFO | main | e.e.esig.dss.token.AbstractSignatureTokenConnection     | Signature algorithm : SHA256withRSA 
2023-04-28 11:51:45,537  INFO | main | eu.europa.esig.dss.xades.signature.XAdESLevelBaselineT  | ====> Extending: IN MEMORY DOCUMENT 
2023-04-28 11:51:45,541  INFO | main | e.europa.esig.dss.validation.CommonCertificateVerifier  | + New CommonCertificateVerifier created. 
2023-04-28 11:51:45,542  INFO | main | e.e.esig.dss.xades.validation.XAdESCertificateSource    | +XAdESCertificateSource 
2023-04-28 11:51:45,675  INFO | main | eu.europa.esig.dss.service.tsp.OnlineTSPSource          | TSP Status: Operation Okay 
2023-04-28 11:51:45,675  INFO | main | eu.europa.esig.dss.service.tsp.OnlineTSPSource          | TSP SID : SN 500, Issuer CN=root-ca,O=Nowina Solutions,OU=PKI-TEST,C=LU 
2023-04-28 11:51:45,676  INFO | main | e.e.esig.dss.xades.validation.XAdESCertificateSource    | +XAdESCertificateSource 
2023-04-28 11:51:45,680  INFO | main | eu.europa.esig.dss.validation.AIACertificateSource      | Retrieving C-96DB5CFA7ABACEB5C97C131CBBFB341DDD8E64FE68B587558AA8F082AB2670F2 certificate's issuer using AIA. 
2023-04-28 11:51:45,680  INFO | main | eu.europa.esig.dss.spi.x509.aia.RepositoryAIASource     | Certificate tokens with AIA '[http://dss.nowina.lu/pki-factory/crt/good-ca.crt]' have been loaded from the cache 
2023-04-28 11:51:45,681  WARN | main | eu.europa.esig.dss.service.ocsp.OnlineOCSPSource        | No OCSP location found for C-FCBFEBCB6B78113DFD4C6CCFCBC2B1482992DF4C48E9DE1B3B7F16F33332BFCB 
2023-04-28 11:51:45,682  INFO | main | e.e.e.d.spi.x509.revocation.RepositoryRevocationSource  | Revocation token for certificate with Id 'C-FCBFEBCB6B78113DFD4C6CCFCBC2B1482992DF4C48E9DE1B3B7F16F33332BFCB' has been loaded from the cache 
2023-04-28 11:51:45,683  INFO | main | eu.europa.esig.dss.spi.x509.revocation.ocsp.OCSPToken   | OCSP status is good 
2023-04-28 11:51:45,684  INFO | main | e.e.e.d.spi.x509.revocation.RepositoryRevocationSource  | Revocation token for certificate with Id 'C-96DB5CFA7ABACEB5C97C131CBBFB341DDD8E64FE68B587558AA8F082AB2670F2' has been loaded from the cache 
2023-04-28 11:51:45,684  WARN | main | eu.europa.esig.dss.service.ocsp.OnlineOCSPSource        | No OCSP location found for C-AA02B99F9C4B57291E3C1744E44647709293D0FE17BB4EED28C99E973C7E8473 
2023-04-28 11:51:45,685  INFO | main | e.e.e.d.spi.x509.revocation.RepositoryRevocationSource  | Revocation token for certificate with Id 'C-AA02B99F9C4B57291E3C1744E44647709293D0FE17BB4EED28C99E973C7E8473' has been loaded from the cache 
2023-04-28 11:51:45,686  WARN | main | eu.europa.esig.dss.alert.handler.LogHandler             | Revocation data is missing for one or more POE(s). NextUpdate time : 2023-10-28T09:43:38Z [C-AA02B99F9C4B57291E3C1744E44647709293D0FE17BB4EED28C99E973C7E8473: No revocation data found after the best signature time [2023-04-28T09:51:45Z]! The nextUpdate available after : [2023-10-28T09:43:38Z]] 
2023-04-28 11:51:45,686  WARN | main | eu.europa.esig.dss.alert.handler.LogHandler             | Fresh revocation data is missing for one or more certificate(s). NextUpdate time : 2023-10-28T09:43:38Z [C-FCBFEBCB6B78113DFD4C6CCFCBC2B1482992DF4C48E9DE1B3B7F16F33332BFCB: No revocation data found after the best signature time [2023-04-28T09:51:45Z]! The nextUpdate available after : [2023-10-28T09:43:38Z]; C-96DB5CFA7ABACEB5C97C131CBBFB341DDD8E64FE68B587558AA8F082AB2670F2: No revocation data found after the best signature time [2023-04-28T09:51:45Z]!] 
2023-04-28 11:51:45,824  INFO | main | eu.europa.esig.dss.service.tsp.OnlineTSPSource          | TSP Status: Operation Okay 
2023-04-28 11:51:45,824  INFO | main | eu.europa.esig.dss.service.tsp.OnlineTSPSource          | TSP SID : SN 500, Issuer CN=root-ca,O=Nowina Solutions,OU=PKI-TEST,C=LU 
2023-04-28 11:51:45,829  INFO | main | e.europa.esig.dss.validation.CommonCertificateVerifier  | + New CommonCertificateVerifier created. 
2023-04-28 11:51:45,841  INFO | main | eu.europa.esig.dss.validation.SignedDocumentValidator   | Document validation... 
2023-04-28 11:51:45,843  INFO | main | e.europa.esig.dss.validation.CommonCertificateVerifier  | + New CommonCertificateVerifier created. 
2023-04-28 11:51:45,846  INFO | main | e.e.esig.dss.xades.validation.XAdESCertificateSource    | +XAdESCertificateSource 
2023-04-28 11:51:45,857  INFO | main | e.europa.esig.dss.validation.CommonCertificateVerifier  | + New CommonCertificateVerifier created. 
2023-04-28 11:51:45,861  WARN | main | eu.europa.esig.dss.service.ocsp.OnlineOCSPSource        | No OCSP location found for C-FCBFEBCB6B78113DFD4C6CCFCBC2B1482992DF4C48E9DE1B3B7F16F33332BFCB 
2023-04-28 11:51:45,862  INFO | main | e.e.e.d.spi.x509.revocation.RepositoryRevocationSource  | Revocation token for certificate with Id 'C-FCBFEBCB6B78113DFD4C6CCFCBC2B1482992DF4C48E9DE1B3B7F16F33332BFCB' has been loaded from the cache 
2023-04-28 11:51:45,862  INFO | main | eu.europa.esig.dss.spi.x509.revocation.ocsp.OCSPToken   | OCSP status is good 
2023-04-28 11:51:45,865  INFO | main | eu.europa.esig.dss.spi.x509.revocation.ocsp.OCSPToken   | OCSP status is good 
2023-04-28 11:51:45,866  INFO | main | e.e.e.d.spi.x509.revocation.RepositoryRevocationSource  | Revocation token for certificate with Id 'C-96DB5CFA7ABACEB5C97C131CBBFB341DDD8E64FE68B587558AA8F082AB2670F2' has been loaded from the cache 
2023-04-28 11:51:45,866  WARN | main | eu.europa.esig.dss.service.ocsp.OnlineOCSPSource        | No OCSP location found for C-AA02B99F9C4B57291E3C1744E44647709293D0FE17BB4EED28C99E973C7E8473 
2023-04-28 11:51:45,867  INFO | main | e.e.e.d.spi.x509.revocation.RepositoryRevocationSource  | Revocation token for certificate with Id 'C-AA02B99F9C4B57291E3C1744E44647709293D0FE17BB4EED28C99E973C7E8473' has been loaded from the cache 
2023-04-28 11:51:45,868  INFO | main | eu.europa.esig.dss.validation.SignedDocumentValidator   | Default SignaturePolicyProvider instantiated with NativeHTTPDataLoader. 
2023-04-28 11:51:46,092  INFO | main | e.e.esig.dss.token.AbstractSignatureTokenConnection     | Signature algorithm : SHA256withRSA 
2023-04-28 11:51:46,094  INFO | main | eu.europa.esig.dss.xades.signature.XAdESLevelBaselineT  | ====> Extending: IN MEMORY DOCUMENT 
2023-04-28 11:51:46,099  INFO | main | e.europa.esig.dss.validation.CommonCertificateVerifier  | + New CommonCertificateVerifier created. 
2023-04-28 11:51:46,102  INFO | main | e.e.esig.dss.xades.validation.XAdESCertificateSource    | +XAdESCertificateSource 
2023-04-28 11:51:46,237  INFO | main | eu.europa.esig.dss.service.tsp.OnlineTSPSource          | TSP Status: Operation Okay 
2023-04-28 11:51:46,237  INFO | main | eu.europa.esig.dss.service.tsp.OnlineTSPSource          | TSP SID : SN 500, Issuer CN=root-ca,O=Nowina Solutions,OU=PKI-TEST,C=LU 
2023-04-28 11:51:46,239  INFO | main | e.e.esig.dss.xades.validation.XAdESCertificateSource    | +XAdESCertificateSource 
2023-04-28 11:51:46,247  INFO | main | eu.europa.esig.dss.validation.AIACertificateSource      | Retrieving C-96DB5CFA7ABACEB5C97C131CBBFB341DDD8E64FE68B587558AA8F082AB2670F2 certificate's issuer using AIA. 
2023-04-28 11:51:46,247  INFO | main | eu.europa.esig.dss.spi.x509.aia.RepositoryAIASource     | Certificate tokens with AIA '[http://dss.nowina.lu/pki-factory/crt/good-ca.crt]' have been loaded from the cache 
2023-04-28 11:51:46,248  WARN | main | eu.europa.esig.dss.service.ocsp.OnlineOCSPSource        | No OCSP location found for C-FCBFEBCB6B78113DFD4C6CCFCBC2B1482992DF4C48E9DE1B3B7F16F33332BFCB 
2023-04-28 11:51:46,250  INFO | main | e.e.e.d.spi.x509.revocation.RepositoryRevocationSource  | Revocation token for certificate with Id 'C-FCBFEBCB6B78113DFD4C6CCFCBC2B1482992DF4C48E9DE1B3B7F16F33332BFCB' has been loaded from the cache 
2023-04-28 11:51:46,251  INFO | main | eu.europa.esig.dss.spi.x509.revocation.ocsp.OCSPToken   | OCSP status is good 
2023-04-28 11:51:46,252  INFO | main | e.e.e.d.spi.x509.revocation.RepositoryRevocationSource  | Revocation token for certificate with Id 'C-96DB5CFA7ABACEB5C97C131CBBFB341DDD8E64FE68B587558AA8F082AB2670F2' has been loaded from the cache 
2023-04-28 11:51:46,252  WARN | main | eu.europa.esig.dss.service.ocsp.OnlineOCSPSource        | No OCSP location found for C-AA02B99F9C4B57291E3C1744E44647709293D0FE17BB4EED28C99E973C7E8473 
2023-04-28 11:51:46,253  INFO | main | e.e.e.d.spi.x509.revocation.RepositoryRevocationSource  | Revocation token for certificate with Id 'C-AA02B99F9C4B57291E3C1744E44647709293D0FE17BB4EED28C99E973C7E8473' has been loaded from the cache 
2023-04-28 11:51:46,254  WARN | main | eu.europa.esig.dss.alert.handler.LogHandler             | Revocation data is missing for one or more POE(s). NextUpdate time : 2023-10-28T09:43:38Z [C-AA02B99F9C4B57291E3C1744E44647709293D0FE17BB4EED28C99E973C7E8473: No revocation data found after the best signature time [2023-04-28T09:51:46Z]! The nextUpdate available after : [2023-10-28T09:43:38Z]] 
2023-04-28 11:51:46,254  WARN | main | eu.europa.esig.dss.alert.handler.LogHandler             | Fresh revocation data is missing for one or more certificate(s). NextUpdate time : 2023-10-28T09:43:38Z [C-FCBFEBCB6B78113DFD4C6CCFCBC2B1482992DF4C48E9DE1B3B7F16F33332BFCB: No revocation data found after the best signature time [2023-04-28T09:51:46Z]! The nextUpdate available after : [2023-10-28T09:43:38Z]; C-96DB5CFA7ABACEB5C97C131CBBFB341DDD8E64FE68B587558AA8F082AB2670F2: No revocation data found after the best signature time [2023-04-28T09:51:46Z]!] 
2023-04-28 11:51:46,392  INFO | main | eu.europa.esig.dss.service.tsp.OnlineTSPSource          | TSP Status: Operation Okay 
2023-04-28 11:51:46,392  INFO | main | eu.europa.esig.dss.service.tsp.OnlineTSPSource          | TSP SID : SN 500, Issuer CN=root-ca,O=Nowina Solutions,OU=PKI-TEST,C=LU 
2023-04-28 11:51:46,396  INFO | main | e.europa.esig.dss.validation.CommonCertificateVerifier  | + New CommonCertificateVerifier created. 
2023-04-28 11:51:46,403  INFO | main | eu.europa.esig.dss.validation.SignedDocumentValidator   | Document validation... 
2023-04-28 11:51:46,406  INFO | main | e.europa.esig.dss.validation.CommonCertificateVerifier  | + New CommonCertificateVerifier created. 
2023-04-28 11:51:46,409  INFO | main | e.e.esig.dss.xades.validation.XAdESCertificateSource    | +XAdESCertificateSource 
2023-04-28 11:51:46,420  INFO | main | e.europa.esig.dss.validation.CommonCertificateVerifier  | + New CommonCertificateVerifier created. 
2023-04-28 11:51:46,422  WARN | main | eu.europa.esig.dss.service.ocsp.OnlineOCSPSource        | No OCSP location found for C-FCBFEBCB6B78113DFD4C6CCFCBC2B1482992DF4C48E9DE1B3B7F16F33332BFCB 
2023-04-28 11:51:46,423  INFO | main | e.e.e.d.spi.x509.revocation.RepositoryRevocationSource  | Revocation token for certificate with Id 'C-FCBFEBCB6B78113DFD4C6CCFCBC2B1482992DF4C48E9DE1B3B7F16F33332BFCB' has been loaded from the cache 
2023-04-28 11:51:46,423  INFO | main | eu.europa.esig.dss.spi.x509.revocation.ocsp.OCSPToken   | OCSP status is good 
2023-04-28 11:51:46,424  INFO | main | eu.europa.esig.dss.spi.x509.revocation.ocsp.OCSPToken   | OCSP status is good 
2023-04-28 11:51:46,425  INFO | main | e.e.e.d.spi.x509.revocation.RepositoryRevocationSource  | Revocation token for certificate with Id 'C-96DB5CFA7ABACEB5C97C131CBBFB341DDD8E64FE68B587558AA8F082AB2670F2' has been loaded from the cache 
2023-04-28 11:51:46,425  WARN | main | eu.europa.esig.dss.service.ocsp.OnlineOCSPSource        | No OCSP location found for C-AA02B99F9C4B57291E3C1744E44647709293D0FE17BB4EED28C99E973C7E8473 
2023-04-28 11:51:46,425  INFO | main | e.e.e.d.spi.x509.revocation.RepositoryRevocationSource  | Revocation token for certificate with Id 'C-AA02B99F9C4B57291E3C1744E44647709293D0FE17BB4EED28C99E973C7E8473' has been loaded from the cache 
2023-04-28 11:51:46,426  INFO | main | eu.europa.esig.dss.validation.SignedDocumentValidator   | Default SignaturePolicyProvider instantiated with NativeHTTPDataLoader. 
2023-04-28 11:51:46,605  INFO | main | e.e.esig.dss.token.AbstractSignatureTokenConnection     | Signature algorithm : SHA256withRSA 
2023-04-28 11:51:46,608  INFO | main | eu.europa.esig.dss.xades.signature.XAdESLevelBaselineT  | ====> Extending: IN MEMORY DOCUMENT 
2023-04-28 11:51:46,611  INFO | main | e.europa.esig.dss.validation.CommonCertificateVerifier  | + New CommonCertificateVerifier created. 
2023-04-28 11:51:46,612  INFO | main | e.e.esig.dss.xades.validation.XAdESCertificateSource    | +XAdESCertificateSource 
2023-04-28 11:51:46,750  INFO | main | eu.europa.esig.dss.service.tsp.OnlineTSPSource          | TSP Status: Operation Okay 
2023-04-28 11:51:46,751  INFO | main | eu.europa.esig.dss.service.tsp.OnlineTSPSource          | TSP SID : SN 500, Issuer CN=root-ca,O=Nowina Solutions,OU=PKI-TEST,C=LU 
2023-04-28 11:51:46,753  INFO | main | e.e.esig.dss.xades.validation.XAdESCertificateSource    | +XAdESCertificateSource 
2023-04-28 11:51:46,756  INFO | main | eu.europa.esig.dss.validation.AIACertificateSource      | Retrieving C-96DB5CFA7ABACEB5C97C131CBBFB341DDD8E64FE68B587558AA8F082AB2670F2 certificate's issuer using AIA. 
2023-04-28 11:51:46,761  INFO | main | eu.europa.esig.dss.spi.x509.aia.RepositoryAIASource     | Certificate tokens with AIA '[http://dss.nowina.lu/pki-factory/crt/good-ca.crt]' have been loaded from the cache 
2023-04-28 11:51:46,762  WARN | main | eu.europa.esig.dss.service.ocsp.OnlineOCSPSource        | No OCSP location found for C-FCBFEBCB6B78113DFD4C6CCFCBC2B1482992DF4C48E9DE1B3B7F16F33332BFCB 
2023-04-28 11:51:46,763  INFO | main | e.e.e.d.spi.x509.revocation.RepositoryRevocationSource  | Revocation token for certificate with Id 'C-FCBFEBCB6B78113DFD4C6CCFCBC2B1482992DF4C48E9DE1B3B7F16F33332BFCB' has been loaded from the cache 
2023-04-28 11:51:46,763  INFO | main | eu.europa.esig.dss.spi.x509.revocation.ocsp.OCSPToken   | OCSP status is good 
2023-04-28 11:51:46,764  INFO | main | e.e.e.d.spi.x509.revocation.RepositoryRevocationSource  | Revocation token for certificate with Id 'C-96DB5CFA7ABACEB5C97C131CBBFB341DDD8E64FE68B587558AA8F082AB2670F2' has been loaded from the cache 
2023-04-28 11:51:46,764  WARN | main | eu.europa.esig.dss.service.ocsp.OnlineOCSPSource        | No OCSP location found for C-AA02B99F9C4B57291E3C1744E44647709293D0FE17BB4EED28C99E973C7E8473 
2023-04-28 11:51:46,765  INFO | main | e.e.e.d.spi.x509.revocation.RepositoryRevocationSource  | Revocation token for certificate with Id 'C-AA02B99F9C4B57291E3C1744E44647709293D0FE17BB4EED28C99E973C7E8473' has been loaded from the cache 
2023-04-28 11:51:46,765  WARN | main | eu.europa.esig.dss.alert.handler.LogHandler             | Revocation data is missing for one or more POE(s). NextUpdate time : 2023-10-28T09:43:38Z [C-AA02B99F9C4B57291E3C1744E44647709293D0FE17BB4EED28C99E973C7E8473: No revocation data found after the best signature time [2023-04-28T09:51:46Z]! The nextUpdate available after : [2023-10-28T09:43:38Z]] 
2023-04-28 11:51:46,765  WARN | main | eu.europa.esig.dss.alert.handler.LogHandler             | Fresh revocation data is missing for one or more certificate(s). NextUpdate time : 2023-10-28T09:43:38Z [C-FCBFEBCB6B78113DFD4C6CCFCBC2B1482992DF4C48E9DE1B3B7F16F33332BFCB: No revocation data found after the best signature time [2023-04-28T09:51:46Z]! The nextUpdate available after : [2023-10-28T09:43:38Z]; C-96DB5CFA7ABACEB5C97C131CBBFB341DDD8E64FE68B587558AA8F082AB2670F2: No revocation data found after the best signature time [2023-04-28T09:51:46Z]!] 
2023-04-28 11:51:46,913  INFO | main | eu.europa.esig.dss.service.tsp.OnlineTSPSource          | TSP Status: Operation Okay 
2023-04-28 11:51:46,913  INFO | main | eu.europa.esig.dss.service.tsp.OnlineTSPSource          | TSP SID : SN 500, Issuer CN=root-ca,O=Nowina Solutions,OU=PKI-TEST,C=LU 
2023-04-28 11:51:46,918  INFO | main | e.europa.esig.dss.validation.CommonCertificateVerifier  | + New CommonCertificateVerifier created. 
2023-04-28 11:51:46,926  INFO | main | eu.europa.esig.dss.validation.SignedDocumentValidator   | Document validation... 
2023-04-28 11:51:46,928  INFO | main | e.europa.esig.dss.validation.CommonCertificateVerifier  | + New CommonCertificateVerifier created. 
2023-04-28 11:51:46,931  INFO | main | e.e.esig.dss.xades.validation.XAdESCertificateSource    | +XAdESCertificateSource 
2023-04-28 11:51:46,945  INFO | main | e.europa.esig.dss.validation.CommonCertificateVerifier  | + New CommonCertificateVerifier created. 
2023-04-28 11:51:46,948  WARN | main | eu.europa.esig.dss.service.ocsp.OnlineOCSPSource        | No OCSP location found for C-FCBFEBCB6B78113DFD4C6CCFCBC2B1482992DF4C48E9DE1B3B7F16F33332BFCB 
2023-04-28 11:51:46,949  INFO | main | e.e.e.d.spi.x509.revocation.RepositoryRevocationSource  | Revocation token for certificate with Id 'C-FCBFEBCB6B78113DFD4C6CCFCBC2B1482992DF4C48E9DE1B3B7F16F33332BFCB' has been loaded from the cache 
2023-04-28 11:51:46,949  INFO | main | eu.europa.esig.dss.spi.x509.revocation.ocsp.OCSPToken   | OCSP status is good 
2023-04-28 11:51:46,951  INFO | main | eu.europa.esig.dss.spi.x509.revocation.ocsp.OCSPToken   | OCSP status is good 
2023-04-28 11:51:46,952  INFO | main | e.e.e.d.spi.x509.revocation.RepositoryRevocationSource  | Revocation token for certificate with Id 'C-96DB5CFA7ABACEB5C97C131CBBFB341DDD8E64FE68B587558AA8F082AB2670F2' has been loaded from the cache 
2023-04-28 11:51:46,952  WARN | main | eu.europa.esig.dss.service.ocsp.OnlineOCSPSource        | No OCSP location found for C-AA02B99F9C4B57291E3C1744E44647709293D0FE17BB4EED28C99E973C7E8473 
2023-04-28 11:51:46,953  INFO | main | e.e.e.d.spi.x509.revocation.RepositoryRevocationSource  | Revocation token for certificate with Id 'C-AA02B99F9C4B57291E3C1744E44647709293D0FE17BB4EED28C99E973C7E8473' has been loaded from the cache 
2023-04-28 11:51:46,953  INFO | main | eu.europa.esig.dss.validation.SignedDocumentValidator   | Default SignaturePolicyProvider instantiated with NativeHTTPDataLoader. 
2023-04-28 11:51:47,120  INFO | main | e.e.esig.dss.token.AbstractSignatureTokenConnection     | Signature algorithm : SHA256withRSA 
2023-04-28 11:51:47,122  INFO | main | eu.europa.esig.dss.xades.signature.XAdESLevelBaselineT  | ====> Extending: IN MEMORY DOCUMENT 
2023-04-28 11:51:47,126  INFO | main | e.europa.esig.dss.validation.CommonCertificateVerifier  | + New CommonCertificateVerifier created. 
2023-04-28 11:51:47,127  INFO | main | e.e.esig.dss.xades.validation.XAdESCertificateSource    | +XAdESCertificateSource 
2023-04-28 11:51:47,275  INFO | main | eu.europa.esig.dss.service.tsp.OnlineTSPSource          | TSP Status: Operation Okay 
2023-04-28 11:51:47,275  INFO | main | eu.europa.esig.dss.service.tsp.OnlineTSPSource          | TSP SID : SN 500, Issuer CN=root-ca,O=Nowina Solutions,OU=PKI-TEST,C=LU 
2023-04-28 11:51:47,277  INFO | main | e.e.esig.dss.xades.validation.XAdESCertificateSource    | +XAdESCertificateSource 
2023-04-28 11:51:47,280  INFO | main | eu.europa.esig.dss.validation.AIACertificateSource      | Retrieving C-96DB5CFA7ABACEB5C97C131CBBFB341DDD8E64FE68B587558AA8F082AB2670F2 certificate's issuer using AIA. 
2023-04-28 11:51:47,280  INFO | main | eu.europa.esig.dss.spi.x509.aia.RepositoryAIASource     | Certificate tokens with AIA '[http://dss.nowina.lu/pki-factory/crt/good-ca.crt]' have been loaded from the cache 
2023-04-28 11:51:47,281  WARN | main | eu.europa.esig.dss.service.ocsp.OnlineOCSPSource        | No OCSP location found for C-FCBFEBCB6B78113DFD4C6CCFCBC2B1482992DF4C48E9DE1B3B7F16F33332BFCB 
2023-04-28 11:51:47,281  INFO | main | e.e.e.d.spi.x509.revocation.RepositoryRevocationSource  | Revocation token for certificate with Id 'C-FCBFEBCB6B78113DFD4C6CCFCBC2B1482992DF4C48E9DE1B3B7F16F33332BFCB' has been loaded from the cache 
2023-04-28 11:51:47,282  INFO | main | eu.europa.esig.dss.spi.x509.revocation.ocsp.OCSPToken   | OCSP status is good 
2023-04-28 11:51:47,282  INFO | main | e.e.e.d.spi.x509.revocation.RepositoryRevocationSource  | Revocation token for certificate with Id 'C-96DB5CFA7ABACEB5C97C131CBBFB341DDD8E64FE68B587558AA8F082AB2670F2' has been loaded from the cache 
2023-04-28 11:51:47,283  WARN | main | eu.europa.esig.dss.service.ocsp.OnlineOCSPSource        | No OCSP location found for C-AA02B99F9C4B57291E3C1744E44647709293D0FE17BB4EED28C99E973C7E8473 
2023-04-28 11:51:47,283  INFO | main | e.e.e.d.spi.x509.revocation.RepositoryRevocationSource  | Revocation token for certificate with Id 'C-AA02B99F9C4B57291E3C1744E44647709293D0FE17BB4EED28C99E973C7E8473' has been loaded from the cache 
2023-04-28 11:51:47,283  WARN | main | eu.europa.esig.dss.alert.handler.LogHandler             | Revocation data is missing for one or more POE(s). NextUpdate time : 2023-10-28T09:43:38Z [C-AA02B99F9C4B57291E3C1744E44647709293D0FE17BB4EED28C99E973C7E8473: No revocation data found after the best signature time [2023-04-28T09:51:47Z]! The nextUpdate available after : [2023-10-28T09:43:38Z]] 
2023-04-28 11:51:47,283  WARN | main | eu.europa.esig.dss.alert.handler.LogHandler             | Fresh revocation data is missing for one or more certificate(s). NextUpdate time : 2023-10-28T09:43:38Z [C-FCBFEBCB6B78113DFD4C6CCFCBC2B1482992DF4C48E9DE1B3B7F16F33332BFCB: No revocation data found after the best signature time [2023-04-28T09:51:47Z]! The nextUpdate available after : [2023-10-28T09:43:38Z]; C-96DB5CFA7ABACEB5C97C131CBBFB341DDD8E64FE68B587558AA8F082AB2670F2: No revocation data found after the best signature time [2023-04-28T09:51:47Z]!] 
2023-04-28 11:51:47,416  INFO | main | eu.europa.esig.dss.service.tsp.OnlineTSPSource          | TSP Status: Operation Okay 
2023-04-28 11:51:47,416  INFO | main | eu.europa.esig.dss.service.tsp.OnlineTSPSource          | TSP SID : SN 500, Issuer CN=root-ca,O=Nowina Solutions,OU=PKI-TEST,C=LU 
2023-04-28 11:51:47,421  INFO | main | e.europa.esig.dss.validation.CommonCertificateVerifier  | + New CommonCertificateVerifier created. 
2023-04-28 11:51:47,427  INFO | main | eu.europa.esig.dss.validation.SignedDocumentValidator   | Document validation... 
2023-04-28 11:51:47,429  INFO | main | e.europa.esig.dss.validation.CommonCertificateVerifier  | + New CommonCertificateVerifier created. 
2023-04-28 11:51:47,434  INFO | main | e.e.esig.dss.xades.validation.XAdESCertificateSource    | +XAdESCertificateSource 
2023-04-28 11:51:47,441  INFO | main | e.europa.esig.dss.validation.CommonCertificateVerifier  | + New CommonCertificateVerifier created. 
2023-04-28 11:51:47,443  WARN | main | eu.europa.esig.dss.service.ocsp.OnlineOCSPSource        | No OCSP location found for C-FCBFEBCB6B78113DFD4C6CCFCBC2B1482992DF4C48E9DE1B3B7F16F33332BFCB 
2023-04-28 11:51:47,444  INFO | main | e.e.e.d.spi.x509.revocation.RepositoryRevocationSource  | Revocation token for certificate with Id 'C-FCBFEBCB6B78113DFD4C6CCFCBC2B1482992DF4C48E9DE1B3B7F16F33332BFCB' has been loaded from the cache 
2023-04-28 11:51:47,444  INFO | main | eu.europa.esig.dss.spi.x509.revocation.ocsp.OCSPToken   | OCSP status is good 
2023-04-28 11:51:47,445  INFO | main | eu.europa.esig.dss.spi.x509.revocation.ocsp.OCSPToken   | OCSP status is good 
2023-04-28 11:51:47,446  INFO | main | e.e.e.d.spi.x509.revocation.RepositoryRevocationSource  | Revocation token for certificate with Id 'C-96DB5CFA7ABACEB5C97C131CBBFB341DDD8E64FE68B587558AA8F082AB2670F2' has been loaded from the cache 
2023-04-28 11:51:47,446  WARN | main | eu.europa.esig.dss.service.ocsp.OnlineOCSPSource        | No OCSP location found for C-AA02B99F9C4B57291E3C1744E44647709293D0FE17BB4EED28C99E973C7E8473 
2023-04-28 11:51:47,448  INFO | main | e.e.e.d.spi.x509.revocation.RepositoryRevocationSource  | Revocation token for certificate with Id 'C-AA02B99F9C4B57291E3C1744E44647709293D0FE17BB4EED28C99E973C7E8473' has been loaded from the cache 
2023-04-28 11:51:47,448  INFO | main | eu.europa.esig.dss.validation.SignedDocumentValidator   | Default SignaturePolicyProvider instantiated with NativeHTTPDataLoader. 
2023-04-28 11:51:47,624  INFO | main | e.e.esig.dss.token.AbstractSignatureTokenConnection     | Signature algorithm : SHA256withRSA 
2023-04-28 11:51:47,626  INFO | main | eu.europa.esig.dss.xades.signature.XAdESLevelBaselineT  | ====> Extending: IN MEMORY DOCUMENT 
2023-04-28 11:51:47,629  INFO | main | e.europa.esig.dss.validation.CommonCertificateVerifier  | + New CommonCertificateVerifier created. 
2023-04-28 11:51:47,632  INFO | main | e.e.esig.dss.xades.validation.XAdESCertificateSource    | +XAdESCertificateSource 
2023-04-28 11:51:47,766  INFO | main | eu.europa.esig.dss.service.tsp.OnlineTSPSource          | TSP Status: Operation Okay 
2023-04-28 11:51:47,766  INFO | main | eu.europa.esig.dss.service.tsp.OnlineTSPSource          | TSP SID : SN 500, Issuer CN=root-ca,O=Nowina Solutions,OU=PKI-TEST,C=LU 
2023-04-28 11:51:47,767  INFO | main | e.e.esig.dss.xades.validation.XAdESCertificateSource    | +XAdESCertificateSource 
2023-04-28 11:51:47,770  INFO | main | eu.europa.esig.dss.validation.AIACertificateSource      | Retrieving C-96DB5CFA7ABACEB5C97C131CBBFB341DDD8E64FE68B587558AA8F082AB2670F2 certificate's issuer using AIA. 
2023-04-28 11:51:47,771  INFO | main | eu.europa.esig.dss.spi.x509.aia.RepositoryAIASource     | Certificate tokens with AIA '[http://dss.nowina.lu/pki-factory/crt/good-ca.crt]' have been loaded from the cache 
2023-04-28 11:51:47,771  WARN | main | eu.europa.esig.dss.service.ocsp.OnlineOCSPSource        | No OCSP location found for C-FCBFEBCB6B78113DFD4C6CCFCBC2B1482992DF4C48E9DE1B3B7F16F33332BFCB 
2023-04-28 11:51:47,772  INFO | main | e.e.e.d.spi.x509.revocation.RepositoryRevocationSource  | Revocation token for certificate with Id 'C-FCBFEBCB6B78113DFD4C6CCFCBC2B1482992DF4C48E9DE1B3B7F16F33332BFCB' has been loaded from the cache 
2023-04-28 11:51:47,773  INFO | main | eu.europa.esig.dss.spi.x509.revocation.ocsp.OCSPToken   | OCSP status is good 
2023-04-28 11:51:47,773  INFO | main | e.e.e.d.spi.x509.revocation.RepositoryRevocationSource  | Revocation token for certificate with Id 'C-96DB5CFA7ABACEB5C97C131CBBFB341DDD8E64FE68B587558AA8F082AB2670F2' has been loaded from the cache 
2023-04-28 11:51:47,773  WARN | main | eu.europa.esig.dss.service.ocsp.OnlineOCSPSource        | No OCSP location found for C-AA02B99F9C4B57291E3C1744E44647709293D0FE17BB4EED28C99E973C7E8473 
2023-04-28 11:51:47,774  INFO | main | e.e.e.d.spi.x509.revocation.RepositoryRevocationSource  | Revocation token for certificate with Id 'C-AA02B99F9C4B57291E3C1744E44647709293D0FE17BB4EED28C99E973C7E8473' has been loaded from the cache 
2023-04-28 11:51:47,775  WARN | main | eu.europa.esig.dss.alert.handler.LogHandler             | Revocation data is missing for one or more POE(s). NextUpdate time : 2023-10-28T09:43:38Z [C-AA02B99F9C4B57291E3C1744E44647709293D0FE17BB4EED28C99E973C7E8473: No revocation data found after the best signature time [2023-04-28T09:51:47Z]! The nextUpdate available after : [2023-10-28T09:43:38Z]] 
2023-04-28 11:51:47,775  WARN | main | eu.europa.esig.dss.alert.handler.LogHandler             | Fresh revocation data is missing for one or more certificate(s). NextUpdate time : 2023-10-28T09:43:38Z [C-FCBFEBCB6B78113DFD4C6CCFCBC2B1482992DF4C48E9DE1B3B7F16F33332BFCB: No revocation data found after the best signature time [2023-04-28T09:51:47Z]! The nextUpdate available after : [2023-10-28T09:43:38Z]; C-96DB5CFA7ABACEB5C97C131CBBFB341DDD8E64FE68B587558AA8F082AB2670F2: No revocation data found after the best signature time [2023-04-28T09:51:47Z]!] 
2023-04-28 11:51:47,915  INFO | main | eu.europa.esig.dss.service.tsp.OnlineTSPSource          | TSP Status: Operation Okay 
2023-04-28 11:51:47,915  INFO | main | eu.europa.esig.dss.service.tsp.OnlineTSPSource          | TSP SID : SN 500, Issuer CN=root-ca,O=Nowina Solutions,OU=PKI-TEST,C=LU 
2023-04-28 11:51:47,921  INFO | main | e.europa.esig.dss.validation.CommonCertificateVerifier  | + New CommonCertificateVerifier created. 
2023-04-28 11:51:47,932  INFO | main | eu.europa.esig.dss.validation.SignedDocumentValidator   | Document validation... 
2023-04-28 11:51:47,935  INFO | main | e.europa.esig.dss.validation.CommonCertificateVerifier  | + New CommonCertificateVerifier created. 
2023-04-28 11:51:47,940  INFO | main | e.e.esig.dss.xades.validation.XAdESCertificateSource    | +XAdESCertificateSource 
2023-04-28 11:51:47,947  INFO | main | e.europa.esig.dss.validation.CommonCertificateVerifier  | + New CommonCertificateVerifier created. 
2023-04-28 11:51:47,950  WARN | main | eu.europa.esig.dss.service.ocsp.OnlineOCSPSource        | No OCSP location found for C-FCBFEBCB6B78113DFD4C6CCFCBC2B1482992DF4C48E9DE1B3B7F16F33332BFCB 
2023-04-28 11:51:47,951  INFO | main | e.e.e.d.spi.x509.revocation.RepositoryRevocationSource  | Revocation token for certificate with Id 'C-FCBFEBCB6B78113DFD4C6CCFCBC2B1482992DF4C48E9DE1B3B7F16F33332BFCB' has been loaded from the cache 
2023-04-28 11:51:47,952  INFO | main | eu.europa.esig.dss.spi.x509.revocation.ocsp.OCSPToken   | OCSP status is good 
2023-04-28 11:51:47,953  INFO | main | eu.europa.esig.dss.spi.x509.revocation.ocsp.OCSPToken   | OCSP status is good 
2023-04-28 11:51:47,953  INFO | main | e.e.e.d.spi.x509.revocation.RepositoryRevocationSource  | Revocation token for certificate with Id 'C-96DB5CFA7ABACEB5C97C131CBBFB341DDD8E64FE68B587558AA8F082AB2670F2' has been loaded from the cache 
2023-04-28 11:51:47,954  WARN | main | eu.europa.esig.dss.service.ocsp.OnlineOCSPSource        | No OCSP location found for C-AA02B99F9C4B57291E3C1744E44647709293D0FE17BB4EED28C99E973C7E8473 
2023-04-28 11:51:47,954  INFO | main | e.e.e.d.spi.x509.revocation.RepositoryRevocationSource  | Revocation token for certificate with Id 'C-AA02B99F9C4B57291E3C1744E44647709293D0FE17BB4EED28C99E973C7E8473' has been loaded from the cache 
2023-04-28 11:51:47,954  INFO | main | eu.europa.esig.dss.validation.SignedDocumentValidator   | Default SignaturePolicyProvider instantiated with NativeHTTPDataLoader. 
]]></system-out>
  </testcase>
  <testcase name="extensionTest" classname="eu.europa.esig.dss.xades.signature.XAdESServiceTest" time="0.634">
    <system-out><![CDATA[2023-04-28 11:51:47,970  INFO | main | e.europa.esig.dss.validation.CommonCertificateVerifier  | + New CommonCertificateVerifier created. 
2023-04-28 11:51:48,234  INFO | main | e.e.esig.dss.token.AbstractSignatureTokenConnection     | Signature algorithm : SHA256withRSA 
2023-04-28 11:51:48,240  INFO | main | e.europa.esig.dss.validation.CommonCertificateVerifier  | + New CommonCertificateVerifier created. 
2023-04-28 11:51:48,246  INFO | main | eu.europa.esig.dss.validation.SignedDocumentValidator   | Document validation... 
2023-04-28 11:51:48,249  INFO | main | e.europa.esig.dss.validation.CommonCertificateVerifier  | + New CommonCertificateVerifier created. 
2023-04-28 11:51:48,252  INFO | main | e.e.esig.dss.xades.validation.XAdESCertificateSource    | +XAdESCertificateSource 
2023-04-28 11:51:48,254  INFO | main | e.europa.esig.dss.validation.CommonCertificateVerifier  | + New CommonCertificateVerifier created. 
2023-04-28 11:51:48,255  INFO | main | eu.europa.esig.dss.validation.AIACertificateSource      | Retrieving C-96DB5CFA7ABACEB5C97C131CBBFB341DDD8E64FE68B587558AA8F082AB2670F2 certificate's issuer using AIA. 
2023-04-28 11:51:48,256  INFO | main | eu.europa.esig.dss.spi.x509.aia.RepositoryAIASource     | Certificate tokens with AIA '[http://dss.nowina.lu/pki-factory/crt/good-ca.crt]' have been loaded from the cache 
2023-04-28 11:51:48,256  WARN | main | eu.europa.esig.dss.service.ocsp.OnlineOCSPSource        | No OCSP location found for C-FCBFEBCB6B78113DFD4C6CCFCBC2B1482992DF4C48E9DE1B3B7F16F33332BFCB 
2023-04-28 11:51:48,257  INFO | main | e.e.e.d.spi.x509.revocation.RepositoryRevocationSource  | Revocation token for certificate with Id 'C-FCBFEBCB6B78113DFD4C6CCFCBC2B1482992DF4C48E9DE1B3B7F16F33332BFCB' has been loaded from the cache 
2023-04-28 11:51:48,258  INFO | main | eu.europa.esig.dss.spi.x509.revocation.ocsp.OCSPToken   | OCSP status is good 
2023-04-28 11:51:48,258  INFO | main | e.e.e.d.spi.x509.revocation.RepositoryRevocationSource  | Revocation token for certificate with Id 'C-96DB5CFA7ABACEB5C97C131CBBFB341DDD8E64FE68B587558AA8F082AB2670F2' has been loaded from the cache 
2023-04-28 11:51:48,258  INFO | main | eu.europa.esig.dss.validation.SignedDocumentValidator   | Default SignaturePolicyProvider instantiated with NativeHTTPDataLoader. 
2023-04-28 11:51:48,268  INFO | main | eu.europa.esig.dss.xades.signature.XAdESLevelBaselineT  | ====> Extending: sample-signed-xades-baseline-b.xml 
2023-04-28 11:51:48,273  INFO | main | e.europa.esig.dss.validation.CommonCertificateVerifier  | + New CommonCertificateVerifier created. 
2023-04-28 11:51:48,275  INFO | main | e.e.esig.dss.xades.validation.XAdESCertificateSource    | +XAdESCertificateSource 
2023-04-28 11:51:48,410  INFO | main | eu.europa.esig.dss.service.tsp.OnlineTSPSource          | TSP Status: Operation Okay 
2023-04-28 11:51:48,410  INFO | main | eu.europa.esig.dss.service.tsp.OnlineTSPSource          | TSP SID : SN 500, Issuer CN=root-ca,O=Nowina Solutions,OU=PKI-TEST,C=LU 
2023-04-28 11:51:48,412  INFO | main | e.e.esig.dss.xades.validation.XAdESCertificateSource    | +XAdESCertificateSource 
2023-04-28 11:51:48,416  INFO | main | eu.europa.esig.dss.validation.AIACertificateSource      | Retrieving C-96DB5CFA7ABACEB5C97C131CBBFB341DDD8E64FE68B587558AA8F082AB2670F2 certificate's issuer using AIA. 
2023-04-28 11:51:48,417  INFO | main | eu.europa.esig.dss.spi.x509.aia.RepositoryAIASource     | Certificate tokens with AIA '[http://dss.nowina.lu/pki-factory/crt/good-ca.crt]' have been loaded from the cache 
2023-04-28 11:51:48,418  WARN | main | eu.europa.esig.dss.service.ocsp.OnlineOCSPSource        | No OCSP location found for C-FCBFEBCB6B78113DFD4C6CCFCBC2B1482992DF4C48E9DE1B3B7F16F33332BFCB 
2023-04-28 11:51:48,418  INFO | main | e.e.e.d.spi.x509.revocation.RepositoryRevocationSource  | Revocation token for certificate with Id 'C-FCBFEBCB6B78113DFD4C6CCFCBC2B1482992DF4C48E9DE1B3B7F16F33332BFCB' has been loaded from the cache 
2023-04-28 11:51:48,419  INFO | main | eu.europa.esig.dss.spi.x509.revocation.ocsp.OCSPToken   | OCSP status is good 
2023-04-28 11:51:48,419  INFO | main | e.e.e.d.spi.x509.revocation.RepositoryRevocationSource  | Revocation token for certificate with Id 'C-96DB5CFA7ABACEB5C97C131CBBFB341DDD8E64FE68B587558AA8F082AB2670F2' has been loaded from the cache 
2023-04-28 11:51:48,419  WARN | main | eu.europa.esig.dss.service.ocsp.OnlineOCSPSource        | No OCSP location found for C-AA02B99F9C4B57291E3C1744E44647709293D0FE17BB4EED28C99E973C7E8473 
2023-04-28 11:51:48,420  INFO | main | e.e.e.d.spi.x509.revocation.RepositoryRevocationSource  | Revocation token for certificate with Id 'C-AA02B99F9C4B57291E3C1744E44647709293D0FE17BB4EED28C99E973C7E8473' has been loaded from the cache 
2023-04-28 11:51:48,420  WARN | main | eu.europa.esig.dss.alert.handler.LogHandler             | Revocation data is missing for one or more POE(s). NextUpdate time : 2023-10-28T09:43:38Z [C-AA02B99F9C4B57291E3C1744E44647709293D0FE17BB4EED28C99E973C7E8473: No revocation data found after the best signature time [2023-04-28T09:51:48Z]! The nextUpdate available after : [2023-10-28T09:43:38Z]] 
2023-04-28 11:51:48,420  WARN | main | eu.europa.esig.dss.alert.handler.LogHandler             | Fresh revocation data is missing for one or more certificate(s). NextUpdate time : 2023-10-28T09:43:38Z [C-FCBFEBCB6B78113DFD4C6CCFCBC2B1482992DF4C48E9DE1B3B7F16F33332BFCB: No revocation data found after the best signature time [2023-04-28T09:51:48Z]! The nextUpdate available after : [2023-10-28T09:43:38Z]; C-96DB5CFA7ABACEB5C97C131CBBFB341DDD8E64FE68B587558AA8F082AB2670F2: No revocation data found after the best signature time [2023-04-28T09:51:48Z]!] 
2023-04-28 11:51:48,554  INFO | main | eu.europa.esig.dss.service.tsp.OnlineTSPSource          | TSP Status: Operation Okay 
2023-04-28 11:51:48,554  INFO | main | eu.europa.esig.dss.service.tsp.OnlineTSPSource          | TSP SID : SN 500, Issuer CN=root-ca,O=Nowina Solutions,OU=PKI-TEST,C=LU 
2023-04-28 11:51:48,558  INFO | main | e.europa.esig.dss.validation.CommonCertificateVerifier  | + New CommonCertificateVerifier created. 
2023-04-28 11:51:48,572  INFO | main | eu.europa.esig.dss.validation.SignedDocumentValidator   | Document validation... 
2023-04-28 11:51:48,574  INFO | main | e.europa.esig.dss.validation.CommonCertificateVerifier  | + New CommonCertificateVerifier created. 
2023-04-28 11:51:48,577  INFO | main | e.e.esig.dss.xades.validation.XAdESCertificateSource    | +XAdESCertificateSource 
2023-04-28 11:51:48,584  INFO | main | e.europa.esig.dss.validation.CommonCertificateVerifier  | + New CommonCertificateVerifier created. 
2023-04-28 11:51:48,586  WARN | main | eu.europa.esig.dss.service.ocsp.OnlineOCSPSource        | No OCSP location found for C-FCBFEBCB6B78113DFD4C6CCFCBC2B1482992DF4C48E9DE1B3B7F16F33332BFCB 
2023-04-28 11:51:48,587  INFO | main | e.e.e.d.spi.x509.revocation.RepositoryRevocationSource  | Revocation token for certificate with Id 'C-FCBFEBCB6B78113DFD4C6CCFCBC2B1482992DF4C48E9DE1B3B7F16F33332BFCB' has been loaded from the cache 
2023-04-28 11:51:48,587  INFO | main | eu.europa.esig.dss.spi.x509.revocation.ocsp.OCSPToken   | OCSP status is good 
2023-04-28 11:51:48,588  INFO | main | eu.europa.esig.dss.spi.x509.revocation.ocsp.OCSPToken   | OCSP status is good 
2023-04-28 11:51:48,588  INFO | main | e.e.e.d.spi.x509.revocation.RepositoryRevocationSource  | Revocation token for certificate with Id 'C-96DB5CFA7ABACEB5C97C131CBBFB341DDD8E64FE68B587558AA8F082AB2670F2' has been loaded from the cache 
2023-04-28 11:51:48,589  WARN | main | eu.europa.esig.dss.service.ocsp.OnlineOCSPSource        | No OCSP location found for C-AA02B99F9C4B57291E3C1744E44647709293D0FE17BB4EED28C99E973C7E8473 
2023-04-28 11:51:48,590  INFO | main | e.e.e.d.spi.x509.revocation.RepositoryRevocationSource  | Revocation token for certificate with Id 'C-AA02B99F9C4B57291E3C1744E44647709293D0FE17BB4EED28C99E973C7E8473' has been loaded from the cache 
2023-04-28 11:51:48,590  INFO | main | eu.europa.esig.dss.validation.SignedDocumentValidator   | Default SignaturePolicyProvider instantiated with NativeHTTPDataLoader. 
]]></system-out>
  </testcase>
</testsuite>