<?xml version="1.0" encoding="UTF-8"?>
<testsuite xmlns:xsi="http://www.w3.org/2001/XMLSchema-instance" xsi:noNamespaceSchemaLocation="https://maven.apache.org/surefire/maven-surefire-plugin/xsd/surefire-test-report-3.0.xsd" version="3.0" name="eu.europa.esig.dss.xades.signature.XAdESNoDetachedFileProvidedTest" time="0.376" tests="4" errors="0" skipped="0" failures="0">
  <properties>
    <property name="java.specification.version" value="19"/>
    <property name="sun.cpu.isalist" value="amd64"/>
    <property name="sun.jnu.encoding" value="Cp1252"/>
    <property name="java.class.path" value="C:\Users\amadoria\Documents\Projects\HAPKIDO\WP4\dss-fork\dss-xades\target\test-classes;C:\Users\amadoria\Documents\Projects\HAPKIDO\WP4\dss-fork\dss-xades\target\classes;C:\Users\amadoria\Documents\Projects\HAPKIDO\WP4\dss-fork\dss-document\target\dss-document-5.12.RC1.jar;C:\Users\amadoria\Documents\Projects\HAPKIDO\WP4\dss-fork\dss-spi\target\dss-spi-5.12.RC1.jar;C:\Users\amadoria\Documents\Projects\HAPKIDO\WP4\dss-fork\dss-model\target\dss-model-5.12.RC1.jar;C:\Users\amadoria\Documents\Projects\HAPKIDO\WP4\dss-fork\dss-enumerations\target\dss-enumerations-5.12.RC1.jar;C:\Users\amadoria\Documents\Projects\HAPKIDO\WP4\dss-fork\dss-utils\target\dss-utils-5.12.RC1.jar;C:\Users\amadoria\Documents\Projects\HAPKIDO\WP4\dss-fork\dss-crl-parser\target\dss-crl-parser-5.12.RC1.jar;C:\Users\amadoria\Documents\Projects\HAPKIDO\WP4\dss-fork\dss-xades\libs\bcpkix-jdk18on-173b20.jar;C:\Users\amadoria\Documents\Projects\HAPKIDO\WP4\dss-fork\dss-xades\libs\bcprov-jdk18on-173b20.jar;C:\Users\amadoria\Documents\Projects\HAPKIDO\WP4\dss-fork\dss-xades\libs\bcutil-jdk18on-173b20.jar;C:\Users\amadoria\Documents\Projects\HAPKIDO\WP4\dss-fork\validation-policy\target\validation-policy-5.12.RC1.jar;C:\Users\amadoria\Documents\Projects\HAPKIDO\WP4\dss-fork\dss-policy-jaxb\target\dss-policy-jaxb-5.12.RC1.jar;C:\Users\amadoria\Documents\Projects\HAPKIDO\WP4\dss-fork\dss-jaxb-parsers\target\dss-jaxb-parsers-5.12.RC1.jar;C:\Users\amadoria\Documents\Projects\HAPKIDO\WP4\dss-fork\dss-jaxb-common\target\dss-jaxb-common-5.12.RC1.jar;C:\Users\amadoria\Documents\Projects\HAPKIDO\WP4\dss-fork\dss-alert\target\dss-alert-5.12.RC1.jar;C:\Users\amadoria\.m2\repository\org\glassfish\jaxb\jaxb-runtime\2.3.8\jaxb-runtime-2.3.8.jar;C:\Users\amadoria\.m2\repository\org\glassfish\jaxb\txw2\2.3.8\txw2-2.3.8.jar;C:\Users\amadoria\.m2\repository\com\sun\istack\istack-commons-runtime\3.0.12\istack-commons-runtime-3.0.12.jar;C:\Users\amadoria\.m2\repository\com\sun\activation\jakarta.activation\1.2.2\jakarta.activation-1.2.2.jar;C:\Users\amadoria\Documents\Projects\HAPKIDO\WP4\dss-fork\dss-diagnostic-jaxb\target\dss-diagnostic-jaxb-5.12.RC1.jar;C:\Users\amadoria\Documents\Projects\HAPKIDO\WP4\dss-fork\dss-simple-report-jaxb\target\dss-simple-report-jaxb-5.12.RC1.jar;C:\Users\amadoria\Documents\Projects\HAPKIDO\WP4\dss-fork\dss-simple-certificate-report-jaxb\target\dss-simple-certificate-report-jaxb-5.12.RC1.jar;C:\Users\amadoria\Documents\Projects\HAPKIDO\WP4\dss-fork\dss-detailed-report-jaxb\target\dss-detailed-report-jaxb-5.12.RC1.jar;C:\Users\amadoria\Documents\Projects\HAPKIDO\WP4\dss-fork\specs-validation-report\target\specs-validation-report-5.12.RC1.jar;C:\Users\amadoria\Documents\Projects\HAPKIDO\WP4\dss-fork\specs-xmldsig\target\specs-xmldsig-5.12.RC1.jar;C:\Users\amadoria\Documents\Projects\HAPKIDO\WP4\dss-fork\specs-xades\target\specs-xades-5.12.RC1.jar;C:\Users\amadoria\Documents\Projects\HAPKIDO\WP4\dss-fork\specs-trusted-list\target\specs-trusted-list-5.12.RC1.jar;C:\Users\amadoria\Documents\Projects\HAPKIDO\WP4\dss-fork\dss-i18n\target\dss-i18n-5.12.RC1.jar;C:\Users\amadoria\.m2\repository\org\apache\santuario\xmlsec\2.3.2\xmlsec-2.3.2.jar;C:\Users\amadoria\.m2\repository\org\slf4j\slf4j-api\2.0.6\slf4j-api-2.0.6.jar;C:\Users\amadoria\.m2\repository\commons-codec\commons-codec\1.15\commons-codec-1.15.jar;C:\Users\amadoria\.m2\repository\com\fasterxml\woodstox\woodstox-core\6.5.0\woodstox-core-6.5.0.jar;C:\Users\amadoria\.m2\repository\org\codehaus\woodstox\stax2-api\4.2.1\stax2-api-4.2.1.jar;C:\Users\amadoria\.m2\repository\jakarta\xml\bind\jakarta.xml.bind-api\2.3.3\jakarta.xml.bind-api-2.3.3.jar;C:\Users\amadoria\.m2\repository\jakarta\activation\jakarta.activation-api\1.2.2\jakarta.activation-api-1.2.2.jar;C:\Users\amadoria\Documents\Projects\HAPKIDO\WP4\dss-fork\dss-test\target\dss-test-5.12.RC1-tests.jar;C:\Users\amadoria\Documents\Projects\HAPKIDO\WP4\dss-fork\dss-token\target\dss-token-5.12.RC1.jar;C:\Users\amadoria\Documents\Projects\HAPKIDO\WP4\dss-fork\dss-service\target\dss-service-5.12.RC1.jar;C:\Users\amadoria\.m2\repository\org\apache\httpcomponents\client5\httpclient5\5.2.1\httpclient5-5.2.1.jar;C:\Users\amadoria\.m2\repository\org\apache\httpcomponents\core5\httpcore5\5.2\httpcore5-5.2.jar;C:\Users\amadoria\.m2\repository\org\apache\httpcomponents\core5\httpcore5-h2\5.2\httpcore5-h2-5.2.jar;C:\Users\amadoria\.m2\repository\org\slf4j\jcl-over-slf4j\2.0.6\jcl-over-slf4j-2.0.6.jar;C:\Users\amadoria\.m2\repository\ch\qos\logback\logback-classic\1.3.5\logback-classic-1.3.5.jar;C:\Users\amadoria\.m2\repository\ch\qos\logback\logback-core\1.3.5\logback-core-1.3.5.jar;C:\Users\amadoria\.m2\repository\com\h2database\h2\2.1.214\h2-2.1.214.jar;C:\Users\amadoria\.m2\repository\org\junit\platform\junit-platform-launcher\1.9.2\junit-platform-launcher-1.9.2.jar;C:\Users\amadoria\.m2\repository\org\junit\platform\junit-platform-engine\1.9.2\junit-platform-engine-1.9.2.jar;C:\Users\amadoria\.m2\repository\org\opentest4j\opentest4j\1.2.0\opentest4j-1.2.0.jar;C:\Users\amadoria\.m2\repository\org\junit\platform\junit-platform-commons\1.9.2\junit-platform-commons-1.9.2.jar;C:\Users\amadoria\.m2\repository\org\apiguardian\apiguardian-api\1.1.2\apiguardian-api-1.1.2.jar;C:\Users\amadoria\.m2\repository\org\junit\jupiter\junit-jupiter-engine\5.9.2\junit-jupiter-engine-5.9.2.jar;C:\Users\amadoria\.m2\repository\org\junit\jupiter\junit-jupiter-api\5.9.2\junit-jupiter-api-5.9.2.jar;C:\Users\amadoria\.m2\repository\org\junit\jupiter\junit-jupiter-params\5.9.2\junit-jupiter-params-5.9.2.jar;C:\Users\amadoria\.m2\repository\org\awaitility\awaitility\4.2.0\awaitility-4.2.0.jar;C:\Users\amadoria\.m2\repository\org\hamcrest\hamcrest\2.1\hamcrest-2.1.jar;C:\Users\amadoria\.m2\repository\org\mockito\mockito-core\4.11.0\mockito-core-4.11.0.jar;C:\Users\amadoria\.m2\repository\net\bytebuddy\byte-buddy\1.12.19\byte-buddy-1.12.19.jar;C:\Users\amadoria\.m2\repository\net\bytebuddy\byte-buddy-agent\1.12.19\byte-buddy-agent-1.12.19.jar;C:\Users\amadoria\.m2\repository\org\objenesis\objenesis\3.3\objenesis-3.3.jar;C:\Users\amadoria\.m2\repository\com\fasterxml\jackson\module\jackson-module-jaxb-annotations\2.14.2\jackson-module-jaxb-annotations-2.14.2.jar;C:\Users\amadoria\.m2\repository\com\fasterxml\jackson\core\jackson-annotations\2.14.2\jackson-annotations-2.14.2.jar;C:\Users\amadoria\.m2\repository\com\fasterxml\jackson\core\jackson-core\2.14.2\jackson-core-2.14.2.jar;C:\Users\amadoria\.m2\repository\com\fasterxml\jackson\core\jackson-databind\2.14.2\jackson-databind-2.14.2.jar;C:\Users\amadoria\Documents\Projects\HAPKIDO\WP4\dss-fork\dss-utils-apache-commons\target\dss-utils-apache-commons-5.12.RC1.jar;C:\Users\amadoria\.m2\repository\org\apache\commons\commons-lang3\3.12.0\commons-lang3-3.12.0.jar;C:\Users\amadoria\.m2\repository\org\apache\commons\commons-collections4\4.4\commons-collections4-4.4.jar;C:\Users\amadoria\.m2\repository\commons-io\commons-io\2.11.0\commons-io-2.11.0.jar;C:\Users\amadoria\Documents\Projects\HAPKIDO\WP4\dss-fork\dss-crl-parser-stream\target\dss-crl-parser-stream-5.12.RC1.jar;C:\Users\amadoria\.m2\repository\org\apache\xmlgraphics\fop-core\2.8\fop-core-2.8.jar;C:\Users\amadoria\.m2\repository\org\apache\xmlgraphics\batik-anim\1.16\batik-anim-1.16.jar;C:\Users\amadoria\.m2\repository\org\apache\xmlgraphics\batik-css\1.16\batik-css-1.16.jar;C:\Users\amadoria\.m2\repository\org\apache\xmlgraphics\batik-dom\1.16\batik-dom-1.16.jar;C:\Users\amadoria\.m2\repository\xml-apis\xml-apis\1.4.01\xml-apis-1.4.01.jar;C:\Users\amadoria\.m2\repository\org\apache\xmlgraphics\batik-ext\1.16\batik-ext-1.16.jar;C:\Users\amadoria\.m2\repository\org\apache\xmlgraphics\batik-parser\1.16\batik-parser-1.16.jar;C:\Users\amadoria\.m2\repository\org\apache\xmlgraphics\batik-shared-resources\1.16\batik-shared-resources-1.16.jar;C:\Users\amadoria\.m2\repository\org\apache\xmlgraphics\batik-svg-dom\1.16\batik-svg-dom-1.16.jar;C:\Users\amadoria\.m2\repository\org\apache\xmlgraphics\batik-util\1.16\batik-util-1.16.jar;C:\Users\amadoria\.m2\repository\org\apache\xmlgraphics\batik-constants\1.16\batik-constants-1.16.jar;C:\Users\amadoria\.m2\repository\org\apache\xmlgraphics\batik-i18n\1.16\batik-i18n-1.16.jar;C:\Users\amadoria\.m2\repository\xml-apis\xml-apis-ext\1.3.04\xml-apis-ext-1.3.04.jar;C:\Users\amadoria\.m2\repository\org\apache\xmlgraphics\batik-awt-util\1.16\batik-awt-util-1.16.jar;C:\Users\amadoria\.m2\repository\org\apache\xmlgraphics\batik-bridge\1.16\batik-bridge-1.16.jar;C:\Users\amadoria\.m2\repository\org\apache\xmlgraphics\batik-script\1.16\batik-script-1.16.jar;C:\Users\amadoria\.m2\repository\org\apache\xmlgraphics\batik-xml\1.16\batik-xml-1.16.jar;C:\Users\amadoria\.m2\repository\org\apache\xmlgraphics\batik-extension\1.16\batik-extension-1.16.jar;C:\Users\amadoria\.m2\repository\org\apache\xmlgraphics\batik-gvt\1.16\batik-gvt-1.16.jar;C:\Users\amadoria\.m2\repository\org\apache\xmlgraphics\batik-transcoder\1.16\batik-transcoder-1.16.jar;C:\Users\amadoria\.m2\repository\org\apache\xmlgraphics\batik-svggen\1.16\batik-svggen-1.16.jar;C:\Users\amadoria\.m2\repository\org\apache\xmlgraphics\fop-events\2.8\fop-events-2.8.jar;C:\Users\amadoria\.m2\repository\com\thoughtworks\qdox\qdox\1.12\qdox-1.12.jar;C:\Users\amadoria\.m2\repository\org\apache\xmlgraphics\fop-util\2.8\fop-util-2.8.jar;C:\Users\amadoria\.m2\repository\org\apache\xmlgraphics\xmlgraphics-commons\2.8\xmlgraphics-commons-2.8.jar;"/>
    <property name="sun.awt.enableExtraMouseButtons" value="true"/>
    <property name="java.vm.vendor" value="Oracle Corporation"/>
    <property name="sun.arch.data.model" value="64"/>
    <property name="user.variant" value=""/>
    <property name="java.vendor.url" value="https://java.oracle.com/"/>
    <property name="user.timezone" value="Europe/Amsterdam"/>
    <property name="os.name" value="Windows 10"/>
    <property name="java.vm.specification.version" value="19"/>
    <property name="sun.java.launcher" value="SUN_STANDARD"/>
    <property name="user.country" value="US"/>
    <property name="sun.boot.library.path" value="C:\Program Files\Java\jdk-19\bin"/>
    <property name="sun.java.command" value="C:\Users\amadoria\AppData\Local\Temp\surefire286057921711362449\surefirebooter-20230428114316823_562.jar C:\Users\amadoria\AppData\Local\Temp\surefire286057921711362449 2023-04-28T11-29-53_553-jvmRun1 surefire-20230428114316823_560tmp surefire_31-20230428114316823_561tmp"/>
    <property name="jdk.debug" value="release"/>
    <property name="surefire.test.class.path" value="C:\Users\amadoria\Documents\Projects\HAPKIDO\WP4\dss-fork\dss-xades\target\test-classes;C:\Users\amadoria\Documents\Projects\HAPKIDO\WP4\dss-fork\dss-xades\target\classes;C:\Users\amadoria\Documents\Projects\HAPKIDO\WP4\dss-fork\dss-document\target\dss-document-5.12.RC1.jar;C:\Users\amadoria\Documents\Projects\HAPKIDO\WP4\dss-fork\dss-spi\target\dss-spi-5.12.RC1.jar;C:\Users\amadoria\Documents\Projects\HAPKIDO\WP4\dss-fork\dss-model\target\dss-model-5.12.RC1.jar;C:\Users\amadoria\Documents\Projects\HAPKIDO\WP4\dss-fork\dss-enumerations\target\dss-enumerations-5.12.RC1.jar;C:\Users\amadoria\Documents\Projects\HAPKIDO\WP4\dss-fork\dss-utils\target\dss-utils-5.12.RC1.jar;C:\Users\amadoria\Documents\Projects\HAPKIDO\WP4\dss-fork\dss-crl-parser\target\dss-crl-parser-5.12.RC1.jar;C:\Users\amadoria\Documents\Projects\HAPKIDO\WP4\dss-fork\dss-xades\libs\bcpkix-jdk18on-173b20.jar;C:\Users\amadoria\Documents\Projects\HAPKIDO\WP4\dss-fork\dss-xades\libs\bcprov-jdk18on-173b20.jar;C:\Users\amadoria\Documents\Projects\HAPKIDO\WP4\dss-fork\dss-xades\libs\bcutil-jdk18on-173b20.jar;C:\Users\amadoria\Documents\Projects\HAPKIDO\WP4\dss-fork\validation-policy\target\validation-policy-5.12.RC1.jar;C:\Users\amadoria\Documents\Projects\HAPKIDO\WP4\dss-fork\dss-policy-jaxb\target\dss-policy-jaxb-5.12.RC1.jar;C:\Users\amadoria\Documents\Projects\HAPKIDO\WP4\dss-fork\dss-jaxb-parsers\target\dss-jaxb-parsers-5.12.RC1.jar;C:\Users\amadoria\Documents\Projects\HAPKIDO\WP4\dss-fork\dss-jaxb-common\target\dss-jaxb-common-5.12.RC1.jar;C:\Users\amadoria\Documents\Projects\HAPKIDO\WP4\dss-fork\dss-alert\target\dss-alert-5.12.RC1.jar;C:\Users\amadoria\.m2\repository\org\glassfish\jaxb\jaxb-runtime\2.3.8\jaxb-runtime-2.3.8.jar;C:\Users\amadoria\.m2\repository\org\glassfish\jaxb\txw2\2.3.8\txw2-2.3.8.jar;C:\Users\amadoria\.m2\repository\com\sun\istack\istack-commons-runtime\3.0.12\istack-commons-runtime-3.0.12.jar;C:\Users\amadoria\.m2\repository\com\sun\activation\jakarta.activation\1.2.2\jakarta.activation-1.2.2.jar;C:\Users\amadoria\Documents\Projects\HAPKIDO\WP4\dss-fork\dss-diagnostic-jaxb\target\dss-diagnostic-jaxb-5.12.RC1.jar;C:\Users\amadoria\Documents\Projects\HAPKIDO\WP4\dss-fork\dss-simple-report-jaxb\target\dss-simple-report-jaxb-5.12.RC1.jar;C:\Users\amadoria\Documents\Projects\HAPKIDO\WP4\dss-fork\dss-simple-certificate-report-jaxb\target\dss-simple-certificate-report-jaxb-5.12.RC1.jar;C:\Users\amadoria\Documents\Projects\HAPKIDO\WP4\dss-fork\dss-detailed-report-jaxb\target\dss-detailed-report-jaxb-5.12.RC1.jar;C:\Users\amadoria\Documents\Projects\HAPKIDO\WP4\dss-fork\specs-validation-report\target\specs-validation-report-5.12.RC1.jar;C:\Users\amadoria\Documents\Projects\HAPKIDO\WP4\dss-fork\specs-xmldsig\target\specs-xmldsig-5.12.RC1.jar;C:\Users\amadoria\Documents\Projects\HAPKIDO\WP4\dss-fork\specs-xades\target\specs-xades-5.12.RC1.jar;C:\Users\amadoria\Documents\Projects\HAPKIDO\WP4\dss-fork\specs-trusted-list\target\specs-trusted-list-5.12.RC1.jar;C:\Users\amadoria\Documents\Projects\HAPKIDO\WP4\dss-fork\dss-i18n\target\dss-i18n-5.12.RC1.jar;C:\Users\amadoria\.m2\repository\org\apache\santuario\xmlsec\2.3.2\xmlsec-2.3.2.jar;C:\Users\amadoria\.m2\repository\org\slf4j\slf4j-api\2.0.6\slf4j-api-2.0.6.jar;C:\Users\amadoria\.m2\repository\commons-codec\commons-codec\1.15\commons-codec-1.15.jar;C:\Users\amadoria\.m2\repository\com\fasterxml\woodstox\woodstox-core\6.5.0\woodstox-core-6.5.0.jar;C:\Users\amadoria\.m2\repository\org\codehaus\woodstox\stax2-api\4.2.1\stax2-api-4.2.1.jar;C:\Users\amadoria\.m2\repository\jakarta\xml\bind\jakarta.xml.bind-api\2.3.3\jakarta.xml.bind-api-2.3.3.jar;C:\Users\amadoria\.m2\repository\jakarta\activation\jakarta.activation-api\1.2.2\jakarta.activation-api-1.2.2.jar;C:\Users\amadoria\Documents\Projects\HAPKIDO\WP4\dss-fork\dss-test\target\dss-test-5.12.RC1-tests.jar;C:\Users\amadoria\Documents\Projects\HAPKIDO\WP4\dss-fork\dss-token\target\dss-token-5.12.RC1.jar;C:\Users\amadoria\Documents\Projects\HAPKIDO\WP4\dss-fork\dss-service\target\dss-service-5.12.RC1.jar;C:\Users\amadoria\.m2\repository\org\apache\httpcomponents\client5\httpclient5\5.2.1\httpclient5-5.2.1.jar;C:\Users\amadoria\.m2\repository\org\apache\httpcomponents\core5\httpcore5\5.2\httpcore5-5.2.jar;C:\Users\amadoria\.m2\repository\org\apache\httpcomponents\core5\httpcore5-h2\5.2\httpcore5-h2-5.2.jar;C:\Users\amadoria\.m2\repository\org\slf4j\jcl-over-slf4j\2.0.6\jcl-over-slf4j-2.0.6.jar;C:\Users\amadoria\.m2\repository\ch\qos\logback\logback-classic\1.3.5\logback-classic-1.3.5.jar;C:\Users\amadoria\.m2\repository\ch\qos\logback\logback-core\1.3.5\logback-core-1.3.5.jar;C:\Users\amadoria\.m2\repository\com\h2database\h2\2.1.214\h2-2.1.214.jar;C:\Users\amadoria\.m2\repository\org\junit\platform\junit-platform-launcher\1.9.2\junit-platform-launcher-1.9.2.jar;C:\Users\amadoria\.m2\repository\org\junit\platform\junit-platform-engine\1.9.2\junit-platform-engine-1.9.2.jar;C:\Users\amadoria\.m2\repository\org\opentest4j\opentest4j\1.2.0\opentest4j-1.2.0.jar;C:\Users\amadoria\.m2\repository\org\junit\platform\junit-platform-commons\1.9.2\junit-platform-commons-1.9.2.jar;C:\Users\amadoria\.m2\repository\org\apiguardian\apiguardian-api\1.1.2\apiguardian-api-1.1.2.jar;C:\Users\amadoria\.m2\repository\org\junit\jupiter\junit-jupiter-engine\5.9.2\junit-jupiter-engine-5.9.2.jar;C:\Users\amadoria\.m2\repository\org\junit\jupiter\junit-jupiter-api\5.9.2\junit-jupiter-api-5.9.2.jar;C:\Users\amadoria\.m2\repository\org\junit\jupiter\junit-jupiter-params\5.9.2\junit-jupiter-params-5.9.2.jar;C:\Users\amadoria\.m2\repository\org\awaitility\awaitility\4.2.0\awaitility-4.2.0.jar;C:\Users\amadoria\.m2\repository\org\hamcrest\hamcrest\2.1\hamcrest-2.1.jar;C:\Users\amadoria\.m2\repository\org\mockito\mockito-core\4.11.0\mockito-core-4.11.0.jar;C:\Users\amadoria\.m2\repository\net\bytebuddy\byte-buddy\1.12.19\byte-buddy-1.12.19.jar;C:\Users\amadoria\.m2\repository\net\bytebuddy\byte-buddy-agent\1.12.19\byte-buddy-agent-1.12.19.jar;C:\Users\amadoria\.m2\repository\org\objenesis\objenesis\3.3\objenesis-3.3.jar;C:\Users\amadoria\.m2\repository\com\fasterxml\jackson\module\jackson-module-jaxb-annotations\2.14.2\jackson-module-jaxb-annotations-2.14.2.jar;C:\Users\amadoria\.m2\repository\com\fasterxml\jackson\core\jackson-annotations\2.14.2\jackson-annotations-2.14.2.jar;C:\Users\amadoria\.m2\repository\com\fasterxml\jackson\core\jackson-core\2.14.2\jackson-core-2.14.2.jar;C:\Users\amadoria\.m2\repository\com\fasterxml\jackson\core\jackson-databind\2.14.2\jackson-databind-2.14.2.jar;C:\Users\amadoria\Documents\Projects\HAPKIDO\WP4\dss-fork\dss-utils-apache-commons\target\dss-utils-apache-commons-5.12.RC1.jar;C:\Users\amadoria\.m2\repository\org\apache\commons\commons-lang3\3.12.0\commons-lang3-3.12.0.jar;C:\Users\amadoria\.m2\repository\org\apache\commons\commons-collections4\4.4\commons-collections4-4.4.jar;C:\Users\amadoria\.m2\repository\commons-io\commons-io\2.11.0\commons-io-2.11.0.jar;C:\Users\amadoria\Documents\Projects\HAPKIDO\WP4\dss-fork\dss-crl-parser-stream\target\dss-crl-parser-stream-5.12.RC1.jar;C:\Users\amadoria\.m2\repository\org\apache\xmlgraphics\fop-core\2.8\fop-core-2.8.jar;C:\Users\amadoria\.m2\repository\org\apache\xmlgraphics\batik-anim\1.16\batik-anim-1.16.jar;C:\Users\amadoria\.m2\repository\org\apache\xmlgraphics\batik-css\1.16\batik-css-1.16.jar;C:\Users\amadoria\.m2\repository\org\apache\xmlgraphics\batik-dom\1.16\batik-dom-1.16.jar;C:\Users\amadoria\.m2\repository\xml-apis\xml-apis\1.4.01\xml-apis-1.4.01.jar;C:\Users\amadoria\.m2\repository\org\apache\xmlgraphics\batik-ext\1.16\batik-ext-1.16.jar;C:\Users\amadoria\.m2\repository\org\apache\xmlgraphics\batik-parser\1.16\batik-parser-1.16.jar;C:\Users\amadoria\.m2\repository\org\apache\xmlgraphics\batik-shared-resources\1.16\batik-shared-resources-1.16.jar;C:\Users\amadoria\.m2\repository\org\apache\xmlgraphics\batik-svg-dom\1.16\batik-svg-dom-1.16.jar;C:\Users\amadoria\.m2\repository\org\apache\xmlgraphics\batik-util\1.16\batik-util-1.16.jar;C:\Users\amadoria\.m2\repository\org\apache\xmlgraphics\batik-constants\1.16\batik-constants-1.16.jar;C:\Users\amadoria\.m2\repository\org\apache\xmlgraphics\batik-i18n\1.16\batik-i18n-1.16.jar;C:\Users\amadoria\.m2\repository\xml-apis\xml-apis-ext\1.3.04\xml-apis-ext-1.3.04.jar;C:\Users\amadoria\.m2\repository\org\apache\xmlgraphics\batik-awt-util\1.16\batik-awt-util-1.16.jar;C:\Users\amadoria\.m2\repository\org\apache\xmlgraphics\batik-bridge\1.16\batik-bridge-1.16.jar;C:\Users\amadoria\.m2\repository\org\apache\xmlgraphics\batik-script\1.16\batik-script-1.16.jar;C:\Users\amadoria\.m2\repository\org\apache\xmlgraphics\batik-xml\1.16\batik-xml-1.16.jar;C:\Users\amadoria\.m2\repository\org\apache\xmlgraphics\batik-extension\1.16\batik-extension-1.16.jar;C:\Users\amadoria\.m2\repository\org\apache\xmlgraphics\batik-gvt\1.16\batik-gvt-1.16.jar;C:\Users\amadoria\.m2\repository\org\apache\xmlgraphics\batik-transcoder\1.16\batik-transcoder-1.16.jar;C:\Users\amadoria\.m2\repository\org\apache\xmlgraphics\batik-svggen\1.16\batik-svggen-1.16.jar;C:\Users\amadoria\.m2\repository\org\apache\xmlgraphics\fop-events\2.8\fop-events-2.8.jar;C:\Users\amadoria\.m2\repository\com\thoughtworks\qdox\qdox\1.12\qdox-1.12.jar;C:\Users\amadoria\.m2\repository\org\apache\xmlgraphics\fop-util\2.8\fop-util-2.8.jar;C:\Users\amadoria\.m2\repository\org\apache\xmlgraphics\xmlgraphics-commons\2.8\xmlgraphics-commons-2.8.jar;"/>
    <property name="sun.cpu.endian" value="little"/>
    <property name="user.home" value="C:\Users\amadoria"/>
    <property name="user.language" value="en"/>
    <property name="java.specification.vendor" value="Oracle Corporation"/>
    <property name="java.version.date" value="2023-01-17"/>
    <property name="java.home" value="C:\Program Files\Java\jdk-19"/>
    <property name="file.separator" value="\"/>
    <property name="basedir" value="C:\Users\amadoria\Documents\Projects\HAPKIDO\WP4\dss-fork\dss-xades"/>
    <property name="java.vm.compressedOopsMode" value="Zero based"/>
    <property name="line.separator" value="&#10;"/>
    <property name="java.vm.specification.vendor" value="Oracle Corporation"/>
    <property name="java.specification.name" value="Java Platform API Specification"/>
    <property name="surefire.real.class.path" value="C:\Users\amadoria\AppData\Local\Temp\surefire286057921711362449\surefirebooter-20230428114316823_562.jar"/>
    <property name="user.script" value=""/>
    <property name="sun.management.compiler" value="HotSpot 64-Bit Tiered Compilers"/>
    <property name="java.runtime.version" value="19.0.2+7-44"/>
    <property name="user.name" value="amadoria"/>
    <property name="stdout.encoding" value="Cp1252"/>
    <property name="path.separator" value=";"/>
    <property name="os.version" value="10.0"/>
    <property name="java.runtime.name" value="Java(TM) SE Runtime Environment"/>
    <property name="file.encoding" value="UTF-8"/>
    <property name="java.vm.name" value="Java HotSpot(TM) 64-Bit Server VM"/>
    <property name="localRepository" value="C:\Users\amadoria\.m2\repository"/>
    <property name="java.vendor.url.bug" value="https://bugreport.java.com/bugreport/"/>
    <property name="java.io.tmpdir" value="C:\Users\amadoria\AppData\Local\Temp\"/>
    <property name="java.version" value="19.0.2"/>
    <property name="user.dir" value="C:\Users\amadoria\Documents\Projects\HAPKIDO\WP4\dss-fork\dss-xades"/>
    <property name="os.arch" value="amd64"/>
    <property name="java.vm.specification.name" value="Java Virtual Machine Specification"/>
    <property name="sun.os.patch.level" value=""/>
    <property name="native.encoding" value="Cp1252"/>
    <property name="java.library.path" value="C:\Program Files\Java\jdk-19\bin;C:\WINDOWS\Sun\Java\bin;C:\WINDOWS\system32;C:\WINDOWS;C:\Program Files\Common Files\Oracle\Java\javapath;C:\Program Files\Eclipse Adoptium\jdk-17.0.5.8-hotspot\bin;C:\WINDOWS\system32;C:\WINDOWS;C:\WINDOWS\System32\Wbem;C:\WINDOWS\System32\WindowsPowerShell\v1.0\;C:\WINDOWS\System32\OpenSSH\;C:\Program Files\dotnet\;C:\ProgramData\chocolatey\bin;C:\Program Files\Gradle\gradle-8.0.2\bin;C:\Program Files\Maven\apache-maven-3.9.0\bin;;C:\Program Files\Docker\Docker\resources\bin;C:\Users\amadoria\AppData\Local\Programs\Python\Python38\Scripts\;C:\Users\amadoria\AppData\Local\Programs\Python\Python38\;C:\Users\amadoria\AppData\Local\Microsoft\WindowsApps;C:\Users\amadoria\AppData\Local\Programs\MiKTeX\miktex\bin\x64\;C:\Users\amadoria\AppData\Local\Programs\Microsoft VS Code\bin;C:\Users\amadoria\AppData\Roaming\Python\Scripts\;C:\Users\amadoria\AppData\Local\Programs\Git\cmd;C:\Program Files\JetBrains\IntelliJ IDEA Community Edition 2022.3.3\bin;;."/>
    <property name="java.vm.info" value="mixed mode, sharing"/>
    <property name="stderr.encoding" value="Cp1252"/>
    <property name="java.vendor" value="Oracle Corporation"/>
    <property name="java.vm.version" value="19.0.2+7-44"/>
    <property name="sun.io.unicode.encoding" value="UnicodeLittle"/>
    <property name="java.class.version" value="63.0"/>
  </properties>
  <testcase name="bLevelTest" classname="eu.europa.esig.dss.xades.signature.XAdESNoDetachedFileProvidedTest" time="0.038">
    <system-out><![CDATA[2023-04-28 11:51:38,165  INFO | main | e.europa.esig.dss.validation.CommonCertificateVerifier  | + New CommonCertificateVerifier created. 
2023-04-28 11:51:38,174  INFO | main | eu.europa.esig.dss.validation.SignedDocumentValidator   | Document validation... 
2023-04-28 11:51:38,176  INFO | main | e.europa.esig.dss.validation.CommonCertificateVerifier  | + New CommonCertificateVerifier created. 
2023-04-28 11:51:38,185  INFO | main | e.e.esig.dss.xades.validation.XAdESCertificateSource    | +XAdESCertificateSource 
2023-04-28 11:51:38,188  INFO | main | e.europa.esig.dss.validation.CommonCertificateVerifier  | + New CommonCertificateVerifier created. 
2023-04-28 11:51:38,190  WARN | main | e.europa.esig.dss.spi.x509.SignatureIntegrityValidator  | Determining signing certificate from certificate candidates list failed: [Best candidate validation failed : Unable to verify the signature : The Reference for URI sample.xml has no XMLSignatureInput] 
2023-04-28 11:51:38,190  WARN | main | e.europa.esig.dss.validation.SignatureValidationContext | Issuer not found for certificate C-E172C2416D3231A65FD7F200C005456402138F76D13F090F87C158AADF4F929C 
2023-04-28 11:51:38,190  INFO | main | eu.europa.esig.dss.validation.SignedDocumentValidator   | Default SignaturePolicyProvider instantiated with NativeHTTPDataLoader. 
]]></system-out>
  </testcase>
  <testcase name="individualContentTstTest" classname="eu.europa.esig.dss.xades.signature.XAdESNoDetachedFileProvidedTest" time="0.065">
    <system-out><![CDATA[2023-04-28 11:51:38,202  INFO | main | e.europa.esig.dss.validation.CommonCertificateVerifier  | + New CommonCertificateVerifier created. 
2023-04-28 11:51:38,210  INFO | main | eu.europa.esig.dss.validation.SignedDocumentValidator   | Document validation... 
2023-04-28 11:51:38,212  INFO | main | e.europa.esig.dss.validation.CommonCertificateVerifier  | + New CommonCertificateVerifier created. 
2023-04-28 11:51:38,228  INFO | main | e.e.esig.dss.xades.validation.XAdESCertificateSource    | +XAdESCertificateSource 
2023-04-28 11:51:38,242  WARN | main | e.e.e.d.x.v.t.XAdESTimestampMessageDigestBuilder        | Unable to extract IndividualDataObjectsTimestampData. Reason : Cannot resolve element with ID sample.xml 
2023-04-28 11:51:38,242  WARN | main | eu.europa.esig.dss.validation.timestamp.TimestampToken  | Invalid or incomplete message-digest has been provided for timestamp verification! 
2023-04-28 11:51:38,244  INFO | main | e.europa.esig.dss.validation.CommonCertificateVerifier  | + New CommonCertificateVerifier created. 
2023-04-28 11:51:38,245  WARN | main | org.apache.xml.security.signature.XMLSignature          | Signature verification failed. 
2023-04-28 11:51:38,245  WARN | main | e.europa.esig.dss.spi.x509.SignatureIntegrityValidator  | Determining signing certificate from certificate candidates list failed: [Best candidate validation failed : Unable to verify the signature : The Reference for URI #sample.xml has no XMLSignatureInput, Certificate #1: Signature verification failed] 
2023-04-28 11:51:38,246  WARN | main | e.europa.esig.dss.validation.SignatureValidationContext | POE extraction is skipped for untrusted timestamp : T-8161866281870103013391BB842279BE19A1CBC44AC4390FA67C0097C5B32D6A. 
2023-04-28 11:51:38,247  WARN | main | e.europa.esig.dss.validation.SignatureValidationContext | No revocation found for the certificate C-8107EEAD94AB240CEEC981583BCA3E896234244E03822CA6CF5CDF5AC7F8C21A 
2023-04-28 11:51:38,247  WARN | main | e.europa.esig.dss.validation.SignatureValidationContext | No revocation found for the certificate C-145AF432D497D7425B9A4912970BBE22A41F401B978375674F20329324182290 
2023-04-28 11:51:38,247  WARN | main | e.europa.esig.dss.validation.SignatureValidationContext | Issuer not found for certificate C-5DD3587086E33C34F2D9AEC5F4A6BFF5AB2AEEE4CD817F4185B9D3277C71562C 
2023-04-28 11:51:38,247  INFO | main | eu.europa.esig.dss.validation.SignedDocumentValidator   | Default SignaturePolicyProvider instantiated with NativeHTTPDataLoader. 
]]></system-out>
  </testcase>
  <testcase name="allDataContentTstTest" classname="eu.europa.esig.dss.xades.signature.XAdESNoDetachedFileProvidedTest" time="0.184">
    <system-out><![CDATA[2023-04-28 11:51:38,269  INFO | main | e.europa.esig.dss.validation.CommonCertificateVerifier  | + New CommonCertificateVerifier created. 
2023-04-28 11:51:38,408  INFO | main | eu.europa.esig.dss.validation.SignedDocumentValidator   | Document validation... 
2023-04-28 11:51:38,411  INFO | main | e.europa.esig.dss.validation.CommonCertificateVerifier  | + New CommonCertificateVerifier created. 
2023-04-28 11:51:38,415  INFO | main | e.e.esig.dss.xades.validation.XAdESCertificateSource    | +XAdESCertificateSource 
2023-04-28 11:51:38,426  WARN | main | eu.europa.esig.dss.xades.validation.XAdESAttribute      | Unable to retrieve the canonicalization algorithm 
2023-04-28 11:51:38,427  WARN | main | eu.europa.esig.dss.xades.validation.XAdESAttribute      | Unable to retrieve the canonicalization algorithm 
2023-04-28 11:51:38,427  WARN | main | e.e.e.d.x.v.t.XAdESTimestampMessageDigestBuilder        | Unable to extract AllDataObjectsTimestampData. Reason : Unable to find document 'Hello_World' (detached signature) 
2023-04-28 11:51:38,427  WARN | main | eu.europa.esig.dss.validation.timestamp.TimestampToken  | Invalid or incomplete message-digest has been provided for timestamp verification! 
2023-04-28 11:51:38,429  WARN | main | e.e.e.d.x.v.t.XAdESTimestampMessageDigestBuilder        | Unable to extract AllDataObjectsTimestampData. Reason : Unable to find document 'Hello_World' (detached signature) 
2023-04-28 11:51:38,429  WARN | main | eu.europa.esig.dss.validation.timestamp.TimestampToken  | Invalid or incomplete message-digest has been provided for timestamp verification! 
2023-04-28 11:51:38,431  INFO | main | e.europa.esig.dss.validation.CommonCertificateVerifier  | + New CommonCertificateVerifier created. 
2023-04-28 11:51:38,433  WARN | main | org.apache.xml.security.signature.XMLSignature          | Signature verification failed. 
2023-04-28 11:51:38,433  WARN | main | e.europa.esig.dss.spi.x509.SignatureIntegrityValidator  | Determining signing certificate from certificate candidates list failed: [Best candidate validation failed : Unable to verify the signature : The Reference for URI Hello_World has no XMLSignatureInput, Certificate #1: Signature verification failed] 
2023-04-28 11:51:38,434  WARN | main | e.europa.esig.dss.validation.SignatureValidationContext | POE extraction is skipped for untrusted timestamp : T-C91829AAE3D4B92EE1302CAF284692B7600A2D46B698FE9773BB7D04E5DE5356. 
2023-04-28 11:51:38,435  WARN | main | e.europa.esig.dss.validation.SignatureValidationContext | POE extraction is skipped for untrusted timestamp : T-3CC37BB31F83FD8C430AC5EE791CF7FAF6FC695BD6A32D313EF1338BECEA38EC. 
2023-04-28 11:51:38,435  WARN | main | e.europa.esig.dss.validation.SignatureValidationContext | No revocation found for the certificate C-8107EEAD94AB240CEEC981583BCA3E896234244E03822CA6CF5CDF5AC7F8C21A 
2023-04-28 11:51:38,435  WARN | main | e.europa.esig.dss.validation.SignatureValidationContext | No revocation found for the certificate C-1D4EB85DC34C4D8A6C84D7125670884A94229A6263BA061F7F7CD8D14CB8E449 
2023-04-28 11:51:38,435  WARN | main | e.europa.esig.dss.validation.SignatureValidationContext | No revocation found for the certificate C-5DD3587086E33C34F2D9AEC5F4A6BFF5AB2AEEE4CD817F4185B9D3277C71562C 
2023-04-28 11:51:38,435  INFO | main | eu.europa.esig.dss.validation.SignedDocumentValidator   | Default SignaturePolicyProvider instantiated with NativeHTTPDataLoader. 
]]></system-out>
  </testcase>
  <testcase name="ltaLevelTest" classname="eu.europa.esig.dss.xades.signature.XAdESNoDetachedFileProvidedTest" time="0.088">
    <system-out><![CDATA[2023-04-28 11:51:38,452  INFO | main | e.europa.esig.dss.validation.CommonCertificateVerifier  | + New CommonCertificateVerifier created. 
2023-04-28 11:51:38,461  INFO | main | eu.europa.esig.dss.validation.SignedDocumentValidator   | Document validation... 
2023-04-28 11:51:38,463  INFO | main | e.europa.esig.dss.validation.CommonCertificateVerifier  | + New CommonCertificateVerifier created. 
2023-04-28 11:51:38,485  INFO | main | e.e.esig.dss.xades.validation.XAdESCertificateSource    | +XAdESCertificateSource 
2023-04-28 11:51:38,514  WARN | main | e.e.e.d.x.v.t.XAdESTimestampMessageDigestBuilder        | Unable to compute message-imprint for TimestampToken with Id 'T-A49359060AE1C1A4E3431993444C5E9DA2D440228EA37DFE8F4728C5D190C00D'. Reason : Could not find a resolver for URI sample.xml and Base  
2023-04-28 11:51:38,514  WARN | main | eu.europa.esig.dss.validation.timestamp.TimestampToken  | Invalid or incomplete message-digest has been provided for timestamp verification! 
2023-04-28 11:51:38,518  INFO | main | e.europa.esig.dss.validation.CommonCertificateVerifier  | + New CommonCertificateVerifier created. 
2023-04-28 11:51:38,518  WARN | main | e.europa.esig.dss.spi.x509.SignatureIntegrityValidator  | Determining signing certificate from certificate candidates list failed: [Best candidate validation failed : Unable to verify the signature : The Reference for URI sample.xml has no XMLSignatureInput] 
2023-04-28 11:51:38,519  WARN | main | e.europa.esig.dss.validation.SignatureValidationContext | POE extraction is skipped for untrusted timestamp : T-F562C822B54BA3EBD8566674A7D7A7B59319BE699F713AD248F37394BA46A7FF. 
2023-04-28 11:51:38,520  WARN | main | e.europa.esig.dss.validation.SignatureValidationContext | POE extraction is skipped for untrusted timestamp : T-A49359060AE1C1A4E3431993444C5E9DA2D440228EA37DFE8F4728C5D190C00D. 
2023-04-28 11:51:38,521  WARN | main | e.europa.esig.dss.validation.SignatureValidationContext | No revocation found for the certificate C-3AC9A9C8D18FECC16F1356C45C6C9C136FFCC83884D5AD41AD439C1A1D82FEFE 
2023-04-28 11:51:38,521  INFO | main | eu.europa.esig.dss.spi.x509.revocation.ocsp.OCSPToken   | OCSP status is good 
2023-04-28 11:51:38,522  WARN | main | e.europa.esig.dss.validation.SignatureValidationContext | No revocation found for the certificate C-5CE1577BB586000C323C46B8A444B7C0DAF959F378E45A6FF9AF94B9DD29482E 
2023-04-28 11:51:38,523  WARN | main | e.europa.esig.dss.validation.SignatureValidationContext | No revocation found for the certificate C-D8790EC91728293372225F811A02F0C3C9295240F04CC7F64334EEF45373D7DA 
2023-04-28 11:51:38,523  WARN | main | e.europa.esig.dss.validation.SignatureValidationContext | No revocation found for the certificate C-936D139E53BD861E7986BDC1248B72BED51809460D2E9AB2F5D814B014A05CF1 
2023-04-28 11:51:38,523  INFO | main | eu.europa.esig.dss.validation.SignedDocumentValidator   | Default SignaturePolicyProvider instantiated with NativeHTTPDataLoader. 
2023-04-28 11:51:38,528  WARN | main | e.europa.esig.dss.validation.SignatureValidationContext | POE extraction is skipped for untrusted timestamp : T-F562C822B54BA3EBD8566674A7D7A7B59319BE699F713AD248F37394BA46A7FF. 
2023-04-28 11:51:38,529  WARN | main | e.europa.esig.dss.validation.SignatureValidationContext | No revocation found for the certificate C-D8790EC91728293372225F811A02F0C3C9295240F04CC7F64334EEF45373D7DA 
]]></system-out>
  </testcase>
</testsuite>