<?xml version="1.0" encoding="UTF-8"?>
<testsuite xmlns:xsi="http://www.w3.org/2001/XMLSchema-instance" xsi:noNamespaceSchemaLocation="https://maven.apache.org/surefire/maven-surefire-plugin/xsd/surefire-test-report-3.0.xsd" version="3.0" name="eu.europa.esig.dss.utils.apache.impl.ApacheCommonsUtilsTest" time="0.729" tests="48" errors="0" skipped="0" failures="0">
  <properties>
    <property name="java.specification.version" value="19"/>
    <property name="sun.cpu.isalist" value="amd64"/>
    <property name="sun.jnu.encoding" value="Cp1252"/>
    <property name="java.class.path" value="C:\Users\amadoria\Documents\Projects\HAPKIDO\WP4\dss-fork\dss-utils-apache-commons\target\test-classes;C:\Users\amadoria\Documents\Projects\HAPKIDO\WP4\dss-fork\dss-utils-apache-commons\target\classes;C:\Users\amadoria\Documents\Projects\HAPKIDO\WP4\dss-fork\dss-utils\target\dss-utils-5.12.RC1.jar;C:\Users\amadoria\.m2\repository\org\apache\commons\commons-lang3\3.12.0\commons-lang3-3.12.0.jar;C:\Users\amadoria\.m2\repository\org\apache\commons\commons-collections4\4.4\commons-collections4-4.4.jar;C:\Users\amadoria\.m2\repository\commons-codec\commons-codec\1.15\commons-codec-1.15.jar;C:\Users\amadoria\.m2\repository\commons-io\commons-io\2.11.0\commons-io-2.11.0.jar;C:\Users\amadoria\Documents\Projects\HAPKIDO\WP4\dss-fork\dss-utils\target\dss-utils-5.12.RC1-tests.jar;C:\Users\amadoria\.m2\repository\org\junit\platform\junit-platform-launcher\1.9.2\junit-platform-launcher-1.9.2.jar;C:\Users\amadoria\.m2\repository\org\junit\platform\junit-platform-engine\1.9.2\junit-platform-engine-1.9.2.jar;C:\Users\amadoria\.m2\repository\org\opentest4j\opentest4j\1.2.0\opentest4j-1.2.0.jar;C:\Users\amadoria\.m2\repository\org\junit\platform\junit-platform-commons\1.9.2\junit-platform-commons-1.9.2.jar;C:\Users\amadoria\.m2\repository\org\apiguardian\apiguardian-api\1.1.2\apiguardian-api-1.1.2.jar;C:\Users\amadoria\.m2\repository\org\junit\jupiter\junit-jupiter-engine\5.9.2\junit-jupiter-engine-5.9.2.jar;C:\Users\amadoria\.m2\repository\org\junit\jupiter\junit-jupiter-api\5.9.2\junit-jupiter-api-5.9.2.jar;"/>
    <property name="java.vm.vendor" value="Oracle Corporation"/>
    <property name="sun.arch.data.model" value="64"/>
    <property name="user.variant" value=""/>
    <property name="java.vendor.url" value="https://java.oracle.com/"/>
    <property name="user.timezone" value="Europe/Amsterdam"/>
    <property name="os.name" value="Windows 10"/>
    <property name="java.vm.specification.version" value="19"/>
    <property name="sun.java.launcher" value="SUN_STANDARD"/>
    <property name="user.country" value="US"/>
    <property name="sun.boot.library.path" value="C:\Program Files\Java\jdk-19\bin"/>
    <property name="sun.java.command" value="C:\Users\amadoria\AppData\Local\Temp\surefire16494670171467489972\surefirebooter-20230428113541885_77.jar C:\Users\amadoria\AppData\Local\Temp\surefire16494670171467489972 2023-04-28T11-29-53_553-jvmRun1 surefire-20230428113541885_75tmp surefire_18-20230428113541885_76tmp"/>
    <property name="jdk.debug" value="release"/>
    <property name="surefire.test.class.path" value="C:\Users\amadoria\Documents\Projects\HAPKIDO\WP4\dss-fork\dss-utils-apache-commons\target\test-classes;C:\Users\amadoria\Documents\Projects\HAPKIDO\WP4\dss-fork\dss-utils-apache-commons\target\classes;C:\Users\amadoria\Documents\Projects\HAPKIDO\WP4\dss-fork\dss-utils\target\dss-utils-5.12.RC1.jar;C:\Users\amadoria\.m2\repository\org\apache\commons\commons-lang3\3.12.0\commons-lang3-3.12.0.jar;C:\Users\amadoria\.m2\repository\org\apache\commons\commons-collections4\4.4\commons-collections4-4.4.jar;C:\Users\amadoria\.m2\repository\commons-codec\commons-codec\1.15\commons-codec-1.15.jar;C:\Users\amadoria\.m2\repository\commons-io\commons-io\2.11.0\commons-io-2.11.0.jar;C:\Users\amadoria\Documents\Projects\HAPKIDO\WP4\dss-fork\dss-utils\target\dss-utils-5.12.RC1-tests.jar;C:\Users\amadoria\.m2\repository\org\junit\platform\junit-platform-launcher\1.9.2\junit-platform-launcher-1.9.2.jar;C:\Users\amadoria\.m2\repository\org\junit\platform\junit-platform-engine\1.9.2\junit-platform-engine-1.9.2.jar;C:\Users\amadoria\.m2\repository\org\opentest4j\opentest4j\1.2.0\opentest4j-1.2.0.jar;C:\Users\amadoria\.m2\repository\org\junit\platform\junit-platform-commons\1.9.2\junit-platform-commons-1.9.2.jar;C:\Users\amadoria\.m2\repository\org\apiguardian\apiguardian-api\1.1.2\apiguardian-api-1.1.2.jar;C:\Users\amadoria\.m2\repository\org\junit\jupiter\junit-jupiter-engine\5.9.2\junit-jupiter-engine-5.9.2.jar;C:\Users\amadoria\.m2\repository\org\junit\jupiter\junit-jupiter-api\5.9.2\junit-jupiter-api-5.9.2.jar;"/>
    <property name="sun.cpu.endian" value="little"/>
    <property name="user.home" value="C:\Users\amadoria"/>
    <property name="user.language" value="en"/>
    <property name="java.specification.vendor" value="Oracle Corporation"/>
    <property name="java.version.date" value="2023-01-17"/>
    <property name="java.home" value="C:\Program Files\Java\jdk-19"/>
    <property name="file.separator" value="\"/>
    <property name="basedir" value="C:\Users\amadoria\Documents\Projects\HAPKIDO\WP4\dss-fork\dss-utils-apache-commons"/>
    <property name="java.vm.compressedOopsMode" value="Zero based"/>
    <property name="line.separator" value="&#10;"/>
    <property name="java.vm.specification.vendor" value="Oracle Corporation"/>
    <property name="java.specification.name" value="Java Platform API Specification"/>
    <property name="surefire.real.class.path" value="C:\Users\amadoria\AppData\Local\Temp\surefire16494670171467489972\surefirebooter-20230428113541885_77.jar"/>
    <property name="user.script" value=""/>
    <property name="sun.management.compiler" value="HotSpot 64-Bit Tiered Compilers"/>
    <property name="java.runtime.version" value="19.0.2+7-44"/>
    <property name="user.name" value="amadoria"/>
    <property name="stdout.encoding" value="Cp1252"/>
    <property name="path.separator" value=";"/>
    <property name="os.version" value="10.0"/>
    <property name="java.runtime.name" value="Java(TM) SE Runtime Environment"/>
    <property name="file.encoding" value="UTF-8"/>
    <property name="java.vm.name" value="Java HotSpot(TM) 64-Bit Server VM"/>
    <property name="localRepository" value="C:\Users\amadoria\.m2\repository"/>
    <property name="java.vendor.url.bug" value="https://bugreport.java.com/bugreport/"/>
    <property name="java.io.tmpdir" value="C:\Users\amadoria\AppData\Local\Temp\"/>
    <property name="java.version" value="19.0.2"/>
    <property name="user.dir" value="C:\Users\amadoria\Documents\Projects\HAPKIDO\WP4\dss-fork\dss-utils-apache-commons"/>
    <property name="os.arch" value="amd64"/>
    <property name="java.vm.specification.name" value="Java Virtual Machine Specification"/>
    <property name="sun.os.patch.level" value=""/>
    <property name="native.encoding" value="Cp1252"/>
    <property name="java.library.path" value="C:\Program Files\Java\jdk-19\bin;C:\WINDOWS\Sun\Java\bin;C:\WINDOWS\system32;C:\WINDOWS;C:\Program Files\Common Files\Oracle\Java\javapath;C:\Program Files\Eclipse Adoptium\jdk-17.0.5.8-hotspot\bin;C:\WINDOWS\system32;C:\WINDOWS;C:\WINDOWS\System32\Wbem;C:\WINDOWS\System32\WindowsPowerShell\v1.0\;C:\WINDOWS\System32\OpenSSH\;C:\Program Files\dotnet\;C:\ProgramData\chocolatey\bin;C:\Program Files\Gradle\gradle-8.0.2\bin;C:\Program Files\Maven\apache-maven-3.9.0\bin;;C:\Program Files\Docker\Docker\resources\bin;C:\Users\amadoria\AppData\Local\Programs\Python\Python38\Scripts\;C:\Users\amadoria\AppData\Local\Programs\Python\Python38\;C:\Users\amadoria\AppData\Local\Microsoft\WindowsApps;C:\Users\amadoria\AppData\Local\Programs\MiKTeX\miktex\bin\x64\;C:\Users\amadoria\AppData\Local\Programs\Microsoft VS Code\bin;C:\Users\amadoria\AppData\Roaming\Python\Scripts\;C:\Users\amadoria\AppData\Local\Programs\Git\cmd;C:\Program Files\JetBrains\IntelliJ IDEA Community Edition 2022.3.3\bin;;."/>
    <property name="java.vm.info" value="mixed mode, sharing"/>
    <property name="stderr.encoding" value="Cp1252"/>
    <property name="java.vendor" value="Oracle Corporation"/>
    <property name="java.vm.version" value="19.0.2+7-44"/>
    <property name="sun.io.unicode.encoding" value="UnicodeLittle"/>
    <property name="java.class.version" value="63.0"/>
  </properties>
  <testcase name="isArrayNotEmptyObj" classname="eu.europa.esig.dss.utils.apache.impl.ApacheCommonsUtilsTest" time="0.27"/>
  <testcase name="subarray" classname="eu.europa.esig.dss.utils.apache.impl.ApacheCommonsUtilsTest" time="0.008"/>
  <testcase name="isArrayEmptyObj" classname="eu.europa.esig.dss.utils.apache.impl.ApacheCommonsUtilsTest" time="0.003"/>
  <testcase name="isArrayNotEmpty" classname="eu.europa.esig.dss.utils.apache.impl.ApacheCommonsUtilsTest" time="0.004"/>
  <testcase name="isArrayNotEmptyChar" classname="eu.europa.esig.dss.utils.apache.impl.ApacheCommonsUtilsTest" time="0.003"/>
  <testcase name="isStringNotBlank" classname="eu.europa.esig.dss.utils.apache.impl.ApacheCommonsUtilsTest" time="0.022"/>
  <testcase name="isStringNotEmpty" classname="eu.europa.esig.dss.utils.apache.impl.ApacheCommonsUtilsTest" time="0.004"/>
  <testcase name="getFileNameExtension" classname="eu.europa.esig.dss.utils.apache.impl.ApacheCommonsUtilsTest" time="0.017"/>
  <testcase name="listFiles" classname="eu.europa.esig.dss.utils.apache.impl.ApacheCommonsUtilsTest" time="0.05"/>
  <testcase name="isTrue" classname="eu.europa.esig.dss.utils.apache.impl.ApacheCommonsUtilsTest" time="0.007"/>
  <testcase name="isStringDigits" classname="eu.europa.esig.dss.utils.apache.impl.ApacheCommonsUtilsTest" time="0.009"/>
  <testcase name="clearDirectoryNotFound" classname="eu.europa.esig.dss.utils.apache.impl.ApacheCommonsUtilsTest" time="0.007"/>
  <testcase name="isCollectionNotEmpty" classname="eu.europa.esig.dss.utils.apache.impl.ApacheCommonsUtilsTest" time="0.004"/>
  <testcase name="toHexNull" classname="eu.europa.esig.dss.utils.apache.impl.ApacheCommonsUtilsTest" time="0.004"/>
  <testcase name="containsAnyTest" classname="eu.europa.esig.dss.utils.apache.impl.ApacheCommonsUtilsTest" time="0.005"/>
  <testcase name="closeQuietly" classname="eu.europa.esig.dss.utils.apache.impl.ApacheCommonsUtilsTest" time="0.011"/>
  <testcase name="isMapEmpty" classname="eu.europa.esig.dss.utils.apache.impl.ApacheCommonsUtilsTest" time="0.021"/>
  <testcase name="fromHex" classname="eu.europa.esig.dss.utils.apache.impl.ApacheCommonsUtilsTest" time="0.01"/>
  <testcase name="isMapNotEmpty" classname="eu.europa.esig.dss.utils.apache.impl.ApacheCommonsUtilsTest" time="0.005"/>
  <testcase name="lowerCase" classname="eu.europa.esig.dss.utils.apache.impl.ApacheCommonsUtilsTest" time="0.003"/>
  <testcase name="isArrayEmptyChar" classname="eu.europa.esig.dss.utils.apache.impl.ApacheCommonsUtilsTest" time="0.004"/>
  <testcase name="endsWithIgnoreCase" classname="eu.europa.esig.dss.utils.apache.impl.ApacheCommonsUtilsTest" time="0.006"/>
  <testcase name="isAtLeastOneStringNotEmpty" classname="eu.europa.esig.dss.utils.apache.impl.ApacheCommonsUtilsTest" time="0.004"/>
  <testcase name="isHexEncodedTest" classname="eu.europa.esig.dss.utils.apache.impl.ApacheCommonsUtilsTest" time="0.003"/>
  <testcase name="reverseListTest" classname="eu.europa.esig.dss.utils.apache.impl.ApacheCommonsUtilsTest" time="0.005"/>
  <testcase name="joinStrings" classname="eu.europa.esig.dss.utils.apache.impl.ApacheCommonsUtilsTest" time="0.004"/>
  <testcase name="areStringsEqualIgnoreCase" classname="eu.europa.esig.dss.utils.apache.impl.ApacheCommonsUtilsTest" time="0.003"/>
  <testcase name="areStringsEqual" classname="eu.europa.esig.dss.utils.apache.impl.ApacheCommonsUtilsTest" time="0.004"/>
  <testcase name="trim" classname="eu.europa.esig.dss.utils.apache.impl.ApacheCommonsUtilsTest" time="0.003"/>
  <testcase name="toHex" classname="eu.europa.esig.dss.utils.apache.impl.ApacheCommonsUtilsTest" time="0.004"/>
  <testcase name="upperCase" classname="eu.europa.esig.dss.utils.apache.impl.ApacheCommonsUtilsTest" time="0.003"/>
  <testcase name="substringAfter" classname="eu.europa.esig.dss.utils.apache.impl.ApacheCommonsUtilsTest" time="0.004"/>
  <testcase name="collectionSize" classname="eu.europa.esig.dss.utils.apache.impl.ApacheCommonsUtilsTest" time="0.002"/>
  <testcase name="isBase64EncodedNullPointer" classname="eu.europa.esig.dss.utils.apache.impl.ApacheCommonsUtilsTest" time="0.009"/>
  <testcase name="fromHexNull" classname="eu.europa.esig.dss.utils.apache.impl.ApacheCommonsUtilsTest" time="0.005"/>
  <testcase name="isArrayEmpty" classname="eu.europa.esig.dss.utils.apache.impl.ApacheCommonsUtilsTest" time="0.003"/>
  <testcase name="toByteArrayCRLForLF" classname="eu.europa.esig.dss.utils.apache.impl.ApacheCommonsUtilsTest" time="0.027"/>
  <testcase name="isStringBlank" classname="eu.europa.esig.dss.utils.apache.impl.ApacheCommonsUtilsTest" time="0.003"/>
  <testcase name="isStringEmpty" classname="eu.europa.esig.dss.utils.apache.impl.ApacheCommonsUtilsTest" time="0.003"/>
  <testcase name="getInputStreamSize" classname="eu.europa.esig.dss.utils.apache.impl.ApacheCommonsUtilsTest" time="0.005"/>
  <testcase name="compareInputStreams" classname="eu.europa.esig.dss.utils.apache.impl.ApacheCommonsUtilsTest" time="0.015"/>
  <testcase name="toByteArray" classname="eu.europa.esig.dss.utils.apache.impl.ApacheCommonsUtilsTest" time="0.007"/>
  <testcase name="isBase64Encoded" classname="eu.europa.esig.dss.utils.apache.impl.ApacheCommonsUtilsTest" time="0.004"/>
  <testcase name="areAllStringsEmpty" classname="eu.europa.esig.dss.utils.apache.impl.ApacheCommonsUtilsTest" time="0.003"/>
  <testcase name="fromBase64" classname="eu.europa.esig.dss.utils.apache.impl.ApacheCommonsUtilsTest" time="0.003"/>
  <testcase name="isCollectionEmpty" classname="eu.europa.esig.dss.utils.apache.impl.ApacheCommonsUtilsTest" time="0.003"/>
  <testcase name="clearDirectory" classname="eu.europa.esig.dss.utils.apache.impl.ApacheCommonsUtilsTest" time="0.005"/>
  <testcase name="toBase64" classname="eu.europa.esig.dss.utils.apache.impl.ApacheCommonsUtilsTest" time="0.003"/>
</testsuite>