<?xml version="1.0" encoding="UTF-8"?>
<testsuite xmlns:xsi="http://www.w3.org/2001/XMLSchema-instance" xsi:noNamespaceSchemaLocation="https://maven.apache.org/surefire/maven-surefire-plugin/xsd/surefire-test-report-3.0.xsd" version="3.0" name="eu.europa.esig.dss.token.SignPlainECDSASignatureAlgorithmTest" time="0.128" tests="10" errors="0" skipped="0" failures="0">
  <properties>
    <property name="java.specification.version" value="19"/>
    <property name="sun.cpu.isalist" value="amd64"/>
    <property name="sun.jnu.encoding" value="Cp1252"/>
    <property name="java.class.path" value="C:\Users\amadoria\Documents\Projects\HAPKIDO\WP4\dss-fork\dss-token\target\test-classes;C:\Users\amadoria\Documents\Projects\HAPKIDO\WP4\dss-fork\dss-token\target\classes;C:\Users\amadoria\Documents\Projects\HAPKIDO\WP4\dss-fork\dss-model\target\dss-model-5.12.RC1.jar;C:\Users\amadoria\Documents\Projects\HAPKIDO\WP4\dss-fork\dss-enumerations\target\dss-enumerations-5.12.RC1.jar;C:\Users\amadoria\Documents\Projects\HAPKIDO\WP4\dss-fork\dss-token\libs\bcpkix-jdk18on-173b20.jar;C:\Users\amadoria\Documents\Projects\HAPKIDO\WP4\dss-fork\dss-token\libs\bcprov-jdk18on-173b20.jar;C:\Users\amadoria\Documents\Projects\HAPKIDO\WP4\dss-fork\dss-token\libs\bcutil-jdk18on-173b20.jar;C:\Users\amadoria\.m2\repository\org\slf4j\slf4j-api\2.0.6\slf4j-api-2.0.6.jar;C:\Users\amadoria\Documents\Projects\HAPKIDO\WP4\dss-fork\dss-spi\target\dss-spi-5.12.RC1.jar;C:\Users\amadoria\Documents\Projects\HAPKIDO\WP4\dss-fork\dss-utils\target\dss-utils-5.12.RC1.jar;C:\Users\amadoria\Documents\Projects\HAPKIDO\WP4\dss-fork\dss-crl-parser\target\dss-crl-parser-5.12.RC1.jar;C:\Users\amadoria\.m2\repository\org\junit\platform\junit-platform-launcher\1.9.2\junit-platform-launcher-1.9.2.jar;C:\Users\amadoria\.m2\repository\org\junit\platform\junit-platform-engine\1.9.2\junit-platform-engine-1.9.2.jar;C:\Users\amadoria\.m2\repository\org\opentest4j\opentest4j\1.2.0\opentest4j-1.2.0.jar;C:\Users\amadoria\.m2\repository\org\junit\platform\junit-platform-commons\1.9.2\junit-platform-commons-1.9.2.jar;C:\Users\amadoria\.m2\repository\org\apiguardian\apiguardian-api\1.1.2\apiguardian-api-1.1.2.jar;C:\Users\amadoria\.m2\repository\org\junit\jupiter\junit-jupiter-engine\5.9.2\junit-jupiter-engine-5.9.2.jar;C:\Users\amadoria\.m2\repository\org\junit\jupiter\junit-jupiter-api\5.9.2\junit-jupiter-api-5.9.2.jar;C:\Users\amadoria\.m2\repository\org\junit\jupiter\junit-jupiter-params\5.9.2\junit-jupiter-params-5.9.2.jar;C:\Users\amadoria\.m2\repository\ch\qos\logback\logback-classic\1.3.5\logback-classic-1.3.5.jar;C:\Users\amadoria\.m2\repository\ch\qos\logback\logback-core\1.3.5\logback-core-1.3.5.jar;"/>
    <property name="java.vm.vendor" value="Oracle Corporation"/>
    <property name="sun.arch.data.model" value="64"/>
    <property name="user.variant" value=""/>
    <property name="java.vendor.url" value="https://java.oracle.com/"/>
    <property name="user.timezone" value="Europe/Amsterdam"/>
    <property name="os.name" value="Windows 10"/>
    <property name="java.vm.specification.version" value="19"/>
    <property name="sun.java.launcher" value="SUN_STANDARD"/>
    <property name="user.country" value="US"/>
    <property name="sun.boot.library.path" value="C:\Program Files\Java\jdk-19\bin"/>
    <property name="sun.java.command" value="C:\Users\amadoria\AppData\Local\Temp\surefire13431589743088422765\surefirebooter-20230428114237113_477.jar C:\Users\amadoria\AppData\Local\Temp\surefire13431589743088422765 2023-04-28T11-29-53_553-jvmRun1 surefire-20230428114237113_475tmp surefire_29-20230428114237113_476tmp"/>
    <property name="jdk.debug" value="release"/>
    <property name="surefire.test.class.path" value="C:\Users\amadoria\Documents\Projects\HAPKIDO\WP4\dss-fork\dss-token\target\test-classes;C:\Users\amadoria\Documents\Projects\HAPKIDO\WP4\dss-fork\dss-token\target\classes;C:\Users\amadoria\Documents\Projects\HAPKIDO\WP4\dss-fork\dss-model\target\dss-model-5.12.RC1.jar;C:\Users\amadoria\Documents\Projects\HAPKIDO\WP4\dss-fork\dss-enumerations\target\dss-enumerations-5.12.RC1.jar;C:\Users\amadoria\Documents\Projects\HAPKIDO\WP4\dss-fork\dss-token\libs\bcpkix-jdk18on-173b20.jar;C:\Users\amadoria\Documents\Projects\HAPKIDO\WP4\dss-fork\dss-token\libs\bcprov-jdk18on-173b20.jar;C:\Users\amadoria\Documents\Projects\HAPKIDO\WP4\dss-fork\dss-token\libs\bcutil-jdk18on-173b20.jar;C:\Users\amadoria\.m2\repository\org\slf4j\slf4j-api\2.0.6\slf4j-api-2.0.6.jar;C:\Users\amadoria\Documents\Projects\HAPKIDO\WP4\dss-fork\dss-spi\target\dss-spi-5.12.RC1.jar;C:\Users\amadoria\Documents\Projects\HAPKIDO\WP4\dss-fork\dss-utils\target\dss-utils-5.12.RC1.jar;C:\Users\amadoria\Documents\Projects\HAPKIDO\WP4\dss-fork\dss-crl-parser\target\dss-crl-parser-5.12.RC1.jar;C:\Users\amadoria\.m2\repository\org\junit\platform\junit-platform-launcher\1.9.2\junit-platform-launcher-1.9.2.jar;C:\Users\amadoria\.m2\repository\org\junit\platform\junit-platform-engine\1.9.2\junit-platform-engine-1.9.2.jar;C:\Users\amadoria\.m2\repository\org\opentest4j\opentest4j\1.2.0\opentest4j-1.2.0.jar;C:\Users\amadoria\.m2\repository\org\junit\platform\junit-platform-commons\1.9.2\junit-platform-commons-1.9.2.jar;C:\Users\amadoria\.m2\repository\org\apiguardian\apiguardian-api\1.1.2\apiguardian-api-1.1.2.jar;C:\Users\amadoria\.m2\repository\org\junit\jupiter\junit-jupiter-engine\5.9.2\junit-jupiter-engine-5.9.2.jar;C:\Users\amadoria\.m2\repository\org\junit\jupiter\junit-jupiter-api\5.9.2\junit-jupiter-api-5.9.2.jar;C:\Users\amadoria\.m2\repository\org\junit\jupiter\junit-jupiter-params\5.9.2\junit-jupiter-params-5.9.2.jar;C:\Users\amadoria\.m2\repository\ch\qos\logback\logback-classic\1.3.5\logback-classic-1.3.5.jar;C:\Users\amadoria\.m2\repository\ch\qos\logback\logback-core\1.3.5\logback-core-1.3.5.jar;"/>
    <property name="sun.cpu.endian" value="little"/>
    <property name="user.home" value="C:\Users\amadoria"/>
    <property name="user.language" value="en"/>
    <property name="java.specification.vendor" value="Oracle Corporation"/>
    <property name="java.version.date" value="2023-01-17"/>
    <property name="java.home" value="C:\Program Files\Java\jdk-19"/>
    <property name="file.separator" value="\"/>
    <property name="basedir" value="C:\Users\amadoria\Documents\Projects\HAPKIDO\WP4\dss-fork\dss-token"/>
    <property name="java.vm.compressedOopsMode" value="Zero based"/>
    <property name="line.separator" value="&#10;"/>
    <property name="java.vm.specification.vendor" value="Oracle Corporation"/>
    <property name="java.specification.name" value="Java Platform API Specification"/>
    <property name="surefire.real.class.path" value="C:\Users\amadoria\AppData\Local\Temp\surefire13431589743088422765\surefirebooter-20230428114237113_477.jar"/>
    <property name="user.script" value=""/>
    <property name="sun.management.compiler" value="HotSpot 64-Bit Tiered Compilers"/>
    <property name="java.runtime.version" value="19.0.2+7-44"/>
    <property name="user.name" value="amadoria"/>
    <property name="stdout.encoding" value="Cp1252"/>
    <property name="path.separator" value=";"/>
    <property name="os.version" value="10.0"/>
    <property name="java.runtime.name" value="Java(TM) SE Runtime Environment"/>
    <property name="file.encoding" value="UTF-8"/>
    <property name="java.vm.name" value="Java HotSpot(TM) 64-Bit Server VM"/>
    <property name="localRepository" value="C:\Users\amadoria\.m2\repository"/>
    <property name="java.vendor.url.bug" value="https://bugreport.java.com/bugreport/"/>
    <property name="java.io.tmpdir" value="C:\Users\amadoria\AppData\Local\Temp\"/>
    <property name="java.version" value="19.0.2"/>
    <property name="user.dir" value="C:\Users\amadoria\Documents\Projects\HAPKIDO\WP4\dss-fork\dss-token"/>
    <property name="os.arch" value="amd64"/>
    <property name="java.vm.specification.name" value="Java Virtual Machine Specification"/>
    <property name="sun.os.patch.level" value=""/>
    <property name="native.encoding" value="Cp1252"/>
    <property name="java.library.path" value="C:\Program Files\Java\jdk-19\bin;C:\WINDOWS\Sun\Java\bin;C:\WINDOWS\system32;C:\WINDOWS;C:\Program Files\Common Files\Oracle\Java\javapath;C:\Program Files\Eclipse Adoptium\jdk-17.0.5.8-hotspot\bin;C:\WINDOWS\system32;C:\WINDOWS;C:\WINDOWS\System32\Wbem;C:\WINDOWS\System32\WindowsPowerShell\v1.0\;C:\WINDOWS\System32\OpenSSH\;C:\Program Files\dotnet\;C:\ProgramData\chocolatey\bin;C:\Program Files\Gradle\gradle-8.0.2\bin;C:\Program Files\Maven\apache-maven-3.9.0\bin;;C:\Program Files\Docker\Docker\resources\bin;C:\Users\amadoria\AppData\Local\Programs\Python\Python38\Scripts\;C:\Users\amadoria\AppData\Local\Programs\Python\Python38\;C:\Users\amadoria\AppData\Local\Microsoft\WindowsApps;C:\Users\amadoria\AppData\Local\Programs\MiKTeX\miktex\bin\x64\;C:\Users\amadoria\AppData\Local\Programs\Microsoft VS Code\bin;C:\Users\amadoria\AppData\Roaming\Python\Scripts\;C:\Users\amadoria\AppData\Local\Programs\Git\cmd;C:\Program Files\JetBrains\IntelliJ IDEA Community Edition 2022.3.3\bin;;."/>
    <property name="java.vm.info" value="mixed mode, sharing"/>
    <property name="stderr.encoding" value="Cp1252"/>
    <property name="java.vendor" value="Oracle Corporation"/>
    <property name="java.vm.version" value="19.0.2+7-44"/>
    <property name="sun.io.unicode.encoding" value="UnicodeLittle"/>
    <property name="java.class.version" value="63.0"/>
  </properties>
  <testcase name="testPkcs12(SignatureAlgorithm)[1]" classname="eu.europa.esig.dss.token.SignPlainECDSASignatureAlgorithmTest" time="0.012">
    <system-out><![CDATA[11:42:50.711 [main] INFO eu.europa.esig.dss.token.AbstractSignatureTokenConnection - Signature algorithm : SHA1withPLAIN-ECDSA
11:42:50.716 [main] INFO eu.europa.esig.dss.token.SignPlainECDSASignatureAlgorithmTest - Sig value : YEljDDQpx2qgBZN9Xx35GYUQtQMmpxFtCw6pTHZPK+AmJI05bvzxXfA6Hw5Bxo/vEax+pfB5MTkOV9eN/yrpVg==
]]></system-out>
  </testcase>
  <testcase name="testPkcs12(SignatureAlgorithm)[2]" classname="eu.europa.esig.dss.token.SignPlainECDSASignatureAlgorithmTest" time="0.007">
    <system-out><![CDATA[11:42:50.722 [main] INFO eu.europa.esig.dss.token.AbstractSignatureTokenConnection - Signature algorithm : SHA224withPLAIN-ECDSA
11:42:50.724 [main] INFO eu.europa.esig.dss.token.SignPlainECDSASignatureAlgorithmTest - Sig value : lS6o/N2YZgYm8XVHwKtVtvfHJzR/jDf5303dqronyDvE5S4PMl3fAx6+HOrjcNif9oO+NUw15nc6wt9iiAj15g==
]]></system-out>
  </testcase>
  <testcase name="testPkcs12(SignatureAlgorithm)[3]" classname="eu.europa.esig.dss.token.SignPlainECDSASignatureAlgorithmTest" time="0.009">
    <system-out><![CDATA[11:42:50.731 [main] INFO eu.europa.esig.dss.token.AbstractSignatureTokenConnection - Signature algorithm : SHA256withPLAIN-ECDSA
11:42:50.733 [main] INFO eu.europa.esig.dss.token.SignPlainECDSASignatureAlgorithmTest - Sig value : J72eKiG0mYEBC7PE8HrniU3t0fXiaFLUEztQSItcC2H9T05lCJ/oixAZU9HwKh7BOlueTDrNnS6RcYI14PUKxA==
]]></system-out>
  </testcase>
  <testcase name="testPkcs12(SignatureAlgorithm)[4]" classname="eu.europa.esig.dss.token.SignPlainECDSASignatureAlgorithmTest" time="0.007">
    <system-out><![CDATA[11:42:50.739 [main] INFO eu.europa.esig.dss.token.AbstractSignatureTokenConnection - Signature algorithm : SHA384withPLAIN-ECDSA
11:42:50.741 [main] INFO eu.europa.esig.dss.token.SignPlainECDSASignatureAlgorithmTest - Sig value : PhqlL28TLulVaazIHZquTPc6GYuWIT29o/HmFLD5T7MOV5JLdZItSDXOyhdkNwJIVx2plRQ1xl7bSInbfWBReg==
]]></system-out>
  </testcase>
  <testcase name="testPkcs12(SignatureAlgorithm)[5]" classname="eu.europa.esig.dss.token.SignPlainECDSASignatureAlgorithmTest" time="0.013">
    <system-out><![CDATA[11:42:50.750 [main] INFO eu.europa.esig.dss.token.AbstractSignatureTokenConnection - Signature algorithm : SHA512withPLAIN-ECDSA
11:42:50.754 [main] INFO eu.europa.esig.dss.token.SignPlainECDSASignatureAlgorithmTest - Sig value : rfYcL1CmXxDo22qJvwPWv0NMJCMPO+FTfzGvAOt1E1/kitJq+ZRG77hzyha/nEmnoS1pWybHgnK0ZlJbs/Zwlg==
]]></system-out>
  </testcase>
  <testcase name="testPkcs12(SignatureAlgorithm)[6]" classname="eu.europa.esig.dss.token.SignPlainECDSASignatureAlgorithmTest" time="0.013">
    <system-out><![CDATA[11:42:50.760 [main] INFO eu.europa.esig.dss.token.AbstractSignatureTokenConnection - Signature algorithm : SHA3-224withPLAIN-ECDSA
11:42:50.766 [main] INFO eu.europa.esig.dss.token.SignPlainECDSASignatureAlgorithmTest - Sig value : 314BpMKtHGcSknaIZxD/EFRL1WbZDg45OdvHr6oDScXTM6DKjUlfqFIjjKE6UUHiq57ArTFP0fCLz756GfKOaQ==
]]></system-out>
  </testcase>
  <testcase name="testPkcs12(SignatureAlgorithm)[7]" classname="eu.europa.esig.dss.token.SignPlainECDSASignatureAlgorithmTest" time="0.015">
    <system-out><![CDATA[11:42:50.776 [main] INFO eu.europa.esig.dss.token.AbstractSignatureTokenConnection - Signature algorithm : SHA3-256withPLAIN-ECDSA
11:42:50.781 [main] INFO eu.europa.esig.dss.token.SignPlainECDSASignatureAlgorithmTest - Sig value : PAqP5VGsMdlKJobCuYpeeCh0ZYTFQ0lpg8iFruKGBskoclzVPRYl1aRsxIa6OnQZ0WzNJ9dvYorabar7gZmUaQ==
]]></system-out>
  </testcase>
  <testcase name="testPkcs12(SignatureAlgorithm)[8]" classname="eu.europa.esig.dss.token.SignPlainECDSASignatureAlgorithmTest" time="0.018">
    <system-out><![CDATA[11:42:50.792 [main] INFO eu.europa.esig.dss.token.AbstractSignatureTokenConnection - Signature algorithm : SHA3-384withPLAIN-ECDSA
11:42:50.801 [main] INFO eu.europa.esig.dss.token.SignPlainECDSASignatureAlgorithmTest - Sig value : v0U3PzPdXDqC1baOBbkMLFTjQQXwy421gAo759PaL9X6EFwZyyAtWieXXy3rFf//nCFI7tdXW2MrmCDEnzZjFQ==
]]></system-out>
  </testcase>
  <testcase name="testPkcs12(SignatureAlgorithm)[9]" classname="eu.europa.esig.dss.token.SignPlainECDSASignatureAlgorithmTest" time="0.013">
    <system-out><![CDATA[11:42:50.812 [main] INFO eu.europa.esig.dss.token.AbstractSignatureTokenConnection - Signature algorithm : SHA3-512withPLAIN-ECDSA
11:42:50.817 [main] INFO eu.europa.esig.dss.token.SignPlainECDSASignatureAlgorithmTest - Sig value : mqG+X8Dpqv2Eko2Hr8uLRu6Au458DnHTvT77pVuYmwqOWVsnfkMfvdWWYaY9GjndWnNOdFyHvGUyclYTRq0m1Q==
]]></system-out>
  </testcase>
  <testcase name="testPkcs12(SignatureAlgorithm)[10]" classname="eu.europa.esig.dss.token.SignPlainECDSASignatureAlgorithmTest" time="0.013">
    <system-out><![CDATA[11:42:50.826 [main] INFO eu.europa.esig.dss.token.AbstractSignatureTokenConnection - Signature algorithm : RIPEMD160withPLAIN-ECDSA
11:42:50.829 [main] INFO eu.europa.esig.dss.token.SignPlainECDSASignatureAlgorithmTest - Sig value : OW929q85eaY8+gZe7QCEMwiOuL1Wz2BNKdtEsAJ46tDqfeFNEyMXivwyPGxeKBC0f78J0R9mExkOw5txFFrjIA==
]]></system-out>
  </testcase>
</testsuite>