<?xml version="1.0" encoding="UTF-8"?>
<testsuite xmlns:xsi="http://www.w3.org/2001/XMLSchema-instance" xsi:noNamespaceSchemaLocation="https://maven.apache.org/surefire/maven-surefire-plugin/xsd/surefire-test-report-3.0.xsd" version="3.0" name="eu.europa.esig.dss.token.SignDigestECDSATest" time="0.308" tests="10" errors="0" skipped="0" failures="0">
  <properties>
    <property name="java.specification.version" value="19"/>
    <property name="sun.cpu.isalist" value="amd64"/>
    <property name="sun.jnu.encoding" value="Cp1252"/>
    <property name="java.class.path" value="C:\Users\amadoria\Documents\Projects\HAPKIDO\WP4\dss-fork\dss-token\target\test-classes;C:\Users\amadoria\Documents\Projects\HAPKIDO\WP4\dss-fork\dss-token\target\classes;C:\Users\amadoria\Documents\Projects\HAPKIDO\WP4\dss-fork\dss-model\target\dss-model-5.12.RC1.jar;C:\Users\amadoria\Documents\Projects\HAPKIDO\WP4\dss-fork\dss-enumerations\target\dss-enumerations-5.12.RC1.jar;C:\Users\amadoria\Documents\Projects\HAPKIDO\WP4\dss-fork\dss-token\libs\bcpkix-jdk18on-173b20.jar;C:\Users\amadoria\Documents\Projects\HAPKIDO\WP4\dss-fork\dss-token\libs\bcprov-jdk18on-173b20.jar;C:\Users\amadoria\Documents\Projects\HAPKIDO\WP4\dss-fork\dss-token\libs\bcutil-jdk18on-173b20.jar;C:\Users\amadoria\.m2\repository\org\slf4j\slf4j-api\2.0.6\slf4j-api-2.0.6.jar;C:\Users\amadoria\Documents\Projects\HAPKIDO\WP4\dss-fork\dss-spi\target\dss-spi-5.12.RC1.jar;C:\Users\amadoria\Documents\Projects\HAPKIDO\WP4\dss-fork\dss-utils\target\dss-utils-5.12.RC1.jar;C:\Users\amadoria\Documents\Projects\HAPKIDO\WP4\dss-fork\dss-crl-parser\target\dss-crl-parser-5.12.RC1.jar;C:\Users\amadoria\.m2\repository\org\junit\platform\junit-platform-launcher\1.9.2\junit-platform-launcher-1.9.2.jar;C:\Users\amadoria\.m2\repository\org\junit\platform\junit-platform-engine\1.9.2\junit-platform-engine-1.9.2.jar;C:\Users\amadoria\.m2\repository\org\opentest4j\opentest4j\1.2.0\opentest4j-1.2.0.jar;C:\Users\amadoria\.m2\repository\org\junit\platform\junit-platform-commons\1.9.2\junit-platform-commons-1.9.2.jar;C:\Users\amadoria\.m2\repository\org\apiguardian\apiguardian-api\1.1.2\apiguardian-api-1.1.2.jar;C:\Users\amadoria\.m2\repository\org\junit\jupiter\junit-jupiter-engine\5.9.2\junit-jupiter-engine-5.9.2.jar;C:\Users\amadoria\.m2\repository\org\junit\jupiter\junit-jupiter-api\5.9.2\junit-jupiter-api-5.9.2.jar;C:\Users\amadoria\.m2\repository\org\junit\jupiter\junit-jupiter-params\5.9.2\junit-jupiter-params-5.9.2.jar;C:\Users\amadoria\.m2\repository\ch\qos\logback\logback-classic\1.3.5\logback-classic-1.3.5.jar;C:\Users\amadoria\.m2\repository\ch\qos\logback\logback-core\1.3.5\logback-core-1.3.5.jar;"/>
    <property name="java.vm.vendor" value="Oracle Corporation"/>
    <property name="sun.arch.data.model" value="64"/>
    <property name="user.variant" value=""/>
    <property name="java.vendor.url" value="https://java.oracle.com/"/>
    <property name="user.timezone" value="Europe/Amsterdam"/>
    <property name="os.name" value="Windows 10"/>
    <property name="java.vm.specification.version" value="19"/>
    <property name="sun.java.launcher" value="SUN_STANDARD"/>
    <property name="user.country" value="US"/>
    <property name="sun.boot.library.path" value="C:\Program Files\Java\jdk-19\bin"/>
    <property name="sun.java.command" value="C:\Users\amadoria\AppData\Local\Temp\surefire13431589743088422765\surefirebooter-20230428114237113_477.jar C:\Users\amadoria\AppData\Local\Temp\surefire13431589743088422765 2023-04-28T11-29-53_553-jvmRun1 surefire-20230428114237113_475tmp surefire_29-20230428114237113_476tmp"/>
    <property name="jdk.debug" value="release"/>
    <property name="surefire.test.class.path" value="C:\Users\amadoria\Documents\Projects\HAPKIDO\WP4\dss-fork\dss-token\target\test-classes;C:\Users\amadoria\Documents\Projects\HAPKIDO\WP4\dss-fork\dss-token\target\classes;C:\Users\amadoria\Documents\Projects\HAPKIDO\WP4\dss-fork\dss-model\target\dss-model-5.12.RC1.jar;C:\Users\amadoria\Documents\Projects\HAPKIDO\WP4\dss-fork\dss-enumerations\target\dss-enumerations-5.12.RC1.jar;C:\Users\amadoria\Documents\Projects\HAPKIDO\WP4\dss-fork\dss-token\libs\bcpkix-jdk18on-173b20.jar;C:\Users\amadoria\Documents\Projects\HAPKIDO\WP4\dss-fork\dss-token\libs\bcprov-jdk18on-173b20.jar;C:\Users\amadoria\Documents\Projects\HAPKIDO\WP4\dss-fork\dss-token\libs\bcutil-jdk18on-173b20.jar;C:\Users\amadoria\.m2\repository\org\slf4j\slf4j-api\2.0.6\slf4j-api-2.0.6.jar;C:\Users\amadoria\Documents\Projects\HAPKIDO\WP4\dss-fork\dss-spi\target\dss-spi-5.12.RC1.jar;C:\Users\amadoria\Documents\Projects\HAPKIDO\WP4\dss-fork\dss-utils\target\dss-utils-5.12.RC1.jar;C:\Users\amadoria\Documents\Projects\HAPKIDO\WP4\dss-fork\dss-crl-parser\target\dss-crl-parser-5.12.RC1.jar;C:\Users\amadoria\.m2\repository\org\junit\platform\junit-platform-launcher\1.9.2\junit-platform-launcher-1.9.2.jar;C:\Users\amadoria\.m2\repository\org\junit\platform\junit-platform-engine\1.9.2\junit-platform-engine-1.9.2.jar;C:\Users\amadoria\.m2\repository\org\opentest4j\opentest4j\1.2.0\opentest4j-1.2.0.jar;C:\Users\amadoria\.m2\repository\org\junit\platform\junit-platform-commons\1.9.2\junit-platform-commons-1.9.2.jar;C:\Users\amadoria\.m2\repository\org\apiguardian\apiguardian-api\1.1.2\apiguardian-api-1.1.2.jar;C:\Users\amadoria\.m2\repository\org\junit\jupiter\junit-jupiter-engine\5.9.2\junit-jupiter-engine-5.9.2.jar;C:\Users\amadoria\.m2\repository\org\junit\jupiter\junit-jupiter-api\5.9.2\junit-jupiter-api-5.9.2.jar;C:\Users\amadoria\.m2\repository\org\junit\jupiter\junit-jupiter-params\5.9.2\junit-jupiter-params-5.9.2.jar;C:\Users\amadoria\.m2\repository\ch\qos\logback\logback-classic\1.3.5\logback-classic-1.3.5.jar;C:\Users\amadoria\.m2\repository\ch\qos\logback\logback-core\1.3.5\logback-core-1.3.5.jar;"/>
    <property name="sun.cpu.endian" value="little"/>
    <property name="user.home" value="C:\Users\amadoria"/>
    <property name="user.language" value="en"/>
    <property name="java.specification.vendor" value="Oracle Corporation"/>
    <property name="java.version.date" value="2023-01-17"/>
    <property name="java.home" value="C:\Program Files\Java\jdk-19"/>
    <property name="file.separator" value="\"/>
    <property name="basedir" value="C:\Users\amadoria\Documents\Projects\HAPKIDO\WP4\dss-fork\dss-token"/>
    <property name="java.vm.compressedOopsMode" value="Zero based"/>
    <property name="line.separator" value="&#10;"/>
    <property name="java.vm.specification.vendor" value="Oracle Corporation"/>
    <property name="java.specification.name" value="Java Platform API Specification"/>
    <property name="surefire.real.class.path" value="C:\Users\amadoria\AppData\Local\Temp\surefire13431589743088422765\surefirebooter-20230428114237113_477.jar"/>
    <property name="user.script" value=""/>
    <property name="sun.management.compiler" value="HotSpot 64-Bit Tiered Compilers"/>
    <property name="java.runtime.version" value="19.0.2+7-44"/>
    <property name="user.name" value="amadoria"/>
    <property name="stdout.encoding" value="Cp1252"/>
    <property name="path.separator" value=";"/>
    <property name="os.version" value="10.0"/>
    <property name="java.runtime.name" value="Java(TM) SE Runtime Environment"/>
    <property name="file.encoding" value="UTF-8"/>
    <property name="java.vm.name" value="Java HotSpot(TM) 64-Bit Server VM"/>
    <property name="localRepository" value="C:\Users\amadoria\.m2\repository"/>
    <property name="java.vendor.url.bug" value="https://bugreport.java.com/bugreport/"/>
    <property name="java.io.tmpdir" value="C:\Users\amadoria\AppData\Local\Temp\"/>
    <property name="java.version" value="19.0.2"/>
    <property name="user.dir" value="C:\Users\amadoria\Documents\Projects\HAPKIDO\WP4\dss-fork\dss-token"/>
    <property name="os.arch" value="amd64"/>
    <property name="java.vm.specification.name" value="Java Virtual Machine Specification"/>
    <property name="sun.os.patch.level" value=""/>
    <property name="native.encoding" value="Cp1252"/>
    <property name="java.library.path" value="C:\Program Files\Java\jdk-19\bin;C:\WINDOWS\Sun\Java\bin;C:\WINDOWS\system32;C:\WINDOWS;C:\Program Files\Common Files\Oracle\Java\javapath;C:\Program Files\Eclipse Adoptium\jdk-17.0.5.8-hotspot\bin;C:\WINDOWS\system32;C:\WINDOWS;C:\WINDOWS\System32\Wbem;C:\WINDOWS\System32\WindowsPowerShell\v1.0\;C:\WINDOWS\System32\OpenSSH\;C:\Program Files\dotnet\;C:\ProgramData\chocolatey\bin;C:\Program Files\Gradle\gradle-8.0.2\bin;C:\Program Files\Maven\apache-maven-3.9.0\bin;;C:\Program Files\Docker\Docker\resources\bin;C:\Users\amadoria\AppData\Local\Programs\Python\Python38\Scripts\;C:\Users\amadoria\AppData\Local\Programs\Python\Python38\;C:\Users\amadoria\AppData\Local\Microsoft\WindowsApps;C:\Users\amadoria\AppData\Local\Programs\MiKTeX\miktex\bin\x64\;C:\Users\amadoria\AppData\Local\Programs\Microsoft VS Code\bin;C:\Users\amadoria\AppData\Roaming\Python\Scripts\;C:\Users\amadoria\AppData\Local\Programs\Git\cmd;C:\Program Files\JetBrains\IntelliJ IDEA Community Edition 2022.3.3\bin;;."/>
    <property name="java.vm.info" value="mixed mode, sharing"/>
    <property name="stderr.encoding" value="Cp1252"/>
    <property name="java.vendor" value="Oracle Corporation"/>
    <property name="java.vm.version" value="19.0.2+7-44"/>
    <property name="sun.io.unicode.encoding" value="UnicodeLittle"/>
    <property name="java.class.version" value="63.0"/>
  </properties>
  <testcase name="testPkcs12(DigestAlgorithm)[1]" classname="eu.europa.esig.dss.token.SignDigestECDSATest" time="0.03">
    <system-out><![CDATA[11:42:47.841 [main] INFO eu.europa.esig.dss.token.AbstractSignatureTokenConnection - Signature algorithm : SHA1withECDSA
11:42:47.843 [main] INFO eu.europa.esig.dss.token.SignDigestECDSATest - Sig value : MEUCIQDpCEm2Gh4DOft40nkWSSKRpcF3OLLg2I+VXt9wsDN7HwIgTobIkPZJ7NenOhmRDRvhEn/lovz+x40Gw5Lhg5fADvU=
11:42:47.850 [main] INFO eu.europa.esig.dss.token.AbstractSignatureTokenConnection - Signature algorithm : NONEwithECDSA
11:42:47.853 [main] INFO eu.europa.esig.dss.token.SignDigestECDSATest - Sig value : MEUCIQCO6/LdptVWDNM160VRvB3XJhaj8RSdxeCvoduiextbdAIgK/V0SItl7ztgqXrUmEr0puL4dUy7t4kdKBFP/1mcUoM=
]]></system-out>
  </testcase>
  <testcase name="testPkcs12(DigestAlgorithm)[2]" classname="eu.europa.esig.dss.token.SignDigestECDSATest" time="0.029">
    <system-out><![CDATA[11:42:47.883 [main] INFO eu.europa.esig.dss.token.AbstractSignatureTokenConnection - Signature algorithm : SHA224withECDSA
11:42:47.886 [main] INFO eu.europa.esig.dss.token.SignDigestECDSATest - Sig value : MEYCIQDOhRp+3EGU3J57a8MwNIXKDcbpKlT+4s7avzTT7yZaQQIhAJXGi1pIvl3E5K9/A6HqiTlInqVTeYXFE3g19+lHB4V5
11:42:47.889 [main] INFO eu.europa.esig.dss.token.AbstractSignatureTokenConnection - Signature algorithm : NONEwithECDSA
11:42:47.891 [main] INFO eu.europa.esig.dss.token.SignDigestECDSATest - Sig value : MEQCIHLUK1iKrBDHewQeFa3ETeO9MECMnIbPZtkNRNkSp2Z4AiA2/5y/IOvEORd+zJG8eXEDhQeIoMHklt+2spqQD/bOLg==
]]></system-out>
  </testcase>
  <testcase name="testPkcs12(DigestAlgorithm)[3]" classname="eu.europa.esig.dss.token.SignDigestECDSATest" time="0.027">
    <system-out><![CDATA[11:42:47.905 [main] INFO eu.europa.esig.dss.token.AbstractSignatureTokenConnection - Signature algorithm : SHA256withECDSA
11:42:47.908 [main] INFO eu.europa.esig.dss.token.SignDigestECDSATest - Sig value : MEUCIQDt2AsAe+Xhvq9pMESYcDPFkZ7JsCR/PCCw8dRRUfUanQIgXn4CJZv9BR+37GBjQ2RGU5YkpoL7UJyIpIFqzM6Rmg4=
11:42:47.913 [main] INFO eu.europa.esig.dss.token.AbstractSignatureTokenConnection - Signature algorithm : NONEwithECDSA
11:42:47.916 [main] INFO eu.europa.esig.dss.token.SignDigestECDSATest - Sig value : MEUCIETT73vaSdPUb2xYdnKiGmp5xO+hVUKYo0sFGkJbJVn5AiEAwEkZilT+L+7JZ0GKAP3udIq5ybXEY1Jp0RrfZCo2p1o=
]]></system-out>
  </testcase>
  <testcase name="testPkcs12(DigestAlgorithm)[4]" classname="eu.europa.esig.dss.token.SignDigestECDSATest" time="0.031">
    <system-out><![CDATA[11:42:47.937 [main] INFO eu.europa.esig.dss.token.AbstractSignatureTokenConnection - Signature algorithm : SHA384withECDSA
11:42:47.939 [main] INFO eu.europa.esig.dss.token.SignDigestECDSATest - Sig value : MEUCIQDEawPrjSyqJM/YzqkIsci9AE210rBuAZjaR14+L0GwLgIgHJBgMs+lBcCxcqGcnTh2YEW4qfkSFBJfKFeLz3vNAJo=
11:42:47.946 [main] INFO eu.europa.esig.dss.token.AbstractSignatureTokenConnection - Signature algorithm : NONEwithECDSA
11:42:47.952 [main] INFO eu.europa.esig.dss.token.SignDigestECDSATest - Sig value : MEUCIQCXP0fn+Zg8zjqePH5VsFFmZ3Krw8gs4Z+XrnUKPeCIKAIgeXKZAmn/yqEKHKP0gtSe+yubPl9HFkwRIudhWBnAXkU=
]]></system-out>
  </testcase>
  <testcase name="testPkcs12(DigestAlgorithm)[5]" classname="eu.europa.esig.dss.token.SignDigestECDSATest" time="0.025">
    <system-out><![CDATA[11:42:47.969 [main] INFO eu.europa.esig.dss.token.AbstractSignatureTokenConnection - Signature algorithm : SHA512withECDSA
11:42:47.971 [main] INFO eu.europa.esig.dss.token.SignDigestECDSATest - Sig value : MEYCIQC+fZmrJQcxGn5dCr7BZosrPc3DMisxu2K1HBzFzWLcewIhAKDsg7tmpHWjIy5pY5A1cmsD7ZbNSCbxyBOfyBsOawu7
11:42:47.975 [main] INFO eu.europa.esig.dss.token.AbstractSignatureTokenConnection - Signature algorithm : NONEwithECDSA
11:42:47.977 [main] INFO eu.europa.esig.dss.token.SignDigestECDSATest - Sig value : MEUCIHumsJxtkhgpQ2kXG9tyjV6l3eGEz38amUUy8lWLrLouAiEAlQ2x36pf8OcbCamTenpOfRLbygjHQSoGm4EbkRtu+yY=
]]></system-out>
  </testcase>
  <testcase name="testPkcs12(DigestAlgorithm)[6]" classname="eu.europa.esig.dss.token.SignDigestECDSATest" time="0.03">
    <system-out><![CDATA[11:42:47.998 [main] INFO eu.europa.esig.dss.token.AbstractSignatureTokenConnection - Signature algorithm : SHA3-224withECDSA
11:42:48.001 [main] INFO eu.europa.esig.dss.token.SignDigestECDSATest - Sig value : MEQCIC5hGmzSER9GKuPCfZvbhDSxm4YoMnIj/pDoZ1zTXKOvAiAAisLlGHJTsGs5ooiHsqZZWfJg5cdTeg8yOPX3W9MfRA==
11:42:48.007 [main] INFO eu.europa.esig.dss.token.AbstractSignatureTokenConnection - Signature algorithm : NONEwithECDSA
11:42:48.009 [main] INFO eu.europa.esig.dss.token.SignDigestECDSATest - Sig value : MEYCIQCHVTVosvUPu4/WulOqfW6rvh1MFX6X04o0QwhlbhexZQIhALzpfGavYar7IIx2jH5OGrx5weDXLB9w42muNBkd+1+d
]]></system-out>
  </testcase>
  <testcase name="testPkcs12(DigestAlgorithm)[7]" classname="eu.europa.esig.dss.token.SignDigestECDSATest" time="0.021">
    <system-out><![CDATA[11:42:48.026 [main] INFO eu.europa.esig.dss.token.AbstractSignatureTokenConnection - Signature algorithm : SHA3-256withECDSA
11:42:48.029 [main] INFO eu.europa.esig.dss.token.SignDigestECDSATest - Sig value : MEUCICH5C+TjoN0mmO22QaTYZdsMxH5yih1esUw87uo2SSUEAiEAkgEbn9Tn4n1gW1hzK2/pwy1d8tRlH9yM9wUPlQuyWfo=
11:42:48.034 [main] INFO eu.europa.esig.dss.token.AbstractSignatureTokenConnection - Signature algorithm : NONEwithECDSA
11:42:48.037 [main] INFO eu.europa.esig.dss.token.SignDigestECDSATest - Sig value : MEQCIFnzqrPL/8le1xbfL8b3Ir8ZQHQSta3VLpohLqZ5KapxAiBhoi5r4K//Bu6RPwZ3dZYbJ27Jto0P7uPEkbgOQDxxfw==
]]></system-out>
  </testcase>
  <testcase name="testPkcs12(DigestAlgorithm)[8]" classname="eu.europa.esig.dss.token.SignDigestECDSATest" time="0.022">
    <system-out><![CDATA[11:42:48.050 [main] INFO eu.europa.esig.dss.token.AbstractSignatureTokenConnection - Signature algorithm : SHA3-384withECDSA
11:42:48.052 [main] INFO eu.europa.esig.dss.token.SignDigestECDSATest - Sig value : MEUCIDwRJrzKDZpNVYZENq3YHvJ4w8htsHJC9YnhVLIc+3eQAiEA7STdLK4Us22kgNYK/BCVmF47CW/zAMPorhkNNe/m4Xo=
11:42:48.056 [main] INFO eu.europa.esig.dss.token.AbstractSignatureTokenConnection - Signature algorithm : NONEwithECDSA
11:42:48.059 [main] INFO eu.europa.esig.dss.token.SignDigestECDSATest - Sig value : MEUCIQCEBnrVqCoB+NusRcbSFKtBhcxlcz3jTlP9c0ztTzYN6AIgAt6PhECalAgY/Uvm37WGVjNvkv+TuXzH6YkCm3ULU/0=
]]></system-out>
  </testcase>
  <testcase name="testPkcs12(DigestAlgorithm)[9]" classname="eu.europa.esig.dss.token.SignDigestECDSATest" time="0.026">
    <system-out><![CDATA[11:42:48.075 [main] INFO eu.europa.esig.dss.token.AbstractSignatureTokenConnection - Signature algorithm : SHA3-512withECDSA
11:42:48.077 [main] INFO eu.europa.esig.dss.token.SignDigestECDSATest - Sig value : MEQCIBjLsYsjLJbQwEsRARru6SjnvgBp1SUDoEsMQjEtbcgKAiAiVWAoQvh0tSLhiKl07Xexm5BhAc8ARmGOJuR/eCbKgQ==
11:42:48.082 [main] INFO eu.europa.esig.dss.token.AbstractSignatureTokenConnection - Signature algorithm : NONEwithECDSA
11:42:48.088 [main] INFO eu.europa.esig.dss.token.SignDigestECDSATest - Sig value : MEUCICjhQ+ELzxE/ol5TZsrTt+4erJa/wVKHoe9dRAN6Hx8EAiEA8LjGXTNQHp61ktlSOGzWn801vltQGrWLUdqPtZZonD0=
]]></system-out>
  </testcase>
  <testcase name="testPkcs12(DigestAlgorithm)[10]" classname="eu.europa.esig.dss.token.SignDigestECDSATest" time="0.035">
    <system-out><![CDATA[11:42:48.110 [main] INFO eu.europa.esig.dss.token.AbstractSignatureTokenConnection - Signature algorithm : RIPEMD160withECDSA
11:42:48.118 [main] INFO eu.europa.esig.dss.token.SignDigestECDSATest - Sig value : MEUCIQCLNE6mBUv/76U1XQqtByINkjAPV9zaoz5/mFoUgK4ltgIgP5qe/i02/gYGJ2m8IYczizPGu3Y2UdDaAhPJ/rNzIfQ=
11:42:48.122 [main] INFO eu.europa.esig.dss.token.AbstractSignatureTokenConnection - Signature algorithm : NONEwithECDSA
11:42:48.125 [main] INFO eu.europa.esig.dss.token.SignDigestECDSATest - Sig value : MEUCIQDYJT0y6es+kb60kOQ7w/PW1y4fD+NTyH9+VVS3vDWQbgIgSQLzGIceLWskzXuVh3LIh0hUq2B9EwGi9lkxz3mVa7c=
]]></system-out>
  </testcase>
</testsuite>