<?xml version="1.0" encoding="UTF-8"?>
<testsuite xmlns:xsi="http://www.w3.org/2001/XMLSchema-instance" xsi:noNamespaceSchemaLocation="https://maven.apache.org/surefire/maven-surefire-plugin/xsd/surefire-test-report-3.0.xsd" version="3.0" name="eu.europa.esig.dss.token.SignDigestRSASSAPSSTest" time="0.297" tests="9" errors="0" skipped="0" failures="0">
  <properties>
    <property name="java.specification.version" value="19"/>
    <property name="sun.cpu.isalist" value="amd64"/>
    <property name="sun.jnu.encoding" value="Cp1252"/>
    <property name="java.class.path" value="C:\Users\amadoria\Documents\Projects\HAPKIDO\WP4\dss-fork\dss-token\target\test-classes;C:\Users\amadoria\Documents\Projects\HAPKIDO\WP4\dss-fork\dss-token\target\classes;C:\Users\amadoria\Documents\Projects\HAPKIDO\WP4\dss-fork\dss-model\target\dss-model-5.12.RC1.jar;C:\Users\amadoria\Documents\Projects\HAPKIDO\WP4\dss-fork\dss-enumerations\target\dss-enumerations-5.12.RC1.jar;C:\Users\amadoria\Documents\Projects\HAPKIDO\WP4\dss-fork\dss-token\libs\bcpkix-jdk18on-173b20.jar;C:\Users\amadoria\Documents\Projects\HAPKIDO\WP4\dss-fork\dss-token\libs\bcprov-jdk18on-173b20.jar;C:\Users\amadoria\Documents\Projects\HAPKIDO\WP4\dss-fork\dss-token\libs\bcutil-jdk18on-173b20.jar;C:\Users\amadoria\.m2\repository\org\slf4j\slf4j-api\2.0.6\slf4j-api-2.0.6.jar;C:\Users\amadoria\Documents\Projects\HAPKIDO\WP4\dss-fork\dss-spi\target\dss-spi-5.12.RC1.jar;C:\Users\amadoria\Documents\Projects\HAPKIDO\WP4\dss-fork\dss-utils\target\dss-utils-5.12.RC1.jar;C:\Users\amadoria\Documents\Projects\HAPKIDO\WP4\dss-fork\dss-crl-parser\target\dss-crl-parser-5.12.RC1.jar;C:\Users\amadoria\.m2\repository\org\junit\platform\junit-platform-launcher\1.9.2\junit-platform-launcher-1.9.2.jar;C:\Users\amadoria\.m2\repository\org\junit\platform\junit-platform-engine\1.9.2\junit-platform-engine-1.9.2.jar;C:\Users\amadoria\.m2\repository\org\opentest4j\opentest4j\1.2.0\opentest4j-1.2.0.jar;C:\Users\amadoria\.m2\repository\org\junit\platform\junit-platform-commons\1.9.2\junit-platform-commons-1.9.2.jar;C:\Users\amadoria\.m2\repository\org\apiguardian\apiguardian-api\1.1.2\apiguardian-api-1.1.2.jar;C:\Users\amadoria\.m2\repository\org\junit\jupiter\junit-jupiter-engine\5.9.2\junit-jupiter-engine-5.9.2.jar;C:\Users\amadoria\.m2\repository\org\junit\jupiter\junit-jupiter-api\5.9.2\junit-jupiter-api-5.9.2.jar;C:\Users\amadoria\.m2\repository\org\junit\jupiter\junit-jupiter-params\5.9.2\junit-jupiter-params-5.9.2.jar;C:\Users\amadoria\.m2\repository\ch\qos\logback\logback-classic\1.3.5\logback-classic-1.3.5.jar;C:\Users\amadoria\.m2\repository\ch\qos\logback\logback-core\1.3.5\logback-core-1.3.5.jar;"/>
    <property name="java.vm.vendor" value="Oracle Corporation"/>
    <property name="sun.arch.data.model" value="64"/>
    <property name="user.variant" value=""/>
    <property name="java.vendor.url" value="https://java.oracle.com/"/>
    <property name="user.timezone" value="Europe/Amsterdam"/>
    <property name="os.name" value="Windows 10"/>
    <property name="java.vm.specification.version" value="19"/>
    <property name="sun.java.launcher" value="SUN_STANDARD"/>
    <property name="user.country" value="US"/>
    <property name="sun.boot.library.path" value="C:\Program Files\Java\jdk-19\bin"/>
    <property name="sun.java.command" value="C:\Users\amadoria\AppData\Local\Temp\surefire13431589743088422765\surefirebooter-20230428114237113_477.jar C:\Users\amadoria\AppData\Local\Temp\surefire13431589743088422765 2023-04-28T11-29-53_553-jvmRun1 surefire-20230428114237113_475tmp surefire_29-20230428114237113_476tmp"/>
    <property name="jdk.debug" value="release"/>
    <property name="surefire.test.class.path" value="C:\Users\amadoria\Documents\Projects\HAPKIDO\WP4\dss-fork\dss-token\target\test-classes;C:\Users\amadoria\Documents\Projects\HAPKIDO\WP4\dss-fork\dss-token\target\classes;C:\Users\amadoria\Documents\Projects\HAPKIDO\WP4\dss-fork\dss-model\target\dss-model-5.12.RC1.jar;C:\Users\amadoria\Documents\Projects\HAPKIDO\WP4\dss-fork\dss-enumerations\target\dss-enumerations-5.12.RC1.jar;C:\Users\amadoria\Documents\Projects\HAPKIDO\WP4\dss-fork\dss-token\libs\bcpkix-jdk18on-173b20.jar;C:\Users\amadoria\Documents\Projects\HAPKIDO\WP4\dss-fork\dss-token\libs\bcprov-jdk18on-173b20.jar;C:\Users\amadoria\Documents\Projects\HAPKIDO\WP4\dss-fork\dss-token\libs\bcutil-jdk18on-173b20.jar;C:\Users\amadoria\.m2\repository\org\slf4j\slf4j-api\2.0.6\slf4j-api-2.0.6.jar;C:\Users\amadoria\Documents\Projects\HAPKIDO\WP4\dss-fork\dss-spi\target\dss-spi-5.12.RC1.jar;C:\Users\amadoria\Documents\Projects\HAPKIDO\WP4\dss-fork\dss-utils\target\dss-utils-5.12.RC1.jar;C:\Users\amadoria\Documents\Projects\HAPKIDO\WP4\dss-fork\dss-crl-parser\target\dss-crl-parser-5.12.RC1.jar;C:\Users\amadoria\.m2\repository\org\junit\platform\junit-platform-launcher\1.9.2\junit-platform-launcher-1.9.2.jar;C:\Users\amadoria\.m2\repository\org\junit\platform\junit-platform-engine\1.9.2\junit-platform-engine-1.9.2.jar;C:\Users\amadoria\.m2\repository\org\opentest4j\opentest4j\1.2.0\opentest4j-1.2.0.jar;C:\Users\amadoria\.m2\repository\org\junit\platform\junit-platform-commons\1.9.2\junit-platform-commons-1.9.2.jar;C:\Users\amadoria\.m2\repository\org\apiguardian\apiguardian-api\1.1.2\apiguardian-api-1.1.2.jar;C:\Users\amadoria\.m2\repository\org\junit\jupiter\junit-jupiter-engine\5.9.2\junit-jupiter-engine-5.9.2.jar;C:\Users\amadoria\.m2\repository\org\junit\jupiter\junit-jupiter-api\5.9.2\junit-jupiter-api-5.9.2.jar;C:\Users\amadoria\.m2\repository\org\junit\jupiter\junit-jupiter-params\5.9.2\junit-jupiter-params-5.9.2.jar;C:\Users\amadoria\.m2\repository\ch\qos\logback\logback-classic\1.3.5\logback-classic-1.3.5.jar;C:\Users\amadoria\.m2\repository\ch\qos\logback\logback-core\1.3.5\logback-core-1.3.5.jar;"/>
    <property name="sun.cpu.endian" value="little"/>
    <property name="user.home" value="C:\Users\amadoria"/>
    <property name="user.language" value="en"/>
    <property name="java.specification.vendor" value="Oracle Corporation"/>
    <property name="java.version.date" value="2023-01-17"/>
    <property name="java.home" value="C:\Program Files\Java\jdk-19"/>
    <property name="file.separator" value="\"/>
    <property name="basedir" value="C:\Users\amadoria\Documents\Projects\HAPKIDO\WP4\dss-fork\dss-token"/>
    <property name="java.vm.compressedOopsMode" value="Zero based"/>
    <property name="line.separator" value="&#10;"/>
    <property name="java.vm.specification.vendor" value="Oracle Corporation"/>
    <property name="java.specification.name" value="Java Platform API Specification"/>
    <property name="surefire.real.class.path" value="C:\Users\amadoria\AppData\Local\Temp\surefire13431589743088422765\surefirebooter-20230428114237113_477.jar"/>
    <property name="user.script" value=""/>
    <property name="sun.management.compiler" value="HotSpot 64-Bit Tiered Compilers"/>
    <property name="java.runtime.version" value="19.0.2+7-44"/>
    <property name="user.name" value="amadoria"/>
    <property name="stdout.encoding" value="Cp1252"/>
    <property name="path.separator" value=";"/>
    <property name="os.version" value="10.0"/>
    <property name="java.runtime.name" value="Java(TM) SE Runtime Environment"/>
    <property name="file.encoding" value="UTF-8"/>
    <property name="java.vm.name" value="Java HotSpot(TM) 64-Bit Server VM"/>
    <property name="localRepository" value="C:\Users\amadoria\.m2\repository"/>
    <property name="java.vendor.url.bug" value="https://bugreport.java.com/bugreport/"/>
    <property name="java.io.tmpdir" value="C:\Users\amadoria\AppData\Local\Temp\"/>
    <property name="java.version" value="19.0.2"/>
    <property name="user.dir" value="C:\Users\amadoria\Documents\Projects\HAPKIDO\WP4\dss-fork\dss-token"/>
    <property name="os.arch" value="amd64"/>
    <property name="java.vm.specification.name" value="Java Virtual Machine Specification"/>
    <property name="sun.os.patch.level" value=""/>
    <property name="native.encoding" value="Cp1252"/>
    <property name="java.library.path" value="C:\Program Files\Java\jdk-19\bin;C:\WINDOWS\Sun\Java\bin;C:\WINDOWS\system32;C:\WINDOWS;C:\Program Files\Common Files\Oracle\Java\javapath;C:\Program Files\Eclipse Adoptium\jdk-17.0.5.8-hotspot\bin;C:\WINDOWS\system32;C:\WINDOWS;C:\WINDOWS\System32\Wbem;C:\WINDOWS\System32\WindowsPowerShell\v1.0\;C:\WINDOWS\System32\OpenSSH\;C:\Program Files\dotnet\;C:\ProgramData\chocolatey\bin;C:\Program Files\Gradle\gradle-8.0.2\bin;C:\Program Files\Maven\apache-maven-3.9.0\bin;;C:\Program Files\Docker\Docker\resources\bin;C:\Users\amadoria\AppData\Local\Programs\Python\Python38\Scripts\;C:\Users\amadoria\AppData\Local\Programs\Python\Python38\;C:\Users\amadoria\AppData\Local\Microsoft\WindowsApps;C:\Users\amadoria\AppData\Local\Programs\MiKTeX\miktex\bin\x64\;C:\Users\amadoria\AppData\Local\Programs\Microsoft VS Code\bin;C:\Users\amadoria\AppData\Roaming\Python\Scripts\;C:\Users\amadoria\AppData\Local\Programs\Git\cmd;C:\Program Files\JetBrains\IntelliJ IDEA Community Edition 2022.3.3\bin;;."/>
    <property name="java.vm.info" value="mixed mode, sharing"/>
    <property name="stderr.encoding" value="Cp1252"/>
    <property name="java.vendor" value="Oracle Corporation"/>
    <property name="java.vm.version" value="19.0.2+7-44"/>
    <property name="sun.io.unicode.encoding" value="UnicodeLittle"/>
    <property name="java.class.version" value="63.0"/>
  </properties>
  <testcase name="testPkcs12PSS(DigestAlgorithm)[1]" classname="eu.europa.esig.dss.token.SignDigestRSASSAPSSTest" time="0.052">
    <system-out><![CDATA[11:42:49.590 [main] INFO eu.europa.esig.dss.token.AbstractSignatureTokenConnection - Signature algorithm : SHA1withRSAandMGF1
11:42:49.593 [main] INFO eu.europa.esig.dss.token.SignDigestRSASSAPSSTest - Sig value : b/1Gull0e91chHoWgqi0nUvkqoyK9gVTm+tuuWmmj1GGG9diVtjwAQwsmWGmgdRQZnEEKIQtk36yZlXVSE9UVWOYH5RJpMNLezF+vSVdaxVIwfuTqIKY0W72WMcvc71DETwU4rR58HIxytLhz3oUeTWhrMXNnsZwyAV8rJEoYtI25F6mPRRy3N2A2dErfgNHbvDGNs6QXJ7y2xErUPBfzy8eLo7UeNqbLgDifeBkt3ZajyQvlP9zKIxZfZkWnrTgUnKsD+aOzNI44/q+byQprW1aN+PG+u57juse5TXMtd+ZGsghb/bttGgvGTTUbC18F/Xfuwd7KF8zNsGzqEy2sg==
11:42:49.597 [main] INFO eu.europa.esig.dss.token.SignDigestRSASSAPSSTest - Decrypted : d7TyyVx0kKxBdmq+uLrM3LUFpgy231I1uA65xPtUWvjMIuuAsJPA22/yB0us1Pw5ovqgHZnqxY7oGPsDxpTR2rxY9SMXUIeEBLLH21cp9IW+BGdiP8ndPYLe9JQ1CIN3T0xgcjQBOXiRky56j7jDt4uoE45INZXAwGN6D+e2xSjJLPt5f1v1SArSN6BT0pUHIAwZ7FclnExdpIqGi06+QkfoDo6ddV6SuJoQRLJmiFGqlQ8eJAw0aq9MJooxH8V2Q9woQSRf9Fl3tWNfGPyUyknAmWwDfNFR3/XLFV6uSxLEEIZIdSj6tR9TZuLbwb3RBdZOS0J5tZkxD97lPdfHvA==
11:42:49.598 [main] INFO eu.europa.esig.dss.token.AbstractSignatureTokenConnection - Signature algorithm : NONEwithRSAandMGF1
11:42:49.601 [main] INFO eu.europa.esig.dss.token.SignDigestRSASSAPSSTest - Sig value : dBsYX1DaV6vpkK1P3v2xvYkDdR2M/kU1hkAeuhilV/XvY+2/7AcX9Bo5DKfnAEd6oi4g14PQP8Ym7RwAEOk1v7NDFowgeapbu96wWvdwq9CQHx47tsDbMQhIBCYKA1qh1yhlh6KWcvCYcQJxoITrXNaoeS3lP53DNrsKvTP4+8uCYFbPE8BWdnOFPR5crwHUp7Ckf1uEtmkvthHsSJH4icjd7zpFny2Sx9g363y4FgxZQQ0pe3Ec8ZAj6I+lIuTc6uGZkLuCdRAAYqoVF3kLJNWK6jf/MSoYM6BRlI1GqA/R51ZaE+k8qpINXrMERdbz+zIbnwjhrixFZiAFKyTRbw==
11:42:49.602 [main] INFO eu.europa.esig.dss.token.SignDigestRSASSAPSSTest - Decrypted : PyiLg5OgPv5g1Y2pBUdQkG+Z1FAvyzogmTgmng7h4h4W601NuSuzW818ngrZVPS2cBSGqo14Le+EJW8rxrhvTHFcSxtu7qus9SggMeBBq70sfK/CZRloZmyzsYlvNNdL+S6KLOc9rN+7slAHp3+mWQON10RbT+vjdiQQSFEncD3Yxs8ZCjS59iL13Hv6/5kEr2A6zThCinZne2eTWRIWSt7OWfQGgTq80Fy6dpjGYuxN/9LQu18n6rTJHND0/KUEcXDXEapE9AedttxiJUFZGp0E/bLX9brU/YUpgvLfTfxkrnRuC50lXAQxRuEO0Vmc4A/mXiIjIWmWSMUuPE/RvA==
]]></system-out>
  </testcase>
  <testcase name="testPkcs12PSS(DigestAlgorithm)[2]" classname="eu.europa.esig.dss.token.SignDigestRSASSAPSSTest" time="0.017">
    <system-out><![CDATA[11:42:49.609 [main] INFO eu.europa.esig.dss.token.AbstractSignatureTokenConnection - Signature algorithm : SHA224withRSAandMGF1
11:42:49.614 [main] INFO eu.europa.esig.dss.token.SignDigestRSASSAPSSTest - Sig value : EbfZllSW2NpmY235YSfZCGFB/BsT+kQFTwOiXHHGqfaxgmX1yMVqmnpwFf1Hr20Lv/p1ymqUxr336AJBKa/phCOTDF1TYpA2LN9H4Xq9IN5Gq6Bmt1er6bI+w9TTKMjL2Ehbjgb2bl1O3pcuADcCT3QDAo7nuO7yPabvLcRXvvxnSoVpZJeEVcrLfbWNQ5ARcnWm/kLRApqeCi2eqhrE+yVUCRzF0wkwfXLw1kQmMtUAXLXUTb+/dn22M748oyJ2v5cR1A9lSQLXXc94LCefAMRY5STTrH9f3gt5K5yPczhcL1RjQgRq5v/irmV/3cD/FPP0nNv/9xWUPMbZ9zO53w==
11:42:49.614 [main] INFO eu.europa.esig.dss.token.SignDigestRSASSAPSSTest - Decrypted : JxV2YE5TKAUYHNeLthD5ayF1bF765VXom+gCqwRjYtpCyqzQ3h+o6qGslHspaHbGF/24M3AZ8UV5DnMvSNEjk3kVRTY5liBa1k4INixj0G+ofatLZr4zQ5oZqjvGM1ZnnIn2sJAbp8Vl80NHjFk1+Klrj8dS3ayS10ElwPk7mSkU6g/K3fCLAqj0t8ofIqkAM+1B3WqMxr9/EBipuaY5y0WjdrR8kyMGlvEnBz4nMeErvLHEeoQSFtSxdl9tog091jAI/qyTroO9GTDxrqD1u80THZRjeobVZ87lt3w+qRPzu9DykfkL33ZS/OOzAoa0pALKfXDPMVz0HlEYGd4LvA==
11:42:49.615 [main] INFO eu.europa.esig.dss.token.AbstractSignatureTokenConnection - Signature algorithm : NONEwithRSAandMGF1
11:42:49.620 [main] INFO eu.europa.esig.dss.token.SignDigestRSASSAPSSTest - Sig value : oHe9ym7S6WDLdgTgdbw6qxVHbiZbWnhQ1yU+MYtGBFsDWBxvVpvRu4aZwqO23CnuFGKsvSxpZg49PzUEqRciVngnS7/EeUCACt4mUOqg1Wg05rQ7liW00PIUMrgGYtdERtwf+ngZb+ImuZ1Xx9+A3XROw46FsnOUZYEiI/D7vg2IS1VnpoYn1MIpHj6aI/FUoome6O010KqHA6tS4AiOSjrSH9K5PUPud23h6qebRKUPPjiVNJHKJ2DBdFa7K63GDT6GLldoUQHtXxLndWNS/ASJ7kgYPjawkdSmK5PSc5T8QWhGhb6Ja930hYr1IhKSIZwHqDLRJL6Xwi8BZv35QQ==
11:42:49.621 [main] INFO eu.europa.esig.dss.token.SignDigestRSASSAPSSTest - Decrypted : fG+dFVphCsCEHxsaJQp8l9Hf57+SV+d1rFu+ESGlFXq8YDDQK+REViyrBAum+VfyuhtnOouQJnPp7wJCMikJE5balIkgVb4LCfcVQRkZIzRP4iR9FM+TkNt9Hg729+0ThVt5dYINl/3Pw/VI9wBk8aSYJ6ydbA5FjZYY4OXWfRJ30iOY1LrD9gowGjR6AMlCGO3t0JKAmzWejaCTuBuEWbDdlm79A4BwGk88Al3oTQgPk/ZLIk+WOEgxcjzXKLHMpZJP3pktiVWPilhEv2t7JVYD3tzHqnZTNPp7XTkeo+fFaJmz+EYF2wHThSrAF2vVAhF/yWI0gWuy8C+puv46vA==
]]></system-out>
  </testcase>
  <testcase name="testPkcs12PSS(DigestAlgorithm)[3]" classname="eu.europa.esig.dss.token.SignDigestRSASSAPSSTest" time="0.019">
    <system-out><![CDATA[11:42:49.629 [main] INFO eu.europa.esig.dss.token.AbstractSignatureTokenConnection - Signature algorithm : SHA256withRSAandMGF1
11:42:49.633 [main] INFO eu.europa.esig.dss.token.SignDigestRSASSAPSSTest - Sig value : F7IylYNC91G3vDO7cht4mJjf5SF3F2KYs5PpazBUYKmieqbIvBGuJIiKy6Gmb4hpl5vHe+ZMT8Fjmhg0xXlPyKFEBVN/k4hgLrql2cNlB/rMFhtkR8N4BxBxw+a1XGC4dMx6d6oJmv2n5R8dvZ7y5n2AtJnUpetd44nghRsh13GZkBMhJAVrGIMGM/85YN7BDGqMeyEHs5d2ys5Kw1c8bkRChEqVNF0bzNeV5e68R1x0pXfJxuiWKHeQ2zgHpLV7M+RW4MzHFu+nEq4+uGSUHVoulYmyawYQAXqphSc8vJXnetilZWN/gvzsYVNkzv3L0TSfSOei/YeXSY/2BNQ7pA==
11:42:49.636 [main] INFO eu.europa.esig.dss.token.SignDigestRSASSAPSSTest - Decrypted : S4Fz65p9H2Z8BUTgyDFCcpeKmDXUNoPXUXISNUGDWGWlqCcsf8WcR9TP1E9wlIVgipSG0436H1qhKrnw8ECv9zkWdVF8362iPXG46+ju0+MWJRJe4cUwjjHaIz74uxXUpLZbF+hc0PoWz/Blu/9+RZhqCCTcDIEyszNSp6rfypFvSBrZoKXjiOg4LU8PdAAJJCmi+X5Po44yMt5JiPTeTa2NGlty4MVM76L+5LwdV4djoGj2zYpKvpb53EuTi2f7CmUkqydunquBbjzIQ5WF5d7fCwsyIWSPRwilav0NsZz9qAA4nMwv1ei1N07FCHGqE1GVcEBGfuRaQ7BMd54OvA==
11:42:49.636 [main] INFO eu.europa.esig.dss.token.AbstractSignatureTokenConnection - Signature algorithm : NONEwithRSAandMGF1
11:42:49.641 [main] INFO eu.europa.esig.dss.token.SignDigestRSASSAPSSTest - Sig value : giCvGYk1T1eeum4v7jg8mAGdvvRyTYbuCSsVbpqdc2GBeKHdwbC8MwW5Ho+kRqmjoomhVfWHxq0dJocTlhf1cBtXVJddI99jaNUyHOBSPHFfF2uql0s3nhy1PpP53X8qRCbsS+xygl+YZtN2/OE89T0HbaycfuRqxFw3JwdkR0WMA5HUUutRQQVFNvipaLIFshY+6N2RboGMBZro9bK1W2ox5wtcDPiIsSV59lyM3AaOksSvgxzt28zSped7heKQaRfKk0Z/l2WRph5zz0cMYa1Bmf8vYoMQRs+iDKtN8yvi3zV7EYkztFhgD8nOvgQycmVZFKvvVQfNPn5H6FQM5w==
11:42:49.641 [main] INFO eu.europa.esig.dss.token.SignDigestRSASSAPSSTest - Decrypted : Y2tAbxgcK5sY4l8L+C5ipAEFHcy9ohjbo+ttXGbj4DoD2ebzuc6WwzIkiX/dD0Eas+Jd10fCU0Q0tpC3MNW2vbqN0HW8qWKYoW39iG+cM4MRO1tHMHX8Ttp5UoRX35oYl/SpZ8gxT4H0p1nwuBqLa7Y2a27UjuhYf45drTYnl3X5yTKC246Z0PzGNDDmwdIafRATpINpdEjPO3Uc4Iq+Pf9wAr66QomAVr73mF2V9wOIwOmLFdjhkzfkOIVstNgjFLu5xIWloD0qOwKNW8eZKk5eLLMP6oKKDWZIpkzcnuB/vNfOsrGenLaF9eq7nSDpeEpTTxHIyhbCsbgSqLFBvA==
]]></system-out>
  </testcase>
  <testcase name="testPkcs12PSS(DigestAlgorithm)[4]" classname="eu.europa.esig.dss.token.SignDigestRSASSAPSSTest" time="0.029">
    <system-out><![CDATA[11:42:49.655 [main] INFO eu.europa.esig.dss.token.AbstractSignatureTokenConnection - Signature algorithm : SHA384withRSAandMGF1
11:42:49.660 [main] INFO eu.europa.esig.dss.token.SignDigestRSASSAPSSTest - Sig value : EYRVeRT4vkDZ6dvSzWSxIFo4Gpvc0UDEkci8D1VY3BxBO24O6V+GPal6HzrZNp8Aiw7wG3/8OrfipeiO8aFSTV0CAEltmKJCM83koeEBfUD0jorJdOiD00td2LFjgF/gO/0fEyR9/Pn7r6LZHoPl6qG/xotucdHMbZnzLaqNF8nJtcUC5+DTFhGs2nj2d76sFIqblgntakSBz6QAuexgPUtxJt3QdaUpKtx+MKHyVgxpiWc1mxaOwMKgzLpbbfhfa2lDyL69wOLMIfSsJCWcJgI5s49ixGQKw4TIWJqSkUV1uJaa0/mTGLLyjmbjpb/cSX0xC1yUNoRSS5RlRqMR0Q==
11:42:49.662 [main] INFO eu.europa.esig.dss.token.SignDigestRSASSAPSSTest - Decrypted : IjlKqGvvEBlDsfdgnR+x2BqrmkAT1C1jrf1UP4GeQPYNclTBpej4h7vQc9rTVVCZoxm4PRAjpEZCejNzjpkwoRLYtRSnW8Vix4bGgyRsaW9oVt8yYg1LJRmKT2oyHFCCxWkEFnLRLiPgjpaxQWhoa9TDuBVLGjqANwNBztOR7aFYNx04vm0TiRoNTeXyWq+MnaJmF6DPzFO4rcuZBaydUo7QrJEiOFAsRU9LsAsWKct7DOCmox5R8kfjKGNn8KHMwfyCzcWKInrPb0E4LQn52MeCc46Yyyn5AFqSf8EN6g9S24IvcsGVXUdApMULGw1I4gn/vvCBcECHdzHZDPOdvA==
11:42:49.663 [main] INFO eu.europa.esig.dss.token.AbstractSignatureTokenConnection - Signature algorithm : NONEwithRSAandMGF1
11:42:49.671 [main] INFO eu.europa.esig.dss.token.SignDigestRSASSAPSSTest - Sig value : kcPvCVI98BoNUtaYvLaHBCOxh/JAIZ02ao/9kD8L65L09+ygA2NXQQKXiLJ/rMbdY1siCXzPpmrtZNlgMr9ZmZU9DoPtk8n698rnpRtmaJB4Rnm2DuvLo2JJgnqogTK/rK0udczZ3MzNkOpfTDLRQZD/uA0HBodHtwVtGfIrKrdiXwH0x39APxoQRX6YOYdU2PSd/N11KePpgZlJ2eX3CO3Vq2GkOWxD+gOhdH8473UJ4AK5w2iBjxSwSM4ev1U1Y7/NVXHWoKWYAAcybVZBsEH82Cjm2PahkgtfLvIkzZ1NvFpg28fquyJhI2lgABqh5hduBvthEN0KJl2tZ9G8hQ==
11:42:49.672 [main] INFO eu.europa.esig.dss.token.SignDigestRSASSAPSSTest - Decrypted : Eg1QZcad6tu8OvNHECPZ5jdK/56dYbc+nUzM2TraHVgwjBtDpFyU/Fsnca/PQQaICjjZhJ6GksLqvtQm4QZDinLdvhYnCl0mWyIvDh66p3/iOnVZ0fnDVU8bKDVxQ4MzOaGjZ17fA5Ey+oaM5qsBJ7vzKDYhSnG+JzBlP1HIncwu317MECNayknjW8TZNpQIGrqklkpUzZ/N4pFrg3hWesGJqKc7V3vLXZHqMgcVRR2WFWauhTajAawU2QCUxDt9wyAr64cGSat8g0AcrfyuWw2vrKruFc3hCRpbpn9FuPngDFb2/tCdvsaqvY3zRIljTa26K+OW5nU5w3Zrz43NvA==
]]></system-out>
  </testcase>
  <testcase name="testPkcs12PSS(DigestAlgorithm)[5]" classname="eu.europa.esig.dss.token.SignDigestRSASSAPSSTest" time="0.02">
    <system-out><![CDATA[11:42:49.684 [main] INFO eu.europa.esig.dss.token.AbstractSignatureTokenConnection - Signature algorithm : SHA512withRSAandMGF1
11:42:49.689 [main] INFO eu.europa.esig.dss.token.SignDigestRSASSAPSSTest - Sig value : LNeBAguAJoMEm9pn9Eb5LKRwfx3wmZ2rqNLwhHJjtmoqs+4XDJ6I2ppG53ur2idKvt7rKg4y4h1cxryglb4NoV/zx5OUx/GXLkikochC6y/JggSgju9RPlbAvuc1e7lRz8djnhcYT/+AZg8UfseYxSgP+WNLvFcNbpysAhUC8coLfNu16FC0BeDE9k22NoQQkFEfbaYQPHmu6YT0sFmBzU46UBBfSAUM9eesoZNCortRX/Jh+smRkTPY4v2PFgw7SnHeLf/5gPlyQqEU3jX7V02DyXMHF65KT8RT1QA58piZbb14uFMPHS/KH/gwT7OgfmZn4aJj3KkabNNx0kzxMg==
11:42:49.690 [main] INFO eu.europa.esig.dss.token.SignDigestRSASSAPSSTest - Decrypted : CRjgoo127/6BrvGdF/pAenwrIhX1d7PspYicwVQvr7MjR1ZBbWZPZNRewEYc2bBgKafpvJnDLPPGoXgwWB+HbubhkWfPHdw6wBIbA6XXP8BUjauxgmvpTeN3eGQX9k5gmkcA8DXIsbja5W03jVRdhIg/Scwb78USwLJRzgQ5KD5nBx2lSTtZYTZyxsvxdq8NHpV/Dr6SPmyWNIVdbMXl0qAJdxfWy/969/0rFXBYChWJbgkkAgdrstNqTrT2RqlMTBHhsehMfAck2anyr2Tau/47XGAOBpk1hdMUKuYnvHnG+hSqRutiR3gnsIasuKaCqEWtleSXxkXQHHz0YLtqvA==
11:42:49.690 [main] INFO eu.europa.esig.dss.token.AbstractSignatureTokenConnection - Signature algorithm : NONEwithRSAandMGF1
11:42:49.693 [main] INFO eu.europa.esig.dss.token.SignDigestRSASSAPSSTest - Sig value : Dfwn0OZsRfyF+GibcP677eLIbeyO/uaF0Juyw2FSKGEphj2wTwVCNaJFpY/gg2z4qBwOc+A8TB1H7Uo5guQovqs8nX7D9FkySQMO0UNG3oS4F2kgz6aFQ9U3l1npmxIfDTi1BFwXFjoS9hdEmZ8gMY+bR9EctEeOzk5h7ytd+yp8Ameia53AMnLc8bTS4GLOwba30Fb7oebk/qeLNJlrWZPCLh20QozQYSDtkN3PEg92VjjgzTEz1zyY5oIeDUzhtVnGuF0jaYgonWgNLP2yE0dLWA1Gakal3/ukv/ly7KPSwKwa406PdJ78p2DrN13n6z1bbXVt4yuLFtvMsP7B4w==
11:42:49.693 [main] INFO eu.europa.esig.dss.token.SignDigestRSASSAPSSTest - Decrypted : ZioTWxAfiifOxttu4e8K/yzMSn1ZARjXd49rO3BSFpmVBrpdoGmIwZzKqsIee5SE+rRcb9f4nsL/VFcfMF2m4Zm3GmQjUH/oEjzCZ3/l30b7SLebu4ID3qiPwwjSebEYaiLsx42+kX9MODbpjFiP9bdqbi6rWh0++TEG/OFFG1QNnzMEjFmE6f64Wcbg7IB08c/JJ300dOFFEIPQSTzlg5CxGUIvfAaxyFeG7Ai7KSs2NZ5WMQEP2C7VnEePwIhp0utVbOFO9g6CAxdMUHSIHc2qmhrn5dUKLDwm5ntDXAwn/MjN1HTEQcB4yjc7vnlwE1tMDIB5Q4S5AZle7dTxvA==
]]></system-out>
  </testcase>
  <testcase name="testPkcs12PSS(DigestAlgorithm)[6]" classname="eu.europa.esig.dss.token.SignDigestRSASSAPSSTest" time="0.029">
    <system-out><![CDATA[11:42:49.716 [main] INFO eu.europa.esig.dss.token.AbstractSignatureTokenConnection - Signature algorithm : SHA3-224withRSAandMGF1
11:42:49.720 [main] INFO eu.europa.esig.dss.token.SignDigestRSASSAPSSTest - Sig value : bDz4pId/Jde1GCWCDFmJLr2hqya5kj//NUdqkTS+lxDirOvSiQx/Nl+y8BKrGWGEV7CJdOgG5baPNw3jwVfbCg9PaqOw27P9KrAo2VEDI1ahC5kZ/0ozzA14JChpTEVCeh8PvMP5zI+i7evcRc2JUIH6qylZBqYK/klVpHCsWzZIA2Ok9jukci/uRBV8RZs2KIyYm7zO0wUG4x1unhWnWw5HIRoDSaaJRD/X1orUrWHxiPioPSZ385FpHQnpncAArn938TjeG1f0gH1BrSCl5nWVro99EMVy6yitp/zEM5HcqY9o64mhqmIn7eNfNXw/O+TPFMxfHCuOBydYRx83ow==
11:42:49.720 [main] INFO eu.europa.esig.dss.token.SignDigestRSASSAPSSTest - Decrypted : TSJxUd6CwrjpChESTxqG76nyHAQezXcWmAaF+fzz0pHvwJwkwxiETKaKAG7vcbNAH6tvH5ppFGLncWOux3iIiBLCsiDbfmkQ1UVLD5F9c/vgQTaFObPVo79X3828KBnEcHw1LCxQQ3GlCGqgLHw/Li8ZzqkEMV5DKkkitk2bWkLgoMGKVMurixbThrNAoFf1NzhyEvlsoWJ/Ghb4LReUB0nJEkZMBHy5l3w9tHI2e2dTEBBfnkDbVIgETaIeMIeXPnzi3uV5SChHWeYZEMS4PcsQDnQuVbPNGAWP23Nq7BhWoafrEbJX6zZaqgpqeUDJmguIHMQUV+pZSCLPi7uGvA==
11:42:49.721 [main] INFO eu.europa.esig.dss.token.AbstractSignatureTokenConnection - Signature algorithm : NONEwithRSAandMGF1
11:42:49.725 [main] INFO eu.europa.esig.dss.token.SignDigestRSASSAPSSTest - Sig value : C7qiLRYBL9KxxUYhLgjRqWe5AUrENIDuhq21ry6bu/usmAwnYIlZMuHC+FAoJVw2mC3kso/jPtXGbKHwZjrb1Gj/ADqJUouQnw9FgSBQzl1sJbAj1VTbJwfqs7OOhcY3CBLID3DSTaGMRKC0csmDbbaN6ZjSRqsZECmVtJnBpd+MKZ/k65vx5I2VYOdnUqnO9NnN+JXos04Tr7Ju/Ta+vtA3WzfiZ4Yzjhoocb64g7sTOD12nLgEoLrWUJphsOfq0j1LGSn7XvwDze+u9/hpGIYA51/XRLp2n0bebgII5puXw4cQaqSG99+i2gD9MFxQPomda2YfVazDNLWt1RDDPw==
11:42:49.727 [main] INFO eu.europa.esig.dss.token.SignDigestRSASSAPSSTest - Decrypted : LPk+ILb4406V95yj3RInHWuZ0e4DLa5QTQQ46S/iVIamJwMxTY8aILgt1yMNwtXkCkttTmkyQqz9Ng8s9ZkrfiH9waFb7dEzzn7Gx5xEJ78Ktk6bdzZGKZdaHCcbtCNbwtSPYf0ahHL7zHnAbMcD2//owc9DJrTW9MkgA4TTX4ZCKB7Dy1SuwFLwiH8+uRAeoEY3EnIsiKkC2fuG+5Wt9XoUlX1RA25NlQ5HIwSgSdLWcC2fUCN6kisycDaFz6AbXUwulLJERLseZOw/ELjiDg8T04yVVDFJJfmftWGpMOCHYnIOkg0JTGTKCuaczfzD6Pi5OckuiwRGLfQFDwUcvA==
]]></system-out>
  </testcase>
  <testcase name="testPkcs12PSS(DigestAlgorithm)[7]" classname="eu.europa.esig.dss.token.SignDigestRSASSAPSSTest" time="0.024">
    <system-out><![CDATA[11:42:49.742 [main] INFO eu.europa.esig.dss.token.AbstractSignatureTokenConnection - Signature algorithm : SHA3-256withRSAandMGF1
11:42:49.747 [main] INFO eu.europa.esig.dss.token.SignDigestRSASSAPSSTest - Sig value : vUC0uC4xMsUyVY77+fiaCRBqoqPLwAtHsuCIG8b5Lo2E8utJije9WkTZnrnpK0hGFhEyh873CMMcCFbnRsuesYVizv1CR23NszCTJDjFjeQDZiwATHFuktZhEchfzJRLsuMqir3OZijG0lAHqgfbrbkex1aDES0bZmXZ/jWApA+J+ArCI2WBJoKHj9ySqj5BuHq+/OT6hV++MCtdjfa65HwIcpV+mQ83rQsfuLRMg3gvZOlUXuMnyKahX0G0kQgYm1lnI3GxMC3oQmHGagPL6+AdEn+L1mWVw/6qUmRAqzaLuIWCvdZlW8H11CKe9MX9mCzz9cY9BZ2FbnYc1f7kIA==
11:42:49.748 [main] INFO eu.europa.esig.dss.token.SignDigestRSASSAPSSTest - Decrypted : EShKZUL8GSk0/qv70aV3usjhmioFEvcZ95R2L5SpVFk2oVp/cT1PIYU5Nr6LZ63RnmfBwiUodoqNn7T8jToJIMImDkACVJS9+2jJxELkuEVI0llCMOSkJ9v6uEQG/FD3a0zEaOOuWHSLrAkCaOmS0Q2ZuBSWN7/EpKdrIz7sPCmNKMtS8Duijh6VKHPf3qp2T833sCi2BxdQYAGL3dVzoXKG2gXh2GCV/Wn5SUc3weVLF+U563UTAZmtCQ+mIuhj1uq87/DzBfPkN1WAdzCMza8VG6aD55rDZBhs/x3c6aICk6t98E1hA94ih6yMzuQVayF2FVFNJGg5xo/qnI0IvA==
11:42:49.748 [main] INFO eu.europa.esig.dss.token.AbstractSignatureTokenConnection - Signature algorithm : NONEwithRSAandMGF1
11:42:49.753 [main] INFO eu.europa.esig.dss.token.SignDigestRSASSAPSSTest - Sig value : BaoXqwo0n589utGtt0WoRmyaHTP4GoBjTmLAKvTrEJW0SgGo7InKjNBnYbD2kEOxN+1SVh0joNtwbD3E9dXTpTLcy4ZkrpuzCM0a4kZHZ7OiA4GoZepkZfDw5cHsx3Qvq2VUirlMRr71YkK8jWzzC+PKUv5LE0XbanLP1SyHYWYhnALnhjUl5VrgkB+1fG1+vhqMitzvHE+hTvQOqxS7P6blB8Cojl9QYn6czExIEZgEF3dtPMOuPK+JLNjgiDuKdb+oPWblgOSjcRa2DZhUMXaQFxClf1OTdwK5sHSsMBSb81jBsP9MiWQWRHeLUdv5km3u3i/Sc87bOmp18ifAdQ==
11:42:49.754 [main] INFO eu.europa.esig.dss.token.SignDigestRSASSAPSSTest - Decrypted : StsQEviXTcwwDn2Cz8GccO68nAxWOI3k/3May7hBPxY1C4mL8FpcBAcxUY9I37PZBeBlWKveaQHx7ncd6VkJi3hJjNhdc8H88HVoOFAJU9c0YH2UODMeu6z74e4atAOKH2d/xVI/nzL6H4jm3b19fbszk0YWa8qt7CzQDf5jam8go8my978Pn4miTy5+xaM+coBRIK7bju5w/ceBsluZZE+FauFQA8OJxkhorm7aE/8RKllgIRSoTu9NS2Mt43jZFzMU+7GZzzwn0pqEUoLA3ntQ7Bdbr+3uf2V8Lf/0MDmA90eCRpe0/zR/7LpXVZ1u+lcMmIexcUivtjDbw73MvA==
]]></system-out>
  </testcase>
  <testcase name="testPkcs12PSS(DigestAlgorithm)[8]" classname="eu.europa.esig.dss.token.SignDigestRSASSAPSSTest" time="0.041">
    <system-out><![CDATA[11:42:49.766 [main] INFO eu.europa.esig.dss.token.AbstractSignatureTokenConnection - Signature algorithm : SHA3-384withRSAandMGF1
11:42:49.781 [main] INFO eu.europa.esig.dss.token.SignDigestRSASSAPSSTest - Sig value : TLhvvJ71gijWxSdrX6ZeSJyipf3+1AzySxJkO5a41f8AApM6d3aSFxFvtC4DLdj7VeCNGmRHF3oRYPuwrZUANPKm8uqj/5d+w4QPGy+wcQcqIuNTC5EkaujA2fFF6qUWwN5jLYcRNFhli8CS8d/oTWBW8bgLhT+nwZLLS80hdZUrtxR+RIVwDLd3HOrQoxwnqnIyhU/nYY+pIuEyvlpYBtUJzU9wYM3B3c+mhD1DDuCTFf4wxjAzv4+w76jaq0tFpShP2LtTf0Jb31siQ3NSRSokphEzcVw4UZNe12IBiDvszW3f0EpYdrczHrrtcAuGGelZCUth44MU+eGob+nnCA==
11:42:49.784 [main] INFO eu.europa.esig.dss.token.SignDigestRSASSAPSSTest - Decrypted : M9EHqmJVUJiMH+QWLmjVfbXsPHEf9+WzPNgdUpEdGlkb7wgKZNhT1oX3a5B9g2uUqkk2YYPgkoaYCe3rjtPbSs0AaC08qte0AEz1B+j1IWnCNUyRzJW7F7a59BLpOzJSuyXQGZLLKdRU/LiX4PABRHHSBaJs3vS5jRXsPiPOIG/WUc3K91fovQKLkK+n/uVPuVBQWj2zGufb3yO+cldu/SYAU6nmo/9F1SqaeT9wqf6FnoE10vbyGXWnOn+NF920OYVBwqQQX5ILxKx2RpYFW9b8g+ZV+e0ijP7YCY/eLuzfiBbYp9s2wsCWjhb32XplAssNtO5ijQ8eVOnuiHTovA==
11:42:49.785 [main] INFO eu.europa.esig.dss.token.AbstractSignatureTokenConnection - Signature algorithm : NONEwithRSAandMGF1
11:42:49.795 [main] INFO eu.europa.esig.dss.token.SignDigestRSASSAPSSTest - Sig value : EEalw9UowTnMoAu5wfF2DE6lY5hEdMU1gPOGGozshVRORIvDosu5HrN9Ev8u2svViD9K7k2afjlD79EAvLlv2rpfZMWJH1Bh41lazpwsUbRwiaMOqcTsmTGLJrzeXIboWUkrfhcbC2wxD2etmkgdZRlZme5/Wi9NzhetroLi0bM8OnUI9SfirOAlfnbSeF1RNCZ6D61Xz6/Qe1Rulg76fJDZc0k0dnyRNOheHxXPlFwx0xxlIRsq/nfgGuhCIZovMbT4mGWqrTeSfVApnpQFn8kDKhbPR6X5EcmWCnTd90Coo21TjSXPGrTBtYBmy/QuaPNKk+/LeeA0RoNqUb6z8g==
11:42:49.797 [main] INFO eu.europa.esig.dss.token.SignDigestRSASSAPSSTest - Decrypted : Sd3sv/hdNpiekidD6REVW2PpUu+fkaJxO0HlURy1AoluEzkJXWJEGNleeKfUB6I32A+Ns9Z0j36RKQ+pPDdgCcF8c25Mqf+XuZWbn9grQEhdbTQMHs+H6DRei7w/WFrboNXA9Morg3FmjresqqutBnqFQHgoM3MlGJPC61qeoBHNKA/NoscKa4/1UHHSobMSvg3MOKFIH8PMIpw1ABSd1L7A53iyVRkUzX8S7MUsTH00iMgjY7HkaBEHSXutxp9Efk0B9b/siOIMV940Bg7vm60az5mm9DB9FJ/urb/odTRU3/r5B8D/iFkFp77zJ9s1qhFLp8jGA32WgvKDEhM0vA==
]]></system-out>
  </testcase>
  <testcase name="testPkcs12PSS(DigestAlgorithm)[9]" classname="eu.europa.esig.dss.token.SignDigestRSASSAPSSTest" time="0.036">
    <system-out><![CDATA[11:42:49.822 [main] INFO eu.europa.esig.dss.token.AbstractSignatureTokenConnection - Signature algorithm : SHA3-512withRSAandMGF1
11:42:49.828 [main] INFO eu.europa.esig.dss.token.SignDigestRSASSAPSSTest - Sig value : kqXy0JyAFxfg6Iss9s2r3piK9LinsVJla7oEGaGdZLVR0poWMh2OYLsQrtbEoLuSfabb/iHy1ujCEyRSwWG1mYyCJ5KVpqpPgXOJJJ4GH+pSuCnAQ+u66+Kwfmz8jDk/kEv8Z6nHS/x7S8tJ7WtKFJJoqj0Cp89y2n3JD8gANBEH8RjjYvnVROWCsVbaIJ0x6wK1K+f31LHYGN2IFcl0RloUdTkC4gHFAvCa7eZtCB0ymmI8CT+g3RBO9Q7+dpI45NgDfyf8PYOw4IO1C70Wl7jBJ7gG+lPLPi7Rzs+ZnDZBLK9ZoZ50degDGrhmclnEF1sxiztmD9W6Yfkkl7yqrA==
11:42:49.829 [main] INFO eu.europa.esig.dss.token.SignDigestRSASSAPSSTest - Decrypted : KGk04ut6PygmUB2GqDoeAuZoN0koHdHhiWhnksIdBjESwC/TJ6x/QnAaKcpGuRd0PWHD+vbATn+LknmocgDrIYWPSOri6eoV02VL7daRLXH4+9ZmT3Yie+1ZnhGV6P29RSAZTmFP9Qanj4WiA7wlJXA5ca+SlQXN9TG60QgaTka006esczZEcgnOOKR+tiLN4Deaa6mTO4D0GMcwaJYowH4vNmBZWX7ba8wYmYhwZU+BBVpA/V8e1GOfjvaEw8RzuGjH44ZEngayLMoQKvarLeM8kTtA3MknId+7Q9XTLVxOuRa882va1JOhem3rznhGA9CZVzEj7X4EGGB9zd2KvA==
11:42:49.831 [main] INFO eu.europa.esig.dss.token.AbstractSignatureTokenConnection - Signature algorithm : NONEwithRSAandMGF1
11:42:49.836 [main] INFO eu.europa.esig.dss.token.SignDigestRSASSAPSSTest - Sig value : n/BPaTqZA7UR0/rx6vDiiW5qFtTePcsVMsRim+tpDf1GfuHtRwd0fLReoui7PD8ySz0bsHASc3+vFJmTQuS/D4rCSTvGmlB2Vq6adgTYhf5ozWynH4FM5XeogJrDm2mf9nNhDl70ZG68MA2AXQgyqEYXjd2P79G0SzAlsMLRC39N1GJ8b1qQi3sl+4pdMIFhb6poCPS3NAsWHkBgzAwnoC7mZbKen6VVlzaVHxhVGCbVRC1XgDYyKlkDbvqvHpDEyL6EnwfShMpW22GJ5INLasXvVQUEJ2G6Qs4uFI0cRt99xQlTAwFgi72x0Det1SuuM1NP7UPfTy3SqCc+Mfo9mQ==
11:42:49.837 [main] INFO eu.europa.esig.dss.token.SignDigestRSASSAPSSTest - Decrypted : LyNbd11s/kduwjenCwFIQh/+1KNN3ulLqJhFHMH7thK186WrERc0VlsLoISaV09XCBaTQIvQ0tBUYVPk19A0zHpX3q9svIeFPMN/n4pjoHnQVbUaVZtZ2LBhVxVFFnR72FNO/lJKOB4LlYExWOPX0jn8NFpcvmp9mRx1tQtOHstC14VhEPtBKHqI5VkrBFDINzVTQ82BEEb5VwnMXZjtX3qyGo7BfkS6hlGYbUo134srS9uVsNZiikbjYSGlIySV4Bzb0hOEFxxxomshEKDpwYXZo8RaWQnNnaNIaP3sGQBmznMV4YQQvVHVfR5Fu3j0bYJHD8lyadrv8bC3/eJbvA==
]]></system-out>
  </testcase>
</testsuite>