<?xml version="1.0" encoding="UTF-8"?>
<testsuite xmlns:xsi="http://www.w3.org/2001/XMLSchema-instance" xsi:noNamespaceSchemaLocation="https://maven.apache.org/surefire/maven-surefire-plugin/xsd/surefire-test-report-3.0.xsd" version="3.0" name="eu.europa.esig.dss.token.SignDigestRSASSAPSSSignatureAlgorithmTest" time="1.005" tests="9" errors="0" skipped="0" failures="0">
  <properties>
    <property name="java.specification.version" value="19"/>
    <property name="sun.cpu.isalist" value="amd64"/>
    <property name="sun.jnu.encoding" value="Cp1252"/>
    <property name="java.class.path" value="C:\Users\amadoria\Documents\Projects\HAPKIDO\WP4\dss-fork\dss-token\target\test-classes;C:\Users\amadoria\Documents\Projects\HAPKIDO\WP4\dss-fork\dss-token\target\classes;C:\Users\amadoria\Documents\Projects\HAPKIDO\WP4\dss-fork\dss-model\target\dss-model-5.12.RC1.jar;C:\Users\amadoria\Documents\Projects\HAPKIDO\WP4\dss-fork\dss-enumerations\target\dss-enumerations-5.12.RC1.jar;C:\Users\amadoria\Documents\Projects\HAPKIDO\WP4\dss-fork\dss-token\libs\bcpkix-jdk18on-173b20.jar;C:\Users\amadoria\Documents\Projects\HAPKIDO\WP4\dss-fork\dss-token\libs\bcprov-jdk18on-173b20.jar;C:\Users\amadoria\Documents\Projects\HAPKIDO\WP4\dss-fork\dss-token\libs\bcutil-jdk18on-173b20.jar;C:\Users\amadoria\.m2\repository\org\slf4j\slf4j-api\2.0.6\slf4j-api-2.0.6.jar;C:\Users\amadoria\Documents\Projects\HAPKIDO\WP4\dss-fork\dss-spi\target\dss-spi-5.12.RC1.jar;C:\Users\amadoria\Documents\Projects\HAPKIDO\WP4\dss-fork\dss-utils\target\dss-utils-5.12.RC1.jar;C:\Users\amadoria\Documents\Projects\HAPKIDO\WP4\dss-fork\dss-crl-parser\target\dss-crl-parser-5.12.RC1.jar;C:\Users\amadoria\.m2\repository\org\junit\platform\junit-platform-launcher\1.9.2\junit-platform-launcher-1.9.2.jar;C:\Users\amadoria\.m2\repository\org\junit\platform\junit-platform-engine\1.9.2\junit-platform-engine-1.9.2.jar;C:\Users\amadoria\.m2\repository\org\opentest4j\opentest4j\1.2.0\opentest4j-1.2.0.jar;C:\Users\amadoria\.m2\repository\org\junit\platform\junit-platform-commons\1.9.2\junit-platform-commons-1.9.2.jar;C:\Users\amadoria\.m2\repository\org\apiguardian\apiguardian-api\1.1.2\apiguardian-api-1.1.2.jar;C:\Users\amadoria\.m2\repository\org\junit\jupiter\junit-jupiter-engine\5.9.2\junit-jupiter-engine-5.9.2.jar;C:\Users\amadoria\.m2\repository\org\junit\jupiter\junit-jupiter-api\5.9.2\junit-jupiter-api-5.9.2.jar;C:\Users\amadoria\.m2\repository\org\junit\jupiter\junit-jupiter-params\5.9.2\junit-jupiter-params-5.9.2.jar;C:\Users\amadoria\.m2\repository\ch\qos\logback\logback-classic\1.3.5\logback-classic-1.3.5.jar;C:\Users\amadoria\.m2\repository\ch\qos\logback\logback-core\1.3.5\logback-core-1.3.5.jar;"/>
    <property name="java.vm.vendor" value="Oracle Corporation"/>
    <property name="sun.arch.data.model" value="64"/>
    <property name="user.variant" value=""/>
    <property name="java.vendor.url" value="https://java.oracle.com/"/>
    <property name="user.timezone" value="Europe/Amsterdam"/>
    <property name="os.name" value="Windows 10"/>
    <property name="java.vm.specification.version" value="19"/>
    <property name="sun.java.launcher" value="SUN_STANDARD"/>
    <property name="user.country" value="US"/>
    <property name="sun.boot.library.path" value="C:\Program Files\Java\jdk-19\bin"/>
    <property name="sun.java.command" value="C:\Users\amadoria\AppData\Local\Temp\surefire13431589743088422765\surefirebooter-20230428114237113_477.jar C:\Users\amadoria\AppData\Local\Temp\surefire13431589743088422765 2023-04-28T11-29-53_553-jvmRun1 surefire-20230428114237113_475tmp surefire_29-20230428114237113_476tmp"/>
    <property name="jdk.debug" value="release"/>
    <property name="surefire.test.class.path" value="C:\Users\amadoria\Documents\Projects\HAPKIDO\WP4\dss-fork\dss-token\target\test-classes;C:\Users\amadoria\Documents\Projects\HAPKIDO\WP4\dss-fork\dss-token\target\classes;C:\Users\amadoria\Documents\Projects\HAPKIDO\WP4\dss-fork\dss-model\target\dss-model-5.12.RC1.jar;C:\Users\amadoria\Documents\Projects\HAPKIDO\WP4\dss-fork\dss-enumerations\target\dss-enumerations-5.12.RC1.jar;C:\Users\amadoria\Documents\Projects\HAPKIDO\WP4\dss-fork\dss-token\libs\bcpkix-jdk18on-173b20.jar;C:\Users\amadoria\Documents\Projects\HAPKIDO\WP4\dss-fork\dss-token\libs\bcprov-jdk18on-173b20.jar;C:\Users\amadoria\Documents\Projects\HAPKIDO\WP4\dss-fork\dss-token\libs\bcutil-jdk18on-173b20.jar;C:\Users\amadoria\.m2\repository\org\slf4j\slf4j-api\2.0.6\slf4j-api-2.0.6.jar;C:\Users\amadoria\Documents\Projects\HAPKIDO\WP4\dss-fork\dss-spi\target\dss-spi-5.12.RC1.jar;C:\Users\amadoria\Documents\Projects\HAPKIDO\WP4\dss-fork\dss-utils\target\dss-utils-5.12.RC1.jar;C:\Users\amadoria\Documents\Projects\HAPKIDO\WP4\dss-fork\dss-crl-parser\target\dss-crl-parser-5.12.RC1.jar;C:\Users\amadoria\.m2\repository\org\junit\platform\junit-platform-launcher\1.9.2\junit-platform-launcher-1.9.2.jar;C:\Users\amadoria\.m2\repository\org\junit\platform\junit-platform-engine\1.9.2\junit-platform-engine-1.9.2.jar;C:\Users\amadoria\.m2\repository\org\opentest4j\opentest4j\1.2.0\opentest4j-1.2.0.jar;C:\Users\amadoria\.m2\repository\org\junit\platform\junit-platform-commons\1.9.2\junit-platform-commons-1.9.2.jar;C:\Users\amadoria\.m2\repository\org\apiguardian\apiguardian-api\1.1.2\apiguardian-api-1.1.2.jar;C:\Users\amadoria\.m2\repository\org\junit\jupiter\junit-jupiter-engine\5.9.2\junit-jupiter-engine-5.9.2.jar;C:\Users\amadoria\.m2\repository\org\junit\jupiter\junit-jupiter-api\5.9.2\junit-jupiter-api-5.9.2.jar;C:\Users\amadoria\.m2\repository\org\junit\jupiter\junit-jupiter-params\5.9.2\junit-jupiter-params-5.9.2.jar;C:\Users\amadoria\.m2\repository\ch\qos\logback\logback-classic\1.3.5\logback-classic-1.3.5.jar;C:\Users\amadoria\.m2\repository\ch\qos\logback\logback-core\1.3.5\logback-core-1.3.5.jar;"/>
    <property name="sun.cpu.endian" value="little"/>
    <property name="user.home" value="C:\Users\amadoria"/>
    <property name="user.language" value="en"/>
    <property name="java.specification.vendor" value="Oracle Corporation"/>
    <property name="java.version.date" value="2023-01-17"/>
    <property name="java.home" value="C:\Program Files\Java\jdk-19"/>
    <property name="file.separator" value="\"/>
    <property name="basedir" value="C:\Users\amadoria\Documents\Projects\HAPKIDO\WP4\dss-fork\dss-token"/>
    <property name="java.vm.compressedOopsMode" value="Zero based"/>
    <property name="line.separator" value="&#10;"/>
    <property name="java.vm.specification.vendor" value="Oracle Corporation"/>
    <property name="java.specification.name" value="Java Platform API Specification"/>
    <property name="surefire.real.class.path" value="C:\Users\amadoria\AppData\Local\Temp\surefire13431589743088422765\surefirebooter-20230428114237113_477.jar"/>
    <property name="user.script" value=""/>
    <property name="sun.management.compiler" value="HotSpot 64-Bit Tiered Compilers"/>
    <property name="java.runtime.version" value="19.0.2+7-44"/>
    <property name="user.name" value="amadoria"/>
    <property name="stdout.encoding" value="Cp1252"/>
    <property name="path.separator" value=";"/>
    <property name="os.version" value="10.0"/>
    <property name="java.runtime.name" value="Java(TM) SE Runtime Environment"/>
    <property name="file.encoding" value="UTF-8"/>
    <property name="java.vm.name" value="Java HotSpot(TM) 64-Bit Server VM"/>
    <property name="localRepository" value="C:\Users\amadoria\.m2\repository"/>
    <property name="java.vendor.url.bug" value="https://bugreport.java.com/bugreport/"/>
    <property name="java.io.tmpdir" value="C:\Users\amadoria\AppData\Local\Temp\"/>
    <property name="java.version" value="19.0.2"/>
    <property name="user.dir" value="C:\Users\amadoria\Documents\Projects\HAPKIDO\WP4\dss-fork\dss-token"/>
    <property name="os.arch" value="amd64"/>
    <property name="java.vm.specification.name" value="Java Virtual Machine Specification"/>
    <property name="sun.os.patch.level" value=""/>
    <property name="native.encoding" value="Cp1252"/>
    <property name="java.library.path" value="C:\Program Files\Java\jdk-19\bin;C:\WINDOWS\Sun\Java\bin;C:\WINDOWS\system32;C:\WINDOWS;C:\Program Files\Common Files\Oracle\Java\javapath;C:\Program Files\Eclipse Adoptium\jdk-17.0.5.8-hotspot\bin;C:\WINDOWS\system32;C:\WINDOWS;C:\WINDOWS\System32\Wbem;C:\WINDOWS\System32\WindowsPowerShell\v1.0\;C:\WINDOWS\System32\OpenSSH\;C:\Program Files\dotnet\;C:\ProgramData\chocolatey\bin;C:\Program Files\Gradle\gradle-8.0.2\bin;C:\Program Files\Maven\apache-maven-3.9.0\bin;;C:\Program Files\Docker\Docker\resources\bin;C:\Users\amadoria\AppData\Local\Programs\Python\Python38\Scripts\;C:\Users\amadoria\AppData\Local\Programs\Python\Python38\;C:\Users\amadoria\AppData\Local\Microsoft\WindowsApps;C:\Users\amadoria\AppData\Local\Programs\MiKTeX\miktex\bin\x64\;C:\Users\amadoria\AppData\Local\Programs\Microsoft VS Code\bin;C:\Users\amadoria\AppData\Roaming\Python\Scripts\;C:\Users\amadoria\AppData\Local\Programs\Git\cmd;C:\Program Files\JetBrains\IntelliJ IDEA Community Edition 2022.3.3\bin;;."/>
    <property name="java.vm.info" value="mixed mode, sharing"/>
    <property name="stderr.encoding" value="Cp1252"/>
    <property name="java.vendor" value="Oracle Corporation"/>
    <property name="java.vm.version" value="19.0.2+7-44"/>
    <property name="sun.io.unicode.encoding" value="UnicodeLittle"/>
    <property name="java.class.version" value="63.0"/>
  </properties>
  <testcase name="testPkcs12PSS(SignatureAlgorithm)[1]" classname="eu.europa.esig.dss.token.SignDigestRSASSAPSSSignatureAlgorithmTest" time="0.796">
    <system-out><![CDATA[11:42:48.548 [main] INFO eu.europa.esig.dss.token.AbstractSignatureTokenConnection - Signature algorithm : SHA1withRSAandMGF1
11:42:48.619 [main] INFO eu.europa.esig.dss.token.SignDigestRSASSAPSSTest - Sig value : SgzG34X5GrMPV+mCpsa6XSy/IvjApFDquvhODXkLRwSEiJOynCPlYuoxDFSBpNrt6JpkjUFsdKei8O9Z2ccdLtiH/FbW5gLD7wWJ+W2BDqiw9CBiHb7oXg3BicYwQPl+bu4C5LZ8+I1esn+OLj6K8Pfxo9sjYH+XrVqmq7Pfrre3pHefLhnFxmvJODMN5RgYYsOD2qJB1Hon78rShVhnhWGU+roeyyGWo5SNzsxAaIBKABfkewac/fU6v8PGmJKL1Q4A2QtTSN6/bIevA78I4OX31uIs9AkwkVI7yMjQQ41u0Ea17fWKUXrS2SUMp4MQ8d9qb8a60RMOow9o2xhSWw==
11:42:49.327 [main] INFO eu.europa.esig.dss.token.SignDigestRSASSAPSSTest - Decrypted : F/aHxsYunAlAOl+72znAoCrWD4CBCaaSMUEIv933vOoKRhco/W5lDjf9BCjK/xoRbAhqSOVnPjsEuR6r79cbT0BFKtvdvGOkL/hbgi2Gu0+aw9uHYOHCOnrv4vhbPFEaj2BVNmj/isAw+joxXIJh+W21mLufwCJrDAztXf9BfqT7dmX+QtiQhk4sZRZv9z7uhYK38csQw25w79JlWg646i1HFV6NxNCSo03jLrtxTOOSgUDHuCGyBqbLB4yDXcaLQMCk8sktErq5JmK/+kt91tooRLDB1Grbja8fx4kf3uNg8ALRTypQgjMr+uOjV0sehZIxdGoKR3IJErQluHdlvA==
11:42:49.329 [main] INFO eu.europa.esig.dss.token.AbstractSignatureTokenConnection - Signature algorithm : NONEwithRSAandMGF1
11:42:49.334 [main] INFO eu.europa.esig.dss.token.SignDigestRSASSAPSSTest - Sig value : lA6+B0z7kcIl9W6H0R+pE6guajhHHnYUApKC3kBTnE86UfVXQO8w9cTEZ81bqQrjO3FvVftkBCDlr8sRUeetCRvIjngoJsaxQ7Tw5FJUyXhHwrn0hZ4DlH747O3AakNNYoA2zPmnC/c1XXOKR095r2lrhXcQAqNBWtObkNjNjs7FfNS4mLuc3Q+HbbF6PB7UAGsvev3qJucSEeDUGfl95oZ/P+DjARr7Aq8YpduCITErBVQJNgxYSyEclJTgZTqeQhrExyIix9ytwIR/g9O9f2777ZHKqfL04W8N9UeoZuRavzmyOv6Jc/KFYBkkS0hNaHi50PVJCld8WHH+x2tO+A==
11:42:49.334 [main] INFO eu.europa.esig.dss.token.SignDigestRSASSAPSSTest - Decrypted : d5CaRdu17fyBJclqTBLUMnjvxxycY6o8rh4tqqrNMS1rzb3J4wLVWU/lVcZhN+KB6pJZOpCWPjx8HSM1CUoZDHLSn+1Aolvb3V1UTFScmLl1Qp8TSX7qDowVo5ZSma4nQT/dOKdEJZa9F27qmUpZQj2eBKb0NdVHAgbBCfGAJls8QzqZYgM8B5pBS3xyQQI/yODlk58+nNTWYMUmSCld0aYvHOwQTZlvUberE1sR/AD9/z01YoWnL3h6U0zHJvxVsrKGXCMnso5SA1O2FNv7VDPF6oW9E7EjsTEncyi2VE5mpxsmaJGWxH+8D4+c5jzYw8yinyJkbLcnYHF6DDnMvA==
]]></system-out>
  </testcase>
  <testcase name="testPkcs12PSS(SignatureAlgorithm)[2]" classname="eu.europa.esig.dss.token.SignDigestRSASSAPSSSignatureAlgorithmTest" time="0.023">
    <system-out><![CDATA[11:42:49.346 [main] INFO eu.europa.esig.dss.token.AbstractSignatureTokenConnection - Signature algorithm : SHA224withRSAandMGF1
11:42:49.352 [main] INFO eu.europa.esig.dss.token.SignDigestRSASSAPSSTest - Sig value : q4PaYZiakReKXgQlE3uH8QKgQXns7SayqBy8wruhW6YBBYFErKpWZ29VWdYLwGFxXFG258oiEhyB3NAWfeSULOqctq68GT3fsthfitv16yAQnPt2A8Oj+eG0/JehFsvs88kuJSCSt8gAAB5CZHstZel3HZehwurkFd3Viy0sMJqLbVplAs8vNd2NMMqj09TngmCClRpks+33U9HVlWYpjOlO+RL/PNO3TjnUtjQ1j28IkJPJxwn/R+2ZMLgusu1q69o69q4SkOc7CsrU7ivk27ye7a7gqIvaldGTUQ7YbeQQ4ygFw3L1G3trc7qYsGpplWP40WhpZ2h8voo1jgMs3g==
11:42:49.354 [main] INFO eu.europa.esig.dss.token.SignDigestRSASSAPSSTest - Decrypted : IeRSVjguBVAinIWHY0vOV3S76gvSoTMcafhhODRFxz6oovAsrF2Qg+Sv22jPdBfb/E3+3cSuhcQEVfSz7Pyz9UEbhhE0Q9x61XpOL4L0K1OsJhxw6ZNUPjENBF95MLpyI1hRUqJFzfQD4AS0jOXX+NwxfzAEvsoyt5ZjXmCSv9AZLhrnm1mSQXL1slB6F6oawJgfjyW+w7u/qLNzOrY5yrafZ7Ibjkxv6REiu8UwWK+UrfyR8qV9RzanVXrm+LddxINYS/gqtG9RlNCxeqycAyBsragU7rQ9C0Q1Kd56q32NPV0y73xnv78A2mbRwnMfTvpksmKabKP/LOju+ly5vA==
11:42:49.354 [main] INFO eu.europa.esig.dss.token.AbstractSignatureTokenConnection - Signature algorithm : NONEwithRSAandMGF1
11:42:49.359 [main] INFO eu.europa.esig.dss.token.SignDigestRSASSAPSSTest - Sig value : idGWp40Hvh7eaPll0QDEuFHXmTGVN6rC/ZGWtjt9lCENlecOnEEUnaLoxYude46sD0CSvTald7A9CAKL0BSacvG2YrT/iqq/yasIsSSJ5H3xRvir63lV6erRnVMcYSzC+igjMCf4M7xdPYtVzgi6k2XqH1IaMWLLr8u4EZZ7V6Ti3wwXh2LjvJruIALUU55edLic+/ey1hBxPlG1qiFG1RYMXHAIdC0ymfObFaWBHQz40+rhJfAJ/HwhbcticsYTO/V+dSGSo9Y41O95zIVrVywbkF7PfK9BNUCkv8+tUIEjl1iZl3XFE2QqjEiz1YJgs/8qGXUXdJBxO7NG0OZU5Q==
11:42:49.360 [main] INFO eu.europa.esig.dss.token.SignDigestRSASSAPSSTest - Decrypted : T9aqJ0/rZsCT6s6hLhO9PGpOohBJZwquNqXaFUFZdXNs8O/odZHRxRcVtaOL/PAH6ZklbMlRmiFQOf5GGDamJkeipiaWFqBaH4royVsFWt7LBAl8tMlv8LIu9wSvRvrTVx3tb/O21jzReLIpH7+N0EWBVmnFmkH1OHXriwwS1mb2hs4FdynnSX2IBJZsDaiImoNmhmNU9pGakLmMDaKkrFQ1JspIoM1yw11nShtAtmwwBeuzSYqCyKNwqr7GmnIz+BC0gwIunBSptM6KYGkLb49CDW4etU9+0r5tdXRPx3yRrzQAcQVZYqzdenaK2QcrpzQvIwnDXNCATB4nHaz3vA==
]]></system-out>
  </testcase>
  <testcase name="testPkcs12PSS(SignatureAlgorithm)[3]" classname="eu.europa.esig.dss.token.SignDigestRSASSAPSSSignatureAlgorithmTest" time="0.027">
    <system-out><![CDATA[11:42:49.375 [main] INFO eu.europa.esig.dss.token.AbstractSignatureTokenConnection - Signature algorithm : SHA256withRSAandMGF1
11:42:49.381 [main] INFO eu.europa.esig.dss.token.SignDigestRSASSAPSSTest - Sig value : NVfPzKapAQQ6MwpgZK6rULRl7Gu5OEerSedjpLbhKEFPwrqSHP3Qzl2BOsx24YHkP+yjyqY/hR7H89G2V4A8LBgyC1fjl8DXzfDUz82ygtFkqhW4g5AqT5VD2Dg2ItpF8BSzDH0C560IgV8xZZ1r6yOwPONCm9VnxuMxjwggmufRT8u+b4OwhRmOSmHUZ3c84EOHrt3PRCZeywWp08TrygyELqX3MFgRP3CrVM4+z2SGxS1TqDPeuBU54oXpOIuLn8IBiYTkJ8O84HSpUQDmUAdCfJhSwSxtIbD0h3EeoMahkOpEZQLlg2mLrZy9JKsqNSjbhXqP6b+D7Rq89mkt1w==
11:42:49.382 [main] INFO eu.europa.esig.dss.token.SignDigestRSASSAPSSTest - Decrypted : JRBq0KgPiH4FkrJ5eBt7oGvj9OH86arPu6I4m9+1/KvhMv5PzGu8HhnyKwZOyK1DWyLQb8/bj/W3F3RfF+gv4SSyn+7p4vziFycrgb6C2FIfMXB1JgW6wK10SPDF4oqoMOgoFSKEPH9xtmt2WSd0sfLkxbUnfZpdKYnr3dgjw2/qo7y9QMiShphaqxDOq1bE5NwzohSqboON9865U9K4jITUDEqXsthaGqWIatM/Rb8DcmVHdVTw4eo6Xkrq+DuLDgWxYZuxNe6Dc4W/xJcnl/VEUsemuxAYs5XvNJgTJpMeHLlHf636MTc6Y2MPKsbxS1/yUjeTvfyGwDx4LpWjvA==
11:42:49.383 [main] INFO eu.europa.esig.dss.token.AbstractSignatureTokenConnection - Signature algorithm : NONEwithRSAandMGF1
11:42:49.388 [main] INFO eu.europa.esig.dss.token.SignDigestRSASSAPSSTest - Sig value : FDSemdybmZIxnGicFM+KYA2h6c070lMGxNQAOIx6NWDxIDTPUjZ/FJht1EnKNV6i9V7XkDMG9+pwAwfSD5tFt/uR69Is+QrxzL0syPrl1uIH44F1sWJKN/oMztjVh2z8nCwTnGOfhfF3SH8EOXmprXm+VMB1cW8cHwpC28LmNMxZh3nmfEhCAJQxMoku4nt8Eq7gCWMg7un1NYoITP4/lERS1mTPmLtRHekBaY+GmtLf2Fq60s6JjfIl7kJNndOID0O9CqJZo/scLokDdM9DZyavi6guu2fa+gC4qE87jbx2i29/7zIfnwZ1JmbSoD7IxEjeYnEIXpkes4Be3csnOQ==
11:42:49.389 [main] INFO eu.europa.esig.dss.token.SignDigestRSASSAPSSTest - Decrypted : RicFauuklPMB0sn5yJDVeTWbyaqe5kPg04GYB5EaPvEEUHJ2I2RblFTmkwTTQ4c9fchEU5ovY9jJzsVfooVWW3KwxNGwGku0TRKP4i+1xT9GNU4RBvu9E86tT1xFTMukWbZazFgdvmx+Xk1vmCX4dNLTG3PqCQ16vdkLKj8astYLdgF1BTO7xtnO+e+1PdrmKTXwCDiKvECTWuCK5T7oocf3p8faUwHuwikss1Gl5X2Z2S0vCGpPw7DNAWN1TKqxBQ8qMYY1jDN3rEXQVwe4xO9k9qvYkcklAMhjYK3OvxO3/rrC699E2e/uW2b9m7Kx/za1pxrc+A77LCSEbHk6vA==
]]></system-out>
  </testcase>
  <testcase name="testPkcs12PSS(SignatureAlgorithm)[4]" classname="eu.europa.esig.dss.token.SignDigestRSASSAPSSSignatureAlgorithmTest" time="0.023">
    <system-out><![CDATA[11:42:49.401 [main] INFO eu.europa.esig.dss.token.AbstractSignatureTokenConnection - Signature algorithm : SHA384withRSAandMGF1
11:42:49.406 [main] INFO eu.europa.esig.dss.token.SignDigestRSASSAPSSTest - Sig value : uNKBMjKzbjLBuAo4VicwgfGLuZmIEv1C6L1BPTdCCVrV7SJVXoR42M8clQd/F4sA6mnrc4Ms7jlG42VOYpcdtuIwP/4xe6bheFsKHN9qxv1EH0gISbgXCuiCWjDZxwpddsvLt3S/aepCRRkokI5FEKDJjpeknvo/jxZcw/L4YygDBLhOXb57uDbMi6kJuV/jZs9fcRcoSUBpIpMb2WUo5z5bm36Ytm2rrpZPZ7Uqfsc6+PV8hboju60/c/dfc2KFDq6noAAu8Q4+L26aM3hsJj1OxGWFKiibo1WHwjy49ztPwSwwXxFstIz70p1EawLFTQsxeAhG2ioA/XGojE3djg==
11:42:49.407 [main] INFO eu.europa.esig.dss.token.SignDigestRSASSAPSSTest - Decrypted : POk6QrgQZsLdICmDuK8Bf/B2+AK3ScVxi0zfIFY8k+JfU5Q+I2Xq21MITPbZrykbvL4fgGvegRm/uZNgcq1iGeeU2neWM2X2kQn6BoUt171H31scJmailgsckAzrvFjAB04wG5Yfq9lxyUiSXRzVv7wq+WSTK7Cg7r1L8e/6xDapQMHKJdN07D4ZOKos5tzVsaDxywV8MAtPUizt8+AygoGrLEBPCzF6r824b0XVG46VHhtIdV6vUuLeok+uX9dd5q9esqwe1iQEGbahHCeGkEpf8x63loh/JjPJKyLvk0hPZKEVFm1/iiImNbMAsE3Cr3O9pA9aGxDTvkOashzpvA==
11:42:49.407 [main] INFO eu.europa.esig.dss.token.AbstractSignatureTokenConnection - Signature algorithm : NONEwithRSAandMGF1
11:42:49.410 [main] INFO eu.europa.esig.dss.token.SignDigestRSASSAPSSTest - Sig value : Xd+8LWc3IRh26zS0TMbKTDAJ1cpPWwrZCER9vZvZHqYPQFkfe+2V7L+Y/wi0lQbMcc/2Pd11kprJYBL/QAqxdHC6Vxfvq5dSECekXJpkIZXVt8Txt6g+bTmqJYMdSUbbRkAFxiV4celaL8gMG/0eEWiAs4NcbJivkXyAXxbM4Y7nWZV5K1V4DwDK6zyrK7t7IAmipGLTaPr7Zu4/UsbCqrqVQpXbMChVl0GqYD9Bxyllz/Dwso57X7f95yzJqzR3TLPNXCZQ8/82cUmBOcl39IWE92m9pJJWnxu8YrbpCo0fqaM6hdwI7WTsyQjjS81MzCNW6JKiyPhto1jKBlLgMw==
11:42:49.412 [main] INFO eu.europa.esig.dss.token.SignDigestRSASSAPSSTest - Decrypted : T1ifbmPVeAyt3k9dhKUhMCsmjmlnJidy0FmrQz/5wFAfA+BhLulWXP49sfYgZq2CrKDBd/nK2yCGYPiui4VI2/hlSLx0gpDN+2z1Zr4+KqDmb/fobS/j5kfqpTpz3L9DewFzsMpZZ2M9Tk3sfVo86eN+hVeQZY8c0EQu3IWiRDsCXZ7rbp2U22BkN0hr8xb37Llk6etBipX0uF+xhu3gtn6m4H77q4ZyTh6zOUKmykUl7RCdD7N9hZtCZDD99D1aeBWgVM/q0/T2/q7ZinEVzBSOr9SEi1PqPZK9wnHpYfq34XdFJHfwSn+dAPS5+/pdG/tQUexku4w9RLa76X9rvA==
]]></system-out>
  </testcase>
  <testcase name="testPkcs12PSS(SignatureAlgorithm)[5]" classname="eu.europa.esig.dss.token.SignDigestRSASSAPSSSignatureAlgorithmTest" time="0.022">
    <system-out><![CDATA[11:42:49.424 [main] INFO eu.europa.esig.dss.token.AbstractSignatureTokenConnection - Signature algorithm : SHA512withRSAandMGF1
11:42:49.430 [main] INFO eu.europa.esig.dss.token.SignDigestRSASSAPSSTest - Sig value : ATbUsoDAhh7kyiuXnfU/TVKyAh8basbW00DWVV3xekkpdsS7Ij/9vaMM0+2CRJCsj7/hv1XsYflcuQGgQOJyrAJcGr2E3ESS4rRLGMiL0Sg0JoKpHWo/eN8nO9YjBnQq9e4jSxmVCKjZPZr006y2LzuepCePh58z82aNFFOfBQwCgQwL/M5ehWvXBMkrIIxsj+pSVVn218+zfE0Ef6UD7uOXOwG6atKS6E3Gbc4mcIh+5pFRydjAoreLIwOROV+6wRj3YRbZpCC+CjNO1JVkgWbdVbMoPXNCaMGdzr0rmAYR8HsQQEQ+u54XOC2v7CvMGo+vHHfGbtrNPTThZG89NQ==
11:42:49.433 [main] INFO eu.europa.esig.dss.token.SignDigestRSASSAPSSTest - Decrypted : P5bD1QuiY0nNR1tCEEY390CCKlsqgJAALMWX6ij5UqZy87RfFt0bh59WN1JeVRSOTI0MH+yfsht7lKk3nkC/Oa93cVVbzx4hQGGEPtYl0p6/7v7OvNiANWeVjkVfoeWWXBex1T0bxYXLgozbk4WjozzBiZF4FVXzr+eZPeq19C45LmxO1KWRRs0AjIQ11/2T9f4ZDJsGnvUfAyoZfAIko9Nll73ijg8VzJj0+pgffdXuKPF0MVBZCwcQ+kvs7NKy9O59slpeXPOi8N7phhTcGyF3MTNBmIhSzvqQ0pmpxLZpdYhjvivry1hrlTT8vufG3xcivlK6tF+neRbk3jRTvA==
11:42:49.433 [main] INFO eu.europa.esig.dss.token.AbstractSignatureTokenConnection - Signature algorithm : NONEwithRSAandMGF1
11:42:49.437 [main] INFO eu.europa.esig.dss.token.SignDigestRSASSAPSSTest - Sig value : Wgba9hVhFFOQ4E5Nx67oimMqq7sy5Z0pJ5elJ7ihMveLgsE6ZT3YOlUNCKitZWCPQzyGPeViFT+zD/Mn4T9fU1E0GG3M07ZBTuL0G/cHpjKq+saWcGJn1mGxba9xZnKraQZuXyi27447J+8s3SSBARxikPFCQWhNnjTKDJiL36RtnFG3x0bTEmRphM5m7vXjmNJlWATEr/NlttS2/wDFoP8ENbxHdLZphCAFehRvF6ATUHQoLmYG4eGpaVbS97xR/6dMYbMXU9k5540yEs+KYF8TX+EmLrap+v/RLHasG9ysAC5tV70qZSgmu2MxJezhQN1Q4fcMDBiwwrjXGICbHg==
11:42:49.438 [main] INFO eu.europa.esig.dss.token.SignDigestRSASSAPSSTest - Decrypted : d7iNgW3Deni4Ri44E2Z3W+KbY88dNGkc51PDrblcCPs032o7KrvRRg5Ah64AlqX9l3UNIJbMk/MWkPS+0TYtuFtPES+zZl3tZ3NHo/7/HImPGwfEheDGPdOTiNM07K5mBaNRCTZIuII0utRuOV8b5LO0eEya/9KwCN4jkOI0mVzyRpy3fEm5o9RTu9uC6IrhrBRHfORTvX+eEqESKsjQsITrIPggP8qaQYOvC8/s4F6aL1z2PEJPIZCzEqSA7t7YaENl+bxH9masrZ2MiM8sMCBl5GAEcsp2tNVNpPQfhlWoZznVzQkq3H4QyVjcbLwHe35KKBZuTZks4e747e/bvA==
]]></system-out>
  </testcase>
  <testcase name="testPkcs12PSS(SignatureAlgorithm)[6]" classname="eu.europa.esig.dss.token.SignDigestRSASSAPSSSignatureAlgorithmTest" time="0.017">
    <system-out><![CDATA[11:42:49.444 [main] INFO eu.europa.esig.dss.token.AbstractSignatureTokenConnection - Signature algorithm : SHA3-224withRSAandMGF1
11:42:49.450 [main] INFO eu.europa.esig.dss.token.SignDigestRSASSAPSSTest - Sig value : WcM4eTSt0u0XpwyszyHcaf0j/SalbQB+TNT/KrflVz2RL9Y/xdjkTO05NtlIIQB3QrkiUSj20VcQ3qAIlHUEhthorAyOadecz9DlzMWrW1gGfAogzhQYcUdVm9C6Gd7PjWTyJQeo0WvrkURYr0QfuY3Dd0uwhk5irtWSaPtMmCRi7HO6seUC2cPeSTHL6Fp0UUZeMYsvwROm8mTV0F1+jrCsKDvT72GW3ZLbsrosR+garEktmGoDoC9/laHrGdX8TlJ+4lspXj+BDk2nvP5doW/tFGStNkRgUdDadzvrP28yY7w2OmDzz36BeU141UQzaJv2NAmllzAgMbungs8BHg==
11:42:49.451 [main] INFO eu.europa.esig.dss.token.SignDigestRSASSAPSSTest - Decrypted : K6mV+ATq4cpftuKSsBAvcKrAF/XoTcu+jv4445CCFfNZkpluj+BTLlwB0PXas0cZ+/i6hq6442HJ0oD1/0LvYLJjrILuqFaEpWpUJIakVZtqEqvFqKpCeD6hcZL/s5gvo3sc8mOqySLR8bEw+ZvSFdbBmiSA1S40DwBpGUvlKaAXjRD8MSRswSlwse+miLTNCLnNi5xPm4lGYdfYHnBnZ909o6OQR4MqDdKtl5kA5v4zxSKAX9nilAf9SJAyR9JmZe/wRWWRomPd8LYJw9/wvQapaFCT7pcWQScj3Bt6Ip8a9mcO+YVfmsJ3DwQjM5Znqb4kGfYzuBXuU4hWTINXvA==
11:42:49.452 [main] INFO eu.europa.esig.dss.token.AbstractSignatureTokenConnection - Signature algorithm : NONEwithRSAandMGF1
11:42:49.455 [main] INFO eu.europa.esig.dss.token.SignDigestRSASSAPSSTest - Sig value : op4IV5HTdd1zrJP/0+VCo453+i89BEoysAIhnQL0ubNDeOLAlvNxyQ3HAAToqPToFnxHZvsy8kHmMlVN34FeX+/9Eqfv1+efjC+9yVXRHxYHpqADaUS3f+skPVx5sx9J3pp8v3/D2u72AHqC1bnxn2L2V87oK+grm9Gz/iBxiEeeU4Jp4Vil2LGrX6NculBn5EN896aoBdmc3b0MiIzWlgXvbuqvU+I1ezbsXbW+HWWxuJlaQ48iN/hAkTZU8pm+S8HTaVHKnFTfNRV1IfYJzvUJ8BbX2258mlys5hOoYX9eM6FPK0AwS3dSiNWB2XGLFeEmxnhxevMnmsiUaDEt3w==
11:42:49.456 [main] INFO eu.europa.esig.dss.token.SignDigestRSASSAPSSTest - Decrypted : OZ2BllFPlhk4yKauaRQdmSvCqeqJ3dJJGAT42AuTowd+igR6epn4GuwLNeIZYimKi8Fw4adCKjeh5AMUyA4eJP9MAM18ci0NSj8Gudb03NlKtHxaM1gzCVEEkl+Qr+9wlIC7qufj9yPto73nSHN43Hzcr5tzji1GxjGRRm8zkxGxKUSrpQLbp1UzLu1VlhJdgGNDi9IWTDx3SgMIWNyW5uq7lAVY9iU8nRdiSD/Tzg6pzI2xaDGxqChHI9Ld9ns4Qm9xpuWAlP/i7nfy9Bab0ZrfukdA5iOTZoHeL84dp+7CBl265ZR3lEUYthT4h6HjDgt0PvbMr4eXueC7D9AFvA==
]]></system-out>
  </testcase>
  <testcase name="testPkcs12PSS(SignatureAlgorithm)[7]" classname="eu.europa.esig.dss.token.SignDigestRSASSAPSSSignatureAlgorithmTest" time="0.027">
    <system-out><![CDATA[11:42:49.468 [main] INFO eu.europa.esig.dss.token.AbstractSignatureTokenConnection - Signature algorithm : SHA3-256withRSAandMGF1
11:42:49.474 [main] INFO eu.europa.esig.dss.token.SignDigestRSASSAPSSTest - Sig value : utZg5NJSWQZ9kY5CMa3XZRZoz/rSsGYAUjmNOYrt3CdztNxAN8hqZB13RTaul0mue1ZuAjpn5vxFwnD//OlnQ5EzYjUdpAomsKa7CLQG+tBns9wVKqyO3W0jiSHdfqb6I5kT3pP2fNSs0Dte+dcNrHBB4dp0wZArF/ZAZUWhscSzfsf9oLFqdm+tya7Z0ZtHx0qjUISbO4i5ZjM+ehTagwPKzR+p7N3S1WCzXOMg7Wv8gHqJcdrW/mqBZMRe0s99Tksr6yQOm81gPlMHhLqAIwlT+rk2qPJyr1N0M7sMAZUelIxUaw4L2HQ2Fjuv4SUMePCUBuTcrn+fciWovcXS0w==
11:42:49.476 [main] INFO eu.europa.esig.dss.token.SignDigestRSASSAPSSTest - Decrypted : Sy7OZf0hn3/wOgcPSmd4XNz3jWoYejY6ZVAg9ryc4/Onf45UaX2wpgrTsNrZ2BCr2EqPgHZ2YvMxb6eT2Zay7kxUlA06XlD3GfN8tAqh1QAhCagJmpiNjCIITnvHg8kR7kYpB8QSm6HglZW6Gq+pNA85D8LGijX4Ntlj3sYMkT95pINCu5gM9CvOBEJTuv0IXtYA2xRAu9k7nZ2CnPySLk6ckMUYW6L5M5UkKiG/ZmTPF5uYrg19jOiwuKpXqaEHM4x9A3sIyyGSLtHrNLgJLtXDO1XhKKsmJWdjkWpimpbeJiU2Y39yCCdUf2kuat3f5euyPIHNsq1M24xp1xOkvA==
11:42:49.476 [main] INFO eu.europa.esig.dss.token.AbstractSignatureTokenConnection - Signature algorithm : NONEwithRSAandMGF1
11:42:49.481 [main] INFO eu.europa.esig.dss.token.SignDigestRSASSAPSSTest - Sig value : HiOdHtXqJ18lQunBySK5Jo6lOxrQRW+Bw1rH51vbwUo8+2226qGiNBk3B8KmNhmP+gV2QLbxk/YZ/HCvFGHsveLZjQ81Npq5JFWFIk1BGQ5BvT+lKObFaxjDB+IGQ9pNSeQ6u6XcnGCuMTG9StwsFfRmr7OC0asnWUWiCEnmrBl2q+u1wWqZ6Sa0JvbyoqRbQM5BAhmX2eLjZX4hApTcdKq0envi9S5kwfjEU51Y1wEPWJ3xVToa0lneBKalJWzmVa6Ss0iqbI/+z11W1h6CnXj2Y4SWLy1805wVgxKzSum6aDq2VgyG9olm+T64ZmvnMmmpx0pcRipvJ+4LPsNV5A==
11:42:49.484 [main] INFO eu.europa.esig.dss.token.SignDigestRSASSAPSSTest - Decrypted : Goj9ERA1GFqgArEre11RJjPBcOL16T168fKFrqTSeoej33powpzG5ksaygo5sAz9rLpadsm8UTUNVK1PKDQCxoEBV3p9p7pK2he1AJqBxsGNCfk1Jtasiysmj4Aze1BrwRYG3h/O3dEIPcY0OCM1JSRQ8GhWwwQT65k4X7bC0j2jvSs988RGEsW3B+5fbllio3+b485KPyYs2z/rIB6kYMPBrVhIw4+OTpmLQopVY9JqsLeBwknqFd/1M+fihgBuTP8Qc52/RdSSagm7NjWVb64+9kmkhQqBVRgO6luYhxyGis9hweWy070XwDOkZ8C0Ru0eSoV32LXNNz2+6NUQvA==
]]></system-out>
  </testcase>
  <testcase name="testPkcs12PSS(SignatureAlgorithm)[8]" classname="eu.europa.esig.dss.token.SignDigestRSASSAPSSSignatureAlgorithmTest" time="0.022">
    <system-out><![CDATA[11:42:49.493 [main] INFO eu.europa.esig.dss.token.AbstractSignatureTokenConnection - Signature algorithm : SHA3-384withRSAandMGF1
11:42:49.501 [main] INFO eu.europa.esig.dss.token.SignDigestRSASSAPSSTest - Sig value : M57QNC5Zb0V51BTVy9czoQNRdOnHt31c62yV8lBa0SrJmVvLC0bx5wI/RPOvcJPWySeVKMBlM81Zu7TH84B7yGv7xP1Y5eIIKZaFpWuIgKDBI2/3suhIZPL7DP89/rLVyQIDiCfg2rHoqelxjEbcAnlZL4IGiJDRopVrmianI3+qos9At/KMqlAg85J+f+lstMCXLW/yKfKb+vD/f3+4qTQJEEdNEptapIthr8OhXzToe2djOsxZ0M4J3LzTF4TJoDivvU2T4iSXFt+wcsCC3q2XHVlRLGwNxy9mYT1lIuhwtBc8PybVmjytbKuLJQtpe4w9dPq4UNpAVcSrlHkxlQ==
11:42:49.502 [main] INFO eu.europa.esig.dss.token.SignDigestRSASSAPSSTest - Decrypted : AVbRVcWt86DfS33km/Omh8/ec64xFLEIQBHGm6h+kJZ44nK+KLq9bomsSo174WP5JIEdnJJHeqsY54O0mkAynzbIHctRMNTfrBwNMe1cThQTjO2xy5mnu/VNIoUSq2i/99Q95UKdzTn+oB8v4QnoTPqCf1v8tXpE06kglK0I/UIAxAUSvegkVHu/xsncJWjwd8WcnKTN8d0qiEPu3bgFQuLkXaK1X7xHk+6ZgVpmZ69yCRs8ARSxktJlmDAJJAwcrglP/97jh4upsqO1yZtkbefNvh2kSHJoZPSIVCFZjc/l5++lAxW3q3KrWPobNG76FCuhFuZVEYf6br3Nv18jvA==
11:42:49.502 [main] INFO eu.europa.esig.dss.token.AbstractSignatureTokenConnection - Signature algorithm : NONEwithRSAandMGF1
11:42:49.505 [main] INFO eu.europa.esig.dss.token.SignDigestRSASSAPSSTest - Sig value : Rki/UIVkOzOhRkwHqrAeTVErLN07e+vwU2sNs8yefqeCnQrHl9oUK+3BSlfns/b2Rv6hnycxr8NZrxbum0bP3we+42n2RmUnG8i87zcYJUDXY0oWTuA6i1FZBY1N8zGTmFwiroc5MvR3dWKsRMpzwQN0vXHCDKI05fp585i80LTEZ0Tfpj/ZMbgV6ZBqg/nIJx/thxVOhA8NMVD0cc3lVMZAxQ4M2EX11XuFmo8pHtpIYe+wtaPY78Zgo9GDNP5E3xHmuSUOwqQoFJ3aYPX38U5Kyx+edwC+rG03FZq32Tl2CJUTKBmk1ZZSU0YvYC1PDsohnIiyb/X3VC4MZFlMOQ==
11:42:49.506 [main] INFO eu.europa.esig.dss.token.SignDigestRSASSAPSSTest - Decrypted : Z1hMKNqtmioYhdWU88nicONmWOHJB7SIYD5QiUMVvRyzKCWSC6+K+qvEFN/I2cIvo/c9uTwhrA1L+SF/Conzqpz7PUP5JdZwtCv/JWJhRtye9di4CIxSU6QT/NN8xnIYsm8BQjCHnDOWgpCikghSs3ra6T/AGj3JuTfTw50fXh8/HaQPu7giHkWAR3iPJKvGzEX7Vpiwbk0eFfneRgz5KKU297OS0J5m8m5j8JL7zK7wj0yOiSyL6OIxTFMMWE5o0tyzZqHgii8q05NOhi1msGKUHmIKcEQXnS2ZR9lmfiiCprpK2Vt6ourq3KJbi+yBpEqhG/KD/98CDvoQLr2rvA==
]]></system-out>
  </testcase>
  <testcase name="testPkcs12PSS(SignatureAlgorithm)[9]" classname="eu.europa.esig.dss.token.SignDigestRSASSAPSSSignatureAlgorithmTest" time="0.03">
    <system-out><![CDATA[11:42:49.524 [main] INFO eu.europa.esig.dss.token.AbstractSignatureTokenConnection - Signature algorithm : SHA3-512withRSAandMGF1
11:42:49.532 [main] INFO eu.europa.esig.dss.token.SignDigestRSASSAPSSTest - Sig value : n9RMP1Zih043cTfFmyQYfM5b+akix+l5PR3Di1XH3xENuX/wI4LSEKhTE2pk9rMvThI5HaHdkAI5rr9/nyBnxkm+PBaRoUnqXYiqX4p+OTlcCKsVuh95phxLG4t+ev/bUoC1GggUsSUISZtqgvTq1Ve9wYwFmW0I4RYePymbRNakoEsoCT+VRsqpH0pYyeZjtbMAoufYOa2mChJo02raYAnfpds/KYDN4Y1bgJtEhP/HyWgIlmnDIBWpcXmHv2/EiWmVUnQx9S30z8JIqDcZ+OvdOfy/CtyrMqFITEFpFx56Rn4vhxc9ZAvMGGJHIRWq7+XtqqWQ7qFUvs/c0y2RCQ==
11:42:49.534 [main] INFO eu.europa.esig.dss.token.SignDigestRSASSAPSSTest - Decrypted : UP6cDlc+ykGD8sf7R4enS5qjG7heEPdJX2c6bDusIhh+RHx4yZQHUdYW70ISIpxrPn73GIvndWyjuCqDcoAa6povnv7cZoJlkzajTH9tYJcXEFWz6fXhOo+gt0djaqZ0oOO9KZ1j6CT27SOyPKqeCdxjDqa4gN/6t3lsJWtJ7DnHFAUpKkKLEwjIYdP/8ToXTejxzG2CKA6AIOMvcg2oJhJGEyRhdc+5fgvImdfBVT1BcyuwwiHcxTx8UhmdnxKCoOMCgTIG4eTRVOp/dch7b3fDmhpaHx/LKoBwnuuXl/HI0EnPPgYHXQiLRXsSf4Ui8GS00qLw483Pdkmqz47jvA==
11:42:49.535 [main] INFO eu.europa.esig.dss.token.AbstractSignatureTokenConnection - Signature algorithm : NONEwithRSAandMGF1
11:42:49.539 [main] INFO eu.europa.esig.dss.token.SignDigestRSASSAPSSTest - Sig value : MB1ZSrDp+5ta9BxGoNFWBjFI0+U+9jFek0/SyDrLxLjAmlIxVfxNQMaX5pIRg5F25AE3ySdGOYTIIRDADTnDAJo6qGjvbYleWqHx2cqVAKDD+o0OAonnxIUxoj9o71t+wahp7xGMwWL5g1osJfDhaZZX6KuhUJ6Gak1q9MbLcRf8wQFZExeO9lBdx36TzJ4xtQnRl1PKXhVGNhVCyJAvxv+KwzaMD/24Xof1XM2sgif/tkYQ664r9ZphszDuX+qtE1n3ko9qdylm4EmRydvqAr+2iS8Fj7SFNQlC8u+c1/jYVPoKNNFrQT7ilpBVJ0XcrggGemZwANarZMg3nPhEOw==
11:42:49.540 [main] INFO eu.europa.esig.dss.token.SignDigestRSASSAPSSTest - Decrypted : KMZik9Z1FDf78nUYBlilRmf+EIJbbflzZeiGM2mRRTe67qj+3Ty2+C+aRZOXKIZddlNK2lI1sgGLSvHsTi/ghSf5FzsRg0m21xr+rm+O9wzxTxguimsaUkw9kX+MxTGHwxlb0Zp3do3A4hv6p/ffXDCuLz9ZiufIKjUFgfEWB0eHoiCOM3pcEowAkizmL3ds+1nRve+KF6pNp00RaY8TB+TngBcPDGWudFaMfsY3FJxV3zVRkhIyTJbvhz7fdQn1a0sz5hKQv8Xuydul5NcX9cbgA4L8gunhH0HMuMFlddZSV189oABuKAhpovzL716RDk+Yqae3ZzP6eVJ+8qAevA==
]]></system-out>
  </testcase>
</testsuite>