<?xml version="1.0" encoding="UTF-8"?>
<testsuite xmlns:xsi="http://www.w3.org/2001/XMLSchema-instance" xsi:noNamespaceSchemaLocation="https://maven.apache.org/surefire/maven-surefire-plugin/xsd/surefire-test-report-3.0.xsd" version="3.0" name="eu.europa.esig.dss.jades.signature.JAdESServiceTest" time="5.857" tests="4" errors="0" skipped="0" failures="0">
  <properties>
    <property name="java.specification.version" value="19"/>
    <property name="sun.cpu.isalist" value="amd64"/>
    <property name="sun.jnu.encoding" value="Cp1252"/>
    <property name="java.class.path" value="C:\Users\amadoria\Documents\Projects\HAPKIDO\WP4\dss-fork\dss-jades\target\test-classes;C:\Users\amadoria\Documents\Projects\HAPKIDO\WP4\dss-fork\dss-jades\target\classes;C:\Users\amadoria\Documents\Projects\HAPKIDO\WP4\dss-fork\specs-jades\target\specs-jades-5.12.RC1.jar;C:\Users\amadoria\Documents\Projects\HAPKIDO\WP4\dss-fork\specs-jws\target\specs-jws-5.12.RC1.jar;C:\Users\amadoria\.m2\repository\com\github\erosb\everit-json-schema\1.14.1\everit-json-schema-1.14.1.jar;C:\Users\amadoria\.m2\repository\org\json\json\20220320\json-20220320.jar;C:\Users\amadoria\.m2\repository\commons-validator\commons-validator\1.7\commons-validator-1.7.jar;C:\Users\amadoria\.m2\repository\commons-digester\commons-digester\2.1\commons-digester-2.1.jar;C:\Users\amadoria\.m2\repository\commons-collections\commons-collections\3.2.2\commons-collections-3.2.2.jar;C:\Users\amadoria\.m2\repository\com\damnhandy\handy-uri-templates\2.1.8\handy-uri-templates-2.1.8.jar;C:\Users\amadoria\.m2\repository\joda-time\joda-time\2.10.2\joda-time-2.10.2.jar;C:\Users\amadoria\.m2\repository\com\google\re2j\re2j\1.6\re2j-1.6.jar;C:\Users\amadoria\Documents\Projects\HAPKIDO\WP4\dss-fork\dss-document\target\dss-document-5.12.RC1.jar;C:\Users\amadoria\Documents\Projects\HAPKIDO\WP4\dss-fork\dss-spi\target\dss-spi-5.12.RC1.jar;C:\Users\amadoria\Documents\Projects\HAPKIDO\WP4\dss-fork\dss-model\target\dss-model-5.12.RC1.jar;C:\Users\amadoria\Documents\Projects\HAPKIDO\WP4\dss-fork\dss-enumerations\target\dss-enumerations-5.12.RC1.jar;C:\Users\amadoria\Documents\Projects\HAPKIDO\WP4\dss-fork\dss-utils\target\dss-utils-5.12.RC1.jar;C:\Users\amadoria\Documents\Projects\HAPKIDO\WP4\dss-fork\dss-crl-parser\target\dss-crl-parser-5.12.RC1.jar;C:\Users\amadoria\Documents\Projects\HAPKIDO\WP4\dss-fork\dss-jades\libs\bcpkix-jdk18on-173b20.jar;C:\Users\amadoria\Documents\Projects\HAPKIDO\WP4\dss-fork\dss-jades\libs\bcprov-jdk18on-173b20.jar;C:\Users\amadoria\Documents\Projects\HAPKIDO\WP4\dss-fork\dss-jades\libs\bcutil-jdk18on-173b20.jar;C:\Users\amadoria\Documents\Projects\HAPKIDO\WP4\dss-fork\validation-policy\target\validation-policy-5.12.RC1.jar;C:\Users\amadoria\Documents\Projects\HAPKIDO\WP4\dss-fork\dss-policy-jaxb\target\dss-policy-jaxb-5.12.RC1.jar;C:\Users\amadoria\Documents\Projects\HAPKIDO\WP4\dss-fork\dss-jaxb-parsers\target\dss-jaxb-parsers-5.12.RC1.jar;C:\Users\amadoria\Documents\Projects\HAPKIDO\WP4\dss-fork\dss-jaxb-common\target\dss-jaxb-common-5.12.RC1.jar;C:\Users\amadoria\Documents\Projects\HAPKIDO\WP4\dss-fork\dss-alert\target\dss-alert-5.12.RC1.jar;C:\Users\amadoria\.m2\repository\org\glassfish\jaxb\jaxb-runtime\2.3.8\jaxb-runtime-2.3.8.jar;C:\Users\amadoria\.m2\repository\org\glassfish\jaxb\txw2\2.3.8\txw2-2.3.8.jar;C:\Users\amadoria\.m2\repository\com\sun\istack\istack-commons-runtime\3.0.12\istack-commons-runtime-3.0.12.jar;C:\Users\amadoria\.m2\repository\com\sun\activation\jakarta.activation\1.2.2\jakarta.activation-1.2.2.jar;C:\Users\amadoria\Documents\Projects\HAPKIDO\WP4\dss-fork\dss-diagnostic-jaxb\target\dss-diagnostic-jaxb-5.12.RC1.jar;C:\Users\amadoria\Documents\Projects\HAPKIDO\WP4\dss-fork\dss-simple-report-jaxb\target\dss-simple-report-jaxb-5.12.RC1.jar;C:\Users\amadoria\Documents\Projects\HAPKIDO\WP4\dss-fork\dss-simple-certificate-report-jaxb\target\dss-simple-certificate-report-jaxb-5.12.RC1.jar;C:\Users\amadoria\Documents\Projects\HAPKIDO\WP4\dss-fork\dss-detailed-report-jaxb\target\dss-detailed-report-jaxb-5.12.RC1.jar;C:\Users\amadoria\Documents\Projects\HAPKIDO\WP4\dss-fork\specs-validation-report\target\specs-validation-report-5.12.RC1.jar;C:\Users\amadoria\Documents\Projects\HAPKIDO\WP4\dss-fork\specs-xmldsig\target\specs-xmldsig-5.12.RC1.jar;C:\Users\amadoria\Documents\Projects\HAPKIDO\WP4\dss-fork\specs-xades\target\specs-xades-5.12.RC1.jar;C:\Users\amadoria\Documents\Projects\HAPKIDO\WP4\dss-fork\specs-trusted-list\target\specs-trusted-list-5.12.RC1.jar;C:\Users\amadoria\Documents\Projects\HAPKIDO\WP4\dss-fork\dss-i18n\target\dss-i18n-5.12.RC1.jar;C:\Users\amadoria\.m2\repository\org\bitbucket\b_c\jose4j\0.9.3\jose4j-0.9.3.jar;C:\Users\amadoria\.m2\repository\org\slf4j\slf4j-api\2.0.6\slf4j-api-2.0.6.jar;C:\Users\amadoria\Documents\Projects\HAPKIDO\WP4\dss-fork\dss-test\target\dss-test-5.12.RC1-tests.jar;C:\Users\amadoria\Documents\Projects\HAPKIDO\WP4\dss-fork\dss-token\target\dss-token-5.12.RC1.jar;C:\Users\amadoria\Documents\Projects\HAPKIDO\WP4\dss-fork\dss-service\target\dss-service-5.12.RC1.jar;C:\Users\amadoria\.m2\repository\org\apache\httpcomponents\client5\httpclient5\5.2.1\httpclient5-5.2.1.jar;C:\Users\amadoria\.m2\repository\org\apache\httpcomponents\core5\httpcore5\5.2\httpcore5-5.2.jar;C:\Users\amadoria\.m2\repository\org\apache\httpcomponents\core5\httpcore5-h2\5.2\httpcore5-h2-5.2.jar;C:\Users\amadoria\.m2\repository\commons-codec\commons-codec\1.15\commons-codec-1.15.jar;C:\Users\amadoria\.m2\repository\org\apache\santuario\xmlsec\2.3.2\xmlsec-2.3.2.jar;C:\Users\amadoria\.m2\repository\com\fasterxml\woodstox\woodstox-core\6.5.0\woodstox-core-6.5.0.jar;C:\Users\amadoria\.m2\repository\org\codehaus\woodstox\stax2-api\4.2.1\stax2-api-4.2.1.jar;C:\Users\amadoria\.m2\repository\jakarta\xml\bind\jakarta.xml.bind-api\2.3.3\jakarta.xml.bind-api-2.3.3.jar;C:\Users\amadoria\.m2\repository\org\slf4j\jcl-over-slf4j\2.0.6\jcl-over-slf4j-2.0.6.jar;C:\Users\amadoria\.m2\repository\ch\qos\logback\logback-classic\1.3.5\logback-classic-1.3.5.jar;C:\Users\amadoria\.m2\repository\ch\qos\logback\logback-core\1.3.5\logback-core-1.3.5.jar;C:\Users\amadoria\.m2\repository\com\h2database\h2\2.1.214\h2-2.1.214.jar;C:\Users\amadoria\.m2\repository\org\junit\platform\junit-platform-launcher\1.9.2\junit-platform-launcher-1.9.2.jar;C:\Users\amadoria\.m2\repository\org\junit\platform\junit-platform-engine\1.9.2\junit-platform-engine-1.9.2.jar;C:\Users\amadoria\.m2\repository\org\opentest4j\opentest4j\1.2.0\opentest4j-1.2.0.jar;C:\Users\amadoria\.m2\repository\org\junit\platform\junit-platform-commons\1.9.2\junit-platform-commons-1.9.2.jar;C:\Users\amadoria\.m2\repository\org\apiguardian\apiguardian-api\1.1.2\apiguardian-api-1.1.2.jar;C:\Users\amadoria\.m2\repository\org\junit\jupiter\junit-jupiter-engine\5.9.2\junit-jupiter-engine-5.9.2.jar;C:\Users\amadoria\.m2\repository\org\junit\jupiter\junit-jupiter-api\5.9.2\junit-jupiter-api-5.9.2.jar;C:\Users\amadoria\.m2\repository\org\junit\jupiter\junit-jupiter-params\5.9.2\junit-jupiter-params-5.9.2.jar;C:\Users\amadoria\.m2\repository\org\awaitility\awaitility\4.2.0\awaitility-4.2.0.jar;C:\Users\amadoria\.m2\repository\org\hamcrest\hamcrest\2.1\hamcrest-2.1.jar;C:\Users\amadoria\.m2\repository\org\mockito\mockito-core\4.11.0\mockito-core-4.11.0.jar;C:\Users\amadoria\.m2\repository\net\bytebuddy\byte-buddy\1.12.19\byte-buddy-1.12.19.jar;C:\Users\amadoria\.m2\repository\net\bytebuddy\byte-buddy-agent\1.12.19\byte-buddy-agent-1.12.19.jar;C:\Users\amadoria\.m2\repository\org\objenesis\objenesis\3.3\objenesis-3.3.jar;C:\Users\amadoria\.m2\repository\com\fasterxml\jackson\module\jackson-module-jaxb-annotations\2.14.2\jackson-module-jaxb-annotations-2.14.2.jar;C:\Users\amadoria\.m2\repository\com\fasterxml\jackson\core\jackson-annotations\2.14.2\jackson-annotations-2.14.2.jar;C:\Users\amadoria\.m2\repository\com\fasterxml\jackson\core\jackson-core\2.14.2\jackson-core-2.14.2.jar;C:\Users\amadoria\.m2\repository\com\fasterxml\jackson\core\jackson-databind\2.14.2\jackson-databind-2.14.2.jar;C:\Users\amadoria\.m2\repository\jakarta\activation\jakarta.activation-api\1.2.2\jakarta.activation-api-1.2.2.jar;C:\Users\amadoria\Documents\Projects\HAPKIDO\WP4\dss-fork\dss-utils-apache-commons\target\dss-utils-apache-commons-5.12.RC1.jar;C:\Users\amadoria\.m2\repository\org\apache\commons\commons-lang3\3.12.0\commons-lang3-3.12.0.jar;C:\Users\amadoria\.m2\repository\org\apache\commons\commons-collections4\4.4\commons-collections4-4.4.jar;C:\Users\amadoria\.m2\repository\commons-io\commons-io\2.11.0\commons-io-2.11.0.jar;C:\Users\amadoria\Documents\Projects\HAPKIDO\WP4\dss-fork\dss-crl-parser-stream\target\dss-crl-parser-stream-5.12.RC1.jar;C:\Users\amadoria\.m2\repository\org\apache\xmlgraphics\fop-core\2.8\fop-core-2.8.jar;C:\Users\amadoria\.m2\repository\org\apache\xmlgraphics\batik-anim\1.16\batik-anim-1.16.jar;C:\Users\amadoria\.m2\repository\org\apache\xmlgraphics\batik-css\1.16\batik-css-1.16.jar;C:\Users\amadoria\.m2\repository\org\apache\xmlgraphics\batik-dom\1.16\batik-dom-1.16.jar;C:\Users\amadoria\.m2\repository\xml-apis\xml-apis\1.4.01\xml-apis-1.4.01.jar;C:\Users\amadoria\.m2\repository\org\apache\xmlgraphics\batik-ext\1.16\batik-ext-1.16.jar;C:\Users\amadoria\.m2\repository\org\apache\xmlgraphics\batik-parser\1.16\batik-parser-1.16.jar;C:\Users\amadoria\.m2\repository\org\apache\xmlgraphics\batik-shared-resources\1.16\batik-shared-resources-1.16.jar;C:\Users\amadoria\.m2\repository\org\apache\xmlgraphics\batik-svg-dom\1.16\batik-svg-dom-1.16.jar;C:\Users\amadoria\.m2\repository\org\apache\xmlgraphics\batik-util\1.16\batik-util-1.16.jar;C:\Users\amadoria\.m2\repository\org\apache\xmlgraphics\batik-constants\1.16\batik-constants-1.16.jar;C:\Users\amadoria\.m2\repository\org\apache\xmlgraphics\batik-i18n\1.16\batik-i18n-1.16.jar;C:\Users\amadoria\.m2\repository\xml-apis\xml-apis-ext\1.3.04\xml-apis-ext-1.3.04.jar;C:\Users\amadoria\.m2\repository\org\apache\xmlgraphics\batik-awt-util\1.16\batik-awt-util-1.16.jar;C:\Users\amadoria\.m2\repository\org\apache\xmlgraphics\batik-bridge\1.16\batik-bridge-1.16.jar;C:\Users\amadoria\.m2\repository\org\apache\xmlgraphics\batik-script\1.16\batik-script-1.16.jar;C:\Users\amadoria\.m2\repository\org\apache\xmlgraphics\batik-xml\1.16\batik-xml-1.16.jar;C:\Users\amadoria\.m2\repository\org\apache\xmlgraphics\batik-extension\1.16\batik-extension-1.16.jar;C:\Users\amadoria\.m2\repository\org\apache\xmlgraphics\batik-gvt\1.16\batik-gvt-1.16.jar;C:\Users\amadoria\.m2\repository\org\apache\xmlgraphics\batik-transcoder\1.16\batik-transcoder-1.16.jar;C:\Users\amadoria\.m2\repository\org\apache\xmlgraphics\batik-svggen\1.16\batik-svggen-1.16.jar;C:\Users\amadoria\.m2\repository\org\apache\xmlgraphics\fop-events\2.8\fop-events-2.8.jar;C:\Users\amadoria\.m2\repository\com\thoughtworks\qdox\qdox\1.12\qdox-1.12.jar;C:\Users\amadoria\.m2\repository\org\apache\xmlgraphics\fop-util\2.8\fop-util-2.8.jar;C:\Users\amadoria\.m2\repository\org\apache\xmlgraphics\xmlgraphics-commons\2.8\xmlgraphics-commons-2.8.jar;"/>
    <property name="sun.awt.enableExtraMouseButtons" value="true"/>
    <property name="java.vm.vendor" value="Oracle Corporation"/>
    <property name="sun.arch.data.model" value="64"/>
    <property name="user.variant" value=""/>
    <property name="java.vendor.url" value="https://java.oracle.com/"/>
    <property name="user.timezone" value="Europe/Amsterdam"/>
    <property name="os.name" value="Windows 10"/>
    <property name="java.vm.specification.version" value="19"/>
    <property name="sun.java.launcher" value="SUN_STANDARD"/>
    <property name="user.country" value="US"/>
    <property name="sun.boot.library.path" value="C:\Program Files\Java\jdk-19\bin"/>
    <property name="sun.java.command" value="C:\Users\amadoria\AppData\Local\Temp\surefire13372102371052756878\surefirebooter-20230428115950915_1349.jar C:\Users\amadoria\AppData\Local\Temp\surefire13372102371052756878 2023-04-28T11-29-53_553-jvmRun1 surefire-20230428115950915_1347tmp surefire_33-20230428115950915_1348tmp"/>
    <property name="jdk.debug" value="release"/>
    <property name="surefire.test.class.path" value="C:\Users\amadoria\Documents\Projects\HAPKIDO\WP4\dss-fork\dss-jades\target\test-classes;C:\Users\amadoria\Documents\Projects\HAPKIDO\WP4\dss-fork\dss-jades\target\classes;C:\Users\amadoria\Documents\Projects\HAPKIDO\WP4\dss-fork\specs-jades\target\specs-jades-5.12.RC1.jar;C:\Users\amadoria\Documents\Projects\HAPKIDO\WP4\dss-fork\specs-jws\target\specs-jws-5.12.RC1.jar;C:\Users\amadoria\.m2\repository\com\github\erosb\everit-json-schema\1.14.1\everit-json-schema-1.14.1.jar;C:\Users\amadoria\.m2\repository\org\json\json\20220320\json-20220320.jar;C:\Users\amadoria\.m2\repository\commons-validator\commons-validator\1.7\commons-validator-1.7.jar;C:\Users\amadoria\.m2\repository\commons-digester\commons-digester\2.1\commons-digester-2.1.jar;C:\Users\amadoria\.m2\repository\commons-collections\commons-collections\3.2.2\commons-collections-3.2.2.jar;C:\Users\amadoria\.m2\repository\com\damnhandy\handy-uri-templates\2.1.8\handy-uri-templates-2.1.8.jar;C:\Users\amadoria\.m2\repository\joda-time\joda-time\2.10.2\joda-time-2.10.2.jar;C:\Users\amadoria\.m2\repository\com\google\re2j\re2j\1.6\re2j-1.6.jar;C:\Users\amadoria\Documents\Projects\HAPKIDO\WP4\dss-fork\dss-document\target\dss-document-5.12.RC1.jar;C:\Users\amadoria\Documents\Projects\HAPKIDO\WP4\dss-fork\dss-spi\target\dss-spi-5.12.RC1.jar;C:\Users\amadoria\Documents\Projects\HAPKIDO\WP4\dss-fork\dss-model\target\dss-model-5.12.RC1.jar;C:\Users\amadoria\Documents\Projects\HAPKIDO\WP4\dss-fork\dss-enumerations\target\dss-enumerations-5.12.RC1.jar;C:\Users\amadoria\Documents\Projects\HAPKIDO\WP4\dss-fork\dss-utils\target\dss-utils-5.12.RC1.jar;C:\Users\amadoria\Documents\Projects\HAPKIDO\WP4\dss-fork\dss-crl-parser\target\dss-crl-parser-5.12.RC1.jar;C:\Users\amadoria\Documents\Projects\HAPKIDO\WP4\dss-fork\dss-jades\libs\bcpkix-jdk18on-173b20.jar;C:\Users\amadoria\Documents\Projects\HAPKIDO\WP4\dss-fork\dss-jades\libs\bcprov-jdk18on-173b20.jar;C:\Users\amadoria\Documents\Projects\HAPKIDO\WP4\dss-fork\dss-jades\libs\bcutil-jdk18on-173b20.jar;C:\Users\amadoria\Documents\Projects\HAPKIDO\WP4\dss-fork\validation-policy\target\validation-policy-5.12.RC1.jar;C:\Users\amadoria\Documents\Projects\HAPKIDO\WP4\dss-fork\dss-policy-jaxb\target\dss-policy-jaxb-5.12.RC1.jar;C:\Users\amadoria\Documents\Projects\HAPKIDO\WP4\dss-fork\dss-jaxb-parsers\target\dss-jaxb-parsers-5.12.RC1.jar;C:\Users\amadoria\Documents\Projects\HAPKIDO\WP4\dss-fork\dss-jaxb-common\target\dss-jaxb-common-5.12.RC1.jar;C:\Users\amadoria\Documents\Projects\HAPKIDO\WP4\dss-fork\dss-alert\target\dss-alert-5.12.RC1.jar;C:\Users\amadoria\.m2\repository\org\glassfish\jaxb\jaxb-runtime\2.3.8\jaxb-runtime-2.3.8.jar;C:\Users\amadoria\.m2\repository\org\glassfish\jaxb\txw2\2.3.8\txw2-2.3.8.jar;C:\Users\amadoria\.m2\repository\com\sun\istack\istack-commons-runtime\3.0.12\istack-commons-runtime-3.0.12.jar;C:\Users\amadoria\.m2\repository\com\sun\activation\jakarta.activation\1.2.2\jakarta.activation-1.2.2.jar;C:\Users\amadoria\Documents\Projects\HAPKIDO\WP4\dss-fork\dss-diagnostic-jaxb\target\dss-diagnostic-jaxb-5.12.RC1.jar;C:\Users\amadoria\Documents\Projects\HAPKIDO\WP4\dss-fork\dss-simple-report-jaxb\target\dss-simple-report-jaxb-5.12.RC1.jar;C:\Users\amadoria\Documents\Projects\HAPKIDO\WP4\dss-fork\dss-simple-certificate-report-jaxb\target\dss-simple-certificate-report-jaxb-5.12.RC1.jar;C:\Users\amadoria\Documents\Projects\HAPKIDO\WP4\dss-fork\dss-detailed-report-jaxb\target\dss-detailed-report-jaxb-5.12.RC1.jar;C:\Users\amadoria\Documents\Projects\HAPKIDO\WP4\dss-fork\specs-validation-report\target\specs-validation-report-5.12.RC1.jar;C:\Users\amadoria\Documents\Projects\HAPKIDO\WP4\dss-fork\specs-xmldsig\target\specs-xmldsig-5.12.RC1.jar;C:\Users\amadoria\Documents\Projects\HAPKIDO\WP4\dss-fork\specs-xades\target\specs-xades-5.12.RC1.jar;C:\Users\amadoria\Documents\Projects\HAPKIDO\WP4\dss-fork\specs-trusted-list\target\specs-trusted-list-5.12.RC1.jar;C:\Users\amadoria\Documents\Projects\HAPKIDO\WP4\dss-fork\dss-i18n\target\dss-i18n-5.12.RC1.jar;C:\Users\amadoria\.m2\repository\org\bitbucket\b_c\jose4j\0.9.3\jose4j-0.9.3.jar;C:\Users\amadoria\.m2\repository\org\slf4j\slf4j-api\2.0.6\slf4j-api-2.0.6.jar;C:\Users\amadoria\Documents\Projects\HAPKIDO\WP4\dss-fork\dss-test\target\dss-test-5.12.RC1-tests.jar;C:\Users\amadoria\Documents\Projects\HAPKIDO\WP4\dss-fork\dss-token\target\dss-token-5.12.RC1.jar;C:\Users\amadoria\Documents\Projects\HAPKIDO\WP4\dss-fork\dss-service\target\dss-service-5.12.RC1.jar;C:\Users\amadoria\.m2\repository\org\apache\httpcomponents\client5\httpclient5\5.2.1\httpclient5-5.2.1.jar;C:\Users\amadoria\.m2\repository\org\apache\httpcomponents\core5\httpcore5\5.2\httpcore5-5.2.jar;C:\Users\amadoria\.m2\repository\org\apache\httpcomponents\core5\httpcore5-h2\5.2\httpcore5-h2-5.2.jar;C:\Users\amadoria\.m2\repository\commons-codec\commons-codec\1.15\commons-codec-1.15.jar;C:\Users\amadoria\.m2\repository\org\apache\santuario\xmlsec\2.3.2\xmlsec-2.3.2.jar;C:\Users\amadoria\.m2\repository\com\fasterxml\woodstox\woodstox-core\6.5.0\woodstox-core-6.5.0.jar;C:\Users\amadoria\.m2\repository\org\codehaus\woodstox\stax2-api\4.2.1\stax2-api-4.2.1.jar;C:\Users\amadoria\.m2\repository\jakarta\xml\bind\jakarta.xml.bind-api\2.3.3\jakarta.xml.bind-api-2.3.3.jar;C:\Users\amadoria\.m2\repository\org\slf4j\jcl-over-slf4j\2.0.6\jcl-over-slf4j-2.0.6.jar;C:\Users\amadoria\.m2\repository\ch\qos\logback\logback-classic\1.3.5\logback-classic-1.3.5.jar;C:\Users\amadoria\.m2\repository\ch\qos\logback\logback-core\1.3.5\logback-core-1.3.5.jar;C:\Users\amadoria\.m2\repository\com\h2database\h2\2.1.214\h2-2.1.214.jar;C:\Users\amadoria\.m2\repository\org\junit\platform\junit-platform-launcher\1.9.2\junit-platform-launcher-1.9.2.jar;C:\Users\amadoria\.m2\repository\org\junit\platform\junit-platform-engine\1.9.2\junit-platform-engine-1.9.2.jar;C:\Users\amadoria\.m2\repository\org\opentest4j\opentest4j\1.2.0\opentest4j-1.2.0.jar;C:\Users\amadoria\.m2\repository\org\junit\platform\junit-platform-commons\1.9.2\junit-platform-commons-1.9.2.jar;C:\Users\amadoria\.m2\repository\org\apiguardian\apiguardian-api\1.1.2\apiguardian-api-1.1.2.jar;C:\Users\amadoria\.m2\repository\org\junit\jupiter\junit-jupiter-engine\5.9.2\junit-jupiter-engine-5.9.2.jar;C:\Users\amadoria\.m2\repository\org\junit\jupiter\junit-jupiter-api\5.9.2\junit-jupiter-api-5.9.2.jar;C:\Users\amadoria\.m2\repository\org\junit\jupiter\junit-jupiter-params\5.9.2\junit-jupiter-params-5.9.2.jar;C:\Users\amadoria\.m2\repository\org\awaitility\awaitility\4.2.0\awaitility-4.2.0.jar;C:\Users\amadoria\.m2\repository\org\hamcrest\hamcrest\2.1\hamcrest-2.1.jar;C:\Users\amadoria\.m2\repository\org\mockito\mockito-core\4.11.0\mockito-core-4.11.0.jar;C:\Users\amadoria\.m2\repository\net\bytebuddy\byte-buddy\1.12.19\byte-buddy-1.12.19.jar;C:\Users\amadoria\.m2\repository\net\bytebuddy\byte-buddy-agent\1.12.19\byte-buddy-agent-1.12.19.jar;C:\Users\amadoria\.m2\repository\org\objenesis\objenesis\3.3\objenesis-3.3.jar;C:\Users\amadoria\.m2\repository\com\fasterxml\jackson\module\jackson-module-jaxb-annotations\2.14.2\jackson-module-jaxb-annotations-2.14.2.jar;C:\Users\amadoria\.m2\repository\com\fasterxml\jackson\core\jackson-annotations\2.14.2\jackson-annotations-2.14.2.jar;C:\Users\amadoria\.m2\repository\com\fasterxml\jackson\core\jackson-core\2.14.2\jackson-core-2.14.2.jar;C:\Users\amadoria\.m2\repository\com\fasterxml\jackson\core\jackson-databind\2.14.2\jackson-databind-2.14.2.jar;C:\Users\amadoria\.m2\repository\jakarta\activation\jakarta.activation-api\1.2.2\jakarta.activation-api-1.2.2.jar;C:\Users\amadoria\Documents\Projects\HAPKIDO\WP4\dss-fork\dss-utils-apache-commons\target\dss-utils-apache-commons-5.12.RC1.jar;C:\Users\amadoria\.m2\repository\org\apache\commons\commons-lang3\3.12.0\commons-lang3-3.12.0.jar;C:\Users\amadoria\.m2\repository\org\apache\commons\commons-collections4\4.4\commons-collections4-4.4.jar;C:\Users\amadoria\.m2\repository\commons-io\commons-io\2.11.0\commons-io-2.11.0.jar;C:\Users\amadoria\Documents\Projects\HAPKIDO\WP4\dss-fork\dss-crl-parser-stream\target\dss-crl-parser-stream-5.12.RC1.jar;C:\Users\amadoria\.m2\repository\org\apache\xmlgraphics\fop-core\2.8\fop-core-2.8.jar;C:\Users\amadoria\.m2\repository\org\apache\xmlgraphics\batik-anim\1.16\batik-anim-1.16.jar;C:\Users\amadoria\.m2\repository\org\apache\xmlgraphics\batik-css\1.16\batik-css-1.16.jar;C:\Users\amadoria\.m2\repository\org\apache\xmlgraphics\batik-dom\1.16\batik-dom-1.16.jar;C:\Users\amadoria\.m2\repository\xml-apis\xml-apis\1.4.01\xml-apis-1.4.01.jar;C:\Users\amadoria\.m2\repository\org\apache\xmlgraphics\batik-ext\1.16\batik-ext-1.16.jar;C:\Users\amadoria\.m2\repository\org\apache\xmlgraphics\batik-parser\1.16\batik-parser-1.16.jar;C:\Users\amadoria\.m2\repository\org\apache\xmlgraphics\batik-shared-resources\1.16\batik-shared-resources-1.16.jar;C:\Users\amadoria\.m2\repository\org\apache\xmlgraphics\batik-svg-dom\1.16\batik-svg-dom-1.16.jar;C:\Users\amadoria\.m2\repository\org\apache\xmlgraphics\batik-util\1.16\batik-util-1.16.jar;C:\Users\amadoria\.m2\repository\org\apache\xmlgraphics\batik-constants\1.16\batik-constants-1.16.jar;C:\Users\amadoria\.m2\repository\org\apache\xmlgraphics\batik-i18n\1.16\batik-i18n-1.16.jar;C:\Users\amadoria\.m2\repository\xml-apis\xml-apis-ext\1.3.04\xml-apis-ext-1.3.04.jar;C:\Users\amadoria\.m2\repository\org\apache\xmlgraphics\batik-awt-util\1.16\batik-awt-util-1.16.jar;C:\Users\amadoria\.m2\repository\org\apache\xmlgraphics\batik-bridge\1.16\batik-bridge-1.16.jar;C:\Users\amadoria\.m2\repository\org\apache\xmlgraphics\batik-script\1.16\batik-script-1.16.jar;C:\Users\amadoria\.m2\repository\org\apache\xmlgraphics\batik-xml\1.16\batik-xml-1.16.jar;C:\Users\amadoria\.m2\repository\org\apache\xmlgraphics\batik-extension\1.16\batik-extension-1.16.jar;C:\Users\amadoria\.m2\repository\org\apache\xmlgraphics\batik-gvt\1.16\batik-gvt-1.16.jar;C:\Users\amadoria\.m2\repository\org\apache\xmlgraphics\batik-transcoder\1.16\batik-transcoder-1.16.jar;C:\Users\amadoria\.m2\repository\org\apache\xmlgraphics\batik-svggen\1.16\batik-svggen-1.16.jar;C:\Users\amadoria\.m2\repository\org\apache\xmlgraphics\fop-events\2.8\fop-events-2.8.jar;C:\Users\amadoria\.m2\repository\com\thoughtworks\qdox\qdox\1.12\qdox-1.12.jar;C:\Users\amadoria\.m2\repository\org\apache\xmlgraphics\fop-util\2.8\fop-util-2.8.jar;C:\Users\amadoria\.m2\repository\org\apache\xmlgraphics\xmlgraphics-commons\2.8\xmlgraphics-commons-2.8.jar;"/>
    <property name="sun.cpu.endian" value="little"/>
    <property name="user.home" value="C:\Users\amadoria"/>
    <property name="user.language" value="en"/>
    <property name="java.specification.vendor" value="Oracle Corporation"/>
    <property name="java.version.date" value="2023-01-17"/>
    <property name="java.home" value="C:\Program Files\Java\jdk-19"/>
    <property name="file.separator" value="\"/>
    <property name="basedir" value="C:\Users\amadoria\Documents\Projects\HAPKIDO\WP4\dss-fork\dss-jades"/>
    <property name="java.vm.compressedOopsMode" value="Zero based"/>
    <property name="line.separator" value="&#10;"/>
    <property name="java.vm.specification.vendor" value="Oracle Corporation"/>
    <property name="java.specification.name" value="Java Platform API Specification"/>
    <property name="surefire.real.class.path" value="C:\Users\amadoria\AppData\Local\Temp\surefire13372102371052756878\surefirebooter-20230428115950915_1349.jar"/>
    <property name="user.script" value=""/>
    <property name="sun.management.compiler" value="HotSpot 64-Bit Tiered Compilers"/>
    <property name="java.runtime.version" value="19.0.2+7-44"/>
    <property name="user.name" value="amadoria"/>
    <property name="stdout.encoding" value="Cp1252"/>
    <property name="path.separator" value=";"/>
    <property name="os.version" value="10.0"/>
    <property name="java.runtime.name" value="Java(TM) SE Runtime Environment"/>
    <property name="file.encoding" value="UTF-8"/>
    <property name="java.vm.name" value="Java HotSpot(TM) 64-Bit Server VM"/>
    <property name="localRepository" value="C:\Users\amadoria\.m2\repository"/>
    <property name="java.vendor.url.bug" value="https://bugreport.java.com/bugreport/"/>
    <property name="java.io.tmpdir" value="C:\Users\amadoria\AppData\Local\Temp\"/>
    <property name="java.version" value="19.0.2"/>
    <property name="user.dir" value="C:\Users\amadoria\Documents\Projects\HAPKIDO\WP4\dss-fork\dss-jades"/>
    <property name="os.arch" value="amd64"/>
    <property name="java.vm.specification.name" value="Java Virtual Machine Specification"/>
    <property name="sun.os.patch.level" value=""/>
    <property name="native.encoding" value="Cp1252"/>
    <property name="java.library.path" value="C:\Program Files\Java\jdk-19\bin;C:\WINDOWS\Sun\Java\bin;C:\WINDOWS\system32;C:\WINDOWS;C:\Program Files\Common Files\Oracle\Java\javapath;C:\Program Files\Eclipse Adoptium\jdk-17.0.5.8-hotspot\bin;C:\WINDOWS\system32;C:\WINDOWS;C:\WINDOWS\System32\Wbem;C:\WINDOWS\System32\WindowsPowerShell\v1.0\;C:\WINDOWS\System32\OpenSSH\;C:\Program Files\dotnet\;C:\ProgramData\chocolatey\bin;C:\Program Files\Gradle\gradle-8.0.2\bin;C:\Program Files\Maven\apache-maven-3.9.0\bin;;C:\Program Files\Docker\Docker\resources\bin;C:\Users\amadoria\AppData\Local\Programs\Python\Python38\Scripts\;C:\Users\amadoria\AppData\Local\Programs\Python\Python38\;C:\Users\amadoria\AppData\Local\Microsoft\WindowsApps;C:\Users\amadoria\AppData\Local\Programs\MiKTeX\miktex\bin\x64\;C:\Users\amadoria\AppData\Local\Programs\Microsoft VS Code\bin;C:\Users\amadoria\AppData\Roaming\Python\Scripts\;C:\Users\amadoria\AppData\Local\Programs\Git\cmd;C:\Program Files\JetBrains\IntelliJ IDEA Community Edition 2022.3.3\bin;;."/>
    <property name="java.vm.info" value="mixed mode, sharing"/>
    <property name="stderr.encoding" value="Cp1252"/>
    <property name="java.vendor" value="Oracle Corporation"/>
    <property name="java.vm.version" value="19.0.2+7-44"/>
    <property name="sun.io.unicode.encoding" value="UnicodeLittle"/>
    <property name="java.class.version" value="63.0"/>
  </properties>
  <testcase name="multipleDocumentsSignatureTest" classname="eu.europa.esig.dss.jades.signature.JAdESServiceTest" time="0.329">
    <system-out><![CDATA[2023-04-28 12:05:22,346  INFO | main | e.europa.esig.dss.validation.CommonCertificateVerifier  | + New CommonCertificateVerifier created. 
2023-04-28 12:05:22,662  INFO | main | e.e.esig.dss.token.AbstractSignatureTokenConnection     | Signature algorithm : SHA256withRSA 
]]></system-out>
  </testcase>
  <testcase name="addSignaturePolicyStoreTest" classname="eu.europa.esig.dss.jades.signature.JAdESServiceTest" time="0.514">
    <system-out><![CDATA[2023-04-28 12:05:22,674  INFO | main | e.europa.esig.dss.validation.CommonCertificateVerifier  | + New CommonCertificateVerifier created. 
2023-04-28 12:05:22,986  INFO | main | e.e.esig.dss.token.AbstractSignatureTokenConnection     | Signature algorithm : SHA256withRSA 
2023-04-28 12:05:22,995  INFO | main | e.e.e.d.j.validation.JWSSerializationDocumentValidator  | 1 signature(s) found 
2023-04-28 12:05:22,998  INFO | main | e.europa.esig.dss.validation.CommonCertificateVerifier  | + New CommonCertificateVerifier created. 
2023-04-28 12:05:22,998  WARN | main | e.e.e.d.j.signature.JAdESSignaturePolicyStoreBuilder    | Signature policy's digest SHA256:#58E266481CB11B8FC62712C04A00E3BAEC65F8E3F2689E2073706EE15868A2A1 doesn't match the digest extracted from document SHA256:#C0535E4BE2B79FFD93291305436BF889314E4A3FAEC05ECFFCBB7DF31AD9E51A for signature with Id : S-66CF39F1A765EDBD406318279472C393E8E1D4C135FFB48597D8BBA3407CADAF 
2023-04-28 12:05:22,998  INFO | main | e.e.e.d.j.validation.JWSSerializationDocumentValidator  | 1 signature(s) found 
2023-04-28 12:05:23,001  INFO | main | e.europa.esig.dss.validation.CommonCertificateVerifier  | + New CommonCertificateVerifier created. 
2023-04-28 12:05:23,007  INFO | main | e.europa.esig.dss.validation.CommonCertificateVerifier  | + New CommonCertificateVerifier created. 
2023-04-28 12:05:23,014  INFO | main | eu.europa.esig.dss.validation.SignedDocumentValidator   | Document validation... 
2023-04-28 12:05:23,014  INFO | main | e.e.e.d.j.validation.JWSSerializationDocumentValidator  | 1 signature(s) found 
2023-04-28 12:05:23,017  INFO | main | e.europa.esig.dss.validation.CommonCertificateVerifier  | + New CommonCertificateVerifier created. 
2023-04-28 12:05:23,021  INFO | main | e.europa.esig.dss.validation.CommonCertificateVerifier  | + New CommonCertificateVerifier created. 
2023-04-28 12:05:23,021  INFO | main | eu.europa.esig.dss.validation.AIACertificateSource      | Retrieving C-96DB5CFA7ABACEB5C97C131CBBFB341DDD8E64FE68B587558AA8F082AB2670F2 certificate's issuer using AIA. 
2023-04-28 12:05:23,164  INFO | main | eu.europa.esig.dss.spi.x509.aia.RepositoryAIASource     | Certificate tokens with AIA 'http://dss.nowina.lu/pki-factory/crt/good-ca.crt' are added into the cache 
2023-04-28 12:05:23,165  WARN | main | eu.europa.esig.dss.service.ocsp.OnlineOCSPSource        | No OCSP location found for C-FCBFEBCB6B78113DFD4C6CCFCBC2B1482992DF4C48E9DE1B3B7F16F33332BFCB 
2023-04-28 12:05:23,167  INFO | main | e.e.e.d.spi.x509.revocation.RepositoryRevocationSource  | Revocation token for certificate with Id 'C-FCBFEBCB6B78113DFD4C6CCFCBC2B1482992DF4C48E9DE1B3B7F16F33332BFCB' has been loaded from the cache 
2023-04-28 12:05:23,167  INFO | main | eu.europa.esig.dss.spi.x509.revocation.ocsp.OCSPToken   | OCSP status is good 
2023-04-28 12:05:23,169  INFO | main | e.e.e.d.spi.x509.revocation.RepositoryRevocationSource  | Revocation token for certificate with Id 'C-96DB5CFA7ABACEB5C97C131CBBFB341DDD8E64FE68B587558AA8F082AB2670F2' has been loaded from the cache 
2023-04-28 12:05:23,171  INFO | main | eu.europa.esig.dss.validation.SignedDocumentValidator   | Default SignaturePolicyProvider instantiated with NativeHTTPDataLoader. 
2023-04-28 12:05:23,175  WARN | main | eu.europa.esig.dss.jades.validation.JAdESSignature      | Error(s) occurred during the JSON schema validation : [#/sigPId/id/id: [Policy Id] is not a valid URI, #/etsiU/0: expected type: String, found: JSONObject, #/etsiU/0/sigPSt/spDSpec/id: [Policy-Id] is not a valid URI] 
2023-04-28 12:05:23,179  INFO | main | e.e.e.d.j.validation.JWSSerializationDocumentValidator  | 1 signature(s) found 
2023-04-28 12:05:23,182  INFO | main | e.europa.esig.dss.validation.CommonCertificateVerifier  | + New CommonCertificateVerifier created. 
2023-04-28 12:05:23,182  INFO | main | e.e.e.d.j.signature.JAdESSignaturePolicyStoreBuilder    | No policy document has been provided. Digests are not checked! 
]]></system-out>
  </testcase>
  <testcase name="signatureTest" classname="eu.europa.esig.dss.jades.signature.JAdESServiceTest" time="4.328">
    <system-out><![CDATA[2023-04-28 12:05:23,188  INFO | main | e.europa.esig.dss.validation.CommonCertificateVerifier  | + New CommonCertificateVerifier created. 
2023-04-28 12:05:23,493  INFO | main | e.e.esig.dss.token.AbstractSignatureTokenConnection     | Signature algorithm : SHA256withRSA 
2023-04-28 12:05:23,503  INFO | main | e.europa.esig.dss.validation.CommonCertificateVerifier  | + New CommonCertificateVerifier created. 
2023-04-28 12:05:23,511  INFO | main | eu.europa.esig.dss.validation.SignedDocumentValidator   | Document validation... 
2023-04-28 12:05:23,514  INFO | main | e.europa.esig.dss.validation.CommonCertificateVerifier  | + New CommonCertificateVerifier created. 
2023-04-28 12:05:23,517  INFO | main | e.europa.esig.dss.validation.CommonCertificateVerifier  | + New CommonCertificateVerifier created. 
2023-04-28 12:05:23,517  INFO | main | eu.europa.esig.dss.validation.AIACertificateSource      | Retrieving C-96DB5CFA7ABACEB5C97C131CBBFB341DDD8E64FE68B587558AA8F082AB2670F2 certificate's issuer using AIA. 
2023-04-28 12:05:23,518  INFO | main | eu.europa.esig.dss.spi.x509.aia.RepositoryAIASource     | Certificate tokens with AIA '[http://dss.nowina.lu/pki-factory/crt/good-ca.crt]' have been loaded from the cache 
2023-04-28 12:05:23,519  WARN | main | eu.europa.esig.dss.service.ocsp.OnlineOCSPSource        | No OCSP location found for C-FCBFEBCB6B78113DFD4C6CCFCBC2B1482992DF4C48E9DE1B3B7F16F33332BFCB 
2023-04-28 12:05:23,520  INFO | main | e.e.e.d.spi.x509.revocation.RepositoryRevocationSource  | Revocation token for certificate with Id 'C-FCBFEBCB6B78113DFD4C6CCFCBC2B1482992DF4C48E9DE1B3B7F16F33332BFCB' has been loaded from the cache 
2023-04-28 12:05:23,521  INFO | main | eu.europa.esig.dss.spi.x509.revocation.ocsp.OCSPToken   | OCSP status is good 
2023-04-28 12:05:23,522  INFO | main | e.e.e.d.spi.x509.revocation.RepositoryRevocationSource  | Revocation token for certificate with Id 'C-96DB5CFA7ABACEB5C97C131CBBFB341DDD8E64FE68B587558AA8F082AB2670F2' has been loaded from the cache 
2023-04-28 12:05:23,522  INFO | main | eu.europa.esig.dss.validation.SignedDocumentValidator   | Default SignaturePolicyProvider instantiated with NativeHTTPDataLoader. 
2023-04-28 12:05:23,699  INFO | main | e.e.esig.dss.token.AbstractSignatureTokenConnection     | Signature algorithm : SHA256withRSA 
2023-04-28 12:05:23,704  INFO | main | e.e.e.d.j.validation.JWSSerializationDocumentValidator  | 1 signature(s) found 
2023-04-28 12:05:23,706  INFO | main | e.europa.esig.dss.validation.CommonCertificateVerifier  | + New CommonCertificateVerifier created. 
2023-04-28 12:05:23,838  INFO | main | eu.europa.esig.dss.service.tsp.OnlineTSPSource          | TSP Status: Operation Okay 
2023-04-28 12:05:23,838  INFO | main | eu.europa.esig.dss.service.tsp.OnlineTSPSource          | TSP SID : SN 500, Issuer CN=root-ca,O=Nowina Solutions,OU=PKI-TEST,C=LU 
2023-04-28 12:05:23,841  INFO | main | eu.europa.esig.dss.validation.AIACertificateSource      | Retrieving C-96DB5CFA7ABACEB5C97C131CBBFB341DDD8E64FE68B587558AA8F082AB2670F2 certificate's issuer using AIA. 
2023-04-28 12:05:23,843  INFO | main | eu.europa.esig.dss.spi.x509.aia.RepositoryAIASource     | Certificate tokens with AIA '[http://dss.nowina.lu/pki-factory/crt/good-ca.crt]' have been loaded from the cache 
2023-04-28 12:05:23,843  WARN | main | eu.europa.esig.dss.service.ocsp.OnlineOCSPSource        | No OCSP location found for C-FCBFEBCB6B78113DFD4C6CCFCBC2B1482992DF4C48E9DE1B3B7F16F33332BFCB 
2023-04-28 12:05:23,844  INFO | main | e.e.e.d.spi.x509.revocation.RepositoryRevocationSource  | Revocation token for certificate with Id 'C-FCBFEBCB6B78113DFD4C6CCFCBC2B1482992DF4C48E9DE1B3B7F16F33332BFCB' has been loaded from the cache 
2023-04-28 12:05:23,845  WARN | main | eu.europa.esig.dss.service.ocsp.OnlineOCSPSource        | No OCSP location found for C-AA02B99F9C4B57291E3C1744E44647709293D0FE17BB4EED28C99E973C7E8473 
2023-04-28 12:05:23,845  INFO | main | e.e.e.d.spi.x509.revocation.RepositoryRevocationSource  | Revocation token for certificate with Id 'C-AA02B99F9C4B57291E3C1744E44647709293D0FE17BB4EED28C99E973C7E8473' has been loaded from the cache 
2023-04-28 12:05:23,847  INFO | main | eu.europa.esig.dss.spi.x509.revocation.ocsp.OCSPToken   | OCSP status is good 
2023-04-28 12:05:23,847  INFO | main | e.e.e.d.spi.x509.revocation.RepositoryRevocationSource  | Revocation token for certificate with Id 'C-96DB5CFA7ABACEB5C97C131CBBFB341DDD8E64FE68B587558AA8F082AB2670F2' has been loaded from the cache 
2023-04-28 12:05:23,848  WARN | main | eu.europa.esig.dss.alert.handler.LogHandler             | Revocation data is missing for one or more POE(s). NextUpdate time : 2023-10-28T10:00:09Z [C-AA02B99F9C4B57291E3C1744E44647709293D0FE17BB4EED28C99E973C7E8473: No revocation data found after the best signature time [2023-04-28T10:05:23Z]! The nextUpdate available after : [2023-10-28T10:00:09Z]] 
2023-04-28 12:05:23,848  WARN | main | eu.europa.esig.dss.alert.handler.LogHandler             | Fresh revocation data is missing for one or more certificate(s). NextUpdate time : 2023-10-28T10:00:09Z [C-FCBFEBCB6B78113DFD4C6CCFCBC2B1482992DF4C48E9DE1B3B7F16F33332BFCB: No revocation data found after the best signature time [2023-04-28T10:05:23Z]! The nextUpdate available after : [2023-10-28T10:00:09Z]; C-96DB5CFA7ABACEB5C97C131CBBFB341DDD8E64FE68B587558AA8F082AB2670F2: No revocation data found after the best signature time [2023-04-28T10:05:23Z]!] 
2023-04-28 12:05:23,987  INFO | main | eu.europa.esig.dss.service.tsp.OnlineTSPSource          | TSP Status: Operation Okay 
2023-04-28 12:05:23,987  INFO | main | eu.europa.esig.dss.service.tsp.OnlineTSPSource          | TSP SID : SN 500, Issuer CN=root-ca,O=Nowina Solutions,OU=PKI-TEST,C=LU 
2023-04-28 12:05:23,993  INFO | main | e.europa.esig.dss.validation.CommonCertificateVerifier  | + New CommonCertificateVerifier created. 
2023-04-28 12:05:23,999  INFO | main | eu.europa.esig.dss.validation.SignedDocumentValidator   | Document validation... 
2023-04-28 12:05:23,999  INFO | main | e.e.e.d.j.validation.JWSSerializationDocumentValidator  | 1 signature(s) found 
2023-04-28 12:05:24,001  INFO | main | e.europa.esig.dss.validation.CommonCertificateVerifier  | + New CommonCertificateVerifier created. 
2023-04-28 12:05:24,009  INFO | main | e.europa.esig.dss.validation.CommonCertificateVerifier  | + New CommonCertificateVerifier created. 
2023-04-28 12:05:24,013  WARN | main | eu.europa.esig.dss.service.ocsp.OnlineOCSPSource        | No OCSP location found for C-FCBFEBCB6B78113DFD4C6CCFCBC2B1482992DF4C48E9DE1B3B7F16F33332BFCB 
2023-04-28 12:05:24,014  INFO | main | e.e.e.d.spi.x509.revocation.RepositoryRevocationSource  | Revocation token for certificate with Id 'C-FCBFEBCB6B78113DFD4C6CCFCBC2B1482992DF4C48E9DE1B3B7F16F33332BFCB' has been loaded from the cache 
2023-04-28 12:05:24,014  WARN | main | eu.europa.esig.dss.service.ocsp.OnlineOCSPSource        | No OCSP location found for C-AA02B99F9C4B57291E3C1744E44647709293D0FE17BB4EED28C99E973C7E8473 
2023-04-28 12:05:24,015  INFO | main | e.e.e.d.spi.x509.revocation.RepositoryRevocationSource  | Revocation token for certificate with Id 'C-AA02B99F9C4B57291E3C1744E44647709293D0FE17BB4EED28C99E973C7E8473' has been loaded from the cache 
2023-04-28 12:05:24,015  INFO | main | eu.europa.esig.dss.spi.x509.revocation.ocsp.OCSPToken   | OCSP status is good 
2023-04-28 12:05:24,017  INFO | main | eu.europa.esig.dss.spi.x509.revocation.ocsp.OCSPToken   | OCSP status is good 
2023-04-28 12:05:24,017  INFO | main | e.e.e.d.spi.x509.revocation.RepositoryRevocationSource  | Revocation token for certificate with Id 'C-96DB5CFA7ABACEB5C97C131CBBFB341DDD8E64FE68B587558AA8F082AB2670F2' has been loaded from the cache 
2023-04-28 12:05:24,017  INFO | main | eu.europa.esig.dss.validation.SignedDocumentValidator   | Default SignaturePolicyProvider instantiated with NativeHTTPDataLoader. 
2023-04-28 12:05:24,193  INFO | main | e.e.esig.dss.token.AbstractSignatureTokenConnection     | Signature algorithm : SHA256withRSA 
2023-04-28 12:05:24,198  INFO | main | e.e.e.d.j.validation.JWSSerializationDocumentValidator  | 1 signature(s) found 
2023-04-28 12:05:24,200  INFO | main | e.europa.esig.dss.validation.CommonCertificateVerifier  | + New CommonCertificateVerifier created. 
2023-04-28 12:05:24,336  INFO | main | eu.europa.esig.dss.service.tsp.OnlineTSPSource          | TSP Status: Operation Okay 
2023-04-28 12:05:24,336  INFO | main | eu.europa.esig.dss.service.tsp.OnlineTSPSource          | TSP SID : SN 500, Issuer CN=root-ca,O=Nowina Solutions,OU=PKI-TEST,C=LU 
2023-04-28 12:05:24,339  INFO | main | eu.europa.esig.dss.validation.AIACertificateSource      | Retrieving C-96DB5CFA7ABACEB5C97C131CBBFB341DDD8E64FE68B587558AA8F082AB2670F2 certificate's issuer using AIA. 
2023-04-28 12:05:24,340  INFO | main | eu.europa.esig.dss.spi.x509.aia.RepositoryAIASource     | Certificate tokens with AIA '[http://dss.nowina.lu/pki-factory/crt/good-ca.crt]' have been loaded from the cache 
2023-04-28 12:05:24,340  WARN | main | eu.europa.esig.dss.service.ocsp.OnlineOCSPSource        | No OCSP location found for C-FCBFEBCB6B78113DFD4C6CCFCBC2B1482992DF4C48E9DE1B3B7F16F33332BFCB 
2023-04-28 12:05:24,341  INFO | main | e.e.e.d.spi.x509.revocation.RepositoryRevocationSource  | Revocation token for certificate with Id 'C-FCBFEBCB6B78113DFD4C6CCFCBC2B1482992DF4C48E9DE1B3B7F16F33332BFCB' has been loaded from the cache 
2023-04-28 12:05:24,341  WARN | main | eu.europa.esig.dss.service.ocsp.OnlineOCSPSource        | No OCSP location found for C-AA02B99F9C4B57291E3C1744E44647709293D0FE17BB4EED28C99E973C7E8473 
2023-04-28 12:05:24,342  INFO | main | e.e.e.d.spi.x509.revocation.RepositoryRevocationSource  | Revocation token for certificate with Id 'C-AA02B99F9C4B57291E3C1744E44647709293D0FE17BB4EED28C99E973C7E8473' has been loaded from the cache 
2023-04-28 12:05:24,343  INFO | main | eu.europa.esig.dss.spi.x509.revocation.ocsp.OCSPToken   | OCSP status is good 
2023-04-28 12:05:24,344  INFO | main | e.e.e.d.spi.x509.revocation.RepositoryRevocationSource  | Revocation token for certificate with Id 'C-96DB5CFA7ABACEB5C97C131CBBFB341DDD8E64FE68B587558AA8F082AB2670F2' has been loaded from the cache 
2023-04-28 12:05:24,344  WARN | main | eu.europa.esig.dss.alert.handler.LogHandler             | Revocation data is missing for one or more POE(s). NextUpdate time : 2023-10-28T10:00:09Z [C-AA02B99F9C4B57291E3C1744E44647709293D0FE17BB4EED28C99E973C7E8473: No revocation data found after the best signature time [2023-04-28T10:05:24Z]! The nextUpdate available after : [2023-10-28T10:00:09Z]] 
2023-04-28 12:05:24,344  WARN | main | eu.europa.esig.dss.alert.handler.LogHandler             | Fresh revocation data is missing for one or more certificate(s). NextUpdate time : 2023-10-28T10:00:09Z [C-FCBFEBCB6B78113DFD4C6CCFCBC2B1482992DF4C48E9DE1B3B7F16F33332BFCB: No revocation data found after the best signature time [2023-04-28T10:05:24Z]! The nextUpdate available after : [2023-10-28T10:00:09Z]; C-96DB5CFA7ABACEB5C97C131CBBFB341DDD8E64FE68B587558AA8F082AB2670F2: No revocation data found after the best signature time [2023-04-28T10:05:24Z]!] 
2023-04-28 12:05:24,484  INFO | main | eu.europa.esig.dss.service.tsp.OnlineTSPSource          | TSP Status: Operation Okay 
2023-04-28 12:05:24,484  INFO | main | eu.europa.esig.dss.service.tsp.OnlineTSPSource          | TSP SID : SN 500, Issuer CN=root-ca,O=Nowina Solutions,OU=PKI-TEST,C=LU 
2023-04-28 12:05:24,490  INFO | main | e.europa.esig.dss.validation.CommonCertificateVerifier  | + New CommonCertificateVerifier created. 
2023-04-28 12:05:24,498  INFO | main | eu.europa.esig.dss.validation.SignedDocumentValidator   | Document validation... 
2023-04-28 12:05:24,498  INFO | main | e.e.e.d.j.validation.JWSSerializationDocumentValidator  | 1 signature(s) found 
2023-04-28 12:05:24,500  INFO | main | e.europa.esig.dss.validation.CommonCertificateVerifier  | + New CommonCertificateVerifier created. 
2023-04-28 12:05:24,507  INFO | main | e.europa.esig.dss.validation.CommonCertificateVerifier  | + New CommonCertificateVerifier created. 
2023-04-28 12:05:24,510  WARN | main | eu.europa.esig.dss.service.ocsp.OnlineOCSPSource        | No OCSP location found for C-FCBFEBCB6B78113DFD4C6CCFCBC2B1482992DF4C48E9DE1B3B7F16F33332BFCB 
2023-04-28 12:05:24,511  INFO | main | e.e.e.d.spi.x509.revocation.RepositoryRevocationSource  | Revocation token for certificate with Id 'C-FCBFEBCB6B78113DFD4C6CCFCBC2B1482992DF4C48E9DE1B3B7F16F33332BFCB' has been loaded from the cache 
2023-04-28 12:05:24,511  WARN | main | eu.europa.esig.dss.service.ocsp.OnlineOCSPSource        | No OCSP location found for C-AA02B99F9C4B57291E3C1744E44647709293D0FE17BB4EED28C99E973C7E8473 
2023-04-28 12:05:24,512  INFO | main | e.e.e.d.spi.x509.revocation.RepositoryRevocationSource  | Revocation token for certificate with Id 'C-AA02B99F9C4B57291E3C1744E44647709293D0FE17BB4EED28C99E973C7E8473' has been loaded from the cache 
2023-04-28 12:05:24,513  INFO | main | eu.europa.esig.dss.spi.x509.revocation.ocsp.OCSPToken   | OCSP status is good 
2023-04-28 12:05:24,514  INFO | main | eu.europa.esig.dss.spi.x509.revocation.ocsp.OCSPToken   | OCSP status is good 
2023-04-28 12:05:24,515  INFO | main | e.e.e.d.spi.x509.revocation.RepositoryRevocationSource  | Revocation token for certificate with Id 'C-96DB5CFA7ABACEB5C97C131CBBFB341DDD8E64FE68B587558AA8F082AB2670F2' has been loaded from the cache 
2023-04-28 12:05:24,515  INFO | main | eu.europa.esig.dss.validation.SignedDocumentValidator   | Default SignaturePolicyProvider instantiated with NativeHTTPDataLoader. 
2023-04-28 12:05:24,680  INFO | main | e.e.esig.dss.token.AbstractSignatureTokenConnection     | Signature algorithm : SHA256withRSA 
2023-04-28 12:05:24,685  INFO | main | e.e.e.d.j.validation.JWSSerializationDocumentValidator  | 1 signature(s) found 
2023-04-28 12:05:24,688  INFO | main | e.europa.esig.dss.validation.CommonCertificateVerifier  | + New CommonCertificateVerifier created. 
2023-04-28 12:05:24,822  INFO | main | eu.europa.esig.dss.service.tsp.OnlineTSPSource          | TSP Status: Operation Okay 
2023-04-28 12:05:24,822  INFO | main | eu.europa.esig.dss.service.tsp.OnlineTSPSource          | TSP SID : SN 500, Issuer CN=root-ca,O=Nowina Solutions,OU=PKI-TEST,C=LU 
2023-04-28 12:05:24,826  INFO | main | eu.europa.esig.dss.validation.AIACertificateSource      | Retrieving C-96DB5CFA7ABACEB5C97C131CBBFB341DDD8E64FE68B587558AA8F082AB2670F2 certificate's issuer using AIA. 
2023-04-28 12:05:24,827  INFO | main | eu.europa.esig.dss.spi.x509.aia.RepositoryAIASource     | Certificate tokens with AIA '[http://dss.nowina.lu/pki-factory/crt/good-ca.crt]' have been loaded from the cache 
2023-04-28 12:05:24,828  WARN | main | eu.europa.esig.dss.service.ocsp.OnlineOCSPSource        | No OCSP location found for C-FCBFEBCB6B78113DFD4C6CCFCBC2B1482992DF4C48E9DE1B3B7F16F33332BFCB 
2023-04-28 12:05:24,830  INFO | main | e.e.e.d.spi.x509.revocation.RepositoryRevocationSource  | Revocation token for certificate with Id 'C-FCBFEBCB6B78113DFD4C6CCFCBC2B1482992DF4C48E9DE1B3B7F16F33332BFCB' has been loaded from the cache 
2023-04-28 12:05:24,830  WARN | main | eu.europa.esig.dss.service.ocsp.OnlineOCSPSource        | No OCSP location found for C-AA02B99F9C4B57291E3C1744E44647709293D0FE17BB4EED28C99E973C7E8473 
2023-04-28 12:05:24,832  INFO | main | e.e.e.d.spi.x509.revocation.RepositoryRevocationSource  | Revocation token for certificate with Id 'C-AA02B99F9C4B57291E3C1744E44647709293D0FE17BB4EED28C99E973C7E8473' has been loaded from the cache 
2023-04-28 12:05:24,833  INFO | main | eu.europa.esig.dss.spi.x509.revocation.ocsp.OCSPToken   | OCSP status is good 
2023-04-28 12:05:24,834  INFO | main | e.e.e.d.spi.x509.revocation.RepositoryRevocationSource  | Revocation token for certificate with Id 'C-96DB5CFA7ABACEB5C97C131CBBFB341DDD8E64FE68B587558AA8F082AB2670F2' has been loaded from the cache 
2023-04-28 12:05:24,835  WARN | main | eu.europa.esig.dss.alert.handler.LogHandler             | Revocation data is missing for one or more POE(s). NextUpdate time : 2023-10-28T10:00:09Z [C-AA02B99F9C4B57291E3C1744E44647709293D0FE17BB4EED28C99E973C7E8473: No revocation data found after the best signature time [2023-04-28T10:05:24Z]! The nextUpdate available after : [2023-10-28T10:00:09Z]] 
2023-04-28 12:05:24,835  WARN | main | eu.europa.esig.dss.alert.handler.LogHandler             | Fresh revocation data is missing for one or more certificate(s). NextUpdate time : 2023-10-28T10:00:09Z [C-FCBFEBCB6B78113DFD4C6CCFCBC2B1482992DF4C48E9DE1B3B7F16F33332BFCB: No revocation data found after the best signature time [2023-04-28T10:05:24Z]! The nextUpdate available after : [2023-10-28T10:00:09Z]; C-96DB5CFA7ABACEB5C97C131CBBFB341DDD8E64FE68B587558AA8F082AB2670F2: No revocation data found after the best signature time [2023-04-28T10:05:24Z]!] 
2023-04-28 12:05:24,973  INFO | main | eu.europa.esig.dss.service.tsp.OnlineTSPSource          | TSP Status: Operation Okay 
2023-04-28 12:05:24,973  INFO | main | eu.europa.esig.dss.service.tsp.OnlineTSPSource          | TSP SID : SN 500, Issuer CN=root-ca,O=Nowina Solutions,OU=PKI-TEST,C=LU 
2023-04-28 12:05:24,978  INFO | main | e.europa.esig.dss.validation.CommonCertificateVerifier  | + New CommonCertificateVerifier created. 
2023-04-28 12:05:24,985  INFO | main | eu.europa.esig.dss.validation.SignedDocumentValidator   | Document validation... 
2023-04-28 12:05:24,985  INFO | main | e.e.e.d.j.validation.JWSSerializationDocumentValidator  | 1 signature(s) found 
2023-04-28 12:05:24,988  INFO | main | e.europa.esig.dss.validation.CommonCertificateVerifier  | + New CommonCertificateVerifier created. 
2023-04-28 12:05:24,995  INFO | main | e.europa.esig.dss.validation.CommonCertificateVerifier  | + New CommonCertificateVerifier created. 
2023-04-28 12:05:24,998  WARN | main | eu.europa.esig.dss.service.ocsp.OnlineOCSPSource        | No OCSP location found for C-FCBFEBCB6B78113DFD4C6CCFCBC2B1482992DF4C48E9DE1B3B7F16F33332BFCB 
2023-04-28 12:05:24,999  INFO | main | e.e.e.d.spi.x509.revocation.RepositoryRevocationSource  | Revocation token for certificate with Id 'C-FCBFEBCB6B78113DFD4C6CCFCBC2B1482992DF4C48E9DE1B3B7F16F33332BFCB' has been loaded from the cache 
2023-04-28 12:05:24,999  WARN | main | eu.europa.esig.dss.service.ocsp.OnlineOCSPSource        | No OCSP location found for C-AA02B99F9C4B57291E3C1744E44647709293D0FE17BB4EED28C99E973C7E8473 
2023-04-28 12:05:25,001  INFO | main | e.e.e.d.spi.x509.revocation.RepositoryRevocationSource  | Revocation token for certificate with Id 'C-AA02B99F9C4B57291E3C1744E44647709293D0FE17BB4EED28C99E973C7E8473' has been loaded from the cache 
2023-04-28 12:05:25,001  INFO | main | eu.europa.esig.dss.spi.x509.revocation.ocsp.OCSPToken   | OCSP status is good 
2023-04-28 12:05:25,003  INFO | main | eu.europa.esig.dss.spi.x509.revocation.ocsp.OCSPToken   | OCSP status is good 
2023-04-28 12:05:25,004  INFO | main | e.e.e.d.spi.x509.revocation.RepositoryRevocationSource  | Revocation token for certificate with Id 'C-96DB5CFA7ABACEB5C97C131CBBFB341DDD8E64FE68B587558AA8F082AB2670F2' has been loaded from the cache 
2023-04-28 12:05:25,004  INFO | main | eu.europa.esig.dss.validation.SignedDocumentValidator   | Default SignaturePolicyProvider instantiated with NativeHTTPDataLoader. 
2023-04-28 12:05:25,176  INFO | main | e.e.esig.dss.token.AbstractSignatureTokenConnection     | Signature algorithm : SHA256withRSA 
2023-04-28 12:05:25,182  INFO | main | e.e.e.d.j.validation.JWSSerializationDocumentValidator  | 1 signature(s) found 
2023-04-28 12:05:25,184  INFO | main | e.europa.esig.dss.validation.CommonCertificateVerifier  | + New CommonCertificateVerifier created. 
2023-04-28 12:05:25,313  INFO | main | eu.europa.esig.dss.service.tsp.OnlineTSPSource          | TSP Status: Operation Okay 
2023-04-28 12:05:25,313  INFO | main | eu.europa.esig.dss.service.tsp.OnlineTSPSource          | TSP SID : SN 500, Issuer CN=root-ca,O=Nowina Solutions,OU=PKI-TEST,C=LU 
2023-04-28 12:05:25,316  INFO | main | eu.europa.esig.dss.validation.AIACertificateSource      | Retrieving C-96DB5CFA7ABACEB5C97C131CBBFB341DDD8E64FE68B587558AA8F082AB2670F2 certificate's issuer using AIA. 
2023-04-28 12:05:25,317  INFO | main | eu.europa.esig.dss.spi.x509.aia.RepositoryAIASource     | Certificate tokens with AIA '[http://dss.nowina.lu/pki-factory/crt/good-ca.crt]' have been loaded from the cache 
2023-04-28 12:05:25,317  WARN | main | eu.europa.esig.dss.service.ocsp.OnlineOCSPSource        | No OCSP location found for C-FCBFEBCB6B78113DFD4C6CCFCBC2B1482992DF4C48E9DE1B3B7F16F33332BFCB 
2023-04-28 12:05:25,318  INFO | main | e.e.e.d.spi.x509.revocation.RepositoryRevocationSource  | Revocation token for certificate with Id 'C-FCBFEBCB6B78113DFD4C6CCFCBC2B1482992DF4C48E9DE1B3B7F16F33332BFCB' has been loaded from the cache 
2023-04-28 12:05:25,318  WARN | main | eu.europa.esig.dss.service.ocsp.OnlineOCSPSource        | No OCSP location found for C-AA02B99F9C4B57291E3C1744E44647709293D0FE17BB4EED28C99E973C7E8473 
2023-04-28 12:05:25,320  INFO | main | e.e.e.d.spi.x509.revocation.RepositoryRevocationSource  | Revocation token for certificate with Id 'C-AA02B99F9C4B57291E3C1744E44647709293D0FE17BB4EED28C99E973C7E8473' has been loaded from the cache 
2023-04-28 12:05:25,322  INFO | main | eu.europa.esig.dss.spi.x509.revocation.ocsp.OCSPToken   | OCSP status is good 
2023-04-28 12:05:25,323  INFO | main | e.e.e.d.spi.x509.revocation.RepositoryRevocationSource  | Revocation token for certificate with Id 'C-96DB5CFA7ABACEB5C97C131CBBFB341DDD8E64FE68B587558AA8F082AB2670F2' has been loaded from the cache 
2023-04-28 12:05:25,324  WARN | main | eu.europa.esig.dss.alert.handler.LogHandler             | Revocation data is missing for one or more POE(s). NextUpdate time : 2023-10-28T10:00:09Z [C-AA02B99F9C4B57291E3C1744E44647709293D0FE17BB4EED28C99E973C7E8473: No revocation data found after the best signature time [2023-04-28T10:05:25Z]! The nextUpdate available after : [2023-10-28T10:00:09Z]] 
2023-04-28 12:05:25,324  WARN | main | eu.europa.esig.dss.alert.handler.LogHandler             | Fresh revocation data is missing for one or more certificate(s). NextUpdate time : 2023-10-28T10:00:09Z [C-FCBFEBCB6B78113DFD4C6CCFCBC2B1482992DF4C48E9DE1B3B7F16F33332BFCB: No revocation data found after the best signature time [2023-04-28T10:05:25Z]! The nextUpdate available after : [2023-10-28T10:00:09Z]; C-96DB5CFA7ABACEB5C97C131CBBFB341DDD8E64FE68B587558AA8F082AB2670F2: No revocation data found after the best signature time [2023-04-28T10:05:25Z]!] 
2023-04-28 12:05:25,464  INFO | main | eu.europa.esig.dss.service.tsp.OnlineTSPSource          | TSP Status: Operation Okay 
2023-04-28 12:05:25,464  INFO | main | eu.europa.esig.dss.service.tsp.OnlineTSPSource          | TSP SID : SN 500, Issuer CN=root-ca,O=Nowina Solutions,OU=PKI-TEST,C=LU 
2023-04-28 12:05:25,470  INFO | main | e.europa.esig.dss.validation.CommonCertificateVerifier  | + New CommonCertificateVerifier created. 
2023-04-28 12:05:25,479  INFO | main | eu.europa.esig.dss.validation.SignedDocumentValidator   | Document validation... 
2023-04-28 12:05:25,479  INFO | main | e.e.e.d.j.validation.JWSSerializationDocumentValidator  | 1 signature(s) found 
2023-04-28 12:05:25,482  INFO | main | e.europa.esig.dss.validation.CommonCertificateVerifier  | + New CommonCertificateVerifier created. 
2023-04-28 12:05:25,490  INFO | main | e.europa.esig.dss.validation.CommonCertificateVerifier  | + New CommonCertificateVerifier created. 
2023-04-28 12:05:25,493  WARN | main | eu.europa.esig.dss.service.ocsp.OnlineOCSPSource        | No OCSP location found for C-FCBFEBCB6B78113DFD4C6CCFCBC2B1482992DF4C48E9DE1B3B7F16F33332BFCB 
2023-04-28 12:05:25,494  INFO | main | e.e.e.d.spi.x509.revocation.RepositoryRevocationSource  | Revocation token for certificate with Id 'C-FCBFEBCB6B78113DFD4C6CCFCBC2B1482992DF4C48E9DE1B3B7F16F33332BFCB' has been loaded from the cache 
2023-04-28 12:05:25,495  WARN | main | eu.europa.esig.dss.service.ocsp.OnlineOCSPSource        | No OCSP location found for C-AA02B99F9C4B57291E3C1744E44647709293D0FE17BB4EED28C99E973C7E8473 
2023-04-28 12:05:25,495  INFO | main | e.e.e.d.spi.x509.revocation.RepositoryRevocationSource  | Revocation token for certificate with Id 'C-AA02B99F9C4B57291E3C1744E44647709293D0FE17BB4EED28C99E973C7E8473' has been loaded from the cache 
2023-04-28 12:05:25,496  INFO | main | eu.europa.esig.dss.spi.x509.revocation.ocsp.OCSPToken   | OCSP status is good 
2023-04-28 12:05:25,497  INFO | main | eu.europa.esig.dss.spi.x509.revocation.ocsp.OCSPToken   | OCSP status is good 
2023-04-28 12:05:25,498  INFO | main | e.e.e.d.spi.x509.revocation.RepositoryRevocationSource  | Revocation token for certificate with Id 'C-96DB5CFA7ABACEB5C97C131CBBFB341DDD8E64FE68B587558AA8F082AB2670F2' has been loaded from the cache 
2023-04-28 12:05:25,498  INFO | main | eu.europa.esig.dss.validation.SignedDocumentValidator   | Default SignaturePolicyProvider instantiated with NativeHTTPDataLoader. 
2023-04-28 12:05:25,665  INFO | main | e.e.esig.dss.token.AbstractSignatureTokenConnection     | Signature algorithm : SHA256withRSA 
2023-04-28 12:05:25,671  INFO | main | e.e.e.d.j.validation.JWSSerializationDocumentValidator  | 1 signature(s) found 
2023-04-28 12:05:25,674  INFO | main | e.europa.esig.dss.validation.CommonCertificateVerifier  | + New CommonCertificateVerifier created. 
2023-04-28 12:05:25,806  INFO | main | eu.europa.esig.dss.service.tsp.OnlineTSPSource          | TSP Status: Operation Okay 
2023-04-28 12:05:25,806  INFO | main | eu.europa.esig.dss.service.tsp.OnlineTSPSource          | TSP SID : SN 500, Issuer CN=root-ca,O=Nowina Solutions,OU=PKI-TEST,C=LU 
2023-04-28 12:05:25,809  INFO | main | eu.europa.esig.dss.validation.AIACertificateSource      | Retrieving C-96DB5CFA7ABACEB5C97C131CBBFB341DDD8E64FE68B587558AA8F082AB2670F2 certificate's issuer using AIA. 
2023-04-28 12:05:25,810  INFO | main | eu.europa.esig.dss.spi.x509.aia.RepositoryAIASource     | Certificate tokens with AIA '[http://dss.nowina.lu/pki-factory/crt/good-ca.crt]' have been loaded from the cache 
2023-04-28 12:05:25,810  WARN | main | eu.europa.esig.dss.service.ocsp.OnlineOCSPSource        | No OCSP location found for C-FCBFEBCB6B78113DFD4C6CCFCBC2B1482992DF4C48E9DE1B3B7F16F33332BFCB 
2023-04-28 12:05:25,811  INFO | main | e.e.e.d.spi.x509.revocation.RepositoryRevocationSource  | Revocation token for certificate with Id 'C-FCBFEBCB6B78113DFD4C6CCFCBC2B1482992DF4C48E9DE1B3B7F16F33332BFCB' has been loaded from the cache 
2023-04-28 12:05:25,812  WARN | main | eu.europa.esig.dss.service.ocsp.OnlineOCSPSource        | No OCSP location found for C-AA02B99F9C4B57291E3C1744E44647709293D0FE17BB4EED28C99E973C7E8473 
2023-04-28 12:05:25,813  INFO | main | e.e.e.d.spi.x509.revocation.RepositoryRevocationSource  | Revocation token for certificate with Id 'C-AA02B99F9C4B57291E3C1744E44647709293D0FE17BB4EED28C99E973C7E8473' has been loaded from the cache 
2023-04-28 12:05:25,814  INFO | main | eu.europa.esig.dss.spi.x509.revocation.ocsp.OCSPToken   | OCSP status is good 
2023-04-28 12:05:25,815  INFO | main | e.e.e.d.spi.x509.revocation.RepositoryRevocationSource  | Revocation token for certificate with Id 'C-96DB5CFA7ABACEB5C97C131CBBFB341DDD8E64FE68B587558AA8F082AB2670F2' has been loaded from the cache 
2023-04-28 12:05:25,816  WARN | main | eu.europa.esig.dss.alert.handler.LogHandler             | Revocation data is missing for one or more POE(s). NextUpdate time : 2023-10-28T10:00:09Z [C-AA02B99F9C4B57291E3C1744E44647709293D0FE17BB4EED28C99E973C7E8473: No revocation data found after the best signature time [2023-04-28T10:05:25Z]! The nextUpdate available after : [2023-10-28T10:00:09Z]] 
2023-04-28 12:05:25,816  WARN | main | eu.europa.esig.dss.alert.handler.LogHandler             | Fresh revocation data is missing for one or more certificate(s). NextUpdate time : 2023-10-28T10:00:09Z [C-FCBFEBCB6B78113DFD4C6CCFCBC2B1482992DF4C48E9DE1B3B7F16F33332BFCB: No revocation data found after the best signature time [2023-04-28T10:05:25Z]! The nextUpdate available after : [2023-10-28T10:00:09Z]; C-96DB5CFA7ABACEB5C97C131CBBFB341DDD8E64FE68B587558AA8F082AB2670F2: No revocation data found after the best signature time [2023-04-28T10:05:25Z]!] 
2023-04-28 12:05:25,957  INFO | main | eu.europa.esig.dss.service.tsp.OnlineTSPSource          | TSP Status: Operation Okay 
2023-04-28 12:05:25,957  INFO | main | eu.europa.esig.dss.service.tsp.OnlineTSPSource          | TSP SID : SN 500, Issuer CN=root-ca,O=Nowina Solutions,OU=PKI-TEST,C=LU 
2023-04-28 12:05:25,962  INFO | main | e.europa.esig.dss.validation.CommonCertificateVerifier  | + New CommonCertificateVerifier created. 
2023-04-28 12:05:25,970  INFO | main | eu.europa.esig.dss.validation.SignedDocumentValidator   | Document validation... 
2023-04-28 12:05:25,970  INFO | main | e.e.e.d.j.validation.JWSSerializationDocumentValidator  | 1 signature(s) found 
2023-04-28 12:05:25,973  INFO | main | e.europa.esig.dss.validation.CommonCertificateVerifier  | + New CommonCertificateVerifier created. 
2023-04-28 12:05:25,979  INFO | main | e.europa.esig.dss.validation.CommonCertificateVerifier  | + New CommonCertificateVerifier created. 
2023-04-28 12:05:25,982  WARN | main | eu.europa.esig.dss.service.ocsp.OnlineOCSPSource        | No OCSP location found for C-FCBFEBCB6B78113DFD4C6CCFCBC2B1482992DF4C48E9DE1B3B7F16F33332BFCB 
2023-04-28 12:05:25,983  INFO | main | e.e.e.d.spi.x509.revocation.RepositoryRevocationSource  | Revocation token for certificate with Id 'C-FCBFEBCB6B78113DFD4C6CCFCBC2B1482992DF4C48E9DE1B3B7F16F33332BFCB' has been loaded from the cache 
2023-04-28 12:05:25,984  WARN | main | eu.europa.esig.dss.service.ocsp.OnlineOCSPSource        | No OCSP location found for C-AA02B99F9C4B57291E3C1744E44647709293D0FE17BB4EED28C99E973C7E8473 
2023-04-28 12:05:25,986  INFO | main | e.e.e.d.spi.x509.revocation.RepositoryRevocationSource  | Revocation token for certificate with Id 'C-AA02B99F9C4B57291E3C1744E44647709293D0FE17BB4EED28C99E973C7E8473' has been loaded from the cache 
2023-04-28 12:05:25,986  INFO | main | eu.europa.esig.dss.spi.x509.revocation.ocsp.OCSPToken   | OCSP status is good 
2023-04-28 12:05:25,993  INFO | main | eu.europa.esig.dss.spi.x509.revocation.ocsp.OCSPToken   | OCSP status is good 
2023-04-28 12:05:25,994  INFO | main | e.e.e.d.spi.x509.revocation.RepositoryRevocationSource  | Revocation token for certificate with Id 'C-96DB5CFA7ABACEB5C97C131CBBFB341DDD8E64FE68B587558AA8F082AB2670F2' has been loaded from the cache 
2023-04-28 12:05:25,994  INFO | main | eu.europa.esig.dss.validation.SignedDocumentValidator   | Default SignaturePolicyProvider instantiated with NativeHTTPDataLoader. 
2023-04-28 12:05:26,165  INFO | main | e.e.esig.dss.token.AbstractSignatureTokenConnection     | Signature algorithm : SHA256withRSA 
2023-04-28 12:05:26,171  INFO | main | e.e.e.d.j.validation.JWSSerializationDocumentValidator  | 1 signature(s) found 
2023-04-28 12:05:26,175  INFO | main | e.europa.esig.dss.validation.CommonCertificateVerifier  | + New CommonCertificateVerifier created. 
2023-04-28 12:05:26,315  INFO | main | eu.europa.esig.dss.service.tsp.OnlineTSPSource          | TSP Status: Operation Okay 
2023-04-28 12:05:26,316  INFO | main | eu.europa.esig.dss.service.tsp.OnlineTSPSource          | TSP SID : SN 500, Issuer CN=root-ca,O=Nowina Solutions,OU=PKI-TEST,C=LU 
2023-04-28 12:05:26,318  INFO | main | eu.europa.esig.dss.validation.AIACertificateSource      | Retrieving C-96DB5CFA7ABACEB5C97C131CBBFB341DDD8E64FE68B587558AA8F082AB2670F2 certificate's issuer using AIA. 
2023-04-28 12:05:26,320  INFO | main | eu.europa.esig.dss.spi.x509.aia.RepositoryAIASource     | Certificate tokens with AIA '[http://dss.nowina.lu/pki-factory/crt/good-ca.crt]' have been loaded from the cache 
2023-04-28 12:05:26,320  WARN | main | eu.europa.esig.dss.service.ocsp.OnlineOCSPSource        | No OCSP location found for C-FCBFEBCB6B78113DFD4C6CCFCBC2B1482992DF4C48E9DE1B3B7F16F33332BFCB 
2023-04-28 12:05:26,322  INFO | main | e.e.e.d.spi.x509.revocation.RepositoryRevocationSource  | Revocation token for certificate with Id 'C-FCBFEBCB6B78113DFD4C6CCFCBC2B1482992DF4C48E9DE1B3B7F16F33332BFCB' has been loaded from the cache 
2023-04-28 12:05:26,322  WARN | main | eu.europa.esig.dss.service.ocsp.OnlineOCSPSource        | No OCSP location found for C-AA02B99F9C4B57291E3C1744E44647709293D0FE17BB4EED28C99E973C7E8473 
2023-04-28 12:05:26,323  INFO | main | e.e.e.d.spi.x509.revocation.RepositoryRevocationSource  | Revocation token for certificate with Id 'C-AA02B99F9C4B57291E3C1744E44647709293D0FE17BB4EED28C99E973C7E8473' has been loaded from the cache 
2023-04-28 12:05:26,325  INFO | main | eu.europa.esig.dss.spi.x509.revocation.ocsp.OCSPToken   | OCSP status is good 
2023-04-28 12:05:26,325  INFO | main | e.e.e.d.spi.x509.revocation.RepositoryRevocationSource  | Revocation token for certificate with Id 'C-96DB5CFA7ABACEB5C97C131CBBFB341DDD8E64FE68B587558AA8F082AB2670F2' has been loaded from the cache 
2023-04-28 12:05:26,326  WARN | main | eu.europa.esig.dss.alert.handler.LogHandler             | Revocation data is missing for one or more POE(s). NextUpdate time : 2023-10-28T10:00:09Z [C-AA02B99F9C4B57291E3C1744E44647709293D0FE17BB4EED28C99E973C7E8473: No revocation data found after the best signature time [2023-04-28T10:05:26Z]! The nextUpdate available after : [2023-10-28T10:00:09Z]] 
2023-04-28 12:05:26,327  WARN | main | eu.europa.esig.dss.alert.handler.LogHandler             | Fresh revocation data is missing for one or more certificate(s). NextUpdate time : 2023-10-28T10:00:09Z [C-FCBFEBCB6B78113DFD4C6CCFCBC2B1482992DF4C48E9DE1B3B7F16F33332BFCB: No revocation data found after the best signature time [2023-04-28T10:05:26Z]! The nextUpdate available after : [2023-10-28T10:00:09Z]; C-96DB5CFA7ABACEB5C97C131CBBFB341DDD8E64FE68B587558AA8F082AB2670F2: No revocation data found after the best signature time [2023-04-28T10:05:26Z]!] 
2023-04-28 12:05:26,464  INFO | main | eu.europa.esig.dss.service.tsp.OnlineTSPSource          | TSP Status: Operation Okay 
2023-04-28 12:05:26,464  INFO | main | eu.europa.esig.dss.service.tsp.OnlineTSPSource          | TSP SID : SN 500, Issuer CN=root-ca,O=Nowina Solutions,OU=PKI-TEST,C=LU 
2023-04-28 12:05:26,470  INFO | main | e.europa.esig.dss.validation.CommonCertificateVerifier  | + New CommonCertificateVerifier created. 
2023-04-28 12:05:26,477  INFO | main | eu.europa.esig.dss.validation.SignedDocumentValidator   | Document validation... 
2023-04-28 12:05:26,477  INFO | main | e.e.e.d.j.validation.JWSSerializationDocumentValidator  | 1 signature(s) found 
2023-04-28 12:05:26,479  INFO | main | e.europa.esig.dss.validation.CommonCertificateVerifier  | + New CommonCertificateVerifier created. 
2023-04-28 12:05:26,486  INFO | main | e.europa.esig.dss.validation.CommonCertificateVerifier  | + New CommonCertificateVerifier created. 
2023-04-28 12:05:26,489  WARN | main | eu.europa.esig.dss.service.ocsp.OnlineOCSPSource        | No OCSP location found for C-FCBFEBCB6B78113DFD4C6CCFCBC2B1482992DF4C48E9DE1B3B7F16F33332BFCB 
2023-04-28 12:05:26,490  INFO | main | e.e.e.d.spi.x509.revocation.RepositoryRevocationSource  | Revocation token for certificate with Id 'C-FCBFEBCB6B78113DFD4C6CCFCBC2B1482992DF4C48E9DE1B3B7F16F33332BFCB' has been loaded from the cache 
2023-04-28 12:05:26,490  WARN | main | eu.europa.esig.dss.service.ocsp.OnlineOCSPSource        | No OCSP location found for C-AA02B99F9C4B57291E3C1744E44647709293D0FE17BB4EED28C99E973C7E8473 
2023-04-28 12:05:26,491  INFO | main | e.e.e.d.spi.x509.revocation.RepositoryRevocationSource  | Revocation token for certificate with Id 'C-AA02B99F9C4B57291E3C1744E44647709293D0FE17BB4EED28C99E973C7E8473' has been loaded from the cache 
2023-04-28 12:05:26,492  INFO | main | eu.europa.esig.dss.spi.x509.revocation.ocsp.OCSPToken   | OCSP status is good 
2023-04-28 12:05:26,494  INFO | main | eu.europa.esig.dss.spi.x509.revocation.ocsp.OCSPToken   | OCSP status is good 
2023-04-28 12:05:26,494  INFO | main | e.e.e.d.spi.x509.revocation.RepositoryRevocationSource  | Revocation token for certificate with Id 'C-96DB5CFA7ABACEB5C97C131CBBFB341DDD8E64FE68B587558AA8F082AB2670F2' has been loaded from the cache 
2023-04-28 12:05:26,494  INFO | main | eu.europa.esig.dss.validation.SignedDocumentValidator   | Default SignaturePolicyProvider instantiated with NativeHTTPDataLoader. 
2023-04-28 12:05:26,668  INFO | main | e.e.esig.dss.token.AbstractSignatureTokenConnection     | Signature algorithm : SHA256withRSA 
2023-04-28 12:05:26,674  INFO | main | e.e.e.d.j.validation.JWSSerializationDocumentValidator  | 1 signature(s) found 
2023-04-28 12:05:26,676  INFO | main | e.europa.esig.dss.validation.CommonCertificateVerifier  | + New CommonCertificateVerifier created. 
2023-04-28 12:05:26,807  INFO | main | eu.europa.esig.dss.service.tsp.OnlineTSPSource          | TSP Status: Operation Okay 
2023-04-28 12:05:26,807  INFO | main | eu.europa.esig.dss.service.tsp.OnlineTSPSource          | TSP SID : SN 500, Issuer CN=root-ca,O=Nowina Solutions,OU=PKI-TEST,C=LU 
2023-04-28 12:05:26,811  INFO | main | eu.europa.esig.dss.validation.AIACertificateSource      | Retrieving C-96DB5CFA7ABACEB5C97C131CBBFB341DDD8E64FE68B587558AA8F082AB2670F2 certificate's issuer using AIA. 
2023-04-28 12:05:26,812  INFO | main | eu.europa.esig.dss.spi.x509.aia.RepositoryAIASource     | Certificate tokens with AIA '[http://dss.nowina.lu/pki-factory/crt/good-ca.crt]' have been loaded from the cache 
2023-04-28 12:05:26,813  WARN | main | eu.europa.esig.dss.service.ocsp.OnlineOCSPSource        | No OCSP location found for C-FCBFEBCB6B78113DFD4C6CCFCBC2B1482992DF4C48E9DE1B3B7F16F33332BFCB 
2023-04-28 12:05:26,814  INFO | main | e.e.e.d.spi.x509.revocation.RepositoryRevocationSource  | Revocation token for certificate with Id 'C-FCBFEBCB6B78113DFD4C6CCFCBC2B1482992DF4C48E9DE1B3B7F16F33332BFCB' has been loaded from the cache 
2023-04-28 12:05:26,814  WARN | main | eu.europa.esig.dss.service.ocsp.OnlineOCSPSource        | No OCSP location found for C-AA02B99F9C4B57291E3C1744E44647709293D0FE17BB4EED28C99E973C7E8473 
2023-04-28 12:05:26,815  INFO | main | e.e.e.d.spi.x509.revocation.RepositoryRevocationSource  | Revocation token for certificate with Id 'C-AA02B99F9C4B57291E3C1744E44647709293D0FE17BB4EED28C99E973C7E8473' has been loaded from the cache 
2023-04-28 12:05:26,817  INFO | main | eu.europa.esig.dss.spi.x509.revocation.ocsp.OCSPToken   | OCSP status is good 
2023-04-28 12:05:26,817  INFO | main | e.e.e.d.spi.x509.revocation.RepositoryRevocationSource  | Revocation token for certificate with Id 'C-96DB5CFA7ABACEB5C97C131CBBFB341DDD8E64FE68B587558AA8F082AB2670F2' has been loaded from the cache 
2023-04-28 12:05:26,819  WARN | main | eu.europa.esig.dss.alert.handler.LogHandler             | Revocation data is missing for one or more POE(s). NextUpdate time : 2023-10-28T10:00:09Z [C-AA02B99F9C4B57291E3C1744E44647709293D0FE17BB4EED28C99E973C7E8473: No revocation data found after the best signature time [2023-04-28T10:05:26Z]! The nextUpdate available after : [2023-10-28T10:00:09Z]] 
2023-04-28 12:05:26,819  WARN | main | eu.europa.esig.dss.alert.handler.LogHandler             | Fresh revocation data is missing for one or more certificate(s). NextUpdate time : 2023-10-28T10:00:09Z [C-FCBFEBCB6B78113DFD4C6CCFCBC2B1482992DF4C48E9DE1B3B7F16F33332BFCB: No revocation data found after the best signature time [2023-04-28T10:05:26Z]! The nextUpdate available after : [2023-10-28T10:00:09Z]; C-96DB5CFA7ABACEB5C97C131CBBFB341DDD8E64FE68B587558AA8F082AB2670F2: No revocation data found after the best signature time [2023-04-28T10:05:26Z]!] 
2023-04-28 12:05:26,956  INFO | main | eu.europa.esig.dss.service.tsp.OnlineTSPSource          | TSP Status: Operation Okay 
2023-04-28 12:05:26,956  INFO | main | eu.europa.esig.dss.service.tsp.OnlineTSPSource          | TSP SID : SN 500, Issuer CN=root-ca,O=Nowina Solutions,OU=PKI-TEST,C=LU 
2023-04-28 12:05:26,961  INFO | main | e.europa.esig.dss.validation.CommonCertificateVerifier  | + New CommonCertificateVerifier created. 
2023-04-28 12:05:26,968  INFO | main | eu.europa.esig.dss.validation.SignedDocumentValidator   | Document validation... 
2023-04-28 12:05:26,968  INFO | main | e.e.e.d.j.validation.JWSSerializationDocumentValidator  | 1 signature(s) found 
2023-04-28 12:05:26,971  INFO | main | e.europa.esig.dss.validation.CommonCertificateVerifier  | + New CommonCertificateVerifier created. 
2023-04-28 12:05:26,979  INFO | main | e.europa.esig.dss.validation.CommonCertificateVerifier  | + New CommonCertificateVerifier created. 
2023-04-28 12:05:26,983  WARN | main | eu.europa.esig.dss.service.ocsp.OnlineOCSPSource        | No OCSP location found for C-FCBFEBCB6B78113DFD4C6CCFCBC2B1482992DF4C48E9DE1B3B7F16F33332BFCB 
2023-04-28 12:05:26,984  INFO | main | e.e.e.d.spi.x509.revocation.RepositoryRevocationSource  | Revocation token for certificate with Id 'C-FCBFEBCB6B78113DFD4C6CCFCBC2B1482992DF4C48E9DE1B3B7F16F33332BFCB' has been loaded from the cache 
2023-04-28 12:05:26,984  WARN | main | eu.europa.esig.dss.service.ocsp.OnlineOCSPSource        | No OCSP location found for C-AA02B99F9C4B57291E3C1744E44647709293D0FE17BB4EED28C99E973C7E8473 
2023-04-28 12:05:26,985  INFO | main | e.e.e.d.spi.x509.revocation.RepositoryRevocationSource  | Revocation token for certificate with Id 'C-AA02B99F9C4B57291E3C1744E44647709293D0FE17BB4EED28C99E973C7E8473' has been loaded from the cache 
2023-04-28 12:05:26,985  INFO | main | eu.europa.esig.dss.spi.x509.revocation.ocsp.OCSPToken   | OCSP status is good 
2023-04-28 12:05:26,988  INFO | main | eu.europa.esig.dss.spi.x509.revocation.ocsp.OCSPToken   | OCSP status is good 
2023-04-28 12:05:26,989  INFO | main | e.e.e.d.spi.x509.revocation.RepositoryRevocationSource  | Revocation token for certificate with Id 'C-96DB5CFA7ABACEB5C97C131CBBFB341DDD8E64FE68B587558AA8F082AB2670F2' has been loaded from the cache 
2023-04-28 12:05:26,989  INFO | main | eu.europa.esig.dss.validation.SignedDocumentValidator   | Default SignaturePolicyProvider instantiated with NativeHTTPDataLoader. 
2023-04-28 12:05:27,166  INFO | main | e.e.esig.dss.token.AbstractSignatureTokenConnection     | Signature algorithm : SHA256withRSA 
2023-04-28 12:05:27,173  INFO | main | e.e.e.d.j.validation.JWSSerializationDocumentValidator  | 1 signature(s) found 
2023-04-28 12:05:27,175  INFO | main | e.europa.esig.dss.validation.CommonCertificateVerifier  | + New CommonCertificateVerifier created. 
2023-04-28 12:05:27,308  INFO | main | eu.europa.esig.dss.service.tsp.OnlineTSPSource          | TSP Status: Operation Okay 
2023-04-28 12:05:27,308  INFO | main | eu.europa.esig.dss.service.tsp.OnlineTSPSource          | TSP SID : SN 500, Issuer CN=root-ca,O=Nowina Solutions,OU=PKI-TEST,C=LU 
2023-04-28 12:05:27,315  INFO | main | eu.europa.esig.dss.validation.AIACertificateSource      | Retrieving C-96DB5CFA7ABACEB5C97C131CBBFB341DDD8E64FE68B587558AA8F082AB2670F2 certificate's issuer using AIA. 
2023-04-28 12:05:27,316  INFO | main | eu.europa.esig.dss.spi.x509.aia.RepositoryAIASource     | Certificate tokens with AIA '[http://dss.nowina.lu/pki-factory/crt/good-ca.crt]' have been loaded from the cache 
2023-04-28 12:05:27,318  WARN | main | eu.europa.esig.dss.service.ocsp.OnlineOCSPSource        | No OCSP location found for C-FCBFEBCB6B78113DFD4C6CCFCBC2B1482992DF4C48E9DE1B3B7F16F33332BFCB 
2023-04-28 12:05:27,322  INFO | main | e.e.e.d.spi.x509.revocation.RepositoryRevocationSource  | Revocation token for certificate with Id 'C-FCBFEBCB6B78113DFD4C6CCFCBC2B1482992DF4C48E9DE1B3B7F16F33332BFCB' has been loaded from the cache 
2023-04-28 12:05:27,323  WARN | main | eu.europa.esig.dss.service.ocsp.OnlineOCSPSource        | No OCSP location found for C-AA02B99F9C4B57291E3C1744E44647709293D0FE17BB4EED28C99E973C7E8473 
2023-04-28 12:05:27,325  INFO | main | e.e.e.d.spi.x509.revocation.RepositoryRevocationSource  | Revocation token for certificate with Id 'C-AA02B99F9C4B57291E3C1744E44647709293D0FE17BB4EED28C99E973C7E8473' has been loaded from the cache 
2023-04-28 12:05:27,327  INFO | main | eu.europa.esig.dss.spi.x509.revocation.ocsp.OCSPToken   | OCSP status is good 
2023-04-28 12:05:27,328  INFO | main | e.e.e.d.spi.x509.revocation.RepositoryRevocationSource  | Revocation token for certificate with Id 'C-96DB5CFA7ABACEB5C97C131CBBFB341DDD8E64FE68B587558AA8F082AB2670F2' has been loaded from the cache 
2023-04-28 12:05:27,329  WARN | main | eu.europa.esig.dss.alert.handler.LogHandler             | Revocation data is missing for one or more POE(s). NextUpdate time : 2023-10-28T10:00:09Z [C-AA02B99F9C4B57291E3C1744E44647709293D0FE17BB4EED28C99E973C7E8473: No revocation data found after the best signature time [2023-04-28T10:05:27Z]! The nextUpdate available after : [2023-10-28T10:00:09Z]] 
2023-04-28 12:05:27,329  WARN | main | eu.europa.esig.dss.alert.handler.LogHandler             | Fresh revocation data is missing for one or more certificate(s). NextUpdate time : 2023-10-28T10:00:09Z [C-FCBFEBCB6B78113DFD4C6CCFCBC2B1482992DF4C48E9DE1B3B7F16F33332BFCB: No revocation data found after the best signature time [2023-04-28T10:05:27Z]! The nextUpdate available after : [2023-10-28T10:00:09Z]; C-96DB5CFA7ABACEB5C97C131CBBFB341DDD8E64FE68B587558AA8F082AB2670F2: No revocation data found after the best signature time [2023-04-28T10:05:27Z]!] 
2023-04-28 12:05:27,467  INFO | main | eu.europa.esig.dss.service.tsp.OnlineTSPSource          | TSP Status: Operation Okay 
2023-04-28 12:05:27,468  INFO | main | eu.europa.esig.dss.service.tsp.OnlineTSPSource          | TSP SID : SN 500, Issuer CN=root-ca,O=Nowina Solutions,OU=PKI-TEST,C=LU 
2023-04-28 12:05:27,473  INFO | main | e.europa.esig.dss.validation.CommonCertificateVerifier  | + New CommonCertificateVerifier created. 
2023-04-28 12:05:27,480  INFO | main | eu.europa.esig.dss.validation.SignedDocumentValidator   | Document validation... 
2023-04-28 12:05:27,480  INFO | main | e.e.e.d.j.validation.JWSSerializationDocumentValidator  | 1 signature(s) found 
2023-04-28 12:05:27,482  INFO | main | e.europa.esig.dss.validation.CommonCertificateVerifier  | + New CommonCertificateVerifier created. 
2023-04-28 12:05:27,491  INFO | main | e.europa.esig.dss.validation.CommonCertificateVerifier  | + New CommonCertificateVerifier created. 
2023-04-28 12:05:27,494  WARN | main | eu.europa.esig.dss.service.ocsp.OnlineOCSPSource        | No OCSP location found for C-FCBFEBCB6B78113DFD4C6CCFCBC2B1482992DF4C48E9DE1B3B7F16F33332BFCB 
2023-04-28 12:05:27,495  INFO | main | e.e.e.d.spi.x509.revocation.RepositoryRevocationSource  | Revocation token for certificate with Id 'C-FCBFEBCB6B78113DFD4C6CCFCBC2B1482992DF4C48E9DE1B3B7F16F33332BFCB' has been loaded from the cache 
2023-04-28 12:05:27,496  WARN | main | eu.europa.esig.dss.service.ocsp.OnlineOCSPSource        | No OCSP location found for C-AA02B99F9C4B57291E3C1744E44647709293D0FE17BB4EED28C99E973C7E8473 
2023-04-28 12:05:27,497  INFO | main | e.e.e.d.spi.x509.revocation.RepositoryRevocationSource  | Revocation token for certificate with Id 'C-AA02B99F9C4B57291E3C1744E44647709293D0FE17BB4EED28C99E973C7E8473' has been loaded from the cache 
2023-04-28 12:05:27,497  INFO | main | eu.europa.esig.dss.spi.x509.revocation.ocsp.OCSPToken   | OCSP status is good 
2023-04-28 12:05:27,499  INFO | main | eu.europa.esig.dss.spi.x509.revocation.ocsp.OCSPToken   | OCSP status is good 
2023-04-28 12:05:27,499  INFO | main | e.e.e.d.spi.x509.revocation.RepositoryRevocationSource  | Revocation token for certificate with Id 'C-96DB5CFA7ABACEB5C97C131CBBFB341DDD8E64FE68B587558AA8F082AB2670F2' has been loaded from the cache 
2023-04-28 12:05:27,499  INFO | main | eu.europa.esig.dss.validation.SignedDocumentValidator   | Default SignaturePolicyProvider instantiated with NativeHTTPDataLoader. 
]]></system-out>
  </testcase>
  <testcase name="extensionTest" classname="eu.europa.esig.dss.jades.signature.JAdESServiceTest" time="0.682">
    <system-out><![CDATA[2023-04-28 12:05:27,515  INFO | main | e.europa.esig.dss.validation.CommonCertificateVerifier  | + New CommonCertificateVerifier created. 
2023-04-28 12:05:27,807  INFO | main | e.e.esig.dss.token.AbstractSignatureTokenConnection     | Signature algorithm : SHA256withRSA 
2023-04-28 12:05:27,816  INFO | main | e.europa.esig.dss.validation.CommonCertificateVerifier  | + New CommonCertificateVerifier created. 
2023-04-28 12:05:27,825  INFO | main | eu.europa.esig.dss.validation.SignedDocumentValidator   | Document validation... 
2023-04-28 12:05:27,828  INFO | main | e.europa.esig.dss.validation.CommonCertificateVerifier  | + New CommonCertificateVerifier created. 
2023-04-28 12:05:27,831  INFO | main | e.europa.esig.dss.validation.CommonCertificateVerifier  | + New CommonCertificateVerifier created. 
2023-04-28 12:05:27,831  INFO | main | eu.europa.esig.dss.validation.AIACertificateSource      | Retrieving C-96DB5CFA7ABACEB5C97C131CBBFB341DDD8E64FE68B587558AA8F082AB2670F2 certificate's issuer using AIA. 
2023-04-28 12:05:27,832  INFO | main | eu.europa.esig.dss.spi.x509.aia.RepositoryAIASource     | Certificate tokens with AIA '[http://dss.nowina.lu/pki-factory/crt/good-ca.crt]' have been loaded from the cache 
2023-04-28 12:05:27,833  WARN | main | eu.europa.esig.dss.service.ocsp.OnlineOCSPSource        | No OCSP location found for C-FCBFEBCB6B78113DFD4C6CCFCBC2B1482992DF4C48E9DE1B3B7F16F33332BFCB 
2023-04-28 12:05:27,836  INFO | main | e.e.e.d.spi.x509.revocation.RepositoryRevocationSource  | Revocation token for certificate with Id 'C-FCBFEBCB6B78113DFD4C6CCFCBC2B1482992DF4C48E9DE1B3B7F16F33332BFCB' has been loaded from the cache 
2023-04-28 12:05:27,838  INFO | main | eu.europa.esig.dss.spi.x509.revocation.ocsp.OCSPToken   | OCSP status is good 
2023-04-28 12:05:27,838  INFO | main | e.e.e.d.spi.x509.revocation.RepositoryRevocationSource  | Revocation token for certificate with Id 'C-96DB5CFA7ABACEB5C97C131CBBFB341DDD8E64FE68B587558AA8F082AB2670F2' has been loaded from the cache 
2023-04-28 12:05:27,839  INFO | main | eu.europa.esig.dss.validation.SignedDocumentValidator   | Default SignaturePolicyProvider instantiated with NativeHTTPDataLoader. 
2023-04-28 12:05:27,849  INFO | main | e.europa.esig.dss.validation.CommonCertificateVerifier  | + New CommonCertificateVerifier created. 
2023-04-28 12:05:27,987  INFO | main | eu.europa.esig.dss.service.tsp.OnlineTSPSource          | TSP Status: Operation Okay 
2023-04-28 12:05:27,987  INFO | main | eu.europa.esig.dss.service.tsp.OnlineTSPSource          | TSP SID : SN 500, Issuer CN=root-ca,O=Nowina Solutions,OU=PKI-TEST,C=LU 
2023-04-28 12:05:27,991  INFO | main | eu.europa.esig.dss.validation.AIACertificateSource      | Retrieving C-96DB5CFA7ABACEB5C97C131CBBFB341DDD8E64FE68B587558AA8F082AB2670F2 certificate's issuer using AIA. 
2023-04-28 12:05:27,992  INFO | main | eu.europa.esig.dss.spi.x509.aia.RepositoryAIASource     | Certificate tokens with AIA '[http://dss.nowina.lu/pki-factory/crt/good-ca.crt]' have been loaded from the cache 
2023-04-28 12:05:27,993  WARN | main | eu.europa.esig.dss.service.ocsp.OnlineOCSPSource        | No OCSP location found for C-FCBFEBCB6B78113DFD4C6CCFCBC2B1482992DF4C48E9DE1B3B7F16F33332BFCB 
2023-04-28 12:05:27,994  INFO | main | e.e.e.d.spi.x509.revocation.RepositoryRevocationSource  | Revocation token for certificate with Id 'C-FCBFEBCB6B78113DFD4C6CCFCBC2B1482992DF4C48E9DE1B3B7F16F33332BFCB' has been loaded from the cache 
2023-04-28 12:05:27,994  WARN | main | eu.europa.esig.dss.service.ocsp.OnlineOCSPSource        | No OCSP location found for C-AA02B99F9C4B57291E3C1744E44647709293D0FE17BB4EED28C99E973C7E8473 
2023-04-28 12:05:27,995  INFO | main | e.e.e.d.spi.x509.revocation.RepositoryRevocationSource  | Revocation token for certificate with Id 'C-AA02B99F9C4B57291E3C1744E44647709293D0FE17BB4EED28C99E973C7E8473' has been loaded from the cache 
2023-04-28 12:05:27,996  INFO | main | eu.europa.esig.dss.spi.x509.revocation.ocsp.OCSPToken   | OCSP status is good 
2023-04-28 12:05:27,996  INFO | main | e.e.e.d.spi.x509.revocation.RepositoryRevocationSource  | Revocation token for certificate with Id 'C-96DB5CFA7ABACEB5C97C131CBBFB341DDD8E64FE68B587558AA8F082AB2670F2' has been loaded from the cache 
2023-04-28 12:05:27,997  WARN | main | eu.europa.esig.dss.alert.handler.LogHandler             | Revocation data is missing for one or more POE(s). NextUpdate time : 2023-10-28T10:00:09Z [C-AA02B99F9C4B57291E3C1744E44647709293D0FE17BB4EED28C99E973C7E8473: No revocation data found after the best signature time [2023-04-28T10:05:27Z]! The nextUpdate available after : [2023-10-28T10:00:09Z]] 
2023-04-28 12:05:27,997  WARN | main | eu.europa.esig.dss.alert.handler.LogHandler             | Fresh revocation data is missing for one or more certificate(s). NextUpdate time : 2023-10-28T10:00:09Z [C-FCBFEBCB6B78113DFD4C6CCFCBC2B1482992DF4C48E9DE1B3B7F16F33332BFCB: No revocation data found after the best signature time [2023-04-28T10:05:27Z]! The nextUpdate available after : [2023-10-28T10:00:09Z]; C-96DB5CFA7ABACEB5C97C131CBBFB341DDD8E64FE68B587558AA8F082AB2670F2: No revocation data found after the best signature time [2023-04-28T10:05:27Z]!] 
2023-04-28 12:05:28,135  INFO | main | eu.europa.esig.dss.service.tsp.OnlineTSPSource          | TSP Status: Operation Okay 
2023-04-28 12:05:28,135  INFO | main | eu.europa.esig.dss.service.tsp.OnlineTSPSource          | TSP SID : SN 500, Issuer CN=root-ca,O=Nowina Solutions,OU=PKI-TEST,C=LU 
2023-04-28 12:05:28,141  INFO | main | e.europa.esig.dss.validation.CommonCertificateVerifier  | + New CommonCertificateVerifier created. 
2023-04-28 12:05:28,151  INFO | main | eu.europa.esig.dss.validation.SignedDocumentValidator   | Document validation... 
2023-04-28 12:05:28,151  INFO | main | e.e.e.d.j.validation.JWSSerializationDocumentValidator  | 1 signature(s) found 
2023-04-28 12:05:28,155  INFO | main | e.europa.esig.dss.validation.CommonCertificateVerifier  | + New CommonCertificateVerifier created. 
2023-04-28 12:05:28,162  INFO | main | e.europa.esig.dss.validation.CommonCertificateVerifier  | + New CommonCertificateVerifier created. 
2023-04-28 12:05:28,167  WARN | main | eu.europa.esig.dss.service.ocsp.OnlineOCSPSource        | No OCSP location found for C-FCBFEBCB6B78113DFD4C6CCFCBC2B1482992DF4C48E9DE1B3B7F16F33332BFCB 
2023-04-28 12:05:28,168  INFO | main | e.e.e.d.spi.x509.revocation.RepositoryRevocationSource  | Revocation token for certificate with Id 'C-FCBFEBCB6B78113DFD4C6CCFCBC2B1482992DF4C48E9DE1B3B7F16F33332BFCB' has been loaded from the cache 
2023-04-28 12:05:28,170  WARN | main | eu.europa.esig.dss.service.ocsp.OnlineOCSPSource        | No OCSP location found for C-AA02B99F9C4B57291E3C1744E44647709293D0FE17BB4EED28C99E973C7E8473 
2023-04-28 12:05:28,172  INFO | main | e.e.e.d.spi.x509.revocation.RepositoryRevocationSource  | Revocation token for certificate with Id 'C-AA02B99F9C4B57291E3C1744E44647709293D0FE17BB4EED28C99E973C7E8473' has been loaded from the cache 
2023-04-28 12:05:28,174  INFO | main | eu.europa.esig.dss.spi.x509.revocation.ocsp.OCSPToken   | OCSP status is good 
2023-04-28 12:05:28,178  INFO | main | eu.europa.esig.dss.spi.x509.revocation.ocsp.OCSPToken   | OCSP status is good 
2023-04-28 12:05:28,179  INFO | main | e.e.e.d.spi.x509.revocation.RepositoryRevocationSource  | Revocation token for certificate with Id 'C-96DB5CFA7ABACEB5C97C131CBBFB341DDD8E64FE68B587558AA8F082AB2670F2' has been loaded from the cache 
2023-04-28 12:05:28,179  INFO | main | eu.europa.esig.dss.validation.SignedDocumentValidator   | Default SignaturePolicyProvider instantiated with NativeHTTPDataLoader. 
]]></system-out>
  </testcase>
</testsuite>