<?xml version="1.0" encoding="UTF-8"?>
<testsuite xmlns:xsi="http://www.w3.org/2001/XMLSchema-instance" xsi:noNamespaceSchemaLocation="https://maven.apache.org/surefire/maven-surefire-plugin/xsd/surefire-test-report-3.0.xsd" version="3.0" name="eu.europa.esig.dss.validation.SignatureValidationContextTest" time="0.632" tests="6" errors="0" skipped="0" failures="0">
  <properties>
    <property name="java.specification.version" value="19"/>
    <property name="sun.cpu.isalist" value="amd64"/>
    <property name="sun.jnu.encoding" value="Cp1252"/>
    <property name="java.class.path" value="C:\Users\amadoria\Documents\Projects\HAPKIDO\WP4\dss-fork\dss-document\target\test-classes;C:\Users\amadoria\Documents\Projects\HAPKIDO\WP4\dss-fork\dss-document\target\classes;C:\Users\amadoria\Documents\Projects\HAPKIDO\WP4\dss-fork\dss-spi\target\dss-spi-5.12.RC1.jar;C:\Users\amadoria\Documents\Projects\HAPKIDO\WP4\dss-fork\dss-model\target\dss-model-5.12.RC1.jar;C:\Users\amadoria\Documents\Projects\HAPKIDO\WP4\dss-fork\dss-enumerations\target\dss-enumerations-5.12.RC1.jar;C:\Users\amadoria\Documents\Projects\HAPKIDO\WP4\dss-fork\dss-utils\target\dss-utils-5.12.RC1.jar;C:\Users\amadoria\Documents\Projects\HAPKIDO\WP4\dss-fork\dss-crl-parser\target\dss-crl-parser-5.12.RC1.jar;C:\Users\amadoria\.m2\repository\org\slf4j\slf4j-api\2.0.6\slf4j-api-2.0.6.jar;C:\Users\amadoria\Documents\Projects\HAPKIDO\WP4\dss-fork\dss-document\libs\bcpkix-jdk18on-173b20.jar;C:\Users\amadoria\Documents\Projects\HAPKIDO\WP4\dss-fork\dss-document\libs\bcprov-jdk18on-173b20.jar;C:\Users\amadoria\Documents\Projects\HAPKIDO\WP4\dss-fork\dss-document\libs\bcutil-jdk18on-173b20.jar;C:\Users\amadoria\Documents\Projects\HAPKIDO\WP4\dss-fork\validation-policy\target\validation-policy-5.12.RC1.jar;C:\Users\amadoria\Documents\Projects\HAPKIDO\WP4\dss-fork\dss-policy-jaxb\target\dss-policy-jaxb-5.12.RC1.jar;C:\Users\amadoria\Documents\Projects\HAPKIDO\WP4\dss-fork\dss-jaxb-parsers\target\dss-jaxb-parsers-5.12.RC1.jar;C:\Users\amadoria\Documents\Projects\HAPKIDO\WP4\dss-fork\dss-jaxb-common\target\dss-jaxb-common-5.12.RC1.jar;C:\Users\amadoria\Documents\Projects\HAPKIDO\WP4\dss-fork\dss-alert\target\dss-alert-5.12.RC1.jar;C:\Users\amadoria\.m2\repository\org\glassfish\jaxb\jaxb-runtime\2.3.8\jaxb-runtime-2.3.8.jar;C:\Users\amadoria\.m2\repository\org\glassfish\jaxb\txw2\2.3.8\txw2-2.3.8.jar;C:\Users\amadoria\.m2\repository\com\sun\istack\istack-commons-runtime\3.0.12\istack-commons-runtime-3.0.12.jar;C:\Users\amadoria\.m2\repository\com\sun\activation\jakarta.activation\1.2.2\jakarta.activation-1.2.2.jar;C:\Users\amadoria\Documents\Projects\HAPKIDO\WP4\dss-fork\dss-diagnostic-jaxb\target\dss-diagnostic-jaxb-5.12.RC1.jar;C:\Users\amadoria\Documents\Projects\HAPKIDO\WP4\dss-fork\dss-simple-report-jaxb\target\dss-simple-report-jaxb-5.12.RC1.jar;C:\Users\amadoria\Documents\Projects\HAPKIDO\WP4\dss-fork\dss-simple-certificate-report-jaxb\target\dss-simple-certificate-report-jaxb-5.12.RC1.jar;C:\Users\amadoria\Documents\Projects\HAPKIDO\WP4\dss-fork\dss-detailed-report-jaxb\target\dss-detailed-report-jaxb-5.12.RC1.jar;C:\Users\amadoria\Documents\Projects\HAPKIDO\WP4\dss-fork\specs-validation-report\target\specs-validation-report-5.12.RC1.jar;C:\Users\amadoria\Documents\Projects\HAPKIDO\WP4\dss-fork\specs-xmldsig\target\specs-xmldsig-5.12.RC1.jar;C:\Users\amadoria\Documents\Projects\HAPKIDO\WP4\dss-fork\specs-xades\target\specs-xades-5.12.RC1.jar;C:\Users\amadoria\Documents\Projects\HAPKIDO\WP4\dss-fork\specs-trusted-list\target\specs-trusted-list-5.12.RC1.jar;C:\Users\amadoria\Documents\Projects\HAPKIDO\WP4\dss-fork\dss-i18n\target\dss-i18n-5.12.RC1.jar;C:\Users\amadoria\.m2\repository\ch\qos\logback\logback-classic\1.3.5\logback-classic-1.3.5.jar;C:\Users\amadoria\.m2\repository\ch\qos\logback\logback-core\1.3.5\logback-core-1.3.5.jar;C:\Users\amadoria\.m2\repository\com\fasterxml\jackson\module\jackson-module-jaxb-annotations\2.14.2\jackson-module-jaxb-annotations-2.14.2.jar;C:\Users\amadoria\.m2\repository\com\fasterxml\jackson\core\jackson-annotations\2.14.2\jackson-annotations-2.14.2.jar;C:\Users\amadoria\.m2\repository\com\fasterxml\jackson\core\jackson-core\2.14.2\jackson-core-2.14.2.jar;C:\Users\amadoria\.m2\repository\com\fasterxml\jackson\core\jackson-databind\2.14.2\jackson-databind-2.14.2.jar;C:\Users\amadoria\.m2\repository\jakarta\xml\bind\jakarta.xml.bind-api\2.3.3\jakarta.xml.bind-api-2.3.3.jar;C:\Users\amadoria\.m2\repository\jakarta\activation\jakarta.activation-api\1.2.2\jakarta.activation-api-1.2.2.jar;C:\Users\amadoria\.m2\repository\org\junit\platform\junit-platform-launcher\1.9.2\junit-platform-launcher-1.9.2.jar;C:\Users\amadoria\.m2\repository\org\junit\platform\junit-platform-engine\1.9.2\junit-platform-engine-1.9.2.jar;C:\Users\amadoria\.m2\repository\org\opentest4j\opentest4j\1.2.0\opentest4j-1.2.0.jar;C:\Users\amadoria\.m2\repository\org\junit\platform\junit-platform-commons\1.9.2\junit-platform-commons-1.9.2.jar;C:\Users\amadoria\.m2\repository\org\apiguardian\apiguardian-api\1.1.2\apiguardian-api-1.1.2.jar;C:\Users\amadoria\.m2\repository\org\junit\jupiter\junit-jupiter-engine\5.9.2\junit-jupiter-engine-5.9.2.jar;C:\Users\amadoria\.m2\repository\org\junit\jupiter\junit-jupiter-api\5.9.2\junit-jupiter-api-5.9.2.jar;C:\Users\amadoria\.m2\repository\org\junit\jupiter\junit-jupiter-params\5.9.2\junit-jupiter-params-5.9.2.jar;C:\Users\amadoria\Documents\Projects\HAPKIDO\WP4\dss-fork\dss-utils-google-guava\target\dss-utils-google-guava-5.12.RC1.jar;C:\Users\amadoria\.m2\repository\com\google\guava\guava\31.1-jre\guava-31.1-jre.jar;C:\Users\amadoria\.m2\repository\com\google\guava\failureaccess\1.0.1\failureaccess-1.0.1.jar;C:\Users\amadoria\.m2\repository\com\google\guava\listenablefuture\9999.0-empty-to-avoid-conflict-with-guava\listenablefuture-9999.0-empty-to-avoid-conflict-with-guava.jar;C:\Users\amadoria\.m2\repository\com\google\code\findbugs\jsr305\3.0.2\jsr305-3.0.2.jar;C:\Users\amadoria\.m2\repository\org\checkerframework\checker-qual\3.12.0\checker-qual-3.12.0.jar;C:\Users\amadoria\.m2\repository\com\google\errorprone\error_prone_annotations\2.11.0\error_prone_annotations-2.11.0.jar;C:\Users\amadoria\.m2\repository\com\google\j2objc\j2objc-annotations\1.3\j2objc-annotations-1.3.jar;C:\Users\amadoria\Documents\Projects\HAPKIDO\WP4\dss-fork\dss-crl-parser-stream\target\dss-crl-parser-stream-5.12.RC1.jar;"/>
    <property name="java.vm.vendor" value="Oracle Corporation"/>
    <property name="sun.arch.data.model" value="64"/>
    <property name="user.variant" value=""/>
    <property name="java.vendor.url" value="https://java.oracle.com/"/>
    <property name="user.timezone" value="Europe/Amsterdam"/>
    <property name="os.name" value="Windows 10"/>
    <property name="java.vm.specification.version" value="19"/>
    <property name="sun.java.launcher" value="SUN_STANDARD"/>
    <property name="user.country" value="US"/>
    <property name="sun.boot.library.path" value="C:\Program Files\Java\jdk-19\bin"/>
    <property name="sun.java.command" value="C:\Users\amadoria\AppData\Local\Temp\surefire7385040301634076511\surefirebooter-20230428114100642_335.jar C:\Users\amadoria\AppData\Local\Temp\surefire7385040301634076511 2023-04-28T11-29-53_553-jvmRun1 surefire-20230428114100642_333tmp surefire_27-20230428114100642_334tmp"/>
    <property name="jdk.debug" value="release"/>
    <property name="surefire.test.class.path" value="C:\Users\amadoria\Documents\Projects\HAPKIDO\WP4\dss-fork\dss-document\target\test-classes;C:\Users\amadoria\Documents\Projects\HAPKIDO\WP4\dss-fork\dss-document\target\classes;C:\Users\amadoria\Documents\Projects\HAPKIDO\WP4\dss-fork\dss-spi\target\dss-spi-5.12.RC1.jar;C:\Users\amadoria\Documents\Projects\HAPKIDO\WP4\dss-fork\dss-model\target\dss-model-5.12.RC1.jar;C:\Users\amadoria\Documents\Projects\HAPKIDO\WP4\dss-fork\dss-enumerations\target\dss-enumerations-5.12.RC1.jar;C:\Users\amadoria\Documents\Projects\HAPKIDO\WP4\dss-fork\dss-utils\target\dss-utils-5.12.RC1.jar;C:\Users\amadoria\Documents\Projects\HAPKIDO\WP4\dss-fork\dss-crl-parser\target\dss-crl-parser-5.12.RC1.jar;C:\Users\amadoria\.m2\repository\org\slf4j\slf4j-api\2.0.6\slf4j-api-2.0.6.jar;C:\Users\amadoria\Documents\Projects\HAPKIDO\WP4\dss-fork\dss-document\libs\bcpkix-jdk18on-173b20.jar;C:\Users\amadoria\Documents\Projects\HAPKIDO\WP4\dss-fork\dss-document\libs\bcprov-jdk18on-173b20.jar;C:\Users\amadoria\Documents\Projects\HAPKIDO\WP4\dss-fork\dss-document\libs\bcutil-jdk18on-173b20.jar;C:\Users\amadoria\Documents\Projects\HAPKIDO\WP4\dss-fork\validation-policy\target\validation-policy-5.12.RC1.jar;C:\Users\amadoria\Documents\Projects\HAPKIDO\WP4\dss-fork\dss-policy-jaxb\target\dss-policy-jaxb-5.12.RC1.jar;C:\Users\amadoria\Documents\Projects\HAPKIDO\WP4\dss-fork\dss-jaxb-parsers\target\dss-jaxb-parsers-5.12.RC1.jar;C:\Users\amadoria\Documents\Projects\HAPKIDO\WP4\dss-fork\dss-jaxb-common\target\dss-jaxb-common-5.12.RC1.jar;C:\Users\amadoria\Documents\Projects\HAPKIDO\WP4\dss-fork\dss-alert\target\dss-alert-5.12.RC1.jar;C:\Users\amadoria\.m2\repository\org\glassfish\jaxb\jaxb-runtime\2.3.8\jaxb-runtime-2.3.8.jar;C:\Users\amadoria\.m2\repository\org\glassfish\jaxb\txw2\2.3.8\txw2-2.3.8.jar;C:\Users\amadoria\.m2\repository\com\sun\istack\istack-commons-runtime\3.0.12\istack-commons-runtime-3.0.12.jar;C:\Users\amadoria\.m2\repository\com\sun\activation\jakarta.activation\1.2.2\jakarta.activation-1.2.2.jar;C:\Users\amadoria\Documents\Projects\HAPKIDO\WP4\dss-fork\dss-diagnostic-jaxb\target\dss-diagnostic-jaxb-5.12.RC1.jar;C:\Users\amadoria\Documents\Projects\HAPKIDO\WP4\dss-fork\dss-simple-report-jaxb\target\dss-simple-report-jaxb-5.12.RC1.jar;C:\Users\amadoria\Documents\Projects\HAPKIDO\WP4\dss-fork\dss-simple-certificate-report-jaxb\target\dss-simple-certificate-report-jaxb-5.12.RC1.jar;C:\Users\amadoria\Documents\Projects\HAPKIDO\WP4\dss-fork\dss-detailed-report-jaxb\target\dss-detailed-report-jaxb-5.12.RC1.jar;C:\Users\amadoria\Documents\Projects\HAPKIDO\WP4\dss-fork\specs-validation-report\target\specs-validation-report-5.12.RC1.jar;C:\Users\amadoria\Documents\Projects\HAPKIDO\WP4\dss-fork\specs-xmldsig\target\specs-xmldsig-5.12.RC1.jar;C:\Users\amadoria\Documents\Projects\HAPKIDO\WP4\dss-fork\specs-xades\target\specs-xades-5.12.RC1.jar;C:\Users\amadoria\Documents\Projects\HAPKIDO\WP4\dss-fork\specs-trusted-list\target\specs-trusted-list-5.12.RC1.jar;C:\Users\amadoria\Documents\Projects\HAPKIDO\WP4\dss-fork\dss-i18n\target\dss-i18n-5.12.RC1.jar;C:\Users\amadoria\.m2\repository\ch\qos\logback\logback-classic\1.3.5\logback-classic-1.3.5.jar;C:\Users\amadoria\.m2\repository\ch\qos\logback\logback-core\1.3.5\logback-core-1.3.5.jar;C:\Users\amadoria\.m2\repository\com\fasterxml\jackson\module\jackson-module-jaxb-annotations\2.14.2\jackson-module-jaxb-annotations-2.14.2.jar;C:\Users\amadoria\.m2\repository\com\fasterxml\jackson\core\jackson-annotations\2.14.2\jackson-annotations-2.14.2.jar;C:\Users\amadoria\.m2\repository\com\fasterxml\jackson\core\jackson-core\2.14.2\jackson-core-2.14.2.jar;C:\Users\amadoria\.m2\repository\com\fasterxml\jackson\core\jackson-databind\2.14.2\jackson-databind-2.14.2.jar;C:\Users\amadoria\.m2\repository\jakarta\xml\bind\jakarta.xml.bind-api\2.3.3\jakarta.xml.bind-api-2.3.3.jar;C:\Users\amadoria\.m2\repository\jakarta\activation\jakarta.activation-api\1.2.2\jakarta.activation-api-1.2.2.jar;C:\Users\amadoria\.m2\repository\org\junit\platform\junit-platform-launcher\1.9.2\junit-platform-launcher-1.9.2.jar;C:\Users\amadoria\.m2\repository\org\junit\platform\junit-platform-engine\1.9.2\junit-platform-engine-1.9.2.jar;C:\Users\amadoria\.m2\repository\org\opentest4j\opentest4j\1.2.0\opentest4j-1.2.0.jar;C:\Users\amadoria\.m2\repository\org\junit\platform\junit-platform-commons\1.9.2\junit-platform-commons-1.9.2.jar;C:\Users\amadoria\.m2\repository\org\apiguardian\apiguardian-api\1.1.2\apiguardian-api-1.1.2.jar;C:\Users\amadoria\.m2\repository\org\junit\jupiter\junit-jupiter-engine\5.9.2\junit-jupiter-engine-5.9.2.jar;C:\Users\amadoria\.m2\repository\org\junit\jupiter\junit-jupiter-api\5.9.2\junit-jupiter-api-5.9.2.jar;C:\Users\amadoria\.m2\repository\org\junit\jupiter\junit-jupiter-params\5.9.2\junit-jupiter-params-5.9.2.jar;C:\Users\amadoria\Documents\Projects\HAPKIDO\WP4\dss-fork\dss-utils-google-guava\target\dss-utils-google-guava-5.12.RC1.jar;C:\Users\amadoria\.m2\repository\com\google\guava\guava\31.1-jre\guava-31.1-jre.jar;C:\Users\amadoria\.m2\repository\com\google\guava\failureaccess\1.0.1\failureaccess-1.0.1.jar;C:\Users\amadoria\.m2\repository\com\google\guava\listenablefuture\9999.0-empty-to-avoid-conflict-with-guava\listenablefuture-9999.0-empty-to-avoid-conflict-with-guava.jar;C:\Users\amadoria\.m2\repository\com\google\code\findbugs\jsr305\3.0.2\jsr305-3.0.2.jar;C:\Users\amadoria\.m2\repository\org\checkerframework\checker-qual\3.12.0\checker-qual-3.12.0.jar;C:\Users\amadoria\.m2\repository\com\google\errorprone\error_prone_annotations\2.11.0\error_prone_annotations-2.11.0.jar;C:\Users\amadoria\.m2\repository\com\google\j2objc\j2objc-annotations\1.3\j2objc-annotations-1.3.jar;C:\Users\amadoria\Documents\Projects\HAPKIDO\WP4\dss-fork\dss-crl-parser-stream\target\dss-crl-parser-stream-5.12.RC1.jar;"/>
    <property name="sun.cpu.endian" value="little"/>
    <property name="user.home" value="C:\Users\amadoria"/>
    <property name="user.language" value="en"/>
    <property name="java.specification.vendor" value="Oracle Corporation"/>
    <property name="java.version.date" value="2023-01-17"/>
    <property name="java.home" value="C:\Program Files\Java\jdk-19"/>
    <property name="file.separator" value="\"/>
    <property name="basedir" value="C:\Users\amadoria\Documents\Projects\HAPKIDO\WP4\dss-fork\dss-document"/>
    <property name="java.vm.compressedOopsMode" value="Zero based"/>
    <property name="line.separator" value="&#10;"/>
    <property name="java.vm.specification.vendor" value="Oracle Corporation"/>
    <property name="java.specification.name" value="Java Platform API Specification"/>
    <property name="surefire.real.class.path" value="C:\Users\amadoria\AppData\Local\Temp\surefire7385040301634076511\surefirebooter-20230428114100642_335.jar"/>
    <property name="user.script" value=""/>
    <property name="sun.management.compiler" value="HotSpot 64-Bit Tiered Compilers"/>
    <property name="java.runtime.version" value="19.0.2+7-44"/>
    <property name="user.name" value="amadoria"/>
    <property name="stdout.encoding" value="Cp1252"/>
    <property name="path.separator" value=";"/>
    <property name="os.version" value="10.0"/>
    <property name="java.runtime.name" value="Java(TM) SE Runtime Environment"/>
    <property name="file.encoding" value="UTF-8"/>
    <property name="java.vm.name" value="Java HotSpot(TM) 64-Bit Server VM"/>
    <property name="localRepository" value="C:\Users\amadoria\.m2\repository"/>
    <property name="java.vendor.url.bug" value="https://bugreport.java.com/bugreport/"/>
    <property name="java.io.tmpdir" value="C:\Users\amadoria\AppData\Local\Temp\"/>
    <property name="java.version" value="19.0.2"/>
    <property name="user.dir" value="C:\Users\amadoria\Documents\Projects\HAPKIDO\WP4\dss-fork\dss-document"/>
    <property name="os.arch" value="amd64"/>
    <property name="java.vm.specification.name" value="Java Virtual Machine Specification"/>
    <property name="sun.os.patch.level" value=""/>
    <property name="native.encoding" value="Cp1252"/>
    <property name="java.library.path" value="C:\Program Files\Java\jdk-19\bin;C:\WINDOWS\Sun\Java\bin;C:\WINDOWS\system32;C:\WINDOWS;C:\Program Files\Common Files\Oracle\Java\javapath;C:\Program Files\Eclipse Adoptium\jdk-17.0.5.8-hotspot\bin;C:\WINDOWS\system32;C:\WINDOWS;C:\WINDOWS\System32\Wbem;C:\WINDOWS\System32\WindowsPowerShell\v1.0\;C:\WINDOWS\System32\OpenSSH\;C:\Program Files\dotnet\;C:\ProgramData\chocolatey\bin;C:\Program Files\Gradle\gradle-8.0.2\bin;C:\Program Files\Maven\apache-maven-3.9.0\bin;;C:\Program Files\Docker\Docker\resources\bin;C:\Users\amadoria\AppData\Local\Programs\Python\Python38\Scripts\;C:\Users\amadoria\AppData\Local\Programs\Python\Python38\;C:\Users\amadoria\AppData\Local\Microsoft\WindowsApps;C:\Users\amadoria\AppData\Local\Programs\MiKTeX\miktex\bin\x64\;C:\Users\amadoria\AppData\Local\Programs\Microsoft VS Code\bin;C:\Users\amadoria\AppData\Roaming\Python\Scripts\;C:\Users\amadoria\AppData\Local\Programs\Git\cmd;C:\Program Files\JetBrains\IntelliJ IDEA Community Edition 2022.3.3\bin;;."/>
    <property name="java.vm.info" value="mixed mode, sharing"/>
    <property name="stderr.encoding" value="Cp1252"/>
    <property name="java.vendor" value="Oracle Corporation"/>
    <property name="java.vm.version" value="19.0.2+7-44"/>
    <property name="sun.io.unicode.encoding" value="UnicodeLittle"/>
    <property name="java.class.version" value="63.0"/>
  </properties>
  <testcase name="testBridgeCertificateMovesUpInsteadofSidewaysWithoutRootOnValidation" classname="eu.europa.esig.dss.validation.SignatureValidationContextTest" time="0.149">
    <system-out><![CDATA[11:41:21.608 [main] INFO eu.europa.esig.dss.validation.CommonCertificateVerifier - + New CommonCertificateVerifier created.
11:41:21.626 [main] INFO eu.europa.esig.dss.validation.AIACertificateSource - Retrieving C-D6F0919DDD904D875AF953D39BA3CF3278A84F2D0E3DAA8D991119CE67E73FF2 certificate's issuer using AIA.
11:41:21.626 [main] DEBUG eu.europa.esig.dss.spi.x509.aia.DefaultAIASource - Loading certificate(s) from 'http://ssp-aia.symauth.com/STNSSP/Certs_issued_to_Class3SSPCA-G3.p7c'.
11:41:21.626 [main] DEBUG eu.europa.esig.dss.spi.x509.aia.DefaultAIASource - Base64 content : MIIGqgYJKoZIhvcNAQcCoIIGmzCCBpcCAQExADALBgkqhkiG9w0BBwGgggZ/MIIGezCCBWOgAwIBAgIUTQ/4rJckt6fN6sXPaCpaTD3VnfEwDQYJKoZIhvcNAQELBQAwVzELMAkGA1UEBhMCVVMxGDAWBgNVBAoTD1UuUy4gR292ZXJubWVudDENMAsGA1UECxMERlBLSTEfMB0GA1UEAxMWRmVkZXJhbCBCcmlkZ2UgQ0EgMjAxNjAeFw0xNzEwMjUxNDA3NDFaFw0yMDEwMjUxNDA1NDBaMIGBMQswCQYDVQQGEwJVUzEdMBsGA1UEChMUU3ltYW50ZWMgQ29ycG9yYXRpb24xHzAdBgNVBAsTFlN5bWFudGVjIFRydXN0IE5ldHdvcmsxMjAwBgNVBAMTKVN5bWFudGVjIENsYXNzIDMgU1NQIEludGVybWVkaWF0ZSBDQSAtIEczMIIBIjANBgkqhkiG9w0BAQEFAAOCAQ8AMIIBCgKCAQEAvanvlwynHzqxLZofiv7Sjyv6b8pOs+uSdY/RED0qnqx7ADOQ1rsFXCDSM6HJqaK/WI8KezXS6ygf3efFhtctYXni84tF1hT/ncoQ82aCSPaKkxpMu5pF4GCE2JuKRZKcCbJLxEi1oMyzy10XaCgo8jjFaJqY3Cp73ZUL6mJza2rQ29rdjiS8wMmO3KN7e525O0ujKhpoeStfuLuATrumycwqPVMdS2t7UlXWiGX36g67Ki3ind5LFWWsxaKLBvXVueQJqR5w7P+Y/YMcwaDqln8F4n5OFotTKUBcQIBEiodz1TBE8oL0F8toJfh50ih5iIGWhGzgp2ot2D8j15PAqQIDAQABo4IDEjCCAw4wDwYDVR0TAQH/BAUwAwEB/zCBiAYDVR0gBIGAMH4wDAYKYIZIAWUDAgEDAzAMBgpghkgBZQMCAQMMMAwGCmCGSAFlAwIBAxIwDAYKYIZIAWUDAgEDEzAMBgpghkgBZQMCAQMUMAwGCmCGSAFlAwIBAyYwDAYKYIZIAWUDAgEDJTAMBgpghkgBZQMCAQMOMAwGCmCGSAFlAwIBAw8wUwYIKwYBBQUHAQEERzBFMEMGCCsGAQUFBzAChjdodHRwOi8vaHR0cC5mcGtpLmdvdi9icmlkZ2UvY2FDZXJ0c0lzc3VlZFRvZmJjYTIwMTYucDdjMIIBEgYDVR0hBIIBCTCCAQUwGwYKYIZIAWUDAgEDAwYNYIZIAYb4RQEHFwMBBjAbBgpghkgBZQMCAQMMBg1ghkgBhvhFAQcXAwEHMBsGCmCGSAFlAwIBAw4GDWCGSAGG+EUBBxcDAQ4wGwYKYIZIAWUDAgEDDwYNYIZIAYb4RQEHFwMBDzAbBgpghkgBZQMCAQMSBg1ghkgBhvhFAQcXAwESMBsGCmCGSAFlAwIBAxMGDWCGSAGG+EUBBxcDAREwGwYKYIZIAWUDAgEDFAYNYIZIAYb4RQEHFwMBFDAbBgpghkgBZQMCAQMlBg1ghkgBhvhFAQcXAwEIMBsGCmCGSAFlAwIBAyYGDWCGSAGG+EUBBxcDASQwYAYIKwYBBQUHAQsEVDBSMFAGCCsGAQUFBzAFhkRodHRwOi8vc3NwLXNpYS5zeW1hdXRoLmNvbS9TVE5TU1AvQ2VydHNfSXNzdWVkX2J5X0NsYXNzM1NTUENBLUczLnA3YzAMBgNVHSQEBTADgQEAMAoGA1UdNgQDAgEAMA4GA1UdDwEB/wQEAwIBBjAfBgNVHSMEGDAWgBQjsLN9FlTUAlZ26zq+qWsvQ3soFjA5BgNVHR8EMjAwMC6gLKAqhihodHRwOi8vaHR0cC5mcGtpLmdvdi9icmlkZ2UvZmJjYTIwMTYuY3JsMB0GA1UdDgQWBBQ1Jn1QleGhwb0F1cOdd0LHDBOWjDANBgkqhkiG9w0BAQsFAAOCAQEAcM7Oza5mG6L7zMKFt4zjBo3dofjXZut/KOYBuEmQoss3NSA5Z0xzEIJyvHY6y10TfCInnzpSlqir1r2NjiJ/HYpdnziDZ1EziLkjXb6cGwOMSCSQftYtrJLF1LptGElbvdh/MhEza9M1PABsQ/yh2zkY5hZF/gHb76+/kk3Kn4l3XNoD17OnkPmxgZ3k7SIkxgci9z06r+ZEfJVbDkFL2GgRCNBjngG1et92LtqxmxrFoYCpPMmqgJB4tqlRDc3+lVIBU2L7wTYyG5UURuJcHyEOagZGjsZPil5hRCoGtluL12HAB4FJUH6wDK7/cTEkpldN2B5iG+2dvLNv1ux6lzEA
11:41:21.641 [main] DEBUG eu.europa.esig.dss.spi.x509.aia.DefaultAIASource - 1 certificate(s) loaded from 'http://ssp-aia.symauth.com/STNSSP/Certs_issued_to_Class3SSPCA-G3.p7c'
11:41:21.642 [main] WARN eu.europa.esig.dss.spi.x509.TokenIssuerSelector - No issuer found for the token creation date. The process continues with an issuer which has the same public key.
11:41:21.651 [main] INFO eu.europa.esig.dss.validation.AIACertificateSource - Retrieving C-DB5A5B0E5E0DE91D1E091FB44B32E66B9BFB0FCA03F7011BD16A479A8654566F certificate's issuer using AIA.
11:41:21.651 [main] DEBUG eu.europa.esig.dss.spi.x509.aia.DefaultAIASource - Loading certificate(s) from 'http://http.fpki.gov/bridge/caCertsIssuedTofbca2016.p7c'.
11:41:21.652 [main] DEBUG eu.europa.esig.dss.spi.x509.aia.DefaultAIASource - Base64 content : MIJdlgYJKoZIhvcNAQcCoIJdhzCCXYMCAQExADALBgkqhkiG9w0BBwGggl1pMIIGZTCCBU2gAwIBAgICP0IwDQYJKoZIhvcNAQELBQAwWTELMAkGA1UEBhMCVVMxGDAWBgNVBAoTD1UuUy4gR292ZXJubWVudDENMAsGA1UECxMERlBLSTEhMB8GA1UEAxMYRmVkZXJhbCBDb21tb24gUG9saWN5IENBMB4XDTE2MTEwODE4MjAzOFoXDTE5MTEwODE4MjAzOFowVzELMAkGA1UEBhMCVVMxGDAWBgNVBAoTD1UuUy4gR292ZXJubWVudDENMAsGA1UECxMERlBLSTEfMB0GA1UEAxMWRmVkZXJhbCBCcmlkZ2UgQ0EgMjAxNjCCASIwDQYJKoZIhvcNAQEBBQADggEPADCCAQoCggEBAL6dNXlvJbX0kINuE79TUMrNHJbUHGuB8oqbD0an37fv/+1EWc6Hlm9fV7H+M6tHx4WXdzyKDhTNL3lqJxTSeFulpUs4Orjf9osL2lMRI1mfqWIykPQaTwWDPj3NmxV7kNiLoc3MuMBDn82ni74jQX0pM99ZfUDA49pzw69Dv5ZYSsKDsiriIX6Tl2r5FWmMfgxokTrwtyyBWgq9koa5hJmSmASf1MSJwpHhIVJIft0An4/5LT7y6F4KVMxPgkgvDAJeB7Yy5JMpN8xWdyF2ZhqZ8gsT4sP5O+CYHJw/9SPIhi+Py+m/XxriaDIHvbu2N4neuHD9yMmDRCsYvoZ3EjkCAwEAAaOCAzcwggMzMA8GA1UdEwEB/wQFMAMBAf8wggFBBgNVHSAEggE4MIIBNDAMBgpghkgBZQMCAQMGMAwGCmCGSAFlAwIBAwcwDAYKYIZIAWUDAgEDCDAMBgpghkgBZQMCAQMNMAwGCmCGSAFlAwIBAxAwDAYKYIZIAWUDAgEDATAMBgpghkgBZQMCAQMCMAwGCmCGSAFlAwIBAw4wDAYKYIZIAWUDAgEDDzAMBgpghkgBZQMCAQMRMAwGCmCGSAFlAwIBAxIwDAYKYIZIAWUDAgEDEzAMBgpghkgBZQMCAQMUMAwGCmCGSAFlAwIBAyQwDAYKYIZIAWUDAgEDAzAMBgpghkgBZQMCAQMEMAwGCmCGSAFlAwIBAwwwDAYKYIZIAWUDAgEDJTAMBgpghkgBZQMCAQMmMAwGCmCGSAFlAwIBAycwDAYKYIZIAWUDAgEDKDAMBgpghkgBZQMCAQMpME8GCCsGAQUFBwEBBEMwQTA/BggrBgEFBQcwAoYzaHR0cDovL2h0dHAuZnBraS5nb3YvZmNwY2EvY2FDZXJ0c0lzc3VlZFRvZmNwY2EucDdjMIGNBgNVHSEEgYUwgYIwGAYKYIZIAWUDAgEDBgYKYIZIAWUDAgEDAzAYBgpghkgBZQMCAQMQBgpghkgBZQMCAQMEMBgGCmCGSAFlAwIBAwcGCmCGSAFlAwIBAwwwGAYKYIZIAWUDAgEDCAYKYIZIAWUDAgEDJTAYBgpghkgBZQMCAQMkBgpghkgBZQMCAQMmMFMGCCsGAQUFBwELBEcwRTBDBggrBgEFBQcwBYY3aHR0cDovL2h0dHAuZnBraS5nb3YvYnJpZGdlL2NhQ2VydHNJc3N1ZWRCeWZiY2EyMDE2LnA3YzAPBgNVHSQBAf8EBTADgQECMA0GA1UdNgEB/wQDAgEAMA4GA1UdDwEB/wQEAwIBBjAfBgNVHSMEGDAWgBStDHp1XOXzmMR5mA6sKP2X9OcC/DA1BgNVHR8ELjAsMCqgKKAmhiRodHRwOi8vaHR0cC5mcGtpLmdvdi9mY3BjYS9mY3BjYS5jcmwwHQYDVR0OBBYEFCOws30WVNQCVnbrOr6pay9DeygWMA0GCSqGSIb3DQEBCwUAA4IBAQAjrfFl52VqvOzz8u/PatFCjkJBDa33wUeVL7w0zu7+l6TsMJSZbPsPZX7upYAQKf2pSWj1stdbvpe7QLlxGP2bjG+ZXCXiBJUV2+KJHR1hFQx1NpzKfXi/sqloLrUBgaOHEgNKSX4YnJooj33VaEyfhEik7y/fXJePHo6Z/oYJLJxV6cagHmrwkDMHx8ujvdyBDzoua29BIOH0RvfZBD5wT8Umrng+2iiDcoTT/igrs3MdEiqB7g3cTqFrJJ36M0ZHWowOrmn2HlLI+X3ilC+6WoB5DrdbYgJWuTHGuG33shQwr3iK57jTcgqxEJyAtx726j0I+KW6WL+r9v7aykNoMIIGEjCCBPqgAwIBAgIQE4bT1zbS7klKtFX0xD0fEzANBgkqhkiG9w0BAQsFADBPMQswCQYDVQQGEwJVUzESMBAGA1UEChMJVFNDUCBJbmMuMQwwCgYDVQQLEwNDQXMxHjAcBgNVBAMTFVRTQ1AgU0hBMjU2IEJyaWRnZSBDQTAeFw0xNzA1MTYwMDAwMDBaFw0yMDA1MTUyMzU5NTlaMFcxCzAJBgNVBAYTAlVTMRgwFgYDVQQKEw9VLlMuIEdvdmVybm1lbnQxDTALBgNVBAsTBEZQS0kxHzAdBgNVBAMTFkZlZGVyYWwgQnJpZGdlIENBIDIwMTYwggEiMA0GCSqGSIb3DQEBAQUAA4IBDwAwggEKAoIBAQC+nTV5byW19JCDbhO/U1DKzRyW1BxrgfKKmw9Gp9+37//tRFnOh5ZvX1ex/jOrR8eFl3c8ig4UzS95aicU0nhbpaVLODq43/aLC9pTESNZn6liMpD0Gk8Fgz49zZsVe5DYi6HNzLjAQ5/Np4u+I0F9KTPfWX1AwOPac8OvQ7+WWErCg7Iq4iF+k5dq+RVpjH4MaJE68LcsgVoKvZKGuYSZkpgEn9TEicKR4SFSSH7dAJ+P+S0+8uheClTMT4JILwwCXge2MuSTKTfMVnchdmYamfILE+LD+TvgmBycP/UjyIYvj8vpv18a4mgyB727tjeJ3rhw/cjJg0QrGL6GdxI5AgMBAAGjggLgMIIC3DAdBgNVHQ4EFgQUI7CzfRZU1AJWdus6vqlrL0N7KBYwDwYDVR0TAQH/BAUwAwEB/zB5BgNVHSAEcjBwMA4GDCsGAQQBgqlTAQEBATAOBgwrBgEEAYKpUwEBAQIwDgYMKwYBBAGCqVMBAQEDMA4GDCsGAQQBgqlTAQEBBDAOBgwrBgEEAYKpUwEBAQUwDgYMKwYBBAGCqVMBAQEGMA4GDCsGAQQBgqlTAQEBBzA+BgNVHR8ENzA1MDOgMaAvhi1odHRwOi8vdHNjcC1jcmwuc3ltYXV0aC5jb20vdHNjcGJjYXNoYTI1Ni5jcmwwDgYDVR0PAQH/BAQDAgEGMIIBBwYDVR0hBIH/MIH8MBoGDCsGAQQBgqlTAQEBAQYKYIZIAWUDAgEDAzAaBgwrBgEEAYKpUwEBAQEGCmCGSAFlAwIBAyUwGgYMKwYBBAGCqVMBAQEDBgpghkgBZQMCAQMOMBoGDCsGAQQBgqlTAQEBAgYKYIZIAWUDAgEDDDAaBgwrBgEEAYKpUwEBAQQGCmCGSAFlAwIBAw8wGgYMKwYBBAGCqVMBAQECBgpghkgBZQMCAQMmMBoGDCsGAQQBgqlTAQEBBQYKYIZIAWUDAgEDEjAaBgwrBgEEAYKpUwEBAQYGCmCGSAFlAwIBAxMwGgYMKwYBBAGCqVMBAQEHBgpghkgBZQMCAQMUMFMGCCsGAQUFBwELBEcwRTBDBggrBgEFBQcwBYY3aHR0cDovL2h0dHAuZnBraS5nb3YvYnJpZGdlL2NhQ2VydHNJc3N1ZWRCeWZiY2EyMDE2LnA3YzAKBgNVHTYEAwIBADBSBggrBgEFBQcBAQRGMEQwQgYIKwYBBQUHMAKGNmh0dHA6Ly90c2NwLWFpYS5zeW1hdXRoLmNvbS9Jc3N1ZWRUby10c2NwYmNhc2hhMjU2LnA3YzAfBgNVHSMEGDAWgBS4UWJmMEW+5QxXHCNofuZP9ws+9zANBgkqhkiG9w0BAQsFAAOCAQEAYzS0bRtIN6Laa1TUIgztPk31d9EGcCqUn49fgGzE0Gl3LPFDbpqig+ska8aEGKeOGh9lHv8uhHUT/VIhIZrE38ZC8EbUNjtdzmisKxfMVOnm6UQV6w3OJNWzYCp1IrDf3/ZMUi/IhVVL9mjeTyhqA5XSZDs9rHnpz88miZFmfzg/uAF04mZZ8Qaax4Ui+xcq2BjdhnTE7cDsNH39XFLQ4MpcPmuXgpmGS4qxBkAyJ3pJxG4JddDd1kpsP+1bjAmNw2cokZEvPESsQdoNjHdtU/ZEFZBEWZ1TIsCj9NvtCeLXY20DhxYYpZ//nytR5vmO486sA1x19G5NZgoUGqEQMDCCCAUwggbtoAMCAQICBEDYryYwDQYJKoZIhvcNAQELBQAwgYIxCzAJBgNVBAYTAlVTMRgwFgYDVQQKDA9VLlMuIEdvdmVybm1lbnQxIzAhBgNVBAsMGkdvdmVybm1lbnQgUHJpbnRpbmcgT2ZmaWNlMSIwIAYDVQQLDBlDZXJ0aWZpY2F0aW9uIEF1dGhvcml0aWVzMRAwDgYDVQQLDAdHUE8gUENBMB4XDTE3MDgwNDE5MjgyN1oXDTIwMDgwNDE5NTgyN1owVzELMAkGA1UEBhMCVVMxGDAWBgNVBAoTD1UuUy4gR292ZXJubWVudDENMAsGA1UECxMERlBLSTEfMB0GA1UEAxMWRmVkZXJhbCBCcmlkZ2UgQ0EgMjAxNjCCASIwDQYJKoZIhvcNAQEBBQADggEPADCCAQoCggEBAL6dNXlvJbX0kINuE79TUMrNHJbUHGuB8oqbD0an37fv/+1EWc6Hlm9fV7H+M6tHx4WXdzyKDhTNL3lqJxTSeFulpUs4Orjf9osL2lMRI1mfqWIykPQaTwWDPj3NmxV7kNiLoc3MuMBDn82ni74jQX0pM99ZfUDA49pzw69Dv5ZYSsKDsiriIX6Tl2r5FWmMfgxokTrwtyyBWgq9koa5hJmSmASf1MSJwpHhIVJIft0An4/5LT7y6F4KVMxPgkgvDAJeB7Yy5JMpN8xWdyF2ZhqZ8gsT4sP5O+CYHJw/9SPIhi+Py+m/XxriaDIHvbu2N4neuHD9yMmDRCsYvoZ3EjkCAwEAAaOCBKswggSnMA4GA1UdDwEB/wQEAwIBBjBPBgNVHSAESDBGMAwGCmCGSAFlAwIBEQEwDAYKYIZIAWUDAgERAjAMBgpghkgBZQMCAREDMAwGCmCGSAFlAwIBEQQwDAYKYIZIAWUDAgERBTAPBgNVHRMBAf8EBTADAQH/MFMGCCsGAQUFBwELBEcwRTBDBggrBgEFBQcwBYY3aHR0cDovL2h0dHAuZnBraS5nb3YvYnJpZGdlL2NhQ2VydHNJc3N1ZWRCeWZiY2EyMDE2LnA3YzCCAUgGCCsGAQUFBwEBBIIBOjCCATYwgcEGCCsGAQUFBzAChoG0bGRhcDovL2RpcmVjdG9yeS5vaXMuZ3BvLmdvdi9vdT1HUE8lMjBQQ0Esb3U9Q2VydGlmaWNhdGlvbiUyMEF1dGhvcml0aWVzLG91PUdvdmVybm1lbnQlMjBQcmludGluZyUyMG9mZmljZSxvPVUuUy4lMjBHb3Zlcm5tZW50LGM9VVM/Y0FDZXJ0aWZpY2F0ZTtiaW5hcnksY3Jvc3NDZXJ0aWZpY2F0ZVBhaXI7YmluYXJ5MEsGCCsGAQUFBzAChj9odHRwOi8vd3d3Lmdwby1mYmNhLWNybHMub2lzLmdwby5nb3YvR1BPLVBDQS1DQUNlcnRpZmljYXRlcy5wN2MwIwYIKwYBBQUHMAGGF2h0dHA6Ly93d3cub2NzcC5ncG8uZ292MFcGA1UdIQRQME4wGAYKYIZIAWUDAgERAQYKYIZIAWUDAgEDAzAYBgpghkgBZQMCARECBgpghkgBZQMCAQMMMBgGCmCGSAFlAwIBEQMGCmCGSAFlAwIBAyUwYAYDVR0eAQH/BFYwVKFSMFCkTjBMMQswCQYDVQQGEwJVUzEYMBYGA1UECgwPVS5TLiBHb3Zlcm5tZW50MSMwIQYDVQQLDBpHb3Zlcm5tZW50IFByaW50aW5nIE9mZmljZTAdBgNVHQ4EFgQUI7CzfRZU1AJWdus6vqlrL0N7KBYwggGVBgNVHR8EggGMMIIBiDCCAYSgggGAoIIBfIaBqmxkYXA6Ly9kaXJlY3Rvcnkub2lzLmdwby5nb3YvY249Q1JMNCxvdT1HUE8lMjBQQ0Esb3U9Q2VydGlmaWNhdGlvbiUyMEF1dGhvcml0aWVzLG91PUdvdmVybm1lbnQlMjBQcmludGluZyUyME9mZmljZSxvPVUuUy4lMjBHb3Zlcm5tZW50LGM9VVM/YXV0aG9yaXR5UmV2b2NhdGlvbkxpc3Q7YmluYXJ5hjZodHRwOi8vd3d3Lmdwby1mYmNhLWNybHMub2lzLmdwby5nb3YvR1BPLVBDQS1DUkxhNC5jcmykgZQwgZExCzAJBgNVBAYTAlVTMRgwFgYDVQQKDA9VLlMuIEdvdmVybm1lbnQxIzAhBgNVBAsMGkdvdmVybm1lbnQgUHJpbnRpbmcgT2ZmaWNlMSIwIAYDVQQLDBlDZXJ0aWZpY2F0aW9uIEF1dGhvcml0aWVzMRAwDgYDVQQLDAdHUE8gUENBMQ0wCwYDVQQDDARDUkw0MB8GA1UdIwQYMBaAFCJxeCG1hG2zAeMSdEFOTUUH6VL/MA0GCSqGSIb3DQEBCwUAA4IBAQBMv2u67cgKbDr219ZNlD51A1U2lfC2H6qNehcQ8LtYFXElhOIGRYQAe1N+2KLgSMz6BUIshMUwGz/snhkGOI0JZbIz90WRlh2RvwkIYWJChj7dOdy/5fKlnQrEZW7Qk9nMGvsdjT9vKYvSffvjIw+it6lCCORjGkDWUtPMonykrVc0pnQ+ajeV9tzok1dgF9u4QKeyhCOr7va5anUG20JFP5yWvjulv3yW1BsM9ZQ3YBARW9pN416RO3cdIeAEi2D1NHRPq9t2xjQKMZC7QGoh1B5/K8Q7AN+FGi3neGwxBoZLHeJLyiMBMActOrfpLcSdvPexR/xTmguP6DHhjNcwMIIG2TCCBcGgAwIBAgIETCfZ6TANBgkqhkiG9w0BAQsFADCBnDETMBEGCgmSJomT8ixkARkWA2dvdjEVMBMGCgmSJomT8ixkARkWBXVzcHRvMRYwFAYDVQQDEw1Db25maWd1cmF0aW9uMREwDwYDVQQDEwhTZXJ2aWNlczEcMBoGA1UEAxMTUHVibGljIEtleSBTZXJ2aWNlczEMMAoGA1UEAxMDQUlBMRcwFQYDVQQDFA5VU1BUT19JTlRSX0NBMTAeFw0xNjEyMTkxNDUyMjVaFw0xOTEyMTkxNTIyMjVaMFcxCzAJBgNVBAYTAlVTMRgwFgYDVQQKEw9VLlMuIEdvdmVybm1lbnQxDTALBgNVBAsTBEZQS0kxHzAdBgNVBAMTFkZlZGVyYWwgQnJpZGdlIENBIDIwMTYwggEiMA0GCSqGSIb3DQEBAQUAA4IBDwAwggEKAoIBAQC+nTV5byW19JCDbhO/U1DKzRyW1BxrgfKKmw9Gp9+37//tRFnOh5ZvX1ex/jOrR8eFl3c8ig4UzS95aicU0nhbpaVLODq43/aLC9pTESNZn6liMpD0Gk8Fgz49zZsVe5DYi6HNzLjAQ5/Np4u+I0F9KTPfWX1AwOPac8OvQ7+WWErCg7Iq4iF+k5dq+RVpjH4MaJE68LcsgVoKvZKGuYSZkpgEn9TEicKR4SFSSH7dAJ+P+S0+8uheClTMT4JILwwCXge2MuSTKTfMVnchdmYamfILE+LD+TvgmBycP/UjyIYvj8vpv18a4mgyB727tjeJ3rhw/cjJg0QrGL6GdxI5AgMBAAGjggNlMIIDYTAPBgNVHRMBAf8EBTADAQH/MA4GA1UdDwEB/wQEAwIBBjBdBgNVHSAEVjBUMAwGCmCGSAFlAwIBAgcwDAYKYIZIAWUDAgECCDAMBgpghkgBZQMCAQIJMAwGCmCGSAFlAwIBAgowDAYKYIZIAWUDAgECCzAMBgpghkgBZQMCAQIMMIGNBgNVHSEEgYUwgYIwGAYKYIZIAWUDAgECBwYKYIZIAWUDAgEDAjAYBgpghkgBZQMCAQIIBgpghkgBZQMCAQMDMBgGCmCGSAFlAwIBAgkGCmCGSAFlAwIBAwwwGAYKYIZIAWUDAgECCwYKYIZIAWUDAgEDJTAYBgpghkgBZQMCAQIMBgpghkgBZQMCAQMmMEAGA1UdHgEB/wQ2MDShMjAwpC4wLDETMBEGCgmSJomT8ixkARkWA2dvdjEVMBMGCgmSJomT8ixkARkWBXVzcHRvMHgGCCsGAQUFBwEBBGwwajAhBggrBgEFBQcwAYYVaHR0cDovL29jc3AudXNwdG8uZ292MEUGCCsGAQUFBzAChjlodHRwOi8vaXBraS51c3B0by5nb3YvSVBLSS9DZXJ0cy9DQWNlcnRzSXNzdWVkVG9VU1BUTy5wN2MwUwYIKwYBBQUHAQsERzBFMEMGCCsGAQUFBzAFhjdodHRwOi8vaHR0cC5mcGtpLmdvdi9icmlkZ2UvY2FDZXJ0c0lzc3VlZEJ5ZmJjYTIwMTYucDdjMB0GA1UdDgQWBBQjsLN9FlTUAlZ26zq+qWsvQ3soFjCB/QYDVR0fBIH1MIHyMDagNKAyhjBodHRwOi8vaXBraS51c3B0by5nb3YvSVBLSS9DUkxzL0NvbWJpbmVkQ1JMMi5jcmwwgbeggbSggbGkga4wgasxEzARBgoJkiaJk/IsZAEZFgNnb3YxFTATBgoJkiaJk/IsZAEZFgV1c3B0bzEWMBQGA1UEAxMNQ29uZmlndXJhdGlvbjERMA8GA1UEAxMIU2VydmljZXMxHDAaBgNVBAMTE1B1YmxpYyBLZXkgU2VydmljZXMxDDAKBgNVBAMTA0FJQTEXMBUGA1UEAxQOVVNQVE9fSU5UUl9DQTExDTALBgNVBAMTBENSTDEwHwYDVR0jBBgwFoAU3z85261gZVBfM5GaR6aOQU61T9swDQYJKoZIhvcNAQELBQADggEBAFTceSqE/3EwaXurZUuPQ33rsCQGWetLs66iqT0rFaYYZy5OamQJt0qNh7CdIUIFtQ0vdwFsLf/5Mf9q+mSnfAgQ561Re1hf/dl829ag9xvxxU82DShyhUeO+CS5aYmNYEX9rUSXpxw5MUfRL6Kq5ATmCxYi3/qU/DwD4SdPHMpFs3N+xIW7xj0WiQhyg2vX0QfElfTS4EGWLdlVG4Lx8L98R/gH85j12uDcM13RghudZhlWQWDNF+nAdHOV0/j4FbyuaXm+cykK49YiiwGKYiGc1ca1OFSomiDIzGSGy4qkmmkArnrjMOKHqb0M65OWoQIi9M6jGkOZnVGQtb1onfEwggY1MIIFHaADAgECAgIEJTANBgkqhkiG9w0BAQsFADBsMQswCQYDVQQGEwJVUzEYMBYGA1UEChMPVS5TLiBHb3Zlcm5tZW50MQwwCgYDVQQLEwNEb0QxDDAKBgNVBAsTA1BLSTEnMCUGA1UEAxMeRG9EIEludGVyb3BlcmFiaWxpdHkgUm9vdCBDQSAyMB4XDTE3MDUwOTEzMTQxNVoXDTIwMDUwOTEzMTQxNVowVzELMAkGA1UEBhMCVVMxGDAWBgNVBAoTD1UuUy4gR292ZXJubWVudDENMAsGA1UECxMERlBLSTEfMB0GA1UEAxMWRmVkZXJhbCBCcmlkZ2UgQ0EgMjAxNjCCASIwDQYJKoZIhvcNAQEBBQADggEPADCCAQoCggEBAL6dNXlvJbX0kINuE79TUMrNHJbUHGuB8oqbD0an37fv/+1EWc6Hlm9fV7H+M6tHx4WXdzyKDhTNL3lqJxTSeFulpUs4Orjf9osL2lMRI1mfqWIykPQaTwWDPj3NmxV7kNiLoc3MuMBDn82ni74jQX0pM99ZfUDA49pzw69Dv5ZYSsKDsiriIX6Tl2r5FWmMfgxokTrwtyyBWgq9koa5hJmSmASf1MSJwpHhIVJIft0An4/5LT7y6F4KVMxPgkgvDAJeB7Yy5JMpN8xWdyF2ZhqZ8gsT4sP5O+CYHJw/9SPIhi+Py+m/XxriaDIHvbu2N4neuHD9yMmDRCsYvoZ3EjkCAwEAAaOCAvQwggLwMB8GA1UdIwQYMBaAFP/4rhOLkit5kkGjdlwsgZ6axZx4MB0GA1UdDgQWBBQjsLN9FlTUAlZ26zq+qWsvQ3soFjAOBgNVHQ8BAf8EBAMCAQYwdwYDVR0gBHAwbjALBglghkgBZQIBCyQwCwYJYIZIAWUCAQsqMAwGCmCGSAFlAwIBAw0wDAYKYIZIAWUDAgEDETAMBgpghkgBZQMCAQMSMAwGCmCGSAFlAwIBAxMwDAYKYIZIAWUDAgEDFDAMBgpghkgBZQMCAQMnMFQGA1UdIQRNMEswFwYJYIZIAWUCAQskBgpghkgBZQMCAQMmMBcGCWCGSAFlAgELKgYKYIZIAWUDAgEDDDAXBglghkgBZQIBCyoGCmCGSAFlAwIBAwQwDwYDVR0TAQH/BAUwAwEB/zCBhAYDVR0eAQH/BHoweKF2MDmkNzA1MQswCQYDVQQGEwJVUzEYMBYGA1UEChMPVS5TLiBHb3Zlcm5tZW50MQwwCgYDVQQLEwNEb0QwOaQ3MDUxCzAJBgNVBAYTAlVTMRgwFgYDVQQKEw9VLlMuIEdvdmVybm1lbnQxDDAKBgNVBAsTA0VDQTAPBgNVHSQBAf8EBTADgAEAMEcGA1UdHwRAMD4wPKA6oDiGNmh0dHA6Ly9jcmwuZGlzYS5taWwvY3JsL0RPRElOVEVST1BFUkFCSUxJVFlST09UQ0EyLmNybDB8BggrBgEFBQcBAQRwMG4wSgYIKwYBBQUHMAKGPmh0dHA6Ly9jcmwuZGlzYS5taWwvaXNzdWVkdG8vRE9ESU5URVJPUEVSQUJJTElUWVJPT1RDQTJfSVQucDdjMCAGCCsGAQUFBzABhhRodHRwOi8vb2NzcC5kaXNhLm1pbDBTBggrBgEFBQcBCwRHMEUwQwYIKwYBBQUHMAWGN2h0dHA6Ly9odHRwLmZwa2kuZ292L2JyaWRnZS9jYUNlcnRzSXNzdWVkQnlmYmNhMjAxNi5wN2MwCgYDVR02BAMCAQAwDQYJKoZIhvcNAQELBQADggEBALcCpORhZkBY5Wq/eNICQLjGUypuFiZG4bR1ukiU67XsTIWwPm9wJq8QLZ6jSvCkqxTne8J/AUv5XVIYDs2bHVyFDSRUUWAfyHAs/1VdxJPRenmi6nyFQHJ6Evj61eMlREFrWiBItvhZg+1Ue9f1lwsk2JkgVngFZYcPq807hwDXKV5ncd95MkbpyodidVIPJhzKGg4zE9osMh1u/BH0GRtbrL2bJrxq871jc4vzZudry9ibrqnQcamuCsNr6vsLKbFA7gztTZkI3FV5UJAm++Px1lNrGscFFd8pM2JV+bDbEq2poK2ix3/e+VNckPXwgH+Yon3nY1V2yzNJ5IbBy+kwggdZMIIGQaADAgECAgIVcDANBgkqhkiG9w0BAQsFADBbMQswCQYDVQQGEwJVUzETMBEGA1UEChMKQ3liZXJ0cnVzdDERMA8GA1UECxMIU2VydmljZXMxDDAKBgNVBAsTA1BLSTEWMBQGA1UEAxMNQ1QtQ1NTUC1DQS1BMTAeFw0xNzA1MjYxODQxNTFaFw0yMDA1MjYxODM3MDFaMFcxCzAJBgNVBAYTAlVTMRgwFgYDVQQKEw9VLlMuIEdvdmVybm1lbnQxDTALBgNVBAsTBEZQS0kxHzAdBgNVBAMTFkZlZGVyYWwgQnJpZGdlIENBIDIwMTYwggEiMA0GCSqGSIb3DQEBAQUAA4IBDwAwggEKAoIBAQC+nTV5byW19JCDbhO/U1DKzRyW1BxrgfKKmw9Gp9+37//tRFnOh5ZvX1ex/jOrR8eFl3c8ig4UzS95aicU0nhbpaVLODq43/aLC9pTESNZn6liMpD0Gk8Fgz49zZsVe5DYi6HNzLjAQ5/Np4u+I0F9KTPfWX1AwOPac8OvQ7+WWErCg7Iq4iF+k5dq+RVpjH4MaJE68LcsgVoKvZKGuYSZkpgEn9TEicKR4SFSSH7dAJ+P+S0+8uheClTMT4JILwwCXge2MuSTKTfMVnchdmYamfILE+LD+TvgmBycP/UjyIYvj8vpv18a4mgyB727tjeJ3rhw/cjJg0QrGL6GdxI5AgMBAAGjggQpMIIEJTAPBgNVHRMBAf8EBTADAQH/MIHOBgNVHSAEgcYwgcMwDQYLKwYBBAGBtikBAQEwDQYLKwYBBAGBtikBAQIwDQYLKwYBBAGBtikBAQMwDQYLKwYBBAGBtikBAQQwDQYLKwYBBAGBtikBAQUwDQYLKwYBBAGBtikBAQYwDQYLKwYBBAGBtikBAQcwDQYLKwYBBAGBtikBAQgwDQYLKwYBBAGBtikBAQkwDQYLKwYBBAGBtikBAQowDQYLKwYBBAGBtikBAQswDQYLKwYBBAGBtikBAQwwDQYLKwYBBAGBtikBAQ0wggFsBgNVHSEEggFjMIIBXzAZBgsrBgEEAYG2KQEBBQYKYIZIAWUDAgEDAjAZBgsrBgEEAYG2KQEBAQYKYIZIAWUDAgEDDjAZBgsrBgEEAYG2KQEBBwYKYIZIAWUDAgEDAzAZBgsrBgEEAYG2KQEBAwYKYIZIAWUDAgEDJTAZBgsrBgEEAYG2KQEBCQYKYIZIAWUDAgEDJTAZBgsrBgEEAYG2KQEBAgYKYIZIAWUDAgEDDzAZBgsrBgEEAYG2KQEBBAYKYIZIAWUDAgEDDzAZBgsrBgEEAYG2KQEBBgYKYIZIAWUDAgEDDzAZBgsrBgEEAYG2KQEBCgYKYIZIAWUDAgEDEjAZBgsrBgEEAYG2KQEBCAYKYIZIAWUDAgEDEjAZBgsrBgEEAYG2KQEBDAYKYIZIAWUDAgEDEzAZBgsrBgEEAYG2KQEBCwYKYIZIAWUDAgEDFDAZBgsrBgEEAYG2KQEBDQYKYIZIAWUDAgEDJjCBiAYIKwYBBQUHAQEEfDB6MD4GCCsGAQUFBzAChjJodHRwOi8vYWlhMS5jb20tc3Ryb25nLWlkLm5ldC9DQS9DVC1DU1NQLUNBLUExLnA3YzA4BggrBgEFBQcwAYYsaHR0cDovL29jc3AxLmNvbS1zdHJvbmctaWQubmV0L0NULUNTU1AtQ0EtQTEwUwYIKwYBBQUHAQsERzBFMEMGCCsGAQUFBzAFhjdodHRwOi8vaHR0cC5mcGtpLmdvdi9icmlkZ2UvY2FDZXJ0c0lzc3VlZEJ5ZmJjYTIwMTYucDdjMFsGA1UdHgEB/wRRME+hTTAmpCQwIjELMAkGA1UEBhMCVVMxEzARBgNVBAoTCkN5YmVydHJ1c3QwI6QhMB8xCzAJBgNVBAYTAlVTMRAwDgYDVQQKEwdWZXJpem9uMA4GA1UdDwEB/wQEAwIBBjAfBgNVHSMEGDAWgBR9Kn7Ok3UJlgmfc5/uQhR5AUsRZzBEBgNVHR8EPTA7MDmgN6A1hjNodHRwOi8vY2RwMS5jb20tc3Ryb25nLWlkLm5ldC9DRFAvQ1QtQ1NTUC1DQS1BMS5jcmwwHQYDVR0OBBYEFCOws30WVNQCVnbrOr6pay9DeygWMA0GCSqGSIb3DQEBCwUAA4IBAQBoTAKZsu6gtlqn45aWY8+Fji87slQHVFmP0AHsHk5yShz4WNm46FsvTrMApWpM7zc2BVOvUiBntLKZEn7eIsBiEh4vcos1A2GssMq36fxFjo1uths+gJbxBazycdIrpI83ERn1uKe85Ey6G8DaCzWJQ9pjz0I6lL5E7JA4BjUxP7fnGuzaIBcZrSA5ai/tJkCUmI4KT9AXny5IZZ2i5rWmectHvnieCbmIUGMkPpeouxMB45lofrCbUdGPguKbp8zGBYDdUaw+w+C81rzSv9sNVDVG+wX1nnzi7PN7gTBCnUD2AuXr28wqdmj8hr6fJpBlQl+PvoAMsA2vozQB9kTbMIIH/zCCBeegAwIBAgIBSTANBgkqhkiG9w0BAQsFADB6MQswCQYDVQQGEwJVUzEOMAwGA1UEChMFU1RSQUMxJzAlBgNVBAsTHlNUUkFDIFBLSSBUcnVzdCBJbmZyYXN0cnVjdHVyZTEyMDAGA1UEAxMpU1RSQUMgQnJpZGdlIFJvb3QgQ2VydGlmaWNhdGlvbiBBdXRob3JpdHkwHhcNMTcwNTEwMTk1MDUwWhcNMTkwMjIxMjAxNzAwWjBXMQswCQYDVQQGEwJVUzEYMBYGA1UEChMPVS5TLiBHb3Zlcm5tZW50MQ0wCwYDVQQLEwRGUEtJMR8wHQYDVQQDExZGZWRlcmFsIEJyaWRnZSBDQSAyMDE2MIIBIjANBgkqhkiG9w0BAQEFAAOCAQ8AMIIBCgKCAQEAvp01eW8ltfSQg24Tv1NQys0cltQca4HyipsPRqfft+//7URZzoeWb19Xsf4zq0fHhZd3PIoOFM0veWonFNJ4W6WlSzg6uN/2iwvaUxEjWZ+pYjKQ9BpPBYM+Pc2bFXuQ2Iuhzcy4wEOfzaeLviNBfSkz31l9QMDj2nPDr0O/llhKwoOyKuIhfpOXavkVaYx+DGiROvC3LIFaCr2ShrmEmZKYBJ/UxInCkeEhUkh+3QCfj/ktPvLoXgpUzE+CSC8MAl4HtjLkkyk3zFZ3IXZmGpnyCxPiw/k74JgcnD/1I8iGL4/L6b9fGuJoMge9u7Y3id64cP3IyYNEKxi+hncSOQIDAQABo4IDsTCCA60wHwYDVR0jBBgwFoAUqCFQZ0AKOrS3Z9eWqjOfVUevXT0wHQYDVR0OBBYEFCOws30WVNQCVnbrOr6pay9DeygWMA4GA1UdDwEB/wQEAwIBBjCBuwYDVR0gBIGzMIGwMA4GDCsGAQQBgrZtAgEFATAOBgwrBgEEAYK2bQIBBQIwDgYMKwYBBAGCtm0CAQUDMA4GDCsGAQQBgrZtAgEFBDAOBgwrBgEEAYK2bQIBBQUwDgYMKwYBBAGCtm0CAQUGMA4GDCsGAQQBgrZtAgEFBzAOBgwrBgEEAYK2bQIBBQgwDgYMKwYBBAGCtm0CAQUJMA4GDCsGAQQBgrZtAgEFCjAOBgwrBgEEAYK2bQIBBQswDwYDVR0TAQH/BAUwAwEB/zBGBgNVHR8EPzA9MDugOaA3hjVodHRwOi8vcGtpLnN0cmFjLm9yZy9icmlkZ2UvY3JsL1NUUkFDQnJpZGdlUm9vdENBLmNybDCBgwYIKwYBBQUHAQEEdzB1MEoGCCsGAQUFBzAChj5odHRwOi8vcGtpLnN0cmFjLm9yZy9icmlkZ2UvY2VydGlmaWNhdGVzL1NUUkFDQnJpZGdlUm9vdENBLnA3YzAnBggrBgEFBQcwAYYbaHR0cDovL2NlcnRzdGF0dXMuc3RyYWMub3JnMFMGCCsGAQUFBwELBEcwRTBDBggrBgEFBQcwBYY3aHR0cDovL2h0dHAuZnBraS5nb3YvYnJpZGdlL2NhQ2VydHNJc3N1ZWRCeWZiY2EyMDE2LnA3YzAYBgNVHRIEETAPgQ1wa2lAc3RyYWMub3JnMIIBQQYDVR0hBIIBODCCATQwGgYMKwYBBAGCtm0CAQUBBgpghkgBZQMCAQMBMBoGDCsGAQQBgrZtAgEFAgYKYIZIAWUDAgEDAjAaBgwrBgEEAYK2bQIBBQMGCmCGSAFlAwIBAwMwGgYMKwYBBAGCtm0CAQUEBgpghkgBZQMCAQMMMBoGDCsGAQQBgrZtAgEFBQYKYIZIAWUDAgEDDjAaBgwrBgEEAYK2bQIBBQYGCmCGSAFlAwIBAw8wGgYMKwYBBAGCtm0CAQUHBgpghkgBZQMCAQMSMBoGDCsGAQQBgrZtAgEFCAYKYIZIAWUDAgEDEzAaBgwrBgEEAYK2bQIBBQkGCmCGSAFlAwIBAxQwGgYMKwYBBAGCtm0CAQUKBgpghkgBZQMCAQMlMBoGDCsGAQQBgrZtAgEFCwYKYIZIAWUDAgEDJjAKBgNVHTYEAwIBADANBgkqhkiG9w0BAQsFAAOCAgEAPVDiRsO2EIYH000esvDa5EqPU5e0kggeaWtyPVB1x0pyKbopOcVejPiXxP6nJxV192meL1HDZpR1E7GzILrQ8KVCDyG7FIkNMD+RTwbQHEz5syB4QG+I5uFwyMInARiZG4Sc9nzVNP+iSfH9SIuKHrB36yeIo+ltIaehHCo+0lVNmw800DSd/mgpMeFNFbFrqFgbVNcyVZA96I2Z0SuVO8ve7hTzFF04UcZCB/CWcMGSec+16wfYIOwVVadecLKR9yyVQVCw1zjim638aNnn1z07/xoQ7HrEw7HtdLeHCp5i9t5TR4d9fTqbyNfzQKhKQUsot2RWDZQxabOgePcgDQ9tinrbcC0LbufvPlGH/g5NEJfsM8kXZQRy2wo2ijmg/prcIRyB0dd7AzU6pwE/ThM0Z5cHG+X/vzKYCURegVIy4QBFC4x4cJ8Q3I62ZKaJcgjD9yGs2m++Fu3KvfUFaxebHnrUFfRLw8708gHQgKDOItsbNn/bqxx5ULKyWLCUmL9EA3N3cnpjTGIb4ZzHkvxfHJ4ph8668RTUVInC4ooA5Omvd0yaISUge4mxZv5QmcQpNgpdVqLPRmNg/mqrkieMdVR30OSgIhXiLvbR19xhdGmtLqtjt4OSMs4BhcddUPEDwFWwFxxnEuFA8ahfLLkdHTR5Xuxii70Tic9Hw8owggrGMIIJrqADAgECAgRKqM59MA0GCSqGSIb3DQEBCwUAMHIxCzAJBgNVBAYTAlVTMRAwDgYDVQQKEwdFbnRydXN0MSIwIAYDVQQLExlDZXJ0aWZpY2F0aW9uIEF1dGhvcml0aWVzMS0wKwYDVQQLEyRFbnRydXN0IE1hbmFnZWQgU2VydmljZXMgTkZJIFJvb3QgQ0EwHhcNMTcxMTIxMDA0MzM3WhcNMjAxMTIxMDExMzM3WjBXMQswCQYDVQQGEwJVUzEYMBYGA1UEChMPVS5TLiBHb3Zlcm5tZW50MQ0wCwYDVQQLEwRGUEtJMR8wHQYDVQQDExZGZWRlcmFsIEJyaWRnZSBDQSAyMDE2MIIBIjANBgkqhkiG9w0BAQEFAAOCAQ8AMIIBCgKCAQEAvp01eW8ltfSQg24Tv1NQys0cltQca4HyipsPRqfft+//7URZzoeWb19Xsf4zq0fHhZd3PIoOFM0veWonFNJ4W6WlSzg6uN/2iwvaUxEjWZ+pYjKQ9BpPBYM+Pc2bFXuQ2Iuhzcy4wEOfzaeLviNBfSkz31l9QMDj2nPDr0O/llhKwoOyKuIhfpOXavkVaYx+DGiROvC3LIFaCr2ShrmEmZKYBJ/UxInCkeEhUkh+3QCfj/ktPvLoXgpUzE+CSC8MAl4HtjLkkyk3zFZ3IXZmGpnyCxPiw/k74JgcnD/1I8iGL4/L6b9fGuJoMge9u7Y3id64cP3IyYNEKxi+hncSOQIDAQABo4IHfTCCB3kwDgYDVR0PAQH/BAQDAgEGMIGkBgNVHSAEgZwwgZkwDwYNYIZIAYb6a4FIAwoHATAPBg1ghkgBhvprgUgDCgcCMA8GDWCGSAGG+muBSAMKBwMwDwYNYIZIAYb6a4FIAwoHBDAPBg1ghkgBhvprgUgDCgcFMA8GDWCGSAGG+muBSAMKBwYwDwYNYIZIAYb6a4FIAwoHBzAPBg1ghkgBhvprgUgDCgcIMA8GDWCGSAGG+muBSAMKBwkwDwYDVR0TAQH/BAUwAwEB/zCCAxwGA1UdIQSCAxMwggMPMBsGDWCGSAGG+muBSAMKBwgGCmCGSAFlAwIBAwEwGwYNYIZIAYb6a4FIAwoHCAYKYIZIAWUDAgEDAjAbBg1ghkgBhvprgUgDCgcIBgpghkgBZQMCAQMDMBsGDWCGSAGG+muBSAMKBwgGCmCGSAFlAwIBAwwwGwYNYIZIAYb6a4FIAwoHCAYKYIZIAWUDAgEDBDAbBg1ghkgBhvprgUgDCgcHBgpghkgBZQMCAQMCMBsGDWCGSAGG+muBSAMKBwcGCmCGSAFlAwIBAwMwGwYNYIZIAYb6a4FIAwoHBwYKYIZIAWUDAgEDDDAbBg1ghkgBhvprgUgDCgcHBgpghkgBZQMCAQMEMBsGDWCGSAGG+muBSAMKBwEGCmCGSAFlAwIBAwMwGwYNYIZIAYb6a4FIAwoHAQYKYIZIAWUDAgEDDDAbBg1ghkgBhvprgUgDCgcBBgpghkgBZQMCAQMEMBsGDWCGSAGG+muBSAMKBwMGCmCGSAFlAwIBAwMwGwYNYIZIAYb6a4FIAwoHAwYKYIZIAWUDAgEDDDAbBg1ghkgBhvprgUgDCgcDBgpghkgBZQMCAQMEMBsGDWCGSAGG+muBSAMKBwMGCmCGSAFlAwIBAwgwGwYNYIZIAYb6a4FIAwoHAgYKYIZIAWUDAgEDDDAbBg1ghkgBhvprgUgDCgcCBgpghkgBZQMCAQMEMBsGDWCGSAGG+muBSAMKBwQGCmCGSAFlAwIBAwwwGwYNYIZIAYb6a4FIAwoHBAYKYIZIAWUDAgEDBDAbBg1ghkgBhvprgUgDCgcIBgpghkgBZQMCAQMSMBsGDWCGSAGG+muBSAMKBwcGCmCGSAFlAwIBAxIwGwYNYIZIAYb6a4FIAwoHAQYKYIZIAWUDAgEDEjAbBg1ghkgBhvprgUgDCgcCBgpghkgBZQMCAQMSMBsGDWCGSAGG+muBSAMKBwUGCmCGSAFlAwIBAxMwGwYNYIZIAYb6a4FIAwoHBgYKYIZIAWUDAgEDEjAbBg1ghkgBhvprgUgDCgcJBgpghkgBZQMCAQMUMIIBWgYIKwYBBQUHAQEEggFMMIIBSDCBwwYIKwYBBQUHMAKGgbZsZGFwOi8vbmZpcm9vdGRpci5tYW5hZ2VkLmVudHJ1c3QuY29tL291PUVudHJ1c3QlMjBNYW5hZ2VkJTIwU2VydmljZXMlMjBORkklMjBSb290JTIwQ0Esb3U9Q2VydGlmaWNhdGlvbiUyMEF1dGhvcml0aWVzLG89RW50cnVzdCxjPVVTP2NBQ2VydGlmaWNhdGU7YmluYXJ5LGNyb3NzQ2VydGlmaWNhdGVQYWlyO2JpbmFyeTBQBggrBgEFBQcwAoZEaHR0cDovL25maXJvb3R3ZWIubWFuYWdlZC5lbnRydXN0LmNvbS9BSUEvQ2VydHNJc3N1ZWRUb05GSVJvb3RDQS5wN2MwLgYIKwYBBQUHMAGGImh0dHA6Ly9uZmlvY3NwLm1hbmFnZWQuZW50cnVzdC5jb20wUwYIKwYBBQUHAQsERzBFMEMGCCsGAQUFBzAFhjdodHRwOi8vaHR0cC5mcGtpLmdvdi9icmlkZ2UvY2FDZXJ0c0lzc3VlZEJ5ZmJjYTIwMTYucDdjMB0GA1UdDgQWBBQjsLN9FlTUAlZ26zq+qWsvQ3soFjCCAZoGA1UdHwSCAZEwggGNMIH6oIH3oIH0hjlodHRwOi8vbmZpcm9vdHdlYi5tYW5hZ2VkLmVudHJ1c3QuY29tL0NSTHMvTkZJUm9vdENBMi5jcmyGgbZsZGFwOi8vbmZpcm9vdGRpci5tYW5hZ2VkLmVudHJ1c3QuY29tL2NuPVdpbkNvbWJpbmVkMixvdT1FbnRydXN0JTIwTWFuYWdlZCUyMFNlcnZpY2VzJTIwTkZJJTIwUm9vdCUyMENBLG91PUNlcnRpZmljYXRpb24lMjBBdXRob3JpdGllcyxvPUVudHJ1c3QsYz1VUz9jZXJ0aWZpY2F0ZVJldm9jYXRpb25MaXN0O2JpbmFyeTCBjaCBiqCBh6SBhDCBgTELMAkGA1UEBhMCVVMxEDAOBgNVBAoTB0VudHJ1c3QxIjAgBgNVBAsTGUNlcnRpZmljYXRpb24gQXV0aG9yaXRpZXMxLTArBgNVBAsTJEVudHJ1c3QgTWFuYWdlZCBTZXJ2aWNlcyBORkkgUm9vdCBDQTENMAsGA1UEAxMEQ1JMMTAfBgNVHSMEGDAWgBT63yMBxKrsI+Otbw00pQ3POWRlXjANBgkqhkiG9w0BAQsFAAOCAQEAtlp/Dlxbw1CMVttC0yYDv0jSxITxmqMr4gZtr69bm+swzkoDTBNtyHxE/G08SQRFSSHzfhX0mvZ66TXzh33vAZcPd/kPY6UB35FDSE3JKFB5m8vFordYyowhQYRL0w9WWxe8mtJVjs+dUUtVTvUgMpCywTClaZl+lb4AxWo5YPygkWnmm25cLGxGfd0fgvbR6uThb6YLVsLUMteTvrKooSTrCCLC7eVljYcilBZQE83CGimy9rugYLfSVW3/6j3BWi5SYxtVd3byRyp9VCalFiUgHkZixe/TPRcpsV8IE8aSPpLJhauyuV6HbpevV5+tYHCGAvqyBz+QaHSn3KzemzCCCT0wgggloAMCAQICEFGxEjPPmTMmJOK4hJDbKRcwDQYJKoZIhvcNAQELBQAwbDELMAkGA1UEBhMCVVMxFjAUBgNVBAoTDUNlcnRpUGF0aCBMTEMxIjAgBgNVBAsTGUNlcnRpZmljYXRpb24gQXV0aG9yaXRpZXMxITAfBgNVBAMTGENlcnRpUGF0aCBCcmlkZ2UgQ0EgLSBHMjAeFw0xNzA0MjAwMDAwMDBaFw0xOTA0MzAyMzU5NTlaMFcxCzAJBgNVBAYTAlVTMRgwFgYDVQQKEw9VLlMuIEdvdmVybm1lbnQxDTALBgNVBAsTBEZQS0kxHzAdBgNVBAMTFkZlZGVyYWwgQnJpZGdlIENBIDIwMTYwggEiMA0GCSqGSIb3DQEBAQUAA4IBDwAwggEKAoIBAQC+nTV5byW19JCDbhO/U1DKzRyW1BxrgfKKmw9Gp9+37//tRFnOh5ZvX1ex/jOrR8eFl3c8ig4UzS95aicU0nhbpaVLODq43/aLC9pTESNZn6liMpD0Gk8Fgz49zZsVe5DYi6HNzLjAQ5/Np4u+I0F9KTPfWX1AwOPac8OvQ7+WWErCg7Iq4iF+k5dq+RVpjH4MaJE68LcsgVoKvZKGuYSZkpgEn9TEicKR4SFSSH7dAJ+P+S0+8uheClTMT4JILwwCXge2MuSTKTfMVnchdmYamfILE+LD+TvgmBycP/UjyIYvj8vpv18a4mgyB727tjeJ3rhw/cjJg0QrGL6GdxI5AgMBAAGjggXuMIIF6jAdBgNVHQ4EFgQUI7CzfRZU1AJWdus6vqlrL0N7KBYwDwYDVR0TAQH/BAUwAwEB/zCBqwYDVR0gBIGjMIGgMA4GDCsGAQQBgbtTAQEBATAOBgwrBgEEAYG7UwEBAQIwDgYMKwYBBAGBu1MBAQEDMA4GDCsGAQQBgbtTAQEBBDAOBgwrBgEEAYG7UwEBAQUwDgYMKwYBBAGBu1MBAQEHMA4GDCsGAQQBgbtTAQEBCDAOBgwrBgEEAYG7UwEBAQkwDgYMKwYBBAGBu1MBAQEXMA4GDCsGAQQBgbtTAQEBGDBKBgNVHR8EQzBBMD+gPaA7hjlodHRwOi8vY2VydGlwYXRoLWNybC5zeW1hdXRoLmNvbS9DZXJ0aVBhdGhCcmlkZ2VDQS1HMi5jcmwwDgYDVR0PAQH/BAQDAgEGMFMGCCsGAQUFBwELBEcwRTBDBggrBgEFBQcwBYY3aHR0cDovL2h0dHAuZnBraS5nb3YvYnJpZGdlL2NhQ2VydHNJc3N1ZWRCeWZiY2EyMDE2LnA3YzAKBgNVHTYEAwIBADAMBgNVHSQEBTADgQEBMIIDxQYDVR0hBIIDvDCCA7gwGgYMKwYBBAGBu1MBAQEBBgpghkgBZQMCAQMDMBoGDCsGAQQBgbtTAQEBAgYKYIZIAWUDAgEDDDAaBgwrBgEEAYG7UwEBAQMGCmCGSAFlAwIBAwQwGgYMKwYBBAGBu1MBAQEEBgpghkgBZQMCAQMOMBoGDCsGAQQBgbtTAQEBBQYKYIZIAWUDAgEDDzAaBgwrBgEEAYG7UwEBAQcGCmCGSAFlAwIBAxIwGgYMKwYBBAGBu1MBAQEIBgpghkgBZQMCAQMTMBoGDCsGAQQBgbtTAQEBCQYKYIZIAWUDAgEDFDAaBgwrBgEEAYG7UwEBARcGCmCGSAFlAwIBAyUwGgYMKwYBBAGBu1MBAQEYBgpghkgBZQMCAQMmMBoGDCsGAQQBgbtTAQEBAQYKYIZIAWUDAgEDDDAaBgwrBgEEAYG7UwEBAQEGCmCGSAFlAwIBAwQwGgYMKwYBBAGBu1MBAQEBBgpghkgBZQMCAQMSMBoGDCsGAQQBgbtTAQEBAQYKYIZIAWUDAgEDDTAaBgwrBgEEAYG7UwEBAQEGCmCGSAFlAwIBAyUwGgYMKwYBBAGBu1MBAQECBgpghkgBZQMCAQMEMBoGDCsGAQQBgbtTAQEBAgYKYIZIAWUDAgEDEjAaBgwrBgEEAYG7UwEBAQIGCmCGSAFlAwIBAw0wGgYMKwYBBAGBu1MBAQEEBgpghkgBZQMCAQMPMBoGDCsGAQQBgbtTAQEBBAYKYIZIAWUDAgEDAzAaBgwrBgEEAYG7UwEBAQQGCmCGSAFlAwIBAwwwGgYMKwYBBAGBu1MBAQEEBgpghkgBZQMCAQMEMBoGDCsGAQQBgbtTAQEBBAYKYIZIAWUDAgEDEjAaBgwrBgEEAYG7UwEBAQQGCmCGSAFlAwIBAw0wGgYMKwYBBAGBu1MBAQEEBgpghkgBZQMCAQMlMBoGDCsGAQQBgbtTAQEBBQYKYIZIAWUDAgEDDDAaBgwrBgEEAYG7UwEBAQUGCmCGSAFlAwIBAwQwGgYMKwYBBAGBu1MBAQEFBgpghkgBZQMCAQMSMBoGDCsGAQQBgbtTAQEBBQYKYIZIAWUDAgEDDTAaBgwrBgEEAYG7UwEBAQcGCmCGSAFlAwIBAwwwGgYMKwYBBAGBu1MBAQEHBgpghkgBZQMCAQMNMBoGDCsGAQQBgbtTAQEBCAYKYIZIAWUDAgEDETAaBgwrBgEEAYG7UwEBAQkGCmCGSAFlAwIBAycwGgYMKwYBBAGBu1MBAQEXBgpghkgBZQMCAQMmMFUGCCsGAQUFBwEBBEkwRzBFBggrBgEFBQcwAoY5aHR0cDovL2NlcnRpcGF0aC1haWEuc3ltYXV0aC5jb20vQ2VydGlQYXRoQnJpZGdlQ0EtRzIucDdjMB8GA1UdIwQYMBaAFNDCjBM3M3ZKkag84ei3/aKc0d0UMA0GCSqGSIb3DQEBCwUAA4IBAQCB0jnqVuGkZij4KIv26dnUb6CaCLdqHFDmSp6swLF7mOmBcN8YINyfG9a4mPwmSARcdqZf7kipWn0Ra6+OUAhwX5Sw8IlxTQasckMEu0bdRh76pa2PIzYrSQKd8ZDZBmiXZXREkgRqAUwaVgWhbEuvtHOJznTQ8Rl11+PCSh8BDkQ/yZXfN5ab2xoGrOssYRDtVNUIq6Dc72oPa1DKQxm/IUMayNKuH1GGOpdUL2KG1e1zviTJcSul8oZlAD4IZcSuCjkH93cnORStxQB+Dwj/jalt4hoJs54GBLiVUq3mZvubAfpwhHsGjxh4v/qn7qST0+cvWLJr5/4xtooBf0KOMIIFvzCCBKegAwIBAgIPV0JFhVVNmRA6qrn5QKD/MA0GCSqGSIb3DQEBCwUAMDYxCzAJBgNVBAYTAlVTMRAwDgYDVQQKEwdPUkMgUEtJMRUwEwYDVQQDEwxPUkMgTkZJIENBIDMwHhcNMTcwNzEyMTkxMjAwWhcNMjAwNzEyMTkxMjAwWjBXMQswCQYDVQQGEwJVUzEYMBYGA1UEChMPVS5TLiBHb3Zlcm5tZW50MQ0wCwYDVQQLEwRGUEtJMR8wHQYDVQQDExZGZWRlcmFsIEJyaWRnZSBDQSAyMDE2MIIBIjANBgkqhkiG9w0BAQEFAAOCAQ8AMIIBCgKCAQEAvp01eW8ltfSQg24Tv1NQys0cltQca4HyipsPRqfft+//7URZzoeWb19Xsf4zq0fHhZd3PIoOFM0veWonFNJ4W6WlSzg6uN/2iwvaUxEjWZ+pYjKQ9BpPBYM+Pc2bFXuQ2Iuhzcy4wEOfzaeLviNBfSkz31l9QMDj2nPDr0O/llhKwoOyKuIhfpOXavkVaYx+DGiROvC3LIFaCr2ShrmEmZKYBJ/UxInCkeEhUkh+3QCfj/ktPvLoXgpUzE+CSC8MAl4HtjLkkyk3zFZ3IXZmGpnyCxPiw/k74JgcnD/1I8iGL4/L6b9fGuJoMge9u7Y3id64cP3IyYNEKxi+hncSOQIDAQABo4ICpzCCAqMwbwYIKwYBBQUHAQEEYzBhMCQGCCsGAQUFBzABhhhodHRwOi8vbmZpMy5ldmEub3JjLmNvbS8wOQYIKwYBBQUHMAKGLWh0dHA6Ly9jcmwtc2VydmVyLm9yYy5jb20vY2FDZXJ0cy9PUkNORkkzLnA3YzAfBgNVHSMEGDAWgBTZHyyzhyldB/5JaC2A8t1m9k+khjAPBgNVHRMBAf8EBTADAQH/MHIGA1UdIARrMGkwDQYLKwYBBAGeUgEBAQMwDQYLKwYBBAGeUgEBAQwwDQYLKwYBBAGeUgEBASUwDQYLKwYBBAGeUgEBASYwDQYLKwYBBAGeUgEBARIwDQYLKwYBBAGeUgEBARMwDQYLKwYBBAGeUgEBARQwOwYDVR0fBDQwMjAwoC6gLIYqaHR0cDovL2NybC1zZXJ2ZXIub3JjLmNvbS9DUkxzL09SQ05GSTMuY3JsMA4GA1UdDwEB/wQEAwIBBjCByAYDVR0hBIHAMIG9MBkGCysGAQQBnlIBAQEDBgpghkgBZQMCAQMDMBkGCysGAQQBnlIBAQEMBgpghkgBZQMCAQMMMBkGCysGAQQBnlIBAQElBgpghkgBZQMCAQMlMBkGCysGAQQBnlIBAQEmBgpghkgBZQMCAQMmMBkGCysGAQQBnlIBAQESBgpghkgBZQMCAQMSMBkGCysGAQQBnlIBAQETBgpghkgBZQMCAQMTMBkGCysGAQQBnlIBAQEUBgpghkgBZQMCAQMUMB0GA1UdDgQWBBQjsLN9FlTUAlZ26zq+qWsvQ3soFjBTBggrBgEFBQcBCwRHMEUwQwYIKwYBBQUHMAWGN2h0dHA6Ly9odHRwLmZwa2kuZ292L2JyaWRnZS9jYUNlcnRzSXNzdWVkQnlmYmNhMjAxNi5wN2MwDQYJKoZIhvcNAQELBQADggEBAEMq0dD2eiFsTRvFaeP+NRNzk0REAQCXS+AmxYLAmGAIfzJoiLUcOKcWN8N3YikEms//GFv3+9BwK9jqazUeNGJB3fnXGoIjw8qk5cA2sCmu06uxbTAbrjbCZziMKBIezdleS0C19EEcypLTOSIJiVARdJ4UQsqcfRo1RP/dWYrAFRIlpDlCyXBheeFA+cfktviZgy+p9oPMMeT91XEqbF7DZZUSK7Rsc45auKhwm7G1ppP32vKMRl8zD82x1nVs2CW1kTEG01rcRBoAEFyzETnQbXclNUQrKArHn2/LFNSGlFnSTVzKezKdmkN7Hz6jtEl52VxcPLY6vReGcVY8hAQwggW+MIIEpqADAgECAhMuAAAABj7Q8KabW/xUAAAAAAAGMA0GCSqGSIb3DQEBCwUAMH4xCzAJBgNVBAYTAlVTMRQwEgYDVQQKEwtFeG9zdGFyIExMQzEiMCAGA1UECxMZQ2VydGlmaWNhdGlvbiBBdXRob3JpdGllczE1MDMGA1UEAxMsRXhvc3RhciBGZWRlcmF0ZWQgSWRlbnRpdHkgU2VydmljZSBSb290IENBIDIwHhcNMTcwNDA1MTQxNTU1WhcNMjAwNDA1MTQxNTU1WjBXMQswCQYDVQQGEwJVUzEYMBYGA1UEChMPVS5TLiBHb3Zlcm5tZW50MQ0wCwYDVQQLEwRGUEtJMR8wHQYDVQQDExZGZWRlcmFsIEJyaWRnZSBDQSAyMDE2MIIBIjANBgkqhkiG9w0BAQEFAAOCAQ8AMIIBCgKCAQEAvp01eW8ltfSQg24Tv1NQys0cltQca4HyipsPRqfft+//7URZzoeWb19Xsf4zq0fHhZd3PIoOFM0veWonFNJ4W6WlSzg6uN/2iwvaUxEjWZ+pYjKQ9BpPBYM+Pc2bFXuQ2Iuhzcy4wEOfzaeLviNBfSkz31l9QMDj2nPDr0O/llhKwoOyKuIhfpOXavkVaYx+DGiROvC3LIFaCr2ShrmEmZKYBJ/UxInCkeEhUkh+3QCfj/ktPvLoXgpUzE+CSC8MAl4HtjLkkyk3zFZ3IXZmGpnyCxPiw/k74JgcnD/1I8iGL4/L6b9fGuJoMge9u7Y3id64cP3IyYNEKxi+hncSOQIDAQABo4ICWjCCAlYwDwYDVR0TAQH/BAUwAwEB/zBTBggrBgEFBQcBCwRHMEUwQwYIKwYBBQUHMAWGN2h0dHA6Ly9odHRwLmZwa2kuZ292L2JyaWRnZS9jYUNlcnRzSXNzdWVkQnlmYmNhMjAxNi5wN2MwDgYDVR0PAQH/BAQDAgEGMB0GA1UdDgQWBBQjsLN9FlTUAlZ26zq+qWsvQ3soFjAfBgNVHSMEGDAWgBRUCxGwHflXz7B6LVJS87OnjFL0rDBCBgNVHR8EOzA5MDegNaAzhjFodHRwOi8vd3d3LmZpcy5ldmluY2libGUuY29tL2Zpcy9wdWJsaWMvRVJDQTIuY3JsMFUGCCsGAQUFBwEBBEkwRzBFBggrBgEFBQcwAoY5aHR0cDovL3d3dy5maXMuZXZpbmNpYmxlLmNvbS9maXMvcHVibGljL2lzc3VlZHRvRVJDQTIucDdjMAwGA1UdJAQFMAOBAQEwgZIGA1UdIQSBijCBhzAZBgsrBgEEAex8AQEBCAYKYIZIAWUDAgEDATAZBgsrBgEEAex8AQEBBQYKYIZIAWUDAgEDAzAZBgsrBgEEAex8AQEBBgYKYIZIAWUDAgEDDDAZBgsrBgEEAex8AQEBGQYKYIZIAWUDAgEDJTAZBgsrBgEEAex8AQEBGgYKYIZIAWUDAgEDJjBUBgNVHSAETTBLMA0GCysGAQQB7HwBAQEIMA0GCysGAQQB7HwBAQEFMA0GCysGAQQB7HwBAQEGMA0GCysGAQQB7HwBAQEZMA0GCysGAQQB7HwBAQEaMAoGA1UdNgQDAgEAMA0GCSqGSIb3DQEBCwUAA4IBAQCGzTjfIhfuRa2n27kt0CPpwDji0HRUKFQHXozNROwllC56eCVqSO7Igb8ZJ7gYv9KNCeWYnZukAsbHRyVJUf2tY4nnwzD1vX8sVMQGDDibIjSN0rIOL1EGL68BdYkupjIFeH/gVfUW5WXM1GtmoTztsfGVgKWLINUJjuoiBed2GvPsCKq0kQ098CMYqG5SFDHojojD327U9n+rdpooxfqnirj7Q/FQ5Kga0ViHDfytO78/wWYGr6gl/tTGERBwA63LIU0G4VoX2YkkylxP497YYSZntJLIP3pAMy4hZYkP0YG2Jwjdw/nfvpnHBAIwPHYhmGDF4suXaVsoXdr3ZMWcMIIGBDCCBOygAwIBAgITdAAAAAmwjRGLAD5mdAAAAAAACTANBgkqhkiG9w0BAQsFADBmMQswCQYDVQQGEwJVUzEXMBUGA1UEChMOU0FGRS1CaW9waGFybWExIjAgBgNVBAsTGUNlcnRpZmljYXRpb24gQXV0aG9yaXRpZXMxGjAYBgNVBAMTEVNBRkUgQnJpZGdlIENBIDAyMB4XDTE3MDgyMzE0NDMzMFoXDTE4MDgyMzE0NDMzMFowVzELMAkGA1UEBhMCVVMxGDAWBgNVBAoTD1UuUy4gR292ZXJubWVudDENMAsGA1UECxMERlBLSTEfMB0GA1UEAxMWRmVkZXJhbCBCcmlkZ2UgQ0EgMjAxNjCCASIwDQYJKoZIhvcNAQEBBQADggEPADCCAQoCggEBAL6dNXlvJbX0kINuE79TUMrNHJbUHGuB8oqbD0an37fv/+1EWc6Hlm9fV7H+M6tHx4WXdzyKDhTNL3lqJxTSeFulpUs4Orjf9osL2lMRI1mfqWIykPQaTwWDPj3NmxV7kNiLoc3MuMBDn82ni74jQX0pM99ZfUDA49pzw69Dv5ZYSsKDsiriIX6Tl2r5FWmMfgxokTrwtyyBWgq9koa5hJmSmASf1MSJwpHhIVJIft0An4/5LT7y6F4KVMxPgkgvDAJeB7Yy5JMpN8xWdyF2ZhqZ8gsT4sP5O+CYHJw/9SPIhi+Py+m/XxriaDIHvbu2N4neuHD9yMmDRCsYvoZ3EjkCAwEAAaOCArgwggK0MA8GA1UdEwEB/wQFMAMBAf8wUwYIKwYBBQUHAQsERzBFMEMGCCsGAQUFBzAFhjdodHRwOi8vaHR0cC5mcGtpLmdvdi9icmlkZ2UvY2FDZXJ0c0lzc3VlZEJ5ZmJjYTIwMTYucDdjMA4GA1UdDwEB/wQEAwIBxjAdBgNVHQ4EFgQUI7CzfRZU1AJWdus6vqlrL0N7KBYwHwYDVR0jBBgwFoAUETDz3vv+VhRv7GXp4g7j2orFCw0wQAYDVR0fBDkwNzA1oDOgMYYvaHR0cDovL3NiY2EyLnNhZmUtYmlvcGhhcm1hLm9yZy9zYmNhL1NCQ0EwMi5jcmwwUwYIKwYBBQUHAQEERzBFMEMGCCsGAQUFBzAChjdodHRwOi8vc2JjYTIuc2FmZS1iaW9waGFybWEub3JnL3NiY2EvaXNzdWVkdG9TQkNBMDIucDdjMA8GA1UdJAEB/wQFMAOAAQAwggERBgNVHSEEggEIMIIBBDAYBgorBgEEAYG0fQEEBgpghkgBZQMCAQMCMBgGCisGAQQBgbR9AQUGCmCGSAFlAwIBAwMwGAYKKwYBBAGBtH0BBQYKYIZIAWUDAgEDDjAYBgorBgEEAYG0fQEFBgpghkgBZQMCAQMlMBgGCisGAQQBgbR9AQUGCmCGSAFlAwIBAygwGAYKKwYBBAGBtH0BBgYKYIZIAWUDAgEDDDAYBgorBgEEAYG0fQEGBgpghkgBZQMCAQMPMBgGCisGAQQBgbR9AQYGCmCGSAFlAwIBAyYwGAYKKwYBBAGBtH0BBgYKYIZIAWUDAgEDEjAYBgorBgEEAYG0fQEGBgpghkgBZQMCAQMpMDMGA1UdIAQsMCowDAYKKwYBBAGBtH0BBDAMBgorBgEEAYG0fQEFMAwGCisGAQQBgbR9AQYwCgYDVR02BAMCAQAwDQYJKoZIhvcNAQELBQADggEBAIQgEPrsQjscNuQAsirnCGFtXnlppUm0TIzZiLWipqdaXLrVRPOUaYF4dD+D/t2CO2l7ahBvjA5u3VaX2k8rxSfvSjPXUo5ygG3FEU3O5IOiWe02NvDvDYrZE3qOdjCsBQrQNrLgxsu2yLHL2FWj2TWQJShjOIPaFEedhOb3C3jkYOme6yqficCV+yao4GKDHZMHJIeGaIST331AiJBnemPaWVMiMnyOGdqA/hrlqMo6otbRP1UDdi6tIYdoCTNo/oBNX5Dek/KMwxOsUybwIw4K0b4c7hPRDtGtsVC+luOLrCKf5/jsWF/PVpf65Xit5Bfw8Bw0Kskq7uJB5dnQXccwggbPMIIFt6ADAgECAhEA0pF4VasoDCzzlf4S8JCQIjANBgkqhkiG9w0BAQsFADA2MQswCQYDVQQGEwJVUzEQMA4GA1UEChMHT1JDIFBLSTEVMBMGA1UEAxMMT1JDIE5GSSBDQSAyMB4XDTE3MDgyMjE4NTc0MFoXDTIwMDgyMTE4NTc0MFowVzELMAkGA1UEBhMCVVMxGDAWBgNVBAoTD1UuUy4gR292ZXJubWVudDENMAsGA1UECxMERlBLSTEfMB0GA1UEAxMWRmVkZXJhbCBCcmlkZ2UgQ0EgMjAxNjCCASIwDQYJKoZIhvcNAQEBBQADggEPADCCAQoCggEBAL6dNXlvJbX0kINuE79TUMrNHJbUHGuB8oqbD0an37fv/+1EWc6Hlm9fV7H+M6tHx4WXdzyKDhTNL3lqJxTSeFulpUs4Orjf9osL2lMRI1mfqWIykPQaTwWDPj3NmxV7kNiLoc3MuMBDn82ni74jQX0pM99ZfUDA49pzw69Dv5ZYSsKDsiriIX6Tl2r5FWmMfgxokTrwtyyBWgq9koa5hJmSmASf1MSJwpHhIVJIft0An4/5LT7y6F4KVMxPgkgvDAJeB7Yy5JMpN8xWdyF2ZhqZ8gsT4sP5O+CYHJw/9SPIhi+Py+m/XxriaDIHvbu2N4neuHD9yMmDRCsYvoZ3EjkCAwEAAaOCA7UwggOxMG8GCCsGAQUFBwEBBGMwYTAkBggrBgEFBQcwAYYYaHR0cDovL25maTIuZXZhLm9yYy5jb20vMDkGCCsGAQUFBzAChi1odHRwOi8vY3JsLXNlcnZlci5vcmMuY29tL2NhQ2VydHMvT1JDTkZJMi5wN2MwHwYDVR0jBBgwFoAUC0douXLlogd0XQNvr30rxxbNr9YwDwYDVR0TAQH/BAUwAwEB/zCB1AYDVR0gBIHMMIHJMA4GDCqGSIb3DQUGAQMBAzAOBgwqhkiG9w0FBgEDAQwwDgYMKoZIhvcNBQYBAwESMA4GDCqGSIb3DQUGAQMBEzAOBgwqhkiG9w0FBgEDARQwDgYMKoZIhvcNBQYBAwEVMA0GCysGAQQBnlIBAQEDMA0GCysGAQQBnlIBAQEMMA0GCysGAQQBnlIBAQElMA0GCysGAQQBnlIBAQEmMA0GCysGAQQBnlIBAQESMA0GCysGAQQBnlIBAQETMA0GCysGAQQBnlIBAQEUMDsGA1UdHwQ0MDIwMKAuoCyGKmh0dHA6Ly9jcmwtc2VydmVyLm9yYy5jb20vQ1JMcy9PUkNORkkyLmNybDAOBgNVHQ8BAf8EBAMCAQYwggFyBgNVHSEEggFpMIIBZTAaBgwqhkiG9w0FBgEDAQMGCmCGSAFlAwIBAwMwGgYMKoZIhvcNBQYBAwEMBgpghkgBZQMCAQMMMBoGDCqGSIb3DQUGAQMBEgYKYIZIAWUDAgEDEjAaBgwqhkiG9w0FBgEDARMGCmCGSAFlAwIBAxMwGgYMKoZIhvcNBQYBAwEUBgpghkgBZQMCAQMUMBoGDCqGSIb3DQUGAQMBFQYKYIZIAWUDAgEDJTAZBgsrBgEEAZ5SAQEBAwYKYIZIAWUDAgEDAzAZBgsrBgEEAZ5SAQEBDAYKYIZIAWUDAgEDDDAZBgsrBgEEAZ5SAQEBJQYKYIZIAWUDAgEDJTAZBgsrBgEEAZ5SAQEBJgYKYIZIAWUDAgEDJjAZBgsrBgEEAZ5SAQEBEgYKYIZIAWUDAgEDEjAZBgsrBgEEAZ5SAQEBEwYKYIZIAWUDAgEDEzAZBgsrBgEEAZ5SAQEBFAYKYIZIAWUDAgEDFDAdBgNVHQ4EFgQUI7CzfRZU1AJWdus6vqlrL0N7KBYwUwYIKwYBBQUHAQsERzBFMEMGCCsGAQUFBzAFhjdodHRwOi8vaHR0cC5mcGtpLmdvdi9icmlkZ2UvY2FDZXJ0c0lzc3VlZEJ5ZmJjYTIwMTYucDdjMA0GCSqGSIb3DQEBCwUAA4IBAQAofZCSBji8M57OD/y6TL4EIOhdhF4GcLe1SVv7xoCMQYe6Cm9pKYjJ2gTvf7IkgMHklSAMqmm9TRW0Kbo9SVs70u8EoOlHFhnglrZe9uoKXvfKw74gNU/7521Gn/8B21tXxxz0kiutINGIXFca5mbrgeM6lZ8Iv6oa57uuz6B07XSVBCkAdzb8PlfSj6mSD++JPKtJkvnc7CC14epTOpt8FybTqtRrW0I1TMYOQybxdjVdN3wqgiPTh+BgXgazuIJRLttxLsxA4GMc4htIRxnwrG40Y01bgiHbc0IeT6QjidMdYiqR1QQpmOrmNTQyJZw3wj26TOHa7GSB737DRnh5oQAxAA==
11:41:21.687 [main] DEBUG eu.europa.esig.dss.spi.x509.aia.DefaultAIASource - 13 certificate(s) loaded from 'http://http.fpki.gov/bridge/caCertsIssuedTofbca2016.p7c'
11:41:21.705 [main] INFO eu.europa.esig.dss.validation.AIACertificateSource - Retrieving C-039C1473089282FB36A4DBC23B1125AEC83219C6E624FD169B02E08E6409C3F2 certificate's issuer using AIA.
11:41:21.709 [main] DEBUG eu.europa.esig.dss.spi.x509.aia.DefaultAIASource - Loading certificate(s) from 'http://http.fpki.gov/fcpca/caCertsIssuedTofcpca.p7c'.
11:41:21.709 [main] DEBUG eu.europa.esig.dss.spi.x509.aia.DefaultAIASource - Base64 content : MIIGezCCBWOgAwIBAgIUe2/+Jhp5ZUPNx4jhX5D14+zmm/QwDQYJKoZIhvcNAQELBQAwVzELMAkGA1UEBhMCVVMxGDAWBgNVBAoTD1UuUy4gR292ZXJubWVudDENMAsGA1UECxMERlBLSTEfMB0GA1UEAxMWRmVkZXJhbCBCcmlkZ2UgQ0EgMjAxNjAeFw0xNjExMDgxODE0MzZaFw0xOTExMDgxODE0MzZaMFkxCzAJBgNVBAYTAlVTMRgwFgYDVQQKEw9VLlMuIEdvdmVybm1lbnQxDTALBgNVBAsTBEZQS0kxITAfBgNVBAMTGEZlZGVyYWwgQ29tbW9uIFBvbGljeSBDQTCCASIwDQYJKoZIhvcNAQEBBQADggEPADCCAQoCggEBANh1+zUWNFpBv1qvXDAEFByteES16ibqdWHHzTZ5+HzYvSlRZlkh43mr1Hi+sC2wodWyNRYj0Mwevg7oq9zDydYS16dyaBgxuBcisj5+ughtxv3RWCxpoAPwKqP2PyElPd+3MsWOJ7MjpeBSs12W6bC4xcWfu8WgboJAu8UnBTZJ1iYnaQw0j88neioKo0FfjR0DhoMV4FXBxZgsnuwactxIwT75hNKEgsEbw3Q2t7nHNjJ6+DK20DauIhgxjFBzIZ7+gzswiCTj6cF+3u2Yxx+SEIqfW2IvnaS81YVvOv3JU6cgS6rbIKshTh0NTuaYheWrEUddnT/EI8DjFAZu/p0CAwEAAaOCAzswggM3MA8GA1UdEwEB/wQFMAMBAf8wggFBBgNVHSAEggE4MIIBNDAMBgpghkgBZQMCAQMNMAwGCmCGSAFlAwIBAwEwDAYKYIZIAWUDAgEDAjAMBgpghkgBZQMCAQMOMAwGCmCGSAFlAwIBAw8wDAYKYIZIAWUDAgEDETAMBgpghkgBZQMCAQMSMAwGCmCGSAFlAwIBAxMwDAYKYIZIAWUDAgEDFDAMBgpghkgBZQMCAQMDMAwGCmCGSAFlAwIBAwwwDAYKYIZIAWUDAgEDBDAMBgpghkgBZQMCAQMlMAwGCmCGSAFlAwIBAyYwDAYKYIZIAWUDAgEDBjAMBgpghkgBZQMCAQMHMAwGCmCGSAFlAwIBAwgwDAYKYIZIAWUDAgEDJDAMBgpghkgBZQMCAQMQMAwGCmCGSAFlAwIBAycwDAYKYIZIAWUDAgEDKDAMBgpghkgBZQMCAQMpMFMGCCsGAQUFBwEBBEcwRTBDBggrBgEFBQcwAoY3aHR0cDovL2h0dHAuZnBraS5nb3YvYnJpZGdlL2NhQ2VydHNJc3N1ZWRUb2ZiY2EyMDE2LnA3YzCBjQYDVR0hBIGFMIGCMBgGCmCGSAFlAwIBAwMGCmCGSAFlAwIBAwYwGAYKYIZIAWUDAgEDBAYKYIZIAWUDAgEDEDAYBgpghkgBZQMCAQMMBgpghkgBZQMCAQMHMBgGCmCGSAFlAwIBAyUGCmCGSAFlAwIBAwgwGAYKYIZIAWUDAgEDJgYKYIZIAWUDAgEDJDBPBggrBgEFBQcBCwRDMEEwPwYIKwYBBQUHMAWGM2h0dHA6Ly9odHRwLmZwa2kuZ292L2ZjcGNhL2NhQ2VydHNJc3N1ZWRCeWZjcGNhLnA3YzAPBgNVHSQBAf8EBTADgQEBMA0GA1UdNgEB/wQDAgEAMA4GA1UdDwEB/wQEAwIBBjAfBgNVHSMEGDAWgBQjsLN9FlTUAlZ26zq+qWsvQ3soFjA5BgNVHR8EMjAwMC6gLKAqhihodHRwOi8vaHR0cC5mcGtpLmdvdi9icmlkZ2UvZmJjYTIwMTYuY3JsMB0GA1UdDgQWBBStDHp1XOXzmMR5mA6sKP2X9OcC/DANBgkqhkiG9w0BAQsFAAOCAQEAZ8jRNy3bbIg6T5NCO4nGRtfLOCNvvRX/G6nz8Ax7FG3/xrZQy9jwDymdp0wQTJ1vKhtpQ0Nv0BxU3zw1OzujKoD6y7mb5EsunGXVi7Rltw1LJVZCaXC40DfDVEqx4hVd0JdoFluBBYs8XZEdve1sobkEAfNUhn5LMCklqGb55jSPSdXDN5HJ3t3vJ5xjXbeWbsTAh0Ta3Z7pZA5osMKx39VwXItWYyaBfCxOLRb9Nu+wEqrxpld83pGEJpzvR7SWfBirfVYa3E1kHizjTsM1GY7pjtHGwM2iYgJUuJwW32HHPxwlMwAr4zxG5ev/VUxGhmZw9bbkbLvmLvXXEGb6BQ==
11:41:21.731 [main] DEBUG eu.europa.esig.dss.spi.x509.aia.DefaultAIASource - 1 certificate(s) loaded from 'http://http.fpki.gov/fcpca/caCertsIssuedTofcpca.p7c'
11:41:21.735 [main] WARN eu.europa.esig.dss.spi.x509.TokenIssuerSelector - No issuer found for the token creation date. The process continues with an issuer which has the same public key.
11:41:21.736 [main] WARN eu.europa.esig.dss.validation.SignatureValidationContext - No revocation found for the certificate C-D6F0919DDD904D875AF953D39BA3CF3278A84F2D0E3DAA8D991119CE67E73FF2
11:41:21.736 [main] WARN eu.europa.esig.dss.validation.SignatureValidationContext - No revocation found for the certificate C-039C1473089282FB36A4DBC23B1125AEC83219C6E624FD169B02E08E6409C3F2
11:41:21.736 [main] WARN eu.europa.esig.dss.validation.SignatureValidationContext - No revocation found for the certificate C-343293348BECDA9784B09E5E252A25355772E488CB75DC8B5075DC89541B3CC9
11:41:21.737 [main] WARN eu.europa.esig.dss.validation.SignatureValidationContext - No revocation found for the certificate C-DB5A5B0E5E0DE91D1E091FB44B32E66B9BFB0FCA03F7011BD16A479A8654566F
]]></system-out>
  </testcase>
  <testcase name="unsuccessfulAiaRequestTest" classname="eu.europa.esig.dss.validation.SignatureValidationContextTest" time="0.08">
    <system-out><![CDATA[11:41:21.810 [main] INFO eu.europa.esig.dss.validation.CommonCertificateVerifier - + New CommonCertificateVerifier created.
11:41:21.813 [main] INFO eu.europa.esig.dss.validation.AIACertificateSource - Retrieving C-4AE84856DAD3520D875D28EDF71D513AA08EF813C96B22A9B6C3A562956FF4B1 certificate's issuer using AIA.
11:41:21.813 [main] DEBUG eu.europa.esig.dss.spi.x509.aia.DefaultAIASource - Loading certificate(s) from 'http://q.ica.cz/ca_nbusr09.p7c'.
11:41:21.815 [main] DEBUG eu.europa.esig.dss.spi.client.http.IgnoreDataLoader - Url 'http://q.ica.cz/ca_nbusr09.p7c' is ignored
11:41:21.815 [main] WARN eu.europa.esig.dss.spi.x509.aia.DefaultAIASource - Empty content from http://q.ica.cz/ca_nbusr09.p7c.
11:41:21.817 [main] WARN eu.europa.esig.dss.validation.SignatureValidationContext - Issuer not found for certificate C-4AE84856DAD3520D875D28EDF71D513AA08EF813C96B22A9B6C3A562956FF4B1
]]></system-out>
  </testcase>
  <testcase name="successfulAiaRequestTest" classname="eu.europa.esig.dss.validation.SignatureValidationContextTest" time="0.061">
    <system-out><![CDATA[11:41:21.852 [main] INFO eu.europa.esig.dss.validation.CommonCertificateVerifier - + New CommonCertificateVerifier created.
11:41:21.852 [main] INFO eu.europa.esig.dss.validation.AIACertificateSource - Retrieving C-4AE84856DAD3520D875D28EDF71D513AA08EF813C96B22A9B6C3A562956FF4B1 certificate's issuer using AIA.
11:41:21.853 [main] DEBUG eu.europa.esig.dss.spi.x509.aia.DefaultAIASource - Loading certificate(s) from 'http://q.ica.cz/ca_nbusr09.p7c'.
11:41:21.853 [main] DEBUG eu.europa.esig.dss.spi.x509.aia.DefaultAIASource - Base64 content : LS0tLS1CRUdJTiBDRVJUSUZJQ0FURS0tLS0tCk1JSUZIakNDQkFhZ0F3SUJBZ0lFQUtBM29EQU5CZ2txaGtpRzl3MEJBUXNGQURDQnR6RUxNQWtHQTFVRUJoTUMKUTFveE9qQTRCZ05WQkFNTU1Va3VRMEVnTFNCUmRXRnNhV1pwWldRZ1EyVnlkR2xtYVdOaGRHbHZiaUJCZFhSbwpiM0pwZEhrc0lEQTVMekl3TURreExUQXJCZ05WQkFvTUpGQnlkbTdEclNCalpYSjBhV1pwYTJIRWpXN0RyU0JoCmRYUnZjbWwwWVN3Z1lTNXpMakU5TURzR0ExVUVDd3cwU1M1RFFTQXRJRUZqWTNKbFpHbDBaV1FnVUhKdmRtbGsKWlhJZ2IyWWdRMlZ5ZEdsbWFXTmhkR2x2YmlCVFpYSjJhV05sY3pBZUZ3MHdPVEE1TURFd01EQXdNREJhRncweApPVEE1TURFd01EQXdNREJhTUlHM01Rc3dDUVlEVlFRR0V3SkRXakU2TURnR0ExVUVBd3d4U1M1RFFTQXRJRkYxCllXeHBabWxsWkNCRFpYSjBhV1pwWTJGMGFXOXVJRUYxZEdodmNtbDBlU3dnTURrdk1qQXdPVEV0TUNzR0ExVUUKQ2d3a1VISjJic090SUdObGNuUnBabWxyWWNTTmJzT3RJR0YxZEc5eWFYUmhMQ0JoTG5NdU1UMHdPd1lEVlFRTApERFJKTGtOQklDMGdRV05qY21Wa2FYUmxaQ0JRY205MmFXUmxjaUJ2WmlCRFpYSjBhV1pwWTJGMGFXOXVJRk5sCmNuWnBZMlZ6TUlJQklqQU5CZ2txaGtpRzl3MEJBUUVGQUFPQ0FROEFNSUlCQ2dLQ0FRRUF0VGFFeTBLQzhNOWwKNGxTYVdITXM0K3NWVjFMd3p5SllpSVFOZUNydjFISG0vWXBHSWRZL1o2NDBjZWFua2pRdklYN20yM0JLNE9TQwo2S084a1pZQTN6b3BPejZHRkNPS1YyUHZMdWtiYytjMmltRjZrTEhFdjZxTkE4V3hoUGJSM3hLd2xIRHdCMnloCld6bzdWM1FWZ0RSRzgzc3VncVFudEtZQzNMbmxUR2JKcE5QK0F6NzJncE85QUhVbi9JQmhGazRrc2M4bFlTMkwKOUdDeTlDc21kS1NCUDc4cDl3OEx4N3ZETHFrRGd0MS96QnJjVVdtU1NiN0FFL0JQRWVNcnlRVjFJZEk2bmxHbgpCaFdrWE9ZZjZHU2RheUp3ODZidHV4Qzd2aURLTnJicDQ0SGpRUmFTeG5wNk8zZXRvMXg0RGZpWWR3L1liSkZlCjdFamt4U1FCeXdJREFRQUJvNElCTGpDQ0FTb3dEd1lEVlIwVEFRSC9CQVV3QXdFQi96QU9CZ05WSFE4QkFmOEUKQkFNQ0FRWXdnZWNHQTFVZElBU0IzekNCM0RDQjJRWUVWUjBnQURDQjBEQ0J6UVlJS3dZQkJRVUhBZ0l3Z2NBYQpnYjFVWlc1MGJ5QmpaWEowYVdacGEyRjBJR3BsSUhaNVpHRnVJR3BoYTI4Z2EzWmhiR2xtYVd0dmRtRnVlU0J6CmVYTjBaVzF2ZG5rZ1kyVnlkR2xtYVd0aGRDQndiMlJzWlNCNllXdHZibUVnWXk0Z01qSTNMekl3TURBZ1UySXUKSUhZZ2NHeGhkRzVsYlNCNmJtVnVhUzlVYUdseklHbHpJSEYxWVd4cFptbGxaQ0J6ZVhOMFpXMGdZMlZ5ZEdsbQphV05oZEdVZ1lXTmpiM0prYVc1bklIUnZJRU42WldOb0lFRmpkQ0JPYnk0Z01qSTNMekl3TURBZ1EyOXNiQzR3CkhRWURWUjBPQkJZRUZIbkwwQ1BwT21kd2tYUlAwMUhpNENEOTRTajdNQTBHQ1NxR1NJYjNEUUVCQ3dVQUE0SUIKQVFCOWxhVTIxNGhZYUJIUFpmdGJEUy8yZElHTFdkbWRTYmoxT1piSjhMSVBCTXhZalBvRU1xekFSNzR0dzk2VAppNmFXUmE1V2RPV2FTNkkvcWliRUtGWmhKQVZYWDVta3gyZXdHRkxKKzBHbytlVHhuakxPbmhWRjJWMnMrNTdiCm04YzhqNi9iUzZJajZEc3BjSEVZcGZqamg2NGhFMnIwYVNwWkRqR3pLRk02WXBxc0NKTjhxWWUyWDFxbUdNTFEKd3ZOZGpHK25QekNKT091VUV5cElXdDU1NVpETFhxUzVGN1pqQmpsZnlEWmpFZlMyRXM5SWRvazhhbGY1NjNNaQo5L28rQmE0NndNWU9razNQMUlsVTBScUNhamRibGlpb0FDS0R6dEFxdWJPTlUxZ3VaVnpWOHR1TUFTVnpiSmVMCi9HQUI3RUNUd2UxUnVLckxZdGdsTUtJOQotLS0tLUVORCBDRVJUSUZJQ0FURS0tLS0tCg==
11:41:21.875 [main] DEBUG eu.europa.esig.dss.spi.x509.aia.DefaultAIASource - 1 certificate(s) loaded from 'http://q.ica.cz/ca_nbusr09.p7c'
11:41:21.883 [main] WARN eu.europa.esig.dss.validation.SignatureValidationContext - No revocation found for the certificate C-4AE84856DAD3520D875D28EDF71D513AA08EF813C96B22A9B6C3A562956FF4B1
11:41:21.884 [main] DEBUG eu.europa.esig.dss.validation.SignatureValidationContext - Revocation data is not required for certificate : C-C0C05A8D8DA55EAF27AA9B910B0A6EF0D8BBDED346928DB872E182C2073E9802
]]></system-out>
  </testcase>
  <testcase name="test" classname="eu.europa.esig.dss.validation.SignatureValidationContextTest" time="0.252">
    <system-out><![CDATA[11:41:21.903 [main] INFO eu.europa.esig.dss.validation.CommonCertificateVerifier - + New CommonCertificateVerifier created.
11:41:22.017 [main] DEBUG eu.europa.esig.dss.validation.CMSCertificateSource - Found Certificate Hash in signingCertificateAttributeV1 6ef110164ab07e02e7c19436a8f90ab7a248343f with algorithm SHA1
11:41:22.025 [main] INFO eu.europa.esig.dss.validation.AIACertificateSource - Retrieving C-8E11E4A3CD45E6A36EC609376FC500ED2E95828D372DAC04AB150933FCD24E6A certificate's issuer using AIA.
11:41:22.025 [main] INFO eu.europa.esig.dss.spi.x509.aia.DefaultAIASource - There is no AIA extension for certificate download.
11:41:22.028 [main] WARN eu.europa.esig.dss.validation.SignatureValidationContext - POE extraction is skipped for untrusted timestamp : T-E2F0727D7F36046E83F8FC5E3D8EE1685C7FB8203C955BC789E1317FCA84FEFC.
11:41:22.030 [main] INFO eu.europa.esig.dss.validation.AIACertificateSource - Retrieving C-FE2461CBA57FE78B4D8FD8B72730C49F9370C38002E3AA0340795395513FB26E certificate's issuer using AIA.
11:41:22.030 [main] DEBUG eu.europa.esig.dss.spi.x509.aia.DefaultAIASource - Loading certificate(s) from 'http://ca.luxtrust.lu/LTGQCA2.crt'.
11:41:22.116 [main] DEBUG eu.europa.esig.dss.spi.x509.aia.DefaultAIASource - Base64 content : MIID6TCCAtGgAwIBAgICEsMwDQYJKoZIhvcNAQELBQAwRDELMAkGA1UEBhMCTFUxFjAUBgNVBAoTDUx1eFRydXN0IHMuYS4xHTAbBgNVBAMTFEx1eFRydXN0IEdsb2JhbCBSb290MB4XDTE0MDUyODEzMDkxOFoXDTIwMDUyODEzMDkxOFowTjELMAkGA1UEBhMCTFUxFjAUBgNVBAoTDUx1eFRydXN0IFMuQS4xJzAlBgNVBAMTHkx1eFRydXN0IEdsb2JhbCBRdWFsaWZpZWQgQ0EgMjCCASIwDQYJKoZIhvcNAQEBBQADggEPADCCAQoCggEBAMRaetIHqOXl0cMdtVuB3StPlDTeneHMgenp4W/5u4GimFETER3Msj9C6JeAg9H63Az/JpPdGjVWpREZ4goR29Y2Ys1S0kyW9ONFKwyDHm2tU6nyTnx9hVNDDkA4DMNZuf3UIo3J7xaTae1u5ALlIh+g4aPeiYtB4XZlJPGvy3mmQ6020jqQWgeCRVCl91p1HLu6oPZ6xp+wy2qWzhzn7jo81Y8S2g+cD/qen2jphIae8PRLtEjuMLREcu/Rt03PDfxxi2usnSb1djQImYEL/R6I7VgK+UkNXYy+vasXOqWclZ7oMeA6iMt4WkjEKWsKf60eFlVW8J66vA//IdY7IUsCAwEAAaOB2jCB1zAPBgNVHRMECDAGAQH/AgEAMEMGA1UdIAQ8MDowOAYIK4ErAQEBCgMwLDAqBggrBgEFBQcCARYeaHR0cHM6Ly9yZXBvc2l0b3J5Lmx1eHRydXN0Lmx1MAsGA1UdDwQEAwIBBjAfBgNVHSMEGDAWgBQXFYWJCS8kh28/HRvk8pZ5g0gTzjAyBgNVHR8EKzApMCegJaAjhiFodHRwOi8vY3JsLmx1eHRydXN0Lmx1L0xUR1JDQS5jcmwwHQYDVR0OBBYEFO+Wv31lOlW00nD4DOxK4vMnBppSMA0GCSqGSIb3DQEBCwUAA4IBAQCBkOXfYtTOMb853+Oq49NENBFTcjqohYLyvc/w8gisbbe8OPdRfLam+PAkYKfyoy77R78E8Ypg5R9ASxqFt5lEgFADE022+lqs5GNpOVIoit+WCtC4k19SkyOvypqZZApEEfc1VxadqhwwsdJRTt+aVhuItuUo4GGNGTub+y/bs6IGUpNnuWibrqevc2jaG9YYQPGfu9WUtj5znQ+0VdH6wPXfumhHag4Ipl8aBh5kXYEDFpgINdIfbBNq3ULKHNdzdCZj5bJZVxxbW1qC0BQ1UD1o2KoiLQy9G15UErAQHx1BbVGA+eSbZe7Fpy1Va3K0z76usMSSOBf7YlJ7e0Hq
11:41:22.128 [main] DEBUG eu.europa.esig.dss.spi.x509.aia.DefaultAIASource - 1 certificate(s) loaded from 'http://ca.luxtrust.lu/LTGQCA2.crt'
11:41:22.134 [main] WARN eu.europa.esig.dss.validation.SignatureValidationContext - No revocation found for the certificate C-FE2461CBA57FE78B4D8FD8B72730C49F9370C38002E3AA0340795395513FB26E
11:41:22.134 [main] DEBUG eu.europa.esig.dss.validation.SignatureValidationContext - Revocation data is not required for certificate : C-A1B2DBEB64E706C6169E3C4118B23BAA09018A8427666D8BF0E28891EC051950
11:41:22.136 [main] WARN eu.europa.esig.dss.validation.SignatureValidationContext - Issuer not found for certificate C-8E11E4A3CD45E6A36EC609376FC500ED2E95828D372DAC04AB150933FCD24E6A
11:41:22.136 [main] WARN eu.europa.esig.dss.validation.SignatureValidationContext - No revocation found for the certificate C-7E76DA9EA8D0E6C5C63023D0D8C06E555AECE4FE346C0E50693DF6BD5468E484
]]></system-out>
  </testcase>
  <testcase name="testCannotDownload" classname="eu.europa.esig.dss.validation.SignatureValidationContextTest" time="0.038">
    <system-out><![CDATA[11:41:22.148 [main] INFO eu.europa.esig.dss.validation.CommonCertificateVerifier - + New CommonCertificateVerifier created.
11:41:22.166 [main] DEBUG eu.europa.esig.dss.validation.CMSCertificateSource - Found Certificate Hash in signingCertificateAttributeV1 6ef110164ab07e02e7c19436a8f90ab7a248343f with algorithm SHA1
11:41:22.169 [main] WARN eu.europa.esig.dss.validation.SignatureValidationContext - POE extraction is skipped for untrusted timestamp : T-E2F0727D7F36046E83F8FC5E3D8EE1685C7FB8203C955BC789E1317FCA84FEFC.
11:41:22.172 [main] WARN eu.europa.esig.dss.validation.SignatureValidationContext - Issuer not found for certificate C-FE2461CBA57FE78B4D8FD8B72730C49F9370C38002E3AA0340795395513FB26E
11:41:22.174 [main] WARN eu.europa.esig.dss.validation.SignatureValidationContext - Issuer not found for certificate C-8E11E4A3CD45E6A36EC609376FC500ED2E95828D372DAC04AB150933FCD24E6A
]]></system-out>
  </testcase>
  <testcase name="testBridgeCertificateMovesUpInsteadofSidewaysAndFindsRootOnValidation" classname="eu.europa.esig.dss.validation.SignatureValidationContextTest" time="0.042">
    <system-out><![CDATA[11:41:22.190 [main] INFO eu.europa.esig.dss.validation.CommonCertificateVerifier - + New CommonCertificateVerifier created.
11:41:22.193 [main] INFO eu.europa.esig.dss.validation.AIACertificateSource - Retrieving C-D6F0919DDD904D875AF953D39BA3CF3278A84F2D0E3DAA8D991119CE67E73FF2 certificate's issuer using AIA.
11:41:22.193 [main] DEBUG eu.europa.esig.dss.spi.x509.aia.DefaultAIASource - Loading certificate(s) from 'http://ssp-aia.symauth.com/STNSSP/Certs_issued_to_Class3SSPCA-G3.p7c'.
11:41:22.193 [main] DEBUG eu.europa.esig.dss.spi.x509.aia.DefaultAIASource - Base64 content : MIIGqgYJKoZIhvcNAQcCoIIGmzCCBpcCAQExADALBgkqhkiG9w0BBwGgggZ/MIIGezCCBWOgAwIBAgIUTQ/4rJckt6fN6sXPaCpaTD3VnfEwDQYJKoZIhvcNAQELBQAwVzELMAkGA1UEBhMCVVMxGDAWBgNVBAoTD1UuUy4gR292ZXJubWVudDENMAsGA1UECxMERlBLSTEfMB0GA1UEAxMWRmVkZXJhbCBCcmlkZ2UgQ0EgMjAxNjAeFw0xNzEwMjUxNDA3NDFaFw0yMDEwMjUxNDA1NDBaMIGBMQswCQYDVQQGEwJVUzEdMBsGA1UEChMUU3ltYW50ZWMgQ29ycG9yYXRpb24xHzAdBgNVBAsTFlN5bWFudGVjIFRydXN0IE5ldHdvcmsxMjAwBgNVBAMTKVN5bWFudGVjIENsYXNzIDMgU1NQIEludGVybWVkaWF0ZSBDQSAtIEczMIIBIjANBgkqhkiG9w0BAQEFAAOCAQ8AMIIBCgKCAQEAvanvlwynHzqxLZofiv7Sjyv6b8pOs+uSdY/RED0qnqx7ADOQ1rsFXCDSM6HJqaK/WI8KezXS6ygf3efFhtctYXni84tF1hT/ncoQ82aCSPaKkxpMu5pF4GCE2JuKRZKcCbJLxEi1oMyzy10XaCgo8jjFaJqY3Cp73ZUL6mJza2rQ29rdjiS8wMmO3KN7e525O0ujKhpoeStfuLuATrumycwqPVMdS2t7UlXWiGX36g67Ki3ind5LFWWsxaKLBvXVueQJqR5w7P+Y/YMcwaDqln8F4n5OFotTKUBcQIBEiodz1TBE8oL0F8toJfh50ih5iIGWhGzgp2ot2D8j15PAqQIDAQABo4IDEjCCAw4wDwYDVR0TAQH/BAUwAwEB/zCBiAYDVR0gBIGAMH4wDAYKYIZIAWUDAgEDAzAMBgpghkgBZQMCAQMMMAwGCmCGSAFlAwIBAxIwDAYKYIZIAWUDAgEDEzAMBgpghkgBZQMCAQMUMAwGCmCGSAFlAwIBAyYwDAYKYIZIAWUDAgEDJTAMBgpghkgBZQMCAQMOMAwGCmCGSAFlAwIBAw8wUwYIKwYBBQUHAQEERzBFMEMGCCsGAQUFBzAChjdodHRwOi8vaHR0cC5mcGtpLmdvdi9icmlkZ2UvY2FDZXJ0c0lzc3VlZFRvZmJjYTIwMTYucDdjMIIBEgYDVR0hBIIBCTCCAQUwGwYKYIZIAWUDAgEDAwYNYIZIAYb4RQEHFwMBBjAbBgpghkgBZQMCAQMMBg1ghkgBhvhFAQcXAwEHMBsGCmCGSAFlAwIBAw4GDWCGSAGG+EUBBxcDAQ4wGwYKYIZIAWUDAgEDDwYNYIZIAYb4RQEHFwMBDzAbBgpghkgBZQMCAQMSBg1ghkgBhvhFAQcXAwESMBsGCmCGSAFlAwIBAxMGDWCGSAGG+EUBBxcDAREwGwYKYIZIAWUDAgEDFAYNYIZIAYb4RQEHFwMBFDAbBgpghkgBZQMCAQMlBg1ghkgBhvhFAQcXAwEIMBsGCmCGSAFlAwIBAyYGDWCGSAGG+EUBBxcDASQwYAYIKwYBBQUHAQsEVDBSMFAGCCsGAQUFBzAFhkRodHRwOi8vc3NwLXNpYS5zeW1hdXRoLmNvbS9TVE5TU1AvQ2VydHNfSXNzdWVkX2J5X0NsYXNzM1NTUENBLUczLnA3YzAMBgNVHSQEBTADgQEAMAoGA1UdNgQDAgEAMA4GA1UdDwEB/wQEAwIBBjAfBgNVHSMEGDAWgBQjsLN9FlTUAlZ26zq+qWsvQ3soFjA5BgNVHR8EMjAwMC6gLKAqhihodHRwOi8vaHR0cC5mcGtpLmdvdi9icmlkZ2UvZmJjYTIwMTYuY3JsMB0GA1UdDgQWBBQ1Jn1QleGhwb0F1cOdd0LHDBOWjDANBgkqhkiG9w0BAQsFAAOCAQEAcM7Oza5mG6L7zMKFt4zjBo3dofjXZut/KOYBuEmQoss3NSA5Z0xzEIJyvHY6y10TfCInnzpSlqir1r2NjiJ/HYpdnziDZ1EziLkjXb6cGwOMSCSQftYtrJLF1LptGElbvdh/MhEza9M1PABsQ/yh2zkY5hZF/gHb76+/kk3Kn4l3XNoD17OnkPmxgZ3k7SIkxgci9z06r+ZEfJVbDkFL2GgRCNBjngG1et92LtqxmxrFoYCpPMmqgJB4tqlRDc3+lVIBU2L7wTYyG5UURuJcHyEOagZGjsZPil5hRCoGtluL12HAB4FJUH6wDK7/cTEkpldN2B5iG+2dvLNv1ux6lzEA
11:41:22.195 [main] DEBUG eu.europa.esig.dss.spi.x509.aia.DefaultAIASource - 1 certificate(s) loaded from 'http://ssp-aia.symauth.com/STNSSP/Certs_issued_to_Class3SSPCA-G3.p7c'
11:41:22.197 [main] WARN eu.europa.esig.dss.spi.x509.TokenIssuerSelector - No issuer found for the token creation date. The process continues with an issuer which has the same public key.
11:41:22.199 [main] INFO eu.europa.esig.dss.validation.AIACertificateSource - Retrieving C-DB5A5B0E5E0DE91D1E091FB44B32E66B9BFB0FCA03F7011BD16A479A8654566F certificate's issuer using AIA.
11:41:22.200 [main] DEBUG eu.europa.esig.dss.spi.x509.aia.DefaultAIASource - Loading certificate(s) from 'http://http.fpki.gov/bridge/caCertsIssuedTofbca2016.p7c'.
11:41:22.202 [main] DEBUG eu.europa.esig.dss.spi.x509.aia.DefaultAIASource - Base64 content : MIJdlgYJKoZIhvcNAQcCoIJdhzCCXYMCAQExADALBgkqhkiG9w0BBwGggl1pMIIGZTCCBU2gAwIBAgICP0IwDQYJKoZIhvcNAQELBQAwWTELMAkGA1UEBhMCVVMxGDAWBgNVBAoTD1UuUy4gR292ZXJubWVudDENMAsGA1UECxMERlBLSTEhMB8GA1UEAxMYRmVkZXJhbCBDb21tb24gUG9saWN5IENBMB4XDTE2MTEwODE4MjAzOFoXDTE5MTEwODE4MjAzOFowVzELMAkGA1UEBhMCVVMxGDAWBgNVBAoTD1UuUy4gR292ZXJubWVudDENMAsGA1UECxMERlBLSTEfMB0GA1UEAxMWRmVkZXJhbCBCcmlkZ2UgQ0EgMjAxNjCCASIwDQYJKoZIhvcNAQEBBQADggEPADCCAQoCggEBAL6dNXlvJbX0kINuE79TUMrNHJbUHGuB8oqbD0an37fv/+1EWc6Hlm9fV7H+M6tHx4WXdzyKDhTNL3lqJxTSeFulpUs4Orjf9osL2lMRI1mfqWIykPQaTwWDPj3NmxV7kNiLoc3MuMBDn82ni74jQX0pM99ZfUDA49pzw69Dv5ZYSsKDsiriIX6Tl2r5FWmMfgxokTrwtyyBWgq9koa5hJmSmASf1MSJwpHhIVJIft0An4/5LT7y6F4KVMxPgkgvDAJeB7Yy5JMpN8xWdyF2ZhqZ8gsT4sP5O+CYHJw/9SPIhi+Py+m/XxriaDIHvbu2N4neuHD9yMmDRCsYvoZ3EjkCAwEAAaOCAzcwggMzMA8GA1UdEwEB/wQFMAMBAf8wggFBBgNVHSAEggE4MIIBNDAMBgpghkgBZQMCAQMGMAwGCmCGSAFlAwIBAwcwDAYKYIZIAWUDAgEDCDAMBgpghkgBZQMCAQMNMAwGCmCGSAFlAwIBAxAwDAYKYIZIAWUDAgEDATAMBgpghkgBZQMCAQMCMAwGCmCGSAFlAwIBAw4wDAYKYIZIAWUDAgEDDzAMBgpghkgBZQMCAQMRMAwGCmCGSAFlAwIBAxIwDAYKYIZIAWUDAgEDEzAMBgpghkgBZQMCAQMUMAwGCmCGSAFlAwIBAyQwDAYKYIZIAWUDAgEDAzAMBgpghkgBZQMCAQMEMAwGCmCGSAFlAwIBAwwwDAYKYIZIAWUDAgEDJTAMBgpghkgBZQMCAQMmMAwGCmCGSAFlAwIBAycwDAYKYIZIAWUDAgEDKDAMBgpghkgBZQMCAQMpME8GCCsGAQUFBwEBBEMwQTA/BggrBgEFBQcwAoYzaHR0cDovL2h0dHAuZnBraS5nb3YvZmNwY2EvY2FDZXJ0c0lzc3VlZFRvZmNwY2EucDdjMIGNBgNVHSEEgYUwgYIwGAYKYIZIAWUDAgEDBgYKYIZIAWUDAgEDAzAYBgpghkgBZQMCAQMQBgpghkgBZQMCAQMEMBgGCmCGSAFlAwIBAwcGCmCGSAFlAwIBAwwwGAYKYIZIAWUDAgEDCAYKYIZIAWUDAgEDJTAYBgpghkgBZQMCAQMkBgpghkgBZQMCAQMmMFMGCCsGAQUFBwELBEcwRTBDBggrBgEFBQcwBYY3aHR0cDovL2h0dHAuZnBraS5nb3YvYnJpZGdlL2NhQ2VydHNJc3N1ZWRCeWZiY2EyMDE2LnA3YzAPBgNVHSQBAf8EBTADgQECMA0GA1UdNgEB/wQDAgEAMA4GA1UdDwEB/wQEAwIBBjAfBgNVHSMEGDAWgBStDHp1XOXzmMR5mA6sKP2X9OcC/DA1BgNVHR8ELjAsMCqgKKAmhiRodHRwOi8vaHR0cC5mcGtpLmdvdi9mY3BjYS9mY3BjYS5jcmwwHQYDVR0OBBYEFCOws30WVNQCVnbrOr6pay9DeygWMA0GCSqGSIb3DQEBCwUAA4IBAQAjrfFl52VqvOzz8u/PatFCjkJBDa33wUeVL7w0zu7+l6TsMJSZbPsPZX7upYAQKf2pSWj1stdbvpe7QLlxGP2bjG+ZXCXiBJUV2+KJHR1hFQx1NpzKfXi/sqloLrUBgaOHEgNKSX4YnJooj33VaEyfhEik7y/fXJePHo6Z/oYJLJxV6cagHmrwkDMHx8ujvdyBDzoua29BIOH0RvfZBD5wT8Umrng+2iiDcoTT/igrs3MdEiqB7g3cTqFrJJ36M0ZHWowOrmn2HlLI+X3ilC+6WoB5DrdbYgJWuTHGuG33shQwr3iK57jTcgqxEJyAtx726j0I+KW6WL+r9v7aykNoMIIGEjCCBPqgAwIBAgIQE4bT1zbS7klKtFX0xD0fEzANBgkqhkiG9w0BAQsFADBPMQswCQYDVQQGEwJVUzESMBAGA1UEChMJVFNDUCBJbmMuMQwwCgYDVQQLEwNDQXMxHjAcBgNVBAMTFVRTQ1AgU0hBMjU2IEJyaWRnZSBDQTAeFw0xNzA1MTYwMDAwMDBaFw0yMDA1MTUyMzU5NTlaMFcxCzAJBgNVBAYTAlVTMRgwFgYDVQQKEw9VLlMuIEdvdmVybm1lbnQxDTALBgNVBAsTBEZQS0kxHzAdBgNVBAMTFkZlZGVyYWwgQnJpZGdlIENBIDIwMTYwggEiMA0GCSqGSIb3DQEBAQUAA4IBDwAwggEKAoIBAQC+nTV5byW19JCDbhO/U1DKzRyW1BxrgfKKmw9Gp9+37//tRFnOh5ZvX1ex/jOrR8eFl3c8ig4UzS95aicU0nhbpaVLODq43/aLC9pTESNZn6liMpD0Gk8Fgz49zZsVe5DYi6HNzLjAQ5/Np4u+I0F9KTPfWX1AwOPac8OvQ7+WWErCg7Iq4iF+k5dq+RVpjH4MaJE68LcsgVoKvZKGuYSZkpgEn9TEicKR4SFSSH7dAJ+P+S0+8uheClTMT4JILwwCXge2MuSTKTfMVnchdmYamfILE+LD+TvgmBycP/UjyIYvj8vpv18a4mgyB727tjeJ3rhw/cjJg0QrGL6GdxI5AgMBAAGjggLgMIIC3DAdBgNVHQ4EFgQUI7CzfRZU1AJWdus6vqlrL0N7KBYwDwYDVR0TAQH/BAUwAwEB/zB5BgNVHSAEcjBwMA4GDCsGAQQBgqlTAQEBATAOBgwrBgEEAYKpUwEBAQIwDgYMKwYBBAGCqVMBAQEDMA4GDCsGAQQBgqlTAQEBBDAOBgwrBgEEAYKpUwEBAQUwDgYMKwYBBAGCqVMBAQEGMA4GDCsGAQQBgqlTAQEBBzA+BgNVHR8ENzA1MDOgMaAvhi1odHRwOi8vdHNjcC1jcmwuc3ltYXV0aC5jb20vdHNjcGJjYXNoYTI1Ni5jcmwwDgYDVR0PAQH/BAQDAgEGMIIBBwYDVR0hBIH/MIH8MBoGDCsGAQQBgqlTAQEBAQYKYIZIAWUDAgEDAzAaBgwrBgEEAYKpUwEBAQEGCmCGSAFlAwIBAyUwGgYMKwYBBAGCqVMBAQEDBgpghkgBZQMCAQMOMBoGDCsGAQQBgqlTAQEBAgYKYIZIAWUDAgEDDDAaBgwrBgEEAYKpUwEBAQQGCmCGSAFlAwIBAw8wGgYMKwYBBAGCqVMBAQECBgpghkgBZQMCAQMmMBoGDCsGAQQBgqlTAQEBBQYKYIZIAWUDAgEDEjAaBgwrBgEEAYKpUwEBAQYGCmCGSAFlAwIBAxMwGgYMKwYBBAGCqVMBAQEHBgpghkgBZQMCAQMUMFMGCCsGAQUFBwELBEcwRTBDBggrBgEFBQcwBYY3aHR0cDovL2h0dHAuZnBraS5nb3YvYnJpZGdlL2NhQ2VydHNJc3N1ZWRCeWZiY2EyMDE2LnA3YzAKBgNVHTYEAwIBADBSBggrBgEFBQcBAQRGMEQwQgYIKwYBBQUHMAKGNmh0dHA6Ly90c2NwLWFpYS5zeW1hdXRoLmNvbS9Jc3N1ZWRUby10c2NwYmNhc2hhMjU2LnA3YzAfBgNVHSMEGDAWgBS4UWJmMEW+5QxXHCNofuZP9ws+9zANBgkqhkiG9w0BAQsFAAOCAQEAYzS0bRtIN6Laa1TUIgztPk31d9EGcCqUn49fgGzE0Gl3LPFDbpqig+ska8aEGKeOGh9lHv8uhHUT/VIhIZrE38ZC8EbUNjtdzmisKxfMVOnm6UQV6w3OJNWzYCp1IrDf3/ZMUi/IhVVL9mjeTyhqA5XSZDs9rHnpz88miZFmfzg/uAF04mZZ8Qaax4Ui+xcq2BjdhnTE7cDsNH39XFLQ4MpcPmuXgpmGS4qxBkAyJ3pJxG4JddDd1kpsP+1bjAmNw2cokZEvPESsQdoNjHdtU/ZEFZBEWZ1TIsCj9NvtCeLXY20DhxYYpZ//nytR5vmO486sA1x19G5NZgoUGqEQMDCCCAUwggbtoAMCAQICBEDYryYwDQYJKoZIhvcNAQELBQAwgYIxCzAJBgNVBAYTAlVTMRgwFgYDVQQKDA9VLlMuIEdvdmVybm1lbnQxIzAhBgNVBAsMGkdvdmVybm1lbnQgUHJpbnRpbmcgT2ZmaWNlMSIwIAYDVQQLDBlDZXJ0aWZpY2F0aW9uIEF1dGhvcml0aWVzMRAwDgYDVQQLDAdHUE8gUENBMB4XDTE3MDgwNDE5MjgyN1oXDTIwMDgwNDE5NTgyN1owVzELMAkGA1UEBhMCVVMxGDAWBgNVBAoTD1UuUy4gR292ZXJubWVudDENMAsGA1UECxMERlBLSTEfMB0GA1UEAxMWRmVkZXJhbCBCcmlkZ2UgQ0EgMjAxNjCCASIwDQYJKoZIhvcNAQEBBQADggEPADCCAQoCggEBAL6dNXlvJbX0kINuE79TUMrNHJbUHGuB8oqbD0an37fv/+1EWc6Hlm9fV7H+M6tHx4WXdzyKDhTNL3lqJxTSeFulpUs4Orjf9osL2lMRI1mfqWIykPQaTwWDPj3NmxV7kNiLoc3MuMBDn82ni74jQX0pM99ZfUDA49pzw69Dv5ZYSsKDsiriIX6Tl2r5FWmMfgxokTrwtyyBWgq9koa5hJmSmASf1MSJwpHhIVJIft0An4/5LT7y6F4KVMxPgkgvDAJeB7Yy5JMpN8xWdyF2ZhqZ8gsT4sP5O+CYHJw/9SPIhi+Py+m/XxriaDIHvbu2N4neuHD9yMmDRCsYvoZ3EjkCAwEAAaOCBKswggSnMA4GA1UdDwEB/wQEAwIBBjBPBgNVHSAESDBGMAwGCmCGSAFlAwIBEQEwDAYKYIZIAWUDAgERAjAMBgpghkgBZQMCAREDMAwGCmCGSAFlAwIBEQQwDAYKYIZIAWUDAgERBTAPBgNVHRMBAf8EBTADAQH/MFMGCCsGAQUFBwELBEcwRTBDBggrBgEFBQcwBYY3aHR0cDovL2h0dHAuZnBraS5nb3YvYnJpZGdlL2NhQ2VydHNJc3N1ZWRCeWZiY2EyMDE2LnA3YzCCAUgGCCsGAQUFBwEBBIIBOjCCATYwgcEGCCsGAQUFBzAChoG0bGRhcDovL2RpcmVjdG9yeS5vaXMuZ3BvLmdvdi9vdT1HUE8lMjBQQ0Esb3U9Q2VydGlmaWNhdGlvbiUyMEF1dGhvcml0aWVzLG91PUdvdmVybm1lbnQlMjBQcmludGluZyUyMG9mZmljZSxvPVUuUy4lMjBHb3Zlcm5tZW50LGM9VVM/Y0FDZXJ0aWZpY2F0ZTtiaW5hcnksY3Jvc3NDZXJ0aWZpY2F0ZVBhaXI7YmluYXJ5MEsGCCsGAQUFBzAChj9odHRwOi8vd3d3Lmdwby1mYmNhLWNybHMub2lzLmdwby5nb3YvR1BPLVBDQS1DQUNlcnRpZmljYXRlcy5wN2MwIwYIKwYBBQUHMAGGF2h0dHA6Ly93d3cub2NzcC5ncG8uZ292MFcGA1UdIQRQME4wGAYKYIZIAWUDAgERAQYKYIZIAWUDAgEDAzAYBgpghkgBZQMCARECBgpghkgBZQMCAQMMMBgGCmCGSAFlAwIBEQMGCmCGSAFlAwIBAyUwYAYDVR0eAQH/BFYwVKFSMFCkTjBMMQswCQYDVQQGEwJVUzEYMBYGA1UECgwPVS5TLiBHb3Zlcm5tZW50MSMwIQYDVQQLDBpHb3Zlcm5tZW50IFByaW50aW5nIE9mZmljZTAdBgNVHQ4EFgQUI7CzfRZU1AJWdus6vqlrL0N7KBYwggGVBgNVHR8EggGMMIIBiDCCAYSgggGAoIIBfIaBqmxkYXA6Ly9kaXJlY3Rvcnkub2lzLmdwby5nb3YvY249Q1JMNCxvdT1HUE8lMjBQQ0Esb3U9Q2VydGlmaWNhdGlvbiUyMEF1dGhvcml0aWVzLG91PUdvdmVybm1lbnQlMjBQcmludGluZyUyME9mZmljZSxvPVUuUy4lMjBHb3Zlcm5tZW50LGM9VVM/YXV0aG9yaXR5UmV2b2NhdGlvbkxpc3Q7YmluYXJ5hjZodHRwOi8vd3d3Lmdwby1mYmNhLWNybHMub2lzLmdwby5nb3YvR1BPLVBDQS1DUkxhNC5jcmykgZQwgZExCzAJBgNVBAYTAlVTMRgwFgYDVQQKDA9VLlMuIEdvdmVybm1lbnQxIzAhBgNVBAsMGkdvdmVybm1lbnQgUHJpbnRpbmcgT2ZmaWNlMSIwIAYDVQQLDBlDZXJ0aWZpY2F0aW9uIEF1dGhvcml0aWVzMRAwDgYDVQQLDAdHUE8gUENBMQ0wCwYDVQQDDARDUkw0MB8GA1UdIwQYMBaAFCJxeCG1hG2zAeMSdEFOTUUH6VL/MA0GCSqGSIb3DQEBCwUAA4IBAQBMv2u67cgKbDr219ZNlD51A1U2lfC2H6qNehcQ8LtYFXElhOIGRYQAe1N+2KLgSMz6BUIshMUwGz/snhkGOI0JZbIz90WRlh2RvwkIYWJChj7dOdy/5fKlnQrEZW7Qk9nMGvsdjT9vKYvSffvjIw+it6lCCORjGkDWUtPMonykrVc0pnQ+ajeV9tzok1dgF9u4QKeyhCOr7va5anUG20JFP5yWvjulv3yW1BsM9ZQ3YBARW9pN416RO3cdIeAEi2D1NHRPq9t2xjQKMZC7QGoh1B5/K8Q7AN+FGi3neGwxBoZLHeJLyiMBMActOrfpLcSdvPexR/xTmguP6DHhjNcwMIIG2TCCBcGgAwIBAgIETCfZ6TANBgkqhkiG9w0BAQsFADCBnDETMBEGCgmSJomT8ixkARkWA2dvdjEVMBMGCgmSJomT8ixkARkWBXVzcHRvMRYwFAYDVQQDEw1Db25maWd1cmF0aW9uMREwDwYDVQQDEwhTZXJ2aWNlczEcMBoGA1UEAxMTUHVibGljIEtleSBTZXJ2aWNlczEMMAoGA1UEAxMDQUlBMRcwFQYDVQQDFA5VU1BUT19JTlRSX0NBMTAeFw0xNjEyMTkxNDUyMjVaFw0xOTEyMTkxNTIyMjVaMFcxCzAJBgNVBAYTAlVTMRgwFgYDVQQKEw9VLlMuIEdvdmVybm1lbnQxDTALBgNVBAsTBEZQS0kxHzAdBgNVBAMTFkZlZGVyYWwgQnJpZGdlIENBIDIwMTYwggEiMA0GCSqGSIb3DQEBAQUAA4IBDwAwggEKAoIBAQC+nTV5byW19JCDbhO/U1DKzRyW1BxrgfKKmw9Gp9+37//tRFnOh5ZvX1ex/jOrR8eFl3c8ig4UzS95aicU0nhbpaVLODq43/aLC9pTESNZn6liMpD0Gk8Fgz49zZsVe5DYi6HNzLjAQ5/Np4u+I0F9KTPfWX1AwOPac8OvQ7+WWErCg7Iq4iF+k5dq+RVpjH4MaJE68LcsgVoKvZKGuYSZkpgEn9TEicKR4SFSSH7dAJ+P+S0+8uheClTMT4JILwwCXge2MuSTKTfMVnchdmYamfILE+LD+TvgmBycP/UjyIYvj8vpv18a4mgyB727tjeJ3rhw/cjJg0QrGL6GdxI5AgMBAAGjggNlMIIDYTAPBgNVHRMBAf8EBTADAQH/MA4GA1UdDwEB/wQEAwIBBjBdBgNVHSAEVjBUMAwGCmCGSAFlAwIBAgcwDAYKYIZIAWUDAgECCDAMBgpghkgBZQMCAQIJMAwGCmCGSAFlAwIBAgowDAYKYIZIAWUDAgECCzAMBgpghkgBZQMCAQIMMIGNBgNVHSEEgYUwgYIwGAYKYIZIAWUDAgECBwYKYIZIAWUDAgEDAjAYBgpghkgBZQMCAQIIBgpghkgBZQMCAQMDMBgGCmCGSAFlAwIBAgkGCmCGSAFlAwIBAwwwGAYKYIZIAWUDAgECCwYKYIZIAWUDAgEDJTAYBgpghkgBZQMCAQIMBgpghkgBZQMCAQMmMEAGA1UdHgEB/wQ2MDShMjAwpC4wLDETMBEGCgmSJomT8ixkARkWA2dvdjEVMBMGCgmSJomT8ixkARkWBXVzcHRvMHgGCCsGAQUFBwEBBGwwajAhBggrBgEFBQcwAYYVaHR0cDovL29jc3AudXNwdG8uZ292MEUGCCsGAQUFBzAChjlodHRwOi8vaXBraS51c3B0by5nb3YvSVBLSS9DZXJ0cy9DQWNlcnRzSXNzdWVkVG9VU1BUTy5wN2MwUwYIKwYBBQUHAQsERzBFMEMGCCsGAQUFBzAFhjdodHRwOi8vaHR0cC5mcGtpLmdvdi9icmlkZ2UvY2FDZXJ0c0lzc3VlZEJ5ZmJjYTIwMTYucDdjMB0GA1UdDgQWBBQjsLN9FlTUAlZ26zq+qWsvQ3soFjCB/QYDVR0fBIH1MIHyMDagNKAyhjBodHRwOi8vaXBraS51c3B0by5nb3YvSVBLSS9DUkxzL0NvbWJpbmVkQ1JMMi5jcmwwgbeggbSggbGkga4wgasxEzARBgoJkiaJk/IsZAEZFgNnb3YxFTATBgoJkiaJk/IsZAEZFgV1c3B0bzEWMBQGA1UEAxMNQ29uZmlndXJhdGlvbjERMA8GA1UEAxMIU2VydmljZXMxHDAaBgNVBAMTE1B1YmxpYyBLZXkgU2VydmljZXMxDDAKBgNVBAMTA0FJQTEXMBUGA1UEAxQOVVNQVE9fSU5UUl9DQTExDTALBgNVBAMTBENSTDEwHwYDVR0jBBgwFoAU3z85261gZVBfM5GaR6aOQU61T9swDQYJKoZIhvcNAQELBQADggEBAFTceSqE/3EwaXurZUuPQ33rsCQGWetLs66iqT0rFaYYZy5OamQJt0qNh7CdIUIFtQ0vdwFsLf/5Mf9q+mSnfAgQ561Re1hf/dl829ag9xvxxU82DShyhUeO+CS5aYmNYEX9rUSXpxw5MUfRL6Kq5ATmCxYi3/qU/DwD4SdPHMpFs3N+xIW7xj0WiQhyg2vX0QfElfTS4EGWLdlVG4Lx8L98R/gH85j12uDcM13RghudZhlWQWDNF+nAdHOV0/j4FbyuaXm+cykK49YiiwGKYiGc1ca1OFSomiDIzGSGy4qkmmkArnrjMOKHqb0M65OWoQIi9M6jGkOZnVGQtb1onfEwggY1MIIFHaADAgECAgIEJTANBgkqhkiG9w0BAQsFADBsMQswCQYDVQQGEwJVUzEYMBYGA1UEChMPVS5TLiBHb3Zlcm5tZW50MQwwCgYDVQQLEwNEb0QxDDAKBgNVBAsTA1BLSTEnMCUGA1UEAxMeRG9EIEludGVyb3BlcmFiaWxpdHkgUm9vdCBDQSAyMB4XDTE3MDUwOTEzMTQxNVoXDTIwMDUwOTEzMTQxNVowVzELMAkGA1UEBhMCVVMxGDAWBgNVBAoTD1UuUy4gR292ZXJubWVudDENMAsGA1UECxMERlBLSTEfMB0GA1UEAxMWRmVkZXJhbCBCcmlkZ2UgQ0EgMjAxNjCCASIwDQYJKoZIhvcNAQEBBQADggEPADCCAQoCggEBAL6dNXlvJbX0kINuE79TUMrNHJbUHGuB8oqbD0an37fv/+1EWc6Hlm9fV7H+M6tHx4WXdzyKDhTNL3lqJxTSeFulpUs4Orjf9osL2lMRI1mfqWIykPQaTwWDPj3NmxV7kNiLoc3MuMBDn82ni74jQX0pM99ZfUDA49pzw69Dv5ZYSsKDsiriIX6Tl2r5FWmMfgxokTrwtyyBWgq9koa5hJmSmASf1MSJwpHhIVJIft0An4/5LT7y6F4KVMxPgkgvDAJeB7Yy5JMpN8xWdyF2ZhqZ8gsT4sP5O+CYHJw/9SPIhi+Py+m/XxriaDIHvbu2N4neuHD9yMmDRCsYvoZ3EjkCAwEAAaOCAvQwggLwMB8GA1UdIwQYMBaAFP/4rhOLkit5kkGjdlwsgZ6axZx4MB0GA1UdDgQWBBQjsLN9FlTUAlZ26zq+qWsvQ3soFjAOBgNVHQ8BAf8EBAMCAQYwdwYDVR0gBHAwbjALBglghkgBZQIBCyQwCwYJYIZIAWUCAQsqMAwGCmCGSAFlAwIBAw0wDAYKYIZIAWUDAgEDETAMBgpghkgBZQMCAQMSMAwGCmCGSAFlAwIBAxMwDAYKYIZIAWUDAgEDFDAMBgpghkgBZQMCAQMnMFQGA1UdIQRNMEswFwYJYIZIAWUCAQskBgpghkgBZQMCAQMmMBcGCWCGSAFlAgELKgYKYIZIAWUDAgEDDDAXBglghkgBZQIBCyoGCmCGSAFlAwIBAwQwDwYDVR0TAQH/BAUwAwEB/zCBhAYDVR0eAQH/BHoweKF2MDmkNzA1MQswCQYDVQQGEwJVUzEYMBYGA1UEChMPVS5TLiBHb3Zlcm5tZW50MQwwCgYDVQQLEwNEb0QwOaQ3MDUxCzAJBgNVBAYTAlVTMRgwFgYDVQQKEw9VLlMuIEdvdmVybm1lbnQxDDAKBgNVBAsTA0VDQTAPBgNVHSQBAf8EBTADgAEAMEcGA1UdHwRAMD4wPKA6oDiGNmh0dHA6Ly9jcmwuZGlzYS5taWwvY3JsL0RPRElOVEVST1BFUkFCSUxJVFlST09UQ0EyLmNybDB8BggrBgEFBQcBAQRwMG4wSgYIKwYBBQUHMAKGPmh0dHA6Ly9jcmwuZGlzYS5taWwvaXNzdWVkdG8vRE9ESU5URVJPUEVSQUJJTElUWVJPT1RDQTJfSVQucDdjMCAGCCsGAQUFBzABhhRodHRwOi8vb2NzcC5kaXNhLm1pbDBTBggrBgEFBQcBCwRHMEUwQwYIKwYBBQUHMAWGN2h0dHA6Ly9odHRwLmZwa2kuZ292L2JyaWRnZS9jYUNlcnRzSXNzdWVkQnlmYmNhMjAxNi5wN2MwCgYDVR02BAMCAQAwDQYJKoZIhvcNAQELBQADggEBALcCpORhZkBY5Wq/eNICQLjGUypuFiZG4bR1ukiU67XsTIWwPm9wJq8QLZ6jSvCkqxTne8J/AUv5XVIYDs2bHVyFDSRUUWAfyHAs/1VdxJPRenmi6nyFQHJ6Evj61eMlREFrWiBItvhZg+1Ue9f1lwsk2JkgVngFZYcPq807hwDXKV5ncd95MkbpyodidVIPJhzKGg4zE9osMh1u/BH0GRtbrL2bJrxq871jc4vzZudry9ibrqnQcamuCsNr6vsLKbFA7gztTZkI3FV5UJAm++Px1lNrGscFFd8pM2JV+bDbEq2poK2ix3/e+VNckPXwgH+Yon3nY1V2yzNJ5IbBy+kwggdZMIIGQaADAgECAgIVcDANBgkqhkiG9w0BAQsFADBbMQswCQYDVQQGEwJVUzETMBEGA1UEChMKQ3liZXJ0cnVzdDERMA8GA1UECxMIU2VydmljZXMxDDAKBgNVBAsTA1BLSTEWMBQGA1UEAxMNQ1QtQ1NTUC1DQS1BMTAeFw0xNzA1MjYxODQxNTFaFw0yMDA1MjYxODM3MDFaMFcxCzAJBgNVBAYTAlVTMRgwFgYDVQQKEw9VLlMuIEdvdmVybm1lbnQxDTALBgNVBAsTBEZQS0kxHzAdBgNVBAMTFkZlZGVyYWwgQnJpZGdlIENBIDIwMTYwggEiMA0GCSqGSIb3DQEBAQUAA4IBDwAwggEKAoIBAQC+nTV5byW19JCDbhO/U1DKzRyW1BxrgfKKmw9Gp9+37//tRFnOh5ZvX1ex/jOrR8eFl3c8ig4UzS95aicU0nhbpaVLODq43/aLC9pTESNZn6liMpD0Gk8Fgz49zZsVe5DYi6HNzLjAQ5/Np4u+I0F9KTPfWX1AwOPac8OvQ7+WWErCg7Iq4iF+k5dq+RVpjH4MaJE68LcsgVoKvZKGuYSZkpgEn9TEicKR4SFSSH7dAJ+P+S0+8uheClTMT4JILwwCXge2MuSTKTfMVnchdmYamfILE+LD+TvgmBycP/UjyIYvj8vpv18a4mgyB727tjeJ3rhw/cjJg0QrGL6GdxI5AgMBAAGjggQpMIIEJTAPBgNVHRMBAf8EBTADAQH/MIHOBgNVHSAEgcYwgcMwDQYLKwYBBAGBtikBAQEwDQYLKwYBBAGBtikBAQIwDQYLKwYBBAGBtikBAQMwDQYLKwYBBAGBtikBAQQwDQYLKwYBBAGBtikBAQUwDQYLKwYBBAGBtikBAQYwDQYLKwYBBAGBtikBAQcwDQYLKwYBBAGBtikBAQgwDQYLKwYBBAGBtikBAQkwDQYLKwYBBAGBtikBAQowDQYLKwYBBAGBtikBAQswDQYLKwYBBAGBtikBAQwwDQYLKwYBBAGBtikBAQ0wggFsBgNVHSEEggFjMIIBXzAZBgsrBgEEAYG2KQEBBQYKYIZIAWUDAgEDAjAZBgsrBgEEAYG2KQEBAQYKYIZIAWUDAgEDDjAZBgsrBgEEAYG2KQEBBwYKYIZIAWUDAgEDAzAZBgsrBgEEAYG2KQEBAwYKYIZIAWUDAgEDJTAZBgsrBgEEAYG2KQEBCQYKYIZIAWUDAgEDJTAZBgsrBgEEAYG2KQEBAgYKYIZIAWUDAgEDDzAZBgsrBgEEAYG2KQEBBAYKYIZIAWUDAgEDDzAZBgsrBgEEAYG2KQEBBgYKYIZIAWUDAgEDDzAZBgsrBgEEAYG2KQEBCgYKYIZIAWUDAgEDEjAZBgsrBgEEAYG2KQEBCAYKYIZIAWUDAgEDEjAZBgsrBgEEAYG2KQEBDAYKYIZIAWUDAgEDEzAZBgsrBgEEAYG2KQEBCwYKYIZIAWUDAgEDFDAZBgsrBgEEAYG2KQEBDQYKYIZIAWUDAgEDJjCBiAYIKwYBBQUHAQEEfDB6MD4GCCsGAQUFBzAChjJodHRwOi8vYWlhMS5jb20tc3Ryb25nLWlkLm5ldC9DQS9DVC1DU1NQLUNBLUExLnA3YzA4BggrBgEFBQcwAYYsaHR0cDovL29jc3AxLmNvbS1zdHJvbmctaWQubmV0L0NULUNTU1AtQ0EtQTEwUwYIKwYBBQUHAQsERzBFMEMGCCsGAQUFBzAFhjdodHRwOi8vaHR0cC5mcGtpLmdvdi9icmlkZ2UvY2FDZXJ0c0lzc3VlZEJ5ZmJjYTIwMTYucDdjMFsGA1UdHgEB/wRRME+hTTAmpCQwIjELMAkGA1UEBhMCVVMxEzARBgNVBAoTCkN5YmVydHJ1c3QwI6QhMB8xCzAJBgNVBAYTAlVTMRAwDgYDVQQKEwdWZXJpem9uMA4GA1UdDwEB/wQEAwIBBjAfBgNVHSMEGDAWgBR9Kn7Ok3UJlgmfc5/uQhR5AUsRZzBEBgNVHR8EPTA7MDmgN6A1hjNodHRwOi8vY2RwMS5jb20tc3Ryb25nLWlkLm5ldC9DRFAvQ1QtQ1NTUC1DQS1BMS5jcmwwHQYDVR0OBBYEFCOws30WVNQCVnbrOr6pay9DeygWMA0GCSqGSIb3DQEBCwUAA4IBAQBoTAKZsu6gtlqn45aWY8+Fji87slQHVFmP0AHsHk5yShz4WNm46FsvTrMApWpM7zc2BVOvUiBntLKZEn7eIsBiEh4vcos1A2GssMq36fxFjo1uths+gJbxBazycdIrpI83ERn1uKe85Ey6G8DaCzWJQ9pjz0I6lL5E7JA4BjUxP7fnGuzaIBcZrSA5ai/tJkCUmI4KT9AXny5IZZ2i5rWmectHvnieCbmIUGMkPpeouxMB45lofrCbUdGPguKbp8zGBYDdUaw+w+C81rzSv9sNVDVG+wX1nnzi7PN7gTBCnUD2AuXr28wqdmj8hr6fJpBlQl+PvoAMsA2vozQB9kTbMIIH/zCCBeegAwIBAgIBSTANBgkqhkiG9w0BAQsFADB6MQswCQYDVQQGEwJVUzEOMAwGA1UEChMFU1RSQUMxJzAlBgNVBAsTHlNUUkFDIFBLSSBUcnVzdCBJbmZyYXN0cnVjdHVyZTEyMDAGA1UEAxMpU1RSQUMgQnJpZGdlIFJvb3QgQ2VydGlmaWNhdGlvbiBBdXRob3JpdHkwHhcNMTcwNTEwMTk1MDUwWhcNMTkwMjIxMjAxNzAwWjBXMQswCQYDVQQGEwJVUzEYMBYGA1UEChMPVS5TLiBHb3Zlcm5tZW50MQ0wCwYDVQQLEwRGUEtJMR8wHQYDVQQDExZGZWRlcmFsIEJyaWRnZSBDQSAyMDE2MIIBIjANBgkqhkiG9w0BAQEFAAOCAQ8AMIIBCgKCAQEAvp01eW8ltfSQg24Tv1NQys0cltQca4HyipsPRqfft+//7URZzoeWb19Xsf4zq0fHhZd3PIoOFM0veWonFNJ4W6WlSzg6uN/2iwvaUxEjWZ+pYjKQ9BpPBYM+Pc2bFXuQ2Iuhzcy4wEOfzaeLviNBfSkz31l9QMDj2nPDr0O/llhKwoOyKuIhfpOXavkVaYx+DGiROvC3LIFaCr2ShrmEmZKYBJ/UxInCkeEhUkh+3QCfj/ktPvLoXgpUzE+CSC8MAl4HtjLkkyk3zFZ3IXZmGpnyCxPiw/k74JgcnD/1I8iGL4/L6b9fGuJoMge9u7Y3id64cP3IyYNEKxi+hncSOQIDAQABo4IDsTCCA60wHwYDVR0jBBgwFoAUqCFQZ0AKOrS3Z9eWqjOfVUevXT0wHQYDVR0OBBYEFCOws30WVNQCVnbrOr6pay9DeygWMA4GA1UdDwEB/wQEAwIBBjCBuwYDVR0gBIGzMIGwMA4GDCsGAQQBgrZtAgEFATAOBgwrBgEEAYK2bQIBBQIwDgYMKwYBBAGCtm0CAQUDMA4GDCsGAQQBgrZtAgEFBDAOBgwrBgEEAYK2bQIBBQUwDgYMKwYBBAGCtm0CAQUGMA4GDCsGAQQBgrZtAgEFBzAOBgwrBgEEAYK2bQIBBQgwDgYMKwYBBAGCtm0CAQUJMA4GDCsGAQQBgrZtAgEFCjAOBgwrBgEEAYK2bQIBBQswDwYDVR0TAQH/BAUwAwEB/zBGBgNVHR8EPzA9MDugOaA3hjVodHRwOi8vcGtpLnN0cmFjLm9yZy9icmlkZ2UvY3JsL1NUUkFDQnJpZGdlUm9vdENBLmNybDCBgwYIKwYBBQUHAQEEdzB1MEoGCCsGAQUFBzAChj5odHRwOi8vcGtpLnN0cmFjLm9yZy9icmlkZ2UvY2VydGlmaWNhdGVzL1NUUkFDQnJpZGdlUm9vdENBLnA3YzAnBggrBgEFBQcwAYYbaHR0cDovL2NlcnRzdGF0dXMuc3RyYWMub3JnMFMGCCsGAQUFBwELBEcwRTBDBggrBgEFBQcwBYY3aHR0cDovL2h0dHAuZnBraS5nb3YvYnJpZGdlL2NhQ2VydHNJc3N1ZWRCeWZiY2EyMDE2LnA3YzAYBgNVHRIEETAPgQ1wa2lAc3RyYWMub3JnMIIBQQYDVR0hBIIBODCCATQwGgYMKwYBBAGCtm0CAQUBBgpghkgBZQMCAQMBMBoGDCsGAQQBgrZtAgEFAgYKYIZIAWUDAgEDAjAaBgwrBgEEAYK2bQIBBQMGCmCGSAFlAwIBAwMwGgYMKwYBBAGCtm0CAQUEBgpghkgBZQMCAQMMMBoGDCsGAQQBgrZtAgEFBQYKYIZIAWUDAgEDDjAaBgwrBgEEAYK2bQIBBQYGCmCGSAFlAwIBAw8wGgYMKwYBBAGCtm0CAQUHBgpghkgBZQMCAQMSMBoGDCsGAQQBgrZtAgEFCAYKYIZIAWUDAgEDEzAaBgwrBgEEAYK2bQIBBQkGCmCGSAFlAwIBAxQwGgYMKwYBBAGCtm0CAQUKBgpghkgBZQMCAQMlMBoGDCsGAQQBgrZtAgEFCwYKYIZIAWUDAgEDJjAKBgNVHTYEAwIBADANBgkqhkiG9w0BAQsFAAOCAgEAPVDiRsO2EIYH000esvDa5EqPU5e0kggeaWtyPVB1x0pyKbopOcVejPiXxP6nJxV192meL1HDZpR1E7GzILrQ8KVCDyG7FIkNMD+RTwbQHEz5syB4QG+I5uFwyMInARiZG4Sc9nzVNP+iSfH9SIuKHrB36yeIo+ltIaehHCo+0lVNmw800DSd/mgpMeFNFbFrqFgbVNcyVZA96I2Z0SuVO8ve7hTzFF04UcZCB/CWcMGSec+16wfYIOwVVadecLKR9yyVQVCw1zjim638aNnn1z07/xoQ7HrEw7HtdLeHCp5i9t5TR4d9fTqbyNfzQKhKQUsot2RWDZQxabOgePcgDQ9tinrbcC0LbufvPlGH/g5NEJfsM8kXZQRy2wo2ijmg/prcIRyB0dd7AzU6pwE/ThM0Z5cHG+X/vzKYCURegVIy4QBFC4x4cJ8Q3I62ZKaJcgjD9yGs2m++Fu3KvfUFaxebHnrUFfRLw8708gHQgKDOItsbNn/bqxx5ULKyWLCUmL9EA3N3cnpjTGIb4ZzHkvxfHJ4ph8668RTUVInC4ooA5Omvd0yaISUge4mxZv5QmcQpNgpdVqLPRmNg/mqrkieMdVR30OSgIhXiLvbR19xhdGmtLqtjt4OSMs4BhcddUPEDwFWwFxxnEuFA8ahfLLkdHTR5Xuxii70Tic9Hw8owggrGMIIJrqADAgECAgRKqM59MA0GCSqGSIb3DQEBCwUAMHIxCzAJBgNVBAYTAlVTMRAwDgYDVQQKEwdFbnRydXN0MSIwIAYDVQQLExlDZXJ0aWZpY2F0aW9uIEF1dGhvcml0aWVzMS0wKwYDVQQLEyRFbnRydXN0IE1hbmFnZWQgU2VydmljZXMgTkZJIFJvb3QgQ0EwHhcNMTcxMTIxMDA0MzM3WhcNMjAxMTIxMDExMzM3WjBXMQswCQYDVQQGEwJVUzEYMBYGA1UEChMPVS5TLiBHb3Zlcm5tZW50MQ0wCwYDVQQLEwRGUEtJMR8wHQYDVQQDExZGZWRlcmFsIEJyaWRnZSBDQSAyMDE2MIIBIjANBgkqhkiG9w0BAQEFAAOCAQ8AMIIBCgKCAQEAvp01eW8ltfSQg24Tv1NQys0cltQca4HyipsPRqfft+//7URZzoeWb19Xsf4zq0fHhZd3PIoOFM0veWonFNJ4W6WlSzg6uN/2iwvaUxEjWZ+pYjKQ9BpPBYM+Pc2bFXuQ2Iuhzcy4wEOfzaeLviNBfSkz31l9QMDj2nPDr0O/llhKwoOyKuIhfpOXavkVaYx+DGiROvC3LIFaCr2ShrmEmZKYBJ/UxInCkeEhUkh+3QCfj/ktPvLoXgpUzE+CSC8MAl4HtjLkkyk3zFZ3IXZmGpnyCxPiw/k74JgcnD/1I8iGL4/L6b9fGuJoMge9u7Y3id64cP3IyYNEKxi+hncSOQIDAQABo4IHfTCCB3kwDgYDVR0PAQH/BAQDAgEGMIGkBgNVHSAEgZwwgZkwDwYNYIZIAYb6a4FIAwoHATAPBg1ghkgBhvprgUgDCgcCMA8GDWCGSAGG+muBSAMKBwMwDwYNYIZIAYb6a4FIAwoHBDAPBg1ghkgBhvprgUgDCgcFMA8GDWCGSAGG+muBSAMKBwYwDwYNYIZIAYb6a4FIAwoHBzAPBg1ghkgBhvprgUgDCgcIMA8GDWCGSAGG+muBSAMKBwkwDwYDVR0TAQH/BAUwAwEB/zCCAxwGA1UdIQSCAxMwggMPMBsGDWCGSAGG+muBSAMKBwgGCmCGSAFlAwIBAwEwGwYNYIZIAYb6a4FIAwoHCAYKYIZIAWUDAgEDAjAbBg1ghkgBhvprgUgDCgcIBgpghkgBZQMCAQMDMBsGDWCGSAGG+muBSAMKBwgGCmCGSAFlAwIBAwwwGwYNYIZIAYb6a4FIAwoHCAYKYIZIAWUDAgEDBDAbBg1ghkgBhvprgUgDCgcHBgpghkgBZQMCAQMCMBsGDWCGSAGG+muBSAMKBwcGCmCGSAFlAwIBAwMwGwYNYIZIAYb6a4FIAwoHBwYKYIZIAWUDAgEDDDAbBg1ghkgBhvprgUgDCgcHBgpghkgBZQMCAQMEMBsGDWCGSAGG+muBSAMKBwEGCmCGSAFlAwIBAwMwGwYNYIZIAYb6a4FIAwoHAQYKYIZIAWUDAgEDDDAbBg1ghkgBhvprgUgDCgcBBgpghkgBZQMCAQMEMBsGDWCGSAGG+muBSAMKBwMGCmCGSAFlAwIBAwMwGwYNYIZIAYb6a4FIAwoHAwYKYIZIAWUDAgEDDDAbBg1ghkgBhvprgUgDCgcDBgpghkgBZQMCAQMEMBsGDWCGSAGG+muBSAMKBwMGCmCGSAFlAwIBAwgwGwYNYIZIAYb6a4FIAwoHAgYKYIZIAWUDAgEDDDAbBg1ghkgBhvprgUgDCgcCBgpghkgBZQMCAQMEMBsGDWCGSAGG+muBSAMKBwQGCmCGSAFlAwIBAwwwGwYNYIZIAYb6a4FIAwoHBAYKYIZIAWUDAgEDBDAbBg1ghkgBhvprgUgDCgcIBgpghkgBZQMCAQMSMBsGDWCGSAGG+muBSAMKBwcGCmCGSAFlAwIBAxIwGwYNYIZIAYb6a4FIAwoHAQYKYIZIAWUDAgEDEjAbBg1ghkgBhvprgUgDCgcCBgpghkgBZQMCAQMSMBsGDWCGSAGG+muBSAMKBwUGCmCGSAFlAwIBAxMwGwYNYIZIAYb6a4FIAwoHBgYKYIZIAWUDAgEDEjAbBg1ghkgBhvprgUgDCgcJBgpghkgBZQMCAQMUMIIBWgYIKwYBBQUHAQEEggFMMIIBSDCBwwYIKwYBBQUHMAKGgbZsZGFwOi8vbmZpcm9vdGRpci5tYW5hZ2VkLmVudHJ1c3QuY29tL291PUVudHJ1c3QlMjBNYW5hZ2VkJTIwU2VydmljZXMlMjBORkklMjBSb290JTIwQ0Esb3U9Q2VydGlmaWNhdGlvbiUyMEF1dGhvcml0aWVzLG89RW50cnVzdCxjPVVTP2NBQ2VydGlmaWNhdGU7YmluYXJ5LGNyb3NzQ2VydGlmaWNhdGVQYWlyO2JpbmFyeTBQBggrBgEFBQcwAoZEaHR0cDovL25maXJvb3R3ZWIubWFuYWdlZC5lbnRydXN0LmNvbS9BSUEvQ2VydHNJc3N1ZWRUb05GSVJvb3RDQS5wN2MwLgYIKwYBBQUHMAGGImh0dHA6Ly9uZmlvY3NwLm1hbmFnZWQuZW50cnVzdC5jb20wUwYIKwYBBQUHAQsERzBFMEMGCCsGAQUFBzAFhjdodHRwOi8vaHR0cC5mcGtpLmdvdi9icmlkZ2UvY2FDZXJ0c0lzc3VlZEJ5ZmJjYTIwMTYucDdjMB0GA1UdDgQWBBQjsLN9FlTUAlZ26zq+qWsvQ3soFjCCAZoGA1UdHwSCAZEwggGNMIH6oIH3oIH0hjlodHRwOi8vbmZpcm9vdHdlYi5tYW5hZ2VkLmVudHJ1c3QuY29tL0NSTHMvTkZJUm9vdENBMi5jcmyGgbZsZGFwOi8vbmZpcm9vdGRpci5tYW5hZ2VkLmVudHJ1c3QuY29tL2NuPVdpbkNvbWJpbmVkMixvdT1FbnRydXN0JTIwTWFuYWdlZCUyMFNlcnZpY2VzJTIwTkZJJTIwUm9vdCUyMENBLG91PUNlcnRpZmljYXRpb24lMjBBdXRob3JpdGllcyxvPUVudHJ1c3QsYz1VUz9jZXJ0aWZpY2F0ZVJldm9jYXRpb25MaXN0O2JpbmFyeTCBjaCBiqCBh6SBhDCBgTELMAkGA1UEBhMCVVMxEDAOBgNVBAoTB0VudHJ1c3QxIjAgBgNVBAsTGUNlcnRpZmljYXRpb24gQXV0aG9yaXRpZXMxLTArBgNVBAsTJEVudHJ1c3QgTWFuYWdlZCBTZXJ2aWNlcyBORkkgUm9vdCBDQTENMAsGA1UEAxMEQ1JMMTAfBgNVHSMEGDAWgBT63yMBxKrsI+Otbw00pQ3POWRlXjANBgkqhkiG9w0BAQsFAAOCAQEAtlp/Dlxbw1CMVttC0yYDv0jSxITxmqMr4gZtr69bm+swzkoDTBNtyHxE/G08SQRFSSHzfhX0mvZ66TXzh33vAZcPd/kPY6UB35FDSE3JKFB5m8vFordYyowhQYRL0w9WWxe8mtJVjs+dUUtVTvUgMpCywTClaZl+lb4AxWo5YPygkWnmm25cLGxGfd0fgvbR6uThb6YLVsLUMteTvrKooSTrCCLC7eVljYcilBZQE83CGimy9rugYLfSVW3/6j3BWi5SYxtVd3byRyp9VCalFiUgHkZixe/TPRcpsV8IE8aSPpLJhauyuV6HbpevV5+tYHCGAvqyBz+QaHSn3KzemzCCCT0wgggloAMCAQICEFGxEjPPmTMmJOK4hJDbKRcwDQYJKoZIhvcNAQELBQAwbDELMAkGA1UEBhMCVVMxFjAUBgNVBAoTDUNlcnRpUGF0aCBMTEMxIjAgBgNVBAsTGUNlcnRpZmljYXRpb24gQXV0aG9yaXRpZXMxITAfBgNVBAMTGENlcnRpUGF0aCBCcmlkZ2UgQ0EgLSBHMjAeFw0xNzA0MjAwMDAwMDBaFw0xOTA0MzAyMzU5NTlaMFcxCzAJBgNVBAYTAlVTMRgwFgYDVQQKEw9VLlMuIEdvdmVybm1lbnQxDTALBgNVBAsTBEZQS0kxHzAdBgNVBAMTFkZlZGVyYWwgQnJpZGdlIENBIDIwMTYwggEiMA0GCSqGSIb3DQEBAQUAA4IBDwAwggEKAoIBAQC+nTV5byW19JCDbhO/U1DKzRyW1BxrgfKKmw9Gp9+37//tRFnOh5ZvX1ex/jOrR8eFl3c8ig4UzS95aicU0nhbpaVLODq43/aLC9pTESNZn6liMpD0Gk8Fgz49zZsVe5DYi6HNzLjAQ5/Np4u+I0F9KTPfWX1AwOPac8OvQ7+WWErCg7Iq4iF+k5dq+RVpjH4MaJE68LcsgVoKvZKGuYSZkpgEn9TEicKR4SFSSH7dAJ+P+S0+8uheClTMT4JILwwCXge2MuSTKTfMVnchdmYamfILE+LD+TvgmBycP/UjyIYvj8vpv18a4mgyB727tjeJ3rhw/cjJg0QrGL6GdxI5AgMBAAGjggXuMIIF6jAdBgNVHQ4EFgQUI7CzfRZU1AJWdus6vqlrL0N7KBYwDwYDVR0TAQH/BAUwAwEB/zCBqwYDVR0gBIGjMIGgMA4GDCsGAQQBgbtTAQEBATAOBgwrBgEEAYG7UwEBAQIwDgYMKwYBBAGBu1MBAQEDMA4GDCsGAQQBgbtTAQEBBDAOBgwrBgEEAYG7UwEBAQUwDgYMKwYBBAGBu1MBAQEHMA4GDCsGAQQBgbtTAQEBCDAOBgwrBgEEAYG7UwEBAQkwDgYMKwYBBAGBu1MBAQEXMA4GDCsGAQQBgbtTAQEBGDBKBgNVHR8EQzBBMD+gPaA7hjlodHRwOi8vY2VydGlwYXRoLWNybC5zeW1hdXRoLmNvbS9DZXJ0aVBhdGhCcmlkZ2VDQS1HMi5jcmwwDgYDVR0PAQH/BAQDAgEGMFMGCCsGAQUFBwELBEcwRTBDBggrBgEFBQcwBYY3aHR0cDovL2h0dHAuZnBraS5nb3YvYnJpZGdlL2NhQ2VydHNJc3N1ZWRCeWZiY2EyMDE2LnA3YzAKBgNVHTYEAwIBADAMBgNVHSQEBTADgQEBMIIDxQYDVR0hBIIDvDCCA7gwGgYMKwYBBAGBu1MBAQEBBgpghkgBZQMCAQMDMBoGDCsGAQQBgbtTAQEBAgYKYIZIAWUDAgEDDDAaBgwrBgEEAYG7UwEBAQMGCmCGSAFlAwIBAwQwGgYMKwYBBAGBu1MBAQEEBgpghkgBZQMCAQMOMBoGDCsGAQQBgbtTAQEBBQYKYIZIAWUDAgEDDzAaBgwrBgEEAYG7UwEBAQcGCmCGSAFlAwIBAxIwGgYMKwYBBAGBu1MBAQEIBgpghkgBZQMCAQMTMBoGDCsGAQQBgbtTAQEBCQYKYIZIAWUDAgEDFDAaBgwrBgEEAYG7UwEBARcGCmCGSAFlAwIBAyUwGgYMKwYBBAGBu1MBAQEYBgpghkgBZQMCAQMmMBoGDCsGAQQBgbtTAQEBAQYKYIZIAWUDAgEDDDAaBgwrBgEEAYG7UwEBAQEGCmCGSAFlAwIBAwQwGgYMKwYBBAGBu1MBAQEBBgpghkgBZQMCAQMSMBoGDCsGAQQBgbtTAQEBAQYKYIZIAWUDAgEDDTAaBgwrBgEEAYG7UwEBAQEGCmCGSAFlAwIBAyUwGgYMKwYBBAGBu1MBAQECBgpghkgBZQMCAQMEMBoGDCsGAQQBgbtTAQEBAgYKYIZIAWUDAgEDEjAaBgwrBgEEAYG7UwEBAQIGCmCGSAFlAwIBAw0wGgYMKwYBBAGBu1MBAQEEBgpghkgBZQMCAQMPMBoGDCsGAQQBgbtTAQEBBAYKYIZIAWUDAgEDAzAaBgwrBgEEAYG7UwEBAQQGCmCGSAFlAwIBAwwwGgYMKwYBBAGBu1MBAQEEBgpghkgBZQMCAQMEMBoGDCsGAQQBgbtTAQEBBAYKYIZIAWUDAgEDEjAaBgwrBgEEAYG7UwEBAQQGCmCGSAFlAwIBAw0wGgYMKwYBBAGBu1MBAQEEBgpghkgBZQMCAQMlMBoGDCsGAQQBgbtTAQEBBQYKYIZIAWUDAgEDDDAaBgwrBgEEAYG7UwEBAQUGCmCGSAFlAwIBAwQwGgYMKwYBBAGBu1MBAQEFBgpghkgBZQMCAQMSMBoGDCsGAQQBgbtTAQEBBQYKYIZIAWUDAgEDDTAaBgwrBgEEAYG7UwEBAQcGCmCGSAFlAwIBAwwwGgYMKwYBBAGBu1MBAQEHBgpghkgBZQMCAQMNMBoGDCsGAQQBgbtTAQEBCAYKYIZIAWUDAgEDETAaBgwrBgEEAYG7UwEBAQkGCmCGSAFlAwIBAycwGgYMKwYBBAGBu1MBAQEXBgpghkgBZQMCAQMmMFUGCCsGAQUFBwEBBEkwRzBFBggrBgEFBQcwAoY5aHR0cDovL2NlcnRpcGF0aC1haWEuc3ltYXV0aC5jb20vQ2VydGlQYXRoQnJpZGdlQ0EtRzIucDdjMB8GA1UdIwQYMBaAFNDCjBM3M3ZKkag84ei3/aKc0d0UMA0GCSqGSIb3DQEBCwUAA4IBAQCB0jnqVuGkZij4KIv26dnUb6CaCLdqHFDmSp6swLF7mOmBcN8YINyfG9a4mPwmSARcdqZf7kipWn0Ra6+OUAhwX5Sw8IlxTQasckMEu0bdRh76pa2PIzYrSQKd8ZDZBmiXZXREkgRqAUwaVgWhbEuvtHOJznTQ8Rl11+PCSh8BDkQ/yZXfN5ab2xoGrOssYRDtVNUIq6Dc72oPa1DKQxm/IUMayNKuH1GGOpdUL2KG1e1zviTJcSul8oZlAD4IZcSuCjkH93cnORStxQB+Dwj/jalt4hoJs54GBLiVUq3mZvubAfpwhHsGjxh4v/qn7qST0+cvWLJr5/4xtooBf0KOMIIFvzCCBKegAwIBAgIPV0JFhVVNmRA6qrn5QKD/MA0GCSqGSIb3DQEBCwUAMDYxCzAJBgNVBAYTAlVTMRAwDgYDVQQKEwdPUkMgUEtJMRUwEwYDVQQDEwxPUkMgTkZJIENBIDMwHhcNMTcwNzEyMTkxMjAwWhcNMjAwNzEyMTkxMjAwWjBXMQswCQYDVQQGEwJVUzEYMBYGA1UEChMPVS5TLiBHb3Zlcm5tZW50MQ0wCwYDVQQLEwRGUEtJMR8wHQYDVQQDExZGZWRlcmFsIEJyaWRnZSBDQSAyMDE2MIIBIjANBgkqhkiG9w0BAQEFAAOCAQ8AMIIBCgKCAQEAvp01eW8ltfSQg24Tv1NQys0cltQca4HyipsPRqfft+//7URZzoeWb19Xsf4zq0fHhZd3PIoOFM0veWonFNJ4W6WlSzg6uN/2iwvaUxEjWZ+pYjKQ9BpPBYM+Pc2bFXuQ2Iuhzcy4wEOfzaeLviNBfSkz31l9QMDj2nPDr0O/llhKwoOyKuIhfpOXavkVaYx+DGiROvC3LIFaCr2ShrmEmZKYBJ/UxInCkeEhUkh+3QCfj/ktPvLoXgpUzE+CSC8MAl4HtjLkkyk3zFZ3IXZmGpnyCxPiw/k74JgcnD/1I8iGL4/L6b9fGuJoMge9u7Y3id64cP3IyYNEKxi+hncSOQIDAQABo4ICpzCCAqMwbwYIKwYBBQUHAQEEYzBhMCQGCCsGAQUFBzABhhhodHRwOi8vbmZpMy5ldmEub3JjLmNvbS8wOQYIKwYBBQUHMAKGLWh0dHA6Ly9jcmwtc2VydmVyLm9yYy5jb20vY2FDZXJ0cy9PUkNORkkzLnA3YzAfBgNVHSMEGDAWgBTZHyyzhyldB/5JaC2A8t1m9k+khjAPBgNVHRMBAf8EBTADAQH/MHIGA1UdIARrMGkwDQYLKwYBBAGeUgEBAQMwDQYLKwYBBAGeUgEBAQwwDQYLKwYBBAGeUgEBASUwDQYLKwYBBAGeUgEBASYwDQYLKwYBBAGeUgEBARIwDQYLKwYBBAGeUgEBARMwDQYLKwYBBAGeUgEBARQwOwYDVR0fBDQwMjAwoC6gLIYqaHR0cDovL2NybC1zZXJ2ZXIub3JjLmNvbS9DUkxzL09SQ05GSTMuY3JsMA4GA1UdDwEB/wQEAwIBBjCByAYDVR0hBIHAMIG9MBkGCysGAQQBnlIBAQEDBgpghkgBZQMCAQMDMBkGCysGAQQBnlIBAQEMBgpghkgBZQMCAQMMMBkGCysGAQQBnlIBAQElBgpghkgBZQMCAQMlMBkGCysGAQQBnlIBAQEmBgpghkgBZQMCAQMmMBkGCysGAQQBnlIBAQESBgpghkgBZQMCAQMSMBkGCysGAQQBnlIBAQETBgpghkgBZQMCAQMTMBkGCysGAQQBnlIBAQEUBgpghkgBZQMCAQMUMB0GA1UdDgQWBBQjsLN9FlTUAlZ26zq+qWsvQ3soFjBTBggrBgEFBQcBCwRHMEUwQwYIKwYBBQUHMAWGN2h0dHA6Ly9odHRwLmZwa2kuZ292L2JyaWRnZS9jYUNlcnRzSXNzdWVkQnlmYmNhMjAxNi5wN2MwDQYJKoZIhvcNAQELBQADggEBAEMq0dD2eiFsTRvFaeP+NRNzk0REAQCXS+AmxYLAmGAIfzJoiLUcOKcWN8N3YikEms//GFv3+9BwK9jqazUeNGJB3fnXGoIjw8qk5cA2sCmu06uxbTAbrjbCZziMKBIezdleS0C19EEcypLTOSIJiVARdJ4UQsqcfRo1RP/dWYrAFRIlpDlCyXBheeFA+cfktviZgy+p9oPMMeT91XEqbF7DZZUSK7Rsc45auKhwm7G1ppP32vKMRl8zD82x1nVs2CW1kTEG01rcRBoAEFyzETnQbXclNUQrKArHn2/LFNSGlFnSTVzKezKdmkN7Hz6jtEl52VxcPLY6vReGcVY8hAQwggW+MIIEpqADAgECAhMuAAAABj7Q8KabW/xUAAAAAAAGMA0GCSqGSIb3DQEBCwUAMH4xCzAJBgNVBAYTAlVTMRQwEgYDVQQKEwtFeG9zdGFyIExMQzEiMCAGA1UECxMZQ2VydGlmaWNhdGlvbiBBdXRob3JpdGllczE1MDMGA1UEAxMsRXhvc3RhciBGZWRlcmF0ZWQgSWRlbnRpdHkgU2VydmljZSBSb290IENBIDIwHhcNMTcwNDA1MTQxNTU1WhcNMjAwNDA1MTQxNTU1WjBXMQswCQYDVQQGEwJVUzEYMBYGA1UEChMPVS5TLiBHb3Zlcm5tZW50MQ0wCwYDVQQLEwRGUEtJMR8wHQYDVQQDExZGZWRlcmFsIEJyaWRnZSBDQSAyMDE2MIIBIjANBgkqhkiG9w0BAQEFAAOCAQ8AMIIBCgKCAQEAvp01eW8ltfSQg24Tv1NQys0cltQca4HyipsPRqfft+//7URZzoeWb19Xsf4zq0fHhZd3PIoOFM0veWonFNJ4W6WlSzg6uN/2iwvaUxEjWZ+pYjKQ9BpPBYM+Pc2bFXuQ2Iuhzcy4wEOfzaeLviNBfSkz31l9QMDj2nPDr0O/llhKwoOyKuIhfpOXavkVaYx+DGiROvC3LIFaCr2ShrmEmZKYBJ/UxInCkeEhUkh+3QCfj/ktPvLoXgpUzE+CSC8MAl4HtjLkkyk3zFZ3IXZmGpnyCxPiw/k74JgcnD/1I8iGL4/L6b9fGuJoMge9u7Y3id64cP3IyYNEKxi+hncSOQIDAQABo4ICWjCCAlYwDwYDVR0TAQH/BAUwAwEB/zBTBggrBgEFBQcBCwRHMEUwQwYIKwYBBQUHMAWGN2h0dHA6Ly9odHRwLmZwa2kuZ292L2JyaWRnZS9jYUNlcnRzSXNzdWVkQnlmYmNhMjAxNi5wN2MwDgYDVR0PAQH/BAQDAgEGMB0GA1UdDgQWBBQjsLN9FlTUAlZ26zq+qWsvQ3soFjAfBgNVHSMEGDAWgBRUCxGwHflXz7B6LVJS87OnjFL0rDBCBgNVHR8EOzA5MDegNaAzhjFodHRwOi8vd3d3LmZpcy5ldmluY2libGUuY29tL2Zpcy9wdWJsaWMvRVJDQTIuY3JsMFUGCCsGAQUFBwEBBEkwRzBFBggrBgEFBQcwAoY5aHR0cDovL3d3dy5maXMuZXZpbmNpYmxlLmNvbS9maXMvcHVibGljL2lzc3VlZHRvRVJDQTIucDdjMAwGA1UdJAQFMAOBAQEwgZIGA1UdIQSBijCBhzAZBgsrBgEEAex8AQEBCAYKYIZIAWUDAgEDATAZBgsrBgEEAex8AQEBBQYKYIZIAWUDAgEDAzAZBgsrBgEEAex8AQEBBgYKYIZIAWUDAgEDDDAZBgsrBgEEAex8AQEBGQYKYIZIAWUDAgEDJTAZBgsrBgEEAex8AQEBGgYKYIZIAWUDAgEDJjBUBgNVHSAETTBLMA0GCysGAQQB7HwBAQEIMA0GCysGAQQB7HwBAQEFMA0GCysGAQQB7HwBAQEGMA0GCysGAQQB7HwBAQEZMA0GCysGAQQB7HwBAQEaMAoGA1UdNgQDAgEAMA0GCSqGSIb3DQEBCwUAA4IBAQCGzTjfIhfuRa2n27kt0CPpwDji0HRUKFQHXozNROwllC56eCVqSO7Igb8ZJ7gYv9KNCeWYnZukAsbHRyVJUf2tY4nnwzD1vX8sVMQGDDibIjSN0rIOL1EGL68BdYkupjIFeH/gVfUW5WXM1GtmoTztsfGVgKWLINUJjuoiBed2GvPsCKq0kQ098CMYqG5SFDHojojD327U9n+rdpooxfqnirj7Q/FQ5Kga0ViHDfytO78/wWYGr6gl/tTGERBwA63LIU0G4VoX2YkkylxP497YYSZntJLIP3pAMy4hZYkP0YG2Jwjdw/nfvpnHBAIwPHYhmGDF4suXaVsoXdr3ZMWcMIIGBDCCBOygAwIBAgITdAAAAAmwjRGLAD5mdAAAAAAACTANBgkqhkiG9w0BAQsFADBmMQswCQYDVQQGEwJVUzEXMBUGA1UEChMOU0FGRS1CaW9waGFybWExIjAgBgNVBAsTGUNlcnRpZmljYXRpb24gQXV0aG9yaXRpZXMxGjAYBgNVBAMTEVNBRkUgQnJpZGdlIENBIDAyMB4XDTE3MDgyMzE0NDMzMFoXDTE4MDgyMzE0NDMzMFowVzELMAkGA1UEBhMCVVMxGDAWBgNVBAoTD1UuUy4gR292ZXJubWVudDENMAsGA1UECxMERlBLSTEfMB0GA1UEAxMWRmVkZXJhbCBCcmlkZ2UgQ0EgMjAxNjCCASIwDQYJKoZIhvcNAQEBBQADggEPADCCAQoCggEBAL6dNXlvJbX0kINuE79TUMrNHJbUHGuB8oqbD0an37fv/+1EWc6Hlm9fV7H+M6tHx4WXdzyKDhTNL3lqJxTSeFulpUs4Orjf9osL2lMRI1mfqWIykPQaTwWDPj3NmxV7kNiLoc3MuMBDn82ni74jQX0pM99ZfUDA49pzw69Dv5ZYSsKDsiriIX6Tl2r5FWmMfgxokTrwtyyBWgq9koa5hJmSmASf1MSJwpHhIVJIft0An4/5LT7y6F4KVMxPgkgvDAJeB7Yy5JMpN8xWdyF2ZhqZ8gsT4sP5O+CYHJw/9SPIhi+Py+m/XxriaDIHvbu2N4neuHD9yMmDRCsYvoZ3EjkCAwEAAaOCArgwggK0MA8GA1UdEwEB/wQFMAMBAf8wUwYIKwYBBQUHAQsERzBFMEMGCCsGAQUFBzAFhjdodHRwOi8vaHR0cC5mcGtpLmdvdi9icmlkZ2UvY2FDZXJ0c0lzc3VlZEJ5ZmJjYTIwMTYucDdjMA4GA1UdDwEB/wQEAwIBxjAdBgNVHQ4EFgQUI7CzfRZU1AJWdus6vqlrL0N7KBYwHwYDVR0jBBgwFoAUETDz3vv+VhRv7GXp4g7j2orFCw0wQAYDVR0fBDkwNzA1oDOgMYYvaHR0cDovL3NiY2EyLnNhZmUtYmlvcGhhcm1hLm9yZy9zYmNhL1NCQ0EwMi5jcmwwUwYIKwYBBQUHAQEERzBFMEMGCCsGAQUFBzAChjdodHRwOi8vc2JjYTIuc2FmZS1iaW9waGFybWEub3JnL3NiY2EvaXNzdWVkdG9TQkNBMDIucDdjMA8GA1UdJAEB/wQFMAOAAQAwggERBgNVHSEEggEIMIIBBDAYBgorBgEEAYG0fQEEBgpghkgBZQMCAQMCMBgGCisGAQQBgbR9AQUGCmCGSAFlAwIBAwMwGAYKKwYBBAGBtH0BBQYKYIZIAWUDAgEDDjAYBgorBgEEAYG0fQEFBgpghkgBZQMCAQMlMBgGCisGAQQBgbR9AQUGCmCGSAFlAwIBAygwGAYKKwYBBAGBtH0BBgYKYIZIAWUDAgEDDDAYBgorBgEEAYG0fQEGBgpghkgBZQMCAQMPMBgGCisGAQQBgbR9AQYGCmCGSAFlAwIBAyYwGAYKKwYBBAGBtH0BBgYKYIZIAWUDAgEDEjAYBgorBgEEAYG0fQEGBgpghkgBZQMCAQMpMDMGA1UdIAQsMCowDAYKKwYBBAGBtH0BBDAMBgorBgEEAYG0fQEFMAwGCisGAQQBgbR9AQYwCgYDVR02BAMCAQAwDQYJKoZIhvcNAQELBQADggEBAIQgEPrsQjscNuQAsirnCGFtXnlppUm0TIzZiLWipqdaXLrVRPOUaYF4dD+D/t2CO2l7ahBvjA5u3VaX2k8rxSfvSjPXUo5ygG3FEU3O5IOiWe02NvDvDYrZE3qOdjCsBQrQNrLgxsu2yLHL2FWj2TWQJShjOIPaFEedhOb3C3jkYOme6yqficCV+yao4GKDHZMHJIeGaIST331AiJBnemPaWVMiMnyOGdqA/hrlqMo6otbRP1UDdi6tIYdoCTNo/oBNX5Dek/KMwxOsUybwIw4K0b4c7hPRDtGtsVC+luOLrCKf5/jsWF/PVpf65Xit5Bfw8Bw0Kskq7uJB5dnQXccwggbPMIIFt6ADAgECAhEA0pF4VasoDCzzlf4S8JCQIjANBgkqhkiG9w0BAQsFADA2MQswCQYDVQQGEwJVUzEQMA4GA1UEChMHT1JDIFBLSTEVMBMGA1UEAxMMT1JDIE5GSSBDQSAyMB4XDTE3MDgyMjE4NTc0MFoXDTIwMDgyMTE4NTc0MFowVzELMAkGA1UEBhMCVVMxGDAWBgNVBAoTD1UuUy4gR292ZXJubWVudDENMAsGA1UECxMERlBLSTEfMB0GA1UEAxMWRmVkZXJhbCBCcmlkZ2UgQ0EgMjAxNjCCASIwDQYJKoZIhvcNAQEBBQADggEPADCCAQoCggEBAL6dNXlvJbX0kINuE79TUMrNHJbUHGuB8oqbD0an37fv/+1EWc6Hlm9fV7H+M6tHx4WXdzyKDhTNL3lqJxTSeFulpUs4Orjf9osL2lMRI1mfqWIykPQaTwWDPj3NmxV7kNiLoc3MuMBDn82ni74jQX0pM99ZfUDA49pzw69Dv5ZYSsKDsiriIX6Tl2r5FWmMfgxokTrwtyyBWgq9koa5hJmSmASf1MSJwpHhIVJIft0An4/5LT7y6F4KVMxPgkgvDAJeB7Yy5JMpN8xWdyF2ZhqZ8gsT4sP5O+CYHJw/9SPIhi+Py+m/XxriaDIHvbu2N4neuHD9yMmDRCsYvoZ3EjkCAwEAAaOCA7UwggOxMG8GCCsGAQUFBwEBBGMwYTAkBggrBgEFBQcwAYYYaHR0cDovL25maTIuZXZhLm9yYy5jb20vMDkGCCsGAQUFBzAChi1odHRwOi8vY3JsLXNlcnZlci5vcmMuY29tL2NhQ2VydHMvT1JDTkZJMi5wN2MwHwYDVR0jBBgwFoAUC0douXLlogd0XQNvr30rxxbNr9YwDwYDVR0TAQH/BAUwAwEB/zCB1AYDVR0gBIHMMIHJMA4GDCqGSIb3DQUGAQMBAzAOBgwqhkiG9w0FBgEDAQwwDgYMKoZIhvcNBQYBAwESMA4GDCqGSIb3DQUGAQMBEzAOBgwqhkiG9w0FBgEDARQwDgYMKoZIhvcNBQYBAwEVMA0GCysGAQQBnlIBAQEDMA0GCysGAQQBnlIBAQEMMA0GCysGAQQBnlIBAQElMA0GCysGAQQBnlIBAQEmMA0GCysGAQQBnlIBAQESMA0GCysGAQQBnlIBAQETMA0GCysGAQQBnlIBAQEUMDsGA1UdHwQ0MDIwMKAuoCyGKmh0dHA6Ly9jcmwtc2VydmVyLm9yYy5jb20vQ1JMcy9PUkNORkkyLmNybDAOBgNVHQ8BAf8EBAMCAQYwggFyBgNVHSEEggFpMIIBZTAaBgwqhkiG9w0FBgEDAQMGCmCGSAFlAwIBAwMwGgYMKoZIhvcNBQYBAwEMBgpghkgBZQMCAQMMMBoGDCqGSIb3DQUGAQMBEgYKYIZIAWUDAgEDEjAaBgwqhkiG9w0FBgEDARMGCmCGSAFlAwIBAxMwGgYMKoZIhvcNBQYBAwEUBgpghkgBZQMCAQMUMBoGDCqGSIb3DQUGAQMBFQYKYIZIAWUDAgEDJTAZBgsrBgEEAZ5SAQEBAwYKYIZIAWUDAgEDAzAZBgsrBgEEAZ5SAQEBDAYKYIZIAWUDAgEDDDAZBgsrBgEEAZ5SAQEBJQYKYIZIAWUDAgEDJTAZBgsrBgEEAZ5SAQEBJgYKYIZIAWUDAgEDJjAZBgsrBgEEAZ5SAQEBEgYKYIZIAWUDAgEDEjAZBgsrBgEEAZ5SAQEBEwYKYIZIAWUDAgEDEzAZBgsrBgEEAZ5SAQEBFAYKYIZIAWUDAgEDFDAdBgNVHQ4EFgQUI7CzfRZU1AJWdus6vqlrL0N7KBYwUwYIKwYBBQUHAQsERzBFMEMGCCsGAQUFBzAFhjdodHRwOi8vaHR0cC5mcGtpLmdvdi9icmlkZ2UvY2FDZXJ0c0lzc3VlZEJ5ZmJjYTIwMTYucDdjMA0GCSqGSIb3DQEBCwUAA4IBAQAofZCSBji8M57OD/y6TL4EIOhdhF4GcLe1SVv7xoCMQYe6Cm9pKYjJ2gTvf7IkgMHklSAMqmm9TRW0Kbo9SVs70u8EoOlHFhnglrZe9uoKXvfKw74gNU/7521Gn/8B21tXxxz0kiutINGIXFca5mbrgeM6lZ8Iv6oa57uuz6B07XSVBCkAdzb8PlfSj6mSD++JPKtJkvnc7CC14epTOpt8FybTqtRrW0I1TMYOQybxdjVdN3wqgiPTh+BgXgazuIJRLttxLsxA4GMc4htIRxnwrG40Y01bgiHbc0IeT6QjidMdYiqR1QQpmOrmNTQyJZw3wj26TOHa7GSB737DRnh5oQAxAA==
11:41:22.204 [main] DEBUG eu.europa.esig.dss.spi.x509.aia.DefaultAIASource - 13 certificate(s) loaded from 'http://http.fpki.gov/bridge/caCertsIssuedTofbca2016.p7c'
11:41:22.210 [main] INFO eu.europa.esig.dss.validation.AIACertificateSource - Retrieving C-039C1473089282FB36A4DBC23B1125AEC83219C6E624FD169B02E08E6409C3F2 certificate's issuer using AIA.
11:41:22.211 [main] DEBUG eu.europa.esig.dss.spi.x509.aia.DefaultAIASource - Loading certificate(s) from 'http://http.fpki.gov/fcpca/caCertsIssuedTofcpca.p7c'.
11:41:22.211 [main] DEBUG eu.europa.esig.dss.spi.x509.aia.DefaultAIASource - Base64 content : MIIEYDCCA0igAwIBAgICATAwDQYJKoZIhvcNAQELBQAwWTELMAkGA1UEBhMCVVMxGDAWBgNVBAoTD1UuUy4gR292ZXJubWVudDENMAsGA1UECxMERlBLSTEhMB8GA1UEAxMYRmVkZXJhbCBDb21tb24gUG9saWN5IENBMB4XDTEwMTIwMTE2NDUyN1oXDTMwMTIwMTE2NDUyN1owWTELMAkGA1UEBhMCVVMxGDAWBgNVBAoTD1UuUy4gR292ZXJubWVudDENMAsGA1UECxMERlBLSTEhMB8GA1UEAxMYRmVkZXJhbCBDb21tb24gUG9saWN5IENBMIIBIjANBgkqhkiG9w0BAQEFAAOCAQ8AMIIBCgKCAQEA2HX7NRY0WkG/Wq9cMAQUHK14RLXqJup1YcfNNnn4fNi9KVFmWSHjeavUeL6wLbCh1bI1FiPQzB6+Duir3MPJ1hLXp3JoGDG4FyKyPn66CG3G/dFYLGmgA/Aqo/Y/ISU937cyxY4nsyOl4FKzXZbpsLjFxZ+7xaBugkC7xScFNknWJidpDDSPzyd6KgqjQV+NHQOGgxXgVcHFmCye7Bpy3EjBPvmE0oSCwRvDdDa3ucc2Mnr4MrbQNq4iGDGMUHMhnv6DOzCIJOPpwX7e7ZjHH5IQip9bYi+dpLzVhW86/clTpyBLqtsgqyFOHQ1O5piF5asRR12dP8QjwOMUBm7+nQIDAQABo4IBMDCCASwwDwYDVR0TAQH/BAUwAwEB/zCB6QYIKwYBBQUHAQsEgdwwgdkwPwYIKwYBBQUHMAWGM2h0dHA6Ly9odHRwLmZwa2kuZ292L2ZjcGNhL2NhQ2VydHNJc3N1ZWRCeWZjcGNhLnA3YzCBlQYIKwYBBQUHMAWGgYhsZGFwOi8vbGRhcC5mcGtpLmdvdi9jbj1GZWRlcmFsJTIwQ29tbW9uJTIwUG9saWN5JTIwQ0Esb3U9RlBLSSxvPVUuUy4lMjBHb3Zlcm5tZW50LGM9VVM/Y0FDZXJ0aWZpY2F0ZTtiaW5hcnksY3Jvc3NDZXJ0aWZpY2F0ZVBhaXI7YmluYXJ5MA4GA1UdDwEB/wQEAwIBBjAdBgNVHQ4EFgQUrQx6dVzl85jEeZgOrCj9l/TnAvwwDQYJKoZIhvcNAQELBQADggEBAI9z2uF/gLGH9uwsz9GEYx728Yi3mvIRte9UrYpuGDco71wb5O9Qt2wmGCMiTR0mRyDpCZzicGJxqxHPkYnos/UqoEfAFMtOQsHdDA4b8Idb7OV316rgVNdF9IU+7LQd3nyKf1tNnJaK0KIyn9psMQz4pO9+c+iR3Ah6cFqgr2KBWfgAdKLI3VTKQVZHvenAT+0g3eOlCd+uKML80cgX2BLHb94u6b2akfI8WpQukSKAiaGMWMyDeiYZdQKlDn0KJnNR6obLB6jI/WNaNZvSr79PMUjBhHDbNXuaGQ/lj/RqDG8z2esccKIN47lQA2EC/0rskqTcLe4qNJMHtyznGI8=
11:41:22.212 [main] DEBUG eu.europa.esig.dss.spi.x509.aia.DefaultAIASource - 1 certificate(s) loaded from 'http://http.fpki.gov/fcpca/caCertsIssuedTofcpca.p7c'
11:41:22.216 [main] WARN eu.europa.esig.dss.validation.SignatureValidationContext - No revocation found for the certificate C-D6F0919DDD904D875AF953D39BA3CF3278A84F2D0E3DAA8D991119CE67E73FF2
11:41:22.217 [main] WARN eu.europa.esig.dss.validation.SignatureValidationContext - No revocation found for the certificate C-039C1473089282FB36A4DBC23B1125AEC83219C6E624FD169B02E08E6409C3F2
11:41:22.217 [main] DEBUG eu.europa.esig.dss.validation.SignatureValidationContext - Revocation data is not required for certificate : C-894EBC0B23DA2A50C0186B7F8F25EF1F6B2935AF32A94584EF80AAF877A3A06E
11:41:22.217 [main] WARN eu.europa.esig.dss.validation.SignatureValidationContext - No revocation found for the certificate C-DB5A5B0E5E0DE91D1E091FB44B32E66B9BFB0FCA03F7011BD16A479A8654566F
]]></system-out>
  </testcase>
</testsuite>