<?xml version="1.0" encoding="UTF-8"?>
<testsuite xmlns:xsi="http://www.w3.org/2001/XMLSchema-instance" xsi:noNamespaceSchemaLocation="https://maven.apache.org/surefire/maven-surefire-plugin/xsd/surefire-test-report-3.0.xsd" version="3.0" name="eu.europa.esig.dss.validation.RevocationDataLoadingStrategyTest" time="0.032" tests="3" errors="0" skipped="0" failures="0">
  <properties>
    <property name="java.specification.version" value="19"/>
    <property name="sun.cpu.isalist" value="amd64"/>
    <property name="sun.jnu.encoding" value="Cp1252"/>
    <property name="java.class.path" value="C:\Users\amadoria\Documents\Projects\HAPKIDO\WP4\dss-fork\dss-document\target\test-classes;C:\Users\amadoria\Documents\Projects\HAPKIDO\WP4\dss-fork\dss-document\target\classes;C:\Users\amadoria\Documents\Projects\HAPKIDO\WP4\dss-fork\dss-spi\target\dss-spi-5.12.RC1.jar;C:\Users\amadoria\Documents\Projects\HAPKIDO\WP4\dss-fork\dss-model\target\dss-model-5.12.RC1.jar;C:\Users\amadoria\Documents\Projects\HAPKIDO\WP4\dss-fork\dss-enumerations\target\dss-enumerations-5.12.RC1.jar;C:\Users\amadoria\Documents\Projects\HAPKIDO\WP4\dss-fork\dss-utils\target\dss-utils-5.12.RC1.jar;C:\Users\amadoria\Documents\Projects\HAPKIDO\WP4\dss-fork\dss-crl-parser\target\dss-crl-parser-5.12.RC1.jar;C:\Users\amadoria\.m2\repository\org\slf4j\slf4j-api\2.0.6\slf4j-api-2.0.6.jar;C:\Users\amadoria\Documents\Projects\HAPKIDO\WP4\dss-fork\dss-document\libs\bcpkix-jdk18on-173b20.jar;C:\Users\amadoria\Documents\Projects\HAPKIDO\WP4\dss-fork\dss-document\libs\bcprov-jdk18on-173b20.jar;C:\Users\amadoria\Documents\Projects\HAPKIDO\WP4\dss-fork\dss-document\libs\bcutil-jdk18on-173b20.jar;C:\Users\amadoria\Documents\Projects\HAPKIDO\WP4\dss-fork\validation-policy\target\validation-policy-5.12.RC1.jar;C:\Users\amadoria\Documents\Projects\HAPKIDO\WP4\dss-fork\dss-policy-jaxb\target\dss-policy-jaxb-5.12.RC1.jar;C:\Users\amadoria\Documents\Projects\HAPKIDO\WP4\dss-fork\dss-jaxb-parsers\target\dss-jaxb-parsers-5.12.RC1.jar;C:\Users\amadoria\Documents\Projects\HAPKIDO\WP4\dss-fork\dss-jaxb-common\target\dss-jaxb-common-5.12.RC1.jar;C:\Users\amadoria\Documents\Projects\HAPKIDO\WP4\dss-fork\dss-alert\target\dss-alert-5.12.RC1.jar;C:\Users\amadoria\.m2\repository\org\glassfish\jaxb\jaxb-runtime\2.3.8\jaxb-runtime-2.3.8.jar;C:\Users\amadoria\.m2\repository\org\glassfish\jaxb\txw2\2.3.8\txw2-2.3.8.jar;C:\Users\amadoria\.m2\repository\com\sun\istack\istack-commons-runtime\3.0.12\istack-commons-runtime-3.0.12.jar;C:\Users\amadoria\.m2\repository\com\sun\activation\jakarta.activation\1.2.2\jakarta.activation-1.2.2.jar;C:\Users\amadoria\Documents\Projects\HAPKIDO\WP4\dss-fork\dss-diagnostic-jaxb\target\dss-diagnostic-jaxb-5.12.RC1.jar;C:\Users\amadoria\Documents\Projects\HAPKIDO\WP4\dss-fork\dss-simple-report-jaxb\target\dss-simple-report-jaxb-5.12.RC1.jar;C:\Users\amadoria\Documents\Projects\HAPKIDO\WP4\dss-fork\dss-simple-certificate-report-jaxb\target\dss-simple-certificate-report-jaxb-5.12.RC1.jar;C:\Users\amadoria\Documents\Projects\HAPKIDO\WP4\dss-fork\dss-detailed-report-jaxb\target\dss-detailed-report-jaxb-5.12.RC1.jar;C:\Users\amadoria\Documents\Projects\HAPKIDO\WP4\dss-fork\specs-validation-report\target\specs-validation-report-5.12.RC1.jar;C:\Users\amadoria\Documents\Projects\HAPKIDO\WP4\dss-fork\specs-xmldsig\target\specs-xmldsig-5.12.RC1.jar;C:\Users\amadoria\Documents\Projects\HAPKIDO\WP4\dss-fork\specs-xades\target\specs-xades-5.12.RC1.jar;C:\Users\amadoria\Documents\Projects\HAPKIDO\WP4\dss-fork\specs-trusted-list\target\specs-trusted-list-5.12.RC1.jar;C:\Users\amadoria\Documents\Projects\HAPKIDO\WP4\dss-fork\dss-i18n\target\dss-i18n-5.12.RC1.jar;C:\Users\amadoria\.m2\repository\ch\qos\logback\logback-classic\1.3.5\logback-classic-1.3.5.jar;C:\Users\amadoria\.m2\repository\ch\qos\logback\logback-core\1.3.5\logback-core-1.3.5.jar;C:\Users\amadoria\.m2\repository\com\fasterxml\jackson\module\jackson-module-jaxb-annotations\2.14.2\jackson-module-jaxb-annotations-2.14.2.jar;C:\Users\amadoria\.m2\repository\com\fasterxml\jackson\core\jackson-annotations\2.14.2\jackson-annotations-2.14.2.jar;C:\Users\amadoria\.m2\repository\com\fasterxml\jackson\core\jackson-core\2.14.2\jackson-core-2.14.2.jar;C:\Users\amadoria\.m2\repository\com\fasterxml\jackson\core\jackson-databind\2.14.2\jackson-databind-2.14.2.jar;C:\Users\amadoria\.m2\repository\jakarta\xml\bind\jakarta.xml.bind-api\2.3.3\jakarta.xml.bind-api-2.3.3.jar;C:\Users\amadoria\.m2\repository\jakarta\activation\jakarta.activation-api\1.2.2\jakarta.activation-api-1.2.2.jar;C:\Users\amadoria\.m2\repository\org\junit\platform\junit-platform-launcher\1.9.2\junit-platform-launcher-1.9.2.jar;C:\Users\amadoria\.m2\repository\org\junit\platform\junit-platform-engine\1.9.2\junit-platform-engine-1.9.2.jar;C:\Users\amadoria\.m2\repository\org\opentest4j\opentest4j\1.2.0\opentest4j-1.2.0.jar;C:\Users\amadoria\.m2\repository\org\junit\platform\junit-platform-commons\1.9.2\junit-platform-commons-1.9.2.jar;C:\Users\amadoria\.m2\repository\org\apiguardian\apiguardian-api\1.1.2\apiguardian-api-1.1.2.jar;C:\Users\amadoria\.m2\repository\org\junit\jupiter\junit-jupiter-engine\5.9.2\junit-jupiter-engine-5.9.2.jar;C:\Users\amadoria\.m2\repository\org\junit\jupiter\junit-jupiter-api\5.9.2\junit-jupiter-api-5.9.2.jar;C:\Users\amadoria\.m2\repository\org\junit\jupiter\junit-jupiter-params\5.9.2\junit-jupiter-params-5.9.2.jar;C:\Users\amadoria\Documents\Projects\HAPKIDO\WP4\dss-fork\dss-utils-google-guava\target\dss-utils-google-guava-5.12.RC1.jar;C:\Users\amadoria\.m2\repository\com\google\guava\guava\31.1-jre\guava-31.1-jre.jar;C:\Users\amadoria\.m2\repository\com\google\guava\failureaccess\1.0.1\failureaccess-1.0.1.jar;C:\Users\amadoria\.m2\repository\com\google\guava\listenablefuture\9999.0-empty-to-avoid-conflict-with-guava\listenablefuture-9999.0-empty-to-avoid-conflict-with-guava.jar;C:\Users\amadoria\.m2\repository\com\google\code\findbugs\jsr305\3.0.2\jsr305-3.0.2.jar;C:\Users\amadoria\.m2\repository\org\checkerframework\checker-qual\3.12.0\checker-qual-3.12.0.jar;C:\Users\amadoria\.m2\repository\com\google\errorprone\error_prone_annotations\2.11.0\error_prone_annotations-2.11.0.jar;C:\Users\amadoria\.m2\repository\com\google\j2objc\j2objc-annotations\1.3\j2objc-annotations-1.3.jar;C:\Users\amadoria\Documents\Projects\HAPKIDO\WP4\dss-fork\dss-crl-parser-stream\target\dss-crl-parser-stream-5.12.RC1.jar;"/>
    <property name="java.vm.vendor" value="Oracle Corporation"/>
    <property name="sun.arch.data.model" value="64"/>
    <property name="user.variant" value=""/>
    <property name="java.vendor.url" value="https://java.oracle.com/"/>
    <property name="user.timezone" value="Europe/Amsterdam"/>
    <property name="os.name" value="Windows 10"/>
    <property name="java.vm.specification.version" value="19"/>
    <property name="sun.java.launcher" value="SUN_STANDARD"/>
    <property name="user.country" value="US"/>
    <property name="sun.boot.library.path" value="C:\Program Files\Java\jdk-19\bin"/>
    <property name="sun.java.command" value="C:\Users\amadoria\AppData\Local\Temp\surefire7385040301634076511\surefirebooter-20230428114100642_335.jar C:\Users\amadoria\AppData\Local\Temp\surefire7385040301634076511 2023-04-28T11-29-53_553-jvmRun1 surefire-20230428114100642_333tmp surefire_27-20230428114100642_334tmp"/>
    <property name="jdk.debug" value="release"/>
    <property name="surefire.test.class.path" value="C:\Users\amadoria\Documents\Projects\HAPKIDO\WP4\dss-fork\dss-document\target\test-classes;C:\Users\amadoria\Documents\Projects\HAPKIDO\WP4\dss-fork\dss-document\target\classes;C:\Users\amadoria\Documents\Projects\HAPKIDO\WP4\dss-fork\dss-spi\target\dss-spi-5.12.RC1.jar;C:\Users\amadoria\Documents\Projects\HAPKIDO\WP4\dss-fork\dss-model\target\dss-model-5.12.RC1.jar;C:\Users\amadoria\Documents\Projects\HAPKIDO\WP4\dss-fork\dss-enumerations\target\dss-enumerations-5.12.RC1.jar;C:\Users\amadoria\Documents\Projects\HAPKIDO\WP4\dss-fork\dss-utils\target\dss-utils-5.12.RC1.jar;C:\Users\amadoria\Documents\Projects\HAPKIDO\WP4\dss-fork\dss-crl-parser\target\dss-crl-parser-5.12.RC1.jar;C:\Users\amadoria\.m2\repository\org\slf4j\slf4j-api\2.0.6\slf4j-api-2.0.6.jar;C:\Users\amadoria\Documents\Projects\HAPKIDO\WP4\dss-fork\dss-document\libs\bcpkix-jdk18on-173b20.jar;C:\Users\amadoria\Documents\Projects\HAPKIDO\WP4\dss-fork\dss-document\libs\bcprov-jdk18on-173b20.jar;C:\Users\amadoria\Documents\Projects\HAPKIDO\WP4\dss-fork\dss-document\libs\bcutil-jdk18on-173b20.jar;C:\Users\amadoria\Documents\Projects\HAPKIDO\WP4\dss-fork\validation-policy\target\validation-policy-5.12.RC1.jar;C:\Users\amadoria\Documents\Projects\HAPKIDO\WP4\dss-fork\dss-policy-jaxb\target\dss-policy-jaxb-5.12.RC1.jar;C:\Users\amadoria\Documents\Projects\HAPKIDO\WP4\dss-fork\dss-jaxb-parsers\target\dss-jaxb-parsers-5.12.RC1.jar;C:\Users\amadoria\Documents\Projects\HAPKIDO\WP4\dss-fork\dss-jaxb-common\target\dss-jaxb-common-5.12.RC1.jar;C:\Users\amadoria\Documents\Projects\HAPKIDO\WP4\dss-fork\dss-alert\target\dss-alert-5.12.RC1.jar;C:\Users\amadoria\.m2\repository\org\glassfish\jaxb\jaxb-runtime\2.3.8\jaxb-runtime-2.3.8.jar;C:\Users\amadoria\.m2\repository\org\glassfish\jaxb\txw2\2.3.8\txw2-2.3.8.jar;C:\Users\amadoria\.m2\repository\com\sun\istack\istack-commons-runtime\3.0.12\istack-commons-runtime-3.0.12.jar;C:\Users\amadoria\.m2\repository\com\sun\activation\jakarta.activation\1.2.2\jakarta.activation-1.2.2.jar;C:\Users\amadoria\Documents\Projects\HAPKIDO\WP4\dss-fork\dss-diagnostic-jaxb\target\dss-diagnostic-jaxb-5.12.RC1.jar;C:\Users\amadoria\Documents\Projects\HAPKIDO\WP4\dss-fork\dss-simple-report-jaxb\target\dss-simple-report-jaxb-5.12.RC1.jar;C:\Users\amadoria\Documents\Projects\HAPKIDO\WP4\dss-fork\dss-simple-certificate-report-jaxb\target\dss-simple-certificate-report-jaxb-5.12.RC1.jar;C:\Users\amadoria\Documents\Projects\HAPKIDO\WP4\dss-fork\dss-detailed-report-jaxb\target\dss-detailed-report-jaxb-5.12.RC1.jar;C:\Users\amadoria\Documents\Projects\HAPKIDO\WP4\dss-fork\specs-validation-report\target\specs-validation-report-5.12.RC1.jar;C:\Users\amadoria\Documents\Projects\HAPKIDO\WP4\dss-fork\specs-xmldsig\target\specs-xmldsig-5.12.RC1.jar;C:\Users\amadoria\Documents\Projects\HAPKIDO\WP4\dss-fork\specs-xades\target\specs-xades-5.12.RC1.jar;C:\Users\amadoria\Documents\Projects\HAPKIDO\WP4\dss-fork\specs-trusted-list\target\specs-trusted-list-5.12.RC1.jar;C:\Users\amadoria\Documents\Projects\HAPKIDO\WP4\dss-fork\dss-i18n\target\dss-i18n-5.12.RC1.jar;C:\Users\amadoria\.m2\repository\ch\qos\logback\logback-classic\1.3.5\logback-classic-1.3.5.jar;C:\Users\amadoria\.m2\repository\ch\qos\logback\logback-core\1.3.5\logback-core-1.3.5.jar;C:\Users\amadoria\.m2\repository\com\fasterxml\jackson\module\jackson-module-jaxb-annotations\2.14.2\jackson-module-jaxb-annotations-2.14.2.jar;C:\Users\amadoria\.m2\repository\com\fasterxml\jackson\core\jackson-annotations\2.14.2\jackson-annotations-2.14.2.jar;C:\Users\amadoria\.m2\repository\com\fasterxml\jackson\core\jackson-core\2.14.2\jackson-core-2.14.2.jar;C:\Users\amadoria\.m2\repository\com\fasterxml\jackson\core\jackson-databind\2.14.2\jackson-databind-2.14.2.jar;C:\Users\amadoria\.m2\repository\jakarta\xml\bind\jakarta.xml.bind-api\2.3.3\jakarta.xml.bind-api-2.3.3.jar;C:\Users\amadoria\.m2\repository\jakarta\activation\jakarta.activation-api\1.2.2\jakarta.activation-api-1.2.2.jar;C:\Users\amadoria\.m2\repository\org\junit\platform\junit-platform-launcher\1.9.2\junit-platform-launcher-1.9.2.jar;C:\Users\amadoria\.m2\repository\org\junit\platform\junit-platform-engine\1.9.2\junit-platform-engine-1.9.2.jar;C:\Users\amadoria\.m2\repository\org\opentest4j\opentest4j\1.2.0\opentest4j-1.2.0.jar;C:\Users\amadoria\.m2\repository\org\junit\platform\junit-platform-commons\1.9.2\junit-platform-commons-1.9.2.jar;C:\Users\amadoria\.m2\repository\org\apiguardian\apiguardian-api\1.1.2\apiguardian-api-1.1.2.jar;C:\Users\amadoria\.m2\repository\org\junit\jupiter\junit-jupiter-engine\5.9.2\junit-jupiter-engine-5.9.2.jar;C:\Users\amadoria\.m2\repository\org\junit\jupiter\junit-jupiter-api\5.9.2\junit-jupiter-api-5.9.2.jar;C:\Users\amadoria\.m2\repository\org\junit\jupiter\junit-jupiter-params\5.9.2\junit-jupiter-params-5.9.2.jar;C:\Users\amadoria\Documents\Projects\HAPKIDO\WP4\dss-fork\dss-utils-google-guava\target\dss-utils-google-guava-5.12.RC1.jar;C:\Users\amadoria\.m2\repository\com\google\guava\guava\31.1-jre\guava-31.1-jre.jar;C:\Users\amadoria\.m2\repository\com\google\guava\failureaccess\1.0.1\failureaccess-1.0.1.jar;C:\Users\amadoria\.m2\repository\com\google\guava\listenablefuture\9999.0-empty-to-avoid-conflict-with-guava\listenablefuture-9999.0-empty-to-avoid-conflict-with-guava.jar;C:\Users\amadoria\.m2\repository\com\google\code\findbugs\jsr305\3.0.2\jsr305-3.0.2.jar;C:\Users\amadoria\.m2\repository\org\checkerframework\checker-qual\3.12.0\checker-qual-3.12.0.jar;C:\Users\amadoria\.m2\repository\com\google\errorprone\error_prone_annotations\2.11.0\error_prone_annotations-2.11.0.jar;C:\Users\amadoria\.m2\repository\com\google\j2objc\j2objc-annotations\1.3\j2objc-annotations-1.3.jar;C:\Users\amadoria\Documents\Projects\HAPKIDO\WP4\dss-fork\dss-crl-parser-stream\target\dss-crl-parser-stream-5.12.RC1.jar;"/>
    <property name="sun.cpu.endian" value="little"/>
    <property name="user.home" value="C:\Users\amadoria"/>
    <property name="user.language" value="en"/>
    <property name="java.specification.vendor" value="Oracle Corporation"/>
    <property name="java.version.date" value="2023-01-17"/>
    <property name="java.home" value="C:\Program Files\Java\jdk-19"/>
    <property name="file.separator" value="\"/>
    <property name="basedir" value="C:\Users\amadoria\Documents\Projects\HAPKIDO\WP4\dss-fork\dss-document"/>
    <property name="java.vm.compressedOopsMode" value="Zero based"/>
    <property name="line.separator" value="&#10;"/>
    <property name="java.vm.specification.vendor" value="Oracle Corporation"/>
    <property name="java.specification.name" value="Java Platform API Specification"/>
    <property name="surefire.real.class.path" value="C:\Users\amadoria\AppData\Local\Temp\surefire7385040301634076511\surefirebooter-20230428114100642_335.jar"/>
    <property name="user.script" value=""/>
    <property name="sun.management.compiler" value="HotSpot 64-Bit Tiered Compilers"/>
    <property name="java.runtime.version" value="19.0.2+7-44"/>
    <property name="user.name" value="amadoria"/>
    <property name="stdout.encoding" value="Cp1252"/>
    <property name="path.separator" value=";"/>
    <property name="os.version" value="10.0"/>
    <property name="java.runtime.name" value="Java(TM) SE Runtime Environment"/>
    <property name="file.encoding" value="UTF-8"/>
    <property name="java.vm.name" value="Java HotSpot(TM) 64-Bit Server VM"/>
    <property name="localRepository" value="C:\Users\amadoria\.m2\repository"/>
    <property name="java.vendor.url.bug" value="https://bugreport.java.com/bugreport/"/>
    <property name="java.io.tmpdir" value="C:\Users\amadoria\AppData\Local\Temp\"/>
    <property name="java.version" value="19.0.2"/>
    <property name="user.dir" value="C:\Users\amadoria\Documents\Projects\HAPKIDO\WP4\dss-fork\dss-document"/>
    <property name="os.arch" value="amd64"/>
    <property name="java.vm.specification.name" value="Java Virtual Machine Specification"/>
    <property name="sun.os.patch.level" value=""/>
    <property name="native.encoding" value="Cp1252"/>
    <property name="java.library.path" value="C:\Program Files\Java\jdk-19\bin;C:\WINDOWS\Sun\Java\bin;C:\WINDOWS\system32;C:\WINDOWS;C:\Program Files\Common Files\Oracle\Java\javapath;C:\Program Files\Eclipse Adoptium\jdk-17.0.5.8-hotspot\bin;C:\WINDOWS\system32;C:\WINDOWS;C:\WINDOWS\System32\Wbem;C:\WINDOWS\System32\WindowsPowerShell\v1.0\;C:\WINDOWS\System32\OpenSSH\;C:\Program Files\dotnet\;C:\ProgramData\chocolatey\bin;C:\Program Files\Gradle\gradle-8.0.2\bin;C:\Program Files\Maven\apache-maven-3.9.0\bin;;C:\Program Files\Docker\Docker\resources\bin;C:\Users\amadoria\AppData\Local\Programs\Python\Python38\Scripts\;C:\Users\amadoria\AppData\Local\Programs\Python\Python38\;C:\Users\amadoria\AppData\Local\Microsoft\WindowsApps;C:\Users\amadoria\AppData\Local\Programs\MiKTeX\miktex\bin\x64\;C:\Users\amadoria\AppData\Local\Programs\Microsoft VS Code\bin;C:\Users\amadoria\AppData\Roaming\Python\Scripts\;C:\Users\amadoria\AppData\Local\Programs\Git\cmd;C:\Program Files\JetBrains\IntelliJ IDEA Community Edition 2022.3.3\bin;;."/>
    <property name="java.vm.info" value="mixed mode, sharing"/>
    <property name="stderr.encoding" value="Cp1252"/>
    <property name="java.vendor" value="Oracle Corporation"/>
    <property name="java.vm.version" value="19.0.2+7-44"/>
    <property name="sun.io.unicode.encoding" value="UnicodeLittle"/>
    <property name="java.class.version" value="63.0"/>
  </properties>
  <testcase name="fallbackTest" classname="eu.europa.esig.dss.validation.RevocationDataLoadingStrategyTest" time="0.015">
    <system-out><![CDATA[11:41:20.699 [main] INFO eu.europa.esig.dss.spi.x509.revocation.ocsp.OCSPToken - OCSP status is good
11:41:20.701 [main] DEBUG eu.europa.esig.dss.spi.x509.SignatureIntegrityValidator - Determining signing certificate from certificate candidates list...
11:41:20.701 [main] DEBUG eu.europa.esig.dss.spi.x509.SignatureIntegrityValidator - Public key matching the signature value found.
11:41:20.701 [main] DEBUG eu.europa.esig.dss.spi.x509.revocation.ocsp.OCSPToken - OCSPToken created : R-0F36FDE5A9A0B130A3C5352CC0AFE180EE4EE21A50F7AF79EEAE2A8DC3A7A802)
11:41:20.702 [main] DEBUG eu.europa.esig.dss.crl.stream.impl.CRLParser - TBSCertList -> version : 01
11:41:20.702 [main] DEBUG eu.europa.esig.dss.crl.stream.impl.CRLParser - TBSCertList -> signatureAlgorithm : 06092a864886f70d01010b0500
11:41:20.702 [main] DEBUG eu.europa.esig.dss.crl.stream.impl.CRLParser - TBSCertList -> issuer : 3110300e06035504030c07676f6f642d636131193017060355040a0c104e6f77696e6120536f6c7574696f6e733111300f060355040b0c08504b492d54455354310b3009060355040613024c55
11:41:20.702 [main] DEBUG eu.europa.esig.dss.crl.stream.impl.CRLParser - TBSCertList -> thisUpdate : 3231303332323133343233315a
11:41:20.702 [main] DEBUG eu.europa.esig.dss.crl.stream.impl.CRLParser - TBSCertList -> nextUpdate : 3231303932323132343233315a
11:41:20.702 [main] DEBUG eu.europa.esig.dss.crl.stream.impl.CRLParser - TBSCertList -> revokedCertificates : skipped (length=68)
11:41:20.702 [main] DEBUG eu.europa.esig.dss.crl.stream.impl.CRLParser - CertificateList -> signatureAlgorithm : 06092a864886f70d01010b0500
11:41:20.702 [main] DEBUG eu.europa.esig.dss.crl.stream.impl.CRLParser - CertificateList -> signatureValue : 0089995984c2665a8a4c668f0c83fd3100697274e8026a84b1657c2abafdc1db853659d4646c975dc25f09b22c10c3658e76692fd90e660a6febf9f115ddd8a1193a168fa315b814b389bdd334cfdcb0b18a26c64721ab3d464bbc8d4429b5dfe5ec4d412e2ba25d48c2d19f602fe809fc8f2c9757330ed245f6f6baf79b0bd2b28d5fa59fcbc0a8b79bd7fe8f155eeb98997e3c436b982a6efe4434ebd3e341c7342f524851d92c7e5d6f92c8a6bec40ff7fc160c56884e8c4a9d48d6c0dd382cb5c6ddda284471008564c28970a65c7ae48ea94f5e72903005bc9313331c8c1820c5f226a301b9373bad933e2694fe7728941741571199297284b4c3f9d04bac
11:41:20.702 [main] DEBUG eu.europa.esig.dss.crl.AbstractCRLUtils - issuingDistributionPointBinary is null. Issuing Distribution Point fields in CRLValidity cannot be filled.
11:41:20.703 [main] DEBUG eu.europa.esig.dss.crl.stream.impl.CRLParser - Should only contain SEQUENCEs : tagNo = 3 (ignored)
11:41:20.703 [main] DEBUG eu.europa.esig.dss.spi.x509.revocation.crl.CRLToken - A CRLToken created with Id : [R-D5F2503DC8B150BF75A87006F5CA504F67224B5C0380C8493DCA997585B35002]
11:41:20.716 [main] DEBUG eu.europa.esig.dss.validation.RevocationDataLoadingStrategy - CRLSource is null
11:41:20.716 [main] DEBUG eu.europa.esig.dss.validation.RevocationDataLoadingStrategy - OCSP request for: C-D8AA68F23F513F383A1B3E9537013D7AA60AA2994B87D88D2E435CC0EC46DD0D using: ExternalResourcesOCSPSource
11:41:20.717 [main] INFO eu.europa.esig.dss.spi.x509.revocation.ocsp.OCSPToken - OCSP status is good
11:41:20.717 [main] DEBUG eu.europa.esig.dss.spi.x509.SignatureIntegrityValidator - Determining signing certificate from certificate candidates list...
11:41:20.718 [main] DEBUG eu.europa.esig.dss.spi.x509.SignatureIntegrityValidator - Public key matching the signature value found.
11:41:20.718 [main] DEBUG eu.europa.esig.dss.spi.x509.revocation.ocsp.OCSPToken - OCSPToken created : R-1C533A63CB89D9E3EF4BDBA302903023051B1CD398F2D8925F1F403C56D11EB0)
11:41:20.718 [main] DEBUG eu.europa.esig.dss.validation.RevocationDataLoadingStrategy - OCSP response for C-D8AA68F23F513F383A1B3E9537013D7AA60AA2994B87D88D2E435CC0EC46DD0D retrieved: OCSPToken[2019-11-14T14:53:40Z, signedBy=CN=OCSP for ADIC CA-A, O=Asmens dokumentu israsymo centras prie LR VRM, C=LT]
11:41:20.718 [main] DEBUG eu.europa.esig.dss.validation.RevocationDataLoadingStrategy - OCSP Response R-1C533A63CB89D9E3EF4BDBA302903023051B1CD398F2D8925F1F403C56D11EB0 status is : GOOD
11:41:20.718 [main] DEBUG eu.europa.esig.dss.validation.RevocationDataVerifier - The revocation 'R-1C533A63CB89D9E3EF4BDBA302903023051B1CD398F2D8925F1F403C56D11EB0' is consistent. Certificate: C-D8AA68F23F513F383A1B3E9537013D7AA60AA2994B87D88D2E435CC0EC46DD0D
11:41:20.718 [main] WARN eu.europa.esig.dss.validation.RevocationDataVerifier - The used DigestAlgorithm SHA1 is not acceptable for revocation token 'R-1C533A63CB89D9E3EF4BDBA302903023051B1CD398F2D8925F1F403C56D11EB0'!
11:41:20.718 [main] DEBUG eu.europa.esig.dss.validation.RevocationDataLoadingStrategy - CRLSource is null
11:41:20.718 [main] DEBUG eu.europa.esig.dss.validation.RevocationDataLoadingStrategy - OCSP request for: C-D8AA68F23F513F383A1B3E9537013D7AA60AA2994B87D88D2E435CC0EC46DD0D using: ExternalResourcesOCSPSource
11:41:20.718 [main] DEBUG eu.europa.esig.dss.validation.RevocationDataLoadingStrategy - OCSP response for C-D8AA68F23F513F383A1B3E9537013D7AA60AA2994B87D88D2E435CC0EC46DD0D retrieved: OCSPToken[2019-11-14T14:53:40Z, signedBy=CN=OCSP for ADIC CA-A, O=Asmens dokumentu israsymo centras prie LR VRM, C=LT]
11:41:20.718 [main] DEBUG eu.europa.esig.dss.validation.RevocationDataLoadingStrategy - OCSP Response R-1C533A63CB89D9E3EF4BDBA302903023051B1CD398F2D8925F1F403C56D11EB0 status is : GOOD
11:41:20.718 [main] DEBUG eu.europa.esig.dss.validation.RevocationDataVerifier - The revocation 'R-1C533A63CB89D9E3EF4BDBA302903023051B1CD398F2D8925F1F403C56D11EB0' is consistent. Certificate: C-D8AA68F23F513F383A1B3E9537013D7AA60AA2994B87D88D2E435CC0EC46DD0D
11:41:20.718 [main] WARN eu.europa.esig.dss.validation.RevocationDataVerifier - The used DigestAlgorithm SHA1 is not acceptable for revocation token 'R-1C533A63CB89D9E3EF4BDBA302903023051B1CD398F2D8925F1F403C56D11EB0'!
]]></system-out>
  </testcase>
  <testcase name="crlFirstThenOcspTest" classname="eu.europa.esig.dss.validation.RevocationDataLoadingStrategyTest" time="0.001">
    <system-out><![CDATA[11:41:20.721 [main] DEBUG eu.europa.esig.dss.validation.RevocationDataLoadingStrategy - CRL request for: C-EBEDBD39D4611D34CC999991137351CC05C39FE1195ADDEC8CB19682BAE507FE using: MockCRLSource
11:41:20.721 [main] DEBUG eu.europa.esig.dss.validation.RevocationDataLoadingStrategy - CRL for C-EBEDBD39D4611D34CC999991137351CC05C39FE1195ADDEC8CB19682BAE507FE retrieved: CRLToken[2021-03-22T13:42:31Z, signedBy=C=LU, OU=PKI-TEST, O=Nowina Solutions, CN=good-ca]
11:41:20.721 [main] WARN eu.europa.esig.dss.validation.RevocationDataLoadingStrategy - RevocationDataVerifier is null! Validation of retrieved revocation data is skipped.
11:41:20.721 [main] DEBUG eu.europa.esig.dss.validation.RevocationDataLoadingStrategy - CRLSource is null
11:41:20.721 [main] DEBUG eu.europa.esig.dss.validation.RevocationDataLoadingStrategy - OCSP request for: C-EBEDBD39D4611D34CC999991137351CC05C39FE1195ADDEC8CB19682BAE507FE using: MockOCSPSource
11:41:20.721 [main] DEBUG eu.europa.esig.dss.validation.RevocationDataLoadingStrategy - OCSP response for C-EBEDBD39D4611D34CC999991137351CC05C39FE1195ADDEC8CB19682BAE507FE retrieved: OCSPToken[2021-03-22T13:50:57Z, signedBy=C=LU, OU=PKI-TEST, O=Nowina Solutions, CN=ocsp-responder]
11:41:20.721 [main] DEBUG eu.europa.esig.dss.validation.RevocationDataLoadingStrategy - OCSP Response R-0F36FDE5A9A0B130A3C5352CC0AFE180EE4EE21A50F7AF79EEAE2A8DC3A7A802 status is : GOOD
11:41:20.721 [main] WARN eu.europa.esig.dss.validation.RevocationDataLoadingStrategy - RevocationDataVerifier is null! Validation of retrieved revocation data is skipped.
11:41:20.721 [main] DEBUG eu.europa.esig.dss.validation.RevocationDataLoadingStrategy - CRLSource is null
11:41:20.721 [main] DEBUG eu.europa.esig.dss.validation.RevocationDataLoadingStrategy - OCSPSource null
11:41:20.721 [main] DEBUG eu.europa.esig.dss.validation.CRLFirstRevocationDataLoadingStrategy - There is no response for C-EBEDBD39D4611D34CC999991137351CC05C39FE1195ADDEC8CB19682BAE507FE neither from CRL nor from OCSP!
]]></system-out>
  </testcase>
  <testcase name="ocspFirstThenCrlTest" classname="eu.europa.esig.dss.validation.RevocationDataLoadingStrategyTest" time="0.002">
    <system-out><![CDATA[11:41:20.724 [main] DEBUG eu.europa.esig.dss.validation.RevocationDataLoadingStrategy - OCSP request for: C-EBEDBD39D4611D34CC999991137351CC05C39FE1195ADDEC8CB19682BAE507FE using: MockOCSPSource
11:41:20.724 [main] DEBUG eu.europa.esig.dss.validation.RevocationDataLoadingStrategy - OCSP response for C-EBEDBD39D4611D34CC999991137351CC05C39FE1195ADDEC8CB19682BAE507FE retrieved: OCSPToken[2021-03-22T13:50:57Z, signedBy=C=LU, OU=PKI-TEST, O=Nowina Solutions, CN=ocsp-responder]
11:41:20.724 [main] DEBUG eu.europa.esig.dss.validation.RevocationDataLoadingStrategy - OCSP Response R-0F36FDE5A9A0B130A3C5352CC0AFE180EE4EE21A50F7AF79EEAE2A8DC3A7A802 status is : GOOD
11:41:20.724 [main] WARN eu.europa.esig.dss.validation.RevocationDataLoadingStrategy - RevocationDataVerifier is null! Validation of retrieved revocation data is skipped.
11:41:20.724 [main] DEBUG eu.europa.esig.dss.validation.RevocationDataLoadingStrategy - OCSPSource null
11:41:20.724 [main] DEBUG eu.europa.esig.dss.validation.RevocationDataLoadingStrategy - CRL request for: C-EBEDBD39D4611D34CC999991137351CC05C39FE1195ADDEC8CB19682BAE507FE using: MockCRLSource
11:41:20.724 [main] DEBUG eu.europa.esig.dss.validation.RevocationDataLoadingStrategy - CRL for C-EBEDBD39D4611D34CC999991137351CC05C39FE1195ADDEC8CB19682BAE507FE retrieved: CRLToken[2021-03-22T13:42:31Z, signedBy=C=LU, OU=PKI-TEST, O=Nowina Solutions, CN=good-ca]
11:41:20.724 [main] WARN eu.europa.esig.dss.validation.RevocationDataLoadingStrategy - RevocationDataVerifier is null! Validation of retrieved revocation data is skipped.
11:41:20.724 [main] DEBUG eu.europa.esig.dss.validation.RevocationDataLoadingStrategy - OCSPSource null
11:41:20.724 [main] DEBUG eu.europa.esig.dss.validation.RevocationDataLoadingStrategy - CRLSource is null
11:41:20.724 [main] DEBUG eu.europa.esig.dss.validation.OCSPFirstRevocationDataLoadingStrategy - There is no response for C-EBEDBD39D4611D34CC999991137351CC05C39FE1195ADDEC8CB19682BAE507FE neither from OCSP nor from CRL!
]]></system-out>
  </testcase>
</testsuite>