<?xml version="1.0" encoding="UTF-8"?>
<testsuite xmlns:xsi="http://www.w3.org/2001/XMLSchema-instance" xsi:noNamespaceSchemaLocation="https://maven.apache.org/surefire/maven-surefire-plugin/xsd/surefire-test-report-3.0.xsd" version="3.0" name="eu.europa.esig.dss.validation.CertificateUnmarshallingTest" time="8.157" tests="19" errors="0" skipped="0" failures="0">
  <properties>
    <property name="java.specification.version" value="19"/>
    <property name="sun.cpu.isalist" value="amd64"/>
    <property name="sun.jnu.encoding" value="Cp1252"/>
    <property name="java.class.path" value="C:\Users\amadoria\Documents\Projects\HAPKIDO\WP4\dss-fork\dss-document\target\test-classes;C:\Users\amadoria\Documents\Projects\HAPKIDO\WP4\dss-fork\dss-document\target\classes;C:\Users\amadoria\Documents\Projects\HAPKIDO\WP4\dss-fork\dss-spi\target\dss-spi-5.12.RC1.jar;C:\Users\amadoria\Documents\Projects\HAPKIDO\WP4\dss-fork\dss-model\target\dss-model-5.12.RC1.jar;C:\Users\amadoria\Documents\Projects\HAPKIDO\WP4\dss-fork\dss-enumerations\target\dss-enumerations-5.12.RC1.jar;C:\Users\amadoria\Documents\Projects\HAPKIDO\WP4\dss-fork\dss-utils\target\dss-utils-5.12.RC1.jar;C:\Users\amadoria\Documents\Projects\HAPKIDO\WP4\dss-fork\dss-crl-parser\target\dss-crl-parser-5.12.RC1.jar;C:\Users\amadoria\.m2\repository\org\slf4j\slf4j-api\2.0.6\slf4j-api-2.0.6.jar;C:\Users\amadoria\Documents\Projects\HAPKIDO\WP4\dss-fork\dss-document\libs\bcpkix-jdk18on-173b20.jar;C:\Users\amadoria\Documents\Projects\HAPKIDO\WP4\dss-fork\dss-document\libs\bcprov-jdk18on-173b20.jar;C:\Users\amadoria\Documents\Projects\HAPKIDO\WP4\dss-fork\dss-document\libs\bcutil-jdk18on-173b20.jar;C:\Users\amadoria\Documents\Projects\HAPKIDO\WP4\dss-fork\validation-policy\target\validation-policy-5.12.RC1.jar;C:\Users\amadoria\Documents\Projects\HAPKIDO\WP4\dss-fork\dss-policy-jaxb\target\dss-policy-jaxb-5.12.RC1.jar;C:\Users\amadoria\Documents\Projects\HAPKIDO\WP4\dss-fork\dss-jaxb-parsers\target\dss-jaxb-parsers-5.12.RC1.jar;C:\Users\amadoria\Documents\Projects\HAPKIDO\WP4\dss-fork\dss-jaxb-common\target\dss-jaxb-common-5.12.RC1.jar;C:\Users\amadoria\Documents\Projects\HAPKIDO\WP4\dss-fork\dss-alert\target\dss-alert-5.12.RC1.jar;C:\Users\amadoria\.m2\repository\org\glassfish\jaxb\jaxb-runtime\2.3.8\jaxb-runtime-2.3.8.jar;C:\Users\amadoria\.m2\repository\org\glassfish\jaxb\txw2\2.3.8\txw2-2.3.8.jar;C:\Users\amadoria\.m2\repository\com\sun\istack\istack-commons-runtime\3.0.12\istack-commons-runtime-3.0.12.jar;C:\Users\amadoria\.m2\repository\com\sun\activation\jakarta.activation\1.2.2\jakarta.activation-1.2.2.jar;C:\Users\amadoria\Documents\Projects\HAPKIDO\WP4\dss-fork\dss-diagnostic-jaxb\target\dss-diagnostic-jaxb-5.12.RC1.jar;C:\Users\amadoria\Documents\Projects\HAPKIDO\WP4\dss-fork\dss-simple-report-jaxb\target\dss-simple-report-jaxb-5.12.RC1.jar;C:\Users\amadoria\Documents\Projects\HAPKIDO\WP4\dss-fork\dss-simple-certificate-report-jaxb\target\dss-simple-certificate-report-jaxb-5.12.RC1.jar;C:\Users\amadoria\Documents\Projects\HAPKIDO\WP4\dss-fork\dss-detailed-report-jaxb\target\dss-detailed-report-jaxb-5.12.RC1.jar;C:\Users\amadoria\Documents\Projects\HAPKIDO\WP4\dss-fork\specs-validation-report\target\specs-validation-report-5.12.RC1.jar;C:\Users\amadoria\Documents\Projects\HAPKIDO\WP4\dss-fork\specs-xmldsig\target\specs-xmldsig-5.12.RC1.jar;C:\Users\amadoria\Documents\Projects\HAPKIDO\WP4\dss-fork\specs-xades\target\specs-xades-5.12.RC1.jar;C:\Users\amadoria\Documents\Projects\HAPKIDO\WP4\dss-fork\specs-trusted-list\target\specs-trusted-list-5.12.RC1.jar;C:\Users\amadoria\Documents\Projects\HAPKIDO\WP4\dss-fork\dss-i18n\target\dss-i18n-5.12.RC1.jar;C:\Users\amadoria\.m2\repository\ch\qos\logback\logback-classic\1.3.5\logback-classic-1.3.5.jar;C:\Users\amadoria\.m2\repository\ch\qos\logback\logback-core\1.3.5\logback-core-1.3.5.jar;C:\Users\amadoria\.m2\repository\com\fasterxml\jackson\module\jackson-module-jaxb-annotations\2.14.2\jackson-module-jaxb-annotations-2.14.2.jar;C:\Users\amadoria\.m2\repository\com\fasterxml\jackson\core\jackson-annotations\2.14.2\jackson-annotations-2.14.2.jar;C:\Users\amadoria\.m2\repository\com\fasterxml\jackson\core\jackson-core\2.14.2\jackson-core-2.14.2.jar;C:\Users\amadoria\.m2\repository\com\fasterxml\jackson\core\jackson-databind\2.14.2\jackson-databind-2.14.2.jar;C:\Users\amadoria\.m2\repository\jakarta\xml\bind\jakarta.xml.bind-api\2.3.3\jakarta.xml.bind-api-2.3.3.jar;C:\Users\amadoria\.m2\repository\jakarta\activation\jakarta.activation-api\1.2.2\jakarta.activation-api-1.2.2.jar;C:\Users\amadoria\.m2\repository\org\junit\platform\junit-platform-launcher\1.9.2\junit-platform-launcher-1.9.2.jar;C:\Users\amadoria\.m2\repository\org\junit\platform\junit-platform-engine\1.9.2\junit-platform-engine-1.9.2.jar;C:\Users\amadoria\.m2\repository\org\opentest4j\opentest4j\1.2.0\opentest4j-1.2.0.jar;C:\Users\amadoria\.m2\repository\org\junit\platform\junit-platform-commons\1.9.2\junit-platform-commons-1.9.2.jar;C:\Users\amadoria\.m2\repository\org\apiguardian\apiguardian-api\1.1.2\apiguardian-api-1.1.2.jar;C:\Users\amadoria\.m2\repository\org\junit\jupiter\junit-jupiter-engine\5.9.2\junit-jupiter-engine-5.9.2.jar;C:\Users\amadoria\.m2\repository\org\junit\jupiter\junit-jupiter-api\5.9.2\junit-jupiter-api-5.9.2.jar;C:\Users\amadoria\.m2\repository\org\junit\jupiter\junit-jupiter-params\5.9.2\junit-jupiter-params-5.9.2.jar;C:\Users\amadoria\Documents\Projects\HAPKIDO\WP4\dss-fork\dss-utils-google-guava\target\dss-utils-google-guava-5.12.RC1.jar;C:\Users\amadoria\.m2\repository\com\google\guava\guava\31.1-jre\guava-31.1-jre.jar;C:\Users\amadoria\.m2\repository\com\google\guava\failureaccess\1.0.1\failureaccess-1.0.1.jar;C:\Users\amadoria\.m2\repository\com\google\guava\listenablefuture\9999.0-empty-to-avoid-conflict-with-guava\listenablefuture-9999.0-empty-to-avoid-conflict-with-guava.jar;C:\Users\amadoria\.m2\repository\com\google\code\findbugs\jsr305\3.0.2\jsr305-3.0.2.jar;C:\Users\amadoria\.m2\repository\org\checkerframework\checker-qual\3.12.0\checker-qual-3.12.0.jar;C:\Users\amadoria\.m2\repository\com\google\errorprone\error_prone_annotations\2.11.0\error_prone_annotations-2.11.0.jar;C:\Users\amadoria\.m2\repository\com\google\j2objc\j2objc-annotations\1.3\j2objc-annotations-1.3.jar;C:\Users\amadoria\Documents\Projects\HAPKIDO\WP4\dss-fork\dss-crl-parser-stream\target\dss-crl-parser-stream-5.12.RC1.jar;"/>
    <property name="java.vm.vendor" value="Oracle Corporation"/>
    <property name="sun.arch.data.model" value="64"/>
    <property name="user.variant" value=""/>
    <property name="java.vendor.url" value="https://java.oracle.com/"/>
    <property name="user.timezone" value="Europe/Amsterdam"/>
    <property name="os.name" value="Windows 10"/>
    <property name="java.vm.specification.version" value="19"/>
    <property name="sun.java.launcher" value="SUN_STANDARD"/>
    <property name="user.country" value="US"/>
    <property name="sun.boot.library.path" value="C:\Program Files\Java\jdk-19\bin"/>
    <property name="sun.java.command" value="C:\Users\amadoria\AppData\Local\Temp\surefire7385040301634076511\surefirebooter-20230428114100642_335.jar C:\Users\amadoria\AppData\Local\Temp\surefire7385040301634076511 2023-04-28T11-29-53_553-jvmRun1 surefire-20230428114100642_333tmp surefire_27-20230428114100642_334tmp"/>
    <property name="jdk.debug" value="release"/>
    <property name="surefire.test.class.path" value="C:\Users\amadoria\Documents\Projects\HAPKIDO\WP4\dss-fork\dss-document\target\test-classes;C:\Users\amadoria\Documents\Projects\HAPKIDO\WP4\dss-fork\dss-document\target\classes;C:\Users\amadoria\Documents\Projects\HAPKIDO\WP4\dss-fork\dss-spi\target\dss-spi-5.12.RC1.jar;C:\Users\amadoria\Documents\Projects\HAPKIDO\WP4\dss-fork\dss-model\target\dss-model-5.12.RC1.jar;C:\Users\amadoria\Documents\Projects\HAPKIDO\WP4\dss-fork\dss-enumerations\target\dss-enumerations-5.12.RC1.jar;C:\Users\amadoria\Documents\Projects\HAPKIDO\WP4\dss-fork\dss-utils\target\dss-utils-5.12.RC1.jar;C:\Users\amadoria\Documents\Projects\HAPKIDO\WP4\dss-fork\dss-crl-parser\target\dss-crl-parser-5.12.RC1.jar;C:\Users\amadoria\.m2\repository\org\slf4j\slf4j-api\2.0.6\slf4j-api-2.0.6.jar;C:\Users\amadoria\Documents\Projects\HAPKIDO\WP4\dss-fork\dss-document\libs\bcpkix-jdk18on-173b20.jar;C:\Users\amadoria\Documents\Projects\HAPKIDO\WP4\dss-fork\dss-document\libs\bcprov-jdk18on-173b20.jar;C:\Users\amadoria\Documents\Projects\HAPKIDO\WP4\dss-fork\dss-document\libs\bcutil-jdk18on-173b20.jar;C:\Users\amadoria\Documents\Projects\HAPKIDO\WP4\dss-fork\validation-policy\target\validation-policy-5.12.RC1.jar;C:\Users\amadoria\Documents\Projects\HAPKIDO\WP4\dss-fork\dss-policy-jaxb\target\dss-policy-jaxb-5.12.RC1.jar;C:\Users\amadoria\Documents\Projects\HAPKIDO\WP4\dss-fork\dss-jaxb-parsers\target\dss-jaxb-parsers-5.12.RC1.jar;C:\Users\amadoria\Documents\Projects\HAPKIDO\WP4\dss-fork\dss-jaxb-common\target\dss-jaxb-common-5.12.RC1.jar;C:\Users\amadoria\Documents\Projects\HAPKIDO\WP4\dss-fork\dss-alert\target\dss-alert-5.12.RC1.jar;C:\Users\amadoria\.m2\repository\org\glassfish\jaxb\jaxb-runtime\2.3.8\jaxb-runtime-2.3.8.jar;C:\Users\amadoria\.m2\repository\org\glassfish\jaxb\txw2\2.3.8\txw2-2.3.8.jar;C:\Users\amadoria\.m2\repository\com\sun\istack\istack-commons-runtime\3.0.12\istack-commons-runtime-3.0.12.jar;C:\Users\amadoria\.m2\repository\com\sun\activation\jakarta.activation\1.2.2\jakarta.activation-1.2.2.jar;C:\Users\amadoria\Documents\Projects\HAPKIDO\WP4\dss-fork\dss-diagnostic-jaxb\target\dss-diagnostic-jaxb-5.12.RC1.jar;C:\Users\amadoria\Documents\Projects\HAPKIDO\WP4\dss-fork\dss-simple-report-jaxb\target\dss-simple-report-jaxb-5.12.RC1.jar;C:\Users\amadoria\Documents\Projects\HAPKIDO\WP4\dss-fork\dss-simple-certificate-report-jaxb\target\dss-simple-certificate-report-jaxb-5.12.RC1.jar;C:\Users\amadoria\Documents\Projects\HAPKIDO\WP4\dss-fork\dss-detailed-report-jaxb\target\dss-detailed-report-jaxb-5.12.RC1.jar;C:\Users\amadoria\Documents\Projects\HAPKIDO\WP4\dss-fork\specs-validation-report\target\specs-validation-report-5.12.RC1.jar;C:\Users\amadoria\Documents\Projects\HAPKIDO\WP4\dss-fork\specs-xmldsig\target\specs-xmldsig-5.12.RC1.jar;C:\Users\amadoria\Documents\Projects\HAPKIDO\WP4\dss-fork\specs-xades\target\specs-xades-5.12.RC1.jar;C:\Users\amadoria\Documents\Projects\HAPKIDO\WP4\dss-fork\specs-trusted-list\target\specs-trusted-list-5.12.RC1.jar;C:\Users\amadoria\Documents\Projects\HAPKIDO\WP4\dss-fork\dss-i18n\target\dss-i18n-5.12.RC1.jar;C:\Users\amadoria\.m2\repository\ch\qos\logback\logback-classic\1.3.5\logback-classic-1.3.5.jar;C:\Users\amadoria\.m2\repository\ch\qos\logback\logback-core\1.3.5\logback-core-1.3.5.jar;C:\Users\amadoria\.m2\repository\com\fasterxml\jackson\module\jackson-module-jaxb-annotations\2.14.2\jackson-module-jaxb-annotations-2.14.2.jar;C:\Users\amadoria\.m2\repository\com\fasterxml\jackson\core\jackson-annotations\2.14.2\jackson-annotations-2.14.2.jar;C:\Users\amadoria\.m2\repository\com\fasterxml\jackson\core\jackson-core\2.14.2\jackson-core-2.14.2.jar;C:\Users\amadoria\.m2\repository\com\fasterxml\jackson\core\jackson-databind\2.14.2\jackson-databind-2.14.2.jar;C:\Users\amadoria\.m2\repository\jakarta\xml\bind\jakarta.xml.bind-api\2.3.3\jakarta.xml.bind-api-2.3.3.jar;C:\Users\amadoria\.m2\repository\jakarta\activation\jakarta.activation-api\1.2.2\jakarta.activation-api-1.2.2.jar;C:\Users\amadoria\.m2\repository\org\junit\platform\junit-platform-launcher\1.9.2\junit-platform-launcher-1.9.2.jar;C:\Users\amadoria\.m2\repository\org\junit\platform\junit-platform-engine\1.9.2\junit-platform-engine-1.9.2.jar;C:\Users\amadoria\.m2\repository\org\opentest4j\opentest4j\1.2.0\opentest4j-1.2.0.jar;C:\Users\amadoria\.m2\repository\org\junit\platform\junit-platform-commons\1.9.2\junit-platform-commons-1.9.2.jar;C:\Users\amadoria\.m2\repository\org\apiguardian\apiguardian-api\1.1.2\apiguardian-api-1.1.2.jar;C:\Users\amadoria\.m2\repository\org\junit\jupiter\junit-jupiter-engine\5.9.2\junit-jupiter-engine-5.9.2.jar;C:\Users\amadoria\.m2\repository\org\junit\jupiter\junit-jupiter-api\5.9.2\junit-jupiter-api-5.9.2.jar;C:\Users\amadoria\.m2\repository\org\junit\jupiter\junit-jupiter-params\5.9.2\junit-jupiter-params-5.9.2.jar;C:\Users\amadoria\Documents\Projects\HAPKIDO\WP4\dss-fork\dss-utils-google-guava\target\dss-utils-google-guava-5.12.RC1.jar;C:\Users\amadoria\.m2\repository\com\google\guava\guava\31.1-jre\guava-31.1-jre.jar;C:\Users\amadoria\.m2\repository\com\google\guava\failureaccess\1.0.1\failureaccess-1.0.1.jar;C:\Users\amadoria\.m2\repository\com\google\guava\listenablefuture\9999.0-empty-to-avoid-conflict-with-guava\listenablefuture-9999.0-empty-to-avoid-conflict-with-guava.jar;C:\Users\amadoria\.m2\repository\com\google\code\findbugs\jsr305\3.0.2\jsr305-3.0.2.jar;C:\Users\amadoria\.m2\repository\org\checkerframework\checker-qual\3.12.0\checker-qual-3.12.0.jar;C:\Users\amadoria\.m2\repository\com\google\errorprone\error_prone_annotations\2.11.0\error_prone_annotations-2.11.0.jar;C:\Users\amadoria\.m2\repository\com\google\j2objc\j2objc-annotations\1.3\j2objc-annotations-1.3.jar;C:\Users\amadoria\Documents\Projects\HAPKIDO\WP4\dss-fork\dss-crl-parser-stream\target\dss-crl-parser-stream-5.12.RC1.jar;"/>
    <property name="sun.cpu.endian" value="little"/>
    <property name="user.home" value="C:\Users\amadoria"/>
    <property name="user.language" value="en"/>
    <property name="java.specification.vendor" value="Oracle Corporation"/>
    <property name="java.version.date" value="2023-01-17"/>
    <property name="java.home" value="C:\Program Files\Java\jdk-19"/>
    <property name="file.separator" value="\"/>
    <property name="basedir" value="C:\Users\amadoria\Documents\Projects\HAPKIDO\WP4\dss-fork\dss-document"/>
    <property name="java.vm.compressedOopsMode" value="Zero based"/>
    <property name="line.separator" value="&#10;"/>
    <property name="java.vm.specification.vendor" value="Oracle Corporation"/>
    <property name="java.specification.name" value="Java Platform API Specification"/>
    <property name="surefire.real.class.path" value="C:\Users\amadoria\AppData\Local\Temp\surefire7385040301634076511\surefirebooter-20230428114100642_335.jar"/>
    <property name="user.script" value=""/>
    <property name="sun.management.compiler" value="HotSpot 64-Bit Tiered Compilers"/>
    <property name="java.runtime.version" value="19.0.2+7-44"/>
    <property name="user.name" value="amadoria"/>
    <property name="stdout.encoding" value="Cp1252"/>
    <property name="path.separator" value=";"/>
    <property name="os.version" value="10.0"/>
    <property name="java.runtime.name" value="Java(TM) SE Runtime Environment"/>
    <property name="file.encoding" value="UTF-8"/>
    <property name="java.vm.name" value="Java HotSpot(TM) 64-Bit Server VM"/>
    <property name="localRepository" value="C:\Users\amadoria\.m2\repository"/>
    <property name="java.vendor.url.bug" value="https://bugreport.java.com/bugreport/"/>
    <property name="java.io.tmpdir" value="C:\Users\amadoria\AppData\Local\Temp\"/>
    <property name="java.version" value="19.0.2"/>
    <property name="user.dir" value="C:\Users\amadoria\Documents\Projects\HAPKIDO\WP4\dss-fork\dss-document"/>
    <property name="os.arch" value="amd64"/>
    <property name="java.vm.specification.name" value="Java Virtual Machine Specification"/>
    <property name="sun.os.patch.level" value=""/>
    <property name="native.encoding" value="Cp1252"/>
    <property name="java.library.path" value="C:\Program Files\Java\jdk-19\bin;C:\WINDOWS\Sun\Java\bin;C:\WINDOWS\system32;C:\WINDOWS;C:\Program Files\Common Files\Oracle\Java\javapath;C:\Program Files\Eclipse Adoptium\jdk-17.0.5.8-hotspot\bin;C:\WINDOWS\system32;C:\WINDOWS;C:\WINDOWS\System32\Wbem;C:\WINDOWS\System32\WindowsPowerShell\v1.0\;C:\WINDOWS\System32\OpenSSH\;C:\Program Files\dotnet\;C:\ProgramData\chocolatey\bin;C:\Program Files\Gradle\gradle-8.0.2\bin;C:\Program Files\Maven\apache-maven-3.9.0\bin;;C:\Program Files\Docker\Docker\resources\bin;C:\Users\amadoria\AppData\Local\Programs\Python\Python38\Scripts\;C:\Users\amadoria\AppData\Local\Programs\Python\Python38\;C:\Users\amadoria\AppData\Local\Microsoft\WindowsApps;C:\Users\amadoria\AppData\Local\Programs\MiKTeX\miktex\bin\x64\;C:\Users\amadoria\AppData\Local\Programs\Microsoft VS Code\bin;C:\Users\amadoria\AppData\Roaming\Python\Scripts\;C:\Users\amadoria\AppData\Local\Programs\Git\cmd;C:\Program Files\JetBrains\IntelliJ IDEA Community Edition 2022.3.3\bin;;."/>
    <property name="java.vm.info" value="mixed mode, sharing"/>
    <property name="stderr.encoding" value="Cp1252"/>
    <property name="java.vendor" value="Oracle Corporation"/>
    <property name="java.vm.version" value="19.0.2+7-44"/>
    <property name="sun.io.unicode.encoding" value="UnicodeLittle"/>
    <property name="java.class.version" value="63.0"/>
  </properties>
  <testcase name="test(File)[1]" classname="eu.europa.esig.dss.validation.CertificateUnmarshallingTest" time="1.894">
    <system-out><![CDATA[11:41:07.342 [main] INFO eu.europa.esig.dss.validation.CommonCertificateVerifier - + New CommonCertificateVerifier created.
11:41:07.358 [main] INFO eu.europa.esig.dss.validation.CommonCertificateVerifier - + New CommonCertificateVerifier created.
11:41:07.387 [main] DEBUG eu.europa.esig.dss.validation.SignatureValidationContext - Revocation data is not required for certificate : C-9F9744463BE13714754E1A3BECF98C08CC205E4AB32028F4E2830C4A1B2775B8
11:41:07.388 [main] WARN eu.europa.esig.dss.validation.DiagnosticDataBuilder - Provided CertificateSource configuration contains none of trusted sources of type TRUSTED_STORE or TRUSTED_LIST!
11:41:07.388 [main] DEBUG eu.europa.esig.dss.spi.CertificateExtensionsUtils - Unknown non-critical CertificateExtension with OID : '2.16.840.1.113730.1.1'
11:41:07.501 [main] WARN eu.europa.esig.dss.detailedreport.DetailedReportMessageCollector - The validation at time 'CERTIFICATE_ISSUANCE_TIME' is not found or not performed!
11:41:07.502 [main] WARN eu.europa.esig.dss.detailedreport.DetailedReportMessageCollector - The validation at time 'CERTIFICATE_ISSUANCE_TIME' is not found or not performed!
11:41:07.502 [main] WARN eu.europa.esig.dss.detailedreport.DetailedReportMessageCollector - The validation at time 'CERTIFICATE_ISSUANCE_TIME' is not found or not performed!
11:41:07.502 [main] WARN eu.europa.esig.dss.detailedreport.DetailedReportMessageCollector - The validation at time 'VALIDATION_TIME' is not found or not performed!
11:41:07.502 [main] WARN eu.europa.esig.dss.detailedreport.DetailedReportMessageCollector - The validation at time 'VALIDATION_TIME' is not found or not performed!
11:41:07.502 [main] WARN eu.europa.esig.dss.detailedreport.DetailedReportMessageCollector - The validation at time 'VALIDATION_TIME' is not found or not performed!
]]></system-out>
  </testcase>
  <testcase name="test(File)[2]" classname="eu.europa.esig.dss.validation.CertificateUnmarshallingTest" time="0.352">
    <system-out><![CDATA[11:41:09.196 [main] INFO eu.europa.esig.dss.validation.CommonCertificateVerifier - + New CommonCertificateVerifier created.
11:41:09.223 [main] INFO eu.europa.esig.dss.validation.CommonCertificateVerifier - + New CommonCertificateVerifier created.
11:41:09.225 [main] INFO eu.europa.esig.dss.validation.AIACertificateSource - Retrieving C-BC5B2B8D9E39E650D29B1F39B45247418C1C4D047DAAB32CA8826B9739E20E14 certificate's issuer using AIA.
11:41:09.225 [main] INFO eu.europa.esig.dss.spi.x509.aia.DefaultAIASource - There is no AIA extension for certificate download.
11:41:09.228 [main] WARN eu.europa.esig.dss.validation.SignatureValidationContext - Issuer not found for certificate C-BC5B2B8D9E39E650D29B1F39B45247418C1C4D047DAAB32CA8826B9739E20E14
11:41:09.229 [main] WARN eu.europa.esig.dss.validation.DiagnosticDataBuilder - Provided CertificateSource configuration contains none of trusted sources of type TRUSTED_STORE or TRUSTED_LIST!
11:41:09.230 [main] DEBUG eu.europa.esig.dss.spi.CertificateExtensionsUtils - Unknown non-critical CertificateExtension with OID : '2.16.840.1.113730.1.1'
11:41:09.231 [main] WARN eu.europa.esig.dss.detailedreport.DetailedReportMessageCollector - The validation at time 'CERTIFICATE_ISSUANCE_TIME' is not found or not performed!
11:41:09.231 [main] WARN eu.europa.esig.dss.detailedreport.DetailedReportMessageCollector - The validation at time 'CERTIFICATE_ISSUANCE_TIME' is not found or not performed!
11:41:09.231 [main] WARN eu.europa.esig.dss.detailedreport.DetailedReportMessageCollector - The validation at time 'CERTIFICATE_ISSUANCE_TIME' is not found or not performed!
11:41:09.231 [main] WARN eu.europa.esig.dss.detailedreport.DetailedReportMessageCollector - The validation at time 'VALIDATION_TIME' is not found or not performed!
11:41:09.231 [main] WARN eu.europa.esig.dss.detailedreport.DetailedReportMessageCollector - The validation at time 'VALIDATION_TIME' is not found or not performed!
11:41:09.231 [main] WARN eu.europa.esig.dss.detailedreport.DetailedReportMessageCollector - The validation at time 'VALIDATION_TIME' is not found or not performed!
]]></system-out>
  </testcase>
  <testcase name="test(File)[3]" classname="eu.europa.esig.dss.validation.CertificateUnmarshallingTest" time="0.763">
    <system-out><![CDATA[11:41:09.556 [main] INFO eu.europa.esig.dss.validation.CommonCertificateVerifier - + New CommonCertificateVerifier created.
11:41:09.577 [main] INFO eu.europa.esig.dss.validation.CommonCertificateVerifier - + New CommonCertificateVerifier created.
11:41:09.579 [main] INFO eu.europa.esig.dss.validation.AIACertificateSource - Retrieving C-4AE84856DAD3520D875D28EDF71D513AA08EF813C96B22A9B6C3A562956FF4B1 certificate's issuer using AIA.
11:41:09.580 [main] DEBUG eu.europa.esig.dss.spi.x509.aia.DefaultAIASource - Loading certificate(s) from 'http://q.ica.cz/ca_nbusr09.p7c'.
11:41:09.839 [main] DEBUG eu.europa.esig.dss.spi.x509.aia.DefaultAIASource - Base64 content : MIIREQYJKoZIhvcNAQcCoIIRAjCCEP4CAQExADALBgkqhkiG9w0BBwGgghDmMIIIiTCCBnGgAwIBAgIBATANBgkqhkiG9w0BAQsFADBtMQswCQYDVQQGEwJTSzETMBEGA1UEBwwKQnJhdGlzbGF2YTEiMCAGA1UECgwZTmFyb2RueSBiZXpwZWNub3N0bnkgdXJhZDEOMAwGA1UECwwFU0lCRVAxFTATBgNVBAMMDEtDQSBOQlUgU1IgMzAeFw0wOTExMDYwOTU5MzlaFw0yNTExMDYwNzI5MDlaMG0xCzAJBgNVBAYTAlNLMRMwEQYDVQQHDApCcmF0aXNsYXZhMSIwIAYDVQQKDBlOYXJvZG55IGJlenBlY25vc3RueSB1cmFkMQ4wDAYDVQQLDAVTSUJFUDEVMBMGA1UEAwwMS0NBIE5CVSBTUiAzMIICIjANBgkqhkiG9w0BAQEFAAOCAg8AMIICCgKCAgEA26rQjy9KlxLVuet9WdyDXIsxF/Llbl7OLNLFJ9xn6rOO8NcFIZfSlA1USbEfK+3kMJyNYJNyFi8OGQq3vv9/yRjJ5EARzVlns4ROhI/nxEahu4ET4VxVuyO5h0fmyJiGdFwJIPzFUxXYd2Z+u2OpLbNLynj4HG9k2CK6p5TB0CXzj4MUr7rbXF0sV+J3iQwcFSJol8C4gGln9wC4czC44jHWfZUSvQ3vK9hrSBbJJ3bYLZV/RawKvR4SkWDxnFiOti7ujULrWpfkgiCo2TDV4NSGsaGeXEIzoBShYRtppibHjmuLyFwZmvggY2/ux+EVwt6bgrlftQLpORF2rTQAdt10OyZNuMRphkKuDwgd1EhK4vW9XubLNbBCDBRhHG8dp7Vj/WOIVJPuQKR31O2ngnNiV4ItFLfVTU6h54/IgN4WDIM72Ak75yVInkqUbq1uYeHI375wIVUR1eLkW1FusT+wMYvVApZKg/0GX6lNLRmpQOOFv7iPXaoO4YSN761PkHJf5qJVyYS8dCM/ecpATRKR/RfdJSNmHcPHea8U+Zr5v+0f9DkWJ/zwzLAWNdU34C4s1LBmLA6uGAGfj8uesQ+5GRKCDcZwUA195XLN2o0JYner9ZY5L+DBTgjbxocxey55qvsEqWhiJO0KwkgwM//tHiO5WxS/RW6k1ts16OMCAwEAAaOCAzIwggMuMFAGA1UdIARJMEcwRQYNK4EekZmEBQAAAAECAjA0MDIGCCsGAQUFBwIBFiZodHRwOi8vZXAubmJ1c3Iuc2sva2NhL2RvYy9rY2FfY3BzLnBkZjAPBgNVHRMBAf8EBTADAQH/MIIBWAYDVR0fBIIBTzCCAUswMKAuoCyGKmh0dHA6Ly9lcC5uYnVzci5zay9rY2EvY3JsczMva2NhbmJ1c3IzLmNybDCBkKCBjaCBioaBh2xkYXA6Ly9lcC5uYnVzci5zay9jbiUzZEtDQSUyME5CVSUyMFNSJTIwMyxvdSUzZFNJQkVQLG8lM2ROYXJvZG55JTIwYmV6cGVjbm9zdG55JTIwdXJhZCxsJTNkQnJhdGlzbGF2YSxjJTNkU0s/Y2VydGlmaWNhdGVSZXZvY2F0aW9uTGlzdDCBg6CBgKB+hnxsZGFwOi8vL2NuJTNkS0NBJTIwTkJVJTIwU1IlMjAzLG91JTNkU0lCRVAsbyUzZE5hcm9kbnklMjBiZXpwZWNub3N0bnklMjB1cmFkLGwlM2RCcmF0aXNsYXZhLGMlM2RTSz9jZXJ0aWZpY2F0ZVJldm9jYXRpb25MaXN0MIIBPAYIKwYBBQUHAQsEggEuMIIBKjA7BggrBgEFBQcwBYYvaHR0cDovL2VwLm5idXNyLnNrL2tjYS9jZXJ0cy9rY2EzL2tjYW5idXNyMy5wN2MwegYIKwYBBQUHMAWGbmxkYXA6Ly9lcC5uYnVzci5zay9jbj1LQ0EgTkJVIFNSIDMsb3U9U0lCRVAsbz1OYXJvZG55IGJlenBlY25vc3RueSB1cmFkLGw9QnJhdGlzbGF2YSxjPVNLP2NhQ2VydGlmaWNhdGU7YmluYXJ5MG8GCCsGAQUFBzAFhmNsZGFwOi8vL2NuPUtDQSBOQlUgU1IgMyxvdT1TSUJFUCxvPU5hcm9kbnkgYmV6cGVjbm9zdG55IHVyYWQsbD1CcmF0aXNsYXZhLGM9U0s/Y2FDZXJ0aWZpY2F0ZTtiaW5hcnkwDgYDVR0PAQH/BAQDAgEGMB0GA1UdDgQWBBR/8T0hwpdaLpcHDrFpgyX9IYY+BzANBgkqhkiG9w0BAQsFAAOCAgEANtv5EullQrKjuYnue9kecm9voLAnwqLqip4XEB22msgAuIrLkEteMt61k/BFgthXau9fBwD9CXu3qwTjtf+fyTgbU1aVR0b/ByzTbmkp179lQ5S8XOnawS9567JWNHaNiRW4XNN3WbQSsIfxBo5Vs1e0uW0GadTIXaRgMxwiWIpobd3nu1PbWlYPgi15dwRY4uSfjNQ1HFbVVgefi6Z4O32YKzxV38N+Os7uVsVcniyvI2Xo+MbUVzmdF2ExNvuguf06jekc/VfHSFY5zs1sMJyZI1aYmkbthQIHIQV5sK3/Bqv89I8Zx2CBwVTM/dgzzcdsNvh0RWkb3qK9tVqhJya2kGCFCD+h6Cya1d6TE4aWDub1dAX4L1w1lqdawG4rnz+HhoG5ZioUFzNdFJEYJCdCRcbrG0DsO25In1GZVbO6mhWcof6vwKW4cTknKi09MUe5l1q5oKu1VsIzDimymUe0B2sG5yWnkCYz91BaYQdabr11FlwiKriMNzlXcd4FC/o6MvPNPvUWzkiEV9wg82uztiKANqRaFYcO8sHYajx4IY1kELi9TUectuWL2EjaNp9OJnbL2YXCVemtb9PUYdZG+gWpH5DlEAxhsMpY+qH7x1sunu4NtwIZmdBKZG76MDwz0mCPgmYSous91QQBqeThl3hGnliUk8fF2aNJesAwgghVMIIGPaADAgECAgIA4DANBgkqhkiG9w0BAQsFADBtMQswCQYDVQQGEwJTSzETMBEGA1UEBwwKQnJhdGlzbGF2YTEiMCAGA1UECgwZTmFyb2RueSBiZXpwZWNub3N0bnkgdXJhZDEOMAwGA1UECwwFU0lCRVAxFTATBgNVBAMMDEtDQSBOQlUgU1IgMzAeFw0wOTExMjQxMTE0MTFaFw0xOTA5MDEwMDAwMDBaMIG3MQswCQYDVQQGEwJDWjE6MDgGA1UEAwwxSS5DQSAtIFF1YWxpZmllZCBDZXJ0aWZpY2F0aW9uIEF1dGhvcml0eSwgMDkvMjAwOTEtMCsGA1UECgwkUHJ2bsOtIGNlcnRpZmlrYcSNbsOtIGF1dG9yaXRhLCBhLnMuMT0wOwYDVQQLDDRJLkNBIC0gQWNjcmVkaXRlZCBQcm92aWRlciBvZiBDZXJ0aWZpY2F0aW9uIFNlcnZpY2VzMIIBIjANBgkqhkiG9w0BAQEFAAOCAQ8AMIIBCgKCAQEAtTaEy0KC8M9l4lSaWHMs4+sVV1LwzyJYiIQNeCrv1HHm/YpGIdY/Z640ceankjQvIX7m23BK4OSC6KO8kZYA3zopOz6GFCOKV2PvLukbc+c2imF6kLHEv6qNA8WxhPbR3xKwlHDwB2yhWzo7V3QVgDRG83sugqQntKYC3LnlTGbJpNP+Az72gpO9AHUn/IBhFk4ksc8lYS2L9GCy9CsmdKSBP78p9w8Lx7vDLqkDgt1/zBrcUWmSSb7AE/BPEeMryQV1IdI6nlGnBhWkXOYf6GSdayJw86btuxC7viDKNrbp44HjQRaSxnp6O3eto1x4DfiYdw/YbJFe7EjkxSQBywIDAQABo4IDsjCCA64wEgYDVR0TAQH/BAgwBgEB/wIBATBTBgNVHSABAf8ESTBHMEUGDSuBHpGZhAUAAAABAgIwNDAyBggrBgEFBQcCARYmaHR0cDovL2VwLm5idXNyLnNrL2tjYS9kb2Mva2NhX2Nwcy5wZGYwQgYDVR0hBDswOTAXBg0rgR6RmYQFAAAAAQICBgYEAIswAQEwHgYNK4EekZmEBQAAAAECAgYNK4EekZmEBQAAAAECAjAPBgNVHSQBAf8EBTADgAEAMIIBQAYIKwYBBQUHAQEEggEyMIIBLjA/BggrBgEFBQcwAoYzaHR0cDovL2VwLm5idXNyLnNrL2tjYS9jZXJ0cy9rY2EzL2tjYW5idXNyM19wN2MucDdjMHoGCCsGAQUFBzAChm5sZGFwOi8vZXAubmJ1c3Iuc2svY249S0NBIE5CVSBTUiAzLG91PVNJQkVQLG89TmFyb2RueSBiZXpwZWNub3N0bnkgdXJhZCxsPUJyYXRpc2xhdmEsYz1TSz9jYUNlcnRpZmljYXRlO2JpbmFyeTBvBggrBgEFBQcwAoZjbGRhcDovLy9jbj1LQ0EgTkJVIFNSIDMsb3U9U0lCRVAsbz1OYXJvZG55IGJlenBlY25vc3RueSB1cmFkLGw9QnJhdGlzbGF2YSxjPVNLP2NhQ2VydGlmaWNhdGU7YmluYXJ5MA4GA1UdDwEB/wQEAwIBBjAfBgNVHSMEGDAWgBR/8T0hwpdaLpcHDrFpgyX9IYY+BzCCAVgGA1UdHwSCAU8wggFLMDCgLqAshipodHRwOi8vZXAubmJ1c3Iuc2sva2NhL2NybHMzL2tjYW5idXNyMy5jcmwwgZCggY2ggYqGgYdsZGFwOi8vZXAubmJ1c3Iuc2svY24lM2RLQ0ElMjBOQlUlMjBTUiUyMDMsb3UlM2RTSUJFUCxvJTNkTmFyb2RueSUyMGJlenBlY25vc3RueSUyMHVyYWQsbCUzZEJyYXRpc2xhdmEsYyUzZFNLP2NlcnRpZmljYXRlUmV2b2NhdGlvbkxpc3QwgYOggYCgfoZ8bGRhcDovLy9jbiUzZEtDQSUyME5CVSUyMFNSJTIwMyxvdSUzZFNJQkVQLG8lM2ROYXJvZG55JTIwYmV6cGVjbm9zdG55JTIwdXJhZCxsJTNkQnJhdGlzbGF2YSxjJTNkU0s/Y2VydGlmaWNhdGVSZXZvY2F0aW9uTGlzdDAdBgNVHQ4EFgQUecvQI+k6Z3CRdE/TUeLgIP3hKPswDQYJKoZIhvcNAQELBQADggIBAI9w2OBY4N0C5eo//WPytGSNhtGpas6MSlNkP80dYWTUvmNPlqgfYmL5DRQ/LrndsbhB5qolIOMni9P/2CFA+41aSw2y/m3wBzc4itpcRyElZiR+Khl6dM6OeGlp92wb5IsUF8S1UXFpVzqdfB5jo4P0DZtygcHjU+HFQziJqhekJkUXJALFarD7zq1YP28y7EitfILNTnCrcNZr2nSeXFz3vX0fiEyCIWtdFrf+zs0TmbrZ4z/+HRlBzrIBvp/BtF+aeQB+d92BE3qNiLQE6KHa0S1XRWSFpU43Mo10/y1U/VxeFmLOor44SX7Ym38egkMBxZpE9uFlsuCZJnRzkelKeFsAkschnvFPmlmqRDx/EgrnmqnI3ssJTj6g+0kmlDgGovtdSUZb87gnuioC9+OwMpseEfGlyCEDxuprq9KNoAh6SS5ZluA2e4vyM7sEm1Q9CVPfLdJtjUtJzBjlz4PlTAICxBlA30olWRfd8MnRbSlo6RbIBQBRnISbruYqItenzFTXnMchAqVjDLEQGfURbzfOJlYzGsZeke6R8gXokfEf96IShQ55d07AewumwWJdQgN0B7bqfluakcjzz3/pRRUpOKjy6sWOGUAUlTDepsRGU/YzVqRLj5xO4hO8e2r3y9A0pApDYWbjzDjmIaN71O0vHpvR/ATFJau65muLMQA=
11:41:09.976 [main] DEBUG eu.europa.esig.dss.spi.x509.aia.DefaultAIASource - 2 certificate(s) loaded from 'http://q.ica.cz/ca_nbusr09.p7c'
11:41:09.989 [main] WARN eu.europa.esig.dss.validation.SignatureValidationContext - No revocation found for the certificate C-4AE84856DAD3520D875D28EDF71D513AA08EF813C96B22A9B6C3A562956FF4B1
11:41:09.990 [main] WARN eu.europa.esig.dss.validation.SignatureValidationContext - No revocation found for the certificate C-849A6A6F5AD1F26DD487701A15499A31CE4B911A3FFFA61502787456D06E9772
11:41:09.991 [main] DEBUG eu.europa.esig.dss.validation.SignatureValidationContext - Revocation data is not required for certificate : C-D83477E0388C40BA092FECA484A5EBD3AD3028BF60220132E95158C00DDCE98F
11:41:09.991 [main] WARN eu.europa.esig.dss.validation.DiagnosticDataBuilder - Provided CertificateSource configuration contains none of trusted sources of type TRUSTED_STORE or TRUSTED_LIST!
11:41:09.995 [main] DEBUG eu.europa.esig.dss.spi.CertificateExtensionsUtils - Unknown non-critical CertificateExtension with OID : '2.16.840.1.113730.1.13'
11:41:10.009 [main] WARN eu.europa.esig.dss.detailedreport.DetailedReportMessageCollector - The validation at time 'CERTIFICATE_ISSUANCE_TIME' is not found or not performed!
11:41:10.009 [main] WARN eu.europa.esig.dss.detailedreport.DetailedReportMessageCollector - The validation at time 'CERTIFICATE_ISSUANCE_TIME' is not found or not performed!
11:41:10.009 [main] WARN eu.europa.esig.dss.detailedreport.DetailedReportMessageCollector - The validation at time 'CERTIFICATE_ISSUANCE_TIME' is not found or not performed!
11:41:10.009 [main] WARN eu.europa.esig.dss.detailedreport.DetailedReportMessageCollector - The validation at time 'VALIDATION_TIME' is not found or not performed!
11:41:10.009 [main] WARN eu.europa.esig.dss.detailedreport.DetailedReportMessageCollector - The validation at time 'VALIDATION_TIME' is not found or not performed!
11:41:10.009 [main] WARN eu.europa.esig.dss.detailedreport.DetailedReportMessageCollector - The validation at time 'VALIDATION_TIME' is not found or not performed!
]]></system-out>
  </testcase>
  <testcase name="test(File)[4]" classname="eu.europa.esig.dss.validation.CertificateUnmarshallingTest" time="0.189">
    <system-out><![CDATA[11:41:10.306 [main] INFO eu.europa.esig.dss.validation.CommonCertificateVerifier - + New CommonCertificateVerifier created.
11:41:10.326 [main] INFO eu.europa.esig.dss.validation.CommonCertificateVerifier - + New CommonCertificateVerifier created.
11:41:10.330 [main] DEBUG eu.europa.esig.dss.validation.SignatureValidationContext - Revocation data is not required for certificate : C-C0C05A8D8DA55EAF27AA9B910B0A6EF0D8BBDED346928DB872E182C2073E9802
11:41:10.330 [main] WARN eu.europa.esig.dss.validation.DiagnosticDataBuilder - Provided CertificateSource configuration contains none of trusted sources of type TRUSTED_STORE or TRUSTED_LIST!
11:41:10.332 [main] WARN eu.europa.esig.dss.detailedreport.DetailedReportMessageCollector - The validation at time 'CERTIFICATE_ISSUANCE_TIME' is not found or not performed!
11:41:10.333 [main] WARN eu.europa.esig.dss.detailedreport.DetailedReportMessageCollector - The validation at time 'CERTIFICATE_ISSUANCE_TIME' is not found or not performed!
11:41:10.333 [main] WARN eu.europa.esig.dss.detailedreport.DetailedReportMessageCollector - The validation at time 'CERTIFICATE_ISSUANCE_TIME' is not found or not performed!
11:41:10.333 [main] WARN eu.europa.esig.dss.detailedreport.DetailedReportMessageCollector - The validation at time 'VALIDATION_TIME' is not found or not performed!
11:41:10.333 [main] WARN eu.europa.esig.dss.detailedreport.DetailedReportMessageCollector - The validation at time 'VALIDATION_TIME' is not found or not performed!
11:41:10.333 [main] WARN eu.europa.esig.dss.detailedreport.DetailedReportMessageCollector - The validation at time 'VALIDATION_TIME' is not found or not performed!
]]></system-out>
  </testcase>
  <testcase name="test(File)[5]" classname="eu.europa.esig.dss.validation.CertificateUnmarshallingTest" time="0.479">
    <system-out><![CDATA[11:41:10.503 [main] INFO eu.europa.esig.dss.validation.CommonCertificateVerifier - + New CommonCertificateVerifier created.
11:41:10.522 [main] INFO eu.europa.esig.dss.validation.CommonCertificateVerifier - + New CommonCertificateVerifier created.
11:41:10.524 [main] INFO eu.europa.esig.dss.validation.AIACertificateSource - Retrieving C-59C80DCC7429CCFD8C2B1590FE885FB4F6C77F7C9CBB4B82A62CB1C27FF4E246 certificate's issuer using AIA.
11:41:10.524 [main] DEBUG eu.europa.esig.dss.spi.x509.aia.DefaultAIASource - Loading certificate(s) from 'http://trust.quovadisglobal.com/qveucag2.crt'.
11:41:10.700 [main] DEBUG eu.europa.esig.dss.spi.x509.aia.DefaultAIASource - Base64 content : MIIFjjCCBHagAwIBAgIUIBhwLg4/l5vcFjA30Du20n1cSyIwDQYJKoZIhvcNAQEFBQAwfzELMAkGA1UEBhMCQk0xGTAXBgNVBAoTEFF1b1ZhZGlzIExpbWl0ZWQxJTAjBgNVBAsTHFJvb3QgQ2VydGlmaWNhdGlvbiBBdXRob3JpdHkxLjAsBgNVBAMTJVF1b1ZhZGlzIFJvb3QgQ2VydGlmaWNhdGlvbiBBdXRob3JpdHkwHhcNMTIwNDE2MTMxOTE4WhcNMjEwMzE3MTgzMzMzWjCBkjELMAkGA1UEBhMCTkwxIDAeBgNVBAoTF1F1b1ZhZGlzIFRydXN0bGluayBCLlYuMSgwJgYDVQQLEx9Jc3N1aW5nIENlcnRpZmljYXRpb24gQXV0aG9yaXR5MTcwNQYDVQQDEy5RdW9WYWRpcyBFVSBJc3N1aW5nIENlcnRpZmljYXRpb24gQXV0aG9yaXR5IEcyMIICIjANBgkqhkiG9w0BAQEFAAOCAg8AMIICCgKCAgEAptA1axMi6cc+oSTu9htnLRqQxnJl9FyGTCt3vG5A83hHNX4RhrAfY49DMADBLgRwOwqbHrl6GRwTCcbfBOK28gqOQXWOecqwfk1ELFSGTkiNJp6pqdzBRYZISEPgbfvPv1myotKSn9JLHM1mqhDlVhrM89wVmLFn/wMCRPkcPqbdko0lMQCZEa9UV0XL3axA6hw/vi84QuCAW6+2grv+BKQ5Hcg+ASTPyAxbkFmBu6ftyzbCdVdbggnRTI0Tqz6QP7NNC0W3fWTPva60+jnSuq4eHTZke4oFIa5/d5teBVdrKs97k5JuvQnx7vDDJwLVKh/cA3s/RLx+gzS/kR8fy4LnL2INOvjAEhopEq/AIozyDaNblku4ozv9U64B+kggxznGZRy/F37qWTOoVmWLGbMGBAV0EuMy+zf19qVg6Pmlha6IvkCoLIH1Rn1CCchRIZssi9EitsitionsemIPG0iYrplb2eY9AMuFNn2XhPbDGGLQeWzc2O7YAMnqnWPLrYfAlbwA581D4lgtPMUYTY4ejgJ3dbTq23PqMsR1RRTv3Z8e4OLXx8YY9zwnCG+iN+hoGBvwaDMy53PRP8BL2II6t03wQOWVkNaS2hi7UZKu2ubIczZkvjHVJHIWOsmvYkxM5slZk6XS61t3e3A5sniJOU0N7i10zQhC8qFSwtMCAwEAAaOB7TCB6jAPBgNVHRMBAf8EBTADAQH/MDoGCCsGAQUFBwEBBC4wLDAqBggrBgEFBQcwAYYeaHR0cDovL29jc3AucXVvdmFkaXNnbG9iYWwuY29tMBEGA1UdIAQKMAgwBgYEVR0gADAOBgNVHQ8BAf8EBAMCAQYwHwYDVR0jBBgwFoAUi0tt7dMpuQYZ7Dk5qfCXhGrL798wOAYDVR0fBDEwLzAtoCugKYYnaHR0cDovL2NybC5xdW92YWRpc2dsb2JhbC5jb20vcXZyY2EuY3JsMB0GA1UdDgQWBBTg+A751LXyf0kjtsN5x6M1H4Z6iDANBgkqhkiG9w0BAQUFAAOCAQEABTk3BgNBPt3jxfN1r7VHu4wGfE0Jhm/DTnwKtdKeaclcmLIoP36l+kkMlKdk7ER2bm6qIvPdwRIPPh+05LM0zEV6h4xsJen/2f0xccvp1Xbrz9IdOoA2wFylV6KivxJn5nsUmYZVUdE00wM+0g+MhD/EtpuSMI24WWhKufOAAljnUz3/0CN8vMrDh4KOYQh60JjCJRVWPQVSNqaGB0nJLHXD9t5tpw4GExQPQtZVYX2A5iuYyXnKemPySad+ZPk6gXUS5yVCcuve9ZzwGXWLuV3IyE6S7T7bZjQCIqrRoAIzhtNIR7DtlIkI81udhxatzv6dpQb81imXrUIMdxhKDA==
11:41:10.757 [main] DEBUG eu.europa.esig.dss.spi.x509.aia.DefaultAIASource - 1 certificate(s) loaded from 'http://trust.quovadisglobal.com/qveucag2.crt'
11:41:10.763 [main] INFO eu.europa.esig.dss.validation.AIACertificateSource - Retrieving C-EC3F940A48EF7CBCEA4142F735A5DF2976DB38183D9033C76B78E25F8F53EB5B certificate's issuer using AIA.
11:41:10.763 [main] INFO eu.europa.esig.dss.spi.x509.aia.DefaultAIASource - There is no AIA extension for certificate download.
11:41:10.763 [main] WARN eu.europa.esig.dss.validation.SignatureValidationContext - No revocation found for the certificate C-59C80DCC7429CCFD8C2B1590FE885FB4F6C77F7C9CBB4B82A62CB1C27FF4E246
11:41:10.767 [main] WARN eu.europa.esig.dss.validation.SignatureValidationContext - Issuer not found for certificate C-EC3F940A48EF7CBCEA4142F735A5DF2976DB38183D9033C76B78E25F8F53EB5B
11:41:10.768 [main] WARN eu.europa.esig.dss.validation.DiagnosticDataBuilder - Provided CertificateSource configuration contains none of trusted sources of type TRUSTED_STORE or TRUSTED_LIST!
11:41:10.769 [main] DEBUG eu.europa.esig.dss.spi.CertificateExtensionsUtils - Unknown non-critical CertificateExtension with OID : '1.2.840.113583.1.1.9.2'
11:41:10.769 [main] DEBUG eu.europa.esig.dss.spi.CertificateExtensionsUtils - Unknown non-critical CertificateExtension with OID : '1.2.840.113583.1.1.9.1'
11:41:10.773 [main] WARN eu.europa.esig.dss.detailedreport.DetailedReportMessageCollector - The validation at time 'CERTIFICATE_ISSUANCE_TIME' is not found or not performed!
11:41:10.773 [main] WARN eu.europa.esig.dss.detailedreport.DetailedReportMessageCollector - The validation at time 'CERTIFICATE_ISSUANCE_TIME' is not found or not performed!
11:41:10.773 [main] WARN eu.europa.esig.dss.detailedreport.DetailedReportMessageCollector - The validation at time 'CERTIFICATE_ISSUANCE_TIME' is not found or not performed!
11:41:10.773 [main] WARN eu.europa.esig.dss.detailedreport.DetailedReportMessageCollector - The validation at time 'VALIDATION_TIME' is not found or not performed!
11:41:10.773 [main] WARN eu.europa.esig.dss.detailedreport.DetailedReportMessageCollector - The validation at time 'VALIDATION_TIME' is not found or not performed!
11:41:10.773 [main] WARN eu.europa.esig.dss.detailedreport.DetailedReportMessageCollector - The validation at time 'VALIDATION_TIME' is not found or not performed!
]]></system-out>
  </testcase>
  <testcase name="test(File)[6]" classname="eu.europa.esig.dss.validation.CertificateUnmarshallingTest" time="0.341">
    <system-out><![CDATA[11:41:10.994 [main] INFO eu.europa.esig.dss.validation.CommonCertificateVerifier - + New CommonCertificateVerifier created.
11:41:11.014 [main] INFO eu.europa.esig.dss.validation.CommonCertificateVerifier - + New CommonCertificateVerifier created.
11:41:11.016 [main] INFO eu.europa.esig.dss.validation.AIACertificateSource - Retrieving C-F1BCDD117B1554173813A42183C54DB97E3A7E109D0AFA98F4BCD326754A0351 certificate's issuer using AIA.
11:41:11.017 [main] DEBUG eu.europa.esig.dss.spi.x509.aia.DefaultAIASource - Loading certificate(s) from 'http://trust.quovadisglobal.com/qveucag2.crt'.
11:41:11.066 [main] DEBUG eu.europa.esig.dss.spi.x509.aia.DefaultAIASource - Base64 content : MIIFjjCCBHagAwIBAgIUIBhwLg4/l5vcFjA30Du20n1cSyIwDQYJKoZIhvcNAQEFBQAwfzELMAkGA1UEBhMCQk0xGTAXBgNVBAoTEFF1b1ZhZGlzIExpbWl0ZWQxJTAjBgNVBAsTHFJvb3QgQ2VydGlmaWNhdGlvbiBBdXRob3JpdHkxLjAsBgNVBAMTJVF1b1ZhZGlzIFJvb3QgQ2VydGlmaWNhdGlvbiBBdXRob3JpdHkwHhcNMTIwNDE2MTMxOTE4WhcNMjEwMzE3MTgzMzMzWjCBkjELMAkGA1UEBhMCTkwxIDAeBgNVBAoTF1F1b1ZhZGlzIFRydXN0bGluayBCLlYuMSgwJgYDVQQLEx9Jc3N1aW5nIENlcnRpZmljYXRpb24gQXV0aG9yaXR5MTcwNQYDVQQDEy5RdW9WYWRpcyBFVSBJc3N1aW5nIENlcnRpZmljYXRpb24gQXV0aG9yaXR5IEcyMIICIjANBgkqhkiG9w0BAQEFAAOCAg8AMIICCgKCAgEAptA1axMi6cc+oSTu9htnLRqQxnJl9FyGTCt3vG5A83hHNX4RhrAfY49DMADBLgRwOwqbHrl6GRwTCcbfBOK28gqOQXWOecqwfk1ELFSGTkiNJp6pqdzBRYZISEPgbfvPv1myotKSn9JLHM1mqhDlVhrM89wVmLFn/wMCRPkcPqbdko0lMQCZEa9UV0XL3axA6hw/vi84QuCAW6+2grv+BKQ5Hcg+ASTPyAxbkFmBu6ftyzbCdVdbggnRTI0Tqz6QP7NNC0W3fWTPva60+jnSuq4eHTZke4oFIa5/d5teBVdrKs97k5JuvQnx7vDDJwLVKh/cA3s/RLx+gzS/kR8fy4LnL2INOvjAEhopEq/AIozyDaNblku4ozv9U64B+kggxznGZRy/F37qWTOoVmWLGbMGBAV0EuMy+zf19qVg6Pmlha6IvkCoLIH1Rn1CCchRIZssi9EitsitionsemIPG0iYrplb2eY9AMuFNn2XhPbDGGLQeWzc2O7YAMnqnWPLrYfAlbwA581D4lgtPMUYTY4ejgJ3dbTq23PqMsR1RRTv3Z8e4OLXx8YY9zwnCG+iN+hoGBvwaDMy53PRP8BL2II6t03wQOWVkNaS2hi7UZKu2ubIczZkvjHVJHIWOsmvYkxM5slZk6XS61t3e3A5sniJOU0N7i10zQhC8qFSwtMCAwEAAaOB7TCB6jAPBgNVHRMBAf8EBTADAQH/MDoGCCsGAQUFBwEBBC4wLDAqBggrBgEFBQcwAYYeaHR0cDovL29jc3AucXVvdmFkaXNnbG9iYWwuY29tMBEGA1UdIAQKMAgwBgYEVR0gADAOBgNVHQ8BAf8EBAMCAQYwHwYDVR0jBBgwFoAUi0tt7dMpuQYZ7Dk5qfCXhGrL798wOAYDVR0fBDEwLzAtoCugKYYnaHR0cDovL2NybC5xdW92YWRpc2dsb2JhbC5jb20vcXZyY2EuY3JsMB0GA1UdDgQWBBTg+A751LXyf0kjtsN5x6M1H4Z6iDANBgkqhkiG9w0BAQUFAAOCAQEABTk3BgNBPt3jxfN1r7VHu4wGfE0Jhm/DTnwKtdKeaclcmLIoP36l+kkMlKdk7ER2bm6qIvPdwRIPPh+05LM0zEV6h4xsJen/2f0xccvp1Xbrz9IdOoA2wFylV6KivxJn5nsUmYZVUdE00wM+0g+MhD/EtpuSMI24WWhKufOAAljnUz3/0CN8vMrDh4KOYQh60JjCJRVWPQVSNqaGB0nJLHXD9t5tpw4GExQPQtZVYX2A5iuYyXnKemPySad+ZPk6gXUS5yVCcuve9ZzwGXWLuV3IyE6S7T7bZjQCIqrRoAIzhtNIR7DtlIkI81udhxatzv6dpQb81imXrUIMdxhKDA==
11:41:11.067 [main] DEBUG eu.europa.esig.dss.spi.x509.aia.DefaultAIASource - 1 certificate(s) loaded from 'http://trust.quovadisglobal.com/qveucag2.crt'
11:41:11.072 [main] INFO eu.europa.esig.dss.validation.AIACertificateSource - Retrieving C-EC3F940A48EF7CBCEA4142F735A5DF2976DB38183D9033C76B78E25F8F53EB5B certificate's issuer using AIA.
11:41:11.072 [main] INFO eu.europa.esig.dss.spi.x509.aia.DefaultAIASource - There is no AIA extension for certificate download.
11:41:11.072 [main] WARN eu.europa.esig.dss.validation.SignatureValidationContext - No revocation found for the certificate C-F1BCDD117B1554173813A42183C54DB97E3A7E109D0AFA98F4BCD326754A0351
11:41:11.076 [main] WARN eu.europa.esig.dss.validation.SignatureValidationContext - Issuer not found for certificate C-EC3F940A48EF7CBCEA4142F735A5DF2976DB38183D9033C76B78E25F8F53EB5B
11:41:11.079 [main] WARN eu.europa.esig.dss.validation.DiagnosticDataBuilder - Provided CertificateSource configuration contains none of trusted sources of type TRUSTED_STORE or TRUSTED_LIST!
11:41:11.084 [main] DEBUG eu.europa.esig.dss.spi.CertificateExtensionsUtils - Unknown non-critical CertificateExtension with OID : '1.2.840.113583.1.1.9.2'
11:41:11.085 [main] DEBUG eu.europa.esig.dss.spi.CertificateExtensionsUtils - Unknown non-critical CertificateExtension with OID : '1.2.840.113583.1.1.9.1'
11:41:11.088 [main] WARN eu.europa.esig.dss.detailedreport.DetailedReportMessageCollector - The validation at time 'CERTIFICATE_ISSUANCE_TIME' is not found or not performed!
11:41:11.088 [main] WARN eu.europa.esig.dss.detailedreport.DetailedReportMessageCollector - The validation at time 'CERTIFICATE_ISSUANCE_TIME' is not found or not performed!
11:41:11.088 [main] WARN eu.europa.esig.dss.detailedreport.DetailedReportMessageCollector - The validation at time 'CERTIFICATE_ISSUANCE_TIME' is not found or not performed!
11:41:11.088 [main] WARN eu.europa.esig.dss.detailedreport.DetailedReportMessageCollector - The validation at time 'VALIDATION_TIME' is not found or not performed!
11:41:11.088 [main] WARN eu.europa.esig.dss.detailedreport.DetailedReportMessageCollector - The validation at time 'VALIDATION_TIME' is not found or not performed!
11:41:11.088 [main] WARN eu.europa.esig.dss.detailedreport.DetailedReportMessageCollector - The validation at time 'VALIDATION_TIME' is not found or not performed!
]]></system-out>
  </testcase>
  <testcase name="test(File)[7]" classname="eu.europa.esig.dss.validation.CertificateUnmarshallingTest" time="0.339">
    <system-out><![CDATA[11:41:11.325 [main] INFO eu.europa.esig.dss.validation.CommonCertificateVerifier - + New CommonCertificateVerifier created.
11:41:11.354 [main] INFO eu.europa.esig.dss.validation.CommonCertificateVerifier - + New CommonCertificateVerifier created.
11:41:11.355 [main] INFO eu.europa.esig.dss.validation.AIACertificateSource - Retrieving C-FFEA7F0ED29BEB0773EA3B0C4729BBF800A6C390B62195CB270F12A4AA62F284 certificate's issuer using AIA.
11:41:11.355 [main] DEBUG eu.europa.esig.dss.spi.x509.aia.DefaultAIASource - Loading certificate(s) from 'http://certs.eid.belgium.be/belgiumrs2.crt'.
11:41:11.453 [main] DEBUG eu.europa.esig.dss.spi.x509.aia.DefaultAIASource - Base64 content : MIIDjjCCAnagAwIBAgIIKv++n6Lw6YcwDQYJKoZIhvcNAQEFBQAwKDELMAkGA1UEBhMCQkUxGTAXBgNVBAMTEEJlbGdpdW0gUm9vdCBDQTIwHhcNMDcxMDA0MTAwMDAwWhcNMjExMjE1MDgwMDAwWjAoMQswCQYDVQQGEwJCRTEZMBcGA1UEAxMQQmVsZ2l1bSBSb290IENBMjCCASIwDQYJKoZIhvcNAQEBBQADggEPADCCAQoCggEBAMZzQh6S/3UPi790hqc/7bIYLS2X+an7mEoj39WN4IzGMhwWLQdC1i22bi+n9fzGhYJdld61IgDMqFNAn68KNaJ6x+HK92AQZw6nUHMXU5WfIp8MXW+2QbyM69odRr2nlL/zGsvU+40OHjPIltfsjFPekx40HopQcSZYtF3CiInaYNKJIT/e1wEYNm7hLHADBGXvmAYrXR5i3FVr/mZkIV/4L+HXmymvb82fqgxG0YjFnaKVn6w/Fa7yYd/vw2uaItgscf1YHewApDgglVrH1Tdjuk+bqv5WRi5j2Qsj1Yr6tSPwiRuhFA0m2kHwOI8w7QUmecFLTqG4flVSOmlGhHUCAwEAAaOBuzCBuDAOBgNVHQ8BAf8EBAMCAQYwDwYDVR0TAQH/BAUwAwEB/zBCBgNVHSAEOzA5MDcGBWA4CQEBMC4wLAYIKwYBBQUHAgEWIGh0dHA6Ly9yZXBvc2l0b3J5LmVpZC5iZWxnaXVtLmJlMB0GA1UdDgQWBBSFiuv0xbu+DlkDlN7WgAEV4xCcOTARBglghkgBhvhCAQEEBAMCAAcwHwYDVR0jBBgwFoAUhYrr9MW7vg5ZA5Te1oABFeMQnDkwDQYJKoZIhvcNAQEFBQADggEBAFHYhd27V2/MoGy1oyCcUwnzSgEMdL8rs5qauhjyC4isHLMzr87lEwEnkoRYmhC598wUkmt0FoqW6FHvv/pKJaeJtmMrXZRY0c8RcrYeuTlBFk0pvDVTC9rejg7NqZV3JcqUWumyaa7YwBO+mPyWnIR/VRPmPIfjvCCkpDZoa01gZhz5v6yAlGYuuUGK02XThIAC71AdXkbc98m6tTR8KvPG2F9fVJ3bTc0R5/0UAoNmXsimABKgX77OFP67H6dh96tK8QYUn8pJQsKpvO2FsauBQeYNxUJpU4c5nUwfAA4+Bw11V0SoU7Q2dmSZ3G7rPUZuFF1eR1ONeE3gJ7uOhXY=
11:41:11.454 [main] DEBUG eu.europa.esig.dss.spi.x509.aia.DefaultAIASource - 1 certificate(s) loaded from 'http://certs.eid.belgium.be/belgiumrs2.crt'
11:41:11.455 [main] WARN eu.europa.esig.dss.validation.AIACertificateSource - The retrieved certificate(s) using AIA do not sign the certificate with Id : C-FFEA7F0ED29BEB0773EA3B0C4729BBF800A6C390B62195CB270F12A4AA62F284.
11:41:11.457 [main] WARN eu.europa.esig.dss.validation.SignatureValidationContext - Issuer not found for certificate C-FFEA7F0ED29BEB0773EA3B0C4729BBF800A6C390B62195CB270F12A4AA62F284
11:41:11.458 [main] WARN eu.europa.esig.dss.validation.DiagnosticDataBuilder - Provided CertificateSource configuration contains none of trusted sources of type TRUSTED_STORE or TRUSTED_LIST!
11:41:11.459 [main] DEBUG eu.europa.esig.dss.spi.CertificateExtensionsUtils - Unknown non-critical CertificateExtension with OID : '2.16.840.1.113730.1.1'
11:41:11.461 [main] WARN eu.europa.esig.dss.detailedreport.DetailedReportMessageCollector - The validation at time 'CERTIFICATE_ISSUANCE_TIME' is not found or not performed!
11:41:11.461 [main] WARN eu.europa.esig.dss.detailedreport.DetailedReportMessageCollector - The validation at time 'CERTIFICATE_ISSUANCE_TIME' is not found or not performed!
11:41:11.461 [main] WARN eu.europa.esig.dss.detailedreport.DetailedReportMessageCollector - The validation at time 'CERTIFICATE_ISSUANCE_TIME' is not found or not performed!
11:41:11.461 [main] WARN eu.europa.esig.dss.detailedreport.DetailedReportMessageCollector - The validation at time 'VALIDATION_TIME' is not found or not performed!
11:41:11.461 [main] WARN eu.europa.esig.dss.detailedreport.DetailedReportMessageCollector - The validation at time 'VALIDATION_TIME' is not found or not performed!
11:41:11.461 [main] WARN eu.europa.esig.dss.detailedreport.DetailedReportMessageCollector - The validation at time 'VALIDATION_TIME' is not found or not performed!
]]></system-out>
  </testcase>
  <testcase name="test(File)[8]" classname="eu.europa.esig.dss.validation.CertificateUnmarshallingTest" time="0.349">
    <system-out><![CDATA[11:41:11.673 [main] INFO eu.europa.esig.dss.validation.CommonCertificateVerifier - + New CommonCertificateVerifier created.
11:41:11.708 [main] INFO eu.europa.esig.dss.validation.CommonCertificateVerifier - + New CommonCertificateVerifier created.
11:41:11.710 [main] INFO eu.europa.esig.dss.validation.AIACertificateSource - Retrieving C-F7BC0D164DEC8F36709ABE85FC57022F3B1684700A804C368D3432900490DFCB certificate's issuer using AIA.
11:41:11.712 [main] DEBUG eu.europa.esig.dss.spi.x509.aia.DefaultAIASource - Loading certificate(s) from 'http://certs.eid.belgium.be/belgiumrs2.crt'.
11:41:11.742 [main] DEBUG eu.europa.esig.dss.spi.x509.aia.DefaultAIASource - Base64 content : MIIDjjCCAnagAwIBAgIIKv++n6Lw6YcwDQYJKoZIhvcNAQEFBQAwKDELMAkGA1UEBhMCQkUxGTAXBgNVBAMTEEJlbGdpdW0gUm9vdCBDQTIwHhcNMDcxMDA0MTAwMDAwWhcNMjExMjE1MDgwMDAwWjAoMQswCQYDVQQGEwJCRTEZMBcGA1UEAxMQQmVsZ2l1bSBSb290IENBMjCCASIwDQYJKoZIhvcNAQEBBQADggEPADCCAQoCggEBAMZzQh6S/3UPi790hqc/7bIYLS2X+an7mEoj39WN4IzGMhwWLQdC1i22bi+n9fzGhYJdld61IgDMqFNAn68KNaJ6x+HK92AQZw6nUHMXU5WfIp8MXW+2QbyM69odRr2nlL/zGsvU+40OHjPIltfsjFPekx40HopQcSZYtF3CiInaYNKJIT/e1wEYNm7hLHADBGXvmAYrXR5i3FVr/mZkIV/4L+HXmymvb82fqgxG0YjFnaKVn6w/Fa7yYd/vw2uaItgscf1YHewApDgglVrH1Tdjuk+bqv5WRi5j2Qsj1Yr6tSPwiRuhFA0m2kHwOI8w7QUmecFLTqG4flVSOmlGhHUCAwEAAaOBuzCBuDAOBgNVHQ8BAf8EBAMCAQYwDwYDVR0TAQH/BAUwAwEB/zBCBgNVHSAEOzA5MDcGBWA4CQEBMC4wLAYIKwYBBQUHAgEWIGh0dHA6Ly9yZXBvc2l0b3J5LmVpZC5iZWxnaXVtLmJlMB0GA1UdDgQWBBSFiuv0xbu+DlkDlN7WgAEV4xCcOTARBglghkgBhvhCAQEEBAMCAAcwHwYDVR0jBBgwFoAUhYrr9MW7vg5ZA5Te1oABFeMQnDkwDQYJKoZIhvcNAQEFBQADggEBAFHYhd27V2/MoGy1oyCcUwnzSgEMdL8rs5qauhjyC4isHLMzr87lEwEnkoRYmhC598wUkmt0FoqW6FHvv/pKJaeJtmMrXZRY0c8RcrYeuTlBFk0pvDVTC9rejg7NqZV3JcqUWumyaa7YwBO+mPyWnIR/VRPmPIfjvCCkpDZoa01gZhz5v6yAlGYuuUGK02XThIAC71AdXkbc98m6tTR8KvPG2F9fVJ3bTc0R5/0UAoNmXsimABKgX77OFP67H6dh96tK8QYUn8pJQsKpvO2FsauBQeYNxUJpU4c5nUwfAA4+Bw11V0SoU7Q2dmSZ3G7rPUZuFF1eR1ONeE3gJ7uOhXY=
11:41:11.754 [main] DEBUG eu.europa.esig.dss.spi.x509.aia.DefaultAIASource - 1 certificate(s) loaded from 'http://certs.eid.belgium.be/belgiumrs2.crt'
11:41:11.755 [main] WARN eu.europa.esig.dss.validation.AIACertificateSource - The retrieved certificate(s) using AIA do not sign the certificate with Id : C-F7BC0D164DEC8F36709ABE85FC57022F3B1684700A804C368D3432900490DFCB.
11:41:11.756 [main] WARN eu.europa.esig.dss.validation.SignatureValidationContext - Issuer not found for certificate C-F7BC0D164DEC8F36709ABE85FC57022F3B1684700A804C368D3432900490DFCB
11:41:11.757 [main] WARN eu.europa.esig.dss.validation.DiagnosticDataBuilder - Provided CertificateSource configuration contains none of trusted sources of type TRUSTED_STORE or TRUSTED_LIST!
11:41:11.758 [main] DEBUG eu.europa.esig.dss.spi.CertificateExtensionsUtils - Unknown non-critical CertificateExtension with OID : '2.16.840.1.113730.1.1'
11:41:11.759 [main] WARN eu.europa.esig.dss.detailedreport.DetailedReportMessageCollector - The validation at time 'CERTIFICATE_ISSUANCE_TIME' is not found or not performed!
11:41:11.760 [main] WARN eu.europa.esig.dss.detailedreport.DetailedReportMessageCollector - The validation at time 'CERTIFICATE_ISSUANCE_TIME' is not found or not performed!
11:41:11.760 [main] WARN eu.europa.esig.dss.detailedreport.DetailedReportMessageCollector - The validation at time 'CERTIFICATE_ISSUANCE_TIME' is not found or not performed!
11:41:11.760 [main] WARN eu.europa.esig.dss.detailedreport.DetailedReportMessageCollector - The validation at time 'VALIDATION_TIME' is not found or not performed!
11:41:11.760 [main] WARN eu.europa.esig.dss.detailedreport.DetailedReportMessageCollector - The validation at time 'VALIDATION_TIME' is not found or not performed!
11:41:11.760 [main] WARN eu.europa.esig.dss.detailedreport.DetailedReportMessageCollector - The validation at time 'VALIDATION_TIME' is not found or not performed!
]]></system-out>
  </testcase>
  <testcase name="test(File)[9]" classname="eu.europa.esig.dss.validation.CertificateUnmarshallingTest" time="0.509">
    <system-out><![CDATA[11:41:12.023 [main] INFO eu.europa.esig.dss.validation.CommonCertificateVerifier - + New CommonCertificateVerifier created.
11:41:12.043 [main] INFO eu.europa.esig.dss.validation.CommonCertificateVerifier - + New CommonCertificateVerifier created.
11:41:12.046 [main] INFO eu.europa.esig.dss.validation.AIACertificateSource - Retrieving C-9C1A3B646EAF132398EF319E41C8E7ED725B64D5772580AE125D59C0F6845630 certificate's issuer using AIA.
11:41:12.047 [main] DEBUG eu.europa.esig.dss.spi.x509.aia.DefaultAIASource - Loading certificate(s) from 'http://ca.luxtrust.lu/LTGQCA3.crt'.
11:41:12.197 [main] DEBUG eu.europa.esig.dss.spi.x509.aia.DefaultAIASource - Base64 content : MIIGcjCCBFqgAwIBAgIUQT3qGijCJThFVY4Efz4qi1ubrq4wDQYJKoZIhvcNAQELBQAwRjELMAkGA1UEBhMCTFUxFjAUBgNVBAoMDUx1eFRydXN0IFMuQS4xHzAdBgNVBAMMFkx1eFRydXN0IEdsb2JhbCBSb290IDIwHhcNMTUwMzA2MTQxMjE1WhcNMzUwMzA1MTMyMTU3WjBOMQswCQYDVQQGEwJMVTEWMBQGA1UECgwNTHV4VHJ1c3QgUy5BLjEnMCUGA1UEAwweTHV4VHJ1c3QgR2xvYmFsIFF1YWxpZmllZCBDQSAzMIICIjANBgkqhkiG9w0BAQEFAAOCAg8AMIICCgKCAgEAuZ5iXSmFbP80gWb0kieYsImcyIo3QYg+XA3NlwH6QtI0PgZEG9dSo8pM7VMIzE5zq8tgJ50HnPdYflvfhkEKvAW2NuNX6hi/6HK4Nye+kB+INjpfAHmLft3GT95e+frk/t7hJNorK44xzqfWZKLNGysEHIriddcePWOk3J/VMc9CsSemeZbmeZW1/xXeqolMS7JIDZ3+0DgVCYsKIK+b3sAQ8iqXbQlQyvymG6QyoQoJbuEP23iawRMWKNWk+sjzOkPAAQDtgEEVdggzzudLSM04C5CjeLlLYuXgljler9bKRk9wW8nkareLZsn9uCDihGXGyC5m9jseGY1KAnlV8usLjBFAiW5OCnzcOg+CPsVucoRhS6uvXcu7VtHRGo5yLysJVv7sj6cx5lMvQKAMLviVi3kphZKYfqVLAVFJpXTpunY2GayVGf/uOpzNoiSRpcxxYjmAlPKNeTgXVl5Mc0zojgT/MZTGFN7ov7n01yodN6OhfTADacvaKfj2C2CwdCJvMqvlUuCKrvuXbdZrtRm3BZXrghGhuQmG0Tir7VVCI0WZjVjyHs2rpUcCQ6+D1WymKhzp0mrXdaFzYRce7FrEk69JWzWVp/9/GKnnb0//camavEaI4V64MVxYAir5AL/j7d4JIOqhPPU14ajxmC6dEH84guVs0Lo/dwVTUzsCAwEAAaOCAU4wggFKMBIGA1UdEwEB/wQIMAYBAf8CAQAwQwYDVR0gBDwwOjA4BggrgSsBAQEKAzAsMCoGCCsGAQUFBwIBFh5odHRwczovL3JlcG9zaXRvcnkubHV4dHJ1c3QubHUwagYIKwYBBQUHAQEEXjBcMCsGCCsGAQUFBzABhh9odHRwOi8vbHRncm9vdC5vY3NwLmx1eHRydXN0Lmx1MC0GCCsGAQUFBzAChiFodHRwOi8vY2EubHV4dHJ1c3QubHUvTFRHUkNBMi5jcnQwDgYDVR0PAQH/BAQDAgEGMB8GA1UdIwQYMBaAFP8YKHb5SAUsoa7xKxsrslP4S3yzMDMGA1UdHwQsMCowKKAmoCSGImh0dHA6Ly9jcmwubHV4dHJ1c3QubHUvTFRHUkNBMi5jcmwwHQYDVR0OBBYEFGOPwosDsauO2FNHlh2ZqH32rKh1MA0GCSqGSIb3DQEBCwUAA4ICAQADB6M/edbOO9iJCOnVxayJ1NBk08/BVKlHwe7HBYAzT6Kmo3TbMUwOpcGI2e/NBCR3F4wTzXOVvFmvdBl7sdS6uMSLBTrav+5LChcFDBQj26X5VQDcXkA8b/u6J4Ve7CwoSesYg9H0fsJ3v12QrmGUUao9gbamKP1TFriO+XiIaDLYectruusRktIke9qy8MCpNSarZqr3oD3c/+N5D3lDlGpaz1IL8TpbubFEQHPCr6JiwR+qSqGRfxv8vIvOOAVxe7np5QhtwmCkXdMOPQ/XOOuEA06bez+zHkASX64at7dXru+4JUEbpijjMA+1jbFZr20OeBIQZL7oEst+FF8lFuvmucC9TS9QnlF28WJExvpIknjS7LhFMGXB9w380q38ZOuKjPZpoztYeyUpf8gxzV7fE5Q1okhnsDZ+12vBzBruzJcwtNuXyLyIh3fVN0LunVd+NP2kGjB2t9WD2Y0CaKxWx8snDdrSbAi46TpNoe04eroWgZOvdN0hEmf2d8tYBSJ/XZekU9sCAww5vxHnXJi6CZHhjt8f1mMhyE2gBvmpk4CFetViO2sG0n/nsxCQNpnclsax/eJuXmGiZ3OPCIRijI5gy3pLRgnbgLyktWoOkmT/gxtWDLfVZwEt52JL8d550KIgttyRqX81LJWGSDdpnzeRVQEnzAt6+RebAQ==
11:41:12.255 [main] DEBUG eu.europa.esig.dss.spi.x509.aia.DefaultAIASource - 1 certificate(s) loaded from 'http://ca.luxtrust.lu/LTGQCA3.crt'
11:41:12.258 [main] INFO eu.europa.esig.dss.validation.AIACertificateSource - Retrieving C-BED0F19ED46D94900D2A9FCD7C6F660B61FF7588D8B71CF8F279D5FAA3021CCF certificate's issuer using AIA.
11:41:12.260 [main] DEBUG eu.europa.esig.dss.spi.x509.aia.DefaultAIASource - Loading certificate(s) from 'http://ca.luxtrust.lu/LTGRCA2.crt'.
11:41:12.301 [main] DEBUG eu.europa.esig.dss.spi.x509.aia.DefaultAIASource - Base64 content : MIIFwzCCA6ugAwIBAgIUCn6m30tEntpqJIWe5rgV0xZ/u7EwDQYJKoZIhvcNAQELBQAwRjELMAkGA1UEBhMCTFUxFjAUBgNVBAoMDUx1eFRydXN0IFMuQS4xHzAdBgNVBAMMFkx1eFRydXN0IEdsb2JhbCBSb290IDIwHhcNMTUwMzA1MTMyMTU3WhcNMzUwMzA1MTMyMTU3WjBGMQswCQYDVQQGEwJMVTEWMBQGA1UECgwNTHV4VHJ1c3QgUy5BLjEfMB0GA1UEAwwWTHV4VHJ1c3QgR2xvYmFsIFJvb3QgMjCCAiIwDQYJKoZIhvcNAQEBBQADggIPADCCAgoCggIBANeFl78RmOnwYoNMPIf5U2o3C/IPPIfOb9wmKb3FibrJgz337spbxm1Jc7TJRqMbNBM/wYlFV/TZsfs2ZUv7COJIcRHIbjuend+JZTemhfY7RBi2xjcwYkSSl2l9QjAk5A0MiWtj3sXh306pFGxT4GHO9hcvHTy95iJMHZP1EMShduxq3sVs35a0VkBCwGKSMKEtFZSg0iAGCW5qbeXrt77U8PEVfIvmTroTzEsnXpk8F12PgX8zPU/TPxvsXD/wPEx1bvKm1Z3aLQdjAsZy6ZS8TEmVT4hSyNvoaYL4zDRbIvCGp4m9SAptZoFtyMhk+wHh9OHe2Z7d21vUKpkmFRseTJIpgp7VkoGSQXAZ96Tlk0u8d2cx3Rz9MXANF5kM+Qw5GSoXtTBxVdUPrljhPS80m8+f9niFwpN6cj5mj5wWEWCPnolvZ77gR1o7DJpni89Gxq44o/KnvObWhWszJHAiS8sIm7vI+AIpHb4gDEa/a4ebsypmQjVGbKq6rfmYe+lQVRQxv7HaLe2ArWgk+2mr2HETMOZns4dA/Yl+8kPREd8vZS9kzl8UubG/Mb2HeFpZZYiq/FkySIbWTLkpS5XTdvN3JW1CHDiDTf2jX5t/Lax5Gw5CMZdjpPuKadUiDTSQMC6otOBttpSsvItO13D8xTiOZCXhTTmQzsmHhFhxAgMBAAGjgagwgaUwDwYDVR0TAQH/BAUwAwEB/zBCBgNVHSAEOzA5MDcGByuBKwEBAQowLDAqBggrBgEFBQcCARYeaHR0cHM6Ly9yZXBvc2l0b3J5Lmx1eHRydXN0Lmx1MA4GA1UdDwEB/wQEAwIBBjAfBgNVHSMEGDAWgBT/GCh2+UgFLKGu8SsbK7JT+Et8szAdBgNVHQ4EFgQU/xgodvlIBSyhrvErGyuyU/hLfLMwDQYJKoZIhvcNAQELBQADggIBAGoZFO1uecEsh9QNcH7X9njJCwROxLHOk3D+sFTAMs2ZMGQXvw/l4jP9BzZAcg4atmpZ1gDlaCDdLnINH2pkMSCEfUmmWjfrRcmF9dTHF5kH5ptV5AzoqbTOjFu1EVzPig4N1qx3gf4ynCSecs5U89BvolbW7MM3LGVYvlcAGvI1+ut7MV3CwRI9loGIlonBWVx65n9wNOeD4rHh4bhY79SV5GCc8JaXcozrhAIuZY+kt9J/Z93I055cqqmkoCUUBpvsT34tC38ddfEz2O3OuHVtPlu5mB0xDVbYQw8wkbIEa91WvpWAVWe+2M2D2RjuLg+GLZKecBPs3lHJQ3gCpU3I+V/EkVhGFndadKpAvAefMLmx9xIX3eP/JEAdemrRTxgKqpAd60Ae36EeRJIQmvKN4dFLRp7oRUKX6kWZ8+xm1QL68qZKJKrezrnK+T+Tb/mjuuqlPpmt/f97mfVl7vBZKGfXkJWkE4SphMHozs51k2MavDzq1WQfLSoSOcbDWjLtR5EWDrw4wVDej8oqkDQc7kGUnF4ZLvhFSZl0kbAEb+MEWrGrKqv+x9CWttrhSmQGbmBNvUJO/3jaJMobtNeWOWyu8Q6qp31IiyBMz2TWuJdGsE7RKlY6oJO9r4Ak4Ap+58rVyuiFVdw2KuGUaJPHZnJED4AhMmwlxyOAgwrr
11:41:12.354 [main] DEBUG eu.europa.esig.dss.spi.x509.aia.DefaultAIASource - 1 certificate(s) loaded from 'http://ca.luxtrust.lu/LTGRCA2.crt'
11:41:12.356 [main] WARN eu.europa.esig.dss.validation.SignatureValidationContext - No revocation found for the certificate C-9C1A3B646EAF132398EF319E41C8E7ED725B64D5772580AE125D59C0F6845630
11:41:12.357 [main] DEBUG eu.europa.esig.dss.validation.SignatureValidationContext - Revocation data is not required for certificate : C-54455F7129C20B1447C418F997168F24C58FC5023BF5DA5BE2EB6E1DD8902ED5
11:41:12.358 [main] WARN eu.europa.esig.dss.validation.SignatureValidationContext - No revocation found for the certificate C-BED0F19ED46D94900D2A9FCD7C6F660B61FF7588D8B71CF8F279D5FAA3021CCF
11:41:12.358 [main] WARN eu.europa.esig.dss.validation.DiagnosticDataBuilder - Provided CertificateSource configuration contains none of trusted sources of type TRUSTED_STORE or TRUSTED_LIST!
11:41:12.364 [main] WARN eu.europa.esig.dss.detailedreport.DetailedReportMessageCollector - The validation at time 'CERTIFICATE_ISSUANCE_TIME' is not found or not performed!
11:41:12.364 [main] WARN eu.europa.esig.dss.detailedreport.DetailedReportMessageCollector - The validation at time 'CERTIFICATE_ISSUANCE_TIME' is not found or not performed!
11:41:12.365 [main] WARN eu.europa.esig.dss.detailedreport.DetailedReportMessageCollector - The validation at time 'CERTIFICATE_ISSUANCE_TIME' is not found or not performed!
11:41:12.365 [main] WARN eu.europa.esig.dss.detailedreport.DetailedReportMessageCollector - The validation at time 'VALIDATION_TIME' is not found or not performed!
11:41:12.365 [main] WARN eu.europa.esig.dss.detailedreport.DetailedReportMessageCollector - The validation at time 'VALIDATION_TIME' is not found or not performed!
11:41:12.365 [main] WARN eu.europa.esig.dss.detailedreport.DetailedReportMessageCollector - The validation at time 'VALIDATION_TIME' is not found or not performed!
]]></system-out>
  </testcase>
  <testcase name="test(File)[10]" classname="eu.europa.esig.dss.validation.CertificateUnmarshallingTest" time="0.225">
    <system-out><![CDATA[11:41:12.528 [main] INFO eu.europa.esig.dss.validation.CommonCertificateVerifier - + New CommonCertificateVerifier created.
11:41:12.540 [main] INFO eu.europa.esig.dss.validation.CommonCertificateVerifier - + New CommonCertificateVerifier created.
11:41:12.541 [main] INFO eu.europa.esig.dss.validation.AIACertificateSource - Retrieving C-5400AB712C41AAF0C40B505E264D5494D8AF4180F8F62955D16223B3290F97C3 certificate's issuer using AIA.
11:41:12.542 [main] DEBUG eu.europa.esig.dss.spi.x509.aia.DefaultAIASource - Loading certificate(s) from 'http://certs.eid.belgium.be/belgiumrs3.crt'.
11:41:12.569 [main] DEBUG eu.europa.esig.dss.spi.x509.aia.DefaultAIASource - Base64 content : MIIFjjCCA3agAwIBAgIIOyEC3pZbHakwDQYJKoZIhvcNAQEFBQAwKDELMAkGA1UEBhMCQkUxGTAXBgNVBAMTEEJlbGdpdW0gUm9vdCBDQTMwHhcNMTMwNjI2MTIwMDAwWhcNMjgwMTI4MTIwMDAwWjAoMQswCQYDVQQGEwJCRTEZMBcGA1UEAxMQQmVsZ2l1bSBSb290IENBMzCCAiIwDQYJKoZIhvcNAQEBBQADggIPADCCAgoCggIBAKjyAZ2Lg8kHoIX7JLc3BeZ1Tzy9MEv7Bnr59xcJezc/xJJdO4V3bwMltKFfNvqsQ5H/GQADFJ0GmTLLPDI5AoeUjBubRZ9hwruUuQ11+vhtoVhuEuZUxofEIU2yJtiSOONwpo/GIb9C4YZ5h+7ltDpC3MvsFyyordpzgwqSHvFwTCmls5SpU05UbF7ZVPcfVf24A5IgHLpZTgQfAvnzPlm++eJY+sNoNzTBoe6iZphmPbxuPNcJ6slV8qMQQk50/g+KmoPpHX4AvoTr4/7TMTvuK8jS1dEn+fdVKdx9qo9ZZRHFW/TXEn5SrNUu99xhzlE/WBurrVwFoKCWCjmO0CnekJlw0NTr3HBTG5D4AiDjNFUYaIcGJk/ha9rzHzY+WpGdoFZxhbP83ZGeoqkgBr8UzfOFCY8cyUN2db6hpIaK6Nuoho6QWnn+TSNh5Hjui5miqpGxS73gYlT2Qww16h8gFTJQ49fiS+QHlwRw5cqFuqfFLE3nFFF9KIamS4TSe7T4dNGY2VbHzpaGVT4wy+fl7gWsfaUkvhM4b00DzgDiJ9BHiKytNLmzoa3Sneij/CKur0dJ5OdMiAqUpSd0Oe8pdIbmQm1oP5cjckiQjxx7+vSxWtacpGowWK8+7oEsYc+7fLt3GD6q/O5Xi440Pd/sFJmfqRf3C1PPMdBqXcwjAgMBAAGjgbswgbgwDgYDVR0PAQH/BAQDAgEGMA8GA1UdEwEB/wQFMAMBAf8wQgYDVR0gBDswOTA3BgVgOAoBATAuMCwGCCsGAQUFBwIBFiBodHRwOi8vcmVwb3NpdG9yeS5laWQuYmVsZ2l1bS5iZTAdBgNVHQ4EFgQUuLxsAI9bGYWdJQGc8BncQI7QOCswEQYJYIZIAYb4QgEBBAQDAgAHMB8GA1UdIwQYMBaAFLi8bACPWxmFnSUBnPAZ3ECO0DgrMA0GCSqGSIb3DQEBBQUAA4ICAQBFYjv/mKX+VcyxEacckgx4L8XvFkIFPXzjEnDnAtCCkROU/k5n1jjVK+ODOn+Q4kJg6Nd7K47+zTXcrSe1tB2gVMsyaCN9scy4phLX1qT48sThCjUtooxfIoRycpdlf14HcUPCYlASTCapZU0MnAbzfpzxm49Ik/A2JWxAhxXVRHwOu3TMGiQ4W/VyVawxjwQMO8TneBDombmkXsI9bI0OxWUh2A5dKlqu0sYvE0dz8xDxr9ZkmZqYcPIKizCZlaP1ZsSlCi5S31gn3EUP+fd21q6ZXgU+50/qgoh/0UUaHRpedPQBES/FYc2IQZ2XjhmeTwM+9Lk7tnzHeHp3dgCoOfceyPUaVkWiXMWcNAvvkDVELvXfJpRxwcRfS5Ks5oafOfj81RzGUbmpwl2usOeCRwdWE8gPvbfWNQQC8MJquDl5HdeuzUesTXUqXeEkyAOo6YnF3g0qGcLI9NXusji1egRUZ7B4XCvG52lTB7Wgd/wVFzS3f4mAmYTGJXH+N/lrBBGKuTJ5XncJaliFUKxGP6VmNyaaLUF5IlTqC9CGHPLSXOgDokt2G9pNwFm2t7AcpwAmegkMNpgcgTd+qk2yljEaT8wf953jUAFedbpN3tX/3i+uvHOOmWjQOxJg2lVKkC+bkWa2FrTBDdrlEWVaLrY+M+xeIctrC0WnP7u4xg==
11:41:12.625 [main] DEBUG eu.europa.esig.dss.spi.x509.aia.DefaultAIASource - 1 certificate(s) loaded from 'http://certs.eid.belgium.be/belgiumrs3.crt'
11:41:12.628 [main] WARN eu.europa.esig.dss.validation.AIACertificateSource - The retrieved certificate(s) using AIA do not sign the certificate with Id : C-5400AB712C41AAF0C40B505E264D5494D8AF4180F8F62955D16223B3290F97C3.
11:41:12.629 [main] WARN eu.europa.esig.dss.validation.SignatureValidationContext - Issuer not found for certificate C-5400AB712C41AAF0C40B505E264D5494D8AF4180F8F62955D16223B3290F97C3
11:41:12.629 [main] WARN eu.europa.esig.dss.validation.DiagnosticDataBuilder - Provided CertificateSource configuration contains none of trusted sources of type TRUSTED_STORE or TRUSTED_LIST!
11:41:12.630 [main] DEBUG eu.europa.esig.dss.spi.CertificateExtensionsUtils - Unknown non-critical CertificateExtension with OID : '2.16.840.1.113730.1.1'
11:41:12.631 [main] WARN eu.europa.esig.dss.detailedreport.DetailedReportMessageCollector - The validation at time 'CERTIFICATE_ISSUANCE_TIME' is not found or not performed!
11:41:12.631 [main] WARN eu.europa.esig.dss.detailedreport.DetailedReportMessageCollector - The validation at time 'CERTIFICATE_ISSUANCE_TIME' is not found or not performed!
11:41:12.631 [main] WARN eu.europa.esig.dss.detailedreport.DetailedReportMessageCollector - The validation at time 'CERTIFICATE_ISSUANCE_TIME' is not found or not performed!
11:41:12.631 [main] WARN eu.europa.esig.dss.detailedreport.DetailedReportMessageCollector - The validation at time 'VALIDATION_TIME' is not found or not performed!
11:41:12.631 [main] WARN eu.europa.esig.dss.detailedreport.DetailedReportMessageCollector - The validation at time 'VALIDATION_TIME' is not found or not performed!
11:41:12.631 [main] WARN eu.europa.esig.dss.detailedreport.DetailedReportMessageCollector - The validation at time 'VALIDATION_TIME' is not found or not performed!
]]></system-out>
  </testcase>
  <testcase name="test(File)[11]" classname="eu.europa.esig.dss.validation.CertificateUnmarshallingTest" time="0.253">
    <system-out><![CDATA[11:41:12.745 [main] INFO eu.europa.esig.dss.validation.CommonCertificateVerifier - + New CommonCertificateVerifier created.
11:41:12.760 [main] INFO eu.europa.esig.dss.validation.CommonCertificateVerifier - + New CommonCertificateVerifier created.
11:41:12.761 [main] INFO eu.europa.esig.dss.validation.AIACertificateSource - Retrieving C-D54951FEBBC59D2C2EC01ACCD92CCD8C9D2C7444C2E551BA7EC0DE622C74148C certificate's issuer using AIA.
11:41:12.762 [main] DEBUG eu.europa.esig.dss.spi.x509.aia.DefaultAIASource - Loading certificate(s) from 'http://ca.luxtrust.lu/LTQCA.crt'.
11:41:12.802 [main] DEBUG eu.europa.esig.dss.spi.x509.aia.DefaultAIASource - Base64 content : MIID8DCCAtigAwIBAgICA+swDQYJKoZIhvcNAQEFBQAwQDELMAkGA1UEBhMCTFUxFjAUBgNVBAoTDUx1eFRydXN0IHMuYS4xGTAXBgNVBAMTEEx1eFRydXN0IHJvb3QgQ0EwHhcNMDgwNjA1MDkyNTI0WhcNMTYxMDE4MTA0MDM0WjBFMQswCQYDVQQGEwJMVTEWMBQGA1UEChMNTHV4VHJ1c3QgUy5BLjEeMBwGA1UEAxMVTHV4VHJ1c3QgUXVhbGlmaWVkIENBMIIBIjANBgkqhkiG9w0BAQEFAAOCAQ8AMIIBCgKCAQEAybFXzA+8RNnvlCd+sZ8BnH6WO3LmaLi419Ygd9VBYcIwLmMx9KgAKF3u4B87Hee5NL4Xvhm/B9DuDUH5OGZ3P2Dwf7putVEvATvW8jzYq6CzarUthzb9ux+KTdTT+d4y6tkgVggy9DBe+bz635oZm2PPQT9kzoR48RBN730KA/MJIa0Sa7ZDphL37WHSA4/TWh9F1/LBRVGC0F4Mg1hU/u+kovF5mTuUK+ncU7+FS0cQRhAD+C4WfLI/WuzuE+T6ZuZ6Iqg6+vqgf6iKwL6iVZmwKkJPvV3+3Wgy3zq5tpDvsIGj4kXd1riQGKsEeDfN8y71DG3OdBqF1Yd7ue7ziwIDAQABo4HuMIHrMA8GA1UdEwQIMAYBAf8CAQAwQgYDVR0gBDswOTA3BggrgSsBAQEBADArMCkGCCsGAQUFBwIBFh1odHRwOi8vcmVwb3NpdG9yeS5sdXh0cnVzdC5sdTARBglghkgBhvhCAQEEBAMCAAcwDgYDVR0PAQH/BAQDAgHGMB8GA1UdIwQYMBaAFN2K1zDx+ZFx6UdwDCXlrKGN34wlMDEGA1UdHwQqMCgwJqAkoCKGIGh0dHA6Ly9jcmwubHV4dHJ1c3QubHUvTFRSQ0EuY3JsMB0GA1UdDgQWBBSNkKMH3RoTd5lMkqtNQ94/zSlkBTANBgkqhkiG9w0BAQUFAAOCAQEAapxOpigXTejGgHBWMAwDBMdZQHpPyoCmw32OIj1qqezO5nDnjG5gfJni/rp5IFMpV//xmCkjqyO92PyYbcHNSUpP1SjCkyn10e6ipmzpXK0MbgFvIPglAgA5dXxTNf0Q77eWu36fz5VKQEmJzqoXTccq4nuLL9rLZ88YUlczMaWscETIZCB4kecKVyqHf4+T0JucZqX7zzfpiVyTr2M+OGl9qiOmKwBGkzseJt+MgYWrskJADKDZMr4bQxkxnhzCSQoraX7DugxM0fH47MitCc74uZrWIJ6qQjCLBtKzxUGy7B3pYOjLlThr7S64cd12yuR+NjHAFZ2DTXwxKg/FQg==
11:41:12.814 [main] DEBUG eu.europa.esig.dss.spi.x509.aia.DefaultAIASource - 1 certificate(s) loaded from 'http://ca.luxtrust.lu/LTQCA.crt'
11:41:12.819 [main] INFO eu.europa.esig.dss.validation.AIACertificateSource - Retrieving C-FE5D1FDE82820AC69F0265808C4E694ACF0AFA056B56A4EA84984D52A85BF7D7 certificate's issuer using AIA.
11:41:12.819 [main] INFO eu.europa.esig.dss.spi.x509.aia.DefaultAIASource - There is no AIA extension for certificate download.
11:41:12.819 [main] WARN eu.europa.esig.dss.validation.SignatureValidationContext - No revocation found for the certificate C-D54951FEBBC59D2C2EC01ACCD92CCD8C9D2C7444C2E551BA7EC0DE622C74148C
11:41:12.821 [main] WARN eu.europa.esig.dss.validation.SignatureValidationContext - Issuer not found for certificate C-FE5D1FDE82820AC69F0265808C4E694ACF0AFA056B56A4EA84984D52A85BF7D7
11:41:12.822 [main] WARN eu.europa.esig.dss.validation.DiagnosticDataBuilder - Provided CertificateSource configuration contains none of trusted sources of type TRUSTED_STORE or TRUSTED_LIST!
11:41:12.824 [main] DEBUG eu.europa.esig.dss.spi.CertificateExtensionsUtils - Unknown non-critical CertificateExtension with OID : '2.16.840.1.113730.1.1'
11:41:12.834 [main] DEBUG eu.europa.esig.dss.spi.CertificateExtensionsUtils - Unknown non-critical CertificateExtension with OID : '2.16.840.1.113730.1.1'
11:41:12.837 [main] WARN eu.europa.esig.dss.detailedreport.DetailedReportMessageCollector - The validation at time 'CERTIFICATE_ISSUANCE_TIME' is not found or not performed!
11:41:12.837 [main] WARN eu.europa.esig.dss.detailedreport.DetailedReportMessageCollector - The validation at time 'CERTIFICATE_ISSUANCE_TIME' is not found or not performed!
11:41:12.837 [main] WARN eu.europa.esig.dss.detailedreport.DetailedReportMessageCollector - The validation at time 'CERTIFICATE_ISSUANCE_TIME' is not found or not performed!
11:41:12.837 [main] WARN eu.europa.esig.dss.detailedreport.DetailedReportMessageCollector - The validation at time 'VALIDATION_TIME' is not found or not performed!
11:41:12.837 [main] WARN eu.europa.esig.dss.detailedreport.DetailedReportMessageCollector - The validation at time 'VALIDATION_TIME' is not found or not performed!
11:41:12.838 [main] WARN eu.europa.esig.dss.detailedreport.DetailedReportMessageCollector - The validation at time 'VALIDATION_TIME' is not found or not performed!
]]></system-out>
  </testcase>
  <testcase name="test(File)[12]" classname="eu.europa.esig.dss.validation.CertificateUnmarshallingTest" time="0.512">
    <system-out><![CDATA[11:41:13.159 [main] INFO eu.europa.esig.dss.validation.CommonCertificateVerifier - + New CommonCertificateVerifier created.
11:41:13.172 [main] INFO eu.europa.esig.dss.validation.CommonCertificateVerifier - + New CommonCertificateVerifier created.
11:41:13.173 [main] INFO eu.europa.esig.dss.validation.AIACertificateSource - Retrieving C-C5F8B3AF60EB6CD3DE07FD27593FBA30F45C13FA6E9D2A914E7A557D48493F26 certificate's issuer using AIA.
11:41:13.173 [main] DEBUG eu.europa.esig.dss.spi.x509.aia.DefaultAIASource - Loading certificate(s) from 'http://www.a-trust.at/certs/a-sign-premium-mobile-03a.crt'.
11:41:13.329 [main] DEBUG eu.europa.esig.dss.spi.x509.aia.DefaultAIASource - Base64 content : MIIEijCCA3KgAwIBAgIEa5cWxjANBgkqhkiG9w0BAQUFADCBizELMAkGA1UEBhMCQVQxSDBGBgNVBAoMP0EtVHJ1c3QgR2VzLiBmLiBTaWNoZXJoZWl0c3N5c3RlbWUgaW0gZWxla3RyLiBEYXRlbnZlcmtlaHIgR21iSDEYMBYGA1UECwwPQS1UcnVzdC1RdWFsLTAzMRgwFgYDVQQDDA9BLVRydXN0LVF1YWwtMDMwHhcNMTkwNzAxMTMyMDQ5WhcNMjQwNzAxMTEyMDQ5WjCBnTELMAkGA1UEBhMCQVQxSDBGBgNVBAoMP0EtVHJ1c3QgR2VzLiBmLiBTaWNoZXJoZWl0c3N5c3RlbWUgaW0gZWxla3RyLiBEYXRlbnZlcmtlaHIgR21iSDEhMB8GA1UECwwYYS1zaWduLXByZW1pdW0tbW9iaWxlLTAzMSEwHwYDVQQDDBhhLXNpZ24tcHJlbWl1bS1tb2JpbGUtMDMwggEiMA0GCSqGSIb3DQEBAQUAA4IBDwAwggEKAoIBAQDDbrO9rBXF1A81MSmIigZ/mMJnj5kaO5gex9PAQOE/qP9d7UzXRM2f1eFMf0CiHveflbzH0Tz3seGOxErTsOw8dHt02IdCtxVWWaMLnbHyFnwZy+fhAtuLjg58g4YZBzqfgiD51t0agybGoMUiNLrYvInwElZYj9UJQGA0QfXQyoJq4cHnf3Z4TXq5VdqIPCZjA82v+PnfqUM7njZInnLCFPql7/xiCuOWGYjoh7gb8+OBv7tVc2qetM/S0ncomjW0fH6V0cnd5wQ5hsuGLzxqOLrOqLGoA7Z6qiQYBl/llLxeCAHPsp+N9e3lLJeBok4xBCy8iPePE2HwuHMacE2rAgMBAAGjgeEwgd4wEwYDVR0jBAwwCoAIRgbfN/LCNxAwEQYDVR0OBAoECEu4Yddf1khjMA4GA1UdDwEB/wQEAwIBBjAPBgNVHRMBAf8EBTADAQH/MIGSBgNVHR8EgYowgYcwgYSggYGgf4Z9bGRhcDovL2xkYXAuYS10cnVzdC5hdC9vdT1BLVRydXN0LVF1YWwtMDMsbz1BLVRydXN0LGM9QVQ/Y2VydGlmaWNhdGVyZXZvY2F0aW9ubGlzdD9iYXNlP29iamVjdGNsYXNzPWVpZENlcnRpZmljYXRpb25BdXRob3JpdHkwDQYJKoZIhvcNAQEFBQADggEBAHOi8jr+hXHxhsQedM6OdDoa+DqdkpqlcbRd0sLcYX0Xcc8byLtr/1JNstaryTU+fuhDs6r/GrIE2VniIRiLSxpdclmWeLjhfSTHwJ9LEjnz7YaS8n4/adSnVnSQVvOw33YZymEBfwm8NPhGVaBqhIwdJblEZqgK8SH2EliTfbF2Y5rbOFr1bUckiTH3eAdEkVjcP/j5WcqdwyMtePyung7PxtMYMTb5r0P+3S7lfinY8TCOoxtb7szfBZKNaAVXwj2UqUZOeV+rsLImufOLXtc/ChnVPcdUPEBPOLRTYVFc29e2yryX8ATaHCc7bMnL9nn85EXYMZHh6Dhi8FdmAE4=
11:41:13.341 [main] DEBUG eu.europa.esig.dss.spi.x509.aia.DefaultAIASource - 1 certificate(s) loaded from 'http://www.a-trust.at/certs/a-sign-premium-mobile-03a.crt'
11:41:13.344 [main] WARN eu.europa.esig.dss.spi.x509.TokenIssuerSelector - No issuer found for the token creation date. The process continues with an issuer which has the same public key.
11:41:13.346 [main] INFO eu.europa.esig.dss.validation.AIACertificateSource - Retrieving C-786B5E8D1B0F66BB4C23A09FF2664EBC959684927AEC3621E50BBDDC8DB9F859 certificate's issuer using AIA.
11:41:13.346 [main] INFO eu.europa.esig.dss.spi.x509.aia.DefaultAIASource - There is no AIA extension for certificate download.
11:41:13.346 [main] WARN eu.europa.esig.dss.validation.SignatureValidationContext - No revocation found for the certificate C-C5F8B3AF60EB6CD3DE07FD27593FBA30F45C13FA6E9D2A914E7A557D48493F26
11:41:13.349 [main] WARN eu.europa.esig.dss.validation.SignatureValidationContext - Issuer not found for certificate C-786B5E8D1B0F66BB4C23A09FF2664EBC959684927AEC3621E50BBDDC8DB9F859
11:41:13.349 [main] WARN eu.europa.esig.dss.validation.DiagnosticDataBuilder - Provided CertificateSource configuration contains none of trusted sources of type TRUSTED_STORE or TRUSTED_LIST!
11:41:13.354 [main] WARN eu.europa.esig.dss.spi.QcStatementUtils - Not supported QcStatement with OID : '1.3.6.1.5.5.7.11.1'
11:41:13.355 [main] WARN eu.europa.esig.dss.spi.x509.TokenIssuerSelector - No issuer found for the token creation date. The process continues with an issuer which has the same public key.
11:41:13.366 [main] WARN eu.europa.esig.dss.detailedreport.DetailedReportMessageCollector - The validation at time 'CERTIFICATE_ISSUANCE_TIME' is not found or not performed!
11:41:13.366 [main] WARN eu.europa.esig.dss.detailedreport.DetailedReportMessageCollector - The validation at time 'CERTIFICATE_ISSUANCE_TIME' is not found or not performed!
11:41:13.366 [main] WARN eu.europa.esig.dss.detailedreport.DetailedReportMessageCollector - The validation at time 'CERTIFICATE_ISSUANCE_TIME' is not found or not performed!
11:41:13.366 [main] WARN eu.europa.esig.dss.detailedreport.DetailedReportMessageCollector - The validation at time 'VALIDATION_TIME' is not found or not performed!
11:41:13.366 [main] WARN eu.europa.esig.dss.detailedreport.DetailedReportMessageCollector - The validation at time 'VALIDATION_TIME' is not found or not performed!
11:41:13.366 [main] WARN eu.europa.esig.dss.detailedreport.DetailedReportMessageCollector - The validation at time 'VALIDATION_TIME' is not found or not performed!
]]></system-out>
  </testcase>
  <testcase name="test(File)[13]" classname="eu.europa.esig.dss.validation.CertificateUnmarshallingTest" time="0.25">
    <system-out><![CDATA[11:41:13.520 [main] INFO eu.europa.esig.dss.validation.CommonCertificateVerifier - + New CommonCertificateVerifier created.
11:41:13.534 [main] INFO eu.europa.esig.dss.validation.CommonCertificateVerifier - + New CommonCertificateVerifier created.
11:41:13.535 [main] INFO eu.europa.esig.dss.validation.AIACertificateSource - Retrieving C-FE7DFD7173311743BAFD5D919292663470D94A18FCF4300BE49C80AF0C4180F3 certificate's issuer using AIA.
11:41:13.535 [main] DEBUG eu.europa.esig.dss.spi.x509.aia.DefaultAIASource - Loading certificate(s) from 'http://dss.nowina.lu/pki-factory/crt/root-ca.crt'.
11:41:13.664 [main] DEBUG eu.europa.esig.dss.spi.x509.aia.DefaultAIASource - Base64 content : MIIDVzCCAj+gAwIBAgIBATANBgkqhkiG9w0BAQ0FADBNMRAwDgYDVQQDDAdyb290LWNhMRkwFwYDVQQKDBBOb3dpbmEgU29sdXRpb25zMREwDwYDVQQLDAhQS0ktVEVTVDELMAkGA1UEBhMCTFUwHhcNMjIwMTEzMTYwMzM1WhcNMjQwMTEzMTYwMzM1WjBNMRAwDgYDVQQDDAdyb290LWNhMRkwFwYDVQQKDBBOb3dpbmEgU29sdXRpb25zMREwDwYDVQQLDAhQS0ktVEVTVDELMAkGA1UEBhMCTFUwggEiMA0GCSqGSIb3DQEBAQUAA4IBDwAwggEKAoIBAQCRHOEXneXmMs+kosfF6axk1fopOaqpG0CJV9oDY07hPH0lTUKX0WpeHvflF/X0crUWW9xybA0NOKHpmRp68v55R4nRLB5fHUu/bOddi/L/i6RZYrySE/47LfXAUEsvUbewSUdzJU+jKKQOTSmenSZQDC3a7U72WOcCmTtuNh1c1tu76ffWMx3CNoDDSJkucOI6vqmjAf0g2yObRXN/4umk8wOg81eiLV6T1pzCWNkuja07BqIi0tQcf8P9ZcbqnoIrsXZcaRZx4DfUVqQDa6WQY8iWqn28rChRF3XG4XRsW5SdeSU+HOhbQmfc1Zn6Xp94rMg/dc7ozMo/51n1OdrfAgMBAAGjQjBAMA4GA1UdDwEB/wQEAwIBBjAdBgNVHQ4EFgQUek0zqwFuoxiLJwjVOXDg6RFTKT4wDwYDVR0TAQH/BAUwAwEB/zANBgkqhkiG9w0BAQ0FAAOCAQEAhV8vxZzlLmW2FnO660dtQwlVbrpZSIrJY4q8XfYOeJ4lraJ1xV5XtS61lTL+PvBBlTRB8lBuNAtHPnq+qxG06fKfIaGkCcOH62WV/LA9qYnUpWgCWO5c4DUKlyaf9JrQksNUYd23HwJnJTRD7tSe2REpOrB2fUH1b6xvVsCZ8xsCt3SAnkGuu8l2oYtBBgfr/vZ2+k8vdhkQIhIyf7/YkYBLXikVItjZ064Q0oypXfsOd5xyCnYDkBKnMnj6QgPsayWZ/MAAxH+upmiQkmViMTm2GbLtSLzsAe/cU9Ym+9+Ci5pnB+heZ+LoZ6svBKaYWvHbl6yLvpV31XnuK/QPWQ==
11:41:13.673 [main] DEBUG eu.europa.esig.dss.spi.x509.aia.DefaultAIASource - 1 certificate(s) loaded from 'http://dss.nowina.lu/pki-factory/crt/root-ca.crt'
11:41:13.675 [main] WARN eu.europa.esig.dss.validation.AIACertificateSource - The retrieved certificate(s) using AIA do not sign the certificate with Id : C-FE7DFD7173311743BAFD5D919292663470D94A18FCF4300BE49C80AF0C4180F3.
11:41:13.675 [main] WARN eu.europa.esig.dss.validation.SignatureValidationContext - Issuer not found for certificate C-FE7DFD7173311743BAFD5D919292663470D94A18FCF4300BE49C80AF0C4180F3
11:41:13.675 [main] WARN eu.europa.esig.dss.validation.DiagnosticDataBuilder - Provided CertificateSource configuration contains none of trusted sources of type TRUSTED_STORE or TRUSTED_LIST!
11:41:13.678 [main] WARN eu.europa.esig.dss.detailedreport.DetailedReportMessageCollector - The validation at time 'CERTIFICATE_ISSUANCE_TIME' is not found or not performed!
11:41:13.679 [main] WARN eu.europa.esig.dss.detailedreport.DetailedReportMessageCollector - The validation at time 'CERTIFICATE_ISSUANCE_TIME' is not found or not performed!
11:41:13.679 [main] WARN eu.europa.esig.dss.detailedreport.DetailedReportMessageCollector - The validation at time 'CERTIFICATE_ISSUANCE_TIME' is not found or not performed!
11:41:13.679 [main] WARN eu.europa.esig.dss.detailedreport.DetailedReportMessageCollector - The validation at time 'VALIDATION_TIME' is not found or not performed!
11:41:13.679 [main] WARN eu.europa.esig.dss.detailedreport.DetailedReportMessageCollector - The validation at time 'VALIDATION_TIME' is not found or not performed!
11:41:13.679 [main] WARN eu.europa.esig.dss.detailedreport.DetailedReportMessageCollector - The validation at time 'VALIDATION_TIME' is not found or not performed!
]]></system-out>
  </testcase>
  <testcase name="test(File)[14]" classname="eu.europa.esig.dss.validation.CertificateUnmarshallingTest" time="0.227">
    <system-out><![CDATA[11:41:13.774 [main] INFO eu.europa.esig.dss.validation.CommonCertificateVerifier - + New CommonCertificateVerifier created.
11:41:13.789 [main] INFO eu.europa.esig.dss.validation.CommonCertificateVerifier - + New CommonCertificateVerifier created.
11:41:13.790 [main] INFO eu.europa.esig.dss.validation.AIACertificateSource - Retrieving C-B9B8051A58645938F660EC1261B7534E2DC7422882D873B2876204BBA1078352 certificate's issuer using AIA.
11:41:13.790 [main] DEBUG eu.europa.esig.dss.spi.x509.aia.DefaultAIASource - Loading certificate(s) from 'http://dss.nowina.lu/pki-factory/crt/good-ca.crt'.
11:41:13.885 [main] DEBUG eu.europa.esig.dss.spi.x509.aia.DefaultAIASource - Base64 content : MIID6jCCAtKgAwIBAgIBBDANBgkqhkiG9w0BAQsFADBNMRAwDgYDVQQDDAdyb290LWNhMRkwFwYDVQQKDBBOb3dpbmEgU29sdXRpb25zMREwDwYDVQQLDAhQS0ktVEVTVDELMAkGA1UEBhMCTFUwHhcNMjIwMjEzMTYwMzM2WhcNMjMxMjEzMTYwMzM2WjBNMRAwDgYDVQQDDAdnb29kLWNhMRkwFwYDVQQKDBBOb3dpbmEgU29sdXRpb25zMREwDwYDVQQLDAhQS0ktVEVTVDELMAkGA1UEBhMCTFUwggEiMA0GCSqGSIb3DQEBAQUAA4IBDwAwggEKAoIBAQCn4ni4pjr8CQJwiSEoYBGSPKrxHDbQiIO0FfcJhAQK5RpiKRJHcDmM5ays+hQlWTMQvhkfESRZ+/mSHAAJ5RmdapotI5TxKrk2pdXoUpI48lhBSz6USQLmuJ+uFRqtiEUIQhN5J4TUMGwoDVPS+9GlUms0fNfAdcpoDaQxVSObZcL2x0l3mGFSfEmuJNwbR6k25oLlUaKZ11d79RAmO79OAU3BMwyt4rYRc0r8aVeskqTJst7XnC8xQZqxfwnKv9UyxwYlg020IAMrbNxP7+yawqP1KxEgvaBeWvBe/ggQzEcfrx4d6ADjtot/Jg2B27aYvs3q208XFOfIiKagCC1bAgMBAAGjgdQwgdEwDgYDVR0PAQH/BAQDAgEGMEEGA1UdHwQ6MDgwNqA0oDKGMGh0dHA6Ly9kc3Mubm93aW5hLmx1L3BraS1mYWN0b3J5L2NybC9yb290LWNhLmNybDBMBggrBgEFBQcBAQRAMD4wPAYIKwYBBQUHMAKGMGh0dHA6Ly9kc3Mubm93aW5hLmx1L3BraS1mYWN0b3J5L2NydC9yb290LWNhLmNydDAdBgNVHQ4EFgQUg+sslAObmMmM+nS7kbYwb5DIse0wDwYDVR0TAQH/BAUwAwEB/zANBgkqhkiG9w0BAQsFAAOCAQEAX/TIrlNOhy7uwlPfwF5ZILlkKZ/CudnvEJv0hWTE9FYn5d2yJMcEPYNng5CIzhFkgvqUdGbECVAdoEjPxqA3Q6HH+NoIRerPWAWgWgpeVh6cSE7VUBSRRFg33rKzvLXqUi3Bzl0ye1CdvEWR/3DRfKHrjCzoc5vxrkJdZk40bJlGNztYtZK5aYd609YVNWuDFGxr9TvEW7fXKPnSN2YPfFW93vIidWBbF1kHbBvpl15IBGOjIhC8vIeurIt04/qFQoTyp48CUETZb5IBmKKuiGHFN3K65f74p1CPFkrQvYBdY0Qcb1VoHh4pThp976mAgQxT52Sm/yRSdSxjxbWYGQ==
11:41:13.896 [main] DEBUG eu.europa.esig.dss.spi.x509.aia.DefaultAIASource - 1 certificate(s) loaded from 'http://dss.nowina.lu/pki-factory/crt/good-ca.crt'
11:41:13.898 [main] WARN eu.europa.esig.dss.validation.AIACertificateSource - The retrieved certificate(s) using AIA do not sign the certificate with Id : C-B9B8051A58645938F660EC1261B7534E2DC7422882D873B2876204BBA1078352.
11:41:13.900 [main] WARN eu.europa.esig.dss.validation.SignatureValidationContext - Issuer not found for certificate C-B9B8051A58645938F660EC1261B7534E2DC7422882D873B2876204BBA1078352
11:41:13.900 [main] WARN eu.europa.esig.dss.validation.DiagnosticDataBuilder - Provided CertificateSource configuration contains none of trusted sources of type TRUSTED_STORE or TRUSTED_LIST!
11:41:13.903 [main] WARN eu.europa.esig.dss.detailedreport.DetailedReportMessageCollector - The validation at time 'CERTIFICATE_ISSUANCE_TIME' is not found or not performed!
11:41:13.903 [main] WARN eu.europa.esig.dss.detailedreport.DetailedReportMessageCollector - The validation at time 'CERTIFICATE_ISSUANCE_TIME' is not found or not performed!
11:41:13.903 [main] WARN eu.europa.esig.dss.detailedreport.DetailedReportMessageCollector - The validation at time 'CERTIFICATE_ISSUANCE_TIME' is not found or not performed!
11:41:13.903 [main] WARN eu.europa.esig.dss.detailedreport.DetailedReportMessageCollector - The validation at time 'VALIDATION_TIME' is not found or not performed!
11:41:13.903 [main] WARN eu.europa.esig.dss.detailedreport.DetailedReportMessageCollector - The validation at time 'VALIDATION_TIME' is not found or not performed!
11:41:13.903 [main] WARN eu.europa.esig.dss.detailedreport.DetailedReportMessageCollector - The validation at time 'VALIDATION_TIME' is not found or not performed!
]]></system-out>
  </testcase>
  <testcase name="test(File)[15]" classname="eu.europa.esig.dss.validation.CertificateUnmarshallingTest" time="0.592">
    <system-out><![CDATA[11:41:14.010 [main] INFO eu.europa.esig.dss.validation.CommonCertificateVerifier - + New CommonCertificateVerifier created.
11:41:14.026 [main] INFO eu.europa.esig.dss.validation.CommonCertificateVerifier - + New CommonCertificateVerifier created.
11:41:14.028 [main] INFO eu.europa.esig.dss.validation.AIACertificateSource - Retrieving C-2D118BBC9E0B98D6AD07BB9D44CFC424467B8E2D83A2E04661E9A620DAA062FC certificate's issuer using AIA.
11:41:14.028 [main] DEBUG eu.europa.esig.dss.spi.x509.aia.DefaultAIASource - Loading certificate(s) from 'http://nt-qwac.nowina.solutions/res/caqctsp/sub-ca_tc.crt'.
11:41:14.245 [main] DEBUG eu.europa.esig.dss.spi.x509.aia.DefaultAIASource - Base64 content : Q2VydGlmaWNhdGU6DQogICAgRGF0YToNCiAgICAgICAgVmVyc2lvbjogMyAoMHgyKQ0KICAgICAgICBTZXJpYWwgTnVtYmVyOg0KICAgICAgICAgICAgN2U6OTk6ZmM6NzY6NzE6YTU6YjQ6Yjk6MzE6MjA6ZDE6ZTI6NDM6OGU6OTQ6NjANCiAgICAgICAgU2lnbmF0dXJlIEFsZ29yaXRobTogc2hhMjU2V2l0aFJTQUVuY3J5cHRpb24NCiAgICAgICAgSXNzdWVyOiBDPVRDLCBPPVRoaXJkIENvdW50cnkgUVRTUCBDb21wYW55LCBDTj1Sb290IENBDQogICAgICAgIFZhbGlkaXR5DQogICAgICAgICAgICBOb3QgQmVmb3JlOiBKdW4gMTcgMTA6MDY6NTIgMjAyMCBHTVQNCiAgICAgICAgICAgIE5vdCBBZnRlciA6IEp1biAxNSAxMDowNjo1MiAyMDMwIEdNVA0KICAgICAgICBTdWJqZWN0OiBDPVRDLCBPPVRoaXJkIENvdW50cnkgUVRTUCBDb21wYW55LCBDTj1UQyBlVHJ1c3QgUUMgZm9yIGVTaWduYXR1cmVzIENBDQogICAgICAgIFN1YmplY3QgUHVibGljIEtleSBJbmZvOg0KICAgICAgICAgICAgUHVibGljIEtleSBBbGdvcml0aG06IHJzYUVuY3J5cHRpb24NCiAgICAgICAgICAgICAgICBSU0EgUHVibGljLUtleTogKDQwOTYgYml0KQ0KICAgICAgICAgICAgICAgIE1vZHVsdXM6DQogICAgICAgICAgICAgICAgICAgIDAwOmYyOjExOjMzOjg4OjljOmNjOjcyOjBlOjJiOjZiOjAwOjE4OjAwOjRkOg0KICAgICAgICAgICAgICAgICAgICA3NzplNTpmYTpjNTo5NjowYzoyNTo0ZDpjNjozNTowNjo0ZjoxNjozNzoyNDoNCiAgICAgICAgICAgICAgICAgICAgYzM6MTY6NTU6Yzc6OWI6YzI6NDk6NWQ6ZWE6NjI6NjA6Nzk6YTI6NDM6NWU6DQogICAgICAgICAgICAgICAgICAgIDM0OjdlOjBkOmJjOjAwOjE4OjRiOmYyOmFmOjI5OjY2OjAxOmJiOjA2OmIzOg0KICAgICAgICAgICAgICAgICAgICA0MTpjYjo1Yzo0MTpkOToyMTphYTpjZTplYzo3MTphNTo5OTpjNDozNTo2YjoNCiAgICAgICAgICAgICAgICAgICAgZjg6OGI6ZmE6NWU6MmQ6ZDk6NGY6NjE6NDc6Njk6OWQ6YzA6MGI6NmU6YmY6DQogICAgICAgICAgICAgICAgICAgIDMwOjU1OmUxOjkwOmI1OmFhOjBjOmI1OmQzOmQ0OjYxOjZkOjhiOjkzOmZiOg0KICAgICAgICAgICAgICAgICAgICA3YzpiYzo1OTowYTpkNjo3Njo3MDo1MDplZDoyYTo5Yjo2MjozMDpkMzpiYToNCiAgICAgICAgICAgICAgICAgICAgNGI6NjM6NGI6Mzc6ZDc6YmY6Yzc6NjI6MDQ6NDg6NjE6Mzg6MmY6MjE6Njc6DQogICAgICAgICAgICAgICAgICAgIDcyOjBiOjJkOjY2OmI2OjhjOjVhOjhlOjY3OmU2OjEzOjY0OjY2Ojk1OjE1Og0KICAgICAgICAgICAgICAgICAgICA3ZDpmYzpiODo4YzpmMDplYzpkYzo5MjplNzoxNTphMToyNzo5NTo5YjpmODoNCiAgICAgICAgICAgICAgICAgICAgNzI6Mzg6YTQ6MTA6OTY6Nzc6NTE6OWM6OWQ6NWE6Yjg6MjY6NzI6YTQ6OWM6DQogICAgICAgICAgICAgICAgICAgIGIzOjYxOmY2OmI0OmY1OjA4OmY5OmI0OmQyOjMxOjc4OjkwOmQyOmU3OmE2Og0KICAgICAgICAgICAgICAgICAgICA1YTo3ZDo3MTo5OTo2MTplYzo4Zjo5NzpmMjplNzo5OTo2YTphMzo4ZTo2MToNCiAgICAgICAgICAgICAgICAgICAgMTM6YTc6NjQ6NTk6Y2U6NDI6N2Q6ZDc6ZDI6M2Q6MDU6ZmI6ZmM6NjQ6Y2U6DQogICAgICAgICAgICAgICAgICAgIGQ0OjY4OjllOmY2OjM4OmZiOjc2OjZmOjRiOmZiOjIxOjJmOjUwOjI5OmExOg0KICAgICAgICAgICAgICAgICAgICAwNjo1ZTowZDphMTpmODoxNTo3MTo0MTo2ZTo0YjpmMjo3NjowZjpmODpiNjoNCiAgICAgICAgICAgICAgICAgICAgZmU6ZjQ6Yzk6NDA6Nzg6YjM6NzM6NGI6YzA6NTI6Mzg6ODk6YjY6NjU6ODA6DQogICAgICAgICAgICAgICAgICAgIDg1OjI5OjAyOjVmOjc0OjQzOmZmOmYxOmM4OjY2OjI3OjBhOjk4OjY0OjZjOg0KICAgICAgICAgICAgICAgICAgICBkMzo2MjoxNDpjYTo2OTpjZjowMzpiYjo1YjpjMDoxYTo4NjoxNDpjNjo4ZjoNCiAgICAgICAgICAgICAgICAgICAgMGI6ZDE6MGE6N2E6NjM6NmE6OWM6NzI6YzM6YWM6MTc6NjY6NGQ6NzI6Zjc6DQogICAgICAgICAgICAgICAgICAgIGRkOjRjOjI0OmJlOmQwOmQ2OjhiOmZkOmE5Ojk4OjQ5OjRjOmE0OjEwOjM5Og0KICAgICAgICAgICAgICAgICAgICBhNzpmZDoxMjphODoxNDo0MTpjZjo0ZTozYzo1MDpmZjpiMjo1ZTozZDplODoNCiAgICAgICAgICAgICAgICAgICAgNWE6Mzc6MjY6ZTY6Zjg6MWI6N2Y6MmE6OTg6YWU6OTQ6ODc6YTk6OWI6NTQ6DQogICAgICAgICAgICAgICAgICAgIDk5OjI5OmI0OmY4OjU2OjBmOmU1OjdmOmYxOjQ2OjU2Ojc5OmM4OjgyOmE0Og0KICAgICAgICAgICAgICAgICAgICAxYTo0MzplODo2ZjozOTo1Yjo4NDo1YTo1Yzo0MzpmMzpkMzpmNzphZjpiODoNCiAgICAgICAgICAgICAgICAgICAgNGM6ZjU6NWE6MTg6NTY6ZTg6ODA6YjA6OTI6N2M6YmU6MGE6YWQ6Zjg6MDI6DQogICAgICAgICAgICAgICAgICAgIDQxOjA1OjIwOjVlOmFjOmRiOjlmOjFiOjA5OmUzOjAzOjhjOjM3OjliOjQ3Og0KICAgICAgICAgICAgICAgICAgICBkODo4NTplMDoyZTpjZDpiNDoxMDpkZjo3NDpiOTpkMzoxYjpkYTo3ZTo4YjoNCiAgICAgICAgICAgICAgICAgICAgMDI6Nzc6YjQ6MDQ6ODk6MzE6NDQ6NTc6YTE6NjM6YTM6ZmM6MzU6ZGI6YWQ6DQogICAgICAgICAgICAgICAgICAgIDZhOmJiOjc2OmRhOmI2OmQ3OjIxOmY3OjU2OmJlOjYyOmFhOjA4OmE3OjNhOg0KICAgICAgICAgICAgICAgICAgICBkNzozYTphZDpkNTpiMDo3MToxNzoxYjoxYjphNjo0ODo4OTo4NDowNToyOToNCiAgICAgICAgICAgICAgICAgICAgOGE6YmE6ZGE6MGE6Y2Y6YmQ6YzY6MGI6YjQ6MWI6MGU6ZjM6ZGY6ZjU6NTc6DQogICAgICAgICAgICAgICAgICAgIGE1OmQ0OjE4OmQ4OjI1OmQwOjM5Ojk0OjIxOjE2OjJmOjQ0OmE1Ojg0OjMyOg0KICAgICAgICAgICAgICAgICAgICAyMzo4Mjo4ZA0KICAgICAgICAgICAgICAgIEV4cG9uZW50OiA2NTUzNyAoMHgxMDAwMSkNCiAgICAgICAgWDUwOXYzIGV4dGVuc2lvbnM6DQogICAgICAgICAgICBBdXRob3JpdHkgSW5mb3JtYXRpb24gQWNjZXNzOiANCiAgICAgICAgICAgICAgICBDQSBJc3N1ZXJzIC0gVVJJOmh0dHA6Ly8xOC4yMDIuMjE3LjE4L3Jlcy9jYXFjdHNwL3Jvb3QtY2FfdGMuY3J0DQoNCiAgICAgICAgICAgIFg1MDl2MyBBdXRob3JpdHkgS2V5IElkZW50aWZpZXI6IA0KICAgICAgICAgICAgICAgIGtleWlkOjc0OjY0OkM4Ojk1OkQ0OjVEOkM0OkZFOjIxOjc0OjhBOjkxOjJBOjgzOjlEOkY0OjI5OjMzOjQ5OkM4DQoNCiAgICAgICAgICAgIFg1MDl2MyBCYXNpYyBDb25zdHJhaW50czogY3JpdGljYWwNCiAgICAgICAgICAgICAgICBDQTpUUlVFLCBwYXRobGVuOjANCiAgICAgICAgICAgIFg1MDl2MyBDUkwgRGlzdHJpYnV0aW9uIFBvaW50czogDQoNCiAgICAgICAgICAgICAgICBGdWxsIE5hbWU6DQogICAgICAgICAgICAgICAgICBVUkk6aHR0cDovLzE4LjIwMi4yMTcuMTgvcmVzL2NhcWN0c3Avcm9vdC1jYV90Yy5jcmwNCg0KICAgICAgICAgICAgWDUwOXYzIEtleSBVc2FnZTogY3JpdGljYWwNCiAgICAgICAgICAgICAgICBDZXJ0aWZpY2F0ZSBTaWduLCBDUkwgU2lnbg0KICAgICAgICAgICAgWDUwOXYzIFN1YmplY3QgS2V5IElkZW50aWZpZXI6IA0KICAgICAgICAgICAgICAgIDEyOkQwOjMwOjk0OjJBOkVCOjczOkM5OkRFOjlEOjUxOjFGOjc2OjA2OjA2OjQxOjg2OkQ5OkU2OkVDDQogICAgU2lnbmF0dXJlIEFsZ29yaXRobTogc2hhMjU2V2l0aFJTQUVuY3J5cHRpb24NCiAgICAgICAgIDY2OjJiOjNmOjAxOmQ0OjRiOjVjOmI4OmQ1OmI3OmJjOmEyOmJiOmQ5OmYxOjRjOjRiOjQwOg0KICAgICAgICAgZTg6MDU6OGY6Zjk6N2Q6M2Y6MjQ6NGY6ZmY6NjU6Nzc6MTg6NTc6NmU6ZTk6MTA6Mjc6MDk6DQogICAgICAgICA4OTowMjpkYzowMDo5NTowZjphZDpkOTo0NTpjNTpmYTowNzplYjozZjowMzpkMDo1NjozZDoNCiAgICAgICAgIGYxOmExOjFjOmVkOjIyOmU0OjA2OmEzOjJhOjc2OmZiOjE0OjQzOmI4OmY0OjEzOjg5OjM1Og0KICAgICAgICAgNjE6Y2E6MDI6ZWU6YTA6OTk6ZDM6OGU6Yzc6YzM6YzY6OTk6MzQ6OTY6Y2Y6YzY6YjY6MzU6DQogICAgICAgICBjODozNTo3Njo0NDpkNTo4OTo5YjphMjo5MTpkZjo3MTpmNjo4ODo0YzplNTpjZDoxMzplNToNCiAgICAgICAgIGNlOmYxOmI3Ojg4Ojk0OjYxOmQxOjQzOjUxOmU4OjAyOmE0OjUxOmM4OjM5OjRiOjFiOmFmOg0KICAgICAgICAgMjA6Yjk6NTA6OTQ6Yzc6ODA6MDI6ZGQ6Yzg6MTU6ZmQ6MTk6YzU6ZWE6NTU6MjI6MjQ6MDE6DQogICAgICAgICBmYjowZTo2OTozZTphMzpmYTpkOTo2ZDo0NjoyNzpjZTo0OTo0Mzo3ODpkYjo1ZTpiYjo4ZToNCiAgICAgICAgIDU5OmM1OmQ4OmI2Ojc3OmJkOjYzOmYyOmZkOjU2OjhkOjBmOjZiOjQyOmY4OmJkOmM5Ojk4Og0KICAgICAgICAgODc6MTg6Mzk6NDg6OGU6NWU6ZGQ6ZmQ6NmI6ZGQ6ZmY6OGY6N2Q6OWE6ZGQ6MTI6MTQ6NTk6DQogICAgICAgICBmNzo5ODo3Yjo3NDo2YzpkZDo5Nzo5NTphODo2Mjo2ZDowODo2Mzo3OTplZjowOTpjZToxODoNCiAgICAgICAgIGJhOjhmOjVhOjhlOjFhOmU5OmM5OjliOjUzOjg0OmYyOmExOmE2OmNjOjAyOjFlOjIxOjA2Og0KICAgICAgICAgM2Q6NmY6Njk6ODY6MzE6Mjc6ZmM6YmE6ODY6Y2U6MmU6NWM6ODQ6NDY6Yzc6M2I6MTY6ZWQ6DQogICAgICAgICA0MDozMDoyNDo5ZDowMTpmMDo5NjoxODo5YzpmOTo4MjpiODozYzo0ZjplZDphZDowMjo5YjoNCiAgICAgICAgIDVjOjI5OjI1OmFiOjg4OmY4Ojg0OmQzOjY3OjE4OjkwOmQzOmE1OjM0OjgxOmFkOjg2OjYyOg0KICAgICAgICAgMTE6YzQ6ZTA6NTA6Zjc6MTk6Mjk6ZmY6MTY6ZTM6ODc6ODc6YTQ6OTU6YWI6ZDQ6NTQ6ZDk6DQogICAgICAgICBkNzo0OTpjODowZDo2ZTozODo2ZDo1MzpiNDpkODo1ODo4OToyYTpjNDo4MTplNTowMTozODoNCiAgICAgICAgIDljOmIxOjdmOjhhOmYxOjg2OmM4OmE0OmIwOmY2OjNhOjIxOmU5OmFmOjRlOjRlOjgyOmYyOg0KICAgICAgICAgOWI6MmY6MTg6MGU6M2I6MDI6NWM6ZmQ6ZGQ6YTY6NjI6NGU6MTI6YzI6MmM6MzU6NGM6NDg6DQogICAgICAgICA1Zjo3MzpmYzplZjo2OTo1ZDplNzpmODowYzoxMTphNjpmZTpiODo2MzozYjo4YToyZjplMDoNCiAgICAgICAgIDRiOmFmOjY3OmUyOjJlOjUwOjQxOjA0OmVmOmI2OjBmOjZhOmE4OjFiOmRkOjA3OmFjOmUwOg0KICAgICAgICAgOGY6Y2Y6Y2I6ZDI6MGY6NjQ6Mzk6NTg6OTc6MDM6YWM6NWE6MDU6MjQ6Mzg6MTY6NTc6MTc6DQogICAgICAgICBlMzozMzpjYjo2MDozNzo0NDpmNjo0MDo2NTo2Njo1YTpjYjo5ZTphMTpkMTozYjo1MzphMzoNCiAgICAgICAgIDVlOjYzOmJmOjFmOjZhOmU0OjAzOjVmOjQ0OjQwOjc0OjM1OmUxOmQ0OjkzOmNjOmJmOmIyOg0KICAgICAgICAgNGQ6M2I6MzE6MDE6ZDM6NDE6NGM6MzY6ZTE6NzU6Y2U6MmM6YTQ6MDE6ZTc6MjM6Yjc6ZDY6DQogICAgICAgICA4MzphNDowZjoyNjpjYjpjYzo3OTo4ZDphNzo3NTo0MTo0MDplNjo3Yjo0ODo4ZTpjZTozMToNCiAgICAgICAgIDRlOmJhOjM0OmFiOjY0OjVhOmIxOmE5OmIxOjFlOmJhOjJlOmQwOjVmOmE3OmNiOjg4OjhlOg0KICAgICAgICAgZWQ6NGQ6YTk6NDE6ZmE6MzE6Y2U6ODYNCi0tLS0tQkVHSU4gQ0VSVElGSUNBVEUtLS0tLQ0KTUlJR0lUQ0NCQW1nQXdJQkFnSVFmcG44ZG5HbHRMa3hJTkhpUTQ2VVlEQU5CZ2txaGtpRzl3MEJBUXNGQURCRQ0KTVFzd0NRWURWUVFHRXdKVVF6RWpNQ0VHQTFVRUNnd2FWR2hwY21RZ1EyOTFiblJ5ZVNCUlZGTlFJRU52YlhCaA0KYm5reEVEQU9CZ05WQkFNTUIxSnZiM1FnUTBFd0hoY05NakF3TmpFM01UQXdOalV5V2hjTk16QXdOakUxTVRBdw0KTmpVeVdqQmNNUXN3Q1FZRFZRUUdFd0pVUXpFak1DRUdBMVVFQ2d3YVZHaHBjbVFnUTI5MWJuUnllU0JSVkZOUQ0KSUVOdmJYQmhibmt4S0RBbUJnTlZCQU1NSDFSRElHVlVjblZ6ZENCUlF5Qm1iM0lnWlZOcFoyNWhkSFZ5WlhNZw0KUTBFd2dnSWlNQTBHQ1NxR1NJYjNEUUVCQVFVQUE0SUNEd0F3Z2dJS0FvSUNBUUR5RVRPSW5NeHlEaXRyQUJnQQ0KVFhmbCtzV1dEQ1ZOeGpVR1R4WTNKTU1XVmNlYndrbGQ2bUpnZWFKRFhqUitEYndBR0V2eXJ5bG1BYnNHczBITA0KWEVIWklhck83SEdsbWNRMWEvaUwrbDR0MlU5aFIybWR3QXR1dnpCVjRaQzFxZ3kxMDlSaGJZdVQrM3k4V1FyVw0KZG5CUTdTcWJZakRUdWt0alN6Zlh2OGRpQkVoaE9DOGhaM0lMTFdhMmpGcU9aK1lUWkdhVkZYMzh1SXp3N055Uw0KNXhXaEo1V2IrSEk0cEJDV2QxR2NuVnE0Sm5La25MTmg5clQxQ1BtMDBqRjRrTkxucGxwOWNabGg3SStYOHVlWg0KYXFPT1lST25aRm5PUW4zWDBqMEYrL3hrenRSb252WTQrM1p2Uy9zaEwxQXBvUVplRGFINEZYRkJia3Z5ZGcvNA0KdHY3MHlVQjRzM05Md0ZJNGliWmxnSVVwQWw5MFEvL3h5R1luQ3Boa2JOTmlGTXBwendPN1c4QWFoaFRHand2Ug0KQ25wamFweHl3NndYWmsxeTk5MU1KTDdRMW92OXFaaEpUS1FRT2FmOUVxZ1VRYzlPUEZEL3NsNDk2Rm8zSnViNA0KRzM4cW1LNlVoNm1iVkprcHRQaFdEK1YvOFVaV2VjaUNwQnBENkc4NVc0UmFYRVB6MC9ldnVFejFXaGhXNklDdw0Ka255K0NxMzRBa0VGSUY2czI1OGJDZU1EakRlYlI5aUY0QzdOdEJEZmRMblRHOXAraXdKM3RBU0pNVVJYb1dPag0KL0RYYnJXcTdkdHEyMXlIM1ZyNWlxZ2luT3RjNnJkV3djUmNiRzZaSWlZUUZLWXE2MmdyUHZjWUx0QnNPODkvMQ0KVjZYVUdOZ2wwRG1VSVJZdlJLV0VNaU9DalFJREFRQUJvNEgyTUlIek1Fc0dDQ3NHQVFVRkJ3RUJCRDh3UFRBNw0KQmdnckJnRUZCUWN3QW9ZdmFIUjBjRG92THpFNExqSXdNaTR5TVRjdU1UZ3ZjbVZ6TDJOaGNXTjBjM0F2Y205dg0KZEMxallWOTBZeTVqY25Rd0h3WURWUjBqQkJnd0ZvQVVkR1RJbGRSZHhQNGhkSXFSS29PZDlDa3pTY2d3RWdZRA0KVlIwVEFRSC9CQWd3QmdFQi93SUJBREJBQmdOVkhSOEVPVEEzTURXZ002QXhoaTlvZEhSd09pOHZNVGd1TWpBeQ0KTGpJeE55NHhPQzl5WlhNdlkyRnhZM1J6Y0M5eWIyOTBMV05oWDNSakxtTnliREFPQmdOVkhROEJBZjhFQkFNQw0KQVFZd0hRWURWUjBPQkJZRUZCTFFNSlFxNjNQSjNwMVJIM1lHQmtHRzJlYnNNQTBHQ1NxR1NJYjNEUUVCQ3dVQQ0KQTRJQ0FRQm1LejhCMUV0Y3VOVzN2S0s3MmZGTVMwRG9CWS81ZlQ4a1QvOWxkeGhYYnVrUUp3bUpBdHdBbFErdA0KMlVYRitnZnJQd1BRVmozeG9SenRJdVFHb3lwMit4UkR1UFFUaVRWaHlnTHVvSm5UanNmRHhwazBscy9HdGpYSQ0KTlhaRTFZbWJvcEhmY2ZhSVRPWE5FK1hPOGJlSWxHSFJRMUhvQXFSUnlEbExHNjhndVZDVXg0QUMzY2dWL1JuRg0KNmxVaUpBSDdEbWsrby9yWmJVWW56a2xEZU50ZXU0NVp4ZGkyZDcxajh2MVdqUTlyUXZpOXlaaUhHRGxJamw3ZA0KL1d2ZC80OTltdDBTRkZuM21IdDBiTjJYbGFoaWJRaGplZThKemhpNmoxcU9HdW5KbTFPRThxR216QUllSVFZOQ0KYjJtR01TZjh1b2JPTGx5RVJzYzdGdTFBTUNTZEFmQ1dHSno1Z3JnOFQrMnRBcHRjS1NXcmlQaUUwMmNZa05PbA0KTklHdGhtSVJ4T0JROXhrcC94YmpoNGVrbGF2VVZOblhTY2dOYmpodFU3VFlXSWtxeElIbEFUaWNzWCtLOFliSQ0KcExEMk9pSHByMDVPZ3ZLYkx4Z09Pd0pjL2QybVlrNFN3aXcxVEVoZmMvenZhVjNuK0F3UnB2NjRZenVLTCtCTA0KcjJmaUxsQkJCTysyRDJxb0c5MEhyT0NQejh2U0QyUTVXSmNEckZvRkpEZ1dWeGZqTTh0Z04wVDJRR1ZtV3N1ZQ0Kb2RFN1U2TmVZNzhmYXVRRFgwUkFkRFhoMUpQTXY3Sk5PekVCMDBGTU51RjF6aXlrQWVjanQ5YURwQThteTh4NQ0KamFkMVFVRG1lMGlPempGT3VqU3JaRnF4cWJFZXVpN1FYNmZMaUk3dFRhbEIrakhPaGc9PQ0KLS0tLS1FTkQgQ0VSVElGSUNBVEUtLS0tLQ0K
11:41:14.296 [main] DEBUG eu.europa.esig.dss.spi.x509.aia.DefaultAIASource - 1 certificate(s) loaded from 'http://nt-qwac.nowina.solutions/res/caqctsp/sub-ca_tc.crt'
11:41:14.299 [main] WARN eu.europa.esig.dss.spi.x509.TokenIssuerSelector - No issuer found for the token creation date. The process continues with an issuer which has the same public key.
11:41:14.301 [main] INFO eu.europa.esig.dss.validation.AIACertificateSource - Retrieving C-9E0CF61CF38440777296CD8DE3E5FE960BCAB9731DB240E5DFE826A606795F70 certificate's issuer using AIA.
11:41:14.302 [main] DEBUG eu.europa.esig.dss.spi.x509.aia.DefaultAIASource - Loading certificate(s) from 'http://18.202.217.18/res/caqctsp/root-ca_tc.crt'.
11:41:14.380 [main] DEBUG eu.europa.esig.dss.spi.x509.aia.DefaultAIASource - Base64 content : Q2VydGlmaWNhdGU6DQogICAgRGF0YToNCiAgICAgICAgVmVyc2lvbjogMyAoMHgyKQ0KICAgICAgICBTZXJpYWwgTnVtYmVyOg0KICAgICAgICAgICAgN2U6OTk6ZmM6NzY6NzE6YTU6YjQ6Yjk6MzE6MjA6ZDE6ZTI6NDM6OGU6OTQ6NWUNCiAgICAgICAgU2lnbmF0dXJlIEFsZ29yaXRobTogc2hhMjU2V2l0aFJTQUVuY3J5cHRpb24NCiAgICAgICAgSXNzdWVyOiBDPVRDLCBPPVRoaXJkIENvdW50cnkgUVRTUCBDb21wYW55LCBDTj1Sb290IENBDQogICAgICAgIFZhbGlkaXR5DQogICAgICAgICAgICBOb3QgQmVmb3JlOiBNYXkgMTggMTg6NDU6NDAgMjAyMCBHTVQNCiAgICAgICAgICAgIE5vdCBBZnRlciA6IE1heSAxNiAxODo0NTo0MCAyMDMwIEdNVA0KICAgICAgICBTdWJqZWN0OiBDPVRDLCBPPVRoaXJkIENvdW50cnkgUVRTUCBDb21wYW55LCBDTj1Sb290IENBDQogICAgICAgIFN1YmplY3QgUHVibGljIEtleSBJbmZvOg0KICAgICAgICAgICAgUHVibGljIEtleSBBbGdvcml0aG06IHJzYUVuY3J5cHRpb24NCiAgICAgICAgICAgICAgICBSU0EgUHVibGljLUtleTogKDQwOTYgYml0KQ0KICAgICAgICAgICAgICAgIE1vZHVsdXM6DQogICAgICAgICAgICAgICAgICAgIDAwOmFlOmNiOmY0OjhjOjk1OjYxOjlmOjRkOjY5OmViOjZmOjk3OmI2OjdjOg0KICAgICAgICAgICAgICAgICAgICAzNTo2ZjpjNzplMzplMzpjMjo5YToxNTo2NjphNzozZjo0ODo5ZTphMTphMzoNCiAgICAgICAgICAgICAgICAgICAgMzE6NjU6MmY6OTY6YjE6NTI6MGQ6NjI6MzY6MzQ6YTk6YTY6MWU6ODM6ZDU6DQogICAgICAgICAgICAgICAgICAgIDUzOjE4OjJhOmFiOmY5OjgyOjcxOjkxOjkyOjA0OjM3OjA2OjhkOmJhOmJhOg0KICAgICAgICAgICAgICAgICAgICBlMzowNDo0ODpmZDoxNjoxYjpiNjo0YzowMzpiNjo0Yzo5ZDozNjo4NDo5NzoNCiAgICAgICAgICAgICAgICAgICAgNDU6YjE6MWM6NmE6MWM6YzA6MDk6NjU6ZWM6NTg6YWY6NDA6ZGM6OTA6OTg6DQogICAgICAgICAgICAgICAgICAgIDIzOjcxOjUwOjFkOmI5OjMxOmUxOjk0OmI0OjExOjNkOjdmOjljOmFhOjBhOg0KICAgICAgICAgICAgICAgICAgICBkMjo3ZDowMzo5NzowMzo5MDoyOTo0ZTplMzo1NzpmNTo3Njo3NzowYzo1ZDoNCiAgICAgICAgICAgICAgICAgICAgZTE6NzE6MGU6MzY6NWQ6OTI6NWM6ZWY6ZTA6Yjk6OGM6M2Y6ZmQ6Yjc6ZDQ6DQogICAgICAgICAgICAgICAgICAgIDg0OjcyOmVkOjY5OmU5OjRkOjRhOjEzOjg1OmM0OjMzOjIyOmQ1OjgwOmIwOg0KICAgICAgICAgICAgICAgICAgICBhOTo1MjoyMTo3MTpkZDpkNTphMTphYjo5NzowNDozZjo1Mzo3YzpjZDpjNToNCiAgICAgICAgICAgICAgICAgICAgOTM6MWE6ZjA6ZWI6MWY6ODg6OTU6YzA6NGM6YjI6ZTI6ZTE6MjY6NWQ6N2Q6DQogICAgICAgICAgICAgICAgICAgIDNjOjFlOmMwOmQ1OjhlOjU4OmYyOmUwOjE1Ojg3OjRhOmZjOjQzOjViOjhiOg0KICAgICAgICAgICAgICAgICAgICAwOTowOTowNTpmMTpjNzozYTplNzpiMDo2OTo5MTo5MDplYzo4MjpkZDpiYzoNCiAgICAgICAgICAgICAgICAgICAgNjc6NmY6NDE6NTE6ZjQ6ZWM6YWI6YWU6MGE6MDY6MzY6ODM6MDM6OGM6Mzk6DQogICAgICAgICAgICAgICAgICAgIDNiOmVkOmNjOjgzOjc3OjUxOmNiOmQ5OmNlOjQ2OjkzOmYzOjg0OjFjOjQ3Og0KICAgICAgICAgICAgICAgICAgICBkZDphZjozMzphZjoyYTo3NToxZTo4OToxNTozMzpjNDoyOTo2MzplNjo5ZjoNCiAgICAgICAgICAgICAgICAgICAgNGY6MzQ6ZDc6NDQ6NGY6NWI6Nzk6NGM6ODg6Yjc6OTk6NTI6NDg6YzA6YmQ6DQogICAgICAgICAgICAgICAgICAgIGRmOmYyOjNjOmRkOjI2OjNkOmI4OmM1OjNiOjVhOjdjOmM0OjNhOmQ2OjgzOg0KICAgICAgICAgICAgICAgICAgICAxOToxNDowYjpjODo2Zjo1YzoxNjpiYjoxNDo1Njo1NjowZTozZDo4NzowNzoNCiAgICAgICAgICAgICAgICAgICAgODA6Mzk6ODc6ZmE6YWY6YTI6ZDc6NTU6Mjk6N2M6MTk6OTA6ZWE6YTQ6OWE6DQogICAgICAgICAgICAgICAgICAgIDU3OmI1OmUwOjQ5OmUwOjk5OmQyOjY2OmJhOmMzOmFjOjM2OmU4OmZiOmYxOg0KICAgICAgICAgICAgICAgICAgICAyZjozZjo3OTplYjo3MzoxMjpmYTo0NzowNjphYjo3NTo1Nzo4Njo0YTphYjoNCiAgICAgICAgICAgICAgICAgICAgYWI6MjI6YWQ6YzE6ZmE6YWE6NDM6MTM6ODY6MjA6ODU6MTE6NzU6ZWI6ZGU6DQogICAgICAgICAgICAgICAgICAgIDc0OmZmOjRhOjkwOjA0OjYyOjc3OjE4OjVmOmNkOjg1OmU1OjU4OjU2OjI2Og0KICAgICAgICAgICAgICAgICAgICA0YjpjNTpkNjozMzozZDo4MDoxYjozNTpmMDpiNDoxMDpjNzphMTpjZToxOToNCiAgICAgICAgICAgICAgICAgICAgNDU6MjI6MTI6Mjk6MzI6OWQ6MmE6Nzg6NWY6ZTA6YWM6YjU6MTE6Zjc6MjY6DQogICAgICAgICAgICAgICAgICAgIDBlOjgzOmE3Ojc0OjFlOjI0OmVhOjhlOmFjOmIyOmNlOjUzOjkzOjkxOmI1Og0KICAgICAgICAgICAgICAgICAgICBjNDozYTplODoyMToxMTpmMjowNjplNDo3ODpkNjplYTowNTo5NzphYToyODoNCiAgICAgICAgICAgICAgICAgICAgOTA6ZDU6N2E6MDU6N2U6ZDM6NjE6YWU6NjI6ODc6NTE6MmI6NjM6OTk6YmU6DQogICAgICAgICAgICAgICAgICAgIDM1OjUyOmVlOjNkOmVlOmE3OmQ1OmI4OjEwOjFjOjdlOmJkOjQ5OmI2OjQ3Og0KICAgICAgICAgICAgICAgICAgICAyYjoyNzphNToyMTo5NjoyMjo4MTo2ZjowNzoyNDo5MTo4MjplMTowYzoxMToNCiAgICAgICAgICAgICAgICAgICAgZjE6NmY6Mzg6NDY6MDk6MjM6NTE6ODk6NGY6ZTM6NGU6YzQ6MjU6MGI6NDk6DQogICAgICAgICAgICAgICAgICAgIDVlOjkwOjgxOjgyOjQ0OmE1OmM2OjZkOjk2OjQ0OmMyOjU2OmYxOjZmOmI4Og0KICAgICAgICAgICAgICAgICAgICA1ZTpiMzo5Nw0KICAgICAgICAgICAgICAgIEV4cG9uZW50OiA2NTUzNyAoMHgxMDAwMSkNCiAgICAgICAgWDUwOXYzIGV4dGVuc2lvbnM6DQogICAgICAgICAgICBYNTA5djMgQmFzaWMgQ29uc3RyYWludHM6IGNyaXRpY2FsDQogICAgICAgICAgICAgICAgQ0E6VFJVRQ0KICAgICAgICAgICAgWDUwOXYzIEtleSBVc2FnZTogY3JpdGljYWwNCiAgICAgICAgICAgICAgICBDZXJ0aWZpY2F0ZSBTaWduLCBDUkwgU2lnbg0KICAgICAgICAgICAgWDUwOXYzIFN1YmplY3QgS2V5IElkZW50aWZpZXI6IA0KICAgICAgICAgICAgICAgIDc0OjY0OkM4Ojk1OkQ0OjVEOkM0OkZFOjIxOjc0OjhBOjkxOjJBOjgzOjlEOkY0OjI5OjMzOjQ5OkM4DQogICAgU2lnbmF0dXJlIEFsZ29yaXRobTogc2hhMjU2V2l0aFJTQUVuY3J5cHRpb24NCiAgICAgICAgIDFmOmZmOjEyOjllOjBjOjhkOjlmOjAwOjRmOjY1OjIyOmYwOjlhOmZhOmQ0OmRjOjdjOmQ5Og0KICAgICAgICAgZTE6MmY6ZDk6ZWY6ZWY6YTI6MWE6ZjE6NjI6ZjY6Mjc6NjA6ZWQ6YTc6NjY6ZGQ6NGM6MDY6DQogICAgICAgICA0MDphYjo0YTo5YjpkNzo4MjoxMzo4Njo0ZDowYTphNDpkNjowNjpmOTo4Nzo2Nzo4YjpkNzoNCiAgICAgICAgIGM5OjBmOmFmOmQ0OmVkOjYxOjUwOmQ3OmFhOmJkOjhmOjEwOjcyOjU4OjNjOmJhOjk4OmZmOg0KICAgICAgICAgNzk6NzE6NmM6MTA6ZDE6NDY6NWU6Zjc6MDI6N2I6MDY6NWQ6NGE6YTM6Njg6Yjk6ZmY6MWY6DQogICAgICAgICA0Yjo3ZTpiNjo1MTozZjowYzo4OTphNzpmYTpmMzpiNDphOTo3ZDoxMDpkMzpkMjpmNTpiZjoNCiAgICAgICAgIGE0OmZhOmM2OmY2Ojg5OjE2OjY4OmI3OjBiOjg0Ojg4OmYxOmI3Ojk0OjMxOmMwOmM3OjU0Og0KICAgICAgICAgMjg6ZWY6MWM6MWI6NjM6YzQ6MWQ6MmY6MTE6ZTQ6ODE6NzY6Y2U6Zjk6OTE6NGQ6ODI6MDc6DQogICAgICAgICBiZjoxODpjNjoxZTo2NjphNjpjNjo3MDpjMzpmZTpiMzo5MDozNTo1OTpkZjoyZDo4ZjowZToNCiAgICAgICAgIDgyOjg0OjU0OjJmOmZmOjZlOjNkOjdkOjZlOmM2OjJlOmEwOjc3OjlmOmMyOjI5OmNjOjg3Og0KICAgICAgICAgN2U6NjY6ZTQ6Y2Q6YTE6MzU6NjU6OGM6Mjg6OTQ6MWE6NzI6Njg6ZDY6N2I6ZmQ6YjQ6NWM6DQogICAgICAgICA5NDplNDo1MTowMzo1ZTo1ODo0NzozNjplYjplNjo0MDpkMzoyMDpkNjowOTozZTo3Njo2NToNCiAgICAgICAgIGM3OmU0OjZmOjQxOjE1OmRlOjEzOmEzOmJhOmZmOjA3OmVlOjM3OmZmOmVhOmZkOjk2OjhkOg0KICAgICAgICAgZjg6NjI6MDA6Zjk6MmM6YjA6ZGE6ZmQ6NDg6OWE6ZmI6NmM6YTc6NGM6NDM6MjE6MGY6ODU6DQogICAgICAgICAyYTplMjo0ZjpjZjpkYzo4ODoxNDo3ZjpkYjo1OTpmZjoxMzoxYToyNjo0MDo3ZDpkZTpkZDoNCiAgICAgICAgIDBmOjU5OjAyOjliOmRjOjIwOjkxOjFhOjQwOjU0OjA5OjUxOjNlOjQ0OmNmOmZiOmU5Ojk1Og0KICAgICAgICAgMDI6ZGQ6YjA6MDY6MzA6MDI6NGY6MjM6Y2E6OTA6MjM6Nzk6ZjA6Mzk6Mzg6NmI6N2U6OWM6DQogICAgICAgICA1MjplNTphODo3Mjo2MjpkZTo2Yzo1Nzo4Yzo2NToxNjpmYzpjZTpiYzo2MTphMTo4NTo2NToNCiAgICAgICAgIGRkOmIxOmY5OmM5Ojk1OmUyOmE4OmM2OmI0OjZjOjU4Ojg5OmEyOjNiOjc4OjFiOjQ3OjhmOg0KICAgICAgICAgZjY6Y2I6ZmQ6MTE6YmQ6N2M6MWU6OGU6YTI6ZmY6MTk6Njg6MTA6NzE6MGM6MzY6NjM6MTA6DQogICAgICAgICBmMjoyMTo4YTozODowYTowODphODpjMzo4OTpmNjo5Njo1MTo4NzplZjo0NzpmZDo1YzplMzoNCiAgICAgICAgIDQ4OmNiOjJhOmE5OjExOmEzOmRmOjdmOmIxOjI3OmFlOmM4OmQwOjEwOmI2OjMzOjY0OmRiOg0KICAgICAgICAgMmI6NDU6ZjA6NWE6MzY6MTc6NjI6MTY6MDM6YWY6MWU6YjA6YjE6OWY6ZTI6OTE6ZWY6Njc6DQogICAgICAgICBlMTpiODpmZDo4MDo0ODozZDozODpmYTpiZDpiYjo4NzowNDpkMToyZTphYjo0MjpiNzo3MDoNCiAgICAgICAgIDA2OjI4OjA3OmE3OjJiOjYwOjA2OmRjOjM3OmI5OjIwOjdmOjI2OjNkOjMyOmUyOjRmOjNlOg0KICAgICAgICAgNTY6NTE6MzU6Yjk6NmE6NTY6Yjk6NjA6ZWQ6OTg6OTc6MzU6NDM6ZTM6MTA6MjQ6NjY6Mzk6DQogICAgICAgICBkODo2ZDo0ZTo1MTpkODo4Mzo1ODoyYjo2NDo2MTo3NTo0ZDplNjowOTphMDoyODpkOToyMjoNCiAgICAgICAgIGIwOmY4OjM0OjM5OjYwOmEyOjNhOmYxOmYwOjY0OmJmOjVlOjYyOjQ0OjcyOjc1OjU1OjRmOg0KICAgICAgICAgZWE6NmI6YjE6MjY6Y2U6NWQ6YjQ6MDUNCi0tLS0tQkVHSU4gQ0VSVElGSUNBVEUtLS0tLQ0KTUlJRlZEQ0NBenlnQXdJQkFnSVFmcG44ZG5HbHRMa3hJTkhpUTQ2VVhqQU5CZ2txaGtpRzl3MEJBUXNGQURCRQ0KTVFzd0NRWURWUVFHRXdKVVF6RWpNQ0VHQTFVRUNnd2FWR2hwY21RZ1EyOTFiblJ5ZVNCUlZGTlFJRU52YlhCaA0KYm5reEVEQU9CZ05WQkFNTUIxSnZiM1FnUTBFd0hoY05NakF3TlRFNE1UZzBOVFF3V2hjTk16QXdOVEUyTVRnMA0KTlRRd1dqQkVNUXN3Q1FZRFZRUUdFd0pVUXpFak1DRUdBMVVFQ2d3YVZHaHBjbVFnUTI5MWJuUnllU0JSVkZOUQ0KSUVOdmJYQmhibmt4RURBT0JnTlZCQU1NQjFKdmIzUWdRMEV3Z2dJaU1BMEdDU3FHU0liM0RRRUJBUVVBQTRJQw0KRHdBd2dnSUtBb0lDQVFDdXkvU01sV0dmVFducmI1ZTJmRFZ2eCtQandwb1ZacWMvU0o2aG96RmxMNWF4VWcxaQ0KTmpTcHBoNkQxVk1ZS3F2NWduR1JrZ1EzQm8yNnV1TUVTUDBXRzdaTUE3Wk1uVGFFbDBXeEhHb2N3QWxsN0Zpdg0KUU55UW1DTnhVQjI1TWVHVXRCRTlmNXlxQ3RKOUE1Y0RrQ2xPNDFmMWRuY01YZUZ4RGpaZGtsenY0TG1NUC8yMw0KMUlSeTdXbnBUVW9UaGNRekl0V0FzS2xTSVhIZDFhR3Jsd1EvVTN6TnhaTWE4T3NmaUpYQVRMTGk0U1pkZlR3ZQ0Kd05XT1dQTGdGWWRLL0VOYml3a0pCZkhIT3Vld2FaR1E3SUxkdkdkdlFWSDA3S3V1Q2dZMmd3T01PVHZ0eklOMw0KVWN2WnprYVQ4NFFjUjkydk02OHFkUjZKRlRQRUtXUG1uMDgwMTBSUFczbE1pTGVaVWtqQXZkL3lQTjBtUGJqRg0KTzFwOHhEcldneGtVQzhodlhCYTdGRlpXRGoySEI0QTVoL3F2b3RkVktYd1prT3FrbWxlMTRFbmdtZEptdXNPcw0KTnVqNzhTOC9lZXR6RXZwSEJxdDFWNFpLcTZzaXJjSDZxa01UaGlDRkVYWHIzblQvU3BBRVluY1lYODJGNVZoVw0KSmt2RjFqTTlnQnMxOExRUXg2SE9HVVVpRWlreW5TcDRYK0NzdFJIM0pnNkRwM1FlSk9xT3JMTE9VNU9SdGNRNg0KNkNFUjhnYmtlTmJxQlplcUtKRFZlZ1YrMDJHdVlvZFJLMk9admpWUzdqM3VwOVc0RUJ4K3ZVbTJSeXNucFNHVw0KSW9GdkJ5U1JndUVNRWZGdk9FWUpJMUdKVCtOT3hDVUxTVjZRZ1lKRXBjWnRsa1RDVnZGdnVGNnpsd0lEQVFBQg0KbzBJd1FEQVBCZ05WSFJNQkFmOEVCVEFEQVFIL01BNEdBMVVkRHdFQi93UUVBd0lCQmpBZEJnTlZIUTRFRmdRVQ0KZEdUSWxkUmR4UDRoZElxUktvT2Q5Q2t6U2Nnd0RRWUpLb1pJaHZjTkFRRUxCUUFEZ2dJQkFCLy9FcDRNalo4QQ0KVDJVaThKcjYxTng4MmVFdjJlL3ZvaHJ4WXZZbllPMm5adDFNQmtDclNwdlhnaE9HVFFxazFnYjVoMmVMMThrUA0KcjlUdFlWRFhxcjJQRUhKWVBMcVkvM2x4YkJEUlJsNzNBbnNHWFVxamFMbi9IMHQrdGxFL0RJbW4rdk8wcVgwUQ0KMDlMMXY2VDZ4dmFKRm1pM0M0U0k4YmVVTWNESFZDanZIQnRqeEIwdkVlU0Jkczc1a1UyQ0I3OFl4aDVtcHNadw0Kdy82emtEVlozeTJQRG9LRVZDLy9iajE5YnNZdW9IZWZ3aW5NaDM1bTVNMmhOV1dNS0pRYWNtaldlLzIwWEpUaw0KVVFOZVdFYzI2K1pBMHlEV0NUNTJaY2ZrYjBFVjNoT2p1djhIN2pmLzZ2MldqZmhpQVBrc3NOcjlTSnI3YktkTQ0KUXlFUGhTcmlUOC9jaUJSLzIxbi9FeG9tUUgzZTNROVpBcHZjSUpFYVFGUUpVVDVFei92cGxRTGRzQVl3QWs4ag0KeXBBamVmQTVPR3QrbkZMbHFISmkzbXhYakdVVy9NNjhZYUdGWmQyeCtjbVY0cWpHdEd4WWlhSTdlQnRIai9iTA0KL1JHOWZCNk9vdjhaYUJCeEREWmpFUEloaWpnS0NLakRpZmFXVVlmdlIvMWM0MGpMS3FrUm85OS9zU2V1eU5BUQ0KdGpOazJ5dEY4Rm8yRjJJV0E2OGVzTEdmNHBIdlorRzQvWUJJUFRqNnZidUhCTkV1cTBLM2NBWW9CNmNyWUFiYw0KTjdrZ2Z5WTlNdUpQUGxaUk5ibHFWcmxnN1ppWE5VUGpFQ1JtT2RodFRsSFlnMWdyWkdGMVRlWUpvQ2paSXJENA0KTkRsZ29qcng4R1MvWG1KRWNuVlZUK3Byc1NiT1hiUUYNCi0tLS0tRU5EIENFUlRJRklDQVRFLS0tLS0NCg==
11:41:14.437 [main] DEBUG eu.europa.esig.dss.spi.x509.aia.DefaultAIASource - 1 certificate(s) loaded from 'http://18.202.217.18/res/caqctsp/root-ca_tc.crt'
11:41:14.441 [main] WARN eu.europa.esig.dss.validation.SignatureValidationContext - No revocation found for the certificate C-2D118BBC9E0B98D6AD07BB9D44CFC424467B8E2D83A2E04661E9A620DAA062FC
11:41:14.441 [main] WARN eu.europa.esig.dss.validation.SignatureValidationContext - No revocation found for the certificate C-9E0CF61CF38440777296CD8DE3E5FE960BCAB9731DB240E5DFE826A606795F70
11:41:14.442 [main] DEBUG eu.europa.esig.dss.validation.SignatureValidationContext - Revocation data is not required for certificate : C-4FD76679A5982110B760AD5B1B6BB4EF951CE226C4F44520F209E56049545CC8
11:41:14.442 [main] WARN eu.europa.esig.dss.validation.DiagnosticDataBuilder - Provided CertificateSource configuration contains none of trusted sources of type TRUSTED_STORE or TRUSTED_LIST!
11:41:14.455 [main] WARN eu.europa.esig.dss.spi.x509.TokenIssuerSelector - No issuer found for the token creation date. The process continues with an issuer which has the same public key.
11:41:14.455 [main] WARN eu.europa.esig.dss.detailedreport.DetailedReportMessageCollector - The validation at time 'CERTIFICATE_ISSUANCE_TIME' is not found or not performed!
11:41:14.455 [main] WARN eu.europa.esig.dss.detailedreport.DetailedReportMessageCollector - The validation at time 'CERTIFICATE_ISSUANCE_TIME' is not found or not performed!
11:41:14.455 [main] WARN eu.europa.esig.dss.detailedreport.DetailedReportMessageCollector - The validation at time 'CERTIFICATE_ISSUANCE_TIME' is not found or not performed!
11:41:14.455 [main] WARN eu.europa.esig.dss.detailedreport.DetailedReportMessageCollector - The validation at time 'VALIDATION_TIME' is not found or not performed!
11:41:14.455 [main] WARN eu.europa.esig.dss.detailedreport.DetailedReportMessageCollector - The validation at time 'VALIDATION_TIME' is not found or not performed!
11:41:14.455 [main] WARN eu.europa.esig.dss.detailedreport.DetailedReportMessageCollector - The validation at time 'VALIDATION_TIME' is not found or not performed!
]]></system-out>
  </testcase>
  <testcase name="test(File)[16]" classname="eu.europa.esig.dss.validation.CertificateUnmarshallingTest" time="0.106">
    <system-out><![CDATA[11:41:14.592 [main] INFO eu.europa.esig.dss.validation.CommonCertificateVerifier - + New CommonCertificateVerifier created.
11:41:14.604 [main] INFO eu.europa.esig.dss.validation.CommonCertificateVerifier - + New CommonCertificateVerifier created.
11:41:14.606 [main] INFO eu.europa.esig.dss.validation.AIACertificateSource - Retrieving C-01EAF9D4E31283FA3AB7B01F13087B7CA44141D8B89B6494A71477A1EB4EC264 certificate's issuer using AIA.
11:41:14.606 [main] INFO eu.europa.esig.dss.spi.x509.aia.DefaultAIASource - There is no AIA extension for certificate download.
11:41:14.606 [main] WARN eu.europa.esig.dss.validation.SignatureValidationContext - Issuer not found for certificate C-01EAF9D4E31283FA3AB7B01F13087B7CA44141D8B89B6494A71477A1EB4EC264
11:41:14.606 [main] WARN eu.europa.esig.dss.validation.DiagnosticDataBuilder - Provided CertificateSource configuration contains none of trusted sources of type TRUSTED_STORE or TRUSTED_LIST!
11:41:14.612 [main] WARN eu.europa.esig.dss.detailedreport.DetailedReportMessageCollector - The validation at time 'CERTIFICATE_ISSUANCE_TIME' is not found or not performed!
11:41:14.612 [main] WARN eu.europa.esig.dss.detailedreport.DetailedReportMessageCollector - The validation at time 'CERTIFICATE_ISSUANCE_TIME' is not found or not performed!
11:41:14.613 [main] WARN eu.europa.esig.dss.detailedreport.DetailedReportMessageCollector - The validation at time 'CERTIFICATE_ISSUANCE_TIME' is not found or not performed!
11:41:14.613 [main] WARN eu.europa.esig.dss.detailedreport.DetailedReportMessageCollector - The validation at time 'VALIDATION_TIME' is not found or not performed!
11:41:14.613 [main] WARN eu.europa.esig.dss.detailedreport.DetailedReportMessageCollector - The validation at time 'VALIDATION_TIME' is not found or not performed!
11:41:14.613 [main] WARN eu.europa.esig.dss.detailedreport.DetailedReportMessageCollector - The validation at time 'VALIDATION_TIME' is not found or not performed!
]]></system-out>
  </testcase>
  <testcase name="test(File)[17]" classname="eu.europa.esig.dss.validation.CertificateUnmarshallingTest" time="0.235">
    <system-out><![CDATA[11:41:14.707 [main] INFO eu.europa.esig.dss.validation.CommonCertificateVerifier - + New CommonCertificateVerifier created.
11:41:14.721 [main] INFO eu.europa.esig.dss.validation.CommonCertificateVerifier - + New CommonCertificateVerifier created.
11:41:14.721 [main] INFO eu.europa.esig.dss.validation.AIACertificateSource - Retrieving C-8EF8F2565BE30E7CE7BA6302BB18B42A3ACD148A0DDB4779E4C03E862F39589B certificate's issuer using AIA.
11:41:14.721 [main] DEBUG eu.europa.esig.dss.spi.x509.aia.DefaultAIASource - Loading certificate(s) from 'http://crt.usertrust.com/UTNAddTrustObject_CA.crt'.
11:41:14.847 [main] DEBUG eu.europa.esig.dss.spi.x509.aia.DefaultAIASource - Base64 content : MIIEhDCCA2ygAwIBAgIQQhrylAmEGR9SCkvGJCanSzANBgkqhkiG9w0BAQUFADBvMQswCQYDVQQGEwJTRTEUMBIGA1UEChMLQWRkVHJ1c3QgQUIxJjAkBgNVBAsTHUFkZFRydXN0IEV4dGVybmFsIFRUUCBOZXR3b3JrMSIwIAYDVQQDExlBZGRUcnVzdCBFeHRlcm5hbCBDQSBSb290MB4XDTA1MDYwNzA4MDkxMFoXDTIwMDUzMDEwNDgzOFowgZUxCzAJBgNVBAYTAlVTMQswCQYDVQQIEwJVVDEXMBUGA1UEBxMOU2FsdCBMYWtlIENpdHkxHjAcBgNVBAoTFVRoZSBVU0VSVFJVU1QgTmV0d29yazEhMB8GA1UECxMYaHR0cDovL3d3dy51c2VydHJ1c3QuY29tMR0wGwYDVQQDExRVVE4tVVNFUkZpcnN0LU9iamVjdDCCASIwDQYJKoZIhvcNAQEBBQADggEPADCCAQoCggEBAM6qgT+jo2F4qjEAVZURnicPHxzfOpuCaDDASmEd8S8O+r5596Uj71VRloTN2+O5bj4x2AogZ8f02b+U60cEPgLOKqJdhwQJ9jCdGIqXsqoc/EHSoTbL+z2RuufZcDX65OeQw5ujm9M89RKZd7G3CeBo5hy485RjiGpq/gt2yb70IuRnuasaXnfBhQfdDWy/7gbHd2pBnqcP1/vulBe3/IW+pKvEHDHd17bR5PDv3xaPslKT16HUiaEHLr/hARJCHhrh2JU022R5KP+6LhHC5ehbkkj7RwvCbNqtMoNB86XlQXD9ZZBt+vpRxPm9lisZBCzTbafc8H9vg2XiaquHhnUCAwEAAaOB9DCB8TAfBgNVHSMEGDAWgBStvZh6NLQm9/rEJlTvA73gJMtUGjAdBgNVHQ4EFgQU2u1kdBScFDyr3ZmpvVsoTYs8ydgwDgYDVR0PAQH/BAQDAgEGMA8GA1UdEwEB/wQFMAMBAf8wEQYDVR0gBAowCDAGBgRVHSAAMEQGA1UdHwQ9MDswOaA3oDWGM2h0dHA6Ly9jcmwudXNlcnRydXN0LmNvbS9BZGRUcnVzdEV4dGVybmFsQ0FSb290LmNybDA1BggrBgEFBQcBAQQpMCcwJQYIKwYBBQUHMAGGGWh0dHA6Ly9vY3NwLnVzZXJ0cnVzdC5jb20wDQYJKoZIhvcNAQEFBQADggEBAE1CL6bBiusHgJBYRoz4GTlmKjxaLG3P1NmHVY15CxKIe0CP1cf4S41VFmOtt1fcOyu908FPHgOHS0Sb4+JARSbzJkkraoTxVHrUQtr802q7Zn7Knurpu9wHx8OSToM8gUmfktUyCepJLqERcZo20sVOaLbLDhslFq9s3l122B9ysZMmhhfbGN6vRenf+5ivFBjtpF72iZRF8FUESt3/J90GSkD2tLzx5A+ZArv9XQ4uKMG+O18aP5cQhLwWPtijnGMdZstcX9o+8w8KCTUi29vAPwD55g1dZ9H9oB4DK9lA977Mh2ZUgKajuPUZYtXSJrGYJu6ay0SnRVqBlRUa9VE=
11:41:14.858 [main] DEBUG eu.europa.esig.dss.spi.x509.aia.DefaultAIASource - 1 certificate(s) loaded from 'http://crt.usertrust.com/UTNAddTrustObject_CA.crt'
11:41:14.860 [main] INFO eu.europa.esig.dss.validation.AIACertificateSource - Retrieving C-2CF1EC6AB594113BD538DF6D5C940E3319B424F8756D975888072C6AB558B771 certificate's issuer using AIA.
11:41:14.861 [main] INFO eu.europa.esig.dss.spi.x509.aia.DefaultAIASource - There is no AIA extension for certificate download.
11:41:14.861 [main] WARN eu.europa.esig.dss.validation.SignatureValidationContext - No revocation found for the certificate C-8EF8F2565BE30E7CE7BA6302BB18B42A3ACD148A0DDB4779E4C03E862F39589B
11:41:14.865 [main] WARN eu.europa.esig.dss.validation.SignatureValidationContext - Issuer not found for certificate C-2CF1EC6AB594113BD538DF6D5C940E3319B424F8756D975888072C6AB558B771
11:41:14.866 [main] WARN eu.europa.esig.dss.validation.DiagnosticDataBuilder - Provided CertificateSource configuration contains none of trusted sources of type TRUSTED_STORE or TRUSTED_LIST!
11:41:14.869 [main] WARN eu.europa.esig.dss.detailedreport.DetailedReportMessageCollector - The validation at time 'CERTIFICATE_ISSUANCE_TIME' is not found or not performed!
11:41:14.869 [main] WARN eu.europa.esig.dss.detailedreport.DetailedReportMessageCollector - The validation at time 'CERTIFICATE_ISSUANCE_TIME' is not found or not performed!
11:41:14.869 [main] WARN eu.europa.esig.dss.detailedreport.DetailedReportMessageCollector - The validation at time 'CERTIFICATE_ISSUANCE_TIME' is not found or not performed!
11:41:14.869 [main] WARN eu.europa.esig.dss.detailedreport.DetailedReportMessageCollector - The validation at time 'VALIDATION_TIME' is not found or not performed!
11:41:14.869 [main] WARN eu.europa.esig.dss.detailedreport.DetailedReportMessageCollector - The validation at time 'VALIDATION_TIME' is not found or not performed!
11:41:14.869 [main] WARN eu.europa.esig.dss.detailedreport.DetailedReportMessageCollector - The validation at time 'VALIDATION_TIME' is not found or not performed!
]]></system-out>
  </testcase>
  <testcase name="test(File)[18]" classname="eu.europa.esig.dss.validation.CertificateUnmarshallingTest" time="0.226">
    <system-out><![CDATA[11:41:14.938 [main] INFO eu.europa.esig.dss.validation.CommonCertificateVerifier - + New CommonCertificateVerifier created.
11:41:14.951 [main] INFO eu.europa.esig.dss.validation.CommonCertificateVerifier - + New CommonCertificateVerifier created.
11:41:14.952 [main] INFO eu.europa.esig.dss.validation.AIACertificateSource - Retrieving C-B574D1FDD84C28E13C68B8C27DB12CF8A8B392BE4F40A809E0CFD45A6543FB25 certificate's issuer using AIA.
11:41:14.952 [main] DEBUG eu.europa.esig.dss.spi.x509.aia.DefaultAIASource - Loading certificate(s) from 'http://crt.comodoca.com/COMODOCodeSigningCA2.crt'.
11:41:15.033 [main] DEBUG eu.europa.esig.dss.spi.x509.aia.DefaultAIASource - Base64 content : MIIE5zCCA8+gAwIBAgIQEHCdT/VUCNcwYAHY6pF1uzANBgkqhkiG9w0BAQUFADCBlTELMAkGA1UEBhMCVVMxCzAJBgNVBAgTAlVUMRcwFQYDVQQHEw5TYWx0IExha2UgQ2l0eTEeMBwGA1UEChMVVGhlIFVTRVJUUlVTVCBOZXR3b3JrMSEwHwYDVQQLExhodHRwOi8vd3d3LnVzZXJ0cnVzdC5jb20xHTAbBgNVBAMTFFVUTi1VU0VSRmlyc3QtT2JqZWN0MB4XDTExMDgyNDAwMDAwMFoXDTIwMDUzMDEwNDgzOFowezELMAkGA1UEBhMCR0IxGzAZBgNVBAgTEkdyZWF0ZXIgTWFuY2hlc3RlcjEQMA4GA1UEBxMHU2FsZm9yZDEaMBgGA1UEChMRQ09NT0RPIENBIExpbWl0ZWQxITAfBgNVBAMTGENPTU9ETyBDb2RlIFNpZ25pbmcgQ0EgMjCCASIwDQYJKoZIhvcNAQEBBQADggEPADCCAQoCggEBAMv456fo8ZcoQGiAN9LIP46SipI3h0eA6kyZz275FUe97nX0RKzQw9RN9xnA0zxNwUe5WWUWk4zZCoSbn+j2amNY/l/c0X9LUZ8AHACHVCAHV6CCyS+YrzOKu3uAIiVqbK/CLGx5E72jKkjWtY5hVelr6D2AvxQDhRiOfkzpwhmIc5Jyzfr/UE3LLKZ7GnOxAJAs2TLi+/2slUI27DTFE1NossGfQJ/ae8idYmyTokLXeZ+XTzFbUCGhq6/ZHLLOdb5bLFYAJI0RwXUf8P7Slf7w4TEjGGfAWxP9WpiUlP//WQIfAKzm8fL6OnOzHUL8VHXPUTEv49uB2XcjKk9ZziMCAwEAAaOCAUowggFGMB8GA1UdIwQYMBaAFNrtZHQUnBQ8q92Zqb1bKE2LPMnYMB0GA1UdDgQWBBQexbEsfYfaAmh8JbwMB4Q/ts/e8TAOBgNVHQ8BAf8EBAMCAQYwEgYDVR0TAQH/BAgwBgEB/wIBADATBgNVHSUEDDAKBggrBgEFBQcDAzARBgNVHSAECjAIMAYGBFUdIAAwQgYDVR0fBDswOTA3oDWgM4YxaHR0cDovL2NybC51c2VydHJ1c3QuY29tL1VUTi1VU0VSRmlyc3QtT2JqZWN0LmNybDB0BggrBgEFBQcBAQRoMGYwPQYIKwYBBQUHMAKGMWh0dHA6Ly9jcnQudXNlcnRydXN0LmNvbS9VVE5BZGRUcnVzdE9iamVjdF9DQS5jcnQwJQYIKwYBBQUHMAGGGWh0dHA6Ly9vY3NwLnVzZXJ0cnVzdC5jb20wDQYJKoZIhvcNAQEFBQADggEBAJWJd5NoAV582S03B5BdWkJeDGS0NrUP9qvVOSfeIkakSRxmS0YZWS55SQP2nJLfbVA1XAyRLmADWdDxZPdpCfZ+/us0s22xv2aco7oxeLmHNWE9kjEb7/TontasRfoMNjyAZ7u97y7CkOE9cS87wbBYfkXDUnEDB/bzOU2LNiEbAd/Z2l4r6w6XgB5EHFCI9cYSM0qoTaWNL5QMe8a/mizDMs29jCcm8OEwA1AGgrz0O7ODdQbG77ru04D4Usasy3nyOJ57sJJYQpEFyJYhrblLFoEUafE3sP4099yw35f1QxCbdo+0ZfXonxO3HqxvxGmKX7o8YX5eSYYjEy6vFUg=
11:41:15.034 [main] DEBUG eu.europa.esig.dss.spi.x509.aia.DefaultAIASource - 1 certificate(s) loaded from 'http://crt.comodoca.com/COMODOCodeSigningCA2.crt'
11:41:15.036 [main] INFO eu.europa.esig.dss.validation.AIACertificateSource - Retrieving C-8EF8F2565BE30E7CE7BA6302BB18B42A3ACD148A0DDB4779E4C03E862F39589B certificate's issuer using AIA.
11:41:15.036 [main] DEBUG eu.europa.esig.dss.spi.x509.aia.DefaultAIASource - Loading certificate(s) from 'http://crt.usertrust.com/UTNAddTrustObject_CA.crt'.
11:41:15.071 [main] DEBUG eu.europa.esig.dss.spi.x509.aia.DefaultAIASource - Base64 content : MIIEhDCCA2ygAwIBAgIQQhrylAmEGR9SCkvGJCanSzANBgkqhkiG9w0BAQUFADBvMQswCQYDVQQGEwJTRTEUMBIGA1UEChMLQWRkVHJ1c3QgQUIxJjAkBgNVBAsTHUFkZFRydXN0IEV4dGVybmFsIFRUUCBOZXR3b3JrMSIwIAYDVQQDExlBZGRUcnVzdCBFeHRlcm5hbCBDQSBSb290MB4XDTA1MDYwNzA4MDkxMFoXDTIwMDUzMDEwNDgzOFowgZUxCzAJBgNVBAYTAlVTMQswCQYDVQQIEwJVVDEXMBUGA1UEBxMOU2FsdCBMYWtlIENpdHkxHjAcBgNVBAoTFVRoZSBVU0VSVFJVU1QgTmV0d29yazEhMB8GA1UECxMYaHR0cDovL3d3dy51c2VydHJ1c3QuY29tMR0wGwYDVQQDExRVVE4tVVNFUkZpcnN0LU9iamVjdDCCASIwDQYJKoZIhvcNAQEBBQADggEPADCCAQoCggEBAM6qgT+jo2F4qjEAVZURnicPHxzfOpuCaDDASmEd8S8O+r5596Uj71VRloTN2+O5bj4x2AogZ8f02b+U60cEPgLOKqJdhwQJ9jCdGIqXsqoc/EHSoTbL+z2RuufZcDX65OeQw5ujm9M89RKZd7G3CeBo5hy485RjiGpq/gt2yb70IuRnuasaXnfBhQfdDWy/7gbHd2pBnqcP1/vulBe3/IW+pKvEHDHd17bR5PDv3xaPslKT16HUiaEHLr/hARJCHhrh2JU022R5KP+6LhHC5ehbkkj7RwvCbNqtMoNB86XlQXD9ZZBt+vpRxPm9lisZBCzTbafc8H9vg2XiaquHhnUCAwEAAaOB9DCB8TAfBgNVHSMEGDAWgBStvZh6NLQm9/rEJlTvA73gJMtUGjAdBgNVHQ4EFgQU2u1kdBScFDyr3ZmpvVsoTYs8ydgwDgYDVR0PAQH/BAQDAgEGMA8GA1UdEwEB/wQFMAMBAf8wEQYDVR0gBAowCDAGBgRVHSAAMEQGA1UdHwQ9MDswOaA3oDWGM2h0dHA6Ly9jcmwudXNlcnRydXN0LmNvbS9BZGRUcnVzdEV4dGVybmFsQ0FSb290LmNybDA1BggrBgEFBQcBAQQpMCcwJQYIKwYBBQUHMAGGGWh0dHA6Ly9vY3NwLnVzZXJ0cnVzdC5jb20wDQYJKoZIhvcNAQEFBQADggEBAE1CL6bBiusHgJBYRoz4GTlmKjxaLG3P1NmHVY15CxKIe0CP1cf4S41VFmOtt1fcOyu908FPHgOHS0Sb4+JARSbzJkkraoTxVHrUQtr802q7Zn7Knurpu9wHx8OSToM8gUmfktUyCepJLqERcZo20sVOaLbLDhslFq9s3l122B9ysZMmhhfbGN6vRenf+5ivFBjtpF72iZRF8FUESt3/J90GSkD2tLzx5A+ZArv9XQ4uKMG+O18aP5cQhLwWPtijnGMdZstcX9o+8w8KCTUi29vAPwD55g1dZ9H9oB4DK9lA977Mh2ZUgKajuPUZYtXSJrGYJu6ay0SnRVqBlRUa9VE=
11:41:15.071 [main] DEBUG eu.europa.esig.dss.spi.x509.aia.DefaultAIASource - 1 certificate(s) loaded from 'http://crt.usertrust.com/UTNAddTrustObject_CA.crt'
11:41:15.073 [main] INFO eu.europa.esig.dss.validation.AIACertificateSource - Retrieving C-2CF1EC6AB594113BD538DF6D5C940E3319B424F8756D975888072C6AB558B771 certificate's issuer using AIA.
11:41:15.074 [main] INFO eu.europa.esig.dss.spi.x509.aia.DefaultAIASource - There is no AIA extension for certificate download.
11:41:15.074 [main] WARN eu.europa.esig.dss.validation.SignatureValidationContext - No revocation found for the certificate C-B574D1FDD84C28E13C68B8C27DB12CF8A8B392BE4F40A809E0CFD45A6543FB25
11:41:15.076 [main] WARN eu.europa.esig.dss.validation.SignatureValidationContext - Issuer not found for certificate C-2CF1EC6AB594113BD538DF6D5C940E3319B424F8756D975888072C6AB558B771
11:41:15.078 [main] WARN eu.europa.esig.dss.validation.SignatureValidationContext - No revocation found for the certificate C-8EF8F2565BE30E7CE7BA6302BB18B42A3ACD148A0DDB4779E4C03E862F39589B
11:41:15.078 [main] WARN eu.europa.esig.dss.validation.DiagnosticDataBuilder - Provided CertificateSource configuration contains none of trusted sources of type TRUSTED_STORE or TRUSTED_LIST!
11:41:15.083 [main] DEBUG eu.europa.esig.dss.spi.CertificateExtensionsUtils - Unknown non-critical CertificateExtension with OID : '2.16.840.1.113730.1.1'
11:41:15.084 [main] WARN eu.europa.esig.dss.detailedreport.DetailedReportMessageCollector - The validation at time 'CERTIFICATE_ISSUANCE_TIME' is not found or not performed!
11:41:15.084 [main] WARN eu.europa.esig.dss.detailedreport.DetailedReportMessageCollector - The validation at time 'CERTIFICATE_ISSUANCE_TIME' is not found or not performed!
11:41:15.084 [main] WARN eu.europa.esig.dss.detailedreport.DetailedReportMessageCollector - The validation at time 'CERTIFICATE_ISSUANCE_TIME' is not found or not performed!
11:41:15.084 [main] WARN eu.europa.esig.dss.detailedreport.DetailedReportMessageCollector - The validation at time 'VALIDATION_TIME' is not found or not performed!
11:41:15.084 [main] WARN eu.europa.esig.dss.detailedreport.DetailedReportMessageCollector - The validation at time 'VALIDATION_TIME' is not found or not performed!
11:41:15.084 [main] WARN eu.europa.esig.dss.detailedreport.DetailedReportMessageCollector - The validation at time 'VALIDATION_TIME' is not found or not performed!
]]></system-out>
  </testcase>
  <testcase name="test(File)[19]" classname="eu.europa.esig.dss.validation.CertificateUnmarshallingTest" time="0.104">
    <system-out><![CDATA[11:41:15.156 [main] INFO eu.europa.esig.dss.validation.CommonCertificateVerifier - + New CommonCertificateVerifier created.
11:41:15.172 [main] INFO eu.europa.esig.dss.validation.CommonCertificateVerifier - + New CommonCertificateVerifier created.
11:41:15.173 [main] INFO eu.europa.esig.dss.validation.AIACertificateSource - Retrieving C-58274A05DF0D47E7A0B39D72B0B3A2649807F96F9199539E231A3F49CCA08C54 certificate's issuer using AIA.
11:41:15.173 [main] INFO eu.europa.esig.dss.spi.x509.aia.DefaultAIASource - There is no AIA extension for certificate download.
11:41:15.173 [main] WARN eu.europa.esig.dss.validation.SignatureValidationContext - Issuer not found for certificate C-58274A05DF0D47E7A0B39D72B0B3A2649807F96F9199539E231A3F49CCA08C54
11:41:15.173 [main] WARN eu.europa.esig.dss.validation.DiagnosticDataBuilder - Provided CertificateSource configuration contains none of trusted sources of type TRUSTED_STORE or TRUSTED_LIST!
11:41:15.174 [main] WARN eu.europa.esig.dss.detailedreport.DetailedReportMessageCollector - The validation at time 'CERTIFICATE_ISSUANCE_TIME' is not found or not performed!
11:41:15.175 [main] WARN eu.europa.esig.dss.detailedreport.DetailedReportMessageCollector - The validation at time 'CERTIFICATE_ISSUANCE_TIME' is not found or not performed!
11:41:15.175 [main] WARN eu.europa.esig.dss.detailedreport.DetailedReportMessageCollector - The validation at time 'CERTIFICATE_ISSUANCE_TIME' is not found or not performed!
11:41:15.175 [main] WARN eu.europa.esig.dss.detailedreport.DetailedReportMessageCollector - The validation at time 'VALIDATION_TIME' is not found or not performed!
11:41:15.175 [main] WARN eu.europa.esig.dss.detailedreport.DetailedReportMessageCollector - The validation at time 'VALIDATION_TIME' is not found or not performed!
11:41:15.175 [main] WARN eu.europa.esig.dss.detailedreport.DetailedReportMessageCollector - The validation at time 'VALIDATION_TIME' is not found or not performed!
]]></system-out>
  </testcase>
</testsuite>