<?xml version="1.0" encoding="UTF-8"?>
<testsuite xmlns:xsi="http://www.w3.org/2001/XMLSchema-instance" xsi:noNamespaceSchemaLocation="https://maven.apache.org/surefire/maven-surefire-plugin/xsd/surefire-test-report-3.0.xsd" version="3.0" name="eu.europa.esig.dss.validation.RevocationDataVerifierTest" time="0.816" tests="8" errors="0" skipped="0" failures="0">
  <properties>
    <property name="java.specification.version" value="19"/>
    <property name="sun.cpu.isalist" value="amd64"/>
    <property name="sun.jnu.encoding" value="Cp1252"/>
    <property name="java.class.path" value="C:\Users\amadoria\Documents\Projects\HAPKIDO\WP4\dss-fork\dss-document\target\test-classes;C:\Users\amadoria\Documents\Projects\HAPKIDO\WP4\dss-fork\dss-document\target\classes;C:\Users\amadoria\Documents\Projects\HAPKIDO\WP4\dss-fork\dss-spi\target\dss-spi-5.12.RC1.jar;C:\Users\amadoria\Documents\Projects\HAPKIDO\WP4\dss-fork\dss-model\target\dss-model-5.12.RC1.jar;C:\Users\amadoria\Documents\Projects\HAPKIDO\WP4\dss-fork\dss-enumerations\target\dss-enumerations-5.12.RC1.jar;C:\Users\amadoria\Documents\Projects\HAPKIDO\WP4\dss-fork\dss-utils\target\dss-utils-5.12.RC1.jar;C:\Users\amadoria\Documents\Projects\HAPKIDO\WP4\dss-fork\dss-crl-parser\target\dss-crl-parser-5.12.RC1.jar;C:\Users\amadoria\.m2\repository\org\slf4j\slf4j-api\2.0.6\slf4j-api-2.0.6.jar;C:\Users\amadoria\Documents\Projects\HAPKIDO\WP4\dss-fork\dss-document\libs\bcpkix-jdk18on-173b20.jar;C:\Users\amadoria\Documents\Projects\HAPKIDO\WP4\dss-fork\dss-document\libs\bcprov-jdk18on-173b20.jar;C:\Users\amadoria\Documents\Projects\HAPKIDO\WP4\dss-fork\dss-document\libs\bcutil-jdk18on-173b20.jar;C:\Users\amadoria\Documents\Projects\HAPKIDO\WP4\dss-fork\validation-policy\target\validation-policy-5.12.RC1.jar;C:\Users\amadoria\Documents\Projects\HAPKIDO\WP4\dss-fork\dss-policy-jaxb\target\dss-policy-jaxb-5.12.RC1.jar;C:\Users\amadoria\Documents\Projects\HAPKIDO\WP4\dss-fork\dss-jaxb-parsers\target\dss-jaxb-parsers-5.12.RC1.jar;C:\Users\amadoria\Documents\Projects\HAPKIDO\WP4\dss-fork\dss-jaxb-common\target\dss-jaxb-common-5.12.RC1.jar;C:\Users\amadoria\Documents\Projects\HAPKIDO\WP4\dss-fork\dss-alert\target\dss-alert-5.12.RC1.jar;C:\Users\amadoria\.m2\repository\org\glassfish\jaxb\jaxb-runtime\2.3.8\jaxb-runtime-2.3.8.jar;C:\Users\amadoria\.m2\repository\org\glassfish\jaxb\txw2\2.3.8\txw2-2.3.8.jar;C:\Users\amadoria\.m2\repository\com\sun\istack\istack-commons-runtime\3.0.12\istack-commons-runtime-3.0.12.jar;C:\Users\amadoria\.m2\repository\com\sun\activation\jakarta.activation\1.2.2\jakarta.activation-1.2.2.jar;C:\Users\amadoria\Documents\Projects\HAPKIDO\WP4\dss-fork\dss-diagnostic-jaxb\target\dss-diagnostic-jaxb-5.12.RC1.jar;C:\Users\amadoria\Documents\Projects\HAPKIDO\WP4\dss-fork\dss-simple-report-jaxb\target\dss-simple-report-jaxb-5.12.RC1.jar;C:\Users\amadoria\Documents\Projects\HAPKIDO\WP4\dss-fork\dss-simple-certificate-report-jaxb\target\dss-simple-certificate-report-jaxb-5.12.RC1.jar;C:\Users\amadoria\Documents\Projects\HAPKIDO\WP4\dss-fork\dss-detailed-report-jaxb\target\dss-detailed-report-jaxb-5.12.RC1.jar;C:\Users\amadoria\Documents\Projects\HAPKIDO\WP4\dss-fork\specs-validation-report\target\specs-validation-report-5.12.RC1.jar;C:\Users\amadoria\Documents\Projects\HAPKIDO\WP4\dss-fork\specs-xmldsig\target\specs-xmldsig-5.12.RC1.jar;C:\Users\amadoria\Documents\Projects\HAPKIDO\WP4\dss-fork\specs-xades\target\specs-xades-5.12.RC1.jar;C:\Users\amadoria\Documents\Projects\HAPKIDO\WP4\dss-fork\specs-trusted-list\target\specs-trusted-list-5.12.RC1.jar;C:\Users\amadoria\Documents\Projects\HAPKIDO\WP4\dss-fork\dss-i18n\target\dss-i18n-5.12.RC1.jar;C:\Users\amadoria\.m2\repository\ch\qos\logback\logback-classic\1.3.5\logback-classic-1.3.5.jar;C:\Users\amadoria\.m2\repository\ch\qos\logback\logback-core\1.3.5\logback-core-1.3.5.jar;C:\Users\amadoria\.m2\repository\com\fasterxml\jackson\module\jackson-module-jaxb-annotations\2.14.2\jackson-module-jaxb-annotations-2.14.2.jar;C:\Users\amadoria\.m2\repository\com\fasterxml\jackson\core\jackson-annotations\2.14.2\jackson-annotations-2.14.2.jar;C:\Users\amadoria\.m2\repository\com\fasterxml\jackson\core\jackson-core\2.14.2\jackson-core-2.14.2.jar;C:\Users\amadoria\.m2\repository\com\fasterxml\jackson\core\jackson-databind\2.14.2\jackson-databind-2.14.2.jar;C:\Users\amadoria\.m2\repository\jakarta\xml\bind\jakarta.xml.bind-api\2.3.3\jakarta.xml.bind-api-2.3.3.jar;C:\Users\amadoria\.m2\repository\jakarta\activation\jakarta.activation-api\1.2.2\jakarta.activation-api-1.2.2.jar;C:\Users\amadoria\.m2\repository\org\junit\platform\junit-platform-launcher\1.9.2\junit-platform-launcher-1.9.2.jar;C:\Users\amadoria\.m2\repository\org\junit\platform\junit-platform-engine\1.9.2\junit-platform-engine-1.9.2.jar;C:\Users\amadoria\.m2\repository\org\opentest4j\opentest4j\1.2.0\opentest4j-1.2.0.jar;C:\Users\amadoria\.m2\repository\org\junit\platform\junit-platform-commons\1.9.2\junit-platform-commons-1.9.2.jar;C:\Users\amadoria\.m2\repository\org\apiguardian\apiguardian-api\1.1.2\apiguardian-api-1.1.2.jar;C:\Users\amadoria\.m2\repository\org\junit\jupiter\junit-jupiter-engine\5.9.2\junit-jupiter-engine-5.9.2.jar;C:\Users\amadoria\.m2\repository\org\junit\jupiter\junit-jupiter-api\5.9.2\junit-jupiter-api-5.9.2.jar;C:\Users\amadoria\.m2\repository\org\junit\jupiter\junit-jupiter-params\5.9.2\junit-jupiter-params-5.9.2.jar;C:\Users\amadoria\Documents\Projects\HAPKIDO\WP4\dss-fork\dss-utils-google-guava\target\dss-utils-google-guava-5.12.RC1.jar;C:\Users\amadoria\.m2\repository\com\google\guava\guava\31.1-jre\guava-31.1-jre.jar;C:\Users\amadoria\.m2\repository\com\google\guava\failureaccess\1.0.1\failureaccess-1.0.1.jar;C:\Users\amadoria\.m2\repository\com\google\guava\listenablefuture\9999.0-empty-to-avoid-conflict-with-guava\listenablefuture-9999.0-empty-to-avoid-conflict-with-guava.jar;C:\Users\amadoria\.m2\repository\com\google\code\findbugs\jsr305\3.0.2\jsr305-3.0.2.jar;C:\Users\amadoria\.m2\repository\org\checkerframework\checker-qual\3.12.0\checker-qual-3.12.0.jar;C:\Users\amadoria\.m2\repository\com\google\errorprone\error_prone_annotations\2.11.0\error_prone_annotations-2.11.0.jar;C:\Users\amadoria\.m2\repository\com\google\j2objc\j2objc-annotations\1.3\j2objc-annotations-1.3.jar;C:\Users\amadoria\Documents\Projects\HAPKIDO\WP4\dss-fork\dss-crl-parser-stream\target\dss-crl-parser-stream-5.12.RC1.jar;"/>
    <property name="java.vm.vendor" value="Oracle Corporation"/>
    <property name="sun.arch.data.model" value="64"/>
    <property name="user.variant" value=""/>
    <property name="java.vendor.url" value="https://java.oracle.com/"/>
    <property name="user.timezone" value="Europe/Amsterdam"/>
    <property name="os.name" value="Windows 10"/>
    <property name="java.vm.specification.version" value="19"/>
    <property name="sun.java.launcher" value="SUN_STANDARD"/>
    <property name="user.country" value="US"/>
    <property name="sun.boot.library.path" value="C:\Program Files\Java\jdk-19\bin"/>
    <property name="sun.java.command" value="C:\Users\amadoria\AppData\Local\Temp\surefire7385040301634076511\surefirebooter-20230428114100642_335.jar C:\Users\amadoria\AppData\Local\Temp\surefire7385040301634076511 2023-04-28T11-29-53_553-jvmRun1 surefire-20230428114100642_333tmp surefire_27-20230428114100642_334tmp"/>
    <property name="jdk.debug" value="release"/>
    <property name="surefire.test.class.path" value="C:\Users\amadoria\Documents\Projects\HAPKIDO\WP4\dss-fork\dss-document\target\test-classes;C:\Users\amadoria\Documents\Projects\HAPKIDO\WP4\dss-fork\dss-document\target\classes;C:\Users\amadoria\Documents\Projects\HAPKIDO\WP4\dss-fork\dss-spi\target\dss-spi-5.12.RC1.jar;C:\Users\amadoria\Documents\Projects\HAPKIDO\WP4\dss-fork\dss-model\target\dss-model-5.12.RC1.jar;C:\Users\amadoria\Documents\Projects\HAPKIDO\WP4\dss-fork\dss-enumerations\target\dss-enumerations-5.12.RC1.jar;C:\Users\amadoria\Documents\Projects\HAPKIDO\WP4\dss-fork\dss-utils\target\dss-utils-5.12.RC1.jar;C:\Users\amadoria\Documents\Projects\HAPKIDO\WP4\dss-fork\dss-crl-parser\target\dss-crl-parser-5.12.RC1.jar;C:\Users\amadoria\.m2\repository\org\slf4j\slf4j-api\2.0.6\slf4j-api-2.0.6.jar;C:\Users\amadoria\Documents\Projects\HAPKIDO\WP4\dss-fork\dss-document\libs\bcpkix-jdk18on-173b20.jar;C:\Users\amadoria\Documents\Projects\HAPKIDO\WP4\dss-fork\dss-document\libs\bcprov-jdk18on-173b20.jar;C:\Users\amadoria\Documents\Projects\HAPKIDO\WP4\dss-fork\dss-document\libs\bcutil-jdk18on-173b20.jar;C:\Users\amadoria\Documents\Projects\HAPKIDO\WP4\dss-fork\validation-policy\target\validation-policy-5.12.RC1.jar;C:\Users\amadoria\Documents\Projects\HAPKIDO\WP4\dss-fork\dss-policy-jaxb\target\dss-policy-jaxb-5.12.RC1.jar;C:\Users\amadoria\Documents\Projects\HAPKIDO\WP4\dss-fork\dss-jaxb-parsers\target\dss-jaxb-parsers-5.12.RC1.jar;C:\Users\amadoria\Documents\Projects\HAPKIDO\WP4\dss-fork\dss-jaxb-common\target\dss-jaxb-common-5.12.RC1.jar;C:\Users\amadoria\Documents\Projects\HAPKIDO\WP4\dss-fork\dss-alert\target\dss-alert-5.12.RC1.jar;C:\Users\amadoria\.m2\repository\org\glassfish\jaxb\jaxb-runtime\2.3.8\jaxb-runtime-2.3.8.jar;C:\Users\amadoria\.m2\repository\org\glassfish\jaxb\txw2\2.3.8\txw2-2.3.8.jar;C:\Users\amadoria\.m2\repository\com\sun\istack\istack-commons-runtime\3.0.12\istack-commons-runtime-3.0.12.jar;C:\Users\amadoria\.m2\repository\com\sun\activation\jakarta.activation\1.2.2\jakarta.activation-1.2.2.jar;C:\Users\amadoria\Documents\Projects\HAPKIDO\WP4\dss-fork\dss-diagnostic-jaxb\target\dss-diagnostic-jaxb-5.12.RC1.jar;C:\Users\amadoria\Documents\Projects\HAPKIDO\WP4\dss-fork\dss-simple-report-jaxb\target\dss-simple-report-jaxb-5.12.RC1.jar;C:\Users\amadoria\Documents\Projects\HAPKIDO\WP4\dss-fork\dss-simple-certificate-report-jaxb\target\dss-simple-certificate-report-jaxb-5.12.RC1.jar;C:\Users\amadoria\Documents\Projects\HAPKIDO\WP4\dss-fork\dss-detailed-report-jaxb\target\dss-detailed-report-jaxb-5.12.RC1.jar;C:\Users\amadoria\Documents\Projects\HAPKIDO\WP4\dss-fork\specs-validation-report\target\specs-validation-report-5.12.RC1.jar;C:\Users\amadoria\Documents\Projects\HAPKIDO\WP4\dss-fork\specs-xmldsig\target\specs-xmldsig-5.12.RC1.jar;C:\Users\amadoria\Documents\Projects\HAPKIDO\WP4\dss-fork\specs-xades\target\specs-xades-5.12.RC1.jar;C:\Users\amadoria\Documents\Projects\HAPKIDO\WP4\dss-fork\specs-trusted-list\target\specs-trusted-list-5.12.RC1.jar;C:\Users\amadoria\Documents\Projects\HAPKIDO\WP4\dss-fork\dss-i18n\target\dss-i18n-5.12.RC1.jar;C:\Users\amadoria\.m2\repository\ch\qos\logback\logback-classic\1.3.5\logback-classic-1.3.5.jar;C:\Users\amadoria\.m2\repository\ch\qos\logback\logback-core\1.3.5\logback-core-1.3.5.jar;C:\Users\amadoria\.m2\repository\com\fasterxml\jackson\module\jackson-module-jaxb-annotations\2.14.2\jackson-module-jaxb-annotations-2.14.2.jar;C:\Users\amadoria\.m2\repository\com\fasterxml\jackson\core\jackson-annotations\2.14.2\jackson-annotations-2.14.2.jar;C:\Users\amadoria\.m2\repository\com\fasterxml\jackson\core\jackson-core\2.14.2\jackson-core-2.14.2.jar;C:\Users\amadoria\.m2\repository\com\fasterxml\jackson\core\jackson-databind\2.14.2\jackson-databind-2.14.2.jar;C:\Users\amadoria\.m2\repository\jakarta\xml\bind\jakarta.xml.bind-api\2.3.3\jakarta.xml.bind-api-2.3.3.jar;C:\Users\amadoria\.m2\repository\jakarta\activation\jakarta.activation-api\1.2.2\jakarta.activation-api-1.2.2.jar;C:\Users\amadoria\.m2\repository\org\junit\platform\junit-platform-launcher\1.9.2\junit-platform-launcher-1.9.2.jar;C:\Users\amadoria\.m2\repository\org\junit\platform\junit-platform-engine\1.9.2\junit-platform-engine-1.9.2.jar;C:\Users\amadoria\.m2\repository\org\opentest4j\opentest4j\1.2.0\opentest4j-1.2.0.jar;C:\Users\amadoria\.m2\repository\org\junit\platform\junit-platform-commons\1.9.2\junit-platform-commons-1.9.2.jar;C:\Users\amadoria\.m2\repository\org\apiguardian\apiguardian-api\1.1.2\apiguardian-api-1.1.2.jar;C:\Users\amadoria\.m2\repository\org\junit\jupiter\junit-jupiter-engine\5.9.2\junit-jupiter-engine-5.9.2.jar;C:\Users\amadoria\.m2\repository\org\junit\jupiter\junit-jupiter-api\5.9.2\junit-jupiter-api-5.9.2.jar;C:\Users\amadoria\.m2\repository\org\junit\jupiter\junit-jupiter-params\5.9.2\junit-jupiter-params-5.9.2.jar;C:\Users\amadoria\Documents\Projects\HAPKIDO\WP4\dss-fork\dss-utils-google-guava\target\dss-utils-google-guava-5.12.RC1.jar;C:\Users\amadoria\.m2\repository\com\google\guava\guava\31.1-jre\guava-31.1-jre.jar;C:\Users\amadoria\.m2\repository\com\google\guava\failureaccess\1.0.1\failureaccess-1.0.1.jar;C:\Users\amadoria\.m2\repository\com\google\guava\listenablefuture\9999.0-empty-to-avoid-conflict-with-guava\listenablefuture-9999.0-empty-to-avoid-conflict-with-guava.jar;C:\Users\amadoria\.m2\repository\com\google\code\findbugs\jsr305\3.0.2\jsr305-3.0.2.jar;C:\Users\amadoria\.m2\repository\org\checkerframework\checker-qual\3.12.0\checker-qual-3.12.0.jar;C:\Users\amadoria\.m2\repository\com\google\errorprone\error_prone_annotations\2.11.0\error_prone_annotations-2.11.0.jar;C:\Users\amadoria\.m2\repository\com\google\j2objc\j2objc-annotations\1.3\j2objc-annotations-1.3.jar;C:\Users\amadoria\Documents\Projects\HAPKIDO\WP4\dss-fork\dss-crl-parser-stream\target\dss-crl-parser-stream-5.12.RC1.jar;"/>
    <property name="sun.cpu.endian" value="little"/>
    <property name="user.home" value="C:\Users\amadoria"/>
    <property name="user.language" value="en"/>
    <property name="java.specification.vendor" value="Oracle Corporation"/>
    <property name="java.version.date" value="2023-01-17"/>
    <property name="java.home" value="C:\Program Files\Java\jdk-19"/>
    <property name="file.separator" value="\"/>
    <property name="basedir" value="C:\Users\amadoria\Documents\Projects\HAPKIDO\WP4\dss-fork\dss-document"/>
    <property name="java.vm.compressedOopsMode" value="Zero based"/>
    <property name="line.separator" value="&#10;"/>
    <property name="java.vm.specification.vendor" value="Oracle Corporation"/>
    <property name="java.specification.name" value="Java Platform API Specification"/>
    <property name="surefire.real.class.path" value="C:\Users\amadoria\AppData\Local\Temp\surefire7385040301634076511\surefirebooter-20230428114100642_335.jar"/>
    <property name="user.script" value=""/>
    <property name="sun.management.compiler" value="HotSpot 64-Bit Tiered Compilers"/>
    <property name="java.runtime.version" value="19.0.2+7-44"/>
    <property name="user.name" value="amadoria"/>
    <property name="stdout.encoding" value="Cp1252"/>
    <property name="path.separator" value=";"/>
    <property name="os.version" value="10.0"/>
    <property name="java.runtime.name" value="Java(TM) SE Runtime Environment"/>
    <property name="file.encoding" value="UTF-8"/>
    <property name="java.vm.name" value="Java HotSpot(TM) 64-Bit Server VM"/>
    <property name="localRepository" value="C:\Users\amadoria\.m2\repository"/>
    <property name="java.vendor.url.bug" value="https://bugreport.java.com/bugreport/"/>
    <property name="java.io.tmpdir" value="C:\Users\amadoria\AppData\Local\Temp\"/>
    <property name="java.version" value="19.0.2"/>
    <property name="user.dir" value="C:\Users\amadoria\Documents\Projects\HAPKIDO\WP4\dss-fork\dss-document"/>
    <property name="os.arch" value="amd64"/>
    <property name="java.vm.specification.name" value="Java Virtual Machine Specification"/>
    <property name="sun.os.patch.level" value=""/>
    <property name="native.encoding" value="Cp1252"/>
    <property name="java.library.path" value="C:\Program Files\Java\jdk-19\bin;C:\WINDOWS\Sun\Java\bin;C:\WINDOWS\system32;C:\WINDOWS;C:\Program Files\Common Files\Oracle\Java\javapath;C:\Program Files\Eclipse Adoptium\jdk-17.0.5.8-hotspot\bin;C:\WINDOWS\system32;C:\WINDOWS;C:\WINDOWS\System32\Wbem;C:\WINDOWS\System32\WindowsPowerShell\v1.0\;C:\WINDOWS\System32\OpenSSH\;C:\Program Files\dotnet\;C:\ProgramData\chocolatey\bin;C:\Program Files\Gradle\gradle-8.0.2\bin;C:\Program Files\Maven\apache-maven-3.9.0\bin;;C:\Program Files\Docker\Docker\resources\bin;C:\Users\amadoria\AppData\Local\Programs\Python\Python38\Scripts\;C:\Users\amadoria\AppData\Local\Programs\Python\Python38\;C:\Users\amadoria\AppData\Local\Microsoft\WindowsApps;C:\Users\amadoria\AppData\Local\Programs\MiKTeX\miktex\bin\x64\;C:\Users\amadoria\AppData\Local\Programs\Microsoft VS Code\bin;C:\Users\amadoria\AppData\Roaming\Python\Scripts\;C:\Users\amadoria\AppData\Local\Programs\Git\cmd;C:\Program Files\JetBrains\IntelliJ IDEA Community Edition 2022.3.3\bin;;."/>
    <property name="java.vm.info" value="mixed mode, sharing"/>
    <property name="stderr.encoding" value="Cp1252"/>
    <property name="java.vendor" value="Oracle Corporation"/>
    <property name="java.vm.version" value="19.0.2+7-44"/>
    <property name="sun.io.unicode.encoding" value="UnicodeLittle"/>
    <property name="java.class.version" value="63.0"/>
  </properties>
  <testcase name="encryptionAlgorithmWithValidationPolicyTest" classname="eu.europa.esig.dss.validation.RevocationDataVerifierTest" time="0.092">
    <system-out><![CDATA[11:41:20.754 [main] INFO eu.europa.esig.dss.spi.x509.revocation.ocsp.OCSPToken - OCSP status is good
11:41:20.782 [main] DEBUG eu.europa.esig.dss.spi.x509.SignatureIntegrityValidator - Determining signing certificate from certificate candidates list...
11:41:20.783 [main] DEBUG eu.europa.esig.dss.spi.x509.SignatureIntegrityValidator - Public key matching the signature value found.
11:41:20.784 [main] DEBUG eu.europa.esig.dss.spi.x509.revocation.ocsp.OCSPToken - OCSPToken created : R-5BD2ACF900F07FC72B692184BB13A18D395EE561ADB4F33093C7F7A361D2D630)
11:41:20.798 [main] INFO eu.europa.esig.dss.validation.RevocationDataVerifier - No enforced cryptographic constraints have been found in the provided validation policy. Accept all cryptographic algorithms.
11:41:20.799 [main] DEBUG eu.europa.esig.dss.validation.RevocationDataVerifier - The revocation 'R-5BD2ACF900F07FC72B692184BB13A18D395EE561ADB4F33093C7F7A361D2D630' is consistent. Certificate: C-5E61F8F1AD0C1F0AD6891C0296978C7CA3312EEA9C979C39CC98163CB06988AC
11:41:20.818 [main] DEBUG eu.europa.esig.dss.validation.RevocationDataVerifier - The revocation 'R-5BD2ACF900F07FC72B692184BB13A18D395EE561ADB4F33093C7F7A361D2D630' is consistent. Certificate: C-5E61F8F1AD0C1F0AD6891C0296978C7CA3312EEA9C979C39CC98163CB06988AC
11:41:20.818 [main] WARN eu.europa.esig.dss.validation.RevocationDataVerifier - The EncryptionAlgorithm RSA is not acceptable for revocation token 'R-5BD2ACF900F07FC72B692184BB13A18D395EE561ADB4F33093C7F7A361D2D630'!
11:41:20.819 [main] DEBUG eu.europa.esig.dss.validation.RevocationDataVerifier - The revocation 'R-5BD2ACF900F07FC72B692184BB13A18D395EE561ADB4F33093C7F7A361D2D630' is consistent. Certificate: C-5E61F8F1AD0C1F0AD6891C0296978C7CA3312EEA9C979C39CC98163CB06988AC
11:41:20.819 [main] DEBUG eu.europa.esig.dss.validation.RevocationDataVerifier - The revocation 'R-5BD2ACF900F07FC72B692184BB13A18D395EE561ADB4F33093C7F7A361D2D630' is consistent. Certificate: C-5E61F8F1AD0C1F0AD6891C0296978C7CA3312EEA9C979C39CC98163CB06988AC
11:41:20.819 [main] WARN eu.europa.esig.dss.validation.RevocationDataVerifier - The EncryptionAlgorithm RSA is not acceptable for revocation token 'R-5BD2ACF900F07FC72B692184BB13A18D395EE561ADB4F33093C7F7A361D2D630'!
11:41:20.819 [main] DEBUG eu.europa.esig.dss.validation.RevocationDataVerifier - The revocation 'R-5BD2ACF900F07FC72B692184BB13A18D395EE561ADB4F33093C7F7A361D2D630' is consistent. Certificate: C-5E61F8F1AD0C1F0AD6891C0296978C7CA3312EEA9C979C39CC98163CB06988AC
11:41:20.819 [main] WARN eu.europa.esig.dss.validation.RevocationDataVerifier - The key size '2048' used to sign revocation token 'R-5BD2ACF900F07FC72B692184BB13A18D395EE561ADB4F33093C7F7A361D2D630' is smaller than minimal acceptable value '3000'!
11:41:20.819 [main] DEBUG eu.europa.esig.dss.validation.RevocationDataVerifier - The revocation 'R-5BD2ACF900F07FC72B692184BB13A18D395EE561ADB4F33093C7F7A361D2D630' is consistent. Certificate: C-5E61F8F1AD0C1F0AD6891C0296978C7CA3312EEA9C979C39CC98163CB06988AC
11:41:20.820 [main] DEBUG eu.europa.esig.dss.validation.RevocationDataVerifier - The revocation 'R-5BD2ACF900F07FC72B692184BB13A18D395EE561ADB4F33093C7F7A361D2D630' is consistent. Certificate: C-5E61F8F1AD0C1F0AD6891C0296978C7CA3312EEA9C979C39CC98163CB06988AC
11:41:20.820 [main] DEBUG eu.europa.esig.dss.validation.RevocationDataVerifier - The revocation 'R-5BD2ACF900F07FC72B692184BB13A18D395EE561ADB4F33093C7F7A361D2D630' is consistent. Certificate: C-5E61F8F1AD0C1F0AD6891C0296978C7CA3312EEA9C979C39CC98163CB06988AC
11:41:20.820 [main] WARN eu.europa.esig.dss.validation.RevocationDataVerifier - The key size '2048' used to sign revocation token 'R-5BD2ACF900F07FC72B692184BB13A18D395EE561ADB4F33093C7F7A361D2D630' is smaller than minimal acceptable value '3000'!
11:41:20.820 [main] DEBUG eu.europa.esig.dss.validation.RevocationDataVerifier - The revocation 'R-5BD2ACF900F07FC72B692184BB13A18D395EE561ADB4F33093C7F7A361D2D630' is consistent. Certificate: C-5E61F8F1AD0C1F0AD6891C0296978C7CA3312EEA9C979C39CC98163CB06988AC
11:41:20.821 [main] DEBUG eu.europa.esig.dss.validation.RevocationDataVerifier - The revocation 'R-5BD2ACF900F07FC72B692184BB13A18D395EE561ADB4F33093C7F7A361D2D630' is consistent. Certificate: C-5E61F8F1AD0C1F0AD6891C0296978C7CA3312EEA9C979C39CC98163CB06988AC
11:41:20.821 [main] WARN eu.europa.esig.dss.validation.RevocationDataVerifier - The EncryptionAlgorithm RSA is not acceptable for revocation token 'R-5BD2ACF900F07FC72B692184BB13A18D395EE561ADB4F33093C7F7A361D2D630'!
]]></system-out>
  </testcase>
  <testcase name="expiredCertificateTest" classname="eu.europa.esig.dss.validation.RevocationDataVerifierTest" time="0.134">
    <system-out><![CDATA[11:41:20.927 [main] DEBUG eu.europa.esig.dss.crl.stream.impl.CRLParser - TBSCertList -> version : 01
11:41:20.927 [main] DEBUG eu.europa.esig.dss.crl.stream.impl.CRLParser - TBSCertList -> signatureAlgorithm : 06092a864886f70d01010b0500
11:41:20.927 [main] DEBUG eu.europa.esig.dss.crl.stream.impl.CRLParser - TBSCertList -> issuer : 310b3009060355040613024c5531163014060355040a0c0d4c7578547275737420532e412e3127302506035504030c1e4c7578547275737420476c6f62616c205175616c69666965642043412033
11:41:20.927 [main] DEBUG eu.europa.esig.dss.crl.stream.impl.CRLParser - TBSCertList -> thisUpdate : 3231303631383034343931395a
11:41:20.928 [main] DEBUG eu.europa.esig.dss.crl.stream.impl.CRLParser - TBSCertList -> nextUpdate : 3231303631383039313931395a
11:41:20.929 [main] DEBUG eu.europa.esig.dss.crl.stream.impl.CRLParser - TBSCertList -> crlExtensions : 306930390603551d1c0101ff042f302da02ba0298627687474703a2f2f63726c2e6c757874727573742e6c752f4c5447514341332d4f4353502e63726c300b0603551d140404020263be301f0603551d23041830168014638fc28b03b1ab8ed85347961d99a87df6aca875
11:41:20.929 [main] DEBUG eu.europa.esig.dss.crl.stream.impl.CRLParser - CertificateList -> signatureAlgorithm : 06092a864886f70d01010b0500
11:41:20.929 [main] DEBUG eu.europa.esig.dss.crl.stream.impl.CRLParser - CertificateList -> signatureValue : 00ac65c6a97e8a9b8af8c244e39eb4db56f4dbfdad1c406ddd5cd601cce86a7b4ffc0bfdb61bd0877b93a788f2deb65abfa8166b31d0165a5324d161765f3778c6efa2da39f85397bb59c28c0b9f5bf6ff78e77619137b41b4a306276b9aa5ebd2c6f82c024db9c635d3d69c2123b022aacf572ee4eb25821ba1340aa2bc336335b3e60758b30e35a5d82fbaefce5d9c8d055517a828832cf25db529ce4042703d43a75bc76b93c99695f7beecc97c20929b5f30f40cfd5f13cc5776052c85688e77c71f33b29da43dad56279f31af6e5ef0c6ddeb47d1b3aee1db74f6153ae2cda60a64650d691cac8307f3ebe60977fc160c7f7139388622a5559059cc90603ef408fbc14984cefbb1083a1638da1a840ba94598a4a0152f29ce8c4c3f3ce2d3f07e56841282fbf1b976efa74b1086825fdf71f964c885fd5abd78e31423c832b508bf77e5f9db1456afc177822f1a8cd4c64c2fc94396d4c23d397106d4818113d148e87927d89ba8097066f0ff6b0c278b1fd4554af5557753252411fb92c36b8b696d4a902bb3bec0c1c0dd9adfa3dfc758a85bdb37182c84d5043bb038a8de95835ed8bc60d633b34dc946e13f674924cf11d7213ef065b2a9673b09a57b5e59bb6fd04af6be81fcc771b0e61303331308620f3fbb9dd3246a234274897cfca4a10b797d07fa44948d30489a5260d9f520b51c65b45ef6c4abdde26368ea
11:41:20.936 [main] DEBUG eu.europa.esig.dss.spi.x509.revocation.crl.CRLToken - A CRLToken created with Id : [R-3126683BEA4BDBFB4A39796D16C6DAA28C01D26CD26D8B0ACCF95F6CF0B1EA8E]
11:41:20.950 [main] WARN eu.europa.esig.dss.validation.RevocationDataVerifier - The revocation 'R-3126683BEA4BDBFB4A39796D16C6DAA28C01D26CD26D8B0ACCF95F6CF0B1EA8E' has been produced before the start of the validity of the certificate 'C-316386E96080430DD999133961741C595C0F77E2344887C1A5F922DBC2CDA813'!
]]></system-out>
  </testcase>
  <testcase name="digestAlgorithmWithValidationPolicyTest" classname="eu.europa.esig.dss.validation.RevocationDataVerifierTest" time="0.084">
    <system-out><![CDATA[11:41:20.989 [main] INFO eu.europa.esig.dss.spi.x509.revocation.ocsp.OCSPToken - OCSP status is good
11:41:20.994 [main] DEBUG eu.europa.esig.dss.spi.x509.SignatureIntegrityValidator - Determining signing certificate from certificate candidates list...
11:41:20.996 [main] DEBUG eu.europa.esig.dss.spi.x509.SignatureIntegrityValidator - Public key matching the signature value found.
11:41:20.997 [main] DEBUG eu.europa.esig.dss.spi.x509.revocation.ocsp.OCSPToken - OCSPToken created : R-1C533A63CB89D9E3EF4BDBA302903023051B1CD398F2D8925F1F403C56D11EB0)
11:41:21.018 [main] INFO eu.europa.esig.dss.validation.RevocationDataVerifier - No enforced cryptographic constraints have been found in the provided validation policy. Accept all cryptographic algorithms.
11:41:21.019 [main] DEBUG eu.europa.esig.dss.validation.RevocationDataVerifier - The revocation 'R-1C533A63CB89D9E3EF4BDBA302903023051B1CD398F2D8925F1F403C56D11EB0' is consistent. Certificate: C-D8AA68F23F513F383A1B3E9537013D7AA60AA2994B87D88D2E435CC0EC46DD0D
11:41:21.037 [main] DEBUG eu.europa.esig.dss.validation.RevocationDataVerifier - The revocation 'R-1C533A63CB89D9E3EF4BDBA302903023051B1CD398F2D8925F1F403C56D11EB0' is consistent. Certificate: C-D8AA68F23F513F383A1B3E9537013D7AA60AA2994B87D88D2E435CC0EC46DD0D
11:41:21.037 [main] WARN eu.europa.esig.dss.validation.RevocationDataVerifier - The used DigestAlgorithm SHA1 is not acceptable for revocation token 'R-1C533A63CB89D9E3EF4BDBA302903023051B1CD398F2D8925F1F403C56D11EB0'!
11:41:21.038 [main] DEBUG eu.europa.esig.dss.validation.RevocationDataVerifier - The revocation 'R-1C533A63CB89D9E3EF4BDBA302903023051B1CD398F2D8925F1F403C56D11EB0' is consistent. Certificate: C-D8AA68F23F513F383A1B3E9537013D7AA60AA2994B87D88D2E435CC0EC46DD0D
11:41:21.038 [main] WARN eu.europa.esig.dss.validation.RevocationDataVerifier - The used DigestAlgorithm SHA1 is not acceptable for revocation token 'R-1C533A63CB89D9E3EF4BDBA302903023051B1CD398F2D8925F1F403C56D11EB0'!
11:41:21.039 [main] DEBUG eu.europa.esig.dss.validation.RevocationDataVerifier - The revocation 'R-1C533A63CB89D9E3EF4BDBA302903023051B1CD398F2D8925F1F403C56D11EB0' is consistent. Certificate: C-D8AA68F23F513F383A1B3E9537013D7AA60AA2994B87D88D2E435CC0EC46DD0D
11:41:21.040 [main] DEBUG eu.europa.esig.dss.validation.RevocationDataVerifier - The revocation 'R-1C533A63CB89D9E3EF4BDBA302903023051B1CD398F2D8925F1F403C56D11EB0' is consistent. Certificate: C-D8AA68F23F513F383A1B3E9537013D7AA60AA2994B87D88D2E435CC0EC46DD0D
11:41:21.040 [main] WARN eu.europa.esig.dss.validation.RevocationDataVerifier - The used DigestAlgorithm SHA1 is not acceptable for revocation token 'R-1C533A63CB89D9E3EF4BDBA302903023051B1CD398F2D8925F1F403C56D11EB0'!
]]></system-out>
  </testcase>
  <testcase name="trustedSourceTest" classname="eu.europa.esig.dss.validation.RevocationDataVerifierTest" time="0.227">
    <system-out><![CDATA[11:41:21.115 [main] INFO eu.europa.esig.dss.spi.x509.revocation.ocsp.OCSPToken - OCSP status is good
11:41:21.118 [main] DEBUG eu.europa.esig.dss.spi.x509.SignatureIntegrityValidator - Determining signing certificate from certificate candidates list...
11:41:21.252 [main] DEBUG eu.europa.esig.dss.spi.x509.SignatureIntegrityValidator - Public key matching the signature value found.
11:41:21.255 [main] DEBUG eu.europa.esig.dss.spi.x509.revocation.ocsp.OCSPToken - OCSPToken created : R-38A19C4A2B85AF719D73D4F0C19B39D5EF6E5D6A49D2136FC142DBAAFA4DC59C)
11:41:21.267 [main] WARN eu.europa.esig.dss.validation.RevocationDataVerifier - The issuer certificate 'C-4543791DBD8F59BB03DBA173757DD2B14EC219B94425022C7535D6432C6E6E33' of the obtained OCSPToken 'R-38A19C4A2B85AF719D73D4F0C19B39D5EF6E5D6A49D2136FC142DBAAFA4DC59C' requires a revocation data, which is not acceptable due its configuration (no revocation access location points)!
11:41:21.268 [main] DEBUG eu.europa.esig.dss.validation.RevocationDataVerifier - The revocation 'R-38A19C4A2B85AF719D73D4F0C19B39D5EF6E5D6A49D2136FC142DBAAFA4DC59C' is consistent. Certificate: C-CC037BF0FFA6DF190BF179D04E50150A2619929177141205C1D8739A8351D4C4
]]></system-out>
  </testcase>
  <testcase name="digestAlgorithmTest" classname="eu.europa.esig.dss.validation.RevocationDataVerifierTest" time="0.02">
    <system-out><![CDATA[11:41:21.274 [main] INFO eu.europa.esig.dss.spi.x509.revocation.ocsp.OCSPToken - OCSP status is good
11:41:21.275 [main] DEBUG eu.europa.esig.dss.spi.x509.SignatureIntegrityValidator - Determining signing certificate from certificate candidates list...
11:41:21.276 [main] DEBUG eu.europa.esig.dss.spi.x509.SignatureIntegrityValidator - Public key matching the signature value found.
11:41:21.276 [main] DEBUG eu.europa.esig.dss.spi.x509.revocation.ocsp.OCSPToken - OCSPToken created : R-1C533A63CB89D9E3EF4BDBA302903023051B1CD398F2D8925F1F403C56D11EB0)
11:41:21.290 [main] DEBUG eu.europa.esig.dss.validation.RevocationDataVerifier - The revocation 'R-1C533A63CB89D9E3EF4BDBA302903023051B1CD398F2D8925F1F403C56D11EB0' is consistent. Certificate: C-D8AA68F23F513F383A1B3E9537013D7AA60AA2994B87D88D2E435CC0EC46DD0D
11:41:21.290 [main] WARN eu.europa.esig.dss.validation.RevocationDataVerifier - The used DigestAlgorithm SHA1 is not acceptable for revocation token 'R-1C533A63CB89D9E3EF4BDBA302903023051B1CD398F2D8925F1F403C56D11EB0'!
11:41:21.290 [main] DEBUG eu.europa.esig.dss.validation.RevocationDataVerifier - The revocation 'R-1C533A63CB89D9E3EF4BDBA302903023051B1CD398F2D8925F1F403C56D11EB0' is consistent. Certificate: C-D8AA68F23F513F383A1B3E9537013D7AA60AA2994B87D88D2E435CC0EC46DD0D
]]></system-out>
  </testcase>
  <testcase name="expiredCertWithArchiveCutOffInOCSPTest" classname="eu.europa.esig.dss.validation.RevocationDataVerifierTest" time="0.124">
    <system-out><![CDATA[11:41:21.328 [main] INFO eu.europa.esig.dss.spi.x509.revocation.ocsp.OCSPToken - OCSP status is good
11:41:21.404 [main] DEBUG eu.europa.esig.dss.spi.x509.SignatureIntegrityValidator - Determining signing certificate from certificate candidates list...
11:41:21.405 [main] DEBUG eu.europa.esig.dss.spi.x509.SignatureIntegrityValidator - Public key matching the signature value found.
11:41:21.406 [main] DEBUG eu.europa.esig.dss.spi.x509.revocation.ocsp.OCSPToken - OCSPToken created : R-5D37846A071318468428CB8DC483CD8C0EF125224E31DC45A2A09E24E4502DD4)
11:41:21.416 [main] DEBUG eu.europa.esig.dss.validation.RevocationDataVerifier - The revocation 'R-5D37846A071318468428CB8DC483CD8C0EF125224E31DC45A2A09E24E4502DD4' is consistent. Certificate: C-5A7E0B258015AC96E99BBC9D6C735454EFB9E070806873E0AD79A58D0215F45C
]]></system-out>
  </testcase>
  <testcase name="encryptionAlgorithmTest" classname="eu.europa.esig.dss.validation.RevocationDataVerifierTest" time="0.038">
    <system-out><![CDATA[11:41:21.420 [main] INFO eu.europa.esig.dss.spi.x509.revocation.ocsp.OCSPToken - OCSP status is good
11:41:21.422 [main] DEBUG eu.europa.esig.dss.spi.x509.SignatureIntegrityValidator - Determining signing certificate from certificate candidates list...
11:41:21.422 [main] DEBUG eu.europa.esig.dss.spi.x509.SignatureIntegrityValidator - Public key matching the signature value found.
11:41:21.422 [main] DEBUG eu.europa.esig.dss.spi.x509.revocation.ocsp.OCSPToken - OCSPToken created : R-5BD2ACF900F07FC72B692184BB13A18D395EE561ADB4F33093C7F7A361D2D630)
11:41:21.454 [main] DEBUG eu.europa.esig.dss.validation.RevocationDataVerifier - The revocation 'R-5BD2ACF900F07FC72B692184BB13A18D395EE561ADB4F33093C7F7A361D2D630' is consistent. Certificate: C-5E61F8F1AD0C1F0AD6891C0296978C7CA3312EEA9C979C39CC98163CB06988AC
11:41:21.454 [main] DEBUG eu.europa.esig.dss.validation.RevocationDataVerifier - The revocation 'R-5BD2ACF900F07FC72B692184BB13A18D395EE561ADB4F33093C7F7A361D2D630' is consistent. Certificate: C-5E61F8F1AD0C1F0AD6891C0296978C7CA3312EEA9C979C39CC98163CB06988AC
11:41:21.454 [main] WARN eu.europa.esig.dss.validation.RevocationDataVerifier - The EncryptionAlgorithm RSA is not acceptable for revocation token 'R-5BD2ACF900F07FC72B692184BB13A18D395EE561ADB4F33093C7F7A361D2D630'!
11:41:21.454 [main] DEBUG eu.europa.esig.dss.validation.RevocationDataVerifier - The revocation 'R-5BD2ACF900F07FC72B692184BB13A18D395EE561ADB4F33093C7F7A361D2D630' is consistent. Certificate: C-5E61F8F1AD0C1F0AD6891C0296978C7CA3312EEA9C979C39CC98163CB06988AC
11:41:21.454 [main] WARN eu.europa.esig.dss.validation.RevocationDataVerifier - The key size '2048' used to sign revocation token 'R-5BD2ACF900F07FC72B692184BB13A18D395EE561ADB4F33093C7F7A361D2D630' is smaller than minimal acceptable value '3000'!
11:41:21.454 [main] DEBUG eu.europa.esig.dss.validation.RevocationDataVerifier - The revocation 'R-5BD2ACF900F07FC72B692184BB13A18D395EE561ADB4F33093C7F7A361D2D630' is consistent. Certificate: C-5E61F8F1AD0C1F0AD6891C0296978C7CA3312EEA9C979C39CC98163CB06988AC
11:41:21.454 [main] DEBUG eu.europa.esig.dss.validation.RevocationDataVerifier - The revocation 'R-5BD2ACF900F07FC72B692184BB13A18D395EE561ADB4F33093C7F7A361D2D630' is consistent. Certificate: C-5E61F8F1AD0C1F0AD6891C0296978C7CA3312EEA9C979C39CC98163CB06988AC
11:41:21.455 [main] DEBUG eu.europa.esig.dss.validation.RevocationDataVerifier - The revocation 'R-5BD2ACF900F07FC72B692184BB13A18D395EE561ADB4F33093C7F7A361D2D630' is consistent. Certificate: C-5E61F8F1AD0C1F0AD6891C0296978C7CA3312EEA9C979C39CC98163CB06988AC
]]></system-out>
  </testcase>
  <testcase name="ocspWithProvidedIssuerTest" classname="eu.europa.esig.dss.validation.RevocationDataVerifierTest" time="0.077">
    <system-out><![CDATA[11:41:21.484 [main] INFO eu.europa.esig.dss.spi.x509.revocation.ocsp.OCSPToken - OCSP status is good
11:41:21.485 [main] DEBUG eu.europa.esig.dss.spi.x509.SignatureIntegrityValidator - Determining signing certificate from certificate candidates list...
11:41:21.486 [main] WARN eu.europa.esig.dss.spi.x509.SignatureIntegrityValidator - Determining signing certificate from certificate candidates list failed: [Signature verification failed against the best candidate.]
11:41:21.487 [main] DEBUG eu.europa.esig.dss.spi.x509.revocation.ocsp.OCSPToken - OCSPToken created : R-34A93C38193C689FD2D33C82CC084ACDDAF088456408744C8251FBEB0B58A151)
11:41:21.509 [main] WARN eu.europa.esig.dss.validation.RevocationDataVerifier - The issuer certificate is not found for the obtained revocation 'R-34A93C38193C689FD2D33C82CC084ACDDAF088456408744C8251FBEB0B58A151'!
11:41:21.532 [main] DEBUG eu.europa.esig.dss.validation.RevocationDataVerifier - The revocation 'R-34A93C38193C689FD2D33C82CC084ACDDAF088456408744C8251FBEB0B58A151' is consistent. Certificate: C-0446CB4CC1DD99D0839A202B6BE0F743D146CF03807F484BA4EC588E645D7DA0
11:41:21.532 [main] WARN eu.europa.esig.dss.validation.RevocationDataVerifier - The used DigestAlgorithm SHA1 is not acceptable for revocation token 'R-34A93C38193C689FD2D33C82CC084ACDDAF088456408744C8251FBEB0B58A151'!
11:41:21.533 [main] DEBUG eu.europa.esig.dss.validation.RevocationDataVerifier - The revocation 'R-34A93C38193C689FD2D33C82CC084ACDDAF088456408744C8251FBEB0B58A151' is consistent. Certificate: C-0446CB4CC1DD99D0839A202B6BE0F743D146CF03807F484BA4EC588E645D7DA0
11:41:21.533 [main] WARN eu.europa.esig.dss.validation.RevocationDataVerifier - The issuer certificate is not found for the obtained revocation 'R-34A93C38193C689FD2D33C82CC084ACDDAF088456408744C8251FBEB0B58A151'!
]]></system-out>
  </testcase>
</testsuite>