<?xml version="1.0" encoding="UTF-8"?>
<testsuite xmlns:xsi="http://www.w3.org/2001/XMLSchema-instance" xsi:noNamespaceSchemaLocation="https://maven.apache.org/surefire/maven-surefire-plugin/xsd/surefire-test-report-3.0.xsd" version="3.0" name="eu.europa.esig.dss.validation.DetachedTimestampValidatorTest" time="1.425" tests="9" errors="0" skipped="0" failures="0">
  <properties>
    <property name="java.specification.version" value="19"/>
    <property name="sun.cpu.isalist" value="amd64"/>
    <property name="sun.jnu.encoding" value="Cp1252"/>
    <property name="java.class.path" value="C:\Users\amadoria\Documents\Projects\HAPKIDO\WP4\dss-fork\dss-document\target\test-classes;C:\Users\amadoria\Documents\Projects\HAPKIDO\WP4\dss-fork\dss-document\target\classes;C:\Users\amadoria\Documents\Projects\HAPKIDO\WP4\dss-fork\dss-spi\target\dss-spi-5.12.RC1.jar;C:\Users\amadoria\Documents\Projects\HAPKIDO\WP4\dss-fork\dss-model\target\dss-model-5.12.RC1.jar;C:\Users\amadoria\Documents\Projects\HAPKIDO\WP4\dss-fork\dss-enumerations\target\dss-enumerations-5.12.RC1.jar;C:\Users\amadoria\Documents\Projects\HAPKIDO\WP4\dss-fork\dss-utils\target\dss-utils-5.12.RC1.jar;C:\Users\amadoria\Documents\Projects\HAPKIDO\WP4\dss-fork\dss-crl-parser\target\dss-crl-parser-5.12.RC1.jar;C:\Users\amadoria\.m2\repository\org\slf4j\slf4j-api\2.0.6\slf4j-api-2.0.6.jar;C:\Users\amadoria\Documents\Projects\HAPKIDO\WP4\dss-fork\dss-document\libs\bcpkix-jdk18on-173b20.jar;C:\Users\amadoria\Documents\Projects\HAPKIDO\WP4\dss-fork\dss-document\libs\bcprov-jdk18on-173b20.jar;C:\Users\amadoria\Documents\Projects\HAPKIDO\WP4\dss-fork\dss-document\libs\bcutil-jdk18on-173b20.jar;C:\Users\amadoria\Documents\Projects\HAPKIDO\WP4\dss-fork\validation-policy\target\validation-policy-5.12.RC1.jar;C:\Users\amadoria\Documents\Projects\HAPKIDO\WP4\dss-fork\dss-policy-jaxb\target\dss-policy-jaxb-5.12.RC1.jar;C:\Users\amadoria\Documents\Projects\HAPKIDO\WP4\dss-fork\dss-jaxb-parsers\target\dss-jaxb-parsers-5.12.RC1.jar;C:\Users\amadoria\Documents\Projects\HAPKIDO\WP4\dss-fork\dss-jaxb-common\target\dss-jaxb-common-5.12.RC1.jar;C:\Users\amadoria\Documents\Projects\HAPKIDO\WP4\dss-fork\dss-alert\target\dss-alert-5.12.RC1.jar;C:\Users\amadoria\.m2\repository\org\glassfish\jaxb\jaxb-runtime\2.3.8\jaxb-runtime-2.3.8.jar;C:\Users\amadoria\.m2\repository\org\glassfish\jaxb\txw2\2.3.8\txw2-2.3.8.jar;C:\Users\amadoria\.m2\repository\com\sun\istack\istack-commons-runtime\3.0.12\istack-commons-runtime-3.0.12.jar;C:\Users\amadoria\.m2\repository\com\sun\activation\jakarta.activation\1.2.2\jakarta.activation-1.2.2.jar;C:\Users\amadoria\Documents\Projects\HAPKIDO\WP4\dss-fork\dss-diagnostic-jaxb\target\dss-diagnostic-jaxb-5.12.RC1.jar;C:\Users\amadoria\Documents\Projects\HAPKIDO\WP4\dss-fork\dss-simple-report-jaxb\target\dss-simple-report-jaxb-5.12.RC1.jar;C:\Users\amadoria\Documents\Projects\HAPKIDO\WP4\dss-fork\dss-simple-certificate-report-jaxb\target\dss-simple-certificate-report-jaxb-5.12.RC1.jar;C:\Users\amadoria\Documents\Projects\HAPKIDO\WP4\dss-fork\dss-detailed-report-jaxb\target\dss-detailed-report-jaxb-5.12.RC1.jar;C:\Users\amadoria\Documents\Projects\HAPKIDO\WP4\dss-fork\specs-validation-report\target\specs-validation-report-5.12.RC1.jar;C:\Users\amadoria\Documents\Projects\HAPKIDO\WP4\dss-fork\specs-xmldsig\target\specs-xmldsig-5.12.RC1.jar;C:\Users\amadoria\Documents\Projects\HAPKIDO\WP4\dss-fork\specs-xades\target\specs-xades-5.12.RC1.jar;C:\Users\amadoria\Documents\Projects\HAPKIDO\WP4\dss-fork\specs-trusted-list\target\specs-trusted-list-5.12.RC1.jar;C:\Users\amadoria\Documents\Projects\HAPKIDO\WP4\dss-fork\dss-i18n\target\dss-i18n-5.12.RC1.jar;C:\Users\amadoria\.m2\repository\ch\qos\logback\logback-classic\1.3.5\logback-classic-1.3.5.jar;C:\Users\amadoria\.m2\repository\ch\qos\logback\logback-core\1.3.5\logback-core-1.3.5.jar;C:\Users\amadoria\.m2\repository\com\fasterxml\jackson\module\jackson-module-jaxb-annotations\2.14.2\jackson-module-jaxb-annotations-2.14.2.jar;C:\Users\amadoria\.m2\repository\com\fasterxml\jackson\core\jackson-annotations\2.14.2\jackson-annotations-2.14.2.jar;C:\Users\amadoria\.m2\repository\com\fasterxml\jackson\core\jackson-core\2.14.2\jackson-core-2.14.2.jar;C:\Users\amadoria\.m2\repository\com\fasterxml\jackson\core\jackson-databind\2.14.2\jackson-databind-2.14.2.jar;C:\Users\amadoria\.m2\repository\jakarta\xml\bind\jakarta.xml.bind-api\2.3.3\jakarta.xml.bind-api-2.3.3.jar;C:\Users\amadoria\.m2\repository\jakarta\activation\jakarta.activation-api\1.2.2\jakarta.activation-api-1.2.2.jar;C:\Users\amadoria\.m2\repository\org\junit\platform\junit-platform-launcher\1.9.2\junit-platform-launcher-1.9.2.jar;C:\Users\amadoria\.m2\repository\org\junit\platform\junit-platform-engine\1.9.2\junit-platform-engine-1.9.2.jar;C:\Users\amadoria\.m2\repository\org\opentest4j\opentest4j\1.2.0\opentest4j-1.2.0.jar;C:\Users\amadoria\.m2\repository\org\junit\platform\junit-platform-commons\1.9.2\junit-platform-commons-1.9.2.jar;C:\Users\amadoria\.m2\repository\org\apiguardian\apiguardian-api\1.1.2\apiguardian-api-1.1.2.jar;C:\Users\amadoria\.m2\repository\org\junit\jupiter\junit-jupiter-engine\5.9.2\junit-jupiter-engine-5.9.2.jar;C:\Users\amadoria\.m2\repository\org\junit\jupiter\junit-jupiter-api\5.9.2\junit-jupiter-api-5.9.2.jar;C:\Users\amadoria\.m2\repository\org\junit\jupiter\junit-jupiter-params\5.9.2\junit-jupiter-params-5.9.2.jar;C:\Users\amadoria\Documents\Projects\HAPKIDO\WP4\dss-fork\dss-utils-google-guava\target\dss-utils-google-guava-5.12.RC1.jar;C:\Users\amadoria\.m2\repository\com\google\guava\guava\31.1-jre\guava-31.1-jre.jar;C:\Users\amadoria\.m2\repository\com\google\guava\failureaccess\1.0.1\failureaccess-1.0.1.jar;C:\Users\amadoria\.m2\repository\com\google\guava\listenablefuture\9999.0-empty-to-avoid-conflict-with-guava\listenablefuture-9999.0-empty-to-avoid-conflict-with-guava.jar;C:\Users\amadoria\.m2\repository\com\google\code\findbugs\jsr305\3.0.2\jsr305-3.0.2.jar;C:\Users\amadoria\.m2\repository\org\checkerframework\checker-qual\3.12.0\checker-qual-3.12.0.jar;C:\Users\amadoria\.m2\repository\com\google\errorprone\error_prone_annotations\2.11.0\error_prone_annotations-2.11.0.jar;C:\Users\amadoria\.m2\repository\com\google\j2objc\j2objc-annotations\1.3\j2objc-annotations-1.3.jar;C:\Users\amadoria\Documents\Projects\HAPKIDO\WP4\dss-fork\dss-crl-parser-stream\target\dss-crl-parser-stream-5.12.RC1.jar;"/>
    <property name="java.vm.vendor" value="Oracle Corporation"/>
    <property name="sun.arch.data.model" value="64"/>
    <property name="user.variant" value=""/>
    <property name="java.vendor.url" value="https://java.oracle.com/"/>
    <property name="user.timezone" value="Europe/Amsterdam"/>
    <property name="os.name" value="Windows 10"/>
    <property name="java.vm.specification.version" value="19"/>
    <property name="sun.java.launcher" value="SUN_STANDARD"/>
    <property name="user.country" value="US"/>
    <property name="sun.boot.library.path" value="C:\Program Files\Java\jdk-19\bin"/>
    <property name="sun.java.command" value="C:\Users\amadoria\AppData\Local\Temp\surefire7385040301634076511\surefirebooter-20230428114100642_335.jar C:\Users\amadoria\AppData\Local\Temp\surefire7385040301634076511 2023-04-28T11-29-53_553-jvmRun1 surefire-20230428114100642_333tmp surefire_27-20230428114100642_334tmp"/>
    <property name="jdk.debug" value="release"/>
    <property name="surefire.test.class.path" value="C:\Users\amadoria\Documents\Projects\HAPKIDO\WP4\dss-fork\dss-document\target\test-classes;C:\Users\amadoria\Documents\Projects\HAPKIDO\WP4\dss-fork\dss-document\target\classes;C:\Users\amadoria\Documents\Projects\HAPKIDO\WP4\dss-fork\dss-spi\target\dss-spi-5.12.RC1.jar;C:\Users\amadoria\Documents\Projects\HAPKIDO\WP4\dss-fork\dss-model\target\dss-model-5.12.RC1.jar;C:\Users\amadoria\Documents\Projects\HAPKIDO\WP4\dss-fork\dss-enumerations\target\dss-enumerations-5.12.RC1.jar;C:\Users\amadoria\Documents\Projects\HAPKIDO\WP4\dss-fork\dss-utils\target\dss-utils-5.12.RC1.jar;C:\Users\amadoria\Documents\Projects\HAPKIDO\WP4\dss-fork\dss-crl-parser\target\dss-crl-parser-5.12.RC1.jar;C:\Users\amadoria\.m2\repository\org\slf4j\slf4j-api\2.0.6\slf4j-api-2.0.6.jar;C:\Users\amadoria\Documents\Projects\HAPKIDO\WP4\dss-fork\dss-document\libs\bcpkix-jdk18on-173b20.jar;C:\Users\amadoria\Documents\Projects\HAPKIDO\WP4\dss-fork\dss-document\libs\bcprov-jdk18on-173b20.jar;C:\Users\amadoria\Documents\Projects\HAPKIDO\WP4\dss-fork\dss-document\libs\bcutil-jdk18on-173b20.jar;C:\Users\amadoria\Documents\Projects\HAPKIDO\WP4\dss-fork\validation-policy\target\validation-policy-5.12.RC1.jar;C:\Users\amadoria\Documents\Projects\HAPKIDO\WP4\dss-fork\dss-policy-jaxb\target\dss-policy-jaxb-5.12.RC1.jar;C:\Users\amadoria\Documents\Projects\HAPKIDO\WP4\dss-fork\dss-jaxb-parsers\target\dss-jaxb-parsers-5.12.RC1.jar;C:\Users\amadoria\Documents\Projects\HAPKIDO\WP4\dss-fork\dss-jaxb-common\target\dss-jaxb-common-5.12.RC1.jar;C:\Users\amadoria\Documents\Projects\HAPKIDO\WP4\dss-fork\dss-alert\target\dss-alert-5.12.RC1.jar;C:\Users\amadoria\.m2\repository\org\glassfish\jaxb\jaxb-runtime\2.3.8\jaxb-runtime-2.3.8.jar;C:\Users\amadoria\.m2\repository\org\glassfish\jaxb\txw2\2.3.8\txw2-2.3.8.jar;C:\Users\amadoria\.m2\repository\com\sun\istack\istack-commons-runtime\3.0.12\istack-commons-runtime-3.0.12.jar;C:\Users\amadoria\.m2\repository\com\sun\activation\jakarta.activation\1.2.2\jakarta.activation-1.2.2.jar;C:\Users\amadoria\Documents\Projects\HAPKIDO\WP4\dss-fork\dss-diagnostic-jaxb\target\dss-diagnostic-jaxb-5.12.RC1.jar;C:\Users\amadoria\Documents\Projects\HAPKIDO\WP4\dss-fork\dss-simple-report-jaxb\target\dss-simple-report-jaxb-5.12.RC1.jar;C:\Users\amadoria\Documents\Projects\HAPKIDO\WP4\dss-fork\dss-simple-certificate-report-jaxb\target\dss-simple-certificate-report-jaxb-5.12.RC1.jar;C:\Users\amadoria\Documents\Projects\HAPKIDO\WP4\dss-fork\dss-detailed-report-jaxb\target\dss-detailed-report-jaxb-5.12.RC1.jar;C:\Users\amadoria\Documents\Projects\HAPKIDO\WP4\dss-fork\specs-validation-report\target\specs-validation-report-5.12.RC1.jar;C:\Users\amadoria\Documents\Projects\HAPKIDO\WP4\dss-fork\specs-xmldsig\target\specs-xmldsig-5.12.RC1.jar;C:\Users\amadoria\Documents\Projects\HAPKIDO\WP4\dss-fork\specs-xades\target\specs-xades-5.12.RC1.jar;C:\Users\amadoria\Documents\Projects\HAPKIDO\WP4\dss-fork\specs-trusted-list\target\specs-trusted-list-5.12.RC1.jar;C:\Users\amadoria\Documents\Projects\HAPKIDO\WP4\dss-fork\dss-i18n\target\dss-i18n-5.12.RC1.jar;C:\Users\amadoria\.m2\repository\ch\qos\logback\logback-classic\1.3.5\logback-classic-1.3.5.jar;C:\Users\amadoria\.m2\repository\ch\qos\logback\logback-core\1.3.5\logback-core-1.3.5.jar;C:\Users\amadoria\.m2\repository\com\fasterxml\jackson\module\jackson-module-jaxb-annotations\2.14.2\jackson-module-jaxb-annotations-2.14.2.jar;C:\Users\amadoria\.m2\repository\com\fasterxml\jackson\core\jackson-annotations\2.14.2\jackson-annotations-2.14.2.jar;C:\Users\amadoria\.m2\repository\com\fasterxml\jackson\core\jackson-core\2.14.2\jackson-core-2.14.2.jar;C:\Users\amadoria\.m2\repository\com\fasterxml\jackson\core\jackson-databind\2.14.2\jackson-databind-2.14.2.jar;C:\Users\amadoria\.m2\repository\jakarta\xml\bind\jakarta.xml.bind-api\2.3.3\jakarta.xml.bind-api-2.3.3.jar;C:\Users\amadoria\.m2\repository\jakarta\activation\jakarta.activation-api\1.2.2\jakarta.activation-api-1.2.2.jar;C:\Users\amadoria\.m2\repository\org\junit\platform\junit-platform-launcher\1.9.2\junit-platform-launcher-1.9.2.jar;C:\Users\amadoria\.m2\repository\org\junit\platform\junit-platform-engine\1.9.2\junit-platform-engine-1.9.2.jar;C:\Users\amadoria\.m2\repository\org\opentest4j\opentest4j\1.2.0\opentest4j-1.2.0.jar;C:\Users\amadoria\.m2\repository\org\junit\platform\junit-platform-commons\1.9.2\junit-platform-commons-1.9.2.jar;C:\Users\amadoria\.m2\repository\org\apiguardian\apiguardian-api\1.1.2\apiguardian-api-1.1.2.jar;C:\Users\amadoria\.m2\repository\org\junit\jupiter\junit-jupiter-engine\5.9.2\junit-jupiter-engine-5.9.2.jar;C:\Users\amadoria\.m2\repository\org\junit\jupiter\junit-jupiter-api\5.9.2\junit-jupiter-api-5.9.2.jar;C:\Users\amadoria\.m2\repository\org\junit\jupiter\junit-jupiter-params\5.9.2\junit-jupiter-params-5.9.2.jar;C:\Users\amadoria\Documents\Projects\HAPKIDO\WP4\dss-fork\dss-utils-google-guava\target\dss-utils-google-guava-5.12.RC1.jar;C:\Users\amadoria\.m2\repository\com\google\guava\guava\31.1-jre\guava-31.1-jre.jar;C:\Users\amadoria\.m2\repository\com\google\guava\failureaccess\1.0.1\failureaccess-1.0.1.jar;C:\Users\amadoria\.m2\repository\com\google\guava\listenablefuture\9999.0-empty-to-avoid-conflict-with-guava\listenablefuture-9999.0-empty-to-avoid-conflict-with-guava.jar;C:\Users\amadoria\.m2\repository\com\google\code\findbugs\jsr305\3.0.2\jsr305-3.0.2.jar;C:\Users\amadoria\.m2\repository\org\checkerframework\checker-qual\3.12.0\checker-qual-3.12.0.jar;C:\Users\amadoria\.m2\repository\com\google\errorprone\error_prone_annotations\2.11.0\error_prone_annotations-2.11.0.jar;C:\Users\amadoria\.m2\repository\com\google\j2objc\j2objc-annotations\1.3\j2objc-annotations-1.3.jar;C:\Users\amadoria\Documents\Projects\HAPKIDO\WP4\dss-fork\dss-crl-parser-stream\target\dss-crl-parser-stream-5.12.RC1.jar;"/>
    <property name="sun.cpu.endian" value="little"/>
    <property name="user.home" value="C:\Users\amadoria"/>
    <property name="user.language" value="en"/>
    <property name="java.specification.vendor" value="Oracle Corporation"/>
    <property name="java.version.date" value="2023-01-17"/>
    <property name="java.home" value="C:\Program Files\Java\jdk-19"/>
    <property name="file.separator" value="\"/>
    <property name="basedir" value="C:\Users\amadoria\Documents\Projects\HAPKIDO\WP4\dss-fork\dss-document"/>
    <property name="java.vm.compressedOopsMode" value="Zero based"/>
    <property name="line.separator" value="&#10;"/>
    <property name="java.vm.specification.vendor" value="Oracle Corporation"/>
    <property name="java.specification.name" value="Java Platform API Specification"/>
    <property name="surefire.real.class.path" value="C:\Users\amadoria\AppData\Local\Temp\surefire7385040301634076511\surefirebooter-20230428114100642_335.jar"/>
    <property name="user.script" value=""/>
    <property name="sun.management.compiler" value="HotSpot 64-Bit Tiered Compilers"/>
    <property name="java.runtime.version" value="19.0.2+7-44"/>
    <property name="user.name" value="amadoria"/>
    <property name="stdout.encoding" value="Cp1252"/>
    <property name="path.separator" value=";"/>
    <property name="os.version" value="10.0"/>
    <property name="java.runtime.name" value="Java(TM) SE Runtime Environment"/>
    <property name="file.encoding" value="UTF-8"/>
    <property name="java.vm.name" value="Java HotSpot(TM) 64-Bit Server VM"/>
    <property name="localRepository" value="C:\Users\amadoria\.m2\repository"/>
    <property name="java.vendor.url.bug" value="https://bugreport.java.com/bugreport/"/>
    <property name="java.io.tmpdir" value="C:\Users\amadoria\AppData\Local\Temp\"/>
    <property name="java.version" value="19.0.2"/>
    <property name="user.dir" value="C:\Users\amadoria\Documents\Projects\HAPKIDO\WP4\dss-fork\dss-document"/>
    <property name="os.arch" value="amd64"/>
    <property name="java.vm.specification.name" value="Java Virtual Machine Specification"/>
    <property name="sun.os.patch.level" value=""/>
    <property name="native.encoding" value="Cp1252"/>
    <property name="java.library.path" value="C:\Program Files\Java\jdk-19\bin;C:\WINDOWS\Sun\Java\bin;C:\WINDOWS\system32;C:\WINDOWS;C:\Program Files\Common Files\Oracle\Java\javapath;C:\Program Files\Eclipse Adoptium\jdk-17.0.5.8-hotspot\bin;C:\WINDOWS\system32;C:\WINDOWS;C:\WINDOWS\System32\Wbem;C:\WINDOWS\System32\WindowsPowerShell\v1.0\;C:\WINDOWS\System32\OpenSSH\;C:\Program Files\dotnet\;C:\ProgramData\chocolatey\bin;C:\Program Files\Gradle\gradle-8.0.2\bin;C:\Program Files\Maven\apache-maven-3.9.0\bin;;C:\Program Files\Docker\Docker\resources\bin;C:\Users\amadoria\AppData\Local\Programs\Python\Python38\Scripts\;C:\Users\amadoria\AppData\Local\Programs\Python\Python38\;C:\Users\amadoria\AppData\Local\Microsoft\WindowsApps;C:\Users\amadoria\AppData\Local\Programs\MiKTeX\miktex\bin\x64\;C:\Users\amadoria\AppData\Local\Programs\Microsoft VS Code\bin;C:\Users\amadoria\AppData\Roaming\Python\Scripts\;C:\Users\amadoria\AppData\Local\Programs\Git\cmd;C:\Program Files\JetBrains\IntelliJ IDEA Community Edition 2022.3.3\bin;;."/>
    <property name="java.vm.info" value="mixed mode, sharing"/>
    <property name="stderr.encoding" value="Cp1252"/>
    <property name="java.vendor" value="Oracle Corporation"/>
    <property name="java.vm.version" value="19.0.2+7-44"/>
    <property name="sun.io.unicode.encoding" value="UnicodeLittle"/>
    <property name="java.class.version" value="63.0"/>
  </properties>
  <testcase name="testWithDigestDocument" classname="eu.europa.esig.dss.validation.DetachedTimestampValidatorTest" time="0.601">
    <system-out><![CDATA[11:41:17.826 [main] DEBUG eu.europa.esig.dss.validation.CMSCertificateSource - Found Certificate Hash in SigningCertificateV2 9acf4d4e37ad647b1310d55800234bbf17fffe01caf7e63ed7223b770cb0d2e9 with algorithm SHA256
11:41:17.826 [main] DEBUG eu.europa.esig.dss.validation.CMSCertificateSource - Found Certificate Hash in SigningCertificateV2 5f522a439611dec501f0468ff6a455d23dfbd08eeb33964a0c5ede95593e1fa8 with algorithm SHA256
11:41:17.826 [main] DEBUG eu.europa.esig.dss.validation.CMSCertificateSource - Found Certificate Hash in SigningCertificateV2 4d24807b9cad5110f40ed79d934346d7c9b0290431dc9b11a40bbb86fcf2aef6 with algorithm SHA256
11:41:17.842 [main] INFO eu.europa.esig.dss.validation.CommonCertificateVerifier - + New CommonCertificateVerifier created.
11:41:17.842 [main] DEBUG eu.europa.esig.dss.validation.SignedDocumentValidator - No provided validation policy : use the default policy
11:41:17.848 [main] INFO eu.europa.esig.dss.validation.SignedDocumentValidator - Document validation...
11:41:17.854 [main] DEBUG eu.europa.esig.dss.validation.CMSCertificateSource - Found Certificate Hash in SigningCertificateV2 9acf4d4e37ad647b1310d55800234bbf17fffe01caf7e63ed7223b770cb0d2e9 with algorithm SHA256
11:41:17.855 [main] DEBUG eu.europa.esig.dss.validation.CMSCertificateSource - Found Certificate Hash in SigningCertificateV2 5f522a439611dec501f0468ff6a455d23dfbd08eeb33964a0c5ede95593e1fa8 with algorithm SHA256
11:41:17.855 [main] DEBUG eu.europa.esig.dss.validation.CMSCertificateSource - Found Certificate Hash in SigningCertificateV2 4d24807b9cad5110f40ed79d934346d7c9b0290431dc9b11a40bbb86fcf2aef6 with algorithm SHA256
11:41:17.873 [main] INFO eu.europa.esig.dss.validation.CommonCertificateVerifier - + New CommonCertificateVerifier created.
11:41:17.953 [main] WARN eu.europa.esig.dss.validation.SignatureValidationContext - POE extraction is skipped for untrusted timestamp : T-1F9F5B92B9DF5678CD57A7B47FEEADDE365017BD67E5E7468A5ADF14F6CC901F.
11:41:17.956 [main] WARN eu.europa.esig.dss.validation.SignatureValidationContext - No revocation found for the certificate C-5F522A439611DEC501F0468FF6A455D23DFBD08EEB33964A0C5EDE95593E1FA8
11:41:17.957 [main] DEBUG eu.europa.esig.dss.validation.SignatureValidationContext - Revocation data is not required for certificate : C-4D24807B9CAD5110F40ED79D934346D7C9B0290431DC9B11A40BBB86FCF2AEF6
11:41:17.958 [main] WARN eu.europa.esig.dss.validation.SignatureValidationContext - No revocation found for the certificate C-9ACF4D4E37AD647B1310D55800234BBF17FFFE01CAF7E63ED7223B770CB0D2E9
11:41:17.970 [main] WARN eu.europa.esig.dss.validation.DiagnosticDataBuilder - Provided CertificateSource configuration contains none of trusted sources of type TRUSTED_STORE or TRUSTED_LIST!
11:41:17.970 [main] INFO eu.europa.esig.dss.validation.SignedDocumentValidator - Default SignaturePolicyProvider instantiated with NativeHTTPDataLoader.
]]></system-out>
  </testcase>
  <testcase name="sdvTooMuchFiles" classname="eu.europa.esig.dss.validation.DetachedTimestampValidatorTest" time="0.035">
    <system-out><![CDATA[11:41:18.238 [main] INFO eu.europa.esig.dss.validation.CommonCertificateVerifier - + New CommonCertificateVerifier created.
11:41:18.238 [main] DEBUG eu.europa.esig.dss.validation.SignedDocumentValidator - No provided validation policy : use the default policy
11:41:18.242 [main] INFO eu.europa.esig.dss.validation.SignedDocumentValidator - Document validation...
11:41:18.247 [main] DEBUG eu.europa.esig.dss.validation.CMSCertificateSource - Found Certificate Hash in SigningCertificateV2 9acf4d4e37ad647b1310d55800234bbf17fffe01caf7e63ed7223b770cb0d2e9 with algorithm SHA256
11:41:18.248 [main] DEBUG eu.europa.esig.dss.validation.CMSCertificateSource - Found Certificate Hash in SigningCertificateV2 5f522a439611dec501f0468ff6a455d23dfbd08eeb33964a0c5ede95593e1fa8 with algorithm SHA256
11:41:18.248 [main] DEBUG eu.europa.esig.dss.validation.CMSCertificateSource - Found Certificate Hash in SigningCertificateV2 4d24807b9cad5110f40ed79d934346d7c9b0290431dc9b11a40bbb86fcf2aef6 with algorithm SHA256
]]></system-out>
  </testcase>
  <testcase name="testWithAttached" classname="eu.europa.esig.dss.validation.DetachedTimestampValidatorTest" time="0.098">
    <system-out><![CDATA[11:41:18.264 [main] INFO eu.europa.esig.dss.validation.CommonCertificateVerifier - + New CommonCertificateVerifier created.
11:41:18.264 [main] DEBUG eu.europa.esig.dss.validation.SignedDocumentValidator - No provided validation policy : use the default policy
11:41:18.270 [main] INFO eu.europa.esig.dss.validation.SignedDocumentValidator - Document validation...
11:41:18.274 [main] DEBUG eu.europa.esig.dss.validation.CMSCertificateSource - Found Certificate Hash in SigningCertificateV2 9acf4d4e37ad647b1310d55800234bbf17fffe01caf7e63ed7223b770cb0d2e9 with algorithm SHA256
11:41:18.274 [main] DEBUG eu.europa.esig.dss.validation.CMSCertificateSource - Found Certificate Hash in SigningCertificateV2 5f522a439611dec501f0468ff6a455d23dfbd08eeb33964a0c5ede95593e1fa8 with algorithm SHA256
11:41:18.274 [main] DEBUG eu.europa.esig.dss.validation.CMSCertificateSource - Found Certificate Hash in SigningCertificateV2 4d24807b9cad5110f40ed79d934346d7c9b0290431dc9b11a40bbb86fcf2aef6 with algorithm SHA256
11:41:18.287 [main] INFO eu.europa.esig.dss.validation.CommonCertificateVerifier - + New CommonCertificateVerifier created.
11:41:18.308 [main] WARN eu.europa.esig.dss.validation.SignatureValidationContext - POE extraction is skipped for untrusted timestamp : T-1F9F5B92B9DF5678CD57A7B47FEEADDE365017BD67E5E7468A5ADF14F6CC901F.
11:41:18.310 [main] WARN eu.europa.esig.dss.validation.SignatureValidationContext - No revocation found for the certificate C-5F522A439611DEC501F0468FF6A455D23DFBD08EEB33964A0C5EDE95593E1FA8
11:41:18.312 [main] DEBUG eu.europa.esig.dss.validation.SignatureValidationContext - Revocation data is not required for certificate : C-4D24807B9CAD5110F40ED79D934346D7C9B0290431DC9B11A40BBB86FCF2AEF6
11:41:18.315 [main] WARN eu.europa.esig.dss.validation.SignatureValidationContext - No revocation found for the certificate C-9ACF4D4E37AD647B1310D55800234BBF17FFFE01CAF7E63ED7223B770CB0D2E9
11:41:18.315 [main] WARN eu.europa.esig.dss.validation.DiagnosticDataBuilder - Provided CertificateSource configuration contains none of trusted sources of type TRUSTED_STORE or TRUSTED_LIST!
11:41:18.315 [main] INFO eu.europa.esig.dss.validation.SignedDocumentValidator - Default SignaturePolicyProvider instantiated with NativeHTTPDataLoader.
]]></system-out>
  </testcase>
  <testcase name="sdv1" classname="eu.europa.esig.dss.validation.DetachedTimestampValidatorTest" time="0.085">
    <system-out><![CDATA[11:41:18.377 [main] INFO eu.europa.esig.dss.validation.CommonCertificateVerifier - + New CommonCertificateVerifier created.
11:41:18.378 [main] DEBUG eu.europa.esig.dss.validation.SignedDocumentValidator - No provided validation policy : use the default policy
11:41:18.385 [main] INFO eu.europa.esig.dss.validation.SignedDocumentValidator - Document validation...
11:41:18.389 [main] DEBUG eu.europa.esig.dss.validation.CMSCertificateSource - Found Certificate Hash in SigningCertificateV2 9acf4d4e37ad647b1310d55800234bbf17fffe01caf7e63ed7223b770cb0d2e9 with algorithm SHA256
11:41:18.389 [main] DEBUG eu.europa.esig.dss.validation.CMSCertificateSource - Found Certificate Hash in SigningCertificateV2 5f522a439611dec501f0468ff6a455d23dfbd08eeb33964a0c5ede95593e1fa8 with algorithm SHA256
11:41:18.389 [main] DEBUG eu.europa.esig.dss.validation.CMSCertificateSource - Found Certificate Hash in SigningCertificateV2 4d24807b9cad5110f40ed79d934346d7c9b0290431dc9b11a40bbb86fcf2aef6 with algorithm SHA256
11:41:18.397 [main] INFO eu.europa.esig.dss.validation.CommonCertificateVerifier - + New CommonCertificateVerifier created.
11:41:18.409 [main] WARN eu.europa.esig.dss.validation.SignatureValidationContext - POE extraction is skipped for untrusted timestamp : T-1F9F5B92B9DF5678CD57A7B47FEEADDE365017BD67E5E7468A5ADF14F6CC901F.
11:41:18.411 [main] WARN eu.europa.esig.dss.validation.SignatureValidationContext - No revocation found for the certificate C-5F522A439611DEC501F0468FF6A455D23DFBD08EEB33964A0C5EDE95593E1FA8
11:41:18.413 [main] DEBUG eu.europa.esig.dss.validation.SignatureValidationContext - Revocation data is not required for certificate : C-4D24807B9CAD5110F40ED79D934346D7C9B0290431DC9B11A40BBB86FCF2AEF6
11:41:18.416 [main] WARN eu.europa.esig.dss.validation.SignatureValidationContext - No revocation found for the certificate C-9ACF4D4E37AD647B1310D55800234BBF17FFFE01CAF7E63ED7223B770CB0D2E9
11:41:18.417 [main] WARN eu.europa.esig.dss.validation.DiagnosticDataBuilder - Provided CertificateSource configuration contains none of trusted sources of type TRUSTED_STORE or TRUSTED_LIST!
11:41:18.417 [main] INFO eu.europa.esig.dss.validation.SignedDocumentValidator - Default SignaturePolicyProvider instantiated with NativeHTTPDataLoader.
]]></system-out>
  </testcase>
  <testcase name="sdv2" classname="eu.europa.esig.dss.validation.DetachedTimestampValidatorTest" time="0.096">
    <system-out><![CDATA[11:41:18.471 [main] INFO eu.europa.esig.dss.validation.CommonCertificateVerifier - + New CommonCertificateVerifier created.
11:41:18.472 [main] DEBUG eu.europa.esig.dss.validation.SignedDocumentValidator - No provided validation policy : use the default policy
11:41:18.485 [main] INFO eu.europa.esig.dss.validation.SignedDocumentValidator - Document validation...
11:41:18.491 [main] DEBUG eu.europa.esig.dss.validation.CMSCertificateSource - Found Certificate Hash in SigningCertificateV2 9acf4d4e37ad647b1310d55800234bbf17fffe01caf7e63ed7223b770cb0d2e9 with algorithm SHA256
11:41:18.492 [main] DEBUG eu.europa.esig.dss.validation.CMSCertificateSource - Found Certificate Hash in SigningCertificateV2 5f522a439611dec501f0468ff6a455d23dfbd08eeb33964a0c5ede95593e1fa8 with algorithm SHA256
11:41:18.493 [main] DEBUG eu.europa.esig.dss.validation.CMSCertificateSource - Found Certificate Hash in SigningCertificateV2 4d24807b9cad5110f40ed79d934346d7c9b0290431dc9b11a40bbb86fcf2aef6 with algorithm SHA256
11:41:18.502 [main] INFO eu.europa.esig.dss.validation.CommonCertificateVerifier - + New CommonCertificateVerifier created.
11:41:18.508 [main] WARN eu.europa.esig.dss.validation.SignatureValidationContext - POE extraction is skipped for untrusted timestamp : T-1F9F5B92B9DF5678CD57A7B47FEEADDE365017BD67E5E7468A5ADF14F6CC901F.
11:41:18.510 [main] WARN eu.europa.esig.dss.validation.SignatureValidationContext - No revocation found for the certificate C-5F522A439611DEC501F0468FF6A455D23DFBD08EEB33964A0C5EDE95593E1FA8
11:41:18.512 [main] DEBUG eu.europa.esig.dss.validation.SignatureValidationContext - Revocation data is not required for certificate : C-4D24807B9CAD5110F40ED79D934346D7C9B0290431DC9B11A40BBB86FCF2AEF6
11:41:18.514 [main] WARN eu.europa.esig.dss.validation.SignatureValidationContext - No revocation found for the certificate C-9ACF4D4E37AD647B1310D55800234BBF17FFFE01CAF7E63ED7223B770CB0D2E9
11:41:18.514 [main] WARN eu.europa.esig.dss.validation.DiagnosticDataBuilder - Provided CertificateSource configuration contains none of trusted sources of type TRUSTED_STORE or TRUSTED_LIST!
11:41:18.514 [main] INFO eu.europa.esig.dss.validation.SignedDocumentValidator - Default SignaturePolicyProvider instantiated with NativeHTTPDataLoader.
]]></system-out>
  </testcase>
  <testcase name="sdvNoFile" classname="eu.europa.esig.dss.validation.DetachedTimestampValidatorTest" time="0.198">
    <system-out><![CDATA[11:41:18.555 [main] INFO eu.europa.esig.dss.validation.CommonCertificateVerifier - + New CommonCertificateVerifier created.
11:41:18.556 [main] DEBUG eu.europa.esig.dss.validation.SignedDocumentValidator - No provided validation policy : use the default policy
11:41:18.563 [main] INFO eu.europa.esig.dss.validation.SignedDocumentValidator - Document validation...
11:41:18.570 [main] DEBUG eu.europa.esig.dss.validation.CMSCertificateSource - Found Certificate Hash in SigningCertificateV2 9acf4d4e37ad647b1310d55800234bbf17fffe01caf7e63ed7223b770cb0d2e9 with algorithm SHA256
11:41:18.570 [main] DEBUG eu.europa.esig.dss.validation.CMSCertificateSource - Found Certificate Hash in SigningCertificateV2 5f522a439611dec501f0468ff6a455d23dfbd08eeb33964a0c5ede95593e1fa8 with algorithm SHA256
11:41:18.570 [main] DEBUG eu.europa.esig.dss.validation.CMSCertificateSource - Found Certificate Hash in SigningCertificateV2 4d24807b9cad5110f40ed79d934346d7c9b0290431dc9b11a40bbb86fcf2aef6 with algorithm SHA256
11:41:18.571 [main] WARN eu.europa.esig.dss.validation.timestamp.TimestampToken - Timestamped data not found !
11:41:18.585 [main] INFO eu.europa.esig.dss.validation.CommonCertificateVerifier - + New CommonCertificateVerifier created.
11:41:18.604 [main] WARN eu.europa.esig.dss.validation.SignatureValidationContext - POE extraction is skipped for untrusted timestamp : T-1F9F5B92B9DF5678CD57A7B47FEEADDE365017BD67E5E7468A5ADF14F6CC901F.
11:41:18.606 [main] WARN eu.europa.esig.dss.validation.SignatureValidationContext - No revocation found for the certificate C-5F522A439611DEC501F0468FF6A455D23DFBD08EEB33964A0C5EDE95593E1FA8
11:41:18.607 [main] DEBUG eu.europa.esig.dss.validation.SignatureValidationContext - Revocation data is not required for certificate : C-4D24807B9CAD5110F40ED79D934346D7C9B0290431DC9B11A40BBB86FCF2AEF6
11:41:18.608 [main] WARN eu.europa.esig.dss.validation.SignatureValidationContext - No revocation found for the certificate C-9ACF4D4E37AD647B1310D55800234BBF17FFFE01CAF7E63ED7223B770CB0D2E9
11:41:18.608 [main] WARN eu.europa.esig.dss.validation.DiagnosticDataBuilder - Provided CertificateSource configuration contains none of trusted sources of type TRUSTED_STORE or TRUSTED_LIST!
11:41:18.608 [main] INFO eu.europa.esig.dss.validation.SignedDocumentValidator - Default SignaturePolicyProvider instantiated with NativeHTTPDataLoader.
11:41:18.634 [main] INFO eu.europa.esig.dss.validation.CommonCertificateVerifier - + New CommonCertificateVerifier created.
11:41:18.634 [main] DEBUG eu.europa.esig.dss.validation.SignedDocumentValidator - No provided validation policy : use the default policy
11:41:18.639 [main] INFO eu.europa.esig.dss.validation.SignedDocumentValidator - Document validation...
11:41:18.642 [main] DEBUG eu.europa.esig.dss.validation.CMSCertificateSource - Found Certificate Hash in SigningCertificateV2 9acf4d4e37ad647b1310d55800234bbf17fffe01caf7e63ed7223b770cb0d2e9 with algorithm SHA256
11:41:18.642 [main] DEBUG eu.europa.esig.dss.validation.CMSCertificateSource - Found Certificate Hash in SigningCertificateV2 5f522a439611dec501f0468ff6a455d23dfbd08eeb33964a0c5ede95593e1fa8 with algorithm SHA256
11:41:18.642 [main] DEBUG eu.europa.esig.dss.validation.CMSCertificateSource - Found Certificate Hash in SigningCertificateV2 4d24807b9cad5110f40ed79d934346d7c9b0290431dc9b11a40bbb86fcf2aef6 with algorithm SHA256
11:41:18.642 [main] WARN eu.europa.esig.dss.validation.timestamp.TimestampToken - Timestamped data not found !
11:41:18.649 [main] INFO eu.europa.esig.dss.validation.CommonCertificateVerifier - + New CommonCertificateVerifier created.
11:41:18.656 [main] WARN eu.europa.esig.dss.validation.SignatureValidationContext - POE extraction is skipped for untrusted timestamp : T-1F9F5B92B9DF5678CD57A7B47FEEADDE365017BD67E5E7468A5ADF14F6CC901F.
11:41:18.658 [main] WARN eu.europa.esig.dss.validation.SignatureValidationContext - No revocation found for the certificate C-5F522A439611DEC501F0468FF6A455D23DFBD08EEB33964A0C5EDE95593E1FA8
11:41:18.658 [main] DEBUG eu.europa.esig.dss.validation.SignatureValidationContext - Revocation data is not required for certificate : C-4D24807B9CAD5110F40ED79D934346D7C9B0290431DC9B11A40BBB86FCF2AEF6
11:41:18.659 [main] WARN eu.europa.esig.dss.validation.SignatureValidationContext - No revocation found for the certificate C-9ACF4D4E37AD647B1310D55800234BBF17FFFE01CAF7E63ED7223B770CB0D2E9
11:41:18.660 [main] WARN eu.europa.esig.dss.validation.DiagnosticDataBuilder - Provided CertificateSource configuration contains none of trusted sources of type TRUSTED_STORE or TRUSTED_LIST!
11:41:18.660 [main] INFO eu.europa.esig.dss.validation.SignedDocumentValidator - Default SignaturePolicyProvider instantiated with NativeHTTPDataLoader.
11:41:18.688 [main] INFO eu.europa.esig.dss.validation.CommonCertificateVerifier - + New CommonCertificateVerifier created.
11:41:18.688 [main] DEBUG eu.europa.esig.dss.validation.SignedDocumentValidator - No provided validation policy : use the default policy
11:41:18.698 [main] INFO eu.europa.esig.dss.validation.SignedDocumentValidator - Document validation...
11:41:18.702 [main] DEBUG eu.europa.esig.dss.validation.CMSCertificateSource - Found Certificate Hash in SigningCertificateV2 9acf4d4e37ad647b1310d55800234bbf17fffe01caf7e63ed7223b770cb0d2e9 with algorithm SHA256
11:41:18.702 [main] DEBUG eu.europa.esig.dss.validation.CMSCertificateSource - Found Certificate Hash in SigningCertificateV2 5f522a439611dec501f0468ff6a455d23dfbd08eeb33964a0c5ede95593e1fa8 with algorithm SHA256
11:41:18.702 [main] DEBUG eu.europa.esig.dss.validation.CMSCertificateSource - Found Certificate Hash in SigningCertificateV2 4d24807b9cad5110f40ed79d934346d7c9b0290431dc9b11a40bbb86fcf2aef6 with algorithm SHA256
11:41:18.703 [main] WARN eu.europa.esig.dss.validation.timestamp.TimestampToken - Provided digest value for TimestampToken matchData : 9J2lCQeNBbGHE+kAMIYkXj13UcrmxfRk47MpeceBHq8=
11:41:18.703 [main] WARN eu.europa.esig.dss.validation.timestamp.TimestampToken - Digest (SHA256) present in TimestampToken : 2bX1jws4GYKTlxhloUB09Z66PoJZW+y+hq5R8dnx9l4=
11:41:18.703 [main] WARN eu.europa.esig.dss.validation.timestamp.TimestampToken - Digest in TimestampToken matches digest of extracted data from document: false
11:41:18.716 [main] INFO eu.europa.esig.dss.validation.CommonCertificateVerifier - + New CommonCertificateVerifier created.
11:41:18.723 [main] WARN eu.europa.esig.dss.validation.SignatureValidationContext - POE extraction is skipped for untrusted timestamp : T-1F9F5B92B9DF5678CD57A7B47FEEADDE365017BD67E5E7468A5ADF14F6CC901F.
11:41:18.725 [main] WARN eu.europa.esig.dss.validation.SignatureValidationContext - No revocation found for the certificate C-5F522A439611DEC501F0468FF6A455D23DFBD08EEB33964A0C5EDE95593E1FA8
11:41:18.726 [main] DEBUG eu.europa.esig.dss.validation.SignatureValidationContext - Revocation data is not required for certificate : C-4D24807B9CAD5110F40ED79D934346D7C9B0290431DC9B11A40BBB86FCF2AEF6
11:41:18.726 [main] WARN eu.europa.esig.dss.validation.SignatureValidationContext - No revocation found for the certificate C-9ACF4D4E37AD647B1310D55800234BBF17FFFE01CAF7E63ED7223B770CB0D2E9
11:41:18.726 [main] WARN eu.europa.esig.dss.validation.DiagnosticDataBuilder - Provided CertificateSource configuration contains none of trusted sources of type TRUSTED_STORE or TRUSTED_LIST!
11:41:18.726 [main] INFO eu.europa.esig.dss.validation.SignedDocumentValidator - Default SignaturePolicyProvider instantiated with NativeHTTPDataLoader.
]]></system-out>
  </testcase>
  <testcase name="detachedNoFile" classname="eu.europa.esig.dss.validation.DetachedTimestampValidatorTest" time="0.053">
    <system-out><![CDATA[11:41:18.744 [main] INFO eu.europa.esig.dss.validation.CommonCertificateVerifier - + New CommonCertificateVerifier created.
11:41:18.744 [main] DEBUG eu.europa.esig.dss.validation.SignedDocumentValidator - No provided validation policy : use the default policy
11:41:18.751 [main] INFO eu.europa.esig.dss.validation.SignedDocumentValidator - Document validation...
11:41:18.754 [main] DEBUG eu.europa.esig.dss.validation.CMSCertificateSource - Found Certificate Hash in SigningCertificateV2 9acf4d4e37ad647b1310d55800234bbf17fffe01caf7e63ed7223b770cb0d2e9 with algorithm SHA256
11:41:18.754 [main] DEBUG eu.europa.esig.dss.validation.CMSCertificateSource - Found Certificate Hash in SigningCertificateV2 5f522a439611dec501f0468ff6a455d23dfbd08eeb33964a0c5ede95593e1fa8 with algorithm SHA256
11:41:18.754 [main] DEBUG eu.europa.esig.dss.validation.CMSCertificateSource - Found Certificate Hash in SigningCertificateV2 4d24807b9cad5110f40ed79d934346d7c9b0290431dc9b11a40bbb86fcf2aef6 with algorithm SHA256
11:41:18.755 [main] WARN eu.europa.esig.dss.validation.timestamp.TimestampToken - Timestamped data not found !
11:41:18.764 [main] INFO eu.europa.esig.dss.validation.CommonCertificateVerifier - + New CommonCertificateVerifier created.
11:41:18.774 [main] WARN eu.europa.esig.dss.validation.SignatureValidationContext - POE extraction is skipped for untrusted timestamp : T-1F9F5B92B9DF5678CD57A7B47FEEADDE365017BD67E5E7468A5ADF14F6CC901F.
11:41:18.775 [main] WARN eu.europa.esig.dss.validation.SignatureValidationContext - No revocation found for the certificate C-5F522A439611DEC501F0468FF6A455D23DFBD08EEB33964A0C5EDE95593E1FA8
11:41:18.775 [main] DEBUG eu.europa.esig.dss.validation.SignatureValidationContext - Revocation data is not required for certificate : C-4D24807B9CAD5110F40ED79D934346D7C9B0290431DC9B11A40BBB86FCF2AEF6
11:41:18.776 [main] WARN eu.europa.esig.dss.validation.SignatureValidationContext - No revocation found for the certificate C-9ACF4D4E37AD647B1310D55800234BBF17FFFE01CAF7E63ED7223B770CB0D2E9
11:41:18.776 [main] WARN eu.europa.esig.dss.validation.DiagnosticDataBuilder - Provided CertificateSource configuration contains none of trusted sources of type TRUSTED_STORE or TRUSTED_LIST!
11:41:18.776 [main] INFO eu.europa.esig.dss.validation.SignedDocumentValidator - Default SignaturePolicyProvider instantiated with NativeHTTPDataLoader.
]]></system-out>
  </testcase>
  <testcase name="dss1929SDV" classname="eu.europa.esig.dss.validation.DetachedTimestampValidatorTest" time="0.147">
    <system-out><![CDATA[11:41:18.831 [main] DEBUG eu.europa.esig.dss.validation.CMSCertificateSource - Found Certificate Hash in signingCertificateAttributeV1 3e26b9558c7fd3673e9e4539c6964ee177419151 with algorithm SHA1
11:41:18.846 [main] INFO eu.europa.esig.dss.validation.CommonCertificateVerifier - + New CommonCertificateVerifier created.
11:41:18.852 [main] INFO eu.europa.esig.dss.validation.SignedDocumentValidator - Document validation...
11:41:18.855 [main] DEBUG eu.europa.esig.dss.validation.CMSCertificateSource - Found Certificate Hash in signingCertificateAttributeV1 3e26b9558c7fd3673e9e4539c6964ee177419151 with algorithm SHA1
11:41:18.860 [main] INFO eu.europa.esig.dss.validation.CommonCertificateVerifier - + New CommonCertificateVerifier created.
11:41:18.875 [main] WARN eu.europa.esig.dss.validation.SignatureValidationContext - POE extraction is skipped for untrusted timestamp : T-E52665A41447EB3BE9609D420DB49F9D11320D4F0458EA646AB2AFD3966B05CD.
11:41:18.876 [main] INFO eu.europa.esig.dss.spi.x509.revocation.ocsp.OCSPToken - OCSP status is good
11:41:18.892 [main] DEBUG eu.europa.esig.dss.spi.x509.SignatureIntegrityValidator - Determining signing certificate from certificate candidates list...
11:41:18.893 [main] DEBUG eu.europa.esig.dss.spi.x509.SignatureIntegrityValidator - Public key matching the signature value found.
11:41:18.893 [main] DEBUG eu.europa.esig.dss.spi.x509.revocation.ocsp.OCSPToken - OCSPToken created : R-71047CCCA3881EB7B3BD393D6FC209554C9985C5A7E39ECBBB773F0A5566A2ED)
11:41:18.897 [main] DEBUG eu.europa.esig.dss.validation.SignatureValidationContext - Revocation data is not required for certificate : C-C0EDC093EF6A0D162F999D69AF3E62A7AAA6A907DDFA305B042BF2070297C10E
11:41:18.898 [main] DEBUG eu.europa.esig.dss.validation.SignatureValidationContext - Revocation data is not required for certificate : C-5F40DEF90FD8B098FBBACE1D2AC1D06F65F04E8F885CEFB615843BA126932B08
11:41:18.899 [main] WARN eu.europa.esig.dss.validation.DiagnosticDataBuilder - Provided CertificateSource configuration contains none of trusted sources of type TRUSTED_STORE or TRUSTED_LIST!
11:41:18.899 [main] INFO eu.europa.esig.dss.validation.SignedDocumentValidator - Default SignaturePolicyProvider instantiated with NativeHTTPDataLoader.
]]></system-out>
  </testcase>
  <testcase name="dss1929" classname="eu.europa.esig.dss.validation.DetachedTimestampValidatorTest" time="0.096">
    <system-out><![CDATA[11:41:18.941 [main] DEBUG eu.europa.esig.dss.validation.CMSCertificateSource - Found Certificate Hash in signingCertificateAttributeV1 3e26b9558c7fd3673e9e4539c6964ee177419151 with algorithm SHA1
11:41:18.948 [main] INFO eu.europa.esig.dss.validation.CommonCertificateVerifier - + New CommonCertificateVerifier created.
11:41:18.952 [main] INFO eu.europa.esig.dss.validation.SignedDocumentValidator - Document validation...
11:41:18.955 [main] DEBUG eu.europa.esig.dss.validation.CMSCertificateSource - Found Certificate Hash in signingCertificateAttributeV1 3e26b9558c7fd3673e9e4539c6964ee177419151 with algorithm SHA1
11:41:18.965 [main] INFO eu.europa.esig.dss.validation.CommonCertificateVerifier - + New CommonCertificateVerifier created.
11:41:18.973 [main] WARN eu.europa.esig.dss.validation.SignatureValidationContext - POE extraction is skipped for untrusted timestamp : T-E52665A41447EB3BE9609D420DB49F9D11320D4F0458EA646AB2AFD3966B05CD.
11:41:18.979 [main] INFO eu.europa.esig.dss.spi.x509.revocation.ocsp.OCSPToken - OCSP status is good
11:41:18.982 [main] DEBUG eu.europa.esig.dss.spi.x509.SignatureIntegrityValidator - Determining signing certificate from certificate candidates list...
11:41:18.983 [main] DEBUG eu.europa.esig.dss.spi.x509.SignatureIntegrityValidator - Public key matching the signature value found.
11:41:18.984 [main] DEBUG eu.europa.esig.dss.spi.x509.revocation.ocsp.OCSPToken - OCSPToken created : R-71047CCCA3881EB7B3BD393D6FC209554C9985C5A7E39ECBBB773F0A5566A2ED)
11:41:18.989 [main] DEBUG eu.europa.esig.dss.validation.SignatureValidationContext - Revocation data is not required for certificate : C-C0EDC093EF6A0D162F999D69AF3E62A7AAA6A907DDFA305B042BF2070297C10E
11:41:18.997 [main] DEBUG eu.europa.esig.dss.validation.SignatureValidationContext - Revocation data is not required for certificate : C-5F40DEF90FD8B098FBBACE1D2AC1D06F65F04E8F885CEFB615843BA126932B08
11:41:18.998 [main] WARN eu.europa.esig.dss.validation.DiagnosticDataBuilder - Provided CertificateSource configuration contains none of trusted sources of type TRUSTED_STORE or TRUSTED_LIST!
11:41:18.998 [main] INFO eu.europa.esig.dss.validation.SignedDocumentValidator - Default SignaturePolicyProvider instantiated with NativeHTTPDataLoader.
]]></system-out>
  </testcase>
</testsuite>