<?xml version="1.0" encoding="UTF-8"?>
<testsuite xmlns:xsi="http://www.w3.org/2001/XMLSchema-instance" xsi:noNamespaceSchemaLocation="https://maven.apache.org/surefire/maven-surefire-plugin/xsd/surefire-test-report-3.0.xsd" version="3.0" name="eu.europa.esig.dss.signature.BaselineBCertificateSelectorTest" time="2.672" tests="12" errors="0" skipped="0" failures="0">
  <properties>
    <property name="java.specification.version" value="19"/>
    <property name="sun.cpu.isalist" value="amd64"/>
    <property name="sun.jnu.encoding" value="Cp1252"/>
    <property name="java.class.path" value="C:\Users\amadoria\Documents\Projects\HAPKIDO\WP4\dss-fork\dss-document\target\test-classes;C:\Users\amadoria\Documents\Projects\HAPKIDO\WP4\dss-fork\dss-document\target\classes;C:\Users\amadoria\Documents\Projects\HAPKIDO\WP4\dss-fork\dss-spi\target\dss-spi-5.12.RC1.jar;C:\Users\amadoria\Documents\Projects\HAPKIDO\WP4\dss-fork\dss-model\target\dss-model-5.12.RC1.jar;C:\Users\amadoria\Documents\Projects\HAPKIDO\WP4\dss-fork\dss-enumerations\target\dss-enumerations-5.12.RC1.jar;C:\Users\amadoria\Documents\Projects\HAPKIDO\WP4\dss-fork\dss-utils\target\dss-utils-5.12.RC1.jar;C:\Users\amadoria\Documents\Projects\HAPKIDO\WP4\dss-fork\dss-crl-parser\target\dss-crl-parser-5.12.RC1.jar;C:\Users\amadoria\.m2\repository\org\slf4j\slf4j-api\2.0.6\slf4j-api-2.0.6.jar;C:\Users\amadoria\Documents\Projects\HAPKIDO\WP4\dss-fork\dss-document\libs\bcpkix-jdk18on-173b20.jar;C:\Users\amadoria\Documents\Projects\HAPKIDO\WP4\dss-fork\dss-document\libs\bcprov-jdk18on-173b20.jar;C:\Users\amadoria\Documents\Projects\HAPKIDO\WP4\dss-fork\dss-document\libs\bcutil-jdk18on-173b20.jar;C:\Users\amadoria\Documents\Projects\HAPKIDO\WP4\dss-fork\validation-policy\target\validation-policy-5.12.RC1.jar;C:\Users\amadoria\Documents\Projects\HAPKIDO\WP4\dss-fork\dss-policy-jaxb\target\dss-policy-jaxb-5.12.RC1.jar;C:\Users\amadoria\Documents\Projects\HAPKIDO\WP4\dss-fork\dss-jaxb-parsers\target\dss-jaxb-parsers-5.12.RC1.jar;C:\Users\amadoria\Documents\Projects\HAPKIDO\WP4\dss-fork\dss-jaxb-common\target\dss-jaxb-common-5.12.RC1.jar;C:\Users\amadoria\Documents\Projects\HAPKIDO\WP4\dss-fork\dss-alert\target\dss-alert-5.12.RC1.jar;C:\Users\amadoria\.m2\repository\org\glassfish\jaxb\jaxb-runtime\2.3.8\jaxb-runtime-2.3.8.jar;C:\Users\amadoria\.m2\repository\org\glassfish\jaxb\txw2\2.3.8\txw2-2.3.8.jar;C:\Users\amadoria\.m2\repository\com\sun\istack\istack-commons-runtime\3.0.12\istack-commons-runtime-3.0.12.jar;C:\Users\amadoria\.m2\repository\com\sun\activation\jakarta.activation\1.2.2\jakarta.activation-1.2.2.jar;C:\Users\amadoria\Documents\Projects\HAPKIDO\WP4\dss-fork\dss-diagnostic-jaxb\target\dss-diagnostic-jaxb-5.12.RC1.jar;C:\Users\amadoria\Documents\Projects\HAPKIDO\WP4\dss-fork\dss-simple-report-jaxb\target\dss-simple-report-jaxb-5.12.RC1.jar;C:\Users\amadoria\Documents\Projects\HAPKIDO\WP4\dss-fork\dss-simple-certificate-report-jaxb\target\dss-simple-certificate-report-jaxb-5.12.RC1.jar;C:\Users\amadoria\Documents\Projects\HAPKIDO\WP4\dss-fork\dss-detailed-report-jaxb\target\dss-detailed-report-jaxb-5.12.RC1.jar;C:\Users\amadoria\Documents\Projects\HAPKIDO\WP4\dss-fork\specs-validation-report\target\specs-validation-report-5.12.RC1.jar;C:\Users\amadoria\Documents\Projects\HAPKIDO\WP4\dss-fork\specs-xmldsig\target\specs-xmldsig-5.12.RC1.jar;C:\Users\amadoria\Documents\Projects\HAPKIDO\WP4\dss-fork\specs-xades\target\specs-xades-5.12.RC1.jar;C:\Users\amadoria\Documents\Projects\HAPKIDO\WP4\dss-fork\specs-trusted-list\target\specs-trusted-list-5.12.RC1.jar;C:\Users\amadoria\Documents\Projects\HAPKIDO\WP4\dss-fork\dss-i18n\target\dss-i18n-5.12.RC1.jar;C:\Users\amadoria\.m2\repository\ch\qos\logback\logback-classic\1.3.5\logback-classic-1.3.5.jar;C:\Users\amadoria\.m2\repository\ch\qos\logback\logback-core\1.3.5\logback-core-1.3.5.jar;C:\Users\amadoria\.m2\repository\com\fasterxml\jackson\module\jackson-module-jaxb-annotations\2.14.2\jackson-module-jaxb-annotations-2.14.2.jar;C:\Users\amadoria\.m2\repository\com\fasterxml\jackson\core\jackson-annotations\2.14.2\jackson-annotations-2.14.2.jar;C:\Users\amadoria\.m2\repository\com\fasterxml\jackson\core\jackson-core\2.14.2\jackson-core-2.14.2.jar;C:\Users\amadoria\.m2\repository\com\fasterxml\jackson\core\jackson-databind\2.14.2\jackson-databind-2.14.2.jar;C:\Users\amadoria\.m2\repository\jakarta\xml\bind\jakarta.xml.bind-api\2.3.3\jakarta.xml.bind-api-2.3.3.jar;C:\Users\amadoria\.m2\repository\jakarta\activation\jakarta.activation-api\1.2.2\jakarta.activation-api-1.2.2.jar;C:\Users\amadoria\.m2\repository\org\junit\platform\junit-platform-launcher\1.9.2\junit-platform-launcher-1.9.2.jar;C:\Users\amadoria\.m2\repository\org\junit\platform\junit-platform-engine\1.9.2\junit-platform-engine-1.9.2.jar;C:\Users\amadoria\.m2\repository\org\opentest4j\opentest4j\1.2.0\opentest4j-1.2.0.jar;C:\Users\amadoria\.m2\repository\org\junit\platform\junit-platform-commons\1.9.2\junit-platform-commons-1.9.2.jar;C:\Users\amadoria\.m2\repository\org\apiguardian\apiguardian-api\1.1.2\apiguardian-api-1.1.2.jar;C:\Users\amadoria\.m2\repository\org\junit\jupiter\junit-jupiter-engine\5.9.2\junit-jupiter-engine-5.9.2.jar;C:\Users\amadoria\.m2\repository\org\junit\jupiter\junit-jupiter-api\5.9.2\junit-jupiter-api-5.9.2.jar;C:\Users\amadoria\.m2\repository\org\junit\jupiter\junit-jupiter-params\5.9.2\junit-jupiter-params-5.9.2.jar;C:\Users\amadoria\Documents\Projects\HAPKIDO\WP4\dss-fork\dss-utils-google-guava\target\dss-utils-google-guava-5.12.RC1.jar;C:\Users\amadoria\.m2\repository\com\google\guava\guava\31.1-jre\guava-31.1-jre.jar;C:\Users\amadoria\.m2\repository\com\google\guava\failureaccess\1.0.1\failureaccess-1.0.1.jar;C:\Users\amadoria\.m2\repository\com\google\guava\listenablefuture\9999.0-empty-to-avoid-conflict-with-guava\listenablefuture-9999.0-empty-to-avoid-conflict-with-guava.jar;C:\Users\amadoria\.m2\repository\com\google\code\findbugs\jsr305\3.0.2\jsr305-3.0.2.jar;C:\Users\amadoria\.m2\repository\org\checkerframework\checker-qual\3.12.0\checker-qual-3.12.0.jar;C:\Users\amadoria\.m2\repository\com\google\errorprone\error_prone_annotations\2.11.0\error_prone_annotations-2.11.0.jar;C:\Users\amadoria\.m2\repository\com\google\j2objc\j2objc-annotations\1.3\j2objc-annotations-1.3.jar;C:\Users\amadoria\Documents\Projects\HAPKIDO\WP4\dss-fork\dss-crl-parser-stream\target\dss-crl-parser-stream-5.12.RC1.jar;"/>
    <property name="java.vm.vendor" value="Oracle Corporation"/>
    <property name="sun.arch.data.model" value="64"/>
    <property name="user.variant" value=""/>
    <property name="java.vendor.url" value="https://java.oracle.com/"/>
    <property name="user.timezone" value="Europe/Amsterdam"/>
    <property name="os.name" value="Windows 10"/>
    <property name="java.vm.specification.version" value="19"/>
    <property name="sun.java.launcher" value="SUN_STANDARD"/>
    <property name="user.country" value="US"/>
    <property name="sun.boot.library.path" value="C:\Program Files\Java\jdk-19\bin"/>
    <property name="sun.java.command" value="C:\Users\amadoria\AppData\Local\Temp\surefire7385040301634076511\surefirebooter-20230428114100642_335.jar C:\Users\amadoria\AppData\Local\Temp\surefire7385040301634076511 2023-04-28T11-29-53_553-jvmRun1 surefire-20230428114100642_333tmp surefire_27-20230428114100642_334tmp"/>
    <property name="jdk.debug" value="release"/>
    <property name="surefire.test.class.path" value="C:\Users\amadoria\Documents\Projects\HAPKIDO\WP4\dss-fork\dss-document\target\test-classes;C:\Users\amadoria\Documents\Projects\HAPKIDO\WP4\dss-fork\dss-document\target\classes;C:\Users\amadoria\Documents\Projects\HAPKIDO\WP4\dss-fork\dss-spi\target\dss-spi-5.12.RC1.jar;C:\Users\amadoria\Documents\Projects\HAPKIDO\WP4\dss-fork\dss-model\target\dss-model-5.12.RC1.jar;C:\Users\amadoria\Documents\Projects\HAPKIDO\WP4\dss-fork\dss-enumerations\target\dss-enumerations-5.12.RC1.jar;C:\Users\amadoria\Documents\Projects\HAPKIDO\WP4\dss-fork\dss-utils\target\dss-utils-5.12.RC1.jar;C:\Users\amadoria\Documents\Projects\HAPKIDO\WP4\dss-fork\dss-crl-parser\target\dss-crl-parser-5.12.RC1.jar;C:\Users\amadoria\.m2\repository\org\slf4j\slf4j-api\2.0.6\slf4j-api-2.0.6.jar;C:\Users\amadoria\Documents\Projects\HAPKIDO\WP4\dss-fork\dss-document\libs\bcpkix-jdk18on-173b20.jar;C:\Users\amadoria\Documents\Projects\HAPKIDO\WP4\dss-fork\dss-document\libs\bcprov-jdk18on-173b20.jar;C:\Users\amadoria\Documents\Projects\HAPKIDO\WP4\dss-fork\dss-document\libs\bcutil-jdk18on-173b20.jar;C:\Users\amadoria\Documents\Projects\HAPKIDO\WP4\dss-fork\validation-policy\target\validation-policy-5.12.RC1.jar;C:\Users\amadoria\Documents\Projects\HAPKIDO\WP4\dss-fork\dss-policy-jaxb\target\dss-policy-jaxb-5.12.RC1.jar;C:\Users\amadoria\Documents\Projects\HAPKIDO\WP4\dss-fork\dss-jaxb-parsers\target\dss-jaxb-parsers-5.12.RC1.jar;C:\Users\amadoria\Documents\Projects\HAPKIDO\WP4\dss-fork\dss-jaxb-common\target\dss-jaxb-common-5.12.RC1.jar;C:\Users\amadoria\Documents\Projects\HAPKIDO\WP4\dss-fork\dss-alert\target\dss-alert-5.12.RC1.jar;C:\Users\amadoria\.m2\repository\org\glassfish\jaxb\jaxb-runtime\2.3.8\jaxb-runtime-2.3.8.jar;C:\Users\amadoria\.m2\repository\org\glassfish\jaxb\txw2\2.3.8\txw2-2.3.8.jar;C:\Users\amadoria\.m2\repository\com\sun\istack\istack-commons-runtime\3.0.12\istack-commons-runtime-3.0.12.jar;C:\Users\amadoria\.m2\repository\com\sun\activation\jakarta.activation\1.2.2\jakarta.activation-1.2.2.jar;C:\Users\amadoria\Documents\Projects\HAPKIDO\WP4\dss-fork\dss-diagnostic-jaxb\target\dss-diagnostic-jaxb-5.12.RC1.jar;C:\Users\amadoria\Documents\Projects\HAPKIDO\WP4\dss-fork\dss-simple-report-jaxb\target\dss-simple-report-jaxb-5.12.RC1.jar;C:\Users\amadoria\Documents\Projects\HAPKIDO\WP4\dss-fork\dss-simple-certificate-report-jaxb\target\dss-simple-certificate-report-jaxb-5.12.RC1.jar;C:\Users\amadoria\Documents\Projects\HAPKIDO\WP4\dss-fork\dss-detailed-report-jaxb\target\dss-detailed-report-jaxb-5.12.RC1.jar;C:\Users\amadoria\Documents\Projects\HAPKIDO\WP4\dss-fork\specs-validation-report\target\specs-validation-report-5.12.RC1.jar;C:\Users\amadoria\Documents\Projects\HAPKIDO\WP4\dss-fork\specs-xmldsig\target\specs-xmldsig-5.12.RC1.jar;C:\Users\amadoria\Documents\Projects\HAPKIDO\WP4\dss-fork\specs-xades\target\specs-xades-5.12.RC1.jar;C:\Users\amadoria\Documents\Projects\HAPKIDO\WP4\dss-fork\specs-trusted-list\target\specs-trusted-list-5.12.RC1.jar;C:\Users\amadoria\Documents\Projects\HAPKIDO\WP4\dss-fork\dss-i18n\target\dss-i18n-5.12.RC1.jar;C:\Users\amadoria\.m2\repository\ch\qos\logback\logback-classic\1.3.5\logback-classic-1.3.5.jar;C:\Users\amadoria\.m2\repository\ch\qos\logback\logback-core\1.3.5\logback-core-1.3.5.jar;C:\Users\amadoria\.m2\repository\com\fasterxml\jackson\module\jackson-module-jaxb-annotations\2.14.2\jackson-module-jaxb-annotations-2.14.2.jar;C:\Users\amadoria\.m2\repository\com\fasterxml\jackson\core\jackson-annotations\2.14.2\jackson-annotations-2.14.2.jar;C:\Users\amadoria\.m2\repository\com\fasterxml\jackson\core\jackson-core\2.14.2\jackson-core-2.14.2.jar;C:\Users\amadoria\.m2\repository\com\fasterxml\jackson\core\jackson-databind\2.14.2\jackson-databind-2.14.2.jar;C:\Users\amadoria\.m2\repository\jakarta\xml\bind\jakarta.xml.bind-api\2.3.3\jakarta.xml.bind-api-2.3.3.jar;C:\Users\amadoria\.m2\repository\jakarta\activation\jakarta.activation-api\1.2.2\jakarta.activation-api-1.2.2.jar;C:\Users\amadoria\.m2\repository\org\junit\platform\junit-platform-launcher\1.9.2\junit-platform-launcher-1.9.2.jar;C:\Users\amadoria\.m2\repository\org\junit\platform\junit-platform-engine\1.9.2\junit-platform-engine-1.9.2.jar;C:\Users\amadoria\.m2\repository\org\opentest4j\opentest4j\1.2.0\opentest4j-1.2.0.jar;C:\Users\amadoria\.m2\repository\org\junit\platform\junit-platform-commons\1.9.2\junit-platform-commons-1.9.2.jar;C:\Users\amadoria\.m2\repository\org\apiguardian\apiguardian-api\1.1.2\apiguardian-api-1.1.2.jar;C:\Users\amadoria\.m2\repository\org\junit\jupiter\junit-jupiter-engine\5.9.2\junit-jupiter-engine-5.9.2.jar;C:\Users\amadoria\.m2\repository\org\junit\jupiter\junit-jupiter-api\5.9.2\junit-jupiter-api-5.9.2.jar;C:\Users\amadoria\.m2\repository\org\junit\jupiter\junit-jupiter-params\5.9.2\junit-jupiter-params-5.9.2.jar;C:\Users\amadoria\Documents\Projects\HAPKIDO\WP4\dss-fork\dss-utils-google-guava\target\dss-utils-google-guava-5.12.RC1.jar;C:\Users\amadoria\.m2\repository\com\google\guava\guava\31.1-jre\guava-31.1-jre.jar;C:\Users\amadoria\.m2\repository\com\google\guava\failureaccess\1.0.1\failureaccess-1.0.1.jar;C:\Users\amadoria\.m2\repository\com\google\guava\listenablefuture\9999.0-empty-to-avoid-conflict-with-guava\listenablefuture-9999.0-empty-to-avoid-conflict-with-guava.jar;C:\Users\amadoria\.m2\repository\com\google\code\findbugs\jsr305\3.0.2\jsr305-3.0.2.jar;C:\Users\amadoria\.m2\repository\org\checkerframework\checker-qual\3.12.0\checker-qual-3.12.0.jar;C:\Users\amadoria\.m2\repository\com\google\errorprone\error_prone_annotations\2.11.0\error_prone_annotations-2.11.0.jar;C:\Users\amadoria\.m2\repository\com\google\j2objc\j2objc-annotations\1.3\j2objc-annotations-1.3.jar;C:\Users\amadoria\Documents\Projects\HAPKIDO\WP4\dss-fork\dss-crl-parser-stream\target\dss-crl-parser-stream-5.12.RC1.jar;"/>
    <property name="sun.cpu.endian" value="little"/>
    <property name="user.home" value="C:\Users\amadoria"/>
    <property name="user.language" value="en"/>
    <property name="java.specification.vendor" value="Oracle Corporation"/>
    <property name="java.version.date" value="2023-01-17"/>
    <property name="java.home" value="C:\Program Files\Java\jdk-19"/>
    <property name="file.separator" value="\"/>
    <property name="basedir" value="C:\Users\amadoria\Documents\Projects\HAPKIDO\WP4\dss-fork\dss-document"/>
    <property name="java.vm.compressedOopsMode" value="Zero based"/>
    <property name="line.separator" value="&#10;"/>
    <property name="java.vm.specification.vendor" value="Oracle Corporation"/>
    <property name="java.specification.name" value="Java Platform API Specification"/>
    <property name="surefire.real.class.path" value="C:\Users\amadoria\AppData\Local\Temp\surefire7385040301634076511\surefirebooter-20230428114100642_335.jar"/>
    <property name="user.script" value=""/>
    <property name="sun.management.compiler" value="HotSpot 64-Bit Tiered Compilers"/>
    <property name="java.runtime.version" value="19.0.2+7-44"/>
    <property name="user.name" value="amadoria"/>
    <property name="stdout.encoding" value="Cp1252"/>
    <property name="path.separator" value=";"/>
    <property name="os.version" value="10.0"/>
    <property name="java.runtime.name" value="Java(TM) SE Runtime Environment"/>
    <property name="file.encoding" value="UTF-8"/>
    <property name="java.vm.name" value="Java HotSpot(TM) 64-Bit Server VM"/>
    <property name="localRepository" value="C:\Users\amadoria\.m2\repository"/>
    <property name="java.vendor.url.bug" value="https://bugreport.java.com/bugreport/"/>
    <property name="java.io.tmpdir" value="C:\Users\amadoria\AppData\Local\Temp\"/>
    <property name="java.version" value="19.0.2"/>
    <property name="user.dir" value="C:\Users\amadoria\Documents\Projects\HAPKIDO\WP4\dss-fork\dss-document"/>
    <property name="os.arch" value="amd64"/>
    <property name="java.vm.specification.name" value="Java Virtual Machine Specification"/>
    <property name="sun.os.patch.level" value=""/>
    <property name="native.encoding" value="Cp1252"/>
    <property name="java.library.path" value="C:\Program Files\Java\jdk-19\bin;C:\WINDOWS\Sun\Java\bin;C:\WINDOWS\system32;C:\WINDOWS;C:\Program Files\Common Files\Oracle\Java\javapath;C:\Program Files\Eclipse Adoptium\jdk-17.0.5.8-hotspot\bin;C:\WINDOWS\system32;C:\WINDOWS;C:\WINDOWS\System32\Wbem;C:\WINDOWS\System32\WindowsPowerShell\v1.0\;C:\WINDOWS\System32\OpenSSH\;C:\Program Files\dotnet\;C:\ProgramData\chocolatey\bin;C:\Program Files\Gradle\gradle-8.0.2\bin;C:\Program Files\Maven\apache-maven-3.9.0\bin;;C:\Program Files\Docker\Docker\resources\bin;C:\Users\amadoria\AppData\Local\Programs\Python\Python38\Scripts\;C:\Users\amadoria\AppData\Local\Programs\Python\Python38\;C:\Users\amadoria\AppData\Local\Microsoft\WindowsApps;C:\Users\amadoria\AppData\Local\Programs\MiKTeX\miktex\bin\x64\;C:\Users\amadoria\AppData\Local\Programs\Microsoft VS Code\bin;C:\Users\amadoria\AppData\Roaming\Python\Scripts\;C:\Users\amadoria\AppData\Local\Programs\Git\cmd;C:\Program Files\JetBrains\IntelliJ IDEA Community Edition 2022.3.3\bin;;."/>
    <property name="java.vm.info" value="mixed mode, sharing"/>
    <property name="stderr.encoding" value="Cp1252"/>
    <property name="java.vendor" value="Oracle Corporation"/>
    <property name="java.vm.version" value="19.0.2+7-44"/>
    <property name="sun.io.unicode.encoding" value="UnicodeLittle"/>
    <property name="java.class.version" value="63.0"/>
  </properties>
  <testcase name="testNormalTrust" classname="eu.europa.esig.dss.signature.BaselineBCertificateSelectorTest" time="1.931">
    <system-out><![CDATA[11:41:04.680 [main] DEBUG eu.europa.esig.dss.spi.DSSSecurityProvider - DSSSecurityProvider initialized with class org.bouncycastle.jce.provider.BouncyCastleProvider
11:41:05.957 [main] INFO eu.europa.esig.dss.validation.CommonCertificateVerifier - + New CommonCertificateVerifier created.
11:41:06.025 [main] DEBUG eu.europa.esig.dss.CertificateReorderer - C-4FAB29027727E58E4518ED0B6AE554D055F05B3D9197E0D16B20028D227D1A9F is signed by C-293D0BA3A31E5D82A8E3FAE12709932FFDDA44423E0F733FB01EF123E73EB4DA
11:41:06.028 [main] WARN eu.europa.esig.dss.CertificateReorderer - Issuer not found for certificate C-293D0BA3A31E5D82A8E3FAE12709932FFDDA44423E0F733FB01EF123E73EB4DA
]]></system-out>
  </testcase>
  <testcase name="testEmptyCertChain" classname="eu.europa.esig.dss.signature.BaselineBCertificateSelectorTest" time="0.06">
    <system-out><![CDATA[11:41:06.088 [main] INFO eu.europa.esig.dss.validation.CommonCertificateVerifier - + New CommonCertificateVerifier created.
]]></system-out>
  </testcase>
  <testcase name="testNormalIncludeTrust" classname="eu.europa.esig.dss.signature.BaselineBCertificateSelectorTest" time="0.051">
    <system-out><![CDATA[11:41:06.134 [main] INFO eu.europa.esig.dss.validation.CommonCertificateVerifier - + New CommonCertificateVerifier created.
11:41:06.138 [main] DEBUG eu.europa.esig.dss.CertificateReorderer - C-4FAB29027727E58E4518ED0B6AE554D055F05B3D9197E0D16B20028D227D1A9F is signed by C-293D0BA3A31E5D82A8E3FAE12709932FFDDA44423E0F733FB01EF123E73EB4DA
11:41:06.141 [main] WARN eu.europa.esig.dss.CertificateReorderer - Issuer not found for certificate C-293D0BA3A31E5D82A8E3FAE12709932FFDDA44423E0F733FB01EF123E73EB4DA
]]></system-out>
  </testcase>
  <testcase name="testNormalTrustOtherRoot" classname="eu.europa.esig.dss.signature.BaselineBCertificateSelectorTest" time="0.054">
    <system-out><![CDATA[11:41:06.183 [main] INFO eu.europa.esig.dss.validation.CommonCertificateVerifier - + New CommonCertificateVerifier created.
11:41:06.189 [main] DEBUG eu.europa.esig.dss.CertificateReorderer - C-4FAB29027727E58E4518ED0B6AE554D055F05B3D9197E0D16B20028D227D1A9F is signed by C-293D0BA3A31E5D82A8E3FAE12709932FFDDA44423E0F733FB01EF123E73EB4DA
11:41:06.193 [main] DEBUG eu.europa.esig.dss.CertificateReorderer - C-293D0BA3A31E5D82A8E3FAE12709932FFDDA44423E0F733FB01EF123E73EB4DA is signed by C-702DD5C1A093CF0A9D71FADD9BF9A7C5857D89FB73B716E867228B3C2BEB968F
]]></system-out>
  </testcase>
  <testcase name="testSkipTrustAndUpper" classname="eu.europa.esig.dss.signature.BaselineBCertificateSelectorTest" time="0.063">
    <system-out><![CDATA[11:41:06.254 [main] INFO eu.europa.esig.dss.validation.CommonCertificateVerifier - + New CommonCertificateVerifier created.
11:41:06.257 [main] DEBUG eu.europa.esig.dss.CertificateReorderer - C-4FAB29027727E58E4518ED0B6AE554D055F05B3D9197E0D16B20028D227D1A9F is signed by C-293D0BA3A31E5D82A8E3FAE12709932FFDDA44423E0F733FB01EF123E73EB4DA
11:41:06.260 [main] DEBUG eu.europa.esig.dss.CertificateReorderer - C-293D0BA3A31E5D82A8E3FAE12709932FFDDA44423E0F733FB01EF123E73EB4DA is signed by C-702DD5C1A093CF0A9D71FADD9BF9A7C5857D89FB73B716E867228B3C2BEB968F
]]></system-out>
  </testcase>
  <testcase name="testNormalIncludeTrustFixChainOrder" classname="eu.europa.esig.dss.signature.BaselineBCertificateSelectorTest" time="0.064">
    <system-out><![CDATA[11:41:06.311 [main] INFO eu.europa.esig.dss.validation.CommonCertificateVerifier - + New CommonCertificateVerifier created.
11:41:06.320 [main] DEBUG eu.europa.esig.dss.CertificateReorderer - C-4FAB29027727E58E4518ED0B6AE554D055F05B3D9197E0D16B20028D227D1A9F is signed by C-293D0BA3A31E5D82A8E3FAE12709932FFDDA44423E0F733FB01EF123E73EB4DA
11:41:06.325 [main] DEBUG eu.europa.esig.dss.CertificateReorderer - C-293D0BA3A31E5D82A8E3FAE12709932FFDDA44423E0F733FB01EF123E73EB4DA is signed by C-702DD5C1A093CF0A9D71FADD9BF9A7C5857D89FB73B716E867228B3C2BEB968F
]]></system-out>
  </testcase>
  <testcase name="testNormalTrustTooMuch" classname="eu.europa.esig.dss.signature.BaselineBCertificateSelectorTest" time="0.056">
    <system-out><![CDATA[11:41:06.361 [main] INFO eu.europa.esig.dss.validation.CommonCertificateVerifier - + New CommonCertificateVerifier created.
11:41:06.366 [main] DEBUG eu.europa.esig.dss.CertificateReorderer - C-4FAB29027727E58E4518ED0B6AE554D055F05B3D9197E0D16B20028D227D1A9F is signed by C-293D0BA3A31E5D82A8E3FAE12709932FFDDA44423E0F733FB01EF123E73EB4DA
11:41:06.371 [main] DEBUG eu.europa.esig.dss.CertificateReorderer - C-293D0BA3A31E5D82A8E3FAE12709932FFDDA44423E0F733FB01EF123E73EB4DA is signed by C-702DD5C1A093CF0A9D71FADD9BF9A7C5857D89FB73B716E867228B3C2BEB968F
11:41:06.378 [main] WARN eu.europa.esig.dss.CertificateReorderer - More than one chain detected
11:41:06.379 [main] DEBUG eu.europa.esig.dss.CertificateReorderer - Some certificates are ignored
11:41:06.379 [main] DEBUG eu.europa.esig.dss.CertificateReorderer - Before : [CertificateToken[
	DSS Id              : C-4FAB29027727E58E4518ED0B6AE554D055F05B3D9197E0D16B20028D227D1A9F
	Identity Id         : EntityIdentifier:SHA256:#89D4C291843414CFB5E13D00B17CC57CD50E9FEAB6230AE5535C239AFB595681
	Validity period     : Wed Jan 25 23:12:12 CET 2017 - Fri Jan 22 00:59:59 CET 2027
	Subject name        : 2.5.4.5=#130b3837303132373330373338,2.5.4.42=#130d506965727269636b205061636f,2.5.4.4=#130d56616e64656e62726f75636b65,cn=pierrick vandenbroucke (signature),c=be
	Issuer subject name : 2.5.4.5=#1306323031363331,cn=citizen ca,c=be
	Serial Number       : 21267647932559346000444903846468827673
	Signature algorithm : RSA_SHA256
], CertificateToken[
	DSS Id              : C-293D0BA3A31E5D82A8E3FAE12709932FFDDA44423E0F733FB01EF123E73EB4DA
	Identity Id         : EntityIdentifier:SHA256:#490F57DD2D327C98CFE3D09E8E54C0B30DBBFD3669681C1013F79F4A6ADD09AC
	Validity period     : Wed Nov 25 11:00:00 CET 2015 - Sun Jul 25 12:00:00 CEST 2027
	Subject name        : 2.5.4.5=#1306323031363331,cn=citizen ca,c=be
	Issuer subject name : cn=belgium root ca4,c=be
	Serial Number       : 31132611405554350463745259366034815060
	Signature algorithm : RSA_SHA256
], CertificateToken[
	DSS Id              : C-702DD5C1A093CF0A9D71FADD9BF9A7C5857D89FB73B716E867228B3C2BEB968F
	Identity Id         : EntityIdentifier:SHA256:#B1538A9071705A92D938E506B738DA0CAFD1AE66AEC2EEDDC75479D433BD8776
	Validity period     : Wed Jun 26 14:00:00 CEST 2013 - Fri Oct 22 14:00:00 CEST 2032
	Subject name        : cn=belgium root ca4,c=be
	Issuer subject name : cn=belgium root ca4,c=be
	Serial Number       : 5706940941790920504
	Signature algorithm : RSA_SHA256
	[SELF-SIGNED]
], CertificateToken[
	DSS Id              : C-A8D14E945E3E5156BCAE5E39737CF6A1B1F51028BBBF982F50CE5F4C05568B4D
	Identity Id         : EntityIdentifier:SHA256:#C7BC5E493726BBF531F62FC5F5513AC03EAD813AF4DCD445B3305BA3D3D53374
	Validity period     : Wed Jun 26 14:00:00 CEST 2013 - Fri Jan 28 13:00:00 CET 2028
	Subject name        : cn=belgium root ca3,c=be
	Issuer subject name : cn=belgium root ca3,c=be
	Serial Number       : 4260689877497748905
	Signature algorithm : RSA_SHA1
	[SELF-SIGNED]
]]
11:41:06.386 [main] DEBUG eu.europa.esig.dss.CertificateReorderer - After : [CertificateToken[
	DSS Id              : C-4FAB29027727E58E4518ED0B6AE554D055F05B3D9197E0D16B20028D227D1A9F
	Identity Id         : EntityIdentifier:SHA256:#89D4C291843414CFB5E13D00B17CC57CD50E9FEAB6230AE5535C239AFB595681
	Validity period     : Wed Jan 25 23:12:12 CET 2017 - Fri Jan 22 00:59:59 CET 2027
	Subject name        : 2.5.4.5=#130b3837303132373330373338,2.5.4.42=#130d506965727269636b205061636f,2.5.4.4=#130d56616e64656e62726f75636b65,cn=pierrick vandenbroucke (signature),c=be
	Issuer subject name : 2.5.4.5=#1306323031363331,cn=citizen ca,c=be
	Serial Number       : 21267647932559346000444903846468827673
	Signature algorithm : RSA_SHA256
], CertificateToken[
	DSS Id              : C-293D0BA3A31E5D82A8E3FAE12709932FFDDA44423E0F733FB01EF123E73EB4DA
	Identity Id         : EntityIdentifier:SHA256:#490F57DD2D327C98CFE3D09E8E54C0B30DBBFD3669681C1013F79F4A6ADD09AC
	Validity period     : Wed Nov 25 11:00:00 CET 2015 - Sun Jul 25 12:00:00 CEST 2027
	Subject name        : 2.5.4.5=#1306323031363331,cn=citizen ca,c=be
	Issuer subject name : cn=belgium root ca4,c=be
	Serial Number       : 31132611405554350463745259366034815060
	Signature algorithm : RSA_SHA256
], CertificateToken[
	DSS Id              : C-702DD5C1A093CF0A9D71FADD9BF9A7C5857D89FB73B716E867228B3C2BEB968F
	Identity Id         : EntityIdentifier:SHA256:#B1538A9071705A92D938E506B738DA0CAFD1AE66AEC2EEDDC75479D433BD8776
	Validity period     : Wed Jun 26 14:00:00 CEST 2013 - Fri Oct 22 14:00:00 CEST 2032
	Subject name        : cn=belgium root ca4,c=be
	Issuer subject name : cn=belgium root ca4,c=be
	Serial Number       : 5706940941790920504
	Signature algorithm : RSA_SHA256
	[SELF-SIGNED]
]]
]]></system-out>
  </testcase>
  <testcase name="testNormalTrust2" classname="eu.europa.esig.dss.signature.BaselineBCertificateSelectorTest" time="0.057">
    <system-out><![CDATA[11:41:06.438 [main] INFO eu.europa.esig.dss.validation.CommonCertificateVerifier - + New CommonCertificateVerifier created.
11:41:06.440 [main] DEBUG eu.europa.esig.dss.CertificateReorderer - C-4FAB29027727E58E4518ED0B6AE554D055F05B3D9197E0D16B20028D227D1A9F is signed by C-293D0BA3A31E5D82A8E3FAE12709932FFDDA44423E0F733FB01EF123E73EB4DA
11:41:06.444 [main] DEBUG eu.europa.esig.dss.CertificateReorderer - C-293D0BA3A31E5D82A8E3FAE12709932FFDDA44423E0F733FB01EF123E73EB4DA is signed by C-702DD5C1A093CF0A9D71FADD9BF9A7C5857D89FB73B716E867228B3C2BEB968F
]]></system-out>
  </testcase>
  <testcase name="testDuplicateSigningCert" classname="eu.europa.esig.dss.signature.BaselineBCertificateSelectorTest" time="0.043">
    <system-out><![CDATA[11:41:06.485 [main] INFO eu.europa.esig.dss.validation.CommonCertificateVerifier - + New CommonCertificateVerifier created.
11:41:06.489 [main] DEBUG eu.europa.esig.dss.CertificateReorderer - C-4FAB29027727E58E4518ED0B6AE554D055F05B3D9197E0D16B20028D227D1A9F is signed by C-293D0BA3A31E5D82A8E3FAE12709932FFDDA44423E0F733FB01EF123E73EB4DA
11:41:06.491 [main] WARN eu.europa.esig.dss.CertificateReorderer - Issuer not found for certificate C-293D0BA3A31E5D82A8E3FAE12709932FFDDA44423E0F733FB01EF123E73EB4DA
]]></system-out>
  </testcase>
  <testcase name="testNormalNoTrust" classname="eu.europa.esig.dss.signature.BaselineBCertificateSelectorTest" time="0.059">
    <system-out><![CDATA[11:41:06.539 [main] INFO eu.europa.esig.dss.validation.CommonCertificateVerifier - + New CommonCertificateVerifier created.
11:41:06.554 [main] DEBUG eu.europa.esig.dss.CertificateReorderer - C-4FAB29027727E58E4518ED0B6AE554D055F05B3D9197E0D16B20028D227D1A9F is signed by C-293D0BA3A31E5D82A8E3FAE12709932FFDDA44423E0F733FB01EF123E73EB4DA
11:41:06.559 [main] WARN eu.europa.esig.dss.CertificateReorderer - Issuer not found for certificate C-293D0BA3A31E5D82A8E3FAE12709932FFDDA44423E0F733FB01EF123E73EB4DA
]]></system-out>
  </testcase>
  <testcase name="testMissingIntermediateCerts" classname="eu.europa.esig.dss.signature.BaselineBCertificateSelectorTest" time="0.055">
    <system-out><![CDATA[11:41:06.614 [main] INFO eu.europa.esig.dss.validation.CommonCertificateVerifier - + New CommonCertificateVerifier created.
11:41:06.618 [main] WARN eu.europa.esig.dss.CertificateReorderer - Issuer not found for certificate C-4FAB29027727E58E4518ED0B6AE554D055F05B3D9197E0D16B20028D227D1A9F
11:41:06.620 [main] WARN eu.europa.esig.dss.CertificateReorderer - More than one chain detected
]]></system-out>
  </testcase>
  <testcase name="testBridgeCertificates" classname="eu.europa.esig.dss.signature.BaselineBCertificateSelectorTest" time="0.142">
    <system-out><![CDATA[11:41:06.755 [main] INFO eu.europa.esig.dss.validation.CommonCertificateVerifier - + New CommonCertificateVerifier created.
11:41:06.757 [main] DEBUG eu.europa.esig.dss.CertificateReorderer - C-343293348BECDA9784B09E5E252A25355772E488CB75DC8B5075DC89541B3CC9 is signed by C-039C1473089282FB36A4DBC23B1125AEC83219C6E624FD169B02E08E6409C3F2
11:41:06.758 [main] DEBUG eu.europa.esig.dss.CertificateReorderer - C-039C1473089282FB36A4DBC23B1125AEC83219C6E624FD169B02E08E6409C3F2 is signed by C-343293348BECDA9784B09E5E252A25355772E488CB75DC8B5075DC89541B3CC9
]]></system-out>
  </testcase>
</testsuite>