<?xml version="1.0" encoding="UTF-8"?>
<testsuite xmlns:xsi="http://www.w3.org/2001/XMLSchema-instance" xsi:noNamespaceSchemaLocation="https://maven.apache.org/surefire/maven-surefire-plugin/xsd/surefire-test-report-3.0.xsd" version="3.0" name="eu.europa.esig.dss.validation.CertificateValidatorTest" time="2.266" tests="12" errors="0" skipped="0" failures="0">
  <properties>
    <property name="java.specification.version" value="19"/>
    <property name="sun.cpu.isalist" value="amd64"/>
    <property name="sun.jnu.encoding" value="Cp1252"/>
    <property name="java.class.path" value="C:\Users\amadoria\Documents\Projects\HAPKIDO\WP4\dss-fork\dss-document\target\test-classes;C:\Users\amadoria\Documents\Projects\HAPKIDO\WP4\dss-fork\dss-document\target\classes;C:\Users\amadoria\Documents\Projects\HAPKIDO\WP4\dss-fork\dss-spi\target\dss-spi-5.12.RC1.jar;C:\Users\amadoria\Documents\Projects\HAPKIDO\WP4\dss-fork\dss-model\target\dss-model-5.12.RC1.jar;C:\Users\amadoria\Documents\Projects\HAPKIDO\WP4\dss-fork\dss-enumerations\target\dss-enumerations-5.12.RC1.jar;C:\Users\amadoria\Documents\Projects\HAPKIDO\WP4\dss-fork\dss-utils\target\dss-utils-5.12.RC1.jar;C:\Users\amadoria\Documents\Projects\HAPKIDO\WP4\dss-fork\dss-crl-parser\target\dss-crl-parser-5.12.RC1.jar;C:\Users\amadoria\.m2\repository\org\slf4j\slf4j-api\2.0.6\slf4j-api-2.0.6.jar;C:\Users\amadoria\Documents\Projects\HAPKIDO\WP4\dss-fork\dss-document\libs\bcpkix-jdk18on-173b20.jar;C:\Users\amadoria\Documents\Projects\HAPKIDO\WP4\dss-fork\dss-document\libs\bcprov-jdk18on-173b20.jar;C:\Users\amadoria\Documents\Projects\HAPKIDO\WP4\dss-fork\dss-document\libs\bcutil-jdk18on-173b20.jar;C:\Users\amadoria\Documents\Projects\HAPKIDO\WP4\dss-fork\validation-policy\target\validation-policy-5.12.RC1.jar;C:\Users\amadoria\Documents\Projects\HAPKIDO\WP4\dss-fork\dss-policy-jaxb\target\dss-policy-jaxb-5.12.RC1.jar;C:\Users\amadoria\Documents\Projects\HAPKIDO\WP4\dss-fork\dss-jaxb-parsers\target\dss-jaxb-parsers-5.12.RC1.jar;C:\Users\amadoria\Documents\Projects\HAPKIDO\WP4\dss-fork\dss-jaxb-common\target\dss-jaxb-common-5.12.RC1.jar;C:\Users\amadoria\Documents\Projects\HAPKIDO\WP4\dss-fork\dss-alert\target\dss-alert-5.12.RC1.jar;C:\Users\amadoria\.m2\repository\org\glassfish\jaxb\jaxb-runtime\2.3.8\jaxb-runtime-2.3.8.jar;C:\Users\amadoria\.m2\repository\org\glassfish\jaxb\txw2\2.3.8\txw2-2.3.8.jar;C:\Users\amadoria\.m2\repository\com\sun\istack\istack-commons-runtime\3.0.12\istack-commons-runtime-3.0.12.jar;C:\Users\amadoria\.m2\repository\com\sun\activation\jakarta.activation\1.2.2\jakarta.activation-1.2.2.jar;C:\Users\amadoria\Documents\Projects\HAPKIDO\WP4\dss-fork\dss-diagnostic-jaxb\target\dss-diagnostic-jaxb-5.12.RC1.jar;C:\Users\amadoria\Documents\Projects\HAPKIDO\WP4\dss-fork\dss-simple-report-jaxb\target\dss-simple-report-jaxb-5.12.RC1.jar;C:\Users\amadoria\Documents\Projects\HAPKIDO\WP4\dss-fork\dss-simple-certificate-report-jaxb\target\dss-simple-certificate-report-jaxb-5.12.RC1.jar;C:\Users\amadoria\Documents\Projects\HAPKIDO\WP4\dss-fork\dss-detailed-report-jaxb\target\dss-detailed-report-jaxb-5.12.RC1.jar;C:\Users\amadoria\Documents\Projects\HAPKIDO\WP4\dss-fork\specs-validation-report\target\specs-validation-report-5.12.RC1.jar;C:\Users\amadoria\Documents\Projects\HAPKIDO\WP4\dss-fork\specs-xmldsig\target\specs-xmldsig-5.12.RC1.jar;C:\Users\amadoria\Documents\Projects\HAPKIDO\WP4\dss-fork\specs-xades\target\specs-xades-5.12.RC1.jar;C:\Users\amadoria\Documents\Projects\HAPKIDO\WP4\dss-fork\specs-trusted-list\target\specs-trusted-list-5.12.RC1.jar;C:\Users\amadoria\Documents\Projects\HAPKIDO\WP4\dss-fork\dss-i18n\target\dss-i18n-5.12.RC1.jar;C:\Users\amadoria\.m2\repository\ch\qos\logback\logback-classic\1.3.5\logback-classic-1.3.5.jar;C:\Users\amadoria\.m2\repository\ch\qos\logback\logback-core\1.3.5\logback-core-1.3.5.jar;C:\Users\amadoria\.m2\repository\com\fasterxml\jackson\module\jackson-module-jaxb-annotations\2.14.2\jackson-module-jaxb-annotations-2.14.2.jar;C:\Users\amadoria\.m2\repository\com\fasterxml\jackson\core\jackson-annotations\2.14.2\jackson-annotations-2.14.2.jar;C:\Users\amadoria\.m2\repository\com\fasterxml\jackson\core\jackson-core\2.14.2\jackson-core-2.14.2.jar;C:\Users\amadoria\.m2\repository\com\fasterxml\jackson\core\jackson-databind\2.14.2\jackson-databind-2.14.2.jar;C:\Users\amadoria\.m2\repository\jakarta\xml\bind\jakarta.xml.bind-api\2.3.3\jakarta.xml.bind-api-2.3.3.jar;C:\Users\amadoria\.m2\repository\jakarta\activation\jakarta.activation-api\1.2.2\jakarta.activation-api-1.2.2.jar;C:\Users\amadoria\.m2\repository\org\junit\platform\junit-platform-launcher\1.9.2\junit-platform-launcher-1.9.2.jar;C:\Users\amadoria\.m2\repository\org\junit\platform\junit-platform-engine\1.9.2\junit-platform-engine-1.9.2.jar;C:\Users\amadoria\.m2\repository\org\opentest4j\opentest4j\1.2.0\opentest4j-1.2.0.jar;C:\Users\amadoria\.m2\repository\org\junit\platform\junit-platform-commons\1.9.2\junit-platform-commons-1.9.2.jar;C:\Users\amadoria\.m2\repository\org\apiguardian\apiguardian-api\1.1.2\apiguardian-api-1.1.2.jar;C:\Users\amadoria\.m2\repository\org\junit\jupiter\junit-jupiter-engine\5.9.2\junit-jupiter-engine-5.9.2.jar;C:\Users\amadoria\.m2\repository\org\junit\jupiter\junit-jupiter-api\5.9.2\junit-jupiter-api-5.9.2.jar;C:\Users\amadoria\.m2\repository\org\junit\jupiter\junit-jupiter-params\5.9.2\junit-jupiter-params-5.9.2.jar;C:\Users\amadoria\Documents\Projects\HAPKIDO\WP4\dss-fork\dss-utils-google-guava\target\dss-utils-google-guava-5.12.RC1.jar;C:\Users\amadoria\.m2\repository\com\google\guava\guava\31.1-jre\guava-31.1-jre.jar;C:\Users\amadoria\.m2\repository\com\google\guava\failureaccess\1.0.1\failureaccess-1.0.1.jar;C:\Users\amadoria\.m2\repository\com\google\guava\listenablefuture\9999.0-empty-to-avoid-conflict-with-guava\listenablefuture-9999.0-empty-to-avoid-conflict-with-guava.jar;C:\Users\amadoria\.m2\repository\com\google\code\findbugs\jsr305\3.0.2\jsr305-3.0.2.jar;C:\Users\amadoria\.m2\repository\org\checkerframework\checker-qual\3.12.0\checker-qual-3.12.0.jar;C:\Users\amadoria\.m2\repository\com\google\errorprone\error_prone_annotations\2.11.0\error_prone_annotations-2.11.0.jar;C:\Users\amadoria\.m2\repository\com\google\j2objc\j2objc-annotations\1.3\j2objc-annotations-1.3.jar;C:\Users\amadoria\Documents\Projects\HAPKIDO\WP4\dss-fork\dss-crl-parser-stream\target\dss-crl-parser-stream-5.12.RC1.jar;"/>
    <property name="java.vm.vendor" value="Oracle Corporation"/>
    <property name="sun.arch.data.model" value="64"/>
    <property name="user.variant" value=""/>
    <property name="java.vendor.url" value="https://java.oracle.com/"/>
    <property name="user.timezone" value="Europe/Amsterdam"/>
    <property name="os.name" value="Windows 10"/>
    <property name="java.vm.specification.version" value="19"/>
    <property name="sun.java.launcher" value="SUN_STANDARD"/>
    <property name="user.country" value="US"/>
    <property name="sun.boot.library.path" value="C:\Program Files\Java\jdk-19\bin"/>
    <property name="sun.java.command" value="C:\Users\amadoria\AppData\Local\Temp\surefire7385040301634076511\surefirebooter-20230428114100642_335.jar C:\Users\amadoria\AppData\Local\Temp\surefire7385040301634076511 2023-04-28T11-29-53_553-jvmRun1 surefire-20230428114100642_333tmp surefire_27-20230428114100642_334tmp"/>
    <property name="jdk.debug" value="release"/>
    <property name="surefire.test.class.path" value="C:\Users\amadoria\Documents\Projects\HAPKIDO\WP4\dss-fork\dss-document\target\test-classes;C:\Users\amadoria\Documents\Projects\HAPKIDO\WP4\dss-fork\dss-document\target\classes;C:\Users\amadoria\Documents\Projects\HAPKIDO\WP4\dss-fork\dss-spi\target\dss-spi-5.12.RC1.jar;C:\Users\amadoria\Documents\Projects\HAPKIDO\WP4\dss-fork\dss-model\target\dss-model-5.12.RC1.jar;C:\Users\amadoria\Documents\Projects\HAPKIDO\WP4\dss-fork\dss-enumerations\target\dss-enumerations-5.12.RC1.jar;C:\Users\amadoria\Documents\Projects\HAPKIDO\WP4\dss-fork\dss-utils\target\dss-utils-5.12.RC1.jar;C:\Users\amadoria\Documents\Projects\HAPKIDO\WP4\dss-fork\dss-crl-parser\target\dss-crl-parser-5.12.RC1.jar;C:\Users\amadoria\.m2\repository\org\slf4j\slf4j-api\2.0.6\slf4j-api-2.0.6.jar;C:\Users\amadoria\Documents\Projects\HAPKIDO\WP4\dss-fork\dss-document\libs\bcpkix-jdk18on-173b20.jar;C:\Users\amadoria\Documents\Projects\HAPKIDO\WP4\dss-fork\dss-document\libs\bcprov-jdk18on-173b20.jar;C:\Users\amadoria\Documents\Projects\HAPKIDO\WP4\dss-fork\dss-document\libs\bcutil-jdk18on-173b20.jar;C:\Users\amadoria\Documents\Projects\HAPKIDO\WP4\dss-fork\validation-policy\target\validation-policy-5.12.RC1.jar;C:\Users\amadoria\Documents\Projects\HAPKIDO\WP4\dss-fork\dss-policy-jaxb\target\dss-policy-jaxb-5.12.RC1.jar;C:\Users\amadoria\Documents\Projects\HAPKIDO\WP4\dss-fork\dss-jaxb-parsers\target\dss-jaxb-parsers-5.12.RC1.jar;C:\Users\amadoria\Documents\Projects\HAPKIDO\WP4\dss-fork\dss-jaxb-common\target\dss-jaxb-common-5.12.RC1.jar;C:\Users\amadoria\Documents\Projects\HAPKIDO\WP4\dss-fork\dss-alert\target\dss-alert-5.12.RC1.jar;C:\Users\amadoria\.m2\repository\org\glassfish\jaxb\jaxb-runtime\2.3.8\jaxb-runtime-2.3.8.jar;C:\Users\amadoria\.m2\repository\org\glassfish\jaxb\txw2\2.3.8\txw2-2.3.8.jar;C:\Users\amadoria\.m2\repository\com\sun\istack\istack-commons-runtime\3.0.12\istack-commons-runtime-3.0.12.jar;C:\Users\amadoria\.m2\repository\com\sun\activation\jakarta.activation\1.2.2\jakarta.activation-1.2.2.jar;C:\Users\amadoria\Documents\Projects\HAPKIDO\WP4\dss-fork\dss-diagnostic-jaxb\target\dss-diagnostic-jaxb-5.12.RC1.jar;C:\Users\amadoria\Documents\Projects\HAPKIDO\WP4\dss-fork\dss-simple-report-jaxb\target\dss-simple-report-jaxb-5.12.RC1.jar;C:\Users\amadoria\Documents\Projects\HAPKIDO\WP4\dss-fork\dss-simple-certificate-report-jaxb\target\dss-simple-certificate-report-jaxb-5.12.RC1.jar;C:\Users\amadoria\Documents\Projects\HAPKIDO\WP4\dss-fork\dss-detailed-report-jaxb\target\dss-detailed-report-jaxb-5.12.RC1.jar;C:\Users\amadoria\Documents\Projects\HAPKIDO\WP4\dss-fork\specs-validation-report\target\specs-validation-report-5.12.RC1.jar;C:\Users\amadoria\Documents\Projects\HAPKIDO\WP4\dss-fork\specs-xmldsig\target\specs-xmldsig-5.12.RC1.jar;C:\Users\amadoria\Documents\Projects\HAPKIDO\WP4\dss-fork\specs-xades\target\specs-xades-5.12.RC1.jar;C:\Users\amadoria\Documents\Projects\HAPKIDO\WP4\dss-fork\specs-trusted-list\target\specs-trusted-list-5.12.RC1.jar;C:\Users\amadoria\Documents\Projects\HAPKIDO\WP4\dss-fork\dss-i18n\target\dss-i18n-5.12.RC1.jar;C:\Users\amadoria\.m2\repository\ch\qos\logback\logback-classic\1.3.5\logback-classic-1.3.5.jar;C:\Users\amadoria\.m2\repository\ch\qos\logback\logback-core\1.3.5\logback-core-1.3.5.jar;C:\Users\amadoria\.m2\repository\com\fasterxml\jackson\module\jackson-module-jaxb-annotations\2.14.2\jackson-module-jaxb-annotations-2.14.2.jar;C:\Users\amadoria\.m2\repository\com\fasterxml\jackson\core\jackson-annotations\2.14.2\jackson-annotations-2.14.2.jar;C:\Users\amadoria\.m2\repository\com\fasterxml\jackson\core\jackson-core\2.14.2\jackson-core-2.14.2.jar;C:\Users\amadoria\.m2\repository\com\fasterxml\jackson\core\jackson-databind\2.14.2\jackson-databind-2.14.2.jar;C:\Users\amadoria\.m2\repository\jakarta\xml\bind\jakarta.xml.bind-api\2.3.3\jakarta.xml.bind-api-2.3.3.jar;C:\Users\amadoria\.m2\repository\jakarta\activation\jakarta.activation-api\1.2.2\jakarta.activation-api-1.2.2.jar;C:\Users\amadoria\.m2\repository\org\junit\platform\junit-platform-launcher\1.9.2\junit-platform-launcher-1.9.2.jar;C:\Users\amadoria\.m2\repository\org\junit\platform\junit-platform-engine\1.9.2\junit-platform-engine-1.9.2.jar;C:\Users\amadoria\.m2\repository\org\opentest4j\opentest4j\1.2.0\opentest4j-1.2.0.jar;C:\Users\amadoria\.m2\repository\org\junit\platform\junit-platform-commons\1.9.2\junit-platform-commons-1.9.2.jar;C:\Users\amadoria\.m2\repository\org\apiguardian\apiguardian-api\1.1.2\apiguardian-api-1.1.2.jar;C:\Users\amadoria\.m2\repository\org\junit\jupiter\junit-jupiter-engine\5.9.2\junit-jupiter-engine-5.9.2.jar;C:\Users\amadoria\.m2\repository\org\junit\jupiter\junit-jupiter-api\5.9.2\junit-jupiter-api-5.9.2.jar;C:\Users\amadoria\.m2\repository\org\junit\jupiter\junit-jupiter-params\5.9.2\junit-jupiter-params-5.9.2.jar;C:\Users\amadoria\Documents\Projects\HAPKIDO\WP4\dss-fork\dss-utils-google-guava\target\dss-utils-google-guava-5.12.RC1.jar;C:\Users\amadoria\.m2\repository\com\google\guava\guava\31.1-jre\guava-31.1-jre.jar;C:\Users\amadoria\.m2\repository\com\google\guava\failureaccess\1.0.1\failureaccess-1.0.1.jar;C:\Users\amadoria\.m2\repository\com\google\guava\listenablefuture\9999.0-empty-to-avoid-conflict-with-guava\listenablefuture-9999.0-empty-to-avoid-conflict-with-guava.jar;C:\Users\amadoria\.m2\repository\com\google\code\findbugs\jsr305\3.0.2\jsr305-3.0.2.jar;C:\Users\amadoria\.m2\repository\org\checkerframework\checker-qual\3.12.0\checker-qual-3.12.0.jar;C:\Users\amadoria\.m2\repository\com\google\errorprone\error_prone_annotations\2.11.0\error_prone_annotations-2.11.0.jar;C:\Users\amadoria\.m2\repository\com\google\j2objc\j2objc-annotations\1.3\j2objc-annotations-1.3.jar;C:\Users\amadoria\Documents\Projects\HAPKIDO\WP4\dss-fork\dss-crl-parser-stream\target\dss-crl-parser-stream-5.12.RC1.jar;"/>
    <property name="sun.cpu.endian" value="little"/>
    <property name="user.home" value="C:\Users\amadoria"/>
    <property name="user.language" value="en"/>
    <property name="java.specification.vendor" value="Oracle Corporation"/>
    <property name="java.version.date" value="2023-01-17"/>
    <property name="java.home" value="C:\Program Files\Java\jdk-19"/>
    <property name="file.separator" value="\"/>
    <property name="basedir" value="C:\Users\amadoria\Documents\Projects\HAPKIDO\WP4\dss-fork\dss-document"/>
    <property name="java.vm.compressedOopsMode" value="Zero based"/>
    <property name="line.separator" value="&#10;"/>
    <property name="java.vm.specification.vendor" value="Oracle Corporation"/>
    <property name="java.specification.name" value="Java Platform API Specification"/>
    <property name="surefire.real.class.path" value="C:\Users\amadoria\AppData\Local\Temp\surefire7385040301634076511\surefirebooter-20230428114100642_335.jar"/>
    <property name="user.script" value=""/>
    <property name="sun.management.compiler" value="HotSpot 64-Bit Tiered Compilers"/>
    <property name="java.runtime.version" value="19.0.2+7-44"/>
    <property name="user.name" value="amadoria"/>
    <property name="stdout.encoding" value="Cp1252"/>
    <property name="path.separator" value=";"/>
    <property name="os.version" value="10.0"/>
    <property name="java.runtime.name" value="Java(TM) SE Runtime Environment"/>
    <property name="file.encoding" value="UTF-8"/>
    <property name="java.vm.name" value="Java HotSpot(TM) 64-Bit Server VM"/>
    <property name="localRepository" value="C:\Users\amadoria\.m2\repository"/>
    <property name="java.vendor.url.bug" value="https://bugreport.java.com/bugreport/"/>
    <property name="java.io.tmpdir" value="C:\Users\amadoria\AppData\Local\Temp\"/>
    <property name="java.version" value="19.0.2"/>
    <property name="user.dir" value="C:\Users\amadoria\Documents\Projects\HAPKIDO\WP4\dss-fork\dss-document"/>
    <property name="os.arch" value="amd64"/>
    <property name="java.vm.specification.name" value="Java Virtual Machine Specification"/>
    <property name="sun.os.patch.level" value=""/>
    <property name="native.encoding" value="Cp1252"/>
    <property name="java.library.path" value="C:\Program Files\Java\jdk-19\bin;C:\WINDOWS\Sun\Java\bin;C:\WINDOWS\system32;C:\WINDOWS;C:\Program Files\Common Files\Oracle\Java\javapath;C:\Program Files\Eclipse Adoptium\jdk-17.0.5.8-hotspot\bin;C:\WINDOWS\system32;C:\WINDOWS;C:\WINDOWS\System32\Wbem;C:\WINDOWS\System32\WindowsPowerShell\v1.0\;C:\WINDOWS\System32\OpenSSH\;C:\Program Files\dotnet\;C:\ProgramData\chocolatey\bin;C:\Program Files\Gradle\gradle-8.0.2\bin;C:\Program Files\Maven\apache-maven-3.9.0\bin;;C:\Program Files\Docker\Docker\resources\bin;C:\Users\amadoria\AppData\Local\Programs\Python\Python38\Scripts\;C:\Users\amadoria\AppData\Local\Programs\Python\Python38\;C:\Users\amadoria\AppData\Local\Microsoft\WindowsApps;C:\Users\amadoria\AppData\Local\Programs\MiKTeX\miktex\bin\x64\;C:\Users\amadoria\AppData\Local\Programs\Microsoft VS Code\bin;C:\Users\amadoria\AppData\Roaming\Python\Scripts\;C:\Users\amadoria\AppData\Local\Programs\Git\cmd;C:\Program Files\JetBrains\IntelliJ IDEA Community Edition 2022.3.3\bin;;."/>
    <property name="java.vm.info" value="mixed mode, sharing"/>
    <property name="stderr.encoding" value="Cp1252"/>
    <property name="java.vendor" value="Oracle Corporation"/>
    <property name="java.vm.version" value="19.0.2+7-44"/>
    <property name="sun.io.unicode.encoding" value="UnicodeLittle"/>
    <property name="java.class.version" value="63.0"/>
  </properties>
  <testcase name="testPSD2" classname="eu.europa.esig.dss.validation.CertificateValidatorTest" time="0.072">
    <system-out><![CDATA[11:41:15.286 [main] INFO eu.europa.esig.dss.validation.CommonCertificateVerifier - + New CommonCertificateVerifier created.
11:41:15.306 [main] INFO eu.europa.esig.dss.validation.CommonCertificateVerifier - + New CommonCertificateVerifier created.
11:41:15.309 [main] WARN eu.europa.esig.dss.validation.SignatureValidationContext - Issuer not found for certificate C-9B775B8B8176854025B64A3A4EEA595E8CB7FED2E4F29E10054CF2506F1CE8ED
11:41:15.309 [main] WARN eu.europa.esig.dss.validation.DiagnosticDataBuilder - Provided CertificateSource configuration contains none of trusted sources of type TRUSTED_STORE or TRUSTED_LIST!
11:41:15.322 [main] WARN eu.europa.esig.dss.detailedreport.DetailedReportMessageCollector - The validation at time 'CERTIFICATE_ISSUANCE_TIME' is not found or not performed!
11:41:15.322 [main] WARN eu.europa.esig.dss.detailedreport.DetailedReportMessageCollector - The validation at time 'CERTIFICATE_ISSUANCE_TIME' is not found or not performed!
11:41:15.322 [main] WARN eu.europa.esig.dss.detailedreport.DetailedReportMessageCollector - The validation at time 'CERTIFICATE_ISSUANCE_TIME' is not found or not performed!
11:41:15.322 [main] WARN eu.europa.esig.dss.detailedreport.DetailedReportMessageCollector - The validation at time 'VALIDATION_TIME' is not found or not performed!
11:41:15.322 [main] WARN eu.europa.esig.dss.detailedreport.DetailedReportMessageCollector - The validation at time 'VALIDATION_TIME' is not found or not performed!
11:41:15.322 [main] WARN eu.europa.esig.dss.detailedreport.DetailedReportMessageCollector - The validation at time 'VALIDATION_TIME' is not found or not performed!
]]></system-out>
  </testcase>
  <testcase name="shortTermCertificateTest" classname="eu.europa.esig.dss.validation.CertificateValidatorTest" time="0.053">
    <system-out><![CDATA[11:41:15.359 [main] INFO eu.europa.esig.dss.validation.CommonCertificateVerifier - + New CommonCertificateVerifier created.
11:41:15.375 [main] INFO eu.europa.esig.dss.validation.CommonCertificateVerifier - + New CommonCertificateVerifier created.
11:41:15.378 [main] INFO eu.europa.esig.dss.validation.AIACertificateSource - Retrieving C-3CBAFCA22E27EF15A74EEF3D272CB33C7B392C5D59BD6082D226BEF6DAF7498C certificate's issuer using AIA.
11:41:15.379 [main] INFO eu.europa.esig.dss.spi.x509.aia.DefaultAIASource - There is no AIA extension for certificate download.
11:41:15.381 [main] WARN eu.europa.esig.dss.validation.SignatureValidationContext - Issuer not found for certificate C-3CBAFCA22E27EF15A74EEF3D272CB33C7B392C5D59BD6082D226BEF6DAF7498C
11:41:15.381 [main] WARN eu.europa.esig.dss.validation.DiagnosticDataBuilder - Provided CertificateSource configuration contains none of trusted sources of type TRUSTED_STORE or TRUSTED_LIST!
11:41:15.384 [main] WARN eu.europa.esig.dss.detailedreport.DetailedReportMessageCollector - The validation at time 'CERTIFICATE_ISSUANCE_TIME' is not found or not performed!
11:41:15.385 [main] WARN eu.europa.esig.dss.detailedreport.DetailedReportMessageCollector - The validation at time 'CERTIFICATE_ISSUANCE_TIME' is not found or not performed!
11:41:15.386 [main] WARN eu.europa.esig.dss.detailedreport.DetailedReportMessageCollector - The validation at time 'CERTIFICATE_ISSUANCE_TIME' is not found or not performed!
11:41:15.386 [main] WARN eu.europa.esig.dss.detailedreport.DetailedReportMessageCollector - The validation at time 'VALIDATION_TIME' is not found or not performed!
11:41:15.386 [main] WARN eu.europa.esig.dss.detailedreport.DetailedReportMessageCollector - The validation at time 'VALIDATION_TIME' is not found or not performed!
11:41:15.386 [main] WARN eu.europa.esig.dss.detailedreport.DetailedReportMessageCollector - The validation at time 'VALIDATION_TIME' is not found or not performed!
]]></system-out>
  </testcase>
  <testcase name="testCertNull" classname="eu.europa.esig.dss.validation.CertificateValidatorTest" time="0.004"/>
  <testcase name="test" classname="eu.europa.esig.dss.validation.CertificateValidatorTest" time="0.798">
    <system-out><![CDATA[11:41:15.437 [main] INFO eu.europa.esig.dss.validation.CommonCertificateVerifier - + New CommonCertificateVerifier created.
11:41:15.454 [main] INFO eu.europa.esig.dss.validation.CommonCertificateVerifier - + New CommonCertificateVerifier created.
11:41:15.455 [main] INFO eu.europa.esig.dss.validation.AIACertificateSource - Retrieving C-4AE84856DAD3520D875D28EDF71D513AA08EF813C96B22A9B6C3A562956FF4B1 certificate's issuer using AIA.
11:41:15.456 [main] DEBUG eu.europa.esig.dss.spi.x509.aia.DefaultAIASource - Loading certificate(s) from 'http://q.ica.cz/ca_nbusr09.p7c'.
11:41:15.551 [main] DEBUG eu.europa.esig.dss.spi.x509.aia.DefaultAIASource - Base64 content : MIIREQYJKoZIhvcNAQcCoIIRAjCCEP4CAQExADALBgkqhkiG9w0BBwGgghDmMIIIiTCCBnGgAwIBAgIBATANBgkqhkiG9w0BAQsFADBtMQswCQYDVQQGEwJTSzETMBEGA1UEBwwKQnJhdGlzbGF2YTEiMCAGA1UECgwZTmFyb2RueSBiZXpwZWNub3N0bnkgdXJhZDEOMAwGA1UECwwFU0lCRVAxFTATBgNVBAMMDEtDQSBOQlUgU1IgMzAeFw0wOTExMDYwOTU5MzlaFw0yNTExMDYwNzI5MDlaMG0xCzAJBgNVBAYTAlNLMRMwEQYDVQQHDApCcmF0aXNsYXZhMSIwIAYDVQQKDBlOYXJvZG55IGJlenBlY25vc3RueSB1cmFkMQ4wDAYDVQQLDAVTSUJFUDEVMBMGA1UEAwwMS0NBIE5CVSBTUiAzMIICIjANBgkqhkiG9w0BAQEFAAOCAg8AMIICCgKCAgEA26rQjy9KlxLVuet9WdyDXIsxF/Llbl7OLNLFJ9xn6rOO8NcFIZfSlA1USbEfK+3kMJyNYJNyFi8OGQq3vv9/yRjJ5EARzVlns4ROhI/nxEahu4ET4VxVuyO5h0fmyJiGdFwJIPzFUxXYd2Z+u2OpLbNLynj4HG9k2CK6p5TB0CXzj4MUr7rbXF0sV+J3iQwcFSJol8C4gGln9wC4czC44jHWfZUSvQ3vK9hrSBbJJ3bYLZV/RawKvR4SkWDxnFiOti7ujULrWpfkgiCo2TDV4NSGsaGeXEIzoBShYRtppibHjmuLyFwZmvggY2/ux+EVwt6bgrlftQLpORF2rTQAdt10OyZNuMRphkKuDwgd1EhK4vW9XubLNbBCDBRhHG8dp7Vj/WOIVJPuQKR31O2ngnNiV4ItFLfVTU6h54/IgN4WDIM72Ak75yVInkqUbq1uYeHI375wIVUR1eLkW1FusT+wMYvVApZKg/0GX6lNLRmpQOOFv7iPXaoO4YSN761PkHJf5qJVyYS8dCM/ecpATRKR/RfdJSNmHcPHea8U+Zr5v+0f9DkWJ/zwzLAWNdU34C4s1LBmLA6uGAGfj8uesQ+5GRKCDcZwUA195XLN2o0JYner9ZY5L+DBTgjbxocxey55qvsEqWhiJO0KwkgwM//tHiO5WxS/RW6k1ts16OMCAwEAAaOCAzIwggMuMFAGA1UdIARJMEcwRQYNK4EekZmEBQAAAAECAjA0MDIGCCsGAQUFBwIBFiZodHRwOi8vZXAubmJ1c3Iuc2sva2NhL2RvYy9rY2FfY3BzLnBkZjAPBgNVHRMBAf8EBTADAQH/MIIBWAYDVR0fBIIBTzCCAUswMKAuoCyGKmh0dHA6Ly9lcC5uYnVzci5zay9rY2EvY3JsczMva2NhbmJ1c3IzLmNybDCBkKCBjaCBioaBh2xkYXA6Ly9lcC5uYnVzci5zay9jbiUzZEtDQSUyME5CVSUyMFNSJTIwMyxvdSUzZFNJQkVQLG8lM2ROYXJvZG55JTIwYmV6cGVjbm9zdG55JTIwdXJhZCxsJTNkQnJhdGlzbGF2YSxjJTNkU0s/Y2VydGlmaWNhdGVSZXZvY2F0aW9uTGlzdDCBg6CBgKB+hnxsZGFwOi8vL2NuJTNkS0NBJTIwTkJVJTIwU1IlMjAzLG91JTNkU0lCRVAsbyUzZE5hcm9kbnklMjBiZXpwZWNub3N0bnklMjB1cmFkLGwlM2RCcmF0aXNsYXZhLGMlM2RTSz9jZXJ0aWZpY2F0ZVJldm9jYXRpb25MaXN0MIIBPAYIKwYBBQUHAQsEggEuMIIBKjA7BggrBgEFBQcwBYYvaHR0cDovL2VwLm5idXNyLnNrL2tjYS9jZXJ0cy9rY2EzL2tjYW5idXNyMy5wN2MwegYIKwYBBQUHMAWGbmxkYXA6Ly9lcC5uYnVzci5zay9jbj1LQ0EgTkJVIFNSIDMsb3U9U0lCRVAsbz1OYXJvZG55IGJlenBlY25vc3RueSB1cmFkLGw9QnJhdGlzbGF2YSxjPVNLP2NhQ2VydGlmaWNhdGU7YmluYXJ5MG8GCCsGAQUFBzAFhmNsZGFwOi8vL2NuPUtDQSBOQlUgU1IgMyxvdT1TSUJFUCxvPU5hcm9kbnkgYmV6cGVjbm9zdG55IHVyYWQsbD1CcmF0aXNsYXZhLGM9U0s/Y2FDZXJ0aWZpY2F0ZTtiaW5hcnkwDgYDVR0PAQH/BAQDAgEGMB0GA1UdDgQWBBR/8T0hwpdaLpcHDrFpgyX9IYY+BzANBgkqhkiG9w0BAQsFAAOCAgEANtv5EullQrKjuYnue9kecm9voLAnwqLqip4XEB22msgAuIrLkEteMt61k/BFgthXau9fBwD9CXu3qwTjtf+fyTgbU1aVR0b/ByzTbmkp179lQ5S8XOnawS9567JWNHaNiRW4XNN3WbQSsIfxBo5Vs1e0uW0GadTIXaRgMxwiWIpobd3nu1PbWlYPgi15dwRY4uSfjNQ1HFbVVgefi6Z4O32YKzxV38N+Os7uVsVcniyvI2Xo+MbUVzmdF2ExNvuguf06jekc/VfHSFY5zs1sMJyZI1aYmkbthQIHIQV5sK3/Bqv89I8Zx2CBwVTM/dgzzcdsNvh0RWkb3qK9tVqhJya2kGCFCD+h6Cya1d6TE4aWDub1dAX4L1w1lqdawG4rnz+HhoG5ZioUFzNdFJEYJCdCRcbrG0DsO25In1GZVbO6mhWcof6vwKW4cTknKi09MUe5l1q5oKu1VsIzDimymUe0B2sG5yWnkCYz91BaYQdabr11FlwiKriMNzlXcd4FC/o6MvPNPvUWzkiEV9wg82uztiKANqRaFYcO8sHYajx4IY1kELi9TUectuWL2EjaNp9OJnbL2YXCVemtb9PUYdZG+gWpH5DlEAxhsMpY+qH7x1sunu4NtwIZmdBKZG76MDwz0mCPgmYSous91QQBqeThl3hGnliUk8fF2aNJesAwgghVMIIGPaADAgECAgIA4DANBgkqhkiG9w0BAQsFADBtMQswCQYDVQQGEwJTSzETMBEGA1UEBwwKQnJhdGlzbGF2YTEiMCAGA1UECgwZTmFyb2RueSBiZXpwZWNub3N0bnkgdXJhZDEOMAwGA1UECwwFU0lCRVAxFTATBgNVBAMMDEtDQSBOQlUgU1IgMzAeFw0wOTExMjQxMTE0MTFaFw0xOTA5MDEwMDAwMDBaMIG3MQswCQYDVQQGEwJDWjE6MDgGA1UEAwwxSS5DQSAtIFF1YWxpZmllZCBDZXJ0aWZpY2F0aW9uIEF1dGhvcml0eSwgMDkvMjAwOTEtMCsGA1UECgwkUHJ2bsOtIGNlcnRpZmlrYcSNbsOtIGF1dG9yaXRhLCBhLnMuMT0wOwYDVQQLDDRJLkNBIC0gQWNjcmVkaXRlZCBQcm92aWRlciBvZiBDZXJ0aWZpY2F0aW9uIFNlcnZpY2VzMIIBIjANBgkqhkiG9w0BAQEFAAOCAQ8AMIIBCgKCAQEAtTaEy0KC8M9l4lSaWHMs4+sVV1LwzyJYiIQNeCrv1HHm/YpGIdY/Z640ceankjQvIX7m23BK4OSC6KO8kZYA3zopOz6GFCOKV2PvLukbc+c2imF6kLHEv6qNA8WxhPbR3xKwlHDwB2yhWzo7V3QVgDRG83sugqQntKYC3LnlTGbJpNP+Az72gpO9AHUn/IBhFk4ksc8lYS2L9GCy9CsmdKSBP78p9w8Lx7vDLqkDgt1/zBrcUWmSSb7AE/BPEeMryQV1IdI6nlGnBhWkXOYf6GSdayJw86btuxC7viDKNrbp44HjQRaSxnp6O3eto1x4DfiYdw/YbJFe7EjkxSQBywIDAQABo4IDsjCCA64wEgYDVR0TAQH/BAgwBgEB/wIBATBTBgNVHSABAf8ESTBHMEUGDSuBHpGZhAUAAAABAgIwNDAyBggrBgEFBQcCARYmaHR0cDovL2VwLm5idXNyLnNrL2tjYS9kb2Mva2NhX2Nwcy5wZGYwQgYDVR0hBDswOTAXBg0rgR6RmYQFAAAAAQICBgYEAIswAQEwHgYNK4EekZmEBQAAAAECAgYNK4EekZmEBQAAAAECAjAPBgNVHSQBAf8EBTADgAEAMIIBQAYIKwYBBQUHAQEEggEyMIIBLjA/BggrBgEFBQcwAoYzaHR0cDovL2VwLm5idXNyLnNrL2tjYS9jZXJ0cy9rY2EzL2tjYW5idXNyM19wN2MucDdjMHoGCCsGAQUFBzAChm5sZGFwOi8vZXAubmJ1c3Iuc2svY249S0NBIE5CVSBTUiAzLG91PVNJQkVQLG89TmFyb2RueSBiZXpwZWNub3N0bnkgdXJhZCxsPUJyYXRpc2xhdmEsYz1TSz9jYUNlcnRpZmljYXRlO2JpbmFyeTBvBggrBgEFBQcwAoZjbGRhcDovLy9jbj1LQ0EgTkJVIFNSIDMsb3U9U0lCRVAsbz1OYXJvZG55IGJlenBlY25vc3RueSB1cmFkLGw9QnJhdGlzbGF2YSxjPVNLP2NhQ2VydGlmaWNhdGU7YmluYXJ5MA4GA1UdDwEB/wQEAwIBBjAfBgNVHSMEGDAWgBR/8T0hwpdaLpcHDrFpgyX9IYY+BzCCAVgGA1UdHwSCAU8wggFLMDCgLqAshipodHRwOi8vZXAubmJ1c3Iuc2sva2NhL2NybHMzL2tjYW5idXNyMy5jcmwwgZCggY2ggYqGgYdsZGFwOi8vZXAubmJ1c3Iuc2svY24lM2RLQ0ElMjBOQlUlMjBTUiUyMDMsb3UlM2RTSUJFUCxvJTNkTmFyb2RueSUyMGJlenBlY25vc3RueSUyMHVyYWQsbCUzZEJyYXRpc2xhdmEsYyUzZFNLP2NlcnRpZmljYXRlUmV2b2NhdGlvbkxpc3QwgYOggYCgfoZ8bGRhcDovLy9jbiUzZEtDQSUyME5CVSUyMFNSJTIwMyxvdSUzZFNJQkVQLG8lM2ROYXJvZG55JTIwYmV6cGVjbm9zdG55JTIwdXJhZCxsJTNkQnJhdGlzbGF2YSxjJTNkU0s/Y2VydGlmaWNhdGVSZXZvY2F0aW9uTGlzdDAdBgNVHQ4EFgQUecvQI+k6Z3CRdE/TUeLgIP3hKPswDQYJKoZIhvcNAQELBQADggIBAI9w2OBY4N0C5eo//WPytGSNhtGpas6MSlNkP80dYWTUvmNPlqgfYmL5DRQ/LrndsbhB5qolIOMni9P/2CFA+41aSw2y/m3wBzc4itpcRyElZiR+Khl6dM6OeGlp92wb5IsUF8S1UXFpVzqdfB5jo4P0DZtygcHjU+HFQziJqhekJkUXJALFarD7zq1YP28y7EitfILNTnCrcNZr2nSeXFz3vX0fiEyCIWtdFrf+zs0TmbrZ4z/+HRlBzrIBvp/BtF+aeQB+d92BE3qNiLQE6KHa0S1XRWSFpU43Mo10/y1U/VxeFmLOor44SX7Ym38egkMBxZpE9uFlsuCZJnRzkelKeFsAkschnvFPmlmqRDx/EgrnmqnI3ssJTj6g+0kmlDgGovtdSUZb87gnuioC9+OwMpseEfGlyCEDxuprq9KNoAh6SS5ZluA2e4vyM7sEm1Q9CVPfLdJtjUtJzBjlz4PlTAICxBlA30olWRfd8MnRbSlo6RbIBQBRnISbruYqItenzFTXnMchAqVjDLEQGfURbzfOJlYzGsZeke6R8gXokfEf96IShQ55d07AewumwWJdQgN0B7bqfluakcjzz3/pRRUpOKjy6sWOGUAUlTDepsRGU/YzVqRLj5xO4hO8e2r3y9A0pApDYWbjzDjmIaN71O0vHpvR/ATFJau65muLMQA=
11:41:15.615 [main] DEBUG eu.europa.esig.dss.spi.x509.aia.DefaultAIASource - 2 certificate(s) loaded from 'http://q.ica.cz/ca_nbusr09.p7c'
11:41:15.623 [main] WARN eu.europa.esig.dss.validation.SignatureValidationContext - No revocation found for the certificate C-4AE84856DAD3520D875D28EDF71D513AA08EF813C96B22A9B6C3A562956FF4B1
11:41:15.624 [main] WARN eu.europa.esig.dss.validation.SignatureValidationContext - No revocation found for the certificate C-849A6A6F5AD1F26DD487701A15499A31CE4B911A3FFFA61502787456D06E9772
11:41:15.625 [main] DEBUG eu.europa.esig.dss.validation.SignatureValidationContext - Revocation data is not required for certificate : C-D83477E0388C40BA092FECA484A5EBD3AD3028BF60220132E95158C00DDCE98F
11:41:15.625 [main] WARN eu.europa.esig.dss.validation.DiagnosticDataBuilder - Provided CertificateSource configuration contains none of trusted sources of type TRUSTED_STORE or TRUSTED_LIST!
11:41:15.626 [main] DEBUG eu.europa.esig.dss.spi.CertificateExtensionsUtils - Unknown non-critical CertificateExtension with OID : '2.16.840.1.113730.1.13'
11:41:15.632 [main] WARN eu.europa.esig.dss.detailedreport.DetailedReportMessageCollector - The validation at time 'CERTIFICATE_ISSUANCE_TIME' is not found or not performed!
11:41:15.633 [main] WARN eu.europa.esig.dss.detailedreport.DetailedReportMessageCollector - The validation at time 'CERTIFICATE_ISSUANCE_TIME' is not found or not performed!
11:41:15.633 [main] WARN eu.europa.esig.dss.detailedreport.DetailedReportMessageCollector - The validation at time 'CERTIFICATE_ISSUANCE_TIME' is not found or not performed!
11:41:15.633 [main] WARN eu.europa.esig.dss.detailedreport.DetailedReportMessageCollector - The validation at time 'VALIDATION_TIME' is not found or not performed!
11:41:15.633 [main] WARN eu.europa.esig.dss.detailedreport.DetailedReportMessageCollector - The validation at time 'VALIDATION_TIME' is not found or not performed!
11:41:15.633 [main] WARN eu.europa.esig.dss.detailedreport.DetailedReportMessageCollector - The validation at time 'VALIDATION_TIME' is not found or not performed!
]]></system-out>
  </testcase>
  <testcase name="qcStatementsTest" classname="eu.europa.esig.dss.validation.CertificateValidatorTest" time="0.288">
    <system-out><![CDATA[11:41:16.216 [main] INFO eu.europa.esig.dss.validation.CommonCertificateVerifier - + New CommonCertificateVerifier created.
11:41:16.232 [main] INFO eu.europa.esig.dss.validation.CommonCertificateVerifier - + New CommonCertificateVerifier created.
11:41:16.233 [main] INFO eu.europa.esig.dss.validation.AIACertificateSource - Retrieving C-2D118BBC9E0B98D6AD07BB9D44CFC424467B8E2D83A2E04661E9A620DAA062FC certificate's issuer using AIA.
11:41:16.234 [main] DEBUG eu.europa.esig.dss.spi.x509.aia.DefaultAIASource - Loading certificate(s) from 'http://nt-qwac.nowina.solutions/res/caqctsp/sub-ca_tc.crt'.
11:41:16.277 [main] DEBUG eu.europa.esig.dss.spi.x509.aia.DefaultAIASource - Base64 content : Q2VydGlmaWNhdGU6DQogICAgRGF0YToNCiAgICAgICAgVmVyc2lvbjogMyAoMHgyKQ0KICAgICAgICBTZXJpYWwgTnVtYmVyOg0KICAgICAgICAgICAgN2U6OTk6ZmM6NzY6NzE6YTU6YjQ6Yjk6MzE6MjA6ZDE6ZTI6NDM6OGU6OTQ6NjANCiAgICAgICAgU2lnbmF0dXJlIEFsZ29yaXRobTogc2hhMjU2V2l0aFJTQUVuY3J5cHRpb24NCiAgICAgICAgSXNzdWVyOiBDPVRDLCBPPVRoaXJkIENvdW50cnkgUVRTUCBDb21wYW55LCBDTj1Sb290IENBDQogICAgICAgIFZhbGlkaXR5DQogICAgICAgICAgICBOb3QgQmVmb3JlOiBKdW4gMTcgMTA6MDY6NTIgMjAyMCBHTVQNCiAgICAgICAgICAgIE5vdCBBZnRlciA6IEp1biAxNSAxMDowNjo1MiAyMDMwIEdNVA0KICAgICAgICBTdWJqZWN0OiBDPVRDLCBPPVRoaXJkIENvdW50cnkgUVRTUCBDb21wYW55LCBDTj1UQyBlVHJ1c3QgUUMgZm9yIGVTaWduYXR1cmVzIENBDQogICAgICAgIFN1YmplY3QgUHVibGljIEtleSBJbmZvOg0KICAgICAgICAgICAgUHVibGljIEtleSBBbGdvcml0aG06IHJzYUVuY3J5cHRpb24NCiAgICAgICAgICAgICAgICBSU0EgUHVibGljLUtleTogKDQwOTYgYml0KQ0KICAgICAgICAgICAgICAgIE1vZHVsdXM6DQogICAgICAgICAgICAgICAgICAgIDAwOmYyOjExOjMzOjg4OjljOmNjOjcyOjBlOjJiOjZiOjAwOjE4OjAwOjRkOg0KICAgICAgICAgICAgICAgICAgICA3NzplNTpmYTpjNTo5NjowYzoyNTo0ZDpjNjozNTowNjo0ZjoxNjozNzoyNDoNCiAgICAgICAgICAgICAgICAgICAgYzM6MTY6NTU6Yzc6OWI6YzI6NDk6NWQ6ZWE6NjI6NjA6Nzk6YTI6NDM6NWU6DQogICAgICAgICAgICAgICAgICAgIDM0OjdlOjBkOmJjOjAwOjE4OjRiOmYyOmFmOjI5OjY2OjAxOmJiOjA2OmIzOg0KICAgICAgICAgICAgICAgICAgICA0MTpjYjo1Yzo0MTpkOToyMTphYTpjZTplYzo3MTphNTo5OTpjNDozNTo2YjoNCiAgICAgICAgICAgICAgICAgICAgZjg6OGI6ZmE6NWU6MmQ6ZDk6NGY6NjE6NDc6Njk6OWQ6YzA6MGI6NmU6YmY6DQogICAgICAgICAgICAgICAgICAgIDMwOjU1OmUxOjkwOmI1OmFhOjBjOmI1OmQzOmQ0OjYxOjZkOjhiOjkzOmZiOg0KICAgICAgICAgICAgICAgICAgICA3YzpiYzo1OTowYTpkNjo3Njo3MDo1MDplZDoyYTo5Yjo2MjozMDpkMzpiYToNCiAgICAgICAgICAgICAgICAgICAgNGI6NjM6NGI6Mzc6ZDc6YmY6Yzc6NjI6MDQ6NDg6NjE6Mzg6MmY6MjE6Njc6DQogICAgICAgICAgICAgICAgICAgIDcyOjBiOjJkOjY2OmI2OjhjOjVhOjhlOjY3OmU2OjEzOjY0OjY2Ojk1OjE1Og0KICAgICAgICAgICAgICAgICAgICA3ZDpmYzpiODo4YzpmMDplYzpkYzo5MjplNzoxNTphMToyNzo5NTo5YjpmODoNCiAgICAgICAgICAgICAgICAgICAgNzI6Mzg6YTQ6MTA6OTY6Nzc6NTE6OWM6OWQ6NWE6Yjg6MjY6NzI6YTQ6OWM6DQogICAgICAgICAgICAgICAgICAgIGIzOjYxOmY2OmI0OmY1OjA4OmY5OmI0OmQyOjMxOjc4OjkwOmQyOmU3OmE2Og0KICAgICAgICAgICAgICAgICAgICA1YTo3ZDo3MTo5OTo2MTplYzo4Zjo5NzpmMjplNzo5OTo2YTphMzo4ZTo2MToNCiAgICAgICAgICAgICAgICAgICAgMTM6YTc6NjQ6NTk6Y2U6NDI6N2Q6ZDc6ZDI6M2Q6MDU6ZmI6ZmM6NjQ6Y2U6DQogICAgICAgICAgICAgICAgICAgIGQ0OjY4OjllOmY2OjM4OmZiOjc2OjZmOjRiOmZiOjIxOjJmOjUwOjI5OmExOg0KICAgICAgICAgICAgICAgICAgICAwNjo1ZTowZDphMTpmODoxNTo3MTo0MTo2ZTo0YjpmMjo3NjowZjpmODpiNjoNCiAgICAgICAgICAgICAgICAgICAgZmU6ZjQ6Yzk6NDA6Nzg6YjM6NzM6NGI6YzA6NTI6Mzg6ODk6YjY6NjU6ODA6DQogICAgICAgICAgICAgICAgICAgIDg1OjI5OjAyOjVmOjc0OjQzOmZmOmYxOmM4OjY2OjI3OjBhOjk4OjY0OjZjOg0KICAgICAgICAgICAgICAgICAgICBkMzo2MjoxNDpjYTo2OTpjZjowMzpiYjo1YjpjMDoxYTo4NjoxNDpjNjo4ZjoNCiAgICAgICAgICAgICAgICAgICAgMGI6ZDE6MGE6N2E6NjM6NmE6OWM6NzI6YzM6YWM6MTc6NjY6NGQ6NzI6Zjc6DQogICAgICAgICAgICAgICAgICAgIGRkOjRjOjI0OmJlOmQwOmQ2OjhiOmZkOmE5Ojk4OjQ5OjRjOmE0OjEwOjM5Og0KICAgICAgICAgICAgICAgICAgICBhNzpmZDoxMjphODoxNDo0MTpjZjo0ZTozYzo1MDpmZjpiMjo1ZTozZDplODoNCiAgICAgICAgICAgICAgICAgICAgNWE6Mzc6MjY6ZTY6Zjg6MWI6N2Y6MmE6OTg6YWU6OTQ6ODc6YTk6OWI6NTQ6DQogICAgICAgICAgICAgICAgICAgIDk5OjI5OmI0OmY4OjU2OjBmOmU1OjdmOmYxOjQ2OjU2Ojc5OmM4OjgyOmE0Og0KICAgICAgICAgICAgICAgICAgICAxYTo0MzplODo2ZjozOTo1Yjo4NDo1YTo1Yzo0MzpmMzpkMzpmNzphZjpiODoNCiAgICAgICAgICAgICAgICAgICAgNGM6ZjU6NWE6MTg6NTY6ZTg6ODA6YjA6OTI6N2M6YmU6MGE6YWQ6Zjg6MDI6DQogICAgICAgICAgICAgICAgICAgIDQxOjA1OjIwOjVlOmFjOmRiOjlmOjFiOjA5OmUzOjAzOjhjOjM3OjliOjQ3Og0KICAgICAgICAgICAgICAgICAgICBkODo4NTplMDoyZTpjZDpiNDoxMDpkZjo3NDpiOTpkMzoxYjpkYTo3ZTo4YjoNCiAgICAgICAgICAgICAgICAgICAgMDI6Nzc6YjQ6MDQ6ODk6MzE6NDQ6NTc6YTE6NjM6YTM6ZmM6MzU6ZGI6YWQ6DQogICAgICAgICAgICAgICAgICAgIDZhOmJiOjc2OmRhOmI2OmQ3OjIxOmY3OjU2OmJlOjYyOmFhOjA4OmE3OjNhOg0KICAgICAgICAgICAgICAgICAgICBkNzozYTphZDpkNTpiMDo3MToxNzoxYjoxYjphNjo0ODo4OTo4NDowNToyOToNCiAgICAgICAgICAgICAgICAgICAgOGE6YmE6ZGE6MGE6Y2Y6YmQ6YzY6MGI6YjQ6MWI6MGU6ZjM6ZGY6ZjU6NTc6DQogICAgICAgICAgICAgICAgICAgIGE1OmQ0OjE4OmQ4OjI1OmQwOjM5Ojk0OjIxOjE2OjJmOjQ0OmE1Ojg0OjMyOg0KICAgICAgICAgICAgICAgICAgICAyMzo4Mjo4ZA0KICAgICAgICAgICAgICAgIEV4cG9uZW50OiA2NTUzNyAoMHgxMDAwMSkNCiAgICAgICAgWDUwOXYzIGV4dGVuc2lvbnM6DQogICAgICAgICAgICBBdXRob3JpdHkgSW5mb3JtYXRpb24gQWNjZXNzOiANCiAgICAgICAgICAgICAgICBDQSBJc3N1ZXJzIC0gVVJJOmh0dHA6Ly8xOC4yMDIuMjE3LjE4L3Jlcy9jYXFjdHNwL3Jvb3QtY2FfdGMuY3J0DQoNCiAgICAgICAgICAgIFg1MDl2MyBBdXRob3JpdHkgS2V5IElkZW50aWZpZXI6IA0KICAgICAgICAgICAgICAgIGtleWlkOjc0OjY0OkM4Ojk1OkQ0OjVEOkM0OkZFOjIxOjc0OjhBOjkxOjJBOjgzOjlEOkY0OjI5OjMzOjQ5OkM4DQoNCiAgICAgICAgICAgIFg1MDl2MyBCYXNpYyBDb25zdHJhaW50czogY3JpdGljYWwNCiAgICAgICAgICAgICAgICBDQTpUUlVFLCBwYXRobGVuOjANCiAgICAgICAgICAgIFg1MDl2MyBDUkwgRGlzdHJpYnV0aW9uIFBvaW50czogDQoNCiAgICAgICAgICAgICAgICBGdWxsIE5hbWU6DQogICAgICAgICAgICAgICAgICBVUkk6aHR0cDovLzE4LjIwMi4yMTcuMTgvcmVzL2NhcWN0c3Avcm9vdC1jYV90Yy5jcmwNCg0KICAgICAgICAgICAgWDUwOXYzIEtleSBVc2FnZTogY3JpdGljYWwNCiAgICAgICAgICAgICAgICBDZXJ0aWZpY2F0ZSBTaWduLCBDUkwgU2lnbg0KICAgICAgICAgICAgWDUwOXYzIFN1YmplY3QgS2V5IElkZW50aWZpZXI6IA0KICAgICAgICAgICAgICAgIDEyOkQwOjMwOjk0OjJBOkVCOjczOkM5OkRFOjlEOjUxOjFGOjc2OjA2OjA2OjQxOjg2OkQ5OkU2OkVDDQogICAgU2lnbmF0dXJlIEFsZ29yaXRobTogc2hhMjU2V2l0aFJTQUVuY3J5cHRpb24NCiAgICAgICAgIDY2OjJiOjNmOjAxOmQ0OjRiOjVjOmI4OmQ1OmI3OmJjOmEyOmJiOmQ5OmYxOjRjOjRiOjQwOg0KICAgICAgICAgZTg6MDU6OGY6Zjk6N2Q6M2Y6MjQ6NGY6ZmY6NjU6Nzc6MTg6NTc6NmU6ZTk6MTA6Mjc6MDk6DQogICAgICAgICA4OTowMjpkYzowMDo5NTowZjphZDpkOTo0NTpjNTpmYTowNzplYjozZjowMzpkMDo1NjozZDoNCiAgICAgICAgIGYxOmExOjFjOmVkOjIyOmU0OjA2OmEzOjJhOjc2OmZiOjE0OjQzOmI4OmY0OjEzOjg5OjM1Og0KICAgICAgICAgNjE6Y2E6MDI6ZWU6YTA6OTk6ZDM6OGU6Yzc6YzM6YzY6OTk6MzQ6OTY6Y2Y6YzY6YjY6MzU6DQogICAgICAgICBjODozNTo3Njo0NDpkNTo4OTo5YjphMjo5MTpkZjo3MTpmNjo4ODo0YzplNTpjZDoxMzplNToNCiAgICAgICAgIGNlOmYxOmI3Ojg4Ojk0OjYxOmQxOjQzOjUxOmU4OjAyOmE0OjUxOmM4OjM5OjRiOjFiOmFmOg0KICAgICAgICAgMjA6Yjk6NTA6OTQ6Yzc6ODA6MDI6ZGQ6Yzg6MTU6ZmQ6MTk6YzU6ZWE6NTU6MjI6MjQ6MDE6DQogICAgICAgICBmYjowZTo2OTozZTphMzpmYTpkOTo2ZDo0NjoyNzpjZTo0OTo0Mzo3ODpkYjo1ZTpiYjo4ZToNCiAgICAgICAgIDU5OmM1OmQ4OmI2Ojc3OmJkOjYzOmYyOmZkOjU2OjhkOjBmOjZiOjQyOmY4OmJkOmM5Ojk4Og0KICAgICAgICAgODc6MTg6Mzk6NDg6OGU6NWU6ZGQ6ZmQ6NmI6ZGQ6ZmY6OGY6N2Q6OWE6ZGQ6MTI6MTQ6NTk6DQogICAgICAgICBmNzo5ODo3Yjo3NDo2YzpkZDo5Nzo5NTphODo2Mjo2ZDowODo2Mzo3OTplZjowOTpjZToxODoNCiAgICAgICAgIGJhOjhmOjVhOjhlOjFhOmU5OmM5OjliOjUzOjg0OmYyOmExOmE2OmNjOjAyOjFlOjIxOjA2Og0KICAgICAgICAgM2Q6NmY6Njk6ODY6MzE6Mjc6ZmM6YmE6ODY6Y2U6MmU6NWM6ODQ6NDY6Yzc6M2I6MTY6ZWQ6DQogICAgICAgICA0MDozMDoyNDo5ZDowMTpmMDo5NjoxODo5YzpmOTo4MjpiODozYzo0ZjplZDphZDowMjo5YjoNCiAgICAgICAgIDVjOjI5OjI1OmFiOjg4OmY4Ojg0OmQzOjY3OjE4OjkwOmQzOmE1OjM0OjgxOmFkOjg2OjYyOg0KICAgICAgICAgMTE6YzQ6ZTA6NTA6Zjc6MTk6Mjk6ZmY6MTY6ZTM6ODc6ODc6YTQ6OTU6YWI6ZDQ6NTQ6ZDk6DQogICAgICAgICBkNzo0OTpjODowZDo2ZTozODo2ZDo1MzpiNDpkODo1ODo4OToyYTpjNDo4MTplNTowMTozODoNCiAgICAgICAgIDljOmIxOjdmOjhhOmYxOjg2OmM4OmE0OmIwOmY2OjNhOjIxOmU5OmFmOjRlOjRlOjgyOmYyOg0KICAgICAgICAgOWI6MmY6MTg6MGU6M2I6MDI6NWM6ZmQ6ZGQ6YTY6NjI6NGU6MTI6YzI6MmM6MzU6NGM6NDg6DQogICAgICAgICA1Zjo3MzpmYzplZjo2OTo1ZDplNzpmODowYzoxMTphNjpmZTpiODo2MzozYjo4YToyZjplMDoNCiAgICAgICAgIDRiOmFmOjY3OmUyOjJlOjUwOjQxOjA0OmVmOmI2OjBmOjZhOmE4OjFiOmRkOjA3OmFjOmUwOg0KICAgICAgICAgOGY6Y2Y6Y2I6ZDI6MGY6NjQ6Mzk6NTg6OTc6MDM6YWM6NWE6MDU6MjQ6Mzg6MTY6NTc6MTc6DQogICAgICAgICBlMzozMzpjYjo2MDozNzo0NDpmNjo0MDo2NTo2Njo1YTpjYjo5ZTphMTpkMTozYjo1MzphMzoNCiAgICAgICAgIDVlOjYzOmJmOjFmOjZhOmU0OjAzOjVmOjQ0OjQwOjc0OjM1OmUxOmQ0OjkzOmNjOmJmOmIyOg0KICAgICAgICAgNGQ6M2I6MzE6MDE6ZDM6NDE6NGM6MzY6ZTE6NzU6Y2U6MmM6YTQ6MDE6ZTc6MjM6Yjc6ZDY6DQogICAgICAgICA4MzphNDowZjoyNjpjYjpjYzo3OTo4ZDphNzo3NTo0MTo0MDplNjo3Yjo0ODo4ZTpjZTozMToNCiAgICAgICAgIDRlOmJhOjM0OmFiOjY0OjVhOmIxOmE5OmIxOjFlOmJhOjJlOmQwOjVmOmE3OmNiOjg4OjhlOg0KICAgICAgICAgZWQ6NGQ6YTk6NDE6ZmE6MzE6Y2U6ODYNCi0tLS0tQkVHSU4gQ0VSVElGSUNBVEUtLS0tLQ0KTUlJR0lUQ0NCQW1nQXdJQkFnSVFmcG44ZG5HbHRMa3hJTkhpUTQ2VVlEQU5CZ2txaGtpRzl3MEJBUXNGQURCRQ0KTVFzd0NRWURWUVFHRXdKVVF6RWpNQ0VHQTFVRUNnd2FWR2hwY21RZ1EyOTFiblJ5ZVNCUlZGTlFJRU52YlhCaA0KYm5reEVEQU9CZ05WQkFNTUIxSnZiM1FnUTBFd0hoY05NakF3TmpFM01UQXdOalV5V2hjTk16QXdOakUxTVRBdw0KTmpVeVdqQmNNUXN3Q1FZRFZRUUdFd0pVUXpFak1DRUdBMVVFQ2d3YVZHaHBjbVFnUTI5MWJuUnllU0JSVkZOUQ0KSUVOdmJYQmhibmt4S0RBbUJnTlZCQU1NSDFSRElHVlVjblZ6ZENCUlF5Qm1iM0lnWlZOcFoyNWhkSFZ5WlhNZw0KUTBFd2dnSWlNQTBHQ1NxR1NJYjNEUUVCQVFVQUE0SUNEd0F3Z2dJS0FvSUNBUUR5RVRPSW5NeHlEaXRyQUJnQQ0KVFhmbCtzV1dEQ1ZOeGpVR1R4WTNKTU1XVmNlYndrbGQ2bUpnZWFKRFhqUitEYndBR0V2eXJ5bG1BYnNHczBITA0KWEVIWklhck83SEdsbWNRMWEvaUwrbDR0MlU5aFIybWR3QXR1dnpCVjRaQzFxZ3kxMDlSaGJZdVQrM3k4V1FyVw0KZG5CUTdTcWJZakRUdWt0alN6Zlh2OGRpQkVoaE9DOGhaM0lMTFdhMmpGcU9aK1lUWkdhVkZYMzh1SXp3N055Uw0KNXhXaEo1V2IrSEk0cEJDV2QxR2NuVnE0Sm5La25MTmg5clQxQ1BtMDBqRjRrTkxucGxwOWNabGg3SStYOHVlWg0KYXFPT1lST25aRm5PUW4zWDBqMEYrL3hrenRSb252WTQrM1p2Uy9zaEwxQXBvUVplRGFINEZYRkJia3Z5ZGcvNA0KdHY3MHlVQjRzM05Md0ZJNGliWmxnSVVwQWw5MFEvL3h5R1luQ3Boa2JOTmlGTXBwendPN1c4QWFoaFRHand2Ug0KQ25wamFweHl3NndYWmsxeTk5MU1KTDdRMW92OXFaaEpUS1FRT2FmOUVxZ1VRYzlPUEZEL3NsNDk2Rm8zSnViNA0KRzM4cW1LNlVoNm1iVkprcHRQaFdEK1YvOFVaV2VjaUNwQnBENkc4NVc0UmFYRVB6MC9ldnVFejFXaGhXNklDdw0Ka255K0NxMzRBa0VGSUY2czI1OGJDZU1EakRlYlI5aUY0QzdOdEJEZmRMblRHOXAraXdKM3RBU0pNVVJYb1dPag0KL0RYYnJXcTdkdHEyMXlIM1ZyNWlxZ2luT3RjNnJkV3djUmNiRzZaSWlZUUZLWXE2MmdyUHZjWUx0QnNPODkvMQ0KVjZYVUdOZ2wwRG1VSVJZdlJLV0VNaU9DalFJREFRQUJvNEgyTUlIek1Fc0dDQ3NHQVFVRkJ3RUJCRDh3UFRBNw0KQmdnckJnRUZCUWN3QW9ZdmFIUjBjRG92THpFNExqSXdNaTR5TVRjdU1UZ3ZjbVZ6TDJOaGNXTjBjM0F2Y205dg0KZEMxallWOTBZeTVqY25Rd0h3WURWUjBqQkJnd0ZvQVVkR1RJbGRSZHhQNGhkSXFSS29PZDlDa3pTY2d3RWdZRA0KVlIwVEFRSC9CQWd3QmdFQi93SUJBREJBQmdOVkhSOEVPVEEzTURXZ002QXhoaTlvZEhSd09pOHZNVGd1TWpBeQ0KTGpJeE55NHhPQzl5WlhNdlkyRnhZM1J6Y0M5eWIyOTBMV05oWDNSakxtTnliREFPQmdOVkhROEJBZjhFQkFNQw0KQVFZd0hRWURWUjBPQkJZRUZCTFFNSlFxNjNQSjNwMVJIM1lHQmtHRzJlYnNNQTBHQ1NxR1NJYjNEUUVCQ3dVQQ0KQTRJQ0FRQm1LejhCMUV0Y3VOVzN2S0s3MmZGTVMwRG9CWS81ZlQ4a1QvOWxkeGhYYnVrUUp3bUpBdHdBbFErdA0KMlVYRitnZnJQd1BRVmozeG9SenRJdVFHb3lwMit4UkR1UFFUaVRWaHlnTHVvSm5UanNmRHhwazBscy9HdGpYSQ0KTlhaRTFZbWJvcEhmY2ZhSVRPWE5FK1hPOGJlSWxHSFJRMUhvQXFSUnlEbExHNjhndVZDVXg0QUMzY2dWL1JuRg0KNmxVaUpBSDdEbWsrby9yWmJVWW56a2xEZU50ZXU0NVp4ZGkyZDcxajh2MVdqUTlyUXZpOXlaaUhHRGxJamw3ZA0KL1d2ZC80OTltdDBTRkZuM21IdDBiTjJYbGFoaWJRaGplZThKemhpNmoxcU9HdW5KbTFPRThxR216QUllSVFZOQ0KYjJtR01TZjh1b2JPTGx5RVJzYzdGdTFBTUNTZEFmQ1dHSno1Z3JnOFQrMnRBcHRjS1NXcmlQaUUwMmNZa05PbA0KTklHdGhtSVJ4T0JROXhrcC94YmpoNGVrbGF2VVZOblhTY2dOYmpodFU3VFlXSWtxeElIbEFUaWNzWCtLOFliSQ0KcExEMk9pSHByMDVPZ3ZLYkx4Z09Pd0pjL2QybVlrNFN3aXcxVEVoZmMvenZhVjNuK0F3UnB2NjRZenVLTCtCTA0KcjJmaUxsQkJCTysyRDJxb0c5MEhyT0NQejh2U0QyUTVXSmNEckZvRkpEZ1dWeGZqTTh0Z04wVDJRR1ZtV3N1ZQ0Kb2RFN1U2TmVZNzhmYXVRRFgwUkFkRFhoMUpQTXY3Sk5PekVCMDBGTU51RjF6aXlrQWVjanQ5YURwQThteTh4NQ0KamFkMVFVRG1lMGlPempGT3VqU3JaRnF4cWJFZXVpN1FYNmZMaUk3dFRhbEIrakhPaGc9PQ0KLS0tLS1FTkQgQ0VSVElGSUNBVEUtLS0tLQ0K
11:41:16.338 [main] DEBUG eu.europa.esig.dss.spi.x509.aia.DefaultAIASource - 1 certificate(s) loaded from 'http://nt-qwac.nowina.solutions/res/caqctsp/sub-ca_tc.crt'
11:41:16.340 [main] WARN eu.europa.esig.dss.spi.x509.TokenIssuerSelector - No issuer found for the token creation date. The process continues with an issuer which has the same public key.
11:41:16.340 [main] INFO eu.europa.esig.dss.validation.AIACertificateSource - Retrieving C-9E0CF61CF38440777296CD8DE3E5FE960BCAB9731DB240E5DFE826A606795F70 certificate's issuer using AIA.
11:41:16.341 [main] DEBUG eu.europa.esig.dss.spi.x509.aia.DefaultAIASource - Loading certificate(s) from 'http://18.202.217.18/res/caqctsp/root-ca_tc.crt'.
11:41:16.384 [main] DEBUG eu.europa.esig.dss.spi.x509.aia.DefaultAIASource - Base64 content : Q2VydGlmaWNhdGU6DQogICAgRGF0YToNCiAgICAgICAgVmVyc2lvbjogMyAoMHgyKQ0KICAgICAgICBTZXJpYWwgTnVtYmVyOg0KICAgICAgICAgICAgN2U6OTk6ZmM6NzY6NzE6YTU6YjQ6Yjk6MzE6MjA6ZDE6ZTI6NDM6OGU6OTQ6NWUNCiAgICAgICAgU2lnbmF0dXJlIEFsZ29yaXRobTogc2hhMjU2V2l0aFJTQUVuY3J5cHRpb24NCiAgICAgICAgSXNzdWVyOiBDPVRDLCBPPVRoaXJkIENvdW50cnkgUVRTUCBDb21wYW55LCBDTj1Sb290IENBDQogICAgICAgIFZhbGlkaXR5DQogICAgICAgICAgICBOb3QgQmVmb3JlOiBNYXkgMTggMTg6NDU6NDAgMjAyMCBHTVQNCiAgICAgICAgICAgIE5vdCBBZnRlciA6IE1heSAxNiAxODo0NTo0MCAyMDMwIEdNVA0KICAgICAgICBTdWJqZWN0OiBDPVRDLCBPPVRoaXJkIENvdW50cnkgUVRTUCBDb21wYW55LCBDTj1Sb290IENBDQogICAgICAgIFN1YmplY3QgUHVibGljIEtleSBJbmZvOg0KICAgICAgICAgICAgUHVibGljIEtleSBBbGdvcml0aG06IHJzYUVuY3J5cHRpb24NCiAgICAgICAgICAgICAgICBSU0EgUHVibGljLUtleTogKDQwOTYgYml0KQ0KICAgICAgICAgICAgICAgIE1vZHVsdXM6DQogICAgICAgICAgICAgICAgICAgIDAwOmFlOmNiOmY0OjhjOjk1OjYxOjlmOjRkOjY5OmViOjZmOjk3OmI2OjdjOg0KICAgICAgICAgICAgICAgICAgICAzNTo2ZjpjNzplMzplMzpjMjo5YToxNTo2NjphNzozZjo0ODo5ZTphMTphMzoNCiAgICAgICAgICAgICAgICAgICAgMzE6NjU6MmY6OTY6YjE6NTI6MGQ6NjI6MzY6MzQ6YTk6YTY6MWU6ODM6ZDU6DQogICAgICAgICAgICAgICAgICAgIDUzOjE4OjJhOmFiOmY5OjgyOjcxOjkxOjkyOjA0OjM3OjA2OjhkOmJhOmJhOg0KICAgICAgICAgICAgICAgICAgICBlMzowNDo0ODpmZDoxNjoxYjpiNjo0YzowMzpiNjo0Yzo5ZDozNjo4NDo5NzoNCiAgICAgICAgICAgICAgICAgICAgNDU6YjE6MWM6NmE6MWM6YzA6MDk6NjU6ZWM6NTg6YWY6NDA6ZGM6OTA6OTg6DQogICAgICAgICAgICAgICAgICAgIDIzOjcxOjUwOjFkOmI5OjMxOmUxOjk0OmI0OjExOjNkOjdmOjljOmFhOjBhOg0KICAgICAgICAgICAgICAgICAgICBkMjo3ZDowMzo5NzowMzo5MDoyOTo0ZTplMzo1NzpmNTo3Njo3NzowYzo1ZDoNCiAgICAgICAgICAgICAgICAgICAgZTE6NzE6MGU6MzY6NWQ6OTI6NWM6ZWY6ZTA6Yjk6OGM6M2Y6ZmQ6Yjc6ZDQ6DQogICAgICAgICAgICAgICAgICAgIDg0OjcyOmVkOjY5OmU5OjRkOjRhOjEzOjg1OmM0OjMzOjIyOmQ1OjgwOmIwOg0KICAgICAgICAgICAgICAgICAgICBhOTo1MjoyMTo3MTpkZDpkNTphMTphYjo5NzowNDozZjo1Mzo3YzpjZDpjNToNCiAgICAgICAgICAgICAgICAgICAgOTM6MWE6ZjA6ZWI6MWY6ODg6OTU6YzA6NGM6YjI6ZTI6ZTE6MjY6NWQ6N2Q6DQogICAgICAgICAgICAgICAgICAgIDNjOjFlOmMwOmQ1OjhlOjU4OmYyOmUwOjE1Ojg3OjRhOmZjOjQzOjViOjhiOg0KICAgICAgICAgICAgICAgICAgICAwOTowOTowNTpmMTpjNzozYTplNzpiMDo2OTo5MTo5MDplYzo4MjpkZDpiYzoNCiAgICAgICAgICAgICAgICAgICAgNjc6NmY6NDE6NTE6ZjQ6ZWM6YWI6YWU6MGE6MDY6MzY6ODM6MDM6OGM6Mzk6DQogICAgICAgICAgICAgICAgICAgIDNiOmVkOmNjOjgzOjc3OjUxOmNiOmQ5OmNlOjQ2OjkzOmYzOjg0OjFjOjQ3Og0KICAgICAgICAgICAgICAgICAgICBkZDphZjozMzphZjoyYTo3NToxZTo4OToxNTozMzpjNDoyOTo2MzplNjo5ZjoNCiAgICAgICAgICAgICAgICAgICAgNGY6MzQ6ZDc6NDQ6NGY6NWI6Nzk6NGM6ODg6Yjc6OTk6NTI6NDg6YzA6YmQ6DQogICAgICAgICAgICAgICAgICAgIGRmOmYyOjNjOmRkOjI2OjNkOmI4OmM1OjNiOjVhOjdjOmM0OjNhOmQ2OjgzOg0KICAgICAgICAgICAgICAgICAgICAxOToxNDowYjpjODo2Zjo1YzoxNjpiYjoxNDo1Njo1NjowZTozZDo4NzowNzoNCiAgICAgICAgICAgICAgICAgICAgODA6Mzk6ODc6ZmE6YWY6YTI6ZDc6NTU6Mjk6N2M6MTk6OTA6ZWE6YTQ6OWE6DQogICAgICAgICAgICAgICAgICAgIDU3OmI1OmUwOjQ5OmUwOjk5OmQyOjY2OmJhOmMzOmFjOjM2OmU4OmZiOmYxOg0KICAgICAgICAgICAgICAgICAgICAyZjozZjo3OTplYjo3MzoxMjpmYTo0NzowNjphYjo3NTo1Nzo4Njo0YTphYjoNCiAgICAgICAgICAgICAgICAgICAgYWI6MjI6YWQ6YzE6ZmE6YWE6NDM6MTM6ODY6MjA6ODU6MTE6NzU6ZWI6ZGU6DQogICAgICAgICAgICAgICAgICAgIDc0OmZmOjRhOjkwOjA0OjYyOjc3OjE4OjVmOmNkOjg1OmU1OjU4OjU2OjI2Og0KICAgICAgICAgICAgICAgICAgICA0YjpjNTpkNjozMzozZDo4MDoxYjozNTpmMDpiNDoxMDpjNzphMTpjZToxOToNCiAgICAgICAgICAgICAgICAgICAgNDU6MjI6MTI6Mjk6MzI6OWQ6MmE6Nzg6NWY6ZTA6YWM6YjU6MTE6Zjc6MjY6DQogICAgICAgICAgICAgICAgICAgIDBlOjgzOmE3Ojc0OjFlOjI0OmVhOjhlOmFjOmIyOmNlOjUzOjkzOjkxOmI1Og0KICAgICAgICAgICAgICAgICAgICBjNDozYTplODoyMToxMTpmMjowNjplNDo3ODpkNjplYTowNTo5NzphYToyODoNCiAgICAgICAgICAgICAgICAgICAgOTA6ZDU6N2E6MDU6N2U6ZDM6NjE6YWU6NjI6ODc6NTE6MmI6NjM6OTk6YmU6DQogICAgICAgICAgICAgICAgICAgIDM1OjUyOmVlOjNkOmVlOmE3OmQ1OmI4OjEwOjFjOjdlOmJkOjQ5OmI2OjQ3Og0KICAgICAgICAgICAgICAgICAgICAyYjoyNzphNToyMTo5NjoyMjo4MTo2ZjowNzoyNDo5MTo4MjplMTowYzoxMToNCiAgICAgICAgICAgICAgICAgICAgZjE6NmY6Mzg6NDY6MDk6MjM6NTE6ODk6NGY6ZTM6NGU6YzQ6MjU6MGI6NDk6DQogICAgICAgICAgICAgICAgICAgIDVlOjkwOjgxOjgyOjQ0OmE1OmM2OjZkOjk2OjQ0OmMyOjU2OmYxOjZmOmI4Og0KICAgICAgICAgICAgICAgICAgICA1ZTpiMzo5Nw0KICAgICAgICAgICAgICAgIEV4cG9uZW50OiA2NTUzNyAoMHgxMDAwMSkNCiAgICAgICAgWDUwOXYzIGV4dGVuc2lvbnM6DQogICAgICAgICAgICBYNTA5djMgQmFzaWMgQ29uc3RyYWludHM6IGNyaXRpY2FsDQogICAgICAgICAgICAgICAgQ0E6VFJVRQ0KICAgICAgICAgICAgWDUwOXYzIEtleSBVc2FnZTogY3JpdGljYWwNCiAgICAgICAgICAgICAgICBDZXJ0aWZpY2F0ZSBTaWduLCBDUkwgU2lnbg0KICAgICAgICAgICAgWDUwOXYzIFN1YmplY3QgS2V5IElkZW50aWZpZXI6IA0KICAgICAgICAgICAgICAgIDc0OjY0OkM4Ojk1OkQ0OjVEOkM0OkZFOjIxOjc0OjhBOjkxOjJBOjgzOjlEOkY0OjI5OjMzOjQ5OkM4DQogICAgU2lnbmF0dXJlIEFsZ29yaXRobTogc2hhMjU2V2l0aFJTQUVuY3J5cHRpb24NCiAgICAgICAgIDFmOmZmOjEyOjllOjBjOjhkOjlmOjAwOjRmOjY1OjIyOmYwOjlhOmZhOmQ0OmRjOjdjOmQ5Og0KICAgICAgICAgZTE6MmY6ZDk6ZWY6ZWY6YTI6MWE6ZjE6NjI6ZjY6Mjc6NjA6ZWQ6YTc6NjY6ZGQ6NGM6MDY6DQogICAgICAgICA0MDphYjo0YTo5YjpkNzo4MjoxMzo4Njo0ZDowYTphNDpkNjowNjpmOTo4Nzo2Nzo4YjpkNzoNCiAgICAgICAgIGM5OjBmOmFmOmQ0OmVkOjYxOjUwOmQ3OmFhOmJkOjhmOjEwOjcyOjU4OjNjOmJhOjk4OmZmOg0KICAgICAgICAgNzk6NzE6NmM6MTA6ZDE6NDY6NWU6Zjc6MDI6N2I6MDY6NWQ6NGE6YTM6Njg6Yjk6ZmY6MWY6DQogICAgICAgICA0Yjo3ZTpiNjo1MTozZjowYzo4OTphNzpmYTpmMzpiNDphOTo3ZDoxMDpkMzpkMjpmNTpiZjoNCiAgICAgICAgIGE0OmZhOmM2OmY2Ojg5OjE2OjY4OmI3OjBiOjg0Ojg4OmYxOmI3Ojk0OjMxOmMwOmM3OjU0Og0KICAgICAgICAgMjg6ZWY6MWM6MWI6NjM6YzQ6MWQ6MmY6MTE6ZTQ6ODE6NzY6Y2U6Zjk6OTE6NGQ6ODI6MDc6DQogICAgICAgICBiZjoxODpjNjoxZTo2NjphNjpjNjo3MDpjMzpmZTpiMzo5MDozNTo1OTpkZjoyZDo4ZjowZToNCiAgICAgICAgIDgyOjg0OjU0OjJmOmZmOjZlOjNkOjdkOjZlOmM2OjJlOmEwOjc3OjlmOmMyOjI5OmNjOjg3Og0KICAgICAgICAgN2U6NjY6ZTQ6Y2Q6YTE6MzU6NjU6OGM6Mjg6OTQ6MWE6NzI6Njg6ZDY6N2I6ZmQ6YjQ6NWM6DQogICAgICAgICA5NDplNDo1MTowMzo1ZTo1ODo0NzozNjplYjplNjo0MDpkMzoyMDpkNjowOTozZTo3Njo2NToNCiAgICAgICAgIGM3OmU0OjZmOjQxOjE1OmRlOjEzOmEzOmJhOmZmOjA3OmVlOjM3OmZmOmVhOmZkOjk2OjhkOg0KICAgICAgICAgZjg6NjI6MDA6Zjk6MmM6YjA6ZGE6ZmQ6NDg6OWE6ZmI6NmM6YTc6NGM6NDM6MjE6MGY6ODU6DQogICAgICAgICAyYTplMjo0ZjpjZjpkYzo4ODoxNDo3ZjpkYjo1OTpmZjoxMzoxYToyNjo0MDo3ZDpkZTpkZDoNCiAgICAgICAgIDBmOjU5OjAyOjliOmRjOjIwOjkxOjFhOjQwOjU0OjA5OjUxOjNlOjQ0OmNmOmZiOmU5Ojk1Og0KICAgICAgICAgMDI6ZGQ6YjA6MDY6MzA6MDI6NGY6MjM6Y2E6OTA6MjM6Nzk6ZjA6Mzk6Mzg6NmI6N2U6OWM6DQogICAgICAgICA1MjplNTphODo3Mjo2MjpkZTo2Yzo1Nzo4Yzo2NToxNjpmYzpjZTpiYzo2MTphMTo4NTo2NToNCiAgICAgICAgIGRkOmIxOmY5OmM5Ojk1OmUyOmE4OmM2OmI0OjZjOjU4Ojg5OmEyOjNiOjc4OjFiOjQ3OjhmOg0KICAgICAgICAgZjY6Y2I6ZmQ6MTE6YmQ6N2M6MWU6OGU6YTI6ZmY6MTk6Njg6MTA6NzE6MGM6MzY6NjM6MTA6DQogICAgICAgICBmMjoyMTo4YTozODowYTowODphODpjMzo4OTpmNjo5Njo1MTo4NzplZjo0NzpmZDo1YzplMzoNCiAgICAgICAgIDQ4OmNiOjJhOmE5OjExOmEzOmRmOjdmOmIxOjI3OmFlOmM4OmQwOjEwOmI2OjMzOjY0OmRiOg0KICAgICAgICAgMmI6NDU6ZjA6NWE6MzY6MTc6NjI6MTY6MDM6YWY6MWU6YjA6YjE6OWY6ZTI6OTE6ZWY6Njc6DQogICAgICAgICBlMTpiODpmZDo4MDo0ODozZDozODpmYTpiZDpiYjo4NzowNDpkMToyZTphYjo0MjpiNzo3MDoNCiAgICAgICAgIDA2OjI4OjA3OmE3OjJiOjYwOjA2OmRjOjM3OmI5OjIwOjdmOjI2OjNkOjMyOmUyOjRmOjNlOg0KICAgICAgICAgNTY6NTE6MzU6Yjk6NmE6NTY6Yjk6NjA6ZWQ6OTg6OTc6MzU6NDM6ZTM6MTA6MjQ6NjY6Mzk6DQogICAgICAgICBkODo2ZDo0ZTo1MTpkODo4Mzo1ODoyYjo2NDo2MTo3NTo0ZDplNjowOTphMDoyODpkOToyMjoNCiAgICAgICAgIGIwOmY4OjM0OjM5OjYwOmEyOjNhOmYxOmYwOjY0OmJmOjVlOjYyOjQ0OjcyOjc1OjU1OjRmOg0KICAgICAgICAgZWE6NmI6YjE6MjY6Y2U6NWQ6YjQ6MDUNCi0tLS0tQkVHSU4gQ0VSVElGSUNBVEUtLS0tLQ0KTUlJRlZEQ0NBenlnQXdJQkFnSVFmcG44ZG5HbHRMa3hJTkhpUTQ2VVhqQU5CZ2txaGtpRzl3MEJBUXNGQURCRQ0KTVFzd0NRWURWUVFHRXdKVVF6RWpNQ0VHQTFVRUNnd2FWR2hwY21RZ1EyOTFiblJ5ZVNCUlZGTlFJRU52YlhCaA0KYm5reEVEQU9CZ05WQkFNTUIxSnZiM1FnUTBFd0hoY05NakF3TlRFNE1UZzBOVFF3V2hjTk16QXdOVEUyTVRnMA0KTlRRd1dqQkVNUXN3Q1FZRFZRUUdFd0pVUXpFak1DRUdBMVVFQ2d3YVZHaHBjbVFnUTI5MWJuUnllU0JSVkZOUQ0KSUVOdmJYQmhibmt4RURBT0JnTlZCQU1NQjFKdmIzUWdRMEV3Z2dJaU1BMEdDU3FHU0liM0RRRUJBUVVBQTRJQw0KRHdBd2dnSUtBb0lDQVFDdXkvU01sV0dmVFducmI1ZTJmRFZ2eCtQandwb1ZacWMvU0o2aG96RmxMNWF4VWcxaQ0KTmpTcHBoNkQxVk1ZS3F2NWduR1JrZ1EzQm8yNnV1TUVTUDBXRzdaTUE3Wk1uVGFFbDBXeEhHb2N3QWxsN0Zpdg0KUU55UW1DTnhVQjI1TWVHVXRCRTlmNXlxQ3RKOUE1Y0RrQ2xPNDFmMWRuY01YZUZ4RGpaZGtsenY0TG1NUC8yMw0KMUlSeTdXbnBUVW9UaGNRekl0V0FzS2xTSVhIZDFhR3Jsd1EvVTN6TnhaTWE4T3NmaUpYQVRMTGk0U1pkZlR3ZQ0Kd05XT1dQTGdGWWRLL0VOYml3a0pCZkhIT3Vld2FaR1E3SUxkdkdkdlFWSDA3S3V1Q2dZMmd3T01PVHZ0eklOMw0KVWN2WnprYVQ4NFFjUjkydk02OHFkUjZKRlRQRUtXUG1uMDgwMTBSUFczbE1pTGVaVWtqQXZkL3lQTjBtUGJqRg0KTzFwOHhEcldneGtVQzhodlhCYTdGRlpXRGoySEI0QTVoL3F2b3RkVktYd1prT3FrbWxlMTRFbmdtZEptdXNPcw0KTnVqNzhTOC9lZXR6RXZwSEJxdDFWNFpLcTZzaXJjSDZxa01UaGlDRkVYWHIzblQvU3BBRVluY1lYODJGNVZoVw0KSmt2RjFqTTlnQnMxOExRUXg2SE9HVVVpRWlreW5TcDRYK0NzdFJIM0pnNkRwM1FlSk9xT3JMTE9VNU9SdGNRNg0KNkNFUjhnYmtlTmJxQlplcUtKRFZlZ1YrMDJHdVlvZFJLMk9admpWUzdqM3VwOVc0RUJ4K3ZVbTJSeXNucFNHVw0KSW9GdkJ5U1JndUVNRWZGdk9FWUpJMUdKVCtOT3hDVUxTVjZRZ1lKRXBjWnRsa1RDVnZGdnVGNnpsd0lEQVFBQg0KbzBJd1FEQVBCZ05WSFJNQkFmOEVCVEFEQVFIL01BNEdBMVVkRHdFQi93UUVBd0lCQmpBZEJnTlZIUTRFRmdRVQ0KZEdUSWxkUmR4UDRoZElxUktvT2Q5Q2t6U2Nnd0RRWUpLb1pJaHZjTkFRRUxCUUFEZ2dJQkFCLy9FcDRNalo4QQ0KVDJVaThKcjYxTng4MmVFdjJlL3ZvaHJ4WXZZbllPMm5adDFNQmtDclNwdlhnaE9HVFFxazFnYjVoMmVMMThrUA0KcjlUdFlWRFhxcjJQRUhKWVBMcVkvM2x4YkJEUlJsNzNBbnNHWFVxamFMbi9IMHQrdGxFL0RJbW4rdk8wcVgwUQ0KMDlMMXY2VDZ4dmFKRm1pM0M0U0k4YmVVTWNESFZDanZIQnRqeEIwdkVlU0Jkczc1a1UyQ0I3OFl4aDVtcHNadw0Kdy82emtEVlozeTJQRG9LRVZDLy9iajE5YnNZdW9IZWZ3aW5NaDM1bTVNMmhOV1dNS0pRYWNtaldlLzIwWEpUaw0KVVFOZVdFYzI2K1pBMHlEV0NUNTJaY2ZrYjBFVjNoT2p1djhIN2pmLzZ2MldqZmhpQVBrc3NOcjlTSnI3YktkTQ0KUXlFUGhTcmlUOC9jaUJSLzIxbi9FeG9tUUgzZTNROVpBcHZjSUpFYVFGUUpVVDVFei92cGxRTGRzQVl3QWs4ag0KeXBBamVmQTVPR3QrbkZMbHFISmkzbXhYakdVVy9NNjhZYUdGWmQyeCtjbVY0cWpHdEd4WWlhSTdlQnRIai9iTA0KL1JHOWZCNk9vdjhaYUJCeEREWmpFUEloaWpnS0NLakRpZmFXVVlmdlIvMWM0MGpMS3FrUm85OS9zU2V1eU5BUQ0KdGpOazJ5dEY4Rm8yRjJJV0E2OGVzTEdmNHBIdlorRzQvWUJJUFRqNnZidUhCTkV1cTBLM2NBWW9CNmNyWUFiYw0KTjdrZ2Z5WTlNdUpQUGxaUk5ibHFWcmxnN1ppWE5VUGpFQ1JtT2RodFRsSFlnMWdyWkdGMVRlWUpvQ2paSXJENA0KTkRsZ29qcng4R1MvWG1KRWNuVlZUK3Byc1NiT1hiUUYNCi0tLS0tRU5EIENFUlRJRklDQVRFLS0tLS0NCg==
11:41:16.453 [main] DEBUG eu.europa.esig.dss.spi.x509.aia.DefaultAIASource - 1 certificate(s) loaded from 'http://18.202.217.18/res/caqctsp/root-ca_tc.crt'
11:41:16.456 [main] WARN eu.europa.esig.dss.validation.SignatureValidationContext - No revocation found for the certificate C-2D118BBC9E0B98D6AD07BB9D44CFC424467B8E2D83A2E04661E9A620DAA062FC
11:41:16.457 [main] WARN eu.europa.esig.dss.validation.SignatureValidationContext - No revocation found for the certificate C-9E0CF61CF38440777296CD8DE3E5FE960BCAB9731DB240E5DFE826A606795F70
11:41:16.458 [main] DEBUG eu.europa.esig.dss.validation.SignatureValidationContext - Revocation data is not required for certificate : C-4FD76679A5982110B760AD5B1B6BB4EF951CE226C4F44520F209E56049545CC8
11:41:16.458 [main] WARN eu.europa.esig.dss.validation.DiagnosticDataBuilder - Provided CertificateSource configuration contains none of trusted sources of type TRUSTED_STORE or TRUSTED_LIST!
11:41:16.474 [main] WARN eu.europa.esig.dss.spi.x509.TokenIssuerSelector - No issuer found for the token creation date. The process continues with an issuer which has the same public key.
11:41:16.476 [main] WARN eu.europa.esig.dss.detailedreport.DetailedReportMessageCollector - The validation at time 'CERTIFICATE_ISSUANCE_TIME' is not found or not performed!
11:41:16.476 [main] WARN eu.europa.esig.dss.detailedreport.DetailedReportMessageCollector - The validation at time 'CERTIFICATE_ISSUANCE_TIME' is not found or not performed!
11:41:16.476 [main] WARN eu.europa.esig.dss.detailedreport.DetailedReportMessageCollector - The validation at time 'CERTIFICATE_ISSUANCE_TIME' is not found or not performed!
11:41:16.477 [main] WARN eu.europa.esig.dss.detailedreport.DetailedReportMessageCollector - The validation at time 'VALIDATION_TIME' is not found or not performed!
11:41:16.478 [main] WARN eu.europa.esig.dss.detailedreport.DetailedReportMessageCollector - The validation at time 'VALIDATION_TIME' is not found or not performed!
11:41:16.479 [main] WARN eu.europa.esig.dss.detailedreport.DetailedReportMessageCollector - The validation at time 'VALIDATION_TIME' is not found or not performed!
]]></system-out>
  </testcase>
  <testcase name="nameConstraintsCertificateTest" classname="eu.europa.esig.dss.validation.CertificateValidatorTest" time="0.089">
    <system-out><![CDATA[11:41:16.517 [main] INFO eu.europa.esig.dss.validation.CommonCertificateVerifier - + New CommonCertificateVerifier created.
11:41:16.555 [main] INFO eu.europa.esig.dss.validation.CommonCertificateVerifier - + New CommonCertificateVerifier created.
11:41:16.556 [main] INFO eu.europa.esig.dss.validation.AIACertificateSource - Retrieving C-01EAF9D4E31283FA3AB7B01F13087B7CA44141D8B89B6494A71477A1EB4EC264 certificate's issuer using AIA.
11:41:16.556 [main] INFO eu.europa.esig.dss.spi.x509.aia.DefaultAIASource - There is no AIA extension for certificate download.
11:41:16.557 [main] WARN eu.europa.esig.dss.validation.SignatureValidationContext - Issuer not found for certificate C-01EAF9D4E31283FA3AB7B01F13087B7CA44141D8B89B6494A71477A1EB4EC264
11:41:16.559 [main] WARN eu.europa.esig.dss.validation.DiagnosticDataBuilder - Provided CertificateSource configuration contains none of trusted sources of type TRUSTED_STORE or TRUSTED_LIST!
11:41:16.571 [main] WARN eu.europa.esig.dss.detailedreport.DetailedReportMessageCollector - The validation at time 'CERTIFICATE_ISSUANCE_TIME' is not found or not performed!
11:41:16.571 [main] WARN eu.europa.esig.dss.detailedreport.DetailedReportMessageCollector - The validation at time 'CERTIFICATE_ISSUANCE_TIME' is not found or not performed!
11:41:16.572 [main] WARN eu.europa.esig.dss.detailedreport.DetailedReportMessageCollector - The validation at time 'CERTIFICATE_ISSUANCE_TIME' is not found or not performed!
11:41:16.572 [main] WARN eu.europa.esig.dss.detailedreport.DetailedReportMessageCollector - The validation at time 'VALIDATION_TIME' is not found or not performed!
11:41:16.572 [main] WARN eu.europa.esig.dss.detailedreport.DetailedReportMessageCollector - The validation at time 'VALIDATION_TIME' is not found or not performed!
11:41:16.572 [main] WARN eu.europa.esig.dss.detailedreport.DetailedReportMessageCollector - The validation at time 'VALIDATION_TIME' is not found or not performed!
]]></system-out>
  </testcase>
  <testcase name="policyConstraintsTest" classname="eu.europa.esig.dss.validation.CertificateValidatorTest" time="0.065">
    <system-out><![CDATA[11:41:16.609 [main] INFO eu.europa.esig.dss.validation.CommonCertificateVerifier - + New CommonCertificateVerifier created.
11:41:16.636 [main] INFO eu.europa.esig.dss.validation.CommonCertificateVerifier - + New CommonCertificateVerifier created.
11:41:16.636 [main] INFO eu.europa.esig.dss.validation.AIACertificateSource - Retrieving C-58274A05DF0D47E7A0B39D72B0B3A2649807F96F9199539E231A3F49CCA08C54 certificate's issuer using AIA.
11:41:16.636 [main] INFO eu.europa.esig.dss.spi.x509.aia.DefaultAIASource - There is no AIA extension for certificate download.
11:41:16.637 [main] WARN eu.europa.esig.dss.validation.SignatureValidationContext - Issuer not found for certificate C-58274A05DF0D47E7A0B39D72B0B3A2649807F96F9199539E231A3F49CCA08C54
11:41:16.637 [main] WARN eu.europa.esig.dss.validation.DiagnosticDataBuilder - Provided CertificateSource configuration contains none of trusted sources of type TRUSTED_STORE or TRUSTED_LIST!
11:41:16.639 [main] WARN eu.europa.esig.dss.detailedreport.DetailedReportMessageCollector - The validation at time 'CERTIFICATE_ISSUANCE_TIME' is not found or not performed!
11:41:16.639 [main] WARN eu.europa.esig.dss.detailedreport.DetailedReportMessageCollector - The validation at time 'CERTIFICATE_ISSUANCE_TIME' is not found or not performed!
11:41:16.639 [main] WARN eu.europa.esig.dss.detailedreport.DetailedReportMessageCollector - The validation at time 'CERTIFICATE_ISSUANCE_TIME' is not found or not performed!
11:41:16.639 [main] WARN eu.europa.esig.dss.detailedreport.DetailedReportMessageCollector - The validation at time 'VALIDATION_TIME' is not found or not performed!
11:41:16.639 [main] WARN eu.europa.esig.dss.detailedreport.DetailedReportMessageCollector - The validation at time 'VALIDATION_TIME' is not found or not performed!
11:41:16.639 [main] WARN eu.europa.esig.dss.detailedreport.DetailedReportMessageCollector - The validation at time 'VALIDATION_TIME' is not found or not performed!
]]></system-out>
  </testcase>
  <testcase name="testPolicyNull" classname="eu.europa.esig.dss.validation.CertificateValidatorTest" time="0.115">
    <system-out><![CDATA[11:41:16.659 [main] INFO eu.europa.esig.dss.validation.CommonCertificateVerifier - + New CommonCertificateVerifier created.
11:41:16.688 [main] INFO eu.europa.esig.dss.validation.CommonCertificateVerifier - + New CommonCertificateVerifier created.
11:41:16.690 [main] INFO eu.europa.esig.dss.validation.AIACertificateSource - Retrieving C-4AE84856DAD3520D875D28EDF71D513AA08EF813C96B22A9B6C3A562956FF4B1 certificate's issuer using AIA.
11:41:16.690 [main] DEBUG eu.europa.esig.dss.spi.x509.aia.DefaultAIASource - Loading certificate(s) from 'http://q.ica.cz/ca_nbusr09.p7c'.
11:41:16.739 [main] DEBUG eu.europa.esig.dss.spi.x509.aia.DefaultAIASource - Base64 content : MIIREQYJKoZIhvcNAQcCoIIRAjCCEP4CAQExADALBgkqhkiG9w0BBwGgghDmMIIIiTCCBnGgAwIBAgIBATANBgkqhkiG9w0BAQsFADBtMQswCQYDVQQGEwJTSzETMBEGA1UEBwwKQnJhdGlzbGF2YTEiMCAGA1UECgwZTmFyb2RueSBiZXpwZWNub3N0bnkgdXJhZDEOMAwGA1UECwwFU0lCRVAxFTATBgNVBAMMDEtDQSBOQlUgU1IgMzAeFw0wOTExMDYwOTU5MzlaFw0yNTExMDYwNzI5MDlaMG0xCzAJBgNVBAYTAlNLMRMwEQYDVQQHDApCcmF0aXNsYXZhMSIwIAYDVQQKDBlOYXJvZG55IGJlenBlY25vc3RueSB1cmFkMQ4wDAYDVQQLDAVTSUJFUDEVMBMGA1UEAwwMS0NBIE5CVSBTUiAzMIICIjANBgkqhkiG9w0BAQEFAAOCAg8AMIICCgKCAgEA26rQjy9KlxLVuet9WdyDXIsxF/Llbl7OLNLFJ9xn6rOO8NcFIZfSlA1USbEfK+3kMJyNYJNyFi8OGQq3vv9/yRjJ5EARzVlns4ROhI/nxEahu4ET4VxVuyO5h0fmyJiGdFwJIPzFUxXYd2Z+u2OpLbNLynj4HG9k2CK6p5TB0CXzj4MUr7rbXF0sV+J3iQwcFSJol8C4gGln9wC4czC44jHWfZUSvQ3vK9hrSBbJJ3bYLZV/RawKvR4SkWDxnFiOti7ujULrWpfkgiCo2TDV4NSGsaGeXEIzoBShYRtppibHjmuLyFwZmvggY2/ux+EVwt6bgrlftQLpORF2rTQAdt10OyZNuMRphkKuDwgd1EhK4vW9XubLNbBCDBRhHG8dp7Vj/WOIVJPuQKR31O2ngnNiV4ItFLfVTU6h54/IgN4WDIM72Ak75yVInkqUbq1uYeHI375wIVUR1eLkW1FusT+wMYvVApZKg/0GX6lNLRmpQOOFv7iPXaoO4YSN761PkHJf5qJVyYS8dCM/ecpATRKR/RfdJSNmHcPHea8U+Zr5v+0f9DkWJ/zwzLAWNdU34C4s1LBmLA6uGAGfj8uesQ+5GRKCDcZwUA195XLN2o0JYner9ZY5L+DBTgjbxocxey55qvsEqWhiJO0KwkgwM//tHiO5WxS/RW6k1ts16OMCAwEAAaOCAzIwggMuMFAGA1UdIARJMEcwRQYNK4EekZmEBQAAAAECAjA0MDIGCCsGAQUFBwIBFiZodHRwOi8vZXAubmJ1c3Iuc2sva2NhL2RvYy9rY2FfY3BzLnBkZjAPBgNVHRMBAf8EBTADAQH/MIIBWAYDVR0fBIIBTzCCAUswMKAuoCyGKmh0dHA6Ly9lcC5uYnVzci5zay9rY2EvY3JsczMva2NhbmJ1c3IzLmNybDCBkKCBjaCBioaBh2xkYXA6Ly9lcC5uYnVzci5zay9jbiUzZEtDQSUyME5CVSUyMFNSJTIwMyxvdSUzZFNJQkVQLG8lM2ROYXJvZG55JTIwYmV6cGVjbm9zdG55JTIwdXJhZCxsJTNkQnJhdGlzbGF2YSxjJTNkU0s/Y2VydGlmaWNhdGVSZXZvY2F0aW9uTGlzdDCBg6CBgKB+hnxsZGFwOi8vL2NuJTNkS0NBJTIwTkJVJTIwU1IlMjAzLG91JTNkU0lCRVAsbyUzZE5hcm9kbnklMjBiZXpwZWNub3N0bnklMjB1cmFkLGwlM2RCcmF0aXNsYXZhLGMlM2RTSz9jZXJ0aWZpY2F0ZVJldm9jYXRpb25MaXN0MIIBPAYIKwYBBQUHAQsEggEuMIIBKjA7BggrBgEFBQcwBYYvaHR0cDovL2VwLm5idXNyLnNrL2tjYS9jZXJ0cy9rY2EzL2tjYW5idXNyMy5wN2MwegYIKwYBBQUHMAWGbmxkYXA6Ly9lcC5uYnVzci5zay9jbj1LQ0EgTkJVIFNSIDMsb3U9U0lCRVAsbz1OYXJvZG55IGJlenBlY25vc3RueSB1cmFkLGw9QnJhdGlzbGF2YSxjPVNLP2NhQ2VydGlmaWNhdGU7YmluYXJ5MG8GCCsGAQUFBzAFhmNsZGFwOi8vL2NuPUtDQSBOQlUgU1IgMyxvdT1TSUJFUCxvPU5hcm9kbnkgYmV6cGVjbm9zdG55IHVyYWQsbD1CcmF0aXNsYXZhLGM9U0s/Y2FDZXJ0aWZpY2F0ZTtiaW5hcnkwDgYDVR0PAQH/BAQDAgEGMB0GA1UdDgQWBBR/8T0hwpdaLpcHDrFpgyX9IYY+BzANBgkqhkiG9w0BAQsFAAOCAgEANtv5EullQrKjuYnue9kecm9voLAnwqLqip4XEB22msgAuIrLkEteMt61k/BFgthXau9fBwD9CXu3qwTjtf+fyTgbU1aVR0b/ByzTbmkp179lQ5S8XOnawS9567JWNHaNiRW4XNN3WbQSsIfxBo5Vs1e0uW0GadTIXaRgMxwiWIpobd3nu1PbWlYPgi15dwRY4uSfjNQ1HFbVVgefi6Z4O32YKzxV38N+Os7uVsVcniyvI2Xo+MbUVzmdF2ExNvuguf06jekc/VfHSFY5zs1sMJyZI1aYmkbthQIHIQV5sK3/Bqv89I8Zx2CBwVTM/dgzzcdsNvh0RWkb3qK9tVqhJya2kGCFCD+h6Cya1d6TE4aWDub1dAX4L1w1lqdawG4rnz+HhoG5ZioUFzNdFJEYJCdCRcbrG0DsO25In1GZVbO6mhWcof6vwKW4cTknKi09MUe5l1q5oKu1VsIzDimymUe0B2sG5yWnkCYz91BaYQdabr11FlwiKriMNzlXcd4FC/o6MvPNPvUWzkiEV9wg82uztiKANqRaFYcO8sHYajx4IY1kELi9TUectuWL2EjaNp9OJnbL2YXCVemtb9PUYdZG+gWpH5DlEAxhsMpY+qH7x1sunu4NtwIZmdBKZG76MDwz0mCPgmYSous91QQBqeThl3hGnliUk8fF2aNJesAwgghVMIIGPaADAgECAgIA4DANBgkqhkiG9w0BAQsFADBtMQswCQYDVQQGEwJTSzETMBEGA1UEBwwKQnJhdGlzbGF2YTEiMCAGA1UECgwZTmFyb2RueSBiZXpwZWNub3N0bnkgdXJhZDEOMAwGA1UECwwFU0lCRVAxFTATBgNVBAMMDEtDQSBOQlUgU1IgMzAeFw0wOTExMjQxMTE0MTFaFw0xOTA5MDEwMDAwMDBaMIG3MQswCQYDVQQGEwJDWjE6MDgGA1UEAwwxSS5DQSAtIFF1YWxpZmllZCBDZXJ0aWZpY2F0aW9uIEF1dGhvcml0eSwgMDkvMjAwOTEtMCsGA1UECgwkUHJ2bsOtIGNlcnRpZmlrYcSNbsOtIGF1dG9yaXRhLCBhLnMuMT0wOwYDVQQLDDRJLkNBIC0gQWNjcmVkaXRlZCBQcm92aWRlciBvZiBDZXJ0aWZpY2F0aW9uIFNlcnZpY2VzMIIBIjANBgkqhkiG9w0BAQEFAAOCAQ8AMIIBCgKCAQEAtTaEy0KC8M9l4lSaWHMs4+sVV1LwzyJYiIQNeCrv1HHm/YpGIdY/Z640ceankjQvIX7m23BK4OSC6KO8kZYA3zopOz6GFCOKV2PvLukbc+c2imF6kLHEv6qNA8WxhPbR3xKwlHDwB2yhWzo7V3QVgDRG83sugqQntKYC3LnlTGbJpNP+Az72gpO9AHUn/IBhFk4ksc8lYS2L9GCy9CsmdKSBP78p9w8Lx7vDLqkDgt1/zBrcUWmSSb7AE/BPEeMryQV1IdI6nlGnBhWkXOYf6GSdayJw86btuxC7viDKNrbp44HjQRaSxnp6O3eto1x4DfiYdw/YbJFe7EjkxSQBywIDAQABo4IDsjCCA64wEgYDVR0TAQH/BAgwBgEB/wIBATBTBgNVHSABAf8ESTBHMEUGDSuBHpGZhAUAAAABAgIwNDAyBggrBgEFBQcCARYmaHR0cDovL2VwLm5idXNyLnNrL2tjYS9kb2Mva2NhX2Nwcy5wZGYwQgYDVR0hBDswOTAXBg0rgR6RmYQFAAAAAQICBgYEAIswAQEwHgYNK4EekZmEBQAAAAECAgYNK4EekZmEBQAAAAECAjAPBgNVHSQBAf8EBTADgAEAMIIBQAYIKwYBBQUHAQEEggEyMIIBLjA/BggrBgEFBQcwAoYzaHR0cDovL2VwLm5idXNyLnNrL2tjYS9jZXJ0cy9rY2EzL2tjYW5idXNyM19wN2MucDdjMHoGCCsGAQUFBzAChm5sZGFwOi8vZXAubmJ1c3Iuc2svY249S0NBIE5CVSBTUiAzLG91PVNJQkVQLG89TmFyb2RueSBiZXpwZWNub3N0bnkgdXJhZCxsPUJyYXRpc2xhdmEsYz1TSz9jYUNlcnRpZmljYXRlO2JpbmFyeTBvBggrBgEFBQcwAoZjbGRhcDovLy9jbj1LQ0EgTkJVIFNSIDMsb3U9U0lCRVAsbz1OYXJvZG55IGJlenBlY25vc3RueSB1cmFkLGw9QnJhdGlzbGF2YSxjPVNLP2NhQ2VydGlmaWNhdGU7YmluYXJ5MA4GA1UdDwEB/wQEAwIBBjAfBgNVHSMEGDAWgBR/8T0hwpdaLpcHDrFpgyX9IYY+BzCCAVgGA1UdHwSCAU8wggFLMDCgLqAshipodHRwOi8vZXAubmJ1c3Iuc2sva2NhL2NybHMzL2tjYW5idXNyMy5jcmwwgZCggY2ggYqGgYdsZGFwOi8vZXAubmJ1c3Iuc2svY24lM2RLQ0ElMjBOQlUlMjBTUiUyMDMsb3UlM2RTSUJFUCxvJTNkTmFyb2RueSUyMGJlenBlY25vc3RueSUyMHVyYWQsbCUzZEJyYXRpc2xhdmEsYyUzZFNLP2NlcnRpZmljYXRlUmV2b2NhdGlvbkxpc3QwgYOggYCgfoZ8bGRhcDovLy9jbiUzZEtDQSUyME5CVSUyMFNSJTIwMyxvdSUzZFNJQkVQLG8lM2ROYXJvZG55JTIwYmV6cGVjbm9zdG55JTIwdXJhZCxsJTNkQnJhdGlzbGF2YSxjJTNkU0s/Y2VydGlmaWNhdGVSZXZvY2F0aW9uTGlzdDAdBgNVHQ4EFgQUecvQI+k6Z3CRdE/TUeLgIP3hKPswDQYJKoZIhvcNAQELBQADggIBAI9w2OBY4N0C5eo//WPytGSNhtGpas6MSlNkP80dYWTUvmNPlqgfYmL5DRQ/LrndsbhB5qolIOMni9P/2CFA+41aSw2y/m3wBzc4itpcRyElZiR+Khl6dM6OeGlp92wb5IsUF8S1UXFpVzqdfB5jo4P0DZtygcHjU+HFQziJqhekJkUXJALFarD7zq1YP28y7EitfILNTnCrcNZr2nSeXFz3vX0fiEyCIWtdFrf+zs0TmbrZ4z/+HRlBzrIBvp/BtF+aeQB+d92BE3qNiLQE6KHa0S1XRWSFpU43Mo10/y1U/VxeFmLOor44SX7Ym38egkMBxZpE9uFlsuCZJnRzkelKeFsAkschnvFPmlmqRDx/EgrnmqnI3ssJTj6g+0kmlDgGovtdSUZb87gnuioC9+OwMpseEfGlyCEDxuprq9KNoAh6SS5ZluA2e4vyM7sEm1Q9CVPfLdJtjUtJzBjlz4PlTAICxBlA30olWRfd8MnRbSlo6RbIBQBRnISbruYqItenzFTXnMchAqVjDLEQGfURbzfOJlYzGsZeke6R8gXokfEf96IShQ55d07AewumwWJdQgN0B7bqfluakcjzz3/pRRUpOKjy6sWOGUAUlTDepsRGU/YzVqRLj5xO4hO8e2r3y9A0pApDYWbjzDjmIaN71O0vHpvR/ATFJau65muLMQA=
11:41:16.740 [main] DEBUG eu.europa.esig.dss.spi.x509.aia.DefaultAIASource - 2 certificate(s) loaded from 'http://q.ica.cz/ca_nbusr09.p7c'
11:41:16.749 [main] WARN eu.europa.esig.dss.validation.SignatureValidationContext - No revocation found for the certificate C-4AE84856DAD3520D875D28EDF71D513AA08EF813C96B22A9B6C3A562956FF4B1
11:41:16.750 [main] WARN eu.europa.esig.dss.validation.SignatureValidationContext - No revocation found for the certificate C-849A6A6F5AD1F26DD487701A15499A31CE4B911A3FFFA61502787456D06E9772
11:41:16.750 [main] DEBUG eu.europa.esig.dss.validation.SignatureValidationContext - Revocation data is not required for certificate : C-D83477E0388C40BA092FECA484A5EBD3AD3028BF60220132E95158C00DDCE98F
11:41:16.750 [main] WARN eu.europa.esig.dss.validation.DiagnosticDataBuilder - Provided CertificateSource configuration contains none of trusted sources of type TRUSTED_STORE or TRUSTED_LIST!
11:41:16.751 [main] DEBUG eu.europa.esig.dss.spi.CertificateExtensionsUtils - Unknown non-critical CertificateExtension with OID : '2.16.840.1.113730.1.13'
]]></system-out>
  </testcase>
  <testcase name="externalResourcesCRLSourceTest" classname="eu.europa.esig.dss.validation.CertificateValidatorTest" time="0.247">
    <system-out><![CDATA[11:41:16.822 [main] INFO eu.europa.esig.dss.validation.CommonCertificateVerifier - + New CommonCertificateVerifier created.
11:41:16.835 [main] INFO eu.europa.esig.dss.validation.CommonCertificateVerifier - + New CommonCertificateVerifier created.
11:41:16.840 [main] DEBUG eu.europa.esig.dss.validation.SignatureValidationContext - The signature does not contain relative revocation data.
11:41:16.841 [main] DEBUG eu.europa.esig.dss.validation.RevocationDataLoadingStrategy - OCSPSource null
11:41:16.841 [main] DEBUG eu.europa.esig.dss.validation.RevocationDataLoadingStrategy - CRL request for: C-D74AF393CF3B506DA33B46BC52B49CD6FAC12B2BDAA9CE1FBA25C0C1E4EBBE19 using: ExternalResourcesCRLSource
11:41:16.859 [main] DEBUG eu.europa.esig.dss.crl.stream.impl.CRLParser - TBSCertList -> signatureAlgorithm : 06092a864886f70d0101050500
11:41:16.859 [main] DEBUG eu.europa.esig.dss.crl.stream.impl.CRLParser - TBSCertList -> issuer : 310b3009060355040613024245311930170603550403131042656c6769756d20526f6f7420434132
11:41:16.860 [main] DEBUG eu.europa.esig.dss.crl.stream.impl.CRLParser - TBSCertList -> thisUpdate : 3134303730313131303030305a
11:41:16.860 [main] DEBUG eu.europa.esig.dss.crl.stream.impl.CRLParser - TBSCertList -> nextUpdate : 3135303133313131303030305a
11:41:16.860 [main] DEBUG eu.europa.esig.dss.crl.stream.impl.CRLParser - CertificateList -> signatureAlgorithm : 06092a864886f70d0101050500
11:41:16.860 [main] DEBUG eu.europa.esig.dss.crl.stream.impl.CRLParser - CertificateList -> signatureValue : 00a50aa7fe1076ff65a7c222b4577449883ab1d5d1f1587c86cb11652130b20305d36070378a8d4381e9d7375a7c5fcae1384739dd05b640d5d943bfbc045fcb31686cc0744475ebab834bf085ef0c15cfcbe80eafa3bb9c68a4dd35572ec535c080e372299d96a5f473c841f6f6132adf36ee6141a97b5a2284eeaf0f49c875bc1941f61f0d6f221f9f23e21d9ec0d01e8c3c906a4821708069be61907fe0342cb0e56e8b4fa4053d7db940634c6d1011eedd2f1653044801a30ab96b1bfddd00577b48fec4e5d9f7bb65536889e756ec2d8dc4d77e3388c57a84a3ec070e8044cabf045eb83fa6b12c850ea9d091698a0cbb67a47d84a816e68cde5da8efd6b0
11:41:16.861 [main] DEBUG eu.europa.esig.dss.crl.AbstractCRLUtils - issuingDistributionPointBinary is null. Issuing Distribution Point fields in CRLValidity cannot be filled.
11:41:16.869 [main] DEBUG eu.europa.esig.dss.crl.stream.impl.CRLParser - Should only contain SEQUENCEs : tagNo = 6 (ignored)
11:41:16.870 [main] DEBUG eu.europa.esig.dss.spi.x509.revocation.crl.CRLToken - A CRLToken created with Id : [R-2D39D94CCE32917A8B5F8ADA67DEFBCBB7BEE8B27DC746106B144E20E419D03C]
11:41:16.871 [main] DEBUG eu.europa.esig.dss.validation.RevocationDataLoadingStrategy - CRL for C-D74AF393CF3B506DA33B46BC52B49CD6FAC12B2BDAA9CE1FBA25C0C1E4EBBE19 retrieved: CRLToken[2014-07-01T11:00:00Z, signedBy=CN=Belgium Root CA2, C=BE]
11:41:16.871 [main] DEBUG eu.europa.esig.dss.validation.RevocationDataVerifier - The revocation 'R-2D39D94CCE32917A8B5F8ADA67DEFBCBB7BEE8B27DC746106B144E20E419D03C' is consistent. Certificate: C-D74AF393CF3B506DA33B46BC52B49CD6FAC12B2BDAA9CE1FBA25C0C1E4EBBE19
11:41:16.871 [main] WARN eu.europa.esig.dss.validation.RevocationDataVerifier - The used DigestAlgorithm SHA1 is not acceptable for revocation token 'R-2D39D94CCE32917A8B5F8ADA67DEFBCBB7BEE8B27DC746106B144E20E419D03C'!
11:41:16.871 [main] DEBUG eu.europa.esig.dss.validation.SignatureValidationContext - Obtained a new revocation data : R-2D39D94CCE32917A8B5F8ADA67DEFBCBB7BEE8B27DC746106B144E20E419D03C, for certificate : C-D74AF393CF3B506DA33B46BC52B49CD6FAC12B2BDAA9CE1FBA25C0C1E4EBBE19
11:41:16.872 [main] DEBUG eu.europa.esig.dss.validation.SignatureValidationContext - Revocation data is not required for certificate : C-9F9744463BE13714754E1A3BECF98C08CC205E4AB32028F4E2830C4A1B2775B8
11:41:16.873 [main] DEBUG eu.europa.esig.dss.spi.CertificateExtensionsUtils - Unknown non-critical CertificateExtension with OID : '2.16.840.1.113730.1.1'
11:41:17.004 [main] WARN eu.europa.esig.dss.detailedreport.DetailedReportMessageCollector - The validation at time 'CERTIFICATE_ISSUANCE_TIME' is not found or not performed!
11:41:17.004 [main] WARN eu.europa.esig.dss.detailedreport.DetailedReportMessageCollector - The validation at time 'CERTIFICATE_ISSUANCE_TIME' is not found or not performed!
11:41:17.004 [main] WARN eu.europa.esig.dss.detailedreport.DetailedReportMessageCollector - The validation at time 'CERTIFICATE_ISSUANCE_TIME' is not found or not performed!
11:41:17.004 [main] WARN eu.europa.esig.dss.detailedreport.DetailedReportMessageCollector - The validation at time 'VALIDATION_TIME' is not found or not performed!
11:41:17.004 [main] WARN eu.europa.esig.dss.detailedreport.DetailedReportMessageCollector - The validation at time 'VALIDATION_TIME' is not found or not performed!
11:41:17.004 [main] WARN eu.europa.esig.dss.detailedreport.DetailedReportMessageCollector - The validation at time 'VALIDATION_TIME' is not found or not performed!
]]></system-out>
  </testcase>
  <testcase name="externalResourcesOCSPSourceTest" classname="eu.europa.esig.dss.validation.CertificateValidatorTest" time="0.323">
    <system-out><![CDATA[11:41:17.119 [main] INFO eu.europa.esig.dss.validation.CommonCertificateVerifier - + New CommonCertificateVerifier created.
11:41:17.132 [main] INFO eu.europa.esig.dss.validation.CommonCertificateVerifier - + New CommonCertificateVerifier created.
11:41:17.136 [main] INFO eu.europa.esig.dss.validation.AIACertificateSource - Retrieving C-DD7496F8B6C574ECFA0B356A3D1A00DCFEC2111A3094B3B148A978D3C31F6126 certificate's issuer using AIA.
11:41:17.136 [main] DEBUG eu.europa.esig.dss.spi.x509.aia.DefaultAIASource - Loading certificate(s) from 'http://dss.nowina.lu/pki-factory/crt/root-ca.crt'.
11:41:17.230 [main] DEBUG eu.europa.esig.dss.spi.x509.aia.DefaultAIASource - Base64 content : MIIDVzCCAj+gAwIBAgIBATANBgkqhkiG9w0BAQ0FADBNMRAwDgYDVQQDDAdyb290LWNhMRkwFwYDVQQKDBBOb3dpbmEgU29sdXRpb25zMREwDwYDVQQLDAhQS0ktVEVTVDELMAkGA1UEBhMCTFUwHhcNMjIwMTEzMTYwMzM1WhcNMjQwMTEzMTYwMzM1WjBNMRAwDgYDVQQDDAdyb290LWNhMRkwFwYDVQQKDBBOb3dpbmEgU29sdXRpb25zMREwDwYDVQQLDAhQS0ktVEVTVDELMAkGA1UEBhMCTFUwggEiMA0GCSqGSIb3DQEBAQUAA4IBDwAwggEKAoIBAQCRHOEXneXmMs+kosfF6axk1fopOaqpG0CJV9oDY07hPH0lTUKX0WpeHvflF/X0crUWW9xybA0NOKHpmRp68v55R4nRLB5fHUu/bOddi/L/i6RZYrySE/47LfXAUEsvUbewSUdzJU+jKKQOTSmenSZQDC3a7U72WOcCmTtuNh1c1tu76ffWMx3CNoDDSJkucOI6vqmjAf0g2yObRXN/4umk8wOg81eiLV6T1pzCWNkuja07BqIi0tQcf8P9ZcbqnoIrsXZcaRZx4DfUVqQDa6WQY8iWqn28rChRF3XG4XRsW5SdeSU+HOhbQmfc1Zn6Xp94rMg/dc7ozMo/51n1OdrfAgMBAAGjQjBAMA4GA1UdDwEB/wQEAwIBBjAdBgNVHQ4EFgQUek0zqwFuoxiLJwjVOXDg6RFTKT4wDwYDVR0TAQH/BAUwAwEB/zANBgkqhkiG9w0BAQ0FAAOCAQEAhV8vxZzlLmW2FnO660dtQwlVbrpZSIrJY4q8XfYOeJ4lraJ1xV5XtS61lTL+PvBBlTRB8lBuNAtHPnq+qxG06fKfIaGkCcOH62WV/LA9qYnUpWgCWO5c4DUKlyaf9JrQksNUYd23HwJnJTRD7tSe2REpOrB2fUH1b6xvVsCZ8xsCt3SAnkGuu8l2oYtBBgfr/vZ2+k8vdhkQIhIyf7/YkYBLXikVItjZ064Q0oypXfsOd5xyCnYDkBKnMnj6QgPsayWZ/MAAxH+upmiQkmViMTm2GbLtSLzsAe/cU9Ym+9+Ci5pnB+heZ+LoZ6svBKaYWvHbl6yLvpV31XnuK/QPWQ==
11:41:17.242 [main] DEBUG eu.europa.esig.dss.spi.x509.aia.DefaultAIASource - 1 certificate(s) loaded from 'http://dss.nowina.lu/pki-factory/crt/root-ca.crt'
11:41:17.243 [main] WARN eu.europa.esig.dss.validation.AIACertificateSource - The retrieved certificate(s) using AIA do not sign the certificate with Id : C-DD7496F8B6C574ECFA0B356A3D1A00DCFEC2111A3094B3B148A978D3C31F6126.
11:41:17.243 [main] DEBUG eu.europa.esig.dss.validation.SignatureValidationContext - The signature does not contain relative revocation data.
11:41:17.243 [main] DEBUG eu.europa.esig.dss.validation.RevocationDataLoadingStrategy - OCSP request for: C-CF2E8D7B9B949524B8CE689CFCF337A48BAE0C0D5FA5F8C894FC1D69227B1014 using: ExternalResourcesOCSPSource
11:41:17.270 [main] INFO eu.europa.esig.dss.spi.x509.revocation.ocsp.OCSPToken - OCSP status is good
11:41:17.302 [main] DEBUG eu.europa.esig.dss.spi.x509.SignatureIntegrityValidator - Determining signing certificate from certificate candidates list...
11:41:17.314 [main] DEBUG eu.europa.esig.dss.spi.x509.SignatureIntegrityValidator - Public key matching the signature value found.
11:41:17.314 [main] DEBUG eu.europa.esig.dss.spi.x509.revocation.ocsp.OCSPToken - OCSPToken created : R-82A50556975DC1C8B2ED2FC892C062FBB4C4C35691507808EA152E2C0BE18127)
11:41:17.315 [main] DEBUG eu.europa.esig.dss.validation.RevocationDataLoadingStrategy - OCSP response for C-CF2E8D7B9B949524B8CE689CFCF337A48BAE0C0D5FA5F8C894FC1D69227B1014 retrieved: OCSPToken[2021-07-02T09:24:54Z, signedBy=C=LU, OU=PKI-TEST, O=Nowina Solutions, CN=ocsp-responder]
11:41:17.315 [main] DEBUG eu.europa.esig.dss.validation.RevocationDataLoadingStrategy - OCSP Response R-82A50556975DC1C8B2ED2FC892C062FBB4C4C35691507808EA152E2C0BE18127 status is : GOOD
11:41:17.315 [main] DEBUG eu.europa.esig.dss.validation.RevocationDataVerifier - The revocation 'R-82A50556975DC1C8B2ED2FC892C062FBB4C4C35691507808EA152E2C0BE18127' is consistent. Certificate: C-CF2E8D7B9B949524B8CE689CFCF337A48BAE0C0D5FA5F8C894FC1D69227B1014
11:41:17.316 [main] DEBUG eu.europa.esig.dss.validation.SignatureValidationContext - Obtained a new revocation data : R-82A50556975DC1C8B2ED2FC892C062FBB4C4C35691507808EA152E2C0BE18127, for certificate : C-CF2E8D7B9B949524B8CE689CFCF337A48BAE0C0D5FA5F8C894FC1D69227B1014
11:41:17.319 [main] DEBUG eu.europa.esig.dss.validation.SignatureValidationContext - Revocation data is not required for certificate : C-6F56FCA7F0D1BE552B0B8FD409F0AB97B6752FBCC346312D0501AA04A3699E62
11:41:17.321 [main] DEBUG eu.europa.esig.dss.validation.SignatureValidationContext - Revocation data is not required for certificate : C-DD7496F8B6C574ECFA0B356A3D1A00DCFEC2111A3094B3B148A978D3C31F6126
11:41:17.321 [main] DEBUG eu.europa.esig.dss.validation.SignatureValidationContext - Revocation data is not required for certificate : C-DE4E0E6E69ED670AC0AE41C815735B21F9394EA8A202F2497510EAAF5A4F998F
11:41:17.328 [main] WARN eu.europa.esig.dss.detailedreport.DetailedReportMessageCollector - The validation at time 'CERTIFICATE_ISSUANCE_TIME' is not found or not performed!
11:41:17.329 [main] WARN eu.europa.esig.dss.detailedreport.DetailedReportMessageCollector - The validation at time 'CERTIFICATE_ISSUANCE_TIME' is not found or not performed!
11:41:17.329 [main] WARN eu.europa.esig.dss.detailedreport.DetailedReportMessageCollector - The validation at time 'CERTIFICATE_ISSUANCE_TIME' is not found or not performed!
11:41:17.329 [main] WARN eu.europa.esig.dss.detailedreport.DetailedReportMessageCollector - The validation at time 'VALIDATION_TIME' is not found or not performed!
11:41:17.329 [main] WARN eu.europa.esig.dss.detailedreport.DetailedReportMessageCollector - The validation at time 'VALIDATION_TIME' is not found or not performed!
11:41:17.329 [main] WARN eu.europa.esig.dss.detailedreport.DetailedReportMessageCollector - The validation at time 'VALIDATION_TIME' is not found or not performed!
]]></system-out>
  </testcase>
  <testcase name="testCustomDate" classname="eu.europa.esig.dss.validation.CertificateValidatorTest" time="0.089">
    <system-out><![CDATA[11:41:17.344 [main] INFO eu.europa.esig.dss.validation.CommonCertificateVerifier - + New CommonCertificateVerifier created.
11:41:17.358 [main] INFO eu.europa.esig.dss.validation.CommonCertificateVerifier - + New CommonCertificateVerifier created.
11:41:17.359 [main] INFO eu.europa.esig.dss.validation.AIACertificateSource - Retrieving C-4AE84856DAD3520D875D28EDF71D513AA08EF813C96B22A9B6C3A562956FF4B1 certificate's issuer using AIA.
11:41:17.360 [main] DEBUG eu.europa.esig.dss.spi.x509.aia.DefaultAIASource - Loading certificate(s) from 'http://q.ica.cz/ca_nbusr09.p7c'.
11:41:17.408 [main] DEBUG eu.europa.esig.dss.spi.x509.aia.DefaultAIASource - Base64 content : MIIREQYJKoZIhvcNAQcCoIIRAjCCEP4CAQExADALBgkqhkiG9w0BBwGgghDmMIIIiTCCBnGgAwIBAgIBATANBgkqhkiG9w0BAQsFADBtMQswCQYDVQQGEwJTSzETMBEGA1UEBwwKQnJhdGlzbGF2YTEiMCAGA1UECgwZTmFyb2RueSBiZXpwZWNub3N0bnkgdXJhZDEOMAwGA1UECwwFU0lCRVAxFTATBgNVBAMMDEtDQSBOQlUgU1IgMzAeFw0wOTExMDYwOTU5MzlaFw0yNTExMDYwNzI5MDlaMG0xCzAJBgNVBAYTAlNLMRMwEQYDVQQHDApCcmF0aXNsYXZhMSIwIAYDVQQKDBlOYXJvZG55IGJlenBlY25vc3RueSB1cmFkMQ4wDAYDVQQLDAVTSUJFUDEVMBMGA1UEAwwMS0NBIE5CVSBTUiAzMIICIjANBgkqhkiG9w0BAQEFAAOCAg8AMIICCgKCAgEA26rQjy9KlxLVuet9WdyDXIsxF/Llbl7OLNLFJ9xn6rOO8NcFIZfSlA1USbEfK+3kMJyNYJNyFi8OGQq3vv9/yRjJ5EARzVlns4ROhI/nxEahu4ET4VxVuyO5h0fmyJiGdFwJIPzFUxXYd2Z+u2OpLbNLynj4HG9k2CK6p5TB0CXzj4MUr7rbXF0sV+J3iQwcFSJol8C4gGln9wC4czC44jHWfZUSvQ3vK9hrSBbJJ3bYLZV/RawKvR4SkWDxnFiOti7ujULrWpfkgiCo2TDV4NSGsaGeXEIzoBShYRtppibHjmuLyFwZmvggY2/ux+EVwt6bgrlftQLpORF2rTQAdt10OyZNuMRphkKuDwgd1EhK4vW9XubLNbBCDBRhHG8dp7Vj/WOIVJPuQKR31O2ngnNiV4ItFLfVTU6h54/IgN4WDIM72Ak75yVInkqUbq1uYeHI375wIVUR1eLkW1FusT+wMYvVApZKg/0GX6lNLRmpQOOFv7iPXaoO4YSN761PkHJf5qJVyYS8dCM/ecpATRKR/RfdJSNmHcPHea8U+Zr5v+0f9DkWJ/zwzLAWNdU34C4s1LBmLA6uGAGfj8uesQ+5GRKCDcZwUA195XLN2o0JYner9ZY5L+DBTgjbxocxey55qvsEqWhiJO0KwkgwM//tHiO5WxS/RW6k1ts16OMCAwEAAaOCAzIwggMuMFAGA1UdIARJMEcwRQYNK4EekZmEBQAAAAECAjA0MDIGCCsGAQUFBwIBFiZodHRwOi8vZXAubmJ1c3Iuc2sva2NhL2RvYy9rY2FfY3BzLnBkZjAPBgNVHRMBAf8EBTADAQH/MIIBWAYDVR0fBIIBTzCCAUswMKAuoCyGKmh0dHA6Ly9lcC5uYnVzci5zay9rY2EvY3JsczMva2NhbmJ1c3IzLmNybDCBkKCBjaCBioaBh2xkYXA6Ly9lcC5uYnVzci5zay9jbiUzZEtDQSUyME5CVSUyMFNSJTIwMyxvdSUzZFNJQkVQLG8lM2ROYXJvZG55JTIwYmV6cGVjbm9zdG55JTIwdXJhZCxsJTNkQnJhdGlzbGF2YSxjJTNkU0s/Y2VydGlmaWNhdGVSZXZvY2F0aW9uTGlzdDCBg6CBgKB+hnxsZGFwOi8vL2NuJTNkS0NBJTIwTkJVJTIwU1IlMjAzLG91JTNkU0lCRVAsbyUzZE5hcm9kbnklMjBiZXpwZWNub3N0bnklMjB1cmFkLGwlM2RCcmF0aXNsYXZhLGMlM2RTSz9jZXJ0aWZpY2F0ZVJldm9jYXRpb25MaXN0MIIBPAYIKwYBBQUHAQsEggEuMIIBKjA7BggrBgEFBQcwBYYvaHR0cDovL2VwLm5idXNyLnNrL2tjYS9jZXJ0cy9rY2EzL2tjYW5idXNyMy5wN2MwegYIKwYBBQUHMAWGbmxkYXA6Ly9lcC5uYnVzci5zay9jbj1LQ0EgTkJVIFNSIDMsb3U9U0lCRVAsbz1OYXJvZG55IGJlenBlY25vc3RueSB1cmFkLGw9QnJhdGlzbGF2YSxjPVNLP2NhQ2VydGlmaWNhdGU7YmluYXJ5MG8GCCsGAQUFBzAFhmNsZGFwOi8vL2NuPUtDQSBOQlUgU1IgMyxvdT1TSUJFUCxvPU5hcm9kbnkgYmV6cGVjbm9zdG55IHVyYWQsbD1CcmF0aXNsYXZhLGM9U0s/Y2FDZXJ0aWZpY2F0ZTtiaW5hcnkwDgYDVR0PAQH/BAQDAgEGMB0GA1UdDgQWBBR/8T0hwpdaLpcHDrFpgyX9IYY+BzANBgkqhkiG9w0BAQsFAAOCAgEANtv5EullQrKjuYnue9kecm9voLAnwqLqip4XEB22msgAuIrLkEteMt61k/BFgthXau9fBwD9CXu3qwTjtf+fyTgbU1aVR0b/ByzTbmkp179lQ5S8XOnawS9567JWNHaNiRW4XNN3WbQSsIfxBo5Vs1e0uW0GadTIXaRgMxwiWIpobd3nu1PbWlYPgi15dwRY4uSfjNQ1HFbVVgefi6Z4O32YKzxV38N+Os7uVsVcniyvI2Xo+MbUVzmdF2ExNvuguf06jekc/VfHSFY5zs1sMJyZI1aYmkbthQIHIQV5sK3/Bqv89I8Zx2CBwVTM/dgzzcdsNvh0RWkb3qK9tVqhJya2kGCFCD+h6Cya1d6TE4aWDub1dAX4L1w1lqdawG4rnz+HhoG5ZioUFzNdFJEYJCdCRcbrG0DsO25In1GZVbO6mhWcof6vwKW4cTknKi09MUe5l1q5oKu1VsIzDimymUe0B2sG5yWnkCYz91BaYQdabr11FlwiKriMNzlXcd4FC/o6MvPNPvUWzkiEV9wg82uztiKANqRaFYcO8sHYajx4IY1kELi9TUectuWL2EjaNp9OJnbL2YXCVemtb9PUYdZG+gWpH5DlEAxhsMpY+qH7x1sunu4NtwIZmdBKZG76MDwz0mCPgmYSous91QQBqeThl3hGnliUk8fF2aNJesAwgghVMIIGPaADAgECAgIA4DANBgkqhkiG9w0BAQsFADBtMQswCQYDVQQGEwJTSzETMBEGA1UEBwwKQnJhdGlzbGF2YTEiMCAGA1UECgwZTmFyb2RueSBiZXpwZWNub3N0bnkgdXJhZDEOMAwGA1UECwwFU0lCRVAxFTATBgNVBAMMDEtDQSBOQlUgU1IgMzAeFw0wOTExMjQxMTE0MTFaFw0xOTA5MDEwMDAwMDBaMIG3MQswCQYDVQQGEwJDWjE6MDgGA1UEAwwxSS5DQSAtIFF1YWxpZmllZCBDZXJ0aWZpY2F0aW9uIEF1dGhvcml0eSwgMDkvMjAwOTEtMCsGA1UECgwkUHJ2bsOtIGNlcnRpZmlrYcSNbsOtIGF1dG9yaXRhLCBhLnMuMT0wOwYDVQQLDDRJLkNBIC0gQWNjcmVkaXRlZCBQcm92aWRlciBvZiBDZXJ0aWZpY2F0aW9uIFNlcnZpY2VzMIIBIjANBgkqhkiG9w0BAQEFAAOCAQ8AMIIBCgKCAQEAtTaEy0KC8M9l4lSaWHMs4+sVV1LwzyJYiIQNeCrv1HHm/YpGIdY/Z640ceankjQvIX7m23BK4OSC6KO8kZYA3zopOz6GFCOKV2PvLukbc+c2imF6kLHEv6qNA8WxhPbR3xKwlHDwB2yhWzo7V3QVgDRG83sugqQntKYC3LnlTGbJpNP+Az72gpO9AHUn/IBhFk4ksc8lYS2L9GCy9CsmdKSBP78p9w8Lx7vDLqkDgt1/zBrcUWmSSb7AE/BPEeMryQV1IdI6nlGnBhWkXOYf6GSdayJw86btuxC7viDKNrbp44HjQRaSxnp6O3eto1x4DfiYdw/YbJFe7EjkxSQBywIDAQABo4IDsjCCA64wEgYDVR0TAQH/BAgwBgEB/wIBATBTBgNVHSABAf8ESTBHMEUGDSuBHpGZhAUAAAABAgIwNDAyBggrBgEFBQcCARYmaHR0cDovL2VwLm5idXNyLnNrL2tjYS9kb2Mva2NhX2Nwcy5wZGYwQgYDVR0hBDswOTAXBg0rgR6RmYQFAAAAAQICBgYEAIswAQEwHgYNK4EekZmEBQAAAAECAgYNK4EekZmEBQAAAAECAjAPBgNVHSQBAf8EBTADgAEAMIIBQAYIKwYBBQUHAQEEggEyMIIBLjA/BggrBgEFBQcwAoYzaHR0cDovL2VwLm5idXNyLnNrL2tjYS9jZXJ0cy9rY2EzL2tjYW5idXNyM19wN2MucDdjMHoGCCsGAQUFBzAChm5sZGFwOi8vZXAubmJ1c3Iuc2svY249S0NBIE5CVSBTUiAzLG91PVNJQkVQLG89TmFyb2RueSBiZXpwZWNub3N0bnkgdXJhZCxsPUJyYXRpc2xhdmEsYz1TSz9jYUNlcnRpZmljYXRlO2JpbmFyeTBvBggrBgEFBQcwAoZjbGRhcDovLy9jbj1LQ0EgTkJVIFNSIDMsb3U9U0lCRVAsbz1OYXJvZG55IGJlenBlY25vc3RueSB1cmFkLGw9QnJhdGlzbGF2YSxjPVNLP2NhQ2VydGlmaWNhdGU7YmluYXJ5MA4GA1UdDwEB/wQEAwIBBjAfBgNVHSMEGDAWgBR/8T0hwpdaLpcHDrFpgyX9IYY+BzCCAVgGA1UdHwSCAU8wggFLMDCgLqAshipodHRwOi8vZXAubmJ1c3Iuc2sva2NhL2NybHMzL2tjYW5idXNyMy5jcmwwgZCggY2ggYqGgYdsZGFwOi8vZXAubmJ1c3Iuc2svY24lM2RLQ0ElMjBOQlUlMjBTUiUyMDMsb3UlM2RTSUJFUCxvJTNkTmFyb2RueSUyMGJlenBlY25vc3RueSUyMHVyYWQsbCUzZEJyYXRpc2xhdmEsYyUzZFNLP2NlcnRpZmljYXRlUmV2b2NhdGlvbkxpc3QwgYOggYCgfoZ8bGRhcDovLy9jbiUzZEtDQSUyME5CVSUyMFNSJTIwMyxvdSUzZFNJQkVQLG8lM2ROYXJvZG55JTIwYmV6cGVjbm9zdG55JTIwdXJhZCxsJTNkQnJhdGlzbGF2YSxjJTNkU0s/Y2VydGlmaWNhdGVSZXZvY2F0aW9uTGlzdDAdBgNVHQ4EFgQUecvQI+k6Z3CRdE/TUeLgIP3hKPswDQYJKoZIhvcNAQELBQADggIBAI9w2OBY4N0C5eo//WPytGSNhtGpas6MSlNkP80dYWTUvmNPlqgfYmL5DRQ/LrndsbhB5qolIOMni9P/2CFA+41aSw2y/m3wBzc4itpcRyElZiR+Khl6dM6OeGlp92wb5IsUF8S1UXFpVzqdfB5jo4P0DZtygcHjU+HFQziJqhekJkUXJALFarD7zq1YP28y7EitfILNTnCrcNZr2nSeXFz3vX0fiEyCIWtdFrf+zs0TmbrZ4z/+HRlBzrIBvp/BtF+aeQB+d92BE3qNiLQE6KHa0S1XRWSFpU43Mo10/y1U/VxeFmLOor44SX7Ym38egkMBxZpE9uFlsuCZJnRzkelKeFsAkschnvFPmlmqRDx/EgrnmqnI3ssJTj6g+0kmlDgGovtdSUZb87gnuioC9+OwMpseEfGlyCEDxuprq9KNoAh6SS5ZluA2e4vyM7sEm1Q9CVPfLdJtjUtJzBjlz4PlTAICxBlA30olWRfd8MnRbSlo6RbIBQBRnISbruYqItenzFTXnMchAqVjDLEQGfURbzfOJlYzGsZeke6R8gXokfEf96IShQ55d07AewumwWJdQgN0B7bqfluakcjzz3/pRRUpOKjy6sWOGUAUlTDepsRGU/YzVqRLj5xO4hO8e2r3y9A0pApDYWbjzDjmIaN71O0vHpvR/ATFJau65muLMQA=
11:41:17.410 [main] DEBUG eu.europa.esig.dss.spi.x509.aia.DefaultAIASource - 2 certificate(s) loaded from 'http://q.ica.cz/ca_nbusr09.p7c'
11:41:17.415 [main] WARN eu.europa.esig.dss.validation.SignatureValidationContext - No revocation found for the certificate C-4AE84856DAD3520D875D28EDF71D513AA08EF813C96B22A9B6C3A562956FF4B1
11:41:17.416 [main] WARN eu.europa.esig.dss.validation.SignatureValidationContext - No revocation found for the certificate C-849A6A6F5AD1F26DD487701A15499A31CE4B911A3FFFA61502787456D06E9772
11:41:17.417 [main] DEBUG eu.europa.esig.dss.validation.SignatureValidationContext - Revocation data is not required for certificate : C-D83477E0388C40BA092FECA484A5EBD3AD3028BF60220132E95158C00DDCE98F
11:41:17.417 [main] WARN eu.europa.esig.dss.validation.DiagnosticDataBuilder - Provided CertificateSource configuration contains none of trusted sources of type TRUSTED_STORE or TRUSTED_LIST!
11:41:17.418 [main] DEBUG eu.europa.esig.dss.spi.CertificateExtensionsUtils - Unknown non-critical CertificateExtension with OID : '2.16.840.1.113730.1.13'
11:41:17.420 [main] WARN eu.europa.esig.dss.detailedreport.DetailedReportMessageCollector - The validation at time 'CERTIFICATE_ISSUANCE_TIME' is not found or not performed!
11:41:17.421 [main] WARN eu.europa.esig.dss.detailedreport.DetailedReportMessageCollector - The validation at time 'CERTIFICATE_ISSUANCE_TIME' is not found or not performed!
11:41:17.421 [main] WARN eu.europa.esig.dss.detailedreport.DetailedReportMessageCollector - The validation at time 'CERTIFICATE_ISSUANCE_TIME' is not found or not performed!
11:41:17.421 [main] WARN eu.europa.esig.dss.detailedreport.DetailedReportMessageCollector - The validation at time 'VALIDATION_TIME' is not found or not performed!
11:41:17.421 [main] WARN eu.europa.esig.dss.detailedreport.DetailedReportMessageCollector - The validation at time 'VALIDATION_TIME' is not found or not performed!
11:41:17.421 [main] WARN eu.europa.esig.dss.detailedreport.DetailedReportMessageCollector - The validation at time 'VALIDATION_TIME' is not found or not performed!
]]></system-out>
  </testcase>
  <testcase name="userFriendlyIdentifierProviderTest" classname="eu.europa.esig.dss.validation.CertificateValidatorTest" time="0.099">
    <system-out><![CDATA[11:41:17.434 [main] INFO eu.europa.esig.dss.validation.CommonCertificateVerifier - + New CommonCertificateVerifier created.
11:41:17.453 [main] INFO eu.europa.esig.dss.validation.CommonCertificateVerifier - + New CommonCertificateVerifier created.
11:41:17.455 [main] INFO eu.europa.esig.dss.validation.AIACertificateSource - Retrieving C-4AE84856DAD3520D875D28EDF71D513AA08EF813C96B22A9B6C3A562956FF4B1 certificate's issuer using AIA.
11:41:17.456 [main] DEBUG eu.europa.esig.dss.spi.x509.aia.DefaultAIASource - Loading certificate(s) from 'http://q.ica.cz/ca_nbusr09.p7c'.
11:41:17.502 [main] DEBUG eu.europa.esig.dss.spi.x509.aia.DefaultAIASource - Base64 content : MIIREQYJKoZIhvcNAQcCoIIRAjCCEP4CAQExADALBgkqhkiG9w0BBwGgghDmMIIIiTCCBnGgAwIBAgIBATANBgkqhkiG9w0BAQsFADBtMQswCQYDVQQGEwJTSzETMBEGA1UEBwwKQnJhdGlzbGF2YTEiMCAGA1UECgwZTmFyb2RueSBiZXpwZWNub3N0bnkgdXJhZDEOMAwGA1UECwwFU0lCRVAxFTATBgNVBAMMDEtDQSBOQlUgU1IgMzAeFw0wOTExMDYwOTU5MzlaFw0yNTExMDYwNzI5MDlaMG0xCzAJBgNVBAYTAlNLMRMwEQYDVQQHDApCcmF0aXNsYXZhMSIwIAYDVQQKDBlOYXJvZG55IGJlenBlY25vc3RueSB1cmFkMQ4wDAYDVQQLDAVTSUJFUDEVMBMGA1UEAwwMS0NBIE5CVSBTUiAzMIICIjANBgkqhkiG9w0BAQEFAAOCAg8AMIICCgKCAgEA26rQjy9KlxLVuet9WdyDXIsxF/Llbl7OLNLFJ9xn6rOO8NcFIZfSlA1USbEfK+3kMJyNYJNyFi8OGQq3vv9/yRjJ5EARzVlns4ROhI/nxEahu4ET4VxVuyO5h0fmyJiGdFwJIPzFUxXYd2Z+u2OpLbNLynj4HG9k2CK6p5TB0CXzj4MUr7rbXF0sV+J3iQwcFSJol8C4gGln9wC4czC44jHWfZUSvQ3vK9hrSBbJJ3bYLZV/RawKvR4SkWDxnFiOti7ujULrWpfkgiCo2TDV4NSGsaGeXEIzoBShYRtppibHjmuLyFwZmvggY2/ux+EVwt6bgrlftQLpORF2rTQAdt10OyZNuMRphkKuDwgd1EhK4vW9XubLNbBCDBRhHG8dp7Vj/WOIVJPuQKR31O2ngnNiV4ItFLfVTU6h54/IgN4WDIM72Ak75yVInkqUbq1uYeHI375wIVUR1eLkW1FusT+wMYvVApZKg/0GX6lNLRmpQOOFv7iPXaoO4YSN761PkHJf5qJVyYS8dCM/ecpATRKR/RfdJSNmHcPHea8U+Zr5v+0f9DkWJ/zwzLAWNdU34C4s1LBmLA6uGAGfj8uesQ+5GRKCDcZwUA195XLN2o0JYner9ZY5L+DBTgjbxocxey55qvsEqWhiJO0KwkgwM//tHiO5WxS/RW6k1ts16OMCAwEAAaOCAzIwggMuMFAGA1UdIARJMEcwRQYNK4EekZmEBQAAAAECAjA0MDIGCCsGAQUFBwIBFiZodHRwOi8vZXAubmJ1c3Iuc2sva2NhL2RvYy9rY2FfY3BzLnBkZjAPBgNVHRMBAf8EBTADAQH/MIIBWAYDVR0fBIIBTzCCAUswMKAuoCyGKmh0dHA6Ly9lcC5uYnVzci5zay9rY2EvY3JsczMva2NhbmJ1c3IzLmNybDCBkKCBjaCBioaBh2xkYXA6Ly9lcC5uYnVzci5zay9jbiUzZEtDQSUyME5CVSUyMFNSJTIwMyxvdSUzZFNJQkVQLG8lM2ROYXJvZG55JTIwYmV6cGVjbm9zdG55JTIwdXJhZCxsJTNkQnJhdGlzbGF2YSxjJTNkU0s/Y2VydGlmaWNhdGVSZXZvY2F0aW9uTGlzdDCBg6CBgKB+hnxsZGFwOi8vL2NuJTNkS0NBJTIwTkJVJTIwU1IlMjAzLG91JTNkU0lCRVAsbyUzZE5hcm9kbnklMjBiZXpwZWNub3N0bnklMjB1cmFkLGwlM2RCcmF0aXNsYXZhLGMlM2RTSz9jZXJ0aWZpY2F0ZVJldm9jYXRpb25MaXN0MIIBPAYIKwYBBQUHAQsEggEuMIIBKjA7BggrBgEFBQcwBYYvaHR0cDovL2VwLm5idXNyLnNrL2tjYS9jZXJ0cy9rY2EzL2tjYW5idXNyMy5wN2MwegYIKwYBBQUHMAWGbmxkYXA6Ly9lcC5uYnVzci5zay9jbj1LQ0EgTkJVIFNSIDMsb3U9U0lCRVAsbz1OYXJvZG55IGJlenBlY25vc3RueSB1cmFkLGw9QnJhdGlzbGF2YSxjPVNLP2NhQ2VydGlmaWNhdGU7YmluYXJ5MG8GCCsGAQUFBzAFhmNsZGFwOi8vL2NuPUtDQSBOQlUgU1IgMyxvdT1TSUJFUCxvPU5hcm9kbnkgYmV6cGVjbm9zdG55IHVyYWQsbD1CcmF0aXNsYXZhLGM9U0s/Y2FDZXJ0aWZpY2F0ZTtiaW5hcnkwDgYDVR0PAQH/BAQDAgEGMB0GA1UdDgQWBBR/8T0hwpdaLpcHDrFpgyX9IYY+BzANBgkqhkiG9w0BAQsFAAOCAgEANtv5EullQrKjuYnue9kecm9voLAnwqLqip4XEB22msgAuIrLkEteMt61k/BFgthXau9fBwD9CXu3qwTjtf+fyTgbU1aVR0b/ByzTbmkp179lQ5S8XOnawS9567JWNHaNiRW4XNN3WbQSsIfxBo5Vs1e0uW0GadTIXaRgMxwiWIpobd3nu1PbWlYPgi15dwRY4uSfjNQ1HFbVVgefi6Z4O32YKzxV38N+Os7uVsVcniyvI2Xo+MbUVzmdF2ExNvuguf06jekc/VfHSFY5zs1sMJyZI1aYmkbthQIHIQV5sK3/Bqv89I8Zx2CBwVTM/dgzzcdsNvh0RWkb3qK9tVqhJya2kGCFCD+h6Cya1d6TE4aWDub1dAX4L1w1lqdawG4rnz+HhoG5ZioUFzNdFJEYJCdCRcbrG0DsO25In1GZVbO6mhWcof6vwKW4cTknKi09MUe5l1q5oKu1VsIzDimymUe0B2sG5yWnkCYz91BaYQdabr11FlwiKriMNzlXcd4FC/o6MvPNPvUWzkiEV9wg82uztiKANqRaFYcO8sHYajx4IY1kELi9TUectuWL2EjaNp9OJnbL2YXCVemtb9PUYdZG+gWpH5DlEAxhsMpY+qH7x1sunu4NtwIZmdBKZG76MDwz0mCPgmYSous91QQBqeThl3hGnliUk8fF2aNJesAwgghVMIIGPaADAgECAgIA4DANBgkqhkiG9w0BAQsFADBtMQswCQYDVQQGEwJTSzETMBEGA1UEBwwKQnJhdGlzbGF2YTEiMCAGA1UECgwZTmFyb2RueSBiZXpwZWNub3N0bnkgdXJhZDEOMAwGA1UECwwFU0lCRVAxFTATBgNVBAMMDEtDQSBOQlUgU1IgMzAeFw0wOTExMjQxMTE0MTFaFw0xOTA5MDEwMDAwMDBaMIG3MQswCQYDVQQGEwJDWjE6MDgGA1UEAwwxSS5DQSAtIFF1YWxpZmllZCBDZXJ0aWZpY2F0aW9uIEF1dGhvcml0eSwgMDkvMjAwOTEtMCsGA1UECgwkUHJ2bsOtIGNlcnRpZmlrYcSNbsOtIGF1dG9yaXRhLCBhLnMuMT0wOwYDVQQLDDRJLkNBIC0gQWNjcmVkaXRlZCBQcm92aWRlciBvZiBDZXJ0aWZpY2F0aW9uIFNlcnZpY2VzMIIBIjANBgkqhkiG9w0BAQEFAAOCAQ8AMIIBCgKCAQEAtTaEy0KC8M9l4lSaWHMs4+sVV1LwzyJYiIQNeCrv1HHm/YpGIdY/Z640ceankjQvIX7m23BK4OSC6KO8kZYA3zopOz6GFCOKV2PvLukbc+c2imF6kLHEv6qNA8WxhPbR3xKwlHDwB2yhWzo7V3QVgDRG83sugqQntKYC3LnlTGbJpNP+Az72gpO9AHUn/IBhFk4ksc8lYS2L9GCy9CsmdKSBP78p9w8Lx7vDLqkDgt1/zBrcUWmSSb7AE/BPEeMryQV1IdI6nlGnBhWkXOYf6GSdayJw86btuxC7viDKNrbp44HjQRaSxnp6O3eto1x4DfiYdw/YbJFe7EjkxSQBywIDAQABo4IDsjCCA64wEgYDVR0TAQH/BAgwBgEB/wIBATBTBgNVHSABAf8ESTBHMEUGDSuBHpGZhAUAAAABAgIwNDAyBggrBgEFBQcCARYmaHR0cDovL2VwLm5idXNyLnNrL2tjYS9kb2Mva2NhX2Nwcy5wZGYwQgYDVR0hBDswOTAXBg0rgR6RmYQFAAAAAQICBgYEAIswAQEwHgYNK4EekZmEBQAAAAECAgYNK4EekZmEBQAAAAECAjAPBgNVHSQBAf8EBTADgAEAMIIBQAYIKwYBBQUHAQEEggEyMIIBLjA/BggrBgEFBQcwAoYzaHR0cDovL2VwLm5idXNyLnNrL2tjYS9jZXJ0cy9rY2EzL2tjYW5idXNyM19wN2MucDdjMHoGCCsGAQUFBzAChm5sZGFwOi8vZXAubmJ1c3Iuc2svY249S0NBIE5CVSBTUiAzLG91PVNJQkVQLG89TmFyb2RueSBiZXpwZWNub3N0bnkgdXJhZCxsPUJyYXRpc2xhdmEsYz1TSz9jYUNlcnRpZmljYXRlO2JpbmFyeTBvBggrBgEFBQcwAoZjbGRhcDovLy9jbj1LQ0EgTkJVIFNSIDMsb3U9U0lCRVAsbz1OYXJvZG55IGJlenBlY25vc3RueSB1cmFkLGw9QnJhdGlzbGF2YSxjPVNLP2NhQ2VydGlmaWNhdGU7YmluYXJ5MA4GA1UdDwEB/wQEAwIBBjAfBgNVHSMEGDAWgBR/8T0hwpdaLpcHDrFpgyX9IYY+BzCCAVgGA1UdHwSCAU8wggFLMDCgLqAshipodHRwOi8vZXAubmJ1c3Iuc2sva2NhL2NybHMzL2tjYW5idXNyMy5jcmwwgZCggY2ggYqGgYdsZGFwOi8vZXAubmJ1c3Iuc2svY24lM2RLQ0ElMjBOQlUlMjBTUiUyMDMsb3UlM2RTSUJFUCxvJTNkTmFyb2RueSUyMGJlenBlY25vc3RueSUyMHVyYWQsbCUzZEJyYXRpc2xhdmEsYyUzZFNLP2NlcnRpZmljYXRlUmV2b2NhdGlvbkxpc3QwgYOggYCgfoZ8bGRhcDovLy9jbiUzZEtDQSUyME5CVSUyMFNSJTIwMyxvdSUzZFNJQkVQLG8lM2ROYXJvZG55JTIwYmV6cGVjbm9zdG55JTIwdXJhZCxsJTNkQnJhdGlzbGF2YSxjJTNkU0s/Y2VydGlmaWNhdGVSZXZvY2F0aW9uTGlzdDAdBgNVHQ4EFgQUecvQI+k6Z3CRdE/TUeLgIP3hKPswDQYJKoZIhvcNAQELBQADggIBAI9w2OBY4N0C5eo//WPytGSNhtGpas6MSlNkP80dYWTUvmNPlqgfYmL5DRQ/LrndsbhB5qolIOMni9P/2CFA+41aSw2y/m3wBzc4itpcRyElZiR+Khl6dM6OeGlp92wb5IsUF8S1UXFpVzqdfB5jo4P0DZtygcHjU+HFQziJqhekJkUXJALFarD7zq1YP28y7EitfILNTnCrcNZr2nSeXFz3vX0fiEyCIWtdFrf+zs0TmbrZ4z/+HRlBzrIBvp/BtF+aeQB+d92BE3qNiLQE6KHa0S1XRWSFpU43Mo10/y1U/VxeFmLOor44SX7Ym38egkMBxZpE9uFlsuCZJnRzkelKeFsAkschnvFPmlmqRDx/EgrnmqnI3ssJTj6g+0kmlDgGovtdSUZb87gnuioC9+OwMpseEfGlyCEDxuprq9KNoAh6SS5ZluA2e4vyM7sEm1Q9CVPfLdJtjUtJzBjlz4PlTAICxBlA30olWRfd8MnRbSlo6RbIBQBRnISbruYqItenzFTXnMchAqVjDLEQGfURbzfOJlYzGsZeke6R8gXokfEf96IShQ55d07AewumwWJdQgN0B7bqfluakcjzz3/pRRUpOKjy6sWOGUAUlTDepsRGU/YzVqRLj5xO4hO8e2r3y9A0pApDYWbjzDjmIaN71O0vHpvR/ATFJau65muLMQA=
11:41:17.503 [main] DEBUG eu.europa.esig.dss.spi.x509.aia.DefaultAIASource - 2 certificate(s) loaded from 'http://q.ica.cz/ca_nbusr09.p7c'
11:41:17.508 [main] WARN eu.europa.esig.dss.validation.SignatureValidationContext - No revocation found for the certificate C-4AE84856DAD3520D875D28EDF71D513AA08EF813C96B22A9B6C3A562956FF4B1
11:41:17.509 [main] WARN eu.europa.esig.dss.validation.SignatureValidationContext - No revocation found for the certificate C-849A6A6F5AD1F26DD487701A15499A31CE4B911A3FFFA61502787456D06E9772
11:41:17.510 [main] DEBUG eu.europa.esig.dss.validation.SignatureValidationContext - Revocation data is not required for certificate : C-D83477E0388C40BA092FECA484A5EBD3AD3028BF60220132E95158C00DDCE98F
11:41:17.510 [main] WARN eu.europa.esig.dss.validation.DiagnosticDataBuilder - Provided CertificateSource configuration contains none of trusted sources of type TRUSTED_STORE or TRUSTED_LIST!
11:41:17.516 [main] DEBUG eu.europa.esig.dss.spi.CertificateExtensionsUtils - Unknown non-critical CertificateExtension with OID : '2.16.840.1.113730.1.13'
11:41:17.520 [main] WARN eu.europa.esig.dss.detailedreport.DetailedReportMessageCollector - The validation at time 'CERTIFICATE_ISSUANCE_TIME' is not found or not performed!
11:41:17.520 [main] WARN eu.europa.esig.dss.detailedreport.DetailedReportMessageCollector - The validation at time 'CERTIFICATE_ISSUANCE_TIME' is not found or not performed!
11:41:17.520 [main] WARN eu.europa.esig.dss.detailedreport.DetailedReportMessageCollector - The validation at time 'CERTIFICATE_ISSUANCE_TIME' is not found or not performed!
11:41:17.520 [main] WARN eu.europa.esig.dss.detailedreport.DetailedReportMessageCollector - The validation at time 'VALIDATION_TIME' is not found or not performed!
11:41:17.520 [main] WARN eu.europa.esig.dss.detailedreport.DetailedReportMessageCollector - The validation at time 'VALIDATION_TIME' is not found or not performed!
11:41:17.520 [main] WARN eu.europa.esig.dss.detailedreport.DetailedReportMessageCollector - The validation at time 'VALIDATION_TIME' is not found or not performed!
]]></system-out>
  </testcase>
</testsuite>