<?xml version="1.0" encoding="UTF-8"?>
<testsuite xmlns:xsi="http://www.w3.org/2001/XMLSchema-instance" xsi:noNamespaceSchemaLocation="https://maven.apache.org/surefire/maven-surefire-plugin/xsd/surefire-test-report-3.0.xsd" version="3.0" name="eu.europa.esig.dss.validation.MultiThreadsCertificateValidatorTest" time="1.364" tests="1" errors="0" skipped="0" failures="0">
  <properties>
    <property name="java.specification.version" value="19"/>
    <property name="sun.cpu.isalist" value="amd64"/>
    <property name="sun.jnu.encoding" value="Cp1252"/>
    <property name="java.class.path" value="C:\Users\amadoria\Documents\Projects\HAPKIDO\WP4\dss-fork\dss-document\target\test-classes;C:\Users\amadoria\Documents\Projects\HAPKIDO\WP4\dss-fork\dss-document\target\classes;C:\Users\amadoria\Documents\Projects\HAPKIDO\WP4\dss-fork\dss-spi\target\dss-spi-5.12.RC1.jar;C:\Users\amadoria\Documents\Projects\HAPKIDO\WP4\dss-fork\dss-model\target\dss-model-5.12.RC1.jar;C:\Users\amadoria\Documents\Projects\HAPKIDO\WP4\dss-fork\dss-enumerations\target\dss-enumerations-5.12.RC1.jar;C:\Users\amadoria\Documents\Projects\HAPKIDO\WP4\dss-fork\dss-utils\target\dss-utils-5.12.RC1.jar;C:\Users\amadoria\Documents\Projects\HAPKIDO\WP4\dss-fork\dss-crl-parser\target\dss-crl-parser-5.12.RC1.jar;C:\Users\amadoria\.m2\repository\org\slf4j\slf4j-api\2.0.6\slf4j-api-2.0.6.jar;C:\Users\amadoria\Documents\Projects\HAPKIDO\WP4\dss-fork\dss-document\libs\bcpkix-jdk18on-173b20.jar;C:\Users\amadoria\Documents\Projects\HAPKIDO\WP4\dss-fork\dss-document\libs\bcprov-jdk18on-173b20.jar;C:\Users\amadoria\Documents\Projects\HAPKIDO\WP4\dss-fork\dss-document\libs\bcutil-jdk18on-173b20.jar;C:\Users\amadoria\Documents\Projects\HAPKIDO\WP4\dss-fork\validation-policy\target\validation-policy-5.12.RC1.jar;C:\Users\amadoria\Documents\Projects\HAPKIDO\WP4\dss-fork\dss-policy-jaxb\target\dss-policy-jaxb-5.12.RC1.jar;C:\Users\amadoria\Documents\Projects\HAPKIDO\WP4\dss-fork\dss-jaxb-parsers\target\dss-jaxb-parsers-5.12.RC1.jar;C:\Users\amadoria\Documents\Projects\HAPKIDO\WP4\dss-fork\dss-jaxb-common\target\dss-jaxb-common-5.12.RC1.jar;C:\Users\amadoria\Documents\Projects\HAPKIDO\WP4\dss-fork\dss-alert\target\dss-alert-5.12.RC1.jar;C:\Users\amadoria\.m2\repository\org\glassfish\jaxb\jaxb-runtime\2.3.8\jaxb-runtime-2.3.8.jar;C:\Users\amadoria\.m2\repository\org\glassfish\jaxb\txw2\2.3.8\txw2-2.3.8.jar;C:\Users\amadoria\.m2\repository\com\sun\istack\istack-commons-runtime\3.0.12\istack-commons-runtime-3.0.12.jar;C:\Users\amadoria\.m2\repository\com\sun\activation\jakarta.activation\1.2.2\jakarta.activation-1.2.2.jar;C:\Users\amadoria\Documents\Projects\HAPKIDO\WP4\dss-fork\dss-diagnostic-jaxb\target\dss-diagnostic-jaxb-5.12.RC1.jar;C:\Users\amadoria\Documents\Projects\HAPKIDO\WP4\dss-fork\dss-simple-report-jaxb\target\dss-simple-report-jaxb-5.12.RC1.jar;C:\Users\amadoria\Documents\Projects\HAPKIDO\WP4\dss-fork\dss-simple-certificate-report-jaxb\target\dss-simple-certificate-report-jaxb-5.12.RC1.jar;C:\Users\amadoria\Documents\Projects\HAPKIDO\WP4\dss-fork\dss-detailed-report-jaxb\target\dss-detailed-report-jaxb-5.12.RC1.jar;C:\Users\amadoria\Documents\Projects\HAPKIDO\WP4\dss-fork\specs-validation-report\target\specs-validation-report-5.12.RC1.jar;C:\Users\amadoria\Documents\Projects\HAPKIDO\WP4\dss-fork\specs-xmldsig\target\specs-xmldsig-5.12.RC1.jar;C:\Users\amadoria\Documents\Projects\HAPKIDO\WP4\dss-fork\specs-xades\target\specs-xades-5.12.RC1.jar;C:\Users\amadoria\Documents\Projects\HAPKIDO\WP4\dss-fork\specs-trusted-list\target\specs-trusted-list-5.12.RC1.jar;C:\Users\amadoria\Documents\Projects\HAPKIDO\WP4\dss-fork\dss-i18n\target\dss-i18n-5.12.RC1.jar;C:\Users\amadoria\.m2\repository\ch\qos\logback\logback-classic\1.3.5\logback-classic-1.3.5.jar;C:\Users\amadoria\.m2\repository\ch\qos\logback\logback-core\1.3.5\logback-core-1.3.5.jar;C:\Users\amadoria\.m2\repository\com\fasterxml\jackson\module\jackson-module-jaxb-annotations\2.14.2\jackson-module-jaxb-annotations-2.14.2.jar;C:\Users\amadoria\.m2\repository\com\fasterxml\jackson\core\jackson-annotations\2.14.2\jackson-annotations-2.14.2.jar;C:\Users\amadoria\.m2\repository\com\fasterxml\jackson\core\jackson-core\2.14.2\jackson-core-2.14.2.jar;C:\Users\amadoria\.m2\repository\com\fasterxml\jackson\core\jackson-databind\2.14.2\jackson-databind-2.14.2.jar;C:\Users\amadoria\.m2\repository\jakarta\xml\bind\jakarta.xml.bind-api\2.3.3\jakarta.xml.bind-api-2.3.3.jar;C:\Users\amadoria\.m2\repository\jakarta\activation\jakarta.activation-api\1.2.2\jakarta.activation-api-1.2.2.jar;C:\Users\amadoria\.m2\repository\org\junit\platform\junit-platform-launcher\1.9.2\junit-platform-launcher-1.9.2.jar;C:\Users\amadoria\.m2\repository\org\junit\platform\junit-platform-engine\1.9.2\junit-platform-engine-1.9.2.jar;C:\Users\amadoria\.m2\repository\org\opentest4j\opentest4j\1.2.0\opentest4j-1.2.0.jar;C:\Users\amadoria\.m2\repository\org\junit\platform\junit-platform-commons\1.9.2\junit-platform-commons-1.9.2.jar;C:\Users\amadoria\.m2\repository\org\apiguardian\apiguardian-api\1.1.2\apiguardian-api-1.1.2.jar;C:\Users\amadoria\.m2\repository\org\junit\jupiter\junit-jupiter-engine\5.9.2\junit-jupiter-engine-5.9.2.jar;C:\Users\amadoria\.m2\repository\org\junit\jupiter\junit-jupiter-api\5.9.2\junit-jupiter-api-5.9.2.jar;C:\Users\amadoria\.m2\repository\org\junit\jupiter\junit-jupiter-params\5.9.2\junit-jupiter-params-5.9.2.jar;C:\Users\amadoria\Documents\Projects\HAPKIDO\WP4\dss-fork\dss-utils-google-guava\target\dss-utils-google-guava-5.12.RC1.jar;C:\Users\amadoria\.m2\repository\com\google\guava\guava\31.1-jre\guava-31.1-jre.jar;C:\Users\amadoria\.m2\repository\com\google\guava\failureaccess\1.0.1\failureaccess-1.0.1.jar;C:\Users\amadoria\.m2\repository\com\google\guava\listenablefuture\9999.0-empty-to-avoid-conflict-with-guava\listenablefuture-9999.0-empty-to-avoid-conflict-with-guava.jar;C:\Users\amadoria\.m2\repository\com\google\code\findbugs\jsr305\3.0.2\jsr305-3.0.2.jar;C:\Users\amadoria\.m2\repository\org\checkerframework\checker-qual\3.12.0\checker-qual-3.12.0.jar;C:\Users\amadoria\.m2\repository\com\google\errorprone\error_prone_annotations\2.11.0\error_prone_annotations-2.11.0.jar;C:\Users\amadoria\.m2\repository\com\google\j2objc\j2objc-annotations\1.3\j2objc-annotations-1.3.jar;C:\Users\amadoria\Documents\Projects\HAPKIDO\WP4\dss-fork\dss-crl-parser-stream\target\dss-crl-parser-stream-5.12.RC1.jar;"/>
    <property name="java.vm.vendor" value="Oracle Corporation"/>
    <property name="sun.arch.data.model" value="64"/>
    <property name="user.variant" value=""/>
    <property name="java.vendor.url" value="https://java.oracle.com/"/>
    <property name="user.timezone" value="Europe/Amsterdam"/>
    <property name="os.name" value="Windows 10"/>
    <property name="java.vm.specification.version" value="19"/>
    <property name="sun.java.launcher" value="SUN_STANDARD"/>
    <property name="user.country" value="US"/>
    <property name="sun.boot.library.path" value="C:\Program Files\Java\jdk-19\bin"/>
    <property name="sun.java.command" value="C:\Users\amadoria\AppData\Local\Temp\surefire7385040301634076511\surefirebooter-20230428114100642_335.jar C:\Users\amadoria\AppData\Local\Temp\surefire7385040301634076511 2023-04-28T11-29-53_553-jvmRun1 surefire-20230428114100642_333tmp surefire_27-20230428114100642_334tmp"/>
    <property name="jdk.debug" value="release"/>
    <property name="surefire.test.class.path" value="C:\Users\amadoria\Documents\Projects\HAPKIDO\WP4\dss-fork\dss-document\target\test-classes;C:\Users\amadoria\Documents\Projects\HAPKIDO\WP4\dss-fork\dss-document\target\classes;C:\Users\amadoria\Documents\Projects\HAPKIDO\WP4\dss-fork\dss-spi\target\dss-spi-5.12.RC1.jar;C:\Users\amadoria\Documents\Projects\HAPKIDO\WP4\dss-fork\dss-model\target\dss-model-5.12.RC1.jar;C:\Users\amadoria\Documents\Projects\HAPKIDO\WP4\dss-fork\dss-enumerations\target\dss-enumerations-5.12.RC1.jar;C:\Users\amadoria\Documents\Projects\HAPKIDO\WP4\dss-fork\dss-utils\target\dss-utils-5.12.RC1.jar;C:\Users\amadoria\Documents\Projects\HAPKIDO\WP4\dss-fork\dss-crl-parser\target\dss-crl-parser-5.12.RC1.jar;C:\Users\amadoria\.m2\repository\org\slf4j\slf4j-api\2.0.6\slf4j-api-2.0.6.jar;C:\Users\amadoria\Documents\Projects\HAPKIDO\WP4\dss-fork\dss-document\libs\bcpkix-jdk18on-173b20.jar;C:\Users\amadoria\Documents\Projects\HAPKIDO\WP4\dss-fork\dss-document\libs\bcprov-jdk18on-173b20.jar;C:\Users\amadoria\Documents\Projects\HAPKIDO\WP4\dss-fork\dss-document\libs\bcutil-jdk18on-173b20.jar;C:\Users\amadoria\Documents\Projects\HAPKIDO\WP4\dss-fork\validation-policy\target\validation-policy-5.12.RC1.jar;C:\Users\amadoria\Documents\Projects\HAPKIDO\WP4\dss-fork\dss-policy-jaxb\target\dss-policy-jaxb-5.12.RC1.jar;C:\Users\amadoria\Documents\Projects\HAPKIDO\WP4\dss-fork\dss-jaxb-parsers\target\dss-jaxb-parsers-5.12.RC1.jar;C:\Users\amadoria\Documents\Projects\HAPKIDO\WP4\dss-fork\dss-jaxb-common\target\dss-jaxb-common-5.12.RC1.jar;C:\Users\amadoria\Documents\Projects\HAPKIDO\WP4\dss-fork\dss-alert\target\dss-alert-5.12.RC1.jar;C:\Users\amadoria\.m2\repository\org\glassfish\jaxb\jaxb-runtime\2.3.8\jaxb-runtime-2.3.8.jar;C:\Users\amadoria\.m2\repository\org\glassfish\jaxb\txw2\2.3.8\txw2-2.3.8.jar;C:\Users\amadoria\.m2\repository\com\sun\istack\istack-commons-runtime\3.0.12\istack-commons-runtime-3.0.12.jar;C:\Users\amadoria\.m2\repository\com\sun\activation\jakarta.activation\1.2.2\jakarta.activation-1.2.2.jar;C:\Users\amadoria\Documents\Projects\HAPKIDO\WP4\dss-fork\dss-diagnostic-jaxb\target\dss-diagnostic-jaxb-5.12.RC1.jar;C:\Users\amadoria\Documents\Projects\HAPKIDO\WP4\dss-fork\dss-simple-report-jaxb\target\dss-simple-report-jaxb-5.12.RC1.jar;C:\Users\amadoria\Documents\Projects\HAPKIDO\WP4\dss-fork\dss-simple-certificate-report-jaxb\target\dss-simple-certificate-report-jaxb-5.12.RC1.jar;C:\Users\amadoria\Documents\Projects\HAPKIDO\WP4\dss-fork\dss-detailed-report-jaxb\target\dss-detailed-report-jaxb-5.12.RC1.jar;C:\Users\amadoria\Documents\Projects\HAPKIDO\WP4\dss-fork\specs-validation-report\target\specs-validation-report-5.12.RC1.jar;C:\Users\amadoria\Documents\Projects\HAPKIDO\WP4\dss-fork\specs-xmldsig\target\specs-xmldsig-5.12.RC1.jar;C:\Users\amadoria\Documents\Projects\HAPKIDO\WP4\dss-fork\specs-xades\target\specs-xades-5.12.RC1.jar;C:\Users\amadoria\Documents\Projects\HAPKIDO\WP4\dss-fork\specs-trusted-list\target\specs-trusted-list-5.12.RC1.jar;C:\Users\amadoria\Documents\Projects\HAPKIDO\WP4\dss-fork\dss-i18n\target\dss-i18n-5.12.RC1.jar;C:\Users\amadoria\.m2\repository\ch\qos\logback\logback-classic\1.3.5\logback-classic-1.3.5.jar;C:\Users\amadoria\.m2\repository\ch\qos\logback\logback-core\1.3.5\logback-core-1.3.5.jar;C:\Users\amadoria\.m2\repository\com\fasterxml\jackson\module\jackson-module-jaxb-annotations\2.14.2\jackson-module-jaxb-annotations-2.14.2.jar;C:\Users\amadoria\.m2\repository\com\fasterxml\jackson\core\jackson-annotations\2.14.2\jackson-annotations-2.14.2.jar;C:\Users\amadoria\.m2\repository\com\fasterxml\jackson\core\jackson-core\2.14.2\jackson-core-2.14.2.jar;C:\Users\amadoria\.m2\repository\com\fasterxml\jackson\core\jackson-databind\2.14.2\jackson-databind-2.14.2.jar;C:\Users\amadoria\.m2\repository\jakarta\xml\bind\jakarta.xml.bind-api\2.3.3\jakarta.xml.bind-api-2.3.3.jar;C:\Users\amadoria\.m2\repository\jakarta\activation\jakarta.activation-api\1.2.2\jakarta.activation-api-1.2.2.jar;C:\Users\amadoria\.m2\repository\org\junit\platform\junit-platform-launcher\1.9.2\junit-platform-launcher-1.9.2.jar;C:\Users\amadoria\.m2\repository\org\junit\platform\junit-platform-engine\1.9.2\junit-platform-engine-1.9.2.jar;C:\Users\amadoria\.m2\repository\org\opentest4j\opentest4j\1.2.0\opentest4j-1.2.0.jar;C:\Users\amadoria\.m2\repository\org\junit\platform\junit-platform-commons\1.9.2\junit-platform-commons-1.9.2.jar;C:\Users\amadoria\.m2\repository\org\apiguardian\apiguardian-api\1.1.2\apiguardian-api-1.1.2.jar;C:\Users\amadoria\.m2\repository\org\junit\jupiter\junit-jupiter-engine\5.9.2\junit-jupiter-engine-5.9.2.jar;C:\Users\amadoria\.m2\repository\org\junit\jupiter\junit-jupiter-api\5.9.2\junit-jupiter-api-5.9.2.jar;C:\Users\amadoria\.m2\repository\org\junit\jupiter\junit-jupiter-params\5.9.2\junit-jupiter-params-5.9.2.jar;C:\Users\amadoria\Documents\Projects\HAPKIDO\WP4\dss-fork\dss-utils-google-guava\target\dss-utils-google-guava-5.12.RC1.jar;C:\Users\amadoria\.m2\repository\com\google\guava\guava\31.1-jre\guava-31.1-jre.jar;C:\Users\amadoria\.m2\repository\com\google\guava\failureaccess\1.0.1\failureaccess-1.0.1.jar;C:\Users\amadoria\.m2\repository\com\google\guava\listenablefuture\9999.0-empty-to-avoid-conflict-with-guava\listenablefuture-9999.0-empty-to-avoid-conflict-with-guava.jar;C:\Users\amadoria\.m2\repository\com\google\code\findbugs\jsr305\3.0.2\jsr305-3.0.2.jar;C:\Users\amadoria\.m2\repository\org\checkerframework\checker-qual\3.12.0\checker-qual-3.12.0.jar;C:\Users\amadoria\.m2\repository\com\google\errorprone\error_prone_annotations\2.11.0\error_prone_annotations-2.11.0.jar;C:\Users\amadoria\.m2\repository\com\google\j2objc\j2objc-annotations\1.3\j2objc-annotations-1.3.jar;C:\Users\amadoria\Documents\Projects\HAPKIDO\WP4\dss-fork\dss-crl-parser-stream\target\dss-crl-parser-stream-5.12.RC1.jar;"/>
    <property name="sun.cpu.endian" value="little"/>
    <property name="user.home" value="C:\Users\amadoria"/>
    <property name="user.language" value="en"/>
    <property name="java.specification.vendor" value="Oracle Corporation"/>
    <property name="java.version.date" value="2023-01-17"/>
    <property name="java.home" value="C:\Program Files\Java\jdk-19"/>
    <property name="file.separator" value="\"/>
    <property name="basedir" value="C:\Users\amadoria\Documents\Projects\HAPKIDO\WP4\dss-fork\dss-document"/>
    <property name="java.vm.compressedOopsMode" value="Zero based"/>
    <property name="line.separator" value="&#10;"/>
    <property name="java.vm.specification.vendor" value="Oracle Corporation"/>
    <property name="java.specification.name" value="Java Platform API Specification"/>
    <property name="surefire.real.class.path" value="C:\Users\amadoria\AppData\Local\Temp\surefire7385040301634076511\surefirebooter-20230428114100642_335.jar"/>
    <property name="user.script" value=""/>
    <property name="sun.management.compiler" value="HotSpot 64-Bit Tiered Compilers"/>
    <property name="java.runtime.version" value="19.0.2+7-44"/>
    <property name="user.name" value="amadoria"/>
    <property name="stdout.encoding" value="Cp1252"/>
    <property name="path.separator" value=";"/>
    <property name="os.version" value="10.0"/>
    <property name="java.runtime.name" value="Java(TM) SE Runtime Environment"/>
    <property name="file.encoding" value="UTF-8"/>
    <property name="java.vm.name" value="Java HotSpot(TM) 64-Bit Server VM"/>
    <property name="localRepository" value="C:\Users\amadoria\.m2\repository"/>
    <property name="java.vendor.url.bug" value="https://bugreport.java.com/bugreport/"/>
    <property name="java.io.tmpdir" value="C:\Users\amadoria\AppData\Local\Temp\"/>
    <property name="java.version" value="19.0.2"/>
    <property name="user.dir" value="C:\Users\amadoria\Documents\Projects\HAPKIDO\WP4\dss-fork\dss-document"/>
    <property name="os.arch" value="amd64"/>
    <property name="java.vm.specification.name" value="Java Virtual Machine Specification"/>
    <property name="sun.os.patch.level" value=""/>
    <property name="native.encoding" value="Cp1252"/>
    <property name="java.library.path" value="C:\Program Files\Java\jdk-19\bin;C:\WINDOWS\Sun\Java\bin;C:\WINDOWS\system32;C:\WINDOWS;C:\Program Files\Common Files\Oracle\Java\javapath;C:\Program Files\Eclipse Adoptium\jdk-17.0.5.8-hotspot\bin;C:\WINDOWS\system32;C:\WINDOWS;C:\WINDOWS\System32\Wbem;C:\WINDOWS\System32\WindowsPowerShell\v1.0\;C:\WINDOWS\System32\OpenSSH\;C:\Program Files\dotnet\;C:\ProgramData\chocolatey\bin;C:\Program Files\Gradle\gradle-8.0.2\bin;C:\Program Files\Maven\apache-maven-3.9.0\bin;;C:\Program Files\Docker\Docker\resources\bin;C:\Users\amadoria\AppData\Local\Programs\Python\Python38\Scripts\;C:\Users\amadoria\AppData\Local\Programs\Python\Python38\;C:\Users\amadoria\AppData\Local\Microsoft\WindowsApps;C:\Users\amadoria\AppData\Local\Programs\MiKTeX\miktex\bin\x64\;C:\Users\amadoria\AppData\Local\Programs\Microsoft VS Code\bin;C:\Users\amadoria\AppData\Roaming\Python\Scripts\;C:\Users\amadoria\AppData\Local\Programs\Git\cmd;C:\Program Files\JetBrains\IntelliJ IDEA Community Edition 2022.3.3\bin;;."/>
    <property name="java.vm.info" value="mixed mode, sharing"/>
    <property name="stderr.encoding" value="Cp1252"/>
    <property name="java.vendor" value="Oracle Corporation"/>
    <property name="java.vm.version" value="19.0.2+7-44"/>
    <property name="sun.io.unicode.encoding" value="UnicodeLittle"/>
    <property name="java.class.version" value="63.0"/>
  </properties>
  <testcase name="test" classname="eu.europa.esig.dss.validation.MultiThreadsCertificateValidatorTest" time="1.362">
    <system-out><![CDATA[11:41:19.142 [pool-2-thread-2] INFO eu.europa.esig.dss.validation.CommonCertificateVerifier - + New CommonCertificateVerifier created.
11:41:19.142 [pool-2-thread-1] INFO eu.europa.esig.dss.validation.CommonCertificateVerifier - + New CommonCertificateVerifier created.
11:41:19.166 [pool-2-thread-3] INFO eu.europa.esig.dss.validation.CommonCertificateVerifier - + New CommonCertificateVerifier created.
11:41:19.169 [pool-2-thread-5] INFO eu.europa.esig.dss.validation.CommonCertificateVerifier - + New CommonCertificateVerifier created.
11:41:19.180 [pool-2-thread-1] INFO eu.europa.esig.dss.validation.CommonCertificateVerifier - + New CommonCertificateVerifier created.
11:41:19.184 [pool-2-thread-1] INFO eu.europa.esig.dss.validation.AIACertificateSource - Retrieving C-D54951FEBBC59D2C2EC01ACCD92CCD8C9D2C7444C2E551BA7EC0DE622C74148C certificate's issuer using AIA.
11:41:19.184 [pool-2-thread-1] DEBUG eu.europa.esig.dss.spi.x509.aia.DefaultAIASource - Loading certificate(s) from 'http://ca.luxtrust.lu/LTQCA.crt'.
11:41:19.184 [pool-2-thread-1] DEBUG eu.europa.esig.dss.spi.x509.aia.DefaultAIASource - Base64 content : MIID8DCCAtigAwIBAgICA+swDQYJKoZIhvcNAQEFBQAwQDELMAkGA1UEBhMCTFUxFjAUBgNVBAoTDUx1eFRydXN0IHMuYS4xGTAXBgNVBAMTEEx1eFRydXN0IHJvb3QgQ0EwHhcNMDgwNjA1MDkyNTI0WhcNMTYxMDE4MTA0MDM0WjBFMQswCQYDVQQGEwJMVTEWMBQGA1UEChMNTHV4VHJ1c3QgUy5BLjEeMBwGA1UEAxMVTHV4VHJ1c3QgUXVhbGlmaWVkIENBMIIBIjANBgkqhkiG9w0BAQEFAAOCAQ8AMIIBCgKCAQEAybFXzA+8RNnvlCd+sZ8BnH6WO3LmaLi419Ygd9VBYcIwLmMx9KgAKF3u4B87Hee5NL4Xvhm/B9DuDUH5OGZ3P2Dwf7putVEvATvW8jzYq6CzarUthzb9ux+KTdTT+d4y6tkgVggy9DBe+bz635oZm2PPQT9kzoR48RBN730KA/MJIa0Sa7ZDphL37WHSA4/TWh9F1/LBRVGC0F4Mg1hU/u+kovF5mTuUK+ncU7+FS0cQRhAD+C4WfLI/WuzuE+T6ZuZ6Iqg6+vqgf6iKwL6iVZmwKkJPvV3+3Wgy3zq5tpDvsIGj4kXd1riQGKsEeDfN8y71DG3OdBqF1Yd7ue7ziwIDAQABo4HuMIHrMA8GA1UdEwQIMAYBAf8CAQAwQgYDVR0gBDswOTA3BggrgSsBAQEBADArMCkGCCsGAQUFBwIBFh1odHRwOi8vcmVwb3NpdG9yeS5sdXh0cnVzdC5sdTARBglghkgBhvhCAQEEBAMCAAcwDgYDVR0PAQH/BAQDAgHGMB8GA1UdIwQYMBaAFN2K1zDx+ZFx6UdwDCXlrKGN34wlMDEGA1UdHwQqMCgwJqAkoCKGIGh0dHA6Ly9jcmwubHV4dHJ1c3QubHUvTFRSQ0EuY3JsMB0GA1UdDgQWBBSNkKMH3RoTd5lMkqtNQ94/zSlkBTANBgkqhkiG9w0BAQUFAAOCAQEAapxOpigXTejGgHBWMAwDBMdZQHpPyoCmw32OIj1qqezO5nDnjG5gfJni/rp5IFMpV//xmCkjqyO92PyYbcHNSUpP1SjCkyn10e6ipmzpXK0MbgFvIPglAgA5dXxTNf0Q77eWu36fz5VKQEmJzqoXTccq4nuLL9rLZ88YUlczMaWscETIZCB4kecKVyqHf4+T0JucZqX7zzfpiVyTr2M+OGl9qiOmKwBGkzseJt+MgYWrskJADKDZMr4bQxkxnhzCSQoraX7DugxM0fH47MitCc74uZrWIJ6qQjCLBtKzxUGy7B3pYOjLlThr7S64cd12yuR+NjHAFZ2DTXwxKg/FQg==
11:41:19.184 [pool-2-thread-4] INFO eu.europa.esig.dss.validation.CommonCertificateVerifier - + New CommonCertificateVerifier created.
11:41:19.188 [pool-2-thread-5] INFO eu.europa.esig.dss.validation.CommonCertificateVerifier - + New CommonCertificateVerifier created.
11:41:19.189 [pool-2-thread-2] INFO eu.europa.esig.dss.validation.CommonCertificateVerifier - + New CommonCertificateVerifier created.
11:41:19.189 [pool-2-thread-2] INFO eu.europa.esig.dss.validation.AIACertificateSource - Retrieving C-D54951FEBBC59D2C2EC01ACCD92CCD8C9D2C7444C2E551BA7EC0DE622C74148C certificate's issuer using AIA.
11:41:19.189 [pool-2-thread-5] INFO eu.europa.esig.dss.validation.AIACertificateSource - Retrieving C-D54951FEBBC59D2C2EC01ACCD92CCD8C9D2C7444C2E551BA7EC0DE622C74148C certificate's issuer using AIA.
11:41:19.189 [pool-2-thread-5] DEBUG eu.europa.esig.dss.spi.x509.aia.DefaultAIASource - Loading certificate(s) from 'http://ca.luxtrust.lu/LTQCA.crt'.
11:41:19.189 [pool-2-thread-2] DEBUG eu.europa.esig.dss.spi.x509.aia.DefaultAIASource - Loading certificate(s) from 'http://ca.luxtrust.lu/LTQCA.crt'.
11:41:19.189 [pool-2-thread-5] DEBUG eu.europa.esig.dss.spi.x509.aia.DefaultAIASource - Base64 content : MIID8DCCAtigAwIBAgICA+swDQYJKoZIhvcNAQEFBQAwQDELMAkGA1UEBhMCTFUxFjAUBgNVBAoTDUx1eFRydXN0IHMuYS4xGTAXBgNVBAMTEEx1eFRydXN0IHJvb3QgQ0EwHhcNMDgwNjA1MDkyNTI0WhcNMTYxMDE4MTA0MDM0WjBFMQswCQYDVQQGEwJMVTEWMBQGA1UEChMNTHV4VHJ1c3QgUy5BLjEeMBwGA1UEAxMVTHV4VHJ1c3QgUXVhbGlmaWVkIENBMIIBIjANBgkqhkiG9w0BAQEFAAOCAQ8AMIIBCgKCAQEAybFXzA+8RNnvlCd+sZ8BnH6WO3LmaLi419Ygd9VBYcIwLmMx9KgAKF3u4B87Hee5NL4Xvhm/B9DuDUH5OGZ3P2Dwf7putVEvATvW8jzYq6CzarUthzb9ux+KTdTT+d4y6tkgVggy9DBe+bz635oZm2PPQT9kzoR48RBN730KA/MJIa0Sa7ZDphL37WHSA4/TWh9F1/LBRVGC0F4Mg1hU/u+kovF5mTuUK+ncU7+FS0cQRhAD+C4WfLI/WuzuE+T6ZuZ6Iqg6+vqgf6iKwL6iVZmwKkJPvV3+3Wgy3zq5tpDvsIGj4kXd1riQGKsEeDfN8y71DG3OdBqF1Yd7ue7ziwIDAQABo4HuMIHrMA8GA1UdEwQIMAYBAf8CAQAwQgYDVR0gBDswOTA3BggrgSsBAQEBADArMCkGCCsGAQUFBwIBFh1odHRwOi8vcmVwb3NpdG9yeS5sdXh0cnVzdC5sdTARBglghkgBhvhCAQEEBAMCAAcwDgYDVR0PAQH/BAQDAgHGMB8GA1UdIwQYMBaAFN2K1zDx+ZFx6UdwDCXlrKGN34wlMDEGA1UdHwQqMCgwJqAkoCKGIGh0dHA6Ly9jcmwubHV4dHJ1c3QubHUvTFRSQ0EuY3JsMB0GA1UdDgQWBBSNkKMH3RoTd5lMkqtNQ94/zSlkBTANBgkqhkiG9w0BAQUFAAOCAQEAapxOpigXTejGgHBWMAwDBMdZQHpPyoCmw32OIj1qqezO5nDnjG5gfJni/rp5IFMpV//xmCkjqyO92PyYbcHNSUpP1SjCkyn10e6ipmzpXK0MbgFvIPglAgA5dXxTNf0Q77eWu36fz5VKQEmJzqoXTccq4nuLL9rLZ88YUlczMaWscETIZCB4kecKVyqHf4+T0JucZqX7zzfpiVyTr2M+OGl9qiOmKwBGkzseJt+MgYWrskJADKDZMr4bQxkxnhzCSQoraX7DugxM0fH47MitCc74uZrWIJ6qQjCLBtKzxUGy7B3pYOjLlThr7S64cd12yuR+NjHAFZ2DTXwxKg/FQg==
11:41:19.189 [pool-2-thread-2] DEBUG eu.europa.esig.dss.spi.x509.aia.DefaultAIASource - Base64 content : MIID8DCCAtigAwIBAgICA+swDQYJKoZIhvcNAQEFBQAwQDELMAkGA1UEBhMCTFUxFjAUBgNVBAoTDUx1eFRydXN0IHMuYS4xGTAXBgNVBAMTEEx1eFRydXN0IHJvb3QgQ0EwHhcNMDgwNjA1MDkyNTI0WhcNMTYxMDE4MTA0MDM0WjBFMQswCQYDVQQGEwJMVTEWMBQGA1UEChMNTHV4VHJ1c3QgUy5BLjEeMBwGA1UEAxMVTHV4VHJ1c3QgUXVhbGlmaWVkIENBMIIBIjANBgkqhkiG9w0BAQEFAAOCAQ8AMIIBCgKCAQEAybFXzA+8RNnvlCd+sZ8BnH6WO3LmaLi419Ygd9VBYcIwLmMx9KgAKF3u4B87Hee5NL4Xvhm/B9DuDUH5OGZ3P2Dwf7putVEvATvW8jzYq6CzarUthzb9ux+KTdTT+d4y6tkgVggy9DBe+bz635oZm2PPQT9kzoR48RBN730KA/MJIa0Sa7ZDphL37WHSA4/TWh9F1/LBRVGC0F4Mg1hU/u+kovF5mTuUK+ncU7+FS0cQRhAD+C4WfLI/WuzuE+T6ZuZ6Iqg6+vqgf6iKwL6iVZmwKkJPvV3+3Wgy3zq5tpDvsIGj4kXd1riQGKsEeDfN8y71DG3OdBqF1Yd7ue7ziwIDAQABo4HuMIHrMA8GA1UdEwQIMAYBAf8CAQAwQgYDVR0gBDswOTA3BggrgSsBAQEBADArMCkGCCsGAQUFBwIBFh1odHRwOi8vcmVwb3NpdG9yeS5sdXh0cnVzdC5sdTARBglghkgBhvhCAQEEBAMCAAcwDgYDVR0PAQH/BAQDAgHGMB8GA1UdIwQYMBaAFN2K1zDx+ZFx6UdwDCXlrKGN34wlMDEGA1UdHwQqMCgwJqAkoCKGIGh0dHA6Ly9jcmwubHV4dHJ1c3QubHUvTFRSQ0EuY3JsMB0GA1UdDgQWBBSNkKMH3RoTd5lMkqtNQ94/zSlkBTANBgkqhkiG9w0BAQUFAAOCAQEAapxOpigXTejGgHBWMAwDBMdZQHpPyoCmw32OIj1qqezO5nDnjG5gfJni/rp5IFMpV//xmCkjqyO92PyYbcHNSUpP1SjCkyn10e6ipmzpXK0MbgFvIPglAgA5dXxTNf0Q77eWu36fz5VKQEmJzqoXTccq4nuLL9rLZ88YUlczMaWscETIZCB4kecKVyqHf4+T0JucZqX7zzfpiVyTr2M+OGl9qiOmKwBGkzseJt+MgYWrskJADKDZMr4bQxkxnhzCSQoraX7DugxM0fH47MitCc74uZrWIJ6qQjCLBtKzxUGy7B3pYOjLlThr7S64cd12yuR+NjHAFZ2DTXwxKg/FQg==
11:41:19.198 [pool-2-thread-1] DEBUG eu.europa.esig.dss.spi.x509.aia.DefaultAIASource - 1 certificate(s) loaded from 'http://ca.luxtrust.lu/LTQCA.crt'
11:41:19.198 [pool-2-thread-3] INFO eu.europa.esig.dss.validation.CommonCertificateVerifier - + New CommonCertificateVerifier created.
11:41:19.201 [pool-2-thread-3] INFO eu.europa.esig.dss.validation.AIACertificateSource - Retrieving C-D54951FEBBC59D2C2EC01ACCD92CCD8C9D2C7444C2E551BA7EC0DE622C74148C certificate's issuer using AIA.
11:41:19.201 [pool-2-thread-3] DEBUG eu.europa.esig.dss.spi.x509.aia.DefaultAIASource - Loading certificate(s) from 'http://ca.luxtrust.lu/LTQCA.crt'.
11:41:19.201 [pool-2-thread-1] INFO eu.europa.esig.dss.validation.AIACertificateSource - Retrieving C-FE5D1FDE82820AC69F0265808C4E694ACF0AFA056B56A4EA84984D52A85BF7D7 certificate's issuer using AIA.
11:41:19.201 [pool-2-thread-1] INFO eu.europa.esig.dss.spi.x509.aia.DefaultAIASource - There is no AIA extension for certificate download.
11:41:19.201 [pool-2-thread-1] WARN eu.europa.esig.dss.validation.SignatureValidationContext - No revocation found for the certificate C-D54951FEBBC59D2C2EC01ACCD92CCD8C9D2C7444C2E551BA7EC0DE622C74148C
11:41:19.202 [pool-2-thread-3] DEBUG eu.europa.esig.dss.spi.x509.aia.DefaultAIASource - Base64 content : MIID8DCCAtigAwIBAgICA+swDQYJKoZIhvcNAQEFBQAwQDELMAkGA1UEBhMCTFUxFjAUBgNVBAoTDUx1eFRydXN0IHMuYS4xGTAXBgNVBAMTEEx1eFRydXN0IHJvb3QgQ0EwHhcNMDgwNjA1MDkyNTI0WhcNMTYxMDE4MTA0MDM0WjBFMQswCQYDVQQGEwJMVTEWMBQGA1UEChMNTHV4VHJ1c3QgUy5BLjEeMBwGA1UEAxMVTHV4VHJ1c3QgUXVhbGlmaWVkIENBMIIBIjANBgkqhkiG9w0BAQEFAAOCAQ8AMIIBCgKCAQEAybFXzA+8RNnvlCd+sZ8BnH6WO3LmaLi419Ygd9VBYcIwLmMx9KgAKF3u4B87Hee5NL4Xvhm/B9DuDUH5OGZ3P2Dwf7putVEvATvW8jzYq6CzarUthzb9ux+KTdTT+d4y6tkgVggy9DBe+bz635oZm2PPQT9kzoR48RBN730KA/MJIa0Sa7ZDphL37WHSA4/TWh9F1/LBRVGC0F4Mg1hU/u+kovF5mTuUK+ncU7+FS0cQRhAD+C4WfLI/WuzuE+T6ZuZ6Iqg6+vqgf6iKwL6iVZmwKkJPvV3+3Wgy3zq5tpDvsIGj4kXd1riQGKsEeDfN8y71DG3OdBqF1Yd7ue7ziwIDAQABo4HuMIHrMA8GA1UdEwQIMAYBAf8CAQAwQgYDVR0gBDswOTA3BggrgSsBAQEBADArMCkGCCsGAQUFBwIBFh1odHRwOi8vcmVwb3NpdG9yeS5sdXh0cnVzdC5sdTARBglghkgBhvhCAQEEBAMCAAcwDgYDVR0PAQH/BAQDAgHGMB8GA1UdIwQYMBaAFN2K1zDx+ZFx6UdwDCXlrKGN34wlMDEGA1UdHwQqMCgwJqAkoCKGIGh0dHA6Ly9jcmwubHV4dHJ1c3QubHUvTFRSQ0EuY3JsMB0GA1UdDgQWBBSNkKMH3RoTd5lMkqtNQ94/zSlkBTANBgkqhkiG9w0BAQUFAAOCAQEAapxOpigXTejGgHBWMAwDBMdZQHpPyoCmw32OIj1qqezO5nDnjG5gfJni/rp5IFMpV//xmCkjqyO92PyYbcHNSUpP1SjCkyn10e6ipmzpXK0MbgFvIPglAgA5dXxTNf0Q77eWu36fz5VKQEmJzqoXTccq4nuLL9rLZ88YUlczMaWscETIZCB4kecKVyqHf4+T0JucZqX7zzfpiVyTr2M+OGl9qiOmKwBGkzseJt+MgYWrskJADKDZMr4bQxkxnhzCSQoraX7DugxM0fH47MitCc74uZrWIJ6qQjCLBtKzxUGy7B3pYOjLlThr7S64cd12yuR+NjHAFZ2DTXwxKg/FQg==
11:41:19.199 [pool-2-thread-4] INFO eu.europa.esig.dss.validation.CommonCertificateVerifier - + New CommonCertificateVerifier created.
11:41:19.202 [pool-2-thread-3] DEBUG eu.europa.esig.dss.spi.x509.aia.DefaultAIASource - 1 certificate(s) loaded from 'http://ca.luxtrust.lu/LTQCA.crt'
11:41:19.203 [pool-2-thread-4] INFO eu.europa.esig.dss.validation.AIACertificateSource - Retrieving C-D54951FEBBC59D2C2EC01ACCD92CCD8C9D2C7444C2E551BA7EC0DE622C74148C certificate's issuer using AIA.
11:41:19.203 [pool-2-thread-4] DEBUG eu.europa.esig.dss.spi.x509.aia.DefaultAIASource - Loading certificate(s) from 'http://ca.luxtrust.lu/LTQCA.crt'.
11:41:19.203 [pool-2-thread-1] WARN eu.europa.esig.dss.validation.SignatureValidationContext - Issuer not found for certificate C-FE5D1FDE82820AC69F0265808C4E694ACF0AFA056B56A4EA84984D52A85BF7D7
11:41:19.203 [pool-2-thread-1] WARN eu.europa.esig.dss.validation.DiagnosticDataBuilder - Provided CertificateSource configuration contains none of trusted sources of type TRUSTED_STORE or TRUSTED_LIST!
11:41:19.203 [pool-2-thread-4] DEBUG eu.europa.esig.dss.spi.x509.aia.DefaultAIASource - Base64 content : MIID8DCCAtigAwIBAgICA+swDQYJKoZIhvcNAQEFBQAwQDELMAkGA1UEBhMCTFUxFjAUBgNVBAoTDUx1eFRydXN0IHMuYS4xGTAXBgNVBAMTEEx1eFRydXN0IHJvb3QgQ0EwHhcNMDgwNjA1MDkyNTI0WhcNMTYxMDE4MTA0MDM0WjBFMQswCQYDVQQGEwJMVTEWMBQGA1UEChMNTHV4VHJ1c3QgUy5BLjEeMBwGA1UEAxMVTHV4VHJ1c3QgUXVhbGlmaWVkIENBMIIBIjANBgkqhkiG9w0BAQEFAAOCAQ8AMIIBCgKCAQEAybFXzA+8RNnvlCd+sZ8BnH6WO3LmaLi419Ygd9VBYcIwLmMx9KgAKF3u4B87Hee5NL4Xvhm/B9DuDUH5OGZ3P2Dwf7putVEvATvW8jzYq6CzarUthzb9ux+KTdTT+d4y6tkgVggy9DBe+bz635oZm2PPQT9kzoR48RBN730KA/MJIa0Sa7ZDphL37WHSA4/TWh9F1/LBRVGC0F4Mg1hU/u+kovF5mTuUK+ncU7+FS0cQRhAD+C4WfLI/WuzuE+T6ZuZ6Iqg6+vqgf6iKwL6iVZmwKkJPvV3+3Wgy3zq5tpDvsIGj4kXd1riQGKsEeDfN8y71DG3OdBqF1Yd7ue7ziwIDAQABo4HuMIHrMA8GA1UdEwQIMAYBAf8CAQAwQgYDVR0gBDswOTA3BggrgSsBAQEBADArMCkGCCsGAQUFBwIBFh1odHRwOi8vcmVwb3NpdG9yeS5sdXh0cnVzdC5sdTARBglghkgBhvhCAQEEBAMCAAcwDgYDVR0PAQH/BAQDAgHGMB8GA1UdIwQYMBaAFN2K1zDx+ZFx6UdwDCXlrKGN34wlMDEGA1UdHwQqMCgwJqAkoCKGIGh0dHA6Ly9jcmwubHV4dHJ1c3QubHUvTFRSQ0EuY3JsMB0GA1UdDgQWBBSNkKMH3RoTd5lMkqtNQ94/zSlkBTANBgkqhkiG9w0BAQUFAAOCAQEAapxOpigXTejGgHBWMAwDBMdZQHpPyoCmw32OIj1qqezO5nDnjG5gfJni/rp5IFMpV//xmCkjqyO92PyYbcHNSUpP1SjCkyn10e6ipmzpXK0MbgFvIPglAgA5dXxTNf0Q77eWu36fz5VKQEmJzqoXTccq4nuLL9rLZ88YUlczMaWscETIZCB4kecKVyqHf4+T0JucZqX7zzfpiVyTr2M+OGl9qiOmKwBGkzseJt+MgYWrskJADKDZMr4bQxkxnhzCSQoraX7DugxM0fH47MitCc74uZrWIJ6qQjCLBtKzxUGy7B3pYOjLlThr7S64cd12yuR+NjHAFZ2DTXwxKg/FQg==
11:41:19.204 [pool-2-thread-3] INFO eu.europa.esig.dss.validation.AIACertificateSource - Retrieving C-FE5D1FDE82820AC69F0265808C4E694ACF0AFA056B56A4EA84984D52A85BF7D7 certificate's issuer using AIA.
11:41:19.204 [pool-2-thread-3] INFO eu.europa.esig.dss.spi.x509.aia.DefaultAIASource - There is no AIA extension for certificate download.
11:41:19.204 [pool-2-thread-4] DEBUG eu.europa.esig.dss.spi.x509.aia.DefaultAIASource - 1 certificate(s) loaded from 'http://ca.luxtrust.lu/LTQCA.crt'
11:41:19.204 [pool-2-thread-1] DEBUG eu.europa.esig.dss.spi.CertificateExtensionsUtils - Unknown non-critical CertificateExtension with OID : '2.16.840.1.113730.1.1'
11:41:19.204 [pool-2-thread-3] WARN eu.europa.esig.dss.validation.SignatureValidationContext - No revocation found for the certificate C-D54951FEBBC59D2C2EC01ACCD92CCD8C9D2C7444C2E551BA7EC0DE622C74148C
11:41:19.204 [pool-2-thread-1] DEBUG eu.europa.esig.dss.spi.CertificateExtensionsUtils - Unknown non-critical CertificateExtension with OID : '2.16.840.1.113730.1.1'
11:41:19.204 [pool-2-thread-2] DEBUG eu.europa.esig.dss.spi.x509.aia.DefaultAIASource - 1 certificate(s) loaded from 'http://ca.luxtrust.lu/LTQCA.crt'
11:41:19.205 [pool-2-thread-4] INFO eu.europa.esig.dss.validation.AIACertificateSource - Retrieving C-FE5D1FDE82820AC69F0265808C4E694ACF0AFA056B56A4EA84984D52A85BF7D7 certificate's issuer using AIA.
11:41:19.205 [pool-2-thread-4] INFO eu.europa.esig.dss.spi.x509.aia.DefaultAIASource - There is no AIA extension for certificate download.
11:41:19.205 [pool-2-thread-4] WARN eu.europa.esig.dss.validation.SignatureValidationContext - No revocation found for the certificate C-D54951FEBBC59D2C2EC01ACCD92CCD8C9D2C7444C2E551BA7EC0DE622C74148C
11:41:19.206 [pool-2-thread-1] WARN eu.europa.esig.dss.detailedreport.DetailedReportMessageCollector - The validation at time 'CERTIFICATE_ISSUANCE_TIME' is not found or not performed!
11:41:19.206 [pool-2-thread-1] WARN eu.europa.esig.dss.detailedreport.DetailedReportMessageCollector - The validation at time 'CERTIFICATE_ISSUANCE_TIME' is not found or not performed!
11:41:19.206 [pool-2-thread-1] WARN eu.europa.esig.dss.detailedreport.DetailedReportMessageCollector - The validation at time 'CERTIFICATE_ISSUANCE_TIME' is not found or not performed!
11:41:19.206 [pool-2-thread-2] INFO eu.europa.esig.dss.validation.AIACertificateSource - Retrieving C-FE5D1FDE82820AC69F0265808C4E694ACF0AFA056B56A4EA84984D52A85BF7D7 certificate's issuer using AIA.
11:41:19.206 [pool-2-thread-1] WARN eu.europa.esig.dss.detailedreport.DetailedReportMessageCollector - The validation at time 'VALIDATION_TIME' is not found or not performed!
11:41:19.206 [pool-2-thread-2] INFO eu.europa.esig.dss.spi.x509.aia.DefaultAIASource - There is no AIA extension for certificate download.
11:41:19.206 [pool-2-thread-1] WARN eu.europa.esig.dss.detailedreport.DetailedReportMessageCollector - The validation at time 'VALIDATION_TIME' is not found or not performed!
11:41:19.206 [pool-2-thread-4] WARN eu.europa.esig.dss.validation.SignatureValidationContext - Issuer not found for certificate C-FE5D1FDE82820AC69F0265808C4E694ACF0AFA056B56A4EA84984D52A85BF7D7
11:41:19.206 [pool-2-thread-2] WARN eu.europa.esig.dss.validation.SignatureValidationContext - No revocation found for the certificate C-D54951FEBBC59D2C2EC01ACCD92CCD8C9D2C7444C2E551BA7EC0DE622C74148C
11:41:19.206 [pool-2-thread-1] WARN eu.europa.esig.dss.detailedreport.DetailedReportMessageCollector - The validation at time 'VALIDATION_TIME' is not found or not performed!
11:41:19.206 [pool-2-thread-4] WARN eu.europa.esig.dss.validation.DiagnosticDataBuilder - Provided CertificateSource configuration contains none of trusted sources of type TRUSTED_STORE or TRUSTED_LIST!
11:41:19.207 [pool-2-thread-4] DEBUG eu.europa.esig.dss.spi.CertificateExtensionsUtils - Unknown non-critical CertificateExtension with OID : '2.16.840.1.113730.1.1'
11:41:19.207 [pool-2-thread-2] WARN eu.europa.esig.dss.validation.SignatureValidationContext - Issuer not found for certificate C-FE5D1FDE82820AC69F0265808C4E694ACF0AFA056B56A4EA84984D52A85BF7D7
11:41:19.207 [pool-2-thread-2] WARN eu.europa.esig.dss.validation.DiagnosticDataBuilder - Provided CertificateSource configuration contains none of trusted sources of type TRUSTED_STORE or TRUSTED_LIST!
11:41:19.207 [pool-2-thread-4] DEBUG eu.europa.esig.dss.spi.CertificateExtensionsUtils - Unknown non-critical CertificateExtension with OID : '2.16.840.1.113730.1.1'
11:41:19.209 [pool-2-thread-5] DEBUG eu.europa.esig.dss.spi.x509.aia.DefaultAIASource - 1 certificate(s) loaded from 'http://ca.luxtrust.lu/LTQCA.crt'
11:41:19.214 [pool-2-thread-2] DEBUG eu.europa.esig.dss.spi.CertificateExtensionsUtils - Unknown non-critical CertificateExtension with OID : '2.16.840.1.113730.1.1'
11:41:19.216 [pool-2-thread-2] DEBUG eu.europa.esig.dss.spi.CertificateExtensionsUtils - Unknown non-critical CertificateExtension with OID : '2.16.840.1.113730.1.1'
11:41:19.217 [pool-2-thread-2] WARN eu.europa.esig.dss.detailedreport.DetailedReportMessageCollector - The validation at time 'CERTIFICATE_ISSUANCE_TIME' is not found or not performed!
11:41:19.217 [pool-2-thread-2] WARN eu.europa.esig.dss.detailedreport.DetailedReportMessageCollector - The validation at time 'CERTIFICATE_ISSUANCE_TIME' is not found or not performed!
11:41:19.217 [pool-2-thread-2] WARN eu.europa.esig.dss.detailedreport.DetailedReportMessageCollector - The validation at time 'CERTIFICATE_ISSUANCE_TIME' is not found or not performed!
11:41:19.217 [pool-2-thread-2] WARN eu.europa.esig.dss.detailedreport.DetailedReportMessageCollector - The validation at time 'VALIDATION_TIME' is not found or not performed!
11:41:19.217 [pool-2-thread-2] WARN eu.europa.esig.dss.detailedreport.DetailedReportMessageCollector - The validation at time 'VALIDATION_TIME' is not found or not performed!
11:41:19.217 [pool-2-thread-2] WARN eu.europa.esig.dss.detailedreport.DetailedReportMessageCollector - The validation at time 'VALIDATION_TIME' is not found or not performed!
11:41:19.217 [pool-2-thread-5] INFO eu.europa.esig.dss.validation.AIACertificateSource - Retrieving C-FE5D1FDE82820AC69F0265808C4E694ACF0AFA056B56A4EA84984D52A85BF7D7 certificate's issuer using AIA.
11:41:19.218 [pool-2-thread-5] INFO eu.europa.esig.dss.spi.x509.aia.DefaultAIASource - There is no AIA extension for certificate download.
11:41:19.218 [pool-2-thread-5] WARN eu.europa.esig.dss.validation.SignatureValidationContext - No revocation found for the certificate C-D54951FEBBC59D2C2EC01ACCD92CCD8C9D2C7444C2E551BA7EC0DE622C74148C
11:41:19.219 [pool-2-thread-5] WARN eu.europa.esig.dss.validation.SignatureValidationContext - Issuer not found for certificate C-FE5D1FDE82820AC69F0265808C4E694ACF0AFA056B56A4EA84984D52A85BF7D7
11:41:19.221 [pool-2-thread-5] WARN eu.europa.esig.dss.validation.DiagnosticDataBuilder - Provided CertificateSource configuration contains none of trusted sources of type TRUSTED_STORE or TRUSTED_LIST!
11:41:19.222 [pool-2-thread-3] WARN eu.europa.esig.dss.validation.SignatureValidationContext - Issuer not found for certificate C-FE5D1FDE82820AC69F0265808C4E694ACF0AFA056B56A4EA84984D52A85BF7D7
11:41:19.223 [pool-2-thread-5] DEBUG eu.europa.esig.dss.spi.CertificateExtensionsUtils - Unknown non-critical CertificateExtension with OID : '2.16.840.1.113730.1.1'
11:41:19.223 [pool-2-thread-3] WARN eu.europa.esig.dss.validation.DiagnosticDataBuilder - Provided CertificateSource configuration contains none of trusted sources of type TRUSTED_STORE or TRUSTED_LIST!
11:41:19.223 [pool-2-thread-5] DEBUG eu.europa.esig.dss.spi.CertificateExtensionsUtils - Unknown non-critical CertificateExtension with OID : '2.16.840.1.113730.1.1'
11:41:19.224 [pool-2-thread-5] WARN eu.europa.esig.dss.detailedreport.DetailedReportMessageCollector - The validation at time 'CERTIFICATE_ISSUANCE_TIME' is not found or not performed!
11:41:19.224 [pool-2-thread-5] WARN eu.europa.esig.dss.detailedreport.DetailedReportMessageCollector - The validation at time 'CERTIFICATE_ISSUANCE_TIME' is not found or not performed!
11:41:19.224 [pool-2-thread-5] WARN eu.europa.esig.dss.detailedreport.DetailedReportMessageCollector - The validation at time 'CERTIFICATE_ISSUANCE_TIME' is not found or not performed!
11:41:19.224 [pool-2-thread-5] WARN eu.europa.esig.dss.detailedreport.DetailedReportMessageCollector - The validation at time 'VALIDATION_TIME' is not found or not performed!
11:41:19.224 [pool-2-thread-5] WARN eu.europa.esig.dss.detailedreport.DetailedReportMessageCollector - The validation at time 'VALIDATION_TIME' is not found or not performed!
11:41:19.224 [pool-2-thread-5] WARN eu.europa.esig.dss.detailedreport.DetailedReportMessageCollector - The validation at time 'VALIDATION_TIME' is not found or not performed!
11:41:19.225 [pool-2-thread-4] WARN eu.europa.esig.dss.detailedreport.DetailedReportMessageCollector - The validation at time 'CERTIFICATE_ISSUANCE_TIME' is not found or not performed!
11:41:19.225 [pool-2-thread-4] WARN eu.europa.esig.dss.detailedreport.DetailedReportMessageCollector - The validation at time 'CERTIFICATE_ISSUANCE_TIME' is not found or not performed!
11:41:19.225 [pool-2-thread-4] WARN eu.europa.esig.dss.detailedreport.DetailedReportMessageCollector - The validation at time 'CERTIFICATE_ISSUANCE_TIME' is not found or not performed!
11:41:19.225 [pool-2-thread-4] WARN eu.europa.esig.dss.detailedreport.DetailedReportMessageCollector - The validation at time 'VALIDATION_TIME' is not found or not performed!
11:41:19.225 [pool-2-thread-4] WARN eu.europa.esig.dss.detailedreport.DetailedReportMessageCollector - The validation at time 'VALIDATION_TIME' is not found or not performed!
11:41:19.225 [pool-2-thread-6] INFO eu.europa.esig.dss.validation.CommonCertificateVerifier - + New CommonCertificateVerifier created.
11:41:19.225 [pool-2-thread-4] WARN eu.europa.esig.dss.detailedreport.DetailedReportMessageCollector - The validation at time 'VALIDATION_TIME' is not found or not performed!
11:41:19.226 [pool-2-thread-3] DEBUG eu.europa.esig.dss.spi.CertificateExtensionsUtils - Unknown non-critical CertificateExtension with OID : '2.16.840.1.113730.1.1'
11:41:19.230 [pool-2-thread-3] DEBUG eu.europa.esig.dss.spi.CertificateExtensionsUtils - Unknown non-critical CertificateExtension with OID : '2.16.840.1.113730.1.1'
11:41:19.234 [pool-2-thread-3] WARN eu.europa.esig.dss.detailedreport.DetailedReportMessageCollector - The validation at time 'CERTIFICATE_ISSUANCE_TIME' is not found or not performed!
11:41:19.234 [pool-2-thread-3] WARN eu.europa.esig.dss.detailedreport.DetailedReportMessageCollector - The validation at time 'CERTIFICATE_ISSUANCE_TIME' is not found or not performed!
11:41:19.234 [pool-2-thread-3] WARN eu.europa.esig.dss.detailedreport.DetailedReportMessageCollector - The validation at time 'CERTIFICATE_ISSUANCE_TIME' is not found or not performed!
11:41:19.234 [pool-2-thread-3] WARN eu.europa.esig.dss.detailedreport.DetailedReportMessageCollector - The validation at time 'VALIDATION_TIME' is not found or not performed!
11:41:19.234 [pool-2-thread-3] WARN eu.europa.esig.dss.detailedreport.DetailedReportMessageCollector - The validation at time 'VALIDATION_TIME' is not found or not performed!
11:41:19.234 [pool-2-thread-3] WARN eu.europa.esig.dss.detailedreport.DetailedReportMessageCollector - The validation at time 'VALIDATION_TIME' is not found or not performed!
11:41:19.243 [pool-2-thread-7] INFO eu.europa.esig.dss.validation.CommonCertificateVerifier - + New CommonCertificateVerifier created.
11:41:19.257 [pool-2-thread-6] INFO eu.europa.esig.dss.validation.CommonCertificateVerifier - + New CommonCertificateVerifier created.
11:41:19.259 [pool-2-thread-6] INFO eu.europa.esig.dss.validation.AIACertificateSource - Retrieving C-D54951FEBBC59D2C2EC01ACCD92CCD8C9D2C7444C2E551BA7EC0DE622C74148C certificate's issuer using AIA.
11:41:19.259 [pool-2-thread-6] DEBUG eu.europa.esig.dss.spi.x509.aia.DefaultAIASource - Loading certificate(s) from 'http://ca.luxtrust.lu/LTQCA.crt'.
11:41:19.263 [pool-2-thread-6] DEBUG eu.europa.esig.dss.spi.x509.aia.DefaultAIASource - Base64 content : MIID8DCCAtigAwIBAgICA+swDQYJKoZIhvcNAQEFBQAwQDELMAkGA1UEBhMCTFUxFjAUBgNVBAoTDUx1eFRydXN0IHMuYS4xGTAXBgNVBAMTEEx1eFRydXN0IHJvb3QgQ0EwHhcNMDgwNjA1MDkyNTI0WhcNMTYxMDE4MTA0MDM0WjBFMQswCQYDVQQGEwJMVTEWMBQGA1UEChMNTHV4VHJ1c3QgUy5BLjEeMBwGA1UEAxMVTHV4VHJ1c3QgUXVhbGlmaWVkIENBMIIBIjANBgkqhkiG9w0BAQEFAAOCAQ8AMIIBCgKCAQEAybFXzA+8RNnvlCd+sZ8BnH6WO3LmaLi419Ygd9VBYcIwLmMx9KgAKF3u4B87Hee5NL4Xvhm/B9DuDUH5OGZ3P2Dwf7putVEvATvW8jzYq6CzarUthzb9ux+KTdTT+d4y6tkgVggy9DBe+bz635oZm2PPQT9kzoR48RBN730KA/MJIa0Sa7ZDphL37WHSA4/TWh9F1/LBRVGC0F4Mg1hU/u+kovF5mTuUK+ncU7+FS0cQRhAD+C4WfLI/WuzuE+T6ZuZ6Iqg6+vqgf6iKwL6iVZmwKkJPvV3+3Wgy3zq5tpDvsIGj4kXd1riQGKsEeDfN8y71DG3OdBqF1Yd7ue7ziwIDAQABo4HuMIHrMA8GA1UdEwQIMAYBAf8CAQAwQgYDVR0gBDswOTA3BggrgSsBAQEBADArMCkGCCsGAQUFBwIBFh1odHRwOi8vcmVwb3NpdG9yeS5sdXh0cnVzdC5sdTARBglghkgBhvhCAQEEBAMCAAcwDgYDVR0PAQH/BAQDAgHGMB8GA1UdIwQYMBaAFN2K1zDx+ZFx6UdwDCXlrKGN34wlMDEGA1UdHwQqMCgwJqAkoCKGIGh0dHA6Ly9jcmwubHV4dHJ1c3QubHUvTFRSQ0EuY3JsMB0GA1UdDgQWBBSNkKMH3RoTd5lMkqtNQ94/zSlkBTANBgkqhkiG9w0BAQUFAAOCAQEAapxOpigXTejGgHBWMAwDBMdZQHpPyoCmw32OIj1qqezO5nDnjG5gfJni/rp5IFMpV//xmCkjqyO92PyYbcHNSUpP1SjCkyn10e6ipmzpXK0MbgFvIPglAgA5dXxTNf0Q77eWu36fz5VKQEmJzqoXTccq4nuLL9rLZ88YUlczMaWscETIZCB4kecKVyqHf4+T0JucZqX7zzfpiVyTr2M+OGl9qiOmKwBGkzseJt+MgYWrskJADKDZMr4bQxkxnhzCSQoraX7DugxM0fH47MitCc74uZrWIJ6qQjCLBtKzxUGy7B3pYOjLlThr7S64cd12yuR+NjHAFZ2DTXwxKg/FQg==
11:41:19.265 [pool-2-thread-8] INFO eu.europa.esig.dss.validation.CommonCertificateVerifier - + New CommonCertificateVerifier created.
11:41:19.265 [pool-2-thread-6] DEBUG eu.europa.esig.dss.spi.x509.aia.DefaultAIASource - 1 certificate(s) loaded from 'http://ca.luxtrust.lu/LTQCA.crt'
11:41:19.265 [pool-2-thread-7] INFO eu.europa.esig.dss.validation.CommonCertificateVerifier - + New CommonCertificateVerifier created.
11:41:19.266 [pool-2-thread-7] INFO eu.europa.esig.dss.validation.AIACertificateSource - Retrieving C-D54951FEBBC59D2C2EC01ACCD92CCD8C9D2C7444C2E551BA7EC0DE622C74148C certificate's issuer using AIA.
11:41:19.266 [pool-2-thread-7] DEBUG eu.europa.esig.dss.spi.x509.aia.DefaultAIASource - Loading certificate(s) from 'http://ca.luxtrust.lu/LTQCA.crt'.
11:41:19.267 [pool-2-thread-7] DEBUG eu.europa.esig.dss.spi.x509.aia.DefaultAIASource - Base64 content : MIID8DCCAtigAwIBAgICA+swDQYJKoZIhvcNAQEFBQAwQDELMAkGA1UEBhMCTFUxFjAUBgNVBAoTDUx1eFRydXN0IHMuYS4xGTAXBgNVBAMTEEx1eFRydXN0IHJvb3QgQ0EwHhcNMDgwNjA1MDkyNTI0WhcNMTYxMDE4MTA0MDM0WjBFMQswCQYDVQQGEwJMVTEWMBQGA1UEChMNTHV4VHJ1c3QgUy5BLjEeMBwGA1UEAxMVTHV4VHJ1c3QgUXVhbGlmaWVkIENBMIIBIjANBgkqhkiG9w0BAQEFAAOCAQ8AMIIBCgKCAQEAybFXzA+8RNnvlCd+sZ8BnH6WO3LmaLi419Ygd9VBYcIwLmMx9KgAKF3u4B87Hee5NL4Xvhm/B9DuDUH5OGZ3P2Dwf7putVEvATvW8jzYq6CzarUthzb9ux+KTdTT+d4y6tkgVggy9DBe+bz635oZm2PPQT9kzoR48RBN730KA/MJIa0Sa7ZDphL37WHSA4/TWh9F1/LBRVGC0F4Mg1hU/u+kovF5mTuUK+ncU7+FS0cQRhAD+C4WfLI/WuzuE+T6ZuZ6Iqg6+vqgf6iKwL6iVZmwKkJPvV3+3Wgy3zq5tpDvsIGj4kXd1riQGKsEeDfN8y71DG3OdBqF1Yd7ue7ziwIDAQABo4HuMIHrMA8GA1UdEwQIMAYBAf8CAQAwQgYDVR0gBDswOTA3BggrgSsBAQEBADArMCkGCCsGAQUFBwIBFh1odHRwOi8vcmVwb3NpdG9yeS5sdXh0cnVzdC5sdTARBglghkgBhvhCAQEEBAMCAAcwDgYDVR0PAQH/BAQDAgHGMB8GA1UdIwQYMBaAFN2K1zDx+ZFx6UdwDCXlrKGN34wlMDEGA1UdHwQqMCgwJqAkoCKGIGh0dHA6Ly9jcmwubHV4dHJ1c3QubHUvTFRSQ0EuY3JsMB0GA1UdDgQWBBSNkKMH3RoTd5lMkqtNQ94/zSlkBTANBgkqhkiG9w0BAQUFAAOCAQEAapxOpigXTejGgHBWMAwDBMdZQHpPyoCmw32OIj1qqezO5nDnjG5gfJni/rp5IFMpV//xmCkjqyO92PyYbcHNSUpP1SjCkyn10e6ipmzpXK0MbgFvIPglAgA5dXxTNf0Q77eWu36fz5VKQEmJzqoXTccq4nuLL9rLZ88YUlczMaWscETIZCB4kecKVyqHf4+T0JucZqX7zzfpiVyTr2M+OGl9qiOmKwBGkzseJt+MgYWrskJADKDZMr4bQxkxnhzCSQoraX7DugxM0fH47MitCc74uZrWIJ6qQjCLBtKzxUGy7B3pYOjLlThr7S64cd12yuR+NjHAFZ2DTXwxKg/FQg==
11:41:19.267 [pool-2-thread-7] DEBUG eu.europa.esig.dss.spi.x509.aia.DefaultAIASource - 1 certificate(s) loaded from 'http://ca.luxtrust.lu/LTQCA.crt'
11:41:19.271 [pool-2-thread-6] INFO eu.europa.esig.dss.validation.AIACertificateSource - Retrieving C-FE5D1FDE82820AC69F0265808C4E694ACF0AFA056B56A4EA84984D52A85BF7D7 certificate's issuer using AIA.
11:41:19.271 [pool-2-thread-6] INFO eu.europa.esig.dss.spi.x509.aia.DefaultAIASource - There is no AIA extension for certificate download.
11:41:19.272 [pool-2-thread-6] WARN eu.europa.esig.dss.validation.SignatureValidationContext - No revocation found for the certificate C-D54951FEBBC59D2C2EC01ACCD92CCD8C9D2C7444C2E551BA7EC0DE622C74148C
11:41:19.274 [pool-2-thread-7] INFO eu.europa.esig.dss.validation.AIACertificateSource - Retrieving C-FE5D1FDE82820AC69F0265808C4E694ACF0AFA056B56A4EA84984D52A85BF7D7 certificate's issuer using AIA.
11:41:19.274 [pool-2-thread-7] INFO eu.europa.esig.dss.spi.x509.aia.DefaultAIASource - There is no AIA extension for certificate download.
11:41:19.275 [pool-2-thread-7] WARN eu.europa.esig.dss.validation.SignatureValidationContext - No revocation found for the certificate C-D54951FEBBC59D2C2EC01ACCD92CCD8C9D2C7444C2E551BA7EC0DE622C74148C
11:41:19.275 [pool-2-thread-6] WARN eu.europa.esig.dss.validation.SignatureValidationContext - Issuer not found for certificate C-FE5D1FDE82820AC69F0265808C4E694ACF0AFA056B56A4EA84984D52A85BF7D7
11:41:19.275 [pool-2-thread-6] WARN eu.europa.esig.dss.validation.DiagnosticDataBuilder - Provided CertificateSource configuration contains none of trusted sources of type TRUSTED_STORE or TRUSTED_LIST!
11:41:19.275 [pool-2-thread-6] DEBUG eu.europa.esig.dss.spi.CertificateExtensionsUtils - Unknown non-critical CertificateExtension with OID : '2.16.840.1.113730.1.1'
11:41:19.277 [pool-2-thread-7] WARN eu.europa.esig.dss.validation.SignatureValidationContext - Issuer not found for certificate C-FE5D1FDE82820AC69F0265808C4E694ACF0AFA056B56A4EA84984D52A85BF7D7
11:41:19.284 [pool-2-thread-7] WARN eu.europa.esig.dss.validation.DiagnosticDataBuilder - Provided CertificateSource configuration contains none of trusted sources of type TRUSTED_STORE or TRUSTED_LIST!
11:41:19.288 [pool-2-thread-7] DEBUG eu.europa.esig.dss.spi.CertificateExtensionsUtils - Unknown non-critical CertificateExtension with OID : '2.16.840.1.113730.1.1'
11:41:19.290 [pool-2-thread-7] DEBUG eu.europa.esig.dss.spi.CertificateExtensionsUtils - Unknown non-critical CertificateExtension with OID : '2.16.840.1.113730.1.1'
11:41:19.293 [pool-2-thread-7] WARN eu.europa.esig.dss.detailedreport.DetailedReportMessageCollector - The validation at time 'CERTIFICATE_ISSUANCE_TIME' is not found or not performed!
11:41:19.293 [pool-2-thread-7] WARN eu.europa.esig.dss.detailedreport.DetailedReportMessageCollector - The validation at time 'CERTIFICATE_ISSUANCE_TIME' is not found or not performed!
11:41:19.293 [pool-2-thread-7] WARN eu.europa.esig.dss.detailedreport.DetailedReportMessageCollector - The validation at time 'CERTIFICATE_ISSUANCE_TIME' is not found or not performed!
11:41:19.293 [pool-2-thread-7] WARN eu.europa.esig.dss.detailedreport.DetailedReportMessageCollector - The validation at time 'VALIDATION_TIME' is not found or not performed!
11:41:19.293 [pool-2-thread-7] WARN eu.europa.esig.dss.detailedreport.DetailedReportMessageCollector - The validation at time 'VALIDATION_TIME' is not found or not performed!
11:41:19.293 [pool-2-thread-7] WARN eu.europa.esig.dss.detailedreport.DetailedReportMessageCollector - The validation at time 'VALIDATION_TIME' is not found or not performed!
11:41:19.295 [pool-2-thread-8] INFO eu.europa.esig.dss.validation.CommonCertificateVerifier - + New CommonCertificateVerifier created.
11:41:19.297 [pool-2-thread-8] INFO eu.europa.esig.dss.validation.AIACertificateSource - Retrieving C-D54951FEBBC59D2C2EC01ACCD92CCD8C9D2C7444C2E551BA7EC0DE622C74148C certificate's issuer using AIA.
11:41:19.297 [pool-2-thread-8] DEBUG eu.europa.esig.dss.spi.x509.aia.DefaultAIASource - Loading certificate(s) from 'http://ca.luxtrust.lu/LTQCA.crt'.
11:41:19.298 [pool-2-thread-8] DEBUG eu.europa.esig.dss.spi.x509.aia.DefaultAIASource - Base64 content : MIID8DCCAtigAwIBAgICA+swDQYJKoZIhvcNAQEFBQAwQDELMAkGA1UEBhMCTFUxFjAUBgNVBAoTDUx1eFRydXN0IHMuYS4xGTAXBgNVBAMTEEx1eFRydXN0IHJvb3QgQ0EwHhcNMDgwNjA1MDkyNTI0WhcNMTYxMDE4MTA0MDM0WjBFMQswCQYDVQQGEwJMVTEWMBQGA1UEChMNTHV4VHJ1c3QgUy5BLjEeMBwGA1UEAxMVTHV4VHJ1c3QgUXVhbGlmaWVkIENBMIIBIjANBgkqhkiG9w0BAQEFAAOCAQ8AMIIBCgKCAQEAybFXzA+8RNnvlCd+sZ8BnH6WO3LmaLi419Ygd9VBYcIwLmMx9KgAKF3u4B87Hee5NL4Xvhm/B9DuDUH5OGZ3P2Dwf7putVEvATvW8jzYq6CzarUthzb9ux+KTdTT+d4y6tkgVggy9DBe+bz635oZm2PPQT9kzoR48RBN730KA/MJIa0Sa7ZDphL37WHSA4/TWh9F1/LBRVGC0F4Mg1hU/u+kovF5mTuUK+ncU7+FS0cQRhAD+C4WfLI/WuzuE+T6ZuZ6Iqg6+vqgf6iKwL6iVZmwKkJPvV3+3Wgy3zq5tpDvsIGj4kXd1riQGKsEeDfN8y71DG3OdBqF1Yd7ue7ziwIDAQABo4HuMIHrMA8GA1UdEwQIMAYBAf8CAQAwQgYDVR0gBDswOTA3BggrgSsBAQEBADArMCkGCCsGAQUFBwIBFh1odHRwOi8vcmVwb3NpdG9yeS5sdXh0cnVzdC5sdTARBglghkgBhvhCAQEEBAMCAAcwDgYDVR0PAQH/BAQDAgHGMB8GA1UdIwQYMBaAFN2K1zDx+ZFx6UdwDCXlrKGN34wlMDEGA1UdHwQqMCgwJqAkoCKGIGh0dHA6Ly9jcmwubHV4dHJ1c3QubHUvTFRSQ0EuY3JsMB0GA1UdDgQWBBSNkKMH3RoTd5lMkqtNQ94/zSlkBTANBgkqhkiG9w0BAQUFAAOCAQEAapxOpigXTejGgHBWMAwDBMdZQHpPyoCmw32OIj1qqezO5nDnjG5gfJni/rp5IFMpV//xmCkjqyO92PyYbcHNSUpP1SjCkyn10e6ipmzpXK0MbgFvIPglAgA5dXxTNf0Q77eWu36fz5VKQEmJzqoXTccq4nuLL9rLZ88YUlczMaWscETIZCB4kecKVyqHf4+T0JucZqX7zzfpiVyTr2M+OGl9qiOmKwBGkzseJt+MgYWrskJADKDZMr4bQxkxnhzCSQoraX7DugxM0fH47MitCc74uZrWIJ6qQjCLBtKzxUGy7B3pYOjLlThr7S64cd12yuR+NjHAFZ2DTXwxKg/FQg==
11:41:19.299 [pool-2-thread-8] DEBUG eu.europa.esig.dss.spi.x509.aia.DefaultAIASource - 1 certificate(s) loaded from 'http://ca.luxtrust.lu/LTQCA.crt'
11:41:19.304 [pool-2-thread-6] DEBUG eu.europa.esig.dss.spi.CertificateExtensionsUtils - Unknown non-critical CertificateExtension with OID : '2.16.840.1.113730.1.1'
11:41:19.304 [pool-2-thread-9] INFO eu.europa.esig.dss.validation.CommonCertificateVerifier - + New CommonCertificateVerifier created.
11:41:19.319 [pool-2-thread-6] WARN eu.europa.esig.dss.detailedreport.DetailedReportMessageCollector - The validation at time 'CERTIFICATE_ISSUANCE_TIME' is not found or not performed!
11:41:19.320 [pool-2-thread-6] WARN eu.europa.esig.dss.detailedreport.DetailedReportMessageCollector - The validation at time 'CERTIFICATE_ISSUANCE_TIME' is not found or not performed!
11:41:19.320 [pool-2-thread-6] WARN eu.europa.esig.dss.detailedreport.DetailedReportMessageCollector - The validation at time 'CERTIFICATE_ISSUANCE_TIME' is not found or not performed!
11:41:19.321 [pool-2-thread-6] WARN eu.europa.esig.dss.detailedreport.DetailedReportMessageCollector - The validation at time 'VALIDATION_TIME' is not found or not performed!
11:41:19.321 [pool-2-thread-6] WARN eu.europa.esig.dss.detailedreport.DetailedReportMessageCollector - The validation at time 'VALIDATION_TIME' is not found or not performed!
11:41:19.321 [pool-2-thread-6] WARN eu.europa.esig.dss.detailedreport.DetailedReportMessageCollector - The validation at time 'VALIDATION_TIME' is not found or not performed!
11:41:19.325 [pool-2-thread-9] INFO eu.europa.esig.dss.validation.CommonCertificateVerifier - + New CommonCertificateVerifier created.
11:41:19.325 [pool-2-thread-9] INFO eu.europa.esig.dss.validation.AIACertificateSource - Retrieving C-D54951FEBBC59D2C2EC01ACCD92CCD8C9D2C7444C2E551BA7EC0DE622C74148C certificate's issuer using AIA.
11:41:19.326 [pool-2-thread-9] DEBUG eu.europa.esig.dss.spi.x509.aia.DefaultAIASource - Loading certificate(s) from 'http://ca.luxtrust.lu/LTQCA.crt'.
11:41:19.327 [pool-2-thread-9] DEBUG eu.europa.esig.dss.spi.x509.aia.DefaultAIASource - Base64 content : MIID8DCCAtigAwIBAgICA+swDQYJKoZIhvcNAQEFBQAwQDELMAkGA1UEBhMCTFUxFjAUBgNVBAoTDUx1eFRydXN0IHMuYS4xGTAXBgNVBAMTEEx1eFRydXN0IHJvb3QgQ0EwHhcNMDgwNjA1MDkyNTI0WhcNMTYxMDE4MTA0MDM0WjBFMQswCQYDVQQGEwJMVTEWMBQGA1UEChMNTHV4VHJ1c3QgUy5BLjEeMBwGA1UEAxMVTHV4VHJ1c3QgUXVhbGlmaWVkIENBMIIBIjANBgkqhkiG9w0BAQEFAAOCAQ8AMIIBCgKCAQEAybFXzA+8RNnvlCd+sZ8BnH6WO3LmaLi419Ygd9VBYcIwLmMx9KgAKF3u4B87Hee5NL4Xvhm/B9DuDUH5OGZ3P2Dwf7putVEvATvW8jzYq6CzarUthzb9ux+KTdTT+d4y6tkgVggy9DBe+bz635oZm2PPQT9kzoR48RBN730KA/MJIa0Sa7ZDphL37WHSA4/TWh9F1/LBRVGC0F4Mg1hU/u+kovF5mTuUK+ncU7+FS0cQRhAD+C4WfLI/WuzuE+T6ZuZ6Iqg6+vqgf6iKwL6iVZmwKkJPvV3+3Wgy3zq5tpDvsIGj4kXd1riQGKsEeDfN8y71DG3OdBqF1Yd7ue7ziwIDAQABo4HuMIHrMA8GA1UdEwQIMAYBAf8CAQAwQgYDVR0gBDswOTA3BggrgSsBAQEBADArMCkGCCsGAQUFBwIBFh1odHRwOi8vcmVwb3NpdG9yeS5sdXh0cnVzdC5sdTARBglghkgBhvhCAQEEBAMCAAcwDgYDVR0PAQH/BAQDAgHGMB8GA1UdIwQYMBaAFN2K1zDx+ZFx6UdwDCXlrKGN34wlMDEGA1UdHwQqMCgwJqAkoCKGIGh0dHA6Ly9jcmwubHV4dHJ1c3QubHUvTFRSQ0EuY3JsMB0GA1UdDgQWBBSNkKMH3RoTd5lMkqtNQ94/zSlkBTANBgkqhkiG9w0BAQUFAAOCAQEAapxOpigXTejGgHBWMAwDBMdZQHpPyoCmw32OIj1qqezO5nDnjG5gfJni/rp5IFMpV//xmCkjqyO92PyYbcHNSUpP1SjCkyn10e6ipmzpXK0MbgFvIPglAgA5dXxTNf0Q77eWu36fz5VKQEmJzqoXTccq4nuLL9rLZ88YUlczMaWscETIZCB4kecKVyqHf4+T0JucZqX7zzfpiVyTr2M+OGl9qiOmKwBGkzseJt+MgYWrskJADKDZMr4bQxkxnhzCSQoraX7DugxM0fH47MitCc74uZrWIJ6qQjCLBtKzxUGy7B3pYOjLlThr7S64cd12yuR+NjHAFZ2DTXwxKg/FQg==
11:41:19.329 [pool-2-thread-9] DEBUG eu.europa.esig.dss.spi.x509.aia.DefaultAIASource - 1 certificate(s) loaded from 'http://ca.luxtrust.lu/LTQCA.crt'
11:41:19.336 [pool-2-thread-8] INFO eu.europa.esig.dss.validation.AIACertificateSource - Retrieving C-FE5D1FDE82820AC69F0265808C4E694ACF0AFA056B56A4EA84984D52A85BF7D7 certificate's issuer using AIA.
11:41:19.336 [pool-2-thread-8] INFO eu.europa.esig.dss.spi.x509.aia.DefaultAIASource - There is no AIA extension for certificate download.
11:41:19.336 [pool-2-thread-8] WARN eu.europa.esig.dss.validation.SignatureValidationContext - No revocation found for the certificate C-D54951FEBBC59D2C2EC01ACCD92CCD8C9D2C7444C2E551BA7EC0DE622C74148C
11:41:19.336 [pool-2-thread-8] WARN eu.europa.esig.dss.validation.SignatureValidationContext - Issuer not found for certificate C-FE5D1FDE82820AC69F0265808C4E694ACF0AFA056B56A4EA84984D52A85BF7D7
11:41:19.336 [pool-2-thread-8] WARN eu.europa.esig.dss.validation.DiagnosticDataBuilder - Provided CertificateSource configuration contains none of trusted sources of type TRUSTED_STORE or TRUSTED_LIST!
11:41:19.337 [pool-2-thread-9] INFO eu.europa.esig.dss.validation.AIACertificateSource - Retrieving C-FE5D1FDE82820AC69F0265808C4E694ACF0AFA056B56A4EA84984D52A85BF7D7 certificate's issuer using AIA.
11:41:19.339 [pool-2-thread-9] INFO eu.europa.esig.dss.spi.x509.aia.DefaultAIASource - There is no AIA extension for certificate download.
11:41:19.339 [pool-2-thread-9] WARN eu.europa.esig.dss.validation.SignatureValidationContext - No revocation found for the certificate C-D54951FEBBC59D2C2EC01ACCD92CCD8C9D2C7444C2E551BA7EC0DE622C74148C
11:41:19.341 [pool-2-thread-9] WARN eu.europa.esig.dss.validation.SignatureValidationContext - Issuer not found for certificate C-FE5D1FDE82820AC69F0265808C4E694ACF0AFA056B56A4EA84984D52A85BF7D7
11:41:19.346 [pool-2-thread-9] WARN eu.europa.esig.dss.validation.DiagnosticDataBuilder - Provided CertificateSource configuration contains none of trusted sources of type TRUSTED_STORE or TRUSTED_LIST!
11:41:19.347 [pool-2-thread-9] DEBUG eu.europa.esig.dss.spi.CertificateExtensionsUtils - Unknown non-critical CertificateExtension with OID : '2.16.840.1.113730.1.1'
11:41:19.364 [pool-2-thread-9] DEBUG eu.europa.esig.dss.spi.CertificateExtensionsUtils - Unknown non-critical CertificateExtension with OID : '2.16.840.1.113730.1.1'
11:41:19.364 [pool-2-thread-8] DEBUG eu.europa.esig.dss.spi.CertificateExtensionsUtils - Unknown non-critical CertificateExtension with OID : '2.16.840.1.113730.1.1'
11:41:19.365 [pool-2-thread-8] DEBUG eu.europa.esig.dss.spi.CertificateExtensionsUtils - Unknown non-critical CertificateExtension with OID : '2.16.840.1.113730.1.1'
11:41:19.366 [pool-2-thread-9] WARN eu.europa.esig.dss.detailedreport.DetailedReportMessageCollector - The validation at time 'CERTIFICATE_ISSUANCE_TIME' is not found or not performed!
11:41:19.366 [pool-2-thread-9] WARN eu.europa.esig.dss.detailedreport.DetailedReportMessageCollector - The validation at time 'CERTIFICATE_ISSUANCE_TIME' is not found or not performed!
11:41:19.366 [pool-2-thread-9] WARN eu.europa.esig.dss.detailedreport.DetailedReportMessageCollector - The validation at time 'CERTIFICATE_ISSUANCE_TIME' is not found or not performed!
11:41:19.366 [pool-2-thread-9] WARN eu.europa.esig.dss.detailedreport.DetailedReportMessageCollector - The validation at time 'VALIDATION_TIME' is not found or not performed!
11:41:19.366 [pool-2-thread-9] WARN eu.europa.esig.dss.detailedreport.DetailedReportMessageCollector - The validation at time 'VALIDATION_TIME' is not found or not performed!
11:41:19.366 [pool-2-thread-9] WARN eu.europa.esig.dss.detailedreport.DetailedReportMessageCollector - The validation at time 'VALIDATION_TIME' is not found or not performed!
11:41:19.367 [pool-2-thread-8] WARN eu.europa.esig.dss.detailedreport.DetailedReportMessageCollector - The validation at time 'CERTIFICATE_ISSUANCE_TIME' is not found or not performed!
11:41:19.367 [pool-2-thread-8] WARN eu.europa.esig.dss.detailedreport.DetailedReportMessageCollector - The validation at time 'CERTIFICATE_ISSUANCE_TIME' is not found or not performed!
11:41:19.367 [pool-2-thread-8] WARN eu.europa.esig.dss.detailedreport.DetailedReportMessageCollector - The validation at time 'CERTIFICATE_ISSUANCE_TIME' is not found or not performed!
11:41:19.367 [pool-2-thread-8] WARN eu.europa.esig.dss.detailedreport.DetailedReportMessageCollector - The validation at time 'VALIDATION_TIME' is not found or not performed!
11:41:19.367 [pool-2-thread-8] WARN eu.europa.esig.dss.detailedreport.DetailedReportMessageCollector - The validation at time 'VALIDATION_TIME' is not found or not performed!
11:41:19.367 [pool-2-thread-8] WARN eu.europa.esig.dss.detailedreport.DetailedReportMessageCollector - The validation at time 'VALIDATION_TIME' is not found or not performed!
11:41:19.387 [pool-2-thread-10] INFO eu.europa.esig.dss.validation.CommonCertificateVerifier - + New CommonCertificateVerifier created.
11:41:19.399 [pool-2-thread-4] INFO eu.europa.esig.dss.validation.CommonCertificateVerifier - + New CommonCertificateVerifier created.
11:41:19.399 [pool-2-thread-8] INFO eu.europa.esig.dss.validation.CommonCertificateVerifier - + New CommonCertificateVerifier created.
11:41:19.405 [pool-2-thread-11] INFO eu.europa.esig.dss.validation.CommonCertificateVerifier - + New CommonCertificateVerifier created.
11:41:19.408 [pool-2-thread-1] INFO eu.europa.esig.dss.validation.CommonCertificateVerifier - + New CommonCertificateVerifier created.
11:41:19.409 [pool-2-thread-5] INFO eu.europa.esig.dss.validation.CommonCertificateVerifier - + New CommonCertificateVerifier created.
11:41:19.412 [pool-2-thread-16] INFO eu.europa.esig.dss.validation.CommonCertificateVerifier - + New CommonCertificateVerifier created.
11:41:19.412 [pool-2-thread-15] INFO eu.europa.esig.dss.validation.CommonCertificateVerifier - + New CommonCertificateVerifier created.
11:41:19.415 [pool-2-thread-6] INFO eu.europa.esig.dss.validation.CommonCertificateVerifier - + New CommonCertificateVerifier created.
11:41:19.416 [pool-2-thread-12] INFO eu.europa.esig.dss.validation.CommonCertificateVerifier - + New CommonCertificateVerifier created.
11:41:19.418 [pool-2-thread-3] INFO eu.europa.esig.dss.validation.CommonCertificateVerifier - + New CommonCertificateVerifier created.
11:41:19.418 [pool-2-thread-2] INFO eu.europa.esig.dss.validation.CommonCertificateVerifier - + New CommonCertificateVerifier created.
11:41:19.421 [pool-2-thread-9] INFO eu.europa.esig.dss.validation.CommonCertificateVerifier - + New CommonCertificateVerifier created.
11:41:19.422 [pool-2-thread-13] INFO eu.europa.esig.dss.validation.CommonCertificateVerifier - + New CommonCertificateVerifier created.
11:41:19.423 [pool-2-thread-19] INFO eu.europa.esig.dss.validation.CommonCertificateVerifier - + New CommonCertificateVerifier created.
11:41:19.428 [pool-2-thread-17] INFO eu.europa.esig.dss.validation.CommonCertificateVerifier - + New CommonCertificateVerifier created.
11:41:19.446 [pool-2-thread-18] INFO eu.europa.esig.dss.validation.CommonCertificateVerifier - + New CommonCertificateVerifier created.
11:41:19.449 [pool-2-thread-7] INFO eu.europa.esig.dss.validation.CommonCertificateVerifier - + New CommonCertificateVerifier created.
11:41:19.449 [pool-2-thread-10] INFO eu.europa.esig.dss.validation.CommonCertificateVerifier - + New CommonCertificateVerifier created.
11:41:19.450 [pool-2-thread-10] INFO eu.europa.esig.dss.validation.AIACertificateSource - Retrieving C-D54951FEBBC59D2C2EC01ACCD92CCD8C9D2C7444C2E551BA7EC0DE622C74148C certificate's issuer using AIA.
11:41:19.450 [pool-2-thread-10] DEBUG eu.europa.esig.dss.spi.x509.aia.DefaultAIASource - Loading certificate(s) from 'http://ca.luxtrust.lu/LTQCA.crt'.
11:41:19.450 [pool-2-thread-10] DEBUG eu.europa.esig.dss.spi.x509.aia.DefaultAIASource - Base64 content : MIID8DCCAtigAwIBAgICA+swDQYJKoZIhvcNAQEFBQAwQDELMAkGA1UEBhMCTFUxFjAUBgNVBAoTDUx1eFRydXN0IHMuYS4xGTAXBgNVBAMTEEx1eFRydXN0IHJvb3QgQ0EwHhcNMDgwNjA1MDkyNTI0WhcNMTYxMDE4MTA0MDM0WjBFMQswCQYDVQQGEwJMVTEWMBQGA1UEChMNTHV4VHJ1c3QgUy5BLjEeMBwGA1UEAxMVTHV4VHJ1c3QgUXVhbGlmaWVkIENBMIIBIjANBgkqhkiG9w0BAQEFAAOCAQ8AMIIBCgKCAQEAybFXzA+8RNnvlCd+sZ8BnH6WO3LmaLi419Ygd9VBYcIwLmMx9KgAKF3u4B87Hee5NL4Xvhm/B9DuDUH5OGZ3P2Dwf7putVEvATvW8jzYq6CzarUthzb9ux+KTdTT+d4y6tkgVggy9DBe+bz635oZm2PPQT9kzoR48RBN730KA/MJIa0Sa7ZDphL37WHSA4/TWh9F1/LBRVGC0F4Mg1hU/u+kovF5mTuUK+ncU7+FS0cQRhAD+C4WfLI/WuzuE+T6ZuZ6Iqg6+vqgf6iKwL6iVZmwKkJPvV3+3Wgy3zq5tpDvsIGj4kXd1riQGKsEeDfN8y71DG3OdBqF1Yd7ue7ziwIDAQABo4HuMIHrMA8GA1UdEwQIMAYBAf8CAQAwQgYDVR0gBDswOTA3BggrgSsBAQEBADArMCkGCCsGAQUFBwIBFh1odHRwOi8vcmVwb3NpdG9yeS5sdXh0cnVzdC5sdTARBglghkgBhvhCAQEEBAMCAAcwDgYDVR0PAQH/BAQDAgHGMB8GA1UdIwQYMBaAFN2K1zDx+ZFx6UdwDCXlrKGN34wlMDEGA1UdHwQqMCgwJqAkoCKGIGh0dHA6Ly9jcmwubHV4dHJ1c3QubHUvTFRSQ0EuY3JsMB0GA1UdDgQWBBSNkKMH3RoTd5lMkqtNQ94/zSlkBTANBgkqhkiG9w0BAQUFAAOCAQEAapxOpigXTejGgHBWMAwDBMdZQHpPyoCmw32OIj1qqezO5nDnjG5gfJni/rp5IFMpV//xmCkjqyO92PyYbcHNSUpP1SjCkyn10e6ipmzpXK0MbgFvIPglAgA5dXxTNf0Q77eWu36fz5VKQEmJzqoXTccq4nuLL9rLZ88YUlczMaWscETIZCB4kecKVyqHf4+T0JucZqX7zzfpiVyTr2M+OGl9qiOmKwBGkzseJt+MgYWrskJADKDZMr4bQxkxnhzCSQoraX7DugxM0fH47MitCc74uZrWIJ6qQjCLBtKzxUGy7B3pYOjLlThr7S64cd12yuR+NjHAFZ2DTXwxKg/FQg==
11:41:19.451 [pool-2-thread-10] DEBUG eu.europa.esig.dss.spi.x509.aia.DefaultAIASource - 1 certificate(s) loaded from 'http://ca.luxtrust.lu/LTQCA.crt'
11:41:19.452 [pool-2-thread-10] INFO eu.europa.esig.dss.validation.AIACertificateSource - Retrieving C-FE5D1FDE82820AC69F0265808C4E694ACF0AFA056B56A4EA84984D52A85BF7D7 certificate's issuer using AIA.
11:41:19.452 [pool-2-thread-10] INFO eu.europa.esig.dss.spi.x509.aia.DefaultAIASource - There is no AIA extension for certificate download.
11:41:19.452 [pool-2-thread-10] WARN eu.europa.esig.dss.validation.SignatureValidationContext - No revocation found for the certificate C-D54951FEBBC59D2C2EC01ACCD92CCD8C9D2C7444C2E551BA7EC0DE622C74148C
11:41:19.456 [pool-2-thread-20] INFO eu.europa.esig.dss.validation.CommonCertificateVerifier - + New CommonCertificateVerifier created.
11:41:19.467 [pool-2-thread-15] INFO eu.europa.esig.dss.validation.CommonCertificateVerifier - + New CommonCertificateVerifier created.
11:41:19.468 [pool-2-thread-15] INFO eu.europa.esig.dss.validation.AIACertificateSource - Retrieving C-D54951FEBBC59D2C2EC01ACCD92CCD8C9D2C7444C2E551BA7EC0DE622C74148C certificate's issuer using AIA.
11:41:19.468 [pool-2-thread-15] DEBUG eu.europa.esig.dss.spi.x509.aia.DefaultAIASource - Loading certificate(s) from 'http://ca.luxtrust.lu/LTQCA.crt'.
11:41:19.468 [pool-2-thread-15] DEBUG eu.europa.esig.dss.spi.x509.aia.DefaultAIASource - Base64 content : MIID8DCCAtigAwIBAgICA+swDQYJKoZIhvcNAQEFBQAwQDELMAkGA1UEBhMCTFUxFjAUBgNVBAoTDUx1eFRydXN0IHMuYS4xGTAXBgNVBAMTEEx1eFRydXN0IHJvb3QgQ0EwHhcNMDgwNjA1MDkyNTI0WhcNMTYxMDE4MTA0MDM0WjBFMQswCQYDVQQGEwJMVTEWMBQGA1UEChMNTHV4VHJ1c3QgUy5BLjEeMBwGA1UEAxMVTHV4VHJ1c3QgUXVhbGlmaWVkIENBMIIBIjANBgkqhkiG9w0BAQEFAAOCAQ8AMIIBCgKCAQEAybFXzA+8RNnvlCd+sZ8BnH6WO3LmaLi419Ygd9VBYcIwLmMx9KgAKF3u4B87Hee5NL4Xvhm/B9DuDUH5OGZ3P2Dwf7putVEvATvW8jzYq6CzarUthzb9ux+KTdTT+d4y6tkgVggy9DBe+bz635oZm2PPQT9kzoR48RBN730KA/MJIa0Sa7ZDphL37WHSA4/TWh9F1/LBRVGC0F4Mg1hU/u+kovF5mTuUK+ncU7+FS0cQRhAD+C4WfLI/WuzuE+T6ZuZ6Iqg6+vqgf6iKwL6iVZmwKkJPvV3+3Wgy3zq5tpDvsIGj4kXd1riQGKsEeDfN8y71DG3OdBqF1Yd7ue7ziwIDAQABo4HuMIHrMA8GA1UdEwQIMAYBAf8CAQAwQgYDVR0gBDswOTA3BggrgSsBAQEBADArMCkGCCsGAQUFBwIBFh1odHRwOi8vcmVwb3NpdG9yeS5sdXh0cnVzdC5sdTARBglghkgBhvhCAQEEBAMCAAcwDgYDVR0PAQH/BAQDAgHGMB8GA1UdIwQYMBaAFN2K1zDx+ZFx6UdwDCXlrKGN34wlMDEGA1UdHwQqMCgwJqAkoCKGIGh0dHA6Ly9jcmwubHV4dHJ1c3QubHUvTFRSQ0EuY3JsMB0GA1UdDgQWBBSNkKMH3RoTd5lMkqtNQ94/zSlkBTANBgkqhkiG9w0BAQUFAAOCAQEAapxOpigXTejGgHBWMAwDBMdZQHpPyoCmw32OIj1qqezO5nDnjG5gfJni/rp5IFMpV//xmCkjqyO92PyYbcHNSUpP1SjCkyn10e6ipmzpXK0MbgFvIPglAgA5dXxTNf0Q77eWu36fz5VKQEmJzqoXTccq4nuLL9rLZ88YUlczMaWscETIZCB4kecKVyqHf4+T0JucZqX7zzfpiVyTr2M+OGl9qiOmKwBGkzseJt+MgYWrskJADKDZMr4bQxkxnhzCSQoraX7DugxM0fH47MitCc74uZrWIJ6qQjCLBtKzxUGy7B3pYOjLlThr7S64cd12yuR+NjHAFZ2DTXwxKg/FQg==
11:41:19.468 [pool-2-thread-15] DEBUG eu.europa.esig.dss.spi.x509.aia.DefaultAIASource - 1 certificate(s) loaded from 'http://ca.luxtrust.lu/LTQCA.crt'
11:41:19.470 [pool-2-thread-11] INFO eu.europa.esig.dss.validation.CommonCertificateVerifier - + New CommonCertificateVerifier created.
11:41:19.470 [pool-2-thread-15] INFO eu.europa.esig.dss.validation.AIACertificateSource - Retrieving C-FE5D1FDE82820AC69F0265808C4E694ACF0AFA056B56A4EA84984D52A85BF7D7 certificate's issuer using AIA.
11:41:19.470 [pool-2-thread-15] INFO eu.europa.esig.dss.spi.x509.aia.DefaultAIASource - There is no AIA extension for certificate download.
11:41:19.470 [pool-2-thread-15] WARN eu.europa.esig.dss.validation.SignatureValidationContext - No revocation found for the certificate C-D54951FEBBC59D2C2EC01ACCD92CCD8C9D2C7444C2E551BA7EC0DE622C74148C
11:41:19.470 [pool-2-thread-11] INFO eu.europa.esig.dss.validation.AIACertificateSource - Retrieving C-D54951FEBBC59D2C2EC01ACCD92CCD8C9D2C7444C2E551BA7EC0DE622C74148C certificate's issuer using AIA.
11:41:19.470 [pool-2-thread-11] DEBUG eu.europa.esig.dss.spi.x509.aia.DefaultAIASource - Loading certificate(s) from 'http://ca.luxtrust.lu/LTQCA.crt'.
11:41:19.470 [pool-2-thread-11] DEBUG eu.europa.esig.dss.spi.x509.aia.DefaultAIASource - Base64 content : MIID8DCCAtigAwIBAgICA+swDQYJKoZIhvcNAQEFBQAwQDELMAkGA1UEBhMCTFUxFjAUBgNVBAoTDUx1eFRydXN0IHMuYS4xGTAXBgNVBAMTEEx1eFRydXN0IHJvb3QgQ0EwHhcNMDgwNjA1MDkyNTI0WhcNMTYxMDE4MTA0MDM0WjBFMQswCQYDVQQGEwJMVTEWMBQGA1UEChMNTHV4VHJ1c3QgUy5BLjEeMBwGA1UEAxMVTHV4VHJ1c3QgUXVhbGlmaWVkIENBMIIBIjANBgkqhkiG9w0BAQEFAAOCAQ8AMIIBCgKCAQEAybFXzA+8RNnvlCd+sZ8BnH6WO3LmaLi419Ygd9VBYcIwLmMx9KgAKF3u4B87Hee5NL4Xvhm/B9DuDUH5OGZ3P2Dwf7putVEvATvW8jzYq6CzarUthzb9ux+KTdTT+d4y6tkgVggy9DBe+bz635oZm2PPQT9kzoR48RBN730KA/MJIa0Sa7ZDphL37WHSA4/TWh9F1/LBRVGC0F4Mg1hU/u+kovF5mTuUK+ncU7+FS0cQRhAD+C4WfLI/WuzuE+T6ZuZ6Iqg6+vqgf6iKwL6iVZmwKkJPvV3+3Wgy3zq5tpDvsIGj4kXd1riQGKsEeDfN8y71DG3OdBqF1Yd7ue7ziwIDAQABo4HuMIHrMA8GA1UdEwQIMAYBAf8CAQAwQgYDVR0gBDswOTA3BggrgSsBAQEBADArMCkGCCsGAQUFBwIBFh1odHRwOi8vcmVwb3NpdG9yeS5sdXh0cnVzdC5sdTARBglghkgBhvhCAQEEBAMCAAcwDgYDVR0PAQH/BAQDAgHGMB8GA1UdIwQYMBaAFN2K1zDx+ZFx6UdwDCXlrKGN34wlMDEGA1UdHwQqMCgwJqAkoCKGIGh0dHA6Ly9jcmwubHV4dHJ1c3QubHUvTFRSQ0EuY3JsMB0GA1UdDgQWBBSNkKMH3RoTd5lMkqtNQ94/zSlkBTANBgkqhkiG9w0BAQUFAAOCAQEAapxOpigXTejGgHBWMAwDBMdZQHpPyoCmw32OIj1qqezO5nDnjG5gfJni/rp5IFMpV//xmCkjqyO92PyYbcHNSUpP1SjCkyn10e6ipmzpXK0MbgFvIPglAgA5dXxTNf0Q77eWu36fz5VKQEmJzqoXTccq4nuLL9rLZ88YUlczMaWscETIZCB4kecKVyqHf4+T0JucZqX7zzfpiVyTr2M+OGl9qiOmKwBGkzseJt+MgYWrskJADKDZMr4bQxkxnhzCSQoraX7DugxM0fH47MitCc74uZrWIJ6qQjCLBtKzxUGy7B3pYOjLlThr7S64cd12yuR+NjHAFZ2DTXwxKg/FQg==
11:41:19.471 [pool-2-thread-11] DEBUG eu.europa.esig.dss.spi.x509.aia.DefaultAIASource - 1 certificate(s) loaded from 'http://ca.luxtrust.lu/LTQCA.crt'
11:41:19.471 [pool-2-thread-15] WARN eu.europa.esig.dss.validation.SignatureValidationContext - Issuer not found for certificate C-FE5D1FDE82820AC69F0265808C4E694ACF0AFA056B56A4EA84984D52A85BF7D7
11:41:19.471 [pool-2-thread-15] WARN eu.europa.esig.dss.validation.DiagnosticDataBuilder - Provided CertificateSource configuration contains none of trusted sources of type TRUSTED_STORE or TRUSTED_LIST!
11:41:19.472 [pool-2-thread-15] DEBUG eu.europa.esig.dss.spi.CertificateExtensionsUtils - Unknown non-critical CertificateExtension with OID : '2.16.840.1.113730.1.1'
11:41:19.472 [pool-2-thread-6] INFO eu.europa.esig.dss.validation.CommonCertificateVerifier - + New CommonCertificateVerifier created.
11:41:19.472 [pool-2-thread-11] INFO eu.europa.esig.dss.validation.AIACertificateSource - Retrieving C-FE5D1FDE82820AC69F0265808C4E694ACF0AFA056B56A4EA84984D52A85BF7D7 certificate's issuer using AIA.
11:41:19.472 [pool-2-thread-11] INFO eu.europa.esig.dss.spi.x509.aia.DefaultAIASource - There is no AIA extension for certificate download.
11:41:19.472 [pool-2-thread-11] WARN eu.europa.esig.dss.validation.SignatureValidationContext - No revocation found for the certificate C-D54951FEBBC59D2C2EC01ACCD92CCD8C9D2C7444C2E551BA7EC0DE622C74148C
11:41:19.472 [pool-2-thread-6] INFO eu.europa.esig.dss.validation.AIACertificateSource - Retrieving C-D54951FEBBC59D2C2EC01ACCD92CCD8C9D2C7444C2E551BA7EC0DE622C74148C certificate's issuer using AIA.
11:41:19.472 [pool-2-thread-6] DEBUG eu.europa.esig.dss.spi.x509.aia.DefaultAIASource - Loading certificate(s) from 'http://ca.luxtrust.lu/LTQCA.crt'.
11:41:19.472 [pool-2-thread-15] DEBUG eu.europa.esig.dss.spi.CertificateExtensionsUtils - Unknown non-critical CertificateExtension with OID : '2.16.840.1.113730.1.1'
11:41:19.473 [pool-2-thread-6] DEBUG eu.europa.esig.dss.spi.x509.aia.DefaultAIASource - Base64 content : MIID8DCCAtigAwIBAgICA+swDQYJKoZIhvcNAQEFBQAwQDELMAkGA1UEBhMCTFUxFjAUBgNVBAoTDUx1eFRydXN0IHMuYS4xGTAXBgNVBAMTEEx1eFRydXN0IHJvb3QgQ0EwHhcNMDgwNjA1MDkyNTI0WhcNMTYxMDE4MTA0MDM0WjBFMQswCQYDVQQGEwJMVTEWMBQGA1UEChMNTHV4VHJ1c3QgUy5BLjEeMBwGA1UEAxMVTHV4VHJ1c3QgUXVhbGlmaWVkIENBMIIBIjANBgkqhkiG9w0BAQEFAAOCAQ8AMIIBCgKCAQEAybFXzA+8RNnvlCd+sZ8BnH6WO3LmaLi419Ygd9VBYcIwLmMx9KgAKF3u4B87Hee5NL4Xvhm/B9DuDUH5OGZ3P2Dwf7putVEvATvW8jzYq6CzarUthzb9ux+KTdTT+d4y6tkgVggy9DBe+bz635oZm2PPQT9kzoR48RBN730KA/MJIa0Sa7ZDphL37WHSA4/TWh9F1/LBRVGC0F4Mg1hU/u+kovF5mTuUK+ncU7+FS0cQRhAD+C4WfLI/WuzuE+T6ZuZ6Iqg6+vqgf6iKwL6iVZmwKkJPvV3+3Wgy3zq5tpDvsIGj4kXd1riQGKsEeDfN8y71DG3OdBqF1Yd7ue7ziwIDAQABo4HuMIHrMA8GA1UdEwQIMAYBAf8CAQAwQgYDVR0gBDswOTA3BggrgSsBAQEBADArMCkGCCsGAQUFBwIBFh1odHRwOi8vcmVwb3NpdG9yeS5sdXh0cnVzdC5sdTARBglghkgBhvhCAQEEBAMCAAcwDgYDVR0PAQH/BAQDAgHGMB8GA1UdIwQYMBaAFN2K1zDx+ZFx6UdwDCXlrKGN34wlMDEGA1UdHwQqMCgwJqAkoCKGIGh0dHA6Ly9jcmwubHV4dHJ1c3QubHUvTFRSQ0EuY3JsMB0GA1UdDgQWBBSNkKMH3RoTd5lMkqtNQ94/zSlkBTANBgkqhkiG9w0BAQUFAAOCAQEAapxOpigXTejGgHBWMAwDBMdZQHpPyoCmw32OIj1qqezO5nDnjG5gfJni/rp5IFMpV//xmCkjqyO92PyYbcHNSUpP1SjCkyn10e6ipmzpXK0MbgFvIPglAgA5dXxTNf0Q77eWu36fz5VKQEmJzqoXTccq4nuLL9rLZ88YUlczMaWscETIZCB4kecKVyqHf4+T0JucZqX7zzfpiVyTr2M+OGl9qiOmKwBGkzseJt+MgYWrskJADKDZMr4bQxkxnhzCSQoraX7DugxM0fH47MitCc74uZrWIJ6qQjCLBtKzxUGy7B3pYOjLlThr7S64cd12yuR+NjHAFZ2DTXwxKg/FQg==
11:41:19.473 [pool-2-thread-6] DEBUG eu.europa.esig.dss.spi.x509.aia.DefaultAIASource - 1 certificate(s) loaded from 'http://ca.luxtrust.lu/LTQCA.crt'
11:41:19.473 [pool-2-thread-11] WARN eu.europa.esig.dss.validation.SignatureValidationContext - Issuer not found for certificate C-FE5D1FDE82820AC69F0265808C4E694ACF0AFA056B56A4EA84984D52A85BF7D7
11:41:19.473 [pool-2-thread-11] WARN eu.europa.esig.dss.validation.DiagnosticDataBuilder - Provided CertificateSource configuration contains none of trusted sources of type TRUSTED_STORE or TRUSTED_LIST!
11:41:19.473 [pool-2-thread-15] WARN eu.europa.esig.dss.detailedreport.DetailedReportMessageCollector - The validation at time 'CERTIFICATE_ISSUANCE_TIME' is not found or not performed!
11:41:19.473 [pool-2-thread-15] WARN eu.europa.esig.dss.detailedreport.DetailedReportMessageCollector - The validation at time 'CERTIFICATE_ISSUANCE_TIME' is not found or not performed!
11:41:19.473 [pool-2-thread-15] WARN eu.europa.esig.dss.detailedreport.DetailedReportMessageCollector - The validation at time 'CERTIFICATE_ISSUANCE_TIME' is not found or not performed!
11:41:19.473 [pool-2-thread-15] WARN eu.europa.esig.dss.detailedreport.DetailedReportMessageCollector - The validation at time 'VALIDATION_TIME' is not found or not performed!
11:41:19.473 [pool-2-thread-15] WARN eu.europa.esig.dss.detailedreport.DetailedReportMessageCollector - The validation at time 'VALIDATION_TIME' is not found or not performed!
11:41:19.473 [pool-2-thread-15] WARN eu.europa.esig.dss.detailedreport.DetailedReportMessageCollector - The validation at time 'VALIDATION_TIME' is not found or not performed!
11:41:19.474 [pool-2-thread-4] INFO eu.europa.esig.dss.validation.CommonCertificateVerifier - + New CommonCertificateVerifier created.
11:41:19.474 [pool-2-thread-11] DEBUG eu.europa.esig.dss.spi.CertificateExtensionsUtils - Unknown non-critical CertificateExtension with OID : '2.16.840.1.113730.1.1'
11:41:19.474 [pool-2-thread-4] INFO eu.europa.esig.dss.validation.AIACertificateSource - Retrieving C-D54951FEBBC59D2C2EC01ACCD92CCD8C9D2C7444C2E551BA7EC0DE622C74148C certificate's issuer using AIA.
11:41:19.474 [pool-2-thread-6] INFO eu.europa.esig.dss.validation.AIACertificateSource - Retrieving C-FE5D1FDE82820AC69F0265808C4E694ACF0AFA056B56A4EA84984D52A85BF7D7 certificate's issuer using AIA.
11:41:19.474 [pool-2-thread-6] INFO eu.europa.esig.dss.spi.x509.aia.DefaultAIASource - There is no AIA extension for certificate download.
11:41:19.474 [pool-2-thread-4] DEBUG eu.europa.esig.dss.spi.x509.aia.DefaultAIASource - Loading certificate(s) from 'http://ca.luxtrust.lu/LTQCA.crt'.
11:41:19.474 [pool-2-thread-6] WARN eu.europa.esig.dss.validation.SignatureValidationContext - No revocation found for the certificate C-D54951FEBBC59D2C2EC01ACCD92CCD8C9D2C7444C2E551BA7EC0DE622C74148C
11:41:19.475 [pool-2-thread-4] DEBUG eu.europa.esig.dss.spi.x509.aia.DefaultAIASource - Base64 content : MIID8DCCAtigAwIBAgICA+swDQYJKoZIhvcNAQEFBQAwQDELMAkGA1UEBhMCTFUxFjAUBgNVBAoTDUx1eFRydXN0IHMuYS4xGTAXBgNVBAMTEEx1eFRydXN0IHJvb3QgQ0EwHhcNMDgwNjA1MDkyNTI0WhcNMTYxMDE4MTA0MDM0WjBFMQswCQYDVQQGEwJMVTEWMBQGA1UEChMNTHV4VHJ1c3QgUy5BLjEeMBwGA1UEAxMVTHV4VHJ1c3QgUXVhbGlmaWVkIENBMIIBIjANBgkqhkiG9w0BAQEFAAOCAQ8AMIIBCgKCAQEAybFXzA+8RNnvlCd+sZ8BnH6WO3LmaLi419Ygd9VBYcIwLmMx9KgAKF3u4B87Hee5NL4Xvhm/B9DuDUH5OGZ3P2Dwf7putVEvATvW8jzYq6CzarUthzb9ux+KTdTT+d4y6tkgVggy9DBe+bz635oZm2PPQT9kzoR48RBN730KA/MJIa0Sa7ZDphL37WHSA4/TWh9F1/LBRVGC0F4Mg1hU/u+kovF5mTuUK+ncU7+FS0cQRhAD+C4WfLI/WuzuE+T6ZuZ6Iqg6+vqgf6iKwL6iVZmwKkJPvV3+3Wgy3zq5tpDvsIGj4kXd1riQGKsEeDfN8y71DG3OdBqF1Yd7ue7ziwIDAQABo4HuMIHrMA8GA1UdEwQIMAYBAf8CAQAwQgYDVR0gBDswOTA3BggrgSsBAQEBADArMCkGCCsGAQUFBwIBFh1odHRwOi8vcmVwb3NpdG9yeS5sdXh0cnVzdC5sdTARBglghkgBhvhCAQEEBAMCAAcwDgYDVR0PAQH/BAQDAgHGMB8GA1UdIwQYMBaAFN2K1zDx+ZFx6UdwDCXlrKGN34wlMDEGA1UdHwQqMCgwJqAkoCKGIGh0dHA6Ly9jcmwubHV4dHJ1c3QubHUvTFRSQ0EuY3JsMB0GA1UdDgQWBBSNkKMH3RoTd5lMkqtNQ94/zSlkBTANBgkqhkiG9w0BAQUFAAOCAQEAapxOpigXTejGgHBWMAwDBMdZQHpPyoCmw32OIj1qqezO5nDnjG5gfJni/rp5IFMpV//xmCkjqyO92PyYbcHNSUpP1SjCkyn10e6ipmzpXK0MbgFvIPglAgA5dXxTNf0Q77eWu36fz5VKQEmJzqoXTccq4nuLL9rLZ88YUlczMaWscETIZCB4kecKVyqHf4+T0JucZqX7zzfpiVyTr2M+OGl9qiOmKwBGkzseJt+MgYWrskJADKDZMr4bQxkxnhzCSQoraX7DugxM0fH47MitCc74uZrWIJ6qQjCLBtKzxUGy7B3pYOjLlThr7S64cd12yuR+NjHAFZ2DTXwxKg/FQg==
11:41:19.475 [pool-2-thread-11] DEBUG eu.europa.esig.dss.spi.CertificateExtensionsUtils - Unknown non-critical CertificateExtension with OID : '2.16.840.1.113730.1.1'
11:41:19.475 [pool-2-thread-4] DEBUG eu.europa.esig.dss.spi.x509.aia.DefaultAIASource - 1 certificate(s) loaded from 'http://ca.luxtrust.lu/LTQCA.crt'
11:41:19.475 [pool-2-thread-6] WARN eu.europa.esig.dss.validation.SignatureValidationContext - Issuer not found for certificate C-FE5D1FDE82820AC69F0265808C4E694ACF0AFA056B56A4EA84984D52A85BF7D7
11:41:19.475 [pool-2-thread-6] WARN eu.europa.esig.dss.validation.DiagnosticDataBuilder - Provided CertificateSource configuration contains none of trusted sources of type TRUSTED_STORE or TRUSTED_LIST!
11:41:19.475 [pool-2-thread-11] WARN eu.europa.esig.dss.detailedreport.DetailedReportMessageCollector - The validation at time 'CERTIFICATE_ISSUANCE_TIME' is not found or not performed!
11:41:19.476 [pool-2-thread-11] WARN eu.europa.esig.dss.detailedreport.DetailedReportMessageCollector - The validation at time 'CERTIFICATE_ISSUANCE_TIME' is not found or not performed!
11:41:19.476 [pool-2-thread-11] WARN eu.europa.esig.dss.detailedreport.DetailedReportMessageCollector - The validation at time 'CERTIFICATE_ISSUANCE_TIME' is not found or not performed!
11:41:19.476 [pool-2-thread-11] WARN eu.europa.esig.dss.detailedreport.DetailedReportMessageCollector - The validation at time 'VALIDATION_TIME' is not found or not performed!
11:41:19.476 [pool-2-thread-11] WARN eu.europa.esig.dss.detailedreport.DetailedReportMessageCollector - The validation at time 'VALIDATION_TIME' is not found or not performed!
11:41:19.476 [pool-2-thread-11] WARN eu.europa.esig.dss.detailedreport.DetailedReportMessageCollector - The validation at time 'VALIDATION_TIME' is not found or not performed!
11:41:19.476 [pool-2-thread-6] DEBUG eu.europa.esig.dss.spi.CertificateExtensionsUtils - Unknown non-critical CertificateExtension with OID : '2.16.840.1.113730.1.1'
11:41:19.476 [pool-2-thread-4] INFO eu.europa.esig.dss.validation.AIACertificateSource - Retrieving C-FE5D1FDE82820AC69F0265808C4E694ACF0AFA056B56A4EA84984D52A85BF7D7 certificate's issuer using AIA.
11:41:19.476 [pool-2-thread-4] INFO eu.europa.esig.dss.spi.x509.aia.DefaultAIASource - There is no AIA extension for certificate download.
11:41:19.476 [pool-2-thread-4] WARN eu.europa.esig.dss.validation.SignatureValidationContext - No revocation found for the certificate C-D54951FEBBC59D2C2EC01ACCD92CCD8C9D2C7444C2E551BA7EC0DE622C74148C
11:41:19.478 [pool-2-thread-6] DEBUG eu.europa.esig.dss.spi.CertificateExtensionsUtils - Unknown non-critical CertificateExtension with OID : '2.16.840.1.113730.1.1'
11:41:19.479 [pool-2-thread-4] WARN eu.europa.esig.dss.validation.SignatureValidationContext - Issuer not found for certificate C-FE5D1FDE82820AC69F0265808C4E694ACF0AFA056B56A4EA84984D52A85BF7D7
11:41:19.479 [pool-2-thread-4] WARN eu.europa.esig.dss.validation.DiagnosticDataBuilder - Provided CertificateSource configuration contains none of trusted sources of type TRUSTED_STORE or TRUSTED_LIST!
11:41:19.480 [pool-2-thread-4] DEBUG eu.europa.esig.dss.spi.CertificateExtensionsUtils - Unknown non-critical CertificateExtension with OID : '2.16.840.1.113730.1.1'
11:41:19.480 [pool-2-thread-6] WARN eu.europa.esig.dss.detailedreport.DetailedReportMessageCollector - The validation at time 'CERTIFICATE_ISSUANCE_TIME' is not found or not performed!
11:41:19.480 [pool-2-thread-6] WARN eu.europa.esig.dss.detailedreport.DetailedReportMessageCollector - The validation at time 'CERTIFICATE_ISSUANCE_TIME' is not found or not performed!
11:41:19.481 [pool-2-thread-6] WARN eu.europa.esig.dss.detailedreport.DetailedReportMessageCollector - The validation at time 'CERTIFICATE_ISSUANCE_TIME' is not found or not performed!
11:41:19.481 [pool-2-thread-6] WARN eu.europa.esig.dss.detailedreport.DetailedReportMessageCollector - The validation at time 'VALIDATION_TIME' is not found or not performed!
11:41:19.481 [pool-2-thread-6] WARN eu.europa.esig.dss.detailedreport.DetailedReportMessageCollector - The validation at time 'VALIDATION_TIME' is not found or not performed!
11:41:19.481 [pool-2-thread-6] WARN eu.europa.esig.dss.detailedreport.DetailedReportMessageCollector - The validation at time 'VALIDATION_TIME' is not found or not performed!
11:41:19.481 [pool-2-thread-4] DEBUG eu.europa.esig.dss.spi.CertificateExtensionsUtils - Unknown non-critical CertificateExtension with OID : '2.16.840.1.113730.1.1'
11:41:19.488 [pool-2-thread-1] INFO eu.europa.esig.dss.validation.CommonCertificateVerifier - + New CommonCertificateVerifier created.
11:41:19.488 [pool-2-thread-16] INFO eu.europa.esig.dss.validation.CommonCertificateVerifier - + New CommonCertificateVerifier created.
11:41:19.489 [pool-2-thread-16] INFO eu.europa.esig.dss.validation.AIACertificateSource - Retrieving C-D54951FEBBC59D2C2EC01ACCD92CCD8C9D2C7444C2E551BA7EC0DE622C74148C certificate's issuer using AIA.
11:41:19.489 [pool-2-thread-16] DEBUG eu.europa.esig.dss.spi.x509.aia.DefaultAIASource - Loading certificate(s) from 'http://ca.luxtrust.lu/LTQCA.crt'.
11:41:19.490 [pool-2-thread-12] INFO eu.europa.esig.dss.validation.CommonCertificateVerifier - + New CommonCertificateVerifier created.
11:41:19.490 [pool-2-thread-12] INFO eu.europa.esig.dss.validation.AIACertificateSource - Retrieving C-D54951FEBBC59D2C2EC01ACCD92CCD8C9D2C7444C2E551BA7EC0DE622C74148C certificate's issuer using AIA.
11:41:19.490 [pool-2-thread-12] DEBUG eu.europa.esig.dss.spi.x509.aia.DefaultAIASource - Loading certificate(s) from 'http://ca.luxtrust.lu/LTQCA.crt'.
11:41:19.491 [pool-2-thread-12] DEBUG eu.europa.esig.dss.spi.x509.aia.DefaultAIASource - Base64 content : MIID8DCCAtigAwIBAgICA+swDQYJKoZIhvcNAQEFBQAwQDELMAkGA1UEBhMCTFUxFjAUBgNVBAoTDUx1eFRydXN0IHMuYS4xGTAXBgNVBAMTEEx1eFRydXN0IHJvb3QgQ0EwHhcNMDgwNjA1MDkyNTI0WhcNMTYxMDE4MTA0MDM0WjBFMQswCQYDVQQGEwJMVTEWMBQGA1UEChMNTHV4VHJ1c3QgUy5BLjEeMBwGA1UEAxMVTHV4VHJ1c3QgUXVhbGlmaWVkIENBMIIBIjANBgkqhkiG9w0BAQEFAAOCAQ8AMIIBCgKCAQEAybFXzA+8RNnvlCd+sZ8BnH6WO3LmaLi419Ygd9VBYcIwLmMx9KgAKF3u4B87Hee5NL4Xvhm/B9DuDUH5OGZ3P2Dwf7putVEvATvW8jzYq6CzarUthzb9ux+KTdTT+d4y6tkgVggy9DBe+bz635oZm2PPQT9kzoR48RBN730KA/MJIa0Sa7ZDphL37WHSA4/TWh9F1/LBRVGC0F4Mg1hU/u+kovF5mTuUK+ncU7+FS0cQRhAD+C4WfLI/WuzuE+T6ZuZ6Iqg6+vqgf6iKwL6iVZmwKkJPvV3+3Wgy3zq5tpDvsIGj4kXd1riQGKsEeDfN8y71DG3OdBqF1Yd7ue7ziwIDAQABo4HuMIHrMA8GA1UdEwQIMAYBAf8CAQAwQgYDVR0gBDswOTA3BggrgSsBAQEBADArMCkGCCsGAQUFBwIBFh1odHRwOi8vcmVwb3NpdG9yeS5sdXh0cnVzdC5sdTARBglghkgBhvhCAQEEBAMCAAcwDgYDVR0PAQH/BAQDAgHGMB8GA1UdIwQYMBaAFN2K1zDx+ZFx6UdwDCXlrKGN34wlMDEGA1UdHwQqMCgwJqAkoCKGIGh0dHA6Ly9jcmwubHV4dHJ1c3QubHUvTFRSQ0EuY3JsMB0GA1UdDgQWBBSNkKMH3RoTd5lMkqtNQ94/zSlkBTANBgkqhkiG9w0BAQUFAAOCAQEAapxOpigXTejGgHBWMAwDBMdZQHpPyoCmw32OIj1qqezO5nDnjG5gfJni/rp5IFMpV//xmCkjqyO92PyYbcHNSUpP1SjCkyn10e6ipmzpXK0MbgFvIPglAgA5dXxTNf0Q77eWu36fz5VKQEmJzqoXTccq4nuLL9rLZ88YUlczMaWscETIZCB4kecKVyqHf4+T0JucZqX7zzfpiVyTr2M+OGl9qiOmKwBGkzseJt+MgYWrskJADKDZMr4bQxkxnhzCSQoraX7DugxM0fH47MitCc74uZrWIJ6qQjCLBtKzxUGy7B3pYOjLlThr7S64cd12yuR+NjHAFZ2DTXwxKg/FQg==
11:41:19.491 [pool-2-thread-12] DEBUG eu.europa.esig.dss.spi.x509.aia.DefaultAIASource - 1 certificate(s) loaded from 'http://ca.luxtrust.lu/LTQCA.crt'
11:41:19.492 [pool-2-thread-16] DEBUG eu.europa.esig.dss.spi.x509.aia.DefaultAIASource - Base64 content : MIID8DCCAtigAwIBAgICA+swDQYJKoZIhvcNAQEFBQAwQDELMAkGA1UEBhMCTFUxFjAUBgNVBAoTDUx1eFRydXN0IHMuYS4xGTAXBgNVBAMTEEx1eFRydXN0IHJvb3QgQ0EwHhcNMDgwNjA1MDkyNTI0WhcNMTYxMDE4MTA0MDM0WjBFMQswCQYDVQQGEwJMVTEWMBQGA1UEChMNTHV4VHJ1c3QgUy5BLjEeMBwGA1UEAxMVTHV4VHJ1c3QgUXVhbGlmaWVkIENBMIIBIjANBgkqhkiG9w0BAQEFAAOCAQ8AMIIBCgKCAQEAybFXzA+8RNnvlCd+sZ8BnH6WO3LmaLi419Ygd9VBYcIwLmMx9KgAKF3u4B87Hee5NL4Xvhm/B9DuDUH5OGZ3P2Dwf7putVEvATvW8jzYq6CzarUthzb9ux+KTdTT+d4y6tkgVggy9DBe+bz635oZm2PPQT9kzoR48RBN730KA/MJIa0Sa7ZDphL37WHSA4/TWh9F1/LBRVGC0F4Mg1hU/u+kovF5mTuUK+ncU7+FS0cQRhAD+C4WfLI/WuzuE+T6ZuZ6Iqg6+vqgf6iKwL6iVZmwKkJPvV3+3Wgy3zq5tpDvsIGj4kXd1riQGKsEeDfN8y71DG3OdBqF1Yd7ue7ziwIDAQABo4HuMIHrMA8GA1UdEwQIMAYBAf8CAQAwQgYDVR0gBDswOTA3BggrgSsBAQEBADArMCkGCCsGAQUFBwIBFh1odHRwOi8vcmVwb3NpdG9yeS5sdXh0cnVzdC5sdTARBglghkgBhvhCAQEEBAMCAAcwDgYDVR0PAQH/BAQDAgHGMB8GA1UdIwQYMBaAFN2K1zDx+ZFx6UdwDCXlrKGN34wlMDEGA1UdHwQqMCgwJqAkoCKGIGh0dHA6Ly9jcmwubHV4dHJ1c3QubHUvTFRSQ0EuY3JsMB0GA1UdDgQWBBSNkKMH3RoTd5lMkqtNQ94/zSlkBTANBgkqhkiG9w0BAQUFAAOCAQEAapxOpigXTejGgHBWMAwDBMdZQHpPyoCmw32OIj1qqezO5nDnjG5gfJni/rp5IFMpV//xmCkjqyO92PyYbcHNSUpP1SjCkyn10e6ipmzpXK0MbgFvIPglAgA5dXxTNf0Q77eWu36fz5VKQEmJzqoXTccq4nuLL9rLZ88YUlczMaWscETIZCB4kecKVyqHf4+T0JucZqX7zzfpiVyTr2M+OGl9qiOmKwBGkzseJt+MgYWrskJADKDZMr4bQxkxnhzCSQoraX7DugxM0fH47MitCc74uZrWIJ6qQjCLBtKzxUGy7B3pYOjLlThr7S64cd12yuR+NjHAFZ2DTXwxKg/FQg==
11:41:19.492 [pool-2-thread-12] INFO eu.europa.esig.dss.validation.AIACertificateSource - Retrieving C-FE5D1FDE82820AC69F0265808C4E694ACF0AFA056B56A4EA84984D52A85BF7D7 certificate's issuer using AIA.
11:41:19.492 [pool-2-thread-12] INFO eu.europa.esig.dss.spi.x509.aia.DefaultAIASource - There is no AIA extension for certificate download.
11:41:19.492 [pool-2-thread-12] WARN eu.europa.esig.dss.validation.SignatureValidationContext - No revocation found for the certificate C-D54951FEBBC59D2C2EC01ACCD92CCD8C9D2C7444C2E551BA7EC0DE622C74148C
11:41:19.492 [pool-2-thread-16] DEBUG eu.europa.esig.dss.spi.x509.aia.DefaultAIASource - 1 certificate(s) loaded from 'http://ca.luxtrust.lu/LTQCA.crt'
11:41:19.497 [pool-2-thread-14] INFO eu.europa.esig.dss.validation.CommonCertificateVerifier - + New CommonCertificateVerifier created.
11:41:19.498 [pool-2-thread-16] INFO eu.europa.esig.dss.validation.AIACertificateSource - Retrieving C-FE5D1FDE82820AC69F0265808C4E694ACF0AFA056B56A4EA84984D52A85BF7D7 certificate's issuer using AIA.
11:41:19.498 [pool-2-thread-16] INFO eu.europa.esig.dss.spi.x509.aia.DefaultAIASource - There is no AIA extension for certificate download.
11:41:19.498 [pool-2-thread-16] WARN eu.europa.esig.dss.validation.SignatureValidationContext - No revocation found for the certificate C-D54951FEBBC59D2C2EC01ACCD92CCD8C9D2C7444C2E551BA7EC0DE622C74148C
11:41:19.498 [pool-2-thread-1] INFO eu.europa.esig.dss.validation.AIACertificateSource - Retrieving C-D54951FEBBC59D2C2EC01ACCD92CCD8C9D2C7444C2E551BA7EC0DE622C74148C certificate's issuer using AIA.
11:41:19.498 [pool-2-thread-1] DEBUG eu.europa.esig.dss.spi.x509.aia.DefaultAIASource - Loading certificate(s) from 'http://ca.luxtrust.lu/LTQCA.crt'.
11:41:19.499 [pool-2-thread-1] DEBUG eu.europa.esig.dss.spi.x509.aia.DefaultAIASource - Base64 content : MIID8DCCAtigAwIBAgICA+swDQYJKoZIhvcNAQEFBQAwQDELMAkGA1UEBhMCTFUxFjAUBgNVBAoTDUx1eFRydXN0IHMuYS4xGTAXBgNVBAMTEEx1eFRydXN0IHJvb3QgQ0EwHhcNMDgwNjA1MDkyNTI0WhcNMTYxMDE4MTA0MDM0WjBFMQswCQYDVQQGEwJMVTEWMBQGA1UEChMNTHV4VHJ1c3QgUy5BLjEeMBwGA1UEAxMVTHV4VHJ1c3QgUXVhbGlmaWVkIENBMIIBIjANBgkqhkiG9w0BAQEFAAOCAQ8AMIIBCgKCAQEAybFXzA+8RNnvlCd+sZ8BnH6WO3LmaLi419Ygd9VBYcIwLmMx9KgAKF3u4B87Hee5NL4Xvhm/B9DuDUH5OGZ3P2Dwf7putVEvATvW8jzYq6CzarUthzb9ux+KTdTT+d4y6tkgVggy9DBe+bz635oZm2PPQT9kzoR48RBN730KA/MJIa0Sa7ZDphL37WHSA4/TWh9F1/LBRVGC0F4Mg1hU/u+kovF5mTuUK+ncU7+FS0cQRhAD+C4WfLI/WuzuE+T6ZuZ6Iqg6+vqgf6iKwL6iVZmwKkJPvV3+3Wgy3zq5tpDvsIGj4kXd1riQGKsEeDfN8y71DG3OdBqF1Yd7ue7ziwIDAQABo4HuMIHrMA8GA1UdEwQIMAYBAf8CAQAwQgYDVR0gBDswOTA3BggrgSsBAQEBADArMCkGCCsGAQUFBwIBFh1odHRwOi8vcmVwb3NpdG9yeS5sdXh0cnVzdC5sdTARBglghkgBhvhCAQEEBAMCAAcwDgYDVR0PAQH/BAQDAgHGMB8GA1UdIwQYMBaAFN2K1zDx+ZFx6UdwDCXlrKGN34wlMDEGA1UdHwQqMCgwJqAkoCKGIGh0dHA6Ly9jcmwubHV4dHJ1c3QubHUvTFRSQ0EuY3JsMB0GA1UdDgQWBBSNkKMH3RoTd5lMkqtNQ94/zSlkBTANBgkqhkiG9w0BAQUFAAOCAQEAapxOpigXTejGgHBWMAwDBMdZQHpPyoCmw32OIj1qqezO5nDnjG5gfJni/rp5IFMpV//xmCkjqyO92PyYbcHNSUpP1SjCkyn10e6ipmzpXK0MbgFvIPglAgA5dXxTNf0Q77eWu36fz5VKQEmJzqoXTccq4nuLL9rLZ88YUlczMaWscETIZCB4kecKVyqHf4+T0JucZqX7zzfpiVyTr2M+OGl9qiOmKwBGkzseJt+MgYWrskJADKDZMr4bQxkxnhzCSQoraX7DugxM0fH47MitCc74uZrWIJ6qQjCLBtKzxUGy7B3pYOjLlThr7S64cd12yuR+NjHAFZ2DTXwxKg/FQg==
11:41:19.499 [pool-2-thread-16] WARN eu.europa.esig.dss.validation.SignatureValidationContext - Issuer not found for certificate C-FE5D1FDE82820AC69F0265808C4E694ACF0AFA056B56A4EA84984D52A85BF7D7
11:41:19.499 [pool-2-thread-16] WARN eu.europa.esig.dss.validation.DiagnosticDataBuilder - Provided CertificateSource configuration contains none of trusted sources of type TRUSTED_STORE or TRUSTED_LIST!
11:41:19.499 [pool-2-thread-1] DEBUG eu.europa.esig.dss.spi.x509.aia.DefaultAIASource - 1 certificate(s) loaded from 'http://ca.luxtrust.lu/LTQCA.crt'
11:41:19.499 [pool-2-thread-16] DEBUG eu.europa.esig.dss.spi.CertificateExtensionsUtils - Unknown non-critical CertificateExtension with OID : '2.16.840.1.113730.1.1'
11:41:19.501 [pool-2-thread-16] DEBUG eu.europa.esig.dss.spi.CertificateExtensionsUtils - Unknown non-critical CertificateExtension with OID : '2.16.840.1.113730.1.1'
11:41:19.501 [pool-2-thread-1] INFO eu.europa.esig.dss.validation.AIACertificateSource - Retrieving C-FE5D1FDE82820AC69F0265808C4E694ACF0AFA056B56A4EA84984D52A85BF7D7 certificate's issuer using AIA.
11:41:19.501 [pool-2-thread-1] INFO eu.europa.esig.dss.spi.x509.aia.DefaultAIASource - There is no AIA extension for certificate download.
11:41:19.501 [pool-2-thread-1] WARN eu.europa.esig.dss.validation.SignatureValidationContext - No revocation found for the certificate C-D54951FEBBC59D2C2EC01ACCD92CCD8C9D2C7444C2E551BA7EC0DE622C74148C
11:41:19.501 [pool-2-thread-16] WARN eu.europa.esig.dss.detailedreport.DetailedReportMessageCollector - The validation at time 'CERTIFICATE_ISSUANCE_TIME' is not found or not performed!
11:41:19.501 [pool-2-thread-16] WARN eu.europa.esig.dss.detailedreport.DetailedReportMessageCollector - The validation at time 'CERTIFICATE_ISSUANCE_TIME' is not found or not performed!
11:41:19.501 [pool-2-thread-16] WARN eu.europa.esig.dss.detailedreport.DetailedReportMessageCollector - The validation at time 'CERTIFICATE_ISSUANCE_TIME' is not found or not performed!
11:41:19.501 [pool-2-thread-16] WARN eu.europa.esig.dss.detailedreport.DetailedReportMessageCollector - The validation at time 'VALIDATION_TIME' is not found or not performed!
11:41:19.501 [pool-2-thread-16] WARN eu.europa.esig.dss.detailedreport.DetailedReportMessageCollector - The validation at time 'VALIDATION_TIME' is not found or not performed!
11:41:19.501 [pool-2-thread-16] WARN eu.europa.esig.dss.detailedreport.DetailedReportMessageCollector - The validation at time 'VALIDATION_TIME' is not found or not performed!
11:41:19.501 [pool-2-thread-1] WARN eu.europa.esig.dss.validation.SignatureValidationContext - Issuer not found for certificate C-FE5D1FDE82820AC69F0265808C4E694ACF0AFA056B56A4EA84984D52A85BF7D7
11:41:19.502 [pool-2-thread-1] WARN eu.europa.esig.dss.validation.DiagnosticDataBuilder - Provided CertificateSource configuration contains none of trusted sources of type TRUSTED_STORE or TRUSTED_LIST!
11:41:19.502 [pool-2-thread-4] WARN eu.europa.esig.dss.detailedreport.DetailedReportMessageCollector - The validation at time 'CERTIFICATE_ISSUANCE_TIME' is not found or not performed!
11:41:19.502 [pool-2-thread-4] WARN eu.europa.esig.dss.detailedreport.DetailedReportMessageCollector - The validation at time 'CERTIFICATE_ISSUANCE_TIME' is not found or not performed!
11:41:19.502 [pool-2-thread-4] WARN eu.europa.esig.dss.detailedreport.DetailedReportMessageCollector - The validation at time 'CERTIFICATE_ISSUANCE_TIME' is not found or not performed!
11:41:19.502 [pool-2-thread-4] WARN eu.europa.esig.dss.detailedreport.DetailedReportMessageCollector - The validation at time 'VALIDATION_TIME' is not found or not performed!
11:41:19.502 [pool-2-thread-4] WARN eu.europa.esig.dss.detailedreport.DetailedReportMessageCollector - The validation at time 'VALIDATION_TIME' is not found or not performed!
11:41:19.502 [pool-2-thread-4] WARN eu.europa.esig.dss.detailedreport.DetailedReportMessageCollector - The validation at time 'VALIDATION_TIME' is not found or not performed!
11:41:19.502 [pool-2-thread-1] DEBUG eu.europa.esig.dss.spi.CertificateExtensionsUtils - Unknown non-critical CertificateExtension with OID : '2.16.840.1.113730.1.1'
11:41:19.504 [pool-2-thread-1] DEBUG eu.europa.esig.dss.spi.CertificateExtensionsUtils - Unknown non-critical CertificateExtension with OID : '2.16.840.1.113730.1.1'
11:41:19.505 [pool-2-thread-18] INFO eu.europa.esig.dss.validation.CommonCertificateVerifier - + New CommonCertificateVerifier created.
11:41:19.506 [pool-2-thread-18] INFO eu.europa.esig.dss.validation.AIACertificateSource - Retrieving C-D54951FEBBC59D2C2EC01ACCD92CCD8C9D2C7444C2E551BA7EC0DE622C74148C certificate's issuer using AIA.
11:41:19.506 [pool-2-thread-18] DEBUG eu.europa.esig.dss.spi.x509.aia.DefaultAIASource - Loading certificate(s) from 'http://ca.luxtrust.lu/LTQCA.crt'.
11:41:19.506 [pool-2-thread-1] WARN eu.europa.esig.dss.detailedreport.DetailedReportMessageCollector - The validation at time 'CERTIFICATE_ISSUANCE_TIME' is not found or not performed!
11:41:19.506 [pool-2-thread-1] WARN eu.europa.esig.dss.detailedreport.DetailedReportMessageCollector - The validation at time 'CERTIFICATE_ISSUANCE_TIME' is not found or not performed!
11:41:19.506 [pool-2-thread-1] WARN eu.europa.esig.dss.detailedreport.DetailedReportMessageCollector - The validation at time 'CERTIFICATE_ISSUANCE_TIME' is not found or not performed!
11:41:19.506 [pool-2-thread-1] WARN eu.europa.esig.dss.detailedreport.DetailedReportMessageCollector - The validation at time 'VALIDATION_TIME' is not found or not performed!
11:41:19.506 [pool-2-thread-1] WARN eu.europa.esig.dss.detailedreport.DetailedReportMessageCollector - The validation at time 'VALIDATION_TIME' is not found or not performed!
11:41:19.506 [pool-2-thread-1] WARN eu.europa.esig.dss.detailedreport.DetailedReportMessageCollector - The validation at time 'VALIDATION_TIME' is not found or not performed!
11:41:19.506 [pool-2-thread-12] WARN eu.europa.esig.dss.validation.SignatureValidationContext - Issuer not found for certificate C-FE5D1FDE82820AC69F0265808C4E694ACF0AFA056B56A4EA84984D52A85BF7D7
11:41:19.506 [pool-2-thread-12] WARN eu.europa.esig.dss.validation.DiagnosticDataBuilder - Provided CertificateSource configuration contains none of trusted sources of type TRUSTED_STORE or TRUSTED_LIST!
11:41:19.506 [pool-2-thread-18] DEBUG eu.europa.esig.dss.spi.x509.aia.DefaultAIASource - Base64 content : MIID8DCCAtigAwIBAgICA+swDQYJKoZIhvcNAQEFBQAwQDELMAkGA1UEBhMCTFUxFjAUBgNVBAoTDUx1eFRydXN0IHMuYS4xGTAXBgNVBAMTEEx1eFRydXN0IHJvb3QgQ0EwHhcNMDgwNjA1MDkyNTI0WhcNMTYxMDE4MTA0MDM0WjBFMQswCQYDVQQGEwJMVTEWMBQGA1UEChMNTHV4VHJ1c3QgUy5BLjEeMBwGA1UEAxMVTHV4VHJ1c3QgUXVhbGlmaWVkIENBMIIBIjANBgkqhkiG9w0BAQEFAAOCAQ8AMIIBCgKCAQEAybFXzA+8RNnvlCd+sZ8BnH6WO3LmaLi419Ygd9VBYcIwLmMx9KgAKF3u4B87Hee5NL4Xvhm/B9DuDUH5OGZ3P2Dwf7putVEvATvW8jzYq6CzarUthzb9ux+KTdTT+d4y6tkgVggy9DBe+bz635oZm2PPQT9kzoR48RBN730KA/MJIa0Sa7ZDphL37WHSA4/TWh9F1/LBRVGC0F4Mg1hU/u+kovF5mTuUK+ncU7+FS0cQRhAD+C4WfLI/WuzuE+T6ZuZ6Iqg6+vqgf6iKwL6iVZmwKkJPvV3+3Wgy3zq5tpDvsIGj4kXd1riQGKsEeDfN8y71DG3OdBqF1Yd7ue7ziwIDAQABo4HuMIHrMA8GA1UdEwQIMAYBAf8CAQAwQgYDVR0gBDswOTA3BggrgSsBAQEBADArMCkGCCsGAQUFBwIBFh1odHRwOi8vcmVwb3NpdG9yeS5sdXh0cnVzdC5sdTARBglghkgBhvhCAQEEBAMCAAcwDgYDVR0PAQH/BAQDAgHGMB8GA1UdIwQYMBaAFN2K1zDx+ZFx6UdwDCXlrKGN34wlMDEGA1UdHwQqMCgwJqAkoCKGIGh0dHA6Ly9jcmwubHV4dHJ1c3QubHUvTFRSQ0EuY3JsMB0GA1UdDgQWBBSNkKMH3RoTd5lMkqtNQ94/zSlkBTANBgkqhkiG9w0BAQUFAAOCAQEAapxOpigXTejGgHBWMAwDBMdZQHpPyoCmw32OIj1qqezO5nDnjG5gfJni/rp5IFMpV//xmCkjqyO92PyYbcHNSUpP1SjCkyn10e6ipmzpXK0MbgFvIPglAgA5dXxTNf0Q77eWu36fz5VKQEmJzqoXTccq4nuLL9rLZ88YUlczMaWscETIZCB4kecKVyqHf4+T0JucZqX7zzfpiVyTr2M+OGl9qiOmKwBGkzseJt+MgYWrskJADKDZMr4bQxkxnhzCSQoraX7DugxM0fH47MitCc74uZrWIJ6qQjCLBtKzxUGy7B3pYOjLlThr7S64cd12yuR+NjHAFZ2DTXwxKg/FQg==
11:41:19.506 [pool-2-thread-18] DEBUG eu.europa.esig.dss.spi.x509.aia.DefaultAIASource - 1 certificate(s) loaded from 'http://ca.luxtrust.lu/LTQCA.crt'
11:41:19.508 [pool-2-thread-12] DEBUG eu.europa.esig.dss.spi.CertificateExtensionsUtils - Unknown non-critical CertificateExtension with OID : '2.16.840.1.113730.1.1'
11:41:19.508 [pool-2-thread-18] INFO eu.europa.esig.dss.validation.AIACertificateSource - Retrieving C-FE5D1FDE82820AC69F0265808C4E694ACF0AFA056B56A4EA84984D52A85BF7D7 certificate's issuer using AIA.
11:41:19.508 [pool-2-thread-18] INFO eu.europa.esig.dss.spi.x509.aia.DefaultAIASource - There is no AIA extension for certificate download.
11:41:19.508 [pool-2-thread-18] WARN eu.europa.esig.dss.validation.SignatureValidationContext - No revocation found for the certificate C-D54951FEBBC59D2C2EC01ACCD92CCD8C9D2C7444C2E551BA7EC0DE622C74148C
11:41:19.508 [pool-2-thread-12] DEBUG eu.europa.esig.dss.spi.CertificateExtensionsUtils - Unknown non-critical CertificateExtension with OID : '2.16.840.1.113730.1.1'
11:41:19.509 [pool-2-thread-18] WARN eu.europa.esig.dss.validation.SignatureValidationContext - Issuer not found for certificate C-FE5D1FDE82820AC69F0265808C4E694ACF0AFA056B56A4EA84984D52A85BF7D7
11:41:19.509 [pool-2-thread-18] WARN eu.europa.esig.dss.validation.DiagnosticDataBuilder - Provided CertificateSource configuration contains none of trusted sources of type TRUSTED_STORE or TRUSTED_LIST!
11:41:19.510 [pool-2-thread-18] DEBUG eu.europa.esig.dss.spi.CertificateExtensionsUtils - Unknown non-critical CertificateExtension with OID : '2.16.840.1.113730.1.1'
11:41:19.510 [pool-2-thread-12] WARN eu.europa.esig.dss.detailedreport.DetailedReportMessageCollector - The validation at time 'CERTIFICATE_ISSUANCE_TIME' is not found or not performed!
11:41:19.511 [pool-2-thread-12] WARN eu.europa.esig.dss.detailedreport.DetailedReportMessageCollector - The validation at time 'CERTIFICATE_ISSUANCE_TIME' is not found or not performed!
11:41:19.511 [pool-2-thread-12] WARN eu.europa.esig.dss.detailedreport.DetailedReportMessageCollector - The validation at time 'CERTIFICATE_ISSUANCE_TIME' is not found or not performed!
11:41:19.511 [pool-2-thread-12] WARN eu.europa.esig.dss.detailedreport.DetailedReportMessageCollector - The validation at time 'VALIDATION_TIME' is not found or not performed!
11:41:19.511 [pool-2-thread-12] WARN eu.europa.esig.dss.detailedreport.DetailedReportMessageCollector - The validation at time 'VALIDATION_TIME' is not found or not performed!
11:41:19.511 [pool-2-thread-12] WARN eu.europa.esig.dss.detailedreport.DetailedReportMessageCollector - The validation at time 'VALIDATION_TIME' is not found or not performed!
11:41:19.511 [pool-2-thread-18] DEBUG eu.europa.esig.dss.spi.CertificateExtensionsUtils - Unknown non-critical CertificateExtension with OID : '2.16.840.1.113730.1.1'
11:41:19.513 [pool-2-thread-18] WARN eu.europa.esig.dss.detailedreport.DetailedReportMessageCollector - The validation at time 'CERTIFICATE_ISSUANCE_TIME' is not found or not performed!
11:41:19.514 [pool-2-thread-18] WARN eu.europa.esig.dss.detailedreport.DetailedReportMessageCollector - The validation at time 'CERTIFICATE_ISSUANCE_TIME' is not found or not performed!
11:41:19.514 [pool-2-thread-18] WARN eu.europa.esig.dss.detailedreport.DetailedReportMessageCollector - The validation at time 'CERTIFICATE_ISSUANCE_TIME' is not found or not performed!
11:41:19.514 [pool-2-thread-18] WARN eu.europa.esig.dss.detailedreport.DetailedReportMessageCollector - The validation at time 'VALIDATION_TIME' is not found or not performed!
11:41:19.514 [pool-2-thread-18] WARN eu.europa.esig.dss.detailedreport.DetailedReportMessageCollector - The validation at time 'VALIDATION_TIME' is not found or not performed!
11:41:19.514 [pool-2-thread-18] WARN eu.europa.esig.dss.detailedreport.DetailedReportMessageCollector - The validation at time 'VALIDATION_TIME' is not found or not performed!
11:41:19.520 [pool-2-thread-17] INFO eu.europa.esig.dss.validation.CommonCertificateVerifier - + New CommonCertificateVerifier created.
11:41:19.521 [pool-2-thread-17] INFO eu.europa.esig.dss.validation.AIACertificateSource - Retrieving C-D54951FEBBC59D2C2EC01ACCD92CCD8C9D2C7444C2E551BA7EC0DE622C74148C certificate's issuer using AIA.
11:41:19.521 [pool-2-thread-17] DEBUG eu.europa.esig.dss.spi.x509.aia.DefaultAIASource - Loading certificate(s) from 'http://ca.luxtrust.lu/LTQCA.crt'.
11:41:19.521 [pool-2-thread-17] DEBUG eu.europa.esig.dss.spi.x509.aia.DefaultAIASource - Base64 content : MIID8DCCAtigAwIBAgICA+swDQYJKoZIhvcNAQEFBQAwQDELMAkGA1UEBhMCTFUxFjAUBgNVBAoTDUx1eFRydXN0IHMuYS4xGTAXBgNVBAMTEEx1eFRydXN0IHJvb3QgQ0EwHhcNMDgwNjA1MDkyNTI0WhcNMTYxMDE4MTA0MDM0WjBFMQswCQYDVQQGEwJMVTEWMBQGA1UEChMNTHV4VHJ1c3QgUy5BLjEeMBwGA1UEAxMVTHV4VHJ1c3QgUXVhbGlmaWVkIENBMIIBIjANBgkqhkiG9w0BAQEFAAOCAQ8AMIIBCgKCAQEAybFXzA+8RNnvlCd+sZ8BnH6WO3LmaLi419Ygd9VBYcIwLmMx9KgAKF3u4B87Hee5NL4Xvhm/B9DuDUH5OGZ3P2Dwf7putVEvATvW8jzYq6CzarUthzb9ux+KTdTT+d4y6tkgVggy9DBe+bz635oZm2PPQT9kzoR48RBN730KA/MJIa0Sa7ZDphL37WHSA4/TWh9F1/LBRVGC0F4Mg1hU/u+kovF5mTuUK+ncU7+FS0cQRhAD+C4WfLI/WuzuE+T6ZuZ6Iqg6+vqgf6iKwL6iVZmwKkJPvV3+3Wgy3zq5tpDvsIGj4kXd1riQGKsEeDfN8y71DG3OdBqF1Yd7ue7ziwIDAQABo4HuMIHrMA8GA1UdEwQIMAYBAf8CAQAwQgYDVR0gBDswOTA3BggrgSsBAQEBADArMCkGCCsGAQUFBwIBFh1odHRwOi8vcmVwb3NpdG9yeS5sdXh0cnVzdC5sdTARBglghkgBhvhCAQEEBAMCAAcwDgYDVR0PAQH/BAQDAgHGMB8GA1UdIwQYMBaAFN2K1zDx+ZFx6UdwDCXlrKGN34wlMDEGA1UdHwQqMCgwJqAkoCKGIGh0dHA6Ly9jcmwubHV4dHJ1c3QubHUvTFRSQ0EuY3JsMB0GA1UdDgQWBBSNkKMH3RoTd5lMkqtNQ94/zSlkBTANBgkqhkiG9w0BAQUFAAOCAQEAapxOpigXTejGgHBWMAwDBMdZQHpPyoCmw32OIj1qqezO5nDnjG5gfJni/rp5IFMpV//xmCkjqyO92PyYbcHNSUpP1SjCkyn10e6ipmzpXK0MbgFvIPglAgA5dXxTNf0Q77eWu36fz5VKQEmJzqoXTccq4nuLL9rLZ88YUlczMaWscETIZCB4kecKVyqHf4+T0JucZqX7zzfpiVyTr2M+OGl9qiOmKwBGkzseJt+MgYWrskJADKDZMr4bQxkxnhzCSQoraX7DugxM0fH47MitCc74uZrWIJ6qQjCLBtKzxUGy7B3pYOjLlThr7S64cd12yuR+NjHAFZ2DTXwxKg/FQg==
11:41:19.522 [pool-2-thread-17] DEBUG eu.europa.esig.dss.spi.x509.aia.DefaultAIASource - 1 certificate(s) loaded from 'http://ca.luxtrust.lu/LTQCA.crt'
11:41:19.522 [pool-2-thread-8] INFO eu.europa.esig.dss.validation.CommonCertificateVerifier - + New CommonCertificateVerifier created.
11:41:19.522 [pool-2-thread-8] INFO eu.europa.esig.dss.validation.AIACertificateSource - Retrieving C-D54951FEBBC59D2C2EC01ACCD92CCD8C9D2C7444C2E551BA7EC0DE622C74148C certificate's issuer using AIA.
11:41:19.523 [pool-2-thread-8] DEBUG eu.europa.esig.dss.spi.x509.aia.DefaultAIASource - Loading certificate(s) from 'http://ca.luxtrust.lu/LTQCA.crt'.
11:41:19.523 [pool-2-thread-10] WARN eu.europa.esig.dss.validation.SignatureValidationContext - Issuer not found for certificate C-FE5D1FDE82820AC69F0265808C4E694ACF0AFA056B56A4EA84984D52A85BF7D7
11:41:19.523 [pool-2-thread-10] WARN eu.europa.esig.dss.validation.DiagnosticDataBuilder - Provided CertificateSource configuration contains none of trusted sources of type TRUSTED_STORE or TRUSTED_LIST!
11:41:19.523 [pool-2-thread-8] DEBUG eu.europa.esig.dss.spi.x509.aia.DefaultAIASource - Base64 content : MIID8DCCAtigAwIBAgICA+swDQYJKoZIhvcNAQEFBQAwQDELMAkGA1UEBhMCTFUxFjAUBgNVBAoTDUx1eFRydXN0IHMuYS4xGTAXBgNVBAMTEEx1eFRydXN0IHJvb3QgQ0EwHhcNMDgwNjA1MDkyNTI0WhcNMTYxMDE4MTA0MDM0WjBFMQswCQYDVQQGEwJMVTEWMBQGA1UEChMNTHV4VHJ1c3QgUy5BLjEeMBwGA1UEAxMVTHV4VHJ1c3QgUXVhbGlmaWVkIENBMIIBIjANBgkqhkiG9w0BAQEFAAOCAQ8AMIIBCgKCAQEAybFXzA+8RNnvlCd+sZ8BnH6WO3LmaLi419Ygd9VBYcIwLmMx9KgAKF3u4B87Hee5NL4Xvhm/B9DuDUH5OGZ3P2Dwf7putVEvATvW8jzYq6CzarUthzb9ux+KTdTT+d4y6tkgVggy9DBe+bz635oZm2PPQT9kzoR48RBN730KA/MJIa0Sa7ZDphL37WHSA4/TWh9F1/LBRVGC0F4Mg1hU/u+kovF5mTuUK+ncU7+FS0cQRhAD+C4WfLI/WuzuE+T6ZuZ6Iqg6+vqgf6iKwL6iVZmwKkJPvV3+3Wgy3zq5tpDvsIGj4kXd1riQGKsEeDfN8y71DG3OdBqF1Yd7ue7ziwIDAQABo4HuMIHrMA8GA1UdEwQIMAYBAf8CAQAwQgYDVR0gBDswOTA3BggrgSsBAQEBADArMCkGCCsGAQUFBwIBFh1odHRwOi8vcmVwb3NpdG9yeS5sdXh0cnVzdC5sdTARBglghkgBhvhCAQEEBAMCAAcwDgYDVR0PAQH/BAQDAgHGMB8GA1UdIwQYMBaAFN2K1zDx+ZFx6UdwDCXlrKGN34wlMDEGA1UdHwQqMCgwJqAkoCKGIGh0dHA6Ly9jcmwubHV4dHJ1c3QubHUvTFRSQ0EuY3JsMB0GA1UdDgQWBBSNkKMH3RoTd5lMkqtNQ94/zSlkBTANBgkqhkiG9w0BAQUFAAOCAQEAapxOpigXTejGgHBWMAwDBMdZQHpPyoCmw32OIj1qqezO5nDnjG5gfJni/rp5IFMpV//xmCkjqyO92PyYbcHNSUpP1SjCkyn10e6ipmzpXK0MbgFvIPglAgA5dXxTNf0Q77eWu36fz5VKQEmJzqoXTccq4nuLL9rLZ88YUlczMaWscETIZCB4kecKVyqHf4+T0JucZqX7zzfpiVyTr2M+OGl9qiOmKwBGkzseJt+MgYWrskJADKDZMr4bQxkxnhzCSQoraX7DugxM0fH47MitCc74uZrWIJ6qQjCLBtKzxUGy7B3pYOjLlThr7S64cd12yuR+NjHAFZ2DTXwxKg/FQg==
11:41:19.523 [pool-2-thread-17] INFO eu.europa.esig.dss.validation.AIACertificateSource - Retrieving C-FE5D1FDE82820AC69F0265808C4E694ACF0AFA056B56A4EA84984D52A85BF7D7 certificate's issuer using AIA.
11:41:19.523 [pool-2-thread-17] INFO eu.europa.esig.dss.spi.x509.aia.DefaultAIASource - There is no AIA extension for certificate download.
11:41:19.523 [pool-2-thread-17] WARN eu.europa.esig.dss.validation.SignatureValidationContext - No revocation found for the certificate C-D54951FEBBC59D2C2EC01ACCD92CCD8C9D2C7444C2E551BA7EC0DE622C74148C
11:41:19.523 [pool-2-thread-8] DEBUG eu.europa.esig.dss.spi.x509.aia.DefaultAIASource - 1 certificate(s) loaded from 'http://ca.luxtrust.lu/LTQCA.crt'
11:41:19.523 [pool-2-thread-10] DEBUG eu.europa.esig.dss.spi.CertificateExtensionsUtils - Unknown non-critical CertificateExtension with OID : '2.16.840.1.113730.1.1'
11:41:19.524 [pool-2-thread-10] DEBUG eu.europa.esig.dss.spi.CertificateExtensionsUtils - Unknown non-critical CertificateExtension with OID : '2.16.840.1.113730.1.1'
11:41:19.524 [pool-2-thread-17] WARN eu.europa.esig.dss.validation.SignatureValidationContext - Issuer not found for certificate C-FE5D1FDE82820AC69F0265808C4E694ACF0AFA056B56A4EA84984D52A85BF7D7
11:41:19.524 [pool-2-thread-17] WARN eu.europa.esig.dss.validation.DiagnosticDataBuilder - Provided CertificateSource configuration contains none of trusted sources of type TRUSTED_STORE or TRUSTED_LIST!
11:41:19.525 [pool-2-thread-8] INFO eu.europa.esig.dss.validation.AIACertificateSource - Retrieving C-FE5D1FDE82820AC69F0265808C4E694ACF0AFA056B56A4EA84984D52A85BF7D7 certificate's issuer using AIA.
11:41:19.525 [pool-2-thread-8] INFO eu.europa.esig.dss.spi.x509.aia.DefaultAIASource - There is no AIA extension for certificate download.
11:41:19.525 [pool-2-thread-8] WARN eu.europa.esig.dss.validation.SignatureValidationContext - No revocation found for the certificate C-D54951FEBBC59D2C2EC01ACCD92CCD8C9D2C7444C2E551BA7EC0DE622C74148C
11:41:19.525 [pool-2-thread-17] DEBUG eu.europa.esig.dss.spi.CertificateExtensionsUtils - Unknown non-critical CertificateExtension with OID : '2.16.840.1.113730.1.1'
11:41:19.525 [pool-2-thread-10] WARN eu.europa.esig.dss.detailedreport.DetailedReportMessageCollector - The validation at time 'CERTIFICATE_ISSUANCE_TIME' is not found or not performed!
11:41:19.525 [pool-2-thread-10] WARN eu.europa.esig.dss.detailedreport.DetailedReportMessageCollector - The validation at time 'CERTIFICATE_ISSUANCE_TIME' is not found or not performed!
11:41:19.525 [pool-2-thread-10] WARN eu.europa.esig.dss.detailedreport.DetailedReportMessageCollector - The validation at time 'CERTIFICATE_ISSUANCE_TIME' is not found or not performed!
11:41:19.525 [pool-2-thread-10] WARN eu.europa.esig.dss.detailedreport.DetailedReportMessageCollector - The validation at time 'VALIDATION_TIME' is not found or not performed!
11:41:19.525 [pool-2-thread-10] WARN eu.europa.esig.dss.detailedreport.DetailedReportMessageCollector - The validation at time 'VALIDATION_TIME' is not found or not performed!
11:41:19.525 [pool-2-thread-10] WARN eu.europa.esig.dss.detailedreport.DetailedReportMessageCollector - The validation at time 'VALIDATION_TIME' is not found or not performed!
11:41:19.526 [pool-2-thread-8] WARN eu.europa.esig.dss.validation.SignatureValidationContext - Issuer not found for certificate C-FE5D1FDE82820AC69F0265808C4E694ACF0AFA056B56A4EA84984D52A85BF7D7
11:41:19.526 [pool-2-thread-8] WARN eu.europa.esig.dss.validation.DiagnosticDataBuilder - Provided CertificateSource configuration contains none of trusted sources of type TRUSTED_STORE or TRUSTED_LIST!
11:41:19.528 [pool-2-thread-8] DEBUG eu.europa.esig.dss.spi.CertificateExtensionsUtils - Unknown non-critical CertificateExtension with OID : '2.16.840.1.113730.1.1'
11:41:19.529 [pool-2-thread-5] INFO eu.europa.esig.dss.validation.CommonCertificateVerifier - + New CommonCertificateVerifier created.
11:41:19.530 [pool-2-thread-5] INFO eu.europa.esig.dss.validation.AIACertificateSource - Retrieving C-D54951FEBBC59D2C2EC01ACCD92CCD8C9D2C7444C2E551BA7EC0DE622C74148C certificate's issuer using AIA.
11:41:19.531 [pool-2-thread-8] DEBUG eu.europa.esig.dss.spi.CertificateExtensionsUtils - Unknown non-critical CertificateExtension with OID : '2.16.840.1.113730.1.1'
11:41:19.531 [pool-2-thread-5] DEBUG eu.europa.esig.dss.spi.x509.aia.DefaultAIASource - Loading certificate(s) from 'http://ca.luxtrust.lu/LTQCA.crt'.
11:41:19.533 [pool-2-thread-8] WARN eu.europa.esig.dss.detailedreport.DetailedReportMessageCollector - The validation at time 'CERTIFICATE_ISSUANCE_TIME' is not found or not performed!
11:41:19.533 [pool-2-thread-8] WARN eu.europa.esig.dss.detailedreport.DetailedReportMessageCollector - The validation at time 'CERTIFICATE_ISSUANCE_TIME' is not found or not performed!
11:41:19.533 [pool-2-thread-8] WARN eu.europa.esig.dss.detailedreport.DetailedReportMessageCollector - The validation at time 'CERTIFICATE_ISSUANCE_TIME' is not found or not performed!
11:41:19.534 [pool-2-thread-8] WARN eu.europa.esig.dss.detailedreport.DetailedReportMessageCollector - The validation at time 'VALIDATION_TIME' is not found or not performed!
11:41:19.534 [pool-2-thread-8] WARN eu.europa.esig.dss.detailedreport.DetailedReportMessageCollector - The validation at time 'VALIDATION_TIME' is not found or not performed!
11:41:19.534 [pool-2-thread-8] WARN eu.europa.esig.dss.detailedreport.DetailedReportMessageCollector - The validation at time 'VALIDATION_TIME' is not found or not performed!
11:41:19.535 [pool-2-thread-5] DEBUG eu.europa.esig.dss.spi.x509.aia.DefaultAIASource - Base64 content : MIID8DCCAtigAwIBAgICA+swDQYJKoZIhvcNAQEFBQAwQDELMAkGA1UEBhMCTFUxFjAUBgNVBAoTDUx1eFRydXN0IHMuYS4xGTAXBgNVBAMTEEx1eFRydXN0IHJvb3QgQ0EwHhcNMDgwNjA1MDkyNTI0WhcNMTYxMDE4MTA0MDM0WjBFMQswCQYDVQQGEwJMVTEWMBQGA1UEChMNTHV4VHJ1c3QgUy5BLjEeMBwGA1UEAxMVTHV4VHJ1c3QgUXVhbGlmaWVkIENBMIIBIjANBgkqhkiG9w0BAQEFAAOCAQ8AMIIBCgKCAQEAybFXzA+8RNnvlCd+sZ8BnH6WO3LmaLi419Ygd9VBYcIwLmMx9KgAKF3u4B87Hee5NL4Xvhm/B9DuDUH5OGZ3P2Dwf7putVEvATvW8jzYq6CzarUthzb9ux+KTdTT+d4y6tkgVggy9DBe+bz635oZm2PPQT9kzoR48RBN730KA/MJIa0Sa7ZDphL37WHSA4/TWh9F1/LBRVGC0F4Mg1hU/u+kovF5mTuUK+ncU7+FS0cQRhAD+C4WfLI/WuzuE+T6ZuZ6Iqg6+vqgf6iKwL6iVZmwKkJPvV3+3Wgy3zq5tpDvsIGj4kXd1riQGKsEeDfN8y71DG3OdBqF1Yd7ue7ziwIDAQABo4HuMIHrMA8GA1UdEwQIMAYBAf8CAQAwQgYDVR0gBDswOTA3BggrgSsBAQEBADArMCkGCCsGAQUFBwIBFh1odHRwOi8vcmVwb3NpdG9yeS5sdXh0cnVzdC5sdTARBglghkgBhvhCAQEEBAMCAAcwDgYDVR0PAQH/BAQDAgHGMB8GA1UdIwQYMBaAFN2K1zDx+ZFx6UdwDCXlrKGN34wlMDEGA1UdHwQqMCgwJqAkoCKGIGh0dHA6Ly9jcmwubHV4dHJ1c3QubHUvTFRSQ0EuY3JsMB0GA1UdDgQWBBSNkKMH3RoTd5lMkqtNQ94/zSlkBTANBgkqhkiG9w0BAQUFAAOCAQEAapxOpigXTejGgHBWMAwDBMdZQHpPyoCmw32OIj1qqezO5nDnjG5gfJni/rp5IFMpV//xmCkjqyO92PyYbcHNSUpP1SjCkyn10e6ipmzpXK0MbgFvIPglAgA5dXxTNf0Q77eWu36fz5VKQEmJzqoXTccq4nuLL9rLZ88YUlczMaWscETIZCB4kecKVyqHf4+T0JucZqX7zzfpiVyTr2M+OGl9qiOmKwBGkzseJt+MgYWrskJADKDZMr4bQxkxnhzCSQoraX7DugxM0fH47MitCc74uZrWIJ6qQjCLBtKzxUGy7B3pYOjLlThr7S64cd12yuR+NjHAFZ2DTXwxKg/FQg==
11:41:19.526 [pool-2-thread-17] DEBUG eu.europa.esig.dss.spi.CertificateExtensionsUtils - Unknown non-critical CertificateExtension with OID : '2.16.840.1.113730.1.1'
11:41:19.536 [pool-2-thread-5] DEBUG eu.europa.esig.dss.spi.x509.aia.DefaultAIASource - 1 certificate(s) loaded from 'http://ca.luxtrust.lu/LTQCA.crt'
11:41:19.538 [pool-2-thread-17] WARN eu.europa.esig.dss.detailedreport.DetailedReportMessageCollector - The validation at time 'CERTIFICATE_ISSUANCE_TIME' is not found or not performed!
11:41:19.538 [pool-2-thread-17] WARN eu.europa.esig.dss.detailedreport.DetailedReportMessageCollector - The validation at time 'CERTIFICATE_ISSUANCE_TIME' is not found or not performed!
11:41:19.538 [pool-2-thread-17] WARN eu.europa.esig.dss.detailedreport.DetailedReportMessageCollector - The validation at time 'CERTIFICATE_ISSUANCE_TIME' is not found or not performed!
11:41:19.538 [pool-2-thread-17] WARN eu.europa.esig.dss.detailedreport.DetailedReportMessageCollector - The validation at time 'VALIDATION_TIME' is not found or not performed!
11:41:19.538 [pool-2-thread-17] WARN eu.europa.esig.dss.detailedreport.DetailedReportMessageCollector - The validation at time 'VALIDATION_TIME' is not found or not performed!
11:41:19.538 [pool-2-thread-17] WARN eu.europa.esig.dss.detailedreport.DetailedReportMessageCollector - The validation at time 'VALIDATION_TIME' is not found or not performed!
11:41:19.539 [pool-2-thread-5] INFO eu.europa.esig.dss.validation.AIACertificateSource - Retrieving C-FE5D1FDE82820AC69F0265808C4E694ACF0AFA056B56A4EA84984D52A85BF7D7 certificate's issuer using AIA.
11:41:19.539 [pool-2-thread-5] INFO eu.europa.esig.dss.spi.x509.aia.DefaultAIASource - There is no AIA extension for certificate download.
11:41:19.539 [pool-2-thread-5] WARN eu.europa.esig.dss.validation.SignatureValidationContext - No revocation found for the certificate C-D54951FEBBC59D2C2EC01ACCD92CCD8C9D2C7444C2E551BA7EC0DE622C74148C
11:41:19.542 [pool-2-thread-5] WARN eu.europa.esig.dss.validation.SignatureValidationContext - Issuer not found for certificate C-FE5D1FDE82820AC69F0265808C4E694ACF0AFA056B56A4EA84984D52A85BF7D7
11:41:19.542 [pool-2-thread-5] WARN eu.europa.esig.dss.validation.DiagnosticDataBuilder - Provided CertificateSource configuration contains none of trusted sources of type TRUSTED_STORE or TRUSTED_LIST!
11:41:19.543 [pool-2-thread-5] DEBUG eu.europa.esig.dss.spi.CertificateExtensionsUtils - Unknown non-critical CertificateExtension with OID : '2.16.840.1.113730.1.1'
11:41:19.545 [pool-2-thread-3] INFO eu.europa.esig.dss.validation.CommonCertificateVerifier - + New CommonCertificateVerifier created.
11:41:19.545 [pool-2-thread-5] DEBUG eu.europa.esig.dss.spi.CertificateExtensionsUtils - Unknown non-critical CertificateExtension with OID : '2.16.840.1.113730.1.1'
11:41:19.546 [pool-2-thread-3] INFO eu.europa.esig.dss.validation.AIACertificateSource - Retrieving C-D54951FEBBC59D2C2EC01ACCD92CCD8C9D2C7444C2E551BA7EC0DE622C74148C certificate's issuer using AIA.
11:41:19.546 [pool-2-thread-3] DEBUG eu.europa.esig.dss.spi.x509.aia.DefaultAIASource - Loading certificate(s) from 'http://ca.luxtrust.lu/LTQCA.crt'.
11:41:19.547 [pool-2-thread-3] DEBUG eu.europa.esig.dss.spi.x509.aia.DefaultAIASource - Base64 content : MIID8DCCAtigAwIBAgICA+swDQYJKoZIhvcNAQEFBQAwQDELMAkGA1UEBhMCTFUxFjAUBgNVBAoTDUx1eFRydXN0IHMuYS4xGTAXBgNVBAMTEEx1eFRydXN0IHJvb3QgQ0EwHhcNMDgwNjA1MDkyNTI0WhcNMTYxMDE4MTA0MDM0WjBFMQswCQYDVQQGEwJMVTEWMBQGA1UEChMNTHV4VHJ1c3QgUy5BLjEeMBwGA1UEAxMVTHV4VHJ1c3QgUXVhbGlmaWVkIENBMIIBIjANBgkqhkiG9w0BAQEFAAOCAQ8AMIIBCgKCAQEAybFXzA+8RNnvlCd+sZ8BnH6WO3LmaLi419Ygd9VBYcIwLmMx9KgAKF3u4B87Hee5NL4Xvhm/B9DuDUH5OGZ3P2Dwf7putVEvATvW8jzYq6CzarUthzb9ux+KTdTT+d4y6tkgVggy9DBe+bz635oZm2PPQT9kzoR48RBN730KA/MJIa0Sa7ZDphL37WHSA4/TWh9F1/LBRVGC0F4Mg1hU/u+kovF5mTuUK+ncU7+FS0cQRhAD+C4WfLI/WuzuE+T6ZuZ6Iqg6+vqgf6iKwL6iVZmwKkJPvV3+3Wgy3zq5tpDvsIGj4kXd1riQGKsEeDfN8y71DG3OdBqF1Yd7ue7ziwIDAQABo4HuMIHrMA8GA1UdEwQIMAYBAf8CAQAwQgYDVR0gBDswOTA3BggrgSsBAQEBADArMCkGCCsGAQUFBwIBFh1odHRwOi8vcmVwb3NpdG9yeS5sdXh0cnVzdC5sdTARBglghkgBhvhCAQEEBAMCAAcwDgYDVR0PAQH/BAQDAgHGMB8GA1UdIwQYMBaAFN2K1zDx+ZFx6UdwDCXlrKGN34wlMDEGA1UdHwQqMCgwJqAkoCKGIGh0dHA6Ly9jcmwubHV4dHJ1c3QubHUvTFRSQ0EuY3JsMB0GA1UdDgQWBBSNkKMH3RoTd5lMkqtNQ94/zSlkBTANBgkqhkiG9w0BAQUFAAOCAQEAapxOpigXTejGgHBWMAwDBMdZQHpPyoCmw32OIj1qqezO5nDnjG5gfJni/rp5IFMpV//xmCkjqyO92PyYbcHNSUpP1SjCkyn10e6ipmzpXK0MbgFvIPglAgA5dXxTNf0Q77eWu36fz5VKQEmJzqoXTccq4nuLL9rLZ88YUlczMaWscETIZCB4kecKVyqHf4+T0JucZqX7zzfpiVyTr2M+OGl9qiOmKwBGkzseJt+MgYWrskJADKDZMr4bQxkxnhzCSQoraX7DugxM0fH47MitCc74uZrWIJ6qQjCLBtKzxUGy7B3pYOjLlThr7S64cd12yuR+NjHAFZ2DTXwxKg/FQg==
11:41:19.548 [pool-2-thread-3] DEBUG eu.europa.esig.dss.spi.x509.aia.DefaultAIASource - 1 certificate(s) loaded from 'http://ca.luxtrust.lu/LTQCA.crt'
11:41:19.551 [pool-2-thread-5] WARN eu.europa.esig.dss.detailedreport.DetailedReportMessageCollector - The validation at time 'CERTIFICATE_ISSUANCE_TIME' is not found or not performed!
11:41:19.551 [pool-2-thread-5] WARN eu.europa.esig.dss.detailedreport.DetailedReportMessageCollector - The validation at time 'CERTIFICATE_ISSUANCE_TIME' is not found or not performed!
11:41:19.551 [pool-2-thread-5] WARN eu.europa.esig.dss.detailedreport.DetailedReportMessageCollector - The validation at time 'CERTIFICATE_ISSUANCE_TIME' is not found or not performed!
11:41:19.551 [pool-2-thread-5] WARN eu.europa.esig.dss.detailedreport.DetailedReportMessageCollector - The validation at time 'VALIDATION_TIME' is not found or not performed!
11:41:19.551 [pool-2-thread-5] WARN eu.europa.esig.dss.detailedreport.DetailedReportMessageCollector - The validation at time 'VALIDATION_TIME' is not found or not performed!
11:41:19.551 [pool-2-thread-5] WARN eu.europa.esig.dss.detailedreport.DetailedReportMessageCollector - The validation at time 'VALIDATION_TIME' is not found or not performed!
11:41:19.551 [pool-2-thread-3] INFO eu.europa.esig.dss.validation.AIACertificateSource - Retrieving C-FE5D1FDE82820AC69F0265808C4E694ACF0AFA056B56A4EA84984D52A85BF7D7 certificate's issuer using AIA.
11:41:19.551 [pool-2-thread-3] INFO eu.europa.esig.dss.spi.x509.aia.DefaultAIASource - There is no AIA extension for certificate download.
11:41:19.551 [pool-2-thread-3] WARN eu.europa.esig.dss.validation.SignatureValidationContext - No revocation found for the certificate C-D54951FEBBC59D2C2EC01ACCD92CCD8C9D2C7444C2E551BA7EC0DE622C74148C
11:41:19.553 [pool-2-thread-3] WARN eu.europa.esig.dss.validation.SignatureValidationContext - Issuer not found for certificate C-FE5D1FDE82820AC69F0265808C4E694ACF0AFA056B56A4EA84984D52A85BF7D7
11:41:19.553 [pool-2-thread-3] WARN eu.europa.esig.dss.validation.DiagnosticDataBuilder - Provided CertificateSource configuration contains none of trusted sources of type TRUSTED_STORE or TRUSTED_LIST!
11:41:19.553 [pool-2-thread-6] INFO eu.europa.esig.dss.validation.CommonCertificateVerifier - + New CommonCertificateVerifier created.
11:41:19.553 [pool-2-thread-3] DEBUG eu.europa.esig.dss.spi.CertificateExtensionsUtils - Unknown non-critical CertificateExtension with OID : '2.16.840.1.113730.1.1'
11:41:19.559 [pool-2-thread-11] INFO eu.europa.esig.dss.validation.CommonCertificateVerifier - + New CommonCertificateVerifier created.
11:41:19.559 [pool-2-thread-12] INFO eu.europa.esig.dss.validation.CommonCertificateVerifier - + New CommonCertificateVerifier created.
11:41:19.559 [pool-2-thread-2] INFO eu.europa.esig.dss.validation.CommonCertificateVerifier - + New CommonCertificateVerifier created.
11:41:19.561 [pool-2-thread-7] INFO eu.europa.esig.dss.validation.CommonCertificateVerifier - + New CommonCertificateVerifier created.
11:41:19.562 [pool-2-thread-8] INFO eu.europa.esig.dss.validation.CommonCertificateVerifier - + New CommonCertificateVerifier created.
11:41:19.564 [pool-2-thread-2] INFO eu.europa.esig.dss.validation.AIACertificateSource - Retrieving C-D54951FEBBC59D2C2EC01ACCD92CCD8C9D2C7444C2E551BA7EC0DE622C74148C certificate's issuer using AIA.
11:41:19.564 [pool-2-thread-2] DEBUG eu.europa.esig.dss.spi.x509.aia.DefaultAIASource - Loading certificate(s) from 'http://ca.luxtrust.lu/LTQCA.crt'.
11:41:19.565 [pool-2-thread-9] INFO eu.europa.esig.dss.validation.CommonCertificateVerifier - + New CommonCertificateVerifier created.
11:41:19.567 [pool-2-thread-9] INFO eu.europa.esig.dss.validation.AIACertificateSource - Retrieving C-D54951FEBBC59D2C2EC01ACCD92CCD8C9D2C7444C2E551BA7EC0DE622C74148C certificate's issuer using AIA.
11:41:19.567 [pool-2-thread-9] DEBUG eu.europa.esig.dss.spi.x509.aia.DefaultAIASource - Loading certificate(s) from 'http://ca.luxtrust.lu/LTQCA.crt'.
11:41:19.567 [pool-2-thread-9] DEBUG eu.europa.esig.dss.spi.x509.aia.DefaultAIASource - Base64 content : MIID8DCCAtigAwIBAgICA+swDQYJKoZIhvcNAQEFBQAwQDELMAkGA1UEBhMCTFUxFjAUBgNVBAoTDUx1eFRydXN0IHMuYS4xGTAXBgNVBAMTEEx1eFRydXN0IHJvb3QgQ0EwHhcNMDgwNjA1MDkyNTI0WhcNMTYxMDE4MTA0MDM0WjBFMQswCQYDVQQGEwJMVTEWMBQGA1UEChMNTHV4VHJ1c3QgUy5BLjEeMBwGA1UEAxMVTHV4VHJ1c3QgUXVhbGlmaWVkIENBMIIBIjANBgkqhkiG9w0BAQEFAAOCAQ8AMIIBCgKCAQEAybFXzA+8RNnvlCd+sZ8BnH6WO3LmaLi419Ygd9VBYcIwLmMx9KgAKF3u4B87Hee5NL4Xvhm/B9DuDUH5OGZ3P2Dwf7putVEvATvW8jzYq6CzarUthzb9ux+KTdTT+d4y6tkgVggy9DBe+bz635oZm2PPQT9kzoR48RBN730KA/MJIa0Sa7ZDphL37WHSA4/TWh9F1/LBRVGC0F4Mg1hU/u+kovF5mTuUK+ncU7+FS0cQRhAD+C4WfLI/WuzuE+T6ZuZ6Iqg6+vqgf6iKwL6iVZmwKkJPvV3+3Wgy3zq5tpDvsIGj4kXd1riQGKsEeDfN8y71DG3OdBqF1Yd7ue7ziwIDAQABo4HuMIHrMA8GA1UdEwQIMAYBAf8CAQAwQgYDVR0gBDswOTA3BggrgSsBAQEBADArMCkGCCsGAQUFBwIBFh1odHRwOi8vcmVwb3NpdG9yeS5sdXh0cnVzdC5sdTARBglghkgBhvhCAQEEBAMCAAcwDgYDVR0PAQH/BAQDAgHGMB8GA1UdIwQYMBaAFN2K1zDx+ZFx6UdwDCXlrKGN34wlMDEGA1UdHwQqMCgwJqAkoCKGIGh0dHA6Ly9jcmwubHV4dHJ1c3QubHUvTFRSQ0EuY3JsMB0GA1UdDgQWBBSNkKMH3RoTd5lMkqtNQ94/zSlkBTANBgkqhkiG9w0BAQUFAAOCAQEAapxOpigXTejGgHBWMAwDBMdZQHpPyoCmw32OIj1qqezO5nDnjG5gfJni/rp5IFMpV//xmCkjqyO92PyYbcHNSUpP1SjCkyn10e6ipmzpXK0MbgFvIPglAgA5dXxTNf0Q77eWu36fz5VKQEmJzqoXTccq4nuLL9rLZ88YUlczMaWscETIZCB4kecKVyqHf4+T0JucZqX7zzfpiVyTr2M+OGl9qiOmKwBGkzseJt+MgYWrskJADKDZMr4bQxkxnhzCSQoraX7DugxM0fH47MitCc74uZrWIJ6qQjCLBtKzxUGy7B3pYOjLlThr7S64cd12yuR+NjHAFZ2DTXwxKg/FQg==
11:41:19.563 [pool-2-thread-7] INFO eu.europa.esig.dss.validation.AIACertificateSource - Retrieving C-D54951FEBBC59D2C2EC01ACCD92CCD8C9D2C7444C2E551BA7EC0DE622C74148C certificate's issuer using AIA.
11:41:19.568 [pool-2-thread-7] DEBUG eu.europa.esig.dss.spi.x509.aia.DefaultAIASource - Loading certificate(s) from 'http://ca.luxtrust.lu/LTQCA.crt'.
11:41:19.568 [pool-2-thread-9] DEBUG eu.europa.esig.dss.spi.x509.aia.DefaultAIASource - 1 certificate(s) loaded from 'http://ca.luxtrust.lu/LTQCA.crt'
11:41:19.568 [pool-2-thread-7] DEBUG eu.europa.esig.dss.spi.x509.aia.DefaultAIASource - Base64 content : MIID8DCCAtigAwIBAgICA+swDQYJKoZIhvcNAQEFBQAwQDELMAkGA1UEBhMCTFUxFjAUBgNVBAoTDUx1eFRydXN0IHMuYS4xGTAXBgNVBAMTEEx1eFRydXN0IHJvb3QgQ0EwHhcNMDgwNjA1MDkyNTI0WhcNMTYxMDE4MTA0MDM0WjBFMQswCQYDVQQGEwJMVTEWMBQGA1UEChMNTHV4VHJ1c3QgUy5BLjEeMBwGA1UEAxMVTHV4VHJ1c3QgUXVhbGlmaWVkIENBMIIBIjANBgkqhkiG9w0BAQEFAAOCAQ8AMIIBCgKCAQEAybFXzA+8RNnvlCd+sZ8BnH6WO3LmaLi419Ygd9VBYcIwLmMx9KgAKF3u4B87Hee5NL4Xvhm/B9DuDUH5OGZ3P2Dwf7putVEvATvW8jzYq6CzarUthzb9ux+KTdTT+d4y6tkgVggy9DBe+bz635oZm2PPQT9kzoR48RBN730KA/MJIa0Sa7ZDphL37WHSA4/TWh9F1/LBRVGC0F4Mg1hU/u+kovF5mTuUK+ncU7+FS0cQRhAD+C4WfLI/WuzuE+T6ZuZ6Iqg6+vqgf6iKwL6iVZmwKkJPvV3+3Wgy3zq5tpDvsIGj4kXd1riQGKsEeDfN8y71DG3OdBqF1Yd7ue7ziwIDAQABo4HuMIHrMA8GA1UdEwQIMAYBAf8CAQAwQgYDVR0gBDswOTA3BggrgSsBAQEBADArMCkGCCsGAQUFBwIBFh1odHRwOi8vcmVwb3NpdG9yeS5sdXh0cnVzdC5sdTARBglghkgBhvhCAQEEBAMCAAcwDgYDVR0PAQH/BAQDAgHGMB8GA1UdIwQYMBaAFN2K1zDx+ZFx6UdwDCXlrKGN34wlMDEGA1UdHwQqMCgwJqAkoCKGIGh0dHA6Ly9jcmwubHV4dHJ1c3QubHUvTFRSQ0EuY3JsMB0GA1UdDgQWBBSNkKMH3RoTd5lMkqtNQ94/zSlkBTANBgkqhkiG9w0BAQUFAAOCAQEAapxOpigXTejGgHBWMAwDBMdZQHpPyoCmw32OIj1qqezO5nDnjG5gfJni/rp5IFMpV//xmCkjqyO92PyYbcHNSUpP1SjCkyn10e6ipmzpXK0MbgFvIPglAgA5dXxTNf0Q77eWu36fz5VKQEmJzqoXTccq4nuLL9rLZ88YUlczMaWscETIZCB4kecKVyqHf4+T0JucZqX7zzfpiVyTr2M+OGl9qiOmKwBGkzseJt+MgYWrskJADKDZMr4bQxkxnhzCSQoraX7DugxM0fH47MitCc74uZrWIJ6qQjCLBtKzxUGy7B3pYOjLlThr7S64cd12yuR+NjHAFZ2DTXwxKg/FQg==
11:41:19.568 [pool-2-thread-7] DEBUG eu.europa.esig.dss.spi.x509.aia.DefaultAIASource - 1 certificate(s) loaded from 'http://ca.luxtrust.lu/LTQCA.crt'
11:41:19.569 [pool-2-thread-9] INFO eu.europa.esig.dss.validation.AIACertificateSource - Retrieving C-FE5D1FDE82820AC69F0265808C4E694ACF0AFA056B56A4EA84984D52A85BF7D7 certificate's issuer using AIA.
11:41:19.570 [pool-2-thread-9] INFO eu.europa.esig.dss.spi.x509.aia.DefaultAIASource - There is no AIA extension for certificate download.
11:41:19.570 [pool-2-thread-9] WARN eu.europa.esig.dss.validation.SignatureValidationContext - No revocation found for the certificate C-D54951FEBBC59D2C2EC01ACCD92CCD8C9D2C7444C2E551BA7EC0DE622C74148C
11:41:19.570 [pool-2-thread-16] INFO eu.europa.esig.dss.validation.CommonCertificateVerifier - + New CommonCertificateVerifier created.
11:41:19.571 [pool-2-thread-9] WARN eu.europa.esig.dss.validation.SignatureValidationContext - Issuer not found for certificate C-FE5D1FDE82820AC69F0265808C4E694ACF0AFA056B56A4EA84984D52A85BF7D7
11:41:19.571 [pool-2-thread-9] WARN eu.europa.esig.dss.validation.DiagnosticDataBuilder - Provided CertificateSource configuration contains none of trusted sources of type TRUSTED_STORE or TRUSTED_LIST!
11:41:19.572 [pool-2-thread-9] DEBUG eu.europa.esig.dss.spi.CertificateExtensionsUtils - Unknown non-critical CertificateExtension with OID : '2.16.840.1.113730.1.1'
11:41:19.572 [pool-2-thread-19] INFO eu.europa.esig.dss.validation.CommonCertificateVerifier - + New CommonCertificateVerifier created.
11:41:19.573 [pool-2-thread-9] DEBUG eu.europa.esig.dss.spi.CertificateExtensionsUtils - Unknown non-critical CertificateExtension with OID : '2.16.840.1.113730.1.1'
11:41:19.573 [pool-2-thread-14] INFO eu.europa.esig.dss.validation.CommonCertificateVerifier - + New CommonCertificateVerifier created.
11:41:19.573 [pool-2-thread-4] INFO eu.europa.esig.dss.validation.CommonCertificateVerifier - + New CommonCertificateVerifier created.
11:41:19.573 [pool-2-thread-14] INFO eu.europa.esig.dss.validation.AIACertificateSource - Retrieving C-D54951FEBBC59D2C2EC01ACCD92CCD8C9D2C7444C2E551BA7EC0DE622C74148C certificate's issuer using AIA.
11:41:19.573 [pool-2-thread-14] DEBUG eu.europa.esig.dss.spi.x509.aia.DefaultAIASource - Loading certificate(s) from 'http://ca.luxtrust.lu/LTQCA.crt'.
11:41:19.573 [pool-2-thread-3] DEBUG eu.europa.esig.dss.spi.CertificateExtensionsUtils - Unknown non-critical CertificateExtension with OID : '2.16.840.1.113730.1.1'
11:41:19.574 [pool-2-thread-14] DEBUG eu.europa.esig.dss.spi.x509.aia.DefaultAIASource - Base64 content : MIID8DCCAtigAwIBAgICA+swDQYJKoZIhvcNAQEFBQAwQDELMAkGA1UEBhMCTFUxFjAUBgNVBAoTDUx1eFRydXN0IHMuYS4xGTAXBgNVBAMTEEx1eFRydXN0IHJvb3QgQ0EwHhcNMDgwNjA1MDkyNTI0WhcNMTYxMDE4MTA0MDM0WjBFMQswCQYDVQQGEwJMVTEWMBQGA1UEChMNTHV4VHJ1c3QgUy5BLjEeMBwGA1UEAxMVTHV4VHJ1c3QgUXVhbGlmaWVkIENBMIIBIjANBgkqhkiG9w0BAQEFAAOCAQ8AMIIBCgKCAQEAybFXzA+8RNnvlCd+sZ8BnH6WO3LmaLi419Ygd9VBYcIwLmMx9KgAKF3u4B87Hee5NL4Xvhm/B9DuDUH5OGZ3P2Dwf7putVEvATvW8jzYq6CzarUthzb9ux+KTdTT+d4y6tkgVggy9DBe+bz635oZm2PPQT9kzoR48RBN730KA/MJIa0Sa7ZDphL37WHSA4/TWh9F1/LBRVGC0F4Mg1hU/u+kovF5mTuUK+ncU7+FS0cQRhAD+C4WfLI/WuzuE+T6ZuZ6Iqg6+vqgf6iKwL6iVZmwKkJPvV3+3Wgy3zq5tpDvsIGj4kXd1riQGKsEeDfN8y71DG3OdBqF1Yd7ue7ziwIDAQABo4HuMIHrMA8GA1UdEwQIMAYBAf8CAQAwQgYDVR0gBDswOTA3BggrgSsBAQEBADArMCkGCCsGAQUFBwIBFh1odHRwOi8vcmVwb3NpdG9yeS5sdXh0cnVzdC5sdTARBglghkgBhvhCAQEEBAMCAAcwDgYDVR0PAQH/BAQDAgHGMB8GA1UdIwQYMBaAFN2K1zDx+ZFx6UdwDCXlrKGN34wlMDEGA1UdHwQqMCgwJqAkoCKGIGh0dHA6Ly9jcmwubHV4dHJ1c3QubHUvTFRSQ0EuY3JsMB0GA1UdDgQWBBSNkKMH3RoTd5lMkqtNQ94/zSlkBTANBgkqhkiG9w0BAQUFAAOCAQEAapxOpigXTejGgHBWMAwDBMdZQHpPyoCmw32OIj1qqezO5nDnjG5gfJni/rp5IFMpV//xmCkjqyO92PyYbcHNSUpP1SjCkyn10e6ipmzpXK0MbgFvIPglAgA5dXxTNf0Q77eWu36fz5VKQEmJzqoXTccq4nuLL9rLZ88YUlczMaWscETIZCB4kecKVyqHf4+T0JucZqX7zzfpiVyTr2M+OGl9qiOmKwBGkzseJt+MgYWrskJADKDZMr4bQxkxnhzCSQoraX7DugxM0fH47MitCc74uZrWIJ6qQjCLBtKzxUGy7B3pYOjLlThr7S64cd12yuR+NjHAFZ2DTXwxKg/FQg==
11:41:19.574 [pool-2-thread-9] WARN eu.europa.esig.dss.detailedreport.DetailedReportMessageCollector - The validation at time 'CERTIFICATE_ISSUANCE_TIME' is not found or not performed!
11:41:19.574 [pool-2-thread-5] INFO eu.europa.esig.dss.validation.CommonCertificateVerifier - + New CommonCertificateVerifier created.
11:41:19.574 [pool-2-thread-14] DEBUG eu.europa.esig.dss.spi.x509.aia.DefaultAIASource - 1 certificate(s) loaded from 'http://ca.luxtrust.lu/LTQCA.crt'
11:41:19.565 [pool-2-thread-2] DEBUG eu.europa.esig.dss.spi.x509.aia.DefaultAIASource - Base64 content : MIID8DCCAtigAwIBAgICA+swDQYJKoZIhvcNAQEFBQAwQDELMAkGA1UEBhMCTFUxFjAUBgNVBAoTDUx1eFRydXN0IHMuYS4xGTAXBgNVBAMTEEx1eFRydXN0IHJvb3QgQ0EwHhcNMDgwNjA1MDkyNTI0WhcNMTYxMDE4MTA0MDM0WjBFMQswCQYDVQQGEwJMVTEWMBQGA1UEChMNTHV4VHJ1c3QgUy5BLjEeMBwGA1UEAxMVTHV4VHJ1c3QgUXVhbGlmaWVkIENBMIIBIjANBgkqhkiG9w0BAQEFAAOCAQ8AMIIBCgKCAQEAybFXzA+8RNnvlCd+sZ8BnH6WO3LmaLi419Ygd9VBYcIwLmMx9KgAKF3u4B87Hee5NL4Xvhm/B9DuDUH5OGZ3P2Dwf7putVEvATvW8jzYq6CzarUthzb9ux+KTdTT+d4y6tkgVggy9DBe+bz635oZm2PPQT9kzoR48RBN730KA/MJIa0Sa7ZDphL37WHSA4/TWh9F1/LBRVGC0F4Mg1hU/u+kovF5mTuUK+ncU7+FS0cQRhAD+C4WfLI/WuzuE+T6ZuZ6Iqg6+vqgf6iKwL6iVZmwKkJPvV3+3Wgy3zq5tpDvsIGj4kXd1riQGKsEeDfN8y71DG3OdBqF1Yd7ue7ziwIDAQABo4HuMIHrMA8GA1UdEwQIMAYBAf8CAQAwQgYDVR0gBDswOTA3BggrgSsBAQEBADArMCkGCCsGAQUFBwIBFh1odHRwOi8vcmVwb3NpdG9yeS5sdXh0cnVzdC5sdTARBglghkgBhvhCAQEEBAMCAAcwDgYDVR0PAQH/BAQDAgHGMB8GA1UdIwQYMBaAFN2K1zDx+ZFx6UdwDCXlrKGN34wlMDEGA1UdHwQqMCgwJqAkoCKGIGh0dHA6Ly9jcmwubHV4dHJ1c3QubHUvTFRSQ0EuY3JsMB0GA1UdDgQWBBSNkKMH3RoTd5lMkqtNQ94/zSlkBTANBgkqhkiG9w0BAQUFAAOCAQEAapxOpigXTejGgHBWMAwDBMdZQHpPyoCmw32OIj1qqezO5nDnjG5gfJni/rp5IFMpV//xmCkjqyO92PyYbcHNSUpP1SjCkyn10e6ipmzpXK0MbgFvIPglAgA5dXxTNf0Q77eWu36fz5VKQEmJzqoXTccq4nuLL9rLZ88YUlczMaWscETIZCB4kecKVyqHf4+T0JucZqX7zzfpiVyTr2M+OGl9qiOmKwBGkzseJt+MgYWrskJADKDZMr4bQxkxnhzCSQoraX7DugxM0fH47MitCc74uZrWIJ6qQjCLBtKzxUGy7B3pYOjLlThr7S64cd12yuR+NjHAFZ2DTXwxKg/FQg==
11:41:19.569 [pool-2-thread-7] INFO eu.europa.esig.dss.validation.AIACertificateSource - Retrieving C-FE5D1FDE82820AC69F0265808C4E694ACF0AFA056B56A4EA84984D52A85BF7D7 certificate's issuer using AIA.
11:41:19.575 [pool-2-thread-7] INFO eu.europa.esig.dss.spi.x509.aia.DefaultAIASource - There is no AIA extension for certificate download.
11:41:19.575 [pool-2-thread-7] WARN eu.europa.esig.dss.validation.SignatureValidationContext - No revocation found for the certificate C-D54951FEBBC59D2C2EC01ACCD92CCD8C9D2C7444C2E551BA7EC0DE622C74148C
11:41:19.573 [pool-2-thread-19] INFO eu.europa.esig.dss.validation.AIACertificateSource - Retrieving C-D54951FEBBC59D2C2EC01ACCD92CCD8C9D2C7444C2E551BA7EC0DE622C74148C certificate's issuer using AIA.
11:41:19.575 [pool-2-thread-19] DEBUG eu.europa.esig.dss.spi.x509.aia.DefaultAIASource - Loading certificate(s) from 'http://ca.luxtrust.lu/LTQCA.crt'.
11:41:19.575 [pool-2-thread-2] DEBUG eu.europa.esig.dss.spi.x509.aia.DefaultAIASource - 1 certificate(s) loaded from 'http://ca.luxtrust.lu/LTQCA.crt'
11:41:19.575 [pool-2-thread-14] INFO eu.europa.esig.dss.validation.AIACertificateSource - Retrieving C-FE5D1FDE82820AC69F0265808C4E694ACF0AFA056B56A4EA84984D52A85BF7D7 certificate's issuer using AIA.
11:41:19.575 [pool-2-thread-14] INFO eu.europa.esig.dss.spi.x509.aia.DefaultAIASource - There is no AIA extension for certificate download.
11:41:19.575 [pool-2-thread-14] WARN eu.europa.esig.dss.validation.SignatureValidationContext - No revocation found for the certificate C-D54951FEBBC59D2C2EC01ACCD92CCD8C9D2C7444C2E551BA7EC0DE622C74148C
11:41:19.575 [pool-2-thread-3] WARN eu.europa.esig.dss.detailedreport.DetailedReportMessageCollector - The validation at time 'CERTIFICATE_ISSUANCE_TIME' is not found or not performed!
11:41:19.575 [pool-2-thread-3] WARN eu.europa.esig.dss.detailedreport.DetailedReportMessageCollector - The validation at time 'CERTIFICATE_ISSUANCE_TIME' is not found or not performed!
11:41:19.575 [pool-2-thread-3] WARN eu.europa.esig.dss.detailedreport.DetailedReportMessageCollector - The validation at time 'CERTIFICATE_ISSUANCE_TIME' is not found or not performed!
11:41:19.575 [pool-2-thread-3] WARN eu.europa.esig.dss.detailedreport.DetailedReportMessageCollector - The validation at time 'VALIDATION_TIME' is not found or not performed!
11:41:19.575 [pool-2-thread-3] WARN eu.europa.esig.dss.detailedreport.DetailedReportMessageCollector - The validation at time 'VALIDATION_TIME' is not found or not performed!
11:41:19.575 [pool-2-thread-3] WARN eu.europa.esig.dss.detailedreport.DetailedReportMessageCollector - The validation at time 'VALIDATION_TIME' is not found or not performed!
11:41:19.576 [pool-2-thread-7] WARN eu.europa.esig.dss.validation.SignatureValidationContext - Issuer not found for certificate C-FE5D1FDE82820AC69F0265808C4E694ACF0AFA056B56A4EA84984D52A85BF7D7
11:41:19.576 [pool-2-thread-7] WARN eu.europa.esig.dss.validation.DiagnosticDataBuilder - Provided CertificateSource configuration contains none of trusted sources of type TRUSTED_STORE or TRUSTED_LIST!
11:41:19.578 [pool-2-thread-7] DEBUG eu.europa.esig.dss.spi.CertificateExtensionsUtils - Unknown non-critical CertificateExtension with OID : '2.16.840.1.113730.1.1'
11:41:19.580 [pool-2-thread-7] DEBUG eu.europa.esig.dss.spi.CertificateExtensionsUtils - Unknown non-critical CertificateExtension with OID : '2.16.840.1.113730.1.1'
11:41:19.580 [pool-2-thread-2] INFO eu.europa.esig.dss.validation.AIACertificateSource - Retrieving C-FE5D1FDE82820AC69F0265808C4E694ACF0AFA056B56A4EA84984D52A85BF7D7 certificate's issuer using AIA.
11:41:19.580 [pool-2-thread-2] INFO eu.europa.esig.dss.spi.x509.aia.DefaultAIASource - There is no AIA extension for certificate download.
11:41:19.580 [pool-2-thread-2] WARN eu.europa.esig.dss.validation.SignatureValidationContext - No revocation found for the certificate C-D54951FEBBC59D2C2EC01ACCD92CCD8C9D2C7444C2E551BA7EC0DE622C74148C
11:41:19.574 [pool-2-thread-9] WARN eu.europa.esig.dss.detailedreport.DetailedReportMessageCollector - The validation at time 'CERTIFICATE_ISSUANCE_TIME' is not found or not performed!
11:41:19.575 [pool-2-thread-19] DEBUG eu.europa.esig.dss.spi.x509.aia.DefaultAIASource - Base64 content : MIID8DCCAtigAwIBAgICA+swDQYJKoZIhvcNAQEFBQAwQDELMAkGA1UEBhMCTFUxFjAUBgNVBAoTDUx1eFRydXN0IHMuYS4xGTAXBgNVBAMTEEx1eFRydXN0IHJvb3QgQ0EwHhcNMDgwNjA1MDkyNTI0WhcNMTYxMDE4MTA0MDM0WjBFMQswCQYDVQQGEwJMVTEWMBQGA1UEChMNTHV4VHJ1c3QgUy5BLjEeMBwGA1UEAxMVTHV4VHJ1c3QgUXVhbGlmaWVkIENBMIIBIjANBgkqhkiG9w0BAQEFAAOCAQ8AMIIBCgKCAQEAybFXzA+8RNnvlCd+sZ8BnH6WO3LmaLi419Ygd9VBYcIwLmMx9KgAKF3u4B87Hee5NL4Xvhm/B9DuDUH5OGZ3P2Dwf7putVEvATvW8jzYq6CzarUthzb9ux+KTdTT+d4y6tkgVggy9DBe+bz635oZm2PPQT9kzoR48RBN730KA/MJIa0Sa7ZDphL37WHSA4/TWh9F1/LBRVGC0F4Mg1hU/u+kovF5mTuUK+ncU7+FS0cQRhAD+C4WfLI/WuzuE+T6ZuZ6Iqg6+vqgf6iKwL6iVZmwKkJPvV3+3Wgy3zq5tpDvsIGj4kXd1riQGKsEeDfN8y71DG3OdBqF1Yd7ue7ziwIDAQABo4HuMIHrMA8GA1UdEwQIMAYBAf8CAQAwQgYDVR0gBDswOTA3BggrgSsBAQEBADArMCkGCCsGAQUFBwIBFh1odHRwOi8vcmVwb3NpdG9yeS5sdXh0cnVzdC5sdTARBglghkgBhvhCAQEEBAMCAAcwDgYDVR0PAQH/BAQDAgHGMB8GA1UdIwQYMBaAFN2K1zDx+ZFx6UdwDCXlrKGN34wlMDEGA1UdHwQqMCgwJqAkoCKGIGh0dHA6Ly9jcmwubHV4dHJ1c3QubHUvTFRSQ0EuY3JsMB0GA1UdDgQWBBSNkKMH3RoTd5lMkqtNQ94/zSlkBTANBgkqhkiG9w0BAQUFAAOCAQEAapxOpigXTejGgHBWMAwDBMdZQHpPyoCmw32OIj1qqezO5nDnjG5gfJni/rp5IFMpV//xmCkjqyO92PyYbcHNSUpP1SjCkyn10e6ipmzpXK0MbgFvIPglAgA5dXxTNf0Q77eWu36fz5VKQEmJzqoXTccq4nuLL9rLZ88YUlczMaWscETIZCB4kecKVyqHf4+T0JucZqX7zzfpiVyTr2M+OGl9qiOmKwBGkzseJt+MgYWrskJADKDZMr4bQxkxnhzCSQoraX7DugxM0fH47MitCc74uZrWIJ6qQjCLBtKzxUGy7B3pYOjLlThr7S64cd12yuR+NjHAFZ2DTXwxKg/FQg==
11:41:19.578 [pool-2-thread-14] WARN eu.europa.esig.dss.validation.SignatureValidationContext - Issuer not found for certificate C-FE5D1FDE82820AC69F0265808C4E694ACF0AFA056B56A4EA84984D52A85BF7D7
11:41:19.581 [pool-2-thread-14] WARN eu.europa.esig.dss.validation.DiagnosticDataBuilder - Provided CertificateSource configuration contains none of trusted sources of type TRUSTED_STORE or TRUSTED_LIST!
11:41:19.582 [pool-2-thread-2] WARN eu.europa.esig.dss.validation.SignatureValidationContext - Issuer not found for certificate C-FE5D1FDE82820AC69F0265808C4E694ACF0AFA056B56A4EA84984D52A85BF7D7
11:41:19.582 [pool-2-thread-2] WARN eu.europa.esig.dss.validation.DiagnosticDataBuilder - Provided CertificateSource configuration contains none of trusted sources of type TRUSTED_STORE or TRUSTED_LIST!
11:41:19.582 [pool-2-thread-19] DEBUG eu.europa.esig.dss.spi.x509.aia.DefaultAIASource - 1 certificate(s) loaded from 'http://ca.luxtrust.lu/LTQCA.crt'
11:41:19.581 [pool-2-thread-9] WARN eu.europa.esig.dss.detailedreport.DetailedReportMessageCollector - The validation at time 'CERTIFICATE_ISSUANCE_TIME' is not found or not performed!
11:41:19.582 [pool-2-thread-14] DEBUG eu.europa.esig.dss.spi.CertificateExtensionsUtils - Unknown non-critical CertificateExtension with OID : '2.16.840.1.113730.1.1'
11:41:19.585 [pool-2-thread-14] DEBUG eu.europa.esig.dss.spi.CertificateExtensionsUtils - Unknown non-critical CertificateExtension with OID : '2.16.840.1.113730.1.1'
11:41:19.586 [pool-2-thread-7] WARN eu.europa.esig.dss.detailedreport.DetailedReportMessageCollector - The validation at time 'CERTIFICATE_ISSUANCE_TIME' is not found or not performed!
11:41:19.587 [pool-2-thread-7] WARN eu.europa.esig.dss.detailedreport.DetailedReportMessageCollector - The validation at time 'CERTIFICATE_ISSUANCE_TIME' is not found or not performed!
11:41:19.587 [pool-2-thread-7] WARN eu.europa.esig.dss.detailedreport.DetailedReportMessageCollector - The validation at time 'CERTIFICATE_ISSUANCE_TIME' is not found or not performed!
11:41:19.587 [pool-2-thread-7] WARN eu.europa.esig.dss.detailedreport.DetailedReportMessageCollector - The validation at time 'VALIDATION_TIME' is not found or not performed!
11:41:19.587 [pool-2-thread-7] WARN eu.europa.esig.dss.detailedreport.DetailedReportMessageCollector - The validation at time 'VALIDATION_TIME' is not found or not performed!
11:41:19.587 [pool-2-thread-7] WARN eu.europa.esig.dss.detailedreport.DetailedReportMessageCollector - The validation at time 'VALIDATION_TIME' is not found or not performed!
11:41:19.583 [pool-2-thread-9] WARN eu.europa.esig.dss.detailedreport.DetailedReportMessageCollector - The validation at time 'VALIDATION_TIME' is not found or not performed!
11:41:19.588 [pool-2-thread-9] WARN eu.europa.esig.dss.detailedreport.DetailedReportMessageCollector - The validation at time 'VALIDATION_TIME' is not found or not performed!
11:41:19.588 [pool-2-thread-9] WARN eu.europa.esig.dss.detailedreport.DetailedReportMessageCollector - The validation at time 'VALIDATION_TIME' is not found or not performed!
11:41:19.583 [pool-2-thread-2] DEBUG eu.europa.esig.dss.spi.CertificateExtensionsUtils - Unknown non-critical CertificateExtension with OID : '2.16.840.1.113730.1.1'
11:41:19.585 [pool-2-thread-19] INFO eu.europa.esig.dss.validation.AIACertificateSource - Retrieving C-FE5D1FDE82820AC69F0265808C4E694ACF0AFA056B56A4EA84984D52A85BF7D7 certificate's issuer using AIA.
11:41:19.586 [pool-2-thread-14] WARN eu.europa.esig.dss.detailedreport.DetailedReportMessageCollector - The validation at time 'CERTIFICATE_ISSUANCE_TIME' is not found or not performed!
11:41:19.588 [pool-2-thread-19] INFO eu.europa.esig.dss.spi.x509.aia.DefaultAIASource - There is no AIA extension for certificate download.
11:41:19.588 [pool-2-thread-14] WARN eu.europa.esig.dss.detailedreport.DetailedReportMessageCollector - The validation at time 'CERTIFICATE_ISSUANCE_TIME' is not found or not performed!
11:41:19.588 [pool-2-thread-14] WARN eu.europa.esig.dss.detailedreport.DetailedReportMessageCollector - The validation at time 'CERTIFICATE_ISSUANCE_TIME' is not found or not performed!
11:41:19.588 [pool-2-thread-19] WARN eu.europa.esig.dss.validation.SignatureValidationContext - No revocation found for the certificate C-D54951FEBBC59D2C2EC01ACCD92CCD8C9D2C7444C2E551BA7EC0DE622C74148C
11:41:19.588 [pool-2-thread-14] WARN eu.europa.esig.dss.detailedreport.DetailedReportMessageCollector - The validation at time 'VALIDATION_TIME' is not found or not performed!
11:41:19.588 [pool-2-thread-14] WARN eu.europa.esig.dss.detailedreport.DetailedReportMessageCollector - The validation at time 'VALIDATION_TIME' is not found or not performed!
11:41:19.588 [pool-2-thread-14] WARN eu.europa.esig.dss.detailedreport.DetailedReportMessageCollector - The validation at time 'VALIDATION_TIME' is not found or not performed!
11:41:19.589 [pool-2-thread-1] INFO eu.europa.esig.dss.validation.CommonCertificateVerifier - + New CommonCertificateVerifier created.
11:41:19.589 [pool-2-thread-2] DEBUG eu.europa.esig.dss.spi.CertificateExtensionsUtils - Unknown non-critical CertificateExtension with OID : '2.16.840.1.113730.1.1'
11:41:19.589 [pool-2-thread-19] WARN eu.europa.esig.dss.validation.SignatureValidationContext - Issuer not found for certificate C-FE5D1FDE82820AC69F0265808C4E694ACF0AFA056B56A4EA84984D52A85BF7D7
11:41:19.589 [pool-2-thread-19] WARN eu.europa.esig.dss.validation.DiagnosticDataBuilder - Provided CertificateSource configuration contains none of trusted sources of type TRUSTED_STORE or TRUSTED_LIST!
11:41:19.590 [pool-2-thread-2] WARN eu.europa.esig.dss.detailedreport.DetailedReportMessageCollector - The validation at time 'CERTIFICATE_ISSUANCE_TIME' is not found or not performed!
11:41:19.590 [pool-2-thread-2] WARN eu.europa.esig.dss.detailedreport.DetailedReportMessageCollector - The validation at time 'CERTIFICATE_ISSUANCE_TIME' is not found or not performed!
11:41:19.590 [pool-2-thread-2] WARN eu.europa.esig.dss.detailedreport.DetailedReportMessageCollector - The validation at time 'CERTIFICATE_ISSUANCE_TIME' is not found or not performed!
11:41:19.590 [pool-2-thread-2] WARN eu.europa.esig.dss.detailedreport.DetailedReportMessageCollector - The validation at time 'VALIDATION_TIME' is not found or not performed!
11:41:19.590 [pool-2-thread-2] WARN eu.europa.esig.dss.detailedreport.DetailedReportMessageCollector - The validation at time 'VALIDATION_TIME' is not found or not performed!
11:41:19.590 [pool-2-thread-2] WARN eu.europa.esig.dss.detailedreport.DetailedReportMessageCollector - The validation at time 'VALIDATION_TIME' is not found or not performed!
11:41:19.590 [pool-2-thread-19] DEBUG eu.europa.esig.dss.spi.CertificateExtensionsUtils - Unknown non-critical CertificateExtension with OID : '2.16.840.1.113730.1.1'
11:41:19.591 [pool-2-thread-13] INFO eu.europa.esig.dss.validation.CommonCertificateVerifier - + New CommonCertificateVerifier created.
11:41:19.591 [pool-2-thread-19] DEBUG eu.europa.esig.dss.spi.CertificateExtensionsUtils - Unknown non-critical CertificateExtension with OID : '2.16.840.1.113730.1.1'
11:41:19.591 [pool-2-thread-13] INFO eu.europa.esig.dss.validation.AIACertificateSource - Retrieving C-D54951FEBBC59D2C2EC01ACCD92CCD8C9D2C7444C2E551BA7EC0DE622C74148C certificate's issuer using AIA.
11:41:19.591 [pool-2-thread-13] DEBUG eu.europa.esig.dss.spi.x509.aia.DefaultAIASource - Loading certificate(s) from 'http://ca.luxtrust.lu/LTQCA.crt'.
11:41:19.591 [pool-2-thread-18] INFO eu.europa.esig.dss.validation.CommonCertificateVerifier - + New CommonCertificateVerifier created.
11:41:19.591 [pool-2-thread-13] DEBUG eu.europa.esig.dss.spi.x509.aia.DefaultAIASource - Base64 content : MIID8DCCAtigAwIBAgICA+swDQYJKoZIhvcNAQEFBQAwQDELMAkGA1UEBhMCTFUxFjAUBgNVBAoTDUx1eFRydXN0IHMuYS4xGTAXBgNVBAMTEEx1eFRydXN0IHJvb3QgQ0EwHhcNMDgwNjA1MDkyNTI0WhcNMTYxMDE4MTA0MDM0WjBFMQswCQYDVQQGEwJMVTEWMBQGA1UEChMNTHV4VHJ1c3QgUy5BLjEeMBwGA1UEAxMVTHV4VHJ1c3QgUXVhbGlmaWVkIENBMIIBIjANBgkqhkiG9w0BAQEFAAOCAQ8AMIIBCgKCAQEAybFXzA+8RNnvlCd+sZ8BnH6WO3LmaLi419Ygd9VBYcIwLmMx9KgAKF3u4B87Hee5NL4Xvhm/B9DuDUH5OGZ3P2Dwf7putVEvATvW8jzYq6CzarUthzb9ux+KTdTT+d4y6tkgVggy9DBe+bz635oZm2PPQT9kzoR48RBN730KA/MJIa0Sa7ZDphL37WHSA4/TWh9F1/LBRVGC0F4Mg1hU/u+kovF5mTuUK+ncU7+FS0cQRhAD+C4WfLI/WuzuE+T6ZuZ6Iqg6+vqgf6iKwL6iVZmwKkJPvV3+3Wgy3zq5tpDvsIGj4kXd1riQGKsEeDfN8y71DG3OdBqF1Yd7ue7ziwIDAQABo4HuMIHrMA8GA1UdEwQIMAYBAf8CAQAwQgYDVR0gBDswOTA3BggrgSsBAQEBADArMCkGCCsGAQUFBwIBFh1odHRwOi8vcmVwb3NpdG9yeS5sdXh0cnVzdC5sdTARBglghkgBhvhCAQEEBAMCAAcwDgYDVR0PAQH/BAQDAgHGMB8GA1UdIwQYMBaAFN2K1zDx+ZFx6UdwDCXlrKGN34wlMDEGA1UdHwQqMCgwJqAkoCKGIGh0dHA6Ly9jcmwubHV4dHJ1c3QubHUvTFRSQ0EuY3JsMB0GA1UdDgQWBBSNkKMH3RoTd5lMkqtNQ94/zSlkBTANBgkqhkiG9w0BAQUFAAOCAQEAapxOpigXTejGgHBWMAwDBMdZQHpPyoCmw32OIj1qqezO5nDnjG5gfJni/rp5IFMpV//xmCkjqyO92PyYbcHNSUpP1SjCkyn10e6ipmzpXK0MbgFvIPglAgA5dXxTNf0Q77eWu36fz5VKQEmJzqoXTccq4nuLL9rLZ88YUlczMaWscETIZCB4kecKVyqHf4+T0JucZqX7zzfpiVyTr2M+OGl9qiOmKwBGkzseJt+MgYWrskJADKDZMr4bQxkxnhzCSQoraX7DugxM0fH47MitCc74uZrWIJ6qQjCLBtKzxUGy7B3pYOjLlThr7S64cd12yuR+NjHAFZ2DTXwxKg/FQg==
11:41:19.592 [pool-2-thread-13] DEBUG eu.europa.esig.dss.spi.x509.aia.DefaultAIASource - 1 certificate(s) loaded from 'http://ca.luxtrust.lu/LTQCA.crt'
11:41:19.593 [pool-2-thread-10] INFO eu.europa.esig.dss.validation.CommonCertificateVerifier - + New CommonCertificateVerifier created.
11:41:19.594 [pool-2-thread-13] INFO eu.europa.esig.dss.validation.AIACertificateSource - Retrieving C-FE5D1FDE82820AC69F0265808C4E694ACF0AFA056B56A4EA84984D52A85BF7D7 certificate's issuer using AIA.
11:41:19.594 [pool-2-thread-13] INFO eu.europa.esig.dss.spi.x509.aia.DefaultAIASource - There is no AIA extension for certificate download.
11:41:19.594 [pool-2-thread-13] WARN eu.europa.esig.dss.validation.SignatureValidationContext - No revocation found for the certificate C-D54951FEBBC59D2C2EC01ACCD92CCD8C9D2C7444C2E551BA7EC0DE622C74148C
11:41:19.595 [pool-2-thread-13] WARN eu.europa.esig.dss.validation.SignatureValidationContext - Issuer not found for certificate C-FE5D1FDE82820AC69F0265808C4E694ACF0AFA056B56A4EA84984D52A85BF7D7
11:41:19.595 [pool-2-thread-13] WARN eu.europa.esig.dss.validation.DiagnosticDataBuilder - Provided CertificateSource configuration contains none of trusted sources of type TRUSTED_STORE or TRUSTED_LIST!
11:41:19.597 [pool-2-thread-13] DEBUG eu.europa.esig.dss.spi.CertificateExtensionsUtils - Unknown non-critical CertificateExtension with OID : '2.16.840.1.113730.1.1'
11:41:19.597 [pool-2-thread-17] INFO eu.europa.esig.dss.validation.CommonCertificateVerifier - + New CommonCertificateVerifier created.
11:41:19.598 [pool-2-thread-13] DEBUG eu.europa.esig.dss.spi.CertificateExtensionsUtils - Unknown non-critical CertificateExtension with OID : '2.16.840.1.113730.1.1'
11:41:19.599 [pool-2-thread-13] WARN eu.europa.esig.dss.detailedreport.DetailedReportMessageCollector - The validation at time 'CERTIFICATE_ISSUANCE_TIME' is not found or not performed!
11:41:19.599 [pool-2-thread-13] WARN eu.europa.esig.dss.detailedreport.DetailedReportMessageCollector - The validation at time 'CERTIFICATE_ISSUANCE_TIME' is not found or not performed!
11:41:19.599 [pool-2-thread-13] WARN eu.europa.esig.dss.detailedreport.DetailedReportMessageCollector - The validation at time 'CERTIFICATE_ISSUANCE_TIME' is not found or not performed!
11:41:19.599 [pool-2-thread-13] WARN eu.europa.esig.dss.detailedreport.DetailedReportMessageCollector - The validation at time 'VALIDATION_TIME' is not found or not performed!
11:41:19.599 [pool-2-thread-13] WARN eu.europa.esig.dss.detailedreport.DetailedReportMessageCollector - The validation at time 'VALIDATION_TIME' is not found or not performed!
11:41:19.599 [pool-2-thread-13] WARN eu.europa.esig.dss.detailedreport.DetailedReportMessageCollector - The validation at time 'VALIDATION_TIME' is not found or not performed!
11:41:19.602 [pool-2-thread-15] INFO eu.europa.esig.dss.validation.CommonCertificateVerifier - + New CommonCertificateVerifier created.
11:41:19.603 [pool-2-thread-19] WARN eu.europa.esig.dss.detailedreport.DetailedReportMessageCollector - The validation at time 'CERTIFICATE_ISSUANCE_TIME' is not found or not performed!
11:41:19.603 [pool-2-thread-19] WARN eu.europa.esig.dss.detailedreport.DetailedReportMessageCollector - The validation at time 'CERTIFICATE_ISSUANCE_TIME' is not found or not performed!
11:41:19.603 [pool-2-thread-19] WARN eu.europa.esig.dss.detailedreport.DetailedReportMessageCollector - The validation at time 'CERTIFICATE_ISSUANCE_TIME' is not found or not performed!
11:41:19.603 [pool-2-thread-19] WARN eu.europa.esig.dss.detailedreport.DetailedReportMessageCollector - The validation at time 'VALIDATION_TIME' is not found or not performed!
11:41:19.603 [pool-2-thread-19] WARN eu.europa.esig.dss.detailedreport.DetailedReportMessageCollector - The validation at time 'VALIDATION_TIME' is not found or not performed!
11:41:19.603 [pool-2-thread-19] WARN eu.europa.esig.dss.detailedreport.DetailedReportMessageCollector - The validation at time 'VALIDATION_TIME' is not found or not performed!
11:41:19.605 [pool-2-thread-20] INFO eu.europa.esig.dss.validation.CommonCertificateVerifier - + New CommonCertificateVerifier created.
11:41:19.605 [pool-2-thread-20] INFO eu.europa.esig.dss.validation.AIACertificateSource - Retrieving C-D54951FEBBC59D2C2EC01ACCD92CCD8C9D2C7444C2E551BA7EC0DE622C74148C certificate's issuer using AIA.
11:41:19.605 [pool-2-thread-20] DEBUG eu.europa.esig.dss.spi.x509.aia.DefaultAIASource - Loading certificate(s) from 'http://ca.luxtrust.lu/LTQCA.crt'.
11:41:19.606 [pool-2-thread-20] DEBUG eu.europa.esig.dss.spi.x509.aia.DefaultAIASource - Base64 content : MIID8DCCAtigAwIBAgICA+swDQYJKoZIhvcNAQEFBQAwQDELMAkGA1UEBhMCTFUxFjAUBgNVBAoTDUx1eFRydXN0IHMuYS4xGTAXBgNVBAMTEEx1eFRydXN0IHJvb3QgQ0EwHhcNMDgwNjA1MDkyNTI0WhcNMTYxMDE4MTA0MDM0WjBFMQswCQYDVQQGEwJMVTEWMBQGA1UEChMNTHV4VHJ1c3QgUy5BLjEeMBwGA1UEAxMVTHV4VHJ1c3QgUXVhbGlmaWVkIENBMIIBIjANBgkqhkiG9w0BAQEFAAOCAQ8AMIIBCgKCAQEAybFXzA+8RNnvlCd+sZ8BnH6WO3LmaLi419Ygd9VBYcIwLmMx9KgAKF3u4B87Hee5NL4Xvhm/B9DuDUH5OGZ3P2Dwf7putVEvATvW8jzYq6CzarUthzb9ux+KTdTT+d4y6tkgVggy9DBe+bz635oZm2PPQT9kzoR48RBN730KA/MJIa0Sa7ZDphL37WHSA4/TWh9F1/LBRVGC0F4Mg1hU/u+kovF5mTuUK+ncU7+FS0cQRhAD+C4WfLI/WuzuE+T6ZuZ6Iqg6+vqgf6iKwL6iVZmwKkJPvV3+3Wgy3zq5tpDvsIGj4kXd1riQGKsEeDfN8y71DG3OdBqF1Yd7ue7ziwIDAQABo4HuMIHrMA8GA1UdEwQIMAYBAf8CAQAwQgYDVR0gBDswOTA3BggrgSsBAQEBADArMCkGCCsGAQUFBwIBFh1odHRwOi8vcmVwb3NpdG9yeS5sdXh0cnVzdC5sdTARBglghkgBhvhCAQEEBAMCAAcwDgYDVR0PAQH/BAQDAgHGMB8GA1UdIwQYMBaAFN2K1zDx+ZFx6UdwDCXlrKGN34wlMDEGA1UdHwQqMCgwJqAkoCKGIGh0dHA6Ly9jcmwubHV4dHJ1c3QubHUvTFRSQ0EuY3JsMB0GA1UdDgQWBBSNkKMH3RoTd5lMkqtNQ94/zSlkBTANBgkqhkiG9w0BAQUFAAOCAQEAapxOpigXTejGgHBWMAwDBMdZQHpPyoCmw32OIj1qqezO5nDnjG5gfJni/rp5IFMpV//xmCkjqyO92PyYbcHNSUpP1SjCkyn10e6ipmzpXK0MbgFvIPglAgA5dXxTNf0Q77eWu36fz5VKQEmJzqoXTccq4nuLL9rLZ88YUlczMaWscETIZCB4kecKVyqHf4+T0JucZqX7zzfpiVyTr2M+OGl9qiOmKwBGkzseJt+MgYWrskJADKDZMr4bQxkxnhzCSQoraX7DugxM0fH47MitCc74uZrWIJ6qQjCLBtKzxUGy7B3pYOjLlThr7S64cd12yuR+NjHAFZ2DTXwxKg/FQg==
11:41:19.607 [pool-2-thread-20] DEBUG eu.europa.esig.dss.spi.x509.aia.DefaultAIASource - 1 certificate(s) loaded from 'http://ca.luxtrust.lu/LTQCA.crt'
11:41:19.609 [pool-2-thread-3] INFO eu.europa.esig.dss.validation.CommonCertificateVerifier - + New CommonCertificateVerifier created.
11:41:19.609 [pool-2-thread-7] INFO eu.europa.esig.dss.validation.CommonCertificateVerifier - + New CommonCertificateVerifier created.
11:41:19.609 [pool-2-thread-14] INFO eu.europa.esig.dss.validation.CommonCertificateVerifier - + New CommonCertificateVerifier created.
11:41:19.609 [pool-2-thread-6] INFO eu.europa.esig.dss.validation.CommonCertificateVerifier - + New CommonCertificateVerifier created.
11:41:19.610 [pool-2-thread-6] INFO eu.europa.esig.dss.validation.AIACertificateSource - Retrieving C-D54951FEBBC59D2C2EC01ACCD92CCD8C9D2C7444C2E551BA7EC0DE622C74148C certificate's issuer using AIA.
11:41:19.611 [pool-2-thread-6] DEBUG eu.europa.esig.dss.spi.x509.aia.DefaultAIASource - Loading certificate(s) from 'http://ca.luxtrust.lu/LTQCA.crt'.
11:41:19.611 [pool-2-thread-6] DEBUG eu.europa.esig.dss.spi.x509.aia.DefaultAIASource - Base64 content : MIID8DCCAtigAwIBAgICA+swDQYJKoZIhvcNAQEFBQAwQDELMAkGA1UEBhMCTFUxFjAUBgNVBAoTDUx1eFRydXN0IHMuYS4xGTAXBgNVBAMTEEx1eFRydXN0IHJvb3QgQ0EwHhcNMDgwNjA1MDkyNTI0WhcNMTYxMDE4MTA0MDM0WjBFMQswCQYDVQQGEwJMVTEWMBQGA1UEChMNTHV4VHJ1c3QgUy5BLjEeMBwGA1UEAxMVTHV4VHJ1c3QgUXVhbGlmaWVkIENBMIIBIjANBgkqhkiG9w0BAQEFAAOCAQ8AMIIBCgKCAQEAybFXzA+8RNnvlCd+sZ8BnH6WO3LmaLi419Ygd9VBYcIwLmMx9KgAKF3u4B87Hee5NL4Xvhm/B9DuDUH5OGZ3P2Dwf7putVEvATvW8jzYq6CzarUthzb9ux+KTdTT+d4y6tkgVggy9DBe+bz635oZm2PPQT9kzoR48RBN730KA/MJIa0Sa7ZDphL37WHSA4/TWh9F1/LBRVGC0F4Mg1hU/u+kovF5mTuUK+ncU7+FS0cQRhAD+C4WfLI/WuzuE+T6ZuZ6Iqg6+vqgf6iKwL6iVZmwKkJPvV3+3Wgy3zq5tpDvsIGj4kXd1riQGKsEeDfN8y71DG3OdBqF1Yd7ue7ziwIDAQABo4HuMIHrMA8GA1UdEwQIMAYBAf8CAQAwQgYDVR0gBDswOTA3BggrgSsBAQEBADArMCkGCCsGAQUFBwIBFh1odHRwOi8vcmVwb3NpdG9yeS5sdXh0cnVzdC5sdTARBglghkgBhvhCAQEEBAMCAAcwDgYDVR0PAQH/BAQDAgHGMB8GA1UdIwQYMBaAFN2K1zDx+ZFx6UdwDCXlrKGN34wlMDEGA1UdHwQqMCgwJqAkoCKGIGh0dHA6Ly9jcmwubHV4dHJ1c3QubHUvTFRSQ0EuY3JsMB0GA1UdDgQWBBSNkKMH3RoTd5lMkqtNQ94/zSlkBTANBgkqhkiG9w0BAQUFAAOCAQEAapxOpigXTejGgHBWMAwDBMdZQHpPyoCmw32OIj1qqezO5nDnjG5gfJni/rp5IFMpV//xmCkjqyO92PyYbcHNSUpP1SjCkyn10e6ipmzpXK0MbgFvIPglAgA5dXxTNf0Q77eWu36fz5VKQEmJzqoXTccq4nuLL9rLZ88YUlczMaWscETIZCB4kecKVyqHf4+T0JucZqX7zzfpiVyTr2M+OGl9qiOmKwBGkzseJt+MgYWrskJADKDZMr4bQxkxnhzCSQoraX7DugxM0fH47MitCc74uZrWIJ6qQjCLBtKzxUGy7B3pYOjLlThr7S64cd12yuR+NjHAFZ2DTXwxKg/FQg==
11:41:19.612 [pool-2-thread-6] DEBUG eu.europa.esig.dss.spi.x509.aia.DefaultAIASource - 1 certificate(s) loaded from 'http://ca.luxtrust.lu/LTQCA.crt'
11:41:19.613 [pool-2-thread-9] INFO eu.europa.esig.dss.validation.CommonCertificateVerifier - + New CommonCertificateVerifier created.
11:41:19.615 [pool-2-thread-6] INFO eu.europa.esig.dss.validation.AIACertificateSource - Retrieving C-FE5D1FDE82820AC69F0265808C4E694ACF0AFA056B56A4EA84984D52A85BF7D7 certificate's issuer using AIA.
11:41:19.615 [pool-2-thread-6] INFO eu.europa.esig.dss.spi.x509.aia.DefaultAIASource - There is no AIA extension for certificate download.
11:41:19.615 [pool-2-thread-6] WARN eu.europa.esig.dss.validation.SignatureValidationContext - No revocation found for the certificate C-D54951FEBBC59D2C2EC01ACCD92CCD8C9D2C7444C2E551BA7EC0DE622C74148C
11:41:19.617 [pool-2-thread-6] WARN eu.europa.esig.dss.validation.SignatureValidationContext - Issuer not found for certificate C-FE5D1FDE82820AC69F0265808C4E694ACF0AFA056B56A4EA84984D52A85BF7D7
11:41:19.618 [pool-2-thread-6] WARN eu.europa.esig.dss.validation.DiagnosticDataBuilder - Provided CertificateSource configuration contains none of trusted sources of type TRUSTED_STORE or TRUSTED_LIST!
11:41:19.619 [pool-2-thread-2] INFO eu.europa.esig.dss.validation.CommonCertificateVerifier - + New CommonCertificateVerifier created.
11:41:19.620 [pool-2-thread-6] DEBUG eu.europa.esig.dss.spi.CertificateExtensionsUtils - Unknown non-critical CertificateExtension with OID : '2.16.840.1.113730.1.1'
11:41:19.620 [pool-2-thread-8] INFO eu.europa.esig.dss.validation.CommonCertificateVerifier - + New CommonCertificateVerifier created.
11:41:19.621 [pool-2-thread-12] INFO eu.europa.esig.dss.validation.CommonCertificateVerifier - + New CommonCertificateVerifier created.
11:41:19.621 [pool-2-thread-8] INFO eu.europa.esig.dss.validation.AIACertificateSource - Retrieving C-D54951FEBBC59D2C2EC01ACCD92CCD8C9D2C7444C2E551BA7EC0DE622C74148C certificate's issuer using AIA.
11:41:19.621 [pool-2-thread-8] DEBUG eu.europa.esig.dss.spi.x509.aia.DefaultAIASource - Loading certificate(s) from 'http://ca.luxtrust.lu/LTQCA.crt'.
11:41:19.621 [pool-2-thread-12] INFO eu.europa.esig.dss.validation.AIACertificateSource - Retrieving C-D54951FEBBC59D2C2EC01ACCD92CCD8C9D2C7444C2E551BA7EC0DE622C74148C certificate's issuer using AIA.
11:41:19.621 [pool-2-thread-8] DEBUG eu.europa.esig.dss.spi.x509.aia.DefaultAIASource - Base64 content : MIID8DCCAtigAwIBAgICA+swDQYJKoZIhvcNAQEFBQAwQDELMAkGA1UEBhMCTFUxFjAUBgNVBAoTDUx1eFRydXN0IHMuYS4xGTAXBgNVBAMTEEx1eFRydXN0IHJvb3QgQ0EwHhcNMDgwNjA1MDkyNTI0WhcNMTYxMDE4MTA0MDM0WjBFMQswCQYDVQQGEwJMVTEWMBQGA1UEChMNTHV4VHJ1c3QgUy5BLjEeMBwGA1UEAxMVTHV4VHJ1c3QgUXVhbGlmaWVkIENBMIIBIjANBgkqhkiG9w0BAQEFAAOCAQ8AMIIBCgKCAQEAybFXzA+8RNnvlCd+sZ8BnH6WO3LmaLi419Ygd9VBYcIwLmMx9KgAKF3u4B87Hee5NL4Xvhm/B9DuDUH5OGZ3P2Dwf7putVEvATvW8jzYq6CzarUthzb9ux+KTdTT+d4y6tkgVggy9DBe+bz635oZm2PPQT9kzoR48RBN730KA/MJIa0Sa7ZDphL37WHSA4/TWh9F1/LBRVGC0F4Mg1hU/u+kovF5mTuUK+ncU7+FS0cQRhAD+C4WfLI/WuzuE+T6ZuZ6Iqg6+vqgf6iKwL6iVZmwKkJPvV3+3Wgy3zq5tpDvsIGj4kXd1riQGKsEeDfN8y71DG3OdBqF1Yd7ue7ziwIDAQABo4HuMIHrMA8GA1UdEwQIMAYBAf8CAQAwQgYDVR0gBDswOTA3BggrgSsBAQEBADArMCkGCCsGAQUFBwIBFh1odHRwOi8vcmVwb3NpdG9yeS5sdXh0cnVzdC5sdTARBglghkgBhvhCAQEEBAMCAAcwDgYDVR0PAQH/BAQDAgHGMB8GA1UdIwQYMBaAFN2K1zDx+ZFx6UdwDCXlrKGN34wlMDEGA1UdHwQqMCgwJqAkoCKGIGh0dHA6Ly9jcmwubHV4dHJ1c3QubHUvTFRSQ0EuY3JsMB0GA1UdDgQWBBSNkKMH3RoTd5lMkqtNQ94/zSlkBTANBgkqhkiG9w0BAQUFAAOCAQEAapxOpigXTejGgHBWMAwDBMdZQHpPyoCmw32OIj1qqezO5nDnjG5gfJni/rp5IFMpV//xmCkjqyO92PyYbcHNSUpP1SjCkyn10e6ipmzpXK0MbgFvIPglAgA5dXxTNf0Q77eWu36fz5VKQEmJzqoXTccq4nuLL9rLZ88YUlczMaWscETIZCB4kecKVyqHf4+T0JucZqX7zzfpiVyTr2M+OGl9qiOmKwBGkzseJt+MgYWrskJADKDZMr4bQxkxnhzCSQoraX7DugxM0fH47MitCc74uZrWIJ6qQjCLBtKzxUGy7B3pYOjLlThr7S64cd12yuR+NjHAFZ2DTXwxKg/FQg==
11:41:19.621 [pool-2-thread-12] DEBUG eu.europa.esig.dss.spi.x509.aia.DefaultAIASource - Loading certificate(s) from 'http://ca.luxtrust.lu/LTQCA.crt'.
11:41:19.622 [pool-2-thread-12] DEBUG eu.europa.esig.dss.spi.x509.aia.DefaultAIASource - Base64 content : MIID8DCCAtigAwIBAgICA+swDQYJKoZIhvcNAQEFBQAwQDELMAkGA1UEBhMCTFUxFjAUBgNVBAoTDUx1eFRydXN0IHMuYS4xGTAXBgNVBAMTEEx1eFRydXN0IHJvb3QgQ0EwHhcNMDgwNjA1MDkyNTI0WhcNMTYxMDE4MTA0MDM0WjBFMQswCQYDVQQGEwJMVTEWMBQGA1UEChMNTHV4VHJ1c3QgUy5BLjEeMBwGA1UEAxMVTHV4VHJ1c3QgUXVhbGlmaWVkIENBMIIBIjANBgkqhkiG9w0BAQEFAAOCAQ8AMIIBCgKCAQEAybFXzA+8RNnvlCd+sZ8BnH6WO3LmaLi419Ygd9VBYcIwLmMx9KgAKF3u4B87Hee5NL4Xvhm/B9DuDUH5OGZ3P2Dwf7putVEvATvW8jzYq6CzarUthzb9ux+KTdTT+d4y6tkgVggy9DBe+bz635oZm2PPQT9kzoR48RBN730KA/MJIa0Sa7ZDphL37WHSA4/TWh9F1/LBRVGC0F4Mg1hU/u+kovF5mTuUK+ncU7+FS0cQRhAD+C4WfLI/WuzuE+T6ZuZ6Iqg6+vqgf6iKwL6iVZmwKkJPvV3+3Wgy3zq5tpDvsIGj4kXd1riQGKsEeDfN8y71DG3OdBqF1Yd7ue7ziwIDAQABo4HuMIHrMA8GA1UdEwQIMAYBAf8CAQAwQgYDVR0gBDswOTA3BggrgSsBAQEBADArMCkGCCsGAQUFBwIBFh1odHRwOi8vcmVwb3NpdG9yeS5sdXh0cnVzdC5sdTARBglghkgBhvhCAQEEBAMCAAcwDgYDVR0PAQH/BAQDAgHGMB8GA1UdIwQYMBaAFN2K1zDx+ZFx6UdwDCXlrKGN34wlMDEGA1UdHwQqMCgwJqAkoCKGIGh0dHA6Ly9jcmwubHV4dHJ1c3QubHUvTFRSQ0EuY3JsMB0GA1UdDgQWBBSNkKMH3RoTd5lMkqtNQ94/zSlkBTANBgkqhkiG9w0BAQUFAAOCAQEAapxOpigXTejGgHBWMAwDBMdZQHpPyoCmw32OIj1qqezO5nDnjG5gfJni/rp5IFMpV//xmCkjqyO92PyYbcHNSUpP1SjCkyn10e6ipmzpXK0MbgFvIPglAgA5dXxTNf0Q77eWu36fz5VKQEmJzqoXTccq4nuLL9rLZ88YUlczMaWscETIZCB4kecKVyqHf4+T0JucZqX7zzfpiVyTr2M+OGl9qiOmKwBGkzseJt+MgYWrskJADKDZMr4bQxkxnhzCSQoraX7DugxM0fH47MitCc74uZrWIJ6qQjCLBtKzxUGy7B3pYOjLlThr7S64cd12yuR+NjHAFZ2DTXwxKg/FQg==
11:41:19.622 [pool-2-thread-8] DEBUG eu.europa.esig.dss.spi.x509.aia.DefaultAIASource - 1 certificate(s) loaded from 'http://ca.luxtrust.lu/LTQCA.crt'
11:41:19.622 [pool-2-thread-12] DEBUG eu.europa.esig.dss.spi.x509.aia.DefaultAIASource - 1 certificate(s) loaded from 'http://ca.luxtrust.lu/LTQCA.crt'
11:41:19.623 [pool-2-thread-6] DEBUG eu.europa.esig.dss.spi.CertificateExtensionsUtils - Unknown non-critical CertificateExtension with OID : '2.16.840.1.113730.1.1'
11:41:19.624 [pool-2-thread-12] INFO eu.europa.esig.dss.validation.AIACertificateSource - Retrieving C-FE5D1FDE82820AC69F0265808C4E694ACF0AFA056B56A4EA84984D52A85BF7D7 certificate's issuer using AIA.
11:41:19.624 [pool-2-thread-12] INFO eu.europa.esig.dss.spi.x509.aia.DefaultAIASource - There is no AIA extension for certificate download.
11:41:19.624 [pool-2-thread-12] WARN eu.europa.esig.dss.validation.SignatureValidationContext - No revocation found for the certificate C-D54951FEBBC59D2C2EC01ACCD92CCD8C9D2C7444C2E551BA7EC0DE622C74148C
11:41:19.625 [pool-2-thread-6] WARN eu.europa.esig.dss.detailedreport.DetailedReportMessageCollector - The validation at time 'CERTIFICATE_ISSUANCE_TIME' is not found or not performed!
11:41:19.625 [pool-2-thread-6] WARN eu.europa.esig.dss.detailedreport.DetailedReportMessageCollector - The validation at time 'CERTIFICATE_ISSUANCE_TIME' is not found or not performed!
11:41:19.625 [pool-2-thread-6] WARN eu.europa.esig.dss.detailedreport.DetailedReportMessageCollector - The validation at time 'CERTIFICATE_ISSUANCE_TIME' is not found or not performed!
11:41:19.625 [pool-2-thread-6] WARN eu.europa.esig.dss.detailedreport.DetailedReportMessageCollector - The validation at time 'VALIDATION_TIME' is not found or not performed!
11:41:19.625 [pool-2-thread-6] WARN eu.europa.esig.dss.detailedreport.DetailedReportMessageCollector - The validation at time 'VALIDATION_TIME' is not found or not performed!
11:41:19.625 [pool-2-thread-6] WARN eu.europa.esig.dss.detailedreport.DetailedReportMessageCollector - The validation at time 'VALIDATION_TIME' is not found or not performed!
11:41:19.625 [pool-2-thread-12] WARN eu.europa.esig.dss.validation.SignatureValidationContext - Issuer not found for certificate C-FE5D1FDE82820AC69F0265808C4E694ACF0AFA056B56A4EA84984D52A85BF7D7
11:41:19.625 [pool-2-thread-8] INFO eu.europa.esig.dss.validation.AIACertificateSource - Retrieving C-FE5D1FDE82820AC69F0265808C4E694ACF0AFA056B56A4EA84984D52A85BF7D7 certificate's issuer using AIA.
11:41:19.625 [pool-2-thread-12] WARN eu.europa.esig.dss.validation.DiagnosticDataBuilder - Provided CertificateSource configuration contains none of trusted sources of type TRUSTED_STORE or TRUSTED_LIST!
11:41:19.625 [pool-2-thread-8] INFO eu.europa.esig.dss.spi.x509.aia.DefaultAIASource - There is no AIA extension for certificate download.
11:41:19.625 [pool-2-thread-8] WARN eu.europa.esig.dss.validation.SignatureValidationContext - No revocation found for the certificate C-D54951FEBBC59D2C2EC01ACCD92CCD8C9D2C7444C2E551BA7EC0DE622C74148C
11:41:19.625 [pool-2-thread-12] DEBUG eu.europa.esig.dss.spi.CertificateExtensionsUtils - Unknown non-critical CertificateExtension with OID : '2.16.840.1.113730.1.1'
11:41:19.627 [pool-2-thread-12] DEBUG eu.europa.esig.dss.spi.CertificateExtensionsUtils - Unknown non-critical CertificateExtension with OID : '2.16.840.1.113730.1.1'
11:41:19.631 [pool-2-thread-4] INFO eu.europa.esig.dss.validation.CommonCertificateVerifier - + New CommonCertificateVerifier created.
11:41:19.632 [pool-2-thread-4] INFO eu.europa.esig.dss.validation.AIACertificateSource - Retrieving C-D54951FEBBC59D2C2EC01ACCD92CCD8C9D2C7444C2E551BA7EC0DE622C74148C certificate's issuer using AIA.
11:41:19.632 [pool-2-thread-4] DEBUG eu.europa.esig.dss.spi.x509.aia.DefaultAIASource - Loading certificate(s) from 'http://ca.luxtrust.lu/LTQCA.crt'.
11:41:19.632 [pool-2-thread-4] DEBUG eu.europa.esig.dss.spi.x509.aia.DefaultAIASource - Base64 content : MIID8DCCAtigAwIBAgICA+swDQYJKoZIhvcNAQEFBQAwQDELMAkGA1UEBhMCTFUxFjAUBgNVBAoTDUx1eFRydXN0IHMuYS4xGTAXBgNVBAMTEEx1eFRydXN0IHJvb3QgQ0EwHhcNMDgwNjA1MDkyNTI0WhcNMTYxMDE4MTA0MDM0WjBFMQswCQYDVQQGEwJMVTEWMBQGA1UEChMNTHV4VHJ1c3QgUy5BLjEeMBwGA1UEAxMVTHV4VHJ1c3QgUXVhbGlmaWVkIENBMIIBIjANBgkqhkiG9w0BAQEFAAOCAQ8AMIIBCgKCAQEAybFXzA+8RNnvlCd+sZ8BnH6WO3LmaLi419Ygd9VBYcIwLmMx9KgAKF3u4B87Hee5NL4Xvhm/B9DuDUH5OGZ3P2Dwf7putVEvATvW8jzYq6CzarUthzb9ux+KTdTT+d4y6tkgVggy9DBe+bz635oZm2PPQT9kzoR48RBN730KA/MJIa0Sa7ZDphL37WHSA4/TWh9F1/LBRVGC0F4Mg1hU/u+kovF5mTuUK+ncU7+FS0cQRhAD+C4WfLI/WuzuE+T6ZuZ6Iqg6+vqgf6iKwL6iVZmwKkJPvV3+3Wgy3zq5tpDvsIGj4kXd1riQGKsEeDfN8y71DG3OdBqF1Yd7ue7ziwIDAQABo4HuMIHrMA8GA1UdEwQIMAYBAf8CAQAwQgYDVR0gBDswOTA3BggrgSsBAQEBADArMCkGCCsGAQUFBwIBFh1odHRwOi8vcmVwb3NpdG9yeS5sdXh0cnVzdC5sdTARBglghkgBhvhCAQEEBAMCAAcwDgYDVR0PAQH/BAQDAgHGMB8GA1UdIwQYMBaAFN2K1zDx+ZFx6UdwDCXlrKGN34wlMDEGA1UdHwQqMCgwJqAkoCKGIGh0dHA6Ly9jcmwubHV4dHJ1c3QubHUvTFRSQ0EuY3JsMB0GA1UdDgQWBBSNkKMH3RoTd5lMkqtNQ94/zSlkBTANBgkqhkiG9w0BAQUFAAOCAQEAapxOpigXTejGgHBWMAwDBMdZQHpPyoCmw32OIj1qqezO5nDnjG5gfJni/rp5IFMpV//xmCkjqyO92PyYbcHNSUpP1SjCkyn10e6ipmzpXK0MbgFvIPglAgA5dXxTNf0Q77eWu36fz5VKQEmJzqoXTccq4nuLL9rLZ88YUlczMaWscETIZCB4kecKVyqHf4+T0JucZqX7zzfpiVyTr2M+OGl9qiOmKwBGkzseJt+MgYWrskJADKDZMr4bQxkxnhzCSQoraX7DugxM0fH47MitCc74uZrWIJ6qQjCLBtKzxUGy7B3pYOjLlThr7S64cd12yuR+NjHAFZ2DTXwxKg/FQg==
11:41:19.633 [pool-2-thread-4] DEBUG eu.europa.esig.dss.spi.x509.aia.DefaultAIASource - 1 certificate(s) loaded from 'http://ca.luxtrust.lu/LTQCA.crt'
11:41:19.634 [pool-2-thread-11] INFO eu.europa.esig.dss.validation.CommonCertificateVerifier - + New CommonCertificateVerifier created.
11:41:19.634 [pool-2-thread-16] INFO eu.europa.esig.dss.validation.CommonCertificateVerifier - + New CommonCertificateVerifier created.
11:41:19.634 [pool-2-thread-11] INFO eu.europa.esig.dss.validation.AIACertificateSource - Retrieving C-D54951FEBBC59D2C2EC01ACCD92CCD8C9D2C7444C2E551BA7EC0DE622C74148C certificate's issuer using AIA.
11:41:19.634 [pool-2-thread-18] INFO eu.europa.esig.dss.validation.CommonCertificateVerifier - + New CommonCertificateVerifier created.
11:41:19.634 [pool-2-thread-1] INFO eu.europa.esig.dss.validation.CommonCertificateVerifier - + New CommonCertificateVerifier created.
11:41:19.635 [pool-2-thread-16] INFO eu.europa.esig.dss.validation.AIACertificateSource - Retrieving C-D54951FEBBC59D2C2EC01ACCD92CCD8C9D2C7444C2E551BA7EC0DE622C74148C certificate's issuer using AIA.
11:41:19.635 [pool-2-thread-11] DEBUG eu.europa.esig.dss.spi.x509.aia.DefaultAIASource - Loading certificate(s) from 'http://ca.luxtrust.lu/LTQCA.crt'.
11:41:19.635 [pool-2-thread-16] DEBUG eu.europa.esig.dss.spi.x509.aia.DefaultAIASource - Loading certificate(s) from 'http://ca.luxtrust.lu/LTQCA.crt'.
11:41:19.635 [pool-2-thread-18] INFO eu.europa.esig.dss.validation.AIACertificateSource - Retrieving C-D54951FEBBC59D2C2EC01ACCD92CCD8C9D2C7444C2E551BA7EC0DE622C74148C certificate's issuer using AIA.
11:41:19.635 [pool-2-thread-1] INFO eu.europa.esig.dss.validation.AIACertificateSource - Retrieving C-D54951FEBBC59D2C2EC01ACCD92CCD8C9D2C7444C2E551BA7EC0DE622C74148C certificate's issuer using AIA.
11:41:19.635 [pool-2-thread-18] DEBUG eu.europa.esig.dss.spi.x509.aia.DefaultAIASource - Loading certificate(s) from 'http://ca.luxtrust.lu/LTQCA.crt'.
11:41:19.635 [pool-2-thread-16] DEBUG eu.europa.esig.dss.spi.x509.aia.DefaultAIASource - Base64 content : MIID8DCCAtigAwIBAgICA+swDQYJKoZIhvcNAQEFBQAwQDELMAkGA1UEBhMCTFUxFjAUBgNVBAoTDUx1eFRydXN0IHMuYS4xGTAXBgNVBAMTEEx1eFRydXN0IHJvb3QgQ0EwHhcNMDgwNjA1MDkyNTI0WhcNMTYxMDE4MTA0MDM0WjBFMQswCQYDVQQGEwJMVTEWMBQGA1UEChMNTHV4VHJ1c3QgUy5BLjEeMBwGA1UEAxMVTHV4VHJ1c3QgUXVhbGlmaWVkIENBMIIBIjANBgkqhkiG9w0BAQEFAAOCAQ8AMIIBCgKCAQEAybFXzA+8RNnvlCd+sZ8BnH6WO3LmaLi419Ygd9VBYcIwLmMx9KgAKF3u4B87Hee5NL4Xvhm/B9DuDUH5OGZ3P2Dwf7putVEvATvW8jzYq6CzarUthzb9ux+KTdTT+d4y6tkgVggy9DBe+bz635oZm2PPQT9kzoR48RBN730KA/MJIa0Sa7ZDphL37WHSA4/TWh9F1/LBRVGC0F4Mg1hU/u+kovF5mTuUK+ncU7+FS0cQRhAD+C4WfLI/WuzuE+T6ZuZ6Iqg6+vqgf6iKwL6iVZmwKkJPvV3+3Wgy3zq5tpDvsIGj4kXd1riQGKsEeDfN8y71DG3OdBqF1Yd7ue7ziwIDAQABo4HuMIHrMA8GA1UdEwQIMAYBAf8CAQAwQgYDVR0gBDswOTA3BggrgSsBAQEBADArMCkGCCsGAQUFBwIBFh1odHRwOi8vcmVwb3NpdG9yeS5sdXh0cnVzdC5sdTARBglghkgBhvhCAQEEBAMCAAcwDgYDVR0PAQH/BAQDAgHGMB8GA1UdIwQYMBaAFN2K1zDx+ZFx6UdwDCXlrKGN34wlMDEGA1UdHwQqMCgwJqAkoCKGIGh0dHA6Ly9jcmwubHV4dHJ1c3QubHUvTFRSQ0EuY3JsMB0GA1UdDgQWBBSNkKMH3RoTd5lMkqtNQ94/zSlkBTANBgkqhkiG9w0BAQUFAAOCAQEAapxOpigXTejGgHBWMAwDBMdZQHpPyoCmw32OIj1qqezO5nDnjG5gfJni/rp5IFMpV//xmCkjqyO92PyYbcHNSUpP1SjCkyn10e6ipmzpXK0MbgFvIPglAgA5dXxTNf0Q77eWu36fz5VKQEmJzqoXTccq4nuLL9rLZ88YUlczMaWscETIZCB4kecKVyqHf4+T0JucZqX7zzfpiVyTr2M+OGl9qiOmKwBGkzseJt+MgYWrskJADKDZMr4bQxkxnhzCSQoraX7DugxM0fH47MitCc74uZrWIJ6qQjCLBtKzxUGy7B3pYOjLlThr7S64cd12yuR+NjHAFZ2DTXwxKg/FQg==
11:41:19.635 [pool-2-thread-18] DEBUG eu.europa.esig.dss.spi.x509.aia.DefaultAIASource - Base64 content : MIID8DCCAtigAwIBAgICA+swDQYJKoZIhvcNAQEFBQAwQDELMAkGA1UEBhMCTFUxFjAUBgNVBAoTDUx1eFRydXN0IHMuYS4xGTAXBgNVBAMTEEx1eFRydXN0IHJvb3QgQ0EwHhcNMDgwNjA1MDkyNTI0WhcNMTYxMDE4MTA0MDM0WjBFMQswCQYDVQQGEwJMVTEWMBQGA1UEChMNTHV4VHJ1c3QgUy5BLjEeMBwGA1UEAxMVTHV4VHJ1c3QgUXVhbGlmaWVkIENBMIIBIjANBgkqhkiG9w0BAQEFAAOCAQ8AMIIBCgKCAQEAybFXzA+8RNnvlCd+sZ8BnH6WO3LmaLi419Ygd9VBYcIwLmMx9KgAKF3u4B87Hee5NL4Xvhm/B9DuDUH5OGZ3P2Dwf7putVEvATvW8jzYq6CzarUthzb9ux+KTdTT+d4y6tkgVggy9DBe+bz635oZm2PPQT9kzoR48RBN730KA/MJIa0Sa7ZDphL37WHSA4/TWh9F1/LBRVGC0F4Mg1hU/u+kovF5mTuUK+ncU7+FS0cQRhAD+C4WfLI/WuzuE+T6ZuZ6Iqg6+vqgf6iKwL6iVZmwKkJPvV3+3Wgy3zq5tpDvsIGj4kXd1riQGKsEeDfN8y71DG3OdBqF1Yd7ue7ziwIDAQABo4HuMIHrMA8GA1UdEwQIMAYBAf8CAQAwQgYDVR0gBDswOTA3BggrgSsBAQEBADArMCkGCCsGAQUFBwIBFh1odHRwOi8vcmVwb3NpdG9yeS5sdXh0cnVzdC5sdTARBglghkgBhvhCAQEEBAMCAAcwDgYDVR0PAQH/BAQDAgHGMB8GA1UdIwQYMBaAFN2K1zDx+ZFx6UdwDCXlrKGN34wlMDEGA1UdHwQqMCgwJqAkoCKGIGh0dHA6Ly9jcmwubHV4dHJ1c3QubHUvTFRSQ0EuY3JsMB0GA1UdDgQWBBSNkKMH3RoTd5lMkqtNQ94/zSlkBTANBgkqhkiG9w0BAQUFAAOCAQEAapxOpigXTejGgHBWMAwDBMdZQHpPyoCmw32OIj1qqezO5nDnjG5gfJni/rp5IFMpV//xmCkjqyO92PyYbcHNSUpP1SjCkyn10e6ipmzpXK0MbgFvIPglAgA5dXxTNf0Q77eWu36fz5VKQEmJzqoXTccq4nuLL9rLZ88YUlczMaWscETIZCB4kecKVyqHf4+T0JucZqX7zzfpiVyTr2M+OGl9qiOmKwBGkzseJt+MgYWrskJADKDZMr4bQxkxnhzCSQoraX7DugxM0fH47MitCc74uZrWIJ6qQjCLBtKzxUGy7B3pYOjLlThr7S64cd12yuR+NjHAFZ2DTXwxKg/FQg==
11:41:19.635 [pool-2-thread-16] DEBUG eu.europa.esig.dss.spi.x509.aia.DefaultAIASource - 1 certificate(s) loaded from 'http://ca.luxtrust.lu/LTQCA.crt'
11:41:19.635 [pool-2-thread-11] DEBUG eu.europa.esig.dss.spi.x509.aia.DefaultAIASource - Base64 content : MIID8DCCAtigAwIBAgICA+swDQYJKoZIhvcNAQEFBQAwQDELMAkGA1UEBhMCTFUxFjAUBgNVBAoTDUx1eFRydXN0IHMuYS4xGTAXBgNVBAMTEEx1eFRydXN0IHJvb3QgQ0EwHhcNMDgwNjA1MDkyNTI0WhcNMTYxMDE4MTA0MDM0WjBFMQswCQYDVQQGEwJMVTEWMBQGA1UEChMNTHV4VHJ1c3QgUy5BLjEeMBwGA1UEAxMVTHV4VHJ1c3QgUXVhbGlmaWVkIENBMIIBIjANBgkqhkiG9w0BAQEFAAOCAQ8AMIIBCgKCAQEAybFXzA+8RNnvlCd+sZ8BnH6WO3LmaLi419Ygd9VBYcIwLmMx9KgAKF3u4B87Hee5NL4Xvhm/B9DuDUH5OGZ3P2Dwf7putVEvATvW8jzYq6CzarUthzb9ux+KTdTT+d4y6tkgVggy9DBe+bz635oZm2PPQT9kzoR48RBN730KA/MJIa0Sa7ZDphL37WHSA4/TWh9F1/LBRVGC0F4Mg1hU/u+kovF5mTuUK+ncU7+FS0cQRhAD+C4WfLI/WuzuE+T6ZuZ6Iqg6+vqgf6iKwL6iVZmwKkJPvV3+3Wgy3zq5tpDvsIGj4kXd1riQGKsEeDfN8y71DG3OdBqF1Yd7ue7ziwIDAQABo4HuMIHrMA8GA1UdEwQIMAYBAf8CAQAwQgYDVR0gBDswOTA3BggrgSsBAQEBADArMCkGCCsGAQUFBwIBFh1odHRwOi8vcmVwb3NpdG9yeS5sdXh0cnVzdC5sdTARBglghkgBhvhCAQEEBAMCAAcwDgYDVR0PAQH/BAQDAgHGMB8GA1UdIwQYMBaAFN2K1zDx+ZFx6UdwDCXlrKGN34wlMDEGA1UdHwQqMCgwJqAkoCKGIGh0dHA6Ly9jcmwubHV4dHJ1c3QubHUvTFRSQ0EuY3JsMB0GA1UdDgQWBBSNkKMH3RoTd5lMkqtNQ94/zSlkBTANBgkqhkiG9w0BAQUFAAOCAQEAapxOpigXTejGgHBWMAwDBMdZQHpPyoCmw32OIj1qqezO5nDnjG5gfJni/rp5IFMpV//xmCkjqyO92PyYbcHNSUpP1SjCkyn10e6ipmzpXK0MbgFvIPglAgA5dXxTNf0Q77eWu36fz5VKQEmJzqoXTccq4nuLL9rLZ88YUlczMaWscETIZCB4kecKVyqHf4+T0JucZqX7zzfpiVyTr2M+OGl9qiOmKwBGkzseJt+MgYWrskJADKDZMr4bQxkxnhzCSQoraX7DugxM0fH47MitCc74uZrWIJ6qQjCLBtKzxUGy7B3pYOjLlThr7S64cd12yuR+NjHAFZ2DTXwxKg/FQg==
11:41:19.636 [pool-2-thread-18] DEBUG eu.europa.esig.dss.spi.x509.aia.DefaultAIASource - 1 certificate(s) loaded from 'http://ca.luxtrust.lu/LTQCA.crt'
11:41:19.636 [pool-2-thread-11] DEBUG eu.europa.esig.dss.spi.x509.aia.DefaultAIASource - 1 certificate(s) loaded from 'http://ca.luxtrust.lu/LTQCA.crt'
11:41:19.637 [pool-2-thread-16] INFO eu.europa.esig.dss.validation.AIACertificateSource - Retrieving C-FE5D1FDE82820AC69F0265808C4E694ACF0AFA056B56A4EA84984D52A85BF7D7 certificate's issuer using AIA.
11:41:19.637 [pool-2-thread-16] INFO eu.europa.esig.dss.spi.x509.aia.DefaultAIASource - There is no AIA extension for certificate download.
11:41:19.637 [pool-2-thread-16] WARN eu.europa.esig.dss.validation.SignatureValidationContext - No revocation found for the certificate C-D54951FEBBC59D2C2EC01ACCD92CCD8C9D2C7444C2E551BA7EC0DE622C74148C
11:41:19.637 [pool-2-thread-11] INFO eu.europa.esig.dss.validation.AIACertificateSource - Retrieving C-FE5D1FDE82820AC69F0265808C4E694ACF0AFA056B56A4EA84984D52A85BF7D7 certificate's issuer using AIA.
11:41:19.637 [pool-2-thread-18] INFO eu.europa.esig.dss.validation.AIACertificateSource - Retrieving C-FE5D1FDE82820AC69F0265808C4E694ACF0AFA056B56A4EA84984D52A85BF7D7 certificate's issuer using AIA.
11:41:19.637 [pool-2-thread-11] INFO eu.europa.esig.dss.spi.x509.aia.DefaultAIASource - There is no AIA extension for certificate download.
11:41:19.637 [pool-2-thread-18] INFO eu.europa.esig.dss.spi.x509.aia.DefaultAIASource - There is no AIA extension for certificate download.
11:41:19.637 [pool-2-thread-11] WARN eu.europa.esig.dss.validation.SignatureValidationContext - No revocation found for the certificate C-D54951FEBBC59D2C2EC01ACCD92CCD8C9D2C7444C2E551BA7EC0DE622C74148C
11:41:19.637 [pool-2-thread-18] WARN eu.europa.esig.dss.validation.SignatureValidationContext - No revocation found for the certificate C-D54951FEBBC59D2C2EC01ACCD92CCD8C9D2C7444C2E551BA7EC0DE622C74148C
11:41:19.631 [pool-2-thread-8] WARN eu.europa.esig.dss.validation.SignatureValidationContext - Issuer not found for certificate C-FE5D1FDE82820AC69F0265808C4E694ACF0AFA056B56A4EA84984D52A85BF7D7
11:41:19.634 [pool-2-thread-4] INFO eu.europa.esig.dss.validation.AIACertificateSource - Retrieving C-FE5D1FDE82820AC69F0265808C4E694ACF0AFA056B56A4EA84984D52A85BF7D7 certificate's issuer using AIA.
11:41:19.638 [pool-2-thread-8] WARN eu.europa.esig.dss.validation.DiagnosticDataBuilder - Provided CertificateSource configuration contains none of trusted sources of type TRUSTED_STORE or TRUSTED_LIST!
11:41:19.635 [pool-2-thread-1] DEBUG eu.europa.esig.dss.spi.x509.aia.DefaultAIASource - Loading certificate(s) from 'http://ca.luxtrust.lu/LTQCA.crt'.
11:41:19.638 [pool-2-thread-16] WARN eu.europa.esig.dss.validation.SignatureValidationContext - Issuer not found for certificate C-FE5D1FDE82820AC69F0265808C4E694ACF0AFA056B56A4EA84984D52A85BF7D7
11:41:19.638 [pool-2-thread-4] INFO eu.europa.esig.dss.spi.x509.aia.DefaultAIASource - There is no AIA extension for certificate download.
11:41:19.638 [pool-2-thread-4] WARN eu.europa.esig.dss.validation.SignatureValidationContext - No revocation found for the certificate C-D54951FEBBC59D2C2EC01ACCD92CCD8C9D2C7444C2E551BA7EC0DE622C74148C
11:41:19.638 [pool-2-thread-18] WARN eu.europa.esig.dss.validation.SignatureValidationContext - Issuer not found for certificate C-FE5D1FDE82820AC69F0265808C4E694ACF0AFA056B56A4EA84984D52A85BF7D7
11:41:19.638 [pool-2-thread-18] WARN eu.europa.esig.dss.validation.DiagnosticDataBuilder - Provided CertificateSource configuration contains none of trusted sources of type TRUSTED_STORE or TRUSTED_LIST!
11:41:19.638 [pool-2-thread-8] DEBUG eu.europa.esig.dss.spi.CertificateExtensionsUtils - Unknown non-critical CertificateExtension with OID : '2.16.840.1.113730.1.1'
11:41:19.639 [pool-2-thread-18] DEBUG eu.europa.esig.dss.spi.CertificateExtensionsUtils - Unknown non-critical CertificateExtension with OID : '2.16.840.1.113730.1.1'
11:41:19.639 [pool-2-thread-4] WARN eu.europa.esig.dss.validation.SignatureValidationContext - Issuer not found for certificate C-FE5D1FDE82820AC69F0265808C4E694ACF0AFA056B56A4EA84984D52A85BF7D7
11:41:19.639 [pool-2-thread-8] DEBUG eu.europa.esig.dss.spi.CertificateExtensionsUtils - Unknown non-critical CertificateExtension with OID : '2.16.840.1.113730.1.1'
11:41:19.639 [pool-2-thread-4] WARN eu.europa.esig.dss.validation.DiagnosticDataBuilder - Provided CertificateSource configuration contains none of trusted sources of type TRUSTED_STORE or TRUSTED_LIST!
11:41:19.640 [pool-2-thread-18] DEBUG eu.europa.esig.dss.spi.CertificateExtensionsUtils - Unknown non-critical CertificateExtension with OID : '2.16.840.1.113730.1.1'
11:41:19.640 [pool-2-thread-8] WARN eu.europa.esig.dss.detailedreport.DetailedReportMessageCollector - The validation at time 'CERTIFICATE_ISSUANCE_TIME' is not found or not performed!
11:41:19.640 [pool-2-thread-8] WARN eu.europa.esig.dss.detailedreport.DetailedReportMessageCollector - The validation at time 'CERTIFICATE_ISSUANCE_TIME' is not found or not performed!
11:41:19.640 [pool-2-thread-8] WARN eu.europa.esig.dss.detailedreport.DetailedReportMessageCollector - The validation at time 'CERTIFICATE_ISSUANCE_TIME' is not found or not performed!
11:41:19.640 [pool-2-thread-8] WARN eu.europa.esig.dss.detailedreport.DetailedReportMessageCollector - The validation at time 'VALIDATION_TIME' is not found or not performed!
11:41:19.640 [pool-2-thread-8] WARN eu.europa.esig.dss.detailedreport.DetailedReportMessageCollector - The validation at time 'VALIDATION_TIME' is not found or not performed!
11:41:19.640 [pool-2-thread-8] WARN eu.europa.esig.dss.detailedreport.DetailedReportMessageCollector - The validation at time 'VALIDATION_TIME' is not found or not performed!
11:41:19.640 [pool-2-thread-18] WARN eu.europa.esig.dss.detailedreport.DetailedReportMessageCollector - The validation at time 'CERTIFICATE_ISSUANCE_TIME' is not found or not performed!
11:41:19.640 [pool-2-thread-18] WARN eu.europa.esig.dss.detailedreport.DetailedReportMessageCollector - The validation at time 'CERTIFICATE_ISSUANCE_TIME' is not found or not performed!
11:41:19.640 [pool-2-thread-18] WARN eu.europa.esig.dss.detailedreport.DetailedReportMessageCollector - The validation at time 'CERTIFICATE_ISSUANCE_TIME' is not found or not performed!
11:41:19.640 [pool-2-thread-18] WARN eu.europa.esig.dss.detailedreport.DetailedReportMessageCollector - The validation at time 'VALIDATION_TIME' is not found or not performed!
11:41:19.640 [pool-2-thread-18] WARN eu.europa.esig.dss.detailedreport.DetailedReportMessageCollector - The validation at time 'VALIDATION_TIME' is not found or not performed!
11:41:19.640 [pool-2-thread-18] WARN eu.europa.esig.dss.detailedreport.DetailedReportMessageCollector - The validation at time 'VALIDATION_TIME' is not found or not performed!
11:41:19.641 [pool-2-thread-13] INFO eu.europa.esig.dss.validation.CommonCertificateVerifier - + New CommonCertificateVerifier created.
11:41:19.638 [pool-2-thread-1] DEBUG eu.europa.esig.dss.spi.x509.aia.DefaultAIASource - Base64 content : MIID8DCCAtigAwIBAgICA+swDQYJKoZIhvcNAQEFBQAwQDELMAkGA1UEBhMCTFUxFjAUBgNVBAoTDUx1eFRydXN0IHMuYS4xGTAXBgNVBAMTEEx1eFRydXN0IHJvb3QgQ0EwHhcNMDgwNjA1MDkyNTI0WhcNMTYxMDE4MTA0MDM0WjBFMQswCQYDVQQGEwJMVTEWMBQGA1UEChMNTHV4VHJ1c3QgUy5BLjEeMBwGA1UEAxMVTHV4VHJ1c3QgUXVhbGlmaWVkIENBMIIBIjANBgkqhkiG9w0BAQEFAAOCAQ8AMIIBCgKCAQEAybFXzA+8RNnvlCd+sZ8BnH6WO3LmaLi419Ygd9VBYcIwLmMx9KgAKF3u4B87Hee5NL4Xvhm/B9DuDUH5OGZ3P2Dwf7putVEvATvW8jzYq6CzarUthzb9ux+KTdTT+d4y6tkgVggy9DBe+bz635oZm2PPQT9kzoR48RBN730KA/MJIa0Sa7ZDphL37WHSA4/TWh9F1/LBRVGC0F4Mg1hU/u+kovF5mTuUK+ncU7+FS0cQRhAD+C4WfLI/WuzuE+T6ZuZ6Iqg6+vqgf6iKwL6iVZmwKkJPvV3+3Wgy3zq5tpDvsIGj4kXd1riQGKsEeDfN8y71DG3OdBqF1Yd7ue7ziwIDAQABo4HuMIHrMA8GA1UdEwQIMAYBAf8CAQAwQgYDVR0gBDswOTA3BggrgSsBAQEBADArMCkGCCsGAQUFBwIBFh1odHRwOi8vcmVwb3NpdG9yeS5sdXh0cnVzdC5sdTARBglghkgBhvhCAQEEBAMCAAcwDgYDVR0PAQH/BAQDAgHGMB8GA1UdIwQYMBaAFN2K1zDx+ZFx6UdwDCXlrKGN34wlMDEGA1UdHwQqMCgwJqAkoCKGIGh0dHA6Ly9jcmwubHV4dHJ1c3QubHUvTFRSQ0EuY3JsMB0GA1UdDgQWBBSNkKMH3RoTd5lMkqtNQ94/zSlkBTANBgkqhkiG9w0BAQUFAAOCAQEAapxOpigXTejGgHBWMAwDBMdZQHpPyoCmw32OIj1qqezO5nDnjG5gfJni/rp5IFMpV//xmCkjqyO92PyYbcHNSUpP1SjCkyn10e6ipmzpXK0MbgFvIPglAgA5dXxTNf0Q77eWu36fz5VKQEmJzqoXTccq4nuLL9rLZ88YUlczMaWscETIZCB4kecKVyqHf4+T0JucZqX7zzfpiVyTr2M+OGl9qiOmKwBGkzseJt+MgYWrskJADKDZMr4bQxkxnhzCSQoraX7DugxM0fH47MitCc74uZrWIJ6qQjCLBtKzxUGy7B3pYOjLlThr7S64cd12yuR+NjHAFZ2DTXwxKg/FQg==
11:41:19.642 [pool-2-thread-1] DEBUG eu.europa.esig.dss.spi.x509.aia.DefaultAIASource - 1 certificate(s) loaded from 'http://ca.luxtrust.lu/LTQCA.crt'
11:41:19.639 [pool-2-thread-20] INFO eu.europa.esig.dss.validation.AIACertificateSource - Retrieving C-FE5D1FDE82820AC69F0265808C4E694ACF0AFA056B56A4EA84984D52A85BF7D7 certificate's issuer using AIA.
11:41:19.643 [pool-2-thread-20] INFO eu.europa.esig.dss.spi.x509.aia.DefaultAIASource - There is no AIA extension for certificate download.
11:41:19.643 [pool-2-thread-20] WARN eu.europa.esig.dss.validation.SignatureValidationContext - No revocation found for the certificate C-D54951FEBBC59D2C2EC01ACCD92CCD8C9D2C7444C2E551BA7EC0DE622C74148C
11:41:19.644 [pool-2-thread-1] INFO eu.europa.esig.dss.validation.AIACertificateSource - Retrieving C-FE5D1FDE82820AC69F0265808C4E694ACF0AFA056B56A4EA84984D52A85BF7D7 certificate's issuer using AIA.
11:41:19.644 [pool-2-thread-1] INFO eu.europa.esig.dss.spi.x509.aia.DefaultAIASource - There is no AIA extension for certificate download.
11:41:19.644 [pool-2-thread-1] WARN eu.europa.esig.dss.validation.SignatureValidationContext - No revocation found for the certificate C-D54951FEBBC59D2C2EC01ACCD92CCD8C9D2C7444C2E551BA7EC0DE622C74148C
11:41:19.644 [pool-2-thread-20] WARN eu.europa.esig.dss.validation.SignatureValidationContext - Issuer not found for certificate C-FE5D1FDE82820AC69F0265808C4E694ACF0AFA056B56A4EA84984D52A85BF7D7
11:41:19.644 [pool-2-thread-20] WARN eu.europa.esig.dss.validation.DiagnosticDataBuilder - Provided CertificateSource configuration contains none of trusted sources of type TRUSTED_STORE or TRUSTED_LIST!
11:41:19.645 [pool-2-thread-20] DEBUG eu.europa.esig.dss.spi.CertificateExtensionsUtils - Unknown non-critical CertificateExtension with OID : '2.16.840.1.113730.1.1'
11:41:19.645 [pool-2-thread-19] INFO eu.europa.esig.dss.validation.CommonCertificateVerifier - + New CommonCertificateVerifier created.
11:41:19.646 [pool-2-thread-11] WARN eu.europa.esig.dss.validation.SignatureValidationContext - Issuer not found for certificate C-FE5D1FDE82820AC69F0265808C4E694ACF0AFA056B56A4EA84984D52A85BF7D7
11:41:19.646 [pool-2-thread-11] WARN eu.europa.esig.dss.validation.DiagnosticDataBuilder - Provided CertificateSource configuration contains none of trusted sources of type TRUSTED_STORE or TRUSTED_LIST!
11:41:19.646 [pool-2-thread-20] DEBUG eu.europa.esig.dss.spi.CertificateExtensionsUtils - Unknown non-critical CertificateExtension with OID : '2.16.840.1.113730.1.1'
11:41:19.646 [pool-2-thread-11] DEBUG eu.europa.esig.dss.spi.CertificateExtensionsUtils - Unknown non-critical CertificateExtension with OID : '2.16.840.1.113730.1.1'
11:41:19.639 [pool-2-thread-16] WARN eu.europa.esig.dss.validation.DiagnosticDataBuilder - Provided CertificateSource configuration contains none of trusted sources of type TRUSTED_STORE or TRUSTED_LIST!
11:41:19.645 [pool-2-thread-1] WARN eu.europa.esig.dss.validation.SignatureValidationContext - Issuer not found for certificate C-FE5D1FDE82820AC69F0265808C4E694ACF0AFA056B56A4EA84984D52A85BF7D7
11:41:19.646 [pool-2-thread-1] WARN eu.europa.esig.dss.validation.DiagnosticDataBuilder - Provided CertificateSource configuration contains none of trusted sources of type TRUSTED_STORE or TRUSTED_LIST!
11:41:19.647 [pool-2-thread-20] WARN eu.europa.esig.dss.detailedreport.DetailedReportMessageCollector - The validation at time 'CERTIFICATE_ISSUANCE_TIME' is not found or not performed!
11:41:19.647 [pool-2-thread-20] WARN eu.europa.esig.dss.detailedreport.DetailedReportMessageCollector - The validation at time 'CERTIFICATE_ISSUANCE_TIME' is not found or not performed!
11:41:19.647 [pool-2-thread-20] WARN eu.europa.esig.dss.detailedreport.DetailedReportMessageCollector - The validation at time 'CERTIFICATE_ISSUANCE_TIME' is not found or not performed!
11:41:19.647 [pool-2-thread-16] DEBUG eu.europa.esig.dss.spi.CertificateExtensionsUtils - Unknown non-critical CertificateExtension with OID : '2.16.840.1.113730.1.1'
11:41:19.647 [pool-2-thread-20] WARN eu.europa.esig.dss.detailedreport.DetailedReportMessageCollector - The validation at time 'VALIDATION_TIME' is not found or not performed!
11:41:19.647 [pool-2-thread-20] WARN eu.europa.esig.dss.detailedreport.DetailedReportMessageCollector - The validation at time 'VALIDATION_TIME' is not found or not performed!
11:41:19.647 [pool-2-thread-20] WARN eu.europa.esig.dss.detailedreport.DetailedReportMessageCollector - The validation at time 'VALIDATION_TIME' is not found or not performed!
11:41:19.647 [pool-2-thread-1] DEBUG eu.europa.esig.dss.spi.CertificateExtensionsUtils - Unknown non-critical CertificateExtension with OID : '2.16.840.1.113730.1.1'
11:41:19.648 [pool-2-thread-1] DEBUG eu.europa.esig.dss.spi.CertificateExtensionsUtils - Unknown non-critical CertificateExtension with OID : '2.16.840.1.113730.1.1'
11:41:19.648 [pool-2-thread-16] DEBUG eu.europa.esig.dss.spi.CertificateExtensionsUtils - Unknown non-critical CertificateExtension with OID : '2.16.840.1.113730.1.1'
11:41:19.650 [pool-2-thread-12] WARN eu.europa.esig.dss.detailedreport.DetailedReportMessageCollector - The validation at time 'CERTIFICATE_ISSUANCE_TIME' is not found or not performed!
11:41:19.650 [pool-2-thread-12] WARN eu.europa.esig.dss.detailedreport.DetailedReportMessageCollector - The validation at time 'CERTIFICATE_ISSUANCE_TIME' is not found or not performed!
11:41:19.650 [pool-2-thread-12] WARN eu.europa.esig.dss.detailedreport.DetailedReportMessageCollector - The validation at time 'CERTIFICATE_ISSUANCE_TIME' is not found or not performed!
11:41:19.650 [pool-2-thread-16] WARN eu.europa.esig.dss.detailedreport.DetailedReportMessageCollector - The validation at time 'CERTIFICATE_ISSUANCE_TIME' is not found or not performed!
11:41:19.650 [pool-2-thread-12] WARN eu.europa.esig.dss.detailedreport.DetailedReportMessageCollector - The validation at time 'VALIDATION_TIME' is not found or not performed!
11:41:19.650 [pool-2-thread-12] WARN eu.europa.esig.dss.detailedreport.DetailedReportMessageCollector - The validation at time 'VALIDATION_TIME' is not found or not performed!
11:41:19.650 [pool-2-thread-16] WARN eu.europa.esig.dss.detailedreport.DetailedReportMessageCollector - The validation at time 'CERTIFICATE_ISSUANCE_TIME' is not found or not performed!
11:41:19.650 [pool-2-thread-12] WARN eu.europa.esig.dss.detailedreport.DetailedReportMessageCollector - The validation at time 'VALIDATION_TIME' is not found or not performed!
11:41:19.650 [pool-2-thread-16] WARN eu.europa.esig.dss.detailedreport.DetailedReportMessageCollector - The validation at time 'CERTIFICATE_ISSUANCE_TIME' is not found or not performed!
11:41:19.650 [pool-2-thread-16] WARN eu.europa.esig.dss.detailedreport.DetailedReportMessageCollector - The validation at time 'VALIDATION_TIME' is not found or not performed!
11:41:19.650 [pool-2-thread-16] WARN eu.europa.esig.dss.detailedreport.DetailedReportMessageCollector - The validation at time 'VALIDATION_TIME' is not found or not performed!
11:41:19.650 [pool-2-thread-16] WARN eu.europa.esig.dss.detailedreport.DetailedReportMessageCollector - The validation at time 'VALIDATION_TIME' is not found or not performed!
11:41:19.650 [pool-2-thread-5] INFO eu.europa.esig.dss.validation.CommonCertificateVerifier - + New CommonCertificateVerifier created.
11:41:19.650 [pool-2-thread-10] INFO eu.europa.esig.dss.validation.CommonCertificateVerifier - + New CommonCertificateVerifier created.
11:41:19.650 [pool-2-thread-5] INFO eu.europa.esig.dss.validation.AIACertificateSource - Retrieving C-D54951FEBBC59D2C2EC01ACCD92CCD8C9D2C7444C2E551BA7EC0DE622C74148C certificate's issuer using AIA.
11:41:19.651 [pool-2-thread-5] DEBUG eu.europa.esig.dss.spi.x509.aia.DefaultAIASource - Loading certificate(s) from 'http://ca.luxtrust.lu/LTQCA.crt'.
11:41:19.651 [pool-2-thread-5] DEBUG eu.europa.esig.dss.spi.x509.aia.DefaultAIASource - Base64 content : MIID8DCCAtigAwIBAgICA+swDQYJKoZIhvcNAQEFBQAwQDELMAkGA1UEBhMCTFUxFjAUBgNVBAoTDUx1eFRydXN0IHMuYS4xGTAXBgNVBAMTEEx1eFRydXN0IHJvb3QgQ0EwHhcNMDgwNjA1MDkyNTI0WhcNMTYxMDE4MTA0MDM0WjBFMQswCQYDVQQGEwJMVTEWMBQGA1UEChMNTHV4VHJ1c3QgUy5BLjEeMBwGA1UEAxMVTHV4VHJ1c3QgUXVhbGlmaWVkIENBMIIBIjANBgkqhkiG9w0BAQEFAAOCAQ8AMIIBCgKCAQEAybFXzA+8RNnvlCd+sZ8BnH6WO3LmaLi419Ygd9VBYcIwLmMx9KgAKF3u4B87Hee5NL4Xvhm/B9DuDUH5OGZ3P2Dwf7putVEvATvW8jzYq6CzarUthzb9ux+KTdTT+d4y6tkgVggy9DBe+bz635oZm2PPQT9kzoR48RBN730KA/MJIa0Sa7ZDphL37WHSA4/TWh9F1/LBRVGC0F4Mg1hU/u+kovF5mTuUK+ncU7+FS0cQRhAD+C4WfLI/WuzuE+T6ZuZ6Iqg6+vqgf6iKwL6iVZmwKkJPvV3+3Wgy3zq5tpDvsIGj4kXd1riQGKsEeDfN8y71DG3OdBqF1Yd7ue7ziwIDAQABo4HuMIHrMA8GA1UdEwQIMAYBAf8CAQAwQgYDVR0gBDswOTA3BggrgSsBAQEBADArMCkGCCsGAQUFBwIBFh1odHRwOi8vcmVwb3NpdG9yeS5sdXh0cnVzdC5sdTARBglghkgBhvhCAQEEBAMCAAcwDgYDVR0PAQH/BAQDAgHGMB8GA1UdIwQYMBaAFN2K1zDx+ZFx6UdwDCXlrKGN34wlMDEGA1UdHwQqMCgwJqAkoCKGIGh0dHA6Ly9jcmwubHV4dHJ1c3QubHUvTFRSQ0EuY3JsMB0GA1UdDgQWBBSNkKMH3RoTd5lMkqtNQ94/zSlkBTANBgkqhkiG9w0BAQUFAAOCAQEAapxOpigXTejGgHBWMAwDBMdZQHpPyoCmw32OIj1qqezO5nDnjG5gfJni/rp5IFMpV//xmCkjqyO92PyYbcHNSUpP1SjCkyn10e6ipmzpXK0MbgFvIPglAgA5dXxTNf0Q77eWu36fz5VKQEmJzqoXTccq4nuLL9rLZ88YUlczMaWscETIZCB4kecKVyqHf4+T0JucZqX7zzfpiVyTr2M+OGl9qiOmKwBGkzseJt+MgYWrskJADKDZMr4bQxkxnhzCSQoraX7DugxM0fH47MitCc74uZrWIJ6qQjCLBtKzxUGy7B3pYOjLlThr7S64cd12yuR+NjHAFZ2DTXwxKg/FQg==
11:41:19.652 [pool-2-thread-10] INFO eu.europa.esig.dss.validation.AIACertificateSource - Retrieving C-D54951FEBBC59D2C2EC01ACCD92CCD8C9D2C7444C2E551BA7EC0DE622C74148C certificate's issuer using AIA.
11:41:19.652 [pool-2-thread-5] DEBUG eu.europa.esig.dss.spi.x509.aia.DefaultAIASource - 1 certificate(s) loaded from 'http://ca.luxtrust.lu/LTQCA.crt'
11:41:19.652 [pool-2-thread-10] DEBUG eu.europa.esig.dss.spi.x509.aia.DefaultAIASource - Loading certificate(s) from 'http://ca.luxtrust.lu/LTQCA.crt'.
11:41:19.653 [pool-2-thread-10] DEBUG eu.europa.esig.dss.spi.x509.aia.DefaultAIASource - Base64 content : MIID8DCCAtigAwIBAgICA+swDQYJKoZIhvcNAQEFBQAwQDELMAkGA1UEBhMCTFUxFjAUBgNVBAoTDUx1eFRydXN0IHMuYS4xGTAXBgNVBAMTEEx1eFRydXN0IHJvb3QgQ0EwHhcNMDgwNjA1MDkyNTI0WhcNMTYxMDE4MTA0MDM0WjBFMQswCQYDVQQGEwJMVTEWMBQGA1UEChMNTHV4VHJ1c3QgUy5BLjEeMBwGA1UEAxMVTHV4VHJ1c3QgUXVhbGlmaWVkIENBMIIBIjANBgkqhkiG9w0BAQEFAAOCAQ8AMIIBCgKCAQEAybFXzA+8RNnvlCd+sZ8BnH6WO3LmaLi419Ygd9VBYcIwLmMx9KgAKF3u4B87Hee5NL4Xvhm/B9DuDUH5OGZ3P2Dwf7putVEvATvW8jzYq6CzarUthzb9ux+KTdTT+d4y6tkgVggy9DBe+bz635oZm2PPQT9kzoR48RBN730KA/MJIa0Sa7ZDphL37WHSA4/TWh9F1/LBRVGC0F4Mg1hU/u+kovF5mTuUK+ncU7+FS0cQRhAD+C4WfLI/WuzuE+T6ZuZ6Iqg6+vqgf6iKwL6iVZmwKkJPvV3+3Wgy3zq5tpDvsIGj4kXd1riQGKsEeDfN8y71DG3OdBqF1Yd7ue7ziwIDAQABo4HuMIHrMA8GA1UdEwQIMAYBAf8CAQAwQgYDVR0gBDswOTA3BggrgSsBAQEBADArMCkGCCsGAQUFBwIBFh1odHRwOi8vcmVwb3NpdG9yeS5sdXh0cnVzdC5sdTARBglghkgBhvhCAQEEBAMCAAcwDgYDVR0PAQH/BAQDAgHGMB8GA1UdIwQYMBaAFN2K1zDx+ZFx6UdwDCXlrKGN34wlMDEGA1UdHwQqMCgwJqAkoCKGIGh0dHA6Ly9jcmwubHV4dHJ1c3QubHUvTFRSQ0EuY3JsMB0GA1UdDgQWBBSNkKMH3RoTd5lMkqtNQ94/zSlkBTANBgkqhkiG9w0BAQUFAAOCAQEAapxOpigXTejGgHBWMAwDBMdZQHpPyoCmw32OIj1qqezO5nDnjG5gfJni/rp5IFMpV//xmCkjqyO92PyYbcHNSUpP1SjCkyn10e6ipmzpXK0MbgFvIPglAgA5dXxTNf0Q77eWu36fz5VKQEmJzqoXTccq4nuLL9rLZ88YUlczMaWscETIZCB4kecKVyqHf4+T0JucZqX7zzfpiVyTr2M+OGl9qiOmKwBGkzseJt+MgYWrskJADKDZMr4bQxkxnhzCSQoraX7DugxM0fH47MitCc74uZrWIJ6qQjCLBtKzxUGy7B3pYOjLlThr7S64cd12yuR+NjHAFZ2DTXwxKg/FQg==
11:41:19.650 [pool-2-thread-1] WARN eu.europa.esig.dss.detailedreport.DetailedReportMessageCollector - The validation at time 'CERTIFICATE_ISSUANCE_TIME' is not found or not performed!
11:41:19.653 [pool-2-thread-10] DEBUG eu.europa.esig.dss.spi.x509.aia.DefaultAIASource - 1 certificate(s) loaded from 'http://ca.luxtrust.lu/LTQCA.crt'
11:41:19.653 [pool-2-thread-1] WARN eu.europa.esig.dss.detailedreport.DetailedReportMessageCollector - The validation at time 'CERTIFICATE_ISSUANCE_TIME' is not found or not performed!
11:41:19.653 [pool-2-thread-1] WARN eu.europa.esig.dss.detailedreport.DetailedReportMessageCollector - The validation at time 'CERTIFICATE_ISSUANCE_TIME' is not found or not performed!
11:41:19.653 [pool-2-thread-1] WARN eu.europa.esig.dss.detailedreport.DetailedReportMessageCollector - The validation at time 'VALIDATION_TIME' is not found or not performed!
11:41:19.653 [pool-2-thread-1] WARN eu.europa.esig.dss.detailedreport.DetailedReportMessageCollector - The validation at time 'VALIDATION_TIME' is not found or not performed!
11:41:19.653 [pool-2-thread-1] WARN eu.europa.esig.dss.detailedreport.DetailedReportMessageCollector - The validation at time 'VALIDATION_TIME' is not found or not performed!
11:41:19.654 [pool-2-thread-5] INFO eu.europa.esig.dss.validation.AIACertificateSource - Retrieving C-FE5D1FDE82820AC69F0265808C4E694ACF0AFA056B56A4EA84984D52A85BF7D7 certificate's issuer using AIA.
11:41:19.654 [pool-2-thread-5] INFO eu.europa.esig.dss.spi.x509.aia.DefaultAIASource - There is no AIA extension for certificate download.
11:41:19.654 [pool-2-thread-5] WARN eu.europa.esig.dss.validation.SignatureValidationContext - No revocation found for the certificate C-D54951FEBBC59D2C2EC01ACCD92CCD8C9D2C7444C2E551BA7EC0DE622C74148C
11:41:19.654 [pool-2-thread-10] INFO eu.europa.esig.dss.validation.AIACertificateSource - Retrieving C-FE5D1FDE82820AC69F0265808C4E694ACF0AFA056B56A4EA84984D52A85BF7D7 certificate's issuer using AIA.
11:41:19.654 [pool-2-thread-10] INFO eu.europa.esig.dss.spi.x509.aia.DefaultAIASource - There is no AIA extension for certificate download.
11:41:19.654 [pool-2-thread-10] WARN eu.europa.esig.dss.validation.SignatureValidationContext - No revocation found for the certificate C-D54951FEBBC59D2C2EC01ACCD92CCD8C9D2C7444C2E551BA7EC0DE622C74148C
11:41:19.655 [pool-2-thread-5] WARN eu.europa.esig.dss.validation.SignatureValidationContext - Issuer not found for certificate C-FE5D1FDE82820AC69F0265808C4E694ACF0AFA056B56A4EA84984D52A85BF7D7
11:41:19.655 [pool-2-thread-5] WARN eu.europa.esig.dss.validation.DiagnosticDataBuilder - Provided CertificateSource configuration contains none of trusted sources of type TRUSTED_STORE or TRUSTED_LIST!
11:41:19.655 [pool-2-thread-10] WARN eu.europa.esig.dss.validation.SignatureValidationContext - Issuer not found for certificate C-FE5D1FDE82820AC69F0265808C4E694ACF0AFA056B56A4EA84984D52A85BF7D7
11:41:19.655 [pool-2-thread-10] WARN eu.europa.esig.dss.validation.DiagnosticDataBuilder - Provided CertificateSource configuration contains none of trusted sources of type TRUSTED_STORE or TRUSTED_LIST!
11:41:19.655 [pool-2-thread-5] DEBUG eu.europa.esig.dss.spi.CertificateExtensionsUtils - Unknown non-critical CertificateExtension with OID : '2.16.840.1.113730.1.1'
11:41:19.656 [pool-2-thread-10] DEBUG eu.europa.esig.dss.spi.CertificateExtensionsUtils - Unknown non-critical CertificateExtension with OID : '2.16.840.1.113730.1.1'
11:41:19.656 [pool-2-thread-5] DEBUG eu.europa.esig.dss.spi.CertificateExtensionsUtils - Unknown non-critical CertificateExtension with OID : '2.16.840.1.113730.1.1'
11:41:19.657 [pool-2-thread-5] WARN eu.europa.esig.dss.detailedreport.DetailedReportMessageCollector - The validation at time 'CERTIFICATE_ISSUANCE_TIME' is not found or not performed!
11:41:19.657 [pool-2-thread-5] WARN eu.europa.esig.dss.detailedreport.DetailedReportMessageCollector - The validation at time 'CERTIFICATE_ISSUANCE_TIME' is not found or not performed!
11:41:19.657 [pool-2-thread-5] WARN eu.europa.esig.dss.detailedreport.DetailedReportMessageCollector - The validation at time 'CERTIFICATE_ISSUANCE_TIME' is not found or not performed!
11:41:19.657 [pool-2-thread-5] WARN eu.europa.esig.dss.detailedreport.DetailedReportMessageCollector - The validation at time 'VALIDATION_TIME' is not found or not performed!
11:41:19.657 [pool-2-thread-5] WARN eu.europa.esig.dss.detailedreport.DetailedReportMessageCollector - The validation at time 'VALIDATION_TIME' is not found or not performed!
11:41:19.657 [pool-2-thread-5] WARN eu.europa.esig.dss.detailedreport.DetailedReportMessageCollector - The validation at time 'VALIDATION_TIME' is not found or not performed!
11:41:19.658 [pool-2-thread-4] DEBUG eu.europa.esig.dss.spi.CertificateExtensionsUtils - Unknown non-critical CertificateExtension with OID : '2.16.840.1.113730.1.1'
11:41:19.658 [pool-2-thread-15] INFO eu.europa.esig.dss.validation.CommonCertificateVerifier - + New CommonCertificateVerifier created.
11:41:19.658 [pool-2-thread-4] DEBUG eu.europa.esig.dss.spi.CertificateExtensionsUtils - Unknown non-critical CertificateExtension with OID : '2.16.840.1.113730.1.1'
11:41:19.659 [pool-2-thread-15] INFO eu.europa.esig.dss.validation.AIACertificateSource - Retrieving C-D54951FEBBC59D2C2EC01ACCD92CCD8C9D2C7444C2E551BA7EC0DE622C74148C certificate's issuer using AIA.
11:41:19.659 [pool-2-thread-15] DEBUG eu.europa.esig.dss.spi.x509.aia.DefaultAIASource - Loading certificate(s) from 'http://ca.luxtrust.lu/LTQCA.crt'.
11:41:19.659 [pool-2-thread-4] WARN eu.europa.esig.dss.detailedreport.DetailedReportMessageCollector - The validation at time 'CERTIFICATE_ISSUANCE_TIME' is not found or not performed!
11:41:19.659 [pool-2-thread-4] WARN eu.europa.esig.dss.detailedreport.DetailedReportMessageCollector - The validation at time 'CERTIFICATE_ISSUANCE_TIME' is not found or not performed!
11:41:19.659 [pool-2-thread-4] WARN eu.europa.esig.dss.detailedreport.DetailedReportMessageCollector - The validation at time 'CERTIFICATE_ISSUANCE_TIME' is not found or not performed!
11:41:19.659 [pool-2-thread-4] WARN eu.europa.esig.dss.detailedreport.DetailedReportMessageCollector - The validation at time 'VALIDATION_TIME' is not found or not performed!
11:41:19.659 [pool-2-thread-4] WARN eu.europa.esig.dss.detailedreport.DetailedReportMessageCollector - The validation at time 'VALIDATION_TIME' is not found or not performed!
11:41:19.659 [pool-2-thread-4] WARN eu.europa.esig.dss.detailedreport.DetailedReportMessageCollector - The validation at time 'VALIDATION_TIME' is not found or not performed!
11:41:19.660 [pool-2-thread-17] INFO eu.europa.esig.dss.validation.CommonCertificateVerifier - + New CommonCertificateVerifier created.
11:41:19.662 [pool-2-thread-2] INFO eu.europa.esig.dss.validation.CommonCertificateVerifier - + New CommonCertificateVerifier created.
11:41:19.658 [pool-2-thread-3] INFO eu.europa.esig.dss.validation.CommonCertificateVerifier - + New CommonCertificateVerifier created.
11:41:19.664 [pool-2-thread-2] INFO eu.europa.esig.dss.validation.AIACertificateSource - Retrieving C-D54951FEBBC59D2C2EC01ACCD92CCD8C9D2C7444C2E551BA7EC0DE622C74148C certificate's issuer using AIA.
11:41:19.664 [pool-2-thread-2] DEBUG eu.europa.esig.dss.spi.x509.aia.DefaultAIASource - Loading certificate(s) from 'http://ca.luxtrust.lu/LTQCA.crt'.
11:41:19.664 [pool-2-thread-2] DEBUG eu.europa.esig.dss.spi.x509.aia.DefaultAIASource - Base64 content : MIID8DCCAtigAwIBAgICA+swDQYJKoZIhvcNAQEFBQAwQDELMAkGA1UEBhMCTFUxFjAUBgNVBAoTDUx1eFRydXN0IHMuYS4xGTAXBgNVBAMTEEx1eFRydXN0IHJvb3QgQ0EwHhcNMDgwNjA1MDkyNTI0WhcNMTYxMDE4MTA0MDM0WjBFMQswCQYDVQQGEwJMVTEWMBQGA1UEChMNTHV4VHJ1c3QgUy5BLjEeMBwGA1UEAxMVTHV4VHJ1c3QgUXVhbGlmaWVkIENBMIIBIjANBgkqhkiG9w0BAQEFAAOCAQ8AMIIBCgKCAQEAybFXzA+8RNnvlCd+sZ8BnH6WO3LmaLi419Ygd9VBYcIwLmMx9KgAKF3u4B87Hee5NL4Xvhm/B9DuDUH5OGZ3P2Dwf7putVEvATvW8jzYq6CzarUthzb9ux+KTdTT+d4y6tkgVggy9DBe+bz635oZm2PPQT9kzoR48RBN730KA/MJIa0Sa7ZDphL37WHSA4/TWh9F1/LBRVGC0F4Mg1hU/u+kovF5mTuUK+ncU7+FS0cQRhAD+C4WfLI/WuzuE+T6ZuZ6Iqg6+vqgf6iKwL6iVZmwKkJPvV3+3Wgy3zq5tpDvsIGj4kXd1riQGKsEeDfN8y71DG3OdBqF1Yd7ue7ziwIDAQABo4HuMIHrMA8GA1UdEwQIMAYBAf8CAQAwQgYDVR0gBDswOTA3BggrgSsBAQEBADArMCkGCCsGAQUFBwIBFh1odHRwOi8vcmVwb3NpdG9yeS5sdXh0cnVzdC5sdTARBglghkgBhvhCAQEEBAMCAAcwDgYDVR0PAQH/BAQDAgHGMB8GA1UdIwQYMBaAFN2K1zDx+ZFx6UdwDCXlrKGN34wlMDEGA1UdHwQqMCgwJqAkoCKGIGh0dHA6Ly9jcmwubHV4dHJ1c3QubHUvTFRSQ0EuY3JsMB0GA1UdDgQWBBSNkKMH3RoTd5lMkqtNQ94/zSlkBTANBgkqhkiG9w0BAQUFAAOCAQEAapxOpigXTejGgHBWMAwDBMdZQHpPyoCmw32OIj1qqezO5nDnjG5gfJni/rp5IFMpV//xmCkjqyO92PyYbcHNSUpP1SjCkyn10e6ipmzpXK0MbgFvIPglAgA5dXxTNf0Q77eWu36fz5VKQEmJzqoXTccq4nuLL9rLZ88YUlczMaWscETIZCB4kecKVyqHf4+T0JucZqX7zzfpiVyTr2M+OGl9qiOmKwBGkzseJt+MgYWrskJADKDZMr4bQxkxnhzCSQoraX7DugxM0fH47MitCc74uZrWIJ6qQjCLBtKzxUGy7B3pYOjLlThr7S64cd12yuR+NjHAFZ2DTXwxKg/FQg==
11:41:19.665 [pool-2-thread-2] DEBUG eu.europa.esig.dss.spi.x509.aia.DefaultAIASource - 1 certificate(s) loaded from 'http://ca.luxtrust.lu/LTQCA.crt'
11:41:19.667 [pool-2-thread-2] INFO eu.europa.esig.dss.validation.AIACertificateSource - Retrieving C-FE5D1FDE82820AC69F0265808C4E694ACF0AFA056B56A4EA84984D52A85BF7D7 certificate's issuer using AIA.
11:41:19.667 [pool-2-thread-2] INFO eu.europa.esig.dss.spi.x509.aia.DefaultAIASource - There is no AIA extension for certificate download.
11:41:19.667 [pool-2-thread-2] WARN eu.europa.esig.dss.validation.SignatureValidationContext - No revocation found for the certificate C-D54951FEBBC59D2C2EC01ACCD92CCD8C9D2C7444C2E551BA7EC0DE622C74148C
11:41:19.668 [pool-2-thread-2] WARN eu.europa.esig.dss.validation.SignatureValidationContext - Issuer not found for certificate C-FE5D1FDE82820AC69F0265808C4E694ACF0AFA056B56A4EA84984D52A85BF7D7
11:41:19.669 [pool-2-thread-2] WARN eu.europa.esig.dss.validation.DiagnosticDataBuilder - Provided CertificateSource configuration contains none of trusted sources of type TRUSTED_STORE or TRUSTED_LIST!
11:41:19.670 [pool-2-thread-2] DEBUG eu.europa.esig.dss.spi.CertificateExtensionsUtils - Unknown non-critical CertificateExtension with OID : '2.16.840.1.113730.1.1'
11:41:19.671 [pool-2-thread-7] INFO eu.europa.esig.dss.validation.CommonCertificateVerifier - + New CommonCertificateVerifier created.
11:41:19.671 [pool-2-thread-7] INFO eu.europa.esig.dss.validation.AIACertificateSource - Retrieving C-D54951FEBBC59D2C2EC01ACCD92CCD8C9D2C7444C2E551BA7EC0DE622C74148C certificate's issuer using AIA.
11:41:19.671 [pool-2-thread-7] DEBUG eu.europa.esig.dss.spi.x509.aia.DefaultAIASource - Loading certificate(s) from 'http://ca.luxtrust.lu/LTQCA.crt'.
11:41:19.672 [pool-2-thread-2] DEBUG eu.europa.esig.dss.spi.CertificateExtensionsUtils - Unknown non-critical CertificateExtension with OID : '2.16.840.1.113730.1.1'
11:41:19.672 [pool-2-thread-7] DEBUG eu.europa.esig.dss.spi.x509.aia.DefaultAIASource - Base64 content : MIID8DCCAtigAwIBAgICA+swDQYJKoZIhvcNAQEFBQAwQDELMAkGA1UEBhMCTFUxFjAUBgNVBAoTDUx1eFRydXN0IHMuYS4xGTAXBgNVBAMTEEx1eFRydXN0IHJvb3QgQ0EwHhcNMDgwNjA1MDkyNTI0WhcNMTYxMDE4MTA0MDM0WjBFMQswCQYDVQQGEwJMVTEWMBQGA1UEChMNTHV4VHJ1c3QgUy5BLjEeMBwGA1UEAxMVTHV4VHJ1c3QgUXVhbGlmaWVkIENBMIIBIjANBgkqhkiG9w0BAQEFAAOCAQ8AMIIBCgKCAQEAybFXzA+8RNnvlCd+sZ8BnH6WO3LmaLi419Ygd9VBYcIwLmMx9KgAKF3u4B87Hee5NL4Xvhm/B9DuDUH5OGZ3P2Dwf7putVEvATvW8jzYq6CzarUthzb9ux+KTdTT+d4y6tkgVggy9DBe+bz635oZm2PPQT9kzoR48RBN730KA/MJIa0Sa7ZDphL37WHSA4/TWh9F1/LBRVGC0F4Mg1hU/u+kovF5mTuUK+ncU7+FS0cQRhAD+C4WfLI/WuzuE+T6ZuZ6Iqg6+vqgf6iKwL6iVZmwKkJPvV3+3Wgy3zq5tpDvsIGj4kXd1riQGKsEeDfN8y71DG3OdBqF1Yd7ue7ziwIDAQABo4HuMIHrMA8GA1UdEwQIMAYBAf8CAQAwQgYDVR0gBDswOTA3BggrgSsBAQEBADArMCkGCCsGAQUFBwIBFh1odHRwOi8vcmVwb3NpdG9yeS5sdXh0cnVzdC5sdTARBglghkgBhvhCAQEEBAMCAAcwDgYDVR0PAQH/BAQDAgHGMB8GA1UdIwQYMBaAFN2K1zDx+ZFx6UdwDCXlrKGN34wlMDEGA1UdHwQqMCgwJqAkoCKGIGh0dHA6Ly9jcmwubHV4dHJ1c3QubHUvTFRSQ0EuY3JsMB0GA1UdDgQWBBSNkKMH3RoTd5lMkqtNQ94/zSlkBTANBgkqhkiG9w0BAQUFAAOCAQEAapxOpigXTejGgHBWMAwDBMdZQHpPyoCmw32OIj1qqezO5nDnjG5gfJni/rp5IFMpV//xmCkjqyO92PyYbcHNSUpP1SjCkyn10e6ipmzpXK0MbgFvIPglAgA5dXxTNf0Q77eWu36fz5VKQEmJzqoXTccq4nuLL9rLZ88YUlczMaWscETIZCB4kecKVyqHf4+T0JucZqX7zzfpiVyTr2M+OGl9qiOmKwBGkzseJt+MgYWrskJADKDZMr4bQxkxnhzCSQoraX7DugxM0fH47MitCc74uZrWIJ6qQjCLBtKzxUGy7B3pYOjLlThr7S64cd12yuR+NjHAFZ2DTXwxKg/FQg==
11:41:19.672 [pool-2-thread-7] DEBUG eu.europa.esig.dss.spi.x509.aia.DefaultAIASource - 1 certificate(s) loaded from 'http://ca.luxtrust.lu/LTQCA.crt'
11:41:19.672 [pool-2-thread-9] INFO eu.europa.esig.dss.validation.CommonCertificateVerifier - + New CommonCertificateVerifier created.
11:41:19.673 [pool-2-thread-2] WARN eu.europa.esig.dss.detailedreport.DetailedReportMessageCollector - The validation at time 'CERTIFICATE_ISSUANCE_TIME' is not found or not performed!
11:41:19.673 [pool-2-thread-2] WARN eu.europa.esig.dss.detailedreport.DetailedReportMessageCollector - The validation at time 'CERTIFICATE_ISSUANCE_TIME' is not found or not performed!
11:41:19.673 [pool-2-thread-2] WARN eu.europa.esig.dss.detailedreport.DetailedReportMessageCollector - The validation at time 'CERTIFICATE_ISSUANCE_TIME' is not found or not performed!
11:41:19.673 [pool-2-thread-2] WARN eu.europa.esig.dss.detailedreport.DetailedReportMessageCollector - The validation at time 'VALIDATION_TIME' is not found or not performed!
11:41:19.673 [pool-2-thread-2] WARN eu.europa.esig.dss.detailedreport.DetailedReportMessageCollector - The validation at time 'VALIDATION_TIME' is not found or not performed!
11:41:19.673 [pool-2-thread-2] WARN eu.europa.esig.dss.detailedreport.DetailedReportMessageCollector - The validation at time 'VALIDATION_TIME' is not found or not performed!
11:41:19.673 [pool-2-thread-9] INFO eu.europa.esig.dss.validation.AIACertificateSource - Retrieving C-D54951FEBBC59D2C2EC01ACCD92CCD8C9D2C7444C2E551BA7EC0DE622C74148C certificate's issuer using AIA.
11:41:19.673 [pool-2-thread-9] DEBUG eu.europa.esig.dss.spi.x509.aia.DefaultAIASource - Loading certificate(s) from 'http://ca.luxtrust.lu/LTQCA.crt'.
11:41:19.673 [pool-2-thread-14] INFO eu.europa.esig.dss.validation.CommonCertificateVerifier - + New CommonCertificateVerifier created.
11:41:19.673 [pool-2-thread-9] DEBUG eu.europa.esig.dss.spi.x509.aia.DefaultAIASource - Base64 content : MIID8DCCAtigAwIBAgICA+swDQYJKoZIhvcNAQEFBQAwQDELMAkGA1UEBhMCTFUxFjAUBgNVBAoTDUx1eFRydXN0IHMuYS4xGTAXBgNVBAMTEEx1eFRydXN0IHJvb3QgQ0EwHhcNMDgwNjA1MDkyNTI0WhcNMTYxMDE4MTA0MDM0WjBFMQswCQYDVQQGEwJMVTEWMBQGA1UEChMNTHV4VHJ1c3QgUy5BLjEeMBwGA1UEAxMVTHV4VHJ1c3QgUXVhbGlmaWVkIENBMIIBIjANBgkqhkiG9w0BAQEFAAOCAQ8AMIIBCgKCAQEAybFXzA+8RNnvlCd+sZ8BnH6WO3LmaLi419Ygd9VBYcIwLmMx9KgAKF3u4B87Hee5NL4Xvhm/B9DuDUH5OGZ3P2Dwf7putVEvATvW8jzYq6CzarUthzb9ux+KTdTT+d4y6tkgVggy9DBe+bz635oZm2PPQT9kzoR48RBN730KA/MJIa0Sa7ZDphL37WHSA4/TWh9F1/LBRVGC0F4Mg1hU/u+kovF5mTuUK+ncU7+FS0cQRhAD+C4WfLI/WuzuE+T6ZuZ6Iqg6+vqgf6iKwL6iVZmwKkJPvV3+3Wgy3zq5tpDvsIGj4kXd1riQGKsEeDfN8y71DG3OdBqF1Yd7ue7ziwIDAQABo4HuMIHrMA8GA1UdEwQIMAYBAf8CAQAwQgYDVR0gBDswOTA3BggrgSsBAQEBADArMCkGCCsGAQUFBwIBFh1odHRwOi8vcmVwb3NpdG9yeS5sdXh0cnVzdC5sdTARBglghkgBhvhCAQEEBAMCAAcwDgYDVR0PAQH/BAQDAgHGMB8GA1UdIwQYMBaAFN2K1zDx+ZFx6UdwDCXlrKGN34wlMDEGA1UdHwQqMCgwJqAkoCKGIGh0dHA6Ly9jcmwubHV4dHJ1c3QubHUvTFRSQ0EuY3JsMB0GA1UdDgQWBBSNkKMH3RoTd5lMkqtNQ94/zSlkBTANBgkqhkiG9w0BAQUFAAOCAQEAapxOpigXTejGgHBWMAwDBMdZQHpPyoCmw32OIj1qqezO5nDnjG5gfJni/rp5IFMpV//xmCkjqyO92PyYbcHNSUpP1SjCkyn10e6ipmzpXK0MbgFvIPglAgA5dXxTNf0Q77eWu36fz5VKQEmJzqoXTccq4nuLL9rLZ88YUlczMaWscETIZCB4kecKVyqHf4+T0JucZqX7zzfpiVyTr2M+OGl9qiOmKwBGkzseJt+MgYWrskJADKDZMr4bQxkxnhzCSQoraX7DugxM0fH47MitCc74uZrWIJ6qQjCLBtKzxUGy7B3pYOjLlThr7S64cd12yuR+NjHAFZ2DTXwxKg/FQg==
11:41:19.673 [pool-2-thread-3] INFO eu.europa.esig.dss.validation.AIACertificateSource - Retrieving C-D54951FEBBC59D2C2EC01ACCD92CCD8C9D2C7444C2E551BA7EC0DE622C74148C certificate's issuer using AIA.
11:41:19.673 [pool-2-thread-7] INFO eu.europa.esig.dss.validation.AIACertificateSource - Retrieving C-FE5D1FDE82820AC69F0265808C4E694ACF0AFA056B56A4EA84984D52A85BF7D7 certificate's issuer using AIA.
11:41:19.673 [pool-2-thread-7] INFO eu.europa.esig.dss.spi.x509.aia.DefaultAIASource - There is no AIA extension for certificate download.
11:41:19.684 [pool-2-thread-14] INFO eu.europa.esig.dss.validation.AIACertificateSource - Retrieving C-D54951FEBBC59D2C2EC01ACCD92CCD8C9D2C7444C2E551BA7EC0DE622C74148C certificate's issuer using AIA.
11:41:19.684 [pool-2-thread-14] DEBUG eu.europa.esig.dss.spi.x509.aia.DefaultAIASource - Loading certificate(s) from 'http://ca.luxtrust.lu/LTQCA.crt'.
11:41:19.684 [pool-2-thread-14] DEBUG eu.europa.esig.dss.spi.x509.aia.DefaultAIASource - Base64 content : MIID8DCCAtigAwIBAgICA+swDQYJKoZIhvcNAQEFBQAwQDELMAkGA1UEBhMCTFUxFjAUBgNVBAoTDUx1eFRydXN0IHMuYS4xGTAXBgNVBAMTEEx1eFRydXN0IHJvb3QgQ0EwHhcNMDgwNjA1MDkyNTI0WhcNMTYxMDE4MTA0MDM0WjBFMQswCQYDVQQGEwJMVTEWMBQGA1UEChMNTHV4VHJ1c3QgUy5BLjEeMBwGA1UEAxMVTHV4VHJ1c3QgUXVhbGlmaWVkIENBMIIBIjANBgkqhkiG9w0BAQEFAAOCAQ8AMIIBCgKCAQEAybFXzA+8RNnvlCd+sZ8BnH6WO3LmaLi419Ygd9VBYcIwLmMx9KgAKF3u4B87Hee5NL4Xvhm/B9DuDUH5OGZ3P2Dwf7putVEvATvW8jzYq6CzarUthzb9ux+KTdTT+d4y6tkgVggy9DBe+bz635oZm2PPQT9kzoR48RBN730KA/MJIa0Sa7ZDphL37WHSA4/TWh9F1/LBRVGC0F4Mg1hU/u+kovF5mTuUK+ncU7+FS0cQRhAD+C4WfLI/WuzuE+T6ZuZ6Iqg6+vqgf6iKwL6iVZmwKkJPvV3+3Wgy3zq5tpDvsIGj4kXd1riQGKsEeDfN8y71DG3OdBqF1Yd7ue7ziwIDAQABo4HuMIHrMA8GA1UdEwQIMAYBAf8CAQAwQgYDVR0gBDswOTA3BggrgSsBAQEBADArMCkGCCsGAQUFBwIBFh1odHRwOi8vcmVwb3NpdG9yeS5sdXh0cnVzdC5sdTARBglghkgBhvhCAQEEBAMCAAcwDgYDVR0PAQH/BAQDAgHGMB8GA1UdIwQYMBaAFN2K1zDx+ZFx6UdwDCXlrKGN34wlMDEGA1UdHwQqMCgwJqAkoCKGIGh0dHA6Ly9jcmwubHV4dHJ1c3QubHUvTFRSQ0EuY3JsMB0GA1UdDgQWBBSNkKMH3RoTd5lMkqtNQ94/zSlkBTANBgkqhkiG9w0BAQUFAAOCAQEAapxOpigXTejGgHBWMAwDBMdZQHpPyoCmw32OIj1qqezO5nDnjG5gfJni/rp5IFMpV//xmCkjqyO92PyYbcHNSUpP1SjCkyn10e6ipmzpXK0MbgFvIPglAgA5dXxTNf0Q77eWu36fz5VKQEmJzqoXTccq4nuLL9rLZ88YUlczMaWscETIZCB4kecKVyqHf4+T0JucZqX7zzfpiVyTr2M+OGl9qiOmKwBGkzseJt+MgYWrskJADKDZMr4bQxkxnhzCSQoraX7DugxM0fH47MitCc74uZrWIJ6qQjCLBtKzxUGy7B3pYOjLlThr7S64cd12yuR+NjHAFZ2DTXwxKg/FQg==
11:41:19.686 [pool-2-thread-14] DEBUG eu.europa.esig.dss.spi.x509.aia.DefaultAIASource - 1 certificate(s) loaded from 'http://ca.luxtrust.lu/LTQCA.crt'
11:41:19.686 [pool-2-thread-13] INFO eu.europa.esig.dss.validation.CommonCertificateVerifier - + New CommonCertificateVerifier created.
11:41:19.687 [pool-2-thread-7] WARN eu.europa.esig.dss.validation.SignatureValidationContext - No revocation found for the certificate C-D54951FEBBC59D2C2EC01ACCD92CCD8C9D2C7444C2E551BA7EC0DE622C74148C
11:41:19.687 [pool-2-thread-10] DEBUG eu.europa.esig.dss.spi.CertificateExtensionsUtils - Unknown non-critical CertificateExtension with OID : '2.16.840.1.113730.1.1'
11:41:19.687 [pool-2-thread-14] INFO eu.europa.esig.dss.validation.AIACertificateSource - Retrieving C-FE5D1FDE82820AC69F0265808C4E694ACF0AFA056B56A4EA84984D52A85BF7D7 certificate's issuer using AIA.
11:41:19.688 [pool-2-thread-14] INFO eu.europa.esig.dss.spi.x509.aia.DefaultAIASource - There is no AIA extension for certificate download.
11:41:19.688 [pool-2-thread-7] WARN eu.europa.esig.dss.validation.SignatureValidationContext - Issuer not found for certificate C-FE5D1FDE82820AC69F0265808C4E694ACF0AFA056B56A4EA84984D52A85BF7D7
11:41:19.688 [pool-2-thread-7] WARN eu.europa.esig.dss.validation.DiagnosticDataBuilder - Provided CertificateSource configuration contains none of trusted sources of type TRUSTED_STORE or TRUSTED_LIST!
11:41:19.688 [pool-2-thread-11] DEBUG eu.europa.esig.dss.spi.CertificateExtensionsUtils - Unknown non-critical CertificateExtension with OID : '2.16.840.1.113730.1.1'
11:41:19.688 [pool-2-thread-13] INFO eu.europa.esig.dss.validation.AIACertificateSource - Retrieving C-D54951FEBBC59D2C2EC01ACCD92CCD8C9D2C7444C2E551BA7EC0DE622C74148C certificate's issuer using AIA.
11:41:19.688 [pool-2-thread-6] INFO eu.europa.esig.dss.validation.CommonCertificateVerifier - + New CommonCertificateVerifier created.
11:41:19.688 [pool-2-thread-13] DEBUG eu.europa.esig.dss.spi.x509.aia.DefaultAIASource - Loading certificate(s) from 'http://ca.luxtrust.lu/LTQCA.crt'.
11:41:19.688 [pool-2-thread-10] WARN eu.europa.esig.dss.detailedreport.DetailedReportMessageCollector - The validation at time 'CERTIFICATE_ISSUANCE_TIME' is not found or not performed!
11:41:19.688 [pool-2-thread-10] WARN eu.europa.esig.dss.detailedreport.DetailedReportMessageCollector - The validation at time 'CERTIFICATE_ISSUANCE_TIME' is not found or not performed!
11:41:19.688 [pool-2-thread-10] WARN eu.europa.esig.dss.detailedreport.DetailedReportMessageCollector - The validation at time 'CERTIFICATE_ISSUANCE_TIME' is not found or not performed!
11:41:19.659 [pool-2-thread-15] DEBUG eu.europa.esig.dss.spi.x509.aia.DefaultAIASource - Base64 content : MIID8DCCAtigAwIBAgICA+swDQYJKoZIhvcNAQEFBQAwQDELMAkGA1UEBhMCTFUxFjAUBgNVBAoTDUx1eFRydXN0IHMuYS4xGTAXBgNVBAMTEEx1eFRydXN0IHJvb3QgQ0EwHhcNMDgwNjA1MDkyNTI0WhcNMTYxMDE4MTA0MDM0WjBFMQswCQYDVQQGEwJMVTEWMBQGA1UEChMNTHV4VHJ1c3QgUy5BLjEeMBwGA1UEAxMVTHV4VHJ1c3QgUXVhbGlmaWVkIENBMIIBIjANBgkqhkiG9w0BAQEFAAOCAQ8AMIIBCgKCAQEAybFXzA+8RNnvlCd+sZ8BnH6WO3LmaLi419Ygd9VBYcIwLmMx9KgAKF3u4B87Hee5NL4Xvhm/B9DuDUH5OGZ3P2Dwf7putVEvATvW8jzYq6CzarUthzb9ux+KTdTT+d4y6tkgVggy9DBe+bz635oZm2PPQT9kzoR48RBN730KA/MJIa0Sa7ZDphL37WHSA4/TWh9F1/LBRVGC0F4Mg1hU/u+kovF5mTuUK+ncU7+FS0cQRhAD+C4WfLI/WuzuE+T6ZuZ6Iqg6+vqgf6iKwL6iVZmwKkJPvV3+3Wgy3zq5tpDvsIGj4kXd1riQGKsEeDfN8y71DG3OdBqF1Yd7ue7ziwIDAQABo4HuMIHrMA8GA1UdEwQIMAYBAf8CAQAwQgYDVR0gBDswOTA3BggrgSsBAQEBADArMCkGCCsGAQUFBwIBFh1odHRwOi8vcmVwb3NpdG9yeS5sdXh0cnVzdC5sdTARBglghkgBhvhCAQEEBAMCAAcwDgYDVR0PAQH/BAQDAgHGMB8GA1UdIwQYMBaAFN2K1zDx+ZFx6UdwDCXlrKGN34wlMDEGA1UdHwQqMCgwJqAkoCKGIGh0dHA6Ly9jcmwubHV4dHJ1c3QubHUvTFRSQ0EuY3JsMB0GA1UdDgQWBBSNkKMH3RoTd5lMkqtNQ94/zSlkBTANBgkqhkiG9w0BAQUFAAOCAQEAapxOpigXTejGgHBWMAwDBMdZQHpPyoCmw32OIj1qqezO5nDnjG5gfJni/rp5IFMpV//xmCkjqyO92PyYbcHNSUpP1SjCkyn10e6ipmzpXK0MbgFvIPglAgA5dXxTNf0Q77eWu36fz5VKQEmJzqoXTccq4nuLL9rLZ88YUlczMaWscETIZCB4kecKVyqHf4+T0JucZqX7zzfpiVyTr2M+OGl9qiOmKwBGkzseJt+MgYWrskJADKDZMr4bQxkxnhzCSQoraX7DugxM0fH47MitCc74uZrWIJ6qQjCLBtKzxUGy7B3pYOjLlThr7S64cd12yuR+NjHAFZ2DTXwxKg/FQg==
11:41:19.662 [pool-2-thread-17] INFO eu.europa.esig.dss.validation.AIACertificateSource - Retrieving C-D54951FEBBC59D2C2EC01ACCD92CCD8C9D2C7444C2E551BA7EC0DE622C74148C certificate's issuer using AIA.
11:41:19.683 [pool-2-thread-9] DEBUG eu.europa.esig.dss.spi.x509.aia.DefaultAIASource - 1 certificate(s) loaded from 'http://ca.luxtrust.lu/LTQCA.crt'
11:41:19.688 [pool-2-thread-13] DEBUG eu.europa.esig.dss.spi.x509.aia.DefaultAIASource - Base64 content : MIID8DCCAtigAwIBAgICA+swDQYJKoZIhvcNAQEFBQAwQDELMAkGA1UEBhMCTFUxFjAUBgNVBAoTDUx1eFRydXN0IHMuYS4xGTAXBgNVBAMTEEx1eFRydXN0IHJvb3QgQ0EwHhcNMDgwNjA1MDkyNTI0WhcNMTYxMDE4MTA0MDM0WjBFMQswCQYDVQQGEwJMVTEWMBQGA1UEChMNTHV4VHJ1c3QgUy5BLjEeMBwGA1UEAxMVTHV4VHJ1c3QgUXVhbGlmaWVkIENBMIIBIjANBgkqhkiG9w0BAQEFAAOCAQ8AMIIBCgKCAQEAybFXzA+8RNnvlCd+sZ8BnH6WO3LmaLi419Ygd9VBYcIwLmMx9KgAKF3u4B87Hee5NL4Xvhm/B9DuDUH5OGZ3P2Dwf7putVEvATvW8jzYq6CzarUthzb9ux+KTdTT+d4y6tkgVggy9DBe+bz635oZm2PPQT9kzoR48RBN730KA/MJIa0Sa7ZDphL37WHSA4/TWh9F1/LBRVGC0F4Mg1hU/u+kovF5mTuUK+ncU7+FS0cQRhAD+C4WfLI/WuzuE+T6ZuZ6Iqg6+vqgf6iKwL6iVZmwKkJPvV3+3Wgy3zq5tpDvsIGj4kXd1riQGKsEeDfN8y71DG3OdBqF1Yd7ue7ziwIDAQABo4HuMIHrMA8GA1UdEwQIMAYBAf8CAQAwQgYDVR0gBDswOTA3BggrgSsBAQEBADArMCkGCCsGAQUFBwIBFh1odHRwOi8vcmVwb3NpdG9yeS5sdXh0cnVzdC5sdTARBglghkgBhvhCAQEEBAMCAAcwDgYDVR0PAQH/BAQDAgHGMB8GA1UdIwQYMBaAFN2K1zDx+ZFx6UdwDCXlrKGN34wlMDEGA1UdHwQqMCgwJqAkoCKGIGh0dHA6Ly9jcmwubHV4dHJ1c3QubHUvTFRSQ0EuY3JsMB0GA1UdDgQWBBSNkKMH3RoTd5lMkqtNQ94/zSlkBTANBgkqhkiG9w0BAQUFAAOCAQEAapxOpigXTejGgHBWMAwDBMdZQHpPyoCmw32OIj1qqezO5nDnjG5gfJni/rp5IFMpV//xmCkjqyO92PyYbcHNSUpP1SjCkyn10e6ipmzpXK0MbgFvIPglAgA5dXxTNf0Q77eWu36fz5VKQEmJzqoXTccq4nuLL9rLZ88YUlczMaWscETIZCB4kecKVyqHf4+T0JucZqX7zzfpiVyTr2M+OGl9qiOmKwBGkzseJt+MgYWrskJADKDZMr4bQxkxnhzCSQoraX7DugxM0fH47MitCc74uZrWIJ6qQjCLBtKzxUGy7B3pYOjLlThr7S64cd12yuR+NjHAFZ2DTXwxKg/FQg==
11:41:19.688 [pool-2-thread-14] WARN eu.europa.esig.dss.validation.SignatureValidationContext - No revocation found for the certificate C-D54951FEBBC59D2C2EC01ACCD92CCD8C9D2C7444C2E551BA7EC0DE622C74148C
11:41:19.689 [pool-2-thread-15] DEBUG eu.europa.esig.dss.spi.x509.aia.DefaultAIASource - 1 certificate(s) loaded from 'http://ca.luxtrust.lu/LTQCA.crt'
11:41:19.689 [pool-2-thread-7] DEBUG eu.europa.esig.dss.spi.CertificateExtensionsUtils - Unknown non-critical CertificateExtension with OID : '2.16.840.1.113730.1.1'
11:41:19.689 [pool-2-thread-11] WARN eu.europa.esig.dss.detailedreport.DetailedReportMessageCollector - The validation at time 'CERTIFICATE_ISSUANCE_TIME' is not found or not performed!
11:41:19.689 [pool-2-thread-11] WARN eu.europa.esig.dss.detailedreport.DetailedReportMessageCollector - The validation at time 'CERTIFICATE_ISSUANCE_TIME' is not found or not performed!
11:41:19.689 [pool-2-thread-11] WARN eu.europa.esig.dss.detailedreport.DetailedReportMessageCollector - The validation at time 'CERTIFICATE_ISSUANCE_TIME' is not found or not performed!
11:41:19.689 [pool-2-thread-11] WARN eu.europa.esig.dss.detailedreport.DetailedReportMessageCollector - The validation at time 'VALIDATION_TIME' is not found or not performed!
11:41:19.689 [pool-2-thread-11] WARN eu.europa.esig.dss.detailedreport.DetailedReportMessageCollector - The validation at time 'VALIDATION_TIME' is not found or not performed!
11:41:19.689 [pool-2-thread-11] WARN eu.europa.esig.dss.detailedreport.DetailedReportMessageCollector - The validation at time 'VALIDATION_TIME' is not found or not performed!
11:41:19.689 [pool-2-thread-14] WARN eu.europa.esig.dss.validation.SignatureValidationContext - Issuer not found for certificate C-FE5D1FDE82820AC69F0265808C4E694ACF0AFA056B56A4EA84984D52A85BF7D7
11:41:19.689 [pool-2-thread-7] DEBUG eu.europa.esig.dss.spi.CertificateExtensionsUtils - Unknown non-critical CertificateExtension with OID : '2.16.840.1.113730.1.1'
11:41:19.689 [pool-2-thread-14] WARN eu.europa.esig.dss.validation.DiagnosticDataBuilder - Provided CertificateSource configuration contains none of trusted sources of type TRUSTED_STORE or TRUSTED_LIST!
11:41:19.690 [pool-2-thread-9] INFO eu.europa.esig.dss.validation.AIACertificateSource - Retrieving C-FE5D1FDE82820AC69F0265808C4E694ACF0AFA056B56A4EA84984D52A85BF7D7 certificate's issuer using AIA.
11:41:19.690 [pool-2-thread-9] INFO eu.europa.esig.dss.spi.x509.aia.DefaultAIASource - There is no AIA extension for certificate download.
11:41:19.690 [pool-2-thread-9] WARN eu.europa.esig.dss.validation.SignatureValidationContext - No revocation found for the certificate C-D54951FEBBC59D2C2EC01ACCD92CCD8C9D2C7444C2E551BA7EC0DE622C74148C
11:41:19.690 [pool-2-thread-15] INFO eu.europa.esig.dss.validation.AIACertificateSource - Retrieving C-FE5D1FDE82820AC69F0265808C4E694ACF0AFA056B56A4EA84984D52A85BF7D7 certificate's issuer using AIA.
11:41:19.690 [pool-2-thread-15] INFO eu.europa.esig.dss.spi.x509.aia.DefaultAIASource - There is no AIA extension for certificate download.
11:41:19.690 [pool-2-thread-15] WARN eu.europa.esig.dss.validation.SignatureValidationContext - No revocation found for the certificate C-D54951FEBBC59D2C2EC01ACCD92CCD8C9D2C7444C2E551BA7EC0DE622C74148C
11:41:19.690 [pool-2-thread-14] DEBUG eu.europa.esig.dss.spi.CertificateExtensionsUtils - Unknown non-critical CertificateExtension with OID : '2.16.840.1.113730.1.1'
11:41:19.690 [pool-2-thread-7] WARN eu.europa.esig.dss.detailedreport.DetailedReportMessageCollector - The validation at time 'CERTIFICATE_ISSUANCE_TIME' is not found or not performed!
11:41:19.690 [pool-2-thread-7] WARN eu.europa.esig.dss.detailedreport.DetailedReportMessageCollector - The validation at time 'CERTIFICATE_ISSUANCE_TIME' is not found or not performed!
11:41:19.690 [pool-2-thread-7] WARN eu.europa.esig.dss.detailedreport.DetailedReportMessageCollector - The validation at time 'CERTIFICATE_ISSUANCE_TIME' is not found or not performed!
11:41:19.690 [pool-2-thread-7] WARN eu.europa.esig.dss.detailedreport.DetailedReportMessageCollector - The validation at time 'VALIDATION_TIME' is not found or not performed!
11:41:19.690 [pool-2-thread-7] WARN eu.europa.esig.dss.detailedreport.DetailedReportMessageCollector - The validation at time 'VALIDATION_TIME' is not found or not performed!
11:41:19.690 [pool-2-thread-7] WARN eu.europa.esig.dss.detailedreport.DetailedReportMessageCollector - The validation at time 'VALIDATION_TIME' is not found or not performed!
11:41:19.691 [pool-2-thread-14] DEBUG eu.europa.esig.dss.spi.CertificateExtensionsUtils - Unknown non-critical CertificateExtension with OID : '2.16.840.1.113730.1.1'
11:41:19.691 [pool-2-thread-9] WARN eu.europa.esig.dss.validation.SignatureValidationContext - Issuer not found for certificate C-FE5D1FDE82820AC69F0265808C4E694ACF0AFA056B56A4EA84984D52A85BF7D7
11:41:19.691 [pool-2-thread-9] WARN eu.europa.esig.dss.validation.DiagnosticDataBuilder - Provided CertificateSource configuration contains none of trusted sources of type TRUSTED_STORE or TRUSTED_LIST!
11:41:19.691 [pool-2-thread-15] WARN eu.europa.esig.dss.validation.SignatureValidationContext - Issuer not found for certificate C-FE5D1FDE82820AC69F0265808C4E694ACF0AFA056B56A4EA84984D52A85BF7D7
11:41:19.691 [pool-2-thread-15] WARN eu.europa.esig.dss.validation.DiagnosticDataBuilder - Provided CertificateSource configuration contains none of trusted sources of type TRUSTED_STORE or TRUSTED_LIST!
11:41:19.691 [pool-2-thread-14] WARN eu.europa.esig.dss.detailedreport.DetailedReportMessageCollector - The validation at time 'CERTIFICATE_ISSUANCE_TIME' is not found or not performed!
11:41:19.691 [pool-2-thread-14] WARN eu.europa.esig.dss.detailedreport.DetailedReportMessageCollector - The validation at time 'CERTIFICATE_ISSUANCE_TIME' is not found or not performed!
11:41:19.691 [pool-2-thread-15] DEBUG eu.europa.esig.dss.spi.CertificateExtensionsUtils - Unknown non-critical CertificateExtension with OID : '2.16.840.1.113730.1.1'
11:41:19.691 [pool-2-thread-14] WARN eu.europa.esig.dss.detailedreport.DetailedReportMessageCollector - The validation at time 'CERTIFICATE_ISSUANCE_TIME' is not found or not performed!
11:41:19.691 [pool-2-thread-14] WARN eu.europa.esig.dss.detailedreport.DetailedReportMessageCollector - The validation at time 'VALIDATION_TIME' is not found or not performed!
11:41:19.691 [pool-2-thread-14] WARN eu.europa.esig.dss.detailedreport.DetailedReportMessageCollector - The validation at time 'VALIDATION_TIME' is not found or not performed!
11:41:19.692 [pool-2-thread-14] WARN eu.europa.esig.dss.detailedreport.DetailedReportMessageCollector - The validation at time 'VALIDATION_TIME' is not found or not performed!
11:41:19.688 [pool-2-thread-3] DEBUG eu.europa.esig.dss.spi.x509.aia.DefaultAIASource - Loading certificate(s) from 'http://ca.luxtrust.lu/LTQCA.crt'.
11:41:19.688 [pool-2-thread-10] WARN eu.europa.esig.dss.detailedreport.DetailedReportMessageCollector - The validation at time 'VALIDATION_TIME' is not found or not performed!
11:41:19.688 [pool-2-thread-17] DEBUG eu.europa.esig.dss.spi.x509.aia.DefaultAIASource - Loading certificate(s) from 'http://ca.luxtrust.lu/LTQCA.crt'.
11:41:19.692 [pool-2-thread-10] WARN eu.europa.esig.dss.detailedreport.DetailedReportMessageCollector - The validation at time 'VALIDATION_TIME' is not found or not performed!
11:41:19.692 [pool-2-thread-10] WARN eu.europa.esig.dss.detailedreport.DetailedReportMessageCollector - The validation at time 'VALIDATION_TIME' is not found or not performed!
11:41:19.689 [pool-2-thread-13] DEBUG eu.europa.esig.dss.spi.x509.aia.DefaultAIASource - 1 certificate(s) loaded from 'http://ca.luxtrust.lu/LTQCA.crt'
11:41:19.692 [pool-2-thread-3] DEBUG eu.europa.esig.dss.spi.x509.aia.DefaultAIASource - Base64 content : MIID8DCCAtigAwIBAgICA+swDQYJKoZIhvcNAQEFBQAwQDELMAkGA1UEBhMCTFUxFjAUBgNVBAoTDUx1eFRydXN0IHMuYS4xGTAXBgNVBAMTEEx1eFRydXN0IHJvb3QgQ0EwHhcNMDgwNjA1MDkyNTI0WhcNMTYxMDE4MTA0MDM0WjBFMQswCQYDVQQGEwJMVTEWMBQGA1UEChMNTHV4VHJ1c3QgUy5BLjEeMBwGA1UEAxMVTHV4VHJ1c3QgUXVhbGlmaWVkIENBMIIBIjANBgkqhkiG9w0BAQEFAAOCAQ8AMIIBCgKCAQEAybFXzA+8RNnvlCd+sZ8BnH6WO3LmaLi419Ygd9VBYcIwLmMx9KgAKF3u4B87Hee5NL4Xvhm/B9DuDUH5OGZ3P2Dwf7putVEvATvW8jzYq6CzarUthzb9ux+KTdTT+d4y6tkgVggy9DBe+bz635oZm2PPQT9kzoR48RBN730KA/MJIa0Sa7ZDphL37WHSA4/TWh9F1/LBRVGC0F4Mg1hU/u+kovF5mTuUK+ncU7+FS0cQRhAD+C4WfLI/WuzuE+T6ZuZ6Iqg6+vqgf6iKwL6iVZmwKkJPvV3+3Wgy3zq5tpDvsIGj4kXd1riQGKsEeDfN8y71DG3OdBqF1Yd7ue7ziwIDAQABo4HuMIHrMA8GA1UdEwQIMAYBAf8CAQAwQgYDVR0gBDswOTA3BggrgSsBAQEBADArMCkGCCsGAQUFBwIBFh1odHRwOi8vcmVwb3NpdG9yeS5sdXh0cnVzdC5sdTARBglghkgBhvhCAQEEBAMCAAcwDgYDVR0PAQH/BAQDAgHGMB8GA1UdIwQYMBaAFN2K1zDx+ZFx6UdwDCXlrKGN34wlMDEGA1UdHwQqMCgwJqAkoCKGIGh0dHA6Ly9jcmwubHV4dHJ1c3QubHUvTFRSQ0EuY3JsMB0GA1UdDgQWBBSNkKMH3RoTd5lMkqtNQ94/zSlkBTANBgkqhkiG9w0BAQUFAAOCAQEAapxOpigXTejGgHBWMAwDBMdZQHpPyoCmw32OIj1qqezO5nDnjG5gfJni/rp5IFMpV//xmCkjqyO92PyYbcHNSUpP1SjCkyn10e6ipmzpXK0MbgFvIPglAgA5dXxTNf0Q77eWu36fz5VKQEmJzqoXTccq4nuLL9rLZ88YUlczMaWscETIZCB4kecKVyqHf4+T0JucZqX7zzfpiVyTr2M+OGl9qiOmKwBGkzseJt+MgYWrskJADKDZMr4bQxkxnhzCSQoraX7DugxM0fH47MitCc74uZrWIJ6qQjCLBtKzxUGy7B3pYOjLlThr7S64cd12yuR+NjHAFZ2DTXwxKg/FQg==
11:41:19.692 [pool-2-thread-17] DEBUG eu.europa.esig.dss.spi.x509.aia.DefaultAIASource - Base64 content : MIID8DCCAtigAwIBAgICA+swDQYJKoZIhvcNAQEFBQAwQDELMAkGA1UEBhMCTFUxFjAUBgNVBAoTDUx1eFRydXN0IHMuYS4xGTAXBgNVBAMTEEx1eFRydXN0IHJvb3QgQ0EwHhcNMDgwNjA1MDkyNTI0WhcNMTYxMDE4MTA0MDM0WjBFMQswCQYDVQQGEwJMVTEWMBQGA1UEChMNTHV4VHJ1c3QgUy5BLjEeMBwGA1UEAxMVTHV4VHJ1c3QgUXVhbGlmaWVkIENBMIIBIjANBgkqhkiG9w0BAQEFAAOCAQ8AMIIBCgKCAQEAybFXzA+8RNnvlCd+sZ8BnH6WO3LmaLi419Ygd9VBYcIwLmMx9KgAKF3u4B87Hee5NL4Xvhm/B9DuDUH5OGZ3P2Dwf7putVEvATvW8jzYq6CzarUthzb9ux+KTdTT+d4y6tkgVggy9DBe+bz635oZm2PPQT9kzoR48RBN730KA/MJIa0Sa7ZDphL37WHSA4/TWh9F1/LBRVGC0F4Mg1hU/u+kovF5mTuUK+ncU7+FS0cQRhAD+C4WfLI/WuzuE+T6ZuZ6Iqg6+vqgf6iKwL6iVZmwKkJPvV3+3Wgy3zq5tpDvsIGj4kXd1riQGKsEeDfN8y71DG3OdBqF1Yd7ue7ziwIDAQABo4HuMIHrMA8GA1UdEwQIMAYBAf8CAQAwQgYDVR0gBDswOTA3BggrgSsBAQEBADArMCkGCCsGAQUFBwIBFh1odHRwOi8vcmVwb3NpdG9yeS5sdXh0cnVzdC5sdTARBglghkgBhvhCAQEEBAMCAAcwDgYDVR0PAQH/BAQDAgHGMB8GA1UdIwQYMBaAFN2K1zDx+ZFx6UdwDCXlrKGN34wlMDEGA1UdHwQqMCgwJqAkoCKGIGh0dHA6Ly9jcmwubHV4dHJ1c3QubHUvTFRSQ0EuY3JsMB0GA1UdDgQWBBSNkKMH3RoTd5lMkqtNQ94/zSlkBTANBgkqhkiG9w0BAQUFAAOCAQEAapxOpigXTejGgHBWMAwDBMdZQHpPyoCmw32OIj1qqezO5nDnjG5gfJni/rp5IFMpV//xmCkjqyO92PyYbcHNSUpP1SjCkyn10e6ipmzpXK0MbgFvIPglAgA5dXxTNf0Q77eWu36fz5VKQEmJzqoXTccq4nuLL9rLZ88YUlczMaWscETIZCB4kecKVyqHf4+T0JucZqX7zzfpiVyTr2M+OGl9qiOmKwBGkzseJt+MgYWrskJADKDZMr4bQxkxnhzCSQoraX7DugxM0fH47MitCc74uZrWIJ6qQjCLBtKzxUGy7B3pYOjLlThr7S64cd12yuR+NjHAFZ2DTXwxKg/FQg==
11:41:19.691 [pool-2-thread-9] DEBUG eu.europa.esig.dss.spi.CertificateExtensionsUtils - Unknown non-critical CertificateExtension with OID : '2.16.840.1.113730.1.1'
11:41:19.694 [pool-2-thread-3] DEBUG eu.europa.esig.dss.spi.x509.aia.DefaultAIASource - 1 certificate(s) loaded from 'http://ca.luxtrust.lu/LTQCA.crt'
11:41:19.698 [pool-2-thread-17] DEBUG eu.europa.esig.dss.spi.x509.aia.DefaultAIASource - 1 certificate(s) loaded from 'http://ca.luxtrust.lu/LTQCA.crt'
11:41:19.699 [pool-2-thread-3] INFO eu.europa.esig.dss.validation.AIACertificateSource - Retrieving C-FE5D1FDE82820AC69F0265808C4E694ACF0AFA056B56A4EA84984D52A85BF7D7 certificate's issuer using AIA.
11:41:19.699 [pool-2-thread-3] INFO eu.europa.esig.dss.spi.x509.aia.DefaultAIASource - There is no AIA extension for certificate download.
11:41:19.699 [pool-2-thread-3] WARN eu.europa.esig.dss.validation.SignatureValidationContext - No revocation found for the certificate C-D54951FEBBC59D2C2EC01ACCD92CCD8C9D2C7444C2E551BA7EC0DE622C74148C
11:41:19.699 [pool-2-thread-19] INFO eu.europa.esig.dss.validation.CommonCertificateVerifier - + New CommonCertificateVerifier created.
11:41:19.699 [pool-2-thread-17] INFO eu.europa.esig.dss.validation.AIACertificateSource - Retrieving C-FE5D1FDE82820AC69F0265808C4E694ACF0AFA056B56A4EA84984D52A85BF7D7 certificate's issuer using AIA.
11:41:19.699 [pool-2-thread-17] INFO eu.europa.esig.dss.spi.x509.aia.DefaultAIASource - There is no AIA extension for certificate download.
11:41:19.699 [pool-2-thread-17] WARN eu.europa.esig.dss.validation.SignatureValidationContext - No revocation found for the certificate C-D54951FEBBC59D2C2EC01ACCD92CCD8C9D2C7444C2E551BA7EC0DE622C74148C
11:41:19.699 [pool-2-thread-3] WARN eu.europa.esig.dss.validation.SignatureValidationContext - Issuer not found for certificate C-FE5D1FDE82820AC69F0265808C4E694ACF0AFA056B56A4EA84984D52A85BF7D7
11:41:19.700 [pool-2-thread-3] WARN eu.europa.esig.dss.validation.DiagnosticDataBuilder - Provided CertificateSource configuration contains none of trusted sources of type TRUSTED_STORE or TRUSTED_LIST!
11:41:19.700 [pool-2-thread-3] DEBUG eu.europa.esig.dss.spi.CertificateExtensionsUtils - Unknown non-critical CertificateExtension with OID : '2.16.840.1.113730.1.1'
11:41:19.700 [pool-2-thread-17] WARN eu.europa.esig.dss.validation.SignatureValidationContext - Issuer not found for certificate C-FE5D1FDE82820AC69F0265808C4E694ACF0AFA056B56A4EA84984D52A85BF7D7
11:41:19.700 [pool-2-thread-17] WARN eu.europa.esig.dss.validation.DiagnosticDataBuilder - Provided CertificateSource configuration contains none of trusted sources of type TRUSTED_STORE or TRUSTED_LIST!
11:41:19.698 [pool-2-thread-9] DEBUG eu.europa.esig.dss.spi.CertificateExtensionsUtils - Unknown non-critical CertificateExtension with OID : '2.16.840.1.113730.1.1'
11:41:19.700 [pool-2-thread-19] INFO eu.europa.esig.dss.validation.AIACertificateSource - Retrieving C-D54951FEBBC59D2C2EC01ACCD92CCD8C9D2C7444C2E551BA7EC0DE622C74148C certificate's issuer using AIA.
11:41:19.701 [pool-2-thread-3] DEBUG eu.europa.esig.dss.spi.CertificateExtensionsUtils - Unknown non-critical CertificateExtension with OID : '2.16.840.1.113730.1.1'
11:41:19.701 [pool-2-thread-19] DEBUG eu.europa.esig.dss.spi.x509.aia.DefaultAIASource - Loading certificate(s) from 'http://ca.luxtrust.lu/LTQCA.crt'.
11:41:19.701 [pool-2-thread-19] DEBUG eu.europa.esig.dss.spi.x509.aia.DefaultAIASource - Base64 content : MIID8DCCAtigAwIBAgICA+swDQYJKoZIhvcNAQEFBQAwQDELMAkGA1UEBhMCTFUxFjAUBgNVBAoTDUx1eFRydXN0IHMuYS4xGTAXBgNVBAMTEEx1eFRydXN0IHJvb3QgQ0EwHhcNMDgwNjA1MDkyNTI0WhcNMTYxMDE4MTA0MDM0WjBFMQswCQYDVQQGEwJMVTEWMBQGA1UEChMNTHV4VHJ1c3QgUy5BLjEeMBwGA1UEAxMVTHV4VHJ1c3QgUXVhbGlmaWVkIENBMIIBIjANBgkqhkiG9w0BAQEFAAOCAQ8AMIIBCgKCAQEAybFXzA+8RNnvlCd+sZ8BnH6WO3LmaLi419Ygd9VBYcIwLmMx9KgAKF3u4B87Hee5NL4Xvhm/B9DuDUH5OGZ3P2Dwf7putVEvATvW8jzYq6CzarUthzb9ux+KTdTT+d4y6tkgVggy9DBe+bz635oZm2PPQT9kzoR48RBN730KA/MJIa0Sa7ZDphL37WHSA4/TWh9F1/LBRVGC0F4Mg1hU/u+kovF5mTuUK+ncU7+FS0cQRhAD+C4WfLI/WuzuE+T6ZuZ6Iqg6+vqgf6iKwL6iVZmwKkJPvV3+3Wgy3zq5tpDvsIGj4kXd1riQGKsEeDfN8y71DG3OdBqF1Yd7ue7ziwIDAQABo4HuMIHrMA8GA1UdEwQIMAYBAf8CAQAwQgYDVR0gBDswOTA3BggrgSsBAQEBADArMCkGCCsGAQUFBwIBFh1odHRwOi8vcmVwb3NpdG9yeS5sdXh0cnVzdC5sdTARBglghkgBhvhCAQEEBAMCAAcwDgYDVR0PAQH/BAQDAgHGMB8GA1UdIwQYMBaAFN2K1zDx+ZFx6UdwDCXlrKGN34wlMDEGA1UdHwQqMCgwJqAkoCKGIGh0dHA6Ly9jcmwubHV4dHJ1c3QubHUvTFRSQ0EuY3JsMB0GA1UdDgQWBBSNkKMH3RoTd5lMkqtNQ94/zSlkBTANBgkqhkiG9w0BAQUFAAOCAQEAapxOpigXTejGgHBWMAwDBMdZQHpPyoCmw32OIj1qqezO5nDnjG5gfJni/rp5IFMpV//xmCkjqyO92PyYbcHNSUpP1SjCkyn10e6ipmzpXK0MbgFvIPglAgA5dXxTNf0Q77eWu36fz5VKQEmJzqoXTccq4nuLL9rLZ88YUlczMaWscETIZCB4kecKVyqHf4+T0JucZqX7zzfpiVyTr2M+OGl9qiOmKwBGkzseJt+MgYWrskJADKDZMr4bQxkxnhzCSQoraX7DugxM0fH47MitCc74uZrWIJ6qQjCLBtKzxUGy7B3pYOjLlThr7S64cd12yuR+NjHAFZ2DTXwxKg/FQg==
11:41:19.701 [pool-2-thread-17] DEBUG eu.europa.esig.dss.spi.CertificateExtensionsUtils - Unknown non-critical CertificateExtension with OID : '2.16.840.1.113730.1.1'
11:41:19.702 [pool-2-thread-3] WARN eu.europa.esig.dss.detailedreport.DetailedReportMessageCollector - The validation at time 'CERTIFICATE_ISSUANCE_TIME' is not found or not performed!
11:41:19.703 [pool-2-thread-19] DEBUG eu.europa.esig.dss.spi.x509.aia.DefaultAIASource - 1 certificate(s) loaded from 'http://ca.luxtrust.lu/LTQCA.crt'
11:41:19.703 [pool-2-thread-3] WARN eu.europa.esig.dss.detailedreport.DetailedReportMessageCollector - The validation at time 'CERTIFICATE_ISSUANCE_TIME' is not found or not performed!
11:41:19.703 [pool-2-thread-3] WARN eu.europa.esig.dss.detailedreport.DetailedReportMessageCollector - The validation at time 'CERTIFICATE_ISSUANCE_TIME' is not found or not performed!
11:41:19.703 [pool-2-thread-3] WARN eu.europa.esig.dss.detailedreport.DetailedReportMessageCollector - The validation at time 'VALIDATION_TIME' is not found or not performed!
11:41:19.703 [pool-2-thread-3] WARN eu.europa.esig.dss.detailedreport.DetailedReportMessageCollector - The validation at time 'VALIDATION_TIME' is not found or not performed!
11:41:19.703 [pool-2-thread-3] WARN eu.europa.esig.dss.detailedreport.DetailedReportMessageCollector - The validation at time 'VALIDATION_TIME' is not found or not performed!
11:41:19.703 [pool-2-thread-9] WARN eu.europa.esig.dss.detailedreport.DetailedReportMessageCollector - The validation at time 'CERTIFICATE_ISSUANCE_TIME' is not found or not performed!
11:41:19.703 [pool-2-thread-9] WARN eu.europa.esig.dss.detailedreport.DetailedReportMessageCollector - The validation at time 'CERTIFICATE_ISSUANCE_TIME' is not found or not performed!
11:41:19.703 [pool-2-thread-9] WARN eu.europa.esig.dss.detailedreport.DetailedReportMessageCollector - The validation at time 'CERTIFICATE_ISSUANCE_TIME' is not found or not performed!
11:41:19.703 [pool-2-thread-9] WARN eu.europa.esig.dss.detailedreport.DetailedReportMessageCollector - The validation at time 'VALIDATION_TIME' is not found or not performed!
11:41:19.703 [pool-2-thread-9] WARN eu.europa.esig.dss.detailedreport.DetailedReportMessageCollector - The validation at time 'VALIDATION_TIME' is not found or not performed!
11:41:19.703 [pool-2-thread-9] WARN eu.europa.esig.dss.detailedreport.DetailedReportMessageCollector - The validation at time 'VALIDATION_TIME' is not found or not performed!
11:41:19.704 [pool-2-thread-17] DEBUG eu.europa.esig.dss.spi.CertificateExtensionsUtils - Unknown non-critical CertificateExtension with OID : '2.16.840.1.113730.1.1'
11:41:19.705 [pool-2-thread-19] INFO eu.europa.esig.dss.validation.AIACertificateSource - Retrieving C-FE5D1FDE82820AC69F0265808C4E694ACF0AFA056B56A4EA84984D52A85BF7D7 certificate's issuer using AIA.
11:41:19.705 [pool-2-thread-19] INFO eu.europa.esig.dss.spi.x509.aia.DefaultAIASource - There is no AIA extension for certificate download.
11:41:19.705 [pool-2-thread-19] WARN eu.europa.esig.dss.validation.SignatureValidationContext - No revocation found for the certificate C-D54951FEBBC59D2C2EC01ACCD92CCD8C9D2C7444C2E551BA7EC0DE622C74148C
11:41:19.705 [pool-2-thread-17] WARN eu.europa.esig.dss.detailedreport.DetailedReportMessageCollector - The validation at time 'CERTIFICATE_ISSUANCE_TIME' is not found or not performed!
11:41:19.705 [pool-2-thread-17] WARN eu.europa.esig.dss.detailedreport.DetailedReportMessageCollector - The validation at time 'CERTIFICATE_ISSUANCE_TIME' is not found or not performed!
11:41:19.705 [pool-2-thread-17] WARN eu.europa.esig.dss.detailedreport.DetailedReportMessageCollector - The validation at time 'CERTIFICATE_ISSUANCE_TIME' is not found or not performed!
11:41:19.705 [pool-2-thread-17] WARN eu.europa.esig.dss.detailedreport.DetailedReportMessageCollector - The validation at time 'VALIDATION_TIME' is not found or not performed!
11:41:19.705 [pool-2-thread-17] WARN eu.europa.esig.dss.detailedreport.DetailedReportMessageCollector - The validation at time 'VALIDATION_TIME' is not found or not performed!
11:41:19.705 [pool-2-thread-17] WARN eu.europa.esig.dss.detailedreport.DetailedReportMessageCollector - The validation at time 'VALIDATION_TIME' is not found or not performed!
11:41:19.706 [pool-2-thread-19] WARN eu.europa.esig.dss.validation.SignatureValidationContext - Issuer not found for certificate C-FE5D1FDE82820AC69F0265808C4E694ACF0AFA056B56A4EA84984D52A85BF7D7
11:41:19.706 [pool-2-thread-19] WARN eu.europa.esig.dss.validation.DiagnosticDataBuilder - Provided CertificateSource configuration contains none of trusted sources of type TRUSTED_STORE or TRUSTED_LIST!
11:41:19.706 [pool-2-thread-19] DEBUG eu.europa.esig.dss.spi.CertificateExtensionsUtils - Unknown non-critical CertificateExtension with OID : '2.16.840.1.113730.1.1'
11:41:19.707 [pool-2-thread-13] INFO eu.europa.esig.dss.validation.AIACertificateSource - Retrieving C-FE5D1FDE82820AC69F0265808C4E694ACF0AFA056B56A4EA84984D52A85BF7D7 certificate's issuer using AIA.
11:41:19.707 [pool-2-thread-13] INFO eu.europa.esig.dss.spi.x509.aia.DefaultAIASource - There is no AIA extension for certificate download.
11:41:19.707 [pool-2-thread-13] WARN eu.europa.esig.dss.validation.SignatureValidationContext - No revocation found for the certificate C-D54951FEBBC59D2C2EC01ACCD92CCD8C9D2C7444C2E551BA7EC0DE622C74148C
11:41:19.707 [pool-2-thread-19] DEBUG eu.europa.esig.dss.spi.CertificateExtensionsUtils - Unknown non-critical CertificateExtension with OID : '2.16.840.1.113730.1.1'
11:41:19.708 [pool-2-thread-13] WARN eu.europa.esig.dss.validation.SignatureValidationContext - Issuer not found for certificate C-FE5D1FDE82820AC69F0265808C4E694ACF0AFA056B56A4EA84984D52A85BF7D7
11:41:19.708 [pool-2-thread-6] INFO eu.europa.esig.dss.validation.CommonCertificateVerifier - + New CommonCertificateVerifier created.
11:41:19.708 [pool-2-thread-19] WARN eu.europa.esig.dss.detailedreport.DetailedReportMessageCollector - The validation at time 'CERTIFICATE_ISSUANCE_TIME' is not found or not performed!
11:41:19.708 [pool-2-thread-13] WARN eu.europa.esig.dss.validation.DiagnosticDataBuilder - Provided CertificateSource configuration contains none of trusted sources of type TRUSTED_STORE or TRUSTED_LIST!
11:41:19.708 [pool-2-thread-19] WARN eu.europa.esig.dss.detailedreport.DetailedReportMessageCollector - The validation at time 'CERTIFICATE_ISSUANCE_TIME' is not found or not performed!
11:41:19.708 [pool-2-thread-19] WARN eu.europa.esig.dss.detailedreport.DetailedReportMessageCollector - The validation at time 'CERTIFICATE_ISSUANCE_TIME' is not found or not performed!
11:41:19.708 [pool-2-thread-19] WARN eu.europa.esig.dss.detailedreport.DetailedReportMessageCollector - The validation at time 'VALIDATION_TIME' is not found or not performed!
11:41:19.708 [pool-2-thread-19] WARN eu.europa.esig.dss.detailedreport.DetailedReportMessageCollector - The validation at time 'VALIDATION_TIME' is not found or not performed!
11:41:19.708 [pool-2-thread-19] WARN eu.europa.esig.dss.detailedreport.DetailedReportMessageCollector - The validation at time 'VALIDATION_TIME' is not found or not performed!
11:41:19.708 [pool-2-thread-6] INFO eu.europa.esig.dss.validation.AIACertificateSource - Retrieving C-D54951FEBBC59D2C2EC01ACCD92CCD8C9D2C7444C2E551BA7EC0DE622C74148C certificate's issuer using AIA.
11:41:19.709 [pool-2-thread-6] DEBUG eu.europa.esig.dss.spi.x509.aia.DefaultAIASource - Loading certificate(s) from 'http://ca.luxtrust.lu/LTQCA.crt'.
11:41:19.709 [pool-2-thread-13] DEBUG eu.europa.esig.dss.spi.CertificateExtensionsUtils - Unknown non-critical CertificateExtension with OID : '2.16.840.1.113730.1.1'
11:41:19.709 [pool-2-thread-6] DEBUG eu.europa.esig.dss.spi.x509.aia.DefaultAIASource - Base64 content : MIID8DCCAtigAwIBAgICA+swDQYJKoZIhvcNAQEFBQAwQDELMAkGA1UEBhMCTFUxFjAUBgNVBAoTDUx1eFRydXN0IHMuYS4xGTAXBgNVBAMTEEx1eFRydXN0IHJvb3QgQ0EwHhcNMDgwNjA1MDkyNTI0WhcNMTYxMDE4MTA0MDM0WjBFMQswCQYDVQQGEwJMVTEWMBQGA1UEChMNTHV4VHJ1c3QgUy5BLjEeMBwGA1UEAxMVTHV4VHJ1c3QgUXVhbGlmaWVkIENBMIIBIjANBgkqhkiG9w0BAQEFAAOCAQ8AMIIBCgKCAQEAybFXzA+8RNnvlCd+sZ8BnH6WO3LmaLi419Ygd9VBYcIwLmMx9KgAKF3u4B87Hee5NL4Xvhm/B9DuDUH5OGZ3P2Dwf7putVEvATvW8jzYq6CzarUthzb9ux+KTdTT+d4y6tkgVggy9DBe+bz635oZm2PPQT9kzoR48RBN730KA/MJIa0Sa7ZDphL37WHSA4/TWh9F1/LBRVGC0F4Mg1hU/u+kovF5mTuUK+ncU7+FS0cQRhAD+C4WfLI/WuzuE+T6ZuZ6Iqg6+vqgf6iKwL6iVZmwKkJPvV3+3Wgy3zq5tpDvsIGj4kXd1riQGKsEeDfN8y71DG3OdBqF1Yd7ue7ziwIDAQABo4HuMIHrMA8GA1UdEwQIMAYBAf8CAQAwQgYDVR0gBDswOTA3BggrgSsBAQEBADArMCkGCCsGAQUFBwIBFh1odHRwOi8vcmVwb3NpdG9yeS5sdXh0cnVzdC5sdTARBglghkgBhvhCAQEEBAMCAAcwDgYDVR0PAQH/BAQDAgHGMB8GA1UdIwQYMBaAFN2K1zDx+ZFx6UdwDCXlrKGN34wlMDEGA1UdHwQqMCgwJqAkoCKGIGh0dHA6Ly9jcmwubHV4dHJ1c3QubHUvTFRSQ0EuY3JsMB0GA1UdDgQWBBSNkKMH3RoTd5lMkqtNQ94/zSlkBTANBgkqhkiG9w0BAQUFAAOCAQEAapxOpigXTejGgHBWMAwDBMdZQHpPyoCmw32OIj1qqezO5nDnjG5gfJni/rp5IFMpV//xmCkjqyO92PyYbcHNSUpP1SjCkyn10e6ipmzpXK0MbgFvIPglAgA5dXxTNf0Q77eWu36fz5VKQEmJzqoXTccq4nuLL9rLZ88YUlczMaWscETIZCB4kecKVyqHf4+T0JucZqX7zzfpiVyTr2M+OGl9qiOmKwBGkzseJt+MgYWrskJADKDZMr4bQxkxnhzCSQoraX7DugxM0fH47MitCc74uZrWIJ6qQjCLBtKzxUGy7B3pYOjLlThr7S64cd12yuR+NjHAFZ2DTXwxKg/FQg==
11:41:19.711 [pool-2-thread-6] DEBUG eu.europa.esig.dss.spi.x509.aia.DefaultAIASource - 1 certificate(s) loaded from 'http://ca.luxtrust.lu/LTQCA.crt'
11:41:19.711 [pool-2-thread-13] DEBUG eu.europa.esig.dss.spi.CertificateExtensionsUtils - Unknown non-critical CertificateExtension with OID : '2.16.840.1.113730.1.1'
11:41:19.713 [pool-2-thread-6] INFO eu.europa.esig.dss.validation.AIACertificateSource - Retrieving C-FE5D1FDE82820AC69F0265808C4E694ACF0AFA056B56A4EA84984D52A85BF7D7 certificate's issuer using AIA.
11:41:19.713 [pool-2-thread-6] INFO eu.europa.esig.dss.spi.x509.aia.DefaultAIASource - There is no AIA extension for certificate download.
11:41:19.714 [pool-2-thread-6] WARN eu.europa.esig.dss.validation.SignatureValidationContext - No revocation found for the certificate C-D54951FEBBC59D2C2EC01ACCD92CCD8C9D2C7444C2E551BA7EC0DE622C74148C
11:41:19.715 [pool-2-thread-13] WARN eu.europa.esig.dss.detailedreport.DetailedReportMessageCollector - The validation at time 'CERTIFICATE_ISSUANCE_TIME' is not found or not performed!
11:41:19.715 [pool-2-thread-13] WARN eu.europa.esig.dss.detailedreport.DetailedReportMessageCollector - The validation at time 'CERTIFICATE_ISSUANCE_TIME' is not found or not performed!
11:41:19.715 [pool-2-thread-13] WARN eu.europa.esig.dss.detailedreport.DetailedReportMessageCollector - The validation at time 'CERTIFICATE_ISSUANCE_TIME' is not found or not performed!
11:41:19.715 [pool-2-thread-13] WARN eu.europa.esig.dss.detailedreport.DetailedReportMessageCollector - The validation at time 'VALIDATION_TIME' is not found or not performed!
11:41:19.715 [pool-2-thread-6] WARN eu.europa.esig.dss.validation.SignatureValidationContext - Issuer not found for certificate C-FE5D1FDE82820AC69F0265808C4E694ACF0AFA056B56A4EA84984D52A85BF7D7
11:41:19.715 [pool-2-thread-13] WARN eu.europa.esig.dss.detailedreport.DetailedReportMessageCollector - The validation at time 'VALIDATION_TIME' is not found or not performed!
11:41:19.715 [pool-2-thread-13] WARN eu.europa.esig.dss.detailedreport.DetailedReportMessageCollector - The validation at time 'VALIDATION_TIME' is not found or not performed!
11:41:19.715 [pool-2-thread-6] WARN eu.europa.esig.dss.validation.DiagnosticDataBuilder - Provided CertificateSource configuration contains none of trusted sources of type TRUSTED_STORE or TRUSTED_LIST!
11:41:19.716 [pool-2-thread-6] DEBUG eu.europa.esig.dss.spi.CertificateExtensionsUtils - Unknown non-critical CertificateExtension with OID : '2.16.840.1.113730.1.1'
11:41:19.717 [pool-2-thread-6] DEBUG eu.europa.esig.dss.spi.CertificateExtensionsUtils - Unknown non-critical CertificateExtension with OID : '2.16.840.1.113730.1.1'
11:41:19.718 [pool-2-thread-6] WARN eu.europa.esig.dss.detailedreport.DetailedReportMessageCollector - The validation at time 'CERTIFICATE_ISSUANCE_TIME' is not found or not performed!
11:41:19.718 [pool-2-thread-6] WARN eu.europa.esig.dss.detailedreport.DetailedReportMessageCollector - The validation at time 'CERTIFICATE_ISSUANCE_TIME' is not found or not performed!
11:41:19.718 [pool-2-thread-6] WARN eu.europa.esig.dss.detailedreport.DetailedReportMessageCollector - The validation at time 'CERTIFICATE_ISSUANCE_TIME' is not found or not performed!
11:41:19.718 [pool-2-thread-6] WARN eu.europa.esig.dss.detailedreport.DetailedReportMessageCollector - The validation at time 'VALIDATION_TIME' is not found or not performed!
11:41:19.718 [pool-2-thread-6] WARN eu.europa.esig.dss.detailedreport.DetailedReportMessageCollector - The validation at time 'VALIDATION_TIME' is not found or not performed!
11:41:19.718 [pool-2-thread-6] WARN eu.europa.esig.dss.detailedreport.DetailedReportMessageCollector - The validation at time 'VALIDATION_TIME' is not found or not performed!
11:41:19.721 [pool-2-thread-8] INFO eu.europa.esig.dss.validation.CommonCertificateVerifier - + New CommonCertificateVerifier created.
11:41:19.722 [pool-2-thread-15] DEBUG eu.europa.esig.dss.spi.CertificateExtensionsUtils - Unknown non-critical CertificateExtension with OID : '2.16.840.1.113730.1.1'
11:41:19.724 [pool-2-thread-15] WARN eu.europa.esig.dss.detailedreport.DetailedReportMessageCollector - The validation at time 'CERTIFICATE_ISSUANCE_TIME' is not found or not performed!
11:41:19.724 [pool-2-thread-15] WARN eu.europa.esig.dss.detailedreport.DetailedReportMessageCollector - The validation at time 'CERTIFICATE_ISSUANCE_TIME' is not found or not performed!
11:41:19.724 [pool-2-thread-15] WARN eu.europa.esig.dss.detailedreport.DetailedReportMessageCollector - The validation at time 'CERTIFICATE_ISSUANCE_TIME' is not found or not performed!
11:41:19.724 [pool-2-thread-15] WARN eu.europa.esig.dss.detailedreport.DetailedReportMessageCollector - The validation at time 'VALIDATION_TIME' is not found or not performed!
11:41:19.724 [pool-2-thread-15] WARN eu.europa.esig.dss.detailedreport.DetailedReportMessageCollector - The validation at time 'VALIDATION_TIME' is not found or not performed!
11:41:19.724 [pool-2-thread-15] WARN eu.europa.esig.dss.detailedreport.DetailedReportMessageCollector - The validation at time 'VALIDATION_TIME' is not found or not performed!
11:41:19.739 [pool-2-thread-8] INFO eu.europa.esig.dss.validation.CommonCertificateVerifier - + New CommonCertificateVerifier created.
11:41:19.741 [pool-2-thread-8] INFO eu.europa.esig.dss.validation.AIACertificateSource - Retrieving C-D54951FEBBC59D2C2EC01ACCD92CCD8C9D2C7444C2E551BA7EC0DE622C74148C certificate's issuer using AIA.
11:41:19.741 [pool-2-thread-8] DEBUG eu.europa.esig.dss.spi.x509.aia.DefaultAIASource - Loading certificate(s) from 'http://ca.luxtrust.lu/LTQCA.crt'.
11:41:19.741 [pool-2-thread-8] DEBUG eu.europa.esig.dss.spi.x509.aia.DefaultAIASource - Base64 content : MIID8DCCAtigAwIBAgICA+swDQYJKoZIhvcNAQEFBQAwQDELMAkGA1UEBhMCTFUxFjAUBgNVBAoTDUx1eFRydXN0IHMuYS4xGTAXBgNVBAMTEEx1eFRydXN0IHJvb3QgQ0EwHhcNMDgwNjA1MDkyNTI0WhcNMTYxMDE4MTA0MDM0WjBFMQswCQYDVQQGEwJMVTEWMBQGA1UEChMNTHV4VHJ1c3QgUy5BLjEeMBwGA1UEAxMVTHV4VHJ1c3QgUXVhbGlmaWVkIENBMIIBIjANBgkqhkiG9w0BAQEFAAOCAQ8AMIIBCgKCAQEAybFXzA+8RNnvlCd+sZ8BnH6WO3LmaLi419Ygd9VBYcIwLmMx9KgAKF3u4B87Hee5NL4Xvhm/B9DuDUH5OGZ3P2Dwf7putVEvATvW8jzYq6CzarUthzb9ux+KTdTT+d4y6tkgVggy9DBe+bz635oZm2PPQT9kzoR48RBN730KA/MJIa0Sa7ZDphL37WHSA4/TWh9F1/LBRVGC0F4Mg1hU/u+kovF5mTuUK+ncU7+FS0cQRhAD+C4WfLI/WuzuE+T6ZuZ6Iqg6+vqgf6iKwL6iVZmwKkJPvV3+3Wgy3zq5tpDvsIGj4kXd1riQGKsEeDfN8y71DG3OdBqF1Yd7ue7ziwIDAQABo4HuMIHrMA8GA1UdEwQIMAYBAf8CAQAwQgYDVR0gBDswOTA3BggrgSsBAQEBADArMCkGCCsGAQUFBwIBFh1odHRwOi8vcmVwb3NpdG9yeS5sdXh0cnVzdC5sdTARBglghkgBhvhCAQEEBAMCAAcwDgYDVR0PAQH/BAQDAgHGMB8GA1UdIwQYMBaAFN2K1zDx+ZFx6UdwDCXlrKGN34wlMDEGA1UdHwQqMCgwJqAkoCKGIGh0dHA6Ly9jcmwubHV4dHJ1c3QubHUvTFRSQ0EuY3JsMB0GA1UdDgQWBBSNkKMH3RoTd5lMkqtNQ94/zSlkBTANBgkqhkiG9w0BAQUFAAOCAQEAapxOpigXTejGgHBWMAwDBMdZQHpPyoCmw32OIj1qqezO5nDnjG5gfJni/rp5IFMpV//xmCkjqyO92PyYbcHNSUpP1SjCkyn10e6ipmzpXK0MbgFvIPglAgA5dXxTNf0Q77eWu36fz5VKQEmJzqoXTccq4nuLL9rLZ88YUlczMaWscETIZCB4kecKVyqHf4+T0JucZqX7zzfpiVyTr2M+OGl9qiOmKwBGkzseJt+MgYWrskJADKDZMr4bQxkxnhzCSQoraX7DugxM0fH47MitCc74uZrWIJ6qQjCLBtKzxUGy7B3pYOjLlThr7S64cd12yuR+NjHAFZ2DTXwxKg/FQg==
11:41:19.742 [pool-2-thread-8] DEBUG eu.europa.esig.dss.spi.x509.aia.DefaultAIASource - 1 certificate(s) loaded from 'http://ca.luxtrust.lu/LTQCA.crt'
11:41:19.747 [pool-2-thread-8] INFO eu.europa.esig.dss.validation.AIACertificateSource - Retrieving C-FE5D1FDE82820AC69F0265808C4E694ACF0AFA056B56A4EA84984D52A85BF7D7 certificate's issuer using AIA.
11:41:19.747 [pool-2-thread-8] INFO eu.europa.esig.dss.spi.x509.aia.DefaultAIASource - There is no AIA extension for certificate download.
11:41:19.747 [pool-2-thread-8] WARN eu.europa.esig.dss.validation.SignatureValidationContext - No revocation found for the certificate C-D54951FEBBC59D2C2EC01ACCD92CCD8C9D2C7444C2E551BA7EC0DE622C74148C
11:41:19.749 [pool-2-thread-18] INFO eu.europa.esig.dss.validation.CommonCertificateVerifier - + New CommonCertificateVerifier created.
11:41:19.750 [pool-2-thread-8] WARN eu.europa.esig.dss.validation.SignatureValidationContext - Issuer not found for certificate C-FE5D1FDE82820AC69F0265808C4E694ACF0AFA056B56A4EA84984D52A85BF7D7
11:41:19.751 [pool-2-thread-8] WARN eu.europa.esig.dss.validation.DiagnosticDataBuilder - Provided CertificateSource configuration contains none of trusted sources of type TRUSTED_STORE or TRUSTED_LIST!
11:41:19.755 [pool-2-thread-8] DEBUG eu.europa.esig.dss.spi.CertificateExtensionsUtils - Unknown non-critical CertificateExtension with OID : '2.16.840.1.113730.1.1'
11:41:19.758 [pool-2-thread-8] DEBUG eu.europa.esig.dss.spi.CertificateExtensionsUtils - Unknown non-critical CertificateExtension with OID : '2.16.840.1.113730.1.1'
11:41:19.758 [pool-2-thread-20] INFO eu.europa.esig.dss.validation.CommonCertificateVerifier - + New CommonCertificateVerifier created.
11:41:19.764 [pool-2-thread-8] WARN eu.europa.esig.dss.detailedreport.DetailedReportMessageCollector - The validation at time 'CERTIFICATE_ISSUANCE_TIME' is not found or not performed!
11:41:19.764 [pool-2-thread-18] INFO eu.europa.esig.dss.validation.CommonCertificateVerifier - + New CommonCertificateVerifier created.
11:41:19.764 [pool-2-thread-8] WARN eu.europa.esig.dss.detailedreport.DetailedReportMessageCollector - The validation at time 'CERTIFICATE_ISSUANCE_TIME' is not found or not performed!
11:41:19.764 [pool-2-thread-8] WARN eu.europa.esig.dss.detailedreport.DetailedReportMessageCollector - The validation at time 'CERTIFICATE_ISSUANCE_TIME' is not found or not performed!
11:41:19.764 [pool-2-thread-8] WARN eu.europa.esig.dss.detailedreport.DetailedReportMessageCollector - The validation at time 'VALIDATION_TIME' is not found or not performed!
11:41:19.764 [pool-2-thread-8] WARN eu.europa.esig.dss.detailedreport.DetailedReportMessageCollector - The validation at time 'VALIDATION_TIME' is not found or not performed!
11:41:19.764 [pool-2-thread-8] WARN eu.europa.esig.dss.detailedreport.DetailedReportMessageCollector - The validation at time 'VALIDATION_TIME' is not found or not performed!
11:41:19.765 [pool-2-thread-18] INFO eu.europa.esig.dss.validation.AIACertificateSource - Retrieving C-D54951FEBBC59D2C2EC01ACCD92CCD8C9D2C7444C2E551BA7EC0DE622C74148C certificate's issuer using AIA.
11:41:19.767 [pool-2-thread-18] DEBUG eu.europa.esig.dss.spi.x509.aia.DefaultAIASource - Loading certificate(s) from 'http://ca.luxtrust.lu/LTQCA.crt'.
11:41:19.768 [pool-2-thread-18] DEBUG eu.europa.esig.dss.spi.x509.aia.DefaultAIASource - Base64 content : MIID8DCCAtigAwIBAgICA+swDQYJKoZIhvcNAQEFBQAwQDELMAkGA1UEBhMCTFUxFjAUBgNVBAoTDUx1eFRydXN0IHMuYS4xGTAXBgNVBAMTEEx1eFRydXN0IHJvb3QgQ0EwHhcNMDgwNjA1MDkyNTI0WhcNMTYxMDE4MTA0MDM0WjBFMQswCQYDVQQGEwJMVTEWMBQGA1UEChMNTHV4VHJ1c3QgUy5BLjEeMBwGA1UEAxMVTHV4VHJ1c3QgUXVhbGlmaWVkIENBMIIBIjANBgkqhkiG9w0BAQEFAAOCAQ8AMIIBCgKCAQEAybFXzA+8RNnvlCd+sZ8BnH6WO3LmaLi419Ygd9VBYcIwLmMx9KgAKF3u4B87Hee5NL4Xvhm/B9DuDUH5OGZ3P2Dwf7putVEvATvW8jzYq6CzarUthzb9ux+KTdTT+d4y6tkgVggy9DBe+bz635oZm2PPQT9kzoR48RBN730KA/MJIa0Sa7ZDphL37WHSA4/TWh9F1/LBRVGC0F4Mg1hU/u+kovF5mTuUK+ncU7+FS0cQRhAD+C4WfLI/WuzuE+T6ZuZ6Iqg6+vqgf6iKwL6iVZmwKkJPvV3+3Wgy3zq5tpDvsIGj4kXd1riQGKsEeDfN8y71DG3OdBqF1Yd7ue7ziwIDAQABo4HuMIHrMA8GA1UdEwQIMAYBAf8CAQAwQgYDVR0gBDswOTA3BggrgSsBAQEBADArMCkGCCsGAQUFBwIBFh1odHRwOi8vcmVwb3NpdG9yeS5sdXh0cnVzdC5sdTARBglghkgBhvhCAQEEBAMCAAcwDgYDVR0PAQH/BAQDAgHGMB8GA1UdIwQYMBaAFN2K1zDx+ZFx6UdwDCXlrKGN34wlMDEGA1UdHwQqMCgwJqAkoCKGIGh0dHA6Ly9jcmwubHV4dHJ1c3QubHUvTFRSQ0EuY3JsMB0GA1UdDgQWBBSNkKMH3RoTd5lMkqtNQ94/zSlkBTANBgkqhkiG9w0BAQUFAAOCAQEAapxOpigXTejGgHBWMAwDBMdZQHpPyoCmw32OIj1qqezO5nDnjG5gfJni/rp5IFMpV//xmCkjqyO92PyYbcHNSUpP1SjCkyn10e6ipmzpXK0MbgFvIPglAgA5dXxTNf0Q77eWu36fz5VKQEmJzqoXTccq4nuLL9rLZ88YUlczMaWscETIZCB4kecKVyqHf4+T0JucZqX7zzfpiVyTr2M+OGl9qiOmKwBGkzseJt+MgYWrskJADKDZMr4bQxkxnhzCSQoraX7DugxM0fH47MitCc74uZrWIJ6qQjCLBtKzxUGy7B3pYOjLlThr7S64cd12yuR+NjHAFZ2DTXwxKg/FQg==
11:41:19.769 [pool-2-thread-18] DEBUG eu.europa.esig.dss.spi.x509.aia.DefaultAIASource - 1 certificate(s) loaded from 'http://ca.luxtrust.lu/LTQCA.crt'
11:41:19.771 [pool-2-thread-18] INFO eu.europa.esig.dss.validation.AIACertificateSource - Retrieving C-FE5D1FDE82820AC69F0265808C4E694ACF0AFA056B56A4EA84984D52A85BF7D7 certificate's issuer using AIA.
11:41:19.771 [pool-2-thread-18] INFO eu.europa.esig.dss.spi.x509.aia.DefaultAIASource - There is no AIA extension for certificate download.
11:41:19.771 [pool-2-thread-18] WARN eu.europa.esig.dss.validation.SignatureValidationContext - No revocation found for the certificate C-D54951FEBBC59D2C2EC01ACCD92CCD8C9D2C7444C2E551BA7EC0DE622C74148C
11:41:19.772 [pool-2-thread-18] WARN eu.europa.esig.dss.validation.SignatureValidationContext - Issuer not found for certificate C-FE5D1FDE82820AC69F0265808C4E694ACF0AFA056B56A4EA84984D52A85BF7D7
11:41:19.772 [pool-2-thread-18] WARN eu.europa.esig.dss.validation.DiagnosticDataBuilder - Provided CertificateSource configuration contains none of trusted sources of type TRUSTED_STORE or TRUSTED_LIST!
11:41:19.773 [pool-2-thread-18] DEBUG eu.europa.esig.dss.spi.CertificateExtensionsUtils - Unknown non-critical CertificateExtension with OID : '2.16.840.1.113730.1.1'
11:41:19.775 [pool-2-thread-18] DEBUG eu.europa.esig.dss.spi.CertificateExtensionsUtils - Unknown non-critical CertificateExtension with OID : '2.16.840.1.113730.1.1'
11:41:19.775 [pool-2-thread-20] INFO eu.europa.esig.dss.validation.CommonCertificateVerifier - + New CommonCertificateVerifier created.
11:41:19.775 [pool-2-thread-20] INFO eu.europa.esig.dss.validation.AIACertificateSource - Retrieving C-D54951FEBBC59D2C2EC01ACCD92CCD8C9D2C7444C2E551BA7EC0DE622C74148C certificate's issuer using AIA.
11:41:19.777 [pool-2-thread-20] DEBUG eu.europa.esig.dss.spi.x509.aia.DefaultAIASource - Loading certificate(s) from 'http://ca.luxtrust.lu/LTQCA.crt'.
11:41:19.777 [pool-2-thread-20] DEBUG eu.europa.esig.dss.spi.x509.aia.DefaultAIASource - Base64 content : MIID8DCCAtigAwIBAgICA+swDQYJKoZIhvcNAQEFBQAwQDELMAkGA1UEBhMCTFUxFjAUBgNVBAoTDUx1eFRydXN0IHMuYS4xGTAXBgNVBAMTEEx1eFRydXN0IHJvb3QgQ0EwHhcNMDgwNjA1MDkyNTI0WhcNMTYxMDE4MTA0MDM0WjBFMQswCQYDVQQGEwJMVTEWMBQGA1UEChMNTHV4VHJ1c3QgUy5BLjEeMBwGA1UEAxMVTHV4VHJ1c3QgUXVhbGlmaWVkIENBMIIBIjANBgkqhkiG9w0BAQEFAAOCAQ8AMIIBCgKCAQEAybFXzA+8RNnvlCd+sZ8BnH6WO3LmaLi419Ygd9VBYcIwLmMx9KgAKF3u4B87Hee5NL4Xvhm/B9DuDUH5OGZ3P2Dwf7putVEvATvW8jzYq6CzarUthzb9ux+KTdTT+d4y6tkgVggy9DBe+bz635oZm2PPQT9kzoR48RBN730KA/MJIa0Sa7ZDphL37WHSA4/TWh9F1/LBRVGC0F4Mg1hU/u+kovF5mTuUK+ncU7+FS0cQRhAD+C4WfLI/WuzuE+T6ZuZ6Iqg6+vqgf6iKwL6iVZmwKkJPvV3+3Wgy3zq5tpDvsIGj4kXd1riQGKsEeDfN8y71DG3OdBqF1Yd7ue7ziwIDAQABo4HuMIHrMA8GA1UdEwQIMAYBAf8CAQAwQgYDVR0gBDswOTA3BggrgSsBAQEBADArMCkGCCsGAQUFBwIBFh1odHRwOi8vcmVwb3NpdG9yeS5sdXh0cnVzdC5sdTARBglghkgBhvhCAQEEBAMCAAcwDgYDVR0PAQH/BAQDAgHGMB8GA1UdIwQYMBaAFN2K1zDx+ZFx6UdwDCXlrKGN34wlMDEGA1UdHwQqMCgwJqAkoCKGIGh0dHA6Ly9jcmwubHV4dHJ1c3QubHUvTFRSQ0EuY3JsMB0GA1UdDgQWBBSNkKMH3RoTd5lMkqtNQ94/zSlkBTANBgkqhkiG9w0BAQUFAAOCAQEAapxOpigXTejGgHBWMAwDBMdZQHpPyoCmw32OIj1qqezO5nDnjG5gfJni/rp5IFMpV//xmCkjqyO92PyYbcHNSUpP1SjCkyn10e6ipmzpXK0MbgFvIPglAgA5dXxTNf0Q77eWu36fz5VKQEmJzqoXTccq4nuLL9rLZ88YUlczMaWscETIZCB4kecKVyqHf4+T0JucZqX7zzfpiVyTr2M+OGl9qiOmKwBGkzseJt+MgYWrskJADKDZMr4bQxkxnhzCSQoraX7DugxM0fH47MitCc74uZrWIJ6qQjCLBtKzxUGy7B3pYOjLlThr7S64cd12yuR+NjHAFZ2DTXwxKg/FQg==
11:41:19.779 [pool-2-thread-20] DEBUG eu.europa.esig.dss.spi.x509.aia.DefaultAIASource - 1 certificate(s) loaded from 'http://ca.luxtrust.lu/LTQCA.crt'
11:41:19.784 [pool-2-thread-20] INFO eu.europa.esig.dss.validation.AIACertificateSource - Retrieving C-FE5D1FDE82820AC69F0265808C4E694ACF0AFA056B56A4EA84984D52A85BF7D7 certificate's issuer using AIA.
11:41:19.784 [pool-2-thread-20] INFO eu.europa.esig.dss.spi.x509.aia.DefaultAIASource - There is no AIA extension for certificate download.
11:41:19.784 [pool-2-thread-20] WARN eu.europa.esig.dss.validation.SignatureValidationContext - No revocation found for the certificate C-D54951FEBBC59D2C2EC01ACCD92CCD8C9D2C7444C2E551BA7EC0DE622C74148C
11:41:19.786 [pool-2-thread-18] WARN eu.europa.esig.dss.detailedreport.DetailedReportMessageCollector - The validation at time 'CERTIFICATE_ISSUANCE_TIME' is not found or not performed!
11:41:19.786 [pool-2-thread-18] WARN eu.europa.esig.dss.detailedreport.DetailedReportMessageCollector - The validation at time 'CERTIFICATE_ISSUANCE_TIME' is not found or not performed!
11:41:19.786 [pool-2-thread-18] WARN eu.europa.esig.dss.detailedreport.DetailedReportMessageCollector - The validation at time 'CERTIFICATE_ISSUANCE_TIME' is not found or not performed!
11:41:19.786 [pool-2-thread-18] WARN eu.europa.esig.dss.detailedreport.DetailedReportMessageCollector - The validation at time 'VALIDATION_TIME' is not found or not performed!
11:41:19.786 [pool-2-thread-18] WARN eu.europa.esig.dss.detailedreport.DetailedReportMessageCollector - The validation at time 'VALIDATION_TIME' is not found or not performed!
11:41:19.786 [pool-2-thread-18] WARN eu.europa.esig.dss.detailedreport.DetailedReportMessageCollector - The validation at time 'VALIDATION_TIME' is not found or not performed!
11:41:19.791 [pool-2-thread-20] WARN eu.europa.esig.dss.validation.SignatureValidationContext - Issuer not found for certificate C-FE5D1FDE82820AC69F0265808C4E694ACF0AFA056B56A4EA84984D52A85BF7D7
11:41:19.791 [pool-2-thread-20] WARN eu.europa.esig.dss.validation.DiagnosticDataBuilder - Provided CertificateSource configuration contains none of trusted sources of type TRUSTED_STORE or TRUSTED_LIST!
11:41:19.793 [pool-2-thread-20] DEBUG eu.europa.esig.dss.spi.CertificateExtensionsUtils - Unknown non-critical CertificateExtension with OID : '2.16.840.1.113730.1.1'
11:41:19.796 [pool-2-thread-16] INFO eu.europa.esig.dss.validation.CommonCertificateVerifier - + New CommonCertificateVerifier created.
11:41:19.799 [pool-2-thread-20] DEBUG eu.europa.esig.dss.spi.CertificateExtensionsUtils - Unknown non-critical CertificateExtension with OID : '2.16.840.1.113730.1.1'
11:41:19.803 [pool-2-thread-20] WARN eu.europa.esig.dss.detailedreport.DetailedReportMessageCollector - The validation at time 'CERTIFICATE_ISSUANCE_TIME' is not found or not performed!
11:41:19.803 [pool-2-thread-20] WARN eu.europa.esig.dss.detailedreport.DetailedReportMessageCollector - The validation at time 'CERTIFICATE_ISSUANCE_TIME' is not found or not performed!
11:41:19.803 [pool-2-thread-20] WARN eu.europa.esig.dss.detailedreport.DetailedReportMessageCollector - The validation at time 'CERTIFICATE_ISSUANCE_TIME' is not found or not performed!
11:41:19.803 [pool-2-thread-20] WARN eu.europa.esig.dss.detailedreport.DetailedReportMessageCollector - The validation at time 'VALIDATION_TIME' is not found or not performed!
11:41:19.803 [pool-2-thread-20] WARN eu.europa.esig.dss.detailedreport.DetailedReportMessageCollector - The validation at time 'VALIDATION_TIME' is not found or not performed!
11:41:19.803 [pool-2-thread-20] WARN eu.europa.esig.dss.detailedreport.DetailedReportMessageCollector - The validation at time 'VALIDATION_TIME' is not found or not performed!
11:41:19.810 [pool-2-thread-12] INFO eu.europa.esig.dss.validation.CommonCertificateVerifier - + New CommonCertificateVerifier created.
11:41:19.815 [pool-2-thread-16] INFO eu.europa.esig.dss.validation.CommonCertificateVerifier - + New CommonCertificateVerifier created.
11:41:19.817 [pool-2-thread-16] INFO eu.europa.esig.dss.validation.AIACertificateSource - Retrieving C-D54951FEBBC59D2C2EC01ACCD92CCD8C9D2C7444C2E551BA7EC0DE622C74148C certificate's issuer using AIA.
11:41:19.817 [pool-2-thread-16] DEBUG eu.europa.esig.dss.spi.x509.aia.DefaultAIASource - Loading certificate(s) from 'http://ca.luxtrust.lu/LTQCA.crt'.
11:41:19.817 [pool-2-thread-16] DEBUG eu.europa.esig.dss.spi.x509.aia.DefaultAIASource - Base64 content : MIID8DCCAtigAwIBAgICA+swDQYJKoZIhvcNAQEFBQAwQDELMAkGA1UEBhMCTFUxFjAUBgNVBAoTDUx1eFRydXN0IHMuYS4xGTAXBgNVBAMTEEx1eFRydXN0IHJvb3QgQ0EwHhcNMDgwNjA1MDkyNTI0WhcNMTYxMDE4MTA0MDM0WjBFMQswCQYDVQQGEwJMVTEWMBQGA1UEChMNTHV4VHJ1c3QgUy5BLjEeMBwGA1UEAxMVTHV4VHJ1c3QgUXVhbGlmaWVkIENBMIIBIjANBgkqhkiG9w0BAQEFAAOCAQ8AMIIBCgKCAQEAybFXzA+8RNnvlCd+sZ8BnH6WO3LmaLi419Ygd9VBYcIwLmMx9KgAKF3u4B87Hee5NL4Xvhm/B9DuDUH5OGZ3P2Dwf7putVEvATvW8jzYq6CzarUthzb9ux+KTdTT+d4y6tkgVggy9DBe+bz635oZm2PPQT9kzoR48RBN730KA/MJIa0Sa7ZDphL37WHSA4/TWh9F1/LBRVGC0F4Mg1hU/u+kovF5mTuUK+ncU7+FS0cQRhAD+C4WfLI/WuzuE+T6ZuZ6Iqg6+vqgf6iKwL6iVZmwKkJPvV3+3Wgy3zq5tpDvsIGj4kXd1riQGKsEeDfN8y71DG3OdBqF1Yd7ue7ziwIDAQABo4HuMIHrMA8GA1UdEwQIMAYBAf8CAQAwQgYDVR0gBDswOTA3BggrgSsBAQEBADArMCkGCCsGAQUFBwIBFh1odHRwOi8vcmVwb3NpdG9yeS5sdXh0cnVzdC5sdTARBglghkgBhvhCAQEEBAMCAAcwDgYDVR0PAQH/BAQDAgHGMB8GA1UdIwQYMBaAFN2K1zDx+ZFx6UdwDCXlrKGN34wlMDEGA1UdHwQqMCgwJqAkoCKGIGh0dHA6Ly9jcmwubHV4dHJ1c3QubHUvTFRSQ0EuY3JsMB0GA1UdDgQWBBSNkKMH3RoTd5lMkqtNQ94/zSlkBTANBgkqhkiG9w0BAQUFAAOCAQEAapxOpigXTejGgHBWMAwDBMdZQHpPyoCmw32OIj1qqezO5nDnjG5gfJni/rp5IFMpV//xmCkjqyO92PyYbcHNSUpP1SjCkyn10e6ipmzpXK0MbgFvIPglAgA5dXxTNf0Q77eWu36fz5VKQEmJzqoXTccq4nuLL9rLZ88YUlczMaWscETIZCB4kecKVyqHf4+T0JucZqX7zzfpiVyTr2M+OGl9qiOmKwBGkzseJt+MgYWrskJADKDZMr4bQxkxnhzCSQoraX7DugxM0fH47MitCc74uZrWIJ6qQjCLBtKzxUGy7B3pYOjLlThr7S64cd12yuR+NjHAFZ2DTXwxKg/FQg==
11:41:19.819 [pool-2-thread-16] DEBUG eu.europa.esig.dss.spi.x509.aia.DefaultAIASource - 1 certificate(s) loaded from 'http://ca.luxtrust.lu/LTQCA.crt'
11:41:19.829 [pool-2-thread-1] INFO eu.europa.esig.dss.validation.CommonCertificateVerifier - + New CommonCertificateVerifier created.
11:41:19.830 [pool-2-thread-12] INFO eu.europa.esig.dss.validation.CommonCertificateVerifier - + New CommonCertificateVerifier created.
11:41:19.831 [pool-2-thread-12] INFO eu.europa.esig.dss.validation.AIACertificateSource - Retrieving C-D54951FEBBC59D2C2EC01ACCD92CCD8C9D2C7444C2E551BA7EC0DE622C74148C certificate's issuer using AIA.
11:41:19.831 [pool-2-thread-12] DEBUG eu.europa.esig.dss.spi.x509.aia.DefaultAIASource - Loading certificate(s) from 'http://ca.luxtrust.lu/LTQCA.crt'.
11:41:19.832 [pool-2-thread-12] DEBUG eu.europa.esig.dss.spi.x509.aia.DefaultAIASource - Base64 content : MIID8DCCAtigAwIBAgICA+swDQYJKoZIhvcNAQEFBQAwQDELMAkGA1UEBhMCTFUxFjAUBgNVBAoTDUx1eFRydXN0IHMuYS4xGTAXBgNVBAMTEEx1eFRydXN0IHJvb3QgQ0EwHhcNMDgwNjA1MDkyNTI0WhcNMTYxMDE4MTA0MDM0WjBFMQswCQYDVQQGEwJMVTEWMBQGA1UEChMNTHV4VHJ1c3QgUy5BLjEeMBwGA1UEAxMVTHV4VHJ1c3QgUXVhbGlmaWVkIENBMIIBIjANBgkqhkiG9w0BAQEFAAOCAQ8AMIIBCgKCAQEAybFXzA+8RNnvlCd+sZ8BnH6WO3LmaLi419Ygd9VBYcIwLmMx9KgAKF3u4B87Hee5NL4Xvhm/B9DuDUH5OGZ3P2Dwf7putVEvATvW8jzYq6CzarUthzb9ux+KTdTT+d4y6tkgVggy9DBe+bz635oZm2PPQT9kzoR48RBN730KA/MJIa0Sa7ZDphL37WHSA4/TWh9F1/LBRVGC0F4Mg1hU/u+kovF5mTuUK+ncU7+FS0cQRhAD+C4WfLI/WuzuE+T6ZuZ6Iqg6+vqgf6iKwL6iVZmwKkJPvV3+3Wgy3zq5tpDvsIGj4kXd1riQGKsEeDfN8y71DG3OdBqF1Yd7ue7ziwIDAQABo4HuMIHrMA8GA1UdEwQIMAYBAf8CAQAwQgYDVR0gBDswOTA3BggrgSsBAQEBADArMCkGCCsGAQUFBwIBFh1odHRwOi8vcmVwb3NpdG9yeS5sdXh0cnVzdC5sdTARBglghkgBhvhCAQEEBAMCAAcwDgYDVR0PAQH/BAQDAgHGMB8GA1UdIwQYMBaAFN2K1zDx+ZFx6UdwDCXlrKGN34wlMDEGA1UdHwQqMCgwJqAkoCKGIGh0dHA6Ly9jcmwubHV4dHJ1c3QubHUvTFRSQ0EuY3JsMB0GA1UdDgQWBBSNkKMH3RoTd5lMkqtNQ94/zSlkBTANBgkqhkiG9w0BAQUFAAOCAQEAapxOpigXTejGgHBWMAwDBMdZQHpPyoCmw32OIj1qqezO5nDnjG5gfJni/rp5IFMpV//xmCkjqyO92PyYbcHNSUpP1SjCkyn10e6ipmzpXK0MbgFvIPglAgA5dXxTNf0Q77eWu36fz5VKQEmJzqoXTccq4nuLL9rLZ88YUlczMaWscETIZCB4kecKVyqHf4+T0JucZqX7zzfpiVyTr2M+OGl9qiOmKwBGkzseJt+MgYWrskJADKDZMr4bQxkxnhzCSQoraX7DugxM0fH47MitCc74uZrWIJ6qQjCLBtKzxUGy7B3pYOjLlThr7S64cd12yuR+NjHAFZ2DTXwxKg/FQg==
11:41:19.832 [pool-2-thread-12] DEBUG eu.europa.esig.dss.spi.x509.aia.DefaultAIASource - 1 certificate(s) loaded from 'http://ca.luxtrust.lu/LTQCA.crt'
11:41:19.834 [pool-2-thread-12] INFO eu.europa.esig.dss.validation.AIACertificateSource - Retrieving C-FE5D1FDE82820AC69F0265808C4E694ACF0AFA056B56A4EA84984D52A85BF7D7 certificate's issuer using AIA.
11:41:19.834 [pool-2-thread-12] INFO eu.europa.esig.dss.spi.x509.aia.DefaultAIASource - There is no AIA extension for certificate download.
11:41:19.834 [pool-2-thread-12] WARN eu.europa.esig.dss.validation.SignatureValidationContext - No revocation found for the certificate C-D54951FEBBC59D2C2EC01ACCD92CCD8C9D2C7444C2E551BA7EC0DE622C74148C
11:41:19.836 [pool-2-thread-12] WARN eu.europa.esig.dss.validation.SignatureValidationContext - Issuer not found for certificate C-FE5D1FDE82820AC69F0265808C4E694ACF0AFA056B56A4EA84984D52A85BF7D7
11:41:19.836 [pool-2-thread-12] WARN eu.europa.esig.dss.validation.DiagnosticDataBuilder - Provided CertificateSource configuration contains none of trusted sources of type TRUSTED_STORE or TRUSTED_LIST!
11:41:19.841 [pool-2-thread-5] INFO eu.europa.esig.dss.validation.CommonCertificateVerifier - + New CommonCertificateVerifier created.
11:41:19.839 [pool-2-thread-12] DEBUG eu.europa.esig.dss.spi.CertificateExtensionsUtils - Unknown non-critical CertificateExtension with OID : '2.16.840.1.113730.1.1'
11:41:19.846 [pool-2-thread-12] DEBUG eu.europa.esig.dss.spi.CertificateExtensionsUtils - Unknown non-critical CertificateExtension with OID : '2.16.840.1.113730.1.1'
11:41:19.848 [pool-2-thread-12] WARN eu.europa.esig.dss.detailedreport.DetailedReportMessageCollector - The validation at time 'CERTIFICATE_ISSUANCE_TIME' is not found or not performed!
11:41:19.848 [pool-2-thread-12] WARN eu.europa.esig.dss.detailedreport.DetailedReportMessageCollector - The validation at time 'CERTIFICATE_ISSUANCE_TIME' is not found or not performed!
11:41:19.848 [pool-2-thread-12] WARN eu.europa.esig.dss.detailedreport.DetailedReportMessageCollector - The validation at time 'CERTIFICATE_ISSUANCE_TIME' is not found or not performed!
11:41:19.848 [pool-2-thread-12] WARN eu.europa.esig.dss.detailedreport.DetailedReportMessageCollector - The validation at time 'VALIDATION_TIME' is not found or not performed!
11:41:19.849 [pool-2-thread-12] WARN eu.europa.esig.dss.detailedreport.DetailedReportMessageCollector - The validation at time 'VALIDATION_TIME' is not found or not performed!
11:41:19.849 [pool-2-thread-12] WARN eu.europa.esig.dss.detailedreport.DetailedReportMessageCollector - The validation at time 'VALIDATION_TIME' is not found or not performed!
11:41:19.852 [pool-2-thread-1] INFO eu.europa.esig.dss.validation.CommonCertificateVerifier - + New CommonCertificateVerifier created.
11:41:19.854 [pool-2-thread-1] INFO eu.europa.esig.dss.validation.AIACertificateSource - Retrieving C-D54951FEBBC59D2C2EC01ACCD92CCD8C9D2C7444C2E551BA7EC0DE622C74148C certificate's issuer using AIA.
11:41:19.854 [pool-2-thread-1] DEBUG eu.europa.esig.dss.spi.x509.aia.DefaultAIASource - Loading certificate(s) from 'http://ca.luxtrust.lu/LTQCA.crt'.
11:41:19.854 [pool-2-thread-1] DEBUG eu.europa.esig.dss.spi.x509.aia.DefaultAIASource - Base64 content : MIID8DCCAtigAwIBAgICA+swDQYJKoZIhvcNAQEFBQAwQDELMAkGA1UEBhMCTFUxFjAUBgNVBAoTDUx1eFRydXN0IHMuYS4xGTAXBgNVBAMTEEx1eFRydXN0IHJvb3QgQ0EwHhcNMDgwNjA1MDkyNTI0WhcNMTYxMDE4MTA0MDM0WjBFMQswCQYDVQQGEwJMVTEWMBQGA1UEChMNTHV4VHJ1c3QgUy5BLjEeMBwGA1UEAxMVTHV4VHJ1c3QgUXVhbGlmaWVkIENBMIIBIjANBgkqhkiG9w0BAQEFAAOCAQ8AMIIBCgKCAQEAybFXzA+8RNnvlCd+sZ8BnH6WO3LmaLi419Ygd9VBYcIwLmMx9KgAKF3u4B87Hee5NL4Xvhm/B9DuDUH5OGZ3P2Dwf7putVEvATvW8jzYq6CzarUthzb9ux+KTdTT+d4y6tkgVggy9DBe+bz635oZm2PPQT9kzoR48RBN730KA/MJIa0Sa7ZDphL37WHSA4/TWh9F1/LBRVGC0F4Mg1hU/u+kovF5mTuUK+ncU7+FS0cQRhAD+C4WfLI/WuzuE+T6ZuZ6Iqg6+vqgf6iKwL6iVZmwKkJPvV3+3Wgy3zq5tpDvsIGj4kXd1riQGKsEeDfN8y71DG3OdBqF1Yd7ue7ziwIDAQABo4HuMIHrMA8GA1UdEwQIMAYBAf8CAQAwQgYDVR0gBDswOTA3BggrgSsBAQEBADArMCkGCCsGAQUFBwIBFh1odHRwOi8vcmVwb3NpdG9yeS5sdXh0cnVzdC5sdTARBglghkgBhvhCAQEEBAMCAAcwDgYDVR0PAQH/BAQDAgHGMB8GA1UdIwQYMBaAFN2K1zDx+ZFx6UdwDCXlrKGN34wlMDEGA1UdHwQqMCgwJqAkoCKGIGh0dHA6Ly9jcmwubHV4dHJ1c3QubHUvTFRSQ0EuY3JsMB0GA1UdDgQWBBSNkKMH3RoTd5lMkqtNQ94/zSlkBTANBgkqhkiG9w0BAQUFAAOCAQEAapxOpigXTejGgHBWMAwDBMdZQHpPyoCmw32OIj1qqezO5nDnjG5gfJni/rp5IFMpV//xmCkjqyO92PyYbcHNSUpP1SjCkyn10e6ipmzpXK0MbgFvIPglAgA5dXxTNf0Q77eWu36fz5VKQEmJzqoXTccq4nuLL9rLZ88YUlczMaWscETIZCB4kecKVyqHf4+T0JucZqX7zzfpiVyTr2M+OGl9qiOmKwBGkzseJt+MgYWrskJADKDZMr4bQxkxnhzCSQoraX7DugxM0fH47MitCc74uZrWIJ6qQjCLBtKzxUGy7B3pYOjLlThr7S64cd12yuR+NjHAFZ2DTXwxKg/FQg==
11:41:19.857 [pool-2-thread-1] DEBUG eu.europa.esig.dss.spi.x509.aia.DefaultAIASource - 1 certificate(s) loaded from 'http://ca.luxtrust.lu/LTQCA.crt'
11:41:19.859 [pool-2-thread-16] INFO eu.europa.esig.dss.validation.AIACertificateSource - Retrieving C-FE5D1FDE82820AC69F0265808C4E694ACF0AFA056B56A4EA84984D52A85BF7D7 certificate's issuer using AIA.
11:41:19.859 [pool-2-thread-16] INFO eu.europa.esig.dss.spi.x509.aia.DefaultAIASource - There is no AIA extension for certificate download.
11:41:19.859 [pool-2-thread-1] INFO eu.europa.esig.dss.validation.AIACertificateSource - Retrieving C-FE5D1FDE82820AC69F0265808C4E694ACF0AFA056B56A4EA84984D52A85BF7D7 certificate's issuer using AIA.
11:41:19.859 [pool-2-thread-1] INFO eu.europa.esig.dss.spi.x509.aia.DefaultAIASource - There is no AIA extension for certificate download.
11:41:19.859 [pool-2-thread-16] WARN eu.europa.esig.dss.validation.SignatureValidationContext - No revocation found for the certificate C-D54951FEBBC59D2C2EC01ACCD92CCD8C9D2C7444C2E551BA7EC0DE622C74148C
11:41:19.859 [pool-2-thread-1] WARN eu.europa.esig.dss.validation.SignatureValidationContext - No revocation found for the certificate C-D54951FEBBC59D2C2EC01ACCD92CCD8C9D2C7444C2E551BA7EC0DE622C74148C
11:41:19.860 [pool-2-thread-5] INFO eu.europa.esig.dss.validation.CommonCertificateVerifier - + New CommonCertificateVerifier created.
11:41:19.862 [pool-2-thread-5] INFO eu.europa.esig.dss.validation.AIACertificateSource - Retrieving C-D54951FEBBC59D2C2EC01ACCD92CCD8C9D2C7444C2E551BA7EC0DE622C74148C certificate's issuer using AIA.
11:41:19.862 [pool-2-thread-5] DEBUG eu.europa.esig.dss.spi.x509.aia.DefaultAIASource - Loading certificate(s) from 'http://ca.luxtrust.lu/LTQCA.crt'.
11:41:19.863 [pool-2-thread-5] DEBUG eu.europa.esig.dss.spi.x509.aia.DefaultAIASource - Base64 content : MIID8DCCAtigAwIBAgICA+swDQYJKoZIhvcNAQEFBQAwQDELMAkGA1UEBhMCTFUxFjAUBgNVBAoTDUx1eFRydXN0IHMuYS4xGTAXBgNVBAMTEEx1eFRydXN0IHJvb3QgQ0EwHhcNMDgwNjA1MDkyNTI0WhcNMTYxMDE4MTA0MDM0WjBFMQswCQYDVQQGEwJMVTEWMBQGA1UEChMNTHV4VHJ1c3QgUy5BLjEeMBwGA1UEAxMVTHV4VHJ1c3QgUXVhbGlmaWVkIENBMIIBIjANBgkqhkiG9w0BAQEFAAOCAQ8AMIIBCgKCAQEAybFXzA+8RNnvlCd+sZ8BnH6WO3LmaLi419Ygd9VBYcIwLmMx9KgAKF3u4B87Hee5NL4Xvhm/B9DuDUH5OGZ3P2Dwf7putVEvATvW8jzYq6CzarUthzb9ux+KTdTT+d4y6tkgVggy9DBe+bz635oZm2PPQT9kzoR48RBN730KA/MJIa0Sa7ZDphL37WHSA4/TWh9F1/LBRVGC0F4Mg1hU/u+kovF5mTuUK+ncU7+FS0cQRhAD+C4WfLI/WuzuE+T6ZuZ6Iqg6+vqgf6iKwL6iVZmwKkJPvV3+3Wgy3zq5tpDvsIGj4kXd1riQGKsEeDfN8y71DG3OdBqF1Yd7ue7ziwIDAQABo4HuMIHrMA8GA1UdEwQIMAYBAf8CAQAwQgYDVR0gBDswOTA3BggrgSsBAQEBADArMCkGCCsGAQUFBwIBFh1odHRwOi8vcmVwb3NpdG9yeS5sdXh0cnVzdC5sdTARBglghkgBhvhCAQEEBAMCAAcwDgYDVR0PAQH/BAQDAgHGMB8GA1UdIwQYMBaAFN2K1zDx+ZFx6UdwDCXlrKGN34wlMDEGA1UdHwQqMCgwJqAkoCKGIGh0dHA6Ly9jcmwubHV4dHJ1c3QubHUvTFRSQ0EuY3JsMB0GA1UdDgQWBBSNkKMH3RoTd5lMkqtNQ94/zSlkBTANBgkqhkiG9w0BAQUFAAOCAQEAapxOpigXTejGgHBWMAwDBMdZQHpPyoCmw32OIj1qqezO5nDnjG5gfJni/rp5IFMpV//xmCkjqyO92PyYbcHNSUpP1SjCkyn10e6ipmzpXK0MbgFvIPglAgA5dXxTNf0Q77eWu36fz5VKQEmJzqoXTccq4nuLL9rLZ88YUlczMaWscETIZCB4kecKVyqHf4+T0JucZqX7zzfpiVyTr2M+OGl9qiOmKwBGkzseJt+MgYWrskJADKDZMr4bQxkxnhzCSQoraX7DugxM0fH47MitCc74uZrWIJ6qQjCLBtKzxUGy7B3pYOjLlThr7S64cd12yuR+NjHAFZ2DTXwxKg/FQg==
11:41:19.864 [pool-2-thread-5] DEBUG eu.europa.esig.dss.spi.x509.aia.DefaultAIASource - 1 certificate(s) loaded from 'http://ca.luxtrust.lu/LTQCA.crt'
11:41:19.865 [pool-2-thread-5] INFO eu.europa.esig.dss.validation.AIACertificateSource - Retrieving C-FE5D1FDE82820AC69F0265808C4E694ACF0AFA056B56A4EA84984D52A85BF7D7 certificate's issuer using AIA.
11:41:19.866 [pool-2-thread-16] WARN eu.europa.esig.dss.validation.SignatureValidationContext - Issuer not found for certificate C-FE5D1FDE82820AC69F0265808C4E694ACF0AFA056B56A4EA84984D52A85BF7D7
11:41:19.866 [pool-2-thread-5] INFO eu.europa.esig.dss.spi.x509.aia.DefaultAIASource - There is no AIA extension for certificate download.
11:41:19.866 [pool-2-thread-16] WARN eu.europa.esig.dss.validation.DiagnosticDataBuilder - Provided CertificateSource configuration contains none of trusted sources of type TRUSTED_STORE or TRUSTED_LIST!
11:41:19.866 [pool-2-thread-5] WARN eu.europa.esig.dss.validation.SignatureValidationContext - No revocation found for the certificate C-D54951FEBBC59D2C2EC01ACCD92CCD8C9D2C7444C2E551BA7EC0DE622C74148C
11:41:19.869 [pool-2-thread-16] DEBUG eu.europa.esig.dss.spi.CertificateExtensionsUtils - Unknown non-critical CertificateExtension with OID : '2.16.840.1.113730.1.1'
11:41:19.869 [pool-2-thread-5] WARN eu.europa.esig.dss.validation.SignatureValidationContext - Issuer not found for certificate C-FE5D1FDE82820AC69F0265808C4E694ACF0AFA056B56A4EA84984D52A85BF7D7
11:41:19.869 [pool-2-thread-5] WARN eu.europa.esig.dss.validation.DiagnosticDataBuilder - Provided CertificateSource configuration contains none of trusted sources of type TRUSTED_STORE or TRUSTED_LIST!
11:41:19.869 [pool-2-thread-5] DEBUG eu.europa.esig.dss.spi.CertificateExtensionsUtils - Unknown non-critical CertificateExtension with OID : '2.16.840.1.113730.1.1'
11:41:19.871 [pool-2-thread-4] INFO eu.europa.esig.dss.validation.CommonCertificateVerifier - + New CommonCertificateVerifier created.
11:41:19.871 [pool-2-thread-16] DEBUG eu.europa.esig.dss.spi.CertificateExtensionsUtils - Unknown non-critical CertificateExtension with OID : '2.16.840.1.113730.1.1'
11:41:19.872 [pool-2-thread-1] WARN eu.europa.esig.dss.validation.SignatureValidationContext - Issuer not found for certificate C-FE5D1FDE82820AC69F0265808C4E694ACF0AFA056B56A4EA84984D52A85BF7D7
11:41:19.874 [pool-2-thread-1] WARN eu.europa.esig.dss.validation.DiagnosticDataBuilder - Provided CertificateSource configuration contains none of trusted sources of type TRUSTED_STORE or TRUSTED_LIST!
11:41:19.877 [pool-2-thread-1] DEBUG eu.europa.esig.dss.spi.CertificateExtensionsUtils - Unknown non-critical CertificateExtension with OID : '2.16.840.1.113730.1.1'
11:41:19.877 [pool-2-thread-16] WARN eu.europa.esig.dss.detailedreport.DetailedReportMessageCollector - The validation at time 'CERTIFICATE_ISSUANCE_TIME' is not found or not performed!
11:41:19.877 [pool-2-thread-16] WARN eu.europa.esig.dss.detailedreport.DetailedReportMessageCollector - The validation at time 'CERTIFICATE_ISSUANCE_TIME' is not found or not performed!
11:41:19.877 [pool-2-thread-16] WARN eu.europa.esig.dss.detailedreport.DetailedReportMessageCollector - The validation at time 'CERTIFICATE_ISSUANCE_TIME' is not found or not performed!
11:41:19.877 [pool-2-thread-16] WARN eu.europa.esig.dss.detailedreport.DetailedReportMessageCollector - The validation at time 'VALIDATION_TIME' is not found or not performed!
11:41:19.877 [pool-2-thread-16] WARN eu.europa.esig.dss.detailedreport.DetailedReportMessageCollector - The validation at time 'VALIDATION_TIME' is not found or not performed!
11:41:19.873 [pool-2-thread-5] DEBUG eu.europa.esig.dss.spi.CertificateExtensionsUtils - Unknown non-critical CertificateExtension with OID : '2.16.840.1.113730.1.1'
11:41:19.877 [pool-2-thread-16] WARN eu.europa.esig.dss.detailedreport.DetailedReportMessageCollector - The validation at time 'VALIDATION_TIME' is not found or not performed!
11:41:19.878 [pool-2-thread-1] DEBUG eu.europa.esig.dss.spi.CertificateExtensionsUtils - Unknown non-critical CertificateExtension with OID : '2.16.840.1.113730.1.1'
11:41:19.878 [pool-2-thread-5] WARN eu.europa.esig.dss.detailedreport.DetailedReportMessageCollector - The validation at time 'CERTIFICATE_ISSUANCE_TIME' is not found or not performed!
11:41:19.878 [pool-2-thread-5] WARN eu.europa.esig.dss.detailedreport.DetailedReportMessageCollector - The validation at time 'CERTIFICATE_ISSUANCE_TIME' is not found or not performed!
11:41:19.878 [pool-2-thread-5] WARN eu.europa.esig.dss.detailedreport.DetailedReportMessageCollector - The validation at time 'CERTIFICATE_ISSUANCE_TIME' is not found or not performed!
11:41:19.879 [pool-2-thread-5] WARN eu.europa.esig.dss.detailedreport.DetailedReportMessageCollector - The validation at time 'VALIDATION_TIME' is not found or not performed!
11:41:19.879 [pool-2-thread-5] WARN eu.europa.esig.dss.detailedreport.DetailedReportMessageCollector - The validation at time 'VALIDATION_TIME' is not found or not performed!
11:41:19.879 [pool-2-thread-5] WARN eu.europa.esig.dss.detailedreport.DetailedReportMessageCollector - The validation at time 'VALIDATION_TIME' is not found or not performed!
11:41:19.881 [pool-2-thread-1] WARN eu.europa.esig.dss.detailedreport.DetailedReportMessageCollector - The validation at time 'CERTIFICATE_ISSUANCE_TIME' is not found or not performed!
11:41:19.881 [pool-2-thread-1] WARN eu.europa.esig.dss.detailedreport.DetailedReportMessageCollector - The validation at time 'CERTIFICATE_ISSUANCE_TIME' is not found or not performed!
11:41:19.881 [pool-2-thread-1] WARN eu.europa.esig.dss.detailedreport.DetailedReportMessageCollector - The validation at time 'CERTIFICATE_ISSUANCE_TIME' is not found or not performed!
11:41:19.881 [pool-2-thread-1] WARN eu.europa.esig.dss.detailedreport.DetailedReportMessageCollector - The validation at time 'VALIDATION_TIME' is not found or not performed!
11:41:19.881 [pool-2-thread-1] WARN eu.europa.esig.dss.detailedreport.DetailedReportMessageCollector - The validation at time 'VALIDATION_TIME' is not found or not performed!
11:41:19.881 [pool-2-thread-1] WARN eu.europa.esig.dss.detailedreport.DetailedReportMessageCollector - The validation at time 'VALIDATION_TIME' is not found or not performed!
11:41:19.889 [pool-2-thread-4] INFO eu.europa.esig.dss.validation.CommonCertificateVerifier - + New CommonCertificateVerifier created.
11:41:19.890 [pool-2-thread-4] INFO eu.europa.esig.dss.validation.AIACertificateSource - Retrieving C-D54951FEBBC59D2C2EC01ACCD92CCD8C9D2C7444C2E551BA7EC0DE622C74148C certificate's issuer using AIA.
11:41:19.890 [pool-2-thread-4] DEBUG eu.europa.esig.dss.spi.x509.aia.DefaultAIASource - Loading certificate(s) from 'http://ca.luxtrust.lu/LTQCA.crt'.
11:41:19.890 [pool-2-thread-5] INFO eu.europa.esig.dss.validation.CommonCertificateVerifier - + New CommonCertificateVerifier created.
11:41:19.891 [pool-2-thread-4] DEBUG eu.europa.esig.dss.spi.x509.aia.DefaultAIASource - Base64 content : MIID8DCCAtigAwIBAgICA+swDQYJKoZIhvcNAQEFBQAwQDELMAkGA1UEBhMCTFUxFjAUBgNVBAoTDUx1eFRydXN0IHMuYS4xGTAXBgNVBAMTEEx1eFRydXN0IHJvb3QgQ0EwHhcNMDgwNjA1MDkyNTI0WhcNMTYxMDE4MTA0MDM0WjBFMQswCQYDVQQGEwJMVTEWMBQGA1UEChMNTHV4VHJ1c3QgUy5BLjEeMBwGA1UEAxMVTHV4VHJ1c3QgUXVhbGlmaWVkIENBMIIBIjANBgkqhkiG9w0BAQEFAAOCAQ8AMIIBCgKCAQEAybFXzA+8RNnvlCd+sZ8BnH6WO3LmaLi419Ygd9VBYcIwLmMx9KgAKF3u4B87Hee5NL4Xvhm/B9DuDUH5OGZ3P2Dwf7putVEvATvW8jzYq6CzarUthzb9ux+KTdTT+d4y6tkgVggy9DBe+bz635oZm2PPQT9kzoR48RBN730KA/MJIa0Sa7ZDphL37WHSA4/TWh9F1/LBRVGC0F4Mg1hU/u+kovF5mTuUK+ncU7+FS0cQRhAD+C4WfLI/WuzuE+T6ZuZ6Iqg6+vqgf6iKwL6iVZmwKkJPvV3+3Wgy3zq5tpDvsIGj4kXd1riQGKsEeDfN8y71DG3OdBqF1Yd7ue7ziwIDAQABo4HuMIHrMA8GA1UdEwQIMAYBAf8CAQAwQgYDVR0gBDswOTA3BggrgSsBAQEBADArMCkGCCsGAQUFBwIBFh1odHRwOi8vcmVwb3NpdG9yeS5sdXh0cnVzdC5sdTARBglghkgBhvhCAQEEBAMCAAcwDgYDVR0PAQH/BAQDAgHGMB8GA1UdIwQYMBaAFN2K1zDx+ZFx6UdwDCXlrKGN34wlMDEGA1UdHwQqMCgwJqAkoCKGIGh0dHA6Ly9jcmwubHV4dHJ1c3QubHUvTFRSQ0EuY3JsMB0GA1UdDgQWBBSNkKMH3RoTd5lMkqtNQ94/zSlkBTANBgkqhkiG9w0BAQUFAAOCAQEAapxOpigXTejGgHBWMAwDBMdZQHpPyoCmw32OIj1qqezO5nDnjG5gfJni/rp5IFMpV//xmCkjqyO92PyYbcHNSUpP1SjCkyn10e6ipmzpXK0MbgFvIPglAgA5dXxTNf0Q77eWu36fz5VKQEmJzqoXTccq4nuLL9rLZ88YUlczMaWscETIZCB4kecKVyqHf4+T0JucZqX7zzfpiVyTr2M+OGl9qiOmKwBGkzseJt+MgYWrskJADKDZMr4bQxkxnhzCSQoraX7DugxM0fH47MitCc74uZrWIJ6qQjCLBtKzxUGy7B3pYOjLlThr7S64cd12yuR+NjHAFZ2DTXwxKg/FQg==
11:41:19.891 [pool-2-thread-4] DEBUG eu.europa.esig.dss.spi.x509.aia.DefaultAIASource - 1 certificate(s) loaded from 'http://ca.luxtrust.lu/LTQCA.crt'
11:41:19.893 [pool-2-thread-4] INFO eu.europa.esig.dss.validation.AIACertificateSource - Retrieving C-FE5D1FDE82820AC69F0265808C4E694ACF0AFA056B56A4EA84984D52A85BF7D7 certificate's issuer using AIA.
11:41:19.893 [pool-2-thread-4] INFO eu.europa.esig.dss.spi.x509.aia.DefaultAIASource - There is no AIA extension for certificate download.
11:41:19.893 [pool-2-thread-4] WARN eu.europa.esig.dss.validation.SignatureValidationContext - No revocation found for the certificate C-D54951FEBBC59D2C2EC01ACCD92CCD8C9D2C7444C2E551BA7EC0DE622C74148C
11:41:19.895 [pool-2-thread-4] WARN eu.europa.esig.dss.validation.SignatureValidationContext - Issuer not found for certificate C-FE5D1FDE82820AC69F0265808C4E694ACF0AFA056B56A4EA84984D52A85BF7D7
11:41:19.895 [pool-2-thread-4] WARN eu.europa.esig.dss.validation.DiagnosticDataBuilder - Provided CertificateSource configuration contains none of trusted sources of type TRUSTED_STORE or TRUSTED_LIST!
11:41:19.897 [pool-2-thread-4] DEBUG eu.europa.esig.dss.spi.CertificateExtensionsUtils - Unknown non-critical CertificateExtension with OID : '2.16.840.1.113730.1.1'
11:41:19.899 [pool-2-thread-4] DEBUG eu.europa.esig.dss.spi.CertificateExtensionsUtils - Unknown non-critical CertificateExtension with OID : '2.16.840.1.113730.1.1'
11:41:19.903 [pool-2-thread-4] WARN eu.europa.esig.dss.detailedreport.DetailedReportMessageCollector - The validation at time 'CERTIFICATE_ISSUANCE_TIME' is not found or not performed!
11:41:19.903 [pool-2-thread-4] WARN eu.europa.esig.dss.detailedreport.DetailedReportMessageCollector - The validation at time 'CERTIFICATE_ISSUANCE_TIME' is not found or not performed!
11:41:19.904 [pool-2-thread-4] WARN eu.europa.esig.dss.detailedreport.DetailedReportMessageCollector - The validation at time 'CERTIFICATE_ISSUANCE_TIME' is not found or not performed!
11:41:19.904 [pool-2-thread-4] WARN eu.europa.esig.dss.detailedreport.DetailedReportMessageCollector - The validation at time 'VALIDATION_TIME' is not found or not performed!
11:41:19.904 [pool-2-thread-4] WARN eu.europa.esig.dss.detailedreport.DetailedReportMessageCollector - The validation at time 'VALIDATION_TIME' is not found or not performed!
11:41:19.904 [pool-2-thread-4] WARN eu.europa.esig.dss.detailedreport.DetailedReportMessageCollector - The validation at time 'VALIDATION_TIME' is not found or not performed!
11:41:19.909 [pool-2-thread-11] INFO eu.europa.esig.dss.validation.CommonCertificateVerifier - + New CommonCertificateVerifier created.
11:41:19.909 [pool-2-thread-5] INFO eu.europa.esig.dss.validation.CommonCertificateVerifier - + New CommonCertificateVerifier created.
11:41:19.912 [pool-2-thread-5] INFO eu.europa.esig.dss.validation.AIACertificateSource - Retrieving C-D54951FEBBC59D2C2EC01ACCD92CCD8C9D2C7444C2E551BA7EC0DE622C74148C certificate's issuer using AIA.
11:41:19.913 [pool-2-thread-5] DEBUG eu.europa.esig.dss.spi.x509.aia.DefaultAIASource - Loading certificate(s) from 'http://ca.luxtrust.lu/LTQCA.crt'.
11:41:19.913 [pool-2-thread-5] DEBUG eu.europa.esig.dss.spi.x509.aia.DefaultAIASource - Base64 content : MIID8DCCAtigAwIBAgICA+swDQYJKoZIhvcNAQEFBQAwQDELMAkGA1UEBhMCTFUxFjAUBgNVBAoTDUx1eFRydXN0IHMuYS4xGTAXBgNVBAMTEEx1eFRydXN0IHJvb3QgQ0EwHhcNMDgwNjA1MDkyNTI0WhcNMTYxMDE4MTA0MDM0WjBFMQswCQYDVQQGEwJMVTEWMBQGA1UEChMNTHV4VHJ1c3QgUy5BLjEeMBwGA1UEAxMVTHV4VHJ1c3QgUXVhbGlmaWVkIENBMIIBIjANBgkqhkiG9w0BAQEFAAOCAQ8AMIIBCgKCAQEAybFXzA+8RNnvlCd+sZ8BnH6WO3LmaLi419Ygd9VBYcIwLmMx9KgAKF3u4B87Hee5NL4Xvhm/B9DuDUH5OGZ3P2Dwf7putVEvATvW8jzYq6CzarUthzb9ux+KTdTT+d4y6tkgVggy9DBe+bz635oZm2PPQT9kzoR48RBN730KA/MJIa0Sa7ZDphL37WHSA4/TWh9F1/LBRVGC0F4Mg1hU/u+kovF5mTuUK+ncU7+FS0cQRhAD+C4WfLI/WuzuE+T6ZuZ6Iqg6+vqgf6iKwL6iVZmwKkJPvV3+3Wgy3zq5tpDvsIGj4kXd1riQGKsEeDfN8y71DG3OdBqF1Yd7ue7ziwIDAQABo4HuMIHrMA8GA1UdEwQIMAYBAf8CAQAwQgYDVR0gBDswOTA3BggrgSsBAQEBADArMCkGCCsGAQUFBwIBFh1odHRwOi8vcmVwb3NpdG9yeS5sdXh0cnVzdC5sdTARBglghkgBhvhCAQEEBAMCAAcwDgYDVR0PAQH/BAQDAgHGMB8GA1UdIwQYMBaAFN2K1zDx+ZFx6UdwDCXlrKGN34wlMDEGA1UdHwQqMCgwJqAkoCKGIGh0dHA6Ly9jcmwubHV4dHJ1c3QubHUvTFRSQ0EuY3JsMB0GA1UdDgQWBBSNkKMH3RoTd5lMkqtNQ94/zSlkBTANBgkqhkiG9w0BAQUFAAOCAQEAapxOpigXTejGgHBWMAwDBMdZQHpPyoCmw32OIj1qqezO5nDnjG5gfJni/rp5IFMpV//xmCkjqyO92PyYbcHNSUpP1SjCkyn10e6ipmzpXK0MbgFvIPglAgA5dXxTNf0Q77eWu36fz5VKQEmJzqoXTccq4nuLL9rLZ88YUlczMaWscETIZCB4kecKVyqHf4+T0JucZqX7zzfpiVyTr2M+OGl9qiOmKwBGkzseJt+MgYWrskJADKDZMr4bQxkxnhzCSQoraX7DugxM0fH47MitCc74uZrWIJ6qQjCLBtKzxUGy7B3pYOjLlThr7S64cd12yuR+NjHAFZ2DTXwxKg/FQg==
11:41:19.914 [pool-2-thread-5] DEBUG eu.europa.esig.dss.spi.x509.aia.DefaultAIASource - 1 certificate(s) loaded from 'http://ca.luxtrust.lu/LTQCA.crt'
11:41:19.928 [pool-2-thread-5] INFO eu.europa.esig.dss.validation.AIACertificateSource - Retrieving C-FE5D1FDE82820AC69F0265808C4E694ACF0AFA056B56A4EA84984D52A85BF7D7 certificate's issuer using AIA.
11:41:19.928 [pool-2-thread-5] INFO eu.europa.esig.dss.spi.x509.aia.DefaultAIASource - There is no AIA extension for certificate download.
11:41:19.928 [pool-2-thread-5] WARN eu.europa.esig.dss.validation.SignatureValidationContext - No revocation found for the certificate C-D54951FEBBC59D2C2EC01ACCD92CCD8C9D2C7444C2E551BA7EC0DE622C74148C
11:41:19.931 [pool-2-thread-7] INFO eu.europa.esig.dss.validation.CommonCertificateVerifier - + New CommonCertificateVerifier created.
11:41:19.931 [pool-2-thread-11] INFO eu.europa.esig.dss.validation.CommonCertificateVerifier - + New CommonCertificateVerifier created.
11:41:19.932 [pool-2-thread-11] INFO eu.europa.esig.dss.validation.AIACertificateSource - Retrieving C-D54951FEBBC59D2C2EC01ACCD92CCD8C9D2C7444C2E551BA7EC0DE622C74148C certificate's issuer using AIA.
11:41:19.932 [pool-2-thread-11] DEBUG eu.europa.esig.dss.spi.x509.aia.DefaultAIASource - Loading certificate(s) from 'http://ca.luxtrust.lu/LTQCA.crt'.
11:41:19.932 [pool-2-thread-11] DEBUG eu.europa.esig.dss.spi.x509.aia.DefaultAIASource - Base64 content : MIID8DCCAtigAwIBAgICA+swDQYJKoZIhvcNAQEFBQAwQDELMAkGA1UEBhMCTFUxFjAUBgNVBAoTDUx1eFRydXN0IHMuYS4xGTAXBgNVBAMTEEx1eFRydXN0IHJvb3QgQ0EwHhcNMDgwNjA1MDkyNTI0WhcNMTYxMDE4MTA0MDM0WjBFMQswCQYDVQQGEwJMVTEWMBQGA1UEChMNTHV4VHJ1c3QgUy5BLjEeMBwGA1UEAxMVTHV4VHJ1c3QgUXVhbGlmaWVkIENBMIIBIjANBgkqhkiG9w0BAQEFAAOCAQ8AMIIBCgKCAQEAybFXzA+8RNnvlCd+sZ8BnH6WO3LmaLi419Ygd9VBYcIwLmMx9KgAKF3u4B87Hee5NL4Xvhm/B9DuDUH5OGZ3P2Dwf7putVEvATvW8jzYq6CzarUthzb9ux+KTdTT+d4y6tkgVggy9DBe+bz635oZm2PPQT9kzoR48RBN730KA/MJIa0Sa7ZDphL37WHSA4/TWh9F1/LBRVGC0F4Mg1hU/u+kovF5mTuUK+ncU7+FS0cQRhAD+C4WfLI/WuzuE+T6ZuZ6Iqg6+vqgf6iKwL6iVZmwKkJPvV3+3Wgy3zq5tpDvsIGj4kXd1riQGKsEeDfN8y71DG3OdBqF1Yd7ue7ziwIDAQABo4HuMIHrMA8GA1UdEwQIMAYBAf8CAQAwQgYDVR0gBDswOTA3BggrgSsBAQEBADArMCkGCCsGAQUFBwIBFh1odHRwOi8vcmVwb3NpdG9yeS5sdXh0cnVzdC5sdTARBglghkgBhvhCAQEEBAMCAAcwDgYDVR0PAQH/BAQDAgHGMB8GA1UdIwQYMBaAFN2K1zDx+ZFx6UdwDCXlrKGN34wlMDEGA1UdHwQqMCgwJqAkoCKGIGh0dHA6Ly9jcmwubHV4dHJ1c3QubHUvTFRSQ0EuY3JsMB0GA1UdDgQWBBSNkKMH3RoTd5lMkqtNQ94/zSlkBTANBgkqhkiG9w0BAQUFAAOCAQEAapxOpigXTejGgHBWMAwDBMdZQHpPyoCmw32OIj1qqezO5nDnjG5gfJni/rp5IFMpV//xmCkjqyO92PyYbcHNSUpP1SjCkyn10e6ipmzpXK0MbgFvIPglAgA5dXxTNf0Q77eWu36fz5VKQEmJzqoXTccq4nuLL9rLZ88YUlczMaWscETIZCB4kecKVyqHf4+T0JucZqX7zzfpiVyTr2M+OGl9qiOmKwBGkzseJt+MgYWrskJADKDZMr4bQxkxnhzCSQoraX7DugxM0fH47MitCc74uZrWIJ6qQjCLBtKzxUGy7B3pYOjLlThr7S64cd12yuR+NjHAFZ2DTXwxKg/FQg==
11:41:19.932 [pool-2-thread-11] DEBUG eu.europa.esig.dss.spi.x509.aia.DefaultAIASource - 1 certificate(s) loaded from 'http://ca.luxtrust.lu/LTQCA.crt'
11:41:19.934 [pool-2-thread-11] INFO eu.europa.esig.dss.validation.AIACertificateSource - Retrieving C-FE5D1FDE82820AC69F0265808C4E694ACF0AFA056B56A4EA84984D52A85BF7D7 certificate's issuer using AIA.
11:41:19.935 [pool-2-thread-11] INFO eu.europa.esig.dss.spi.x509.aia.DefaultAIASource - There is no AIA extension for certificate download.
11:41:19.935 [pool-2-thread-11] WARN eu.europa.esig.dss.validation.SignatureValidationContext - No revocation found for the certificate C-D54951FEBBC59D2C2EC01ACCD92CCD8C9D2C7444C2E551BA7EC0DE622C74148C
11:41:19.936 [pool-2-thread-11] WARN eu.europa.esig.dss.validation.SignatureValidationContext - Issuer not found for certificate C-FE5D1FDE82820AC69F0265808C4E694ACF0AFA056B56A4EA84984D52A85BF7D7
11:41:19.936 [pool-2-thread-11] WARN eu.europa.esig.dss.validation.DiagnosticDataBuilder - Provided CertificateSource configuration contains none of trusted sources of type TRUSTED_STORE or TRUSTED_LIST!
11:41:19.937 [pool-2-thread-11] DEBUG eu.europa.esig.dss.spi.CertificateExtensionsUtils - Unknown non-critical CertificateExtension with OID : '2.16.840.1.113730.1.1'
11:41:19.938 [pool-2-thread-11] DEBUG eu.europa.esig.dss.spi.CertificateExtensionsUtils - Unknown non-critical CertificateExtension with OID : '2.16.840.1.113730.1.1'
11:41:19.938 [pool-2-thread-11] WARN eu.europa.esig.dss.detailedreport.DetailedReportMessageCollector - The validation at time 'CERTIFICATE_ISSUANCE_TIME' is not found or not performed!
11:41:19.938 [pool-2-thread-11] WARN eu.europa.esig.dss.detailedreport.DetailedReportMessageCollector - The validation at time 'CERTIFICATE_ISSUANCE_TIME' is not found or not performed!
11:41:19.938 [pool-2-thread-11] WARN eu.europa.esig.dss.detailedreport.DetailedReportMessageCollector - The validation at time 'CERTIFICATE_ISSUANCE_TIME' is not found or not performed!
11:41:19.938 [pool-2-thread-11] WARN eu.europa.esig.dss.detailedreport.DetailedReportMessageCollector - The validation at time 'VALIDATION_TIME' is not found or not performed!
11:41:19.938 [pool-2-thread-11] WARN eu.europa.esig.dss.detailedreport.DetailedReportMessageCollector - The validation at time 'VALIDATION_TIME' is not found or not performed!
11:41:19.938 [pool-2-thread-11] WARN eu.europa.esig.dss.detailedreport.DetailedReportMessageCollector - The validation at time 'VALIDATION_TIME' is not found or not performed!
11:41:19.939 [pool-2-thread-5] WARN eu.europa.esig.dss.validation.SignatureValidationContext - Issuer not found for certificate C-FE5D1FDE82820AC69F0265808C4E694ACF0AFA056B56A4EA84984D52A85BF7D7
11:41:19.941 [pool-2-thread-5] WARN eu.europa.esig.dss.validation.DiagnosticDataBuilder - Provided CertificateSource configuration contains none of trusted sources of type TRUSTED_STORE or TRUSTED_LIST!
11:41:19.945 [pool-2-thread-5] DEBUG eu.europa.esig.dss.spi.CertificateExtensionsUtils - Unknown non-critical CertificateExtension with OID : '2.16.840.1.113730.1.1'
11:41:19.947 [pool-2-thread-5] DEBUG eu.europa.esig.dss.spi.CertificateExtensionsUtils - Unknown non-critical CertificateExtension with OID : '2.16.840.1.113730.1.1'
11:41:19.951 [pool-2-thread-5] WARN eu.europa.esig.dss.detailedreport.DetailedReportMessageCollector - The validation at time 'CERTIFICATE_ISSUANCE_TIME' is not found or not performed!
11:41:19.951 [pool-2-thread-5] WARN eu.europa.esig.dss.detailedreport.DetailedReportMessageCollector - The validation at time 'CERTIFICATE_ISSUANCE_TIME' is not found or not performed!
11:41:19.951 [pool-2-thread-5] WARN eu.europa.esig.dss.detailedreport.DetailedReportMessageCollector - The validation at time 'CERTIFICATE_ISSUANCE_TIME' is not found or not performed!
11:41:19.951 [pool-2-thread-5] WARN eu.europa.esig.dss.detailedreport.DetailedReportMessageCollector - The validation at time 'VALIDATION_TIME' is not found or not performed!
11:41:19.952 [pool-2-thread-5] WARN eu.europa.esig.dss.detailedreport.DetailedReportMessageCollector - The validation at time 'VALIDATION_TIME' is not found or not performed!
11:41:19.952 [pool-2-thread-5] WARN eu.europa.esig.dss.detailedreport.DetailedReportMessageCollector - The validation at time 'VALIDATION_TIME' is not found or not performed!
11:41:19.952 [pool-2-thread-7] INFO eu.europa.esig.dss.validation.CommonCertificateVerifier - + New CommonCertificateVerifier created.
11:41:19.953 [pool-2-thread-7] INFO eu.europa.esig.dss.validation.AIACertificateSource - Retrieving C-D54951FEBBC59D2C2EC01ACCD92CCD8C9D2C7444C2E551BA7EC0DE622C74148C certificate's issuer using AIA.
11:41:19.953 [pool-2-thread-7] DEBUG eu.europa.esig.dss.spi.x509.aia.DefaultAIASource - Loading certificate(s) from 'http://ca.luxtrust.lu/LTQCA.crt'.
11:41:19.953 [pool-2-thread-7] DEBUG eu.europa.esig.dss.spi.x509.aia.DefaultAIASource - Base64 content : MIID8DCCAtigAwIBAgICA+swDQYJKoZIhvcNAQEFBQAwQDELMAkGA1UEBhMCTFUxFjAUBgNVBAoTDUx1eFRydXN0IHMuYS4xGTAXBgNVBAMTEEx1eFRydXN0IHJvb3QgQ0EwHhcNMDgwNjA1MDkyNTI0WhcNMTYxMDE4MTA0MDM0WjBFMQswCQYDVQQGEwJMVTEWMBQGA1UEChMNTHV4VHJ1c3QgUy5BLjEeMBwGA1UEAxMVTHV4VHJ1c3QgUXVhbGlmaWVkIENBMIIBIjANBgkqhkiG9w0BAQEFAAOCAQ8AMIIBCgKCAQEAybFXzA+8RNnvlCd+sZ8BnH6WO3LmaLi419Ygd9VBYcIwLmMx9KgAKF3u4B87Hee5NL4Xvhm/B9DuDUH5OGZ3P2Dwf7putVEvATvW8jzYq6CzarUthzb9ux+KTdTT+d4y6tkgVggy9DBe+bz635oZm2PPQT9kzoR48RBN730KA/MJIa0Sa7ZDphL37WHSA4/TWh9F1/LBRVGC0F4Mg1hU/u+kovF5mTuUK+ncU7+FS0cQRhAD+C4WfLI/WuzuE+T6ZuZ6Iqg6+vqgf6iKwL6iVZmwKkJPvV3+3Wgy3zq5tpDvsIGj4kXd1riQGKsEeDfN8y71DG3OdBqF1Yd7ue7ziwIDAQABo4HuMIHrMA8GA1UdEwQIMAYBAf8CAQAwQgYDVR0gBDswOTA3BggrgSsBAQEBADArMCkGCCsGAQUFBwIBFh1odHRwOi8vcmVwb3NpdG9yeS5sdXh0cnVzdC5sdTARBglghkgBhvhCAQEEBAMCAAcwDgYDVR0PAQH/BAQDAgHGMB8GA1UdIwQYMBaAFN2K1zDx+ZFx6UdwDCXlrKGN34wlMDEGA1UdHwQqMCgwJqAkoCKGIGh0dHA6Ly9jcmwubHV4dHJ1c3QubHUvTFRSQ0EuY3JsMB0GA1UdDgQWBBSNkKMH3RoTd5lMkqtNQ94/zSlkBTANBgkqhkiG9w0BAQUFAAOCAQEAapxOpigXTejGgHBWMAwDBMdZQHpPyoCmw32OIj1qqezO5nDnjG5gfJni/rp5IFMpV//xmCkjqyO92PyYbcHNSUpP1SjCkyn10e6ipmzpXK0MbgFvIPglAgA5dXxTNf0Q77eWu36fz5VKQEmJzqoXTccq4nuLL9rLZ88YUlczMaWscETIZCB4kecKVyqHf4+T0JucZqX7zzfpiVyTr2M+OGl9qiOmKwBGkzseJt+MgYWrskJADKDZMr4bQxkxnhzCSQoraX7DugxM0fH47MitCc74uZrWIJ6qQjCLBtKzxUGy7B3pYOjLlThr7S64cd12yuR+NjHAFZ2DTXwxKg/FQg==
11:41:19.954 [pool-2-thread-7] DEBUG eu.europa.esig.dss.spi.x509.aia.DefaultAIASource - 1 certificate(s) loaded from 'http://ca.luxtrust.lu/LTQCA.crt'
11:41:19.956 [pool-2-thread-7] INFO eu.europa.esig.dss.validation.AIACertificateSource - Retrieving C-FE5D1FDE82820AC69F0265808C4E694ACF0AFA056B56A4EA84984D52A85BF7D7 certificate's issuer using AIA.
11:41:19.956 [pool-2-thread-7] INFO eu.europa.esig.dss.spi.x509.aia.DefaultAIASource - There is no AIA extension for certificate download.
11:41:19.956 [pool-2-thread-7] WARN eu.europa.esig.dss.validation.SignatureValidationContext - No revocation found for the certificate C-D54951FEBBC59D2C2EC01ACCD92CCD8C9D2C7444C2E551BA7EC0DE622C74148C
11:41:19.956 [pool-2-thread-7] WARN eu.europa.esig.dss.validation.SignatureValidationContext - Issuer not found for certificate C-FE5D1FDE82820AC69F0265808C4E694ACF0AFA056B56A4EA84984D52A85BF7D7
11:41:19.956 [pool-2-thread-7] WARN eu.europa.esig.dss.validation.DiagnosticDataBuilder - Provided CertificateSource configuration contains none of trusted sources of type TRUSTED_STORE or TRUSTED_LIST!
11:41:19.957 [pool-2-thread-7] DEBUG eu.europa.esig.dss.spi.CertificateExtensionsUtils - Unknown non-critical CertificateExtension with OID : '2.16.840.1.113730.1.1'
11:41:19.958 [pool-2-thread-14] INFO eu.europa.esig.dss.validation.CommonCertificateVerifier - + New CommonCertificateVerifier created.
11:41:19.958 [pool-2-thread-7] DEBUG eu.europa.esig.dss.spi.CertificateExtensionsUtils - Unknown non-critical CertificateExtension with OID : '2.16.840.1.113730.1.1'
11:41:19.959 [pool-2-thread-7] WARN eu.europa.esig.dss.detailedreport.DetailedReportMessageCollector - The validation at time 'CERTIFICATE_ISSUANCE_TIME' is not found or not performed!
11:41:19.959 [pool-2-thread-7] WARN eu.europa.esig.dss.detailedreport.DetailedReportMessageCollector - The validation at time 'CERTIFICATE_ISSUANCE_TIME' is not found or not performed!
11:41:19.959 [pool-2-thread-7] WARN eu.europa.esig.dss.detailedreport.DetailedReportMessageCollector - The validation at time 'CERTIFICATE_ISSUANCE_TIME' is not found or not performed!
11:41:19.959 [pool-2-thread-7] WARN eu.europa.esig.dss.detailedreport.DetailedReportMessageCollector - The validation at time 'VALIDATION_TIME' is not found or not performed!
11:41:19.960 [pool-2-thread-7] WARN eu.europa.esig.dss.detailedreport.DetailedReportMessageCollector - The validation at time 'VALIDATION_TIME' is not found or not performed!
11:41:19.960 [pool-2-thread-7] WARN eu.europa.esig.dss.detailedreport.DetailedReportMessageCollector - The validation at time 'VALIDATION_TIME' is not found or not performed!
11:41:19.972 [pool-2-thread-10] INFO eu.europa.esig.dss.validation.CommonCertificateVerifier - + New CommonCertificateVerifier created.
11:41:19.985 [pool-2-thread-3] INFO eu.europa.esig.dss.validation.CommonCertificateVerifier - + New CommonCertificateVerifier created.
11:41:19.985 [pool-2-thread-14] INFO eu.europa.esig.dss.validation.CommonCertificateVerifier - + New CommonCertificateVerifier created.
11:41:19.986 [pool-2-thread-14] INFO eu.europa.esig.dss.validation.AIACertificateSource - Retrieving C-D54951FEBBC59D2C2EC01ACCD92CCD8C9D2C7444C2E551BA7EC0DE622C74148C certificate's issuer using AIA.
11:41:19.987 [pool-2-thread-14] DEBUG eu.europa.esig.dss.spi.x509.aia.DefaultAIASource - Loading certificate(s) from 'http://ca.luxtrust.lu/LTQCA.crt'.
11:41:19.987 [pool-2-thread-14] DEBUG eu.europa.esig.dss.spi.x509.aia.DefaultAIASource - Base64 content : MIID8DCCAtigAwIBAgICA+swDQYJKoZIhvcNAQEFBQAwQDELMAkGA1UEBhMCTFUxFjAUBgNVBAoTDUx1eFRydXN0IHMuYS4xGTAXBgNVBAMTEEx1eFRydXN0IHJvb3QgQ0EwHhcNMDgwNjA1MDkyNTI0WhcNMTYxMDE4MTA0MDM0WjBFMQswCQYDVQQGEwJMVTEWMBQGA1UEChMNTHV4VHJ1c3QgUy5BLjEeMBwGA1UEAxMVTHV4VHJ1c3QgUXVhbGlmaWVkIENBMIIBIjANBgkqhkiG9w0BAQEFAAOCAQ8AMIIBCgKCAQEAybFXzA+8RNnvlCd+sZ8BnH6WO3LmaLi419Ygd9VBYcIwLmMx9KgAKF3u4B87Hee5NL4Xvhm/B9DuDUH5OGZ3P2Dwf7putVEvATvW8jzYq6CzarUthzb9ux+KTdTT+d4y6tkgVggy9DBe+bz635oZm2PPQT9kzoR48RBN730KA/MJIa0Sa7ZDphL37WHSA4/TWh9F1/LBRVGC0F4Mg1hU/u+kovF5mTuUK+ncU7+FS0cQRhAD+C4WfLI/WuzuE+T6ZuZ6Iqg6+vqgf6iKwL6iVZmwKkJPvV3+3Wgy3zq5tpDvsIGj4kXd1riQGKsEeDfN8y71DG3OdBqF1Yd7ue7ziwIDAQABo4HuMIHrMA8GA1UdEwQIMAYBAf8CAQAwQgYDVR0gBDswOTA3BggrgSsBAQEBADArMCkGCCsGAQUFBwIBFh1odHRwOi8vcmVwb3NpdG9yeS5sdXh0cnVzdC5sdTARBglghkgBhvhCAQEEBAMCAAcwDgYDVR0PAQH/BAQDAgHGMB8GA1UdIwQYMBaAFN2K1zDx+ZFx6UdwDCXlrKGN34wlMDEGA1UdHwQqMCgwJqAkoCKGIGh0dHA6Ly9jcmwubHV4dHJ1c3QubHUvTFRSQ0EuY3JsMB0GA1UdDgQWBBSNkKMH3RoTd5lMkqtNQ94/zSlkBTANBgkqhkiG9w0BAQUFAAOCAQEAapxOpigXTejGgHBWMAwDBMdZQHpPyoCmw32OIj1qqezO5nDnjG5gfJni/rp5IFMpV//xmCkjqyO92PyYbcHNSUpP1SjCkyn10e6ipmzpXK0MbgFvIPglAgA5dXxTNf0Q77eWu36fz5VKQEmJzqoXTccq4nuLL9rLZ88YUlczMaWscETIZCB4kecKVyqHf4+T0JucZqX7zzfpiVyTr2M+OGl9qiOmKwBGkzseJt+MgYWrskJADKDZMr4bQxkxnhzCSQoraX7DugxM0fH47MitCc74uZrWIJ6qQjCLBtKzxUGy7B3pYOjLlThr7S64cd12yuR+NjHAFZ2DTXwxKg/FQg==
11:41:19.988 [pool-2-thread-14] DEBUG eu.europa.esig.dss.spi.x509.aia.DefaultAIASource - 1 certificate(s) loaded from 'http://ca.luxtrust.lu/LTQCA.crt'
11:41:19.989 [pool-2-thread-14] INFO eu.europa.esig.dss.validation.AIACertificateSource - Retrieving C-FE5D1FDE82820AC69F0265808C4E694ACF0AFA056B56A4EA84984D52A85BF7D7 certificate's issuer using AIA.
11:41:19.989 [pool-2-thread-14] INFO eu.europa.esig.dss.spi.x509.aia.DefaultAIASource - There is no AIA extension for certificate download.
11:41:19.989 [pool-2-thread-14] WARN eu.europa.esig.dss.validation.SignatureValidationContext - No revocation found for the certificate C-D54951FEBBC59D2C2EC01ACCD92CCD8C9D2C7444C2E551BA7EC0DE622C74148C
11:41:19.989 [pool-2-thread-14] WARN eu.europa.esig.dss.validation.SignatureValidationContext - Issuer not found for certificate C-FE5D1FDE82820AC69F0265808C4E694ACF0AFA056B56A4EA84984D52A85BF7D7
11:41:19.989 [pool-2-thread-14] WARN eu.europa.esig.dss.validation.DiagnosticDataBuilder - Provided CertificateSource configuration contains none of trusted sources of type TRUSTED_STORE or TRUSTED_LIST!
11:41:19.990 [pool-2-thread-14] DEBUG eu.europa.esig.dss.spi.CertificateExtensionsUtils - Unknown non-critical CertificateExtension with OID : '2.16.840.1.113730.1.1'
11:41:19.991 [pool-2-thread-10] INFO eu.europa.esig.dss.validation.CommonCertificateVerifier - + New CommonCertificateVerifier created.
11:41:19.991 [pool-2-thread-14] DEBUG eu.europa.esig.dss.spi.CertificateExtensionsUtils - Unknown non-critical CertificateExtension with OID : '2.16.840.1.113730.1.1'
11:41:19.991 [pool-2-thread-10] INFO eu.europa.esig.dss.validation.AIACertificateSource - Retrieving C-D54951FEBBC59D2C2EC01ACCD92CCD8C9D2C7444C2E551BA7EC0DE622C74148C certificate's issuer using AIA.
11:41:19.991 [pool-2-thread-10] DEBUG eu.europa.esig.dss.spi.x509.aia.DefaultAIASource - Loading certificate(s) from 'http://ca.luxtrust.lu/LTQCA.crt'.
11:41:19.991 [pool-2-thread-10] DEBUG eu.europa.esig.dss.spi.x509.aia.DefaultAIASource - Base64 content : MIID8DCCAtigAwIBAgICA+swDQYJKoZIhvcNAQEFBQAwQDELMAkGA1UEBhMCTFUxFjAUBgNVBAoTDUx1eFRydXN0IHMuYS4xGTAXBgNVBAMTEEx1eFRydXN0IHJvb3QgQ0EwHhcNMDgwNjA1MDkyNTI0WhcNMTYxMDE4MTA0MDM0WjBFMQswCQYDVQQGEwJMVTEWMBQGA1UEChMNTHV4VHJ1c3QgUy5BLjEeMBwGA1UEAxMVTHV4VHJ1c3QgUXVhbGlmaWVkIENBMIIBIjANBgkqhkiG9w0BAQEFAAOCAQ8AMIIBCgKCAQEAybFXzA+8RNnvlCd+sZ8BnH6WO3LmaLi419Ygd9VBYcIwLmMx9KgAKF3u4B87Hee5NL4Xvhm/B9DuDUH5OGZ3P2Dwf7putVEvATvW8jzYq6CzarUthzb9ux+KTdTT+d4y6tkgVggy9DBe+bz635oZm2PPQT9kzoR48RBN730KA/MJIa0Sa7ZDphL37WHSA4/TWh9F1/LBRVGC0F4Mg1hU/u+kovF5mTuUK+ncU7+FS0cQRhAD+C4WfLI/WuzuE+T6ZuZ6Iqg6+vqgf6iKwL6iVZmwKkJPvV3+3Wgy3zq5tpDvsIGj4kXd1riQGKsEeDfN8y71DG3OdBqF1Yd7ue7ziwIDAQABo4HuMIHrMA8GA1UdEwQIMAYBAf8CAQAwQgYDVR0gBDswOTA3BggrgSsBAQEBADArMCkGCCsGAQUFBwIBFh1odHRwOi8vcmVwb3NpdG9yeS5sdXh0cnVzdC5sdTARBglghkgBhvhCAQEEBAMCAAcwDgYDVR0PAQH/BAQDAgHGMB8GA1UdIwQYMBaAFN2K1zDx+ZFx6UdwDCXlrKGN34wlMDEGA1UdHwQqMCgwJqAkoCKGIGh0dHA6Ly9jcmwubHV4dHJ1c3QubHUvTFRSQ0EuY3JsMB0GA1UdDgQWBBSNkKMH3RoTd5lMkqtNQ94/zSlkBTANBgkqhkiG9w0BAQUFAAOCAQEAapxOpigXTejGgHBWMAwDBMdZQHpPyoCmw32OIj1qqezO5nDnjG5gfJni/rp5IFMpV//xmCkjqyO92PyYbcHNSUpP1SjCkyn10e6ipmzpXK0MbgFvIPglAgA5dXxTNf0Q77eWu36fz5VKQEmJzqoXTccq4nuLL9rLZ88YUlczMaWscETIZCB4kecKVyqHf4+T0JucZqX7zzfpiVyTr2M+OGl9qiOmKwBGkzseJt+MgYWrskJADKDZMr4bQxkxnhzCSQoraX7DugxM0fH47MitCc74uZrWIJ6qQjCLBtKzxUGy7B3pYOjLlThr7S64cd12yuR+NjHAFZ2DTXwxKg/FQg==
11:41:19.991 [pool-2-thread-14] WARN eu.europa.esig.dss.detailedreport.DetailedReportMessageCollector - The validation at time 'CERTIFICATE_ISSUANCE_TIME' is not found or not performed!
11:41:19.992 [pool-2-thread-14] WARN eu.europa.esig.dss.detailedreport.DetailedReportMessageCollector - The validation at time 'CERTIFICATE_ISSUANCE_TIME' is not found or not performed!
11:41:19.992 [pool-2-thread-14] WARN eu.europa.esig.dss.detailedreport.DetailedReportMessageCollector - The validation at time 'CERTIFICATE_ISSUANCE_TIME' is not found or not performed!
11:41:19.992 [pool-2-thread-14] WARN eu.europa.esig.dss.detailedreport.DetailedReportMessageCollector - The validation at time 'VALIDATION_TIME' is not found or not performed!
11:41:19.992 [pool-2-thread-14] WARN eu.europa.esig.dss.detailedreport.DetailedReportMessageCollector - The validation at time 'VALIDATION_TIME' is not found or not performed!
11:41:19.992 [pool-2-thread-14] WARN eu.europa.esig.dss.detailedreport.DetailedReportMessageCollector - The validation at time 'VALIDATION_TIME' is not found or not performed!
11:41:19.992 [pool-2-thread-10] DEBUG eu.europa.esig.dss.spi.x509.aia.DefaultAIASource - 1 certificate(s) loaded from 'http://ca.luxtrust.lu/LTQCA.crt'
11:41:19.997 [pool-2-thread-10] INFO eu.europa.esig.dss.validation.AIACertificateSource - Retrieving C-FE5D1FDE82820AC69F0265808C4E694ACF0AFA056B56A4EA84984D52A85BF7D7 certificate's issuer using AIA.
11:41:19.998 [pool-2-thread-10] INFO eu.europa.esig.dss.spi.x509.aia.DefaultAIASource - There is no AIA extension for certificate download.
11:41:19.998 [pool-2-thread-10] WARN eu.europa.esig.dss.validation.SignatureValidationContext - No revocation found for the certificate C-D54951FEBBC59D2C2EC01ACCD92CCD8C9D2C7444C2E551BA7EC0DE622C74148C
11:41:20.000 [pool-2-thread-10] WARN eu.europa.esig.dss.validation.SignatureValidationContext - Issuer not found for certificate C-FE5D1FDE82820AC69F0265808C4E694ACF0AFA056B56A4EA84984D52A85BF7D7
11:41:20.000 [pool-2-thread-10] WARN eu.europa.esig.dss.validation.DiagnosticDataBuilder - Provided CertificateSource configuration contains none of trusted sources of type TRUSTED_STORE or TRUSTED_LIST!
11:41:20.001 [pool-2-thread-3] INFO eu.europa.esig.dss.validation.CommonCertificateVerifier - + New CommonCertificateVerifier created.
11:41:20.003 [pool-2-thread-3] INFO eu.europa.esig.dss.validation.AIACertificateSource - Retrieving C-D54951FEBBC59D2C2EC01ACCD92CCD8C9D2C7444C2E551BA7EC0DE622C74148C certificate's issuer using AIA.
11:41:20.003 [pool-2-thread-3] DEBUG eu.europa.esig.dss.spi.x509.aia.DefaultAIASource - Loading certificate(s) from 'http://ca.luxtrust.lu/LTQCA.crt'.
11:41:20.004 [pool-2-thread-3] DEBUG eu.europa.esig.dss.spi.x509.aia.DefaultAIASource - Base64 content : MIID8DCCAtigAwIBAgICA+swDQYJKoZIhvcNAQEFBQAwQDELMAkGA1UEBhMCTFUxFjAUBgNVBAoTDUx1eFRydXN0IHMuYS4xGTAXBgNVBAMTEEx1eFRydXN0IHJvb3QgQ0EwHhcNMDgwNjA1MDkyNTI0WhcNMTYxMDE4MTA0MDM0WjBFMQswCQYDVQQGEwJMVTEWMBQGA1UEChMNTHV4VHJ1c3QgUy5BLjEeMBwGA1UEAxMVTHV4VHJ1c3QgUXVhbGlmaWVkIENBMIIBIjANBgkqhkiG9w0BAQEFAAOCAQ8AMIIBCgKCAQEAybFXzA+8RNnvlCd+sZ8BnH6WO3LmaLi419Ygd9VBYcIwLmMx9KgAKF3u4B87Hee5NL4Xvhm/B9DuDUH5OGZ3P2Dwf7putVEvATvW8jzYq6CzarUthzb9ux+KTdTT+d4y6tkgVggy9DBe+bz635oZm2PPQT9kzoR48RBN730KA/MJIa0Sa7ZDphL37WHSA4/TWh9F1/LBRVGC0F4Mg1hU/u+kovF5mTuUK+ncU7+FS0cQRhAD+C4WfLI/WuzuE+T6ZuZ6Iqg6+vqgf6iKwL6iVZmwKkJPvV3+3Wgy3zq5tpDvsIGj4kXd1riQGKsEeDfN8y71DG3OdBqF1Yd7ue7ziwIDAQABo4HuMIHrMA8GA1UdEwQIMAYBAf8CAQAwQgYDVR0gBDswOTA3BggrgSsBAQEBADArMCkGCCsGAQUFBwIBFh1odHRwOi8vcmVwb3NpdG9yeS5sdXh0cnVzdC5sdTARBglghkgBhvhCAQEEBAMCAAcwDgYDVR0PAQH/BAQDAgHGMB8GA1UdIwQYMBaAFN2K1zDx+ZFx6UdwDCXlrKGN34wlMDEGA1UdHwQqMCgwJqAkoCKGIGh0dHA6Ly9jcmwubHV4dHJ1c3QubHUvTFRSQ0EuY3JsMB0GA1UdDgQWBBSNkKMH3RoTd5lMkqtNQ94/zSlkBTANBgkqhkiG9w0BAQUFAAOCAQEAapxOpigXTejGgHBWMAwDBMdZQHpPyoCmw32OIj1qqezO5nDnjG5gfJni/rp5IFMpV//xmCkjqyO92PyYbcHNSUpP1SjCkyn10e6ipmzpXK0MbgFvIPglAgA5dXxTNf0Q77eWu36fz5VKQEmJzqoXTccq4nuLL9rLZ88YUlczMaWscETIZCB4kecKVyqHf4+T0JucZqX7zzfpiVyTr2M+OGl9qiOmKwBGkzseJt+MgYWrskJADKDZMr4bQxkxnhzCSQoraX7DugxM0fH47MitCc74uZrWIJ6qQjCLBtKzxUGy7B3pYOjLlThr7S64cd12yuR+NjHAFZ2DTXwxKg/FQg==
11:41:20.005 [pool-2-thread-3] DEBUG eu.europa.esig.dss.spi.x509.aia.DefaultAIASource - 1 certificate(s) loaded from 'http://ca.luxtrust.lu/LTQCA.crt'
11:41:20.008 [pool-2-thread-3] INFO eu.europa.esig.dss.validation.AIACertificateSource - Retrieving C-FE5D1FDE82820AC69F0265808C4E694ACF0AFA056B56A4EA84984D52A85BF7D7 certificate's issuer using AIA.
11:41:20.008 [pool-2-thread-3] INFO eu.europa.esig.dss.spi.x509.aia.DefaultAIASource - There is no AIA extension for certificate download.
11:41:20.008 [pool-2-thread-3] WARN eu.europa.esig.dss.validation.SignatureValidationContext - No revocation found for the certificate C-D54951FEBBC59D2C2EC01ACCD92CCD8C9D2C7444C2E551BA7EC0DE622C74148C
11:41:20.012 [pool-2-thread-3] WARN eu.europa.esig.dss.validation.SignatureValidationContext - Issuer not found for certificate C-FE5D1FDE82820AC69F0265808C4E694ACF0AFA056B56A4EA84984D52A85BF7D7
11:41:20.013 [pool-2-thread-3] WARN eu.europa.esig.dss.validation.DiagnosticDataBuilder - Provided CertificateSource configuration contains none of trusted sources of type TRUSTED_STORE or TRUSTED_LIST!
11:41:20.015 [pool-2-thread-9] INFO eu.europa.esig.dss.validation.CommonCertificateVerifier - + New CommonCertificateVerifier created.
11:41:20.002 [pool-2-thread-10] DEBUG eu.europa.esig.dss.spi.CertificateExtensionsUtils - Unknown non-critical CertificateExtension with OID : '2.16.840.1.113730.1.1'
11:41:20.020 [pool-2-thread-10] DEBUG eu.europa.esig.dss.spi.CertificateExtensionsUtils - Unknown non-critical CertificateExtension with OID : '2.16.840.1.113730.1.1'
11:41:20.023 [pool-2-thread-10] WARN eu.europa.esig.dss.detailedreport.DetailedReportMessageCollector - The validation at time 'CERTIFICATE_ISSUANCE_TIME' is not found or not performed!
11:41:20.023 [pool-2-thread-10] WARN eu.europa.esig.dss.detailedreport.DetailedReportMessageCollector - The validation at time 'CERTIFICATE_ISSUANCE_TIME' is not found or not performed!
11:41:20.023 [pool-2-thread-10] WARN eu.europa.esig.dss.detailedreport.DetailedReportMessageCollector - The validation at time 'CERTIFICATE_ISSUANCE_TIME' is not found or not performed!
11:41:20.023 [pool-2-thread-10] WARN eu.europa.esig.dss.detailedreport.DetailedReportMessageCollector - The validation at time 'VALIDATION_TIME' is not found or not performed!
11:41:20.023 [pool-2-thread-10] WARN eu.europa.esig.dss.detailedreport.DetailedReportMessageCollector - The validation at time 'VALIDATION_TIME' is not found or not performed!
11:41:20.023 [pool-2-thread-10] WARN eu.europa.esig.dss.detailedreport.DetailedReportMessageCollector - The validation at time 'VALIDATION_TIME' is not found or not performed!
11:41:20.023 [pool-2-thread-3] DEBUG eu.europa.esig.dss.spi.CertificateExtensionsUtils - Unknown non-critical CertificateExtension with OID : '2.16.840.1.113730.1.1'
11:41:20.030 [pool-2-thread-3] DEBUG eu.europa.esig.dss.spi.CertificateExtensionsUtils - Unknown non-critical CertificateExtension with OID : '2.16.840.1.113730.1.1'
11:41:20.032 [pool-2-thread-3] WARN eu.europa.esig.dss.detailedreport.DetailedReportMessageCollector - The validation at time 'CERTIFICATE_ISSUANCE_TIME' is not found or not performed!
11:41:20.032 [pool-2-thread-3] WARN eu.europa.esig.dss.detailedreport.DetailedReportMessageCollector - The validation at time 'CERTIFICATE_ISSUANCE_TIME' is not found or not performed!
11:41:20.032 [pool-2-thread-3] WARN eu.europa.esig.dss.detailedreport.DetailedReportMessageCollector - The validation at time 'CERTIFICATE_ISSUANCE_TIME' is not found or not performed!
11:41:20.032 [pool-2-thread-3] WARN eu.europa.esig.dss.detailedreport.DetailedReportMessageCollector - The validation at time 'VALIDATION_TIME' is not found or not performed!
11:41:20.032 [pool-2-thread-3] WARN eu.europa.esig.dss.detailedreport.DetailedReportMessageCollector - The validation at time 'VALIDATION_TIME' is not found or not performed!
11:41:20.032 [pool-2-thread-3] WARN eu.europa.esig.dss.detailedreport.DetailedReportMessageCollector - The validation at time 'VALIDATION_TIME' is not found or not performed!
11:41:20.041 [pool-2-thread-9] INFO eu.europa.esig.dss.validation.CommonCertificateVerifier - + New CommonCertificateVerifier created.
11:41:20.042 [pool-2-thread-9] INFO eu.europa.esig.dss.validation.AIACertificateSource - Retrieving C-D54951FEBBC59D2C2EC01ACCD92CCD8C9D2C7444C2E551BA7EC0DE622C74148C certificate's issuer using AIA.
11:41:20.042 [pool-2-thread-9] DEBUG eu.europa.esig.dss.spi.x509.aia.DefaultAIASource - Loading certificate(s) from 'http://ca.luxtrust.lu/LTQCA.crt'.
11:41:20.043 [pool-2-thread-9] DEBUG eu.europa.esig.dss.spi.x509.aia.DefaultAIASource - Base64 content : MIID8DCCAtigAwIBAgICA+swDQYJKoZIhvcNAQEFBQAwQDELMAkGA1UEBhMCTFUxFjAUBgNVBAoTDUx1eFRydXN0IHMuYS4xGTAXBgNVBAMTEEx1eFRydXN0IHJvb3QgQ0EwHhcNMDgwNjA1MDkyNTI0WhcNMTYxMDE4MTA0MDM0WjBFMQswCQYDVQQGEwJMVTEWMBQGA1UEChMNTHV4VHJ1c3QgUy5BLjEeMBwGA1UEAxMVTHV4VHJ1c3QgUXVhbGlmaWVkIENBMIIBIjANBgkqhkiG9w0BAQEFAAOCAQ8AMIIBCgKCAQEAybFXzA+8RNnvlCd+sZ8BnH6WO3LmaLi419Ygd9VBYcIwLmMx9KgAKF3u4B87Hee5NL4Xvhm/B9DuDUH5OGZ3P2Dwf7putVEvATvW8jzYq6CzarUthzb9ux+KTdTT+d4y6tkgVggy9DBe+bz635oZm2PPQT9kzoR48RBN730KA/MJIa0Sa7ZDphL37WHSA4/TWh9F1/LBRVGC0F4Mg1hU/u+kovF5mTuUK+ncU7+FS0cQRhAD+C4WfLI/WuzuE+T6ZuZ6Iqg6+vqgf6iKwL6iVZmwKkJPvV3+3Wgy3zq5tpDvsIGj4kXd1riQGKsEeDfN8y71DG3OdBqF1Yd7ue7ziwIDAQABo4HuMIHrMA8GA1UdEwQIMAYBAf8CAQAwQgYDVR0gBDswOTA3BggrgSsBAQEBADArMCkGCCsGAQUFBwIBFh1odHRwOi8vcmVwb3NpdG9yeS5sdXh0cnVzdC5sdTARBglghkgBhvhCAQEEBAMCAAcwDgYDVR0PAQH/BAQDAgHGMB8GA1UdIwQYMBaAFN2K1zDx+ZFx6UdwDCXlrKGN34wlMDEGA1UdHwQqMCgwJqAkoCKGIGh0dHA6Ly9jcmwubHV4dHJ1c3QubHUvTFRSQ0EuY3JsMB0GA1UdDgQWBBSNkKMH3RoTd5lMkqtNQ94/zSlkBTANBgkqhkiG9w0BAQUFAAOCAQEAapxOpigXTejGgHBWMAwDBMdZQHpPyoCmw32OIj1qqezO5nDnjG5gfJni/rp5IFMpV//xmCkjqyO92PyYbcHNSUpP1SjCkyn10e6ipmzpXK0MbgFvIPglAgA5dXxTNf0Q77eWu36fz5VKQEmJzqoXTccq4nuLL9rLZ88YUlczMaWscETIZCB4kecKVyqHf4+T0JucZqX7zzfpiVyTr2M+OGl9qiOmKwBGkzseJt+MgYWrskJADKDZMr4bQxkxnhzCSQoraX7DugxM0fH47MitCc74uZrWIJ6qQjCLBtKzxUGy7B3pYOjLlThr7S64cd12yuR+NjHAFZ2DTXwxKg/FQg==
11:41:20.043 [pool-2-thread-9] DEBUG eu.europa.esig.dss.spi.x509.aia.DefaultAIASource - 1 certificate(s) loaded from 'http://ca.luxtrust.lu/LTQCA.crt'
11:41:20.045 [pool-2-thread-9] INFO eu.europa.esig.dss.validation.AIACertificateSource - Retrieving C-FE5D1FDE82820AC69F0265808C4E694ACF0AFA056B56A4EA84984D52A85BF7D7 certificate's issuer using AIA.
11:41:20.045 [pool-2-thread-9] INFO eu.europa.esig.dss.spi.x509.aia.DefaultAIASource - There is no AIA extension for certificate download.
11:41:20.045 [pool-2-thread-9] WARN eu.europa.esig.dss.validation.SignatureValidationContext - No revocation found for the certificate C-D54951FEBBC59D2C2EC01ACCD92CCD8C9D2C7444C2E551BA7EC0DE622C74148C
11:41:20.046 [pool-2-thread-17] INFO eu.europa.esig.dss.validation.CommonCertificateVerifier - + New CommonCertificateVerifier created.
11:41:20.046 [pool-2-thread-9] WARN eu.europa.esig.dss.validation.SignatureValidationContext - Issuer not found for certificate C-FE5D1FDE82820AC69F0265808C4E694ACF0AFA056B56A4EA84984D52A85BF7D7
11:41:20.047 [pool-2-thread-9] WARN eu.europa.esig.dss.validation.DiagnosticDataBuilder - Provided CertificateSource configuration contains none of trusted sources of type TRUSTED_STORE or TRUSTED_LIST!
11:41:20.057 [pool-2-thread-9] DEBUG eu.europa.esig.dss.spi.CertificateExtensionsUtils - Unknown non-critical CertificateExtension with OID : '2.16.840.1.113730.1.1'
11:41:20.058 [pool-2-thread-9] DEBUG eu.europa.esig.dss.spi.CertificateExtensionsUtils - Unknown non-critical CertificateExtension with OID : '2.16.840.1.113730.1.1'
11:41:20.059 [pool-2-thread-9] WARN eu.europa.esig.dss.detailedreport.DetailedReportMessageCollector - The validation at time 'CERTIFICATE_ISSUANCE_TIME' is not found or not performed!
11:41:20.059 [pool-2-thread-9] WARN eu.europa.esig.dss.detailedreport.DetailedReportMessageCollector - The validation at time 'CERTIFICATE_ISSUANCE_TIME' is not found or not performed!
11:41:20.059 [pool-2-thread-9] WARN eu.europa.esig.dss.detailedreport.DetailedReportMessageCollector - The validation at time 'CERTIFICATE_ISSUANCE_TIME' is not found or not performed!
11:41:20.059 [pool-2-thread-9] WARN eu.europa.esig.dss.detailedreport.DetailedReportMessageCollector - The validation at time 'VALIDATION_TIME' is not found or not performed!
11:41:20.059 [pool-2-thread-9] WARN eu.europa.esig.dss.detailedreport.DetailedReportMessageCollector - The validation at time 'VALIDATION_TIME' is not found or not performed!
11:41:20.059 [pool-2-thread-9] WARN eu.europa.esig.dss.detailedreport.DetailedReportMessageCollector - The validation at time 'VALIDATION_TIME' is not found or not performed!
11:41:20.063 [pool-2-thread-17] INFO eu.europa.esig.dss.validation.CommonCertificateVerifier - + New CommonCertificateVerifier created.
11:41:20.064 [pool-2-thread-17] INFO eu.europa.esig.dss.validation.AIACertificateSource - Retrieving C-D54951FEBBC59D2C2EC01ACCD92CCD8C9D2C7444C2E551BA7EC0DE622C74148C certificate's issuer using AIA.
11:41:20.065 [pool-2-thread-17] DEBUG eu.europa.esig.dss.spi.x509.aia.DefaultAIASource - Loading certificate(s) from 'http://ca.luxtrust.lu/LTQCA.crt'.
11:41:20.065 [pool-2-thread-17] DEBUG eu.europa.esig.dss.spi.x509.aia.DefaultAIASource - Base64 content : MIID8DCCAtigAwIBAgICA+swDQYJKoZIhvcNAQEFBQAwQDELMAkGA1UEBhMCTFUxFjAUBgNVBAoTDUx1eFRydXN0IHMuYS4xGTAXBgNVBAMTEEx1eFRydXN0IHJvb3QgQ0EwHhcNMDgwNjA1MDkyNTI0WhcNMTYxMDE4MTA0MDM0WjBFMQswCQYDVQQGEwJMVTEWMBQGA1UEChMNTHV4VHJ1c3QgUy5BLjEeMBwGA1UEAxMVTHV4VHJ1c3QgUXVhbGlmaWVkIENBMIIBIjANBgkqhkiG9w0BAQEFAAOCAQ8AMIIBCgKCAQEAybFXzA+8RNnvlCd+sZ8BnH6WO3LmaLi419Ygd9VBYcIwLmMx9KgAKF3u4B87Hee5NL4Xvhm/B9DuDUH5OGZ3P2Dwf7putVEvATvW8jzYq6CzarUthzb9ux+KTdTT+d4y6tkgVggy9DBe+bz635oZm2PPQT9kzoR48RBN730KA/MJIa0Sa7ZDphL37WHSA4/TWh9F1/LBRVGC0F4Mg1hU/u+kovF5mTuUK+ncU7+FS0cQRhAD+C4WfLI/WuzuE+T6ZuZ6Iqg6+vqgf6iKwL6iVZmwKkJPvV3+3Wgy3zq5tpDvsIGj4kXd1riQGKsEeDfN8y71DG3OdBqF1Yd7ue7ziwIDAQABo4HuMIHrMA8GA1UdEwQIMAYBAf8CAQAwQgYDVR0gBDswOTA3BggrgSsBAQEBADArMCkGCCsGAQUFBwIBFh1odHRwOi8vcmVwb3NpdG9yeS5sdXh0cnVzdC5sdTARBglghkgBhvhCAQEEBAMCAAcwDgYDVR0PAQH/BAQDAgHGMB8GA1UdIwQYMBaAFN2K1zDx+ZFx6UdwDCXlrKGN34wlMDEGA1UdHwQqMCgwJqAkoCKGIGh0dHA6Ly9jcmwubHV4dHJ1c3QubHUvTFRSQ0EuY3JsMB0GA1UdDgQWBBSNkKMH3RoTd5lMkqtNQ94/zSlkBTANBgkqhkiG9w0BAQUFAAOCAQEAapxOpigXTejGgHBWMAwDBMdZQHpPyoCmw32OIj1qqezO5nDnjG5gfJni/rp5IFMpV//xmCkjqyO92PyYbcHNSUpP1SjCkyn10e6ipmzpXK0MbgFvIPglAgA5dXxTNf0Q77eWu36fz5VKQEmJzqoXTccq4nuLL9rLZ88YUlczMaWscETIZCB4kecKVyqHf4+T0JucZqX7zzfpiVyTr2M+OGl9qiOmKwBGkzseJt+MgYWrskJADKDZMr4bQxkxnhzCSQoraX7DugxM0fH47MitCc74uZrWIJ6qQjCLBtKzxUGy7B3pYOjLlThr7S64cd12yuR+NjHAFZ2DTXwxKg/FQg==
11:41:20.066 [pool-2-thread-17] DEBUG eu.europa.esig.dss.spi.x509.aia.DefaultAIASource - 1 certificate(s) loaded from 'http://ca.luxtrust.lu/LTQCA.crt'
11:41:20.069 [pool-2-thread-17] INFO eu.europa.esig.dss.validation.AIACertificateSource - Retrieving C-FE5D1FDE82820AC69F0265808C4E694ACF0AFA056B56A4EA84984D52A85BF7D7 certificate's issuer using AIA.
11:41:20.069 [pool-2-thread-17] INFO eu.europa.esig.dss.spi.x509.aia.DefaultAIASource - There is no AIA extension for certificate download.
11:41:20.069 [pool-2-thread-17] WARN eu.europa.esig.dss.validation.SignatureValidationContext - No revocation found for the certificate C-D54951FEBBC59D2C2EC01ACCD92CCD8C9D2C7444C2E551BA7EC0DE622C74148C
11:41:20.071 [pool-2-thread-17] WARN eu.europa.esig.dss.validation.SignatureValidationContext - Issuer not found for certificate C-FE5D1FDE82820AC69F0265808C4E694ACF0AFA056B56A4EA84984D52A85BF7D7
11:41:20.071 [pool-2-thread-17] WARN eu.europa.esig.dss.validation.DiagnosticDataBuilder - Provided CertificateSource configuration contains none of trusted sources of type TRUSTED_STORE or TRUSTED_LIST!
11:41:20.078 [pool-2-thread-17] DEBUG eu.europa.esig.dss.spi.CertificateExtensionsUtils - Unknown non-critical CertificateExtension with OID : '2.16.840.1.113730.1.1'
11:41:20.078 [pool-2-thread-19] INFO eu.europa.esig.dss.validation.CommonCertificateVerifier - + New CommonCertificateVerifier created.
11:41:20.080 [pool-2-thread-17] DEBUG eu.europa.esig.dss.spi.CertificateExtensionsUtils - Unknown non-critical CertificateExtension with OID : '2.16.840.1.113730.1.1'
11:41:20.082 [pool-2-thread-17] WARN eu.europa.esig.dss.detailedreport.DetailedReportMessageCollector - The validation at time 'CERTIFICATE_ISSUANCE_TIME' is not found or not performed!
11:41:20.082 [pool-2-thread-17] WARN eu.europa.esig.dss.detailedreport.DetailedReportMessageCollector - The validation at time 'CERTIFICATE_ISSUANCE_TIME' is not found or not performed!
11:41:20.082 [pool-2-thread-17] WARN eu.europa.esig.dss.detailedreport.DetailedReportMessageCollector - The validation at time 'CERTIFICATE_ISSUANCE_TIME' is not found or not performed!
11:41:20.083 [pool-2-thread-17] WARN eu.europa.esig.dss.detailedreport.DetailedReportMessageCollector - The validation at time 'VALIDATION_TIME' is not found or not performed!
11:41:20.083 [pool-2-thread-17] WARN eu.europa.esig.dss.detailedreport.DetailedReportMessageCollector - The validation at time 'VALIDATION_TIME' is not found or not performed!
11:41:20.083 [pool-2-thread-17] WARN eu.europa.esig.dss.detailedreport.DetailedReportMessageCollector - The validation at time 'VALIDATION_TIME' is not found or not performed!
11:41:20.093 [pool-2-thread-19] INFO eu.europa.esig.dss.validation.CommonCertificateVerifier - + New CommonCertificateVerifier created.
11:41:20.094 [pool-2-thread-19] INFO eu.europa.esig.dss.validation.AIACertificateSource - Retrieving C-D54951FEBBC59D2C2EC01ACCD92CCD8C9D2C7444C2E551BA7EC0DE622C74148C certificate's issuer using AIA.
11:41:20.094 [pool-2-thread-19] DEBUG eu.europa.esig.dss.spi.x509.aia.DefaultAIASource - Loading certificate(s) from 'http://ca.luxtrust.lu/LTQCA.crt'.
11:41:20.095 [pool-2-thread-19] DEBUG eu.europa.esig.dss.spi.x509.aia.DefaultAIASource - Base64 content : MIID8DCCAtigAwIBAgICA+swDQYJKoZIhvcNAQEFBQAwQDELMAkGA1UEBhMCTFUxFjAUBgNVBAoTDUx1eFRydXN0IHMuYS4xGTAXBgNVBAMTEEx1eFRydXN0IHJvb3QgQ0EwHhcNMDgwNjA1MDkyNTI0WhcNMTYxMDE4MTA0MDM0WjBFMQswCQYDVQQGEwJMVTEWMBQGA1UEChMNTHV4VHJ1c3QgUy5BLjEeMBwGA1UEAxMVTHV4VHJ1c3QgUXVhbGlmaWVkIENBMIIBIjANBgkqhkiG9w0BAQEFAAOCAQ8AMIIBCgKCAQEAybFXzA+8RNnvlCd+sZ8BnH6WO3LmaLi419Ygd9VBYcIwLmMx9KgAKF3u4B87Hee5NL4Xvhm/B9DuDUH5OGZ3P2Dwf7putVEvATvW8jzYq6CzarUthzb9ux+KTdTT+d4y6tkgVggy9DBe+bz635oZm2PPQT9kzoR48RBN730KA/MJIa0Sa7ZDphL37WHSA4/TWh9F1/LBRVGC0F4Mg1hU/u+kovF5mTuUK+ncU7+FS0cQRhAD+C4WfLI/WuzuE+T6ZuZ6Iqg6+vqgf6iKwL6iVZmwKkJPvV3+3Wgy3zq5tpDvsIGj4kXd1riQGKsEeDfN8y71DG3OdBqF1Yd7ue7ziwIDAQABo4HuMIHrMA8GA1UdEwQIMAYBAf8CAQAwQgYDVR0gBDswOTA3BggrgSsBAQEBADArMCkGCCsGAQUFBwIBFh1odHRwOi8vcmVwb3NpdG9yeS5sdXh0cnVzdC5sdTARBglghkgBhvhCAQEEBAMCAAcwDgYDVR0PAQH/BAQDAgHGMB8GA1UdIwQYMBaAFN2K1zDx+ZFx6UdwDCXlrKGN34wlMDEGA1UdHwQqMCgwJqAkoCKGIGh0dHA6Ly9jcmwubHV4dHJ1c3QubHUvTFRSQ0EuY3JsMB0GA1UdDgQWBBSNkKMH3RoTd5lMkqtNQ94/zSlkBTANBgkqhkiG9w0BAQUFAAOCAQEAapxOpigXTejGgHBWMAwDBMdZQHpPyoCmw32OIj1qqezO5nDnjG5gfJni/rp5IFMpV//xmCkjqyO92PyYbcHNSUpP1SjCkyn10e6ipmzpXK0MbgFvIPglAgA5dXxTNf0Q77eWu36fz5VKQEmJzqoXTccq4nuLL9rLZ88YUlczMaWscETIZCB4kecKVyqHf4+T0JucZqX7zzfpiVyTr2M+OGl9qiOmKwBGkzseJt+MgYWrskJADKDZMr4bQxkxnhzCSQoraX7DugxM0fH47MitCc74uZrWIJ6qQjCLBtKzxUGy7B3pYOjLlThr7S64cd12yuR+NjHAFZ2DTXwxKg/FQg==
11:41:20.095 [pool-2-thread-19] DEBUG eu.europa.esig.dss.spi.x509.aia.DefaultAIASource - 1 certificate(s) loaded from 'http://ca.luxtrust.lu/LTQCA.crt'
11:41:20.096 [pool-2-thread-13] INFO eu.europa.esig.dss.validation.CommonCertificateVerifier - + New CommonCertificateVerifier created.
11:41:20.097 [pool-2-thread-19] INFO eu.europa.esig.dss.validation.AIACertificateSource - Retrieving C-FE5D1FDE82820AC69F0265808C4E694ACF0AFA056B56A4EA84984D52A85BF7D7 certificate's issuer using AIA.
11:41:20.097 [pool-2-thread-19] INFO eu.europa.esig.dss.spi.x509.aia.DefaultAIASource - There is no AIA extension for certificate download.
11:41:20.097 [pool-2-thread-19] WARN eu.europa.esig.dss.validation.SignatureValidationContext - No revocation found for the certificate C-D54951FEBBC59D2C2EC01ACCD92CCD8C9D2C7444C2E551BA7EC0DE622C74148C
11:41:20.099 [pool-2-thread-19] WARN eu.europa.esig.dss.validation.SignatureValidationContext - Issuer not found for certificate C-FE5D1FDE82820AC69F0265808C4E694ACF0AFA056B56A4EA84984D52A85BF7D7
11:41:20.099 [pool-2-thread-19] WARN eu.europa.esig.dss.validation.DiagnosticDataBuilder - Provided CertificateSource configuration contains none of trusted sources of type TRUSTED_STORE or TRUSTED_LIST!
11:41:20.099 [pool-2-thread-19] DEBUG eu.europa.esig.dss.spi.CertificateExtensionsUtils - Unknown non-critical CertificateExtension with OID : '2.16.840.1.113730.1.1'
11:41:20.100 [pool-2-thread-6] INFO eu.europa.esig.dss.validation.CommonCertificateVerifier - + New CommonCertificateVerifier created.
11:41:20.103 [pool-2-thread-15] INFO eu.europa.esig.dss.validation.CommonCertificateVerifier - + New CommonCertificateVerifier created.
11:41:20.114 [pool-2-thread-13] INFO eu.europa.esig.dss.validation.CommonCertificateVerifier - + New CommonCertificateVerifier created.
11:41:20.115 [pool-2-thread-13] INFO eu.europa.esig.dss.validation.AIACertificateSource - Retrieving C-D54951FEBBC59D2C2EC01ACCD92CCD8C9D2C7444C2E551BA7EC0DE622C74148C certificate's issuer using AIA.
11:41:20.115 [pool-2-thread-13] DEBUG eu.europa.esig.dss.spi.x509.aia.DefaultAIASource - Loading certificate(s) from 'http://ca.luxtrust.lu/LTQCA.crt'.
11:41:20.115 [pool-2-thread-13] DEBUG eu.europa.esig.dss.spi.x509.aia.DefaultAIASource - Base64 content : MIID8DCCAtigAwIBAgICA+swDQYJKoZIhvcNAQEFBQAwQDELMAkGA1UEBhMCTFUxFjAUBgNVBAoTDUx1eFRydXN0IHMuYS4xGTAXBgNVBAMTEEx1eFRydXN0IHJvb3QgQ0EwHhcNMDgwNjA1MDkyNTI0WhcNMTYxMDE4MTA0MDM0WjBFMQswCQYDVQQGEwJMVTEWMBQGA1UEChMNTHV4VHJ1c3QgUy5BLjEeMBwGA1UEAxMVTHV4VHJ1c3QgUXVhbGlmaWVkIENBMIIBIjANBgkqhkiG9w0BAQEFAAOCAQ8AMIIBCgKCAQEAybFXzA+8RNnvlCd+sZ8BnH6WO3LmaLi419Ygd9VBYcIwLmMx9KgAKF3u4B87Hee5NL4Xvhm/B9DuDUH5OGZ3P2Dwf7putVEvATvW8jzYq6CzarUthzb9ux+KTdTT+d4y6tkgVggy9DBe+bz635oZm2PPQT9kzoR48RBN730KA/MJIa0Sa7ZDphL37WHSA4/TWh9F1/LBRVGC0F4Mg1hU/u+kovF5mTuUK+ncU7+FS0cQRhAD+C4WfLI/WuzuE+T6ZuZ6Iqg6+vqgf6iKwL6iVZmwKkJPvV3+3Wgy3zq5tpDvsIGj4kXd1riQGKsEeDfN8y71DG3OdBqF1Yd7ue7ziwIDAQABo4HuMIHrMA8GA1UdEwQIMAYBAf8CAQAwQgYDVR0gBDswOTA3BggrgSsBAQEBADArMCkGCCsGAQUFBwIBFh1odHRwOi8vcmVwb3NpdG9yeS5sdXh0cnVzdC5sdTARBglghkgBhvhCAQEEBAMCAAcwDgYDVR0PAQH/BAQDAgHGMB8GA1UdIwQYMBaAFN2K1zDx+ZFx6UdwDCXlrKGN34wlMDEGA1UdHwQqMCgwJqAkoCKGIGh0dHA6Ly9jcmwubHV4dHJ1c3QubHUvTFRSQ0EuY3JsMB0GA1UdDgQWBBSNkKMH3RoTd5lMkqtNQ94/zSlkBTANBgkqhkiG9w0BAQUFAAOCAQEAapxOpigXTejGgHBWMAwDBMdZQHpPyoCmw32OIj1qqezO5nDnjG5gfJni/rp5IFMpV//xmCkjqyO92PyYbcHNSUpP1SjCkyn10e6ipmzpXK0MbgFvIPglAgA5dXxTNf0Q77eWu36fz5VKQEmJzqoXTccq4nuLL9rLZ88YUlczMaWscETIZCB4kecKVyqHf4+T0JucZqX7zzfpiVyTr2M+OGl9qiOmKwBGkzseJt+MgYWrskJADKDZMr4bQxkxnhzCSQoraX7DugxM0fH47MitCc74uZrWIJ6qQjCLBtKzxUGy7B3pYOjLlThr7S64cd12yuR+NjHAFZ2DTXwxKg/FQg==
11:41:20.116 [pool-2-thread-13] DEBUG eu.europa.esig.dss.spi.x509.aia.DefaultAIASource - 1 certificate(s) loaded from 'http://ca.luxtrust.lu/LTQCA.crt'
11:41:20.117 [pool-2-thread-19] DEBUG eu.europa.esig.dss.spi.CertificateExtensionsUtils - Unknown non-critical CertificateExtension with OID : '2.16.840.1.113730.1.1'
11:41:20.117 [pool-2-thread-13] INFO eu.europa.esig.dss.validation.AIACertificateSource - Retrieving C-FE5D1FDE82820AC69F0265808C4E694ACF0AFA056B56A4EA84984D52A85BF7D7 certificate's issuer using AIA.
11:41:20.117 [pool-2-thread-13] INFO eu.europa.esig.dss.spi.x509.aia.DefaultAIASource - There is no AIA extension for certificate download.
11:41:20.117 [pool-2-thread-19] WARN eu.europa.esig.dss.detailedreport.DetailedReportMessageCollector - The validation at time 'CERTIFICATE_ISSUANCE_TIME' is not found or not performed!
11:41:20.117 [pool-2-thread-13] WARN eu.europa.esig.dss.validation.SignatureValidationContext - No revocation found for the certificate C-D54951FEBBC59D2C2EC01ACCD92CCD8C9D2C7444C2E551BA7EC0DE622C74148C
11:41:20.117 [pool-2-thread-19] WARN eu.europa.esig.dss.detailedreport.DetailedReportMessageCollector - The validation at time 'CERTIFICATE_ISSUANCE_TIME' is not found or not performed!
11:41:20.117 [pool-2-thread-19] WARN eu.europa.esig.dss.detailedreport.DetailedReportMessageCollector - The validation at time 'CERTIFICATE_ISSUANCE_TIME' is not found or not performed!
11:41:20.117 [pool-2-thread-19] WARN eu.europa.esig.dss.detailedreport.DetailedReportMessageCollector - The validation at time 'VALIDATION_TIME' is not found or not performed!
11:41:20.117 [pool-2-thread-6] INFO eu.europa.esig.dss.validation.CommonCertificateVerifier - + New CommonCertificateVerifier created.
11:41:20.117 [pool-2-thread-19] WARN eu.europa.esig.dss.detailedreport.DetailedReportMessageCollector - The validation at time 'VALIDATION_TIME' is not found or not performed!
11:41:20.118 [pool-2-thread-6] INFO eu.europa.esig.dss.validation.AIACertificateSource - Retrieving C-D54951FEBBC59D2C2EC01ACCD92CCD8C9D2C7444C2E551BA7EC0DE622C74148C certificate's issuer using AIA.
11:41:20.118 [pool-2-thread-6] DEBUG eu.europa.esig.dss.spi.x509.aia.DefaultAIASource - Loading certificate(s) from 'http://ca.luxtrust.lu/LTQCA.crt'.
11:41:20.118 [pool-2-thread-6] DEBUG eu.europa.esig.dss.spi.x509.aia.DefaultAIASource - Base64 content : MIID8DCCAtigAwIBAgICA+swDQYJKoZIhvcNAQEFBQAwQDELMAkGA1UEBhMCTFUxFjAUBgNVBAoTDUx1eFRydXN0IHMuYS4xGTAXBgNVBAMTEEx1eFRydXN0IHJvb3QgQ0EwHhcNMDgwNjA1MDkyNTI0WhcNMTYxMDE4MTA0MDM0WjBFMQswCQYDVQQGEwJMVTEWMBQGA1UEChMNTHV4VHJ1c3QgUy5BLjEeMBwGA1UEAxMVTHV4VHJ1c3QgUXVhbGlmaWVkIENBMIIBIjANBgkqhkiG9w0BAQEFAAOCAQ8AMIIBCgKCAQEAybFXzA+8RNnvlCd+sZ8BnH6WO3LmaLi419Ygd9VBYcIwLmMx9KgAKF3u4B87Hee5NL4Xvhm/B9DuDUH5OGZ3P2Dwf7putVEvATvW8jzYq6CzarUthzb9ux+KTdTT+d4y6tkgVggy9DBe+bz635oZm2PPQT9kzoR48RBN730KA/MJIa0Sa7ZDphL37WHSA4/TWh9F1/LBRVGC0F4Mg1hU/u+kovF5mTuUK+ncU7+FS0cQRhAD+C4WfLI/WuzuE+T6ZuZ6Iqg6+vqgf6iKwL6iVZmwKkJPvV3+3Wgy3zq5tpDvsIGj4kXd1riQGKsEeDfN8y71DG3OdBqF1Yd7ue7ziwIDAQABo4HuMIHrMA8GA1UdEwQIMAYBAf8CAQAwQgYDVR0gBDswOTA3BggrgSsBAQEBADArMCkGCCsGAQUFBwIBFh1odHRwOi8vcmVwb3NpdG9yeS5sdXh0cnVzdC5sdTARBglghkgBhvhCAQEEBAMCAAcwDgYDVR0PAQH/BAQDAgHGMB8GA1UdIwQYMBaAFN2K1zDx+ZFx6UdwDCXlrKGN34wlMDEGA1UdHwQqMCgwJqAkoCKGIGh0dHA6Ly9jcmwubHV4dHJ1c3QubHUvTFRSQ0EuY3JsMB0GA1UdDgQWBBSNkKMH3RoTd5lMkqtNQ94/zSlkBTANBgkqhkiG9w0BAQUFAAOCAQEAapxOpigXTejGgHBWMAwDBMdZQHpPyoCmw32OIj1qqezO5nDnjG5gfJni/rp5IFMpV//xmCkjqyO92PyYbcHNSUpP1SjCkyn10e6ipmzpXK0MbgFvIPglAgA5dXxTNf0Q77eWu36fz5VKQEmJzqoXTccq4nuLL9rLZ88YUlczMaWscETIZCB4kecKVyqHf4+T0JucZqX7zzfpiVyTr2M+OGl9qiOmKwBGkzseJt+MgYWrskJADKDZMr4bQxkxnhzCSQoraX7DugxM0fH47MitCc74uZrWIJ6qQjCLBtKzxUGy7B3pYOjLlThr7S64cd12yuR+NjHAFZ2DTXwxKg/FQg==
11:41:20.119 [pool-2-thread-6] DEBUG eu.europa.esig.dss.spi.x509.aia.DefaultAIASource - 1 certificate(s) loaded from 'http://ca.luxtrust.lu/LTQCA.crt'
11:41:20.119 [pool-2-thread-15] INFO eu.europa.esig.dss.validation.CommonCertificateVerifier - + New CommonCertificateVerifier created.
11:41:20.119 [pool-2-thread-15] INFO eu.europa.esig.dss.validation.AIACertificateSource - Retrieving C-D54951FEBBC59D2C2EC01ACCD92CCD8C9D2C7444C2E551BA7EC0DE622C74148C certificate's issuer using AIA.
11:41:20.119 [pool-2-thread-15] DEBUG eu.europa.esig.dss.spi.x509.aia.DefaultAIASource - Loading certificate(s) from 'http://ca.luxtrust.lu/LTQCA.crt'.
11:41:20.120 [pool-2-thread-15] DEBUG eu.europa.esig.dss.spi.x509.aia.DefaultAIASource - Base64 content : MIID8DCCAtigAwIBAgICA+swDQYJKoZIhvcNAQEFBQAwQDELMAkGA1UEBhMCTFUxFjAUBgNVBAoTDUx1eFRydXN0IHMuYS4xGTAXBgNVBAMTEEx1eFRydXN0IHJvb3QgQ0EwHhcNMDgwNjA1MDkyNTI0WhcNMTYxMDE4MTA0MDM0WjBFMQswCQYDVQQGEwJMVTEWMBQGA1UEChMNTHV4VHJ1c3QgUy5BLjEeMBwGA1UEAxMVTHV4VHJ1c3QgUXVhbGlmaWVkIENBMIIBIjANBgkqhkiG9w0BAQEFAAOCAQ8AMIIBCgKCAQEAybFXzA+8RNnvlCd+sZ8BnH6WO3LmaLi419Ygd9VBYcIwLmMx9KgAKF3u4B87Hee5NL4Xvhm/B9DuDUH5OGZ3P2Dwf7putVEvATvW8jzYq6CzarUthzb9ux+KTdTT+d4y6tkgVggy9DBe+bz635oZm2PPQT9kzoR48RBN730KA/MJIa0Sa7ZDphL37WHSA4/TWh9F1/LBRVGC0F4Mg1hU/u+kovF5mTuUK+ncU7+FS0cQRhAD+C4WfLI/WuzuE+T6ZuZ6Iqg6+vqgf6iKwL6iVZmwKkJPvV3+3Wgy3zq5tpDvsIGj4kXd1riQGKsEeDfN8y71DG3OdBqF1Yd7ue7ziwIDAQABo4HuMIHrMA8GA1UdEwQIMAYBAf8CAQAwQgYDVR0gBDswOTA3BggrgSsBAQEBADArMCkGCCsGAQUFBwIBFh1odHRwOi8vcmVwb3NpdG9yeS5sdXh0cnVzdC5sdTARBglghkgBhvhCAQEEBAMCAAcwDgYDVR0PAQH/BAQDAgHGMB8GA1UdIwQYMBaAFN2K1zDx+ZFx6UdwDCXlrKGN34wlMDEGA1UdHwQqMCgwJqAkoCKGIGh0dHA6Ly9jcmwubHV4dHJ1c3QubHUvTFRSQ0EuY3JsMB0GA1UdDgQWBBSNkKMH3RoTd5lMkqtNQ94/zSlkBTANBgkqhkiG9w0BAQUFAAOCAQEAapxOpigXTejGgHBWMAwDBMdZQHpPyoCmw32OIj1qqezO5nDnjG5gfJni/rp5IFMpV//xmCkjqyO92PyYbcHNSUpP1SjCkyn10e6ipmzpXK0MbgFvIPglAgA5dXxTNf0Q77eWu36fz5VKQEmJzqoXTccq4nuLL9rLZ88YUlczMaWscETIZCB4kecKVyqHf4+T0JucZqX7zzfpiVyTr2M+OGl9qiOmKwBGkzseJt+MgYWrskJADKDZMr4bQxkxnhzCSQoraX7DugxM0fH47MitCc74uZrWIJ6qQjCLBtKzxUGy7B3pYOjLlThr7S64cd12yuR+NjHAFZ2DTXwxKg/FQg==
11:41:20.120 [pool-2-thread-6] INFO eu.europa.esig.dss.validation.AIACertificateSource - Retrieving C-FE5D1FDE82820AC69F0265808C4E694ACF0AFA056B56A4EA84984D52A85BF7D7 certificate's issuer using AIA.
11:41:20.120 [pool-2-thread-6] INFO eu.europa.esig.dss.spi.x509.aia.DefaultAIASource - There is no AIA extension for certificate download.
11:41:20.120 [pool-2-thread-6] WARN eu.europa.esig.dss.validation.SignatureValidationContext - No revocation found for the certificate C-D54951FEBBC59D2C2EC01ACCD92CCD8C9D2C7444C2E551BA7EC0DE622C74148C
11:41:20.120 [pool-2-thread-13] WARN eu.europa.esig.dss.validation.SignatureValidationContext - Issuer not found for certificate C-FE5D1FDE82820AC69F0265808C4E694ACF0AFA056B56A4EA84984D52A85BF7D7
11:41:20.120 [pool-2-thread-15] DEBUG eu.europa.esig.dss.spi.x509.aia.DefaultAIASource - 1 certificate(s) loaded from 'http://ca.luxtrust.lu/LTQCA.crt'
11:41:20.121 [pool-2-thread-6] WARN eu.europa.esig.dss.validation.SignatureValidationContext - Issuer not found for certificate C-FE5D1FDE82820AC69F0265808C4E694ACF0AFA056B56A4EA84984D52A85BF7D7
11:41:20.121 [pool-2-thread-6] WARN eu.europa.esig.dss.validation.DiagnosticDataBuilder - Provided CertificateSource configuration contains none of trusted sources of type TRUSTED_STORE or TRUSTED_LIST!
11:41:20.121 [pool-2-thread-15] INFO eu.europa.esig.dss.validation.AIACertificateSource - Retrieving C-FE5D1FDE82820AC69F0265808C4E694ACF0AFA056B56A4EA84984D52A85BF7D7 certificate's issuer using AIA.
11:41:20.121 [pool-2-thread-15] INFO eu.europa.esig.dss.spi.x509.aia.DefaultAIASource - There is no AIA extension for certificate download.
11:41:20.121 [pool-2-thread-15] WARN eu.europa.esig.dss.validation.SignatureValidationContext - No revocation found for the certificate C-D54951FEBBC59D2C2EC01ACCD92CCD8C9D2C7444C2E551BA7EC0DE622C74148C
11:41:20.121 [pool-2-thread-6] DEBUG eu.europa.esig.dss.spi.CertificateExtensionsUtils - Unknown non-critical CertificateExtension with OID : '2.16.840.1.113730.1.1'
11:41:20.122 [pool-2-thread-6] DEBUG eu.europa.esig.dss.spi.CertificateExtensionsUtils - Unknown non-critical CertificateExtension with OID : '2.16.840.1.113730.1.1'
11:41:20.122 [pool-2-thread-15] WARN eu.europa.esig.dss.validation.SignatureValidationContext - Issuer not found for certificate C-FE5D1FDE82820AC69F0265808C4E694ACF0AFA056B56A4EA84984D52A85BF7D7
11:41:20.122 [pool-2-thread-15] WARN eu.europa.esig.dss.validation.DiagnosticDataBuilder - Provided CertificateSource configuration contains none of trusted sources of type TRUSTED_STORE or TRUSTED_LIST!
11:41:20.122 [pool-2-thread-15] DEBUG eu.europa.esig.dss.spi.CertificateExtensionsUtils - Unknown non-critical CertificateExtension with OID : '2.16.840.1.113730.1.1'
11:41:20.122 [pool-2-thread-6] WARN eu.europa.esig.dss.detailedreport.DetailedReportMessageCollector - The validation at time 'CERTIFICATE_ISSUANCE_TIME' is not found or not performed!
11:41:20.122 [pool-2-thread-6] WARN eu.europa.esig.dss.detailedreport.DetailedReportMessageCollector - The validation at time 'CERTIFICATE_ISSUANCE_TIME' is not found or not performed!
11:41:20.122 [pool-2-thread-6] WARN eu.europa.esig.dss.detailedreport.DetailedReportMessageCollector - The validation at time 'CERTIFICATE_ISSUANCE_TIME' is not found or not performed!
11:41:20.122 [pool-2-thread-6] WARN eu.europa.esig.dss.detailedreport.DetailedReportMessageCollector - The validation at time 'VALIDATION_TIME' is not found or not performed!
11:41:20.122 [pool-2-thread-6] WARN eu.europa.esig.dss.detailedreport.DetailedReportMessageCollector - The validation at time 'VALIDATION_TIME' is not found or not performed!
11:41:20.122 [pool-2-thread-6] WARN eu.europa.esig.dss.detailedreport.DetailedReportMessageCollector - The validation at time 'VALIDATION_TIME' is not found or not performed!
11:41:20.123 [pool-2-thread-13] WARN eu.europa.esig.dss.validation.DiagnosticDataBuilder - Provided CertificateSource configuration contains none of trusted sources of type TRUSTED_STORE or TRUSTED_LIST!
11:41:20.124 [pool-2-thread-15] DEBUG eu.europa.esig.dss.spi.CertificateExtensionsUtils - Unknown non-critical CertificateExtension with OID : '2.16.840.1.113730.1.1'
11:41:20.124 [pool-2-thread-13] DEBUG eu.europa.esig.dss.spi.CertificateExtensionsUtils - Unknown non-critical CertificateExtension with OID : '2.16.840.1.113730.1.1'
11:41:20.124 [pool-2-thread-15] WARN eu.europa.esig.dss.detailedreport.DetailedReportMessageCollector - The validation at time 'CERTIFICATE_ISSUANCE_TIME' is not found or not performed!
11:41:20.124 [pool-2-thread-15] WARN eu.europa.esig.dss.detailedreport.DetailedReportMessageCollector - The validation at time 'CERTIFICATE_ISSUANCE_TIME' is not found or not performed!
11:41:20.124 [pool-2-thread-15] WARN eu.europa.esig.dss.detailedreport.DetailedReportMessageCollector - The validation at time 'CERTIFICATE_ISSUANCE_TIME' is not found or not performed!
11:41:20.124 [pool-2-thread-15] WARN eu.europa.esig.dss.detailedreport.DetailedReportMessageCollector - The validation at time 'VALIDATION_TIME' is not found or not performed!
11:41:20.124 [pool-2-thread-15] WARN eu.europa.esig.dss.detailedreport.DetailedReportMessageCollector - The validation at time 'VALIDATION_TIME' is not found or not performed!
11:41:20.124 [pool-2-thread-15] WARN eu.europa.esig.dss.detailedreport.DetailedReportMessageCollector - The validation at time 'VALIDATION_TIME' is not found or not performed!
11:41:20.125 [pool-2-thread-13] DEBUG eu.europa.esig.dss.spi.CertificateExtensionsUtils - Unknown non-critical CertificateExtension with OID : '2.16.840.1.113730.1.1'
11:41:20.125 [pool-2-thread-19] WARN eu.europa.esig.dss.detailedreport.DetailedReportMessageCollector - The validation at time 'VALIDATION_TIME' is not found or not performed!
11:41:20.125 [pool-2-thread-13] WARN eu.europa.esig.dss.detailedreport.DetailedReportMessageCollector - The validation at time 'CERTIFICATE_ISSUANCE_TIME' is not found or not performed!
11:41:20.125 [pool-2-thread-13] WARN eu.europa.esig.dss.detailedreport.DetailedReportMessageCollector - The validation at time 'CERTIFICATE_ISSUANCE_TIME' is not found or not performed!
11:41:20.125 [pool-2-thread-13] WARN eu.europa.esig.dss.detailedreport.DetailedReportMessageCollector - The validation at time 'CERTIFICATE_ISSUANCE_TIME' is not found or not performed!
11:41:20.126 [pool-2-thread-13] WARN eu.europa.esig.dss.detailedreport.DetailedReportMessageCollector - The validation at time 'VALIDATION_TIME' is not found or not performed!
11:41:20.126 [pool-2-thread-13] WARN eu.europa.esig.dss.detailedreport.DetailedReportMessageCollector - The validation at time 'VALIDATION_TIME' is not found or not performed!
11:41:20.126 [pool-2-thread-13] WARN eu.europa.esig.dss.detailedreport.DetailedReportMessageCollector - The validation at time 'VALIDATION_TIME' is not found or not performed!
11:41:20.153 [pool-2-thread-8] INFO eu.europa.esig.dss.validation.CommonCertificateVerifier - + New CommonCertificateVerifier created.
11:41:20.163 [pool-2-thread-18] INFO eu.europa.esig.dss.validation.CommonCertificateVerifier - + New CommonCertificateVerifier created.
11:41:20.169 [pool-2-thread-8] INFO eu.europa.esig.dss.validation.CommonCertificateVerifier - + New CommonCertificateVerifier created.
11:41:20.170 [pool-2-thread-8] INFO eu.europa.esig.dss.validation.AIACertificateSource - Retrieving C-D54951FEBBC59D2C2EC01ACCD92CCD8C9D2C7444C2E551BA7EC0DE622C74148C certificate's issuer using AIA.
11:41:20.170 [pool-2-thread-8] DEBUG eu.europa.esig.dss.spi.x509.aia.DefaultAIASource - Loading certificate(s) from 'http://ca.luxtrust.lu/LTQCA.crt'.
11:41:20.170 [pool-2-thread-8] DEBUG eu.europa.esig.dss.spi.x509.aia.DefaultAIASource - Base64 content : MIID8DCCAtigAwIBAgICA+swDQYJKoZIhvcNAQEFBQAwQDELMAkGA1UEBhMCTFUxFjAUBgNVBAoTDUx1eFRydXN0IHMuYS4xGTAXBgNVBAMTEEx1eFRydXN0IHJvb3QgQ0EwHhcNMDgwNjA1MDkyNTI0WhcNMTYxMDE4MTA0MDM0WjBFMQswCQYDVQQGEwJMVTEWMBQGA1UEChMNTHV4VHJ1c3QgUy5BLjEeMBwGA1UEAxMVTHV4VHJ1c3QgUXVhbGlmaWVkIENBMIIBIjANBgkqhkiG9w0BAQEFAAOCAQ8AMIIBCgKCAQEAybFXzA+8RNnvlCd+sZ8BnH6WO3LmaLi419Ygd9VBYcIwLmMx9KgAKF3u4B87Hee5NL4Xvhm/B9DuDUH5OGZ3P2Dwf7putVEvATvW8jzYq6CzarUthzb9ux+KTdTT+d4y6tkgVggy9DBe+bz635oZm2PPQT9kzoR48RBN730KA/MJIa0Sa7ZDphL37WHSA4/TWh9F1/LBRVGC0F4Mg1hU/u+kovF5mTuUK+ncU7+FS0cQRhAD+C4WfLI/WuzuE+T6ZuZ6Iqg6+vqgf6iKwL6iVZmwKkJPvV3+3Wgy3zq5tpDvsIGj4kXd1riQGKsEeDfN8y71DG3OdBqF1Yd7ue7ziwIDAQABo4HuMIHrMA8GA1UdEwQIMAYBAf8CAQAwQgYDVR0gBDswOTA3BggrgSsBAQEBADArMCkGCCsGAQUFBwIBFh1odHRwOi8vcmVwb3NpdG9yeS5sdXh0cnVzdC5sdTARBglghkgBhvhCAQEEBAMCAAcwDgYDVR0PAQH/BAQDAgHGMB8GA1UdIwQYMBaAFN2K1zDx+ZFx6UdwDCXlrKGN34wlMDEGA1UdHwQqMCgwJqAkoCKGIGh0dHA6Ly9jcmwubHV4dHJ1c3QubHUvTFRSQ0EuY3JsMB0GA1UdDgQWBBSNkKMH3RoTd5lMkqtNQ94/zSlkBTANBgkqhkiG9w0BAQUFAAOCAQEAapxOpigXTejGgHBWMAwDBMdZQHpPyoCmw32OIj1qqezO5nDnjG5gfJni/rp5IFMpV//xmCkjqyO92PyYbcHNSUpP1SjCkyn10e6ipmzpXK0MbgFvIPglAgA5dXxTNf0Q77eWu36fz5VKQEmJzqoXTccq4nuLL9rLZ88YUlczMaWscETIZCB4kecKVyqHf4+T0JucZqX7zzfpiVyTr2M+OGl9qiOmKwBGkzseJt+MgYWrskJADKDZMr4bQxkxnhzCSQoraX7DugxM0fH47MitCc74uZrWIJ6qQjCLBtKzxUGy7B3pYOjLlThr7S64cd12yuR+NjHAFZ2DTXwxKg/FQg==
11:41:20.171 [pool-2-thread-8] DEBUG eu.europa.esig.dss.spi.x509.aia.DefaultAIASource - 1 certificate(s) loaded from 'http://ca.luxtrust.lu/LTQCA.crt'
11:41:20.173 [pool-2-thread-8] INFO eu.europa.esig.dss.validation.AIACertificateSource - Retrieving C-FE5D1FDE82820AC69F0265808C4E694ACF0AFA056B56A4EA84984D52A85BF7D7 certificate's issuer using AIA.
11:41:20.173 [pool-2-thread-8] INFO eu.europa.esig.dss.spi.x509.aia.DefaultAIASource - There is no AIA extension for certificate download.
11:41:20.173 [pool-2-thread-8] WARN eu.europa.esig.dss.validation.SignatureValidationContext - No revocation found for the certificate C-D54951FEBBC59D2C2EC01ACCD92CCD8C9D2C7444C2E551BA7EC0DE622C74148C
11:41:20.174 [pool-2-thread-8] WARN eu.europa.esig.dss.validation.SignatureValidationContext - Issuer not found for certificate C-FE5D1FDE82820AC69F0265808C4E694ACF0AFA056B56A4EA84984D52A85BF7D7
11:41:20.174 [pool-2-thread-8] WARN eu.europa.esig.dss.validation.DiagnosticDataBuilder - Provided CertificateSource configuration contains none of trusted sources of type TRUSTED_STORE or TRUSTED_LIST!
11:41:20.174 [pool-2-thread-20] INFO eu.europa.esig.dss.validation.CommonCertificateVerifier - + New CommonCertificateVerifier created.
11:41:20.174 [pool-2-thread-8] DEBUG eu.europa.esig.dss.spi.CertificateExtensionsUtils - Unknown non-critical CertificateExtension with OID : '2.16.840.1.113730.1.1'
11:41:20.175 [pool-2-thread-18] INFO eu.europa.esig.dss.validation.CommonCertificateVerifier - + New CommonCertificateVerifier created.
11:41:20.175 [pool-2-thread-8] DEBUG eu.europa.esig.dss.spi.CertificateExtensionsUtils - Unknown non-critical CertificateExtension with OID : '2.16.840.1.113730.1.1'
11:41:20.177 [pool-2-thread-8] WARN eu.europa.esig.dss.detailedreport.DetailedReportMessageCollector - The validation at time 'CERTIFICATE_ISSUANCE_TIME' is not found or not performed!
11:41:20.177 [pool-2-thread-8] WARN eu.europa.esig.dss.detailedreport.DetailedReportMessageCollector - The validation at time 'CERTIFICATE_ISSUANCE_TIME' is not found or not performed!
11:41:20.177 [pool-2-thread-8] WARN eu.europa.esig.dss.detailedreport.DetailedReportMessageCollector - The validation at time 'CERTIFICATE_ISSUANCE_TIME' is not found or not performed!
11:41:20.177 [pool-2-thread-8] WARN eu.europa.esig.dss.detailedreport.DetailedReportMessageCollector - The validation at time 'VALIDATION_TIME' is not found or not performed!
11:41:20.177 [pool-2-thread-8] WARN eu.europa.esig.dss.detailedreport.DetailedReportMessageCollector - The validation at time 'VALIDATION_TIME' is not found or not performed!
11:41:20.177 [pool-2-thread-8] WARN eu.europa.esig.dss.detailedreport.DetailedReportMessageCollector - The validation at time 'VALIDATION_TIME' is not found or not performed!
11:41:20.179 [pool-2-thread-18] INFO eu.europa.esig.dss.validation.AIACertificateSource - Retrieving C-D54951FEBBC59D2C2EC01ACCD92CCD8C9D2C7444C2E551BA7EC0DE622C74148C certificate's issuer using AIA.
11:41:20.179 [pool-2-thread-18] DEBUG eu.europa.esig.dss.spi.x509.aia.DefaultAIASource - Loading certificate(s) from 'http://ca.luxtrust.lu/LTQCA.crt'.
11:41:20.182 [pool-2-thread-18] DEBUG eu.europa.esig.dss.spi.x509.aia.DefaultAIASource - Base64 content : MIID8DCCAtigAwIBAgICA+swDQYJKoZIhvcNAQEFBQAwQDELMAkGA1UEBhMCTFUxFjAUBgNVBAoTDUx1eFRydXN0IHMuYS4xGTAXBgNVBAMTEEx1eFRydXN0IHJvb3QgQ0EwHhcNMDgwNjA1MDkyNTI0WhcNMTYxMDE4MTA0MDM0WjBFMQswCQYDVQQGEwJMVTEWMBQGA1UEChMNTHV4VHJ1c3QgUy5BLjEeMBwGA1UEAxMVTHV4VHJ1c3QgUXVhbGlmaWVkIENBMIIBIjANBgkqhkiG9w0BAQEFAAOCAQ8AMIIBCgKCAQEAybFXzA+8RNnvlCd+sZ8BnH6WO3LmaLi419Ygd9VBYcIwLmMx9KgAKF3u4B87Hee5NL4Xvhm/B9DuDUH5OGZ3P2Dwf7putVEvATvW8jzYq6CzarUthzb9ux+KTdTT+d4y6tkgVggy9DBe+bz635oZm2PPQT9kzoR48RBN730KA/MJIa0Sa7ZDphL37WHSA4/TWh9F1/LBRVGC0F4Mg1hU/u+kovF5mTuUK+ncU7+FS0cQRhAD+C4WfLI/WuzuE+T6ZuZ6Iqg6+vqgf6iKwL6iVZmwKkJPvV3+3Wgy3zq5tpDvsIGj4kXd1riQGKsEeDfN8y71DG3OdBqF1Yd7ue7ziwIDAQABo4HuMIHrMA8GA1UdEwQIMAYBAf8CAQAwQgYDVR0gBDswOTA3BggrgSsBAQEBADArMCkGCCsGAQUFBwIBFh1odHRwOi8vcmVwb3NpdG9yeS5sdXh0cnVzdC5sdTARBglghkgBhvhCAQEEBAMCAAcwDgYDVR0PAQH/BAQDAgHGMB8GA1UdIwQYMBaAFN2K1zDx+ZFx6UdwDCXlrKGN34wlMDEGA1UdHwQqMCgwJqAkoCKGIGh0dHA6Ly9jcmwubHV4dHJ1c3QubHUvTFRSQ0EuY3JsMB0GA1UdDgQWBBSNkKMH3RoTd5lMkqtNQ94/zSlkBTANBgkqhkiG9w0BAQUFAAOCAQEAapxOpigXTejGgHBWMAwDBMdZQHpPyoCmw32OIj1qqezO5nDnjG5gfJni/rp5IFMpV//xmCkjqyO92PyYbcHNSUpP1SjCkyn10e6ipmzpXK0MbgFvIPglAgA5dXxTNf0Q77eWu36fz5VKQEmJzqoXTccq4nuLL9rLZ88YUlczMaWscETIZCB4kecKVyqHf4+T0JucZqX7zzfpiVyTr2M+OGl9qiOmKwBGkzseJt+MgYWrskJADKDZMr4bQxkxnhzCSQoraX7DugxM0fH47MitCc74uZrWIJ6qQjCLBtKzxUGy7B3pYOjLlThr7S64cd12yuR+NjHAFZ2DTXwxKg/FQg==
11:41:20.184 [pool-2-thread-18] DEBUG eu.europa.esig.dss.spi.x509.aia.DefaultAIASource - 1 certificate(s) loaded from 'http://ca.luxtrust.lu/LTQCA.crt'
11:41:20.187 [pool-2-thread-18] INFO eu.europa.esig.dss.validation.AIACertificateSource - Retrieving C-FE5D1FDE82820AC69F0265808C4E694ACF0AFA056B56A4EA84984D52A85BF7D7 certificate's issuer using AIA.
11:41:20.187 [pool-2-thread-18] INFO eu.europa.esig.dss.spi.x509.aia.DefaultAIASource - There is no AIA extension for certificate download.
11:41:20.187 [pool-2-thread-18] WARN eu.europa.esig.dss.validation.SignatureValidationContext - No revocation found for the certificate C-D54951FEBBC59D2C2EC01ACCD92CCD8C9D2C7444C2E551BA7EC0DE622C74148C
11:41:20.189 [pool-2-thread-18] WARN eu.europa.esig.dss.validation.SignatureValidationContext - Issuer not found for certificate C-FE5D1FDE82820AC69F0265808C4E694ACF0AFA056B56A4EA84984D52A85BF7D7
11:41:20.189 [pool-2-thread-18] WARN eu.europa.esig.dss.validation.DiagnosticDataBuilder - Provided CertificateSource configuration contains none of trusted sources of type TRUSTED_STORE or TRUSTED_LIST!
11:41:20.190 [pool-2-thread-18] DEBUG eu.europa.esig.dss.spi.CertificateExtensionsUtils - Unknown non-critical CertificateExtension with OID : '2.16.840.1.113730.1.1'
11:41:20.191 [pool-2-thread-18] DEBUG eu.europa.esig.dss.spi.CertificateExtensionsUtils - Unknown non-critical CertificateExtension with OID : '2.16.840.1.113730.1.1'
11:41:20.192 [pool-2-thread-18] WARN eu.europa.esig.dss.detailedreport.DetailedReportMessageCollector - The validation at time 'CERTIFICATE_ISSUANCE_TIME' is not found or not performed!
11:41:20.192 [pool-2-thread-18] WARN eu.europa.esig.dss.detailedreport.DetailedReportMessageCollector - The validation at time 'CERTIFICATE_ISSUANCE_TIME' is not found or not performed!
11:41:20.192 [pool-2-thread-18] WARN eu.europa.esig.dss.detailedreport.DetailedReportMessageCollector - The validation at time 'CERTIFICATE_ISSUANCE_TIME' is not found or not performed!
11:41:20.192 [pool-2-thread-18] WARN eu.europa.esig.dss.detailedreport.DetailedReportMessageCollector - The validation at time 'VALIDATION_TIME' is not found or not performed!
11:41:20.192 [pool-2-thread-18] WARN eu.europa.esig.dss.detailedreport.DetailedReportMessageCollector - The validation at time 'VALIDATION_TIME' is not found or not performed!
11:41:20.192 [pool-2-thread-18] WARN eu.europa.esig.dss.detailedreport.DetailedReportMessageCollector - The validation at time 'VALIDATION_TIME' is not found or not performed!
11:41:20.192 [pool-2-thread-12] INFO eu.europa.esig.dss.validation.CommonCertificateVerifier - + New CommonCertificateVerifier created.
11:41:20.197 [pool-2-thread-20] INFO eu.europa.esig.dss.validation.CommonCertificateVerifier - + New CommonCertificateVerifier created.
11:41:20.197 [pool-2-thread-16] INFO eu.europa.esig.dss.validation.CommonCertificateVerifier - + New CommonCertificateVerifier created.
11:41:20.198 [pool-2-thread-20] INFO eu.europa.esig.dss.validation.AIACertificateSource - Retrieving C-D54951FEBBC59D2C2EC01ACCD92CCD8C9D2C7444C2E551BA7EC0DE622C74148C certificate's issuer using AIA.
11:41:20.198 [pool-2-thread-20] DEBUG eu.europa.esig.dss.spi.x509.aia.DefaultAIASource - Loading certificate(s) from 'http://ca.luxtrust.lu/LTQCA.crt'.
11:41:20.199 [pool-2-thread-20] DEBUG eu.europa.esig.dss.spi.x509.aia.DefaultAIASource - Base64 content : MIID8DCCAtigAwIBAgICA+swDQYJKoZIhvcNAQEFBQAwQDELMAkGA1UEBhMCTFUxFjAUBgNVBAoTDUx1eFRydXN0IHMuYS4xGTAXBgNVBAMTEEx1eFRydXN0IHJvb3QgQ0EwHhcNMDgwNjA1MDkyNTI0WhcNMTYxMDE4MTA0MDM0WjBFMQswCQYDVQQGEwJMVTEWMBQGA1UEChMNTHV4VHJ1c3QgUy5BLjEeMBwGA1UEAxMVTHV4VHJ1c3QgUXVhbGlmaWVkIENBMIIBIjANBgkqhkiG9w0BAQEFAAOCAQ8AMIIBCgKCAQEAybFXzA+8RNnvlCd+sZ8BnH6WO3LmaLi419Ygd9VBYcIwLmMx9KgAKF3u4B87Hee5NL4Xvhm/B9DuDUH5OGZ3P2Dwf7putVEvATvW8jzYq6CzarUthzb9ux+KTdTT+d4y6tkgVggy9DBe+bz635oZm2PPQT9kzoR48RBN730KA/MJIa0Sa7ZDphL37WHSA4/TWh9F1/LBRVGC0F4Mg1hU/u+kovF5mTuUK+ncU7+FS0cQRhAD+C4WfLI/WuzuE+T6ZuZ6Iqg6+vqgf6iKwL6iVZmwKkJPvV3+3Wgy3zq5tpDvsIGj4kXd1riQGKsEeDfN8y71DG3OdBqF1Yd7ue7ziwIDAQABo4HuMIHrMA8GA1UdEwQIMAYBAf8CAQAwQgYDVR0gBDswOTA3BggrgSsBAQEBADArMCkGCCsGAQUFBwIBFh1odHRwOi8vcmVwb3NpdG9yeS5sdXh0cnVzdC5sdTARBglghkgBhvhCAQEEBAMCAAcwDgYDVR0PAQH/BAQDAgHGMB8GA1UdIwQYMBaAFN2K1zDx+ZFx6UdwDCXlrKGN34wlMDEGA1UdHwQqMCgwJqAkoCKGIGh0dHA6Ly9jcmwubHV4dHJ1c3QubHUvTFRSQ0EuY3JsMB0GA1UdDgQWBBSNkKMH3RoTd5lMkqtNQ94/zSlkBTANBgkqhkiG9w0BAQUFAAOCAQEAapxOpigXTejGgHBWMAwDBMdZQHpPyoCmw32OIj1qqezO5nDnjG5gfJni/rp5IFMpV//xmCkjqyO92PyYbcHNSUpP1SjCkyn10e6ipmzpXK0MbgFvIPglAgA5dXxTNf0Q77eWu36fz5VKQEmJzqoXTccq4nuLL9rLZ88YUlczMaWscETIZCB4kecKVyqHf4+T0JucZqX7zzfpiVyTr2M+OGl9qiOmKwBGkzseJt+MgYWrskJADKDZMr4bQxkxnhzCSQoraX7DugxM0fH47MitCc74uZrWIJ6qQjCLBtKzxUGy7B3pYOjLlThr7S64cd12yuR+NjHAFZ2DTXwxKg/FQg==
11:41:20.200 [pool-2-thread-20] DEBUG eu.europa.esig.dss.spi.x509.aia.DefaultAIASource - 1 certificate(s) loaded from 'http://ca.luxtrust.lu/LTQCA.crt'
11:41:20.205 [pool-2-thread-20] INFO eu.europa.esig.dss.validation.AIACertificateSource - Retrieving C-FE5D1FDE82820AC69F0265808C4E694ACF0AFA056B56A4EA84984D52A85BF7D7 certificate's issuer using AIA.
11:41:20.205 [pool-2-thread-20] INFO eu.europa.esig.dss.spi.x509.aia.DefaultAIASource - There is no AIA extension for certificate download.
11:41:20.205 [pool-2-thread-20] WARN eu.europa.esig.dss.validation.SignatureValidationContext - No revocation found for the certificate C-D54951FEBBC59D2C2EC01ACCD92CCD8C9D2C7444C2E551BA7EC0DE622C74148C
11:41:20.206 [pool-2-thread-20] WARN eu.europa.esig.dss.validation.SignatureValidationContext - Issuer not found for certificate C-FE5D1FDE82820AC69F0265808C4E694ACF0AFA056B56A4EA84984D52A85BF7D7
11:41:20.206 [pool-2-thread-20] WARN eu.europa.esig.dss.validation.DiagnosticDataBuilder - Provided CertificateSource configuration contains none of trusted sources of type TRUSTED_STORE or TRUSTED_LIST!
11:41:20.207 [pool-2-thread-20] DEBUG eu.europa.esig.dss.spi.CertificateExtensionsUtils - Unknown non-critical CertificateExtension with OID : '2.16.840.1.113730.1.1'
11:41:20.207 [pool-2-thread-12] INFO eu.europa.esig.dss.validation.CommonCertificateVerifier - + New CommonCertificateVerifier created.
11:41:20.208 [pool-2-thread-12] INFO eu.europa.esig.dss.validation.AIACertificateSource - Retrieving C-D54951FEBBC59D2C2EC01ACCD92CCD8C9D2C7444C2E551BA7EC0DE622C74148C certificate's issuer using AIA.
11:41:20.208 [pool-2-thread-12] DEBUG eu.europa.esig.dss.spi.x509.aia.DefaultAIASource - Loading certificate(s) from 'http://ca.luxtrust.lu/LTQCA.crt'.
11:41:20.208 [pool-2-thread-20] DEBUG eu.europa.esig.dss.spi.CertificateExtensionsUtils - Unknown non-critical CertificateExtension with OID : '2.16.840.1.113730.1.1'
11:41:20.208 [pool-2-thread-12] DEBUG eu.europa.esig.dss.spi.x509.aia.DefaultAIASource - Base64 content : MIID8DCCAtigAwIBAgICA+swDQYJKoZIhvcNAQEFBQAwQDELMAkGA1UEBhMCTFUxFjAUBgNVBAoTDUx1eFRydXN0IHMuYS4xGTAXBgNVBAMTEEx1eFRydXN0IHJvb3QgQ0EwHhcNMDgwNjA1MDkyNTI0WhcNMTYxMDE4MTA0MDM0WjBFMQswCQYDVQQGEwJMVTEWMBQGA1UEChMNTHV4VHJ1c3QgUy5BLjEeMBwGA1UEAxMVTHV4VHJ1c3QgUXVhbGlmaWVkIENBMIIBIjANBgkqhkiG9w0BAQEFAAOCAQ8AMIIBCgKCAQEAybFXzA+8RNnvlCd+sZ8BnH6WO3LmaLi419Ygd9VBYcIwLmMx9KgAKF3u4B87Hee5NL4Xvhm/B9DuDUH5OGZ3P2Dwf7putVEvATvW8jzYq6CzarUthzb9ux+KTdTT+d4y6tkgVggy9DBe+bz635oZm2PPQT9kzoR48RBN730KA/MJIa0Sa7ZDphL37WHSA4/TWh9F1/LBRVGC0F4Mg1hU/u+kovF5mTuUK+ncU7+FS0cQRhAD+C4WfLI/WuzuE+T6ZuZ6Iqg6+vqgf6iKwL6iVZmwKkJPvV3+3Wgy3zq5tpDvsIGj4kXd1riQGKsEeDfN8y71DG3OdBqF1Yd7ue7ziwIDAQABo4HuMIHrMA8GA1UdEwQIMAYBAf8CAQAwQgYDVR0gBDswOTA3BggrgSsBAQEBADArMCkGCCsGAQUFBwIBFh1odHRwOi8vcmVwb3NpdG9yeS5sdXh0cnVzdC5sdTARBglghkgBhvhCAQEEBAMCAAcwDgYDVR0PAQH/BAQDAgHGMB8GA1UdIwQYMBaAFN2K1zDx+ZFx6UdwDCXlrKGN34wlMDEGA1UdHwQqMCgwJqAkoCKGIGh0dHA6Ly9jcmwubHV4dHJ1c3QubHUvTFRSQ0EuY3JsMB0GA1UdDgQWBBSNkKMH3RoTd5lMkqtNQ94/zSlkBTANBgkqhkiG9w0BAQUFAAOCAQEAapxOpigXTejGgHBWMAwDBMdZQHpPyoCmw32OIj1qqezO5nDnjG5gfJni/rp5IFMpV//xmCkjqyO92PyYbcHNSUpP1SjCkyn10e6ipmzpXK0MbgFvIPglAgA5dXxTNf0Q77eWu36fz5VKQEmJzqoXTccq4nuLL9rLZ88YUlczMaWscETIZCB4kecKVyqHf4+T0JucZqX7zzfpiVyTr2M+OGl9qiOmKwBGkzseJt+MgYWrskJADKDZMr4bQxkxnhzCSQoraX7DugxM0fH47MitCc74uZrWIJ6qQjCLBtKzxUGy7B3pYOjLlThr7S64cd12yuR+NjHAFZ2DTXwxKg/FQg==
11:41:20.208 [pool-2-thread-12] DEBUG eu.europa.esig.dss.spi.x509.aia.DefaultAIASource - 1 certificate(s) loaded from 'http://ca.luxtrust.lu/LTQCA.crt'
11:41:20.210 [pool-2-thread-12] INFO eu.europa.esig.dss.validation.AIACertificateSource - Retrieving C-FE5D1FDE82820AC69F0265808C4E694ACF0AFA056B56A4EA84984D52A85BF7D7 certificate's issuer using AIA.
11:41:20.210 [pool-2-thread-12] INFO eu.europa.esig.dss.spi.x509.aia.DefaultAIASource - There is no AIA extension for certificate download.
11:41:20.210 [pool-2-thread-12] WARN eu.europa.esig.dss.validation.SignatureValidationContext - No revocation found for the certificate C-D54951FEBBC59D2C2EC01ACCD92CCD8C9D2C7444C2E551BA7EC0DE622C74148C
11:41:20.211 [pool-2-thread-12] WARN eu.europa.esig.dss.validation.SignatureValidationContext - Issuer not found for certificate C-FE5D1FDE82820AC69F0265808C4E694ACF0AFA056B56A4EA84984D52A85BF7D7
11:41:20.212 [pool-2-thread-12] WARN eu.europa.esig.dss.validation.DiagnosticDataBuilder - Provided CertificateSource configuration contains none of trusted sources of type TRUSTED_STORE or TRUSTED_LIST!
11:41:20.213 [pool-2-thread-12] DEBUG eu.europa.esig.dss.spi.CertificateExtensionsUtils - Unknown non-critical CertificateExtension with OID : '2.16.840.1.113730.1.1'
11:41:20.215 [pool-2-thread-12] DEBUG eu.europa.esig.dss.spi.CertificateExtensionsUtils - Unknown non-critical CertificateExtension with OID : '2.16.840.1.113730.1.1'
11:41:20.220 [pool-2-thread-12] WARN eu.europa.esig.dss.detailedreport.DetailedReportMessageCollector - The validation at time 'CERTIFICATE_ISSUANCE_TIME' is not found or not performed!
11:41:20.220 [pool-2-thread-12] WARN eu.europa.esig.dss.detailedreport.DetailedReportMessageCollector - The validation at time 'CERTIFICATE_ISSUANCE_TIME' is not found or not performed!
11:41:20.220 [pool-2-thread-12] WARN eu.europa.esig.dss.detailedreport.DetailedReportMessageCollector - The validation at time 'CERTIFICATE_ISSUANCE_TIME' is not found or not performed!
11:41:20.220 [pool-2-thread-12] WARN eu.europa.esig.dss.detailedreport.DetailedReportMessageCollector - The validation at time 'VALIDATION_TIME' is not found or not performed!
11:41:20.220 [pool-2-thread-12] WARN eu.europa.esig.dss.detailedreport.DetailedReportMessageCollector - The validation at time 'VALIDATION_TIME' is not found or not performed!
11:41:20.220 [pool-2-thread-12] WARN eu.europa.esig.dss.detailedreport.DetailedReportMessageCollector - The validation at time 'VALIDATION_TIME' is not found or not performed!
11:41:20.221 [pool-2-thread-16] INFO eu.europa.esig.dss.validation.CommonCertificateVerifier - + New CommonCertificateVerifier created.
11:41:20.242 [pool-2-thread-2] INFO eu.europa.esig.dss.validation.CommonCertificateVerifier - + New CommonCertificateVerifier created.
11:41:20.242 [pool-2-thread-20] WARN eu.europa.esig.dss.detailedreport.DetailedReportMessageCollector - The validation at time 'CERTIFICATE_ISSUANCE_TIME' is not found or not performed!
11:41:20.242 [pool-2-thread-20] WARN eu.europa.esig.dss.detailedreport.DetailedReportMessageCollector - The validation at time 'CERTIFICATE_ISSUANCE_TIME' is not found or not performed!
11:41:20.242 [pool-2-thread-20] WARN eu.europa.esig.dss.detailedreport.DetailedReportMessageCollector - The validation at time 'CERTIFICATE_ISSUANCE_TIME' is not found or not performed!
11:41:20.242 [pool-2-thread-20] WARN eu.europa.esig.dss.detailedreport.DetailedReportMessageCollector - The validation at time 'VALIDATION_TIME' is not found or not performed!
11:41:20.242 [pool-2-thread-20] WARN eu.europa.esig.dss.detailedreport.DetailedReportMessageCollector - The validation at time 'VALIDATION_TIME' is not found or not performed!
11:41:20.242 [pool-2-thread-20] WARN eu.europa.esig.dss.detailedreport.DetailedReportMessageCollector - The validation at time 'VALIDATION_TIME' is not found or not performed!
11:41:20.245 [pool-2-thread-4] INFO eu.europa.esig.dss.validation.CommonCertificateVerifier - + New CommonCertificateVerifier created.
11:41:20.251 [pool-2-thread-16] INFO eu.europa.esig.dss.validation.AIACertificateSource - Retrieving C-D54951FEBBC59D2C2EC01ACCD92CCD8C9D2C7444C2E551BA7EC0DE622C74148C certificate's issuer using AIA.
11:41:20.251 [pool-2-thread-16] DEBUG eu.europa.esig.dss.spi.x509.aia.DefaultAIASource - Loading certificate(s) from 'http://ca.luxtrust.lu/LTQCA.crt'.
11:41:20.251 [pool-2-thread-16] DEBUG eu.europa.esig.dss.spi.x509.aia.DefaultAIASource - Base64 content : MIID8DCCAtigAwIBAgICA+swDQYJKoZIhvcNAQEFBQAwQDELMAkGA1UEBhMCTFUxFjAUBgNVBAoTDUx1eFRydXN0IHMuYS4xGTAXBgNVBAMTEEx1eFRydXN0IHJvb3QgQ0EwHhcNMDgwNjA1MDkyNTI0WhcNMTYxMDE4MTA0MDM0WjBFMQswCQYDVQQGEwJMVTEWMBQGA1UEChMNTHV4VHJ1c3QgUy5BLjEeMBwGA1UEAxMVTHV4VHJ1c3QgUXVhbGlmaWVkIENBMIIBIjANBgkqhkiG9w0BAQEFAAOCAQ8AMIIBCgKCAQEAybFXzA+8RNnvlCd+sZ8BnH6WO3LmaLi419Ygd9VBYcIwLmMx9KgAKF3u4B87Hee5NL4Xvhm/B9DuDUH5OGZ3P2Dwf7putVEvATvW8jzYq6CzarUthzb9ux+KTdTT+d4y6tkgVggy9DBe+bz635oZm2PPQT9kzoR48RBN730KA/MJIa0Sa7ZDphL37WHSA4/TWh9F1/LBRVGC0F4Mg1hU/u+kovF5mTuUK+ncU7+FS0cQRhAD+C4WfLI/WuzuE+T6ZuZ6Iqg6+vqgf6iKwL6iVZmwKkJPvV3+3Wgy3zq5tpDvsIGj4kXd1riQGKsEeDfN8y71DG3OdBqF1Yd7ue7ziwIDAQABo4HuMIHrMA8GA1UdEwQIMAYBAf8CAQAwQgYDVR0gBDswOTA3BggrgSsBAQEBADArMCkGCCsGAQUFBwIBFh1odHRwOi8vcmVwb3NpdG9yeS5sdXh0cnVzdC5sdTARBglghkgBhvhCAQEEBAMCAAcwDgYDVR0PAQH/BAQDAgHGMB8GA1UdIwQYMBaAFN2K1zDx+ZFx6UdwDCXlrKGN34wlMDEGA1UdHwQqMCgwJqAkoCKGIGh0dHA6Ly9jcmwubHV4dHJ1c3QubHUvTFRSQ0EuY3JsMB0GA1UdDgQWBBSNkKMH3RoTd5lMkqtNQ94/zSlkBTANBgkqhkiG9w0BAQUFAAOCAQEAapxOpigXTejGgHBWMAwDBMdZQHpPyoCmw32OIj1qqezO5nDnjG5gfJni/rp5IFMpV//xmCkjqyO92PyYbcHNSUpP1SjCkyn10e6ipmzpXK0MbgFvIPglAgA5dXxTNf0Q77eWu36fz5VKQEmJzqoXTccq4nuLL9rLZ88YUlczMaWscETIZCB4kecKVyqHf4+T0JucZqX7zzfpiVyTr2M+OGl9qiOmKwBGkzseJt+MgYWrskJADKDZMr4bQxkxnhzCSQoraX7DugxM0fH47MitCc74uZrWIJ6qQjCLBtKzxUGy7B3pYOjLlThr7S64cd12yuR+NjHAFZ2DTXwxKg/FQg==
11:41:20.252 [pool-2-thread-16] DEBUG eu.europa.esig.dss.spi.x509.aia.DefaultAIASource - 1 certificate(s) loaded from 'http://ca.luxtrust.lu/LTQCA.crt'
11:41:20.253 [pool-2-thread-16] INFO eu.europa.esig.dss.validation.AIACertificateSource - Retrieving C-FE5D1FDE82820AC69F0265808C4E694ACF0AFA056B56A4EA84984D52A85BF7D7 certificate's issuer using AIA.
11:41:20.253 [pool-2-thread-16] INFO eu.europa.esig.dss.spi.x509.aia.DefaultAIASource - There is no AIA extension for certificate download.
11:41:20.253 [pool-2-thread-16] WARN eu.europa.esig.dss.validation.SignatureValidationContext - No revocation found for the certificate C-D54951FEBBC59D2C2EC01ACCD92CCD8C9D2C7444C2E551BA7EC0DE622C74148C
11:41:20.254 [pool-2-thread-16] WARN eu.europa.esig.dss.validation.SignatureValidationContext - Issuer not found for certificate C-FE5D1FDE82820AC69F0265808C4E694ACF0AFA056B56A4EA84984D52A85BF7D7
11:41:20.254 [pool-2-thread-16] WARN eu.europa.esig.dss.validation.DiagnosticDataBuilder - Provided CertificateSource configuration contains none of trusted sources of type TRUSTED_STORE or TRUSTED_LIST!
11:41:20.254 [pool-2-thread-1] INFO eu.europa.esig.dss.validation.CommonCertificateVerifier - + New CommonCertificateVerifier created.
11:41:20.254 [pool-2-thread-20] INFO eu.europa.esig.dss.validation.CommonCertificateVerifier - + New CommonCertificateVerifier created.
11:41:20.255 [pool-2-thread-16] DEBUG eu.europa.esig.dss.spi.CertificateExtensionsUtils - Unknown non-critical CertificateExtension with OID : '2.16.840.1.113730.1.1'
11:41:20.255 [pool-2-thread-16] DEBUG eu.europa.esig.dss.spi.CertificateExtensionsUtils - Unknown non-critical CertificateExtension with OID : '2.16.840.1.113730.1.1'
11:41:20.256 [pool-2-thread-16] WARN eu.europa.esig.dss.detailedreport.DetailedReportMessageCollector - The validation at time 'CERTIFICATE_ISSUANCE_TIME' is not found or not performed!
11:41:20.256 [pool-2-thread-16] WARN eu.europa.esig.dss.detailedreport.DetailedReportMessageCollector - The validation at time 'CERTIFICATE_ISSUANCE_TIME' is not found or not performed!
11:41:20.256 [pool-2-thread-16] WARN eu.europa.esig.dss.detailedreport.DetailedReportMessageCollector - The validation at time 'CERTIFICATE_ISSUANCE_TIME' is not found or not performed!
11:41:20.256 [pool-2-thread-16] WARN eu.europa.esig.dss.detailedreport.DetailedReportMessageCollector - The validation at time 'VALIDATION_TIME' is not found or not performed!
11:41:20.256 [pool-2-thread-16] WARN eu.europa.esig.dss.detailedreport.DetailedReportMessageCollector - The validation at time 'VALIDATION_TIME' is not found or not performed!
11:41:20.256 [pool-2-thread-16] WARN eu.europa.esig.dss.detailedreport.DetailedReportMessageCollector - The validation at time 'VALIDATION_TIME' is not found or not performed!
11:41:20.263 [pool-2-thread-5] INFO eu.europa.esig.dss.validation.CommonCertificateVerifier - + New CommonCertificateVerifier created.
11:41:20.263 [pool-2-thread-2] INFO eu.europa.esig.dss.validation.CommonCertificateVerifier - + New CommonCertificateVerifier created.
11:41:20.264 [pool-2-thread-11] INFO eu.europa.esig.dss.validation.CommonCertificateVerifier - + New CommonCertificateVerifier created.
11:41:20.267 [pool-2-thread-2] INFO eu.europa.esig.dss.validation.AIACertificateSource - Retrieving C-D54951FEBBC59D2C2EC01ACCD92CCD8C9D2C7444C2E551BA7EC0DE622C74148C certificate's issuer using AIA.
11:41:20.267 [pool-2-thread-2] DEBUG eu.europa.esig.dss.spi.x509.aia.DefaultAIASource - Loading certificate(s) from 'http://ca.luxtrust.lu/LTQCA.crt'.
11:41:20.268 [pool-2-thread-2] DEBUG eu.europa.esig.dss.spi.x509.aia.DefaultAIASource - Base64 content : MIID8DCCAtigAwIBAgICA+swDQYJKoZIhvcNAQEFBQAwQDELMAkGA1UEBhMCTFUxFjAUBgNVBAoTDUx1eFRydXN0IHMuYS4xGTAXBgNVBAMTEEx1eFRydXN0IHJvb3QgQ0EwHhcNMDgwNjA1MDkyNTI0WhcNMTYxMDE4MTA0MDM0WjBFMQswCQYDVQQGEwJMVTEWMBQGA1UEChMNTHV4VHJ1c3QgUy5BLjEeMBwGA1UEAxMVTHV4VHJ1c3QgUXVhbGlmaWVkIENBMIIBIjANBgkqhkiG9w0BAQEFAAOCAQ8AMIIBCgKCAQEAybFXzA+8RNnvlCd+sZ8BnH6WO3LmaLi419Ygd9VBYcIwLmMx9KgAKF3u4B87Hee5NL4Xvhm/B9DuDUH5OGZ3P2Dwf7putVEvATvW8jzYq6CzarUthzb9ux+KTdTT+d4y6tkgVggy9DBe+bz635oZm2PPQT9kzoR48RBN730KA/MJIa0Sa7ZDphL37WHSA4/TWh9F1/LBRVGC0F4Mg1hU/u+kovF5mTuUK+ncU7+FS0cQRhAD+C4WfLI/WuzuE+T6ZuZ6Iqg6+vqgf6iKwL6iVZmwKkJPvV3+3Wgy3zq5tpDvsIGj4kXd1riQGKsEeDfN8y71DG3OdBqF1Yd7ue7ziwIDAQABo4HuMIHrMA8GA1UdEwQIMAYBAf8CAQAwQgYDVR0gBDswOTA3BggrgSsBAQEBADArMCkGCCsGAQUFBwIBFh1odHRwOi8vcmVwb3NpdG9yeS5sdXh0cnVzdC5sdTARBglghkgBhvhCAQEEBAMCAAcwDgYDVR0PAQH/BAQDAgHGMB8GA1UdIwQYMBaAFN2K1zDx+ZFx6UdwDCXlrKGN34wlMDEGA1UdHwQqMCgwJqAkoCKGIGh0dHA6Ly9jcmwubHV4dHJ1c3QubHUvTFRSQ0EuY3JsMB0GA1UdDgQWBBSNkKMH3RoTd5lMkqtNQ94/zSlkBTANBgkqhkiG9w0BAQUFAAOCAQEAapxOpigXTejGgHBWMAwDBMdZQHpPyoCmw32OIj1qqezO5nDnjG5gfJni/rp5IFMpV//xmCkjqyO92PyYbcHNSUpP1SjCkyn10e6ipmzpXK0MbgFvIPglAgA5dXxTNf0Q77eWu36fz5VKQEmJzqoXTccq4nuLL9rLZ88YUlczMaWscETIZCB4kecKVyqHf4+T0JucZqX7zzfpiVyTr2M+OGl9qiOmKwBGkzseJt+MgYWrskJADKDZMr4bQxkxnhzCSQoraX7DugxM0fH47MitCc74uZrWIJ6qQjCLBtKzxUGy7B3pYOjLlThr7S64cd12yuR+NjHAFZ2DTXwxKg/FQg==
11:41:20.268 [pool-2-thread-2] DEBUG eu.europa.esig.dss.spi.x509.aia.DefaultAIASource - 1 certificate(s) loaded from 'http://ca.luxtrust.lu/LTQCA.crt'
11:41:20.270 [pool-2-thread-2] INFO eu.europa.esig.dss.validation.AIACertificateSource - Retrieving C-FE5D1FDE82820AC69F0265808C4E694ACF0AFA056B56A4EA84984D52A85BF7D7 certificate's issuer using AIA.
11:41:20.270 [pool-2-thread-2] INFO eu.europa.esig.dss.spi.x509.aia.DefaultAIASource - There is no AIA extension for certificate download.
11:41:20.270 [pool-2-thread-2] WARN eu.europa.esig.dss.validation.SignatureValidationContext - No revocation found for the certificate C-D54951FEBBC59D2C2EC01ACCD92CCD8C9D2C7444C2E551BA7EC0DE622C74148C
11:41:20.270 [pool-2-thread-2] WARN eu.europa.esig.dss.validation.SignatureValidationContext - Issuer not found for certificate C-FE5D1FDE82820AC69F0265808C4E694ACF0AFA056B56A4EA84984D52A85BF7D7
11:41:20.271 [pool-2-thread-2] WARN eu.europa.esig.dss.validation.DiagnosticDataBuilder - Provided CertificateSource configuration contains none of trusted sources of type TRUSTED_STORE or TRUSTED_LIST!
11:41:20.271 [pool-2-thread-2] DEBUG eu.europa.esig.dss.spi.CertificateExtensionsUtils - Unknown non-critical CertificateExtension with OID : '2.16.840.1.113730.1.1'
11:41:20.273 [pool-2-thread-2] DEBUG eu.europa.esig.dss.spi.CertificateExtensionsUtils - Unknown non-critical CertificateExtension with OID : '2.16.840.1.113730.1.1'
11:41:20.274 [pool-2-thread-20] INFO eu.europa.esig.dss.validation.CommonCertificateVerifier - + New CommonCertificateVerifier created.
11:41:20.274 [pool-2-thread-2] WARN eu.europa.esig.dss.detailedreport.DetailedReportMessageCollector - The validation at time 'CERTIFICATE_ISSUANCE_TIME' is not found or not performed!
11:41:20.274 [pool-2-thread-20] INFO eu.europa.esig.dss.validation.AIACertificateSource - Retrieving C-D54951FEBBC59D2C2EC01ACCD92CCD8C9D2C7444C2E551BA7EC0DE622C74148C certificate's issuer using AIA.
11:41:20.274 [pool-2-thread-2] WARN eu.europa.esig.dss.detailedreport.DetailedReportMessageCollector - The validation at time 'CERTIFICATE_ISSUANCE_TIME' is not found or not performed!
11:41:20.274 [pool-2-thread-14] INFO eu.europa.esig.dss.validation.CommonCertificateVerifier - + New CommonCertificateVerifier created.
11:41:20.274 [pool-2-thread-2] WARN eu.europa.esig.dss.detailedreport.DetailedReportMessageCollector - The validation at time 'CERTIFICATE_ISSUANCE_TIME' is not found or not performed!
11:41:20.274 [pool-2-thread-2] WARN eu.europa.esig.dss.detailedreport.DetailedReportMessageCollector - The validation at time 'VALIDATION_TIME' is not found or not performed!
11:41:20.274 [pool-2-thread-2] WARN eu.europa.esig.dss.detailedreport.DetailedReportMessageCollector - The validation at time 'VALIDATION_TIME' is not found or not performed!
11:41:20.274 [pool-2-thread-2] WARN eu.europa.esig.dss.detailedreport.DetailedReportMessageCollector - The validation at time 'VALIDATION_TIME' is not found or not performed!
11:41:20.274 [pool-2-thread-20] DEBUG eu.europa.esig.dss.spi.x509.aia.DefaultAIASource - Loading certificate(s) from 'http://ca.luxtrust.lu/LTQCA.crt'.
11:41:20.275 [pool-2-thread-20] DEBUG eu.europa.esig.dss.spi.x509.aia.DefaultAIASource - Base64 content : MIID8DCCAtigAwIBAgICA+swDQYJKoZIhvcNAQEFBQAwQDELMAkGA1UEBhMCTFUxFjAUBgNVBAoTDUx1eFRydXN0IHMuYS4xGTAXBgNVBAMTEEx1eFRydXN0IHJvb3QgQ0EwHhcNMDgwNjA1MDkyNTI0WhcNMTYxMDE4MTA0MDM0WjBFMQswCQYDVQQGEwJMVTEWMBQGA1UEChMNTHV4VHJ1c3QgUy5BLjEeMBwGA1UEAxMVTHV4VHJ1c3QgUXVhbGlmaWVkIENBMIIBIjANBgkqhkiG9w0BAQEFAAOCAQ8AMIIBCgKCAQEAybFXzA+8RNnvlCd+sZ8BnH6WO3LmaLi419Ygd9VBYcIwLmMx9KgAKF3u4B87Hee5NL4Xvhm/B9DuDUH5OGZ3P2Dwf7putVEvATvW8jzYq6CzarUthzb9ux+KTdTT+d4y6tkgVggy9DBe+bz635oZm2PPQT9kzoR48RBN730KA/MJIa0Sa7ZDphL37WHSA4/TWh9F1/LBRVGC0F4Mg1hU/u+kovF5mTuUK+ncU7+FS0cQRhAD+C4WfLI/WuzuE+T6ZuZ6Iqg6+vqgf6iKwL6iVZmwKkJPvV3+3Wgy3zq5tpDvsIGj4kXd1riQGKsEeDfN8y71DG3OdBqF1Yd7ue7ziwIDAQABo4HuMIHrMA8GA1UdEwQIMAYBAf8CAQAwQgYDVR0gBDswOTA3BggrgSsBAQEBADArMCkGCCsGAQUFBwIBFh1odHRwOi8vcmVwb3NpdG9yeS5sdXh0cnVzdC5sdTARBglghkgBhvhCAQEEBAMCAAcwDgYDVR0PAQH/BAQDAgHGMB8GA1UdIwQYMBaAFN2K1zDx+ZFx6UdwDCXlrKGN34wlMDEGA1UdHwQqMCgwJqAkoCKGIGh0dHA6Ly9jcmwubHV4dHJ1c3QubHUvTFRSQ0EuY3JsMB0GA1UdDgQWBBSNkKMH3RoTd5lMkqtNQ94/zSlkBTANBgkqhkiG9w0BAQUFAAOCAQEAapxOpigXTejGgHBWMAwDBMdZQHpPyoCmw32OIj1qqezO5nDnjG5gfJni/rp5IFMpV//xmCkjqyO92PyYbcHNSUpP1SjCkyn10e6ipmzpXK0MbgFvIPglAgA5dXxTNf0Q77eWu36fz5VKQEmJzqoXTccq4nuLL9rLZ88YUlczMaWscETIZCB4kecKVyqHf4+T0JucZqX7zzfpiVyTr2M+OGl9qiOmKwBGkzseJt+MgYWrskJADKDZMr4bQxkxnhzCSQoraX7DugxM0fH47MitCc74uZrWIJ6qQjCLBtKzxUGy7B3pYOjLlThr7S64cd12yuR+NjHAFZ2DTXwxKg/FQg==
11:41:20.275 [pool-2-thread-20] DEBUG eu.europa.esig.dss.spi.x509.aia.DefaultAIASource - 1 certificate(s) loaded from 'http://ca.luxtrust.lu/LTQCA.crt'
11:41:20.277 [pool-2-thread-20] INFO eu.europa.esig.dss.validation.AIACertificateSource - Retrieving C-FE5D1FDE82820AC69F0265808C4E694ACF0AFA056B56A4EA84984D52A85BF7D7 certificate's issuer using AIA.
11:41:20.277 [pool-2-thread-20] INFO eu.europa.esig.dss.spi.x509.aia.DefaultAIASource - There is no AIA extension for certificate download.
11:41:20.277 [pool-2-thread-20] WARN eu.europa.esig.dss.validation.SignatureValidationContext - No revocation found for the certificate C-D54951FEBBC59D2C2EC01ACCD92CCD8C9D2C7444C2E551BA7EC0DE622C74148C
11:41:20.278 [pool-2-thread-20] WARN eu.europa.esig.dss.validation.SignatureValidationContext - Issuer not found for certificate C-FE5D1FDE82820AC69F0265808C4E694ACF0AFA056B56A4EA84984D52A85BF7D7
11:41:20.278 [pool-2-thread-20] WARN eu.europa.esig.dss.validation.DiagnosticDataBuilder - Provided CertificateSource configuration contains none of trusted sources of type TRUSTED_STORE or TRUSTED_LIST!
11:41:20.279 [pool-2-thread-20] DEBUG eu.europa.esig.dss.spi.CertificateExtensionsUtils - Unknown non-critical CertificateExtension with OID : '2.16.840.1.113730.1.1'
11:41:20.280 [pool-2-thread-20] DEBUG eu.europa.esig.dss.spi.CertificateExtensionsUtils - Unknown non-critical CertificateExtension with OID : '2.16.840.1.113730.1.1'
11:41:20.281 [pool-2-thread-20] WARN eu.europa.esig.dss.detailedreport.DetailedReportMessageCollector - The validation at time 'CERTIFICATE_ISSUANCE_TIME' is not found or not performed!
11:41:20.281 [pool-2-thread-20] WARN eu.europa.esig.dss.detailedreport.DetailedReportMessageCollector - The validation at time 'CERTIFICATE_ISSUANCE_TIME' is not found or not performed!
11:41:20.281 [pool-2-thread-20] WARN eu.europa.esig.dss.detailedreport.DetailedReportMessageCollector - The validation at time 'CERTIFICATE_ISSUANCE_TIME' is not found or not performed!
11:41:20.281 [pool-2-thread-20] WARN eu.europa.esig.dss.detailedreport.DetailedReportMessageCollector - The validation at time 'VALIDATION_TIME' is not found or not performed!
11:41:20.281 [pool-2-thread-20] WARN eu.europa.esig.dss.detailedreport.DetailedReportMessageCollector - The validation at time 'VALIDATION_TIME' is not found or not performed!
11:41:20.281 [pool-2-thread-20] WARN eu.europa.esig.dss.detailedreport.DetailedReportMessageCollector - The validation at time 'VALIDATION_TIME' is not found or not performed!
11:41:20.284 [pool-2-thread-10] INFO eu.europa.esig.dss.validation.CommonCertificateVerifier - + New CommonCertificateVerifier created.
11:41:20.284 [pool-2-thread-4] INFO eu.europa.esig.dss.validation.CommonCertificateVerifier - + New CommonCertificateVerifier created.
11:41:20.284 [pool-2-thread-1] INFO eu.europa.esig.dss.validation.CommonCertificateVerifier - + New CommonCertificateVerifier created.
11:41:20.285 [pool-2-thread-4] INFO eu.europa.esig.dss.validation.AIACertificateSource - Retrieving C-D54951FEBBC59D2C2EC01ACCD92CCD8C9D2C7444C2E551BA7EC0DE622C74148C certificate's issuer using AIA.
11:41:20.285 [pool-2-thread-4] DEBUG eu.europa.esig.dss.spi.x509.aia.DefaultAIASource - Loading certificate(s) from 'http://ca.luxtrust.lu/LTQCA.crt'.
11:41:20.285 [pool-2-thread-1] INFO eu.europa.esig.dss.validation.AIACertificateSource - Retrieving C-D54951FEBBC59D2C2EC01ACCD92CCD8C9D2C7444C2E551BA7EC0DE622C74148C certificate's issuer using AIA.
11:41:20.285 [pool-2-thread-3] INFO eu.europa.esig.dss.validation.CommonCertificateVerifier - + New CommonCertificateVerifier created.
11:41:20.285 [pool-2-thread-4] DEBUG eu.europa.esig.dss.spi.x509.aia.DefaultAIASource - Base64 content : MIID8DCCAtigAwIBAgICA+swDQYJKoZIhvcNAQEFBQAwQDELMAkGA1UEBhMCTFUxFjAUBgNVBAoTDUx1eFRydXN0IHMuYS4xGTAXBgNVBAMTEEx1eFRydXN0IHJvb3QgQ0EwHhcNMDgwNjA1MDkyNTI0WhcNMTYxMDE4MTA0MDM0WjBFMQswCQYDVQQGEwJMVTEWMBQGA1UEChMNTHV4VHJ1c3QgUy5BLjEeMBwGA1UEAxMVTHV4VHJ1c3QgUXVhbGlmaWVkIENBMIIBIjANBgkqhkiG9w0BAQEFAAOCAQ8AMIIBCgKCAQEAybFXzA+8RNnvlCd+sZ8BnH6WO3LmaLi419Ygd9VBYcIwLmMx9KgAKF3u4B87Hee5NL4Xvhm/B9DuDUH5OGZ3P2Dwf7putVEvATvW8jzYq6CzarUthzb9ux+KTdTT+d4y6tkgVggy9DBe+bz635oZm2PPQT9kzoR48RBN730KA/MJIa0Sa7ZDphL37WHSA4/TWh9F1/LBRVGC0F4Mg1hU/u+kovF5mTuUK+ncU7+FS0cQRhAD+C4WfLI/WuzuE+T6ZuZ6Iqg6+vqgf6iKwL6iVZmwKkJPvV3+3Wgy3zq5tpDvsIGj4kXd1riQGKsEeDfN8y71DG3OdBqF1Yd7ue7ziwIDAQABo4HuMIHrMA8GA1UdEwQIMAYBAf8CAQAwQgYDVR0gBDswOTA3BggrgSsBAQEBADArMCkGCCsGAQUFBwIBFh1odHRwOi8vcmVwb3NpdG9yeS5sdXh0cnVzdC5sdTARBglghkgBhvhCAQEEBAMCAAcwDgYDVR0PAQH/BAQDAgHGMB8GA1UdIwQYMBaAFN2K1zDx+ZFx6UdwDCXlrKGN34wlMDEGA1UdHwQqMCgwJqAkoCKGIGh0dHA6Ly9jcmwubHV4dHJ1c3QubHUvTFRSQ0EuY3JsMB0GA1UdDgQWBBSNkKMH3RoTd5lMkqtNQ94/zSlkBTANBgkqhkiG9w0BAQUFAAOCAQEAapxOpigXTejGgHBWMAwDBMdZQHpPyoCmw32OIj1qqezO5nDnjG5gfJni/rp5IFMpV//xmCkjqyO92PyYbcHNSUpP1SjCkyn10e6ipmzpXK0MbgFvIPglAgA5dXxTNf0Q77eWu36fz5VKQEmJzqoXTccq4nuLL9rLZ88YUlczMaWscETIZCB4kecKVyqHf4+T0JucZqX7zzfpiVyTr2M+OGl9qiOmKwBGkzseJt+MgYWrskJADKDZMr4bQxkxnhzCSQoraX7DugxM0fH47MitCc74uZrWIJ6qQjCLBtKzxUGy7B3pYOjLlThr7S64cd12yuR+NjHAFZ2DTXwxKg/FQg==
11:41:20.287 [pool-2-thread-9] INFO eu.europa.esig.dss.validation.CommonCertificateVerifier - + New CommonCertificateVerifier created.
11:41:20.287 [pool-2-thread-4] DEBUG eu.europa.esig.dss.spi.x509.aia.DefaultAIASource - 1 certificate(s) loaded from 'http://ca.luxtrust.lu/LTQCA.crt'
11:41:20.289 [pool-2-thread-4] INFO eu.europa.esig.dss.validation.AIACertificateSource - Retrieving C-FE5D1FDE82820AC69F0265808C4E694ACF0AFA056B56A4EA84984D52A85BF7D7 certificate's issuer using AIA.
11:41:20.289 [pool-2-thread-4] INFO eu.europa.esig.dss.spi.x509.aia.DefaultAIASource - There is no AIA extension for certificate download.
11:41:20.289 [pool-2-thread-4] WARN eu.europa.esig.dss.validation.SignatureValidationContext - No revocation found for the certificate C-D54951FEBBC59D2C2EC01ACCD92CCD8C9D2C7444C2E551BA7EC0DE622C74148C
11:41:20.285 [pool-2-thread-1] DEBUG eu.europa.esig.dss.spi.x509.aia.DefaultAIASource - Loading certificate(s) from 'http://ca.luxtrust.lu/LTQCA.crt'.
11:41:20.290 [pool-2-thread-4] WARN eu.europa.esig.dss.validation.SignatureValidationContext - Issuer not found for certificate C-FE5D1FDE82820AC69F0265808C4E694ACF0AFA056B56A4EA84984D52A85BF7D7
11:41:20.290 [pool-2-thread-4] WARN eu.europa.esig.dss.validation.DiagnosticDataBuilder - Provided CertificateSource configuration contains none of trusted sources of type TRUSTED_STORE or TRUSTED_LIST!
11:41:20.290 [pool-2-thread-1] DEBUG eu.europa.esig.dss.spi.x509.aia.DefaultAIASource - Base64 content : MIID8DCCAtigAwIBAgICA+swDQYJKoZIhvcNAQEFBQAwQDELMAkGA1UEBhMCTFUxFjAUBgNVBAoTDUx1eFRydXN0IHMuYS4xGTAXBgNVBAMTEEx1eFRydXN0IHJvb3QgQ0EwHhcNMDgwNjA1MDkyNTI0WhcNMTYxMDE4MTA0MDM0WjBFMQswCQYDVQQGEwJMVTEWMBQGA1UEChMNTHV4VHJ1c3QgUy5BLjEeMBwGA1UEAxMVTHV4VHJ1c3QgUXVhbGlmaWVkIENBMIIBIjANBgkqhkiG9w0BAQEFAAOCAQ8AMIIBCgKCAQEAybFXzA+8RNnvlCd+sZ8BnH6WO3LmaLi419Ygd9VBYcIwLmMx9KgAKF3u4B87Hee5NL4Xvhm/B9DuDUH5OGZ3P2Dwf7putVEvATvW8jzYq6CzarUthzb9ux+KTdTT+d4y6tkgVggy9DBe+bz635oZm2PPQT9kzoR48RBN730KA/MJIa0Sa7ZDphL37WHSA4/TWh9F1/LBRVGC0F4Mg1hU/u+kovF5mTuUK+ncU7+FS0cQRhAD+C4WfLI/WuzuE+T6ZuZ6Iqg6+vqgf6iKwL6iVZmwKkJPvV3+3Wgy3zq5tpDvsIGj4kXd1riQGKsEeDfN8y71DG3OdBqF1Yd7ue7ziwIDAQABo4HuMIHrMA8GA1UdEwQIMAYBAf8CAQAwQgYDVR0gBDswOTA3BggrgSsBAQEBADArMCkGCCsGAQUFBwIBFh1odHRwOi8vcmVwb3NpdG9yeS5sdXh0cnVzdC5sdTARBglghkgBhvhCAQEEBAMCAAcwDgYDVR0PAQH/BAQDAgHGMB8GA1UdIwQYMBaAFN2K1zDx+ZFx6UdwDCXlrKGN34wlMDEGA1UdHwQqMCgwJqAkoCKGIGh0dHA6Ly9jcmwubHV4dHJ1c3QubHUvTFRSQ0EuY3JsMB0GA1UdDgQWBBSNkKMH3RoTd5lMkqtNQ94/zSlkBTANBgkqhkiG9w0BAQUFAAOCAQEAapxOpigXTejGgHBWMAwDBMdZQHpPyoCmw32OIj1qqezO5nDnjG5gfJni/rp5IFMpV//xmCkjqyO92PyYbcHNSUpP1SjCkyn10e6ipmzpXK0MbgFvIPglAgA5dXxTNf0Q77eWu36fz5VKQEmJzqoXTccq4nuLL9rLZ88YUlczMaWscETIZCB4kecKVyqHf4+T0JucZqX7zzfpiVyTr2M+OGl9qiOmKwBGkzseJt+MgYWrskJADKDZMr4bQxkxnhzCSQoraX7DugxM0fH47MitCc74uZrWIJ6qQjCLBtKzxUGy7B3pYOjLlThr7S64cd12yuR+NjHAFZ2DTXwxKg/FQg==
11:41:20.291 [pool-2-thread-4] DEBUG eu.europa.esig.dss.spi.CertificateExtensionsUtils - Unknown non-critical CertificateExtension with OID : '2.16.840.1.113730.1.1'
11:41:20.292 [pool-2-thread-1] DEBUG eu.europa.esig.dss.spi.x509.aia.DefaultAIASource - 1 certificate(s) loaded from 'http://ca.luxtrust.lu/LTQCA.crt'
11:41:20.292 [pool-2-thread-4] DEBUG eu.europa.esig.dss.spi.CertificateExtensionsUtils - Unknown non-critical CertificateExtension with OID : '2.16.840.1.113730.1.1'
11:41:20.293 [pool-2-thread-4] WARN eu.europa.esig.dss.detailedreport.DetailedReportMessageCollector - The validation at time 'CERTIFICATE_ISSUANCE_TIME' is not found or not performed!
11:41:20.294 [pool-2-thread-4] WARN eu.europa.esig.dss.detailedreport.DetailedReportMessageCollector - The validation at time 'CERTIFICATE_ISSUANCE_TIME' is not found or not performed!
11:41:20.294 [pool-2-thread-4] WARN eu.europa.esig.dss.detailedreport.DetailedReportMessageCollector - The validation at time 'CERTIFICATE_ISSUANCE_TIME' is not found or not performed!
11:41:20.294 [pool-2-thread-4] WARN eu.europa.esig.dss.detailedreport.DetailedReportMessageCollector - The validation at time 'VALIDATION_TIME' is not found or not performed!
11:41:20.294 [pool-2-thread-4] WARN eu.europa.esig.dss.detailedreport.DetailedReportMessageCollector - The validation at time 'VALIDATION_TIME' is not found or not performed!
11:41:20.294 [pool-2-thread-4] WARN eu.europa.esig.dss.detailedreport.DetailedReportMessageCollector - The validation at time 'VALIDATION_TIME' is not found or not performed!
11:41:20.298 [pool-2-thread-1] INFO eu.europa.esig.dss.validation.AIACertificateSource - Retrieving C-FE5D1FDE82820AC69F0265808C4E694ACF0AFA056B56A4EA84984D52A85BF7D7 certificate's issuer using AIA.
11:41:20.298 [pool-2-thread-1] INFO eu.europa.esig.dss.spi.x509.aia.DefaultAIASource - There is no AIA extension for certificate download.
11:41:20.299 [pool-2-thread-1] WARN eu.europa.esig.dss.validation.SignatureValidationContext - No revocation found for the certificate C-D54951FEBBC59D2C2EC01ACCD92CCD8C9D2C7444C2E551BA7EC0DE622C74148C
11:41:20.300 [pool-2-thread-1] WARN eu.europa.esig.dss.validation.SignatureValidationContext - Issuer not found for certificate C-FE5D1FDE82820AC69F0265808C4E694ACF0AFA056B56A4EA84984D52A85BF7D7
11:41:20.301 [pool-2-thread-1] WARN eu.europa.esig.dss.validation.DiagnosticDataBuilder - Provided CertificateSource configuration contains none of trusted sources of type TRUSTED_STORE or TRUSTED_LIST!
11:41:20.302 [pool-2-thread-17] INFO eu.europa.esig.dss.validation.CommonCertificateVerifier - + New CommonCertificateVerifier created.
11:41:20.302 [pool-2-thread-1] DEBUG eu.europa.esig.dss.spi.CertificateExtensionsUtils - Unknown non-critical CertificateExtension with OID : '2.16.840.1.113730.1.1'
11:41:20.305 [pool-2-thread-1] DEBUG eu.europa.esig.dss.spi.CertificateExtensionsUtils - Unknown non-critical CertificateExtension with OID : '2.16.840.1.113730.1.1'
11:41:20.306 [pool-2-thread-13] INFO eu.europa.esig.dss.validation.CommonCertificateVerifier - + New CommonCertificateVerifier created.
11:41:20.308 [pool-2-thread-1] WARN eu.europa.esig.dss.detailedreport.DetailedReportMessageCollector - The validation at time 'CERTIFICATE_ISSUANCE_TIME' is not found or not performed!
11:41:20.309 [pool-2-thread-1] WARN eu.europa.esig.dss.detailedreport.DetailedReportMessageCollector - The validation at time 'CERTIFICATE_ISSUANCE_TIME' is not found or not performed!
11:41:20.309 [pool-2-thread-1] WARN eu.europa.esig.dss.detailedreport.DetailedReportMessageCollector - The validation at time 'CERTIFICATE_ISSUANCE_TIME' is not found or not performed!
11:41:20.309 [pool-2-thread-1] WARN eu.europa.esig.dss.detailedreport.DetailedReportMessageCollector - The validation at time 'VALIDATION_TIME' is not found or not performed!
11:41:20.309 [pool-2-thread-1] WARN eu.europa.esig.dss.detailedreport.DetailedReportMessageCollector - The validation at time 'VALIDATION_TIME' is not found or not performed!
11:41:20.309 [pool-2-thread-1] WARN eu.europa.esig.dss.detailedreport.DetailedReportMessageCollector - The validation at time 'VALIDATION_TIME' is not found or not performed!
11:41:20.317 [pool-2-thread-4] INFO eu.europa.esig.dss.validation.CommonCertificateVerifier - + New CommonCertificateVerifier created.
11:41:20.318 [pool-2-thread-5] INFO eu.europa.esig.dss.validation.CommonCertificateVerifier - + New CommonCertificateVerifier created.
11:41:20.318 [pool-2-thread-8] INFO eu.europa.esig.dss.validation.CommonCertificateVerifier - + New CommonCertificateVerifier created.
11:41:20.318 [pool-2-thread-5] INFO eu.europa.esig.dss.validation.AIACertificateSource - Retrieving C-D54951FEBBC59D2C2EC01ACCD92CCD8C9D2C7444C2E551BA7EC0DE622C74148C certificate's issuer using AIA.
11:41:20.319 [pool-2-thread-5] DEBUG eu.europa.esig.dss.spi.x509.aia.DefaultAIASource - Loading certificate(s) from 'http://ca.luxtrust.lu/LTQCA.crt'.
11:41:20.319 [pool-2-thread-20] INFO eu.europa.esig.dss.validation.CommonCertificateVerifier - + New CommonCertificateVerifier created.
11:41:20.319 [pool-2-thread-5] DEBUG eu.europa.esig.dss.spi.x509.aia.DefaultAIASource - Base64 content : MIID8DCCAtigAwIBAgICA+swDQYJKoZIhvcNAQEFBQAwQDELMAkGA1UEBhMCTFUxFjAUBgNVBAoTDUx1eFRydXN0IHMuYS4xGTAXBgNVBAMTEEx1eFRydXN0IHJvb3QgQ0EwHhcNMDgwNjA1MDkyNTI0WhcNMTYxMDE4MTA0MDM0WjBFMQswCQYDVQQGEwJMVTEWMBQGA1UEChMNTHV4VHJ1c3QgUy5BLjEeMBwGA1UEAxMVTHV4VHJ1c3QgUXVhbGlmaWVkIENBMIIBIjANBgkqhkiG9w0BAQEFAAOCAQ8AMIIBCgKCAQEAybFXzA+8RNnvlCd+sZ8BnH6WO3LmaLi419Ygd9VBYcIwLmMx9KgAKF3u4B87Hee5NL4Xvhm/B9DuDUH5OGZ3P2Dwf7putVEvATvW8jzYq6CzarUthzb9ux+KTdTT+d4y6tkgVggy9DBe+bz635oZm2PPQT9kzoR48RBN730KA/MJIa0Sa7ZDphL37WHSA4/TWh9F1/LBRVGC0F4Mg1hU/u+kovF5mTuUK+ncU7+FS0cQRhAD+C4WfLI/WuzuE+T6ZuZ6Iqg6+vqgf6iKwL6iVZmwKkJPvV3+3Wgy3zq5tpDvsIGj4kXd1riQGKsEeDfN8y71DG3OdBqF1Yd7ue7ziwIDAQABo4HuMIHrMA8GA1UdEwQIMAYBAf8CAQAwQgYDVR0gBDswOTA3BggrgSsBAQEBADArMCkGCCsGAQUFBwIBFh1odHRwOi8vcmVwb3NpdG9yeS5sdXh0cnVzdC5sdTARBglghkgBhvhCAQEEBAMCAAcwDgYDVR0PAQH/BAQDAgHGMB8GA1UdIwQYMBaAFN2K1zDx+ZFx6UdwDCXlrKGN34wlMDEGA1UdHwQqMCgwJqAkoCKGIGh0dHA6Ly9jcmwubHV4dHJ1c3QubHUvTFRSQ0EuY3JsMB0GA1UdDgQWBBSNkKMH3RoTd5lMkqtNQ94/zSlkBTANBgkqhkiG9w0BAQUFAAOCAQEAapxOpigXTejGgHBWMAwDBMdZQHpPyoCmw32OIj1qqezO5nDnjG5gfJni/rp5IFMpV//xmCkjqyO92PyYbcHNSUpP1SjCkyn10e6ipmzpXK0MbgFvIPglAgA5dXxTNf0Q77eWu36fz5VKQEmJzqoXTccq4nuLL9rLZ88YUlczMaWscETIZCB4kecKVyqHf4+T0JucZqX7zzfpiVyTr2M+OGl9qiOmKwBGkzseJt+MgYWrskJADKDZMr4bQxkxnhzCSQoraX7DugxM0fH47MitCc74uZrWIJ6qQjCLBtKzxUGy7B3pYOjLlThr7S64cd12yuR+NjHAFZ2DTXwxKg/FQg==
11:41:20.319 [pool-2-thread-5] DEBUG eu.europa.esig.dss.spi.x509.aia.DefaultAIASource - 1 certificate(s) loaded from 'http://ca.luxtrust.lu/LTQCA.crt'
11:41:20.321 [pool-2-thread-11] INFO eu.europa.esig.dss.validation.CommonCertificateVerifier - + New CommonCertificateVerifier created.
11:41:20.322 [pool-2-thread-11] INFO eu.europa.esig.dss.validation.AIACertificateSource - Retrieving C-D54951FEBBC59D2C2EC01ACCD92CCD8C9D2C7444C2E551BA7EC0DE622C74148C certificate's issuer using AIA.
11:41:20.322 [pool-2-thread-11] DEBUG eu.europa.esig.dss.spi.x509.aia.DefaultAIASource - Loading certificate(s) from 'http://ca.luxtrust.lu/LTQCA.crt'.
11:41:20.322 [pool-2-thread-11] DEBUG eu.europa.esig.dss.spi.x509.aia.DefaultAIASource - Base64 content : MIID8DCCAtigAwIBAgICA+swDQYJKoZIhvcNAQEFBQAwQDELMAkGA1UEBhMCTFUxFjAUBgNVBAoTDUx1eFRydXN0IHMuYS4xGTAXBgNVBAMTEEx1eFRydXN0IHJvb3QgQ0EwHhcNMDgwNjA1MDkyNTI0WhcNMTYxMDE4MTA0MDM0WjBFMQswCQYDVQQGEwJMVTEWMBQGA1UEChMNTHV4VHJ1c3QgUy5BLjEeMBwGA1UEAxMVTHV4VHJ1c3QgUXVhbGlmaWVkIENBMIIBIjANBgkqhkiG9w0BAQEFAAOCAQ8AMIIBCgKCAQEAybFXzA+8RNnvlCd+sZ8BnH6WO3LmaLi419Ygd9VBYcIwLmMx9KgAKF3u4B87Hee5NL4Xvhm/B9DuDUH5OGZ3P2Dwf7putVEvATvW8jzYq6CzarUthzb9ux+KTdTT+d4y6tkgVggy9DBe+bz635oZm2PPQT9kzoR48RBN730KA/MJIa0Sa7ZDphL37WHSA4/TWh9F1/LBRVGC0F4Mg1hU/u+kovF5mTuUK+ncU7+FS0cQRhAD+C4WfLI/WuzuE+T6ZuZ6Iqg6+vqgf6iKwL6iVZmwKkJPvV3+3Wgy3zq5tpDvsIGj4kXd1riQGKsEeDfN8y71DG3OdBqF1Yd7ue7ziwIDAQABo4HuMIHrMA8GA1UdEwQIMAYBAf8CAQAwQgYDVR0gBDswOTA3BggrgSsBAQEBADArMCkGCCsGAQUFBwIBFh1odHRwOi8vcmVwb3NpdG9yeS5sdXh0cnVzdC5sdTARBglghkgBhvhCAQEEBAMCAAcwDgYDVR0PAQH/BAQDAgHGMB8GA1UdIwQYMBaAFN2K1zDx+ZFx6UdwDCXlrKGN34wlMDEGA1UdHwQqMCgwJqAkoCKGIGh0dHA6Ly9jcmwubHV4dHJ1c3QubHUvTFRSQ0EuY3JsMB0GA1UdDgQWBBSNkKMH3RoTd5lMkqtNQ94/zSlkBTANBgkqhkiG9w0BAQUFAAOCAQEAapxOpigXTejGgHBWMAwDBMdZQHpPyoCmw32OIj1qqezO5nDnjG5gfJni/rp5IFMpV//xmCkjqyO92PyYbcHNSUpP1SjCkyn10e6ipmzpXK0MbgFvIPglAgA5dXxTNf0Q77eWu36fz5VKQEmJzqoXTccq4nuLL9rLZ88YUlczMaWscETIZCB4kecKVyqHf4+T0JucZqX7zzfpiVyTr2M+OGl9qiOmKwBGkzseJt+MgYWrskJADKDZMr4bQxkxnhzCSQoraX7DugxM0fH47MitCc74uZrWIJ6qQjCLBtKzxUGy7B3pYOjLlThr7S64cd12yuR+NjHAFZ2DTXwxKg/FQg==
11:41:20.322 [pool-2-thread-11] DEBUG eu.europa.esig.dss.spi.x509.aia.DefaultAIASource - 1 certificate(s) loaded from 'http://ca.luxtrust.lu/LTQCA.crt'
11:41:20.323 [pool-2-thread-5] INFO eu.europa.esig.dss.validation.AIACertificateSource - Retrieving C-FE5D1FDE82820AC69F0265808C4E694ACF0AFA056B56A4EA84984D52A85BF7D7 certificate's issuer using AIA.
11:41:20.323 [pool-2-thread-5] INFO eu.europa.esig.dss.spi.x509.aia.DefaultAIASource - There is no AIA extension for certificate download.
11:41:20.323 [pool-2-thread-5] WARN eu.europa.esig.dss.validation.SignatureValidationContext - No revocation found for the certificate C-D54951FEBBC59D2C2EC01ACCD92CCD8C9D2C7444C2E551BA7EC0DE622C74148C
11:41:20.324 [pool-2-thread-11] INFO eu.europa.esig.dss.validation.AIACertificateSource - Retrieving C-FE5D1FDE82820AC69F0265808C4E694ACF0AFA056B56A4EA84984D52A85BF7D7 certificate's issuer using AIA.
11:41:20.324 [pool-2-thread-11] INFO eu.europa.esig.dss.spi.x509.aia.DefaultAIASource - There is no AIA extension for certificate download.
11:41:20.324 [pool-2-thread-11] WARN eu.europa.esig.dss.validation.SignatureValidationContext - No revocation found for the certificate C-D54951FEBBC59D2C2EC01ACCD92CCD8C9D2C7444C2E551BA7EC0DE622C74148C
11:41:20.324 [pool-2-thread-5] WARN eu.europa.esig.dss.validation.SignatureValidationContext - Issuer not found for certificate C-FE5D1FDE82820AC69F0265808C4E694ACF0AFA056B56A4EA84984D52A85BF7D7
11:41:20.324 [pool-2-thread-5] WARN eu.europa.esig.dss.validation.DiagnosticDataBuilder - Provided CertificateSource configuration contains none of trusted sources of type TRUSTED_STORE or TRUSTED_LIST!
11:41:20.324 [pool-2-thread-11] WARN eu.europa.esig.dss.validation.SignatureValidationContext - Issuer not found for certificate C-FE5D1FDE82820AC69F0265808C4E694ACF0AFA056B56A4EA84984D52A85BF7D7
11:41:20.324 [pool-2-thread-11] WARN eu.europa.esig.dss.validation.DiagnosticDataBuilder - Provided CertificateSource configuration contains none of trusted sources of type TRUSTED_STORE or TRUSTED_LIST!
11:41:20.325 [pool-2-thread-5] DEBUG eu.europa.esig.dss.spi.CertificateExtensionsUtils - Unknown non-critical CertificateExtension with OID : '2.16.840.1.113730.1.1'
11:41:20.325 [pool-2-thread-11] DEBUG eu.europa.esig.dss.spi.CertificateExtensionsUtils - Unknown non-critical CertificateExtension with OID : '2.16.840.1.113730.1.1'
11:41:20.326 [pool-2-thread-5] DEBUG eu.europa.esig.dss.spi.CertificateExtensionsUtils - Unknown non-critical CertificateExtension with OID : '2.16.840.1.113730.1.1'
11:41:20.326 [pool-2-thread-11] DEBUG eu.europa.esig.dss.spi.CertificateExtensionsUtils - Unknown non-critical CertificateExtension with OID : '2.16.840.1.113730.1.1'
11:41:20.327 [pool-2-thread-5] WARN eu.europa.esig.dss.detailedreport.DetailedReportMessageCollector - The validation at time 'CERTIFICATE_ISSUANCE_TIME' is not found or not performed!
11:41:20.327 [pool-2-thread-11] WARN eu.europa.esig.dss.detailedreport.DetailedReportMessageCollector - The validation at time 'CERTIFICATE_ISSUANCE_TIME' is not found or not performed!
11:41:20.327 [pool-2-thread-5] WARN eu.europa.esig.dss.detailedreport.DetailedReportMessageCollector - The validation at time 'CERTIFICATE_ISSUANCE_TIME' is not found or not performed!
11:41:20.327 [pool-2-thread-11] WARN eu.europa.esig.dss.detailedreport.DetailedReportMessageCollector - The validation at time 'CERTIFICATE_ISSUANCE_TIME' is not found or not performed!
11:41:20.327 [pool-2-thread-5] WARN eu.europa.esig.dss.detailedreport.DetailedReportMessageCollector - The validation at time 'CERTIFICATE_ISSUANCE_TIME' is not found or not performed!
11:41:20.327 [pool-2-thread-11] WARN eu.europa.esig.dss.detailedreport.DetailedReportMessageCollector - The validation at time 'CERTIFICATE_ISSUANCE_TIME' is not found or not performed!
11:41:20.327 [pool-2-thread-5] WARN eu.europa.esig.dss.detailedreport.DetailedReportMessageCollector - The validation at time 'VALIDATION_TIME' is not found or not performed!
11:41:20.327 [pool-2-thread-11] WARN eu.europa.esig.dss.detailedreport.DetailedReportMessageCollector - The validation at time 'VALIDATION_TIME' is not found or not performed!
11:41:20.327 [pool-2-thread-5] WARN eu.europa.esig.dss.detailedreport.DetailedReportMessageCollector - The validation at time 'VALIDATION_TIME' is not found or not performed!
11:41:20.327 [pool-2-thread-11] WARN eu.europa.esig.dss.detailedreport.DetailedReportMessageCollector - The validation at time 'VALIDATION_TIME' is not found or not performed!
11:41:20.327 [pool-2-thread-5] WARN eu.europa.esig.dss.detailedreport.DetailedReportMessageCollector - The validation at time 'VALIDATION_TIME' is not found or not performed!
11:41:20.327 [pool-2-thread-11] WARN eu.europa.esig.dss.detailedreport.DetailedReportMessageCollector - The validation at time 'VALIDATION_TIME' is not found or not performed!
11:41:20.331 [pool-2-thread-6] INFO eu.europa.esig.dss.validation.CommonCertificateVerifier - + New CommonCertificateVerifier created.
11:41:20.345 [pool-2-thread-17] INFO eu.europa.esig.dss.validation.CommonCertificateVerifier - + New CommonCertificateVerifier created.
11:41:20.348 [pool-2-thread-17] INFO eu.europa.esig.dss.validation.AIACertificateSource - Retrieving C-D54951FEBBC59D2C2EC01ACCD92CCD8C9D2C7444C2E551BA7EC0DE622C74148C certificate's issuer using AIA.
11:41:20.348 [pool-2-thread-17] DEBUG eu.europa.esig.dss.spi.x509.aia.DefaultAIASource - Loading certificate(s) from 'http://ca.luxtrust.lu/LTQCA.crt'.
11:41:20.349 [pool-2-thread-17] DEBUG eu.europa.esig.dss.spi.x509.aia.DefaultAIASource - Base64 content : MIID8DCCAtigAwIBAgICA+swDQYJKoZIhvcNAQEFBQAwQDELMAkGA1UEBhMCTFUxFjAUBgNVBAoTDUx1eFRydXN0IHMuYS4xGTAXBgNVBAMTEEx1eFRydXN0IHJvb3QgQ0EwHhcNMDgwNjA1MDkyNTI0WhcNMTYxMDE4MTA0MDM0WjBFMQswCQYDVQQGEwJMVTEWMBQGA1UEChMNTHV4VHJ1c3QgUy5BLjEeMBwGA1UEAxMVTHV4VHJ1c3QgUXVhbGlmaWVkIENBMIIBIjANBgkqhkiG9w0BAQEFAAOCAQ8AMIIBCgKCAQEAybFXzA+8RNnvlCd+sZ8BnH6WO3LmaLi419Ygd9VBYcIwLmMx9KgAKF3u4B87Hee5NL4Xvhm/B9DuDUH5OGZ3P2Dwf7putVEvATvW8jzYq6CzarUthzb9ux+KTdTT+d4y6tkgVggy9DBe+bz635oZm2PPQT9kzoR48RBN730KA/MJIa0Sa7ZDphL37WHSA4/TWh9F1/LBRVGC0F4Mg1hU/u+kovF5mTuUK+ncU7+FS0cQRhAD+C4WfLI/WuzuE+T6ZuZ6Iqg6+vqgf6iKwL6iVZmwKkJPvV3+3Wgy3zq5tpDvsIGj4kXd1riQGKsEeDfN8y71DG3OdBqF1Yd7ue7ziwIDAQABo4HuMIHrMA8GA1UdEwQIMAYBAf8CAQAwQgYDVR0gBDswOTA3BggrgSsBAQEBADArMCkGCCsGAQUFBwIBFh1odHRwOi8vcmVwb3NpdG9yeS5sdXh0cnVzdC5sdTARBglghkgBhvhCAQEEBAMCAAcwDgYDVR0PAQH/BAQDAgHGMB8GA1UdIwQYMBaAFN2K1zDx+ZFx6UdwDCXlrKGN34wlMDEGA1UdHwQqMCgwJqAkoCKGIGh0dHA6Ly9jcmwubHV4dHJ1c3QubHUvTFRSQ0EuY3JsMB0GA1UdDgQWBBSNkKMH3RoTd5lMkqtNQ94/zSlkBTANBgkqhkiG9w0BAQUFAAOCAQEAapxOpigXTejGgHBWMAwDBMdZQHpPyoCmw32OIj1qqezO5nDnjG5gfJni/rp5IFMpV//xmCkjqyO92PyYbcHNSUpP1SjCkyn10e6ipmzpXK0MbgFvIPglAgA5dXxTNf0Q77eWu36fz5VKQEmJzqoXTccq4nuLL9rLZ88YUlczMaWscETIZCB4kecKVyqHf4+T0JucZqX7zzfpiVyTr2M+OGl9qiOmKwBGkzseJt+MgYWrskJADKDZMr4bQxkxnhzCSQoraX7DugxM0fH47MitCc74uZrWIJ6qQjCLBtKzxUGy7B3pYOjLlThr7S64cd12yuR+NjHAFZ2DTXwxKg/FQg==
11:41:20.349 [pool-2-thread-17] DEBUG eu.europa.esig.dss.spi.x509.aia.DefaultAIASource - 1 certificate(s) loaded from 'http://ca.luxtrust.lu/LTQCA.crt'
11:41:20.349 [pool-2-thread-7] INFO eu.europa.esig.dss.validation.CommonCertificateVerifier - + New CommonCertificateVerifier created.
11:41:20.350 [pool-2-thread-18] INFO eu.europa.esig.dss.validation.CommonCertificateVerifier - + New CommonCertificateVerifier created.
11:41:20.350 [pool-2-thread-17] INFO eu.europa.esig.dss.validation.AIACertificateSource - Retrieving C-FE5D1FDE82820AC69F0265808C4E694ACF0AFA056B56A4EA84984D52A85BF7D7 certificate's issuer using AIA.
11:41:20.350 [pool-2-thread-17] INFO eu.europa.esig.dss.spi.x509.aia.DefaultAIASource - There is no AIA extension for certificate download.
11:41:20.350 [pool-2-thread-17] WARN eu.europa.esig.dss.validation.SignatureValidationContext - No revocation found for the certificate C-D54951FEBBC59D2C2EC01ACCD92CCD8C9D2C7444C2E551BA7EC0DE622C74148C
11:41:20.351 [pool-2-thread-17] WARN eu.europa.esig.dss.validation.SignatureValidationContext - Issuer not found for certificate C-FE5D1FDE82820AC69F0265808C4E694ACF0AFA056B56A4EA84984D52A85BF7D7
11:41:20.351 [pool-2-thread-17] WARN eu.europa.esig.dss.validation.DiagnosticDataBuilder - Provided CertificateSource configuration contains none of trusted sources of type TRUSTED_STORE or TRUSTED_LIST!
11:41:20.352 [pool-2-thread-17] DEBUG eu.europa.esig.dss.spi.CertificateExtensionsUtils - Unknown non-critical CertificateExtension with OID : '2.16.840.1.113730.1.1'
11:41:20.353 [pool-2-thread-17] DEBUG eu.europa.esig.dss.spi.CertificateExtensionsUtils - Unknown non-critical CertificateExtension with OID : '2.16.840.1.113730.1.1'
11:41:20.353 [pool-2-thread-16] INFO eu.europa.esig.dss.validation.CommonCertificateVerifier - + New CommonCertificateVerifier created.
11:41:20.354 [pool-2-thread-17] WARN eu.europa.esig.dss.detailedreport.DetailedReportMessageCollector - The validation at time 'CERTIFICATE_ISSUANCE_TIME' is not found or not performed!
11:41:20.354 [pool-2-thread-17] WARN eu.europa.esig.dss.detailedreport.DetailedReportMessageCollector - The validation at time 'CERTIFICATE_ISSUANCE_TIME' is not found or not performed!
11:41:20.354 [pool-2-thread-5] INFO eu.europa.esig.dss.validation.CommonCertificateVerifier - + New CommonCertificateVerifier created.
11:41:20.354 [pool-2-thread-17] WARN eu.europa.esig.dss.detailedreport.DetailedReportMessageCollector - The validation at time 'CERTIFICATE_ISSUANCE_TIME' is not found or not performed!
11:41:20.354 [pool-2-thread-17] WARN eu.europa.esig.dss.detailedreport.DetailedReportMessageCollector - The validation at time 'VALIDATION_TIME' is not found or not performed!
11:41:20.354 [pool-2-thread-17] WARN eu.europa.esig.dss.detailedreport.DetailedReportMessageCollector - The validation at time 'VALIDATION_TIME' is not found or not performed!
11:41:20.354 [pool-2-thread-17] WARN eu.europa.esig.dss.detailedreport.DetailedReportMessageCollector - The validation at time 'VALIDATION_TIME' is not found or not performed!
11:41:20.354 [pool-2-thread-9] INFO eu.europa.esig.dss.validation.CommonCertificateVerifier - + New CommonCertificateVerifier created.
11:41:20.354 [pool-2-thread-9] INFO eu.europa.esig.dss.validation.AIACertificateSource - Retrieving C-D54951FEBBC59D2C2EC01ACCD92CCD8C9D2C7444C2E551BA7EC0DE622C74148C certificate's issuer using AIA.
11:41:20.354 [pool-2-thread-9] DEBUG eu.europa.esig.dss.spi.x509.aia.DefaultAIASource - Loading certificate(s) from 'http://ca.luxtrust.lu/LTQCA.crt'.
11:41:20.355 [pool-2-thread-9] DEBUG eu.europa.esig.dss.spi.x509.aia.DefaultAIASource - Base64 content : MIID8DCCAtigAwIBAgICA+swDQYJKoZIhvcNAQEFBQAwQDELMAkGA1UEBhMCTFUxFjAUBgNVBAoTDUx1eFRydXN0IHMuYS4xGTAXBgNVBAMTEEx1eFRydXN0IHJvb3QgQ0EwHhcNMDgwNjA1MDkyNTI0WhcNMTYxMDE4MTA0MDM0WjBFMQswCQYDVQQGEwJMVTEWMBQGA1UEChMNTHV4VHJ1c3QgUy5BLjEeMBwGA1UEAxMVTHV4VHJ1c3QgUXVhbGlmaWVkIENBMIIBIjANBgkqhkiG9w0BAQEFAAOCAQ8AMIIBCgKCAQEAybFXzA+8RNnvlCd+sZ8BnH6WO3LmaLi419Ygd9VBYcIwLmMx9KgAKF3u4B87Hee5NL4Xvhm/B9DuDUH5OGZ3P2Dwf7putVEvATvW8jzYq6CzarUthzb9ux+KTdTT+d4y6tkgVggy9DBe+bz635oZm2PPQT9kzoR48RBN730KA/MJIa0Sa7ZDphL37WHSA4/TWh9F1/LBRVGC0F4Mg1hU/u+kovF5mTuUK+ncU7+FS0cQRhAD+C4WfLI/WuzuE+T6ZuZ6Iqg6+vqgf6iKwL6iVZmwKkJPvV3+3Wgy3zq5tpDvsIGj4kXd1riQGKsEeDfN8y71DG3OdBqF1Yd7ue7ziwIDAQABo4HuMIHrMA8GA1UdEwQIMAYBAf8CAQAwQgYDVR0gBDswOTA3BggrgSsBAQEBADArMCkGCCsGAQUFBwIBFh1odHRwOi8vcmVwb3NpdG9yeS5sdXh0cnVzdC5sdTARBglghkgBhvhCAQEEBAMCAAcwDgYDVR0PAQH/BAQDAgHGMB8GA1UdIwQYMBaAFN2K1zDx+ZFx6UdwDCXlrKGN34wlMDEGA1UdHwQqMCgwJqAkoCKGIGh0dHA6Ly9jcmwubHV4dHJ1c3QubHUvTFRSQ0EuY3JsMB0GA1UdDgQWBBSNkKMH3RoTd5lMkqtNQ94/zSlkBTANBgkqhkiG9w0BAQUFAAOCAQEAapxOpigXTejGgHBWMAwDBMdZQHpPyoCmw32OIj1qqezO5nDnjG5gfJni/rp5IFMpV//xmCkjqyO92PyYbcHNSUpP1SjCkyn10e6ipmzpXK0MbgFvIPglAgA5dXxTNf0Q77eWu36fz5VKQEmJzqoXTccq4nuLL9rLZ88YUlczMaWscETIZCB4kecKVyqHf4+T0JucZqX7zzfpiVyTr2M+OGl9qiOmKwBGkzseJt+MgYWrskJADKDZMr4bQxkxnhzCSQoraX7DugxM0fH47MitCc74uZrWIJ6qQjCLBtKzxUGy7B3pYOjLlThr7S64cd12yuR+NjHAFZ2DTXwxKg/FQg==
11:41:20.355 [pool-2-thread-9] DEBUG eu.europa.esig.dss.spi.x509.aia.DefaultAIASource - 1 certificate(s) loaded from 'http://ca.luxtrust.lu/LTQCA.crt'
11:41:20.357 [pool-2-thread-9] INFO eu.europa.esig.dss.validation.AIACertificateSource - Retrieving C-FE5D1FDE82820AC69F0265808C4E694ACF0AFA056B56A4EA84984D52A85BF7D7 certificate's issuer using AIA.
11:41:20.357 [pool-2-thread-9] INFO eu.europa.esig.dss.spi.x509.aia.DefaultAIASource - There is no AIA extension for certificate download.
11:41:20.357 [pool-2-thread-9] WARN eu.europa.esig.dss.validation.SignatureValidationContext - No revocation found for the certificate C-D54951FEBBC59D2C2EC01ACCD92CCD8C9D2C7444C2E551BA7EC0DE622C74148C
11:41:20.358 [pool-2-thread-9] WARN eu.europa.esig.dss.validation.SignatureValidationContext - Issuer not found for certificate C-FE5D1FDE82820AC69F0265808C4E694ACF0AFA056B56A4EA84984D52A85BF7D7
11:41:20.358 [pool-2-thread-9] WARN eu.europa.esig.dss.validation.DiagnosticDataBuilder - Provided CertificateSource configuration contains none of trusted sources of type TRUSTED_STORE or TRUSTED_LIST!
11:41:20.358 [pool-2-thread-9] DEBUG eu.europa.esig.dss.spi.CertificateExtensionsUtils - Unknown non-critical CertificateExtension with OID : '2.16.840.1.113730.1.1'
11:41:20.359 [pool-2-thread-9] DEBUG eu.europa.esig.dss.spi.CertificateExtensionsUtils - Unknown non-critical CertificateExtension with OID : '2.16.840.1.113730.1.1'
11:41:20.361 [pool-2-thread-9] WARN eu.europa.esig.dss.detailedreport.DetailedReportMessageCollector - The validation at time 'CERTIFICATE_ISSUANCE_TIME' is not found or not performed!
11:41:20.362 [pool-2-thread-9] WARN eu.europa.esig.dss.detailedreport.DetailedReportMessageCollector - The validation at time 'CERTIFICATE_ISSUANCE_TIME' is not found or not performed!
11:41:20.362 [pool-2-thread-9] WARN eu.europa.esig.dss.detailedreport.DetailedReportMessageCollector - The validation at time 'CERTIFICATE_ISSUANCE_TIME' is not found or not performed!
11:41:20.362 [pool-2-thread-9] WARN eu.europa.esig.dss.detailedreport.DetailedReportMessageCollector - The validation at time 'VALIDATION_TIME' is not found or not performed!
11:41:20.362 [pool-2-thread-19] INFO eu.europa.esig.dss.validation.CommonCertificateVerifier - + New CommonCertificateVerifier created.
11:41:20.362 [pool-2-thread-9] WARN eu.europa.esig.dss.detailedreport.DetailedReportMessageCollector - The validation at time 'VALIDATION_TIME' is not found or not performed!
11:41:20.362 [pool-2-thread-9] WARN eu.europa.esig.dss.detailedreport.DetailedReportMessageCollector - The validation at time 'VALIDATION_TIME' is not found or not performed!
11:41:20.362 [pool-2-thread-2] INFO eu.europa.esig.dss.validation.CommonCertificateVerifier - + New CommonCertificateVerifier created.
11:41:20.366 [pool-2-thread-12] INFO eu.europa.esig.dss.validation.CommonCertificateVerifier - + New CommonCertificateVerifier created.
11:41:20.370 [pool-2-thread-14] INFO eu.europa.esig.dss.validation.CommonCertificateVerifier - + New CommonCertificateVerifier created.
11:41:20.370 [pool-2-thread-14] INFO eu.europa.esig.dss.validation.AIACertificateSource - Retrieving C-D54951FEBBC59D2C2EC01ACCD92CCD8C9D2C7444C2E551BA7EC0DE622C74148C certificate's issuer using AIA.
11:41:20.370 [pool-2-thread-14] DEBUG eu.europa.esig.dss.spi.x509.aia.DefaultAIASource - Loading certificate(s) from 'http://ca.luxtrust.lu/LTQCA.crt'.
11:41:20.371 [pool-2-thread-14] DEBUG eu.europa.esig.dss.spi.x509.aia.DefaultAIASource - Base64 content : MIID8DCCAtigAwIBAgICA+swDQYJKoZIhvcNAQEFBQAwQDELMAkGA1UEBhMCTFUxFjAUBgNVBAoTDUx1eFRydXN0IHMuYS4xGTAXBgNVBAMTEEx1eFRydXN0IHJvb3QgQ0EwHhcNMDgwNjA1MDkyNTI0WhcNMTYxMDE4MTA0MDM0WjBFMQswCQYDVQQGEwJMVTEWMBQGA1UEChMNTHV4VHJ1c3QgUy5BLjEeMBwGA1UEAxMVTHV4VHJ1c3QgUXVhbGlmaWVkIENBMIIBIjANBgkqhkiG9w0BAQEFAAOCAQ8AMIIBCgKCAQEAybFXzA+8RNnvlCd+sZ8BnH6WO3LmaLi419Ygd9VBYcIwLmMx9KgAKF3u4B87Hee5NL4Xvhm/B9DuDUH5OGZ3P2Dwf7putVEvATvW8jzYq6CzarUthzb9ux+KTdTT+d4y6tkgVggy9DBe+bz635oZm2PPQT9kzoR48RBN730KA/MJIa0Sa7ZDphL37WHSA4/TWh9F1/LBRVGC0F4Mg1hU/u+kovF5mTuUK+ncU7+FS0cQRhAD+C4WfLI/WuzuE+T6ZuZ6Iqg6+vqgf6iKwL6iVZmwKkJPvV3+3Wgy3zq5tpDvsIGj4kXd1riQGKsEeDfN8y71DG3OdBqF1Yd7ue7ziwIDAQABo4HuMIHrMA8GA1UdEwQIMAYBAf8CAQAwQgYDVR0gBDswOTA3BggrgSsBAQEBADArMCkGCCsGAQUFBwIBFh1odHRwOi8vcmVwb3NpdG9yeS5sdXh0cnVzdC5sdTARBglghkgBhvhCAQEEBAMCAAcwDgYDVR0PAQH/BAQDAgHGMB8GA1UdIwQYMBaAFN2K1zDx+ZFx6UdwDCXlrKGN34wlMDEGA1UdHwQqMCgwJqAkoCKGIGh0dHA6Ly9jcmwubHV4dHJ1c3QubHUvTFRSQ0EuY3JsMB0GA1UdDgQWBBSNkKMH3RoTd5lMkqtNQ94/zSlkBTANBgkqhkiG9w0BAQUFAAOCAQEAapxOpigXTejGgHBWMAwDBMdZQHpPyoCmw32OIj1qqezO5nDnjG5gfJni/rp5IFMpV//xmCkjqyO92PyYbcHNSUpP1SjCkyn10e6ipmzpXK0MbgFvIPglAgA5dXxTNf0Q77eWu36fz5VKQEmJzqoXTccq4nuLL9rLZ88YUlczMaWscETIZCB4kecKVyqHf4+T0JucZqX7zzfpiVyTr2M+OGl9qiOmKwBGkzseJt+MgYWrskJADKDZMr4bQxkxnhzCSQoraX7DugxM0fH47MitCc74uZrWIJ6qQjCLBtKzxUGy7B3pYOjLlThr7S64cd12yuR+NjHAFZ2DTXwxKg/FQg==
11:41:20.371 [pool-2-thread-14] DEBUG eu.europa.esig.dss.spi.x509.aia.DefaultAIASource - 1 certificate(s) loaded from 'http://ca.luxtrust.lu/LTQCA.crt'
11:41:20.372 [pool-2-thread-14] INFO eu.europa.esig.dss.validation.AIACertificateSource - Retrieving C-FE5D1FDE82820AC69F0265808C4E694ACF0AFA056B56A4EA84984D52A85BF7D7 certificate's issuer using AIA.
11:41:20.372 [pool-2-thread-14] INFO eu.europa.esig.dss.spi.x509.aia.DefaultAIASource - There is no AIA extension for certificate download.
11:41:20.372 [pool-2-thread-14] WARN eu.europa.esig.dss.validation.SignatureValidationContext - No revocation found for the certificate C-D54951FEBBC59D2C2EC01ACCD92CCD8C9D2C7444C2E551BA7EC0DE622C74148C
11:41:20.373 [pool-2-thread-13] INFO eu.europa.esig.dss.validation.CommonCertificateVerifier - + New CommonCertificateVerifier created.
11:41:20.373 [pool-2-thread-14] WARN eu.europa.esig.dss.validation.SignatureValidationContext - Issuer not found for certificate C-FE5D1FDE82820AC69F0265808C4E694ACF0AFA056B56A4EA84984D52A85BF7D7
11:41:20.373 [pool-2-thread-14] WARN eu.europa.esig.dss.validation.DiagnosticDataBuilder - Provided CertificateSource configuration contains none of trusted sources of type TRUSTED_STORE or TRUSTED_LIST!
11:41:20.374 [pool-2-thread-13] INFO eu.europa.esig.dss.validation.AIACertificateSource - Retrieving C-D54951FEBBC59D2C2EC01ACCD92CCD8C9D2C7444C2E551BA7EC0DE622C74148C certificate's issuer using AIA.
11:41:20.374 [pool-2-thread-13] DEBUG eu.europa.esig.dss.spi.x509.aia.DefaultAIASource - Loading certificate(s) from 'http://ca.luxtrust.lu/LTQCA.crt'.
11:41:20.374 [pool-2-thread-13] DEBUG eu.europa.esig.dss.spi.x509.aia.DefaultAIASource - Base64 content : MIID8DCCAtigAwIBAgICA+swDQYJKoZIhvcNAQEFBQAwQDELMAkGA1UEBhMCTFUxFjAUBgNVBAoTDUx1eFRydXN0IHMuYS4xGTAXBgNVBAMTEEx1eFRydXN0IHJvb3QgQ0EwHhcNMDgwNjA1MDkyNTI0WhcNMTYxMDE4MTA0MDM0WjBFMQswCQYDVQQGEwJMVTEWMBQGA1UEChMNTHV4VHJ1c3QgUy5BLjEeMBwGA1UEAxMVTHV4VHJ1c3QgUXVhbGlmaWVkIENBMIIBIjANBgkqhkiG9w0BAQEFAAOCAQ8AMIIBCgKCAQEAybFXzA+8RNnvlCd+sZ8BnH6WO3LmaLi419Ygd9VBYcIwLmMx9KgAKF3u4B87Hee5NL4Xvhm/B9DuDUH5OGZ3P2Dwf7putVEvATvW8jzYq6CzarUthzb9ux+KTdTT+d4y6tkgVggy9DBe+bz635oZm2PPQT9kzoR48RBN730KA/MJIa0Sa7ZDphL37WHSA4/TWh9F1/LBRVGC0F4Mg1hU/u+kovF5mTuUK+ncU7+FS0cQRhAD+C4WfLI/WuzuE+T6ZuZ6Iqg6+vqgf6iKwL6iVZmwKkJPvV3+3Wgy3zq5tpDvsIGj4kXd1riQGKsEeDfN8y71DG3OdBqF1Yd7ue7ziwIDAQABo4HuMIHrMA8GA1UdEwQIMAYBAf8CAQAwQgYDVR0gBDswOTA3BggrgSsBAQEBADArMCkGCCsGAQUFBwIBFh1odHRwOi8vcmVwb3NpdG9yeS5sdXh0cnVzdC5sdTARBglghkgBhvhCAQEEBAMCAAcwDgYDVR0PAQH/BAQDAgHGMB8GA1UdIwQYMBaAFN2K1zDx+ZFx6UdwDCXlrKGN34wlMDEGA1UdHwQqMCgwJqAkoCKGIGh0dHA6Ly9jcmwubHV4dHJ1c3QubHUvTFRSQ0EuY3JsMB0GA1UdDgQWBBSNkKMH3RoTd5lMkqtNQ94/zSlkBTANBgkqhkiG9w0BAQUFAAOCAQEAapxOpigXTejGgHBWMAwDBMdZQHpPyoCmw32OIj1qqezO5nDnjG5gfJni/rp5IFMpV//xmCkjqyO92PyYbcHNSUpP1SjCkyn10e6ipmzpXK0MbgFvIPglAgA5dXxTNf0Q77eWu36fz5VKQEmJzqoXTccq4nuLL9rLZ88YUlczMaWscETIZCB4kecKVyqHf4+T0JucZqX7zzfpiVyTr2M+OGl9qiOmKwBGkzseJt+MgYWrskJADKDZMr4bQxkxnhzCSQoraX7DugxM0fH47MitCc74uZrWIJ6qQjCLBtKzxUGy7B3pYOjLlThr7S64cd12yuR+NjHAFZ2DTXwxKg/FQg==
11:41:20.374 [pool-2-thread-13] DEBUG eu.europa.esig.dss.spi.x509.aia.DefaultAIASource - 1 certificate(s) loaded from 'http://ca.luxtrust.lu/LTQCA.crt'
11:41:20.374 [pool-2-thread-14] DEBUG eu.europa.esig.dss.spi.CertificateExtensionsUtils - Unknown non-critical CertificateExtension with OID : '2.16.840.1.113730.1.1'
11:41:20.375 [pool-2-thread-1] INFO eu.europa.esig.dss.validation.CommonCertificateVerifier - + New CommonCertificateVerifier created.
11:41:20.375 [pool-2-thread-14] DEBUG eu.europa.esig.dss.spi.CertificateExtensionsUtils - Unknown non-critical CertificateExtension with OID : '2.16.840.1.113730.1.1'
11:41:20.375 [pool-2-thread-13] INFO eu.europa.esig.dss.validation.AIACertificateSource - Retrieving C-FE5D1FDE82820AC69F0265808C4E694ACF0AFA056B56A4EA84984D52A85BF7D7 certificate's issuer using AIA.
11:41:20.375 [pool-2-thread-13] INFO eu.europa.esig.dss.spi.x509.aia.DefaultAIASource - There is no AIA extension for certificate download.
11:41:20.375 [pool-2-thread-13] WARN eu.europa.esig.dss.validation.SignatureValidationContext - No revocation found for the certificate C-D54951FEBBC59D2C2EC01ACCD92CCD8C9D2C7444C2E551BA7EC0DE622C74148C
11:41:20.376 [pool-2-thread-13] WARN eu.europa.esig.dss.validation.SignatureValidationContext - Issuer not found for certificate C-FE5D1FDE82820AC69F0265808C4E694ACF0AFA056B56A4EA84984D52A85BF7D7
11:41:20.376 [pool-2-thread-13] WARN eu.europa.esig.dss.validation.DiagnosticDataBuilder - Provided CertificateSource configuration contains none of trusted sources of type TRUSTED_STORE or TRUSTED_LIST!
11:41:20.376 [pool-2-thread-13] DEBUG eu.europa.esig.dss.spi.CertificateExtensionsUtils - Unknown non-critical CertificateExtension with OID : '2.16.840.1.113730.1.1'
11:41:20.376 [pool-2-thread-10] INFO eu.europa.esig.dss.validation.CommonCertificateVerifier - + New CommonCertificateVerifier created.
11:41:20.377 [pool-2-thread-3] INFO eu.europa.esig.dss.validation.CommonCertificateVerifier - + New CommonCertificateVerifier created.
11:41:20.378 [pool-2-thread-3] INFO eu.europa.esig.dss.validation.AIACertificateSource - Retrieving C-D54951FEBBC59D2C2EC01ACCD92CCD8C9D2C7444C2E551BA7EC0DE622C74148C certificate's issuer using AIA.
11:41:20.378 [pool-2-thread-13] DEBUG eu.europa.esig.dss.spi.CertificateExtensionsUtils - Unknown non-critical CertificateExtension with OID : '2.16.840.1.113730.1.1'
11:41:20.378 [pool-2-thread-3] DEBUG eu.europa.esig.dss.spi.x509.aia.DefaultAIASource - Loading certificate(s) from 'http://ca.luxtrust.lu/LTQCA.crt'.
11:41:20.378 [pool-2-thread-3] DEBUG eu.europa.esig.dss.spi.x509.aia.DefaultAIASource - Base64 content : MIID8DCCAtigAwIBAgICA+swDQYJKoZIhvcNAQEFBQAwQDELMAkGA1UEBhMCTFUxFjAUBgNVBAoTDUx1eFRydXN0IHMuYS4xGTAXBgNVBAMTEEx1eFRydXN0IHJvb3QgQ0EwHhcNMDgwNjA1MDkyNTI0WhcNMTYxMDE4MTA0MDM0WjBFMQswCQYDVQQGEwJMVTEWMBQGA1UEChMNTHV4VHJ1c3QgUy5BLjEeMBwGA1UEAxMVTHV4VHJ1c3QgUXVhbGlmaWVkIENBMIIBIjANBgkqhkiG9w0BAQEFAAOCAQ8AMIIBCgKCAQEAybFXzA+8RNnvlCd+sZ8BnH6WO3LmaLi419Ygd9VBYcIwLmMx9KgAKF3u4B87Hee5NL4Xvhm/B9DuDUH5OGZ3P2Dwf7putVEvATvW8jzYq6CzarUthzb9ux+KTdTT+d4y6tkgVggy9DBe+bz635oZm2PPQT9kzoR48RBN730KA/MJIa0Sa7ZDphL37WHSA4/TWh9F1/LBRVGC0F4Mg1hU/u+kovF5mTuUK+ncU7+FS0cQRhAD+C4WfLI/WuzuE+T6ZuZ6Iqg6+vqgf6iKwL6iVZmwKkJPvV3+3Wgy3zq5tpDvsIGj4kXd1riQGKsEeDfN8y71DG3OdBqF1Yd7ue7ziwIDAQABo4HuMIHrMA8GA1UdEwQIMAYBAf8CAQAwQgYDVR0gBDswOTA3BggrgSsBAQEBADArMCkGCCsGAQUFBwIBFh1odHRwOi8vcmVwb3NpdG9yeS5sdXh0cnVzdC5sdTARBglghkgBhvhCAQEEBAMCAAcwDgYDVR0PAQH/BAQDAgHGMB8GA1UdIwQYMBaAFN2K1zDx+ZFx6UdwDCXlrKGN34wlMDEGA1UdHwQqMCgwJqAkoCKGIGh0dHA6Ly9jcmwubHV4dHJ1c3QubHUvTFRSQ0EuY3JsMB0GA1UdDgQWBBSNkKMH3RoTd5lMkqtNQ94/zSlkBTANBgkqhkiG9w0BAQUFAAOCAQEAapxOpigXTejGgHBWMAwDBMdZQHpPyoCmw32OIj1qqezO5nDnjG5gfJni/rp5IFMpV//xmCkjqyO92PyYbcHNSUpP1SjCkyn10e6ipmzpXK0MbgFvIPglAgA5dXxTNf0Q77eWu36fz5VKQEmJzqoXTccq4nuLL9rLZ88YUlczMaWscETIZCB4kecKVyqHf4+T0JucZqX7zzfpiVyTr2M+OGl9qiOmKwBGkzseJt+MgYWrskJADKDZMr4bQxkxnhzCSQoraX7DugxM0fH47MitCc74uZrWIJ6qQjCLBtKzxUGy7B3pYOjLlThr7S64cd12yuR+NjHAFZ2DTXwxKg/FQg==
11:41:20.380 [pool-2-thread-3] DEBUG eu.europa.esig.dss.spi.x509.aia.DefaultAIASource - 1 certificate(s) loaded from 'http://ca.luxtrust.lu/LTQCA.crt'
11:41:20.384 [pool-2-thread-3] INFO eu.europa.esig.dss.validation.AIACertificateSource - Retrieving C-FE5D1FDE82820AC69F0265808C4E694ACF0AFA056B56A4EA84984D52A85BF7D7 certificate's issuer using AIA.
11:41:20.384 [pool-2-thread-3] INFO eu.europa.esig.dss.spi.x509.aia.DefaultAIASource - There is no AIA extension for certificate download.
11:41:20.385 [pool-2-thread-3] WARN eu.europa.esig.dss.validation.SignatureValidationContext - No revocation found for the certificate C-D54951FEBBC59D2C2EC01ACCD92CCD8C9D2C7444C2E551BA7EC0DE622C74148C
11:41:20.377 [pool-2-thread-11] INFO eu.europa.esig.dss.validation.CommonCertificateVerifier - + New CommonCertificateVerifier created.
11:41:20.387 [pool-2-thread-3] WARN eu.europa.esig.dss.validation.SignatureValidationContext - Issuer not found for certificate C-FE5D1FDE82820AC69F0265808C4E694ACF0AFA056B56A4EA84984D52A85BF7D7
11:41:20.378 [pool-2-thread-10] INFO eu.europa.esig.dss.validation.AIACertificateSource - Retrieving C-D54951FEBBC59D2C2EC01ACCD92CCD8C9D2C7444C2E551BA7EC0DE622C74148C certificate's issuer using AIA.
11:41:20.387 [pool-2-thread-3] WARN eu.europa.esig.dss.validation.DiagnosticDataBuilder - Provided CertificateSource configuration contains none of trusted sources of type TRUSTED_STORE or TRUSTED_LIST!
11:41:20.388 [pool-2-thread-3] DEBUG eu.europa.esig.dss.spi.CertificateExtensionsUtils - Unknown non-critical CertificateExtension with OID : '2.16.840.1.113730.1.1'
11:41:20.389 [pool-2-thread-3] DEBUG eu.europa.esig.dss.spi.CertificateExtensionsUtils - Unknown non-critical CertificateExtension with OID : '2.16.840.1.113730.1.1'
11:41:20.390 [pool-2-thread-10] DEBUG eu.europa.esig.dss.spi.x509.aia.DefaultAIASource - Loading certificate(s) from 'http://ca.luxtrust.lu/LTQCA.crt'.
11:41:20.390 [pool-2-thread-10] DEBUG eu.europa.esig.dss.spi.x509.aia.DefaultAIASource - Base64 content : MIID8DCCAtigAwIBAgICA+swDQYJKoZIhvcNAQEFBQAwQDELMAkGA1UEBhMCTFUxFjAUBgNVBAoTDUx1eFRydXN0IHMuYS4xGTAXBgNVBAMTEEx1eFRydXN0IHJvb3QgQ0EwHhcNMDgwNjA1MDkyNTI0WhcNMTYxMDE4MTA0MDM0WjBFMQswCQYDVQQGEwJMVTEWMBQGA1UEChMNTHV4VHJ1c3QgUy5BLjEeMBwGA1UEAxMVTHV4VHJ1c3QgUXVhbGlmaWVkIENBMIIBIjANBgkqhkiG9w0BAQEFAAOCAQ8AMIIBCgKCAQEAybFXzA+8RNnvlCd+sZ8BnH6WO3LmaLi419Ygd9VBYcIwLmMx9KgAKF3u4B87Hee5NL4Xvhm/B9DuDUH5OGZ3P2Dwf7putVEvATvW8jzYq6CzarUthzb9ux+KTdTT+d4y6tkgVggy9DBe+bz635oZm2PPQT9kzoR48RBN730KA/MJIa0Sa7ZDphL37WHSA4/TWh9F1/LBRVGC0F4Mg1hU/u+kovF5mTuUK+ncU7+FS0cQRhAD+C4WfLI/WuzuE+T6ZuZ6Iqg6+vqgf6iKwL6iVZmwKkJPvV3+3Wgy3zq5tpDvsIGj4kXd1riQGKsEeDfN8y71DG3OdBqF1Yd7ue7ziwIDAQABo4HuMIHrMA8GA1UdEwQIMAYBAf8CAQAwQgYDVR0gBDswOTA3BggrgSsBAQEBADArMCkGCCsGAQUFBwIBFh1odHRwOi8vcmVwb3NpdG9yeS5sdXh0cnVzdC5sdTARBglghkgBhvhCAQEEBAMCAAcwDgYDVR0PAQH/BAQDAgHGMB8GA1UdIwQYMBaAFN2K1zDx+ZFx6UdwDCXlrKGN34wlMDEGA1UdHwQqMCgwJqAkoCKGIGh0dHA6Ly9jcmwubHV4dHJ1c3QubHUvTFRSQ0EuY3JsMB0GA1UdDgQWBBSNkKMH3RoTd5lMkqtNQ94/zSlkBTANBgkqhkiG9w0BAQUFAAOCAQEAapxOpigXTejGgHBWMAwDBMdZQHpPyoCmw32OIj1qqezO5nDnjG5gfJni/rp5IFMpV//xmCkjqyO92PyYbcHNSUpP1SjCkyn10e6ipmzpXK0MbgFvIPglAgA5dXxTNf0Q77eWu36fz5VKQEmJzqoXTccq4nuLL9rLZ88YUlczMaWscETIZCB4kecKVyqHf4+T0JucZqX7zzfpiVyTr2M+OGl9qiOmKwBGkzseJt+MgYWrskJADKDZMr4bQxkxnhzCSQoraX7DugxM0fH47MitCc74uZrWIJ6qQjCLBtKzxUGy7B3pYOjLlThr7S64cd12yuR+NjHAFZ2DTXwxKg/FQg==
11:41:20.391 [pool-2-thread-3] WARN eu.europa.esig.dss.detailedreport.DetailedReportMessageCollector - The validation at time 'CERTIFICATE_ISSUANCE_TIME' is not found or not performed!
11:41:20.391 [pool-2-thread-3] WARN eu.europa.esig.dss.detailedreport.DetailedReportMessageCollector - The validation at time 'CERTIFICATE_ISSUANCE_TIME' is not found or not performed!
11:41:20.391 [pool-2-thread-3] WARN eu.europa.esig.dss.detailedreport.DetailedReportMessageCollector - The validation at time 'CERTIFICATE_ISSUANCE_TIME' is not found or not performed!
11:41:20.391 [pool-2-thread-3] WARN eu.europa.esig.dss.detailedreport.DetailedReportMessageCollector - The validation at time 'VALIDATION_TIME' is not found or not performed!
11:41:20.391 [pool-2-thread-3] WARN eu.europa.esig.dss.detailedreport.DetailedReportMessageCollector - The validation at time 'VALIDATION_TIME' is not found or not performed!
11:41:20.391 [pool-2-thread-3] WARN eu.europa.esig.dss.detailedreport.DetailedReportMessageCollector - The validation at time 'VALIDATION_TIME' is not found or not performed!
11:41:20.391 [pool-2-thread-10] DEBUG eu.europa.esig.dss.spi.x509.aia.DefaultAIASource - 1 certificate(s) loaded from 'http://ca.luxtrust.lu/LTQCA.crt'
11:41:20.394 [pool-2-thread-14] WARN eu.europa.esig.dss.detailedreport.DetailedReportMessageCollector - The validation at time 'CERTIFICATE_ISSUANCE_TIME' is not found or not performed!
11:41:20.395 [pool-2-thread-14] WARN eu.europa.esig.dss.detailedreport.DetailedReportMessageCollector - The validation at time 'CERTIFICATE_ISSUANCE_TIME' is not found or not performed!
11:41:20.395 [pool-2-thread-14] WARN eu.europa.esig.dss.detailedreport.DetailedReportMessageCollector - The validation at time 'CERTIFICATE_ISSUANCE_TIME' is not found or not performed!
11:41:20.395 [pool-2-thread-14] WARN eu.europa.esig.dss.detailedreport.DetailedReportMessageCollector - The validation at time 'VALIDATION_TIME' is not found or not performed!
11:41:20.395 [pool-2-thread-14] WARN eu.europa.esig.dss.detailedreport.DetailedReportMessageCollector - The validation at time 'VALIDATION_TIME' is not found or not performed!
11:41:20.395 [pool-2-thread-14] WARN eu.europa.esig.dss.detailedreport.DetailedReportMessageCollector - The validation at time 'VALIDATION_TIME' is not found or not performed!
11:41:20.398 [pool-2-thread-13] WARN eu.europa.esig.dss.detailedreport.DetailedReportMessageCollector - The validation at time 'CERTIFICATE_ISSUANCE_TIME' is not found or not performed!
11:41:20.398 [pool-2-thread-13] WARN eu.europa.esig.dss.detailedreport.DetailedReportMessageCollector - The validation at time 'CERTIFICATE_ISSUANCE_TIME' is not found or not performed!
11:41:20.398 [pool-2-thread-13] WARN eu.europa.esig.dss.detailedreport.DetailedReportMessageCollector - The validation at time 'CERTIFICATE_ISSUANCE_TIME' is not found or not performed!
11:41:20.398 [pool-2-thread-13] WARN eu.europa.esig.dss.detailedreport.DetailedReportMessageCollector - The validation at time 'VALIDATION_TIME' is not found or not performed!
11:41:20.398 [pool-2-thread-13] WARN eu.europa.esig.dss.detailedreport.DetailedReportMessageCollector - The validation at time 'VALIDATION_TIME' is not found or not performed!
11:41:20.398 [pool-2-thread-13] WARN eu.europa.esig.dss.detailedreport.DetailedReportMessageCollector - The validation at time 'VALIDATION_TIME' is not found or not performed!
11:41:20.400 [pool-2-thread-8] INFO eu.europa.esig.dss.validation.CommonCertificateVerifier - + New CommonCertificateVerifier created.
11:41:20.402 [pool-2-thread-8] INFO eu.europa.esig.dss.validation.AIACertificateSource - Retrieving C-D54951FEBBC59D2C2EC01ACCD92CCD8C9D2C7444C2E551BA7EC0DE622C74148C certificate's issuer using AIA.
11:41:20.402 [pool-2-thread-8] DEBUG eu.europa.esig.dss.spi.x509.aia.DefaultAIASource - Loading certificate(s) from 'http://ca.luxtrust.lu/LTQCA.crt'.
11:41:20.402 [pool-2-thread-8] DEBUG eu.europa.esig.dss.spi.x509.aia.DefaultAIASource - Base64 content : MIID8DCCAtigAwIBAgICA+swDQYJKoZIhvcNAQEFBQAwQDELMAkGA1UEBhMCTFUxFjAUBgNVBAoTDUx1eFRydXN0IHMuYS4xGTAXBgNVBAMTEEx1eFRydXN0IHJvb3QgQ0EwHhcNMDgwNjA1MDkyNTI0WhcNMTYxMDE4MTA0MDM0WjBFMQswCQYDVQQGEwJMVTEWMBQGA1UEChMNTHV4VHJ1c3QgUy5BLjEeMBwGA1UEAxMVTHV4VHJ1c3QgUXVhbGlmaWVkIENBMIIBIjANBgkqhkiG9w0BAQEFAAOCAQ8AMIIBCgKCAQEAybFXzA+8RNnvlCd+sZ8BnH6WO3LmaLi419Ygd9VBYcIwLmMx9KgAKF3u4B87Hee5NL4Xvhm/B9DuDUH5OGZ3P2Dwf7putVEvATvW8jzYq6CzarUthzb9ux+KTdTT+d4y6tkgVggy9DBe+bz635oZm2PPQT9kzoR48RBN730KA/MJIa0Sa7ZDphL37WHSA4/TWh9F1/LBRVGC0F4Mg1hU/u+kovF5mTuUK+ncU7+FS0cQRhAD+C4WfLI/WuzuE+T6ZuZ6Iqg6+vqgf6iKwL6iVZmwKkJPvV3+3Wgy3zq5tpDvsIGj4kXd1riQGKsEeDfN8y71DG3OdBqF1Yd7ue7ziwIDAQABo4HuMIHrMA8GA1UdEwQIMAYBAf8CAQAwQgYDVR0gBDswOTA3BggrgSsBAQEBADArMCkGCCsGAQUFBwIBFh1odHRwOi8vcmVwb3NpdG9yeS5sdXh0cnVzdC5sdTARBglghkgBhvhCAQEEBAMCAAcwDgYDVR0PAQH/BAQDAgHGMB8GA1UdIwQYMBaAFN2K1zDx+ZFx6UdwDCXlrKGN34wlMDEGA1UdHwQqMCgwJqAkoCKGIGh0dHA6Ly9jcmwubHV4dHJ1c3QubHUvTFRSQ0EuY3JsMB0GA1UdDgQWBBSNkKMH3RoTd5lMkqtNQ94/zSlkBTANBgkqhkiG9w0BAQUFAAOCAQEAapxOpigXTejGgHBWMAwDBMdZQHpPyoCmw32OIj1qqezO5nDnjG5gfJni/rp5IFMpV//xmCkjqyO92PyYbcHNSUpP1SjCkyn10e6ipmzpXK0MbgFvIPglAgA5dXxTNf0Q77eWu36fz5VKQEmJzqoXTccq4nuLL9rLZ88YUlczMaWscETIZCB4kecKVyqHf4+T0JucZqX7zzfpiVyTr2M+OGl9qiOmKwBGkzseJt+MgYWrskJADKDZMr4bQxkxnhzCSQoraX7DugxM0fH47MitCc74uZrWIJ6qQjCLBtKzxUGy7B3pYOjLlThr7S64cd12yuR+NjHAFZ2DTXwxKg/FQg==
11:41:20.402 [pool-2-thread-20] INFO eu.europa.esig.dss.validation.CommonCertificateVerifier - + New CommonCertificateVerifier created.
11:41:20.402 [pool-2-thread-8] DEBUG eu.europa.esig.dss.spi.x509.aia.DefaultAIASource - 1 certificate(s) loaded from 'http://ca.luxtrust.lu/LTQCA.crt'
11:41:20.402 [pool-2-thread-20] INFO eu.europa.esig.dss.validation.AIACertificateSource - Retrieving C-D54951FEBBC59D2C2EC01ACCD92CCD8C9D2C7444C2E551BA7EC0DE622C74148C certificate's issuer using AIA.
11:41:20.403 [pool-2-thread-20] DEBUG eu.europa.esig.dss.spi.x509.aia.DefaultAIASource - Loading certificate(s) from 'http://ca.luxtrust.lu/LTQCA.crt'.
11:41:20.403 [pool-2-thread-20] DEBUG eu.europa.esig.dss.spi.x509.aia.DefaultAIASource - Base64 content : MIID8DCCAtigAwIBAgICA+swDQYJKoZIhvcNAQEFBQAwQDELMAkGA1UEBhMCTFUxFjAUBgNVBAoTDUx1eFRydXN0IHMuYS4xGTAXBgNVBAMTEEx1eFRydXN0IHJvb3QgQ0EwHhcNMDgwNjA1MDkyNTI0WhcNMTYxMDE4MTA0MDM0WjBFMQswCQYDVQQGEwJMVTEWMBQGA1UEChMNTHV4VHJ1c3QgUy5BLjEeMBwGA1UEAxMVTHV4VHJ1c3QgUXVhbGlmaWVkIENBMIIBIjANBgkqhkiG9w0BAQEFAAOCAQ8AMIIBCgKCAQEAybFXzA+8RNnvlCd+sZ8BnH6WO3LmaLi419Ygd9VBYcIwLmMx9KgAKF3u4B87Hee5NL4Xvhm/B9DuDUH5OGZ3P2Dwf7putVEvATvW8jzYq6CzarUthzb9ux+KTdTT+d4y6tkgVggy9DBe+bz635oZm2PPQT9kzoR48RBN730KA/MJIa0Sa7ZDphL37WHSA4/TWh9F1/LBRVGC0F4Mg1hU/u+kovF5mTuUK+ncU7+FS0cQRhAD+C4WfLI/WuzuE+T6ZuZ6Iqg6+vqgf6iKwL6iVZmwKkJPvV3+3Wgy3zq5tpDvsIGj4kXd1riQGKsEeDfN8y71DG3OdBqF1Yd7ue7ziwIDAQABo4HuMIHrMA8GA1UdEwQIMAYBAf8CAQAwQgYDVR0gBDswOTA3BggrgSsBAQEBADArMCkGCCsGAQUFBwIBFh1odHRwOi8vcmVwb3NpdG9yeS5sdXh0cnVzdC5sdTARBglghkgBhvhCAQEEBAMCAAcwDgYDVR0PAQH/BAQDAgHGMB8GA1UdIwQYMBaAFN2K1zDx+ZFx6UdwDCXlrKGN34wlMDEGA1UdHwQqMCgwJqAkoCKGIGh0dHA6Ly9jcmwubHV4dHJ1c3QubHUvTFRSQ0EuY3JsMB0GA1UdDgQWBBSNkKMH3RoTd5lMkqtNQ94/zSlkBTANBgkqhkiG9w0BAQUFAAOCAQEAapxOpigXTejGgHBWMAwDBMdZQHpPyoCmw32OIj1qqezO5nDnjG5gfJni/rp5IFMpV//xmCkjqyO92PyYbcHNSUpP1SjCkyn10e6ipmzpXK0MbgFvIPglAgA5dXxTNf0Q77eWu36fz5VKQEmJzqoXTccq4nuLL9rLZ88YUlczMaWscETIZCB4kecKVyqHf4+T0JucZqX7zzfpiVyTr2M+OGl9qiOmKwBGkzseJt+MgYWrskJADKDZMr4bQxkxnhzCSQoraX7DugxM0fH47MitCc74uZrWIJ6qQjCLBtKzxUGy7B3pYOjLlThr7S64cd12yuR+NjHAFZ2DTXwxKg/FQg==
11:41:20.404 [pool-2-thread-20] DEBUG eu.europa.esig.dss.spi.x509.aia.DefaultAIASource - 1 certificate(s) loaded from 'http://ca.luxtrust.lu/LTQCA.crt'
11:41:20.404 [pool-2-thread-8] INFO eu.europa.esig.dss.validation.AIACertificateSource - Retrieving C-FE5D1FDE82820AC69F0265808C4E694ACF0AFA056B56A4EA84984D52A85BF7D7 certificate's issuer using AIA.
11:41:20.404 [pool-2-thread-8] INFO eu.europa.esig.dss.spi.x509.aia.DefaultAIASource - There is no AIA extension for certificate download.
11:41:20.404 [pool-2-thread-8] WARN eu.europa.esig.dss.validation.SignatureValidationContext - No revocation found for the certificate C-D54951FEBBC59D2C2EC01ACCD92CCD8C9D2C7444C2E551BA7EC0DE622C74148C
11:41:20.404 [pool-2-thread-20] INFO eu.europa.esig.dss.validation.AIACertificateSource - Retrieving C-FE5D1FDE82820AC69F0265808C4E694ACF0AFA056B56A4EA84984D52A85BF7D7 certificate's issuer using AIA.
11:41:20.404 [pool-2-thread-20] INFO eu.europa.esig.dss.spi.x509.aia.DefaultAIASource - There is no AIA extension for certificate download.
11:41:20.404 [pool-2-thread-20] WARN eu.europa.esig.dss.validation.SignatureValidationContext - No revocation found for the certificate C-D54951FEBBC59D2C2EC01ACCD92CCD8C9D2C7444C2E551BA7EC0DE622C74148C
11:41:20.404 [pool-2-thread-8] WARN eu.europa.esig.dss.validation.SignatureValidationContext - Issuer not found for certificate C-FE5D1FDE82820AC69F0265808C4E694ACF0AFA056B56A4EA84984D52A85BF7D7
11:41:20.404 [pool-2-thread-8] WARN eu.europa.esig.dss.validation.DiagnosticDataBuilder - Provided CertificateSource configuration contains none of trusted sources of type TRUSTED_STORE or TRUSTED_LIST!
11:41:20.405 [pool-2-thread-20] WARN eu.europa.esig.dss.validation.SignatureValidationContext - Issuer not found for certificate C-FE5D1FDE82820AC69F0265808C4E694ACF0AFA056B56A4EA84984D52A85BF7D7
11:41:20.405 [pool-2-thread-20] WARN eu.europa.esig.dss.validation.DiagnosticDataBuilder - Provided CertificateSource configuration contains none of trusted sources of type TRUSTED_STORE or TRUSTED_LIST!
11:41:20.405 [pool-2-thread-8] DEBUG eu.europa.esig.dss.spi.CertificateExtensionsUtils - Unknown non-critical CertificateExtension with OID : '2.16.840.1.113730.1.1'
11:41:20.405 [pool-2-thread-20] DEBUG eu.europa.esig.dss.spi.CertificateExtensionsUtils - Unknown non-critical CertificateExtension with OID : '2.16.840.1.113730.1.1'
11:41:20.406 [pool-2-thread-8] DEBUG eu.europa.esig.dss.spi.CertificateExtensionsUtils - Unknown non-critical CertificateExtension with OID : '2.16.840.1.113730.1.1'
11:41:20.406 [pool-2-thread-20] DEBUG eu.europa.esig.dss.spi.CertificateExtensionsUtils - Unknown non-critical CertificateExtension with OID : '2.16.840.1.113730.1.1'
11:41:20.406 [pool-2-thread-8] WARN eu.europa.esig.dss.detailedreport.DetailedReportMessageCollector - The validation at time 'CERTIFICATE_ISSUANCE_TIME' is not found or not performed!
11:41:20.406 [pool-2-thread-8] WARN eu.europa.esig.dss.detailedreport.DetailedReportMessageCollector - The validation at time 'CERTIFICATE_ISSUANCE_TIME' is not found or not performed!
11:41:20.406 [pool-2-thread-8] WARN eu.europa.esig.dss.detailedreport.DetailedReportMessageCollector - The validation at time 'CERTIFICATE_ISSUANCE_TIME' is not found or not performed!
11:41:20.406 [pool-2-thread-8] WARN eu.europa.esig.dss.detailedreport.DetailedReportMessageCollector - The validation at time 'VALIDATION_TIME' is not found or not performed!
11:41:20.406 [pool-2-thread-8] WARN eu.europa.esig.dss.detailedreport.DetailedReportMessageCollector - The validation at time 'VALIDATION_TIME' is not found or not performed!
11:41:20.406 [pool-2-thread-8] WARN eu.europa.esig.dss.detailedreport.DetailedReportMessageCollector - The validation at time 'VALIDATION_TIME' is not found or not performed!
11:41:20.406 [pool-2-thread-20] WARN eu.europa.esig.dss.detailedreport.DetailedReportMessageCollector - The validation at time 'CERTIFICATE_ISSUANCE_TIME' is not found or not performed!
11:41:20.407 [pool-2-thread-20] WARN eu.europa.esig.dss.detailedreport.DetailedReportMessageCollector - The validation at time 'CERTIFICATE_ISSUANCE_TIME' is not found or not performed!
11:41:20.407 [pool-2-thread-20] WARN eu.europa.esig.dss.detailedreport.DetailedReportMessageCollector - The validation at time 'CERTIFICATE_ISSUANCE_TIME' is not found or not performed!
11:41:20.407 [pool-2-thread-20] WARN eu.europa.esig.dss.detailedreport.DetailedReportMessageCollector - The validation at time 'VALIDATION_TIME' is not found or not performed!
11:41:20.407 [pool-2-thread-20] WARN eu.europa.esig.dss.detailedreport.DetailedReportMessageCollector - The validation at time 'VALIDATION_TIME' is not found or not performed!
11:41:20.407 [pool-2-thread-20] WARN eu.europa.esig.dss.detailedreport.DetailedReportMessageCollector - The validation at time 'VALIDATION_TIME' is not found or not performed!
11:41:20.411 [pool-2-thread-15] INFO eu.europa.esig.dss.validation.CommonCertificateVerifier - + New CommonCertificateVerifier created.
11:41:20.417 [pool-2-thread-4] INFO eu.europa.esig.dss.validation.CommonCertificateVerifier - + New CommonCertificateVerifier created.
11:41:20.417 [pool-2-thread-4] INFO eu.europa.esig.dss.validation.AIACertificateSource - Retrieving C-D54951FEBBC59D2C2EC01ACCD92CCD8C9D2C7444C2E551BA7EC0DE622C74148C certificate's issuer using AIA.
11:41:20.417 [pool-2-thread-4] DEBUG eu.europa.esig.dss.spi.x509.aia.DefaultAIASource - Loading certificate(s) from 'http://ca.luxtrust.lu/LTQCA.crt'.
11:41:20.418 [pool-2-thread-4] DEBUG eu.europa.esig.dss.spi.x509.aia.DefaultAIASource - Base64 content : MIID8DCCAtigAwIBAgICA+swDQYJKoZIhvcNAQEFBQAwQDELMAkGA1UEBhMCTFUxFjAUBgNVBAoTDUx1eFRydXN0IHMuYS4xGTAXBgNVBAMTEEx1eFRydXN0IHJvb3QgQ0EwHhcNMDgwNjA1MDkyNTI0WhcNMTYxMDE4MTA0MDM0WjBFMQswCQYDVQQGEwJMVTEWMBQGA1UEChMNTHV4VHJ1c3QgUy5BLjEeMBwGA1UEAxMVTHV4VHJ1c3QgUXVhbGlmaWVkIENBMIIBIjANBgkqhkiG9w0BAQEFAAOCAQ8AMIIBCgKCAQEAybFXzA+8RNnvlCd+sZ8BnH6WO3LmaLi419Ygd9VBYcIwLmMx9KgAKF3u4B87Hee5NL4Xvhm/B9DuDUH5OGZ3P2Dwf7putVEvATvW8jzYq6CzarUthzb9ux+KTdTT+d4y6tkgVggy9DBe+bz635oZm2PPQT9kzoR48RBN730KA/MJIa0Sa7ZDphL37WHSA4/TWh9F1/LBRVGC0F4Mg1hU/u+kovF5mTuUK+ncU7+FS0cQRhAD+C4WfLI/WuzuE+T6ZuZ6Iqg6+vqgf6iKwL6iVZmwKkJPvV3+3Wgy3zq5tpDvsIGj4kXd1riQGKsEeDfN8y71DG3OdBqF1Yd7ue7ziwIDAQABo4HuMIHrMA8GA1UdEwQIMAYBAf8CAQAwQgYDVR0gBDswOTA3BggrgSsBAQEBADArMCkGCCsGAQUFBwIBFh1odHRwOi8vcmVwb3NpdG9yeS5sdXh0cnVzdC5sdTARBglghkgBhvhCAQEEBAMCAAcwDgYDVR0PAQH/BAQDAgHGMB8GA1UdIwQYMBaAFN2K1zDx+ZFx6UdwDCXlrKGN34wlMDEGA1UdHwQqMCgwJqAkoCKGIGh0dHA6Ly9jcmwubHV4dHJ1c3QubHUvTFRSQ0EuY3JsMB0GA1UdDgQWBBSNkKMH3RoTd5lMkqtNQ94/zSlkBTANBgkqhkiG9w0BAQUFAAOCAQEAapxOpigXTejGgHBWMAwDBMdZQHpPyoCmw32OIj1qqezO5nDnjG5gfJni/rp5IFMpV//xmCkjqyO92PyYbcHNSUpP1SjCkyn10e6ipmzpXK0MbgFvIPglAgA5dXxTNf0Q77eWu36fz5VKQEmJzqoXTccq4nuLL9rLZ88YUlczMaWscETIZCB4kecKVyqHf4+T0JucZqX7zzfpiVyTr2M+OGl9qiOmKwBGkzseJt+MgYWrskJADKDZMr4bQxkxnhzCSQoraX7DugxM0fH47MitCc74uZrWIJ6qQjCLBtKzxUGy7B3pYOjLlThr7S64cd12yuR+NjHAFZ2DTXwxKg/FQg==
11:41:20.418 [pool-2-thread-4] DEBUG eu.europa.esig.dss.spi.x509.aia.DefaultAIASource - 1 certificate(s) loaded from 'http://ca.luxtrust.lu/LTQCA.crt'
11:41:20.419 [pool-2-thread-4] INFO eu.europa.esig.dss.validation.AIACertificateSource - Retrieving C-FE5D1FDE82820AC69F0265808C4E694ACF0AFA056B56A4EA84984D52A85BF7D7 certificate's issuer using AIA.
11:41:20.419 [pool-2-thread-4] INFO eu.europa.esig.dss.spi.x509.aia.DefaultAIASource - There is no AIA extension for certificate download.
11:41:20.419 [pool-2-thread-4] WARN eu.europa.esig.dss.validation.SignatureValidationContext - No revocation found for the certificate C-D54951FEBBC59D2C2EC01ACCD92CCD8C9D2C7444C2E551BA7EC0DE622C74148C
11:41:20.420 [pool-2-thread-4] WARN eu.europa.esig.dss.validation.SignatureValidationContext - Issuer not found for certificate C-FE5D1FDE82820AC69F0265808C4E694ACF0AFA056B56A4EA84984D52A85BF7D7
11:41:20.420 [pool-2-thread-4] WARN eu.europa.esig.dss.validation.DiagnosticDataBuilder - Provided CertificateSource configuration contains none of trusted sources of type TRUSTED_STORE or TRUSTED_LIST!
11:41:20.420 [pool-2-thread-4] DEBUG eu.europa.esig.dss.spi.CertificateExtensionsUtils - Unknown non-critical CertificateExtension with OID : '2.16.840.1.113730.1.1'
11:41:20.421 [pool-2-thread-4] DEBUG eu.europa.esig.dss.spi.CertificateExtensionsUtils - Unknown non-critical CertificateExtension with OID : '2.16.840.1.113730.1.1'
11:41:20.422 [pool-2-thread-4] WARN eu.europa.esig.dss.detailedreport.DetailedReportMessageCollector - The validation at time 'CERTIFICATE_ISSUANCE_TIME' is not found or not performed!
11:41:20.422 [pool-2-thread-4] WARN eu.europa.esig.dss.detailedreport.DetailedReportMessageCollector - The validation at time 'CERTIFICATE_ISSUANCE_TIME' is not found or not performed!
11:41:20.422 [pool-2-thread-4] WARN eu.europa.esig.dss.detailedreport.DetailedReportMessageCollector - The validation at time 'CERTIFICATE_ISSUANCE_TIME' is not found or not performed!
11:41:20.422 [pool-2-thread-4] WARN eu.europa.esig.dss.detailedreport.DetailedReportMessageCollector - The validation at time 'VALIDATION_TIME' is not found or not performed!
11:41:20.422 [pool-2-thread-4] WARN eu.europa.esig.dss.detailedreport.DetailedReportMessageCollector - The validation at time 'VALIDATION_TIME' is not found or not performed!
11:41:20.422 [pool-2-thread-4] WARN eu.europa.esig.dss.detailedreport.DetailedReportMessageCollector - The validation at time 'VALIDATION_TIME' is not found or not performed!
11:41:20.423 [pool-2-thread-10] INFO eu.europa.esig.dss.validation.AIACertificateSource - Retrieving C-FE5D1FDE82820AC69F0265808C4E694ACF0AFA056B56A4EA84984D52A85BF7D7 certificate's issuer using AIA.
11:41:20.423 [pool-2-thread-10] INFO eu.europa.esig.dss.spi.x509.aia.DefaultAIASource - There is no AIA extension for certificate download.
11:41:20.423 [pool-2-thread-10] WARN eu.europa.esig.dss.validation.SignatureValidationContext - No revocation found for the certificate C-D54951FEBBC59D2C2EC01ACCD92CCD8C9D2C7444C2E551BA7EC0DE622C74148C
11:41:20.423 [pool-2-thread-10] WARN eu.europa.esig.dss.validation.SignatureValidationContext - Issuer not found for certificate C-FE5D1FDE82820AC69F0265808C4E694ACF0AFA056B56A4EA84984D52A85BF7D7
11:41:20.423 [pool-2-thread-10] WARN eu.europa.esig.dss.validation.DiagnosticDataBuilder - Provided CertificateSource configuration contains none of trusted sources of type TRUSTED_STORE or TRUSTED_LIST!
11:41:20.424 [pool-2-thread-10] DEBUG eu.europa.esig.dss.spi.CertificateExtensionsUtils - Unknown non-critical CertificateExtension with OID : '2.16.840.1.113730.1.1'
11:41:20.425 [pool-2-thread-10] DEBUG eu.europa.esig.dss.spi.CertificateExtensionsUtils - Unknown non-critical CertificateExtension with OID : '2.16.840.1.113730.1.1'
11:41:20.425 [pool-2-thread-10] WARN eu.europa.esig.dss.detailedreport.DetailedReportMessageCollector - The validation at time 'CERTIFICATE_ISSUANCE_TIME' is not found or not performed!
11:41:20.425 [pool-2-thread-10] WARN eu.europa.esig.dss.detailedreport.DetailedReportMessageCollector - The validation at time 'CERTIFICATE_ISSUANCE_TIME' is not found or not performed!
11:41:20.425 [pool-2-thread-10] WARN eu.europa.esig.dss.detailedreport.DetailedReportMessageCollector - The validation at time 'CERTIFICATE_ISSUANCE_TIME' is not found or not performed!
11:41:20.425 [pool-2-thread-10] WARN eu.europa.esig.dss.detailedreport.DetailedReportMessageCollector - The validation at time 'VALIDATION_TIME' is not found or not performed!
11:41:20.425 [pool-2-thread-10] WARN eu.europa.esig.dss.detailedreport.DetailedReportMessageCollector - The validation at time 'VALIDATION_TIME' is not found or not performed!
11:41:20.425 [pool-2-thread-10] WARN eu.europa.esig.dss.detailedreport.DetailedReportMessageCollector - The validation at time 'VALIDATION_TIME' is not found or not performed!
11:41:20.425 [pool-2-thread-6] INFO eu.europa.esig.dss.validation.CommonCertificateVerifier - + New CommonCertificateVerifier created.
11:41:20.425 [pool-2-thread-7] INFO eu.europa.esig.dss.validation.CommonCertificateVerifier - + New CommonCertificateVerifier created.
11:41:20.427 [pool-2-thread-7] INFO eu.europa.esig.dss.validation.AIACertificateSource - Retrieving C-D54951FEBBC59D2C2EC01ACCD92CCD8C9D2C7444C2E551BA7EC0DE622C74148C certificate's issuer using AIA.
11:41:20.428 [pool-2-thread-7] DEBUG eu.europa.esig.dss.spi.x509.aia.DefaultAIASource - Loading certificate(s) from 'http://ca.luxtrust.lu/LTQCA.crt'.
11:41:20.428 [pool-2-thread-7] DEBUG eu.europa.esig.dss.spi.x509.aia.DefaultAIASource - Base64 content : MIID8DCCAtigAwIBAgICA+swDQYJKoZIhvcNAQEFBQAwQDELMAkGA1UEBhMCTFUxFjAUBgNVBAoTDUx1eFRydXN0IHMuYS4xGTAXBgNVBAMTEEx1eFRydXN0IHJvb3QgQ0EwHhcNMDgwNjA1MDkyNTI0WhcNMTYxMDE4MTA0MDM0WjBFMQswCQYDVQQGEwJMVTEWMBQGA1UEChMNTHV4VHJ1c3QgUy5BLjEeMBwGA1UEAxMVTHV4VHJ1c3QgUXVhbGlmaWVkIENBMIIBIjANBgkqhkiG9w0BAQEFAAOCAQ8AMIIBCgKCAQEAybFXzA+8RNnvlCd+sZ8BnH6WO3LmaLi419Ygd9VBYcIwLmMx9KgAKF3u4B87Hee5NL4Xvhm/B9DuDUH5OGZ3P2Dwf7putVEvATvW8jzYq6CzarUthzb9ux+KTdTT+d4y6tkgVggy9DBe+bz635oZm2PPQT9kzoR48RBN730KA/MJIa0Sa7ZDphL37WHSA4/TWh9F1/LBRVGC0F4Mg1hU/u+kovF5mTuUK+ncU7+FS0cQRhAD+C4WfLI/WuzuE+T6ZuZ6Iqg6+vqgf6iKwL6iVZmwKkJPvV3+3Wgy3zq5tpDvsIGj4kXd1riQGKsEeDfN8y71DG3OdBqF1Yd7ue7ziwIDAQABo4HuMIHrMA8GA1UdEwQIMAYBAf8CAQAwQgYDVR0gBDswOTA3BggrgSsBAQEBADArMCkGCCsGAQUFBwIBFh1odHRwOi8vcmVwb3NpdG9yeS5sdXh0cnVzdC5sdTARBglghkgBhvhCAQEEBAMCAAcwDgYDVR0PAQH/BAQDAgHGMB8GA1UdIwQYMBaAFN2K1zDx+ZFx6UdwDCXlrKGN34wlMDEGA1UdHwQqMCgwJqAkoCKGIGh0dHA6Ly9jcmwubHV4dHJ1c3QubHUvTFRSQ0EuY3JsMB0GA1UdDgQWBBSNkKMH3RoTd5lMkqtNQ94/zSlkBTANBgkqhkiG9w0BAQUFAAOCAQEAapxOpigXTejGgHBWMAwDBMdZQHpPyoCmw32OIj1qqezO5nDnjG5gfJni/rp5IFMpV//xmCkjqyO92PyYbcHNSUpP1SjCkyn10e6ipmzpXK0MbgFvIPglAgA5dXxTNf0Q77eWu36fz5VKQEmJzqoXTccq4nuLL9rLZ88YUlczMaWscETIZCB4kecKVyqHf4+T0JucZqX7zzfpiVyTr2M+OGl9qiOmKwBGkzseJt+MgYWrskJADKDZMr4bQxkxnhzCSQoraX7DugxM0fH47MitCc74uZrWIJ6qQjCLBtKzxUGy7B3pYOjLlThr7S64cd12yuR+NjHAFZ2DTXwxKg/FQg==
11:41:20.429 [pool-2-thread-7] DEBUG eu.europa.esig.dss.spi.x509.aia.DefaultAIASource - 1 certificate(s) loaded from 'http://ca.luxtrust.lu/LTQCA.crt'
11:41:20.429 [pool-2-thread-19] INFO eu.europa.esig.dss.validation.CommonCertificateVerifier - + New CommonCertificateVerifier created.
11:41:20.429 [pool-2-thread-19] INFO eu.europa.esig.dss.validation.AIACertificateSource - Retrieving C-D54951FEBBC59D2C2EC01ACCD92CCD8C9D2C7444C2E551BA7EC0DE622C74148C certificate's issuer using AIA.
11:41:20.430 [pool-2-thread-6] INFO eu.europa.esig.dss.validation.AIACertificateSource - Retrieving C-D54951FEBBC59D2C2EC01ACCD92CCD8C9D2C7444C2E551BA7EC0DE622C74148C certificate's issuer using AIA.
11:41:20.430 [pool-2-thread-6] DEBUG eu.europa.esig.dss.spi.x509.aia.DefaultAIASource - Loading certificate(s) from 'http://ca.luxtrust.lu/LTQCA.crt'.
11:41:20.430 [pool-2-thread-19] DEBUG eu.europa.esig.dss.spi.x509.aia.DefaultAIASource - Loading certificate(s) from 'http://ca.luxtrust.lu/LTQCA.crt'.
11:41:20.430 [pool-2-thread-7] INFO eu.europa.esig.dss.validation.AIACertificateSource - Retrieving C-FE5D1FDE82820AC69F0265808C4E694ACF0AFA056B56A4EA84984D52A85BF7D7 certificate's issuer using AIA.
11:41:20.430 [pool-2-thread-7] INFO eu.europa.esig.dss.spi.x509.aia.DefaultAIASource - There is no AIA extension for certificate download.
11:41:20.430 [pool-2-thread-6] DEBUG eu.europa.esig.dss.spi.x509.aia.DefaultAIASource - Base64 content : MIID8DCCAtigAwIBAgICA+swDQYJKoZIhvcNAQEFBQAwQDELMAkGA1UEBhMCTFUxFjAUBgNVBAoTDUx1eFRydXN0IHMuYS4xGTAXBgNVBAMTEEx1eFRydXN0IHJvb3QgQ0EwHhcNMDgwNjA1MDkyNTI0WhcNMTYxMDE4MTA0MDM0WjBFMQswCQYDVQQGEwJMVTEWMBQGA1UEChMNTHV4VHJ1c3QgUy5BLjEeMBwGA1UEAxMVTHV4VHJ1c3QgUXVhbGlmaWVkIENBMIIBIjANBgkqhkiG9w0BAQEFAAOCAQ8AMIIBCgKCAQEAybFXzA+8RNnvlCd+sZ8BnH6WO3LmaLi419Ygd9VBYcIwLmMx9KgAKF3u4B87Hee5NL4Xvhm/B9DuDUH5OGZ3P2Dwf7putVEvATvW8jzYq6CzarUthzb9ux+KTdTT+d4y6tkgVggy9DBe+bz635oZm2PPQT9kzoR48RBN730KA/MJIa0Sa7ZDphL37WHSA4/TWh9F1/LBRVGC0F4Mg1hU/u+kovF5mTuUK+ncU7+FS0cQRhAD+C4WfLI/WuzuE+T6ZuZ6Iqg6+vqgf6iKwL6iVZmwKkJPvV3+3Wgy3zq5tpDvsIGj4kXd1riQGKsEeDfN8y71DG3OdBqF1Yd7ue7ziwIDAQABo4HuMIHrMA8GA1UdEwQIMAYBAf8CAQAwQgYDVR0gBDswOTA3BggrgSsBAQEBADArMCkGCCsGAQUFBwIBFh1odHRwOi8vcmVwb3NpdG9yeS5sdXh0cnVzdC5sdTARBglghkgBhvhCAQEEBAMCAAcwDgYDVR0PAQH/BAQDAgHGMB8GA1UdIwQYMBaAFN2K1zDx+ZFx6UdwDCXlrKGN34wlMDEGA1UdHwQqMCgwJqAkoCKGIGh0dHA6Ly9jcmwubHV4dHJ1c3QubHUvTFRSQ0EuY3JsMB0GA1UdDgQWBBSNkKMH3RoTd5lMkqtNQ94/zSlkBTANBgkqhkiG9w0BAQUFAAOCAQEAapxOpigXTejGgHBWMAwDBMdZQHpPyoCmw32OIj1qqezO5nDnjG5gfJni/rp5IFMpV//xmCkjqyO92PyYbcHNSUpP1SjCkyn10e6ipmzpXK0MbgFvIPglAgA5dXxTNf0Q77eWu36fz5VKQEmJzqoXTccq4nuLL9rLZ88YUlczMaWscETIZCB4kecKVyqHf4+T0JucZqX7zzfpiVyTr2M+OGl9qiOmKwBGkzseJt+MgYWrskJADKDZMr4bQxkxnhzCSQoraX7DugxM0fH47MitCc74uZrWIJ6qQjCLBtKzxUGy7B3pYOjLlThr7S64cd12yuR+NjHAFZ2DTXwxKg/FQg==
11:41:20.430 [pool-2-thread-19] DEBUG eu.europa.esig.dss.spi.x509.aia.DefaultAIASource - Base64 content : MIID8DCCAtigAwIBAgICA+swDQYJKoZIhvcNAQEFBQAwQDELMAkGA1UEBhMCTFUxFjAUBgNVBAoTDUx1eFRydXN0IHMuYS4xGTAXBgNVBAMTEEx1eFRydXN0IHJvb3QgQ0EwHhcNMDgwNjA1MDkyNTI0WhcNMTYxMDE4MTA0MDM0WjBFMQswCQYDVQQGEwJMVTEWMBQGA1UEChMNTHV4VHJ1c3QgUy5BLjEeMBwGA1UEAxMVTHV4VHJ1c3QgUXVhbGlmaWVkIENBMIIBIjANBgkqhkiG9w0BAQEFAAOCAQ8AMIIBCgKCAQEAybFXzA+8RNnvlCd+sZ8BnH6WO3LmaLi419Ygd9VBYcIwLmMx9KgAKF3u4B87Hee5NL4Xvhm/B9DuDUH5OGZ3P2Dwf7putVEvATvW8jzYq6CzarUthzb9ux+KTdTT+d4y6tkgVggy9DBe+bz635oZm2PPQT9kzoR48RBN730KA/MJIa0Sa7ZDphL37WHSA4/TWh9F1/LBRVGC0F4Mg1hU/u+kovF5mTuUK+ncU7+FS0cQRhAD+C4WfLI/WuzuE+T6ZuZ6Iqg6+vqgf6iKwL6iVZmwKkJPvV3+3Wgy3zq5tpDvsIGj4kXd1riQGKsEeDfN8y71DG3OdBqF1Yd7ue7ziwIDAQABo4HuMIHrMA8GA1UdEwQIMAYBAf8CAQAwQgYDVR0gBDswOTA3BggrgSsBAQEBADArMCkGCCsGAQUFBwIBFh1odHRwOi8vcmVwb3NpdG9yeS5sdXh0cnVzdC5sdTARBglghkgBhvhCAQEEBAMCAAcwDgYDVR0PAQH/BAQDAgHGMB8GA1UdIwQYMBaAFN2K1zDx+ZFx6UdwDCXlrKGN34wlMDEGA1UdHwQqMCgwJqAkoCKGIGh0dHA6Ly9jcmwubHV4dHJ1c3QubHUvTFRSQ0EuY3JsMB0GA1UdDgQWBBSNkKMH3RoTd5lMkqtNQ94/zSlkBTANBgkqhkiG9w0BAQUFAAOCAQEAapxOpigXTejGgHBWMAwDBMdZQHpPyoCmw32OIj1qqezO5nDnjG5gfJni/rp5IFMpV//xmCkjqyO92PyYbcHNSUpP1SjCkyn10e6ipmzpXK0MbgFvIPglAgA5dXxTNf0Q77eWu36fz5VKQEmJzqoXTccq4nuLL9rLZ88YUlczMaWscETIZCB4kecKVyqHf4+T0JucZqX7zzfpiVyTr2M+OGl9qiOmKwBGkzseJt+MgYWrskJADKDZMr4bQxkxnhzCSQoraX7DugxM0fH47MitCc74uZrWIJ6qQjCLBtKzxUGy7B3pYOjLlThr7S64cd12yuR+NjHAFZ2DTXwxKg/FQg==
11:41:20.431 [pool-2-thread-6] DEBUG eu.europa.esig.dss.spi.x509.aia.DefaultAIASource - 1 certificate(s) loaded from 'http://ca.luxtrust.lu/LTQCA.crt'
11:41:20.430 [pool-2-thread-7] WARN eu.europa.esig.dss.validation.SignatureValidationContext - No revocation found for the certificate C-D54951FEBBC59D2C2EC01ACCD92CCD8C9D2C7444C2E551BA7EC0DE622C74148C
11:41:20.431 [pool-2-thread-19] DEBUG eu.europa.esig.dss.spi.x509.aia.DefaultAIASource - 1 certificate(s) loaded from 'http://ca.luxtrust.lu/LTQCA.crt'
11:41:20.433 [pool-2-thread-7] WARN eu.europa.esig.dss.validation.SignatureValidationContext - Issuer not found for certificate C-FE5D1FDE82820AC69F0265808C4E694ACF0AFA056B56A4EA84984D52A85BF7D7
11:41:20.433 [pool-2-thread-7] WARN eu.europa.esig.dss.validation.DiagnosticDataBuilder - Provided CertificateSource configuration contains none of trusted sources of type TRUSTED_STORE or TRUSTED_LIST!
11:41:20.433 [pool-2-thread-6] INFO eu.europa.esig.dss.validation.AIACertificateSource - Retrieving C-FE5D1FDE82820AC69F0265808C4E694ACF0AFA056B56A4EA84984D52A85BF7D7 certificate's issuer using AIA.
11:41:20.433 [pool-2-thread-6] INFO eu.europa.esig.dss.spi.x509.aia.DefaultAIASource - There is no AIA extension for certificate download.
11:41:20.433 [pool-2-thread-6] WARN eu.europa.esig.dss.validation.SignatureValidationContext - No revocation found for the certificate C-D54951FEBBC59D2C2EC01ACCD92CCD8C9D2C7444C2E551BA7EC0DE622C74148C
11:41:20.434 [pool-2-thread-16] INFO eu.europa.esig.dss.validation.CommonCertificateVerifier - + New CommonCertificateVerifier created.
11:41:20.434 [pool-2-thread-7] DEBUG eu.europa.esig.dss.spi.CertificateExtensionsUtils - Unknown non-critical CertificateExtension with OID : '2.16.840.1.113730.1.1'
11:41:20.434 [pool-2-thread-19] INFO eu.europa.esig.dss.validation.AIACertificateSource - Retrieving C-FE5D1FDE82820AC69F0265808C4E694ACF0AFA056B56A4EA84984D52A85BF7D7 certificate's issuer using AIA.
11:41:20.434 [pool-2-thread-19] INFO eu.europa.esig.dss.spi.x509.aia.DefaultAIASource - There is no AIA extension for certificate download.
11:41:20.434 [pool-2-thread-19] WARN eu.europa.esig.dss.validation.SignatureValidationContext - No revocation found for the certificate C-D54951FEBBC59D2C2EC01ACCD92CCD8C9D2C7444C2E551BA7EC0DE622C74148C
11:41:20.434 [pool-2-thread-6] WARN eu.europa.esig.dss.validation.SignatureValidationContext - Issuer not found for certificate C-FE5D1FDE82820AC69F0265808C4E694ACF0AFA056B56A4EA84984D52A85BF7D7
11:41:20.434 [pool-2-thread-16] INFO eu.europa.esig.dss.validation.AIACertificateSource - Retrieving C-D54951FEBBC59D2C2EC01ACCD92CCD8C9D2C7444C2E551BA7EC0DE622C74148C certificate's issuer using AIA.
11:41:20.434 [pool-2-thread-6] WARN eu.europa.esig.dss.validation.DiagnosticDataBuilder - Provided CertificateSource configuration contains none of trusted sources of type TRUSTED_STORE or TRUSTED_LIST!
11:41:20.434 [pool-2-thread-16] DEBUG eu.europa.esig.dss.spi.x509.aia.DefaultAIASource - Loading certificate(s) from 'http://ca.luxtrust.lu/LTQCA.crt'.
11:41:20.435 [pool-2-thread-16] DEBUG eu.europa.esig.dss.spi.x509.aia.DefaultAIASource - Base64 content : MIID8DCCAtigAwIBAgICA+swDQYJKoZIhvcNAQEFBQAwQDELMAkGA1UEBhMCTFUxFjAUBgNVBAoTDUx1eFRydXN0IHMuYS4xGTAXBgNVBAMTEEx1eFRydXN0IHJvb3QgQ0EwHhcNMDgwNjA1MDkyNTI0WhcNMTYxMDE4MTA0MDM0WjBFMQswCQYDVQQGEwJMVTEWMBQGA1UEChMNTHV4VHJ1c3QgUy5BLjEeMBwGA1UEAxMVTHV4VHJ1c3QgUXVhbGlmaWVkIENBMIIBIjANBgkqhkiG9w0BAQEFAAOCAQ8AMIIBCgKCAQEAybFXzA+8RNnvlCd+sZ8BnH6WO3LmaLi419Ygd9VBYcIwLmMx9KgAKF3u4B87Hee5NL4Xvhm/B9DuDUH5OGZ3P2Dwf7putVEvATvW8jzYq6CzarUthzb9ux+KTdTT+d4y6tkgVggy9DBe+bz635oZm2PPQT9kzoR48RBN730KA/MJIa0Sa7ZDphL37WHSA4/TWh9F1/LBRVGC0F4Mg1hU/u+kovF5mTuUK+ncU7+FS0cQRhAD+C4WfLI/WuzuE+T6ZuZ6Iqg6+vqgf6iKwL6iVZmwKkJPvV3+3Wgy3zq5tpDvsIGj4kXd1riQGKsEeDfN8y71DG3OdBqF1Yd7ue7ziwIDAQABo4HuMIHrMA8GA1UdEwQIMAYBAf8CAQAwQgYDVR0gBDswOTA3BggrgSsBAQEBADArMCkGCCsGAQUFBwIBFh1odHRwOi8vcmVwb3NpdG9yeS5sdXh0cnVzdC5sdTARBglghkgBhvhCAQEEBAMCAAcwDgYDVR0PAQH/BAQDAgHGMB8GA1UdIwQYMBaAFN2K1zDx+ZFx6UdwDCXlrKGN34wlMDEGA1UdHwQqMCgwJqAkoCKGIGh0dHA6Ly9jcmwubHV4dHJ1c3QubHUvTFRSQ0EuY3JsMB0GA1UdDgQWBBSNkKMH3RoTd5lMkqtNQ94/zSlkBTANBgkqhkiG9w0BAQUFAAOCAQEAapxOpigXTejGgHBWMAwDBMdZQHpPyoCmw32OIj1qqezO5nDnjG5gfJni/rp5IFMpV//xmCkjqyO92PyYbcHNSUpP1SjCkyn10e6ipmzpXK0MbgFvIPglAgA5dXxTNf0Q77eWu36fz5VKQEmJzqoXTccq4nuLL9rLZ88YUlczMaWscETIZCB4kecKVyqHf4+T0JucZqX7zzfpiVyTr2M+OGl9qiOmKwBGkzseJt+MgYWrskJADKDZMr4bQxkxnhzCSQoraX7DugxM0fH47MitCc74uZrWIJ6qQjCLBtKzxUGy7B3pYOjLlThr7S64cd12yuR+NjHAFZ2DTXwxKg/FQg==
11:41:20.435 [pool-2-thread-19] WARN eu.europa.esig.dss.validation.SignatureValidationContext - Issuer not found for certificate C-FE5D1FDE82820AC69F0265808C4E694ACF0AFA056B56A4EA84984D52A85BF7D7
11:41:20.435 [pool-2-thread-19] WARN eu.europa.esig.dss.validation.DiagnosticDataBuilder - Provided CertificateSource configuration contains none of trusted sources of type TRUSTED_STORE or TRUSTED_LIST!
11:41:20.435 [pool-2-thread-7] DEBUG eu.europa.esig.dss.spi.CertificateExtensionsUtils - Unknown non-critical CertificateExtension with OID : '2.16.840.1.113730.1.1'
11:41:20.435 [pool-2-thread-6] DEBUG eu.europa.esig.dss.spi.CertificateExtensionsUtils - Unknown non-critical CertificateExtension with OID : '2.16.840.1.113730.1.1'
11:41:20.435 [pool-2-thread-16] DEBUG eu.europa.esig.dss.spi.x509.aia.DefaultAIASource - 1 certificate(s) loaded from 'http://ca.luxtrust.lu/LTQCA.crt'
11:41:20.436 [pool-2-thread-19] DEBUG eu.europa.esig.dss.spi.CertificateExtensionsUtils - Unknown non-critical CertificateExtension with OID : '2.16.840.1.113730.1.1'
11:41:20.436 [pool-2-thread-6] DEBUG eu.europa.esig.dss.spi.CertificateExtensionsUtils - Unknown non-critical CertificateExtension with OID : '2.16.840.1.113730.1.1'
11:41:20.436 [pool-2-thread-7] WARN eu.europa.esig.dss.detailedreport.DetailedReportMessageCollector - The validation at time 'CERTIFICATE_ISSUANCE_TIME' is not found or not performed!
11:41:20.436 [pool-2-thread-7] WARN eu.europa.esig.dss.detailedreport.DetailedReportMessageCollector - The validation at time 'CERTIFICATE_ISSUANCE_TIME' is not found or not performed!
11:41:20.436 [pool-2-thread-7] WARN eu.europa.esig.dss.detailedreport.DetailedReportMessageCollector - The validation at time 'CERTIFICATE_ISSUANCE_TIME' is not found or not performed!
11:41:20.436 [pool-2-thread-7] WARN eu.europa.esig.dss.detailedreport.DetailedReportMessageCollector - The validation at time 'VALIDATION_TIME' is not found or not performed!
11:41:20.436 [pool-2-thread-7] WARN eu.europa.esig.dss.detailedreport.DetailedReportMessageCollector - The validation at time 'VALIDATION_TIME' is not found or not performed!
11:41:20.436 [pool-2-thread-7] WARN eu.europa.esig.dss.detailedreport.DetailedReportMessageCollector - The validation at time 'VALIDATION_TIME' is not found or not performed!
11:41:20.437 [pool-2-thread-19] DEBUG eu.europa.esig.dss.spi.CertificateExtensionsUtils - Unknown non-critical CertificateExtension with OID : '2.16.840.1.113730.1.1'
11:41:20.437 [pool-2-thread-16] INFO eu.europa.esig.dss.validation.AIACertificateSource - Retrieving C-FE5D1FDE82820AC69F0265808C4E694ACF0AFA056B56A4EA84984D52A85BF7D7 certificate's issuer using AIA.
11:41:20.437 [pool-2-thread-16] INFO eu.europa.esig.dss.spi.x509.aia.DefaultAIASource - There is no AIA extension for certificate download.
11:41:20.437 [pool-2-thread-16] WARN eu.europa.esig.dss.validation.SignatureValidationContext - No revocation found for the certificate C-D54951FEBBC59D2C2EC01ACCD92CCD8C9D2C7444C2E551BA7EC0DE622C74148C
11:41:20.437 [pool-2-thread-6] WARN eu.europa.esig.dss.detailedreport.DetailedReportMessageCollector - The validation at time 'CERTIFICATE_ISSUANCE_TIME' is not found or not performed!
11:41:20.437 [pool-2-thread-6] WARN eu.europa.esig.dss.detailedreport.DetailedReportMessageCollector - The validation at time 'CERTIFICATE_ISSUANCE_TIME' is not found or not performed!
11:41:20.437 [pool-2-thread-6] WARN eu.europa.esig.dss.detailedreport.DetailedReportMessageCollector - The validation at time 'CERTIFICATE_ISSUANCE_TIME' is not found or not performed!
11:41:20.437 [pool-2-thread-6] WARN eu.europa.esig.dss.detailedreport.DetailedReportMessageCollector - The validation at time 'VALIDATION_TIME' is not found or not performed!
11:41:20.437 [pool-2-thread-6] WARN eu.europa.esig.dss.detailedreport.DetailedReportMessageCollector - The validation at time 'VALIDATION_TIME' is not found or not performed!
11:41:20.437 [pool-2-thread-6] WARN eu.europa.esig.dss.detailedreport.DetailedReportMessageCollector - The validation at time 'VALIDATION_TIME' is not found or not performed!
11:41:20.438 [pool-2-thread-19] WARN eu.europa.esig.dss.detailedreport.DetailedReportMessageCollector - The validation at time 'CERTIFICATE_ISSUANCE_TIME' is not found or not performed!
11:41:20.438 [pool-2-thread-19] WARN eu.europa.esig.dss.detailedreport.DetailedReportMessageCollector - The validation at time 'CERTIFICATE_ISSUANCE_TIME' is not found or not performed!
11:41:20.438 [pool-2-thread-19] WARN eu.europa.esig.dss.detailedreport.DetailedReportMessageCollector - The validation at time 'CERTIFICATE_ISSUANCE_TIME' is not found or not performed!
11:41:20.438 [pool-2-thread-19] WARN eu.europa.esig.dss.detailedreport.DetailedReportMessageCollector - The validation at time 'VALIDATION_TIME' is not found or not performed!
11:41:20.438 [pool-2-thread-19] WARN eu.europa.esig.dss.detailedreport.DetailedReportMessageCollector - The validation at time 'VALIDATION_TIME' is not found or not performed!
11:41:20.438 [pool-2-thread-19] WARN eu.europa.esig.dss.detailedreport.DetailedReportMessageCollector - The validation at time 'VALIDATION_TIME' is not found or not performed!
11:41:20.438 [pool-2-thread-16] WARN eu.europa.esig.dss.validation.SignatureValidationContext - Issuer not found for certificate C-FE5D1FDE82820AC69F0265808C4E694ACF0AFA056B56A4EA84984D52A85BF7D7
11:41:20.439 [pool-2-thread-16] WARN eu.europa.esig.dss.validation.DiagnosticDataBuilder - Provided CertificateSource configuration contains none of trusted sources of type TRUSTED_STORE or TRUSTED_LIST!
11:41:20.440 [pool-2-thread-16] DEBUG eu.europa.esig.dss.spi.CertificateExtensionsUtils - Unknown non-critical CertificateExtension with OID : '2.16.840.1.113730.1.1'
11:41:20.441 [pool-2-thread-16] DEBUG eu.europa.esig.dss.spi.CertificateExtensionsUtils - Unknown non-critical CertificateExtension with OID : '2.16.840.1.113730.1.1'
11:41:20.442 [pool-2-thread-16] WARN eu.europa.esig.dss.detailedreport.DetailedReportMessageCollector - The validation at time 'CERTIFICATE_ISSUANCE_TIME' is not found or not performed!
11:41:20.443 [pool-2-thread-16] WARN eu.europa.esig.dss.detailedreport.DetailedReportMessageCollector - The validation at time 'CERTIFICATE_ISSUANCE_TIME' is not found or not performed!
11:41:20.443 [pool-2-thread-16] WARN eu.europa.esig.dss.detailedreport.DetailedReportMessageCollector - The validation at time 'CERTIFICATE_ISSUANCE_TIME' is not found or not performed!
11:41:20.443 [pool-2-thread-16] WARN eu.europa.esig.dss.detailedreport.DetailedReportMessageCollector - The validation at time 'VALIDATION_TIME' is not found or not performed!
11:41:20.443 [pool-2-thread-16] WARN eu.europa.esig.dss.detailedreport.DetailedReportMessageCollector - The validation at time 'VALIDATION_TIME' is not found or not performed!
11:41:20.443 [pool-2-thread-16] WARN eu.europa.esig.dss.detailedreport.DetailedReportMessageCollector - The validation at time 'VALIDATION_TIME' is not found or not performed!
11:41:20.451 [pool-2-thread-2] INFO eu.europa.esig.dss.validation.CommonCertificateVerifier - + New CommonCertificateVerifier created.
11:41:20.452 [pool-2-thread-2] INFO eu.europa.esig.dss.validation.AIACertificateSource - Retrieving C-D54951FEBBC59D2C2EC01ACCD92CCD8C9D2C7444C2E551BA7EC0DE622C74148C certificate's issuer using AIA.
11:41:20.452 [pool-2-thread-2] DEBUG eu.europa.esig.dss.spi.x509.aia.DefaultAIASource - Loading certificate(s) from 'http://ca.luxtrust.lu/LTQCA.crt'.
11:41:20.452 [pool-2-thread-2] DEBUG eu.europa.esig.dss.spi.x509.aia.DefaultAIASource - Base64 content : MIID8DCCAtigAwIBAgICA+swDQYJKoZIhvcNAQEFBQAwQDELMAkGA1UEBhMCTFUxFjAUBgNVBAoTDUx1eFRydXN0IHMuYS4xGTAXBgNVBAMTEEx1eFRydXN0IHJvb3QgQ0EwHhcNMDgwNjA1MDkyNTI0WhcNMTYxMDE4MTA0MDM0WjBFMQswCQYDVQQGEwJMVTEWMBQGA1UEChMNTHV4VHJ1c3QgUy5BLjEeMBwGA1UEAxMVTHV4VHJ1c3QgUXVhbGlmaWVkIENBMIIBIjANBgkqhkiG9w0BAQEFAAOCAQ8AMIIBCgKCAQEAybFXzA+8RNnvlCd+sZ8BnH6WO3LmaLi419Ygd9VBYcIwLmMx9KgAKF3u4B87Hee5NL4Xvhm/B9DuDUH5OGZ3P2Dwf7putVEvATvW8jzYq6CzarUthzb9ux+KTdTT+d4y6tkgVggy9DBe+bz635oZm2PPQT9kzoR48RBN730KA/MJIa0Sa7ZDphL37WHSA4/TWh9F1/LBRVGC0F4Mg1hU/u+kovF5mTuUK+ncU7+FS0cQRhAD+C4WfLI/WuzuE+T6ZuZ6Iqg6+vqgf6iKwL6iVZmwKkJPvV3+3Wgy3zq5tpDvsIGj4kXd1riQGKsEeDfN8y71DG3OdBqF1Yd7ue7ziwIDAQABo4HuMIHrMA8GA1UdEwQIMAYBAf8CAQAwQgYDVR0gBDswOTA3BggrgSsBAQEBADArMCkGCCsGAQUFBwIBFh1odHRwOi8vcmVwb3NpdG9yeS5sdXh0cnVzdC5sdTARBglghkgBhvhCAQEEBAMCAAcwDgYDVR0PAQH/BAQDAgHGMB8GA1UdIwQYMBaAFN2K1zDx+ZFx6UdwDCXlrKGN34wlMDEGA1UdHwQqMCgwJqAkoCKGIGh0dHA6Ly9jcmwubHV4dHJ1c3QubHUvTFRSQ0EuY3JsMB0GA1UdDgQWBBSNkKMH3RoTd5lMkqtNQ94/zSlkBTANBgkqhkiG9w0BAQUFAAOCAQEAapxOpigXTejGgHBWMAwDBMdZQHpPyoCmw32OIj1qqezO5nDnjG5gfJni/rp5IFMpV//xmCkjqyO92PyYbcHNSUpP1SjCkyn10e6ipmzpXK0MbgFvIPglAgA5dXxTNf0Q77eWu36fz5VKQEmJzqoXTccq4nuLL9rLZ88YUlczMaWscETIZCB4kecKVyqHf4+T0JucZqX7zzfpiVyTr2M+OGl9qiOmKwBGkzseJt+MgYWrskJADKDZMr4bQxkxnhzCSQoraX7DugxM0fH47MitCc74uZrWIJ6qQjCLBtKzxUGy7B3pYOjLlThr7S64cd12yuR+NjHAFZ2DTXwxKg/FQg==
11:41:20.452 [pool-2-thread-2] DEBUG eu.europa.esig.dss.spi.x509.aia.DefaultAIASource - 1 certificate(s) loaded from 'http://ca.luxtrust.lu/LTQCA.crt'
11:41:20.454 [pool-2-thread-2] INFO eu.europa.esig.dss.validation.AIACertificateSource - Retrieving C-FE5D1FDE82820AC69F0265808C4E694ACF0AFA056B56A4EA84984D52A85BF7D7 certificate's issuer using AIA.
11:41:20.454 [pool-2-thread-2] INFO eu.europa.esig.dss.spi.x509.aia.DefaultAIASource - There is no AIA extension for certificate download.
11:41:20.454 [pool-2-thread-2] WARN eu.europa.esig.dss.validation.SignatureValidationContext - No revocation found for the certificate C-D54951FEBBC59D2C2EC01ACCD92CCD8C9D2C7444C2E551BA7EC0DE622C74148C
11:41:20.454 [pool-2-thread-5] INFO eu.europa.esig.dss.validation.CommonCertificateVerifier - + New CommonCertificateVerifier created.
11:41:20.454 [pool-2-thread-12] INFO eu.europa.esig.dss.validation.CommonCertificateVerifier - + New CommonCertificateVerifier created.
11:41:20.454 [pool-2-thread-5] INFO eu.europa.esig.dss.validation.AIACertificateSource - Retrieving C-D54951FEBBC59D2C2EC01ACCD92CCD8C9D2C7444C2E551BA7EC0DE622C74148C certificate's issuer using AIA.
11:41:20.454 [pool-2-thread-5] DEBUG eu.europa.esig.dss.spi.x509.aia.DefaultAIASource - Loading certificate(s) from 'http://ca.luxtrust.lu/LTQCA.crt'.
11:41:20.455 [pool-2-thread-5] DEBUG eu.europa.esig.dss.spi.x509.aia.DefaultAIASource - Base64 content : MIID8DCCAtigAwIBAgICA+swDQYJKoZIhvcNAQEFBQAwQDELMAkGA1UEBhMCTFUxFjAUBgNVBAoTDUx1eFRydXN0IHMuYS4xGTAXBgNVBAMTEEx1eFRydXN0IHJvb3QgQ0EwHhcNMDgwNjA1MDkyNTI0WhcNMTYxMDE4MTA0MDM0WjBFMQswCQYDVQQGEwJMVTEWMBQGA1UEChMNTHV4VHJ1c3QgUy5BLjEeMBwGA1UEAxMVTHV4VHJ1c3QgUXVhbGlmaWVkIENBMIIBIjANBgkqhkiG9w0BAQEFAAOCAQ8AMIIBCgKCAQEAybFXzA+8RNnvlCd+sZ8BnH6WO3LmaLi419Ygd9VBYcIwLmMx9KgAKF3u4B87Hee5NL4Xvhm/B9DuDUH5OGZ3P2Dwf7putVEvATvW8jzYq6CzarUthzb9ux+KTdTT+d4y6tkgVggy9DBe+bz635oZm2PPQT9kzoR48RBN730KA/MJIa0Sa7ZDphL37WHSA4/TWh9F1/LBRVGC0F4Mg1hU/u+kovF5mTuUK+ncU7+FS0cQRhAD+C4WfLI/WuzuE+T6ZuZ6Iqg6+vqgf6iKwL6iVZmwKkJPvV3+3Wgy3zq5tpDvsIGj4kXd1riQGKsEeDfN8y71DG3OdBqF1Yd7ue7ziwIDAQABo4HuMIHrMA8GA1UdEwQIMAYBAf8CAQAwQgYDVR0gBDswOTA3BggrgSsBAQEBADArMCkGCCsGAQUFBwIBFh1odHRwOi8vcmVwb3NpdG9yeS5sdXh0cnVzdC5sdTARBglghkgBhvhCAQEEBAMCAAcwDgYDVR0PAQH/BAQDAgHGMB8GA1UdIwQYMBaAFN2K1zDx+ZFx6UdwDCXlrKGN34wlMDEGA1UdHwQqMCgwJqAkoCKGIGh0dHA6Ly9jcmwubHV4dHJ1c3QubHUvTFRSQ0EuY3JsMB0GA1UdDgQWBBSNkKMH3RoTd5lMkqtNQ94/zSlkBTANBgkqhkiG9w0BAQUFAAOCAQEAapxOpigXTejGgHBWMAwDBMdZQHpPyoCmw32OIj1qqezO5nDnjG5gfJni/rp5IFMpV//xmCkjqyO92PyYbcHNSUpP1SjCkyn10e6ipmzpXK0MbgFvIPglAgA5dXxTNf0Q77eWu36fz5VKQEmJzqoXTccq4nuLL9rLZ88YUlczMaWscETIZCB4kecKVyqHf4+T0JucZqX7zzfpiVyTr2M+OGl9qiOmKwBGkzseJt+MgYWrskJADKDZMr4bQxkxnhzCSQoraX7DugxM0fH47MitCc74uZrWIJ6qQjCLBtKzxUGy7B3pYOjLlThr7S64cd12yuR+NjHAFZ2DTXwxKg/FQg==
11:41:20.455 [pool-2-thread-2] WARN eu.europa.esig.dss.validation.SignatureValidationContext - Issuer not found for certificate C-FE5D1FDE82820AC69F0265808C4E694ACF0AFA056B56A4EA84984D52A85BF7D7
11:41:20.455 [pool-2-thread-2] WARN eu.europa.esig.dss.validation.DiagnosticDataBuilder - Provided CertificateSource configuration contains none of trusted sources of type TRUSTED_STORE or TRUSTED_LIST!
11:41:20.455 [pool-2-thread-5] DEBUG eu.europa.esig.dss.spi.x509.aia.DefaultAIASource - 1 certificate(s) loaded from 'http://ca.luxtrust.lu/LTQCA.crt'
11:41:20.455 [pool-2-thread-15] INFO eu.europa.esig.dss.validation.CommonCertificateVerifier - + New CommonCertificateVerifier created.
11:41:20.455 [pool-2-thread-2] DEBUG eu.europa.esig.dss.spi.CertificateExtensionsUtils - Unknown non-critical CertificateExtension with OID : '2.16.840.1.113730.1.1'
11:41:20.456 [pool-2-thread-12] INFO eu.europa.esig.dss.validation.AIACertificateSource - Retrieving C-D54951FEBBC59D2C2EC01ACCD92CCD8C9D2C7444C2E551BA7EC0DE622C74148C certificate's issuer using AIA.
11:41:20.456 [pool-2-thread-12] DEBUG eu.europa.esig.dss.spi.x509.aia.DefaultAIASource - Loading certificate(s) from 'http://ca.luxtrust.lu/LTQCA.crt'.
11:41:20.455 [pool-2-thread-15] INFO eu.europa.esig.dss.validation.AIACertificateSource - Retrieving C-D54951FEBBC59D2C2EC01ACCD92CCD8C9D2C7444C2E551BA7EC0DE622C74148C certificate's issuer using AIA.
11:41:20.456 [pool-2-thread-15] DEBUG eu.europa.esig.dss.spi.x509.aia.DefaultAIASource - Loading certificate(s) from 'http://ca.luxtrust.lu/LTQCA.crt'.
11:41:20.456 [pool-2-thread-5] INFO eu.europa.esig.dss.validation.AIACertificateSource - Retrieving C-FE5D1FDE82820AC69F0265808C4E694ACF0AFA056B56A4EA84984D52A85BF7D7 certificate's issuer using AIA.
11:41:20.456 [pool-2-thread-2] DEBUG eu.europa.esig.dss.spi.CertificateExtensionsUtils - Unknown non-critical CertificateExtension with OID : '2.16.840.1.113730.1.1'
11:41:20.456 [pool-2-thread-5] INFO eu.europa.esig.dss.spi.x509.aia.DefaultAIASource - There is no AIA extension for certificate download.
11:41:20.456 [pool-2-thread-15] DEBUG eu.europa.esig.dss.spi.x509.aia.DefaultAIASource - Base64 content : MIID8DCCAtigAwIBAgICA+swDQYJKoZIhvcNAQEFBQAwQDELMAkGA1UEBhMCTFUxFjAUBgNVBAoTDUx1eFRydXN0IHMuYS4xGTAXBgNVBAMTEEx1eFRydXN0IHJvb3QgQ0EwHhcNMDgwNjA1MDkyNTI0WhcNMTYxMDE4MTA0MDM0WjBFMQswCQYDVQQGEwJMVTEWMBQGA1UEChMNTHV4VHJ1c3QgUy5BLjEeMBwGA1UEAxMVTHV4VHJ1c3QgUXVhbGlmaWVkIENBMIIBIjANBgkqhkiG9w0BAQEFAAOCAQ8AMIIBCgKCAQEAybFXzA+8RNnvlCd+sZ8BnH6WO3LmaLi419Ygd9VBYcIwLmMx9KgAKF3u4B87Hee5NL4Xvhm/B9DuDUH5OGZ3P2Dwf7putVEvATvW8jzYq6CzarUthzb9ux+KTdTT+d4y6tkgVggy9DBe+bz635oZm2PPQT9kzoR48RBN730KA/MJIa0Sa7ZDphL37WHSA4/TWh9F1/LBRVGC0F4Mg1hU/u+kovF5mTuUK+ncU7+FS0cQRhAD+C4WfLI/WuzuE+T6ZuZ6Iqg6+vqgf6iKwL6iVZmwKkJPvV3+3Wgy3zq5tpDvsIGj4kXd1riQGKsEeDfN8y71DG3OdBqF1Yd7ue7ziwIDAQABo4HuMIHrMA8GA1UdEwQIMAYBAf8CAQAwQgYDVR0gBDswOTA3BggrgSsBAQEBADArMCkGCCsGAQUFBwIBFh1odHRwOi8vcmVwb3NpdG9yeS5sdXh0cnVzdC5sdTARBglghkgBhvhCAQEEBAMCAAcwDgYDVR0PAQH/BAQDAgHGMB8GA1UdIwQYMBaAFN2K1zDx+ZFx6UdwDCXlrKGN34wlMDEGA1UdHwQqMCgwJqAkoCKGIGh0dHA6Ly9jcmwubHV4dHJ1c3QubHUvTFRSQ0EuY3JsMB0GA1UdDgQWBBSNkKMH3RoTd5lMkqtNQ94/zSlkBTANBgkqhkiG9w0BAQUFAAOCAQEAapxOpigXTejGgHBWMAwDBMdZQHpPyoCmw32OIj1qqezO5nDnjG5gfJni/rp5IFMpV//xmCkjqyO92PyYbcHNSUpP1SjCkyn10e6ipmzpXK0MbgFvIPglAgA5dXxTNf0Q77eWu36fz5VKQEmJzqoXTccq4nuLL9rLZ88YUlczMaWscETIZCB4kecKVyqHf4+T0JucZqX7zzfpiVyTr2M+OGl9qiOmKwBGkzseJt+MgYWrskJADKDZMr4bQxkxnhzCSQoraX7DugxM0fH47MitCc74uZrWIJ6qQjCLBtKzxUGy7B3pYOjLlThr7S64cd12yuR+NjHAFZ2DTXwxKg/FQg==
11:41:20.456 [pool-2-thread-15] DEBUG eu.europa.esig.dss.spi.x509.aia.DefaultAIASource - 1 certificate(s) loaded from 'http://ca.luxtrust.lu/LTQCA.crt'
11:41:20.458 [pool-2-thread-15] INFO eu.europa.esig.dss.validation.AIACertificateSource - Retrieving C-FE5D1FDE82820AC69F0265808C4E694ACF0AFA056B56A4EA84984D52A85BF7D7 certificate's issuer using AIA.
11:41:20.458 [pool-2-thread-15] INFO eu.europa.esig.dss.spi.x509.aia.DefaultAIASource - There is no AIA extension for certificate download.
11:41:20.458 [pool-2-thread-15] WARN eu.europa.esig.dss.validation.SignatureValidationContext - No revocation found for the certificate C-D54951FEBBC59D2C2EC01ACCD92CCD8C9D2C7444C2E551BA7EC0DE622C74148C
11:41:20.459 [pool-2-thread-15] WARN eu.europa.esig.dss.validation.SignatureValidationContext - Issuer not found for certificate C-FE5D1FDE82820AC69F0265808C4E694ACF0AFA056B56A4EA84984D52A85BF7D7
11:41:20.459 [pool-2-thread-15] WARN eu.europa.esig.dss.validation.DiagnosticDataBuilder - Provided CertificateSource configuration contains none of trusted sources of type TRUSTED_STORE or TRUSTED_LIST!
11:41:20.459 [pool-2-thread-11] INFO eu.europa.esig.dss.validation.CommonCertificateVerifier - + New CommonCertificateVerifier created.
11:41:20.459 [pool-2-thread-11] INFO eu.europa.esig.dss.validation.AIACertificateSource - Retrieving C-D54951FEBBC59D2C2EC01ACCD92CCD8C9D2C7444C2E551BA7EC0DE622C74148C certificate's issuer using AIA.
11:41:20.459 [pool-2-thread-11] DEBUG eu.europa.esig.dss.spi.x509.aia.DefaultAIASource - Loading certificate(s) from 'http://ca.luxtrust.lu/LTQCA.crt'.
11:41:20.459 [pool-2-thread-15] DEBUG eu.europa.esig.dss.spi.CertificateExtensionsUtils - Unknown non-critical CertificateExtension with OID : '2.16.840.1.113730.1.1'
11:41:20.460 [pool-2-thread-11] DEBUG eu.europa.esig.dss.spi.x509.aia.DefaultAIASource - Base64 content : MIID8DCCAtigAwIBAgICA+swDQYJKoZIhvcNAQEFBQAwQDELMAkGA1UEBhMCTFUxFjAUBgNVBAoTDUx1eFRydXN0IHMuYS4xGTAXBgNVBAMTEEx1eFRydXN0IHJvb3QgQ0EwHhcNMDgwNjA1MDkyNTI0WhcNMTYxMDE4MTA0MDM0WjBFMQswCQYDVQQGEwJMVTEWMBQGA1UEChMNTHV4VHJ1c3QgUy5BLjEeMBwGA1UEAxMVTHV4VHJ1c3QgUXVhbGlmaWVkIENBMIIBIjANBgkqhkiG9w0BAQEFAAOCAQ8AMIIBCgKCAQEAybFXzA+8RNnvlCd+sZ8BnH6WO3LmaLi419Ygd9VBYcIwLmMx9KgAKF3u4B87Hee5NL4Xvhm/B9DuDUH5OGZ3P2Dwf7putVEvATvW8jzYq6CzarUthzb9ux+KTdTT+d4y6tkgVggy9DBe+bz635oZm2PPQT9kzoR48RBN730KA/MJIa0Sa7ZDphL37WHSA4/TWh9F1/LBRVGC0F4Mg1hU/u+kovF5mTuUK+ncU7+FS0cQRhAD+C4WfLI/WuzuE+T6ZuZ6Iqg6+vqgf6iKwL6iVZmwKkJPvV3+3Wgy3zq5tpDvsIGj4kXd1riQGKsEeDfN8y71DG3OdBqF1Yd7ue7ziwIDAQABo4HuMIHrMA8GA1UdEwQIMAYBAf8CAQAwQgYDVR0gBDswOTA3BggrgSsBAQEBADArMCkGCCsGAQUFBwIBFh1odHRwOi8vcmVwb3NpdG9yeS5sdXh0cnVzdC5sdTARBglghkgBhvhCAQEEBAMCAAcwDgYDVR0PAQH/BAQDAgHGMB8GA1UdIwQYMBaAFN2K1zDx+ZFx6UdwDCXlrKGN34wlMDEGA1UdHwQqMCgwJqAkoCKGIGh0dHA6Ly9jcmwubHV4dHJ1c3QubHUvTFRSQ0EuY3JsMB0GA1UdDgQWBBSNkKMH3RoTd5lMkqtNQ94/zSlkBTANBgkqhkiG9w0BAQUFAAOCAQEAapxOpigXTejGgHBWMAwDBMdZQHpPyoCmw32OIj1qqezO5nDnjG5gfJni/rp5IFMpV//xmCkjqyO92PyYbcHNSUpP1SjCkyn10e6ipmzpXK0MbgFvIPglAgA5dXxTNf0Q77eWu36fz5VKQEmJzqoXTccq4nuLL9rLZ88YUlczMaWscETIZCB4kecKVyqHf4+T0JucZqX7zzfpiVyTr2M+OGl9qiOmKwBGkzseJt+MgYWrskJADKDZMr4bQxkxnhzCSQoraX7DugxM0fH47MitCc74uZrWIJ6qQjCLBtKzxUGy7B3pYOjLlThr7S64cd12yuR+NjHAFZ2DTXwxKg/FQg==
11:41:20.460 [pool-2-thread-11] DEBUG eu.europa.esig.dss.spi.x509.aia.DefaultAIASource - 1 certificate(s) loaded from 'http://ca.luxtrust.lu/LTQCA.crt'
11:41:20.461 [pool-2-thread-15] DEBUG eu.europa.esig.dss.spi.CertificateExtensionsUtils - Unknown non-critical CertificateExtension with OID : '2.16.840.1.113730.1.1'
11:41:20.462 [pool-2-thread-12] DEBUG eu.europa.esig.dss.spi.x509.aia.DefaultAIASource - Base64 content : MIID8DCCAtigAwIBAgICA+swDQYJKoZIhvcNAQEFBQAwQDELMAkGA1UEBhMCTFUxFjAUBgNVBAoTDUx1eFRydXN0IHMuYS4xGTAXBgNVBAMTEEx1eFRydXN0IHJvb3QgQ0EwHhcNMDgwNjA1MDkyNTI0WhcNMTYxMDE4MTA0MDM0WjBFMQswCQYDVQQGEwJMVTEWMBQGA1UEChMNTHV4VHJ1c3QgUy5BLjEeMBwGA1UEAxMVTHV4VHJ1c3QgUXVhbGlmaWVkIENBMIIBIjANBgkqhkiG9w0BAQEFAAOCAQ8AMIIBCgKCAQEAybFXzA+8RNnvlCd+sZ8BnH6WO3LmaLi419Ygd9VBYcIwLmMx9KgAKF3u4B87Hee5NL4Xvhm/B9DuDUH5OGZ3P2Dwf7putVEvATvW8jzYq6CzarUthzb9ux+KTdTT+d4y6tkgVggy9DBe+bz635oZm2PPQT9kzoR48RBN730KA/MJIa0Sa7ZDphL37WHSA4/TWh9F1/LBRVGC0F4Mg1hU/u+kovF5mTuUK+ncU7+FS0cQRhAD+C4WfLI/WuzuE+T6ZuZ6Iqg6+vqgf6iKwL6iVZmwKkJPvV3+3Wgy3zq5tpDvsIGj4kXd1riQGKsEeDfN8y71DG3OdBqF1Yd7ue7ziwIDAQABo4HuMIHrMA8GA1UdEwQIMAYBAf8CAQAwQgYDVR0gBDswOTA3BggrgSsBAQEBADArMCkGCCsGAQUFBwIBFh1odHRwOi8vcmVwb3NpdG9yeS5sdXh0cnVzdC5sdTARBglghkgBhvhCAQEEBAMCAAcwDgYDVR0PAQH/BAQDAgHGMB8GA1UdIwQYMBaAFN2K1zDx+ZFx6UdwDCXlrKGN34wlMDEGA1UdHwQqMCgwJqAkoCKGIGh0dHA6Ly9jcmwubHV4dHJ1c3QubHUvTFRSQ0EuY3JsMB0GA1UdDgQWBBSNkKMH3RoTd5lMkqtNQ94/zSlkBTANBgkqhkiG9w0BAQUFAAOCAQEAapxOpigXTejGgHBWMAwDBMdZQHpPyoCmw32OIj1qqezO5nDnjG5gfJni/rp5IFMpV//xmCkjqyO92PyYbcHNSUpP1SjCkyn10e6ipmzpXK0MbgFvIPglAgA5dXxTNf0Q77eWu36fz5VKQEmJzqoXTccq4nuLL9rLZ88YUlczMaWscETIZCB4kecKVyqHf4+T0JucZqX7zzfpiVyTr2M+OGl9qiOmKwBGkzseJt+MgYWrskJADKDZMr4bQxkxnhzCSQoraX7DugxM0fH47MitCc74uZrWIJ6qQjCLBtKzxUGy7B3pYOjLlThr7S64cd12yuR+NjHAFZ2DTXwxKg/FQg==
11:41:20.463 [pool-2-thread-12] DEBUG eu.europa.esig.dss.spi.x509.aia.DefaultAIASource - 1 certificate(s) loaded from 'http://ca.luxtrust.lu/LTQCA.crt'
11:41:20.463 [pool-2-thread-15] WARN eu.europa.esig.dss.detailedreport.DetailedReportMessageCollector - The validation at time 'CERTIFICATE_ISSUANCE_TIME' is not found or not performed!
11:41:20.463 [pool-2-thread-15] WARN eu.europa.esig.dss.detailedreport.DetailedReportMessageCollector - The validation at time 'CERTIFICATE_ISSUANCE_TIME' is not found or not performed!
11:41:20.464 [pool-2-thread-15] WARN eu.europa.esig.dss.detailedreport.DetailedReportMessageCollector - The validation at time 'CERTIFICATE_ISSUANCE_TIME' is not found or not performed!
11:41:20.464 [pool-2-thread-15] WARN eu.europa.esig.dss.detailedreport.DetailedReportMessageCollector - The validation at time 'VALIDATION_TIME' is not found or not performed!
11:41:20.464 [pool-2-thread-15] WARN eu.europa.esig.dss.detailedreport.DetailedReportMessageCollector - The validation at time 'VALIDATION_TIME' is not found or not performed!
11:41:20.464 [pool-2-thread-15] WARN eu.europa.esig.dss.detailedreport.DetailedReportMessageCollector - The validation at time 'VALIDATION_TIME' is not found or not performed!
11:41:20.464 [pool-2-thread-1] INFO eu.europa.esig.dss.validation.CommonCertificateVerifier - + New CommonCertificateVerifier created.
11:41:20.456 [pool-2-thread-5] WARN eu.europa.esig.dss.validation.SignatureValidationContext - No revocation found for the certificate C-D54951FEBBC59D2C2EC01ACCD92CCD8C9D2C7444C2E551BA7EC0DE622C74148C
11:41:20.465 [pool-2-thread-12] INFO eu.europa.esig.dss.validation.AIACertificateSource - Retrieving C-FE5D1FDE82820AC69F0265808C4E694ACF0AFA056B56A4EA84984D52A85BF7D7 certificate's issuer using AIA.
11:41:20.465 [pool-2-thread-12] INFO eu.europa.esig.dss.spi.x509.aia.DefaultAIASource - There is no AIA extension for certificate download.
11:41:20.465 [pool-2-thread-12] WARN eu.europa.esig.dss.validation.SignatureValidationContext - No revocation found for the certificate C-D54951FEBBC59D2C2EC01ACCD92CCD8C9D2C7444C2E551BA7EC0DE622C74148C
11:41:20.466 [pool-2-thread-1] INFO eu.europa.esig.dss.validation.AIACertificateSource - Retrieving C-D54951FEBBC59D2C2EC01ACCD92CCD8C9D2C7444C2E551BA7EC0DE622C74148C certificate's issuer using AIA.
11:41:20.458 [pool-2-thread-2] WARN eu.europa.esig.dss.detailedreport.DetailedReportMessageCollector - The validation at time 'CERTIFICATE_ISSUANCE_TIME' is not found or not performed!
11:41:20.466 [pool-2-thread-5] WARN eu.europa.esig.dss.validation.SignatureValidationContext - Issuer not found for certificate C-FE5D1FDE82820AC69F0265808C4E694ACF0AFA056B56A4EA84984D52A85BF7D7
11:41:20.466 [pool-2-thread-2] WARN eu.europa.esig.dss.detailedreport.DetailedReportMessageCollector - The validation at time 'CERTIFICATE_ISSUANCE_TIME' is not found or not performed!
11:41:20.460 [pool-2-thread-18] INFO eu.europa.esig.dss.validation.CommonCertificateVerifier - + New CommonCertificateVerifier created.
11:41:20.466 [pool-2-thread-2] WARN eu.europa.esig.dss.detailedreport.DetailedReportMessageCollector - The validation at time 'CERTIFICATE_ISSUANCE_TIME' is not found or not performed!
11:41:20.466 [pool-2-thread-2] WARN eu.europa.esig.dss.detailedreport.DetailedReportMessageCollector - The validation at time 'VALIDATION_TIME' is not found or not performed!
11:41:20.466 [pool-2-thread-2] WARN eu.europa.esig.dss.detailedreport.DetailedReportMessageCollector - The validation at time 'VALIDATION_TIME' is not found or not performed!
11:41:20.466 [pool-2-thread-2] WARN eu.europa.esig.dss.detailedreport.DetailedReportMessageCollector - The validation at time 'VALIDATION_TIME' is not found or not performed!
11:41:20.466 [pool-2-thread-12] WARN eu.europa.esig.dss.validation.SignatureValidationContext - Issuer not found for certificate C-FE5D1FDE82820AC69F0265808C4E694ACF0AFA056B56A4EA84984D52A85BF7D7
11:41:20.466 [pool-2-thread-18] INFO eu.europa.esig.dss.validation.AIACertificateSource - Retrieving C-D54951FEBBC59D2C2EC01ACCD92CCD8C9D2C7444C2E551BA7EC0DE622C74148C certificate's issuer using AIA.
11:41:20.466 [pool-2-thread-12] WARN eu.europa.esig.dss.validation.DiagnosticDataBuilder - Provided CertificateSource configuration contains none of trusted sources of type TRUSTED_STORE or TRUSTED_LIST!
11:41:20.466 [pool-2-thread-18] DEBUG eu.europa.esig.dss.spi.x509.aia.DefaultAIASource - Loading certificate(s) from 'http://ca.luxtrust.lu/LTQCA.crt'.
11:41:20.467 [pool-2-thread-18] DEBUG eu.europa.esig.dss.spi.x509.aia.DefaultAIASource - Base64 content : MIID8DCCAtigAwIBAgICA+swDQYJKoZIhvcNAQEFBQAwQDELMAkGA1UEBhMCTFUxFjAUBgNVBAoTDUx1eFRydXN0IHMuYS4xGTAXBgNVBAMTEEx1eFRydXN0IHJvb3QgQ0EwHhcNMDgwNjA1MDkyNTI0WhcNMTYxMDE4MTA0MDM0WjBFMQswCQYDVQQGEwJMVTEWMBQGA1UEChMNTHV4VHJ1c3QgUy5BLjEeMBwGA1UEAxMVTHV4VHJ1c3QgUXVhbGlmaWVkIENBMIIBIjANBgkqhkiG9w0BAQEFAAOCAQ8AMIIBCgKCAQEAybFXzA+8RNnvlCd+sZ8BnH6WO3LmaLi419Ygd9VBYcIwLmMx9KgAKF3u4B87Hee5NL4Xvhm/B9DuDUH5OGZ3P2Dwf7putVEvATvW8jzYq6CzarUthzb9ux+KTdTT+d4y6tkgVggy9DBe+bz635oZm2PPQT9kzoR48RBN730KA/MJIa0Sa7ZDphL37WHSA4/TWh9F1/LBRVGC0F4Mg1hU/u+kovF5mTuUK+ncU7+FS0cQRhAD+C4WfLI/WuzuE+T6ZuZ6Iqg6+vqgf6iKwL6iVZmwKkJPvV3+3Wgy3zq5tpDvsIGj4kXd1riQGKsEeDfN8y71DG3OdBqF1Yd7ue7ziwIDAQABo4HuMIHrMA8GA1UdEwQIMAYBAf8CAQAwQgYDVR0gBDswOTA3BggrgSsBAQEBADArMCkGCCsGAQUFBwIBFh1odHRwOi8vcmVwb3NpdG9yeS5sdXh0cnVzdC5sdTARBglghkgBhvhCAQEEBAMCAAcwDgYDVR0PAQH/BAQDAgHGMB8GA1UdIwQYMBaAFN2K1zDx+ZFx6UdwDCXlrKGN34wlMDEGA1UdHwQqMCgwJqAkoCKGIGh0dHA6Ly9jcmwubHV4dHJ1c3QubHUvTFRSQ0EuY3JsMB0GA1UdDgQWBBSNkKMH3RoTd5lMkqtNQ94/zSlkBTANBgkqhkiG9w0BAQUFAAOCAQEAapxOpigXTejGgHBWMAwDBMdZQHpPyoCmw32OIj1qqezO5nDnjG5gfJni/rp5IFMpV//xmCkjqyO92PyYbcHNSUpP1SjCkyn10e6ipmzpXK0MbgFvIPglAgA5dXxTNf0Q77eWu36fz5VKQEmJzqoXTccq4nuLL9rLZ88YUlczMaWscETIZCB4kecKVyqHf4+T0JucZqX7zzfpiVyTr2M+OGl9qiOmKwBGkzseJt+MgYWrskJADKDZMr4bQxkxnhzCSQoraX7DugxM0fH47MitCc74uZrWIJ6qQjCLBtKzxUGy7B3pYOjLlThr7S64cd12yuR+NjHAFZ2DTXwxKg/FQg==
11:41:20.462 [pool-2-thread-11] INFO eu.europa.esig.dss.validation.AIACertificateSource - Retrieving C-FE5D1FDE82820AC69F0265808C4E694ACF0AFA056B56A4EA84984D52A85BF7D7 certificate's issuer using AIA.
11:41:20.467 [pool-2-thread-11] INFO eu.europa.esig.dss.spi.x509.aia.DefaultAIASource - There is no AIA extension for certificate download.
11:41:20.467 [pool-2-thread-11] WARN eu.europa.esig.dss.validation.SignatureValidationContext - No revocation found for the certificate C-D54951FEBBC59D2C2EC01ACCD92CCD8C9D2C7444C2E551BA7EC0DE622C74148C
11:41:20.467 [pool-2-thread-18] DEBUG eu.europa.esig.dss.spi.x509.aia.DefaultAIASource - 1 certificate(s) loaded from 'http://ca.luxtrust.lu/LTQCA.crt'
11:41:20.467 [pool-2-thread-12] DEBUG eu.europa.esig.dss.spi.CertificateExtensionsUtils - Unknown non-critical CertificateExtension with OID : '2.16.840.1.113730.1.1'
11:41:20.466 [pool-2-thread-1] DEBUG eu.europa.esig.dss.spi.x509.aia.DefaultAIASource - Loading certificate(s) from 'http://ca.luxtrust.lu/LTQCA.crt'.
11:41:20.468 [pool-2-thread-12] DEBUG eu.europa.esig.dss.spi.CertificateExtensionsUtils - Unknown non-critical CertificateExtension with OID : '2.16.840.1.113730.1.1'
11:41:20.468 [pool-2-thread-18] INFO eu.europa.esig.dss.validation.AIACertificateSource - Retrieving C-FE5D1FDE82820AC69F0265808C4E694ACF0AFA056B56A4EA84984D52A85BF7D7 certificate's issuer using AIA.
11:41:20.469 [pool-2-thread-18] INFO eu.europa.esig.dss.spi.x509.aia.DefaultAIASource - There is no AIA extension for certificate download.
11:41:20.469 [pool-2-thread-18] WARN eu.europa.esig.dss.validation.SignatureValidationContext - No revocation found for the certificate C-D54951FEBBC59D2C2EC01ACCD92CCD8C9D2C7444C2E551BA7EC0DE622C74148C
11:41:20.466 [pool-2-thread-5] WARN eu.europa.esig.dss.validation.DiagnosticDataBuilder - Provided CertificateSource configuration contains none of trusted sources of type TRUSTED_STORE or TRUSTED_LIST!
11:41:20.469 [pool-2-thread-12] WARN eu.europa.esig.dss.detailedreport.DetailedReportMessageCollector - The validation at time 'CERTIFICATE_ISSUANCE_TIME' is not found or not performed!
11:41:20.469 [pool-2-thread-18] WARN eu.europa.esig.dss.validation.SignatureValidationContext - Issuer not found for certificate C-FE5D1FDE82820AC69F0265808C4E694ACF0AFA056B56A4EA84984D52A85BF7D7
11:41:20.469 [pool-2-thread-18] WARN eu.europa.esig.dss.validation.DiagnosticDataBuilder - Provided CertificateSource configuration contains none of trusted sources of type TRUSTED_STORE or TRUSTED_LIST!
11:41:20.468 [pool-2-thread-11] WARN eu.europa.esig.dss.validation.SignatureValidationContext - Issuer not found for certificate C-FE5D1FDE82820AC69F0265808C4E694ACF0AFA056B56A4EA84984D52A85BF7D7
11:41:20.469 [pool-2-thread-11] WARN eu.europa.esig.dss.validation.DiagnosticDataBuilder - Provided CertificateSource configuration contains none of trusted sources of type TRUSTED_STORE or TRUSTED_LIST!
11:41:20.470 [pool-2-thread-5] DEBUG eu.europa.esig.dss.spi.CertificateExtensionsUtils - Unknown non-critical CertificateExtension with OID : '2.16.840.1.113730.1.1'
11:41:20.468 [pool-2-thread-1] DEBUG eu.europa.esig.dss.spi.x509.aia.DefaultAIASource - Base64 content : MIID8DCCAtigAwIBAgICA+swDQYJKoZIhvcNAQEFBQAwQDELMAkGA1UEBhMCTFUxFjAUBgNVBAoTDUx1eFRydXN0IHMuYS4xGTAXBgNVBAMTEEx1eFRydXN0IHJvb3QgQ0EwHhcNMDgwNjA1MDkyNTI0WhcNMTYxMDE4MTA0MDM0WjBFMQswCQYDVQQGEwJMVTEWMBQGA1UEChMNTHV4VHJ1c3QgUy5BLjEeMBwGA1UEAxMVTHV4VHJ1c3QgUXVhbGlmaWVkIENBMIIBIjANBgkqhkiG9w0BAQEFAAOCAQ8AMIIBCgKCAQEAybFXzA+8RNnvlCd+sZ8BnH6WO3LmaLi419Ygd9VBYcIwLmMx9KgAKF3u4B87Hee5NL4Xvhm/B9DuDUH5OGZ3P2Dwf7putVEvATvW8jzYq6CzarUthzb9ux+KTdTT+d4y6tkgVggy9DBe+bz635oZm2PPQT9kzoR48RBN730KA/MJIa0Sa7ZDphL37WHSA4/TWh9F1/LBRVGC0F4Mg1hU/u+kovF5mTuUK+ncU7+FS0cQRhAD+C4WfLI/WuzuE+T6ZuZ6Iqg6+vqgf6iKwL6iVZmwKkJPvV3+3Wgy3zq5tpDvsIGj4kXd1riQGKsEeDfN8y71DG3OdBqF1Yd7ue7ziwIDAQABo4HuMIHrMA8GA1UdEwQIMAYBAf8CAQAwQgYDVR0gBDswOTA3BggrgSsBAQEBADArMCkGCCsGAQUFBwIBFh1odHRwOi8vcmVwb3NpdG9yeS5sdXh0cnVzdC5sdTARBglghkgBhvhCAQEEBAMCAAcwDgYDVR0PAQH/BAQDAgHGMB8GA1UdIwQYMBaAFN2K1zDx+ZFx6UdwDCXlrKGN34wlMDEGA1UdHwQqMCgwJqAkoCKGIGh0dHA6Ly9jcmwubHV4dHJ1c3QubHUvTFRSQ0EuY3JsMB0GA1UdDgQWBBSNkKMH3RoTd5lMkqtNQ94/zSlkBTANBgkqhkiG9w0BAQUFAAOCAQEAapxOpigXTejGgHBWMAwDBMdZQHpPyoCmw32OIj1qqezO5nDnjG5gfJni/rp5IFMpV//xmCkjqyO92PyYbcHNSUpP1SjCkyn10e6ipmzpXK0MbgFvIPglAgA5dXxTNf0Q77eWu36fz5VKQEmJzqoXTccq4nuLL9rLZ88YUlczMaWscETIZCB4kecKVyqHf4+T0JucZqX7zzfpiVyTr2M+OGl9qiOmKwBGkzseJt+MgYWrskJADKDZMr4bQxkxnhzCSQoraX7DugxM0fH47MitCc74uZrWIJ6qQjCLBtKzxUGy7B3pYOjLlThr7S64cd12yuR+NjHAFZ2DTXwxKg/FQg==
11:41:20.470 [pool-2-thread-18] DEBUG eu.europa.esig.dss.spi.CertificateExtensionsUtils - Unknown non-critical CertificateExtension with OID : '2.16.840.1.113730.1.1'
11:41:20.470 [pool-2-thread-11] DEBUG eu.europa.esig.dss.spi.CertificateExtensionsUtils - Unknown non-critical CertificateExtension with OID : '2.16.840.1.113730.1.1'
11:41:20.471 [pool-2-thread-1] DEBUG eu.europa.esig.dss.spi.x509.aia.DefaultAIASource - 1 certificate(s) loaded from 'http://ca.luxtrust.lu/LTQCA.crt'
11:41:20.471 [pool-2-thread-11] DEBUG eu.europa.esig.dss.spi.CertificateExtensionsUtils - Unknown non-critical CertificateExtension with OID : '2.16.840.1.113730.1.1'
11:41:20.472 [pool-2-thread-11] WARN eu.europa.esig.dss.detailedreport.DetailedReportMessageCollector - The validation at time 'CERTIFICATE_ISSUANCE_TIME' is not found or not performed!
11:41:20.473 [pool-2-thread-11] WARN eu.europa.esig.dss.detailedreport.DetailedReportMessageCollector - The validation at time 'CERTIFICATE_ISSUANCE_TIME' is not found or not performed!
11:41:20.473 [pool-2-thread-11] WARN eu.europa.esig.dss.detailedreport.DetailedReportMessageCollector - The validation at time 'CERTIFICATE_ISSUANCE_TIME' is not found or not performed!
11:41:20.473 [pool-2-thread-11] WARN eu.europa.esig.dss.detailedreport.DetailedReportMessageCollector - The validation at time 'VALIDATION_TIME' is not found or not performed!
11:41:20.473 [pool-2-thread-11] WARN eu.europa.esig.dss.detailedreport.DetailedReportMessageCollector - The validation at time 'VALIDATION_TIME' is not found or not performed!
11:41:20.473 [pool-2-thread-11] WARN eu.europa.esig.dss.detailedreport.DetailedReportMessageCollector - The validation at time 'VALIDATION_TIME' is not found or not performed!
11:41:20.469 [pool-2-thread-12] WARN eu.europa.esig.dss.detailedreport.DetailedReportMessageCollector - The validation at time 'CERTIFICATE_ISSUANCE_TIME' is not found or not performed!
11:41:20.471 [pool-2-thread-18] DEBUG eu.europa.esig.dss.spi.CertificateExtensionsUtils - Unknown non-critical CertificateExtension with OID : '2.16.840.1.113730.1.1'
11:41:20.473 [pool-2-thread-12] WARN eu.europa.esig.dss.detailedreport.DetailedReportMessageCollector - The validation at time 'CERTIFICATE_ISSUANCE_TIME' is not found or not performed!
11:41:20.473 [pool-2-thread-12] WARN eu.europa.esig.dss.detailedreport.DetailedReportMessageCollector - The validation at time 'VALIDATION_TIME' is not found or not performed!
11:41:20.473 [pool-2-thread-12] WARN eu.europa.esig.dss.detailedreport.DetailedReportMessageCollector - The validation at time 'VALIDATION_TIME' is not found or not performed!
11:41:20.473 [pool-2-thread-12] WARN eu.europa.esig.dss.detailedreport.DetailedReportMessageCollector - The validation at time 'VALIDATION_TIME' is not found or not performed!
11:41:20.472 [pool-2-thread-1] INFO eu.europa.esig.dss.validation.AIACertificateSource - Retrieving C-FE5D1FDE82820AC69F0265808C4E694ACF0AFA056B56A4EA84984D52A85BF7D7 certificate's issuer using AIA.
11:41:20.474 [pool-2-thread-1] INFO eu.europa.esig.dss.spi.x509.aia.DefaultAIASource - There is no AIA extension for certificate download.
11:41:20.474 [pool-2-thread-1] WARN eu.europa.esig.dss.validation.SignatureValidationContext - No revocation found for the certificate C-D54951FEBBC59D2C2EC01ACCD92CCD8C9D2C7444C2E551BA7EC0DE622C74148C
11:41:20.474 [pool-2-thread-18] WARN eu.europa.esig.dss.detailedreport.DetailedReportMessageCollector - The validation at time 'CERTIFICATE_ISSUANCE_TIME' is not found or not performed!
11:41:20.474 [pool-2-thread-18] WARN eu.europa.esig.dss.detailedreport.DetailedReportMessageCollector - The validation at time 'CERTIFICATE_ISSUANCE_TIME' is not found or not performed!
11:41:20.475 [pool-2-thread-1] WARN eu.europa.esig.dss.validation.SignatureValidationContext - Issuer not found for certificate C-FE5D1FDE82820AC69F0265808C4E694ACF0AFA056B56A4EA84984D52A85BF7D7
11:41:20.474 [pool-2-thread-18] WARN eu.europa.esig.dss.detailedreport.DetailedReportMessageCollector - The validation at time 'CERTIFICATE_ISSUANCE_TIME' is not found or not performed!
11:41:20.475 [pool-2-thread-1] WARN eu.europa.esig.dss.validation.DiagnosticDataBuilder - Provided CertificateSource configuration contains none of trusted sources of type TRUSTED_STORE or TRUSTED_LIST!
11:41:20.475 [pool-2-thread-18] WARN eu.europa.esig.dss.detailedreport.DetailedReportMessageCollector - The validation at time 'VALIDATION_TIME' is not found or not performed!
11:41:20.475 [pool-2-thread-18] WARN eu.europa.esig.dss.detailedreport.DetailedReportMessageCollector - The validation at time 'VALIDATION_TIME' is not found or not performed!
11:41:20.475 [pool-2-thread-18] WARN eu.europa.esig.dss.detailedreport.DetailedReportMessageCollector - The validation at time 'VALIDATION_TIME' is not found or not performed!
11:41:20.476 [pool-2-thread-5] DEBUG eu.europa.esig.dss.spi.CertificateExtensionsUtils - Unknown non-critical CertificateExtension with OID : '2.16.840.1.113730.1.1'
11:41:20.476 [pool-2-thread-1] DEBUG eu.europa.esig.dss.spi.CertificateExtensionsUtils - Unknown non-critical CertificateExtension with OID : '2.16.840.1.113730.1.1'
11:41:20.477 [pool-2-thread-1] DEBUG eu.europa.esig.dss.spi.CertificateExtensionsUtils - Unknown non-critical CertificateExtension with OID : '2.16.840.1.113730.1.1'
11:41:20.479 [pool-2-thread-1] WARN eu.europa.esig.dss.detailedreport.DetailedReportMessageCollector - The validation at time 'CERTIFICATE_ISSUANCE_TIME' is not found or not performed!
11:41:20.480 [pool-2-thread-1] WARN eu.europa.esig.dss.detailedreport.DetailedReportMessageCollector - The validation at time 'CERTIFICATE_ISSUANCE_TIME' is not found or not performed!
11:41:20.480 [pool-2-thread-1] WARN eu.europa.esig.dss.detailedreport.DetailedReportMessageCollector - The validation at time 'CERTIFICATE_ISSUANCE_TIME' is not found or not performed!
11:41:20.480 [pool-2-thread-1] WARN eu.europa.esig.dss.detailedreport.DetailedReportMessageCollector - The validation at time 'VALIDATION_TIME' is not found or not performed!
11:41:20.480 [pool-2-thread-1] WARN eu.europa.esig.dss.detailedreport.DetailedReportMessageCollector - The validation at time 'VALIDATION_TIME' is not found or not performed!
11:41:20.480 [pool-2-thread-1] WARN eu.europa.esig.dss.detailedreport.DetailedReportMessageCollector - The validation at time 'VALIDATION_TIME' is not found or not performed!
11:41:20.480 [pool-2-thread-5] WARN eu.europa.esig.dss.detailedreport.DetailedReportMessageCollector - The validation at time 'CERTIFICATE_ISSUANCE_TIME' is not found or not performed!
11:41:20.480 [pool-2-thread-5] WARN eu.europa.esig.dss.detailedreport.DetailedReportMessageCollector - The validation at time 'CERTIFICATE_ISSUANCE_TIME' is not found or not performed!
11:41:20.480 [pool-2-thread-5] WARN eu.europa.esig.dss.detailedreport.DetailedReportMessageCollector - The validation at time 'CERTIFICATE_ISSUANCE_TIME' is not found or not performed!
11:41:20.480 [pool-2-thread-5] WARN eu.europa.esig.dss.detailedreport.DetailedReportMessageCollector - The validation at time 'VALIDATION_TIME' is not found or not performed!
11:41:20.480 [pool-2-thread-5] WARN eu.europa.esig.dss.detailedreport.DetailedReportMessageCollector - The validation at time 'VALIDATION_TIME' is not found or not performed!
11:41:20.480 [pool-2-thread-5] WARN eu.europa.esig.dss.detailedreport.DetailedReportMessageCollector - The validation at time 'VALIDATION_TIME' is not found or not performed!
]]></system-out>
  </testcase>
</testsuite>