<?xml version="1.0" encoding="UTF-8"?>
<testsuite xmlns:xsi="http://www.w3.org/2001/XMLSchema-instance" xsi:noNamespaceSchemaLocation="https://maven.apache.org/surefire/maven-surefire-plugin/xsd/surefire-test-report-3.0.xsd" version="3.0" name="eu.europa.esig.dss.pades.validation.suite.revocation.PAdESFiveSignaturesDocTest" time="1.152" tests="1" errors="0" skipped="0" failures="0">
  <properties>
    <property name="java.specification.version" value="19"/>
    <property name="sun.cpu.isalist" value="amd64"/>
    <property name="sun.jnu.encoding" value="Cp1252"/>
    <property name="java.class.path" value="C:\Users\amadoria\Documents\Projects\HAPKIDO\WP4\dss-fork\dss-pades-pdfbox\target\test-classes;C:\Users\amadoria\Documents\Projects\HAPKIDO\WP4\dss-fork\dss-pades-pdfbox\target\classes;C:\Users\amadoria\Documents\Projects\HAPKIDO\WP4\dss-fork\dss-pades\target\dss-pades-5.12.RC1.jar;C:\Users\amadoria\Documents\Projects\HAPKIDO\WP4\dss-fork\dss-cades\target\dss-cades-5.12.RC1.jar;C:\Users\amadoria\.m2\repository\org\apache\pdfbox\pdfbox\2.0.27\pdfbox-2.0.27.jar;C:\Users\amadoria\.m2\repository\org\apache\pdfbox\fontbox\2.0.27\fontbox-2.0.27.jar;C:\Users\amadoria\Documents\Projects\HAPKIDO\WP4\dss-fork\dss-pdfa\target\dss-pdfa-5.12.RC1.jar;C:\Users\amadoria\.m2\repository\org\verapdf\validation-model\1.22.2\validation-model-1.22.2.jar;C:\Users\amadoria\.m2\repository\org\verapdf\parser\1.22.1\parser-1.22.1.jar;C:\Users\amadoria\.m2\repository\org\verapdf\pdf-model\1.22.1\pdf-model-1.22.1.jar;C:\Users\amadoria\.m2\repository\org\verapdf\core\1.22.2\core-1.22.2.jar;C:\Users\amadoria\.m2\repository\org\verapdf\verapdf-xmp-core\1.22.2\verapdf-xmp-core-1.22.2.jar;C:\Users\amadoria\.m2\repository\org\mozilla\rhino\1.7.13\rhino-1.7.13.jar;C:\Users\amadoria\.m2\repository\com\sun\xml\bind\jaxb-impl\2.3.2\jaxb-impl-2.3.2.jar;C:\Users\amadoria\.m2\repository\com\sun\xml\bind\jaxb-core\2.3.0.1\jaxb-core-2.3.0.1.jar;C:\Users\amadoria\.m2\repository\net\java\dev\stax-utils\stax-utils\20070216\stax-utils-20070216.jar;C:\Users\amadoria\.m2\repository\org\verapdf\feature-reporting\1.22.2\feature-reporting-1.22.2.jar;C:\Users\amadoria\.m2\repository\org\verapdf\metadata-fixer\1.22.2\metadata-fixer-1.22.2.jar;C:\Users\amadoria\Documents\Projects\HAPKIDO\WP4\dss-fork\dss-pdfa\target\dss-pdfa-5.12.RC1-tests.jar;C:\Users\amadoria\Documents\Projects\HAPKIDO\WP4\dss-fork\dss-pades\target\dss-pades-5.12.RC1-tests.jar;C:\Users\amadoria\Documents\Projects\HAPKIDO\WP4\dss-fork\dss-test\target\dss-test-5.12.RC1-tests.jar;C:\Users\amadoria\Documents\Projects\HAPKIDO\WP4\dss-fork\dss-document\target\dss-document-5.12.RC1.jar;C:\Users\amadoria\Documents\Projects\HAPKIDO\WP4\dss-fork\dss-spi\target\dss-spi-5.12.RC1.jar;C:\Users\amadoria\Documents\Projects\HAPKIDO\WP4\dss-fork\dss-pades-pdfbox\libs\bcpkix-jdk18on-173b20.jar;C:\Users\amadoria\Documents\Projects\HAPKIDO\WP4\dss-fork\dss-pades-pdfbox\libs\bcprov-jdk18on-173b20.jar;C:\Users\amadoria\Documents\Projects\HAPKIDO\WP4\dss-fork\dss-pades-pdfbox\libs\bcutil-jdk18on-173b20.jar;C:\Users\amadoria\Documents\Projects\HAPKIDO\WP4\dss-fork\validation-policy\target\validation-policy-5.12.RC1.jar;C:\Users\amadoria\Documents\Projects\HAPKIDO\WP4\dss-fork\dss-policy-jaxb\target\dss-policy-jaxb-5.12.RC1.jar;C:\Users\amadoria\Documents\Projects\HAPKIDO\WP4\dss-fork\dss-jaxb-parsers\target\dss-jaxb-parsers-5.12.RC1.jar;C:\Users\amadoria\Documents\Projects\HAPKIDO\WP4\dss-fork\dss-jaxb-common\target\dss-jaxb-common-5.12.RC1.jar;C:\Users\amadoria\Documents\Projects\HAPKIDO\WP4\dss-fork\dss-alert\target\dss-alert-5.12.RC1.jar;C:\Users\amadoria\.m2\repository\org\glassfish\jaxb\jaxb-runtime\2.3.8\jaxb-runtime-2.3.8.jar;C:\Users\amadoria\.m2\repository\org\glassfish\jaxb\txw2\2.3.8\txw2-2.3.8.jar;C:\Users\amadoria\.m2\repository\com\sun\istack\istack-commons-runtime\3.0.12\istack-commons-runtime-3.0.12.jar;C:\Users\amadoria\.m2\repository\com\sun\activation\jakarta.activation\1.2.2\jakarta.activation-1.2.2.jar;C:\Users\amadoria\Documents\Projects\HAPKIDO\WP4\dss-fork\dss-diagnostic-jaxb\target\dss-diagnostic-jaxb-5.12.RC1.jar;C:\Users\amadoria\Documents\Projects\HAPKIDO\WP4\dss-fork\dss-simple-report-jaxb\target\dss-simple-report-jaxb-5.12.RC1.jar;C:\Users\amadoria\Documents\Projects\HAPKIDO\WP4\dss-fork\dss-simple-certificate-report-jaxb\target\dss-simple-certificate-report-jaxb-5.12.RC1.jar;C:\Users\amadoria\Documents\Projects\HAPKIDO\WP4\dss-fork\dss-detailed-report-jaxb\target\dss-detailed-report-jaxb-5.12.RC1.jar;C:\Users\amadoria\Documents\Projects\HAPKIDO\WP4\dss-fork\specs-validation-report\target\specs-validation-report-5.12.RC1.jar;C:\Users\amadoria\Documents\Projects\HAPKIDO\WP4\dss-fork\specs-xmldsig\target\specs-xmldsig-5.12.RC1.jar;C:\Users\amadoria\Documents\Projects\HAPKIDO\WP4\dss-fork\specs-xades\target\specs-xades-5.12.RC1.jar;C:\Users\amadoria\Documents\Projects\HAPKIDO\WP4\dss-fork\specs-trusted-list\target\specs-trusted-list-5.12.RC1.jar;C:\Users\amadoria\Documents\Projects\HAPKIDO\WP4\dss-fork\dss-i18n\target\dss-i18n-5.12.RC1.jar;C:\Users\amadoria\Documents\Projects\HAPKIDO\WP4\dss-fork\dss-token\target\dss-token-5.12.RC1.jar;C:\Users\amadoria\Documents\Projects\HAPKIDO\WP4\dss-fork\dss-model\target\dss-model-5.12.RC1.jar;C:\Users\amadoria\Documents\Projects\HAPKIDO\WP4\dss-fork\dss-enumerations\target\dss-enumerations-5.12.RC1.jar;C:\Users\amadoria\.m2\repository\org\slf4j\slf4j-api\2.0.6\slf4j-api-2.0.6.jar;C:\Users\amadoria\Documents\Projects\HAPKIDO\WP4\dss-fork\dss-service\target\dss-service-5.12.RC1.jar;C:\Users\amadoria\.m2\repository\org\apache\httpcomponents\client5\httpclient5\5.2.1\httpclient5-5.2.1.jar;C:\Users\amadoria\.m2\repository\org\apache\httpcomponents\core5\httpcore5\5.2\httpcore5-5.2.jar;C:\Users\amadoria\.m2\repository\org\apache\httpcomponents\core5\httpcore5-h2\5.2\httpcore5-h2-5.2.jar;C:\Users\amadoria\.m2\repository\commons-codec\commons-codec\1.15\commons-codec-1.15.jar;C:\Users\amadoria\.m2\repository\org\apache\santuario\xmlsec\2.3.2\xmlsec-2.3.2.jar;C:\Users\amadoria\.m2\repository\com\fasterxml\woodstox\woodstox-core\6.5.0\woodstox-core-6.5.0.jar;C:\Users\amadoria\.m2\repository\org\codehaus\woodstox\stax2-api\4.2.1\stax2-api-4.2.1.jar;C:\Users\amadoria\.m2\repository\jakarta\xml\bind\jakarta.xml.bind-api\2.3.3\jakarta.xml.bind-api-2.3.3.jar;C:\Users\amadoria\.m2\repository\org\slf4j\jcl-over-slf4j\2.0.6\jcl-over-slf4j-2.0.6.jar;C:\Users\amadoria\.m2\repository\ch\qos\logback\logback-classic\1.3.5\logback-classic-1.3.5.jar;C:\Users\amadoria\.m2\repository\ch\qos\logback\logback-core\1.3.5\logback-core-1.3.5.jar;C:\Users\amadoria\.m2\repository\com\h2database\h2\2.1.214\h2-2.1.214.jar;C:\Users\amadoria\.m2\repository\org\junit\platform\junit-platform-launcher\1.9.2\junit-platform-launcher-1.9.2.jar;C:\Users\amadoria\.m2\repository\org\junit\jupiter\junit-jupiter-engine\5.9.2\junit-jupiter-engine-5.9.2.jar;C:\Users\amadoria\.m2\repository\org\junit\jupiter\junit-jupiter-api\5.9.2\junit-jupiter-api-5.9.2.jar;C:\Users\amadoria\.m2\repository\org\junit\jupiter\junit-jupiter-params\5.9.2\junit-jupiter-params-5.9.2.jar;C:\Users\amadoria\.m2\repository\org\awaitility\awaitility\4.2.0\awaitility-4.2.0.jar;C:\Users\amadoria\.m2\repository\org\hamcrest\hamcrest\2.1\hamcrest-2.1.jar;C:\Users\amadoria\.m2\repository\org\mockito\mockito-core\4.11.0\mockito-core-4.11.0.jar;C:\Users\amadoria\.m2\repository\net\bytebuddy\byte-buddy\1.12.19\byte-buddy-1.12.19.jar;C:\Users\amadoria\.m2\repository\net\bytebuddy\byte-buddy-agent\1.12.19\byte-buddy-agent-1.12.19.jar;C:\Users\amadoria\.m2\repository\org\objenesis\objenesis\3.3\objenesis-3.3.jar;C:\Users\amadoria\.m2\repository\com\fasterxml\jackson\module\jackson-module-jaxb-annotations\2.14.2\jackson-module-jaxb-annotations-2.14.2.jar;C:\Users\amadoria\.m2\repository\com\fasterxml\jackson\core\jackson-annotations\2.14.2\jackson-annotations-2.14.2.jar;C:\Users\amadoria\.m2\repository\com\fasterxml\jackson\core\jackson-core\2.14.2\jackson-core-2.14.2.jar;C:\Users\amadoria\.m2\repository\com\fasterxml\jackson\core\jackson-databind\2.14.2\jackson-databind-2.14.2.jar;C:\Users\amadoria\.m2\repository\jakarta\activation\jakarta.activation-api\1.2.2\jakarta.activation-api-1.2.2.jar;C:\Users\amadoria\Documents\Projects\HAPKIDO\WP4\dss-fork\dss-utils-apache-commons\target\dss-utils-apache-commons-5.12.RC1.jar;C:\Users\amadoria\Documents\Projects\HAPKIDO\WP4\dss-fork\dss-utils\target\dss-utils-5.12.RC1.jar;C:\Users\amadoria\.m2\repository\org\apache\commons\commons-lang3\3.12.0\commons-lang3-3.12.0.jar;C:\Users\amadoria\.m2\repository\org\apache\commons\commons-collections4\4.4\commons-collections4-4.4.jar;C:\Users\amadoria\.m2\repository\commons-io\commons-io\2.11.0\commons-io-2.11.0.jar;C:\Users\amadoria\Documents\Projects\HAPKIDO\WP4\dss-fork\dss-crl-parser-stream\target\dss-crl-parser-stream-5.12.RC1.jar;C:\Users\amadoria\Documents\Projects\HAPKIDO\WP4\dss-fork\dss-crl-parser\target\dss-crl-parser-5.12.RC1.jar;C:\Users\amadoria\.m2\repository\org\apache\xmlgraphics\fop-core\2.8\fop-core-2.8.jar;C:\Users\amadoria\.m2\repository\org\apache\xmlgraphics\batik-anim\1.16\batik-anim-1.16.jar;C:\Users\amadoria\.m2\repository\org\apache\xmlgraphics\batik-css\1.16\batik-css-1.16.jar;C:\Users\amadoria\.m2\repository\org\apache\xmlgraphics\batik-dom\1.16\batik-dom-1.16.jar;C:\Users\amadoria\.m2\repository\xml-apis\xml-apis\1.4.01\xml-apis-1.4.01.jar;C:\Users\amadoria\.m2\repository\org\apache\xmlgraphics\batik-ext\1.16\batik-ext-1.16.jar;C:\Users\amadoria\.m2\repository\org\apache\xmlgraphics\batik-parser\1.16\batik-parser-1.16.jar;C:\Users\amadoria\.m2\repository\org\apache\xmlgraphics\batik-shared-resources\1.16\batik-shared-resources-1.16.jar;C:\Users\amadoria\.m2\repository\org\apache\xmlgraphics\batik-svg-dom\1.16\batik-svg-dom-1.16.jar;C:\Users\amadoria\.m2\repository\org\apache\xmlgraphics\batik-util\1.16\batik-util-1.16.jar;C:\Users\amadoria\.m2\repository\org\apache\xmlgraphics\batik-constants\1.16\batik-constants-1.16.jar;C:\Users\amadoria\.m2\repository\org\apache\xmlgraphics\batik-i18n\1.16\batik-i18n-1.16.jar;C:\Users\amadoria\.m2\repository\xml-apis\xml-apis-ext\1.3.04\xml-apis-ext-1.3.04.jar;C:\Users\amadoria\.m2\repository\org\apache\xmlgraphics\batik-awt-util\1.16\batik-awt-util-1.16.jar;C:\Users\amadoria\.m2\repository\org\apache\xmlgraphics\batik-bridge\1.16\batik-bridge-1.16.jar;C:\Users\amadoria\.m2\repository\org\apache\xmlgraphics\batik-script\1.16\batik-script-1.16.jar;C:\Users\amadoria\.m2\repository\org\apache\xmlgraphics\batik-xml\1.16\batik-xml-1.16.jar;C:\Users\amadoria\.m2\repository\org\apache\xmlgraphics\batik-extension\1.16\batik-extension-1.16.jar;C:\Users\amadoria\.m2\repository\org\apache\xmlgraphics\batik-gvt\1.16\batik-gvt-1.16.jar;C:\Users\amadoria\.m2\repository\org\apache\xmlgraphics\batik-transcoder\1.16\batik-transcoder-1.16.jar;C:\Users\amadoria\.m2\repository\org\apache\xmlgraphics\batik-svggen\1.16\batik-svggen-1.16.jar;C:\Users\amadoria\.m2\repository\org\apache\xmlgraphics\fop-events\2.8\fop-events-2.8.jar;C:\Users\amadoria\.m2\repository\com\thoughtworks\qdox\qdox\1.12\qdox-1.12.jar;C:\Users\amadoria\.m2\repository\org\apache\xmlgraphics\fop-util\2.8\fop-util-2.8.jar;C:\Users\amadoria\.m2\repository\org\apache\xmlgraphics\xmlgraphics-commons\2.8\xmlgraphics-commons-2.8.jar;C:\Users\amadoria\.m2\repository\org\junit\platform\junit-platform-suite-engine\1.9.2\junit-platform-suite-engine-1.9.2.jar;C:\Users\amadoria\.m2\repository\org\junit\platform\junit-platform-engine\1.9.2\junit-platform-engine-1.9.2.jar;C:\Users\amadoria\.m2\repository\org\opentest4j\opentest4j\1.2.0\opentest4j-1.2.0.jar;C:\Users\amadoria\.m2\repository\org\junit\platform\junit-platform-commons\1.9.2\junit-platform-commons-1.9.2.jar;C:\Users\amadoria\.m2\repository\org\junit\platform\junit-platform-suite-api\1.9.2\junit-platform-suite-api-1.9.2.jar;C:\Users\amadoria\.m2\repository\org\apiguardian\apiguardian-api\1.1.2\apiguardian-api-1.1.2.jar;C:\Users\amadoria\.m2\repository\org\junit\platform\junit-platform-suite-commons\1.9.2\junit-platform-suite-commons-1.9.2.jar;"/>
    <property name="sun.awt.enableExtraMouseButtons" value="true"/>
    <property name="java.vm.vendor" value="Oracle Corporation"/>
    <property name="sun.arch.data.model" value="64"/>
    <property name="user.variant" value=""/>
    <property name="java.vendor.url" value="https://java.oracle.com/"/>
    <property name="user.timezone" value="Europe/Amsterdam"/>
    <property name="os.name" value="Windows 10"/>
    <property name="java.vm.specification.version" value="19"/>
    <property name="sun.java.launcher" value="SUN_STANDARD"/>
    <property name="user.country" value="US"/>
    <property name="sun.boot.library.path" value="C:\Program Files\Java\jdk-19\bin"/>
    <property name="sun.java.command" value="C:\Users\amadoria\AppData\Local\Temp\surefire3758455994339619147\surefirebooter-20230428120702240_3.jar C:\Users\amadoria\AppData\Local\Temp\surefire3758455994339619147 2023-04-28T12-07-02_112-jvmRun1 surefire-20230428120702240_1tmp surefire_0-20230428120702240_2tmp"/>
    <property name="jdk.debug" value="release"/>
    <property name="surefire.test.class.path" value="C:\Users\amadoria\Documents\Projects\HAPKIDO\WP4\dss-fork\dss-pades-pdfbox\target\test-classes;C:\Users\amadoria\Documents\Projects\HAPKIDO\WP4\dss-fork\dss-pades-pdfbox\target\classes;C:\Users\amadoria\Documents\Projects\HAPKIDO\WP4\dss-fork\dss-pades\target\dss-pades-5.12.RC1.jar;C:\Users\amadoria\Documents\Projects\HAPKIDO\WP4\dss-fork\dss-cades\target\dss-cades-5.12.RC1.jar;C:\Users\amadoria\.m2\repository\org\apache\pdfbox\pdfbox\2.0.27\pdfbox-2.0.27.jar;C:\Users\amadoria\.m2\repository\org\apache\pdfbox\fontbox\2.0.27\fontbox-2.0.27.jar;C:\Users\amadoria\Documents\Projects\HAPKIDO\WP4\dss-fork\dss-pdfa\target\dss-pdfa-5.12.RC1.jar;C:\Users\amadoria\.m2\repository\org\verapdf\validation-model\1.22.2\validation-model-1.22.2.jar;C:\Users\amadoria\.m2\repository\org\verapdf\parser\1.22.1\parser-1.22.1.jar;C:\Users\amadoria\.m2\repository\org\verapdf\pdf-model\1.22.1\pdf-model-1.22.1.jar;C:\Users\amadoria\.m2\repository\org\verapdf\core\1.22.2\core-1.22.2.jar;C:\Users\amadoria\.m2\repository\org\verapdf\verapdf-xmp-core\1.22.2\verapdf-xmp-core-1.22.2.jar;C:\Users\amadoria\.m2\repository\org\mozilla\rhino\1.7.13\rhino-1.7.13.jar;C:\Users\amadoria\.m2\repository\com\sun\xml\bind\jaxb-impl\2.3.2\jaxb-impl-2.3.2.jar;C:\Users\amadoria\.m2\repository\com\sun\xml\bind\jaxb-core\2.3.0.1\jaxb-core-2.3.0.1.jar;C:\Users\amadoria\.m2\repository\net\java\dev\stax-utils\stax-utils\20070216\stax-utils-20070216.jar;C:\Users\amadoria\.m2\repository\org\verapdf\feature-reporting\1.22.2\feature-reporting-1.22.2.jar;C:\Users\amadoria\.m2\repository\org\verapdf\metadata-fixer\1.22.2\metadata-fixer-1.22.2.jar;C:\Users\amadoria\Documents\Projects\HAPKIDO\WP4\dss-fork\dss-pdfa\target\dss-pdfa-5.12.RC1-tests.jar;C:\Users\amadoria\Documents\Projects\HAPKIDO\WP4\dss-fork\dss-pades\target\dss-pades-5.12.RC1-tests.jar;C:\Users\amadoria\Documents\Projects\HAPKIDO\WP4\dss-fork\dss-test\target\dss-test-5.12.RC1-tests.jar;C:\Users\amadoria\Documents\Projects\HAPKIDO\WP4\dss-fork\dss-document\target\dss-document-5.12.RC1.jar;C:\Users\amadoria\Documents\Projects\HAPKIDO\WP4\dss-fork\dss-spi\target\dss-spi-5.12.RC1.jar;C:\Users\amadoria\Documents\Projects\HAPKIDO\WP4\dss-fork\dss-pades-pdfbox\libs\bcpkix-jdk18on-173b20.jar;C:\Users\amadoria\Documents\Projects\HAPKIDO\WP4\dss-fork\dss-pades-pdfbox\libs\bcprov-jdk18on-173b20.jar;C:\Users\amadoria\Documents\Projects\HAPKIDO\WP4\dss-fork\dss-pades-pdfbox\libs\bcutil-jdk18on-173b20.jar;C:\Users\amadoria\Documents\Projects\HAPKIDO\WP4\dss-fork\validation-policy\target\validation-policy-5.12.RC1.jar;C:\Users\amadoria\Documents\Projects\HAPKIDO\WP4\dss-fork\dss-policy-jaxb\target\dss-policy-jaxb-5.12.RC1.jar;C:\Users\amadoria\Documents\Projects\HAPKIDO\WP4\dss-fork\dss-jaxb-parsers\target\dss-jaxb-parsers-5.12.RC1.jar;C:\Users\amadoria\Documents\Projects\HAPKIDO\WP4\dss-fork\dss-jaxb-common\target\dss-jaxb-common-5.12.RC1.jar;C:\Users\amadoria\Documents\Projects\HAPKIDO\WP4\dss-fork\dss-alert\target\dss-alert-5.12.RC1.jar;C:\Users\amadoria\.m2\repository\org\glassfish\jaxb\jaxb-runtime\2.3.8\jaxb-runtime-2.3.8.jar;C:\Users\amadoria\.m2\repository\org\glassfish\jaxb\txw2\2.3.8\txw2-2.3.8.jar;C:\Users\amadoria\.m2\repository\com\sun\istack\istack-commons-runtime\3.0.12\istack-commons-runtime-3.0.12.jar;C:\Users\amadoria\.m2\repository\com\sun\activation\jakarta.activation\1.2.2\jakarta.activation-1.2.2.jar;C:\Users\amadoria\Documents\Projects\HAPKIDO\WP4\dss-fork\dss-diagnostic-jaxb\target\dss-diagnostic-jaxb-5.12.RC1.jar;C:\Users\amadoria\Documents\Projects\HAPKIDO\WP4\dss-fork\dss-simple-report-jaxb\target\dss-simple-report-jaxb-5.12.RC1.jar;C:\Users\amadoria\Documents\Projects\HAPKIDO\WP4\dss-fork\dss-simple-certificate-report-jaxb\target\dss-simple-certificate-report-jaxb-5.12.RC1.jar;C:\Users\amadoria\Documents\Projects\HAPKIDO\WP4\dss-fork\dss-detailed-report-jaxb\target\dss-detailed-report-jaxb-5.12.RC1.jar;C:\Users\amadoria\Documents\Projects\HAPKIDO\WP4\dss-fork\specs-validation-report\target\specs-validation-report-5.12.RC1.jar;C:\Users\amadoria\Documents\Projects\HAPKIDO\WP4\dss-fork\specs-xmldsig\target\specs-xmldsig-5.12.RC1.jar;C:\Users\amadoria\Documents\Projects\HAPKIDO\WP4\dss-fork\specs-xades\target\specs-xades-5.12.RC1.jar;C:\Users\amadoria\Documents\Projects\HAPKIDO\WP4\dss-fork\specs-trusted-list\target\specs-trusted-list-5.12.RC1.jar;C:\Users\amadoria\Documents\Projects\HAPKIDO\WP4\dss-fork\dss-i18n\target\dss-i18n-5.12.RC1.jar;C:\Users\amadoria\Documents\Projects\HAPKIDO\WP4\dss-fork\dss-token\target\dss-token-5.12.RC1.jar;C:\Users\amadoria\Documents\Projects\HAPKIDO\WP4\dss-fork\dss-model\target\dss-model-5.12.RC1.jar;C:\Users\amadoria\Documents\Projects\HAPKIDO\WP4\dss-fork\dss-enumerations\target\dss-enumerations-5.12.RC1.jar;C:\Users\amadoria\.m2\repository\org\slf4j\slf4j-api\2.0.6\slf4j-api-2.0.6.jar;C:\Users\amadoria\Documents\Projects\HAPKIDO\WP4\dss-fork\dss-service\target\dss-service-5.12.RC1.jar;C:\Users\amadoria\.m2\repository\org\apache\httpcomponents\client5\httpclient5\5.2.1\httpclient5-5.2.1.jar;C:\Users\amadoria\.m2\repository\org\apache\httpcomponents\core5\httpcore5\5.2\httpcore5-5.2.jar;C:\Users\amadoria\.m2\repository\org\apache\httpcomponents\core5\httpcore5-h2\5.2\httpcore5-h2-5.2.jar;C:\Users\amadoria\.m2\repository\commons-codec\commons-codec\1.15\commons-codec-1.15.jar;C:\Users\amadoria\.m2\repository\org\apache\santuario\xmlsec\2.3.2\xmlsec-2.3.2.jar;C:\Users\amadoria\.m2\repository\com\fasterxml\woodstox\woodstox-core\6.5.0\woodstox-core-6.5.0.jar;C:\Users\amadoria\.m2\repository\org\codehaus\woodstox\stax2-api\4.2.1\stax2-api-4.2.1.jar;C:\Users\amadoria\.m2\repository\jakarta\xml\bind\jakarta.xml.bind-api\2.3.3\jakarta.xml.bind-api-2.3.3.jar;C:\Users\amadoria\.m2\repository\org\slf4j\jcl-over-slf4j\2.0.6\jcl-over-slf4j-2.0.6.jar;C:\Users\amadoria\.m2\repository\ch\qos\logback\logback-classic\1.3.5\logback-classic-1.3.5.jar;C:\Users\amadoria\.m2\repository\ch\qos\logback\logback-core\1.3.5\logback-core-1.3.5.jar;C:\Users\amadoria\.m2\repository\com\h2database\h2\2.1.214\h2-2.1.214.jar;C:\Users\amadoria\.m2\repository\org\junit\platform\junit-platform-launcher\1.9.2\junit-platform-launcher-1.9.2.jar;C:\Users\amadoria\.m2\repository\org\junit\jupiter\junit-jupiter-engine\5.9.2\junit-jupiter-engine-5.9.2.jar;C:\Users\amadoria\.m2\repository\org\junit\jupiter\junit-jupiter-api\5.9.2\junit-jupiter-api-5.9.2.jar;C:\Users\amadoria\.m2\repository\org\junit\jupiter\junit-jupiter-params\5.9.2\junit-jupiter-params-5.9.2.jar;C:\Users\amadoria\.m2\repository\org\awaitility\awaitility\4.2.0\awaitility-4.2.0.jar;C:\Users\amadoria\.m2\repository\org\hamcrest\hamcrest\2.1\hamcrest-2.1.jar;C:\Users\amadoria\.m2\repository\org\mockito\mockito-core\4.11.0\mockito-core-4.11.0.jar;C:\Users\amadoria\.m2\repository\net\bytebuddy\byte-buddy\1.12.19\byte-buddy-1.12.19.jar;C:\Users\amadoria\.m2\repository\net\bytebuddy\byte-buddy-agent\1.12.19\byte-buddy-agent-1.12.19.jar;C:\Users\amadoria\.m2\repository\org\objenesis\objenesis\3.3\objenesis-3.3.jar;C:\Users\amadoria\.m2\repository\com\fasterxml\jackson\module\jackson-module-jaxb-annotations\2.14.2\jackson-module-jaxb-annotations-2.14.2.jar;C:\Users\amadoria\.m2\repository\com\fasterxml\jackson\core\jackson-annotations\2.14.2\jackson-annotations-2.14.2.jar;C:\Users\amadoria\.m2\repository\com\fasterxml\jackson\core\jackson-core\2.14.2\jackson-core-2.14.2.jar;C:\Users\amadoria\.m2\repository\com\fasterxml\jackson\core\jackson-databind\2.14.2\jackson-databind-2.14.2.jar;C:\Users\amadoria\.m2\repository\jakarta\activation\jakarta.activation-api\1.2.2\jakarta.activation-api-1.2.2.jar;C:\Users\amadoria\Documents\Projects\HAPKIDO\WP4\dss-fork\dss-utils-apache-commons\target\dss-utils-apache-commons-5.12.RC1.jar;C:\Users\amadoria\Documents\Projects\HAPKIDO\WP4\dss-fork\dss-utils\target\dss-utils-5.12.RC1.jar;C:\Users\amadoria\.m2\repository\org\apache\commons\commons-lang3\3.12.0\commons-lang3-3.12.0.jar;C:\Users\amadoria\.m2\repository\org\apache\commons\commons-collections4\4.4\commons-collections4-4.4.jar;C:\Users\amadoria\.m2\repository\commons-io\commons-io\2.11.0\commons-io-2.11.0.jar;C:\Users\amadoria\Documents\Projects\HAPKIDO\WP4\dss-fork\dss-crl-parser-stream\target\dss-crl-parser-stream-5.12.RC1.jar;C:\Users\amadoria\Documents\Projects\HAPKIDO\WP4\dss-fork\dss-crl-parser\target\dss-crl-parser-5.12.RC1.jar;C:\Users\amadoria\.m2\repository\org\apache\xmlgraphics\fop-core\2.8\fop-core-2.8.jar;C:\Users\amadoria\.m2\repository\org\apache\xmlgraphics\batik-anim\1.16\batik-anim-1.16.jar;C:\Users\amadoria\.m2\repository\org\apache\xmlgraphics\batik-css\1.16\batik-css-1.16.jar;C:\Users\amadoria\.m2\repository\org\apache\xmlgraphics\batik-dom\1.16\batik-dom-1.16.jar;C:\Users\amadoria\.m2\repository\xml-apis\xml-apis\1.4.01\xml-apis-1.4.01.jar;C:\Users\amadoria\.m2\repository\org\apache\xmlgraphics\batik-ext\1.16\batik-ext-1.16.jar;C:\Users\amadoria\.m2\repository\org\apache\xmlgraphics\batik-parser\1.16\batik-parser-1.16.jar;C:\Users\amadoria\.m2\repository\org\apache\xmlgraphics\batik-shared-resources\1.16\batik-shared-resources-1.16.jar;C:\Users\amadoria\.m2\repository\org\apache\xmlgraphics\batik-svg-dom\1.16\batik-svg-dom-1.16.jar;C:\Users\amadoria\.m2\repository\org\apache\xmlgraphics\batik-util\1.16\batik-util-1.16.jar;C:\Users\amadoria\.m2\repository\org\apache\xmlgraphics\batik-constants\1.16\batik-constants-1.16.jar;C:\Users\amadoria\.m2\repository\org\apache\xmlgraphics\batik-i18n\1.16\batik-i18n-1.16.jar;C:\Users\amadoria\.m2\repository\xml-apis\xml-apis-ext\1.3.04\xml-apis-ext-1.3.04.jar;C:\Users\amadoria\.m2\repository\org\apache\xmlgraphics\batik-awt-util\1.16\batik-awt-util-1.16.jar;C:\Users\amadoria\.m2\repository\org\apache\xmlgraphics\batik-bridge\1.16\batik-bridge-1.16.jar;C:\Users\amadoria\.m2\repository\org\apache\xmlgraphics\batik-script\1.16\batik-script-1.16.jar;C:\Users\amadoria\.m2\repository\org\apache\xmlgraphics\batik-xml\1.16\batik-xml-1.16.jar;C:\Users\amadoria\.m2\repository\org\apache\xmlgraphics\batik-extension\1.16\batik-extension-1.16.jar;C:\Users\amadoria\.m2\repository\org\apache\xmlgraphics\batik-gvt\1.16\batik-gvt-1.16.jar;C:\Users\amadoria\.m2\repository\org\apache\xmlgraphics\batik-transcoder\1.16\batik-transcoder-1.16.jar;C:\Users\amadoria\.m2\repository\org\apache\xmlgraphics\batik-svggen\1.16\batik-svggen-1.16.jar;C:\Users\amadoria\.m2\repository\org\apache\xmlgraphics\fop-events\2.8\fop-events-2.8.jar;C:\Users\amadoria\.m2\repository\com\thoughtworks\qdox\qdox\1.12\qdox-1.12.jar;C:\Users\amadoria\.m2\repository\org\apache\xmlgraphics\fop-util\2.8\fop-util-2.8.jar;C:\Users\amadoria\.m2\repository\org\apache\xmlgraphics\xmlgraphics-commons\2.8\xmlgraphics-commons-2.8.jar;C:\Users\amadoria\.m2\repository\org\junit\platform\junit-platform-suite-engine\1.9.2\junit-platform-suite-engine-1.9.2.jar;C:\Users\amadoria\.m2\repository\org\junit\platform\junit-platform-engine\1.9.2\junit-platform-engine-1.9.2.jar;C:\Users\amadoria\.m2\repository\org\opentest4j\opentest4j\1.2.0\opentest4j-1.2.0.jar;C:\Users\amadoria\.m2\repository\org\junit\platform\junit-platform-commons\1.9.2\junit-platform-commons-1.9.2.jar;C:\Users\amadoria\.m2\repository\org\junit\platform\junit-platform-suite-api\1.9.2\junit-platform-suite-api-1.9.2.jar;C:\Users\amadoria\.m2\repository\org\apiguardian\apiguardian-api\1.1.2\apiguardian-api-1.1.2.jar;C:\Users\amadoria\.m2\repository\org\junit\platform\junit-platform-suite-commons\1.9.2\junit-platform-suite-commons-1.9.2.jar;"/>
    <property name="sun.cpu.endian" value="little"/>
    <property name="user.home" value="C:\Users\amadoria"/>
    <property name="user.language" value="en"/>
    <property name="java.specification.vendor" value="Oracle Corporation"/>
    <property name="java.version.date" value="2023-01-17"/>
    <property name="java.home" value="C:\Program Files\Java\jdk-19"/>
    <property name="file.separator" value="\"/>
    <property name="basedir" value="C:\Users\amadoria\Documents\Projects\HAPKIDO\WP4\dss-fork\dss-pades-pdfbox"/>
    <property name="java.vm.compressedOopsMode" value="Zero based"/>
    <property name="line.separator" value="&#10;"/>
    <property name="java.vm.specification.vendor" value="Oracle Corporation"/>
    <property name="java.specification.name" value="Java Platform API Specification"/>
    <property name="surefire.real.class.path" value="C:\Users\amadoria\AppData\Local\Temp\surefire3758455994339619147\surefirebooter-20230428120702240_3.jar"/>
    <property name="user.script" value=""/>
    <property name="sun.management.compiler" value="HotSpot 64-Bit Tiered Compilers"/>
    <property name="java.runtime.version" value="19.0.2+7-44"/>
    <property name="user.name" value="amadoria"/>
    <property name="stdout.encoding" value="Cp1252"/>
    <property name="path.separator" value=";"/>
    <property name="os.version" value="10.0"/>
    <property name="java.runtime.name" value="Java(TM) SE Runtime Environment"/>
    <property name="file.encoding" value="UTF-8"/>
    <property name="java.vm.name" value="Java HotSpot(TM) 64-Bit Server VM"/>
    <property name="localRepository" value="C:\Users\amadoria\.m2\repository"/>
    <property name="java.vendor.url.bug" value="https://bugreport.java.com/bugreport/"/>
    <property name="java.io.tmpdir" value="C:\Users\amadoria\AppData\Local\Temp\"/>
    <property name="java.version" value="19.0.2"/>
    <property name="user.dir" value="C:\Users\amadoria\Documents\Projects\HAPKIDO\WP4\dss-fork\dss-pades-pdfbox"/>
    <property name="os.arch" value="amd64"/>
    <property name="java.vm.specification.name" value="Java Virtual Machine Specification"/>
    <property name="sun.os.patch.level" value=""/>
    <property name="native.encoding" value="Cp1252"/>
    <property name="java.library.path" value="C:\Program Files\Java\jdk-19\bin;C:\WINDOWS\Sun\Java\bin;C:\WINDOWS\system32;C:\WINDOWS;C:\Program Files\Common Files\Oracle\Java\javapath;C:\Program Files\Eclipse Adoptium\jdk-17.0.5.8-hotspot\bin;C:\WINDOWS\system32;C:\WINDOWS;C:\WINDOWS\System32\Wbem;C:\WINDOWS\System32\WindowsPowerShell\v1.0\;C:\WINDOWS\System32\OpenSSH\;C:\Program Files\dotnet\;C:\ProgramData\chocolatey\bin;C:\Program Files\Gradle\gradle-8.0.2\bin;C:\Program Files\Maven\apache-maven-3.9.0\bin;;C:\Program Files\Docker\Docker\resources\bin;C:\Users\amadoria\AppData\Local\Programs\Python\Python38\Scripts\;C:\Users\amadoria\AppData\Local\Programs\Python\Python38\;C:\Users\amadoria\AppData\Local\Microsoft\WindowsApps;C:\Users\amadoria\AppData\Local\Programs\MiKTeX\miktex\bin\x64\;C:\Users\amadoria\AppData\Local\Programs\Microsoft VS Code\bin;C:\Users\amadoria\AppData\Roaming\Python\Scripts\;C:\Users\amadoria\AppData\Local\Programs\Git\cmd;C:\Program Files\JetBrains\IntelliJ IDEA Community Edition 2022.3.3\bin;;."/>
    <property name="java.vm.info" value="mixed mode, sharing"/>
    <property name="stderr.encoding" value="Cp1252"/>
    <property name="java.vendor" value="Oracle Corporation"/>
    <property name="java.vm.version" value="19.0.2+7-44"/>
    <property name="sun.io.unicode.encoding" value="UnicodeLittle"/>
    <property name="java.class.version" value="63.0"/>
  </properties>
  <testcase name="validate" classname="eu.europa.esig.dss.pades.validation.suite.revocation.PAdESFiveSignaturesDocTest" time="1.152">
    <system-out><![CDATA[2023-04-28 12:15:18,321  INFO | main | e.europa.esig.dss.test.AbstractPkiFactoryTestValidation | =================== VALIDATION ================= 
2023-04-28 12:15:18,326  INFO | main | e.europa.esig.dss.validation.CommonCertificateVerifier  | + New CommonCertificateVerifier created. 
2023-04-28 12:15:18,482  INFO | main | eu.europa.esig.dss.pdf.AbstractPDFSignatureService      | Signature fields: [Signature6] 
2023-04-28 12:15:18,547  INFO | main | eu.europa.esig.dss.pdf.AbstractPDFSignatureService      | Signature fields: [Signature5] 
2023-04-28 12:15:18,560  INFO | main | eu.europa.esig.dss.pdf.AbstractPDFSignatureService      | Signature fields: [Signature4] 
2023-04-28 12:15:18,572  INFO | main | eu.europa.esig.dss.pdf.AbstractPDFSignatureService      | Signature fields: [Signature3] 
2023-04-28 12:15:18,581  INFO | main | eu.europa.esig.dss.pdf.AbstractPDFSignatureService      | Signature fields: [Signature2] 
2023-04-28 12:15:18,586  INFO | main | eu.europa.esig.dss.pdf.AbstractPDFSignatureService      | Signature fields: [Signature1] 
2023-04-28 12:15:18,594  INFO | main | e.europa.esig.dss.validation.CommonCertificateVerifier  | + New CommonCertificateVerifier created. 
2023-04-28 12:15:18,596  INFO | main | e.europa.esig.dss.validation.CommonCertificateVerifier  | + New CommonCertificateVerifier created. 
2023-04-28 12:15:18,598  INFO | main | e.europa.esig.dss.validation.CommonCertificateVerifier  | + New CommonCertificateVerifier created. 
2023-04-28 12:15:18,600  INFO | main | e.europa.esig.dss.validation.CommonCertificateVerifier  | + New CommonCertificateVerifier created. 
2023-04-28 12:15:18,602  INFO | main | e.europa.esig.dss.validation.CommonCertificateVerifier  | + New CommonCertificateVerifier created. 
2023-04-28 12:15:18,605  INFO | main | eu.europa.esig.dss.validation.SignedDocumentValidator   | Document validation... 
2023-04-28 12:15:19,295  INFO | main | e.europa.esig.dss.validation.CommonCertificateVerifier  | + New CommonCertificateVerifier created. 
2023-04-28 12:15:19,297  WARN | main | e.europa.esig.dss.spi.x509.SignatureIntegrityValidator  | Determining signing certificate from certificate candidates list failed: [Signature verification failed against the best candidate.] 
2023-04-28 12:15:19,299  WARN | main | e.europa.esig.dss.validation.SignatureValidationContext | POE extraction is skipped for untrusted timestamp : T-CB5412BE5492A458F39CBE92786DB7F07FBC5EDC4500DA66E86448EEAC951D45. 
2023-04-28 12:15:19,300  WARN | main | e.europa.esig.dss.validation.SignatureValidationContext | POE extraction is skipped for untrusted timestamp : T-B3A3D298EFC2086488AE7AA5F0031A75FF08A9EB471AEFA4D3A6B73C7E052C53. 
2023-04-28 12:15:19,302  WARN | main | e.europa.esig.dss.spi.x509.SignatureIntegrityValidator  | Determining signing certificate from certificate candidates list failed: [Signature verification failed against the best candidate.] 
2023-04-28 12:15:19,304  WARN | main | e.europa.esig.dss.validation.SignatureValidationContext | POE extraction is skipped for untrusted timestamp : T-96F801278362C8FD3D60A94AFB282717B9D933C352C0291AFD918B24E1C1F898. 
2023-04-28 12:15:19,306  WARN | main | e.europa.esig.dss.spi.x509.SignatureIntegrityValidator  | Determining signing certificate from certificate candidates list failed: [Signature verification failed against the best candidate.] 
2023-04-28 12:15:19,310  WARN | main | e.europa.esig.dss.spi.x509.SignatureIntegrityValidator  | Determining signing certificate from certificate candidates list failed: [Signature verification failed against the best candidate.] 
2023-04-28 12:15:19,314  WARN | main | e.europa.esig.dss.spi.x509.SignatureIntegrityValidator  | Determining signing certificate from certificate candidates list failed: [Signature verification failed against the best candidate.] 
2023-04-28 12:15:19,320  WARN | main | eu.europa.esig.dss.crl.stream.impl.CRLUtilsStreamImpl   | CRL Signature cannot be validated : Signature length not correct: got 256 but was expecting 512 
2023-04-28 12:15:19,320  WARN | main | eu.europa.esig.dss.crl.stream.impl.CRLUtilsStreamImpl   | CRL Signature cannot be validated : Signature length not correct: got 256 but was expecting 512 
2023-04-28 12:15:19,320  WARN | main | eu.europa.esig.dss.crl.stream.impl.CRLUtilsStreamImpl   | CRL Signature cannot be validated : Signature length not correct: got 256 but was expecting 512 
2023-04-28 12:15:19,320  WARN | main | eu.europa.esig.dss.crl.stream.impl.CRLUtilsStreamImpl   | CRL Signature cannot be validated : Signature length not correct: got 256 but was expecting 512 
2023-04-28 12:15:19,320  WARN | main | eu.europa.esig.dss.crl.stream.impl.CRLUtilsStreamImpl   | CRL Signature cannot be validated : Signature length not correct: got 256 but was expecting 512 
2023-04-28 12:15:19,320  WARN | main | eu.europa.esig.dss.crl.stream.impl.CRLUtilsStreamImpl   | CRL Signature cannot be validated : Signature length not correct: got 256 but was expecting 512 
2023-04-28 12:15:19,320  WARN | main | eu.europa.esig.dss.crl.stream.impl.CRLUtilsStreamImpl   | CRL Signature cannot be validated : Signature length not correct: got 256 but was expecting 512 
2023-04-28 12:15:19,320  WARN | main | eu.europa.esig.dss.crl.stream.impl.CRLUtilsStreamImpl   | CRL Signature cannot be validated : Signature length not correct: got 256 but was expecting 512 
2023-04-28 12:15:19,320  WARN | main | eu.europa.esig.dss.crl.stream.impl.CRLUtilsStreamImpl   | CRL Signature cannot be validated : Signature length not correct: got 256 but was expecting 512 
2023-04-28 12:15:19,320  WARN | main | eu.europa.esig.dss.crl.stream.impl.CRLUtilsStreamImpl   | CRL Signature cannot be validated : Signature length not correct: got 256 but was expecting 512 
2023-04-28 12:15:19,321  WARN | main | eu.europa.esig.dss.crl.stream.impl.CRLUtilsStreamImpl   | CRL Signature cannot be validated : Signature length not correct: got 256 but was expecting 512 
2023-04-28 12:15:19,321  WARN | main | eu.europa.esig.dss.crl.stream.impl.CRLUtilsStreamImpl   | CRL Signature cannot be validated : Signature length not correct: got 256 but was expecting 512 
2023-04-28 12:15:19,321  WARN | main | eu.europa.esig.dss.crl.stream.impl.CRLUtilsStreamImpl   | CRL Signature cannot be validated : Signature length not correct: got 256 but was expecting 512 
2023-04-28 12:15:19,321  WARN | main | eu.europa.esig.dss.crl.stream.impl.CRLUtilsStreamImpl   | CRL Signature cannot be validated : Signature length not correct: got 256 but was expecting 512 
2023-04-28 12:15:19,321  WARN | main | eu.europa.esig.dss.crl.stream.impl.CRLUtilsStreamImpl   | CRL Signature cannot be validated : Signature length not correct: got 256 but was expecting 512 
2023-04-28 12:15:19,321  WARN | main | eu.europa.esig.dss.crl.stream.impl.CRLUtilsStreamImpl   | CRL Signature cannot be validated : Signature length not correct: got 256 but was expecting 512 
2023-04-28 12:15:19,321  WARN | main | eu.europa.esig.dss.crl.stream.impl.CRLUtilsStreamImpl   | CRL Signature cannot be validated : Signature length not correct: got 256 but was expecting 512 
2023-04-28 12:15:19,321  WARN | main | eu.europa.esig.dss.crl.stream.impl.CRLUtilsStreamImpl   | CRL Signature cannot be validated : Signature length not correct: got 256 but was expecting 512 
2023-04-28 12:15:19,321  WARN | main | eu.europa.esig.dss.crl.stream.impl.CRLUtilsStreamImpl   | CRL Signature cannot be validated : Signature length not correct: got 256 but was expecting 512 
2023-04-28 12:15:19,321  WARN | main | eu.europa.esig.dss.crl.stream.impl.CRLUtilsStreamImpl   | CRL Signature cannot be validated : Signature length not correct: got 256 but was expecting 512 
2023-04-28 12:15:19,321  WARN | main | eu.europa.esig.dss.crl.stream.impl.CRLUtilsStreamImpl   | CRL Signature cannot be validated : Signature length not correct: got 256 but was expecting 512 
2023-04-28 12:15:19,321  WARN | main | eu.europa.esig.dss.crl.stream.impl.CRLUtilsStreamImpl   | CRL Signature cannot be validated : Signature length not correct: got 256 but was expecting 512 
2023-04-28 12:15:19,321  WARN | main | eu.europa.esig.dss.crl.stream.impl.CRLUtilsStreamImpl   | CRL Signature cannot be validated : Signature length not correct: got 256 but was expecting 512 
2023-04-28 12:15:19,321  WARN | main | eu.europa.esig.dss.crl.stream.impl.CRLUtilsStreamImpl   | CRL Signature cannot be validated : Signature length not correct: got 256 but was expecting 512 
2023-04-28 12:15:19,322  INFO | main | eu.europa.esig.dss.spi.x509.revocation.ocsp.OCSPToken   | OCSP status is good 
2023-04-28 12:15:19,327  WARN | main | e.europa.esig.dss.validation.SignatureValidationContext | No revocation found for the certificate C-96A544750269FC402373B99305F93B11B81E333D4E4B882BD85347FADA6CD340 
2023-04-28 12:15:19,331  WARN | main | eu.europa.esig.dss.crl.stream.impl.CRLUtilsStreamImpl   | CRL Signature cannot be validated : Signature length not correct: got 256 but was expecting 512 
2023-04-28 12:15:19,331  WARN | main | eu.europa.esig.dss.crl.stream.impl.CRLUtilsStreamImpl   | CRL Signature cannot be validated : Signature length not correct: got 256 but was expecting 512 
2023-04-28 12:15:19,332  WARN | main | eu.europa.esig.dss.crl.stream.impl.CRLUtilsStreamImpl   | CRL Signature cannot be validated : Signature length not correct: got 256 but was expecting 512 
2023-04-28 12:15:19,332  WARN | main | eu.europa.esig.dss.crl.stream.impl.CRLUtilsStreamImpl   | CRL Signature cannot be validated : Signature length not correct: got 256 but was expecting 512 
2023-04-28 12:15:19,332  WARN | main | eu.europa.esig.dss.crl.stream.impl.CRLUtilsStreamImpl   | CRL Signature cannot be validated : Signature length not correct: got 256 but was expecting 512 
2023-04-28 12:15:19,332  WARN | main | eu.europa.esig.dss.crl.stream.impl.CRLUtilsStreamImpl   | CRL Signature cannot be validated : Signature length not correct: got 256 but was expecting 512 
2023-04-28 12:15:19,332  WARN | main | eu.europa.esig.dss.crl.stream.impl.CRLUtilsStreamImpl   | CRL Signature cannot be validated : Signature length not correct: got 256 but was expecting 512 
2023-04-28 12:15:19,332  WARN | main | eu.europa.esig.dss.crl.stream.impl.CRLUtilsStreamImpl   | CRL Signature cannot be validated : Signature length not correct: got 256 but was expecting 512 
2023-04-28 12:15:19,332  WARN | main | eu.europa.esig.dss.crl.stream.impl.CRLUtilsStreamImpl   | CRL Signature cannot be validated : Signature length not correct: got 256 but was expecting 512 
2023-04-28 12:15:19,332  WARN | main | eu.europa.esig.dss.crl.stream.impl.CRLUtilsStreamImpl   | CRL Signature cannot be validated : Signature length not correct: got 256 but was expecting 512 
2023-04-28 12:15:19,332  WARN | main | eu.europa.esig.dss.crl.stream.impl.CRLUtilsStreamImpl   | CRL Signature cannot be validated : Signature length not correct: got 256 but was expecting 512 
2023-04-28 12:15:19,332  WARN | main | eu.europa.esig.dss.crl.stream.impl.CRLUtilsStreamImpl   | CRL Signature cannot be validated : Signature length not correct: got 256 but was expecting 512 
2023-04-28 12:15:19,332  WARN | main | eu.europa.esig.dss.crl.stream.impl.CRLUtilsStreamImpl   | CRL Signature cannot be validated : Signature length not correct: got 256 but was expecting 512 
2023-04-28 12:15:19,332  WARN | main | eu.europa.esig.dss.crl.stream.impl.CRLUtilsStreamImpl   | CRL Signature cannot be validated : Signature length not correct: got 256 but was expecting 512 
2023-04-28 12:15:19,332  WARN | main | eu.europa.esig.dss.crl.stream.impl.CRLUtilsStreamImpl   | CRL Signature cannot be validated : Signature length not correct: got 256 but was expecting 512 
2023-04-28 12:15:19,333  WARN | main | eu.europa.esig.dss.crl.stream.impl.CRLUtilsStreamImpl   | CRL Signature cannot be validated : Signature length not correct: got 256 but was expecting 512 
2023-04-28 12:15:19,333  WARN | main | eu.europa.esig.dss.crl.stream.impl.CRLUtilsStreamImpl   | CRL Signature cannot be validated : Signature length not correct: got 256 but was expecting 512 
2023-04-28 12:15:19,333  WARN | main | eu.europa.esig.dss.crl.stream.impl.CRLUtilsStreamImpl   | CRL Signature cannot be validated : Signature length not correct: got 256 but was expecting 512 
2023-04-28 12:15:19,333  WARN | main | eu.europa.esig.dss.crl.stream.impl.CRLUtilsStreamImpl   | CRL Signature cannot be validated : Signature length not correct: got 256 but was expecting 512 
2023-04-28 12:15:19,333  WARN | main | eu.europa.esig.dss.crl.stream.impl.CRLUtilsStreamImpl   | CRL Signature cannot be validated : Signature length not correct: got 256 but was expecting 512 
2023-04-28 12:15:19,333  WARN | main | eu.europa.esig.dss.crl.stream.impl.CRLUtilsStreamImpl   | CRL Signature cannot be validated : Signature length not correct: got 256 but was expecting 512 
2023-04-28 12:15:19,333  WARN | main | eu.europa.esig.dss.crl.stream.impl.CRLUtilsStreamImpl   | CRL Signature cannot be validated : Signature length not correct: got 256 but was expecting 512 
2023-04-28 12:15:19,333  WARN | main | eu.europa.esig.dss.crl.stream.impl.CRLUtilsStreamImpl   | CRL Signature cannot be validated : Signature length not correct: got 256 but was expecting 512 
2023-04-28 12:15:19,333  WARN | main | eu.europa.esig.dss.crl.stream.impl.CRLUtilsStreamImpl   | CRL Signature cannot be validated : Signature length not correct: got 256 but was expecting 512 
2023-04-28 12:15:19,333  WARN | main | e.europa.esig.dss.validation.SignatureValidationContext | No revocation found for the certificate C-A277F0618B11603B576A9D9B0453FAAA9EC2160172C56FA63D8C9D425FA2C9A5 
2023-04-28 12:15:19,336  WARN | main | eu.europa.esig.dss.crl.stream.impl.CRLUtilsStreamImpl   | CRL Signature cannot be validated : Signature length not correct: got 256 but was expecting 512 
2023-04-28 12:15:19,336  WARN | main | eu.europa.esig.dss.crl.stream.impl.CRLUtilsStreamImpl   | CRL Signature cannot be validated : Signature length not correct: got 256 but was expecting 512 
2023-04-28 12:15:19,336  WARN | main | eu.europa.esig.dss.crl.stream.impl.CRLUtilsStreamImpl   | CRL Signature cannot be validated : Signature length not correct: got 256 but was expecting 512 
2023-04-28 12:15:19,337  WARN | main | eu.europa.esig.dss.crl.stream.impl.CRLUtilsStreamImpl   | CRL Signature cannot be validated : Signature length not correct: got 256 but was expecting 512 
2023-04-28 12:15:19,337  WARN | main | eu.europa.esig.dss.crl.stream.impl.CRLUtilsStreamImpl   | CRL Signature cannot be validated : Signature length not correct: got 256 but was expecting 512 
2023-04-28 12:15:19,337  WARN | main | eu.europa.esig.dss.crl.stream.impl.CRLUtilsStreamImpl   | CRL Signature cannot be validated : Signature length not correct: got 256 but was expecting 512 
2023-04-28 12:15:19,337  WARN | main | eu.europa.esig.dss.crl.stream.impl.CRLUtilsStreamImpl   | CRL Signature cannot be validated : Signature length not correct: got 256 but was expecting 512 
2023-04-28 12:15:19,337  WARN | main | eu.europa.esig.dss.crl.stream.impl.CRLUtilsStreamImpl   | CRL Signature cannot be validated : Signature length not correct: got 256 but was expecting 512 
2023-04-28 12:15:19,337  WARN | main | eu.europa.esig.dss.crl.stream.impl.CRLUtilsStreamImpl   | CRL Signature cannot be validated : Signature length not correct: got 256 but was expecting 512 
2023-04-28 12:15:19,337  WARN | main | eu.europa.esig.dss.crl.stream.impl.CRLUtilsStreamImpl   | CRL Signature cannot be validated : Signature length not correct: got 256 but was expecting 512 
2023-04-28 12:15:19,337  WARN | main | eu.europa.esig.dss.crl.stream.impl.CRLUtilsStreamImpl   | CRL Signature cannot be validated : Signature length not correct: got 256 but was expecting 512 
2023-04-28 12:15:19,337  WARN | main | eu.europa.esig.dss.crl.stream.impl.CRLUtilsStreamImpl   | CRL Signature cannot be validated : Signature length not correct: got 256 but was expecting 512 
2023-04-28 12:15:19,337  WARN | main | eu.europa.esig.dss.crl.stream.impl.CRLUtilsStreamImpl   | CRL Signature cannot be validated : Signature length not correct: got 256 but was expecting 512 
2023-04-28 12:15:19,337  WARN | main | eu.europa.esig.dss.crl.stream.impl.CRLUtilsStreamImpl   | CRL Signature cannot be validated : Signature length not correct: got 256 but was expecting 512 
2023-04-28 12:15:19,337  WARN | main | eu.europa.esig.dss.crl.stream.impl.CRLUtilsStreamImpl   | CRL Signature cannot be validated : Signature length not correct: got 256 but was expecting 512 
2023-04-28 12:15:19,337  WARN | main | eu.europa.esig.dss.crl.stream.impl.CRLUtilsStreamImpl   | CRL Signature cannot be validated : Signature length not correct: got 256 but was expecting 512 
2023-04-28 12:15:19,337  WARN | main | eu.europa.esig.dss.crl.stream.impl.CRLUtilsStreamImpl   | CRL Signature cannot be validated : Signature length not correct: got 256 but was expecting 512 
2023-04-28 12:15:19,338  WARN | main | eu.europa.esig.dss.crl.stream.impl.CRLUtilsStreamImpl   | CRL Signature cannot be validated : Signature length not correct: got 256 but was expecting 512 
2023-04-28 12:15:19,338  WARN | main | eu.europa.esig.dss.crl.stream.impl.CRLUtilsStreamImpl   | CRL Signature cannot be validated : Signature length not correct: got 256 but was expecting 512 
2023-04-28 12:15:19,338  WARN | main | eu.europa.esig.dss.crl.stream.impl.CRLUtilsStreamImpl   | CRL Signature cannot be validated : Signature length not correct: got 256 but was expecting 512 
2023-04-28 12:15:19,338  WARN | main | eu.europa.esig.dss.crl.stream.impl.CRLUtilsStreamImpl   | CRL Signature cannot be validated : Signature length not correct: got 256 but was expecting 512 
2023-04-28 12:15:19,338  WARN | main | eu.europa.esig.dss.crl.stream.impl.CRLUtilsStreamImpl   | CRL Signature cannot be validated : Signature length not correct: got 256 but was expecting 512 
2023-04-28 12:15:19,338  WARN | main | eu.europa.esig.dss.crl.stream.impl.CRLUtilsStreamImpl   | CRL Signature cannot be validated : Signature length not correct: got 256 but was expecting 512 
2023-04-28 12:15:19,338  WARN | main | eu.europa.esig.dss.crl.stream.impl.CRLUtilsStreamImpl   | CRL Signature cannot be validated : Signature length not correct: got 256 but was expecting 512 
2023-04-28 12:15:19,338  WARN | main | e.europa.esig.dss.validation.SignatureValidationContext | No revocation found for the certificate C-81108C44C387F8665C32AF77A0F4890C1474A7DB633B4A49C17CBF24AC982D88 
2023-04-28 12:15:19,341  WARN | main | eu.europa.esig.dss.crl.stream.impl.CRLUtilsStreamImpl   | CRL Signature cannot be validated : Signature length not correct: got 256 but was expecting 512 
2023-04-28 12:15:19,341  WARN | main | eu.europa.esig.dss.crl.stream.impl.CRLUtilsStreamImpl   | CRL Signature cannot be validated : Signature length not correct: got 256 but was expecting 512 
2023-04-28 12:15:19,341  WARN | main | eu.europa.esig.dss.crl.stream.impl.CRLUtilsStreamImpl   | CRL Signature cannot be validated : Signature length not correct: got 256 but was expecting 512 
2023-04-28 12:15:19,341  WARN | main | eu.europa.esig.dss.crl.stream.impl.CRLUtilsStreamImpl   | CRL Signature cannot be validated : Signature length not correct: got 256 but was expecting 512 
2023-04-28 12:15:19,341  WARN | main | eu.europa.esig.dss.crl.stream.impl.CRLUtilsStreamImpl   | CRL Signature cannot be validated : Signature length not correct: got 256 but was expecting 512 
2023-04-28 12:15:19,342  WARN | main | eu.europa.esig.dss.crl.stream.impl.CRLUtilsStreamImpl   | CRL Signature cannot be validated : Signature length not correct: got 256 but was expecting 512 
2023-04-28 12:15:19,342  WARN | main | eu.europa.esig.dss.crl.stream.impl.CRLUtilsStreamImpl   | CRL Signature cannot be validated : Signature length not correct: got 256 but was expecting 512 
2023-04-28 12:15:19,342  WARN | main | eu.europa.esig.dss.crl.stream.impl.CRLUtilsStreamImpl   | CRL Signature cannot be validated : Signature length not correct: got 256 but was expecting 512 
2023-04-28 12:15:19,342  WARN | main | eu.europa.esig.dss.crl.stream.impl.CRLUtilsStreamImpl   | CRL Signature cannot be validated : Signature length not correct: got 256 but was expecting 512 
2023-04-28 12:15:19,342  WARN | main | eu.europa.esig.dss.crl.stream.impl.CRLUtilsStreamImpl   | CRL Signature cannot be validated : Signature length not correct: got 256 but was expecting 512 
2023-04-28 12:15:19,342  WARN | main | eu.europa.esig.dss.crl.stream.impl.CRLUtilsStreamImpl   | CRL Signature cannot be validated : Signature length not correct: got 256 but was expecting 512 
2023-04-28 12:15:19,342  WARN | main | eu.europa.esig.dss.crl.stream.impl.CRLUtilsStreamImpl   | CRL Signature cannot be validated : Signature length not correct: got 256 but was expecting 512 
2023-04-28 12:15:19,342  WARN | main | eu.europa.esig.dss.crl.stream.impl.CRLUtilsStreamImpl   | CRL Signature cannot be validated : Signature length not correct: got 256 but was expecting 512 
2023-04-28 12:15:19,342  WARN | main | eu.europa.esig.dss.crl.stream.impl.CRLUtilsStreamImpl   | CRL Signature cannot be validated : Signature length not correct: got 256 but was expecting 512 
2023-04-28 12:15:19,342  WARN | main | eu.europa.esig.dss.crl.stream.impl.CRLUtilsStreamImpl   | CRL Signature cannot be validated : Signature length not correct: got 256 but was expecting 512 
2023-04-28 12:15:19,342  WARN | main | eu.europa.esig.dss.crl.stream.impl.CRLUtilsStreamImpl   | CRL Signature cannot be validated : Signature length not correct: got 256 but was expecting 512 
2023-04-28 12:15:19,342  WARN | main | eu.europa.esig.dss.crl.stream.impl.CRLUtilsStreamImpl   | CRL Signature cannot be validated : Signature length not correct: got 256 but was expecting 512 
2023-04-28 12:15:19,342  WARN | main | eu.europa.esig.dss.crl.stream.impl.CRLUtilsStreamImpl   | CRL Signature cannot be validated : Signature length not correct: got 256 but was expecting 512 
2023-04-28 12:15:19,342  WARN | main | eu.europa.esig.dss.crl.stream.impl.CRLUtilsStreamImpl   | CRL Signature cannot be validated : Signature length not correct: got 256 but was expecting 512 
2023-04-28 12:15:19,342  WARN | main | eu.europa.esig.dss.crl.stream.impl.CRLUtilsStreamImpl   | CRL Signature cannot be validated : Signature length not correct: got 256 but was expecting 512 
2023-04-28 12:15:19,343  WARN | main | eu.europa.esig.dss.crl.stream.impl.CRLUtilsStreamImpl   | CRL Signature cannot be validated : Signature length not correct: got 256 but was expecting 512 
2023-04-28 12:15:19,343  WARN | main | eu.europa.esig.dss.crl.stream.impl.CRLUtilsStreamImpl   | CRL Signature cannot be validated : Signature length not correct: got 256 but was expecting 512 
2023-04-28 12:15:19,343  WARN | main | eu.europa.esig.dss.crl.stream.impl.CRLUtilsStreamImpl   | CRL Signature cannot be validated : Signature length not correct: got 256 but was expecting 512 
2023-04-28 12:15:19,343  WARN | main | eu.europa.esig.dss.crl.stream.impl.CRLUtilsStreamImpl   | CRL Signature cannot be validated : Signature length not correct: got 256 but was expecting 512 
2023-04-28 12:15:19,343  WARN | main | e.europa.esig.dss.validation.SignatureValidationContext | No revocation found for the certificate C-849A6A6F5AD1F26DD487701A15499A31CE4B911A3FFFA61502787456D06E9772 
2023-04-28 12:15:19,346  WARN | main | eu.europa.esig.dss.crl.stream.impl.CRLUtilsStreamImpl   | CRL Signature cannot be validated : Signature length not correct: got 256 but was expecting 512 
2023-04-28 12:15:19,346  WARN | main | eu.europa.esig.dss.crl.stream.impl.CRLUtilsStreamImpl   | CRL Signature cannot be validated : Signature length not correct: got 256 but was expecting 512 
2023-04-28 12:15:19,346  WARN | main | eu.europa.esig.dss.crl.stream.impl.CRLUtilsStreamImpl   | CRL Signature cannot be validated : Signature length not correct: got 256 but was expecting 512 
2023-04-28 12:15:19,347  WARN | main | eu.europa.esig.dss.crl.stream.impl.CRLUtilsStreamImpl   | CRL Signature cannot be validated : Signature length not correct: got 256 but was expecting 512 
2023-04-28 12:15:19,347  WARN | main | eu.europa.esig.dss.crl.stream.impl.CRLUtilsStreamImpl   | CRL Signature cannot be validated : Signature length not correct: got 256 but was expecting 512 
2023-04-28 12:15:19,347  WARN | main | eu.europa.esig.dss.crl.stream.impl.CRLUtilsStreamImpl   | CRL Signature cannot be validated : Signature length not correct: got 256 but was expecting 512 
2023-04-28 12:15:19,347  WARN | main | eu.europa.esig.dss.crl.stream.impl.CRLUtilsStreamImpl   | CRL Signature cannot be validated : Signature length not correct: got 256 but was expecting 512 
2023-04-28 12:15:19,347  WARN | main | eu.europa.esig.dss.crl.stream.impl.CRLUtilsStreamImpl   | CRL Signature cannot be validated : Signature length not correct: got 256 but was expecting 512 
2023-04-28 12:15:19,347  WARN | main | eu.europa.esig.dss.crl.stream.impl.CRLUtilsStreamImpl   | CRL Signature cannot be validated : Signature length not correct: got 256 but was expecting 512 
2023-04-28 12:15:19,347  WARN | main | eu.europa.esig.dss.crl.stream.impl.CRLUtilsStreamImpl   | CRL Signature cannot be validated : Signature length not correct: got 256 but was expecting 512 
2023-04-28 12:15:19,347  WARN | main | eu.europa.esig.dss.crl.stream.impl.CRLUtilsStreamImpl   | CRL Signature cannot be validated : Signature length not correct: got 256 but was expecting 512 
2023-04-28 12:15:19,347  WARN | main | eu.europa.esig.dss.crl.stream.impl.CRLUtilsStreamImpl   | CRL Signature cannot be validated : Signature length not correct: got 256 but was expecting 512 
2023-04-28 12:15:19,347  WARN | main | eu.europa.esig.dss.crl.stream.impl.CRLUtilsStreamImpl   | CRL Signature cannot be validated : Signature length not correct: got 256 but was expecting 512 
2023-04-28 12:15:19,347  WARN | main | eu.europa.esig.dss.crl.stream.impl.CRLUtilsStreamImpl   | CRL Signature cannot be validated : Signature length not correct: got 256 but was expecting 512 
2023-04-28 12:15:19,347  WARN | main | eu.europa.esig.dss.crl.stream.impl.CRLUtilsStreamImpl   | CRL Signature cannot be validated : Signature length not correct: got 256 but was expecting 512 
2023-04-28 12:15:19,347  WARN | main | eu.europa.esig.dss.crl.stream.impl.CRLUtilsStreamImpl   | CRL Signature cannot be validated : Signature length not correct: got 256 but was expecting 512 
2023-04-28 12:15:19,348  WARN | main | eu.europa.esig.dss.crl.stream.impl.CRLUtilsStreamImpl   | CRL Signature cannot be validated : Signature length not correct: got 256 but was expecting 512 
2023-04-28 12:15:19,348  WARN | main | eu.europa.esig.dss.crl.stream.impl.CRLUtilsStreamImpl   | CRL Signature cannot be validated : Signature length not correct: got 256 but was expecting 512 
2023-04-28 12:15:19,348  WARN | main | eu.europa.esig.dss.crl.stream.impl.CRLUtilsStreamImpl   | CRL Signature cannot be validated : Signature length not correct: got 256 but was expecting 512 
2023-04-28 12:15:19,348  WARN | main | eu.europa.esig.dss.crl.stream.impl.CRLUtilsStreamImpl   | CRL Signature cannot be validated : Signature length not correct: got 256 but was expecting 512 
2023-04-28 12:15:19,348  WARN | main | eu.europa.esig.dss.crl.stream.impl.CRLUtilsStreamImpl   | CRL Signature cannot be validated : Signature length not correct: got 256 but was expecting 512 
2023-04-28 12:15:19,348  WARN | main | eu.europa.esig.dss.crl.stream.impl.CRLUtilsStreamImpl   | CRL Signature cannot be validated : Signature length not correct: got 256 but was expecting 512 
2023-04-28 12:15:19,348  WARN | main | eu.europa.esig.dss.crl.stream.impl.CRLUtilsStreamImpl   | CRL Signature cannot be validated : Signature length not correct: got 256 but was expecting 512 
2023-04-28 12:15:19,348  WARN | main | eu.europa.esig.dss.crl.stream.impl.CRLUtilsStreamImpl   | CRL Signature cannot be validated : Signature length not correct: got 256 but was expecting 512 
2023-04-28 12:15:19,348  WARN | main | e.europa.esig.dss.validation.SignatureValidationContext | No revocation found for the certificate C-3A67305AE710BB5C3BEA33F0E09C21FD4F87EB9772CE9CC4949C53006A648AEB 
2023-04-28 12:15:19,351  INFO | main | eu.europa.esig.dss.spi.x509.revocation.ocsp.OCSPToken   | OCSP status revoked 
2023-04-28 12:15:19,354  WARN | main | eu.europa.esig.dss.crl.stream.impl.CRLUtilsStreamImpl   | CRL Signature cannot be validated : Signature length not correct: got 256 but was expecting 512 
2023-04-28 12:15:19,354  WARN | main | eu.europa.esig.dss.crl.stream.impl.CRLUtilsStreamImpl   | CRL Signature cannot be validated : Signature length not correct: got 256 but was expecting 512 
2023-04-28 12:15:19,354  WARN | main | eu.europa.esig.dss.crl.stream.impl.CRLUtilsStreamImpl   | CRL Signature cannot be validated : Signature length not correct: got 256 but was expecting 512 
2023-04-28 12:15:19,354  WARN | main | eu.europa.esig.dss.crl.stream.impl.CRLUtilsStreamImpl   | CRL Signature cannot be validated : Signature length not correct: got 256 but was expecting 512 
2023-04-28 12:15:19,354  WARN | main | eu.europa.esig.dss.crl.stream.impl.CRLUtilsStreamImpl   | CRL Signature cannot be validated : Signature length not correct: got 256 but was expecting 512 
2023-04-28 12:15:19,354  WARN | main | eu.europa.esig.dss.crl.stream.impl.CRLUtilsStreamImpl   | CRL Signature cannot be validated : Signature length not correct: got 256 but was expecting 512 
2023-04-28 12:15:19,354  WARN | main | eu.europa.esig.dss.crl.stream.impl.CRLUtilsStreamImpl   | CRL Signature cannot be validated : Signature length not correct: got 256 but was expecting 512 
2023-04-28 12:15:19,354  WARN | main | eu.europa.esig.dss.crl.stream.impl.CRLUtilsStreamImpl   | CRL Signature cannot be validated : Signature length not correct: got 256 but was expecting 512 
2023-04-28 12:15:19,354  WARN | main | eu.europa.esig.dss.crl.stream.impl.CRLUtilsStreamImpl   | CRL Signature cannot be validated : Signature length not correct: got 256 but was expecting 512 
2023-04-28 12:15:19,354  WARN | main | eu.europa.esig.dss.crl.stream.impl.CRLUtilsStreamImpl   | CRL Signature cannot be validated : Signature length not correct: got 256 but was expecting 512 
2023-04-28 12:15:19,354  WARN | main | eu.europa.esig.dss.crl.stream.impl.CRLUtilsStreamImpl   | CRL Signature cannot be validated : Signature length not correct: got 256 but was expecting 512 
2023-04-28 12:15:19,354  WARN | main | eu.europa.esig.dss.crl.stream.impl.CRLUtilsStreamImpl   | CRL Signature cannot be validated : Signature length not correct: got 256 but was expecting 512 
2023-04-28 12:15:19,354  WARN | main | eu.europa.esig.dss.crl.stream.impl.CRLUtilsStreamImpl   | CRL Signature cannot be validated : Signature length not correct: got 256 but was expecting 512 
2023-04-28 12:15:19,355  WARN | main | eu.europa.esig.dss.crl.stream.impl.CRLUtilsStreamImpl   | CRL Signature cannot be validated : Signature length not correct: got 256 but was expecting 512 
2023-04-28 12:15:19,355  WARN | main | eu.europa.esig.dss.crl.stream.impl.CRLUtilsStreamImpl   | CRL Signature cannot be validated : Signature length not correct: got 256 but was expecting 512 
2023-04-28 12:15:19,355  WARN | main | eu.europa.esig.dss.crl.stream.impl.CRLUtilsStreamImpl   | CRL Signature cannot be validated : Signature length not correct: got 256 but was expecting 512 
2023-04-28 12:15:19,355  WARN | main | eu.europa.esig.dss.crl.stream.impl.CRLUtilsStreamImpl   | CRL Signature cannot be validated : Signature length not correct: got 256 but was expecting 512 
2023-04-28 12:15:19,355  WARN | main | eu.europa.esig.dss.crl.stream.impl.CRLUtilsStreamImpl   | CRL Signature cannot be validated : Signature length not correct: got 256 but was expecting 512 
2023-04-28 12:15:19,355  WARN | main | eu.europa.esig.dss.crl.stream.impl.CRLUtilsStreamImpl   | CRL Signature cannot be validated : Signature length not correct: got 256 but was expecting 512 
2023-04-28 12:15:19,355  WARN | main | eu.europa.esig.dss.crl.stream.impl.CRLUtilsStreamImpl   | CRL Signature cannot be validated : Signature length not correct: got 256 but was expecting 512 
2023-04-28 12:15:19,355  WARN | main | eu.europa.esig.dss.crl.stream.impl.CRLUtilsStreamImpl   | CRL Signature cannot be validated : Signature length not correct: got 256 but was expecting 512 
2023-04-28 12:15:19,355  WARN | main | eu.europa.esig.dss.crl.stream.impl.CRLUtilsStreamImpl   | CRL Signature cannot be validated : Signature length not correct: got 256 but was expecting 512 
2023-04-28 12:15:19,355  WARN | main | eu.europa.esig.dss.crl.stream.impl.CRLUtilsStreamImpl   | CRL Signature cannot be validated : Signature length not correct: got 256 but was expecting 512 
2023-04-28 12:15:19,355  WARN | main | eu.europa.esig.dss.crl.stream.impl.CRLUtilsStreamImpl   | CRL Signature cannot be validated : Signature length not correct: got 256 but was expecting 512 
2023-04-28 12:15:19,356  WARN | main | e.europa.esig.dss.validation.SignatureValidationContext | No revocation found for the certificate C-F230BECB27B1EE22EB4B83E84B548904AF2E55A529F06D5B315A42A7F9AF5E1B 
2023-04-28 12:15:19,359  WARN | main | e.e.e.d.p.validation.PAdESBaselineRequirementsChecker   | commitment-type-indication attribute shall not be incorporated in the CMS signature when entry with a key Reason is used for PAdES-BASELINE-B signature! (requirement (d)) 
2023-04-28 12:15:19,361  WARN | main | e.e.e.d.p.validation.PAdESBaselineRequirementsChecker   | commitment-type-indication attribute shall not be incorporated in the CMS signature when entry with a key Reason is used for PAdES-BASELINE-B signature! (requirement (d)) 
2023-04-28 12:15:19,363  WARN | main | e.e.e.d.p.validation.PAdESBaselineRequirementsChecker   | commitment-type-indication attribute shall not be incorporated in the CMS signature when entry with a key Reason is used for PAdES-BASELINE-B signature! (requirement (d)) 
2023-04-28 12:15:19,364  WARN | main | e.e.e.d.p.validation.PAdESBaselineRequirementsChecker   | commitment-type-indication attribute shall not be incorporated in the CMS signature when entry with a key Reason is used for PAdES-BASELINE-B signature! (requirement (d)) 
2023-04-28 12:15:19,366  WARN | main | e.e.e.d.p.validation.PAdESBaselineRequirementsChecker   | commitment-type-indication attribute shall not be incorporated in the CMS signature when entry with a key Reason is used for PAdES-BASELINE-B signature! (requirement (d)) 
]]></system-out>
  </testcase>
</testsuite>