<?xml version="1.0" encoding="UTF-8"?>
<testsuite xmlns:xsi="http://www.w3.org/2001/XMLSchema-instance" xsi:noNamespaceSchemaLocation="https://maven.apache.org/surefire/maven-surefire-plugin/xsd/surefire-test-report-3.0.xsd" version="3.0" name="eu.europa.esig.dss.pades.extension.suite.DSS1443Test" time="4.438" tests="1" errors="1" skipped="0" failures="0">
  <properties>
    <property name="java.specification.version" value="19"/>
    <property name="sun.cpu.isalist" value="amd64"/>
    <property name="sun.jnu.encoding" value="Cp1252"/>
    <property name="java.class.path" value="C:\Users\amadoria\Documents\Projects\HAPKIDO\WP4\dss-fork\dss-pades-pdfbox\target\test-classes;C:\Users\amadoria\Documents\Projects\HAPKIDO\WP4\dss-fork\dss-pades-pdfbox\target\classes;C:\Users\amadoria\Documents\Projects\HAPKIDO\WP4\dss-fork\dss-pades\target\dss-pades-5.12.RC1.jar;C:\Users\amadoria\Documents\Projects\HAPKIDO\WP4\dss-fork\dss-cades\target\dss-cades-5.12.RC1.jar;C:\Users\amadoria\.m2\repository\org\apache\pdfbox\pdfbox\2.0.27\pdfbox-2.0.27.jar;C:\Users\amadoria\.m2\repository\org\apache\pdfbox\fontbox\2.0.27\fontbox-2.0.27.jar;C:\Users\amadoria\Documents\Projects\HAPKIDO\WP4\dss-fork\dss-pdfa\target\dss-pdfa-5.12.RC1.jar;C:\Users\amadoria\.m2\repository\org\verapdf\validation-model\1.22.2\validation-model-1.22.2.jar;C:\Users\amadoria\.m2\repository\org\verapdf\parser\1.22.1\parser-1.22.1.jar;C:\Users\amadoria\.m2\repository\org\verapdf\pdf-model\1.22.1\pdf-model-1.22.1.jar;C:\Users\amadoria\.m2\repository\org\verapdf\core\1.22.2\core-1.22.2.jar;C:\Users\amadoria\.m2\repository\org\verapdf\verapdf-xmp-core\1.22.2\verapdf-xmp-core-1.22.2.jar;C:\Users\amadoria\.m2\repository\org\mozilla\rhino\1.7.13\rhino-1.7.13.jar;C:\Users\amadoria\.m2\repository\com\sun\xml\bind\jaxb-impl\2.3.2\jaxb-impl-2.3.2.jar;C:\Users\amadoria\.m2\repository\com\sun\xml\bind\jaxb-core\2.3.0.1\jaxb-core-2.3.0.1.jar;C:\Users\amadoria\.m2\repository\net\java\dev\stax-utils\stax-utils\20070216\stax-utils-20070216.jar;C:\Users\amadoria\.m2\repository\org\verapdf\feature-reporting\1.22.2\feature-reporting-1.22.2.jar;C:\Users\amadoria\.m2\repository\org\verapdf\metadata-fixer\1.22.2\metadata-fixer-1.22.2.jar;C:\Users\amadoria\Documents\Projects\HAPKIDO\WP4\dss-fork\dss-pdfa\target\dss-pdfa-5.12.RC1-tests.jar;C:\Users\amadoria\Documents\Projects\HAPKIDO\WP4\dss-fork\dss-pades\target\dss-pades-5.12.RC1-tests.jar;C:\Users\amadoria\Documents\Projects\HAPKIDO\WP4\dss-fork\dss-test\target\dss-test-5.12.RC1-tests.jar;C:\Users\amadoria\Documents\Projects\HAPKIDO\WP4\dss-fork\dss-document\target\dss-document-5.12.RC1.jar;C:\Users\amadoria\Documents\Projects\HAPKIDO\WP4\dss-fork\dss-spi\target\dss-spi-5.12.RC1.jar;C:\Users\amadoria\Documents\Projects\HAPKIDO\WP4\dss-fork\dss-pades-pdfbox\libs\bcpkix-jdk18on-173b20.jar;C:\Users\amadoria\Documents\Projects\HAPKIDO\WP4\dss-fork\dss-pades-pdfbox\libs\bcprov-jdk18on-173b20.jar;C:\Users\amadoria\Documents\Projects\HAPKIDO\WP4\dss-fork\dss-pades-pdfbox\libs\bcutil-jdk18on-173b20.jar;C:\Users\amadoria\Documents\Projects\HAPKIDO\WP4\dss-fork\validation-policy\target\validation-policy-5.12.RC1.jar;C:\Users\amadoria\Documents\Projects\HAPKIDO\WP4\dss-fork\dss-policy-jaxb\target\dss-policy-jaxb-5.12.RC1.jar;C:\Users\amadoria\Documents\Projects\HAPKIDO\WP4\dss-fork\dss-jaxb-parsers\target\dss-jaxb-parsers-5.12.RC1.jar;C:\Users\amadoria\Documents\Projects\HAPKIDO\WP4\dss-fork\dss-jaxb-common\target\dss-jaxb-common-5.12.RC1.jar;C:\Users\amadoria\Documents\Projects\HAPKIDO\WP4\dss-fork\dss-alert\target\dss-alert-5.12.RC1.jar;C:\Users\amadoria\.m2\repository\org\glassfish\jaxb\jaxb-runtime\2.3.8\jaxb-runtime-2.3.8.jar;C:\Users\amadoria\.m2\repository\org\glassfish\jaxb\txw2\2.3.8\txw2-2.3.8.jar;C:\Users\amadoria\.m2\repository\com\sun\istack\istack-commons-runtime\3.0.12\istack-commons-runtime-3.0.12.jar;C:\Users\amadoria\.m2\repository\com\sun\activation\jakarta.activation\1.2.2\jakarta.activation-1.2.2.jar;C:\Users\amadoria\Documents\Projects\HAPKIDO\WP4\dss-fork\dss-diagnostic-jaxb\target\dss-diagnostic-jaxb-5.12.RC1.jar;C:\Users\amadoria\Documents\Projects\HAPKIDO\WP4\dss-fork\dss-simple-report-jaxb\target\dss-simple-report-jaxb-5.12.RC1.jar;C:\Users\amadoria\Documents\Projects\HAPKIDO\WP4\dss-fork\dss-simple-certificate-report-jaxb\target\dss-simple-certificate-report-jaxb-5.12.RC1.jar;C:\Users\amadoria\Documents\Projects\HAPKIDO\WP4\dss-fork\dss-detailed-report-jaxb\target\dss-detailed-report-jaxb-5.12.RC1.jar;C:\Users\amadoria\Documents\Projects\HAPKIDO\WP4\dss-fork\specs-validation-report\target\specs-validation-report-5.12.RC1.jar;C:\Users\amadoria\Documents\Projects\HAPKIDO\WP4\dss-fork\specs-xmldsig\target\specs-xmldsig-5.12.RC1.jar;C:\Users\amadoria\Documents\Projects\HAPKIDO\WP4\dss-fork\specs-xades\target\specs-xades-5.12.RC1.jar;C:\Users\amadoria\Documents\Projects\HAPKIDO\WP4\dss-fork\specs-trusted-list\target\specs-trusted-list-5.12.RC1.jar;C:\Users\amadoria\Documents\Projects\HAPKIDO\WP4\dss-fork\dss-i18n\target\dss-i18n-5.12.RC1.jar;C:\Users\amadoria\Documents\Projects\HAPKIDO\WP4\dss-fork\dss-token\target\dss-token-5.12.RC1.jar;C:\Users\amadoria\Documents\Projects\HAPKIDO\WP4\dss-fork\dss-model\target\dss-model-5.12.RC1.jar;C:\Users\amadoria\Documents\Projects\HAPKIDO\WP4\dss-fork\dss-enumerations\target\dss-enumerations-5.12.RC1.jar;C:\Users\amadoria\.m2\repository\org\slf4j\slf4j-api\2.0.6\slf4j-api-2.0.6.jar;C:\Users\amadoria\Documents\Projects\HAPKIDO\WP4\dss-fork\dss-service\target\dss-service-5.12.RC1.jar;C:\Users\amadoria\.m2\repository\org\apache\httpcomponents\client5\httpclient5\5.2.1\httpclient5-5.2.1.jar;C:\Users\amadoria\.m2\repository\org\apache\httpcomponents\core5\httpcore5\5.2\httpcore5-5.2.jar;C:\Users\amadoria\.m2\repository\org\apache\httpcomponents\core5\httpcore5-h2\5.2\httpcore5-h2-5.2.jar;C:\Users\amadoria\.m2\repository\commons-codec\commons-codec\1.15\commons-codec-1.15.jar;C:\Users\amadoria\.m2\repository\org\apache\santuario\xmlsec\2.3.2\xmlsec-2.3.2.jar;C:\Users\amadoria\.m2\repository\com\fasterxml\woodstox\woodstox-core\6.5.0\woodstox-core-6.5.0.jar;C:\Users\amadoria\.m2\repository\org\codehaus\woodstox\stax2-api\4.2.1\stax2-api-4.2.1.jar;C:\Users\amadoria\.m2\repository\jakarta\xml\bind\jakarta.xml.bind-api\2.3.3\jakarta.xml.bind-api-2.3.3.jar;C:\Users\amadoria\.m2\repository\org\slf4j\jcl-over-slf4j\2.0.6\jcl-over-slf4j-2.0.6.jar;C:\Users\amadoria\.m2\repository\ch\qos\logback\logback-classic\1.3.5\logback-classic-1.3.5.jar;C:\Users\amadoria\.m2\repository\ch\qos\logback\logback-core\1.3.5\logback-core-1.3.5.jar;C:\Users\amadoria\.m2\repository\com\h2database\h2\2.1.214\h2-2.1.214.jar;C:\Users\amadoria\.m2\repository\org\junit\platform\junit-platform-launcher\1.9.2\junit-platform-launcher-1.9.2.jar;C:\Users\amadoria\.m2\repository\org\junit\jupiter\junit-jupiter-engine\5.9.2\junit-jupiter-engine-5.9.2.jar;C:\Users\amadoria\.m2\repository\org\junit\jupiter\junit-jupiter-api\5.9.2\junit-jupiter-api-5.9.2.jar;C:\Users\amadoria\.m2\repository\org\junit\jupiter\junit-jupiter-params\5.9.2\junit-jupiter-params-5.9.2.jar;C:\Users\amadoria\.m2\repository\org\awaitility\awaitility\4.2.0\awaitility-4.2.0.jar;C:\Users\amadoria\.m2\repository\org\hamcrest\hamcrest\2.1\hamcrest-2.1.jar;C:\Users\amadoria\.m2\repository\org\mockito\mockito-core\4.11.0\mockito-core-4.11.0.jar;C:\Users\amadoria\.m2\repository\net\bytebuddy\byte-buddy\1.12.19\byte-buddy-1.12.19.jar;C:\Users\amadoria\.m2\repository\net\bytebuddy\byte-buddy-agent\1.12.19\byte-buddy-agent-1.12.19.jar;C:\Users\amadoria\.m2\repository\org\objenesis\objenesis\3.3\objenesis-3.3.jar;C:\Users\amadoria\.m2\repository\com\fasterxml\jackson\module\jackson-module-jaxb-annotations\2.14.2\jackson-module-jaxb-annotations-2.14.2.jar;C:\Users\amadoria\.m2\repository\com\fasterxml\jackson\core\jackson-annotations\2.14.2\jackson-annotations-2.14.2.jar;C:\Users\amadoria\.m2\repository\com\fasterxml\jackson\core\jackson-core\2.14.2\jackson-core-2.14.2.jar;C:\Users\amadoria\.m2\repository\com\fasterxml\jackson\core\jackson-databind\2.14.2\jackson-databind-2.14.2.jar;C:\Users\amadoria\.m2\repository\jakarta\activation\jakarta.activation-api\1.2.2\jakarta.activation-api-1.2.2.jar;C:\Users\amadoria\Documents\Projects\HAPKIDO\WP4\dss-fork\dss-utils-apache-commons\target\dss-utils-apache-commons-5.12.RC1.jar;C:\Users\amadoria\Documents\Projects\HAPKIDO\WP4\dss-fork\dss-utils\target\dss-utils-5.12.RC1.jar;C:\Users\amadoria\.m2\repository\org\apache\commons\commons-lang3\3.12.0\commons-lang3-3.12.0.jar;C:\Users\amadoria\.m2\repository\org\apache\commons\commons-collections4\4.4\commons-collections4-4.4.jar;C:\Users\amadoria\.m2\repository\commons-io\commons-io\2.11.0\commons-io-2.11.0.jar;C:\Users\amadoria\Documents\Projects\HAPKIDO\WP4\dss-fork\dss-crl-parser-stream\target\dss-crl-parser-stream-5.12.RC1.jar;C:\Users\amadoria\Documents\Projects\HAPKIDO\WP4\dss-fork\dss-crl-parser\target\dss-crl-parser-5.12.RC1.jar;C:\Users\amadoria\.m2\repository\org\apache\xmlgraphics\fop-core\2.8\fop-core-2.8.jar;C:\Users\amadoria\.m2\repository\org\apache\xmlgraphics\batik-anim\1.16\batik-anim-1.16.jar;C:\Users\amadoria\.m2\repository\org\apache\xmlgraphics\batik-css\1.16\batik-css-1.16.jar;C:\Users\amadoria\.m2\repository\org\apache\xmlgraphics\batik-dom\1.16\batik-dom-1.16.jar;C:\Users\amadoria\.m2\repository\xml-apis\xml-apis\1.4.01\xml-apis-1.4.01.jar;C:\Users\amadoria\.m2\repository\org\apache\xmlgraphics\batik-ext\1.16\batik-ext-1.16.jar;C:\Users\amadoria\.m2\repository\org\apache\xmlgraphics\batik-parser\1.16\batik-parser-1.16.jar;C:\Users\amadoria\.m2\repository\org\apache\xmlgraphics\batik-shared-resources\1.16\batik-shared-resources-1.16.jar;C:\Users\amadoria\.m2\repository\org\apache\xmlgraphics\batik-svg-dom\1.16\batik-svg-dom-1.16.jar;C:\Users\amadoria\.m2\repository\org\apache\xmlgraphics\batik-util\1.16\batik-util-1.16.jar;C:\Users\amadoria\.m2\repository\org\apache\xmlgraphics\batik-constants\1.16\batik-constants-1.16.jar;C:\Users\amadoria\.m2\repository\org\apache\xmlgraphics\batik-i18n\1.16\batik-i18n-1.16.jar;C:\Users\amadoria\.m2\repository\xml-apis\xml-apis-ext\1.3.04\xml-apis-ext-1.3.04.jar;C:\Users\amadoria\.m2\repository\org\apache\xmlgraphics\batik-awt-util\1.16\batik-awt-util-1.16.jar;C:\Users\amadoria\.m2\repository\org\apache\xmlgraphics\batik-bridge\1.16\batik-bridge-1.16.jar;C:\Users\amadoria\.m2\repository\org\apache\xmlgraphics\batik-script\1.16\batik-script-1.16.jar;C:\Users\amadoria\.m2\repository\org\apache\xmlgraphics\batik-xml\1.16\batik-xml-1.16.jar;C:\Users\amadoria\.m2\repository\org\apache\xmlgraphics\batik-extension\1.16\batik-extension-1.16.jar;C:\Users\amadoria\.m2\repository\org\apache\xmlgraphics\batik-gvt\1.16\batik-gvt-1.16.jar;C:\Users\amadoria\.m2\repository\org\apache\xmlgraphics\batik-transcoder\1.16\batik-transcoder-1.16.jar;C:\Users\amadoria\.m2\repository\org\apache\xmlgraphics\batik-svggen\1.16\batik-svggen-1.16.jar;C:\Users\amadoria\.m2\repository\org\apache\xmlgraphics\fop-events\2.8\fop-events-2.8.jar;C:\Users\amadoria\.m2\repository\com\thoughtworks\qdox\qdox\1.12\qdox-1.12.jar;C:\Users\amadoria\.m2\repository\org\apache\xmlgraphics\fop-util\2.8\fop-util-2.8.jar;C:\Users\amadoria\.m2\repository\org\apache\xmlgraphics\xmlgraphics-commons\2.8\xmlgraphics-commons-2.8.jar;C:\Users\amadoria\.m2\repository\org\junit\platform\junit-platform-suite-engine\1.9.2\junit-platform-suite-engine-1.9.2.jar;C:\Users\amadoria\.m2\repository\org\junit\platform\junit-platform-engine\1.9.2\junit-platform-engine-1.9.2.jar;C:\Users\amadoria\.m2\repository\org\opentest4j\opentest4j\1.2.0\opentest4j-1.2.0.jar;C:\Users\amadoria\.m2\repository\org\junit\platform\junit-platform-commons\1.9.2\junit-platform-commons-1.9.2.jar;C:\Users\amadoria\.m2\repository\org\junit\platform\junit-platform-suite-api\1.9.2\junit-platform-suite-api-1.9.2.jar;C:\Users\amadoria\.m2\repository\org\apiguardian\apiguardian-api\1.1.2\apiguardian-api-1.1.2.jar;C:\Users\amadoria\.m2\repository\org\junit\platform\junit-platform-suite-commons\1.9.2\junit-platform-suite-commons-1.9.2.jar;"/>
    <property name="sun.awt.enableExtraMouseButtons" value="true"/>
    <property name="java.vm.vendor" value="Oracle Corporation"/>
    <property name="sun.arch.data.model" value="64"/>
    <property name="user.variant" value=""/>
    <property name="java.vendor.url" value="https://java.oracle.com/"/>
    <property name="user.timezone" value="Europe/Amsterdam"/>
    <property name="os.name" value="Windows 10"/>
    <property name="java.vm.specification.version" value="19"/>
    <property name="sun.java.launcher" value="SUN_STANDARD"/>
    <property name="user.country" value="US"/>
    <property name="sun.boot.library.path" value="C:\Program Files\Java\jdk-19\bin"/>
    <property name="sun.java.command" value="C:\Users\amadoria\AppData\Local\Temp\surefire3758455994339619147\surefirebooter-20230428120702240_3.jar C:\Users\amadoria\AppData\Local\Temp\surefire3758455994339619147 2023-04-28T12-07-02_112-jvmRun1 surefire-20230428120702240_1tmp surefire_0-20230428120702240_2tmp"/>
    <property name="jdk.debug" value="release"/>
    <property name="surefire.test.class.path" value="C:\Users\amadoria\Documents\Projects\HAPKIDO\WP4\dss-fork\dss-pades-pdfbox\target\test-classes;C:\Users\amadoria\Documents\Projects\HAPKIDO\WP4\dss-fork\dss-pades-pdfbox\target\classes;C:\Users\amadoria\Documents\Projects\HAPKIDO\WP4\dss-fork\dss-pades\target\dss-pades-5.12.RC1.jar;C:\Users\amadoria\Documents\Projects\HAPKIDO\WP4\dss-fork\dss-cades\target\dss-cades-5.12.RC1.jar;C:\Users\amadoria\.m2\repository\org\apache\pdfbox\pdfbox\2.0.27\pdfbox-2.0.27.jar;C:\Users\amadoria\.m2\repository\org\apache\pdfbox\fontbox\2.0.27\fontbox-2.0.27.jar;C:\Users\amadoria\Documents\Projects\HAPKIDO\WP4\dss-fork\dss-pdfa\target\dss-pdfa-5.12.RC1.jar;C:\Users\amadoria\.m2\repository\org\verapdf\validation-model\1.22.2\validation-model-1.22.2.jar;C:\Users\amadoria\.m2\repository\org\verapdf\parser\1.22.1\parser-1.22.1.jar;C:\Users\amadoria\.m2\repository\org\verapdf\pdf-model\1.22.1\pdf-model-1.22.1.jar;C:\Users\amadoria\.m2\repository\org\verapdf\core\1.22.2\core-1.22.2.jar;C:\Users\amadoria\.m2\repository\org\verapdf\verapdf-xmp-core\1.22.2\verapdf-xmp-core-1.22.2.jar;C:\Users\amadoria\.m2\repository\org\mozilla\rhino\1.7.13\rhino-1.7.13.jar;C:\Users\amadoria\.m2\repository\com\sun\xml\bind\jaxb-impl\2.3.2\jaxb-impl-2.3.2.jar;C:\Users\amadoria\.m2\repository\com\sun\xml\bind\jaxb-core\2.3.0.1\jaxb-core-2.3.0.1.jar;C:\Users\amadoria\.m2\repository\net\java\dev\stax-utils\stax-utils\20070216\stax-utils-20070216.jar;C:\Users\amadoria\.m2\repository\org\verapdf\feature-reporting\1.22.2\feature-reporting-1.22.2.jar;C:\Users\amadoria\.m2\repository\org\verapdf\metadata-fixer\1.22.2\metadata-fixer-1.22.2.jar;C:\Users\amadoria\Documents\Projects\HAPKIDO\WP4\dss-fork\dss-pdfa\target\dss-pdfa-5.12.RC1-tests.jar;C:\Users\amadoria\Documents\Projects\HAPKIDO\WP4\dss-fork\dss-pades\target\dss-pades-5.12.RC1-tests.jar;C:\Users\amadoria\Documents\Projects\HAPKIDO\WP4\dss-fork\dss-test\target\dss-test-5.12.RC1-tests.jar;C:\Users\amadoria\Documents\Projects\HAPKIDO\WP4\dss-fork\dss-document\target\dss-document-5.12.RC1.jar;C:\Users\amadoria\Documents\Projects\HAPKIDO\WP4\dss-fork\dss-spi\target\dss-spi-5.12.RC1.jar;C:\Users\amadoria\Documents\Projects\HAPKIDO\WP4\dss-fork\dss-pades-pdfbox\libs\bcpkix-jdk18on-173b20.jar;C:\Users\amadoria\Documents\Projects\HAPKIDO\WP4\dss-fork\dss-pades-pdfbox\libs\bcprov-jdk18on-173b20.jar;C:\Users\amadoria\Documents\Projects\HAPKIDO\WP4\dss-fork\dss-pades-pdfbox\libs\bcutil-jdk18on-173b20.jar;C:\Users\amadoria\Documents\Projects\HAPKIDO\WP4\dss-fork\validation-policy\target\validation-policy-5.12.RC1.jar;C:\Users\amadoria\Documents\Projects\HAPKIDO\WP4\dss-fork\dss-policy-jaxb\target\dss-policy-jaxb-5.12.RC1.jar;C:\Users\amadoria\Documents\Projects\HAPKIDO\WP4\dss-fork\dss-jaxb-parsers\target\dss-jaxb-parsers-5.12.RC1.jar;C:\Users\amadoria\Documents\Projects\HAPKIDO\WP4\dss-fork\dss-jaxb-common\target\dss-jaxb-common-5.12.RC1.jar;C:\Users\amadoria\Documents\Projects\HAPKIDO\WP4\dss-fork\dss-alert\target\dss-alert-5.12.RC1.jar;C:\Users\amadoria\.m2\repository\org\glassfish\jaxb\jaxb-runtime\2.3.8\jaxb-runtime-2.3.8.jar;C:\Users\amadoria\.m2\repository\org\glassfish\jaxb\txw2\2.3.8\txw2-2.3.8.jar;C:\Users\amadoria\.m2\repository\com\sun\istack\istack-commons-runtime\3.0.12\istack-commons-runtime-3.0.12.jar;C:\Users\amadoria\.m2\repository\com\sun\activation\jakarta.activation\1.2.2\jakarta.activation-1.2.2.jar;C:\Users\amadoria\Documents\Projects\HAPKIDO\WP4\dss-fork\dss-diagnostic-jaxb\target\dss-diagnostic-jaxb-5.12.RC1.jar;C:\Users\amadoria\Documents\Projects\HAPKIDO\WP4\dss-fork\dss-simple-report-jaxb\target\dss-simple-report-jaxb-5.12.RC1.jar;C:\Users\amadoria\Documents\Projects\HAPKIDO\WP4\dss-fork\dss-simple-certificate-report-jaxb\target\dss-simple-certificate-report-jaxb-5.12.RC1.jar;C:\Users\amadoria\Documents\Projects\HAPKIDO\WP4\dss-fork\dss-detailed-report-jaxb\target\dss-detailed-report-jaxb-5.12.RC1.jar;C:\Users\amadoria\Documents\Projects\HAPKIDO\WP4\dss-fork\specs-validation-report\target\specs-validation-report-5.12.RC1.jar;C:\Users\amadoria\Documents\Projects\HAPKIDO\WP4\dss-fork\specs-xmldsig\target\specs-xmldsig-5.12.RC1.jar;C:\Users\amadoria\Documents\Projects\HAPKIDO\WP4\dss-fork\specs-xades\target\specs-xades-5.12.RC1.jar;C:\Users\amadoria\Documents\Projects\HAPKIDO\WP4\dss-fork\specs-trusted-list\target\specs-trusted-list-5.12.RC1.jar;C:\Users\amadoria\Documents\Projects\HAPKIDO\WP4\dss-fork\dss-i18n\target\dss-i18n-5.12.RC1.jar;C:\Users\amadoria\Documents\Projects\HAPKIDO\WP4\dss-fork\dss-token\target\dss-token-5.12.RC1.jar;C:\Users\amadoria\Documents\Projects\HAPKIDO\WP4\dss-fork\dss-model\target\dss-model-5.12.RC1.jar;C:\Users\amadoria\Documents\Projects\HAPKIDO\WP4\dss-fork\dss-enumerations\target\dss-enumerations-5.12.RC1.jar;C:\Users\amadoria\.m2\repository\org\slf4j\slf4j-api\2.0.6\slf4j-api-2.0.6.jar;C:\Users\amadoria\Documents\Projects\HAPKIDO\WP4\dss-fork\dss-service\target\dss-service-5.12.RC1.jar;C:\Users\amadoria\.m2\repository\org\apache\httpcomponents\client5\httpclient5\5.2.1\httpclient5-5.2.1.jar;C:\Users\amadoria\.m2\repository\org\apache\httpcomponents\core5\httpcore5\5.2\httpcore5-5.2.jar;C:\Users\amadoria\.m2\repository\org\apache\httpcomponents\core5\httpcore5-h2\5.2\httpcore5-h2-5.2.jar;C:\Users\amadoria\.m2\repository\commons-codec\commons-codec\1.15\commons-codec-1.15.jar;C:\Users\amadoria\.m2\repository\org\apache\santuario\xmlsec\2.3.2\xmlsec-2.3.2.jar;C:\Users\amadoria\.m2\repository\com\fasterxml\woodstox\woodstox-core\6.5.0\woodstox-core-6.5.0.jar;C:\Users\amadoria\.m2\repository\org\codehaus\woodstox\stax2-api\4.2.1\stax2-api-4.2.1.jar;C:\Users\amadoria\.m2\repository\jakarta\xml\bind\jakarta.xml.bind-api\2.3.3\jakarta.xml.bind-api-2.3.3.jar;C:\Users\amadoria\.m2\repository\org\slf4j\jcl-over-slf4j\2.0.6\jcl-over-slf4j-2.0.6.jar;C:\Users\amadoria\.m2\repository\ch\qos\logback\logback-classic\1.3.5\logback-classic-1.3.5.jar;C:\Users\amadoria\.m2\repository\ch\qos\logback\logback-core\1.3.5\logback-core-1.3.5.jar;C:\Users\amadoria\.m2\repository\com\h2database\h2\2.1.214\h2-2.1.214.jar;C:\Users\amadoria\.m2\repository\org\junit\platform\junit-platform-launcher\1.9.2\junit-platform-launcher-1.9.2.jar;C:\Users\amadoria\.m2\repository\org\junit\jupiter\junit-jupiter-engine\5.9.2\junit-jupiter-engine-5.9.2.jar;C:\Users\amadoria\.m2\repository\org\junit\jupiter\junit-jupiter-api\5.9.2\junit-jupiter-api-5.9.2.jar;C:\Users\amadoria\.m2\repository\org\junit\jupiter\junit-jupiter-params\5.9.2\junit-jupiter-params-5.9.2.jar;C:\Users\amadoria\.m2\repository\org\awaitility\awaitility\4.2.0\awaitility-4.2.0.jar;C:\Users\amadoria\.m2\repository\org\hamcrest\hamcrest\2.1\hamcrest-2.1.jar;C:\Users\amadoria\.m2\repository\org\mockito\mockito-core\4.11.0\mockito-core-4.11.0.jar;C:\Users\amadoria\.m2\repository\net\bytebuddy\byte-buddy\1.12.19\byte-buddy-1.12.19.jar;C:\Users\amadoria\.m2\repository\net\bytebuddy\byte-buddy-agent\1.12.19\byte-buddy-agent-1.12.19.jar;C:\Users\amadoria\.m2\repository\org\objenesis\objenesis\3.3\objenesis-3.3.jar;C:\Users\amadoria\.m2\repository\com\fasterxml\jackson\module\jackson-module-jaxb-annotations\2.14.2\jackson-module-jaxb-annotations-2.14.2.jar;C:\Users\amadoria\.m2\repository\com\fasterxml\jackson\core\jackson-annotations\2.14.2\jackson-annotations-2.14.2.jar;C:\Users\amadoria\.m2\repository\com\fasterxml\jackson\core\jackson-core\2.14.2\jackson-core-2.14.2.jar;C:\Users\amadoria\.m2\repository\com\fasterxml\jackson\core\jackson-databind\2.14.2\jackson-databind-2.14.2.jar;C:\Users\amadoria\.m2\repository\jakarta\activation\jakarta.activation-api\1.2.2\jakarta.activation-api-1.2.2.jar;C:\Users\amadoria\Documents\Projects\HAPKIDO\WP4\dss-fork\dss-utils-apache-commons\target\dss-utils-apache-commons-5.12.RC1.jar;C:\Users\amadoria\Documents\Projects\HAPKIDO\WP4\dss-fork\dss-utils\target\dss-utils-5.12.RC1.jar;C:\Users\amadoria\.m2\repository\org\apache\commons\commons-lang3\3.12.0\commons-lang3-3.12.0.jar;C:\Users\amadoria\.m2\repository\org\apache\commons\commons-collections4\4.4\commons-collections4-4.4.jar;C:\Users\amadoria\.m2\repository\commons-io\commons-io\2.11.0\commons-io-2.11.0.jar;C:\Users\amadoria\Documents\Projects\HAPKIDO\WP4\dss-fork\dss-crl-parser-stream\target\dss-crl-parser-stream-5.12.RC1.jar;C:\Users\amadoria\Documents\Projects\HAPKIDO\WP4\dss-fork\dss-crl-parser\target\dss-crl-parser-5.12.RC1.jar;C:\Users\amadoria\.m2\repository\org\apache\xmlgraphics\fop-core\2.8\fop-core-2.8.jar;C:\Users\amadoria\.m2\repository\org\apache\xmlgraphics\batik-anim\1.16\batik-anim-1.16.jar;C:\Users\amadoria\.m2\repository\org\apache\xmlgraphics\batik-css\1.16\batik-css-1.16.jar;C:\Users\amadoria\.m2\repository\org\apache\xmlgraphics\batik-dom\1.16\batik-dom-1.16.jar;C:\Users\amadoria\.m2\repository\xml-apis\xml-apis\1.4.01\xml-apis-1.4.01.jar;C:\Users\amadoria\.m2\repository\org\apache\xmlgraphics\batik-ext\1.16\batik-ext-1.16.jar;C:\Users\amadoria\.m2\repository\org\apache\xmlgraphics\batik-parser\1.16\batik-parser-1.16.jar;C:\Users\amadoria\.m2\repository\org\apache\xmlgraphics\batik-shared-resources\1.16\batik-shared-resources-1.16.jar;C:\Users\amadoria\.m2\repository\org\apache\xmlgraphics\batik-svg-dom\1.16\batik-svg-dom-1.16.jar;C:\Users\amadoria\.m2\repository\org\apache\xmlgraphics\batik-util\1.16\batik-util-1.16.jar;C:\Users\amadoria\.m2\repository\org\apache\xmlgraphics\batik-constants\1.16\batik-constants-1.16.jar;C:\Users\amadoria\.m2\repository\org\apache\xmlgraphics\batik-i18n\1.16\batik-i18n-1.16.jar;C:\Users\amadoria\.m2\repository\xml-apis\xml-apis-ext\1.3.04\xml-apis-ext-1.3.04.jar;C:\Users\amadoria\.m2\repository\org\apache\xmlgraphics\batik-awt-util\1.16\batik-awt-util-1.16.jar;C:\Users\amadoria\.m2\repository\org\apache\xmlgraphics\batik-bridge\1.16\batik-bridge-1.16.jar;C:\Users\amadoria\.m2\repository\org\apache\xmlgraphics\batik-script\1.16\batik-script-1.16.jar;C:\Users\amadoria\.m2\repository\org\apache\xmlgraphics\batik-xml\1.16\batik-xml-1.16.jar;C:\Users\amadoria\.m2\repository\org\apache\xmlgraphics\batik-extension\1.16\batik-extension-1.16.jar;C:\Users\amadoria\.m2\repository\org\apache\xmlgraphics\batik-gvt\1.16\batik-gvt-1.16.jar;C:\Users\amadoria\.m2\repository\org\apache\xmlgraphics\batik-transcoder\1.16\batik-transcoder-1.16.jar;C:\Users\amadoria\.m2\repository\org\apache\xmlgraphics\batik-svggen\1.16\batik-svggen-1.16.jar;C:\Users\amadoria\.m2\repository\org\apache\xmlgraphics\fop-events\2.8\fop-events-2.8.jar;C:\Users\amadoria\.m2\repository\com\thoughtworks\qdox\qdox\1.12\qdox-1.12.jar;C:\Users\amadoria\.m2\repository\org\apache\xmlgraphics\fop-util\2.8\fop-util-2.8.jar;C:\Users\amadoria\.m2\repository\org\apache\xmlgraphics\xmlgraphics-commons\2.8\xmlgraphics-commons-2.8.jar;C:\Users\amadoria\.m2\repository\org\junit\platform\junit-platform-suite-engine\1.9.2\junit-platform-suite-engine-1.9.2.jar;C:\Users\amadoria\.m2\repository\org\junit\platform\junit-platform-engine\1.9.2\junit-platform-engine-1.9.2.jar;C:\Users\amadoria\.m2\repository\org\opentest4j\opentest4j\1.2.0\opentest4j-1.2.0.jar;C:\Users\amadoria\.m2\repository\org\junit\platform\junit-platform-commons\1.9.2\junit-platform-commons-1.9.2.jar;C:\Users\amadoria\.m2\repository\org\junit\platform\junit-platform-suite-api\1.9.2\junit-platform-suite-api-1.9.2.jar;C:\Users\amadoria\.m2\repository\org\apiguardian\apiguardian-api\1.1.2\apiguardian-api-1.1.2.jar;C:\Users\amadoria\.m2\repository\org\junit\platform\junit-platform-suite-commons\1.9.2\junit-platform-suite-commons-1.9.2.jar;"/>
    <property name="sun.cpu.endian" value="little"/>
    <property name="user.home" value="C:\Users\amadoria"/>
    <property name="user.language" value="en"/>
    <property name="java.specification.vendor" value="Oracle Corporation"/>
    <property name="java.version.date" value="2023-01-17"/>
    <property name="java.home" value="C:\Program Files\Java\jdk-19"/>
    <property name="file.separator" value="\"/>
    <property name="basedir" value="C:\Users\amadoria\Documents\Projects\HAPKIDO\WP4\dss-fork\dss-pades-pdfbox"/>
    <property name="java.vm.compressedOopsMode" value="Zero based"/>
    <property name="line.separator" value="&#10;"/>
    <property name="java.vm.specification.vendor" value="Oracle Corporation"/>
    <property name="java.specification.name" value="Java Platform API Specification"/>
    <property name="surefire.real.class.path" value="C:\Users\amadoria\AppData\Local\Temp\surefire3758455994339619147\surefirebooter-20230428120702240_3.jar"/>
    <property name="user.script" value=""/>
    <property name="sun.management.compiler" value="HotSpot 64-Bit Tiered Compilers"/>
    <property name="java.runtime.version" value="19.0.2+7-44"/>
    <property name="user.name" value="amadoria"/>
    <property name="stdout.encoding" value="Cp1252"/>
    <property name="path.separator" value=";"/>
    <property name="os.version" value="10.0"/>
    <property name="java.runtime.name" value="Java(TM) SE Runtime Environment"/>
    <property name="file.encoding" value="UTF-8"/>
    <property name="java.vm.name" value="Java HotSpot(TM) 64-Bit Server VM"/>
    <property name="localRepository" value="C:\Users\amadoria\.m2\repository"/>
    <property name="java.vendor.url.bug" value="https://bugreport.java.com/bugreport/"/>
    <property name="java.io.tmpdir" value="C:\Users\amadoria\AppData\Local\Temp\"/>
    <property name="java.version" value="19.0.2"/>
    <property name="user.dir" value="C:\Users\amadoria\Documents\Projects\HAPKIDO\WP4\dss-fork\dss-pades-pdfbox"/>
    <property name="os.arch" value="amd64"/>
    <property name="java.vm.specification.name" value="Java Virtual Machine Specification"/>
    <property name="sun.os.patch.level" value=""/>
    <property name="native.encoding" value="Cp1252"/>
    <property name="java.library.path" value="C:\Program Files\Java\jdk-19\bin;C:\WINDOWS\Sun\Java\bin;C:\WINDOWS\system32;C:\WINDOWS;C:\Program Files\Common Files\Oracle\Java\javapath;C:\Program Files\Eclipse Adoptium\jdk-17.0.5.8-hotspot\bin;C:\WINDOWS\system32;C:\WINDOWS;C:\WINDOWS\System32\Wbem;C:\WINDOWS\System32\WindowsPowerShell\v1.0\;C:\WINDOWS\System32\OpenSSH\;C:\Program Files\dotnet\;C:\ProgramData\chocolatey\bin;C:\Program Files\Gradle\gradle-8.0.2\bin;C:\Program Files\Maven\apache-maven-3.9.0\bin;;C:\Program Files\Docker\Docker\resources\bin;C:\Users\amadoria\AppData\Local\Programs\Python\Python38\Scripts\;C:\Users\amadoria\AppData\Local\Programs\Python\Python38\;C:\Users\amadoria\AppData\Local\Microsoft\WindowsApps;C:\Users\amadoria\AppData\Local\Programs\MiKTeX\miktex\bin\x64\;C:\Users\amadoria\AppData\Local\Programs\Microsoft VS Code\bin;C:\Users\amadoria\AppData\Roaming\Python\Scripts\;C:\Users\amadoria\AppData\Local\Programs\Git\cmd;C:\Program Files\JetBrains\IntelliJ IDEA Community Edition 2022.3.3\bin;;."/>
    <property name="java.vm.info" value="mixed mode, sharing"/>
    <property name="stderr.encoding" value="Cp1252"/>
    <property name="java.vendor" value="Oracle Corporation"/>
    <property name="java.vm.version" value="19.0.2+7-44"/>
    <property name="sun.io.unicode.encoding" value="UnicodeLittle"/>
    <property name="java.class.version" value="63.0"/>
  </properties>
  <testcase name="testSigWithAttached" classname="eu.europa.esig.dss.pades.extension.suite.DSS1443Test" time="4.437">
    <error message="Expired signature found. [S-857FDC971C23DCD697817E2D5A42A0F77C3D9066BC9C3B22FE6B4DAE93164C7D: The signing certificate has expired and there is no POE during its validity range : [2015-02-18T09:24:47Z - 2018-02-18T09:24:47Z]!]" type="eu.europa.esig.dss.alert.exception.AlertException"><![CDATA[eu.europa.esig.dss.alert.exception.AlertException: Expired signature found. [S-857FDC971C23DCD697817E2D5A42A0F77C3D9066BC9C3B22FE6B4DAE93164C7D: The signing certificate has expired and there is no POE during its validity range : [2015-02-18T09:24:47Z - 2018-02-18T09:24:47Z]!]
	at eu.europa.esig.dss.alert.handler.ThrowAlertExceptionHandler.process(ThrowAlertExceptionHandler.java:41)
	at eu.europa.esig.dss.alert.AbstractAlert.alert(AbstractAlert.java:53)
	at eu.europa.esig.dss.validation.SignatureValidationContext.checkSignatureNotExpired(SignatureValidationContext.java:1284)
	at eu.europa.esig.dss.validation.SignedDocumentValidator.assertSignaturesValid(SignedDocumentValidator.java:573)
	at eu.europa.esig.dss.validation.SignedDocumentValidator.getValidationData(SignedDocumentValidator.java:534)
	at eu.europa.esig.dss.pades.validation.PDFDocumentValidator.getValidationData(PDFDocumentValidator.java:369)
	at eu.europa.esig.dss.pades.signature.PAdESLevelBaselineLT.extendSignatures(PAdESLevelBaselineLT.java:71)
	at eu.europa.esig.dss.pades.signature.PAdESLevelBaselineT.extendSignatures(PAdESLevelBaselineT.java:87)
	at eu.europa.esig.dss.pades.signature.PAdESLevelBaselineLTA.extendSignatures(PAdESLevelBaselineLTA.java:50)
	at eu.europa.esig.dss.pades.signature.PAdESLevelBaselineLTA.extendSignatures(PAdESLevelBaselineLTA.java:34)
	at eu.europa.esig.dss.pades.signature.PAdESService.extendDocument(PAdESService.java:261)
	at eu.europa.esig.dss.pades.extension.suite.DSS1443Test.testSigWithAttached(DSS1443Test.java:67)
	at java.base/jdk.internal.reflect.DirectMethodHandleAccessor.invoke(DirectMethodHandleAccessor.java:104)
	at java.base/java.lang.reflect.Method.invoke(Method.java:578)
	at org.junit.platform.commons.util.ReflectionUtils.invokeMethod(ReflectionUtils.java:727)
	at org.junit.jupiter.engine.execution.MethodInvocation.proceed(MethodInvocation.java:60)
	at org.junit.jupiter.engine.execution.InvocationInterceptorChain$ValidatingInvocation.proceed(InvocationInterceptorChain.java:131)
	at org.junit.jupiter.engine.extension.TimeoutExtension.intercept(TimeoutExtension.java:156)
	at org.junit.jupiter.engine.extension.TimeoutExtension.interceptTestableMethod(TimeoutExtension.java:147)
	at org.junit.jupiter.engine.extension.TimeoutExtension.interceptTestMethod(TimeoutExtension.java:86)
	at org.junit.jupiter.engine.execution.InterceptingExecutableInvoker$ReflectiveInterceptorCall.lambda$ofVoidMethod$0(InterceptingExecutableInvoker.java:103)
	at org.junit.jupiter.engine.execution.InterceptingExecutableInvoker.lambda$invoke$0(InterceptingExecutableInvoker.java:93)
	at org.junit.jupiter.engine.execution.InvocationInterceptorChain$InterceptedInvocation.proceed(InvocationInterceptorChain.java:106)
	at org.junit.jupiter.engine.execution.InvocationInterceptorChain.proceed(InvocationInterceptorChain.java:64)
	at org.junit.jupiter.engine.execution.InvocationInterceptorChain.chainAndInvoke(InvocationInterceptorChain.java:45)
	at org.junit.jupiter.engine.execution.InvocationInterceptorChain.invoke(InvocationInterceptorChain.java:37)
	at org.junit.jupiter.engine.execution.InterceptingExecutableInvoker.invoke(InterceptingExecutableInvoker.java:92)
	at org.junit.jupiter.engine.execution.InterceptingExecutableInvoker.invoke(InterceptingExecutableInvoker.java:86)
	at org.junit.jupiter.engine.descriptor.TestMethodTestDescriptor.lambda$invokeTestMethod$7(TestMethodTestDescriptor.java:217)
	at org.junit.platform.engine.support.hierarchical.ThrowableCollector.execute(ThrowableCollector.java:73)
	at org.junit.jupiter.engine.descriptor.TestMethodTestDescriptor.invokeTestMethod(TestMethodTestDescriptor.java:213)
	at org.junit.jupiter.engine.descriptor.TestMethodTestDescriptor.execute(TestMethodTestDescriptor.java:138)
	at org.junit.jupiter.engine.descriptor.TestMethodTestDescriptor.execute(TestMethodTestDescriptor.java:68)
	at org.junit.platform.engine.support.hierarchical.NodeTestTask.lambda$executeRecursively$6(NodeTestTask.java:151)
	at org.junit.platform.engine.support.hierarchical.ThrowableCollector.execute(ThrowableCollector.java:73)
	at org.junit.platform.engine.support.hierarchical.NodeTestTask.lambda$executeRecursively$8(NodeTestTask.java:141)
	at org.junit.platform.engine.support.hierarchical.Node.around(Node.java:137)
	at org.junit.platform.engine.support.hierarchical.NodeTestTask.lambda$executeRecursively$9(NodeTestTask.java:139)
	at org.junit.platform.engine.support.hierarchical.ThrowableCollector.execute(ThrowableCollector.java:73)
	at org.junit.platform.engine.support.hierarchical.NodeTestTask.executeRecursively(NodeTestTask.java:138)
	at org.junit.platform.engine.support.hierarchical.NodeTestTask.execute(NodeTestTask.java:95)
	at java.base/java.util.ArrayList.forEach(ArrayList.java:1511)
	at org.junit.platform.engine.support.hierarchical.SameThreadHierarchicalTestExecutorService.invokeAll(SameThreadHierarchicalTestExecutorService.java:41)
	at org.junit.platform.engine.support.hierarchical.NodeTestTask.lambda$executeRecursively$6(NodeTestTask.java:155)
	at org.junit.platform.engine.support.hierarchical.ThrowableCollector.execute(ThrowableCollector.java:73)
	at org.junit.platform.engine.support.hierarchical.NodeTestTask.lambda$executeRecursively$8(NodeTestTask.java:141)
	at org.junit.platform.engine.support.hierarchical.Node.around(Node.java:137)
	at org.junit.platform.engine.support.hierarchical.NodeTestTask.lambda$executeRecursively$9(NodeTestTask.java:139)
	at org.junit.platform.engine.support.hierarchical.ThrowableCollector.execute(ThrowableCollector.java:73)
	at org.junit.platform.engine.support.hierarchical.NodeTestTask.executeRecursively(NodeTestTask.java:138)
	at org.junit.platform.engine.support.hierarchical.NodeTestTask.execute(NodeTestTask.java:95)
	at java.base/java.util.ArrayList.forEach(ArrayList.java:1511)
	at org.junit.platform.engine.support.hierarchical.SameThreadHierarchicalTestExecutorService.invokeAll(SameThreadHierarchicalTestExecutorService.java:41)
	at org.junit.platform.engine.support.hierarchical.NodeTestTask.lambda$executeRecursively$6(NodeTestTask.java:155)
	at org.junit.platform.engine.support.hierarchical.ThrowableCollector.execute(ThrowableCollector.java:73)
	at org.junit.platform.engine.support.hierarchical.NodeTestTask.lambda$executeRecursively$8(NodeTestTask.java:141)
	at org.junit.platform.engine.support.hierarchical.Node.around(Node.java:137)
	at org.junit.platform.engine.support.hierarchical.NodeTestTask.lambda$executeRecursively$9(NodeTestTask.java:139)
	at org.junit.platform.engine.support.hierarchical.ThrowableCollector.execute(ThrowableCollector.java:73)
	at org.junit.platform.engine.support.hierarchical.NodeTestTask.executeRecursively(NodeTestTask.java:138)
	at org.junit.platform.engine.support.hierarchical.NodeTestTask.execute(NodeTestTask.java:95)
	at org.junit.platform.engine.support.hierarchical.SameThreadHierarchicalTestExecutorService.submit(SameThreadHierarchicalTestExecutorService.java:35)
	at org.junit.platform.engine.support.hierarchical.HierarchicalTestExecutor.execute(HierarchicalTestExecutor.java:57)
	at org.junit.platform.engine.support.hierarchical.HierarchicalTestEngine.execute(HierarchicalTestEngine.java:54)
	at org.junit.platform.launcher.core.EngineExecutionOrchestrator.execute(EngineExecutionOrchestrator.java:147)
	at org.junit.platform.launcher.core.EngineExecutionOrchestrator.execute(EngineExecutionOrchestrator.java:127)
	at org.junit.platform.launcher.core.EngineExecutionOrchestrator.execute(EngineExecutionOrchestrator.java:90)
	at org.junit.platform.launcher.core.EngineExecutionOrchestrator.execute(EngineExecutionOrchestrator.java:73)
	at org.junit.platform.suite.engine.SuiteLauncher.execute(SuiteLauncher.java:63)
	at org.junit.platform.suite.engine.SuiteTestDescriptor.execute(SuiteTestDescriptor.java:128)
	at org.junit.platform.suite.engine.SuiteTestEngine.lambda$execute$0(SuiteTestEngine.java:73)
	at java.base/java.util.stream.ForEachOps$ForEachOp$OfRef.accept(ForEachOps.java:183)
	at java.base/java.util.stream.ReferencePipeline$3$1.accept(ReferencePipeline.java:197)
	at java.base/java.util.Iterator.forEachRemaining(Iterator.java:133)
	at java.base/java.util.Spliterators$IteratorSpliterator.forEachRemaining(Spliterators.java:1921)
	at java.base/java.util.stream.AbstractPipeline.copyInto(AbstractPipeline.java:509)
	at java.base/java.util.stream.AbstractPipeline.wrapAndCopyInto(AbstractPipeline.java:499)
	at java.base/java.util.stream.ForEachOps$ForEachOp.evaluateSequential(ForEachOps.java:150)
	at java.base/java.util.stream.ForEachOps$ForEachOp$OfRef.evaluateSequential(ForEachOps.java:173)
	at java.base/java.util.stream.AbstractPipeline.evaluate(AbstractPipeline.java:234)
	at java.base/java.util.stream.ReferencePipeline.forEach(ReferencePipeline.java:596)
	at org.junit.platform.suite.engine.SuiteTestEngine.execute(SuiteTestEngine.java:73)
	at org.junit.platform.launcher.core.EngineExecutionOrchestrator.execute(EngineExecutionOrchestrator.java:147)
	at org.junit.platform.launcher.core.EngineExecutionOrchestrator.execute(EngineExecutionOrchestrator.java:127)
	at org.junit.platform.launcher.core.EngineExecutionOrchestrator.execute(EngineExecutionOrchestrator.java:90)
	at org.junit.platform.launcher.core.EngineExecutionOrchestrator.lambda$execute$0(EngineExecutionOrchestrator.java:55)
	at org.junit.platform.launcher.core.EngineExecutionOrchestrator.withInterceptedStreams(EngineExecutionOrchestrator.java:102)
	at org.junit.platform.launcher.core.EngineExecutionOrchestrator.execute(EngineExecutionOrchestrator.java:54)
	at org.junit.platform.launcher.core.DefaultLauncher.execute(DefaultLauncher.java:114)
	at org.junit.platform.launcher.core.DefaultLauncher.execute(DefaultLauncher.java:86)
	at org.junit.platform.launcher.core.DefaultLauncherSession$DelegatingLauncher.execute(DefaultLauncherSession.java:86)
	at org.apache.maven.surefire.junitplatform.LazyLauncher.execute(LazyLauncher.java:55)
	at org.apache.maven.surefire.junitplatform.JUnitPlatformProvider.execute(JUnitPlatformProvider.java:223)
	at org.apache.maven.surefire.junitplatform.JUnitPlatformProvider.invokeAllTests(JUnitPlatformProvider.java:175)
	at org.apache.maven.surefire.junitplatform.JUnitPlatformProvider.invoke(JUnitPlatformProvider.java:139)
	at org.apache.maven.surefire.booter.ForkedBooter.runSuitesInProcess(ForkedBooter.java:456)
	at org.apache.maven.surefire.booter.ForkedBooter.execute(ForkedBooter.java:169)
	at org.apache.maven.surefire.booter.ForkedBooter.run(ForkedBooter.java:595)
	at org.apache.maven.surefire.booter.ForkedBooter.main(ForkedBooter.java:581)
]]></error>
    <system-out><![CDATA[2023-04-28 12:09:12,534  INFO | main | e.europa.esig.dss.validation.CommonCertificateVerifier  | + New CommonCertificateVerifier created. 
2023-04-28 12:09:12,549  INFO | main | eu.europa.esig.dss.validation.SignedDocumentValidator   | Document validation... 
2023-04-28 12:09:12,801  INFO | main | eu.europa.esig.dss.pdf.AbstractPDFSignatureService      | Signature fields: [Cryptolog-1082825226] 
2023-04-28 12:09:12,833  INFO | main | eu.europa.esig.dss.pdf.AbstractPDFSignatureService      | Signature fields: [Cryptolog-918022117] 
2023-04-28 12:09:12,838  INFO | main | e.europa.esig.dss.validation.CommonCertificateVerifier  | + New CommonCertificateVerifier created. 
2023-04-28 12:09:12,899  INFO | main | e.europa.esig.dss.validation.CommonCertificateVerifier  | + New CommonCertificateVerifier created. 
2023-04-28 12:09:13,355  INFO | main | eu.europa.esig.dss.spi.x509.revocation.ocsp.OCSPToken   | OCSP status is good 
2023-04-28 12:09:13,590  WARN | main | eu.europa.esig.dss.validation.RevocationDataVerifier    | The revocation 'R-534B78A1CB78B0EE91DFA53D019E409A2A0B60F809C12F0418CBE143854121E4' was not issued during the validity period of the certificate! Certificate: C-CDF3807ECA47B895C8ED8E2695A449840C849A9429D8933B4EB7C2FB8107BD1F 
2023-04-28 12:09:14,425  WARN | main | eu.europa.esig.dss.validation.RevocationDataVerifier    | The revocation 'R-534B78A1CB78B0EE91DFA53D019E409A2A0B60F809C12F0418CBE143854121E4' was not issued during the validity period of the certificate! Certificate: C-948A9632F4F6BBADFC34A23C428CDD0BEA40D397796D4CABD0F80792A62FFFB3 
2023-04-28 12:09:14,427  INFO | main | eu.europa.esig.dss.validation.SignedDocumentValidator   | Default SignaturePolicyProvider instantiated with NativeHTTPDataLoader. 
2023-04-28 12:09:14,883  WARN | main | e.europa.esig.dss.validation.SignatureValidationContext | No revocation found for the certificate C-F4E7DF969A590AF41E38E5854542EBF9DF6A5BE9B16FD31494FA689509057494 
2023-04-28 12:09:15,314  INFO | main | e.europa.esig.dss.validation.CommonCertificateVerifier  | + New CommonCertificateVerifier created. 
2023-04-28 12:09:15,655  INFO | main | eu.europa.esig.dss.pdf.AbstractPDFSignatureService      | Signature fields: [Cryptolog-1082825226] 
2023-04-28 12:09:15,686  INFO | main | eu.europa.esig.dss.pdf.AbstractPDFSignatureService      | Signature fields: [Cryptolog-918022117] 
2023-04-28 12:09:15,691  INFO | main | e.europa.esig.dss.validation.CommonCertificateVerifier  | + New CommonCertificateVerifier created. 
2023-04-28 12:09:16,144  INFO | main | eu.europa.esig.dss.spi.x509.revocation.ocsp.OCSPToken   | OCSP status is good 
2023-04-28 12:09:16,263  WARN | main | eu.europa.esig.dss.validation.RevocationDataVerifier    | The revocation 'R-534B78A1CB78B0EE91DFA53D019E409A2A0B60F809C12F0418CBE143854121E4' was not issued during the validity period of the certificate! Certificate: C-CDF3807ECA47B895C8ED8E2695A449840C849A9429D8933B4EB7C2FB8107BD1F 
2023-04-28 12:09:16,950  WARN | main | eu.europa.esig.dss.validation.RevocationDataVerifier    | The revocation 'R-534B78A1CB78B0EE91DFA53D019E409A2A0B60F809C12F0418CBE143854121E4' was not issued during the validity period of the certificate! Certificate: C-948A9632F4F6BBADFC34A23C428CDD0BEA40D397796D4CABD0F80792A62FFFB3 
]]></system-out>
  </testcase>
</testsuite>