<?xml version="1.0" encoding="UTF-8"?>
<testsuite xmlns:xsi="http://www.w3.org/2001/XMLSchema-instance" xsi:noNamespaceSchemaLocation="https://maven.apache.org/surefire/maven-surefire-plugin/xsd/surefire-test-report-3.0.xsd" version="3.0" name="eu.europa.esig.dss.pades.validation.suite.DSS1690Test" time="2.455" tests="10" errors="0" skipped="0" failures="0">
  <properties>
    <property name="java.specification.version" value="19"/>
    <property name="sun.cpu.isalist" value="amd64"/>
    <property name="sun.jnu.encoding" value="Cp1252"/>
    <property name="java.class.path" value="C:\Users\amadoria\Documents\Projects\HAPKIDO\WP4\dss-fork\dss-pades-pdfbox\target\test-classes;C:\Users\amadoria\Documents\Projects\HAPKIDO\WP4\dss-fork\dss-pades-pdfbox\target\classes;C:\Users\amadoria\Documents\Projects\HAPKIDO\WP4\dss-fork\dss-pades\target\dss-pades-5.12.RC1.jar;C:\Users\amadoria\Documents\Projects\HAPKIDO\WP4\dss-fork\dss-cades\target\dss-cades-5.12.RC1.jar;C:\Users\amadoria\.m2\repository\org\apache\pdfbox\pdfbox\2.0.27\pdfbox-2.0.27.jar;C:\Users\amadoria\.m2\repository\org\apache\pdfbox\fontbox\2.0.27\fontbox-2.0.27.jar;C:\Users\amadoria\Documents\Projects\HAPKIDO\WP4\dss-fork\dss-pdfa\target\dss-pdfa-5.12.RC1.jar;C:\Users\amadoria\.m2\repository\org\verapdf\validation-model\1.22.2\validation-model-1.22.2.jar;C:\Users\amadoria\.m2\repository\org\verapdf\parser\1.22.1\parser-1.22.1.jar;C:\Users\amadoria\.m2\repository\org\verapdf\pdf-model\1.22.1\pdf-model-1.22.1.jar;C:\Users\amadoria\.m2\repository\org\verapdf\core\1.22.2\core-1.22.2.jar;C:\Users\amadoria\.m2\repository\org\verapdf\verapdf-xmp-core\1.22.2\verapdf-xmp-core-1.22.2.jar;C:\Users\amadoria\.m2\repository\org\mozilla\rhino\1.7.13\rhino-1.7.13.jar;C:\Users\amadoria\.m2\repository\com\sun\xml\bind\jaxb-impl\2.3.2\jaxb-impl-2.3.2.jar;C:\Users\amadoria\.m2\repository\com\sun\xml\bind\jaxb-core\2.3.0.1\jaxb-core-2.3.0.1.jar;C:\Users\amadoria\.m2\repository\net\java\dev\stax-utils\stax-utils\20070216\stax-utils-20070216.jar;C:\Users\amadoria\.m2\repository\org\verapdf\feature-reporting\1.22.2\feature-reporting-1.22.2.jar;C:\Users\amadoria\.m2\repository\org\verapdf\metadata-fixer\1.22.2\metadata-fixer-1.22.2.jar;C:\Users\amadoria\Documents\Projects\HAPKIDO\WP4\dss-fork\dss-pdfa\target\dss-pdfa-5.12.RC1-tests.jar;C:\Users\amadoria\Documents\Projects\HAPKIDO\WP4\dss-fork\dss-pades\target\dss-pades-5.12.RC1-tests.jar;C:\Users\amadoria\Documents\Projects\HAPKIDO\WP4\dss-fork\dss-test\target\dss-test-5.12.RC1-tests.jar;C:\Users\amadoria\Documents\Projects\HAPKIDO\WP4\dss-fork\dss-document\target\dss-document-5.12.RC1.jar;C:\Users\amadoria\Documents\Projects\HAPKIDO\WP4\dss-fork\dss-spi\target\dss-spi-5.12.RC1.jar;C:\Users\amadoria\Documents\Projects\HAPKIDO\WP4\dss-fork\dss-pades-pdfbox\libs\bcpkix-jdk18on-173b20.jar;C:\Users\amadoria\Documents\Projects\HAPKIDO\WP4\dss-fork\dss-pades-pdfbox\libs\bcprov-jdk18on-173b20.jar;C:\Users\amadoria\Documents\Projects\HAPKIDO\WP4\dss-fork\dss-pades-pdfbox\libs\bcutil-jdk18on-173b20.jar;C:\Users\amadoria\Documents\Projects\HAPKIDO\WP4\dss-fork\validation-policy\target\validation-policy-5.12.RC1.jar;C:\Users\amadoria\Documents\Projects\HAPKIDO\WP4\dss-fork\dss-policy-jaxb\target\dss-policy-jaxb-5.12.RC1.jar;C:\Users\amadoria\Documents\Projects\HAPKIDO\WP4\dss-fork\dss-jaxb-parsers\target\dss-jaxb-parsers-5.12.RC1.jar;C:\Users\amadoria\Documents\Projects\HAPKIDO\WP4\dss-fork\dss-jaxb-common\target\dss-jaxb-common-5.12.RC1.jar;C:\Users\amadoria\Documents\Projects\HAPKIDO\WP4\dss-fork\dss-alert\target\dss-alert-5.12.RC1.jar;C:\Users\amadoria\.m2\repository\org\glassfish\jaxb\jaxb-runtime\2.3.8\jaxb-runtime-2.3.8.jar;C:\Users\amadoria\.m2\repository\org\glassfish\jaxb\txw2\2.3.8\txw2-2.3.8.jar;C:\Users\amadoria\.m2\repository\com\sun\istack\istack-commons-runtime\3.0.12\istack-commons-runtime-3.0.12.jar;C:\Users\amadoria\.m2\repository\com\sun\activation\jakarta.activation\1.2.2\jakarta.activation-1.2.2.jar;C:\Users\amadoria\Documents\Projects\HAPKIDO\WP4\dss-fork\dss-diagnostic-jaxb\target\dss-diagnostic-jaxb-5.12.RC1.jar;C:\Users\amadoria\Documents\Projects\HAPKIDO\WP4\dss-fork\dss-simple-report-jaxb\target\dss-simple-report-jaxb-5.12.RC1.jar;C:\Users\amadoria\Documents\Projects\HAPKIDO\WP4\dss-fork\dss-simple-certificate-report-jaxb\target\dss-simple-certificate-report-jaxb-5.12.RC1.jar;C:\Users\amadoria\Documents\Projects\HAPKIDO\WP4\dss-fork\dss-detailed-report-jaxb\target\dss-detailed-report-jaxb-5.12.RC1.jar;C:\Users\amadoria\Documents\Projects\HAPKIDO\WP4\dss-fork\specs-validation-report\target\specs-validation-report-5.12.RC1.jar;C:\Users\amadoria\Documents\Projects\HAPKIDO\WP4\dss-fork\specs-xmldsig\target\specs-xmldsig-5.12.RC1.jar;C:\Users\amadoria\Documents\Projects\HAPKIDO\WP4\dss-fork\specs-xades\target\specs-xades-5.12.RC1.jar;C:\Users\amadoria\Documents\Projects\HAPKIDO\WP4\dss-fork\specs-trusted-list\target\specs-trusted-list-5.12.RC1.jar;C:\Users\amadoria\Documents\Projects\HAPKIDO\WP4\dss-fork\dss-i18n\target\dss-i18n-5.12.RC1.jar;C:\Users\amadoria\Documents\Projects\HAPKIDO\WP4\dss-fork\dss-token\target\dss-token-5.12.RC1.jar;C:\Users\amadoria\Documents\Projects\HAPKIDO\WP4\dss-fork\dss-model\target\dss-model-5.12.RC1.jar;C:\Users\amadoria\Documents\Projects\HAPKIDO\WP4\dss-fork\dss-enumerations\target\dss-enumerations-5.12.RC1.jar;C:\Users\amadoria\.m2\repository\org\slf4j\slf4j-api\2.0.6\slf4j-api-2.0.6.jar;C:\Users\amadoria\Documents\Projects\HAPKIDO\WP4\dss-fork\dss-service\target\dss-service-5.12.RC1.jar;C:\Users\amadoria\.m2\repository\org\apache\httpcomponents\client5\httpclient5\5.2.1\httpclient5-5.2.1.jar;C:\Users\amadoria\.m2\repository\org\apache\httpcomponents\core5\httpcore5\5.2\httpcore5-5.2.jar;C:\Users\amadoria\.m2\repository\org\apache\httpcomponents\core5\httpcore5-h2\5.2\httpcore5-h2-5.2.jar;C:\Users\amadoria\.m2\repository\commons-codec\commons-codec\1.15\commons-codec-1.15.jar;C:\Users\amadoria\.m2\repository\org\apache\santuario\xmlsec\2.3.2\xmlsec-2.3.2.jar;C:\Users\amadoria\.m2\repository\com\fasterxml\woodstox\woodstox-core\6.5.0\woodstox-core-6.5.0.jar;C:\Users\amadoria\.m2\repository\org\codehaus\woodstox\stax2-api\4.2.1\stax2-api-4.2.1.jar;C:\Users\amadoria\.m2\repository\jakarta\xml\bind\jakarta.xml.bind-api\2.3.3\jakarta.xml.bind-api-2.3.3.jar;C:\Users\amadoria\.m2\repository\org\slf4j\jcl-over-slf4j\2.0.6\jcl-over-slf4j-2.0.6.jar;C:\Users\amadoria\.m2\repository\ch\qos\logback\logback-classic\1.3.5\logback-classic-1.3.5.jar;C:\Users\amadoria\.m2\repository\ch\qos\logback\logback-core\1.3.5\logback-core-1.3.5.jar;C:\Users\amadoria\.m2\repository\com\h2database\h2\2.1.214\h2-2.1.214.jar;C:\Users\amadoria\.m2\repository\org\junit\platform\junit-platform-launcher\1.9.2\junit-platform-launcher-1.9.2.jar;C:\Users\amadoria\.m2\repository\org\junit\jupiter\junit-jupiter-engine\5.9.2\junit-jupiter-engine-5.9.2.jar;C:\Users\amadoria\.m2\repository\org\junit\jupiter\junit-jupiter-api\5.9.2\junit-jupiter-api-5.9.2.jar;C:\Users\amadoria\.m2\repository\org\junit\jupiter\junit-jupiter-params\5.9.2\junit-jupiter-params-5.9.2.jar;C:\Users\amadoria\.m2\repository\org\awaitility\awaitility\4.2.0\awaitility-4.2.0.jar;C:\Users\amadoria\.m2\repository\org\hamcrest\hamcrest\2.1\hamcrest-2.1.jar;C:\Users\amadoria\.m2\repository\org\mockito\mockito-core\4.11.0\mockito-core-4.11.0.jar;C:\Users\amadoria\.m2\repository\net\bytebuddy\byte-buddy\1.12.19\byte-buddy-1.12.19.jar;C:\Users\amadoria\.m2\repository\net\bytebuddy\byte-buddy-agent\1.12.19\byte-buddy-agent-1.12.19.jar;C:\Users\amadoria\.m2\repository\org\objenesis\objenesis\3.3\objenesis-3.3.jar;C:\Users\amadoria\.m2\repository\com\fasterxml\jackson\module\jackson-module-jaxb-annotations\2.14.2\jackson-module-jaxb-annotations-2.14.2.jar;C:\Users\amadoria\.m2\repository\com\fasterxml\jackson\core\jackson-annotations\2.14.2\jackson-annotations-2.14.2.jar;C:\Users\amadoria\.m2\repository\com\fasterxml\jackson\core\jackson-core\2.14.2\jackson-core-2.14.2.jar;C:\Users\amadoria\.m2\repository\com\fasterxml\jackson\core\jackson-databind\2.14.2\jackson-databind-2.14.2.jar;C:\Users\amadoria\.m2\repository\jakarta\activation\jakarta.activation-api\1.2.2\jakarta.activation-api-1.2.2.jar;C:\Users\amadoria\Documents\Projects\HAPKIDO\WP4\dss-fork\dss-utils-apache-commons\target\dss-utils-apache-commons-5.12.RC1.jar;C:\Users\amadoria\Documents\Projects\HAPKIDO\WP4\dss-fork\dss-utils\target\dss-utils-5.12.RC1.jar;C:\Users\amadoria\.m2\repository\org\apache\commons\commons-lang3\3.12.0\commons-lang3-3.12.0.jar;C:\Users\amadoria\.m2\repository\org\apache\commons\commons-collections4\4.4\commons-collections4-4.4.jar;C:\Users\amadoria\.m2\repository\commons-io\commons-io\2.11.0\commons-io-2.11.0.jar;C:\Users\amadoria\Documents\Projects\HAPKIDO\WP4\dss-fork\dss-crl-parser-stream\target\dss-crl-parser-stream-5.12.RC1.jar;C:\Users\amadoria\Documents\Projects\HAPKIDO\WP4\dss-fork\dss-crl-parser\target\dss-crl-parser-5.12.RC1.jar;C:\Users\amadoria\.m2\repository\org\apache\xmlgraphics\fop-core\2.8\fop-core-2.8.jar;C:\Users\amadoria\.m2\repository\org\apache\xmlgraphics\batik-anim\1.16\batik-anim-1.16.jar;C:\Users\amadoria\.m2\repository\org\apache\xmlgraphics\batik-css\1.16\batik-css-1.16.jar;C:\Users\amadoria\.m2\repository\org\apache\xmlgraphics\batik-dom\1.16\batik-dom-1.16.jar;C:\Users\amadoria\.m2\repository\xml-apis\xml-apis\1.4.01\xml-apis-1.4.01.jar;C:\Users\amadoria\.m2\repository\org\apache\xmlgraphics\batik-ext\1.16\batik-ext-1.16.jar;C:\Users\amadoria\.m2\repository\org\apache\xmlgraphics\batik-parser\1.16\batik-parser-1.16.jar;C:\Users\amadoria\.m2\repository\org\apache\xmlgraphics\batik-shared-resources\1.16\batik-shared-resources-1.16.jar;C:\Users\amadoria\.m2\repository\org\apache\xmlgraphics\batik-svg-dom\1.16\batik-svg-dom-1.16.jar;C:\Users\amadoria\.m2\repository\org\apache\xmlgraphics\batik-util\1.16\batik-util-1.16.jar;C:\Users\amadoria\.m2\repository\org\apache\xmlgraphics\batik-constants\1.16\batik-constants-1.16.jar;C:\Users\amadoria\.m2\repository\org\apache\xmlgraphics\batik-i18n\1.16\batik-i18n-1.16.jar;C:\Users\amadoria\.m2\repository\xml-apis\xml-apis-ext\1.3.04\xml-apis-ext-1.3.04.jar;C:\Users\amadoria\.m2\repository\org\apache\xmlgraphics\batik-awt-util\1.16\batik-awt-util-1.16.jar;C:\Users\amadoria\.m2\repository\org\apache\xmlgraphics\batik-bridge\1.16\batik-bridge-1.16.jar;C:\Users\amadoria\.m2\repository\org\apache\xmlgraphics\batik-script\1.16\batik-script-1.16.jar;C:\Users\amadoria\.m2\repository\org\apache\xmlgraphics\batik-xml\1.16\batik-xml-1.16.jar;C:\Users\amadoria\.m2\repository\org\apache\xmlgraphics\batik-extension\1.16\batik-extension-1.16.jar;C:\Users\amadoria\.m2\repository\org\apache\xmlgraphics\batik-gvt\1.16\batik-gvt-1.16.jar;C:\Users\amadoria\.m2\repository\org\apache\xmlgraphics\batik-transcoder\1.16\batik-transcoder-1.16.jar;C:\Users\amadoria\.m2\repository\org\apache\xmlgraphics\batik-svggen\1.16\batik-svggen-1.16.jar;C:\Users\amadoria\.m2\repository\org\apache\xmlgraphics\fop-events\2.8\fop-events-2.8.jar;C:\Users\amadoria\.m2\repository\com\thoughtworks\qdox\qdox\1.12\qdox-1.12.jar;C:\Users\amadoria\.m2\repository\org\apache\xmlgraphics\fop-util\2.8\fop-util-2.8.jar;C:\Users\amadoria\.m2\repository\org\apache\xmlgraphics\xmlgraphics-commons\2.8\xmlgraphics-commons-2.8.jar;C:\Users\amadoria\.m2\repository\org\junit\platform\junit-platform-suite-engine\1.9.2\junit-platform-suite-engine-1.9.2.jar;C:\Users\amadoria\.m2\repository\org\junit\platform\junit-platform-engine\1.9.2\junit-platform-engine-1.9.2.jar;C:\Users\amadoria\.m2\repository\org\opentest4j\opentest4j\1.2.0\opentest4j-1.2.0.jar;C:\Users\amadoria\.m2\repository\org\junit\platform\junit-platform-commons\1.9.2\junit-platform-commons-1.9.2.jar;C:\Users\amadoria\.m2\repository\org\junit\platform\junit-platform-suite-api\1.9.2\junit-platform-suite-api-1.9.2.jar;C:\Users\amadoria\.m2\repository\org\apiguardian\apiguardian-api\1.1.2\apiguardian-api-1.1.2.jar;C:\Users\amadoria\.m2\repository\org\junit\platform\junit-platform-suite-commons\1.9.2\junit-platform-suite-commons-1.9.2.jar;"/>
    <property name="sun.awt.enableExtraMouseButtons" value="true"/>
    <property name="java.vm.vendor" value="Oracle Corporation"/>
    <property name="sun.arch.data.model" value="64"/>
    <property name="user.variant" value=""/>
    <property name="java.vendor.url" value="https://java.oracle.com/"/>
    <property name="user.timezone" value="Europe/Amsterdam"/>
    <property name="os.name" value="Windows 10"/>
    <property name="java.vm.specification.version" value="19"/>
    <property name="sun.java.launcher" value="SUN_STANDARD"/>
    <property name="user.country" value="US"/>
    <property name="sun.boot.library.path" value="C:\Program Files\Java\jdk-19\bin"/>
    <property name="sun.java.command" value="C:\Users\amadoria\AppData\Local\Temp\surefire3758455994339619147\surefirebooter-20230428120702240_3.jar C:\Users\amadoria\AppData\Local\Temp\surefire3758455994339619147 2023-04-28T12-07-02_112-jvmRun1 surefire-20230428120702240_1tmp surefire_0-20230428120702240_2tmp"/>
    <property name="jdk.debug" value="release"/>
    <property name="surefire.test.class.path" value="C:\Users\amadoria\Documents\Projects\HAPKIDO\WP4\dss-fork\dss-pades-pdfbox\target\test-classes;C:\Users\amadoria\Documents\Projects\HAPKIDO\WP4\dss-fork\dss-pades-pdfbox\target\classes;C:\Users\amadoria\Documents\Projects\HAPKIDO\WP4\dss-fork\dss-pades\target\dss-pades-5.12.RC1.jar;C:\Users\amadoria\Documents\Projects\HAPKIDO\WP4\dss-fork\dss-cades\target\dss-cades-5.12.RC1.jar;C:\Users\amadoria\.m2\repository\org\apache\pdfbox\pdfbox\2.0.27\pdfbox-2.0.27.jar;C:\Users\amadoria\.m2\repository\org\apache\pdfbox\fontbox\2.0.27\fontbox-2.0.27.jar;C:\Users\amadoria\Documents\Projects\HAPKIDO\WP4\dss-fork\dss-pdfa\target\dss-pdfa-5.12.RC1.jar;C:\Users\amadoria\.m2\repository\org\verapdf\validation-model\1.22.2\validation-model-1.22.2.jar;C:\Users\amadoria\.m2\repository\org\verapdf\parser\1.22.1\parser-1.22.1.jar;C:\Users\amadoria\.m2\repository\org\verapdf\pdf-model\1.22.1\pdf-model-1.22.1.jar;C:\Users\amadoria\.m2\repository\org\verapdf\core\1.22.2\core-1.22.2.jar;C:\Users\amadoria\.m2\repository\org\verapdf\verapdf-xmp-core\1.22.2\verapdf-xmp-core-1.22.2.jar;C:\Users\amadoria\.m2\repository\org\mozilla\rhino\1.7.13\rhino-1.7.13.jar;C:\Users\amadoria\.m2\repository\com\sun\xml\bind\jaxb-impl\2.3.2\jaxb-impl-2.3.2.jar;C:\Users\amadoria\.m2\repository\com\sun\xml\bind\jaxb-core\2.3.0.1\jaxb-core-2.3.0.1.jar;C:\Users\amadoria\.m2\repository\net\java\dev\stax-utils\stax-utils\20070216\stax-utils-20070216.jar;C:\Users\amadoria\.m2\repository\org\verapdf\feature-reporting\1.22.2\feature-reporting-1.22.2.jar;C:\Users\amadoria\.m2\repository\org\verapdf\metadata-fixer\1.22.2\metadata-fixer-1.22.2.jar;C:\Users\amadoria\Documents\Projects\HAPKIDO\WP4\dss-fork\dss-pdfa\target\dss-pdfa-5.12.RC1-tests.jar;C:\Users\amadoria\Documents\Projects\HAPKIDO\WP4\dss-fork\dss-pades\target\dss-pades-5.12.RC1-tests.jar;C:\Users\amadoria\Documents\Projects\HAPKIDO\WP4\dss-fork\dss-test\target\dss-test-5.12.RC1-tests.jar;C:\Users\amadoria\Documents\Projects\HAPKIDO\WP4\dss-fork\dss-document\target\dss-document-5.12.RC1.jar;C:\Users\amadoria\Documents\Projects\HAPKIDO\WP4\dss-fork\dss-spi\target\dss-spi-5.12.RC1.jar;C:\Users\amadoria\Documents\Projects\HAPKIDO\WP4\dss-fork\dss-pades-pdfbox\libs\bcpkix-jdk18on-173b20.jar;C:\Users\amadoria\Documents\Projects\HAPKIDO\WP4\dss-fork\dss-pades-pdfbox\libs\bcprov-jdk18on-173b20.jar;C:\Users\amadoria\Documents\Projects\HAPKIDO\WP4\dss-fork\dss-pades-pdfbox\libs\bcutil-jdk18on-173b20.jar;C:\Users\amadoria\Documents\Projects\HAPKIDO\WP4\dss-fork\validation-policy\target\validation-policy-5.12.RC1.jar;C:\Users\amadoria\Documents\Projects\HAPKIDO\WP4\dss-fork\dss-policy-jaxb\target\dss-policy-jaxb-5.12.RC1.jar;C:\Users\amadoria\Documents\Projects\HAPKIDO\WP4\dss-fork\dss-jaxb-parsers\target\dss-jaxb-parsers-5.12.RC1.jar;C:\Users\amadoria\Documents\Projects\HAPKIDO\WP4\dss-fork\dss-jaxb-common\target\dss-jaxb-common-5.12.RC1.jar;C:\Users\amadoria\Documents\Projects\HAPKIDO\WP4\dss-fork\dss-alert\target\dss-alert-5.12.RC1.jar;C:\Users\amadoria\.m2\repository\org\glassfish\jaxb\jaxb-runtime\2.3.8\jaxb-runtime-2.3.8.jar;C:\Users\amadoria\.m2\repository\org\glassfish\jaxb\txw2\2.3.8\txw2-2.3.8.jar;C:\Users\amadoria\.m2\repository\com\sun\istack\istack-commons-runtime\3.0.12\istack-commons-runtime-3.0.12.jar;C:\Users\amadoria\.m2\repository\com\sun\activation\jakarta.activation\1.2.2\jakarta.activation-1.2.2.jar;C:\Users\amadoria\Documents\Projects\HAPKIDO\WP4\dss-fork\dss-diagnostic-jaxb\target\dss-diagnostic-jaxb-5.12.RC1.jar;C:\Users\amadoria\Documents\Projects\HAPKIDO\WP4\dss-fork\dss-simple-report-jaxb\target\dss-simple-report-jaxb-5.12.RC1.jar;C:\Users\amadoria\Documents\Projects\HAPKIDO\WP4\dss-fork\dss-simple-certificate-report-jaxb\target\dss-simple-certificate-report-jaxb-5.12.RC1.jar;C:\Users\amadoria\Documents\Projects\HAPKIDO\WP4\dss-fork\dss-detailed-report-jaxb\target\dss-detailed-report-jaxb-5.12.RC1.jar;C:\Users\amadoria\Documents\Projects\HAPKIDO\WP4\dss-fork\specs-validation-report\target\specs-validation-report-5.12.RC1.jar;C:\Users\amadoria\Documents\Projects\HAPKIDO\WP4\dss-fork\specs-xmldsig\target\specs-xmldsig-5.12.RC1.jar;C:\Users\amadoria\Documents\Projects\HAPKIDO\WP4\dss-fork\specs-xades\target\specs-xades-5.12.RC1.jar;C:\Users\amadoria\Documents\Projects\HAPKIDO\WP4\dss-fork\specs-trusted-list\target\specs-trusted-list-5.12.RC1.jar;C:\Users\amadoria\Documents\Projects\HAPKIDO\WP4\dss-fork\dss-i18n\target\dss-i18n-5.12.RC1.jar;C:\Users\amadoria\Documents\Projects\HAPKIDO\WP4\dss-fork\dss-token\target\dss-token-5.12.RC1.jar;C:\Users\amadoria\Documents\Projects\HAPKIDO\WP4\dss-fork\dss-model\target\dss-model-5.12.RC1.jar;C:\Users\amadoria\Documents\Projects\HAPKIDO\WP4\dss-fork\dss-enumerations\target\dss-enumerations-5.12.RC1.jar;C:\Users\amadoria\.m2\repository\org\slf4j\slf4j-api\2.0.6\slf4j-api-2.0.6.jar;C:\Users\amadoria\Documents\Projects\HAPKIDO\WP4\dss-fork\dss-service\target\dss-service-5.12.RC1.jar;C:\Users\amadoria\.m2\repository\org\apache\httpcomponents\client5\httpclient5\5.2.1\httpclient5-5.2.1.jar;C:\Users\amadoria\.m2\repository\org\apache\httpcomponents\core5\httpcore5\5.2\httpcore5-5.2.jar;C:\Users\amadoria\.m2\repository\org\apache\httpcomponents\core5\httpcore5-h2\5.2\httpcore5-h2-5.2.jar;C:\Users\amadoria\.m2\repository\commons-codec\commons-codec\1.15\commons-codec-1.15.jar;C:\Users\amadoria\.m2\repository\org\apache\santuario\xmlsec\2.3.2\xmlsec-2.3.2.jar;C:\Users\amadoria\.m2\repository\com\fasterxml\woodstox\woodstox-core\6.5.0\woodstox-core-6.5.0.jar;C:\Users\amadoria\.m2\repository\org\codehaus\woodstox\stax2-api\4.2.1\stax2-api-4.2.1.jar;C:\Users\amadoria\.m2\repository\jakarta\xml\bind\jakarta.xml.bind-api\2.3.3\jakarta.xml.bind-api-2.3.3.jar;C:\Users\amadoria\.m2\repository\org\slf4j\jcl-over-slf4j\2.0.6\jcl-over-slf4j-2.0.6.jar;C:\Users\amadoria\.m2\repository\ch\qos\logback\logback-classic\1.3.5\logback-classic-1.3.5.jar;C:\Users\amadoria\.m2\repository\ch\qos\logback\logback-core\1.3.5\logback-core-1.3.5.jar;C:\Users\amadoria\.m2\repository\com\h2database\h2\2.1.214\h2-2.1.214.jar;C:\Users\amadoria\.m2\repository\org\junit\platform\junit-platform-launcher\1.9.2\junit-platform-launcher-1.9.2.jar;C:\Users\amadoria\.m2\repository\org\junit\jupiter\junit-jupiter-engine\5.9.2\junit-jupiter-engine-5.9.2.jar;C:\Users\amadoria\.m2\repository\org\junit\jupiter\junit-jupiter-api\5.9.2\junit-jupiter-api-5.9.2.jar;C:\Users\amadoria\.m2\repository\org\junit\jupiter\junit-jupiter-params\5.9.2\junit-jupiter-params-5.9.2.jar;C:\Users\amadoria\.m2\repository\org\awaitility\awaitility\4.2.0\awaitility-4.2.0.jar;C:\Users\amadoria\.m2\repository\org\hamcrest\hamcrest\2.1\hamcrest-2.1.jar;C:\Users\amadoria\.m2\repository\org\mockito\mockito-core\4.11.0\mockito-core-4.11.0.jar;C:\Users\amadoria\.m2\repository\net\bytebuddy\byte-buddy\1.12.19\byte-buddy-1.12.19.jar;C:\Users\amadoria\.m2\repository\net\bytebuddy\byte-buddy-agent\1.12.19\byte-buddy-agent-1.12.19.jar;C:\Users\amadoria\.m2\repository\org\objenesis\objenesis\3.3\objenesis-3.3.jar;C:\Users\amadoria\.m2\repository\com\fasterxml\jackson\module\jackson-module-jaxb-annotations\2.14.2\jackson-module-jaxb-annotations-2.14.2.jar;C:\Users\amadoria\.m2\repository\com\fasterxml\jackson\core\jackson-annotations\2.14.2\jackson-annotations-2.14.2.jar;C:\Users\amadoria\.m2\repository\com\fasterxml\jackson\core\jackson-core\2.14.2\jackson-core-2.14.2.jar;C:\Users\amadoria\.m2\repository\com\fasterxml\jackson\core\jackson-databind\2.14.2\jackson-databind-2.14.2.jar;C:\Users\amadoria\.m2\repository\jakarta\activation\jakarta.activation-api\1.2.2\jakarta.activation-api-1.2.2.jar;C:\Users\amadoria\Documents\Projects\HAPKIDO\WP4\dss-fork\dss-utils-apache-commons\target\dss-utils-apache-commons-5.12.RC1.jar;C:\Users\amadoria\Documents\Projects\HAPKIDO\WP4\dss-fork\dss-utils\target\dss-utils-5.12.RC1.jar;C:\Users\amadoria\.m2\repository\org\apache\commons\commons-lang3\3.12.0\commons-lang3-3.12.0.jar;C:\Users\amadoria\.m2\repository\org\apache\commons\commons-collections4\4.4\commons-collections4-4.4.jar;C:\Users\amadoria\.m2\repository\commons-io\commons-io\2.11.0\commons-io-2.11.0.jar;C:\Users\amadoria\Documents\Projects\HAPKIDO\WP4\dss-fork\dss-crl-parser-stream\target\dss-crl-parser-stream-5.12.RC1.jar;C:\Users\amadoria\Documents\Projects\HAPKIDO\WP4\dss-fork\dss-crl-parser\target\dss-crl-parser-5.12.RC1.jar;C:\Users\amadoria\.m2\repository\org\apache\xmlgraphics\fop-core\2.8\fop-core-2.8.jar;C:\Users\amadoria\.m2\repository\org\apache\xmlgraphics\batik-anim\1.16\batik-anim-1.16.jar;C:\Users\amadoria\.m2\repository\org\apache\xmlgraphics\batik-css\1.16\batik-css-1.16.jar;C:\Users\amadoria\.m2\repository\org\apache\xmlgraphics\batik-dom\1.16\batik-dom-1.16.jar;C:\Users\amadoria\.m2\repository\xml-apis\xml-apis\1.4.01\xml-apis-1.4.01.jar;C:\Users\amadoria\.m2\repository\org\apache\xmlgraphics\batik-ext\1.16\batik-ext-1.16.jar;C:\Users\amadoria\.m2\repository\org\apache\xmlgraphics\batik-parser\1.16\batik-parser-1.16.jar;C:\Users\amadoria\.m2\repository\org\apache\xmlgraphics\batik-shared-resources\1.16\batik-shared-resources-1.16.jar;C:\Users\amadoria\.m2\repository\org\apache\xmlgraphics\batik-svg-dom\1.16\batik-svg-dom-1.16.jar;C:\Users\amadoria\.m2\repository\org\apache\xmlgraphics\batik-util\1.16\batik-util-1.16.jar;C:\Users\amadoria\.m2\repository\org\apache\xmlgraphics\batik-constants\1.16\batik-constants-1.16.jar;C:\Users\amadoria\.m2\repository\org\apache\xmlgraphics\batik-i18n\1.16\batik-i18n-1.16.jar;C:\Users\amadoria\.m2\repository\xml-apis\xml-apis-ext\1.3.04\xml-apis-ext-1.3.04.jar;C:\Users\amadoria\.m2\repository\org\apache\xmlgraphics\batik-awt-util\1.16\batik-awt-util-1.16.jar;C:\Users\amadoria\.m2\repository\org\apache\xmlgraphics\batik-bridge\1.16\batik-bridge-1.16.jar;C:\Users\amadoria\.m2\repository\org\apache\xmlgraphics\batik-script\1.16\batik-script-1.16.jar;C:\Users\amadoria\.m2\repository\org\apache\xmlgraphics\batik-xml\1.16\batik-xml-1.16.jar;C:\Users\amadoria\.m2\repository\org\apache\xmlgraphics\batik-extension\1.16\batik-extension-1.16.jar;C:\Users\amadoria\.m2\repository\org\apache\xmlgraphics\batik-gvt\1.16\batik-gvt-1.16.jar;C:\Users\amadoria\.m2\repository\org\apache\xmlgraphics\batik-transcoder\1.16\batik-transcoder-1.16.jar;C:\Users\amadoria\.m2\repository\org\apache\xmlgraphics\batik-svggen\1.16\batik-svggen-1.16.jar;C:\Users\amadoria\.m2\repository\org\apache\xmlgraphics\fop-events\2.8\fop-events-2.8.jar;C:\Users\amadoria\.m2\repository\com\thoughtworks\qdox\qdox\1.12\qdox-1.12.jar;C:\Users\amadoria\.m2\repository\org\apache\xmlgraphics\fop-util\2.8\fop-util-2.8.jar;C:\Users\amadoria\.m2\repository\org\apache\xmlgraphics\xmlgraphics-commons\2.8\xmlgraphics-commons-2.8.jar;C:\Users\amadoria\.m2\repository\org\junit\platform\junit-platform-suite-engine\1.9.2\junit-platform-suite-engine-1.9.2.jar;C:\Users\amadoria\.m2\repository\org\junit\platform\junit-platform-engine\1.9.2\junit-platform-engine-1.9.2.jar;C:\Users\amadoria\.m2\repository\org\opentest4j\opentest4j\1.2.0\opentest4j-1.2.0.jar;C:\Users\amadoria\.m2\repository\org\junit\platform\junit-platform-commons\1.9.2\junit-platform-commons-1.9.2.jar;C:\Users\amadoria\.m2\repository\org\junit\platform\junit-platform-suite-api\1.9.2\junit-platform-suite-api-1.9.2.jar;C:\Users\amadoria\.m2\repository\org\apiguardian\apiguardian-api\1.1.2\apiguardian-api-1.1.2.jar;C:\Users\amadoria\.m2\repository\org\junit\platform\junit-platform-suite-commons\1.9.2\junit-platform-suite-commons-1.9.2.jar;"/>
    <property name="sun.cpu.endian" value="little"/>
    <property name="user.home" value="C:\Users\amadoria"/>
    <property name="user.language" value="en"/>
    <property name="java.specification.vendor" value="Oracle Corporation"/>
    <property name="java.version.date" value="2023-01-17"/>
    <property name="java.home" value="C:\Program Files\Java\jdk-19"/>
    <property name="file.separator" value="\"/>
    <property name="basedir" value="C:\Users\amadoria\Documents\Projects\HAPKIDO\WP4\dss-fork\dss-pades-pdfbox"/>
    <property name="java.vm.compressedOopsMode" value="Zero based"/>
    <property name="line.separator" value="&#10;"/>
    <property name="java.vm.specification.vendor" value="Oracle Corporation"/>
    <property name="java.specification.name" value="Java Platform API Specification"/>
    <property name="surefire.real.class.path" value="C:\Users\amadoria\AppData\Local\Temp\surefire3758455994339619147\surefirebooter-20230428120702240_3.jar"/>
    <property name="user.script" value=""/>
    <property name="sun.management.compiler" value="HotSpot 64-Bit Tiered Compilers"/>
    <property name="java.runtime.version" value="19.0.2+7-44"/>
    <property name="user.name" value="amadoria"/>
    <property name="stdout.encoding" value="Cp1252"/>
    <property name="path.separator" value=";"/>
    <property name="os.version" value="10.0"/>
    <property name="java.runtime.name" value="Java(TM) SE Runtime Environment"/>
    <property name="file.encoding" value="UTF-8"/>
    <property name="java.vm.name" value="Java HotSpot(TM) 64-Bit Server VM"/>
    <property name="localRepository" value="C:\Users\amadoria\.m2\repository"/>
    <property name="java.vendor.url.bug" value="https://bugreport.java.com/bugreport/"/>
    <property name="java.io.tmpdir" value="C:\Users\amadoria\AppData\Local\Temp\"/>
    <property name="java.version" value="19.0.2"/>
    <property name="user.dir" value="C:\Users\amadoria\Documents\Projects\HAPKIDO\WP4\dss-fork\dss-pades-pdfbox"/>
    <property name="os.arch" value="amd64"/>
    <property name="java.vm.specification.name" value="Java Virtual Machine Specification"/>
    <property name="sun.os.patch.level" value=""/>
    <property name="native.encoding" value="Cp1252"/>
    <property name="java.library.path" value="C:\Program Files\Java\jdk-19\bin;C:\WINDOWS\Sun\Java\bin;C:\WINDOWS\system32;C:\WINDOWS;C:\Program Files\Common Files\Oracle\Java\javapath;C:\Program Files\Eclipse Adoptium\jdk-17.0.5.8-hotspot\bin;C:\WINDOWS\system32;C:\WINDOWS;C:\WINDOWS\System32\Wbem;C:\WINDOWS\System32\WindowsPowerShell\v1.0\;C:\WINDOWS\System32\OpenSSH\;C:\Program Files\dotnet\;C:\ProgramData\chocolatey\bin;C:\Program Files\Gradle\gradle-8.0.2\bin;C:\Program Files\Maven\apache-maven-3.9.0\bin;;C:\Program Files\Docker\Docker\resources\bin;C:\Users\amadoria\AppData\Local\Programs\Python\Python38\Scripts\;C:\Users\amadoria\AppData\Local\Programs\Python\Python38\;C:\Users\amadoria\AppData\Local\Microsoft\WindowsApps;C:\Users\amadoria\AppData\Local\Programs\MiKTeX\miktex\bin\x64\;C:\Users\amadoria\AppData\Local\Programs\Microsoft VS Code\bin;C:\Users\amadoria\AppData\Roaming\Python\Scripts\;C:\Users\amadoria\AppData\Local\Programs\Git\cmd;C:\Program Files\JetBrains\IntelliJ IDEA Community Edition 2022.3.3\bin;;."/>
    <property name="java.vm.info" value="mixed mode, sharing"/>
    <property name="stderr.encoding" value="Cp1252"/>
    <property name="java.vendor" value="Oracle Corporation"/>
    <property name="java.vm.version" value="19.0.2+7-44"/>
    <property name="sun.io.unicode.encoding" value="UnicodeLittle"/>
    <property name="java.class.version" value="63.0"/>
  </properties>
  <testcase name="validate" classname="eu.europa.esig.dss.pades.validation.suite.DSS1690Test" time="0.352">
    <system-out><![CDATA[2023-04-28 12:15:14,135  INFO | main | e.europa.esig.dss.test.AbstractPkiFactoryTestValidation | =================== VALIDATION ================= 
2023-04-28 12:15:14,139  INFO | main | e.europa.esig.dss.validation.CommonCertificateVerifier  | + New CommonCertificateVerifier created. 
2023-04-28 12:15:14,208  INFO | main | eu.europa.esig.dss.pdf.AbstractPDFSignatureService      | Signature fields: [Signature1] 
2023-04-28 12:15:14,227  INFO | main | eu.europa.esig.dss.pdf.AbstractPDFSignatureService      | Signature fields: [Cryptolog-1895426501] 
2023-04-28 12:15:14,235  INFO | main | eu.europa.esig.dss.pdf.AbstractPDFSignatureService      | Signature fields: [Cryptolog-846272363] 
2023-04-28 12:15:14,241  INFO | main | e.europa.esig.dss.validation.CommonCertificateVerifier  | + New CommonCertificateVerifier created. 
2023-04-28 12:15:14,245  INFO | main | eu.europa.esig.dss.validation.SignedDocumentValidator   | Document validation... 
2023-04-28 12:15:14,342  INFO | main | e.europa.esig.dss.validation.CommonCertificateVerifier  | + New CommonCertificateVerifier created. 
2023-04-28 12:15:14,344  WARN | main | e.europa.esig.dss.validation.SignatureValidationContext | POE extraction is skipped for untrusted timestamp : T-32902C8337E0351C4AA33052A3E1DA9232D204C4839BB52879DF7183678CEE61. 
2023-04-28 12:15:14,346  WARN | main | e.europa.esig.dss.validation.SignatureValidationContext | POE extraction is skipped for untrusted timestamp : T-8E4BDE2CF1609CCB38EDABCC07DBD17B0842A1A08CB376C76B752D6E14475AC9. 
2023-04-28 12:15:14,381  WARN | main | e.europa.esig.dss.validation.SignatureValidationContext | Issuer not found for certificate C-5E1A5ED41AE1D0BD71D03056CEDA2B35976A6F5D272E6C6595990DCC586DA703 
2023-04-28 12:15:14,384  WARN | main | e.europa.esig.dss.validation.SignatureValidationContext | POE extraction is skipped for untrusted timestamp : T-32902C8337E0351C4AA33052A3E1DA9232D204C4839BB52879DF7183678CEE61. 
2023-04-28 12:15:14,403  WARN | main | e.europa.esig.dss.validation.SignatureValidationContext | POE extraction is skipped for untrusted timestamp : T-32902C8337E0351C4AA33052A3E1DA9232D204C4839BB52879DF7183678CEE61. 
]]></system-out>
  </testcase>
  <testcase name="validate" classname="eu.europa.esig.dss.pades.validation.suite.DSS1690Test" time="0.256">
    <system-out><![CDATA[2023-04-28 12:15:14,486  INFO | main | e.europa.esig.dss.test.AbstractPkiFactoryTestValidation | =================== VALIDATION ================= 
2023-04-28 12:15:14,489  INFO | main | e.europa.esig.dss.validation.CommonCertificateVerifier  | + New CommonCertificateVerifier created. 
2023-04-28 12:15:14,513  INFO | main | eu.europa.esig.dss.pdf.AbstractPDFSignatureService      | Signature fields: [Signature1] 
2023-04-28 12:15:14,521  INFO | main | eu.europa.esig.dss.pdf.AbstractPDFSignatureService      | Signature fields: [Cryptolog-1895426501] 
2023-04-28 12:15:14,526  INFO | main | eu.europa.esig.dss.pdf.AbstractPDFSignatureService      | Signature fields: [Cryptolog-846272363] 
2023-04-28 12:15:14,531  INFO | main | e.europa.esig.dss.validation.CommonCertificateVerifier  | + New CommonCertificateVerifier created. 
2023-04-28 12:15:14,534  INFO | main | eu.europa.esig.dss.validation.SignedDocumentValidator   | Document validation... 
2023-04-28 12:15:14,608  INFO | main | e.europa.esig.dss.validation.CommonCertificateVerifier  | + New CommonCertificateVerifier created. 
2023-04-28 12:15:14,610  WARN | main | e.europa.esig.dss.validation.SignatureValidationContext | POE extraction is skipped for untrusted timestamp : T-32902C8337E0351C4AA33052A3E1DA9232D204C4839BB52879DF7183678CEE61. 
2023-04-28 12:15:14,612  WARN | main | e.europa.esig.dss.validation.SignatureValidationContext | POE extraction is skipped for untrusted timestamp : T-8E4BDE2CF1609CCB38EDABCC07DBD17B0842A1A08CB376C76B752D6E14475AC9. 
2023-04-28 12:15:14,651  WARN | main | e.europa.esig.dss.validation.SignatureValidationContext | Issuer not found for certificate C-5E1A5ED41AE1D0BD71D03056CEDA2B35976A6F5D272E6C6595990DCC586DA703 
2023-04-28 12:15:14,653  WARN | main | e.europa.esig.dss.validation.SignatureValidationContext | POE extraction is skipped for untrusted timestamp : T-32902C8337E0351C4AA33052A3E1DA9232D204C4839BB52879DF7183678CEE61. 
2023-04-28 12:15:14,670  WARN | main | e.europa.esig.dss.validation.SignatureValidationContext | POE extraction is skipped for untrusted timestamp : T-32902C8337E0351C4AA33052A3E1DA9232D204C4839BB52879DF7183678CEE61. 
]]></system-out>
  </testcase>
  <testcase name="validate" classname="eu.europa.esig.dss.pades.validation.suite.DSS1690Test" time="0.225">
    <system-out><![CDATA[2023-04-28 12:15:14,744  INFO | main | e.europa.esig.dss.test.AbstractPkiFactoryTestValidation | =================== VALIDATION ================= 
2023-04-28 12:15:14,747  INFO | main | e.europa.esig.dss.validation.CommonCertificateVerifier  | + New CommonCertificateVerifier created. 
2023-04-28 12:15:14,768  INFO | main | eu.europa.esig.dss.pdf.AbstractPDFSignatureService      | Signature fields: [Signature1] 
2023-04-28 12:15:14,776  INFO | main | eu.europa.esig.dss.pdf.AbstractPDFSignatureService      | Signature fields: [Cryptolog-1895426501] 
2023-04-28 12:15:14,780  INFO | main | eu.europa.esig.dss.pdf.AbstractPDFSignatureService      | Signature fields: [Cryptolog-846272363] 
2023-04-28 12:15:14,784  INFO | main | e.europa.esig.dss.validation.CommonCertificateVerifier  | + New CommonCertificateVerifier created. 
2023-04-28 12:15:14,787  INFO | main | eu.europa.esig.dss.validation.SignedDocumentValidator   | Document validation... 
2023-04-28 12:15:14,854  INFO | main | e.europa.esig.dss.validation.CommonCertificateVerifier  | + New CommonCertificateVerifier created. 
2023-04-28 12:15:14,856  WARN | main | e.europa.esig.dss.validation.SignatureValidationContext | POE extraction is skipped for untrusted timestamp : T-32902C8337E0351C4AA33052A3E1DA9232D204C4839BB52879DF7183678CEE61. 
2023-04-28 12:15:14,858  WARN | main | e.europa.esig.dss.validation.SignatureValidationContext | POE extraction is skipped for untrusted timestamp : T-8E4BDE2CF1609CCB38EDABCC07DBD17B0842A1A08CB376C76B752D6E14475AC9. 
2023-04-28 12:15:14,886  WARN | main | e.europa.esig.dss.validation.SignatureValidationContext | Issuer not found for certificate C-5E1A5ED41AE1D0BD71D03056CEDA2B35976A6F5D272E6C6595990DCC586DA703 
2023-04-28 12:15:14,888  WARN | main | e.europa.esig.dss.validation.SignatureValidationContext | POE extraction is skipped for untrusted timestamp : T-32902C8337E0351C4AA33052A3E1DA9232D204C4839BB52879DF7183678CEE61. 
2023-04-28 12:15:14,904  WARN | main | e.europa.esig.dss.validation.SignatureValidationContext | POE extraction is skipped for untrusted timestamp : T-32902C8337E0351C4AA33052A3E1DA9232D204C4839BB52879DF7183678CEE61. 
]]></system-out>
  </testcase>
  <testcase name="validate" classname="eu.europa.esig.dss.pades.validation.suite.DSS1690Test" time="0.225">
    <system-out><![CDATA[2023-04-28 12:15:14,970  INFO | main | e.europa.esig.dss.test.AbstractPkiFactoryTestValidation | =================== VALIDATION ================= 
2023-04-28 12:15:14,972  INFO | main | e.europa.esig.dss.validation.CommonCertificateVerifier  | + New CommonCertificateVerifier created. 
2023-04-28 12:15:14,992  INFO | main | eu.europa.esig.dss.pdf.AbstractPDFSignatureService      | Signature fields: [Signature1] 
2023-04-28 12:15:15,000  INFO | main | eu.europa.esig.dss.pdf.AbstractPDFSignatureService      | Signature fields: [Cryptolog-1895426501] 
2023-04-28 12:15:15,005  INFO | main | eu.europa.esig.dss.pdf.AbstractPDFSignatureService      | Signature fields: [Cryptolog-846272363] 
2023-04-28 12:15:15,009  INFO | main | e.europa.esig.dss.validation.CommonCertificateVerifier  | + New CommonCertificateVerifier created. 
2023-04-28 12:15:15,012  INFO | main | eu.europa.esig.dss.validation.SignedDocumentValidator   | Document validation... 
2023-04-28 12:15:15,078  INFO | main | e.europa.esig.dss.validation.CommonCertificateVerifier  | + New CommonCertificateVerifier created. 
2023-04-28 12:15:15,079  WARN | main | e.europa.esig.dss.validation.SignatureValidationContext | POE extraction is skipped for untrusted timestamp : T-32902C8337E0351C4AA33052A3E1DA9232D204C4839BB52879DF7183678CEE61. 
2023-04-28 12:15:15,081  WARN | main | e.europa.esig.dss.validation.SignatureValidationContext | POE extraction is skipped for untrusted timestamp : T-8E4BDE2CF1609CCB38EDABCC07DBD17B0842A1A08CB376C76B752D6E14475AC9. 
2023-04-28 12:15:15,109  WARN | main | e.europa.esig.dss.validation.SignatureValidationContext | Issuer not found for certificate C-5E1A5ED41AE1D0BD71D03056CEDA2B35976A6F5D272E6C6595990DCC586DA703 
2023-04-28 12:15:15,111  WARN | main | e.europa.esig.dss.validation.SignatureValidationContext | POE extraction is skipped for untrusted timestamp : T-32902C8337E0351C4AA33052A3E1DA9232D204C4839BB52879DF7183678CEE61. 
2023-04-28 12:15:15,126  WARN | main | e.europa.esig.dss.validation.SignatureValidationContext | POE extraction is skipped for untrusted timestamp : T-32902C8337E0351C4AA33052A3E1DA9232D204C4839BB52879DF7183678CEE61. 
]]></system-out>
  </testcase>
  <testcase name="validate" classname="eu.europa.esig.dss.pades.validation.suite.DSS1690Test" time="0.233">
    <system-out><![CDATA[2023-04-28 12:15:15,196  INFO | main | e.europa.esig.dss.test.AbstractPkiFactoryTestValidation | =================== VALIDATION ================= 
2023-04-28 12:15:15,199  INFO | main | e.europa.esig.dss.validation.CommonCertificateVerifier  | + New CommonCertificateVerifier created. 
2023-04-28 12:15:15,219  INFO | main | eu.europa.esig.dss.pdf.AbstractPDFSignatureService      | Signature fields: [Signature1] 
2023-04-28 12:15:15,227  INFO | main | eu.europa.esig.dss.pdf.AbstractPDFSignatureService      | Signature fields: [Cryptolog-1895426501] 
2023-04-28 12:15:15,231  INFO | main | eu.europa.esig.dss.pdf.AbstractPDFSignatureService      | Signature fields: [Cryptolog-846272363] 
2023-04-28 12:15:15,235  INFO | main | e.europa.esig.dss.validation.CommonCertificateVerifier  | + New CommonCertificateVerifier created. 
2023-04-28 12:15:15,237  INFO | main | eu.europa.esig.dss.validation.SignedDocumentValidator   | Document validation... 
2023-04-28 12:15:15,313  INFO | main | e.europa.esig.dss.validation.CommonCertificateVerifier  | + New CommonCertificateVerifier created. 
2023-04-28 12:15:15,315  WARN | main | e.europa.esig.dss.validation.SignatureValidationContext | POE extraction is skipped for untrusted timestamp : T-32902C8337E0351C4AA33052A3E1DA9232D204C4839BB52879DF7183678CEE61. 
2023-04-28 12:15:15,316  WARN | main | e.europa.esig.dss.validation.SignatureValidationContext | POE extraction is skipped for untrusted timestamp : T-8E4BDE2CF1609CCB38EDABCC07DBD17B0842A1A08CB376C76B752D6E14475AC9. 
2023-04-28 12:15:15,344  WARN | main | e.europa.esig.dss.validation.SignatureValidationContext | Issuer not found for certificate C-5E1A5ED41AE1D0BD71D03056CEDA2B35976A6F5D272E6C6595990DCC586DA703 
2023-04-28 12:15:15,346  WARN | main | e.europa.esig.dss.validation.SignatureValidationContext | POE extraction is skipped for untrusted timestamp : T-32902C8337E0351C4AA33052A3E1DA9232D204C4839BB52879DF7183678CEE61. 
2023-04-28 12:15:15,361  WARN | main | e.europa.esig.dss.validation.SignatureValidationContext | POE extraction is skipped for untrusted timestamp : T-32902C8337E0351C4AA33052A3E1DA9232D204C4839BB52879DF7183678CEE61. 
]]></system-out>
  </testcase>
  <testcase name="validate" classname="eu.europa.esig.dss.pades.validation.suite.DSS1690Test" time="0.221">
    <system-out><![CDATA[2023-04-28 12:15:15,430  INFO | main | e.europa.esig.dss.test.AbstractPkiFactoryTestValidation | =================== VALIDATION ================= 
2023-04-28 12:15:15,433  INFO | main | e.europa.esig.dss.validation.CommonCertificateVerifier  | + New CommonCertificateVerifier created. 
2023-04-28 12:15:15,453  INFO | main | eu.europa.esig.dss.pdf.AbstractPDFSignatureService      | Signature fields: [Signature1] 
2023-04-28 12:15:15,462  INFO | main | eu.europa.esig.dss.pdf.AbstractPDFSignatureService      | Signature fields: [Cryptolog-1895426501] 
2023-04-28 12:15:15,467  INFO | main | eu.europa.esig.dss.pdf.AbstractPDFSignatureService      | Signature fields: [Cryptolog-846272363] 
2023-04-28 12:15:15,470  INFO | main | e.europa.esig.dss.validation.CommonCertificateVerifier  | + New CommonCertificateVerifier created. 
2023-04-28 12:15:15,473  INFO | main | eu.europa.esig.dss.validation.SignedDocumentValidator   | Document validation... 
2023-04-28 12:15:15,540  INFO | main | e.europa.esig.dss.validation.CommonCertificateVerifier  | + New CommonCertificateVerifier created. 
2023-04-28 12:15:15,541  WARN | main | e.europa.esig.dss.validation.SignatureValidationContext | POE extraction is skipped for untrusted timestamp : T-32902C8337E0351C4AA33052A3E1DA9232D204C4839BB52879DF7183678CEE61. 
2023-04-28 12:15:15,543  WARN | main | e.europa.esig.dss.validation.SignatureValidationContext | POE extraction is skipped for untrusted timestamp : T-8E4BDE2CF1609CCB38EDABCC07DBD17B0842A1A08CB376C76B752D6E14475AC9. 
2023-04-28 12:15:15,570  WARN | main | e.europa.esig.dss.validation.SignatureValidationContext | Issuer not found for certificate C-5E1A5ED41AE1D0BD71D03056CEDA2B35976A6F5D272E6C6595990DCC586DA703 
2023-04-28 12:15:15,573  WARN | main | e.europa.esig.dss.validation.SignatureValidationContext | POE extraction is skipped for untrusted timestamp : T-32902C8337E0351C4AA33052A3E1DA9232D204C4839BB52879DF7183678CEE61. 
2023-04-28 12:15:15,588  WARN | main | e.europa.esig.dss.validation.SignatureValidationContext | POE extraction is skipped for untrusted timestamp : T-32902C8337E0351C4AA33052A3E1DA9232D204C4839BB52879DF7183678CEE61. 
]]></system-out>
  </testcase>
  <testcase name="validate" classname="eu.europa.esig.dss.pades.validation.suite.DSS1690Test" time="0.235">
    <system-out><![CDATA[2023-04-28 12:15:15,652  INFO | main | e.europa.esig.dss.test.AbstractPkiFactoryTestValidation | =================== VALIDATION ================= 
2023-04-28 12:15:15,655  INFO | main | e.europa.esig.dss.validation.CommonCertificateVerifier  | + New CommonCertificateVerifier created. 
2023-04-28 12:15:15,677  INFO | main | eu.europa.esig.dss.pdf.AbstractPDFSignatureService      | Signature fields: [Signature1] 
2023-04-28 12:15:15,685  INFO | main | eu.europa.esig.dss.pdf.AbstractPDFSignatureService      | Signature fields: [Cryptolog-1895426501] 
2023-04-28 12:15:15,689  INFO | main | eu.europa.esig.dss.pdf.AbstractPDFSignatureService      | Signature fields: [Cryptolog-846272363] 
2023-04-28 12:15:15,694  INFO | main | e.europa.esig.dss.validation.CommonCertificateVerifier  | + New CommonCertificateVerifier created. 
2023-04-28 12:15:15,697  INFO | main | eu.europa.esig.dss.validation.SignedDocumentValidator   | Document validation... 
2023-04-28 12:15:15,764  INFO | main | e.europa.esig.dss.validation.CommonCertificateVerifier  | + New CommonCertificateVerifier created. 
2023-04-28 12:15:15,766  WARN | main | e.europa.esig.dss.validation.SignatureValidationContext | POE extraction is skipped for untrusted timestamp : T-32902C8337E0351C4AA33052A3E1DA9232D204C4839BB52879DF7183678CEE61. 
2023-04-28 12:15:15,767  WARN | main | e.europa.esig.dss.validation.SignatureValidationContext | POE extraction is skipped for untrusted timestamp : T-8E4BDE2CF1609CCB38EDABCC07DBD17B0842A1A08CB376C76B752D6E14475AC9. 
2023-04-28 12:15:15,797  WARN | main | e.europa.esig.dss.validation.SignatureValidationContext | Issuer not found for certificate C-5E1A5ED41AE1D0BD71D03056CEDA2B35976A6F5D272E6C6595990DCC586DA703 
2023-04-28 12:15:15,799  WARN | main | e.europa.esig.dss.validation.SignatureValidationContext | POE extraction is skipped for untrusted timestamp : T-32902C8337E0351C4AA33052A3E1DA9232D204C4839BB52879DF7183678CEE61. 
2023-04-28 12:15:15,817  WARN | main | e.europa.esig.dss.validation.SignatureValidationContext | POE extraction is skipped for untrusted timestamp : T-32902C8337E0351C4AA33052A3E1DA9232D204C4839BB52879DF7183678CEE61. 
]]></system-out>
  </testcase>
  <testcase name="validate" classname="eu.europa.esig.dss.pades.validation.suite.DSS1690Test" time="0.227">
    <system-out><![CDATA[2023-04-28 12:15:15,888  INFO | main | e.europa.esig.dss.test.AbstractPkiFactoryTestValidation | =================== VALIDATION ================= 
2023-04-28 12:15:15,890  INFO | main | e.europa.esig.dss.validation.CommonCertificateVerifier  | + New CommonCertificateVerifier created. 
2023-04-28 12:15:15,912  INFO | main | eu.europa.esig.dss.pdf.AbstractPDFSignatureService      | Signature fields: [Signature1] 
2023-04-28 12:15:15,920  INFO | main | eu.europa.esig.dss.pdf.AbstractPDFSignatureService      | Signature fields: [Cryptolog-1895426501] 
2023-04-28 12:15:15,924  INFO | main | eu.europa.esig.dss.pdf.AbstractPDFSignatureService      | Signature fields: [Cryptolog-846272363] 
2023-04-28 12:15:15,929  INFO | main | e.europa.esig.dss.validation.CommonCertificateVerifier  | + New CommonCertificateVerifier created. 
2023-04-28 12:15:15,931  INFO | main | eu.europa.esig.dss.validation.SignedDocumentValidator   | Document validation... 
2023-04-28 12:15:15,996  INFO | main | e.europa.esig.dss.validation.CommonCertificateVerifier  | + New CommonCertificateVerifier created. 
2023-04-28 12:15:15,998  WARN | main | e.europa.esig.dss.validation.SignatureValidationContext | POE extraction is skipped for untrusted timestamp : T-32902C8337E0351C4AA33052A3E1DA9232D204C4839BB52879DF7183678CEE61. 
2023-04-28 12:15:16,000  WARN | main | e.europa.esig.dss.validation.SignatureValidationContext | POE extraction is skipped for untrusted timestamp : T-8E4BDE2CF1609CCB38EDABCC07DBD17B0842A1A08CB376C76B752D6E14475AC9. 
2023-04-28 12:15:16,031  WARN | main | e.europa.esig.dss.validation.SignatureValidationContext | Issuer not found for certificate C-5E1A5ED41AE1D0BD71D03056CEDA2B35976A6F5D272E6C6595990DCC586DA703 
2023-04-28 12:15:16,033  WARN | main | e.europa.esig.dss.validation.SignatureValidationContext | POE extraction is skipped for untrusted timestamp : T-32902C8337E0351C4AA33052A3E1DA9232D204C4839BB52879DF7183678CEE61. 
2023-04-28 12:15:16,050  WARN | main | e.europa.esig.dss.validation.SignatureValidationContext | POE extraction is skipped for untrusted timestamp : T-32902C8337E0351C4AA33052A3E1DA9232D204C4839BB52879DF7183678CEE61. 
]]></system-out>
  </testcase>
  <testcase name="validate" classname="eu.europa.esig.dss.pades.validation.suite.DSS1690Test" time="0.232">
    <system-out><![CDATA[2023-04-28 12:15:16,116  INFO | main | e.europa.esig.dss.test.AbstractPkiFactoryTestValidation | =================== VALIDATION ================= 
2023-04-28 12:15:16,118  INFO | main | e.europa.esig.dss.validation.CommonCertificateVerifier  | + New CommonCertificateVerifier created. 
2023-04-28 12:15:16,141  INFO | main | eu.europa.esig.dss.pdf.AbstractPDFSignatureService      | Signature fields: [Signature1] 
2023-04-28 12:15:16,150  INFO | main | eu.europa.esig.dss.pdf.AbstractPDFSignatureService      | Signature fields: [Cryptolog-1895426501] 
2023-04-28 12:15:16,155  INFO | main | eu.europa.esig.dss.pdf.AbstractPDFSignatureService      | Signature fields: [Cryptolog-846272363] 
2023-04-28 12:15:16,161  INFO | main | e.europa.esig.dss.validation.CommonCertificateVerifier  | + New CommonCertificateVerifier created. 
2023-04-28 12:15:16,165  INFO | main | eu.europa.esig.dss.validation.SignedDocumentValidator   | Document validation... 
2023-04-28 12:15:16,232  INFO | main | e.europa.esig.dss.validation.CommonCertificateVerifier  | + New CommonCertificateVerifier created. 
2023-04-28 12:15:16,233  WARN | main | e.europa.esig.dss.validation.SignatureValidationContext | POE extraction is skipped for untrusted timestamp : T-32902C8337E0351C4AA33052A3E1DA9232D204C4839BB52879DF7183678CEE61. 
2023-04-28 12:15:16,235  WARN | main | e.europa.esig.dss.validation.SignatureValidationContext | POE extraction is skipped for untrusted timestamp : T-8E4BDE2CF1609CCB38EDABCC07DBD17B0842A1A08CB376C76B752D6E14475AC9. 
2023-04-28 12:15:16,264  WARN | main | e.europa.esig.dss.validation.SignatureValidationContext | Issuer not found for certificate C-5E1A5ED41AE1D0BD71D03056CEDA2B35976A6F5D272E6C6595990DCC586DA703 
2023-04-28 12:15:16,266  WARN | main | e.europa.esig.dss.validation.SignatureValidationContext | POE extraction is skipped for untrusted timestamp : T-32902C8337E0351C4AA33052A3E1DA9232D204C4839BB52879DF7183678CEE61. 
2023-04-28 12:15:16,281  WARN | main | e.europa.esig.dss.validation.SignatureValidationContext | POE extraction is skipped for untrusted timestamp : T-32902C8337E0351C4AA33052A3E1DA9232D204C4839BB52879DF7183678CEE61. 
]]></system-out>
  </testcase>
  <testcase name="validate" classname="eu.europa.esig.dss.pades.validation.suite.DSS1690Test" time="0.238">
    <system-out><![CDATA[2023-04-28 12:15:16,347  INFO | main | e.europa.esig.dss.test.AbstractPkiFactoryTestValidation | =================== VALIDATION ================= 
2023-04-28 12:15:16,350  INFO | main | e.europa.esig.dss.validation.CommonCertificateVerifier  | + New CommonCertificateVerifier created. 
2023-04-28 12:15:16,374  INFO | main | eu.europa.esig.dss.pdf.AbstractPDFSignatureService      | Signature fields: [Signature1] 
2023-04-28 12:15:16,383  INFO | main | eu.europa.esig.dss.pdf.AbstractPDFSignatureService      | Signature fields: [Cryptolog-1895426501] 
2023-04-28 12:15:16,387  INFO | main | eu.europa.esig.dss.pdf.AbstractPDFSignatureService      | Signature fields: [Cryptolog-846272363] 
2023-04-28 12:15:16,390  INFO | main | e.europa.esig.dss.validation.CommonCertificateVerifier  | + New CommonCertificateVerifier created. 
2023-04-28 12:15:16,393  INFO | main | eu.europa.esig.dss.validation.SignedDocumentValidator   | Document validation... 
2023-04-28 12:15:16,460  INFO | main | e.europa.esig.dss.validation.CommonCertificateVerifier  | + New CommonCertificateVerifier created. 
2023-04-28 12:15:16,472  WARN | main | e.europa.esig.dss.validation.SignatureValidationContext | POE extraction is skipped for untrusted timestamp : T-32902C8337E0351C4AA33052A3E1DA9232D204C4839BB52879DF7183678CEE61. 
2023-04-28 12:15:16,475  WARN | main | e.europa.esig.dss.validation.SignatureValidationContext | POE extraction is skipped for untrusted timestamp : T-8E4BDE2CF1609CCB38EDABCC07DBD17B0842A1A08CB376C76B752D6E14475AC9. 
2023-04-28 12:15:16,504  WARN | main | e.europa.esig.dss.validation.SignatureValidationContext | Issuer not found for certificate C-5E1A5ED41AE1D0BD71D03056CEDA2B35976A6F5D272E6C6595990DCC586DA703 
2023-04-28 12:15:16,506  WARN | main | e.europa.esig.dss.validation.SignatureValidationContext | POE extraction is skipped for untrusted timestamp : T-32902C8337E0351C4AA33052A3E1DA9232D204C4839BB52879DF7183678CEE61. 
2023-04-28 12:15:16,522  WARN | main | e.europa.esig.dss.validation.SignatureValidationContext | POE extraction is skipped for untrusted timestamp : T-32902C8337E0351C4AA33052A3E1DA9232D204C4839BB52879DF7183678CEE61. 
]]></system-out>
  </testcase>
</testsuite>