<?xml version="1.0" encoding="UTF-8"?>
<testsuite xmlns:xsi="http://www.w3.org/2001/XMLSchema-instance" xsi:noNamespaceSchemaLocation="https://maven.apache.org/surefire/maven-surefire-plugin/xsd/surefire-test-report-3.0.xsd" version="3.0" name="eu.europa.esig.dss.cades.signature.CAdESLevelBTest" time="1.929" tests="1" errors="0" skipped="0" failures="0">
  <properties>
    <property name="java.specification.version" value="19"/>
    <property name="sun.cpu.isalist" value="amd64"/>
    <property name="sun.jnu.encoding" value="Cp1252"/>
    <property name="java.class.path" value="C:\Users\amadoria\Documents\Projects\HAPKIDO\WP4\dss-fork\dss-cades\target\test-classes;C:\Users\amadoria\Documents\Projects\HAPKIDO\WP4\dss-fork\dss-cades\target\classes;C:\Users\amadoria\Documents\Projects\HAPKIDO\WP4\dss-fork\dss-document\target\dss-document-5.12.RC1.jar;C:\Users\amadoria\Documents\Projects\HAPKIDO\WP4\dss-fork\dss-spi\target\dss-spi-5.12.RC1.jar;C:\Users\amadoria\Documents\Projects\HAPKIDO\WP4\dss-fork\dss-model\target\dss-model-5.12.RC1.jar;C:\Users\amadoria\Documents\Projects\HAPKIDO\WP4\dss-fork\dss-enumerations\target\dss-enumerations-5.12.RC1.jar;C:\Users\amadoria\Documents\Projects\HAPKIDO\WP4\dss-fork\dss-utils\target\dss-utils-5.12.RC1.jar;C:\Users\amadoria\Documents\Projects\HAPKIDO\WP4\dss-fork\dss-crl-parser\target\dss-crl-parser-5.12.RC1.jar;C:\Users\amadoria\.m2\repository\org\slf4j\slf4j-api\2.0.6\slf4j-api-2.0.6.jar;C:\Users\amadoria\Documents\Projects\HAPKIDO\WP4\dss-fork\dss-cades\libs\bcpkix-jdk18on-173b20.jar;C:\Users\amadoria\Documents\Projects\HAPKIDO\WP4\dss-fork\dss-cades\libs\bcprov-jdk18on-173b20.jar;C:\Users\amadoria\Documents\Projects\HAPKIDO\WP4\dss-fork\dss-cades\libs\bcutil-jdk18on-173b20.jar;C:\Users\amadoria\Documents\Projects\HAPKIDO\WP4\dss-fork\validation-policy\target\validation-policy-5.12.RC1.jar;C:\Users\amadoria\Documents\Projects\HAPKIDO\WP4\dss-fork\dss-policy-jaxb\target\dss-policy-jaxb-5.12.RC1.jar;C:\Users\amadoria\Documents\Projects\HAPKIDO\WP4\dss-fork\dss-jaxb-parsers\target\dss-jaxb-parsers-5.12.RC1.jar;C:\Users\amadoria\Documents\Projects\HAPKIDO\WP4\dss-fork\dss-jaxb-common\target\dss-jaxb-common-5.12.RC1.jar;C:\Users\amadoria\Documents\Projects\HAPKIDO\WP4\dss-fork\dss-alert\target\dss-alert-5.12.RC1.jar;C:\Users\amadoria\.m2\repository\org\glassfish\jaxb\jaxb-runtime\2.3.8\jaxb-runtime-2.3.8.jar;C:\Users\amadoria\.m2\repository\org\glassfish\jaxb\txw2\2.3.8\txw2-2.3.8.jar;C:\Users\amadoria\.m2\repository\com\sun\istack\istack-commons-runtime\3.0.12\istack-commons-runtime-3.0.12.jar;C:\Users\amadoria\.m2\repository\com\sun\activation\jakarta.activation\1.2.2\jakarta.activation-1.2.2.jar;C:\Users\amadoria\Documents\Projects\HAPKIDO\WP4\dss-fork\dss-diagnostic-jaxb\target\dss-diagnostic-jaxb-5.12.RC1.jar;C:\Users\amadoria\Documents\Projects\HAPKIDO\WP4\dss-fork\dss-simple-report-jaxb\target\dss-simple-report-jaxb-5.12.RC1.jar;C:\Users\amadoria\Documents\Projects\HAPKIDO\WP4\dss-fork\dss-simple-certificate-report-jaxb\target\dss-simple-certificate-report-jaxb-5.12.RC1.jar;C:\Users\amadoria\Documents\Projects\HAPKIDO\WP4\dss-fork\dss-detailed-report-jaxb\target\dss-detailed-report-jaxb-5.12.RC1.jar;C:\Users\amadoria\Documents\Projects\HAPKIDO\WP4\dss-fork\specs-validation-report\target\specs-validation-report-5.12.RC1.jar;C:\Users\amadoria\Documents\Projects\HAPKIDO\WP4\dss-fork\specs-xmldsig\target\specs-xmldsig-5.12.RC1.jar;C:\Users\amadoria\Documents\Projects\HAPKIDO\WP4\dss-fork\specs-xades\target\specs-xades-5.12.RC1.jar;C:\Users\amadoria\Documents\Projects\HAPKIDO\WP4\dss-fork\specs-trusted-list\target\specs-trusted-list-5.12.RC1.jar;C:\Users\amadoria\Documents\Projects\HAPKIDO\WP4\dss-fork\dss-i18n\target\dss-i18n-5.12.RC1.jar;C:\Users\amadoria\Documents\Projects\HAPKIDO\WP4\dss-fork\dss-test\target\dss-test-5.12.RC1-tests.jar;C:\Users\amadoria\Documents\Projects\HAPKIDO\WP4\dss-fork\dss-token\target\dss-token-5.12.RC1.jar;C:\Users\amadoria\Documents\Projects\HAPKIDO\WP4\dss-fork\dss-service\target\dss-service-5.12.RC1.jar;C:\Users\amadoria\.m2\repository\org\apache\httpcomponents\client5\httpclient5\5.2.1\httpclient5-5.2.1.jar;C:\Users\amadoria\.m2\repository\org\apache\httpcomponents\core5\httpcore5\5.2\httpcore5-5.2.jar;C:\Users\amadoria\.m2\repository\org\apache\httpcomponents\core5\httpcore5-h2\5.2\httpcore5-h2-5.2.jar;C:\Users\amadoria\.m2\repository\commons-codec\commons-codec\1.15\commons-codec-1.15.jar;C:\Users\amadoria\.m2\repository\org\apache\santuario\xmlsec\2.3.2\xmlsec-2.3.2.jar;C:\Users\amadoria\.m2\repository\com\fasterxml\woodstox\woodstox-core\6.5.0\woodstox-core-6.5.0.jar;C:\Users\amadoria\.m2\repository\org\codehaus\woodstox\stax2-api\4.2.1\stax2-api-4.2.1.jar;C:\Users\amadoria\.m2\repository\jakarta\xml\bind\jakarta.xml.bind-api\2.3.3\jakarta.xml.bind-api-2.3.3.jar;C:\Users\amadoria\.m2\repository\org\slf4j\jcl-over-slf4j\2.0.6\jcl-over-slf4j-2.0.6.jar;C:\Users\amadoria\.m2\repository\ch\qos\logback\logback-classic\1.3.5\logback-classic-1.3.5.jar;C:\Users\amadoria\.m2\repository\ch\qos\logback\logback-core\1.3.5\logback-core-1.3.5.jar;C:\Users\amadoria\.m2\repository\com\h2database\h2\2.1.214\h2-2.1.214.jar;C:\Users\amadoria\.m2\repository\org\junit\platform\junit-platform-launcher\1.9.2\junit-platform-launcher-1.9.2.jar;C:\Users\amadoria\.m2\repository\org\junit\platform\junit-platform-engine\1.9.2\junit-platform-engine-1.9.2.jar;C:\Users\amadoria\.m2\repository\org\opentest4j\opentest4j\1.2.0\opentest4j-1.2.0.jar;C:\Users\amadoria\.m2\repository\org\junit\platform\junit-platform-commons\1.9.2\junit-platform-commons-1.9.2.jar;C:\Users\amadoria\.m2\repository\org\apiguardian\apiguardian-api\1.1.2\apiguardian-api-1.1.2.jar;C:\Users\amadoria\.m2\repository\org\junit\jupiter\junit-jupiter-engine\5.9.2\junit-jupiter-engine-5.9.2.jar;C:\Users\amadoria\.m2\repository\org\junit\jupiter\junit-jupiter-api\5.9.2\junit-jupiter-api-5.9.2.jar;C:\Users\amadoria\.m2\repository\org\junit\jupiter\junit-jupiter-params\5.9.2\junit-jupiter-params-5.9.2.jar;C:\Users\amadoria\.m2\repository\org\awaitility\awaitility\4.2.0\awaitility-4.2.0.jar;C:\Users\amadoria\.m2\repository\org\hamcrest\hamcrest\2.1\hamcrest-2.1.jar;C:\Users\amadoria\.m2\repository\org\mockito\mockito-core\4.11.0\mockito-core-4.11.0.jar;C:\Users\amadoria\.m2\repository\net\bytebuddy\byte-buddy\1.12.19\byte-buddy-1.12.19.jar;C:\Users\amadoria\.m2\repository\net\bytebuddy\byte-buddy-agent\1.12.19\byte-buddy-agent-1.12.19.jar;C:\Users\amadoria\.m2\repository\org\objenesis\objenesis\3.3\objenesis-3.3.jar;C:\Users\amadoria\.m2\repository\com\fasterxml\jackson\module\jackson-module-jaxb-annotations\2.14.2\jackson-module-jaxb-annotations-2.14.2.jar;C:\Users\amadoria\.m2\repository\com\fasterxml\jackson\core\jackson-annotations\2.14.2\jackson-annotations-2.14.2.jar;C:\Users\amadoria\.m2\repository\com\fasterxml\jackson\core\jackson-core\2.14.2\jackson-core-2.14.2.jar;C:\Users\amadoria\.m2\repository\com\fasterxml\jackson\core\jackson-databind\2.14.2\jackson-databind-2.14.2.jar;C:\Users\amadoria\.m2\repository\jakarta\activation\jakarta.activation-api\1.2.2\jakarta.activation-api-1.2.2.jar;C:\Users\amadoria\Documents\Projects\HAPKIDO\WP4\dss-fork\dss-utils-apache-commons\target\dss-utils-apache-commons-5.12.RC1.jar;C:\Users\amadoria\.m2\repository\org\apache\commons\commons-lang3\3.12.0\commons-lang3-3.12.0.jar;C:\Users\amadoria\.m2\repository\org\apache\commons\commons-collections4\4.4\commons-collections4-4.4.jar;C:\Users\amadoria\.m2\repository\commons-io\commons-io\2.11.0\commons-io-2.11.0.jar;C:\Users\amadoria\Documents\Projects\HAPKIDO\WP4\dss-fork\dss-crl-parser-stream\target\dss-crl-parser-stream-5.12.RC1.jar;C:\Users\amadoria\.m2\repository\org\apache\xmlgraphics\fop-core\2.8\fop-core-2.8.jar;C:\Users\amadoria\.m2\repository\org\apache\xmlgraphics\batik-anim\1.16\batik-anim-1.16.jar;C:\Users\amadoria\.m2\repository\org\apache\xmlgraphics\batik-css\1.16\batik-css-1.16.jar;C:\Users\amadoria\.m2\repository\org\apache\xmlgraphics\batik-dom\1.16\batik-dom-1.16.jar;C:\Users\amadoria\.m2\repository\xml-apis\xml-apis\1.4.01\xml-apis-1.4.01.jar;C:\Users\amadoria\.m2\repository\org\apache\xmlgraphics\batik-ext\1.16\batik-ext-1.16.jar;C:\Users\amadoria\.m2\repository\org\apache\xmlgraphics\batik-parser\1.16\batik-parser-1.16.jar;C:\Users\amadoria\.m2\repository\org\apache\xmlgraphics\batik-shared-resources\1.16\batik-shared-resources-1.16.jar;C:\Users\amadoria\.m2\repository\org\apache\xmlgraphics\batik-svg-dom\1.16\batik-svg-dom-1.16.jar;C:\Users\amadoria\.m2\repository\org\apache\xmlgraphics\batik-util\1.16\batik-util-1.16.jar;C:\Users\amadoria\.m2\repository\org\apache\xmlgraphics\batik-constants\1.16\batik-constants-1.16.jar;C:\Users\amadoria\.m2\repository\org\apache\xmlgraphics\batik-i18n\1.16\batik-i18n-1.16.jar;C:\Users\amadoria\.m2\repository\xml-apis\xml-apis-ext\1.3.04\xml-apis-ext-1.3.04.jar;C:\Users\amadoria\.m2\repository\org\apache\xmlgraphics\batik-awt-util\1.16\batik-awt-util-1.16.jar;C:\Users\amadoria\.m2\repository\org\apache\xmlgraphics\batik-bridge\1.16\batik-bridge-1.16.jar;C:\Users\amadoria\.m2\repository\org\apache\xmlgraphics\batik-script\1.16\batik-script-1.16.jar;C:\Users\amadoria\.m2\repository\org\apache\xmlgraphics\batik-xml\1.16\batik-xml-1.16.jar;C:\Users\amadoria\.m2\repository\org\apache\xmlgraphics\batik-extension\1.16\batik-extension-1.16.jar;C:\Users\amadoria\.m2\repository\org\apache\xmlgraphics\batik-gvt\1.16\batik-gvt-1.16.jar;C:\Users\amadoria\.m2\repository\org\apache\xmlgraphics\batik-transcoder\1.16\batik-transcoder-1.16.jar;C:\Users\amadoria\.m2\repository\org\apache\xmlgraphics\batik-svggen\1.16\batik-svggen-1.16.jar;C:\Users\amadoria\.m2\repository\org\apache\xmlgraphics\fop-events\2.8\fop-events-2.8.jar;C:\Users\amadoria\.m2\repository\com\thoughtworks\qdox\qdox\1.12\qdox-1.12.jar;C:\Users\amadoria\.m2\repository\org\apache\xmlgraphics\fop-util\2.8\fop-util-2.8.jar;C:\Users\amadoria\.m2\repository\org\apache\xmlgraphics\xmlgraphics-commons\2.8\xmlgraphics-commons-2.8.jar;"/>
    <property name="sun.awt.enableExtraMouseButtons" value="true"/>
    <property name="java.vm.vendor" value="Oracle Corporation"/>
    <property name="sun.arch.data.model" value="64"/>
    <property name="user.variant" value=""/>
    <property name="java.vendor.url" value="https://java.oracle.com/"/>
    <property name="user.timezone" value="Europe/Amsterdam"/>
    <property name="os.name" value="Windows 10"/>
    <property name="java.vm.specification.version" value="19"/>
    <property name="sun.java.launcher" value="SUN_STANDARD"/>
    <property name="user.country" value="US"/>
    <property name="sun.boot.library.path" value="C:\Program Files\Java\jdk-19\bin"/>
    <property name="sun.java.command" value="C:\Users\amadoria\AppData\Local\Temp\surefire7949372902166635188\surefirebooter-20230428115331753_1106.jar C:\Users\amadoria\AppData\Local\Temp\surefire7949372902166635188 2023-04-28T11-29-53_553-jvmRun1 surefire-20230428115331753_1104tmp surefire_32-20230428115331753_1105tmp"/>
    <property name="jdk.debug" value="release"/>
    <property name="surefire.test.class.path" value="C:\Users\amadoria\Documents\Projects\HAPKIDO\WP4\dss-fork\dss-cades\target\test-classes;C:\Users\amadoria\Documents\Projects\HAPKIDO\WP4\dss-fork\dss-cades\target\classes;C:\Users\amadoria\Documents\Projects\HAPKIDO\WP4\dss-fork\dss-document\target\dss-document-5.12.RC1.jar;C:\Users\amadoria\Documents\Projects\HAPKIDO\WP4\dss-fork\dss-spi\target\dss-spi-5.12.RC1.jar;C:\Users\amadoria\Documents\Projects\HAPKIDO\WP4\dss-fork\dss-model\target\dss-model-5.12.RC1.jar;C:\Users\amadoria\Documents\Projects\HAPKIDO\WP4\dss-fork\dss-enumerations\target\dss-enumerations-5.12.RC1.jar;C:\Users\amadoria\Documents\Projects\HAPKIDO\WP4\dss-fork\dss-utils\target\dss-utils-5.12.RC1.jar;C:\Users\amadoria\Documents\Projects\HAPKIDO\WP4\dss-fork\dss-crl-parser\target\dss-crl-parser-5.12.RC1.jar;C:\Users\amadoria\.m2\repository\org\slf4j\slf4j-api\2.0.6\slf4j-api-2.0.6.jar;C:\Users\amadoria\Documents\Projects\HAPKIDO\WP4\dss-fork\dss-cades\libs\bcpkix-jdk18on-173b20.jar;C:\Users\amadoria\Documents\Projects\HAPKIDO\WP4\dss-fork\dss-cades\libs\bcprov-jdk18on-173b20.jar;C:\Users\amadoria\Documents\Projects\HAPKIDO\WP4\dss-fork\dss-cades\libs\bcutil-jdk18on-173b20.jar;C:\Users\amadoria\Documents\Projects\HAPKIDO\WP4\dss-fork\validation-policy\target\validation-policy-5.12.RC1.jar;C:\Users\amadoria\Documents\Projects\HAPKIDO\WP4\dss-fork\dss-policy-jaxb\target\dss-policy-jaxb-5.12.RC1.jar;C:\Users\amadoria\Documents\Projects\HAPKIDO\WP4\dss-fork\dss-jaxb-parsers\target\dss-jaxb-parsers-5.12.RC1.jar;C:\Users\amadoria\Documents\Projects\HAPKIDO\WP4\dss-fork\dss-jaxb-common\target\dss-jaxb-common-5.12.RC1.jar;C:\Users\amadoria\Documents\Projects\HAPKIDO\WP4\dss-fork\dss-alert\target\dss-alert-5.12.RC1.jar;C:\Users\amadoria\.m2\repository\org\glassfish\jaxb\jaxb-runtime\2.3.8\jaxb-runtime-2.3.8.jar;C:\Users\amadoria\.m2\repository\org\glassfish\jaxb\txw2\2.3.8\txw2-2.3.8.jar;C:\Users\amadoria\.m2\repository\com\sun\istack\istack-commons-runtime\3.0.12\istack-commons-runtime-3.0.12.jar;C:\Users\amadoria\.m2\repository\com\sun\activation\jakarta.activation\1.2.2\jakarta.activation-1.2.2.jar;C:\Users\amadoria\Documents\Projects\HAPKIDO\WP4\dss-fork\dss-diagnostic-jaxb\target\dss-diagnostic-jaxb-5.12.RC1.jar;C:\Users\amadoria\Documents\Projects\HAPKIDO\WP4\dss-fork\dss-simple-report-jaxb\target\dss-simple-report-jaxb-5.12.RC1.jar;C:\Users\amadoria\Documents\Projects\HAPKIDO\WP4\dss-fork\dss-simple-certificate-report-jaxb\target\dss-simple-certificate-report-jaxb-5.12.RC1.jar;C:\Users\amadoria\Documents\Projects\HAPKIDO\WP4\dss-fork\dss-detailed-report-jaxb\target\dss-detailed-report-jaxb-5.12.RC1.jar;C:\Users\amadoria\Documents\Projects\HAPKIDO\WP4\dss-fork\specs-validation-report\target\specs-validation-report-5.12.RC1.jar;C:\Users\amadoria\Documents\Projects\HAPKIDO\WP4\dss-fork\specs-xmldsig\target\specs-xmldsig-5.12.RC1.jar;C:\Users\amadoria\Documents\Projects\HAPKIDO\WP4\dss-fork\specs-xades\target\specs-xades-5.12.RC1.jar;C:\Users\amadoria\Documents\Projects\HAPKIDO\WP4\dss-fork\specs-trusted-list\target\specs-trusted-list-5.12.RC1.jar;C:\Users\amadoria\Documents\Projects\HAPKIDO\WP4\dss-fork\dss-i18n\target\dss-i18n-5.12.RC1.jar;C:\Users\amadoria\Documents\Projects\HAPKIDO\WP4\dss-fork\dss-test\target\dss-test-5.12.RC1-tests.jar;C:\Users\amadoria\Documents\Projects\HAPKIDO\WP4\dss-fork\dss-token\target\dss-token-5.12.RC1.jar;C:\Users\amadoria\Documents\Projects\HAPKIDO\WP4\dss-fork\dss-service\target\dss-service-5.12.RC1.jar;C:\Users\amadoria\.m2\repository\org\apache\httpcomponents\client5\httpclient5\5.2.1\httpclient5-5.2.1.jar;C:\Users\amadoria\.m2\repository\org\apache\httpcomponents\core5\httpcore5\5.2\httpcore5-5.2.jar;C:\Users\amadoria\.m2\repository\org\apache\httpcomponents\core5\httpcore5-h2\5.2\httpcore5-h2-5.2.jar;C:\Users\amadoria\.m2\repository\commons-codec\commons-codec\1.15\commons-codec-1.15.jar;C:\Users\amadoria\.m2\repository\org\apache\santuario\xmlsec\2.3.2\xmlsec-2.3.2.jar;C:\Users\amadoria\.m2\repository\com\fasterxml\woodstox\woodstox-core\6.5.0\woodstox-core-6.5.0.jar;C:\Users\amadoria\.m2\repository\org\codehaus\woodstox\stax2-api\4.2.1\stax2-api-4.2.1.jar;C:\Users\amadoria\.m2\repository\jakarta\xml\bind\jakarta.xml.bind-api\2.3.3\jakarta.xml.bind-api-2.3.3.jar;C:\Users\amadoria\.m2\repository\org\slf4j\jcl-over-slf4j\2.0.6\jcl-over-slf4j-2.0.6.jar;C:\Users\amadoria\.m2\repository\ch\qos\logback\logback-classic\1.3.5\logback-classic-1.3.5.jar;C:\Users\amadoria\.m2\repository\ch\qos\logback\logback-core\1.3.5\logback-core-1.3.5.jar;C:\Users\amadoria\.m2\repository\com\h2database\h2\2.1.214\h2-2.1.214.jar;C:\Users\amadoria\.m2\repository\org\junit\platform\junit-platform-launcher\1.9.2\junit-platform-launcher-1.9.2.jar;C:\Users\amadoria\.m2\repository\org\junit\platform\junit-platform-engine\1.9.2\junit-platform-engine-1.9.2.jar;C:\Users\amadoria\.m2\repository\org\opentest4j\opentest4j\1.2.0\opentest4j-1.2.0.jar;C:\Users\amadoria\.m2\repository\org\junit\platform\junit-platform-commons\1.9.2\junit-platform-commons-1.9.2.jar;C:\Users\amadoria\.m2\repository\org\apiguardian\apiguardian-api\1.1.2\apiguardian-api-1.1.2.jar;C:\Users\amadoria\.m2\repository\org\junit\jupiter\junit-jupiter-engine\5.9.2\junit-jupiter-engine-5.9.2.jar;C:\Users\amadoria\.m2\repository\org\junit\jupiter\junit-jupiter-api\5.9.2\junit-jupiter-api-5.9.2.jar;C:\Users\amadoria\.m2\repository\org\junit\jupiter\junit-jupiter-params\5.9.2\junit-jupiter-params-5.9.2.jar;C:\Users\amadoria\.m2\repository\org\awaitility\awaitility\4.2.0\awaitility-4.2.0.jar;C:\Users\amadoria\.m2\repository\org\hamcrest\hamcrest\2.1\hamcrest-2.1.jar;C:\Users\amadoria\.m2\repository\org\mockito\mockito-core\4.11.0\mockito-core-4.11.0.jar;C:\Users\amadoria\.m2\repository\net\bytebuddy\byte-buddy\1.12.19\byte-buddy-1.12.19.jar;C:\Users\amadoria\.m2\repository\net\bytebuddy\byte-buddy-agent\1.12.19\byte-buddy-agent-1.12.19.jar;C:\Users\amadoria\.m2\repository\org\objenesis\objenesis\3.3\objenesis-3.3.jar;C:\Users\amadoria\.m2\repository\com\fasterxml\jackson\module\jackson-module-jaxb-annotations\2.14.2\jackson-module-jaxb-annotations-2.14.2.jar;C:\Users\amadoria\.m2\repository\com\fasterxml\jackson\core\jackson-annotations\2.14.2\jackson-annotations-2.14.2.jar;C:\Users\amadoria\.m2\repository\com\fasterxml\jackson\core\jackson-core\2.14.2\jackson-core-2.14.2.jar;C:\Users\amadoria\.m2\repository\com\fasterxml\jackson\core\jackson-databind\2.14.2\jackson-databind-2.14.2.jar;C:\Users\amadoria\.m2\repository\jakarta\activation\jakarta.activation-api\1.2.2\jakarta.activation-api-1.2.2.jar;C:\Users\amadoria\Documents\Projects\HAPKIDO\WP4\dss-fork\dss-utils-apache-commons\target\dss-utils-apache-commons-5.12.RC1.jar;C:\Users\amadoria\.m2\repository\org\apache\commons\commons-lang3\3.12.0\commons-lang3-3.12.0.jar;C:\Users\amadoria\.m2\repository\org\apache\commons\commons-collections4\4.4\commons-collections4-4.4.jar;C:\Users\amadoria\.m2\repository\commons-io\commons-io\2.11.0\commons-io-2.11.0.jar;C:\Users\amadoria\Documents\Projects\HAPKIDO\WP4\dss-fork\dss-crl-parser-stream\target\dss-crl-parser-stream-5.12.RC1.jar;C:\Users\amadoria\.m2\repository\org\apache\xmlgraphics\fop-core\2.8\fop-core-2.8.jar;C:\Users\amadoria\.m2\repository\org\apache\xmlgraphics\batik-anim\1.16\batik-anim-1.16.jar;C:\Users\amadoria\.m2\repository\org\apache\xmlgraphics\batik-css\1.16\batik-css-1.16.jar;C:\Users\amadoria\.m2\repository\org\apache\xmlgraphics\batik-dom\1.16\batik-dom-1.16.jar;C:\Users\amadoria\.m2\repository\xml-apis\xml-apis\1.4.01\xml-apis-1.4.01.jar;C:\Users\amadoria\.m2\repository\org\apache\xmlgraphics\batik-ext\1.16\batik-ext-1.16.jar;C:\Users\amadoria\.m2\repository\org\apache\xmlgraphics\batik-parser\1.16\batik-parser-1.16.jar;C:\Users\amadoria\.m2\repository\org\apache\xmlgraphics\batik-shared-resources\1.16\batik-shared-resources-1.16.jar;C:\Users\amadoria\.m2\repository\org\apache\xmlgraphics\batik-svg-dom\1.16\batik-svg-dom-1.16.jar;C:\Users\amadoria\.m2\repository\org\apache\xmlgraphics\batik-util\1.16\batik-util-1.16.jar;C:\Users\amadoria\.m2\repository\org\apache\xmlgraphics\batik-constants\1.16\batik-constants-1.16.jar;C:\Users\amadoria\.m2\repository\org\apache\xmlgraphics\batik-i18n\1.16\batik-i18n-1.16.jar;C:\Users\amadoria\.m2\repository\xml-apis\xml-apis-ext\1.3.04\xml-apis-ext-1.3.04.jar;C:\Users\amadoria\.m2\repository\org\apache\xmlgraphics\batik-awt-util\1.16\batik-awt-util-1.16.jar;C:\Users\amadoria\.m2\repository\org\apache\xmlgraphics\batik-bridge\1.16\batik-bridge-1.16.jar;C:\Users\amadoria\.m2\repository\org\apache\xmlgraphics\batik-script\1.16\batik-script-1.16.jar;C:\Users\amadoria\.m2\repository\org\apache\xmlgraphics\batik-xml\1.16\batik-xml-1.16.jar;C:\Users\amadoria\.m2\repository\org\apache\xmlgraphics\batik-extension\1.16\batik-extension-1.16.jar;C:\Users\amadoria\.m2\repository\org\apache\xmlgraphics\batik-gvt\1.16\batik-gvt-1.16.jar;C:\Users\amadoria\.m2\repository\org\apache\xmlgraphics\batik-transcoder\1.16\batik-transcoder-1.16.jar;C:\Users\amadoria\.m2\repository\org\apache\xmlgraphics\batik-svggen\1.16\batik-svggen-1.16.jar;C:\Users\amadoria\.m2\repository\org\apache\xmlgraphics\fop-events\2.8\fop-events-2.8.jar;C:\Users\amadoria\.m2\repository\com\thoughtworks\qdox\qdox\1.12\qdox-1.12.jar;C:\Users\amadoria\.m2\repository\org\apache\xmlgraphics\fop-util\2.8\fop-util-2.8.jar;C:\Users\amadoria\.m2\repository\org\apache\xmlgraphics\xmlgraphics-commons\2.8\xmlgraphics-commons-2.8.jar;"/>
    <property name="sun.cpu.endian" value="little"/>
    <property name="user.home" value="C:\Users\amadoria"/>
    <property name="user.language" value="en"/>
    <property name="java.specification.vendor" value="Oracle Corporation"/>
    <property name="java.version.date" value="2023-01-17"/>
    <property name="java.home" value="C:\Program Files\Java\jdk-19"/>
    <property name="file.separator" value="\"/>
    <property name="basedir" value="C:\Users\amadoria\Documents\Projects\HAPKIDO\WP4\dss-fork\dss-cades"/>
    <property name="java.vm.compressedOopsMode" value="Zero based"/>
    <property name="line.separator" value="&#10;"/>
    <property name="java.vm.specification.vendor" value="Oracle Corporation"/>
    <property name="java.specification.name" value="Java Platform API Specification"/>
    <property name="surefire.real.class.path" value="C:\Users\amadoria\AppData\Local\Temp\surefire7949372902166635188\surefirebooter-20230428115331753_1106.jar"/>
    <property name="user.script" value=""/>
    <property name="sun.management.compiler" value="HotSpot 64-Bit Tiered Compilers"/>
    <property name="java.runtime.version" value="19.0.2+7-44"/>
    <property name="user.name" value="amadoria"/>
    <property name="stdout.encoding" value="Cp1252"/>
    <property name="path.separator" value=";"/>
    <property name="os.version" value="10.0"/>
    <property name="java.runtime.name" value="Java(TM) SE Runtime Environment"/>
    <property name="file.encoding" value="UTF-8"/>
    <property name="java.vm.name" value="Java HotSpot(TM) 64-Bit Server VM"/>
    <property name="localRepository" value="C:\Users\amadoria\.m2\repository"/>
    <property name="java.vendor.url.bug" value="https://bugreport.java.com/bugreport/"/>
    <property name="java.io.tmpdir" value="C:\Users\amadoria\AppData\Local\Temp\"/>
    <property name="java.version" value="19.0.2"/>
    <property name="user.dir" value="C:\Users\amadoria\Documents\Projects\HAPKIDO\WP4\dss-fork\dss-cades"/>
    <property name="os.arch" value="amd64"/>
    <property name="java.vm.specification.name" value="Java Virtual Machine Specification"/>
    <property name="sun.os.patch.level" value=""/>
    <property name="native.encoding" value="Cp1252"/>
    <property name="java.library.path" value="C:\Program Files\Java\jdk-19\bin;C:\WINDOWS\Sun\Java\bin;C:\WINDOWS\system32;C:\WINDOWS;C:\Program Files\Common Files\Oracle\Java\javapath;C:\Program Files\Eclipse Adoptium\jdk-17.0.5.8-hotspot\bin;C:\WINDOWS\system32;C:\WINDOWS;C:\WINDOWS\System32\Wbem;C:\WINDOWS\System32\WindowsPowerShell\v1.0\;C:\WINDOWS\System32\OpenSSH\;C:\Program Files\dotnet\;C:\ProgramData\chocolatey\bin;C:\Program Files\Gradle\gradle-8.0.2\bin;C:\Program Files\Maven\apache-maven-3.9.0\bin;;C:\Program Files\Docker\Docker\resources\bin;C:\Users\amadoria\AppData\Local\Programs\Python\Python38\Scripts\;C:\Users\amadoria\AppData\Local\Programs\Python\Python38\;C:\Users\amadoria\AppData\Local\Microsoft\WindowsApps;C:\Users\amadoria\AppData\Local\Programs\MiKTeX\miktex\bin\x64\;C:\Users\amadoria\AppData\Local\Programs\Microsoft VS Code\bin;C:\Users\amadoria\AppData\Roaming\Python\Scripts\;C:\Users\amadoria\AppData\Local\Programs\Git\cmd;C:\Program Files\JetBrains\IntelliJ IDEA Community Edition 2022.3.3\bin;;."/>
    <property name="java.vm.info" value="mixed mode, sharing"/>
    <property name="stderr.encoding" value="Cp1252"/>
    <property name="java.vendor" value="Oracle Corporation"/>
    <property name="java.vm.version" value="19.0.2+7-44"/>
    <property name="sun.io.unicode.encoding" value="UnicodeLittle"/>
    <property name="java.class.version" value="63.0"/>
  </properties>
  <testcase name="signAndVerify" classname="eu.europa.esig.dss.cades.signature.CAdESLevelBTest" time="1.927">
    <system-out><![CDATA[2023-04-28 11:57:04,812  INFO | main | e.europa.esig.dss.validation.CommonCertificateVerifier  | + New CommonCertificateVerifier created. 
2023-04-28 11:57:05,134  INFO | main | e.e.esig.dss.token.AbstractSignatureTokenConnection     | Signature algorithm : SHA256withRSA 
2023-04-28 11:57:05,456  INFO | main | e.europa.esig.dss.validation.CommonCertificateVerifier  | + New CommonCertificateVerifier created. 
2023-04-28 11:57:05,456  INFO | main | eu.europa.esig.dss.cades.signature.CAdESLevelBTest      | SEQ : [1.2.840.113549.1.7.2, [CONTEXT 0][1, [[2.16.840.1.101.3.4.2.1]], [1.2.840.113549.1.7.1, [CONTEXT 0]#48656c6c6f20576f726c64], [CONTEXT 0][[[[CONTEXT 0]2, 10, [1.2.840.113549.1.1.11, NULL], [[[2.5.4.3, good-ca]], [[2.5.4.10, Nowina Solutions]], [[2.5.4.11, PKI-TEST]], [[2.5.4.6, LU]]], [220213160337Z, 231213160337Z], [[[2.5.4.3, good-user]], [[2.5.4.10, Nowina Solutions]], [[2.5.4.11, PKI-TEST]], [[2.5.4.6, LU]]], [[1.2.840.113549.1.1.1, NULL], #0382010F003082010A0282010100BD59A60D8E8DFB823D8E238733B8E40CA4A870728F9BAFEA19A6481E70278687A8F5C638E900A7B373269A977C103928DB0FD828F288B1B9C5241535C03D711270B5079E452E40932C114BFA3A14B8FB7A2C2A8F02AB5CF18BAD140B88B86BA541AEBCE6140AAE253D3D05BE9DDD51B1C5A39BE64EDDD673633A4720A925553E5D89F278724BD30B032E6166AA17CDCF57A1ED6E90610FCE4D60280FB2F5A1296E0C3C0E65FF3956B40F85B8ED384C7898C6C8B25A056F6A63853004C58797BF3F6685A786769A120A69E3FC087F11D9B4C443B95CC367263607FEF989FC3A756C260FD6C19E973B80C8D21FE08225B9F8E7A9C363A55B010EBB413D2E11D1330203010001], [CONTEXT 3][[2.5.29.15, TRUE, #03020640], [1.3.6.1.5.5.7.1.1, #3079303906082b06010505073001862d687474703a2f2f6473732e6e6f77696e612e6c752f706b692d666163746f72792f6f6373702f676f6f642d6361303c06082b060105050730028630687474703a2f2f6473732e6e6f77696e612e6c752f706b692d666163746f72792f6372742f676f6f642d63612e637274], [2.5.29.14, #04145e5f5b89a4e7bfe3494f31125ae800f10d289bde]]], [1.2.840.113549.1.1.11, NULL], #03820101002093655695B028FB6DB9E8B02D064BB6BEB676AE65A672EBE578D39D31FCAC40865DF130283187700B3C929E59271292AB82226B5B89B6AD5C44FDA98419A843744CBC2227B183B11791481A5D4A379E4AFCF08D620706B980BB118AD24CFF0DF81093884F1C28951467E2F6FC0EDF47CEB65E23987CC1D933D6A9350D5D5C93961E021F7BAE0F7BAD3A8DE0658EE6D5D2938892394EBFA8653F89FD1BFAB1807A0E31DAAE11671827C877C4D64906E461658B66D8F845DD9269801B7026D5974129ABE798BCC894D7F9D73C80DE44BC54B45BD3C78CD29821B8CBEF02648EB3A27FD75B819EE860A01B86C2BF8E079408ACE76521D44D847ACB744F60B7B0B9], [[[CONTEXT 0]2, 4, [1.2.840.113549.1.1.11, NULL], [[[2.5.4.3, root-ca]], [[2.5.4.10, Nowina Solutions]], [[2.5.4.11, PKI-TEST]], [[2.5.4.6, LU]]], [220213160336Z, 231213160336Z], [[[2.5.4.3, good-ca]], [[2.5.4.10, Nowina Solutions]], [[2.5.4.11, PKI-TEST]], [[2.5.4.6, LU]]], [[1.2.840.113549.1.1.1, NULL], #0382010F003082010A0282010100A7E278B8A63AFC0902708921286011923CAAF11C36D08883B415F70984040AE51A6229124770398CE5ACACFA1425593310BE191F112459FBF9921C0009E5199D6A9A2D2394F12AB936A5D5E8529238F258414B3E944902E6B89FAE151AAD8845084213792784D4306C280D53D2FBD1A5526B347CD7C075CA680DA43155239B65C2F6C749779861527C49AE24DC1B47A936E682E551A299D7577BF510263BBF4E014DC1330CADE2B611734AFC6957AC92A4C9B2DED79C2F31419AB17F09CABFD532C70625834DB420032B6CDC4FEFEC9AC2A3F52B1120BDA05E5AF05EFE0810CC471FAF1E1DE800E3B68B7F260D81DBB698BECDEADB4F1714E7C888A6A0082D5B0203010001], [CONTEXT 3][[2.5.29.15, TRUE, #03020106], [2.5.29.31, #30383036a034a0328630687474703a2f2f6473732e6e6f77696e612e6c752f706b692d666163746f72792f63726c2f726f6f742d63612e63726c], [1.3.6.1.5.5.7.1.1, #303e303c06082b060105050730028630687474703a2f2f6473732e6e6f77696e612e6c752f706b692d666163746f72792f6372742f726f6f742d63612e637274], [2.5.29.14, #041483eb2c94039b98c98cfa74bb91b6306f90c8b1ed], [2.5.29.19, TRUE, #30030101ff]]], [1.2.840.113549.1.1.11, NULL], #03820101005FF4C8AE534E872EEEC253DFC05E5920B964299FC2B9D9EF109BF48564C4F45627E5DDB224C7043D8367839088CE116482FA947466C409501DA048CFC6A03743A1C7F8DA0845EACF5805A05A0A5E561E9C484ED5501491445837DEB2B3BCB5EA522DC1CE5D327B509DBC4591FF70D17CA1EB8C2CE8739BF1AE425D664E346C9946373B58B592B969877AD3D615356B83146C6BF53BC45BB7D728F9D237660F7C55BDDEF22275605B1759076C1BE9975E480463A32210BCBC87AEAC8B74E3FA854284F2A78F025044D96F920198A2AE8861C53772BAE5FEF8A7508F164AD0BD805D63441C6F55681E1E294E1A7DEFA980810C53E764A6FF2452752C63C5B59819]], [[1, [[[[2.5.4.3, good-ca]], [[2.5.4.10, Nowina Solutions]], [[2.5.4.11, PKI-TEST]], [[2.5.4.6, LU]]], 10], [2.16.840.1.101.3.4.2.1], [CONTEXT 0][[1.2.840.113549.1.9.3, [1.2.840.113549.1.7.1]], [1.2.840.113549.1.9.5, [230428095704Z]], [0.4.0.19122.1.1, [[[CONTEXT 0][[2.5.4.72, [supplier]]]]]], [1.2.840.113549.1.9.16.2.4, [[text/plain, 1.2.840.113549.1.7.1]]], [1.2.840.113549.1.9.52, [[[2.16.840.1.101.3.4.2.1], [CONTEXT 1][1.2.840.113549.1.1.11, NULL]]]], [1.2.840.113549.1.9.16.2.16, [[1.2.840.113549.1.9.16.6.5], [1.2.840.113549.1.9.16.6.6]]], [1.2.840.113549.1.9.4, [#a591a6d40bf420404a011733cfb7b190d62c65bf0bcda32b57b277d9ad9f146e]], [1.2.840.113549.1.9.16.2.17, [[[CONTEXT 0]LU, [CONTEXT 1]Kehlen, [CONTEXT 2][Line1, Line2]]]], [1.2.840.113549.1.9.16.2.7, [#544553542d50524546495832303233303432383039353730345a35323232373638313532363336303038373837]], [1.2.840.113549.1.9.16.2.47, [[[[#96db5cfa7abaceb5c97c131cbbfb341ddd8e64fe68b587558aa8f082ab2670f2, [[[CONTEXT 4][[[2.5.4.3, good-ca]], [[2.5.4.10, Nowina Solutions]], [[2.5.4.11, PKI-TEST]], [[2.5.4.6, LU]]]], 10]]]]]]], [1.2.840.113549.1.1.11, NULL], #b98a98193eb38fe5dbcd2b706bb83507acd284519acd413c0fd4cbac3436eaf31a2240608faba52a22cfb98e86a67f79656012b0ffb68a672a6de5c04b7d5cd0a84defa0356209d4a82f09cd5bd2c59bcdfd5f05c09ef4e41e2096734ec9c3ebb39e45fb4e5d247168562e9cc4096e6a5aa9e0f6af637a7b4cd86d340ee80fb8fa98096a4fe7baf98077827ea49b50237fefaaa81200031b7694d8dcdf2eda47fac3567403d8590b60289814cbf128b8e1849c50997cd9d3c0034be1d2193bfc3e7aa9ebb8f1f0488491802bf625e5a49c863123afb4e5adf740d51450b37d306bd0459d3e35ac7f093faa88c469b04d287a34d30d011693d8aadc63aca95008]]]] 
2023-04-28 11:57:05,456  INFO | main | eu.europa.esig.dss.cades.signature.CAdESLevelBTest      | OID : 1.2.840.113549.1.7.2 
2023-04-28 11:57:05,458  INFO | main | eu.europa.esig.dss.cades.signature.CAdESLevelBTest      | TAGGED OBJ : [CONTEXT 0][1, [[2.16.840.1.101.3.4.2.1]], [1.2.840.113549.1.7.1, [CONTEXT 0]#48656c6c6f20576f726c64], [CONTEXT 0][[[[CONTEXT 0]2, 10, [1.2.840.113549.1.1.11, NULL], [[[2.5.4.3, good-ca]], [[2.5.4.10, Nowina Solutions]], [[2.5.4.11, PKI-TEST]], [[2.5.4.6, LU]]], [220213160337Z, 231213160337Z], [[[2.5.4.3, good-user]], [[2.5.4.10, Nowina Solutions]], [[2.5.4.11, PKI-TEST]], [[2.5.4.6, LU]]], [[1.2.840.113549.1.1.1, NULL], #0382010F003082010A0282010100BD59A60D8E8DFB823D8E238733B8E40CA4A870728F9BAFEA19A6481E70278687A8F5C638E900A7B373269A977C103928DB0FD828F288B1B9C5241535C03D711270B5079E452E40932C114BFA3A14B8FB7A2C2A8F02AB5CF18BAD140B88B86BA541AEBCE6140AAE253D3D05BE9DDD51B1C5A39BE64EDDD673633A4720A925553E5D89F278724BD30B032E6166AA17CDCF57A1ED6E90610FCE4D60280FB2F5A1296E0C3C0E65FF3956B40F85B8ED384C7898C6C8B25A056F6A63853004C58797BF3F6685A786769A120A69E3FC087F11D9B4C443B95CC367263607FEF989FC3A756C260FD6C19E973B80C8D21FE08225B9F8E7A9C363A55B010EBB413D2E11D1330203010001], [CONTEXT 3][[2.5.29.15, TRUE, #03020640], [1.3.6.1.5.5.7.1.1, #3079303906082b06010505073001862d687474703a2f2f6473732e6e6f77696e612e6c752f706b692d666163746f72792f6f6373702f676f6f642d6361303c06082b060105050730028630687474703a2f2f6473732e6e6f77696e612e6c752f706b692d666163746f72792f6372742f676f6f642d63612e637274], [2.5.29.14, #04145e5f5b89a4e7bfe3494f31125ae800f10d289bde]]], [1.2.840.113549.1.1.11, NULL], #03820101002093655695B028FB6DB9E8B02D064BB6BEB676AE65A672EBE578D39D31FCAC40865DF130283187700B3C929E59271292AB82226B5B89B6AD5C44FDA98419A843744CBC2227B183B11791481A5D4A379E4AFCF08D620706B980BB118AD24CFF0DF81093884F1C28951467E2F6FC0EDF47CEB65E23987CC1D933D6A9350D5D5C93961E021F7BAE0F7BAD3A8DE0658EE6D5D2938892394EBFA8653F89FD1BFAB1807A0E31DAAE11671827C877C4D64906E461658B66D8F845DD9269801B7026D5974129ABE798BCC894D7F9D73C80DE44BC54B45BD3C78CD29821B8CBEF02648EB3A27FD75B819EE860A01B86C2BF8E079408ACE76521D44D847ACB744F60B7B0B9], [[[CONTEXT 0]2, 4, [1.2.840.113549.1.1.11, NULL], [[[2.5.4.3, root-ca]], [[2.5.4.10, Nowina Solutions]], [[2.5.4.11, PKI-TEST]], [[2.5.4.6, LU]]], [220213160336Z, 231213160336Z], [[[2.5.4.3, good-ca]], [[2.5.4.10, Nowina Solutions]], [[2.5.4.11, PKI-TEST]], [[2.5.4.6, LU]]], [[1.2.840.113549.1.1.1, NULL], #0382010F003082010A0282010100A7E278B8A63AFC0902708921286011923CAAF11C36D08883B415F70984040AE51A6229124770398CE5ACACFA1425593310BE191F112459FBF9921C0009E5199D6A9A2D2394F12AB936A5D5E8529238F258414B3E944902E6B89FAE151AAD8845084213792784D4306C280D53D2FBD1A5526B347CD7C075CA680DA43155239B65C2F6C749779861527C49AE24DC1B47A936E682E551A299D7577BF510263BBF4E014DC1330CADE2B611734AFC6957AC92A4C9B2DED79C2F31419AB17F09CABFD532C70625834DB420032B6CDC4FEFEC9AC2A3F52B1120BDA05E5AF05EFE0810CC471FAF1E1DE800E3B68B7F260D81DBB698BECDEADB4F1714E7C888A6A0082D5B0203010001], [CONTEXT 3][[2.5.29.15, TRUE, #03020106], [2.5.29.31, #30383036a034a0328630687474703a2f2f6473732e6e6f77696e612e6c752f706b692d666163746f72792f63726c2f726f6f742d63612e63726c], [1.3.6.1.5.5.7.1.1, #303e303c06082b060105050730028630687474703a2f2f6473732e6e6f77696e612e6c752f706b692d666163746f72792f6372742f726f6f742d63612e637274], [2.5.29.14, #041483eb2c94039b98c98cfa74bb91b6306f90c8b1ed], [2.5.29.19, TRUE, #30030101ff]]], [1.2.840.113549.1.1.11, NULL], #03820101005FF4C8AE534E872EEEC253DFC05E5920B964299FC2B9D9EF109BF48564C4F45627E5DDB224C7043D8367839088CE116482FA947466C409501DA048CFC6A03743A1C7F8DA0845EACF5805A05A0A5E561E9C484ED5501491445837DEB2B3BCB5EA522DC1CE5D327B509DBC4591FF70D17CA1EB8C2CE8739BF1AE425D664E346C9946373B58B592B969877AD3D615356B83146C6BF53BC45BB7D728F9D237660F7C55BDDEF22275605B1759076C1BE9975E480463A32210BCBC87AEAC8B74E3FA854284F2A78F025044D96F920198A2AE8861C53772BAE5FEF8A7508F164AD0BD805D63441C6F55681E1E294E1A7DEFA980810C53E764A6FF2452752C63C5B59819]], [[1, [[[[2.5.4.3, good-ca]], [[2.5.4.10, Nowina Solutions]], [[2.5.4.11, PKI-TEST]], [[2.5.4.6, LU]]], 10], [2.16.840.1.101.3.4.2.1], [CONTEXT 0][[1.2.840.113549.1.9.3, [1.2.840.113549.1.7.1]], [1.2.840.113549.1.9.5, [230428095704Z]], [0.4.0.19122.1.1, [[[CONTEXT 0][[2.5.4.72, [supplier]]]]]], [1.2.840.113549.1.9.16.2.4, [[text/plain, 1.2.840.113549.1.7.1]]], [1.2.840.113549.1.9.52, [[[2.16.840.1.101.3.4.2.1], [CONTEXT 1][1.2.840.113549.1.1.11, NULL]]]], [1.2.840.113549.1.9.16.2.16, [[1.2.840.113549.1.9.16.6.5], [1.2.840.113549.1.9.16.6.6]]], [1.2.840.113549.1.9.4, [#a591a6d40bf420404a011733cfb7b190d62c65bf0bcda32b57b277d9ad9f146e]], [1.2.840.113549.1.9.16.2.17, [[[CONTEXT 0]LU, [CONTEXT 1]Kehlen, [CONTEXT 2][Line1, Line2]]]], [1.2.840.113549.1.9.16.2.7, [#544553542d50524546495832303233303432383039353730345a35323232373638313532363336303038373837]], [1.2.840.113549.1.9.16.2.47, [[[[#96db5cfa7abaceb5c97c131cbbfb341ddd8e64fe68b587558aa8f082ab2670f2, [[[CONTEXT 4][[[2.5.4.3, good-ca]], [[2.5.4.10, Nowina Solutions]], [[2.5.4.11, PKI-TEST]], [[2.5.4.6, LU]]]], 10]]]]]]], [1.2.840.113549.1.1.11, NULL], #b98a98193eb38fe5dbcd2b706bb83507acd284519acd413c0fd4cbac3436eaf31a2240608faba52a22cfb98e86a67f79656012b0ffb68a672a6de5c04b7d5cd0a84defa0356209d4a82f09cd5bd2c59bcdfd5f05c09ef4e41e2096734ec9c3ebb39e45fb4e5d247168562e9cc4096e6a5aa9e0f6af637a7b4cd86d340ee80fb8fa98096a4fe7baf98077827ea49b50237fefaaa81200031b7694d8dcdf2eda47fac3567403d8590b60289814cbf128b8e1849c50997cd9d3c0034be1d2193bfc3e7aa9ebb8f1f0488491802bf625e5a49c863123afb4e5adf740d51450b37d306bd0459d3e35ac7f093faa88c469b04d287a34d30d011693d8aadc63aca95008]]] 
2023-04-28 11:57:05,458  INFO | main | eu.europa.esig.dss.cades.signature.CAdESLevelBTest      | OBJ : [1, [[2.16.840.1.101.3.4.2.1]], [1.2.840.113549.1.7.1, [CONTEXT 0]#48656c6c6f20576f726c64], [CONTEXT 0][[[[CONTEXT 0]2, 10, [1.2.840.113549.1.1.11, NULL], [[[2.5.4.3, good-ca]], [[2.5.4.10, Nowina Solutions]], [[2.5.4.11, PKI-TEST]], [[2.5.4.6, LU]]], [220213160337Z, 231213160337Z], [[[2.5.4.3, good-user]], [[2.5.4.10, Nowina Solutions]], [[2.5.4.11, PKI-TEST]], [[2.5.4.6, LU]]], [[1.2.840.113549.1.1.1, NULL], #0382010F003082010A0282010100BD59A60D8E8DFB823D8E238733B8E40CA4A870728F9BAFEA19A6481E70278687A8F5C638E900A7B373269A977C103928DB0FD828F288B1B9C5241535C03D711270B5079E452E40932C114BFA3A14B8FB7A2C2A8F02AB5CF18BAD140B88B86BA541AEBCE6140AAE253D3D05BE9DDD51B1C5A39BE64EDDD673633A4720A925553E5D89F278724BD30B032E6166AA17CDCF57A1ED6E90610FCE4D60280FB2F5A1296E0C3C0E65FF3956B40F85B8ED384C7898C6C8B25A056F6A63853004C58797BF3F6685A786769A120A69E3FC087F11D9B4C443B95CC367263607FEF989FC3A756C260FD6C19E973B80C8D21FE08225B9F8E7A9C363A55B010EBB413D2E11D1330203010001], [CONTEXT 3][[2.5.29.15, TRUE, #03020640], [1.3.6.1.5.5.7.1.1, #3079303906082b06010505073001862d687474703a2f2f6473732e6e6f77696e612e6c752f706b692d666163746f72792f6f6373702f676f6f642d6361303c06082b060105050730028630687474703a2f2f6473732e6e6f77696e612e6c752f706b692d666163746f72792f6372742f676f6f642d63612e637274], [2.5.29.14, #04145e5f5b89a4e7bfe3494f31125ae800f10d289bde]]], [1.2.840.113549.1.1.11, NULL], #03820101002093655695B028FB6DB9E8B02D064BB6BEB676AE65A672EBE578D39D31FCAC40865DF130283187700B3C929E59271292AB82226B5B89B6AD5C44FDA98419A843744CBC2227B183B11791481A5D4A379E4AFCF08D620706B980BB118AD24CFF0DF81093884F1C28951467E2F6FC0EDF47CEB65E23987CC1D933D6A9350D5D5C93961E021F7BAE0F7BAD3A8DE0658EE6D5D2938892394EBFA8653F89FD1BFAB1807A0E31DAAE11671827C877C4D64906E461658B66D8F845DD9269801B7026D5974129ABE798BCC894D7F9D73C80DE44BC54B45BD3C78CD29821B8CBEF02648EB3A27FD75B819EE860A01B86C2BF8E079408ACE76521D44D847ACB744F60B7B0B9], [[[CONTEXT 0]2, 4, [1.2.840.113549.1.1.11, NULL], [[[2.5.4.3, root-ca]], [[2.5.4.10, Nowina Solutions]], [[2.5.4.11, PKI-TEST]], [[2.5.4.6, LU]]], [220213160336Z, 231213160336Z], [[[2.5.4.3, good-ca]], [[2.5.4.10, Nowina Solutions]], [[2.5.4.11, PKI-TEST]], [[2.5.4.6, LU]]], [[1.2.840.113549.1.1.1, NULL], #0382010F003082010A0282010100A7E278B8A63AFC0902708921286011923CAAF11C36D08883B415F70984040AE51A6229124770398CE5ACACFA1425593310BE191F112459FBF9921C0009E5199D6A9A2D2394F12AB936A5D5E8529238F258414B3E944902E6B89FAE151AAD8845084213792784D4306C280D53D2FBD1A5526B347CD7C075CA680DA43155239B65C2F6C749779861527C49AE24DC1B47A936E682E551A299D7577BF510263BBF4E014DC1330CADE2B611734AFC6957AC92A4C9B2DED79C2F31419AB17F09CABFD532C70625834DB420032B6CDC4FEFEC9AC2A3F52B1120BDA05E5AF05EFE0810CC471FAF1E1DE800E3B68B7F260D81DBB698BECDEADB4F1714E7C888A6A0082D5B0203010001], [CONTEXT 3][[2.5.29.15, TRUE, #03020106], [2.5.29.31, #30383036a034a0328630687474703a2f2f6473732e6e6f77696e612e6c752f706b692d666163746f72792f63726c2f726f6f742d63612e63726c], [1.3.6.1.5.5.7.1.1, #303e303c06082b060105050730028630687474703a2f2f6473732e6e6f77696e612e6c752f706b692d666163746f72792f6372742f726f6f742d63612e637274], [2.5.29.14, #041483eb2c94039b98c98cfa74bb91b6306f90c8b1ed], [2.5.29.19, TRUE, #30030101ff]]], [1.2.840.113549.1.1.11, NULL], #03820101005FF4C8AE534E872EEEC253DFC05E5920B964299FC2B9D9EF109BF48564C4F45627E5DDB224C7043D8367839088CE116482FA947466C409501DA048CFC6A03743A1C7F8DA0845EACF5805A05A0A5E561E9C484ED5501491445837DEB2B3BCB5EA522DC1CE5D327B509DBC4591FF70D17CA1EB8C2CE8739BF1AE425D664E346C9946373B58B592B969877AD3D615356B83146C6BF53BC45BB7D728F9D237660F7C55BDDEF22275605B1759076C1BE9975E480463A32210BCBC87AEAC8B74E3FA854284F2A78F025044D96F920198A2AE8861C53772BAE5FEF8A7508F164AD0BD805D63441C6F55681E1E294E1A7DEFA980810C53E764A6FF2452752C63C5B59819]], [[1, [[[[2.5.4.3, good-ca]], [[2.5.4.10, Nowina Solutions]], [[2.5.4.11, PKI-TEST]], [[2.5.4.6, LU]]], 10], [2.16.840.1.101.3.4.2.1], [CONTEXT 0][[1.2.840.113549.1.9.3, [1.2.840.113549.1.7.1]], [1.2.840.113549.1.9.5, [230428095704Z]], [0.4.0.19122.1.1, [[[CONTEXT 0][[2.5.4.72, [supplier]]]]]], [1.2.840.113549.1.9.16.2.4, [[text/plain, 1.2.840.113549.1.7.1]]], [1.2.840.113549.1.9.52, [[[2.16.840.1.101.3.4.2.1], [CONTEXT 1][1.2.840.113549.1.1.11, NULL]]]], [1.2.840.113549.1.9.16.2.16, [[1.2.840.113549.1.9.16.6.5], [1.2.840.113549.1.9.16.6.6]]], [1.2.840.113549.1.9.4, [#a591a6d40bf420404a011733cfb7b190d62c65bf0bcda32b57b277d9ad9f146e]], [1.2.840.113549.1.9.16.2.17, [[[CONTEXT 0]LU, [CONTEXT 1]Kehlen, [CONTEXT 2][Line1, Line2]]]], [1.2.840.113549.1.9.16.2.7, [#544553542d50524546495832303233303432383039353730345a35323232373638313532363336303038373837]], [1.2.840.113549.1.9.16.2.47, [[[[#96db5cfa7abaceb5c97c131cbbfb341ddd8e64fe68b587558aa8f082ab2670f2, [[[CONTEXT 4][[[2.5.4.3, good-ca]], [[2.5.4.10, Nowina Solutions]], [[2.5.4.11, PKI-TEST]], [[2.5.4.6, LU]]]], 10]]]]]]], [1.2.840.113549.1.1.11, NULL], #b98a98193eb38fe5dbcd2b706bb83507acd284519acd413c0fd4cbac3436eaf31a2240608faba52a22cfb98e86a67f79656012b0ffb68a672a6de5c04b7d5cd0a84defa0356209d4a82f09cd5bd2c59bcdfd5f05c09ef4e41e2096734ec9c3ebb39e45fb4e5d247168562e9cc4096e6a5aa9e0f6af637a7b4cd86d340ee80fb8fa98096a4fe7baf98077827ea49b50237fefaaa81200031b7694d8dcdf2eda47fac3567403d8590b60289814cbf128b8e1849c50997cd9d3c0034be1d2193bfc3e7aa9ebb8f1f0488491802bf625e5a49c863123afb4e5adf740d51450b37d306bd0459d3e35ac7f093faa88c469b04d287a34d30d011693d8aadc63aca95008]]] 
2023-04-28 11:57:05,458  INFO | main | eu.europa.esig.dss.cades.signature.CAdESLevelBTest      | SIGNED DATA : org.bouncycastle.asn1.cms.SignedData@fbe05192 
2023-04-28 11:57:05,458  INFO | main | eu.europa.esig.dss.cades.signature.CAdESLevelBTest      | DIGEST ALGOS : [[2.16.840.1.101.3.4.2.1]] 
2023-04-28 11:57:05,458  INFO | main | eu.europa.esig.dss.cades.signature.CAdESLevelBTest      | ENCAPSULATED CONTENT INFO : 1.2.840.113549.1.7.1 #48656c6c6f20576f726c64 
2023-04-28 11:57:05,458  INFO | main | eu.europa.esig.dss.cades.signature.CAdESLevelBTest      | CERTIFICATES (2) : [[[[CONTEXT 0]2, 10, [1.2.840.113549.1.1.11, NULL], [[[2.5.4.3, good-ca]], [[2.5.4.10, Nowina Solutions]], [[2.5.4.11, PKI-TEST]], [[2.5.4.6, LU]]], [220213160337Z, 231213160337Z], [[[2.5.4.3, good-user]], [[2.5.4.10, Nowina Solutions]], [[2.5.4.11, PKI-TEST]], [[2.5.4.6, LU]]], [[1.2.840.113549.1.1.1, NULL], #0382010F003082010A0282010100BD59A60D8E8DFB823D8E238733B8E40CA4A870728F9BAFEA19A6481E70278687A8F5C638E900A7B373269A977C103928DB0FD828F288B1B9C5241535C03D711270B5079E452E40932C114BFA3A14B8FB7A2C2A8F02AB5CF18BAD140B88B86BA541AEBCE6140AAE253D3D05BE9DDD51B1C5A39BE64EDDD673633A4720A925553E5D89F278724BD30B032E6166AA17CDCF57A1ED6E90610FCE4D60280FB2F5A1296E0C3C0E65FF3956B40F85B8ED384C7898C6C8B25A056F6A63853004C58797BF3F6685A786769A120A69E3FC087F11D9B4C443B95CC367263607FEF989FC3A756C260FD6C19E973B80C8D21FE08225B9F8E7A9C363A55B010EBB413D2E11D1330203010001], [CONTEXT 3][[2.5.29.15, TRUE, #03020640], [1.3.6.1.5.5.7.1.1, #3079303906082b06010505073001862d687474703a2f2f6473732e6e6f77696e612e6c752f706b692d666163746f72792f6f6373702f676f6f642d6361303c06082b060105050730028630687474703a2f2f6473732e6e6f77696e612e6c752f706b692d666163746f72792f6372742f676f6f642d63612e637274], [2.5.29.14, #04145e5f5b89a4e7bfe3494f31125ae800f10d289bde]]], [1.2.840.113549.1.1.11, NULL], #03820101002093655695B028FB6DB9E8B02D064BB6BEB676AE65A672EBE578D39D31FCAC40865DF130283187700B3C929E59271292AB82226B5B89B6AD5C44FDA98419A843744CBC2227B183B11791481A5D4A379E4AFCF08D620706B980BB118AD24CFF0DF81093884F1C28951467E2F6FC0EDF47CEB65E23987CC1D933D6A9350D5D5C93961E021F7BAE0F7BAD3A8DE0658EE6D5D2938892394EBFA8653F89FD1BFAB1807A0E31DAAE11671827C877C4D64906E461658B66D8F845DD9269801B7026D5974129ABE798BCC894D7F9D73C80DE44BC54B45BD3C78CD29821B8CBEF02648EB3A27FD75B819EE860A01B86C2BF8E079408ACE76521D44D847ACB744F60B7B0B9], [[[CONTEXT 0]2, 4, [1.2.840.113549.1.1.11, NULL], [[[2.5.4.3, root-ca]], [[2.5.4.10, Nowina Solutions]], [[2.5.4.11, PKI-TEST]], [[2.5.4.6, LU]]], [220213160336Z, 231213160336Z], [[[2.5.4.3, good-ca]], [[2.5.4.10, Nowina Solutions]], [[2.5.4.11, PKI-TEST]], [[2.5.4.6, LU]]], [[1.2.840.113549.1.1.1, NULL], #0382010F003082010A0282010100A7E278B8A63AFC0902708921286011923CAAF11C36D08883B415F70984040AE51A6229124770398CE5ACACFA1425593310BE191F112459FBF9921C0009E5199D6A9A2D2394F12AB936A5D5E8529238F258414B3E944902E6B89FAE151AAD8845084213792784D4306C280D53D2FBD1A5526B347CD7C075CA680DA43155239B65C2F6C749779861527C49AE24DC1B47A936E682E551A299D7577BF510263BBF4E014DC1330CADE2B611734AFC6957AC92A4C9B2DED79C2F31419AB17F09CABFD532C70625834DB420032B6CDC4FEFEC9AC2A3F52B1120BDA05E5AF05EFE0810CC471FAF1E1DE800E3B68B7F260D81DBB698BECDEADB4F1714E7C888A6A0082D5B0203010001], [CONTEXT 3][[2.5.29.15, TRUE, #03020106], [2.5.29.31, #30383036a034a0328630687474703a2f2f6473732e6e6f77696e612e6c752f706b692d666163746f72792f63726c2f726f6f742d63612e63726c], [1.3.6.1.5.5.7.1.1, #303e303c06082b060105050730028630687474703a2f2f6473732e6e6f77696e612e6c752f706b692d666163746f72792f6372742f726f6f742d63612e637274], [2.5.29.14, #041483eb2c94039b98c98cfa74bb91b6306f90c8b1ed], [2.5.29.19, TRUE, #30030101ff]]], [1.2.840.113549.1.1.11, NULL], #03820101005FF4C8AE534E872EEEC253DFC05E5920B964299FC2B9D9EF109BF48564C4F45627E5DDB224C7043D8367839088CE116482FA947466C409501DA048CFC6A03743A1C7F8DA0845EACF5805A05A0A5E561E9C484ED5501491445837DEB2B3BCB5EA522DC1CE5D327B509DBC4591FF70D17CA1EB8C2CE8739BF1AE425D664E346C9946373B58B592B969877AD3D615356B83146C6BF53BC45BB7D728F9D237660F7C55BDDEF22275605B1759076C1BE9975E480463A32210BCBC87AEAC8B74E3FA854284F2A78F025044D96F920198A2AE8861C53772BAE5FEF8A7508F164AD0BD805D63441C6F55681E1E294E1A7DEFA980810C53E764A6FF2452752C63C5B59819]] 
2023-04-28 11:57:05,459  INFO | main | eu.europa.esig.dss.cades.signature.CAdESLevelBTest      | SEQ cert 0 : [[[CONTEXT 0]2, 10, [1.2.840.113549.1.1.11, NULL], [[[2.5.4.3, good-ca]], [[2.5.4.10, Nowina Solutions]], [[2.5.4.11, PKI-TEST]], [[2.5.4.6, LU]]], [220213160337Z, 231213160337Z], [[[2.5.4.3, good-user]], [[2.5.4.10, Nowina Solutions]], [[2.5.4.11, PKI-TEST]], [[2.5.4.6, LU]]], [[1.2.840.113549.1.1.1, NULL], #0382010F003082010A0282010100BD59A60D8E8DFB823D8E238733B8E40CA4A870728F9BAFEA19A6481E70278687A8F5C638E900A7B373269A977C103928DB0FD828F288B1B9C5241535C03D711270B5079E452E40932C114BFA3A14B8FB7A2C2A8F02AB5CF18BAD140B88B86BA541AEBCE6140AAE253D3D05BE9DDD51B1C5A39BE64EDDD673633A4720A925553E5D89F278724BD30B032E6166AA17CDCF57A1ED6E90610FCE4D60280FB2F5A1296E0C3C0E65FF3956B40F85B8ED384C7898C6C8B25A056F6A63853004C58797BF3F6685A786769A120A69E3FC087F11D9B4C443B95CC367263607FEF989FC3A756C260FD6C19E973B80C8D21FE08225B9F8E7A9C363A55B010EBB413D2E11D1330203010001], [CONTEXT 3][[2.5.29.15, TRUE, #03020640], [1.3.6.1.5.5.7.1.1, #3079303906082b06010505073001862d687474703a2f2f6473732e6e6f77696e612e6c752f706b692d666163746f72792f6f6373702f676f6f642d6361303c06082b060105050730028630687474703a2f2f6473732e6e6f77696e612e6c752f706b692d666163746f72792f6372742f676f6f642d63612e637274], [2.5.29.14, #04145e5f5b89a4e7bfe3494f31125ae800f10d289bde]]], [1.2.840.113549.1.1.11, NULL], #03820101002093655695B028FB6DB9E8B02D064BB6BEB676AE65A672EBE578D39D31FCAC40865DF130283187700B3C929E59271292AB82226B5B89B6AD5C44FDA98419A843744CBC2227B183B11791481A5D4A379E4AFCF08D620706B980BB118AD24CFF0DF81093884F1C28951467E2F6FC0EDF47CEB65E23987CC1D933D6A9350D5D5C93961E021F7BAE0F7BAD3A8DE0658EE6D5D2938892394EBFA8653F89FD1BFAB1807A0E31DAAE11671827C877C4D64906E461658B66D8F845DD9269801B7026D5974129ABE798BCC894D7F9D73C80DE44BC54B45BD3C78CD29821B8CBEF02648EB3A27FD75B819EE860A01B86C2BF8E079408ACE76521D44D847ACB744F60B7B0B9] 
2023-04-28 11:57:05,459  INFO | main | eu.europa.esig.dss.cades.signature.CAdESLevelBTest      | Cert 0 : CertificateToken[
	DSS Id              : C-96DB5CFA7ABACEB5C97C131CBBFB341DDD8E64FE68B587558AA8F082AB2670F2
	Identity Id         : EntityIdentifier:SHA256:#A9212B8CBFA119A8A801F6BA3DC3F5295F9E1D314DC338CF1A4B9D0B1F9A2B3C
	Validity period     : Sun Feb 13 17:03:37 CET 2022 - Wed Dec 13 17:03:37 CET 2023
	Subject name        : c=lu,ou=pki-test,o=nowina solutions,cn=good-user
	Issuer subject name : c=lu,ou=pki-test,o=nowina solutions,cn=good-ca
	Serial Number       : 10
	Signature algorithm : RSA_SHA256
] 
2023-04-28 11:57:05,459  INFO | main | eu.europa.esig.dss.cades.signature.CAdESLevelBTest      | SEQ cert 1 : [[[CONTEXT 0]2, 4, [1.2.840.113549.1.1.11, NULL], [[[2.5.4.3, root-ca]], [[2.5.4.10, Nowina Solutions]], [[2.5.4.11, PKI-TEST]], [[2.5.4.6, LU]]], [220213160336Z, 231213160336Z], [[[2.5.4.3, good-ca]], [[2.5.4.10, Nowina Solutions]], [[2.5.4.11, PKI-TEST]], [[2.5.4.6, LU]]], [[1.2.840.113549.1.1.1, NULL], #0382010F003082010A0282010100A7E278B8A63AFC0902708921286011923CAAF11C36D08883B415F70984040AE51A6229124770398CE5ACACFA1425593310BE191F112459FBF9921C0009E5199D6A9A2D2394F12AB936A5D5E8529238F258414B3E944902E6B89FAE151AAD8845084213792784D4306C280D53D2FBD1A5526B347CD7C075CA680DA43155239B65C2F6C749779861527C49AE24DC1B47A936E682E551A299D7577BF510263BBF4E014DC1330CADE2B611734AFC6957AC92A4C9B2DED79C2F31419AB17F09CABFD532C70625834DB420032B6CDC4FEFEC9AC2A3F52B1120BDA05E5AF05EFE0810CC471FAF1E1DE800E3B68B7F260D81DBB698BECDEADB4F1714E7C888A6A0082D5B0203010001], [CONTEXT 3][[2.5.29.15, TRUE, #03020106], [2.5.29.31, #30383036a034a0328630687474703a2f2f6473732e6e6f77696e612e6c752f706b692d666163746f72792f63726c2f726f6f742d63612e63726c], [1.3.6.1.5.5.7.1.1, #303e303c06082b060105050730028630687474703a2f2f6473732e6e6f77696e612e6c752f706b692d666163746f72792f6372742f726f6f742d63612e637274], [2.5.29.14, #041483eb2c94039b98c98cfa74bb91b6306f90c8b1ed], [2.5.29.19, TRUE, #30030101ff]]], [1.2.840.113549.1.1.11, NULL], #03820101005FF4C8AE534E872EEEC253DFC05E5920B964299FC2B9D9EF109BF48564C4F45627E5DDB224C7043D8367839088CE116482FA947466C409501DA048CFC6A03743A1C7F8DA0845EACF5805A05A0A5E561E9C484ED5501491445837DEB2B3BCB5EA522DC1CE5D327B509DBC4591FF70D17CA1EB8C2CE8739BF1AE425D664E346C9946373B58B592B969877AD3D615356B83146C6BF53BC45BB7D728F9D237660F7C55BDDEF22275605B1759076C1BE9975E480463A32210BCBC87AEAC8B74E3FA854284F2A78F025044D96F920198A2AE8861C53772BAE5FEF8A7508F164AD0BD805D63441C6F55681E1E294E1A7DEFA980810C53E764A6FF2452752C63C5B59819] 
2023-04-28 11:57:05,459  INFO | main | eu.europa.esig.dss.cades.signature.CAdESLevelBTest      | Cert 1 : CertificateToken[
	DSS Id              : C-FCBFEBCB6B78113DFD4C6CCFCBC2B1482992DF4C48E9DE1B3B7F16F33332BFCB
	Identity Id         : EntityIdentifier:SHA256:#F8AD6B677D8D0183DE01EFBB7FC4C79979F69D1D53DB804EFE23FE57A53ECE11
	Validity period     : Sun Feb 13 17:03:36 CET 2022 - Wed Dec 13 17:03:36 CET 2023
	Subject name        : c=lu,ou=pki-test,o=nowina solutions,cn=good-ca
	Issuer subject name : c=lu,ou=pki-test,o=nowina solutions,cn=root-ca
	Serial Number       : 4
	Signature algorithm : RSA_SHA256
] 
2023-04-28 11:57:05,459  INFO | main | eu.europa.esig.dss.cades.signature.CAdESLevelBTest      | CRLs : null 
2023-04-28 11:57:05,459  INFO | main | eu.europa.esig.dss.cades.signature.CAdESLevelBTest      | SIGNER INFO ASN1 : [[1, [[[[2.5.4.3, good-ca]], [[2.5.4.10, Nowina Solutions]], [[2.5.4.11, PKI-TEST]], [[2.5.4.6, LU]]], 10], [2.16.840.1.101.3.4.2.1], [CONTEXT 0][[1.2.840.113549.1.9.3, [1.2.840.113549.1.7.1]], [1.2.840.113549.1.9.5, [230428095704Z]], [0.4.0.19122.1.1, [[[CONTEXT 0][[2.5.4.72, [supplier]]]]]], [1.2.840.113549.1.9.16.2.4, [[text/plain, 1.2.840.113549.1.7.1]]], [1.2.840.113549.1.9.52, [[[2.16.840.1.101.3.4.2.1], [CONTEXT 1][1.2.840.113549.1.1.11, NULL]]]], [1.2.840.113549.1.9.16.2.16, [[1.2.840.113549.1.9.16.6.5], [1.2.840.113549.1.9.16.6.6]]], [1.2.840.113549.1.9.4, [#a591a6d40bf420404a011733cfb7b190d62c65bf0bcda32b57b277d9ad9f146e]], [1.2.840.113549.1.9.16.2.17, [[[CONTEXT 0]LU, [CONTEXT 1]Kehlen, [CONTEXT 2][Line1, Line2]]]], [1.2.840.113549.1.9.16.2.7, [#544553542d50524546495832303233303432383039353730345a35323232373638313532363336303038373837]], [1.2.840.113549.1.9.16.2.47, [[[[#96db5cfa7abaceb5c97c131cbbfb341ddd8e64fe68b587558aa8f082ab2670f2, [[[CONTEXT 4][[[2.5.4.3, good-ca]], [[2.5.4.10, Nowina Solutions]], [[2.5.4.11, PKI-TEST]], [[2.5.4.6, LU]]]], 10]]]]]]], [1.2.840.113549.1.1.11, NULL], #b98a98193eb38fe5dbcd2b706bb83507acd284519acd413c0fd4cbac3436eaf31a2240608faba52a22cfb98e86a67f79656012b0ffb68a672a6de5c04b7d5cd0a84defa0356209d4a82f09cd5bd2c59bcdfd5f05c09ef4e41e2096734ec9c3ebb39e45fb4e5d247168562e9cc4096e6a5aa9e0f6af637a7b4cd86d340ee80fb8fa98096a4fe7baf98077827ea49b50237fefaaa81200031b7694d8dcdf2eda47fac3567403d8590b60289814cbf128b8e1849c50997cd9d3c0034be1d2193bfc3e7aa9ebb8f1f0488491802bf625e5a49c863123afb4e5adf740d51450b37d306bd0459d3e35ac7f093faa88c469b04d287a34d30d011693d8aadc63aca95008]] 
2023-04-28 11:57:05,459  INFO | main | eu.europa.esig.dss.cades.signature.CAdESLevelBTest      | SIGNER INFO : org.bouncycastle.asn1.cms.SignerInfo@4da486e1 
2023-04-28 11:57:05,460  INFO | main | eu.europa.esig.dss.cades.signature.CAdESLevelBTest      | SIGNER IDENTIFIER : [[[[2.5.4.3, good-ca]], [[2.5.4.10, Nowina Solutions]], [[2.5.4.11, PKI-TEST]], [[2.5.4.6, LU]]], 10] 
2023-04-28 11:57:05,460  INFO | main | eu.europa.esig.dss.cades.signature.CAdESLevelBTest      | ISSUER AND SN : org.bouncycastle.asn1.cms.IssuerAndSerialNumber@1badc92d 
2023-04-28 11:57:05,460  INFO | main | eu.europa.esig.dss.cades.signature.CAdESLevelBTest      | ENCRYPT DIGEST : #b98a98193eb38fe5dbcd2b706bb83507acd284519acd413c0fd4cbac3436eaf31a2240608faba52a22cfb98e86a67f79656012b0ffb68a672a6de5c04b7d5cd0a84defa0356209d4a82f09cd5bd2c59bcdfd5f05c09ef4e41e2096734ec9c3ebb39e45fb4e5d247168562e9cc4096e6a5aa9e0f6af637a7b4cd86d340ee80fb8fa98096a4fe7baf98077827ea49b50237fefaaa81200031b7694d8dcdf2eda47fac3567403d8590b60289814cbf128b8e1849c50997cd9d3c0034be1d2193bfc3e7aa9ebb8f1f0488491802bf625e5a49c863123afb4e5adf740d51450b37d306bd0459d3e35ac7f093faa88c469b04d287a34d30d011693d8aadc63aca95008 
2023-04-28 11:57:05,460  INFO | main | eu.europa.esig.dss.cades.signature.CAdESLevelBTest      | VERSION : 1 
2023-04-28 11:57:05,460  INFO | main | eu.europa.esig.dss.cades.signature.CAdESLevelBTest      | DIGEST SET : [[2.16.840.1.101.3.4.2.1]] 
2023-04-28 11:57:05,460  INFO | main | eu.europa.esig.dss.cades.signature.CAdESLevelBTest      | ENCAPSULATED INFO : [1.2.840.113549.1.7.1, [CONTEXT 0]#48656c6c6f20576f726c64] 
2023-04-28 11:57:05,460  INFO | main | eu.europa.esig.dss.cades.signature.CAdESLevelBTest      | OID CONTENT TYPE : 1.2.840.113549.1.7.1 
2023-04-28 11:57:05,460  INFO | main | eu.europa.esig.dss.cades.signature.CAdESLevelBTest      | CONTENT : Hello World 
2023-04-28 11:57:05,460  INFO | main | eu.europa.esig.dss.cades.signature.CAdESLevelBTest      | CONTENT DIGEST COMPUTED : a591a6d40bf420404a011733cfb7b190d62c65bf0bcda32b57b277d9ad9f146e 
2023-04-28 11:57:05,460  INFO | main | eu.europa.esig.dss.cades.signature.CAdESLevelBTest      | AUTHENTICATED ATTRIBUTES : [[1.2.840.113549.1.9.3, [1.2.840.113549.1.7.1]], [1.2.840.113549.1.9.5, [230428095704Z]], [0.4.0.19122.1.1, [[[CONTEXT 0][[2.5.4.72, [supplier]]]]]], [1.2.840.113549.1.9.16.2.4, [[text/plain, 1.2.840.113549.1.7.1]]], [1.2.840.113549.1.9.52, [[[2.16.840.1.101.3.4.2.1], [CONTEXT 1][1.2.840.113549.1.1.11, NULL]]]], [1.2.840.113549.1.9.16.2.16, [[1.2.840.113549.1.9.16.6.5], [1.2.840.113549.1.9.16.6.6]]], [1.2.840.113549.1.9.4, [#a591a6d40bf420404a011733cfb7b190d62c65bf0bcda32b57b277d9ad9f146e]], [1.2.840.113549.1.9.16.2.17, [[[CONTEXT 0]LU, [CONTEXT 1]Kehlen, [CONTEXT 2][Line1, Line2]]]], [1.2.840.113549.1.9.16.2.7, [#544553542d50524546495832303233303432383039353730345a35323232373638313532363336303038373837]], [1.2.840.113549.1.9.16.2.47, [[[[#96db5cfa7abaceb5c97c131cbbfb341ddd8e64fe68b587558aa8f082ab2670f2, [[[CONTEXT 4][[[2.5.4.3, good-ca]], [[2.5.4.10, Nowina Solutions]], [[2.5.4.11, PKI-TEST]], [[2.5.4.6, LU]]]], 10]]]]]]] 
2023-04-28 11:57:05,460  INFO | main | eu.europa.esig.dss.cades.signature.CAdESLevelBTest      | Nb Auth Attributes : 10 
2023-04-28 11:57:05,460  INFO | main | eu.europa.esig.dss.cades.signature.CAdESLevelBTest      | [1.2.840.113549.1.9.3, [1.2.840.113549.1.7.1]] 
2023-04-28 11:57:05,460  INFO | main | eu.europa.esig.dss.cades.signature.CAdESLevelBTest      | [1.2.840.113549.1.9.5, [230428095704Z]] 
2023-04-28 11:57:05,460  INFO | main | eu.europa.esig.dss.cades.signature.CAdESLevelBTest      | [0.4.0.19122.1.1, [[[CONTEXT 0][[2.5.4.72, [supplier]]]]]] 
2023-04-28 11:57:05,460  INFO | main | eu.europa.esig.dss.cades.signature.CAdESLevelBTest      | [1.2.840.113549.1.9.16.2.4, [[text/plain, 1.2.840.113549.1.7.1]]] 
2023-04-28 11:57:05,460  INFO | main | eu.europa.esig.dss.cades.signature.CAdESLevelBTest      | [1.2.840.113549.1.9.52, [[[2.16.840.1.101.3.4.2.1], [CONTEXT 1][1.2.840.113549.1.1.11, NULL]]]] 
2023-04-28 11:57:05,460  INFO | main | eu.europa.esig.dss.cades.signature.CAdESLevelBTest      | [1.2.840.113549.1.9.16.2.16, [[1.2.840.113549.1.9.16.6.5], [1.2.840.113549.1.9.16.6.6]]] 
2023-04-28 11:57:05,460  INFO | main | eu.europa.esig.dss.cades.signature.CAdESLevelBTest      | [1.2.840.113549.1.9.4, [#a591a6d40bf420404a011733cfb7b190d62c65bf0bcda32b57b277d9ad9f146e]] 
2023-04-28 11:57:05,460  INFO | main | eu.europa.esig.dss.cades.signature.CAdESLevelBTest      | [1.2.840.113549.1.9.16.2.17, [[[CONTEXT 0]LU, [CONTEXT 1]Kehlen, [CONTEXT 2][Line1, Line2]]]] 
2023-04-28 11:57:05,460  INFO | main | eu.europa.esig.dss.cades.signature.CAdESLevelBTest      | [1.2.840.113549.1.9.16.2.7, [#544553542d50524546495832303233303432383039353730345a35323232373638313532363336303038373837]] 
2023-04-28 11:57:05,460  INFO | main | eu.europa.esig.dss.cades.signature.CAdESLevelBTest      | [1.2.840.113549.1.9.16.2.47, [[[[#96db5cfa7abaceb5c97c131cbbfb341ddd8e64fe68b587558aa8f082ab2670f2, [[[CONTEXT 4][[[2.5.4.3, good-ca]], [[2.5.4.10, Nowina Solutions]], [[2.5.4.11, PKI-TEST]], [[2.5.4.6, LU]]]], 10]]]]]] 
2023-04-28 11:57:05,460  INFO | main | eu.europa.esig.dss.cades.signature.CAdESLevelBTest      | SIGNATURE VALUE : b98a98193eb38fe5dbcd2b706bb83507acd284519acd413c0fd4cbac3436eaf31a2240608faba52a22cfb98e86a67f79656012b0ffb68a672a6de5c04b7d5cd0a84defa0356209d4a82f09cd5bd2c59bcdfd5f05c09ef4e41e2096734ec9c3ebb39e45fb4e5d247168562e9cc4096e6a5aa9e0f6af637a7b4cd86d340ee80fb8fa98096a4fe7baf98077827ea49b50237fefaaa81200031b7694d8dcdf2eda47fac3567403d8590b60289814cbf128b8e1849c50997cd9d3c0034be1d2193bfc3e7aa9ebb8f1f0488491802bf625e5a49c863123afb4e5adf740d51450b37d306bd0459d3e35ac7f093faa88c469b04d287a34d30d011693d8aadc63aca95008 
2023-04-28 11:57:05,460  INFO | main | eu.europa.esig.dss.cades.signature.CAdESLevelBTest      | Decrypted : [[2.16.840.1.101.3.4.2.1, NULL], #c7ea6e0ee8af3a7fc60e2a657ee584ad1fcc0e4d4001d069d811d60389c6a164] 
2023-04-28 11:57:05,460  INFO | main | eu.europa.esig.dss.cades.signature.CAdESLevelBTest      | Decrypted Base64 : x+puDuivOn/GDiplfuWErR/MDk1AAdBp2BHWA4nGoWQ= 
2023-04-28 11:57:05,460  INFO | main | eu.europa.esig.dss.cades.signature.CAdESLevelBTest      | Computed Base64 : x+puDuivOn/GDiplfuWErR/MDk1AAdBp2BHWA4nGoWQ= 
2023-04-28 11:57:05,460  INFO | main | e.europa.esig.dss.test.AbstractPkiFactoryTestValidation | =================== VALIDATION ================= 
2023-04-28 11:57:05,465  INFO | main | e.europa.esig.dss.validation.CommonCertificateVerifier  | + New CommonCertificateVerifier created. 
2023-04-28 11:57:05,475  INFO | main | e.europa.esig.dss.validation.CommonCertificateVerifier  | + New CommonCertificateVerifier created. 
2023-04-28 11:57:05,481  INFO | main | eu.europa.esig.dss.validation.SignedDocumentValidator   | Document validation... 
2023-04-28 11:57:05,488  INFO | main | e.europa.esig.dss.validation.CommonCertificateVerifier  | + New CommonCertificateVerifier created. 
2023-04-28 11:57:05,493  WARN | main | e.europa.esig.dss.validation.SignatureValidationContext | No revocation found for the certificate C-96DB5CFA7ABACEB5C97C131CBBFB341DDD8E64FE68B587558AA8F082AB2670F2 
2023-04-28 11:57:05,493  WARN | main | e.europa.esig.dss.validation.SignatureValidationContext | No revocation found for the certificate C-FCBFEBCB6B78113DFD4C6CCFCBC2B1482992DF4C48E9DE1B3B7F16F33332BFCB 
]]></system-out>
  </testcase>
</testsuite>