<?xml version="1.0" encoding="UTF-8"?>
<testsuite xmlns:xsi="http://www.w3.org/2001/XMLSchema-instance" xsi:noNamespaceSchemaLocation="https://maven.apache.org/surefire/maven-surefire-plugin/xsd/surefire-test-report-3.0.xsd" version="3.0" name="eu.europa.esig.dss.service.x509.aia.JdbcCacheAIASourceTest" time="0.183" tests="3" errors="0" skipped="0" failures="0">
  <properties>
    <property name="java.specification.version" value="19"/>
    <property name="sun.cpu.isalist" value="amd64"/>
    <property name="sun.jnu.encoding" value="Cp1252"/>
    <property name="java.class.path" value="C:\Users\amadoria\Documents\Projects\HAPKIDO\WP4\dss-fork\dss-service\target\test-classes;C:\Users\amadoria\Documents\Projects\HAPKIDO\WP4\dss-fork\dss-service\target\classes;C:\Users\amadoria\Documents\Projects\HAPKIDO\WP4\dss-fork\dss-spi\target\dss-spi-5.12.RC1.jar;C:\Users\amadoria\Documents\Projects\HAPKIDO\WP4\dss-fork\dss-model\target\dss-model-5.12.RC1.jar;C:\Users\amadoria\Documents\Projects\HAPKIDO\WP4\dss-fork\dss-enumerations\target\dss-enumerations-5.12.RC1.jar;C:\Users\amadoria\Documents\Projects\HAPKIDO\WP4\dss-fork\dss-utils\target\dss-utils-5.12.RC1.jar;C:\Users\amadoria\Documents\Projects\HAPKIDO\WP4\dss-fork\dss-crl-parser\target\dss-crl-parser-5.12.RC1.jar;C:\Users\amadoria\.m2\repository\org\slf4j\slf4j-api\2.0.6\slf4j-api-2.0.6.jar;C:\Users\amadoria\Documents\Projects\HAPKIDO\WP4\dss-fork\dss-service\libs\bcpkix-jdk18on-173b20.jar;C:\Users\amadoria\Documents\Projects\HAPKIDO\WP4\dss-fork\dss-service\libs\bcprov-jdk18on-173b20.jar;C:\Users\amadoria\Documents\Projects\HAPKIDO\WP4\dss-fork\dss-service\libs\bcutil-jdk18on-173b20.jar;C:\Users\amadoria\.m2\repository\org\apache\httpcomponents\client5\httpclient5\5.2.1\httpclient5-5.2.1.jar;C:\Users\amadoria\.m2\repository\org\apache\httpcomponents\core5\httpcore5\5.2\httpcore5-5.2.jar;C:\Users\amadoria\.m2\repository\org\apache\httpcomponents\core5\httpcore5-h2\5.2\httpcore5-h2-5.2.jar;C:\Users\amadoria\.m2\repository\commons-codec\commons-codec\1.15\commons-codec-1.15.jar;C:\Users\amadoria\.m2\repository\ch\qos\logback\logback-classic\1.3.5\logback-classic-1.3.5.jar;C:\Users\amadoria\.m2\repository\ch\qos\logback\logback-core\1.3.5\logback-core-1.3.5.jar;C:\Users\amadoria\.m2\repository\org\slf4j\jcl-over-slf4j\2.0.6\jcl-over-slf4j-2.0.6.jar;C:\Users\amadoria\.m2\repository\org\junit\platform\junit-platform-launcher\1.9.2\junit-platform-launcher-1.9.2.jar;C:\Users\amadoria\.m2\repository\org\junit\platform\junit-platform-engine\1.9.2\junit-platform-engine-1.9.2.jar;C:\Users\amadoria\.m2\repository\org\opentest4j\opentest4j\1.2.0\opentest4j-1.2.0.jar;C:\Users\amadoria\.m2\repository\org\junit\platform\junit-platform-commons\1.9.2\junit-platform-commons-1.9.2.jar;C:\Users\amadoria\.m2\repository\org\apiguardian\apiguardian-api\1.1.2\apiguardian-api-1.1.2.jar;C:\Users\amadoria\.m2\repository\org\junit\jupiter\junit-jupiter-engine\5.9.2\junit-jupiter-engine-5.9.2.jar;C:\Users\amadoria\.m2\repository\org\junit\jupiter\junit-jupiter-api\5.9.2\junit-jupiter-api-5.9.2.jar;C:\Users\amadoria\.m2\repository\org\awaitility\awaitility\4.2.0\awaitility-4.2.0.jar;C:\Users\amadoria\.m2\repository\org\hamcrest\hamcrest\2.1\hamcrest-2.1.jar;C:\Users\amadoria\Documents\Projects\HAPKIDO\WP4\dss-fork\dss-utils-google-guava\target\dss-utils-google-guava-5.12.RC1.jar;C:\Users\amadoria\.m2\repository\com\google\guava\guava\31.1-jre\guava-31.1-jre.jar;C:\Users\amadoria\.m2\repository\com\google\guava\failureaccess\1.0.1\failureaccess-1.0.1.jar;C:\Users\amadoria\.m2\repository\com\google\guava\listenablefuture\9999.0-empty-to-avoid-conflict-with-guava\listenablefuture-9999.0-empty-to-avoid-conflict-with-guava.jar;C:\Users\amadoria\.m2\repository\com\google\code\findbugs\jsr305\3.0.2\jsr305-3.0.2.jar;C:\Users\amadoria\.m2\repository\org\checkerframework\checker-qual\3.12.0\checker-qual-3.12.0.jar;C:\Users\amadoria\.m2\repository\com\google\errorprone\error_prone_annotations\2.11.0\error_prone_annotations-2.11.0.jar;C:\Users\amadoria\.m2\repository\com\google\j2objc\j2objc-annotations\1.3\j2objc-annotations-1.3.jar;C:\Users\amadoria\.m2\repository\com\h2database\h2\2.1.214\h2-2.1.214.jar;C:\Users\amadoria\Documents\Projects\HAPKIDO\WP4\dss-fork\dss-crl-parser-x509crl\target\dss-crl-parser-x509crl-5.12.RC1.jar;"/>
    <property name="java.vm.vendor" value="Oracle Corporation"/>
    <property name="sun.arch.data.model" value="64"/>
    <property name="user.variant" value=""/>
    <property name="java.vendor.url" value="https://java.oracle.com/"/>
    <property name="user.timezone" value="Europe/Amsterdam"/>
    <property name="os.name" value="Windows 10"/>
    <property name="java.vm.specification.version" value="19"/>
    <property name="sun.java.launcher" value="SUN_STANDARD"/>
    <property name="user.country" value="US"/>
    <property name="sun.boot.library.path" value="C:\Program Files\Java\jdk-19\bin"/>
    <property name="sun.java.command" value="C:\Users\amadoria\AppData\Local\Temp\surefire17844945125072100840\surefirebooter-20230428114140935_439.jar C:\Users\amadoria\AppData\Local\Temp\surefire17844945125072100840 2023-04-28T11-29-53_553-jvmRun1 surefire-20230428114140935_437tmp surefire_28-20230428114140935_438tmp"/>
    <property name="jdk.debug" value="release"/>
    <property name="surefire.test.class.path" value="C:\Users\amadoria\Documents\Projects\HAPKIDO\WP4\dss-fork\dss-service\target\test-classes;C:\Users\amadoria\Documents\Projects\HAPKIDO\WP4\dss-fork\dss-service\target\classes;C:\Users\amadoria\Documents\Projects\HAPKIDO\WP4\dss-fork\dss-spi\target\dss-spi-5.12.RC1.jar;C:\Users\amadoria\Documents\Projects\HAPKIDO\WP4\dss-fork\dss-model\target\dss-model-5.12.RC1.jar;C:\Users\amadoria\Documents\Projects\HAPKIDO\WP4\dss-fork\dss-enumerations\target\dss-enumerations-5.12.RC1.jar;C:\Users\amadoria\Documents\Projects\HAPKIDO\WP4\dss-fork\dss-utils\target\dss-utils-5.12.RC1.jar;C:\Users\amadoria\Documents\Projects\HAPKIDO\WP4\dss-fork\dss-crl-parser\target\dss-crl-parser-5.12.RC1.jar;C:\Users\amadoria\.m2\repository\org\slf4j\slf4j-api\2.0.6\slf4j-api-2.0.6.jar;C:\Users\amadoria\Documents\Projects\HAPKIDO\WP4\dss-fork\dss-service\libs\bcpkix-jdk18on-173b20.jar;C:\Users\amadoria\Documents\Projects\HAPKIDO\WP4\dss-fork\dss-service\libs\bcprov-jdk18on-173b20.jar;C:\Users\amadoria\Documents\Projects\HAPKIDO\WP4\dss-fork\dss-service\libs\bcutil-jdk18on-173b20.jar;C:\Users\amadoria\.m2\repository\org\apache\httpcomponents\client5\httpclient5\5.2.1\httpclient5-5.2.1.jar;C:\Users\amadoria\.m2\repository\org\apache\httpcomponents\core5\httpcore5\5.2\httpcore5-5.2.jar;C:\Users\amadoria\.m2\repository\org\apache\httpcomponents\core5\httpcore5-h2\5.2\httpcore5-h2-5.2.jar;C:\Users\amadoria\.m2\repository\commons-codec\commons-codec\1.15\commons-codec-1.15.jar;C:\Users\amadoria\.m2\repository\ch\qos\logback\logback-classic\1.3.5\logback-classic-1.3.5.jar;C:\Users\amadoria\.m2\repository\ch\qos\logback\logback-core\1.3.5\logback-core-1.3.5.jar;C:\Users\amadoria\.m2\repository\org\slf4j\jcl-over-slf4j\2.0.6\jcl-over-slf4j-2.0.6.jar;C:\Users\amadoria\.m2\repository\org\junit\platform\junit-platform-launcher\1.9.2\junit-platform-launcher-1.9.2.jar;C:\Users\amadoria\.m2\repository\org\junit\platform\junit-platform-engine\1.9.2\junit-platform-engine-1.9.2.jar;C:\Users\amadoria\.m2\repository\org\opentest4j\opentest4j\1.2.0\opentest4j-1.2.0.jar;C:\Users\amadoria\.m2\repository\org\junit\platform\junit-platform-commons\1.9.2\junit-platform-commons-1.9.2.jar;C:\Users\amadoria\.m2\repository\org\apiguardian\apiguardian-api\1.1.2\apiguardian-api-1.1.2.jar;C:\Users\amadoria\.m2\repository\org\junit\jupiter\junit-jupiter-engine\5.9.2\junit-jupiter-engine-5.9.2.jar;C:\Users\amadoria\.m2\repository\org\junit\jupiter\junit-jupiter-api\5.9.2\junit-jupiter-api-5.9.2.jar;C:\Users\amadoria\.m2\repository\org\awaitility\awaitility\4.2.0\awaitility-4.2.0.jar;C:\Users\amadoria\.m2\repository\org\hamcrest\hamcrest\2.1\hamcrest-2.1.jar;C:\Users\amadoria\Documents\Projects\HAPKIDO\WP4\dss-fork\dss-utils-google-guava\target\dss-utils-google-guava-5.12.RC1.jar;C:\Users\amadoria\.m2\repository\com\google\guava\guava\31.1-jre\guava-31.1-jre.jar;C:\Users\amadoria\.m2\repository\com\google\guava\failureaccess\1.0.1\failureaccess-1.0.1.jar;C:\Users\amadoria\.m2\repository\com\google\guava\listenablefuture\9999.0-empty-to-avoid-conflict-with-guava\listenablefuture-9999.0-empty-to-avoid-conflict-with-guava.jar;C:\Users\amadoria\.m2\repository\com\google\code\findbugs\jsr305\3.0.2\jsr305-3.0.2.jar;C:\Users\amadoria\.m2\repository\org\checkerframework\checker-qual\3.12.0\checker-qual-3.12.0.jar;C:\Users\amadoria\.m2\repository\com\google\errorprone\error_prone_annotations\2.11.0\error_prone_annotations-2.11.0.jar;C:\Users\amadoria\.m2\repository\com\google\j2objc\j2objc-annotations\1.3\j2objc-annotations-1.3.jar;C:\Users\amadoria\.m2\repository\com\h2database\h2\2.1.214\h2-2.1.214.jar;C:\Users\amadoria\Documents\Projects\HAPKIDO\WP4\dss-fork\dss-crl-parser-x509crl\target\dss-crl-parser-x509crl-5.12.RC1.jar;"/>
    <property name="sun.cpu.endian" value="little"/>
    <property name="user.home" value="C:\Users\amadoria"/>
    <property name="user.language" value="en"/>
    <property name="java.specification.vendor" value="Oracle Corporation"/>
    <property name="java.version.date" value="2023-01-17"/>
    <property name="java.home" value="C:\Program Files\Java\jdk-19"/>
    <property name="file.separator" value="\"/>
    <property name="basedir" value="C:\Users\amadoria\Documents\Projects\HAPKIDO\WP4\dss-fork\dss-service"/>
    <property name="java.vm.compressedOopsMode" value="Zero based"/>
    <property name="line.separator" value="&#10;"/>
    <property name="java.vm.specification.vendor" value="Oracle Corporation"/>
    <property name="java.specification.name" value="Java Platform API Specification"/>
    <property name="surefire.real.class.path" value="C:\Users\amadoria\AppData\Local\Temp\surefire17844945125072100840\surefirebooter-20230428114140935_439.jar"/>
    <property name="user.script" value=""/>
    <property name="sun.management.compiler" value="HotSpot 64-Bit Tiered Compilers"/>
    <property name="java.runtime.version" value="19.0.2+7-44"/>
    <property name="user.name" value="amadoria"/>
    <property name="stdout.encoding" value="Cp1252"/>
    <property name="path.separator" value=";"/>
    <property name="os.version" value="10.0"/>
    <property name="java.runtime.name" value="Java(TM) SE Runtime Environment"/>
    <property name="file.encoding" value="UTF-8"/>
    <property name="java.vm.name" value="Java HotSpot(TM) 64-Bit Server VM"/>
    <property name="localRepository" value="C:\Users\amadoria\.m2\repository"/>
    <property name="java.vendor.url.bug" value="https://bugreport.java.com/bugreport/"/>
    <property name="java.io.tmpdir" value="C:\Users\amadoria\AppData\Local\Temp\"/>
    <property name="java.version" value="19.0.2"/>
    <property name="user.dir" value="C:\Users\amadoria\Documents\Projects\HAPKIDO\WP4\dss-fork\dss-service"/>
    <property name="os.arch" value="amd64"/>
    <property name="java.vm.specification.name" value="Java Virtual Machine Specification"/>
    <property name="sun.os.patch.level" value=""/>
    <property name="native.encoding" value="Cp1252"/>
    <property name="java.library.path" value="C:\Program Files\Java\jdk-19\bin;C:\WINDOWS\Sun\Java\bin;C:\WINDOWS\system32;C:\WINDOWS;C:\Program Files\Common Files\Oracle\Java\javapath;C:\Program Files\Eclipse Adoptium\jdk-17.0.5.8-hotspot\bin;C:\WINDOWS\system32;C:\WINDOWS;C:\WINDOWS\System32\Wbem;C:\WINDOWS\System32\WindowsPowerShell\v1.0\;C:\WINDOWS\System32\OpenSSH\;C:\Program Files\dotnet\;C:\ProgramData\chocolatey\bin;C:\Program Files\Gradle\gradle-8.0.2\bin;C:\Program Files\Maven\apache-maven-3.9.0\bin;;C:\Program Files\Docker\Docker\resources\bin;C:\Users\amadoria\AppData\Local\Programs\Python\Python38\Scripts\;C:\Users\amadoria\AppData\Local\Programs\Python\Python38\;C:\Users\amadoria\AppData\Local\Microsoft\WindowsApps;C:\Users\amadoria\AppData\Local\Programs\MiKTeX\miktex\bin\x64\;C:\Users\amadoria\AppData\Local\Programs\Microsoft VS Code\bin;C:\Users\amadoria\AppData\Roaming\Python\Scripts\;C:\Users\amadoria\AppData\Local\Programs\Git\cmd;C:\Program Files\JetBrains\IntelliJ IDEA Community Edition 2022.3.3\bin;;."/>
    <property name="java.vm.info" value="mixed mode, sharing"/>
    <property name="stderr.encoding" value="Cp1252"/>
    <property name="java.vendor" value="Oracle Corporation"/>
    <property name="java.vm.version" value="19.0.2+7-44"/>
    <property name="sun.io.unicode.encoding" value="UnicodeLittle"/>
    <property name="java.class.version" value="63.0"/>
  </properties>
  <testcase name="testLoadIssuer" classname="eu.europa.esig.dss.service.x509.aia.JdbcCacheAIASourceTest" time="0.059">
    <system-out><![CDATA[2023-04-28 11:42:27,976  INFO | main | eu.europa.esig.dss.service.x509.aia.JdbcCacheAIASource  | Table was created. 
2023-04-28 11:42:27,982  WARN | main | eu.europa.esig.dss.spi.x509.aia.RepositoryAIASource     | Proxied AIASource is not provided! 
2023-04-28 11:42:28,025  INFO | main | eu.europa.esig.dss.spi.x509.aia.RepositoryAIASource     | Certificate tokens with AIA 'http://ca.luxtrust.lu/LTGTSACA.crt' are added into the cache 
2023-04-28 11:42:28,029  INFO | main | eu.europa.esig.dss.spi.x509.aia.RepositoryAIASource     | Certificate tokens with AIA '[http://ca.luxtrust.lu/LTGTSACA.crt]' have been loaded from the cache 
2023-04-28 11:42:28,032  INFO | main | eu.europa.esig.dss.service.x509.aia.JdbcCacheAIASource  | Table was destroyed. 
]]></system-out>
  </testcase>
  <testcase name="testLoadCertChainByAIA" classname="eu.europa.esig.dss.service.x509.aia.JdbcCacheAIASourceTest" time="0.086">
    <system-out><![CDATA[2023-04-28 11:42:28,036  INFO | main | eu.europa.esig.dss.service.x509.aia.JdbcCacheAIASource  | Table was created. 
2023-04-28 11:42:28,059  INFO | main | eu.europa.esig.dss.spi.x509.aia.RepositoryAIASource     | Certificate tokens with AIA 'http://ssp-aia.symauth.com/STNSSP/Certs_issued_to_Class3SSPCA-G3.p7c' are added into the cache 
2023-04-28 11:42:28,098  INFO | main | eu.europa.esig.dss.spi.x509.aia.RepositoryAIASource     | Certificate tokens with AIA 'http://http.fpki.gov/bridge/caCertsIssuedTofbca2016.p7c' are added into the cache 
2023-04-28 11:42:28,104  INFO | main | eu.europa.esig.dss.spi.x509.aia.RepositoryAIASource     | Certificate tokens with AIA '[http://http.fpki.gov/bridge/caCertsIssuedTofbca2016.p7c]' have been loaded from the cache 
2023-04-28 11:42:28,112  INFO | main | eu.europa.esig.dss.spi.x509.aia.RepositoryAIASource     | Certificate tokens with AIA '[http://http.fpki.gov/bridge/caCertsIssuedTofbca2016.p7c]' have been loaded from the cache 
2023-04-28 11:42:28,112  INFO | main | eu.europa.esig.dss.spi.x509.aia.RepositoryAIASource     | Cache is skipped to retrieve the certificates by AIA for the certificate with Id 'C-DB5A5B0E5E0DE91D1E091FB44B32E66B9BFB0FCA03F7011BD16A479A8654566F' 
2023-04-28 11:42:28,113  INFO | main | eu.europa.esig.dss.spi.x509.aia.RepositoryAIASource     | AIA Certificates with key '2e3ab7ed4e8f2f8ca40602080dd88a66a7114e94' have been removed from DB 
2023-04-28 11:42:28,116  INFO | main | eu.europa.esig.dss.spi.x509.aia.RepositoryAIASource     | Certificate tokens with AIA 'http://http.fpki.gov/bridge/caCertsIssuedTofbca2016.p7c' are added into the cache 
2023-04-28 11:42:28,119  INFO | main | eu.europa.esig.dss.service.x509.aia.JdbcCacheAIASource  | Table was destroyed. 
]]></system-out>
  </testcase>
  <testcase name="testSameAiaFromDifferentCRLs" classname="eu.europa.esig.dss.service.x509.aia.JdbcCacheAIASourceTest" time="0.032">
    <system-out><![CDATA[2023-04-28 11:42:28,122  INFO | main | eu.europa.esig.dss.service.x509.aia.JdbcCacheAIASource  | Table was created. 
2023-04-28 11:42:28,131  INFO | main | eu.europa.esig.dss.spi.x509.aia.RepositoryAIASource     | Certificate tokens with AIA 'http://ep.nbusr.sk/kca/certs/kca3/kcanbusr3_p7c.p7c' are added into the cache 
2023-04-28 11:42:28,134  INFO | main | eu.europa.esig.dss.spi.x509.aia.RepositoryAIASource     | Certificate tokens with AIA 'ldap://ep.nbusr.sk/cn=KCA NBU SR 3,ou=SIBEP,o=Narodny bezpecnostny urad,l=Bratislava,c=SK?caCertificate;binary' are added into the cache 
2023-04-28 11:42:28,135  INFO | main | eu.europa.esig.dss.spi.x509.aia.RepositoryAIASource     | Certificate tokens with AIA 'ldap:///cn=KCA NBU SR 3,ou=SIBEP,o=Narodny bezpecnostny urad,l=Bratislava,c=SK?caCertificate;binary' are added into the cache 
2023-04-28 11:42:28,139  INFO | main | eu.europa.esig.dss.spi.x509.aia.RepositoryAIASource     | Certificate tokens with AIA '[http://ep.nbusr.sk/kca/certs/kca3/kcanbusr3_p7c.p7c, ldap://ep.nbusr.sk/cn=KCA NBU SR 3,ou=SIBEP,o=Narodny bezpecnostny urad,l=Bratislava,c=SK?caCertificate;binary, ldap:///cn=KCA NBU SR 3,ou=SIBEP,o=Narodny bezpecnostny urad,l=Bratislava,c=SK?caCertificate;binary]' have been loaded from the cache 
2023-04-28 11:42:28,148  INFO | main | eu.europa.esig.dss.service.x509.aia.JdbcCacheAIASource  | Table was destroyed. 
]]></system-out>
  </testcase>
</testsuite>