<?xml version="1.0" encoding="UTF-8"?>
<testsuite xmlns:xsi="http://www.w3.org/2001/XMLSchema-instance" xsi:noNamespaceSchemaLocation="https://maven.apache.org/surefire/maven-surefire-plugin/xsd/surefire-test-report-3.0.xsd" version="3.0" name="eu.europa.esig.dss.service.http.commons.CommonsDataLoaderTest" time="23.689" tests="13" errors="0" skipped="0" failures="0">
  <properties>
    <property name="java.specification.version" value="19"/>
    <property name="sun.cpu.isalist" value="amd64"/>
    <property name="sun.jnu.encoding" value="Cp1252"/>
    <property name="java.class.path" value="C:\Users\amadoria\Documents\Projects\HAPKIDO\WP4\dss-fork\dss-service\target\test-classes;C:\Users\amadoria\Documents\Projects\HAPKIDO\WP4\dss-fork\dss-service\target\classes;C:\Users\amadoria\Documents\Projects\HAPKIDO\WP4\dss-fork\dss-spi\target\dss-spi-5.12.RC1.jar;C:\Users\amadoria\Documents\Projects\HAPKIDO\WP4\dss-fork\dss-model\target\dss-model-5.12.RC1.jar;C:\Users\amadoria\Documents\Projects\HAPKIDO\WP4\dss-fork\dss-enumerations\target\dss-enumerations-5.12.RC1.jar;C:\Users\amadoria\Documents\Projects\HAPKIDO\WP4\dss-fork\dss-utils\target\dss-utils-5.12.RC1.jar;C:\Users\amadoria\Documents\Projects\HAPKIDO\WP4\dss-fork\dss-crl-parser\target\dss-crl-parser-5.12.RC1.jar;C:\Users\amadoria\.m2\repository\org\slf4j\slf4j-api\2.0.6\slf4j-api-2.0.6.jar;C:\Users\amadoria\Documents\Projects\HAPKIDO\WP4\dss-fork\dss-service\libs\bcpkix-jdk18on-173b20.jar;C:\Users\amadoria\Documents\Projects\HAPKIDO\WP4\dss-fork\dss-service\libs\bcprov-jdk18on-173b20.jar;C:\Users\amadoria\Documents\Projects\HAPKIDO\WP4\dss-fork\dss-service\libs\bcutil-jdk18on-173b20.jar;C:\Users\amadoria\.m2\repository\org\apache\httpcomponents\client5\httpclient5\5.2.1\httpclient5-5.2.1.jar;C:\Users\amadoria\.m2\repository\org\apache\httpcomponents\core5\httpcore5\5.2\httpcore5-5.2.jar;C:\Users\amadoria\.m2\repository\org\apache\httpcomponents\core5\httpcore5-h2\5.2\httpcore5-h2-5.2.jar;C:\Users\amadoria\.m2\repository\commons-codec\commons-codec\1.15\commons-codec-1.15.jar;C:\Users\amadoria\.m2\repository\ch\qos\logback\logback-classic\1.3.5\logback-classic-1.3.5.jar;C:\Users\amadoria\.m2\repository\ch\qos\logback\logback-core\1.3.5\logback-core-1.3.5.jar;C:\Users\amadoria\.m2\repository\org\slf4j\jcl-over-slf4j\2.0.6\jcl-over-slf4j-2.0.6.jar;C:\Users\amadoria\.m2\repository\org\junit\platform\junit-platform-launcher\1.9.2\junit-platform-launcher-1.9.2.jar;C:\Users\amadoria\.m2\repository\org\junit\platform\junit-platform-engine\1.9.2\junit-platform-engine-1.9.2.jar;C:\Users\amadoria\.m2\repository\org\opentest4j\opentest4j\1.2.0\opentest4j-1.2.0.jar;C:\Users\amadoria\.m2\repository\org\junit\platform\junit-platform-commons\1.9.2\junit-platform-commons-1.9.2.jar;C:\Users\amadoria\.m2\repository\org\apiguardian\apiguardian-api\1.1.2\apiguardian-api-1.1.2.jar;C:\Users\amadoria\.m2\repository\org\junit\jupiter\junit-jupiter-engine\5.9.2\junit-jupiter-engine-5.9.2.jar;C:\Users\amadoria\.m2\repository\org\junit\jupiter\junit-jupiter-api\5.9.2\junit-jupiter-api-5.9.2.jar;C:\Users\amadoria\.m2\repository\org\awaitility\awaitility\4.2.0\awaitility-4.2.0.jar;C:\Users\amadoria\.m2\repository\org\hamcrest\hamcrest\2.1\hamcrest-2.1.jar;C:\Users\amadoria\Documents\Projects\HAPKIDO\WP4\dss-fork\dss-utils-google-guava\target\dss-utils-google-guava-5.12.RC1.jar;C:\Users\amadoria\.m2\repository\com\google\guava\guava\31.1-jre\guava-31.1-jre.jar;C:\Users\amadoria\.m2\repository\com\google\guava\failureaccess\1.0.1\failureaccess-1.0.1.jar;C:\Users\amadoria\.m2\repository\com\google\guava\listenablefuture\9999.0-empty-to-avoid-conflict-with-guava\listenablefuture-9999.0-empty-to-avoid-conflict-with-guava.jar;C:\Users\amadoria\.m2\repository\com\google\code\findbugs\jsr305\3.0.2\jsr305-3.0.2.jar;C:\Users\amadoria\.m2\repository\org\checkerframework\checker-qual\3.12.0\checker-qual-3.12.0.jar;C:\Users\amadoria\.m2\repository\com\google\errorprone\error_prone_annotations\2.11.0\error_prone_annotations-2.11.0.jar;C:\Users\amadoria\.m2\repository\com\google\j2objc\j2objc-annotations\1.3\j2objc-annotations-1.3.jar;C:\Users\amadoria\.m2\repository\com\h2database\h2\2.1.214\h2-2.1.214.jar;C:\Users\amadoria\Documents\Projects\HAPKIDO\WP4\dss-fork\dss-crl-parser-x509crl\target\dss-crl-parser-x509crl-5.12.RC1.jar;"/>
    <property name="java.vm.vendor" value="Oracle Corporation"/>
    <property name="sun.arch.data.model" value="64"/>
    <property name="user.variant" value=""/>
    <property name="java.vendor.url" value="https://java.oracle.com/"/>
    <property name="user.timezone" value="Europe/Amsterdam"/>
    <property name="os.name" value="Windows 10"/>
    <property name="java.vm.specification.version" value="19"/>
    <property name="sun.java.launcher" value="SUN_STANDARD"/>
    <property name="user.country" value="US"/>
    <property name="sun.boot.library.path" value="C:\Program Files\Java\jdk-19\bin"/>
    <property name="sun.java.command" value="C:\Users\amadoria\AppData\Local\Temp\surefire17844945125072100840\surefirebooter-20230428114140935_439.jar C:\Users\amadoria\AppData\Local\Temp\surefire17844945125072100840 2023-04-28T11-29-53_553-jvmRun1 surefire-20230428114140935_437tmp surefire_28-20230428114140935_438tmp"/>
    <property name="jdk.debug" value="release"/>
    <property name="surefire.test.class.path" value="C:\Users\amadoria\Documents\Projects\HAPKIDO\WP4\dss-fork\dss-service\target\test-classes;C:\Users\amadoria\Documents\Projects\HAPKIDO\WP4\dss-fork\dss-service\target\classes;C:\Users\amadoria\Documents\Projects\HAPKIDO\WP4\dss-fork\dss-spi\target\dss-spi-5.12.RC1.jar;C:\Users\amadoria\Documents\Projects\HAPKIDO\WP4\dss-fork\dss-model\target\dss-model-5.12.RC1.jar;C:\Users\amadoria\Documents\Projects\HAPKIDO\WP4\dss-fork\dss-enumerations\target\dss-enumerations-5.12.RC1.jar;C:\Users\amadoria\Documents\Projects\HAPKIDO\WP4\dss-fork\dss-utils\target\dss-utils-5.12.RC1.jar;C:\Users\amadoria\Documents\Projects\HAPKIDO\WP4\dss-fork\dss-crl-parser\target\dss-crl-parser-5.12.RC1.jar;C:\Users\amadoria\.m2\repository\org\slf4j\slf4j-api\2.0.6\slf4j-api-2.0.6.jar;C:\Users\amadoria\Documents\Projects\HAPKIDO\WP4\dss-fork\dss-service\libs\bcpkix-jdk18on-173b20.jar;C:\Users\amadoria\Documents\Projects\HAPKIDO\WP4\dss-fork\dss-service\libs\bcprov-jdk18on-173b20.jar;C:\Users\amadoria\Documents\Projects\HAPKIDO\WP4\dss-fork\dss-service\libs\bcutil-jdk18on-173b20.jar;C:\Users\amadoria\.m2\repository\org\apache\httpcomponents\client5\httpclient5\5.2.1\httpclient5-5.2.1.jar;C:\Users\amadoria\.m2\repository\org\apache\httpcomponents\core5\httpcore5\5.2\httpcore5-5.2.jar;C:\Users\amadoria\.m2\repository\org\apache\httpcomponents\core5\httpcore5-h2\5.2\httpcore5-h2-5.2.jar;C:\Users\amadoria\.m2\repository\commons-codec\commons-codec\1.15\commons-codec-1.15.jar;C:\Users\amadoria\.m2\repository\ch\qos\logback\logback-classic\1.3.5\logback-classic-1.3.5.jar;C:\Users\amadoria\.m2\repository\ch\qos\logback\logback-core\1.3.5\logback-core-1.3.5.jar;C:\Users\amadoria\.m2\repository\org\slf4j\jcl-over-slf4j\2.0.6\jcl-over-slf4j-2.0.6.jar;C:\Users\amadoria\.m2\repository\org\junit\platform\junit-platform-launcher\1.9.2\junit-platform-launcher-1.9.2.jar;C:\Users\amadoria\.m2\repository\org\junit\platform\junit-platform-engine\1.9.2\junit-platform-engine-1.9.2.jar;C:\Users\amadoria\.m2\repository\org\opentest4j\opentest4j\1.2.0\opentest4j-1.2.0.jar;C:\Users\amadoria\.m2\repository\org\junit\platform\junit-platform-commons\1.9.2\junit-platform-commons-1.9.2.jar;C:\Users\amadoria\.m2\repository\org\apiguardian\apiguardian-api\1.1.2\apiguardian-api-1.1.2.jar;C:\Users\amadoria\.m2\repository\org\junit\jupiter\junit-jupiter-engine\5.9.2\junit-jupiter-engine-5.9.2.jar;C:\Users\amadoria\.m2\repository\org\junit\jupiter\junit-jupiter-api\5.9.2\junit-jupiter-api-5.9.2.jar;C:\Users\amadoria\.m2\repository\org\awaitility\awaitility\4.2.0\awaitility-4.2.0.jar;C:\Users\amadoria\.m2\repository\org\hamcrest\hamcrest\2.1\hamcrest-2.1.jar;C:\Users\amadoria\Documents\Projects\HAPKIDO\WP4\dss-fork\dss-utils-google-guava\target\dss-utils-google-guava-5.12.RC1.jar;C:\Users\amadoria\.m2\repository\com\google\guava\guava\31.1-jre\guava-31.1-jre.jar;C:\Users\amadoria\.m2\repository\com\google\guava\failureaccess\1.0.1\failureaccess-1.0.1.jar;C:\Users\amadoria\.m2\repository\com\google\guava\listenablefuture\9999.0-empty-to-avoid-conflict-with-guava\listenablefuture-9999.0-empty-to-avoid-conflict-with-guava.jar;C:\Users\amadoria\.m2\repository\com\google\code\findbugs\jsr305\3.0.2\jsr305-3.0.2.jar;C:\Users\amadoria\.m2\repository\org\checkerframework\checker-qual\3.12.0\checker-qual-3.12.0.jar;C:\Users\amadoria\.m2\repository\com\google\errorprone\error_prone_annotations\2.11.0\error_prone_annotations-2.11.0.jar;C:\Users\amadoria\.m2\repository\com\google\j2objc\j2objc-annotations\1.3\j2objc-annotations-1.3.jar;C:\Users\amadoria\.m2\repository\com\h2database\h2\2.1.214\h2-2.1.214.jar;C:\Users\amadoria\Documents\Projects\HAPKIDO\WP4\dss-fork\dss-crl-parser-x509crl\target\dss-crl-parser-x509crl-5.12.RC1.jar;"/>
    <property name="sun.cpu.endian" value="little"/>
    <property name="user.home" value="C:\Users\amadoria"/>
    <property name="user.language" value="en"/>
    <property name="java.specification.vendor" value="Oracle Corporation"/>
    <property name="java.version.date" value="2023-01-17"/>
    <property name="java.home" value="C:\Program Files\Java\jdk-19"/>
    <property name="file.separator" value="\"/>
    <property name="basedir" value="C:\Users\amadoria\Documents\Projects\HAPKIDO\WP4\dss-fork\dss-service"/>
    <property name="java.vm.compressedOopsMode" value="Zero based"/>
    <property name="line.separator" value="&#10;"/>
    <property name="java.vm.specification.vendor" value="Oracle Corporation"/>
    <property name="java.specification.name" value="Java Platform API Specification"/>
    <property name="surefire.real.class.path" value="C:\Users\amadoria\AppData\Local\Temp\surefire17844945125072100840\surefirebooter-20230428114140935_439.jar"/>
    <property name="user.script" value=""/>
    <property name="sun.management.compiler" value="HotSpot 64-Bit Tiered Compilers"/>
    <property name="java.runtime.version" value="19.0.2+7-44"/>
    <property name="user.name" value="amadoria"/>
    <property name="stdout.encoding" value="Cp1252"/>
    <property name="path.separator" value=";"/>
    <property name="os.version" value="10.0"/>
    <property name="java.runtime.name" value="Java(TM) SE Runtime Environment"/>
    <property name="file.encoding" value="UTF-8"/>
    <property name="java.vm.name" value="Java HotSpot(TM) 64-Bit Server VM"/>
    <property name="localRepository" value="C:\Users\amadoria\.m2\repository"/>
    <property name="java.vendor.url.bug" value="https://bugreport.java.com/bugreport/"/>
    <property name="java.io.tmpdir" value="C:\Users\amadoria\AppData\Local\Temp\"/>
    <property name="java.version" value="19.0.2"/>
    <property name="user.dir" value="C:\Users\amadoria\Documents\Projects\HAPKIDO\WP4\dss-fork\dss-service"/>
    <property name="os.arch" value="amd64"/>
    <property name="java.vm.specification.name" value="Java Virtual Machine Specification"/>
    <property name="sun.os.patch.level" value=""/>
    <property name="native.encoding" value="Cp1252"/>
    <property name="java.library.path" value="C:\Program Files\Java\jdk-19\bin;C:\WINDOWS\Sun\Java\bin;C:\WINDOWS\system32;C:\WINDOWS;C:\Program Files\Common Files\Oracle\Java\javapath;C:\Program Files\Eclipse Adoptium\jdk-17.0.5.8-hotspot\bin;C:\WINDOWS\system32;C:\WINDOWS;C:\WINDOWS\System32\Wbem;C:\WINDOWS\System32\WindowsPowerShell\v1.0\;C:\WINDOWS\System32\OpenSSH\;C:\Program Files\dotnet\;C:\ProgramData\chocolatey\bin;C:\Program Files\Gradle\gradle-8.0.2\bin;C:\Program Files\Maven\apache-maven-3.9.0\bin;;C:\Program Files\Docker\Docker\resources\bin;C:\Users\amadoria\AppData\Local\Programs\Python\Python38\Scripts\;C:\Users\amadoria\AppData\Local\Programs\Python\Python38\;C:\Users\amadoria\AppData\Local\Microsoft\WindowsApps;C:\Users\amadoria\AppData\Local\Programs\MiKTeX\miktex\bin\x64\;C:\Users\amadoria\AppData\Local\Programs\Microsoft VS Code\bin;C:\Users\amadoria\AppData\Roaming\Python\Scripts\;C:\Users\amadoria\AppData\Local\Programs\Git\cmd;C:\Program Files\JetBrains\IntelliJ IDEA Community Edition 2022.3.3\bin;;."/>
    <property name="java.vm.info" value="mixed mode, sharing"/>
    <property name="stderr.encoding" value="Cp1252"/>
    <property name="java.vendor" value="Oracle Corporation"/>
    <property name="java.vm.version" value="19.0.2+7-44"/>
    <property name="sun.io.unicode.encoding" value="UnicodeLittle"/>
    <property name="java.class.version" value="63.0"/>
  </properties>
  <testcase name="timeoutTest" classname="eu.europa.esig.dss.service.http.commons.CommonsDataLoaderTest" time="0.036"/>
  <testcase name="resourceDoesNotExistTest" classname="eu.europa.esig.dss.service.http.commons.CommonsDataLoaderTest" time="0.005"/>
  <testcase name="testGet" classname="eu.europa.esig.dss.service.http.commons.CommonsDataLoaderTest" time="0.125"/>
  <testcase name="multipleDataLoaderExceptionTest" classname="eu.europa.esig.dss.service.http.commons.CommonsDataLoaderTest" time="0.01">
    <system-out><![CDATA[2023-04-28 11:41:50,186  WARN | main | e.e.esig.dss.service.http.commons.CommonsDataLoader     | Cannot obtain data using 'http://wrong.url' : Unable to process GET call for url [http://wrong.url]. Reason : [wrong.url] 
2023-04-28 11:41:50,186  WARN | main | e.e.esig.dss.service.http.commons.CommonsDataLoader     | DSS framework only supports FILE, HTTP, HTTPS, FTP and LDAP Urls. 
2023-04-28 11:41:50,187  WARN | main | e.e.esig.dss.service.http.commons.CommonsDataLoader     | Cannot obtain data using 'does_not_exist' : Host name 
2023-04-28 11:41:50,190  WARN | main | e.e.esig.dss.service.http.commons.CommonsDataLoader     | Cannot obtain data using 'http://certs.eid.belgium.be/belgiumrs2.crt' : Unable to process GET call for url [http://certs.eid.belgium.be/belgiumrs2.crt]. Reason : [Connect to http://certs.eid.belgium.be:80 [certs.eid.belgium.be/64.18.25.33] failed: Connect timed out] 
]]></system-out>
  </testcase>
  <testcase name="dss1583test" classname="eu.europa.esig.dss.service.http.commons.CommonsDataLoaderTest" time="20.083">
    <system-out><![CDATA[2023-04-28 11:41:50,195  WARN | main | eu.europa.esig.dss.service.http.commons.LdapURLUtils    | The obtained ldap url [ldap://pks-ldap.telesec.de/o=T-Systems International GmbH,c=de] contains illegal characters. Use encoded address instead : [ldap://pks-ldap.telesec.de/o=T-Systems%20International%20GmbH,c=de] 
2023-04-28 11:41:56,952  WARN | main | eu.europa.esig.dss.service.http.commons.LdapURLUtils    | The obtained ldap url [ldap://pks-ldap.telesec.de/o=T-Systems International%20GmbH,c=de] contains illegal characters. Use encoded address instead : [ldap://pks-ldap.telesec.de/o=T-Systems%20International%20GmbH,c=de] 
2023-04-28 11:42:00,282  WARN | main | eu.europa.esig.dss.service.http.commons.LdapURLUtils    | The obtained ldap url [ldap://pks-ldap.telesec.de/o=T-Systems International%20GmbH%20,%20c=de%20] contains illegal characters. Use encoded address instead : [ldap://pks-ldap.telesec.de/o=T-Systems%20International%20GmbH%20,%20c=de%20] 
2023-04-28 11:42:03,630  WARN | main | eu.europa.esig.dss.service.http.commons.LdapURLUtils    | The obtained ldap url [ldap://pks-ldap.telesec.de/o=T-Systems International%20GmbH , c=de] contains illegal characters. Use encoded address instead : [ldap://pks-ldap.telesec.de/o=T-Systems%20International%20GmbH%20,%20c=de] 
2023-04-28 11:42:07,046  WARN | main | eu.europa.esig.dss.service.http.commons.LdapURLUtils    | The obtained ldap url [ldap://pks-ldap.telesec.de/o=T-Systems International GmbH,c=de?certificateRevocationList?base] contains illegal characters. Use encoded address instead : [ldap://pks-ldap.telesec.de/o=T-Systems%20International%20GmbH,c=de?certificateRevocationList?base] 
]]></system-out>
  </testcase>
  <testcase name="httpClientResponseHandlerTest" classname="eu.europa.esig.dss.service.http.commons.CommonsDataLoaderTest" time="0.213"/>
  <testcase name="ldapTest1" classname="eu.europa.esig.dss.service.http.commons.CommonsDataLoaderTest" time="0.738"/>
  <testcase name="ldapTest2" classname="eu.europa.esig.dss.service.http.commons.CommonsDataLoaderTest" time="1.559"/>
  <testcase name="ldapTest3" classname="eu.europa.esig.dss.service.http.commons.CommonsDataLoaderTest" time="0.28"/>
  <testcase name="excludedHostsTest" classname="eu.europa.esig.dss.service.http.commons.CommonsDataLoaderTest" time="0.068"/>
  <testcase name="negativeTimeoutTest" classname="eu.europa.esig.dss.service.http.commons.CommonsDataLoaderTest" time="0.053">
    <system-out><![CDATA[2023-04-28 11:42:13,135  INFO | main | e.e.esig.dss.service.http.commons.CommonsDataLoader     | A negative timeout has been provided. Use system default. 
2023-04-28 11:42:13,135  INFO | main | e.e.esig.dss.service.http.commons.CommonsDataLoader     | A negative timeout has been provided. Use system default. 
2023-04-28 11:42:13,135  INFO | main | e.e.esig.dss.service.http.commons.CommonsDataLoader     | A negative timeout has been provided. Use system default. 
2023-04-28 11:42:13,135  INFO | main | e.e.esig.dss.service.http.commons.CommonsDataLoader     | A negative timeout has been provided. Use system default. 
]]></system-out>
  </testcase>
  <testcase name="multipleDataLoadTest" classname="eu.europa.esig.dss.service.http.commons.CommonsDataLoaderTest" time="0.179">
    <system-out><![CDATA[2023-04-28 11:42:13,310  WARN | main | e.e.esig.dss.service.http.commons.CommonsDataLoader     | Cannot obtain data using 'http://wrong.url' : Unable to process GET call for url [http://wrong.url]. Reason : [No such host is known (wrong.url)] 
2023-04-28 11:42:13,311  WARN | main | e.e.esig.dss.service.http.commons.CommonsDataLoader     | DSS framework only supports FILE, HTTP, HTTPS, FTP and LDAP Urls. 
2023-04-28 11:42:13,312  WARN | main | e.e.esig.dss.service.http.commons.CommonsDataLoader     | Cannot obtain data using 'does_not_exist' : Host name 
]]></system-out>
  </testcase>
  <testcase name="dss1583WarningTest" classname="eu.europa.esig.dss.service.http.commons.CommonsDataLoaderTest" time="0.332">
    <system-out><![CDATA[2023-04-28 11:42:13,368  WARN | main | eu.europa.esig.dss.service.http.commons.LdapURLUtils    | The obtained ldap url [ldap://pks-ldap.telesec.de/o=T-Systems International GmbH,c=de%2] contains illegal characters. Use encoded address instead : [ldap://pks-ldap.telesec.de/o=T-Systems%20International%20GmbH,c=de%252] 
2023-04-28 11:42:13,454  WARN | main | eu.europa.esig.dss.service.http.commons.LdapURLUtils    | The obtained ldap url [ldap://pks-ldap.telesec.de/o=T-Syste%ms International GmbH,c=de] contains illegal characters. Use encoded address instead : [ldap://pks-ldap.telesec.de/o=T-Syste%25ms%20International%20GmbH,c=de] 
2023-04-28 11:42:13,535  WARN | main | eu.europa.esig.dss.service.http.commons.LdapURLUtils    | The obtained ldap url [ldap://pks-ldap.telesec.de/o=T-SystemsInternational GmbH,c=de] contains illegal characters. Use encoded address instead : [ldap://pks-ldap.telesec.de/o=T-SystemsInternational%20GmbH,c=de] 
2023-04-28 11:42:13,617  WARN | main | eu.europa.esig.dss.service.http.commons.LdapURLUtils    | The obtained ldap url [ldap://pks-ldap.telesec.de/o=T-Systems International GmbH,c=de?certificate] contains illegal characters. Use encoded address instead : [ldap://pks-ldap.telesec.de/o=T-Systems%20International%20GmbH,c=de?certificate] 
]]></system-out>
  </testcase>
</testsuite>