<?xml version="1.0" encoding="UTF-8"?>
<testsuite xmlns:xsi="http://www.w3.org/2001/XMLSchema-instance" xsi:noNamespaceSchemaLocation="https://maven.apache.org/surefire/maven-surefire-plugin/xsd/surefire-test-report-3.0.xsd" version="3.0" name="eu.europa.esig.dss.crl.stream.impl.CRLUtilsStreamImplTest" time="2.567" tests="24" errors="0" skipped="1" failures="0">
  <properties>
    <property name="java.specification.version" value="19"/>
    <property name="sun.cpu.isalist" value="amd64"/>
    <property name="sun.jnu.encoding" value="Cp1252"/>
    <property name="java.class.path" value="C:\Users\amadoria\Documents\Projects\HAPKIDO\WP4\dss-fork\dss-crl-parser-stream\target\test-classes;C:\Users\amadoria\Documents\Projects\HAPKIDO\WP4\dss-fork\dss-crl-parser-stream\target\classes;C:\Users\amadoria\Documents\Projects\HAPKIDO\WP4\dss-fork\dss-crl-parser\target\dss-crl-parser-5.12.RC1.jar;C:\Users\amadoria\Documents\Projects\HAPKIDO\WP4\dss-fork\dss-model\target\dss-model-5.12.RC1.jar;C:\Users\amadoria\Documents\Projects\HAPKIDO\WP4\dss-fork\dss-enumerations\target\dss-enumerations-5.12.RC1.jar;C:\Users\amadoria\Documents\Projects\HAPKIDO\WP4\dss-fork\dss-crl-parser-stream\libs\bcprov-jdk18on-173b20.jar;C:\Users\amadoria\Documents\Projects\HAPKIDO\WP4\dss-fork\dss-crl-parser-stream\libs\bcpkix-jdk18on-173b20.jar;C:\Users\amadoria\Documents\Projects\HAPKIDO\WP4\dss-fork\dss-crl-parser-stream\libs\bcutil-jdk18on-173b20.jar;C:\Users\amadoria\.m2\repository\org\slf4j\slf4j-api\2.0.6\slf4j-api-2.0.6.jar;C:\Users\amadoria\Documents\Projects\HAPKIDO\WP4\dss-fork\dss-crl-parser\target\dss-crl-parser-5.12.RC1-tests.jar;C:\Users\amadoria\.m2\repository\ch\qos\logback\logback-classic\1.3.5\logback-classic-1.3.5.jar;C:\Users\amadoria\.m2\repository\ch\qos\logback\logback-core\1.3.5\logback-core-1.3.5.jar;C:\Users\amadoria\.m2\repository\org\junit\platform\junit-platform-launcher\1.9.2\junit-platform-launcher-1.9.2.jar;C:\Users\amadoria\.m2\repository\org\junit\platform\junit-platform-engine\1.9.2\junit-platform-engine-1.9.2.jar;C:\Users\amadoria\.m2\repository\org\opentest4j\opentest4j\1.2.0\opentest4j-1.2.0.jar;C:\Users\amadoria\.m2\repository\org\junit\platform\junit-platform-commons\1.9.2\junit-platform-commons-1.9.2.jar;C:\Users\amadoria\.m2\repository\org\apiguardian\apiguardian-api\1.1.2\apiguardian-api-1.1.2.jar;C:\Users\amadoria\.m2\repository\org\junit\jupiter\junit-jupiter-engine\5.9.2\junit-jupiter-engine-5.9.2.jar;C:\Users\amadoria\.m2\repository\org\junit\jupiter\junit-jupiter-api\5.9.2\junit-jupiter-api-5.9.2.jar;C:\Users\amadoria\Documents\Projects\HAPKIDO\WP4\dss-fork\dss-utils-google-guava\target\dss-utils-google-guava-5.12.RC1.jar;C:\Users\amadoria\Documents\Projects\HAPKIDO\WP4\dss-fork\dss-utils\target\dss-utils-5.12.RC1.jar;C:\Users\amadoria\.m2\repository\com\google\guava\guava\31.1-jre\guava-31.1-jre.jar;C:\Users\amadoria\.m2\repository\com\google\guava\failureaccess\1.0.1\failureaccess-1.0.1.jar;C:\Users\amadoria\.m2\repository\com\google\guava\listenablefuture\9999.0-empty-to-avoid-conflict-with-guava\listenablefuture-9999.0-empty-to-avoid-conflict-with-guava.jar;C:\Users\amadoria\.m2\repository\com\google\code\findbugs\jsr305\3.0.2\jsr305-3.0.2.jar;C:\Users\amadoria\.m2\repository\org\checkerframework\checker-qual\3.12.0\checker-qual-3.12.0.jar;C:\Users\amadoria\.m2\repository\com\google\errorprone\error_prone_annotations\2.11.0\error_prone_annotations-2.11.0.jar;C:\Users\amadoria\.m2\repository\com\google\j2objc\j2objc-annotations\1.3\j2objc-annotations-1.3.jar;"/>
    <property name="java.vm.vendor" value="Oracle Corporation"/>
    <property name="sun.arch.data.model" value="64"/>
    <property name="user.variant" value=""/>
    <property name="java.vendor.url" value="https://java.oracle.com/"/>
    <property name="user.timezone" value="Europe/Amsterdam"/>
    <property name="os.name" value="Windows 10"/>
    <property name="java.vm.specification.version" value="19"/>
    <property name="sun.java.launcher" value="SUN_STANDARD"/>
    <property name="user.country" value="US"/>
    <property name="sun.boot.library.path" value="C:\Program Files\Java\jdk-19\bin"/>
    <property name="sun.java.command" value="C:\Users\amadoria\AppData\Local\Temp\surefire15423486448312700938\surefirebooter-20230428113650928_121.jar C:\Users\amadoria\AppData\Local\Temp\surefire15423486448312700938 2023-04-28T11-29-53_553-jvmRun1 surefire-20230428113650928_119tmp surefire_24-20230428113650928_120tmp"/>
    <property name="jdk.debug" value="release"/>
    <property name="surefire.test.class.path" value="C:\Users\amadoria\Documents\Projects\HAPKIDO\WP4\dss-fork\dss-crl-parser-stream\target\test-classes;C:\Users\amadoria\Documents\Projects\HAPKIDO\WP4\dss-fork\dss-crl-parser-stream\target\classes;C:\Users\amadoria\Documents\Projects\HAPKIDO\WP4\dss-fork\dss-crl-parser\target\dss-crl-parser-5.12.RC1.jar;C:\Users\amadoria\Documents\Projects\HAPKIDO\WP4\dss-fork\dss-model\target\dss-model-5.12.RC1.jar;C:\Users\amadoria\Documents\Projects\HAPKIDO\WP4\dss-fork\dss-enumerations\target\dss-enumerations-5.12.RC1.jar;C:\Users\amadoria\Documents\Projects\HAPKIDO\WP4\dss-fork\dss-crl-parser-stream\libs\bcprov-jdk18on-173b20.jar;C:\Users\amadoria\Documents\Projects\HAPKIDO\WP4\dss-fork\dss-crl-parser-stream\libs\bcpkix-jdk18on-173b20.jar;C:\Users\amadoria\Documents\Projects\HAPKIDO\WP4\dss-fork\dss-crl-parser-stream\libs\bcutil-jdk18on-173b20.jar;C:\Users\amadoria\.m2\repository\org\slf4j\slf4j-api\2.0.6\slf4j-api-2.0.6.jar;C:\Users\amadoria\Documents\Projects\HAPKIDO\WP4\dss-fork\dss-crl-parser\target\dss-crl-parser-5.12.RC1-tests.jar;C:\Users\amadoria\.m2\repository\ch\qos\logback\logback-classic\1.3.5\logback-classic-1.3.5.jar;C:\Users\amadoria\.m2\repository\ch\qos\logback\logback-core\1.3.5\logback-core-1.3.5.jar;C:\Users\amadoria\.m2\repository\org\junit\platform\junit-platform-launcher\1.9.2\junit-platform-launcher-1.9.2.jar;C:\Users\amadoria\.m2\repository\org\junit\platform\junit-platform-engine\1.9.2\junit-platform-engine-1.9.2.jar;C:\Users\amadoria\.m2\repository\org\opentest4j\opentest4j\1.2.0\opentest4j-1.2.0.jar;C:\Users\amadoria\.m2\repository\org\junit\platform\junit-platform-commons\1.9.2\junit-platform-commons-1.9.2.jar;C:\Users\amadoria\.m2\repository\org\apiguardian\apiguardian-api\1.1.2\apiguardian-api-1.1.2.jar;C:\Users\amadoria\.m2\repository\org\junit\jupiter\junit-jupiter-engine\5.9.2\junit-jupiter-engine-5.9.2.jar;C:\Users\amadoria\.m2\repository\org\junit\jupiter\junit-jupiter-api\5.9.2\junit-jupiter-api-5.9.2.jar;C:\Users\amadoria\Documents\Projects\HAPKIDO\WP4\dss-fork\dss-utils-google-guava\target\dss-utils-google-guava-5.12.RC1.jar;C:\Users\amadoria\Documents\Projects\HAPKIDO\WP4\dss-fork\dss-utils\target\dss-utils-5.12.RC1.jar;C:\Users\amadoria\.m2\repository\com\google\guava\guava\31.1-jre\guava-31.1-jre.jar;C:\Users\amadoria\.m2\repository\com\google\guava\failureaccess\1.0.1\failureaccess-1.0.1.jar;C:\Users\amadoria\.m2\repository\com\google\guava\listenablefuture\9999.0-empty-to-avoid-conflict-with-guava\listenablefuture-9999.0-empty-to-avoid-conflict-with-guava.jar;C:\Users\amadoria\.m2\repository\com\google\code\findbugs\jsr305\3.0.2\jsr305-3.0.2.jar;C:\Users\amadoria\.m2\repository\org\checkerframework\checker-qual\3.12.0\checker-qual-3.12.0.jar;C:\Users\amadoria\.m2\repository\com\google\errorprone\error_prone_annotations\2.11.0\error_prone_annotations-2.11.0.jar;C:\Users\amadoria\.m2\repository\com\google\j2objc\j2objc-annotations\1.3\j2objc-annotations-1.3.jar;"/>
    <property name="sun.cpu.endian" value="little"/>
    <property name="user.home" value="C:\Users\amadoria"/>
    <property name="user.language" value="en"/>
    <property name="java.specification.vendor" value="Oracle Corporation"/>
    <property name="java.version.date" value="2023-01-17"/>
    <property name="java.home" value="C:\Program Files\Java\jdk-19"/>
    <property name="file.separator" value="\"/>
    <property name="basedir" value="C:\Users\amadoria\Documents\Projects\HAPKIDO\WP4\dss-fork\dss-crl-parser-stream"/>
    <property name="java.vm.compressedOopsMode" value="Zero based"/>
    <property name="line.separator" value="&#10;"/>
    <property name="java.vm.specification.vendor" value="Oracle Corporation"/>
    <property name="java.specification.name" value="Java Platform API Specification"/>
    <property name="surefire.real.class.path" value="C:\Users\amadoria\AppData\Local\Temp\surefire15423486448312700938\surefirebooter-20230428113650928_121.jar"/>
    <property name="user.script" value=""/>
    <property name="sun.management.compiler" value="HotSpot 64-Bit Tiered Compilers"/>
    <property name="java.runtime.version" value="19.0.2+7-44"/>
    <property name="user.name" value="amadoria"/>
    <property name="stdout.encoding" value="Cp1252"/>
    <property name="path.separator" value=";"/>
    <property name="os.version" value="10.0"/>
    <property name="java.runtime.name" value="Java(TM) SE Runtime Environment"/>
    <property name="file.encoding" value="UTF-8"/>
    <property name="java.vm.name" value="Java HotSpot(TM) 64-Bit Server VM"/>
    <property name="localRepository" value="C:\Users\amadoria\.m2\repository"/>
    <property name="java.vendor.url.bug" value="https://bugreport.java.com/bugreport/"/>
    <property name="java.io.tmpdir" value="C:\Users\amadoria\AppData\Local\Temp\"/>
    <property name="java.version" value="19.0.2"/>
    <property name="user.dir" value="C:\Users\amadoria\Documents\Projects\HAPKIDO\WP4\dss-fork\dss-crl-parser-stream"/>
    <property name="os.arch" value="amd64"/>
    <property name="java.vm.specification.name" value="Java Virtual Machine Specification"/>
    <property name="sun.os.patch.level" value=""/>
    <property name="native.encoding" value="Cp1252"/>
    <property name="java.library.path" value="C:\Program Files\Java\jdk-19\bin;C:\WINDOWS\Sun\Java\bin;C:\WINDOWS\system32;C:\WINDOWS;C:\Program Files\Common Files\Oracle\Java\javapath;C:\Program Files\Eclipse Adoptium\jdk-17.0.5.8-hotspot\bin;C:\WINDOWS\system32;C:\WINDOWS;C:\WINDOWS\System32\Wbem;C:\WINDOWS\System32\WindowsPowerShell\v1.0\;C:\WINDOWS\System32\OpenSSH\;C:\Program Files\dotnet\;C:\ProgramData\chocolatey\bin;C:\Program Files\Gradle\gradle-8.0.2\bin;C:\Program Files\Maven\apache-maven-3.9.0\bin;;C:\Program Files\Docker\Docker\resources\bin;C:\Users\amadoria\AppData\Local\Programs\Python\Python38\Scripts\;C:\Users\amadoria\AppData\Local\Programs\Python\Python38\;C:\Users\amadoria\AppData\Local\Microsoft\WindowsApps;C:\Users\amadoria\AppData\Local\Programs\MiKTeX\miktex\bin\x64\;C:\Users\amadoria\AppData\Local\Programs\Microsoft VS Code\bin;C:\Users\amadoria\AppData\Roaming\Python\Scripts\;C:\Users\amadoria\AppData\Local\Programs\Git\cmd;C:\Program Files\JetBrains\IntelliJ IDEA Community Edition 2022.3.3\bin;;."/>
    <property name="java.vm.info" value="mixed mode, sharing"/>
    <property name="stderr.encoding" value="Cp1252"/>
    <property name="java.vendor" value="Oracle Corporation"/>
    <property name="java.vm.version" value="19.0.2+7-44"/>
    <property name="sun.io.unicode.encoding" value="UnicodeLittle"/>
    <property name="java.class.version" value="63.0"/>
  </properties>
  <testcase name="testARLFile" classname="eu.europa.esig.dss.crl.stream.impl.CRLUtilsStreamImplTest" time="0.101">
    <system-out><![CDATA[11:36:54.487 [main] DEBUG eu.europa.esig.dss.crl.stream.impl.CRLParser - TBSCertList -> version : 01
11:36:54.487 [main] DEBUG eu.europa.esig.dss.crl.stream.impl.CRLParser - TBSCertList -> signatureAlgorithm : 06092a864886f70d01010b0500
11:36:54.488 [main] DEBUG eu.europa.esig.dss.crl.stream.impl.CRLParser - TBSCertList -> issuer : 310b300906035504061302465231263024060355040a0c1d434f4e5345494c20535550455249455552204455204e4f54415249415431173015060355040b0c0e303030322037383433353031333431153013060355040b0c0c4e6f74616972657332303230
11:36:54.488 [main] DEBUG eu.europa.esig.dss.crl.stream.impl.CRLParser - TBSCertList -> thisUpdate : 3137303531363232303032395a
11:36:54.488 [main] DEBUG eu.europa.esig.dss.crl.stream.impl.CRLParser - TBSCertList -> nextUpdate : 3137303531373232303032395a
11:36:54.489 [main] DEBUG eu.europa.esig.dss.crl.stream.impl.CRLParser - TBSCertList -> crlExtensions : 302e301f0603551d23041830168014617bf242e1813e5023a382c4d3ba829b98e6328d300b0603551d14040402021dad
11:36:54.489 [main] DEBUG eu.europa.esig.dss.crl.stream.impl.CRLParser - CertificateList -> signatureAlgorithm : 06092a864886f70d01010b0500
11:36:54.489 [main] DEBUG eu.europa.esig.dss.crl.stream.impl.CRLParser - CertificateList -> signatureValue : 004999d5c8c13293560e6c1994d670aead43f7bb9a174e73808d9dba04359234143ea4dc490c2121b4a5dfbc0a7e172781387c3a16fd52059c76be33f23219c4d8b1d500278e7459e5177d6943dde06fbe6e4b0d189afa00cb11bb45b6ce1064989b417c8525c234366b2d3f8eb7fc771317aa2fa59bae5f967fc7973c339a13cc422e18d26a331319b395d30848dd4e07326cc221ae8ea0f9a473d380cef859f270d753cdc17fff8d33a04299c9a40e31fee62f6279d5d9bf451c8aa86556767f9d623da6bcfc30cba163d7a792dd479b48ab4580dfacf5fe918ea4f58af6dd0ed0a528ea087ccd89a671de10e446e5a97f150fb71d93629bf054cdb946d4bcca
11:36:54.490 [main] DEBUG eu.europa.esig.dss.crl.AbstractCRLUtils - issuingDistributionPointBinary is null. Issuing Distribution Point fields in CRLValidity cannot be filled.
]]></system-out>
  </testcase>
  <testcase name="testECDSA" classname="eu.europa.esig.dss.crl.stream.impl.CRLUtilsStreamImplTest" time="0.133">
    <system-out><![CDATA[11:36:54.539 [main] DEBUG eu.europa.esig.dss.crl.stream.impl.CRLParser - TBSCertList -> version : 01
11:36:54.539 [main] DEBUG eu.europa.esig.dss.crl.stream.impl.CRLParser - TBSCertList -> signatureAlgorithm : 06082a8648ce3d040304
11:36:54.540 [main] DEBUG eu.europa.esig.dss.crl.stream.impl.CRLParser - TBSCertList -> issuer : 310b3009060355040613024545311b3019060355040a0c12534b20494420536f6c7574696f6e732041533117301506035504610c0e4e545245452d31303734373031333115301306035504030c0c45452d476f76434132303138
11:36:54.540 [main] DEBUG eu.europa.esig.dss.crl.stream.impl.CRLParser - TBSCertList -> thisUpdate : 3138313232303038333533345a
11:36:54.540 [main] DEBUG eu.europa.esig.dss.crl.stream.impl.CRLParser - TBSCertList -> nextUpdate : 3139303332373038333533345a
11:36:54.541 [main] DEBUG eu.europa.esig.dss.crl.stream.impl.CRLParser - TBSCertList -> revokedCertificates : skipped (length=49)
11:36:54.541 [main] DEBUG eu.europa.esig.dss.crl.stream.impl.CRLParser - TBSCertList -> crlExtensions : 3081a23081930603551d2304818b30818880147e2956e73492784e77e16f2e332a9871c1fd349fa15ea45c305a310b3009060355040613024545311b3019060355040a0c12534b20494420536f6c7574696f6e732041533117301506035504610c0e4e545245452d31303734373031333115301306035504030c0c45452d476f76434132303138821030b3b0957a11d2815b8f9da7991b277b300a0603551d140403020103
11:36:54.541 [main] DEBUG eu.europa.esig.dss.crl.stream.impl.CRLParser - CertificateList -> signatureAlgorithm : 06082a8648ce3d040304
11:36:54.541 [main] DEBUG eu.europa.esig.dss.crl.stream.impl.CRLParser - CertificateList -> signatureValue : 00308188024200f38480bcbdb309dd06ef704d528c79c7ab43604d31daead696de6edb0e88f05c4515478b817c9bf2b90b0f2a0b2a90e98eb52426f355319fda607efcfbc46dcf77024200f541b75ca12bc2c2b66f1193bdf2ddd4bad633682196ed4ed2d579ffcb486acbe968070f72c718cb22149f002189c1584d8f4828040f3a048a9b1babd2cd5be592
11:36:54.541 [main] DEBUG eu.europa.esig.dss.crl.AbstractCRLUtils - issuingDistributionPointBinary is null. Issuing Distribution Point fields in CRLValidity cannot be filled.
]]></system-out>
  </testcase>
  <testcase name="derVsPemEncodedTest" classname="eu.europa.esig.dss.crl.stream.impl.CRLUtilsStreamImplTest" time="0.057">
    <system-out><![CDATA[11:36:54.655 [main] DEBUG eu.europa.esig.dss.crl.stream.impl.CRLParser - TBSCertList -> signatureAlgorithm : 06092a864886f70d01010b0500
11:36:54.656 [main] DEBUG eu.europa.esig.dss.crl.stream.impl.CRLParser - TBSCertList -> issuer : 310b300906035504061302504c310f300d060355040a0c06456e69676d613110300e06035504030c07746573745f6361
11:36:54.656 [main] DEBUG eu.europa.esig.dss.crl.stream.impl.CRLParser - TBSCertList -> thisUpdate : 3230303431313131333832305a
11:36:54.657 [main] DEBUG eu.europa.esig.dss.crl.stream.impl.CRLParser - TBSCertList -> nextUpdate : 32313230303331383131333832305a
11:36:54.667 [main] DEBUG eu.europa.esig.dss.crl.stream.impl.CRLParser - CertificateList -> signatureAlgorithm : 06092a864886f70d01010b0500
11:36:54.667 [main] DEBUG eu.europa.esig.dss.crl.stream.impl.CRLParser - CertificateList -> signatureValue : 00b4a3f7eb2a6e4d6ec3a695986682445cac6d3a62209cce257eec12245c69e2b77ecbee1f4815352fd83119d0f7f020b3446ea7183f49c78d0ac89ec0c172729bafa1c8f0d5aa5675af6fb4294b7e5176252d3cff941af6a972125dca5ab314e24d3536633331d3c4b823b15b3c64aadf3f758ee1620bade0dbbaa85853caa29f1ae0602b6064a0f7d3d9b074cc23790d34d6dbe980fc1b63c08d9c40366ca638a5760abae7e16df4d8ed15889145866fa1746b6c94e0c7fb840ed922b5a3bc58f78b1fd8863651660f83e1bee40b41b0f2a03134650652d8f3897dff7b7cf0ceae2d0e6890de94ad3e57747324ef674d64fa262ec42b026e7b5de5df8eaf2cb1
11:36:54.669 [main] DEBUG eu.europa.esig.dss.crl.AbstractCRLUtils - issuingDistributionPointBinary is null. Issuing Distribution Point fields in CRLValidity cannot be filled.
11:36:54.688 [main] DEBUG eu.europa.esig.dss.crl.stream.impl.CRLParser - TBSCertList -> signatureAlgorithm : 06092a864886f70d01010b0500
11:36:54.688 [main] DEBUG eu.europa.esig.dss.crl.stream.impl.CRLParser - TBSCertList -> issuer : 310b300906035504061302504c310f300d060355040a0c06456e69676d613110300e06035504030c07746573745f6361
11:36:54.689 [main] DEBUG eu.europa.esig.dss.crl.stream.impl.CRLParser - TBSCertList -> thisUpdate : 3230303431313131333832305a
11:36:54.689 [main] DEBUG eu.europa.esig.dss.crl.stream.impl.CRLParser - TBSCertList -> nextUpdate : 32313230303331383131333832305a
11:36:54.690 [main] DEBUG eu.europa.esig.dss.crl.stream.impl.CRLParser - CertificateList -> signatureAlgorithm : 06092a864886f70d01010b0500
11:36:54.690 [main] DEBUG eu.europa.esig.dss.crl.stream.impl.CRLParser - CertificateList -> signatureValue : 00b4a3f7eb2a6e4d6ec3a695986682445cac6d3a62209cce257eec12245c69e2b77ecbee1f4815352fd83119d0f7f020b3446ea7183f49c78d0ac89ec0c172729bafa1c8f0d5aa5675af6fb4294b7e5176252d3cff941af6a972125dca5ab314e24d3536633331d3c4b823b15b3c64aadf3f758ee1620bade0dbbaa85853caa29f1ae0602b6064a0f7d3d9b074cc23790d34d6dbe980fc1b63c08d9c40366ca638a5760abae7e16df4d8ed15889145866fa1746b6c94e0c7fb840ed922b5a3bc58f78b1fd8863651660f83e1bee40b41b0f2a03134650652d8f3897dff7b7cf0ceae2d0e6890de94ad3e57747324ef674d64fa262ec42b026e7b5de5df8eaf2cb1
11:36:54.691 [main] DEBUG eu.europa.esig.dss.crl.AbstractCRLUtils - issuingDistributionPointBinary is null. Issuing Distribution Point fields in CRLValidity cannot be filled.
11:36:54.692 [main] DEBUG eu.europa.esig.dss.crl.stream.impl.CRLParser - Should only contain SEQUENCEs : tagNo = 6 (ignored)
11:36:54.692 [main] DEBUG eu.europa.esig.dss.crl.stream.impl.CRLParser - Should only contain SEQUENCEs : tagNo = 6 (ignored)
]]></system-out>
  </testcase>
  <testcase name="testPE" classname="eu.europa.esig.dss.crl.stream.impl.CRLUtilsStreamImplTest" time="0.054">
    <system-out><![CDATA[11:36:54.723 [main] DEBUG eu.europa.esig.dss.crl.stream.impl.CRLParser - TBSCertList -> version : 01
11:36:54.724 [main] DEBUG eu.europa.esig.dss.crl.stream.impl.CRLParser - TBSCertList -> signatureAlgorithm : 06092a864886f70d01010b0500
11:36:54.725 [main] DEBUG eu.europa.esig.dss.crl.stream.impl.CRLParser - TBSCertList -> issuer : 310b3009060355040613025045313c303a060355040a0c33526567697374726f204e6163696f6e616c206465204964656e7469666963616369c3b36e20792045737461646f20436976696c31273025060355040b0c1e52454e4945432043657274696669636174696f6e20417574686f726974793126302406035504030c1d52454e49454320436c61737320494920486967682047726164652043413119301706035504050c105255433a203230323935363133363230
11:36:54.728 [main] DEBUG eu.europa.esig.dss.crl.stream.impl.CRLParser - TBSCertList -> thisUpdate : 3139313232303035303033385a
11:36:54.729 [main] DEBUG eu.europa.esig.dss.crl.stream.impl.CRLParser - TBSCertList -> nextUpdate : 3139313232313035303033385a
11:36:54.731 [main] DEBUG eu.europa.esig.dss.crl.stream.impl.CRLParser - TBSCertList -> revokedCertificates : skipped (length=680913)
11:36:54.731 [main] DEBUG eu.europa.esig.dss.crl.stream.impl.CRLParser - TBSCertList -> crlExtensions : 302e301f0603551d23041830168014edde7c4b32741e3c5882b220beac25fa5d558086300b0603551d140404020207f5
11:36:54.731 [main] DEBUG eu.europa.esig.dss.crl.stream.impl.CRLParser - CertificateList -> signatureAlgorithm : 06092a864886f70d01010b0500
11:36:54.732 [main] DEBUG eu.europa.esig.dss.crl.stream.impl.CRLParser - CertificateList -> signatureValue : 0091dd8493d27f90191994d63dec6f0521180ad3d9059feb0a09ea768e5bc5a32274f69fa94c7b7990c2849ad51cd51ca5f4814aa30b586c5f8794cb912abee9a6bed3a1e93f71197b87d12e9a715ecb71fae84b53c36b99a632f8d46600b6943442950a47c2de1bf7b22aceac3f1de937f9c60980cc871799d57d74078d47c676de058d058be5c6738b69184abd976dab0f39f4ab048e89748d8e80140257cd084fe2bff3acdff89a14ddd2058e909813a2b062b3dadd325940600d36454c45267f8826d0ad6d5bde8fa9320ad3f5691ffdd48b3fc94dda4c57faf5add0045963f62f662a93cf604487766a0cec2f0ea3504d2d7610890a1de7f7cf3185a64b53480f55b1a6ea536462dc347cc47c5b6ec350f4f4a06b3b6ed5b66f75a1690ab00bd56796dabbf628eb927a3a5db4da350227b6b990e6f396a13b902117a30510fc770d6bd3ad8855e31643f74e217e03e92141fed629474b2e8a07d66c927b7aca27285c4f1f493d2c5a10452f1842197f17dbd1f1623054e9664210d8170684c29b2317cfd21744105a128054fd8753368c5646e303ece1c167c15a8a3594823f2e1cb09a995e3a070a19e8124ba974ffd3ffb60a9c0a7aa97facc0a8d7768ffa5d9430428371717dd668e1feb1c179c0e97ffa91d8e443f6705cc1ec9665ff3c1cab57b7b907b3d3b63133e16c154ccf8f454560c8d3474dcbdea6f411201c
11:36:54.733 [main] DEBUG eu.europa.esig.dss.crl.AbstractCRLUtils - issuingDistributionPointBinary is null. Issuing Distribution Point fields in CRLValidity cannot be filled.
]]></system-out>
  </testcase>
  <testcase name="testUA" classname="eu.europa.esig.dss.crl.stream.impl.CRLUtilsStreamImplTest" time="0.053">
    <system-out><![CDATA[11:36:54.758 [main] DEBUG eu.europa.esig.dss.crl.stream.impl.CRLParser - TBSCertList -> version : 01
11:36:54.759 [main] DEBUG eu.europa.esig.dss.crl.stream.impl.CRLParser - TBSCertList -> signatureAlgorithm : 06082a8648ce3d040302
11:36:54.760 [main] DEBUG eu.europa.esig.dss.crl.stream.impl.CRLParser - TBSCertList -> issuer : 3120301e060355040a0c17537461746520656e746572707269736520224e414953223120301e060355040b0c1743657274696669636174696f6e20417574686f726974793125302306035504030c1c4341206f6620746865204a757374696365206f6620556b7261696e653119301706035504050c1055412d33393738373030382d31323137310b3009060355040613025541310d300b06035504070c044b7969763117301506035504610c0e4e545255412d3339373837303038
11:36:54.761 [main] DEBUG eu.europa.esig.dss.crl.stream.impl.CRLParser - TBSCertList -> thisUpdate : 3139303532383139313733375a
11:36:54.762 [main] DEBUG eu.europa.esig.dss.crl.stream.impl.CRLParser - TBSCertList -> nextUpdate : 3139303630343139313733375a
11:36:54.763 [main] DEBUG eu.europa.esig.dss.crl.stream.impl.CRLParser - TBSCertList -> revokedCertificates : skipped (length=19434)
11:36:54.763 [main] DEBUG eu.europa.esig.dss.crl.stream.impl.CRLParser - TBSCertList -> crlExtensions : 308189300c0603551d140405020300ba94304c0603551d2e044530433041a03fa03d863b687474703a2f2f63612e696e666f726d6a7573742e75612f646f776e6c6f61642f63726c732f43412d35333538414134352d44656c74612e63726c302b0603551d230424302280205358aa45490330140f405e96f6e6bf7b059cbfb6000000000000000000000000
11:36:54.763 [main] DEBUG eu.europa.esig.dss.crl.stream.impl.CRLParser - CertificateList -> signatureAlgorithm : 06082a8648ce3d040302
11:36:54.764 [main] DEBUG eu.europa.esig.dss.crl.stream.impl.CRLParser - CertificateList -> signatureValue : 00304402202d281e9f380fecb787d5b5d390868b574250889643f5d4ddb20eb98662b3c6d102201187c7720c267f9a2840ccc1473820b4ae1b86f18a5622e68f2a979bbd7c7545
11:36:54.764 [main] DEBUG eu.europa.esig.dss.crl.AbstractCRLUtils - issuingDistributionPointBinary is null. Issuing Distribution Point fields in CRLValidity cannot be filled.
]]></system-out>
  </testcase>
  <testcase name="testECDSAwithRSACert" classname="eu.europa.esig.dss.crl.stream.impl.CRLUtilsStreamImplTest" time="0.105">
    <system-out><![CDATA[11:36:54.821 [main] DEBUG eu.europa.esig.dss.crl.stream.impl.CRLParser - TBSCertList -> version : 01
11:36:54.822 [main] DEBUG eu.europa.esig.dss.crl.stream.impl.CRLParser - TBSCertList -> signatureAlgorithm : 06082a8648ce3d040304
11:36:54.823 [main] DEBUG eu.europa.esig.dss.crl.stream.impl.CRLParser - TBSCertList -> issuer : 310b3009060355040613024545311b3019060355040a0c12534b20494420536f6c7574696f6e732041533117301506035504610c0e4e545245452d31303734373031333115301306035504030c0c45452d476f76434132303138
11:36:54.829 [main] DEBUG eu.europa.esig.dss.crl.stream.impl.CRLParser - TBSCertList -> thisUpdate : 3138313232303038333533345a
11:36:54.830 [main] DEBUG eu.europa.esig.dss.crl.stream.impl.CRLParser - TBSCertList -> nextUpdate : 3139303332373038333533345a
11:36:54.833 [main] DEBUG eu.europa.esig.dss.crl.stream.impl.CRLParser - TBSCertList -> revokedCertificates : skipped (length=49)
11:36:54.834 [main] DEBUG eu.europa.esig.dss.crl.stream.impl.CRLParser - TBSCertList -> crlExtensions : 3081a23081930603551d2304818b30818880147e2956e73492784e77e16f2e332a9871c1fd349fa15ea45c305a310b3009060355040613024545311b3019060355040a0c12534b20494420536f6c7574696f6e732041533117301506035504610c0e4e545245452d31303734373031333115301306035504030c0c45452d476f76434132303138821030b3b0957a11d2815b8f9da7991b277b300a0603551d140403020103
11:36:54.834 [main] DEBUG eu.europa.esig.dss.crl.stream.impl.CRLParser - CertificateList -> signatureAlgorithm : 06082a8648ce3d040304
11:36:54.834 [main] DEBUG eu.europa.esig.dss.crl.stream.impl.CRLParser - CertificateList -> signatureValue : 00308188024200f38480bcbdb309dd06ef704d528c79c7ab43604d31daead696de6edb0e88f05c4515478b817c9bf2b90b0f2a0b2a90e98eb52426f355319fda607efcfbc46dcf77024200f541b75ca12bc2c2b66f1193bdf2ddd4bad633682196ed4ed2d579ffcb486acbe968070f72c718cb22149f002189c1584d8f4828040f3a048a9b1babd2cd5be592
11:36:54.835 [main] DEBUG eu.europa.esig.dss.crl.AbstractCRLUtils - issuingDistributionPointBinary is null. Issuing Distribution Point fields in CRLValidity cannot be filled.
11:36:54.909 [main] WARN eu.europa.esig.dss.crl.stream.impl.CRLUtilsStreamImpl - CRL Signature cannot be validated : No installed provider supports this key: sun.security.rsa.RSAPublicKeyImpl
]]></system-out>
  </testcase>
  <testcase name="retrieveRevocation" classname="eu.europa.esig.dss.crl.stream.impl.CRLUtilsStreamImplTest" time="0.118">
    <system-out><![CDATA[11:36:54.930 [main] DEBUG eu.europa.esig.dss.crl.stream.impl.CRLParser - TBSCertList -> version : 01
11:36:54.931 [main] DEBUG eu.europa.esig.dss.crl.stream.impl.CRLParser - TBSCertList -> signatureAlgorithm : 06092a864886f70d01010b0500
11:36:54.932 [main] DEBUG eu.europa.esig.dss.crl.stream.impl.CRLParser - TBSCertList -> issuer : 310b300906035504061302424531193017060355040a1310476c6f62616c5369676e206e762d7361313330310603550403132a476c6f62616c5369676e20506572736f6e616c5369676e2032204341202d20534841323536202d204732
11:36:54.932 [main] DEBUG eu.europa.esig.dss.crl.stream.impl.CRLParser - TBSCertList -> thisUpdate : 3136303431373233303030305a
11:36:54.934 [main] DEBUG eu.europa.esig.dss.crl.stream.impl.CRLParser - TBSCertList -> nextUpdate : 3136303432343233303030305a
11:36:54.935 [main] DEBUG eu.europa.esig.dss.crl.stream.impl.CRLParser - TBSCertList -> revokedCertificates : skipped (length=504642)
11:36:54.935 [main] DEBUG eu.europa.esig.dss.crl.stream.impl.CRLParser - TBSCertList -> crlExtensions : 302f300c0603551d140405020300e304301f0603551d230418301680143f6c57449e579f7dfd6839cbb9f11ae4b9765038
11:36:54.936 [main] DEBUG eu.europa.esig.dss.crl.stream.impl.CRLParser - CertificateList -> signatureAlgorithm : 06092a864886f70d01010b0500
11:36:54.936 [main] DEBUG eu.europa.esig.dss.crl.stream.impl.CRLParser - CertificateList -> signatureValue : 001a56e9be597ec5f324a06383f56044c0f794044a8e181c4737f38524b4879cc341e49f19730c1feb3116956cb2415597f73e75186f46785d3dde6ad4b267d03b94bdca4ddf05d5552d25e992b3726a79e6b93101df4789f4a75bc9af654bc211fa1ff113bf103a82742845f42b61d1453fe129db406c3010b372987d93f93966572560db230ce51d35536e1fafa37eafcb6018925cbca75135eb0fafa2e09fdf7698c1c54ad4b1fe2cd5b2afa182adec5dbc653eac493f0f575546df048a2f5aced6e19f8084ed2aef973ef031ad319c8da75907c573de1292ea6994e657d86d2ed119bebe5fbbb57c3591c9a9421de7243dcf6312e41b59dc81f1840c21eb1c
11:36:54.936 [main] DEBUG eu.europa.esig.dss.crl.AbstractCRLUtils - issuingDistributionPointBinary is null. Issuing Distribution Point fields in CRLValidity cannot be filled.
11:36:55.031 [main] DEBUG eu.europa.esig.dss.crl.stream.impl.CRLParser - Should only contain SEQUENCEs : tagNo = 0 (ignored)
]]></system-out>
  </testcase>
  <testcase name="loopIssue2" classname="eu.europa.esig.dss.crl.stream.impl.CRLUtilsStreamImplTest" time="0.007">
    <system-out><![CDATA[11:36:55.037 [main] DEBUG eu.europa.esig.dss.crl.stream.impl.CRLParser - TBSCertList -> version : 01
11:36:55.037 [main] DEBUG eu.europa.esig.dss.crl.stream.impl.CRLParser - TBSCertList -> signatureAlgorithm : 06092a864886f70d01010b0500
11:36:55.038 [main] DEBUG eu.europa.esig.dss.crl.stream.impl.CRLParser - TBSCertList -> issuer : 310b300906035504061302435a31173015060355040a0c0e654964656e7469747920612e732e313c303a060355040b0c33416b72656469746f76616ec3bd20706f736b79746f766174656c20636572746966696b61c48d6ec3ad636820736c75c5be6562312f302d06035504070c2656696e6f68726164736bc3a1203138342f323339362c203133302030302c20507261686120333164306206035504030c5b41434165494432202d205175616c696669656420526f6f7420436572746966696361746520286b76616c6966696b6f76616ec3bd2073797374c3a96d6f76c3bd20636572746966696bc3a174206b6fc599656e6f76c3a920434129
11:36:55.039 [main] DEBUG eu.europa.esig.dss.crl.stream.impl.CRLParser - TBSCertList -> thisUpdate : 3136303432323230333032335a
11:36:55.039 [main] DEBUG eu.europa.esig.dss.crl.stream.impl.CRLParser - TBSCertList -> nextUpdate : 3136303632323230333032335a
11:36:55.040 [main] DEBUG eu.europa.esig.dss.crl.stream.impl.CRLParser - TBSCertList -> revokedCertificates : skipped (length=148)
11:36:55.040 [main] DEBUG eu.europa.esig.dss.crl.stream.impl.CRLParser - TBSCertList -> crlExtensions : 302d301f0603551d2304183016801495fe23502fca6370d3c0c125122172c5bae69e5d300a0603551d140403020162
11:36:55.040 [main] DEBUG eu.europa.esig.dss.crl.stream.impl.CRLParser - CertificateList -> signatureAlgorithm : 06092a864886f70d01010b0500
11:36:55.040 [main] DEBUG eu.europa.esig.dss.crl.stream.impl.CRLParser - CertificateList -> signatureValue : 0066c81fa3e03581b09a24dcdac2fdf6d5ea21929a7142943d881f5b07ce7d6da7930ed90d4b611188ebcec58354b0ef3dda5b153e41b16f9490bbe18cb390b4c9fc38b4931a4e813171ffaa9cc01b9a669d03c7b7286e39ae5fb337b7468c720d1ac12419c4fd0ae55922973cae36063eecc3e75a08b98db0c348a177b2e0e97c17b1df7ce1c9481fa547b0e23057d3535ea1a6e2999c0526f46101e6f527e889303b19481e4ac71867d24c54fdcce379dcd03a5df061d6bf18775c93276ec9ae50ed302db8f2d8c1557d535fd00f975f7e3686eee4b94a993ba3b4965a74823a070368f5b3186511453cb378366369ca706ca949a76ed0c0aeca1fbe37d3226e
11:36:55.040 [main] DEBUG eu.europa.esig.dss.crl.AbstractCRLUtils - issuingDistributionPointBinary is null. Issuing Distribution Point fields in CRLValidity cannot be filled.
11:36:55.041 [main] DEBUG eu.europa.esig.dss.crl.stream.impl.CRLParser - Should only contain SEQUENCEs : tagNo = 0 (ignored)
]]></system-out>
  </testcase>
  <testcase name="isValidCRLWrongCertificate" classname="eu.europa.esig.dss.crl.stream.impl.CRLUtilsStreamImplTest" time="0.013">
    <system-out><![CDATA[11:36:55.053 [main] DEBUG eu.europa.esig.dss.crl.stream.impl.CRLParser - TBSCertList -> signatureAlgorithm : 06092a864886f70d0101050500
11:36:55.054 [main] DEBUG eu.europa.esig.dss.crl.stream.impl.CRLParser - TBSCertList -> issuer : 310b3009060355040613024245311930170603550403131042656c6769756d20526f6f7420434132
11:36:55.055 [main] DEBUG eu.europa.esig.dss.crl.stream.impl.CRLParser - TBSCertList -> thisUpdate : 3133303731313131303030305a
11:36:55.055 [main] DEBUG eu.europa.esig.dss.crl.stream.impl.CRLParser - TBSCertList -> nextUpdate : 3134303133313131303030305a
11:36:55.055 [main] DEBUG eu.europa.esig.dss.crl.stream.impl.CRLParser - CertificateList -> signatureAlgorithm : 06092a864886f70d0101050500
11:36:55.055 [main] DEBUG eu.europa.esig.dss.crl.stream.impl.CRLParser - CertificateList -> signatureValue : 002559d78e12a24217507a4adf992070839dc0526d3bab446b0a337bd1297c8d90007b9990a01e5b5ed1683a9805f6cc419d1067e3f7d0de6bf795cde31e1140407d55ef0c42f71d006a2ea228b00750af2d036792e1d261afc096024953c6bd2773866f38fe2b054f9d963e7d603d2418359cdc616b135192fdcc695378dfb5e19104e26a507ad073df1611098613806703cdb06f9cf6658bf42ac8628ac9cbb9216375e2bee2327d034da56601611ac118aeefdfb6b916927805b81007203f515d5297a635ddf9904419e15fce75539c2539eec94df63decbba2b083b2366106942183aa9f7a16fea055dc5b0fd538e72cc835c6e194a37f73c8e04e6bdc36ce
11:36:55.055 [main] DEBUG eu.europa.esig.dss.crl.AbstractCRLUtils - issuingDistributionPointBinary is null. Issuing Distribution Point fields in CRLValidity cannot be filled.
]]></system-out>
  </testcase>
  <testcase name="testGetExpiredCertsOnCRLUTCTime" classname="eu.europa.esig.dss.crl.stream.impl.CRLUtilsStreamImplTest" time="0.045">
    <system-out><![CDATA[11:36:55.077 [main] DEBUG eu.europa.esig.dss.crl.stream.impl.CRLParser - TBSCertList -> version : 01
11:36:55.078 [main] DEBUG eu.europa.esig.dss.crl.stream.impl.CRLParser - TBSCertList -> signatureAlgorithm : 06092a864886f70d01010b0500
11:36:55.081 [main] DEBUG eu.europa.esig.dss.crl.stream.impl.CRLParser - TBSCertList -> issuer : 310b3009060355040613024652311b3019060355040a0c124368616d6265725369676e204672616e636531173015060355040b0c0e3030303220343333373032343739312b302906035504030c224368616d6265725369676e204672616e6365202d204143203220c3a9746f696c6573
11:36:55.085 [main] DEBUG eu.europa.esig.dss.crl.stream.impl.CRLParser - TBSCertList -> thisUpdate : 3137303932303039303030305a
11:36:55.089 [main] DEBUG eu.europa.esig.dss.crl.stream.impl.CRLParser - TBSCertList -> nextUpdate : 3137303932343039303030305a
11:36:55.090 [main] DEBUG eu.europa.esig.dss.crl.stream.impl.CRLParser - TBSCertList -> revokedCertificates : skipped (length=415103)
11:36:55.090 [main] DEBUG eu.europa.esig.dss.crl.stream.impl.CRLParser - TBSCertList -> crlExtensions : 3046300b0603551d14040402027a7e30160603551d3c040f170d3230313231303136303230305a301f0603551d23041830168014936376db9b21c859f8303cccf255b9d5a13494d4
11:36:55.091 [main] DEBUG eu.europa.esig.dss.crl.stream.impl.CRLParser - CertificateList -> signatureAlgorithm : 06092a864886f70d01010b0500
11:36:55.091 [main] DEBUG eu.europa.esig.dss.crl.stream.impl.CRLParser - CertificateList -> signatureValue : 0061f7f82792647c70b24c1d9f8bf948e2a3aaeae993e000fda67df168eb43683e570339b0b0b2b965a7e3aec89e8970e06a2a76e5711e67a8bb29c553a1ac0448f7fd1d4c468936ecd631d579ccaf2e343df6fbe72ea8ce00800362176d328f8ff6e00df261bbe86c427d8cb6b319916da757ce2c952f4940404c490558bfc0eae348448bdba9ec1ec24efcd826a9ce16dff64aed83365459fa569d110579c91425e2da03b6d876c0ae73eac28829dc7a577e8096c98ec163a03ca0c535e19d44217612a05258c37bb85e4d93a7e093359ad545817d205f153065fc4fe870370955f82a18403fce6d2f7b5b407c74f91efece1ff0b4b9f74eab42f7856e15c00c102195820683f6fcb79e8850c5f7f37095a70b6a5b2e856659d7f500754fffc2c40c7586e7a2d47cb287239cf2792ca2d41799103cdfc6b6ebbc8b167d564587ce60e4ccdd2d50da810fa7c311f72d5b7c777259c7a0a9692ac40524bf56a092609c28e571cb1c49a52e70b1829cf3bae4a20d9737b6085d0e4a52ad8ad6a53406eadeaa833a0f2b7671e87665a9ef989b0fd1b2df1e55911b369e085b9bd2cc844c9d318e4cd804f05af730963de90945c913814b02541575b94a0ef7270aab2f97fc5e13e5440574b7459d37b0b7b573106ad079b77d1bda6317450586ebdaa44f454bcd932f5ad8142a267131ec091f7f2b5ad72aed7114d0996b57971749
11:36:55.092 [main] DEBUG eu.europa.esig.dss.crl.AbstractCRLUtils - issuingDistributionPointBinary is null. Issuing Distribution Point fields in CRLValidity cannot be filled.
11:36:55.092 [main] WARN eu.europa.esig.dss.crl.AbstractCRLUtils - Attribute 'expiredCertsOnCRL' found but ignored (should be encoded as ASN.1 GeneralizedTime)
11:36:55.105 [main] WARN eu.europa.esig.dss.crl.stream.impl.CRLUtilsStreamImpl - CRL Signature cannot be validated : Signature length not correct: got 512 but was expecting 256
]]></system-out>
  </testcase>
  <testcase name="testRealNot" classname="eu.europa.esig.dss.crl.stream.impl.CRLUtilsStreamImplTest" time="0.014">
    <system-out><![CDATA[11:36:55.116 [main] DEBUG eu.europa.esig.dss.crl.stream.impl.CRLParser - TBSCertList -> version : 01
11:36:55.116 [main] DEBUG eu.europa.esig.dss.crl.stream.impl.CRLParser - TBSCertList -> signatureAlgorithm : 06092a864886f70d01010b0500
11:36:55.116 [main] DEBUG eu.europa.esig.dss.crl.stream.impl.CRLParser - TBSCertList -> issuer : 310b300906035504061302465231263024060355040a0c1d434f4e5345494c20535550455249455552204455204e4f54415249415431173015060355040b0c0e30303032203738343335303133343113301106035504030c0a5245414c545332303139
11:36:55.117 [main] DEBUG eu.europa.esig.dss.crl.stream.impl.CRLParser - TBSCertList -> thisUpdate : 3135303331383233303031375a
11:36:55.117 [main] DEBUG eu.europa.esig.dss.crl.stream.impl.CRLParser - TBSCertList -> nextUpdate : 3135303331393233303031375a
11:36:55.118 [main] DEBUG eu.europa.esig.dss.crl.stream.impl.CRLParser - TBSCertList -> crlExtensions : 302d301f0603551d23041830168014a572f597caf5004f6600757de892bd264c4085c3300a0603551d140403020111
11:36:55.118 [main] DEBUG eu.europa.esig.dss.crl.stream.impl.CRLParser - CertificateList -> signatureAlgorithm : 06092a864886f70d01010b0500
11:36:55.118 [main] DEBUG eu.europa.esig.dss.crl.stream.impl.CRLParser - CertificateList -> signatureValue : 001d71d77a1d5e4af8777e6cd578b87c7951c6c933c71b6b2b87260c044344779e3142376c71c8863b982209d71e0eb1eb5ec23f5d995c71df43c731d78565bb477a6fe492d684c46e8309519d595853628ce90349f3ddb53f37672877aff055bd2e2b7ca74f60dde63a8c22741dabfa637923fff0a3a6fc7e49604a227fa0dd04ce4c4aafb6deaeb9f726b30c204683acd5e70fc430b80b7ada1b170f5c37c6c0aca7e0b3924b5d60703654ccd49aa68d2487480abe144f7e0512202ec3223b402364c8f565fefcdc55c907691bd8d2709bb4f0cf011d78cd909845400050d6d2ee2d3aebd6cd493bc5955c1fea5bafccb0a2920b9ec8e3324739732641f17bf9
11:36:55.119 [main] DEBUG eu.europa.esig.dss.crl.AbstractCRLUtils - issuingDistributionPointBinary is null. Issuing Distribution Point fields in CRLValidity cannot be filled.
]]></system-out>
  </testcase>
  <testcase name="testHugeCRL" classname="eu.europa.esig.dss.crl.stream.impl.CRLUtilsStreamImplTest" time="1.69">
    <system-out><![CDATA[11:36:55.925 [main] DEBUG eu.europa.esig.dss.crl.stream.impl.CRLParser - TBSCertList -> version : 01
11:36:55.926 [main] DEBUG eu.europa.esig.dss.crl.stream.impl.CRLParser - TBSCertList -> signatureAlgorithm : 06092a864886f70d01010b0500
11:36:55.926 [main] DEBUG eu.europa.esig.dss.crl.stream.impl.CRLParser - TBSCertList -> issuer : 310b300906035504061302454531223020060355040a0c19415320536572746966697473656572696d69736b65736b75733117301506035504030c0e4553544549442d534b20323031313118301606092a864886f70d0109011609706b6940736b2e6565
11:36:55.930 [main] DEBUG eu.europa.esig.dss.crl.stream.impl.CRLParser - TBSCertList -> thisUpdate : 3137303632383230323335335a
11:36:55.930 [main] DEBUG eu.europa.esig.dss.crl.stream.impl.CRLParser - TBSCertList -> nextUpdate : 3137303632393038323335335a
11:36:55.930 [main] DEBUG eu.europa.esig.dss.crl.stream.impl.CRLParser - TBSCertList -> revokedCertificates : skipped (length=68195710)
11:36:55.930 [main] DEBUG eu.europa.esig.dss.crl.stream.impl.CRLParser - TBSCertList -> crlExtensions : 306e300b0603551d140404020214cb301f0603551d230418301680147b6af255505cb8d97a088741aefaa22b3d5b5776303e0603551d1c04373035a033a031862f687474703a2f2f7777772e736b2e65652f7265706f7369746f72792f63726c732f657374656964323031312e63726c
11:36:55.931 [main] DEBUG eu.europa.esig.dss.crl.stream.impl.CRLParser - CertificateList -> signatureAlgorithm : 06092a864886f70d01010b0500
11:36:55.931 [main] DEBUG eu.europa.esig.dss.crl.stream.impl.CRLParser - CertificateList -> signatureValue : 00a64722ec3685353f7202971960e280f6b808a9f6aa2b253680d12ebccefced7d65439fd5f62b2422062f7f1250ed11729a64291f7eacbeea8e1f56ee2440555e5a36f8589f9ff27519b0ce6b446f4a6a42c5e0fed469577286ed3fa00da72b066f246727bf2a114a3fa9ea5436abc59a66fb896fb07d8a7085b7063da510a708ba265ec724b758ae25339197895b45836c3c3e735748280dacf5e1cc55b97b491fd34a3e366f85753a36f087a15f5675a766a0bfd77ecfbdd580d9d76bac82c303c6d6dbba5117428fbe4702ba7d7277403d4c345e714d26f546ea0b4c91dbba8a682d28f9506f3b55689facff6e87a613320ccc195883cc587e0b16b1d39776
11:36:55.931 [main] DEBUG eu.europa.esig.dss.crl.AbstractCRLUtils - issuingDistributionPointBinary is null. Issuing Distribution Point fields in CRLValidity cannot be filled.
11:36:56.811 [main] DEBUG eu.europa.esig.dss.crl.stream.impl.CRLParser - Should only contain SEQUENCEs : tagNo = 0 (ignored)
]]></system-out>
  </testcase>
  <testcase name="incompleteCRL" classname="eu.europa.esig.dss.crl.stream.impl.CRLUtilsStreamImplTest" time="0.002"/>
  <testcase name="isValidPEMCRL" classname="eu.europa.esig.dss.crl.stream.impl.CRLUtilsStreamImplTest" time="0.004">
    <system-out><![CDATA[11:36:56.818 [main] DEBUG eu.europa.esig.dss.crl.stream.impl.CRLParser - TBSCertList -> signatureAlgorithm : 06092a864886f70d0101050500
11:36:56.818 [main] DEBUG eu.europa.esig.dss.crl.stream.impl.CRLParser - TBSCertList -> issuer : 310b3009060355040613024245311930170603550403131042656c6769756d20526f6f7420434132
11:36:56.819 [main] DEBUG eu.europa.esig.dss.crl.stream.impl.CRLParser - TBSCertList -> thisUpdate : 3133303731313131303030305a
11:36:56.819 [main] DEBUG eu.europa.esig.dss.crl.stream.impl.CRLParser - TBSCertList -> nextUpdate : 3134303133313131303030305a
11:36:56.819 [main] DEBUG eu.europa.esig.dss.crl.stream.impl.CRLParser - CertificateList -> signatureAlgorithm : 06092a864886f70d0101050500
11:36:56.819 [main] DEBUG eu.europa.esig.dss.crl.stream.impl.CRLParser - CertificateList -> signatureValue : 002559d78e12a24217507a4adf992070839dc0526d3bab446b0a337bd1297c8d90007b9990a01e5b5ed1683a9805f6cc419d1067e3f7d0de6bf795cde31e1140407d55ef0c42f71d006a2ea228b00750af2d036792e1d261afc096024953c6bd2773866f38fe2b054f9d963e7d603d2418359cdc616b135192fdcc695378dfb5e19104e26a507ad073df1611098613806703cdb06f9cf6658bf42ac8628ac9cbb9216375e2bee2327d034da56601611ac118aeefdfb6b916927805b81007203f515d5297a635ddf9904419e15fce75539c2539eec94df63decbba2b083b2366106942183aa9f7a16fea055dc5b0fd538e72cc835c6e194a37f73c8e04e6bdc36ce
11:36:56.819 [main] DEBUG eu.europa.esig.dss.crl.AbstractCRLUtils - issuingDistributionPointBinary is null. Issuing Distribution Point fields in CRLValidity cannot be filled.
]]></system-out>
  </testcase>
  <testcase name="testPSSwithoutBouncyCastle" classname="eu.europa.esig.dss.crl.stream.impl.CRLUtilsStreamImplTest" time="0">
    <skipped message="Disabled on JRE version: 19.0.2"/>
  </testcase>
  <testcase name="testPSSwithoutBouncyCastleBeforeJDK16" classname="eu.europa.esig.dss.crl.stream.impl.CRLUtilsStreamImplTest" time="0.006"/>
  <testcase name="loopIssue" classname="eu.europa.esig.dss.crl.stream.impl.CRLUtilsStreamImplTest" time="0.014">
    <system-out><![CDATA[11:36:56.840 [main] DEBUG eu.europa.esig.dss.crl.stream.impl.CRLParser - TBSCertList -> version : 01
11:36:56.841 [main] DEBUG eu.europa.esig.dss.crl.stream.impl.CRLParser - TBSCertList -> signatureAlgorithm : 06092a864886f70d01010b0500
11:36:56.841 [main] DEBUG eu.europa.esig.dss.crl.stream.impl.CRLParser - TBSCertList -> issuer : 310b300906035504061302435a312c302a060355040a0c23c48c65736bc3a120706fc5a174612c20732e702e205b49c48c2034373131343938335d3122302006035504031319506f73745369676e756d205175616c69666965642043412032
11:36:56.841 [main] DEBUG eu.europa.esig.dss.crl.stream.impl.CRLParser - TBSCertList -> thisUpdate : 3136303432353132333932325a
11:36:56.842 [main] DEBUG eu.europa.esig.dss.crl.stream.impl.CRLParser - TBSCertList -> nextUpdate : 3136303432363132333932325a
11:36:56.842 [main] DEBUG eu.europa.esig.dss.crl.stream.impl.CRLParser - TBSCertList -> revokedCertificates : skipped (length=138734)
11:36:56.842 [main] DEBUG eu.europa.esig.dss.crl.stream.impl.CRLParser - TBSCertList -> crlExtensions : 308194300c0603551d140405020300bbb43081830603551d23047c307a801489e84cdf8b26393ed7242e120e7ae7e627e5d697a15fa45d305b310b300906035504061302435a312c302a060355040a0c23c48c65736bc3a120706fc5a174612c20732e702e205b49c48c2034373131343938335d311e301c06035504031315506f73745369676e756d20526f6f74205143412032820171
11:36:56.843 [main] DEBUG eu.europa.esig.dss.crl.stream.impl.CRLParser - CertificateList -> signatureAlgorithm : 06092a864886f70d01010b0500
11:36:56.844 [main] DEBUG eu.europa.esig.dss.crl.stream.impl.CRLParser - CertificateList -> signatureValue : 002607c38432d2e3209cc93cf6df9431469639643aafb829907111bd907f7f7e19dfece25cb45e54fc8a338998fb79288dc9ebb77ddcbc94d534054fa583e3014428581312536d4790f4744c7d3168805cc7657672937954e135bfe318bbb8aeb38afe6f95813e302bd2acb51b4253f5a58838bc2a1cb067db02ad1376795d08a09708ad6a8ba797236a40dfab6164fd4d856078885b4f6fdea7a1513b40bd3cb32b9f45bda2ac12349aadd3468d13677b9912f2c372f7becf4847945f3ee98773fbddbe6aadfa39e6afc269a87bb7920cb383ad8cb70f911b7eac87e9bdb31ec5daf553388de8ebe05497cd91054ffc4976d2ec53604ef0ab5c49e0db3179e9af
11:36:56.844 [main] DEBUG eu.europa.esig.dss.crl.AbstractCRLUtils - issuingDistributionPointBinary is null. Issuing Distribution Point fields in CRLValidity cannot be filled.
11:36:56.848 [main] DEBUG eu.europa.esig.dss.crl.stream.impl.CRLParser - Should only contain SEQUENCEs : tagNo = 0 (ignored)
]]></system-out>
  </testcase>
  <testcase name="rsaSHA256" classname="eu.europa.esig.dss.crl.stream.impl.CRLUtilsStreamImplTest" time="0.005">
    <system-out><![CDATA[11:36:56.853 [main] DEBUG eu.europa.esig.dss.crl.stream.impl.CRLParser - TBSCertList -> version : 01
11:36:56.854 [main] DEBUG eu.europa.esig.dss.crl.stream.impl.CRLParser - TBSCertList -> signatureAlgorithm : 06092a864886f70d01010b0500
11:36:56.855 [main] DEBUG eu.europa.esig.dss.crl.stream.impl.CRLParser - TBSCertList -> issuer : 310b3009060355040613024245311930170603550403131042656c6769756d20526f6f7420434132
11:36:56.855 [main] DEBUG eu.europa.esig.dss.crl.stream.impl.CRLParser - TBSCertList -> thisUpdate : 3139303130313131303030305a
11:36:56.856 [main] DEBUG eu.europa.esig.dss.crl.stream.impl.CRLParser - TBSCertList -> nextUpdate : 3139303733313131303030305a
11:36:56.856 [main] DEBUG eu.europa.esig.dss.crl.stream.impl.CRLParser - TBSCertList -> revokedCertificates : skipped (length=455)
11:36:56.856 [main] DEBUG eu.europa.esig.dss.crl.stream.impl.CRLParser - TBSCertList -> crlExtensions : 302d300a0603551d140403020104301f0603551d23041830168014858aebf4c5bbbe0e590394ded6800115e3109c39
11:36:56.856 [main] DEBUG eu.europa.esig.dss.crl.stream.impl.CRLParser - CertificateList -> signatureAlgorithm : 06092a864886f70d01010b0500
11:36:56.856 [main] DEBUG eu.europa.esig.dss.crl.stream.impl.CRLParser - CertificateList -> signatureValue : 007e184574310401fa23ca0cef6118018c8c81082caea6ddb4dd0cd0c172140fa024854e935b2a096ad1ce0d9c087f9d46135bc8b4bc43673f356e2fdd3157b2b7ea50a36990d03a348f4b03432c48022b838d2bb45e5b4b5b14f4e44e2298779f6e1889b5d71e7f2ad1f12c25f8e2e72da0dd599103679913f61cfb3a0e386db772d3003d6867f602d2d41db195067da14371d802a2be61cab39d80787eaae31aa59ed69b5275792cc942bc400da156ab714fb0d28b96ab456503fdb7a9eb7551f2524b47bfd0f27fe5e39baf270f26bbac65bb9ff2ef08b24c63371d19dd6df29a1d23e55c3e895429d52ec9f4b94bdf17ba79b2845b541d96eda908109ae87f
11:36:56.857 [main] DEBUG eu.europa.esig.dss.crl.AbstractCRLUtils - issuingDistributionPointBinary is null. Issuing Distribution Point fields in CRLValidity cannot be filled.
]]></system-out>
  </testcase>
  <testcase name="testGetExpiredCertsOnCRL" classname="eu.europa.esig.dss.crl.stream.impl.CRLUtilsStreamImplTest" time="0.035">
    <system-out><![CDATA[11:36:56.865 [main] DEBUG eu.europa.esig.dss.crl.stream.impl.CRLParser - TBSCertList -> version : 01
11:36:56.866 [main] DEBUG eu.europa.esig.dss.crl.stream.impl.CRLParser - TBSCertList -> signatureAlgorithm : 06092a864886f70d01010b0500
11:36:56.867 [main] DEBUG eu.europa.esig.dss.crl.stream.impl.CRLParser - TBSCertList -> issuer : 310b30090603550406130249543131302f060355040a0c2854656c65636f6d204974616c696120547275737420546563686e6f6c6f6769657320532e722e6c2e31223020060355040b0c1953657276697a69206469206365727469666963617a696f6e653123302106035504030c1a544920547275737420546563686e6f6c6f676965732043412031
11:36:56.867 [main] DEBUG eu.europa.esig.dss.crl.stream.impl.CRLParser - TBSCertList -> thisUpdate : 3136303431383130353034325a
11:36:56.867 [main] DEBUG eu.europa.esig.dss.crl.stream.impl.CRLParser - TBSCertList -> nextUpdate : 3136303431393130353034325a
11:36:56.868 [main] DEBUG eu.europa.esig.dss.crl.stream.impl.CRLParser - TBSCertList -> revokedCertificates : skipped (length=13187)
11:36:56.868 [main] DEBUG eu.europa.esig.dss.crl.stream.impl.CRLParser - TBSCertList -> crlExtensions : 307c301f0603551d23041830168014f31766eb4888fbeb5c97e328097567cf4a84ac0e300b0603551d140404020212e430180603551d3c0411180f32303135303531323133343632305a30320603551d1c0101ff04283026a021a01f861d687474703a2f2f63612e7469706b692e69742f54544341312f434450318101ff
11:36:56.868 [main] DEBUG eu.europa.esig.dss.crl.stream.impl.CRLParser - CertificateList -> signatureAlgorithm : 06092a864886f70d01010b0500
11:36:56.868 [main] DEBUG eu.europa.esig.dss.crl.stream.impl.CRLParser - CertificateList -> signatureValue : 0058c65487cb5595f3d3c1dc81d68ea1e11d497f3441ab1221790708837556e79384e8cc1f64ec276bc00a676ffe8be799d5b392d0162c7c11a5ef16534b4901abbb7b156e23832abaa92b6e91c184b5f42e46d28e47015902b01a17650c950b029bf5198c21721fbbc077dd943e02f2fab8bd77a9dac1e29067604f9f4c0101f493a3edd27f14288e0b71b05583765c321cebd257246ef56d99bd37fcae42562988442280974ce1ab5021ba6bcc6ecae7444f0e0179f98ead2866538ea9fdc72c0879a7d0934f871785ddc95dc415ed05b4d8735e28c70a2334d45c4ccd2acdaa4dd9b41d997c0dc977d58ecf525745102689f6a22a54ae558e1237fa0b11e40be545a313e142a20935d03664d69fccb192200da14c24c11c741ba1b2317b8c65de6868b7dcfbf6c73673b2cde5f70d8c0ccb46d166fa0c0c68e36284f8063e7e1f70390dc41822f937f2ca7d92f3740f9179eb899d6f2dc40c0764bc424a10332673578eed6fea36a6b53f8eea30c556f942aa2e6e1c379f63a93c486739ff24ee40af894066a686371a62290d49267630b26a06a4f8939bb27da6af8a8dbeb561eb6abbe51d81277a4c5607d334d7d5d697e8968eecff0b0ed3a37ab3cfd479d7eb683319748be8771efd46dedda522f61cf413653ca44b2aa02a356f81bc21ae2594d21661d35e213d0bbb4dac7cd391a4243c1789f48a6035e78b90b3f86f
11:36:56.896 [main] WARN eu.europa.esig.dss.crl.stream.impl.CRLUtilsStreamImpl - CRL Signature cannot be validated : Signature length not correct: got 512 but was expecting 256
]]></system-out>
  </testcase>
  <testcase name="rsaSHA1" classname="eu.europa.esig.dss.crl.stream.impl.CRLUtilsStreamImplTest" time="0.004">
    <system-out><![CDATA[11:36:56.899 [main] DEBUG eu.europa.esig.dss.crl.stream.impl.CRLParser - TBSCertList -> signatureAlgorithm : 06092a864886f70d0101050500
11:36:56.899 [main] DEBUG eu.europa.esig.dss.crl.stream.impl.CRLParser - TBSCertList -> issuer : 310b3009060355040613024245311930170603550403131042656c6769756d20526f6f7420434132
11:36:56.900 [main] DEBUG eu.europa.esig.dss.crl.stream.impl.CRLParser - TBSCertList -> thisUpdate : 3134303730313131303030305a
11:36:56.900 [main] DEBUG eu.europa.esig.dss.crl.stream.impl.CRLParser - TBSCertList -> nextUpdate : 3135303133313131303030305a
11:36:56.901 [main] DEBUG eu.europa.esig.dss.crl.stream.impl.CRLParser - CertificateList -> signatureAlgorithm : 06092a864886f70d0101050500
11:36:56.901 [main] DEBUG eu.europa.esig.dss.crl.stream.impl.CRLParser - CertificateList -> signatureValue : 00a50aa7fe1076ff65a7c222b4577449883ab1d5d1f1587c86cb11652130b20305d36070378a8d4381e9d7375a7c5fcae1384739dd05b640d5d943bfbc045fcb31686cc0744475ebab834bf085ef0c15cfcbe80eafa3bb9c68a4dd35572ec535c080e372299d96a5f473c841f6f6132adf36ee6141a97b5a2284eeaf0f49c875bc1941f61f0d6f221f9f23e21d9ec0d01e8c3c906a4821708069be61907fe0342cb0e56e8b4fa4053d7db940634c6d1011eedd2f1653044801a30ab96b1bfddd00577b48fec4e5d9f7bb65536889e756ec2d8dc4d77e3388c57a84a3ec070e8044cabf045eb83fa6b12c850ea9d091698a0cbb67a47d84a816e68cde5da8efd6b0
11:36:56.901 [main] DEBUG eu.europa.esig.dss.crl.AbstractCRLUtils - issuingDistributionPointBinary is null. Issuing Distribution Point fields in CRLValidity cannot be filled.
]]></system-out>
  </testcase>
  <testcase name="testLTGRCA" classname="eu.europa.esig.dss.crl.stream.impl.CRLUtilsStreamImplTest" time="0.008">
    <system-out><![CDATA[11:36:56.906 [main] DEBUG eu.europa.esig.dss.crl.stream.impl.CRLParser - TBSCertList -> version : 01
11:36:56.906 [main] DEBUG eu.europa.esig.dss.crl.stream.impl.CRLParser - TBSCertList -> signatureAlgorithm : 06092a864886f70d0101050500
11:36:56.906 [main] DEBUG eu.europa.esig.dss.crl.stream.impl.CRLParser - TBSCertList -> issuer : 310b3009060355040613024c5531163014060355040a130d4c7578547275737420732e612e311d301b060355040313144c7578547275737420476c6f62616c20526f6f74
11:36:56.906 [main] DEBUG eu.europa.esig.dss.crl.stream.impl.CRLParser - TBSCertList -> thisUpdate : 3135303432333135313432385a
11:36:56.907 [main] DEBUG eu.europa.esig.dss.crl.stream.impl.CRLParser - TBSCertList -> nextUpdate : 3135303830313135313932385a
11:36:56.907 [main] DEBUG eu.europa.esig.dss.crl.stream.impl.CRLParser - TBSCertList -> revokedCertificates : skipped (length=140)
11:36:56.907 [main] DEBUG eu.europa.esig.dss.crl.stream.impl.CRLParser - TBSCertList -> crlExtensions : 300c300a0603551d140403020115
11:36:56.907 [main] DEBUG eu.europa.esig.dss.crl.stream.impl.CRLParser - CertificateList -> signatureAlgorithm : 06092a864886f70d0101050500
11:36:56.907 [main] DEBUG eu.europa.esig.dss.crl.stream.impl.CRLParser - CertificateList -> signatureValue : 0099c1175be7737b9f03312f97f2d7108dcfa4a7ec66a4495a985c393571e09e997b50858e6b117ca36cf05c776c1c2ed7ca2f856abcbc710717b26d69843a5fe013f70dc292f956243685b81dd309078313d0963e5e066cdab3bf0a3a41fa389328445ef2913ab07aba5150ad35314c5df383456df9a3b8c4efd7490830c6f7156d5c4fd0186d447a2edc6042f52d3d96bcad6dea7a44ec5e8cbf352c192fbd51df38716d74792991f4164a27cc6f781cfb7ad186d9975c05ea3d4012c668e0b1d2982f6ad43c99eafe19b9083394ef0876ef1bef215aa3142a7de1618e771024075600e50652c78dd7d736d5422f61fe3eb06634fa848479c9226e03f8774075
11:36:56.907 [main] DEBUG eu.europa.esig.dss.crl.AbstractCRLUtils - issuingDistributionPointBinary is null. Issuing Distribution Point fields in CRLValidity cannot be filled.
]]></system-out>
  </testcase>
  <testcase name="rsaSHA1bis" classname="eu.europa.esig.dss.crl.stream.impl.CRLUtilsStreamImplTest" time="0.017">
    <system-out><![CDATA[11:36:56.918 [main] DEBUG eu.europa.esig.dss.crl.stream.impl.CRLParser - TBSCertList -> signatureAlgorithm : 06092a864886f70d0101050500
11:36:56.918 [main] DEBUG eu.europa.esig.dss.crl.stream.impl.CRLParser - TBSCertList -> issuer : 310b3009060355040613024245311930170603550403131042656c6769756d20526f6f7420434133
11:36:56.920 [main] DEBUG eu.europa.esig.dss.crl.stream.impl.CRLParser - TBSCertList -> thisUpdate : 3134303730313131303030305a
11:36:56.923 [main] DEBUG eu.europa.esig.dss.crl.stream.impl.CRLParser - TBSCertList -> nextUpdate : 3135303133313131303030305a
11:36:56.924 [main] DEBUG eu.europa.esig.dss.crl.stream.impl.CRLParser - CertificateList -> signatureAlgorithm : 06092a864886f70d0101050500
11:36:56.924 [main] DEBUG eu.europa.esig.dss.crl.stream.impl.CRLParser - CertificateList -> signatureValue : 00607ca31eb5be90cbd25bd3ac08284bc700e0a15559bdace341154c9a57660482d24538df91a2c8a02838604eb4bf43625ae99790425eb93f1c54eb71f39201ed699692e0c985b3ab88af9f20245c9eaf84834ffe988b3c1a8e5345b6e1afcdabaec630385e97cf778db1a4f838aeb87afbb721109d399312683d1e555b199d3074379def4002d73357c0ee559b050f778c75ac4a055d2215ef5b06acb98c669a6552556cc28407b9330213573b1ba86275ebb183f4c370f92178f91147ae5b2835180cd0f657f496acdac7ed95b51f3d3bf13057382b4e082a2edfc6de3373d7767d2f148b1a0d0269201c8c41ac72a5691208993bd651e213adfddd456fe874f6e621169fa8836a10053e3708996deead560bf2f8061218835d1824f0baf6180fde6ab06c9af847bffa15a261070b20c3a371ae682879f35bf46f1b4f6c38fef57c5b892414455adfc6245929aec93809538d0861e2861086a65e76e65a48bacd73d8440a68f3bdea45dfc537689353defcd5b4a067f40e8b667df192401307184601ad7e94c6b02bc0f058380da5517897c41a8835a76d9741e7ced9c2c909c5c27626c545e40e07e4e915f065b5da05f0c146675a9cd4c7127e9af50b753cd08c9899cfa43ff119210959284a0683707cd63f57d98fbab815a59136b72a2e152ec22d1cd73815156ca90f97dacc00f223dcea911444305c05b037a4a69048
11:36:56.924 [main] DEBUG eu.europa.esig.dss.crl.AbstractCRLUtils - issuingDistributionPointBinary is null. Issuing Distribution Point fields in CRLValidity cannot be filled.
]]></system-out>
  </testcase>
  <testcase name="isValidCRL" classname="eu.europa.esig.dss.crl.stream.impl.CRLUtilsStreamImplTest" time="0.016">
    <system-out><![CDATA[11:36:56.939 [main] DEBUG eu.europa.esig.dss.crl.stream.impl.CRLParser - TBSCertList -> signatureAlgorithm : 06092a864886f70d0101050500
11:36:56.940 [main] DEBUG eu.europa.esig.dss.crl.stream.impl.CRLParser - TBSCertList -> issuer : 310b3009060355040613024245311930170603550403131042656c6769756d20526f6f7420434132
11:36:56.940 [main] DEBUG eu.europa.esig.dss.crl.stream.impl.CRLParser - TBSCertList -> thisUpdate : 3133303731313131303030305a
11:36:56.941 [main] DEBUG eu.europa.esig.dss.crl.stream.impl.CRLParser - TBSCertList -> nextUpdate : 3134303133313131303030305a
11:36:56.943 [main] DEBUG eu.europa.esig.dss.crl.stream.impl.CRLParser - CertificateList -> signatureAlgorithm : 06092a864886f70d0101050500
11:36:56.945 [main] DEBUG eu.europa.esig.dss.crl.stream.impl.CRLParser - CertificateList -> signatureValue : 002559d78e12a24217507a4adf992070839dc0526d3bab446b0a337bd1297c8d90007b9990a01e5b5ed1683a9805f6cc419d1067e3f7d0de6bf795cde31e1140407d55ef0c42f71d006a2ea228b00750af2d036792e1d261afc096024953c6bd2773866f38fe2b054f9d963e7d603d2418359cdc616b135192fdcc695378dfb5e19104e26a507ad073df1611098613806703cdb06f9cf6658bf42ac8628ac9cbb9216375e2bee2327d034da56601611ac118aeefdfb6b916927805b81007203f515d5297a635ddf9904419e15fce75539c2539eec94df63decbba2b083b2366106942183aa9f7a16fea055dc5b0fd538e72cc835c6e194a37f73c8e04e6bdc36ce
11:36:56.945 [main] DEBUG eu.europa.esig.dss.crl.AbstractCRLUtils - issuingDistributionPointBinary is null. Issuing Distribution Point fields in CRLValidity cannot be filled.
]]></system-out>
  </testcase>
  <testcase name="noRevoc" classname="eu.europa.esig.dss.crl.stream.impl.CRLUtilsStreamImplTest" time="0.005">
    <system-out><![CDATA[11:36:56.952 [main] DEBUG eu.europa.esig.dss.crl.stream.impl.CRLParser - TBSCertList -> version : 01
11:36:56.952 [main] DEBUG eu.europa.esig.dss.crl.stream.impl.CRLParser - TBSCertList -> signatureAlgorithm : 06092a864886f70d01010b0500
11:36:56.953 [main] DEBUG eu.europa.esig.dss.crl.stream.impl.CRLParser - TBSCertList -> issuer : 310b300906035504061302435a312c302a060355040a0c23c48c65736bc3a120706fc5a174612c20732e702e205b49c48c2034373131343938335d311e301c06035504031315506f73745369676e756d20526f6f74205143412032
11:36:56.953 [main] DEBUG eu.europa.esig.dss.crl.stream.impl.CRLParser - TBSCertList -> thisUpdate : 3136303332323038303134375a
11:36:56.953 [main] DEBUG eu.europa.esig.dss.crl.stream.impl.CRLParser - TBSCertList -> nextUpdate : 3137303332323038303634375a
11:36:56.954 [main] DEBUG eu.europa.esig.dss.crl.stream.impl.CRLParser - TBSCertList -> revokedCertificates : skipped (length=35)
11:36:56.954 [main] DEBUG eu.europa.esig.dss.crl.stream.impl.CRLParser - TBSCertList -> crlExtensions : 308192300a0603551d1404030201093081830603551d23047c307a801415298cc54569abb8b3c3eafe4bb831d8dcf0e776a15fa45d305b310b300906035504061302435a312c302a060355040a0c23c48c65736bc3a120706fc5a174612c20732e702e205b49c48c2034373131343938335d311e301c06035504031315506f73745369676e756d20526f6f74205143412032820164
11:36:56.954 [main] DEBUG eu.europa.esig.dss.crl.stream.impl.CRLParser - CertificateList -> signatureAlgorithm : 06092a864886f70d01010b0500
11:36:56.954 [main] DEBUG eu.europa.esig.dss.crl.stream.impl.CRLParser - CertificateList -> signatureValue : 009260718a06d76c52a95a54f5129aec17328c556f39c9c9427a0b7c095fa11bebb90dfef7228773683d570c56dbdffe10e01ec42bbcc0107774a6fc6ee1df47be6eeaa766c73f5abb4f7ddbf813258a3a9596b50c137ecb8e6047dca9c3946d923629c1f7463f8e2cb3f1e37ed52869e6245e2e905c2e80b2f5ef9bf0d4437c5566de4e999e66c8bd9294ec2ce22010302aca4f51d4dd80800780f0b46cd370bb242a2bbac2227302bcc893700edcad14144e81af1a50886c42b0243721d5b2f360b32e99941bf142ee83ba1ac24e7ed0b14a8f92d880b1c07bdf3c4b4bf2be42fa6b1cf176103ea3ba97a90c4d54400fe8b086b2c905f7345bfd98df4946b67d
11:36:56.954 [main] DEBUG eu.europa.esig.dss.crl.AbstractCRLUtils - issuingDistributionPointBinary is null. Issuing Distribution Point fields in CRLValidity cannot be filled.
11:36:56.954 [main] DEBUG eu.europa.esig.dss.crl.stream.impl.CRLParser - Should only contain SEQUENCEs : tagNo = 0 (ignored)
]]></system-out>
  </testcase>
</testsuite>