<?xml version="1.0" encoding="UTF-8"?>
<testsuite xmlns:xsi="http://www.w3.org/2001/XMLSchema-instance" xsi:noNamespaceSchemaLocation="https://maven.apache.org/surefire/maven-surefire-plugin/xsd/surefire-test-report-3.0.xsd" version="3.0" name="eu.europa.esig.dss.crl.stream.impl.CRLParserTest" time="0.899" tests="12" errors="0" skipped="0" failures="0">
  <properties>
    <property name="java.specification.version" value="19"/>
    <property name="sun.cpu.isalist" value="amd64"/>
    <property name="sun.jnu.encoding" value="Cp1252"/>
    <property name="java.class.path" value="C:\Users\amadoria\Documents\Projects\HAPKIDO\WP4\dss-fork\dss-crl-parser-stream\target\test-classes;C:\Users\amadoria\Documents\Projects\HAPKIDO\WP4\dss-fork\dss-crl-parser-stream\target\classes;C:\Users\amadoria\Documents\Projects\HAPKIDO\WP4\dss-fork\dss-crl-parser\target\dss-crl-parser-5.12.RC1.jar;C:\Users\amadoria\Documents\Projects\HAPKIDO\WP4\dss-fork\dss-model\target\dss-model-5.12.RC1.jar;C:\Users\amadoria\Documents\Projects\HAPKIDO\WP4\dss-fork\dss-enumerations\target\dss-enumerations-5.12.RC1.jar;C:\Users\amadoria\Documents\Projects\HAPKIDO\WP4\dss-fork\dss-crl-parser-stream\libs\bcprov-jdk18on-173b20.jar;C:\Users\amadoria\Documents\Projects\HAPKIDO\WP4\dss-fork\dss-crl-parser-stream\libs\bcpkix-jdk18on-173b20.jar;C:\Users\amadoria\Documents\Projects\HAPKIDO\WP4\dss-fork\dss-crl-parser-stream\libs\bcutil-jdk18on-173b20.jar;C:\Users\amadoria\.m2\repository\org\slf4j\slf4j-api\2.0.6\slf4j-api-2.0.6.jar;C:\Users\amadoria\Documents\Projects\HAPKIDO\WP4\dss-fork\dss-crl-parser\target\dss-crl-parser-5.12.RC1-tests.jar;C:\Users\amadoria\.m2\repository\ch\qos\logback\logback-classic\1.3.5\logback-classic-1.3.5.jar;C:\Users\amadoria\.m2\repository\ch\qos\logback\logback-core\1.3.5\logback-core-1.3.5.jar;C:\Users\amadoria\.m2\repository\org\junit\platform\junit-platform-launcher\1.9.2\junit-platform-launcher-1.9.2.jar;C:\Users\amadoria\.m2\repository\org\junit\platform\junit-platform-engine\1.9.2\junit-platform-engine-1.9.2.jar;C:\Users\amadoria\.m2\repository\org\opentest4j\opentest4j\1.2.0\opentest4j-1.2.0.jar;C:\Users\amadoria\.m2\repository\org\junit\platform\junit-platform-commons\1.9.2\junit-platform-commons-1.9.2.jar;C:\Users\amadoria\.m2\repository\org\apiguardian\apiguardian-api\1.1.2\apiguardian-api-1.1.2.jar;C:\Users\amadoria\.m2\repository\org\junit\jupiter\junit-jupiter-engine\5.9.2\junit-jupiter-engine-5.9.2.jar;C:\Users\amadoria\.m2\repository\org\junit\jupiter\junit-jupiter-api\5.9.2\junit-jupiter-api-5.9.2.jar;C:\Users\amadoria\Documents\Projects\HAPKIDO\WP4\dss-fork\dss-utils-google-guava\target\dss-utils-google-guava-5.12.RC1.jar;C:\Users\amadoria\Documents\Projects\HAPKIDO\WP4\dss-fork\dss-utils\target\dss-utils-5.12.RC1.jar;C:\Users\amadoria\.m2\repository\com\google\guava\guava\31.1-jre\guava-31.1-jre.jar;C:\Users\amadoria\.m2\repository\com\google\guava\failureaccess\1.0.1\failureaccess-1.0.1.jar;C:\Users\amadoria\.m2\repository\com\google\guava\listenablefuture\9999.0-empty-to-avoid-conflict-with-guava\listenablefuture-9999.0-empty-to-avoid-conflict-with-guava.jar;C:\Users\amadoria\.m2\repository\com\google\code\findbugs\jsr305\3.0.2\jsr305-3.0.2.jar;C:\Users\amadoria\.m2\repository\org\checkerframework\checker-qual\3.12.0\checker-qual-3.12.0.jar;C:\Users\amadoria\.m2\repository\com\google\errorprone\error_prone_annotations\2.11.0\error_prone_annotations-2.11.0.jar;C:\Users\amadoria\.m2\repository\com\google\j2objc\j2objc-annotations\1.3\j2objc-annotations-1.3.jar;"/>
    <property name="java.vm.vendor" value="Oracle Corporation"/>
    <property name="sun.arch.data.model" value="64"/>
    <property name="user.variant" value=""/>
    <property name="java.vendor.url" value="https://java.oracle.com/"/>
    <property name="user.timezone" value="Europe/Amsterdam"/>
    <property name="os.name" value="Windows 10"/>
    <property name="java.vm.specification.version" value="19"/>
    <property name="sun.java.launcher" value="SUN_STANDARD"/>
    <property name="user.country" value="US"/>
    <property name="sun.boot.library.path" value="C:\Program Files\Java\jdk-19\bin"/>
    <property name="sun.java.command" value="C:\Users\amadoria\AppData\Local\Temp\surefire15423486448312700938\surefirebooter-20230428113650928_121.jar C:\Users\amadoria\AppData\Local\Temp\surefire15423486448312700938 2023-04-28T11-29-53_553-jvmRun1 surefire-20230428113650928_119tmp surefire_24-20230428113650928_120tmp"/>
    <property name="jdk.debug" value="release"/>
    <property name="surefire.test.class.path" value="C:\Users\amadoria\Documents\Projects\HAPKIDO\WP4\dss-fork\dss-crl-parser-stream\target\test-classes;C:\Users\amadoria\Documents\Projects\HAPKIDO\WP4\dss-fork\dss-crl-parser-stream\target\classes;C:\Users\amadoria\Documents\Projects\HAPKIDO\WP4\dss-fork\dss-crl-parser\target\dss-crl-parser-5.12.RC1.jar;C:\Users\amadoria\Documents\Projects\HAPKIDO\WP4\dss-fork\dss-model\target\dss-model-5.12.RC1.jar;C:\Users\amadoria\Documents\Projects\HAPKIDO\WP4\dss-fork\dss-enumerations\target\dss-enumerations-5.12.RC1.jar;C:\Users\amadoria\Documents\Projects\HAPKIDO\WP4\dss-fork\dss-crl-parser-stream\libs\bcprov-jdk18on-173b20.jar;C:\Users\amadoria\Documents\Projects\HAPKIDO\WP4\dss-fork\dss-crl-parser-stream\libs\bcpkix-jdk18on-173b20.jar;C:\Users\amadoria\Documents\Projects\HAPKIDO\WP4\dss-fork\dss-crl-parser-stream\libs\bcutil-jdk18on-173b20.jar;C:\Users\amadoria\.m2\repository\org\slf4j\slf4j-api\2.0.6\slf4j-api-2.0.6.jar;C:\Users\amadoria\Documents\Projects\HAPKIDO\WP4\dss-fork\dss-crl-parser\target\dss-crl-parser-5.12.RC1-tests.jar;C:\Users\amadoria\.m2\repository\ch\qos\logback\logback-classic\1.3.5\logback-classic-1.3.5.jar;C:\Users\amadoria\.m2\repository\ch\qos\logback\logback-core\1.3.5\logback-core-1.3.5.jar;C:\Users\amadoria\.m2\repository\org\junit\platform\junit-platform-launcher\1.9.2\junit-platform-launcher-1.9.2.jar;C:\Users\amadoria\.m2\repository\org\junit\platform\junit-platform-engine\1.9.2\junit-platform-engine-1.9.2.jar;C:\Users\amadoria\.m2\repository\org\opentest4j\opentest4j\1.2.0\opentest4j-1.2.0.jar;C:\Users\amadoria\.m2\repository\org\junit\platform\junit-platform-commons\1.9.2\junit-platform-commons-1.9.2.jar;C:\Users\amadoria\.m2\repository\org\apiguardian\apiguardian-api\1.1.2\apiguardian-api-1.1.2.jar;C:\Users\amadoria\.m2\repository\org\junit\jupiter\junit-jupiter-engine\5.9.2\junit-jupiter-engine-5.9.2.jar;C:\Users\amadoria\.m2\repository\org\junit\jupiter\junit-jupiter-api\5.9.2\junit-jupiter-api-5.9.2.jar;C:\Users\amadoria\Documents\Projects\HAPKIDO\WP4\dss-fork\dss-utils-google-guava\target\dss-utils-google-guava-5.12.RC1.jar;C:\Users\amadoria\Documents\Projects\HAPKIDO\WP4\dss-fork\dss-utils\target\dss-utils-5.12.RC1.jar;C:\Users\amadoria\.m2\repository\com\google\guava\guava\31.1-jre\guava-31.1-jre.jar;C:\Users\amadoria\.m2\repository\com\google\guava\failureaccess\1.0.1\failureaccess-1.0.1.jar;C:\Users\amadoria\.m2\repository\com\google\guava\listenablefuture\9999.0-empty-to-avoid-conflict-with-guava\listenablefuture-9999.0-empty-to-avoid-conflict-with-guava.jar;C:\Users\amadoria\.m2\repository\com\google\code\findbugs\jsr305\3.0.2\jsr305-3.0.2.jar;C:\Users\amadoria\.m2\repository\org\checkerframework\checker-qual\3.12.0\checker-qual-3.12.0.jar;C:\Users\amadoria\.m2\repository\com\google\errorprone\error_prone_annotations\2.11.0\error_prone_annotations-2.11.0.jar;C:\Users\amadoria\.m2\repository\com\google\j2objc\j2objc-annotations\1.3\j2objc-annotations-1.3.jar;"/>
    <property name="sun.cpu.endian" value="little"/>
    <property name="user.home" value="C:\Users\amadoria"/>
    <property name="user.language" value="en"/>
    <property name="java.specification.vendor" value="Oracle Corporation"/>
    <property name="java.version.date" value="2023-01-17"/>
    <property name="java.home" value="C:\Program Files\Java\jdk-19"/>
    <property name="file.separator" value="\"/>
    <property name="basedir" value="C:\Users\amadoria\Documents\Projects\HAPKIDO\WP4\dss-fork\dss-crl-parser-stream"/>
    <property name="java.vm.compressedOopsMode" value="Zero based"/>
    <property name="line.separator" value="&#10;"/>
    <property name="java.vm.specification.vendor" value="Oracle Corporation"/>
    <property name="java.specification.name" value="Java Platform API Specification"/>
    <property name="surefire.real.class.path" value="C:\Users\amadoria\AppData\Local\Temp\surefire15423486448312700938\surefirebooter-20230428113650928_121.jar"/>
    <property name="user.script" value=""/>
    <property name="sun.management.compiler" value="HotSpot 64-Bit Tiered Compilers"/>
    <property name="java.runtime.version" value="19.0.2+7-44"/>
    <property name="user.name" value="amadoria"/>
    <property name="stdout.encoding" value="Cp1252"/>
    <property name="path.separator" value=";"/>
    <property name="os.version" value="10.0"/>
    <property name="java.runtime.name" value="Java(TM) SE Runtime Environment"/>
    <property name="file.encoding" value="UTF-8"/>
    <property name="java.vm.name" value="Java HotSpot(TM) 64-Bit Server VM"/>
    <property name="localRepository" value="C:\Users\amadoria\.m2\repository"/>
    <property name="java.vendor.url.bug" value="https://bugreport.java.com/bugreport/"/>
    <property name="java.io.tmpdir" value="C:\Users\amadoria\AppData\Local\Temp\"/>
    <property name="java.version" value="19.0.2"/>
    <property name="user.dir" value="C:\Users\amadoria\Documents\Projects\HAPKIDO\WP4\dss-fork\dss-crl-parser-stream"/>
    <property name="os.arch" value="amd64"/>
    <property name="java.vm.specification.name" value="Java Virtual Machine Specification"/>
    <property name="sun.os.patch.level" value=""/>
    <property name="native.encoding" value="Cp1252"/>
    <property name="java.library.path" value="C:\Program Files\Java\jdk-19\bin;C:\WINDOWS\Sun\Java\bin;C:\WINDOWS\system32;C:\WINDOWS;C:\Program Files\Common Files\Oracle\Java\javapath;C:\Program Files\Eclipse Adoptium\jdk-17.0.5.8-hotspot\bin;C:\WINDOWS\system32;C:\WINDOWS;C:\WINDOWS\System32\Wbem;C:\WINDOWS\System32\WindowsPowerShell\v1.0\;C:\WINDOWS\System32\OpenSSH\;C:\Program Files\dotnet\;C:\ProgramData\chocolatey\bin;C:\Program Files\Gradle\gradle-8.0.2\bin;C:\Program Files\Maven\apache-maven-3.9.0\bin;;C:\Program Files\Docker\Docker\resources\bin;C:\Users\amadoria\AppData\Local\Programs\Python\Python38\Scripts\;C:\Users\amadoria\AppData\Local\Programs\Python\Python38\;C:\Users\amadoria\AppData\Local\Microsoft\WindowsApps;C:\Users\amadoria\AppData\Local\Programs\MiKTeX\miktex\bin\x64\;C:\Users\amadoria\AppData\Local\Programs\Microsoft VS Code\bin;C:\Users\amadoria\AppData\Roaming\Python\Scripts\;C:\Users\amadoria\AppData\Local\Programs\Git\cmd;C:\Program Files\JetBrains\IntelliJ IDEA Community Edition 2022.3.3\bin;;."/>
    <property name="java.vm.info" value="mixed mode, sharing"/>
    <property name="stderr.encoding" value="Cp1252"/>
    <property name="java.vendor" value="Oracle Corporation"/>
    <property name="java.vm.version" value="19.0.2+7-44"/>
    <property name="sun.io.unicode.encoding" value="UnicodeLittle"/>
    <property name="java.class.version" value="63.0"/>
  </properties>
  <testcase name="testBelgium2" classname="eu.europa.esig.dss.crl.stream.impl.CRLParserTest" time="0.389">
    <system-out><![CDATA[11:36:53.919 [main] DEBUG eu.europa.esig.dss.crl.stream.impl.CRLParser - TBSCertList -> signatureAlgorithm : 06092a864886f70d0101050500
11:36:53.973 [main] DEBUG eu.europa.esig.dss.crl.stream.impl.CRLParser - TBSCertList -> issuer : 310b3009060355040613024245311930170603550403131042656c6769756d20526f6f7420434132
11:36:53.981 [main] DEBUG eu.europa.esig.dss.crl.stream.impl.CRLParser - TBSCertList -> thisUpdate : 3133303731313131303030305a
11:36:53.991 [main] DEBUG eu.europa.esig.dss.crl.stream.impl.CRLParser - TBSCertList -> nextUpdate : 3134303133313131303030305a
11:36:53.992 [main] DEBUG eu.europa.esig.dss.crl.stream.impl.CRLParser - CertificateList -> signatureAlgorithm : 06092a864886f70d0101050500
11:36:53.993 [main] DEBUG eu.europa.esig.dss.crl.stream.impl.CRLParser - CertificateList -> signatureValue : 002559d78e12a24217507a4adf992070839dc0526d3bab446b0a337bd1297c8d90007b9990a01e5b5ed1683a9805f6cc419d1067e3f7d0de6bf795cde31e1140407d55ef0c42f71d006a2ea228b00750af2d036792e1d261afc096024953c6bd2773866f38fe2b054f9d963e7d603d2418359cdc616b135192fdcc695378dfb5e19104e26a507ad073df1611098613806703cdb06f9cf6658bf42ac8628ac9cbb9216375e2bee2327d034da56601611ac118aeefdfb6b916927805b81007203f515d5297a635ddf9904419e15fce75539c2539eec94df63decbba2b083b2366106942183aa9f7a16fea055dc5b0fd538e72cc835c6e194a37f73c8e04e6bdc36ce
]]></system-out>
  </testcase>
  <testcase name="testBelgium4" classname="eu.europa.esig.dss.crl.stream.impl.CRLParserTest" time="0.011">
    <system-out><![CDATA[11:36:54.118 [main] DEBUG eu.europa.esig.dss.crl.stream.impl.CRLParser - TBSCertList -> signatureAlgorithm : 06092a864886f70d0101050500
11:36:54.118 [main] DEBUG eu.europa.esig.dss.crl.stream.impl.CRLParser - TBSCertList -> issuer : 310b3009060355040613024245311930170603550403131042656c6769756d20526f6f7420434134
11:36:54.119 [main] DEBUG eu.europa.esig.dss.crl.stream.impl.CRLParser - TBSCertList -> thisUpdate : 3137303130313131303030305a
11:36:54.120 [main] DEBUG eu.europa.esig.dss.crl.stream.impl.CRLParser - TBSCertList -> nextUpdate : 3137303733313131303030305a
11:36:54.121 [main] DEBUG eu.europa.esig.dss.crl.stream.impl.CRLParser - CertificateList -> signatureAlgorithm : 06092a864886f70d0101050500
11:36:54.122 [main] DEBUG eu.europa.esig.dss.crl.stream.impl.CRLParser - CertificateList -> signatureValue : 007ccbd2bfc29af5bb8dcbd65176f54b798ae86e19604b364bee67722439bd54242ba961006e2f5be678d00d30ff6d92340c418906122122b794da534aa40cb649577eecc08f8336f0cc0d414db8f42620fcbd602a388f3adcf6fa68d781a45423c62d1c618eded131d7b31a3959e02e57a4a4ff71f04829523ae2ac7ca0e2c33b1986d4b55da5e8d103960cba8f132bf3bc6317666e3e62cf1e47284ba19b5844872a35008308ac96c7f6366bfcc27cbc62bff03b036e5a7686417be3a9682dc75369f4a829de577d74963891a14cadbaa728308c3bdcfb5d81816b7e40413e366bbe362f94634e2e7c3f081c33620e0d6dc7515cb2e79356bdae1b3ca8c6311f641406907eb372dfb93d25b98eca1b6c154081133bc9910e19b03a78b18fab1b8699a506987dc88bca515164bfe38c5d0df065b744b1445729eba77782913f3abc0161b22f7afdb3f585b7e1bc68ba6d03f39edbf82f8431a848c25d953799589d3fbb3728f787f1b1453d36cb48f9d1f6cb93683bab7ab2dbe829ba6356007250b3156eadc5d50ff2dcb100b783ae717b8872bb6380408ccf5383a98e755ff69b10f781bf4cc311b57a7bc0acedc811732057cf2343bf54db2f9c4269585e2f44f02268a570e9d2b8860a956cc6a58eb6ebb8db59c7fbe06045717f0b6f0cdeff3db1e1b1bf26bb3a0847d8ef3efc81f8b2b69f18b1ba40e918ca7d2b026016
]]></system-out>
  </testcase>
  <testcase name="testPtCRL" classname="eu.europa.esig.dss.crl.stream.impl.CRLParserTest" time="0.026">
    <system-out><![CDATA[11:36:54.137 [main] DEBUG eu.europa.esig.dss.crl.stream.impl.CRLParser - TBSCertList -> version : 01
11:36:54.139 [main] DEBUG eu.europa.esig.dss.crl.stream.impl.CRLParser - TBSCertList -> signatureAlgorithm : 06092a864886f70d0101050500
11:36:54.139 [main] DEBUG eu.europa.esig.dss.crl.stream.impl.CRLParser - TBSCertList -> issuer : 310b3009060355040613025054310d300b060355040a0c04534345453115301306035504030c0c45435261697a45737461646f
11:36:54.146 [main] DEBUG eu.europa.esig.dss.crl.stream.impl.CRLParser - TBSCertList -> thisUpdate : 3133303932303130313631395a
11:36:54.147 [main] DEBUG eu.europa.esig.dss.crl.stream.impl.CRLParser - TBSCertList -> nextUpdate : 3134303332303130313631395a
11:36:54.148 [main] DEBUG eu.europa.esig.dss.crl.stream.impl.CRLParser - TBSCertList -> revokedCertificates : skipped (length=350)
11:36:54.150 [main] DEBUG eu.europa.esig.dss.crl.stream.impl.CRLParser - TBSCertList -> crlExtensions : 3081b2300a0603551d14040302011b30690603551d23046230608014717f35def577716d1d129ce190a4baf0a9838f80a137a4353033310b3009060355040613025054310d300b060355040a0c04534345453115301306035504030c0c45435261697a45737461646f820f42ea5b0a5111267cd82774b7df7f7130390603551d1c0101ff042f302da028a0268624687474703a2f2f63726c732e656365652e676f762e70742f63726c732f41524c2e63726c8201ff
11:36:54.155 [main] DEBUG eu.europa.esig.dss.crl.stream.impl.CRLParser - CertificateList -> signatureAlgorithm : 06092a864886f70d0101050500
11:36:54.156 [main] DEBUG eu.europa.esig.dss.crl.stream.impl.CRLParser - CertificateList -> signatureValue : 001d9c9811905a3836fd9bdec6de27abc18bc3da1db17c182eeb453a9f45d1d123c94a8fa44e3560c371cf846260afadb62abab68d894b4b756383ead77e69df45d5193dbd6081932f39cd15a8cb92e88f1f77e8d61ba0f9f4a5ff88facc3e486077223d94591ab994489a85dcceafe02244c05b321fa4675d1681e60252ead9b34bb0473e80900593fc89aa066a205cb93edc9f9832a0e2b344349be6469a9a1e769c97e027d69be6833bcd78bf892f816c6f972421680a229252648d9fb2e337b5e200127c2dd6ee293fd7cb3cd18c66464d37d629a42d1c3132ed520de999cb64a30d583545ba2f12a0f45dc3028a27c8817f0b687b1d9192b39eb040873a410b9f804bfa6f0e9b7a55cda29b831b6110b855f4640b06a4ba4cbaeb7f5f696a3556ad6627dd8861f463bc22e14dadb33524e8ae26fe26e332c661d3fcd67da094a91bc5439f755f89fc5fa55f82923df38a8fbb90e86d69c2d9e9de8531ae98c4a8886bcdf1c95fb5183200621803f07c9088722ef68e96b5d944df072f875d8c48fb213e1a4a52155cec88d2722d4d8b90e92602097b2a8a94a1eb96b2ecb796b8804c8a6702b5e9b53a356706059824f59b0fd7fe843ea5818a909b44a69480bb03826a5b43804b999b8318c35fc91065982c2f7816ed1ea80bd9c1471ca1e60e619426749e95ab2dd270fc9be43437928622c5eac6632feac1bf894e70c0
]]></system-out>
  </testcase>
  <testcase name="retrieveRevocationInfoNull" classname="eu.europa.esig.dss.crl.stream.impl.CRLParserTest" time="0.011">
    <system-out><![CDATA[11:36:54.169 [main] DEBUG eu.europa.esig.dss.crl.stream.impl.CRLParser - Should only contain SEQUENCEs : tagNo = 0 (ignored)
]]></system-out>
  </testcase>
  <testcase name="testExtension" classname="eu.europa.esig.dss.crl.stream.impl.CRLParserTest" time="0.021">
    <system-out><![CDATA[11:36:54.179 [main] DEBUG eu.europa.esig.dss.crl.stream.impl.CRLParser - TBSCertList -> version : 01
11:36:54.180 [main] DEBUG eu.europa.esig.dss.crl.stream.impl.CRLParser - TBSCertList -> signatureAlgorithm : 06092a864886f70d01010b0500
11:36:54.181 [main] DEBUG eu.europa.esig.dss.crl.stream.impl.CRLParser - TBSCertList -> issuer : 310b30090603550406130249543131302f060355040a0c2854656c65636f6d204974616c696120547275737420546563686e6f6c6f6769657320532e722e6c2e31223020060355040b0c1953657276697a69206469206365727469666963617a696f6e653123302106035504030c1a544920547275737420546563686e6f6c6f676965732043412031
11:36:54.182 [main] DEBUG eu.europa.esig.dss.crl.stream.impl.CRLParser - TBSCertList -> thisUpdate : 3136303431383130353034325a
11:36:54.183 [main] DEBUG eu.europa.esig.dss.crl.stream.impl.CRLParser - TBSCertList -> nextUpdate : 3136303431393130353034325a
11:36:54.185 [main] DEBUG eu.europa.esig.dss.crl.stream.impl.CRLParser - TBSCertList -> revokedCertificates : skipped (length=13187)
11:36:54.185 [main] DEBUG eu.europa.esig.dss.crl.stream.impl.CRLParser - TBSCertList -> crlExtensions : 307c301f0603551d23041830168014f31766eb4888fbeb5c97e328097567cf4a84ac0e300b0603551d140404020212e430180603551d3c0411180f32303135303531323133343632305a30320603551d1c0101ff04283026a021a01f861d687474703a2f2f63612e7469706b692e69742f54544341312f434450318101ff
11:36:54.186 [main] DEBUG eu.europa.esig.dss.crl.stream.impl.CRLParser - CertificateList -> signatureAlgorithm : 06092a864886f70d01010b0500
11:36:54.187 [main] DEBUG eu.europa.esig.dss.crl.stream.impl.CRLParser - CertificateList -> signatureValue : 0058c65487cb5595f3d3c1dc81d68ea1e11d497f3441ab1221790708837556e79384e8cc1f64ec276bc00a676ffe8be799d5b392d0162c7c11a5ef16534b4901abbb7b156e23832abaa92b6e91c184b5f42e46d28e47015902b01a17650c950b029bf5198c21721fbbc077dd943e02f2fab8bd77a9dac1e29067604f9f4c0101f493a3edd27f14288e0b71b05583765c321cebd257246ef56d99bd37fcae42562988442280974ce1ab5021ba6bcc6ecae7444f0e0179f98ead2866538ea9fdc72c0879a7d0934f871785ddc95dc415ed05b4d8735e28c70a2334d45c4ccd2acdaa4dd9b41d997c0dc977d58ecf525745102689f6a22a54ae558e1237fa0b11e40be545a313e142a20935d03664d69fccb192200da14c24c11c741ba1b2317b8c65de6868b7dcfbf6c73673b2cde5f70d8c0ccb46d166fa0c0c68e36284f8063e7e1f70390dc41822f937f2ca7d92f3740f9179eb899d6f2dc40c0764bc424a10332673578eed6fea36a6b53f8eea30c556f942aa2e6e1c379f63a93c486739ff24ee40af894066a686371a62290d49267630b26a06a4f8939bb27da6af8a8dbeb561eb6abbe51d81277a4c5607d334d7d5d697e8968eecff0b0ed3a37ab3cfd479d7eb683319748be8771efd46dedda522f61cf413653ca44b2aa02a356f81bc21ae2594d21661d35e213d0bbb4dac7cd391a4243c1789f48a6035e78b90b3f86f
]]></system-out>
  </testcase>
  <testcase name="retrieveRevocationInfo" classname="eu.europa.esig.dss.crl.stream.impl.CRLParserTest" time="0.052"/>
  <testcase name="retrieveRevocationInfoMediumLastEntry" classname="eu.europa.esig.dss.crl.stream.impl.CRLParserTest" time="0.065"/>
  <testcase name="retrieveRevocationInfoMedium" classname="eu.europa.esig.dss.crl.stream.impl.CRLParserTest" time="0.007"/>
  <testcase name="illegalArgumenException" classname="eu.europa.esig.dss.crl.stream.impl.CRLParserTest" time="0.006"/>
  <testcase name="parseCRLWithoutRevokedCertificates" classname="eu.europa.esig.dss.crl.stream.impl.CRLParserTest" time="0.008">
    <system-out><![CDATA[11:36:54.340 [main] DEBUG eu.europa.esig.dss.crl.stream.impl.CRLParser - TBSCertList -> version : 01
11:36:54.340 [main] DEBUG eu.europa.esig.dss.crl.stream.impl.CRLParser - TBSCertList -> signatureAlgorithm : 06092a864886f70d01010b0500
11:36:54.341 [main] DEBUG eu.europa.esig.dss.crl.stream.impl.CRLParser - TBSCertList -> issuer : 310b300906035504061302555331173015060355040a130e446f63755369676e2c20496e632e311f301d060355040b1316446f63755369676e2043657274696669636174696f6e311b301906035504031312446f63755369676e204e41322043412d4231
11:36:54.341 [main] DEBUG eu.europa.esig.dss.crl.stream.impl.CRLParser - TBSCertList -> thisUpdate : 3138303730333032313632345a
11:36:54.342 [main] DEBUG eu.europa.esig.dss.crl.stream.impl.CRLParser - TBSCertList -> nextUpdate : 3138303731303032313632345a
11:36:54.343 [main] DEBUG eu.europa.esig.dss.crl.stream.impl.CRLParser - TBSCertList -> revokedCertificates : Empty sequence
11:36:54.344 [main] DEBUG eu.europa.esig.dss.crl.stream.impl.CRLParser - TBSCertList -> crlExtensions : 3021301f0603551d23041830168014e766a35bc49f1cdd3a282c9f72cd846c6e1ba137
11:36:54.345 [main] DEBUG eu.europa.esig.dss.crl.stream.impl.CRLParser - CertificateList -> signatureAlgorithm : 06092a864886f70d01010b0500
11:36:54.345 [main] DEBUG eu.europa.esig.dss.crl.stream.impl.CRLParser - CertificateList -> signatureValue : 0061129b536c64f2b8c258159703ad0d602aa63c40fa192e1ca8123f5d2f6a902c59ff5d73cc4a7fd3e251652c8421de3547da77f1a6a59b340aa5d1ce595f539d9795ba3d3b34c6cc3befea8222842c15cf7a7f12c5d92d2d2df56355e3cfb6c5440c92ae3647bea1eb4c57fb989c2beaf1fadcb49c44a43007829b9c06a03fcaff86589fa2b263f7d080d8956cc00192332c6ef0bfe5c53f227783aa167f928f2fb20748fe9d64ff1d2a35f31516dfe8eb70f5bb93b9e244ae959407c7bca2e57322302fd7c6c3ad283c46235be44a28642c2ea251c748a488cf84d9f25614231f0b0f88bfd95c31dc3150f543e0dadb0f7727b4f0d3d2197f14969ca701f6d6
]]></system-out>
  </testcase>
  <testcase name="testLTGRCA" classname="eu.europa.esig.dss.crl.stream.impl.CRLParserTest" time="0.006">
    <system-out><![CDATA[11:36:54.351 [main] DEBUG eu.europa.esig.dss.crl.stream.impl.CRLParser - TBSCertList -> version : 01
11:36:54.351 [main] DEBUG eu.europa.esig.dss.crl.stream.impl.CRLParser - TBSCertList -> signatureAlgorithm : 06092a864886f70d0101050500
11:36:54.351 [main] DEBUG eu.europa.esig.dss.crl.stream.impl.CRLParser - TBSCertList -> issuer : 310b3009060355040613024c5531163014060355040a130d4c7578547275737420732e612e311d301b060355040313144c7578547275737420476c6f62616c20526f6f74
11:36:54.352 [main] DEBUG eu.europa.esig.dss.crl.stream.impl.CRLParser - TBSCertList -> thisUpdate : 3135303432333135313432385a
11:36:54.352 [main] DEBUG eu.europa.esig.dss.crl.stream.impl.CRLParser - TBSCertList -> nextUpdate : 3135303830313135313932385a
11:36:54.353 [main] DEBUG eu.europa.esig.dss.crl.stream.impl.CRLParser - TBSCertList -> revokedCertificates : skipped (length=140)
11:36:54.353 [main] DEBUG eu.europa.esig.dss.crl.stream.impl.CRLParser - TBSCertList -> crlExtensions : 300c300a0603551d140403020115
11:36:54.353 [main] DEBUG eu.europa.esig.dss.crl.stream.impl.CRLParser - CertificateList -> signatureAlgorithm : 06092a864886f70d0101050500
11:36:54.354 [main] DEBUG eu.europa.esig.dss.crl.stream.impl.CRLParser - CertificateList -> signatureValue : 0099c1175be7737b9f03312f97f2d7108dcfa4a7ec66a4495a985c393571e09e997b50858e6b117ca36cf05c776c1c2ed7ca2f856abcbc710717b26d69843a5fe013f70dc292f956243685b81dd309078313d0963e5e066cdab3bf0a3a41fa389328445ef2913ab07aba5150ad35314c5df383456df9a3b8c4efd7490830c6f7156d5c4fd0186d447a2edc6042f52d3d96bcad6dea7a44ec5e8cbf352c192fbd51df38716d74792991f4164a27cc6f781cfb7ad186d9975c05ea3d4012c668e0b1d2982f6ad43c99eafe19b9083394ef0876ef1bef215aa3142a7de1618e771024075600e50652c78dd7d736d5422f61fe3eb06634fa848479c9226e03f8774075
]]></system-out>
  </testcase>
  <testcase name="testEidc201631" classname="eu.europa.esig.dss.crl.stream.impl.CRLParserTest" time="0.01">
    <system-out><![CDATA[11:36:54.357 [main] DEBUG eu.europa.esig.dss.crl.stream.impl.CRLParser - TBSCertList -> version : 01
11:36:54.358 [main] DEBUG eu.europa.esig.dss.crl.stream.impl.CRLParser - TBSCertList -> signatureAlgorithm : 06092a864886f70d01010b0500
11:36:54.358 [main] DEBUG eu.europa.esig.dss.crl.stream.impl.CRLParser - TBSCertList -> issuer : 310b3009060355040613024245311330110603550403130a436974697a656e204341310f300d06035504051306323031363331
11:36:54.358 [main] DEBUG eu.europa.esig.dss.crl.stream.impl.CRLParser - TBSCertList -> thisUpdate : 3137303730353039323834305a
11:36:54.359 [main] DEBUG eu.europa.esig.dss.crl.stream.impl.CRLParser - TBSCertList -> nextUpdate : 3137303731323039323834305a
11:36:54.363 [main] DEBUG eu.europa.esig.dss.crl.stream.impl.CRLParser - TBSCertList -> revokedCertificates : skipped (length=335503)
11:36:54.364 [main] DEBUG eu.europa.esig.dss.crl.stream.impl.CRLParser - TBSCertList -> crlExtensions : 302e301f0603551d23041830168014ce809767d0add94ec4996a80272290cd11351087300b0603551d140404020210e1
11:36:54.364 [main] DEBUG eu.europa.esig.dss.crl.stream.impl.CRLParser - CertificateList -> signatureAlgorithm : 06092a864886f70d01010b0500
11:36:54.364 [main] DEBUG eu.europa.esig.dss.crl.stream.impl.CRLParser - CertificateList -> signatureValue : 0025e6ad6b91f420b43e949c509265e1ae2da9c287a6763f817c9dc4c836b725d87f6292d99d35e803c8fe34a47fe16f28763ff6ba05178120766dd72e623a43442f0a5f774c704e8dd0dfc9f361dc0bb0febb0dd8dbda639a94eb11198215477bb3f5cd1b9c79d198c49a23ed57845f0e9a0c9c8a7b277ac3882042384748e056823372e5f68f37fb19d94ba9a90fdd0569b69985815ac7ef353437decfe04576bb27cfab62598c6a5daa7464cfb975d16e90cd12612f161f535146c8d656795b0153930e93d95b99bfe23fa9b90a4796660a49fbbc9c9a50ff467264b62168ea0fb1551216358b576702e0e3f5114e1bd393b0c6ee967c104e95d9b67734a3c76e4a63543bb1fd49e218913007dc3d33798283d69230f2504ab9bf32d9fafb8b3e9be36717da1a116409f0ef8efc450ccb55df167f9665c239bc89eab1ea368a76e164d2e5bbddd717cce0b890bc85c2b74a0bb049ba6a297f005166a037a1054dad79ef9fc5f6d9858e1e3f37959cdb204ad546979db3ad2c446edd7db293d923fbe1677c64480b1506a651671b9a02ed55dd352d9d6a79bc55e3cbdd57245ffd1bd0aa60b42099d3fadc780eb0202964cd9a6005c878c632257918875fd3089b647cb8cf96506e38e8e6ffb60a4971ecdc818aea26179fb5138e432d06e9669f84995dfa1f228f76bb7f171bdba4aad6c2bf78173de97e448027910badbcb3
]]></system-out>
  </testcase>
</testsuite>