<?xml version="1.0" encoding="UTF-8"?>
<testsuite xmlns:xsi="http://www.w3.org/2001/XMLSchema-instance" xsi:noNamespaceSchemaLocation="https://maven.apache.org/surefire/maven-surefire-plugin/xsd/surefire-test-report-3.0.xsd" version="3.0" name="eu.europa.esig.dss.model.SignatureAlgorithmParameterizedTest" time="0.412" tests="148" errors="0" skipped="0" failures="0">
  <properties>
    <property name="java.specification.version" value="19"/>
    <property name="sun.cpu.isalist" value="amd64"/>
    <property name="sun.jnu.encoding" value="Cp1252"/>
    <property name="java.class.path" value="C:\Users\amadoria\Documents\Projects\HAPKIDO\WP4\dss-fork\dss-model\target\test-classes;C:\Users\amadoria\Documents\Projects\HAPKIDO\WP4\dss-fork\dss-model\target\classes;C:\Users\amadoria\Documents\Projects\HAPKIDO\WP4\dss-fork\dss-enumerations\target\dss-enumerations-5.12.RC1.jar;C:\Users\amadoria\.m2\repository\org\slf4j\slf4j-api\2.0.6\slf4j-api-2.0.6.jar;C:\Users\amadoria\.m2\repository\org\junit\platform\junit-platform-launcher\1.9.2\junit-platform-launcher-1.9.2.jar;C:\Users\amadoria\.m2\repository\org\junit\platform\junit-platform-engine\1.9.2\junit-platform-engine-1.9.2.jar;C:\Users\amadoria\.m2\repository\org\opentest4j\opentest4j\1.2.0\opentest4j-1.2.0.jar;C:\Users\amadoria\.m2\repository\org\junit\platform\junit-platform-commons\1.9.2\junit-platform-commons-1.9.2.jar;C:\Users\amadoria\.m2\repository\org\apiguardian\apiguardian-api\1.1.2\apiguardian-api-1.1.2.jar;C:\Users\amadoria\.m2\repository\org\junit\jupiter\junit-jupiter-engine\5.9.2\junit-jupiter-engine-5.9.2.jar;C:\Users\amadoria\.m2\repository\org\junit\jupiter\junit-jupiter-api\5.9.2\junit-jupiter-api-5.9.2.jar;C:\Users\amadoria\.m2\repository\org\junit\jupiter\junit-jupiter-params\5.9.2\junit-jupiter-params-5.9.2.jar;C:\Users\amadoria\Documents\Projects\HAPKIDO\WP4\dss-fork\dss-model\libs\bcpkix-jdk18on-173b20.jar;C:\Users\amadoria\Documents\Projects\HAPKIDO\WP4\dss-fork\dss-model\libs\bcprov-jdk18on-173b20.jar;C:\Users\amadoria\Documents\Projects\HAPKIDO\WP4\dss-fork\dss-model\libs\bcutil-jdk18on-173b20.jar;C:\Users\amadoria\.m2\repository\ch\qos\logback\logback-classic\1.3.5\logback-classic-1.3.5.jar;C:\Users\amadoria\.m2\repository\ch\qos\logback\logback-core\1.3.5\logback-core-1.3.5.jar;"/>
    <property name="java.vm.vendor" value="Oracle Corporation"/>
    <property name="sun.arch.data.model" value="64"/>
    <property name="user.variant" value=""/>
    <property name="java.vendor.url" value="https://java.oracle.com/"/>
    <property name="user.timezone" value="Europe/Amsterdam"/>
    <property name="os.name" value="Windows 10"/>
    <property name="java.vm.specification.version" value="19"/>
    <property name="sun.java.launcher" value="SUN_STANDARD"/>
    <property name="user.country" value="US"/>
    <property name="sun.boot.library.path" value="C:\Program Files\Java\jdk-19\bin"/>
    <property name="sun.java.command" value="C:\Users\amadoria\AppData\Local\Temp\surefire1773531429223983061\surefirebooter-20230428113605805_86.jar C:\Users\amadoria\AppData\Local\Temp\surefire1773531429223983061 2023-04-28T11-29-53_553-jvmRun1 surefire-20230428113605805_84tmp surefire_21-20230428113605805_85tmp"/>
    <property name="jdk.debug" value="release"/>
    <property name="surefire.test.class.path" value="C:\Users\amadoria\Documents\Projects\HAPKIDO\WP4\dss-fork\dss-model\target\test-classes;C:\Users\amadoria\Documents\Projects\HAPKIDO\WP4\dss-fork\dss-model\target\classes;C:\Users\amadoria\Documents\Projects\HAPKIDO\WP4\dss-fork\dss-enumerations\target\dss-enumerations-5.12.RC1.jar;C:\Users\amadoria\.m2\repository\org\slf4j\slf4j-api\2.0.6\slf4j-api-2.0.6.jar;C:\Users\amadoria\.m2\repository\org\junit\platform\junit-platform-launcher\1.9.2\junit-platform-launcher-1.9.2.jar;C:\Users\amadoria\.m2\repository\org\junit\platform\junit-platform-engine\1.9.2\junit-platform-engine-1.9.2.jar;C:\Users\amadoria\.m2\repository\org\opentest4j\opentest4j\1.2.0\opentest4j-1.2.0.jar;C:\Users\amadoria\.m2\repository\org\junit\platform\junit-platform-commons\1.9.2\junit-platform-commons-1.9.2.jar;C:\Users\amadoria\.m2\repository\org\apiguardian\apiguardian-api\1.1.2\apiguardian-api-1.1.2.jar;C:\Users\amadoria\.m2\repository\org\junit\jupiter\junit-jupiter-engine\5.9.2\junit-jupiter-engine-5.9.2.jar;C:\Users\amadoria\.m2\repository\org\junit\jupiter\junit-jupiter-api\5.9.2\junit-jupiter-api-5.9.2.jar;C:\Users\amadoria\.m2\repository\org\junit\jupiter\junit-jupiter-params\5.9.2\junit-jupiter-params-5.9.2.jar;C:\Users\amadoria\Documents\Projects\HAPKIDO\WP4\dss-fork\dss-model\libs\bcpkix-jdk18on-173b20.jar;C:\Users\amadoria\Documents\Projects\HAPKIDO\WP4\dss-fork\dss-model\libs\bcprov-jdk18on-173b20.jar;C:\Users\amadoria\Documents\Projects\HAPKIDO\WP4\dss-fork\dss-model\libs\bcutil-jdk18on-173b20.jar;C:\Users\amadoria\.m2\repository\ch\qos\logback\logback-classic\1.3.5\logback-classic-1.3.5.jar;C:\Users\amadoria\.m2\repository\ch\qos\logback\logback-core\1.3.5\logback-core-1.3.5.jar;"/>
    <property name="sun.cpu.endian" value="little"/>
    <property name="user.home" value="C:\Users\amadoria"/>
    <property name="user.language" value="en"/>
    <property name="java.specification.vendor" value="Oracle Corporation"/>
    <property name="java.version.date" value="2023-01-17"/>
    <property name="java.home" value="C:\Program Files\Java\jdk-19"/>
    <property name="file.separator" value="\"/>
    <property name="basedir" value="C:\Users\amadoria\Documents\Projects\HAPKIDO\WP4\dss-fork\dss-model"/>
    <property name="java.vm.compressedOopsMode" value="Zero based"/>
    <property name="line.separator" value="&#10;"/>
    <property name="java.vm.specification.vendor" value="Oracle Corporation"/>
    <property name="java.specification.name" value="Java Platform API Specification"/>
    <property name="surefire.real.class.path" value="C:\Users\amadoria\AppData\Local\Temp\surefire1773531429223983061\surefirebooter-20230428113605805_86.jar"/>
    <property name="user.script" value=""/>
    <property name="sun.management.compiler" value="HotSpot 64-Bit Tiered Compilers"/>
    <property name="java.runtime.version" value="19.0.2+7-44"/>
    <property name="user.name" value="amadoria"/>
    <property name="stdout.encoding" value="Cp1252"/>
    <property name="path.separator" value=";"/>
    <property name="os.version" value="10.0"/>
    <property name="java.runtime.name" value="Java(TM) SE Runtime Environment"/>
    <property name="file.encoding" value="UTF-8"/>
    <property name="java.vm.name" value="Java HotSpot(TM) 64-Bit Server VM"/>
    <property name="localRepository" value="C:\Users\amadoria\.m2\repository"/>
    <property name="java.vendor.url.bug" value="https://bugreport.java.com/bugreport/"/>
    <property name="java.io.tmpdir" value="C:\Users\amadoria\AppData\Local\Temp\"/>
    <property name="java.version" value="19.0.2"/>
    <property name="user.dir" value="C:\Users\amadoria\Documents\Projects\HAPKIDO\WP4\dss-fork\dss-model"/>
    <property name="os.arch" value="amd64"/>
    <property name="java.vm.specification.name" value="Java Virtual Machine Specification"/>
    <property name="sun.os.patch.level" value=""/>
    <property name="native.encoding" value="Cp1252"/>
    <property name="java.library.path" value="C:\Program Files\Java\jdk-19\bin;C:\WINDOWS\Sun\Java\bin;C:\WINDOWS\system32;C:\WINDOWS;C:\Program Files\Common Files\Oracle\Java\javapath;C:\Program Files\Eclipse Adoptium\jdk-17.0.5.8-hotspot\bin;C:\WINDOWS\system32;C:\WINDOWS;C:\WINDOWS\System32\Wbem;C:\WINDOWS\System32\WindowsPowerShell\v1.0\;C:\WINDOWS\System32\OpenSSH\;C:\Program Files\dotnet\;C:\ProgramData\chocolatey\bin;C:\Program Files\Gradle\gradle-8.0.2\bin;C:\Program Files\Maven\apache-maven-3.9.0\bin;;C:\Program Files\Docker\Docker\resources\bin;C:\Users\amadoria\AppData\Local\Programs\Python\Python38\Scripts\;C:\Users\amadoria\AppData\Local\Programs\Python\Python38\;C:\Users\amadoria\AppData\Local\Microsoft\WindowsApps;C:\Users\amadoria\AppData\Local\Programs\MiKTeX\miktex\bin\x64\;C:\Users\amadoria\AppData\Local\Programs\Microsoft VS Code\bin;C:\Users\amadoria\AppData\Roaming\Python\Scripts\;C:\Users\amadoria\AppData\Local\Programs\Git\cmd;C:\Program Files\JetBrains\IntelliJ IDEA Community Edition 2022.3.3\bin;;."/>
    <property name="java.vm.info" value="mixed mode, sharing"/>
    <property name="stderr.encoding" value="Cp1252"/>
    <property name="java.vendor" value="Oracle Corporation"/>
    <property name="java.vm.version" value="19.0.2+7-44"/>
    <property name="sun.io.unicode.encoding" value="UnicodeLittle"/>
    <property name="java.class.version" value="63.0"/>
  </properties>
  <testcase name="forJAVA(SignatureAlgorithm)[1]" classname="eu.europa.esig.dss.model.SignatureAlgorithmParameterizedTest" time="0.001"/>
  <testcase name="forJAVA(SignatureAlgorithm)[2]" classname="eu.europa.esig.dss.model.SignatureAlgorithmParameterizedTest" time="0.001"/>
  <testcase name="forJAVA(SignatureAlgorithm)[3]" classname="eu.europa.esig.dss.model.SignatureAlgorithmParameterizedTest" time="0.001"/>
  <testcase name="forJAVA(SignatureAlgorithm)[4]" classname="eu.europa.esig.dss.model.SignatureAlgorithmParameterizedTest" time="0.001"/>
  <testcase name="forJAVA(SignatureAlgorithm)[5]" classname="eu.europa.esig.dss.model.SignatureAlgorithmParameterizedTest" time="0.002"/>
  <testcase name="forJAVA(SignatureAlgorithm)[6]" classname="eu.europa.esig.dss.model.SignatureAlgorithmParameterizedTest" time="0.001"/>
  <testcase name="forJAVA(SignatureAlgorithm)[7]" classname="eu.europa.esig.dss.model.SignatureAlgorithmParameterizedTest" time="0.002"/>
  <testcase name="forJAVA(SignatureAlgorithm)[8]" classname="eu.europa.esig.dss.model.SignatureAlgorithmParameterizedTest" time="0.001"/>
  <testcase name="forJAVA(SignatureAlgorithm)[9]" classname="eu.europa.esig.dss.model.SignatureAlgorithmParameterizedTest" time="0.001"/>
  <testcase name="forJAVA(SignatureAlgorithm)[10]" classname="eu.europa.esig.dss.model.SignatureAlgorithmParameterizedTest" time="0.002"/>
  <testcase name="forJAVA(SignatureAlgorithm)[11]" classname="eu.europa.esig.dss.model.SignatureAlgorithmParameterizedTest" time="0.001"/>
  <testcase name="forJAVA(SignatureAlgorithm)[12]" classname="eu.europa.esig.dss.model.SignatureAlgorithmParameterizedTest" time="0.001"/>
  <testcase name="forJAVA(SignatureAlgorithm)[13]" classname="eu.europa.esig.dss.model.SignatureAlgorithmParameterizedTest" time="0.001"/>
  <testcase name="forJAVA(SignatureAlgorithm)[14]" classname="eu.europa.esig.dss.model.SignatureAlgorithmParameterizedTest" time="0.002"/>
  <testcase name="forJAVA(SignatureAlgorithm)[15]" classname="eu.europa.esig.dss.model.SignatureAlgorithmParameterizedTest" time="0.001"/>
  <testcase name="forJAVA(SignatureAlgorithm)[16]" classname="eu.europa.esig.dss.model.SignatureAlgorithmParameterizedTest" time="0.001"/>
  <testcase name="forJAVA(SignatureAlgorithm)[17]" classname="eu.europa.esig.dss.model.SignatureAlgorithmParameterizedTest" time="0.001"/>
  <testcase name="forJAVA(SignatureAlgorithm)[18]" classname="eu.europa.esig.dss.model.SignatureAlgorithmParameterizedTest" time="0"/>
  <testcase name="forJAVA(SignatureAlgorithm)[19]" classname="eu.europa.esig.dss.model.SignatureAlgorithmParameterizedTest" time="0.002"/>
  <testcase name="forJAVA(SignatureAlgorithm)[20]" classname="eu.europa.esig.dss.model.SignatureAlgorithmParameterizedTest" time="0.001"/>
  <testcase name="forJAVA(SignatureAlgorithm)[21]" classname="eu.europa.esig.dss.model.SignatureAlgorithmParameterizedTest" time="0.001"/>
  <testcase name="forJAVA(SignatureAlgorithm)[22]" classname="eu.europa.esig.dss.model.SignatureAlgorithmParameterizedTest" time="0.001"/>
  <testcase name="forJAVA(SignatureAlgorithm)[23]" classname="eu.europa.esig.dss.model.SignatureAlgorithmParameterizedTest" time="0.004"/>
  <testcase name="forJAVA(SignatureAlgorithm)[24]" classname="eu.europa.esig.dss.model.SignatureAlgorithmParameterizedTest" time="0.002"/>
  <testcase name="forJAVA(SignatureAlgorithm)[25]" classname="eu.europa.esig.dss.model.SignatureAlgorithmParameterizedTest" time="0.003"/>
  <testcase name="forJAVA(SignatureAlgorithm)[26]" classname="eu.europa.esig.dss.model.SignatureAlgorithmParameterizedTest" time="0.001"/>
  <testcase name="forJAVA(SignatureAlgorithm)[27]" classname="eu.europa.esig.dss.model.SignatureAlgorithmParameterizedTest" time="0.001"/>
  <testcase name="forJAVA(SignatureAlgorithm)[28]" classname="eu.europa.esig.dss.model.SignatureAlgorithmParameterizedTest" time="0.001"/>
  <testcase name="forJAVA(SignatureAlgorithm)[29]" classname="eu.europa.esig.dss.model.SignatureAlgorithmParameterizedTest" time="0"/>
  <testcase name="forJAVA(SignatureAlgorithm)[30]" classname="eu.europa.esig.dss.model.SignatureAlgorithmParameterizedTest" time="0"/>
  <testcase name="forJAVA(SignatureAlgorithm)[31]" classname="eu.europa.esig.dss.model.SignatureAlgorithmParameterizedTest" time="0.001"/>
  <testcase name="forJAVA(SignatureAlgorithm)[32]" classname="eu.europa.esig.dss.model.SignatureAlgorithmParameterizedTest" time="0.001"/>
  <testcase name="forJAVA(SignatureAlgorithm)[33]" classname="eu.europa.esig.dss.model.SignatureAlgorithmParameterizedTest" time="0.001"/>
  <testcase name="forJAVA(SignatureAlgorithm)[34]" classname="eu.europa.esig.dss.model.SignatureAlgorithmParameterizedTest" time="0.002"/>
  <testcase name="forJAVA(SignatureAlgorithm)[35]" classname="eu.europa.esig.dss.model.SignatureAlgorithmParameterizedTest" time="0.002"/>
  <testcase name="forJAVA(SignatureAlgorithm)[36]" classname="eu.europa.esig.dss.model.SignatureAlgorithmParameterizedTest" time="0.003"/>
  <testcase name="forJAVA(SignatureAlgorithm)[37]" classname="eu.europa.esig.dss.model.SignatureAlgorithmParameterizedTest" time="0.001"/>
  <testcase name="forJAVA(SignatureAlgorithm)[38]" classname="eu.europa.esig.dss.model.SignatureAlgorithmParameterizedTest" time="0.001"/>
  <testcase name="forJAVA(SignatureAlgorithm)[39]" classname="eu.europa.esig.dss.model.SignatureAlgorithmParameterizedTest" time="0.002"/>
  <testcase name="forJAVA(SignatureAlgorithm)[40]" classname="eu.europa.esig.dss.model.SignatureAlgorithmParameterizedTest" time="0.002"/>
  <testcase name="forJAVA(SignatureAlgorithm)[41]" classname="eu.europa.esig.dss.model.SignatureAlgorithmParameterizedTest" time="0.001"/>
  <testcase name="forJAVA(SignatureAlgorithm)[42]" classname="eu.europa.esig.dss.model.SignatureAlgorithmParameterizedTest" time="0.001"/>
  <testcase name="forJAVA(SignatureAlgorithm)[43]" classname="eu.europa.esig.dss.model.SignatureAlgorithmParameterizedTest" time="0"/>
  <testcase name="forJAVA(SignatureAlgorithm)[44]" classname="eu.europa.esig.dss.model.SignatureAlgorithmParameterizedTest" time="0.001"/>
  <testcase name="forJAVA(SignatureAlgorithm)[45]" classname="eu.europa.esig.dss.model.SignatureAlgorithmParameterizedTest" time="0.001"/>
  <testcase name="forJAVA(SignatureAlgorithm)[46]" classname="eu.europa.esig.dss.model.SignatureAlgorithmParameterizedTest" time="0"/>
  <testcase name="forJAVA(SignatureAlgorithm)[47]" classname="eu.europa.esig.dss.model.SignatureAlgorithmParameterizedTest" time="0"/>
  <testcase name="forJAVA(SignatureAlgorithm)[48]" classname="eu.europa.esig.dss.model.SignatureAlgorithmParameterizedTest" time="0.003"/>
  <testcase name="forJAVA(SignatureAlgorithm)[49]" classname="eu.europa.esig.dss.model.SignatureAlgorithmParameterizedTest" time="0.001"/>
  <testcase name="forJAVA(SignatureAlgorithm)[50]" classname="eu.europa.esig.dss.model.SignatureAlgorithmParameterizedTest" time="0"/>
  <testcase name="forJAVA(SignatureAlgorithm)[51]" classname="eu.europa.esig.dss.model.SignatureAlgorithmParameterizedTest" time="0.001"/>
  <testcase name="forJAVA(SignatureAlgorithm)[52]" classname="eu.europa.esig.dss.model.SignatureAlgorithmParameterizedTest" time="0.001"/>
  <testcase name="forJAVA(SignatureAlgorithm)[53]" classname="eu.europa.esig.dss.model.SignatureAlgorithmParameterizedTest" time="0.001"/>
  <testcase name="forJAVA(SignatureAlgorithm)[54]" classname="eu.europa.esig.dss.model.SignatureAlgorithmParameterizedTest" time="0.001"/>
  <testcase name="forJAVA(SignatureAlgorithm)[55]" classname="eu.europa.esig.dss.model.SignatureAlgorithmParameterizedTest" time="0.002"/>
  <testcase name="forJAVA(SignatureAlgorithm)[56]" classname="eu.europa.esig.dss.model.SignatureAlgorithmParameterizedTest" time="0"/>
  <testcase name="forJAVA(SignatureAlgorithm)[57]" classname="eu.europa.esig.dss.model.SignatureAlgorithmParameterizedTest" time="0"/>
  <testcase name="forJAVA(SignatureAlgorithm)[58]" classname="eu.europa.esig.dss.model.SignatureAlgorithmParameterizedTest" time="0.001"/>
  <testcase name="forJAVA(SignatureAlgorithm)[59]" classname="eu.europa.esig.dss.model.SignatureAlgorithmParameterizedTest" time="0.001"/>
  <testcase name="forJAVA(SignatureAlgorithm)[60]" classname="eu.europa.esig.dss.model.SignatureAlgorithmParameterizedTest" time="0.001"/>
  <testcase name="forJAVA(SignatureAlgorithm)[61]" classname="eu.europa.esig.dss.model.SignatureAlgorithmParameterizedTest" time="0.002"/>
  <testcase name="forJAVA(SignatureAlgorithm)[62]" classname="eu.europa.esig.dss.model.SignatureAlgorithmParameterizedTest" time="0"/>
  <testcase name="forJAVA(SignatureAlgorithm)[63]" classname="eu.europa.esig.dss.model.SignatureAlgorithmParameterizedTest" time="0.001"/>
  <testcase name="forJAVA(SignatureAlgorithm)[64]" classname="eu.europa.esig.dss.model.SignatureAlgorithmParameterizedTest" time="0.005"/>
  <testcase name="forJAVA(SignatureAlgorithm)[65]" classname="eu.europa.esig.dss.model.SignatureAlgorithmParameterizedTest" time="0.001"/>
  <testcase name="forJAVA(SignatureAlgorithm)[66]" classname="eu.europa.esig.dss.model.SignatureAlgorithmParameterizedTest" time="0.001"/>
  <testcase name="forJAVA(SignatureAlgorithm)[67]" classname="eu.europa.esig.dss.model.SignatureAlgorithmParameterizedTest" time="0.002"/>
  <testcase name="forJAVA(SignatureAlgorithm)[68]" classname="eu.europa.esig.dss.model.SignatureAlgorithmParameterizedTest" time="0.001"/>
  <testcase name="forJAVA(SignatureAlgorithm)[69]" classname="eu.europa.esig.dss.model.SignatureAlgorithmParameterizedTest" time="0.001"/>
  <testcase name="forJAVA(SignatureAlgorithm)[70]" classname="eu.europa.esig.dss.model.SignatureAlgorithmParameterizedTest" time="0.001"/>
  <testcase name="forJAVA(SignatureAlgorithm)[71]" classname="eu.europa.esig.dss.model.SignatureAlgorithmParameterizedTest" time="0.001"/>
  <testcase name="forJAVA(SignatureAlgorithm)[72]" classname="eu.europa.esig.dss.model.SignatureAlgorithmParameterizedTest" time="0.001"/>
  <testcase name="forJAVA(SignatureAlgorithm)[73]" classname="eu.europa.esig.dss.model.SignatureAlgorithmParameterizedTest" time="0.001"/>
  <testcase name="forJAVA(SignatureAlgorithm)[74]" classname="eu.europa.esig.dss.model.SignatureAlgorithmParameterizedTest" time="0"/>
  <testcase name="test(SignatureAlgorithm)[1]" classname="eu.europa.esig.dss.model.SignatureAlgorithmParameterizedTest" time="0.001"/>
  <testcase name="test(SignatureAlgorithm)[2]" classname="eu.europa.esig.dss.model.SignatureAlgorithmParameterizedTest" time="0.001"/>
  <testcase name="test(SignatureAlgorithm)[3]" classname="eu.europa.esig.dss.model.SignatureAlgorithmParameterizedTest" time="0.001"/>
  <testcase name="test(SignatureAlgorithm)[4]" classname="eu.europa.esig.dss.model.SignatureAlgorithmParameterizedTest" time="0"/>
  <testcase name="test(SignatureAlgorithm)[5]" classname="eu.europa.esig.dss.model.SignatureAlgorithmParameterizedTest" time="0"/>
  <testcase name="test(SignatureAlgorithm)[6]" classname="eu.europa.esig.dss.model.SignatureAlgorithmParameterizedTest" time="0"/>
  <testcase name="test(SignatureAlgorithm)[7]" classname="eu.europa.esig.dss.model.SignatureAlgorithmParameterizedTest" time="0.001"/>
  <testcase name="test(SignatureAlgorithm)[8]" classname="eu.europa.esig.dss.model.SignatureAlgorithmParameterizedTest" time="0"/>
  <testcase name="test(SignatureAlgorithm)[9]" classname="eu.europa.esig.dss.model.SignatureAlgorithmParameterizedTest" time="0"/>
  <testcase name="test(SignatureAlgorithm)[10]" classname="eu.europa.esig.dss.model.SignatureAlgorithmParameterizedTest" time="0.001"/>
  <testcase name="test(SignatureAlgorithm)[11]" classname="eu.europa.esig.dss.model.SignatureAlgorithmParameterizedTest" time="0.001"/>
  <testcase name="test(SignatureAlgorithm)[12]" classname="eu.europa.esig.dss.model.SignatureAlgorithmParameterizedTest" time="0.002"/>
  <testcase name="test(SignatureAlgorithm)[13]" classname="eu.europa.esig.dss.model.SignatureAlgorithmParameterizedTest" time="0.001"/>
  <testcase name="test(SignatureAlgorithm)[14]" classname="eu.europa.esig.dss.model.SignatureAlgorithmParameterizedTest" time="0.001"/>
  <testcase name="test(SignatureAlgorithm)[15]" classname="eu.europa.esig.dss.model.SignatureAlgorithmParameterizedTest" time="0"/>
  <testcase name="test(SignatureAlgorithm)[16]" classname="eu.europa.esig.dss.model.SignatureAlgorithmParameterizedTest" time="0.002"/>
  <testcase name="test(SignatureAlgorithm)[17]" classname="eu.europa.esig.dss.model.SignatureAlgorithmParameterizedTest" time="0.001"/>
  <testcase name="test(SignatureAlgorithm)[18]" classname="eu.europa.esig.dss.model.SignatureAlgorithmParameterizedTest" time="0.002"/>
  <testcase name="test(SignatureAlgorithm)[19]" classname="eu.europa.esig.dss.model.SignatureAlgorithmParameterizedTest" time="0.001"/>
  <testcase name="test(SignatureAlgorithm)[20]" classname="eu.europa.esig.dss.model.SignatureAlgorithmParameterizedTest" time="0.001"/>
  <testcase name="test(SignatureAlgorithm)[21]" classname="eu.europa.esig.dss.model.SignatureAlgorithmParameterizedTest" time="0"/>
  <testcase name="test(SignatureAlgorithm)[22]" classname="eu.europa.esig.dss.model.SignatureAlgorithmParameterizedTest" time="0.001"/>
  <testcase name="test(SignatureAlgorithm)[23]" classname="eu.europa.esig.dss.model.SignatureAlgorithmParameterizedTest" time="0"/>
  <testcase name="test(SignatureAlgorithm)[24]" classname="eu.europa.esig.dss.model.SignatureAlgorithmParameterizedTest" time="0.001"/>
  <testcase name="test(SignatureAlgorithm)[25]" classname="eu.europa.esig.dss.model.SignatureAlgorithmParameterizedTest" time="0.001"/>
  <testcase name="test(SignatureAlgorithm)[26]" classname="eu.europa.esig.dss.model.SignatureAlgorithmParameterizedTest" time="0.003"/>
  <testcase name="test(SignatureAlgorithm)[27]" classname="eu.europa.esig.dss.model.SignatureAlgorithmParameterizedTest" time="0.001"/>
  <testcase name="test(SignatureAlgorithm)[28]" classname="eu.europa.esig.dss.model.SignatureAlgorithmParameterizedTest" time="0.001"/>
  <testcase name="test(SignatureAlgorithm)[29]" classname="eu.europa.esig.dss.model.SignatureAlgorithmParameterizedTest" time="0.002"/>
  <testcase name="test(SignatureAlgorithm)[30]" classname="eu.europa.esig.dss.model.SignatureAlgorithmParameterizedTest" time="0.001"/>
  <testcase name="test(SignatureAlgorithm)[31]" classname="eu.europa.esig.dss.model.SignatureAlgorithmParameterizedTest" time="0.001"/>
  <testcase name="test(SignatureAlgorithm)[32]" classname="eu.europa.esig.dss.model.SignatureAlgorithmParameterizedTest" time="0.002"/>
  <testcase name="test(SignatureAlgorithm)[33]" classname="eu.europa.esig.dss.model.SignatureAlgorithmParameterizedTest" time="0.002"/>
  <testcase name="test(SignatureAlgorithm)[34]" classname="eu.europa.esig.dss.model.SignatureAlgorithmParameterizedTest" time="0"/>
  <testcase name="test(SignatureAlgorithm)[35]" classname="eu.europa.esig.dss.model.SignatureAlgorithmParameterizedTest" time="0.003"/>
  <testcase name="test(SignatureAlgorithm)[36]" classname="eu.europa.esig.dss.model.SignatureAlgorithmParameterizedTest" time="0.001"/>
  <testcase name="test(SignatureAlgorithm)[37]" classname="eu.europa.esig.dss.model.SignatureAlgorithmParameterizedTest" time="0.002"/>
  <testcase name="test(SignatureAlgorithm)[38]" classname="eu.europa.esig.dss.model.SignatureAlgorithmParameterizedTest" time="0"/>
  <testcase name="test(SignatureAlgorithm)[39]" classname="eu.europa.esig.dss.model.SignatureAlgorithmParameterizedTest" time="0.002"/>
  <testcase name="test(SignatureAlgorithm)[40]" classname="eu.europa.esig.dss.model.SignatureAlgorithmParameterizedTest" time="0.001"/>
  <testcase name="test(SignatureAlgorithm)[41]" classname="eu.europa.esig.dss.model.SignatureAlgorithmParameterizedTest" time="0.002"/>
  <testcase name="test(SignatureAlgorithm)[42]" classname="eu.europa.esig.dss.model.SignatureAlgorithmParameterizedTest" time="0.001"/>
  <testcase name="test(SignatureAlgorithm)[43]" classname="eu.europa.esig.dss.model.SignatureAlgorithmParameterizedTest" time="0.001"/>
  <testcase name="test(SignatureAlgorithm)[44]" classname="eu.europa.esig.dss.model.SignatureAlgorithmParameterizedTest" time="0"/>
  <testcase name="test(SignatureAlgorithm)[45]" classname="eu.europa.esig.dss.model.SignatureAlgorithmParameterizedTest" time="0.001"/>
  <testcase name="test(SignatureAlgorithm)[46]" classname="eu.europa.esig.dss.model.SignatureAlgorithmParameterizedTest" time="0.001"/>
  <testcase name="test(SignatureAlgorithm)[47]" classname="eu.europa.esig.dss.model.SignatureAlgorithmParameterizedTest" time="0.005"/>
  <testcase name="test(SignatureAlgorithm)[48]" classname="eu.europa.esig.dss.model.SignatureAlgorithmParameterizedTest" time="0"/>
  <testcase name="test(SignatureAlgorithm)[49]" classname="eu.europa.esig.dss.model.SignatureAlgorithmParameterizedTest" time="0"/>
  <testcase name="test(SignatureAlgorithm)[50]" classname="eu.europa.esig.dss.model.SignatureAlgorithmParameterizedTest" time="0.001"/>
  <testcase name="test(SignatureAlgorithm)[51]" classname="eu.europa.esig.dss.model.SignatureAlgorithmParameterizedTest" time="0.001"/>
  <testcase name="test(SignatureAlgorithm)[52]" classname="eu.europa.esig.dss.model.SignatureAlgorithmParameterizedTest" time="0.001"/>
  <testcase name="test(SignatureAlgorithm)[53]" classname="eu.europa.esig.dss.model.SignatureAlgorithmParameterizedTest" time="0"/>
  <testcase name="test(SignatureAlgorithm)[54]" classname="eu.europa.esig.dss.model.SignatureAlgorithmParameterizedTest" time="0.001"/>
  <testcase name="test(SignatureAlgorithm)[55]" classname="eu.europa.esig.dss.model.SignatureAlgorithmParameterizedTest" time="0.001"/>
  <testcase name="test(SignatureAlgorithm)[56]" classname="eu.europa.esig.dss.model.SignatureAlgorithmParameterizedTest" time="0.001"/>
  <testcase name="test(SignatureAlgorithm)[57]" classname="eu.europa.esig.dss.model.SignatureAlgorithmParameterizedTest" time="0"/>
  <testcase name="test(SignatureAlgorithm)[58]" classname="eu.europa.esig.dss.model.SignatureAlgorithmParameterizedTest" time="0"/>
  <testcase name="test(SignatureAlgorithm)[59]" classname="eu.europa.esig.dss.model.SignatureAlgorithmParameterizedTest" time="0.001"/>
  <testcase name="test(SignatureAlgorithm)[60]" classname="eu.europa.esig.dss.model.SignatureAlgorithmParameterizedTest" time="0.002"/>
  <testcase name="test(SignatureAlgorithm)[61]" classname="eu.europa.esig.dss.model.SignatureAlgorithmParameterizedTest" time="0.001"/>
  <testcase name="test(SignatureAlgorithm)[62]" classname="eu.europa.esig.dss.model.SignatureAlgorithmParameterizedTest" time="0"/>
  <testcase name="test(SignatureAlgorithm)[63]" classname="eu.europa.esig.dss.model.SignatureAlgorithmParameterizedTest" time="0"/>
  <testcase name="test(SignatureAlgorithm)[64]" classname="eu.europa.esig.dss.model.SignatureAlgorithmParameterizedTest" time="0.001"/>
  <testcase name="test(SignatureAlgorithm)[65]" classname="eu.europa.esig.dss.model.SignatureAlgorithmParameterizedTest" time="0.001"/>
  <testcase name="test(SignatureAlgorithm)[66]" classname="eu.europa.esig.dss.model.SignatureAlgorithmParameterizedTest" time="0.002"/>
  <testcase name="test(SignatureAlgorithm)[67]" classname="eu.europa.esig.dss.model.SignatureAlgorithmParameterizedTest" time="0"/>
  <testcase name="test(SignatureAlgorithm)[68]" classname="eu.europa.esig.dss.model.SignatureAlgorithmParameterizedTest" time="0.001"/>
  <testcase name="test(SignatureAlgorithm)[69]" classname="eu.europa.esig.dss.model.SignatureAlgorithmParameterizedTest" time="0.001"/>
  <testcase name="test(SignatureAlgorithm)[70]" classname="eu.europa.esig.dss.model.SignatureAlgorithmParameterizedTest" time="0.001"/>
  <testcase name="test(SignatureAlgorithm)[71]" classname="eu.europa.esig.dss.model.SignatureAlgorithmParameterizedTest" time="0.001"/>
  <testcase name="test(SignatureAlgorithm)[72]" classname="eu.europa.esig.dss.model.SignatureAlgorithmParameterizedTest" time="0"/>
  <testcase name="test(SignatureAlgorithm)[73]" classname="eu.europa.esig.dss.model.SignatureAlgorithmParameterizedTest" time="0.001"/>
  <testcase name="test(SignatureAlgorithm)[74]" classname="eu.europa.esig.dss.model.SignatureAlgorithmParameterizedTest" time="0"/>
</testsuite>