<?xml version="1.0" encoding="UTF-8"?>
<testsuite xmlns:xsi="http://www.w3.org/2001/XMLSchema-instance" xsi:noNamespaceSchemaLocation="https://maven.apache.org/surefire/maven-surefire-plugin/xsd/surefire-test-report-3.0.xsd" version="3.0" name="eu.europa.esig.dss.model.x509.CertificateTokenTest" time="0.358" tests="102" errors="0" skipped="0" failures="0">
  <properties>
    <property name="java.specification.version" value="19"/>
    <property name="sun.cpu.isalist" value="amd64"/>
    <property name="sun.jnu.encoding" value="Cp1252"/>
    <property name="java.class.path" value="C:\Users\amadoria\Documents\Projects\HAPKIDO\WP4\dss-fork\dss-model\target\test-classes;C:\Users\amadoria\Documents\Projects\HAPKIDO\WP4\dss-fork\dss-model\target\classes;C:\Users\amadoria\Documents\Projects\HAPKIDO\WP4\dss-fork\dss-enumerations\target\dss-enumerations-5.12.RC1.jar;C:\Users\amadoria\.m2\repository\org\slf4j\slf4j-api\2.0.6\slf4j-api-2.0.6.jar;C:\Users\amadoria\.m2\repository\org\junit\platform\junit-platform-launcher\1.9.2\junit-platform-launcher-1.9.2.jar;C:\Users\amadoria\.m2\repository\org\junit\platform\junit-platform-engine\1.9.2\junit-platform-engine-1.9.2.jar;C:\Users\amadoria\.m2\repository\org\opentest4j\opentest4j\1.2.0\opentest4j-1.2.0.jar;C:\Users\amadoria\.m2\repository\org\junit\platform\junit-platform-commons\1.9.2\junit-platform-commons-1.9.2.jar;C:\Users\amadoria\.m2\repository\org\apiguardian\apiguardian-api\1.1.2\apiguardian-api-1.1.2.jar;C:\Users\amadoria\.m2\repository\org\junit\jupiter\junit-jupiter-engine\5.9.2\junit-jupiter-engine-5.9.2.jar;C:\Users\amadoria\.m2\repository\org\junit\jupiter\junit-jupiter-api\5.9.2\junit-jupiter-api-5.9.2.jar;C:\Users\amadoria\.m2\repository\org\junit\jupiter\junit-jupiter-params\5.9.2\junit-jupiter-params-5.9.2.jar;C:\Users\amadoria\Documents\Projects\HAPKIDO\WP4\dss-fork\dss-model\libs\bcpkix-jdk18on-173b20.jar;C:\Users\amadoria\Documents\Projects\HAPKIDO\WP4\dss-fork\dss-model\libs\bcprov-jdk18on-173b20.jar;C:\Users\amadoria\Documents\Projects\HAPKIDO\WP4\dss-fork\dss-model\libs\bcutil-jdk18on-173b20.jar;C:\Users\amadoria\.m2\repository\ch\qos\logback\logback-classic\1.3.5\logback-classic-1.3.5.jar;C:\Users\amadoria\.m2\repository\ch\qos\logback\logback-core\1.3.5\logback-core-1.3.5.jar;"/>
    <property name="java.vm.vendor" value="Oracle Corporation"/>
    <property name="sun.arch.data.model" value="64"/>
    <property name="user.variant" value=""/>
    <property name="java.vendor.url" value="https://java.oracle.com/"/>
    <property name="user.timezone" value="Europe/Amsterdam"/>
    <property name="os.name" value="Windows 10"/>
    <property name="java.vm.specification.version" value="19"/>
    <property name="sun.java.launcher" value="SUN_STANDARD"/>
    <property name="user.country" value="US"/>
    <property name="sun.boot.library.path" value="C:\Program Files\Java\jdk-19\bin"/>
    <property name="sun.java.command" value="C:\Users\amadoria\AppData\Local\Temp\surefire1773531429223983061\surefirebooter-20230428113605805_86.jar C:\Users\amadoria\AppData\Local\Temp\surefire1773531429223983061 2023-04-28T11-29-53_553-jvmRun1 surefire-20230428113605805_84tmp surefire_21-20230428113605805_85tmp"/>
    <property name="jdk.debug" value="release"/>
    <property name="surefire.test.class.path" value="C:\Users\amadoria\Documents\Projects\HAPKIDO\WP4\dss-fork\dss-model\target\test-classes;C:\Users\amadoria\Documents\Projects\HAPKIDO\WP4\dss-fork\dss-model\target\classes;C:\Users\amadoria\Documents\Projects\HAPKIDO\WP4\dss-fork\dss-enumerations\target\dss-enumerations-5.12.RC1.jar;C:\Users\amadoria\.m2\repository\org\slf4j\slf4j-api\2.0.6\slf4j-api-2.0.6.jar;C:\Users\amadoria\.m2\repository\org\junit\platform\junit-platform-launcher\1.9.2\junit-platform-launcher-1.9.2.jar;C:\Users\amadoria\.m2\repository\org\junit\platform\junit-platform-engine\1.9.2\junit-platform-engine-1.9.2.jar;C:\Users\amadoria\.m2\repository\org\opentest4j\opentest4j\1.2.0\opentest4j-1.2.0.jar;C:\Users\amadoria\.m2\repository\org\junit\platform\junit-platform-commons\1.9.2\junit-platform-commons-1.9.2.jar;C:\Users\amadoria\.m2\repository\org\apiguardian\apiguardian-api\1.1.2\apiguardian-api-1.1.2.jar;C:\Users\amadoria\.m2\repository\org\junit\jupiter\junit-jupiter-engine\5.9.2\junit-jupiter-engine-5.9.2.jar;C:\Users\amadoria\.m2\repository\org\junit\jupiter\junit-jupiter-api\5.9.2\junit-jupiter-api-5.9.2.jar;C:\Users\amadoria\.m2\repository\org\junit\jupiter\junit-jupiter-params\5.9.2\junit-jupiter-params-5.9.2.jar;C:\Users\amadoria\Documents\Projects\HAPKIDO\WP4\dss-fork\dss-model\libs\bcpkix-jdk18on-173b20.jar;C:\Users\amadoria\Documents\Projects\HAPKIDO\WP4\dss-fork\dss-model\libs\bcprov-jdk18on-173b20.jar;C:\Users\amadoria\Documents\Projects\HAPKIDO\WP4\dss-fork\dss-model\libs\bcutil-jdk18on-173b20.jar;C:\Users\amadoria\.m2\repository\ch\qos\logback\logback-classic\1.3.5\logback-classic-1.3.5.jar;C:\Users\amadoria\.m2\repository\ch\qos\logback\logback-core\1.3.5\logback-core-1.3.5.jar;"/>
    <property name="sun.cpu.endian" value="little"/>
    <property name="user.home" value="C:\Users\amadoria"/>
    <property name="user.language" value="en"/>
    <property name="java.specification.vendor" value="Oracle Corporation"/>
    <property name="java.version.date" value="2023-01-17"/>
    <property name="java.home" value="C:\Program Files\Java\jdk-19"/>
    <property name="file.separator" value="\"/>
    <property name="basedir" value="C:\Users\amadoria\Documents\Projects\HAPKIDO\WP4\dss-fork\dss-model"/>
    <property name="java.vm.compressedOopsMode" value="Zero based"/>
    <property name="line.separator" value="&#10;"/>
    <property name="java.vm.specification.vendor" value="Oracle Corporation"/>
    <property name="java.specification.name" value="Java Platform API Specification"/>
    <property name="surefire.real.class.path" value="C:\Users\amadoria\AppData\Local\Temp\surefire1773531429223983061\surefirebooter-20230428113605805_86.jar"/>
    <property name="user.script" value=""/>
    <property name="sun.management.compiler" value="HotSpot 64-Bit Tiered Compilers"/>
    <property name="java.runtime.version" value="19.0.2+7-44"/>
    <property name="user.name" value="amadoria"/>
    <property name="stdout.encoding" value="Cp1252"/>
    <property name="path.separator" value=";"/>
    <property name="os.version" value="10.0"/>
    <property name="java.runtime.name" value="Java(TM) SE Runtime Environment"/>
    <property name="file.encoding" value="UTF-8"/>
    <property name="java.vm.name" value="Java HotSpot(TM) 64-Bit Server VM"/>
    <property name="localRepository" value="C:\Users\amadoria\.m2\repository"/>
    <property name="java.vendor.url.bug" value="https://bugreport.java.com/bugreport/"/>
    <property name="java.io.tmpdir" value="C:\Users\amadoria\AppData\Local\Temp\"/>
    <property name="java.version" value="19.0.2"/>
    <property name="user.dir" value="C:\Users\amadoria\Documents\Projects\HAPKIDO\WP4\dss-fork\dss-model"/>
    <property name="os.arch" value="amd64"/>
    <property name="java.vm.specification.name" value="Java Virtual Machine Specification"/>
    <property name="sun.os.patch.level" value=""/>
    <property name="native.encoding" value="Cp1252"/>
    <property name="java.library.path" value="C:\Program Files\Java\jdk-19\bin;C:\WINDOWS\Sun\Java\bin;C:\WINDOWS\system32;C:\WINDOWS;C:\Program Files\Common Files\Oracle\Java\javapath;C:\Program Files\Eclipse Adoptium\jdk-17.0.5.8-hotspot\bin;C:\WINDOWS\system32;C:\WINDOWS;C:\WINDOWS\System32\Wbem;C:\WINDOWS\System32\WindowsPowerShell\v1.0\;C:\WINDOWS\System32\OpenSSH\;C:\Program Files\dotnet\;C:\ProgramData\chocolatey\bin;C:\Program Files\Gradle\gradle-8.0.2\bin;C:\Program Files\Maven\apache-maven-3.9.0\bin;;C:\Program Files\Docker\Docker\resources\bin;C:\Users\amadoria\AppData\Local\Programs\Python\Python38\Scripts\;C:\Users\amadoria\AppData\Local\Programs\Python\Python38\;C:\Users\amadoria\AppData\Local\Microsoft\WindowsApps;C:\Users\amadoria\AppData\Local\Programs\MiKTeX\miktex\bin\x64\;C:\Users\amadoria\AppData\Local\Programs\Microsoft VS Code\bin;C:\Users\amadoria\AppData\Roaming\Python\Scripts\;C:\Users\amadoria\AppData\Local\Programs\Git\cmd;C:\Program Files\JetBrains\IntelliJ IDEA Community Edition 2022.3.3\bin;;."/>
    <property name="java.vm.info" value="mixed mode, sharing"/>
    <property name="stderr.encoding" value="Cp1252"/>
    <property name="java.vendor" value="Oracle Corporation"/>
    <property name="java.vm.version" value="19.0.2+7-44"/>
    <property name="sun.io.unicode.encoding" value="UnicodeLittle"/>
    <property name="java.class.version" value="63.0"/>
  </properties>
  <testcase name="pss" classname="eu.europa.esig.dss.model.x509.CertificateTokenTest" time="0.043"/>
  <testcase name="test" classname="eu.europa.esig.dss.model.x509.CertificateTokenTest" time="0.046">
    <system-out><![CDATA[11:36:11.983 [main] INFO eu.europa.esig.dss.model.x509.CertificateTokenTest - CertificateToken[
	DSS Id              : C-EE5974F425DA9B5CA151211AA9C23C7A744D9EB936B67A16F8B4880AE4D90E04
	Identity Id         : EntityIdentifier:SHA256:#F8E5F905BC939911267B83D50814A90323B51E183629DB52D4FC2D5468A5A578
	Validity period     : Thu Oct 04 14:00:00 CEST 2007 - Mon Jan 27 00:00:00 CET 2014
	Subject name        : cn=belgium root ca2,c=be
	Issuer subject name : cn=globalsign root ca,ou=root ca,o=globalsign nv-sa,c=be
	Serial Number       : 4835703278459708194794110
	Signature algorithm : RSA_SHA1
]
11:36:12.013 [main] INFO eu.europa.esig.dss.model.x509.CertificateTokenTest - CertificateToken[
	DSS Id              : C-CFFA9C01EC59C29E718D0DD0EF5479F09B51C95780AFB7BD69D3C8054AFE4D28
	Identity Id         : EntityIdentifier:SHA256:#F8E5F905BC939911267B83D50814A90323B51E183629DB52D4FC2D5468A5A578
	Validity period     : Thu Oct 10 13:00:00 CEST 2013 - Tue May 13 00:59:00 CEST 2025
	Subject name        : cn=belgium root ca2,c=be
	Issuer subject name : cn=cybertrust global root,o=cybertrust\, inc
	Serial Number       : 4835703278459898099217594
	Signature algorithm : RSA_SHA1
]
11:36:12.014 [main] INFO eu.europa.esig.dss.model.x509.CertificateTokenTest - CertificateToken[
	DSS Id              : C-9F9744463BE13714754E1A3BECF98C08CC205E4AB32028F4E2830C4A1B2775B8
	Identity Id         : EntityIdentifier:SHA256:#F8E5F905BC939911267B83D50814A90323B51E183629DB52D4FC2D5468A5A578
	Validity period     : Thu Oct 04 12:00:00 CEST 2007 - Wed Dec 15 09:00:00 CET 2021
	Subject name        : cn=belgium root ca2,c=be
	Issuer subject name : cn=belgium root ca2,c=be
	Serial Number       : 3098404661496965511
	Signature algorithm : RSA_SHA1
	[SELF-SIGNED]
]
11:36:12.016 [main] INFO eu.europa.esig.dss.model.x509.CertificateTokenTest - CertificateToken[
	DSS Id              : C-54455F7129C20B1447C418F997168F24C58FC5023BF5DA5BE2EB6E1DD8902ED5
	Identity Id         : EntityIdentifier:SHA256:#B738290CC08547E79AC67F831EBB33547C4E7DB4514E2D2988C23C441340EB41
	Validity period     : Thu Mar 05 14:21:57 CET 2015 - Mon Mar 05 14:21:57 CET 2035
	Subject name        : cn=luxtrust global root 2,o=luxtrust s.a.,c=lu
	Issuer subject name : cn=luxtrust global root 2,o=luxtrust s.a.,c=lu
	Serial Number       : 59914338225734147123941058376788110305822489521
	Signature algorithm : RSA_SHA256
	[SELF-SIGNED]
]
]]></system-out>
  </testcase>
  <testcase name="testEquals" classname="eu.europa.esig.dss.model.x509.CertificateTokenTest" time="0.013"/>
  <testcase name="testEquals" classname="eu.europa.esig.dss.model.x509.CertificateTokenTest" time="0.002"/>
  <testcase name="testEquals" classname="eu.europa.esig.dss.model.x509.CertificateTokenTest" time="0.003"/>
  <testcase name="testEquals" classname="eu.europa.esig.dss.model.x509.CertificateTokenTest" time="0.002"/>
  <testcase name="testEquals" classname="eu.europa.esig.dss.model.x509.CertificateTokenTest" time="0.001"/>
  <testcase name="testEquals" classname="eu.europa.esig.dss.model.x509.CertificateTokenTest" time="0.001"/>
  <testcase name="testEquals" classname="eu.europa.esig.dss.model.x509.CertificateTokenTest" time="0.002"/>
  <testcase name="testEquals" classname="eu.europa.esig.dss.model.x509.CertificateTokenTest" time="0"/>
  <testcase name="testEquals" classname="eu.europa.esig.dss.model.x509.CertificateTokenTest" time="0.002"/>
  <testcase name="testEquals" classname="eu.europa.esig.dss.model.x509.CertificateTokenTest" time="0.002"/>
  <testcase name="testEquals" classname="eu.europa.esig.dss.model.x509.CertificateTokenTest" time="0.002"/>
  <testcase name="testEquals" classname="eu.europa.esig.dss.model.x509.CertificateTokenTest" time="0.001"/>
  <testcase name="testEquals" classname="eu.europa.esig.dss.model.x509.CertificateTokenTest" time="0.003"/>
  <testcase name="testEquals" classname="eu.europa.esig.dss.model.x509.CertificateTokenTest" time="0.003"/>
  <testcase name="testEquals" classname="eu.europa.esig.dss.model.x509.CertificateTokenTest" time="0.004"/>
  <testcase name="testEquals" classname="eu.europa.esig.dss.model.x509.CertificateTokenTest" time="0.001"/>
  <testcase name="testEquals" classname="eu.europa.esig.dss.model.x509.CertificateTokenTest" time="0.002"/>
  <testcase name="testEquals" classname="eu.europa.esig.dss.model.x509.CertificateTokenTest" time="0.001"/>
  <testcase name="testEquals" classname="eu.europa.esig.dss.model.x509.CertificateTokenTest" time="0.002"/>
  <testcase name="testEquals" classname="eu.europa.esig.dss.model.x509.CertificateTokenTest" time="0.001"/>
  <testcase name="testEquals" classname="eu.europa.esig.dss.model.x509.CertificateTokenTest" time="0.001"/>
  <testcase name="testEquals" classname="eu.europa.esig.dss.model.x509.CertificateTokenTest" time="0.001"/>
  <testcase name="testEquals" classname="eu.europa.esig.dss.model.x509.CertificateTokenTest" time="0.001"/>
  <testcase name="testEquals" classname="eu.europa.esig.dss.model.x509.CertificateTokenTest" time="0.003"/>
  <testcase name="testEquals" classname="eu.europa.esig.dss.model.x509.CertificateTokenTest" time="0"/>
  <testcase name="testEquals" classname="eu.europa.esig.dss.model.x509.CertificateTokenTest" time="0.003"/>
  <testcase name="testEquals" classname="eu.europa.esig.dss.model.x509.CertificateTokenTest" time="0.002"/>
  <testcase name="testEquals" classname="eu.europa.esig.dss.model.x509.CertificateTokenTest" time="0.001"/>
  <testcase name="testEquals" classname="eu.europa.esig.dss.model.x509.CertificateTokenTest" time="0.002"/>
  <testcase name="testEquals" classname="eu.europa.esig.dss.model.x509.CertificateTokenTest" time="0.002"/>
  <testcase name="testEquals" classname="eu.europa.esig.dss.model.x509.CertificateTokenTest" time="0.002"/>
  <testcase name="testEquals" classname="eu.europa.esig.dss.model.x509.CertificateTokenTest" time="0.002"/>
  <testcase name="testEquals" classname="eu.europa.esig.dss.model.x509.CertificateTokenTest" time="0.002"/>
  <testcase name="testEquals" classname="eu.europa.esig.dss.model.x509.CertificateTokenTest" time="0.001"/>
  <testcase name="testEquals" classname="eu.europa.esig.dss.model.x509.CertificateTokenTest" time="0.001"/>
  <testcase name="testEquals" classname="eu.europa.esig.dss.model.x509.CertificateTokenTest" time="0.002"/>
  <testcase name="testEquals" classname="eu.europa.esig.dss.model.x509.CertificateTokenTest" time="0.003"/>
  <testcase name="testEquals" classname="eu.europa.esig.dss.model.x509.CertificateTokenTest" time="0.003"/>
  <testcase name="testEquals" classname="eu.europa.esig.dss.model.x509.CertificateTokenTest" time="0.002"/>
  <testcase name="testEquals" classname="eu.europa.esig.dss.model.x509.CertificateTokenTest" time="0.001"/>
  <testcase name="testEquals" classname="eu.europa.esig.dss.model.x509.CertificateTokenTest" time="0.002"/>
  <testcase name="testEquals" classname="eu.europa.esig.dss.model.x509.CertificateTokenTest" time="0.002"/>
  <testcase name="testEquals" classname="eu.europa.esig.dss.model.x509.CertificateTokenTest" time="0.002"/>
  <testcase name="testEquals" classname="eu.europa.esig.dss.model.x509.CertificateTokenTest" time="0.001"/>
  <testcase name="testEquals" classname="eu.europa.esig.dss.model.x509.CertificateTokenTest" time="0.001"/>
  <testcase name="testEquals" classname="eu.europa.esig.dss.model.x509.CertificateTokenTest" time="0.002"/>
  <testcase name="testEquals" classname="eu.europa.esig.dss.model.x509.CertificateTokenTest" time="0.001"/>
  <testcase name="testEquals" classname="eu.europa.esig.dss.model.x509.CertificateTokenTest" time="0.002"/>
  <testcase name="testEquals" classname="eu.europa.esig.dss.model.x509.CertificateTokenTest" time="0.001"/>
  <testcase name="testEquals" classname="eu.europa.esig.dss.model.x509.CertificateTokenTest" time="0.001"/>
  <testcase name="testEquals" classname="eu.europa.esig.dss.model.x509.CertificateTokenTest" time="0.001"/>
  <testcase name="testEquals" classname="eu.europa.esig.dss.model.x509.CertificateTokenTest" time="0.001"/>
  <testcase name="testEquals" classname="eu.europa.esig.dss.model.x509.CertificateTokenTest" time="0.002"/>
  <testcase name="testEquals" classname="eu.europa.esig.dss.model.x509.CertificateTokenTest" time="0"/>
  <testcase name="testEquals" classname="eu.europa.esig.dss.model.x509.CertificateTokenTest" time="0.001"/>
  <testcase name="testEquals" classname="eu.europa.esig.dss.model.x509.CertificateTokenTest" time="0.001"/>
  <testcase name="testEquals" classname="eu.europa.esig.dss.model.x509.CertificateTokenTest" time="0.001"/>
  <testcase name="testEquals" classname="eu.europa.esig.dss.model.x509.CertificateTokenTest" time="0.001"/>
  <testcase name="testEquals" classname="eu.europa.esig.dss.model.x509.CertificateTokenTest" time="0"/>
  <testcase name="testEquals" classname="eu.europa.esig.dss.model.x509.CertificateTokenTest" time="0"/>
  <testcase name="testEquals" classname="eu.europa.esig.dss.model.x509.CertificateTokenTest" time="0.002"/>
  <testcase name="testEquals" classname="eu.europa.esig.dss.model.x509.CertificateTokenTest" time="0.002"/>
  <testcase name="testEquals" classname="eu.europa.esig.dss.model.x509.CertificateTokenTest" time="0.001"/>
  <testcase name="testEquals" classname="eu.europa.esig.dss.model.x509.CertificateTokenTest" time="0.001"/>
  <testcase name="testEquals" classname="eu.europa.esig.dss.model.x509.CertificateTokenTest" time="0.001"/>
  <testcase name="testEquals" classname="eu.europa.esig.dss.model.x509.CertificateTokenTest" time="0.002"/>
  <testcase name="testEquals" classname="eu.europa.esig.dss.model.x509.CertificateTokenTest" time="0.001"/>
  <testcase name="testEquals" classname="eu.europa.esig.dss.model.x509.CertificateTokenTest" time="0.001"/>
  <testcase name="testEquals" classname="eu.europa.esig.dss.model.x509.CertificateTokenTest" time="0.002"/>
  <testcase name="testEquals" classname="eu.europa.esig.dss.model.x509.CertificateTokenTest" time="0.001"/>
  <testcase name="testEquals" classname="eu.europa.esig.dss.model.x509.CertificateTokenTest" time="0.002"/>
  <testcase name="testEquals" classname="eu.europa.esig.dss.model.x509.CertificateTokenTest" time="0.002"/>
  <testcase name="testEquals" classname="eu.europa.esig.dss.model.x509.CertificateTokenTest" time="0.002"/>
  <testcase name="testEquals" classname="eu.europa.esig.dss.model.x509.CertificateTokenTest" time="0.001"/>
  <testcase name="testEquals" classname="eu.europa.esig.dss.model.x509.CertificateTokenTest" time="0.002"/>
  <testcase name="testEquals" classname="eu.europa.esig.dss.model.x509.CertificateTokenTest" time="0.002"/>
  <testcase name="testEquals" classname="eu.europa.esig.dss.model.x509.CertificateTokenTest" time="0.002"/>
  <testcase name="testEquals" classname="eu.europa.esig.dss.model.x509.CertificateTokenTest" time="0.001"/>
  <testcase name="testEquals" classname="eu.europa.esig.dss.model.x509.CertificateTokenTest" time="0.001"/>
  <testcase name="testEquals" classname="eu.europa.esig.dss.model.x509.CertificateTokenTest" time="0.001"/>
  <testcase name="testEquals" classname="eu.europa.esig.dss.model.x509.CertificateTokenTest" time="0.001"/>
  <testcase name="testEquals" classname="eu.europa.esig.dss.model.x509.CertificateTokenTest" time="0.001"/>
  <testcase name="testEquals" classname="eu.europa.esig.dss.model.x509.CertificateTokenTest" time="0.001"/>
  <testcase name="testEquals" classname="eu.europa.esig.dss.model.x509.CertificateTokenTest" time="0.002"/>
  <testcase name="testEquals" classname="eu.europa.esig.dss.model.x509.CertificateTokenTest" time="0.001"/>
  <testcase name="testEquals" classname="eu.europa.esig.dss.model.x509.CertificateTokenTest" time="0.001"/>
  <testcase name="testEquals" classname="eu.europa.esig.dss.model.x509.CertificateTokenTest" time="0.001"/>
  <testcase name="testEquals" classname="eu.europa.esig.dss.model.x509.CertificateTokenTest" time="0.001"/>
  <testcase name="testEquals" classname="eu.europa.esig.dss.model.x509.CertificateTokenTest" time="0.001"/>
  <testcase name="testEquals" classname="eu.europa.esig.dss.model.x509.CertificateTokenTest" time="0.001"/>
  <testcase name="testEquals" classname="eu.europa.esig.dss.model.x509.CertificateTokenTest" time="0.001"/>
  <testcase name="testEquals" classname="eu.europa.esig.dss.model.x509.CertificateTokenTest" time="0.001"/>
  <testcase name="testEquals" classname="eu.europa.esig.dss.model.x509.CertificateTokenTest" time="0.001"/>
  <testcase name="testEquals" classname="eu.europa.esig.dss.model.x509.CertificateTokenTest" time="0.003"/>
  <testcase name="testEquals" classname="eu.europa.esig.dss.model.x509.CertificateTokenTest" time="0.001"/>
  <testcase name="testEquals" classname="eu.europa.esig.dss.model.x509.CertificateTokenTest" time="0.001"/>
  <testcase name="testEquals" classname="eu.europa.esig.dss.model.x509.CertificateTokenTest" time="0.001"/>
  <testcase name="testEquals" classname="eu.europa.esig.dss.model.x509.CertificateTokenTest" time="0.001"/>
  <testcase name="testEquals" classname="eu.europa.esig.dss.model.x509.CertificateTokenTest" time="0.001"/>
  <testcase name="testEquals" classname="eu.europa.esig.dss.model.x509.CertificateTokenTest" time="0.001"/>
</testsuite>