<?xml version="1.0" encoding="UTF-8"?>
<testsuite xmlns:xsi="http://www.w3.org/2001/XMLSchema-instance" xsi:noNamespaceSchemaLocation="https://maven.apache.org/surefire/maven-surefire-plugin/xsd/surefire-test-report-3.0.xsd" version="3.0" name="eu.europa.esig.dss.spi.x509.revocation.ocsp.OfflineOCSPSourceTest" time="0.715" tests="9" errors="0" skipped="0" failures="0">
  <properties>
    <property name="java.specification.version" value="19"/>
    <property name="sun.cpu.isalist" value="amd64"/>
    <property name="sun.jnu.encoding" value="Cp1252"/>
    <property name="java.class.path" value="C:\Users\amadoria\Documents\Projects\HAPKIDO\WP4\dss-fork\dss-spi\target\test-classes;C:\Users\amadoria\Documents\Projects\HAPKIDO\WP4\dss-fork\dss-spi\target\classes;C:\Users\amadoria\Documents\Projects\HAPKIDO\WP4\dss-fork\dss-model\target\dss-model-5.12.RC1.jar;C:\Users\amadoria\Documents\Projects\HAPKIDO\WP4\dss-fork\dss-enumerations\target\dss-enumerations-5.12.RC1.jar;C:\Users\amadoria\Documents\Projects\HAPKIDO\WP4\dss-fork\dss-utils\target\dss-utils-5.12.RC1.jar;C:\Users\amadoria\Documents\Projects\HAPKIDO\WP4\dss-fork\dss-crl-parser\target\dss-crl-parser-5.12.RC1.jar;C:\Users\amadoria\.m2\repository\org\slf4j\slf4j-api\2.0.6\slf4j-api-2.0.6.jar;C:\Users\amadoria\Documents\Projects\HAPKIDO\WP4\dss-fork\dss-spi\libs\bcpkix-jdk18on-173b20.jar;C:\Users\amadoria\Documents\Projects\HAPKIDO\WP4\dss-fork\dss-spi\libs\bcprov-jdk18on-173b20.jar;C:\Users\amadoria\Documents\Projects\HAPKIDO\WP4\dss-fork\dss-spi\libs\bcutil-jdk18on-173b20.jar;C:\Users\amadoria\.m2\repository\org\junit\platform\junit-platform-launcher\1.9.2\junit-platform-launcher-1.9.2.jar;C:\Users\amadoria\.m2\repository\org\junit\platform\junit-platform-engine\1.9.2\junit-platform-engine-1.9.2.jar;C:\Users\amadoria\.m2\repository\org\opentest4j\opentest4j\1.2.0\opentest4j-1.2.0.jar;C:\Users\amadoria\.m2\repository\org\junit\platform\junit-platform-commons\1.9.2\junit-platform-commons-1.9.2.jar;C:\Users\amadoria\.m2\repository\org\apiguardian\apiguardian-api\1.1.2\apiguardian-api-1.1.2.jar;C:\Users\amadoria\.m2\repository\org\junit\jupiter\junit-jupiter-engine\5.9.2\junit-jupiter-engine-5.9.2.jar;C:\Users\amadoria\.m2\repository\org\junit\jupiter\junit-jupiter-api\5.9.2\junit-jupiter-api-5.9.2.jar;C:\Users\amadoria\.m2\repository\org\junit\jupiter\junit-jupiter-params\5.9.2\junit-jupiter-params-5.9.2.jar;C:\Users\amadoria\Documents\Projects\HAPKIDO\WP4\dss-fork\dss-utils-apache-commons\target\dss-utils-apache-commons-5.12.RC1.jar;C:\Users\amadoria\.m2\repository\org\apache\commons\commons-lang3\3.12.0\commons-lang3-3.12.0.jar;C:\Users\amadoria\.m2\repository\org\apache\commons\commons-collections4\4.4\commons-collections4-4.4.jar;C:\Users\amadoria\.m2\repository\commons-codec\commons-codec\1.15\commons-codec-1.15.jar;C:\Users\amadoria\.m2\repository\commons-io\commons-io\2.11.0\commons-io-2.11.0.jar;C:\Users\amadoria\Documents\Projects\HAPKIDO\WP4\dss-fork\dss-crl-parser-x509crl\target\dss-crl-parser-x509crl-5.12.RC1.jar;C:\Users\amadoria\.m2\repository\ch\qos\logback\logback-classic\1.3.5\logback-classic-1.3.5.jar;C:\Users\amadoria\.m2\repository\ch\qos\logback\logback-core\1.3.5\logback-core-1.3.5.jar;"/>
    <property name="java.vm.vendor" value="Oracle Corporation"/>
    <property name="sun.arch.data.model" value="64"/>
    <property name="user.variant" value=""/>
    <property name="java.vendor.url" value="https://java.oracle.com/"/>
    <property name="user.timezone" value="Europe/Amsterdam"/>
    <property name="os.name" value="Windows 10"/>
    <property name="java.vm.specification.version" value="19"/>
    <property name="sun.java.launcher" value="SUN_STANDARD"/>
    <property name="user.country" value="US"/>
    <property name="sun.boot.library.path" value="C:\Program Files\Java\jdk-19\bin"/>
    <property name="sun.java.command" value="C:\Users\amadoria\AppData\Local\Temp\surefire9983951541681206191\surefirebooter-20230428113707353_157.jar C:\Users\amadoria\AppData\Local\Temp\surefire9983951541681206191 2023-04-28T11-29-53_553-jvmRun1 surefire-20230428113707353_155tmp surefire_25-20230428113707353_156tmp"/>
    <property name="jdk.debug" value="release"/>
    <property name="surefire.test.class.path" value="C:\Users\amadoria\Documents\Projects\HAPKIDO\WP4\dss-fork\dss-spi\target\test-classes;C:\Users\amadoria\Documents\Projects\HAPKIDO\WP4\dss-fork\dss-spi\target\classes;C:\Users\amadoria\Documents\Projects\HAPKIDO\WP4\dss-fork\dss-model\target\dss-model-5.12.RC1.jar;C:\Users\amadoria\Documents\Projects\HAPKIDO\WP4\dss-fork\dss-enumerations\target\dss-enumerations-5.12.RC1.jar;C:\Users\amadoria\Documents\Projects\HAPKIDO\WP4\dss-fork\dss-utils\target\dss-utils-5.12.RC1.jar;C:\Users\amadoria\Documents\Projects\HAPKIDO\WP4\dss-fork\dss-crl-parser\target\dss-crl-parser-5.12.RC1.jar;C:\Users\amadoria\.m2\repository\org\slf4j\slf4j-api\2.0.6\slf4j-api-2.0.6.jar;C:\Users\amadoria\Documents\Projects\HAPKIDO\WP4\dss-fork\dss-spi\libs\bcpkix-jdk18on-173b20.jar;C:\Users\amadoria\Documents\Projects\HAPKIDO\WP4\dss-fork\dss-spi\libs\bcprov-jdk18on-173b20.jar;C:\Users\amadoria\Documents\Projects\HAPKIDO\WP4\dss-fork\dss-spi\libs\bcutil-jdk18on-173b20.jar;C:\Users\amadoria\.m2\repository\org\junit\platform\junit-platform-launcher\1.9.2\junit-platform-launcher-1.9.2.jar;C:\Users\amadoria\.m2\repository\org\junit\platform\junit-platform-engine\1.9.2\junit-platform-engine-1.9.2.jar;C:\Users\amadoria\.m2\repository\org\opentest4j\opentest4j\1.2.0\opentest4j-1.2.0.jar;C:\Users\amadoria\.m2\repository\org\junit\platform\junit-platform-commons\1.9.2\junit-platform-commons-1.9.2.jar;C:\Users\amadoria\.m2\repository\org\apiguardian\apiguardian-api\1.1.2\apiguardian-api-1.1.2.jar;C:\Users\amadoria\.m2\repository\org\junit\jupiter\junit-jupiter-engine\5.9.2\junit-jupiter-engine-5.9.2.jar;C:\Users\amadoria\.m2\repository\org\junit\jupiter\junit-jupiter-api\5.9.2\junit-jupiter-api-5.9.2.jar;C:\Users\amadoria\.m2\repository\org\junit\jupiter\junit-jupiter-params\5.9.2\junit-jupiter-params-5.9.2.jar;C:\Users\amadoria\Documents\Projects\HAPKIDO\WP4\dss-fork\dss-utils-apache-commons\target\dss-utils-apache-commons-5.12.RC1.jar;C:\Users\amadoria\.m2\repository\org\apache\commons\commons-lang3\3.12.0\commons-lang3-3.12.0.jar;C:\Users\amadoria\.m2\repository\org\apache\commons\commons-collections4\4.4\commons-collections4-4.4.jar;C:\Users\amadoria\.m2\repository\commons-codec\commons-codec\1.15\commons-codec-1.15.jar;C:\Users\amadoria\.m2\repository\commons-io\commons-io\2.11.0\commons-io-2.11.0.jar;C:\Users\amadoria\Documents\Projects\HAPKIDO\WP4\dss-fork\dss-crl-parser-x509crl\target\dss-crl-parser-x509crl-5.12.RC1.jar;C:\Users\amadoria\.m2\repository\ch\qos\logback\logback-classic\1.3.5\logback-classic-1.3.5.jar;C:\Users\amadoria\.m2\repository\ch\qos\logback\logback-core\1.3.5\logback-core-1.3.5.jar;"/>
    <property name="sun.cpu.endian" value="little"/>
    <property name="user.home" value="C:\Users\amadoria"/>
    <property name="user.language" value="en"/>
    <property name="java.specification.vendor" value="Oracle Corporation"/>
    <property name="java.version.date" value="2023-01-17"/>
    <property name="java.home" value="C:\Program Files\Java\jdk-19"/>
    <property name="file.separator" value="\"/>
    <property name="basedir" value="C:\Users\amadoria\Documents\Projects\HAPKIDO\WP4\dss-fork\dss-spi"/>
    <property name="java.vm.compressedOopsMode" value="Zero based"/>
    <property name="line.separator" value="&#10;"/>
    <property name="java.vm.specification.vendor" value="Oracle Corporation"/>
    <property name="java.specification.name" value="Java Platform API Specification"/>
    <property name="surefire.real.class.path" value="C:\Users\amadoria\AppData\Local\Temp\surefire9983951541681206191\surefirebooter-20230428113707353_157.jar"/>
    <property name="user.script" value=""/>
    <property name="sun.management.compiler" value="HotSpot 64-Bit Tiered Compilers"/>
    <property name="java.runtime.version" value="19.0.2+7-44"/>
    <property name="user.name" value="amadoria"/>
    <property name="stdout.encoding" value="Cp1252"/>
    <property name="path.separator" value=";"/>
    <property name="os.version" value="10.0"/>
    <property name="java.runtime.name" value="Java(TM) SE Runtime Environment"/>
    <property name="file.encoding" value="UTF-8"/>
    <property name="java.vm.name" value="Java HotSpot(TM) 64-Bit Server VM"/>
    <property name="localRepository" value="C:\Users\amadoria\.m2\repository"/>
    <property name="java.vendor.url.bug" value="https://bugreport.java.com/bugreport/"/>
    <property name="java.io.tmpdir" value="C:\Users\amadoria\AppData\Local\Temp\"/>
    <property name="java.version" value="19.0.2"/>
    <property name="user.dir" value="C:\Users\amadoria\Documents\Projects\HAPKIDO\WP4\dss-fork\dss-spi"/>
    <property name="os.arch" value="amd64"/>
    <property name="java.vm.specification.name" value="Java Virtual Machine Specification"/>
    <property name="sun.os.patch.level" value=""/>
    <property name="native.encoding" value="Cp1252"/>
    <property name="java.library.path" value="C:\Program Files\Java\jdk-19\bin;C:\WINDOWS\Sun\Java\bin;C:\WINDOWS\system32;C:\WINDOWS;C:\Program Files\Common Files\Oracle\Java\javapath;C:\Program Files\Eclipse Adoptium\jdk-17.0.5.8-hotspot\bin;C:\WINDOWS\system32;C:\WINDOWS;C:\WINDOWS\System32\Wbem;C:\WINDOWS\System32\WindowsPowerShell\v1.0\;C:\WINDOWS\System32\OpenSSH\;C:\Program Files\dotnet\;C:\ProgramData\chocolatey\bin;C:\Program Files\Gradle\gradle-8.0.2\bin;C:\Program Files\Maven\apache-maven-3.9.0\bin;;C:\Program Files\Docker\Docker\resources\bin;C:\Users\amadoria\AppData\Local\Programs\Python\Python38\Scripts\;C:\Users\amadoria\AppData\Local\Programs\Python\Python38\;C:\Users\amadoria\AppData\Local\Microsoft\WindowsApps;C:\Users\amadoria\AppData\Local\Programs\MiKTeX\miktex\bin\x64\;C:\Users\amadoria\AppData\Local\Programs\Microsoft VS Code\bin;C:\Users\amadoria\AppData\Roaming\Python\Scripts\;C:\Users\amadoria\AppData\Local\Programs\Git\cmd;C:\Program Files\JetBrains\IntelliJ IDEA Community Edition 2022.3.3\bin;;."/>
    <property name="java.vm.info" value="mixed mode, sharing"/>
    <property name="stderr.encoding" value="Cp1252"/>
    <property name="java.vendor" value="Oracle Corporation"/>
    <property name="java.vm.version" value="19.0.2+7-44"/>
    <property name="sun.io.unicode.encoding" value="UnicodeLittle"/>
    <property name="java.class.version" value="63.0"/>
  </properties>
  <testcase name="invalidOCSPVersionTest" classname="eu.europa.esig.dss.spi.x509.revocation.ocsp.OfflineOCSPSourceTest" time="0.144">
    <system-out><![CDATA[11:39:11.757 [main] INFO eu.europa.esig.dss.spi.x509.revocation.ocsp.OCSPToken - OCSP status is good
11:39:11.811 [main] DEBUG eu.europa.esig.dss.spi.x509.SignatureIntegrityValidator - Determining signing certificate from certificate candidates list...
11:39:11.839 [main] DEBUG eu.europa.esig.dss.spi.x509.SignatureIntegrityValidator - Public key matching the signature value found.
11:39:11.840 [main] DEBUG eu.europa.esig.dss.spi.x509.revocation.ocsp.OCSPToken - OCSPToken created : R-CFEFF04919E7CE488C8A0D36FC88DD93C0F077C29A771BECB9B5BAF9E823A706)
]]></system-out>
  </testcase>
  <testcase name="testOCSPUniversign" classname="eu.europa.esig.dss.spi.x509.revocation.ocsp.OfflineOCSPSourceTest" time="0.044">
    <system-out><![CDATA[11:39:11.859 [main] INFO eu.europa.esig.dss.spi.x509.revocation.ocsp.OCSPToken - OCSP status is good
11:39:11.881 [main] DEBUG eu.europa.esig.dss.spi.x509.SignatureIntegrityValidator - Determining signing certificate from certificate candidates list...
11:39:11.884 [main] DEBUG eu.europa.esig.dss.spi.x509.SignatureIntegrityValidator - Public key matching the signature value found.
11:39:11.884 [main] DEBUG eu.europa.esig.dss.spi.x509.revocation.ocsp.OCSPToken - OCSPToken created : R-5B1946FE44BDD14854CF5336715520F192DD3BBE7DE4822BF4FBB60991685F8D)
]]></system-out>
  </testcase>
  <testcase name="testKeyHash" classname="eu.europa.esig.dss.spi.x509.revocation.ocsp.OfflineOCSPSourceTest" time="0.039">
    <system-out><![CDATA[11:39:11.925 [main] INFO eu.europa.esig.dss.spi.x509.revocation.ocsp.OCSPToken - OCSP status is good
11:39:11.925 [main] DEBUG eu.europa.esig.dss.spi.x509.SignatureIntegrityValidator - Determining signing certificate from certificate candidates list...
11:39:11.926 [main] DEBUG eu.europa.esig.dss.spi.x509.SignatureIntegrityValidator - Public key matching the signature value found.
11:39:11.926 [main] DEBUG eu.europa.esig.dss.spi.x509.revocation.ocsp.OCSPToken - OCSPToken created : R-F07139ED5AA3B2BA00BE40D5D00211E9D12F94FE2BA90633A5363CA9750ADAB0)
]]></system-out>
  </testcase>
  <testcase name="testOCSPCertHash" classname="eu.europa.esig.dss.spi.x509.revocation.ocsp.OfflineOCSPSourceTest" time="0.047">
    <system-out><![CDATA[11:39:11.963 [main] INFO eu.europa.esig.dss.spi.x509.revocation.ocsp.OCSPToken - OCSP status revoked
11:39:11.974 [main] DEBUG eu.europa.esig.dss.spi.x509.SignatureIntegrityValidator - Determining signing certificate from certificate candidates list...
11:39:11.974 [main] DEBUG eu.europa.esig.dss.spi.x509.SignatureIntegrityValidator - Public key matching the signature value found.
11:39:11.974 [main] DEBUG eu.europa.esig.dss.spi.x509.revocation.ocsp.OCSPToken - OCSPToken created : R-17273ED10ADEE8273B275B6B5CD391D06351492CB81A62A1CD838C927395D0EE)
]]></system-out>
  </testcase>
  <testcase name="multipleSingleResps" classname="eu.europa.esig.dss.spi.x509.revocation.ocsp.OfflineOCSPSourceTest" time="0.178">
    <system-out><![CDATA[11:39:12.132 [main] INFO eu.europa.esig.dss.spi.x509.revocation.ocsp.OfflineOCSPSourceTest - CertificateToken[
	DSS Id              : C-EACA0F824D88A08A6C1214C1994593D0DB975EFF40B82D4FB34900272B51F604
	Identity Id         : EntityIdentifier:SHA256:#02C8C7CF9AA137A3217997DC88C390E85BB8CB6372F6AE88164B4F38971D947D
	Validity period     : Thu Apr 07 09:46:56 CEST 2016 - Sun Apr 07 09:46:56 CEST 2019
	Subject name        : c=es,st=murcia,l=murcia,o=universidad de murcia,ou=aplicaciones,2.5.4.5=#1309513330313830303142,cn=plataforma eadministracion - universidad de murcia
	Issuer subject name : c=es,o=accv,ou=pkiaccv,cn=accvca-120
	Serial Number       : 2868966609044969179
	Signature algorithm : RSA_SHA256
]
11:39:12.133 [main] INFO eu.europa.esig.dss.spi.x509.revocation.ocsp.OfflineOCSPSourceTest - CertificateToken[
	DSS Id              : C-2DE620F2D1200AA90B16C3CCF670FD7ED14379AB06FA8B031CFEF8DA051EA5A2
	Identity Id         : EntityIdentifier:SHA256:#5C7DD687916E1FD65E65C09D2D933455BB32420DDA785575C2E8EF34460D450F
	Validity period     : Tue Jan 27 15:06:42 CET 2015 - Fri Jan 01 00:59:00 CET 2027
	Subject name        : c=es,o=accv,ou=pkiaccv,cn=accvca-120
	Issuer subject name : c=es,o=accv,ou=pkiaccv,cn=accvraiz1
	Serial Number       : 4753158885672534199
	Signature algorithm : RSA_SHA256
]
11:39:12.137 [main] INFO eu.europa.esig.dss.spi.x509.revocation.ocsp.OfflineOCSPSourceTest - CertificateToken[
	DSS Id              : C-9A6EC012E1A7DA9DBE34194D478AD7C0DB1822FB071DF12981496ED104384113
	Identity Id         : EntityIdentifier:SHA256:#05570AE6EB0FCEB4210E6DB79486B7094CAF200401E149B6677441B5F25E449B
	Validity period     : Thu May 05 11:37:37 CEST 2011 - Tue Dec 31 10:37:37 CET 2030
	Subject name        : c=es,o=accv,ou=pkiaccv,cn=accvraiz1
	Issuer subject name : c=es,o=accv,ou=pkiaccv,cn=accvraiz1
	Serial Number       : 6828503384748696800
	Signature algorithm : RSA_SHA1
	[SELF-SIGNED]
]
11:39:12.141 [main] INFO eu.europa.esig.dss.spi.x509.revocation.ocsp.OCSPToken - OCSP status is good
11:39:12.144 [main] DEBUG eu.europa.esig.dss.spi.x509.SignatureIntegrityValidator - Determining signing certificate from certificate candidates list...
11:39:12.144 [main] DEBUG eu.europa.esig.dss.spi.x509.SignatureIntegrityValidator - Public key matching the signature value found.
11:39:12.145 [main] DEBUG eu.europa.esig.dss.spi.x509.revocation.ocsp.OCSPToken - OCSPToken created : R-0E5819476F9D0B9215733C67C6D11E95A5D2E8765DFA5208C6C7A6D4AD68C901)
11:39:12.146 [main] INFO eu.europa.esig.dss.spi.x509.revocation.ocsp.OCSPToken - OCSP status is good
11:39:12.147 [main] DEBUG eu.europa.esig.dss.spi.x509.SignatureIntegrityValidator - Determining signing certificate from certificate candidates list...
11:39:12.148 [main] DEBUG eu.europa.esig.dss.spi.x509.SignatureIntegrityValidator - Public key matching the signature value found.
11:39:12.148 [main] DEBUG eu.europa.esig.dss.spi.x509.revocation.ocsp.OCSPToken - OCSPToken created : R-0E5819476F9D0B9215733C67C6D11E95A5D2E8765DFA5208C6C7A6D4AD68C901)
11:39:12.148 [main] INFO eu.europa.esig.dss.spi.x509.revocation.ocsp.OfflineOCSPSourceTest - OCSPToken[
	Id: R-0E5819476F9D0B9215733C67C6D11E95A5D2E8765DFA5208C6C7A6D4AD68C901
	ProductionTime: 2016-06-06T15:05:46Z; 	ThisUpdate: 2016-06-06T14:12:57Z; 	NextUpdate: 2016-06-09T14:12:57Z
	SignedBy: CN=ocsp-gva, OU=PKIGVA, O=Generalitat Valenciana, C=ES
	Signature algorithm: ?
	Related certificate: C-EACA0F824D88A08A6C1214C1994593D0DB975EFF40B82D4FB34900272B51F604
]
11:39:12.149 [main] INFO eu.europa.esig.dss.spi.x509.revocation.ocsp.OfflineOCSPSourceTest - OCSPToken[
	Id: R-0E5819476F9D0B9215733C67C6D11E95A5D2E8765DFA5208C6C7A6D4AD68C901
	ProductionTime: 2016-06-06T15:05:46Z; 	ThisUpdate: 2015-12-15T11:03:41Z; 	NextUpdate: 2016-06-12T11:03:41Z
	SignedBy: CN=ocsp-gva, OU=PKIGVA, O=Generalitat Valenciana, C=ES
	Signature algorithm: ?
	Related certificate: C-2DE620F2D1200AA90B16C3CCF670FD7ED14379AB06FA8B031CFEF8DA051EA5A2
]
]]></system-out>
  </testcase>
  <testcase name="pss" classname="eu.europa.esig.dss.spi.x509.revocation.ocsp.OfflineOCSPSourceTest" time="0.075">
    <system-out><![CDATA[11:39:12.194 [main] INFO eu.europa.esig.dss.spi.x509.revocation.ocsp.OCSPToken - OCSP status is good
11:39:12.216 [main] DEBUG eu.europa.esig.dss.spi.x509.SignatureIntegrityValidator - Determining signing certificate from certificate candidates list...
11:39:12.226 [main] DEBUG eu.europa.esig.dss.spi.x509.SignatureIntegrityValidator - Public key matching the signature value found.
11:39:12.227 [main] DEBUG eu.europa.esig.dss.spi.x509.revocation.ocsp.OCSPToken - OCSPToken created : R-D16B9CF0321F45ABB1CF70AB1685C73AC09BE914129C737E7527F7A2F59642B8)
]]></system-out>
  </testcase>
  <testcase name="testWithMultipleOCSPTokens" classname="eu.europa.esig.dss.spi.x509.revocation.ocsp.OfflineOCSPSourceTest" time="0.094">
    <system-out><![CDATA[11:39:12.275 [main] INFO eu.europa.esig.dss.spi.x509.revocation.ocsp.OCSPToken - OCSP status is good
11:39:12.308 [main] DEBUG eu.europa.esig.dss.spi.x509.SignatureIntegrityValidator - Determining signing certificate from certificate candidates list...
11:39:12.310 [main] DEBUG eu.europa.esig.dss.spi.x509.SignatureIntegrityValidator - Public key matching the signature value found.
11:39:12.311 [main] DEBUG eu.europa.esig.dss.spi.x509.revocation.ocsp.OCSPToken - OCSPToken created : R-B3B56D4ED8E13EFCEE32093846ED1C110121466F165483CDF9D9448F829493A7)
11:39:12.311 [main] INFO eu.europa.esig.dss.spi.x509.revocation.ocsp.OCSPToken - OCSP status is good
11:39:12.313 [main] DEBUG eu.europa.esig.dss.spi.x509.SignatureIntegrityValidator - Determining signing certificate from certificate candidates list...
11:39:12.313 [main] DEBUG eu.europa.esig.dss.spi.x509.SignatureIntegrityValidator - Public key matching the signature value found.
11:39:12.314 [main] DEBUG eu.europa.esig.dss.spi.x509.revocation.ocsp.OCSPToken - OCSPToken created : R-82A50556975DC1C8B2ED2FC892C062FBB4C4C35691507808EA152E2C0BE18127)
11:39:12.318 [main] INFO eu.europa.esig.dss.spi.x509.revocation.ocsp.OCSPToken - OCSP status is good
11:39:12.321 [main] DEBUG eu.europa.esig.dss.spi.x509.SignatureIntegrityValidator - Determining signing certificate from certificate candidates list...
11:39:12.322 [main] DEBUG eu.europa.esig.dss.spi.x509.SignatureIntegrityValidator - Public key matching the signature value found.
11:39:12.322 [main] DEBUG eu.europa.esig.dss.spi.x509.revocation.ocsp.OCSPToken - OCSPToken created : R-B3B56D4ED8E13EFCEE32093846ED1C110121466F165483CDF9D9448F829493A7)
11:39:12.323 [main] INFO eu.europa.esig.dss.spi.x509.revocation.ocsp.OCSPToken - OCSP status is good
11:39:12.325 [main] DEBUG eu.europa.esig.dss.spi.x509.SignatureIntegrityValidator - Determining signing certificate from certificate candidates list...
11:39:12.325 [main] DEBUG eu.europa.esig.dss.spi.x509.SignatureIntegrityValidator - Public key matching the signature value found.
11:39:12.326 [main] DEBUG eu.europa.esig.dss.spi.x509.revocation.ocsp.OCSPToken - OCSPToken created : R-82A50556975DC1C8B2ED2FC892C062FBB4C4C35691507808EA152E2C0BE18127)
]]></system-out>
  </testcase>
  <testcase name="testOCSPWithDSSDocument" classname="eu.europa.esig.dss.spi.x509.revocation.ocsp.OfflineOCSPSourceTest" time="0.009">
    <system-out><![CDATA[11:39:12.337 [main] INFO eu.europa.esig.dss.spi.x509.revocation.ocsp.OCSPToken - OCSP status is good
11:39:12.339 [main] DEBUG eu.europa.esig.dss.spi.x509.SignatureIntegrityValidator - Determining signing certificate from certificate candidates list...
11:39:12.340 [main] DEBUG eu.europa.esig.dss.spi.x509.SignatureIntegrityValidator - Public key matching the signature value found.
11:39:12.341 [main] DEBUG eu.europa.esig.dss.spi.x509.revocation.ocsp.OCSPToken - OCSPToken created : R-5B1946FE44BDD14854CF5336715520F192DD3BBE7DE4822BF4FBB60991685F8D)
]]></system-out>
  </testcase>
  <testcase name="testOCSPwithUnknownStatus" classname="eu.europa.esig.dss.spi.x509.revocation.ocsp.OfflineOCSPSourceTest" time="0.062">
    <system-out><![CDATA[11:39:12.384 [main] INFO eu.europa.esig.dss.spi.x509.revocation.ocsp.OCSPToken - OCSP status unknown
11:39:12.403 [main] DEBUG eu.europa.esig.dss.spi.x509.SignatureIntegrityValidator - Determining signing certificate from certificate candidates list...
11:39:12.403 [main] DEBUG eu.europa.esig.dss.spi.x509.SignatureIntegrityValidator - Public key matching the signature value found.
11:39:12.404 [main] DEBUG eu.europa.esig.dss.spi.x509.revocation.ocsp.OCSPToken - OCSPToken created : R-CCFDD7239CEB05B2989A0CCE97817BC9B4DAC824F9DA65759F660F2670B6F67B)
]]></system-out>
  </testcase>
</testsuite>