<?xml version="1.0" encoding="UTF-8"?>
<testsuite xmlns:xsi="http://www.w3.org/2001/XMLSchema-instance" xsi:noNamespaceSchemaLocation="https://maven.apache.org/surefire/maven-surefire-plugin/xsd/surefire-test-report-3.0.xsd" version="3.0" name="eu.europa.esig.dss.spi.x509.KeyStoreCertificateSourceTest" time="0.209" tests="8" errors="0" skipped="0" failures="0">
  <properties>
    <property name="java.specification.version" value="19"/>
    <property name="sun.cpu.isalist" value="amd64"/>
    <property name="sun.jnu.encoding" value="Cp1252"/>
    <property name="java.class.path" value="C:\Users\amadoria\Documents\Projects\HAPKIDO\WP4\dss-fork\dss-spi\target\test-classes;C:\Users\amadoria\Documents\Projects\HAPKIDO\WP4\dss-fork\dss-spi\target\classes;C:\Users\amadoria\Documents\Projects\HAPKIDO\WP4\dss-fork\dss-model\target\dss-model-5.12.RC1.jar;C:\Users\amadoria\Documents\Projects\HAPKIDO\WP4\dss-fork\dss-enumerations\target\dss-enumerations-5.12.RC1.jar;C:\Users\amadoria\Documents\Projects\HAPKIDO\WP4\dss-fork\dss-utils\target\dss-utils-5.12.RC1.jar;C:\Users\amadoria\Documents\Projects\HAPKIDO\WP4\dss-fork\dss-crl-parser\target\dss-crl-parser-5.12.RC1.jar;C:\Users\amadoria\.m2\repository\org\slf4j\slf4j-api\2.0.6\slf4j-api-2.0.6.jar;C:\Users\amadoria\Documents\Projects\HAPKIDO\WP4\dss-fork\dss-spi\libs\bcpkix-jdk18on-173b20.jar;C:\Users\amadoria\Documents\Projects\HAPKIDO\WP4\dss-fork\dss-spi\libs\bcprov-jdk18on-173b20.jar;C:\Users\amadoria\Documents\Projects\HAPKIDO\WP4\dss-fork\dss-spi\libs\bcutil-jdk18on-173b20.jar;C:\Users\amadoria\.m2\repository\org\junit\platform\junit-platform-launcher\1.9.2\junit-platform-launcher-1.9.2.jar;C:\Users\amadoria\.m2\repository\org\junit\platform\junit-platform-engine\1.9.2\junit-platform-engine-1.9.2.jar;C:\Users\amadoria\.m2\repository\org\opentest4j\opentest4j\1.2.0\opentest4j-1.2.0.jar;C:\Users\amadoria\.m2\repository\org\junit\platform\junit-platform-commons\1.9.2\junit-platform-commons-1.9.2.jar;C:\Users\amadoria\.m2\repository\org\apiguardian\apiguardian-api\1.1.2\apiguardian-api-1.1.2.jar;C:\Users\amadoria\.m2\repository\org\junit\jupiter\junit-jupiter-engine\5.9.2\junit-jupiter-engine-5.9.2.jar;C:\Users\amadoria\.m2\repository\org\junit\jupiter\junit-jupiter-api\5.9.2\junit-jupiter-api-5.9.2.jar;C:\Users\amadoria\.m2\repository\org\junit\jupiter\junit-jupiter-params\5.9.2\junit-jupiter-params-5.9.2.jar;C:\Users\amadoria\Documents\Projects\HAPKIDO\WP4\dss-fork\dss-utils-apache-commons\target\dss-utils-apache-commons-5.12.RC1.jar;C:\Users\amadoria\.m2\repository\org\apache\commons\commons-lang3\3.12.0\commons-lang3-3.12.0.jar;C:\Users\amadoria\.m2\repository\org\apache\commons\commons-collections4\4.4\commons-collections4-4.4.jar;C:\Users\amadoria\.m2\repository\commons-codec\commons-codec\1.15\commons-codec-1.15.jar;C:\Users\amadoria\.m2\repository\commons-io\commons-io\2.11.0\commons-io-2.11.0.jar;C:\Users\amadoria\Documents\Projects\HAPKIDO\WP4\dss-fork\dss-crl-parser-x509crl\target\dss-crl-parser-x509crl-5.12.RC1.jar;C:\Users\amadoria\.m2\repository\ch\qos\logback\logback-classic\1.3.5\logback-classic-1.3.5.jar;C:\Users\amadoria\.m2\repository\ch\qos\logback\logback-core\1.3.5\logback-core-1.3.5.jar;"/>
    <property name="java.vm.vendor" value="Oracle Corporation"/>
    <property name="sun.arch.data.model" value="64"/>
    <property name="user.variant" value=""/>
    <property name="java.vendor.url" value="https://java.oracle.com/"/>
    <property name="user.timezone" value="Europe/Amsterdam"/>
    <property name="os.name" value="Windows 10"/>
    <property name="java.vm.specification.version" value="19"/>
    <property name="sun.java.launcher" value="SUN_STANDARD"/>
    <property name="user.country" value="US"/>
    <property name="sun.boot.library.path" value="C:\Program Files\Java\jdk-19\bin"/>
    <property name="sun.java.command" value="C:\Users\amadoria\AppData\Local\Temp\surefire9983951541681206191\surefirebooter-20230428113707353_157.jar C:\Users\amadoria\AppData\Local\Temp\surefire9983951541681206191 2023-04-28T11-29-53_553-jvmRun1 surefire-20230428113707353_155tmp surefire_25-20230428113707353_156tmp"/>
    <property name="jdk.debug" value="release"/>
    <property name="surefire.test.class.path" value="C:\Users\amadoria\Documents\Projects\HAPKIDO\WP4\dss-fork\dss-spi\target\test-classes;C:\Users\amadoria\Documents\Projects\HAPKIDO\WP4\dss-fork\dss-spi\target\classes;C:\Users\amadoria\Documents\Projects\HAPKIDO\WP4\dss-fork\dss-model\target\dss-model-5.12.RC1.jar;C:\Users\amadoria\Documents\Projects\HAPKIDO\WP4\dss-fork\dss-enumerations\target\dss-enumerations-5.12.RC1.jar;C:\Users\amadoria\Documents\Projects\HAPKIDO\WP4\dss-fork\dss-utils\target\dss-utils-5.12.RC1.jar;C:\Users\amadoria\Documents\Projects\HAPKIDO\WP4\dss-fork\dss-crl-parser\target\dss-crl-parser-5.12.RC1.jar;C:\Users\amadoria\.m2\repository\org\slf4j\slf4j-api\2.0.6\slf4j-api-2.0.6.jar;C:\Users\amadoria\Documents\Projects\HAPKIDO\WP4\dss-fork\dss-spi\libs\bcpkix-jdk18on-173b20.jar;C:\Users\amadoria\Documents\Projects\HAPKIDO\WP4\dss-fork\dss-spi\libs\bcprov-jdk18on-173b20.jar;C:\Users\amadoria\Documents\Projects\HAPKIDO\WP4\dss-fork\dss-spi\libs\bcutil-jdk18on-173b20.jar;C:\Users\amadoria\.m2\repository\org\junit\platform\junit-platform-launcher\1.9.2\junit-platform-launcher-1.9.2.jar;C:\Users\amadoria\.m2\repository\org\junit\platform\junit-platform-engine\1.9.2\junit-platform-engine-1.9.2.jar;C:\Users\amadoria\.m2\repository\org\opentest4j\opentest4j\1.2.0\opentest4j-1.2.0.jar;C:\Users\amadoria\.m2\repository\org\junit\platform\junit-platform-commons\1.9.2\junit-platform-commons-1.9.2.jar;C:\Users\amadoria\.m2\repository\org\apiguardian\apiguardian-api\1.1.2\apiguardian-api-1.1.2.jar;C:\Users\amadoria\.m2\repository\org\junit\jupiter\junit-jupiter-engine\5.9.2\junit-jupiter-engine-5.9.2.jar;C:\Users\amadoria\.m2\repository\org\junit\jupiter\junit-jupiter-api\5.9.2\junit-jupiter-api-5.9.2.jar;C:\Users\amadoria\.m2\repository\org\junit\jupiter\junit-jupiter-params\5.9.2\junit-jupiter-params-5.9.2.jar;C:\Users\amadoria\Documents\Projects\HAPKIDO\WP4\dss-fork\dss-utils-apache-commons\target\dss-utils-apache-commons-5.12.RC1.jar;C:\Users\amadoria\.m2\repository\org\apache\commons\commons-lang3\3.12.0\commons-lang3-3.12.0.jar;C:\Users\amadoria\.m2\repository\org\apache\commons\commons-collections4\4.4\commons-collections4-4.4.jar;C:\Users\amadoria\.m2\repository\commons-codec\commons-codec\1.15\commons-codec-1.15.jar;C:\Users\amadoria\.m2\repository\commons-io\commons-io\2.11.0\commons-io-2.11.0.jar;C:\Users\amadoria\Documents\Projects\HAPKIDO\WP4\dss-fork\dss-crl-parser-x509crl\target\dss-crl-parser-x509crl-5.12.RC1.jar;C:\Users\amadoria\.m2\repository\ch\qos\logback\logback-classic\1.3.5\logback-classic-1.3.5.jar;C:\Users\amadoria\.m2\repository\ch\qos\logback\logback-core\1.3.5\logback-core-1.3.5.jar;"/>
    <property name="sun.cpu.endian" value="little"/>
    <property name="user.home" value="C:\Users\amadoria"/>
    <property name="user.language" value="en"/>
    <property name="java.specification.vendor" value="Oracle Corporation"/>
    <property name="java.version.date" value="2023-01-17"/>
    <property name="java.home" value="C:\Program Files\Java\jdk-19"/>
    <property name="file.separator" value="\"/>
    <property name="basedir" value="C:\Users\amadoria\Documents\Projects\HAPKIDO\WP4\dss-fork\dss-spi"/>
    <property name="java.vm.compressedOopsMode" value="Zero based"/>
    <property name="line.separator" value="&#10;"/>
    <property name="java.vm.specification.vendor" value="Oracle Corporation"/>
    <property name="java.specification.name" value="Java Platform API Specification"/>
    <property name="surefire.real.class.path" value="C:\Users\amadoria\AppData\Local\Temp\surefire9983951541681206191\surefirebooter-20230428113707353_157.jar"/>
    <property name="user.script" value=""/>
    <property name="sun.management.compiler" value="HotSpot 64-Bit Tiered Compilers"/>
    <property name="java.runtime.version" value="19.0.2+7-44"/>
    <property name="user.name" value="amadoria"/>
    <property name="stdout.encoding" value="Cp1252"/>
    <property name="path.separator" value=";"/>
    <property name="os.version" value="10.0"/>
    <property name="java.runtime.name" value="Java(TM) SE Runtime Environment"/>
    <property name="file.encoding" value="UTF-8"/>
    <property name="java.vm.name" value="Java HotSpot(TM) 64-Bit Server VM"/>
    <property name="localRepository" value="C:\Users\amadoria\.m2\repository"/>
    <property name="java.vendor.url.bug" value="https://bugreport.java.com/bugreport/"/>
    <property name="java.io.tmpdir" value="C:\Users\amadoria\AppData\Local\Temp\"/>
    <property name="java.version" value="19.0.2"/>
    <property name="user.dir" value="C:\Users\amadoria\Documents\Projects\HAPKIDO\WP4\dss-fork\dss-spi"/>
    <property name="os.arch" value="amd64"/>
    <property name="java.vm.specification.name" value="Java Virtual Machine Specification"/>
    <property name="sun.os.patch.level" value=""/>
    <property name="native.encoding" value="Cp1252"/>
    <property name="java.library.path" value="C:\Program Files\Java\jdk-19\bin;C:\WINDOWS\Sun\Java\bin;C:\WINDOWS\system32;C:\WINDOWS;C:\Program Files\Common Files\Oracle\Java\javapath;C:\Program Files\Eclipse Adoptium\jdk-17.0.5.8-hotspot\bin;C:\WINDOWS\system32;C:\WINDOWS;C:\WINDOWS\System32\Wbem;C:\WINDOWS\System32\WindowsPowerShell\v1.0\;C:\WINDOWS\System32\OpenSSH\;C:\Program Files\dotnet\;C:\ProgramData\chocolatey\bin;C:\Program Files\Gradle\gradle-8.0.2\bin;C:\Program Files\Maven\apache-maven-3.9.0\bin;;C:\Program Files\Docker\Docker\resources\bin;C:\Users\amadoria\AppData\Local\Programs\Python\Python38\Scripts\;C:\Users\amadoria\AppData\Local\Programs\Python\Python38\;C:\Users\amadoria\AppData\Local\Microsoft\WindowsApps;C:\Users\amadoria\AppData\Local\Programs\MiKTeX\miktex\bin\x64\;C:\Users\amadoria\AppData\Local\Programs\Microsoft VS Code\bin;C:\Users\amadoria\AppData\Roaming\Python\Scripts\;C:\Users\amadoria\AppData\Local\Programs\Git\cmd;C:\Program Files\JetBrains\IntelliJ IDEA Community Edition 2022.3.3\bin;;."/>
    <property name="java.vm.info" value="mixed mode, sharing"/>
    <property name="stderr.encoding" value="Cp1252"/>
    <property name="java.vendor" value="Oracle Corporation"/>
    <property name="java.vm.version" value="19.0.2+7-44"/>
    <property name="sun.io.unicode.encoding" value="UnicodeLittle"/>
    <property name="java.class.version" value="63.0"/>
  </properties>
  <testcase name="testLoadAddAndDelete" classname="eu.europa.esig.dss.spi.x509.KeyStoreCertificateSourceTest" time="0.016">
    <system-out><![CDATA[11:39:06.168 [main] DEBUG eu.europa.esig.dss.spi.x509.KeyStoreCertificateSource - Certificate 'CertificateToken[
	DSS Id              : C-BC5B2B8D9E39E650D29B1F39B45247418C1C4D047DAAB32CA8826B9739E20E14
	Identity Id         : EntityIdentifier:SHA256:#1D934E6F124F75BDF65A9C51EFFA4A451F13CCB72832D9192FBE7D9B922A1E53
	Validity period     : Wed Oct 28 12:00:00 CET 2009 - Tue Jun 28 13:00:00 CEST 2016
	Subject name        : 2.5.4.5=#1306323031303131,cn=citizen ca,c=be
	Issuer subject name : cn=belgium root ca2,c=be
	Serial Number       : 155740314092809718017649570364321128026
	Signature algorithm : RSA_SHA1
]' successfully added to the keystore
11:39:06.169 [main] WARN eu.europa.esig.dss.spi.x509.KeyStoreCertificateSource - Certificate 'C-C5F8B3AF60EB6CD3DE07FD27593FBA30F45C13FA6E9D2A914E7A557D48493F26' not found in the keystore
11:39:06.170 [main] DEBUG eu.europa.esig.dss.spi.x509.KeyStoreCertificateSource - Certificate 'C-BC5B2B8D9E39E650D29B1F39B45247418C1C4D047DAAB32CA8826B9739E20E14' successfully removed from the keystore
11:39:06.170 [main] WARN eu.europa.esig.dss.spi.x509.KeyStoreCertificateSource - Certificate 'C-BC5B2B8D9E39E650D29B1F39B45247418C1C4D047DAAB32CA8826B9739E20E14' not found in the keystore
11:39:06.170 [main] WARN eu.europa.esig.dss.spi.x509.KeyStoreCertificateSource - Certificate 'C-C5F8B3AF60EB6CD3DE07FD27593FBA30F45C13FA6E9D2A914E7A557D48493F26' not found in the keystore
11:39:06.170 [main] DEBUG eu.europa.esig.dss.spi.x509.KeyStoreCertificateSource - Certificate 'CertificateToken[
	DSS Id              : C-BC5B2B8D9E39E650D29B1F39B45247418C1C4D047DAAB32CA8826B9739E20E14
	Identity Id         : EntityIdentifier:SHA256:#1D934E6F124F75BDF65A9C51EFFA4A451F13CCB72832D9192FBE7D9B922A1E53
	Validity period     : Wed Oct 28 12:00:00 CET 2009 - Tue Jun 28 13:00:00 CEST 2016
	Subject name        : 2.5.4.5=#1306323031303131,cn=citizen ca,c=be
	Issuer subject name : cn=belgium root ca2,c=be
	Serial Number       : 155740314092809718017649570364321128026
	Signature algorithm : RSA_SHA1
]' successfully added to the keystore
11:39:06.171 [main] DEBUG eu.europa.esig.dss.spi.x509.KeyStoreCertificateSource - Certificate 'CertificateToken[
	DSS Id              : C-C5F8B3AF60EB6CD3DE07FD27593FBA30F45C13FA6E9D2A914E7A557D48493F26
	Identity Id         : EntityIdentifier:SHA256:#C676DF93503022017FE53F9E2AF9F095608B4A115EC53AD71BA8B3BAC2FA319D
	Validity period     : Wed Oct 01 12:22:21 CEST 2014 - Tue Oct 01 12:22:21 CEST 2019
	Subject name        : 2.5.4.5=#130c373530323330313030333037,2.5.4.42=#0c064e65656c6965,2.5.4.4=#0c054b726f6573,cn=neelie kroes,c=at
	Issuer subject name : cn=a-sign-premium-mobile-03,ou=a-sign-premium-mobile-03,o=a-trust ges. f. sicherheitssysteme im elektr. datenverkehr gmbh,c=at
	Serial Number       : 1411502
	Signature algorithm : RSA_SHA1
]' successfully added to the keystore
11:39:06.172 [main] WARN eu.europa.esig.dss.spi.x509.KeyStoreCertificateSource - Certificate 'AAAAAAAAAAAAAAAA' not found in the keystore
]]></system-out>
  </testcase>
  <testcase name="addCertificateTest" classname="eu.europa.esig.dss.spi.x509.KeyStoreCertificateSourceTest" time="0.007"/>
  <testcase name="clearAllCertificates" classname="eu.europa.esig.dss.spi.x509.KeyStoreCertificateSourceTest" time="0.005">
    <system-out><![CDATA[11:39:06.186 [main] DEBUG eu.europa.esig.dss.spi.x509.KeyStoreCertificateSource - Certificate '59c80dcc7429ccfd8c2b1590fe885fb4f6c77f7c9cbb4b82a62cb1c27ff4e246' successfully removed from the keystore
11:39:06.186 [main] DEBUG eu.europa.esig.dss.spi.x509.KeyStoreCertificateSource - Certificate 'f1bcdd117b1554173813a42183c54db97e3a7e109d0afa98f4bcd326754a0351' successfully removed from the keystore
11:39:06.187 [main] DEBUG eu.europa.esig.dss.spi.x509.KeyStoreCertificateSource - Certificate 'ffea7f0ed29beb0773ea3b0c4729bbf800a6c390b62195cb270f12a4aa62f284' successfully removed from the keystore
11:39:06.187 [main] DEBUG eu.europa.esig.dss.spi.x509.KeyStoreCertificateSource - Certificate 'f7bc0d164dec8f36709abe85fc57022f3b1684700a804c368d3432900490dfcb' successfully removed from the keystore
11:39:06.187 [main] DEBUG eu.europa.esig.dss.spi.x509.KeyStoreCertificateSource - Keystore has been successfully cleared
]]></system-out>
  </testcase>
  <testcase name="wrongPassword" classname="eu.europa.esig.dss.spi.x509.KeyStoreCertificateSourceTest" time="0.002"/>
  <testcase name="wrongFile" classname="eu.europa.esig.dss.spi.x509.KeyStoreCertificateSourceTest" time="0.007"/>
  <testcase name="crossCertificatesTest" classname="eu.europa.esig.dss.spi.x509.KeyStoreCertificateSourceTest" time="0.02">
    <system-out><![CDATA[11:39:06.213 [main] DEBUG eu.europa.esig.dss.spi.x509.KeyStoreCertificateSource - Certificate 'CertificateToken[
	DSS Id              : C-2AC2D7AF8B956EFEA8A843DAD67B9DD5FED207959EF5177D85545BEAF709311A
	Identity Id         : EntityIdentifier:SHA256:#AA8C4B0C98B839796F280DB3A85FB89C1DD507811E0B46859777C123F44FB685
	Validity period     : Tue Jul 13 11:03:04 CEST 2021 - Thu Jul 13 11:03:04 CEST 2023
	Subject name        : c=lu,ou=pki-test,o=nowina solutions,cn=cc-root-ca
	Issuer subject name : c=lu,ou=pki-test,o=nowina solutions,cn=external-ca
	Serial Number       : 2002
	Signature algorithm : RSA_SHA512
]' successfully added to the keystore
11:39:06.215 [main] DEBUG eu.europa.esig.dss.spi.x509.KeyStoreCertificateSource - Certificate 'CertificateToken[
	DSS Id              : C-7AF47CD836700227D3FA0D1A25D534A5FF64E86BCA3D4317F79B5960965A4F05
	Identity Id         : EntityIdentifier:SHA256:#AA8C4B0C98B839796F280DB3A85FB89C1DD507811E0B46859777C123F44FB685
	Validity period     : Tue Jul 13 11:03:04 CEST 2021 - Thu Jul 13 11:03:04 CEST 2023
	Subject name        : c=lu,ou=pki-test,o=nowina solutions,cn=cc-root-ca
	Issuer subject name : c=lu,ou=pki-test,o=nowina solutions,cn=cc-root-ca
	Serial Number       : 2003
	Signature algorithm : RSA_SHA512
	[SELF-SIGNED]
]' successfully added to the keystore
11:39:06.217 [main] DEBUG eu.europa.esig.dss.spi.x509.KeyStoreCertificateSource - Certificate 'CertificateToken[
	DSS Id              : C-7AF47CD836700227D3FA0D1A25D534A5FF64E86BCA3D4317F79B5960965A4F05
	Identity Id         : EntityIdentifier:SHA256:#AA8C4B0C98B839796F280DB3A85FB89C1DD507811E0B46859777C123F44FB685
	Validity period     : Tue Jul 13 11:03:04 CEST 2021 - Thu Jul 13 11:03:04 CEST 2023
	Subject name        : c=lu,ou=pki-test,o=nowina solutions,cn=cc-root-ca
	Issuer subject name : c=lu,ou=pki-test,o=nowina solutions,cn=cc-root-ca
	Serial Number       : 2003
	Signature algorithm : RSA_SHA512
	[SELF-SIGNED]
]' successfully added to the keystore
11:39:06.218 [main] DEBUG eu.europa.esig.dss.spi.x509.KeyStoreCertificateSource - Certificate 'CertificateToken[
	DSS Id              : C-2AC2D7AF8B956EFEA8A843DAD67B9DD5FED207959EF5177D85545BEAF709311A
	Identity Id         : EntityIdentifier:SHA256:#AA8C4B0C98B839796F280DB3A85FB89C1DD507811E0B46859777C123F44FB685
	Validity period     : Tue Jul 13 11:03:04 CEST 2021 - Thu Jul 13 11:03:04 CEST 2023
	Subject name        : c=lu,ou=pki-test,o=nowina solutions,cn=cc-root-ca
	Issuer subject name : c=lu,ou=pki-test,o=nowina solutions,cn=external-ca
	Serial Number       : 2002
	Signature algorithm : RSA_SHA512
]' successfully added to the keystore
]]></system-out>
  </testcase>
  <testcase name="loadKeystoreAndTruststore" classname="eu.europa.esig.dss.spi.x509.KeyStoreCertificateSourceTest" time="0.129"/>
  <testcase name="testCreateNewKeystore" classname="eu.europa.esig.dss.spi.x509.KeyStoreCertificateSourceTest" time="0.015">
    <system-out><![CDATA[11:39:06.352 [main] DEBUG eu.europa.esig.dss.spi.x509.KeyStoreCertificateSource - Certificate 'CertificateToken[
	DSS Id              : C-BC5B2B8D9E39E650D29B1F39B45247418C1C4D047DAAB32CA8826B9739E20E14
	Identity Id         : EntityIdentifier:SHA256:#1D934E6F124F75BDF65A9C51EFFA4A451F13CCB72832D9192FBE7D9B922A1E53
	Validity period     : Wed Oct 28 12:00:00 CET 2009 - Tue Jun 28 13:00:00 CEST 2016
	Subject name        : 2.5.4.5=#1306323031303131,cn=citizen ca,c=be
	Issuer subject name : cn=belgium root ca2,c=be
	Serial Number       : 155740314092809718017649570364321128026
	Signature algorithm : RSA_SHA1
]' successfully added to the keystore
]]></system-out>
  </testcase>
</testsuite>