<?xml version="1.0" encoding="UTF-8"?>
<testsuite xmlns:xsi="http://www.w3.org/2001/XMLSchema-instance" xsi:noNamespaceSchemaLocation="https://maven.apache.org/surefire/maven-surefire-plugin/xsd/surefire-test-report-3.0.xsd" version="3.0" name="eu.europa.esig.dss.spi.DSSUtilsTest" time="2.198" tests="31" errors="0" skipped="0" failures="0">
  <properties>
    <property name="java.specification.version" value="19"/>
    <property name="sun.cpu.isalist" value="amd64"/>
    <property name="sun.jnu.encoding" value="Cp1252"/>
    <property name="java.class.path" value="C:\Users\amadoria\Documents\Projects\HAPKIDO\WP4\dss-fork\dss-spi\target\test-classes;C:\Users\amadoria\Documents\Projects\HAPKIDO\WP4\dss-fork\dss-spi\target\classes;C:\Users\amadoria\Documents\Projects\HAPKIDO\WP4\dss-fork\dss-model\target\dss-model-5.12.RC1.jar;C:\Users\amadoria\Documents\Projects\HAPKIDO\WP4\dss-fork\dss-enumerations\target\dss-enumerations-5.12.RC1.jar;C:\Users\amadoria\Documents\Projects\HAPKIDO\WP4\dss-fork\dss-utils\target\dss-utils-5.12.RC1.jar;C:\Users\amadoria\Documents\Projects\HAPKIDO\WP4\dss-fork\dss-crl-parser\target\dss-crl-parser-5.12.RC1.jar;C:\Users\amadoria\.m2\repository\org\slf4j\slf4j-api\2.0.6\slf4j-api-2.0.6.jar;C:\Users\amadoria\Documents\Projects\HAPKIDO\WP4\dss-fork\dss-spi\libs\bcpkix-jdk18on-173b20.jar;C:\Users\amadoria\Documents\Projects\HAPKIDO\WP4\dss-fork\dss-spi\libs\bcprov-jdk18on-173b20.jar;C:\Users\amadoria\Documents\Projects\HAPKIDO\WP4\dss-fork\dss-spi\libs\bcutil-jdk18on-173b20.jar;C:\Users\amadoria\.m2\repository\org\junit\platform\junit-platform-launcher\1.9.2\junit-platform-launcher-1.9.2.jar;C:\Users\amadoria\.m2\repository\org\junit\platform\junit-platform-engine\1.9.2\junit-platform-engine-1.9.2.jar;C:\Users\amadoria\.m2\repository\org\opentest4j\opentest4j\1.2.0\opentest4j-1.2.0.jar;C:\Users\amadoria\.m2\repository\org\junit\platform\junit-platform-commons\1.9.2\junit-platform-commons-1.9.2.jar;C:\Users\amadoria\.m2\repository\org\apiguardian\apiguardian-api\1.1.2\apiguardian-api-1.1.2.jar;C:\Users\amadoria\.m2\repository\org\junit\jupiter\junit-jupiter-engine\5.9.2\junit-jupiter-engine-5.9.2.jar;C:\Users\amadoria\.m2\repository\org\junit\jupiter\junit-jupiter-api\5.9.2\junit-jupiter-api-5.9.2.jar;C:\Users\amadoria\.m2\repository\org\junit\jupiter\junit-jupiter-params\5.9.2\junit-jupiter-params-5.9.2.jar;C:\Users\amadoria\Documents\Projects\HAPKIDO\WP4\dss-fork\dss-utils-apache-commons\target\dss-utils-apache-commons-5.12.RC1.jar;C:\Users\amadoria\.m2\repository\org\apache\commons\commons-lang3\3.12.0\commons-lang3-3.12.0.jar;C:\Users\amadoria\.m2\repository\org\apache\commons\commons-collections4\4.4\commons-collections4-4.4.jar;C:\Users\amadoria\.m2\repository\commons-codec\commons-codec\1.15\commons-codec-1.15.jar;C:\Users\amadoria\.m2\repository\commons-io\commons-io\2.11.0\commons-io-2.11.0.jar;C:\Users\amadoria\Documents\Projects\HAPKIDO\WP4\dss-fork\dss-crl-parser-x509crl\target\dss-crl-parser-x509crl-5.12.RC1.jar;C:\Users\amadoria\.m2\repository\ch\qos\logback\logback-classic\1.3.5\logback-classic-1.3.5.jar;C:\Users\amadoria\.m2\repository\ch\qos\logback\logback-core\1.3.5\logback-core-1.3.5.jar;"/>
    <property name="java.vm.vendor" value="Oracle Corporation"/>
    <property name="sun.arch.data.model" value="64"/>
    <property name="user.variant" value=""/>
    <property name="java.vendor.url" value="https://java.oracle.com/"/>
    <property name="user.timezone" value="Europe/Amsterdam"/>
    <property name="os.name" value="Windows 10"/>
    <property name="java.vm.specification.version" value="19"/>
    <property name="sun.java.launcher" value="SUN_STANDARD"/>
    <property name="user.country" value="US"/>
    <property name="sun.boot.library.path" value="C:\Program Files\Java\jdk-19\bin"/>
    <property name="sun.java.command" value="C:\Users\amadoria\AppData\Local\Temp\surefire9983951541681206191\surefirebooter-20230428113707353_157.jar C:\Users\amadoria\AppData\Local\Temp\surefire9983951541681206191 2023-04-28T11-29-53_553-jvmRun1 surefire-20230428113707353_155tmp surefire_25-20230428113707353_156tmp"/>
    <property name="jdk.debug" value="release"/>
    <property name="surefire.test.class.path" value="C:\Users\amadoria\Documents\Projects\HAPKIDO\WP4\dss-fork\dss-spi\target\test-classes;C:\Users\amadoria\Documents\Projects\HAPKIDO\WP4\dss-fork\dss-spi\target\classes;C:\Users\amadoria\Documents\Projects\HAPKIDO\WP4\dss-fork\dss-model\target\dss-model-5.12.RC1.jar;C:\Users\amadoria\Documents\Projects\HAPKIDO\WP4\dss-fork\dss-enumerations\target\dss-enumerations-5.12.RC1.jar;C:\Users\amadoria\Documents\Projects\HAPKIDO\WP4\dss-fork\dss-utils\target\dss-utils-5.12.RC1.jar;C:\Users\amadoria\Documents\Projects\HAPKIDO\WP4\dss-fork\dss-crl-parser\target\dss-crl-parser-5.12.RC1.jar;C:\Users\amadoria\.m2\repository\org\slf4j\slf4j-api\2.0.6\slf4j-api-2.0.6.jar;C:\Users\amadoria\Documents\Projects\HAPKIDO\WP4\dss-fork\dss-spi\libs\bcpkix-jdk18on-173b20.jar;C:\Users\amadoria\Documents\Projects\HAPKIDO\WP4\dss-fork\dss-spi\libs\bcprov-jdk18on-173b20.jar;C:\Users\amadoria\Documents\Projects\HAPKIDO\WP4\dss-fork\dss-spi\libs\bcutil-jdk18on-173b20.jar;C:\Users\amadoria\.m2\repository\org\junit\platform\junit-platform-launcher\1.9.2\junit-platform-launcher-1.9.2.jar;C:\Users\amadoria\.m2\repository\org\junit\platform\junit-platform-engine\1.9.2\junit-platform-engine-1.9.2.jar;C:\Users\amadoria\.m2\repository\org\opentest4j\opentest4j\1.2.0\opentest4j-1.2.0.jar;C:\Users\amadoria\.m2\repository\org\junit\platform\junit-platform-commons\1.9.2\junit-platform-commons-1.9.2.jar;C:\Users\amadoria\.m2\repository\org\apiguardian\apiguardian-api\1.1.2\apiguardian-api-1.1.2.jar;C:\Users\amadoria\.m2\repository\org\junit\jupiter\junit-jupiter-engine\5.9.2\junit-jupiter-engine-5.9.2.jar;C:\Users\amadoria\.m2\repository\org\junit\jupiter\junit-jupiter-api\5.9.2\junit-jupiter-api-5.9.2.jar;C:\Users\amadoria\.m2\repository\org\junit\jupiter\junit-jupiter-params\5.9.2\junit-jupiter-params-5.9.2.jar;C:\Users\amadoria\Documents\Projects\HAPKIDO\WP4\dss-fork\dss-utils-apache-commons\target\dss-utils-apache-commons-5.12.RC1.jar;C:\Users\amadoria\.m2\repository\org\apache\commons\commons-lang3\3.12.0\commons-lang3-3.12.0.jar;C:\Users\amadoria\.m2\repository\org\apache\commons\commons-collections4\4.4\commons-collections4-4.4.jar;C:\Users\amadoria\.m2\repository\commons-codec\commons-codec\1.15\commons-codec-1.15.jar;C:\Users\amadoria\.m2\repository\commons-io\commons-io\2.11.0\commons-io-2.11.0.jar;C:\Users\amadoria\Documents\Projects\HAPKIDO\WP4\dss-fork\dss-crl-parser-x509crl\target\dss-crl-parser-x509crl-5.12.RC1.jar;C:\Users\amadoria\.m2\repository\ch\qos\logback\logback-classic\1.3.5\logback-classic-1.3.5.jar;C:\Users\amadoria\.m2\repository\ch\qos\logback\logback-core\1.3.5\logback-core-1.3.5.jar;"/>
    <property name="sun.cpu.endian" value="little"/>
    <property name="user.home" value="C:\Users\amadoria"/>
    <property name="user.language" value="en"/>
    <property name="java.specification.vendor" value="Oracle Corporation"/>
    <property name="java.version.date" value="2023-01-17"/>
    <property name="java.home" value="C:\Program Files\Java\jdk-19"/>
    <property name="file.separator" value="\"/>
    <property name="basedir" value="C:\Users\amadoria\Documents\Projects\HAPKIDO\WP4\dss-fork\dss-spi"/>
    <property name="java.vm.compressedOopsMode" value="Zero based"/>
    <property name="line.separator" value="&#10;"/>
    <property name="java.vm.specification.vendor" value="Oracle Corporation"/>
    <property name="java.specification.name" value="Java Platform API Specification"/>
    <property name="surefire.real.class.path" value="C:\Users\amadoria\AppData\Local\Temp\surefire9983951541681206191\surefirebooter-20230428113707353_157.jar"/>
    <property name="user.script" value=""/>
    <property name="sun.management.compiler" value="HotSpot 64-Bit Tiered Compilers"/>
    <property name="java.runtime.version" value="19.0.2+7-44"/>
    <property name="user.name" value="amadoria"/>
    <property name="stdout.encoding" value="Cp1252"/>
    <property name="path.separator" value=";"/>
    <property name="os.version" value="10.0"/>
    <property name="java.runtime.name" value="Java(TM) SE Runtime Environment"/>
    <property name="file.encoding" value="UTF-8"/>
    <property name="java.vm.name" value="Java HotSpot(TM) 64-Bit Server VM"/>
    <property name="localRepository" value="C:\Users\amadoria\.m2\repository"/>
    <property name="java.vendor.url.bug" value="https://bugreport.java.com/bugreport/"/>
    <property name="java.io.tmpdir" value="C:\Users\amadoria\AppData\Local\Temp\"/>
    <property name="java.version" value="19.0.2"/>
    <property name="user.dir" value="C:\Users\amadoria\Documents\Projects\HAPKIDO\WP4\dss-fork\dss-spi"/>
    <property name="os.arch" value="amd64"/>
    <property name="java.vm.specification.name" value="Java Virtual Machine Specification"/>
    <property name="sun.os.patch.level" value=""/>
    <property name="native.encoding" value="Cp1252"/>
    <property name="java.library.path" value="C:\Program Files\Java\jdk-19\bin;C:\WINDOWS\Sun\Java\bin;C:\WINDOWS\system32;C:\WINDOWS;C:\Program Files\Common Files\Oracle\Java\javapath;C:\Program Files\Eclipse Adoptium\jdk-17.0.5.8-hotspot\bin;C:\WINDOWS\system32;C:\WINDOWS;C:\WINDOWS\System32\Wbem;C:\WINDOWS\System32\WindowsPowerShell\v1.0\;C:\WINDOWS\System32\OpenSSH\;C:\Program Files\dotnet\;C:\ProgramData\chocolatey\bin;C:\Program Files\Gradle\gradle-8.0.2\bin;C:\Program Files\Maven\apache-maven-3.9.0\bin;;C:\Program Files\Docker\Docker\resources\bin;C:\Users\amadoria\AppData\Local\Programs\Python\Python38\Scripts\;C:\Users\amadoria\AppData\Local\Programs\Python\Python38\;C:\Users\amadoria\AppData\Local\Microsoft\WindowsApps;C:\Users\amadoria\AppData\Local\Programs\MiKTeX\miktex\bin\x64\;C:\Users\amadoria\AppData\Local\Programs\Microsoft VS Code\bin;C:\Users\amadoria\AppData\Roaming\Python\Scripts\;C:\Users\amadoria\AppData\Local\Programs\Git\cmd;C:\Program Files\JetBrains\IntelliJ IDEA Community Edition 2022.3.3\bin;;."/>
    <property name="java.vm.info" value="mixed mode, sharing"/>
    <property name="stderr.encoding" value="Cp1252"/>
    <property name="java.vendor" value="Oracle Corporation"/>
    <property name="java.vm.version" value="19.0.2+7-44"/>
    <property name="sun.io.unicode.encoding" value="UnicodeLittle"/>
    <property name="java.class.version" value="63.0"/>
  </properties>
  <testcase name="isOidCode" classname="eu.europa.esig.dss.spi.DSSUtilsTest" time="0.003"/>
  <testcase name="testChainFromSchemeServiceDefinitionURI" classname="eu.europa.esig.dss.spi.DSSUtilsTest" time="0.128"/>
  <testcase name="getObjectIdentifierValue" classname="eu.europa.esig.dss.spi.DSSUtilsTest" time="0.011"/>
  <testcase name="isLineBreakByteTest" classname="eu.europa.esig.dss.spi.DSSUtilsTest" time="0.002"/>
  <testcase name="loadCertificateDoesNotThrowNullPointerExceptionWhenProvidedNonCertificateFile" classname="eu.europa.esig.dss.spi.DSSUtilsTest" time="0.002"/>
  <testcase name="testDontSkipCertificatesWhenMultipleAreFoundInP7c" classname="eu.europa.esig.dss.spi.DSSUtilsTest" time="0.01"/>
  <testcase name="printSecurityProviders" classname="eu.europa.esig.dss.spi.DSSUtilsTest" time="0.147">
    <system-out><![CDATA[11:37:12.881 [main] INFO eu.europa.esig.dss.spi.DSSUtils - PROVIDER: SUN
11:37:12.882 [main] INFO eu.europa.esig.dss.spi.DSSUtils - 	ALGORITHM: DSA / KeyPairGenerator / sun.security.provider.DSAKeyPairGenerator$Current
11:37:12.882 [main] INFO eu.europa.esig.dss.spi.DSSUtils - 	ALGORITHM: SHA-1 / MessageDigest / sun.security.provider.SHA
11:37:12.882 [main] INFO eu.europa.esig.dss.spi.DSSUtils - 	ALGORITHM: PKIX / CertPathBuilder / sun.security.provider.certpath.SunCertPathBuilder
11:37:12.882 [main] INFO eu.europa.esig.dss.spi.DSSUtils - 	ALGORITHM: MD2 / MessageDigest / sun.security.provider.MD2
11:37:12.882 [main] INFO eu.europa.esig.dss.spi.DSSUtils - 	ALGORITHM: MD5 / MessageDigest / sun.security.provider.MD5
11:37:12.882 [main] INFO eu.europa.esig.dss.spi.DSSUtils - 	ALGORITHM: SHA1PRNG / SecureRandom / sun.security.provider.SecureRandom
11:37:12.882 [main] INFO eu.europa.esig.dss.spi.DSSUtils - 	ALGORITHM: SHA-512/256 / MessageDigest / sun.security.provider.SHA5$SHA512_256
11:37:12.882 [main] INFO eu.europa.esig.dss.spi.DSSUtils - 	ALGORITHM: SHA3-512 / MessageDigest / sun.security.provider.SHA3$SHA512
11:37:12.882 [main] INFO eu.europa.esig.dss.spi.DSSUtils - 	ALGORITHM: SHA-256 / MessageDigest / sun.security.provider.SHA2$SHA256
11:37:12.882 [main] INFO eu.europa.esig.dss.spi.DSSUtils - 	ALGORITHM: SHA3-256withDSAinP1363Format / Signature / sun.security.provider.DSA$SHA3_256withDSAinP1363Format
11:37:12.882 [main] INFO eu.europa.esig.dss.spi.DSSUtils - 	ALGORITHM: SHA512withDSAinP1363Format / Signature / sun.security.provider.DSA$SHA512withDSAinP1363Format
11:37:12.883 [main] INFO eu.europa.esig.dss.spi.DSSUtils - 	ALGORITHM: SHA3-512withDSAinP1363Format / Signature / sun.security.provider.DSA$SHA3_512withDSAinP1363Format
11:37:12.883 [main] INFO eu.europa.esig.dss.spi.DSSUtils - 	ALGORITHM: SHA1withDSA / Signature / sun.security.provider.DSA$SHA1withDSA
11:37:12.883 [main] INFO eu.europa.esig.dss.spi.DSSUtils - 	ALGORITHM: SHA-384 / MessageDigest / sun.security.provider.SHA5$SHA384
11:37:12.883 [main] INFO eu.europa.esig.dss.spi.DSSUtils - 	ALGORITHM: SHA1withDSAinP1363Format / Signature / sun.security.provider.DSA$SHA1withDSAinP1363Format
11:37:12.884 [main] INFO eu.europa.esig.dss.spi.DSSUtils - 	ALGORITHM: SHA256withDSAinP1363Format / Signature / sun.security.provider.DSA$SHA256withDSAinP1363Format
11:37:12.884 [main] INFO eu.europa.esig.dss.spi.DSSUtils - 	ALGORITHM: SHA-512/224 / MessageDigest / sun.security.provider.SHA5$SHA512_224
11:37:12.884 [main] INFO eu.europa.esig.dss.spi.DSSUtils - 	ALGORITHM: SHA3-224withDSAinP1363Format / Signature / sun.security.provider.DSA$SHA3_224withDSAinP1363Format
11:37:12.884 [main] INFO eu.europa.esig.dss.spi.DSSUtils - 	ALGORITHM: SHA384withDSA / Signature / sun.security.provider.DSA$SHA384withDSA
11:37:12.884 [main] INFO eu.europa.esig.dss.spi.DSSUtils - 	ALGORITHM: SHA3-384withDSA / Signature / sun.security.provider.DSA$SHA3_384withDSA
11:37:12.884 [main] INFO eu.europa.esig.dss.spi.DSSUtils - 	ALGORITHM: SHA3-512withDSA / Signature / sun.security.provider.DSA$SHA3_512withDSA
11:37:12.884 [main] INFO eu.europa.esig.dss.spi.DSSUtils - 	ALGORITHM: JavaLoginConfig / Configuration / sun.security.provider.ConfigFile$Spi
11:37:12.884 [main] INFO eu.europa.esig.dss.spi.DSSUtils - 	ALGORITHM: SHA-512 / MessageDigest / sun.security.provider.SHA5$SHA512
11:37:12.884 [main] INFO eu.europa.esig.dss.spi.DSSUtils - 	ALGORITHM: SHA512withDSA / Signature / sun.security.provider.DSA$SHA512withDSA
11:37:12.884 [main] INFO eu.europa.esig.dss.spi.DSSUtils - 	ALGORITHM: SHA3-224withDSA / Signature / sun.security.provider.DSA$SHA3_224withDSA
11:37:12.884 [main] INFO eu.europa.esig.dss.spi.DSSUtils - 	ALGORITHM: SHA3-256withDSA / Signature / sun.security.provider.DSA$SHA3_256withDSA
11:37:12.884 [main] INFO eu.europa.esig.dss.spi.DSSUtils - 	ALGORITHM: SHA224withDSA / Signature / sun.security.provider.DSA$SHA224withDSA
11:37:12.884 [main] INFO eu.europa.esig.dss.spi.DSSUtils - 	ALGORITHM: SHA256withDSA / Signature / sun.security.provider.DSA$SHA256withDSA
11:37:12.884 [main] INFO eu.europa.esig.dss.spi.DSSUtils - 	ALGORITHM: SHA3-256 / MessageDigest / sun.security.provider.SHA3$SHA256
11:37:12.884 [main] INFO eu.europa.esig.dss.spi.DSSUtils - 	ALGORITHM: Collection / CertStore / sun.security.provider.certpath.CollectionCertStore
11:37:12.884 [main] INFO eu.europa.esig.dss.spi.DSSUtils - 	ALGORITHM: X.509 / CertificateFactory / sun.security.provider.X509Factory
11:37:12.884 [main] INFO eu.europa.esig.dss.spi.DSSUtils - 	ALGORITHM: SHA384withDSAinP1363Format / Signature / sun.security.provider.DSA$SHA384withDSAinP1363Format
11:37:12.884 [main] INFO eu.europa.esig.dss.spi.DSSUtils - 	ALGORITHM: DSA / AlgorithmParameters / sun.security.provider.DSAParameters
11:37:12.884 [main] INFO eu.europa.esig.dss.spi.DSSUtils - 	ALGORITHM: SHA-224 / MessageDigest / sun.security.provider.SHA2$SHA224
11:37:12.884 [main] INFO eu.europa.esig.dss.spi.DSSUtils - 	ALGORITHM: DSA / KeyFactory / sun.security.provider.DSAKeyFactory
11:37:12.884 [main] INFO eu.europa.esig.dss.spi.DSSUtils - 	ALGORITHM: SHA3-384 / MessageDigest / sun.security.provider.SHA3$SHA384
11:37:12.885 [main] INFO eu.europa.esig.dss.spi.DSSUtils - 	ALGORITHM: JKS / KeyStore / sun.security.provider.JavaKeyStore$DualFormatJKS
11:37:12.885 [main] INFO eu.europa.esig.dss.spi.DSSUtils - 	ALGORITHM: SHA3-384withDSAinP1363Format / Signature / sun.security.provider.DSA$SHA3_384withDSAinP1363Format
11:37:12.885 [main] INFO eu.europa.esig.dss.spi.DSSUtils - 	ALGORITHM: DSA / AlgorithmParameterGenerator / sun.security.provider.DSAParameterGenerator
11:37:12.885 [main] INFO eu.europa.esig.dss.spi.DSSUtils - 	ALGORITHM: PKIX / CertPathValidator / sun.security.provider.certpath.PKIXCertPathValidator
11:37:12.885 [main] INFO eu.europa.esig.dss.spi.DSSUtils - 	ALGORITHM: SHA3-224 / MessageDigest / sun.security.provider.SHA3$SHA224
11:37:12.885 [main] INFO eu.europa.esig.dss.spi.DSSUtils - 	ALGORITHM: NONEwithDSAinP1363Format / Signature / sun.security.provider.DSA$RawDSAinP1363Format
11:37:12.885 [main] INFO eu.europa.esig.dss.spi.DSSUtils - 	ALGORITHM: NONEwithDSA / Signature / sun.security.provider.DSA$RawDSA
11:37:12.885 [main] INFO eu.europa.esig.dss.spi.DSSUtils - 	ALGORITHM: CaseExactJKS / KeyStore / sun.security.provider.JavaKeyStore$CaseExactJKS
11:37:12.885 [main] INFO eu.europa.esig.dss.spi.DSSUtils - 	ALGORITHM: PKCS12 / KeyStore / sun.security.pkcs12.PKCS12KeyStore$DualFormatPKCS12
11:37:12.885 [main] INFO eu.europa.esig.dss.spi.DSSUtils - 	ALGORITHM: DRBG / SecureRandom / sun.security.provider.DRBG
11:37:12.885 [main] INFO eu.europa.esig.dss.spi.DSSUtils - 	ALGORITHM: SHA224withDSAinP1363Format / Signature / sun.security.provider.DSA$SHA224withDSAinP1363Format
11:37:12.885 [main] INFO eu.europa.esig.dss.spi.DSSUtils - 	ALGORITHM: DKS / KeyStore / sun.security.provider.DomainKeyStore$DKS
11:37:12.885 [main] INFO eu.europa.esig.dss.spi.DSSUtils - 	ALGORITHM: com.sun.security.IndexedCollection / CertStore / sun.security.provider.certpath.IndexedCollectionCertStore
11:37:12.886 [main] INFO eu.europa.esig.dss.spi.DSSUtils - 	ALGORITHM: JavaPolicy / Policy / sun.security.provider.PolicySpiFile
11:37:12.886 [main] INFO eu.europa.esig.dss.spi.DSSUtils - PROVIDER: SunRsaSign
11:37:12.886 [main] INFO eu.europa.esig.dss.spi.DSSUtils - 	ALGORITHM: RSASSA-PSS / KeyFactory / sun.security.rsa.RSAKeyFactory$PSS
11:37:12.886 [main] INFO eu.europa.esig.dss.spi.DSSUtils - 	ALGORITHM: RSA / KeyPairGenerator / sun.security.rsa.RSAKeyPairGenerator$Legacy
11:37:12.886 [main] INFO eu.europa.esig.dss.spi.DSSUtils - 	ALGORITHM: RSASSA-PSS / KeyPairGenerator / sun.security.rsa.RSAKeyPairGenerator$PSS
11:37:12.886 [main] INFO eu.europa.esig.dss.spi.DSSUtils - 	ALGORITHM: RSASSA-PSS / Signature / sun.security.rsa.RSAPSSSignature
11:37:12.886 [main] INFO eu.europa.esig.dss.spi.DSSUtils - 	ALGORITHM: SHA224withRSA / Signature / sun.security.rsa.RSASignature$SHA224withRSA
11:37:12.886 [main] INFO eu.europa.esig.dss.spi.DSSUtils - 	ALGORITHM: SHA3-224withRSA / Signature / sun.security.rsa.RSASignature$SHA3_224withRSA
11:37:12.886 [main] INFO eu.europa.esig.dss.spi.DSSUtils - 	ALGORITHM: RSASSA-PSS / AlgorithmParameters / sun.security.rsa.PSSParameters
11:37:12.886 [main] INFO eu.europa.esig.dss.spi.DSSUtils - 	ALGORITHM: RSA / KeyFactory / sun.security.rsa.RSAKeyFactory$Legacy
11:37:12.886 [main] INFO eu.europa.esig.dss.spi.DSSUtils - 	ALGORITHM: SHA1withRSA / Signature / sun.security.rsa.RSASignature$SHA1withRSA
11:37:12.886 [main] INFO eu.europa.esig.dss.spi.DSSUtils - 	ALGORITHM: MD5withRSA / Signature / sun.security.rsa.RSASignature$MD5withRSA
11:37:12.887 [main] INFO eu.europa.esig.dss.spi.DSSUtils - 	ALGORITHM: MD2withRSA / Signature / sun.security.rsa.RSASignature$MD2withRSA
11:37:12.887 [main] INFO eu.europa.esig.dss.spi.DSSUtils - 	ALGORITHM: SHA256withRSA / Signature / sun.security.rsa.RSASignature$SHA256withRSA
11:37:12.887 [main] INFO eu.europa.esig.dss.spi.DSSUtils - 	ALGORITHM: SHA384withRSA / Signature / sun.security.rsa.RSASignature$SHA384withRSA
11:37:12.887 [main] INFO eu.europa.esig.dss.spi.DSSUtils - 	ALGORITHM: SHA3-256withRSA / Signature / sun.security.rsa.RSASignature$SHA3_256withRSA
11:37:12.887 [main] INFO eu.europa.esig.dss.spi.DSSUtils - 	ALGORITHM: SHA3-384withRSA / Signature / sun.security.rsa.RSASignature$SHA3_384withRSA
11:37:12.887 [main] INFO eu.europa.esig.dss.spi.DSSUtils - 	ALGORITHM: SHA3-512withRSA / Signature / sun.security.rsa.RSASignature$SHA3_512withRSA
11:37:12.887 [main] INFO eu.europa.esig.dss.spi.DSSUtils - 	ALGORITHM: SHA512/224withRSA / Signature / sun.security.rsa.RSASignature$SHA512_224withRSA
11:37:12.887 [main] INFO eu.europa.esig.dss.spi.DSSUtils - 	ALGORITHM: SHA512/256withRSA / Signature / sun.security.rsa.RSASignature$SHA512_256withRSA
11:37:12.887 [main] INFO eu.europa.esig.dss.spi.DSSUtils - 	ALGORITHM: SHA512withRSA / Signature / sun.security.rsa.RSASignature$SHA512withRSA
11:37:12.887 [main] INFO eu.europa.esig.dss.spi.DSSUtils - PROVIDER: SunEC
11:37:12.887 [main] INFO eu.europa.esig.dss.spi.DSSUtils - 	ALGORITHM: Ed448 / Signature / sun.security.ec.ed.EdDSASignature.Ed448
11:37:12.887 [main] INFO eu.europa.esig.dss.spi.DSSUtils - 	ALGORITHM: X25519 / KeyFactory / sun.security.ec.XDHKeyFactory.X25519
11:37:12.888 [main] INFO eu.europa.esig.dss.spi.DSSUtils - 	ALGORITHM: X448 / KeyAgreement / sun.security.ec.XDHKeyAgreement.X448
11:37:12.888 [main] INFO eu.europa.esig.dss.spi.DSSUtils - 	ALGORITHM: Ed25519 / Signature / sun.security.ec.ed.EdDSASignature.Ed25519
11:37:12.888 [main] INFO eu.europa.esig.dss.spi.DSSUtils - 	ALGORITHM: EC / KeyPairGenerator / sun.security.ec.ECKeyPairGenerator
11:37:12.888 [main] INFO eu.europa.esig.dss.spi.DSSUtils - 	ALGORITHM: X448 / KeyFactory / sun.security.ec.XDHKeyFactory.X448
11:37:12.888 [main] INFO eu.europa.esig.dss.spi.DSSUtils - 	ALGORITHM: X448 / KeyPairGenerator / sun.security.ec.XDHKeyPairGenerator.X448
11:37:12.888 [main] INFO eu.europa.esig.dss.spi.DSSUtils - 	ALGORITHM: X25519 / KeyAgreement / sun.security.ec.XDHKeyAgreement.X25519
11:37:12.888 [main] INFO eu.europa.esig.dss.spi.DSSUtils - 	ALGORITHM: EC / KeyFactory / sun.security.ec.ECKeyFactory
11:37:12.888 [main] INFO eu.europa.esig.dss.spi.DSSUtils - 	ALGORITHM: X25519 / KeyPairGenerator / sun.security.ec.XDHKeyPairGenerator.X25519
11:37:12.888 [main] INFO eu.europa.esig.dss.spi.DSSUtils - 	ALGORITHM: Ed25519 / KeyFactory / sun.security.ec.ed.EdDSAKeyFactory.Ed25519
11:37:12.888 [main] INFO eu.europa.esig.dss.spi.DSSUtils - 	ALGORITHM: Ed25519 / KeyPairGenerator / sun.security.ec.ed.EdDSAKeyPairGenerator.Ed25519
11:37:12.888 [main] INFO eu.europa.esig.dss.spi.DSSUtils - 	ALGORITHM: EdDSA / Signature / sun.security.ec.ed.EdDSASignature
11:37:12.888 [main] INFO eu.europa.esig.dss.spi.DSSUtils - 	ALGORITHM: EC / AlgorithmParameters / sun.security.util.ECParameters
11:37:12.888 [main] INFO eu.europa.esig.dss.spi.DSSUtils - 	ALGORITHM: Ed448 / KeyPairGenerator / sun.security.ec.ed.EdDSAKeyPairGenerator.Ed448
11:37:12.889 [main] INFO eu.europa.esig.dss.spi.DSSUtils - 	ALGORITHM: SHA256withECDSA / Signature / sun.security.ec.ECDSASignature$SHA256
11:37:12.889 [main] INFO eu.europa.esig.dss.spi.DSSUtils - 	ALGORITHM: Ed448 / KeyFactory / sun.security.ec.ed.EdDSAKeyFactory.Ed448
11:37:12.889 [main] INFO eu.europa.esig.dss.spi.DSSUtils - 	ALGORITHM: SHA3-512withECDSA / Signature / sun.security.ec.ECDSASignature$SHA3_512
11:37:12.889 [main] INFO eu.europa.esig.dss.spi.DSSUtils - 	ALGORITHM: EdDSA / KeyPairGenerator / sun.security.ec.ed.EdDSAKeyPairGenerator
11:37:12.889 [main] INFO eu.europa.esig.dss.spi.DSSUtils - 	ALGORITHM: SHA224withECDSAinP1363Format / Signature / sun.security.ec.ECDSASignature$SHA224inP1363Format
11:37:12.889 [main] INFO eu.europa.esig.dss.spi.DSSUtils - 	ALGORITHM: SHA256withECDSAinP1363Format / Signature / sun.security.ec.ECDSASignature$SHA256inP1363Format
11:37:12.889 [main] INFO eu.europa.esig.dss.spi.DSSUtils - 	ALGORITHM: SHA3-224withECDSA / Signature / sun.security.ec.ECDSASignature$SHA3_224
11:37:12.889 [main] INFO eu.europa.esig.dss.spi.DSSUtils - 	ALGORITHM: SHA3-256withECDSAinP1363Format / Signature / sun.security.ec.ECDSASignature$SHA3_256inP1363Format
11:37:12.889 [main] INFO eu.europa.esig.dss.spi.DSSUtils - 	ALGORITHM: SHA3-384withECDSA / Signature / sun.security.ec.ECDSASignature$SHA3_384
11:37:12.889 [main] INFO eu.europa.esig.dss.spi.DSSUtils - 	ALGORITHM: SHA224withECDSA / Signature / sun.security.ec.ECDSASignature$SHA224
11:37:12.889 [main] INFO eu.europa.esig.dss.spi.DSSUtils - 	ALGORITHM: SHA384withECDSA / Signature / sun.security.ec.ECDSASignature$SHA384
11:37:12.889 [main] INFO eu.europa.esig.dss.spi.DSSUtils - 	ALGORITHM: XDH / KeyPairGenerator / sun.security.ec.XDHKeyPairGenerator
11:37:12.889 [main] INFO eu.europa.esig.dss.spi.DSSUtils - 	ALGORITHM: SHA512withECDSA / Signature / sun.security.ec.ECDSASignature$SHA512
11:37:12.889 [main] INFO eu.europa.esig.dss.spi.DSSUtils - 	ALGORITHM: EdDSA / KeyFactory / sun.security.ec.ed.EdDSAKeyFactory
11:37:12.890 [main] INFO eu.europa.esig.dss.spi.DSSUtils - 	ALGORITHM: SHA3-256withECDSA / Signature / sun.security.ec.ECDSASignature$SHA3_256
11:37:12.890 [main] INFO eu.europa.esig.dss.spi.DSSUtils - 	ALGORITHM: SHA3-384withECDSAinP1363Format / Signature / sun.security.ec.ECDSASignature$SHA3_384inP1363Format
11:37:12.890 [main] INFO eu.europa.esig.dss.spi.DSSUtils - 	ALGORITHM: XDH / KeyAgreement / sun.security.ec.XDHKeyAgreement
11:37:12.890 [main] INFO eu.europa.esig.dss.spi.DSSUtils - 	ALGORITHM: NONEwithECDSA / Signature / sun.security.ec.ECDSASignature$Raw
11:37:12.890 [main] INFO eu.europa.esig.dss.spi.DSSUtils - 	ALGORITHM: NONEwithECDSAinP1363Format / Signature / sun.security.ec.ECDSASignature$RawinP1363Format
11:37:12.890 [main] INFO eu.europa.esig.dss.spi.DSSUtils - 	ALGORITHM: SHA3-224withECDSAinP1363Format / Signature / sun.security.ec.ECDSASignature$SHA3_224inP1363Format
11:37:12.890 [main] INFO eu.europa.esig.dss.spi.DSSUtils - 	ALGORITHM: XDH / KeyFactory / sun.security.ec.XDHKeyFactory
11:37:12.890 [main] INFO eu.europa.esig.dss.spi.DSSUtils - 	ALGORITHM: SHA3-512withECDSAinP1363Format / Signature / sun.security.ec.ECDSASignature$SHA3_512inP1363Format
11:37:12.890 [main] INFO eu.europa.esig.dss.spi.DSSUtils - 	ALGORITHM: SHA384withECDSAinP1363Format / Signature / sun.security.ec.ECDSASignature$SHA384inP1363Format
11:37:12.890 [main] INFO eu.europa.esig.dss.spi.DSSUtils - 	ALGORITHM: SHA512withECDSAinP1363Format / Signature / sun.security.ec.ECDSASignature$SHA512inP1363Format
11:37:12.890 [main] INFO eu.europa.esig.dss.spi.DSSUtils - 	ALGORITHM: SHA1withECDSA / Signature / sun.security.ec.ECDSASignature$SHA1
11:37:12.891 [main] INFO eu.europa.esig.dss.spi.DSSUtils - 	ALGORITHM: ECDH / KeyAgreement / sun.security.ec.ECDHKeyAgreement
11:37:12.891 [main] INFO eu.europa.esig.dss.spi.DSSUtils - 	ALGORITHM: SHA1withECDSAinP1363Format / Signature / sun.security.ec.ECDSASignature$SHA1inP1363Format
11:37:12.891 [main] INFO eu.europa.esig.dss.spi.DSSUtils - PROVIDER: SunJSSE
11:37:12.891 [main] INFO eu.europa.esig.dss.spi.DSSUtils - 	ALGORITHM: TLSv1 / SSLContext / sun.security.ssl.SSLContextImpl$TLS10Context
11:37:12.891 [main] INFO eu.europa.esig.dss.spi.DSSUtils - 	ALGORITHM: PKIX / TrustManagerFactory / sun.security.ssl.TrustManagerFactoryImpl$PKIXFactory
11:37:12.891 [main] INFO eu.europa.esig.dss.spi.DSSUtils - 	ALGORITHM: NewSunX509 / KeyManagerFactory / sun.security.ssl.KeyManagerFactoryImpl$X509
11:37:12.892 [main] INFO eu.europa.esig.dss.spi.DSSUtils - 	ALGORITHM: DTLSv1.0 / SSLContext / sun.security.ssl.SSLContextImpl$DTLS10Context
11:37:12.893 [main] INFO eu.europa.esig.dss.spi.DSSUtils - 	ALGORITHM: DTLS / SSLContext / sun.security.ssl.SSLContextImpl$DTLSContext
11:37:12.893 [main] INFO eu.europa.esig.dss.spi.DSSUtils - 	ALGORITHM: DTLSv1.2 / SSLContext / sun.security.ssl.SSLContextImpl$DTLS12Context
11:37:12.894 [main] INFO eu.europa.esig.dss.spi.DSSUtils - 	ALGORITHM: TLS / SSLContext / sun.security.ssl.SSLContextImpl$TLSContext
11:37:12.894 [main] INFO eu.europa.esig.dss.spi.DSSUtils - 	ALGORITHM: Default / SSLContext / sun.security.ssl.SSLContextImpl$DefaultSSLContext
11:37:12.894 [main] INFO eu.europa.esig.dss.spi.DSSUtils - 	ALGORITHM: TLSv1.2 / SSLContext / sun.security.ssl.SSLContextImpl$TLS12Context
11:37:12.894 [main] INFO eu.europa.esig.dss.spi.DSSUtils - 	ALGORITHM: TLSv1.1 / SSLContext / sun.security.ssl.SSLContextImpl$TLS11Context
11:37:12.895 [main] INFO eu.europa.esig.dss.spi.DSSUtils - 	ALGORITHM: MD5andSHA1withRSA / Signature / sun.security.ssl.RSASignature
11:37:12.895 [main] INFO eu.europa.esig.dss.spi.DSSUtils - 	ALGORITHM: PKCS12 / KeyStore / sun.security.pkcs12.PKCS12KeyStore
11:37:12.895 [main] INFO eu.europa.esig.dss.spi.DSSUtils - 	ALGORITHM: TLSv1.3 / SSLContext / sun.security.ssl.SSLContextImpl$TLS13Context
11:37:12.895 [main] INFO eu.europa.esig.dss.spi.DSSUtils - 	ALGORITHM: SunX509 / TrustManagerFactory / sun.security.ssl.TrustManagerFactoryImpl$SimpleFactory
11:37:12.895 [main] INFO eu.europa.esig.dss.spi.DSSUtils - 	ALGORITHM: SunX509 / KeyManagerFactory / sun.security.ssl.KeyManagerFactoryImpl$SunX509
11:37:12.895 [main] INFO eu.europa.esig.dss.spi.DSSUtils - PROVIDER: SunJCE
11:37:12.896 [main] INFO eu.europa.esig.dss.spi.DSSUtils - 	ALGORITHM: HmacSHA512 / Mac / com.sun.crypto.provider.HmacCore$HmacSHA512
11:37:12.896 [main] INFO eu.europa.esig.dss.spi.DSSUtils - 	ALGORITHM: HmacSHA3-384 / Mac / com.sun.crypto.provider.HmacCore$HmacSHA3_384
11:37:12.896 [main] INFO eu.europa.esig.dss.spi.DSSUtils - 	ALGORITHM: HmacSHA3-224 / KeyGenerator / com.sun.crypto.provider.KeyGeneratorCore$HmacKG$SHA3_224
11:37:12.896 [main] INFO eu.europa.esig.dss.spi.DSSUtils - 	ALGORITHM: AES / AlgorithmParameters / com.sun.crypto.provider.AESParameters
11:37:12.896 [main] INFO eu.europa.esig.dss.spi.DSSUtils - 	ALGORITHM: HmacSHA384 / Mac / com.sun.crypto.provider.HmacCore$HmacSHA384
11:37:12.896 [main] INFO eu.europa.esig.dss.spi.DSSUtils - 	ALGORITHM: HmacSHA3-512 / Mac / com.sun.crypto.provider.HmacCore$HmacSHA3_512
11:37:12.896 [main] INFO eu.europa.esig.dss.spi.DSSUtils - 	ALGORITHM: PBEWithMD5AndDES / Cipher / com.sun.crypto.provider.PBEWithMD5AndDESCipher
11:37:12.896 [main] INFO eu.europa.esig.dss.spi.DSSUtils - 	ALGORITHM: HmacSHA384 / KeyGenerator / com.sun.crypto.provider.KeyGeneratorCore$HmacKG$SHA384
11:37:12.896 [main] INFO eu.europa.esig.dss.spi.DSSUtils - 	ALGORITHM: HmacSHA512/256 / Mac / com.sun.crypto.provider.HmacCore$HmacSHA512_256
11:37:12.896 [main] INFO eu.europa.esig.dss.spi.DSSUtils - 	ALGORITHM: HmacSHA3-224 / Mac / com.sun.crypto.provider.HmacCore$HmacSHA3_224
11:37:12.896 [main] INFO eu.europa.esig.dss.spi.DSSUtils - 	ALGORITHM: AES/GCM/NoPadding / Cipher / com.sun.crypto.provider.GaloisCounterMode$AESGCM
11:37:12.896 [main] INFO eu.europa.esig.dss.spi.DSSUtils - 	ALGORITHM: HmacSHA512/224 / Mac / com.sun.crypto.provider.HmacCore$HmacSHA512_224
11:37:12.896 [main] INFO eu.europa.esig.dss.spi.DSSUtils - 	ALGORITHM: HmacSHA3-256 / Mac / com.sun.crypto.provider.HmacCore$HmacSHA3_256
11:37:12.896 [main] INFO eu.europa.esig.dss.spi.DSSUtils - 	ALGORITHM: PBEWithSHA1AndRC2_128 / Cipher / com.sun.crypto.provider.PKCS12PBECipherCore$PBEWithSHA1AndRC2_128
11:37:12.897 [main] INFO eu.europa.esig.dss.spi.DSSUtils - 	ALGORITHM: HmacSHA512/224 / KeyGenerator / com.sun.crypto.provider.KeyGeneratorCore$HmacKG$SHA512_224
11:37:12.897 [main] INFO eu.europa.esig.dss.spi.DSSUtils - 	ALGORITHM: HmacSHA512 / KeyGenerator / com.sun.crypto.provider.KeyGeneratorCore$HmacKG$SHA512
11:37:12.897 [main] INFO eu.europa.esig.dss.spi.DSSUtils - 	ALGORITHM: AES_192/ECB/NoPadding / Cipher / com.sun.crypto.provider.AESCipher$AES192_ECB_NoPadding
11:37:12.897 [main] INFO eu.europa.esig.dss.spi.DSSUtils - 	ALGORITHM: RC2 / AlgorithmParameters / com.sun.crypto.provider.RC2Parameters
11:37:12.897 [main] INFO eu.europa.esig.dss.spi.DSSUtils - 	ALGORITHM: AES_128/KW/NoPadding / Cipher / com.sun.crypto.provider.KeyWrapCipher$AES128_KW_NoPadding
11:37:12.897 [main] INFO eu.europa.esig.dss.spi.DSSUtils - 	ALGORITHM: PBEWithSHA1AndRC2_40 / Cipher / com.sun.crypto.provider.PKCS12PBECipherCore$PBEWithSHA1AndRC2_40
11:37:12.897 [main] INFO eu.europa.esig.dss.spi.DSSUtils - 	ALGORITHM: HmacSHA512/256 / KeyGenerator / com.sun.crypto.provider.KeyGeneratorCore$HmacKG$SHA512_256
11:37:12.897 [main] INFO eu.europa.esig.dss.spi.DSSUtils - 	ALGORITHM: PBEWithMD5AndDES / SecretKeyFactory / com.sun.crypto.provider.PBEKeyFactory$PBEWithMD5AndDES
11:37:12.897 [main] INFO eu.europa.esig.dss.spi.DSSUtils - 	ALGORITHM: PBEWithSHA1AndRC4_128 / AlgorithmParameters / com.sun.crypto.provider.PBEParameters
11:37:12.897 [main] INFO eu.europa.esig.dss.spi.DSSUtils - 	ALGORITHM: DESede / SecretKeyFactory / com.sun.crypto.provider.DESedeKeyFactory
11:37:12.897 [main] INFO eu.europa.esig.dss.spi.DSSUtils - 	ALGORITHM: PBEWithSHA1AndDESede / AlgorithmParameters / com.sun.crypto.provider.PBEParameters
11:37:12.897 [main] INFO eu.europa.esig.dss.spi.DSSUtils - 	ALGORITHM: PBEWithSHA1AndRC4_40 / AlgorithmParameters / com.sun.crypto.provider.PBEParameters
11:37:12.897 [main] INFO eu.europa.esig.dss.spi.DSSUtils - 	ALGORITHM: PBEWithSHA1AndRC2_128 / AlgorithmParameters / com.sun.crypto.provider.PBEParameters
11:37:12.898 [main] INFO eu.europa.esig.dss.spi.DSSUtils - 	ALGORITHM: DiffieHellman / KeyPairGenerator / com.sun.crypto.provider.DHKeyPairGenerator
11:37:12.898 [main] INFO eu.europa.esig.dss.spi.DSSUtils - 	ALGORITHM: PBEWithSHA1AndRC4_128 / Cipher / com.sun.crypto.provider.PKCS12PBECipherCore$PBEWithSHA1AndRC4_128
11:37:12.898 [main] INFO eu.europa.esig.dss.spi.DSSUtils - 	ALGORITHM: DESedeWrap / Cipher / com.sun.crypto.provider.DESedeWrapCipher
11:37:12.898 [main] INFO eu.europa.esig.dss.spi.DSSUtils - 	ALGORITHM: AES_256/KW/NoPadding / Cipher / com.sun.crypto.provider.KeyWrapCipher$AES256_KW_NoPadding
11:37:12.898 [main] INFO eu.europa.esig.dss.spi.DSSUtils - 	ALGORITHM: AES/KW/NoPadding / Cipher / com.sun.crypto.provider.KeyWrapCipher$AES_KW_NoPadding
11:37:12.898 [main] INFO eu.europa.esig.dss.spi.DSSUtils - 	ALGORITHM: HmacSHA256 / Mac / com.sun.crypto.provider.HmacCore$HmacSHA256
11:37:12.898 [main] INFO eu.europa.esig.dss.spi.DSSUtils - 	ALGORITHM: PBEWithSHA1AndDESede / Cipher / com.sun.crypto.provider.PKCS12PBECipherCore$PBEWithSHA1AndDESede
11:37:12.898 [main] INFO eu.europa.esig.dss.spi.DSSUtils - 	ALGORITHM: PBEWithSHA1AndRC4_40 / Cipher / com.sun.crypto.provider.PKCS12PBECipherCore$PBEWithSHA1AndRC4_40
11:37:12.898 [main] INFO eu.europa.esig.dss.spi.DSSUtils - 	ALGORITHM: AES_192/KWP/NoPadding / Cipher / com.sun.crypto.provider.KeyWrapCipher$AES192_KWP_NoPadding
11:37:12.898 [main] INFO eu.europa.esig.dss.spi.DSSUtils - 	ALGORITHM: PBEWithSHA1AndRC4_40 / SecretKeyFactory / com.sun.crypto.provider.PBEKeyFactory$PBEWithSHA1AndRC4_40
11:37:12.898 [main] INFO eu.europa.esig.dss.spi.DSSUtils - 	ALGORITHM: PBEWithSHA1AndDESede / SecretKeyFactory / com.sun.crypto.provider.PBEKeyFactory$PBEWithSHA1AndDESede
11:37:12.898 [main] INFO eu.europa.esig.dss.spi.DSSUtils - 	ALGORITHM: PBEWithHmacSHA224AndAES_128 / Cipher / com.sun.crypto.provider.PBES2Core$HmacSHA224AndAES_128
11:37:12.898 [main] INFO eu.europa.esig.dss.spi.DSSUtils - 	ALGORITHM: PBEWithSHA1AndRC4_128 / SecretKeyFactory / com.sun.crypto.provider.PBEKeyFactory$PBEWithSHA1AndRC4_128
11:37:12.898 [main] INFO eu.europa.esig.dss.spi.DSSUtils - 	ALGORITHM: PBEWithSHA1AndRC2_40 / SecretKeyFactory / com.sun.crypto.provider.PBEKeyFactory$PBEWithSHA1AndRC2_40
11:37:12.899 [main] INFO eu.europa.esig.dss.spi.DSSUtils - 	ALGORITHM: HmacPBESHA512/224 / Mac / com.sun.crypto.provider.HmacPKCS12PBECore$HmacPKCS12PBE_SHA512_224
11:37:12.899 [main] INFO eu.europa.esig.dss.spi.DSSUtils - 	ALGORITHM: PBEWithMD5AndTripleDES / AlgorithmParameters / com.sun.crypto.provider.PBEParameters
11:37:12.899 [main] INFO eu.europa.esig.dss.spi.DSSUtils - 	ALGORITHM: PBEWithSHA1AndRC2_128 / SecretKeyFactory / com.sun.crypto.provider.PBEKeyFactory$PBEWithSHA1AndRC2_128
11:37:12.899 [main] INFO eu.europa.esig.dss.spi.DSSUtils - 	ALGORITHM: ChaCha20-Poly1305 / AlgorithmParameters / com.sun.crypto.provider.ChaCha20Poly1305Parameters
11:37:12.899 [main] INFO eu.europa.esig.dss.spi.DSSUtils - 	ALGORITHM: AES / Cipher / com.sun.crypto.provider.AESCipher$General
11:37:12.899 [main] INFO eu.europa.esig.dss.spi.DSSUtils - 	ALGORITHM: PBEWithSHA1AndRC2_40 / AlgorithmParameters / com.sun.crypto.provider.PBEParameters
11:37:12.899 [main] INFO eu.europa.esig.dss.spi.DSSUtils - 	ALGORITHM: HmacSHA3-512 / KeyGenerator / com.sun.crypto.provider.KeyGeneratorCore$HmacKG$SHA3_512
11:37:12.899 [main] INFO eu.europa.esig.dss.spi.DSSUtils - 	ALGORITHM: DiffieHellman / KeyAgreement / com.sun.crypto.provider.DHKeyAgreement
11:37:12.899 [main] INFO eu.europa.esig.dss.spi.DSSUtils - 	ALGORITHM: HmacSHA3-256 / KeyGenerator / com.sun.crypto.provider.KeyGeneratorCore$HmacKG$SHA3_256
11:37:12.899 [main] INFO eu.europa.esig.dss.spi.DSSUtils - 	ALGORITHM: HmacSHA3-384 / KeyGenerator / com.sun.crypto.provider.KeyGeneratorCore$HmacKG$SHA3_384
11:37:12.899 [main] INFO eu.europa.esig.dss.spi.DSSUtils - 	ALGORITHM: AES_192/OFB/NoPadding / Cipher / com.sun.crypto.provider.AESCipher$AES192_OFB_NoPadding
11:37:12.899 [main] INFO eu.europa.esig.dss.spi.DSSUtils - 	ALGORITHM: AES_192/CFB/NoPadding / Cipher / com.sun.crypto.provider.AESCipher$AES192_CFB_NoPadding
11:37:12.899 [main] INFO eu.europa.esig.dss.spi.DSSUtils - 	ALGORITHM: AES_192/KW/NoPadding / Cipher / com.sun.crypto.provider.KeyWrapCipher$AES192_KW_NoPadding
11:37:12.899 [main] INFO eu.europa.esig.dss.spi.DSSUtils - 	ALGORITHM: SunTlsPrf / KeyGenerator / com.sun.crypto.provider.TlsPrfGenerator$V10
11:37:12.899 [main] INFO eu.europa.esig.dss.spi.DSSUtils - 	ALGORITHM: AES_192/GCM/NoPadding / Cipher / com.sun.crypto.provider.GaloisCounterMode$AES192
11:37:12.899 [main] INFO eu.europa.esig.dss.spi.DSSUtils - 	ALGORITHM: SslMacMD5 / Mac / com.sun.crypto.provider.SslMacCore$SslMacMD5
11:37:12.899 [main] INFO eu.europa.esig.dss.spi.DSSUtils - 	ALGORITHM: HmacSHA224 / KeyGenerator / com.sun.crypto.provider.KeyGeneratorCore$HmacKG$SHA224
11:37:12.899 [main] INFO eu.europa.esig.dss.spi.DSSUtils - 	ALGORITHM: PBEWithMD5AndDES / AlgorithmParameters / com.sun.crypto.provider.PBEParameters
11:37:12.900 [main] INFO eu.europa.esig.dss.spi.DSSUtils - 	ALGORITHM: PBKDF2WithHmacSHA1 / SecretKeyFactory / com.sun.crypto.provider.PBKDF2Core$HmacSHA1
11:37:12.900 [main] INFO eu.europa.esig.dss.spi.DSSUtils - 	ALGORITHM: AES_192/CBC/NoPadding / Cipher / com.sun.crypto.provider.AESCipher$AES192_CBC_NoPadding
11:37:12.900 [main] INFO eu.europa.esig.dss.spi.DSSUtils - 	ALGORITHM: PBEWithHmacSHA512 / Mac / com.sun.crypto.provider.PBMAC1Core$HmacSHA512
11:37:12.900 [main] INFO eu.europa.esig.dss.spi.DSSUtils - 	ALGORITHM: AES_128/KW/PKCS5Padding / Cipher / com.sun.crypto.provider.KeyWrapCipher$AES128_KW_PKCS5Padding
11:37:12.900 [main] INFO eu.europa.esig.dss.spi.DSSUtils - 	ALGORITHM: DESede / Cipher / com.sun.crypto.provider.DESedeCipher
11:37:12.900 [main] INFO eu.europa.esig.dss.spi.DSSUtils - 	ALGORITHM: SunTlsKeyMaterial / KeyGenerator / com.sun.crypto.provider.TlsKeyMaterialGenerator
11:37:12.900 [main] INFO eu.europa.esig.dss.spi.DSSUtils - 	ALGORITHM: AES_256/KW/PKCS5Padding / Cipher / com.sun.crypto.provider.KeyWrapCipher$AES256_KW_PKCS5Padding
11:37:12.900 [main] INFO eu.europa.esig.dss.spi.DSSUtils - 	ALGORITHM: OAEP / AlgorithmParameters / com.sun.crypto.provider.OAEPParameters
11:37:12.900 [main] INFO eu.europa.esig.dss.spi.DSSUtils - 	ALGORITHM: AES_128/ECB/NoPadding / Cipher / com.sun.crypto.provider.AESCipher$AES128_ECB_NoPadding
11:37:12.900 [main] INFO eu.europa.esig.dss.spi.DSSUtils - 	ALGORITHM: SunTlsMasterSecret / KeyGenerator / com.sun.crypto.provider.TlsMasterSecretGenerator
11:37:12.900 [main] INFO eu.europa.esig.dss.spi.DSSUtils - 	ALGORITHM: AES_256/ECB/NoPadding / Cipher / com.sun.crypto.provider.AESCipher$AES256_ECB_NoPadding
11:37:12.900 [main] INFO eu.europa.esig.dss.spi.DSSUtils - 	ALGORITHM: ChaCha20-Poly1305 / Cipher / com.sun.crypto.provider.ChaCha20Cipher$ChaCha20Poly1305
11:37:12.900 [main] INFO eu.europa.esig.dss.spi.DSSUtils - 	ALGORITHM: PBEWithHmacSHA224AndAES_128 / SecretKeyFactory / com.sun.crypto.provider.PBEKeyFactory$PBEWithHmacSHA224AndAES_128
11:37:12.900 [main] INFO eu.europa.esig.dss.spi.DSSUtils - 	ALGORITHM: DiffieHellman / KeyFactory / com.sun.crypto.provider.DHKeyFactory
11:37:12.900 [main] INFO eu.europa.esig.dss.spi.DSSUtils - 	ALGORITHM: PBKDF2WithHmacSHA384 / SecretKeyFactory / com.sun.crypto.provider.PBKDF2Core$HmacSHA384
11:37:12.900 [main] INFO eu.europa.esig.dss.spi.DSSUtils - 	ALGORITHM: AES/KW/PKCS5Padding / Cipher / com.sun.crypto.provider.KeyWrapCipher$AES_KW_PKCS5Padding
11:37:12.900 [main] INFO eu.europa.esig.dss.spi.DSSUtils - 	ALGORITHM: ARCFOUR / Cipher / com.sun.crypto.provider.ARCFOURCipher
11:37:12.900 [main] INFO eu.europa.esig.dss.spi.DSSUtils - 	ALGORITHM: DESede / AlgorithmParameters / com.sun.crypto.provider.DESedeParameters
11:37:12.900 [main] INFO eu.europa.esig.dss.spi.DSSUtils - 	ALGORITHM: ARCFOUR / KeyGenerator / com.sun.crypto.provider.KeyGeneratorCore$ARCFOURKeyGenerator
11:37:12.900 [main] INFO eu.europa.esig.dss.spi.DSSUtils - 	ALGORITHM: AES_256/GCM/NoPadding / Cipher / com.sun.crypto.provider.GaloisCounterMode$AES256
11:37:12.900 [main] INFO eu.europa.esig.dss.spi.DSSUtils - 	ALGORITHM: HmacPBESHA512/256 / Mac / com.sun.crypto.provider.HmacPKCS12PBECore$HmacPKCS12PBE_SHA512_256
11:37:12.900 [main] INFO eu.europa.esig.dss.spi.DSSUtils - 	ALGORITHM: SunTls12Prf / KeyGenerator / com.sun.crypto.provider.TlsPrfGenerator$V12
11:37:12.901 [main] INFO eu.europa.esig.dss.spi.DSSUtils - 	ALGORITHM: Blowfish / KeyGenerator / com.sun.crypto.provider.BlowfishKeyGenerator
11:37:12.901 [main] INFO eu.europa.esig.dss.spi.DSSUtils - 	ALGORITHM: PBEWithHmacSHA256 / Mac / com.sun.crypto.provider.PBMAC1Core$HmacSHA256
11:37:12.901 [main] INFO eu.europa.esig.dss.spi.DSSUtils - 	ALGORITHM: PBEWithHmacSHA224AndAES_128 / AlgorithmParameters / com.sun.crypto.provider.PBES2Parameters$HmacSHA224AndAES_128
11:37:12.901 [main] INFO eu.europa.esig.dss.spi.DSSUtils - 	ALGORITHM: HmacPBESHA384 / Mac / com.sun.crypto.provider.HmacPKCS12PBECore$HmacPKCS12PBE_SHA384
11:37:12.901 [main] INFO eu.europa.esig.dss.spi.DSSUtils - 	ALGORITHM: PBEWithHmacSHA1AndAES_256 / SecretKeyFactory / com.sun.crypto.provider.PBEKeyFactory$PBEWithHmacSHA1AndAES_256
11:37:12.901 [main] INFO eu.europa.esig.dss.spi.DSSUtils - 	ALGORITHM: PBKDF2WithHmacSHA256 / SecretKeyFactory / com.sun.crypto.provider.PBKDF2Core$HmacSHA256
11:37:12.901 [main] INFO eu.europa.esig.dss.spi.DSSUtils - 	ALGORITHM: RC2 / Cipher / com.sun.crypto.provider.RC2Cipher
11:37:12.901 [main] INFO eu.europa.esig.dss.spi.DSSUtils - 	ALGORITHM: PBEWithHmacSHA384AndAES_256 / SecretKeyFactory / com.sun.crypto.provider.PBEKeyFactory$PBEWithHmacSHA384AndAES_256
11:37:12.901 [main] INFO eu.europa.esig.dss.spi.DSSUtils - 	ALGORITHM: RSA / Cipher / com.sun.crypto.provider.RSACipher
11:37:12.901 [main] INFO eu.europa.esig.dss.spi.DSSUtils - 	ALGORITHM: HmacPBESHA256 / Mac / com.sun.crypto.provider.HmacPKCS12PBECore$HmacPKCS12PBE_SHA256
11:37:12.901 [main] INFO eu.europa.esig.dss.spi.DSSUtils - 	ALGORITHM: HmacSHA256 / KeyGenerator / com.sun.crypto.provider.KeyGeneratorCore$HmacKG$SHA256
11:37:12.901 [main] INFO eu.europa.esig.dss.spi.DSSUtils - 	ALGORITHM: AES_128/CFB/NoPadding / Cipher / com.sun.crypto.provider.AESCipher$AES128_CFB_NoPadding
11:37:12.901 [main] INFO eu.europa.esig.dss.spi.DSSUtils - 	ALGORITHM: PBES2 / AlgorithmParameters / com.sun.crypto.provider.PBES2Parameters$General
11:37:12.901 [main] INFO eu.europa.esig.dss.spi.DSSUtils - 	ALGORITHM: HmacSHA1 / KeyGenerator / com.sun.crypto.provider.HmacSHA1KeyGenerator
11:37:12.901 [main] INFO eu.europa.esig.dss.spi.DSSUtils - 	ALGORITHM: AES / KeyGenerator / com.sun.crypto.provider.AESKeyGenerator
11:37:12.901 [main] INFO eu.europa.esig.dss.spi.DSSUtils - 	ALGORITHM: AES_128/KWP/NoPadding / Cipher / com.sun.crypto.provider.KeyWrapCipher$AES128_KWP_NoPadding
11:37:12.901 [main] INFO eu.europa.esig.dss.spi.DSSUtils - 	ALGORITHM: DiffieHellman / AlgorithmParameterGenerator / com.sun.crypto.provider.DHParameterGenerator
11:37:12.901 [main] INFO eu.europa.esig.dss.spi.DSSUtils - 	ALGORITHM: AES_128/OFB/NoPadding / Cipher / com.sun.crypto.provider.AESCipher$AES128_OFB_NoPadding
11:37:12.901 [main] INFO eu.europa.esig.dss.spi.DSSUtils - 	ALGORITHM: AES_256/KWP/NoPadding / Cipher / com.sun.crypto.provider.KeyWrapCipher$AES256_KWP_NoPadding
11:37:12.901 [main] INFO eu.europa.esig.dss.spi.DSSUtils - 	ALGORITHM: ChaCha20 / Cipher / com.sun.crypto.provider.ChaCha20Cipher$ChaCha20Only
11:37:12.902 [main] INFO eu.europa.esig.dss.spi.DSSUtils - 	ALGORITHM: PBEWithHmacSHA224AndAES_256 / Cipher / com.sun.crypto.provider.PBES2Core$HmacSHA224AndAES_256
11:37:12.902 [main] INFO eu.europa.esig.dss.spi.DSSUtils - 	ALGORITHM: HmacSHA224 / Mac / com.sun.crypto.provider.HmacCore$HmacSHA224
11:37:12.902 [main] INFO eu.europa.esig.dss.spi.DSSUtils - 	ALGORITHM: PBEWithMD5AndTripleDES / SecretKeyFactory / com.sun.crypto.provider.PBEKeyFactory$PBEWithMD5AndTripleDES
11:37:12.902 [main] INFO eu.europa.esig.dss.spi.DSSUtils - 	ALGORITHM: DES / AlgorithmParameters / com.sun.crypto.provider.DESParameters
11:37:12.902 [main] INFO eu.europa.esig.dss.spi.DSSUtils - 	ALGORITHM: SslMacSHA1 / Mac / com.sun.crypto.provider.SslMacCore$SslMacSHA1
11:37:12.902 [main] INFO eu.europa.esig.dss.spi.DSSUtils - 	ALGORITHM: PBEWithHmacSHA384 / Mac / com.sun.crypto.provider.PBMAC1Core$HmacSHA384
11:37:12.902 [main] INFO eu.europa.esig.dss.spi.DSSUtils - 	ALGORITHM: PBEWithHmacSHA224AndAES_256 / AlgorithmParameters / com.sun.crypto.provider.PBES2Parameters$HmacSHA224AndAES_256
11:37:12.902 [main] INFO eu.europa.esig.dss.spi.DSSUtils - 	ALGORITHM: DES / Cipher / com.sun.crypto.provider.DESCipher
11:37:12.902 [main] INFO eu.europa.esig.dss.spi.DSSUtils - 	ALGORITHM: AES_256/CBC/NoPadding / Cipher / com.sun.crypto.provider.AESCipher$AES256_CBC_NoPadding
11:37:12.902 [main] INFO eu.europa.esig.dss.spi.DSSUtils - 	ALGORITHM: PBEWithHmacSHA384AndAES_128 / SecretKeyFactory / com.sun.crypto.provider.PBEKeyFactory$PBEWithHmacSHA384AndAES_128
11:37:12.902 [main] INFO eu.europa.esig.dss.spi.DSSUtils - 	ALGORITHM: HmacSHA1 / Mac / com.sun.crypto.provider.HmacSHA1
11:37:12.902 [main] INFO eu.europa.esig.dss.spi.DSSUtils - 	ALGORITHM: PBKDF2WithHmacSHA224 / SecretKeyFactory / com.sun.crypto.provider.PBKDF2Core$HmacSHA224
11:37:12.902 [main] INFO eu.europa.esig.dss.spi.DSSUtils - 	ALGORITHM: PBEWithHmacSHA256AndAES_256 / Cipher / com.sun.crypto.provider.PBES2Core$HmacSHA256AndAES_256
11:37:12.902 [main] INFO eu.europa.esig.dss.spi.DSSUtils - 	ALGORITHM: HmacPBESHA224 / Mac / com.sun.crypto.provider.HmacPKCS12PBECore$HmacPKCS12PBE_SHA224
11:37:12.902 [main] INFO eu.europa.esig.dss.spi.DSSUtils - 	ALGORITHM: PBEWithHmacSHA512AndAES_256 / SecretKeyFactory / com.sun.crypto.provider.PBEKeyFactory$PBEWithHmacSHA512AndAES_256
11:37:12.902 [main] INFO eu.europa.esig.dss.spi.DSSUtils - 	ALGORITHM: HmacMD5 / Mac / com.sun.crypto.provider.HmacMD5
11:37:12.902 [main] INFO eu.europa.esig.dss.spi.DSSUtils - 	ALGORITHM: HmacMD5 / KeyGenerator / com.sun.crypto.provider.HmacMD5KeyGenerator
11:37:12.902 [main] INFO eu.europa.esig.dss.spi.DSSUtils - 	ALGORITHM: DESede / KeyGenerator / com.sun.crypto.provider.DESedeKeyGenerator
11:37:12.902 [main] INFO eu.europa.esig.dss.spi.DSSUtils - 	ALGORITHM: PBEWithHmacSHA512AndAES_128 / AlgorithmParameters / com.sun.crypto.provider.PBES2Parameters$HmacSHA512AndAES_128
11:37:12.902 [main] INFO eu.europa.esig.dss.spi.DSSUtils - 	ALGORITHM: PBEWithHmacSHA256AndAES_128 / Cipher / com.sun.crypto.provider.PBES2Core$HmacSHA256AndAES_128
11:37:12.902 [main] INFO eu.europa.esig.dss.spi.DSSUtils - 	ALGORITHM: AES/KWP/NoPadding / Cipher / com.sun.crypto.provider.KeyWrapCipher$AES_KWP_NoPadding
11:37:12.903 [main] INFO eu.europa.esig.dss.spi.DSSUtils - 	ALGORITHM: PBEWithHmacSHA512AndAES_128 / SecretKeyFactory / com.sun.crypto.provider.PBEKeyFactory$PBEWithHmacSHA512AndAES_128
11:37:12.903 [main] INFO eu.europa.esig.dss.spi.DSSUtils - 	ALGORITHM: AES_192/KW/PKCS5Padding / Cipher / com.sun.crypto.provider.KeyWrapCipher$AES192_KW_PKCS5Padding
11:37:12.903 [main] INFO eu.europa.esig.dss.spi.DSSUtils - 	ALGORITHM: PBEWithHmacSHA512AndAES_256 / AlgorithmParameters / com.sun.crypto.provider.PBES2Parameters$HmacSHA512AndAES_256
11:37:12.903 [main] INFO eu.europa.esig.dss.spi.DSSUtils - 	ALGORITHM: HmacPBESHA1 / Mac / com.sun.crypto.provider.HmacPKCS12PBECore$HmacPKCS12PBE_SHA1
11:37:12.903 [main] INFO eu.europa.esig.dss.spi.DSSUtils - 	ALGORITHM: SunTlsRsaPremasterSecret / KeyGenerator / com.sun.crypto.provider.TlsRsaPremasterSecretGenerator
11:37:12.903 [main] INFO eu.europa.esig.dss.spi.DSSUtils - 	ALGORITHM: AES_256/CFB/NoPadding / Cipher / com.sun.crypto.provider.AESCipher$AES256_CFB_NoPadding
11:37:12.903 [main] INFO eu.europa.esig.dss.spi.DSSUtils - 	ALGORITHM: PBEWithHmacSHA256AndAES_128 / AlgorithmParameters / com.sun.crypto.provider.PBES2Parameters$HmacSHA256AndAES_128
11:37:12.903 [main] INFO eu.europa.esig.dss.spi.DSSUtils - 	ALGORITHM: PBEWithHmacSHA512AndAES_128 / Cipher / com.sun.crypto.provider.PBES2Core$HmacSHA512AndAES_128
11:37:12.903 [main] INFO eu.europa.esig.dss.spi.DSSUtils - 	ALGORITHM: PBEWithHmacSHA1AndAES_128 / Cipher / com.sun.crypto.provider.PBES2Core$HmacSHA1AndAES_128
11:37:12.903 [main] INFO eu.europa.esig.dss.spi.DSSUtils - 	ALGORITHM: Blowfish / AlgorithmParameters / com.sun.crypto.provider.BlowfishParameters
11:37:12.903 [main] INFO eu.europa.esig.dss.spi.DSSUtils - 	ALGORITHM: PBEWithHmacSHA224 / Mac / com.sun.crypto.provider.PBMAC1Core$HmacSHA224
11:37:12.903 [main] INFO eu.europa.esig.dss.spi.DSSUtils - 	ALGORITHM: PBEWithHmacSHA256AndAES_256 / AlgorithmParameters / com.sun.crypto.provider.PBES2Parameters$HmacSHA256AndAES_256
11:37:12.903 [main] INFO eu.europa.esig.dss.spi.DSSUtils - 	ALGORITHM: DiffieHellman / AlgorithmParameters / com.sun.crypto.provider.DHParameters
11:37:12.903 [main] INFO eu.europa.esig.dss.spi.DSSUtils - 	ALGORITHM: PBEWithHmacSHA1 / Mac / com.sun.crypto.provider.PBMAC1Core$HmacSHA1
11:37:12.903 [main] INFO eu.europa.esig.dss.spi.DSSUtils - 	ALGORITHM: PBEWithHmacSHA512AndAES_256 / Cipher / com.sun.crypto.provider.PBES2Core$HmacSHA512AndAES_256
11:37:12.903 [main] INFO eu.europa.esig.dss.spi.DSSUtils - 	ALGORITHM: PBEWithHmacSHA384AndAES_256 / AlgorithmParameters / com.sun.crypto.provider.PBES2Parameters$HmacSHA384AndAES_256
11:37:12.903 [main] INFO eu.europa.esig.dss.spi.DSSUtils - 	ALGORITHM: PBEWithHmacSHA1AndAES_128 / SecretKeyFactory / com.sun.crypto.provider.PBEKeyFactory$PBEWithHmacSHA1AndAES_128
11:37:12.903 [main] INFO eu.europa.esig.dss.spi.DSSUtils - 	ALGORITHM: DES / KeyGenerator / com.sun.crypto.provider.DESKeyGenerator
11:37:12.903 [main] INFO eu.europa.esig.dss.spi.DSSUtils - 	ALGORITHM: AES_128/CBC/NoPadding / Cipher / com.sun.crypto.provider.AESCipher$AES128_CBC_NoPadding
11:37:12.903 [main] INFO eu.europa.esig.dss.spi.DSSUtils - 	ALGORITHM: PBEWithHmacSHA224AndAES_256 / SecretKeyFactory / com.sun.crypto.provider.PBEKeyFactory$PBEWithHmacSHA224AndAES_256
11:37:12.903 [main] INFO eu.europa.esig.dss.spi.DSSUtils - 	ALGORITHM: AES_256/OFB/NoPadding / Cipher / com.sun.crypto.provider.AESCipher$AES256_OFB_NoPadding
11:37:12.903 [main] INFO eu.europa.esig.dss.spi.DSSUtils - 	ALGORITHM: PBEWithHmacSHA384AndAES_128 / AlgorithmParameters / com.sun.crypto.provider.PBES2Parameters$HmacSHA384AndAES_128
11:37:12.904 [main] INFO eu.europa.esig.dss.spi.DSSUtils - 	ALGORITHM: DES / SecretKeyFactory / com.sun.crypto.provider.DESKeyFactory
11:37:12.904 [main] INFO eu.europa.esig.dss.spi.DSSUtils - 	ALGORITHM: PBEWithHmacSHA1AndAES_128 / AlgorithmParameters / com.sun.crypto.provider.PBES2Parameters$HmacSHA1AndAES_128
11:37:12.904 [main] INFO eu.europa.esig.dss.spi.DSSUtils - 	ALGORITHM: PBEWithHmacSHA1AndAES_256 / Cipher / com.sun.crypto.provider.PBES2Core$HmacSHA1AndAES_256
11:37:12.904 [main] INFO eu.europa.esig.dss.spi.DSSUtils - 	ALGORITHM: PBEWithHmacSHA384AndAES_256 / Cipher / com.sun.crypto.provider.PBES2Core$HmacSHA384AndAES_256
11:37:12.904 [main] INFO eu.europa.esig.dss.spi.DSSUtils - 	ALGORITHM: AES_128/GCM/NoPadding / Cipher / com.sun.crypto.provider.GaloisCounterMode$AES128
11:37:12.904 [main] INFO eu.europa.esig.dss.spi.DSSUtils - 	ALGORITHM: PBEWithHmacSHA1AndAES_256 / AlgorithmParameters / com.sun.crypto.provider.PBES2Parameters$HmacSHA1AndAES_256
11:37:12.904 [main] INFO eu.europa.esig.dss.spi.DSSUtils - 	ALGORITHM: PBEWithHmacSHA256AndAES_256 / SecretKeyFactory / com.sun.crypto.provider.PBEKeyFactory$PBEWithHmacSHA256AndAES_256
11:37:12.904 [main] INFO eu.europa.esig.dss.spi.DSSUtils - 	ALGORITHM: RC2 / KeyGenerator / com.sun.crypto.provider.KeyGeneratorCore$RC2KeyGenerator
11:37:12.904 [main] INFO eu.europa.esig.dss.spi.DSSUtils - 	ALGORITHM: JCEKS / KeyStore / com.sun.crypto.provider.JceKeyStore
11:37:12.904 [main] INFO eu.europa.esig.dss.spi.DSSUtils - 	ALGORITHM: PBEWithHmacSHA384AndAES_128 / Cipher / com.sun.crypto.provider.PBES2Core$HmacSHA384AndAES_128
11:37:12.904 [main] INFO eu.europa.esig.dss.spi.DSSUtils - 	ALGORITHM: Blowfish / Cipher / com.sun.crypto.provider.BlowfishCipher
11:37:12.904 [main] INFO eu.europa.esig.dss.spi.DSSUtils - 	ALGORITHM: GCM / AlgorithmParameters / com.sun.crypto.provider.GCMParameters
11:37:12.904 [main] INFO eu.europa.esig.dss.spi.DSSUtils - 	ALGORITHM: PBKDF2WithHmacSHA512 / SecretKeyFactory / com.sun.crypto.provider.PBKDF2Core$HmacSHA512
11:37:12.904 [main] INFO eu.europa.esig.dss.spi.DSSUtils - 	ALGORITHM: ChaCha20 / KeyGenerator / com.sun.crypto.provider.KeyGeneratorCore$ChaCha20KeyGenerator
11:37:12.904 [main] INFO eu.europa.esig.dss.spi.DSSUtils - 	ALGORITHM: PBEWithHmacSHA256AndAES_128 / SecretKeyFactory / com.sun.crypto.provider.PBEKeyFactory$PBEWithHmacSHA256AndAES_128
11:37:12.904 [main] INFO eu.europa.esig.dss.spi.DSSUtils - 	ALGORITHM: HmacPBESHA512 / Mac / com.sun.crypto.provider.HmacPKCS12PBECore$HmacPKCS12PBE_SHA512
11:37:12.904 [main] INFO eu.europa.esig.dss.spi.DSSUtils - 	ALGORITHM: PBEWithMD5AndTripleDES / Cipher / com.sun.crypto.provider.PBEWithMD5AndTripleDESCipher
11:37:12.904 [main] INFO eu.europa.esig.dss.spi.DSSUtils - PROVIDER: SunJGSS
11:37:12.904 [main] INFO eu.europa.esig.dss.spi.DSSUtils - 	ALGORITHM: 1.2.840.113554.1.2.2 / GssApiMechanism / sun.security.jgss.krb5.Krb5MechFactory
11:37:12.904 [main] INFO eu.europa.esig.dss.spi.DSSUtils - 	ALGORITHM: 1.3.6.1.5.5.2 / GssApiMechanism / sun.security.jgss.spnego.SpNegoMechFactory
11:37:12.905 [main] INFO eu.europa.esig.dss.spi.DSSUtils - PROVIDER: SunSASL
11:37:12.905 [main] INFO eu.europa.esig.dss.spi.DSSUtils - 	ALGORITHM: DIGEST-MD5 / SaslClientFactory / com.sun.security.sasl.digest.FactoryImpl
11:37:12.905 [main] INFO eu.europa.esig.dss.spi.DSSUtils - 	ALGORITHM: DIGEST-MD5 / SaslServerFactory / com.sun.security.sasl.digest.FactoryImpl
11:37:12.905 [main] INFO eu.europa.esig.dss.spi.DSSUtils - 	ALGORITHM: EXTERNAL / SaslClientFactory / com.sun.security.sasl.ClientFactoryImpl
11:37:12.905 [main] INFO eu.europa.esig.dss.spi.DSSUtils - 	ALGORITHM: CRAM-MD5 / SaslClientFactory / com.sun.security.sasl.ClientFactoryImpl
11:37:12.905 [main] INFO eu.europa.esig.dss.spi.DSSUtils - 	ALGORITHM: CRAM-MD5 / SaslServerFactory / com.sun.security.sasl.ServerFactoryImpl
11:37:12.905 [main] INFO eu.europa.esig.dss.spi.DSSUtils - 	ALGORITHM: PLAIN / SaslClientFactory / com.sun.security.sasl.ClientFactoryImpl
11:37:12.905 [main] INFO eu.europa.esig.dss.spi.DSSUtils - 	ALGORITHM: NTLM / SaslServerFactory / com.sun.security.sasl.ntlm.FactoryImpl
11:37:12.905 [main] INFO eu.europa.esig.dss.spi.DSSUtils - 	ALGORITHM: NTLM / SaslClientFactory / com.sun.security.sasl.ntlm.FactoryImpl
11:37:12.905 [main] INFO eu.europa.esig.dss.spi.DSSUtils - PROVIDER: XMLDSig
11:37:12.905 [main] INFO eu.europa.esig.dss.spi.DSSUtils - 	ALGORITHM: http://www.w3.org/2001/10/xml-exc-c14n# / TransformService / org.jcp.xml.dsig.internal.dom.DOMExcC14NMethod
11:37:12.906 [main] INFO eu.europa.esig.dss.spi.DSSUtils - 	ALGORITHM: http://www.w3.org/2000/09/xmldsig#enveloped-signature / TransformService / org.jcp.xml.dsig.internal.dom.DOMEnvelopedTransform
11:37:12.906 [main] INFO eu.europa.esig.dss.spi.DSSUtils - 	ALGORITHM: http://www.w3.org/TR/2001/REC-xml-c14n-20010315#WithComments / TransformService / org.jcp.xml.dsig.internal.dom.DOMCanonicalXMLC14NMethod
11:37:12.906 [main] INFO eu.europa.esig.dss.spi.DSSUtils - 	ALGORITHM: http://www.w3.org/2002/06/xmldsig-filter2 / TransformService / org.jcp.xml.dsig.internal.dom.DOMXPathFilter2Transform
11:37:12.906 [main] INFO eu.europa.esig.dss.spi.DSSUtils - 	ALGORITHM: http://www.w3.org/2006/12/xml-c14n11 / TransformService / org.jcp.xml.dsig.internal.dom.DOMCanonicalXMLC14N11Method
11:37:12.906 [main] INFO eu.europa.esig.dss.spi.DSSUtils - 	ALGORITHM: http://www.w3.org/2001/10/xml-exc-c14n#WithComments / TransformService / org.jcp.xml.dsig.internal.dom.DOMExcC14NMethod
11:37:12.906 [main] INFO eu.europa.esig.dss.spi.DSSUtils - 	ALGORITHM: http://www.w3.org/TR/1999/REC-xslt-19991116 / TransformService / org.jcp.xml.dsig.internal.dom.DOMXSLTTransform
11:37:12.906 [main] INFO eu.europa.esig.dss.spi.DSSUtils - 	ALGORITHM: http://www.w3.org/2006/12/xml-c14n11#WithComments / TransformService / org.jcp.xml.dsig.internal.dom.DOMCanonicalXMLC14N11Method
11:37:12.906 [main] INFO eu.europa.esig.dss.spi.DSSUtils - 	ALGORITHM: http://www.w3.org/TR/1999/REC-xpath-19991116 / TransformService / org.jcp.xml.dsig.internal.dom.DOMXPathTransform
11:37:12.906 [main] INFO eu.europa.esig.dss.spi.DSSUtils - 	ALGORITHM: DOM / KeyInfoFactory / org.jcp.xml.dsig.internal.dom.DOMKeyInfoFactory
11:37:12.906 [main] INFO eu.europa.esig.dss.spi.DSSUtils - 	ALGORITHM: http://www.w3.org/2000/09/xmldsig#base64 / TransformService / org.jcp.xml.dsig.internal.dom.DOMBase64Transform
11:37:12.906 [main] INFO eu.europa.esig.dss.spi.DSSUtils - 	ALGORITHM: http://www.w3.org/TR/2001/REC-xml-c14n-20010315 / TransformService / org.jcp.xml.dsig.internal.dom.DOMCanonicalXMLC14NMethod
11:37:12.906 [main] INFO eu.europa.esig.dss.spi.DSSUtils - 	ALGORITHM: DOM / XMLSignatureFactory / org.jcp.xml.dsig.internal.dom.DOMXMLSignatureFactory
11:37:12.906 [main] INFO eu.europa.esig.dss.spi.DSSUtils - PROVIDER: SunPCSC
11:37:12.906 [main] INFO eu.europa.esig.dss.spi.DSSUtils - 	ALGORITHM: PC/SC / TerminalFactory / sun.security.smartcardio.SunPCSC$Factory
11:37:12.906 [main] INFO eu.europa.esig.dss.spi.DSSUtils - PROVIDER: JdkLDAP
11:37:12.907 [main] INFO eu.europa.esig.dss.spi.DSSUtils - 	ALGORITHM: LDAP / CertStore / sun.security.provider.certpath.ldap.LDAPCertStore
11:37:12.907 [main] INFO eu.europa.esig.dss.spi.DSSUtils - PROVIDER: JdkSASL
11:37:12.907 [main] INFO eu.europa.esig.dss.spi.DSSUtils - 	ALGORITHM: GSSAPI / SaslClientFactory / com.sun.security.sasl.gsskerb.FactoryImpl
11:37:12.907 [main] INFO eu.europa.esig.dss.spi.DSSUtils - 	ALGORITHM: GSSAPI / SaslServerFactory / com.sun.security.sasl.gsskerb.FactoryImpl
11:37:12.907 [main] INFO eu.europa.esig.dss.spi.DSSUtils - PROVIDER: SunMSCAPI
11:37:12.907 [main] INFO eu.europa.esig.dss.spi.DSSUtils - 	ALGORITHM: SHA256withRSA / Signature / sun.security.mscapi.CSignature$SHA256withRSA
11:37:12.907 [main] INFO eu.europa.esig.dss.spi.DSSUtils - 	ALGORITHM: Windows-ROOT-LOCALMACHINE / KeyStore / sun.security.mscapi.CKeyStore$ROOTLocalMachine
11:37:12.907 [main] INFO eu.europa.esig.dss.spi.DSSUtils - 	ALGORITHM: RSA/ECB/PKCS1Padding / Cipher / sun.security.mscapi.CRSACipher
11:37:12.907 [main] INFO eu.europa.esig.dss.spi.DSSUtils - 	ALGORITHM: SHA224withECDSA / Signature / sun.security.mscapi.CSignature$SHA224withECDSA
11:37:12.907 [main] INFO eu.europa.esig.dss.spi.DSSUtils - 	ALGORITHM: SHA256withECDSA / Signature / sun.security.mscapi.CSignature$SHA256withECDSA
11:37:12.908 [main] INFO eu.europa.esig.dss.spi.DSSUtils - 	ALGORITHM: Windows-ROOT-CURRENTUSER / KeyStore / sun.security.mscapi.CKeyStore$ROOT
11:37:12.908 [main] INFO eu.europa.esig.dss.spi.DSSUtils - 	ALGORITHM: SHA384withRSA / Signature / sun.security.mscapi.CSignature$SHA384withRSA
11:37:12.908 [main] INFO eu.europa.esig.dss.spi.DSSUtils - 	ALGORITHM: SHA512withECDSA / Signature / sun.security.mscapi.CSignature$SHA512withECDSA
11:37:12.908 [main] INFO eu.europa.esig.dss.spi.DSSUtils - 	ALGORITHM: RSASSA-PSS / Signature / sun.security.mscapi.CSignature$PSS
11:37:12.908 [main] INFO eu.europa.esig.dss.spi.DSSUtils - 	ALGORITHM: SHA384withECDSA / Signature / sun.security.mscapi.CSignature$SHA384withECDSA
11:37:12.908 [main] INFO eu.europa.esig.dss.spi.DSSUtils - 	ALGORITHM: SHA512withRSA / Signature / sun.security.mscapi.CSignature$SHA512withRSA
11:37:12.908 [main] INFO eu.europa.esig.dss.spi.DSSUtils - 	ALGORITHM: SHA1withRSA / Signature / sun.security.mscapi.CSignature$SHA1withRSA
11:37:12.908 [main] INFO eu.europa.esig.dss.spi.DSSUtils - 	ALGORITHM: Windows-MY / KeyStore / sun.security.mscapi.CKeyStore$MY
11:37:12.908 [main] INFO eu.europa.esig.dss.spi.DSSUtils - 	ALGORITHM: RSA / Cipher / sun.security.mscapi.CRSACipher
11:37:12.908 [main] INFO eu.europa.esig.dss.spi.DSSUtils - 	ALGORITHM: Windows-MY-CURRENTUSER / KeyStore / sun.security.mscapi.CKeyStore$MY
11:37:12.908 [main] INFO eu.europa.esig.dss.spi.DSSUtils - 	ALGORITHM: Windows-PRNG / SecureRandom / sun.security.mscapi.PRNG
11:37:12.908 [main] INFO eu.europa.esig.dss.spi.DSSUtils - 	ALGORITHM: SHA1withECDSA / Signature / sun.security.mscapi.CSignature$SHA1withECDSA
11:37:12.908 [main] INFO eu.europa.esig.dss.spi.DSSUtils - 	ALGORITHM: Windows-MY-LOCALMACHINE / KeyStore / sun.security.mscapi.CKeyStore$MYLocalMachine
11:37:12.908 [main] INFO eu.europa.esig.dss.spi.DSSUtils - 	ALGORITHM: NONEwithRSA / Signature / sun.security.mscapi.CSignature$NONEwithRSA
11:37:12.908 [main] INFO eu.europa.esig.dss.spi.DSSUtils - 	ALGORITHM: Windows-ROOT / KeyStore / sun.security.mscapi.CKeyStore$ROOT
11:37:12.908 [main] INFO eu.europa.esig.dss.spi.DSSUtils - 	ALGORITHM: RSA / KeyPairGenerator / sun.security.mscapi.CKeyPairGenerator$RSA
11:37:12.909 [main] INFO eu.europa.esig.dss.spi.DSSUtils - 	ALGORITHM: MD5withRSA / Signature / sun.security.mscapi.CSignature$MD5withRSA
11:37:12.909 [main] INFO eu.europa.esig.dss.spi.DSSUtils - 	ALGORITHM: MD2withRSA / Signature / sun.security.mscapi.CSignature$MD2withRSA
11:37:12.909 [main] INFO eu.europa.esig.dss.spi.DSSUtils - PROVIDER: SunPKCS11
11:37:12.909 [main] INFO eu.europa.esig.dss.spi.DSSUtils - PROVIDER: BC
11:37:12.916 [main] INFO eu.europa.esig.dss.spi.DSSUtils - 	ALGORITHM: HMACSHA512 / Mac / org.bouncycastle.jcajce.provider.digest.SHA512$HashMac
11:37:12.917 [main] INFO eu.europa.esig.dss.spi.DSSUtils - 	ALGORITHM: AESCCMMAC / Mac / org.bouncycastle.jcajce.provider.symmetric.AES$AESCCMMAC
11:37:12.917 [main] INFO eu.europa.esig.dss.spi.DSSUtils - 	ALGORITHM: CAMELLIA / SecretKeyFactory / org.bouncycastle.jcajce.provider.symmetric.Camellia$KeyFactory
11:37:12.917 [main] INFO eu.europa.esig.dss.spi.DSSUtils - 	ALGORITHM: HMACSHA384 / Mac / org.bouncycastle.jcajce.provider.digest.SHA384$HashMac
11:37:12.917 [main] INFO eu.europa.esig.dss.spi.DSSUtils - 	ALGORITHM: PBEWITHSHA256AND256BITAES-CBC-BC / SecretKeyFactory / org.bouncycastle.jcajce.provider.symmetric.AES$PBEWithSHA256And256BitAESBC
11:37:12.917 [main] INFO eu.europa.esig.dss.spi.DSSUtils - 	ALGORITHM: HMACSHA512/256 / KeyGenerator / org.bouncycastle.jcajce.provider.digest.SHA512$KeyGeneratorT256
11:37:12.917 [main] INFO eu.europa.esig.dss.spi.DSSUtils - 	ALGORITHM: RIPEMD160WITHRSA / Signature / org.bouncycastle.jcajce.provider.asymmetric.rsa.DigestSignatureSpi$RIPEMD160
11:37:12.917 [main] INFO eu.europa.esig.dss.spi.DSSUtils - 	ALGORITHM: RSA / KeyFactory / org.bouncycastle.jcajce.provider.asymmetric.rsa.KeyFactorySpi
11:37:12.917 [main] INFO eu.europa.esig.dss.spi.DSSUtils - 	ALGORITHM: MD4WITHRSA / Signature / org.bouncycastle.jcajce.provider.asymmetric.rsa.DigestSignatureSpi$MD4
11:37:12.917 [main] INFO eu.europa.esig.dss.spi.DSSUtils - 	ALGORITHM: HMACSHA3-512 / Mac / org.bouncycastle.jcajce.provider.digest.SHA3$HashMac512
11:37:12.917 [main] INFO eu.europa.esig.dss.spi.DSSUtils - 	ALGORITHM: HMACSkein-256-256 / KeyGenerator / org.bouncycastle.jcajce.provider.digest.Skein$HMacKeyGenerator_256_256
11:37:12.917 [main] INFO eu.europa.esig.dss.spi.DSSUtils - 	ALGORITHM: AES-GMAC / Mac / org.bouncycastle.jcajce.provider.symmetric.AES$AESGMAC
11:37:12.917 [main] INFO eu.europa.esig.dss.spi.DSSUtils - 	ALGORITHM: SHAKE128WITHECDSA / Signature / org.bouncycastle.jcajce.provider.asymmetric.ec.SignatureSpi$ecDSAShake128
11:37:12.917 [main] INFO eu.europa.esig.dss.spi.DSSUtils - 	ALGORITHM: Skein-MAC-1024-1024 / Mac / org.bouncycastle.jcajce.provider.digest.Skein$SkeinMac_1024_1024
11:37:12.917 [main] INFO eu.europa.esig.dss.spi.DSSUtils - 	ALGORITHM: RIPEMD128WITHRSA / Signature / org.bouncycastle.jcajce.provider.asymmetric.rsa.DigestSignatureSpi$RIPEMD128
11:37:12.917 [main] INFO eu.europa.esig.dss.spi.DSSUtils - 	ALGORITHM: BLAKE2B-160 / MessageDigest / org.bouncycastle.jcajce.provider.digest.Blake2b$Blake2b160
11:37:12.917 [main] INFO eu.europa.esig.dss.spi.DSSUtils - 	ALGORITHM: PBEWITHSHAANDIDEA-CBC / SecretKeyFactory / org.bouncycastle.jcajce.provider.symmetric.IDEA$PBEWithSHAAndIDEAKeyGen
11:37:12.917 [main] INFO eu.europa.esig.dss.spi.DSSUtils - 	ALGORITHM: DSTU7624-256KW / Cipher / org.bouncycastle.jcajce.provider.symmetric.DSTU7624$Wrap256
11:37:12.917 [main] INFO eu.europa.esig.dss.spi.DSSUtils - 	ALGORITHM: KECCAK-512 / MessageDigest / org.bouncycastle.jcajce.provider.digest.Keccak$Digest512
11:37:12.918 [main] INFO eu.europa.esig.dss.spi.DSSUtils - 	ALGORITHM: HMACMD2 / KeyGenerator / org.bouncycastle.jcajce.provider.digest.MD2$KeyGenerator
11:37:12.918 [main] INFO eu.europa.esig.dss.spi.DSSUtils - 	ALGORITHM: HMACMD4 / KeyGenerator / org.bouncycastle.jcajce.provider.digest.MD4$KeyGenerator
11:37:12.918 [main] INFO eu.europa.esig.dss.spi.DSSUtils - 	ALGORITHM: HMACMD5 / KeyGenerator / org.bouncycastle.jcajce.provider.digest.MD5$KeyGenerator
11:37:12.918 [main] INFO eu.europa.esig.dss.spi.DSSUtils - 	ALGORITHM: HMACSkein-512-512 / KeyGenerator / org.bouncycastle.jcajce.provider.digest.Skein$HMacKeyGenerator_512_512
11:37:12.918 [main] INFO eu.europa.esig.dss.spi.DSSUtils - 	ALGORITHM: HMACSHA512/224 / Mac / org.bouncycastle.jcajce.provider.digest.SHA512$HashMacT224
11:37:12.918 [main] INFO eu.europa.esig.dss.spi.DSSUtils - 	ALGORITHM: NOEKEON-GMAC / Mac / org.bouncycastle.jcajce.provider.symmetric.Noekeon$GMAC
11:37:12.918 [main] INFO eu.europa.esig.dss.spi.DSSUtils - 	ALGORITHM: SHA3-224WITHRSAANDMGF1 / Signature / org.bouncycastle.jcajce.provider.asymmetric.rsa.PSSSignatureSpi$SHA3_224withRSA
11:37:12.918 [main] INFO eu.europa.esig.dss.spi.DSSUtils - 	ALGORITHM: PBEWITHSHAAND3-KEYTRIPLEDES-CBC / Cipher / org.bouncycastle.jcajce.provider.symmetric.DESede$PBEWithSHAAndDES3Key
11:37:12.918 [main] INFO eu.europa.esig.dss.spi.DSSUtils - 	ALGORITHM: Shacal2 / AlgorithmParameterGenerator / org.bouncycastle.jcajce.provider.symmetric.Shacal2$AlgParamGen
11:37:12.918 [main] INFO eu.europa.esig.dss.spi.DSSUtils - 	ALGORITHM: DHUWITHSHA256KDF / KeyAgreement / org.bouncycastle.jcajce.provider.asymmetric.dh.KeyAgreementSpi$DHUwithSHA256KDF
11:37:12.918 [main] INFO eu.europa.esig.dss.spi.DSSUtils - 	ALGORITHM: ELGAMAL / AlgorithmParameters / org.bouncycastle.jcajce.provider.asymmetric.elgamal.AlgorithmParametersSpi
11:37:12.918 [main] INFO eu.europa.esig.dss.spi.DSSUtils - 	ALGORITHM: DES / AlgorithmParameterGenerator / org.bouncycastle.jcajce.provider.symmetric.DES$AlgParamGen
11:37:12.918 [main] INFO eu.europa.esig.dss.spi.DSSUtils - 	ALGORITHM: GOST3410 / Signature / org.bouncycastle.jcajce.provider.asymmetric.gost.SignatureSpi
11:37:12.919 [main] INFO eu.europa.esig.dss.spi.DSSUtils - 	ALGORITHM: PBEWITHSHA256AND192BITAES-CBC-BC / Cipher / org.bouncycastle.jcajce.provider.symmetric.AES$PBEWithSHA256AESCBC192
11:37:12.919 [main] INFO eu.europa.esig.dss.spi.DSSUtils - 	ALGORITHM: SKIPJACKMAC / Mac / org.bouncycastle.jcajce.provider.symmetric.Skipjack$Mac
11:37:12.919 [main] INFO eu.europa.esig.dss.spi.DSSUtils - 	ALGORITHM: RMD160WITHRSA / Signature / org.bouncycastle.jcajce.provider.asymmetric.rsa.DigestSignatureSpi$RIPEMD160
11:37:12.919 [main] INFO eu.europa.esig.dss.spi.DSSUtils - 	ALGORITHM: PBEWITHSHA256AND128BITAES-CBC-BC / SecretKeyFactory / org.bouncycastle.jcajce.provider.symmetric.AES$PBEWithSHA256And128BitAESBC
11:37:12.919 [main] INFO eu.europa.esig.dss.spi.DSSUtils - 	ALGORITHM: ECKAEGWITHSHA384KDF / KeyAgreement / org.bouncycastle.jcajce.provider.asymmetric.ec.KeyAgreementSpi$ECKAEGwithSHA384KDF
11:37:12.919 [main] INFO eu.europa.esig.dss.spi.DSSUtils - 	ALGORITHM: PBEWITHMD2ANDRC2 / Cipher / null
11:37:12.919 [main] INFO eu.europa.esig.dss.spi.DSSUtils - 	ALGORITHM: DSA / Signature / org.bouncycastle.jcajce.provider.asymmetric.dsa.DSASigner$stdDSA
11:37:12.919 [main] INFO eu.europa.esig.dss.spi.DSSUtils - 	ALGORITHM: PBEWITHMD5ANDDES / Cipher / org.bouncycastle.jcajce.provider.symmetric.DES$PBEWithMD5
11:37:12.919 [main] INFO eu.europa.esig.dss.spi.DSSUtils - 	ALGORITHM: 1.3.14.3.2.17 / SecretKeyFactory / org.bouncycastle.jcajce.provider.symmetric.DESede$KeyFactory
11:37:12.919 [main] INFO eu.europa.esig.dss.spi.DSSUtils - 	ALGORITHM: PBEWITHMD2ANDDES / Cipher / org.bouncycastle.jcajce.provider.symmetric.DES$PBEWithMD2
11:37:12.919 [main] INFO eu.europa.esig.dss.spi.DSSUtils - 	ALGORITHM: BLOWFISH / AlgorithmParameters / org.bouncycastle.jcajce.provider.symmetric.Blowfish$AlgParams
11:37:12.919 [main] INFO eu.europa.esig.dss.spi.DSSUtils - 	ALGORITHM: PBEWITHSHAAND2-KEYTRIPLEDES-CBC / Cipher / org.bouncycastle.jcajce.provider.symmetric.DESede$PBEWithSHAAndDES2Key
11:37:12.919 [main] INFO eu.europa.esig.dss.spi.DSSUtils - 	ALGORITHM: PBEWITHSHAAND256BITAES-CBC-BC / Cipher / org.bouncycastle.jcajce.provider.symmetric.AES$PBEWithSHA1AESCBC256
11:37:12.919 [main] INFO eu.europa.esig.dss.spi.DSSUtils - 	ALGORITHM: SHA256WITHSM2 / Signature / org.bouncycastle.jcajce.provider.asymmetric.ec.GMSignatureSpi$sha256WithSM2
11:37:12.919 [main] INFO eu.europa.esig.dss.spi.DSSUtils - 	ALGORITHM: DESEDE / Cipher / org.bouncycastle.jcajce.provider.symmetric.DESede$ECB
11:37:12.919 [main] INFO eu.europa.esig.dss.spi.DSSUtils - 	ALGORITHM: SHA3-512WITHRSA / Signature / org.bouncycastle.jcajce.provider.asymmetric.rsa.DigestSignatureSpi$SHA3_512
11:37:12.919 [main] INFO eu.europa.esig.dss.spi.DSSUtils - 	ALGORITHM: OID.1.2.804.2.1.1.1.1.1.3.8.3 / KeyGenerator / org.bouncycastle.jcajce.provider.symmetric.DSTU7624$KeyGen512
11:37:12.919 [main] INFO eu.europa.esig.dss.spi.DSSUtils - 	ALGORITHM: SHA384WITHRSAANDMGF1 / Signature / org.bouncycastle.jcajce.provider.asymmetric.rsa.PSSSignatureSpi$SHA384withRSA
11:37:12.920 [main] INFO eu.europa.esig.dss.spi.DSSUtils - 	ALGORITHM: OID.1.2.804.2.1.1.1.1.1.3.8.2 / KeyGenerator / org.bouncycastle.jcajce.provider.symmetric.DSTU7624$KeyGen256
11:37:12.920 [main] INFO eu.europa.esig.dss.spi.DSSUtils - 	ALGORITHM: OID.1.2.804.2.1.1.1.1.1.3.8.1 / KeyGenerator / org.bouncycastle.jcajce.provider.symmetric.DSTU7624$KeyGen128
11:37:12.920 [main] INFO eu.europa.esig.dss.spi.DSSUtils - 	ALGORITHM: RIJNDAEL / KeyGenerator / org.bouncycastle.jcajce.provider.symmetric.Rijndael$KeyGen
11:37:12.920 [main] INFO eu.europa.esig.dss.spi.DSSUtils - 	ALGORITHM: SHA512WITHRSAANDMGF1 / Signature / org.bouncycastle.jcajce.provider.asymmetric.rsa.PSSSignatureSpi$SHA512withRSA
11:37:12.920 [main] INFO eu.europa.esig.dss.spi.DSSUtils - 	ALGORITHM: DSTU4145 / KeyPairGenerator / org.bouncycastle.jcajce.provider.asymmetric.dstu.KeyPairGeneratorSpi
11:37:12.920 [main] INFO eu.europa.esig.dss.spi.DSSUtils - 	ALGORITHM: AES-GMAC / KeyGenerator / org.bouncycastle.jcajce.provider.symmetric.AES$KeyGen128
11:37:12.920 [main] INFO eu.europa.esig.dss.spi.DSSUtils - 	ALGORITHM: DEFAULT / SecureRandom / org.bouncycastle.jcajce.provider.drbg.DRBG$Default
11:37:12.920 [main] INFO eu.europa.esig.dss.spi.DSSUtils - 	ALGORITHM: PBKDF2WITHHMACSHA384 / SecretKeyFactory / org.bouncycastle.jcajce.provider.symmetric.PBEPBKDF2$PBKDF2withSHA384
11:37:12.920 [main] INFO eu.europa.esig.dss.spi.DSSUtils - 	ALGORITHM: HMACSkein-256-224 / KeyGenerator / org.bouncycastle.jcajce.provider.digest.Skein$HMacKeyGenerator_256_224
11:37:12.920 [main] INFO eu.europa.esig.dss.spi.DSSUtils - 	ALGORITHM: OID.1.3.14.3.2.17 / SecretKeyFactory / org.bouncycastle.jcajce.provider.symmetric.DESede$KeyFactory
11:37:12.921 [main] INFO eu.europa.esig.dss.spi.DSSUtils - 	ALGORITHM: HMACGOST3411-2012-512 / KeyGenerator / org.bouncycastle.jcajce.provider.digest.GOST3411$KeyGenerator2012_512
11:37:12.921 [main] INFO eu.europa.esig.dss.spi.DSSUtils - 	ALGORITHM: SHA256WITHRSA/ISO9796-2 / Signature / org.bouncycastle.jcajce.provider.asymmetric.rsa.ISOSignatureSpi$SHA256WithRSAEncryption
11:37:12.921 [main] INFO eu.europa.esig.dss.spi.DSSUtils - 	ALGORITHM: Skein-1024-1024 / MessageDigest / org.bouncycastle.jcajce.provider.digest.Skein$Digest_1024_1024
11:37:12.921 [main] INFO eu.europa.esig.dss.spi.DSSUtils - 	ALGORITHM: HMACSkein-512-512 / Mac / org.bouncycastle.jcajce.provider.digest.Skein$HashMac_512_512
11:37:12.921 [main] INFO eu.europa.esig.dss.spi.DSSUtils - 	ALGORITHM: XSALSA20 / KeyGenerator / org.bouncycastle.jcajce.provider.symmetric.XSalsa20$KeyGen
11:37:12.921 [main] INFO eu.europa.esig.dss.spi.DSSUtils - 	ALGORITHM: DSTU7624 / AlgorithmParameters / org.bouncycastle.jcajce.provider.symmetric.DSTU7624$AlgParams
11:37:12.921 [main] INFO eu.europa.esig.dss.spi.DSSUtils - 	ALGORITHM: SHA1WITHCVC-ECDSA / Signature / org.bouncycastle.jcajce.provider.asymmetric.ec.SignatureSpi$ecCVCDSA
11:37:12.921 [main] INFO eu.europa.esig.dss.spi.DSSUtils - 	ALGORITHM: POLY1305-NOEKEON / Mac / org.bouncycastle.jcajce.provider.symmetric.Noekeon$Poly1305
11:37:12.921 [main] INFO eu.europa.esig.dss.spi.DSSUtils - 	ALGORITHM: PBEWITHMD5ANDRC2 / Cipher / org.bouncycastle.jcajce.provider.symmetric.RC2$PBEWithMD5AndRC2
11:37:12.921 [main] INFO eu.europa.esig.dss.spi.DSSUtils - 	ALGORITHM: SHA256WITHDETDSA / Signature / org.bouncycastle.jcajce.provider.asymmetric.dsa.DSASigner$detDSA256
11:37:12.921 [main] INFO eu.europa.esig.dss.spi.DSSUtils - 	ALGORITHM: DESEDEMAC64WITHISO7816-4PADDING / Mac / org.bouncycastle.jcajce.provider.symmetric.DESede$DESede64with7816d4
11:37:12.921 [main] INFO eu.europa.esig.dss.spi.DSSUtils - 	ALGORITHM: MD2WITHRSA / Signature / org.bouncycastle.jcajce.provider.asymmetric.rsa.DigestSignatureSpi$MD2
11:37:12.921 [main] INFO eu.europa.esig.dss.spi.DSSUtils - 	ALGORITHM: OID.2.16.840.1.101.3.4.1.5 / KeyGenerator / org.bouncycastle.jcajce.provider.symmetric.AES$KeyGen128
11:37:12.921 [main] INFO eu.europa.esig.dss.spi.DSSUtils - 	ALGORITHM: OID.2.16.840.1.101.3.4.1.4 / KeyGenerator / org.bouncycastle.jcajce.provider.symmetric.AES$KeyGen128
11:37:12.921 [main] INFO eu.europa.esig.dss.spi.DSSUtils - 	ALGORITHM: HMACSkein-1024-512 / Mac / org.bouncycastle.jcajce.provider.digest.Skein$HashMac_1024_512
11:37:12.921 [main] INFO eu.europa.esig.dss.spi.DSSUtils - 	ALGORITHM: OID.2.16.840.1.101.3.4.1.3 / KeyGenerator / org.bouncycastle.jcajce.provider.symmetric.AES$KeyGen128
11:37:12.921 [main] INFO eu.europa.esig.dss.spi.DSSUtils - 	ALGORITHM: OID.2.16.840.1.101.3.4.1.2 / KeyGenerator / org.bouncycastle.jcajce.provider.symmetric.AES$KeyGen128
11:37:12.921 [main] INFO eu.europa.esig.dss.spi.DSSUtils - 	ALGORITHM: OID.2.16.840.1.101.3.4.1.8 / KeyGenerator / org.bouncycastle.jcajce.provider.symmetric.AES$KeyGen128
11:37:12.922 [main] INFO eu.europa.esig.dss.spi.DSSUtils - 	ALGORITHM: OID.2.16.840.1.101.3.4.1.7 / KeyGenerator / org.bouncycastle.jcajce.provider.symmetric.AES$KeyGen128
11:37:12.922 [main] INFO eu.europa.esig.dss.spi.DSSUtils - 	ALGORITHM: PBEWITHSHAAND192BITAES-CBC-BC / Cipher / org.bouncycastle.jcajce.provider.symmetric.AES$PBEWithSHA1AESCBC192
11:37:12.922 [main] INFO eu.europa.esig.dss.spi.DSSUtils - 	ALGORITHM: DESMAC / Mac / org.bouncycastle.jcajce.provider.symmetric.DES$CBCMAC
11:37:12.922 [main] INFO eu.europa.esig.dss.spi.DSSUtils - 	ALGORITHM: OID.2.16.840.1.101.3.4.1.6 / KeyGenerator / org.bouncycastle.jcajce.provider.symmetric.AES$KeyGen128
11:37:12.922 [main] INFO eu.europa.esig.dss.spi.DSSUtils - 	ALGORITHM: SIPHASH / KeyGenerator / org.bouncycastle.jcajce.provider.symmetric.SipHash$KeyGen
11:37:12.922 [main] INFO eu.europa.esig.dss.spi.DSSUtils - 	ALGORITHM: SHA384WITHRSA/ISO9796-2 / Signature / org.bouncycastle.jcajce.provider.asymmetric.rsa.ISOSignatureSpi$SHA384WithRSAEncryption
11:37:12.922 [main] INFO eu.europa.esig.dss.spi.DSSUtils - 	ALGORITHM: SHA3-384WITHPLAIN-ECDSA / Signature / org.bouncycastle.jcajce.provider.asymmetric.ec.SignatureSpi$ecCVCDSA3_384
11:37:12.922 [main] INFO eu.europa.esig.dss.spi.DSSUtils - 	ALGORITHM: PKCS12PBE / AlgorithmParameters / org.bouncycastle.jcajce.provider.symmetric.PBEPKCS12$AlgParams
11:37:12.922 [main] INFO eu.europa.esig.dss.spi.DSSUtils - 	ALGORITHM: SHA512(256)WITHRSAANDSHAKE256 / Signature / org.bouncycastle.jcajce.provider.asymmetric.rsa.PSSSignatureSpi$SHA512_256withRSAandSHAKE256
11:37:12.922 [main] INFO eu.europa.esig.dss.spi.DSSUtils - 	ALGORITHM: HMACDSTU7564-256 / Mac / org.bouncycastle.jcajce.provider.digest.DSTU7564$HashMac256
11:37:12.922 [main] INFO eu.europa.esig.dss.spi.DSSUtils - 	ALGORITHM: OID.2.16.840.1.101.3.4.1.1 / KeyGenerator / org.bouncycastle.jcajce.provider.symmetric.AES$KeyGen128
11:37:12.922 [main] INFO eu.europa.esig.dss.spi.DSSUtils - 	ALGORITHM: GOST3411-2012-256 / MessageDigest / org.bouncycastle.jcajce.provider.digest.GOST3411$Digest2012_256
11:37:12.922 [main] INFO eu.europa.esig.dss.spi.DSSUtils - 	ALGORITHM: RSA / Cipher / org.bouncycastle.jcajce.provider.asymmetric.rsa.CipherSpi$NoPadding
11:37:12.922 [main] INFO eu.europa.esig.dss.spi.DSSUtils - 	ALGORITHM: SHA512WITHRSA/X9.31 / Signature / org.bouncycastle.jcajce.provider.asymmetric.rsa.X931SignatureSpi$SHA512WithRSAEncryption
11:37:12.923 [main] INFO eu.europa.esig.dss.spi.DSSUtils - 	ALGORITHM: DSTU4145 / AlgorithmParameters / null
11:37:12.923 [main] INFO eu.europa.esig.dss.spi.DSSUtils - 	ALGORITHM: ECCDHWITHSHA1CKDF / KeyAgreement / org.bouncycastle.jcajce.provider.asymmetric.ec.KeyAgreementSpi$DHwithSHA1CKDF
11:37:12.923 [main] INFO eu.europa.esig.dss.spi.DSSUtils - 	ALGORITHM: HMACGOST3411-2012-256 / KeyGenerator / org.bouncycastle.jcajce.provider.digest.GOST3411$KeyGenerator2012_256
11:37:12.923 [main] INFO eu.europa.esig.dss.spi.DSSUtils - 	ALGORITHM: SHA3-512WITHPLAIN-ECDSA / Signature / org.bouncycastle.jcajce.provider.asymmetric.ec.SignatureSpi$ecCVCDSA3_512
11:37:12.923 [main] INFO eu.europa.esig.dss.spi.DSSUtils - 	ALGORITHM: HMACWHIRLPOOL / Mac / org.bouncycastle.jcajce.provider.digest.Whirlpool$HashMac
11:37:12.923 [main] INFO eu.europa.esig.dss.spi.DSSUtils - 	ALGORITHM: ISO9797ALG3MAC / Mac / org.bouncycastle.jcajce.provider.symmetric.DES$DES9797Alg3
11:37:12.923 [main] INFO eu.europa.esig.dss.spi.DSSUtils - 	ALGORITHM: HMACSHA224 / KeyGenerator / org.bouncycastle.jcajce.provider.digest.SHA224$KeyGenerator
11:37:12.923 [main] INFO eu.europa.esig.dss.spi.DSSUtils - 	ALGORITHM: PBEWITHSHAAND192BITAES-CBC-BC / SecretKeyFactory / org.bouncycastle.jcajce.provider.symmetric.AES$PBEWithSHAAnd192BitAESBC
11:37:12.923 [main] INFO eu.europa.esig.dss.spi.DSSUtils - 	ALGORITHM: HMACSHA256 / KeyGenerator / org.bouncycastle.jcajce.provider.digest.SHA256$KeyGenerator
11:37:12.923 [main] INFO eu.europa.esig.dss.spi.DSSUtils - 	ALGORITHM: GCM / AlgorithmParameterGenerator / org.bouncycastle.jcajce.provider.symmetric.AES$AlgParamGenGCM
11:37:12.923 [main] INFO eu.europa.esig.dss.spi.DSSUtils - 	ALGORITHM: CCM / AlgorithmParameterGenerator / org.bouncycastle.jcajce.provider.symmetric.AES$AlgParamGenCCM
11:37:12.923 [main] INFO eu.europa.esig.dss.spi.DSSUtils - 	ALGORITHM: PBEWITHSHA256AND128BITAES-CBC-BC / Cipher / org.bouncycastle.jcajce.provider.symmetric.AES$PBEWithSHA256AESCBC128
11:37:12.923 [main] INFO eu.europa.esig.dss.spi.DSSUtils - 	ALGORITHM: HMACSHA1 / KeyGenerator / org.bouncycastle.jcajce.provider.digest.SHA1$KeyGenerator
11:37:12.923 [main] INFO eu.europa.esig.dss.spi.DSSUtils - 	ALGORITHM: CAMELLIA / AlgorithmParameters / org.bouncycastle.jcajce.provider.symmetric.Camellia$AlgParams
11:37:12.923 [main] INFO eu.europa.esig.dss.spi.DSSUtils - 	ALGORITHM: SHA256WITHRSAANDMGF1 / Signature / org.bouncycastle.jcajce.provider.asymmetric.rsa.PSSSignatureSpi$SHA256withRSA
11:37:12.923 [main] INFO eu.europa.esig.dss.spi.DSSUtils - 	ALGORITHM: AES / AlgorithmParameterGenerator / org.bouncycastle.jcajce.provider.symmetric.AES$AlgParamGen
11:37:12.923 [main] INFO eu.europa.esig.dss.spi.DSSUtils - 	ALGORITHM: PSS / AlgorithmParameters / org.bouncycastle.jcajce.provider.asymmetric.rsa.AlgorithmParametersSpi$PSS
11:37:12.923 [main] INFO eu.europa.esig.dss.spi.DSSUtils - 	ALGORITHM: TLS12WITHSHA384KDF / SecretKeyFactory / org.bouncycastle.jcajce.provider.symmetric.TLSKDF$TLS12withSHA384
11:37:12.923 [main] INFO eu.europa.esig.dss.spi.DSSUtils - 	ALGORITHM: DH / AlgorithmParameterGenerator / org.bouncycastle.jcajce.provider.asymmetric.dh.AlgorithmParameterGeneratorSpi
11:37:12.924 [main] INFO eu.europa.esig.dss.spi.DSSUtils - 	ALGORITHM: ARIA / AlgorithmParameters / org.bouncycastle.jcajce.provider.symmetric.ARIA$AlgParams
11:37:12.924 [main] INFO eu.europa.esig.dss.spi.DSSUtils - 	ALGORITHM: ARIA / SecretKeyFactory / org.bouncycastle.jcajce.provider.symmetric.ARIA$KeyFactory
11:37:12.924 [main] INFO eu.europa.esig.dss.spi.DSSUtils - 	ALGORITHM: OID.1.3.6.1.4.1.18227.2.1 / KeyFactory / org.bouncycastle.jcajce.provider.asymmetric.COMPOSITE$KeyFactory
11:37:12.924 [main] INFO eu.europa.esig.dss.spi.DSSUtils - 	ALGORITHM: Skein-MAC-512-384 / KeyGenerator / org.bouncycastle.jcajce.provider.digest.Skein$SkeinMacKeyGenerator_512_384
11:37:12.924 [main] INFO eu.europa.esig.dss.spi.DSSUtils - 	ALGORITHM: PBEWITHHMACGOST3411 / SecretKeyFactory / org.bouncycastle.jcajce.provider.digest.GOST3411$PBEWithMacKeyFactory
11:37:12.924 [main] INFO eu.europa.esig.dss.spi.DSSUtils - 	ALGORITHM: DH / KeyAgreement / org.bouncycastle.jcajce.provider.asymmetric.dh.KeyAgreementSpi
11:37:12.924 [main] INFO eu.europa.esig.dss.spi.DSSUtils - 	ALGORITHM: Skein-MAC-512-256 / KeyGenerator / org.bouncycastle.jcajce.provider.digest.Skein$SkeinMacKeyGenerator_512_256
11:37:12.924 [main] INFO eu.europa.esig.dss.spi.DSSUtils - 	ALGORITHM: VMPC / KeyGenerator / org.bouncycastle.jcajce.provider.symmetric.VMPC$KeyGen
11:37:12.924 [main] INFO eu.europa.esig.dss.spi.DSSUtils - 	ALGORITHM: RIPEMD128 / MessageDigest / org.bouncycastle.jcajce.provider.digest.RIPEMD128$Digest
11:37:12.924 [main] INFO eu.europa.esig.dss.spi.DSSUtils - 	ALGORITHM: RIPEMD160 / MessageDigest / org.bouncycastle.jcajce.provider.digest.RIPEMD160$Digest
11:37:12.924 [main] INFO eu.europa.esig.dss.spi.DSSUtils - 	ALGORITHM: CHACHA7539 / AlgorithmParameters / org.bouncycastle.jcajce.provider.symmetric.ChaCha$AlgParams
11:37:12.924 [main] INFO eu.europa.esig.dss.spi.DSSUtils - 	ALGORITHM: RIPEMD256 / MessageDigest / org.bouncycastle.jcajce.provider.digest.RIPEMD256$Digest
11:37:12.924 [main] INFO eu.europa.esig.dss.spi.DSSUtils - 	ALGORITHM: HMACSkein-512-224 / Mac / org.bouncycastle.jcajce.provider.digest.Skein$HashMac_512_224
11:37:12.924 [main] INFO eu.europa.esig.dss.spi.DSSUtils - 	ALGORITHM: PBEWITHMD2ANDRC2 / SecretKeyFactory / org.bouncycastle.jcajce.provider.symmetric.RC2$PBEWithMD2KeyFactory
11:37:12.924 [main] INFO eu.europa.esig.dss.spi.DSSUtils - 	ALGORITHM: PBEWITHSHAAND40BITRC2-CBC / Cipher / org.bouncycastle.jcajce.provider.symmetric.RC2$PBEWithSHAAnd40BitRC2
11:37:12.924 [main] INFO eu.europa.esig.dss.spi.DSSUtils - 	ALGORITHM: SPHINCSPLUS / Signature / org.bouncycastle.pqc.jcajce.provider.sphincsplus.SignatureSpi$Direct
11:37:12.924 [main] INFO eu.europa.esig.dss.spi.DSSUtils - 	ALGORITHM: 2.16.840.1.101.3.4.1.1 / KeyGenerator / org.bouncycastle.jcajce.provider.symmetric.AES$KeyGen128
11:37:12.924 [main] INFO eu.europa.esig.dss.spi.DSSUtils - 	ALGORITHM: BLOWFISH / KeyGenerator / org.bouncycastle.jcajce.provider.symmetric.Blowfish$KeyGen
11:37:12.924 [main] INFO eu.europa.esig.dss.spi.DSSUtils - 	ALGORITHM: PBEWITHSHAAND128BITRC2-CBC / Cipher / org.bouncycastle.jcajce.provider.symmetric.RC2$PBEWithSHAAnd128BitRC2
11:37:12.924 [main] INFO eu.europa.esig.dss.spi.DSSUtils - 	ALGORITHM: 2.16.840.1.101.3.4.1.3 / KeyGenerator / org.bouncycastle.jcajce.provider.symmetric.AES$KeyGen128
11:37:12.925 [main] INFO eu.europa.esig.dss.spi.DSSUtils - 	ALGORITHM: PBEWITHSHAAND40BITRC4 / Cipher / org.bouncycastle.jcajce.provider.symmetric.ARC4$PBEWithSHAAnd40Bit
11:37:12.925 [main] INFO eu.europa.esig.dss.spi.DSSUtils - 	ALGORITHM: 2.16.840.1.101.3.4.1.2 / KeyGenerator / org.bouncycastle.jcajce.provider.symmetric.AES$KeyGen128
11:37:12.925 [main] INFO eu.europa.esig.dss.spi.DSSUtils - 	ALGORITHM: 2.16.840.1.101.3.4.1.5 / KeyGenerator / org.bouncycastle.jcajce.provider.symmetric.AES$KeyGen128
11:37:12.925 [main] INFO eu.europa.esig.dss.spi.DSSUtils - 	ALGORITHM: HMACRIPEMD320 / KeyGenerator / org.bouncycastle.jcajce.provider.digest.RIPEMD320$KeyGenerator
11:37:12.925 [main] INFO eu.europa.esig.dss.spi.DSSUtils - 	ALGORITHM: 2.16.840.1.101.3.4.1.4 / KeyGenerator / org.bouncycastle.jcajce.provider.symmetric.AES$KeyGen128
11:37:12.925 [main] INFO eu.europa.esig.dss.spi.DSSUtils - 	ALGORITHM: PBEWITHSHAAND128BITRC4 / Cipher / org.bouncycastle.jcajce.provider.symmetric.ARC4$PBEWithSHAAnd128Bit
11:37:12.925 [main] INFO eu.europa.esig.dss.spi.DSSUtils - 	ALGORITHM: 1.2.804.2.1.1.1.1.1.3.5.1 / AlgorithmParameters / org.bouncycastle.jcajce.provider.symmetric.DSTU7624$AlgParams
11:37:12.925 [main] INFO eu.europa.esig.dss.spi.DSSUtils - 	ALGORITHM: 1.2.804.2.1.1.1.1.1.3.5.2 / AlgorithmParameters / org.bouncycastle.jcajce.provider.symmetric.DSTU7624$AlgParams
11:37:12.925 [main] INFO eu.europa.esig.dss.spi.DSSUtils - 	ALGORITHM: 1.2.804.2.1.1.1.1.1.3.5.3 / AlgorithmParameters / org.bouncycastle.jcajce.provider.symmetric.DSTU7624$AlgParams
11:37:12.925 [main] INFO eu.europa.esig.dss.spi.DSSUtils - 	ALGORITHM: BROKENPBEWITHSHA1ANDDES / Cipher / org.bouncycastle.jce.provider.BrokenJCEBlockCipher$BrokePBEWithSHA1AndDES
11:37:12.925 [main] INFO eu.europa.esig.dss.spi.DSSUtils - 	ALGORITHM: RSA/OAEP / Cipher / org.bouncycastle.jcajce.provider.asymmetric.rsa.CipherSpi$OAEPPadding
11:37:12.925 [main] INFO eu.europa.esig.dss.spi.DSSUtils - 	ALGORITHM: DSA / AlgorithmParameterGenerator / org.bouncycastle.jcajce.provider.asymmetric.dsa.AlgorithmParameterGeneratorSpi
11:37:12.925 [main] INFO eu.europa.esig.dss.spi.DSSUtils - 	ALGORITHM: SHA3-224WITHPLAIN-ECDSA / Signature / org.bouncycastle.jcajce.provider.asymmetric.ec.SignatureSpi$ecCVCDSA3_224
11:37:12.925 [main] INFO eu.europa.esig.dss.spi.DSSUtils - 	ALGORITHM: 2.16.840.1.101.3.4.1.7 / KeyGenerator / org.bouncycastle.jcajce.provider.symmetric.AES$KeyGen128
11:37:12.925 [main] INFO eu.europa.esig.dss.spi.DSSUtils - 	ALGORITHM: 2.16.840.1.101.3.4.1.6 / KeyGenerator / org.bouncycastle.jcajce.provider.symmetric.AES$KeyGen128
11:37:12.925 [main] INFO eu.europa.esig.dss.spi.DSSUtils - 	ALGORITHM: SHA256WITHRSA / Signature / org.bouncycastle.jcajce.provider.asymmetric.rsa.DigestSignatureSpi$SHA256
11:37:12.925 [main] INFO eu.europa.esig.dss.spi.DSSUtils - 	ALGORITHM: 1.2.840.113549.3.2 / AlgorithmParameterGenerator / org.bouncycastle.jcajce.provider.symmetric.RC2$AlgParamGen
11:37:12.925 [main] INFO eu.europa.esig.dss.spi.DSSUtils - 	ALGORITHM: 2.16.840.1.101.3.4.1.8 / KeyGenerator / org.bouncycastle.jcajce.provider.symmetric.AES$KeyGen128
11:37:12.925 [main] INFO eu.europa.esig.dss.spi.DSSUtils - 	ALGORITHM: SHA512(256)WITHRSA/ISO9796-2 / Signature / org.bouncycastle.jcajce.provider.asymmetric.rsa.ISOSignatureSpi$SHA512_256WithRSAEncryption
11:37:12.925 [main] INFO eu.europa.esig.dss.spi.DSSUtils - 	ALGORITHM: RSA / KeyPairGenerator / org.bouncycastle.jcajce.provider.asymmetric.rsa.KeyPairGeneratorSpi
11:37:12.925 [main] INFO eu.europa.esig.dss.spi.DSSUtils - 	ALGORITHM: HMACSkein-1024-1024 / KeyGenerator / org.bouncycastle.jcajce.provider.digest.Skein$HMacKeyGenerator_1024_1024
11:37:12.925 [main] INFO eu.europa.esig.dss.spi.DSSUtils - 	ALGORITHM: DESEDE / AlgorithmParameterGenerator / org.bouncycastle.jcajce.provider.symmetric.DESede$AlgParamGen
11:37:12.926 [main] INFO eu.europa.esig.dss.spi.DSSUtils - 	ALGORITHM: XTEA / KeyGenerator / org.bouncycastle.jcajce.provider.symmetric.XTEA$KeyGen
11:37:12.926 [main] INFO eu.europa.esig.dss.spi.DSSUtils - 	ALGORITHM: PKIX / CertPathBuilder / org.bouncycastle.jce.provider.PKIXCertPathBuilderSpi_8
11:37:12.926 [main] INFO eu.europa.esig.dss.spi.DSSUtils - 	ALGORITHM: XSALSA20 / AlgorithmParameters / org.bouncycastle.jcajce.provider.symmetric.XSalsa20$AlgParams
11:37:12.926 [main] INFO eu.europa.esig.dss.spi.DSSUtils - 	ALGORITHM: HMACSkein-512-128 / KeyGenerator / org.bouncycastle.jcajce.provider.digest.Skein$HMacKeyGenerator_512_128
11:37:12.927 [main] INFO eu.europa.esig.dss.spi.DSSUtils - 	ALGORITHM: DSTU7624-512 / Cipher / org.bouncycastle.jcajce.provider.symmetric.DSTU7624$ECB_512
11:37:12.927 [main] INFO eu.europa.esig.dss.spi.DSSUtils - 	ALGORITHM: DESEDECMAC / Mac / org.bouncycastle.jcajce.provider.symmetric.DESede$CMAC
11:37:12.927 [main] INFO eu.europa.esig.dss.spi.DSSUtils - 	ALGORITHM: 1.2.410.200046.1.1.13 / KeyGenerator / org.bouncycastle.jcajce.provider.symmetric.ARIA$KeyGen256
11:37:12.927 [main] INFO eu.europa.esig.dss.spi.DSSUtils - 	ALGORITHM: ZUC-128 / Cipher / org.bouncycastle.jcajce.provider.symmetric.Zuc$Zuc128
11:37:12.927 [main] INFO eu.europa.esig.dss.spi.DSSUtils - 	ALGORITHM: 1.2.410.200046.1.1.14 / KeyGenerator / org.bouncycastle.jcajce.provider.symmetric.ARIA$KeyGen256
11:37:12.927 [main] INFO eu.europa.esig.dss.spi.DSSUtils - 	ALGORITHM: HMACSHA512 / KeyGenerator / org.bouncycastle.jcajce.provider.digest.SHA512$KeyGenerator
11:37:12.927 [main] INFO eu.europa.esig.dss.spi.DSSUtils - 	ALGORITHM: 1.2.410.200046.1.1.11 / KeyGenerator / org.bouncycastle.jcajce.provider.symmetric.ARIA$KeyGen256
11:37:12.927 [main] INFO eu.europa.esig.dss.spi.DSSUtils - 	ALGORITHM: 1.2.410.200046.1.1.12 / KeyGenerator / org.bouncycastle.jcajce.provider.symmetric.ARIA$KeyGen256
11:37:12.927 [main] INFO eu.europa.esig.dss.spi.DSSUtils - 	ALGORITHM: SM4 / AlgorithmParameters / org.bouncycastle.jcajce.provider.symmetric.SM4$AlgParams
11:37:12.927 [main] INFO eu.europa.esig.dss.spi.DSSUtils - 	ALGORITHM: GOST3411WITHECGOST3410 / Signature / org.bouncycastle.jcajce.provider.asymmetric.ecgost.SignatureSpi
11:37:12.927 [main] INFO eu.europa.esig.dss.spi.DSSUtils - 	ALGORITHM: IDEA / AlgorithmParameterGenerator / org.bouncycastle.jcajce.provider.symmetric.IDEA$AlgParamGen
11:37:12.928 [main] INFO eu.europa.esig.dss.spi.DSSUtils - 	ALGORITHM: SHA3-384WITHDSA / Signature / org.bouncycastle.jcajce.provider.asymmetric.dsa.DSASigner$dsaSha3_384
11:37:12.928 [main] INFO eu.europa.esig.dss.spi.DSSUtils - 	ALGORITHM: XIESwithSHA256andAES-CBC / Cipher / org.bouncycastle.jcajce.provider.asymmetric.edec.IESCipher$XIESwithSHA256andAESCBC
11:37:12.928 [main] INFO eu.europa.esig.dss.spi.DSSUtils - 	ALGORITHM: WhirlpoolWITHRSA/ISO9796-2 / Signature / org.bouncycastle.jcajce.provider.asymmetric.rsa.ISOSignatureSpi$WhirlpoolWithRSAEncryption
11:37:12.928 [main] INFO eu.europa.esig.dss.spi.DSSUtils - 	ALGORITHM: CAST6 / AlgorithmParameters / org.bouncycastle.jcajce.provider.symmetric.CAST6$AlgParams
11:37:12.928 [main] INFO eu.europa.esig.dss.spi.DSSUtils - 	ALGORITHM: CAST5 / AlgorithmParameters / org.bouncycastle.jcajce.provider.symmetric.CAST5$AlgParams
11:37:12.928 [main] INFO eu.europa.esig.dss.spi.DSSUtils - 	ALGORITHM: DESMAC64WITHISO7816-4PADDING / Mac / org.bouncycastle.jcajce.provider.symmetric.DES$DES64with7816d4
11:37:12.928 [main] INFO eu.europa.esig.dss.spi.DSSUtils - 	ALGORITHM: HMACKECCAK256 / KeyGenerator / org.bouncycastle.jcajce.provider.digest.Keccak$KeyGenerator256
11:37:12.928 [main] INFO eu.europa.esig.dss.spi.DSSUtils - 	ALGORITHM: Skein-MAC-512-224 / KeyGenerator / org.bouncycastle.jcajce.provider.digest.Skein$SkeinMacKeyGenerator_512_224
11:37:12.928 [main] INFO eu.europa.esig.dss.spi.DSSUtils - 	ALGORITHM: SHA384WITHRSA / Signature / org.bouncycastle.jcajce.provider.asymmetric.rsa.DigestSignatureSpi$SHA384
11:37:12.928 [main] INFO eu.europa.esig.dss.spi.DSSUtils - 	ALGORITHM: Threefish-256 / Cipher / org.bouncycastle.jcajce.provider.symmetric.Threefish$ECB_256
11:37:12.928 [main] INFO eu.europa.esig.dss.spi.DSSUtils - 	ALGORITHM: RSASSA-PSS / Signature / org.bouncycastle.jcajce.provider.asymmetric.rsa.PSSSignatureSpi$PSSwithRSA
11:37:12.928 [main] INFO eu.europa.esig.dss.spi.DSSUtils - 	ALGORITHM: ECGOST3410-2012-256 / Signature / org.bouncycastle.jcajce.provider.asymmetric.ecgost12.ECGOST2012SignatureSpi256
11:37:12.928 [main] INFO eu.europa.esig.dss.spi.DSSUtils - 	ALGORITHM: ECKAEGWITHSHA512KDF / KeyAgreement / org.bouncycastle.jcajce.provider.asymmetric.ec.KeyAgreementSpi$ECKAEGwithSHA512KDF
11:37:12.928 [main] INFO eu.europa.esig.dss.spi.DSSUtils - 	ALGORITHM: SHA224WITHECDSA / Signature / org.bouncycastle.jcajce.provider.asymmetric.ec.SignatureSpi$ecDSA224
11:37:12.928 [main] INFO eu.europa.esig.dss.spi.DSSUtils - 	ALGORITHM: SHA256WITHECDSA / Signature / org.bouncycastle.jcajce.provider.asymmetric.ec.SignatureSpi$ecDSA256
11:37:12.928 [main] INFO eu.europa.esig.dss.spi.DSSUtils - 	ALGORITHM: SHA512WITHCVC-ECDSA / Signature / org.bouncycastle.jcajce.provider.asymmetric.ec.SignatureSpi$ecCVCDSA512
11:37:12.928 [main] INFO eu.europa.esig.dss.spi.DSSUtils - 	ALGORITHM: SHA384WITHECDSA / Signature / org.bouncycastle.jcajce.provider.asymmetric.ec.SignatureSpi$ecDSA384
11:37:12.928 [main] INFO eu.europa.esig.dss.spi.DSSUtils - 	ALGORITHM: SHA512WITHECDSA / Signature / org.bouncycastle.jcajce.provider.asymmetric.ec.SignatureSpi$ecDSA512
11:37:12.928 [main] INFO eu.europa.esig.dss.spi.DSSUtils - 	ALGORITHM: SHA512(224)WITHRSA / Signature / org.bouncycastle.jcajce.provider.asymmetric.rsa.DigestSignatureSpi$SHA512_224
11:37:12.929 [main] INFO eu.europa.esig.dss.spi.DSSUtils - 	ALGORITHM: SHA512(256)WITHRSA / Signature / org.bouncycastle.jcajce.provider.asymmetric.rsa.DigestSignatureSpi$SHA512_256
11:37:12.929 [main] INFO eu.europa.esig.dss.spi.DSSUtils - 	ALGORITHM: Grain128 / Cipher / org.bouncycastle.jcajce.provider.symmetric.Grain128$Base
11:37:12.929 [main] INFO eu.europa.esig.dss.spi.DSSUtils - 	ALGORITHM: SHA512WITHRSA / Signature / org.bouncycastle.jcajce.provider.asymmetric.rsa.DigestSignatureSpi$SHA512
11:37:12.929 [main] INFO eu.europa.esig.dss.spi.DSSUtils - 	ALGORITHM: MD5WITHRSA / Signature / org.bouncycastle.jcajce.provider.asymmetric.rsa.DigestSignatureSpi$MD5
11:37:12.929 [main] INFO eu.europa.esig.dss.spi.DSSUtils - 	ALGORITHM: SHA224WITHRSA / Signature / org.bouncycastle.jcajce.provider.asymmetric.rsa.DigestSignatureSpi$SHA224
11:37:12.930 [main] INFO eu.europa.esig.dss.spi.DSSUtils - 	ALGORITHM: CAMELLIAWRAP / Cipher / org.bouncycastle.jcajce.provider.symmetric.Camellia$Wrap
11:37:12.930 [main] INFO eu.europa.esig.dss.spi.DSSUtils - 	ALGORITHM: HMACDSTU7564-512 / Mac / org.bouncycastle.jcajce.provider.digest.DSTU7564$HashMac512
11:37:12.930 [main] INFO eu.europa.esig.dss.spi.DSSUtils - 	ALGORITHM: 1.2.840.113549.1.1.1 / Cipher / org.bouncycastle.jcajce.provider.asymmetric.rsa.CipherSpi$PKCS1v1_5Padding
11:37:12.930 [main] INFO eu.europa.esig.dss.spi.DSSUtils - 	ALGORITHM: POLY1305-CAST6 / Mac / org.bouncycastle.jcajce.provider.symmetric.CAST6$Poly1305
11:37:12.930 [main] INFO eu.europa.esig.dss.spi.DSSUtils - 	ALGORITHM: SHA3-512WITHDSA / Signature / org.bouncycastle.jcajce.provider.asymmetric.dsa.DSASigner$dsaSha3_512
11:37:12.930 [main] INFO eu.europa.esig.dss.spi.DSSUtils - 	ALGORITHM: 1.2.840.113549.1.1.7 / Cipher / org.bouncycastle.jcajce.provider.asymmetric.rsa.CipherSpi$OAEPPadding
11:37:12.930 [main] INFO eu.europa.esig.dss.spi.DSSUtils - 	ALGORITHM: ECGOST3410-2012-256 / KeyAgreement / org.bouncycastle.jcajce.provider.asymmetric.ecgost12.KeyAgreementSpi$ECVKO256
11:37:12.930 [main] INFO eu.europa.esig.dss.spi.DSSUtils - 	ALGORITHM: ATTRIBUTECERTIFICATE/COLLECTION / X509Store / org.bouncycastle.jce.provider.X509StoreAttrCertCollection
11:37:12.931 [main] INFO eu.europa.esig.dss.spi.DSSUtils - 	ALGORITHM: SHA3-224WITHECDSA / Signature / org.bouncycastle.jcajce.provider.asymmetric.ec.SignatureSpi$ecDSASha3_224
11:37:12.931 [main] INFO eu.europa.esig.dss.spi.DSSUtils - 	ALGORITHM: HMACSHA1 / Mac / org.bouncycastle.jcajce.provider.digest.SHA1$HashMac
11:37:12.931 [main] INFO eu.europa.esig.dss.spi.DSSUtils - 	ALGORITHM: CHACHA20-POLY1305 / AlgorithmParameters / org.bouncycastle.jcajce.provider.symmetric.ChaCha$AlgParamsCC1305
11:37:12.932 [main] INFO eu.europa.esig.dss.spi.DSSUtils - 	ALGORITHM: IESWITHDESEDE-CBC / Cipher / org.bouncycastle.jcajce.provider.asymmetric.dh.IESCipher$IESwithDESedeCBC
11:37:12.932 [main] INFO eu.europa.esig.dss.spi.DSSUtils - 	ALGORITHM: HMACKECCAK288 / KeyGenerator / org.bouncycastle.jcajce.provider.digest.Keccak$KeyGenerator288
11:37:12.932 [main] INFO eu.europa.esig.dss.spi.DSSUtils - 	ALGORITHM: RIPEMD160WITHDSA / Signature / org.bouncycastle.jcajce.provider.asymmetric.dsa.DSASigner$dsaRMD160
11:37:12.933 [main] INFO eu.europa.esig.dss.spi.DSSUtils - 	ALGORITHM: OID.1.2.410.200004.1.4 / Cipher / org.bouncycastle.jcajce.provider.symmetric.SEED$CBC
11:37:12.933 [main] INFO eu.europa.esig.dss.spi.DSSUtils - 	ALGORITHM: CRL/COLLECTION / X509Store / org.bouncycastle.jce.provider.X509StoreCRLCollection
11:37:12.933 [main] INFO eu.europa.esig.dss.spi.DSSUtils - 	ALGORITHM: ARIA / AlgorithmParameterGenerator / org.bouncycastle.jcajce.provider.symmetric.ARIA$AlgParamGen
11:37:12.933 [main] INFO eu.europa.esig.dss.spi.DSSUtils - 	ALGORITHM: GCM / AlgorithmParameters / org.bouncycastle.jcajce.provider.symmetric.AES$AlgParamsGCM
11:37:12.933 [main] INFO eu.europa.esig.dss.spi.DSSUtils - 	ALGORITHM: BLAKE2S-160 / MessageDigest / org.bouncycastle.jcajce.provider.digest.Blake2s$Blake2s160
11:37:12.933 [main] INFO eu.europa.esig.dss.spi.DSSUtils - 	ALGORITHM: ECCDHU / KeyAgreement / org.bouncycastle.jcajce.provider.asymmetric.ec.KeyAgreementSpi$DHUC
11:37:12.933 [main] INFO eu.europa.esig.dss.spi.DSSUtils - 	ALGORITHM: Skein-MAC-512-384 / Mac / org.bouncycastle.jcajce.provider.digest.Skein$SkeinMac_512_384
11:37:12.933 [main] INFO eu.europa.esig.dss.spi.DSSUtils - 	ALGORITHM: CCM / AlgorithmParameters / org.bouncycastle.jcajce.provider.symmetric.AES$AlgParamsCCM
11:37:12.933 [main] INFO eu.europa.esig.dss.spi.DSSUtils - 	ALGORITHM: SHA512WITHDSA / Signature / org.bouncycastle.jcajce.provider.asymmetric.dsa.DSASigner$dsa512
11:37:12.933 [main] INFO eu.europa.esig.dss.spi.DSSUtils - 	ALGORITHM: SHA3-224WITHDSA / Signature / org.bouncycastle.jcajce.provider.asymmetric.dsa.DSASigner$dsaSha3_224
11:37:12.933 [main] INFO eu.europa.esig.dss.spi.DSSUtils - 	ALGORITHM: AES / AlgorithmParameters / org.bouncycastle.jcajce.provider.symmetric.AES$AlgParams
11:37:12.933 [main] INFO eu.europa.esig.dss.spi.DSSUtils - 	ALGORITHM: SHA3-256WITHDSA / Signature / org.bouncycastle.jcajce.provider.asymmetric.dsa.DSASigner$dsaSha3_256
11:37:12.933 [main] INFO eu.europa.esig.dss.spi.DSSUtils - 	ALGORITHM: GOST28147 / KeyGenerator / org.bouncycastle.jcajce.provider.symmetric.GOST28147$KeyGen
11:37:12.933 [main] INFO eu.europa.esig.dss.spi.DSSUtils - 	ALGORITHM: SHA224WITHDSA / Signature / org.bouncycastle.jcajce.provider.asymmetric.dsa.DSASigner$dsa224
11:37:12.933 [main] INFO eu.europa.esig.dss.spi.DSSUtils - 	ALGORITHM: BLAKE3-256 / MessageDigest / org.bouncycastle.jcajce.provider.digest.Blake3$Blake3_256
11:37:12.933 [main] INFO eu.europa.esig.dss.spi.DSSUtils - 	ALGORITHM: SHA256WITHDSA / Signature / org.bouncycastle.jcajce.provider.asymmetric.dsa.DSASigner$dsa256
11:37:12.933 [main] INFO eu.europa.esig.dss.spi.DSSUtils - 	ALGORITHM: SHA384WITHDSA / Signature / org.bouncycastle.jcajce.provider.asymmetric.dsa.DSASigner$dsa384
11:37:12.933 [main] INFO eu.europa.esig.dss.spi.DSSUtils - 	ALGORITHM: XIESwithSHA256 / Cipher / org.bouncycastle.jcajce.provider.asymmetric.edec.IESCipher$XIESwithSHA256
11:37:12.934 [main] INFO eu.europa.esig.dss.spi.DSSUtils - 	ALGORITHM: DSTU4145 / Signature / org.bouncycastle.jcajce.provider.asymmetric.dstu.SignatureSpi
11:37:12.934 [main] INFO eu.europa.esig.dss.spi.DSSUtils - 	ALGORITHM: SHA224WITHRSAANDMGF1 / Signature / org.bouncycastle.jcajce.provider.asymmetric.rsa.PSSSignatureSpi$SHA224withRSA
11:37:12.934 [main] INFO eu.europa.esig.dss.spi.DSSUtils - 	ALGORITHM: PBEWITHHMACSHA224 / Mac / org.bouncycastle.jcajce.provider.digest.SHA224$HashMac
11:37:12.934 [main] INFO eu.europa.esig.dss.spi.DSSUtils - 	ALGORITHM: X25519UWITHSHA256KDF / KeyAgreement / org.bouncycastle.jcajce.provider.asymmetric.edec.KeyAgreementSpi$X25519UwithSHA256KDF
11:37:12.934 [main] INFO eu.europa.esig.dss.spi.DSSUtils - 	ALGORITHM: DH / KeyPairGenerator / org.bouncycastle.jcajce.provider.asymmetric.dh.KeyPairGeneratorSpi
11:37:12.934 [main] INFO eu.europa.esig.dss.spi.DSSUtils - 	ALGORITHM: CAMELLIA / KeyGenerator / org.bouncycastle.jcajce.provider.symmetric.Camellia$KeyGen
11:37:12.934 [main] INFO eu.europa.esig.dss.spi.DSSUtils - 	ALGORITHM: SHA3-512WITHRSAANDMGF1 / Signature / org.bouncycastle.jcajce.provider.asymmetric.rsa.PSSSignatureSpi$SHA3_512withRSA
11:37:12.934 [main] INFO eu.europa.esig.dss.spi.DSSUtils - 	ALGORITHM: TUPLEHASH128-256 / MessageDigest / org.bouncycastle.jcajce.provider.digest.SHA3$DigestTupleHash128_256
11:37:12.935 [main] INFO eu.europa.esig.dss.spi.DSSUtils - 	ALGORITHM: ECIES / AlgorithmParameters / org.bouncycastle.jcajce.provider.asymmetric.ies.AlgorithmParametersSpi
11:37:12.935 [main] INFO eu.europa.esig.dss.spi.DSSUtils - 	ALGORITHM: HMACSHA3-384 / Mac / org.bouncycastle.jcajce.provider.digest.SHA3$HashMac384
11:37:12.935 [main] INFO eu.europa.esig.dss.spi.DSSUtils - 	ALGORITHM: 1.2.804.2.1.1.1.1.1.3.1.3 / KeyGenerator / org.bouncycastle.jcajce.provider.symmetric.DSTU7624$KeyGen512
11:37:12.935 [main] INFO eu.europa.esig.dss.spi.DSSUtils - 	ALGORITHM: 1.2.804.2.1.1.1.1.1.3.1.2 / KeyGenerator / org.bouncycastle.jcajce.provider.symmetric.DSTU7624$KeyGen256
11:37:12.935 [main] INFO eu.europa.esig.dss.spi.DSSUtils - 	ALGORITHM: SM4-GMAC / Mac / org.bouncycastle.jcajce.provider.symmetric.SM4$GMAC
11:37:12.935 [main] INFO eu.europa.esig.dss.spi.DSSUtils - 	ALGORITHM: 1.2.804.2.1.1.1.1.1.3.1.1 / KeyGenerator / org.bouncycastle.jcajce.provider.symmetric.DSTU7624$KeyGen128
11:37:12.935 [main] INFO eu.europa.esig.dss.spi.DSSUtils - 	ALGORITHM: HMACSkein-512-256 / Mac / org.bouncycastle.jcajce.provider.digest.Skein$HashMac_512_256
11:37:12.935 [main] INFO eu.europa.esig.dss.spi.DSSUtils - 	ALGORITHM: HMACSkein-1024-1024 / Mac / org.bouncycastle.jcajce.provider.digest.Skein$HashMac_1024_1024
11:37:12.935 [main] INFO eu.europa.esig.dss.spi.DSSUtils - 	ALGORITHM: TEA / KeyGenerator / org.bouncycastle.jcajce.provider.symmetric.TEA$KeyGen
11:37:12.935 [main] INFO eu.europa.esig.dss.spi.DSSUtils - 	ALGORITHM: SHA256WITHCVC-ECDSA / Signature / org.bouncycastle.jcajce.provider.asymmetric.ec.SignatureSpi$ecCVCDSA256
11:37:12.935 [main] INFO eu.europa.esig.dss.spi.DSSUtils - 	ALGORITHM: RIJNDAEL / AlgorithmParameters / org.bouncycastle.jcajce.provider.symmetric.Rijndael$AlgParams
11:37:12.935 [main] INFO eu.europa.esig.dss.spi.DSSUtils - 	ALGORITHM: HMACGOST3411-2012-256 / Mac / org.bouncycastle.jcajce.provider.digest.GOST3411$HashMac2012_256
11:37:12.935 [main] INFO eu.europa.esig.dss.spi.DSSUtils - 	ALGORITHM: RIPEMD160WITHECDSA / Signature / org.bouncycastle.jcajce.provider.asymmetric.ec.SignatureSpi$ecDSARipeMD160
11:37:12.935 [main] INFO eu.europa.esig.dss.spi.DSSUtils - 	ALGORITHM: OID.1.3.101.111 / KeyPairGenerator / org.bouncycastle.jcajce.provider.asymmetric.edec.KeyPairGeneratorSpi$X448
11:37:12.935 [main] INFO eu.europa.esig.dss.spi.DSSUtils - 	ALGORITHM: Skein-MAC-256-128 / KeyGenerator / org.bouncycastle.jcajce.provider.digest.Skein$SkeinMacKeyGenerator_256_128
11:37:12.935 [main] INFO eu.europa.esig.dss.spi.DSSUtils - 	ALGORITHM: OID.1.3.101.110 / KeyPairGenerator / org.bouncycastle.jcajce.provider.asymmetric.edec.KeyPairGeneratorSpi$X25519
11:37:12.935 [main] INFO eu.europa.esig.dss.spi.DSSUtils - 	ALGORITHM: EC / AlgorithmParameters / org.bouncycastle.jcajce.provider.asymmetric.ec.AlgorithmParametersSpi
11:37:12.935 [main] INFO eu.europa.esig.dss.spi.DSSUtils - 	ALGORITHM: CHACHA7539 / KeyGenerator / org.bouncycastle.jcajce.provider.symmetric.ChaCha$KeyGen7539
11:37:12.935 [main] INFO eu.europa.esig.dss.spi.DSSUtils - 	ALGORITHM: IBCFKS-DEF / KeyStore / org.bouncycastle.jcajce.provider.keystore.bcfks.BcFKSKeyStoreSpi$DefShared
11:37:12.935 [main] INFO eu.europa.esig.dss.spi.DSSUtils - 	ALGORITHM: HMACSkein-512-128 / Mac / org.bouncycastle.jcajce.provider.digest.Skein$HashMac_512_128
11:37:12.935 [main] INFO eu.europa.esig.dss.spi.DSSUtils - 	ALGORITHM: ZUC-256 / AlgorithmParameters / org.bouncycastle.jcajce.provider.symmetric.Zuc$AlgParams
11:37:12.936 [main] INFO eu.europa.esig.dss.spi.DSSUtils - 	ALGORITHM: X25519 / KeyFactory / org.bouncycastle.jcajce.provider.asymmetric.edec.KeyFactorySpi$X25519
11:37:12.936 [main] INFO eu.europa.esig.dss.spi.DSSUtils - 	ALGORITHM: HMACSHA256 / Mac / org.bouncycastle.jcajce.provider.digest.SHA256$HashMac
11:37:12.936 [main] INFO eu.europa.esig.dss.spi.DSSUtils - 	ALGORITHM: PBEWITHHMACSHA1 / SecretKeyFactory / org.bouncycastle.jcajce.provider.digest.SHA1$PBEWithMacKeyFactory
11:37:12.936 [main] INFO eu.europa.esig.dss.spi.DSSUtils - 	ALGORITHM: ECMQVWITHSHA224KDF / KeyAgreement / org.bouncycastle.jcajce.provider.asymmetric.ec.KeyAgreementSpi$MQVwithSHA224KDF
11:37:12.936 [main] INFO eu.europa.esig.dss.spi.DSSUtils - 	ALGORITHM: DES / SecretKeyFactory / org.bouncycastle.jcajce.provider.symmetric.DES$KeyFactory
11:37:12.936 [main] INFO eu.europa.esig.dss.spi.DSSUtils - 	ALGORITHM: ECDHC / KeyPairGenerator / org.bouncycastle.jcajce.provider.asymmetric.ec.KeyPairGeneratorSpi$ECDHC
11:37:12.936 [main] INFO eu.europa.esig.dss.spi.DSSUtils - 	ALGORITHM: HMACWHIRLPOOL / KeyGenerator / org.bouncycastle.jcajce.provider.digest.Whirlpool$KeyGenerator
11:37:12.936 [main] INFO eu.europa.esig.dss.spi.DSSUtils - 	ALGORITHM: RC6-GMAC / Mac / org.bouncycastle.jcajce.provider.symmetric.RC6$GMAC
11:37:12.936 [main] INFO eu.europa.esig.dss.spi.DSSUtils - 	ALGORITHM: SHA-512/256 / MessageDigest / org.bouncycastle.jcajce.provider.digest.SHA512$DigestT256
11:37:12.936 [main] INFO eu.europa.esig.dss.spi.DSSUtils - 	ALGORITHM: 1.2.410.200046.1.1.44 / KeyGenerator / org.bouncycastle.jcajce.provider.symmetric.ARIA$KeyGen192
11:37:12.936 [main] INFO eu.europa.esig.dss.spi.DSSUtils - 	ALGORITHM: 1.2.410.200046.1.1.45 / KeyGenerator / org.bouncycastle.jcajce.provider.symmetric.ARIA$KeyGen256
11:37:12.936 [main] INFO eu.europa.esig.dss.spi.DSSUtils - 	ALGORITHM: ARIA-GMAC / KeyGenerator / org.bouncycastle.jcajce.provider.symmetric.ARIA$KeyGen
11:37:12.936 [main] INFO eu.europa.esig.dss.spi.DSSUtils - 	ALGORITHM: SPHINCSPLUS / KeyFactory / org.bouncycastle.pqc.jcajce.provider.sphincsplus.SPHINCSPlusKeyFactorySpi
11:37:12.936 [main] INFO eu.europa.esig.dss.spi.DSSUtils - 	ALGORITHM: Skein-512-160 / MessageDigest / org.bouncycastle.jcajce.provider.digest.Skein$Digest_512_160
11:37:12.936 [main] INFO eu.europa.esig.dss.spi.DSSUtils - 	ALGORITHM: GOST28147 / AlgorithmParameters / org.bouncycastle.jcajce.provider.symmetric.GOST28147$AlgParams
11:37:12.936 [main] INFO eu.europa.esig.dss.spi.DSSUtils - 	ALGORITHM: GOST3412-2015/OFB / Cipher / org.bouncycastle.jcajce.provider.symmetric.GOST3412_2015$OFB
11:37:12.936 [main] INFO eu.europa.esig.dss.spi.DSSUtils - 	ALGORITHM: SHA512WITHDDSA / Signature / org.bouncycastle.jcajce.provider.asymmetric.dsa.DSASigner$detDSA512
11:37:12.936 [main] INFO eu.europa.esig.dss.spi.DSSUtils - 	ALGORITHM: DHUWITHSHA224KDF / KeyAgreement / org.bouncycastle.jcajce.provider.asymmetric.dh.KeyAgreementSpi$DHUwithSHA224KDF
11:37:12.936 [main] INFO eu.europa.esig.dss.spi.DSSUtils - 	ALGORITHM: 1.2.410.200046.1.1.39 / KeyGenerator / org.bouncycastle.jcajce.provider.symmetric.ARIA$KeyGen256
11:37:12.936 [main] INFO eu.europa.esig.dss.spi.DSSUtils - 	ALGORITHM: POLY1305-RC6 / Mac / org.bouncycastle.jcajce.provider.symmetric.RC6$Poly1305
11:37:12.936 [main] INFO eu.europa.esig.dss.spi.DSSUtils - 	ALGORITHM: 1.2.410.200046.1.1.37 / KeyGenerator / org.bouncycastle.jcajce.provider.symmetric.ARIA$KeyGen128
11:37:12.936 [main] INFO eu.europa.esig.dss.spi.DSSUtils - 	ALGORITHM: 1.2.410.200046.1.1.38 / KeyGenerator / org.bouncycastle.jcajce.provider.symmetric.ARIA$KeyGen192
11:37:12.936 [main] INFO eu.europa.esig.dss.spi.DSSUtils - 	ALGORITHM: 1.2.410.200046.1.1.35 / KeyGenerator / org.bouncycastle.jcajce.provider.symmetric.ARIA$KeyGen192
11:37:12.936 [main] INFO eu.europa.esig.dss.spi.DSSUtils - 	ALGORITHM: ECMQVWITHSHA512CKDF / KeyAgreement / org.bouncycastle.jcajce.provider.asymmetric.ec.KeyAgreementSpi$MQVwithSHA512CKDF
11:37:12.937 [main] INFO eu.europa.esig.dss.spi.DSSUtils - 	ALGORITHM: GOST3410 / AlgorithmParameterGenerator / org.bouncycastle.jcajce.provider.asymmetric.gost.AlgorithmParameterGeneratorSpi
11:37:12.937 [main] INFO eu.europa.esig.dss.spi.DSSUtils - 	ALGORITHM: 1.2.410.200046.1.1.36 / KeyGenerator / org.bouncycastle.jcajce.provider.symmetric.ARIA$KeyGen256
11:37:12.937 [main] INFO eu.europa.esig.dss.spi.DSSUtils - 	ALGORITHM: 1.2.410.200046.1.1.34 / KeyGenerator / org.bouncycastle.jcajce.provider.symmetric.ARIA$KeyGen128
11:37:12.937 [main] INFO eu.europa.esig.dss.spi.DSSUtils - 	ALGORITHM: 1.2.410.200046.1.1.42 / KeyGenerator / org.bouncycastle.jcajce.provider.symmetric.ARIA$KeyGen256
11:37:12.937 [main] INFO eu.europa.esig.dss.spi.DSSUtils - 	ALGORITHM: 1.2.410.200046.1.1.43 / KeyGenerator / org.bouncycastle.jcajce.provider.symmetric.ARIA$KeyGen128
11:37:12.937 [main] INFO eu.europa.esig.dss.spi.DSSUtils - 	ALGORITHM: SM3 / MessageDigest / org.bouncycastle.jcajce.provider.digest.SM3$Digest
11:37:12.937 [main] INFO eu.europa.esig.dss.spi.DSSUtils - 	ALGORITHM: 1.2.410.200046.1.1.40 / KeyGenerator / org.bouncycastle.jcajce.provider.symmetric.ARIA$KeyGen128
11:37:12.937 [main] INFO eu.europa.esig.dss.spi.DSSUtils - 	ALGORITHM: 1.2.410.200046.1.1.41 / KeyGenerator / org.bouncycastle.jcajce.provider.symmetric.ARIA$KeyGen192
11:37:12.937 [main] INFO eu.europa.esig.dss.spi.DSSUtils - 	ALGORITHM: GOST28147 / AlgorithmParameterGenerator / org.bouncycastle.jcajce.provider.symmetric.GOST28147$AlgParamGen
11:37:12.937 [main] INFO eu.europa.esig.dss.spi.DSSUtils - 	ALGORITHM: KMAC128 / Mac / org.bouncycastle.jcajce.provider.digest.SHA3$KMac128
11:37:12.937 [main] INFO eu.europa.esig.dss.spi.DSSUtils - 	ALGORITHM: LMS / KeyPairGenerator / org.bouncycastle.pqc.jcajce.provider.lms.LMSKeyPairGeneratorSpi
11:37:12.937 [main] INFO eu.europa.esig.dss.spi.DSSUtils - 	ALGORITHM: SHA512WITHECNR / Signature / org.bouncycastle.jcajce.provider.asymmetric.ec.SignatureSpi$ecNR512
11:37:12.937 [main] INFO eu.europa.esig.dss.spi.DSSUtils - 	ALGORITHM: RIPEMD160WITHPLAIN-ECDSA / Signature / org.bouncycastle.jcajce.provider.asymmetric.ec.SignatureSpi$ecPlainDSARP160
11:37:12.937 [main] INFO eu.europa.esig.dss.spi.DSSUtils - 	ALGORITHM: HMACGOST3411 / Mac / org.bouncycastle.jcajce.provider.digest.GOST3411$HashMac
11:37:12.937 [main] INFO eu.europa.esig.dss.spi.DSSUtils - 	ALGORITHM: GOST28147 / Cipher / org.bouncycastle.jcajce.provider.symmetric.GOST28147$ECB
11:37:12.937 [main] INFO eu.europa.esig.dss.spi.DSSUtils - 	ALGORITHM: SHA384WITHPLAIN-ECDSA / Signature / org.bouncycastle.jcajce.provider.asymmetric.ec.SignatureSpi$ecCVCDSA384
11:37:12.937 [main] INFO eu.europa.esig.dss.spi.DSSUtils - 	ALGORITHM: SHA512WITHPLAIN-ECDSA / Signature / org.bouncycastle.jcajce.provider.asymmetric.ec.SignatureSpi$ecCVCDSA512
11:37:12.937 [main] INFO eu.europa.esig.dss.spi.DSSUtils - 	ALGORITHM: SHA224WITHPLAIN-ECDSA / Signature / org.bouncycastle.jcajce.provider.asymmetric.ec.SignatureSpi$ecCVCDSA224
11:37:12.938 [main] INFO eu.europa.esig.dss.spi.DSSUtils - 	ALGORITHM: SHA256WITHPLAIN-ECDSA / Signature / org.bouncycastle.jcajce.provider.asymmetric.ec.SignatureSpi$ecCVCDSA256
11:37:12.938 [main] INFO eu.europa.esig.dss.spi.DSSUtils - 	ALGORITHM: SHA1WITHPLAIN-ECDSA / Signature / org.bouncycastle.jcajce.provider.asymmetric.ec.SignatureSpi$ecCVCDSA
11:37:12.938 [main] INFO eu.europa.esig.dss.spi.DSSUtils - 	ALGORITHM: CAMELLIA-GMAC / KeyGenerator / org.bouncycastle.jcajce.provider.symmetric.Camellia$KeyGen
11:37:12.938 [main] INFO eu.europa.esig.dss.spi.DSSUtils - 	ALGORITHM: RC5-64 / AlgorithmParameters / org.bouncycastle.jcajce.provider.symmetric.RC5$AlgParams
11:37:12.938 [main] INFO eu.europa.esig.dss.spi.DSSUtils - 	ALGORITHM: ECCDHUWITHSHA1KDF / KeyAgreement / org.bouncycastle.jcajce.provider.asymmetric.ec.KeyAgreementSpi$DHUwithSHA1KDF
11:37:12.938 [main] INFO eu.europa.esig.dss.spi.DSSUtils - 	ALGORITHM: SHA3-256WITHPLAIN-ECDSA / Signature / org.bouncycastle.jcajce.provider.asymmetric.ec.SignatureSpi$ecCVCDSA3_256
11:37:12.938 [main] INFO eu.europa.esig.dss.spi.DSSUtils - 	ALGORITHM: OID.1.3.101.113 / KeyPairGenerator / org.bouncycastle.jcajce.provider.asymmetric.edec.KeyPairGeneratorSpi$Ed448
11:37:12.938 [main] INFO eu.europa.esig.dss.spi.DSSUtils - 	ALGORITHM: OID.1.3.101.112 / KeyPairGenerator / org.bouncycastle.jcajce.provider.asymmetric.edec.KeyPairGeneratorSpi$Ed25519
11:37:12.938 [main] INFO eu.europa.esig.dss.spi.DSSUtils - 	ALGORITHM: SHA-384 / MessageDigest / org.bouncycastle.jcajce.provider.digest.SHA384$Digest
11:37:12.938 [main] INFO eu.europa.esig.dss.spi.DSSUtils - 	ALGORITHM: 1.0.10118.3.0.55 / MessageDigest / org.bouncycastle.jcajce.provider.digest.Whirlpool$Digest
11:37:12.938 [main] INFO eu.europa.esig.dss.spi.DSSUtils - 	ALGORITHM: CRL/LDAP / X509Store / org.bouncycastle.jce.provider.X509StoreLDAPCRLs
11:37:12.938 [main] INFO eu.europa.esig.dss.spi.DSSUtils - 	ALGORITHM: SEED / SecretKeyFactory / org.bouncycastle.jcajce.provider.symmetric.SEED$KeyFactory
11:37:12.938 [main] INFO eu.europa.esig.dss.spi.DSSUtils - 	ALGORITHM: SM2 / Cipher / org.bouncycastle.jcajce.provider.asymmetric.ec.GMCipherSpi$SM2
11:37:12.938 [main] INFO eu.europa.esig.dss.spi.DSSUtils - 	ALGORITHM: HMACKECCAK224 / Mac / org.bouncycastle.jcajce.provider.digest.Keccak$HashMac224
11:37:12.938 [main] INFO eu.europa.esig.dss.spi.DSSUtils - 	ALGORITHM: Skein-MAC-256-160 / KeyGenerator / org.bouncycastle.jcajce.provider.digest.Skein$SkeinMacKeyGenerator_256_160
11:37:12.938 [main] INFO eu.europa.esig.dss.spi.DSSUtils - 	ALGORITHM: DESCMAC / Mac / org.bouncycastle.jcajce.provider.symmetric.DES$CMAC
11:37:12.938 [main] INFO eu.europa.esig.dss.spi.DSSUtils - 	ALGORITHM: ECIESwithSHA1 / Cipher / org.bouncycastle.jcajce.provider.asymmetric.ec.IESCipher$ECIES
11:37:12.938 [main] INFO eu.europa.esig.dss.spi.DSSUtils - 	ALGORITHM: POLY1305-CAMELLIA / KeyGenerator / org.bouncycastle.jcajce.provider.symmetric.Camellia$Poly1305KeyGen
11:37:12.938 [main] INFO eu.europa.esig.dss.spi.DSSUtils - 	ALGORITHM: PBKDF-OPENSSL / SecretKeyFactory / org.bouncycastle.jcajce.provider.symmetric.OpenSSLPBKDF$PBKDF
11:37:12.938 [main] INFO eu.europa.esig.dss.spi.DSSUtils - 	ALGORITHM: GOST3410 / AlgorithmParameters / org.bouncycastle.jcajce.provider.asymmetric.gost.AlgorithmParametersSpi
11:37:12.938 [main] INFO eu.europa.esig.dss.spi.DSSUtils - 	ALGORITHM: HMACSkein-512-160 / Mac / org.bouncycastle.jcajce.provider.digest.Skein$HashMac_512_160
11:37:12.939 [main] INFO eu.europa.esig.dss.spi.DSSUtils - 	ALGORITHM: SHA3-224WITHRSA / Signature / org.bouncycastle.jcajce.provider.asymmetric.rsa.DigestSignatureSpi$SHA3_224
11:37:12.939 [main] INFO eu.europa.esig.dss.spi.DSSUtils - 	ALGORITHM: HMACKECCAK224 / KeyGenerator / org.bouncycastle.jcajce.provider.digest.Keccak$KeyGenerator224
11:37:12.939 [main] INFO eu.europa.esig.dss.spi.DSSUtils - 	ALGORITHM: AESWRAP / Cipher / org.bouncycastle.jcajce.provider.symmetric.AES$Wrap
11:37:12.939 [main] INFO eu.europa.esig.dss.spi.DSSUtils - 	ALGORITHM: GOST3412-2015 / Cipher / org.bouncycastle.jcajce.provider.symmetric.GOST3412_2015$ECB
11:37:12.939 [main] INFO eu.europa.esig.dss.spi.DSSUtils - 	ALGORITHM: HMACSHA3-224 / KeyGenerator / org.bouncycastle.jcajce.provider.digest.SHA3$KeyGenerator224
11:37:12.939 [main] INFO eu.europa.esig.dss.spi.DSSUtils - 	ALGORITHM: ECCDHWITHSHA256KDF / KeyAgreement / org.bouncycastle.jcajce.provider.asymmetric.ec.KeyAgreementSpi$CDHwithSHA256KDFAndSharedInfo
11:37:12.939 [main] INFO eu.europa.esig.dss.spi.DSSUtils - 	ALGORITHM: X25519WITHSHA512CKDF / KeyAgreement / org.bouncycastle.jcajce.provider.asymmetric.edec.KeyAgreementSpi$X25519withSHA512CKDF
11:37:12.939 [main] INFO eu.europa.esig.dss.spi.DSSUtils - 	ALGORITHM: Skein-512-128 / MessageDigest / org.bouncycastle.jcajce.provider.digest.Skein$Digest_512_128
11:37:12.939 [main] INFO eu.europa.esig.dss.spi.DSSUtils - 	ALGORITHM: PBEWITHSHA256AND192BITAES-CBC-BC / SecretKeyFactory / org.bouncycastle.jcajce.provider.symmetric.AES$PBEWithSHA256And192BitAESBC
11:37:12.939 [main] INFO eu.europa.esig.dss.spi.DSSUtils - 	ALGORITHM: SHAKE128-256 / MessageDigest / org.bouncycastle.jcajce.provider.digest.SHA3$DigestShake128_256
11:37:12.939 [main] INFO eu.europa.esig.dss.spi.DSSUtils - 	ALGORITHM: ARIARFC3211WRAP / Cipher / org.bouncycastle.jcajce.provider.symmetric.ARIA$RFC3211Wrap
11:37:12.939 [main] INFO eu.europa.esig.dss.spi.DSSUtils - 	ALGORITHM: PBEWITHMD5AND256BITAES-CBC-OPENSSL / Cipher / org.bouncycastle.jcajce.provider.symmetric.AES$PBEWithAESCBC
11:37:12.939 [main] INFO eu.europa.esig.dss.spi.DSSUtils - 	ALGORITHM: ECCDH / KeyAgreement / org.bouncycastle.jcajce.provider.asymmetric.ec.KeyAgreementSpi$DHC
11:37:12.939 [main] INFO eu.europa.esig.dss.spi.DSSUtils - 	ALGORITHM: OID.1.2.840.113533.7.66.10 / Cipher / org.bouncycastle.jcajce.provider.symmetric.CAST5$CBC
11:37:12.939 [main] INFO eu.europa.esig.dss.spi.DSSUtils - 	ALGORITHM: ARIAWRAP / Cipher / org.bouncycastle.jcajce.provider.symmetric.ARIA$Wrap
11:37:12.939 [main] INFO eu.europa.esig.dss.spi.DSSUtils - 	ALGORITHM: SHA3-256WITHECDSA / Signature / org.bouncycastle.jcajce.provider.asymmetric.ec.SignatureSpi$ecDSASha3_256
11:37:12.939 [main] INFO eu.europa.esig.dss.spi.DSSUtils - 	ALGORITHM: HMACSkein-1024-384 / KeyGenerator / org.bouncycastle.jcajce.provider.digest.Skein$HMacKeyGenerator_1024_384
11:37:12.939 [main] INFO eu.europa.esig.dss.spi.DSSUtils - 	ALGORITHM: HMACSkein-1024-384 / Mac / org.bouncycastle.jcajce.provider.digest.Skein$HashMac_1024_384
11:37:12.940 [main] INFO eu.europa.esig.dss.spi.DSSUtils - 	ALGORITHM: 1.2.804.2.1.1.1.1.2.2.1 / MessageDigest / org.bouncycastle.jcajce.provider.digest.DSTU7564$Digest256
11:37:12.940 [main] INFO eu.europa.esig.dss.spi.DSSUtils - 	ALGORITHM: 1.2.804.2.1.1.1.1.2.2.2 / MessageDigest / org.bouncycastle.jcajce.provider.digest.DSTU7564$Digest384
11:37:12.940 [main] INFO eu.europa.esig.dss.spi.DSSUtils - 	ALGORITHM: 1.2.804.2.1.1.1.1.2.2.3 / MessageDigest / org.bouncycastle.jcajce.provider.digest.DSTU7564$Digest512
11:37:12.940 [main] INFO eu.europa.esig.dss.spi.DSSUtils - 	ALGORITHM: ECCDHUWITHSHA256CKDF / KeyAgreement / org.bouncycastle.jcajce.provider.asymmetric.ec.KeyAgreementSpi$DHUwithSHA256CKDF
11:37:12.940 [main] INFO eu.europa.esig.dss.spi.DSSUtils - 	ALGORITHM: SHAKE128WITHRSAPSS / Signature / org.bouncycastle.jcajce.provider.asymmetric.rsa.PSSSignatureSpi$SHAKE128WithRSAPSS
11:37:12.940 [main] INFO eu.europa.esig.dss.spi.DSSUtils - 	ALGORITHM: PBEWITHSHAAND40BITRC4 / SecretKeyFactory / org.bouncycastle.jcajce.provider.symmetric.ARC4$PBEWithSHAAnd40BitKeyFactory
11:37:12.940 [main] INFO eu.europa.esig.dss.spi.DSSUtils - 	ALGORITHM: PBEWITHSHA1ANDDES / Cipher / org.bouncycastle.jcajce.provider.symmetric.DES$PBEWithSHA1
11:37:12.940 [main] INFO eu.europa.esig.dss.spi.DSSUtils - 	ALGORITHM: HMACTIGER / Mac / org.bouncycastle.jcajce.provider.digest.Tiger$HashMac
11:37:12.940 [main] INFO eu.europa.esig.dss.spi.DSSUtils - 	ALGORITHM: 1.2.804.2.1.1.1.1.1.3.5.3 / KeyGenerator / org.bouncycastle.jcajce.provider.symmetric.DSTU7624$KeyGen512
11:37:12.940 [main] INFO eu.europa.esig.dss.spi.DSSUtils - 	ALGORITHM: RC5-64 / KeyGenerator / org.bouncycastle.jcajce.provider.symmetric.RC5$KeyGen64
11:37:12.940 [main] INFO eu.europa.esig.dss.spi.DSSUtils - 	ALGORITHM: 1.2.804.2.1.1.1.1.1.3.5.2 / KeyGenerator / org.bouncycastle.jcajce.provider.symmetric.DSTU7624$KeyGen256
11:37:12.940 [main] INFO eu.europa.esig.dss.spi.DSSUtils - 	ALGORITHM: 1.2.804.2.1.1.1.1.1.3.5.1 / KeyGenerator / org.bouncycastle.jcajce.provider.symmetric.DSTU7624$KeyGen128
11:37:12.940 [main] INFO eu.europa.esig.dss.spi.DSSUtils - 	ALGORITHM: CAST6 / KeyGenerator / org.bouncycastle.jcajce.provider.symmetric.CAST6$KeyGen
11:37:12.940 [main] INFO eu.europa.esig.dss.spi.DSSUtils - 	ALGORITHM: CAST5 / KeyGenerator / org.bouncycastle.jcajce.provider.symmetric.CAST5$KeyGen
11:37:12.940 [main] INFO eu.europa.esig.dss.spi.DSSUtils - 	ALGORITHM: Skein-MAC-1024-512 / Mac / org.bouncycastle.jcajce.provider.digest.Skein$SkeinMac_1024_512
11:37:12.941 [main] INFO eu.europa.esig.dss.spi.DSSUtils - 	ALGORITHM: ARC4 / Cipher / org.bouncycastle.jcajce.provider.symmetric.ARC4$Base
11:37:12.941 [main] INFO eu.europa.esig.dss.spi.DSSUtils - 	ALGORITHM: ECCDHUWITHSHA384CKDF / KeyAgreement / org.bouncycastle.jcajce.provider.asymmetric.ec.KeyAgreementSpi$DHUwithSHA384CKDF
11:37:12.941 [main] INFO eu.europa.esig.dss.spi.DSSUtils - 	ALGORITHM: SHA224WITHRSAANDSHAKE128 / Signature / org.bouncycastle.jcajce.provider.asymmetric.rsa.PSSSignatureSpi$SHA224withRSAandSHAKE128
11:37:12.941 [main] INFO eu.europa.esig.dss.spi.DSSUtils - 	ALGORITHM: DSTU7624-128 / Cipher / org.bouncycastle.jcajce.provider.symmetric.DSTU7624$ECB_128
11:37:12.941 [main] INFO eu.europa.esig.dss.spi.DSSUtils - 	ALGORITHM: HMACRIPEMD256 / Mac / org.bouncycastle.jcajce.provider.digest.RIPEMD256$HashMac
11:37:12.941 [main] INFO eu.europa.esig.dss.spi.DSSUtils - 	ALGORITHM: BLAKE2B-512 / MessageDigest / org.bouncycastle.jcajce.provider.digest.Blake2b$Blake2b512
11:37:12.941 [main] INFO eu.europa.esig.dss.spi.DSSUtils - 	ALGORITHM: MQVWITHSHA1KDF / KeyAgreement / org.bouncycastle.jcajce.provider.asymmetric.dh.KeyAgreementSpi$MQVwithSHA1KDF
11:37:12.941 [main] INFO eu.europa.esig.dss.spi.DSSUtils - 	ALGORITHM: SHA1WITHRSAANDMGF1 / Signature / org.bouncycastle.jcajce.provider.asymmetric.rsa.PSSSignatureSpi$SHA1withRSA
11:37:12.941 [main] INFO eu.europa.esig.dss.spi.DSSUtils - 	ALGORITHM: Skein-MAC-1024-512 / KeyGenerator / org.bouncycastle.jcajce.provider.digest.Skein$SkeinMacKeyGenerator_1024_512
11:37:12.941 [main] INFO eu.europa.esig.dss.spi.DSSUtils - 	ALGORITHM: OID.1.3.6.1.5.5.7.6.31 / Signature / org.bouncycastle.jcajce.provider.asymmetric.rsa.PSSSignatureSpi$SHAKE256WithRSAPSS
11:37:12.941 [main] INFO eu.europa.esig.dss.spi.DSSUtils - 	ALGORITHM: SHAKE256WITHECDSA / Signature / org.bouncycastle.jcajce.provider.asymmetric.ec.SignatureSpi$ecDSAShake256
11:37:12.941 [main] INFO eu.europa.esig.dss.spi.DSSUtils - 	ALGORITHM: PBEWITHHMACSHA256 / Mac / org.bouncycastle.jcajce.provider.digest.SHA256$HashMac
11:37:12.941 [main] INFO eu.europa.esig.dss.spi.DSSUtils - 	ALGORITHM: OID.1.3.6.1.5.5.7.6.30 / Signature / org.bouncycastle.jcajce.provider.asymmetric.rsa.PSSSignatureSpi$SHAKE128WithRSAPSS
11:37:12.941 [main] INFO eu.europa.esig.dss.spi.DSSUtils - 	ALGORITHM: Tnepres / Cipher / org.bouncycastle.jcajce.provider.symmetric.Serpent$TECB
11:37:12.941 [main] INFO eu.europa.esig.dss.spi.DSSUtils - 	ALGORITHM: HMACRIPEMD160 / Mac / org.bouncycastle.jcajce.provider.digest.RIPEMD160$HashMac
11:37:12.941 [main] INFO eu.europa.esig.dss.spi.DSSUtils - 	ALGORITHM: EC / KeyFactory / org.bouncycastle.jcajce.provider.asymmetric.ec.KeyFactorySpi$EC
11:37:12.941 [main] INFO eu.europa.esig.dss.spi.DSSUtils - 	ALGORITHM: AES / Cipher / org.bouncycastle.jcajce.provider.symmetric.AES$ECB
11:37:12.941 [main] INFO eu.europa.esig.dss.spi.DSSUtils - 	ALGORITHM: SEED / AlgorithmParameterGenerator / org.bouncycastle.jcajce.provider.symmetric.SEED$AlgParamGen
11:37:12.941 [main] INFO eu.europa.esig.dss.spi.DSSUtils - 	ALGORITHM: HMACSHA512/256 / Mac / org.bouncycastle.jcajce.provider.digest.SHA512$HashMacT256
11:37:12.941 [main] INFO eu.europa.esig.dss.spi.DSSUtils - 	ALGORITHM: SIPHASH-2-4 / Mac / org.bouncycastle.jcajce.provider.symmetric.SipHash$Mac24
11:37:12.941 [main] INFO eu.europa.esig.dss.spi.DSSUtils - 	ALGORITHM: RC5 / Cipher / org.bouncycastle.jcajce.provider.symmetric.RC5$ECB32
11:37:12.941 [main] INFO eu.europa.esig.dss.spi.DSSUtils - 	ALGORITHM: PBKDF2 / SecretKeyFactory / org.bouncycastle.jcajce.provider.symmetric.PBEPBKDF2$PBKDF2withUTF8
11:37:12.942 [main] INFO eu.europa.esig.dss.spi.DSSUtils - 	ALGORITHM: GOST3412-2015/CFB / Cipher / org.bouncycastle.jcajce.provider.symmetric.GOST3412_2015$GCFB
11:37:12.942 [main] INFO eu.europa.esig.dss.spi.DSSUtils - 	ALGORITHM: GOST3410 / KeyPairGenerator / org.bouncycastle.jcajce.provider.asymmetric.gost.KeyPairGeneratorSpi
11:37:12.942 [main] INFO eu.europa.esig.dss.spi.DSSUtils - 	ALGORITHM: MQVWITHSHA224CKDF / KeyAgreement / org.bouncycastle.jcajce.provider.asymmetric.dh.KeyAgreementSpi$MQVwithSHA224CKDF
11:37:12.942 [main] INFO eu.europa.esig.dss.spi.DSSUtils - 	ALGORITHM: DH / KeyFactory / org.bouncycastle.jcajce.provider.asymmetric.dh.KeyFactorySpi
11:37:12.942 [main] INFO eu.europa.esig.dss.spi.DSSUtils - 	ALGORITHM: Skein-MAC-256-256 / Mac / org.bouncycastle.jcajce.provider.digest.Skein$SkeinMac_256_256
11:37:12.942 [main] INFO eu.europa.esig.dss.spi.DSSUtils - 	ALGORITHM: ECIESwithSHA512 / Cipher / org.bouncycastle.jcajce.provider.asymmetric.ec.IESCipher$ECIESwithSHA512
11:37:12.942 [main] INFO eu.europa.esig.dss.spi.DSSUtils - 	ALGORITHM: POLY1305-AES / Mac / org.bouncycastle.jcajce.provider.symmetric.AES$Poly1305
11:37:12.942 [main] INFO eu.europa.esig.dss.spi.DSSUtils - 	ALGORITHM: SHA-224 / MessageDigest / org.bouncycastle.jcajce.provider.digest.SHA224$Digest
11:37:12.942 [main] INFO eu.europa.esig.dss.spi.DSSUtils - 	ALGORITHM: X448 / KeyAgreement / org.bouncycastle.jcajce.provider.asymmetric.edec.KeyAgreementSpi$X448
11:37:12.942 [main] INFO eu.europa.esig.dss.spi.DSSUtils - 	ALGORITHM: HMACSHA3-256 / KeyGenerator / org.bouncycastle.jcajce.provider.digest.SHA3$KeyGenerator256
11:37:12.942 [main] INFO eu.europa.esig.dss.spi.DSSUtils - 	ALGORITHM: OID.2.5.8.1.1 / Cipher / org.bouncycastle.jcajce.provider.asymmetric.rsa.CipherSpi$PKCS1v1_5Padding
11:37:12.942 [main] INFO eu.europa.esig.dss.spi.DSSUtils - 	ALGORITHM: SM2WITHWHIRLPOOL / Cipher / org.bouncycastle.jcajce.provider.asymmetric.ec.GMCipherSpi$SM2withWhirlpool
11:37:12.942 [main] INFO eu.europa.esig.dss.spi.DSSUtils - 	ALGORITHM: DESEDEWRAP / Cipher / org.bouncycastle.jcajce.provider.symmetric.DESede$Wrap
11:37:12.942 [main] INFO eu.europa.esig.dss.spi.DSSUtils - 	ALGORITHM: CHACHA7539 / Cipher / org.bouncycastle.jcajce.provider.symmetric.ChaCha$Base7539
11:37:12.942 [main] INFO eu.europa.esig.dss.spi.DSSUtils - 	ALGORITHM: PBEWITHHMACSHA256 / SecretKeyFactory / org.bouncycastle.jcajce.provider.digest.SHA256$PBEWithMacKeyFactory
11:37:12.942 [main] INFO eu.europa.esig.dss.spi.DSSUtils - 	ALGORITHM: BLAKE2S-128 / MessageDigest / org.bouncycastle.jcajce.provider.digest.Blake2s$Blake2s128
11:37:12.943 [main] INFO eu.europa.esig.dss.spi.DSSUtils - 	ALGORITHM: ECMQVWITHSHA256KDF / KeyAgreement / org.bouncycastle.jcajce.provider.asymmetric.ec.KeyAgreementSpi$MQVwithSHA256KDF
11:37:12.943 [main] INFO eu.europa.esig.dss.spi.DSSUtils - 	ALGORITHM: 1.2.840.113549.1.9.16.3.10 / KeyAgreement / org.bouncycastle.jcajce.provider.asymmetric.dh.KeyAgreementSpi$DHwithRFC2631KDF
11:37:12.943 [main] INFO eu.europa.esig.dss.spi.DSSUtils - 	ALGORITHM: Skein-MAC-256-224 / Mac / org.bouncycastle.jcajce.provider.digest.Skein$SkeinMac_256_224
11:37:12.943 [main] INFO eu.europa.esig.dss.spi.DSSUtils - 	ALGORITHM: HMACDSTU7564-512 / KeyGenerator / org.bouncycastle.jcajce.provider.digest.DSTU7564$KeyGenerator512
11:37:12.943 [main] INFO eu.europa.esig.dss.spi.DSSUtils - 	ALGORITHM: HMACSkein-512-384 / KeyGenerator / org.bouncycastle.jcajce.provider.digest.Skein$HMacKeyGenerator_512_384
11:37:12.943 [main] INFO eu.europa.esig.dss.spi.DSSUtils - 	ALGORITHM: ECGOST3410-2012 / KeyPairGenerator / org.bouncycastle.jcajce.provider.asymmetric.ecgost12.KeyPairGeneratorSpi
11:37:12.943 [main] INFO eu.europa.esig.dss.spi.DSSUtils - 	ALGORITHM: PBEWITHSHAAND128BITAES-CBC-BC / Cipher / org.bouncycastle.jcajce.provider.symmetric.AES$PBEWithSHA1AESCBC128
11:37:12.943 [main] INFO eu.europa.esig.dss.spi.DSSUtils - 	ALGORITHM: TEA / AlgorithmParameters / org.bouncycastle.jcajce.provider.symmetric.TEA$AlgParams
11:37:12.943 [main] INFO eu.europa.esig.dss.spi.DSSUtils - 	ALGORITHM: SHA384WITHDDSA / Signature / org.bouncycastle.jcajce.provider.asymmetric.dsa.DSASigner$detDSA384
11:37:12.943 [main] INFO eu.europa.esig.dss.spi.DSSUtils - 	ALGORITHM: SM4 / KeyGenerator / org.bouncycastle.jcajce.provider.symmetric.SM4$KeyGen
11:37:12.943 [main] INFO eu.europa.esig.dss.spi.DSSUtils - 	ALGORITHM: 1.2.840.113533.7.66.10 / Cipher / org.bouncycastle.jcajce.provider.symmetric.CAST5$CBC
11:37:12.943 [main] INFO eu.europa.esig.dss.spi.DSSUtils - 	ALGORITHM: ECGOST3410 / Signature / org.bouncycastle.jcajce.provider.asymmetric.ecgost.SignatureSpi
11:37:12.943 [main] INFO eu.europa.esig.dss.spi.DSSUtils - 	ALGORITHM: ECCDHWITHSHA224KDF / KeyAgreement / org.bouncycastle.jcajce.provider.asymmetric.ec.KeyAgreementSpi$CDHwithSHA224KDFAndSharedInfo
11:37:12.943 [main] INFO eu.europa.esig.dss.spi.DSSUtils - 	ALGORITHM: DESEDE / SecretKeyFactory / org.bouncycastle.jcajce.provider.symmetric.DESede$KeyFactory
11:37:12.943 [main] INFO eu.europa.esig.dss.spi.DSSUtils - 	ALGORITHM: GOST3411 / MessageDigest / org.bouncycastle.jcajce.provider.digest.GOST3411$Digest
11:37:12.944 [main] INFO eu.europa.esig.dss.spi.DSSUtils - 	ALGORITHM: SHA384WITHECNR / Signature / org.bouncycastle.jcajce.provider.asymmetric.ec.SignatureSpi$ecNR384
11:37:12.944 [main] INFO eu.europa.esig.dss.spi.DSSUtils - 	ALGORITHM: ECDSA / KeyPairGenerator / org.bouncycastle.jcajce.provider.asymmetric.ec.KeyPairGeneratorSpi$ECDSA
11:37:12.944 [main] INFO eu.europa.esig.dss.spi.DSSUtils - 	ALGORITHM: ELGAMAL / KeyFactory / org.bouncycastle.jcajce.provider.asymmetric.elgamal.KeyFactorySpi
11:37:12.944 [main] INFO eu.europa.esig.dss.spi.DSSUtils - 	ALGORITHM: SHA-1 / MessageDigest / org.bouncycastle.jcajce.provider.digest.SHA1$Digest
11:37:12.944 [main] INFO eu.europa.esig.dss.spi.DSSUtils - 	ALGORITHM: ECCDHUWITHSHA1CKDF / KeyAgreement / org.bouncycastle.jcajce.provider.asymmetric.ec.KeyAgreementSpi$DHUwithSHA1CKDF
11:37:12.944 [main] INFO eu.europa.esig.dss.spi.DSSUtils - 	ALGORITHM: TLS11KDF / SecretKeyFactory / org.bouncycastle.jcajce.provider.symmetric.TLSKDF$TLS11
11:37:12.944 [main] INFO eu.europa.esig.dss.spi.DSSUtils - 	ALGORITHM: SHA1WITHECDDSA / Signature / org.bouncycastle.jcajce.provider.asymmetric.ec.SignatureSpi$ecDetDSA
11:37:12.944 [main] INFO eu.europa.esig.dss.spi.DSSUtils - 	ALGORITHM: ECDH / KeyPairGenerator / org.bouncycastle.jcajce.provider.asymmetric.ec.KeyPairGeneratorSpi$ECDH
11:37:12.944 [main] INFO eu.europa.esig.dss.spi.DSSUtils - 	ALGORITHM: SIPHASH128-2-4 / Mac / org.bouncycastle.jcajce.provider.symmetric.SipHash128$Mac24
11:37:12.944 [main] INFO eu.europa.esig.dss.spi.DSSUtils - 	ALGORITHM: ECGOST3410 / AlgorithmParameters / org.bouncycastle.jcajce.provider.asymmetric.ec.AlgorithmParametersSpi
11:37:12.944 [main] INFO eu.europa.esig.dss.spi.DSSUtils - 	ALGORITHM: SHA-256 / MessageDigest / org.bouncycastle.jcajce.provider.digest.SHA256$Digest
11:37:12.944 [main] INFO eu.europa.esig.dss.spi.DSSUtils - 	ALGORITHM: SHA1WITHDETDSA / Signature / org.bouncycastle.jcajce.provider.asymmetric.dsa.DSASigner$detDSA
11:37:12.944 [main] INFO eu.europa.esig.dss.spi.DSSUtils - 	ALGORITHM: HMACRIPEMD128 / Mac / org.bouncycastle.jcajce.provider.digest.RIPEMD128$HashMac
11:37:12.944 [main] INFO eu.europa.esig.dss.spi.DSSUtils - 	ALGORITHM: RIPEMD160withRSA/ISO9796-2 / Signature / org.bouncycastle.jcajce.provider.asymmetric.rsa.ISOSignatureSpi$RIPEMD160WithRSAEncryption
11:37:12.945 [main] INFO eu.europa.esig.dss.spi.DSSUtils - 	ALGORITHM: POLY1305-ARIA / KeyGenerator / org.bouncycastle.jcajce.provider.symmetric.ARIA$Poly1305KeyGen
11:37:12.945 [main] INFO eu.europa.esig.dss.spi.DSSUtils - 	ALGORITHM: SIPHASH-4-8 / Mac / org.bouncycastle.jcajce.provider.symmetric.SipHash$Mac48
11:37:12.946 [main] INFO eu.europa.esig.dss.spi.DSSUtils - 	ALGORITHM: RIPEMD320 / MessageDigest / org.bouncycastle.jcajce.provider.digest.RIPEMD320$Digest
11:37:12.947 [main] INFO eu.europa.esig.dss.spi.DSSUtils - 	ALGORITHM: GOST3412-2015/CBC / Cipher / org.bouncycastle.jcajce.provider.symmetric.GOST3412_2015$CBC
11:37:12.947 [main] INFO eu.europa.esig.dss.spi.DSSUtils - 	ALGORITHM: X448 / KeyFactory / org.bouncycastle.jcajce.provider.asymmetric.edec.KeyFactorySpi$X448
11:37:12.947 [main] INFO eu.europa.esig.dss.spi.DSSUtils - 	ALGORITHM: SERPENT-GMAC / KeyGenerator / org.bouncycastle.jcajce.provider.symmetric.Serpent$KeyGen
11:37:12.948 [main] INFO eu.europa.esig.dss.spi.DSSUtils - 	ALGORITHM: 1.2.410.200046.1.1.8 / Cipher / org.bouncycastle.jcajce.provider.symmetric.ARIA$CFB
11:37:12.948 [main] INFO eu.europa.esig.dss.spi.DSSUtils - 	ALGORITHM: 1.2.410.200046.1.1.7 / Cipher / org.bouncycastle.jcajce.provider.symmetric.ARIA$CBC
11:37:12.948 [main] INFO eu.europa.esig.dss.spi.DSSUtils - 	ALGORITHM: 1.2.410.200046.1.1.9 / Cipher / org.bouncycastle.jcajce.provider.symmetric.ARIA$OFB
11:37:12.948 [main] INFO eu.europa.esig.dss.spi.DSSUtils - 	ALGORITHM: SIPHASH128 / KeyGenerator / org.bouncycastle.jcajce.provider.symmetric.SipHash128$KeyGen
11:37:12.948 [main] INFO eu.europa.esig.dss.spi.DSSUtils - 	ALGORITHM: PBKDF2WITHASCII / SecretKeyFactory / org.bouncycastle.jcajce.provider.symmetric.PBEPBKDF2$PBKDF2with8BIT
11:37:12.948 [main] INFO eu.europa.esig.dss.spi.DSSUtils - 	ALGORITHM: 1.2.410.200046.1.1.2 / Cipher / org.bouncycastle.jcajce.provider.symmetric.ARIA$CBC
11:37:12.948 [main] INFO eu.europa.esig.dss.spi.DSSUtils - 	ALGORITHM: 1.2.410.200046.1.1.1 / Cipher / org.bouncycastle.jcajce.provider.symmetric.ARIA$ECB
11:37:12.948 [main] INFO eu.europa.esig.dss.spi.DSSUtils - 	ALGORITHM: RSA/PKCS1 / Cipher / org.bouncycastle.jcajce.provider.asymmetric.rsa.CipherSpi$PKCS1v1_5Padding
11:37:12.948 [main] INFO eu.europa.esig.dss.spi.DSSUtils - 	ALGORITHM: 1.2.410.200046.1.1.4 / Cipher / org.bouncycastle.jcajce.provider.symmetric.ARIA$OFB
11:37:12.948 [main] INFO eu.europa.esig.dss.spi.DSSUtils - 	ALGORITHM: SERPENT-GMAC / Mac / org.bouncycastle.jcajce.provider.symmetric.Serpent$SerpentGMAC
11:37:12.948 [main] INFO eu.europa.esig.dss.spi.DSSUtils - 	ALGORITHM: PBEWITHHMACSHA / Mac / org.bouncycastle.jcajce.provider.digest.SHA1$SHA1Mac
11:37:12.948 [main] INFO eu.europa.esig.dss.spi.DSSUtils - 	ALGORITHM: 1.2.410.200046.1.1.3 / Cipher / org.bouncycastle.jcajce.provider.symmetric.ARIA$CFB
11:37:12.948 [main] INFO eu.europa.esig.dss.spi.DSSUtils - 	ALGORITHM: 1.2.410.200046.1.1.6 / Cipher / org.bouncycastle.jcajce.provider.symmetric.ARIA$ECB
11:37:12.948 [main] INFO eu.europa.esig.dss.spi.DSSUtils - 	ALGORITHM: POLY1305-Twofish / KeyGenerator / org.bouncycastle.jcajce.provider.symmetric.Twofish$Poly1305KeyGen
11:37:12.948 [main] INFO eu.europa.esig.dss.spi.DSSUtils - 	ALGORITHM: ECGOST3410-2012 / AlgorithmParameters / org.bouncycastle.jcajce.provider.asymmetric.ec.AlgorithmParametersSpi
11:37:12.948 [main] INFO eu.europa.esig.dss.spi.DSSUtils - 	ALGORITHM: DHIES / Cipher / org.bouncycastle.jcajce.provider.asymmetric.dh.IESCipher$IES
11:37:12.948 [main] INFO eu.europa.esig.dss.spi.DSSUtils - 	ALGORITHM: SHA3-384WITHRSAANDMGF1 / Signature / org.bouncycastle.jcajce.provider.asymmetric.rsa.PSSSignatureSpi$SHA3_384withRSA
11:37:12.948 [main] INFO eu.europa.esig.dss.spi.DSSUtils - 	ALGORITHM: SHA3-384WITHECDSA / Signature / org.bouncycastle.jcajce.provider.asymmetric.ec.SignatureSpi$ecDSASha3_384
11:37:12.948 [main] INFO eu.europa.esig.dss.spi.DSSUtils - 	ALGORITHM: Skein-512-512 / MessageDigest / org.bouncycastle.jcajce.provider.digest.Skein$Digest_512_512
11:37:12.948 [main] INFO eu.europa.esig.dss.spi.DSSUtils - 	ALGORITHM: SHA3-512WITHECDDSA / Signature / org.bouncycastle.jcajce.provider.asymmetric.ec.SignatureSpi$ecDetDSASha3_512
11:37:12.949 [main] INFO eu.europa.esig.dss.spi.DSSUtils - 	ALGORITHM: 1.2.840.113549.1.9.16.3.6 / Cipher / org.bouncycastle.jcajce.provider.symmetric.DESede$Wrap
11:37:12.950 [main] INFO eu.europa.esig.dss.spi.DSSUtils - 	ALGORITHM: HMACKECCAK288 / Mac / org.bouncycastle.jcajce.provider.digest.Keccak$HashMac288
11:37:12.950 [main] INFO eu.europa.esig.dss.spi.DSSUtils - 	ALGORITHM: RC2WRAP / Cipher / org.bouncycastle.jcajce.provider.symmetric.RC2$Wrap
11:37:12.950 [main] INFO eu.europa.esig.dss.spi.DSSUtils - 	ALGORITHM: PBEWITHHMACTIGER / SecretKeyFactory / org.bouncycastle.jcajce.provider.digest.Tiger$PBEWithMacKeyFactory
11:37:12.950 [main] INFO eu.europa.esig.dss.spi.DSSUtils - 	ALGORITHM: SALSA20 / Cipher / org.bouncycastle.jcajce.provider.symmetric.Salsa20$Base
11:37:12.950 [main] INFO eu.europa.esig.dss.spi.DSSUtils - 	ALGORITHM: OID.1.2.804.2.1.1.1.1.1.3.5.1 / AlgorithmParameterGenerator / org.bouncycastle.jcajce.provider.symmetric.DSTU7624$AlgParamGen128
11:37:12.950 [main] INFO eu.europa.esig.dss.spi.DSSUtils - 	ALGORITHM: OID.1.2.804.2.1.1.1.1.1.3.5.2 / AlgorithmParameterGenerator / org.bouncycastle.jcajce.provider.symmetric.DSTU7624$AlgParamGen256
11:37:12.951 [main] INFO eu.europa.esig.dss.spi.DSSUtils - 	ALGORITHM: OID.1.2.804.2.1.1.1.1.1.3.5.3 / AlgorithmParameterGenerator / org.bouncycastle.jcajce.provider.symmetric.DSTU7624$AlgParamGen512
11:37:12.951 [main] INFO eu.europa.esig.dss.spi.DSSUtils - 	ALGORITHM: ECMQV / KeyPairGenerator / org.bouncycastle.jcajce.provider.asymmetric.ec.KeyPairGeneratorSpi$ECMQV
11:37:12.951 [main] INFO eu.europa.esig.dss.spi.DSSUtils - 	ALGORITHM: HMACSkein-256-128 / Mac / org.bouncycastle.jcajce.provider.digest.Skein$HashMac_256_128
11:37:12.951 [main] INFO eu.europa.esig.dss.spi.DSSUtils - 	ALGORITHM: SM2WITHMD5 / Cipher / org.bouncycastle.jcajce.provider.asymmetric.ec.GMCipherSpi$SM2withMD5
11:37:12.951 [main] INFO eu.europa.esig.dss.spi.DSSUtils - 	ALGORITHM: GOST3410 / KeyFactory / org.bouncycastle.jcajce.provider.asymmetric.gost.KeyFactorySpi
11:37:12.951 [main] INFO eu.europa.esig.dss.spi.DSSUtils - 	ALGORITHM: SM2WITHBLAKE2S / Cipher / org.bouncycastle.jcajce.provider.asymmetric.ec.GMCipherSpi$SM2withBlake2s
11:37:12.951 [main] INFO eu.europa.esig.dss.spi.DSSUtils - 	ALGORITHM: RAWRSASSA-PSS / Signature / org.bouncycastle.jcajce.provider.asymmetric.rsa.PSSSignatureSpi$nonePSS
11:37:12.951 [main] INFO eu.europa.esig.dss.spi.DSSUtils - 	ALGORITHM: LDAP / CertStore / org.bouncycastle.jce.provider.X509LDAPCertStoreSpi
11:37:12.951 [main] INFO eu.europa.esig.dss.spi.DSSUtils - 	ALGORITHM: 1.2.392.200011.61.1.1.1.3 / Cipher / org.bouncycastle.jcajce.provider.symmetric.Camellia$CBC
11:37:12.951 [main] INFO eu.europa.esig.dss.spi.DSSUtils - 	ALGORITHM: 1.2.392.200011.61.1.1.1.2 / Cipher / org.bouncycastle.jcajce.provider.symmetric.Camellia$CBC
11:37:12.951 [main] INFO eu.europa.esig.dss.spi.DSSUtils - 	ALGORITHM: DES / KeyFactory / null
11:37:12.951 [main] INFO eu.europa.esig.dss.spi.DSSUtils - 	ALGORITHM: 1.2.392.200011.61.1.1.1.4 / Cipher / org.bouncycastle.jcajce.provider.symmetric.Camellia$CBC
11:37:12.951 [main] INFO eu.europa.esig.dss.spi.DSSUtils - 	ALGORITHM: X.509 / CertificateFactory / org.bouncycastle.jcajce.provider.asymmetric.x509.CertificateFactory
11:37:12.951 [main] INFO eu.europa.esig.dss.spi.DSSUtils - 	ALGORITHM: 1.2.804.2.1.1.1.1.1.3.10.3 / KeyGenerator / org.bouncycastle.jcajce.provider.symmetric.DSTU7624$KeyGen512
11:37:12.951 [main] INFO eu.europa.esig.dss.spi.DSSUtils - 	ALGORITHM: 1.2.804.2.1.1.1.1.1.3.10.2 / KeyGenerator / org.bouncycastle.jcajce.provider.symmetric.DSTU7624$KeyGen256
11:37:12.951 [main] INFO eu.europa.esig.dss.spi.DSSUtils - 	ALGORITHM: ECDSA / Signature / org.bouncycastle.jcajce.provider.asymmetric.ec.SignatureSpi$ecDSA
11:37:12.951 [main] INFO eu.europa.esig.dss.spi.DSSUtils - 	ALGORITHM: HC256 / Cipher / org.bouncycastle.jcajce.provider.symmetric.HC256$Base
11:37:12.951 [main] INFO eu.europa.esig.dss.spi.DSSUtils - 	ALGORITHM: 1.2.804.2.1.1.1.1.1.3.10.1 / KeyGenerator / org.bouncycastle.jcajce.provider.symmetric.DSTU7624$KeyGen128
11:37:12.951 [main] INFO eu.europa.esig.dss.spi.DSSUtils - 	ALGORITHM: SHA3-384 / MessageDigest / org.bouncycastle.jcajce.provider.digest.SHA3$Digest384
11:37:12.951 [main] INFO eu.europa.esig.dss.spi.DSSUtils - 	ALGORITHM: SM2 / KeyPairGenerator / org.bouncycastle.jcajce.provider.asymmetric.ec.GMKeyPairGeneratorSpi$SM2
11:37:12.951 [main] INFO eu.europa.esig.dss.spi.DSSUtils - 	ALGORITHM: DSA / KeyFactory / org.bouncycastle.jcajce.provider.asymmetric.dsa.KeyFactorySpi
11:37:12.951 [main] INFO eu.europa.esig.dss.spi.DSSUtils - 	ALGORITHM: SHA1WITHRSA / Signature / org.bouncycastle.jcajce.provider.asymmetric.rsa.DigestSignatureSpi$SHA1
11:37:12.951 [main] INFO eu.europa.esig.dss.spi.DSSUtils - 	ALGORITHM: OID.1.2.804.2.1.1.1.1.1.3.3.1 / Cipher / org.bouncycastle.jcajce.provider.symmetric.DSTU7624$CFB128
11:37:12.951 [main] INFO eu.europa.esig.dss.spi.DSSUtils - 	ALGORITHM: SM2WITHSHA512 / Cipher / org.bouncycastle.jcajce.provider.asymmetric.ec.GMCipherSpi$SM2withSha512
11:37:12.952 [main] INFO eu.europa.esig.dss.spi.DSSUtils - 	ALGORITHM: OID.1.2.804.2.1.1.1.1.1.3.3.2 / Cipher / org.bouncycastle.jcajce.provider.symmetric.DSTU7624$CFB256
11:37:12.952 [main] INFO eu.europa.esig.dss.spi.DSSUtils - 	ALGORITHM: PBEWITHMD5ANDDES / SecretKeyFactory / org.bouncycastle.jcajce.provider.symmetric.DES$PBEWithMD5KeyFactory
11:37:12.952 [main] INFO eu.europa.esig.dss.spi.DSSUtils - 	ALGORITHM: OID.1.2.804.2.1.1.1.1.1.3.3.3 / Cipher / org.bouncycastle.jcajce.provider.symmetric.DSTU7624$CFB512
11:37:12.952 [main] INFO eu.europa.esig.dss.spi.DSSUtils - 	ALGORITHM: SHA384WITHECDDSA / Signature / org.bouncycastle.jcajce.provider.asymmetric.ec.SignatureSpi$ecDetDSA384
11:37:12.952 [main] INFO eu.europa.esig.dss.spi.DSSUtils - 	ALGORITHM: DSTU7624 / Cipher / org.bouncycastle.jcajce.provider.symmetric.DSTU7624$ECB_128
11:37:12.952 [main] INFO eu.europa.esig.dss.spi.DSSUtils - 	ALGORITHM: ATTRIBUTECERTIFICATE / X509StreamParser / org.bouncycastle.jce.provider.X509AttrCertParser
11:37:12.952 [main] INFO eu.europa.esig.dss.spi.DSSUtils - 	ALGORITHM: MD5WITHRSA/ISO9796-2 / Signature / org.bouncycastle.jcajce.provider.asymmetric.rsa.ISOSignatureSpi$MD5WithRSAEncryption
11:37:12.952 [main] INFO eu.europa.esig.dss.spi.DSSUtils - 	ALGORITHM: ECCDHWITHSHA256CKDF / KeyAgreement / org.bouncycastle.jcajce.provider.asymmetric.ec.KeyAgreementSpi$DHwithSHA256CKDF
11:37:12.952 [main] INFO eu.europa.esig.dss.spi.DSSUtils - 	ALGORITHM: TLS12WITHSHA512KDF / SecretKeyFactory / org.bouncycastle.jcajce.provider.symmetric.TLSKDF$TLS12withSHA512
11:37:12.952 [main] INFO eu.europa.esig.dss.spi.DSSUtils - 	ALGORITHM: ECCDHUWITHSHA256KDF / KeyAgreement / org.bouncycastle.jcajce.provider.asymmetric.ec.KeyAgreementSpi$DHUwithSHA256KDF
11:37:12.952 [main] INFO eu.europa.esig.dss.spi.DSSUtils - 	ALGORITHM: ECIES / KeyPairGenerator / org.bouncycastle.jcajce.provider.asymmetric.ec.KeyPairGeneratorSpi$ECDH
11:37:12.952 [main] INFO eu.europa.esig.dss.spi.DSSUtils - 	ALGORITHM: VMPCMAC / Mac / org.bouncycastle.jcajce.provider.symmetric.VMPC$Mac
11:37:12.952 [main] INFO eu.europa.esig.dss.spi.DSSUtils - 	ALGORITHM: HMACSHA512/224 / KeyGenerator / org.bouncycastle.jcajce.provider.digest.SHA512$KeyGeneratorT224
11:37:12.952 [main] INFO eu.europa.esig.dss.spi.DSSUtils - 	ALGORITHM: HMACRIPEMD320 / Mac / org.bouncycastle.jcajce.provider.digest.RIPEMD320$HashMac
11:37:12.952 [main] INFO eu.europa.esig.dss.spi.DSSUtils - 	ALGORITHM: DSTU7624-128GMAC / Mac / org.bouncycastle.jcajce.provider.symmetric.DSTU7624$GMAC128
11:37:12.952 [main] INFO eu.europa.esig.dss.spi.DSSUtils - 	ALGORITHM: DSTU7624-256GMAC / Mac / org.bouncycastle.jcajce.provider.symmetric.DSTU7624$GMAC256
11:37:12.952 [main] INFO eu.europa.esig.dss.spi.DSSUtils - 	ALGORITHM: DSTU7624-512GMAC / Mac / org.bouncycastle.jcajce.provider.symmetric.DSTU7624$GMAC512
11:37:12.953 [main] INFO eu.europa.esig.dss.spi.DSSUtils - 	ALGORITHM: ZUC-256 / Mac / org.bouncycastle.jcajce.provider.symmetric.Zuc$ZucMac256
11:37:12.953 [main] INFO eu.europa.esig.dss.spi.DSSUtils - 	ALGORITHM: POLY1305-CAST6 / KeyGenerator / org.bouncycastle.jcajce.provider.symmetric.CAST6$Poly1305KeyGen
11:37:12.953 [main] INFO eu.europa.esig.dss.spi.DSSUtils - 	ALGORITHM: X448WITHSHA256CKDF / KeyAgreement / org.bouncycastle.jcajce.provider.asymmetric.edec.KeyAgreementSpi$X448withSHA256CKDF
11:37:12.953 [main] INFO eu.europa.esig.dss.spi.DSSUtils - 	ALGORITHM: SPHINCSPLUS / AlgorithmParameters / null
11:37:12.954 [main] INFO eu.europa.esig.dss.spi.DSSUtils - 	ALGORITHM: HMACKECCAK384 / KeyGenerator / org.bouncycastle.jcajce.provider.digest.Keccak$KeyGenerator384
11:37:12.954 [main] INFO eu.europa.esig.dss.spi.DSSUtils - 	ALGORITHM: HMACKECCAK256 / Mac / org.bouncycastle.jcajce.provider.digest.Keccak$HashMac256
11:37:12.954 [main] INFO eu.europa.esig.dss.spi.DSSUtils - 	ALGORITHM: LMS / Signature / org.bouncycastle.pqc.jcajce.provider.lms.LMSSignatureSpi$generic
11:37:12.954 [main] INFO eu.europa.esig.dss.spi.DSSUtils - 	ALGORITHM: TUPLEHASH256-512 / MessageDigest / org.bouncycastle.jcajce.provider.digest.SHA3$DigestTupleHash256_512
11:37:12.954 [main] INFO eu.europa.esig.dss.spi.DSSUtils - 	ALGORITHM: RMD128WITHRSA / Signature / org.bouncycastle.jcajce.provider.asymmetric.rsa.DigestSignatureSpi$RIPEMD128
11:37:12.954 [main] INFO eu.europa.esig.dss.spi.DSSUtils - 	ALGORITHM: GOST3412-2015/CFB8 / Cipher / org.bouncycastle.jcajce.provider.symmetric.GOST3412_2015$GCFB8
11:37:12.954 [main] INFO eu.europa.esig.dss.spi.DSSUtils - 	ALGORITHM: 1.2.804.2.1.1.1.1.1.3.8.1 / Cipher / org.bouncycastle.jcajce.provider.symmetric.DSTU7624$CCM128
11:37:12.955 [main] INFO eu.europa.esig.dss.spi.DSSUtils - 	ALGORITHM: 1.2.804.2.1.1.1.1.1.3.8.3 / Cipher / org.bouncycastle.jcajce.provider.symmetric.DSTU7624$CCM512
11:37:12.955 [main] INFO eu.europa.esig.dss.spi.DSSUtils - 	ALGORITHM: HMACSM3 / KeyGenerator / org.bouncycastle.jcajce.provider.digest.SM3$KeyGenerator
11:37:12.955 [main] INFO eu.europa.esig.dss.spi.DSSUtils - 	ALGORITHM: 1.2.804.2.1.1.1.1.1.3.8.2 / Cipher / org.bouncycastle.jcajce.provider.symmetric.DSTU7624$CCM256
11:37:12.955 [main] INFO eu.europa.esig.dss.spi.DSSUtils - 	ALGORITHM: 2.16.840.1.101.3.4.1.44 / KeyGenerator / org.bouncycastle.jcajce.provider.symmetric.AES$KeyGen256
11:37:12.955 [main] INFO eu.europa.esig.dss.spi.DSSUtils - 	ALGORITHM: 2.16.840.1.101.3.4.1.45 / KeyGenerator / org.bouncycastle.jcajce.provider.symmetric.AES$KeyGen256
11:37:12.955 [main] INFO eu.europa.esig.dss.spi.DSSUtils - 	ALGORITHM: 2.16.840.1.101.3.4.1.42 / KeyGenerator / org.bouncycastle.jcajce.provider.symmetric.AES$KeyGen256
11:37:12.955 [main] INFO eu.europa.esig.dss.spi.DSSUtils - 	ALGORITHM: 2.16.840.1.101.3.4.1.43 / KeyGenerator / org.bouncycastle.jcajce.provider.symmetric.AES$KeyGen256
11:37:12.955 [main] INFO eu.europa.esig.dss.spi.DSSUtils - 	ALGORITHM: 2.16.840.1.101.3.4.1.41 / KeyGenerator / org.bouncycastle.jcajce.provider.symmetric.AES$KeyGen256
11:37:12.955 [main] INFO eu.europa.esig.dss.spi.DSSUtils - 	ALGORITHM: PBEWITHSHA1ANDDES / SecretKeyFactory / org.bouncycastle.jcajce.provider.symmetric.DES$PBEWithSHA1KeyFactory
11:37:12.956 [main] INFO eu.europa.esig.dss.spi.DSSUtils - 	ALGORITHM: Skein-MAC-1024-1024 / KeyGenerator / org.bouncycastle.jcajce.provider.digest.Skein$SkeinMacKeyGenerator_1024_1024
11:37:12.956 [main] INFO eu.europa.esig.dss.spi.DSSUtils - 	ALGORITHM: 1.3.6.1.4.1.11591.13.2.41 / Cipher / org.bouncycastle.jcajce.provider.symmetric.Serpent$ECB
11:37:12.956 [main] INFO eu.europa.esig.dss.spi.DSSUtils - 	ALGORITHM: 1.3.6.1.4.1.11591.13.2.42 / Cipher / org.bouncycastle.jcajce.provider.symmetric.Serpent$CBC
11:37:12.956 [main] INFO eu.europa.esig.dss.spi.DSSUtils - 	ALGORITHM: HMACGOST3411-2012-512 / Mac / org.bouncycastle.jcajce.provider.digest.GOST3411$HashMac2012_512
11:37:12.956 [main] INFO eu.europa.esig.dss.spi.DSSUtils - 	ALGORITHM: 1.3.6.1.4.1.11591.13.2.43 / Cipher / org.bouncycastle.jcajce.provider.symmetric.Serpent$OFB
11:37:12.957 [main] INFO eu.europa.esig.dss.spi.DSSUtils - 	ALGORITHM: HC256 / KeyGenerator / org.bouncycastle.jcajce.provider.symmetric.HC256$KeyGen
11:37:12.957 [main] INFO eu.europa.esig.dss.spi.DSSUtils - 	ALGORITHM: 1.3.6.1.4.1.11591.13.2.44 / Cipher / org.bouncycastle.jcajce.provider.symmetric.Serpent$CFB
11:37:12.957 [main] INFO eu.europa.esig.dss.spi.DSSUtils - 	ALGORITHM: SKIPJACK / KeyGenerator / org.bouncycastle.jcajce.provider.symmetric.Skipjack$KeyGen
11:37:12.957 [main] INFO eu.europa.esig.dss.spi.DSSUtils - 	ALGORITHM: PBEWITHSHA256AND256BITAES-CBC-BC / Cipher / org.bouncycastle.jcajce.provider.symmetric.AES$PBEWithSHA256AESCBC256
11:37:12.957 [main] INFO eu.europa.esig.dss.spi.DSSUtils - 	ALGORITHM: SEED / AlgorithmParameters / org.bouncycastle.jcajce.provider.symmetric.SEED$AlgParams
11:37:12.957 [main] INFO eu.europa.esig.dss.spi.DSSUtils - 	ALGORITHM: DESMAC64 / Mac / org.bouncycastle.jcajce.provider.symmetric.DES$DES64
11:37:12.957 [main] INFO eu.europa.esig.dss.spi.DSSUtils - 	ALGORITHM: ECMQVWITHSHA512KDF / KeyAgreement / org.bouncycastle.jcajce.provider.asymmetric.ec.KeyAgreementSpi$MQVwithSHA512KDF
11:37:12.957 [main] INFO eu.europa.esig.dss.spi.DSSUtils - 	ALGORITHM: LMS / KeyFactory / org.bouncycastle.pqc.jcajce.provider.lms.LMSKeyFactorySpi
11:37:12.957 [main] INFO eu.europa.esig.dss.spi.DSSUtils - 	ALGORITHM: ARIAGCM / Cipher / org.bouncycastle.jcajce.provider.symmetric.ARIA$GCM
11:37:12.957 [main] INFO eu.europa.esig.dss.spi.DSSUtils - 	ALGORITHM: 1.3.6.1.4.1.11591.13.2.1 / Cipher / org.bouncycastle.jcajce.provider.symmetric.Serpent$ECB
11:37:12.957 [main] INFO eu.europa.esig.dss.spi.DSSUtils - 	ALGORITHM: 1.3.6.1.4.1.11591.13.2.3 / Cipher / org.bouncycastle.jcajce.provider.symmetric.Serpent$OFB
11:37:12.957 [main] INFO eu.europa.esig.dss.spi.DSSUtils - 	ALGORITHM: 1.3.6.1.4.1.11591.13.2.2 / Cipher / org.bouncycastle.jcajce.provider.symmetric.Serpent$CBC
11:37:12.957 [main] INFO eu.europa.esig.dss.spi.DSSUtils - 	ALGORITHM: 1.3.6.1.4.1.11591.13.2.4 / Cipher / org.bouncycastle.jcajce.provider.symmetric.Serpent$CFB
11:37:12.957 [main] INFO eu.europa.esig.dss.spi.DSSUtils - 	ALGORITHM: OID.0.4.0.127.0.7.1.1.5.1.1.1 / KeyAgreement / org.bouncycastle.jcajce.provider.asymmetric.ec.KeyAgreementSpi$ECKAEGwithSHA1KDF
11:37:12.957 [main] INFO eu.europa.esig.dss.spi.DSSUtils - 	ALGORITHM: OID.0.4.0.127.0.7.1.1.5.1.1.2 / KeyAgreement / org.bouncycastle.jcajce.provider.asymmetric.ec.KeyAgreementSpi$ECKAEGwithSHA224KDF
11:37:12.957 [main] INFO eu.europa.esig.dss.spi.DSSUtils - 	ALGORITHM: 2.16.840.1.101.3.4.1.48 / KeyGenerator / org.bouncycastle.jcajce.provider.symmetric.AES$KeyGen256
11:37:12.957 [main] INFO eu.europa.esig.dss.spi.DSSUtils - 	ALGORITHM: OID.0.4.0.127.0.7.1.1.5.1.1.3 / KeyAgreement / org.bouncycastle.jcajce.provider.asymmetric.ec.KeyAgreementSpi$ECKAEGwithSHA256KDF
11:37:12.958 [main] INFO eu.europa.esig.dss.spi.DSSUtils - 	ALGORITHM: OID.0.4.0.127.0.7.1.1.5.1.1.4 / KeyAgreement / org.bouncycastle.jcajce.provider.asymmetric.ec.KeyAgreementSpi$ECKAEGwithSHA384KDF
11:37:12.963 [main] INFO eu.europa.esig.dss.spi.DSSUtils - 	ALGORITHM: 2.16.840.1.101.3.4.1.46 / KeyGenerator / org.bouncycastle.jcajce.provider.symmetric.AES$KeyGen256
11:37:12.963 [main] INFO eu.europa.esig.dss.spi.DSSUtils - 	ALGORITHM: OID.0.4.0.127.0.7.1.1.5.1.1.5 / KeyAgreement / org.bouncycastle.jcajce.provider.asymmetric.ec.KeyAgreementSpi$ECKAEGwithSHA512KDF
11:37:12.963 [main] INFO eu.europa.esig.dss.spi.DSSUtils - 	ALGORITHM: 2.16.840.1.101.3.4.1.47 / KeyGenerator / org.bouncycastle.jcajce.provider.symmetric.AES$KeyGen256
11:37:12.963 [main] INFO eu.europa.esig.dss.spi.DSSUtils - 	ALGORITHM: OID.1.3.6.1.4.1.3029.1.1.2 / Cipher / org.bouncycastle.jcajce.provider.symmetric.Blowfish$CBC
11:37:12.963 [main] INFO eu.europa.esig.dss.spi.DSSUtils - 	ALGORITHM: OID.0.4.0.127.0.7.1.1.5.1.1.6 / KeyAgreement / org.bouncycastle.jcajce.provider.asymmetric.ec.KeyAgreementSpi$ECKAEGwithRIPEMD160KDF
11:37:12.963 [main] INFO eu.europa.esig.dss.spi.DSSUtils - 	ALGORITHM: OID.2.16.840.1.101.3.4.1.23 / Cipher / org.bouncycastle.jcajce.provider.symmetric.AES$OFB
11:37:12.963 [main] INFO eu.europa.esig.dss.spi.DSSUtils - 	ALGORITHM: 2.16.840.1.101.3.4.1.22 / KeyGenerator / org.bouncycastle.jcajce.provider.symmetric.AES$KeyGen192
11:37:12.963 [main] INFO eu.europa.esig.dss.spi.DSSUtils - 	ALGORITHM: OID.2.16.840.1.101.3.4.1.24 / Cipher / org.bouncycastle.jcajce.provider.symmetric.AES$CFB
11:37:12.963 [main] INFO eu.europa.esig.dss.spi.DSSUtils - 	ALGORITHM: 2.16.840.1.101.3.4.1.23 / KeyGenerator / org.bouncycastle.jcajce.provider.symmetric.AES$KeyGen192
11:37:12.964 [main] INFO eu.europa.esig.dss.spi.DSSUtils - 	ALGORITHM: GCM / Cipher / org.bouncycastle.jcajce.provider.symmetric.AES$GCM
11:37:12.964 [main] INFO eu.europa.esig.dss.spi.DSSUtils - 	ALGORITHM: 2.16.840.1.101.3.4.1.21 / KeyGenerator / org.bouncycastle.jcajce.provider.symmetric.AES$KeyGen192
11:37:12.964 [main] INFO eu.europa.esig.dss.spi.DSSUtils - 	ALGORITHM: TLS12WITHSHA256KDF / SecretKeyFactory / org.bouncycastle.jcajce.provider.symmetric.TLSKDF$TLS12withSHA256
11:37:12.964 [main] INFO eu.europa.esig.dss.spi.DSSUtils - 	ALGORITHM: OID.2.16.840.1.101.3.4.1.21 / Cipher / org.bouncycastle.jcajce.provider.symmetric.AES$ECB
11:37:12.964 [main] INFO eu.europa.esig.dss.spi.DSSUtils - 	ALGORITHM: OID.2.16.840.1.101.3.4.1.22 / Cipher / org.bouncycastle.jcajce.provider.symmetric.AES$CBC
11:37:12.964 [main] INFO eu.europa.esig.dss.spi.DSSUtils - 	ALGORITHM: CCM / Cipher / org.bouncycastle.jcajce.provider.symmetric.AES$CCM
11:37:12.964 [main] INFO eu.europa.esig.dss.spi.DSSUtils - 	ALGORITHM: AESWRAPPAD / Cipher / org.bouncycastle.jcajce.provider.symmetric.AES$WrapPad
11:37:12.964 [main] INFO eu.europa.esig.dss.spi.DSSUtils - 	ALGORITHM: PBKDF1 / AlgorithmParameters / org.bouncycastle.jcajce.provider.symmetric.PBEPBKDF1$AlgParams
11:37:12.964 [main] INFO eu.europa.esig.dss.spi.DSSUtils - 	ALGORITHM: PBEWITHSHAAND3-KEYTRIPLEDES-CBC / SecretKeyFactory / org.bouncycastle.jcajce.provider.symmetric.DESede$PBEWithSHAAndDES3KeyFactory
11:37:12.964 [main] INFO eu.europa.esig.dss.spi.DSSUtils - 	ALGORITHM: PBEWITHSHAAND128BITAES-CBC-BC / SecretKeyFactory / org.bouncycastle.jcajce.provider.symmetric.AES$PBEWithSHAAnd128BitAESBC
11:37:12.964 [main] INFO eu.europa.esig.dss.spi.DSSUtils - 	ALGORITHM: PBEWITHHMACRIPEMD160 / Mac / org.bouncycastle.jcajce.provider.digest.RIPEMD160$PBEWithHmac
11:37:12.964 [main] INFO eu.europa.esig.dss.spi.DSSUtils - 	ALGORITHM: PBEWITHMD5AND192BITAES-CBC-OPENSSL / Cipher / org.bouncycastle.jcajce.provider.symmetric.AES$PBEWithAESCBC
11:37:12.964 [main] INFO eu.europa.esig.dss.spi.DSSUtils - 	ALGORITHM: OAEP / AlgorithmParameters / org.bouncycastle.jcajce.provider.asymmetric.rsa.AlgorithmParametersSpi$OAEP
11:37:12.964 [main] INFO eu.europa.esig.dss.spi.DSSUtils - 	ALGORITHM: SHA3-256WITHRSAANDMGF1 / Signature / org.bouncycastle.jcajce.provider.asymmetric.rsa.PSSSignatureSpi$SHA3_256withRSA
11:37:12.964 [main] INFO eu.europa.esig.dss.spi.DSSUtils - 	ALGORITHM: CHACHA20-POLY1305 / Cipher / org.bouncycastle.jcajce.provider.symmetric.ChaCha$BaseCC20P1305
11:37:12.964 [main] INFO eu.europa.esig.dss.spi.DSSUtils - 	ALGORITHM: RC2 / AlgorithmParameterGenerator / org.bouncycastle.jcajce.provider.symmetric.RC2$AlgParamGen
11:37:12.964 [main] INFO eu.europa.esig.dss.spi.DSSUtils - 	ALGORITHM: X448 / KeyPairGenerator / org.bouncycastle.jcajce.provider.asymmetric.edec.KeyPairGeneratorSpi$X448
11:37:12.964 [main] INFO eu.europa.esig.dss.spi.DSSUtils - 	ALGORITHM: ATTRIBUTECERTIFICATE/LDAP / X509Store / org.bouncycastle.jce.provider.X509StoreLDAPAttrCerts
11:37:12.965 [main] INFO eu.europa.esig.dss.spi.DSSUtils - 	ALGORITHM: POLY1305-NOEKEON / KeyGenerator / org.bouncycastle.jcajce.provider.symmetric.Noekeon$Poly1305KeyGen
11:37:12.965 [main] INFO eu.europa.esig.dss.spi.DSSUtils - 	ALGORITHM: ECIESwithSHA384andDESEDE-CBC / Cipher / org.bouncycastle.jcajce.provider.asymmetric.ec.IESCipher$ECIESwithSHA384andDESedeCBC
11:37:12.965 [main] INFO eu.europa.esig.dss.spi.DSSUtils - 	ALGORITHM: SHA3-512WITHRSAANDSHAKE256 / Signature / org.bouncycastle.jcajce.provider.asymmetric.rsa.PSSSignatureSpi$SHA3_512withRSAandSHAKE256
11:37:12.965 [main] INFO eu.europa.esig.dss.spi.DSSUtils - 	ALGORITHM: OLDHMACSHA384 / Mac / org.bouncycastle.jcajce.provider.digest.SHA384$OldSHA384
11:37:12.965 [main] INFO eu.europa.esig.dss.spi.DSSUtils - 	ALGORITHM: Skein-MAC-512-160 / KeyGenerator / org.bouncycastle.jcajce.provider.digest.Skein$SkeinMacKeyGenerator_512_160
11:37:12.965 [main] INFO eu.europa.esig.dss.spi.DSSUtils - 	ALGORITHM: 2.16.840.1.101.3.4.1.28 / KeyGenerator / org.bouncycastle.jcajce.provider.symmetric.AES$KeyGen192
11:37:12.965 [main] INFO eu.europa.esig.dss.spi.DSSUtils - 	ALGORITHM: 2.16.840.1.101.3.4.1.26 / KeyGenerator / org.bouncycastle.jcajce.provider.symmetric.AES$KeyGen192
11:37:12.965 [main] INFO eu.europa.esig.dss.spi.DSSUtils - 	ALGORITHM: HMACSkein-256-224 / Mac / org.bouncycastle.jcajce.provider.digest.Skein$HashMac_256_224
11:37:12.965 [main] INFO eu.europa.esig.dss.spi.DSSUtils - 	ALGORITHM: 2.16.840.1.101.3.4.1.27 / KeyGenerator / org.bouncycastle.jcajce.provider.symmetric.AES$KeyGen192
11:37:12.965 [main] INFO eu.europa.esig.dss.spi.DSSUtils - 	ALGORITHM: 2.16.840.1.101.3.4.1.24 / KeyGenerator / org.bouncycastle.jcajce.provider.symmetric.AES$KeyGen192
11:37:12.965 [main] INFO eu.europa.esig.dss.spi.DSSUtils - 	ALGORITHM: 2.16.840.1.101.3.4.1.25 / KeyGenerator / org.bouncycastle.jcajce.provider.symmetric.AES$KeyGen192
11:37:12.965 [main] INFO eu.europa.esig.dss.spi.DSSUtils - 	ALGORITHM: HMACDSTU7564-384 / Mac / org.bouncycastle.jcajce.provider.digest.DSTU7564$HashMac384
11:37:12.965 [main] INFO eu.europa.esig.dss.spi.DSSUtils - 	ALGORITHM: OID.1.3.101.110 / KeyAgreement / org.bouncycastle.jcajce.provider.asymmetric.edec.KeyAgreementSpi$X25519
11:37:12.965 [main] INFO eu.europa.esig.dss.spi.DSSUtils - 	ALGORITHM: OID.1.3.101.111 / KeyAgreement / org.bouncycastle.jcajce.provider.asymmetric.edec.KeyAgreementSpi$X448
11:37:12.965 [main] INFO eu.europa.esig.dss.spi.DSSUtils - 	ALGORITHM: Twofish-GMAC / Mac / org.bouncycastle.jcajce.provider.symmetric.Twofish$GMAC
11:37:12.965 [main] INFO eu.europa.esig.dss.spi.DSSUtils - 	ALGORITHM: RC5MAC/CFB8 / Mac / org.bouncycastle.jcajce.provider.symmetric.RC5$CFB8Mac32
11:37:12.965 [main] INFO eu.europa.esig.dss.spi.DSSUtils - 	ALGORITHM: IDEAMAC/CFB8 / Mac / org.bouncycastle.jcajce.provider.symmetric.IDEA$CFB8Mac
11:37:12.965 [main] INFO eu.europa.esig.dss.spi.DSSUtils - 	ALGORITHM: DSTU7564-512 / MessageDigest / org.bouncycastle.jcajce.provider.digest.DSTU7564$Digest512
11:37:12.965 [main] INFO eu.europa.esig.dss.spi.DSSUtils - 	ALGORITHM: SHA3-224WITHRSAANDSHAKE128 / Signature / org.bouncycastle.jcajce.provider.asymmetric.rsa.PSSSignatureSpi$SHA3_224withRSAandSHAKE128
11:37:12.965 [main] INFO eu.europa.esig.dss.spi.DSSUtils - 	ALGORITHM: IDEA / KeyGenerator / org.bouncycastle.jcajce.provider.symmetric.IDEA$KeyGen
11:37:12.966 [main] INFO eu.europa.esig.dss.spi.DSSUtils - 	ALGORITHM: HMACSkein-256-128 / KeyGenerator / org.bouncycastle.jcajce.provider.digest.Skein$HMacKeyGenerator_256_128
11:37:12.966 [main] INFO eu.europa.esig.dss.spi.DSSUtils - 	ALGORITHM: CHACHA / KeyGenerator / org.bouncycastle.jcajce.provider.symmetric.ChaCha$KeyGen
11:37:12.967 [main] INFO eu.europa.esig.dss.spi.DSSUtils - 	ALGORITHM: COMPOSITE / KeyFactory / org.bouncycastle.jcajce.provider.asymmetric.COMPOSITE$KeyFactory
11:37:12.967 [main] INFO eu.europa.esig.dss.spi.DSSUtils - 	ALGORITHM: XSALSA20 / Cipher / org.bouncycastle.jcajce.provider.symmetric.XSalsa20$Base
11:37:12.967 [main] INFO eu.europa.esig.dss.spi.DSSUtils - 	ALGORITHM: SHA512(256)WITHRSAANDMGF1 / Signature / org.bouncycastle.jcajce.provider.asymmetric.rsa.PSSSignatureSpi$SHA512_256withRSA
11:37:12.967 [main] INFO eu.europa.esig.dss.spi.DSSUtils - 	ALGORITHM: 1.2.804.2.1.1.1.1.1.3.3.1 / Cipher / org.bouncycastle.jcajce.provider.symmetric.DSTU7624$CFB128
11:37:12.967 [main] INFO eu.europa.esig.dss.spi.DSSUtils - 	ALGORITHM: 1.2.804.2.1.1.1.1.1.3.3.2 / Cipher / org.bouncycastle.jcajce.provider.symmetric.DSTU7624$CFB256
11:37:12.967 [main] INFO eu.europa.esig.dss.spi.DSSUtils - 	ALGORITHM: 1.2.804.2.1.1.1.1.1.3.3.3 / Cipher / org.bouncycastle.jcajce.provider.symmetric.DSTU7624$CFB512
11:37:12.967 [main] INFO eu.europa.esig.dss.spi.DSSUtils - 	ALGORITHM: BLAKE2B-256 / MessageDigest / org.bouncycastle.jcajce.provider.digest.Blake2b$Blake2b256
11:37:12.967 [main] INFO eu.europa.esig.dss.spi.DSSUtils - 	ALGORITHM: ECCDHUWITHSHA224KDF / KeyAgreement / org.bouncycastle.jcajce.provider.asymmetric.ec.KeyAgreementSpi$DHUwithSHA224KDF
11:37:12.967 [main] INFO eu.europa.esig.dss.spi.DSSUtils - 	ALGORITHM: 2.16.840.1.101.3.4.2 / KeyGenerator / org.bouncycastle.jcajce.provider.symmetric.AES$KeyGen128
11:37:12.967 [main] INFO eu.europa.esig.dss.spi.DSSUtils - 	ALGORITHM: HMACSkein-256-160 / KeyGenerator / org.bouncycastle.jcajce.provider.digest.Skein$HMacKeyGenerator_256_160
11:37:12.967 [main] INFO eu.europa.esig.dss.spi.DSSUtils - 	ALGORITHM: POLY1305-RC6 / KeyGenerator / org.bouncycastle.jcajce.provider.symmetric.RC6$Poly1305KeyGen
11:37:12.967 [main] INFO eu.europa.esig.dss.spi.DSSUtils - 	ALGORITHM: GOST3411-2012-512 / MessageDigest / org.bouncycastle.jcajce.provider.digest.GOST3411$Digest2012_512
11:37:12.967 [main] INFO eu.europa.esig.dss.spi.DSSUtils - 	ALGORITHM: ECDHC / KeyFactory / org.bouncycastle.jcajce.provider.asymmetric.ec.KeyFactorySpi$ECDHC
11:37:12.967 [main] INFO eu.europa.esig.dss.spi.DSSUtils - 	ALGORITHM: GOST3412-2015/CTR / Cipher / org.bouncycastle.jcajce.provider.symmetric.GOST3412_2015$CTR
11:37:12.967 [main] INFO eu.europa.esig.dss.spi.DSSUtils - 	ALGORITHM: PBEWITHSHA1ANDRC2 / Cipher / org.bouncycastle.jcajce.provider.symmetric.RC2$PBEWithSHA1AndRC2
11:37:12.967 [main] INFO eu.europa.esig.dss.spi.DSSUtils - 	ALGORITHM: HMACSkein-256-160 / Mac / org.bouncycastle.jcajce.provider.digest.Skein$HashMac_256_160
11:37:12.967 [main] INFO eu.europa.esig.dss.spi.DSSUtils - 	ALGORITHM: Skein-MAC-512-128 / KeyGenerator / org.bouncycastle.jcajce.provider.digest.Skein$SkeinMacKeyGenerator_512_128
11:37:12.967 [main] INFO eu.europa.esig.dss.spi.DSSUtils - 	ALGORITHM: RC5MAC / Mac / org.bouncycastle.jcajce.provider.symmetric.RC5$Mac32
11:37:12.967 [main] INFO eu.europa.esig.dss.spi.DSSUtils - 	ALGORITHM: RC2MAC / Mac / org.bouncycastle.jcajce.provider.symmetric.RC2$CBCMAC
11:37:12.967 [main] INFO eu.europa.esig.dss.spi.DSSUtils - 	ALGORITHM: KMAC128 / KeyGenerator / org.bouncycastle.jcajce.provider.digest.SHA3$KeyGenerator256
11:37:12.967 [main] INFO eu.europa.esig.dss.spi.DSSUtils - 	ALGORITHM: SHA224WITHDETDSA / Signature / org.bouncycastle.jcajce.provider.asymmetric.dsa.DSASigner$detDSA224
11:37:12.967 [main] INFO eu.europa.esig.dss.spi.DSSUtils - 	ALGORITHM: PBEWITHSHAAND256BITAES-CBC-BC / SecretKeyFactory / org.bouncycastle.jcajce.provider.symmetric.AES$PBEWithSHAAnd256BitAESBC
11:37:12.967 [main] INFO eu.europa.esig.dss.spi.DSSUtils - 	ALGORITHM: DESEDE / KeyGenerator / org.bouncycastle.jcajce.provider.symmetric.DESede$KeyGenerator
11:37:12.967 [main] INFO eu.europa.esig.dss.spi.DSSUtils - 	ALGORITHM: SHA3-224WITHDDSA / Signature / org.bouncycastle.jcajce.provider.asymmetric.dsa.DSASigner$detDSASha3_224
11:37:12.967 [main] INFO eu.europa.esig.dss.spi.DSSUtils - 	ALGORITHM: OID.1.3.14.3.2.7 / Cipher / org.bouncycastle.jcajce.provider.symmetric.DES$CBC
11:37:12.968 [main] INFO eu.europa.esig.dss.spi.DSSUtils - 	ALGORITHM: HMACKECCAK384 / Mac / org.bouncycastle.jcajce.provider.digest.Keccak$HashMac384
11:37:12.968 [main] INFO eu.europa.esig.dss.spi.DSSUtils - 	ALGORITHM: SHA3-512WITHECDSA / Signature / org.bouncycastle.jcajce.provider.asymmetric.ec.SignatureSpi$ecDSASha3_512
11:37:12.968 [main] INFO eu.europa.esig.dss.spi.DSSUtils - 	ALGORITHM: 1.2.410.200004.1.4 / Cipher / org.bouncycastle.jcajce.provider.symmetric.SEED$CBC
11:37:12.968 [main] INFO eu.europa.esig.dss.spi.DSSUtils - 	ALGORITHM: SHA1WITHRSA/X9.31 / Signature / org.bouncycastle.jcajce.provider.asymmetric.rsa.X931SignatureSpi$SHA1WithRSAEncryption
11:37:12.968 [main] INFO eu.europa.esig.dss.spi.DSSUtils - 	ALGORITHM: DHWITHSHA256KDF / KeyAgreement / org.bouncycastle.jcajce.provider.asymmetric.dh.KeyAgreementSpi$DHwithSHA256KDF
11:37:12.968 [main] INFO eu.europa.esig.dss.spi.DSSUtils - 	ALGORITHM: OID.1.2.410.200046.1.1.6 / Cipher / org.bouncycastle.jcajce.provider.symmetric.ARIA$ECB
11:37:12.968 [main] INFO eu.europa.esig.dss.spi.DSSUtils - 	ALGORITHM: OID.1.2.410.200046.1.1.3 / Cipher / org.bouncycastle.jcajce.provider.symmetric.ARIA$CFB
11:37:12.968 [main] INFO eu.europa.esig.dss.spi.DSSUtils - 	ALGORITHM: OID.1.2.410.200046.1.1.4 / Cipher / org.bouncycastle.jcajce.provider.symmetric.ARIA$OFB
11:37:12.968 [main] INFO eu.europa.esig.dss.spi.DSSUtils - 	ALGORITHM: OID.1.2.410.200046.1.1.9 / Cipher / org.bouncycastle.jcajce.provider.symmetric.ARIA$OFB
11:37:12.968 [main] INFO eu.europa.esig.dss.spi.DSSUtils - 	ALGORITHM: OID.1.2.410.200046.1.1.7 / Cipher / org.bouncycastle.jcajce.provider.symmetric.ARIA$CBC
11:37:12.968 [main] INFO eu.europa.esig.dss.spi.DSSUtils - 	ALGORITHM: RIJNDAEL / Cipher / org.bouncycastle.jcajce.provider.symmetric.Rijndael$ECB
11:37:12.968 [main] INFO eu.europa.esig.dss.spi.DSSUtils - 	ALGORITHM: OID.1.2.410.200046.1.1.8 / Cipher / org.bouncycastle.jcajce.provider.symmetric.ARIA$CFB
11:37:12.968 [main] INFO eu.europa.esig.dss.spi.DSSUtils - 	ALGORITHM: BLAKE2S-224 / MessageDigest / org.bouncycastle.jcajce.provider.digest.Blake2s$Blake2s224
11:37:12.968 [main] INFO eu.europa.esig.dss.spi.DSSUtils - 	ALGORITHM: ARIACCM / AlgorithmParameterGenerator / org.bouncycastle.jcajce.provider.symmetric.ARIA$AlgParamGen
11:37:12.968 [main] INFO eu.europa.esig.dss.spi.DSSUtils - 	ALGORITHM: Skein-MAC-1024-384 / KeyGenerator / org.bouncycastle.jcajce.provider.digest.Skein$SkeinMacKeyGenerator_1024_384
11:37:12.968 [main] INFO eu.europa.esig.dss.spi.DSSUtils - 	ALGORITHM: OID.1.2.410.200046.1.1.1 / Cipher / org.bouncycastle.jcajce.provider.symmetric.ARIA$ECB
11:37:12.968 [main] INFO eu.europa.esig.dss.spi.DSSUtils - 	ALGORITHM: OID.1.2.410.200046.1.1.2 / Cipher / org.bouncycastle.jcajce.provider.symmetric.ARIA$CBC
11:37:12.968 [main] INFO eu.europa.esig.dss.spi.DSSUtils - 	ALGORITHM: BLAKE2S-256 / MessageDigest / org.bouncycastle.jcajce.provider.digest.Blake2s$Blake2s256
11:37:12.968 [main] INFO eu.europa.esig.dss.spi.DSSUtils - 	ALGORITHM: X25519 / KeyAgreement / org.bouncycastle.jcajce.provider.asymmetric.edec.KeyAgreementSpi$X25519
11:37:12.968 [main] INFO eu.europa.esig.dss.spi.DSSUtils - 	ALGORITHM: ECDDSA / Signature / org.bouncycastle.jcajce.provider.asymmetric.ec.SignatureSpi$ecDetDSA
11:37:12.968 [main] INFO eu.europa.esig.dss.spi.DSSUtils - 	ALGORITHM: HMACGOST3411 / KeyGenerator / org.bouncycastle.jcajce.provider.digest.GOST3411$KeyGenerator
11:37:12.969 [main] INFO eu.europa.esig.dss.spi.DSSUtils - 	ALGORITHM: DHUWITHSHA256CKDF / KeyAgreement / org.bouncycastle.jcajce.provider.asymmetric.dh.KeyAgreementSpi$DHUwithSHA256CKDF
11:37:12.969 [main] INFO eu.europa.esig.dss.spi.DSSUtils - 	ALGORITHM: SHA-512/224 / MessageDigest / org.bouncycastle.jcajce.provider.digest.SHA512$DigestT224
11:37:12.969 [main] INFO eu.europa.esig.dss.spi.DSSUtils - 	ALGORITHM: ELGAMAL/PKCS1 / Cipher / org.bouncycastle.jcajce.provider.asymmetric.elgamal.CipherSpi$PKCS1v1_5Padding
11:37:12.969 [main] INFO eu.europa.esig.dss.spi.DSSUtils - 	ALGORITHM: PBKDF2WITHHMACSHA3-512 / SecretKeyFactory / org.bouncycastle.jcajce.provider.symmetric.PBEPBKDF2$PBKDF2withSHA3_512
11:37:12.969 [main] INFO eu.europa.esig.dss.spi.DSSUtils - 	ALGORITHM: SM4-CMAC / Mac / org.bouncycastle.jcajce.provider.symmetric.SM4$CMAC
11:37:12.969 [main] INFO eu.europa.esig.dss.spi.DSSUtils - 	ALGORITHM: Skein-MAC-512-256 / Mac / org.bouncycastle.jcajce.provider.digest.Skein$SkeinMac_512_256
11:37:12.969 [main] INFO eu.europa.esig.dss.spi.DSSUtils - 	ALGORITHM: ARIACCM / Cipher / org.bouncycastle.jcajce.provider.symmetric.ARIA$CCM
11:37:12.969 [main] INFO eu.europa.esig.dss.spi.DSSUtils - 	ALGORITHM: RSA / Signature / org.bouncycastle.jcajce.provider.asymmetric.rsa.DigestSignatureSpi$noneRSA
11:37:12.969 [main] INFO eu.europa.esig.dss.spi.DSSUtils - 	ALGORITHM: RC5-64 / Cipher / org.bouncycastle.jcajce.provider.symmetric.RC5$ECB64
11:37:12.969 [main] INFO eu.europa.esig.dss.spi.DSSUtils - 	ALGORITHM: IBCFKS / KeyStore / org.bouncycastle.jcajce.provider.keystore.bcfks.BcFKSKeyStoreSpi$StdShared
11:37:12.969 [main] INFO eu.europa.esig.dss.spi.DSSUtils - 	ALGORITHM: GOST3411-2012-256WITHECGOST3410-2012-256 / Signature / org.bouncycastle.jcajce.provider.asymmetric.ecgost12.ECGOST2012SignatureSpi256
11:37:12.969 [main] INFO eu.europa.esig.dss.spi.DSSUtils - 	ALGORITHM: GOST3411-2012-512WITHECGOST3410-2012-512 / Signature / org.bouncycastle.jcajce.provider.asymmetric.ecgost12.ECGOST2012SignatureSpi512
11:37:12.969 [main] INFO eu.europa.esig.dss.spi.DSSUtils - 	ALGORITHM: PBEWITHSHAAND128BITRC2-CBC / SecretKeyFactory / org.bouncycastle.jcajce.provider.symmetric.RC2$PBEWithSHAAnd128BitKeyFactory
11:37:12.969 [main] INFO eu.europa.esig.dss.spi.DSSUtils - 	ALGORITHM: HMACSkein-512-384 / Mac / org.bouncycastle.jcajce.provider.digest.Skein$HashMac_512_384
11:37:12.969 [main] INFO eu.europa.esig.dss.spi.DSSUtils - 	ALGORITHM: RSA / AlgorithmParameters / null
11:37:12.969 [main] INFO eu.europa.esig.dss.spi.DSSUtils - 	ALGORITHM: SKIPJACK / AlgorithmParameters / org.bouncycastle.jcajce.provider.symmetric.Skipjack$AlgParams
11:37:12.969 [main] INFO eu.europa.esig.dss.spi.DSSUtils - 	ALGORITHM: ECMQVWITHSHA1KDF / KeyAgreement / org.bouncycastle.jcajce.provider.asymmetric.ec.KeyAgreementSpi$MQVwithSHA1KDF
11:37:12.969 [main] INFO eu.europa.esig.dss.spi.DSSUtils - 	ALGORITHM: SPHINCSPLUS / KeyPairGenerator / org.bouncycastle.pqc.jcajce.provider.sphincsplus.SPHINCSPlusKeyPairGeneratorSpi
11:37:12.969 [main] INFO eu.europa.esig.dss.spi.DSSUtils - 	ALGORITHM: ECDSA / KeyFactory / org.bouncycastle.jcajce.provider.asymmetric.ec.KeyFactorySpi$ECDSA
11:37:12.969 [main] INFO eu.europa.esig.dss.spi.DSSUtils - 	ALGORITHM: 1.2.643.2.2.13.1 / Cipher / org.bouncycastle.jcajce.provider.symmetric.GOST28147$CryptoProWrap
11:37:12.969 [main] INFO eu.europa.esig.dss.spi.DSSUtils - 	ALGORITHM: OID.1.2.804.2.1.1.1.1.1.3.8.1 / Cipher / org.bouncycastle.jcajce.provider.symmetric.DSTU7624$CCM128
11:37:12.969 [main] INFO eu.europa.esig.dss.spi.DSSUtils - 	ALGORITHM: OID.1.2.804.2.1.1.1.1.1.3.8.3 / Cipher / org.bouncycastle.jcajce.provider.symmetric.DSTU7624$CCM512
11:37:12.969 [main] INFO eu.europa.esig.dss.spi.DSSUtils - 	ALGORITHM: OID.1.2.804.2.1.1.1.1.1.3.8.2 / Cipher / org.bouncycastle.jcajce.provider.symmetric.DSTU7624$CCM256
11:37:12.969 [main] INFO eu.europa.esig.dss.spi.DSSUtils - 	ALGORITHM: Threefish-256 / AlgorithmParameters / org.bouncycastle.jcajce.provider.symmetric.Threefish$AlgParams_256
11:37:12.969 [main] INFO eu.europa.esig.dss.spi.DSSUtils - 	ALGORITHM: ARIAGCM / AlgorithmParameterGenerator / org.bouncycastle.jcajce.provider.symmetric.ARIA$AlgParamGen
11:37:12.969 [main] INFO eu.europa.esig.dss.spi.DSSUtils - 	ALGORITHM: X25519WITHSHA384CKDF / KeyAgreement / org.bouncycastle.jcajce.provider.asymmetric.edec.KeyAgreementSpi$X25519withSHA384CKDF
11:37:12.969 [main] INFO eu.europa.esig.dss.spi.DSSUtils - 	ALGORITHM: 1.2.643.2.2.13.0 / Cipher / org.bouncycastle.jcajce.provider.symmetric.GOST28147$GostWrap
11:37:12.969 [main] INFO eu.europa.esig.dss.spi.DSSUtils - 	ALGORITHM: HMACSkein-512-256 / KeyGenerator / org.bouncycastle.jcajce.provider.digest.Skein$HMacKeyGenerator_512_256
11:37:12.969 [main] INFO eu.europa.esig.dss.spi.DSSUtils - 	ALGORITHM: CERTIFICATEPAIR / X509StreamParser / org.bouncycastle.jce.provider.X509CertPairParser
11:37:12.970 [main] INFO eu.europa.esig.dss.spi.DSSUtils - 	ALGORITHM: SHA512WITHECDDSA / Signature / org.bouncycastle.jcajce.provider.asymmetric.ec.SignatureSpi$ecDetDSA512
11:37:12.970 [main] INFO eu.europa.esig.dss.spi.DSSUtils - 	ALGORITHM: X25519 / KeyPairGenerator / org.bouncycastle.jcajce.provider.asymmetric.edec.KeyPairGeneratorSpi$X25519
11:37:12.970 [main] INFO eu.europa.esig.dss.spi.DSSUtils - 	ALGORITHM: SEED-CMAC / Mac / org.bouncycastle.jcajce.provider.symmetric.SEED$CMAC
11:37:12.970 [main] INFO eu.europa.esig.dss.spi.DSSUtils - 	ALGORITHM: DES / KeyGenerator / org.bouncycastle.jcajce.provider.symmetric.DES$KeyGenerator
11:37:12.970 [main] INFO eu.europa.esig.dss.spi.DSSUtils - 	ALGORITHM: NONCEANDIV / SecureRandom / org.bouncycastle.jcajce.provider.drbg.DRBG$NonceAndIV
11:37:12.970 [main] INFO eu.europa.esig.dss.spi.DSSUtils - 	ALGORITHM: OID.2.16.840.1.101.3.4.1.41 / Cipher / org.bouncycastle.jcajce.provider.symmetric.AES$ECB
11:37:12.970 [main] INFO eu.europa.esig.dss.spi.DSSUtils - 	ALGORITHM: OID.2.16.840.1.101.3.4.1.42 / Cipher / org.bouncycastle.jcajce.provider.symmetric.AES$CBC
11:37:12.970 [main] INFO eu.europa.esig.dss.spi.DSSUtils - 	ALGORITHM: SM4 / Cipher / org.bouncycastle.jcajce.provider.symmetric.SM4$ECB
11:37:12.970 [main] INFO eu.europa.esig.dss.spi.DSSUtils - 	ALGORITHM: OID.2.16.840.1.101.3.4.1.43 / Cipher / org.bouncycastle.jcajce.provider.symmetric.AES$OFB
11:37:12.970 [main] INFO eu.europa.esig.dss.spi.DSSUtils - 	ALGORITHM: OID.2.16.840.1.101.3.4.1.44 / Cipher / org.bouncycastle.jcajce.provider.symmetric.AES$CFB
11:37:12.970 [main] INFO eu.europa.esig.dss.spi.DSSUtils - 	ALGORITHM: GOST3411WITHDSTU4145LE / Signature / org.bouncycastle.jcajce.provider.asymmetric.dstu.SignatureSpiLe
11:37:12.970 [main] INFO eu.europa.esig.dss.spi.DSSUtils - 	ALGORITHM: HARAKA-256 / MessageDigest / org.bouncycastle.jcajce.provider.digest.Haraka$Digest256
11:37:12.970 [main] INFO eu.europa.esig.dss.spi.DSSUtils - 	ALGORITHM: HMACSM3 / Mac / org.bouncycastle.jcajce.provider.digest.SM3$HashMac
11:37:12.970 [main] INFO eu.europa.esig.dss.spi.DSSUtils - 	ALGORITHM: 2.16.840.1.101.3.4.42 / KeyGenerator / org.bouncycastle.jcajce.provider.symmetric.AES$KeyGen256
11:37:12.970 [main] INFO eu.europa.esig.dss.spi.DSSUtils - 	ALGORITHM: SM3WITHSM2 / Signature / org.bouncycastle.jcajce.provider.asymmetric.ec.GMSignatureSpi$sm3WithSM2
11:37:12.970 [main] INFO eu.europa.esig.dss.spi.DSSUtils - 	ALGORITHM: ECGOST3410 / KeyAgreement / org.bouncycastle.jcajce.provider.asymmetric.ecgost.KeyAgreementSpi$ECVKO
11:37:12.970 [main] INFO eu.europa.esig.dss.spi.DSSUtils - 	ALGORITHM: HMACDSTU7564-256 / KeyGenerator / org.bouncycastle.jcajce.provider.digest.DSTU7564$KeyGenerator256
11:37:12.970 [main] INFO eu.europa.esig.dss.spi.DSSUtils - 	ALGORITHM: HMACSkein-256-256 / Mac / org.bouncycastle.jcajce.provider.digest.Skein$HashMac_256_256
11:37:12.970 [main] INFO eu.europa.esig.dss.spi.DSSUtils - 	ALGORITHM: SEED-GMAC / KeyGenerator / org.bouncycastle.jcajce.provider.symmetric.SEED$KeyGen
11:37:12.970 [main] INFO eu.europa.esig.dss.spi.DSSUtils - 	ALGORITHM: ECIESwithAES-CBC / Cipher / org.bouncycastle.jcajce.provider.asymmetric.ec.IESCipher$ECIESwithAESCBC
11:37:12.970 [main] INFO eu.europa.esig.dss.spi.DSSUtils - 	ALGORITHM: RIPEMD256WITHRSA / Signature / org.bouncycastle.jcajce.provider.asymmetric.rsa.DigestSignatureSpi$RIPEMD256
11:37:12.970 [main] INFO eu.europa.esig.dss.spi.DSSUtils - 	ALGORITHM: SHAKE256WITHRSAPSS / Signature / org.bouncycastle.jcajce.provider.asymmetric.rsa.PSSSignatureSpi$SHAKE256WithRSAPSS
11:37:12.970 [main] INFO eu.europa.esig.dss.spi.DSSUtils - 	ALGORITHM: POLY1305-AES / KeyGenerator / org.bouncycastle.jcajce.provider.symmetric.AES$Poly1305KeyGen
11:37:12.970 [main] INFO eu.europa.esig.dss.spi.DSSUtils - 	ALGORITHM: ECIESwithSHA512andDESEDE-CBC / Cipher / org.bouncycastle.jcajce.provider.asymmetric.ec.IESCipher$ECIESwithSHA512andDESedeCBC
11:37:12.970 [main] INFO eu.europa.esig.dss.spi.DSSUtils - 	ALGORITHM: 2.16.840.1.101.3.4.22 / KeyGenerator / org.bouncycastle.jcajce.provider.symmetric.AES$KeyGen192
11:37:12.970 [main] INFO eu.europa.esig.dss.spi.DSSUtils - 	ALGORITHM: HMACSHA224 / Mac / org.bouncycastle.jcajce.provider.digest.SHA224$HashMac
11:37:12.970 [main] INFO eu.europa.esig.dss.spi.DSSUtils - 	ALGORITHM: ZUC-128 / AlgorithmParameters / org.bouncycastle.jcajce.provider.symmetric.Zuc$AlgParams
11:37:12.970 [main] INFO eu.europa.esig.dss.spi.DSSUtils - 	ALGORITHM: Skein-MAC-256-256 / KeyGenerator / org.bouncycastle.jcajce.provider.digest.Skein$SkeinMacKeyGenerator_256_256
11:37:12.970 [main] INFO eu.europa.esig.dss.spi.DSSUtils - 	ALGORITHM: ARIAWRAPPAD / Cipher / org.bouncycastle.jcajce.provider.symmetric.ARIA$WrapPad
11:37:12.970 [main] INFO eu.europa.esig.dss.spi.DSSUtils - 	ALGORITHM: 2.16.840.1.101.3.4.1.3 / Cipher / org.bouncycastle.jcajce.provider.symmetric.AES$OFB
11:37:12.970 [main] INFO eu.europa.esig.dss.spi.DSSUtils - 	ALGORITHM: 2.16.840.1.101.3.4.1.4 / Cipher / org.bouncycastle.jcajce.provider.symmetric.AES$CFB
11:37:12.970 [main] INFO eu.europa.esig.dss.spi.DSSUtils - 	ALGORITHM: PBEWITHSHAAND2-KEYTRIPLEDES-CBC / SecretKeyFactory / org.bouncycastle.jcajce.provider.symmetric.DESede$PBEWithSHAAndDES2KeyFactory
11:37:12.970 [main] INFO eu.europa.esig.dss.spi.DSSUtils - 	ALGORITHM: 2.16.840.1.101.3.4.1.1 / Cipher / org.bouncycastle.jcajce.provider.symmetric.AES$ECB
11:37:12.970 [main] INFO eu.europa.esig.dss.spi.DSSUtils - 	ALGORITHM: 2.16.840.1.101.3.4.1.2 / Cipher / org.bouncycastle.jcajce.provider.symmetric.AES$CBC
11:37:12.970 [main] INFO eu.europa.esig.dss.spi.DSSUtils - 	ALGORITHM: PBEWITHSHAAND40BITRC2-CBC / SecretKeyFactory / org.bouncycastle.jcajce.provider.symmetric.RC2$PBEWithSHAAnd40BitKeyFactory
11:37:12.970 [main] INFO eu.europa.esig.dss.spi.DSSUtils - 	ALGORITHM: 1.3.6.1.5.5.7.6.30 / Signature / org.bouncycastle.jcajce.provider.asymmetric.rsa.PSSSignatureSpi$SHAKE128WithRSAPSS
11:37:12.970 [main] INFO eu.europa.esig.dss.spi.DSSUtils - 	ALGORITHM: ED25519 / KeyFactory / org.bouncycastle.jcajce.provider.asymmetric.edec.KeyFactorySpi$Ed25519
11:37:12.970 [main] INFO eu.europa.esig.dss.spi.DSSUtils - 	ALGORITHM: XTEA / AlgorithmParameters / org.bouncycastle.jcajce.provider.symmetric.XTEA$AlgParams
11:37:12.971 [main] INFO eu.europa.esig.dss.spi.DSSUtils - 	ALGORITHM: HMACSkein-1024-512 / KeyGenerator / org.bouncycastle.jcajce.provider.digest.Skein$HMacKeyGenerator_1024_512
11:37:12.971 [main] INFO eu.europa.esig.dss.spi.DSSUtils - 	ALGORITHM: OID.2.16.840.1.101.3.4.2.9 / MessageDigest / org.bouncycastle.jcajce.provider.digest.SHA3$Digest384
11:37:12.971 [main] INFO eu.europa.esig.dss.spi.DSSUtils - 	ALGORITHM: Grain128 / KeyGenerator / org.bouncycastle.jcajce.provider.symmetric.Grain128$KeyGen
11:37:12.971 [main] INFO eu.europa.esig.dss.spi.DSSUtils - 	ALGORITHM: HMACSkein-512-224 / KeyGenerator / org.bouncycastle.jcajce.provider.digest.Skein$HMacKeyGenerator_512_224
11:37:12.971 [main] INFO eu.europa.esig.dss.spi.DSSUtils - 	ALGORITHM: OID.2.16.840.1.101.3.4.2.8 / MessageDigest / org.bouncycastle.jcajce.provider.digest.SHA3$Digest256
11:37:12.971 [main] INFO eu.europa.esig.dss.spi.DSSUtils - 	ALGORITHM: PBEWITHMD5ANDRC2 / SecretKeyFactory / org.bouncycastle.jcajce.provider.symmetric.RC2$PBEWithMD5KeyFactory
11:37:12.971 [main] INFO eu.europa.esig.dss.spi.DSSUtils - 	ALGORITHM: 1.3.6.1.5.5.7.6.31 / Signature / org.bouncycastle.jcajce.provider.asymmetric.rsa.PSSSignatureSpi$SHAKE256WithRSAPSS
11:37:12.971 [main] INFO eu.europa.esig.dss.spi.DSSUtils - 	ALGORITHM: Skein-MAC-512-224 / Mac / org.bouncycastle.jcajce.provider.digest.Skein$SkeinMac_512_224
11:37:12.971 [main] INFO eu.europa.esig.dss.spi.DSSUtils - 	ALGORITHM: 1.3.6.1.4.1.11591.13.2.21 / Cipher / org.bouncycastle.jcajce.provider.symmetric.Serpent$ECB
11:37:12.971 [main] INFO eu.europa.esig.dss.spi.DSSUtils - 	ALGORITHM: SHA-512 / MessageDigest / org.bouncycastle.jcajce.provider.digest.SHA512$Digest
11:37:12.971 [main] INFO eu.europa.esig.dss.spi.DSSUtils - 	ALGORITHM: ARC4 / KeyGenerator / org.bouncycastle.jcajce.provider.symmetric.ARC4$KeyGen
11:37:12.971 [main] INFO eu.europa.esig.dss.spi.DSSUtils - 	ALGORITHM: SHA512(224)WITHRSA/X9.31 / Signature / org.bouncycastle.jcajce.provider.asymmetric.rsa.X931SignatureSpi$SHA512_224WithRSAEncryption
11:37:12.971 [main] INFO eu.europa.esig.dss.spi.DSSUtils - 	ALGORITHM: Skein-MAC-256-224 / KeyGenerator / org.bouncycastle.jcajce.provider.digest.Skein$SkeinMacKeyGenerator_256_224
11:37:12.971 [main] INFO eu.europa.esig.dss.spi.DSSUtils - 	ALGORITHM: 1.3.6.1.4.1.11591.13.2.22 / Cipher / org.bouncycastle.jcajce.provider.symmetric.Serpent$CBC
11:37:12.971 [main] INFO eu.europa.esig.dss.spi.DSSUtils - 	ALGORITHM: 1.3.6.1.4.1.11591.13.2.23 / Cipher / org.bouncycastle.jcajce.provider.symmetric.Serpent$OFB
11:37:12.971 [main] INFO eu.europa.esig.dss.spi.DSSUtils - 	ALGORITHM: 1.3.6.1.4.1.11591.13.2.24 / Cipher / org.bouncycastle.jcajce.provider.symmetric.Serpent$CFB
11:37:12.971 [main] INFO eu.europa.esig.dss.spi.DSSUtils - 	ALGORITHM: POLY1305-SERPENT / KeyGenerator / org.bouncycastle.jcajce.provider.symmetric.Serpent$Poly1305KeyGen
11:37:12.971 [main] INFO eu.europa.esig.dss.spi.DSSUtils - 	ALGORITHM: DHWITHSHA224KDF / KeyAgreement / org.bouncycastle.jcajce.provider.asymmetric.dh.KeyAgreementSpi$DHwithSHA224KDF
11:37:12.971 [main] INFO eu.europa.esig.dss.spi.DSSUtils - 	ALGORITHM: OID.1.3.6.1.4.1.11591.13.2.2 / Cipher / org.bouncycastle.jcajce.provider.symmetric.Serpent$CBC
11:37:12.971 [main] INFO eu.europa.esig.dss.spi.DSSUtils - 	ALGORITHM: OID.1.3.6.1.4.1.11591.13.2.3 / Cipher / org.bouncycastle.jcajce.provider.symmetric.Serpent$OFB
11:37:12.971 [main] INFO eu.europa.esig.dss.spi.DSSUtils - 	ALGORITHM: OID.1.3.6.1.4.1.11591.13.2.4 / Cipher / org.bouncycastle.jcajce.provider.symmetric.Serpent$CFB
11:37:12.971 [main] INFO eu.europa.esig.dss.spi.DSSUtils - 	ALGORITHM: OID.2.16.840.1.101.3.4.2.7 / MessageDigest / org.bouncycastle.jcajce.provider.digest.SHA3$Digest224
11:37:12.971 [main] INFO eu.europa.esig.dss.spi.DSSUtils - 	ALGORITHM: PBEWITHSHAAND128BITRC4 / SecretKeyFactory / org.bouncycastle.jcajce.provider.symmetric.ARC4$PBEWithSHAAnd128BitKeyFactory
11:37:12.971 [main] INFO eu.europa.esig.dss.spi.DSSUtils - 	ALGORITHM: Threefish-256 / KeyGenerator / org.bouncycastle.jcajce.provider.symmetric.Threefish$KeyGen_256
11:37:12.971 [main] INFO eu.europa.esig.dss.spi.DSSUtils - 	ALGORITHM: OID.1.3.6.1.4.1.11591.13.2.1 / Cipher / org.bouncycastle.jcajce.provider.symmetric.Serpent$ECB
11:37:12.971 [main] INFO eu.europa.esig.dss.spi.DSSUtils - 	ALGORITHM: OID.1.2.804.2.1.1.1.1.1.3.1.3 / KeyGenerator / org.bouncycastle.jcajce.provider.symmetric.DSTU7624$KeyGen512
11:37:12.971 [main] INFO eu.europa.esig.dss.spi.DSSUtils - 	ALGORITHM: OID.1.2.804.2.1.1.1.1.1.3.1.2 / KeyGenerator / org.bouncycastle.jcajce.provider.symmetric.DSTU7624$KeyGen256
11:37:12.971 [main] INFO eu.europa.esig.dss.spi.DSSUtils - 	ALGORITHM: OID.1.2.804.2.1.1.1.1.1.3.1.1 / KeyGenerator / org.bouncycastle.jcajce.provider.symmetric.DSTU7624$KeyGen128
11:37:12.971 [main] INFO eu.europa.esig.dss.spi.DSSUtils - 	ALGORITHM: Skein-MAC-512-512 / KeyGenerator / org.bouncycastle.jcajce.provider.digest.Skein$SkeinMacKeyGenerator_512_512
11:37:12.971 [main] INFO eu.europa.esig.dss.spi.DSSUtils - 	ALGORITHM: Skein-512-256 / MessageDigest / org.bouncycastle.jcajce.provider.digest.Skein$Digest_512_256
11:37:12.971 [main] INFO eu.europa.esig.dss.spi.DSSUtils - 	ALGORITHM: MQVWITHSHA256CKDF / KeyAgreement / org.bouncycastle.jcajce.provider.asymmetric.dh.KeyAgreementSpi$MQVwithSHA256CKDF
11:37:12.971 [main] INFO eu.europa.esig.dss.spi.DSSUtils - 	ALGORITHM: POLY1305-CAMELLIA / Mac / org.bouncycastle.jcajce.provider.symmetric.Camellia$Poly1305
11:37:12.971 [main] INFO eu.europa.esig.dss.spi.DSSUtils - 	ALGORITHM: SHA384WITHCVC-ECDSA / Signature / org.bouncycastle.jcajce.provider.asymmetric.ec.SignatureSpi$ecCVCDSA384
11:37:12.971 [main] INFO eu.europa.esig.dss.spi.DSSUtils - 	ALGORITHM: Skein-MAC-256-160 / Mac / org.bouncycastle.jcajce.provider.digest.Skein$SkeinMac_256_160
11:37:12.971 [main] INFO eu.europa.esig.dss.spi.DSSUtils - 	ALGORITHM: ECCDHUWITHSHA224CKDF / KeyAgreement / org.bouncycastle.jcajce.provider.asymmetric.ec.KeyAgreementSpi$DHUwithSHA224CKDF
11:37:12.971 [main] INFO eu.europa.esig.dss.spi.DSSUtils - 	ALGORITHM: XIESwithSHA512 / Cipher / org.bouncycastle.jcajce.provider.asymmetric.edec.IESCipher$XIESwithSHA512
11:37:12.971 [main] INFO eu.europa.esig.dss.spi.DSSUtils - 	ALGORITHM: SHA224WITHCVC-ECDSA / Signature / org.bouncycastle.jcajce.provider.asymmetric.ec.SignatureSpi$ecCVCDSA224
11:37:12.971 [main] INFO eu.europa.esig.dss.spi.DSSUtils - 	ALGORITHM: EDDSA / KeyPairGenerator / org.bouncycastle.jcajce.provider.asymmetric.edec.KeyPairGeneratorSpi$EdDSA
11:37:12.971 [main] INFO eu.europa.esig.dss.spi.DSSUtils - 	ALGORITHM: POLY1305 / KeyGenerator / org.bouncycastle.jcajce.provider.symmetric.Poly1305$KeyGen
11:37:12.971 [main] INFO eu.europa.esig.dss.spi.DSSUtils - 	ALGORITHM: Grainv1 / Cipher / org.bouncycastle.jcajce.provider.symmetric.Grainv1$Base
11:37:12.971 [main] INFO eu.europa.esig.dss.spi.DSSUtils - 	ALGORITHM: XIESwithAES-CBC / Cipher / org.bouncycastle.jcajce.provider.asymmetric.edec.IESCipher$XIESwithAESCBC
11:37:12.971 [main] INFO eu.europa.esig.dss.spi.DSSUtils - 	ALGORITHM: XTEA / Cipher / org.bouncycastle.jcajce.provider.symmetric.XTEA$ECB
11:37:12.971 [main] INFO eu.europa.esig.dss.spi.DSSUtils - 	ALGORITHM: DSA / KeyPairGenerator / org.bouncycastle.jcajce.provider.asymmetric.dsa.KeyPairGeneratorSpi
11:37:12.971 [main] INFO eu.europa.esig.dss.spi.DSSUtils - 	ALGORITHM: DESMAC/CFB8 / Mac / org.bouncycastle.jcajce.provider.symmetric.DES$DESCFB8
11:37:12.971 [main] INFO eu.europa.esig.dss.spi.DSSUtils - 	ALGORITHM: RSASSA-PSS / KeyPairGenerator / org.bouncycastle.jcajce.provider.asymmetric.rsa.KeyPairGeneratorSpi$PSS
11:37:12.971 [main] INFO eu.europa.esig.dss.spi.DSSUtils - 	ALGORITHM: POLY1305-SEED / KeyGenerator / org.bouncycastle.jcajce.provider.symmetric.SEED$Poly1305KeyGen
11:37:12.971 [main] INFO eu.europa.esig.dss.spi.DSSUtils - 	ALGORITHM: DSTU7624-256 / Cipher / org.bouncycastle.jcajce.provider.symmetric.DSTU7624$ECB_256
11:37:12.971 [main] INFO eu.europa.esig.dss.spi.DSSUtils - 	ALGORITHM: OID.1.2.804.2.1.1.1.1.2.2.1 / MessageDigest / org.bouncycastle.jcajce.provider.digest.DSTU7564$Digest256
11:37:12.971 [main] INFO eu.europa.esig.dss.spi.DSSUtils - 	ALGORITHM: OID.1.2.804.2.1.1.1.1.2.2.3 / MessageDigest / org.bouncycastle.jcajce.provider.digest.DSTU7564$Digest512
11:37:12.971 [main] INFO eu.europa.esig.dss.spi.DSSUtils - 	ALGORITHM: OID.1.2.804.2.1.1.1.1.2.2.2 / MessageDigest / org.bouncycastle.jcajce.provider.digest.DSTU7564$Digest384
11:37:12.971 [main] INFO eu.europa.esig.dss.spi.DSSUtils - 	ALGORITHM: SHA3-224WITHECDDSA / Signature / org.bouncycastle.jcajce.provider.asymmetric.ec.SignatureSpi$ecDetDSASha3_224
11:37:12.972 [main] INFO eu.europa.esig.dss.spi.DSSUtils - 	ALGORITHM: ED25519 / Signature / org.bouncycastle.jcajce.provider.asymmetric.edec.SignatureSpi$Ed25519
11:37:12.972 [main] INFO eu.europa.esig.dss.spi.DSSUtils - 	ALGORITHM: HMACRIPEMD128 / KeyGenerator / org.bouncycastle.jcajce.provider.digest.RIPEMD128$KeyGenerator
11:37:12.972 [main] INFO eu.europa.esig.dss.spi.DSSUtils - 	ALGORITHM: HMACTIGER / KeyGenerator / org.bouncycastle.jcajce.provider.digest.Tiger$KeyGenerator
11:37:12.972 [main] INFO eu.europa.esig.dss.spi.DSSUtils - 	ALGORITHM: CAST6-GMAC / KeyGenerator / org.bouncycastle.jcajce.provider.symmetric.CAST6$KeyGen
11:37:12.972 [main] INFO eu.europa.esig.dss.spi.DSSUtils - 	ALGORITHM: ECKAEGWITHSHA1KDF / KeyAgreement / org.bouncycastle.jcajce.provider.asymmetric.ec.KeyAgreementSpi$ECKAEGwithSHA1KDF
11:37:12.972 [main] INFO eu.europa.esig.dss.spi.DSSUtils - 	ALGORITHM: ECGOST3410 / KeyPairGenerator / org.bouncycastle.jcajce.provider.asymmetric.ecgost.KeyPairGeneratorSpi
11:37:12.972 [main] INFO eu.europa.esig.dss.spi.DSSUtils - 	ALGORITHM: Skein-512-224 / MessageDigest / org.bouncycastle.jcajce.provider.digest.Skein$Digest_512_224
11:37:12.972 [main] INFO eu.europa.esig.dss.spi.DSSUtils - 	ALGORITHM: OID.1.2.804.2.1.1.1.1.1.3.5.1 / AlgorithmParameters / org.bouncycastle.jcajce.provider.symmetric.DSTU7624$AlgParams
11:37:12.972 [main] INFO eu.europa.esig.dss.spi.DSSUtils - 	ALGORITHM: OID.1.2.804.2.1.1.1.1.1.3.5.2 / AlgorithmParameters / org.bouncycastle.jcajce.provider.symmetric.DSTU7624$AlgParams
11:37:12.972 [main] INFO eu.europa.esig.dss.spi.DSSUtils - 	ALGORITHM: OID.1.2.804.2.1.1.1.1.1.3.5.3 / AlgorithmParameters / org.bouncycastle.jcajce.provider.symmetric.DSTU7624$AlgParams
11:37:12.972 [main] INFO eu.europa.esig.dss.spi.DSSUtils - 	ALGORITHM: ED448 / KeyPairGenerator / org.bouncycastle.jcajce.provider.asymmetric.edec.KeyPairGeneratorSpi$Ed448
11:37:12.972 [main] INFO eu.europa.esig.dss.spi.DSSUtils - 	ALGORITHM: SHA256WITHRSAANDSHAKE256 / Signature / org.bouncycastle.jcajce.provider.asymmetric.rsa.PSSSignatureSpi$SHA256withRSAandSHAKE256
11:37:12.972 [main] INFO eu.europa.esig.dss.spi.DSSUtils - 	ALGORITHM: PARALLELHASH128-256 / MessageDigest / org.bouncycastle.jcajce.provider.digest.SHA3$DigestParallelHash128_256
11:37:12.972 [main] INFO eu.europa.esig.dss.spi.DSSUtils - 	ALGORITHM: 1.2.392.200011.61.1.1.3.3 / KeyGenerator / org.bouncycastle.jcajce.provider.symmetric.Camellia$KeyGen192
11:37:12.972 [main] INFO eu.europa.esig.dss.spi.DSSUtils - 	ALGORITHM: 1.2.392.200011.61.1.1.3.4 / KeyGenerator / org.bouncycastle.jcajce.provider.symmetric.Camellia$KeyGen256
11:37:12.972 [main] INFO eu.europa.esig.dss.spi.DSSUtils - 	ALGORITHM: PBEWITHSHAANDTWOFISH-CBC / Cipher / org.bouncycastle.jcajce.provider.symmetric.Twofish$PBEWithSHA
11:37:12.972 [main] INFO eu.europa.esig.dss.spi.DSSUtils - 	ALGORITHM: DHIESWITHDESEDE-CBC / Cipher / org.bouncycastle.jcajce.provider.asymmetric.dh.IESCipher$IESwithDESedeCBC
11:37:12.972 [main] INFO eu.europa.esig.dss.spi.DSSUtils - 	ALGORITHM: 1.2.392.200011.61.1.1.3.2 / KeyGenerator / org.bouncycastle.jcajce.provider.symmetric.Camellia$KeyGen128
11:37:12.972 [main] INFO eu.europa.esig.dss.spi.DSSUtils - 	ALGORITHM: Skein-MAC-256-128 / Mac / org.bouncycastle.jcajce.provider.digest.Skein$SkeinMac_256_128
11:37:12.972 [main] INFO eu.europa.esig.dss.spi.DSSUtils - 	ALGORITHM: RSA/ISO9796-1 / Cipher / org.bouncycastle.jcajce.provider.asymmetric.rsa.CipherSpi$ISO9796d1Padding
11:37:12.972 [main] INFO eu.europa.esig.dss.spi.DSSUtils - 	ALGORITHM: ARIA-GMAC / Mac / org.bouncycastle.jcajce.provider.symmetric.ARIA$GMAC
11:37:12.972 [main] INFO eu.europa.esig.dss.spi.DSSUtils - 	ALGORITHM: HMACKECCAK512 / Mac / org.bouncycastle.jcajce.provider.digest.Keccak$HashMac512
11:37:12.972 [main] INFO eu.europa.esig.dss.spi.DSSUtils - 	ALGORITHM: HMACSHA3-384 / KeyGenerator / org.bouncycastle.jcajce.provider.digest.SHA3$KeyGenerator384
11:37:12.972 [main] INFO eu.europa.esig.dss.spi.DSSUtils - 	ALGORITHM: Threefish-1024CMAC / Mac / org.bouncycastle.jcajce.provider.symmetric.Threefish$CMAC_1024
11:37:12.972 [main] INFO eu.europa.esig.dss.spi.DSSUtils - 	ALGORITHM: X448WITHSHA512KDF / KeyAgreement / org.bouncycastle.jcajce.provider.asymmetric.edec.KeyAgreementSpi$X448withSHA512KDF
11:37:12.972 [main] INFO eu.europa.esig.dss.spi.DSSUtils - 	ALGORITHM: 1.2.804.2.1.1.1.1.1.3.8.3 / KeyGenerator / org.bouncycastle.jcajce.provider.symmetric.DSTU7624$KeyGen512
11:37:12.972 [main] INFO eu.europa.esig.dss.spi.DSSUtils - 	ALGORITHM: 1.2.804.2.1.1.1.1.1.3.8.2 / KeyGenerator / org.bouncycastle.jcajce.provider.symmetric.DSTU7624$KeyGen256
11:37:12.972 [main] INFO eu.europa.esig.dss.spi.DSSUtils - 	ALGORITHM: 1.2.804.2.1.1.1.1.1.3.8.1 / KeyGenerator / org.bouncycastle.jcajce.provider.symmetric.DSTU7624$KeyGen128
11:37:12.972 [main] INFO eu.europa.esig.dss.spi.DSSUtils - 	ALGORITHM: Threefish-256CMAC / Mac / org.bouncycastle.jcajce.provider.symmetric.Threefish$CMAC_256
11:37:12.972 [main] INFO eu.europa.esig.dss.spi.DSSUtils - 	ALGORITHM: HMACSkein-512-160 / KeyGenerator / org.bouncycastle.jcajce.provider.digest.Skein$HMacKeyGenerator_512_160
11:37:12.973 [main] INFO eu.europa.esig.dss.spi.DSSUtils - 	ALGORITHM: SHA1WITHRSAANDSHAKE256 / Signature / org.bouncycastle.jcajce.provider.asymmetric.rsa.PSSSignatureSpi$SHA1withRSAandSHAKE256
11:37:12.973 [main] INFO eu.europa.esig.dss.spi.DSSUtils - 	ALGORITHM: SHA256WITHECDDSA / Signature / org.bouncycastle.jcajce.provider.asymmetric.ec.SignatureSpi$ecDetDSA256
11:37:12.973 [main] INFO eu.europa.esig.dss.spi.DSSUtils - 	ALGORITHM: DES / AlgorithmParameters / org.bouncycastle.jcajce.provider.symmetric.util.IvAlgorithmParameters
11:37:12.973 [main] INFO eu.europa.esig.dss.spi.DSSUtils - 	ALGORITHM: CAST5 / AlgorithmParameterGenerator / org.bouncycastle.jcajce.provider.symmetric.CAST5$AlgParamGen
11:37:12.973 [main] INFO eu.europa.esig.dss.spi.DSSUtils - 	ALGORITHM: PKCS12-DEF-3DES-3DES / KeyStore / org.bouncycastle.jcajce.provider.keystore.pkcs12.PKCS12KeyStoreSpi$DefPKCS12KeyStore3DES
11:37:12.973 [main] INFO eu.europa.esig.dss.spi.DSSUtils - 	ALGORITHM: HMACRIPEMD160 / KeyGenerator / org.bouncycastle.jcajce.provider.digest.RIPEMD160$KeyGenerator
11:37:12.973 [main] INFO eu.europa.esig.dss.spi.DSSUtils - 	ALGORITHM: DSTU7624-128KW / Cipher / org.bouncycastle.jcajce.provider.symmetric.DSTU7624$Wrap128
11:37:12.973 [main] INFO eu.europa.esig.dss.spi.DSSUtils - 	ALGORITHM: MQVWITHSHA384CKDF / KeyAgreement / org.bouncycastle.jcajce.provider.asymmetric.dh.KeyAgreementSpi$MQVwithSHA384CKDF
11:37:12.973 [main] INFO eu.europa.esig.dss.spi.DSSUtils - 	ALGORITHM: ECIESwithDESEDE-CBC / Cipher / org.bouncycastle.jcajce.provider.asymmetric.ec.IESCipher$ECIESwithDESedeCBC
11:37:12.973 [main] INFO eu.europa.esig.dss.spi.DSSUtils - 	ALGORITHM: OID.1.2.840.113549.3.2 / Cipher / org.bouncycastle.jcajce.provider.symmetric.RC2$CBC
11:37:12.973 [main] INFO eu.europa.esig.dss.spi.DSSUtils - 	ALGORITHM: Multi / CertStore / org.bouncycastle.jce.provider.MultiCertStoreSpi
11:37:12.973 [main] INFO eu.europa.esig.dss.spi.DSSUtils - 	ALGORITHM: PARALLELHASH256-512 / MessageDigest / org.bouncycastle.jcajce.provider.digest.SHA3$DigestParallelHash256_512
11:37:12.973 [main] INFO eu.europa.esig.dss.spi.DSSUtils - 	ALGORITHM: SHA512WITHRSAANDSHAKE256 / Signature / org.bouncycastle.jcajce.provider.asymmetric.rsa.PSSSignatureSpi$SHA512withRSAandSHAKE256
11:37:12.973 [main] INFO eu.europa.esig.dss.spi.DSSUtils - 	ALGORITHM: DESWITHISO9797 / Mac / org.bouncycastle.jcajce.provider.symmetric.DES$DES9797Alg3
11:37:12.973 [main] INFO eu.europa.esig.dss.spi.DSSUtils - 	ALGORITHM: MQVWITHSHA384KDF / KeyAgreement / org.bouncycastle.jcajce.provider.asymmetric.dh.KeyAgreementSpi$MQVwithSHA384KDF
11:37:12.973 [main] INFO eu.europa.esig.dss.spi.DSSUtils - 	ALGORITHM: PBEWITHHMACSHA384 / Mac / org.bouncycastle.jcajce.provider.digest.SHA384$HashMac
11:37:12.973 [main] INFO eu.europa.esig.dss.spi.DSSUtils - 	ALGORITHM: DSTU7624 / KeyGenerator / org.bouncycastle.jcajce.provider.symmetric.DSTU7624$KeyGen
11:37:12.973 [main] INFO eu.europa.esig.dss.spi.DSSUtils - 	ALGORITHM: OID.1.2.840.113549.3.7 / Cipher / org.bouncycastle.jcajce.provider.symmetric.DESede$CBC
11:37:12.973 [main] INFO eu.europa.esig.dss.spi.DSSUtils - 	ALGORITHM: TEA / Cipher / org.bouncycastle.jcajce.provider.symmetric.TEA$ECB
11:37:12.973 [main] INFO eu.europa.esig.dss.spi.DSSUtils - 	ALGORITHM: CAMELLIA-GMAC / Mac / org.bouncycastle.jcajce.provider.symmetric.Camellia$GMAC
11:37:12.973 [main] INFO eu.europa.esig.dss.spi.DSSUtils - 	ALGORITHM: GOST3412MAC / Mac / org.bouncycastle.jcajce.provider.symmetric.GOST3412_2015$Mac
11:37:12.973 [main] INFO eu.europa.esig.dss.spi.DSSUtils - 	ALGORITHM: CERTIFICATEPAIR/COLLECTION / X509Store / org.bouncycastle.jce.provider.X509StoreCertPairCollection
11:37:12.973 [main] INFO eu.europa.esig.dss.spi.DSSUtils - 	ALGORITHM: Shacal2 / Cipher / org.bouncycastle.jcajce.provider.symmetric.Shacal2$ECB
11:37:12.973 [main] INFO eu.europa.esig.dss.spi.DSSUtils - 	ALGORITHM: TNEPRES-GMAC / Mac / org.bouncycastle.jcajce.provider.symmetric.Serpent$TSerpentGMAC
11:37:12.973 [main] INFO eu.europa.esig.dss.spi.DSSUtils - 	ALGORITHM: OID.1.2.804.2.1.1.1.1.1.3.5.3 / KeyGenerator / org.bouncycastle.jcajce.provider.symmetric.DSTU7624$KeyGen512
11:37:12.973 [main] INFO eu.europa.esig.dss.spi.DSSUtils - 	ALGORITHM: EC / KeyPairGenerator / org.bouncycastle.jcajce.provider.asymmetric.ec.KeyPairGeneratorSpi$EC
11:37:12.973 [main] INFO eu.europa.esig.dss.spi.DSSUtils - 	ALGORITHM: OID.1.2.804.2.1.1.1.1.1.3.5.2 / KeyGenerator / org.bouncycastle.jcajce.provider.symmetric.DSTU7624$KeyGen256
11:37:12.973 [main] INFO eu.europa.esig.dss.spi.DSSUtils - 	ALGORITHM: Tnepres / AlgorithmParameters / org.bouncycastle.jcajce.provider.symmetric.Serpent$TAlgParams
11:37:12.973 [main] INFO eu.europa.esig.dss.spi.DSSUtils - 	ALGORITHM: OID.1.2.804.2.1.1.1.1.1.3.5.1 / KeyGenerator / org.bouncycastle.jcajce.provider.symmetric.DSTU7624$KeyGen128
11:37:12.973 [main] INFO eu.europa.esig.dss.spi.DSSUtils - 	ALGORITHM: 1.3.132.1.14.1 / KeyAgreement / org.bouncycastle.jcajce.provider.asymmetric.ec.KeyAgreementSpi$CDHwithSHA256KDFAndSharedInfo
11:37:12.973 [main] INFO eu.europa.esig.dss.spi.DSSUtils - 	ALGORITHM: 1.3.132.1.14.2 / KeyAgreement / org.bouncycastle.jcajce.provider.asymmetric.ec.KeyAgreementSpi$CDHwithSHA384KDFAndSharedInfo
11:37:12.973 [main] INFO eu.europa.esig.dss.spi.DSSUtils - 	ALGORITHM: 1.3.132.1.14.0 / KeyAgreement / org.bouncycastle.jcajce.provider.asymmetric.ec.KeyAgreementSpi$CDHwithSHA224KDFAndSharedInfo
11:37:12.973 [main] INFO eu.europa.esig.dss.spi.DSSUtils - 	ALGORITHM: Twofish-GMAC / KeyGenerator / org.bouncycastle.jcajce.provider.symmetric.Twofish$KeyGen
11:37:12.973 [main] INFO eu.europa.esig.dss.spi.DSSUtils - 	ALGORITHM: OID.1.3.6.1.4.1.22554.4.2 / KeyFactory / org.bouncycastle.jcajce.provider.asymmetric.EXTERNAL$KeyFactory
11:37:12.973 [main] INFO eu.europa.esig.dss.spi.DSSUtils - 	ALGORITHM: HMACMD5 / Mac / org.bouncycastle.jcajce.provider.digest.MD5$HashMac
11:37:12.974 [main] INFO eu.europa.esig.dss.spi.DSSUtils - 	ALGORITHM: 1.3.132.1.14.3 / KeyAgreement / org.bouncycastle.jcajce.provider.asymmetric.ec.KeyAgreementSpi$CDHwithSHA512KDFAndSharedInfo
11:37:12.974 [main] INFO eu.europa.esig.dss.spi.DSSUtils - 	ALGORITHM: HMACMD2 / Mac / org.bouncycastle.jcajce.provider.digest.MD2$HashMac
11:37:12.974 [main] INFO eu.europa.esig.dss.spi.DSSUtils - 	ALGORITHM: HMACMD4 / Mac / org.bouncycastle.jcajce.provider.digest.MD4$HashMac
11:37:12.974 [main] INFO eu.europa.esig.dss.spi.DSSUtils - 	ALGORITHM: DESEDEMAC / Mac / org.bouncycastle.jcajce.provider.symmetric.DESede$CBCMAC
11:37:12.974 [main] INFO eu.europa.esig.dss.spi.DSSUtils - 	ALGORITHM: SHA3-256WITHRSAANDSHAKE256 / Signature / org.bouncycastle.jcajce.provider.asymmetric.rsa.PSSSignatureSpi$SHA3_256withRSAandSHAKE256
11:37:12.974 [main] INFO eu.europa.esig.dss.spi.DSSUtils - 	ALGORITHM: SCRYPT / SecretKeyFactory / org.bouncycastle.jcajce.provider.symmetric.SCRYPT$ScryptWithUTF8
11:37:12.974 [main] INFO eu.europa.esig.dss.spi.DSSUtils - 	ALGORITHM: PBKDF2WITHHMACSM3 / SecretKeyFactory / org.bouncycastle.jcajce.provider.symmetric.PBEPBKDF2$PBKDF2withSM3
11:37:12.974 [main] INFO eu.europa.esig.dss.spi.DSSUtils - 	ALGORITHM: 1.3.14.3.2.7 / Cipher / org.bouncycastle.jcajce.provider.symmetric.DES$CBC
11:37:12.974 [main] INFO eu.europa.esig.dss.spi.DSSUtils - 	ALGORITHM: 1.2.840.113549.1.9.16.3.5 / KeyAgreement / org.bouncycastle.jcajce.provider.asymmetric.dh.KeyAgreementSpi$DHwithRFC2631KDF
11:37:12.974 [main] INFO eu.europa.esig.dss.spi.DSSUtils - 	ALGORITHM: ECGOST3410-2012 / KeyFactory / org.bouncycastle.jcajce.provider.asymmetric.ecgost12.KeyFactorySpi
11:37:12.974 [main] INFO eu.europa.esig.dss.spi.DSSUtils - 	ALGORITHM: HC256 / AlgorithmParameters / org.bouncycastle.jcajce.provider.symmetric.HC256$AlgParams
11:37:12.974 [main] INFO eu.europa.esig.dss.spi.DSSUtils - 	ALGORITHM: DHUWITHSHA224CKDF / KeyAgreement / org.bouncycastle.jcajce.provider.asymmetric.dh.KeyAgreementSpi$DHUwithSHA224CKDF
11:37:12.974 [main] INFO eu.europa.esig.dss.spi.DSSUtils - 	ALGORITHM: SM2WITHBLAKE2B / Cipher / org.bouncycastle.jcajce.provider.asymmetric.ec.GMCipherSpi$SM2withBlake2b
11:37:12.974 [main] INFO eu.europa.esig.dss.spi.DSSUtils - 	ALGORITHM: SM2WITHRIPEMD160 / Cipher / org.bouncycastle.jcajce.provider.asymmetric.ec.GMCipherSpi$SM2withRMD
11:37:12.974 [main] INFO eu.europa.esig.dss.spi.DSSUtils - 	ALGORITHM: SM2WITHSHA384 / Cipher / org.bouncycastle.jcajce.provider.asymmetric.ec.GMCipherSpi$SM2withSha384
11:37:12.974 [main] INFO eu.europa.esig.dss.spi.DSSUtils - 	ALGORITHM: DESEDE / AlgorithmParameters / org.bouncycastle.jcajce.provider.symmetric.util.IvAlgorithmParameters
11:37:12.974 [main] INFO eu.europa.esig.dss.spi.DSSUtils - 	ALGORITHM: SM2WITHSHA256 / Cipher / org.bouncycastle.jcajce.provider.asymmetric.ec.GMCipherSpi$SM2withSha256
11:37:12.974 [main] INFO eu.europa.esig.dss.spi.DSSUtils - 	ALGORITHM: SM2WITHSHA224 / Cipher / org.bouncycastle.jcajce.provider.asymmetric.ec.GMCipherSpi$SM2withSha224
11:37:12.974 [main] INFO eu.europa.esig.dss.spi.DSSUtils - 	ALGORITHM: DESEDEMAC/CFB8 / Mac / org.bouncycastle.jcajce.provider.symmetric.DESede$DESedeCFB8
11:37:12.974 [main] INFO eu.europa.esig.dss.spi.DSSUtils - 	ALGORITHM: NOEKEON / AlgorithmParameterGenerator / org.bouncycastle.jcajce.provider.symmetric.Noekeon$AlgParamGen
11:37:12.974 [main] INFO eu.europa.esig.dss.spi.DSSUtils - 	ALGORITHM: SM2WITHSHA1 / Cipher / org.bouncycastle.jcajce.provider.asymmetric.ec.GMCipherSpi$SM2withSha1
11:37:12.974 [main] INFO eu.europa.esig.dss.spi.DSSUtils - 	ALGORITHM: HC128 / Cipher / org.bouncycastle.jcajce.provider.symmetric.HC128$Base
11:37:12.974 [main] INFO eu.europa.esig.dss.spi.DSSUtils - 	ALGORITHM: DESEDEWRAP / KeyGenerator / org.bouncycastle.jcajce.provider.symmetric.DESede$KeyGenerator
11:37:12.974 [main] INFO eu.europa.esig.dss.spi.DSSUtils - 	ALGORITHM: SHA256WITHRSA/X9.31 / Signature / org.bouncycastle.jcajce.provider.asymmetric.rsa.X931SignatureSpi$SHA256WithRSAEncryption
11:37:12.974 [main] INFO eu.europa.esig.dss.spi.DSSUtils - 	ALGORITHM: SEED / KeyGenerator / org.bouncycastle.jcajce.provider.symmetric.SEED$KeyGen
11:37:12.974 [main] INFO eu.europa.esig.dss.spi.DSSUtils - 	ALGORITHM: MQVWITHSHA1CKDF / KeyAgreement / org.bouncycastle.jcajce.provider.asymmetric.dh.KeyAgreementSpi$MQVwithSHA1CKDF
11:37:12.974 [main] INFO eu.europa.esig.dss.spi.DSSUtils - 	ALGORITHM: GOST3411WITHDSTU4145 / Signature / org.bouncycastle.jcajce.provider.asymmetric.dstu.SignatureSpi
11:37:12.974 [main] INFO eu.europa.esig.dss.spi.DSSUtils - 	ALGORITHM: Collection / CertStore / org.bouncycastle.jce.provider.CertStoreCollectionSpi
11:37:12.974 [main] INFO eu.europa.esig.dss.spi.DSSUtils - 	ALGORITHM: CAMELLIA / AlgorithmParameterGenerator / org.bouncycastle.jcajce.provider.symmetric.Camellia$AlgParamGen
11:37:12.974 [main] INFO eu.europa.esig.dss.spi.DSSUtils - 	ALGORITHM: ECGOST3410 / KeyFactory / org.bouncycastle.jcajce.provider.asymmetric.ecgost.KeyFactorySpi
11:37:12.974 [main] INFO eu.europa.esig.dss.spi.DSSUtils - 	ALGORITHM: DSTU7624KW / Cipher / org.bouncycastle.jcajce.provider.symmetric.DSTU7624$Wrap
11:37:12.974 [main] INFO eu.europa.esig.dss.spi.DSSUtils - 	ALGORITHM: ECIESwithSHA1andAES-CBC / Cipher / org.bouncycastle.jcajce.provider.asymmetric.ec.IESCipher$ECIESwithAESCBC
11:37:12.974 [main] INFO eu.europa.esig.dss.spi.DSSUtils - 	ALGORITHM: 2.16.840.1.101.3.4.2.7 / MessageDigest / org.bouncycastle.jcajce.provider.digest.SHA3$Digest224
11:37:12.974 [main] INFO eu.europa.esig.dss.spi.DSSUtils - 	ALGORITHM: 2.16.840.1.101.3.4.2.9 / MessageDigest / org.bouncycastle.jcajce.provider.digest.SHA3$Digest384
11:37:12.974 [main] INFO eu.europa.esig.dss.spi.DSSUtils - 	ALGORITHM: 2.16.840.1.101.3.4.2.8 / MessageDigest / org.bouncycastle.jcajce.provider.digest.SHA3$Digest256
11:37:12.974 [main] INFO eu.europa.esig.dss.spi.DSSUtils - 	ALGORITHM: ETSIKEMWITHSHA256 / Cipher / org.bouncycastle.jcajce.provider.asymmetric.ec.IESKEMCipher$KEMwithSHA256
11:37:12.974 [main] INFO eu.europa.esig.dss.spi.DSSUtils - 	ALGORITHM: EXTERNAL / KeyFactory / org.bouncycastle.jcajce.provider.asymmetric.EXTERNAL$KeyFactory
11:37:12.974 [main] INFO eu.europa.esig.dss.spi.DSSUtils - 	ALGORITHM: TNEPRES-GMAC / KeyGenerator / org.bouncycastle.jcajce.provider.symmetric.Serpent$TKeyGen
11:37:12.974 [main] INFO eu.europa.esig.dss.spi.DSSUtils - 	ALGORITHM: IDEA / AlgorithmParameters / org.bouncycastle.jcajce.provider.symmetric.IDEA$AlgParams
11:37:12.974 [main] INFO eu.europa.esig.dss.spi.DSSUtils - 	ALGORITHM: POLY1305-Twofish / Mac / org.bouncycastle.jcajce.provider.symmetric.Twofish$Poly1305
11:37:12.974 [main] INFO eu.europa.esig.dss.spi.DSSUtils - 	ALGORITHM: ECGOST3410-2012-512 / Signature / org.bouncycastle.jcajce.provider.asymmetric.ecgost12.ECGOST2012SignatureSpi512
11:37:12.974 [main] INFO eu.europa.esig.dss.spi.DSSUtils - 	ALGORITHM: PBEWITHSHAANDTWOFISH-CBC / SecretKeyFactory / org.bouncycastle.jcajce.provider.symmetric.Twofish$PBEWithSHAKeyFactory
11:37:12.974 [main] INFO eu.europa.esig.dss.spi.DSSUtils - 	ALGORITHM: POLY1305-SM4 / KeyGenerator / org.bouncycastle.jcajce.provider.symmetric.SM4$Poly1305KeyGen
11:37:12.974 [main] INFO eu.europa.esig.dss.spi.DSSUtils - 	ALGORITHM: PBKDF2WITHHMACGOST3411 / SecretKeyFactory / org.bouncycastle.jcajce.provider.symmetric.PBEPBKDF2$PBKDF2withGOST3411
11:37:12.974 [main] INFO eu.europa.esig.dss.spi.DSSUtils - 	ALGORITHM: CERTIFICATE / X509StreamParser / org.bouncycastle.jce.provider.X509CertParser
11:37:12.975 [main] INFO eu.europa.esig.dss.spi.DSSUtils - 	ALGORITHM: ELGAMAL / AlgorithmParameterGenerator / org.bouncycastle.jcajce.provider.asymmetric.elgamal.AlgorithmParameterGeneratorSpi
11:37:12.975 [main] INFO eu.europa.esig.dss.spi.DSSUtils - 	ALGORITHM: SHAKE256-512 / MessageDigest / org.bouncycastle.jcajce.provider.digest.SHA3$DigestShake256_512
11:37:12.975 [main] INFO eu.europa.esig.dss.spi.DSSUtils - 	ALGORITHM: Tnepres / KeyGenerator / org.bouncycastle.jcajce.provider.symmetric.Serpent$TKeyGen
11:37:12.975 [main] INFO eu.europa.esig.dss.spi.DSSUtils - 	ALGORITHM: VMPC-KSA3 / Cipher / org.bouncycastle.jcajce.provider.symmetric.VMPCKSA3$Base
11:37:12.975 [main] INFO eu.europa.esig.dss.spi.DSSUtils - 	ALGORITHM: OID.2.16.840.1.101.3.4.1.2 / Cipher / org.bouncycastle.jcajce.provider.symmetric.AES$CBC
11:37:12.975 [main] INFO eu.europa.esig.dss.spi.DSSUtils - 	ALGORITHM: OID.2.16.840.1.101.3.4.1.1 / Cipher / org.bouncycastle.jcajce.provider.symmetric.AES$ECB
11:37:12.975 [main] INFO eu.europa.esig.dss.spi.DSSUtils - 	ALGORITHM: OID.2.16.840.1.101.3.4.1.4 / Cipher / org.bouncycastle.jcajce.provider.symmetric.AES$CFB
11:37:12.975 [main] INFO eu.europa.esig.dss.spi.DSSUtils - 	ALGORITHM: OID.2.16.840.1.101.3.4.1.3 / Cipher / org.bouncycastle.jcajce.provider.symmetric.AES$OFB
11:37:12.975 [main] INFO eu.europa.esig.dss.spi.DSSUtils - 	ALGORITHM: ECIESwithSHA256 / Cipher / org.bouncycastle.jcajce.provider.asymmetric.ec.IESCipher$ECIESwithSHA256
11:37:12.975 [main] INFO eu.europa.esig.dss.spi.DSSUtils - 	ALGORITHM: OID.2.16.840.1.101.3.4.2.11 / MessageDigest / org.bouncycastle.jcajce.provider.digest.SHA3$DigestShake128_256
11:37:12.975 [main] INFO eu.europa.esig.dss.spi.DSSUtils - 	ALGORITHM: OID.2.16.840.1.101.3.4.2.12 / MessageDigest / org.bouncycastle.jcajce.provider.digest.SHA3$DigestShake256_512
11:37:12.977 [main] INFO eu.europa.esig.dss.spi.DSSUtils - 	ALGORITHM: VMPC / Cipher / org.bouncycastle.jcajce.provider.symmetric.VMPC$Base
11:37:12.977 [main] INFO eu.europa.esig.dss.spi.DSSUtils - 	ALGORITHM: OID.2.16.840.1.101.3.4.2.10 / MessageDigest / org.bouncycastle.jcajce.provider.digest.SHA3$Digest512
11:37:12.977 [main] INFO eu.europa.esig.dss.spi.DSSUtils - 	ALGORITHM: PBEWITHSHA1ANDRC2 / SecretKeyFactory / org.bouncycastle.jcajce.provider.symmetric.RC2$PBEWithSHA1KeyFactory
11:37:12.977 [main] INFO eu.europa.esig.dss.spi.DSSUtils - 	ALGORITHM: SEED-GMAC / Mac / org.bouncycastle.jcajce.provider.symmetric.SEED$GMAC
11:37:12.977 [main] INFO eu.europa.esig.dss.spi.DSSUtils - 	ALGORITHM: RMD256WITHRSA / Signature / org.bouncycastle.jcajce.provider.asymmetric.rsa.DigestSignatureSpi$RIPEMD256
11:37:12.977 [main] INFO eu.europa.esig.dss.spi.DSSUtils - 	ALGORITHM: Twofish / Cipher / org.bouncycastle.jcajce.provider.symmetric.Twofish$ECB
11:37:12.977 [main] INFO eu.europa.esig.dss.spi.DSSUtils - 	ALGORITHM: Skein-256-224 / MessageDigest / org.bouncycastle.jcajce.provider.digest.Skein$Digest_256_224
11:37:12.977 [main] INFO eu.europa.esig.dss.spi.DSSUtils - 	ALGORITHM: SEEDWRAP / Cipher / org.bouncycastle.jcajce.provider.symmetric.SEED$Wrap
11:37:12.977 [main] INFO eu.europa.esig.dss.spi.DSSUtils - 	ALGORITHM: MD2 / MessageDigest / org.bouncycastle.jcajce.provider.digest.MD2$Digest
11:37:12.977 [main] INFO eu.europa.esig.dss.spi.DSSUtils - 	ALGORITHM: MD4 / MessageDigest / org.bouncycastle.jcajce.provider.digest.MD4$Digest
11:37:12.977 [main] INFO eu.europa.esig.dss.spi.DSSUtils - 	ALGORITHM: ECMQVWITHSHA1CKDF / KeyAgreement / org.bouncycastle.jcajce.provider.asymmetric.ec.KeyAgreementSpi$MQVwithSHA1CKDF
11:37:12.977 [main] INFO eu.europa.esig.dss.spi.DSSUtils - 	ALGORITHM: MD5 / MessageDigest / org.bouncycastle.jcajce.provider.digest.MD5$Digest
11:37:12.977 [main] INFO eu.europa.esig.dss.spi.DSSUtils - 	ALGORITHM: OID.1.0.10118.3.0.55 / MessageDigest / org.bouncycastle.jcajce.provider.digest.Whirlpool$Digest
11:37:12.977 [main] INFO eu.europa.esig.dss.spi.DSSUtils - 	ALGORITHM: AESWRAPPAD / KeyGenerator / org.bouncycastle.jcajce.provider.symmetric.AES$KeyGen
11:37:12.978 [main] INFO eu.europa.esig.dss.spi.DSSUtils - 	ALGORITHM: Twofish / AlgorithmParameters / org.bouncycastle.jcajce.provider.symmetric.Twofish$AlgParams
11:37:12.979 [main] INFO eu.europa.esig.dss.spi.DSSUtils - 	ALGORITHM: ECMQVWITHSHA256CKDF / KeyAgreement / org.bouncycastle.jcajce.provider.asymmetric.ec.KeyAgreementSpi$MQVwithSHA256CKDF
11:37:12.979 [main] INFO eu.europa.esig.dss.spi.DSSUtils - 	ALGORITHM: OID.1.3.132.1.14.3 / KeyAgreement / org.bouncycastle.jcajce.provider.asymmetric.ec.KeyAgreementSpi$CDHwithSHA512KDFAndSharedInfo
11:37:12.979 [main] INFO eu.europa.esig.dss.spi.DSSUtils - 	ALGORITHM: OID.1.3.132.1.14.2 / KeyAgreement / org.bouncycastle.jcajce.provider.asymmetric.ec.KeyAgreementSpi$CDHwithSHA384KDFAndSharedInfo
11:37:12.979 [main] INFO eu.europa.esig.dss.spi.DSSUtils - 	ALGORITHM: OID.1.3.132.1.14.1 / KeyAgreement / org.bouncycastle.jcajce.provider.asymmetric.ec.KeyAgreementSpi$CDHwithSHA256KDFAndSharedInfo
11:37:12.979 [main] INFO eu.europa.esig.dss.spi.DSSUtils - 	ALGORITHM: OID.1.3.132.1.14.0 / KeyAgreement / org.bouncycastle.jcajce.provider.asymmetric.ec.KeyAgreementSpi$CDHwithSHA224KDFAndSharedInfo
11:37:12.979 [main] INFO eu.europa.esig.dss.spi.DSSUtils - 	ALGORITHM: HC128 / KeyGenerator / org.bouncycastle.jcajce.provider.symmetric.HC128$KeyGen
11:37:12.979 [main] INFO eu.europa.esig.dss.spi.DSSUtils - 	ALGORITHM: HMACSHA3-512 / KeyGenerator / org.bouncycastle.jcajce.provider.digest.SHA3$KeyGenerator512
11:37:12.979 [main] INFO eu.europa.esig.dss.spi.DSSUtils - 	ALGORITHM: SHA512(224)WITHRSAANDSHAKE256 / Signature / org.bouncycastle.jcajce.provider.asymmetric.rsa.PSSSignatureSpi$SHA512_224withRSAandSHAKE256
11:37:12.979 [main] INFO eu.europa.esig.dss.spi.DSSUtils - 	ALGORITHM: 1.3.6.1.4.1.11591.4.11 / SecretKeyFactory / org.bouncycastle.jcajce.provider.symmetric.SCRYPT$ScryptWithUTF8
11:37:12.979 [main] INFO eu.europa.esig.dss.spi.DSSUtils - 	ALGORITHM: SHA3-512WITHRSAANDSHAKE128 / Signature / org.bouncycastle.jcajce.provider.asymmetric.rsa.PSSSignatureSpi$SHA3_512withRSAandSHAKE128
11:37:12.979 [main] INFO eu.europa.esig.dss.spi.DSSUtils - 	ALGORITHM: ECCDHUWITHSHA384KDF / KeyAgreement / org.bouncycastle.jcajce.provider.asymmetric.ec.KeyAgreementSpi$DHUwithSHA384KDF
11:37:12.979 [main] INFO eu.europa.esig.dss.spi.DSSUtils - 	ALGORITHM: SEED / Cipher / org.bouncycastle.jcajce.provider.symmetric.SEED$ECB
11:37:12.979 [main] INFO eu.europa.esig.dss.spi.DSSUtils - 	ALGORITHM: DSTU4145 / KeyFactory / org.bouncycastle.jcajce.provider.asymmetric.dstu.KeyFactorySpi
11:37:12.979 [main] INFO eu.europa.esig.dss.spi.DSSUtils - 	ALGORITHM: OID.1.2.840.113549.1.9.16.3.5 / KeyAgreement / org.bouncycastle.jcajce.provider.asymmetric.dh.KeyAgreementSpi$DHwithRFC2631KDF
11:37:12.979 [main] INFO eu.europa.esig.dss.spi.DSSUtils - 	ALGORITHM: OID.1.2.804.2.1.1.1.1.1.3.10.3 / KeyGenerator / org.bouncycastle.jcajce.provider.symmetric.DSTU7624$KeyGen512
11:37:12.979 [main] INFO eu.europa.esig.dss.spi.DSSUtils - 	ALGORITHM: ECCDHWITHSHA1KDF / KeyAgreement / org.bouncycastle.jcajce.provider.asymmetric.ec.KeyAgreementSpi$CDHwithSHA1KDFAndSharedInfo
11:37:12.979 [main] INFO eu.europa.esig.dss.spi.DSSUtils - 	ALGORITHM: OID.1.2.804.2.1.1.1.1.1.3.10.2 / KeyGenerator / org.bouncycastle.jcajce.provider.symmetric.DSTU7624$KeyGen256
11:37:12.980 [main] INFO eu.europa.esig.dss.spi.DSSUtils - 	ALGORITHM: OID.1.2.804.2.1.1.1.1.1.3.10.1 / KeyGenerator / org.bouncycastle.jcajce.provider.symmetric.DSTU7624$KeyGen128
11:37:12.980 [main] INFO eu.europa.esig.dss.spi.DSSUtils - 	ALGORITHM: OID.2.16.840.1.101.3.4.1.41 / KeyGenerator / org.bouncycastle.jcajce.provider.symmetric.AES$KeyGen256
11:37:12.980 [main] INFO eu.europa.esig.dss.spi.DSSUtils - 	ALGORITHM: ISO9797ALG3WITHISO7816-4PADDING / Mac / org.bouncycastle.jcajce.provider.symmetric.DES$DES9797Alg3with7816d4
11:37:12.980 [main] INFO eu.europa.esig.dss.spi.DSSUtils - 	ALGORITHM: OID.1.3.6.1.4.1.11591.4.11 / SecretKeyFactory / org.bouncycastle.jcajce.provider.symmetric.SCRYPT$ScryptWithUTF8
11:37:12.980 [main] INFO eu.europa.esig.dss.spi.DSSUtils - 	ALGORITHM: OID.2.16.840.1.101.3.4.1.48 / KeyGenerator / org.bouncycastle.jcajce.provider.symmetric.AES$KeyGen256
11:37:12.980 [main] INFO eu.europa.esig.dss.spi.DSSUtils - 	ALGORITHM: X25519WITHSHA256CKDF / KeyAgreement / org.bouncycastle.jcajce.provider.asymmetric.edec.KeyAgreementSpi$X25519withSHA256CKDF
11:37:12.980 [main] INFO eu.europa.esig.dss.spi.DSSUtils - 	ALGORITHM: OID.2.16.840.1.101.3.4.1.47 / KeyGenerator / org.bouncycastle.jcajce.provider.symmetric.AES$KeyGen256
11:37:12.980 [main] INFO eu.europa.esig.dss.spi.DSSUtils - 	ALGORITHM: SHA1WITHRSA/ISO9796-2 / Signature / org.bouncycastle.jcajce.provider.asymmetric.rsa.ISOSignatureSpi$SHA1WithRSAEncryption
11:37:12.980 [main] INFO eu.europa.esig.dss.spi.DSSUtils - 	ALGORITHM: OID.2.16.840.1.101.3.4.1.46 / KeyGenerator / org.bouncycastle.jcajce.provider.symmetric.AES$KeyGen256
11:37:12.980 [main] INFO eu.europa.esig.dss.spi.DSSUtils - 	ALGORITHM: OID.2.16.840.1.101.3.4.1.45 / KeyGenerator / org.bouncycastle.jcajce.provider.symmetric.AES$KeyGen256
11:37:12.980 [main] INFO eu.europa.esig.dss.spi.DSSUtils - 	ALGORITHM: OID.2.16.840.1.101.3.4.1.44 / KeyGenerator / org.bouncycastle.jcajce.provider.symmetric.AES$KeyGen256
11:37:12.980 [main] INFO eu.europa.esig.dss.spi.DSSUtils - 	ALGORITHM: OID.2.16.840.1.101.3.4.1.43 / KeyGenerator / org.bouncycastle.jcajce.provider.symmetric.AES$KeyGen256
11:37:12.980 [main] INFO eu.europa.esig.dss.spi.DSSUtils - 	ALGORITHM: OID.2.16.840.1.101.3.4.1.42 / KeyGenerator / org.bouncycastle.jcajce.provider.symmetric.AES$KeyGen256
11:37:12.980 [main] INFO eu.europa.esig.dss.spi.DSSUtils - 	ALGORITHM: DHIESwithAES-CBC / Cipher / org.bouncycastle.jcajce.provider.asymmetric.dh.IESCipher$IESwithAESCBC
11:37:12.980 [main] INFO eu.europa.esig.dss.spi.DSSUtils - 	ALGORITHM: SALSA20 / KeyGenerator / org.bouncycastle.jcajce.provider.symmetric.Salsa20$KeyGen
11:37:12.980 [main] INFO eu.europa.esig.dss.spi.DSSUtils - 	ALGORITHM: CRL / X509StreamParser / org.bouncycastle.jce.provider.X509CRLParser
11:37:12.980 [main] INFO eu.europa.esig.dss.spi.DSSUtils - 	ALGORITHM: 1.2.804.2.1.1.1.1.1.3.2.1 / Cipher / org.bouncycastle.jcajce.provider.symmetric.DSTU7624$CTR128
11:37:12.980 [main] INFO eu.europa.esig.dss.spi.DSSUtils - 	ALGORITHM: CERTIFICATE/LDAP / X509Store / org.bouncycastle.jce.provider.X509StoreLDAPCerts
11:37:12.980 [main] INFO eu.europa.esig.dss.spi.DSSUtils - 	ALGORITHM: 1.2.804.2.1.1.1.1.1.3.2.2 / Cipher / org.bouncycastle.jcajce.provider.symmetric.DSTU7624$CTR256
11:37:12.980 [main] INFO eu.europa.esig.dss.spi.DSSUtils - 	ALGORITHM: 1.2.804.2.1.1.1.1.1.3.2.3 / Cipher / org.bouncycastle.jcajce.provider.symmetric.DSTU7624$CTR512
11:37:12.980 [main] INFO eu.europa.esig.dss.spi.DSSUtils - 	ALGORITHM: EDDSA / Signature / org.bouncycastle.jcajce.provider.asymmetric.edec.SignatureSpi$EdDSA
11:37:12.980 [main] INFO eu.europa.esig.dss.spi.DSSUtils - 	ALGORITHM: Skein-MAC-512-160 / Mac / org.bouncycastle.jcajce.provider.digest.Skein$SkeinMac_512_160
11:37:12.980 [main] INFO eu.europa.esig.dss.spi.DSSUtils - 	ALGORITHM: XDH / KeyPairGenerator / org.bouncycastle.jcajce.provider.asymmetric.edec.KeyPairGeneratorSpi$XDH
11:37:12.980 [main] INFO eu.europa.esig.dss.spi.DSSUtils - 	ALGORITHM: RMD160WITHRSA/X9.31 / Signature / org.bouncycastle.jcajce.provider.asymmetric.rsa.X931SignatureSpi$RIPEMD160WithRSAEncryption
11:37:12.980 [main] INFO eu.europa.esig.dss.spi.DSSUtils - 	ALGORITHM: ZUC-256-32 / Mac / org.bouncycastle.jcajce.provider.symmetric.Zuc$ZucMac256_32
11:37:12.980 [main] INFO eu.europa.esig.dss.spi.DSSUtils - 	ALGORITHM: POLY1305-ARIA / Mac / org.bouncycastle.jcajce.provider.symmetric.ARIA$Poly1305
11:37:12.980 [main] INFO eu.europa.esig.dss.spi.DSSUtils - 	ALGORITHM: DSTU7624-512KW / Cipher / org.bouncycastle.jcajce.provider.symmetric.DSTU7624$Wrap512
11:37:12.980 [main] INFO eu.europa.esig.dss.spi.DSSUtils - 	ALGORITHM: DSA / AlgorithmParameters / org.bouncycastle.jcajce.provider.asymmetric.dsa.AlgorithmParametersSpi
11:37:12.980 [main] INFO eu.europa.esig.dss.spi.DSSUtils - 	ALGORITHM: ECGOST3410-2012-512 / KeyAgreement / org.bouncycastle.jcajce.provider.asymmetric.ecgost12.KeyAgreementSpi$ECVKO512
11:37:12.980 [main] INFO eu.europa.esig.dss.spi.DSSUtils - 	ALGORITHM: OID.1.2.410.200046.1.1.9 / KeyGenerator / org.bouncycastle.jcajce.provider.symmetric.ARIA$KeyGen192
11:37:12.980 [main] INFO eu.europa.esig.dss.spi.DSSUtils - 	ALGORITHM: 1.3.132.1.15.0 / KeyAgreement / org.bouncycastle.jcajce.provider.asymmetric.ec.KeyAgreementSpi$MQVwithSHA224KDFAndSharedInfo
11:37:12.980 [main] INFO eu.europa.esig.dss.spi.DSSUtils - 	ALGORITHM: OID.1.2.410.200046.1.1.8 / KeyGenerator / org.bouncycastle.jcajce.provider.symmetric.ARIA$KeyGen192
11:37:12.980 [main] INFO eu.europa.esig.dss.spi.DSSUtils - 	ALGORITHM: 1.3.132.1.15.1 / KeyAgreement / org.bouncycastle.jcajce.provider.asymmetric.ec.KeyAgreementSpi$MQVwithSHA256KDFAndSharedInfo
11:37:12.980 [main] INFO eu.europa.esig.dss.spi.DSSUtils - 	ALGORITHM: SHA224WITHRSA/ISO9796-2 / Signature / org.bouncycastle.jcajce.provider.asymmetric.rsa.ISOSignatureSpi$SHA224WithRSAEncryption
11:37:12.980 [main] INFO eu.europa.esig.dss.spi.DSSUtils - 	ALGORITHM: OID.1.2.410.200046.1.1.4 / KeyGenerator / org.bouncycastle.jcajce.provider.symmetric.ARIA$KeyGen128
11:37:12.980 [main] INFO eu.europa.esig.dss.spi.DSSUtils - 	ALGORITHM: OID.1.2.410.200046.1.1.7 / KeyGenerator / org.bouncycastle.jcajce.provider.symmetric.ARIA$KeyGen192
11:37:12.980 [main] INFO eu.europa.esig.dss.spi.DSSUtils - 	ALGORITHM: SHA3-256WITHRSA / Signature / org.bouncycastle.jcajce.provider.asymmetric.rsa.DigestSignatureSpi$SHA3_256
11:37:12.980 [main] INFO eu.europa.esig.dss.spi.DSSUtils - 	ALGORITHM: 2.16.840.1.101.3.4.1 / SecretKeyFactory / org.bouncycastle.jcajce.provider.symmetric.AES$KeyFactory
11:37:12.980 [main] INFO eu.europa.esig.dss.spi.DSSUtils - 	ALGORITHM: OID.1.2.410.200046.1.1.6 / KeyGenerator / org.bouncycastle.jcajce.provider.symmetric.ARIA$KeyGen192
11:37:12.980 [main] INFO eu.europa.esig.dss.spi.DSSUtils - 	ALGORITHM: CERTIFICATE/COLLECTION / X509Store / org.bouncycastle.jce.provider.X509StoreCertCollection
11:37:12.980 [main] INFO eu.europa.esig.dss.spi.DSSUtils - 	ALGORITHM: OID.1.2.410.200046.1.1.1 / KeyGenerator / org.bouncycastle.jcajce.provider.symmetric.ARIA$KeyGen128
11:37:12.980 [main] INFO eu.europa.esig.dss.spi.DSSUtils - 	ALGORITHM: OID.1.2.840.113549.1.9.16.3.10 / KeyAgreement / org.bouncycastle.jcajce.provider.asymmetric.dh.KeyAgreementSpi$DHwithRFC2631KDF
11:37:12.980 [main] INFO eu.europa.esig.dss.spi.DSSUtils - 	ALGORITHM: OID.1.2.410.200046.1.1.3 / KeyGenerator / org.bouncycastle.jcajce.provider.symmetric.ARIA$KeyGen128
11:37:12.980 [main] INFO eu.europa.esig.dss.spi.DSSUtils - 	ALGORITHM: OID.1.2.410.200046.1.1.2 / KeyGenerator / org.bouncycastle.jcajce.provider.symmetric.ARIA$KeyGen128
11:37:12.980 [main] INFO eu.europa.esig.dss.spi.DSSUtils - 	ALGORITHM: 1.3.132.1.15.2 / KeyAgreement / org.bouncycastle.jcajce.provider.asymmetric.ec.KeyAgreementSpi$MQVwithSHA384KDFAndSharedInfo
11:37:12.980 [main] INFO eu.europa.esig.dss.spi.DSSUtils - 	ALGORITHM: 1.3.132.1.15.3 / KeyAgreement / org.bouncycastle.jcajce.provider.asymmetric.ec.KeyAgreementSpi$MQVwithSHA512KDFAndSharedInfo
11:37:12.980 [main] INFO eu.europa.esig.dss.spi.DSSUtils - 	ALGORITHM: XDH / KeyFactory / org.bouncycastle.jcajce.provider.asymmetric.edec.KeyFactorySpi$XDH
11:37:12.980 [main] INFO eu.europa.esig.dss.spi.DSSUtils - 	ALGORITHM: X448UWITHSHA512KDF / KeyAgreement / org.bouncycastle.jcajce.provider.asymmetric.edec.KeyAgreementSpi$X448UwithSHA512KDF
11:37:12.980 [main] INFO eu.europa.esig.dss.spi.DSSUtils - 	ALGORITHM: KMAC256 / KeyGenerator / org.bouncycastle.jcajce.provider.digest.SHA3$KeyGenerator512
11:37:12.980 [main] INFO eu.europa.esig.dss.spi.DSSUtils - 	ALGORITHM: BLAKE2B-384 / MessageDigest / org.bouncycastle.jcajce.provider.digest.Blake2b$Blake2b384
11:37:12.980 [main] INFO eu.europa.esig.dss.spi.DSSUtils - 	ALGORITHM: PBEWITHMD5AND256BITAES-CBC-OPENSSL / SecretKeyFactory / org.bouncycastle.jcajce.provider.symmetric.AES$PBEWithMD5And256BitAESCBCOpenSSL
11:37:12.980 [main] INFO eu.europa.esig.dss.spi.DSSUtils - 	ALGORITHM: Skein-256-256 / MessageDigest / org.bouncycastle.jcajce.provider.digest.Skein$Digest_256_256
11:37:12.980 [main] INFO eu.europa.esig.dss.spi.DSSUtils - 	ALGORITHM: Threefish-1024 / KeyGenerator / org.bouncycastle.jcajce.provider.symmetric.Threefish$KeyGen_1024
11:37:12.980 [main] INFO eu.europa.esig.dss.spi.DSSUtils - 	ALGORITHM: SHA3-224WITHRSAANDSHAKE256 / Signature / org.bouncycastle.jcajce.provider.asymmetric.rsa.PSSSignatureSpi$SHA3_224withRSAandSHAKE256
11:37:12.980 [main] INFO eu.europa.esig.dss.spi.DSSUtils - 	ALGORITHM: Serpent / AlgorithmParameters / org.bouncycastle.jcajce.provider.symmetric.Serpent$AlgParams
11:37:12.980 [main] INFO eu.europa.esig.dss.spi.DSSUtils - 	ALGORITHM: IESwithAES-CBC / Cipher / org.bouncycastle.jcajce.provider.asymmetric.dh.IESCipher$IESwithAESCBC
11:37:12.980 [main] INFO eu.europa.esig.dss.spi.DSSUtils - 	ALGORITHM: GOST28147MAC / Mac / org.bouncycastle.jcajce.provider.symmetric.GOST28147$Mac
11:37:12.980 [main] INFO eu.europa.esig.dss.spi.DSSUtils - 	ALGORITHM: 1.2.840.113549.3.2 / Cipher / org.bouncycastle.jcajce.provider.symmetric.RC2$CBC
11:37:12.980 [main] INFO eu.europa.esig.dss.spi.DSSUtils - 	ALGORITHM: 1.2.840.113549.3.7 / Cipher / org.bouncycastle.jcajce.provider.symmetric.DESede$CBC
11:37:12.980 [main] INFO eu.europa.esig.dss.spi.DSSUtils - 	ALGORITHM: SHA224WITHDDSA / Signature / org.bouncycastle.jcajce.provider.asymmetric.dsa.DSASigner$detDSA224
11:37:12.980 [main] INFO eu.europa.esig.dss.spi.DSSUtils - 	ALGORITHM: WHIRLPOOL / MessageDigest / org.bouncycastle.jcajce.provider.digest.Whirlpool$Digest
11:37:12.980 [main] INFO eu.europa.esig.dss.spi.DSSUtils - 	ALGORITHM: SHA224WITHECNR / Signature / org.bouncycastle.jcajce.provider.asymmetric.ec.SignatureSpi$ecNR224
11:37:12.980 [main] INFO eu.europa.esig.dss.spi.DSSUtils - 	ALGORITHM: DHUWITHSHA384CKDF / KeyAgreement / org.bouncycastle.jcajce.provider.asymmetric.dh.KeyAgreementSpi$DHUwithSHA384CKDF
11:37:12.981 [main] INFO eu.europa.esig.dss.spi.DSSUtils - 	ALGORITHM: Skein-1024-384 / MessageDigest / org.bouncycastle.jcajce.provider.digest.Skein$Digest_1024_384
11:37:12.981 [main] INFO eu.europa.esig.dss.spi.DSSUtils - 	ALGORITHM: Skein-MAC-512-128 / Mac / org.bouncycastle.jcajce.provider.digest.Skein$SkeinMac_512_128
11:37:12.981 [main] INFO eu.europa.esig.dss.spi.DSSUtils - 	ALGORITHM: SHA512(224)WITHRSAANDMGF1 / Signature / org.bouncycastle.jcajce.provider.asymmetric.rsa.PSSSignatureSpi$SHA512_224withRSA
11:37:12.981 [main] INFO eu.europa.esig.dss.spi.DSSUtils - 	ALGORITHM: 1.3.6.1.4.1.18227.2.1 / KeyFactory / org.bouncycastle.jcajce.provider.asymmetric.COMPOSITE$KeyFactory
11:37:12.981 [main] INFO eu.europa.esig.dss.spi.DSSUtils - 	ALGORITHM: IFIPS / KeyStore / org.bouncycastle.jcajce.provider.keystore.bcfks.BcFKSKeyStoreSpi$StdSharedCompat
11:37:12.981 [main] INFO eu.europa.esig.dss.spi.DSSUtils - 	ALGORITHM: RSA/1 / Cipher / org.bouncycastle.jcajce.provider.asymmetric.rsa.CipherSpi$PKCS1v1_5Padding_PrivateOnly
11:37:12.981 [main] INFO eu.europa.esig.dss.spi.DSSUtils - 	ALGORITHM: AES / KeyGenerator / org.bouncycastle.jcajce.provider.symmetric.AES$KeyGen
11:37:12.981 [main] INFO eu.europa.esig.dss.spi.DSSUtils - 	ALGORITHM: SKIPJACK / Cipher / org.bouncycastle.jcajce.provider.symmetric.Skipjack$ECB
11:37:12.981 [main] INFO eu.europa.esig.dss.spi.DSSUtils - 	ALGORITHM: RSA/2 / Cipher / org.bouncycastle.jcajce.provider.asymmetric.rsa.CipherSpi$PKCS1v1_5Padding_PublicOnly
11:37:12.981 [main] INFO eu.europa.esig.dss.spi.DSSUtils - 	ALGORITHM: ED25519 / KeyPairGenerator / org.bouncycastle.jcajce.provider.asymmetric.edec.KeyPairGeneratorSpi$Ed25519
11:37:12.981 [main] INFO eu.europa.esig.dss.spi.DSSUtils - 	ALGORITHM: ED448 / Signature / org.bouncycastle.jcajce.provider.asymmetric.edec.SignatureSpi$Ed448
11:37:12.981 [main] INFO eu.europa.esig.dss.spi.DSSUtils - 	ALGORITHM: HMACKECCAK512 / KeyGenerator / org.bouncycastle.jcajce.provider.digest.Keccak$KeyGenerator512
11:37:12.981 [main] INFO eu.europa.esig.dss.spi.DSSUtils - 	ALGORITHM: FIPS / KeyStore / org.bouncycastle.jcajce.provider.keystore.bcfks.BcFKSKeyStoreSpi$StdCompat
11:37:12.981 [main] INFO eu.europa.esig.dss.spi.DSSUtils - 	ALGORITHM: Grainv1 / KeyGenerator / org.bouncycastle.jcajce.provider.symmetric.Grainv1$KeyGen
11:37:12.981 [main] INFO eu.europa.esig.dss.spi.DSSUtils - 	ALGORITHM: CHACHA / Cipher / org.bouncycastle.jcajce.provider.symmetric.ChaCha$Base
11:37:12.981 [main] INFO eu.europa.esig.dss.spi.DSSUtils - 	ALGORITHM: DHWITHSHA384KDF / KeyAgreement / org.bouncycastle.jcajce.provider.asymmetric.dh.KeyAgreementSpi$DHwithSHA384KDF
11:37:12.981 [main] INFO eu.europa.esig.dss.spi.DSSUtils - 	ALGORITHM: RC6-GMAC / KeyGenerator / org.bouncycastle.jcajce.provider.symmetric.RC6$KeyGen
11:37:12.981 [main] INFO eu.europa.esig.dss.spi.DSSUtils - 	ALGORITHM: OID.2.16.840.1.101.3.4.1.28 / KeyGenerator / org.bouncycastle.jcajce.provider.symmetric.AES$KeyGen192
11:37:12.981 [main] INFO eu.europa.esig.dss.spi.DSSUtils - 	ALGORITHM: 2.16.840.1.101.3.4.1.24 / Cipher / org.bouncycastle.jcajce.provider.symmetric.AES$CFB
11:37:12.981 [main] INFO eu.europa.esig.dss.spi.DSSUtils - 	ALGORITHM: 2.16.840.1.101.3.4.1.23 / Cipher / org.bouncycastle.jcajce.provider.symmetric.AES$OFB
11:37:12.981 [main] INFO eu.europa.esig.dss.spi.DSSUtils - 	ALGORITHM: ECIESwithSHA256andDESEDE-CBC / Cipher / org.bouncycastle.jcajce.provider.asymmetric.ec.IESCipher$ECIESwithSHA256andDESedeCBC
11:37:12.981 [main] INFO eu.europa.esig.dss.spi.DSSUtils - 	ALGORITHM: SHA384WITHRSAANDSHAKE256 / Signature / org.bouncycastle.jcajce.provider.asymmetric.rsa.PSSSignatureSpi$SHA384withRSAandSHAKE256
11:37:12.981 [main] INFO eu.europa.esig.dss.spi.DSSUtils - 	ALGORITHM: DH / AlgorithmParameters / org.bouncycastle.jcajce.provider.asymmetric.dh.AlgorithmParametersSpi
11:37:12.981 [main] INFO eu.europa.esig.dss.spi.DSSUtils - 	ALGORITHM: OID.2.16.840.1.101.3.4.1.27 / KeyGenerator / org.bouncycastle.jcajce.provider.symmetric.AES$KeyGen192
11:37:12.981 [main] INFO eu.europa.esig.dss.spi.DSSUtils - 	ALGORITHM: OID.2.16.840.1.101.3.4.1.26 / KeyGenerator / org.bouncycastle.jcajce.provider.symmetric.AES$KeyGen192
11:37:12.981 [main] INFO eu.europa.esig.dss.spi.DSSUtils - 	ALGORITHM: OID.2.16.840.1.101.3.4.1.25 / KeyGenerator / org.bouncycastle.jcajce.provider.symmetric.AES$KeyGen192
11:37:12.981 [main] INFO eu.europa.esig.dss.spi.DSSUtils - 	ALGORITHM: OID.2.16.840.1.101.3.4.1.24 / KeyGenerator / org.bouncycastle.jcajce.provider.symmetric.AES$KeyGen192
11:37:12.981 [main] INFO eu.europa.esig.dss.spi.DSSUtils - 	ALGORITHM: 2.16.840.1.101.3.4.1.22 / Cipher / org.bouncycastle.jcajce.provider.symmetric.AES$CBC
11:37:12.981 [main] INFO eu.europa.esig.dss.spi.DSSUtils - 	ALGORITHM: OID.2.16.840.1.101.3.4.1.23 / KeyGenerator / org.bouncycastle.jcajce.provider.symmetric.AES$KeyGen192
11:37:12.981 [main] INFO eu.europa.esig.dss.spi.DSSUtils - 	ALGORITHM: 2.16.840.1.101.3.4.1.21 / Cipher / org.bouncycastle.jcajce.provider.symmetric.AES$ECB
11:37:12.981 [main] INFO eu.europa.esig.dss.spi.DSSUtils - 	ALGORITHM: OID.2.16.840.1.101.3.4.1.22 / KeyGenerator / org.bouncycastle.jcajce.provider.symmetric.AES$KeyGen192
11:37:12.981 [main] INFO eu.europa.esig.dss.spi.DSSUtils - 	ALGORITHM: OID.2.16.840.1.101.3.4.1.21 / KeyGenerator / org.bouncycastle.jcajce.provider.symmetric.AES$KeyGen192
11:37:12.981 [main] INFO eu.europa.esig.dss.spi.DSSUtils - 	ALGORITHM: AESRFC3211WRAP / Cipher / org.bouncycastle.jcajce.provider.symmetric.AES$RFC3211Wrap
11:37:12.981 [main] INFO eu.europa.esig.dss.spi.DSSUtils - 	ALGORITHM: HMACDSTU7564-384 / KeyGenerator / org.bouncycastle.jcajce.provider.digest.DSTU7564$KeyGenerator384
11:37:12.981 [main] INFO eu.europa.esig.dss.spi.DSSUtils - 	ALGORITHM: SHA3-256WITHDDSA / Signature / org.bouncycastle.jcajce.provider.asymmetric.dsa.DSASigner$detDSASha3_256
11:37:12.981 [main] INFO eu.europa.esig.dss.spi.DSSUtils - 	ALGORITHM: NONEWITHDSA / Signature / org.bouncycastle.jcajce.provider.asymmetric.dsa.DSASigner$noneDSA
11:37:12.981 [main] INFO eu.europa.esig.dss.spi.DSSUtils - 	ALGORITHM: HMACRIPEMD256 / KeyGenerator / org.bouncycastle.jcajce.provider.digest.RIPEMD256$KeyGenerator
11:37:12.981 [main] INFO eu.europa.esig.dss.spi.DSSUtils - 	ALGORITHM: RC6 / KeyGenerator / org.bouncycastle.jcajce.provider.symmetric.RC6$KeyGen
11:37:12.981 [main] INFO eu.europa.esig.dss.spi.DSSUtils - 	ALGORITHM: 1.2.804.2.1.1.1.1.1.3.5.1 / AlgorithmParameterGenerator / org.bouncycastle.jcajce.provider.symmetric.DSTU7624$AlgParamGen128
11:37:12.981 [main] INFO eu.europa.esig.dss.spi.DSSUtils - 	ALGORITHM: RC5 / KeyGenerator / org.bouncycastle.jcajce.provider.symmetric.RC5$KeyGen32
11:37:12.981 [main] INFO eu.europa.esig.dss.spi.DSSUtils - 	ALGORITHM: 1.2.804.2.1.1.1.1.1.3.5.2 / AlgorithmParameterGenerator / org.bouncycastle.jcajce.provider.symmetric.DSTU7624$AlgParamGen256
11:37:12.981 [main] INFO eu.europa.esig.dss.spi.DSSUtils - 	ALGORITHM: ECDHWITHSHA1KDF / KeyAgreement / org.bouncycastle.jcajce.provider.asymmetric.ec.KeyAgreementSpi$DHwithSHA1KDFAndSharedInfo
11:37:12.981 [main] INFO eu.europa.esig.dss.spi.DSSUtils - 	ALGORITHM: 1.2.804.2.1.1.1.1.1.3.5.3 / AlgorithmParameterGenerator / org.bouncycastle.jcajce.provider.symmetric.DSTU7624$AlgParamGen512
11:37:12.981 [main] INFO eu.europa.esig.dss.spi.DSSUtils - 	ALGORITHM: RC2 / KeyGenerator / org.bouncycastle.jcajce.provider.symmetric.RC2$KeyGenerator
11:37:12.981 [main] INFO eu.europa.esig.dss.spi.DSSUtils - 	ALGORITHM: BLOWFISH / Cipher / org.bouncycastle.jcajce.provider.symmetric.Blowfish$ECB
11:37:12.981 [main] INFO eu.europa.esig.dss.spi.DSSUtils - 	ALGORITHM: PBKDF2WITHHMACSHA512 / SecretKeyFactory / org.bouncycastle.jcajce.provider.symmetric.PBEPBKDF2$PBKDF2withSHA512
11:37:12.981 [main] INFO eu.europa.esig.dss.spi.DSSUtils - 	ALGORITHM: DSTU7564-256 / MessageDigest / org.bouncycastle.jcajce.provider.digest.DSTU7564$Digest256
11:37:12.982 [main] INFO eu.europa.esig.dss.spi.DSSUtils - 	ALGORITHM: SHA3-384WITHRSA / Signature / org.bouncycastle.jcajce.provider.asymmetric.rsa.DigestSignatureSpi$SHA3_384
11:37:12.982 [main] INFO eu.europa.esig.dss.spi.DSSUtils - 	ALGORITHM: RFC3281 / CertPathValidator / org.bouncycastle.jce.provider.PKIXAttrCertPathValidatorSpi
11:37:12.982 [main] INFO eu.europa.esig.dss.spi.DSSUtils - 	ALGORITHM: RFC3280 / CertPathValidator / org.bouncycastle.jce.provider.PKIXCertPathValidatorSpi_8
11:37:12.982 [main] INFO eu.europa.esig.dss.spi.DSSUtils - 	ALGORITHM: HMACSHA3-224 / Mac / org.bouncycastle.jcajce.provider.digest.SHA3$HashMac224
11:37:12.982 [main] INFO eu.europa.esig.dss.spi.DSSUtils - 	ALGORITHM: 1.2.804.2.1.1.1.1.1.3.3.3 / KeyGenerator / org.bouncycastle.jcajce.provider.symmetric.DSTU7624$KeyGen512
11:37:12.982 [main] INFO eu.europa.esig.dss.spi.DSSUtils - 	ALGORITHM: 1.2.804.2.1.1.1.1.1.3.3.2 / KeyGenerator / org.bouncycastle.jcajce.provider.symmetric.DSTU7624$KeyGen256
11:37:12.982 [main] INFO eu.europa.esig.dss.spi.DSSUtils - 	ALGORITHM: ZUC-128 / Mac / org.bouncycastle.jcajce.provider.symmetric.Zuc$ZucMac128
11:37:12.982 [main] INFO eu.europa.esig.dss.spi.DSSUtils - 	ALGORITHM: 1.2.410.200004.1.4 / KeyGenerator / org.bouncycastle.jcajce.provider.symmetric.SEED$KeyGen
11:37:12.982 [main] INFO eu.europa.esig.dss.spi.DSSUtils - 	ALGORITHM: Skein-512-384 / MessageDigest / org.bouncycastle.jcajce.provider.digest.Skein$Digest_512_384
11:37:12.982 [main] INFO eu.europa.esig.dss.spi.DSSUtils - 	ALGORITHM: 2.16.840.1.101.3.4.1.44 / Cipher / org.bouncycastle.jcajce.provider.symmetric.AES$CFB
11:37:12.982 [main] INFO eu.europa.esig.dss.spi.DSSUtils - 	ALGORITHM: 2.16.840.1.101.3.4.1.43 / Cipher / org.bouncycastle.jcajce.provider.symmetric.AES$OFB
11:37:12.982 [main] INFO eu.europa.esig.dss.spi.DSSUtils - 	ALGORITHM: 2.16.840.1.101.3.4.1.42 / Cipher / org.bouncycastle.jcajce.provider.symmetric.AES$CBC
11:37:12.982 [main] INFO eu.europa.esig.dss.spi.DSSUtils - 	ALGORITHM: 2.16.840.1.101.3.4.1.41 / Cipher / org.bouncycastle.jcajce.provider.symmetric.AES$ECB
11:37:12.982 [main] INFO eu.europa.esig.dss.spi.DSSUtils - 	ALGORITHM: 1.3.133.16.840.63.0.16 / KeyAgreement / org.bouncycastle.jcajce.provider.asymmetric.ec.KeyAgreementSpi$MQVwithSHA1KDFAndSharedInfo
11:37:12.982 [main] INFO eu.europa.esig.dss.spi.DSSUtils - 	ALGORITHM: PBEWITHSHAANDIDEA-CBC / Cipher / org.bouncycastle.jcajce.provider.symmetric.IDEA$PBEWithSHAAndIDEA
11:37:12.982 [main] INFO eu.europa.esig.dss.spi.DSSUtils - 	ALGORITHM: ECMQV / KeyFactory / org.bouncycastle.jcajce.provider.asymmetric.ec.KeyFactorySpi$ECMQV
11:37:12.982 [main] INFO eu.europa.esig.dss.spi.DSSUtils - 	ALGORITHM: 1.2.804.2.1.1.1.1.1.3.3.1 / KeyGenerator / org.bouncycastle.jcajce.provider.symmetric.DSTU7624$KeyGen128
11:37:12.982 [main] INFO eu.europa.esig.dss.spi.DSSUtils - 	ALGORITHM: OID.1.2.410.200046.1.1.14 / Cipher / org.bouncycastle.jcajce.provider.symmetric.ARIA$OFB
11:37:12.982 [main] INFO eu.europa.esig.dss.spi.DSSUtils - 	ALGORITHM: RC6 / AlgorithmParameters / org.bouncycastle.jcajce.provider.symmetric.RC6$AlgParams
11:37:12.982 [main] INFO eu.europa.esig.dss.spi.DSSUtils - 	ALGORITHM: BCFKS / KeyStore / org.bouncycastle.jcajce.provider.keystore.bcfks.BcFKSKeyStoreSpi$Std
11:37:12.982 [main] INFO eu.europa.esig.dss.spi.DSSUtils - 	ALGORITHM: RC5 / AlgorithmParameters / org.bouncycastle.jcajce.provider.symmetric.RC5$AlgParams
11:37:12.982 [main] INFO eu.europa.esig.dss.spi.DSSUtils - 	ALGORITHM: RC2 / AlgorithmParameters / org.bouncycastle.jcajce.provider.symmetric.RC2$AlgParams
11:37:12.982 [main] INFO eu.europa.esig.dss.spi.DSSUtils - 	ALGORITHM: DHUWITHSHA1CKDF / KeyAgreement / org.bouncycastle.jcajce.provider.asymmetric.dh.KeyAgreementSpi$DHUwithSHA1CKDF
11:37:12.982 [main] INFO eu.europa.esig.dss.spi.DSSUtils - 	ALGORITHM: X448WITHSHA512CKDF / KeyAgreement / org.bouncycastle.jcajce.provider.asymmetric.edec.KeyAgreementSpi$X448withSHA512CKDF
11:37:12.982 [main] INFO eu.europa.esig.dss.spi.DSSUtils - 	ALGORITHM: PBEWITHMD2ANDDES / SecretKeyFactory / org.bouncycastle.jcajce.provider.symmetric.DES$PBEWithMD2KeyFactory
11:37:12.982 [main] INFO eu.europa.esig.dss.spi.DSSUtils - 	ALGORITHM: OID.1.2.410.200046.1.1.11 / Cipher / org.bouncycastle.jcajce.provider.symmetric.ARIA$ECB
11:37:12.982 [main] INFO eu.europa.esig.dss.spi.DSSUtils - 	ALGORITHM: OID.1.2.410.200046.1.1.13 / Cipher / org.bouncycastle.jcajce.provider.symmetric.ARIA$CFB
11:37:12.982 [main] INFO eu.europa.esig.dss.spi.DSSUtils - 	ALGORITHM: OID.1.2.410.200046.1.1.12 / Cipher / org.bouncycastle.jcajce.provider.symmetric.ARIA$CBC
11:37:12.982 [main] INFO eu.europa.esig.dss.spi.DSSUtils - 	ALGORITHM: 2.16.840.1.101.3.4.2.10 / MessageDigest / org.bouncycastle.jcajce.provider.digest.SHA3$Digest512
11:37:12.982 [main] INFO eu.europa.esig.dss.spi.DSSUtils - 	ALGORITHM: 2.16.840.1.101.3.4.2.12 / MessageDigest / org.bouncycastle.jcajce.provider.digest.SHA3$DigestShake256_512
11:37:12.982 [main] INFO eu.europa.esig.dss.spi.DSSUtils - 	ALGORITHM: 2.16.840.1.101.3.4.2.11 / MessageDigest / org.bouncycastle.jcajce.provider.digest.SHA3$DigestShake128_256
11:37:12.982 [main] INFO eu.europa.esig.dss.spi.DSSUtils - 	ALGORITHM: SHA512(256)WITHRSA/X9.31 / Signature / org.bouncycastle.jcajce.provider.asymmetric.rsa.X931SignatureSpi$SHA512_256WithRSAEncryption
11:37:12.982 [main] INFO eu.europa.esig.dss.spi.DSSUtils - 	ALGORITHM: OID.1.2.804.2.1.1.1.1.1.3.5.3 / Cipher / org.bouncycastle.jcajce.provider.symmetric.DSTU7624$CBC512
11:37:12.982 [main] INFO eu.europa.esig.dss.spi.DSSUtils - 	ALGORITHM: ZUC-128 / KeyGenerator / org.bouncycastle.jcajce.provider.symmetric.Zuc$KeyGen128
11:37:12.982 [main] INFO eu.europa.esig.dss.spi.DSSUtils - 	ALGORITHM: ECDHWITHSHA384KDF / KeyAgreement / org.bouncycastle.jcajce.provider.asymmetric.ec.KeyAgreementSpi$DHwithSHA384KDFAndSharedInfo
11:37:12.982 [main] INFO eu.europa.esig.dss.spi.DSSUtils - 	ALGORITHM: OID.2.16.840.1.101.3.4.1 / SecretKeyFactory / org.bouncycastle.jcajce.provider.symmetric.AES$KeyFactory
11:37:12.982 [main] INFO eu.europa.esig.dss.spi.DSSUtils - 	ALGORITHM: OID.1.2.804.2.1.1.1.1.1.3.5.1 / Cipher / org.bouncycastle.jcajce.provider.symmetric.DSTU7624$CBC128
11:37:12.982 [main] INFO eu.europa.esig.dss.spi.DSSUtils - 	ALGORITHM: OID.1.2.804.2.1.1.1.1.1.3.5.2 / Cipher / org.bouncycastle.jcajce.provider.symmetric.DSTU7624$CBC256
11:37:12.982 [main] INFO eu.europa.esig.dss.spi.DSSUtils - 	ALGORITHM: PBEWITHMD5AND192BITAES-CBC-OPENSSL / SecretKeyFactory / org.bouncycastle.jcajce.provider.symmetric.AES$PBEWithMD5And192BitAESCBCOpenSSL
11:37:12.982 [main] INFO eu.europa.esig.dss.spi.DSSUtils - 	ALGORITHM: 1.3.6.1.4.1.188.7.1.1.2 / Cipher / org.bouncycastle.jcajce.provider.symmetric.IDEA$CBC
11:37:12.982 [main] INFO eu.europa.esig.dss.spi.DSSUtils - 	ALGORITHM: OLDPBEWITHSHAANDTWOFISH-CBC / Cipher / org.bouncycastle.jce.provider.BrokenJCEBlockCipher$OldPBEWithSHAAndTwofish
11:37:12.982 [main] INFO eu.europa.esig.dss.spi.DSSUtils - 	ALGORITHM: SEED-CMAC / KeyGenerator / org.bouncycastle.jcajce.provider.symmetric.SEED$KeyGen
11:37:12.982 [main] INFO eu.europa.esig.dss.spi.DSSUtils - 	ALGORITHM: HMACSHA3-256 / Mac / org.bouncycastle.jcajce.provider.digest.SHA3$HashMac256
11:37:12.982 [main] INFO eu.europa.esig.dss.spi.DSSUtils - 	ALGORITHM: SHA512WITHDETDSA / Signature / org.bouncycastle.jcajce.provider.asymmetric.dsa.DSASigner$detDSA512
11:37:12.982 [main] INFO eu.europa.esig.dss.spi.DSSUtils - 	ALGORITHM: Serpent / KeyGenerator / org.bouncycastle.jcajce.provider.symmetric.Serpent$KeyGen
11:37:12.983 [main] INFO eu.europa.esig.dss.spi.DSSUtils - 	ALGORITHM: SHA256WITHRSAANDSHAKE128 / Signature / org.bouncycastle.jcajce.provider.asymmetric.rsa.PSSSignatureSpi$SHA256withRSAandSHAKE128
11:37:12.983 [main] INFO eu.europa.esig.dss.spi.DSSUtils - 	ALGORITHM: BouncyCastle / KeyStore / org.bouncycastle.jcajce.provider.keystore.bc.BcKeyStoreSpi$BouncyCastleStore
11:37:12.983 [main] INFO eu.europa.esig.dss.spi.DSSUtils - 	ALGORITHM: DSTU7624 / AlgorithmParameterGenerator / org.bouncycastle.jcajce.provider.symmetric.DSTU7624$AlgParamGen128
11:37:12.983 [main] INFO eu.europa.esig.dss.spi.DSSUtils - 	ALGORITHM: PBKDF2WITHHMACSHA3-256 / SecretKeyFactory / org.bouncycastle.jcajce.provider.symmetric.PBEPBKDF2$PBKDF2withSHA3_256
11:37:12.983 [main] INFO eu.europa.esig.dss.spi.DSSUtils - 	ALGORITHM: BLOWFISHCMAC / Mac / org.bouncycastle.jcajce.provider.symmetric.Blowfish$CMAC
11:37:12.983 [main] INFO eu.europa.esig.dss.spi.DSSUtils - 	ALGORITHM: NOEKEON / AlgorithmParameters / org.bouncycastle.jcajce.provider.symmetric.Noekeon$AlgParams
11:37:12.983 [main] INFO eu.europa.esig.dss.spi.DSSUtils - 	ALGORITHM: ECCDHWITHSHA384KDF / KeyAgreement / org.bouncycastle.jcajce.provider.asymmetric.ec.KeyAgreementSpi$CDHwithSHA384KDFAndSharedInfo
11:37:12.983 [main] INFO eu.europa.esig.dss.spi.DSSUtils - 	ALGORITHM: PKCS12-3DES-40RC2 / KeyStore / org.bouncycastle.jcajce.provider.keystore.pkcs12.PKCS12KeyStoreSpi$BCPKCS12KeyStore
11:37:12.983 [main] INFO eu.europa.esig.dss.spi.DSSUtils - 	ALGORITHM: ARIA / KeyGenerator / org.bouncycastle.jcajce.provider.symmetric.ARIA$KeyGen
11:37:12.983 [main] INFO eu.europa.esig.dss.spi.DSSUtils - 	ALGORITHM: PKIX / CertPathValidator / org.bouncycastle.jce.provider.PKIXCertPathValidatorSpi_8
11:37:12.983 [main] INFO eu.europa.esig.dss.spi.DSSUtils - 	ALGORITHM: VMPC-KSA3 / KeyGenerator / org.bouncycastle.jcajce.provider.symmetric.VMPCKSA3$KeyGen
11:37:12.983 [main] INFO eu.europa.esig.dss.spi.DSSUtils - 	ALGORITHM: Grainv1 / AlgorithmParameters / org.bouncycastle.jcajce.provider.symmetric.Grainv1$AlgParams
11:37:12.983 [main] INFO eu.europa.esig.dss.spi.DSSUtils - 	ALGORITHM: ECDHWITHSHA224KDF / KeyAgreement / org.bouncycastle.jcajce.provider.asymmetric.ec.KeyAgreementSpi$DHwithSHA224KDFAndSharedInfo
11:37:12.983 [main] INFO eu.europa.esig.dss.spi.DSSUtils - 	ALGORITHM: AESRFC5649WRAP / Cipher / org.bouncycastle.jcajce.provider.symmetric.AES$RFC5649Wrap
11:37:12.983 [main] INFO eu.europa.esig.dss.spi.DSSUtils - 	ALGORITHM: SHA3-512 / MessageDigest / org.bouncycastle.jcajce.provider.digest.SHA3$Digest512
11:37:12.983 [main] INFO eu.europa.esig.dss.spi.DSSUtils - 	ALGORITHM: SKIPJACKMAC/CFB8 / Mac / org.bouncycastle.jcajce.provider.symmetric.Skipjack$MacCFB8
11:37:12.983 [main] INFO eu.europa.esig.dss.spi.DSSUtils - 	ALGORITHM: Twofish / KeyGenerator / org.bouncycastle.jcajce.provider.symmetric.Twofish$KeyGen
11:37:12.983 [main] INFO eu.europa.esig.dss.spi.DSSUtils - 	ALGORITHM: DHWITHSHA512KDF / KeyAgreement / org.bouncycastle.jcajce.provider.asymmetric.dh.KeyAgreementSpi$DHwithSHA512KDF
11:37:12.983 [main] INFO eu.europa.esig.dss.spi.DSSUtils - 	ALGORITHM: FIPS-DEF / KeyStore / org.bouncycastle.jcajce.provider.keystore.bcfks.BcFKSKeyStoreSpi$DefCompat
11:37:12.983 [main] INFO eu.europa.esig.dss.spi.DSSUtils - 	ALGORITHM: SM4-GMAC / KeyGenerator / org.bouncycastle.jcajce.provider.symmetric.SM4$KeyGen
11:37:12.983 [main] INFO eu.europa.esig.dss.spi.DSSUtils - 	ALGORITHM: Shacal2 / AlgorithmParameters / org.bouncycastle.jcajce.provider.symmetric.Shacal2$AlgParams
11:37:12.983 [main] INFO eu.europa.esig.dss.spi.DSSUtils - 	ALGORITHM: XIESwithSHA384andAES-CBC / Cipher / org.bouncycastle.jcajce.provider.asymmetric.edec.IESCipher$XIESwithSHA384andAESCBC
11:37:12.983 [main] INFO eu.europa.esig.dss.spi.DSSUtils - 	ALGORITHM: OID.1.2.804.2.1.1.1.1.1.3.2.2 / KeyGenerator / org.bouncycastle.jcajce.provider.symmetric.DSTU7624$KeyGen256
11:37:12.983 [main] INFO eu.europa.esig.dss.spi.DSSUtils - 	ALGORITHM: CAMELLIA / Cipher / org.bouncycastle.jcajce.provider.symmetric.Camellia$ECB
11:37:12.983 [main] INFO eu.europa.esig.dss.spi.DSSUtils - 	ALGORITHM: OID.1.2.804.2.1.1.1.1.1.3.2.1 / KeyGenerator / org.bouncycastle.jcajce.provider.symmetric.DSTU7624$KeyGen128
11:37:12.983 [main] INFO eu.europa.esig.dss.spi.DSSUtils - 	ALGORITHM: SHA512WITHRSAANDSHAKE128 / Signature / org.bouncycastle.jcajce.provider.asymmetric.rsa.PSSSignatureSpi$SHA512withRSAandSHAKE128
11:37:12.983 [main] INFO eu.europa.esig.dss.spi.DSSUtils - 	ALGORITHM: PBKDF2WITHHMACSHA3-224 / SecretKeyFactory / org.bouncycastle.jcajce.provider.symmetric.PBEPBKDF2$PBKDF2withSHA3_224
11:37:12.983 [main] INFO eu.europa.esig.dss.spi.DSSUtils - 	ALGORITHM: OID.1.2.804.2.1.1.1.1.1.3.2.3 / KeyGenerator / org.bouncycastle.jcajce.provider.symmetric.DSTU7624$KeyGen512
11:37:12.983 [main] INFO eu.europa.esig.dss.spi.DSSUtils - 	ALGORITHM: XIESwithSHA1 / Cipher / org.bouncycastle.jcajce.provider.asymmetric.edec.IESCipher$XIES
11:37:12.983 [main] INFO eu.europa.esig.dss.spi.DSSUtils - 	ALGORITHM: XDH / KeyAgreement / org.bouncycastle.jcajce.provider.asymmetric.edec.KeyAgreementSpi$XDH
11:37:12.983 [main] INFO eu.europa.esig.dss.spi.DSSUtils - 	ALGORITHM: DESEDEMAC64 / Mac / org.bouncycastle.jcajce.provider.symmetric.DESede$DESede64
11:37:12.983 [main] INFO eu.europa.esig.dss.spi.DSSUtils - 	ALGORITHM: SHA1WITHRSAANDSHAKE128 / Signature / org.bouncycastle.jcajce.provider.asymmetric.rsa.PSSSignatureSpi$SHA1withRSAandSHAKE128
11:37:12.983 [main] INFO eu.europa.esig.dss.spi.DSSUtils - 	ALGORITHM: BCFKS-DEF / KeyStore / org.bouncycastle.jcajce.provider.keystore.bcfks.BcFKSKeyStoreSpi$Def
11:37:12.983 [main] INFO eu.europa.esig.dss.spi.DSSUtils - 	ALGORITHM: ECCDHWITHSHA512CKDF / KeyAgreement / org.bouncycastle.jcajce.provider.asymmetric.ec.KeyAgreementSpi$DHwithSHA512CKDF
11:37:12.983 [main] INFO eu.europa.esig.dss.spi.DSSUtils - 	ALGORITHM: 1.2.804.2.1.1.1.1.1.3.7.1 / KeyGenerator / org.bouncycastle.jcajce.provider.symmetric.DSTU7624$KeyGen128
11:37:12.983 [main] INFO eu.europa.esig.dss.spi.DSSUtils - 	ALGORITHM: AESCMAC / Mac / org.bouncycastle.jcajce.provider.symmetric.AES$AESCMAC
11:37:12.983 [main] INFO eu.europa.esig.dss.spi.DSSUtils - 	ALGORITHM: 1.2.804.2.1.1.1.1.1.3.7.3 / KeyGenerator / org.bouncycastle.jcajce.provider.symmetric.DSTU7624$KeyGen512
11:37:12.983 [main] INFO eu.europa.esig.dss.spi.DSSUtils - 	ALGORITHM: DSTU7624GMAC / Mac / org.bouncycastle.jcajce.provider.symmetric.DSTU7624$GMAC
11:37:12.983 [main] INFO eu.europa.esig.dss.spi.DSSUtils - 	ALGORITHM: 1.2.804.2.1.1.1.1.1.3.7.2 / KeyGenerator / org.bouncycastle.jcajce.provider.symmetric.DSTU7624$KeyGen256
11:37:12.983 [main] INFO eu.europa.esig.dss.spi.DSSUtils - 	ALGORITHM: SHA3-384WITHRSAANDSHAKE256 / Signature / org.bouncycastle.jcajce.provider.asymmetric.rsa.PSSSignatureSpi$SHA3_384withRSAandSHAKE256
11:37:12.983 [main] INFO eu.europa.esig.dss.spi.DSSUtils - 	ALGORITHM: BCPKCS12 / KeyStore / org.bouncycastle.jcajce.provider.keystore.pkcs12.PKCS12KeyStoreSpi$BCPKCS12KeyStore
11:37:12.983 [main] INFO eu.europa.esig.dss.spi.DSSUtils - 	ALGORITHM: DES / Cipher / org.bouncycastle.jcajce.provider.symmetric.DES$ECB
11:37:12.983 [main] INFO eu.europa.esig.dss.spi.DSSUtils - 	ALGORITHM: OID.1.3.6.1.4.1.11591.13.2.44 / Cipher / org.bouncycastle.jcajce.provider.symmetric.Serpent$CFB
11:37:12.983 [main] INFO eu.europa.esig.dss.spi.DSSUtils - 	ALGORITHM: NOEKEON / KeyGenerator / org.bouncycastle.jcajce.provider.symmetric.Noekeon$KeyGen
11:37:12.983 [main] INFO eu.europa.esig.dss.spi.DSSUtils - 	ALGORITHM: EDDSA / KeyFactory / org.bouncycastle.jcajce.provider.asymmetric.edec.KeyFactorySpi$EdDSA
11:37:12.983 [main] INFO eu.europa.esig.dss.spi.DSSUtils - 	ALGORITHM: OID.1.3.6.1.4.1.11591.13.2.41 / Cipher / org.bouncycastle.jcajce.provider.symmetric.Serpent$ECB
11:37:12.983 [main] INFO eu.europa.esig.dss.spi.DSSUtils - 	ALGORITHM: OID.1.3.6.1.4.1.11591.13.2.42 / Cipher / org.bouncycastle.jcajce.provider.symmetric.Serpent$CBC
11:37:12.983 [main] INFO eu.europa.esig.dss.spi.DSSUtils - 	ALGORITHM: OID.1.3.6.1.4.1.11591.13.2.43 / Cipher / org.bouncycastle.jcajce.provider.symmetric.Serpent$OFB
11:37:12.983 [main] INFO eu.europa.esig.dss.spi.DSSUtils - 	ALGORITHM: Skein-MAC-1024-384 / Mac / org.bouncycastle.jcajce.provider.digest.Skein$SkeinMac_1024_384
11:37:12.983 [main] INFO eu.europa.esig.dss.spi.DSSUtils - 	ALGORITHM: Threefish-1024 / AlgorithmParameters / org.bouncycastle.jcajce.provider.symmetric.Threefish$AlgParams_1024
11:37:12.983 [main] INFO eu.europa.esig.dss.spi.DSSUtils - 	ALGORITHM: HC128 / AlgorithmParameters / org.bouncycastle.jcajce.provider.symmetric.HC128$AlgParams
11:37:12.983 [main] INFO eu.europa.esig.dss.spi.DSSUtils - 	ALGORITHM: ECIESwithSHA256andAES-CBC / Cipher / org.bouncycastle.jcajce.provider.asymmetric.ec.IESCipher$ECIESwithSHA256andAESCBC
11:37:12.983 [main] INFO eu.europa.esig.dss.spi.DSSUtils - 	ALGORITHM: DESEDERFC3211WRAP / Cipher / org.bouncycastle.jcajce.provider.symmetric.DESede$RFC3211
11:37:12.983 [main] INFO eu.europa.esig.dss.spi.DSSUtils - 	ALGORITHM: ECDHWITHSHA512KDF / KeyAgreement / org.bouncycastle.jcajce.provider.asymmetric.ec.KeyAgreementSpi$DHwithSHA512KDFAndSharedInfo
11:37:12.983 [main] INFO eu.europa.esig.dss.spi.DSSUtils - 	ALGORITHM: OID.1.2.804.2.1.1.1.1.1.3.1.1 / Cipher / org.bouncycastle.jcajce.provider.symmetric.DSTU7624$ECB128
11:37:12.983 [main] INFO eu.europa.esig.dss.spi.DSSUtils - 	ALGORITHM: OID.1.2.804.2.1.1.1.1.1.3.1.2 / Cipher / org.bouncycastle.jcajce.provider.symmetric.DSTU7624$ECB256
11:37:12.983 [main] INFO eu.europa.esig.dss.spi.DSSUtils - 	ALGORITHM: OID.1.2.804.2.1.1.1.1.1.3.1.3 / Cipher / org.bouncycastle.jcajce.provider.symmetric.DSTU7624$ECB512
11:37:12.983 [main] INFO eu.europa.esig.dss.spi.DSSUtils - 	ALGORITHM: POLY1305-SERPENT / Mac / org.bouncycastle.jcajce.provider.symmetric.Serpent$Poly1305
11:37:12.983 [main] INFO eu.europa.esig.dss.spi.DSSUtils - 	ALGORITHM: SHA3-256WITHRSAANDSHAKE128 / Signature / org.bouncycastle.jcajce.provider.asymmetric.rsa.PSSSignatureSpi$SHA3_256withRSAandSHAKE128
11:37:12.983 [main] INFO eu.europa.esig.dss.spi.DSSUtils - 	ALGORITHM: RC2MAC/CFB8 / Mac / org.bouncycastle.jcajce.provider.symmetric.RC2$CFB8MAC
11:37:12.983 [main] INFO eu.europa.esig.dss.spi.DSSUtils - 	ALGORITHM: SM4-CMAC / KeyGenerator / org.bouncycastle.jcajce.provider.symmetric.SM4$KeyGen
11:37:12.983 [main] INFO eu.europa.esig.dss.spi.DSSUtils - 	ALGORITHM: KECCAK-384 / MessageDigest / org.bouncycastle.jcajce.provider.digest.Keccak$Digest384
11:37:12.983 [main] INFO eu.europa.esig.dss.spi.DSSUtils - 	ALGORITHM: ZUC-256-64 / Mac / org.bouncycastle.jcajce.provider.symmetric.Zuc$ZucMac256_64
11:37:12.983 [main] INFO eu.europa.esig.dss.spi.DSSUtils - 	ALGORITHM: OID.1.3.6.1.4.1.11591.13.2.22 / Cipher / org.bouncycastle.jcajce.provider.symmetric.Serpent$CBC
11:37:12.983 [main] INFO eu.europa.esig.dss.spi.DSSUtils - 	ALGORITHM: OID.1.3.6.1.4.1.11591.13.2.23 / Cipher / org.bouncycastle.jcajce.provider.symmetric.Serpent$OFB
11:37:12.984 [main] INFO eu.europa.esig.dss.spi.DSSUtils - 	ALGORITHM: OID.1.3.6.1.4.1.11591.13.2.24 / Cipher / org.bouncycastle.jcajce.provider.symmetric.Serpent$CFB
11:37:12.984 [main] INFO eu.europa.esig.dss.spi.DSSUtils - 	ALGORITHM: OID.1.3.6.1.4.1.11591.13.2.21 / Cipher / org.bouncycastle.jcajce.provider.symmetric.Serpent$ECB
11:37:12.984 [main] INFO eu.europa.esig.dss.spi.DSSUtils - 	ALGORITHM: ECCDHUWITHSHA512KDF / KeyAgreement / org.bouncycastle.jcajce.provider.asymmetric.ec.KeyAgreementSpi$DHUwithSHA512KDF
11:37:12.984 [main] INFO eu.europa.esig.dss.spi.DSSUtils - 	ALGORITHM: BKS / KeyStore / org.bouncycastle.jcajce.provider.keystore.bc.BcKeyStoreSpi$Std
11:37:12.984 [main] INFO eu.europa.esig.dss.spi.DSSUtils - 	ALGORITHM: DHUWITHSHA512KDF / KeyAgreement / org.bouncycastle.jcajce.provider.asymmetric.dh.KeyAgreementSpi$DHUwithSHA512KDF
11:37:12.984 [main] INFO eu.europa.esig.dss.spi.DSSUtils - 	ALGORITHM: OID.1.3.133.16.840.63.0.2 / KeyAgreement / org.bouncycastle.jcajce.provider.asymmetric.ec.KeyAgreementSpi$DHwithSHA1KDFAndSharedInfo
11:37:12.984 [main] INFO eu.europa.esig.dss.spi.DSSUtils - 	ALGORITHM: OID.1.3.133.16.840.63.0.3 / KeyAgreement / org.bouncycastle.jcajce.provider.asymmetric.ec.KeyAgreementSpi$CDHwithSHA1KDFAndSharedInfo
11:37:12.984 [main] INFO eu.europa.esig.dss.spi.DSSUtils - 	ALGORITHM: 1.2.804.2.1.1.1.1.1.3.6.1 / Cipher / org.bouncycastle.jcajce.provider.symmetric.DSTU7624$OFB128
11:37:12.984 [main] INFO eu.europa.esig.dss.spi.DSSUtils - 	ALGORITHM: 1.2.804.2.1.1.1.1.1.3.6.2 / Cipher / org.bouncycastle.jcajce.provider.symmetric.DSTU7624$OFB256
11:37:12.984 [main] INFO eu.europa.esig.dss.spi.DSSUtils - 	ALGORITHM: 1.2.804.2.1.1.1.1.1.3.6.3 / Cipher / org.bouncycastle.jcajce.provider.symmetric.DSTU7624$OFB512
11:37:12.984 [main] INFO eu.europa.esig.dss.spi.DSSUtils - 	ALGORITHM: ELGAMAL / KeyPairGenerator / org.bouncycastle.jcajce.provider.asymmetric.elgamal.KeyPairGeneratorSpi
11:37:12.984 [main] INFO eu.europa.esig.dss.spi.DSSUtils - 	ALGORITHM: 1.3.101.111 / KeyAgreement / org.bouncycastle.jcajce.provider.asymmetric.edec.KeyAgreementSpi$X448
11:37:12.984 [main] INFO eu.europa.esig.dss.spi.DSSUtils - 	ALGORITHM: 1.3.101.110 / KeyAgreement / org.bouncycastle.jcajce.provider.asymmetric.edec.KeyAgreementSpi$X25519
11:37:12.984 [main] INFO eu.europa.esig.dss.spi.DSSUtils - 	ALGORITHM: 2.5.8.1.1 / Cipher / org.bouncycastle.jcajce.provider.asymmetric.rsa.CipherSpi$PKCS1v1_5Padding
11:37:12.984 [main] INFO eu.europa.esig.dss.spi.DSSUtils - 	ALGORITHM: IFIPS-DEF / KeyStore / org.bouncycastle.jcajce.provider.keystore.bcfks.BcFKSKeyStoreSpi$DefSharedCompat
11:37:12.984 [main] INFO eu.europa.esig.dss.spi.DSSUtils - 	ALGORITHM: DDSA / Signature / org.bouncycastle.jcajce.provider.asymmetric.dsa.DSASigner$detDSA
11:37:12.984 [main] INFO eu.europa.esig.dss.spi.DSSUtils - 	ALGORITHM: ECCDHWITHSHA512KDF / KeyAgreement / org.bouncycastle.jcajce.provider.asymmetric.ec.KeyAgreementSpi$CDHwithSHA512KDFAndSharedInfo
11:37:12.984 [main] INFO eu.europa.esig.dss.spi.DSSUtils - 	ALGORITHM: IES / AlgorithmParameters / org.bouncycastle.jcajce.provider.asymmetric.ies.AlgorithmParametersSpi
11:37:12.984 [main] INFO eu.europa.esig.dss.spi.DSSUtils - 	ALGORITHM: CAMELLIARFC3211WRAP / Cipher / org.bouncycastle.jcajce.provider.symmetric.Camellia$RFC3211Wrap
11:37:12.984 [main] INFO eu.europa.esig.dss.spi.DSSUtils - 	ALGORITHM: ECCDHWITHSHA384CKDF / KeyAgreement / org.bouncycastle.jcajce.provider.asymmetric.ec.KeyAgreementSpi$DHwithSHA384CKDF
11:37:12.984 [main] INFO eu.europa.esig.dss.spi.DSSUtils - 	ALGORITHM: OID.1.2.804.2.1.1.1.1.1.3.6.2 / KeyGenerator / org.bouncycastle.jcajce.provider.symmetric.DSTU7624$KeyGen256
11:37:12.984 [main] INFO eu.europa.esig.dss.spi.DSSUtils - 	ALGORITHM: OID.1.2.804.2.1.1.1.1.1.3.6.1 / KeyGenerator / org.bouncycastle.jcajce.provider.symmetric.DSTU7624$KeyGen128
11:37:12.984 [main] INFO eu.europa.esig.dss.spi.DSSUtils - 	ALGORITHM: IDEA / Cipher / org.bouncycastle.jcajce.provider.symmetric.IDEA$ECB
11:37:12.984 [main] INFO eu.europa.esig.dss.spi.DSSUtils - 	ALGORITHM: ECIESwithSHA384 / Cipher / org.bouncycastle.jcajce.provider.asymmetric.ec.IESCipher$ECIESwithSHA384
11:37:12.984 [main] INFO eu.europa.esig.dss.spi.DSSUtils - 	ALGORITHM: SHA384WITHRSA/X9.31 / Signature / org.bouncycastle.jcajce.provider.asymmetric.rsa.X931SignatureSpi$SHA384WithRSAEncryption
11:37:12.984 [main] INFO eu.europa.esig.dss.spi.DSSUtils - 	ALGORITHM: 1.3.132.1.11.2 / KeyAgreement / org.bouncycastle.jcajce.provider.asymmetric.ec.KeyAgreementSpi$DHwithSHA384KDFAndSharedInfo
11:37:12.984 [main] INFO eu.europa.esig.dss.spi.DSSUtils - 	ALGORITHM: 1.3.132.1.11.3 / KeyAgreement / org.bouncycastle.jcajce.provider.asymmetric.ec.KeyAgreementSpi$DHwithSHA512KDFAndSharedInfo
11:37:12.984 [main] INFO eu.europa.esig.dss.spi.DSSUtils - 	ALGORITHM: 1.3.132.1.11.0 / KeyAgreement / org.bouncycastle.jcajce.provider.asymmetric.ec.KeyAgreementSpi$DHwithSHA224KDFAndSharedInfo
11:37:12.984 [main] INFO eu.europa.esig.dss.spi.DSSUtils - 	ALGORITHM: 1.3.132.1.11.1 / KeyAgreement / org.bouncycastle.jcajce.provider.asymmetric.ec.KeyAgreementSpi$DHwithSHA256KDFAndSharedInfo
11:37:12.984 [main] INFO eu.europa.esig.dss.spi.DSSUtils - 	ALGORITHM: RIPEMD160WITHRSA/X9.31 / Signature / org.bouncycastle.jcajce.provider.asymmetric.rsa.X931SignatureSpi$RIPEMD160WithRSAEncryption
11:37:12.984 [main] INFO eu.europa.esig.dss.spi.DSSUtils - 	ALGORITHM: OID.1.2.804.2.1.1.1.1.1.3.6.3 / KeyGenerator / org.bouncycastle.jcajce.provider.symmetric.DSTU7624$KeyGen512
11:37:12.984 [main] INFO eu.europa.esig.dss.spi.DSSUtils - 	ALGORITHM: SHA512WITHRSA/ISO9796-2 / Signature / org.bouncycastle.jcajce.provider.asymmetric.rsa.ISOSignatureSpi$SHA512WithRSAEncryption
11:37:12.984 [main] INFO eu.europa.esig.dss.spi.DSSUtils - 	ALGORITHM: OID.1.2.392.200011.61.1.1.1.2 / KeyGenerator / org.bouncycastle.jcajce.provider.symmetric.Camellia$KeyGen128
11:37:12.984 [main] INFO eu.europa.esig.dss.spi.DSSUtils - 	ALGORITHM: X448WITHSHA384CKDF / KeyAgreement / org.bouncycastle.jcajce.provider.asymmetric.edec.KeyAgreementSpi$X448withSHA384CKDF
11:37:12.984 [main] INFO eu.europa.esig.dss.spi.DSSUtils - 	ALGORITHM: OID.1.2.392.200011.61.1.1.1.3 / KeyGenerator / org.bouncycastle.jcajce.provider.symmetric.Camellia$KeyGen192
11:37:12.984 [main] INFO eu.europa.esig.dss.spi.DSSUtils - 	ALGORITHM: DHUWITHSHA1KDF / KeyAgreement / org.bouncycastle.jcajce.provider.asymmetric.dh.KeyAgreementSpi$DHUwithSHA1KDF
11:37:12.984 [main] INFO eu.europa.esig.dss.spi.DSSUtils - 	ALGORITHM: OID.1.2.392.200011.61.1.1.1.4 / KeyGenerator / org.bouncycastle.jcajce.provider.symmetric.Camellia$KeyGen256
11:37:12.984 [main] INFO eu.europa.esig.dss.spi.DSSUtils - 	ALGORITHM: ECDHWITHSHA256KDF / KeyAgreement / org.bouncycastle.jcajce.provider.asymmetric.ec.KeyAgreementSpi$DHwithSHA256KDFAndSharedInfo
11:37:12.984 [main] INFO eu.europa.esig.dss.spi.DSSUtils - 	ALGORITHM: SHA224WITHRSA/X9.31 / Signature / org.bouncycastle.jcajce.provider.asymmetric.rsa.X931SignatureSpi$SHA224WithRSAEncryption
11:37:12.984 [main] INFO eu.europa.esig.dss.spi.DSSUtils - 	ALGORITHM: Threefish-512 / Cipher / org.bouncycastle.jcajce.provider.symmetric.Threefish$ECB_512
11:37:12.984 [main] INFO eu.europa.esig.dss.spi.DSSUtils - 	ALGORITHM: ECDH / KeyAgreement / org.bouncycastle.jcajce.provider.asymmetric.ec.KeyAgreementSpi$DH
11:37:12.984 [main] INFO eu.europa.esig.dss.spi.DSSUtils - 	ALGORITHM: ECMQV / KeyAgreement / org.bouncycastle.jcajce.provider.asymmetric.ec.KeyAgreementSpi$MQV
11:37:12.984 [main] INFO eu.europa.esig.dss.spi.DSSUtils - 	ALGORITHM: PBKDF2 / AlgorithmParameters / org.bouncycastle.jcajce.provider.symmetric.PBEPBKDF2$AlgParams
11:37:12.984 [main] INFO eu.europa.esig.dss.spi.DSSUtils - 	ALGORITHM: ECDH / KeyFactory / org.bouncycastle.jcajce.provider.asymmetric.ec.KeyFactorySpi$ECDH
11:37:12.984 [main] INFO eu.europa.esig.dss.spi.DSSUtils - 	ALGORITHM: Threefish-512CMAC / Mac / org.bouncycastle.jcajce.provider.symmetric.Threefish$CMAC_512
11:37:12.984 [main] INFO eu.europa.esig.dss.spi.DSSUtils - 	ALGORITHM: HMACSHA384 / KeyGenerator / org.bouncycastle.jcajce.provider.digest.SHA384$KeyGenerator
11:37:12.984 [main] INFO eu.europa.esig.dss.spi.DSSUtils - 	ALGORITHM: IES / Cipher / org.bouncycastle.jcajce.provider.asymmetric.dh.IESCipher$IES
11:37:12.984 [main] INFO eu.europa.esig.dss.spi.DSSUtils - 	ALGORITHM: SHA512(224)WITHRSAANDSHAKE128 / Signature / org.bouncycastle.jcajce.provider.asymmetric.rsa.PSSSignatureSpi$SHA512_224withRSAandSHAKE128
11:37:12.984 [main] INFO eu.europa.esig.dss.spi.DSSUtils - 	ALGORITHM: Shacal2 / KeyGenerator / org.bouncycastle.jcajce.provider.symmetric.Shacal2$KeyGen
11:37:12.984 [main] INFO eu.europa.esig.dss.spi.DSSUtils - 	ALGORITHM: 1.2.804.2.1.1.1.1.1.3.1.1 / Cipher / org.bouncycastle.jcajce.provider.symmetric.DSTU7624$ECB128
11:37:12.984 [main] INFO eu.europa.esig.dss.spi.DSSUtils - 	ALGORITHM: 1.2.804.2.1.1.1.1.1.3.1.2 / Cipher / org.bouncycastle.jcajce.provider.symmetric.DSTU7624$ECB256
11:37:12.984 [main] INFO eu.europa.esig.dss.spi.DSSUtils - 	ALGORITHM: 1.2.804.2.1.1.1.1.1.3.1.3 / Cipher / org.bouncycastle.jcajce.provider.symmetric.DSTU7624$ECB512
11:37:12.984 [main] INFO eu.europa.esig.dss.spi.DSSUtils - 	ALGORITHM: NOEKEON-GMAC / KeyGenerator / org.bouncycastle.jcajce.provider.symmetric.Noekeon$KeyGen
11:37:12.984 [main] INFO eu.europa.esig.dss.spi.DSSUtils - 	ALGORITHM: PBEWITHHMACSHA512 / Mac / org.bouncycastle.jcajce.provider.digest.SHA512$HashMac
11:37:12.984 [main] INFO eu.europa.esig.dss.spi.DSSUtils - 	ALGORITHM: SHA224WITHECDDSA / Signature / org.bouncycastle.jcajce.provider.asymmetric.ec.SignatureSpi$ecDetDSA224
11:37:12.984 [main] INFO eu.europa.esig.dss.spi.DSSUtils - 	ALGORITHM: 1.3.6.1.4.1.3029.1.1.2 / Cipher / org.bouncycastle.jcajce.provider.symmetric.Blowfish$CBC
11:37:12.984 [main] INFO eu.europa.esig.dss.spi.DSSUtils - 	ALGORITHM: AES / SecretKeyFactory / org.bouncycastle.jcajce.provider.symmetric.AES$KeyFactory
11:37:12.984 [main] INFO eu.europa.esig.dss.spi.DSSUtils - 	ALGORITHM: OID.1.2.392.200011.61.1.1.3.2 / KeyGenerator / org.bouncycastle.jcajce.provider.symmetric.Camellia$KeyGen128
11:37:12.984 [main] INFO eu.europa.esig.dss.spi.DSSUtils - 	ALGORITHM: DHUWITHSHA384KDF / KeyAgreement / org.bouncycastle.jcajce.provider.asymmetric.dh.KeyAgreementSpi$DHUwithSHA384KDF
11:37:12.984 [main] INFO eu.europa.esig.dss.spi.DSSUtils - 	ALGORITHM: 1.2.840.113549.3.2 / KeyGenerator / org.bouncycastle.jcajce.provider.symmetric.RC2$KeyGenerator
11:37:12.984 [main] INFO eu.europa.esig.dss.spi.DSSUtils - 	ALGORITHM: OID.1.2.392.200011.61.1.1.3.3 / KeyGenerator / org.bouncycastle.jcajce.provider.symmetric.Camellia$KeyGen192
11:37:12.984 [main] INFO eu.europa.esig.dss.spi.DSSUtils - 	ALGORITHM: OID.1.2.392.200011.61.1.1.3.4 / KeyGenerator / org.bouncycastle.jcajce.provider.symmetric.Camellia$KeyGen256
11:37:12.984 [main] INFO eu.europa.esig.dss.spi.DSSUtils - 	ALGORITHM: 1.2.840.113549.3.7 / KeyGenerator / org.bouncycastle.jcajce.provider.symmetric.DESede$KeyGenerator3
11:37:12.985 [main] INFO eu.europa.esig.dss.spi.DSSUtils - 	ALGORITHM: PKCS12-3DES-3DES / KeyStore / org.bouncycastle.jcajce.provider.keystore.pkcs12.PKCS12KeyStoreSpi$BCPKCS12KeyStore3DES
11:37:12.985 [main] INFO eu.europa.esig.dss.spi.DSSUtils - 	ALGORITHM: SHA512(256)WITHRSAANDSHAKE128 / Signature / org.bouncycastle.jcajce.provider.asymmetric.rsa.PSSSignatureSpi$SHA512_256withRSAandSHAKE128
11:37:12.985 [main] INFO eu.europa.esig.dss.spi.DSSUtils - 	ALGORITHM: DHUWITHSHA512CKDF / KeyAgreement / org.bouncycastle.jcajce.provider.asymmetric.dh.KeyAgreementSpi$DHUwithSHA512CKDF
11:37:12.985 [main] INFO eu.europa.esig.dss.spi.DSSUtils - 	ALGORITHM: ELGAMAL / Cipher / org.bouncycastle.jcajce.provider.asymmetric.elgamal.CipherSpi$NoPadding
11:37:12.985 [main] INFO eu.europa.esig.dss.spi.DSSUtils - 	ALGORITHM: SHACAL-2 / AlgorithmParameterGenerator / org.bouncycastle.jcajce.provider.symmetric.Shacal2$AlgParamGen
11:37:12.985 [main] INFO eu.europa.esig.dss.spi.DSSUtils - 	ALGORITHM: ECMQVWITHSHA224CKDF / KeyAgreement / org.bouncycastle.jcajce.provider.asymmetric.ec.KeyAgreementSpi$MQVwithSHA224CKDF
11:37:12.985 [main] INFO eu.europa.esig.dss.spi.DSSUtils - 	ALGORITHM: PBKDF2WITHHMACSHA256 / SecretKeyFactory / org.bouncycastle.jcajce.provider.symmetric.PBEPBKDF2$PBKDF2withSHA256
11:37:12.985 [main] INFO eu.europa.esig.dss.spi.DSSUtils - 	ALGORITHM: 1.2.410.200004.7.1.1.1 / KeyGenerator / org.bouncycastle.jcajce.provider.symmetric.SEED$KeyGen
11:37:12.985 [main] INFO eu.europa.esig.dss.spi.DSSUtils - 	ALGORITHM: ECKAEGWITHRIPEMD160KDF / KeyAgreement / org.bouncycastle.jcajce.provider.asymmetric.ec.KeyAgreementSpi$ECKAEGwithRIPEMD160KDF
11:37:12.985 [main] INFO eu.europa.esig.dss.spi.DSSUtils - 	ALGORITHM: OID.1.2.410.200004.1.4 / KeyGenerator / org.bouncycastle.jcajce.provider.symmetric.SEED$KeyGen
11:37:12.985 [main] INFO eu.europa.esig.dss.spi.DSSUtils - 	ALGORITHM: Skein-MAC-512-512 / Mac / org.bouncycastle.jcajce.provider.digest.Skein$SkeinMac_512_512
11:37:12.985 [main] INFO eu.europa.esig.dss.spi.DSSUtils - 	ALGORITHM: 1.3.133.16.840.63.0.2 / KeyAgreement / org.bouncycastle.jcajce.provider.asymmetric.ec.KeyAgreementSpi$DHwithSHA1KDFAndSharedInfo
11:37:12.985 [main] INFO eu.europa.esig.dss.spi.DSSUtils - 	ALGORITHM: 1.3.133.16.840.63.0.3 / KeyAgreement / org.bouncycastle.jcajce.provider.asymmetric.ec.KeyAgreementSpi$CDHwithSHA1KDFAndSharedInfo
11:37:12.985 [main] INFO eu.europa.esig.dss.spi.DSSUtils - 	ALGORITHM: SHACAL-2 / Cipher / org.bouncycastle.jcajce.provider.symmetric.Shacal2$ECB
11:37:12.985 [main] INFO eu.europa.esig.dss.spi.DSSUtils - 	ALGORITHM: Skein-256-128 / MessageDigest / org.bouncycastle.jcajce.provider.digest.Skein$Digest_256_128
11:37:12.985 [main] INFO eu.europa.esig.dss.spi.DSSUtils - 	ALGORITHM: SHA3-384WITHECDDSA / Signature / org.bouncycastle.jcajce.provider.asymmetric.ec.SignatureSpi$ecDetDSASha3_384
11:37:12.985 [main] INFO eu.europa.esig.dss.spi.DSSUtils - 	ALGORITHM: ECMQVWITHSHA384CKDF / KeyAgreement / org.bouncycastle.jcajce.provider.asymmetric.ec.KeyAgreementSpi$MQVwithSHA384CKDF
11:37:12.985 [main] INFO eu.europa.esig.dss.spi.DSSUtils - 	ALGORITHM: OID.1.3.6.1.4.1.188.7.1.1.2 / KeyGenerator / org.bouncycastle.jcajce.provider.symmetric.IDEA$KeyGen
11:37:12.985 [main] INFO eu.europa.esig.dss.spi.DSSUtils - 	ALGORITHM: PKCS12 / KeyStore / org.bouncycastle.jcajce.provider.keystore.pkcs12.PKCS12KeyStoreSpi$BCPKCS12KeyStore
11:37:12.985 [main] INFO eu.europa.esig.dss.spi.DSSUtils - 	ALGORITHM: SHA1WITHDDSA / Signature / org.bouncycastle.jcajce.provider.asymmetric.dsa.DSASigner$detDSA
11:37:12.985 [main] INFO eu.europa.esig.dss.spi.DSSUtils - 	ALGORITHM: OID.1.2.410.200004.7.1.1.1 / KeyGenerator / org.bouncycastle.jcajce.provider.symmetric.SEED$KeyGen
11:37:12.985 [main] INFO eu.europa.esig.dss.spi.DSSUtils - 	ALGORITHM: 1.2.410.200046.1.1.13 / Cipher / org.bouncycastle.jcajce.provider.symmetric.ARIA$CFB
11:37:12.985 [main] INFO eu.europa.esig.dss.spi.DSSUtils - 	ALGORITHM: 1.2.410.200046.1.1.12 / Cipher / org.bouncycastle.jcajce.provider.symmetric.ARIA$CBC
11:37:12.985 [main] INFO eu.europa.esig.dss.spi.DSSUtils - 	ALGORITHM: 1.2.410.200046.1.1.11 / Cipher / org.bouncycastle.jcajce.provider.symmetric.ARIA$ECB
11:37:12.985 [main] INFO eu.europa.esig.dss.spi.DSSUtils - 	ALGORITHM: 1.2.410.200046.1.1.14 / Cipher / org.bouncycastle.jcajce.provider.symmetric.ARIA$OFB
11:37:12.985 [main] INFO eu.europa.esig.dss.spi.DSSUtils - 	ALGORITHM: PKCS12-DEF / KeyStore / org.bouncycastle.jcajce.provider.keystore.pkcs12.PKCS12KeyStoreSpi$DefPKCS12KeyStore
11:37:12.985 [main] INFO eu.europa.esig.dss.spi.DSSUtils - 	ALGORITHM: SHA1WITHECNR / Signature / org.bouncycastle.jcajce.provider.asymmetric.ec.SignatureSpi$ecNR
11:37:12.985 [main] INFO eu.europa.esig.dss.spi.DSSUtils - 	ALGORITHM: PBKDF2WITHHMACSHA224 / SecretKeyFactory / org.bouncycastle.jcajce.provider.symmetric.PBEPBKDF2$PBKDF2withSHA224
11:37:12.985 [main] INFO eu.europa.esig.dss.spi.DSSUtils - 	ALGORITHM: SHA256WITHDDSA / Signature / org.bouncycastle.jcajce.provider.asymmetric.dsa.DSASigner$detDSA256
11:37:12.985 [main] INFO eu.europa.esig.dss.spi.DSSUtils - 	ALGORITHM: PBEWITHHMACRIPEMD160 / SecretKeyFactory / org.bouncycastle.jcajce.provider.digest.RIPEMD160$PBEWithHmacKeyFactory
11:37:12.985 [main] INFO eu.europa.esig.dss.spi.DSSUtils - 	ALGORITHM: SHA256WITHECNR / Signature / org.bouncycastle.jcajce.provider.asymmetric.ec.SignatureSpi$ecNR256
11:37:12.985 [main] INFO eu.europa.esig.dss.spi.DSSUtils - 	ALGORITHM: 1.2.804.2.1.1.1.1.1.3.2.3 / KeyGenerator / org.bouncycastle.jcajce.provider.symmetric.DSTU7624$KeyGen512
11:37:12.985 [main] INFO eu.europa.esig.dss.spi.DSSUtils - 	ALGORITHM: ZUC-256 / Cipher / org.bouncycastle.jcajce.provider.symmetric.Zuc$Zuc256
11:37:12.985 [main] INFO eu.europa.esig.dss.spi.DSSUtils - 	ALGORITHM: KMAC256 / Mac / org.bouncycastle.jcajce.provider.digest.SHA3$KMac256
11:37:12.985 [main] INFO eu.europa.esig.dss.spi.DSSUtils - 	ALGORITHM: MQVWITHSHA224KDF / KeyAgreement / org.bouncycastle.jcajce.provider.asymmetric.dh.KeyAgreementSpi$MQVwithSHA224KDF
11:37:12.985 [main] INFO eu.europa.esig.dss.spi.DSSUtils - 	ALGORITHM: ECIES / Cipher / org.bouncycastle.jcajce.provider.asymmetric.ec.IESCipher$ECIES
11:37:12.985 [main] INFO eu.europa.esig.dss.spi.DSSUtils - 	ALGORITHM: 1.2.804.2.1.1.1.1.1.3.2.2 / KeyGenerator / org.bouncycastle.jcajce.provider.symmetric.DSTU7624$KeyGen256
11:37:12.985 [main] INFO eu.europa.esig.dss.spi.DSSUtils - 	ALGORITHM: 1.2.804.2.1.1.1.1.1.3.2.1 / KeyGenerator / org.bouncycastle.jcajce.provider.symmetric.DSTU7624$KeyGen128
11:37:12.985 [main] INFO eu.europa.esig.dss.spi.DSSUtils - 	ALGORITHM: XIESwithSHA384 / Cipher / org.bouncycastle.jcajce.provider.asymmetric.edec.IESCipher$XIESwithSHA384
11:37:12.985 [main] INFO eu.europa.esig.dss.spi.DSSUtils - 	ALGORITHM: SHA384WITHRSAANDSHAKE128 / Signature / org.bouncycastle.jcajce.provider.asymmetric.rsa.PSSSignatureSpi$SHA384withRSAandSHAKE128
11:37:12.985 [main] INFO eu.europa.esig.dss.spi.DSSUtils - 	ALGORITHM: 1.3.6.1.4.1.188.7.1.1.2 / AlgorithmParameterGenerator / org.bouncycastle.jcajce.provider.symmetric.IDEA$AlgParamGen
11:37:12.985 [main] INFO eu.europa.esig.dss.spi.DSSUtils - 	ALGORITHM: ECMQVWITHSHA384KDF / KeyAgreement / org.bouncycastle.jcajce.provider.asymmetric.ec.KeyAgreementSpi$MQVwithSHA384KDF
11:37:12.985 [main] INFO eu.europa.esig.dss.spi.DSSUtils - 	ALGORITHM: Skein-256-160 / MessageDigest / org.bouncycastle.jcajce.provider.digest.Skein$Digest_256_160
11:37:12.985 [main] INFO eu.europa.esig.dss.spi.DSSUtils - 	ALGORITHM: ECCDHUWITHSHA512CKDF / KeyAgreement / org.bouncycastle.jcajce.provider.asymmetric.ec.KeyAgreementSpi$DHUwithSHA512CKDF
11:37:12.985 [main] INFO eu.europa.esig.dss.spi.DSSUtils - 	ALGORITHM: ECKAEGWITHSHA224KDF / KeyAgreement / org.bouncycastle.jcajce.provider.asymmetric.ec.KeyAgreementSpi$ECKAEGwithSHA224KDF
11:37:12.985 [main] INFO eu.europa.esig.dss.spi.DSSUtils - 	ALGORITHM: CERTIFICATEPAIR/LDAP / X509Store / org.bouncycastle.jce.provider.X509StoreLDAPCertPairs
11:37:12.985 [main] INFO eu.europa.esig.dss.spi.DSSUtils - 	ALGORITHM: OID.1.3.132.1.11.1 / KeyAgreement / org.bouncycastle.jcajce.provider.asymmetric.ec.KeyAgreementSpi$DHwithSHA256KDFAndSharedInfo
11:37:12.985 [main] INFO eu.europa.esig.dss.spi.DSSUtils - 	ALGORITHM: OID.1.3.132.1.11.0 / KeyAgreement / org.bouncycastle.jcajce.provider.asymmetric.ec.KeyAgreementSpi$DHwithSHA224KDFAndSharedInfo
11:37:12.985 [main] INFO eu.europa.esig.dss.spi.DSSUtils - 	ALGORITHM: OID.1.3.132.1.11.3 / KeyAgreement / org.bouncycastle.jcajce.provider.asymmetric.ec.KeyAgreementSpi$DHwithSHA512KDFAndSharedInfo
11:37:12.985 [main] INFO eu.europa.esig.dss.spi.DSSUtils - 	ALGORITHM: OID.1.3.132.1.11.2 / KeyAgreement / org.bouncycastle.jcajce.provider.asymmetric.ec.KeyAgreementSpi$DHwithSHA384KDFAndSharedInfo
11:37:12.985 [main] INFO eu.europa.esig.dss.spi.DSSUtils - 	ALGORITHM: CAST5 / Cipher / org.bouncycastle.jcajce.provider.symmetric.CAST5$ECB
11:37:12.985 [main] INFO eu.europa.esig.dss.spi.DSSUtils - 	ALGORITHM: CAST6 / Cipher / org.bouncycastle.jcajce.provider.symmetric.CAST6$ECB
11:37:12.985 [main] INFO eu.europa.esig.dss.spi.DSSUtils - 	ALGORITHM: 1.2.840.113549.3.2 / AlgorithmParameters / org.bouncycastle.jcajce.provider.symmetric.RC2$AlgParams
11:37:12.985 [main] INFO eu.europa.esig.dss.spi.DSSUtils - 	ALGORITHM: SHA512(224)WITHRSA/ISO9796-2 / Signature / org.bouncycastle.jcajce.provider.asymmetric.rsa.ISOSignatureSpi$SHA512_224WithRSAEncryption
11:37:12.985 [main] INFO eu.europa.esig.dss.spi.DSSUtils - 	ALGORITHM: PKCS12-DEF-3DES-40RC2 / KeyStore / org.bouncycastle.jcajce.provider.keystore.pkcs12.PKCS12KeyStoreSpi$DefPKCS12KeyStore
11:37:12.985 [main] INFO eu.europa.esig.dss.spi.DSSUtils - 	ALGORITHM: DETDSA / Signature / org.bouncycastle.jcajce.provider.asymmetric.dsa.DSASigner$detDSA
11:37:12.985 [main] INFO eu.europa.esig.dss.spi.DSSUtils - 	ALGORITHM: XIESwithSHA1andAES-CBC / Cipher / org.bouncycastle.jcajce.provider.asymmetric.edec.IESCipher$XIESwithAESCBC
11:37:12.985 [main] INFO eu.europa.esig.dss.spi.DSSUtils - 	ALGORITHM: X25519WITHSHA256KDF / KeyAgreement / org.bouncycastle.jcajce.provider.asymmetric.edec.KeyAgreementSpi$X25519withSHA256KDF
11:37:12.985 [main] INFO eu.europa.esig.dss.spi.DSSUtils - 	ALGORITHM: RFC3281 / CertPathBuilder / org.bouncycastle.jce.provider.PKIXAttrCertPathBuilderSpi
11:37:12.985 [main] INFO eu.europa.esig.dss.spi.DSSUtils - 	ALGORITHM: RFC3280 / CertPathBuilder / org.bouncycastle.jce.provider.PKIXCertPathBuilderSpi_8
11:37:12.985 [main] INFO eu.europa.esig.dss.spi.DSSUtils - 	ALGORITHM: GOST3412-2015 / KeyGenerator / org.bouncycastle.jcajce.provider.symmetric.GOST3412_2015$KeyGen
11:37:12.986 [main] INFO eu.europa.esig.dss.spi.DSSUtils - 	ALGORITHM: SIPHASH128-4-8 / Mac / org.bouncycastle.jcajce.provider.symmetric.SipHash128$Mac48
11:37:12.986 [main] INFO eu.europa.esig.dss.spi.DSSUtils - 	ALGORITHM: OID.1.2.840.113549.1.9.16.3.6 / Cipher / org.bouncycastle.jcajce.provider.symmetric.DESede$Wrap
11:37:12.986 [main] INFO eu.europa.esig.dss.spi.DSSUtils - 	ALGORITHM: MQVWITHSHA512CKDF / KeyAgreement / org.bouncycastle.jcajce.provider.asymmetric.dh.KeyAgreementSpi$MQVwithSHA512CKDF
11:37:12.986 [main] INFO eu.europa.esig.dss.spi.DSSUtils - 	ALGORITHM: NONEwithECDSA / Signature / org.bouncycastle.jcajce.provider.asymmetric.ec.SignatureSpi$ecDSAnone
11:37:12.986 [main] INFO eu.europa.esig.dss.spi.DSSUtils - 	ALGORITHM: ARIA / Cipher / org.bouncycastle.jcajce.provider.symmetric.ARIA$ECB
11:37:12.986 [main] INFO eu.europa.esig.dss.spi.DSSUtils - 	ALGORITHM: SHA3-512WITHDDSA / Signature / org.bouncycastle.jcajce.provider.asymmetric.dsa.DSASigner$detDSASha3_512
11:37:12.986 [main] INFO eu.europa.esig.dss.spi.DSSUtils - 	ALGORITHM: XIESwithSHA512andAES-CBC / Cipher / org.bouncycastle.jcajce.provider.asymmetric.edec.IESCipher$XIESwithSHA512andAESCBC
11:37:12.986 [main] INFO eu.europa.esig.dss.spi.DSSUtils - 	ALGORITHM: ECKAEGWITHSHA256KDF / KeyAgreement / org.bouncycastle.jcajce.provider.asymmetric.ec.KeyAgreementSpi$ECKAEGwithSHA256KDF
11:37:12.986 [main] INFO eu.europa.esig.dss.spi.DSSUtils - 	ALGORITHM: DSTU7564-384 / MessageDigest / org.bouncycastle.jcajce.provider.digest.DSTU7564$Digest384
11:37:12.986 [main] INFO eu.europa.esig.dss.spi.DSSUtils - 	ALGORITHM: 1.2.392.200011.61.1.1.1.2 / KeyGenerator / org.bouncycastle.jcajce.provider.symmetric.Camellia$KeyGen128
11:37:12.986 [main] INFO eu.europa.esig.dss.spi.DSSUtils - 	ALGORITHM: 1.2.392.200011.61.1.1.1.3 / KeyGenerator / org.bouncycastle.jcajce.provider.symmetric.Camellia$KeyGen192
11:37:12.986 [main] INFO eu.europa.esig.dss.spi.DSSUtils - 	ALGORITHM: 1.2.392.200011.61.1.1.1.4 / KeyGenerator / org.bouncycastle.jcajce.provider.symmetric.Camellia$KeyGen256
11:37:12.986 [main] INFO eu.europa.esig.dss.spi.DSSUtils - 	ALGORITHM: SHA224WITHRSAANDSHAKE256 / Signature / org.bouncycastle.jcajce.provider.asymmetric.rsa.PSSSignatureSpi$SHA224withRSAandSHAKE256
11:37:12.986 [main] INFO eu.europa.esig.dss.spi.DSSUtils - 	ALGORITHM: POLY1305 / Mac / org.bouncycastle.jcajce.provider.symmetric.Poly1305$Mac
11:37:12.986 [main] INFO eu.europa.esig.dss.spi.DSSUtils - 	ALGORITHM: RSA/RAW / Cipher / org.bouncycastle.jcajce.provider.asymmetric.rsa.CipherSpi$NoPadding
11:37:12.986 [main] INFO eu.europa.esig.dss.spi.DSSUtils - 	ALGORITHM: 1.2.804.2.1.1.1.1.1.3.6.2 / KeyGenerator / org.bouncycastle.jcajce.provider.symmetric.DSTU7624$KeyGen256
11:37:12.986 [main] INFO eu.europa.esig.dss.spi.DSSUtils - 	ALGORITHM: Threefish-512 / AlgorithmParameters / org.bouncycastle.jcajce.provider.symmetric.Threefish$AlgParams_512
11:37:12.986 [main] INFO eu.europa.esig.dss.spi.DSSUtils - 	ALGORITHM: 1.2.804.2.1.1.1.1.1.3.6.1 / KeyGenerator / org.bouncycastle.jcajce.provider.symmetric.DSTU7624$KeyGen128
11:37:12.986 [main] INFO eu.europa.esig.dss.spi.DSSUtils - 	ALGORITHM: 1.2.804.2.1.1.1.1.1.3.6.3 / KeyGenerator / org.bouncycastle.jcajce.provider.symmetric.DSTU7624$KeyGen512
11:37:12.986 [main] INFO eu.europa.esig.dss.spi.DSSUtils - 	ALGORITHM: MQVWITHSHA256KDF / KeyAgreement / org.bouncycastle.jcajce.provider.asymmetric.dh.KeyAgreementSpi$MQVwithSHA256KDF
11:37:12.986 [main] INFO eu.europa.esig.dss.spi.DSSUtils - 	ALGORITHM: IDEAMAC / Mac / org.bouncycastle.jcajce.provider.symmetric.IDEA$Mac
11:37:12.986 [main] INFO eu.europa.esig.dss.spi.DSSUtils - 	ALGORITHM: DESRFC3211WRAP / Cipher / org.bouncycastle.jcajce.provider.symmetric.DES$RFC3211
11:37:12.986 [main] INFO eu.europa.esig.dss.spi.DSSUtils - 	ALGORITHM: NOEKEON / Cipher / org.bouncycastle.jcajce.provider.symmetric.Noekeon$ECB
11:37:12.986 [main] INFO eu.europa.esig.dss.spi.DSSUtils - 	ALGORITHM: PBKDF2WITHHMACSHA3-384 / SecretKeyFactory / org.bouncycastle.jcajce.provider.symmetric.PBEPBKDF2$PBKDF2withSHA3_384
11:37:12.986 [main] INFO eu.europa.esig.dss.spi.DSSUtils - 	ALGORITHM: RSASSA-PSS / KeyFactory / org.bouncycastle.jcajce.provider.asymmetric.rsa.KeyFactorySpi
11:37:12.986 [main] INFO eu.europa.esig.dss.spi.DSSUtils - 	ALGORITHM: SHA384WITHDETDSA / Signature / org.bouncycastle.jcajce.provider.asymmetric.dsa.DSASigner$detDSA384
11:37:12.986 [main] INFO eu.europa.esig.dss.spi.DSSUtils - 	ALGORITHM: TIGER / MessageDigest / org.bouncycastle.jcajce.provider.digest.Tiger$Digest
11:37:12.986 [main] INFO eu.europa.esig.dss.spi.DSSUtils - 	ALGORITHM: CAST6-GMAC / Mac / org.bouncycastle.jcajce.provider.symmetric.CAST6$GMAC
11:37:12.986 [main] INFO eu.europa.esig.dss.spi.DSSUtils - 	ALGORITHM: 1.3.6.1.4.1.188.7.1.1.2 / AlgorithmParameters / org.bouncycastle.jcajce.provider.symmetric.IDEA$AlgParams
11:37:12.986 [main] INFO eu.europa.esig.dss.spi.DSSUtils - 	ALGORITHM: X.509 / KeyFactory / org.bouncycastle.jcajce.provider.asymmetric.x509.KeyFactory
11:37:12.986 [main] INFO eu.europa.esig.dss.spi.DSSUtils - 	ALGORITHM: 1.2.410.200046.1.1.9 / KeyGenerator / org.bouncycastle.jcajce.provider.symmetric.ARIA$KeyGen192
11:37:12.986 [main] INFO eu.europa.esig.dss.spi.DSSUtils - 	ALGORITHM: 1.2.410.200046.1.1.8 / KeyGenerator / org.bouncycastle.jcajce.provider.symmetric.ARIA$KeyGen192
11:37:12.986 [main] INFO eu.europa.esig.dss.spi.DSSUtils - 	ALGORITHM: 1.2.410.200046.1.1.3 / KeyGenerator / org.bouncycastle.jcajce.provider.symmetric.ARIA$KeyGen128
11:37:12.986 [main] INFO eu.europa.esig.dss.spi.DSSUtils - 	ALGORITHM: 1.2.410.200046.1.1.2 / KeyGenerator / org.bouncycastle.jcajce.provider.symmetric.ARIA$KeyGen128
11:37:12.986 [main] INFO eu.europa.esig.dss.spi.DSSUtils - 	ALGORITHM: 1.2.410.200046.1.1.1 / KeyGenerator / org.bouncycastle.jcajce.provider.symmetric.ARIA$KeyGen128
11:37:12.986 [main] INFO eu.europa.esig.dss.spi.DSSUtils - 	ALGORITHM: 1.2.410.200046.1.1.7 / KeyGenerator / org.bouncycastle.jcajce.provider.symmetric.ARIA$KeyGen192
11:37:12.986 [main] INFO eu.europa.esig.dss.spi.DSSUtils - 	ALGORITHM: 1.2.410.200046.1.1.6 / KeyGenerator / org.bouncycastle.jcajce.provider.symmetric.ARIA$KeyGen192
11:37:12.986 [main] INFO eu.europa.esig.dss.spi.DSSUtils - 	ALGORITHM: 1.2.410.200046.1.1.4 / KeyGenerator / org.bouncycastle.jcajce.provider.symmetric.ARIA$KeyGen128
11:37:12.986 [main] INFO eu.europa.esig.dss.spi.DSSUtils - 	ALGORITHM: OID.1.2.410.200046.1.1.44 / KeyGenerator / org.bouncycastle.jcajce.provider.symmetric.ARIA$KeyGen192
11:37:12.986 [main] INFO eu.europa.esig.dss.spi.DSSUtils - 	ALGORITHM: OID.1.2.804.2.1.1.1.1.1.3.3.1 / KeyGenerator / org.bouncycastle.jcajce.provider.symmetric.DSTU7624$KeyGen128
11:37:12.986 [main] INFO eu.europa.esig.dss.spi.DSSUtils - 	ALGORITHM: OID.1.2.410.200046.1.1.45 / KeyGenerator / org.bouncycastle.jcajce.provider.symmetric.ARIA$KeyGen256
11:37:12.986 [main] INFO eu.europa.esig.dss.spi.DSSUtils - 	ALGORITHM: OID.1.2.410.200046.1.1.40 / KeyGenerator / org.bouncycastle.jcajce.provider.symmetric.ARIA$KeyGen128
11:37:12.986 [main] INFO eu.europa.esig.dss.spi.DSSUtils - 	ALGORITHM: KECCAK-288 / MessageDigest / org.bouncycastle.jcajce.provider.digest.Keccak$Digest288
11:37:12.986 [main] INFO eu.europa.esig.dss.spi.DSSUtils - 	ALGORITHM: OID.1.2.410.200046.1.1.41 / KeyGenerator / org.bouncycastle.jcajce.provider.symmetric.ARIA$KeyGen192
11:37:12.986 [main] INFO eu.europa.esig.dss.spi.DSSUtils - 	ALGORITHM: OID.1.2.410.200046.1.1.42 / KeyGenerator / org.bouncycastle.jcajce.provider.symmetric.ARIA$KeyGen256
11:37:12.986 [main] INFO eu.europa.esig.dss.spi.DSSUtils - 	ALGORITHM: OID.1.2.804.2.1.1.1.1.1.3.3.3 / KeyGenerator / org.bouncycastle.jcajce.provider.symmetric.DSTU7624$KeyGen512
11:37:12.986 [main] INFO eu.europa.esig.dss.spi.DSSUtils - 	ALGORITHM: OID.1.2.410.200046.1.1.43 / KeyGenerator / org.bouncycastle.jcajce.provider.symmetric.ARIA$KeyGen128
11:37:12.986 [main] INFO eu.europa.esig.dss.spi.DSSUtils - 	ALGORITHM: OID.1.2.804.2.1.1.1.1.1.3.3.2 / KeyGenerator / org.bouncycastle.jcajce.provider.symmetric.DSTU7624$KeyGen256
11:37:12.986 [main] INFO eu.europa.esig.dss.spi.DSSUtils - 	ALGORITHM: SHA3-384WITHDDSA / Signature / org.bouncycastle.jcajce.provider.asymmetric.dsa.DSASigner$detDSASha3_384
11:37:12.986 [main] INFO eu.europa.esig.dss.spi.DSSUtils - 	ALGORITHM: RC6 / Cipher / org.bouncycastle.jcajce.provider.symmetric.RC6$ECB
11:37:12.986 [main] INFO eu.europa.esig.dss.spi.DSSUtils - 	ALGORITHM: ECIESwithSHA384andAES-CBC / Cipher / org.bouncycastle.jcajce.provider.asymmetric.ec.IESCipher$ECIESwithSHA384andAESCBC
11:37:12.986 [main] INFO eu.europa.esig.dss.spi.DSSUtils - 	ALGORITHM: OID.1.2.410.200046.1.1.37 / KeyGenerator / org.bouncycastle.jcajce.provider.symmetric.ARIA$KeyGen128
11:37:12.986 [main] INFO eu.europa.esig.dss.spi.DSSUtils - 	ALGORITHM: RC2 / Cipher / org.bouncycastle.jcajce.provider.symmetric.RC2$ECB
11:37:12.986 [main] INFO eu.europa.esig.dss.spi.DSSUtils - 	ALGORITHM: OID.1.2.410.200046.1.1.38 / KeyGenerator / org.bouncycastle.jcajce.provider.symmetric.ARIA$KeyGen192
11:37:12.986 [main] INFO eu.europa.esig.dss.spi.DSSUtils - 	ALGORITHM: OID.1.2.410.200046.1.1.39 / KeyGenerator / org.bouncycastle.jcajce.provider.symmetric.ARIA$KeyGen256
11:37:12.986 [main] INFO eu.europa.esig.dss.spi.DSSUtils - 	ALGORITHM: OID.2.16.840.1.114027.80.4.1 / KeyFactory / org.bouncycastle.jcajce.provider.asymmetric.COMPOSITE$KeyFactory
11:37:12.986 [main] INFO eu.europa.esig.dss.spi.DSSUtils - 	ALGORITHM: OID.1.2.410.200046.1.1.34 / KeyGenerator / org.bouncycastle.jcajce.provider.symmetric.ARIA$KeyGen128
11:37:12.986 [main] INFO eu.europa.esig.dss.spi.DSSUtils - 	ALGORITHM: OID.1.2.410.200046.1.1.35 / KeyGenerator / org.bouncycastle.jcajce.provider.symmetric.ARIA$KeyGen192
11:37:12.986 [main] INFO eu.europa.esig.dss.spi.DSSUtils - 	ALGORITHM: OID.1.2.410.200046.1.1.36 / KeyGenerator / org.bouncycastle.jcajce.provider.symmetric.ARIA$KeyGen256
11:37:12.986 [main] INFO eu.europa.esig.dss.spi.DSSUtils - 	ALGORITHM: POLY1305-SEED / Mac / org.bouncycastle.jcajce.provider.symmetric.SEED$Poly1305
11:37:12.986 [main] INFO eu.europa.esig.dss.spi.DSSUtils - 	ALGORITHM: 1.2.643.2.2.21 / Cipher / org.bouncycastle.jcajce.provider.symmetric.GOST28147$GCFB
11:37:12.986 [main] INFO eu.europa.esig.dss.spi.DSSUtils - 	ALGORITHM: OID.1.2.392.200011.61.1.1.1.4 / Cipher / org.bouncycastle.jcajce.provider.symmetric.Camellia$CBC
11:37:12.986 [main] INFO eu.europa.esig.dss.spi.DSSUtils - 	ALGORITHM: SALSA20 / AlgorithmParameters / org.bouncycastle.jcajce.provider.symmetric.Salsa20$AlgParams
11:37:12.986 [main] INFO eu.europa.esig.dss.spi.DSSUtils - 	ALGORITHM: SHA3-384WITHRSAANDSHAKE128 / Signature / org.bouncycastle.jcajce.provider.asymmetric.rsa.PSSSignatureSpi$SHA3_384withRSAandSHAKE128
11:37:12.986 [main] INFO eu.europa.esig.dss.spi.DSSUtils - 	ALGORITHM: ZUC-256 / KeyGenerator / org.bouncycastle.jcajce.provider.symmetric.Zuc$KeyGen256
11:37:12.987 [main] INFO eu.europa.esig.dss.spi.DSSUtils - 	ALGORITHM: POLY1305-SM4 / Mac / org.bouncycastle.jcajce.provider.symmetric.SM4$Poly1305
11:37:12.987 [main] INFO eu.europa.esig.dss.spi.DSSUtils - 	ALGORITHM: 0.4.0.127.0.7.1.1.5.1.1.1 / KeyAgreement / org.bouncycastle.jcajce.provider.asymmetric.ec.KeyAgreementSpi$ECKAEGwithSHA1KDF
11:37:12.987 [main] INFO eu.europa.esig.dss.spi.DSSUtils - 	ALGORITHM: 0.4.0.127.0.7.1.1.5.1.1.2 / KeyAgreement / org.bouncycastle.jcajce.provider.asymmetric.ec.KeyAgreementSpi$ECKAEGwithSHA224KDF
11:37:12.987 [main] INFO eu.europa.esig.dss.spi.DSSUtils - 	ALGORITHM: 0.4.0.127.0.7.1.1.5.1.1.3 / KeyAgreement / org.bouncycastle.jcajce.provider.asymmetric.ec.KeyAgreementSpi$ECKAEGwithSHA256KDF
11:37:12.987 [main] INFO eu.europa.esig.dss.spi.DSSUtils - 	ALGORITHM: 0.4.0.127.0.7.1.1.5.1.1.4 / KeyAgreement / org.bouncycastle.jcajce.provider.asymmetric.ec.KeyAgreementSpi$ECKAEGwithSHA384KDF
11:37:12.987 [main] INFO eu.europa.esig.dss.spi.DSSUtils - 	ALGORITHM: 0.4.0.127.0.7.1.1.5.1.1.5 / KeyAgreement / org.bouncycastle.jcajce.provider.asymmetric.ec.KeyAgreementSpi$ECKAEGwithSHA512KDF
11:37:12.987 [main] INFO eu.europa.esig.dss.spi.DSSUtils - 	ALGORITHM: 0.4.0.127.0.7.1.1.5.1.1.6 / KeyAgreement / org.bouncycastle.jcajce.provider.asymmetric.ec.KeyAgreementSpi$ECKAEGwithRIPEMD160KDF
11:37:12.987 [main] INFO eu.europa.esig.dss.spi.DSSUtils - 	ALGORITHM: ECDHWITHSHA1KDF / KeyPairGenerator / org.bouncycastle.jcajce.provider.asymmetric.ec.KeyPairGeneratorSpi$ECDH
11:37:12.987 [main] INFO eu.europa.esig.dss.spi.DSSUtils - 	ALGORITHM: DHWITHSHA1KDF / KeyAgreement / org.bouncycastle.jcajce.provider.asymmetric.dh.KeyAgreementSpi$DHwithSHA1KDF
11:37:12.987 [main] INFO eu.europa.esig.dss.spi.DSSUtils - 	ALGORITHM: OLDHMACSHA512 / Mac / org.bouncycastle.jcajce.provider.digest.SHA512$OldSHA512
11:37:12.987 [main] INFO eu.europa.esig.dss.spi.DSSUtils - 	ALGORITHM: ED448 / KeyFactory / org.bouncycastle.jcajce.provider.asymmetric.edec.KeyFactorySpi$Ed448
11:37:12.987 [main] INFO eu.europa.esig.dss.spi.DSSUtils - 	ALGORITHM: OID.1.2.392.200011.61.1.1.1.3 / Cipher / org.bouncycastle.jcajce.provider.symmetric.Camellia$CBC
11:37:12.987 [main] INFO eu.europa.esig.dss.spi.DSSUtils - 	ALGORITHM: OID.1.2.392.200011.61.1.1.1.2 / Cipher / org.bouncycastle.jcajce.provider.symmetric.Camellia$CBC
11:37:12.987 [main] INFO eu.europa.esig.dss.spi.DSSUtils - 	ALGORITHM: OID.1.2.410.200046.1.1.11 / KeyGenerator / org.bouncycastle.jcajce.provider.symmetric.ARIA$KeyGen256
11:37:12.987 [main] INFO eu.europa.esig.dss.spi.DSSUtils - 	ALGORITHM: OID.1.2.804.2.1.1.1.1.1.3.6.2 / Cipher / org.bouncycastle.jcajce.provider.symmetric.DSTU7624$OFB256
11:37:12.987 [main] INFO eu.europa.esig.dss.spi.DSSUtils - 	ALGORITHM: OID.1.2.410.200046.1.1.12 / KeyGenerator / org.bouncycastle.jcajce.provider.symmetric.ARIA$KeyGen256
11:37:12.987 [main] INFO eu.europa.esig.dss.spi.DSSUtils - 	ALGORITHM: OID.1.2.804.2.1.1.1.1.1.3.6.3 / Cipher / org.bouncycastle.jcajce.provider.symmetric.DSTU7624$OFB512
11:37:12.987 [main] INFO eu.europa.esig.dss.spi.DSSUtils - 	ALGORITHM: OID.1.2.410.200046.1.1.13 / KeyGenerator / org.bouncycastle.jcajce.provider.symmetric.ARIA$KeyGen256
11:37:12.987 [main] INFO eu.europa.esig.dss.spi.DSSUtils - 	ALGORITHM: OID.1.2.410.200046.1.1.14 / KeyGenerator / org.bouncycastle.jcajce.provider.symmetric.ARIA$KeyGen256
11:37:12.987 [main] INFO eu.europa.esig.dss.spi.DSSUtils - 	ALGORITHM: ECDHC / KeyAgreement / org.bouncycastle.jcajce.provider.asymmetric.ec.KeyAgreementSpi$DHC
11:37:12.987 [main] INFO eu.europa.esig.dss.spi.DSSUtils - 	ALGORITHM: PBEWITHMD5AND128BITAES-CBC-OPENSSL / Cipher / org.bouncycastle.jcajce.provider.symmetric.AES$PBEWithAESCBC
11:37:12.987 [main] INFO eu.europa.esig.dss.spi.DSSUtils - 	ALGORITHM: OID.1.2.804.2.1.1.1.1.1.3.6.1 / Cipher / org.bouncycastle.jcajce.provider.symmetric.DSTU7624$OFB128
11:37:12.987 [main] INFO eu.europa.esig.dss.spi.DSSUtils - 	ALGORITHM: Skein-1024-512 / MessageDigest / org.bouncycastle.jcajce.provider.digest.Skein$Digest_1024_512
11:37:12.987 [main] INFO eu.europa.esig.dss.spi.DSSUtils - 	ALGORITHM: 1.3.6.1.4.1.188.7.1.1.2 / KeyGenerator / org.bouncycastle.jcajce.provider.symmetric.IDEA$KeyGen
11:37:12.987 [main] INFO eu.europa.esig.dss.spi.DSSUtils - 	ALGORITHM: WhirlpoolWITHRSA/X9.31 / Signature / org.bouncycastle.jcajce.provider.asymmetric.rsa.X931SignatureSpi$WhirlpoolWithRSAEncryption
11:37:12.987 [main] INFO eu.europa.esig.dss.spi.DSSUtils - 	ALGORITHM: ECIESwithSHA512andAES-CBC / Cipher / org.bouncycastle.jcajce.provider.asymmetric.ec.IESCipher$ECIESwithSHA512andAESCBC
11:37:12.987 [main] INFO eu.europa.esig.dss.spi.DSSUtils - 	ALGORITHM: SHA3-256WITHECDDSA / Signature / org.bouncycastle.jcajce.provider.asymmetric.ec.SignatureSpi$ecDetDSASha3_256
11:37:12.987 [main] INFO eu.europa.esig.dss.spi.DSSUtils - 	ALGORITHM: OID.1.2.840.113549.1.1.7 / Cipher / org.bouncycastle.jcajce.provider.asymmetric.rsa.CipherSpi$OAEPPadding
11:37:12.987 [main] INFO eu.europa.esig.dss.spi.DSSUtils - 	ALGORITHM: RMD128WITHRSA/X9.31 / Signature / org.bouncycastle.jcajce.provider.asymmetric.rsa.X931SignatureSpi$RIPEMD128WithRSAEncryption
11:37:12.987 [main] INFO eu.europa.esig.dss.spi.DSSUtils - 	ALGORITHM: OID.1.2.840.113549.1.1.1 / Cipher / org.bouncycastle.jcajce.provider.asymmetric.rsa.CipherSpi$PKCS1v1_5Padding
11:37:12.987 [main] INFO eu.europa.esig.dss.spi.DSSUtils - 	ALGORITHM: KECCAK-256 / MessageDigest / org.bouncycastle.jcajce.provider.digest.Keccak$Digest256
11:37:12.987 [main] INFO eu.europa.esig.dss.spi.DSSUtils - 	ALGORITHM: Serpent / Cipher / org.bouncycastle.jcajce.provider.symmetric.Serpent$ECB
11:37:12.987 [main] INFO eu.europa.esig.dss.spi.DSSUtils - 	ALGORITHM: AESWRAP / KeyGenerator / org.bouncycastle.jcajce.provider.symmetric.AES$KeyGen
11:37:12.987 [main] INFO eu.europa.esig.dss.spi.DSSUtils - 	ALGORITHM: 1.3.6.1.4.1.22554.4.2 / KeyFactory / org.bouncycastle.jcajce.provider.asymmetric.EXTERNAL$KeyFactory
11:37:12.987 [main] INFO eu.europa.esig.dss.spi.DSSUtils - 	ALGORITHM: 1.2.804.2.1.1.1.1.1.3.5.1 / Cipher / org.bouncycastle.jcajce.provider.symmetric.DSTU7624$CBC128
11:37:12.987 [main] INFO eu.europa.esig.dss.spi.DSSUtils - 	ALGORITHM: 1.2.804.2.1.1.1.1.1.3.5.2 / Cipher / org.bouncycastle.jcajce.provider.symmetric.DSTU7624$CBC256
11:37:12.987 [main] INFO eu.europa.esig.dss.spi.DSSUtils - 	ALGORITHM: 1.2.804.2.1.1.1.1.1.3.5.3 / Cipher / org.bouncycastle.jcajce.provider.symmetric.DSTU7624$CBC512
11:37:12.987 [main] INFO eu.europa.esig.dss.spi.DSSUtils - 	ALGORITHM: Threefish-512 / KeyGenerator / org.bouncycastle.jcajce.provider.symmetric.Threefish$KeyGen_512
11:37:12.987 [main] INFO eu.europa.esig.dss.spi.DSSUtils - 	ALGORITHM: RIPEMD128WITHRSA/X9.31 / Signature / org.bouncycastle.jcajce.provider.asymmetric.rsa.X931SignatureSpi$RIPEMD128WithRSAEncryption
11:37:12.987 [main] INFO eu.europa.esig.dss.spi.DSSUtils - 	ALGORITHM: HARAKA-512 / MessageDigest / org.bouncycastle.jcajce.provider.digest.Haraka$Digest512
11:37:12.987 [main] INFO eu.europa.esig.dss.spi.DSSUtils - 	ALGORITHM: BROKENPBEWITHMD5ANDDES / Cipher / org.bouncycastle.jce.provider.BrokenJCEBlockCipher$BrokePBEWithMD5AndDES
11:37:12.987 [main] INFO eu.europa.esig.dss.spi.DSSUtils - 	ALGORITHM: SHA3-256 / MessageDigest / org.bouncycastle.jcajce.provider.digest.SHA3$Digest256
11:37:12.987 [main] INFO eu.europa.esig.dss.spi.DSSUtils - 	ALGORITHM: SHACAL-2 / AlgorithmParameters / org.bouncycastle.jcajce.provider.symmetric.Shacal2$AlgParams
11:37:12.987 [main] INFO eu.europa.esig.dss.spi.DSSUtils - 	ALGORITHM: XIES / Cipher / org.bouncycastle.jcajce.provider.asymmetric.edec.IESCipher$XIES
11:37:12.987 [main] INFO eu.europa.esig.dss.spi.DSSUtils - 	ALGORITHM: SM4 / AlgorithmParameterGenerator / org.bouncycastle.jcajce.provider.symmetric.SM4$AlgParamGen
11:37:12.987 [main] INFO eu.europa.esig.dss.spi.DSSUtils - 	ALGORITHM: PBEWITHHMACSHA1 / Mac / org.bouncycastle.jcajce.provider.digest.SHA1$SHA1Mac
11:37:12.987 [main] INFO eu.europa.esig.dss.spi.DSSUtils - 	ALGORITHM: OID.1.2.804.2.1.1.1.1.1.3.7.1 / KeyGenerator / org.bouncycastle.jcajce.provider.symmetric.DSTU7624$KeyGen128
11:37:12.987 [main] INFO eu.europa.esig.dss.spi.DSSUtils - 	ALGORITHM: OID.1.3.6.1.4.1.188.7.1.1.2 / Cipher / org.bouncycastle.jcajce.provider.symmetric.IDEA$CBC
11:37:12.987 [main] INFO eu.europa.esig.dss.spi.DSSUtils - 	ALGORITHM: OID.1.2.804.2.1.1.1.1.1.3.7.3 / KeyGenerator / org.bouncycastle.jcajce.provider.symmetric.DSTU7624$KeyGen512
11:37:12.987 [main] INFO eu.europa.esig.dss.spi.DSSUtils - 	ALGORITHM: OID.1.2.804.2.1.1.1.1.1.3.7.2 / KeyGenerator / org.bouncycastle.jcajce.provider.symmetric.DSTU7624$KeyGen256
11:37:12.987 [main] INFO eu.europa.esig.dss.spi.DSSUtils - 	ALGORITHM: ECIESwithSHA1andDESEDE-CBC / Cipher / org.bouncycastle.jcajce.provider.asymmetric.ec.IESCipher$ECIESwithDESedeCBC
11:37:12.987 [main] INFO eu.europa.esig.dss.spi.DSSUtils - 	ALGORITHM: 2.16.840.1.114027.80.4.1 / KeyFactory / org.bouncycastle.jcajce.provider.asymmetric.COMPOSITE$KeyFactory
11:37:12.987 [main] INFO eu.europa.esig.dss.spi.DSSUtils - 	ALGORITHM: PBEWITHMD5AND128BITAES-CBC-OPENSSL / SecretKeyFactory / org.bouncycastle.jcajce.provider.symmetric.AES$PBEWithMD5And128BitAESCBCOpenSSL
11:37:12.987 [main] INFO eu.europa.esig.dss.spi.DSSUtils - 	ALGORITHM: SHA3-224 / MessageDigest / org.bouncycastle.jcajce.provider.digest.SHA3$Digest224
11:37:12.987 [main] INFO eu.europa.esig.dss.spi.DSSUtils - 	ALGORITHM: Shacal-2CMAC / Mac / org.bouncycastle.jcajce.provider.symmetric.Shacal2$CMAC
11:37:12.987 [main] INFO eu.europa.esig.dss.spi.DSSUtils - 	ALGORITHM: Threefish-1024 / Cipher / org.bouncycastle.jcajce.provider.symmetric.Threefish$ECB_1024
11:37:12.987 [main] INFO eu.europa.esig.dss.spi.DSSUtils - 	ALGORITHM: TLS10KDF / SecretKeyFactory / org.bouncycastle.jcajce.provider.symmetric.TLSKDF$TLS10
11:37:12.987 [main] INFO eu.europa.esig.dss.spi.DSSUtils - 	ALGORITHM: MQVWITHSHA512KDF / KeyAgreement / org.bouncycastle.jcajce.provider.asymmetric.dh.KeyAgreementSpi$MQVwithSHA512KDF
11:37:12.987 [main] INFO eu.europa.esig.dss.spi.DSSUtils - 	ALGORITHM: SHACAL-2 / KeyGenerator / org.bouncycastle.jcajce.provider.symmetric.Shacal2$KeyGen
11:37:12.987 [main] INFO eu.europa.esig.dss.spi.DSSUtils - 	ALGORITHM: OID.1.2.804.2.1.1.1.1.1.3.2.1 / Cipher / org.bouncycastle.jcajce.provider.symmetric.DSTU7624$CTR128
11:37:12.987 [main] INFO eu.europa.esig.dss.spi.DSSUtils - 	ALGORITHM: OID.1.2.804.2.1.1.1.1.1.3.2.2 / Cipher / org.bouncycastle.jcajce.provider.symmetric.DSTU7624$CTR256
11:37:12.987 [main] INFO eu.europa.esig.dss.spi.DSSUtils - 	ALGORITHM: OID.1.2.804.2.1.1.1.1.1.3.2.3 / Cipher / org.bouncycastle.jcajce.provider.symmetric.DSTU7624$CTR512
11:37:12.987 [main] INFO eu.europa.esig.dss.spi.DSSUtils - 	ALGORITHM: KECCAK-224 / MessageDigest / org.bouncycastle.jcajce.provider.digest.Keccak$Digest224
11:37:12.987 [main] INFO eu.europa.esig.dss.spi.DSSUtils - PROVIDER: BCPQC
11:37:12.988 [main] INFO eu.europa.esig.dss.spi.DSSUtils - 	ALGORITHM: SHA3-512WITHSPHINCS256 / Signature / org.bouncycastle.pqc.jcajce.provider.sphincs.SignatureSpi$withSha3_512
11:37:12.988 [main] INFO eu.europa.esig.dss.spi.DSSUtils - 	ALGORITHM: DILITHIUM2-AES / KeyPairGenerator / org.bouncycastle.pqc.jcajce.provider.dilithium.DilithiumKeyPairGeneratorSpi$Base2_AES
11:37:12.988 [main] INFO eu.europa.esig.dss.spi.DSSUtils - 	ALGORITHM: RAINBOW-V-CIRCUMZENITHAL / KeyPairGenerator / org.bouncycastle.pqc.jcajce.provider.rainbow.RainbowKeyPairGeneratorSpi$RainbowVcircum
11:37:12.988 [main] INFO eu.europa.esig.dss.spi.DSSUtils - 	ALGORITHM: XMSS / KeyFactory / org.bouncycastle.pqc.jcajce.provider.xmss.XMSSKeyFactorySpi
11:37:12.988 [main] INFO eu.europa.esig.dss.spi.DSSUtils - 	ALGORITHM: RAINBOW-V-COMPRESSED / KeyPairGenerator / org.bouncycastle.pqc.jcajce.provider.rainbow.RainbowKeyPairGeneratorSpi$RainbowVcomp
11:37:12.988 [main] INFO eu.europa.esig.dss.spi.DSSUtils - 	ALGORITHM: RAINBOW-III-COMPRESSED / KeyPairGenerator / org.bouncycastle.pqc.jcajce.provider.rainbow.RainbowKeyPairGeneratorSpi$RainbowIIIcomp
11:37:12.988 [main] INFO eu.europa.esig.dss.spi.DSSUtils - 	ALGORITHM: RAINBOW-V-CLASSIC / KeyPairGenerator / org.bouncycastle.pqc.jcajce.provider.rainbow.RainbowKeyPairGeneratorSpi$RainbowVclassic
11:37:12.988 [main] INFO eu.europa.esig.dss.spi.DSSUtils - 	ALGORITHM: RAINBOW-III-CLASSIC / KeyPairGenerator / org.bouncycastle.pqc.jcajce.provider.rainbow.RainbowKeyPairGeneratorSpi$RainbowIIIclassic
11:37:12.988 [main] INFO eu.europa.esig.dss.spi.DSSUtils - 	ALGORITHM: RAINBOW-III-CIRCUMZENITHAL / KeyPairGenerator / org.bouncycastle.pqc.jcajce.provider.rainbow.RainbowKeyPairGeneratorSpi$RainbowIIIcircum
11:37:12.988 [main] INFO eu.europa.esig.dss.spi.DSSUtils - 	ALGORITHM: CMCE / AlgorithmParameters / null
11:37:12.988 [main] INFO eu.europa.esig.dss.spi.DSSUtils - 	ALGORITHM: DILITHIUM5 / Signature / org.bouncycastle.pqc.jcajce.provider.dilithium.SignatureSpi$Base5
11:37:12.988 [main] INFO eu.europa.esig.dss.spi.DSSUtils - 	ALGORITHM: SHA512WITHPICNIC / Signature / org.bouncycastle.pqc.jcajce.provider.picnic.SignatureSpi$withSha512
11:37:12.988 [main] INFO eu.europa.esig.dss.spi.DSSUtils - 	ALGORITHM: XMSS-SHA512 / Signature / org.bouncycastle.pqc.jcajce.provider.xmss.XMSSSignatureSpi$withSha512
11:37:12.988 [main] INFO eu.europa.esig.dss.spi.DSSUtils - 	ALGORITHM: XMSS-SHAKE128 / Signature / org.bouncycastle.pqc.jcajce.provider.xmss.XMSSSignatureSpi$withShake128
11:37:12.988 [main] INFO eu.europa.esig.dss.spi.DSSUtils - 	ALGORITHM: XMSS-SHAKE256 / Signature / org.bouncycastle.pqc.jcajce.provider.xmss.XMSSSignatureSpi$withShake256
11:37:12.988 [main] INFO eu.europa.esig.dss.spi.DSSUtils - 	ALGORITHM: SHA512WITHXMSS-SHA512 / Signature / org.bouncycastle.pqc.jcajce.provider.xmss.XMSSSignatureSpi$withSha512andPrehash
11:37:12.988 [main] INFO eu.europa.esig.dss.spi.DSSUtils - 	ALGORITHM: FALCON-1024 / Signature / org.bouncycastle.pqc.jcajce.provider.falcon.SignatureSpi$Falcon1024
11:37:12.988 [main] INFO eu.europa.esig.dss.spi.DSSUtils - 	ALGORITHM: SHAKE128WITHXMSS-SHAKE128 / Signature / org.bouncycastle.pqc.jcajce.provider.xmss.XMSSSignatureSpi$withShake128andPrehash
11:37:12.988 [main] INFO eu.europa.esig.dss.spi.DSSUtils - 	ALGORITHM: SHAKE256WITHXMSS-SHAKE256 / Signature / org.bouncycastle.pqc.jcajce.provider.xmss.XMSSSignatureSpi$withShake256andPrehash
11:37:12.988 [main] INFO eu.europa.esig.dss.spi.DSSUtils - 	ALGORITHM: SHA3-512WITHPICNIC / Signature / org.bouncycastle.pqc.jcajce.provider.picnic.SignatureSpi$withSha3512
11:37:12.988 [main] INFO eu.europa.esig.dss.spi.DSSUtils - 	ALGORITHM: SHAKE256WITHPICNIC / Signature / org.bouncycastle.pqc.jcajce.provider.picnic.SignatureSpi$withShake256
11:37:12.988 [main] INFO eu.europa.esig.dss.spi.DSSUtils - 	ALGORITHM: SHA512WITHXMSSMT-SHA512 / Signature / org.bouncycastle.pqc.jcajce.provider.xmss.XMSSMTSignatureSpi$withSha512andPrehash
11:37:12.988 [main] INFO eu.europa.esig.dss.spi.DSSUtils - 	ALGORITHM: XMSS-SHA256 / Signature / org.bouncycastle.pqc.jcajce.provider.xmss.XMSSSignatureSpi$withSha256
11:37:12.988 [main] INFO eu.europa.esig.dss.spi.DSSUtils - 	ALGORITHM: LMS / KeyFactory / org.bouncycastle.pqc.jcajce.provider.lms.LMSKeyFactorySpi
11:37:12.988 [main] INFO eu.europa.esig.dss.spi.DSSUtils - 	ALGORITHM: SHA256WITHXMSS-SHA256 / Signature / org.bouncycastle.pqc.jcajce.provider.xmss.XMSSSignatureSpi$withSha256andPrehash
11:37:12.988 [main] INFO eu.europa.esig.dss.spi.DSSUtils - 	ALGORITHM: SHA256WITHXMSSMT-SHA256 / Signature / org.bouncycastle.pqc.jcajce.provider.xmss.XMSSMTSignatureSpi$withSha256andPrehash
11:37:12.996 [main] INFO eu.europa.esig.dss.spi.DSSUtils - 	ALGORITHM: FALCON-512 / KeyPairGenerator / org.bouncycastle.pqc.jcajce.provider.falcon.FalconKeyPairGeneratorSpi$Falcon512
11:37:12.996 [main] INFO eu.europa.esig.dss.spi.DSSUtils - 	ALGORITHM: DILITHIUM3-AES / KeyFactory / org.bouncycastle.pqc.jcajce.provider.dilithium.DilithiumKeyFactorySpi$Base3_AES
11:37:12.996 [main] INFO eu.europa.esig.dss.spi.DSSUtils - 	ALGORITHM: SHA512WITHSPHINCS256 / Signature / org.bouncycastle.pqc.jcajce.provider.sphincs.SignatureSpi$withSha512
11:37:12.996 [main] INFO eu.europa.esig.dss.spi.DSSUtils - 	ALGORITHM: SPHINCSPLUS / KeyPairGenerator / org.bouncycastle.pqc.jcajce.provider.sphincsplus.SPHINCSPlusKeyPairGeneratorSpi
11:37:12.996 [main] INFO eu.europa.esig.dss.spi.DSSUtils - 	ALGORITHM: SPHINCSPLUS / Signature / org.bouncycastle.pqc.jcajce.provider.sphincsplus.SignatureSpi$Direct
11:37:12.996 [main] INFO eu.europa.esig.dss.spi.DSSUtils - 	ALGORITHM: DILITHIUM2-AES / Signature / org.bouncycastle.pqc.jcajce.provider.dilithium.SignatureSpi$Base2_AES
11:37:12.996 [main] INFO eu.europa.esig.dss.spi.DSSUtils - 	ALGORITHM: SPHINCS256 / KeyFactory / org.bouncycastle.pqc.jcajce.provider.sphincs.Sphincs256KeyFactorySpi
11:37:12.996 [main] INFO eu.europa.esig.dss.spi.DSSUtils - 	ALGORITHM: NTRU / Cipher / org.bouncycastle.pqc.jcajce.provider.ntru.NTRUCipherSpi$Base
11:37:12.996 [main] INFO eu.europa.esig.dss.spi.DSSUtils - 	ALGORITHM: XMSSMT / KeyFactory / org.bouncycastle.pqc.jcajce.provider.xmss.XMSSMTKeyFactorySpi
11:37:12.996 [main] INFO eu.europa.esig.dss.spi.DSSUtils - 	ALGORITHM: SHAKE128WITHXMSSMT-SHAKE128 / Signature / org.bouncycastle.pqc.jcajce.provider.xmss.XMSSMTSignatureSpi$withShake128andPrehash
11:37:12.996 [main] INFO eu.europa.esig.dss.spi.DSSUtils - 	ALGORITHM: FALCON-512 / Signature / org.bouncycastle.pqc.jcajce.provider.falcon.SignatureSpi$Falcon512
11:37:12.996 [main] INFO eu.europa.esig.dss.spi.DSSUtils - 	ALGORITHM: DILITHIUM3-AES / KeyPairGenerator / org.bouncycastle.pqc.jcajce.provider.dilithium.DilithiumKeyPairGeneratorSpi$Base3_AES
11:37:12.996 [main] INFO eu.europa.esig.dss.spi.DSSUtils - 	ALGORITHM: XMSSMT-SHA256 / Signature / org.bouncycastle.pqc.jcajce.provider.xmss.XMSSMTSignatureSpi$withSha256
11:37:12.996 [main] INFO eu.europa.esig.dss.spi.DSSUtils - 	ALGORITHM: XMSSMT-SHA512 / Signature / org.bouncycastle.pqc.jcajce.provider.xmss.XMSSMTSignatureSpi$withSha512
11:37:12.996 [main] INFO eu.europa.esig.dss.spi.DSSUtils - 	ALGORITHM: XMSSMT-SHAKE128 / Signature / org.bouncycastle.pqc.jcajce.provider.xmss.XMSSMTSignatureSpi$withShake128
11:37:12.996 [main] INFO eu.europa.esig.dss.spi.DSSUtils - 	ALGORITHM: XMSSMT-SHAKE256 / Signature / org.bouncycastle.pqc.jcajce.provider.xmss.XMSSMTSignatureSpi$withShake256
11:37:12.996 [main] INFO eu.europa.esig.dss.spi.DSSUtils - 	ALGORITHM: CMCE / Cipher / org.bouncycastle.pqc.jcajce.provider.cmce.CMCECipherSpi$Base
11:37:12.996 [main] INFO eu.europa.esig.dss.spi.DSSUtils - 	ALGORITHM: SHAKE256WITHXMSSMT-SHAKE256 / Signature / org.bouncycastle.pqc.jcajce.provider.xmss.XMSSMTSignatureSpi$withShake256andPrehash
11:37:12.996 [main] INFO eu.europa.esig.dss.spi.DSSUtils - 	ALGORITHM: NTRU / KeyPairGenerator / org.bouncycastle.pqc.jcajce.provider.ntru.NTRUKeyPairGeneratorSpi
11:37:12.996 [main] INFO eu.europa.esig.dss.spi.DSSUtils - 	ALGORITHM: PICNIC / KeyPairGenerator / org.bouncycastle.pqc.jcajce.provider.picnic.PicnicKeyPairGeneratorSpi
11:37:12.996 [main] INFO eu.europa.esig.dss.spi.DSSUtils - 	ALGORITHM: DILITHIUM / KeyFactory / org.bouncycastle.pqc.jcajce.provider.dilithium.DilithiumKeyFactorySpi
11:37:12.996 [main] INFO eu.europa.esig.dss.spi.DSSUtils - 	ALGORITHM: SABER / AlgorithmParameters / null
11:37:12.996 [main] INFO eu.europa.esig.dss.spi.DSSUtils - 	ALGORITHM: FALCON / Signature / org.bouncycastle.pqc.jcajce.provider.falcon.SignatureSpi$Base
11:37:12.996 [main] INFO eu.europa.esig.dss.spi.DSSUtils - 	ALGORITHM: DILITHIUM / Signature / org.bouncycastle.pqc.jcajce.provider.dilithium.SignatureSpi$Base
11:37:12.996 [main] INFO eu.europa.esig.dss.spi.DSSUtils - 	ALGORITHM: RAINBOW / Signature / org.bouncycastle.pqc.jcajce.provider.rainbow.SignatureSpi$Base
11:37:12.996 [main] INFO eu.europa.esig.dss.spi.DSSUtils - 	ALGORITHM: DILITHIUM2-AES / KeyFactory / org.bouncycastle.pqc.jcajce.provider.dilithium.DilithiumKeyFactorySpi$Base2_AES
11:37:12.996 [main] INFO eu.europa.esig.dss.spi.DSSUtils - 	ALGORITHM: PICNIC / KeyFactory / org.bouncycastle.pqc.jcajce.provider.picnic.PicnicKeyFactorySpi
11:37:12.996 [main] INFO eu.europa.esig.dss.spi.DSSUtils - 	ALGORITHM: SPHINCSPLUS / KeyFactory / org.bouncycastle.pqc.jcajce.provider.sphincsplus.SPHINCSPlusKeyFactorySpi
11:37:12.996 [main] INFO eu.europa.esig.dss.spi.DSSUtils - 	ALGORITHM: CMCE / KeyPairGenerator / org.bouncycastle.pqc.jcajce.provider.cmce.CMCEKeyPairGeneratorSpi
11:37:12.996 [main] INFO eu.europa.esig.dss.spi.DSSUtils - 	ALGORITHM: DILITHIUM3 / Signature / org.bouncycastle.pqc.jcajce.provider.dilithium.SignatureSpi$Base3
11:37:12.996 [main] INFO eu.europa.esig.dss.spi.DSSUtils - 	ALGORITHM: RAINBOW / KeyFactory / org.bouncycastle.pqc.jcajce.provider.rainbow.RainbowKeyFactorySpi
11:37:12.996 [main] INFO eu.europa.esig.dss.spi.DSSUtils - 	ALGORITHM: DILITHIUM2 / Signature / org.bouncycastle.pqc.jcajce.provider.dilithium.SignatureSpi$Base2
11:37:12.996 [main] INFO eu.europa.esig.dss.spi.DSSUtils - 	ALGORITHM: KYBER512-AES / Cipher / org.bouncycastle.pqc.jcajce.provider.kyber.KyberCipherSpi$Kyber512_AES
11:37:12.996 [main] INFO eu.europa.esig.dss.spi.DSSUtils - 	ALGORITHM: DILITHIUM5-AES / KeyFactory / org.bouncycastle.pqc.jcajce.provider.dilithium.DilithiumKeyFactorySpi$Base5_AES
11:37:12.996 [main] INFO eu.europa.esig.dss.spi.DSSUtils - 	ALGORITHM: NTRULPRIME / KeyFactory / org.bouncycastle.pqc.jcajce.provider.ntruprime.NTRULPRimeKeyFactorySpi
11:37:12.996 [main] INFO eu.europa.esig.dss.spi.DSSUtils - 	ALGORITHM: NTRULPRIME / KeyGenerator / org.bouncycastle.pqc.jcajce.provider.ntruprime.NTRULPRimeKeyGeneratorSpi
11:37:12.996 [main] INFO eu.europa.esig.dss.spi.DSSUtils - 	ALGORITHM: XMSS / Signature / org.bouncycastle.pqc.jcajce.provider.xmss.XMSSSignatureSpi$generic
11:37:12.997 [main] INFO eu.europa.esig.dss.spi.DSSUtils - 	ALGORITHM: NTRU / KeyFactory / org.bouncycastle.pqc.jcajce.provider.ntru.NTRUKeyFactorySpi
11:37:12.997 [main] INFO eu.europa.esig.dss.spi.DSSUtils - 	ALGORITHM: KYBER512-AES / KeyPairGenerator / org.bouncycastle.pqc.jcajce.provider.kyber.KyberKeyPairGeneratorSpi$Kyber512_AES
11:37:12.997 [main] INFO eu.europa.esig.dss.spi.DSSUtils - 	ALGORITHM: SABER / KeyPairGenerator / org.bouncycastle.pqc.jcajce.provider.saber.SABERKeyPairGeneratorSpi
11:37:12.997 [main] INFO eu.europa.esig.dss.spi.DSSUtils - 	ALGORITHM: SABER / Cipher / org.bouncycastle.pqc.jcajce.provider.saber.SABERCipherSpi$Base
11:37:12.997 [main] INFO eu.europa.esig.dss.spi.DSSUtils - 	ALGORITHM: NH / KeyFactory / org.bouncycastle.pqc.jcajce.provider.newhope.NHKeyFactorySpi
11:37:12.997 [main] INFO eu.europa.esig.dss.spi.DSSUtils - 	ALGORITHM: KYBER512 / KeyPairGenerator / org.bouncycastle.pqc.jcajce.provider.kyber.KyberKeyPairGeneratorSpi$Kyber512
11:37:12.997 [main] INFO eu.europa.esig.dss.spi.DSSUtils - 	ALGORITHM: KYBER768 / KeyPairGenerator / org.bouncycastle.pqc.jcajce.provider.kyber.KyberKeyPairGeneratorSpi$Kyber768
11:37:12.997 [main] INFO eu.europa.esig.dss.spi.DSSUtils - 	ALGORITHM: FALCON-1024 / KeyPairGenerator / org.bouncycastle.pqc.jcajce.provider.falcon.FalconKeyPairGeneratorSpi$Falcon1024
11:37:12.997 [main] INFO eu.europa.esig.dss.spi.DSSUtils - 	ALGORITHM: KYBER1024 / KeyPairGenerator / org.bouncycastle.pqc.jcajce.provider.kyber.KyberKeyPairGeneratorSpi$Kyber1024
11:37:12.997 [main] INFO eu.europa.esig.dss.spi.DSSUtils - 	ALGORITHM: KYBER768-AES / KeyPairGenerator / org.bouncycastle.pqc.jcajce.provider.kyber.KyberKeyPairGeneratorSpi$Kyber768_AES
11:37:12.997 [main] INFO eu.europa.esig.dss.spi.DSSUtils - 	ALGORITHM: KYBER1024-AES / KeyPairGenerator / org.bouncycastle.pqc.jcajce.provider.kyber.KyberKeyPairGeneratorSpi$Kyber1024_AES
11:37:12.997 [main] INFO eu.europa.esig.dss.spi.DSSUtils - 	ALGORITHM: DILITHIUM5-AES / KeyPairGenerator / org.bouncycastle.pqc.jcajce.provider.dilithium.DilithiumKeyPairGeneratorSpi$Base5_AES
11:37:12.997 [main] INFO eu.europa.esig.dss.spi.DSSUtils - 	ALGORITHM: FALCON / KeyPairGenerator / org.bouncycastle.pqc.jcajce.provider.falcon.FalconKeyPairGeneratorSpi
11:37:12.997 [main] INFO eu.europa.esig.dss.spi.DSSUtils - 	ALGORITHM: HQC / KeyGenerator / org.bouncycastle.pqc.jcajce.provider.hqc.HQCKeyGeneratorSpi
11:37:12.997 [main] INFO eu.europa.esig.dss.spi.DSSUtils - 	ALGORITHM: HQC / KeyPairGenerator / org.bouncycastle.pqc.jcajce.provider.hqc.HQCKeyPairGeneratorSpi
11:37:12.997 [main] INFO eu.europa.esig.dss.spi.DSSUtils - 	ALGORITHM: KYBER / KeyFactory / org.bouncycastle.pqc.jcajce.provider.kyber.KyberKeyFactorySpi
11:37:12.997 [main] INFO eu.europa.esig.dss.spi.DSSUtils - 	ALGORITHM: FRODO / KeyPairGenerator / org.bouncycastle.pqc.jcajce.provider.frodo.FrodoKeyPairGeneratorSpi
11:37:12.997 [main] INFO eu.europa.esig.dss.spi.DSSUtils - 	ALGORITHM: DILITHIUM2 / KeyPairGenerator / org.bouncycastle.pqc.jcajce.provider.dilithium.DilithiumKeyPairGeneratorSpi$Base2
11:37:12.997 [main] INFO eu.europa.esig.dss.spi.DSSUtils - 	ALGORITHM: KYBER / KeyPairGenerator / org.bouncycastle.pqc.jcajce.provider.kyber.KyberKeyPairGeneratorSpi
11:37:12.997 [main] INFO eu.europa.esig.dss.spi.DSSUtils - 	ALGORITHM: SNTRUPRIME / KeyGenerator / org.bouncycastle.pqc.jcajce.provider.ntruprime.SNTRUPrimeKeyGeneratorSpi
11:37:12.997 [main] INFO eu.europa.esig.dss.spi.DSSUtils - 	ALGORITHM: BIKE / KeyPairGenerator / org.bouncycastle.pqc.jcajce.provider.bike.BIKEKeyPairGeneratorSpi
11:37:12.997 [main] INFO eu.europa.esig.dss.spi.DSSUtils - 	ALGORITHM: KYBER768-AES / KeyFactory / org.bouncycastle.pqc.jcajce.provider.kyber.KyberKeyFactorySpi$Kyber768_AES
11:37:12.997 [main] INFO eu.europa.esig.dss.spi.DSSUtils - 	ALGORITHM: KYBER512 / Cipher / org.bouncycastle.pqc.jcajce.provider.kyber.KyberCipherSpi$Kyber512
11:37:12.997 [main] INFO eu.europa.esig.dss.spi.DSSUtils - 	ALGORITHM: HQC / KeyFactory / org.bouncycastle.pqc.jcajce.provider.hqc.HQCKeyFactorySpi
11:37:12.997 [main] INFO eu.europa.esig.dss.spi.DSSUtils - 	ALGORITHM: DILITHIUM3-AES / Signature / org.bouncycastle.pqc.jcajce.provider.dilithium.SignatureSpi$Base3_AES
11:37:12.998 [main] INFO eu.europa.esig.dss.spi.DSSUtils - 	ALGORITHM: KYBER / Cipher / org.bouncycastle.pqc.jcajce.provider.kyber.KyberCipherSpi$Base
11:37:12.998 [main] INFO eu.europa.esig.dss.spi.DSSUtils - 	ALGORITHM: FRODO / KeyGenerator / org.bouncycastle.pqc.jcajce.provider.frodo.FrodoKeyGeneratorSpi
11:37:12.998 [main] INFO eu.europa.esig.dss.spi.DSSUtils - 	ALGORITHM: FALCON-1024 / KeyFactory / org.bouncycastle.pqc.jcajce.provider.falcon.FalconKeyFactorySpi$Falcon1024
11:37:12.998 [main] INFO eu.europa.esig.dss.spi.DSSUtils - 	ALGORITHM: RAINBOW-V-CIRCUMZENITHAL / Signature / org.bouncycastle.pqc.jcajce.provider.rainbow.SignatureSpi$RainbowVcircum
11:37:12.998 [main] INFO eu.europa.esig.dss.spi.DSSUtils - 	ALGORITHM: FALCON-512 / KeyFactory / org.bouncycastle.pqc.jcajce.provider.falcon.FalconKeyFactorySpi$Falcon512
11:37:12.998 [main] INFO eu.europa.esig.dss.spi.DSSUtils - 	ALGORITHM: PICNIC / Signature / org.bouncycastle.pqc.jcajce.provider.picnic.SignatureSpi$Base
11:37:12.998 [main] INFO eu.europa.esig.dss.spi.DSSUtils - 	ALGORITHM: KYBER / KeyGenerator / org.bouncycastle.pqc.jcajce.provider.kyber.KyberKeyGeneratorSpi
11:37:12.998 [main] INFO eu.europa.esig.dss.spi.DSSUtils - 	ALGORITHM: NH / KeyPairGenerator / org.bouncycastle.pqc.jcajce.provider.newhope.NHKeyPairGeneratorSpi
11:37:12.998 [main] INFO eu.europa.esig.dss.spi.DSSUtils - 	ALGORITHM: SABER / KeyFactory / org.bouncycastle.pqc.jcajce.provider.saber.SABERKeyFactorySpi
11:37:12.998 [main] INFO eu.europa.esig.dss.spi.DSSUtils - 	ALGORITHM: LMS / KeyPairGenerator / org.bouncycastle.pqc.jcajce.provider.lms.LMSKeyPairGeneratorSpi
11:37:12.998 [main] INFO eu.europa.esig.dss.spi.DSSUtils - 	ALGORITHM: BIKE / KeyFactory / org.bouncycastle.pqc.jcajce.provider.bike.BIKEKeyFactorySpi
11:37:12.998 [main] INFO eu.europa.esig.dss.spi.DSSUtils - 	ALGORITHM: SPHINCS256 / AlgorithmParameters / null
11:37:12.998 [main] INFO eu.europa.esig.dss.spi.DSSUtils - 	ALGORITHM: FALCON / KeyFactory / org.bouncycastle.pqc.jcajce.provider.falcon.FalconKeyFactorySpi
11:37:12.998 [main] INFO eu.europa.esig.dss.spi.DSSUtils - 	ALGORITHM: DILITHIUM3 / KeyPairGenerator / org.bouncycastle.pqc.jcajce.provider.dilithium.DilithiumKeyPairGeneratorSpi$Base3
11:37:12.998 [main] INFO eu.europa.esig.dss.spi.DSSUtils - 	ALGORITHM: XMSS / KeyPairGenerator / org.bouncycastle.pqc.jcajce.provider.xmss.XMSSKeyPairGeneratorSpi
11:37:12.998 [main] INFO eu.europa.esig.dss.spi.DSSUtils - 	ALGORITHM: BIKE / KeyGenerator / org.bouncycastle.pqc.jcajce.provider.bike.BIKEKeyGeneratorSpi
11:37:12.998 [main] INFO eu.europa.esig.dss.spi.DSSUtils - 	ALGORITHM: RAINBOW-III-CIRCUMZENITHAL / Signature / org.bouncycastle.pqc.jcajce.provider.rainbow.SignatureSpi$RainbowIIIcircum
11:37:12.998 [main] INFO eu.europa.esig.dss.spi.DSSUtils - 	ALGORITHM: SABER / KeyGenerator / org.bouncycastle.pqc.jcajce.provider.saber.SABERKeyGeneratorSpi
11:37:13.024 [main] INFO eu.europa.esig.dss.spi.DSSUtils - 	ALGORITHM: DILITHIUM5-AES / Signature / org.bouncycastle.pqc.jcajce.provider.dilithium.SignatureSpi$Base5_AES
11:37:13.024 [main] INFO eu.europa.esig.dss.spi.DSSUtils - 	ALGORITHM: RAINBOW-III-CLASSIC / Signature / org.bouncycastle.pqc.jcajce.provider.rainbow.SignatureSpi$RainbowIIIclassic
11:37:13.024 [main] INFO eu.europa.esig.dss.spi.DSSUtils - 	ALGORITHM: FRODO / Cipher / org.bouncycastle.pqc.jcajce.provider.frodo.FrodoCipherSpi$Base
11:37:13.024 [main] INFO eu.europa.esig.dss.spi.DSSUtils - 	ALGORITHM: KYBER768 / Cipher / org.bouncycastle.pqc.jcajce.provider.kyber.KyberCipherSpi$Kyber768
11:37:13.024 [main] INFO eu.europa.esig.dss.spi.DSSUtils - 	ALGORITHM: SPHINCS256 / KeyPairGenerator / org.bouncycastle.pqc.jcajce.provider.sphincs.Sphincs256KeyPairGeneratorSpi
11:37:13.024 [main] INFO eu.europa.esig.dss.spi.DSSUtils - 	ALGORITHM: XMSSMT / KeyPairGenerator / org.bouncycastle.pqc.jcajce.provider.xmss.XMSSMTKeyPairGeneratorSpi
11:37:13.024 [main] INFO eu.europa.esig.dss.spi.DSSUtils - 	ALGORITHM: NTRULPRIME / KeyPairGenerator / org.bouncycastle.pqc.jcajce.provider.ntruprime.NTRULPRimeKeyPairGeneratorSpi
11:37:13.024 [main] INFO eu.europa.esig.dss.spi.DSSUtils - 	ALGORITHM: DILITHIUM2 / KeyFactory / org.bouncycastle.pqc.jcajce.provider.dilithium.DilithiumKeyFactorySpi$Base2
11:37:13.024 [main] INFO eu.europa.esig.dss.spi.DSSUtils - 	ALGORITHM: RAINBOW-III-COMPRESSED / Signature / org.bouncycastle.pqc.jcajce.provider.rainbow.SignatureSpi$RainbowIIIcomp
11:37:13.024 [main] INFO eu.europa.esig.dss.spi.DSSUtils - 	ALGORITHM: KYBER1024-AES / KeyGenerator / org.bouncycastle.pqc.jcajce.provider.kyber.KyberKeyGeneratorSpi$Kyber1024_AES
11:37:13.024 [main] INFO eu.europa.esig.dss.spi.DSSUtils - 	ALGORITHM: RAINBOW-V-CLASSIC / Signature / org.bouncycastle.pqc.jcajce.provider.rainbow.SignatureSpi$RainbowVclassic
11:37:13.024 [main] INFO eu.europa.esig.dss.spi.DSSUtils - 	ALGORITHM: RAINBOW-v-COMPRESSED / Signature / org.bouncycastle.pqc.jcajce.provider.rainbow.SignatureSpi$RainbowVcomp
11:37:13.024 [main] INFO eu.europa.esig.dss.spi.DSSUtils - 	ALGORITHM: DILITHIUM3 / KeyFactory / org.bouncycastle.pqc.jcajce.provider.dilithium.DilithiumKeyFactorySpi$Base3
11:37:13.024 [main] INFO eu.europa.esig.dss.spi.DSSUtils - 	ALGORITHM: SNTRUPRIME / Cipher / org.bouncycastle.pqc.jcajce.provider.ntruprime.SNTRUPrimeCipherSpi$Base
11:37:13.024 [main] INFO eu.europa.esig.dss.spi.DSSUtils - 	ALGORITHM: KYBER768 / KeyGenerator / org.bouncycastle.pqc.jcajce.provider.kyber.KyberKeyGeneratorSpi$Kyber768
11:37:13.024 [main] INFO eu.europa.esig.dss.spi.DSSUtils - 	ALGORITHM: KYBER512 / KeyGenerator / org.bouncycastle.pqc.jcajce.provider.kyber.KyberKeyGeneratorSpi$Kyber512
11:37:13.024 [main] INFO eu.europa.esig.dss.spi.DSSUtils - 	ALGORITHM: KYBER1024 / KeyGenerator / org.bouncycastle.pqc.jcajce.provider.kyber.KyberKeyGeneratorSpi$Kyber1024
11:37:13.024 [main] INFO eu.europa.esig.dss.spi.DSSUtils - 	ALGORITHM: DILITHIUM5 / KeyPairGenerator / org.bouncycastle.pqc.jcajce.provider.dilithium.DilithiumKeyPairGeneratorSpi$Base5
11:37:13.024 [main] INFO eu.europa.esig.dss.spi.DSSUtils - 	ALGORITHM: RAINBOW / KeyPairGenerator / org.bouncycastle.pqc.jcajce.provider.rainbow.RainbowKeyPairGeneratorSpi
11:37:13.024 [main] INFO eu.europa.esig.dss.spi.DSSUtils - 	ALGORITHM: SNTRUPRIME / KeyPairGenerator / org.bouncycastle.pqc.jcajce.provider.ntruprime.SNTRUPrimeKeyPairGeneratorSpi
11:37:13.024 [main] INFO eu.europa.esig.dss.spi.DSSUtils - 	ALGORITHM: KYBER768-AES / KeyGenerator / org.bouncycastle.pqc.jcajce.provider.kyber.KyberKeyGeneratorSpi$Kyber768_AES
11:37:13.024 [main] INFO eu.europa.esig.dss.spi.DSSUtils - 	ALGORITHM: KYBER512-AES / KeyGenerator / org.bouncycastle.pqc.jcajce.provider.kyber.KyberKeyGeneratorSpi$Kyber512_AES
11:37:13.024 [main] INFO eu.europa.esig.dss.spi.DSSUtils - 	ALGORITHM: HQC / Cipher / org.bouncycastle.pqc.jcajce.provider.hqc.HQCCipherSpi$Base
11:37:13.024 [main] INFO eu.europa.esig.dss.spi.DSSUtils - 	ALGORITHM: KYBER1024 / KeyFactory / org.bouncycastle.pqc.jcajce.provider.kyber.KyberKeyFactorySpi$Kyber1024
11:37:13.024 [main] INFO eu.europa.esig.dss.spi.DSSUtils - 	ALGORITHM: KYBER1024-AES / KeyFactory / org.bouncycastle.pqc.jcajce.provider.kyber.KyberKeyFactorySpi$Kyber1024_AES
11:37:13.024 [main] INFO eu.europa.esig.dss.spi.DSSUtils - 	ALGORITHM: KYBER512 / KeyFactory / org.bouncycastle.pqc.jcajce.provider.kyber.KyberKeyFactorySpi$Kyber512
11:37:13.024 [main] INFO eu.europa.esig.dss.spi.DSSUtils - 	ALGORITHM: NTRU / KeyGenerator / org.bouncycastle.pqc.jcajce.provider.ntru.NTRUKeyGeneratorSpi
11:37:13.024 [main] INFO eu.europa.esig.dss.spi.DSSUtils - 	ALGORITHM: KYBER768 / KeyFactory / org.bouncycastle.pqc.jcajce.provider.kyber.KyberKeyFactorySpi$Kyber768
11:37:13.024 [main] INFO eu.europa.esig.dss.spi.DSSUtils - 	ALGORITHM: KYBER512-AES / KeyFactory / org.bouncycastle.pqc.jcajce.provider.kyber.KyberKeyFactorySpi$Kyber512_AES
11:37:13.024 [main] INFO eu.europa.esig.dss.spi.DSSUtils - 	ALGORITHM: DILITHIUM5 / KeyFactory / org.bouncycastle.pqc.jcajce.provider.dilithium.DilithiumKeyFactorySpi$Base5
11:37:13.024 [main] INFO eu.europa.esig.dss.spi.DSSUtils - 	ALGORITHM: SNTRUPRIME / KeyFactory / org.bouncycastle.pqc.jcajce.provider.ntruprime.SNTRUPrimeKeyFactorySpi
11:37:13.024 [main] INFO eu.europa.esig.dss.spi.DSSUtils - 	ALGORITHM: KYBER1024 / Cipher / org.bouncycastle.pqc.jcajce.provider.kyber.KyberCipherSpi$Kyber1024
11:37:13.024 [main] INFO eu.europa.esig.dss.spi.DSSUtils - 	ALGORITHM: KYBER768-AES / Cipher / org.bouncycastle.pqc.jcajce.provider.kyber.KyberCipherSpi$Kyber768_AES
11:37:13.025 [main] INFO eu.europa.esig.dss.spi.DSSUtils - 	ALGORITHM: KYBER1024-AES / Cipher / org.bouncycastle.pqc.jcajce.provider.kyber.KyberCipherSpi$Kyber1024_AES
11:37:13.025 [main] INFO eu.europa.esig.dss.spi.DSSUtils - 	ALGORITHM: FRODO / KeyFactory / org.bouncycastle.pqc.jcajce.provider.frodo.FrodoKeyFactorySpi
11:37:13.025 [main] INFO eu.europa.esig.dss.spi.DSSUtils - 	ALGORITHM: BIKE / Cipher / org.bouncycastle.pqc.jcajce.provider.bike.BIKECipherSpi$Base
11:37:13.025 [main] INFO eu.europa.esig.dss.spi.DSSUtils - 	ALGORITHM: CMCE / KeyFactory / org.bouncycastle.pqc.jcajce.provider.cmce.CMCEKeyFactorySpi
11:37:13.025 [main] INFO eu.europa.esig.dss.spi.DSSUtils - 	ALGORITHM: DILITHIUM / KeyPairGenerator / org.bouncycastle.pqc.jcajce.provider.dilithium.DilithiumKeyPairGeneratorSpi
11:37:13.025 [main] INFO eu.europa.esig.dss.spi.DSSUtils - 	ALGORITHM: XMSSMT / Signature / org.bouncycastle.pqc.jcajce.provider.xmss.XMSSMTSignatureSpi$generic
11:37:13.025 [main] INFO eu.europa.esig.dss.spi.DSSUtils - 	ALGORITHM: CMCE / KeyGenerator / org.bouncycastle.pqc.jcajce.provider.cmce.CMCEKeyGeneratorSpi
11:37:13.025 [main] INFO eu.europa.esig.dss.spi.DSSUtils - 	ALGORITHM: LMS / Signature / org.bouncycastle.pqc.jcajce.provider.lms.LMSSignatureSpi$generic
11:37:13.025 [main] INFO eu.europa.esig.dss.spi.DSSUtils - 	ALGORITHM: NH / KeyAgreement / org.bouncycastle.pqc.jcajce.provider.newhope.KeyAgreementSpi
11:37:13.025 [main] INFO eu.europa.esig.dss.spi.DSSUtils - 	ALGORITHM: NTRULPRIME / Cipher / org.bouncycastle.pqc.jcajce.provider.ntruprime.NTRULPRimeCipherSpi$Base
]]></system-out>
  </testcase>
  <testcase name="digestTest" classname="eu.europa.esig.dss.spi.DSSUtilsTest" time="0.013"/>
  <testcase name="loadRootCA2NotSelfSign" classname="eu.europa.esig.dss.spi.DSSUtilsTest" time="0.05">
    <system-out><![CDATA[11:37:13.043 [main] INFO eu.europa.esig.dss.spi.DSSUtilsTest - CertificateToken[
	DSS Id              : C-9F9744463BE13714754E1A3BECF98C08CC205E4AB32028F4E2830C4A1B2775B8
	Identity Id         : EntityIdentifier:SHA256:#F8E5F905BC939911267B83D50814A90323B51E183629DB52D4FC2D5468A5A578
	Validity period     : Thu Oct 04 12:00:00 CEST 2007 - Wed Dec 15 09:00:00 CET 2021
	Subject name        : cn=belgium root ca2,c=be
	Issuer subject name : cn=belgium root ca2,c=be
	Serial Number       : 3098404661496965511
	Signature algorithm : RSA_SHA1
	[SELF-SIGNED]
]
11:37:13.088 [main] INFO eu.europa.esig.dss.spi.DSSUtilsTest -   [0]         Version: 3
         SerialNumber: 3098404661496965511
             IssuerDN: C=BE,CN=Belgium Root CA2
           Start Date: Thu Oct 04 12:00:00 CEST 2007
           Final Date: Wed Dec 15 09:00:00 CET 2021
            SubjectDN: C=BE,CN=Belgium Root CA2
           Public Key: RSA Public Key [7c:37:fa:73:48:01:ec:c2:1c:3e:cb:1f:1a:69:b8:59:cb:33:7c:ca],[56:66:d1:a4]
        modulus: c673421e92ff750f8bbf7486a73fedb2182d2d97f9a9fb984a23dfd58de08cc6321c162d0742d62db66e2fa7f5fcc685825d95deb52200cca853409faf0a35a27ac7e1caf76010670ea750731753959f229f0c5d6fb641bc8cebda1d46bda794bff31acbd4fb8d0e1e33c896d7ec8c53de931e341e8a50712658b45dc28889da60d289213fded70118366ee12c70030465ef98062b5d1e62dc556bfe6664215ff82fe1d79b29af6fcd9faa0c46d188c59da2959fac3f15aef261dfefc36b9a22d82c71fd581dec00a43820955ac7d53763ba4f9baafe56462e63d90b23d58afab523f0891ba1140d26da41f0388f30ed052679c14b4ea1b87e55523a69468475
public exponent: 10001

  Signature Algorithm: SHA1WITHRSA
            Signature: 51d885ddbb576fcca06cb5a3209c5309f34a010c
                       74bf2bb39a9aba18f20b88ac1cb333afcee51301
                       279284589a10b9f7cc14926b74168a96e851efbf
                       fa4a25a789b6632b5d9458d1cf1172b61eb93941
                       164d29bc35530bdade8e0ecda9957725ca945ae9
                       b269aed8c013be98fc969c847f5513e63c87e3bc
                       20a4a436686b4d60661cf9bfac8094662eb9418a
                       d365d3848002ef501d5e46dcf7c9bab5347c2af3
                       c6d85f5f549ddb4dcd11e7fd140283665ec8a600
                       12a05fbece14febb1fa761f7ab4af106149fca49
                       42c2a9bced85b1ab8141e60dc542695387399d4c
                       1f000e3e070d755744a853b436766499dc6eeb3d
                       466e145d5e47538d784de027bb8e8576
       Extensions: 
                       critical(true) KeyUsage: 0x6
                       critical(true) BasicConstraints: isCa(true)
                       critical(false) 2.5.29.32 value = Sequence
    Sequence
        ObjectIdentifier(2.16.56.9.1.1)
        Sequence
            Sequence
                ObjectIdentifier(1.3.6.1.5.5.7.2.1)
                IA5String(http://repository.eid.belgium.be) 

                       critical(false) 2.5.29.14 value = DER Octet String[20] 

                       critical(false) NetscapeCertType: 0x7
                       critical(false) 2.5.29.35 value = Sequence
    Tagged [CONTEXT 0] IMPLICIT 
        DER Octet String[20] 


]]></system-out>
  </testcase>
  <testcase name="removeControlCharactersTest" classname="eu.europa.esig.dss.spi.DSSUtilsTest" time="0.004">
    <system-out><![CDATA[11:37:13.093 [main] WARN eu.europa.esig.dss.spi.DSSUtils - The string [
] contains illegal characters and was replaced to []
11:37:13.094 [main] WARN eu.europa.esig.dss.spi.DSSUtils - The string [
] contains illegal characters and was replaced to []
11:37:13.094 [main] WARN eu.europa.esig.dss.spi.DSSUtils - The string [http://xadessrv.plugtests.net/capso/ocsp?ca=R&amp#0;otCAOK] contains illegal characters and was replaced to [http://xadessrv.plugtests.net/capso/ocsp?ca=RotCAOK]
]]></system-out>
  </testcase>
  <testcase name="testLoadP7cPEM" classname="eu.europa.esig.dss.spi.DSSUtilsTest" time="0.032"/>
  <testcase name="isUrnOidTest" classname="eu.europa.esig.dss.spi.DSSUtilsTest" time="0.001"/>
  <testcase name="testRSASSAPSS" classname="eu.europa.esig.dss.spi.DSSUtilsTest" time="0.044"/>
  <testcase name="testLoadP7cNotPEM" classname="eu.europa.esig.dss.spi.DSSUtilsTest" time="0.018"/>
  <testcase name="loadEdDSACert" classname="eu.europa.esig.dss.spi.DSSUtilsTest" time="0.193">
    <system-out><![CDATA[11:37:13.218 [main] INFO eu.europa.esig.dss.spi.DSSUtilsTest - CertificateToken[
	DSS Id              : C-180516F0A03E4893D234A28F3AD28921BC35D1B12BD35134847240DAFB715A11
	Identity Id         : EntityIdentifier:SHA256:#291C5293E030452A599851A7C7298F3F16C3FF1BDFAFCB598927F2631F9FA641
	Validity period     : Mon Aug 01 14:19:24 CEST 2016 - Tue Jan 01 00:59:59 CET 2041
	Subject name        : cn=ietf test demo
	Issuer subject name : cn=ietf test demo
	Serial Number       : 6197312946105598768
	Signature algorithm : ED25519
]
11:37:13.231 [main] INFO eu.europa.esig.dss.spi.DSSUtilsTest - X25519 Public Key [01:3e:44:91:3a:bf:da:8c:7e:02:6a:65:fb:3d:cb:00:c0:6d:70:32]
    public data: 8520f0098930a754748b7ddcb43ef75a0dbf3a0d26381af4eba4a98eaa9b4e6a

11:37:13.283 [main] INFO eu.europa.esig.dss.spi.DSSUtilsTest - CertificateToken[
	DSS Id              : C-7F7228553417082195FDC80F49EC39D3B31998003A55044C6B64CE6049E7E0AD
	Identity Id         : EntityIdentifier:SHA256:#CA9F73E9D3FB8D27757F5DD12024DC74296F658BD7369E9C59C2FAEAA486D186
	Validity period     : Sun Mar 31 19:51:22 CEST 2019 - Sun Feb 28 18:51:22 CET 2021
	Subject name        : cn=www.example.com,c=de
	Issuer subject name : cn=www.example.com,c=de
	Serial Number       : 145199873994292727444641035716316446078879338180
	Signature algorithm : ED25519
	[SELF-SIGNED]
]
11:37:13.389 [main] INFO eu.europa.esig.dss.spi.DSSUtilsTest - Ed25519 Public Key [96:85:c1:24:39:0d:b5:23:53:54:27:e0:91:3c:1d:92:37:08:7d:d7]
    public data: 2bcee0d1bf020b5780e66bca5edf6e7b3670258584ca0ef8634c5364492a09cc

]]></system-out>
  </testcase>
  <testcase name="getObjectIdentifierValueWithQualifier" classname="eu.europa.esig.dss.spi.DSSUtilsTest" time="0.009">
    <system-out><![CDATA[11:37:13.401 [main] DEBUG eu.europa.esig.dss.spi.DSSUtils - When OID is encoded as URN, a Qualifier="OIDAsURN" shall be used!
11:37:13.401 [main] DEBUG eu.europa.esig.dss.spi.DSSUtils - When URI is used, a Qualifier attribute shall not be present!
11:37:13.401 [main] DEBUG eu.europa.esig.dss.spi.DSSUtils - When OID is encoded as URI, a Qualifier="OIDAsURN" shall not be used!
11:37:13.401 [main] DEBUG eu.europa.esig.dss.spi.DSSUtils - When URI is used, a Qualifier attribute shall not be present!
11:37:13.401 [main] DEBUG eu.europa.esig.dss.spi.DSSUtils - When OID is encoded as URN, a Qualifier="OIDAsURN" shall be used!
]]></system-out>
  </testcase>
  <testcase name="loadCertificate" classname="eu.europa.esig.dss.spi.DSSUtilsTest" time="0.012">
    <system-out><![CDATA[11:37:13.407 [main] INFO eu.europa.esig.dss.spi.DSSUtilsTest - MIID/TCCAuWgAwIBAgILBAAAAAABFWqxqn4wDQYJKoZIhvcNAQEFBQAwVzELMAkGA1UEBhMCQkUxGTAXBgNVBAoTEEdsb2JhbFNpZ24gbnYtc2ExEDAOBgNVBAsTB1Jvb3QgQ0ExGzAZBgNVBAMTEkdsb2JhbFNpZ24gUm9vdCBDQTAeFw0wNzEwMDQxMjAwMDBaFw0xNDAxMjYyMzAwMDBaMCgxCzAJBgNVBAYTAkJFMRkwFwYDVQQDExBCZWxnaXVtIFJvb3QgQ0EyMIIBIjANBgkqhkiG9w0BAQEFAAOCAQ8AMIIBCgKCAQEAxnNCHpL/dQ+Lv3SGpz/tshgtLZf5qfuYSiPf1Y3gjMYyHBYtB0LWLbZuL6f1/MaFgl2V3rUiAMyoU0Cfrwo1onrH4cr3YBBnDqdQcxdTlZ8inwxdb7ZBvIzr2h1GvaeUv/May9T7jQ4eM8iW1+yMU96THjQeilBxJli0XcKIidpg0okhP97XARg2buEscAMEZe+YBitdHmLcVWv+ZmQhX/gv4debKa9vzZ+qDEbRiMWdopWfrD8VrvJh3+/Da5oi2Cxx/Vgd7ACkOCCVWsfVN2O6T5uq/lZGLmPZCyPVivq1I/CJG6EUDSbaQfA4jzDtBSZ5wUtOobh+VVI6aUaEdQIDAQABo4H4MIH1MA4GA1UdDwEB/wQEAwIBBjAPBgNVHRMBAf8EBTADAQH/MB0GA1UdDgQWBBSFiuv0xbu+DlkDlN7WgAEV4xCcOTBDBgNVHSAEPDA6MDgGBWA4CQEBMC8wLQYIKwYBBQUHAgEWIWh0dHA6Ly9yZXBvc2l0b3J5LmVpZC5iZWxnaXVtLmJlIDA6BgNVHR8EMzAxMC+gLaArhilodHRwOi8vc2VjdXJlLmdsb2JhbHNpZ24ubmV0L2NybC9yb290LmNybDARBglghkgBhvhCAQEEBAMCAAcwHwYDVR0jBBgwFoAUYHtmGkUNl8qJUC99BM00qP/8/UswDQYJKoZIhvcNAQEFBQADggEBAH1t5NWhYEwrNe6NfOyI0orfIiEoy13BB5w214IoqfGSTivFMZBI2FQeBOquBXkoB253FXQq+mmZMlIl5qn0qprUQKQlicA2cSm0UgBe7SlIQkkxFusl1AgVdjk6oeNkHqxZs+J1SLy0NofzDA+F8BWy4AVSPujQ6x1GK70FdGmea/h9anxodOyPLAvWEckPFxavtvTuxwAjBTfdGB6Z6DvQBq0LtljcrLyojA9uwVDSvcwOTZK5lcTV54aE6KZWX2DapbDi2KY/oL6HfhOiDh+OPqa3YXzvCesY/h5v0RerHFFk49+ItSJryzwRcvYuzk1zYQL5ZykZc/PkVRV3HWE=
11:37:13.412 [main] INFO eu.europa.esig.dss.spi.DSSUtilsTest - MIID7jCCAtagAwIBAgILBAAAAAABQaHhNLowDQYJKoZIhvcNAQEFBQAwOzEYMBYGA1UEChMPQ3liZXJ0cnVzdCwgSW5jMR8wHQYDVQQDExZDeWJlcnRydXN0IEdsb2JhbCBSb290MB4XDTEzMTAxMDExMDAwMFoXDTI1MDUxMjIyNTkwMFowKDELMAkGA1UEBhMCQkUxGTAXBgNVBAMTEEJlbGdpdW0gUm9vdCBDQTIwggEiMA0GCSqGSIb3DQEBAQUAA4IBDwAwggEKAoIBAQDGc0Iekv91D4u/dIanP+2yGC0tl/mp+5hKI9/VjeCMxjIcFi0HQtYttm4vp/X8xoWCXZXetSIAzKhTQJ+vCjWiesfhyvdgEGcOp1BzF1OVnyKfDF1vtkG8jOvaHUa9p5S/8xrL1PuNDh4zyJbX7IxT3pMeNB6KUHEmWLRdwoiJ2mDSiSE/3tcBGDZu4SxwAwRl75gGK10eYtxVa/5mZCFf+C/h15spr2/Nn6oMRtGIxZ2ilZ+sPxWu8mHf78NrmiLYLHH9WB3sAKQ4IJVax9U3Y7pPm6r+VkYuY9kLI9WK+rUj8IkboRQNJtpB8DiPMO0FJnnBS06huH5VUjppRoR1AgMBAAGjggEEMIIBADAOBgNVHQ8BAf8EBAMCAQYwEgYDVR0TAQH/BAgwBgEB/wIBATBQBgNVHSAESTBHMEUGCisGAQQBsT4BZAEwNzA1BggrBgEFBQcCARYpaHR0cDovL2N5YmVydHJ1c3Qub21uaXJvb3QuY29tL3JlcG9zaXRvcnkwHQYDVR0OBBYEFIWK6/TFu74OWQOU3taAARXjEJw5MDUGA1UdHwQuMCwwKqAooCaGJGh0dHA6Ly9jcmwub21uaXJvb3QuY29tL2N0Z2xvYmFsLmNybDARBglghkgBhvhCAQEEBAMCAAcwHwYDVR0jBBgwFoAUtgh7DXrMrCBMhlYyXs+rboUtcFcwDQYJKoZIhvcNAQEFBQADggEBALLLOUcpFHXrT8gK9htqXI8dV3LlSAooOqLkn+yRRxt/zS9Y0X0opocf56Kjdu+c2dgw6Ph3xE/ytMT5cu/60jT17BTk2MFkQhoAJbM/KIGmvu4ISDGdeobiBtSeiyzRb9JR6JSuuM3LvQp1n0fhsA5HlibT5rFrKi7Oi1luDbc4eAp09nPhAdcgUkRU9o/aAJLAJho3Zu9uSbw5yHW3PRGnmfSO67mwsnSDVswudPrZEkCnSHq/jwOBXAWCYVu5bru3rCdojd5qCTn/WyqbZdsgLAPR5Vmf/uG3d5HxTO1LLX1Zyp9iANuG32+nFusi89shA1GPDKWacEm0ASd8iaU=
]]></system-out>
  </testcase>
  <testcase name="signAndConvertECSignatureValueTest" classname="eu.europa.esig.dss.spi.DSSUtilsTest" time="1.22"/>
  <testcase name="decodeURI" classname="eu.europa.esig.dss.spi.DSSUtilsTest" time="0.008"/>
  <testcase name="testRootCA2s" classname="eu.europa.esig.dss.spi.DSSUtilsTest" time="0.055">
    <system-out><![CDATA[11:37:14.691 [main] INFO eu.europa.esig.dss.spi.DSSUtilsTest - CertificateToken[
	DSS Id              : C-9F9744463BE13714754E1A3BECF98C08CC205E4AB32028F4E2830C4A1B2775B8
	Identity Id         : EntityIdentifier:SHA256:#F8E5F905BC939911267B83D50814A90323B51E183629DB52D4FC2D5468A5A578
	Validity period     : Thu Oct 04 12:00:00 CEST 2007 - Wed Dec 15 09:00:00 CET 2021
	Subject name        : cn=belgium root ca2,c=be
	Issuer subject name : cn=belgium root ca2,c=be
	Serial Number       : 3098404661496965511
	Signature algorithm : RSA_SHA1
	[SELF-SIGNED]
]
11:37:14.698 [main] INFO eu.europa.esig.dss.spi.DSSUtilsTest - CertificateToken[
	DSS Id              : C-CFFA9C01EC59C29E718D0DD0EF5479F09B51C95780AFB7BD69D3C8054AFE4D28
	Identity Id         : EntityIdentifier:SHA256:#F8E5F905BC939911267B83D50814A90323B51E183629DB52D4FC2D5468A5A578
	Validity period     : Thu Oct 10 13:00:00 CEST 2013 - Tue May 13 00:59:00 CEST 2025
	Subject name        : cn=belgium root ca2,c=be
	Issuer subject name : cn=cybertrust global root,o=cybertrust\, inc
	Serial Number       : 4835703278459898099217594
	Signature algorithm : RSA_SHA1
]
11:37:14.701 [main] INFO eu.europa.esig.dss.spi.DSSUtilsTest - CertificateToken[
	DSS Id              : C-D74AF393CF3B506DA33B46BC52B49CD6FAC12B2BDAA9CE1FBA25C0C1E4EBBE19
	Identity Id         : EntityIdentifier:SHA256:#FB560CC966901AD52EDE1F88BC6AD8FB9FD47FA05B6052E920E07C426080E51B
	Validity period     : Wed Oct 23 13:00:00 CEST 2013 - Wed Jan 23 12:00:00 CET 2019
	Subject name        : cn=time stamping authority,o=belgium federal government,2.5.4.5=#130432303134,c=be
	Issuer subject name : cn=belgium root ca2,c=be
	Serial Number       : 4835703278459899228099182
	Signature algorithm : RSA_SHA1
]
11:37:14.703 [main] INFO eu.europa.esig.dss.spi.DSSUtilsTest -   [0]         Version: 3
         SerialNumber: 4835703278459899228099182
             IssuerDN: C=BE,CN=Belgium Root CA2
           Start Date: Wed Oct 23 13:00:00 CEST 2013
           Final Date: Wed Jan 23 12:00:00 CET 2019
            SubjectDN: C=BE,SERIALNUMBER=2014,O=Belgium Federal Government,CN=Time Stamping Authority
           Public Key: RSA Public Key [90:8a:a1:b2:e6:01:66:8d:31:52:b0:1d:2c:cb:0f:cc:fd:24:02:36],[56:66:d1:a4]
        modulus: baeaf371467dc63d07c63f29ccb3d27687716e5f614f39af5458d5c243e53bf08a22db8cbf98dd5fbf2f909cb10e8088ce56b2742f225fa2ca56f6ca592f031d4e10f6f520f639723eb1b7a4cf3feee30a122549968d50ec6fe3df271521f296e4980b11492403ba6bb63c6e99a51a36da12a0b5d56c753ee2a2152ee04eabb758c19374a1fb5833a71412c96a0e2f0e480655c8f62f50d23b925710461dbc76eb8cc945e13b3bb89de073e3db920397379c0207271247fb3b0810867faefdbea2216c377351cbc9aef2c1f0391d5b7fcd523fbdc2e86b20c747236f825a12f01d1176b23b1e588c8929f29f6b174b0c1db8a6632e97860eae03339b8c5ad0b7
public exponent: 10001

  Signature Algorithm: SHA1WITHRSA
            Signature: 2ad9e0fc1309c09e26a033dd874c096cc703ba98
                       3b0abdcf6e82ea36256d247b688ed8326b9f8b0d
                       f2290da06dd39e1eb3f38a5777cd778d0b53578d
                       063d1f954d12360c7046aa96c018dda418fd5c26
                       6c2ec4e50a32c31bb1c9abab68c807d76231c18f
                       72a5754412da0e307f79f17908036cb4ecdbc321
                       a4958df450a4d8327adda3c46c067f1c0db434f0
                       1bf3a28cfcb84ed809640f08693f9d748a1d5d05
                       68e2c0d46b92b9b12275be3c242604647ad2ba91
                       b397fc9daa2cc91f14443cffc07890e00ae7fc7a
                       d7fca559d87303f29b7521963ee4bb88b80d9f9f
                       484d090cab199a1adc736a2083f9cdf6afc344e9
                       fa30ca2cd352b22e4bf023f5dbc964ba
       Extensions: 
                       critical(true) KeyUsage: 0xc0
                       critical(true) 2.5.29.37 value = Sequence
    ObjectIdentifier(1.3.6.1.5.5.7.3.8)

                       critical(false) 2.5.29.32 value = Sequence
    Sequence
        ObjectIdentifier(2.16.56.9.1.1.5)
        Sequence
            Sequence
                ObjectIdentifier(1.3.6.1.5.5.7.2.1)
                IA5String(http://repository.pki.belgium.be) 

                       critical(false) 2.5.29.14 value = DER Octet String[20] 

                       critical(false) 2.5.29.31 value = Sequence
    Sequence
        Tagged [CONTEXT 0]
            Tagged [CONTEXT 0]
                Tagged [CONTEXT 6] IMPLICIT 
                    DER Octet String[38] 

                       critical(false) BasicConstraints: isCa(false)
                       critical(false) 2.5.29.35 value = Sequence
    Tagged [CONTEXT 0] IMPLICIT 
        DER Octet String[20] 


]]></system-out>
  </testcase>
  <testcase name="getMD5Digest" classname="eu.europa.esig.dss.spi.DSSUtilsTest" time="0.008"/>
  <testcase name="replaceAllNonAlphanumericCharactersTest" classname="eu.europa.esig.dss.spi.DSSUtilsTest" time="0.005"/>
  <testcase name="convertToPEM" classname="eu.europa.esig.dss.spi.DSSUtilsTest" time="0.1"/>
  <testcase name="isSelfSigned" classname="eu.europa.esig.dss.spi.DSSUtilsTest" time="0.016"/>
  <testcase name="isDocumentEmptyTest" classname="eu.europa.esig.dss.spi.DSSUtilsTest" time="0.024"/>
  <testcase name="getUTCDateTest" classname="eu.europa.esig.dss.spi.DSSUtilsTest" time="0.007"/>
  <testcase name="getOidCodeTest" classname="eu.europa.esig.dss.spi.DSSUtilsTest" time="0.001"/>
  <testcase name="stripFirstLeadingOccurrenceTest" classname="eu.europa.esig.dss.spi.DSSUtilsTest" time="0.001"/>
  <testcase name="convertECSignatureValueTest" classname="eu.europa.esig.dss.spi.DSSUtilsTest" time="0.009"/>
  <testcase name="formatDateTest" classname="eu.europa.esig.dss.spi.DSSUtilsTest" time="0.006"/>
  <testcase name="getDeterministicId" classname="eu.europa.esig.dss.spi.DSSUtilsTest" time="0.002"/>
</testsuite>