<?xml version="1.0" encoding="UTF-8"?>
<testsuite xmlns:xsi="http://www.w3.org/2001/XMLSchema-instance" xsi:noNamespaceSchemaLocation="https://maven.apache.org/surefire/maven-surefire-plugin/xsd/surefire-test-report-3.0.xsd" version="3.0" name="eu.europa.esig.dss.spi.x509.MultiThreadsTokenIssuerSelectorTest" time="5.012" tests="1" errors="0" skipped="0" failures="0">
  <properties>
    <property name="java.specification.version" value="19"/>
    <property name="sun.cpu.isalist" value="amd64"/>
    <property name="sun.jnu.encoding" value="Cp1252"/>
    <property name="java.class.path" value="C:\Users\amadoria\Documents\Projects\HAPKIDO\WP4\dss-fork\dss-spi\target\test-classes;C:\Users\amadoria\Documents\Projects\HAPKIDO\WP4\dss-fork\dss-spi\target\classes;C:\Users\amadoria\Documents\Projects\HAPKIDO\WP4\dss-fork\dss-model\target\dss-model-5.12.RC1.jar;C:\Users\amadoria\Documents\Projects\HAPKIDO\WP4\dss-fork\dss-enumerations\target\dss-enumerations-5.12.RC1.jar;C:\Users\amadoria\Documents\Projects\HAPKIDO\WP4\dss-fork\dss-utils\target\dss-utils-5.12.RC1.jar;C:\Users\amadoria\Documents\Projects\HAPKIDO\WP4\dss-fork\dss-crl-parser\target\dss-crl-parser-5.12.RC1.jar;C:\Users\amadoria\.m2\repository\org\slf4j\slf4j-api\2.0.6\slf4j-api-2.0.6.jar;C:\Users\amadoria\Documents\Projects\HAPKIDO\WP4\dss-fork\dss-spi\libs\bcpkix-jdk18on-173b20.jar;C:\Users\amadoria\Documents\Projects\HAPKIDO\WP4\dss-fork\dss-spi\libs\bcprov-jdk18on-173b20.jar;C:\Users\amadoria\Documents\Projects\HAPKIDO\WP4\dss-fork\dss-spi\libs\bcutil-jdk18on-173b20.jar;C:\Users\amadoria\.m2\repository\org\junit\platform\junit-platform-launcher\1.9.2\junit-platform-launcher-1.9.2.jar;C:\Users\amadoria\.m2\repository\org\junit\platform\junit-platform-engine\1.9.2\junit-platform-engine-1.9.2.jar;C:\Users\amadoria\.m2\repository\org\opentest4j\opentest4j\1.2.0\opentest4j-1.2.0.jar;C:\Users\amadoria\.m2\repository\org\junit\platform\junit-platform-commons\1.9.2\junit-platform-commons-1.9.2.jar;C:\Users\amadoria\.m2\repository\org\apiguardian\apiguardian-api\1.1.2\apiguardian-api-1.1.2.jar;C:\Users\amadoria\.m2\repository\org\junit\jupiter\junit-jupiter-engine\5.9.2\junit-jupiter-engine-5.9.2.jar;C:\Users\amadoria\.m2\repository\org\junit\jupiter\junit-jupiter-api\5.9.2\junit-jupiter-api-5.9.2.jar;C:\Users\amadoria\.m2\repository\org\junit\jupiter\junit-jupiter-params\5.9.2\junit-jupiter-params-5.9.2.jar;C:\Users\amadoria\Documents\Projects\HAPKIDO\WP4\dss-fork\dss-utils-apache-commons\target\dss-utils-apache-commons-5.12.RC1.jar;C:\Users\amadoria\.m2\repository\org\apache\commons\commons-lang3\3.12.0\commons-lang3-3.12.0.jar;C:\Users\amadoria\.m2\repository\org\apache\commons\commons-collections4\4.4\commons-collections4-4.4.jar;C:\Users\amadoria\.m2\repository\commons-codec\commons-codec\1.15\commons-codec-1.15.jar;C:\Users\amadoria\.m2\repository\commons-io\commons-io\2.11.0\commons-io-2.11.0.jar;C:\Users\amadoria\Documents\Projects\HAPKIDO\WP4\dss-fork\dss-crl-parser-x509crl\target\dss-crl-parser-x509crl-5.12.RC1.jar;C:\Users\amadoria\.m2\repository\ch\qos\logback\logback-classic\1.3.5\logback-classic-1.3.5.jar;C:\Users\amadoria\.m2\repository\ch\qos\logback\logback-core\1.3.5\logback-core-1.3.5.jar;"/>
    <property name="java.vm.vendor" value="Oracle Corporation"/>
    <property name="sun.arch.data.model" value="64"/>
    <property name="user.variant" value=""/>
    <property name="java.vendor.url" value="https://java.oracle.com/"/>
    <property name="user.timezone" value="Europe/Amsterdam"/>
    <property name="os.name" value="Windows 10"/>
    <property name="java.vm.specification.version" value="19"/>
    <property name="sun.java.launcher" value="SUN_STANDARD"/>
    <property name="user.country" value="US"/>
    <property name="sun.boot.library.path" value="C:\Program Files\Java\jdk-19\bin"/>
    <property name="sun.java.command" value="C:\Users\amadoria\AppData\Local\Temp\surefire9983951541681206191\surefirebooter-20230428113707353_157.jar C:\Users\amadoria\AppData\Local\Temp\surefire9983951541681206191 2023-04-28T11-29-53_553-jvmRun1 surefire-20230428113707353_155tmp surefire_25-20230428113707353_156tmp"/>
    <property name="jdk.debug" value="release"/>
    <property name="surefire.test.class.path" value="C:\Users\amadoria\Documents\Projects\HAPKIDO\WP4\dss-fork\dss-spi\target\test-classes;C:\Users\amadoria\Documents\Projects\HAPKIDO\WP4\dss-fork\dss-spi\target\classes;C:\Users\amadoria\Documents\Projects\HAPKIDO\WP4\dss-fork\dss-model\target\dss-model-5.12.RC1.jar;C:\Users\amadoria\Documents\Projects\HAPKIDO\WP4\dss-fork\dss-enumerations\target\dss-enumerations-5.12.RC1.jar;C:\Users\amadoria\Documents\Projects\HAPKIDO\WP4\dss-fork\dss-utils\target\dss-utils-5.12.RC1.jar;C:\Users\amadoria\Documents\Projects\HAPKIDO\WP4\dss-fork\dss-crl-parser\target\dss-crl-parser-5.12.RC1.jar;C:\Users\amadoria\.m2\repository\org\slf4j\slf4j-api\2.0.6\slf4j-api-2.0.6.jar;C:\Users\amadoria\Documents\Projects\HAPKIDO\WP4\dss-fork\dss-spi\libs\bcpkix-jdk18on-173b20.jar;C:\Users\amadoria\Documents\Projects\HAPKIDO\WP4\dss-fork\dss-spi\libs\bcprov-jdk18on-173b20.jar;C:\Users\amadoria\Documents\Projects\HAPKIDO\WP4\dss-fork\dss-spi\libs\bcutil-jdk18on-173b20.jar;C:\Users\amadoria\.m2\repository\org\junit\platform\junit-platform-launcher\1.9.2\junit-platform-launcher-1.9.2.jar;C:\Users\amadoria\.m2\repository\org\junit\platform\junit-platform-engine\1.9.2\junit-platform-engine-1.9.2.jar;C:\Users\amadoria\.m2\repository\org\opentest4j\opentest4j\1.2.0\opentest4j-1.2.0.jar;C:\Users\amadoria\.m2\repository\org\junit\platform\junit-platform-commons\1.9.2\junit-platform-commons-1.9.2.jar;C:\Users\amadoria\.m2\repository\org\apiguardian\apiguardian-api\1.1.2\apiguardian-api-1.1.2.jar;C:\Users\amadoria\.m2\repository\org\junit\jupiter\junit-jupiter-engine\5.9.2\junit-jupiter-engine-5.9.2.jar;C:\Users\amadoria\.m2\repository\org\junit\jupiter\junit-jupiter-api\5.9.2\junit-jupiter-api-5.9.2.jar;C:\Users\amadoria\.m2\repository\org\junit\jupiter\junit-jupiter-params\5.9.2\junit-jupiter-params-5.9.2.jar;C:\Users\amadoria\Documents\Projects\HAPKIDO\WP4\dss-fork\dss-utils-apache-commons\target\dss-utils-apache-commons-5.12.RC1.jar;C:\Users\amadoria\.m2\repository\org\apache\commons\commons-lang3\3.12.0\commons-lang3-3.12.0.jar;C:\Users\amadoria\.m2\repository\org\apache\commons\commons-collections4\4.4\commons-collections4-4.4.jar;C:\Users\amadoria\.m2\repository\commons-codec\commons-codec\1.15\commons-codec-1.15.jar;C:\Users\amadoria\.m2\repository\commons-io\commons-io\2.11.0\commons-io-2.11.0.jar;C:\Users\amadoria\Documents\Projects\HAPKIDO\WP4\dss-fork\dss-crl-parser-x509crl\target\dss-crl-parser-x509crl-5.12.RC1.jar;C:\Users\amadoria\.m2\repository\ch\qos\logback\logback-classic\1.3.5\logback-classic-1.3.5.jar;C:\Users\amadoria\.m2\repository\ch\qos\logback\logback-core\1.3.5\logback-core-1.3.5.jar;"/>
    <property name="sun.cpu.endian" value="little"/>
    <property name="user.home" value="C:\Users\amadoria"/>
    <property name="user.language" value="en"/>
    <property name="java.specification.vendor" value="Oracle Corporation"/>
    <property name="java.version.date" value="2023-01-17"/>
    <property name="java.home" value="C:\Program Files\Java\jdk-19"/>
    <property name="file.separator" value="\"/>
    <property name="basedir" value="C:\Users\amadoria\Documents\Projects\HAPKIDO\WP4\dss-fork\dss-spi"/>
    <property name="java.vm.compressedOopsMode" value="Zero based"/>
    <property name="line.separator" value="&#10;"/>
    <property name="java.vm.specification.vendor" value="Oracle Corporation"/>
    <property name="java.specification.name" value="Java Platform API Specification"/>
    <property name="surefire.real.class.path" value="C:\Users\amadoria\AppData\Local\Temp\surefire9983951541681206191\surefirebooter-20230428113707353_157.jar"/>
    <property name="user.script" value=""/>
    <property name="sun.management.compiler" value="HotSpot 64-Bit Tiered Compilers"/>
    <property name="java.runtime.version" value="19.0.2+7-44"/>
    <property name="user.name" value="amadoria"/>
    <property name="stdout.encoding" value="Cp1252"/>
    <property name="path.separator" value=";"/>
    <property name="os.version" value="10.0"/>
    <property name="java.runtime.name" value="Java(TM) SE Runtime Environment"/>
    <property name="file.encoding" value="UTF-8"/>
    <property name="java.vm.name" value="Java HotSpot(TM) 64-Bit Server VM"/>
    <property name="localRepository" value="C:\Users\amadoria\.m2\repository"/>
    <property name="java.vendor.url.bug" value="https://bugreport.java.com/bugreport/"/>
    <property name="java.io.tmpdir" value="C:\Users\amadoria\AppData\Local\Temp\"/>
    <property name="java.version" value="19.0.2"/>
    <property name="user.dir" value="C:\Users\amadoria\Documents\Projects\HAPKIDO\WP4\dss-fork\dss-spi"/>
    <property name="os.arch" value="amd64"/>
    <property name="java.vm.specification.name" value="Java Virtual Machine Specification"/>
    <property name="sun.os.patch.level" value=""/>
    <property name="native.encoding" value="Cp1252"/>
    <property name="java.library.path" value="C:\Program Files\Java\jdk-19\bin;C:\WINDOWS\Sun\Java\bin;C:\WINDOWS\system32;C:\WINDOWS;C:\Program Files\Common Files\Oracle\Java\javapath;C:\Program Files\Eclipse Adoptium\jdk-17.0.5.8-hotspot\bin;C:\WINDOWS\system32;C:\WINDOWS;C:\WINDOWS\System32\Wbem;C:\WINDOWS\System32\WindowsPowerShell\v1.0\;C:\WINDOWS\System32\OpenSSH\;C:\Program Files\dotnet\;C:\ProgramData\chocolatey\bin;C:\Program Files\Gradle\gradle-8.0.2\bin;C:\Program Files\Maven\apache-maven-3.9.0\bin;;C:\Program Files\Docker\Docker\resources\bin;C:\Users\amadoria\AppData\Local\Programs\Python\Python38\Scripts\;C:\Users\amadoria\AppData\Local\Programs\Python\Python38\;C:\Users\amadoria\AppData\Local\Microsoft\WindowsApps;C:\Users\amadoria\AppData\Local\Programs\MiKTeX\miktex\bin\x64\;C:\Users\amadoria\AppData\Local\Programs\Microsoft VS Code\bin;C:\Users\amadoria\AppData\Roaming\Python\Scripts\;C:\Users\amadoria\AppData\Local\Programs\Git\cmd;C:\Program Files\JetBrains\IntelliJ IDEA Community Edition 2022.3.3\bin;;."/>
    <property name="java.vm.info" value="mixed mode, sharing"/>
    <property name="stderr.encoding" value="Cp1252"/>
    <property name="java.vendor" value="Oracle Corporation"/>
    <property name="java.vm.version" value="19.0.2+7-44"/>
    <property name="sun.io.unicode.encoding" value="UnicodeLittle"/>
    <property name="java.class.version" value="63.0"/>
  </properties>
  <testcase name="test" classname="eu.europa.esig.dss.spi.x509.MultiThreadsTokenIssuerSelectorTest" time="4.894">
    <system-out><![CDATA[11:39:06.517 [pool-7-thread-16] WARN eu.europa.esig.dss.spi.x509.TokenIssuerSelector - No issuer found for the token creation date. The process continues with an issuer which has the same public key.
11:39:06.518 [pool-7-thread-17] WARN eu.europa.esig.dss.spi.x509.TokenIssuerSelector - No issuer found for the token creation date. The process continues with an issuer which has the same public key.
11:39:06.518 [pool-7-thread-16] WARN eu.europa.esig.dss.spi.x509.TokenIssuerSelector - No issuer found for the token creation date. The process continues with an issuer which has the same public key.
11:39:06.520 [pool-7-thread-17] WARN eu.europa.esig.dss.spi.x509.TokenIssuerSelector - No issuer found for the token creation date. The process continues with an issuer which has the same public key.
11:39:06.525 [pool-7-thread-15] WARN eu.europa.esig.dss.spi.x509.TokenIssuerSelector - No issuer found for the token creation date. The process continues with an issuer which has the same public key.
11:39:06.526 [pool-7-thread-15] WARN eu.europa.esig.dss.spi.x509.TokenIssuerSelector - No issuer found for the token creation date. The process continues with an issuer which has the same public key.
11:39:06.533 [pool-7-thread-12] WARN eu.europa.esig.dss.spi.x509.TokenIssuerSelector - No issuer found for the token creation date. The process continues with an issuer which has the same public key.
11:39:06.533 [pool-7-thread-17] INFO eu.europa.esig.dss.spi.x509.TokenIssuerSelector - The issuer subject name and subject name does not match (more details in debug mode).
11:39:06.533 [pool-7-thread-17] INFO eu.europa.esig.dss.spi.x509.TokenIssuerSelector - CERT ISSUER    : c=lu,ou=pki-test,o=nowina solutions,cn=external-ca
11:39:06.533 [pool-7-thread-17] INFO eu.europa.esig.dss.spi.x509.TokenIssuerSelector - ISSUER SUBJECT : c=lu,ou=pki-test,o=nowina solutions,cn=external-ca-alternative
11:39:06.533 [pool-7-thread-17] INFO eu.europa.esig.dss.spi.x509.TokenIssuerSelector - The issuer subject name and subject name does not match (more details in debug mode).
11:39:06.533 [pool-7-thread-17] INFO eu.europa.esig.dss.spi.x509.TokenIssuerSelector - CERT ISSUER    : c=lu,ou=pki-test,o=nowina solutions,cn=external-ca
11:39:06.533 [pool-7-thread-17] INFO eu.europa.esig.dss.spi.x509.TokenIssuerSelector - ISSUER SUBJECT : c=lu,ou=pki-test,o=nowina solutions,cn=external-ca-alternative
11:39:06.534 [pool-7-thread-17] INFO eu.europa.esig.dss.spi.x509.TokenIssuerSelector - The issuer subject name and subject name does not match (more details in debug mode).
11:39:06.534 [pool-7-thread-17] INFO eu.europa.esig.dss.spi.x509.TokenIssuerSelector - CERT ISSUER    : c=lu,ou=pki-test,o=nowina solutions,cn=external-ca
11:39:06.534 [pool-7-thread-17] INFO eu.europa.esig.dss.spi.x509.TokenIssuerSelector - ISSUER SUBJECT : c=lu,ou=pki-test,o=nowina solutions,cn=external-ca-alternative
11:39:06.535 [pool-7-thread-12] WARN eu.europa.esig.dss.spi.x509.TokenIssuerSelector - No issuer found for the token creation date. The process continues with an issuer which has the same public key.
11:39:06.535 [pool-7-thread-16] INFO eu.europa.esig.dss.spi.x509.TokenIssuerSelector - The issuer subject name and subject name does not match (more details in debug mode).
11:39:06.535 [pool-7-thread-16] INFO eu.europa.esig.dss.spi.x509.TokenIssuerSelector - CERT ISSUER    : c=lu,ou=pki-test,o=nowina solutions,cn=external-ca
11:39:06.535 [pool-7-thread-16] INFO eu.europa.esig.dss.spi.x509.TokenIssuerSelector - ISSUER SUBJECT : c=lu,ou=pki-test,o=nowina solutions,cn=external-ca-alternative
11:39:06.535 [pool-7-thread-16] INFO eu.europa.esig.dss.spi.x509.TokenIssuerSelector - The issuer subject name and subject name does not match (more details in debug mode).
11:39:06.535 [pool-7-thread-16] INFO eu.europa.esig.dss.spi.x509.TokenIssuerSelector - CERT ISSUER    : c=lu,ou=pki-test,o=nowina solutions,cn=external-ca
11:39:06.535 [pool-7-thread-16] INFO eu.europa.esig.dss.spi.x509.TokenIssuerSelector - ISSUER SUBJECT : c=lu,ou=pki-test,o=nowina solutions,cn=external-ca-alternative
11:39:06.535 [pool-7-thread-16] INFO eu.europa.esig.dss.spi.x509.TokenIssuerSelector - The issuer subject name and subject name does not match (more details in debug mode).
11:39:06.535 [pool-7-thread-16] INFO eu.europa.esig.dss.spi.x509.TokenIssuerSelector - CERT ISSUER    : c=lu,ou=pki-test,o=nowina solutions,cn=external-ca
11:39:06.535 [pool-7-thread-16] INFO eu.europa.esig.dss.spi.x509.TokenIssuerSelector - ISSUER SUBJECT : c=lu,ou=pki-test,o=nowina solutions,cn=external-ca-alternative
11:39:06.538 [pool-7-thread-15] INFO eu.europa.esig.dss.spi.x509.TokenIssuerSelector - The issuer subject name and subject name does not match (more details in debug mode).
11:39:06.538 [pool-7-thread-15] INFO eu.europa.esig.dss.spi.x509.TokenIssuerSelector - CERT ISSUER    : c=lu,ou=pki-test,o=nowina solutions,cn=external-ca
11:39:06.538 [pool-7-thread-15] INFO eu.europa.esig.dss.spi.x509.TokenIssuerSelector - ISSUER SUBJECT : c=lu,ou=pki-test,o=nowina solutions,cn=external-ca-alternative
11:39:06.538 [pool-7-thread-15] INFO eu.europa.esig.dss.spi.x509.TokenIssuerSelector - The issuer subject name and subject name does not match (more details in debug mode).
11:39:06.538 [pool-7-thread-15] INFO eu.europa.esig.dss.spi.x509.TokenIssuerSelector - CERT ISSUER    : c=lu,ou=pki-test,o=nowina solutions,cn=external-ca
11:39:06.538 [pool-7-thread-15] INFO eu.europa.esig.dss.spi.x509.TokenIssuerSelector - ISSUER SUBJECT : c=lu,ou=pki-test,o=nowina solutions,cn=external-ca-alternative
11:39:06.538 [pool-7-thread-15] INFO eu.europa.esig.dss.spi.x509.TokenIssuerSelector - The issuer subject name and subject name does not match (more details in debug mode).
11:39:06.538 [pool-7-thread-15] INFO eu.europa.esig.dss.spi.x509.TokenIssuerSelector - CERT ISSUER    : c=lu,ou=pki-test,o=nowina solutions,cn=external-ca
11:39:06.538 [pool-7-thread-15] INFO eu.europa.esig.dss.spi.x509.TokenIssuerSelector - ISSUER SUBJECT : c=lu,ou=pki-test,o=nowina solutions,cn=external-ca-alternative
11:39:06.540 [pool-7-thread-13] WARN eu.europa.esig.dss.spi.x509.TokenIssuerSelector - No issuer found for the token creation date. The process continues with an issuer which has the same public key.
11:39:06.540 [pool-7-thread-12] INFO eu.europa.esig.dss.spi.x509.TokenIssuerSelector - The issuer subject name and subject name does not match (more details in debug mode).
11:39:06.540 [pool-7-thread-12] INFO eu.europa.esig.dss.spi.x509.TokenIssuerSelector - CERT ISSUER    : c=lu,ou=pki-test,o=nowina solutions,cn=external-ca
11:39:06.540 [pool-7-thread-12] INFO eu.europa.esig.dss.spi.x509.TokenIssuerSelector - ISSUER SUBJECT : c=lu,ou=pki-test,o=nowina solutions,cn=external-ca-alternative
11:39:06.540 [pool-7-thread-12] INFO eu.europa.esig.dss.spi.x509.TokenIssuerSelector - The issuer subject name and subject name does not match (more details in debug mode).
11:39:06.540 [pool-7-thread-12] INFO eu.europa.esig.dss.spi.x509.TokenIssuerSelector - CERT ISSUER    : c=lu,ou=pki-test,o=nowina solutions,cn=external-ca
11:39:06.540 [pool-7-thread-12] INFO eu.europa.esig.dss.spi.x509.TokenIssuerSelector - ISSUER SUBJECT : c=lu,ou=pki-test,o=nowina solutions,cn=external-ca-alternative
11:39:06.540 [pool-7-thread-12] INFO eu.europa.esig.dss.spi.x509.TokenIssuerSelector - The issuer subject name and subject name does not match (more details in debug mode).
11:39:06.540 [pool-7-thread-12] INFO eu.europa.esig.dss.spi.x509.TokenIssuerSelector - CERT ISSUER    : c=lu,ou=pki-test,o=nowina solutions,cn=external-ca
11:39:06.540 [pool-7-thread-12] INFO eu.europa.esig.dss.spi.x509.TokenIssuerSelector - ISSUER SUBJECT : c=lu,ou=pki-test,o=nowina solutions,cn=external-ca-alternative
11:39:06.542 [pool-7-thread-28] WARN eu.europa.esig.dss.spi.x509.TokenIssuerSelector - No issuer found for the token creation date. The process continues with an issuer which has the same public key.
11:39:06.544 [pool-7-thread-15] WARN eu.europa.esig.dss.spi.x509.TokenIssuerSelector - No issuer found for the token creation date. The process continues with an issuer which has the same public key.
11:39:06.550 [pool-7-thread-15] WARN eu.europa.esig.dss.spi.x509.TokenIssuerSelector - No issuer found for the token creation date. The process continues with an issuer which has the same public key.
11:39:06.554 [pool-7-thread-15] INFO eu.europa.esig.dss.spi.x509.TokenIssuerSelector - The issuer subject name and subject name does not match (more details in debug mode).
11:39:06.554 [pool-7-thread-15] INFO eu.europa.esig.dss.spi.x509.TokenIssuerSelector - CERT ISSUER    : c=lu,ou=pki-test,o=nowina solutions,cn=external-ca
11:39:06.554 [pool-7-thread-15] INFO eu.europa.esig.dss.spi.x509.TokenIssuerSelector - ISSUER SUBJECT : c=lu,ou=pki-test,o=nowina solutions,cn=external-ca-alternative
11:39:06.555 [pool-7-thread-15] INFO eu.europa.esig.dss.spi.x509.TokenIssuerSelector - The issuer subject name and subject name does not match (more details in debug mode).
11:39:06.555 [pool-7-thread-15] INFO eu.europa.esig.dss.spi.x509.TokenIssuerSelector - CERT ISSUER    : c=lu,ou=pki-test,o=nowina solutions,cn=external-ca
11:39:06.555 [pool-7-thread-15] INFO eu.europa.esig.dss.spi.x509.TokenIssuerSelector - ISSUER SUBJECT : c=lu,ou=pki-test,o=nowina solutions,cn=external-ca-alternative
11:39:06.555 [pool-7-thread-15] INFO eu.europa.esig.dss.spi.x509.TokenIssuerSelector - The issuer subject name and subject name does not match (more details in debug mode).
11:39:06.555 [pool-7-thread-15] INFO eu.europa.esig.dss.spi.x509.TokenIssuerSelector - CERT ISSUER    : c=lu,ou=pki-test,o=nowina solutions,cn=external-ca
11:39:06.555 [pool-7-thread-15] INFO eu.europa.esig.dss.spi.x509.TokenIssuerSelector - ISSUER SUBJECT : c=lu,ou=pki-test,o=nowina solutions,cn=external-ca-alternative
11:39:06.557 [pool-7-thread-14] WARN eu.europa.esig.dss.spi.x509.TokenIssuerSelector - No issuer found for the token creation date. The process continues with an issuer which has the same public key.
11:39:06.559 [pool-7-thread-14] WARN eu.europa.esig.dss.spi.x509.TokenIssuerSelector - No issuer found for the token creation date. The process continues with an issuer which has the same public key.
11:39:06.568 [pool-7-thread-15] WARN eu.europa.esig.dss.spi.x509.TokenIssuerSelector - No issuer found for the token creation date. The process continues with an issuer which has the same public key.
11:39:06.570 [pool-7-thread-10] WARN eu.europa.esig.dss.spi.x509.TokenIssuerSelector - No issuer found for the token creation date. The process continues with an issuer which has the same public key.
11:39:06.575 [pool-7-thread-4] WARN eu.europa.esig.dss.spi.x509.TokenIssuerSelector - No issuer found for the token creation date. The process continues with an issuer which has the same public key.
11:39:06.587 [pool-7-thread-28] WARN eu.europa.esig.dss.spi.x509.TokenIssuerSelector - No issuer found for the token creation date. The process continues with an issuer which has the same public key.
11:39:06.587 [pool-7-thread-14] INFO eu.europa.esig.dss.spi.x509.TokenIssuerSelector - The issuer subject name and subject name does not match (more details in debug mode).
11:39:06.587 [pool-7-thread-14] INFO eu.europa.esig.dss.spi.x509.TokenIssuerSelector - CERT ISSUER    : c=lu,ou=pki-test,o=nowina solutions,cn=external-ca
11:39:06.587 [pool-7-thread-14] INFO eu.europa.esig.dss.spi.x509.TokenIssuerSelector - ISSUER SUBJECT : c=lu,ou=pki-test,o=nowina solutions,cn=external-ca-alternative
11:39:06.587 [pool-7-thread-14] INFO eu.europa.esig.dss.spi.x509.TokenIssuerSelector - The issuer subject name and subject name does not match (more details in debug mode).
11:39:06.587 [pool-7-thread-14] INFO eu.europa.esig.dss.spi.x509.TokenIssuerSelector - CERT ISSUER    : c=lu,ou=pki-test,o=nowina solutions,cn=external-ca
11:39:06.587 [pool-7-thread-14] INFO eu.europa.esig.dss.spi.x509.TokenIssuerSelector - ISSUER SUBJECT : c=lu,ou=pki-test,o=nowina solutions,cn=external-ca-alternative
11:39:06.587 [pool-7-thread-14] INFO eu.europa.esig.dss.spi.x509.TokenIssuerSelector - The issuer subject name and subject name does not match (more details in debug mode).
11:39:06.587 [pool-7-thread-14] INFO eu.europa.esig.dss.spi.x509.TokenIssuerSelector - CERT ISSUER    : c=lu,ou=pki-test,o=nowina solutions,cn=external-ca
11:39:06.587 [pool-7-thread-14] INFO eu.europa.esig.dss.spi.x509.TokenIssuerSelector - ISSUER SUBJECT : c=lu,ou=pki-test,o=nowina solutions,cn=external-ca-alternative
11:39:06.589 [pool-7-thread-13] WARN eu.europa.esig.dss.spi.x509.TokenIssuerSelector - No issuer found for the token creation date. The process continues with an issuer which has the same public key.
11:39:06.590 [pool-7-thread-28] INFO eu.europa.esig.dss.spi.x509.TokenIssuerSelector - The issuer subject name and subject name does not match (more details in debug mode).
11:39:06.591 [pool-7-thread-28] INFO eu.europa.esig.dss.spi.x509.TokenIssuerSelector - CERT ISSUER    : c=lu,ou=pki-test,o=nowina solutions,cn=external-ca
11:39:06.591 [pool-7-thread-28] INFO eu.europa.esig.dss.spi.x509.TokenIssuerSelector - ISSUER SUBJECT : c=lu,ou=pki-test,o=nowina solutions,cn=external-ca-alternative
11:39:06.591 [pool-7-thread-28] INFO eu.europa.esig.dss.spi.x509.TokenIssuerSelector - The issuer subject name and subject name does not match (more details in debug mode).
11:39:06.591 [pool-7-thread-28] INFO eu.europa.esig.dss.spi.x509.TokenIssuerSelector - CERT ISSUER    : c=lu,ou=pki-test,o=nowina solutions,cn=external-ca
11:39:06.591 [pool-7-thread-28] INFO eu.europa.esig.dss.spi.x509.TokenIssuerSelector - ISSUER SUBJECT : c=lu,ou=pki-test,o=nowina solutions,cn=external-ca-alternative
11:39:06.591 [pool-7-thread-28] INFO eu.europa.esig.dss.spi.x509.TokenIssuerSelector - The issuer subject name and subject name does not match (more details in debug mode).
11:39:06.591 [pool-7-thread-28] INFO eu.europa.esig.dss.spi.x509.TokenIssuerSelector - CERT ISSUER    : c=lu,ou=pki-test,o=nowina solutions,cn=external-ca
11:39:06.591 [pool-7-thread-28] INFO eu.europa.esig.dss.spi.x509.TokenIssuerSelector - ISSUER SUBJECT : c=lu,ou=pki-test,o=nowina solutions,cn=external-ca-alternative
11:39:06.600 [pool-7-thread-6] WARN eu.europa.esig.dss.spi.x509.TokenIssuerSelector - No issuer found for the token creation date. The process continues with an issuer which has the same public key.
11:39:06.601 [pool-7-thread-13] INFO eu.europa.esig.dss.spi.x509.TokenIssuerSelector - The issuer subject name and subject name does not match (more details in debug mode).
11:39:06.601 [pool-7-thread-3] WARN eu.europa.esig.dss.spi.x509.TokenIssuerSelector - No issuer found for the token creation date. The process continues with an issuer which has the same public key.
11:39:06.601 [pool-7-thread-13] INFO eu.europa.esig.dss.spi.x509.TokenIssuerSelector - CERT ISSUER    : c=lu,ou=pki-test,o=nowina solutions,cn=external-ca
11:39:06.602 [pool-7-thread-13] INFO eu.europa.esig.dss.spi.x509.TokenIssuerSelector - ISSUER SUBJECT : c=lu,ou=pki-test,o=nowina solutions,cn=external-ca-alternative
11:39:06.602 [pool-7-thread-13] INFO eu.europa.esig.dss.spi.x509.TokenIssuerSelector - The issuer subject name and subject name does not match (more details in debug mode).
11:39:06.602 [pool-7-thread-13] INFO eu.europa.esig.dss.spi.x509.TokenIssuerSelector - CERT ISSUER    : c=lu,ou=pki-test,o=nowina solutions,cn=external-ca
11:39:06.602 [pool-7-thread-13] INFO eu.europa.esig.dss.spi.x509.TokenIssuerSelector - ISSUER SUBJECT : c=lu,ou=pki-test,o=nowina solutions,cn=external-ca-alternative
11:39:06.602 [pool-7-thread-13] INFO eu.europa.esig.dss.spi.x509.TokenIssuerSelector - The issuer subject name and subject name does not match (more details in debug mode).
11:39:06.602 [pool-7-thread-13] INFO eu.europa.esig.dss.spi.x509.TokenIssuerSelector - CERT ISSUER    : c=lu,ou=pki-test,o=nowina solutions,cn=external-ca
11:39:06.602 [pool-7-thread-13] INFO eu.europa.esig.dss.spi.x509.TokenIssuerSelector - ISSUER SUBJECT : c=lu,ou=pki-test,o=nowina solutions,cn=external-ca-alternative
11:39:06.603 [pool-7-thread-3] WARN eu.europa.esig.dss.spi.x509.TokenIssuerSelector - No issuer found for the token creation date. The process continues with an issuer which has the same public key.
11:39:06.605 [pool-7-thread-5] WARN eu.europa.esig.dss.spi.x509.TokenIssuerSelector - No issuer found for the token creation date. The process continues with an issuer which has the same public key.
11:39:06.606 [pool-7-thread-4] WARN eu.europa.esig.dss.spi.x509.TokenIssuerSelector - No issuer found for the token creation date. The process continues with an issuer which has the same public key.
11:39:06.607 [pool-7-thread-18] WARN eu.europa.esig.dss.spi.x509.TokenIssuerSelector - No issuer found for the token creation date. The process continues with an issuer which has the same public key.
11:39:06.609 [pool-7-thread-10] WARN eu.europa.esig.dss.spi.x509.TokenIssuerSelector - No issuer found for the token creation date. The process continues with an issuer which has the same public key.
11:39:06.613 [pool-7-thread-10] INFO eu.europa.esig.dss.spi.x509.TokenIssuerSelector - The issuer subject name and subject name does not match (more details in debug mode).
11:39:06.613 [pool-7-thread-10] INFO eu.europa.esig.dss.spi.x509.TokenIssuerSelector - CERT ISSUER    : c=lu,ou=pki-test,o=nowina solutions,cn=external-ca
11:39:06.613 [pool-7-thread-10] INFO eu.europa.esig.dss.spi.x509.TokenIssuerSelector - ISSUER SUBJECT : c=lu,ou=pki-test,o=nowina solutions,cn=external-ca-alternative
11:39:06.613 [pool-7-thread-10] INFO eu.europa.esig.dss.spi.x509.TokenIssuerSelector - The issuer subject name and subject name does not match (more details in debug mode).
11:39:06.613 [pool-7-thread-10] INFO eu.europa.esig.dss.spi.x509.TokenIssuerSelector - CERT ISSUER    : c=lu,ou=pki-test,o=nowina solutions,cn=external-ca
11:39:06.613 [pool-7-thread-10] INFO eu.europa.esig.dss.spi.x509.TokenIssuerSelector - ISSUER SUBJECT : c=lu,ou=pki-test,o=nowina solutions,cn=external-ca-alternative
11:39:06.613 [pool-7-thread-10] INFO eu.europa.esig.dss.spi.x509.TokenIssuerSelector - The issuer subject name and subject name does not match (more details in debug mode).
11:39:06.613 [pool-7-thread-31] WARN eu.europa.esig.dss.spi.x509.TokenIssuerSelector - No issuer found for the token creation date. The process continues with an issuer which has the same public key.
11:39:06.613 [pool-7-thread-10] INFO eu.europa.esig.dss.spi.x509.TokenIssuerSelector - CERT ISSUER    : c=lu,ou=pki-test,o=nowina solutions,cn=external-ca
11:39:06.613 [pool-7-thread-10] INFO eu.europa.esig.dss.spi.x509.TokenIssuerSelector - ISSUER SUBJECT : c=lu,ou=pki-test,o=nowina solutions,cn=external-ca-alternative
11:39:06.614 [pool-7-thread-31] WARN eu.europa.esig.dss.spi.x509.TokenIssuerSelector - No issuer found for the token creation date. The process continues with an issuer which has the same public key.
11:39:06.618 [pool-7-thread-31] INFO eu.europa.esig.dss.spi.x509.TokenIssuerSelector - The issuer subject name and subject name does not match (more details in debug mode).
11:39:06.618 [pool-7-thread-31] INFO eu.europa.esig.dss.spi.x509.TokenIssuerSelector - CERT ISSUER    : c=lu,ou=pki-test,o=nowina solutions,cn=external-ca
11:39:06.618 [pool-7-thread-31] INFO eu.europa.esig.dss.spi.x509.TokenIssuerSelector - ISSUER SUBJECT : c=lu,ou=pki-test,o=nowina solutions,cn=external-ca-alternative
11:39:06.618 [pool-7-thread-31] INFO eu.europa.esig.dss.spi.x509.TokenIssuerSelector - The issuer subject name and subject name does not match (more details in debug mode).
11:39:06.618 [pool-7-thread-31] INFO eu.europa.esig.dss.spi.x509.TokenIssuerSelector - CERT ISSUER    : c=lu,ou=pki-test,o=nowina solutions,cn=external-ca
11:39:06.618 [pool-7-thread-31] INFO eu.europa.esig.dss.spi.x509.TokenIssuerSelector - ISSUER SUBJECT : c=lu,ou=pki-test,o=nowina solutions,cn=external-ca-alternative
11:39:06.618 [pool-7-thread-31] INFO eu.europa.esig.dss.spi.x509.TokenIssuerSelector - The issuer subject name and subject name does not match (more details in debug mode).
11:39:06.618 [pool-7-thread-31] INFO eu.europa.esig.dss.spi.x509.TokenIssuerSelector - CERT ISSUER    : c=lu,ou=pki-test,o=nowina solutions,cn=external-ca
11:39:06.618 [pool-7-thread-31] INFO eu.europa.esig.dss.spi.x509.TokenIssuerSelector - ISSUER SUBJECT : c=lu,ou=pki-test,o=nowina solutions,cn=external-ca-alternative
11:39:06.619 [pool-7-thread-12] WARN eu.europa.esig.dss.spi.x509.TokenIssuerSelector - No issuer found for the token creation date. The process continues with an issuer which has the same public key.
11:39:06.620 [pool-7-thread-12] WARN eu.europa.esig.dss.spi.x509.TokenIssuerSelector - No issuer found for the token creation date. The process continues with an issuer which has the same public key.
11:39:06.623 [pool-7-thread-12] INFO eu.europa.esig.dss.spi.x509.TokenIssuerSelector - The issuer subject name and subject name does not match (more details in debug mode).
11:39:06.624 [pool-7-thread-12] INFO eu.europa.esig.dss.spi.x509.TokenIssuerSelector - CERT ISSUER    : c=lu,ou=pki-test,o=nowina solutions,cn=external-ca
11:39:06.624 [pool-7-thread-12] INFO eu.europa.esig.dss.spi.x509.TokenIssuerSelector - ISSUER SUBJECT : c=lu,ou=pki-test,o=nowina solutions,cn=external-ca-alternative
11:39:06.624 [pool-7-thread-12] INFO eu.europa.esig.dss.spi.x509.TokenIssuerSelector - The issuer subject name and subject name does not match (more details in debug mode).
11:39:06.624 [pool-7-thread-12] INFO eu.europa.esig.dss.spi.x509.TokenIssuerSelector - CERT ISSUER    : c=lu,ou=pki-test,o=nowina solutions,cn=external-ca
11:39:06.624 [pool-7-thread-12] INFO eu.europa.esig.dss.spi.x509.TokenIssuerSelector - ISSUER SUBJECT : c=lu,ou=pki-test,o=nowina solutions,cn=external-ca-alternative
11:39:06.624 [pool-7-thread-12] INFO eu.europa.esig.dss.spi.x509.TokenIssuerSelector - The issuer subject name and subject name does not match (more details in debug mode).
11:39:06.624 [pool-7-thread-12] INFO eu.europa.esig.dss.spi.x509.TokenIssuerSelector - CERT ISSUER    : c=lu,ou=pki-test,o=nowina solutions,cn=external-ca
11:39:06.624 [pool-7-thread-12] INFO eu.europa.esig.dss.spi.x509.TokenIssuerSelector - ISSUER SUBJECT : c=lu,ou=pki-test,o=nowina solutions,cn=external-ca-alternative
11:39:06.626 [pool-7-thread-15] WARN eu.europa.esig.dss.spi.x509.TokenIssuerSelector - No issuer found for the token creation date. The process continues with an issuer which has the same public key.
11:39:06.630 [pool-7-thread-12] WARN eu.europa.esig.dss.spi.x509.TokenIssuerSelector - No issuer found for the token creation date. The process continues with an issuer which has the same public key.
11:39:06.631 [pool-7-thread-27] WARN eu.europa.esig.dss.spi.x509.TokenIssuerSelector - No issuer found for the token creation date. The process continues with an issuer which has the same public key.
11:39:06.632 [pool-7-thread-8] WARN eu.europa.esig.dss.spi.x509.TokenIssuerSelector - No issuer found for the token creation date. The process continues with an issuer which has the same public key.
11:39:06.634 [pool-7-thread-31] WARN eu.europa.esig.dss.spi.x509.TokenIssuerSelector - No issuer found for the token creation date. The process continues with an issuer which has the same public key.
11:39:06.637 [pool-7-thread-31] WARN eu.europa.esig.dss.spi.x509.TokenIssuerSelector - No issuer found for the token creation date. The process continues with an issuer which has the same public key.
11:39:06.640 [pool-7-thread-31] INFO eu.europa.esig.dss.spi.x509.TokenIssuerSelector - The issuer subject name and subject name does not match (more details in debug mode).
11:39:06.641 [pool-7-thread-7] WARN eu.europa.esig.dss.spi.x509.TokenIssuerSelector - No issuer found for the token creation date. The process continues with an issuer which has the same public key.
11:39:06.641 [pool-7-thread-31] INFO eu.europa.esig.dss.spi.x509.TokenIssuerSelector - CERT ISSUER    : c=lu,ou=pki-test,o=nowina solutions,cn=external-ca
11:39:06.641 [pool-7-thread-31] INFO eu.europa.esig.dss.spi.x509.TokenIssuerSelector - ISSUER SUBJECT : c=lu,ou=pki-test,o=nowina solutions,cn=external-ca-alternative
11:39:06.641 [pool-7-thread-31] INFO eu.europa.esig.dss.spi.x509.TokenIssuerSelector - The issuer subject name and subject name does not match (more details in debug mode).
11:39:06.641 [pool-7-thread-31] INFO eu.europa.esig.dss.spi.x509.TokenIssuerSelector - CERT ISSUER    : c=lu,ou=pki-test,o=nowina solutions,cn=external-ca
11:39:06.641 [pool-7-thread-31] INFO eu.europa.esig.dss.spi.x509.TokenIssuerSelector - ISSUER SUBJECT : c=lu,ou=pki-test,o=nowina solutions,cn=external-ca-alternative
11:39:06.641 [pool-7-thread-31] INFO eu.europa.esig.dss.spi.x509.TokenIssuerSelector - The issuer subject name and subject name does not match (more details in debug mode).
11:39:06.641 [pool-7-thread-31] INFO eu.europa.esig.dss.spi.x509.TokenIssuerSelector - CERT ISSUER    : c=lu,ou=pki-test,o=nowina solutions,cn=external-ca
11:39:06.641 [pool-7-thread-31] INFO eu.europa.esig.dss.spi.x509.TokenIssuerSelector - ISSUER SUBJECT : c=lu,ou=pki-test,o=nowina solutions,cn=external-ca-alternative
11:39:06.643 [pool-7-thread-1] WARN eu.europa.esig.dss.spi.x509.TokenIssuerSelector - No issuer found for the token creation date. The process continues with an issuer which has the same public key.
11:39:06.645 [pool-7-thread-18] WARN eu.europa.esig.dss.spi.x509.TokenIssuerSelector - No issuer found for the token creation date. The process continues with an issuer which has the same public key.
11:39:06.650 [pool-7-thread-18] INFO eu.europa.esig.dss.spi.x509.TokenIssuerSelector - The issuer subject name and subject name does not match (more details in debug mode).
11:39:06.650 [pool-7-thread-18] INFO eu.europa.esig.dss.spi.x509.TokenIssuerSelector - CERT ISSUER    : c=lu,ou=pki-test,o=nowina solutions,cn=external-ca
11:39:06.650 [pool-7-thread-18] INFO eu.europa.esig.dss.spi.x509.TokenIssuerSelector - ISSUER SUBJECT : c=lu,ou=pki-test,o=nowina solutions,cn=external-ca-alternative
11:39:06.650 [pool-7-thread-18] INFO eu.europa.esig.dss.spi.x509.TokenIssuerSelector - The issuer subject name and subject name does not match (more details in debug mode).
11:39:06.650 [pool-7-thread-18] INFO eu.europa.esig.dss.spi.x509.TokenIssuerSelector - CERT ISSUER    : c=lu,ou=pki-test,o=nowina solutions,cn=external-ca
11:39:06.650 [pool-7-thread-18] INFO eu.europa.esig.dss.spi.x509.TokenIssuerSelector - ISSUER SUBJECT : c=lu,ou=pki-test,o=nowina solutions,cn=external-ca-alternative
11:39:06.650 [pool-7-thread-18] INFO eu.europa.esig.dss.spi.x509.TokenIssuerSelector - The issuer subject name and subject name does not match (more details in debug mode).
11:39:06.650 [pool-7-thread-18] INFO eu.europa.esig.dss.spi.x509.TokenIssuerSelector - CERT ISSUER    : c=lu,ou=pki-test,o=nowina solutions,cn=external-ca
11:39:06.650 [pool-7-thread-18] INFO eu.europa.esig.dss.spi.x509.TokenIssuerSelector - ISSUER SUBJECT : c=lu,ou=pki-test,o=nowina solutions,cn=external-ca-alternative
11:39:06.654 [pool-7-thread-4] INFO eu.europa.esig.dss.spi.x509.TokenIssuerSelector - The issuer subject name and subject name does not match (more details in debug mode).
11:39:06.654 [pool-7-thread-4] INFO eu.europa.esig.dss.spi.x509.TokenIssuerSelector - CERT ISSUER    : c=lu,ou=pki-test,o=nowina solutions,cn=external-ca
11:39:06.654 [pool-7-thread-4] INFO eu.europa.esig.dss.spi.x509.TokenIssuerSelector - ISSUER SUBJECT : c=lu,ou=pki-test,o=nowina solutions,cn=external-ca-alternative
11:39:06.654 [pool-7-thread-4] INFO eu.europa.esig.dss.spi.x509.TokenIssuerSelector - The issuer subject name and subject name does not match (more details in debug mode).
11:39:06.654 [pool-7-thread-4] INFO eu.europa.esig.dss.spi.x509.TokenIssuerSelector - CERT ISSUER    : c=lu,ou=pki-test,o=nowina solutions,cn=external-ca
11:39:06.654 [pool-7-thread-4] INFO eu.europa.esig.dss.spi.x509.TokenIssuerSelector - ISSUER SUBJECT : c=lu,ou=pki-test,o=nowina solutions,cn=external-ca-alternative
11:39:06.654 [pool-7-thread-4] INFO eu.europa.esig.dss.spi.x509.TokenIssuerSelector - The issuer subject name and subject name does not match (more details in debug mode).
11:39:06.655 [pool-7-thread-4] INFO eu.europa.esig.dss.spi.x509.TokenIssuerSelector - CERT ISSUER    : c=lu,ou=pki-test,o=nowina solutions,cn=external-ca
11:39:06.655 [pool-7-thread-4] INFO eu.europa.esig.dss.spi.x509.TokenIssuerSelector - ISSUER SUBJECT : c=lu,ou=pki-test,o=nowina solutions,cn=external-ca-alternative
11:39:06.655 [pool-7-thread-5] WARN eu.europa.esig.dss.spi.x509.TokenIssuerSelector - No issuer found for the token creation date. The process continues with an issuer which has the same public key.
11:39:06.660 [pool-7-thread-21] WARN eu.europa.esig.dss.spi.x509.TokenIssuerSelector - No issuer found for the token creation date. The process continues with an issuer which has the same public key.
11:39:06.663 [pool-7-thread-6] WARN eu.europa.esig.dss.spi.x509.TokenIssuerSelector - No issuer found for the token creation date. The process continues with an issuer which has the same public key.
11:39:06.663 [pool-7-thread-3] INFO eu.europa.esig.dss.spi.x509.TokenIssuerSelector - The issuer subject name and subject name does not match (more details in debug mode).
11:39:06.663 [pool-7-thread-3] INFO eu.europa.esig.dss.spi.x509.TokenIssuerSelector - CERT ISSUER    : c=lu,ou=pki-test,o=nowina solutions,cn=external-ca
11:39:06.663 [pool-7-thread-3] INFO eu.europa.esig.dss.spi.x509.TokenIssuerSelector - ISSUER SUBJECT : c=lu,ou=pki-test,o=nowina solutions,cn=external-ca-alternative
11:39:06.664 [pool-7-thread-3] INFO eu.europa.esig.dss.spi.x509.TokenIssuerSelector - The issuer subject name and subject name does not match (more details in debug mode).
11:39:06.664 [pool-7-thread-3] INFO eu.europa.esig.dss.spi.x509.TokenIssuerSelector - CERT ISSUER    : c=lu,ou=pki-test,o=nowina solutions,cn=external-ca
11:39:06.664 [pool-7-thread-3] INFO eu.europa.esig.dss.spi.x509.TokenIssuerSelector - ISSUER SUBJECT : c=lu,ou=pki-test,o=nowina solutions,cn=external-ca-alternative
11:39:06.664 [pool-7-thread-3] INFO eu.europa.esig.dss.spi.x509.TokenIssuerSelector - The issuer subject name and subject name does not match (more details in debug mode).
11:39:06.664 [pool-7-thread-3] INFO eu.europa.esig.dss.spi.x509.TokenIssuerSelector - CERT ISSUER    : c=lu,ou=pki-test,o=nowina solutions,cn=external-ca
11:39:06.664 [pool-7-thread-3] INFO eu.europa.esig.dss.spi.x509.TokenIssuerSelector - ISSUER SUBJECT : c=lu,ou=pki-test,o=nowina solutions,cn=external-ca-alternative
11:39:06.666 [pool-7-thread-11] WARN eu.europa.esig.dss.spi.x509.TokenIssuerSelector - No issuer found for the token creation date. The process continues with an issuer which has the same public key.
11:39:06.673 [pool-7-thread-29] WARN eu.europa.esig.dss.spi.x509.TokenIssuerSelector - No issuer found for the token creation date. The process continues with an issuer which has the same public key.
11:39:06.680 [pool-7-thread-28] WARN eu.europa.esig.dss.spi.x509.TokenIssuerSelector - No issuer found for the token creation date. The process continues with an issuer which has the same public key.
11:39:06.682 [pool-7-thread-28] WARN eu.europa.esig.dss.spi.x509.TokenIssuerSelector - No issuer found for the token creation date. The process continues with an issuer which has the same public key.
11:39:06.682 [pool-7-thread-6] INFO eu.europa.esig.dss.spi.x509.TokenIssuerSelector - The issuer subject name and subject name does not match (more details in debug mode).
11:39:06.682 [pool-7-thread-6] INFO eu.europa.esig.dss.spi.x509.TokenIssuerSelector - CERT ISSUER    : c=lu,ou=pki-test,o=nowina solutions,cn=external-ca
11:39:06.682 [pool-7-thread-6] INFO eu.europa.esig.dss.spi.x509.TokenIssuerSelector - ISSUER SUBJECT : c=lu,ou=pki-test,o=nowina solutions,cn=external-ca-alternative
11:39:06.682 [pool-7-thread-6] INFO eu.europa.esig.dss.spi.x509.TokenIssuerSelector - The issuer subject name and subject name does not match (more details in debug mode).
11:39:06.682 [pool-7-thread-6] INFO eu.europa.esig.dss.spi.x509.TokenIssuerSelector - CERT ISSUER    : c=lu,ou=pki-test,o=nowina solutions,cn=external-ca
11:39:06.682 [pool-7-thread-6] INFO eu.europa.esig.dss.spi.x509.TokenIssuerSelector - ISSUER SUBJECT : c=lu,ou=pki-test,o=nowina solutions,cn=external-ca-alternative
11:39:06.683 [pool-7-thread-6] INFO eu.europa.esig.dss.spi.x509.TokenIssuerSelector - The issuer subject name and subject name does not match (more details in debug mode).
11:39:06.683 [pool-7-thread-6] INFO eu.europa.esig.dss.spi.x509.TokenIssuerSelector - CERT ISSUER    : c=lu,ou=pki-test,o=nowina solutions,cn=external-ca
11:39:06.683 [pool-7-thread-6] INFO eu.europa.esig.dss.spi.x509.TokenIssuerSelector - ISSUER SUBJECT : c=lu,ou=pki-test,o=nowina solutions,cn=external-ca-alternative
11:39:06.683 [pool-7-thread-22] WARN eu.europa.esig.dss.spi.x509.TokenIssuerSelector - No issuer found for the token creation date. The process continues with an issuer which has the same public key.
11:39:06.686 [pool-7-thread-13] WARN eu.europa.esig.dss.spi.x509.TokenIssuerSelector - No issuer found for the token creation date. The process continues with an issuer which has the same public key.
11:39:06.687 [pool-7-thread-21] WARN eu.europa.esig.dss.spi.x509.TokenIssuerSelector - No issuer found for the token creation date. The process continues with an issuer which has the same public key.
11:39:06.690 [pool-7-thread-14] WARN eu.europa.esig.dss.spi.x509.TokenIssuerSelector - No issuer found for the token creation date. The process continues with an issuer which has the same public key.
11:39:06.690 [pool-7-thread-18] WARN eu.europa.esig.dss.spi.x509.TokenIssuerSelector - No issuer found for the token creation date. The process continues with an issuer which has the same public key.
11:39:06.691 [pool-7-thread-14] WARN eu.europa.esig.dss.spi.x509.TokenIssuerSelector - No issuer found for the token creation date. The process continues with an issuer which has the same public key.
11:39:06.694 [pool-7-thread-31] WARN eu.europa.esig.dss.spi.x509.TokenIssuerSelector - No issuer found for the token creation date. The process continues with an issuer which has the same public key.
11:39:06.695 [pool-7-thread-14] INFO eu.europa.esig.dss.spi.x509.TokenIssuerSelector - The issuer subject name and subject name does not match (more details in debug mode).
11:39:06.695 [pool-7-thread-14] INFO eu.europa.esig.dss.spi.x509.TokenIssuerSelector - CERT ISSUER    : c=lu,ou=pki-test,o=nowina solutions,cn=external-ca
11:39:06.695 [pool-7-thread-14] INFO eu.europa.esig.dss.spi.x509.TokenIssuerSelector - ISSUER SUBJECT : c=lu,ou=pki-test,o=nowina solutions,cn=external-ca-alternative
11:39:06.695 [pool-7-thread-31] WARN eu.europa.esig.dss.spi.x509.TokenIssuerSelector - No issuer found for the token creation date. The process continues with an issuer which has the same public key.
11:39:06.695 [pool-7-thread-14] INFO eu.europa.esig.dss.spi.x509.TokenIssuerSelector - The issuer subject name and subject name does not match (more details in debug mode).
11:39:06.695 [pool-7-thread-14] INFO eu.europa.esig.dss.spi.x509.TokenIssuerSelector - CERT ISSUER    : c=lu,ou=pki-test,o=nowina solutions,cn=external-ca
11:39:06.695 [pool-7-thread-14] INFO eu.europa.esig.dss.spi.x509.TokenIssuerSelector - ISSUER SUBJECT : c=lu,ou=pki-test,o=nowina solutions,cn=external-ca-alternative
11:39:06.695 [pool-7-thread-14] INFO eu.europa.esig.dss.spi.x509.TokenIssuerSelector - The issuer subject name and subject name does not match (more details in debug mode).
11:39:06.695 [pool-7-thread-14] INFO eu.europa.esig.dss.spi.x509.TokenIssuerSelector - CERT ISSUER    : c=lu,ou=pki-test,o=nowina solutions,cn=external-ca
11:39:06.695 [pool-7-thread-14] INFO eu.europa.esig.dss.spi.x509.TokenIssuerSelector - ISSUER SUBJECT : c=lu,ou=pki-test,o=nowina solutions,cn=external-ca-alternative
11:39:06.698 [pool-7-thread-5] INFO eu.europa.esig.dss.spi.x509.TokenIssuerSelector - The issuer subject name and subject name does not match (more details in debug mode).
11:39:06.698 [pool-7-thread-5] INFO eu.europa.esig.dss.spi.x509.TokenIssuerSelector - CERT ISSUER    : c=lu,ou=pki-test,o=nowina solutions,cn=external-ca
11:39:06.698 [pool-7-thread-5] INFO eu.europa.esig.dss.spi.x509.TokenIssuerSelector - ISSUER SUBJECT : c=lu,ou=pki-test,o=nowina solutions,cn=external-ca-alternative
11:39:06.698 [pool-7-thread-5] INFO eu.europa.esig.dss.spi.x509.TokenIssuerSelector - The issuer subject name and subject name does not match (more details in debug mode).
11:39:06.699 [pool-7-thread-30] WARN eu.europa.esig.dss.spi.x509.TokenIssuerSelector - No issuer found for the token creation date. The process continues with an issuer which has the same public key.
11:39:06.700 [pool-7-thread-5] INFO eu.europa.esig.dss.spi.x509.TokenIssuerSelector - CERT ISSUER    : c=lu,ou=pki-test,o=nowina solutions,cn=external-ca
11:39:06.700 [pool-7-thread-5] INFO eu.europa.esig.dss.spi.x509.TokenIssuerSelector - ISSUER SUBJECT : c=lu,ou=pki-test,o=nowina solutions,cn=external-ca-alternative
11:39:06.700 [pool-7-thread-5] INFO eu.europa.esig.dss.spi.x509.TokenIssuerSelector - The issuer subject name and subject name does not match (more details in debug mode).
11:39:06.700 [pool-7-thread-5] INFO eu.europa.esig.dss.spi.x509.TokenIssuerSelector - CERT ISSUER    : c=lu,ou=pki-test,o=nowina solutions,cn=external-ca
11:39:06.700 [pool-7-thread-5] INFO eu.europa.esig.dss.spi.x509.TokenIssuerSelector - ISSUER SUBJECT : c=lu,ou=pki-test,o=nowina solutions,cn=external-ca-alternative
11:39:06.700 [pool-7-thread-30] WARN eu.europa.esig.dss.spi.x509.TokenIssuerSelector - No issuer found for the token creation date. The process continues with an issuer which has the same public key.
11:39:06.702 [pool-7-thread-10] WARN eu.europa.esig.dss.spi.x509.TokenIssuerSelector - No issuer found for the token creation date. The process continues with an issuer which has the same public key.
11:39:06.704 [pool-7-thread-5] WARN eu.europa.esig.dss.spi.x509.TokenIssuerSelector - No issuer found for the token creation date. The process continues with an issuer which has the same public key.
11:39:06.705 [pool-7-thread-5] WARN eu.europa.esig.dss.spi.x509.TokenIssuerSelector - No issuer found for the token creation date. The process continues with an issuer which has the same public key.
11:39:06.715 [pool-7-thread-26] WARN eu.europa.esig.dss.spi.x509.TokenIssuerSelector - No issuer found for the token creation date. The process continues with an issuer which has the same public key.
11:39:06.716 [pool-7-thread-5] INFO eu.europa.esig.dss.spi.x509.TokenIssuerSelector - The issuer subject name and subject name does not match (more details in debug mode).
11:39:06.716 [pool-7-thread-5] INFO eu.europa.esig.dss.spi.x509.TokenIssuerSelector - CERT ISSUER    : c=lu,ou=pki-test,o=nowina solutions,cn=external-ca
11:39:06.716 [pool-7-thread-5] INFO eu.europa.esig.dss.spi.x509.TokenIssuerSelector - ISSUER SUBJECT : c=lu,ou=pki-test,o=nowina solutions,cn=external-ca-alternative
11:39:06.717 [pool-7-thread-5] INFO eu.europa.esig.dss.spi.x509.TokenIssuerSelector - The issuer subject name and subject name does not match (more details in debug mode).
11:39:06.717 [pool-7-thread-5] INFO eu.europa.esig.dss.spi.x509.TokenIssuerSelector - CERT ISSUER    : c=lu,ou=pki-test,o=nowina solutions,cn=external-ca
11:39:06.717 [pool-7-thread-5] INFO eu.europa.esig.dss.spi.x509.TokenIssuerSelector - ISSUER SUBJECT : c=lu,ou=pki-test,o=nowina solutions,cn=external-ca-alternative
11:39:06.718 [pool-7-thread-5] INFO eu.europa.esig.dss.spi.x509.TokenIssuerSelector - The issuer subject name and subject name does not match (more details in debug mode).
11:39:06.718 [pool-7-thread-5] INFO eu.europa.esig.dss.spi.x509.TokenIssuerSelector - CERT ISSUER    : c=lu,ou=pki-test,o=nowina solutions,cn=external-ca
11:39:06.718 [pool-7-thread-5] INFO eu.europa.esig.dss.spi.x509.TokenIssuerSelector - ISSUER SUBJECT : c=lu,ou=pki-test,o=nowina solutions,cn=external-ca-alternative
11:39:06.718 [pool-7-thread-19] WARN eu.europa.esig.dss.spi.x509.TokenIssuerSelector - No issuer found for the token creation date. The process continues with an issuer which has the same public key.
11:39:06.719 [pool-7-thread-19] WARN eu.europa.esig.dss.spi.x509.TokenIssuerSelector - No issuer found for the token creation date. The process continues with an issuer which has the same public key.
11:39:06.722 [pool-7-thread-19] INFO eu.europa.esig.dss.spi.x509.TokenIssuerSelector - The issuer subject name and subject name does not match (more details in debug mode).
11:39:06.722 [pool-7-thread-19] INFO eu.europa.esig.dss.spi.x509.TokenIssuerSelector - CERT ISSUER    : c=lu,ou=pki-test,o=nowina solutions,cn=external-ca
11:39:06.722 [pool-7-thread-19] INFO eu.europa.esig.dss.spi.x509.TokenIssuerSelector - ISSUER SUBJECT : c=lu,ou=pki-test,o=nowina solutions,cn=external-ca-alternative
11:39:06.722 [pool-7-thread-19] INFO eu.europa.esig.dss.spi.x509.TokenIssuerSelector - The issuer subject name and subject name does not match (more details in debug mode).
11:39:06.722 [pool-7-thread-19] INFO eu.europa.esig.dss.spi.x509.TokenIssuerSelector - CERT ISSUER    : c=lu,ou=pki-test,o=nowina solutions,cn=external-ca
11:39:06.722 [pool-7-thread-19] INFO eu.europa.esig.dss.spi.x509.TokenIssuerSelector - ISSUER SUBJECT : c=lu,ou=pki-test,o=nowina solutions,cn=external-ca-alternative
11:39:06.722 [pool-7-thread-19] INFO eu.europa.esig.dss.spi.x509.TokenIssuerSelector - The issuer subject name and subject name does not match (more details in debug mode).
11:39:06.722 [pool-7-thread-19] INFO eu.europa.esig.dss.spi.x509.TokenIssuerSelector - CERT ISSUER    : c=lu,ou=pki-test,o=nowina solutions,cn=external-ca
11:39:06.722 [pool-7-thread-19] INFO eu.europa.esig.dss.spi.x509.TokenIssuerSelector - ISSUER SUBJECT : c=lu,ou=pki-test,o=nowina solutions,cn=external-ca-alternative
11:39:06.729 [pool-7-thread-1] WARN eu.europa.esig.dss.spi.x509.TokenIssuerSelector - No issuer found for the token creation date. The process continues with an issuer which has the same public key.
11:39:06.732 [pool-7-thread-1] INFO eu.europa.esig.dss.spi.x509.TokenIssuerSelector - The issuer subject name and subject name does not match (more details in debug mode).
11:39:06.733 [pool-7-thread-1] INFO eu.europa.esig.dss.spi.x509.TokenIssuerSelector - CERT ISSUER    : c=lu,ou=pki-test,o=nowina solutions,cn=external-ca
11:39:06.733 [pool-7-thread-1] INFO eu.europa.esig.dss.spi.x509.TokenIssuerSelector - ISSUER SUBJECT : c=lu,ou=pki-test,o=nowina solutions,cn=external-ca-alternative
11:39:06.733 [pool-7-thread-1] INFO eu.europa.esig.dss.spi.x509.TokenIssuerSelector - The issuer subject name and subject name does not match (more details in debug mode).
11:39:06.733 [pool-7-thread-1] INFO eu.europa.esig.dss.spi.x509.TokenIssuerSelector - CERT ISSUER    : c=lu,ou=pki-test,o=nowina solutions,cn=external-ca
11:39:06.733 [pool-7-thread-7] WARN eu.europa.esig.dss.spi.x509.TokenIssuerSelector - No issuer found for the token creation date. The process continues with an issuer which has the same public key.
11:39:06.733 [pool-7-thread-1] INFO eu.europa.esig.dss.spi.x509.TokenIssuerSelector - ISSUER SUBJECT : c=lu,ou=pki-test,o=nowina solutions,cn=external-ca-alternative
11:39:06.734 [pool-7-thread-1] INFO eu.europa.esig.dss.spi.x509.TokenIssuerSelector - The issuer subject name and subject name does not match (more details in debug mode).
11:39:06.734 [pool-7-thread-1] INFO eu.europa.esig.dss.spi.x509.TokenIssuerSelector - CERT ISSUER    : c=lu,ou=pki-test,o=nowina solutions,cn=external-ca
11:39:06.734 [pool-7-thread-1] INFO eu.europa.esig.dss.spi.x509.TokenIssuerSelector - ISSUER SUBJECT : c=lu,ou=pki-test,o=nowina solutions,cn=external-ca-alternative
11:39:06.734 [pool-7-thread-37] WARN eu.europa.esig.dss.spi.x509.TokenIssuerSelector - No issuer found for the token creation date. The process continues with an issuer which has the same public key.
11:39:06.736 [pool-7-thread-37] WARN eu.europa.esig.dss.spi.x509.TokenIssuerSelector - No issuer found for the token creation date. The process continues with an issuer which has the same public key.
11:39:06.740 [pool-7-thread-37] INFO eu.europa.esig.dss.spi.x509.TokenIssuerSelector - The issuer subject name and subject name does not match (more details in debug mode).
11:39:06.740 [pool-7-thread-37] INFO eu.europa.esig.dss.spi.x509.TokenIssuerSelector - CERT ISSUER    : c=lu,ou=pki-test,o=nowina solutions,cn=external-ca
11:39:06.740 [pool-7-thread-37] INFO eu.europa.esig.dss.spi.x509.TokenIssuerSelector - ISSUER SUBJECT : c=lu,ou=pki-test,o=nowina solutions,cn=external-ca-alternative
11:39:06.740 [pool-7-thread-37] INFO eu.europa.esig.dss.spi.x509.TokenIssuerSelector - The issuer subject name and subject name does not match (more details in debug mode).
11:39:06.740 [pool-7-thread-37] INFO eu.europa.esig.dss.spi.x509.TokenIssuerSelector - CERT ISSUER    : c=lu,ou=pki-test,o=nowina solutions,cn=external-ca
11:39:06.740 [pool-7-thread-37] INFO eu.europa.esig.dss.spi.x509.TokenIssuerSelector - ISSUER SUBJECT : c=lu,ou=pki-test,o=nowina solutions,cn=external-ca-alternative
11:39:06.740 [pool-7-thread-37] INFO eu.europa.esig.dss.spi.x509.TokenIssuerSelector - The issuer subject name and subject name does not match (more details in debug mode).
11:39:06.740 [pool-7-thread-37] INFO eu.europa.esig.dss.spi.x509.TokenIssuerSelector - CERT ISSUER    : c=lu,ou=pki-test,o=nowina solutions,cn=external-ca
11:39:06.740 [pool-7-thread-37] INFO eu.europa.esig.dss.spi.x509.TokenIssuerSelector - ISSUER SUBJECT : c=lu,ou=pki-test,o=nowina solutions,cn=external-ca-alternative
11:39:06.740 [pool-7-thread-25] WARN eu.europa.esig.dss.spi.x509.TokenIssuerSelector - No issuer found for the token creation date. The process continues with an issuer which has the same public key.
11:39:06.743 [pool-7-thread-24] WARN eu.europa.esig.dss.spi.x509.TokenIssuerSelector - No issuer found for the token creation date. The process continues with an issuer which has the same public key.
11:39:06.745 [pool-7-thread-17] WARN eu.europa.esig.dss.spi.x509.TokenIssuerSelector - No issuer found for the token creation date. The process continues with an issuer which has the same public key.
11:39:06.745 [pool-7-thread-8] WARN eu.europa.esig.dss.spi.x509.TokenIssuerSelector - No issuer found for the token creation date. The process continues with an issuer which has the same public key.
11:39:06.746 [pool-7-thread-27] WARN eu.europa.esig.dss.spi.x509.TokenIssuerSelector - No issuer found for the token creation date. The process continues with an issuer which has the same public key.
11:39:06.747 [pool-7-thread-12] WARN eu.europa.esig.dss.spi.x509.TokenIssuerSelector - No issuer found for the token creation date. The process continues with an issuer which has the same public key.
11:39:06.750 [pool-7-thread-15] INFO eu.europa.esig.dss.spi.x509.TokenIssuerSelector - The issuer subject name and subject name does not match (more details in debug mode).
11:39:06.750 [pool-7-thread-15] INFO eu.europa.esig.dss.spi.x509.TokenIssuerSelector - CERT ISSUER    : c=lu,ou=pki-test,o=nowina solutions,cn=external-ca
11:39:06.750 [pool-7-thread-15] INFO eu.europa.esig.dss.spi.x509.TokenIssuerSelector - ISSUER SUBJECT : c=lu,ou=pki-test,o=nowina solutions,cn=external-ca-alternative
11:39:06.750 [pool-7-thread-15] INFO eu.europa.esig.dss.spi.x509.TokenIssuerSelector - The issuer subject name and subject name does not match (more details in debug mode).
11:39:06.750 [pool-7-thread-15] INFO eu.europa.esig.dss.spi.x509.TokenIssuerSelector - CERT ISSUER    : c=lu,ou=pki-test,o=nowina solutions,cn=external-ca
11:39:06.750 [pool-7-thread-15] INFO eu.europa.esig.dss.spi.x509.TokenIssuerSelector - ISSUER SUBJECT : c=lu,ou=pki-test,o=nowina solutions,cn=external-ca-alternative
11:39:06.750 [pool-7-thread-15] INFO eu.europa.esig.dss.spi.x509.TokenIssuerSelector - The issuer subject name and subject name does not match (more details in debug mode).
11:39:06.750 [pool-7-thread-15] INFO eu.europa.esig.dss.spi.x509.TokenIssuerSelector - CERT ISSUER    : c=lu,ou=pki-test,o=nowina solutions,cn=external-ca
11:39:06.750 [pool-7-thread-15] INFO eu.europa.esig.dss.spi.x509.TokenIssuerSelector - ISSUER SUBJECT : c=lu,ou=pki-test,o=nowina solutions,cn=external-ca-alternative
11:39:06.751 [pool-7-thread-27] INFO eu.europa.esig.dss.spi.x509.TokenIssuerSelector - The issuer subject name and subject name does not match (more details in debug mode).
11:39:06.751 [pool-7-thread-27] INFO eu.europa.esig.dss.spi.x509.TokenIssuerSelector - CERT ISSUER    : c=lu,ou=pki-test,o=nowina solutions,cn=external-ca
11:39:06.751 [pool-7-thread-27] INFO eu.europa.esig.dss.spi.x509.TokenIssuerSelector - ISSUER SUBJECT : c=lu,ou=pki-test,o=nowina solutions,cn=external-ca-alternative
11:39:06.751 [pool-7-thread-27] INFO eu.europa.esig.dss.spi.x509.TokenIssuerSelector - The issuer subject name and subject name does not match (more details in debug mode).
11:39:06.751 [pool-7-thread-17] WARN eu.europa.esig.dss.spi.x509.TokenIssuerSelector - No issuer found for the token creation date. The process continues with an issuer which has the same public key.
11:39:06.751 [pool-7-thread-27] INFO eu.europa.esig.dss.spi.x509.TokenIssuerSelector - CERT ISSUER    : c=lu,ou=pki-test,o=nowina solutions,cn=external-ca
11:39:06.752 [pool-7-thread-27] INFO eu.europa.esig.dss.spi.x509.TokenIssuerSelector - ISSUER SUBJECT : c=lu,ou=pki-test,o=nowina solutions,cn=external-ca-alternative
11:39:06.752 [pool-7-thread-27] INFO eu.europa.esig.dss.spi.x509.TokenIssuerSelector - The issuer subject name and subject name does not match (more details in debug mode).
11:39:06.752 [pool-7-thread-27] INFO eu.europa.esig.dss.spi.x509.TokenIssuerSelector - CERT ISSUER    : c=lu,ou=pki-test,o=nowina solutions,cn=external-ca
11:39:06.752 [pool-7-thread-27] INFO eu.europa.esig.dss.spi.x509.TokenIssuerSelector - ISSUER SUBJECT : c=lu,ou=pki-test,o=nowina solutions,cn=external-ca-alternative
11:39:06.752 [pool-7-thread-24] WARN eu.europa.esig.dss.spi.x509.TokenIssuerSelector - No issuer found for the token creation date. The process continues with an issuer which has the same public key.
11:39:06.752 [pool-7-thread-8] INFO eu.europa.esig.dss.spi.x509.TokenIssuerSelector - The issuer subject name and subject name does not match (more details in debug mode).
11:39:06.752 [pool-7-thread-8] INFO eu.europa.esig.dss.spi.x509.TokenIssuerSelector - CERT ISSUER    : c=lu,ou=pki-test,o=nowina solutions,cn=external-ca
11:39:06.752 [pool-7-thread-8] INFO eu.europa.esig.dss.spi.x509.TokenIssuerSelector - ISSUER SUBJECT : c=lu,ou=pki-test,o=nowina solutions,cn=external-ca-alternative
11:39:06.752 [pool-7-thread-8] INFO eu.europa.esig.dss.spi.x509.TokenIssuerSelector - The issuer subject name and subject name does not match (more details in debug mode).
11:39:06.752 [pool-7-thread-8] INFO eu.europa.esig.dss.spi.x509.TokenIssuerSelector - CERT ISSUER    : c=lu,ou=pki-test,o=nowina solutions,cn=external-ca
11:39:06.752 [pool-7-thread-8] INFO eu.europa.esig.dss.spi.x509.TokenIssuerSelector - ISSUER SUBJECT : c=lu,ou=pki-test,o=nowina solutions,cn=external-ca-alternative
11:39:06.753 [pool-7-thread-8] INFO eu.europa.esig.dss.spi.x509.TokenIssuerSelector - The issuer subject name and subject name does not match (more details in debug mode).
11:39:06.753 [pool-7-thread-8] INFO eu.europa.esig.dss.spi.x509.TokenIssuerSelector - CERT ISSUER    : c=lu,ou=pki-test,o=nowina solutions,cn=external-ca
11:39:06.753 [pool-7-thread-8] INFO eu.europa.esig.dss.spi.x509.TokenIssuerSelector - ISSUER SUBJECT : c=lu,ou=pki-test,o=nowina solutions,cn=external-ca-alternative
11:39:06.754 [pool-7-thread-57] WARN eu.europa.esig.dss.spi.x509.TokenIssuerSelector - No issuer found for the token creation date. The process continues with an issuer which has the same public key.
11:39:06.754 [pool-7-thread-25] WARN eu.europa.esig.dss.spi.x509.TokenIssuerSelector - No issuer found for the token creation date. The process continues with an issuer which has the same public key.
11:39:06.755 [pool-7-thread-9] WARN eu.europa.esig.dss.spi.x509.TokenIssuerSelector - No issuer found for the token creation date. The process continues with an issuer which has the same public key.
11:39:06.756 [pool-7-thread-2] WARN eu.europa.esig.dss.spi.x509.TokenIssuerSelector - No issuer found for the token creation date. The process continues with an issuer which has the same public key.
11:39:06.759 [pool-7-thread-20] WARN eu.europa.esig.dss.spi.x509.TokenIssuerSelector - No issuer found for the token creation date. The process continues with an issuer which has the same public key.
11:39:06.760 [pool-7-thread-7] INFO eu.europa.esig.dss.spi.x509.TokenIssuerSelector - The issuer subject name and subject name does not match (more details in debug mode).
11:39:06.760 [pool-7-thread-7] INFO eu.europa.esig.dss.spi.x509.TokenIssuerSelector - CERT ISSUER    : c=lu,ou=pki-test,o=nowina solutions,cn=external-ca
11:39:06.760 [pool-7-thread-7] INFO eu.europa.esig.dss.spi.x509.TokenIssuerSelector - ISSUER SUBJECT : c=lu,ou=pki-test,o=nowina solutions,cn=external-ca-alternative
11:39:06.760 [pool-7-thread-7] INFO eu.europa.esig.dss.spi.x509.TokenIssuerSelector - The issuer subject name and subject name does not match (more details in debug mode).
11:39:06.760 [pool-7-thread-7] INFO eu.europa.esig.dss.spi.x509.TokenIssuerSelector - CERT ISSUER    : c=lu,ou=pki-test,o=nowina solutions,cn=external-ca
11:39:06.760 [pool-7-thread-7] INFO eu.europa.esig.dss.spi.x509.TokenIssuerSelector - ISSUER SUBJECT : c=lu,ou=pki-test,o=nowina solutions,cn=external-ca-alternative
11:39:06.760 [pool-7-thread-7] INFO eu.europa.esig.dss.spi.x509.TokenIssuerSelector - The issuer subject name and subject name does not match (more details in debug mode).
11:39:06.760 [pool-7-thread-7] INFO eu.europa.esig.dss.spi.x509.TokenIssuerSelector - CERT ISSUER    : c=lu,ou=pki-test,o=nowina solutions,cn=external-ca
11:39:06.760 [pool-7-thread-7] INFO eu.europa.esig.dss.spi.x509.TokenIssuerSelector - ISSUER SUBJECT : c=lu,ou=pki-test,o=nowina solutions,cn=external-ca-alternative
11:39:06.761 [pool-7-thread-19] WARN eu.europa.esig.dss.spi.x509.TokenIssuerSelector - No issuer found for the token creation date. The process continues with an issuer which has the same public key.
11:39:06.763 [pool-7-thread-16] WARN eu.europa.esig.dss.spi.x509.TokenIssuerSelector - No issuer found for the token creation date. The process continues with an issuer which has the same public key.
11:39:06.763 [pool-7-thread-26] WARN eu.europa.esig.dss.spi.x509.TokenIssuerSelector - No issuer found for the token creation date. The process continues with an issuer which has the same public key.
11:39:06.767 [pool-7-thread-26] INFO eu.europa.esig.dss.spi.x509.TokenIssuerSelector - The issuer subject name and subject name does not match (more details in debug mode).
11:39:06.768 [pool-7-thread-26] INFO eu.europa.esig.dss.spi.x509.TokenIssuerSelector - CERT ISSUER    : c=lu,ou=pki-test,o=nowina solutions,cn=external-ca
11:39:06.768 [pool-7-thread-26] INFO eu.europa.esig.dss.spi.x509.TokenIssuerSelector - ISSUER SUBJECT : c=lu,ou=pki-test,o=nowina solutions,cn=external-ca-alternative
11:39:06.768 [pool-7-thread-26] INFO eu.europa.esig.dss.spi.x509.TokenIssuerSelector - The issuer subject name and subject name does not match (more details in debug mode).
11:39:06.768 [pool-7-thread-26] INFO eu.europa.esig.dss.spi.x509.TokenIssuerSelector - CERT ISSUER    : c=lu,ou=pki-test,o=nowina solutions,cn=external-ca
11:39:06.768 [pool-7-thread-26] INFO eu.europa.esig.dss.spi.x509.TokenIssuerSelector - ISSUER SUBJECT : c=lu,ou=pki-test,o=nowina solutions,cn=external-ca-alternative
11:39:06.768 [pool-7-thread-26] INFO eu.europa.esig.dss.spi.x509.TokenIssuerSelector - The issuer subject name and subject name does not match (more details in debug mode).
11:39:06.768 [pool-7-thread-26] INFO eu.europa.esig.dss.spi.x509.TokenIssuerSelector - CERT ISSUER    : c=lu,ou=pki-test,o=nowina solutions,cn=external-ca
11:39:06.768 [pool-7-thread-26] INFO eu.europa.esig.dss.spi.x509.TokenIssuerSelector - ISSUER SUBJECT : c=lu,ou=pki-test,o=nowina solutions,cn=external-ca-alternative
11:39:06.769 [pool-7-thread-34] WARN eu.europa.esig.dss.spi.x509.TokenIssuerSelector - No issuer found for the token creation date. The process continues with an issuer which has the same public key.
11:39:06.771 [pool-7-thread-10] WARN eu.europa.esig.dss.spi.x509.TokenIssuerSelector - No issuer found for the token creation date. The process continues with an issuer which has the same public key.
11:39:06.774 [pool-7-thread-30] INFO eu.europa.esig.dss.spi.x509.TokenIssuerSelector - The issuer subject name and subject name does not match (more details in debug mode).
11:39:06.774 [pool-7-thread-30] INFO eu.europa.esig.dss.spi.x509.TokenIssuerSelector - CERT ISSUER    : c=lu,ou=pki-test,o=nowina solutions,cn=external-ca
11:39:06.774 [pool-7-thread-30] INFO eu.europa.esig.dss.spi.x509.TokenIssuerSelector - ISSUER SUBJECT : c=lu,ou=pki-test,o=nowina solutions,cn=external-ca-alternative
11:39:06.774 [pool-7-thread-30] INFO eu.europa.esig.dss.spi.x509.TokenIssuerSelector - The issuer subject name and subject name does not match (more details in debug mode).
11:39:06.774 [pool-7-thread-30] INFO eu.europa.esig.dss.spi.x509.TokenIssuerSelector - CERT ISSUER    : c=lu,ou=pki-test,o=nowina solutions,cn=external-ca
11:39:06.774 [pool-7-thread-30] INFO eu.europa.esig.dss.spi.x509.TokenIssuerSelector - ISSUER SUBJECT : c=lu,ou=pki-test,o=nowina solutions,cn=external-ca-alternative
11:39:06.774 [pool-7-thread-30] INFO eu.europa.esig.dss.spi.x509.TokenIssuerSelector - The issuer subject name and subject name does not match (more details in debug mode).
11:39:06.774 [pool-7-thread-30] INFO eu.europa.esig.dss.spi.x509.TokenIssuerSelector - CERT ISSUER    : c=lu,ou=pki-test,o=nowina solutions,cn=external-ca
11:39:06.774 [pool-7-thread-30] INFO eu.europa.esig.dss.spi.x509.TokenIssuerSelector - ISSUER SUBJECT : c=lu,ou=pki-test,o=nowina solutions,cn=external-ca-alternative
11:39:06.774 [pool-7-thread-18] WARN eu.europa.esig.dss.spi.x509.TokenIssuerSelector - No issuer found for the token creation date. The process continues with an issuer which has the same public key.
11:39:06.774 [pool-7-thread-31] INFO eu.europa.esig.dss.spi.x509.TokenIssuerSelector - The issuer subject name and subject name does not match (more details in debug mode).
11:39:06.774 [pool-7-thread-31] INFO eu.europa.esig.dss.spi.x509.TokenIssuerSelector - CERT ISSUER    : c=lu,ou=pki-test,o=nowina solutions,cn=external-ca
11:39:06.774 [pool-7-thread-31] INFO eu.europa.esig.dss.spi.x509.TokenIssuerSelector - ISSUER SUBJECT : c=lu,ou=pki-test,o=nowina solutions,cn=external-ca-alternative
11:39:06.774 [pool-7-thread-31] INFO eu.europa.esig.dss.spi.x509.TokenIssuerSelector - The issuer subject name and subject name does not match (more details in debug mode).
11:39:06.774 [pool-7-thread-31] INFO eu.europa.esig.dss.spi.x509.TokenIssuerSelector - CERT ISSUER    : c=lu,ou=pki-test,o=nowina solutions,cn=external-ca
11:39:06.774 [pool-7-thread-31] INFO eu.europa.esig.dss.spi.x509.TokenIssuerSelector - ISSUER SUBJECT : c=lu,ou=pki-test,o=nowina solutions,cn=external-ca-alternative
11:39:06.774 [pool-7-thread-31] INFO eu.europa.esig.dss.spi.x509.TokenIssuerSelector - The issuer subject name and subject name does not match (more details in debug mode).
11:39:06.774 [pool-7-thread-31] INFO eu.europa.esig.dss.spi.x509.TokenIssuerSelector - CERT ISSUER    : c=lu,ou=pki-test,o=nowina solutions,cn=external-ca
11:39:06.774 [pool-7-thread-31] INFO eu.europa.esig.dss.spi.x509.TokenIssuerSelector - ISSUER SUBJECT : c=lu,ou=pki-test,o=nowina solutions,cn=external-ca-alternative
11:39:06.776 [pool-7-thread-13] WARN eu.europa.esig.dss.spi.x509.TokenIssuerSelector - No issuer found for the token creation date. The process continues with an issuer which has the same public key.
11:39:06.777 [pool-7-thread-6] WARN eu.europa.esig.dss.spi.x509.TokenIssuerSelector - No issuer found for the token creation date. The process continues with an issuer which has the same public key.
11:39:06.778 [pool-7-thread-22] WARN eu.europa.esig.dss.spi.x509.TokenIssuerSelector - No issuer found for the token creation date. The process continues with an issuer which has the same public key.
11:39:06.780 [pool-7-thread-29] WARN eu.europa.esig.dss.spi.x509.TokenIssuerSelector - No issuer found for the token creation date. The process continues with an issuer which has the same public key.
11:39:06.781 [pool-7-thread-28] INFO eu.europa.esig.dss.spi.x509.TokenIssuerSelector - The issuer subject name and subject name does not match (more details in debug mode).
11:39:06.782 [pool-7-thread-28] INFO eu.europa.esig.dss.spi.x509.TokenIssuerSelector - CERT ISSUER    : c=lu,ou=pki-test,o=nowina solutions,cn=external-ca
11:39:06.782 [pool-7-thread-28] INFO eu.europa.esig.dss.spi.x509.TokenIssuerSelector - ISSUER SUBJECT : c=lu,ou=pki-test,o=nowina solutions,cn=external-ca-alternative
11:39:06.782 [pool-7-thread-28] INFO eu.europa.esig.dss.spi.x509.TokenIssuerSelector - The issuer subject name and subject name does not match (more details in debug mode).
11:39:06.782 [pool-7-thread-28] INFO eu.europa.esig.dss.spi.x509.TokenIssuerSelector - CERT ISSUER    : c=lu,ou=pki-test,o=nowina solutions,cn=external-ca
11:39:06.782 [pool-7-thread-28] INFO eu.europa.esig.dss.spi.x509.TokenIssuerSelector - ISSUER SUBJECT : c=lu,ou=pki-test,o=nowina solutions,cn=external-ca-alternative
11:39:06.782 [pool-7-thread-28] INFO eu.europa.esig.dss.spi.x509.TokenIssuerSelector - The issuer subject name and subject name does not match (more details in debug mode).
11:39:06.782 [pool-7-thread-28] INFO eu.europa.esig.dss.spi.x509.TokenIssuerSelector - CERT ISSUER    : c=lu,ou=pki-test,o=nowina solutions,cn=external-ca
11:39:06.782 [pool-7-thread-28] INFO eu.europa.esig.dss.spi.x509.TokenIssuerSelector - ISSUER SUBJECT : c=lu,ou=pki-test,o=nowina solutions,cn=external-ca-alternative
11:39:06.784 [pool-7-thread-29] INFO eu.europa.esig.dss.spi.x509.TokenIssuerSelector - The issuer subject name and subject name does not match (more details in debug mode).
11:39:06.784 [pool-7-thread-29] INFO eu.europa.esig.dss.spi.x509.TokenIssuerSelector - CERT ISSUER    : c=lu,ou=pki-test,o=nowina solutions,cn=external-ca
11:39:06.784 [pool-7-thread-29] INFO eu.europa.esig.dss.spi.x509.TokenIssuerSelector - ISSUER SUBJECT : c=lu,ou=pki-test,o=nowina solutions,cn=external-ca-alternative
11:39:06.784 [pool-7-thread-29] INFO eu.europa.esig.dss.spi.x509.TokenIssuerSelector - The issuer subject name and subject name does not match (more details in debug mode).
11:39:06.784 [pool-7-thread-29] INFO eu.europa.esig.dss.spi.x509.TokenIssuerSelector - CERT ISSUER    : c=lu,ou=pki-test,o=nowina solutions,cn=external-ca
11:39:06.784 [pool-7-thread-29] INFO eu.europa.esig.dss.spi.x509.TokenIssuerSelector - ISSUER SUBJECT : c=lu,ou=pki-test,o=nowina solutions,cn=external-ca-alternative
11:39:06.786 [pool-7-thread-29] INFO eu.europa.esig.dss.spi.x509.TokenIssuerSelector - The issuer subject name and subject name does not match (more details in debug mode).
11:39:06.786 [pool-7-thread-29] INFO eu.europa.esig.dss.spi.x509.TokenIssuerSelector - CERT ISSUER    : c=lu,ou=pki-test,o=nowina solutions,cn=external-ca
11:39:06.786 [pool-7-thread-29] INFO eu.europa.esig.dss.spi.x509.TokenIssuerSelector - ISSUER SUBJECT : c=lu,ou=pki-test,o=nowina solutions,cn=external-ca-alternative
11:39:06.786 [pool-7-thread-28] WARN eu.europa.esig.dss.spi.x509.TokenIssuerSelector - No issuer found for the token creation date. The process continues with an issuer which has the same public key.
11:39:06.787 [pool-7-thread-28] WARN eu.europa.esig.dss.spi.x509.TokenIssuerSelector - No issuer found for the token creation date. The process continues with an issuer which has the same public key.
11:39:06.789 [pool-7-thread-3] WARN eu.europa.esig.dss.spi.x509.TokenIssuerSelector - No issuer found for the token creation date. The process continues with an issuer which has the same public key.
11:39:06.789 [pool-7-thread-3] WARN eu.europa.esig.dss.spi.x509.TokenIssuerSelector - No issuer found for the token creation date. The process continues with an issuer which has the same public key.
11:39:06.792 [pool-7-thread-11] WARN eu.europa.esig.dss.spi.x509.TokenIssuerSelector - No issuer found for the token creation date. The process continues with an issuer which has the same public key.
11:39:06.794 [pool-7-thread-3] INFO eu.europa.esig.dss.spi.x509.TokenIssuerSelector - The issuer subject name and subject name does not match (more details in debug mode).
11:39:06.794 [pool-7-thread-3] INFO eu.europa.esig.dss.spi.x509.TokenIssuerSelector - CERT ISSUER    : c=lu,ou=pki-test,o=nowina solutions,cn=external-ca
11:39:06.794 [pool-7-thread-3] INFO eu.europa.esig.dss.spi.x509.TokenIssuerSelector - ISSUER SUBJECT : c=lu,ou=pki-test,o=nowina solutions,cn=external-ca-alternative
11:39:06.794 [pool-7-thread-3] INFO eu.europa.esig.dss.spi.x509.TokenIssuerSelector - The issuer subject name and subject name does not match (more details in debug mode).
11:39:06.794 [pool-7-thread-3] INFO eu.europa.esig.dss.spi.x509.TokenIssuerSelector - CERT ISSUER    : c=lu,ou=pki-test,o=nowina solutions,cn=external-ca
11:39:06.794 [pool-7-thread-3] INFO eu.europa.esig.dss.spi.x509.TokenIssuerSelector - ISSUER SUBJECT : c=lu,ou=pki-test,o=nowina solutions,cn=external-ca-alternative
11:39:06.794 [pool-7-thread-3] INFO eu.europa.esig.dss.spi.x509.TokenIssuerSelector - The issuer subject name and subject name does not match (more details in debug mode).
11:39:06.794 [pool-7-thread-3] INFO eu.europa.esig.dss.spi.x509.TokenIssuerSelector - CERT ISSUER    : c=lu,ou=pki-test,o=nowina solutions,cn=external-ca
11:39:06.794 [pool-7-thread-3] INFO eu.europa.esig.dss.spi.x509.TokenIssuerSelector - ISSUER SUBJECT : c=lu,ou=pki-test,o=nowina solutions,cn=external-ca-alternative
11:39:06.799 [pool-7-thread-4] WARN eu.europa.esig.dss.spi.x509.TokenIssuerSelector - No issuer found for the token creation date. The process continues with an issuer which has the same public key.
11:39:06.797 [pool-7-thread-11] INFO eu.europa.esig.dss.spi.x509.TokenIssuerSelector - The issuer subject name and subject name does not match (more details in debug mode).
11:39:06.800 [pool-7-thread-11] INFO eu.europa.esig.dss.spi.x509.TokenIssuerSelector - CERT ISSUER    : c=lu,ou=pki-test,o=nowina solutions,cn=external-ca
11:39:06.800 [pool-7-thread-11] INFO eu.europa.esig.dss.spi.x509.TokenIssuerSelector - ISSUER SUBJECT : c=lu,ou=pki-test,o=nowina solutions,cn=external-ca-alternative
11:39:06.800 [pool-7-thread-11] INFO eu.europa.esig.dss.spi.x509.TokenIssuerSelector - The issuer subject name and subject name does not match (more details in debug mode).
11:39:06.800 [pool-7-thread-11] INFO eu.europa.esig.dss.spi.x509.TokenIssuerSelector - CERT ISSUER    : c=lu,ou=pki-test,o=nowina solutions,cn=external-ca
11:39:06.800 [pool-7-thread-4] WARN eu.europa.esig.dss.spi.x509.TokenIssuerSelector - No issuer found for the token creation date. The process continues with an issuer which has the same public key.
11:39:06.800 [pool-7-thread-11] INFO eu.europa.esig.dss.spi.x509.TokenIssuerSelector - ISSUER SUBJECT : c=lu,ou=pki-test,o=nowina solutions,cn=external-ca-alternative
11:39:06.801 [pool-7-thread-11] INFO eu.europa.esig.dss.spi.x509.TokenIssuerSelector - The issuer subject name and subject name does not match (more details in debug mode).
11:39:06.801 [pool-7-thread-11] INFO eu.europa.esig.dss.spi.x509.TokenIssuerSelector - CERT ISSUER    : c=lu,ou=pki-test,o=nowina solutions,cn=external-ca
11:39:06.801 [pool-7-thread-11] INFO eu.europa.esig.dss.spi.x509.TokenIssuerSelector - ISSUER SUBJECT : c=lu,ou=pki-test,o=nowina solutions,cn=external-ca-alternative
11:39:06.803 [pool-7-thread-4] INFO eu.europa.esig.dss.spi.x509.TokenIssuerSelector - The issuer subject name and subject name does not match (more details in debug mode).
11:39:06.803 [pool-7-thread-4] INFO eu.europa.esig.dss.spi.x509.TokenIssuerSelector - CERT ISSUER    : c=lu,ou=pki-test,o=nowina solutions,cn=external-ca
11:39:06.803 [pool-7-thread-4] INFO eu.europa.esig.dss.spi.x509.TokenIssuerSelector - ISSUER SUBJECT : c=lu,ou=pki-test,o=nowina solutions,cn=external-ca-alternative
11:39:06.803 [pool-7-thread-4] INFO eu.europa.esig.dss.spi.x509.TokenIssuerSelector - The issuer subject name and subject name does not match (more details in debug mode).
11:39:06.803 [pool-7-thread-4] INFO eu.europa.esig.dss.spi.x509.TokenIssuerSelector - CERT ISSUER    : c=lu,ou=pki-test,o=nowina solutions,cn=external-ca
11:39:06.803 [pool-7-thread-4] INFO eu.europa.esig.dss.spi.x509.TokenIssuerSelector - ISSUER SUBJECT : c=lu,ou=pki-test,o=nowina solutions,cn=external-ca-alternative
11:39:06.804 [pool-7-thread-4] INFO eu.europa.esig.dss.spi.x509.TokenIssuerSelector - The issuer subject name and subject name does not match (more details in debug mode).
11:39:06.804 [pool-7-thread-4] INFO eu.europa.esig.dss.spi.x509.TokenIssuerSelector - CERT ISSUER    : c=lu,ou=pki-test,o=nowina solutions,cn=external-ca
11:39:06.804 [pool-7-thread-4] INFO eu.europa.esig.dss.spi.x509.TokenIssuerSelector - ISSUER SUBJECT : c=lu,ou=pki-test,o=nowina solutions,cn=external-ca-alternative
11:39:06.805 [pool-7-thread-11] WARN eu.europa.esig.dss.spi.x509.TokenIssuerSelector - No issuer found for the token creation date. The process continues with an issuer which has the same public key.
11:39:06.805 [pool-7-thread-11] WARN eu.europa.esig.dss.spi.x509.TokenIssuerSelector - No issuer found for the token creation date. The process continues with an issuer which has the same public key.
11:39:06.808 [pool-7-thread-11] INFO eu.europa.esig.dss.spi.x509.TokenIssuerSelector - The issuer subject name and subject name does not match (more details in debug mode).
11:39:06.808 [pool-7-thread-11] INFO eu.europa.esig.dss.spi.x509.TokenIssuerSelector - CERT ISSUER    : c=lu,ou=pki-test,o=nowina solutions,cn=external-ca
11:39:06.808 [pool-7-thread-11] INFO eu.europa.esig.dss.spi.x509.TokenIssuerSelector - ISSUER SUBJECT : c=lu,ou=pki-test,o=nowina solutions,cn=external-ca-alternative
11:39:06.808 [pool-7-thread-11] INFO eu.europa.esig.dss.spi.x509.TokenIssuerSelector - The issuer subject name and subject name does not match (more details in debug mode).
11:39:06.808 [pool-7-thread-11] INFO eu.europa.esig.dss.spi.x509.TokenIssuerSelector - CERT ISSUER    : c=lu,ou=pki-test,o=nowina solutions,cn=external-ca
11:39:06.808 [pool-7-thread-11] INFO eu.europa.esig.dss.spi.x509.TokenIssuerSelector - ISSUER SUBJECT : c=lu,ou=pki-test,o=nowina solutions,cn=external-ca-alternative
11:39:06.808 [pool-7-thread-11] INFO eu.europa.esig.dss.spi.x509.TokenIssuerSelector - The issuer subject name and subject name does not match (more details in debug mode).
11:39:06.808 [pool-7-thread-11] INFO eu.europa.esig.dss.spi.x509.TokenIssuerSelector - CERT ISSUER    : c=lu,ou=pki-test,o=nowina solutions,cn=external-ca
11:39:06.808 [pool-7-thread-11] INFO eu.europa.esig.dss.spi.x509.TokenIssuerSelector - ISSUER SUBJECT : c=lu,ou=pki-test,o=nowina solutions,cn=external-ca-alternative
11:39:06.814 [pool-7-thread-3] WARN eu.europa.esig.dss.spi.x509.TokenIssuerSelector - No issuer found for the token creation date. The process continues with an issuer which has the same public key.
11:39:06.814 [pool-7-thread-3] WARN eu.europa.esig.dss.spi.x509.TokenIssuerSelector - No issuer found for the token creation date. The process continues with an issuer which has the same public key.
11:39:06.817 [pool-7-thread-3] INFO eu.europa.esig.dss.spi.x509.TokenIssuerSelector - The issuer subject name and subject name does not match (more details in debug mode).
11:39:06.817 [pool-7-thread-3] INFO eu.europa.esig.dss.spi.x509.TokenIssuerSelector - CERT ISSUER    : c=lu,ou=pki-test,o=nowina solutions,cn=external-ca
11:39:06.817 [pool-7-thread-3] INFO eu.europa.esig.dss.spi.x509.TokenIssuerSelector - ISSUER SUBJECT : c=lu,ou=pki-test,o=nowina solutions,cn=external-ca-alternative
11:39:06.817 [pool-7-thread-3] INFO eu.europa.esig.dss.spi.x509.TokenIssuerSelector - The issuer subject name and subject name does not match (more details in debug mode).
11:39:06.817 [pool-7-thread-3] INFO eu.europa.esig.dss.spi.x509.TokenIssuerSelector - CERT ISSUER    : c=lu,ou=pki-test,o=nowina solutions,cn=external-ca
11:39:06.817 [pool-7-thread-3] INFO eu.europa.esig.dss.spi.x509.TokenIssuerSelector - ISSUER SUBJECT : c=lu,ou=pki-test,o=nowina solutions,cn=external-ca-alternative
11:39:06.817 [pool-7-thread-3] INFO eu.europa.esig.dss.spi.x509.TokenIssuerSelector - The issuer subject name and subject name does not match (more details in debug mode).
11:39:06.818 [pool-7-thread-3] INFO eu.europa.esig.dss.spi.x509.TokenIssuerSelector - CERT ISSUER    : c=lu,ou=pki-test,o=nowina solutions,cn=external-ca
11:39:06.818 [pool-7-thread-3] INFO eu.europa.esig.dss.spi.x509.TokenIssuerSelector - ISSUER SUBJECT : c=lu,ou=pki-test,o=nowina solutions,cn=external-ca-alternative
11:39:06.822 [pool-7-thread-11] WARN eu.europa.esig.dss.spi.x509.TokenIssuerSelector - No issuer found for the token creation date. The process continues with an issuer which has the same public key.
11:39:06.826 [pool-7-thread-11] WARN eu.europa.esig.dss.spi.x509.TokenIssuerSelector - No issuer found for the token creation date. The process continues with an issuer which has the same public key.
11:39:06.828 [pool-7-thread-11] INFO eu.europa.esig.dss.spi.x509.TokenIssuerSelector - The issuer subject name and subject name does not match (more details in debug mode).
11:39:06.829 [pool-7-thread-11] INFO eu.europa.esig.dss.spi.x509.TokenIssuerSelector - CERT ISSUER    : c=lu,ou=pki-test,o=nowina solutions,cn=external-ca
11:39:06.829 [pool-7-thread-11] INFO eu.europa.esig.dss.spi.x509.TokenIssuerSelector - ISSUER SUBJECT : c=lu,ou=pki-test,o=nowina solutions,cn=external-ca-alternative
11:39:06.829 [pool-7-thread-11] INFO eu.europa.esig.dss.spi.x509.TokenIssuerSelector - The issuer subject name and subject name does not match (more details in debug mode).
11:39:06.829 [pool-7-thread-11] INFO eu.europa.esig.dss.spi.x509.TokenIssuerSelector - CERT ISSUER    : c=lu,ou=pki-test,o=nowina solutions,cn=external-ca
11:39:06.829 [pool-7-thread-11] INFO eu.europa.esig.dss.spi.x509.TokenIssuerSelector - ISSUER SUBJECT : c=lu,ou=pki-test,o=nowina solutions,cn=external-ca-alternative
11:39:06.829 [pool-7-thread-11] INFO eu.europa.esig.dss.spi.x509.TokenIssuerSelector - The issuer subject name and subject name does not match (more details in debug mode).
11:39:06.829 [pool-7-thread-11] INFO eu.europa.esig.dss.spi.x509.TokenIssuerSelector - CERT ISSUER    : c=lu,ou=pki-test,o=nowina solutions,cn=external-ca
11:39:06.829 [pool-7-thread-11] INFO eu.europa.esig.dss.spi.x509.TokenIssuerSelector - ISSUER SUBJECT : c=lu,ou=pki-test,o=nowina solutions,cn=external-ca-alternative
11:39:06.829 [pool-7-thread-29] WARN eu.europa.esig.dss.spi.x509.TokenIssuerSelector - No issuer found for the token creation date. The process continues with an issuer which has the same public key.
11:39:06.830 [pool-7-thread-29] WARN eu.europa.esig.dss.spi.x509.TokenIssuerSelector - No issuer found for the token creation date. The process continues with an issuer which has the same public key.
11:39:06.832 [pool-7-thread-29] INFO eu.europa.esig.dss.spi.x509.TokenIssuerSelector - The issuer subject name and subject name does not match (more details in debug mode).
11:39:06.832 [pool-7-thread-29] INFO eu.europa.esig.dss.spi.x509.TokenIssuerSelector - CERT ISSUER    : c=lu,ou=pki-test,o=nowina solutions,cn=external-ca
11:39:06.832 [pool-7-thread-29] INFO eu.europa.esig.dss.spi.x509.TokenIssuerSelector - ISSUER SUBJECT : c=lu,ou=pki-test,o=nowina solutions,cn=external-ca-alternative
11:39:06.832 [pool-7-thread-3] WARN eu.europa.esig.dss.spi.x509.TokenIssuerSelector - No issuer found for the token creation date. The process continues with an issuer which has the same public key.
11:39:06.832 [pool-7-thread-29] INFO eu.europa.esig.dss.spi.x509.TokenIssuerSelector - The issuer subject name and subject name does not match (more details in debug mode).
11:39:06.832 [pool-7-thread-29] INFO eu.europa.esig.dss.spi.x509.TokenIssuerSelector - CERT ISSUER    : c=lu,ou=pki-test,o=nowina solutions,cn=external-ca
11:39:06.832 [pool-7-thread-29] INFO eu.europa.esig.dss.spi.x509.TokenIssuerSelector - ISSUER SUBJECT : c=lu,ou=pki-test,o=nowina solutions,cn=external-ca-alternative
11:39:06.832 [pool-7-thread-29] INFO eu.europa.esig.dss.spi.x509.TokenIssuerSelector - The issuer subject name and subject name does not match (more details in debug mode).
11:39:06.832 [pool-7-thread-29] INFO eu.europa.esig.dss.spi.x509.TokenIssuerSelector - CERT ISSUER    : c=lu,ou=pki-test,o=nowina solutions,cn=external-ca
11:39:06.832 [pool-7-thread-29] INFO eu.europa.esig.dss.spi.x509.TokenIssuerSelector - ISSUER SUBJECT : c=lu,ou=pki-test,o=nowina solutions,cn=external-ca-alternative
11:39:06.832 [pool-7-thread-11] WARN eu.europa.esig.dss.spi.x509.TokenIssuerSelector - No issuer found for the token creation date. The process continues with an issuer which has the same public key.
11:39:06.833 [pool-7-thread-11] WARN eu.europa.esig.dss.spi.x509.TokenIssuerSelector - No issuer found for the token creation date. The process continues with an issuer which has the same public key.
11:39:06.834 [pool-7-thread-28] INFO eu.europa.esig.dss.spi.x509.TokenIssuerSelector - The issuer subject name and subject name does not match (more details in debug mode).
11:39:06.834 [pool-7-thread-28] INFO eu.europa.esig.dss.spi.x509.TokenIssuerSelector - CERT ISSUER    : c=lu,ou=pki-test,o=nowina solutions,cn=external-ca
11:39:06.834 [pool-7-thread-28] INFO eu.europa.esig.dss.spi.x509.TokenIssuerSelector - ISSUER SUBJECT : c=lu,ou=pki-test,o=nowina solutions,cn=external-ca-alternative
11:39:06.834 [pool-7-thread-28] INFO eu.europa.esig.dss.spi.x509.TokenIssuerSelector - The issuer subject name and subject name does not match (more details in debug mode).
11:39:06.834 [pool-7-thread-28] INFO eu.europa.esig.dss.spi.x509.TokenIssuerSelector - CERT ISSUER    : c=lu,ou=pki-test,o=nowina solutions,cn=external-ca
11:39:06.834 [pool-7-thread-28] INFO eu.europa.esig.dss.spi.x509.TokenIssuerSelector - ISSUER SUBJECT : c=lu,ou=pki-test,o=nowina solutions,cn=external-ca-alternative
11:39:06.834 [pool-7-thread-28] INFO eu.europa.esig.dss.spi.x509.TokenIssuerSelector - The issuer subject name and subject name does not match (more details in debug mode).
11:39:06.835 [pool-7-thread-28] INFO eu.europa.esig.dss.spi.x509.TokenIssuerSelector - CERT ISSUER    : c=lu,ou=pki-test,o=nowina solutions,cn=external-ca
11:39:06.835 [pool-7-thread-28] INFO eu.europa.esig.dss.spi.x509.TokenIssuerSelector - ISSUER SUBJECT : c=lu,ou=pki-test,o=nowina solutions,cn=external-ca-alternative
11:39:06.836 [pool-7-thread-22] INFO eu.europa.esig.dss.spi.x509.TokenIssuerSelector - The issuer subject name and subject name does not match (more details in debug mode).
11:39:06.836 [pool-7-thread-22] INFO eu.europa.esig.dss.spi.x509.TokenIssuerSelector - CERT ISSUER    : c=lu,ou=pki-test,o=nowina solutions,cn=external-ca
11:39:06.836 [pool-7-thread-22] INFO eu.europa.esig.dss.spi.x509.TokenIssuerSelector - ISSUER SUBJECT : c=lu,ou=pki-test,o=nowina solutions,cn=external-ca-alternative
11:39:06.836 [pool-7-thread-22] INFO eu.europa.esig.dss.spi.x509.TokenIssuerSelector - The issuer subject name and subject name does not match (more details in debug mode).
11:39:06.836 [pool-7-thread-22] INFO eu.europa.esig.dss.spi.x509.TokenIssuerSelector - CERT ISSUER    : c=lu,ou=pki-test,o=nowina solutions,cn=external-ca
11:39:06.836 [pool-7-thread-22] INFO eu.europa.esig.dss.spi.x509.TokenIssuerSelector - ISSUER SUBJECT : c=lu,ou=pki-test,o=nowina solutions,cn=external-ca-alternative
11:39:06.836 [pool-7-thread-22] INFO eu.europa.esig.dss.spi.x509.TokenIssuerSelector - The issuer subject name and subject name does not match (more details in debug mode).
11:39:06.836 [pool-7-thread-22] INFO eu.europa.esig.dss.spi.x509.TokenIssuerSelector - CERT ISSUER    : c=lu,ou=pki-test,o=nowina solutions,cn=external-ca
11:39:06.836 [pool-7-thread-22] INFO eu.europa.esig.dss.spi.x509.TokenIssuerSelector - ISSUER SUBJECT : c=lu,ou=pki-test,o=nowina solutions,cn=external-ca-alternative
11:39:06.837 [pool-7-thread-6] WARN eu.europa.esig.dss.spi.x509.TokenIssuerSelector - No issuer found for the token creation date. The process continues with an issuer which has the same public key.
11:39:06.838 [pool-7-thread-31] WARN eu.europa.esig.dss.spi.x509.TokenIssuerSelector - No issuer found for the token creation date. The process continues with an issuer which has the same public key.
11:39:06.840 [pool-7-thread-22] WARN eu.europa.esig.dss.spi.x509.TokenIssuerSelector - No issuer found for the token creation date. The process continues with an issuer which has the same public key.
11:39:06.842 [pool-7-thread-13] INFO eu.europa.esig.dss.spi.x509.TokenIssuerSelector - The issuer subject name and subject name does not match (more details in debug mode).
11:39:06.842 [pool-7-thread-13] INFO eu.europa.esig.dss.spi.x509.TokenIssuerSelector - CERT ISSUER    : c=lu,ou=pki-test,o=nowina solutions,cn=external-ca
11:39:06.842 [pool-7-thread-13] INFO eu.europa.esig.dss.spi.x509.TokenIssuerSelector - ISSUER SUBJECT : c=lu,ou=pki-test,o=nowina solutions,cn=external-ca-alternative
11:39:06.842 [pool-7-thread-13] INFO eu.europa.esig.dss.spi.x509.TokenIssuerSelector - The issuer subject name and subject name does not match (more details in debug mode).
11:39:06.842 [pool-7-thread-13] INFO eu.europa.esig.dss.spi.x509.TokenIssuerSelector - CERT ISSUER    : c=lu,ou=pki-test,o=nowina solutions,cn=external-ca
11:39:06.842 [pool-7-thread-13] INFO eu.europa.esig.dss.spi.x509.TokenIssuerSelector - ISSUER SUBJECT : c=lu,ou=pki-test,o=nowina solutions,cn=external-ca-alternative
11:39:06.842 [pool-7-thread-13] INFO eu.europa.esig.dss.spi.x509.TokenIssuerSelector - The issuer subject name and subject name does not match (more details in debug mode).
11:39:06.842 [pool-7-thread-13] INFO eu.europa.esig.dss.spi.x509.TokenIssuerSelector - CERT ISSUER    : c=lu,ou=pki-test,o=nowina solutions,cn=external-ca
11:39:06.842 [pool-7-thread-13] INFO eu.europa.esig.dss.spi.x509.TokenIssuerSelector - ISSUER SUBJECT : c=lu,ou=pki-test,o=nowina solutions,cn=external-ca-alternative
11:39:06.843 [pool-7-thread-21] INFO eu.europa.esig.dss.spi.x509.TokenIssuerSelector - The issuer subject name and subject name does not match (more details in debug mode).
11:39:06.843 [pool-7-thread-21] INFO eu.europa.esig.dss.spi.x509.TokenIssuerSelector - CERT ISSUER    : c=lu,ou=pki-test,o=nowina solutions,cn=external-ca
11:39:06.843 [pool-7-thread-21] INFO eu.europa.esig.dss.spi.x509.TokenIssuerSelector - ISSUER SUBJECT : c=lu,ou=pki-test,o=nowina solutions,cn=external-ca-alternative
11:39:06.843 [pool-7-thread-21] INFO eu.europa.esig.dss.spi.x509.TokenIssuerSelector - The issuer subject name and subject name does not match (more details in debug mode).
11:39:06.843 [pool-7-thread-21] INFO eu.europa.esig.dss.spi.x509.TokenIssuerSelector - CERT ISSUER    : c=lu,ou=pki-test,o=nowina solutions,cn=external-ca
11:39:06.843 [pool-7-thread-21] INFO eu.europa.esig.dss.spi.x509.TokenIssuerSelector - ISSUER SUBJECT : c=lu,ou=pki-test,o=nowina solutions,cn=external-ca-alternative
11:39:06.843 [pool-7-thread-21] INFO eu.europa.esig.dss.spi.x509.TokenIssuerSelector - The issuer subject name and subject name does not match (more details in debug mode).
11:39:06.843 [pool-7-thread-21] INFO eu.europa.esig.dss.spi.x509.TokenIssuerSelector - CERT ISSUER    : c=lu,ou=pki-test,o=nowina solutions,cn=external-ca
11:39:06.843 [pool-7-thread-21] INFO eu.europa.esig.dss.spi.x509.TokenIssuerSelector - ISSUER SUBJECT : c=lu,ou=pki-test,o=nowina solutions,cn=external-ca-alternative
11:39:06.843 [pool-7-thread-18] INFO eu.europa.esig.dss.spi.x509.TokenIssuerSelector - The issuer subject name and subject name does not match (more details in debug mode).
11:39:06.843 [pool-7-thread-18] INFO eu.europa.esig.dss.spi.x509.TokenIssuerSelector - CERT ISSUER    : c=lu,ou=pki-test,o=nowina solutions,cn=external-ca
11:39:06.844 [pool-7-thread-18] INFO eu.europa.esig.dss.spi.x509.TokenIssuerSelector - ISSUER SUBJECT : c=lu,ou=pki-test,o=nowina solutions,cn=external-ca-alternative
11:39:06.844 [pool-7-thread-18] INFO eu.europa.esig.dss.spi.x509.TokenIssuerSelector - The issuer subject name and subject name does not match (more details in debug mode).
11:39:06.844 [pool-7-thread-18] INFO eu.europa.esig.dss.spi.x509.TokenIssuerSelector - CERT ISSUER    : c=lu,ou=pki-test,o=nowina solutions,cn=external-ca
11:39:06.844 [pool-7-thread-18] INFO eu.europa.esig.dss.spi.x509.TokenIssuerSelector - ISSUER SUBJECT : c=lu,ou=pki-test,o=nowina solutions,cn=external-ca-alternative
11:39:06.844 [pool-7-thread-18] INFO eu.europa.esig.dss.spi.x509.TokenIssuerSelector - The issuer subject name and subject name does not match (more details in debug mode).
11:39:06.844 [pool-7-thread-18] INFO eu.europa.esig.dss.spi.x509.TokenIssuerSelector - CERT ISSUER    : c=lu,ou=pki-test,o=nowina solutions,cn=external-ca
11:39:06.844 [pool-7-thread-18] INFO eu.europa.esig.dss.spi.x509.TokenIssuerSelector - ISSUER SUBJECT : c=lu,ou=pki-test,o=nowina solutions,cn=external-ca-alternative
11:39:06.848 [pool-7-thread-18] WARN eu.europa.esig.dss.spi.x509.TokenIssuerSelector - No issuer found for the token creation date. The process continues with an issuer which has the same public key.
11:39:06.848 [pool-7-thread-18] WARN eu.europa.esig.dss.spi.x509.TokenIssuerSelector - No issuer found for the token creation date. The process continues with an issuer which has the same public key.
11:39:06.847 [pool-7-thread-33] WARN eu.europa.esig.dss.spi.x509.TokenIssuerSelector - No issuer found for the token creation date. The process continues with an issuer which has the same public key.
11:39:06.850 [pool-7-thread-14] WARN eu.europa.esig.dss.spi.x509.TokenIssuerSelector - No issuer found for the token creation date. The process continues with an issuer which has the same public key.
11:39:06.850 [pool-7-thread-18] INFO eu.europa.esig.dss.spi.x509.TokenIssuerSelector - The issuer subject name and subject name does not match (more details in debug mode).
11:39:06.850 [pool-7-thread-18] INFO eu.europa.esig.dss.spi.x509.TokenIssuerSelector - CERT ISSUER    : c=lu,ou=pki-test,o=nowina solutions,cn=external-ca
11:39:06.850 [pool-7-thread-18] INFO eu.europa.esig.dss.spi.x509.TokenIssuerSelector - ISSUER SUBJECT : c=lu,ou=pki-test,o=nowina solutions,cn=external-ca-alternative
11:39:06.850 [pool-7-thread-18] INFO eu.europa.esig.dss.spi.x509.TokenIssuerSelector - The issuer subject name and subject name does not match (more details in debug mode).
11:39:06.850 [pool-7-thread-18] INFO eu.europa.esig.dss.spi.x509.TokenIssuerSelector - CERT ISSUER    : c=lu,ou=pki-test,o=nowina solutions,cn=external-ca
11:39:06.850 [pool-7-thread-18] INFO eu.europa.esig.dss.spi.x509.TokenIssuerSelector - ISSUER SUBJECT : c=lu,ou=pki-test,o=nowina solutions,cn=external-ca-alternative
11:39:06.851 [pool-7-thread-18] INFO eu.europa.esig.dss.spi.x509.TokenIssuerSelector - The issuer subject name and subject name does not match (more details in debug mode).
11:39:06.851 [pool-7-thread-18] INFO eu.europa.esig.dss.spi.x509.TokenIssuerSelector - CERT ISSUER    : c=lu,ou=pki-test,o=nowina solutions,cn=external-ca
11:39:06.851 [pool-7-thread-18] INFO eu.europa.esig.dss.spi.x509.TokenIssuerSelector - ISSUER SUBJECT : c=lu,ou=pki-test,o=nowina solutions,cn=external-ca-alternative
11:39:06.853 [pool-7-thread-34] WARN eu.europa.esig.dss.spi.x509.TokenIssuerSelector - No issuer found for the token creation date. The process continues with an issuer which has the same public key.
11:39:06.853 [pool-7-thread-10] INFO eu.europa.esig.dss.spi.x509.TokenIssuerSelector - The issuer subject name and subject name does not match (more details in debug mode).
11:39:06.853 [pool-7-thread-10] INFO eu.europa.esig.dss.spi.x509.TokenIssuerSelector - CERT ISSUER    : c=lu,ou=pki-test,o=nowina solutions,cn=external-ca
11:39:06.853 [pool-7-thread-10] INFO eu.europa.esig.dss.spi.x509.TokenIssuerSelector - ISSUER SUBJECT : c=lu,ou=pki-test,o=nowina solutions,cn=external-ca-alternative
11:39:06.853 [pool-7-thread-10] INFO eu.europa.esig.dss.spi.x509.TokenIssuerSelector - The issuer subject name and subject name does not match (more details in debug mode).
11:39:06.853 [pool-7-thread-10] INFO eu.europa.esig.dss.spi.x509.TokenIssuerSelector - CERT ISSUER    : c=lu,ou=pki-test,o=nowina solutions,cn=external-ca
11:39:06.853 [pool-7-thread-10] INFO eu.europa.esig.dss.spi.x509.TokenIssuerSelector - ISSUER SUBJECT : c=lu,ou=pki-test,o=nowina solutions,cn=external-ca-alternative
11:39:06.853 [pool-7-thread-10] INFO eu.europa.esig.dss.spi.x509.TokenIssuerSelector - The issuer subject name and subject name does not match (more details in debug mode).
11:39:06.853 [pool-7-thread-10] INFO eu.europa.esig.dss.spi.x509.TokenIssuerSelector - CERT ISSUER    : c=lu,ou=pki-test,o=nowina solutions,cn=external-ca
11:39:06.853 [pool-7-thread-10] INFO eu.europa.esig.dss.spi.x509.TokenIssuerSelector - ISSUER SUBJECT : c=lu,ou=pki-test,o=nowina solutions,cn=external-ca-alternative
11:39:06.853 [pool-7-thread-16] WARN eu.europa.esig.dss.spi.x509.TokenIssuerSelector - No issuer found for the token creation date. The process continues with an issuer which has the same public key.
11:39:06.855 [pool-7-thread-16] INFO eu.europa.esig.dss.spi.x509.TokenIssuerSelector - The issuer subject name and subject name does not match (more details in debug mode).
11:39:06.855 [pool-7-thread-16] INFO eu.europa.esig.dss.spi.x509.TokenIssuerSelector - CERT ISSUER    : c=lu,ou=pki-test,o=nowina solutions,cn=external-ca
11:39:06.855 [pool-7-thread-16] INFO eu.europa.esig.dss.spi.x509.TokenIssuerSelector - ISSUER SUBJECT : c=lu,ou=pki-test,o=nowina solutions,cn=external-ca-alternative
11:39:06.855 [pool-7-thread-16] INFO eu.europa.esig.dss.spi.x509.TokenIssuerSelector - The issuer subject name and subject name does not match (more details in debug mode).
11:39:06.855 [pool-7-thread-16] INFO eu.europa.esig.dss.spi.x509.TokenIssuerSelector - CERT ISSUER    : c=lu,ou=pki-test,o=nowina solutions,cn=external-ca
11:39:06.855 [pool-7-thread-16] INFO eu.europa.esig.dss.spi.x509.TokenIssuerSelector - ISSUER SUBJECT : c=lu,ou=pki-test,o=nowina solutions,cn=external-ca-alternative
11:39:06.855 [pool-7-thread-16] INFO eu.europa.esig.dss.spi.x509.TokenIssuerSelector - The issuer subject name and subject name does not match (more details in debug mode).
11:39:06.855 [pool-7-thread-16] INFO eu.europa.esig.dss.spi.x509.TokenIssuerSelector - CERT ISSUER    : c=lu,ou=pki-test,o=nowina solutions,cn=external-ca
11:39:06.855 [pool-7-thread-16] INFO eu.europa.esig.dss.spi.x509.TokenIssuerSelector - ISSUER SUBJECT : c=lu,ou=pki-test,o=nowina solutions,cn=external-ca-alternative
11:39:06.857 [pool-7-thread-10] WARN eu.europa.esig.dss.spi.x509.TokenIssuerSelector - No issuer found for the token creation date. The process continues with an issuer which has the same public key.
11:39:06.858 [pool-7-thread-10] WARN eu.europa.esig.dss.spi.x509.TokenIssuerSelector - No issuer found for the token creation date. The process continues with an issuer which has the same public key.
11:39:06.860 [pool-7-thread-16] WARN eu.europa.esig.dss.spi.x509.TokenIssuerSelector - No issuer found for the token creation date. The process continues with an issuer which has the same public key.
11:39:06.861 [pool-7-thread-16] WARN eu.europa.esig.dss.spi.x509.TokenIssuerSelector - No issuer found for the token creation date. The process continues with an issuer which has the same public key.
11:39:06.866 [pool-7-thread-16] INFO eu.europa.esig.dss.spi.x509.TokenIssuerSelector - The issuer subject name and subject name does not match (more details in debug mode).
11:39:06.866 [pool-7-thread-16] INFO eu.europa.esig.dss.spi.x509.TokenIssuerSelector - CERT ISSUER    : c=lu,ou=pki-test,o=nowina solutions,cn=external-ca
11:39:06.866 [pool-7-thread-16] INFO eu.europa.esig.dss.spi.x509.TokenIssuerSelector - ISSUER SUBJECT : c=lu,ou=pki-test,o=nowina solutions,cn=external-ca-alternative
11:39:06.866 [pool-7-thread-16] INFO eu.europa.esig.dss.spi.x509.TokenIssuerSelector - The issuer subject name and subject name does not match (more details in debug mode).
11:39:06.866 [pool-7-thread-16] INFO eu.europa.esig.dss.spi.x509.TokenIssuerSelector - CERT ISSUER    : c=lu,ou=pki-test,o=nowina solutions,cn=external-ca
11:39:06.866 [pool-7-thread-16] INFO eu.europa.esig.dss.spi.x509.TokenIssuerSelector - ISSUER SUBJECT : c=lu,ou=pki-test,o=nowina solutions,cn=external-ca-alternative
11:39:06.866 [pool-7-thread-16] INFO eu.europa.esig.dss.spi.x509.TokenIssuerSelector - The issuer subject name and subject name does not match (more details in debug mode).
11:39:06.866 [pool-7-thread-16] INFO eu.europa.esig.dss.spi.x509.TokenIssuerSelector - CERT ISSUER    : c=lu,ou=pki-test,o=nowina solutions,cn=external-ca
11:39:06.866 [pool-7-thread-16] INFO eu.europa.esig.dss.spi.x509.TokenIssuerSelector - ISSUER SUBJECT : c=lu,ou=pki-test,o=nowina solutions,cn=external-ca-alternative
11:39:06.870 [pool-7-thread-16] WARN eu.europa.esig.dss.spi.x509.TokenIssuerSelector - No issuer found for the token creation date. The process continues with an issuer which has the same public key.
11:39:06.870 [pool-7-thread-16] WARN eu.europa.esig.dss.spi.x509.TokenIssuerSelector - No issuer found for the token creation date. The process continues with an issuer which has the same public key.
11:39:06.872 [pool-7-thread-16] INFO eu.europa.esig.dss.spi.x509.TokenIssuerSelector - The issuer subject name and subject name does not match (more details in debug mode).
11:39:06.872 [pool-7-thread-16] INFO eu.europa.esig.dss.spi.x509.TokenIssuerSelector - CERT ISSUER    : c=lu,ou=pki-test,o=nowina solutions,cn=external-ca
11:39:06.872 [pool-7-thread-16] INFO eu.europa.esig.dss.spi.x509.TokenIssuerSelector - ISSUER SUBJECT : c=lu,ou=pki-test,o=nowina solutions,cn=external-ca-alternative
11:39:06.873 [pool-7-thread-16] INFO eu.europa.esig.dss.spi.x509.TokenIssuerSelector - The issuer subject name and subject name does not match (more details in debug mode).
11:39:06.873 [pool-7-thread-16] INFO eu.europa.esig.dss.spi.x509.TokenIssuerSelector - CERT ISSUER    : c=lu,ou=pki-test,o=nowina solutions,cn=external-ca
11:39:06.873 [pool-7-thread-16] INFO eu.europa.esig.dss.spi.x509.TokenIssuerSelector - ISSUER SUBJECT : c=lu,ou=pki-test,o=nowina solutions,cn=external-ca-alternative
11:39:06.873 [pool-7-thread-16] INFO eu.europa.esig.dss.spi.x509.TokenIssuerSelector - The issuer subject name and subject name does not match (more details in debug mode).
11:39:06.873 [pool-7-thread-16] INFO eu.europa.esig.dss.spi.x509.TokenIssuerSelector - CERT ISSUER    : c=lu,ou=pki-test,o=nowina solutions,cn=external-ca
11:39:06.873 [pool-7-thread-16] INFO eu.europa.esig.dss.spi.x509.TokenIssuerSelector - ISSUER SUBJECT : c=lu,ou=pki-test,o=nowina solutions,cn=external-ca-alternative
11:39:06.876 [pool-7-thread-5] WARN eu.europa.esig.dss.spi.x509.TokenIssuerSelector - No issuer found for the token creation date. The process continues with an issuer which has the same public key.
11:39:06.877 [pool-7-thread-5] WARN eu.europa.esig.dss.spi.x509.TokenIssuerSelector - No issuer found for the token creation date. The process continues with an issuer which has the same public key.
11:39:06.878 [pool-7-thread-19] WARN eu.europa.esig.dss.spi.x509.TokenIssuerSelector - No issuer found for the token creation date. The process continues with an issuer which has the same public key.
11:39:06.880 [pool-7-thread-19] INFO eu.europa.esig.dss.spi.x509.TokenIssuerSelector - The issuer subject name and subject name does not match (more details in debug mode).
11:39:06.880 [pool-7-thread-19] INFO eu.europa.esig.dss.spi.x509.TokenIssuerSelector - CERT ISSUER    : c=lu,ou=pki-test,o=nowina solutions,cn=external-ca
11:39:06.880 [pool-7-thread-19] INFO eu.europa.esig.dss.spi.x509.TokenIssuerSelector - ISSUER SUBJECT : c=lu,ou=pki-test,o=nowina solutions,cn=external-ca-alternative
11:39:06.880 [pool-7-thread-19] INFO eu.europa.esig.dss.spi.x509.TokenIssuerSelector - The issuer subject name and subject name does not match (more details in debug mode).
11:39:06.880 [pool-7-thread-19] INFO eu.europa.esig.dss.spi.x509.TokenIssuerSelector - CERT ISSUER    : c=lu,ou=pki-test,o=nowina solutions,cn=external-ca
11:39:06.880 [pool-7-thread-19] INFO eu.europa.esig.dss.spi.x509.TokenIssuerSelector - ISSUER SUBJECT : c=lu,ou=pki-test,o=nowina solutions,cn=external-ca-alternative
11:39:06.880 [pool-7-thread-19] INFO eu.europa.esig.dss.spi.x509.TokenIssuerSelector - The issuer subject name and subject name does not match (more details in debug mode).
11:39:06.880 [pool-7-thread-19] INFO eu.europa.esig.dss.spi.x509.TokenIssuerSelector - CERT ISSUER    : c=lu,ou=pki-test,o=nowina solutions,cn=external-ca
11:39:06.880 [pool-7-thread-19] INFO eu.europa.esig.dss.spi.x509.TokenIssuerSelector - ISSUER SUBJECT : c=lu,ou=pki-test,o=nowina solutions,cn=external-ca-alternative
11:39:06.882 [pool-7-thread-20] WARN eu.europa.esig.dss.spi.x509.TokenIssuerSelector - No issuer found for the token creation date. The process continues with an issuer which has the same public key.
11:39:06.883 [pool-7-thread-38] WARN eu.europa.esig.dss.spi.x509.TokenIssuerSelector - No issuer found for the token creation date. The process continues with an issuer which has the same public key.
11:39:06.883 [pool-7-thread-1] WARN eu.europa.esig.dss.spi.x509.TokenIssuerSelector - No issuer found for the token creation date. The process continues with an issuer which has the same public key.
11:39:06.884 [pool-7-thread-2] WARN eu.europa.esig.dss.spi.x509.TokenIssuerSelector - No issuer found for the token creation date. The process continues with an issuer which has the same public key.
11:39:06.885 [pool-7-thread-9] WARN eu.europa.esig.dss.spi.x509.TokenIssuerSelector - No issuer found for the token creation date. The process continues with an issuer which has the same public key.
11:39:06.886 [pool-7-thread-25] INFO eu.europa.esig.dss.spi.x509.TokenIssuerSelector - The issuer subject name and subject name does not match (more details in debug mode).
11:39:06.887 [pool-7-thread-25] INFO eu.europa.esig.dss.spi.x509.TokenIssuerSelector - CERT ISSUER    : c=lu,ou=pki-test,o=nowina solutions,cn=external-ca
11:39:06.887 [pool-7-thread-25] INFO eu.europa.esig.dss.spi.x509.TokenIssuerSelector - ISSUER SUBJECT : c=lu,ou=pki-test,o=nowina solutions,cn=external-ca-alternative
11:39:06.887 [pool-7-thread-25] INFO eu.europa.esig.dss.spi.x509.TokenIssuerSelector - The issuer subject name and subject name does not match (more details in debug mode).
11:39:06.887 [pool-7-thread-25] INFO eu.europa.esig.dss.spi.x509.TokenIssuerSelector - CERT ISSUER    : c=lu,ou=pki-test,o=nowina solutions,cn=external-ca
11:39:06.887 [pool-7-thread-25] INFO eu.europa.esig.dss.spi.x509.TokenIssuerSelector - ISSUER SUBJECT : c=lu,ou=pki-test,o=nowina solutions,cn=external-ca-alternative
11:39:06.887 [pool-7-thread-57] WARN eu.europa.esig.dss.spi.x509.TokenIssuerSelector - No issuer found for the token creation date. The process continues with an issuer which has the same public key.
11:39:06.887 [pool-7-thread-25] INFO eu.europa.esig.dss.spi.x509.TokenIssuerSelector - The issuer subject name and subject name does not match (more details in debug mode).
11:39:06.887 [pool-7-thread-25] INFO eu.europa.esig.dss.spi.x509.TokenIssuerSelector - CERT ISSUER    : c=lu,ou=pki-test,o=nowina solutions,cn=external-ca
11:39:06.887 [pool-7-thread-25] INFO eu.europa.esig.dss.spi.x509.TokenIssuerSelector - ISSUER SUBJECT : c=lu,ou=pki-test,o=nowina solutions,cn=external-ca-alternative
11:39:06.888 [pool-7-thread-37] WARN eu.europa.esig.dss.spi.x509.TokenIssuerSelector - No issuer found for the token creation date. The process continues with an issuer which has the same public key.
11:39:06.890 [pool-7-thread-24] INFO eu.europa.esig.dss.spi.x509.TokenIssuerSelector - The issuer subject name and subject name does not match (more details in debug mode).
11:39:06.890 [pool-7-thread-24] INFO eu.europa.esig.dss.spi.x509.TokenIssuerSelector - CERT ISSUER    : c=lu,ou=pki-test,o=nowina solutions,cn=external-ca
11:39:06.890 [pool-7-thread-24] INFO eu.europa.esig.dss.spi.x509.TokenIssuerSelector - ISSUER SUBJECT : c=lu,ou=pki-test,o=nowina solutions,cn=external-ca-alternative
11:39:06.890 [pool-7-thread-24] INFO eu.europa.esig.dss.spi.x509.TokenIssuerSelector - The issuer subject name and subject name does not match (more details in debug mode).
11:39:06.890 [pool-7-thread-24] INFO eu.europa.esig.dss.spi.x509.TokenIssuerSelector - CERT ISSUER    : c=lu,ou=pki-test,o=nowina solutions,cn=external-ca
11:39:06.890 [pool-7-thread-24] INFO eu.europa.esig.dss.spi.x509.TokenIssuerSelector - ISSUER SUBJECT : c=lu,ou=pki-test,o=nowina solutions,cn=external-ca-alternative
11:39:06.890 [pool-7-thread-24] INFO eu.europa.esig.dss.spi.x509.TokenIssuerSelector - The issuer subject name and subject name does not match (more details in debug mode).
11:39:06.890 [pool-7-thread-24] INFO eu.europa.esig.dss.spi.x509.TokenIssuerSelector - CERT ISSUER    : c=lu,ou=pki-test,o=nowina solutions,cn=external-ca
11:39:06.890 [pool-7-thread-24] INFO eu.europa.esig.dss.spi.x509.TokenIssuerSelector - ISSUER SUBJECT : c=lu,ou=pki-test,o=nowina solutions,cn=external-ca-alternative
11:39:06.891 [pool-7-thread-17] INFO eu.europa.esig.dss.spi.x509.TokenIssuerSelector - The issuer subject name and subject name does not match (more details in debug mode).
11:39:06.891 [pool-7-thread-17] INFO eu.europa.esig.dss.spi.x509.TokenIssuerSelector - CERT ISSUER    : c=lu,ou=pki-test,o=nowina solutions,cn=external-ca
11:39:06.891 [pool-7-thread-17] INFO eu.europa.esig.dss.spi.x509.TokenIssuerSelector - ISSUER SUBJECT : c=lu,ou=pki-test,o=nowina solutions,cn=external-ca-alternative
11:39:06.891 [pool-7-thread-17] INFO eu.europa.esig.dss.spi.x509.TokenIssuerSelector - The issuer subject name and subject name does not match (more details in debug mode).
11:39:06.891 [pool-7-thread-17] INFO eu.europa.esig.dss.spi.x509.TokenIssuerSelector - CERT ISSUER    : c=lu,ou=pki-test,o=nowina solutions,cn=external-ca
11:39:06.891 [pool-7-thread-17] INFO eu.europa.esig.dss.spi.x509.TokenIssuerSelector - ISSUER SUBJECT : c=lu,ou=pki-test,o=nowina solutions,cn=external-ca-alternative
11:39:06.891 [pool-7-thread-17] INFO eu.europa.esig.dss.spi.x509.TokenIssuerSelector - The issuer subject name and subject name does not match (more details in debug mode).
11:39:06.891 [pool-7-thread-17] INFO eu.europa.esig.dss.spi.x509.TokenIssuerSelector - CERT ISSUER    : c=lu,ou=pki-test,o=nowina solutions,cn=external-ca
11:39:06.891 [pool-7-thread-17] INFO eu.europa.esig.dss.spi.x509.TokenIssuerSelector - ISSUER SUBJECT : c=lu,ou=pki-test,o=nowina solutions,cn=external-ca-alternative
11:39:06.892 [pool-7-thread-12] INFO eu.europa.esig.dss.spi.x509.TokenIssuerSelector - The issuer subject name and subject name does not match (more details in debug mode).
11:39:06.892 [pool-7-thread-12] INFO eu.europa.esig.dss.spi.x509.TokenIssuerSelector - CERT ISSUER    : c=lu,ou=pki-test,o=nowina solutions,cn=external-ca
11:39:06.892 [pool-7-thread-12] INFO eu.europa.esig.dss.spi.x509.TokenIssuerSelector - ISSUER SUBJECT : c=lu,ou=pki-test,o=nowina solutions,cn=external-ca-alternative
11:39:06.892 [pool-7-thread-12] INFO eu.europa.esig.dss.spi.x509.TokenIssuerSelector - The issuer subject name and subject name does not match (more details in debug mode).
11:39:06.892 [pool-7-thread-12] INFO eu.europa.esig.dss.spi.x509.TokenIssuerSelector - CERT ISSUER    : c=lu,ou=pki-test,o=nowina solutions,cn=external-ca
11:39:06.892 [pool-7-thread-12] INFO eu.europa.esig.dss.spi.x509.TokenIssuerSelector - ISSUER SUBJECT : c=lu,ou=pki-test,o=nowina solutions,cn=external-ca-alternative
11:39:06.892 [pool-7-thread-12] INFO eu.europa.esig.dss.spi.x509.TokenIssuerSelector - The issuer subject name and subject name does not match (more details in debug mode).
11:39:06.892 [pool-7-thread-12] INFO eu.europa.esig.dss.spi.x509.TokenIssuerSelector - CERT ISSUER    : c=lu,ou=pki-test,o=nowina solutions,cn=external-ca
11:39:06.892 [pool-7-thread-12] INFO eu.europa.esig.dss.spi.x509.TokenIssuerSelector - ISSUER SUBJECT : c=lu,ou=pki-test,o=nowina solutions,cn=external-ca-alternative
11:39:06.892 [pool-7-thread-37] WARN eu.europa.esig.dss.spi.x509.TokenIssuerSelector - No issuer found for the token creation date. The process continues with an issuer which has the same public key.
11:39:06.893 [pool-7-thread-15] WARN eu.europa.esig.dss.spi.x509.TokenIssuerSelector - No issuer found for the token creation date. The process continues with an issuer which has the same public key.
11:39:06.893 [pool-7-thread-15] WARN eu.europa.esig.dss.spi.x509.TokenIssuerSelector - No issuer found for the token creation date. The process continues with an issuer which has the same public key.
11:39:06.895 [pool-7-thread-15] INFO eu.europa.esig.dss.spi.x509.TokenIssuerSelector - The issuer subject name and subject name does not match (more details in debug mode).
11:39:06.895 [pool-7-thread-15] INFO eu.europa.esig.dss.spi.x509.TokenIssuerSelector - CERT ISSUER    : c=lu,ou=pki-test,o=nowina solutions,cn=external-ca
11:39:06.895 [pool-7-thread-15] INFO eu.europa.esig.dss.spi.x509.TokenIssuerSelector - ISSUER SUBJECT : c=lu,ou=pki-test,o=nowina solutions,cn=external-ca-alternative
11:39:06.895 [pool-7-thread-15] INFO eu.europa.esig.dss.spi.x509.TokenIssuerSelector - The issuer subject name and subject name does not match (more details in debug mode).
11:39:06.895 [pool-7-thread-15] INFO eu.europa.esig.dss.spi.x509.TokenIssuerSelector - CERT ISSUER    : c=lu,ou=pki-test,o=nowina solutions,cn=external-ca
11:39:06.895 [pool-7-thread-15] INFO eu.europa.esig.dss.spi.x509.TokenIssuerSelector - ISSUER SUBJECT : c=lu,ou=pki-test,o=nowina solutions,cn=external-ca-alternative
11:39:06.895 [pool-7-thread-15] INFO eu.europa.esig.dss.spi.x509.TokenIssuerSelector - The issuer subject name and subject name does not match (more details in debug mode).
11:39:06.896 [pool-7-thread-15] INFO eu.europa.esig.dss.spi.x509.TokenIssuerSelector - CERT ISSUER    : c=lu,ou=pki-test,o=nowina solutions,cn=external-ca
11:39:06.896 [pool-7-thread-15] INFO eu.europa.esig.dss.spi.x509.TokenIssuerSelector - ISSUER SUBJECT : c=lu,ou=pki-test,o=nowina solutions,cn=external-ca-alternative
11:39:06.897 [pool-7-thread-12] WARN eu.europa.esig.dss.spi.x509.TokenIssuerSelector - No issuer found for the token creation date. The process continues with an issuer which has the same public key.
11:39:06.897 [pool-7-thread-27] WARN eu.europa.esig.dss.spi.x509.TokenIssuerSelector - No issuer found for the token creation date. The process continues with an issuer which has the same public key.
11:39:06.899 [pool-7-thread-8] WARN eu.europa.esig.dss.spi.x509.TokenIssuerSelector - No issuer found for the token creation date. The process continues with an issuer which has the same public key.
11:39:06.899 [pool-7-thread-9] INFO eu.europa.esig.dss.spi.x509.TokenIssuerSelector - The issuer subject name and subject name does not match (more details in debug mode).
11:39:06.899 [pool-7-thread-9] INFO eu.europa.esig.dss.spi.x509.TokenIssuerSelector - CERT ISSUER    : c=lu,ou=pki-test,o=nowina solutions,cn=external-ca
11:39:06.900 [pool-7-thread-9] INFO eu.europa.esig.dss.spi.x509.TokenIssuerSelector - ISSUER SUBJECT : c=lu,ou=pki-test,o=nowina solutions,cn=external-ca-alternative
11:39:06.900 [pool-7-thread-9] INFO eu.europa.esig.dss.spi.x509.TokenIssuerSelector - The issuer subject name and subject name does not match (more details in debug mode).
11:39:06.900 [pool-7-thread-9] INFO eu.europa.esig.dss.spi.x509.TokenIssuerSelector - CERT ISSUER    : c=lu,ou=pki-test,o=nowina solutions,cn=external-ca
11:39:06.900 [pool-7-thread-9] INFO eu.europa.esig.dss.spi.x509.TokenIssuerSelector - ISSUER SUBJECT : c=lu,ou=pki-test,o=nowina solutions,cn=external-ca-alternative
11:39:06.900 [pool-7-thread-9] INFO eu.europa.esig.dss.spi.x509.TokenIssuerSelector - The issuer subject name and subject name does not match (more details in debug mode).
11:39:06.900 [pool-7-thread-9] INFO eu.europa.esig.dss.spi.x509.TokenIssuerSelector - CERT ISSUER    : c=lu,ou=pki-test,o=nowina solutions,cn=external-ca
11:39:06.900 [pool-7-thread-9] INFO eu.europa.esig.dss.spi.x509.TokenIssuerSelector - ISSUER SUBJECT : c=lu,ou=pki-test,o=nowina solutions,cn=external-ca-alternative
11:39:06.901 [pool-7-thread-2] INFO eu.europa.esig.dss.spi.x509.TokenIssuerSelector - The issuer subject name and subject name does not match (more details in debug mode).
11:39:06.901 [pool-7-thread-2] INFO eu.europa.esig.dss.spi.x509.TokenIssuerSelector - CERT ISSUER    : c=lu,ou=pki-test,o=nowina solutions,cn=external-ca
11:39:06.901 [pool-7-thread-2] INFO eu.europa.esig.dss.spi.x509.TokenIssuerSelector - ISSUER SUBJECT : c=lu,ou=pki-test,o=nowina solutions,cn=external-ca-alternative
11:39:06.902 [pool-7-thread-2] INFO eu.europa.esig.dss.spi.x509.TokenIssuerSelector - The issuer subject name and subject name does not match (more details in debug mode).
11:39:06.902 [pool-7-thread-2] INFO eu.europa.esig.dss.spi.x509.TokenIssuerSelector - CERT ISSUER    : c=lu,ou=pki-test,o=nowina solutions,cn=external-ca
11:39:06.902 [pool-7-thread-2] INFO eu.europa.esig.dss.spi.x509.TokenIssuerSelector - ISSUER SUBJECT : c=lu,ou=pki-test,o=nowina solutions,cn=external-ca-alternative
11:39:06.902 [pool-7-thread-2] INFO eu.europa.esig.dss.spi.x509.TokenIssuerSelector - The issuer subject name and subject name does not match (more details in debug mode).
11:39:06.902 [pool-7-thread-2] INFO eu.europa.esig.dss.spi.x509.TokenIssuerSelector - CERT ISSUER    : c=lu,ou=pki-test,o=nowina solutions,cn=external-ca
11:39:06.902 [pool-7-thread-2] INFO eu.europa.esig.dss.spi.x509.TokenIssuerSelector - ISSUER SUBJECT : c=lu,ou=pki-test,o=nowina solutions,cn=external-ca-alternative
11:39:06.904 [pool-7-thread-1] WARN eu.europa.esig.dss.spi.x509.TokenIssuerSelector - No issuer found for the token creation date. The process continues with an issuer which has the same public key.
11:39:06.907 [pool-7-thread-1] INFO eu.europa.esig.dss.spi.x509.TokenIssuerSelector - The issuer subject name and subject name does not match (more details in debug mode).
11:39:06.907 [pool-7-thread-1] INFO eu.europa.esig.dss.spi.x509.TokenIssuerSelector - CERT ISSUER    : c=lu,ou=pki-test,o=nowina solutions,cn=external-ca
11:39:06.907 [pool-7-thread-1] INFO eu.europa.esig.dss.spi.x509.TokenIssuerSelector - ISSUER SUBJECT : c=lu,ou=pki-test,o=nowina solutions,cn=external-ca-alternative
11:39:06.907 [pool-7-thread-1] INFO eu.europa.esig.dss.spi.x509.TokenIssuerSelector - The issuer subject name and subject name does not match (more details in debug mode).
11:39:06.907 [pool-7-thread-1] INFO eu.europa.esig.dss.spi.x509.TokenIssuerSelector - CERT ISSUER    : c=lu,ou=pki-test,o=nowina solutions,cn=external-ca
11:39:06.908 [pool-7-thread-1] INFO eu.europa.esig.dss.spi.x509.TokenIssuerSelector - ISSUER SUBJECT : c=lu,ou=pki-test,o=nowina solutions,cn=external-ca-alternative
11:39:06.908 [pool-7-thread-1] INFO eu.europa.esig.dss.spi.x509.TokenIssuerSelector - The issuer subject name and subject name does not match (more details in debug mode).
11:39:06.908 [pool-7-thread-1] INFO eu.europa.esig.dss.spi.x509.TokenIssuerSelector - CERT ISSUER    : c=lu,ou=pki-test,o=nowina solutions,cn=external-ca
11:39:06.908 [pool-7-thread-1] INFO eu.europa.esig.dss.spi.x509.TokenIssuerSelector - ISSUER SUBJECT : c=lu,ou=pki-test,o=nowina solutions,cn=external-ca-alternative
11:39:06.911 [pool-7-thread-38] WARN eu.europa.esig.dss.spi.x509.TokenIssuerSelector - No issuer found for the token creation date. The process continues with an issuer which has the same public key.
11:39:06.915 [pool-7-thread-20] INFO eu.europa.esig.dss.spi.x509.TokenIssuerSelector - The issuer subject name and subject name does not match (more details in debug mode).
11:39:06.915 [pool-7-thread-20] INFO eu.europa.esig.dss.spi.x509.TokenIssuerSelector - CERT ISSUER    : c=lu,ou=pki-test,o=nowina solutions,cn=external-ca
11:39:06.915 [pool-7-thread-20] INFO eu.europa.esig.dss.spi.x509.TokenIssuerSelector - ISSUER SUBJECT : c=lu,ou=pki-test,o=nowina solutions,cn=external-ca-alternative
11:39:06.915 [pool-7-thread-20] INFO eu.europa.esig.dss.spi.x509.TokenIssuerSelector - The issuer subject name and subject name does not match (more details in debug mode).
11:39:06.915 [pool-7-thread-5] INFO eu.europa.esig.dss.spi.x509.TokenIssuerSelector - The issuer subject name and subject name does not match (more details in debug mode).
11:39:06.915 [pool-7-thread-5] INFO eu.europa.esig.dss.spi.x509.TokenIssuerSelector - CERT ISSUER    : c=lu,ou=pki-test,o=nowina solutions,cn=external-ca
11:39:06.915 [pool-7-thread-5] INFO eu.europa.esig.dss.spi.x509.TokenIssuerSelector - ISSUER SUBJECT : c=lu,ou=pki-test,o=nowina solutions,cn=external-ca-alternative
11:39:06.915 [pool-7-thread-7] WARN eu.europa.esig.dss.spi.x509.TokenIssuerSelector - No issuer found for the token creation date. The process continues with an issuer which has the same public key.
11:39:06.915 [pool-7-thread-20] INFO eu.europa.esig.dss.spi.x509.TokenIssuerSelector - CERT ISSUER    : c=lu,ou=pki-test,o=nowina solutions,cn=external-ca
11:39:06.915 [pool-7-thread-5] INFO eu.europa.esig.dss.spi.x509.TokenIssuerSelector - The issuer subject name and subject name does not match (more details in debug mode).
11:39:06.915 [pool-7-thread-20] INFO eu.europa.esig.dss.spi.x509.TokenIssuerSelector - ISSUER SUBJECT : c=lu,ou=pki-test,o=nowina solutions,cn=external-ca-alternative
11:39:06.916 [pool-7-thread-5] INFO eu.europa.esig.dss.spi.x509.TokenIssuerSelector - CERT ISSUER    : c=lu,ou=pki-test,o=nowina solutions,cn=external-ca
11:39:06.916 [pool-7-thread-5] INFO eu.europa.esig.dss.spi.x509.TokenIssuerSelector - ISSUER SUBJECT : c=lu,ou=pki-test,o=nowina solutions,cn=external-ca-alternative
11:39:06.916 [pool-7-thread-20] INFO eu.europa.esig.dss.spi.x509.TokenIssuerSelector - The issuer subject name and subject name does not match (more details in debug mode).
11:39:06.916 [pool-7-thread-20] INFO eu.europa.esig.dss.spi.x509.TokenIssuerSelector - CERT ISSUER    : c=lu,ou=pki-test,o=nowina solutions,cn=external-ca
11:39:06.916 [pool-7-thread-20] INFO eu.europa.esig.dss.spi.x509.TokenIssuerSelector - ISSUER SUBJECT : c=lu,ou=pki-test,o=nowina solutions,cn=external-ca-alternative
11:39:06.916 [pool-7-thread-5] INFO eu.europa.esig.dss.spi.x509.TokenIssuerSelector - The issuer subject name and subject name does not match (more details in debug mode).
11:39:06.916 [pool-7-thread-5] INFO eu.europa.esig.dss.spi.x509.TokenIssuerSelector - CERT ISSUER    : c=lu,ou=pki-test,o=nowina solutions,cn=external-ca
11:39:06.916 [pool-7-thread-5] INFO eu.europa.esig.dss.spi.x509.TokenIssuerSelector - ISSUER SUBJECT : c=lu,ou=pki-test,o=nowina solutions,cn=external-ca-alternative
11:39:06.917 [pool-7-thread-7] WARN eu.europa.esig.dss.spi.x509.TokenIssuerSelector - No issuer found for the token creation date. The process continues with an issuer which has the same public key.
11:39:06.922 [pool-7-thread-42] WARN eu.europa.esig.dss.spi.x509.TokenIssuerSelector - No issuer found for the token creation date. The process continues with an issuer which has the same public key.
11:39:06.923 [pool-7-thread-5] WARN eu.europa.esig.dss.spi.x509.TokenIssuerSelector - No issuer found for the token creation date. The process continues with an issuer which has the same public key.
11:39:06.923 [pool-7-thread-10] INFO eu.europa.esig.dss.spi.x509.TokenIssuerSelector - The issuer subject name and subject name does not match (more details in debug mode).
11:39:06.923 [pool-7-thread-10] INFO eu.europa.esig.dss.spi.x509.TokenIssuerSelector - CERT ISSUER    : c=lu,ou=pki-test,o=nowina solutions,cn=external-ca
11:39:06.923 [pool-7-thread-10] INFO eu.europa.esig.dss.spi.x509.TokenIssuerSelector - ISSUER SUBJECT : c=lu,ou=pki-test,o=nowina solutions,cn=external-ca-alternative
11:39:06.923 [pool-7-thread-10] INFO eu.europa.esig.dss.spi.x509.TokenIssuerSelector - The issuer subject name and subject name does not match (more details in debug mode).
11:39:06.923 [pool-7-thread-10] INFO eu.europa.esig.dss.spi.x509.TokenIssuerSelector - CERT ISSUER    : c=lu,ou=pki-test,o=nowina solutions,cn=external-ca
11:39:06.923 [pool-7-thread-10] INFO eu.europa.esig.dss.spi.x509.TokenIssuerSelector - ISSUER SUBJECT : c=lu,ou=pki-test,o=nowina solutions,cn=external-ca-alternative
11:39:06.923 [pool-7-thread-10] INFO eu.europa.esig.dss.spi.x509.TokenIssuerSelector - The issuer subject name and subject name does not match (more details in debug mode).
11:39:06.923 [pool-7-thread-10] INFO eu.europa.esig.dss.spi.x509.TokenIssuerSelector - CERT ISSUER    : c=lu,ou=pki-test,o=nowina solutions,cn=external-ca
11:39:06.923 [pool-7-thread-10] INFO eu.europa.esig.dss.spi.x509.TokenIssuerSelector - ISSUER SUBJECT : c=lu,ou=pki-test,o=nowina solutions,cn=external-ca-alternative
11:39:06.925 [pool-7-thread-34] INFO eu.europa.esig.dss.spi.x509.TokenIssuerSelector - The issuer subject name and subject name does not match (more details in debug mode).
11:39:06.925 [pool-7-thread-34] INFO eu.europa.esig.dss.spi.x509.TokenIssuerSelector - CERT ISSUER    : c=lu,ou=pki-test,o=nowina solutions,cn=external-ca
11:39:06.925 [pool-7-thread-34] INFO eu.europa.esig.dss.spi.x509.TokenIssuerSelector - ISSUER SUBJECT : c=lu,ou=pki-test,o=nowina solutions,cn=external-ca-alternative
11:39:06.925 [pool-7-thread-34] INFO eu.europa.esig.dss.spi.x509.TokenIssuerSelector - The issuer subject name and subject name does not match (more details in debug mode).
11:39:06.925 [pool-7-thread-34] INFO eu.europa.esig.dss.spi.x509.TokenIssuerSelector - CERT ISSUER    : c=lu,ou=pki-test,o=nowina solutions,cn=external-ca
11:39:06.925 [pool-7-thread-34] INFO eu.europa.esig.dss.spi.x509.TokenIssuerSelector - ISSUER SUBJECT : c=lu,ou=pki-test,o=nowina solutions,cn=external-ca-alternative
11:39:06.925 [pool-7-thread-34] INFO eu.europa.esig.dss.spi.x509.TokenIssuerSelector - The issuer subject name and subject name does not match (more details in debug mode).
11:39:06.925 [pool-7-thread-34] INFO eu.europa.esig.dss.spi.x509.TokenIssuerSelector - CERT ISSUER    : c=lu,ou=pki-test,o=nowina solutions,cn=external-ca
11:39:06.925 [pool-7-thread-34] INFO eu.europa.esig.dss.spi.x509.TokenIssuerSelector - ISSUER SUBJECT : c=lu,ou=pki-test,o=nowina solutions,cn=external-ca-alternative
11:39:06.926 [pool-7-thread-18] WARN eu.europa.esig.dss.spi.x509.TokenIssuerSelector - No issuer found for the token creation date. The process continues with an issuer which has the same public key.
11:39:06.927 [pool-7-thread-18] WARN eu.europa.esig.dss.spi.x509.TokenIssuerSelector - No issuer found for the token creation date. The process continues with an issuer which has the same public key.
11:39:06.929 [pool-7-thread-26] WARN eu.europa.esig.dss.spi.x509.TokenIssuerSelector - No issuer found for the token creation date. The process continues with an issuer which has the same public key.
11:39:06.930 [pool-7-thread-26] WARN eu.europa.esig.dss.spi.x509.TokenIssuerSelector - No issuer found for the token creation date. The process continues with an issuer which has the same public key.
11:39:06.930 [pool-7-thread-18] INFO eu.europa.esig.dss.spi.x509.TokenIssuerSelector - The issuer subject name and subject name does not match (more details in debug mode).
11:39:06.930 [pool-7-thread-18] INFO eu.europa.esig.dss.spi.x509.TokenIssuerSelector - CERT ISSUER    : c=lu,ou=pki-test,o=nowina solutions,cn=external-ca
11:39:06.931 [pool-7-thread-18] INFO eu.europa.esig.dss.spi.x509.TokenIssuerSelector - ISSUER SUBJECT : c=lu,ou=pki-test,o=nowina solutions,cn=external-ca-alternative
11:39:06.931 [pool-7-thread-18] INFO eu.europa.esig.dss.spi.x509.TokenIssuerSelector - The issuer subject name and subject name does not match (more details in debug mode).
11:39:06.931 [pool-7-thread-18] INFO eu.europa.esig.dss.spi.x509.TokenIssuerSelector - CERT ISSUER    : c=lu,ou=pki-test,o=nowina solutions,cn=external-ca
11:39:06.931 [pool-7-thread-18] INFO eu.europa.esig.dss.spi.x509.TokenIssuerSelector - ISSUER SUBJECT : c=lu,ou=pki-test,o=nowina solutions,cn=external-ca-alternative
11:39:06.931 [pool-7-thread-18] INFO eu.europa.esig.dss.spi.x509.TokenIssuerSelector - The issuer subject name and subject name does not match (more details in debug mode).
11:39:06.931 [pool-7-thread-18] INFO eu.europa.esig.dss.spi.x509.TokenIssuerSelector - CERT ISSUER    : c=lu,ou=pki-test,o=nowina solutions,cn=external-ca
11:39:06.931 [pool-7-thread-18] INFO eu.europa.esig.dss.spi.x509.TokenIssuerSelector - ISSUER SUBJECT : c=lu,ou=pki-test,o=nowina solutions,cn=external-ca-alternative
11:39:06.932 [pool-7-thread-26] INFO eu.europa.esig.dss.spi.x509.TokenIssuerSelector - The issuer subject name and subject name does not match (more details in debug mode).
11:39:06.932 [pool-7-thread-26] INFO eu.europa.esig.dss.spi.x509.TokenIssuerSelector - CERT ISSUER    : c=lu,ou=pki-test,o=nowina solutions,cn=external-ca
11:39:06.932 [pool-7-thread-26] INFO eu.europa.esig.dss.spi.x509.TokenIssuerSelector - ISSUER SUBJECT : c=lu,ou=pki-test,o=nowina solutions,cn=external-ca-alternative
11:39:06.932 [pool-7-thread-26] INFO eu.europa.esig.dss.spi.x509.TokenIssuerSelector - The issuer subject name and subject name does not match (more details in debug mode).
11:39:06.932 [pool-7-thread-26] INFO eu.europa.esig.dss.spi.x509.TokenIssuerSelector - CERT ISSUER    : c=lu,ou=pki-test,o=nowina solutions,cn=external-ca
11:39:06.932 [pool-7-thread-26] INFO eu.europa.esig.dss.spi.x509.TokenIssuerSelector - ISSUER SUBJECT : c=lu,ou=pki-test,o=nowina solutions,cn=external-ca-alternative
11:39:06.932 [pool-7-thread-26] INFO eu.europa.esig.dss.spi.x509.TokenIssuerSelector - The issuer subject name and subject name does not match (more details in debug mode).
11:39:06.932 [pool-7-thread-26] INFO eu.europa.esig.dss.spi.x509.TokenIssuerSelector - CERT ISSUER    : c=lu,ou=pki-test,o=nowina solutions,cn=external-ca
11:39:06.932 [pool-7-thread-26] INFO eu.europa.esig.dss.spi.x509.TokenIssuerSelector - ISSUER SUBJECT : c=lu,ou=pki-test,o=nowina solutions,cn=external-ca-alternative
11:39:06.934 [pool-7-thread-18] WARN eu.europa.esig.dss.spi.x509.TokenIssuerSelector - No issuer found for the token creation date. The process continues with an issuer which has the same public key.
11:39:06.935 [pool-7-thread-26] WARN eu.europa.esig.dss.spi.x509.TokenIssuerSelector - No issuer found for the token creation date. The process continues with an issuer which has the same public key.
11:39:06.936 [pool-7-thread-26] WARN eu.europa.esig.dss.spi.x509.TokenIssuerSelector - No issuer found for the token creation date. The process continues with an issuer which has the same public key.
11:39:06.938 [pool-7-thread-26] INFO eu.europa.esig.dss.spi.x509.TokenIssuerSelector - The issuer subject name and subject name does not match (more details in debug mode).
11:39:06.939 [pool-7-thread-26] INFO eu.europa.esig.dss.spi.x509.TokenIssuerSelector - CERT ISSUER    : c=lu,ou=pki-test,o=nowina solutions,cn=external-ca
11:39:06.939 [pool-7-thread-26] INFO eu.europa.esig.dss.spi.x509.TokenIssuerSelector - ISSUER SUBJECT : c=lu,ou=pki-test,o=nowina solutions,cn=external-ca-alternative
11:39:06.939 [pool-7-thread-26] INFO eu.europa.esig.dss.spi.x509.TokenIssuerSelector - The issuer subject name and subject name does not match (more details in debug mode).
11:39:06.939 [pool-7-thread-26] INFO eu.europa.esig.dss.spi.x509.TokenIssuerSelector - CERT ISSUER    : c=lu,ou=pki-test,o=nowina solutions,cn=external-ca
11:39:06.939 [pool-7-thread-26] INFO eu.europa.esig.dss.spi.x509.TokenIssuerSelector - ISSUER SUBJECT : c=lu,ou=pki-test,o=nowina solutions,cn=external-ca-alternative
11:39:06.939 [pool-7-thread-26] INFO eu.europa.esig.dss.spi.x509.TokenIssuerSelector - The issuer subject name and subject name does not match (more details in debug mode).
11:39:06.939 [pool-7-thread-26] INFO eu.europa.esig.dss.spi.x509.TokenIssuerSelector - CERT ISSUER    : c=lu,ou=pki-test,o=nowina solutions,cn=external-ca
11:39:06.939 [pool-7-thread-26] INFO eu.europa.esig.dss.spi.x509.TokenIssuerSelector - ISSUER SUBJECT : c=lu,ou=pki-test,o=nowina solutions,cn=external-ca-alternative
11:39:06.941 [pool-7-thread-14] WARN eu.europa.esig.dss.spi.x509.TokenIssuerSelector - No issuer found for the token creation date. The process continues with an issuer which has the same public key.
11:39:06.942 [pool-7-thread-26] WARN eu.europa.esig.dss.spi.x509.TokenIssuerSelector - No issuer found for the token creation date. The process continues with an issuer which has the same public key.
11:39:06.944 [pool-7-thread-14] INFO eu.europa.esig.dss.spi.x509.TokenIssuerSelector - The issuer subject name and subject name does not match (more details in debug mode).
11:39:06.944 [pool-7-thread-14] INFO eu.europa.esig.dss.spi.x509.TokenIssuerSelector - CERT ISSUER    : c=lu,ou=pki-test,o=nowina solutions,cn=external-ca
11:39:06.944 [pool-7-thread-14] INFO eu.europa.esig.dss.spi.x509.TokenIssuerSelector - ISSUER SUBJECT : c=lu,ou=pki-test,o=nowina solutions,cn=external-ca-alternative
11:39:06.944 [pool-7-thread-14] INFO eu.europa.esig.dss.spi.x509.TokenIssuerSelector - The issuer subject name and subject name does not match (more details in debug mode).
11:39:06.944 [pool-7-thread-14] INFO eu.europa.esig.dss.spi.x509.TokenIssuerSelector - CERT ISSUER    : c=lu,ou=pki-test,o=nowina solutions,cn=external-ca
11:39:06.944 [pool-7-thread-14] INFO eu.europa.esig.dss.spi.x509.TokenIssuerSelector - ISSUER SUBJECT : c=lu,ou=pki-test,o=nowina solutions,cn=external-ca-alternative
11:39:06.945 [pool-7-thread-14] INFO eu.europa.esig.dss.spi.x509.TokenIssuerSelector - The issuer subject name and subject name does not match (more details in debug mode).
11:39:06.945 [pool-7-thread-14] INFO eu.europa.esig.dss.spi.x509.TokenIssuerSelector - CERT ISSUER    : c=lu,ou=pki-test,o=nowina solutions,cn=external-ca
11:39:06.945 [pool-7-thread-14] INFO eu.europa.esig.dss.spi.x509.TokenIssuerSelector - ISSUER SUBJECT : c=lu,ou=pki-test,o=nowina solutions,cn=external-ca-alternative
11:39:06.949 [pool-7-thread-14] WARN eu.europa.esig.dss.spi.x509.TokenIssuerSelector - No issuer found for the token creation date. The process continues with an issuer which has the same public key.
11:39:06.950 [pool-7-thread-14] WARN eu.europa.esig.dss.spi.x509.TokenIssuerSelector - No issuer found for the token creation date. The process continues with an issuer which has the same public key.
11:39:06.952 [pool-7-thread-14] INFO eu.europa.esig.dss.spi.x509.TokenIssuerSelector - The issuer subject name and subject name does not match (more details in debug mode).
11:39:06.952 [pool-7-thread-14] INFO eu.europa.esig.dss.spi.x509.TokenIssuerSelector - CERT ISSUER    : c=lu,ou=pki-test,o=nowina solutions,cn=external-ca
11:39:06.952 [pool-7-thread-14] INFO eu.europa.esig.dss.spi.x509.TokenIssuerSelector - ISSUER SUBJECT : c=lu,ou=pki-test,o=nowina solutions,cn=external-ca-alternative
11:39:06.952 [pool-7-thread-14] INFO eu.europa.esig.dss.spi.x509.TokenIssuerSelector - The issuer subject name and subject name does not match (more details in debug mode).
11:39:06.952 [pool-7-thread-14] INFO eu.europa.esig.dss.spi.x509.TokenIssuerSelector - CERT ISSUER    : c=lu,ou=pki-test,o=nowina solutions,cn=external-ca
11:39:06.952 [pool-7-thread-14] INFO eu.europa.esig.dss.spi.x509.TokenIssuerSelector - ISSUER SUBJECT : c=lu,ou=pki-test,o=nowina solutions,cn=external-ca-alternative
11:39:06.952 [pool-7-thread-14] INFO eu.europa.esig.dss.spi.x509.TokenIssuerSelector - The issuer subject name and subject name does not match (more details in debug mode).
11:39:06.952 [pool-7-thread-14] INFO eu.europa.esig.dss.spi.x509.TokenIssuerSelector - CERT ISSUER    : c=lu,ou=pki-test,o=nowina solutions,cn=external-ca
11:39:06.952 [pool-7-thread-14] INFO eu.europa.esig.dss.spi.x509.TokenIssuerSelector - ISSUER SUBJECT : c=lu,ou=pki-test,o=nowina solutions,cn=external-ca-alternative
11:39:06.957 [pool-7-thread-14] WARN eu.europa.esig.dss.spi.x509.TokenIssuerSelector - No issuer found for the token creation date. The process continues with an issuer which has the same public key.
11:39:06.957 [pool-7-thread-33] WARN eu.europa.esig.dss.spi.x509.TokenIssuerSelector - No issuer found for the token creation date. The process continues with an issuer which has the same public key.
11:39:06.962 [pool-7-thread-30] WARN eu.europa.esig.dss.spi.x509.TokenIssuerSelector - No issuer found for the token creation date. The process continues with an issuer which has the same public key.
11:39:06.963 [pool-7-thread-22] WARN eu.europa.esig.dss.spi.x509.TokenIssuerSelector - No issuer found for the token creation date. The process continues with an issuer which has the same public key.
11:39:06.964 [pool-7-thread-31] WARN eu.europa.esig.dss.spi.x509.TokenIssuerSelector - No issuer found for the token creation date. The process continues with an issuer which has the same public key.
11:39:06.966 [pool-7-thread-31] INFO eu.europa.esig.dss.spi.x509.TokenIssuerSelector - The issuer subject name and subject name does not match (more details in debug mode).
11:39:06.966 [pool-7-thread-31] INFO eu.europa.esig.dss.spi.x509.TokenIssuerSelector - CERT ISSUER    : c=lu,ou=pki-test,o=nowina solutions,cn=external-ca
11:39:06.967 [pool-7-thread-31] INFO eu.europa.esig.dss.spi.x509.TokenIssuerSelector - ISSUER SUBJECT : c=lu,ou=pki-test,o=nowina solutions,cn=external-ca-alternative
11:39:06.967 [pool-7-thread-31] INFO eu.europa.esig.dss.spi.x509.TokenIssuerSelector - The issuer subject name and subject name does not match (more details in debug mode).
11:39:06.967 [pool-7-thread-31] INFO eu.europa.esig.dss.spi.x509.TokenIssuerSelector - CERT ISSUER    : c=lu,ou=pki-test,o=nowina solutions,cn=external-ca
11:39:06.967 [pool-7-thread-31] INFO eu.europa.esig.dss.spi.x509.TokenIssuerSelector - ISSUER SUBJECT : c=lu,ou=pki-test,o=nowina solutions,cn=external-ca-alternative
11:39:06.967 [pool-7-thread-31] INFO eu.europa.esig.dss.spi.x509.TokenIssuerSelector - The issuer subject name and subject name does not match (more details in debug mode).
11:39:06.967 [pool-7-thread-31] INFO eu.europa.esig.dss.spi.x509.TokenIssuerSelector - CERT ISSUER    : c=lu,ou=pki-test,o=nowina solutions,cn=external-ca
11:39:06.967 [pool-7-thread-31] INFO eu.europa.esig.dss.spi.x509.TokenIssuerSelector - ISSUER SUBJECT : c=lu,ou=pki-test,o=nowina solutions,cn=external-ca-alternative
11:39:06.968 [pool-7-thread-6] INFO eu.europa.esig.dss.spi.x509.TokenIssuerSelector - The issuer subject name and subject name does not match (more details in debug mode).
11:39:06.969 [pool-7-thread-6] INFO eu.europa.esig.dss.spi.x509.TokenIssuerSelector - CERT ISSUER    : c=lu,ou=pki-test,o=nowina solutions,cn=external-ca
11:39:06.969 [pool-7-thread-6] INFO eu.europa.esig.dss.spi.x509.TokenIssuerSelector - ISSUER SUBJECT : c=lu,ou=pki-test,o=nowina solutions,cn=external-ca-alternative
11:39:06.969 [pool-7-thread-6] INFO eu.europa.esig.dss.spi.x509.TokenIssuerSelector - The issuer subject name and subject name does not match (more details in debug mode).
11:39:06.969 [pool-7-thread-6] INFO eu.europa.esig.dss.spi.x509.TokenIssuerSelector - CERT ISSUER    : c=lu,ou=pki-test,o=nowina solutions,cn=external-ca
11:39:06.969 [pool-7-thread-6] INFO eu.europa.esig.dss.spi.x509.TokenIssuerSelector - ISSUER SUBJECT : c=lu,ou=pki-test,o=nowina solutions,cn=external-ca-alternative
11:39:06.969 [pool-7-thread-6] INFO eu.europa.esig.dss.spi.x509.TokenIssuerSelector - The issuer subject name and subject name does not match (more details in debug mode).
11:39:06.969 [pool-7-thread-6] INFO eu.europa.esig.dss.spi.x509.TokenIssuerSelector - CERT ISSUER    : c=lu,ou=pki-test,o=nowina solutions,cn=external-ca
11:39:06.969 [pool-7-thread-6] INFO eu.europa.esig.dss.spi.x509.TokenIssuerSelector - ISSUER SUBJECT : c=lu,ou=pki-test,o=nowina solutions,cn=external-ca-alternative
11:39:06.971 [pool-7-thread-3] WARN eu.europa.esig.dss.spi.x509.TokenIssuerSelector - No issuer found for the token creation date. The process continues with an issuer which has the same public key.
11:39:06.972 [pool-7-thread-11] INFO eu.europa.esig.dss.spi.x509.TokenIssuerSelector - The issuer subject name and subject name does not match (more details in debug mode).
11:39:06.972 [pool-7-thread-11] INFO eu.europa.esig.dss.spi.x509.TokenIssuerSelector - CERT ISSUER    : c=lu,ou=pki-test,o=nowina solutions,cn=external-ca
11:39:06.972 [pool-7-thread-11] INFO eu.europa.esig.dss.spi.x509.TokenIssuerSelector - ISSUER SUBJECT : c=lu,ou=pki-test,o=nowina solutions,cn=external-ca-alternative
11:39:06.972 [pool-7-thread-11] INFO eu.europa.esig.dss.spi.x509.TokenIssuerSelector - The issuer subject name and subject name does not match (more details in debug mode).
11:39:06.972 [pool-7-thread-11] INFO eu.europa.esig.dss.spi.x509.TokenIssuerSelector - CERT ISSUER    : c=lu,ou=pki-test,o=nowina solutions,cn=external-ca
11:39:06.972 [pool-7-thread-11] INFO eu.europa.esig.dss.spi.x509.TokenIssuerSelector - ISSUER SUBJECT : c=lu,ou=pki-test,o=nowina solutions,cn=external-ca-alternative
11:39:06.972 [pool-7-thread-11] INFO eu.europa.esig.dss.spi.x509.TokenIssuerSelector - The issuer subject name and subject name does not match (more details in debug mode).
11:39:06.972 [pool-7-thread-11] INFO eu.europa.esig.dss.spi.x509.TokenIssuerSelector - CERT ISSUER    : c=lu,ou=pki-test,o=nowina solutions,cn=external-ca
11:39:06.972 [pool-7-thread-11] INFO eu.europa.esig.dss.spi.x509.TokenIssuerSelector - ISSUER SUBJECT : c=lu,ou=pki-test,o=nowina solutions,cn=external-ca-alternative
11:39:06.974 [pool-7-thread-3] INFO eu.europa.esig.dss.spi.x509.TokenIssuerSelector - The issuer subject name and subject name does not match (more details in debug mode).
11:39:06.974 [pool-7-thread-3] INFO eu.europa.esig.dss.spi.x509.TokenIssuerSelector - CERT ISSUER    : c=lu,ou=pki-test,o=nowina solutions,cn=external-ca
11:39:06.974 [pool-7-thread-3] INFO eu.europa.esig.dss.spi.x509.TokenIssuerSelector - ISSUER SUBJECT : c=lu,ou=pki-test,o=nowina solutions,cn=external-ca-alternative
11:39:06.974 [pool-7-thread-3] INFO eu.europa.esig.dss.spi.x509.TokenIssuerSelector - The issuer subject name and subject name does not match (more details in debug mode).
11:39:06.974 [pool-7-thread-3] INFO eu.europa.esig.dss.spi.x509.TokenIssuerSelector - CERT ISSUER    : c=lu,ou=pki-test,o=nowina solutions,cn=external-ca
11:39:06.974 [pool-7-thread-3] INFO eu.europa.esig.dss.spi.x509.TokenIssuerSelector - ISSUER SUBJECT : c=lu,ou=pki-test,o=nowina solutions,cn=external-ca-alternative
11:39:06.974 [pool-7-thread-3] INFO eu.europa.esig.dss.spi.x509.TokenIssuerSelector - The issuer subject name and subject name does not match (more details in debug mode).
11:39:06.974 [pool-7-thread-3] INFO eu.europa.esig.dss.spi.x509.TokenIssuerSelector - CERT ISSUER    : c=lu,ou=pki-test,o=nowina solutions,cn=external-ca
11:39:06.974 [pool-7-thread-3] INFO eu.europa.esig.dss.spi.x509.TokenIssuerSelector - ISSUER SUBJECT : c=lu,ou=pki-test,o=nowina solutions,cn=external-ca-alternative
11:39:06.974 [pool-7-thread-6] WARN eu.europa.esig.dss.spi.x509.TokenIssuerSelector - No issuer found for the token creation date. The process continues with an issuer which has the same public key.
11:39:06.975 [pool-7-thread-29] WARN eu.europa.esig.dss.spi.x509.TokenIssuerSelector - No issuer found for the token creation date. The process continues with an issuer which has the same public key.
11:39:06.976 [pool-7-thread-28] WARN eu.europa.esig.dss.spi.x509.TokenIssuerSelector - No issuer found for the token creation date. The process continues with an issuer which has the same public key.
11:39:06.978 [pool-7-thread-30] WARN eu.europa.esig.dss.spi.x509.TokenIssuerSelector - No issuer found for the token creation date. The process continues with an issuer which has the same public key.
11:39:06.978 [pool-7-thread-22] INFO eu.europa.esig.dss.spi.x509.TokenIssuerSelector - The issuer subject name and subject name does not match (more details in debug mode).
11:39:06.978 [pool-7-thread-22] INFO eu.europa.esig.dss.spi.x509.TokenIssuerSelector - CERT ISSUER    : c=lu,ou=pki-test,o=nowina solutions,cn=external-ca
11:39:06.978 [pool-7-thread-22] INFO eu.europa.esig.dss.spi.x509.TokenIssuerSelector - ISSUER SUBJECT : c=lu,ou=pki-test,o=nowina solutions,cn=external-ca-alternative
11:39:06.979 [pool-7-thread-22] INFO eu.europa.esig.dss.spi.x509.TokenIssuerSelector - The issuer subject name and subject name does not match (more details in debug mode).
11:39:06.979 [pool-7-thread-13] WARN eu.europa.esig.dss.spi.x509.TokenIssuerSelector - No issuer found for the token creation date. The process continues with an issuer which has the same public key.
11:39:06.979 [pool-7-thread-22] INFO eu.europa.esig.dss.spi.x509.TokenIssuerSelector - CERT ISSUER    : c=lu,ou=pki-test,o=nowina solutions,cn=external-ca
11:39:06.979 [pool-7-thread-22] INFO eu.europa.esig.dss.spi.x509.TokenIssuerSelector - ISSUER SUBJECT : c=lu,ou=pki-test,o=nowina solutions,cn=external-ca-alternative
11:39:06.979 [pool-7-thread-22] INFO eu.europa.esig.dss.spi.x509.TokenIssuerSelector - The issuer subject name and subject name does not match (more details in debug mode).
11:39:06.979 [pool-7-thread-22] INFO eu.europa.esig.dss.spi.x509.TokenIssuerSelector - CERT ISSUER    : c=lu,ou=pki-test,o=nowina solutions,cn=external-ca
11:39:06.979 [pool-7-thread-22] INFO eu.europa.esig.dss.spi.x509.TokenIssuerSelector - ISSUER SUBJECT : c=lu,ou=pki-test,o=nowina solutions,cn=external-ca-alternative
11:39:06.979 [pool-7-thread-13] WARN eu.europa.esig.dss.spi.x509.TokenIssuerSelector - No issuer found for the token creation date. The process continues with an issuer which has the same public key.
11:39:06.981 [pool-7-thread-21] WARN eu.europa.esig.dss.spi.x509.TokenIssuerSelector - No issuer found for the token creation date. The process continues with an issuer which has the same public key.
11:39:06.982 [pool-7-thread-33] INFO eu.europa.esig.dss.spi.x509.TokenIssuerSelector - The issuer subject name and subject name does not match (more details in debug mode).
11:39:06.982 [pool-7-thread-22] WARN eu.europa.esig.dss.spi.x509.TokenIssuerSelector - No issuer found for the token creation date. The process continues with an issuer which has the same public key.
11:39:06.983 [pool-7-thread-33] INFO eu.europa.esig.dss.spi.x509.TokenIssuerSelector - CERT ISSUER    : c=lu,ou=pki-test,o=nowina solutions,cn=external-ca
11:39:06.983 [pool-7-thread-33] INFO eu.europa.esig.dss.spi.x509.TokenIssuerSelector - ISSUER SUBJECT : c=lu,ou=pki-test,o=nowina solutions,cn=external-ca-alternative
11:39:06.983 [pool-7-thread-33] INFO eu.europa.esig.dss.spi.x509.TokenIssuerSelector - The issuer subject name and subject name does not match (more details in debug mode).
11:39:06.983 [pool-7-thread-33] INFO eu.europa.esig.dss.spi.x509.TokenIssuerSelector - CERT ISSUER    : c=lu,ou=pki-test,o=nowina solutions,cn=external-ca
11:39:06.983 [pool-7-thread-33] INFO eu.europa.esig.dss.spi.x509.TokenIssuerSelector - ISSUER SUBJECT : c=lu,ou=pki-test,o=nowina solutions,cn=external-ca-alternative
11:39:06.983 [pool-7-thread-33] INFO eu.europa.esig.dss.spi.x509.TokenIssuerSelector - The issuer subject name and subject name does not match (more details in debug mode).
11:39:06.983 [pool-7-thread-33] INFO eu.europa.esig.dss.spi.x509.TokenIssuerSelector - CERT ISSUER    : c=lu,ou=pki-test,o=nowina solutions,cn=external-ca
11:39:06.983 [pool-7-thread-33] INFO eu.europa.esig.dss.spi.x509.TokenIssuerSelector - ISSUER SUBJECT : c=lu,ou=pki-test,o=nowina solutions,cn=external-ca-alternative
11:39:06.984 [pool-7-thread-22] WARN eu.europa.esig.dss.spi.x509.TokenIssuerSelector - No issuer found for the token creation date. The process continues with an issuer which has the same public key.
11:39:06.986 [pool-7-thread-14] WARN eu.europa.esig.dss.spi.x509.TokenIssuerSelector - No issuer found for the token creation date. The process continues with an issuer which has the same public key.
11:39:06.986 [pool-7-thread-22] INFO eu.europa.esig.dss.spi.x509.TokenIssuerSelector - The issuer subject name and subject name does not match (more details in debug mode).
11:39:06.986 [pool-7-thread-22] INFO eu.europa.esig.dss.spi.x509.TokenIssuerSelector - CERT ISSUER    : c=lu,ou=pki-test,o=nowina solutions,cn=external-ca
11:39:06.986 [pool-7-thread-22] INFO eu.europa.esig.dss.spi.x509.TokenIssuerSelector - ISSUER SUBJECT : c=lu,ou=pki-test,o=nowina solutions,cn=external-ca-alternative
11:39:06.986 [pool-7-thread-22] INFO eu.europa.esig.dss.spi.x509.TokenIssuerSelector - The issuer subject name and subject name does not match (more details in debug mode).
11:39:06.986 [pool-7-thread-22] INFO eu.europa.esig.dss.spi.x509.TokenIssuerSelector - CERT ISSUER    : c=lu,ou=pki-test,o=nowina solutions,cn=external-ca
11:39:06.986 [pool-7-thread-22] INFO eu.europa.esig.dss.spi.x509.TokenIssuerSelector - ISSUER SUBJECT : c=lu,ou=pki-test,o=nowina solutions,cn=external-ca-alternative
11:39:06.986 [pool-7-thread-22] INFO eu.europa.esig.dss.spi.x509.TokenIssuerSelector - The issuer subject name and subject name does not match (more details in debug mode).
11:39:06.986 [pool-7-thread-22] INFO eu.europa.esig.dss.spi.x509.TokenIssuerSelector - CERT ISSUER    : c=lu,ou=pki-test,o=nowina solutions,cn=external-ca
11:39:06.986 [pool-7-thread-22] INFO eu.europa.esig.dss.spi.x509.TokenIssuerSelector - ISSUER SUBJECT : c=lu,ou=pki-test,o=nowina solutions,cn=external-ca-alternative
11:39:06.988 [pool-7-thread-26] WARN eu.europa.esig.dss.spi.x509.TokenIssuerSelector - No issuer found for the token creation date. The process continues with an issuer which has the same public key.
11:39:06.988 [pool-7-thread-14] INFO eu.europa.esig.dss.spi.x509.TokenIssuerSelector - The issuer subject name and subject name does not match (more details in debug mode).
11:39:06.988 [pool-7-thread-14] INFO eu.europa.esig.dss.spi.x509.TokenIssuerSelector - CERT ISSUER    : c=lu,ou=pki-test,o=nowina solutions,cn=external-ca
11:39:06.988 [pool-7-thread-14] INFO eu.europa.esig.dss.spi.x509.TokenIssuerSelector - ISSUER SUBJECT : c=lu,ou=pki-test,o=nowina solutions,cn=external-ca-alternative
11:39:06.988 [pool-7-thread-14] INFO eu.europa.esig.dss.spi.x509.TokenIssuerSelector - The issuer subject name and subject name does not match (more details in debug mode).
11:39:06.988 [pool-7-thread-14] INFO eu.europa.esig.dss.spi.x509.TokenIssuerSelector - CERT ISSUER    : c=lu,ou=pki-test,o=nowina solutions,cn=external-ca
11:39:06.988 [pool-7-thread-14] INFO eu.europa.esig.dss.spi.x509.TokenIssuerSelector - ISSUER SUBJECT : c=lu,ou=pki-test,o=nowina solutions,cn=external-ca-alternative
11:39:06.988 [pool-7-thread-14] INFO eu.europa.esig.dss.spi.x509.TokenIssuerSelector - The issuer subject name and subject name does not match (more details in debug mode).
11:39:06.988 [pool-7-thread-14] INFO eu.europa.esig.dss.spi.x509.TokenIssuerSelector - CERT ISSUER    : c=lu,ou=pki-test,o=nowina solutions,cn=external-ca
11:39:06.988 [pool-7-thread-14] INFO eu.europa.esig.dss.spi.x509.TokenIssuerSelector - ISSUER SUBJECT : c=lu,ou=pki-test,o=nowina solutions,cn=external-ca-alternative
11:39:06.990 [pool-7-thread-26] INFO eu.europa.esig.dss.spi.x509.TokenIssuerSelector - The issuer subject name and subject name does not match (more details in debug mode).
11:39:06.990 [pool-7-thread-26] INFO eu.europa.esig.dss.spi.x509.TokenIssuerSelector - CERT ISSUER    : c=lu,ou=pki-test,o=nowina solutions,cn=external-ca
11:39:06.990 [pool-7-thread-26] INFO eu.europa.esig.dss.spi.x509.TokenIssuerSelector - ISSUER SUBJECT : c=lu,ou=pki-test,o=nowina solutions,cn=external-ca-alternative
11:39:06.990 [pool-7-thread-26] INFO eu.europa.esig.dss.spi.x509.TokenIssuerSelector - The issuer subject name and subject name does not match (more details in debug mode).
11:39:06.990 [pool-7-thread-26] INFO eu.europa.esig.dss.spi.x509.TokenIssuerSelector - CERT ISSUER    : c=lu,ou=pki-test,o=nowina solutions,cn=external-ca
11:39:06.990 [pool-7-thread-26] INFO eu.europa.esig.dss.spi.x509.TokenIssuerSelector - ISSUER SUBJECT : c=lu,ou=pki-test,o=nowina solutions,cn=external-ca-alternative
11:39:06.990 [pool-7-thread-26] INFO eu.europa.esig.dss.spi.x509.TokenIssuerSelector - The issuer subject name and subject name does not match (more details in debug mode).
11:39:06.990 [pool-7-thread-26] INFO eu.europa.esig.dss.spi.x509.TokenIssuerSelector - CERT ISSUER    : c=lu,ou=pki-test,o=nowina solutions,cn=external-ca
11:39:06.990 [pool-7-thread-26] INFO eu.europa.esig.dss.spi.x509.TokenIssuerSelector - ISSUER SUBJECT : c=lu,ou=pki-test,o=nowina solutions,cn=external-ca-alternative
11:39:06.991 [pool-7-thread-35] WARN eu.europa.esig.dss.spi.x509.TokenIssuerSelector - No issuer found for the token creation date. The process continues with an issuer which has the same public key.
11:39:06.992 [pool-7-thread-35] WARN eu.europa.esig.dss.spi.x509.TokenIssuerSelector - No issuer found for the token creation date. The process continues with an issuer which has the same public key.
11:39:06.995 [pool-7-thread-35] INFO eu.europa.esig.dss.spi.x509.TokenIssuerSelector - The issuer subject name and subject name does not match (more details in debug mode).
11:39:06.995 [pool-7-thread-35] INFO eu.europa.esig.dss.spi.x509.TokenIssuerSelector - CERT ISSUER    : c=lu,ou=pki-test,o=nowina solutions,cn=external-ca
11:39:06.995 [pool-7-thread-35] INFO eu.europa.esig.dss.spi.x509.TokenIssuerSelector - ISSUER SUBJECT : c=lu,ou=pki-test,o=nowina solutions,cn=external-ca-alternative
11:39:06.996 [pool-7-thread-35] INFO eu.europa.esig.dss.spi.x509.TokenIssuerSelector - The issuer subject name and subject name does not match (more details in debug mode).
11:39:06.996 [pool-7-thread-32] WARN eu.europa.esig.dss.spi.x509.TokenIssuerSelector - No issuer found for the token creation date. The process continues with an issuer which has the same public key.
11:39:06.996 [pool-7-thread-35] INFO eu.europa.esig.dss.spi.x509.TokenIssuerSelector - CERT ISSUER    : c=lu,ou=pki-test,o=nowina solutions,cn=external-ca
11:39:06.996 [pool-7-thread-35] INFO eu.europa.esig.dss.spi.x509.TokenIssuerSelector - ISSUER SUBJECT : c=lu,ou=pki-test,o=nowina solutions,cn=external-ca-alternative
11:39:06.996 [pool-7-thread-35] INFO eu.europa.esig.dss.spi.x509.TokenIssuerSelector - The issuer subject name and subject name does not match (more details in debug mode).
11:39:06.996 [pool-7-thread-35] INFO eu.europa.esig.dss.spi.x509.TokenIssuerSelector - CERT ISSUER    : c=lu,ou=pki-test,o=nowina solutions,cn=external-ca
11:39:06.996 [pool-7-thread-35] INFO eu.europa.esig.dss.spi.x509.TokenIssuerSelector - ISSUER SUBJECT : c=lu,ou=pki-test,o=nowina solutions,cn=external-ca-alternative
11:39:06.997 [pool-7-thread-32] WARN eu.europa.esig.dss.spi.x509.TokenIssuerSelector - No issuer found for the token creation date. The process continues with an issuer which has the same public key.
11:39:06.998 [pool-7-thread-32] INFO eu.europa.esig.dss.spi.x509.TokenIssuerSelector - The issuer subject name and subject name does not match (more details in debug mode).
11:39:06.999 [pool-7-thread-35] WARN eu.europa.esig.dss.spi.x509.TokenIssuerSelector - No issuer found for the token creation date. The process continues with an issuer which has the same public key.
11:39:06.999 [pool-7-thread-32] INFO eu.europa.esig.dss.spi.x509.TokenIssuerSelector - CERT ISSUER    : c=lu,ou=pki-test,o=nowina solutions,cn=external-ca
11:39:06.999 [pool-7-thread-32] INFO eu.europa.esig.dss.spi.x509.TokenIssuerSelector - ISSUER SUBJECT : c=lu,ou=pki-test,o=nowina solutions,cn=external-ca-alternative
11:39:06.999 [pool-7-thread-32] INFO eu.europa.esig.dss.spi.x509.TokenIssuerSelector - The issuer subject name and subject name does not match (more details in debug mode).
11:39:06.999 [pool-7-thread-32] INFO eu.europa.esig.dss.spi.x509.TokenIssuerSelector - CERT ISSUER    : c=lu,ou=pki-test,o=nowina solutions,cn=external-ca
11:39:06.999 [pool-7-thread-32] INFO eu.europa.esig.dss.spi.x509.TokenIssuerSelector - ISSUER SUBJECT : c=lu,ou=pki-test,o=nowina solutions,cn=external-ca-alternative
11:39:06.999 [pool-7-thread-32] INFO eu.europa.esig.dss.spi.x509.TokenIssuerSelector - The issuer subject name and subject name does not match (more details in debug mode).
11:39:06.999 [pool-7-thread-32] INFO eu.europa.esig.dss.spi.x509.TokenIssuerSelector - CERT ISSUER    : c=lu,ou=pki-test,o=nowina solutions,cn=external-ca
11:39:06.999 [pool-7-thread-32] INFO eu.europa.esig.dss.spi.x509.TokenIssuerSelector - ISSUER SUBJECT : c=lu,ou=pki-test,o=nowina solutions,cn=external-ca-alternative
11:39:06.999 [pool-7-thread-18] WARN eu.europa.esig.dss.spi.x509.TokenIssuerSelector - No issuer found for the token creation date. The process continues with an issuer which has the same public key.
11:39:07.002 [pool-7-thread-5] WARN eu.europa.esig.dss.spi.x509.TokenIssuerSelector - No issuer found for the token creation date. The process continues with an issuer which has the same public key.
11:39:07.002 [pool-7-thread-42] WARN eu.europa.esig.dss.spi.x509.TokenIssuerSelector - No issuer found for the token creation date. The process continues with an issuer which has the same public key.
11:39:07.006 [pool-7-thread-42] INFO eu.europa.esig.dss.spi.x509.TokenIssuerSelector - The issuer subject name and subject name does not match (more details in debug mode).
11:39:07.007 [pool-7-thread-42] INFO eu.europa.esig.dss.spi.x509.TokenIssuerSelector - CERT ISSUER    : c=lu,ou=pki-test,o=nowina solutions,cn=external-ca
11:39:07.007 [pool-7-thread-42] INFO eu.europa.esig.dss.spi.x509.TokenIssuerSelector - ISSUER SUBJECT : c=lu,ou=pki-test,o=nowina solutions,cn=external-ca-alternative
11:39:07.007 [pool-7-thread-41] WARN eu.europa.esig.dss.spi.x509.TokenIssuerSelector - No issuer found for the token creation date. The process continues with an issuer which has the same public key.
11:39:07.007 [pool-7-thread-42] INFO eu.europa.esig.dss.spi.x509.TokenIssuerSelector - The issuer subject name and subject name does not match (more details in debug mode).
11:39:07.007 [pool-7-thread-42] INFO eu.europa.esig.dss.spi.x509.TokenIssuerSelector - CERT ISSUER    : c=lu,ou=pki-test,o=nowina solutions,cn=external-ca
11:39:07.007 [pool-7-thread-42] INFO eu.europa.esig.dss.spi.x509.TokenIssuerSelector - ISSUER SUBJECT : c=lu,ou=pki-test,o=nowina solutions,cn=external-ca-alternative
11:39:07.007 [pool-7-thread-42] INFO eu.europa.esig.dss.spi.x509.TokenIssuerSelector - The issuer subject name and subject name does not match (more details in debug mode).
11:39:07.007 [pool-7-thread-42] INFO eu.europa.esig.dss.spi.x509.TokenIssuerSelector - CERT ISSUER    : c=lu,ou=pki-test,o=nowina solutions,cn=external-ca
11:39:07.007 [pool-7-thread-42] INFO eu.europa.esig.dss.spi.x509.TokenIssuerSelector - ISSUER SUBJECT : c=lu,ou=pki-test,o=nowina solutions,cn=external-ca-alternative
11:39:07.008 [pool-7-thread-41] WARN eu.europa.esig.dss.spi.x509.TokenIssuerSelector - No issuer found for the token creation date. The process continues with an issuer which has the same public key.
11:39:07.012 [pool-7-thread-7] INFO eu.europa.esig.dss.spi.x509.TokenIssuerSelector - The issuer subject name and subject name does not match (more details in debug mode).
11:39:07.012 [pool-7-thread-7] INFO eu.europa.esig.dss.spi.x509.TokenIssuerSelector - CERT ISSUER    : c=lu,ou=pki-test,o=nowina solutions,cn=external-ca
11:39:07.012 [pool-7-thread-7] INFO eu.europa.esig.dss.spi.x509.TokenIssuerSelector - ISSUER SUBJECT : c=lu,ou=pki-test,o=nowina solutions,cn=external-ca-alternative
11:39:07.012 [pool-7-thread-7] INFO eu.europa.esig.dss.spi.x509.TokenIssuerSelector - The issuer subject name and subject name does not match (more details in debug mode).
11:39:07.012 [pool-7-thread-7] INFO eu.europa.esig.dss.spi.x509.TokenIssuerSelector - CERT ISSUER    : c=lu,ou=pki-test,o=nowina solutions,cn=external-ca
11:39:07.012 [pool-7-thread-7] INFO eu.europa.esig.dss.spi.x509.TokenIssuerSelector - ISSUER SUBJECT : c=lu,ou=pki-test,o=nowina solutions,cn=external-ca-alternative
11:39:07.012 [pool-7-thread-7] INFO eu.europa.esig.dss.spi.x509.TokenIssuerSelector - The issuer subject name and subject name does not match (more details in debug mode).
11:39:07.012 [pool-7-thread-7] INFO eu.europa.esig.dss.spi.x509.TokenIssuerSelector - CERT ISSUER    : c=lu,ou=pki-test,o=nowina solutions,cn=external-ca
11:39:07.012 [pool-7-thread-7] INFO eu.europa.esig.dss.spi.x509.TokenIssuerSelector - ISSUER SUBJECT : c=lu,ou=pki-test,o=nowina solutions,cn=external-ca-alternative
11:39:07.013 [pool-7-thread-38] INFO eu.europa.esig.dss.spi.x509.TokenIssuerSelector - The issuer subject name and subject name does not match (more details in debug mode).
11:39:07.013 [pool-7-thread-38] INFO eu.europa.esig.dss.spi.x509.TokenIssuerSelector - CERT ISSUER    : c=lu,ou=pki-test,o=nowina solutions,cn=external-ca
11:39:07.013 [pool-7-thread-38] INFO eu.europa.esig.dss.spi.x509.TokenIssuerSelector - ISSUER SUBJECT : c=lu,ou=pki-test,o=nowina solutions,cn=external-ca-alternative
11:39:07.013 [pool-7-thread-38] INFO eu.europa.esig.dss.spi.x509.TokenIssuerSelector - The issuer subject name and subject name does not match (more details in debug mode).
11:39:07.013 [pool-7-thread-38] INFO eu.europa.esig.dss.spi.x509.TokenIssuerSelector - CERT ISSUER    : c=lu,ou=pki-test,o=nowina solutions,cn=external-ca
11:39:07.013 [pool-7-thread-19] WARN eu.europa.esig.dss.spi.x509.TokenIssuerSelector - No issuer found for the token creation date. The process continues with an issuer which has the same public key.
11:39:07.013 [pool-7-thread-38] INFO eu.europa.esig.dss.spi.x509.TokenIssuerSelector - ISSUER SUBJECT : c=lu,ou=pki-test,o=nowina solutions,cn=external-ca-alternative
11:39:07.013 [pool-7-thread-38] INFO eu.europa.esig.dss.spi.x509.TokenIssuerSelector - The issuer subject name and subject name does not match (more details in debug mode).
11:39:07.013 [pool-7-thread-38] INFO eu.europa.esig.dss.spi.x509.TokenIssuerSelector - CERT ISSUER    : c=lu,ou=pki-test,o=nowina solutions,cn=external-ca
11:39:07.013 [pool-7-thread-38] INFO eu.europa.esig.dss.spi.x509.TokenIssuerSelector - ISSUER SUBJECT : c=lu,ou=pki-test,o=nowina solutions,cn=external-ca-alternative
11:39:07.015 [pool-7-thread-9] WARN eu.europa.esig.dss.spi.x509.TokenIssuerSelector - No issuer found for the token creation date. The process continues with an issuer which has the same public key.
11:39:07.016 [pool-7-thread-8] WARN eu.europa.esig.dss.spi.x509.TokenIssuerSelector - No issuer found for the token creation date. The process continues with an issuer which has the same public key.
11:39:07.016 [pool-7-thread-27] WARN eu.europa.esig.dss.spi.x509.TokenIssuerSelector - No issuer found for the token creation date. The process continues with an issuer which has the same public key.
11:39:07.018 [pool-7-thread-15] WARN eu.europa.esig.dss.spi.x509.TokenIssuerSelector - No issuer found for the token creation date. The process continues with an issuer which has the same public key.
11:39:07.018 [pool-7-thread-12] WARN eu.europa.esig.dss.spi.x509.TokenIssuerSelector - No issuer found for the token creation date. The process continues with an issuer which has the same public key.
11:39:07.019 [pool-7-thread-17] WARN eu.europa.esig.dss.spi.x509.TokenIssuerSelector - No issuer found for the token creation date. The process continues with an issuer which has the same public key.
11:39:07.021 [pool-7-thread-57] INFO eu.europa.esig.dss.spi.x509.TokenIssuerSelector - The issuer subject name and subject name does not match (more details in debug mode).
11:39:07.022 [pool-7-thread-57] INFO eu.europa.esig.dss.spi.x509.TokenIssuerSelector - CERT ISSUER    : c=lu,ou=pki-test,o=nowina solutions,cn=external-ca
11:39:07.022 [pool-7-thread-57] INFO eu.europa.esig.dss.spi.x509.TokenIssuerSelector - ISSUER SUBJECT : c=lu,ou=pki-test,o=nowina solutions,cn=external-ca-alternative
11:39:07.022 [pool-7-thread-57] INFO eu.europa.esig.dss.spi.x509.TokenIssuerSelector - The issuer subject name and subject name does not match (more details in debug mode).
11:39:07.022 [pool-7-thread-57] INFO eu.europa.esig.dss.spi.x509.TokenIssuerSelector - CERT ISSUER    : c=lu,ou=pki-test,o=nowina solutions,cn=external-ca
11:39:07.022 [pool-7-thread-57] INFO eu.europa.esig.dss.spi.x509.TokenIssuerSelector - ISSUER SUBJECT : c=lu,ou=pki-test,o=nowina solutions,cn=external-ca-alternative
11:39:07.022 [pool-7-thread-24] WARN eu.europa.esig.dss.spi.x509.TokenIssuerSelector - No issuer found for the token creation date. The process continues with an issuer which has the same public key.
11:39:07.022 [pool-7-thread-57] INFO eu.europa.esig.dss.spi.x509.TokenIssuerSelector - The issuer subject name and subject name does not match (more details in debug mode).
11:39:07.022 [pool-7-thread-57] INFO eu.europa.esig.dss.spi.x509.TokenIssuerSelector - CERT ISSUER    : c=lu,ou=pki-test,o=nowina solutions,cn=external-ca
11:39:07.022 [pool-7-thread-57] INFO eu.europa.esig.dss.spi.x509.TokenIssuerSelector - ISSUER SUBJECT : c=lu,ou=pki-test,o=nowina solutions,cn=external-ca-alternative
11:39:07.022 [pool-7-thread-24] WARN eu.europa.esig.dss.spi.x509.TokenIssuerSelector - No issuer found for the token creation date. The process continues with an issuer which has the same public key.
11:39:07.026 [pool-7-thread-24] INFO eu.europa.esig.dss.spi.x509.TokenIssuerSelector - The issuer subject name and subject name does not match (more details in debug mode).
11:39:07.026 [pool-7-thread-24] INFO eu.europa.esig.dss.spi.x509.TokenIssuerSelector - CERT ISSUER    : c=lu,ou=pki-test,o=nowina solutions,cn=external-ca
11:39:07.026 [pool-7-thread-24] INFO eu.europa.esig.dss.spi.x509.TokenIssuerSelector - ISSUER SUBJECT : c=lu,ou=pki-test,o=nowina solutions,cn=external-ca-alternative
11:39:07.026 [pool-7-thread-24] INFO eu.europa.esig.dss.spi.x509.TokenIssuerSelector - The issuer subject name and subject name does not match (more details in debug mode).
11:39:07.026 [pool-7-thread-24] INFO eu.europa.esig.dss.spi.x509.TokenIssuerSelector - CERT ISSUER    : c=lu,ou=pki-test,o=nowina solutions,cn=external-ca
11:39:07.026 [pool-7-thread-24] INFO eu.europa.esig.dss.spi.x509.TokenIssuerSelector - ISSUER SUBJECT : c=lu,ou=pki-test,o=nowina solutions,cn=external-ca-alternative
11:39:07.026 [pool-7-thread-24] INFO eu.europa.esig.dss.spi.x509.TokenIssuerSelector - The issuer subject name and subject name does not match (more details in debug mode).
11:39:07.026 [pool-7-thread-24] INFO eu.europa.esig.dss.spi.x509.TokenIssuerSelector - CERT ISSUER    : c=lu,ou=pki-test,o=nowina solutions,cn=external-ca
11:39:07.026 [pool-7-thread-24] INFO eu.europa.esig.dss.spi.x509.TokenIssuerSelector - ISSUER SUBJECT : c=lu,ou=pki-test,o=nowina solutions,cn=external-ca-alternative
11:39:07.027 [pool-7-thread-57] WARN eu.europa.esig.dss.spi.x509.TokenIssuerSelector - No issuer found for the token creation date. The process continues with an issuer which has the same public key.
11:39:07.030 [pool-7-thread-50] WARN eu.europa.esig.dss.spi.x509.TokenIssuerSelector - No issuer found for the token creation date. The process continues with an issuer which has the same public key.
11:39:07.031 [pool-7-thread-50] WARN eu.europa.esig.dss.spi.x509.TokenIssuerSelector - No issuer found for the token creation date. The process continues with an issuer which has the same public key.
11:39:07.034 [pool-7-thread-50] INFO eu.europa.esig.dss.spi.x509.TokenIssuerSelector - The issuer subject name and subject name does not match (more details in debug mode).
11:39:07.035 [pool-7-thread-50] INFO eu.europa.esig.dss.spi.x509.TokenIssuerSelector - CERT ISSUER    : c=lu,ou=pki-test,o=nowina solutions,cn=external-ca
11:39:07.035 [pool-7-thread-50] INFO eu.europa.esig.dss.spi.x509.TokenIssuerSelector - ISSUER SUBJECT : c=lu,ou=pki-test,o=nowina solutions,cn=external-ca-alternative
11:39:07.035 [pool-7-thread-25] WARN eu.europa.esig.dss.spi.x509.TokenIssuerSelector - No issuer found for the token creation date. The process continues with an issuer which has the same public key.
11:39:07.035 [pool-7-thread-50] INFO eu.europa.esig.dss.spi.x509.TokenIssuerSelector - The issuer subject name and subject name does not match (more details in debug mode).
11:39:07.035 [pool-7-thread-50] INFO eu.europa.esig.dss.spi.x509.TokenIssuerSelector - CERT ISSUER    : c=lu,ou=pki-test,o=nowina solutions,cn=external-ca
11:39:07.035 [pool-7-thread-50] INFO eu.europa.esig.dss.spi.x509.TokenIssuerSelector - ISSUER SUBJECT : c=lu,ou=pki-test,o=nowina solutions,cn=external-ca-alternative
11:39:07.035 [pool-7-thread-50] INFO eu.europa.esig.dss.spi.x509.TokenIssuerSelector - The issuer subject name and subject name does not match (more details in debug mode).
11:39:07.035 [pool-7-thread-50] INFO eu.europa.esig.dss.spi.x509.TokenIssuerSelector - CERT ISSUER    : c=lu,ou=pki-test,o=nowina solutions,cn=external-ca
11:39:07.035 [pool-7-thread-50] INFO eu.europa.esig.dss.spi.x509.TokenIssuerSelector - ISSUER SUBJECT : c=lu,ou=pki-test,o=nowina solutions,cn=external-ca-alternative
11:39:07.035 [pool-7-thread-37] INFO eu.europa.esig.dss.spi.x509.TokenIssuerSelector - The issuer subject name and subject name does not match (more details in debug mode).
11:39:07.035 [pool-7-thread-37] INFO eu.europa.esig.dss.spi.x509.TokenIssuerSelector - CERT ISSUER    : c=lu,ou=pki-test,o=nowina solutions,cn=external-ca
11:39:07.036 [pool-7-thread-37] INFO eu.europa.esig.dss.spi.x509.TokenIssuerSelector - ISSUER SUBJECT : c=lu,ou=pki-test,o=nowina solutions,cn=external-ca-alternative
11:39:07.036 [pool-7-thread-37] INFO eu.europa.esig.dss.spi.x509.TokenIssuerSelector - The issuer subject name and subject name does not match (more details in debug mode).
11:39:07.036 [pool-7-thread-37] INFO eu.europa.esig.dss.spi.x509.TokenIssuerSelector - CERT ISSUER    : c=lu,ou=pki-test,o=nowina solutions,cn=external-ca
11:39:07.036 [pool-7-thread-37] INFO eu.europa.esig.dss.spi.x509.TokenIssuerSelector - ISSUER SUBJECT : c=lu,ou=pki-test,o=nowina solutions,cn=external-ca-alternative
11:39:07.036 [pool-7-thread-37] INFO eu.europa.esig.dss.spi.x509.TokenIssuerSelector - The issuer subject name and subject name does not match (more details in debug mode).
11:39:07.036 [pool-7-thread-37] INFO eu.europa.esig.dss.spi.x509.TokenIssuerSelector - CERT ISSUER    : c=lu,ou=pki-test,o=nowina solutions,cn=external-ca
11:39:07.036 [pool-7-thread-37] INFO eu.europa.esig.dss.spi.x509.TokenIssuerSelector - ISSUER SUBJECT : c=lu,ou=pki-test,o=nowina solutions,cn=external-ca-alternative
11:39:07.037 [pool-7-thread-57] WARN eu.europa.esig.dss.spi.x509.TokenIssuerSelector - No issuer found for the token creation date. The process continues with an issuer which has the same public key.
11:39:07.037 [pool-7-thread-17] WARN eu.europa.esig.dss.spi.x509.TokenIssuerSelector - No issuer found for the token creation date. The process continues with an issuer which has the same public key.
11:39:07.039 [pool-7-thread-12] INFO eu.europa.esig.dss.spi.x509.TokenIssuerSelector - The issuer subject name and subject name does not match (more details in debug mode).
11:39:07.039 [pool-7-thread-12] INFO eu.europa.esig.dss.spi.x509.TokenIssuerSelector - CERT ISSUER    : c=lu,ou=pki-test,o=nowina solutions,cn=external-ca
11:39:07.039 [pool-7-thread-12] INFO eu.europa.esig.dss.spi.x509.TokenIssuerSelector - ISSUER SUBJECT : c=lu,ou=pki-test,o=nowina solutions,cn=external-ca-alternative
11:39:07.039 [pool-7-thread-12] INFO eu.europa.esig.dss.spi.x509.TokenIssuerSelector - The issuer subject name and subject name does not match (more details in debug mode).
11:39:07.039 [pool-7-thread-12] INFO eu.europa.esig.dss.spi.x509.TokenIssuerSelector - CERT ISSUER    : c=lu,ou=pki-test,o=nowina solutions,cn=external-ca
11:39:07.039 [pool-7-thread-12] INFO eu.europa.esig.dss.spi.x509.TokenIssuerSelector - ISSUER SUBJECT : c=lu,ou=pki-test,o=nowina solutions,cn=external-ca-alternative
11:39:07.039 [pool-7-thread-12] INFO eu.europa.esig.dss.spi.x509.TokenIssuerSelector - The issuer subject name and subject name does not match (more details in debug mode).
11:39:07.039 [pool-7-thread-12] INFO eu.europa.esig.dss.spi.x509.TokenIssuerSelector - CERT ISSUER    : c=lu,ou=pki-test,o=nowina solutions,cn=external-ca
11:39:07.039 [pool-7-thread-12] INFO eu.europa.esig.dss.spi.x509.TokenIssuerSelector - ISSUER SUBJECT : c=lu,ou=pki-test,o=nowina solutions,cn=external-ca-alternative
11:39:07.040 [pool-7-thread-49] WARN eu.europa.esig.dss.spi.x509.TokenIssuerSelector - No issuer found for the token creation date. The process continues with an issuer which has the same public key.
11:39:07.041 [pool-7-thread-49] WARN eu.europa.esig.dss.spi.x509.TokenIssuerSelector - No issuer found for the token creation date. The process continues with an issuer which has the same public key.
11:39:07.043 [pool-7-thread-49] INFO eu.europa.esig.dss.spi.x509.TokenIssuerSelector - The issuer subject name and subject name does not match (more details in debug mode).
11:39:07.043 [pool-7-thread-49] INFO eu.europa.esig.dss.spi.x509.TokenIssuerSelector - CERT ISSUER    : c=lu,ou=pki-test,o=nowina solutions,cn=external-ca
11:39:07.043 [pool-7-thread-49] INFO eu.europa.esig.dss.spi.x509.TokenIssuerSelector - ISSUER SUBJECT : c=lu,ou=pki-test,o=nowina solutions,cn=external-ca-alternative
11:39:07.044 [pool-7-thread-49] INFO eu.europa.esig.dss.spi.x509.TokenIssuerSelector - The issuer subject name and subject name does not match (more details in debug mode).
11:39:07.044 [pool-7-thread-49] INFO eu.europa.esig.dss.spi.x509.TokenIssuerSelector - CERT ISSUER    : c=lu,ou=pki-test,o=nowina solutions,cn=external-ca
11:39:07.044 [pool-7-thread-49] INFO eu.europa.esig.dss.spi.x509.TokenIssuerSelector - ISSUER SUBJECT : c=lu,ou=pki-test,o=nowina solutions,cn=external-ca-alternative
11:39:07.044 [pool-7-thread-49] INFO eu.europa.esig.dss.spi.x509.TokenIssuerSelector - The issuer subject name and subject name does not match (more details in debug mode).
11:39:07.044 [pool-7-thread-49] INFO eu.europa.esig.dss.spi.x509.TokenIssuerSelector - CERT ISSUER    : c=lu,ou=pki-test,o=nowina solutions,cn=external-ca
11:39:07.044 [pool-7-thread-49] INFO eu.europa.esig.dss.spi.x509.TokenIssuerSelector - ISSUER SUBJECT : c=lu,ou=pki-test,o=nowina solutions,cn=external-ca-alternative
11:39:07.045 [pool-7-thread-48] WARN eu.europa.esig.dss.spi.x509.TokenIssuerSelector - No issuer found for the token creation date. The process continues with an issuer which has the same public key.
11:39:07.047 [pool-7-thread-48] WARN eu.europa.esig.dss.spi.x509.TokenIssuerSelector - No issuer found for the token creation date. The process continues with an issuer which has the same public key.
11:39:07.048 [pool-7-thread-49] WARN eu.europa.esig.dss.spi.x509.TokenIssuerSelector - No issuer found for the token creation date. The process continues with an issuer which has the same public key.
11:39:07.050 [pool-7-thread-27] INFO eu.europa.esig.dss.spi.x509.TokenIssuerSelector - The issuer subject name and subject name does not match (more details in debug mode).
11:39:07.050 [pool-7-thread-27] INFO eu.europa.esig.dss.spi.x509.TokenIssuerSelector - CERT ISSUER    : c=lu,ou=pki-test,o=nowina solutions,cn=external-ca
11:39:07.050 [pool-7-thread-27] INFO eu.europa.esig.dss.spi.x509.TokenIssuerSelector - ISSUER SUBJECT : c=lu,ou=pki-test,o=nowina solutions,cn=external-ca-alternative
11:39:07.051 [pool-7-thread-27] INFO eu.europa.esig.dss.spi.x509.TokenIssuerSelector - The issuer subject name and subject name does not match (more details in debug mode).
11:39:07.051 [pool-7-thread-27] INFO eu.europa.esig.dss.spi.x509.TokenIssuerSelector - CERT ISSUER    : c=lu,ou=pki-test,o=nowina solutions,cn=external-ca
11:39:07.051 [pool-7-thread-27] INFO eu.europa.esig.dss.spi.x509.TokenIssuerSelector - ISSUER SUBJECT : c=lu,ou=pki-test,o=nowina solutions,cn=external-ca-alternative
11:39:07.051 [pool-7-thread-27] INFO eu.europa.esig.dss.spi.x509.TokenIssuerSelector - The issuer subject name and subject name does not match (more details in debug mode).
11:39:07.051 [pool-7-thread-27] INFO eu.europa.esig.dss.spi.x509.TokenIssuerSelector - CERT ISSUER    : c=lu,ou=pki-test,o=nowina solutions,cn=external-ca
11:39:07.051 [pool-7-thread-27] INFO eu.europa.esig.dss.spi.x509.TokenIssuerSelector - ISSUER SUBJECT : c=lu,ou=pki-test,o=nowina solutions,cn=external-ca-alternative
11:39:07.051 [pool-7-thread-38] WARN eu.europa.esig.dss.spi.x509.TokenIssuerSelector - No issuer found for the token creation date. The process continues with an issuer which has the same public key.
11:39:07.052 [pool-7-thread-38] WARN eu.europa.esig.dss.spi.x509.TokenIssuerSelector - No issuer found for the token creation date. The process continues with an issuer which has the same public key.
11:39:07.055 [pool-7-thread-38] INFO eu.europa.esig.dss.spi.x509.TokenIssuerSelector - The issuer subject name and subject name does not match (more details in debug mode).
11:39:07.055 [pool-7-thread-38] INFO eu.europa.esig.dss.spi.x509.TokenIssuerSelector - CERT ISSUER    : c=lu,ou=pki-test,o=nowina solutions,cn=external-ca
11:39:07.055 [pool-7-thread-38] INFO eu.europa.esig.dss.spi.x509.TokenIssuerSelector - ISSUER SUBJECT : c=lu,ou=pki-test,o=nowina solutions,cn=external-ca-alternative
11:39:07.055 [pool-7-thread-38] INFO eu.europa.esig.dss.spi.x509.TokenIssuerSelector - The issuer subject name and subject name does not match (more details in debug mode).
11:39:07.055 [pool-7-thread-38] INFO eu.europa.esig.dss.spi.x509.TokenIssuerSelector - CERT ISSUER    : c=lu,ou=pki-test,o=nowina solutions,cn=external-ca
11:39:07.055 [pool-7-thread-38] INFO eu.europa.esig.dss.spi.x509.TokenIssuerSelector - ISSUER SUBJECT : c=lu,ou=pki-test,o=nowina solutions,cn=external-ca-alternative
11:39:07.055 [pool-7-thread-38] INFO eu.europa.esig.dss.spi.x509.TokenIssuerSelector - The issuer subject name and subject name does not match (more details in debug mode).
11:39:07.055 [pool-7-thread-38] INFO eu.europa.esig.dss.spi.x509.TokenIssuerSelector - CERT ISSUER    : c=lu,ou=pki-test,o=nowina solutions,cn=external-ca
11:39:07.055 [pool-7-thread-38] INFO eu.europa.esig.dss.spi.x509.TokenIssuerSelector - ISSUER SUBJECT : c=lu,ou=pki-test,o=nowina solutions,cn=external-ca-alternative
11:39:07.056 [pool-7-thread-9] WARN eu.europa.esig.dss.spi.x509.TokenIssuerSelector - No issuer found for the token creation date. The process continues with an issuer which has the same public key.
11:39:07.056 [pool-7-thread-8] INFO eu.europa.esig.dss.spi.x509.TokenIssuerSelector - The issuer subject name and subject name does not match (more details in debug mode).
11:39:07.056 [pool-7-thread-8] INFO eu.europa.esig.dss.spi.x509.TokenIssuerSelector - CERT ISSUER    : c=lu,ou=pki-test,o=nowina solutions,cn=external-ca
11:39:07.056 [pool-7-thread-8] INFO eu.europa.esig.dss.spi.x509.TokenIssuerSelector - ISSUER SUBJECT : c=lu,ou=pki-test,o=nowina solutions,cn=external-ca-alternative
11:39:07.056 [pool-7-thread-8] INFO eu.europa.esig.dss.spi.x509.TokenIssuerSelector - The issuer subject name and subject name does not match (more details in debug mode).
11:39:07.056 [pool-7-thread-8] INFO eu.europa.esig.dss.spi.x509.TokenIssuerSelector - CERT ISSUER    : c=lu,ou=pki-test,o=nowina solutions,cn=external-ca
11:39:07.056 [pool-7-thread-8] INFO eu.europa.esig.dss.spi.x509.TokenIssuerSelector - ISSUER SUBJECT : c=lu,ou=pki-test,o=nowina solutions,cn=external-ca-alternative
11:39:07.056 [pool-7-thread-8] INFO eu.europa.esig.dss.spi.x509.TokenIssuerSelector - The issuer subject name and subject name does not match (more details in debug mode).
11:39:07.056 [pool-7-thread-8] INFO eu.europa.esig.dss.spi.x509.TokenIssuerSelector - CERT ISSUER    : c=lu,ou=pki-test,o=nowina solutions,cn=external-ca
11:39:07.056 [pool-7-thread-8] INFO eu.europa.esig.dss.spi.x509.TokenIssuerSelector - ISSUER SUBJECT : c=lu,ou=pki-test,o=nowina solutions,cn=external-ca-alternative
11:39:07.058 [pool-7-thread-9] INFO eu.europa.esig.dss.spi.x509.TokenIssuerSelector - The issuer subject name and subject name does not match (more details in debug mode).
11:39:07.058 [pool-7-thread-9] INFO eu.europa.esig.dss.spi.x509.TokenIssuerSelector - CERT ISSUER    : c=lu,ou=pki-test,o=nowina solutions,cn=external-ca
11:39:07.058 [pool-7-thread-9] INFO eu.europa.esig.dss.spi.x509.TokenIssuerSelector - ISSUER SUBJECT : c=lu,ou=pki-test,o=nowina solutions,cn=external-ca-alternative
11:39:07.058 [pool-7-thread-9] INFO eu.europa.esig.dss.spi.x509.TokenIssuerSelector - The issuer subject name and subject name does not match (more details in debug mode).
11:39:07.058 [pool-7-thread-9] INFO eu.europa.esig.dss.spi.x509.TokenIssuerSelector - CERT ISSUER    : c=lu,ou=pki-test,o=nowina solutions,cn=external-ca
11:39:07.058 [pool-7-thread-9] INFO eu.europa.esig.dss.spi.x509.TokenIssuerSelector - ISSUER SUBJECT : c=lu,ou=pki-test,o=nowina solutions,cn=external-ca-alternative
11:39:07.058 [pool-7-thread-9] INFO eu.europa.esig.dss.spi.x509.TokenIssuerSelector - The issuer subject name and subject name does not match (more details in debug mode).
11:39:07.058 [pool-7-thread-9] INFO eu.europa.esig.dss.spi.x509.TokenIssuerSelector - CERT ISSUER    : c=lu,ou=pki-test,o=nowina solutions,cn=external-ca
11:39:07.058 [pool-7-thread-9] INFO eu.europa.esig.dss.spi.x509.TokenIssuerSelector - ISSUER SUBJECT : c=lu,ou=pki-test,o=nowina solutions,cn=external-ca-alternative
11:39:07.058 [pool-7-thread-23] WARN eu.europa.esig.dss.spi.x509.TokenIssuerSelector - No issuer found for the token creation date. The process continues with an issuer which has the same public key.
11:39:07.059 [pool-7-thread-23] WARN eu.europa.esig.dss.spi.x509.TokenIssuerSelector - No issuer found for the token creation date. The process continues with an issuer which has the same public key.
11:39:07.062 [pool-7-thread-23] INFO eu.europa.esig.dss.spi.x509.TokenIssuerSelector - The issuer subject name and subject name does not match (more details in debug mode).
11:39:07.062 [pool-7-thread-23] INFO eu.europa.esig.dss.spi.x509.TokenIssuerSelector - CERT ISSUER    : c=lu,ou=pki-test,o=nowina solutions,cn=external-ca
11:39:07.062 [pool-7-thread-23] INFO eu.europa.esig.dss.spi.x509.TokenIssuerSelector - ISSUER SUBJECT : c=lu,ou=pki-test,o=nowina solutions,cn=external-ca-alternative
11:39:07.062 [pool-7-thread-23] INFO eu.europa.esig.dss.spi.x509.TokenIssuerSelector - The issuer subject name and subject name does not match (more details in debug mode).
11:39:07.062 [pool-7-thread-23] INFO eu.europa.esig.dss.spi.x509.TokenIssuerSelector - CERT ISSUER    : c=lu,ou=pki-test,o=nowina solutions,cn=external-ca
11:39:07.062 [pool-7-thread-23] INFO eu.europa.esig.dss.spi.x509.TokenIssuerSelector - ISSUER SUBJECT : c=lu,ou=pki-test,o=nowina solutions,cn=external-ca-alternative
11:39:07.062 [pool-7-thread-9] WARN eu.europa.esig.dss.spi.x509.TokenIssuerSelector - No issuer found for the token creation date. The process continues with an issuer which has the same public key.
11:39:07.062 [pool-7-thread-23] INFO eu.europa.esig.dss.spi.x509.TokenIssuerSelector - The issuer subject name and subject name does not match (more details in debug mode).
11:39:07.062 [pool-7-thread-23] INFO eu.europa.esig.dss.spi.x509.TokenIssuerSelector - CERT ISSUER    : c=lu,ou=pki-test,o=nowina solutions,cn=external-ca
11:39:07.062 [pool-7-thread-23] INFO eu.europa.esig.dss.spi.x509.TokenIssuerSelector - ISSUER SUBJECT : c=lu,ou=pki-test,o=nowina solutions,cn=external-ca-alternative
11:39:07.063 [pool-7-thread-9] WARN eu.europa.esig.dss.spi.x509.TokenIssuerSelector - No issuer found for the token creation date. The process continues with an issuer which has the same public key.
11:39:07.065 [pool-7-thread-9] INFO eu.europa.esig.dss.spi.x509.TokenIssuerSelector - The issuer subject name and subject name does not match (more details in debug mode).
11:39:07.065 [pool-7-thread-9] INFO eu.europa.esig.dss.spi.x509.TokenIssuerSelector - CERT ISSUER    : c=lu,ou=pki-test,o=nowina solutions,cn=external-ca
11:39:07.065 [pool-7-thread-9] INFO eu.europa.esig.dss.spi.x509.TokenIssuerSelector - ISSUER SUBJECT : c=lu,ou=pki-test,o=nowina solutions,cn=external-ca-alternative
11:39:07.066 [pool-7-thread-9] INFO eu.europa.esig.dss.spi.x509.TokenIssuerSelector - The issuer subject name and subject name does not match (more details in debug mode).
11:39:07.066 [pool-7-thread-9] INFO eu.europa.esig.dss.spi.x509.TokenIssuerSelector - CERT ISSUER    : c=lu,ou=pki-test,o=nowina solutions,cn=external-ca
11:39:07.066 [pool-7-thread-9] INFO eu.europa.esig.dss.spi.x509.TokenIssuerSelector - ISSUER SUBJECT : c=lu,ou=pki-test,o=nowina solutions,cn=external-ca-alternative
11:39:07.066 [pool-7-thread-9] INFO eu.europa.esig.dss.spi.x509.TokenIssuerSelector - The issuer subject name and subject name does not match (more details in debug mode).
11:39:07.066 [pool-7-thread-9] INFO eu.europa.esig.dss.spi.x509.TokenIssuerSelector - CERT ISSUER    : c=lu,ou=pki-test,o=nowina solutions,cn=external-ca
11:39:07.066 [pool-7-thread-9] INFO eu.europa.esig.dss.spi.x509.TokenIssuerSelector - ISSUER SUBJECT : c=lu,ou=pki-test,o=nowina solutions,cn=external-ca-alternative
11:39:07.071 [pool-7-thread-9] WARN eu.europa.esig.dss.spi.x509.TokenIssuerSelector - No issuer found for the token creation date. The process continues with an issuer which has the same public key.
11:39:07.072 [pool-7-thread-9] WARN eu.europa.esig.dss.spi.x509.TokenIssuerSelector - No issuer found for the token creation date. The process continues with an issuer which has the same public key.
11:39:07.074 [pool-7-thread-9] INFO eu.europa.esig.dss.spi.x509.TokenIssuerSelector - The issuer subject name and subject name does not match (more details in debug mode).
11:39:07.075 [pool-7-thread-9] INFO eu.europa.esig.dss.spi.x509.TokenIssuerSelector - CERT ISSUER    : c=lu,ou=pki-test,o=nowina solutions,cn=external-ca
11:39:07.075 [pool-7-thread-9] INFO eu.europa.esig.dss.spi.x509.TokenIssuerSelector - ISSUER SUBJECT : c=lu,ou=pki-test,o=nowina solutions,cn=external-ca-alternative
11:39:07.075 [pool-7-thread-9] INFO eu.europa.esig.dss.spi.x509.TokenIssuerSelector - The issuer subject name and subject name does not match (more details in debug mode).
11:39:07.075 [pool-7-thread-9] INFO eu.europa.esig.dss.spi.x509.TokenIssuerSelector - CERT ISSUER    : c=lu,ou=pki-test,o=nowina solutions,cn=external-ca
11:39:07.075 [pool-7-thread-9] INFO eu.europa.esig.dss.spi.x509.TokenIssuerSelector - ISSUER SUBJECT : c=lu,ou=pki-test,o=nowina solutions,cn=external-ca-alternative
11:39:07.075 [pool-7-thread-9] INFO eu.europa.esig.dss.spi.x509.TokenIssuerSelector - The issuer subject name and subject name does not match (more details in debug mode).
11:39:07.075 [pool-7-thread-9] INFO eu.europa.esig.dss.spi.x509.TokenIssuerSelector - CERT ISSUER    : c=lu,ou=pki-test,o=nowina solutions,cn=external-ca
11:39:07.075 [pool-7-thread-9] INFO eu.europa.esig.dss.spi.x509.TokenIssuerSelector - ISSUER SUBJECT : c=lu,ou=pki-test,o=nowina solutions,cn=external-ca-alternative
11:39:07.076 [pool-7-thread-2] WARN eu.europa.esig.dss.spi.x509.TokenIssuerSelector - No issuer found for the token creation date. The process continues with an issuer which has the same public key.
11:39:07.077 [pool-7-thread-2] WARN eu.europa.esig.dss.spi.x509.TokenIssuerSelector - No issuer found for the token creation date. The process continues with an issuer which has the same public key.
11:39:07.080 [pool-7-thread-19] WARN eu.europa.esig.dss.spi.x509.TokenIssuerSelector - No issuer found for the token creation date. The process continues with an issuer which has the same public key.
11:39:07.080 [pool-7-thread-2] INFO eu.europa.esig.dss.spi.x509.TokenIssuerSelector - The issuer subject name and subject name does not match (more details in debug mode).
11:39:07.080 [pool-7-thread-2] INFO eu.europa.esig.dss.spi.x509.TokenIssuerSelector - CERT ISSUER    : c=lu,ou=pki-test,o=nowina solutions,cn=external-ca
11:39:07.080 [pool-7-thread-2] INFO eu.europa.esig.dss.spi.x509.TokenIssuerSelector - ISSUER SUBJECT : c=lu,ou=pki-test,o=nowina solutions,cn=external-ca-alternative
11:39:07.080 [pool-7-thread-2] INFO eu.europa.esig.dss.spi.x509.TokenIssuerSelector - The issuer subject name and subject name does not match (more details in debug mode).
11:39:07.080 [pool-7-thread-2] INFO eu.europa.esig.dss.spi.x509.TokenIssuerSelector - CERT ISSUER    : c=lu,ou=pki-test,o=nowina solutions,cn=external-ca
11:39:07.080 [pool-7-thread-2] INFO eu.europa.esig.dss.spi.x509.TokenIssuerSelector - ISSUER SUBJECT : c=lu,ou=pki-test,o=nowina solutions,cn=external-ca-alternative
11:39:07.080 [pool-7-thread-2] INFO eu.europa.esig.dss.spi.x509.TokenIssuerSelector - The issuer subject name and subject name does not match (more details in debug mode).
11:39:07.081 [pool-7-thread-2] INFO eu.europa.esig.dss.spi.x509.TokenIssuerSelector - CERT ISSUER    : c=lu,ou=pki-test,o=nowina solutions,cn=external-ca
11:39:07.081 [pool-7-thread-2] INFO eu.europa.esig.dss.spi.x509.TokenIssuerSelector - ISSUER SUBJECT : c=lu,ou=pki-test,o=nowina solutions,cn=external-ca-alternative
11:39:07.082 [pool-7-thread-19] INFO eu.europa.esig.dss.spi.x509.TokenIssuerSelector - The issuer subject name and subject name does not match (more details in debug mode).
11:39:07.082 [pool-7-thread-19] INFO eu.europa.esig.dss.spi.x509.TokenIssuerSelector - CERT ISSUER    : c=lu,ou=pki-test,o=nowina solutions,cn=external-ca
11:39:07.082 [pool-7-thread-19] INFO eu.europa.esig.dss.spi.x509.TokenIssuerSelector - ISSUER SUBJECT : c=lu,ou=pki-test,o=nowina solutions,cn=external-ca-alternative
11:39:07.083 [pool-7-thread-19] INFO eu.europa.esig.dss.spi.x509.TokenIssuerSelector - The issuer subject name and subject name does not match (more details in debug mode).
11:39:07.083 [pool-7-thread-19] INFO eu.europa.esig.dss.spi.x509.TokenIssuerSelector - CERT ISSUER    : c=lu,ou=pki-test,o=nowina solutions,cn=external-ca
11:39:07.083 [pool-7-thread-19] INFO eu.europa.esig.dss.spi.x509.TokenIssuerSelector - ISSUER SUBJECT : c=lu,ou=pki-test,o=nowina solutions,cn=external-ca-alternative
11:39:07.083 [pool-7-thread-19] INFO eu.europa.esig.dss.spi.x509.TokenIssuerSelector - The issuer subject name and subject name does not match (more details in debug mode).
11:39:07.083 [pool-7-thread-19] INFO eu.europa.esig.dss.spi.x509.TokenIssuerSelector - CERT ISSUER    : c=lu,ou=pki-test,o=nowina solutions,cn=external-ca
11:39:07.083 [pool-7-thread-19] INFO eu.europa.esig.dss.spi.x509.TokenIssuerSelector - ISSUER SUBJECT : c=lu,ou=pki-test,o=nowina solutions,cn=external-ca-alternative
11:39:07.089 [pool-7-thread-50] WARN eu.europa.esig.dss.spi.x509.TokenIssuerSelector - No issuer found for the token creation date. The process continues with an issuer which has the same public key.
11:39:07.090 [pool-7-thread-50] WARN eu.europa.esig.dss.spi.x509.TokenIssuerSelector - No issuer found for the token creation date. The process continues with an issuer which has the same public key.
11:39:07.091 [pool-7-thread-42] WARN eu.europa.esig.dss.spi.x509.TokenIssuerSelector - No issuer found for the token creation date. The process continues with an issuer which has the same public key.
11:39:07.093 [pool-7-thread-42] WARN eu.europa.esig.dss.spi.x509.TokenIssuerSelector - No issuer found for the token creation date. The process continues with an issuer which has the same public key.
11:39:07.095 [pool-7-thread-42] INFO eu.europa.esig.dss.spi.x509.TokenIssuerSelector - The issuer subject name and subject name does not match (more details in debug mode).
11:39:07.095 [pool-7-thread-42] INFO eu.europa.esig.dss.spi.x509.TokenIssuerSelector - CERT ISSUER    : c=lu,ou=pki-test,o=nowina solutions,cn=external-ca
11:39:07.095 [pool-7-thread-42] INFO eu.europa.esig.dss.spi.x509.TokenIssuerSelector - ISSUER SUBJECT : c=lu,ou=pki-test,o=nowina solutions,cn=external-ca-alternative
11:39:07.095 [pool-7-thread-42] INFO eu.europa.esig.dss.spi.x509.TokenIssuerSelector - The issuer subject name and subject name does not match (more details in debug mode).
11:39:07.095 [pool-7-thread-42] INFO eu.europa.esig.dss.spi.x509.TokenIssuerSelector - CERT ISSUER    : c=lu,ou=pki-test,o=nowina solutions,cn=external-ca
11:39:07.095 [pool-7-thread-42] INFO eu.europa.esig.dss.spi.x509.TokenIssuerSelector - ISSUER SUBJECT : c=lu,ou=pki-test,o=nowina solutions,cn=external-ca-alternative
11:39:07.095 [pool-7-thread-42] INFO eu.europa.esig.dss.spi.x509.TokenIssuerSelector - The issuer subject name and subject name does not match (more details in debug mode).
11:39:07.095 [pool-7-thread-42] INFO eu.europa.esig.dss.spi.x509.TokenIssuerSelector - CERT ISSUER    : c=lu,ou=pki-test,o=nowina solutions,cn=external-ca
11:39:07.095 [pool-7-thread-42] INFO eu.europa.esig.dss.spi.x509.TokenIssuerSelector - ISSUER SUBJECT : c=lu,ou=pki-test,o=nowina solutions,cn=external-ca-alternative
11:39:07.095 [pool-7-thread-1] WARN eu.europa.esig.dss.spi.x509.TokenIssuerSelector - No issuer found for the token creation date. The process continues with an issuer which has the same public key.
11:39:07.098 [pool-7-thread-69] WARN eu.europa.esig.dss.spi.x509.TokenIssuerSelector - No issuer found for the token creation date. The process continues with an issuer which has the same public key.
11:39:07.098 [pool-7-thread-69] WARN eu.europa.esig.dss.spi.x509.TokenIssuerSelector - No issuer found for the token creation date. The process continues with an issuer which has the same public key.
11:39:07.101 [pool-7-thread-69] INFO eu.europa.esig.dss.spi.x509.TokenIssuerSelector - The issuer subject name and subject name does not match (more details in debug mode).
11:39:07.101 [pool-7-thread-69] INFO eu.europa.esig.dss.spi.x509.TokenIssuerSelector - CERT ISSUER    : c=lu,ou=pki-test,o=nowina solutions,cn=external-ca
11:39:07.101 [pool-7-thread-69] INFO eu.europa.esig.dss.spi.x509.TokenIssuerSelector - ISSUER SUBJECT : c=lu,ou=pki-test,o=nowina solutions,cn=external-ca-alternative
11:39:07.101 [pool-7-thread-69] INFO eu.europa.esig.dss.spi.x509.TokenIssuerSelector - The issuer subject name and subject name does not match (more details in debug mode).
11:39:07.101 [pool-7-thread-69] INFO eu.europa.esig.dss.spi.x509.TokenIssuerSelector - CERT ISSUER    : c=lu,ou=pki-test,o=nowina solutions,cn=external-ca
11:39:07.101 [pool-7-thread-69] INFO eu.europa.esig.dss.spi.x509.TokenIssuerSelector - ISSUER SUBJECT : c=lu,ou=pki-test,o=nowina solutions,cn=external-ca-alternative
11:39:07.101 [pool-7-thread-69] INFO eu.europa.esig.dss.spi.x509.TokenIssuerSelector - The issuer subject name and subject name does not match (more details in debug mode).
11:39:07.101 [pool-7-thread-69] INFO eu.europa.esig.dss.spi.x509.TokenIssuerSelector - CERT ISSUER    : c=lu,ou=pki-test,o=nowina solutions,cn=external-ca
11:39:07.101 [pool-7-thread-69] INFO eu.europa.esig.dss.spi.x509.TokenIssuerSelector - ISSUER SUBJECT : c=lu,ou=pki-test,o=nowina solutions,cn=external-ca-alternative
11:39:07.102 [pool-7-thread-73] WARN eu.europa.esig.dss.spi.x509.TokenIssuerSelector - No issuer found for the token creation date. The process continues with an issuer which has the same public key.
11:39:07.098 [pool-7-thread-1] WARN eu.europa.esig.dss.spi.x509.TokenIssuerSelector - No issuer found for the token creation date. The process continues with an issuer which has the same public key.
11:39:07.103 [pool-7-thread-73] WARN eu.europa.esig.dss.spi.x509.TokenIssuerSelector - No issuer found for the token creation date. The process continues with an issuer which has the same public key.
11:39:07.105 [pool-7-thread-73] INFO eu.europa.esig.dss.spi.x509.TokenIssuerSelector - The issuer subject name and subject name does not match (more details in debug mode).
11:39:07.105 [pool-7-thread-73] INFO eu.europa.esig.dss.spi.x509.TokenIssuerSelector - CERT ISSUER    : c=lu,ou=pki-test,o=nowina solutions,cn=external-ca
11:39:07.105 [pool-7-thread-73] INFO eu.europa.esig.dss.spi.x509.TokenIssuerSelector - ISSUER SUBJECT : c=lu,ou=pki-test,o=nowina solutions,cn=external-ca-alternative
11:39:07.105 [pool-7-thread-73] INFO eu.europa.esig.dss.spi.x509.TokenIssuerSelector - The issuer subject name and subject name does not match (more details in debug mode).
11:39:07.105 [pool-7-thread-73] INFO eu.europa.esig.dss.spi.x509.TokenIssuerSelector - CERT ISSUER    : c=lu,ou=pki-test,o=nowina solutions,cn=external-ca
11:39:07.105 [pool-7-thread-73] INFO eu.europa.esig.dss.spi.x509.TokenIssuerSelector - ISSUER SUBJECT : c=lu,ou=pki-test,o=nowina solutions,cn=external-ca-alternative
11:39:07.105 [pool-7-thread-73] INFO eu.europa.esig.dss.spi.x509.TokenIssuerSelector - The issuer subject name and subject name does not match (more details in debug mode).
11:39:07.105 [pool-7-thread-73] INFO eu.europa.esig.dss.spi.x509.TokenIssuerSelector - CERT ISSUER    : c=lu,ou=pki-test,o=nowina solutions,cn=external-ca
11:39:07.105 [pool-7-thread-73] INFO eu.europa.esig.dss.spi.x509.TokenIssuerSelector - ISSUER SUBJECT : c=lu,ou=pki-test,o=nowina solutions,cn=external-ca-alternative
11:39:07.106 [pool-7-thread-16] WARN eu.europa.esig.dss.spi.x509.TokenIssuerSelector - No issuer found for the token creation date. The process continues with an issuer which has the same public key.
11:39:07.106 [pool-7-thread-41] INFO eu.europa.esig.dss.spi.x509.TokenIssuerSelector - The issuer subject name and subject name does not match (more details in debug mode).
11:39:07.106 [pool-7-thread-41] INFO eu.europa.esig.dss.spi.x509.TokenIssuerSelector - CERT ISSUER    : c=lu,ou=pki-test,o=nowina solutions,cn=external-ca
11:39:07.106 [pool-7-thread-41] INFO eu.europa.esig.dss.spi.x509.TokenIssuerSelector - ISSUER SUBJECT : c=lu,ou=pki-test,o=nowina solutions,cn=external-ca-alternative
11:39:07.107 [pool-7-thread-41] INFO eu.europa.esig.dss.spi.x509.TokenIssuerSelector - The issuer subject name and subject name does not match (more details in debug mode).
11:39:07.107 [pool-7-thread-41] INFO eu.europa.esig.dss.spi.x509.TokenIssuerSelector - CERT ISSUER    : c=lu,ou=pki-test,o=nowina solutions,cn=external-ca
11:39:07.107 [pool-7-thread-41] INFO eu.europa.esig.dss.spi.x509.TokenIssuerSelector - ISSUER SUBJECT : c=lu,ou=pki-test,o=nowina solutions,cn=external-ca-alternative
11:39:07.107 [pool-7-thread-41] INFO eu.europa.esig.dss.spi.x509.TokenIssuerSelector - The issuer subject name and subject name does not match (more details in debug mode).
11:39:07.107 [pool-7-thread-41] INFO eu.europa.esig.dss.spi.x509.TokenIssuerSelector - CERT ISSUER    : c=lu,ou=pki-test,o=nowina solutions,cn=external-ca
11:39:07.107 [pool-7-thread-41] INFO eu.europa.esig.dss.spi.x509.TokenIssuerSelector - ISSUER SUBJECT : c=lu,ou=pki-test,o=nowina solutions,cn=external-ca-alternative
11:39:07.107 [pool-7-thread-74] WARN eu.europa.esig.dss.spi.x509.TokenIssuerSelector - No issuer found for the token creation date. The process continues with an issuer which has the same public key.
11:39:07.108 [pool-7-thread-20] WARN eu.europa.esig.dss.spi.x509.TokenIssuerSelector - No issuer found for the token creation date. The process continues with an issuer which has the same public key.
11:39:07.109 [pool-7-thread-32] WARN eu.europa.esig.dss.spi.x509.TokenIssuerSelector - No issuer found for the token creation date. The process continues with an issuer which has the same public key.
11:39:07.110 [pool-7-thread-32] WARN eu.europa.esig.dss.spi.x509.TokenIssuerSelector - No issuer found for the token creation date. The process continues with an issuer which has the same public key.
11:39:07.112 [pool-7-thread-32] INFO eu.europa.esig.dss.spi.x509.TokenIssuerSelector - The issuer subject name and subject name does not match (more details in debug mode).
11:39:07.113 [pool-7-thread-32] INFO eu.europa.esig.dss.spi.x509.TokenIssuerSelector - CERT ISSUER    : c=lu,ou=pki-test,o=nowina solutions,cn=external-ca
11:39:07.113 [pool-7-thread-32] INFO eu.europa.esig.dss.spi.x509.TokenIssuerSelector - ISSUER SUBJECT : c=lu,ou=pki-test,o=nowina solutions,cn=external-ca-alternative
11:39:07.113 [pool-7-thread-32] INFO eu.europa.esig.dss.spi.x509.TokenIssuerSelector - The issuer subject name and subject name does not match (more details in debug mode).
11:39:07.113 [pool-7-thread-32] INFO eu.europa.esig.dss.spi.x509.TokenIssuerSelector - CERT ISSUER    : c=lu,ou=pki-test,o=nowina solutions,cn=external-ca
11:39:07.113 [pool-7-thread-32] INFO eu.europa.esig.dss.spi.x509.TokenIssuerSelector - ISSUER SUBJECT : c=lu,ou=pki-test,o=nowina solutions,cn=external-ca-alternative
11:39:07.113 [pool-7-thread-32] INFO eu.europa.esig.dss.spi.x509.TokenIssuerSelector - The issuer subject name and subject name does not match (more details in debug mode).
11:39:07.113 [pool-7-thread-32] INFO eu.europa.esig.dss.spi.x509.TokenIssuerSelector - CERT ISSUER    : c=lu,ou=pki-test,o=nowina solutions,cn=external-ca
11:39:07.113 [pool-7-thread-32] INFO eu.europa.esig.dss.spi.x509.TokenIssuerSelector - ISSUER SUBJECT : c=lu,ou=pki-test,o=nowina solutions,cn=external-ca-alternative
11:39:07.114 [pool-7-thread-73] WARN eu.europa.esig.dss.spi.x509.TokenIssuerSelector - No issuer found for the token creation date. The process continues with an issuer which has the same public key.
11:39:07.116 [pool-7-thread-44] WARN eu.europa.esig.dss.spi.x509.TokenIssuerSelector - No issuer found for the token creation date. The process continues with an issuer which has the same public key.
11:39:07.117 [pool-7-thread-5] INFO eu.europa.esig.dss.spi.x509.TokenIssuerSelector - The issuer subject name and subject name does not match (more details in debug mode).
11:39:07.117 [pool-7-thread-5] INFO eu.europa.esig.dss.spi.x509.TokenIssuerSelector - CERT ISSUER    : c=lu,ou=pki-test,o=nowina solutions,cn=external-ca
11:39:07.117 [pool-7-thread-5] INFO eu.europa.esig.dss.spi.x509.TokenIssuerSelector - ISSUER SUBJECT : c=lu,ou=pki-test,o=nowina solutions,cn=external-ca-alternative
11:39:07.117 [pool-7-thread-5] INFO eu.europa.esig.dss.spi.x509.TokenIssuerSelector - The issuer subject name and subject name does not match (more details in debug mode).
11:39:07.117 [pool-7-thread-5] INFO eu.europa.esig.dss.spi.x509.TokenIssuerSelector - CERT ISSUER    : c=lu,ou=pki-test,o=nowina solutions,cn=external-ca
11:39:07.117 [pool-7-thread-5] INFO eu.europa.esig.dss.spi.x509.TokenIssuerSelector - ISSUER SUBJECT : c=lu,ou=pki-test,o=nowina solutions,cn=external-ca-alternative
11:39:07.117 [pool-7-thread-5] INFO eu.europa.esig.dss.spi.x509.TokenIssuerSelector - The issuer subject name and subject name does not match (more details in debug mode).
11:39:07.117 [pool-7-thread-5] INFO eu.europa.esig.dss.spi.x509.TokenIssuerSelector - CERT ISSUER    : c=lu,ou=pki-test,o=nowina solutions,cn=external-ca
11:39:07.117 [pool-7-thread-5] INFO eu.europa.esig.dss.spi.x509.TokenIssuerSelector - ISSUER SUBJECT : c=lu,ou=pki-test,o=nowina solutions,cn=external-ca-alternative
11:39:07.118 [pool-7-thread-44] WARN eu.europa.esig.dss.spi.x509.TokenIssuerSelector - No issuer found for the token creation date. The process continues with an issuer which has the same public key.
11:39:07.120 [pool-7-thread-44] INFO eu.europa.esig.dss.spi.x509.TokenIssuerSelector - The issuer subject name and subject name does not match (more details in debug mode).
11:39:07.120 [pool-7-thread-44] INFO eu.europa.esig.dss.spi.x509.TokenIssuerSelector - CERT ISSUER    : c=lu,ou=pki-test,o=nowina solutions,cn=external-ca
11:39:07.120 [pool-7-thread-44] INFO eu.europa.esig.dss.spi.x509.TokenIssuerSelector - ISSUER SUBJECT : c=lu,ou=pki-test,o=nowina solutions,cn=external-ca-alternative
11:39:07.120 [pool-7-thread-10] WARN eu.europa.esig.dss.spi.x509.TokenIssuerSelector - No issuer found for the token creation date. The process continues with an issuer which has the same public key.
11:39:07.120 [pool-7-thread-44] INFO eu.europa.esig.dss.spi.x509.TokenIssuerSelector - The issuer subject name and subject name does not match (more details in debug mode).
11:39:07.120 [pool-7-thread-44] INFO eu.europa.esig.dss.spi.x509.TokenIssuerSelector - CERT ISSUER    : c=lu,ou=pki-test,o=nowina solutions,cn=external-ca
11:39:07.120 [pool-7-thread-44] INFO eu.europa.esig.dss.spi.x509.TokenIssuerSelector - ISSUER SUBJECT : c=lu,ou=pki-test,o=nowina solutions,cn=external-ca-alternative
11:39:07.120 [pool-7-thread-44] INFO eu.europa.esig.dss.spi.x509.TokenIssuerSelector - The issuer subject name and subject name does not match (more details in debug mode).
11:39:07.120 [pool-7-thread-44] INFO eu.europa.esig.dss.spi.x509.TokenIssuerSelector - CERT ISSUER    : c=lu,ou=pki-test,o=nowina solutions,cn=external-ca
11:39:07.120 [pool-7-thread-44] INFO eu.europa.esig.dss.spi.x509.TokenIssuerSelector - ISSUER SUBJECT : c=lu,ou=pki-test,o=nowina solutions,cn=external-ca-alternative
11:39:07.122 [pool-7-thread-10] WARN eu.europa.esig.dss.spi.x509.TokenIssuerSelector - No issuer found for the token creation date. The process continues with an issuer which has the same public key.
11:39:07.124 [pool-7-thread-10] INFO eu.europa.esig.dss.spi.x509.TokenIssuerSelector - The issuer subject name and subject name does not match (more details in debug mode).
11:39:07.125 [pool-7-thread-10] INFO eu.europa.esig.dss.spi.x509.TokenIssuerSelector - CERT ISSUER    : c=lu,ou=pki-test,o=nowina solutions,cn=external-ca
11:39:07.125 [pool-7-thread-10] INFO eu.europa.esig.dss.spi.x509.TokenIssuerSelector - ISSUER SUBJECT : c=lu,ou=pki-test,o=nowina solutions,cn=external-ca-alternative
11:39:07.125 [pool-7-thread-10] INFO eu.europa.esig.dss.spi.x509.TokenIssuerSelector - The issuer subject name and subject name does not match (more details in debug mode).
11:39:07.125 [pool-7-thread-10] INFO eu.europa.esig.dss.spi.x509.TokenIssuerSelector - CERT ISSUER    : c=lu,ou=pki-test,o=nowina solutions,cn=external-ca
11:39:07.125 [pool-7-thread-10] INFO eu.europa.esig.dss.spi.x509.TokenIssuerSelector - ISSUER SUBJECT : c=lu,ou=pki-test,o=nowina solutions,cn=external-ca-alternative
11:39:07.125 [pool-7-thread-10] INFO eu.europa.esig.dss.spi.x509.TokenIssuerSelector - The issuer subject name and subject name does not match (more details in debug mode).
11:39:07.125 [pool-7-thread-10] INFO eu.europa.esig.dss.spi.x509.TokenIssuerSelector - CERT ISSUER    : c=lu,ou=pki-test,o=nowina solutions,cn=external-ca
11:39:07.125 [pool-7-thread-10] INFO eu.europa.esig.dss.spi.x509.TokenIssuerSelector - ISSUER SUBJECT : c=lu,ou=pki-test,o=nowina solutions,cn=external-ca-alternative
11:39:07.127 [pool-7-thread-34] WARN eu.europa.esig.dss.spi.x509.TokenIssuerSelector - No issuer found for the token creation date. The process continues with an issuer which has the same public key.
11:39:07.128 [pool-7-thread-34] WARN eu.europa.esig.dss.spi.x509.TokenIssuerSelector - No issuer found for the token creation date. The process continues with an issuer which has the same public key.
11:39:07.129 [pool-7-thread-45] WARN eu.europa.esig.dss.spi.x509.TokenIssuerSelector - No issuer found for the token creation date. The process continues with an issuer which has the same public key.
11:39:07.130 [pool-7-thread-40] WARN eu.europa.esig.dss.spi.x509.TokenIssuerSelector - No issuer found for the token creation date. The process continues with an issuer which has the same public key.
11:39:07.131 [pool-7-thread-40] WARN eu.europa.esig.dss.spi.x509.TokenIssuerSelector - No issuer found for the token creation date. The process continues with an issuer which has the same public key.
11:39:07.133 [pool-7-thread-40] INFO eu.europa.esig.dss.spi.x509.TokenIssuerSelector - The issuer subject name and subject name does not match (more details in debug mode).
11:39:07.133 [pool-7-thread-40] INFO eu.europa.esig.dss.spi.x509.TokenIssuerSelector - CERT ISSUER    : c=lu,ou=pki-test,o=nowina solutions,cn=external-ca
11:39:07.133 [pool-7-thread-40] INFO eu.europa.esig.dss.spi.x509.TokenIssuerSelector - ISSUER SUBJECT : c=lu,ou=pki-test,o=nowina solutions,cn=external-ca-alternative
11:39:07.133 [pool-7-thread-40] INFO eu.europa.esig.dss.spi.x509.TokenIssuerSelector - The issuer subject name and subject name does not match (more details in debug mode).
11:39:07.133 [pool-7-thread-40] INFO eu.europa.esig.dss.spi.x509.TokenIssuerSelector - CERT ISSUER    : c=lu,ou=pki-test,o=nowina solutions,cn=external-ca
11:39:07.133 [pool-7-thread-40] INFO eu.europa.esig.dss.spi.x509.TokenIssuerSelector - ISSUER SUBJECT : c=lu,ou=pki-test,o=nowina solutions,cn=external-ca-alternative
11:39:07.133 [pool-7-thread-40] INFO eu.europa.esig.dss.spi.x509.TokenIssuerSelector - The issuer subject name and subject name does not match (more details in debug mode).
11:39:07.133 [pool-7-thread-40] INFO eu.europa.esig.dss.spi.x509.TokenIssuerSelector - CERT ISSUER    : c=lu,ou=pki-test,o=nowina solutions,cn=external-ca
11:39:07.133 [pool-7-thread-40] INFO eu.europa.esig.dss.spi.x509.TokenIssuerSelector - ISSUER SUBJECT : c=lu,ou=pki-test,o=nowina solutions,cn=external-ca-alternative
11:39:07.134 [pool-7-thread-35] WARN eu.europa.esig.dss.spi.x509.TokenIssuerSelector - No issuer found for the token creation date. The process continues with an issuer which has the same public key.
11:39:07.135 [pool-7-thread-18] INFO eu.europa.esig.dss.spi.x509.TokenIssuerSelector - The issuer subject name and subject name does not match (more details in debug mode).
11:39:07.135 [pool-7-thread-18] INFO eu.europa.esig.dss.spi.x509.TokenIssuerSelector - CERT ISSUER    : c=lu,ou=pki-test,o=nowina solutions,cn=external-ca
11:39:07.135 [pool-7-thread-18] INFO eu.europa.esig.dss.spi.x509.TokenIssuerSelector - ISSUER SUBJECT : c=lu,ou=pki-test,o=nowina solutions,cn=external-ca-alternative
11:39:07.135 [pool-7-thread-18] INFO eu.europa.esig.dss.spi.x509.TokenIssuerSelector - The issuer subject name and subject name does not match (more details in debug mode).
11:39:07.135 [pool-7-thread-18] INFO eu.europa.esig.dss.spi.x509.TokenIssuerSelector - CERT ISSUER    : c=lu,ou=pki-test,o=nowina solutions,cn=external-ca
11:39:07.135 [pool-7-thread-18] INFO eu.europa.esig.dss.spi.x509.TokenIssuerSelector - ISSUER SUBJECT : c=lu,ou=pki-test,o=nowina solutions,cn=external-ca-alternative
11:39:07.135 [pool-7-thread-18] INFO eu.europa.esig.dss.spi.x509.TokenIssuerSelector - The issuer subject name and subject name does not match (more details in debug mode).
11:39:07.135 [pool-7-thread-18] INFO eu.europa.esig.dss.spi.x509.TokenIssuerSelector - CERT ISSUER    : c=lu,ou=pki-test,o=nowina solutions,cn=external-ca
11:39:07.135 [pool-7-thread-18] INFO eu.europa.esig.dss.spi.x509.TokenIssuerSelector - ISSUER SUBJECT : c=lu,ou=pki-test,o=nowina solutions,cn=external-ca-alternative
11:39:07.136 [pool-7-thread-35] INFO eu.europa.esig.dss.spi.x509.TokenIssuerSelector - The issuer subject name and subject name does not match (more details in debug mode).
11:39:07.136 [pool-7-thread-35] INFO eu.europa.esig.dss.spi.x509.TokenIssuerSelector - CERT ISSUER    : c=lu,ou=pki-test,o=nowina solutions,cn=external-ca
11:39:07.136 [pool-7-thread-35] INFO eu.europa.esig.dss.spi.x509.TokenIssuerSelector - ISSUER SUBJECT : c=lu,ou=pki-test,o=nowina solutions,cn=external-ca-alternative
11:39:07.137 [pool-7-thread-35] INFO eu.europa.esig.dss.spi.x509.TokenIssuerSelector - The issuer subject name and subject name does not match (more details in debug mode).
11:39:07.137 [pool-7-thread-35] INFO eu.europa.esig.dss.spi.x509.TokenIssuerSelector - CERT ISSUER    : c=lu,ou=pki-test,o=nowina solutions,cn=external-ca
11:39:07.137 [pool-7-thread-35] INFO eu.europa.esig.dss.spi.x509.TokenIssuerSelector - ISSUER SUBJECT : c=lu,ou=pki-test,o=nowina solutions,cn=external-ca-alternative
11:39:07.137 [pool-7-thread-35] INFO eu.europa.esig.dss.spi.x509.TokenIssuerSelector - The issuer subject name and subject name does not match (more details in debug mode).
11:39:07.137 [pool-7-thread-35] INFO eu.europa.esig.dss.spi.x509.TokenIssuerSelector - CERT ISSUER    : c=lu,ou=pki-test,o=nowina solutions,cn=external-ca
11:39:07.137 [pool-7-thread-35] INFO eu.europa.esig.dss.spi.x509.TokenIssuerSelector - ISSUER SUBJECT : c=lu,ou=pki-test,o=nowina solutions,cn=external-ca-alternative
11:39:07.137 [pool-7-thread-26] WARN eu.europa.esig.dss.spi.x509.TokenIssuerSelector - No issuer found for the token creation date. The process continues with an issuer which has the same public key.
11:39:07.138 [pool-7-thread-26] WARN eu.europa.esig.dss.spi.x509.TokenIssuerSelector - No issuer found for the token creation date. The process continues with an issuer which has the same public key.
11:39:07.140 [pool-7-thread-26] INFO eu.europa.esig.dss.spi.x509.TokenIssuerSelector - The issuer subject name and subject name does not match (more details in debug mode).
11:39:07.140 [pool-7-thread-26] INFO eu.europa.esig.dss.spi.x509.TokenIssuerSelector - CERT ISSUER    : c=lu,ou=pki-test,o=nowina solutions,cn=external-ca
11:39:07.141 [pool-7-thread-26] INFO eu.europa.esig.dss.spi.x509.TokenIssuerSelector - ISSUER SUBJECT : c=lu,ou=pki-test,o=nowina solutions,cn=external-ca-alternative
11:39:07.141 [pool-7-thread-26] INFO eu.europa.esig.dss.spi.x509.TokenIssuerSelector - The issuer subject name and subject name does not match (more details in debug mode).
11:39:07.141 [pool-7-thread-26] INFO eu.europa.esig.dss.spi.x509.TokenIssuerSelector - CERT ISSUER    : c=lu,ou=pki-test,o=nowina solutions,cn=external-ca
11:39:07.141 [pool-7-thread-26] INFO eu.europa.esig.dss.spi.x509.TokenIssuerSelector - ISSUER SUBJECT : c=lu,ou=pki-test,o=nowina solutions,cn=external-ca-alternative
11:39:07.141 [pool-7-thread-26] INFO eu.europa.esig.dss.spi.x509.TokenIssuerSelector - The issuer subject name and subject name does not match (more details in debug mode).
11:39:07.141 [pool-7-thread-26] INFO eu.europa.esig.dss.spi.x509.TokenIssuerSelector - CERT ISSUER    : c=lu,ou=pki-test,o=nowina solutions,cn=external-ca
11:39:07.141 [pool-7-thread-26] INFO eu.europa.esig.dss.spi.x509.TokenIssuerSelector - ISSUER SUBJECT : c=lu,ou=pki-test,o=nowina solutions,cn=external-ca-alternative
11:39:07.150 [pool-7-thread-14] WARN eu.europa.esig.dss.spi.x509.TokenIssuerSelector - No issuer found for the token creation date. The process continues with an issuer which has the same public key.
11:39:07.150 [pool-7-thread-14] WARN eu.europa.esig.dss.spi.x509.TokenIssuerSelector - No issuer found for the token creation date. The process continues with an issuer which has the same public key.
11:39:07.152 [pool-7-thread-14] INFO eu.europa.esig.dss.spi.x509.TokenIssuerSelector - The issuer subject name and subject name does not match (more details in debug mode).
11:39:07.152 [pool-7-thread-14] INFO eu.europa.esig.dss.spi.x509.TokenIssuerSelector - CERT ISSUER    : c=lu,ou=pki-test,o=nowina solutions,cn=external-ca
11:39:07.152 [pool-7-thread-14] INFO eu.europa.esig.dss.spi.x509.TokenIssuerSelector - ISSUER SUBJECT : c=lu,ou=pki-test,o=nowina solutions,cn=external-ca-alternative
11:39:07.153 [pool-7-thread-14] INFO eu.europa.esig.dss.spi.x509.TokenIssuerSelector - The issuer subject name and subject name does not match (more details in debug mode).
11:39:07.153 [pool-7-thread-14] INFO eu.europa.esig.dss.spi.x509.TokenIssuerSelector - CERT ISSUER    : c=lu,ou=pki-test,o=nowina solutions,cn=external-ca
11:39:07.153 [pool-7-thread-14] INFO eu.europa.esig.dss.spi.x509.TokenIssuerSelector - ISSUER SUBJECT : c=lu,ou=pki-test,o=nowina solutions,cn=external-ca-alternative
11:39:07.153 [pool-7-thread-14] INFO eu.europa.esig.dss.spi.x509.TokenIssuerSelector - The issuer subject name and subject name does not match (more details in debug mode).
11:39:07.153 [pool-7-thread-14] INFO eu.europa.esig.dss.spi.x509.TokenIssuerSelector - CERT ISSUER    : c=lu,ou=pki-test,o=nowina solutions,cn=external-ca
11:39:07.153 [pool-7-thread-14] INFO eu.europa.esig.dss.spi.x509.TokenIssuerSelector - ISSUER SUBJECT : c=lu,ou=pki-test,o=nowina solutions,cn=external-ca-alternative
11:39:07.155 [pool-7-thread-22] WARN eu.europa.esig.dss.spi.x509.TokenIssuerSelector - No issuer found for the token creation date. The process continues with an issuer which has the same public key.
11:39:07.165 [pool-7-thread-46] WARN eu.europa.esig.dss.spi.x509.TokenIssuerSelector - No issuer found for the token creation date. The process continues with an issuer which has the same public key.
11:39:07.166 [pool-7-thread-46] WARN eu.europa.esig.dss.spi.x509.TokenIssuerSelector - No issuer found for the token creation date. The process continues with an issuer which has the same public key.
11:39:07.168 [pool-7-thread-46] INFO eu.europa.esig.dss.spi.x509.TokenIssuerSelector - The issuer subject name and subject name does not match (more details in debug mode).
11:39:07.168 [pool-7-thread-46] INFO eu.europa.esig.dss.spi.x509.TokenIssuerSelector - CERT ISSUER    : c=lu,ou=pki-test,o=nowina solutions,cn=external-ca
11:39:07.168 [pool-7-thread-46] INFO eu.europa.esig.dss.spi.x509.TokenIssuerSelector - ISSUER SUBJECT : c=lu,ou=pki-test,o=nowina solutions,cn=external-ca-alternative
11:39:07.168 [pool-7-thread-46] INFO eu.europa.esig.dss.spi.x509.TokenIssuerSelector - The issuer subject name and subject name does not match (more details in debug mode).
11:39:07.169 [pool-7-thread-46] INFO eu.europa.esig.dss.spi.x509.TokenIssuerSelector - CERT ISSUER    : c=lu,ou=pki-test,o=nowina solutions,cn=external-ca
11:39:07.169 [pool-7-thread-46] INFO eu.europa.esig.dss.spi.x509.TokenIssuerSelector - ISSUER SUBJECT : c=lu,ou=pki-test,o=nowina solutions,cn=external-ca-alternative
11:39:07.169 [pool-7-thread-46] INFO eu.europa.esig.dss.spi.x509.TokenIssuerSelector - The issuer subject name and subject name does not match (more details in debug mode).
11:39:07.169 [pool-7-thread-46] INFO eu.europa.esig.dss.spi.x509.TokenIssuerSelector - CERT ISSUER    : c=lu,ou=pki-test,o=nowina solutions,cn=external-ca
11:39:07.169 [pool-7-thread-46] INFO eu.europa.esig.dss.spi.x509.TokenIssuerSelector - ISSUER SUBJECT : c=lu,ou=pki-test,o=nowina solutions,cn=external-ca-alternative
11:39:07.170 [pool-7-thread-94] WARN eu.europa.esig.dss.spi.x509.TokenIssuerSelector - No issuer found for the token creation date. The process continues with an issuer which has the same public key.
11:39:07.175 [pool-7-thread-94] WARN eu.europa.esig.dss.spi.x509.TokenIssuerSelector - No issuer found for the token creation date. The process continues with an issuer which has the same public key.
11:39:07.179 [pool-7-thread-94] INFO eu.europa.esig.dss.spi.x509.TokenIssuerSelector - The issuer subject name and subject name does not match (more details in debug mode).
11:39:07.179 [pool-7-thread-94] INFO eu.europa.esig.dss.spi.x509.TokenIssuerSelector - CERT ISSUER    : c=lu,ou=pki-test,o=nowina solutions,cn=external-ca
11:39:07.179 [pool-7-thread-94] INFO eu.europa.esig.dss.spi.x509.TokenIssuerSelector - ISSUER SUBJECT : c=lu,ou=pki-test,o=nowina solutions,cn=external-ca-alternative
11:39:07.179 [pool-7-thread-94] INFO eu.europa.esig.dss.spi.x509.TokenIssuerSelector - The issuer subject name and subject name does not match (more details in debug mode).
11:39:07.179 [pool-7-thread-94] INFO eu.europa.esig.dss.spi.x509.TokenIssuerSelector - CERT ISSUER    : c=lu,ou=pki-test,o=nowina solutions,cn=external-ca
11:39:07.179 [pool-7-thread-94] INFO eu.europa.esig.dss.spi.x509.TokenIssuerSelector - ISSUER SUBJECT : c=lu,ou=pki-test,o=nowina solutions,cn=external-ca-alternative
11:39:07.179 [pool-7-thread-94] INFO eu.europa.esig.dss.spi.x509.TokenIssuerSelector - The issuer subject name and subject name does not match (more details in debug mode).
11:39:07.179 [pool-7-thread-94] INFO eu.europa.esig.dss.spi.x509.TokenIssuerSelector - CERT ISSUER    : c=lu,ou=pki-test,o=nowina solutions,cn=external-ca
11:39:07.179 [pool-7-thread-94] INFO eu.europa.esig.dss.spi.x509.TokenIssuerSelector - ISSUER SUBJECT : c=lu,ou=pki-test,o=nowina solutions,cn=external-ca-alternative
11:39:07.182 [pool-7-thread-10] WARN eu.europa.esig.dss.spi.x509.TokenIssuerSelector - No issuer found for the token creation date. The process continues with an issuer which has the same public key.
11:39:07.183 [pool-7-thread-44] WARN eu.europa.esig.dss.spi.x509.TokenIssuerSelector - No issuer found for the token creation date. The process continues with an issuer which has the same public key.
11:39:07.184 [pool-7-thread-44] WARN eu.europa.esig.dss.spi.x509.TokenIssuerSelector - No issuer found for the token creation date. The process continues with an issuer which has the same public key.
11:39:07.185 [pool-7-thread-33] WARN eu.europa.esig.dss.spi.x509.TokenIssuerSelector - No issuer found for the token creation date. The process continues with an issuer which has the same public key.
11:39:07.186 [pool-7-thread-33] WARN eu.europa.esig.dss.spi.x509.TokenIssuerSelector - No issuer found for the token creation date. The process continues with an issuer which has the same public key.
11:39:07.188 [pool-7-thread-33] INFO eu.europa.esig.dss.spi.x509.TokenIssuerSelector - The issuer subject name and subject name does not match (more details in debug mode).
11:39:07.188 [pool-7-thread-33] INFO eu.europa.esig.dss.spi.x509.TokenIssuerSelector - CERT ISSUER    : c=lu,ou=pki-test,o=nowina solutions,cn=external-ca
11:39:07.188 [pool-7-thread-33] INFO eu.europa.esig.dss.spi.x509.TokenIssuerSelector - ISSUER SUBJECT : c=lu,ou=pki-test,o=nowina solutions,cn=external-ca-alternative
11:39:07.188 [pool-7-thread-33] INFO eu.europa.esig.dss.spi.x509.TokenIssuerSelector - The issuer subject name and subject name does not match (more details in debug mode).
11:39:07.188 [pool-7-thread-33] INFO eu.europa.esig.dss.spi.x509.TokenIssuerSelector - CERT ISSUER    : c=lu,ou=pki-test,o=nowina solutions,cn=external-ca
11:39:07.188 [pool-7-thread-33] INFO eu.europa.esig.dss.spi.x509.TokenIssuerSelector - ISSUER SUBJECT : c=lu,ou=pki-test,o=nowina solutions,cn=external-ca-alternative
11:39:07.188 [pool-7-thread-33] INFO eu.europa.esig.dss.spi.x509.TokenIssuerSelector - The issuer subject name and subject name does not match (more details in debug mode).
11:39:07.188 [pool-7-thread-33] INFO eu.europa.esig.dss.spi.x509.TokenIssuerSelector - CERT ISSUER    : c=lu,ou=pki-test,o=nowina solutions,cn=external-ca
11:39:07.188 [pool-7-thread-33] INFO eu.europa.esig.dss.spi.x509.TokenIssuerSelector - ISSUER SUBJECT : c=lu,ou=pki-test,o=nowina solutions,cn=external-ca-alternative
11:39:07.189 [pool-7-thread-88] WARN eu.europa.esig.dss.spi.x509.TokenIssuerSelector - No issuer found for the token creation date. The process continues with an issuer which has the same public key.
11:39:07.190 [pool-7-thread-88] WARN eu.europa.esig.dss.spi.x509.TokenIssuerSelector - No issuer found for the token creation date. The process continues with an issuer which has the same public key.
11:39:07.191 [pool-7-thread-21] WARN eu.europa.esig.dss.spi.x509.TokenIssuerSelector - No issuer found for the token creation date. The process continues with an issuer which has the same public key.
11:39:07.194 [pool-7-thread-21] INFO eu.europa.esig.dss.spi.x509.TokenIssuerSelector - The issuer subject name and subject name does not match (more details in debug mode).
11:39:07.194 [pool-7-thread-21] INFO eu.europa.esig.dss.spi.x509.TokenIssuerSelector - CERT ISSUER    : c=lu,ou=pki-test,o=nowina solutions,cn=external-ca
11:39:07.194 [pool-7-thread-21] INFO eu.europa.esig.dss.spi.x509.TokenIssuerSelector - ISSUER SUBJECT : c=lu,ou=pki-test,o=nowina solutions,cn=external-ca-alternative
11:39:07.194 [pool-7-thread-21] INFO eu.europa.esig.dss.spi.x509.TokenIssuerSelector - The issuer subject name and subject name does not match (more details in debug mode).
11:39:07.194 [pool-7-thread-21] INFO eu.europa.esig.dss.spi.x509.TokenIssuerSelector - CERT ISSUER    : c=lu,ou=pki-test,o=nowina solutions,cn=external-ca
11:39:07.194 [pool-7-thread-21] INFO eu.europa.esig.dss.spi.x509.TokenIssuerSelector - ISSUER SUBJECT : c=lu,ou=pki-test,o=nowina solutions,cn=external-ca-alternative
11:39:07.194 [pool-7-thread-21] INFO eu.europa.esig.dss.spi.x509.TokenIssuerSelector - The issuer subject name and subject name does not match (more details in debug mode).
11:39:07.194 [pool-7-thread-21] INFO eu.europa.esig.dss.spi.x509.TokenIssuerSelector - CERT ISSUER    : c=lu,ou=pki-test,o=nowina solutions,cn=external-ca
11:39:07.194 [pool-7-thread-21] INFO eu.europa.esig.dss.spi.x509.TokenIssuerSelector - ISSUER SUBJECT : c=lu,ou=pki-test,o=nowina solutions,cn=external-ca-alternative
11:39:07.196 [pool-7-thread-13] INFO eu.europa.esig.dss.spi.x509.TokenIssuerSelector - The issuer subject name and subject name does not match (more details in debug mode).
11:39:07.196 [pool-7-thread-13] INFO eu.europa.esig.dss.spi.x509.TokenIssuerSelector - CERT ISSUER    : c=lu,ou=pki-test,o=nowina solutions,cn=external-ca
11:39:07.196 [pool-7-thread-13] INFO eu.europa.esig.dss.spi.x509.TokenIssuerSelector - ISSUER SUBJECT : c=lu,ou=pki-test,o=nowina solutions,cn=external-ca-alternative
11:39:07.196 [pool-7-thread-13] INFO eu.europa.esig.dss.spi.x509.TokenIssuerSelector - The issuer subject name and subject name does not match (more details in debug mode).
11:39:07.196 [pool-7-thread-13] INFO eu.europa.esig.dss.spi.x509.TokenIssuerSelector - CERT ISSUER    : c=lu,ou=pki-test,o=nowina solutions,cn=external-ca
11:39:07.196 [pool-7-thread-13] INFO eu.europa.esig.dss.spi.x509.TokenIssuerSelector - ISSUER SUBJECT : c=lu,ou=pki-test,o=nowina solutions,cn=external-ca-alternative
11:39:07.196 [pool-7-thread-13] INFO eu.europa.esig.dss.spi.x509.TokenIssuerSelector - The issuer subject name and subject name does not match (more details in debug mode).
11:39:07.196 [pool-7-thread-13] INFO eu.europa.esig.dss.spi.x509.TokenIssuerSelector - CERT ISSUER    : c=lu,ou=pki-test,o=nowina solutions,cn=external-ca
11:39:07.196 [pool-7-thread-13] INFO eu.europa.esig.dss.spi.x509.TokenIssuerSelector - ISSUER SUBJECT : c=lu,ou=pki-test,o=nowina solutions,cn=external-ca-alternative
11:39:07.197 [pool-7-thread-94] WARN eu.europa.esig.dss.spi.x509.TokenIssuerSelector - No issuer found for the token creation date. The process continues with an issuer which has the same public key.
11:39:07.200 [pool-7-thread-94] WARN eu.europa.esig.dss.spi.x509.TokenIssuerSelector - No issuer found for the token creation date. The process continues with an issuer which has the same public key.
11:39:07.203 [pool-7-thread-94] INFO eu.europa.esig.dss.spi.x509.TokenIssuerSelector - The issuer subject name and subject name does not match (more details in debug mode).
11:39:07.203 [pool-7-thread-94] INFO eu.europa.esig.dss.spi.x509.TokenIssuerSelector - CERT ISSUER    : c=lu,ou=pki-test,o=nowina solutions,cn=external-ca
11:39:07.203 [pool-7-thread-94] INFO eu.europa.esig.dss.spi.x509.TokenIssuerSelector - ISSUER SUBJECT : c=lu,ou=pki-test,o=nowina solutions,cn=external-ca-alternative
11:39:07.203 [pool-7-thread-94] INFO eu.europa.esig.dss.spi.x509.TokenIssuerSelector - The issuer subject name and subject name does not match (more details in debug mode).
11:39:07.203 [pool-7-thread-94] INFO eu.europa.esig.dss.spi.x509.TokenIssuerSelector - CERT ISSUER    : c=lu,ou=pki-test,o=nowina solutions,cn=external-ca
11:39:07.203 [pool-7-thread-94] INFO eu.europa.esig.dss.spi.x509.TokenIssuerSelector - ISSUER SUBJECT : c=lu,ou=pki-test,o=nowina solutions,cn=external-ca-alternative
11:39:07.203 [pool-7-thread-94] INFO eu.europa.esig.dss.spi.x509.TokenIssuerSelector - The issuer subject name and subject name does not match (more details in debug mode).
11:39:07.203 [pool-7-thread-94] INFO eu.europa.esig.dss.spi.x509.TokenIssuerSelector - CERT ISSUER    : c=lu,ou=pki-test,o=nowina solutions,cn=external-ca
11:39:07.203 [pool-7-thread-94] INFO eu.europa.esig.dss.spi.x509.TokenIssuerSelector - ISSUER SUBJECT : c=lu,ou=pki-test,o=nowina solutions,cn=external-ca-alternative
11:39:07.206 [pool-7-thread-28] WARN eu.europa.esig.dss.spi.x509.TokenIssuerSelector - No issuer found for the token creation date. The process continues with an issuer which has the same public key.
11:39:07.207 [pool-7-thread-30] INFO eu.europa.esig.dss.spi.x509.TokenIssuerSelector - The issuer subject name and subject name does not match (more details in debug mode).
11:39:07.207 [pool-7-thread-30] INFO eu.europa.esig.dss.spi.x509.TokenIssuerSelector - CERT ISSUER    : c=lu,ou=pki-test,o=nowina solutions,cn=external-ca
11:39:07.207 [pool-7-thread-30] INFO eu.europa.esig.dss.spi.x509.TokenIssuerSelector - ISSUER SUBJECT : c=lu,ou=pki-test,o=nowina solutions,cn=external-ca-alternative
11:39:07.207 [pool-7-thread-30] INFO eu.europa.esig.dss.spi.x509.TokenIssuerSelector - The issuer subject name and subject name does not match (more details in debug mode).
11:39:07.207 [pool-7-thread-30] INFO eu.europa.esig.dss.spi.x509.TokenIssuerSelector - CERT ISSUER    : c=lu,ou=pki-test,o=nowina solutions,cn=external-ca
11:39:07.207 [pool-7-thread-30] INFO eu.europa.esig.dss.spi.x509.TokenIssuerSelector - ISSUER SUBJECT : c=lu,ou=pki-test,o=nowina solutions,cn=external-ca-alternative
11:39:07.207 [pool-7-thread-30] INFO eu.europa.esig.dss.spi.x509.TokenIssuerSelector - The issuer subject name and subject name does not match (more details in debug mode).
11:39:07.207 [pool-7-thread-30] INFO eu.europa.esig.dss.spi.x509.TokenIssuerSelector - CERT ISSUER    : c=lu,ou=pki-test,o=nowina solutions,cn=external-ca
11:39:07.207 [pool-7-thread-30] INFO eu.europa.esig.dss.spi.x509.TokenIssuerSelector - ISSUER SUBJECT : c=lu,ou=pki-test,o=nowina solutions,cn=external-ca-alternative
11:39:07.208 [pool-7-thread-31] WARN eu.europa.esig.dss.spi.x509.TokenIssuerSelector - No issuer found for the token creation date. The process continues with an issuer which has the same public key.
11:39:07.208 [pool-7-thread-31] WARN eu.europa.esig.dss.spi.x509.TokenIssuerSelector - No issuer found for the token creation date. The process continues with an issuer which has the same public key.
11:39:07.210 [pool-7-thread-31] INFO eu.europa.esig.dss.spi.x509.TokenIssuerSelector - The issuer subject name and subject name does not match (more details in debug mode).
11:39:07.210 [pool-7-thread-31] INFO eu.europa.esig.dss.spi.x509.TokenIssuerSelector - CERT ISSUER    : c=lu,ou=pki-test,o=nowina solutions,cn=external-ca
11:39:07.210 [pool-7-thread-31] INFO eu.europa.esig.dss.spi.x509.TokenIssuerSelector - ISSUER SUBJECT : c=lu,ou=pki-test,o=nowina solutions,cn=external-ca-alternative
11:39:07.210 [pool-7-thread-31] INFO eu.europa.esig.dss.spi.x509.TokenIssuerSelector - The issuer subject name and subject name does not match (more details in debug mode).
11:39:07.210 [pool-7-thread-31] INFO eu.europa.esig.dss.spi.x509.TokenIssuerSelector - CERT ISSUER    : c=lu,ou=pki-test,o=nowina solutions,cn=external-ca
11:39:07.210 [pool-7-thread-31] INFO eu.europa.esig.dss.spi.x509.TokenIssuerSelector - ISSUER SUBJECT : c=lu,ou=pki-test,o=nowina solutions,cn=external-ca-alternative
11:39:07.210 [pool-7-thread-31] INFO eu.europa.esig.dss.spi.x509.TokenIssuerSelector - The issuer subject name and subject name does not match (more details in debug mode).
11:39:07.210 [pool-7-thread-31] INFO eu.europa.esig.dss.spi.x509.TokenIssuerSelector - CERT ISSUER    : c=lu,ou=pki-test,o=nowina solutions,cn=external-ca
11:39:07.210 [pool-7-thread-31] INFO eu.europa.esig.dss.spi.x509.TokenIssuerSelector - ISSUER SUBJECT : c=lu,ou=pki-test,o=nowina solutions,cn=external-ca-alternative
11:39:07.210 [pool-7-thread-92] WARN eu.europa.esig.dss.spi.x509.TokenIssuerSelector - No issuer found for the token creation date. The process continues with an issuer which has the same public key.
11:39:07.212 [pool-7-thread-92] WARN eu.europa.esig.dss.spi.x509.TokenIssuerSelector - No issuer found for the token creation date. The process continues with an issuer which has the same public key.
11:39:07.213 [pool-7-thread-92] INFO eu.europa.esig.dss.spi.x509.TokenIssuerSelector - The issuer subject name and subject name does not match (more details in debug mode).
11:39:07.213 [pool-7-thread-92] INFO eu.europa.esig.dss.spi.x509.TokenIssuerSelector - CERT ISSUER    : c=lu,ou=pki-test,o=nowina solutions,cn=external-ca
11:39:07.214 [pool-7-thread-92] INFO eu.europa.esig.dss.spi.x509.TokenIssuerSelector - ISSUER SUBJECT : c=lu,ou=pki-test,o=nowina solutions,cn=external-ca-alternative
11:39:07.214 [pool-7-thread-92] INFO eu.europa.esig.dss.spi.x509.TokenIssuerSelector - The issuer subject name and subject name does not match (more details in debug mode).
11:39:07.214 [pool-7-thread-92] INFO eu.europa.esig.dss.spi.x509.TokenIssuerSelector - CERT ISSUER    : c=lu,ou=pki-test,o=nowina solutions,cn=external-ca
11:39:07.214 [pool-7-thread-92] INFO eu.europa.esig.dss.spi.x509.TokenIssuerSelector - ISSUER SUBJECT : c=lu,ou=pki-test,o=nowina solutions,cn=external-ca-alternative
11:39:07.214 [pool-7-thread-92] INFO eu.europa.esig.dss.spi.x509.TokenIssuerSelector - The issuer subject name and subject name does not match (more details in debug mode).
11:39:07.214 [pool-7-thread-92] INFO eu.europa.esig.dss.spi.x509.TokenIssuerSelector - CERT ISSUER    : c=lu,ou=pki-test,o=nowina solutions,cn=external-ca
11:39:07.214 [pool-7-thread-92] INFO eu.europa.esig.dss.spi.x509.TokenIssuerSelector - ISSUER SUBJECT : c=lu,ou=pki-test,o=nowina solutions,cn=external-ca-alternative
11:39:07.216 [pool-7-thread-30] WARN eu.europa.esig.dss.spi.x509.TokenIssuerSelector - No issuer found for the token creation date. The process continues with an issuer which has the same public key.
11:39:07.217 [pool-7-thread-30] WARN eu.europa.esig.dss.spi.x509.TokenIssuerSelector - No issuer found for the token creation date. The process continues with an issuer which has the same public key.
11:39:07.219 [pool-7-thread-30] INFO eu.europa.esig.dss.spi.x509.TokenIssuerSelector - The issuer subject name and subject name does not match (more details in debug mode).
11:39:07.219 [pool-7-thread-30] INFO eu.europa.esig.dss.spi.x509.TokenIssuerSelector - CERT ISSUER    : c=lu,ou=pki-test,o=nowina solutions,cn=external-ca
11:39:07.219 [pool-7-thread-30] INFO eu.europa.esig.dss.spi.x509.TokenIssuerSelector - ISSUER SUBJECT : c=lu,ou=pki-test,o=nowina solutions,cn=external-ca-alternative
11:39:07.219 [pool-7-thread-30] INFO eu.europa.esig.dss.spi.x509.TokenIssuerSelector - The issuer subject name and subject name does not match (more details in debug mode).
11:39:07.219 [pool-7-thread-30] INFO eu.europa.esig.dss.spi.x509.TokenIssuerSelector - CERT ISSUER    : c=lu,ou=pki-test,o=nowina solutions,cn=external-ca
11:39:07.219 [pool-7-thread-30] INFO eu.europa.esig.dss.spi.x509.TokenIssuerSelector - ISSUER SUBJECT : c=lu,ou=pki-test,o=nowina solutions,cn=external-ca-alternative
11:39:07.219 [pool-7-thread-30] INFO eu.europa.esig.dss.spi.x509.TokenIssuerSelector - The issuer subject name and subject name does not match (more details in debug mode).
11:39:07.219 [pool-7-thread-30] INFO eu.europa.esig.dss.spi.x509.TokenIssuerSelector - CERT ISSUER    : c=lu,ou=pki-test,o=nowina solutions,cn=external-ca
11:39:07.219 [pool-7-thread-30] INFO eu.europa.esig.dss.spi.x509.TokenIssuerSelector - ISSUER SUBJECT : c=lu,ou=pki-test,o=nowina solutions,cn=external-ca-alternative
11:39:07.223 [pool-7-thread-13] WARN eu.europa.esig.dss.spi.x509.TokenIssuerSelector - No issuer found for the token creation date. The process continues with an issuer which has the same public key.
11:39:07.223 [pool-7-thread-13] WARN eu.europa.esig.dss.spi.x509.TokenIssuerSelector - No issuer found for the token creation date. The process continues with an issuer which has the same public key.
11:39:07.225 [pool-7-thread-13] INFO eu.europa.esig.dss.spi.x509.TokenIssuerSelector - The issuer subject name and subject name does not match (more details in debug mode).
11:39:07.226 [pool-7-thread-13] INFO eu.europa.esig.dss.spi.x509.TokenIssuerSelector - CERT ISSUER    : c=lu,ou=pki-test,o=nowina solutions,cn=external-ca
11:39:07.226 [pool-7-thread-13] INFO eu.europa.esig.dss.spi.x509.TokenIssuerSelector - ISSUER SUBJECT : c=lu,ou=pki-test,o=nowina solutions,cn=external-ca-alternative
11:39:07.226 [pool-7-thread-13] INFO eu.europa.esig.dss.spi.x509.TokenIssuerSelector - The issuer subject name and subject name does not match (more details in debug mode).
11:39:07.226 [pool-7-thread-13] INFO eu.europa.esig.dss.spi.x509.TokenIssuerSelector - CERT ISSUER    : c=lu,ou=pki-test,o=nowina solutions,cn=external-ca
11:39:07.226 [pool-7-thread-13] INFO eu.europa.esig.dss.spi.x509.TokenIssuerSelector - ISSUER SUBJECT : c=lu,ou=pki-test,o=nowina solutions,cn=external-ca-alternative
11:39:07.226 [pool-7-thread-13] INFO eu.europa.esig.dss.spi.x509.TokenIssuerSelector - The issuer subject name and subject name does not match (more details in debug mode).
11:39:07.226 [pool-7-thread-13] INFO eu.europa.esig.dss.spi.x509.TokenIssuerSelector - CERT ISSUER    : c=lu,ou=pki-test,o=nowina solutions,cn=external-ca
11:39:07.226 [pool-7-thread-13] INFO eu.europa.esig.dss.spi.x509.TokenIssuerSelector - ISSUER SUBJECT : c=lu,ou=pki-test,o=nowina solutions,cn=external-ca-alternative
11:39:07.227 [pool-7-thread-29] WARN eu.europa.esig.dss.spi.x509.TokenIssuerSelector - No issuer found for the token creation date. The process continues with an issuer which has the same public key.
11:39:07.229 [pool-7-thread-29] INFO eu.europa.esig.dss.spi.x509.TokenIssuerSelector - The issuer subject name and subject name does not match (more details in debug mode).
11:39:07.229 [pool-7-thread-29] INFO eu.europa.esig.dss.spi.x509.TokenIssuerSelector - CERT ISSUER    : c=lu,ou=pki-test,o=nowina solutions,cn=external-ca
11:39:07.229 [pool-7-thread-29] INFO eu.europa.esig.dss.spi.x509.TokenIssuerSelector - ISSUER SUBJECT : c=lu,ou=pki-test,o=nowina solutions,cn=external-ca-alternative
11:39:07.230 [pool-7-thread-29] INFO eu.europa.esig.dss.spi.x509.TokenIssuerSelector - The issuer subject name and subject name does not match (more details in debug mode).
11:39:07.230 [pool-7-thread-29] INFO eu.europa.esig.dss.spi.x509.TokenIssuerSelector - CERT ISSUER    : c=lu,ou=pki-test,o=nowina solutions,cn=external-ca
11:39:07.230 [pool-7-thread-29] INFO eu.europa.esig.dss.spi.x509.TokenIssuerSelector - ISSUER SUBJECT : c=lu,ou=pki-test,o=nowina solutions,cn=external-ca-alternative
11:39:07.230 [pool-7-thread-29] INFO eu.europa.esig.dss.spi.x509.TokenIssuerSelector - The issuer subject name and subject name does not match (more details in debug mode).
11:39:07.230 [pool-7-thread-29] INFO eu.europa.esig.dss.spi.x509.TokenIssuerSelector - CERT ISSUER    : c=lu,ou=pki-test,o=nowina solutions,cn=external-ca
11:39:07.230 [pool-7-thread-29] INFO eu.europa.esig.dss.spi.x509.TokenIssuerSelector - ISSUER SUBJECT : c=lu,ou=pki-test,o=nowina solutions,cn=external-ca-alternative
11:39:07.231 [pool-7-thread-14] WARN eu.europa.esig.dss.spi.x509.TokenIssuerSelector - No issuer found for the token creation date. The process continues with an issuer which has the same public key.
11:39:07.232 [pool-7-thread-14] WARN eu.europa.esig.dss.spi.x509.TokenIssuerSelector - No issuer found for the token creation date. The process continues with an issuer which has the same public key.
11:39:07.232 [pool-7-thread-6] WARN eu.europa.esig.dss.spi.x509.TokenIssuerSelector - No issuer found for the token creation date. The process continues with an issuer which has the same public key.
11:39:07.233 [pool-7-thread-11] WARN eu.europa.esig.dss.spi.x509.TokenIssuerSelector - No issuer found for the token creation date. The process continues with an issuer which has the same public key.
11:39:07.234 [pool-7-thread-4] WARN eu.europa.esig.dss.spi.x509.TokenIssuerSelector - No issuer found for the token creation date. The process continues with an issuer which has the same public key.
11:39:07.237 [pool-7-thread-13] WARN eu.europa.esig.dss.spi.x509.TokenIssuerSelector - No issuer found for the token creation date. The process continues with an issuer which has the same public key.
11:39:07.238 [pool-7-thread-13] WARN eu.europa.esig.dss.spi.x509.TokenIssuerSelector - No issuer found for the token creation date. The process continues with an issuer which has the same public key.
11:39:07.240 [pool-7-thread-6] INFO eu.europa.esig.dss.spi.x509.TokenIssuerSelector - The issuer subject name and subject name does not match (more details in debug mode).
11:39:07.240 [pool-7-thread-6] INFO eu.europa.esig.dss.spi.x509.TokenIssuerSelector - CERT ISSUER    : c=lu,ou=pki-test,o=nowina solutions,cn=external-ca
11:39:07.240 [pool-7-thread-6] INFO eu.europa.esig.dss.spi.x509.TokenIssuerSelector - ISSUER SUBJECT : c=lu,ou=pki-test,o=nowina solutions,cn=external-ca-alternative
11:39:07.240 [pool-7-thread-6] INFO eu.europa.esig.dss.spi.x509.TokenIssuerSelector - The issuer subject name and subject name does not match (more details in debug mode).
11:39:07.240 [pool-7-thread-6] INFO eu.europa.esig.dss.spi.x509.TokenIssuerSelector - CERT ISSUER    : c=lu,ou=pki-test,o=nowina solutions,cn=external-ca
11:39:07.240 [pool-7-thread-6] INFO eu.europa.esig.dss.spi.x509.TokenIssuerSelector - ISSUER SUBJECT : c=lu,ou=pki-test,o=nowina solutions,cn=external-ca-alternative
11:39:07.240 [pool-7-thread-6] INFO eu.europa.esig.dss.spi.x509.TokenIssuerSelector - The issuer subject name and subject name does not match (more details in debug mode).
11:39:07.240 [pool-7-thread-6] INFO eu.europa.esig.dss.spi.x509.TokenIssuerSelector - CERT ISSUER    : c=lu,ou=pki-test,o=nowina solutions,cn=external-ca
11:39:07.240 [pool-7-thread-6] INFO eu.europa.esig.dss.spi.x509.TokenIssuerSelector - ISSUER SUBJECT : c=lu,ou=pki-test,o=nowina solutions,cn=external-ca-alternative
11:39:07.241 [pool-7-thread-14] INFO eu.europa.esig.dss.spi.x509.TokenIssuerSelector - The issuer subject name and subject name does not match (more details in debug mode).
11:39:07.241 [pool-7-thread-14] INFO eu.europa.esig.dss.spi.x509.TokenIssuerSelector - CERT ISSUER    : c=lu,ou=pki-test,o=nowina solutions,cn=external-ca
11:39:07.241 [pool-7-thread-14] INFO eu.europa.esig.dss.spi.x509.TokenIssuerSelector - ISSUER SUBJECT : c=lu,ou=pki-test,o=nowina solutions,cn=external-ca-alternative
11:39:07.241 [pool-7-thread-14] INFO eu.europa.esig.dss.spi.x509.TokenIssuerSelector - The issuer subject name and subject name does not match (more details in debug mode).
11:39:07.241 [pool-7-thread-14] INFO eu.europa.esig.dss.spi.x509.TokenIssuerSelector - CERT ISSUER    : c=lu,ou=pki-test,o=nowina solutions,cn=external-ca
11:39:07.241 [pool-7-thread-14] INFO eu.europa.esig.dss.spi.x509.TokenIssuerSelector - ISSUER SUBJECT : c=lu,ou=pki-test,o=nowina solutions,cn=external-ca-alternative
11:39:07.241 [pool-7-thread-14] INFO eu.europa.esig.dss.spi.x509.TokenIssuerSelector - The issuer subject name and subject name does not match (more details in debug mode).
11:39:07.241 [pool-7-thread-14] INFO eu.europa.esig.dss.spi.x509.TokenIssuerSelector - CERT ISSUER    : c=lu,ou=pki-test,o=nowina solutions,cn=external-ca
11:39:07.241 [pool-7-thread-14] INFO eu.europa.esig.dss.spi.x509.TokenIssuerSelector - ISSUER SUBJECT : c=lu,ou=pki-test,o=nowina solutions,cn=external-ca-alternative
11:39:07.243 [pool-7-thread-29] WARN eu.europa.esig.dss.spi.x509.TokenIssuerSelector - No issuer found for the token creation date. The process continues with an issuer which has the same public key.
11:39:07.245 [pool-7-thread-14] WARN eu.europa.esig.dss.spi.x509.TokenIssuerSelector - No issuer found for the token creation date. The process continues with an issuer which has the same public key.
11:39:07.247 [pool-7-thread-21] WARN eu.europa.esig.dss.spi.x509.TokenIssuerSelector - No issuer found for the token creation date. The process continues with an issuer which has the same public key.
11:39:07.249 [pool-7-thread-33] WARN eu.europa.esig.dss.spi.x509.TokenIssuerSelector - No issuer found for the token creation date. The process continues with an issuer which has the same public key.
11:39:07.250 [pool-7-thread-3] WARN eu.europa.esig.dss.spi.x509.TokenIssuerSelector - No issuer found for the token creation date. The process continues with an issuer which has the same public key.
11:39:07.253 [pool-7-thread-28] INFO eu.europa.esig.dss.spi.x509.TokenIssuerSelector - The issuer subject name and subject name does not match (more details in debug mode).
11:39:07.253 [pool-7-thread-28] INFO eu.europa.esig.dss.spi.x509.TokenIssuerSelector - CERT ISSUER    : c=lu,ou=pki-test,o=nowina solutions,cn=external-ca
11:39:07.253 [pool-7-thread-28] INFO eu.europa.esig.dss.spi.x509.TokenIssuerSelector - ISSUER SUBJECT : c=lu,ou=pki-test,o=nowina solutions,cn=external-ca-alternative
11:39:07.253 [pool-7-thread-28] INFO eu.europa.esig.dss.spi.x509.TokenIssuerSelector - The issuer subject name and subject name does not match (more details in debug mode).
11:39:07.253 [pool-7-thread-28] INFO eu.europa.esig.dss.spi.x509.TokenIssuerSelector - CERT ISSUER    : c=lu,ou=pki-test,o=nowina solutions,cn=external-ca
11:39:07.253 [pool-7-thread-28] INFO eu.europa.esig.dss.spi.x509.TokenIssuerSelector - ISSUER SUBJECT : c=lu,ou=pki-test,o=nowina solutions,cn=external-ca-alternative
11:39:07.253 [pool-7-thread-28] INFO eu.europa.esig.dss.spi.x509.TokenIssuerSelector - The issuer subject name and subject name does not match (more details in debug mode).
11:39:07.253 [pool-7-thread-28] INFO eu.europa.esig.dss.spi.x509.TokenIssuerSelector - CERT ISSUER    : c=lu,ou=pki-test,o=nowina solutions,cn=external-ca
11:39:07.253 [pool-7-thread-28] INFO eu.europa.esig.dss.spi.x509.TokenIssuerSelector - ISSUER SUBJECT : c=lu,ou=pki-test,o=nowina solutions,cn=external-ca-alternative
11:39:07.254 [pool-7-thread-93] WARN eu.europa.esig.dss.spi.x509.TokenIssuerSelector - No issuer found for the token creation date. The process continues with an issuer which has the same public key.
11:39:07.255 [pool-7-thread-93] WARN eu.europa.esig.dss.spi.x509.TokenIssuerSelector - No issuer found for the token creation date. The process continues with an issuer which has the same public key.
11:39:07.257 [pool-7-thread-93] INFO eu.europa.esig.dss.spi.x509.TokenIssuerSelector - The issuer subject name and subject name does not match (more details in debug mode).
11:39:07.257 [pool-7-thread-93] INFO eu.europa.esig.dss.spi.x509.TokenIssuerSelector - CERT ISSUER    : c=lu,ou=pki-test,o=nowina solutions,cn=external-ca
11:39:07.257 [pool-7-thread-93] INFO eu.europa.esig.dss.spi.x509.TokenIssuerSelector - ISSUER SUBJECT : c=lu,ou=pki-test,o=nowina solutions,cn=external-ca-alternative
11:39:07.257 [pool-7-thread-93] INFO eu.europa.esig.dss.spi.x509.TokenIssuerSelector - The issuer subject name and subject name does not match (more details in debug mode).
11:39:07.257 [pool-7-thread-93] INFO eu.europa.esig.dss.spi.x509.TokenIssuerSelector - CERT ISSUER    : c=lu,ou=pki-test,o=nowina solutions,cn=external-ca
11:39:07.257 [pool-7-thread-93] INFO eu.europa.esig.dss.spi.x509.TokenIssuerSelector - ISSUER SUBJECT : c=lu,ou=pki-test,o=nowina solutions,cn=external-ca-alternative
11:39:07.257 [pool-7-thread-93] INFO eu.europa.esig.dss.spi.x509.TokenIssuerSelector - The issuer subject name and subject name does not match (more details in debug mode).
11:39:07.257 [pool-7-thread-93] INFO eu.europa.esig.dss.spi.x509.TokenIssuerSelector - CERT ISSUER    : c=lu,ou=pki-test,o=nowina solutions,cn=external-ca
11:39:07.257 [pool-7-thread-93] INFO eu.europa.esig.dss.spi.x509.TokenIssuerSelector - ISSUER SUBJECT : c=lu,ou=pki-test,o=nowina solutions,cn=external-ca-alternative
11:39:07.258 [pool-7-thread-36] WARN eu.europa.esig.dss.spi.x509.TokenIssuerSelector - No issuer found for the token creation date. The process continues with an issuer which has the same public key.
11:39:07.260 [pool-7-thread-36] WARN eu.europa.esig.dss.spi.x509.TokenIssuerSelector - No issuer found for the token creation date. The process continues with an issuer which has the same public key.
11:39:07.264 [pool-7-thread-36] INFO eu.europa.esig.dss.spi.x509.TokenIssuerSelector - The issuer subject name and subject name does not match (more details in debug mode).
11:39:07.264 [pool-7-thread-36] INFO eu.europa.esig.dss.spi.x509.TokenIssuerSelector - CERT ISSUER    : c=lu,ou=pki-test,o=nowina solutions,cn=external-ca
11:39:07.264 [pool-7-thread-36] INFO eu.europa.esig.dss.spi.x509.TokenIssuerSelector - ISSUER SUBJECT : c=lu,ou=pki-test,o=nowina solutions,cn=external-ca-alternative
11:39:07.264 [pool-7-thread-36] INFO eu.europa.esig.dss.spi.x509.TokenIssuerSelector - The issuer subject name and subject name does not match (more details in debug mode).
11:39:07.265 [pool-7-thread-36] INFO eu.europa.esig.dss.spi.x509.TokenIssuerSelector - CERT ISSUER    : c=lu,ou=pki-test,o=nowina solutions,cn=external-ca
11:39:07.265 [pool-7-thread-36] INFO eu.europa.esig.dss.spi.x509.TokenIssuerSelector - ISSUER SUBJECT : c=lu,ou=pki-test,o=nowina solutions,cn=external-ca-alternative
11:39:07.265 [pool-7-thread-36] INFO eu.europa.esig.dss.spi.x509.TokenIssuerSelector - The issuer subject name and subject name does not match (more details in debug mode).
11:39:07.265 [pool-7-thread-36] INFO eu.europa.esig.dss.spi.x509.TokenIssuerSelector - CERT ISSUER    : c=lu,ou=pki-test,o=nowina solutions,cn=external-ca
11:39:07.265 [pool-7-thread-36] INFO eu.europa.esig.dss.spi.x509.TokenIssuerSelector - ISSUER SUBJECT : c=lu,ou=pki-test,o=nowina solutions,cn=external-ca-alternative
11:39:07.273 [pool-7-thread-88] INFO eu.europa.esig.dss.spi.x509.TokenIssuerSelector - The issuer subject name and subject name does not match (more details in debug mode).
11:39:07.273 [pool-7-thread-88] INFO eu.europa.esig.dss.spi.x509.TokenIssuerSelector - CERT ISSUER    : c=lu,ou=pki-test,o=nowina solutions,cn=external-ca
11:39:07.273 [pool-7-thread-88] INFO eu.europa.esig.dss.spi.x509.TokenIssuerSelector - ISSUER SUBJECT : c=lu,ou=pki-test,o=nowina solutions,cn=external-ca-alternative
11:39:07.273 [pool-7-thread-88] INFO eu.europa.esig.dss.spi.x509.TokenIssuerSelector - The issuer subject name and subject name does not match (more details in debug mode).
11:39:07.273 [pool-7-thread-88] INFO eu.europa.esig.dss.spi.x509.TokenIssuerSelector - CERT ISSUER    : c=lu,ou=pki-test,o=nowina solutions,cn=external-ca
11:39:07.274 [pool-7-thread-88] INFO eu.europa.esig.dss.spi.x509.TokenIssuerSelector - ISSUER SUBJECT : c=lu,ou=pki-test,o=nowina solutions,cn=external-ca-alternative
11:39:07.274 [pool-7-thread-88] INFO eu.europa.esig.dss.spi.x509.TokenIssuerSelector - The issuer subject name and subject name does not match (more details in debug mode).
11:39:07.274 [pool-7-thread-88] INFO eu.europa.esig.dss.spi.x509.TokenIssuerSelector - CERT ISSUER    : c=lu,ou=pki-test,o=nowina solutions,cn=external-ca
11:39:07.274 [pool-7-thread-88] INFO eu.europa.esig.dss.spi.x509.TokenIssuerSelector - ISSUER SUBJECT : c=lu,ou=pki-test,o=nowina solutions,cn=external-ca-alternative
11:39:07.275 [pool-7-thread-44] INFO eu.europa.esig.dss.spi.x509.TokenIssuerSelector - The issuer subject name and subject name does not match (more details in debug mode).
11:39:07.275 [pool-7-thread-44] INFO eu.europa.esig.dss.spi.x509.TokenIssuerSelector - CERT ISSUER    : c=lu,ou=pki-test,o=nowina solutions,cn=external-ca
11:39:07.275 [pool-7-thread-44] INFO eu.europa.esig.dss.spi.x509.TokenIssuerSelector - ISSUER SUBJECT : c=lu,ou=pki-test,o=nowina solutions,cn=external-ca-alternative
11:39:07.275 [pool-7-thread-44] INFO eu.europa.esig.dss.spi.x509.TokenIssuerSelector - The issuer subject name and subject name does not match (more details in debug mode).
11:39:07.275 [pool-7-thread-44] INFO eu.europa.esig.dss.spi.x509.TokenIssuerSelector - CERT ISSUER    : c=lu,ou=pki-test,o=nowina solutions,cn=external-ca
11:39:07.275 [pool-7-thread-44] INFO eu.europa.esig.dss.spi.x509.TokenIssuerSelector - ISSUER SUBJECT : c=lu,ou=pki-test,o=nowina solutions,cn=external-ca-alternative
11:39:07.275 [pool-7-thread-44] INFO eu.europa.esig.dss.spi.x509.TokenIssuerSelector - The issuer subject name and subject name does not match (more details in debug mode).
11:39:07.275 [pool-7-thread-44] INFO eu.europa.esig.dss.spi.x509.TokenIssuerSelector - CERT ISSUER    : c=lu,ou=pki-test,o=nowina solutions,cn=external-ca
11:39:07.275 [pool-7-thread-44] INFO eu.europa.esig.dss.spi.x509.TokenIssuerSelector - ISSUER SUBJECT : c=lu,ou=pki-test,o=nowina solutions,cn=external-ca-alternative
11:39:07.275 [pool-7-thread-10] WARN eu.europa.esig.dss.spi.x509.TokenIssuerSelector - No issuer found for the token creation date. The process continues with an issuer which has the same public key.
11:39:07.277 [pool-7-thread-83] WARN eu.europa.esig.dss.spi.x509.TokenIssuerSelector - No issuer found for the token creation date. The process continues with an issuer which has the same public key.
11:39:07.278 [pool-7-thread-39] WARN eu.europa.esig.dss.spi.x509.TokenIssuerSelector - No issuer found for the token creation date. The process continues with an issuer which has the same public key.
11:39:07.279 [pool-7-thread-22] WARN eu.europa.esig.dss.spi.x509.TokenIssuerSelector - No issuer found for the token creation date. The process continues with an issuer which has the same public key.
11:39:07.286 [pool-7-thread-89] WARN eu.europa.esig.dss.spi.x509.TokenIssuerSelector - No issuer found for the token creation date. The process continues with an issuer which has the same public key.
11:39:07.287 [pool-7-thread-89] WARN eu.europa.esig.dss.spi.x509.TokenIssuerSelector - No issuer found for the token creation date. The process continues with an issuer which has the same public key.
11:39:07.289 [pool-7-thread-89] INFO eu.europa.esig.dss.spi.x509.TokenIssuerSelector - The issuer subject name and subject name does not match (more details in debug mode).
11:39:07.290 [pool-7-thread-89] INFO eu.europa.esig.dss.spi.x509.TokenIssuerSelector - CERT ISSUER    : c=lu,ou=pki-test,o=nowina solutions,cn=external-ca
11:39:07.290 [pool-7-thread-89] INFO eu.europa.esig.dss.spi.x509.TokenIssuerSelector - ISSUER SUBJECT : c=lu,ou=pki-test,o=nowina solutions,cn=external-ca-alternative
11:39:07.290 [pool-7-thread-89] INFO eu.europa.esig.dss.spi.x509.TokenIssuerSelector - The issuer subject name and subject name does not match (more details in debug mode).
11:39:07.290 [pool-7-thread-89] INFO eu.europa.esig.dss.spi.x509.TokenIssuerSelector - CERT ISSUER    : c=lu,ou=pki-test,o=nowina solutions,cn=external-ca
11:39:07.290 [pool-7-thread-89] INFO eu.europa.esig.dss.spi.x509.TokenIssuerSelector - ISSUER SUBJECT : c=lu,ou=pki-test,o=nowina solutions,cn=external-ca-alternative
11:39:07.290 [pool-7-thread-89] INFO eu.europa.esig.dss.spi.x509.TokenIssuerSelector - The issuer subject name and subject name does not match (more details in debug mode).
11:39:07.290 [pool-7-thread-89] INFO eu.europa.esig.dss.spi.x509.TokenIssuerSelector - CERT ISSUER    : c=lu,ou=pki-test,o=nowina solutions,cn=external-ca
11:39:07.290 [pool-7-thread-89] INFO eu.europa.esig.dss.spi.x509.TokenIssuerSelector - ISSUER SUBJECT : c=lu,ou=pki-test,o=nowina solutions,cn=external-ca-alternative
11:39:07.290 [pool-7-thread-90] WARN eu.europa.esig.dss.spi.x509.TokenIssuerSelector - No issuer found for the token creation date. The process continues with an issuer which has the same public key.
11:39:07.291 [pool-7-thread-45] WARN eu.europa.esig.dss.spi.x509.TokenIssuerSelector - No issuer found for the token creation date. The process continues with an issuer which has the same public key.
11:39:07.294 [pool-7-thread-45] INFO eu.europa.esig.dss.spi.x509.TokenIssuerSelector - The issuer subject name and subject name does not match (more details in debug mode).
11:39:07.295 [pool-7-thread-45] INFO eu.europa.esig.dss.spi.x509.TokenIssuerSelector - CERT ISSUER    : c=lu,ou=pki-test,o=nowina solutions,cn=external-ca
11:39:07.295 [pool-7-thread-45] INFO eu.europa.esig.dss.spi.x509.TokenIssuerSelector - ISSUER SUBJECT : c=lu,ou=pki-test,o=nowina solutions,cn=external-ca-alternative
11:39:07.295 [pool-7-thread-45] INFO eu.europa.esig.dss.spi.x509.TokenIssuerSelector - The issuer subject name and subject name does not match (more details in debug mode).
11:39:07.295 [pool-7-thread-45] INFO eu.europa.esig.dss.spi.x509.TokenIssuerSelector - CERT ISSUER    : c=lu,ou=pki-test,o=nowina solutions,cn=external-ca
11:39:07.295 [pool-7-thread-45] INFO eu.europa.esig.dss.spi.x509.TokenIssuerSelector - ISSUER SUBJECT : c=lu,ou=pki-test,o=nowina solutions,cn=external-ca-alternative
11:39:07.295 [pool-7-thread-45] INFO eu.europa.esig.dss.spi.x509.TokenIssuerSelector - The issuer subject name and subject name does not match (more details in debug mode).
11:39:07.295 [pool-7-thread-45] INFO eu.europa.esig.dss.spi.x509.TokenIssuerSelector - CERT ISSUER    : c=lu,ou=pki-test,o=nowina solutions,cn=external-ca
11:39:07.295 [pool-7-thread-45] INFO eu.europa.esig.dss.spi.x509.TokenIssuerSelector - ISSUER SUBJECT : c=lu,ou=pki-test,o=nowina solutions,cn=external-ca-alternative
11:39:07.304 [pool-7-thread-87] WARN eu.europa.esig.dss.spi.x509.TokenIssuerSelector - No issuer found for the token creation date. The process continues with an issuer which has the same public key.
11:39:07.305 [pool-7-thread-87] WARN eu.europa.esig.dss.spi.x509.TokenIssuerSelector - No issuer found for the token creation date. The process continues with an issuer which has the same public key.
11:39:07.310 [pool-7-thread-34] INFO eu.europa.esig.dss.spi.x509.TokenIssuerSelector - The issuer subject name and subject name does not match (more details in debug mode).
11:39:07.310 [pool-7-thread-34] INFO eu.europa.esig.dss.spi.x509.TokenIssuerSelector - CERT ISSUER    : c=lu,ou=pki-test,o=nowina solutions,cn=external-ca
11:39:07.310 [pool-7-thread-34] INFO eu.europa.esig.dss.spi.x509.TokenIssuerSelector - ISSUER SUBJECT : c=lu,ou=pki-test,o=nowina solutions,cn=external-ca-alternative
11:39:07.310 [pool-7-thread-34] INFO eu.europa.esig.dss.spi.x509.TokenIssuerSelector - The issuer subject name and subject name does not match (more details in debug mode).
11:39:07.310 [pool-7-thread-34] INFO eu.europa.esig.dss.spi.x509.TokenIssuerSelector - CERT ISSUER    : c=lu,ou=pki-test,o=nowina solutions,cn=external-ca
11:39:07.310 [pool-7-thread-34] INFO eu.europa.esig.dss.spi.x509.TokenIssuerSelector - ISSUER SUBJECT : c=lu,ou=pki-test,o=nowina solutions,cn=external-ca-alternative
11:39:07.310 [pool-7-thread-34] INFO eu.europa.esig.dss.spi.x509.TokenIssuerSelector - The issuer subject name and subject name does not match (more details in debug mode).
11:39:07.310 [pool-7-thread-34] INFO eu.europa.esig.dss.spi.x509.TokenIssuerSelector - CERT ISSUER    : c=lu,ou=pki-test,o=nowina solutions,cn=external-ca
11:39:07.310 [pool-7-thread-34] INFO eu.europa.esig.dss.spi.x509.TokenIssuerSelector - ISSUER SUBJECT : c=lu,ou=pki-test,o=nowina solutions,cn=external-ca-alternative
11:39:07.310 [pool-7-thread-87] INFO eu.europa.esig.dss.spi.x509.TokenIssuerSelector - The issuer subject name and subject name does not match (more details in debug mode).
11:39:07.310 [pool-7-thread-87] INFO eu.europa.esig.dss.spi.x509.TokenIssuerSelector - CERT ISSUER    : c=lu,ou=pki-test,o=nowina solutions,cn=external-ca
11:39:07.310 [pool-7-thread-87] INFO eu.europa.esig.dss.spi.x509.TokenIssuerSelector - ISSUER SUBJECT : c=lu,ou=pki-test,o=nowina solutions,cn=external-ca-alternative
11:39:07.310 [pool-7-thread-87] INFO eu.europa.esig.dss.spi.x509.TokenIssuerSelector - The issuer subject name and subject name does not match (more details in debug mode).
11:39:07.310 [pool-7-thread-87] INFO eu.europa.esig.dss.spi.x509.TokenIssuerSelector - CERT ISSUER    : c=lu,ou=pki-test,o=nowina solutions,cn=external-ca
11:39:07.310 [pool-7-thread-87] INFO eu.europa.esig.dss.spi.x509.TokenIssuerSelector - ISSUER SUBJECT : c=lu,ou=pki-test,o=nowina solutions,cn=external-ca-alternative
11:39:07.311 [pool-7-thread-87] INFO eu.europa.esig.dss.spi.x509.TokenIssuerSelector - The issuer subject name and subject name does not match (more details in debug mode).
11:39:07.311 [pool-7-thread-87] INFO eu.europa.esig.dss.spi.x509.TokenIssuerSelector - CERT ISSUER    : c=lu,ou=pki-test,o=nowina solutions,cn=external-ca
11:39:07.311 [pool-7-thread-87] INFO eu.europa.esig.dss.spi.x509.TokenIssuerSelector - ISSUER SUBJECT : c=lu,ou=pki-test,o=nowina solutions,cn=external-ca-alternative
11:39:07.321 [pool-7-thread-32] WARN eu.europa.esig.dss.spi.x509.TokenIssuerSelector - No issuer found for the token creation date. The process continues with an issuer which has the same public key.
11:39:07.322 [pool-7-thread-32] WARN eu.europa.esig.dss.spi.x509.TokenIssuerSelector - No issuer found for the token creation date. The process continues with an issuer which has the same public key.
11:39:07.324 [pool-7-thread-32] INFO eu.europa.esig.dss.spi.x509.TokenIssuerSelector - The issuer subject name and subject name does not match (more details in debug mode).
11:39:07.324 [pool-7-thread-32] INFO eu.europa.esig.dss.spi.x509.TokenIssuerSelector - CERT ISSUER    : c=lu,ou=pki-test,o=nowina solutions,cn=external-ca
11:39:07.324 [pool-7-thread-32] INFO eu.europa.esig.dss.spi.x509.TokenIssuerSelector - ISSUER SUBJECT : c=lu,ou=pki-test,o=nowina solutions,cn=external-ca-alternative
11:39:07.324 [pool-7-thread-32] INFO eu.europa.esig.dss.spi.x509.TokenIssuerSelector - The issuer subject name and subject name does not match (more details in debug mode).
11:39:07.324 [pool-7-thread-32] INFO eu.europa.esig.dss.spi.x509.TokenIssuerSelector - CERT ISSUER    : c=lu,ou=pki-test,o=nowina solutions,cn=external-ca
11:39:07.324 [pool-7-thread-32] INFO eu.europa.esig.dss.spi.x509.TokenIssuerSelector - ISSUER SUBJECT : c=lu,ou=pki-test,o=nowina solutions,cn=external-ca-alternative
11:39:07.324 [pool-7-thread-32] INFO eu.europa.esig.dss.spi.x509.TokenIssuerSelector - The issuer subject name and subject name does not match (more details in debug mode).
11:39:07.324 [pool-7-thread-32] INFO eu.europa.esig.dss.spi.x509.TokenIssuerSelector - CERT ISSUER    : c=lu,ou=pki-test,o=nowina solutions,cn=external-ca
11:39:07.324 [pool-7-thread-32] INFO eu.europa.esig.dss.spi.x509.TokenIssuerSelector - ISSUER SUBJECT : c=lu,ou=pki-test,o=nowina solutions,cn=external-ca-alternative
11:39:07.325 [pool-7-thread-86] WARN eu.europa.esig.dss.spi.x509.TokenIssuerSelector - No issuer found for the token creation date. The process continues with an issuer which has the same public key.
11:39:07.325 [pool-7-thread-86] WARN eu.europa.esig.dss.spi.x509.TokenIssuerSelector - No issuer found for the token creation date. The process continues with an issuer which has the same public key.
11:39:07.327 [pool-7-thread-86] INFO eu.europa.esig.dss.spi.x509.TokenIssuerSelector - The issuer subject name and subject name does not match (more details in debug mode).
11:39:07.327 [pool-7-thread-86] INFO eu.europa.esig.dss.spi.x509.TokenIssuerSelector - CERT ISSUER    : c=lu,ou=pki-test,o=nowina solutions,cn=external-ca
11:39:07.327 [pool-7-thread-86] INFO eu.europa.esig.dss.spi.x509.TokenIssuerSelector - ISSUER SUBJECT : c=lu,ou=pki-test,o=nowina solutions,cn=external-ca-alternative
11:39:07.327 [pool-7-thread-86] INFO eu.europa.esig.dss.spi.x509.TokenIssuerSelector - The issuer subject name and subject name does not match (more details in debug mode).
11:39:07.327 [pool-7-thread-86] INFO eu.europa.esig.dss.spi.x509.TokenIssuerSelector - CERT ISSUER    : c=lu,ou=pki-test,o=nowina solutions,cn=external-ca
11:39:07.328 [pool-7-thread-86] INFO eu.europa.esig.dss.spi.x509.TokenIssuerSelector - ISSUER SUBJECT : c=lu,ou=pki-test,o=nowina solutions,cn=external-ca-alternative
11:39:07.328 [pool-7-thread-86] INFO eu.europa.esig.dss.spi.x509.TokenIssuerSelector - The issuer subject name and subject name does not match (more details in debug mode).
11:39:07.328 [pool-7-thread-86] INFO eu.europa.esig.dss.spi.x509.TokenIssuerSelector - CERT ISSUER    : c=lu,ou=pki-test,o=nowina solutions,cn=external-ca
11:39:07.328 [pool-7-thread-86] INFO eu.europa.esig.dss.spi.x509.TokenIssuerSelector - ISSUER SUBJECT : c=lu,ou=pki-test,o=nowina solutions,cn=external-ca-alternative
11:39:07.328 [pool-7-thread-85] WARN eu.europa.esig.dss.spi.x509.TokenIssuerSelector - No issuer found for the token creation date. The process continues with an issuer which has the same public key.
11:39:07.329 [pool-7-thread-85] WARN eu.europa.esig.dss.spi.x509.TokenIssuerSelector - No issuer found for the token creation date. The process continues with an issuer which has the same public key.
11:39:07.330 [pool-7-thread-77] WARN eu.europa.esig.dss.spi.x509.TokenIssuerSelector - No issuer found for the token creation date. The process continues with an issuer which has the same public key.
11:39:07.332 [pool-7-thread-41] WARN eu.europa.esig.dss.spi.x509.TokenIssuerSelector - No issuer found for the token creation date. The process continues with an issuer which has the same public key.
11:39:07.332 [pool-7-thread-41] WARN eu.europa.esig.dss.spi.x509.TokenIssuerSelector - No issuer found for the token creation date. The process continues with an issuer which has the same public key.
11:39:07.333 [pool-7-thread-73] WARN eu.europa.esig.dss.spi.x509.TokenIssuerSelector - No issuer found for the token creation date. The process continues with an issuer which has the same public key.
11:39:07.334 [pool-7-thread-70] WARN eu.europa.esig.dss.spi.x509.TokenIssuerSelector - No issuer found for the token creation date. The process continues with an issuer which has the same public key.
11:39:07.336 [pool-7-thread-70] WARN eu.europa.esig.dss.spi.x509.TokenIssuerSelector - No issuer found for the token creation date. The process continues with an issuer which has the same public key.
11:39:07.337 [pool-7-thread-70] INFO eu.europa.esig.dss.spi.x509.TokenIssuerSelector - The issuer subject name and subject name does not match (more details in debug mode).
11:39:07.338 [pool-7-thread-70] INFO eu.europa.esig.dss.spi.x509.TokenIssuerSelector - CERT ISSUER    : c=lu,ou=pki-test,o=nowina solutions,cn=external-ca
11:39:07.338 [pool-7-thread-70] INFO eu.europa.esig.dss.spi.x509.TokenIssuerSelector - ISSUER SUBJECT : c=lu,ou=pki-test,o=nowina solutions,cn=external-ca-alternative
11:39:07.338 [pool-7-thread-70] INFO eu.europa.esig.dss.spi.x509.TokenIssuerSelector - The issuer subject name and subject name does not match (more details in debug mode).
11:39:07.338 [pool-7-thread-70] INFO eu.europa.esig.dss.spi.x509.TokenIssuerSelector - CERT ISSUER    : c=lu,ou=pki-test,o=nowina solutions,cn=external-ca
11:39:07.338 [pool-7-thread-70] INFO eu.europa.esig.dss.spi.x509.TokenIssuerSelector - ISSUER SUBJECT : c=lu,ou=pki-test,o=nowina solutions,cn=external-ca-alternative
11:39:07.338 [pool-7-thread-70] INFO eu.europa.esig.dss.spi.x509.TokenIssuerSelector - The issuer subject name and subject name does not match (more details in debug mode).
11:39:07.338 [pool-7-thread-70] INFO eu.europa.esig.dss.spi.x509.TokenIssuerSelector - CERT ISSUER    : c=lu,ou=pki-test,o=nowina solutions,cn=external-ca
11:39:07.338 [pool-7-thread-70] INFO eu.europa.esig.dss.spi.x509.TokenIssuerSelector - ISSUER SUBJECT : c=lu,ou=pki-test,o=nowina solutions,cn=external-ca-alternative
11:39:07.339 [pool-7-thread-43] WARN eu.europa.esig.dss.spi.x509.TokenIssuerSelector - No issuer found for the token creation date. The process continues with an issuer which has the same public key.
11:39:07.340 [pool-7-thread-20] WARN eu.europa.esig.dss.spi.x509.TokenIssuerSelector - No issuer found for the token creation date. The process continues with an issuer which has the same public key.
11:39:07.342 [pool-7-thread-20] INFO eu.europa.esig.dss.spi.x509.TokenIssuerSelector - The issuer subject name and subject name does not match (more details in debug mode).
11:39:07.342 [pool-7-thread-20] INFO eu.europa.esig.dss.spi.x509.TokenIssuerSelector - CERT ISSUER    : c=lu,ou=pki-test,o=nowina solutions,cn=external-ca
11:39:07.342 [pool-7-thread-20] INFO eu.europa.esig.dss.spi.x509.TokenIssuerSelector - ISSUER SUBJECT : c=lu,ou=pki-test,o=nowina solutions,cn=external-ca-alternative
11:39:07.342 [pool-7-thread-20] INFO eu.europa.esig.dss.spi.x509.TokenIssuerSelector - The issuer subject name and subject name does not match (more details in debug mode).
11:39:07.342 [pool-7-thread-20] INFO eu.europa.esig.dss.spi.x509.TokenIssuerSelector - CERT ISSUER    : c=lu,ou=pki-test,o=nowina solutions,cn=external-ca
11:39:07.342 [pool-7-thread-20] INFO eu.europa.esig.dss.spi.x509.TokenIssuerSelector - ISSUER SUBJECT : c=lu,ou=pki-test,o=nowina solutions,cn=external-ca-alternative
11:39:07.342 [pool-7-thread-20] INFO eu.europa.esig.dss.spi.x509.TokenIssuerSelector - The issuer subject name and subject name does not match (more details in debug mode).
11:39:07.342 [pool-7-thread-20] INFO eu.europa.esig.dss.spi.x509.TokenIssuerSelector - CERT ISSUER    : c=lu,ou=pki-test,o=nowina solutions,cn=external-ca
11:39:07.342 [pool-7-thread-20] INFO eu.europa.esig.dss.spi.x509.TokenIssuerSelector - ISSUER SUBJECT : c=lu,ou=pki-test,o=nowina solutions,cn=external-ca-alternative
11:39:07.342 [pool-7-thread-74] WARN eu.europa.esig.dss.spi.x509.TokenIssuerSelector - No issuer found for the token creation date. The process continues with an issuer which has the same public key.
11:39:07.343 [pool-7-thread-16] WARN eu.europa.esig.dss.spi.x509.TokenIssuerSelector - No issuer found for the token creation date. The process continues with an issuer which has the same public key.
11:39:07.344 [pool-7-thread-65] WARN eu.europa.esig.dss.spi.x509.TokenIssuerSelector - No issuer found for the token creation date. The process continues with an issuer which has the same public key.
11:39:07.345 [pool-7-thread-65] WARN eu.europa.esig.dss.spi.x509.TokenIssuerSelector - No issuer found for the token creation date. The process continues with an issuer which has the same public key.
11:39:07.347 [pool-7-thread-65] INFO eu.europa.esig.dss.spi.x509.TokenIssuerSelector - The issuer subject name and subject name does not match (more details in debug mode).
11:39:07.348 [pool-7-thread-65] INFO eu.europa.esig.dss.spi.x509.TokenIssuerSelector - CERT ISSUER    : c=lu,ou=pki-test,o=nowina solutions,cn=external-ca
11:39:07.348 [pool-7-thread-65] INFO eu.europa.esig.dss.spi.x509.TokenIssuerSelector - ISSUER SUBJECT : c=lu,ou=pki-test,o=nowina solutions,cn=external-ca-alternative
11:39:07.348 [pool-7-thread-65] INFO eu.europa.esig.dss.spi.x509.TokenIssuerSelector - The issuer subject name and subject name does not match (more details in debug mode).
11:39:07.348 [pool-7-thread-65] INFO eu.europa.esig.dss.spi.x509.TokenIssuerSelector - CERT ISSUER    : c=lu,ou=pki-test,o=nowina solutions,cn=external-ca
11:39:07.348 [pool-7-thread-65] INFO eu.europa.esig.dss.spi.x509.TokenIssuerSelector - ISSUER SUBJECT : c=lu,ou=pki-test,o=nowina solutions,cn=external-ca-alternative
11:39:07.348 [pool-7-thread-65] INFO eu.europa.esig.dss.spi.x509.TokenIssuerSelector - The issuer subject name and subject name does not match (more details in debug mode).
11:39:07.348 [pool-7-thread-65] INFO eu.europa.esig.dss.spi.x509.TokenIssuerSelector - CERT ISSUER    : c=lu,ou=pki-test,o=nowina solutions,cn=external-ca
11:39:07.348 [pool-7-thread-65] INFO eu.europa.esig.dss.spi.x509.TokenIssuerSelector - ISSUER SUBJECT : c=lu,ou=pki-test,o=nowina solutions,cn=external-ca-alternative
11:39:07.352 [pool-7-thread-65] WARN eu.europa.esig.dss.spi.x509.TokenIssuerSelector - No issuer found for the token creation date. The process continues with an issuer which has the same public key.
11:39:07.353 [pool-7-thread-65] WARN eu.europa.esig.dss.spi.x509.TokenIssuerSelector - No issuer found for the token creation date. The process continues with an issuer which has the same public key.
11:39:07.354 [pool-7-thread-65] INFO eu.europa.esig.dss.spi.x509.TokenIssuerSelector - The issuer subject name and subject name does not match (more details in debug mode).
11:39:07.354 [pool-7-thread-65] INFO eu.europa.esig.dss.spi.x509.TokenIssuerSelector - CERT ISSUER    : c=lu,ou=pki-test,o=nowina solutions,cn=external-ca
11:39:07.354 [pool-7-thread-65] INFO eu.europa.esig.dss.spi.x509.TokenIssuerSelector - ISSUER SUBJECT : c=lu,ou=pki-test,o=nowina solutions,cn=external-ca-alternative
11:39:07.354 [pool-7-thread-65] INFO eu.europa.esig.dss.spi.x509.TokenIssuerSelector - The issuer subject name and subject name does not match (more details in debug mode).
11:39:07.354 [pool-7-thread-65] INFO eu.europa.esig.dss.spi.x509.TokenIssuerSelector - CERT ISSUER    : c=lu,ou=pki-test,o=nowina solutions,cn=external-ca
11:39:07.355 [pool-7-thread-65] INFO eu.europa.esig.dss.spi.x509.TokenIssuerSelector - ISSUER SUBJECT : c=lu,ou=pki-test,o=nowina solutions,cn=external-ca-alternative
11:39:07.355 [pool-7-thread-65] INFO eu.europa.esig.dss.spi.x509.TokenIssuerSelector - The issuer subject name and subject name does not match (more details in debug mode).
11:39:07.355 [pool-7-thread-65] INFO eu.europa.esig.dss.spi.x509.TokenIssuerSelector - CERT ISSUER    : c=lu,ou=pki-test,o=nowina solutions,cn=external-ca
11:39:07.355 [pool-7-thread-65] INFO eu.europa.esig.dss.spi.x509.TokenIssuerSelector - ISSUER SUBJECT : c=lu,ou=pki-test,o=nowina solutions,cn=external-ca-alternative
11:39:07.360 [pool-7-thread-65] WARN eu.europa.esig.dss.spi.x509.TokenIssuerSelector - No issuer found for the token creation date. The process continues with an issuer which has the same public key.
11:39:07.362 [pool-7-thread-38] WARN eu.europa.esig.dss.spi.x509.TokenIssuerSelector - No issuer found for the token creation date. The process continues with an issuer which has the same public key.
11:39:07.364 [pool-7-thread-38] WARN eu.europa.esig.dss.spi.x509.TokenIssuerSelector - No issuer found for the token creation date. The process continues with an issuer which has the same public key.
11:39:07.366 [pool-7-thread-38] INFO eu.europa.esig.dss.spi.x509.TokenIssuerSelector - The issuer subject name and subject name does not match (more details in debug mode).
11:39:07.366 [pool-7-thread-38] INFO eu.europa.esig.dss.spi.x509.TokenIssuerSelector - CERT ISSUER    : c=lu,ou=pki-test,o=nowina solutions,cn=external-ca
11:39:07.366 [pool-7-thread-38] INFO eu.europa.esig.dss.spi.x509.TokenIssuerSelector - ISSUER SUBJECT : c=lu,ou=pki-test,o=nowina solutions,cn=external-ca-alternative
11:39:07.366 [pool-7-thread-38] INFO eu.europa.esig.dss.spi.x509.TokenIssuerSelector - The issuer subject name and subject name does not match (more details in debug mode).
11:39:07.366 [pool-7-thread-38] INFO eu.europa.esig.dss.spi.x509.TokenIssuerSelector - CERT ISSUER    : c=lu,ou=pki-test,o=nowina solutions,cn=external-ca
11:39:07.366 [pool-7-thread-38] INFO eu.europa.esig.dss.spi.x509.TokenIssuerSelector - ISSUER SUBJECT : c=lu,ou=pki-test,o=nowina solutions,cn=external-ca-alternative
11:39:07.366 [pool-7-thread-38] INFO eu.europa.esig.dss.spi.x509.TokenIssuerSelector - The issuer subject name and subject name does not match (more details in debug mode).
11:39:07.366 [pool-7-thread-38] INFO eu.europa.esig.dss.spi.x509.TokenIssuerSelector - CERT ISSUER    : c=lu,ou=pki-test,o=nowina solutions,cn=external-ca
11:39:07.366 [pool-7-thread-38] INFO eu.europa.esig.dss.spi.x509.TokenIssuerSelector - ISSUER SUBJECT : c=lu,ou=pki-test,o=nowina solutions,cn=external-ca-alternative
11:39:07.367 [pool-7-thread-1] INFO eu.europa.esig.dss.spi.x509.TokenIssuerSelector - The issuer subject name and subject name does not match (more details in debug mode).
11:39:07.367 [pool-7-thread-1] INFO eu.europa.esig.dss.spi.x509.TokenIssuerSelector - CERT ISSUER    : c=lu,ou=pki-test,o=nowina solutions,cn=external-ca
11:39:07.367 [pool-7-thread-1] INFO eu.europa.esig.dss.spi.x509.TokenIssuerSelector - ISSUER SUBJECT : c=lu,ou=pki-test,o=nowina solutions,cn=external-ca-alternative
11:39:07.367 [pool-7-thread-1] INFO eu.europa.esig.dss.spi.x509.TokenIssuerSelector - The issuer subject name and subject name does not match (more details in debug mode).
11:39:07.367 [pool-7-thread-1] INFO eu.europa.esig.dss.spi.x509.TokenIssuerSelector - CERT ISSUER    : c=lu,ou=pki-test,o=nowina solutions,cn=external-ca
11:39:07.367 [pool-7-thread-1] INFO eu.europa.esig.dss.spi.x509.TokenIssuerSelector - ISSUER SUBJECT : c=lu,ou=pki-test,o=nowina solutions,cn=external-ca-alternative
11:39:07.367 [pool-7-thread-1] INFO eu.europa.esig.dss.spi.x509.TokenIssuerSelector - The issuer subject name and subject name does not match (more details in debug mode).
11:39:07.367 [pool-7-thread-1] INFO eu.europa.esig.dss.spi.x509.TokenIssuerSelector - CERT ISSUER    : c=lu,ou=pki-test,o=nowina solutions,cn=external-ca
11:39:07.367 [pool-7-thread-1] INFO eu.europa.esig.dss.spi.x509.TokenIssuerSelector - ISSUER SUBJECT : c=lu,ou=pki-test,o=nowina solutions,cn=external-ca-alternative
11:39:07.367 [pool-7-thread-19] WARN eu.europa.esig.dss.spi.x509.TokenIssuerSelector - No issuer found for the token creation date. The process continues with an issuer which has the same public key.
11:39:07.369 [pool-7-thread-66] WARN eu.europa.esig.dss.spi.x509.TokenIssuerSelector - No issuer found for the token creation date. The process continues with an issuer which has the same public key.
11:39:07.369 [pool-7-thread-66] WARN eu.europa.esig.dss.spi.x509.TokenIssuerSelector - No issuer found for the token creation date. The process continues with an issuer which has the same public key.
11:39:07.371 [pool-7-thread-66] INFO eu.europa.esig.dss.spi.x509.TokenIssuerSelector - The issuer subject name and subject name does not match (more details in debug mode).
11:39:07.371 [pool-7-thread-66] INFO eu.europa.esig.dss.spi.x509.TokenIssuerSelector - CERT ISSUER    : c=lu,ou=pki-test,o=nowina solutions,cn=external-ca
11:39:07.371 [pool-7-thread-66] INFO eu.europa.esig.dss.spi.x509.TokenIssuerSelector - ISSUER SUBJECT : c=lu,ou=pki-test,o=nowina solutions,cn=external-ca-alternative
11:39:07.371 [pool-7-thread-66] INFO eu.europa.esig.dss.spi.x509.TokenIssuerSelector - The issuer subject name and subject name does not match (more details in debug mode).
11:39:07.371 [pool-7-thread-66] INFO eu.europa.esig.dss.spi.x509.TokenIssuerSelector - CERT ISSUER    : c=lu,ou=pki-test,o=nowina solutions,cn=external-ca
11:39:07.371 [pool-7-thread-66] INFO eu.europa.esig.dss.spi.x509.TokenIssuerSelector - ISSUER SUBJECT : c=lu,ou=pki-test,o=nowina solutions,cn=external-ca-alternative
11:39:07.371 [pool-7-thread-66] INFO eu.europa.esig.dss.spi.x509.TokenIssuerSelector - The issuer subject name and subject name does not match (more details in debug mode).
11:39:07.371 [pool-7-thread-66] INFO eu.europa.esig.dss.spi.x509.TokenIssuerSelector - CERT ISSUER    : c=lu,ou=pki-test,o=nowina solutions,cn=external-ca
11:39:07.371 [pool-7-thread-66] INFO eu.europa.esig.dss.spi.x509.TokenIssuerSelector - ISSUER SUBJECT : c=lu,ou=pki-test,o=nowina solutions,cn=external-ca-alternative
11:39:07.372 [pool-7-thread-42] WARN eu.europa.esig.dss.spi.x509.TokenIssuerSelector - No issuer found for the token creation date. The process continues with an issuer which has the same public key.
11:39:07.373 [pool-7-thread-2] WARN eu.europa.esig.dss.spi.x509.TokenIssuerSelector - No issuer found for the token creation date. The process continues with an issuer which has the same public key.
11:39:07.380 [pool-7-thread-60] WARN eu.europa.esig.dss.spi.x509.TokenIssuerSelector - No issuer found for the token creation date. The process continues with an issuer which has the same public key.
11:39:07.381 [pool-7-thread-50] INFO eu.europa.esig.dss.spi.x509.TokenIssuerSelector - The issuer subject name and subject name does not match (more details in debug mode).
11:39:07.381 [pool-7-thread-50] INFO eu.europa.esig.dss.spi.x509.TokenIssuerSelector - CERT ISSUER    : c=lu,ou=pki-test,o=nowina solutions,cn=external-ca
11:39:07.381 [pool-7-thread-50] INFO eu.europa.esig.dss.spi.x509.TokenIssuerSelector - ISSUER SUBJECT : c=lu,ou=pki-test,o=nowina solutions,cn=external-ca-alternative
11:39:07.381 [pool-7-thread-50] INFO eu.europa.esig.dss.spi.x509.TokenIssuerSelector - The issuer subject name and subject name does not match (more details in debug mode).
11:39:07.381 [pool-7-thread-50] INFO eu.europa.esig.dss.spi.x509.TokenIssuerSelector - CERT ISSUER    : c=lu,ou=pki-test,o=nowina solutions,cn=external-ca
11:39:07.381 [pool-7-thread-50] INFO eu.europa.esig.dss.spi.x509.TokenIssuerSelector - ISSUER SUBJECT : c=lu,ou=pki-test,o=nowina solutions,cn=external-ca-alternative
11:39:07.381 [pool-7-thread-50] INFO eu.europa.esig.dss.spi.x509.TokenIssuerSelector - The issuer subject name and subject name does not match (more details in debug mode).
11:39:07.381 [pool-7-thread-50] INFO eu.europa.esig.dss.spi.x509.TokenIssuerSelector - CERT ISSUER    : c=lu,ou=pki-test,o=nowina solutions,cn=external-ca
11:39:07.381 [pool-7-thread-50] INFO eu.europa.esig.dss.spi.x509.TokenIssuerSelector - ISSUER SUBJECT : c=lu,ou=pki-test,o=nowina solutions,cn=external-ca-alternative
11:39:07.381 [pool-7-thread-37] WARN eu.europa.esig.dss.spi.x509.TokenIssuerSelector - No issuer found for the token creation date. The process continues with an issuer which has the same public key.
11:39:07.383 [pool-7-thread-37] WARN eu.europa.esig.dss.spi.x509.TokenIssuerSelector - No issuer found for the token creation date. The process continues with an issuer which has the same public key.
11:39:07.385 [pool-7-thread-7] WARN eu.europa.esig.dss.spi.x509.TokenIssuerSelector - No issuer found for the token creation date. The process continues with an issuer which has the same public key.
11:39:07.387 [pool-7-thread-27] WARN eu.europa.esig.dss.spi.x509.TokenIssuerSelector - No issuer found for the token creation date. The process continues with an issuer which has the same public key.
11:39:07.388 [pool-7-thread-61] WARN eu.europa.esig.dss.spi.x509.TokenIssuerSelector - No issuer found for the token creation date. The process continues with an issuer which has the same public key.
11:39:07.388 [pool-7-thread-49] WARN eu.europa.esig.dss.spi.x509.TokenIssuerSelector - No issuer found for the token creation date. The process continues with an issuer which has the same public key.
11:39:07.390 [pool-7-thread-48] INFO eu.europa.esig.dss.spi.x509.TokenIssuerSelector - The issuer subject name and subject name does not match (more details in debug mode).
11:39:07.390 [pool-7-thread-48] INFO eu.europa.esig.dss.spi.x509.TokenIssuerSelector - CERT ISSUER    : c=lu,ou=pki-test,o=nowina solutions,cn=external-ca
11:39:07.391 [pool-7-thread-48] INFO eu.europa.esig.dss.spi.x509.TokenIssuerSelector - ISSUER SUBJECT : c=lu,ou=pki-test,o=nowina solutions,cn=external-ca-alternative
11:39:07.391 [pool-7-thread-48] INFO eu.europa.esig.dss.spi.x509.TokenIssuerSelector - The issuer subject name and subject name does not match (more details in debug mode).
11:39:07.391 [pool-7-thread-48] INFO eu.europa.esig.dss.spi.x509.TokenIssuerSelector - CERT ISSUER    : c=lu,ou=pki-test,o=nowina solutions,cn=external-ca
11:39:07.391 [pool-7-thread-48] INFO eu.europa.esig.dss.spi.x509.TokenIssuerSelector - ISSUER SUBJECT : c=lu,ou=pki-test,o=nowina solutions,cn=external-ca-alternative
11:39:07.391 [pool-7-thread-48] INFO eu.europa.esig.dss.spi.x509.TokenIssuerSelector - The issuer subject name and subject name does not match (more details in debug mode).
11:39:07.391 [pool-7-thread-48] INFO eu.europa.esig.dss.spi.x509.TokenIssuerSelector - CERT ISSUER    : c=lu,ou=pki-test,o=nowina solutions,cn=external-ca
11:39:07.391 [pool-7-thread-48] INFO eu.europa.esig.dss.spi.x509.TokenIssuerSelector - ISSUER SUBJECT : c=lu,ou=pki-test,o=nowina solutions,cn=external-ca-alternative
11:39:07.391 [pool-7-thread-51] WARN eu.europa.esig.dss.spi.x509.TokenIssuerSelector - No issuer found for the token creation date. The process continues with an issuer which has the same public key.
11:39:07.392 [pool-7-thread-15] WARN eu.europa.esig.dss.spi.x509.TokenIssuerSelector - No issuer found for the token creation date. The process continues with an issuer which has the same public key.
11:39:07.395 [pool-7-thread-17] INFO eu.europa.esig.dss.spi.x509.TokenIssuerSelector - The issuer subject name and subject name does not match (more details in debug mode).
11:39:07.395 [pool-7-thread-17] INFO eu.europa.esig.dss.spi.x509.TokenIssuerSelector - CERT ISSUER    : c=lu,ou=pki-test,o=nowina solutions,cn=external-ca
11:39:07.395 [pool-7-thread-17] INFO eu.europa.esig.dss.spi.x509.TokenIssuerSelector - ISSUER SUBJECT : c=lu,ou=pki-test,o=nowina solutions,cn=external-ca-alternative
11:39:07.395 [pool-7-thread-17] INFO eu.europa.esig.dss.spi.x509.TokenIssuerSelector - The issuer subject name and subject name does not match (more details in debug mode).
11:39:07.395 [pool-7-thread-17] INFO eu.europa.esig.dss.spi.x509.TokenIssuerSelector - CERT ISSUER    : c=lu,ou=pki-test,o=nowina solutions,cn=external-ca
11:39:07.395 [pool-7-thread-17] INFO eu.europa.esig.dss.spi.x509.TokenIssuerSelector - ISSUER SUBJECT : c=lu,ou=pki-test,o=nowina solutions,cn=external-ca-alternative
11:39:07.395 [pool-7-thread-17] INFO eu.europa.esig.dss.spi.x509.TokenIssuerSelector - The issuer subject name and subject name does not match (more details in debug mode).
11:39:07.395 [pool-7-thread-17] INFO eu.europa.esig.dss.spi.x509.TokenIssuerSelector - CERT ISSUER    : c=lu,ou=pki-test,o=nowina solutions,cn=external-ca
11:39:07.395 [pool-7-thread-17] INFO eu.europa.esig.dss.spi.x509.TokenIssuerSelector - ISSUER SUBJECT : c=lu,ou=pki-test,o=nowina solutions,cn=external-ca-alternative
11:39:07.396 [pool-7-thread-57] INFO eu.europa.esig.dss.spi.x509.TokenIssuerSelector - The issuer subject name and subject name does not match (more details in debug mode).
11:39:07.396 [pool-7-thread-57] INFO eu.europa.esig.dss.spi.x509.TokenIssuerSelector - CERT ISSUER    : c=lu,ou=pki-test,o=nowina solutions,cn=external-ca
11:39:07.396 [pool-7-thread-57] INFO eu.europa.esig.dss.spi.x509.TokenIssuerSelector - ISSUER SUBJECT : c=lu,ou=pki-test,o=nowina solutions,cn=external-ca-alternative
11:39:07.396 [pool-7-thread-57] INFO eu.europa.esig.dss.spi.x509.TokenIssuerSelector - The issuer subject name and subject name does not match (more details in debug mode).
11:39:07.396 [pool-7-thread-57] INFO eu.europa.esig.dss.spi.x509.TokenIssuerSelector - CERT ISSUER    : c=lu,ou=pki-test,o=nowina solutions,cn=external-ca
11:39:07.396 [pool-7-thread-57] INFO eu.europa.esig.dss.spi.x509.TokenIssuerSelector - ISSUER SUBJECT : c=lu,ou=pki-test,o=nowina solutions,cn=external-ca-alternative
11:39:07.396 [pool-7-thread-57] INFO eu.europa.esig.dss.spi.x509.TokenIssuerSelector - The issuer subject name and subject name does not match (more details in debug mode).
11:39:07.396 [pool-7-thread-57] INFO eu.europa.esig.dss.spi.x509.TokenIssuerSelector - CERT ISSUER    : c=lu,ou=pki-test,o=nowina solutions,cn=external-ca
11:39:07.396 [pool-7-thread-24] WARN eu.europa.esig.dss.spi.x509.TokenIssuerSelector - No issuer found for the token creation date. The process continues with an issuer which has the same public key.
11:39:07.397 [pool-7-thread-59] WARN eu.europa.esig.dss.spi.x509.TokenIssuerSelector - No issuer found for the token creation date. The process continues with an issuer which has the same public key.
11:39:07.396 [pool-7-thread-57] INFO eu.europa.esig.dss.spi.x509.TokenIssuerSelector - ISSUER SUBJECT : c=lu,ou=pki-test,o=nowina solutions,cn=external-ca-alternative
11:39:07.397 [pool-7-thread-59] WARN eu.europa.esig.dss.spi.x509.TokenIssuerSelector - No issuer found for the token creation date. The process continues with an issuer which has the same public key.
11:39:07.399 [pool-7-thread-59] INFO eu.europa.esig.dss.spi.x509.TokenIssuerSelector - The issuer subject name and subject name does not match (more details in debug mode).
11:39:07.399 [pool-7-thread-59] INFO eu.europa.esig.dss.spi.x509.TokenIssuerSelector - CERT ISSUER    : c=lu,ou=pki-test,o=nowina solutions,cn=external-ca
11:39:07.399 [pool-7-thread-59] INFO eu.europa.esig.dss.spi.x509.TokenIssuerSelector - ISSUER SUBJECT : c=lu,ou=pki-test,o=nowina solutions,cn=external-ca-alternative
11:39:07.400 [pool-7-thread-59] INFO eu.europa.esig.dss.spi.x509.TokenIssuerSelector - The issuer subject name and subject name does not match (more details in debug mode).
11:39:07.400 [pool-7-thread-59] INFO eu.europa.esig.dss.spi.x509.TokenIssuerSelector - CERT ISSUER    : c=lu,ou=pki-test,o=nowina solutions,cn=external-ca
11:39:07.400 [pool-7-thread-59] INFO eu.europa.esig.dss.spi.x509.TokenIssuerSelector - ISSUER SUBJECT : c=lu,ou=pki-test,o=nowina solutions,cn=external-ca-alternative
11:39:07.400 [pool-7-thread-59] INFO eu.europa.esig.dss.spi.x509.TokenIssuerSelector - The issuer subject name and subject name does not match (more details in debug mode).
11:39:07.400 [pool-7-thread-59] INFO eu.europa.esig.dss.spi.x509.TokenIssuerSelector - CERT ISSUER    : c=lu,ou=pki-test,o=nowina solutions,cn=external-ca
11:39:07.400 [pool-7-thread-59] INFO eu.europa.esig.dss.spi.x509.TokenIssuerSelector - ISSUER SUBJECT : c=lu,ou=pki-test,o=nowina solutions,cn=external-ca-alternative
11:39:07.401 [pool-7-thread-53] WARN eu.europa.esig.dss.spi.x509.TokenIssuerSelector - No issuer found for the token creation date. The process continues with an issuer which has the same public key.
11:39:07.401 [pool-7-thread-47] WARN eu.europa.esig.dss.spi.x509.TokenIssuerSelector - No issuer found for the token creation date. The process continues with an issuer which has the same public key.
11:39:07.403 [pool-7-thread-59] WARN eu.europa.esig.dss.spi.x509.TokenIssuerSelector - No issuer found for the token creation date. The process continues with an issuer which has the same public key.
11:39:07.403 [pool-7-thread-59] WARN eu.europa.esig.dss.spi.x509.TokenIssuerSelector - No issuer found for the token creation date. The process continues with an issuer which has the same public key.
11:39:07.405 [pool-7-thread-59] INFO eu.europa.esig.dss.spi.x509.TokenIssuerSelector - The issuer subject name and subject name does not match (more details in debug mode).
11:39:07.405 [pool-7-thread-59] INFO eu.europa.esig.dss.spi.x509.TokenIssuerSelector - CERT ISSUER    : c=lu,ou=pki-test,o=nowina solutions,cn=external-ca
11:39:07.405 [pool-7-thread-59] INFO eu.europa.esig.dss.spi.x509.TokenIssuerSelector - ISSUER SUBJECT : c=lu,ou=pki-test,o=nowina solutions,cn=external-ca-alternative
11:39:07.405 [pool-7-thread-59] INFO eu.europa.esig.dss.spi.x509.TokenIssuerSelector - The issuer subject name and subject name does not match (more details in debug mode).
11:39:07.405 [pool-7-thread-59] INFO eu.europa.esig.dss.spi.x509.TokenIssuerSelector - CERT ISSUER    : c=lu,ou=pki-test,o=nowina solutions,cn=external-ca
11:39:07.405 [pool-7-thread-59] INFO eu.europa.esig.dss.spi.x509.TokenIssuerSelector - ISSUER SUBJECT : c=lu,ou=pki-test,o=nowina solutions,cn=external-ca-alternative
11:39:07.405 [pool-7-thread-59] INFO eu.europa.esig.dss.spi.x509.TokenIssuerSelector - The issuer subject name and subject name does not match (more details in debug mode).
11:39:07.405 [pool-7-thread-59] INFO eu.europa.esig.dss.spi.x509.TokenIssuerSelector - CERT ISSUER    : c=lu,ou=pki-test,o=nowina solutions,cn=external-ca
11:39:07.405 [pool-7-thread-59] INFO eu.europa.esig.dss.spi.x509.TokenIssuerSelector - ISSUER SUBJECT : c=lu,ou=pki-test,o=nowina solutions,cn=external-ca-alternative
11:39:07.405 [pool-7-thread-47] WARN eu.europa.esig.dss.spi.x509.TokenIssuerSelector - No issuer found for the token creation date. The process continues with an issuer which has the same public key.
11:39:07.407 [pool-7-thread-53] WARN eu.europa.esig.dss.spi.x509.TokenIssuerSelector - No issuer found for the token creation date. The process continues with an issuer which has the same public key.
11:39:07.407 [pool-7-thread-47] INFO eu.europa.esig.dss.spi.x509.TokenIssuerSelector - The issuer subject name and subject name does not match (more details in debug mode).
11:39:07.407 [pool-7-thread-47] INFO eu.europa.esig.dss.spi.x509.TokenIssuerSelector - CERT ISSUER    : c=lu,ou=pki-test,o=nowina solutions,cn=external-ca
11:39:07.407 [pool-7-thread-47] INFO eu.europa.esig.dss.spi.x509.TokenIssuerSelector - ISSUER SUBJECT : c=lu,ou=pki-test,o=nowina solutions,cn=external-ca-alternative
11:39:07.407 [pool-7-thread-47] INFO eu.europa.esig.dss.spi.x509.TokenIssuerSelector - The issuer subject name and subject name does not match (more details in debug mode).
11:39:07.407 [pool-7-thread-47] INFO eu.europa.esig.dss.spi.x509.TokenIssuerSelector - CERT ISSUER    : c=lu,ou=pki-test,o=nowina solutions,cn=external-ca
11:39:07.407 [pool-7-thread-47] INFO eu.europa.esig.dss.spi.x509.TokenIssuerSelector - ISSUER SUBJECT : c=lu,ou=pki-test,o=nowina solutions,cn=external-ca-alternative
11:39:07.407 [pool-7-thread-47] INFO eu.europa.esig.dss.spi.x509.TokenIssuerSelector - The issuer subject name and subject name does not match (more details in debug mode).
11:39:07.407 [pool-7-thread-47] INFO eu.europa.esig.dss.spi.x509.TokenIssuerSelector - CERT ISSUER    : c=lu,ou=pki-test,o=nowina solutions,cn=external-ca
11:39:07.407 [pool-7-thread-47] INFO eu.europa.esig.dss.spi.x509.TokenIssuerSelector - ISSUER SUBJECT : c=lu,ou=pki-test,o=nowina solutions,cn=external-ca-alternative
11:39:07.408 [pool-7-thread-59] WARN eu.europa.esig.dss.spi.x509.TokenIssuerSelector - No issuer found for the token creation date. The process continues with an issuer which has the same public key.
11:39:07.409 [pool-7-thread-24] WARN eu.europa.esig.dss.spi.x509.TokenIssuerSelector - No issuer found for the token creation date. The process continues with an issuer which has the same public key.
11:39:07.411 [pool-7-thread-48] WARN eu.europa.esig.dss.spi.x509.TokenIssuerSelector - No issuer found for the token creation date. The process continues with an issuer which has the same public key.
11:39:07.413 [pool-7-thread-15] INFO eu.europa.esig.dss.spi.x509.TokenIssuerSelector - The issuer subject name and subject name does not match (more details in debug mode).
11:39:07.413 [pool-7-thread-58] WARN eu.europa.esig.dss.spi.x509.TokenIssuerSelector - No issuer found for the token creation date. The process continues with an issuer which has the same public key.
11:39:07.413 [pool-7-thread-15] INFO eu.europa.esig.dss.spi.x509.TokenIssuerSelector - CERT ISSUER    : c=lu,ou=pki-test,o=nowina solutions,cn=external-ca
11:39:07.413 [pool-7-thread-15] INFO eu.europa.esig.dss.spi.x509.TokenIssuerSelector - ISSUER SUBJECT : c=lu,ou=pki-test,o=nowina solutions,cn=external-ca-alternative
11:39:07.413 [pool-7-thread-15] INFO eu.europa.esig.dss.spi.x509.TokenIssuerSelector - The issuer subject name and subject name does not match (more details in debug mode).
11:39:07.414 [pool-7-thread-15] INFO eu.europa.esig.dss.spi.x509.TokenIssuerSelector - CERT ISSUER    : c=lu,ou=pki-test,o=nowina solutions,cn=external-ca
11:39:07.414 [pool-7-thread-15] INFO eu.europa.esig.dss.spi.x509.TokenIssuerSelector - ISSUER SUBJECT : c=lu,ou=pki-test,o=nowina solutions,cn=external-ca-alternative
11:39:07.414 [pool-7-thread-15] INFO eu.europa.esig.dss.spi.x509.TokenIssuerSelector - The issuer subject name and subject name does not match (more details in debug mode).
11:39:07.414 [pool-7-thread-15] INFO eu.europa.esig.dss.spi.x509.TokenIssuerSelector - CERT ISSUER    : c=lu,ou=pki-test,o=nowina solutions,cn=external-ca
11:39:07.414 [pool-7-thread-15] INFO eu.europa.esig.dss.spi.x509.TokenIssuerSelector - ISSUER SUBJECT : c=lu,ou=pki-test,o=nowina solutions,cn=external-ca-alternative
11:39:07.414 [pool-7-thread-58] WARN eu.europa.esig.dss.spi.x509.TokenIssuerSelector - No issuer found for the token creation date. The process continues with an issuer which has the same public key.
11:39:07.414 [pool-7-thread-55] WARN eu.europa.esig.dss.spi.x509.TokenIssuerSelector - No issuer found for the token creation date. The process continues with an issuer which has the same public key.
11:39:07.415 [pool-7-thread-51] WARN eu.europa.esig.dss.spi.x509.TokenIssuerSelector - No issuer found for the token creation date. The process continues with an issuer which has the same public key.
11:39:07.416 [pool-7-thread-12] WARN eu.europa.esig.dss.spi.x509.TokenIssuerSelector - No issuer found for the token creation date. The process continues with an issuer which has the same public key.
11:39:07.417 [pool-7-thread-61] WARN eu.europa.esig.dss.spi.x509.TokenIssuerSelector - No issuer found for the token creation date. The process continues with an issuer which has the same public key.
11:39:07.417 [pool-7-thread-49] INFO eu.europa.esig.dss.spi.x509.TokenIssuerSelector - The issuer subject name and subject name does not match (more details in debug mode).
11:39:07.417 [pool-7-thread-49] INFO eu.europa.esig.dss.spi.x509.TokenIssuerSelector - CERT ISSUER    : c=lu,ou=pki-test,o=nowina solutions,cn=external-ca
11:39:07.417 [pool-7-thread-49] INFO eu.europa.esig.dss.spi.x509.TokenIssuerSelector - ISSUER SUBJECT : c=lu,ou=pki-test,o=nowina solutions,cn=external-ca-alternative
11:39:07.418 [pool-7-thread-49] INFO eu.europa.esig.dss.spi.x509.TokenIssuerSelector - The issuer subject name and subject name does not match (more details in debug mode).
11:39:07.418 [pool-7-thread-49] INFO eu.europa.esig.dss.spi.x509.TokenIssuerSelector - CERT ISSUER    : c=lu,ou=pki-test,o=nowina solutions,cn=external-ca
11:39:07.418 [pool-7-thread-49] INFO eu.europa.esig.dss.spi.x509.TokenIssuerSelector - ISSUER SUBJECT : c=lu,ou=pki-test,o=nowina solutions,cn=external-ca-alternative
11:39:07.418 [pool-7-thread-49] INFO eu.europa.esig.dss.spi.x509.TokenIssuerSelector - The issuer subject name and subject name does not match (more details in debug mode).
11:39:07.418 [pool-7-thread-49] INFO eu.europa.esig.dss.spi.x509.TokenIssuerSelector - CERT ISSUER    : c=lu,ou=pki-test,o=nowina solutions,cn=external-ca
11:39:07.418 [pool-7-thread-49] INFO eu.europa.esig.dss.spi.x509.TokenIssuerSelector - ISSUER SUBJECT : c=lu,ou=pki-test,o=nowina solutions,cn=external-ca-alternative
11:39:07.418 [pool-7-thread-27] WARN eu.europa.esig.dss.spi.x509.TokenIssuerSelector - No issuer found for the token creation date. The process continues with an issuer which has the same public key.
11:39:07.418 [pool-7-thread-52] WARN eu.europa.esig.dss.spi.x509.TokenIssuerSelector - No issuer found for the token creation date. The process continues with an issuer which has the same public key.
11:39:07.419 [pool-7-thread-52] WARN eu.europa.esig.dss.spi.x509.TokenIssuerSelector - No issuer found for the token creation date. The process continues with an issuer which has the same public key.
11:39:07.421 [pool-7-thread-8] WARN eu.europa.esig.dss.spi.x509.TokenIssuerSelector - No issuer found for the token creation date. The process continues with an issuer which has the same public key.
11:39:07.421 [pool-7-thread-52] INFO eu.europa.esig.dss.spi.x509.TokenIssuerSelector - The issuer subject name and subject name does not match (more details in debug mode).
11:39:07.421 [pool-7-thread-52] INFO eu.europa.esig.dss.spi.x509.TokenIssuerSelector - CERT ISSUER    : c=lu,ou=pki-test,o=nowina solutions,cn=external-ca
11:39:07.421 [pool-7-thread-52] INFO eu.europa.esig.dss.spi.x509.TokenIssuerSelector - ISSUER SUBJECT : c=lu,ou=pki-test,o=nowina solutions,cn=external-ca-alternative
11:39:07.421 [pool-7-thread-52] INFO eu.europa.esig.dss.spi.x509.TokenIssuerSelector - The issuer subject name and subject name does not match (more details in debug mode).
11:39:07.421 [pool-7-thread-52] INFO eu.europa.esig.dss.spi.x509.TokenIssuerSelector - CERT ISSUER    : c=lu,ou=pki-test,o=nowina solutions,cn=external-ca
11:39:07.421 [pool-7-thread-52] INFO eu.europa.esig.dss.spi.x509.TokenIssuerSelector - ISSUER SUBJECT : c=lu,ou=pki-test,o=nowina solutions,cn=external-ca-alternative
11:39:07.421 [pool-7-thread-52] INFO eu.europa.esig.dss.spi.x509.TokenIssuerSelector - The issuer subject name and subject name does not match (more details in debug mode).
11:39:07.421 [pool-7-thread-7] WARN eu.europa.esig.dss.spi.x509.TokenIssuerSelector - No issuer found for the token creation date. The process continues with an issuer which has the same public key.
11:39:07.421 [pool-7-thread-52] INFO eu.europa.esig.dss.spi.x509.TokenIssuerSelector - CERT ISSUER    : c=lu,ou=pki-test,o=nowina solutions,cn=external-ca
11:39:07.421 [pool-7-thread-52] INFO eu.europa.esig.dss.spi.x509.TokenIssuerSelector - ISSUER SUBJECT : c=lu,ou=pki-test,o=nowina solutions,cn=external-ca-alternative
11:39:07.423 [pool-7-thread-23] WARN eu.europa.esig.dss.spi.x509.TokenIssuerSelector - No issuer found for the token creation date. The process continues with an issuer which has the same public key.
11:39:07.424 [pool-7-thread-7] INFO eu.europa.esig.dss.spi.x509.TokenIssuerSelector - The issuer subject name and subject name does not match (more details in debug mode).
11:39:07.424 [pool-7-thread-7] INFO eu.europa.esig.dss.spi.x509.TokenIssuerSelector - CERT ISSUER    : c=lu,ou=pki-test,o=nowina solutions,cn=external-ca
11:39:07.424 [pool-7-thread-7] INFO eu.europa.esig.dss.spi.x509.TokenIssuerSelector - ISSUER SUBJECT : c=lu,ou=pki-test,o=nowina solutions,cn=external-ca-alternative
11:39:07.424 [pool-7-thread-7] INFO eu.europa.esig.dss.spi.x509.TokenIssuerSelector - The issuer subject name and subject name does not match (more details in debug mode).
11:39:07.424 [pool-7-thread-7] INFO eu.europa.esig.dss.spi.x509.TokenIssuerSelector - CERT ISSUER    : c=lu,ou=pki-test,o=nowina solutions,cn=external-ca
11:39:07.424 [pool-7-thread-7] INFO eu.europa.esig.dss.spi.x509.TokenIssuerSelector - ISSUER SUBJECT : c=lu,ou=pki-test,o=nowina solutions,cn=external-ca-alternative
11:39:07.424 [pool-7-thread-7] INFO eu.europa.esig.dss.spi.x509.TokenIssuerSelector - The issuer subject name and subject name does not match (more details in debug mode).
11:39:07.424 [pool-7-thread-7] INFO eu.europa.esig.dss.spi.x509.TokenIssuerSelector - CERT ISSUER    : c=lu,ou=pki-test,o=nowina solutions,cn=external-ca
11:39:07.424 [pool-7-thread-7] INFO eu.europa.esig.dss.spi.x509.TokenIssuerSelector - ISSUER SUBJECT : c=lu,ou=pki-test,o=nowina solutions,cn=external-ca-alternative
11:39:07.426 [pool-7-thread-54] WARN eu.europa.esig.dss.spi.x509.TokenIssuerSelector - No issuer found for the token creation date. The process continues with an issuer which has the same public key.
11:39:07.428 [pool-7-thread-50] WARN eu.europa.esig.dss.spi.x509.TokenIssuerSelector - No issuer found for the token creation date. The process continues with an issuer which has the same public key.
11:39:07.429 [pool-7-thread-60] WARN eu.europa.esig.dss.spi.x509.TokenIssuerSelector - No issuer found for the token creation date. The process continues with an issuer which has the same public key.
11:39:07.430 [pool-7-thread-37] INFO eu.europa.esig.dss.spi.x509.TokenIssuerSelector - The issuer subject name and subject name does not match (more details in debug mode).
11:39:07.430 [pool-7-thread-37] INFO eu.europa.esig.dss.spi.x509.TokenIssuerSelector - CERT ISSUER    : c=lu,ou=pki-test,o=nowina solutions,cn=external-ca
11:39:07.430 [pool-7-thread-37] INFO eu.europa.esig.dss.spi.x509.TokenIssuerSelector - ISSUER SUBJECT : c=lu,ou=pki-test,o=nowina solutions,cn=external-ca-alternative
11:39:07.430 [pool-7-thread-37] INFO eu.europa.esig.dss.spi.x509.TokenIssuerSelector - The issuer subject name and subject name does not match (more details in debug mode).
11:39:07.430 [pool-7-thread-37] INFO eu.europa.esig.dss.spi.x509.TokenIssuerSelector - CERT ISSUER    : c=lu,ou=pki-test,o=nowina solutions,cn=external-ca
11:39:07.430 [pool-7-thread-37] INFO eu.europa.esig.dss.spi.x509.TokenIssuerSelector - ISSUER SUBJECT : c=lu,ou=pki-test,o=nowina solutions,cn=external-ca-alternative
11:39:07.430 [pool-7-thread-37] INFO eu.europa.esig.dss.spi.x509.TokenIssuerSelector - The issuer subject name and subject name does not match (more details in debug mode).
11:39:07.430 [pool-7-thread-37] INFO eu.europa.esig.dss.spi.x509.TokenIssuerSelector - CERT ISSUER    : c=lu,ou=pki-test,o=nowina solutions,cn=external-ca
11:39:07.430 [pool-7-thread-37] INFO eu.europa.esig.dss.spi.x509.TokenIssuerSelector - ISSUER SUBJECT : c=lu,ou=pki-test,o=nowina solutions,cn=external-ca-alternative
11:39:07.431 [pool-7-thread-62] WARN eu.europa.esig.dss.spi.x509.TokenIssuerSelector - No issuer found for the token creation date. The process continues with an issuer which has the same public key.
11:39:07.431 [pool-7-thread-9] WARN eu.europa.esig.dss.spi.x509.TokenIssuerSelector - No issuer found for the token creation date. The process continues with an issuer which has the same public key.
11:39:07.432 [pool-7-thread-9] WARN eu.europa.esig.dss.spi.x509.TokenIssuerSelector - No issuer found for the token creation date. The process continues with an issuer which has the same public key.
11:39:07.433 [pool-7-thread-2] WARN eu.europa.esig.dss.spi.x509.TokenIssuerSelector - No issuer found for the token creation date. The process continues with an issuer which has the same public key.
11:39:07.433 [pool-7-thread-42] WARN eu.europa.esig.dss.spi.x509.TokenIssuerSelector - No issuer found for the token creation date. The process continues with an issuer which has the same public key.
11:39:07.435 [pool-7-thread-19] WARN eu.europa.esig.dss.spi.x509.TokenIssuerSelector - No issuer found for the token creation date. The process continues with an issuer which has the same public key.
11:39:07.436 [pool-7-thread-65] WARN eu.europa.esig.dss.spi.x509.TokenIssuerSelector - No issuer found for the token creation date. The process continues with an issuer which has the same public key.
11:39:07.442 [pool-7-thread-65] INFO eu.europa.esig.dss.spi.x509.TokenIssuerSelector - The issuer subject name and subject name does not match (more details in debug mode).
11:39:07.442 [pool-7-thread-65] INFO eu.europa.esig.dss.spi.x509.TokenIssuerSelector - CERT ISSUER    : c=lu,ou=pki-test,o=nowina solutions,cn=external-ca
11:39:07.442 [pool-7-thread-65] INFO eu.europa.esig.dss.spi.x509.TokenIssuerSelector - ISSUER SUBJECT : c=lu,ou=pki-test,o=nowina solutions,cn=external-ca-alternative
11:39:07.442 [pool-7-thread-65] INFO eu.europa.esig.dss.spi.x509.TokenIssuerSelector - The issuer subject name and subject name does not match (more details in debug mode).
11:39:07.442 [pool-7-thread-65] INFO eu.europa.esig.dss.spi.x509.TokenIssuerSelector - CERT ISSUER    : c=lu,ou=pki-test,o=nowina solutions,cn=external-ca
11:39:07.442 [pool-7-thread-65] INFO eu.europa.esig.dss.spi.x509.TokenIssuerSelector - ISSUER SUBJECT : c=lu,ou=pki-test,o=nowina solutions,cn=external-ca-alternative
11:39:07.442 [pool-7-thread-65] INFO eu.europa.esig.dss.spi.x509.TokenIssuerSelector - The issuer subject name and subject name does not match (more details in debug mode).
11:39:07.442 [pool-7-thread-65] INFO eu.europa.esig.dss.spi.x509.TokenIssuerSelector - CERT ISSUER    : c=lu,ou=pki-test,o=nowina solutions,cn=external-ca
11:39:07.442 [pool-7-thread-65] INFO eu.europa.esig.dss.spi.x509.TokenIssuerSelector - ISSUER SUBJECT : c=lu,ou=pki-test,o=nowina solutions,cn=external-ca-alternative
11:39:07.442 [pool-7-thread-20] WARN eu.europa.esig.dss.spi.x509.TokenIssuerSelector - No issuer found for the token creation date. The process continues with an issuer which has the same public key.
11:39:07.444 [pool-7-thread-16] INFO eu.europa.esig.dss.spi.x509.TokenIssuerSelector - The issuer subject name and subject name does not match (more details in debug mode).
11:39:07.445 [pool-7-thread-16] INFO eu.europa.esig.dss.spi.x509.TokenIssuerSelector - CERT ISSUER    : c=lu,ou=pki-test,o=nowina solutions,cn=external-ca
11:39:07.445 [pool-7-thread-16] INFO eu.europa.esig.dss.spi.x509.TokenIssuerSelector - ISSUER SUBJECT : c=lu,ou=pki-test,o=nowina solutions,cn=external-ca-alternative
11:39:07.445 [pool-7-thread-16] INFO eu.europa.esig.dss.spi.x509.TokenIssuerSelector - The issuer subject name and subject name does not match (more details in debug mode).
11:39:07.445 [pool-7-thread-16] INFO eu.europa.esig.dss.spi.x509.TokenIssuerSelector - CERT ISSUER    : c=lu,ou=pki-test,o=nowina solutions,cn=external-ca
11:39:07.445 [pool-7-thread-16] INFO eu.europa.esig.dss.spi.x509.TokenIssuerSelector - ISSUER SUBJECT : c=lu,ou=pki-test,o=nowina solutions,cn=external-ca-alternative
11:39:07.445 [pool-7-thread-16] INFO eu.europa.esig.dss.spi.x509.TokenIssuerSelector - The issuer subject name and subject name does not match (more details in debug mode).
11:39:07.445 [pool-7-thread-16] INFO eu.europa.esig.dss.spi.x509.TokenIssuerSelector - CERT ISSUER    : c=lu,ou=pki-test,o=nowina solutions,cn=external-ca
11:39:07.445 [pool-7-thread-16] INFO eu.europa.esig.dss.spi.x509.TokenIssuerSelector - ISSUER SUBJECT : c=lu,ou=pki-test,o=nowina solutions,cn=external-ca-alternative
11:39:07.445 [pool-7-thread-74] INFO eu.europa.esig.dss.spi.x509.TokenIssuerSelector - The issuer subject name and subject name does not match (more details in debug mode).
11:39:07.445 [pool-7-thread-74] INFO eu.europa.esig.dss.spi.x509.TokenIssuerSelector - CERT ISSUER    : c=lu,ou=pki-test,o=nowina solutions,cn=external-ca
11:39:07.445 [pool-7-thread-74] INFO eu.europa.esig.dss.spi.x509.TokenIssuerSelector - ISSUER SUBJECT : c=lu,ou=pki-test,o=nowina solutions,cn=external-ca-alternative
11:39:07.445 [pool-7-thread-74] INFO eu.europa.esig.dss.spi.x509.TokenIssuerSelector - The issuer subject name and subject name does not match (more details in debug mode).
11:39:07.445 [pool-7-thread-74] INFO eu.europa.esig.dss.spi.x509.TokenIssuerSelector - CERT ISSUER    : c=lu,ou=pki-test,o=nowina solutions,cn=external-ca
11:39:07.445 [pool-7-thread-74] INFO eu.europa.esig.dss.spi.x509.TokenIssuerSelector - ISSUER SUBJECT : c=lu,ou=pki-test,o=nowina solutions,cn=external-ca-alternative
11:39:07.445 [pool-7-thread-74] INFO eu.europa.esig.dss.spi.x509.TokenIssuerSelector - The issuer subject name and subject name does not match (more details in debug mode).
11:39:07.445 [pool-7-thread-74] INFO eu.europa.esig.dss.spi.x509.TokenIssuerSelector - CERT ISSUER    : c=lu,ou=pki-test,o=nowina solutions,cn=external-ca
11:39:07.445 [pool-7-thread-74] INFO eu.europa.esig.dss.spi.x509.TokenIssuerSelector - ISSUER SUBJECT : c=lu,ou=pki-test,o=nowina solutions,cn=external-ca-alternative
11:39:07.445 [pool-7-thread-78] WARN eu.europa.esig.dss.spi.x509.TokenIssuerSelector - No issuer found for the token creation date. The process continues with an issuer which has the same public key.
11:39:07.446 [pool-7-thread-78] WARN eu.europa.esig.dss.spi.x509.TokenIssuerSelector - No issuer found for the token creation date. The process continues with an issuer which has the same public key.
11:39:07.447 [pool-7-thread-43] WARN eu.europa.esig.dss.spi.x509.TokenIssuerSelector - No issuer found for the token creation date. The process continues with an issuer which has the same public key.
11:39:07.450 [pool-7-thread-43] INFO eu.europa.esig.dss.spi.x509.TokenIssuerSelector - The issuer subject name and subject name does not match (more details in debug mode).
11:39:07.450 [pool-7-thread-43] INFO eu.europa.esig.dss.spi.x509.TokenIssuerSelector - CERT ISSUER    : c=lu,ou=pki-test,o=nowina solutions,cn=external-ca
11:39:07.450 [pool-7-thread-43] INFO eu.europa.esig.dss.spi.x509.TokenIssuerSelector - ISSUER SUBJECT : c=lu,ou=pki-test,o=nowina solutions,cn=external-ca-alternative
11:39:07.450 [pool-7-thread-43] INFO eu.europa.esig.dss.spi.x509.TokenIssuerSelector - The issuer subject name and subject name does not match (more details in debug mode).
11:39:07.450 [pool-7-thread-43] INFO eu.europa.esig.dss.spi.x509.TokenIssuerSelector - CERT ISSUER    : c=lu,ou=pki-test,o=nowina solutions,cn=external-ca
11:39:07.450 [pool-7-thread-43] INFO eu.europa.esig.dss.spi.x509.TokenIssuerSelector - ISSUER SUBJECT : c=lu,ou=pki-test,o=nowina solutions,cn=external-ca-alternative
11:39:07.450 [pool-7-thread-43] INFO eu.europa.esig.dss.spi.x509.TokenIssuerSelector - The issuer subject name and subject name does not match (more details in debug mode).
11:39:07.450 [pool-7-thread-43] INFO eu.europa.esig.dss.spi.x509.TokenIssuerSelector - CERT ISSUER    : c=lu,ou=pki-test,o=nowina solutions,cn=external-ca
11:39:07.450 [pool-7-thread-43] INFO eu.europa.esig.dss.spi.x509.TokenIssuerSelector - ISSUER SUBJECT : c=lu,ou=pki-test,o=nowina solutions,cn=external-ca-alternative
11:39:07.453 [pool-7-thread-74] WARN eu.europa.esig.dss.spi.x509.TokenIssuerSelector - No issuer found for the token creation date. The process continues with an issuer which has the same public key.
11:39:07.454 [pool-7-thread-74] WARN eu.europa.esig.dss.spi.x509.TokenIssuerSelector - No issuer found for the token creation date. The process continues with an issuer which has the same public key.
11:39:07.458 [pool-7-thread-69] WARN eu.europa.esig.dss.spi.x509.TokenIssuerSelector - No issuer found for the token creation date. The process continues with an issuer which has the same public key.
11:39:07.458 [pool-7-thread-74] INFO eu.europa.esig.dss.spi.x509.TokenIssuerSelector - The issuer subject name and subject name does not match (more details in debug mode).
11:39:07.459 [pool-7-thread-74] INFO eu.europa.esig.dss.spi.x509.TokenIssuerSelector - CERT ISSUER    : c=lu,ou=pki-test,o=nowina solutions,cn=external-ca
11:39:07.459 [pool-7-thread-74] INFO eu.europa.esig.dss.spi.x509.TokenIssuerSelector - ISSUER SUBJECT : c=lu,ou=pki-test,o=nowina solutions,cn=external-ca-alternative
11:39:07.459 [pool-7-thread-74] INFO eu.europa.esig.dss.spi.x509.TokenIssuerSelector - The issuer subject name and subject name does not match (more details in debug mode).
11:39:07.459 [pool-7-thread-74] INFO eu.europa.esig.dss.spi.x509.TokenIssuerSelector - CERT ISSUER    : c=lu,ou=pki-test,o=nowina solutions,cn=external-ca
11:39:07.459 [pool-7-thread-74] INFO eu.europa.esig.dss.spi.x509.TokenIssuerSelector - ISSUER SUBJECT : c=lu,ou=pki-test,o=nowina solutions,cn=external-ca-alternative
11:39:07.459 [pool-7-thread-74] INFO eu.europa.esig.dss.spi.x509.TokenIssuerSelector - The issuer subject name and subject name does not match (more details in debug mode).
11:39:07.459 [pool-7-thread-74] INFO eu.europa.esig.dss.spi.x509.TokenIssuerSelector - CERT ISSUER    : c=lu,ou=pki-test,o=nowina solutions,cn=external-ca
11:39:07.459 [pool-7-thread-74] INFO eu.europa.esig.dss.spi.x509.TokenIssuerSelector - ISSUER SUBJECT : c=lu,ou=pki-test,o=nowina solutions,cn=external-ca-alternative
11:39:07.462 [pool-7-thread-69] WARN eu.europa.esig.dss.spi.x509.TokenIssuerSelector - No issuer found for the token creation date. The process continues with an issuer which has the same public key.
11:39:07.465 [pool-7-thread-69] INFO eu.europa.esig.dss.spi.x509.TokenIssuerSelector - The issuer subject name and subject name does not match (more details in debug mode).
11:39:07.465 [pool-7-thread-69] INFO eu.europa.esig.dss.spi.x509.TokenIssuerSelector - CERT ISSUER    : c=lu,ou=pki-test,o=nowina solutions,cn=external-ca
11:39:07.465 [pool-7-thread-69] INFO eu.europa.esig.dss.spi.x509.TokenIssuerSelector - ISSUER SUBJECT : c=lu,ou=pki-test,o=nowina solutions,cn=external-ca-alternative
11:39:07.465 [pool-7-thread-69] INFO eu.europa.esig.dss.spi.x509.TokenIssuerSelector - The issuer subject name and subject name does not match (more details in debug mode).
11:39:07.465 [pool-7-thread-74] WARN eu.europa.esig.dss.spi.x509.TokenIssuerSelector - No issuer found for the token creation date. The process continues with an issuer which has the same public key.
11:39:07.465 [pool-7-thread-69] INFO eu.europa.esig.dss.spi.x509.TokenIssuerSelector - CERT ISSUER    : c=lu,ou=pki-test,o=nowina solutions,cn=external-ca
11:39:07.465 [pool-7-thread-69] INFO eu.europa.esig.dss.spi.x509.TokenIssuerSelector - ISSUER SUBJECT : c=lu,ou=pki-test,o=nowina solutions,cn=external-ca-alternative
11:39:07.465 [pool-7-thread-69] INFO eu.europa.esig.dss.spi.x509.TokenIssuerSelector - The issuer subject name and subject name does not match (more details in debug mode).
11:39:07.465 [pool-7-thread-69] INFO eu.europa.esig.dss.spi.x509.TokenIssuerSelector - CERT ISSUER    : c=lu,ou=pki-test,o=nowina solutions,cn=external-ca
11:39:07.465 [pool-7-thread-69] INFO eu.europa.esig.dss.spi.x509.TokenIssuerSelector - ISSUER SUBJECT : c=lu,ou=pki-test,o=nowina solutions,cn=external-ca-alternative
11:39:07.466 [pool-7-thread-74] WARN eu.europa.esig.dss.spi.x509.TokenIssuerSelector - No issuer found for the token creation date. The process continues with an issuer which has the same public key.
11:39:07.468 [pool-7-thread-74] INFO eu.europa.esig.dss.spi.x509.TokenIssuerSelector - The issuer subject name and subject name does not match (more details in debug mode).
11:39:07.468 [pool-7-thread-74] INFO eu.europa.esig.dss.spi.x509.TokenIssuerSelector - CERT ISSUER    : c=lu,ou=pki-test,o=nowina solutions,cn=external-ca
11:39:07.468 [pool-7-thread-74] INFO eu.europa.esig.dss.spi.x509.TokenIssuerSelector - ISSUER SUBJECT : c=lu,ou=pki-test,o=nowina solutions,cn=external-ca-alternative
11:39:07.468 [pool-7-thread-74] INFO eu.europa.esig.dss.spi.x509.TokenIssuerSelector - The issuer subject name and subject name does not match (more details in debug mode).
11:39:07.468 [pool-7-thread-74] INFO eu.europa.esig.dss.spi.x509.TokenIssuerSelector - CERT ISSUER    : c=lu,ou=pki-test,o=nowina solutions,cn=external-ca
11:39:07.468 [pool-7-thread-74] INFO eu.europa.esig.dss.spi.x509.TokenIssuerSelector - ISSUER SUBJECT : c=lu,ou=pki-test,o=nowina solutions,cn=external-ca-alternative
11:39:07.469 [pool-7-thread-74] INFO eu.europa.esig.dss.spi.x509.TokenIssuerSelector - The issuer subject name and subject name does not match (more details in debug mode).
11:39:07.469 [pool-7-thread-74] INFO eu.europa.esig.dss.spi.x509.TokenIssuerSelector - CERT ISSUER    : c=lu,ou=pki-test,o=nowina solutions,cn=external-ca
11:39:07.469 [pool-7-thread-74] INFO eu.europa.esig.dss.spi.x509.TokenIssuerSelector - ISSUER SUBJECT : c=lu,ou=pki-test,o=nowina solutions,cn=external-ca-alternative
11:39:07.469 [pool-7-thread-73] INFO eu.europa.esig.dss.spi.x509.TokenIssuerSelector - The issuer subject name and subject name does not match (more details in debug mode).
11:39:07.469 [pool-7-thread-73] INFO eu.europa.esig.dss.spi.x509.TokenIssuerSelector - CERT ISSUER    : c=lu,ou=pki-test,o=nowina solutions,cn=external-ca
11:39:07.469 [pool-7-thread-73] INFO eu.europa.esig.dss.spi.x509.TokenIssuerSelector - ISSUER SUBJECT : c=lu,ou=pki-test,o=nowina solutions,cn=external-ca-alternative
11:39:07.469 [pool-7-thread-73] INFO eu.europa.esig.dss.spi.x509.TokenIssuerSelector - The issuer subject name and subject name does not match (more details in debug mode).
11:39:07.469 [pool-7-thread-73] INFO eu.europa.esig.dss.spi.x509.TokenIssuerSelector - CERT ISSUER    : c=lu,ou=pki-test,o=nowina solutions,cn=external-ca
11:39:07.469 [pool-7-thread-73] INFO eu.europa.esig.dss.spi.x509.TokenIssuerSelector - ISSUER SUBJECT : c=lu,ou=pki-test,o=nowina solutions,cn=external-ca-alternative
11:39:07.469 [pool-7-thread-73] INFO eu.europa.esig.dss.spi.x509.TokenIssuerSelector - The issuer subject name and subject name does not match (more details in debug mode).
11:39:07.469 [pool-7-thread-73] INFO eu.europa.esig.dss.spi.x509.TokenIssuerSelector - CERT ISSUER    : c=lu,ou=pki-test,o=nowina solutions,cn=external-ca
11:39:07.469 [pool-7-thread-73] INFO eu.europa.esig.dss.spi.x509.TokenIssuerSelector - ISSUER SUBJECT : c=lu,ou=pki-test,o=nowina solutions,cn=external-ca-alternative
11:39:07.471 [pool-7-thread-41] INFO eu.europa.esig.dss.spi.x509.TokenIssuerSelector - The issuer subject name and subject name does not match (more details in debug mode).
11:39:07.472 [pool-7-thread-41] INFO eu.europa.esig.dss.spi.x509.TokenIssuerSelector - CERT ISSUER    : c=lu,ou=pki-test,o=nowina solutions,cn=external-ca
11:39:07.472 [pool-7-thread-41] INFO eu.europa.esig.dss.spi.x509.TokenIssuerSelector - ISSUER SUBJECT : c=lu,ou=pki-test,o=nowina solutions,cn=external-ca-alternative
11:39:07.472 [pool-7-thread-41] INFO eu.europa.esig.dss.spi.x509.TokenIssuerSelector - The issuer subject name and subject name does not match (more details in debug mode).
11:39:07.472 [pool-7-thread-41] INFO eu.europa.esig.dss.spi.x509.TokenIssuerSelector - CERT ISSUER    : c=lu,ou=pki-test,o=nowina solutions,cn=external-ca
11:39:07.472 [pool-7-thread-41] INFO eu.europa.esig.dss.spi.x509.TokenIssuerSelector - ISSUER SUBJECT : c=lu,ou=pki-test,o=nowina solutions,cn=external-ca-alternative
11:39:07.472 [pool-7-thread-41] INFO eu.europa.esig.dss.spi.x509.TokenIssuerSelector - The issuer subject name and subject name does not match (more details in debug mode).
11:39:07.472 [pool-7-thread-41] INFO eu.europa.esig.dss.spi.x509.TokenIssuerSelector - CERT ISSUER    : c=lu,ou=pki-test,o=nowina solutions,cn=external-ca
11:39:07.472 [pool-7-thread-41] INFO eu.europa.esig.dss.spi.x509.TokenIssuerSelector - ISSUER SUBJECT : c=lu,ou=pki-test,o=nowina solutions,cn=external-ca-alternative
11:39:07.473 [pool-7-thread-74] WARN eu.europa.esig.dss.spi.x509.TokenIssuerSelector - No issuer found for the token creation date. The process continues with an issuer which has the same public key.
11:39:07.473 [pool-7-thread-77] WARN eu.europa.esig.dss.spi.x509.TokenIssuerSelector - No issuer found for the token creation date. The process continues with an issuer which has the same public key.
11:39:07.475 [pool-7-thread-77] INFO eu.europa.esig.dss.spi.x509.TokenIssuerSelector - The issuer subject name and subject name does not match (more details in debug mode).
11:39:07.475 [pool-7-thread-77] INFO eu.europa.esig.dss.spi.x509.TokenIssuerSelector - CERT ISSUER    : c=lu,ou=pki-test,o=nowina solutions,cn=external-ca
11:39:07.475 [pool-7-thread-77] INFO eu.europa.esig.dss.spi.x509.TokenIssuerSelector - ISSUER SUBJECT : c=lu,ou=pki-test,o=nowina solutions,cn=external-ca-alternative
11:39:07.475 [pool-7-thread-77] INFO eu.europa.esig.dss.spi.x509.TokenIssuerSelector - The issuer subject name and subject name does not match (more details in debug mode).
11:39:07.475 [pool-7-thread-77] INFO eu.europa.esig.dss.spi.x509.TokenIssuerSelector - CERT ISSUER    : c=lu,ou=pki-test,o=nowina solutions,cn=external-ca
11:39:07.475 [pool-7-thread-77] INFO eu.europa.esig.dss.spi.x509.TokenIssuerSelector - ISSUER SUBJECT : c=lu,ou=pki-test,o=nowina solutions,cn=external-ca-alternative
11:39:07.475 [pool-7-thread-77] INFO eu.europa.esig.dss.spi.x509.TokenIssuerSelector - The issuer subject name and subject name does not match (more details in debug mode).
11:39:07.475 [pool-7-thread-77] INFO eu.europa.esig.dss.spi.x509.TokenIssuerSelector - CERT ISSUER    : c=lu,ou=pki-test,o=nowina solutions,cn=external-ca
11:39:07.475 [pool-7-thread-77] INFO eu.europa.esig.dss.spi.x509.TokenIssuerSelector - ISSUER SUBJECT : c=lu,ou=pki-test,o=nowina solutions,cn=external-ca-alternative
11:39:07.484 [pool-7-thread-86] WARN eu.europa.esig.dss.spi.x509.TokenIssuerSelector - No issuer found for the token creation date. The process continues with an issuer which has the same public key.
11:39:07.485 [pool-7-thread-86] WARN eu.europa.esig.dss.spi.x509.TokenIssuerSelector - No issuer found for the token creation date. The process continues with an issuer which has the same public key.
11:39:07.488 [pool-7-thread-86] INFO eu.europa.esig.dss.spi.x509.TokenIssuerSelector - The issuer subject name and subject name does not match (more details in debug mode).
11:39:07.488 [pool-7-thread-86] INFO eu.europa.esig.dss.spi.x509.TokenIssuerSelector - CERT ISSUER    : c=lu,ou=pki-test,o=nowina solutions,cn=external-ca
11:39:07.488 [pool-7-thread-86] INFO eu.europa.esig.dss.spi.x509.TokenIssuerSelector - ISSUER SUBJECT : c=lu,ou=pki-test,o=nowina solutions,cn=external-ca-alternative
11:39:07.488 [pool-7-thread-86] INFO eu.europa.esig.dss.spi.x509.TokenIssuerSelector - The issuer subject name and subject name does not match (more details in debug mode).
11:39:07.488 [pool-7-thread-86] INFO eu.europa.esig.dss.spi.x509.TokenIssuerSelector - CERT ISSUER    : c=lu,ou=pki-test,o=nowina solutions,cn=external-ca
11:39:07.488 [pool-7-thread-86] INFO eu.europa.esig.dss.spi.x509.TokenIssuerSelector - ISSUER SUBJECT : c=lu,ou=pki-test,o=nowina solutions,cn=external-ca-alternative
11:39:07.488 [pool-7-thread-86] INFO eu.europa.esig.dss.spi.x509.TokenIssuerSelector - The issuer subject name and subject name does not match (more details in debug mode).
11:39:07.488 [pool-7-thread-86] INFO eu.europa.esig.dss.spi.x509.TokenIssuerSelector - CERT ISSUER    : c=lu,ou=pki-test,o=nowina solutions,cn=external-ca
11:39:07.488 [pool-7-thread-86] INFO eu.europa.esig.dss.spi.x509.TokenIssuerSelector - ISSUER SUBJECT : c=lu,ou=pki-test,o=nowina solutions,cn=external-ca-alternative
11:39:07.490 [pool-7-thread-77] WARN eu.europa.esig.dss.spi.x509.TokenIssuerSelector - No issuer found for the token creation date. The process continues with an issuer which has the same public key.
11:39:07.491 [pool-7-thread-77] WARN eu.europa.esig.dss.spi.x509.TokenIssuerSelector - No issuer found for the token creation date. The process continues with an issuer which has the same public key.
11:39:07.494 [pool-7-thread-85] INFO eu.europa.esig.dss.spi.x509.TokenIssuerSelector - The issuer subject name and subject name does not match (more details in debug mode).
11:39:07.494 [pool-7-thread-32] WARN eu.europa.esig.dss.spi.x509.TokenIssuerSelector - No issuer found for the token creation date. The process continues with an issuer which has the same public key.
11:39:07.496 [pool-7-thread-85] INFO eu.europa.esig.dss.spi.x509.TokenIssuerSelector - CERT ISSUER    : c=lu,ou=pki-test,o=nowina solutions,cn=external-ca
11:39:07.496 [pool-7-thread-85] INFO eu.europa.esig.dss.spi.x509.TokenIssuerSelector - ISSUER SUBJECT : c=lu,ou=pki-test,o=nowina solutions,cn=external-ca-alternative
11:39:07.496 [pool-7-thread-85] INFO eu.europa.esig.dss.spi.x509.TokenIssuerSelector - The issuer subject name and subject name does not match (more details in debug mode).
11:39:07.496 [pool-7-thread-85] INFO eu.europa.esig.dss.spi.x509.TokenIssuerSelector - CERT ISSUER    : c=lu,ou=pki-test,o=nowina solutions,cn=external-ca
11:39:07.496 [pool-7-thread-85] INFO eu.europa.esig.dss.spi.x509.TokenIssuerSelector - ISSUER SUBJECT : c=lu,ou=pki-test,o=nowina solutions,cn=external-ca-alternative
11:39:07.496 [pool-7-thread-85] INFO eu.europa.esig.dss.spi.x509.TokenIssuerSelector - The issuer subject name and subject name does not match (more details in debug mode).
11:39:07.498 [pool-7-thread-32] WARN eu.europa.esig.dss.spi.x509.TokenIssuerSelector - No issuer found for the token creation date. The process continues with an issuer which has the same public key.
11:39:07.498 [pool-7-thread-85] INFO eu.europa.esig.dss.spi.x509.TokenIssuerSelector - CERT ISSUER    : c=lu,ou=pki-test,o=nowina solutions,cn=external-ca
11:39:07.498 [pool-7-thread-85] INFO eu.europa.esig.dss.spi.x509.TokenIssuerSelector - ISSUER SUBJECT : c=lu,ou=pki-test,o=nowina solutions,cn=external-ca-alternative
11:39:07.501 [pool-7-thread-32] INFO eu.europa.esig.dss.spi.x509.TokenIssuerSelector - The issuer subject name and subject name does not match (more details in debug mode).
11:39:07.501 [pool-7-thread-32] INFO eu.europa.esig.dss.spi.x509.TokenIssuerSelector - CERT ISSUER    : c=lu,ou=pki-test,o=nowina solutions,cn=external-ca
11:39:07.501 [pool-7-thread-32] INFO eu.europa.esig.dss.spi.x509.TokenIssuerSelector - ISSUER SUBJECT : c=lu,ou=pki-test,o=nowina solutions,cn=external-ca-alternative
11:39:07.501 [pool-7-thread-32] INFO eu.europa.esig.dss.spi.x509.TokenIssuerSelector - The issuer subject name and subject name does not match (more details in debug mode).
11:39:07.501 [pool-7-thread-32] INFO eu.europa.esig.dss.spi.x509.TokenIssuerSelector - CERT ISSUER    : c=lu,ou=pki-test,o=nowina solutions,cn=external-ca
11:39:07.501 [pool-7-thread-32] INFO eu.europa.esig.dss.spi.x509.TokenIssuerSelector - ISSUER SUBJECT : c=lu,ou=pki-test,o=nowina solutions,cn=external-ca-alternative
11:39:07.501 [pool-7-thread-32] INFO eu.europa.esig.dss.spi.x509.TokenIssuerSelector - The issuer subject name and subject name does not match (more details in debug mode).
11:39:07.501 [pool-7-thread-32] INFO eu.europa.esig.dss.spi.x509.TokenIssuerSelector - CERT ISSUER    : c=lu,ou=pki-test,o=nowina solutions,cn=external-ca
11:39:07.501 [pool-7-thread-32] INFO eu.europa.esig.dss.spi.x509.TokenIssuerSelector - ISSUER SUBJECT : c=lu,ou=pki-test,o=nowina solutions,cn=external-ca-alternative
11:39:07.503 [pool-7-thread-5] WARN eu.europa.esig.dss.spi.x509.TokenIssuerSelector - No issuer found for the token creation date. The process continues with an issuer which has the same public key.
11:39:07.505 [pool-7-thread-84] WARN eu.europa.esig.dss.spi.x509.TokenIssuerSelector - No issuer found for the token creation date. The process continues with an issuer which has the same public key.
11:39:07.505 [pool-7-thread-80] WARN eu.europa.esig.dss.spi.x509.TokenIssuerSelector - No issuer found for the token creation date. The process continues with an issuer which has the same public key.
11:39:07.506 [pool-7-thread-89] WARN eu.europa.esig.dss.spi.x509.TokenIssuerSelector - No issuer found for the token creation date. The process continues with an issuer which has the same public key.
11:39:07.507 [pool-7-thread-89] WARN eu.europa.esig.dss.spi.x509.TokenIssuerSelector - No issuer found for the token creation date. The process continues with an issuer which has the same public key.
11:39:07.508 [pool-7-thread-63] WARN eu.europa.esig.dss.spi.x509.TokenIssuerSelector - No issuer found for the token creation date. The process continues with an issuer which has the same public key.
11:39:07.508 [pool-7-thread-90] WARN eu.europa.esig.dss.spi.x509.TokenIssuerSelector - No issuer found for the token creation date. The process continues with an issuer which has the same public key.
11:39:07.509 [pool-7-thread-63] WARN eu.europa.esig.dss.spi.x509.TokenIssuerSelector - No issuer found for the token creation date. The process continues with an issuer which has the same public key.
11:39:07.512 [pool-7-thread-63] INFO eu.europa.esig.dss.spi.x509.TokenIssuerSelector - The issuer subject name and subject name does not match (more details in debug mode).
11:39:07.513 [pool-7-thread-63] INFO eu.europa.esig.dss.spi.x509.TokenIssuerSelector - CERT ISSUER    : c=lu,ou=pki-test,o=nowina solutions,cn=external-ca
11:39:07.513 [pool-7-thread-63] INFO eu.europa.esig.dss.spi.x509.TokenIssuerSelector - ISSUER SUBJECT : c=lu,ou=pki-test,o=nowina solutions,cn=external-ca-alternative
11:39:07.513 [pool-7-thread-63] INFO eu.europa.esig.dss.spi.x509.TokenIssuerSelector - The issuer subject name and subject name does not match (more details in debug mode).
11:39:07.513 [pool-7-thread-63] INFO eu.europa.esig.dss.spi.x509.TokenIssuerSelector - CERT ISSUER    : c=lu,ou=pki-test,o=nowina solutions,cn=external-ca
11:39:07.513 [pool-7-thread-63] INFO eu.europa.esig.dss.spi.x509.TokenIssuerSelector - ISSUER SUBJECT : c=lu,ou=pki-test,o=nowina solutions,cn=external-ca-alternative
11:39:07.513 [pool-7-thread-63] INFO eu.europa.esig.dss.spi.x509.TokenIssuerSelector - The issuer subject name and subject name does not match (more details in debug mode).
11:39:07.513 [pool-7-thread-63] INFO eu.europa.esig.dss.spi.x509.TokenIssuerSelector - CERT ISSUER    : c=lu,ou=pki-test,o=nowina solutions,cn=external-ca
11:39:07.513 [pool-7-thread-63] INFO eu.europa.esig.dss.spi.x509.TokenIssuerSelector - ISSUER SUBJECT : c=lu,ou=pki-test,o=nowina solutions,cn=external-ca-alternative
11:39:07.514 [pool-7-thread-18] WARN eu.europa.esig.dss.spi.x509.TokenIssuerSelector - No issuer found for the token creation date. The process continues with an issuer which has the same public key.
11:39:07.515 [pool-7-thread-18] WARN eu.europa.esig.dss.spi.x509.TokenIssuerSelector - No issuer found for the token creation date. The process continues with an issuer which has the same public key.
11:39:07.516 [pool-7-thread-18] INFO eu.europa.esig.dss.spi.x509.TokenIssuerSelector - The issuer subject name and subject name does not match (more details in debug mode).
11:39:07.516 [pool-7-thread-63] WARN eu.europa.esig.dss.spi.x509.TokenIssuerSelector - No issuer found for the token creation date. The process continues with an issuer which has the same public key.
11:39:07.518 [pool-7-thread-18] INFO eu.europa.esig.dss.spi.x509.TokenIssuerSelector - CERT ISSUER    : c=lu,ou=pki-test,o=nowina solutions,cn=external-ca
11:39:07.518 [pool-7-thread-18] INFO eu.europa.esig.dss.spi.x509.TokenIssuerSelector - ISSUER SUBJECT : c=lu,ou=pki-test,o=nowina solutions,cn=external-ca-alternative
11:39:07.518 [pool-7-thread-18] INFO eu.europa.esig.dss.spi.x509.TokenIssuerSelector - The issuer subject name and subject name does not match (more details in debug mode).
11:39:07.518 [pool-7-thread-18] INFO eu.europa.esig.dss.spi.x509.TokenIssuerSelector - CERT ISSUER    : c=lu,ou=pki-test,o=nowina solutions,cn=external-ca
11:39:07.518 [pool-7-thread-18] INFO eu.europa.esig.dss.spi.x509.TokenIssuerSelector - ISSUER SUBJECT : c=lu,ou=pki-test,o=nowina solutions,cn=external-ca-alternative
11:39:07.518 [pool-7-thread-18] INFO eu.europa.esig.dss.spi.x509.TokenIssuerSelector - The issuer subject name and subject name does not match (more details in debug mode).
11:39:07.518 [pool-7-thread-18] INFO eu.europa.esig.dss.spi.x509.TokenIssuerSelector - CERT ISSUER    : c=lu,ou=pki-test,o=nowina solutions,cn=external-ca
11:39:07.518 [pool-7-thread-18] INFO eu.europa.esig.dss.spi.x509.TokenIssuerSelector - ISSUER SUBJECT : c=lu,ou=pki-test,o=nowina solutions,cn=external-ca-alternative
11:39:07.519 [pool-7-thread-63] WARN eu.europa.esig.dss.spi.x509.TokenIssuerSelector - No issuer found for the token creation date. The process continues with an issuer which has the same public key.
11:39:07.521 [pool-7-thread-63] INFO eu.europa.esig.dss.spi.x509.TokenIssuerSelector - The issuer subject name and subject name does not match (more details in debug mode).
11:39:07.521 [pool-7-thread-63] INFO eu.europa.esig.dss.spi.x509.TokenIssuerSelector - CERT ISSUER    : c=lu,ou=pki-test,o=nowina solutions,cn=external-ca
11:39:07.521 [pool-7-thread-63] INFO eu.europa.esig.dss.spi.x509.TokenIssuerSelector - ISSUER SUBJECT : c=lu,ou=pki-test,o=nowina solutions,cn=external-ca-alternative
11:39:07.521 [pool-7-thread-98] WARN eu.europa.esig.dss.spi.x509.TokenIssuerSelector - No issuer found for the token creation date. The process continues with an issuer which has the same public key.
11:39:07.521 [pool-7-thread-63] INFO eu.europa.esig.dss.spi.x509.TokenIssuerSelector - The issuer subject name and subject name does not match (more details in debug mode).
11:39:07.521 [pool-7-thread-63] INFO eu.europa.esig.dss.spi.x509.TokenIssuerSelector - CERT ISSUER    : c=lu,ou=pki-test,o=nowina solutions,cn=external-ca
11:39:07.521 [pool-7-thread-63] INFO eu.europa.esig.dss.spi.x509.TokenIssuerSelector - ISSUER SUBJECT : c=lu,ou=pki-test,o=nowina solutions,cn=external-ca-alternative
11:39:07.521 [pool-7-thread-63] INFO eu.europa.esig.dss.spi.x509.TokenIssuerSelector - The issuer subject name and subject name does not match (more details in debug mode).
11:39:07.521 [pool-7-thread-63] INFO eu.europa.esig.dss.spi.x509.TokenIssuerSelector - CERT ISSUER    : c=lu,ou=pki-test,o=nowina solutions,cn=external-ca
11:39:07.521 [pool-7-thread-63] INFO eu.europa.esig.dss.spi.x509.TokenIssuerSelector - ISSUER SUBJECT : c=lu,ou=pki-test,o=nowina solutions,cn=external-ca-alternative
11:39:07.522 [pool-7-thread-98] WARN eu.europa.esig.dss.spi.x509.TokenIssuerSelector - No issuer found for the token creation date. The process continues with an issuer which has the same public key.
11:39:07.523 [pool-7-thread-81] WARN eu.europa.esig.dss.spi.x509.TokenIssuerSelector - No issuer found for the token creation date. The process continues with an issuer which has the same public key.
11:39:07.524 [pool-7-thread-67] WARN eu.europa.esig.dss.spi.x509.TokenIssuerSelector - No issuer found for the token creation date. The process continues with an issuer which has the same public key.
11:39:07.525 [pool-7-thread-68] WARN eu.europa.esig.dss.spi.x509.TokenIssuerSelector - No issuer found for the token creation date. The process continues with an issuer which has the same public key.
11:39:07.525 [pool-7-thread-68] WARN eu.europa.esig.dss.spi.x509.TokenIssuerSelector - No issuer found for the token creation date. The process continues with an issuer which has the same public key.
11:39:07.526 [pool-7-thread-72] WARN eu.europa.esig.dss.spi.x509.TokenIssuerSelector - No issuer found for the token creation date. The process continues with an issuer which has the same public key.
11:39:07.527 [pool-7-thread-75] WARN eu.europa.esig.dss.spi.x509.TokenIssuerSelector - No issuer found for the token creation date. The process continues with an issuer which has the same public key.
11:39:07.528 [pool-7-thread-76] WARN eu.europa.esig.dss.spi.x509.TokenIssuerSelector - No issuer found for the token creation date. The process continues with an issuer which has the same public key.
11:39:07.528 [pool-7-thread-39] WARN eu.europa.esig.dss.spi.x509.TokenIssuerSelector - No issuer found for the token creation date. The process continues with an issuer which has the same public key.
11:39:07.529 [pool-7-thread-79] WARN eu.europa.esig.dss.spi.x509.TokenIssuerSelector - No issuer found for the token creation date. The process continues with an issuer which has the same public key.
11:39:07.530 [pool-7-thread-83] WARN eu.europa.esig.dss.spi.x509.TokenIssuerSelector - No issuer found for the token creation date. The process continues with an issuer which has the same public key.
11:39:07.532 [pool-7-thread-10] INFO eu.europa.esig.dss.spi.x509.TokenIssuerSelector - The issuer subject name and subject name does not match (more details in debug mode).
11:39:07.532 [pool-7-thread-10] INFO eu.europa.esig.dss.spi.x509.TokenIssuerSelector - CERT ISSUER    : c=lu,ou=pki-test,o=nowina solutions,cn=external-ca
11:39:07.532 [pool-7-thread-10] INFO eu.europa.esig.dss.spi.x509.TokenIssuerSelector - ISSUER SUBJECT : c=lu,ou=pki-test,o=nowina solutions,cn=external-ca-alternative
11:39:07.532 [pool-7-thread-10] INFO eu.europa.esig.dss.spi.x509.TokenIssuerSelector - The issuer subject name and subject name does not match (more details in debug mode).
11:39:07.532 [pool-7-thread-10] INFO eu.europa.esig.dss.spi.x509.TokenIssuerSelector - CERT ISSUER    : c=lu,ou=pki-test,o=nowina solutions,cn=external-ca
11:39:07.532 [pool-7-thread-10] INFO eu.europa.esig.dss.spi.x509.TokenIssuerSelector - ISSUER SUBJECT : c=lu,ou=pki-test,o=nowina solutions,cn=external-ca-alternative
11:39:07.533 [pool-7-thread-10] INFO eu.europa.esig.dss.spi.x509.TokenIssuerSelector - The issuer subject name and subject name does not match (more details in debug mode).
11:39:07.533 [pool-7-thread-10] INFO eu.europa.esig.dss.spi.x509.TokenIssuerSelector - CERT ISSUER    : c=lu,ou=pki-test,o=nowina solutions,cn=external-ca
11:39:07.533 [pool-7-thread-10] INFO eu.europa.esig.dss.spi.x509.TokenIssuerSelector - ISSUER SUBJECT : c=lu,ou=pki-test,o=nowina solutions,cn=external-ca-alternative
11:39:07.536 [pool-7-thread-82] WARN eu.europa.esig.dss.spi.x509.TokenIssuerSelector - No issuer found for the token creation date. The process continues with an issuer which has the same public key.
11:39:07.536 [pool-7-thread-99] WARN eu.europa.esig.dss.spi.x509.TokenIssuerSelector - No issuer found for the token creation date. The process continues with an issuer which has the same public key.
11:39:07.537 [pool-7-thread-96] WARN eu.europa.esig.dss.spi.x509.TokenIssuerSelector - No issuer found for the token creation date. The process continues with an issuer which has the same public key.
11:39:07.539 [pool-7-thread-100] WARN eu.europa.esig.dss.spi.x509.TokenIssuerSelector - No issuer found for the token creation date. The process continues with an issuer which has the same public key.
11:39:07.540 [pool-7-thread-40] WARN eu.europa.esig.dss.spi.x509.TokenIssuerSelector - No issuer found for the token creation date. The process continues with an issuer which has the same public key.
11:39:07.540 [pool-7-thread-35] WARN eu.europa.esig.dss.spi.x509.TokenIssuerSelector - No issuer found for the token creation date. The process continues with an issuer which has the same public key.
11:39:07.541 [pool-7-thread-35] WARN eu.europa.esig.dss.spi.x509.TokenIssuerSelector - No issuer found for the token creation date. The process continues with an issuer which has the same public key.
11:39:07.548 [pool-7-thread-26] WARN eu.europa.esig.dss.spi.x509.TokenIssuerSelector - No issuer found for the token creation date. The process continues with an issuer which has the same public key.
11:39:07.549 [pool-7-thread-26] WARN eu.europa.esig.dss.spi.x509.TokenIssuerSelector - No issuer found for the token creation date. The process continues with an issuer which has the same public key.
11:39:07.552 [pool-7-thread-26] INFO eu.europa.esig.dss.spi.x509.TokenIssuerSelector - The issuer subject name and subject name does not match (more details in debug mode).
11:39:07.552 [pool-7-thread-26] INFO eu.europa.esig.dss.spi.x509.TokenIssuerSelector - CERT ISSUER    : c=lu,ou=pki-test,o=nowina solutions,cn=external-ca
11:39:07.552 [pool-7-thread-26] INFO eu.europa.esig.dss.spi.x509.TokenIssuerSelector - ISSUER SUBJECT : c=lu,ou=pki-test,o=nowina solutions,cn=external-ca-alternative
11:39:07.552 [pool-7-thread-26] INFO eu.europa.esig.dss.spi.x509.TokenIssuerSelector - The issuer subject name and subject name does not match (more details in debug mode).
11:39:07.552 [pool-7-thread-26] INFO eu.europa.esig.dss.spi.x509.TokenIssuerSelector - CERT ISSUER    : c=lu,ou=pki-test,o=nowina solutions,cn=external-ca
11:39:07.552 [pool-7-thread-26] INFO eu.europa.esig.dss.spi.x509.TokenIssuerSelector - ISSUER SUBJECT : c=lu,ou=pki-test,o=nowina solutions,cn=external-ca-alternative
11:39:07.552 [pool-7-thread-26] INFO eu.europa.esig.dss.spi.x509.TokenIssuerSelector - The issuer subject name and subject name does not match (more details in debug mode).
11:39:07.552 [pool-7-thread-26] INFO eu.europa.esig.dss.spi.x509.TokenIssuerSelector - CERT ISSUER    : c=lu,ou=pki-test,o=nowina solutions,cn=external-ca
11:39:07.552 [pool-7-thread-26] INFO eu.europa.esig.dss.spi.x509.TokenIssuerSelector - ISSUER SUBJECT : c=lu,ou=pki-test,o=nowina solutions,cn=external-ca-alternative
11:39:07.559 [pool-7-thread-26] WARN eu.europa.esig.dss.spi.x509.TokenIssuerSelector - No issuer found for the token creation date. The process continues with an issuer which has the same public key.
11:39:07.560 [pool-7-thread-26] WARN eu.europa.esig.dss.spi.x509.TokenIssuerSelector - No issuer found for the token creation date. The process continues with an issuer which has the same public key.
11:39:07.562 [pool-7-thread-26] INFO eu.europa.esig.dss.spi.x509.TokenIssuerSelector - The issuer subject name and subject name does not match (more details in debug mode).
11:39:07.562 [pool-7-thread-26] INFO eu.europa.esig.dss.spi.x509.TokenIssuerSelector - CERT ISSUER    : c=lu,ou=pki-test,o=nowina solutions,cn=external-ca
11:39:07.562 [pool-7-thread-26] INFO eu.europa.esig.dss.spi.x509.TokenIssuerSelector - ISSUER SUBJECT : c=lu,ou=pki-test,o=nowina solutions,cn=external-ca-alternative
11:39:07.562 [pool-7-thread-26] INFO eu.europa.esig.dss.spi.x509.TokenIssuerSelector - The issuer subject name and subject name does not match (more details in debug mode).
11:39:07.562 [pool-7-thread-26] INFO eu.europa.esig.dss.spi.x509.TokenIssuerSelector - CERT ISSUER    : c=lu,ou=pki-test,o=nowina solutions,cn=external-ca
11:39:07.562 [pool-7-thread-26] INFO eu.europa.esig.dss.spi.x509.TokenIssuerSelector - ISSUER SUBJECT : c=lu,ou=pki-test,o=nowina solutions,cn=external-ca-alternative
11:39:07.562 [pool-7-thread-26] INFO eu.europa.esig.dss.spi.x509.TokenIssuerSelector - The issuer subject name and subject name does not match (more details in debug mode).
11:39:07.562 [pool-7-thread-26] INFO eu.europa.esig.dss.spi.x509.TokenIssuerSelector - CERT ISSUER    : c=lu,ou=pki-test,o=nowina solutions,cn=external-ca
11:39:07.562 [pool-7-thread-26] INFO eu.europa.esig.dss.spi.x509.TokenIssuerSelector - ISSUER SUBJECT : c=lu,ou=pki-test,o=nowina solutions,cn=external-ca-alternative
11:39:07.569 [pool-7-thread-28] WARN eu.europa.esig.dss.spi.x509.TokenIssuerSelector - No issuer found for the token creation date. The process continues with an issuer which has the same public key.
11:39:07.570 [pool-7-thread-28] WARN eu.europa.esig.dss.spi.x509.TokenIssuerSelector - No issuer found for the token creation date. The process continues with an issuer which has the same public key.
11:39:07.571 [pool-7-thread-28] INFO eu.europa.esig.dss.spi.x509.TokenIssuerSelector - The issuer subject name and subject name does not match (more details in debug mode).
11:39:07.571 [pool-7-thread-28] INFO eu.europa.esig.dss.spi.x509.TokenIssuerSelector - CERT ISSUER    : c=lu,ou=pki-test,o=nowina solutions,cn=external-ca
11:39:07.571 [pool-7-thread-28] INFO eu.europa.esig.dss.spi.x509.TokenIssuerSelector - ISSUER SUBJECT : c=lu,ou=pki-test,o=nowina solutions,cn=external-ca-alternative
11:39:07.571 [pool-7-thread-28] INFO eu.europa.esig.dss.spi.x509.TokenIssuerSelector - The issuer subject name and subject name does not match (more details in debug mode).
11:39:07.571 [pool-7-thread-28] INFO eu.europa.esig.dss.spi.x509.TokenIssuerSelector - CERT ISSUER    : c=lu,ou=pki-test,o=nowina solutions,cn=external-ca
11:39:07.571 [pool-7-thread-28] INFO eu.europa.esig.dss.spi.x509.TokenIssuerSelector - ISSUER SUBJECT : c=lu,ou=pki-test,o=nowina solutions,cn=external-ca-alternative
11:39:07.571 [pool-7-thread-28] INFO eu.europa.esig.dss.spi.x509.TokenIssuerSelector - The issuer subject name and subject name does not match (more details in debug mode).
11:39:07.571 [pool-7-thread-28] INFO eu.europa.esig.dss.spi.x509.TokenIssuerSelector - CERT ISSUER    : c=lu,ou=pki-test,o=nowina solutions,cn=external-ca
11:39:07.571 [pool-7-thread-28] INFO eu.europa.esig.dss.spi.x509.TokenIssuerSelector - ISSUER SUBJECT : c=lu,ou=pki-test,o=nowina solutions,cn=external-ca-alternative
11:39:07.574 [pool-7-thread-97] WARN eu.europa.esig.dss.spi.x509.TokenIssuerSelector - No issuer found for the token creation date. The process continues with an issuer which has the same public key.
11:39:07.575 [pool-7-thread-46] WARN eu.europa.esig.dss.spi.x509.TokenIssuerSelector - No issuer found for the token creation date. The process continues with an issuer which has the same public key.
11:39:07.576 [pool-7-thread-91] WARN eu.europa.esig.dss.spi.x509.TokenIssuerSelector - No issuer found for the token creation date. The process continues with an issuer which has the same public key.
11:39:07.577 [pool-7-thread-95] WARN eu.europa.esig.dss.spi.x509.TokenIssuerSelector - No issuer found for the token creation date. The process continues with an issuer which has the same public key.
11:39:07.577 [pool-7-thread-33] WARN eu.europa.esig.dss.spi.x509.TokenIssuerSelector - No issuer found for the token creation date. The process continues with an issuer which has the same public key.
11:39:07.579 [pool-7-thread-21] WARN eu.europa.esig.dss.spi.x509.TokenIssuerSelector - No issuer found for the token creation date. The process continues with an issuer which has the same public key.
11:39:07.579 [pool-7-thread-33] INFO eu.europa.esig.dss.spi.x509.TokenIssuerSelector - The issuer subject name and subject name does not match (more details in debug mode).
11:39:07.579 [pool-7-thread-33] INFO eu.europa.esig.dss.spi.x509.TokenIssuerSelector - CERT ISSUER    : c=lu,ou=pki-test,o=nowina solutions,cn=external-ca
11:39:07.579 [pool-7-thread-33] INFO eu.europa.esig.dss.spi.x509.TokenIssuerSelector - ISSUER SUBJECT : c=lu,ou=pki-test,o=nowina solutions,cn=external-ca-alternative
11:39:07.579 [pool-7-thread-33] INFO eu.europa.esig.dss.spi.x509.TokenIssuerSelector - The issuer subject name and subject name does not match (more details in debug mode).
11:39:07.579 [pool-7-thread-33] INFO eu.europa.esig.dss.spi.x509.TokenIssuerSelector - CERT ISSUER    : c=lu,ou=pki-test,o=nowina solutions,cn=external-ca
11:39:07.579 [pool-7-thread-33] INFO eu.europa.esig.dss.spi.x509.TokenIssuerSelector - ISSUER SUBJECT : c=lu,ou=pki-test,o=nowina solutions,cn=external-ca-alternative
11:39:07.579 [pool-7-thread-33] INFO eu.europa.esig.dss.spi.x509.TokenIssuerSelector - The issuer subject name and subject name does not match (more details in debug mode).
11:39:07.579 [pool-7-thread-33] INFO eu.europa.esig.dss.spi.x509.TokenIssuerSelector - CERT ISSUER    : c=lu,ou=pki-test,o=nowina solutions,cn=external-ca
11:39:07.579 [pool-7-thread-33] INFO eu.europa.esig.dss.spi.x509.TokenIssuerSelector - ISSUER SUBJECT : c=lu,ou=pki-test,o=nowina solutions,cn=external-ca-alternative
11:39:07.580 [pool-7-thread-21] INFO eu.europa.esig.dss.spi.x509.TokenIssuerSelector - The issuer subject name and subject name does not match (more details in debug mode).
11:39:07.580 [pool-7-thread-21] INFO eu.europa.esig.dss.spi.x509.TokenIssuerSelector - CERT ISSUER    : c=lu,ou=pki-test,o=nowina solutions,cn=external-ca
11:39:07.580 [pool-7-thread-21] INFO eu.europa.esig.dss.spi.x509.TokenIssuerSelector - ISSUER SUBJECT : c=lu,ou=pki-test,o=nowina solutions,cn=external-ca-alternative
11:39:07.580 [pool-7-thread-21] INFO eu.europa.esig.dss.spi.x509.TokenIssuerSelector - The issuer subject name and subject name does not match (more details in debug mode).
11:39:07.580 [pool-7-thread-21] INFO eu.europa.esig.dss.spi.x509.TokenIssuerSelector - CERT ISSUER    : c=lu,ou=pki-test,o=nowina solutions,cn=external-ca
11:39:07.580 [pool-7-thread-21] INFO eu.europa.esig.dss.spi.x509.TokenIssuerSelector - ISSUER SUBJECT : c=lu,ou=pki-test,o=nowina solutions,cn=external-ca-alternative
11:39:07.580 [pool-7-thread-21] INFO eu.europa.esig.dss.spi.x509.TokenIssuerSelector - The issuer subject name and subject name does not match (more details in debug mode).
11:39:07.580 [pool-7-thread-21] INFO eu.europa.esig.dss.spi.x509.TokenIssuerSelector - CERT ISSUER    : c=lu,ou=pki-test,o=nowina solutions,cn=external-ca
11:39:07.580 [pool-7-thread-21] INFO eu.europa.esig.dss.spi.x509.TokenIssuerSelector - ISSUER SUBJECT : c=lu,ou=pki-test,o=nowina solutions,cn=external-ca-alternative
11:39:07.581 [pool-7-thread-14] WARN eu.europa.esig.dss.spi.x509.TokenIssuerSelector - No issuer found for the token creation date. The process continues with an issuer which has the same public key.
11:39:07.582 [pool-7-thread-14] INFO eu.europa.esig.dss.spi.x509.TokenIssuerSelector - The issuer subject name and subject name does not match (more details in debug mode).
11:39:07.582 [pool-7-thread-14] INFO eu.europa.esig.dss.spi.x509.TokenIssuerSelector - CERT ISSUER    : c=lu,ou=pki-test,o=nowina solutions,cn=external-ca
11:39:07.582 [pool-7-thread-94] WARN eu.europa.esig.dss.spi.x509.TokenIssuerSelector - No issuer found for the token creation date. The process continues with an issuer which has the same public key.
11:39:07.582 [pool-7-thread-14] INFO eu.europa.esig.dss.spi.x509.TokenIssuerSelector - ISSUER SUBJECT : c=lu,ou=pki-test,o=nowina solutions,cn=external-ca-alternative
11:39:07.582 [pool-7-thread-14] INFO eu.europa.esig.dss.spi.x509.TokenIssuerSelector - The issuer subject name and subject name does not match (more details in debug mode).
11:39:07.582 [pool-7-thread-14] INFO eu.europa.esig.dss.spi.x509.TokenIssuerSelector - CERT ISSUER    : c=lu,ou=pki-test,o=nowina solutions,cn=external-ca
11:39:07.582 [pool-7-thread-14] INFO eu.europa.esig.dss.spi.x509.TokenIssuerSelector - ISSUER SUBJECT : c=lu,ou=pki-test,o=nowina solutions,cn=external-ca-alternative
11:39:07.582 [pool-7-thread-14] INFO eu.europa.esig.dss.spi.x509.TokenIssuerSelector - The issuer subject name and subject name does not match (more details in debug mode).
11:39:07.582 [pool-7-thread-14] INFO eu.europa.esig.dss.spi.x509.TokenIssuerSelector - CERT ISSUER    : c=lu,ou=pki-test,o=nowina solutions,cn=external-ca
11:39:07.582 [pool-7-thread-14] INFO eu.europa.esig.dss.spi.x509.TokenIssuerSelector - ISSUER SUBJECT : c=lu,ou=pki-test,o=nowina solutions,cn=external-ca-alternative
11:39:07.583 [pool-7-thread-94] WARN eu.europa.esig.dss.spi.x509.TokenIssuerSelector - No issuer found for the token creation date. The process continues with an issuer which has the same public key.
11:39:07.584 [pool-7-thread-29] WARN eu.europa.esig.dss.spi.x509.TokenIssuerSelector - No issuer found for the token creation date. The process continues with an issuer which has the same public key.
11:39:07.584 [pool-7-thread-6] WARN eu.europa.esig.dss.spi.x509.TokenIssuerSelector - No issuer found for the token creation date. The process continues with an issuer which has the same public key.
11:39:07.585 [pool-7-thread-6] WARN eu.europa.esig.dss.spi.x509.TokenIssuerSelector - No issuer found for the token creation date. The process continues with an issuer which has the same public key.
11:39:07.586 [pool-7-thread-31] WARN eu.europa.esig.dss.spi.x509.TokenIssuerSelector - No issuer found for the token creation date. The process continues with an issuer which has the same public key.
11:39:07.587 [pool-7-thread-4] WARN eu.europa.esig.dss.spi.x509.TokenIssuerSelector - No issuer found for the token creation date. The process continues with an issuer which has the same public key.
11:39:07.587 [pool-7-thread-13] INFO eu.europa.esig.dss.spi.x509.TokenIssuerSelector - The issuer subject name and subject name does not match (more details in debug mode).
11:39:07.587 [pool-7-thread-13] INFO eu.europa.esig.dss.spi.x509.TokenIssuerSelector - CERT ISSUER    : c=lu,ou=pki-test,o=nowina solutions,cn=external-ca
11:39:07.587 [pool-7-thread-13] INFO eu.europa.esig.dss.spi.x509.TokenIssuerSelector - ISSUER SUBJECT : c=lu,ou=pki-test,o=nowina solutions,cn=external-ca-alternative
11:39:07.587 [pool-7-thread-13] INFO eu.europa.esig.dss.spi.x509.TokenIssuerSelector - The issuer subject name and subject name does not match (more details in debug mode).
11:39:07.587 [pool-7-thread-13] INFO eu.europa.esig.dss.spi.x509.TokenIssuerSelector - CERT ISSUER    : c=lu,ou=pki-test,o=nowina solutions,cn=external-ca
11:39:07.587 [pool-7-thread-13] INFO eu.europa.esig.dss.spi.x509.TokenIssuerSelector - ISSUER SUBJECT : c=lu,ou=pki-test,o=nowina solutions,cn=external-ca-alternative
11:39:07.587 [pool-7-thread-13] INFO eu.europa.esig.dss.spi.x509.TokenIssuerSelector - The issuer subject name and subject name does not match (more details in debug mode).
11:39:07.587 [pool-7-thread-13] INFO eu.europa.esig.dss.spi.x509.TokenIssuerSelector - CERT ISSUER    : c=lu,ou=pki-test,o=nowina solutions,cn=external-ca
11:39:07.587 [pool-7-thread-13] INFO eu.europa.esig.dss.spi.x509.TokenIssuerSelector - ISSUER SUBJECT : c=lu,ou=pki-test,o=nowina solutions,cn=external-ca-alternative
11:39:07.589 [pool-7-thread-4] INFO eu.europa.esig.dss.spi.x509.TokenIssuerSelector - The issuer subject name and subject name does not match (more details in debug mode).
11:39:07.589 [pool-7-thread-4] INFO eu.europa.esig.dss.spi.x509.TokenIssuerSelector - CERT ISSUER    : c=lu,ou=pki-test,o=nowina solutions,cn=external-ca
11:39:07.589 [pool-7-thread-4] INFO eu.europa.esig.dss.spi.x509.TokenIssuerSelector - ISSUER SUBJECT : c=lu,ou=pki-test,o=nowina solutions,cn=external-ca-alternative
11:39:07.589 [pool-7-thread-4] INFO eu.europa.esig.dss.spi.x509.TokenIssuerSelector - The issuer subject name and subject name does not match (more details in debug mode).
11:39:07.589 [pool-7-thread-4] INFO eu.europa.esig.dss.spi.x509.TokenIssuerSelector - CERT ISSUER    : c=lu,ou=pki-test,o=nowina solutions,cn=external-ca
11:39:07.589 [pool-7-thread-4] INFO eu.europa.esig.dss.spi.x509.TokenIssuerSelector - ISSUER SUBJECT : c=lu,ou=pki-test,o=nowina solutions,cn=external-ca-alternative
11:39:07.589 [pool-7-thread-4] INFO eu.europa.esig.dss.spi.x509.TokenIssuerSelector - The issuer subject name and subject name does not match (more details in debug mode).
11:39:07.589 [pool-7-thread-4] INFO eu.europa.esig.dss.spi.x509.TokenIssuerSelector - CERT ISSUER    : c=lu,ou=pki-test,o=nowina solutions,cn=external-ca
11:39:07.589 [pool-7-thread-4] INFO eu.europa.esig.dss.spi.x509.TokenIssuerSelector - ISSUER SUBJECT : c=lu,ou=pki-test,o=nowina solutions,cn=external-ca-alternative
11:39:07.589 [pool-7-thread-30] WARN eu.europa.esig.dss.spi.x509.TokenIssuerSelector - No issuer found for the token creation date. The process continues with an issuer which has the same public key.
11:39:07.590 [pool-7-thread-30] WARN eu.europa.esig.dss.spi.x509.TokenIssuerSelector - No issuer found for the token creation date. The process continues with an issuer which has the same public key.
11:39:07.591 [pool-7-thread-11] WARN eu.europa.esig.dss.spi.x509.TokenIssuerSelector - No issuer found for the token creation date. The process continues with an issuer which has the same public key.
11:39:07.592 [pool-7-thread-4] WARN eu.europa.esig.dss.spi.x509.TokenIssuerSelector - No issuer found for the token creation date. The process continues with an issuer which has the same public key.
11:39:07.593 [pool-7-thread-4] WARN eu.europa.esig.dss.spi.x509.TokenIssuerSelector - No issuer found for the token creation date. The process continues with an issuer which has the same public key.
11:39:07.595 [pool-7-thread-30] INFO eu.europa.esig.dss.spi.x509.TokenIssuerSelector - The issuer subject name and subject name does not match (more details in debug mode).
11:39:07.595 [pool-7-thread-30] INFO eu.europa.esig.dss.spi.x509.TokenIssuerSelector - CERT ISSUER    : c=lu,ou=pki-test,o=nowina solutions,cn=external-ca
11:39:07.595 [pool-7-thread-30] INFO eu.europa.esig.dss.spi.x509.TokenIssuerSelector - ISSUER SUBJECT : c=lu,ou=pki-test,o=nowina solutions,cn=external-ca-alternative
11:39:07.595 [pool-7-thread-30] INFO eu.europa.esig.dss.spi.x509.TokenIssuerSelector - The issuer subject name and subject name does not match (more details in debug mode).
11:39:07.595 [pool-7-thread-30] INFO eu.europa.esig.dss.spi.x509.TokenIssuerSelector - CERT ISSUER    : c=lu,ou=pki-test,o=nowina solutions,cn=external-ca
11:39:07.595 [pool-7-thread-30] INFO eu.europa.esig.dss.spi.x509.TokenIssuerSelector - ISSUER SUBJECT : c=lu,ou=pki-test,o=nowina solutions,cn=external-ca-alternative
11:39:07.595 [pool-7-thread-30] INFO eu.europa.esig.dss.spi.x509.TokenIssuerSelector - The issuer subject name and subject name does not match (more details in debug mode).
11:39:07.595 [pool-7-thread-30] INFO eu.europa.esig.dss.spi.x509.TokenIssuerSelector - CERT ISSUER    : c=lu,ou=pki-test,o=nowina solutions,cn=external-ca
11:39:07.597 [pool-7-thread-30] INFO eu.europa.esig.dss.spi.x509.TokenIssuerSelector - ISSUER SUBJECT : c=lu,ou=pki-test,o=nowina solutions,cn=external-ca-alternative
11:39:07.598 [pool-7-thread-13] WARN eu.europa.esig.dss.spi.x509.TokenIssuerSelector - No issuer found for the token creation date. The process continues with an issuer which has the same public key.
11:39:07.599 [pool-7-thread-13] WARN eu.europa.esig.dss.spi.x509.TokenIssuerSelector - No issuer found for the token creation date. The process continues with an issuer which has the same public key.
11:39:07.599 [pool-7-thread-31] WARN eu.europa.esig.dss.spi.x509.TokenIssuerSelector - No issuer found for the token creation date. The process continues with an issuer which has the same public key.
11:39:07.601 [pool-7-thread-6] INFO eu.europa.esig.dss.spi.x509.TokenIssuerSelector - The issuer subject name and subject name does not match (more details in debug mode).
11:39:07.601 [pool-7-thread-6] INFO eu.europa.esig.dss.spi.x509.TokenIssuerSelector - CERT ISSUER    : c=lu,ou=pki-test,o=nowina solutions,cn=external-ca
11:39:07.601 [pool-7-thread-6] INFO eu.europa.esig.dss.spi.x509.TokenIssuerSelector - ISSUER SUBJECT : c=lu,ou=pki-test,o=nowina solutions,cn=external-ca-alternative
11:39:07.601 [pool-7-thread-6] INFO eu.europa.esig.dss.spi.x509.TokenIssuerSelector - The issuer subject name and subject name does not match (more details in debug mode).
11:39:07.601 [pool-7-thread-6] INFO eu.europa.esig.dss.spi.x509.TokenIssuerSelector - CERT ISSUER    : c=lu,ou=pki-test,o=nowina solutions,cn=external-ca
11:39:07.601 [pool-7-thread-6] INFO eu.europa.esig.dss.spi.x509.TokenIssuerSelector - ISSUER SUBJECT : c=lu,ou=pki-test,o=nowina solutions,cn=external-ca-alternative
11:39:07.601 [pool-7-thread-6] INFO eu.europa.esig.dss.spi.x509.TokenIssuerSelector - The issuer subject name and subject name does not match (more details in debug mode).
11:39:07.601 [pool-7-thread-6] INFO eu.europa.esig.dss.spi.x509.TokenIssuerSelector - CERT ISSUER    : c=lu,ou=pki-test,o=nowina solutions,cn=external-ca
11:39:07.601 [pool-7-thread-6] INFO eu.europa.esig.dss.spi.x509.TokenIssuerSelector - ISSUER SUBJECT : c=lu,ou=pki-test,o=nowina solutions,cn=external-ca-alternative
11:39:07.605 [pool-7-thread-6] WARN eu.europa.esig.dss.spi.x509.TokenIssuerSelector - No issuer found for the token creation date. The process continues with an issuer which has the same public key.
11:39:07.606 [pool-7-thread-14] WARN eu.europa.esig.dss.spi.x509.TokenIssuerSelector - No issuer found for the token creation date. The process continues with an issuer which has the same public key.
11:39:07.606 [pool-7-thread-14] WARN eu.europa.esig.dss.spi.x509.TokenIssuerSelector - No issuer found for the token creation date. The process continues with an issuer which has the same public key.
11:39:07.608 [pool-7-thread-14] INFO eu.europa.esig.dss.spi.x509.TokenIssuerSelector - The issuer subject name and subject name does not match (more details in debug mode).
11:39:07.608 [pool-7-thread-14] INFO eu.europa.esig.dss.spi.x509.TokenIssuerSelector - CERT ISSUER    : c=lu,ou=pki-test,o=nowina solutions,cn=external-ca
11:39:07.608 [pool-7-thread-14] INFO eu.europa.esig.dss.spi.x509.TokenIssuerSelector - ISSUER SUBJECT : c=lu,ou=pki-test,o=nowina solutions,cn=external-ca-alternative
11:39:07.608 [pool-7-thread-14] INFO eu.europa.esig.dss.spi.x509.TokenIssuerSelector - The issuer subject name and subject name does not match (more details in debug mode).
11:39:07.608 [pool-7-thread-14] INFO eu.europa.esig.dss.spi.x509.TokenIssuerSelector - CERT ISSUER    : c=lu,ou=pki-test,o=nowina solutions,cn=external-ca
11:39:07.608 [pool-7-thread-14] INFO eu.europa.esig.dss.spi.x509.TokenIssuerSelector - ISSUER SUBJECT : c=lu,ou=pki-test,o=nowina solutions,cn=external-ca-alternative
11:39:07.608 [pool-7-thread-14] INFO eu.europa.esig.dss.spi.x509.TokenIssuerSelector - The issuer subject name and subject name does not match (more details in debug mode).
11:39:07.608 [pool-7-thread-14] INFO eu.europa.esig.dss.spi.x509.TokenIssuerSelector - CERT ISSUER    : c=lu,ou=pki-test,o=nowina solutions,cn=external-ca
11:39:07.608 [pool-7-thread-14] INFO eu.europa.esig.dss.spi.x509.TokenIssuerSelector - ISSUER SUBJECT : c=lu,ou=pki-test,o=nowina solutions,cn=external-ca-alternative
11:39:07.611 [pool-7-thread-29] INFO eu.europa.esig.dss.spi.x509.TokenIssuerSelector - The issuer subject name and subject name does not match (more details in debug mode).
11:39:07.611 [pool-7-thread-29] INFO eu.europa.esig.dss.spi.x509.TokenIssuerSelector - CERT ISSUER    : c=lu,ou=pki-test,o=nowina solutions,cn=external-ca
11:39:07.611 [pool-7-thread-29] INFO eu.europa.esig.dss.spi.x509.TokenIssuerSelector - ISSUER SUBJECT : c=lu,ou=pki-test,o=nowina solutions,cn=external-ca-alternative
11:39:07.611 [pool-7-thread-29] INFO eu.europa.esig.dss.spi.x509.TokenIssuerSelector - The issuer subject name and subject name does not match (more details in debug mode).
11:39:07.611 [pool-7-thread-29] INFO eu.europa.esig.dss.spi.x509.TokenIssuerSelector - CERT ISSUER    : c=lu,ou=pki-test,o=nowina solutions,cn=external-ca
11:39:07.611 [pool-7-thread-29] INFO eu.europa.esig.dss.spi.x509.TokenIssuerSelector - ISSUER SUBJECT : c=lu,ou=pki-test,o=nowina solutions,cn=external-ca-alternative
11:39:07.611 [pool-7-thread-29] INFO eu.europa.esig.dss.spi.x509.TokenIssuerSelector - The issuer subject name and subject name does not match (more details in debug mode).
11:39:07.611 [pool-7-thread-29] INFO eu.europa.esig.dss.spi.x509.TokenIssuerSelector - CERT ISSUER    : c=lu,ou=pki-test,o=nowina solutions,cn=external-ca
11:39:07.611 [pool-7-thread-29] INFO eu.europa.esig.dss.spi.x509.TokenIssuerSelector - ISSUER SUBJECT : c=lu,ou=pki-test,o=nowina solutions,cn=external-ca-alternative
11:39:07.611 [pool-7-thread-14] WARN eu.europa.esig.dss.spi.x509.TokenIssuerSelector - No issuer found for the token creation date. The process continues with an issuer which has the same public key.
11:39:07.612 [pool-7-thread-14] WARN eu.europa.esig.dss.spi.x509.TokenIssuerSelector - No issuer found for the token creation date. The process continues with an issuer which has the same public key.
11:39:07.613 [pool-7-thread-14] INFO eu.europa.esig.dss.spi.x509.TokenIssuerSelector - The issuer subject name and subject name does not match (more details in debug mode).
11:39:07.613 [pool-7-thread-14] INFO eu.europa.esig.dss.spi.x509.TokenIssuerSelector - CERT ISSUER    : c=lu,ou=pki-test,o=nowina solutions,cn=external-ca
11:39:07.613 [pool-7-thread-14] INFO eu.europa.esig.dss.spi.x509.TokenIssuerSelector - ISSUER SUBJECT : c=lu,ou=pki-test,o=nowina solutions,cn=external-ca-alternative
11:39:07.613 [pool-7-thread-14] INFO eu.europa.esig.dss.spi.x509.TokenIssuerSelector - The issuer subject name and subject name does not match (more details in debug mode).
11:39:07.613 [pool-7-thread-14] INFO eu.europa.esig.dss.spi.x509.TokenIssuerSelector - CERT ISSUER    : c=lu,ou=pki-test,o=nowina solutions,cn=external-ca
11:39:07.613 [pool-7-thread-14] INFO eu.europa.esig.dss.spi.x509.TokenIssuerSelector - ISSUER SUBJECT : c=lu,ou=pki-test,o=nowina solutions,cn=external-ca-alternative
11:39:07.613 [pool-7-thread-14] INFO eu.europa.esig.dss.spi.x509.TokenIssuerSelector - The issuer subject name and subject name does not match (more details in debug mode).
11:39:07.613 [pool-7-thread-14] INFO eu.europa.esig.dss.spi.x509.TokenIssuerSelector - CERT ISSUER    : c=lu,ou=pki-test,o=nowina solutions,cn=external-ca
11:39:07.613 [pool-7-thread-14] INFO eu.europa.esig.dss.spi.x509.TokenIssuerSelector - ISSUER SUBJECT : c=lu,ou=pki-test,o=nowina solutions,cn=external-ca-alternative
11:39:07.616 [pool-7-thread-29] WARN eu.europa.esig.dss.spi.x509.TokenIssuerSelector - No issuer found for the token creation date. The process continues with an issuer which has the same public key.
11:39:07.617 [pool-7-thread-29] WARN eu.europa.esig.dss.spi.x509.TokenIssuerSelector - No issuer found for the token creation date. The process continues with an issuer which has the same public key.
11:39:07.619 [pool-7-thread-29] INFO eu.europa.esig.dss.spi.x509.TokenIssuerSelector - The issuer subject name and subject name does not match (more details in debug mode).
11:39:07.619 [pool-7-thread-29] INFO eu.europa.esig.dss.spi.x509.TokenIssuerSelector - CERT ISSUER    : c=lu,ou=pki-test,o=nowina solutions,cn=external-ca
11:39:07.619 [pool-7-thread-29] INFO eu.europa.esig.dss.spi.x509.TokenIssuerSelector - ISSUER SUBJECT : c=lu,ou=pki-test,o=nowina solutions,cn=external-ca-alternative
11:39:07.619 [pool-7-thread-29] INFO eu.europa.esig.dss.spi.x509.TokenIssuerSelector - The issuer subject name and subject name does not match (more details in debug mode).
11:39:07.619 [pool-7-thread-29] INFO eu.europa.esig.dss.spi.x509.TokenIssuerSelector - CERT ISSUER    : c=lu,ou=pki-test,o=nowina solutions,cn=external-ca
11:39:07.619 [pool-7-thread-29] INFO eu.europa.esig.dss.spi.x509.TokenIssuerSelector - ISSUER SUBJECT : c=lu,ou=pki-test,o=nowina solutions,cn=external-ca-alternative
11:39:07.619 [pool-7-thread-29] INFO eu.europa.esig.dss.spi.x509.TokenIssuerSelector - The issuer subject name and subject name does not match (more details in debug mode).
11:39:07.619 [pool-7-thread-29] INFO eu.europa.esig.dss.spi.x509.TokenIssuerSelector - CERT ISSUER    : c=lu,ou=pki-test,o=nowina solutions,cn=external-ca
11:39:07.619 [pool-7-thread-29] INFO eu.europa.esig.dss.spi.x509.TokenIssuerSelector - ISSUER SUBJECT : c=lu,ou=pki-test,o=nowina solutions,cn=external-ca-alternative
11:39:07.622 [pool-7-thread-29] WARN eu.europa.esig.dss.spi.x509.TokenIssuerSelector - No issuer found for the token creation date. The process continues with an issuer which has the same public key.
11:39:07.624 [pool-7-thread-94] INFO eu.europa.esig.dss.spi.x509.TokenIssuerSelector - The issuer subject name and subject name does not match (more details in debug mode).
11:39:07.624 [pool-7-thread-94] INFO eu.europa.esig.dss.spi.x509.TokenIssuerSelector - CERT ISSUER    : c=lu,ou=pki-test,o=nowina solutions,cn=external-ca
11:39:07.624 [pool-7-thread-94] INFO eu.europa.esig.dss.spi.x509.TokenIssuerSelector - ISSUER SUBJECT : c=lu,ou=pki-test,o=nowina solutions,cn=external-ca-alternative
11:39:07.624 [pool-7-thread-94] INFO eu.europa.esig.dss.spi.x509.TokenIssuerSelector - The issuer subject name and subject name does not match (more details in debug mode).
11:39:07.624 [pool-7-thread-94] INFO eu.europa.esig.dss.spi.x509.TokenIssuerSelector - CERT ISSUER    : c=lu,ou=pki-test,o=nowina solutions,cn=external-ca
11:39:07.624 [pool-7-thread-94] INFO eu.europa.esig.dss.spi.x509.TokenIssuerSelector - ISSUER SUBJECT : c=lu,ou=pki-test,o=nowina solutions,cn=external-ca-alternative
11:39:07.624 [pool-7-thread-94] INFO eu.europa.esig.dss.spi.x509.TokenIssuerSelector - The issuer subject name and subject name does not match (more details in debug mode).
11:39:07.624 [pool-7-thread-94] INFO eu.europa.esig.dss.spi.x509.TokenIssuerSelector - CERT ISSUER    : c=lu,ou=pki-test,o=nowina solutions,cn=external-ca
11:39:07.624 [pool-7-thread-94] INFO eu.europa.esig.dss.spi.x509.TokenIssuerSelector - ISSUER SUBJECT : c=lu,ou=pki-test,o=nowina solutions,cn=external-ca-alternative
11:39:07.626 [pool-7-thread-21] WARN eu.europa.esig.dss.spi.x509.TokenIssuerSelector - No issuer found for the token creation date. The process continues with an issuer which has the same public key.
11:39:07.627 [pool-7-thread-95] WARN eu.europa.esig.dss.spi.x509.TokenIssuerSelector - No issuer found for the token creation date. The process continues with an issuer which has the same public key.
11:39:07.628 [pool-7-thread-91] WARN eu.europa.esig.dss.spi.x509.TokenIssuerSelector - No issuer found for the token creation date. The process continues with an issuer which has the same public key.
11:39:07.631 [pool-7-thread-91] INFO eu.europa.esig.dss.spi.x509.TokenIssuerSelector - The issuer subject name and subject name does not match (more details in debug mode).
11:39:07.631 [pool-7-thread-91] INFO eu.europa.esig.dss.spi.x509.TokenIssuerSelector - CERT ISSUER    : c=lu,ou=pki-test,o=nowina solutions,cn=external-ca
11:39:07.631 [pool-7-thread-91] INFO eu.europa.esig.dss.spi.x509.TokenIssuerSelector - ISSUER SUBJECT : c=lu,ou=pki-test,o=nowina solutions,cn=external-ca-alternative
11:39:07.631 [pool-7-thread-91] INFO eu.europa.esig.dss.spi.x509.TokenIssuerSelector - The issuer subject name and subject name does not match (more details in debug mode).
11:39:07.631 [pool-7-thread-91] INFO eu.europa.esig.dss.spi.x509.TokenIssuerSelector - CERT ISSUER    : c=lu,ou=pki-test,o=nowina solutions,cn=external-ca
11:39:07.631 [pool-7-thread-91] INFO eu.europa.esig.dss.spi.x509.TokenIssuerSelector - ISSUER SUBJECT : c=lu,ou=pki-test,o=nowina solutions,cn=external-ca-alternative
11:39:07.631 [pool-7-thread-91] INFO eu.europa.esig.dss.spi.x509.TokenIssuerSelector - The issuer subject name and subject name does not match (more details in debug mode).
11:39:07.631 [pool-7-thread-91] INFO eu.europa.esig.dss.spi.x509.TokenIssuerSelector - CERT ISSUER    : c=lu,ou=pki-test,o=nowina solutions,cn=external-ca
11:39:07.631 [pool-7-thread-91] INFO eu.europa.esig.dss.spi.x509.TokenIssuerSelector - ISSUER SUBJECT : c=lu,ou=pki-test,o=nowina solutions,cn=external-ca-alternative
11:39:07.631 [pool-7-thread-46] WARN eu.europa.esig.dss.spi.x509.TokenIssuerSelector - No issuer found for the token creation date. The process continues with an issuer which has the same public key.
11:39:07.633 [pool-7-thread-46] INFO eu.europa.esig.dss.spi.x509.TokenIssuerSelector - The issuer subject name and subject name does not match (more details in debug mode).
11:39:07.633 [pool-7-thread-46] INFO eu.europa.esig.dss.spi.x509.TokenIssuerSelector - CERT ISSUER    : c=lu,ou=pki-test,o=nowina solutions,cn=external-ca
11:39:07.633 [pool-7-thread-46] INFO eu.europa.esig.dss.spi.x509.TokenIssuerSelector - ISSUER SUBJECT : c=lu,ou=pki-test,o=nowina solutions,cn=external-ca-alternative
11:39:07.633 [pool-7-thread-3] WARN eu.europa.esig.dss.spi.x509.TokenIssuerSelector - No issuer found for the token creation date. The process continues with an issuer which has the same public key.
11:39:07.633 [pool-7-thread-46] INFO eu.europa.esig.dss.spi.x509.TokenIssuerSelector - The issuer subject name and subject name does not match (more details in debug mode).
11:39:07.633 [pool-7-thread-46] INFO eu.europa.esig.dss.spi.x509.TokenIssuerSelector - CERT ISSUER    : c=lu,ou=pki-test,o=nowina solutions,cn=external-ca
11:39:07.633 [pool-7-thread-46] INFO eu.europa.esig.dss.spi.x509.TokenIssuerSelector - ISSUER SUBJECT : c=lu,ou=pki-test,o=nowina solutions,cn=external-ca-alternative
11:39:07.633 [pool-7-thread-46] INFO eu.europa.esig.dss.spi.x509.TokenIssuerSelector - The issuer subject name and subject name does not match (more details in debug mode).
11:39:07.633 [pool-7-thread-46] INFO eu.europa.esig.dss.spi.x509.TokenIssuerSelector - CERT ISSUER    : c=lu,ou=pki-test,o=nowina solutions,cn=external-ca
11:39:07.633 [pool-7-thread-46] INFO eu.europa.esig.dss.spi.x509.TokenIssuerSelector - ISSUER SUBJECT : c=lu,ou=pki-test,o=nowina solutions,cn=external-ca-alternative
11:39:07.633 [pool-7-thread-97] WARN eu.europa.esig.dss.spi.x509.TokenIssuerSelector - No issuer found for the token creation date. The process continues with an issuer which has the same public key.
11:39:07.635 [pool-7-thread-26] WARN eu.europa.esig.dss.spi.x509.TokenIssuerSelector - No issuer found for the token creation date. The process continues with an issuer which has the same public key.
11:39:07.639 [pool-7-thread-46] WARN eu.europa.esig.dss.spi.x509.TokenIssuerSelector - No issuer found for the token creation date. The process continues with an issuer which has the same public key.
11:39:07.641 [pool-7-thread-93] WARN eu.europa.esig.dss.spi.x509.TokenIssuerSelector - No issuer found for the token creation date. The process continues with an issuer which has the same public key.
11:39:07.643 [pool-7-thread-36] WARN eu.europa.esig.dss.spi.x509.TokenIssuerSelector - No issuer found for the token creation date. The process continues with an issuer which has the same public key.
11:39:07.647 [pool-7-thread-36] WARN eu.europa.esig.dss.spi.x509.TokenIssuerSelector - No issuer found for the token creation date. The process continues with an issuer which has the same public key.
11:39:07.649 [pool-7-thread-36] INFO eu.europa.esig.dss.spi.x509.TokenIssuerSelector - The issuer subject name and subject name does not match (more details in debug mode).
11:39:07.649 [pool-7-thread-36] INFO eu.europa.esig.dss.spi.x509.TokenIssuerSelector - CERT ISSUER    : c=lu,ou=pki-test,o=nowina solutions,cn=external-ca
11:39:07.649 [pool-7-thread-36] INFO eu.europa.esig.dss.spi.x509.TokenIssuerSelector - ISSUER SUBJECT : c=lu,ou=pki-test,o=nowina solutions,cn=external-ca-alternative
11:39:07.649 [pool-7-thread-36] INFO eu.europa.esig.dss.spi.x509.TokenIssuerSelector - The issuer subject name and subject name does not match (more details in debug mode).
11:39:07.649 [pool-7-thread-36] INFO eu.europa.esig.dss.spi.x509.TokenIssuerSelector - CERT ISSUER    : c=lu,ou=pki-test,o=nowina solutions,cn=external-ca
11:39:07.649 [pool-7-thread-36] INFO eu.europa.esig.dss.spi.x509.TokenIssuerSelector - ISSUER SUBJECT : c=lu,ou=pki-test,o=nowina solutions,cn=external-ca-alternative
11:39:07.650 [pool-7-thread-36] INFO eu.europa.esig.dss.spi.x509.TokenIssuerSelector - The issuer subject name and subject name does not match (more details in debug mode).
11:39:07.650 [pool-7-thread-36] INFO eu.europa.esig.dss.spi.x509.TokenIssuerSelector - CERT ISSUER    : c=lu,ou=pki-test,o=nowina solutions,cn=external-ca
11:39:07.650 [pool-7-thread-36] INFO eu.europa.esig.dss.spi.x509.TokenIssuerSelector - ISSUER SUBJECT : c=lu,ou=pki-test,o=nowina solutions,cn=external-ca-alternative
11:39:07.652 [pool-7-thread-35] INFO eu.europa.esig.dss.spi.x509.TokenIssuerSelector - The issuer subject name and subject name does not match (more details in debug mode).
11:39:07.652 [pool-7-thread-35] INFO eu.europa.esig.dss.spi.x509.TokenIssuerSelector - CERT ISSUER    : c=lu,ou=pki-test,o=nowina solutions,cn=external-ca
11:39:07.652 [pool-7-thread-35] INFO eu.europa.esig.dss.spi.x509.TokenIssuerSelector - ISSUER SUBJECT : c=lu,ou=pki-test,o=nowina solutions,cn=external-ca-alternative
11:39:07.653 [pool-7-thread-35] INFO eu.europa.esig.dss.spi.x509.TokenIssuerSelector - The issuer subject name and subject name does not match (more details in debug mode).
11:39:07.653 [pool-7-thread-35] INFO eu.europa.esig.dss.spi.x509.TokenIssuerSelector - CERT ISSUER    : c=lu,ou=pki-test,o=nowina solutions,cn=external-ca
11:39:07.653 [pool-7-thread-35] INFO eu.europa.esig.dss.spi.x509.TokenIssuerSelector - ISSUER SUBJECT : c=lu,ou=pki-test,o=nowina solutions,cn=external-ca-alternative
11:39:07.653 [pool-7-thread-35] INFO eu.europa.esig.dss.spi.x509.TokenIssuerSelector - The issuer subject name and subject name does not match (more details in debug mode).
11:39:07.653 [pool-7-thread-35] INFO eu.europa.esig.dss.spi.x509.TokenIssuerSelector - CERT ISSUER    : c=lu,ou=pki-test,o=nowina solutions,cn=external-ca
11:39:07.653 [pool-7-thread-35] INFO eu.europa.esig.dss.spi.x509.TokenIssuerSelector - ISSUER SUBJECT : c=lu,ou=pki-test,o=nowina solutions,cn=external-ca-alternative
11:39:07.655 [pool-7-thread-36] WARN eu.europa.esig.dss.spi.x509.TokenIssuerSelector - No issuer found for the token creation date. The process continues with an issuer which has the same public key.
11:39:07.656 [pool-7-thread-36] WARN eu.europa.esig.dss.spi.x509.TokenIssuerSelector - No issuer found for the token creation date. The process continues with an issuer which has the same public key.
11:39:07.657 [pool-7-thread-40] WARN eu.europa.esig.dss.spi.x509.TokenIssuerSelector - No issuer found for the token creation date. The process continues with an issuer which has the same public key.
11:39:07.657 [pool-7-thread-100] WARN eu.europa.esig.dss.spi.x509.TokenIssuerSelector - No issuer found for the token creation date. The process continues with an issuer which has the same public key.
11:39:07.658 [pool-7-thread-96] WARN eu.europa.esig.dss.spi.x509.TokenIssuerSelector - No issuer found for the token creation date. The process continues with an issuer which has the same public key.
11:39:07.660 [pool-7-thread-99] WARN eu.europa.esig.dss.spi.x509.TokenIssuerSelector - No issuer found for the token creation date. The process continues with an issuer which has the same public key.
11:39:07.660 [pool-7-thread-96] INFO eu.europa.esig.dss.spi.x509.TokenIssuerSelector - The issuer subject name and subject name does not match (more details in debug mode).
11:39:07.660 [pool-7-thread-96] INFO eu.europa.esig.dss.spi.x509.TokenIssuerSelector - CERT ISSUER    : c=lu,ou=pki-test,o=nowina solutions,cn=external-ca
11:39:07.660 [pool-7-thread-96] INFO eu.europa.esig.dss.spi.x509.TokenIssuerSelector - ISSUER SUBJECT : c=lu,ou=pki-test,o=nowina solutions,cn=external-ca-alternative
11:39:07.660 [pool-7-thread-96] INFO eu.europa.esig.dss.spi.x509.TokenIssuerSelector - The issuer subject name and subject name does not match (more details in debug mode).
11:39:07.660 [pool-7-thread-96] INFO eu.europa.esig.dss.spi.x509.TokenIssuerSelector - CERT ISSUER    : c=lu,ou=pki-test,o=nowina solutions,cn=external-ca
11:39:07.660 [pool-7-thread-96] INFO eu.europa.esig.dss.spi.x509.TokenIssuerSelector - ISSUER SUBJECT : c=lu,ou=pki-test,o=nowina solutions,cn=external-ca-alternative
11:39:07.660 [pool-7-thread-96] INFO eu.europa.esig.dss.spi.x509.TokenIssuerSelector - The issuer subject name and subject name does not match (more details in debug mode).
11:39:07.660 [pool-7-thread-96] INFO eu.europa.esig.dss.spi.x509.TokenIssuerSelector - CERT ISSUER    : c=lu,ou=pki-test,o=nowina solutions,cn=external-ca
11:39:07.660 [pool-7-thread-96] INFO eu.europa.esig.dss.spi.x509.TokenIssuerSelector - ISSUER SUBJECT : c=lu,ou=pki-test,o=nowina solutions,cn=external-ca-alternative
11:39:07.662 [pool-7-thread-10] WARN eu.europa.esig.dss.spi.x509.TokenIssuerSelector - No issuer found for the token creation date. The process continues with an issuer which has the same public key.
11:39:07.663 [pool-7-thread-10] WARN eu.europa.esig.dss.spi.x509.TokenIssuerSelector - No issuer found for the token creation date. The process continues with an issuer which has the same public key.
11:39:07.666 [pool-7-thread-10] INFO eu.europa.esig.dss.spi.x509.TokenIssuerSelector - The issuer subject name and subject name does not match (more details in debug mode).
11:39:07.666 [pool-7-thread-10] INFO eu.europa.esig.dss.spi.x509.TokenIssuerSelector - CERT ISSUER    : c=lu,ou=pki-test,o=nowina solutions,cn=external-ca
11:39:07.666 [pool-7-thread-10] INFO eu.europa.esig.dss.spi.x509.TokenIssuerSelector - ISSUER SUBJECT : c=lu,ou=pki-test,o=nowina solutions,cn=external-ca-alternative
11:39:07.666 [pool-7-thread-10] INFO eu.europa.esig.dss.spi.x509.TokenIssuerSelector - The issuer subject name and subject name does not match (more details in debug mode).
11:39:07.666 [pool-7-thread-10] INFO eu.europa.esig.dss.spi.x509.TokenIssuerSelector - CERT ISSUER    : c=lu,ou=pki-test,o=nowina solutions,cn=external-ca
11:39:07.666 [pool-7-thread-10] INFO eu.europa.esig.dss.spi.x509.TokenIssuerSelector - ISSUER SUBJECT : c=lu,ou=pki-test,o=nowina solutions,cn=external-ca-alternative
11:39:07.666 [pool-7-thread-10] INFO eu.europa.esig.dss.spi.x509.TokenIssuerSelector - The issuer subject name and subject name does not match (more details in debug mode).
11:39:07.666 [pool-7-thread-10] INFO eu.europa.esig.dss.spi.x509.TokenIssuerSelector - CERT ISSUER    : c=lu,ou=pki-test,o=nowina solutions,cn=external-ca
11:39:07.666 [pool-7-thread-10] INFO eu.europa.esig.dss.spi.x509.TokenIssuerSelector - ISSUER SUBJECT : c=lu,ou=pki-test,o=nowina solutions,cn=external-ca-alternative
11:39:07.670 [pool-7-thread-82] WARN eu.europa.esig.dss.spi.x509.TokenIssuerSelector - No issuer found for the token creation date. The process continues with an issuer which has the same public key.
11:39:07.670 [pool-7-thread-96] WARN eu.europa.esig.dss.spi.x509.TokenIssuerSelector - No issuer found for the token creation date. The process continues with an issuer which has the same public key.
11:39:07.671 [pool-7-thread-88] WARN eu.europa.esig.dss.spi.x509.TokenIssuerSelector - No issuer found for the token creation date. The process continues with an issuer which has the same public key.
11:39:07.672 [pool-7-thread-79] WARN eu.europa.esig.dss.spi.x509.TokenIssuerSelector - No issuer found for the token creation date. The process continues with an issuer which has the same public key.
11:39:07.673 [pool-7-thread-83] INFO eu.europa.esig.dss.spi.x509.TokenIssuerSelector - The issuer subject name and subject name does not match (more details in debug mode).
11:39:07.673 [pool-7-thread-83] INFO eu.europa.esig.dss.spi.x509.TokenIssuerSelector - CERT ISSUER    : c=lu,ou=pki-test,o=nowina solutions,cn=external-ca
11:39:07.673 [pool-7-thread-83] INFO eu.europa.esig.dss.spi.x509.TokenIssuerSelector - ISSUER SUBJECT : c=lu,ou=pki-test,o=nowina solutions,cn=external-ca-alternative
11:39:07.673 [pool-7-thread-83] INFO eu.europa.esig.dss.spi.x509.TokenIssuerSelector - The issuer subject name and subject name does not match (more details in debug mode).
11:39:07.673 [pool-7-thread-83] INFO eu.europa.esig.dss.spi.x509.TokenIssuerSelector - CERT ISSUER    : c=lu,ou=pki-test,o=nowina solutions,cn=external-ca
11:39:07.673 [pool-7-thread-83] INFO eu.europa.esig.dss.spi.x509.TokenIssuerSelector - ISSUER SUBJECT : c=lu,ou=pki-test,o=nowina solutions,cn=external-ca-alternative
11:39:07.673 [pool-7-thread-83] INFO eu.europa.esig.dss.spi.x509.TokenIssuerSelector - The issuer subject name and subject name does not match (more details in debug mode).
11:39:07.673 [pool-7-thread-83] INFO eu.europa.esig.dss.spi.x509.TokenIssuerSelector - CERT ISSUER    : c=lu,ou=pki-test,o=nowina solutions,cn=external-ca
11:39:07.673 [pool-7-thread-83] INFO eu.europa.esig.dss.spi.x509.TokenIssuerSelector - ISSUER SUBJECT : c=lu,ou=pki-test,o=nowina solutions,cn=external-ca-alternative
11:39:07.673 [pool-7-thread-44] WARN eu.europa.esig.dss.spi.x509.TokenIssuerSelector - No issuer found for the token creation date. The process continues with an issuer which has the same public key.
11:39:07.675 [pool-7-thread-44] WARN eu.europa.esig.dss.spi.x509.TokenIssuerSelector - No issuer found for the token creation date. The process continues with an issuer which has the same public key.
11:39:07.676 [pool-7-thread-44] INFO eu.europa.esig.dss.spi.x509.TokenIssuerSelector - The issuer subject name and subject name does not match (more details in debug mode).
11:39:07.676 [pool-7-thread-44] INFO eu.europa.esig.dss.spi.x509.TokenIssuerSelector - CERT ISSUER    : c=lu,ou=pki-test,o=nowina solutions,cn=external-ca
11:39:07.676 [pool-7-thread-44] INFO eu.europa.esig.dss.spi.x509.TokenIssuerSelector - ISSUER SUBJECT : c=lu,ou=pki-test,o=nowina solutions,cn=external-ca-alternative
11:39:07.676 [pool-7-thread-44] INFO eu.europa.esig.dss.spi.x509.TokenIssuerSelector - The issuer subject name and subject name does not match (more details in debug mode).
11:39:07.676 [pool-7-thread-44] INFO eu.europa.esig.dss.spi.x509.TokenIssuerSelector - CERT ISSUER    : c=lu,ou=pki-test,o=nowina solutions,cn=external-ca
11:39:07.676 [pool-7-thread-44] INFO eu.europa.esig.dss.spi.x509.TokenIssuerSelector - ISSUER SUBJECT : c=lu,ou=pki-test,o=nowina solutions,cn=external-ca-alternative
11:39:07.676 [pool-7-thread-44] INFO eu.europa.esig.dss.spi.x509.TokenIssuerSelector - The issuer subject name and subject name does not match (more details in debug mode).
11:39:07.676 [pool-7-thread-44] INFO eu.europa.esig.dss.spi.x509.TokenIssuerSelector - CERT ISSUER    : c=lu,ou=pki-test,o=nowina solutions,cn=external-ca
11:39:07.676 [pool-7-thread-44] INFO eu.europa.esig.dss.spi.x509.TokenIssuerSelector - ISSUER SUBJECT : c=lu,ou=pki-test,o=nowina solutions,cn=external-ca-alternative
11:39:07.676 [pool-7-thread-39] INFO eu.europa.esig.dss.spi.x509.TokenIssuerSelector - The issuer subject name and subject name does not match (more details in debug mode).
11:39:07.676 [pool-7-thread-39] INFO eu.europa.esig.dss.spi.x509.TokenIssuerSelector - CERT ISSUER    : c=lu,ou=pki-test,o=nowina solutions,cn=external-ca
11:39:07.676 [pool-7-thread-39] INFO eu.europa.esig.dss.spi.x509.TokenIssuerSelector - ISSUER SUBJECT : c=lu,ou=pki-test,o=nowina solutions,cn=external-ca-alternative
11:39:07.676 [pool-7-thread-39] INFO eu.europa.esig.dss.spi.x509.TokenIssuerSelector - The issuer subject name and subject name does not match (more details in debug mode).
11:39:07.676 [pool-7-thread-39] INFO eu.europa.esig.dss.spi.x509.TokenIssuerSelector - CERT ISSUER    : c=lu,ou=pki-test,o=nowina solutions,cn=external-ca
11:39:07.676 [pool-7-thread-39] INFO eu.europa.esig.dss.spi.x509.TokenIssuerSelector - ISSUER SUBJECT : c=lu,ou=pki-test,o=nowina solutions,cn=external-ca-alternative
11:39:07.676 [pool-7-thread-39] INFO eu.europa.esig.dss.spi.x509.TokenIssuerSelector - The issuer subject name and subject name does not match (more details in debug mode).
11:39:07.676 [pool-7-thread-39] INFO eu.europa.esig.dss.spi.x509.TokenIssuerSelector - CERT ISSUER    : c=lu,ou=pki-test,o=nowina solutions,cn=external-ca
11:39:07.676 [pool-7-thread-39] INFO eu.europa.esig.dss.spi.x509.TokenIssuerSelector - ISSUER SUBJECT : c=lu,ou=pki-test,o=nowina solutions,cn=external-ca-alternative
11:39:07.678 [pool-7-thread-76] WARN eu.europa.esig.dss.spi.x509.TokenIssuerSelector - No issuer found for the token creation date. The process continues with an issuer which has the same public key.
11:39:07.679 [pool-7-thread-75] WARN eu.europa.esig.dss.spi.x509.TokenIssuerSelector - No issuer found for the token creation date. The process continues with an issuer which has the same public key.
11:39:07.680 [pool-7-thread-72] WARN eu.europa.esig.dss.spi.x509.TokenIssuerSelector - No issuer found for the token creation date. The process continues with an issuer which has the same public key.
11:39:07.683 [pool-7-thread-71] WARN eu.europa.esig.dss.spi.x509.TokenIssuerSelector - No issuer found for the token creation date. The process continues with an issuer which has the same public key.
11:39:07.684 [pool-7-thread-71] WARN eu.europa.esig.dss.spi.x509.TokenIssuerSelector - No issuer found for the token creation date. The process continues with an issuer which has the same public key.
11:39:07.685 [pool-7-thread-22] INFO eu.europa.esig.dss.spi.x509.TokenIssuerSelector - The issuer subject name and subject name does not match (more details in debug mode).
11:39:07.685 [pool-7-thread-22] INFO eu.europa.esig.dss.spi.x509.TokenIssuerSelector - CERT ISSUER    : c=lu,ou=pki-test,o=nowina solutions,cn=external-ca
11:39:07.685 [pool-7-thread-22] INFO eu.europa.esig.dss.spi.x509.TokenIssuerSelector - ISSUER SUBJECT : c=lu,ou=pki-test,o=nowina solutions,cn=external-ca-alternative
11:39:07.685 [pool-7-thread-22] INFO eu.europa.esig.dss.spi.x509.TokenIssuerSelector - The issuer subject name and subject name does not match (more details in debug mode).
11:39:07.685 [pool-7-thread-22] INFO eu.europa.esig.dss.spi.x509.TokenIssuerSelector - CERT ISSUER    : c=lu,ou=pki-test,o=nowina solutions,cn=external-ca
11:39:07.685 [pool-7-thread-22] INFO eu.europa.esig.dss.spi.x509.TokenIssuerSelector - ISSUER SUBJECT : c=lu,ou=pki-test,o=nowina solutions,cn=external-ca-alternative
11:39:07.686 [pool-7-thread-22] INFO eu.europa.esig.dss.spi.x509.TokenIssuerSelector - The issuer subject name and subject name does not match (more details in debug mode).
11:39:07.686 [pool-7-thread-22] INFO eu.europa.esig.dss.spi.x509.TokenIssuerSelector - CERT ISSUER    : c=lu,ou=pki-test,o=nowina solutions,cn=external-ca
11:39:07.686 [pool-7-thread-22] INFO eu.europa.esig.dss.spi.x509.TokenIssuerSelector - ISSUER SUBJECT : c=lu,ou=pki-test,o=nowina solutions,cn=external-ca-alternative
11:39:07.686 [pool-7-thread-68] INFO eu.europa.esig.dss.spi.x509.TokenIssuerSelector - The issuer subject name and subject name does not match (more details in debug mode).
11:39:07.687 [pool-7-thread-68] INFO eu.europa.esig.dss.spi.x509.TokenIssuerSelector - CERT ISSUER    : c=lu,ou=pki-test,o=nowina solutions,cn=external-ca
11:39:07.687 [pool-7-thread-68] INFO eu.europa.esig.dss.spi.x509.TokenIssuerSelector - ISSUER SUBJECT : c=lu,ou=pki-test,o=nowina solutions,cn=external-ca-alternative
11:39:07.687 [pool-7-thread-67] WARN eu.europa.esig.dss.spi.x509.TokenIssuerSelector - No issuer found for the token creation date. The process continues with an issuer which has the same public key.
11:39:07.687 [pool-7-thread-68] INFO eu.europa.esig.dss.spi.x509.TokenIssuerSelector - The issuer subject name and subject name does not match (more details in debug mode).
11:39:07.687 [pool-7-thread-68] INFO eu.europa.esig.dss.spi.x509.TokenIssuerSelector - CERT ISSUER    : c=lu,ou=pki-test,o=nowina solutions,cn=external-ca
11:39:07.687 [pool-7-thread-68] INFO eu.europa.esig.dss.spi.x509.TokenIssuerSelector - ISSUER SUBJECT : c=lu,ou=pki-test,o=nowina solutions,cn=external-ca-alternative
11:39:07.687 [pool-7-thread-68] INFO eu.europa.esig.dss.spi.x509.TokenIssuerSelector - The issuer subject name and subject name does not match (more details in debug mode).
11:39:07.687 [pool-7-thread-68] INFO eu.europa.esig.dss.spi.x509.TokenIssuerSelector - CERT ISSUER    : c=lu,ou=pki-test,o=nowina solutions,cn=external-ca
11:39:07.687 [pool-7-thread-68] INFO eu.europa.esig.dss.spi.x509.TokenIssuerSelector - ISSUER SUBJECT : c=lu,ou=pki-test,o=nowina solutions,cn=external-ca-alternative
11:39:07.688 [pool-7-thread-67] INFO eu.europa.esig.dss.spi.x509.TokenIssuerSelector - The issuer subject name and subject name does not match (more details in debug mode).
11:39:07.688 [pool-7-thread-67] INFO eu.europa.esig.dss.spi.x509.TokenIssuerSelector - CERT ISSUER    : c=lu,ou=pki-test,o=nowina solutions,cn=external-ca
11:39:07.688 [pool-7-thread-67] INFO eu.europa.esig.dss.spi.x509.TokenIssuerSelector - ISSUER SUBJECT : c=lu,ou=pki-test,o=nowina solutions,cn=external-ca-alternative
11:39:07.688 [pool-7-thread-67] INFO eu.europa.esig.dss.spi.x509.TokenIssuerSelector - The issuer subject name and subject name does not match (more details in debug mode).
11:39:07.688 [pool-7-thread-67] INFO eu.europa.esig.dss.spi.x509.TokenIssuerSelector - CERT ISSUER    : c=lu,ou=pki-test,o=nowina solutions,cn=external-ca
11:39:07.688 [pool-7-thread-67] INFO eu.europa.esig.dss.spi.x509.TokenIssuerSelector - ISSUER SUBJECT : c=lu,ou=pki-test,o=nowina solutions,cn=external-ca-alternative
11:39:07.689 [pool-7-thread-67] INFO eu.europa.esig.dss.spi.x509.TokenIssuerSelector - The issuer subject name and subject name does not match (more details in debug mode).
11:39:07.689 [pool-7-thread-67] INFO eu.europa.esig.dss.spi.x509.TokenIssuerSelector - CERT ISSUER    : c=lu,ou=pki-test,o=nowina solutions,cn=external-ca
11:39:07.689 [pool-7-thread-67] INFO eu.europa.esig.dss.spi.x509.TokenIssuerSelector - ISSUER SUBJECT : c=lu,ou=pki-test,o=nowina solutions,cn=external-ca-alternative
11:39:07.689 [pool-7-thread-22] WARN eu.europa.esig.dss.spi.x509.TokenIssuerSelector - No issuer found for the token creation date. The process continues with an issuer which has the same public key.
11:39:07.690 [pool-7-thread-22] WARN eu.europa.esig.dss.spi.x509.TokenIssuerSelector - No issuer found for the token creation date. The process continues with an issuer which has the same public key.
11:39:07.690 [pool-7-thread-71] INFO eu.europa.esig.dss.spi.x509.TokenIssuerSelector - The issuer subject name and subject name does not match (more details in debug mode).
11:39:07.690 [pool-7-thread-71] INFO eu.europa.esig.dss.spi.x509.TokenIssuerSelector - CERT ISSUER    : c=lu,ou=pki-test,o=nowina solutions,cn=external-ca
11:39:07.690 [pool-7-thread-71] INFO eu.europa.esig.dss.spi.x509.TokenIssuerSelector - ISSUER SUBJECT : c=lu,ou=pki-test,o=nowina solutions,cn=external-ca-alternative
11:39:07.690 [pool-7-thread-71] INFO eu.europa.esig.dss.spi.x509.TokenIssuerSelector - The issuer subject name and subject name does not match (more details in debug mode).
11:39:07.690 [pool-7-thread-71] INFO eu.europa.esig.dss.spi.x509.TokenIssuerSelector - CERT ISSUER    : c=lu,ou=pki-test,o=nowina solutions,cn=external-ca
11:39:07.690 [pool-7-thread-71] INFO eu.europa.esig.dss.spi.x509.TokenIssuerSelector - ISSUER SUBJECT : c=lu,ou=pki-test,o=nowina solutions,cn=external-ca-alternative
11:39:07.690 [pool-7-thread-71] INFO eu.europa.esig.dss.spi.x509.TokenIssuerSelector - The issuer subject name and subject name does not match (more details in debug mode).
11:39:07.690 [pool-7-thread-71] INFO eu.europa.esig.dss.spi.x509.TokenIssuerSelector - CERT ISSUER    : c=lu,ou=pki-test,o=nowina solutions,cn=external-ca
11:39:07.690 [pool-7-thread-71] INFO eu.europa.esig.dss.spi.x509.TokenIssuerSelector - ISSUER SUBJECT : c=lu,ou=pki-test,o=nowina solutions,cn=external-ca-alternative
11:39:07.692 [pool-7-thread-22] INFO eu.europa.esig.dss.spi.x509.TokenIssuerSelector - The issuer subject name and subject name does not match (more details in debug mode).
11:39:07.692 [pool-7-thread-22] INFO eu.europa.esig.dss.spi.x509.TokenIssuerSelector - CERT ISSUER    : c=lu,ou=pki-test,o=nowina solutions,cn=external-ca
11:39:07.692 [pool-7-thread-22] INFO eu.europa.esig.dss.spi.x509.TokenIssuerSelector - ISSUER SUBJECT : c=lu,ou=pki-test,o=nowina solutions,cn=external-ca-alternative
11:39:07.692 [pool-7-thread-22] INFO eu.europa.esig.dss.spi.x509.TokenIssuerSelector - The issuer subject name and subject name does not match (more details in debug mode).
11:39:07.692 [pool-7-thread-22] INFO eu.europa.esig.dss.spi.x509.TokenIssuerSelector - CERT ISSUER    : c=lu,ou=pki-test,o=nowina solutions,cn=external-ca
11:39:07.692 [pool-7-thread-22] INFO eu.europa.esig.dss.spi.x509.TokenIssuerSelector - ISSUER SUBJECT : c=lu,ou=pki-test,o=nowina solutions,cn=external-ca-alternative
11:39:07.692 [pool-7-thread-22] INFO eu.europa.esig.dss.spi.x509.TokenIssuerSelector - The issuer subject name and subject name does not match (more details in debug mode).
11:39:07.692 [pool-7-thread-22] INFO eu.europa.esig.dss.spi.x509.TokenIssuerSelector - CERT ISSUER    : c=lu,ou=pki-test,o=nowina solutions,cn=external-ca
11:39:07.692 [pool-7-thread-22] INFO eu.europa.esig.dss.spi.x509.TokenIssuerSelector - ISSUER SUBJECT : c=lu,ou=pki-test,o=nowina solutions,cn=external-ca-alternative
11:39:07.694 [pool-7-thread-71] WARN eu.europa.esig.dss.spi.x509.TokenIssuerSelector - No issuer found for the token creation date. The process continues with an issuer which has the same public key.
11:39:07.695 [pool-7-thread-71] WARN eu.europa.esig.dss.spi.x509.TokenIssuerSelector - No issuer found for the token creation date. The process continues with an issuer which has the same public key.
11:39:07.696 [pool-7-thread-63] WARN eu.europa.esig.dss.spi.x509.TokenIssuerSelector - No issuer found for the token creation date. The process continues with an issuer which has the same public key.
11:39:07.696 [pool-7-thread-64] WARN eu.europa.esig.dss.spi.x509.TokenIssuerSelector - No issuer found for the token creation date. The process continues with an issuer which has the same public key.
11:39:07.697 [pool-7-thread-64] WARN eu.europa.esig.dss.spi.x509.TokenIssuerSelector - No issuer found for the token creation date. The process continues with an issuer which has the same public key.
11:39:07.698 [pool-7-thread-81] WARN eu.europa.esig.dss.spi.x509.TokenIssuerSelector - No issuer found for the token creation date. The process continues with an issuer which has the same public key.
11:39:07.699 [pool-7-thread-64] INFO eu.europa.esig.dss.spi.x509.TokenIssuerSelector - The issuer subject name and subject name does not match (more details in debug mode).
11:39:07.699 [pool-7-thread-64] INFO eu.europa.esig.dss.spi.x509.TokenIssuerSelector - CERT ISSUER    : c=lu,ou=pki-test,o=nowina solutions,cn=external-ca
11:39:07.699 [pool-7-thread-64] INFO eu.europa.esig.dss.spi.x509.TokenIssuerSelector - ISSUER SUBJECT : c=lu,ou=pki-test,o=nowina solutions,cn=external-ca-alternative
11:39:07.699 [pool-7-thread-64] INFO eu.europa.esig.dss.spi.x509.TokenIssuerSelector - The issuer subject name and subject name does not match (more details in debug mode).
11:39:07.699 [pool-7-thread-64] INFO eu.europa.esig.dss.spi.x509.TokenIssuerSelector - CERT ISSUER    : c=lu,ou=pki-test,o=nowina solutions,cn=external-ca
11:39:07.699 [pool-7-thread-64] INFO eu.europa.esig.dss.spi.x509.TokenIssuerSelector - ISSUER SUBJECT : c=lu,ou=pki-test,o=nowina solutions,cn=external-ca-alternative
11:39:07.699 [pool-7-thread-64] INFO eu.europa.esig.dss.spi.x509.TokenIssuerSelector - The issuer subject name and subject name does not match (more details in debug mode).
11:39:07.699 [pool-7-thread-64] INFO eu.europa.esig.dss.spi.x509.TokenIssuerSelector - CERT ISSUER    : c=lu,ou=pki-test,o=nowina solutions,cn=external-ca
11:39:07.699 [pool-7-thread-64] INFO eu.europa.esig.dss.spi.x509.TokenIssuerSelector - ISSUER SUBJECT : c=lu,ou=pki-test,o=nowina solutions,cn=external-ca-alternative
11:39:07.700 [pool-7-thread-98] INFO eu.europa.esig.dss.spi.x509.TokenIssuerSelector - The issuer subject name and subject name does not match (more details in debug mode).
11:39:07.700 [pool-7-thread-98] INFO eu.europa.esig.dss.spi.x509.TokenIssuerSelector - CERT ISSUER    : c=lu,ou=pki-test,o=nowina solutions,cn=external-ca
11:39:07.700 [pool-7-thread-98] INFO eu.europa.esig.dss.spi.x509.TokenIssuerSelector - ISSUER SUBJECT : c=lu,ou=pki-test,o=nowina solutions,cn=external-ca-alternative
11:39:07.700 [pool-7-thread-98] INFO eu.europa.esig.dss.spi.x509.TokenIssuerSelector - The issuer subject name and subject name does not match (more details in debug mode).
11:39:07.700 [pool-7-thread-98] INFO eu.europa.esig.dss.spi.x509.TokenIssuerSelector - CERT ISSUER    : c=lu,ou=pki-test,o=nowina solutions,cn=external-ca
11:39:07.700 [pool-7-thread-98] INFO eu.europa.esig.dss.spi.x509.TokenIssuerSelector - ISSUER SUBJECT : c=lu,ou=pki-test,o=nowina solutions,cn=external-ca-alternative
11:39:07.700 [pool-7-thread-98] INFO eu.europa.esig.dss.spi.x509.TokenIssuerSelector - The issuer subject name and subject name does not match (more details in debug mode).
11:39:07.700 [pool-7-thread-98] INFO eu.europa.esig.dss.spi.x509.TokenIssuerSelector - CERT ISSUER    : c=lu,ou=pki-test,o=nowina solutions,cn=external-ca
11:39:07.700 [pool-7-thread-98] INFO eu.europa.esig.dss.spi.x509.TokenIssuerSelector - ISSUER SUBJECT : c=lu,ou=pki-test,o=nowina solutions,cn=external-ca-alternative
11:39:07.700 [pool-7-thread-18] WARN eu.europa.esig.dss.spi.x509.TokenIssuerSelector - No issuer found for the token creation date. The process continues with an issuer which has the same public key.
11:39:07.701 [pool-7-thread-18] WARN eu.europa.esig.dss.spi.x509.TokenIssuerSelector - No issuer found for the token creation date. The process continues with an issuer which has the same public key.
11:39:07.704 [pool-7-thread-90] INFO eu.europa.esig.dss.spi.x509.TokenIssuerSelector - The issuer subject name and subject name does not match (more details in debug mode).
11:39:07.704 [pool-7-thread-90] INFO eu.europa.esig.dss.spi.x509.TokenIssuerSelector - CERT ISSUER    : c=lu,ou=pki-test,o=nowina solutions,cn=external-ca
11:39:07.704 [pool-7-thread-90] INFO eu.europa.esig.dss.spi.x509.TokenIssuerSelector - ISSUER SUBJECT : c=lu,ou=pki-test,o=nowina solutions,cn=external-ca-alternative
11:39:07.704 [pool-7-thread-90] INFO eu.europa.esig.dss.spi.x509.TokenIssuerSelector - The issuer subject name and subject name does not match (more details in debug mode).
11:39:07.704 [pool-7-thread-90] INFO eu.europa.esig.dss.spi.x509.TokenIssuerSelector - CERT ISSUER    : c=lu,ou=pki-test,o=nowina solutions,cn=external-ca
11:39:07.704 [pool-7-thread-90] INFO eu.europa.esig.dss.spi.x509.TokenIssuerSelector - ISSUER SUBJECT : c=lu,ou=pki-test,o=nowina solutions,cn=external-ca-alternative
11:39:07.704 [pool-7-thread-90] INFO eu.europa.esig.dss.spi.x509.TokenIssuerSelector - The issuer subject name and subject name does not match (more details in debug mode).
11:39:07.704 [pool-7-thread-90] INFO eu.europa.esig.dss.spi.x509.TokenIssuerSelector - CERT ISSUER    : c=lu,ou=pki-test,o=nowina solutions,cn=external-ca
11:39:07.704 [pool-7-thread-90] INFO eu.europa.esig.dss.spi.x509.TokenIssuerSelector - ISSUER SUBJECT : c=lu,ou=pki-test,o=nowina solutions,cn=external-ca-alternative
11:39:07.706 [pool-7-thread-89] INFO eu.europa.esig.dss.spi.x509.TokenIssuerSelector - The issuer subject name and subject name does not match (more details in debug mode).
11:39:07.706 [pool-7-thread-89] INFO eu.europa.esig.dss.spi.x509.TokenIssuerSelector - CERT ISSUER    : c=lu,ou=pki-test,o=nowina solutions,cn=external-ca
11:39:07.706 [pool-7-thread-89] INFO eu.europa.esig.dss.spi.x509.TokenIssuerSelector - ISSUER SUBJECT : c=lu,ou=pki-test,o=nowina solutions,cn=external-ca-alternative
11:39:07.706 [pool-7-thread-89] INFO eu.europa.esig.dss.spi.x509.TokenIssuerSelector - The issuer subject name and subject name does not match (more details in debug mode).
11:39:07.706 [pool-7-thread-89] INFO eu.europa.esig.dss.spi.x509.TokenIssuerSelector - CERT ISSUER    : c=lu,ou=pki-test,o=nowina solutions,cn=external-ca
11:39:07.706 [pool-7-thread-89] INFO eu.europa.esig.dss.spi.x509.TokenIssuerSelector - ISSUER SUBJECT : c=lu,ou=pki-test,o=nowina solutions,cn=external-ca-alternative
11:39:07.706 [pool-7-thread-89] INFO eu.europa.esig.dss.spi.x509.TokenIssuerSelector - The issuer subject name and subject name does not match (more details in debug mode).
11:39:07.706 [pool-7-thread-89] INFO eu.europa.esig.dss.spi.x509.TokenIssuerSelector - CERT ISSUER    : c=lu,ou=pki-test,o=nowina solutions,cn=external-ca
11:39:07.706 [pool-7-thread-89] INFO eu.europa.esig.dss.spi.x509.TokenIssuerSelector - ISSUER SUBJECT : c=lu,ou=pki-test,o=nowina solutions,cn=external-ca-alternative
11:39:07.706 [pool-7-thread-80] WARN eu.europa.esig.dss.spi.x509.TokenIssuerSelector - No issuer found for the token creation date. The process continues with an issuer which has the same public key.
11:39:07.708 [pool-7-thread-84] WARN eu.europa.esig.dss.spi.x509.TokenIssuerSelector - No issuer found for the token creation date. The process continues with an issuer which has the same public key.
11:39:07.708 [pool-7-thread-80] INFO eu.europa.esig.dss.spi.x509.TokenIssuerSelector - The issuer subject name and subject name does not match (more details in debug mode).
11:39:07.708 [pool-7-thread-80] INFO eu.europa.esig.dss.spi.x509.TokenIssuerSelector - CERT ISSUER    : c=lu,ou=pki-test,o=nowina solutions,cn=external-ca
11:39:07.708 [pool-7-thread-80] INFO eu.europa.esig.dss.spi.x509.TokenIssuerSelector - ISSUER SUBJECT : c=lu,ou=pki-test,o=nowina solutions,cn=external-ca-alternative
11:39:07.708 [pool-7-thread-80] INFO eu.europa.esig.dss.spi.x509.TokenIssuerSelector - The issuer subject name and subject name does not match (more details in debug mode).
11:39:07.708 [pool-7-thread-80] INFO eu.europa.esig.dss.spi.x509.TokenIssuerSelector - CERT ISSUER    : c=lu,ou=pki-test,o=nowina solutions,cn=external-ca
11:39:07.708 [pool-7-thread-80] INFO eu.europa.esig.dss.spi.x509.TokenIssuerSelector - ISSUER SUBJECT : c=lu,ou=pki-test,o=nowina solutions,cn=external-ca-alternative
11:39:07.708 [pool-7-thread-80] INFO eu.europa.esig.dss.spi.x509.TokenIssuerSelector - The issuer subject name and subject name does not match (more details in debug mode).
11:39:07.708 [pool-7-thread-80] INFO eu.europa.esig.dss.spi.x509.TokenIssuerSelector - CERT ISSUER    : c=lu,ou=pki-test,o=nowina solutions,cn=external-ca
11:39:07.708 [pool-7-thread-80] INFO eu.europa.esig.dss.spi.x509.TokenIssuerSelector - ISSUER SUBJECT : c=lu,ou=pki-test,o=nowina solutions,cn=external-ca-alternative
11:39:07.710 [pool-7-thread-84] INFO eu.europa.esig.dss.spi.x509.TokenIssuerSelector - The issuer subject name and subject name does not match (more details in debug mode).
11:39:07.710 [pool-7-thread-84] INFO eu.europa.esig.dss.spi.x509.TokenIssuerSelector - CERT ISSUER    : c=lu,ou=pki-test,o=nowina solutions,cn=external-ca
11:39:07.710 [pool-7-thread-84] INFO eu.europa.esig.dss.spi.x509.TokenIssuerSelector - ISSUER SUBJECT : c=lu,ou=pki-test,o=nowina solutions,cn=external-ca-alternative
11:39:07.710 [pool-7-thread-84] INFO eu.europa.esig.dss.spi.x509.TokenIssuerSelector - The issuer subject name and subject name does not match (more details in debug mode).
11:39:07.710 [pool-7-thread-84] INFO eu.europa.esig.dss.spi.x509.TokenIssuerSelector - CERT ISSUER    : c=lu,ou=pki-test,o=nowina solutions,cn=external-ca
11:39:07.710 [pool-7-thread-84] INFO eu.europa.esig.dss.spi.x509.TokenIssuerSelector - ISSUER SUBJECT : c=lu,ou=pki-test,o=nowina solutions,cn=external-ca-alternative
11:39:07.710 [pool-7-thread-84] INFO eu.europa.esig.dss.spi.x509.TokenIssuerSelector - The issuer subject name and subject name does not match (more details in debug mode).
11:39:07.710 [pool-7-thread-84] INFO eu.europa.esig.dss.spi.x509.TokenIssuerSelector - CERT ISSUER    : c=lu,ou=pki-test,o=nowina solutions,cn=external-ca
11:39:07.710 [pool-7-thread-84] INFO eu.europa.esig.dss.spi.x509.TokenIssuerSelector - ISSUER SUBJECT : c=lu,ou=pki-test,o=nowina solutions,cn=external-ca-alternative
11:39:07.712 [pool-7-thread-80] WARN eu.europa.esig.dss.spi.x509.TokenIssuerSelector - No issuer found for the token creation date. The process continues with an issuer which has the same public key.
11:39:07.713 [pool-7-thread-84] WARN eu.europa.esig.dss.spi.x509.TokenIssuerSelector - No issuer found for the token creation date. The process continues with an issuer which has the same public key.
11:39:07.715 [pool-7-thread-45] WARN eu.europa.esig.dss.spi.x509.TokenIssuerSelector - No issuer found for the token creation date. The process continues with an issuer which has the same public key.
11:39:07.717 [pool-7-thread-32] WARN eu.europa.esig.dss.spi.x509.TokenIssuerSelector - No issuer found for the token creation date. The process continues with an issuer which has the same public key.
11:39:07.718 [pool-7-thread-85] WARN eu.europa.esig.dss.spi.x509.TokenIssuerSelector - No issuer found for the token creation date. The process continues with an issuer which has the same public key.
11:39:07.719 [pool-7-thread-85] WARN eu.europa.esig.dss.spi.x509.TokenIssuerSelector - No issuer found for the token creation date. The process continues with an issuer which has the same public key.
11:39:07.721 [pool-7-thread-85] INFO eu.europa.esig.dss.spi.x509.TokenIssuerSelector - The issuer subject name and subject name does not match (more details in debug mode).
11:39:07.721 [pool-7-thread-85] INFO eu.europa.esig.dss.spi.x509.TokenIssuerSelector - CERT ISSUER    : c=lu,ou=pki-test,o=nowina solutions,cn=external-ca
11:39:07.721 [pool-7-thread-85] INFO eu.europa.esig.dss.spi.x509.TokenIssuerSelector - ISSUER SUBJECT : c=lu,ou=pki-test,o=nowina solutions,cn=external-ca-alternative
11:39:07.721 [pool-7-thread-85] INFO eu.europa.esig.dss.spi.x509.TokenIssuerSelector - The issuer subject name and subject name does not match (more details in debug mode).
11:39:07.721 [pool-7-thread-85] INFO eu.europa.esig.dss.spi.x509.TokenIssuerSelector - CERT ISSUER    : c=lu,ou=pki-test,o=nowina solutions,cn=external-ca
11:39:07.721 [pool-7-thread-85] INFO eu.europa.esig.dss.spi.x509.TokenIssuerSelector - ISSUER SUBJECT : c=lu,ou=pki-test,o=nowina solutions,cn=external-ca-alternative
11:39:07.721 [pool-7-thread-85] INFO eu.europa.esig.dss.spi.x509.TokenIssuerSelector - The issuer subject name and subject name does not match (more details in debug mode).
11:39:07.721 [pool-7-thread-85] INFO eu.europa.esig.dss.spi.x509.TokenIssuerSelector - CERT ISSUER    : c=lu,ou=pki-test,o=nowina solutions,cn=external-ca
11:39:07.721 [pool-7-thread-85] INFO eu.europa.esig.dss.spi.x509.TokenIssuerSelector - ISSUER SUBJECT : c=lu,ou=pki-test,o=nowina solutions,cn=external-ca-alternative
11:39:07.722 [pool-7-thread-5] WARN eu.europa.esig.dss.spi.x509.TokenIssuerSelector - No issuer found for the token creation date. The process continues with an issuer which has the same public key.
11:39:07.724 [pool-7-thread-5] INFO eu.europa.esig.dss.spi.x509.TokenIssuerSelector - The issuer subject name and subject name does not match (more details in debug mode).
11:39:07.724 [pool-7-thread-5] INFO eu.europa.esig.dss.spi.x509.TokenIssuerSelector - CERT ISSUER    : c=lu,ou=pki-test,o=nowina solutions,cn=external-ca
11:39:07.724 [pool-7-thread-5] INFO eu.europa.esig.dss.spi.x509.TokenIssuerSelector - ISSUER SUBJECT : c=lu,ou=pki-test,o=nowina solutions,cn=external-ca-alternative
11:39:07.725 [pool-7-thread-87] WARN eu.europa.esig.dss.spi.x509.TokenIssuerSelector - No issuer found for the token creation date. The process continues with an issuer which has the same public key.
11:39:07.727 [pool-7-thread-5] INFO eu.europa.esig.dss.spi.x509.TokenIssuerSelector - The issuer subject name and subject name does not match (more details in debug mode).
11:39:07.727 [pool-7-thread-5] INFO eu.europa.esig.dss.spi.x509.TokenIssuerSelector - CERT ISSUER    : c=lu,ou=pki-test,o=nowina solutions,cn=external-ca
11:39:07.727 [pool-7-thread-5] INFO eu.europa.esig.dss.spi.x509.TokenIssuerSelector - ISSUER SUBJECT : c=lu,ou=pki-test,o=nowina solutions,cn=external-ca-alternative
11:39:07.727 [pool-7-thread-5] INFO eu.europa.esig.dss.spi.x509.TokenIssuerSelector - The issuer subject name and subject name does not match (more details in debug mode).
11:39:07.727 [pool-7-thread-5] INFO eu.europa.esig.dss.spi.x509.TokenIssuerSelector - CERT ISSUER    : c=lu,ou=pki-test,o=nowina solutions,cn=external-ca
11:39:07.727 [pool-7-thread-5] INFO eu.europa.esig.dss.spi.x509.TokenIssuerSelector - ISSUER SUBJECT : c=lu,ou=pki-test,o=nowina solutions,cn=external-ca-alternative
11:39:07.727 [pool-7-thread-87] WARN eu.europa.esig.dss.spi.x509.TokenIssuerSelector - No issuer found for the token creation date. The process continues with an issuer which has the same public key.
11:39:07.729 [pool-7-thread-87] INFO eu.europa.esig.dss.spi.x509.TokenIssuerSelector - The issuer subject name and subject name does not match (more details in debug mode).
11:39:07.729 [pool-7-thread-87] INFO eu.europa.esig.dss.spi.x509.TokenIssuerSelector - CERT ISSUER    : c=lu,ou=pki-test,o=nowina solutions,cn=external-ca
11:39:07.729 [pool-7-thread-87] INFO eu.europa.esig.dss.spi.x509.TokenIssuerSelector - ISSUER SUBJECT : c=lu,ou=pki-test,o=nowina solutions,cn=external-ca-alternative
11:39:07.729 [pool-7-thread-87] INFO eu.europa.esig.dss.spi.x509.TokenIssuerSelector - The issuer subject name and subject name does not match (more details in debug mode).
11:39:07.729 [pool-7-thread-87] INFO eu.europa.esig.dss.spi.x509.TokenIssuerSelector - CERT ISSUER    : c=lu,ou=pki-test,o=nowina solutions,cn=external-ca
11:39:07.729 [pool-7-thread-87] INFO eu.europa.esig.dss.spi.x509.TokenIssuerSelector - ISSUER SUBJECT : c=lu,ou=pki-test,o=nowina solutions,cn=external-ca-alternative
11:39:07.729 [pool-7-thread-87] INFO eu.europa.esig.dss.spi.x509.TokenIssuerSelector - The issuer subject name and subject name does not match (more details in debug mode).
11:39:07.729 [pool-7-thread-87] INFO eu.europa.esig.dss.spi.x509.TokenIssuerSelector - CERT ISSUER    : c=lu,ou=pki-test,o=nowina solutions,cn=external-ca
11:39:07.729 [pool-7-thread-87] INFO eu.europa.esig.dss.spi.x509.TokenIssuerSelector - ISSUER SUBJECT : c=lu,ou=pki-test,o=nowina solutions,cn=external-ca-alternative
11:39:07.741 [pool-7-thread-34] WARN eu.europa.esig.dss.spi.x509.TokenIssuerSelector - No issuer found for the token creation date. The process continues with an issuer which has the same public key.
11:39:07.738 [pool-7-thread-5] WARN eu.europa.esig.dss.spi.x509.TokenIssuerSelector - No issuer found for the token creation date. The process continues with an issuer which has the same public key.
11:39:07.745 [pool-7-thread-34] WARN eu.europa.esig.dss.spi.x509.TokenIssuerSelector - No issuer found for the token creation date. The process continues with an issuer which has the same public key.
11:39:07.754 [pool-7-thread-34] INFO eu.europa.esig.dss.spi.x509.TokenIssuerSelector - The issuer subject name and subject name does not match (more details in debug mode).
11:39:07.754 [pool-7-thread-34] INFO eu.europa.esig.dss.spi.x509.TokenIssuerSelector - CERT ISSUER    : c=lu,ou=pki-test,o=nowina solutions,cn=external-ca
11:39:07.754 [pool-7-thread-34] INFO eu.europa.esig.dss.spi.x509.TokenIssuerSelector - ISSUER SUBJECT : c=lu,ou=pki-test,o=nowina solutions,cn=external-ca-alternative
11:39:07.755 [pool-7-thread-34] INFO eu.europa.esig.dss.spi.x509.TokenIssuerSelector - The issuer subject name and subject name does not match (more details in debug mode).
11:39:07.755 [pool-7-thread-34] INFO eu.europa.esig.dss.spi.x509.TokenIssuerSelector - CERT ISSUER    : c=lu,ou=pki-test,o=nowina solutions,cn=external-ca
11:39:07.755 [pool-7-thread-34] INFO eu.europa.esig.dss.spi.x509.TokenIssuerSelector - ISSUER SUBJECT : c=lu,ou=pki-test,o=nowina solutions,cn=external-ca-alternative
11:39:07.755 [pool-7-thread-34] INFO eu.europa.esig.dss.spi.x509.TokenIssuerSelector - The issuer subject name and subject name does not match (more details in debug mode).
11:39:07.755 [pool-7-thread-34] INFO eu.europa.esig.dss.spi.x509.TokenIssuerSelector - CERT ISSUER    : c=lu,ou=pki-test,o=nowina solutions,cn=external-ca
11:39:07.755 [pool-7-thread-34] INFO eu.europa.esig.dss.spi.x509.TokenIssuerSelector - ISSUER SUBJECT : c=lu,ou=pki-test,o=nowina solutions,cn=external-ca-alternative
11:39:07.755 [pool-7-thread-86] WARN eu.europa.esig.dss.spi.x509.TokenIssuerSelector - No issuer found for the token creation date. The process continues with an issuer which has the same public key.
11:39:07.756 [pool-7-thread-86] WARN eu.europa.esig.dss.spi.x509.TokenIssuerSelector - No issuer found for the token creation date. The process continues with an issuer which has the same public key.
11:39:07.758 [pool-7-thread-77] INFO eu.europa.esig.dss.spi.x509.TokenIssuerSelector - The issuer subject name and subject name does not match (more details in debug mode).
11:39:07.758 [pool-7-thread-77] INFO eu.europa.esig.dss.spi.x509.TokenIssuerSelector - CERT ISSUER    : c=lu,ou=pki-test,o=nowina solutions,cn=external-ca
11:39:07.758 [pool-7-thread-77] INFO eu.europa.esig.dss.spi.x509.TokenIssuerSelector - ISSUER SUBJECT : c=lu,ou=pki-test,o=nowina solutions,cn=external-ca-alternative
11:39:07.759 [pool-7-thread-77] INFO eu.europa.esig.dss.spi.x509.TokenIssuerSelector - The issuer subject name and subject name does not match (more details in debug mode).
11:39:07.759 [pool-7-thread-77] INFO eu.europa.esig.dss.spi.x509.TokenIssuerSelector - CERT ISSUER    : c=lu,ou=pki-test,o=nowina solutions,cn=external-ca
11:39:07.759 [pool-7-thread-77] INFO eu.europa.esig.dss.spi.x509.TokenIssuerSelector - ISSUER SUBJECT : c=lu,ou=pki-test,o=nowina solutions,cn=external-ca-alternative
11:39:07.759 [pool-7-thread-77] INFO eu.europa.esig.dss.spi.x509.TokenIssuerSelector - The issuer subject name and subject name does not match (more details in debug mode).
11:39:07.759 [pool-7-thread-77] INFO eu.europa.esig.dss.spi.x509.TokenIssuerSelector - CERT ISSUER    : c=lu,ou=pki-test,o=nowina solutions,cn=external-ca
11:39:07.759 [pool-7-thread-77] INFO eu.europa.esig.dss.spi.x509.TokenIssuerSelector - ISSUER SUBJECT : c=lu,ou=pki-test,o=nowina solutions,cn=external-ca-alternative
11:39:07.759 [pool-7-thread-86] INFO eu.europa.esig.dss.spi.x509.TokenIssuerSelector - The issuer subject name and subject name does not match (more details in debug mode).
11:39:07.759 [pool-7-thread-86] INFO eu.europa.esig.dss.spi.x509.TokenIssuerSelector - CERT ISSUER    : c=lu,ou=pki-test,o=nowina solutions,cn=external-ca
11:39:07.759 [pool-7-thread-86] INFO eu.europa.esig.dss.spi.x509.TokenIssuerSelector - ISSUER SUBJECT : c=lu,ou=pki-test,o=nowina solutions,cn=external-ca-alternative
11:39:07.759 [pool-7-thread-86] INFO eu.europa.esig.dss.spi.x509.TokenIssuerSelector - The issuer subject name and subject name does not match (more details in debug mode).
11:39:07.759 [pool-7-thread-86] INFO eu.europa.esig.dss.spi.x509.TokenIssuerSelector - CERT ISSUER    : c=lu,ou=pki-test,o=nowina solutions,cn=external-ca
11:39:07.759 [pool-7-thread-86] INFO eu.europa.esig.dss.spi.x509.TokenIssuerSelector - ISSUER SUBJECT : c=lu,ou=pki-test,o=nowina solutions,cn=external-ca-alternative
11:39:07.759 [pool-7-thread-86] INFO eu.europa.esig.dss.spi.x509.TokenIssuerSelector - The issuer subject name and subject name does not match (more details in debug mode).
11:39:07.759 [pool-7-thread-86] INFO eu.europa.esig.dss.spi.x509.TokenIssuerSelector - CERT ISSUER    : c=lu,ou=pki-test,o=nowina solutions,cn=external-ca
11:39:07.759 [pool-7-thread-86] INFO eu.europa.esig.dss.spi.x509.TokenIssuerSelector - ISSUER SUBJECT : c=lu,ou=pki-test,o=nowina solutions,cn=external-ca-alternative
11:39:07.759 [pool-7-thread-73] WARN eu.europa.esig.dss.spi.x509.TokenIssuerSelector - No issuer found for the token creation date. The process continues with an issuer which has the same public key.
11:39:07.760 [pool-7-thread-41] WARN eu.europa.esig.dss.spi.x509.TokenIssuerSelector - No issuer found for the token creation date. The process continues with an issuer which has the same public key.
11:39:07.762 [pool-7-thread-74] WARN eu.europa.esig.dss.spi.x509.TokenIssuerSelector - No issuer found for the token creation date. The process continues with an issuer which has the same public key.
11:39:07.763 [pool-7-thread-69] WARN eu.europa.esig.dss.spi.x509.TokenIssuerSelector - No issuer found for the token creation date. The process continues with an issuer which has the same public key.
11:39:07.765 [pool-7-thread-43] WARN eu.europa.esig.dss.spi.x509.TokenIssuerSelector - No issuer found for the token creation date. The process continues with an issuer which has the same public key.
11:39:07.767 [pool-7-thread-16] WARN eu.europa.esig.dss.spi.x509.TokenIssuerSelector - No issuer found for the token creation date. The process continues with an issuer which has the same public key.
11:39:07.768 [pool-7-thread-16] WARN eu.europa.esig.dss.spi.x509.TokenIssuerSelector - No issuer found for the token creation date. The process continues with an issuer which has the same public key.
11:39:07.769 [pool-7-thread-70] WARN eu.europa.esig.dss.spi.x509.TokenIssuerSelector - No issuer found for the token creation date. The process continues with an issuer which has the same public key.
11:39:07.770 [pool-7-thread-70] WARN eu.europa.esig.dss.spi.x509.TokenIssuerSelector - No issuer found for the token creation date. The process continues with an issuer which has the same public key.
11:39:07.773 [pool-7-thread-70] INFO eu.europa.esig.dss.spi.x509.TokenIssuerSelector - The issuer subject name and subject name does not match (more details in debug mode).
11:39:07.773 [pool-7-thread-70] INFO eu.europa.esig.dss.spi.x509.TokenIssuerSelector - CERT ISSUER    : c=lu,ou=pki-test,o=nowina solutions,cn=external-ca
11:39:07.774 [pool-7-thread-70] INFO eu.europa.esig.dss.spi.x509.TokenIssuerSelector - ISSUER SUBJECT : c=lu,ou=pki-test,o=nowina solutions,cn=external-ca-alternative
11:39:07.780 [pool-7-thread-70] INFO eu.europa.esig.dss.spi.x509.TokenIssuerSelector - The issuer subject name and subject name does not match (more details in debug mode).
11:39:07.780 [pool-7-thread-78] INFO eu.europa.esig.dss.spi.x509.TokenIssuerSelector - The issuer subject name and subject name does not match (more details in debug mode).
11:39:07.780 [pool-7-thread-70] INFO eu.europa.esig.dss.spi.x509.TokenIssuerSelector - CERT ISSUER    : c=lu,ou=pki-test,o=nowina solutions,cn=external-ca
11:39:07.780 [pool-7-thread-78] INFO eu.europa.esig.dss.spi.x509.TokenIssuerSelector - CERT ISSUER    : c=lu,ou=pki-test,o=nowina solutions,cn=external-ca
11:39:07.780 [pool-7-thread-70] INFO eu.europa.esig.dss.spi.x509.TokenIssuerSelector - ISSUER SUBJECT : c=lu,ou=pki-test,o=nowina solutions,cn=external-ca-alternative
11:39:07.780 [pool-7-thread-78] INFO eu.europa.esig.dss.spi.x509.TokenIssuerSelector - ISSUER SUBJECT : c=lu,ou=pki-test,o=nowina solutions,cn=external-ca-alternative
11:39:07.780 [pool-7-thread-70] INFO eu.europa.esig.dss.spi.x509.TokenIssuerSelector - The issuer subject name and subject name does not match (more details in debug mode).
11:39:07.780 [pool-7-thread-78] INFO eu.europa.esig.dss.spi.x509.TokenIssuerSelector - The issuer subject name and subject name does not match (more details in debug mode).
11:39:07.780 [pool-7-thread-70] INFO eu.europa.esig.dss.spi.x509.TokenIssuerSelector - CERT ISSUER    : c=lu,ou=pki-test,o=nowina solutions,cn=external-ca
11:39:07.780 [pool-7-thread-78] INFO eu.europa.esig.dss.spi.x509.TokenIssuerSelector - CERT ISSUER    : c=lu,ou=pki-test,o=nowina solutions,cn=external-ca
11:39:07.780 [pool-7-thread-70] INFO eu.europa.esig.dss.spi.x509.TokenIssuerSelector - ISSUER SUBJECT : c=lu,ou=pki-test,o=nowina solutions,cn=external-ca-alternative
11:39:07.780 [pool-7-thread-78] INFO eu.europa.esig.dss.spi.x509.TokenIssuerSelector - ISSUER SUBJECT : c=lu,ou=pki-test,o=nowina solutions,cn=external-ca-alternative
11:39:07.780 [pool-7-thread-78] INFO eu.europa.esig.dss.spi.x509.TokenIssuerSelector - The issuer subject name and subject name does not match (more details in debug mode).
11:39:07.780 [pool-7-thread-78] INFO eu.europa.esig.dss.spi.x509.TokenIssuerSelector - CERT ISSUER    : c=lu,ou=pki-test,o=nowina solutions,cn=external-ca
11:39:07.780 [pool-7-thread-78] INFO eu.europa.esig.dss.spi.x509.TokenIssuerSelector - ISSUER SUBJECT : c=lu,ou=pki-test,o=nowina solutions,cn=external-ca-alternative
11:39:07.785 [pool-7-thread-20] WARN eu.europa.esig.dss.spi.x509.TokenIssuerSelector - No issuer found for the token creation date. The process continues with an issuer which has the same public key.
11:39:07.786 [pool-7-thread-20] INFO eu.europa.esig.dss.spi.x509.TokenIssuerSelector - The issuer subject name and subject name does not match (more details in debug mode).
11:39:07.787 [pool-7-thread-20] INFO eu.europa.esig.dss.spi.x509.TokenIssuerSelector - CERT ISSUER    : c=lu,ou=pki-test,o=nowina solutions,cn=external-ca
11:39:07.787 [pool-7-thread-20] INFO eu.europa.esig.dss.spi.x509.TokenIssuerSelector - ISSUER SUBJECT : c=lu,ou=pki-test,o=nowina solutions,cn=external-ca-alternative
11:39:07.787 [pool-7-thread-20] INFO eu.europa.esig.dss.spi.x509.TokenIssuerSelector - The issuer subject name and subject name does not match (more details in debug mode).
11:39:07.787 [pool-7-thread-20] INFO eu.europa.esig.dss.spi.x509.TokenIssuerSelector - CERT ISSUER    : c=lu,ou=pki-test,o=nowina solutions,cn=external-ca
11:39:07.787 [pool-7-thread-20] INFO eu.europa.esig.dss.spi.x509.TokenIssuerSelector - ISSUER SUBJECT : c=lu,ou=pki-test,o=nowina solutions,cn=external-ca-alternative
11:39:07.787 [pool-7-thread-20] INFO eu.europa.esig.dss.spi.x509.TokenIssuerSelector - The issuer subject name and subject name does not match (more details in debug mode).
11:39:07.787 [pool-7-thread-20] INFO eu.europa.esig.dss.spi.x509.TokenIssuerSelector - CERT ISSUER    : c=lu,ou=pki-test,o=nowina solutions,cn=external-ca
11:39:07.787 [pool-7-thread-20] INFO eu.europa.esig.dss.spi.x509.TokenIssuerSelector - ISSUER SUBJECT : c=lu,ou=pki-test,o=nowina solutions,cn=external-ca-alternative
11:39:07.787 [pool-7-thread-78] WARN eu.europa.esig.dss.spi.x509.TokenIssuerSelector - No issuer found for the token creation date. The process continues with an issuer which has the same public key.
11:39:07.788 [pool-7-thread-78] WARN eu.europa.esig.dss.spi.x509.TokenIssuerSelector - No issuer found for the token creation date. The process continues with an issuer which has the same public key.
11:39:07.790 [pool-7-thread-78] INFO eu.europa.esig.dss.spi.x509.TokenIssuerSelector - The issuer subject name and subject name does not match (more details in debug mode).
11:39:07.790 [pool-7-thread-78] INFO eu.europa.esig.dss.spi.x509.TokenIssuerSelector - CERT ISSUER    : c=lu,ou=pki-test,o=nowina solutions,cn=external-ca
11:39:07.790 [pool-7-thread-78] INFO eu.europa.esig.dss.spi.x509.TokenIssuerSelector - ISSUER SUBJECT : c=lu,ou=pki-test,o=nowina solutions,cn=external-ca-alternative
11:39:07.790 [pool-7-thread-78] INFO eu.europa.esig.dss.spi.x509.TokenIssuerSelector - The issuer subject name and subject name does not match (more details in debug mode).
11:39:07.790 [pool-7-thread-78] INFO eu.europa.esig.dss.spi.x509.TokenIssuerSelector - CERT ISSUER    : c=lu,ou=pki-test,o=nowina solutions,cn=external-ca
11:39:07.790 [pool-7-thread-78] INFO eu.europa.esig.dss.spi.x509.TokenIssuerSelector - ISSUER SUBJECT : c=lu,ou=pki-test,o=nowina solutions,cn=external-ca-alternative
11:39:07.790 [pool-7-thread-78] INFO eu.europa.esig.dss.spi.x509.TokenIssuerSelector - The issuer subject name and subject name does not match (more details in debug mode).
11:39:07.790 [pool-7-thread-78] INFO eu.europa.esig.dss.spi.x509.TokenIssuerSelector - CERT ISSUER    : c=lu,ou=pki-test,o=nowina solutions,cn=external-ca
11:39:07.790 [pool-7-thread-78] INFO eu.europa.esig.dss.spi.x509.TokenIssuerSelector - ISSUER SUBJECT : c=lu,ou=pki-test,o=nowina solutions,cn=external-ca-alternative
11:39:07.791 [pool-7-thread-19] INFO eu.europa.esig.dss.spi.x509.TokenIssuerSelector - The issuer subject name and subject name does not match (more details in debug mode).
11:39:07.791 [pool-7-thread-19] INFO eu.europa.esig.dss.spi.x509.TokenIssuerSelector - CERT ISSUER    : c=lu,ou=pki-test,o=nowina solutions,cn=external-ca
11:39:07.791 [pool-7-thread-19] INFO eu.europa.esig.dss.spi.x509.TokenIssuerSelector - ISSUER SUBJECT : c=lu,ou=pki-test,o=nowina solutions,cn=external-ca-alternative
11:39:07.791 [pool-7-thread-19] INFO eu.europa.esig.dss.spi.x509.TokenIssuerSelector - The issuer subject name and subject name does not match (more details in debug mode).
11:39:07.791 [pool-7-thread-19] INFO eu.europa.esig.dss.spi.x509.TokenIssuerSelector - CERT ISSUER    : c=lu,ou=pki-test,o=nowina solutions,cn=external-ca
11:39:07.791 [pool-7-thread-19] INFO eu.europa.esig.dss.spi.x509.TokenIssuerSelector - ISSUER SUBJECT : c=lu,ou=pki-test,o=nowina solutions,cn=external-ca-alternative
11:39:07.791 [pool-7-thread-38] WARN eu.europa.esig.dss.spi.x509.TokenIssuerSelector - No issuer found for the token creation date. The process continues with an issuer which has the same public key.
11:39:07.791 [pool-7-thread-19] INFO eu.europa.esig.dss.spi.x509.TokenIssuerSelector - The issuer subject name and subject name does not match (more details in debug mode).
11:39:07.791 [pool-7-thread-19] INFO eu.europa.esig.dss.spi.x509.TokenIssuerSelector - CERT ISSUER    : c=lu,ou=pki-test,o=nowina solutions,cn=external-ca
11:39:07.791 [pool-7-thread-19] INFO eu.europa.esig.dss.spi.x509.TokenIssuerSelector - ISSUER SUBJECT : c=lu,ou=pki-test,o=nowina solutions,cn=external-ca-alternative
11:39:07.792 [pool-7-thread-1] WARN eu.europa.esig.dss.spi.x509.TokenIssuerSelector - No issuer found for the token creation date. The process continues with an issuer which has the same public key.
11:39:07.793 [pool-7-thread-42] INFO eu.europa.esig.dss.spi.x509.TokenIssuerSelector - The issuer subject name and subject name does not match (more details in debug mode).
11:39:07.793 [pool-7-thread-42] INFO eu.europa.esig.dss.spi.x509.TokenIssuerSelector - CERT ISSUER    : c=lu,ou=pki-test,o=nowina solutions,cn=external-ca
11:39:07.793 [pool-7-thread-42] INFO eu.europa.esig.dss.spi.x509.TokenIssuerSelector - ISSUER SUBJECT : c=lu,ou=pki-test,o=nowina solutions,cn=external-ca-alternative
11:39:07.794 [pool-7-thread-42] INFO eu.europa.esig.dss.spi.x509.TokenIssuerSelector - The issuer subject name and subject name does not match (more details in debug mode).
11:39:07.794 [pool-7-thread-42] INFO eu.europa.esig.dss.spi.x509.TokenIssuerSelector - CERT ISSUER    : c=lu,ou=pki-test,o=nowina solutions,cn=external-ca
11:39:07.794 [pool-7-thread-42] INFO eu.europa.esig.dss.spi.x509.TokenIssuerSelector - ISSUER SUBJECT : c=lu,ou=pki-test,o=nowina solutions,cn=external-ca-alternative
11:39:07.794 [pool-7-thread-42] INFO eu.europa.esig.dss.spi.x509.TokenIssuerSelector - The issuer subject name and subject name does not match (more details in debug mode).
11:39:07.794 [pool-7-thread-42] INFO eu.europa.esig.dss.spi.x509.TokenIssuerSelector - CERT ISSUER    : c=lu,ou=pki-test,o=nowina solutions,cn=external-ca
11:39:07.794 [pool-7-thread-42] INFO eu.europa.esig.dss.spi.x509.TokenIssuerSelector - ISSUER SUBJECT : c=lu,ou=pki-test,o=nowina solutions,cn=external-ca-alternative
11:39:07.795 [pool-7-thread-2] INFO eu.europa.esig.dss.spi.x509.TokenIssuerSelector - The issuer subject name and subject name does not match (more details in debug mode).
11:39:07.795 [pool-7-thread-2] INFO eu.europa.esig.dss.spi.x509.TokenIssuerSelector - CERT ISSUER    : c=lu,ou=pki-test,o=nowina solutions,cn=external-ca
11:39:07.795 [pool-7-thread-2] INFO eu.europa.esig.dss.spi.x509.TokenIssuerSelector - ISSUER SUBJECT : c=lu,ou=pki-test,o=nowina solutions,cn=external-ca-alternative
11:39:07.795 [pool-7-thread-2] INFO eu.europa.esig.dss.spi.x509.TokenIssuerSelector - The issuer subject name and subject name does not match (more details in debug mode).
11:39:07.795 [pool-7-thread-2] INFO eu.europa.esig.dss.spi.x509.TokenIssuerSelector - CERT ISSUER    : c=lu,ou=pki-test,o=nowina solutions,cn=external-ca
11:39:07.795 [pool-7-thread-37] WARN eu.europa.esig.dss.spi.x509.TokenIssuerSelector - No issuer found for the token creation date. The process continues with an issuer which has the same public key.
11:39:07.795 [pool-7-thread-2] INFO eu.europa.esig.dss.spi.x509.TokenIssuerSelector - ISSUER SUBJECT : c=lu,ou=pki-test,o=nowina solutions,cn=external-ca-alternative
11:39:07.795 [pool-7-thread-2] INFO eu.europa.esig.dss.spi.x509.TokenIssuerSelector - The issuer subject name and subject name does not match (more details in debug mode).
11:39:07.795 [pool-7-thread-2] INFO eu.europa.esig.dss.spi.x509.TokenIssuerSelector - CERT ISSUER    : c=lu,ou=pki-test,o=nowina solutions,cn=external-ca
11:39:07.795 [pool-7-thread-2] INFO eu.europa.esig.dss.spi.x509.TokenIssuerSelector - ISSUER SUBJECT : c=lu,ou=pki-test,o=nowina solutions,cn=external-ca-alternative
11:39:07.796 [pool-7-thread-37] WARN eu.europa.esig.dss.spi.x509.TokenIssuerSelector - No issuer found for the token creation date. The process continues with an issuer which has the same public key.
11:39:07.798 [pool-7-thread-37] INFO eu.europa.esig.dss.spi.x509.TokenIssuerSelector - The issuer subject name and subject name does not match (more details in debug mode).
11:39:07.798 [pool-7-thread-37] INFO eu.europa.esig.dss.spi.x509.TokenIssuerSelector - CERT ISSUER    : c=lu,ou=pki-test,o=nowina solutions,cn=external-ca
11:39:07.798 [pool-7-thread-37] INFO eu.europa.esig.dss.spi.x509.TokenIssuerSelector - ISSUER SUBJECT : c=lu,ou=pki-test,o=nowina solutions,cn=external-ca-alternative
11:39:07.798 [pool-7-thread-37] INFO eu.europa.esig.dss.spi.x509.TokenIssuerSelector - The issuer subject name and subject name does not match (more details in debug mode).
11:39:07.798 [pool-7-thread-37] INFO eu.europa.esig.dss.spi.x509.TokenIssuerSelector - CERT ISSUER    : c=lu,ou=pki-test,o=nowina solutions,cn=external-ca
11:39:07.798 [pool-7-thread-37] INFO eu.europa.esig.dss.spi.x509.TokenIssuerSelector - ISSUER SUBJECT : c=lu,ou=pki-test,o=nowina solutions,cn=external-ca-alternative
11:39:07.798 [pool-7-thread-37] INFO eu.europa.esig.dss.spi.x509.TokenIssuerSelector - The issuer subject name and subject name does not match (more details in debug mode).
11:39:07.798 [pool-7-thread-37] INFO eu.europa.esig.dss.spi.x509.TokenIssuerSelector - CERT ISSUER    : c=lu,ou=pki-test,o=nowina solutions,cn=external-ca
11:39:07.798 [pool-7-thread-37] INFO eu.europa.esig.dss.spi.x509.TokenIssuerSelector - ISSUER SUBJECT : c=lu,ou=pki-test,o=nowina solutions,cn=external-ca-alternative
11:39:07.799 [pool-7-thread-2] WARN eu.europa.esig.dss.spi.x509.TokenIssuerSelector - No issuer found for the token creation date. The process continues with an issuer which has the same public key.
11:39:07.801 [pool-7-thread-2] WARN eu.europa.esig.dss.spi.x509.TokenIssuerSelector - No issuer found for the token creation date. The process continues with an issuer which has the same public key.
11:39:07.803 [pool-7-thread-2] INFO eu.europa.esig.dss.spi.x509.TokenIssuerSelector - The issuer subject name and subject name does not match (more details in debug mode).
11:39:07.803 [pool-7-thread-2] INFO eu.europa.esig.dss.spi.x509.TokenIssuerSelector - CERT ISSUER    : c=lu,ou=pki-test,o=nowina solutions,cn=external-ca
11:39:07.803 [pool-7-thread-2] INFO eu.europa.esig.dss.spi.x509.TokenIssuerSelector - ISSUER SUBJECT : c=lu,ou=pki-test,o=nowina solutions,cn=external-ca-alternative
11:39:07.803 [pool-7-thread-2] INFO eu.europa.esig.dss.spi.x509.TokenIssuerSelector - The issuer subject name and subject name does not match (more details in debug mode).
11:39:07.803 [pool-7-thread-2] INFO eu.europa.esig.dss.spi.x509.TokenIssuerSelector - CERT ISSUER    : c=lu,ou=pki-test,o=nowina solutions,cn=external-ca
11:39:07.803 [pool-7-thread-2] INFO eu.europa.esig.dss.spi.x509.TokenIssuerSelector - ISSUER SUBJECT : c=lu,ou=pki-test,o=nowina solutions,cn=external-ca-alternative
11:39:07.803 [pool-7-thread-2] INFO eu.europa.esig.dss.spi.x509.TokenIssuerSelector - The issuer subject name and subject name does not match (more details in debug mode).
11:39:07.803 [pool-7-thread-2] INFO eu.europa.esig.dss.spi.x509.TokenIssuerSelector - CERT ISSUER    : c=lu,ou=pki-test,o=nowina solutions,cn=external-ca
11:39:07.804 [pool-7-thread-2] INFO eu.europa.esig.dss.spi.x509.TokenIssuerSelector - ISSUER SUBJECT : c=lu,ou=pki-test,o=nowina solutions,cn=external-ca-alternative
11:39:07.806 [pool-7-thread-37] WARN eu.europa.esig.dss.spi.x509.TokenIssuerSelector - No issuer found for the token creation date. The process continues with an issuer which has the same public key.
11:39:07.798 [pool-7-thread-66] WARN eu.europa.esig.dss.spi.x509.TokenIssuerSelector - No issuer found for the token creation date. The process continues with an issuer which has the same public key.
11:39:07.807 [pool-7-thread-37] WARN eu.europa.esig.dss.spi.x509.TokenIssuerSelector - No issuer found for the token creation date. The process continues with an issuer which has the same public key.
11:39:07.809 [pool-7-thread-37] INFO eu.europa.esig.dss.spi.x509.TokenIssuerSelector - The issuer subject name and subject name does not match (more details in debug mode).
11:39:07.809 [pool-7-thread-37] INFO eu.europa.esig.dss.spi.x509.TokenIssuerSelector - CERT ISSUER    : c=lu,ou=pki-test,o=nowina solutions,cn=external-ca
11:39:07.809 [pool-7-thread-37] INFO eu.europa.esig.dss.spi.x509.TokenIssuerSelector - ISSUER SUBJECT : c=lu,ou=pki-test,o=nowina solutions,cn=external-ca-alternative
11:39:07.809 [pool-7-thread-37] INFO eu.europa.esig.dss.spi.x509.TokenIssuerSelector - The issuer subject name and subject name does not match (more details in debug mode).
11:39:07.809 [pool-7-thread-37] INFO eu.europa.esig.dss.spi.x509.TokenIssuerSelector - CERT ISSUER    : c=lu,ou=pki-test,o=nowina solutions,cn=external-ca
11:39:07.809 [pool-7-thread-37] INFO eu.europa.esig.dss.spi.x509.TokenIssuerSelector - ISSUER SUBJECT : c=lu,ou=pki-test,o=nowina solutions,cn=external-ca-alternative
11:39:07.809 [pool-7-thread-37] INFO eu.europa.esig.dss.spi.x509.TokenIssuerSelector - The issuer subject name and subject name does not match (more details in debug mode).
11:39:07.809 [pool-7-thread-37] INFO eu.europa.esig.dss.spi.x509.TokenIssuerSelector - CERT ISSUER    : c=lu,ou=pki-test,o=nowina solutions,cn=external-ca
11:39:07.809 [pool-7-thread-37] INFO eu.europa.esig.dss.spi.x509.TokenIssuerSelector - ISSUER SUBJECT : c=lu,ou=pki-test,o=nowina solutions,cn=external-ca-alternative
11:39:07.811 [pool-7-thread-9] INFO eu.europa.esig.dss.spi.x509.TokenIssuerSelector - The issuer subject name and subject name does not match (more details in debug mode).
11:39:07.811 [pool-7-thread-9] INFO eu.europa.esig.dss.spi.x509.TokenIssuerSelector - CERT ISSUER    : c=lu,ou=pki-test,o=nowina solutions,cn=external-ca
11:39:07.811 [pool-7-thread-9] INFO eu.europa.esig.dss.spi.x509.TokenIssuerSelector - ISSUER SUBJECT : c=lu,ou=pki-test,o=nowina solutions,cn=external-ca-alternative
11:39:07.811 [pool-7-thread-9] INFO eu.europa.esig.dss.spi.x509.TokenIssuerSelector - The issuer subject name and subject name does not match (more details in debug mode).
11:39:07.811 [pool-7-thread-9] INFO eu.europa.esig.dss.spi.x509.TokenIssuerSelector - CERT ISSUER    : c=lu,ou=pki-test,o=nowina solutions,cn=external-ca
11:39:07.811 [pool-7-thread-9] INFO eu.europa.esig.dss.spi.x509.TokenIssuerSelector - ISSUER SUBJECT : c=lu,ou=pki-test,o=nowina solutions,cn=external-ca-alternative
11:39:07.811 [pool-7-thread-9] INFO eu.europa.esig.dss.spi.x509.TokenIssuerSelector - The issuer subject name and subject name does not match (more details in debug mode).
11:39:07.811 [pool-7-thread-9] INFO eu.europa.esig.dss.spi.x509.TokenIssuerSelector - CERT ISSUER    : c=lu,ou=pki-test,o=nowina solutions,cn=external-ca
11:39:07.811 [pool-7-thread-9] INFO eu.europa.esig.dss.spi.x509.TokenIssuerSelector - ISSUER SUBJECT : c=lu,ou=pki-test,o=nowina solutions,cn=external-ca-alternative
11:39:07.811 [pool-7-thread-62] WARN eu.europa.esig.dss.spi.x509.TokenIssuerSelector - No issuer found for the token creation date. The process continues with an issuer which has the same public key.
11:39:07.813 [pool-7-thread-37] WARN eu.europa.esig.dss.spi.x509.TokenIssuerSelector - No issuer found for the token creation date. The process continues with an issuer which has the same public key.
11:39:07.814 [pool-7-thread-37] WARN eu.europa.esig.dss.spi.x509.TokenIssuerSelector - No issuer found for the token creation date. The process continues with an issuer which has the same public key.
11:39:07.816 [pool-7-thread-60] INFO eu.europa.esig.dss.spi.x509.TokenIssuerSelector - The issuer subject name and subject name does not match (more details in debug mode).
11:39:07.817 [pool-7-thread-60] INFO eu.europa.esig.dss.spi.x509.TokenIssuerSelector - CERT ISSUER    : c=lu,ou=pki-test,o=nowina solutions,cn=external-ca
11:39:07.817 [pool-7-thread-60] INFO eu.europa.esig.dss.spi.x509.TokenIssuerSelector - ISSUER SUBJECT : c=lu,ou=pki-test,o=nowina solutions,cn=external-ca-alternative
11:39:07.817 [pool-7-thread-60] INFO eu.europa.esig.dss.spi.x509.TokenIssuerSelector - The issuer subject name and subject name does not match (more details in debug mode).
11:39:07.817 [pool-7-thread-60] INFO eu.europa.esig.dss.spi.x509.TokenIssuerSelector - CERT ISSUER    : c=lu,ou=pki-test,o=nowina solutions,cn=external-ca
11:39:07.817 [pool-7-thread-60] INFO eu.europa.esig.dss.spi.x509.TokenIssuerSelector - ISSUER SUBJECT : c=lu,ou=pki-test,o=nowina solutions,cn=external-ca-alternative
11:39:07.817 [pool-7-thread-60] INFO eu.europa.esig.dss.spi.x509.TokenIssuerSelector - The issuer subject name and subject name does not match (more details in debug mode).
11:39:07.817 [pool-7-thread-60] INFO eu.europa.esig.dss.spi.x509.TokenIssuerSelector - CERT ISSUER    : c=lu,ou=pki-test,o=nowina solutions,cn=external-ca
11:39:07.817 [pool-7-thread-60] INFO eu.europa.esig.dss.spi.x509.TokenIssuerSelector - ISSUER SUBJECT : c=lu,ou=pki-test,o=nowina solutions,cn=external-ca-alternative
11:39:07.820 [pool-7-thread-9] WARN eu.europa.esig.dss.spi.x509.TokenIssuerSelector - No issuer found for the token creation date. The process continues with an issuer which has the same public key.
11:39:07.822 [pool-7-thread-50] WARN eu.europa.esig.dss.spi.x509.TokenIssuerSelector - No issuer found for the token creation date. The process continues with an issuer which has the same public key.
11:39:07.825 [pool-7-thread-50] INFO eu.europa.esig.dss.spi.x509.TokenIssuerSelector - The issuer subject name and subject name does not match (more details in debug mode).
11:39:07.825 [pool-7-thread-50] INFO eu.europa.esig.dss.spi.x509.TokenIssuerSelector - CERT ISSUER    : c=lu,ou=pki-test,o=nowina solutions,cn=external-ca
11:39:07.825 [pool-7-thread-50] INFO eu.europa.esig.dss.spi.x509.TokenIssuerSelector - ISSUER SUBJECT : c=lu,ou=pki-test,o=nowina solutions,cn=external-ca-alternative
11:39:07.825 [pool-7-thread-50] INFO eu.europa.esig.dss.spi.x509.TokenIssuerSelector - The issuer subject name and subject name does not match (more details in debug mode).
11:39:07.825 [pool-7-thread-50] INFO eu.europa.esig.dss.spi.x509.TokenIssuerSelector - CERT ISSUER    : c=lu,ou=pki-test,o=nowina solutions,cn=external-ca
11:39:07.825 [pool-7-thread-50] INFO eu.europa.esig.dss.spi.x509.TokenIssuerSelector - ISSUER SUBJECT : c=lu,ou=pki-test,o=nowina solutions,cn=external-ca-alternative
11:39:07.825 [pool-7-thread-50] INFO eu.europa.esig.dss.spi.x509.TokenIssuerSelector - The issuer subject name and subject name does not match (more details in debug mode).
11:39:07.825 [pool-7-thread-50] INFO eu.europa.esig.dss.spi.x509.TokenIssuerSelector - CERT ISSUER    : c=lu,ou=pki-test,o=nowina solutions,cn=external-ca
11:39:07.825 [pool-7-thread-50] INFO eu.europa.esig.dss.spi.x509.TokenIssuerSelector - ISSUER SUBJECT : c=lu,ou=pki-test,o=nowina solutions,cn=external-ca-alternative
11:39:07.825 [pool-7-thread-7] WARN eu.europa.esig.dss.spi.x509.TokenIssuerSelector - No issuer found for the token creation date. The process continues with an issuer which has the same public key.
11:39:07.826 [pool-7-thread-7] WARN eu.europa.esig.dss.spi.x509.TokenIssuerSelector - No issuer found for the token creation date. The process continues with an issuer which has the same public key.
11:39:07.828 [pool-7-thread-7] INFO eu.europa.esig.dss.spi.x509.TokenIssuerSelector - The issuer subject name and subject name does not match (more details in debug mode).
11:39:07.828 [pool-7-thread-7] INFO eu.europa.esig.dss.spi.x509.TokenIssuerSelector - CERT ISSUER    : c=lu,ou=pki-test,o=nowina solutions,cn=external-ca
11:39:07.828 [pool-7-thread-7] INFO eu.europa.esig.dss.spi.x509.TokenIssuerSelector - ISSUER SUBJECT : c=lu,ou=pki-test,o=nowina solutions,cn=external-ca-alternative
11:39:07.828 [pool-7-thread-7] INFO eu.europa.esig.dss.spi.x509.TokenIssuerSelector - The issuer subject name and subject name does not match (more details in debug mode).
11:39:07.828 [pool-7-thread-7] INFO eu.europa.esig.dss.spi.x509.TokenIssuerSelector - CERT ISSUER    : c=lu,ou=pki-test,o=nowina solutions,cn=external-ca
11:39:07.828 [pool-7-thread-7] INFO eu.europa.esig.dss.spi.x509.TokenIssuerSelector - ISSUER SUBJECT : c=lu,ou=pki-test,o=nowina solutions,cn=external-ca-alternative
11:39:07.828 [pool-7-thread-7] INFO eu.europa.esig.dss.spi.x509.TokenIssuerSelector - The issuer subject name and subject name does not match (more details in debug mode).
11:39:07.828 [pool-7-thread-7] INFO eu.europa.esig.dss.spi.x509.TokenIssuerSelector - CERT ISSUER    : c=lu,ou=pki-test,o=nowina solutions,cn=external-ca
11:39:07.828 [pool-7-thread-7] INFO eu.europa.esig.dss.spi.x509.TokenIssuerSelector - ISSUER SUBJECT : c=lu,ou=pki-test,o=nowina solutions,cn=external-ca-alternative
11:39:07.829 [pool-7-thread-54] WARN eu.europa.esig.dss.spi.x509.TokenIssuerSelector - No issuer found for the token creation date. The process continues with an issuer which has the same public key.
11:39:07.830 [pool-7-thread-52] WARN eu.europa.esig.dss.spi.x509.TokenIssuerSelector - No issuer found for the token creation date. The process continues with an issuer which has the same public key.
11:39:07.831 [pool-7-thread-52] WARN eu.europa.esig.dss.spi.x509.TokenIssuerSelector - No issuer found for the token creation date. The process continues with an issuer which has the same public key.
11:39:07.833 [pool-7-thread-7] WARN eu.europa.esig.dss.spi.x509.TokenIssuerSelector - No issuer found for the token creation date. The process continues with an issuer which has the same public key.
11:39:07.833 [pool-7-thread-23] WARN eu.europa.esig.dss.spi.x509.TokenIssuerSelector - No issuer found for the token creation date. The process continues with an issuer which has the same public key.
11:39:07.835 [pool-7-thread-8] WARN eu.europa.esig.dss.spi.x509.TokenIssuerSelector - No issuer found for the token creation date. The process continues with an issuer which has the same public key.
11:39:07.837 [pool-7-thread-8] INFO eu.europa.esig.dss.spi.x509.TokenIssuerSelector - The issuer subject name and subject name does not match (more details in debug mode).
11:39:07.837 [pool-7-thread-8] INFO eu.europa.esig.dss.spi.x509.TokenIssuerSelector - CERT ISSUER    : c=lu,ou=pki-test,o=nowina solutions,cn=external-ca
11:39:07.837 [pool-7-thread-8] INFO eu.europa.esig.dss.spi.x509.TokenIssuerSelector - ISSUER SUBJECT : c=lu,ou=pki-test,o=nowina solutions,cn=external-ca-alternative
11:39:07.837 [pool-7-thread-8] INFO eu.europa.esig.dss.spi.x509.TokenIssuerSelector - The issuer subject name and subject name does not match (more details in debug mode).
11:39:07.837 [pool-7-thread-8] INFO eu.europa.esig.dss.spi.x509.TokenIssuerSelector - CERT ISSUER    : c=lu,ou=pki-test,o=nowina solutions,cn=external-ca
11:39:07.837 [pool-7-thread-8] INFO eu.europa.esig.dss.spi.x509.TokenIssuerSelector - ISSUER SUBJECT : c=lu,ou=pki-test,o=nowina solutions,cn=external-ca-alternative
11:39:07.837 [pool-7-thread-8] INFO eu.europa.esig.dss.spi.x509.TokenIssuerSelector - The issuer subject name and subject name does not match (more details in debug mode).
11:39:07.837 [pool-7-thread-8] INFO eu.europa.esig.dss.spi.x509.TokenIssuerSelector - CERT ISSUER    : c=lu,ou=pki-test,o=nowina solutions,cn=external-ca
11:39:07.837 [pool-7-thread-8] INFO eu.europa.esig.dss.spi.x509.TokenIssuerSelector - ISSUER SUBJECT : c=lu,ou=pki-test,o=nowina solutions,cn=external-ca-alternative
11:39:07.844 [pool-7-thread-27] INFO eu.europa.esig.dss.spi.x509.TokenIssuerSelector - The issuer subject name and subject name does not match (more details in debug mode).
11:39:07.844 [pool-7-thread-27] INFO eu.europa.esig.dss.spi.x509.TokenIssuerSelector - CERT ISSUER    : c=lu,ou=pki-test,o=nowina solutions,cn=external-ca
11:39:07.844 [pool-7-thread-27] INFO eu.europa.esig.dss.spi.x509.TokenIssuerSelector - ISSUER SUBJECT : c=lu,ou=pki-test,o=nowina solutions,cn=external-ca-alternative
11:39:07.844 [pool-7-thread-27] INFO eu.europa.esig.dss.spi.x509.TokenIssuerSelector - The issuer subject name and subject name does not match (more details in debug mode).
11:39:07.844 [pool-7-thread-27] INFO eu.europa.esig.dss.spi.x509.TokenIssuerSelector - CERT ISSUER    : c=lu,ou=pki-test,o=nowina solutions,cn=external-ca
11:39:07.844 [pool-7-thread-27] INFO eu.europa.esig.dss.spi.x509.TokenIssuerSelector - ISSUER SUBJECT : c=lu,ou=pki-test,o=nowina solutions,cn=external-ca-alternative
11:39:07.844 [pool-7-thread-27] INFO eu.europa.esig.dss.spi.x509.TokenIssuerSelector - The issuer subject name and subject name does not match (more details in debug mode).
11:39:07.844 [pool-7-thread-27] INFO eu.europa.esig.dss.spi.x509.TokenIssuerSelector - CERT ISSUER    : c=lu,ou=pki-test,o=nowina solutions,cn=external-ca
11:39:07.844 [pool-7-thread-27] INFO eu.europa.esig.dss.spi.x509.TokenIssuerSelector - ISSUER SUBJECT : c=lu,ou=pki-test,o=nowina solutions,cn=external-ca-alternative
11:39:07.846 [pool-7-thread-12] WARN eu.europa.esig.dss.spi.x509.TokenIssuerSelector - No issuer found for the token creation date. The process continues with an issuer which has the same public key.
11:39:07.846 [pool-7-thread-61] INFO eu.europa.esig.dss.spi.x509.TokenIssuerSelector - The issuer subject name and subject name does not match (more details in debug mode).
11:39:07.846 [pool-7-thread-61] INFO eu.europa.esig.dss.spi.x509.TokenIssuerSelector - CERT ISSUER    : c=lu,ou=pki-test,o=nowina solutions,cn=external-ca
11:39:07.846 [pool-7-thread-61] INFO eu.europa.esig.dss.spi.x509.TokenIssuerSelector - ISSUER SUBJECT : c=lu,ou=pki-test,o=nowina solutions,cn=external-ca-alternative
11:39:07.846 [pool-7-thread-61] INFO eu.europa.esig.dss.spi.x509.TokenIssuerSelector - The issuer subject name and subject name does not match (more details in debug mode).
11:39:07.846 [pool-7-thread-61] INFO eu.europa.esig.dss.spi.x509.TokenIssuerSelector - CERT ISSUER    : c=lu,ou=pki-test,o=nowina solutions,cn=external-ca
11:39:07.846 [pool-7-thread-61] INFO eu.europa.esig.dss.spi.x509.TokenIssuerSelector - ISSUER SUBJECT : c=lu,ou=pki-test,o=nowina solutions,cn=external-ca-alternative
11:39:07.846 [pool-7-thread-61] INFO eu.europa.esig.dss.spi.x509.TokenIssuerSelector - The issuer subject name and subject name does not match (more details in debug mode).
11:39:07.846 [pool-7-thread-61] INFO eu.europa.esig.dss.spi.x509.TokenIssuerSelector - CERT ISSUER    : c=lu,ou=pki-test,o=nowina solutions,cn=external-ca
11:39:07.846 [pool-7-thread-61] INFO eu.europa.esig.dss.spi.x509.TokenIssuerSelector - ISSUER SUBJECT : c=lu,ou=pki-test,o=nowina solutions,cn=external-ca-alternative
11:39:07.847 [pool-7-thread-55] WARN eu.europa.esig.dss.spi.x509.TokenIssuerSelector - No issuer found for the token creation date. The process continues with an issuer which has the same public key.
11:39:07.848 [pool-7-thread-51] INFO eu.europa.esig.dss.spi.x509.TokenIssuerSelector - The issuer subject name and subject name does not match (more details in debug mode).
11:39:07.848 [pool-7-thread-51] INFO eu.europa.esig.dss.spi.x509.TokenIssuerSelector - CERT ISSUER    : c=lu,ou=pki-test,o=nowina solutions,cn=external-ca
11:39:07.848 [pool-7-thread-51] INFO eu.europa.esig.dss.spi.x509.TokenIssuerSelector - ISSUER SUBJECT : c=lu,ou=pki-test,o=nowina solutions,cn=external-ca-alternative
11:39:07.848 [pool-7-thread-51] INFO eu.europa.esig.dss.spi.x509.TokenIssuerSelector - The issuer subject name and subject name does not match (more details in debug mode).
11:39:07.848 [pool-7-thread-51] INFO eu.europa.esig.dss.spi.x509.TokenIssuerSelector - CERT ISSUER    : c=lu,ou=pki-test,o=nowina solutions,cn=external-ca
11:39:07.848 [pool-7-thread-51] INFO eu.europa.esig.dss.spi.x509.TokenIssuerSelector - ISSUER SUBJECT : c=lu,ou=pki-test,o=nowina solutions,cn=external-ca-alternative
11:39:07.848 [pool-7-thread-51] INFO eu.europa.esig.dss.spi.x509.TokenIssuerSelector - The issuer subject name and subject name does not match (more details in debug mode).
11:39:07.848 [pool-7-thread-51] INFO eu.europa.esig.dss.spi.x509.TokenIssuerSelector - CERT ISSUER    : c=lu,ou=pki-test,o=nowina solutions,cn=external-ca
11:39:07.848 [pool-7-thread-51] INFO eu.europa.esig.dss.spi.x509.TokenIssuerSelector - ISSUER SUBJECT : c=lu,ou=pki-test,o=nowina solutions,cn=external-ca-alternative
11:39:07.849 [pool-7-thread-55] INFO eu.europa.esig.dss.spi.x509.TokenIssuerSelector - The issuer subject name and subject name does not match (more details in debug mode).
11:39:07.849 [pool-7-thread-55] INFO eu.europa.esig.dss.spi.x509.TokenIssuerSelector - CERT ISSUER    : c=lu,ou=pki-test,o=nowina solutions,cn=external-ca
11:39:07.849 [pool-7-thread-55] INFO eu.europa.esig.dss.spi.x509.TokenIssuerSelector - ISSUER SUBJECT : c=lu,ou=pki-test,o=nowina solutions,cn=external-ca-alternative
11:39:07.849 [pool-7-thread-55] INFO eu.europa.esig.dss.spi.x509.TokenIssuerSelector - The issuer subject name and subject name does not match (more details in debug mode).
11:39:07.849 [pool-7-thread-55] INFO eu.europa.esig.dss.spi.x509.TokenIssuerSelector - CERT ISSUER    : c=lu,ou=pki-test,o=nowina solutions,cn=external-ca
11:39:07.849 [pool-7-thread-55] INFO eu.europa.esig.dss.spi.x509.TokenIssuerSelector - ISSUER SUBJECT : c=lu,ou=pki-test,o=nowina solutions,cn=external-ca-alternative
11:39:07.849 [pool-7-thread-55] INFO eu.europa.esig.dss.spi.x509.TokenIssuerSelector - The issuer subject name and subject name does not match (more details in debug mode).
11:39:07.849 [pool-7-thread-55] INFO eu.europa.esig.dss.spi.x509.TokenIssuerSelector - CERT ISSUER    : c=lu,ou=pki-test,o=nowina solutions,cn=external-ca
11:39:07.849 [pool-7-thread-55] INFO eu.europa.esig.dss.spi.x509.TokenIssuerSelector - ISSUER SUBJECT : c=lu,ou=pki-test,o=nowina solutions,cn=external-ca-alternative
11:39:07.851 [pool-7-thread-58] INFO eu.europa.esig.dss.spi.x509.TokenIssuerSelector - The issuer subject name and subject name does not match (more details in debug mode).
11:39:07.851 [pool-7-thread-58] INFO eu.europa.esig.dss.spi.x509.TokenIssuerSelector - CERT ISSUER    : c=lu,ou=pki-test,o=nowina solutions,cn=external-ca
11:39:07.851 [pool-7-thread-58] INFO eu.europa.esig.dss.spi.x509.TokenIssuerSelector - ISSUER SUBJECT : c=lu,ou=pki-test,o=nowina solutions,cn=external-ca-alternative
11:39:07.851 [pool-7-thread-58] INFO eu.europa.esig.dss.spi.x509.TokenIssuerSelector - The issuer subject name and subject name does not match (more details in debug mode).
11:39:07.851 [pool-7-thread-58] INFO eu.europa.esig.dss.spi.x509.TokenIssuerSelector - CERT ISSUER    : c=lu,ou=pki-test,o=nowina solutions,cn=external-ca
11:39:07.851 [pool-7-thread-58] INFO eu.europa.esig.dss.spi.x509.TokenIssuerSelector - ISSUER SUBJECT : c=lu,ou=pki-test,o=nowina solutions,cn=external-ca-alternative
11:39:07.851 [pool-7-thread-58] INFO eu.europa.esig.dss.spi.x509.TokenIssuerSelector - The issuer subject name and subject name does not match (more details in debug mode).
11:39:07.851 [pool-7-thread-58] INFO eu.europa.esig.dss.spi.x509.TokenIssuerSelector - CERT ISSUER    : c=lu,ou=pki-test,o=nowina solutions,cn=external-ca
11:39:07.851 [pool-7-thread-58] INFO eu.europa.esig.dss.spi.x509.TokenIssuerSelector - ISSUER SUBJECT : c=lu,ou=pki-test,o=nowina solutions,cn=external-ca-alternative
11:39:07.851 [pool-7-thread-51] WARN eu.europa.esig.dss.spi.x509.TokenIssuerSelector - No issuer found for the token creation date. The process continues with an issuer which has the same public key.
11:39:07.853 [pool-7-thread-48] WARN eu.europa.esig.dss.spi.x509.TokenIssuerSelector - No issuer found for the token creation date. The process continues with an issuer which has the same public key.
11:39:07.853 [pool-7-thread-47] WARN eu.europa.esig.dss.spi.x509.TokenIssuerSelector - No issuer found for the token creation date. The process continues with an issuer which has the same public key.
11:39:07.855 [pool-7-thread-56] WARN eu.europa.esig.dss.spi.x509.TokenIssuerSelector - No issuer found for the token creation date. The process continues with an issuer which has the same public key.
11:39:07.855 [pool-7-thread-24] INFO eu.europa.esig.dss.spi.x509.TokenIssuerSelector - The issuer subject name and subject name does not match (more details in debug mode).
11:39:07.855 [pool-7-thread-24] INFO eu.europa.esig.dss.spi.x509.TokenIssuerSelector - CERT ISSUER    : c=lu,ou=pki-test,o=nowina solutions,cn=external-ca
11:39:07.855 [pool-7-thread-24] INFO eu.europa.esig.dss.spi.x509.TokenIssuerSelector - ISSUER SUBJECT : c=lu,ou=pki-test,o=nowina solutions,cn=external-ca-alternative
11:39:07.855 [pool-7-thread-24] INFO eu.europa.esig.dss.spi.x509.TokenIssuerSelector - The issuer subject name and subject name does not match (more details in debug mode).
11:39:07.855 [pool-7-thread-24] INFO eu.europa.esig.dss.spi.x509.TokenIssuerSelector - CERT ISSUER    : c=lu,ou=pki-test,o=nowina solutions,cn=external-ca
11:39:07.855 [pool-7-thread-24] INFO eu.europa.esig.dss.spi.x509.TokenIssuerSelector - ISSUER SUBJECT : c=lu,ou=pki-test,o=nowina solutions,cn=external-ca-alternative
11:39:07.855 [pool-7-thread-24] INFO eu.europa.esig.dss.spi.x509.TokenIssuerSelector - The issuer subject name and subject name does not match (more details in debug mode).
11:39:07.855 [pool-7-thread-24] INFO eu.europa.esig.dss.spi.x509.TokenIssuerSelector - CERT ISSUER    : c=lu,ou=pki-test,o=nowina solutions,cn=external-ca
11:39:07.855 [pool-7-thread-24] INFO eu.europa.esig.dss.spi.x509.TokenIssuerSelector - ISSUER SUBJECT : c=lu,ou=pki-test,o=nowina solutions,cn=external-ca-alternative
11:39:07.855 [pool-7-thread-56] WARN eu.europa.esig.dss.spi.x509.TokenIssuerSelector - No issuer found for the token creation date. The process continues with an issuer which has the same public key.
11:39:07.857 [pool-7-thread-56] INFO eu.europa.esig.dss.spi.x509.TokenIssuerSelector - The issuer subject name and subject name does not match (more details in debug mode).
11:39:07.857 [pool-7-thread-56] INFO eu.europa.esig.dss.spi.x509.TokenIssuerSelector - CERT ISSUER    : c=lu,ou=pki-test,o=nowina solutions,cn=external-ca
11:39:07.857 [pool-7-thread-56] INFO eu.europa.esig.dss.spi.x509.TokenIssuerSelector - ISSUER SUBJECT : c=lu,ou=pki-test,o=nowina solutions,cn=external-ca-alternative
11:39:07.857 [pool-7-thread-56] INFO eu.europa.esig.dss.spi.x509.TokenIssuerSelector - The issuer subject name and subject name does not match (more details in debug mode).
11:39:07.857 [pool-7-thread-56] INFO eu.europa.esig.dss.spi.x509.TokenIssuerSelector - CERT ISSUER    : c=lu,ou=pki-test,o=nowina solutions,cn=external-ca
11:39:07.857 [pool-7-thread-56] INFO eu.europa.esig.dss.spi.x509.TokenIssuerSelector - ISSUER SUBJECT : c=lu,ou=pki-test,o=nowina solutions,cn=external-ca-alternative
11:39:07.857 [pool-7-thread-56] INFO eu.europa.esig.dss.spi.x509.TokenIssuerSelector - The issuer subject name and subject name does not match (more details in debug mode).
11:39:07.857 [pool-7-thread-56] INFO eu.europa.esig.dss.spi.x509.TokenIssuerSelector - CERT ISSUER    : c=lu,ou=pki-test,o=nowina solutions,cn=external-ca
11:39:07.857 [pool-7-thread-56] INFO eu.europa.esig.dss.spi.x509.TokenIssuerSelector - ISSUER SUBJECT : c=lu,ou=pki-test,o=nowina solutions,cn=external-ca-alternative
11:39:07.858 [pool-7-thread-59] WARN eu.europa.esig.dss.spi.x509.TokenIssuerSelector - No issuer found for the token creation date. The process continues with an issuer which has the same public key.
11:39:07.867 [pool-7-thread-17] WARN eu.europa.esig.dss.spi.x509.TokenIssuerSelector - No issuer found for the token creation date. The process continues with an issuer which has the same public key.
11:39:07.869 [pool-7-thread-17] WARN eu.europa.esig.dss.spi.x509.TokenIssuerSelector - No issuer found for the token creation date. The process continues with an issuer which has the same public key.
11:39:07.872 [pool-7-thread-17] INFO eu.europa.esig.dss.spi.x509.TokenIssuerSelector - The issuer subject name and subject name does not match (more details in debug mode).
11:39:07.872 [pool-7-thread-17] INFO eu.europa.esig.dss.spi.x509.TokenIssuerSelector - CERT ISSUER    : c=lu,ou=pki-test,o=nowina solutions,cn=external-ca
11:39:07.872 [pool-7-thread-17] INFO eu.europa.esig.dss.spi.x509.TokenIssuerSelector - ISSUER SUBJECT : c=lu,ou=pki-test,o=nowina solutions,cn=external-ca-alternative
11:39:07.873 [pool-7-thread-17] INFO eu.europa.esig.dss.spi.x509.TokenIssuerSelector - The issuer subject name and subject name does not match (more details in debug mode).
11:39:07.873 [pool-7-thread-17] INFO eu.europa.esig.dss.spi.x509.TokenIssuerSelector - CERT ISSUER    : c=lu,ou=pki-test,o=nowina solutions,cn=external-ca
11:39:07.873 [pool-7-thread-17] INFO eu.europa.esig.dss.spi.x509.TokenIssuerSelector - ISSUER SUBJECT : c=lu,ou=pki-test,o=nowina solutions,cn=external-ca-alternative
11:39:07.873 [pool-7-thread-17] INFO eu.europa.esig.dss.spi.x509.TokenIssuerSelector - The issuer subject name and subject name does not match (more details in debug mode).
11:39:07.873 [pool-7-thread-17] INFO eu.europa.esig.dss.spi.x509.TokenIssuerSelector - CERT ISSUER    : c=lu,ou=pki-test,o=nowina solutions,cn=external-ca
11:39:07.873 [pool-7-thread-17] INFO eu.europa.esig.dss.spi.x509.TokenIssuerSelector - ISSUER SUBJECT : c=lu,ou=pki-test,o=nowina solutions,cn=external-ca-alternative
11:39:07.874 [pool-7-thread-53] INFO eu.europa.esig.dss.spi.x509.TokenIssuerSelector - The issuer subject name and subject name does not match (more details in debug mode).
11:39:07.875 [pool-7-thread-53] INFO eu.europa.esig.dss.spi.x509.TokenIssuerSelector - CERT ISSUER    : c=lu,ou=pki-test,o=nowina solutions,cn=external-ca
11:39:07.875 [pool-7-thread-53] INFO eu.europa.esig.dss.spi.x509.TokenIssuerSelector - ISSUER SUBJECT : c=lu,ou=pki-test,o=nowina solutions,cn=external-ca-alternative
11:39:07.875 [pool-7-thread-53] INFO eu.europa.esig.dss.spi.x509.TokenIssuerSelector - The issuer subject name and subject name does not match (more details in debug mode).
11:39:07.875 [pool-7-thread-53] INFO eu.europa.esig.dss.spi.x509.TokenIssuerSelector - CERT ISSUER    : c=lu,ou=pki-test,o=nowina solutions,cn=external-ca
11:39:07.875 [pool-7-thread-53] INFO eu.europa.esig.dss.spi.x509.TokenIssuerSelector - ISSUER SUBJECT : c=lu,ou=pki-test,o=nowina solutions,cn=external-ca-alternative
11:39:07.875 [pool-7-thread-53] INFO eu.europa.esig.dss.spi.x509.TokenIssuerSelector - The issuer subject name and subject name does not match (more details in debug mode).
11:39:07.875 [pool-7-thread-53] INFO eu.europa.esig.dss.spi.x509.TokenIssuerSelector - CERT ISSUER    : c=lu,ou=pki-test,o=nowina solutions,cn=external-ca
11:39:07.875 [pool-7-thread-53] INFO eu.europa.esig.dss.spi.x509.TokenIssuerSelector - ISSUER SUBJECT : c=lu,ou=pki-test,o=nowina solutions,cn=external-ca-alternative
11:39:07.876 [pool-7-thread-17] WARN eu.europa.esig.dss.spi.x509.TokenIssuerSelector - No issuer found for the token creation date. The process continues with an issuer which has the same public key.
11:39:07.877 [pool-7-thread-17] WARN eu.europa.esig.dss.spi.x509.TokenIssuerSelector - No issuer found for the token creation date. The process continues with an issuer which has the same public key.
11:39:07.881 [pool-7-thread-17] INFO eu.europa.esig.dss.spi.x509.TokenIssuerSelector - The issuer subject name and subject name does not match (more details in debug mode).
11:39:07.881 [pool-7-thread-17] INFO eu.europa.esig.dss.spi.x509.TokenIssuerSelector - CERT ISSUER    : c=lu,ou=pki-test,o=nowina solutions,cn=external-ca
11:39:07.881 [pool-7-thread-17] INFO eu.europa.esig.dss.spi.x509.TokenIssuerSelector - ISSUER SUBJECT : c=lu,ou=pki-test,o=nowina solutions,cn=external-ca-alternative
11:39:07.881 [pool-7-thread-17] INFO eu.europa.esig.dss.spi.x509.TokenIssuerSelector - The issuer subject name and subject name does not match (more details in debug mode).
11:39:07.881 [pool-7-thread-17] INFO eu.europa.esig.dss.spi.x509.TokenIssuerSelector - CERT ISSUER    : c=lu,ou=pki-test,o=nowina solutions,cn=external-ca
11:39:07.881 [pool-7-thread-17] INFO eu.europa.esig.dss.spi.x509.TokenIssuerSelector - ISSUER SUBJECT : c=lu,ou=pki-test,o=nowina solutions,cn=external-ca-alternative
11:39:07.881 [pool-7-thread-17] INFO eu.europa.esig.dss.spi.x509.TokenIssuerSelector - The issuer subject name and subject name does not match (more details in debug mode).
11:39:07.881 [pool-7-thread-17] INFO eu.europa.esig.dss.spi.x509.TokenIssuerSelector - CERT ISSUER    : c=lu,ou=pki-test,o=nowina solutions,cn=external-ca
11:39:07.881 [pool-7-thread-17] INFO eu.europa.esig.dss.spi.x509.TokenIssuerSelector - ISSUER SUBJECT : c=lu,ou=pki-test,o=nowina solutions,cn=external-ca-alternative
11:39:07.881 [pool-7-thread-57] WARN eu.europa.esig.dss.spi.x509.TokenIssuerSelector - No issuer found for the token creation date. The process continues with an issuer which has the same public key.
11:39:07.882 [pool-7-thread-57] WARN eu.europa.esig.dss.spi.x509.TokenIssuerSelector - No issuer found for the token creation date. The process continues with an issuer which has the same public key.
11:39:07.882 [pool-7-thread-25] WARN eu.europa.esig.dss.spi.x509.TokenIssuerSelector - No issuer found for the token creation date. The process continues with an issuer which has the same public key.
11:39:07.886 [pool-7-thread-53] WARN eu.europa.esig.dss.spi.x509.TokenIssuerSelector - No issuer found for the token creation date. The process continues with an issuer which has the same public key.
11:39:07.887 [pool-7-thread-57] INFO eu.europa.esig.dss.spi.x509.TokenIssuerSelector - The issuer subject name and subject name does not match (more details in debug mode).
11:39:07.887 [pool-7-thread-57] INFO eu.europa.esig.dss.spi.x509.TokenIssuerSelector - CERT ISSUER    : c=lu,ou=pki-test,o=nowina solutions,cn=external-ca
11:39:07.887 [pool-7-thread-57] INFO eu.europa.esig.dss.spi.x509.TokenIssuerSelector - ISSUER SUBJECT : c=lu,ou=pki-test,o=nowina solutions,cn=external-ca-alternative
11:39:07.887 [pool-7-thread-57] INFO eu.europa.esig.dss.spi.x509.TokenIssuerSelector - The issuer subject name and subject name does not match (more details in debug mode).
11:39:07.887 [pool-7-thread-57] INFO eu.europa.esig.dss.spi.x509.TokenIssuerSelector - CERT ISSUER    : c=lu,ou=pki-test,o=nowina solutions,cn=external-ca
11:39:07.887 [pool-7-thread-57] INFO eu.europa.esig.dss.spi.x509.TokenIssuerSelector - ISSUER SUBJECT : c=lu,ou=pki-test,o=nowina solutions,cn=external-ca-alternative
11:39:07.887 [pool-7-thread-57] INFO eu.europa.esig.dss.spi.x509.TokenIssuerSelector - The issuer subject name and subject name does not match (more details in debug mode).
11:39:07.887 [pool-7-thread-57] INFO eu.europa.esig.dss.spi.x509.TokenIssuerSelector - CERT ISSUER    : c=lu,ou=pki-test,o=nowina solutions,cn=external-ca
11:39:07.887 [pool-7-thread-57] INFO eu.europa.esig.dss.spi.x509.TokenIssuerSelector - ISSUER SUBJECT : c=lu,ou=pki-test,o=nowina solutions,cn=external-ca-alternative
11:39:07.888 [pool-7-thread-59] INFO eu.europa.esig.dss.spi.x509.TokenIssuerSelector - The issuer subject name and subject name does not match (more details in debug mode).
11:39:07.888 [pool-7-thread-59] INFO eu.europa.esig.dss.spi.x509.TokenIssuerSelector - CERT ISSUER    : c=lu,ou=pki-test,o=nowina solutions,cn=external-ca
11:39:07.888 [pool-7-thread-59] INFO eu.europa.esig.dss.spi.x509.TokenIssuerSelector - ISSUER SUBJECT : c=lu,ou=pki-test,o=nowina solutions,cn=external-ca-alternative
11:39:07.888 [pool-7-thread-59] INFO eu.europa.esig.dss.spi.x509.TokenIssuerSelector - The issuer subject name and subject name does not match (more details in debug mode).
11:39:07.888 [pool-7-thread-59] INFO eu.europa.esig.dss.spi.x509.TokenIssuerSelector - CERT ISSUER    : c=lu,ou=pki-test,o=nowina solutions,cn=external-ca
11:39:07.888 [pool-7-thread-59] INFO eu.europa.esig.dss.spi.x509.TokenIssuerSelector - ISSUER SUBJECT : c=lu,ou=pki-test,o=nowina solutions,cn=external-ca-alternative
11:39:07.888 [pool-7-thread-59] INFO eu.europa.esig.dss.spi.x509.TokenIssuerSelector - The issuer subject name and subject name does not match (more details in debug mode).
11:39:07.888 [pool-7-thread-59] INFO eu.europa.esig.dss.spi.x509.TokenIssuerSelector - CERT ISSUER    : c=lu,ou=pki-test,o=nowina solutions,cn=external-ca
11:39:07.888 [pool-7-thread-59] INFO eu.europa.esig.dss.spi.x509.TokenIssuerSelector - ISSUER SUBJECT : c=lu,ou=pki-test,o=nowina solutions,cn=external-ca-alternative
11:39:07.888 [pool-7-thread-24] WARN eu.europa.esig.dss.spi.x509.TokenIssuerSelector - No issuer found for the token creation date. The process continues with an issuer which has the same public key.
11:39:07.889 [pool-7-thread-57] WARN eu.europa.esig.dss.spi.x509.TokenIssuerSelector - No issuer found for the token creation date. The process continues with an issuer which has the same public key.
11:39:07.890 [pool-7-thread-57] WARN eu.europa.esig.dss.spi.x509.TokenIssuerSelector - No issuer found for the token creation date. The process continues with an issuer which has the same public key.
11:39:07.892 [pool-7-thread-59] WARN eu.europa.esig.dss.spi.x509.TokenIssuerSelector - No issuer found for the token creation date. The process continues with an issuer which has the same public key.
11:39:07.892 [pool-7-thread-58] WARN eu.europa.esig.dss.spi.x509.TokenIssuerSelector - No issuer found for the token creation date. The process continues with an issuer which has the same public key.
11:39:07.893 [pool-7-thread-47] WARN eu.europa.esig.dss.spi.x509.TokenIssuerSelector - No issuer found for the token creation date. The process continues with an issuer which has the same public key.
11:39:07.896 [pool-7-thread-47] INFO eu.europa.esig.dss.spi.x509.TokenIssuerSelector - The issuer subject name and subject name does not match (more details in debug mode).
11:39:07.897 [pool-7-thread-47] INFO eu.europa.esig.dss.spi.x509.TokenIssuerSelector - CERT ISSUER    : c=lu,ou=pki-test,o=nowina solutions,cn=external-ca
11:39:07.897 [pool-7-thread-47] INFO eu.europa.esig.dss.spi.x509.TokenIssuerSelector - ISSUER SUBJECT : c=lu,ou=pki-test,o=nowina solutions,cn=external-ca-alternative
11:39:07.897 [pool-7-thread-47] INFO eu.europa.esig.dss.spi.x509.TokenIssuerSelector - The issuer subject name and subject name does not match (more details in debug mode).
11:39:07.897 [pool-7-thread-47] INFO eu.europa.esig.dss.spi.x509.TokenIssuerSelector - CERT ISSUER    : c=lu,ou=pki-test,o=nowina solutions,cn=external-ca
11:39:07.897 [pool-7-thread-47] INFO eu.europa.esig.dss.spi.x509.TokenIssuerSelector - ISSUER SUBJECT : c=lu,ou=pki-test,o=nowina solutions,cn=external-ca-alternative
11:39:07.897 [pool-7-thread-48] INFO eu.europa.esig.dss.spi.x509.TokenIssuerSelector - The issuer subject name and subject name does not match (more details in debug mode).
11:39:07.897 [pool-7-thread-48] INFO eu.europa.esig.dss.spi.x509.TokenIssuerSelector - CERT ISSUER    : c=lu,ou=pki-test,o=nowina solutions,cn=external-ca
11:39:07.897 [pool-7-thread-48] INFO eu.europa.esig.dss.spi.x509.TokenIssuerSelector - ISSUER SUBJECT : c=lu,ou=pki-test,o=nowina solutions,cn=external-ca-alternative
11:39:07.897 [pool-7-thread-47] INFO eu.europa.esig.dss.spi.x509.TokenIssuerSelector - The issuer subject name and subject name does not match (more details in debug mode).
11:39:07.897 [pool-7-thread-47] INFO eu.europa.esig.dss.spi.x509.TokenIssuerSelector - CERT ISSUER    : c=lu,ou=pki-test,o=nowina solutions,cn=external-ca
11:39:07.897 [pool-7-thread-47] INFO eu.europa.esig.dss.spi.x509.TokenIssuerSelector - ISSUER SUBJECT : c=lu,ou=pki-test,o=nowina solutions,cn=external-ca-alternative
11:39:07.897 [pool-7-thread-48] INFO eu.europa.esig.dss.spi.x509.TokenIssuerSelector - The issuer subject name and subject name does not match (more details in debug mode).
11:39:07.897 [pool-7-thread-48] INFO eu.europa.esig.dss.spi.x509.TokenIssuerSelector - CERT ISSUER    : c=lu,ou=pki-test,o=nowina solutions,cn=external-ca
11:39:07.897 [pool-7-thread-48] INFO eu.europa.esig.dss.spi.x509.TokenIssuerSelector - ISSUER SUBJECT : c=lu,ou=pki-test,o=nowina solutions,cn=external-ca-alternative
11:39:07.897 [pool-7-thread-48] INFO eu.europa.esig.dss.spi.x509.TokenIssuerSelector - The issuer subject name and subject name does not match (more details in debug mode).
11:39:07.897 [pool-7-thread-48] INFO eu.europa.esig.dss.spi.x509.TokenIssuerSelector - CERT ISSUER    : c=lu,ou=pki-test,o=nowina solutions,cn=external-ca
11:39:07.897 [pool-7-thread-48] INFO eu.europa.esig.dss.spi.x509.TokenIssuerSelector - ISSUER SUBJECT : c=lu,ou=pki-test,o=nowina solutions,cn=external-ca-alternative
11:39:07.899 [pool-7-thread-51] WARN eu.europa.esig.dss.spi.x509.TokenIssuerSelector - No issuer found for the token creation date. The process continues with an issuer which has the same public key.
11:39:07.901 [pool-7-thread-51] INFO eu.europa.esig.dss.spi.x509.TokenIssuerSelector - The issuer subject name and subject name does not match (more details in debug mode).
11:39:07.901 [pool-7-thread-51] INFO eu.europa.esig.dss.spi.x509.TokenIssuerSelector - CERT ISSUER    : c=lu,ou=pki-test,o=nowina solutions,cn=external-ca
11:39:07.901 [pool-7-thread-51] INFO eu.europa.esig.dss.spi.x509.TokenIssuerSelector - ISSUER SUBJECT : c=lu,ou=pki-test,o=nowina solutions,cn=external-ca-alternative
11:39:07.901 [pool-7-thread-51] INFO eu.europa.esig.dss.spi.x509.TokenIssuerSelector - The issuer subject name and subject name does not match (more details in debug mode).
11:39:07.901 [pool-7-thread-51] INFO eu.europa.esig.dss.spi.x509.TokenIssuerSelector - CERT ISSUER    : c=lu,ou=pki-test,o=nowina solutions,cn=external-ca
11:39:07.901 [pool-7-thread-51] INFO eu.europa.esig.dss.spi.x509.TokenIssuerSelector - ISSUER SUBJECT : c=lu,ou=pki-test,o=nowina solutions,cn=external-ca-alternative
11:39:07.901 [pool-7-thread-51] INFO eu.europa.esig.dss.spi.x509.TokenIssuerSelector - The issuer subject name and subject name does not match (more details in debug mode).
11:39:07.901 [pool-7-thread-51] INFO eu.europa.esig.dss.spi.x509.TokenIssuerSelector - CERT ISSUER    : c=lu,ou=pki-test,o=nowina solutions,cn=external-ca
11:39:07.901 [pool-7-thread-51] INFO eu.europa.esig.dss.spi.x509.TokenIssuerSelector - ISSUER SUBJECT : c=lu,ou=pki-test,o=nowina solutions,cn=external-ca-alternative
11:39:07.904 [pool-7-thread-27] WARN eu.europa.esig.dss.spi.x509.TokenIssuerSelector - No issuer found for the token creation date. The process continues with an issuer which has the same public key.
11:39:07.904 [pool-7-thread-15] WARN eu.europa.esig.dss.spi.x509.TokenIssuerSelector - No issuer found for the token creation date. The process continues with an issuer which has the same public key.
11:39:07.906 [pool-7-thread-12] INFO eu.europa.esig.dss.spi.x509.TokenIssuerSelector - The issuer subject name and subject name does not match (more details in debug mode).
11:39:07.906 [pool-7-thread-12] INFO eu.europa.esig.dss.spi.x509.TokenIssuerSelector - CERT ISSUER    : c=lu,ou=pki-test,o=nowina solutions,cn=external-ca
11:39:07.906 [pool-7-thread-12] INFO eu.europa.esig.dss.spi.x509.TokenIssuerSelector - ISSUER SUBJECT : c=lu,ou=pki-test,o=nowina solutions,cn=external-ca-alternative
11:39:07.906 [pool-7-thread-12] INFO eu.europa.esig.dss.spi.x509.TokenIssuerSelector - The issuer subject name and subject name does not match (more details in debug mode).
11:39:07.906 [pool-7-thread-12] INFO eu.europa.esig.dss.spi.x509.TokenIssuerSelector - CERT ISSUER    : c=lu,ou=pki-test,o=nowina solutions,cn=external-ca
11:39:07.906 [pool-7-thread-12] INFO eu.europa.esig.dss.spi.x509.TokenIssuerSelector - ISSUER SUBJECT : c=lu,ou=pki-test,o=nowina solutions,cn=external-ca-alternative
11:39:07.906 [pool-7-thread-12] INFO eu.europa.esig.dss.spi.x509.TokenIssuerSelector - The issuer subject name and subject name does not match (more details in debug mode).
11:39:07.906 [pool-7-thread-12] INFO eu.europa.esig.dss.spi.x509.TokenIssuerSelector - CERT ISSUER    : c=lu,ou=pki-test,o=nowina solutions,cn=external-ca
11:39:07.906 [pool-7-thread-12] INFO eu.europa.esig.dss.spi.x509.TokenIssuerSelector - ISSUER SUBJECT : c=lu,ou=pki-test,o=nowina solutions,cn=external-ca-alternative
11:39:07.906 [pool-7-thread-8] WARN eu.europa.esig.dss.spi.x509.TokenIssuerSelector - No issuer found for the token creation date. The process continues with an issuer which has the same public key.
11:39:07.907 [pool-7-thread-8] WARN eu.europa.esig.dss.spi.x509.TokenIssuerSelector - No issuer found for the token creation date. The process continues with an issuer which has the same public key.
11:39:07.908 [pool-7-thread-49] WARN eu.europa.esig.dss.spi.x509.TokenIssuerSelector - No issuer found for the token creation date. The process continues with an issuer which has the same public key.
11:39:07.908 [pool-7-thread-49] WARN eu.europa.esig.dss.spi.x509.TokenIssuerSelector - No issuer found for the token creation date. The process continues with an issuer which has the same public key.
11:39:07.912 [pool-7-thread-23] INFO eu.europa.esig.dss.spi.x509.TokenIssuerSelector - The issuer subject name and subject name does not match (more details in debug mode).
11:39:07.912 [pool-7-thread-7] WARN eu.europa.esig.dss.spi.x509.TokenIssuerSelector - No issuer found for the token creation date. The process continues with an issuer which has the same public key.
11:39:07.912 [pool-7-thread-23] INFO eu.europa.esig.dss.spi.x509.TokenIssuerSelector - CERT ISSUER    : c=lu,ou=pki-test,o=nowina solutions,cn=external-ca
11:39:07.912 [pool-7-thread-23] INFO eu.europa.esig.dss.spi.x509.TokenIssuerSelector - ISSUER SUBJECT : c=lu,ou=pki-test,o=nowina solutions,cn=external-ca-alternative
11:39:07.912 [pool-7-thread-23] INFO eu.europa.esig.dss.spi.x509.TokenIssuerSelector - The issuer subject name and subject name does not match (more details in debug mode).
11:39:07.912 [pool-7-thread-23] INFO eu.europa.esig.dss.spi.x509.TokenIssuerSelector - CERT ISSUER    : c=lu,ou=pki-test,o=nowina solutions,cn=external-ca
11:39:07.912 [pool-7-thread-23] INFO eu.europa.esig.dss.spi.x509.TokenIssuerSelector - ISSUER SUBJECT : c=lu,ou=pki-test,o=nowina solutions,cn=external-ca-alternative
11:39:07.912 [pool-7-thread-23] INFO eu.europa.esig.dss.spi.x509.TokenIssuerSelector - The issuer subject name and subject name does not match (more details in debug mode).
11:39:07.912 [pool-7-thread-23] INFO eu.europa.esig.dss.spi.x509.TokenIssuerSelector - CERT ISSUER    : c=lu,ou=pki-test,o=nowina solutions,cn=external-ca
11:39:07.912 [pool-7-thread-23] INFO eu.europa.esig.dss.spi.x509.TokenIssuerSelector - ISSUER SUBJECT : c=lu,ou=pki-test,o=nowina solutions,cn=external-ca-alternative
11:39:07.918 [pool-7-thread-7] INFO eu.europa.esig.dss.spi.x509.TokenIssuerSelector - The issuer subject name and subject name does not match (more details in debug mode).
11:39:07.918 [pool-7-thread-7] INFO eu.europa.esig.dss.spi.x509.TokenIssuerSelector - CERT ISSUER    : c=lu,ou=pki-test,o=nowina solutions,cn=external-ca
11:39:07.918 [pool-7-thread-7] INFO eu.europa.esig.dss.spi.x509.TokenIssuerSelector - ISSUER SUBJECT : c=lu,ou=pki-test,o=nowina solutions,cn=external-ca-alternative
11:39:07.918 [pool-7-thread-7] INFO eu.europa.esig.dss.spi.x509.TokenIssuerSelector - The issuer subject name and subject name does not match (more details in debug mode).
11:39:07.918 [pool-7-thread-7] INFO eu.europa.esig.dss.spi.x509.TokenIssuerSelector - CERT ISSUER    : c=lu,ou=pki-test,o=nowina solutions,cn=external-ca
11:39:07.918 [pool-7-thread-7] INFO eu.europa.esig.dss.spi.x509.TokenIssuerSelector - ISSUER SUBJECT : c=lu,ou=pki-test,o=nowina solutions,cn=external-ca-alternative
11:39:07.918 [pool-7-thread-7] INFO eu.europa.esig.dss.spi.x509.TokenIssuerSelector - The issuer subject name and subject name does not match (more details in debug mode).
11:39:07.918 [pool-7-thread-7] INFO eu.europa.esig.dss.spi.x509.TokenIssuerSelector - CERT ISSUER    : c=lu,ou=pki-test,o=nowina solutions,cn=external-ca
11:39:07.918 [pool-7-thread-7] INFO eu.europa.esig.dss.spi.x509.TokenIssuerSelector - ISSUER SUBJECT : c=lu,ou=pki-test,o=nowina solutions,cn=external-ca-alternative
11:39:07.922 [pool-7-thread-52] INFO eu.europa.esig.dss.spi.x509.TokenIssuerSelector - The issuer subject name and subject name does not match (more details in debug mode).
11:39:07.922 [pool-7-thread-52] INFO eu.europa.esig.dss.spi.x509.TokenIssuerSelector - CERT ISSUER    : c=lu,ou=pki-test,o=nowina solutions,cn=external-ca
11:39:07.922 [pool-7-thread-52] INFO eu.europa.esig.dss.spi.x509.TokenIssuerSelector - ISSUER SUBJECT : c=lu,ou=pki-test,o=nowina solutions,cn=external-ca-alternative
11:39:07.922 [pool-7-thread-52] INFO eu.europa.esig.dss.spi.x509.TokenIssuerSelector - The issuer subject name and subject name does not match (more details in debug mode).
11:39:07.922 [pool-7-thread-52] INFO eu.europa.esig.dss.spi.x509.TokenIssuerSelector - CERT ISSUER    : c=lu,ou=pki-test,o=nowina solutions,cn=external-ca
11:39:07.922 [pool-7-thread-52] INFO eu.europa.esig.dss.spi.x509.TokenIssuerSelector - ISSUER SUBJECT : c=lu,ou=pki-test,o=nowina solutions,cn=external-ca-alternative
11:39:07.922 [pool-7-thread-52] INFO eu.europa.esig.dss.spi.x509.TokenIssuerSelector - The issuer subject name and subject name does not match (more details in debug mode).
11:39:07.922 [pool-7-thread-52] INFO eu.europa.esig.dss.spi.x509.TokenIssuerSelector - CERT ISSUER    : c=lu,ou=pki-test,o=nowina solutions,cn=external-ca
11:39:07.922 [pool-7-thread-52] INFO eu.europa.esig.dss.spi.x509.TokenIssuerSelector - ISSUER SUBJECT : c=lu,ou=pki-test,o=nowina solutions,cn=external-ca-alternative
11:39:07.925 [pool-7-thread-52] WARN eu.europa.esig.dss.spi.x509.TokenIssuerSelector - No issuer found for the token creation date. The process continues with an issuer which has the same public key.
11:39:07.926 [pool-7-thread-52] WARN eu.europa.esig.dss.spi.x509.TokenIssuerSelector - No issuer found for the token creation date. The process continues with an issuer which has the same public key.
11:39:07.930 [pool-7-thread-52] INFO eu.europa.esig.dss.spi.x509.TokenIssuerSelector - The issuer subject name and subject name does not match (more details in debug mode).
11:39:07.930 [pool-7-thread-52] INFO eu.europa.esig.dss.spi.x509.TokenIssuerSelector - CERT ISSUER    : c=lu,ou=pki-test,o=nowina solutions,cn=external-ca
11:39:07.930 [pool-7-thread-52] INFO eu.europa.esig.dss.spi.x509.TokenIssuerSelector - ISSUER SUBJECT : c=lu,ou=pki-test,o=nowina solutions,cn=external-ca-alternative
11:39:07.930 [pool-7-thread-52] INFO eu.europa.esig.dss.spi.x509.TokenIssuerSelector - The issuer subject name and subject name does not match (more details in debug mode).
11:39:07.930 [pool-7-thread-52] INFO eu.europa.esig.dss.spi.x509.TokenIssuerSelector - CERT ISSUER    : c=lu,ou=pki-test,o=nowina solutions,cn=external-ca
11:39:07.930 [pool-7-thread-52] INFO eu.europa.esig.dss.spi.x509.TokenIssuerSelector - ISSUER SUBJECT : c=lu,ou=pki-test,o=nowina solutions,cn=external-ca-alternative
11:39:07.931 [pool-7-thread-52] INFO eu.europa.esig.dss.spi.x509.TokenIssuerSelector - The issuer subject name and subject name does not match (more details in debug mode).
11:39:07.931 [pool-7-thread-52] INFO eu.europa.esig.dss.spi.x509.TokenIssuerSelector - CERT ISSUER    : c=lu,ou=pki-test,o=nowina solutions,cn=external-ca
11:39:07.931 [pool-7-thread-52] INFO eu.europa.esig.dss.spi.x509.TokenIssuerSelector - ISSUER SUBJECT : c=lu,ou=pki-test,o=nowina solutions,cn=external-ca-alternative
11:39:07.934 [pool-7-thread-52] WARN eu.europa.esig.dss.spi.x509.TokenIssuerSelector - No issuer found for the token creation date. The process continues with an issuer which has the same public key.
11:39:07.935 [pool-7-thread-52] WARN eu.europa.esig.dss.spi.x509.TokenIssuerSelector - No issuer found for the token creation date. The process continues with an issuer which has the same public key.
11:39:07.937 [pool-7-thread-52] INFO eu.europa.esig.dss.spi.x509.TokenIssuerSelector - The issuer subject name and subject name does not match (more details in debug mode).
11:39:07.937 [pool-7-thread-52] INFO eu.europa.esig.dss.spi.x509.TokenIssuerSelector - CERT ISSUER    : c=lu,ou=pki-test,o=nowina solutions,cn=external-ca
11:39:07.937 [pool-7-thread-52] INFO eu.europa.esig.dss.spi.x509.TokenIssuerSelector - ISSUER SUBJECT : c=lu,ou=pki-test,o=nowina solutions,cn=external-ca-alternative
11:39:07.938 [pool-7-thread-52] INFO eu.europa.esig.dss.spi.x509.TokenIssuerSelector - The issuer subject name and subject name does not match (more details in debug mode).
11:39:07.938 [pool-7-thread-52] INFO eu.europa.esig.dss.spi.x509.TokenIssuerSelector - CERT ISSUER    : c=lu,ou=pki-test,o=nowina solutions,cn=external-ca
11:39:07.938 [pool-7-thread-52] INFO eu.europa.esig.dss.spi.x509.TokenIssuerSelector - ISSUER SUBJECT : c=lu,ou=pki-test,o=nowina solutions,cn=external-ca-alternative
11:39:07.938 [pool-7-thread-52] INFO eu.europa.esig.dss.spi.x509.TokenIssuerSelector - The issuer subject name and subject name does not match (more details in debug mode).
11:39:07.938 [pool-7-thread-52] INFO eu.europa.esig.dss.spi.x509.TokenIssuerSelector - CERT ISSUER    : c=lu,ou=pki-test,o=nowina solutions,cn=external-ca
11:39:07.938 [pool-7-thread-52] INFO eu.europa.esig.dss.spi.x509.TokenIssuerSelector - ISSUER SUBJECT : c=lu,ou=pki-test,o=nowina solutions,cn=external-ca-alternative
11:39:07.941 [pool-7-thread-50] WARN eu.europa.esig.dss.spi.x509.TokenIssuerSelector - No issuer found for the token creation date. The process continues with an issuer which has the same public key.
11:39:07.945 [pool-7-thread-60] WARN eu.europa.esig.dss.spi.x509.TokenIssuerSelector - No issuer found for the token creation date. The process continues with an issuer which has the same public key.
11:39:07.945 [pool-7-thread-54] INFO eu.europa.esig.dss.spi.x509.TokenIssuerSelector - The issuer subject name and subject name does not match (more details in debug mode).
11:39:07.945 [pool-7-thread-54] INFO eu.europa.esig.dss.spi.x509.TokenIssuerSelector - CERT ISSUER    : c=lu,ou=pki-test,o=nowina solutions,cn=external-ca
11:39:07.945 [pool-7-thread-54] INFO eu.europa.esig.dss.spi.x509.TokenIssuerSelector - ISSUER SUBJECT : c=lu,ou=pki-test,o=nowina solutions,cn=external-ca-alternative
11:39:07.946 [pool-7-thread-54] INFO eu.europa.esig.dss.spi.x509.TokenIssuerSelector - The issuer subject name and subject name does not match (more details in debug mode).
11:39:07.946 [pool-7-thread-54] INFO eu.europa.esig.dss.spi.x509.TokenIssuerSelector - CERT ISSUER    : c=lu,ou=pki-test,o=nowina solutions,cn=external-ca
11:39:07.946 [pool-7-thread-54] INFO eu.europa.esig.dss.spi.x509.TokenIssuerSelector - ISSUER SUBJECT : c=lu,ou=pki-test,o=nowina solutions,cn=external-ca-alternative
11:39:07.946 [pool-7-thread-54] INFO eu.europa.esig.dss.spi.x509.TokenIssuerSelector - The issuer subject name and subject name does not match (more details in debug mode).
11:39:07.946 [pool-7-thread-54] INFO eu.europa.esig.dss.spi.x509.TokenIssuerSelector - CERT ISSUER    : c=lu,ou=pki-test,o=nowina solutions,cn=external-ca
11:39:07.946 [pool-7-thread-60] WARN eu.europa.esig.dss.spi.x509.TokenIssuerSelector - No issuer found for the token creation date. The process continues with an issuer which has the same public key.
11:39:07.946 [pool-7-thread-54] INFO eu.europa.esig.dss.spi.x509.TokenIssuerSelector - ISSUER SUBJECT : c=lu,ou=pki-test,o=nowina solutions,cn=external-ca-alternative
11:39:07.948 [pool-7-thread-60] INFO eu.europa.esig.dss.spi.x509.TokenIssuerSelector - The issuer subject name and subject name does not match (more details in debug mode).
11:39:07.948 [pool-7-thread-60] INFO eu.europa.esig.dss.spi.x509.TokenIssuerSelector - CERT ISSUER    : c=lu,ou=pki-test,o=nowina solutions,cn=external-ca
11:39:07.948 [pool-7-thread-60] INFO eu.europa.esig.dss.spi.x509.TokenIssuerSelector - ISSUER SUBJECT : c=lu,ou=pki-test,o=nowina solutions,cn=external-ca-alternative
11:39:07.948 [pool-7-thread-60] INFO eu.europa.esig.dss.spi.x509.TokenIssuerSelector - The issuer subject name and subject name does not match (more details in debug mode).
11:39:07.948 [pool-7-thread-60] INFO eu.europa.esig.dss.spi.x509.TokenIssuerSelector - CERT ISSUER    : c=lu,ou=pki-test,o=nowina solutions,cn=external-ca
11:39:07.948 [pool-7-thread-60] INFO eu.europa.esig.dss.spi.x509.TokenIssuerSelector - ISSUER SUBJECT : c=lu,ou=pki-test,o=nowina solutions,cn=external-ca-alternative
11:39:07.948 [pool-7-thread-60] INFO eu.europa.esig.dss.spi.x509.TokenIssuerSelector - The issuer subject name and subject name does not match (more details in debug mode).
11:39:07.949 [pool-7-thread-60] INFO eu.europa.esig.dss.spi.x509.TokenIssuerSelector - CERT ISSUER    : c=lu,ou=pki-test,o=nowina solutions,cn=external-ca
11:39:07.949 [pool-7-thread-60] INFO eu.europa.esig.dss.spi.x509.TokenIssuerSelector - ISSUER SUBJECT : c=lu,ou=pki-test,o=nowina solutions,cn=external-ca-alternative
11:39:07.949 [pool-7-thread-9] WARN eu.europa.esig.dss.spi.x509.TokenIssuerSelector - No issuer found for the token creation date. The process continues with an issuer which has the same public key.
11:39:07.951 [pool-7-thread-9] INFO eu.europa.esig.dss.spi.x509.TokenIssuerSelector - The issuer subject name and subject name does not match (more details in debug mode).
11:39:07.951 [pool-7-thread-9] INFO eu.europa.esig.dss.spi.x509.TokenIssuerSelector - CERT ISSUER    : c=lu,ou=pki-test,o=nowina solutions,cn=external-ca
11:39:07.951 [pool-7-thread-9] INFO eu.europa.esig.dss.spi.x509.TokenIssuerSelector - ISSUER SUBJECT : c=lu,ou=pki-test,o=nowina solutions,cn=external-ca-alternative
11:39:07.951 [pool-7-thread-9] INFO eu.europa.esig.dss.spi.x509.TokenIssuerSelector - The issuer subject name and subject name does not match (more details in debug mode).
11:39:07.951 [pool-7-thread-9] INFO eu.europa.esig.dss.spi.x509.TokenIssuerSelector - CERT ISSUER    : c=lu,ou=pki-test,o=nowina solutions,cn=external-ca
11:39:07.951 [pool-7-thread-9] INFO eu.europa.esig.dss.spi.x509.TokenIssuerSelector - ISSUER SUBJECT : c=lu,ou=pki-test,o=nowina solutions,cn=external-ca-alternative
11:39:07.951 [pool-7-thread-9] INFO eu.europa.esig.dss.spi.x509.TokenIssuerSelector - The issuer subject name and subject name does not match (more details in debug mode).
11:39:07.951 [pool-7-thread-9] INFO eu.europa.esig.dss.spi.x509.TokenIssuerSelector - CERT ISSUER    : c=lu,ou=pki-test,o=nowina solutions,cn=external-ca
11:39:07.951 [pool-7-thread-9] INFO eu.europa.esig.dss.spi.x509.TokenIssuerSelector - ISSUER SUBJECT : c=lu,ou=pki-test,o=nowina solutions,cn=external-ca-alternative
11:39:07.952 [pool-7-thread-37] INFO eu.europa.esig.dss.spi.x509.TokenIssuerSelector - The issuer subject name and subject name does not match (more details in debug mode).
11:39:07.952 [pool-7-thread-37] INFO eu.europa.esig.dss.spi.x509.TokenIssuerSelector - CERT ISSUER    : c=lu,ou=pki-test,o=nowina solutions,cn=external-ca
11:39:07.952 [pool-7-thread-37] INFO eu.europa.esig.dss.spi.x509.TokenIssuerSelector - ISSUER SUBJECT : c=lu,ou=pki-test,o=nowina solutions,cn=external-ca-alternative
11:39:07.953 [pool-7-thread-37] INFO eu.europa.esig.dss.spi.x509.TokenIssuerSelector - The issuer subject name and subject name does not match (more details in debug mode).
11:39:07.953 [pool-7-thread-37] INFO eu.europa.esig.dss.spi.x509.TokenIssuerSelector - CERT ISSUER    : c=lu,ou=pki-test,o=nowina solutions,cn=external-ca
11:39:07.953 [pool-7-thread-37] INFO eu.europa.esig.dss.spi.x509.TokenIssuerSelector - ISSUER SUBJECT : c=lu,ou=pki-test,o=nowina solutions,cn=external-ca-alternative
11:39:07.953 [pool-7-thread-37] INFO eu.europa.esig.dss.spi.x509.TokenIssuerSelector - The issuer subject name and subject name does not match (more details in debug mode).
11:39:07.953 [pool-7-thread-37] INFO eu.europa.esig.dss.spi.x509.TokenIssuerSelector - CERT ISSUER    : c=lu,ou=pki-test,o=nowina solutions,cn=external-ca
11:39:07.953 [pool-7-thread-37] INFO eu.europa.esig.dss.spi.x509.TokenIssuerSelector - ISSUER SUBJECT : c=lu,ou=pki-test,o=nowina solutions,cn=external-ca-alternative
11:39:07.954 [pool-7-thread-9] WARN eu.europa.esig.dss.spi.x509.TokenIssuerSelector - No issuer found for the token creation date. The process continues with an issuer which has the same public key.
11:39:07.955 [pool-7-thread-9] WARN eu.europa.esig.dss.spi.x509.TokenIssuerSelector - No issuer found for the token creation date. The process continues with an issuer which has the same public key.
11:39:07.957 [pool-7-thread-9] INFO eu.europa.esig.dss.spi.x509.TokenIssuerSelector - The issuer subject name and subject name does not match (more details in debug mode).
11:39:07.957 [pool-7-thread-9] INFO eu.europa.esig.dss.spi.x509.TokenIssuerSelector - CERT ISSUER    : c=lu,ou=pki-test,o=nowina solutions,cn=external-ca
11:39:07.957 [pool-7-thread-9] INFO eu.europa.esig.dss.spi.x509.TokenIssuerSelector - ISSUER SUBJECT : c=lu,ou=pki-test,o=nowina solutions,cn=external-ca-alternative
11:39:07.957 [pool-7-thread-9] INFO eu.europa.esig.dss.spi.x509.TokenIssuerSelector - The issuer subject name and subject name does not match (more details in debug mode).
11:39:07.957 [pool-7-thread-9] INFO eu.europa.esig.dss.spi.x509.TokenIssuerSelector - CERT ISSUER    : c=lu,ou=pki-test,o=nowina solutions,cn=external-ca
11:39:07.957 [pool-7-thread-9] INFO eu.europa.esig.dss.spi.x509.TokenIssuerSelector - ISSUER SUBJECT : c=lu,ou=pki-test,o=nowina solutions,cn=external-ca-alternative
11:39:07.957 [pool-7-thread-9] INFO eu.europa.esig.dss.spi.x509.TokenIssuerSelector - The issuer subject name and subject name does not match (more details in debug mode).
11:39:07.957 [pool-7-thread-9] INFO eu.europa.esig.dss.spi.x509.TokenIssuerSelector - CERT ISSUER    : c=lu,ou=pki-test,o=nowina solutions,cn=external-ca
11:39:07.957 [pool-7-thread-9] INFO eu.europa.esig.dss.spi.x509.TokenIssuerSelector - ISSUER SUBJECT : c=lu,ou=pki-test,o=nowina solutions,cn=external-ca-alternative
11:39:07.960 [pool-7-thread-62] INFO eu.europa.esig.dss.spi.x509.TokenIssuerSelector - The issuer subject name and subject name does not match (more details in debug mode).
11:39:07.960 [pool-7-thread-62] INFO eu.europa.esig.dss.spi.x509.TokenIssuerSelector - CERT ISSUER    : c=lu,ou=pki-test,o=nowina solutions,cn=external-ca
11:39:07.960 [pool-7-thread-62] INFO eu.europa.esig.dss.spi.x509.TokenIssuerSelector - ISSUER SUBJECT : c=lu,ou=pki-test,o=nowina solutions,cn=external-ca-alternative
11:39:07.960 [pool-7-thread-62] INFO eu.europa.esig.dss.spi.x509.TokenIssuerSelector - The issuer subject name and subject name does not match (more details in debug mode).
11:39:07.960 [pool-7-thread-62] INFO eu.europa.esig.dss.spi.x509.TokenIssuerSelector - CERT ISSUER    : c=lu,ou=pki-test,o=nowina solutions,cn=external-ca
11:39:07.960 [pool-7-thread-62] INFO eu.europa.esig.dss.spi.x509.TokenIssuerSelector - ISSUER SUBJECT : c=lu,ou=pki-test,o=nowina solutions,cn=external-ca-alternative
11:39:07.960 [pool-7-thread-62] INFO eu.europa.esig.dss.spi.x509.TokenIssuerSelector - The issuer subject name and subject name does not match (more details in debug mode).
11:39:07.960 [pool-7-thread-62] INFO eu.europa.esig.dss.spi.x509.TokenIssuerSelector - CERT ISSUER    : c=lu,ou=pki-test,o=nowina solutions,cn=external-ca
11:39:07.960 [pool-7-thread-62] INFO eu.europa.esig.dss.spi.x509.TokenIssuerSelector - ISSUER SUBJECT : c=lu,ou=pki-test,o=nowina solutions,cn=external-ca-alternative
11:39:07.961 [pool-7-thread-66] WARN eu.europa.esig.dss.spi.x509.TokenIssuerSelector - No issuer found for the token creation date. The process continues with an issuer which has the same public key.
11:39:07.964 [pool-7-thread-66] INFO eu.europa.esig.dss.spi.x509.TokenIssuerSelector - The issuer subject name and subject name does not match (more details in debug mode).
11:39:07.964 [pool-7-thread-66] INFO eu.europa.esig.dss.spi.x509.TokenIssuerSelector - CERT ISSUER    : c=lu,ou=pki-test,o=nowina solutions,cn=external-ca
11:39:07.964 [pool-7-thread-66] INFO eu.europa.esig.dss.spi.x509.TokenIssuerSelector - ISSUER SUBJECT : c=lu,ou=pki-test,o=nowina solutions,cn=external-ca-alternative
11:39:07.964 [pool-7-thread-66] INFO eu.europa.esig.dss.spi.x509.TokenIssuerSelector - The issuer subject name and subject name does not match (more details in debug mode).
11:39:07.964 [pool-7-thread-66] INFO eu.europa.esig.dss.spi.x509.TokenIssuerSelector - CERT ISSUER    : c=lu,ou=pki-test,o=nowina solutions,cn=external-ca
11:39:07.964 [pool-7-thread-66] INFO eu.europa.esig.dss.spi.x509.TokenIssuerSelector - ISSUER SUBJECT : c=lu,ou=pki-test,o=nowina solutions,cn=external-ca-alternative
11:39:07.964 [pool-7-thread-66] INFO eu.europa.esig.dss.spi.x509.TokenIssuerSelector - The issuer subject name and subject name does not match (more details in debug mode).
11:39:07.964 [pool-7-thread-66] INFO eu.europa.esig.dss.spi.x509.TokenIssuerSelector - CERT ISSUER    : c=lu,ou=pki-test,o=nowina solutions,cn=external-ca
11:39:07.964 [pool-7-thread-66] INFO eu.europa.esig.dss.spi.x509.TokenIssuerSelector - ISSUER SUBJECT : c=lu,ou=pki-test,o=nowina solutions,cn=external-ca-alternative
11:39:07.964 [pool-7-thread-2] WARN eu.europa.esig.dss.spi.x509.TokenIssuerSelector - No issuer found for the token creation date. The process continues with an issuer which has the same public key.
11:39:07.965 [pool-7-thread-2] WARN eu.europa.esig.dss.spi.x509.TokenIssuerSelector - No issuer found for the token creation date. The process continues with an issuer which has the same public key.
11:39:07.968 [pool-7-thread-2] INFO eu.europa.esig.dss.spi.x509.TokenIssuerSelector - The issuer subject name and subject name does not match (more details in debug mode).
11:39:07.968 [pool-7-thread-2] INFO eu.europa.esig.dss.spi.x509.TokenIssuerSelector - CERT ISSUER    : c=lu,ou=pki-test,o=nowina solutions,cn=external-ca
11:39:07.968 [pool-7-thread-2] INFO eu.europa.esig.dss.spi.x509.TokenIssuerSelector - ISSUER SUBJECT : c=lu,ou=pki-test,o=nowina solutions,cn=external-ca-alternative
11:39:07.968 [pool-7-thread-2] INFO eu.europa.esig.dss.spi.x509.TokenIssuerSelector - The issuer subject name and subject name does not match (more details in debug mode).
11:39:07.968 [pool-7-thread-2] INFO eu.europa.esig.dss.spi.x509.TokenIssuerSelector - CERT ISSUER    : c=lu,ou=pki-test,o=nowina solutions,cn=external-ca
11:39:07.968 [pool-7-thread-2] INFO eu.europa.esig.dss.spi.x509.TokenIssuerSelector - ISSUER SUBJECT : c=lu,ou=pki-test,o=nowina solutions,cn=external-ca-alternative
11:39:07.968 [pool-7-thread-2] INFO eu.europa.esig.dss.spi.x509.TokenIssuerSelector - The issuer subject name and subject name does not match (more details in debug mode).
11:39:07.968 [pool-7-thread-2] INFO eu.europa.esig.dss.spi.x509.TokenIssuerSelector - CERT ISSUER    : c=lu,ou=pki-test,o=nowina solutions,cn=external-ca
11:39:07.968 [pool-7-thread-2] INFO eu.europa.esig.dss.spi.x509.TokenIssuerSelector - ISSUER SUBJECT : c=lu,ou=pki-test,o=nowina solutions,cn=external-ca-alternative
11:39:07.969 [pool-7-thread-19] WARN eu.europa.esig.dss.spi.x509.TokenIssuerSelector - No issuer found for the token creation date. The process continues with an issuer which has the same public key.
11:39:07.969 [pool-7-thread-19] WARN eu.europa.esig.dss.spi.x509.TokenIssuerSelector - No issuer found for the token creation date. The process continues with an issuer which has the same public key.
11:39:07.970 [pool-7-thread-78] WARN eu.europa.esig.dss.spi.x509.TokenIssuerSelector - No issuer found for the token creation date. The process continues with an issuer which has the same public key.
11:39:07.974 [pool-7-thread-78] WARN eu.europa.esig.dss.spi.x509.TokenIssuerSelector - No issuer found for the token creation date. The process continues with an issuer which has the same public key.
11:39:07.975 [pool-7-thread-1] WARN eu.europa.esig.dss.spi.x509.TokenIssuerSelector - No issuer found for the token creation date. The process continues with an issuer which has the same public key.
11:39:07.980 [pool-7-thread-1] INFO eu.europa.esig.dss.spi.x509.TokenIssuerSelector - The issuer subject name and subject name does not match (more details in debug mode).
11:39:07.981 [pool-7-thread-1] INFO eu.europa.esig.dss.spi.x509.TokenIssuerSelector - CERT ISSUER    : c=lu,ou=pki-test,o=nowina solutions,cn=external-ca
11:39:07.981 [pool-7-thread-1] INFO eu.europa.esig.dss.spi.x509.TokenIssuerSelector - ISSUER SUBJECT : c=lu,ou=pki-test,o=nowina solutions,cn=external-ca-alternative
11:39:07.981 [pool-7-thread-1] INFO eu.europa.esig.dss.spi.x509.TokenIssuerSelector - The issuer subject name and subject name does not match (more details in debug mode).
11:39:07.981 [pool-7-thread-1] INFO eu.europa.esig.dss.spi.x509.TokenIssuerSelector - CERT ISSUER    : c=lu,ou=pki-test,o=nowina solutions,cn=external-ca
11:39:07.981 [pool-7-thread-1] INFO eu.europa.esig.dss.spi.x509.TokenIssuerSelector - ISSUER SUBJECT : c=lu,ou=pki-test,o=nowina solutions,cn=external-ca-alternative
11:39:07.981 [pool-7-thread-1] INFO eu.europa.esig.dss.spi.x509.TokenIssuerSelector - The issuer subject name and subject name does not match (more details in debug mode).
11:39:07.981 [pool-7-thread-1] INFO eu.europa.esig.dss.spi.x509.TokenIssuerSelector - CERT ISSUER    : c=lu,ou=pki-test,o=nowina solutions,cn=external-ca
11:39:07.981 [pool-7-thread-1] INFO eu.europa.esig.dss.spi.x509.TokenIssuerSelector - ISSUER SUBJECT : c=lu,ou=pki-test,o=nowina solutions,cn=external-ca-alternative
11:39:07.981 [pool-7-thread-38] WARN eu.europa.esig.dss.spi.x509.TokenIssuerSelector - No issuer found for the token creation date. The process continues with an issuer which has the same public key.
11:39:07.982 [pool-7-thread-65] WARN eu.europa.esig.dss.spi.x509.TokenIssuerSelector - No issuer found for the token creation date. The process continues with an issuer which has the same public key.
11:39:07.985 [pool-7-thread-65] WARN eu.europa.esig.dss.spi.x509.TokenIssuerSelector - No issuer found for the token creation date. The process continues with an issuer which has the same public key.
11:39:07.989 [pool-7-thread-43] WARN eu.europa.esig.dss.spi.x509.TokenIssuerSelector - No issuer found for the token creation date. The process continues with an issuer which has the same public key.
11:39:07.989 [pool-7-thread-16] INFO eu.europa.esig.dss.spi.x509.TokenIssuerSelector - The issuer subject name and subject name does not match (more details in debug mode).
11:39:07.989 [pool-7-thread-16] INFO eu.europa.esig.dss.spi.x509.TokenIssuerSelector - CERT ISSUER    : c=lu,ou=pki-test,o=nowina solutions,cn=external-ca
11:39:07.989 [pool-7-thread-16] INFO eu.europa.esig.dss.spi.x509.TokenIssuerSelector - ISSUER SUBJECT : c=lu,ou=pki-test,o=nowina solutions,cn=external-ca-alternative
11:39:07.989 [pool-7-thread-16] INFO eu.europa.esig.dss.spi.x509.TokenIssuerSelector - The issuer subject name and subject name does not match (more details in debug mode).
11:39:07.989 [pool-7-thread-16] INFO eu.europa.esig.dss.spi.x509.TokenIssuerSelector - CERT ISSUER    : c=lu,ou=pki-test,o=nowina solutions,cn=external-ca
11:39:07.989 [pool-7-thread-16] INFO eu.europa.esig.dss.spi.x509.TokenIssuerSelector - ISSUER SUBJECT : c=lu,ou=pki-test,o=nowina solutions,cn=external-ca-alternative
11:39:07.989 [pool-7-thread-16] INFO eu.europa.esig.dss.spi.x509.TokenIssuerSelector - The issuer subject name and subject name does not match (more details in debug mode).
11:39:07.989 [pool-7-thread-16] INFO eu.europa.esig.dss.spi.x509.TokenIssuerSelector - CERT ISSUER    : c=lu,ou=pki-test,o=nowina solutions,cn=external-ca
11:39:07.989 [pool-7-thread-16] INFO eu.europa.esig.dss.spi.x509.TokenIssuerSelector - ISSUER SUBJECT : c=lu,ou=pki-test,o=nowina solutions,cn=external-ca-alternative
11:39:07.991 [pool-7-thread-43] INFO eu.europa.esig.dss.spi.x509.TokenIssuerSelector - The issuer subject name and subject name does not match (more details in debug mode).
11:39:07.991 [pool-7-thread-43] INFO eu.europa.esig.dss.spi.x509.TokenIssuerSelector - CERT ISSUER    : c=lu,ou=pki-test,o=nowina solutions,cn=external-ca
11:39:07.991 [pool-7-thread-43] INFO eu.europa.esig.dss.spi.x509.TokenIssuerSelector - ISSUER SUBJECT : c=lu,ou=pki-test,o=nowina solutions,cn=external-ca-alternative
11:39:07.991 [pool-7-thread-43] INFO eu.europa.esig.dss.spi.x509.TokenIssuerSelector - The issuer subject name and subject name does not match (more details in debug mode).
11:39:07.991 [pool-7-thread-43] INFO eu.europa.esig.dss.spi.x509.TokenIssuerSelector - CERT ISSUER    : c=lu,ou=pki-test,o=nowina solutions,cn=external-ca
11:39:07.991 [pool-7-thread-43] INFO eu.europa.esig.dss.spi.x509.TokenIssuerSelector - ISSUER SUBJECT : c=lu,ou=pki-test,o=nowina solutions,cn=external-ca-alternative
11:39:07.991 [pool-7-thread-43] INFO eu.europa.esig.dss.spi.x509.TokenIssuerSelector - The issuer subject name and subject name does not match (more details in debug mode).
11:39:07.991 [pool-7-thread-43] INFO eu.europa.esig.dss.spi.x509.TokenIssuerSelector - CERT ISSUER    : c=lu,ou=pki-test,o=nowina solutions,cn=external-ca
11:39:07.991 [pool-7-thread-43] INFO eu.europa.esig.dss.spi.x509.TokenIssuerSelector - ISSUER SUBJECT : c=lu,ou=pki-test,o=nowina solutions,cn=external-ca-alternative
11:39:07.992 [pool-7-thread-69] WARN eu.europa.esig.dss.spi.x509.TokenIssuerSelector - No issuer found for the token creation date. The process continues with an issuer which has the same public key.
11:39:07.998 [pool-7-thread-69] INFO eu.europa.esig.dss.spi.x509.TokenIssuerSelector - The issuer subject name and subject name does not match (more details in debug mode).
11:39:07.998 [pool-7-thread-69] INFO eu.europa.esig.dss.spi.x509.TokenIssuerSelector - CERT ISSUER    : c=lu,ou=pki-test,o=nowina solutions,cn=external-ca
11:39:07.998 [pool-7-thread-69] INFO eu.europa.esig.dss.spi.x509.TokenIssuerSelector - ISSUER SUBJECT : c=lu,ou=pki-test,o=nowina solutions,cn=external-ca-alternative
11:39:07.998 [pool-7-thread-69] INFO eu.europa.esig.dss.spi.x509.TokenIssuerSelector - The issuer subject name and subject name does not match (more details in debug mode).
11:39:07.998 [pool-7-thread-69] INFO eu.europa.esig.dss.spi.x509.TokenIssuerSelector - CERT ISSUER    : c=lu,ou=pki-test,o=nowina solutions,cn=external-ca
11:39:07.998 [pool-7-thread-69] INFO eu.europa.esig.dss.spi.x509.TokenIssuerSelector - ISSUER SUBJECT : c=lu,ou=pki-test,o=nowina solutions,cn=external-ca-alternative
11:39:07.998 [pool-7-thread-69] INFO eu.europa.esig.dss.spi.x509.TokenIssuerSelector - The issuer subject name and subject name does not match (more details in debug mode).
11:39:07.998 [pool-7-thread-69] INFO eu.europa.esig.dss.spi.x509.TokenIssuerSelector - CERT ISSUER    : c=lu,ou=pki-test,o=nowina solutions,cn=external-ca
11:39:07.998 [pool-7-thread-69] INFO eu.europa.esig.dss.spi.x509.TokenIssuerSelector - ISSUER SUBJECT : c=lu,ou=pki-test,o=nowina solutions,cn=external-ca-alternative
11:39:07.999 [pool-7-thread-74] INFO eu.europa.esig.dss.spi.x509.TokenIssuerSelector - The issuer subject name and subject name does not match (more details in debug mode).
11:39:07.999 [pool-7-thread-74] INFO eu.europa.esig.dss.spi.x509.TokenIssuerSelector - CERT ISSUER    : c=lu,ou=pki-test,o=nowina solutions,cn=external-ca
11:39:07.999 [pool-7-thread-74] INFO eu.europa.esig.dss.spi.x509.TokenIssuerSelector - ISSUER SUBJECT : c=lu,ou=pki-test,o=nowina solutions,cn=external-ca-alternative
11:39:07.999 [pool-7-thread-74] INFO eu.europa.esig.dss.spi.x509.TokenIssuerSelector - The issuer subject name and subject name does not match (more details in debug mode).
11:39:07.999 [pool-7-thread-74] INFO eu.europa.esig.dss.spi.x509.TokenIssuerSelector - CERT ISSUER    : c=lu,ou=pki-test,o=nowina solutions,cn=external-ca
11:39:07.999 [pool-7-thread-74] INFO eu.europa.esig.dss.spi.x509.TokenIssuerSelector - ISSUER SUBJECT : c=lu,ou=pki-test,o=nowina solutions,cn=external-ca-alternative
11:39:07.999 [pool-7-thread-74] INFO eu.europa.esig.dss.spi.x509.TokenIssuerSelector - The issuer subject name and subject name does not match (more details in debug mode).
11:39:07.999 [pool-7-thread-74] INFO eu.europa.esig.dss.spi.x509.TokenIssuerSelector - CERT ISSUER    : c=lu,ou=pki-test,o=nowina solutions,cn=external-ca
11:39:07.999 [pool-7-thread-74] INFO eu.europa.esig.dss.spi.x509.TokenIssuerSelector - ISSUER SUBJECT : c=lu,ou=pki-test,o=nowina solutions,cn=external-ca-alternative
11:39:08.002 [pool-7-thread-69] WARN eu.europa.esig.dss.spi.x509.TokenIssuerSelector - No issuer found for the token creation date. The process continues with an issuer which has the same public key.
11:39:08.003 [pool-7-thread-69] WARN eu.europa.esig.dss.spi.x509.TokenIssuerSelector - No issuer found for the token creation date. The process continues with an issuer which has the same public key.
11:39:08.006 [pool-7-thread-69] INFO eu.europa.esig.dss.spi.x509.TokenIssuerSelector - The issuer subject name and subject name does not match (more details in debug mode).
11:39:08.006 [pool-7-thread-69] INFO eu.europa.esig.dss.spi.x509.TokenIssuerSelector - CERT ISSUER    : c=lu,ou=pki-test,o=nowina solutions,cn=external-ca
11:39:08.006 [pool-7-thread-69] INFO eu.europa.esig.dss.spi.x509.TokenIssuerSelector - ISSUER SUBJECT : c=lu,ou=pki-test,o=nowina solutions,cn=external-ca-alternative
11:39:08.006 [pool-7-thread-69] INFO eu.europa.esig.dss.spi.x509.TokenIssuerSelector - The issuer subject name and subject name does not match (more details in debug mode).
11:39:08.006 [pool-7-thread-69] INFO eu.europa.esig.dss.spi.x509.TokenIssuerSelector - CERT ISSUER    : c=lu,ou=pki-test,o=nowina solutions,cn=external-ca
11:39:08.006 [pool-7-thread-69] INFO eu.europa.esig.dss.spi.x509.TokenIssuerSelector - ISSUER SUBJECT : c=lu,ou=pki-test,o=nowina solutions,cn=external-ca-alternative
11:39:08.006 [pool-7-thread-69] INFO eu.europa.esig.dss.spi.x509.TokenIssuerSelector - The issuer subject name and subject name does not match (more details in debug mode).
11:39:08.006 [pool-7-thread-69] INFO eu.europa.esig.dss.spi.x509.TokenIssuerSelector - CERT ISSUER    : c=lu,ou=pki-test,o=nowina solutions,cn=external-ca
11:39:08.006 [pool-7-thread-69] INFO eu.europa.esig.dss.spi.x509.TokenIssuerSelector - ISSUER SUBJECT : c=lu,ou=pki-test,o=nowina solutions,cn=external-ca-alternative
11:39:08.007 [pool-7-thread-86] WARN eu.europa.esig.dss.spi.x509.TokenIssuerSelector - No issuer found for the token creation date. The process continues with an issuer which has the same public key.
11:39:08.008 [pool-7-thread-86] WARN eu.europa.esig.dss.spi.x509.TokenIssuerSelector - No issuer found for the token creation date. The process continues with an issuer which has the same public key.
11:39:08.014 [pool-7-thread-86] INFO eu.europa.esig.dss.spi.x509.TokenIssuerSelector - The issuer subject name and subject name does not match (more details in debug mode).
11:39:08.014 [pool-7-thread-86] INFO eu.europa.esig.dss.spi.x509.TokenIssuerSelector - CERT ISSUER    : c=lu,ou=pki-test,o=nowina solutions,cn=external-ca
11:39:08.014 [pool-7-thread-77] WARN eu.europa.esig.dss.spi.x509.TokenIssuerSelector - No issuer found for the token creation date. The process continues with an issuer which has the same public key.
11:39:08.014 [pool-7-thread-86] INFO eu.europa.esig.dss.spi.x509.TokenIssuerSelector - ISSUER SUBJECT : c=lu,ou=pki-test,o=nowina solutions,cn=external-ca-alternative
11:39:08.014 [pool-7-thread-86] INFO eu.europa.esig.dss.spi.x509.TokenIssuerSelector - The issuer subject name and subject name does not match (more details in debug mode).
11:39:08.014 [pool-7-thread-86] INFO eu.europa.esig.dss.spi.x509.TokenIssuerSelector - CERT ISSUER    : c=lu,ou=pki-test,o=nowina solutions,cn=external-ca
11:39:08.014 [pool-7-thread-86] INFO eu.europa.esig.dss.spi.x509.TokenIssuerSelector - ISSUER SUBJECT : c=lu,ou=pki-test,o=nowina solutions,cn=external-ca-alternative
11:39:08.016 [pool-7-thread-86] INFO eu.europa.esig.dss.spi.x509.TokenIssuerSelector - The issuer subject name and subject name does not match (more details in debug mode).
11:39:08.016 [pool-7-thread-86] INFO eu.europa.esig.dss.spi.x509.TokenIssuerSelector - CERT ISSUER    : c=lu,ou=pki-test,o=nowina solutions,cn=external-ca
11:39:08.016 [pool-7-thread-86] INFO eu.europa.esig.dss.spi.x509.TokenIssuerSelector - ISSUER SUBJECT : c=lu,ou=pki-test,o=nowina solutions,cn=external-ca-alternative
11:39:08.016 [pool-7-thread-41] WARN eu.europa.esig.dss.spi.x509.TokenIssuerSelector - No issuer found for the token creation date. The process continues with an issuer which has the same public key.
11:39:08.018 [pool-7-thread-41] INFO eu.europa.esig.dss.spi.x509.TokenIssuerSelector - The issuer subject name and subject name does not match (more details in debug mode).
11:39:08.019 [pool-7-thread-41] INFO eu.europa.esig.dss.spi.x509.TokenIssuerSelector - CERT ISSUER    : c=lu,ou=pki-test,o=nowina solutions,cn=external-ca
11:39:08.019 [pool-7-thread-41] INFO eu.europa.esig.dss.spi.x509.TokenIssuerSelector - ISSUER SUBJECT : c=lu,ou=pki-test,o=nowina solutions,cn=external-ca-alternative
11:39:08.019 [pool-7-thread-41] INFO eu.europa.esig.dss.spi.x509.TokenIssuerSelector - The issuer subject name and subject name does not match (more details in debug mode).
11:39:08.019 [pool-7-thread-41] INFO eu.europa.esig.dss.spi.x509.TokenIssuerSelector - CERT ISSUER    : c=lu,ou=pki-test,o=nowina solutions,cn=external-ca
11:39:08.019 [pool-7-thread-41] INFO eu.europa.esig.dss.spi.x509.TokenIssuerSelector - ISSUER SUBJECT : c=lu,ou=pki-test,o=nowina solutions,cn=external-ca-alternative
11:39:08.019 [pool-7-thread-41] INFO eu.europa.esig.dss.spi.x509.TokenIssuerSelector - The issuer subject name and subject name does not match (more details in debug mode).
11:39:08.019 [pool-7-thread-41] INFO eu.europa.esig.dss.spi.x509.TokenIssuerSelector - CERT ISSUER    : c=lu,ou=pki-test,o=nowina solutions,cn=external-ca
11:39:08.019 [pool-7-thread-41] INFO eu.europa.esig.dss.spi.x509.TokenIssuerSelector - ISSUER SUBJECT : c=lu,ou=pki-test,o=nowina solutions,cn=external-ca-alternative
11:39:08.019 [pool-7-thread-86] WARN eu.europa.esig.dss.spi.x509.TokenIssuerSelector - No issuer found for the token creation date. The process continues with an issuer which has the same public key.
11:39:08.020 [pool-7-thread-86] WARN eu.europa.esig.dss.spi.x509.TokenIssuerSelector - No issuer found for the token creation date. The process continues with an issuer which has the same public key.
11:39:08.022 [pool-7-thread-86] INFO eu.europa.esig.dss.spi.x509.TokenIssuerSelector - The issuer subject name and subject name does not match (more details in debug mode).
11:39:08.022 [pool-7-thread-86] INFO eu.europa.esig.dss.spi.x509.TokenIssuerSelector - CERT ISSUER    : c=lu,ou=pki-test,o=nowina solutions,cn=external-ca
11:39:08.022 [pool-7-thread-86] INFO eu.europa.esig.dss.spi.x509.TokenIssuerSelector - ISSUER SUBJECT : c=lu,ou=pki-test,o=nowina solutions,cn=external-ca-alternative
11:39:08.022 [pool-7-thread-86] INFO eu.europa.esig.dss.spi.x509.TokenIssuerSelector - The issuer subject name and subject name does not match (more details in debug mode).
11:39:08.022 [pool-7-thread-86] INFO eu.europa.esig.dss.spi.x509.TokenIssuerSelector - CERT ISSUER    : c=lu,ou=pki-test,o=nowina solutions,cn=external-ca
11:39:08.022 [pool-7-thread-86] INFO eu.europa.esig.dss.spi.x509.TokenIssuerSelector - ISSUER SUBJECT : c=lu,ou=pki-test,o=nowina solutions,cn=external-ca-alternative
11:39:08.022 [pool-7-thread-86] INFO eu.europa.esig.dss.spi.x509.TokenIssuerSelector - The issuer subject name and subject name does not match (more details in debug mode).
11:39:08.022 [pool-7-thread-86] INFO eu.europa.esig.dss.spi.x509.TokenIssuerSelector - CERT ISSUER    : c=lu,ou=pki-test,o=nowina solutions,cn=external-ca
11:39:08.022 [pool-7-thread-86] INFO eu.europa.esig.dss.spi.x509.TokenIssuerSelector - ISSUER SUBJECT : c=lu,ou=pki-test,o=nowina solutions,cn=external-ca-alternative
11:39:08.022 [pool-7-thread-41] WARN eu.europa.esig.dss.spi.x509.TokenIssuerSelector - No issuer found for the token creation date. The process continues with an issuer which has the same public key.
11:39:08.023 [pool-7-thread-73] WARN eu.europa.esig.dss.spi.x509.TokenIssuerSelector - No issuer found for the token creation date. The process continues with an issuer which has the same public key.
11:39:08.024 [pool-7-thread-34] WARN eu.europa.esig.dss.spi.x509.TokenIssuerSelector - No issuer found for the token creation date. The process continues with an issuer which has the same public key.
11:39:08.025 [pool-7-thread-5] WARN eu.europa.esig.dss.spi.x509.TokenIssuerSelector - No issuer found for the token creation date. The process continues with an issuer which has the same public key.
11:39:08.026 [pool-7-thread-5] INFO eu.europa.esig.dss.spi.x509.TokenIssuerSelector - The issuer subject name and subject name does not match (more details in debug mode).
11:39:08.027 [pool-7-thread-5] INFO eu.europa.esig.dss.spi.x509.TokenIssuerSelector - CERT ISSUER    : c=lu,ou=pki-test,o=nowina solutions,cn=external-ca
11:39:08.027 [pool-7-thread-5] INFO eu.europa.esig.dss.spi.x509.TokenIssuerSelector - ISSUER SUBJECT : c=lu,ou=pki-test,o=nowina solutions,cn=external-ca-alternative
11:39:08.027 [pool-7-thread-5] INFO eu.europa.esig.dss.spi.x509.TokenIssuerSelector - The issuer subject name and subject name does not match (more details in debug mode).
11:39:08.027 [pool-7-thread-5] INFO eu.europa.esig.dss.spi.x509.TokenIssuerSelector - CERT ISSUER    : c=lu,ou=pki-test,o=nowina solutions,cn=external-ca
11:39:08.027 [pool-7-thread-5] INFO eu.europa.esig.dss.spi.x509.TokenIssuerSelector - ISSUER SUBJECT : c=lu,ou=pki-test,o=nowina solutions,cn=external-ca-alternative
11:39:08.027 [pool-7-thread-5] INFO eu.europa.esig.dss.spi.x509.TokenIssuerSelector - The issuer subject name and subject name does not match (more details in debug mode).
11:39:08.027 [pool-7-thread-5] INFO eu.europa.esig.dss.spi.x509.TokenIssuerSelector - CERT ISSUER    : c=lu,ou=pki-test,o=nowina solutions,cn=external-ca
11:39:08.027 [pool-7-thread-5] INFO eu.europa.esig.dss.spi.x509.TokenIssuerSelector - ISSUER SUBJECT : c=lu,ou=pki-test,o=nowina solutions,cn=external-ca-alternative
11:39:08.034 [pool-7-thread-85] WARN eu.europa.esig.dss.spi.x509.TokenIssuerSelector - No issuer found for the token creation date. The process continues with an issuer which has the same public key.
11:39:08.035 [pool-7-thread-32] WARN eu.europa.esig.dss.spi.x509.TokenIssuerSelector - No issuer found for the token creation date. The process continues with an issuer which has the same public key.
11:39:08.037 [pool-7-thread-32] INFO eu.europa.esig.dss.spi.x509.TokenIssuerSelector - The issuer subject name and subject name does not match (more details in debug mode).
11:39:08.037 [pool-7-thread-45] WARN eu.europa.esig.dss.spi.x509.TokenIssuerSelector - No issuer found for the token creation date. The process continues with an issuer which has the same public key.
11:39:08.037 [pool-7-thread-32] INFO eu.europa.esig.dss.spi.x509.TokenIssuerSelector - CERT ISSUER    : c=lu,ou=pki-test,o=nowina solutions,cn=external-ca
11:39:08.037 [pool-7-thread-32] INFO eu.europa.esig.dss.spi.x509.TokenIssuerSelector - ISSUER SUBJECT : c=lu,ou=pki-test,o=nowina solutions,cn=external-ca-alternative
11:39:08.038 [pool-7-thread-32] INFO eu.europa.esig.dss.spi.x509.TokenIssuerSelector - The issuer subject name and subject name does not match (more details in debug mode).
11:39:08.038 [pool-7-thread-32] INFO eu.europa.esig.dss.spi.x509.TokenIssuerSelector - CERT ISSUER    : c=lu,ou=pki-test,o=nowina solutions,cn=external-ca
11:39:08.038 [pool-7-thread-32] INFO eu.europa.esig.dss.spi.x509.TokenIssuerSelector - ISSUER SUBJECT : c=lu,ou=pki-test,o=nowina solutions,cn=external-ca-alternative
11:39:08.038 [pool-7-thread-32] INFO eu.europa.esig.dss.spi.x509.TokenIssuerSelector - The issuer subject name and subject name does not match (more details in debug mode).
11:39:08.038 [pool-7-thread-32] INFO eu.europa.esig.dss.spi.x509.TokenIssuerSelector - CERT ISSUER    : c=lu,ou=pki-test,o=nowina solutions,cn=external-ca
11:39:08.038 [pool-7-thread-32] INFO eu.europa.esig.dss.spi.x509.TokenIssuerSelector - ISSUER SUBJECT : c=lu,ou=pki-test,o=nowina solutions,cn=external-ca-alternative
11:39:08.039 [pool-7-thread-84] WARN eu.europa.esig.dss.spi.x509.TokenIssuerSelector - No issuer found for the token creation date. The process continues with an issuer which has the same public key.
11:39:08.040 [pool-7-thread-45] INFO eu.europa.esig.dss.spi.x509.TokenIssuerSelector - The issuer subject name and subject name does not match (more details in debug mode).
11:39:08.040 [pool-7-thread-45] INFO eu.europa.esig.dss.spi.x509.TokenIssuerSelector - CERT ISSUER    : c=lu,ou=pki-test,o=nowina solutions,cn=external-ca
11:39:08.040 [pool-7-thread-45] INFO eu.europa.esig.dss.spi.x509.TokenIssuerSelector - ISSUER SUBJECT : c=lu,ou=pki-test,o=nowina solutions,cn=external-ca-alternative
11:39:08.040 [pool-7-thread-45] INFO eu.europa.esig.dss.spi.x509.TokenIssuerSelector - The issuer subject name and subject name does not match (more details in debug mode).
11:39:08.040 [pool-7-thread-45] INFO eu.europa.esig.dss.spi.x509.TokenIssuerSelector - CERT ISSUER    : c=lu,ou=pki-test,o=nowina solutions,cn=external-ca
11:39:08.040 [pool-7-thread-45] INFO eu.europa.esig.dss.spi.x509.TokenIssuerSelector - ISSUER SUBJECT : c=lu,ou=pki-test,o=nowina solutions,cn=external-ca-alternative
11:39:08.040 [pool-7-thread-45] INFO eu.europa.esig.dss.spi.x509.TokenIssuerSelector - The issuer subject name and subject name does not match (more details in debug mode).
11:39:08.040 [pool-7-thread-45] INFO eu.europa.esig.dss.spi.x509.TokenIssuerSelector - CERT ISSUER    : c=lu,ou=pki-test,o=nowina solutions,cn=external-ca
11:39:08.040 [pool-7-thread-45] INFO eu.europa.esig.dss.spi.x509.TokenIssuerSelector - ISSUER SUBJECT : c=lu,ou=pki-test,o=nowina solutions,cn=external-ca-alternative
11:39:08.042 [pool-7-thread-84] INFO eu.europa.esig.dss.spi.x509.TokenIssuerSelector - The issuer subject name and subject name does not match (more details in debug mode).
11:39:08.042 [pool-7-thread-84] INFO eu.europa.esig.dss.spi.x509.TokenIssuerSelector - CERT ISSUER    : c=lu,ou=pki-test,o=nowina solutions,cn=external-ca
11:39:08.042 [pool-7-thread-84] INFO eu.europa.esig.dss.spi.x509.TokenIssuerSelector - ISSUER SUBJECT : c=lu,ou=pki-test,o=nowina solutions,cn=external-ca-alternative
11:39:08.042 [pool-7-thread-84] INFO eu.europa.esig.dss.spi.x509.TokenIssuerSelector - The issuer subject name and subject name does not match (more details in debug mode).
11:39:08.042 [pool-7-thread-80] WARN eu.europa.esig.dss.spi.x509.TokenIssuerSelector - No issuer found for the token creation date. The process continues with an issuer which has the same public key.
11:39:08.042 [pool-7-thread-84] INFO eu.europa.esig.dss.spi.x509.TokenIssuerSelector - CERT ISSUER    : c=lu,ou=pki-test,o=nowina solutions,cn=external-ca
11:39:08.042 [pool-7-thread-84] INFO eu.europa.esig.dss.spi.x509.TokenIssuerSelector - ISSUER SUBJECT : c=lu,ou=pki-test,o=nowina solutions,cn=external-ca-alternative
11:39:08.042 [pool-7-thread-84] INFO eu.europa.esig.dss.spi.x509.TokenIssuerSelector - The issuer subject name and subject name does not match (more details in debug mode).
11:39:08.042 [pool-7-thread-84] INFO eu.europa.esig.dss.spi.x509.TokenIssuerSelector - CERT ISSUER    : c=lu,ou=pki-test,o=nowina solutions,cn=external-ca
11:39:08.042 [pool-7-thread-84] INFO eu.europa.esig.dss.spi.x509.TokenIssuerSelector - ISSUER SUBJECT : c=lu,ou=pki-test,o=nowina solutions,cn=external-ca-alternative
11:39:08.045 [pool-7-thread-80] INFO eu.europa.esig.dss.spi.x509.TokenIssuerSelector - The issuer subject name and subject name does not match (more details in debug mode).
11:39:08.045 [pool-7-thread-80] INFO eu.europa.esig.dss.spi.x509.TokenIssuerSelector - CERT ISSUER    : c=lu,ou=pki-test,o=nowina solutions,cn=external-ca
11:39:08.045 [pool-7-thread-80] INFO eu.europa.esig.dss.spi.x509.TokenIssuerSelector - ISSUER SUBJECT : c=lu,ou=pki-test,o=nowina solutions,cn=external-ca-alternative
11:39:08.045 [pool-7-thread-80] INFO eu.europa.esig.dss.spi.x509.TokenIssuerSelector - The issuer subject name and subject name does not match (more details in debug mode).
11:39:08.045 [pool-7-thread-80] INFO eu.europa.esig.dss.spi.x509.TokenIssuerSelector - CERT ISSUER    : c=lu,ou=pki-test,o=nowina solutions,cn=external-ca
11:39:08.045 [pool-7-thread-80] INFO eu.europa.esig.dss.spi.x509.TokenIssuerSelector - ISSUER SUBJECT : c=lu,ou=pki-test,o=nowina solutions,cn=external-ca-alternative
11:39:08.045 [pool-7-thread-80] INFO eu.europa.esig.dss.spi.x509.TokenIssuerSelector - The issuer subject name and subject name does not match (more details in debug mode).
11:39:08.045 [pool-7-thread-80] INFO eu.europa.esig.dss.spi.x509.TokenIssuerSelector - CERT ISSUER    : c=lu,ou=pki-test,o=nowina solutions,cn=external-ca
11:39:08.045 [pool-7-thread-80] INFO eu.europa.esig.dss.spi.x509.TokenIssuerSelector - ISSUER SUBJECT : c=lu,ou=pki-test,o=nowina solutions,cn=external-ca-alternative
11:39:08.050 [pool-7-thread-89] WARN eu.europa.esig.dss.spi.x509.TokenIssuerSelector - No issuer found for the token creation date. The process continues with an issuer which has the same public key.
11:39:08.051 [pool-7-thread-80] WARN eu.europa.esig.dss.spi.x509.TokenIssuerSelector - No issuer found for the token creation date. The process continues with an issuer which has the same public key.
11:39:08.052 [pool-7-thread-90] WARN eu.europa.esig.dss.spi.x509.TokenIssuerSelector - No issuer found for the token creation date. The process continues with an issuer which has the same public key.
11:39:08.053 [pool-7-thread-98] WARN eu.europa.esig.dss.spi.x509.TokenIssuerSelector - No issuer found for the token creation date. The process continues with an issuer which has the same public key.
11:39:08.054 [pool-7-thread-98] WARN eu.europa.esig.dss.spi.x509.TokenIssuerSelector - No issuer found for the token creation date. The process continues with an issuer which has the same public key.
11:39:08.056 [pool-7-thread-18] INFO eu.europa.esig.dss.spi.x509.TokenIssuerSelector - The issuer subject name and subject name does not match (more details in debug mode).
11:39:08.056 [pool-7-thread-18] INFO eu.europa.esig.dss.spi.x509.TokenIssuerSelector - CERT ISSUER    : c=lu,ou=pki-test,o=nowina solutions,cn=external-ca
11:39:08.056 [pool-7-thread-18] INFO eu.europa.esig.dss.spi.x509.TokenIssuerSelector - ISSUER SUBJECT : c=lu,ou=pki-test,o=nowina solutions,cn=external-ca-alternative
11:39:08.056 [pool-7-thread-18] INFO eu.europa.esig.dss.spi.x509.TokenIssuerSelector - The issuer subject name and subject name does not match (more details in debug mode).
11:39:08.056 [pool-7-thread-18] INFO eu.europa.esig.dss.spi.x509.TokenIssuerSelector - CERT ISSUER    : c=lu,ou=pki-test,o=nowina solutions,cn=external-ca
11:39:08.056 [pool-7-thread-18] INFO eu.europa.esig.dss.spi.x509.TokenIssuerSelector - ISSUER SUBJECT : c=lu,ou=pki-test,o=nowina solutions,cn=external-ca-alternative
11:39:08.056 [pool-7-thread-18] INFO eu.europa.esig.dss.spi.x509.TokenIssuerSelector - The issuer subject name and subject name does not match (more details in debug mode).
11:39:08.056 [pool-7-thread-18] INFO eu.europa.esig.dss.spi.x509.TokenIssuerSelector - CERT ISSUER    : c=lu,ou=pki-test,o=nowina solutions,cn=external-ca
11:39:08.056 [pool-7-thread-18] INFO eu.europa.esig.dss.spi.x509.TokenIssuerSelector - ISSUER SUBJECT : c=lu,ou=pki-test,o=nowina solutions,cn=external-ca-alternative
11:39:08.057 [pool-7-thread-81] INFO eu.europa.esig.dss.spi.x509.TokenIssuerSelector - The issuer subject name and subject name does not match (more details in debug mode).
11:39:08.057 [pool-7-thread-81] INFO eu.europa.esig.dss.spi.x509.TokenIssuerSelector - CERT ISSUER    : c=lu,ou=pki-test,o=nowina solutions,cn=external-ca
11:39:08.057 [pool-7-thread-81] INFO eu.europa.esig.dss.spi.x509.TokenIssuerSelector - ISSUER SUBJECT : c=lu,ou=pki-test,o=nowina solutions,cn=external-ca-alternative
11:39:08.057 [pool-7-thread-81] INFO eu.europa.esig.dss.spi.x509.TokenIssuerSelector - The issuer subject name and subject name does not match (more details in debug mode).
11:39:08.057 [pool-7-thread-81] INFO eu.europa.esig.dss.spi.x509.TokenIssuerSelector - CERT ISSUER    : c=lu,ou=pki-test,o=nowina solutions,cn=external-ca
11:39:08.057 [pool-7-thread-81] INFO eu.europa.esig.dss.spi.x509.TokenIssuerSelector - ISSUER SUBJECT : c=lu,ou=pki-test,o=nowina solutions,cn=external-ca-alternative
11:39:08.057 [pool-7-thread-81] INFO eu.europa.esig.dss.spi.x509.TokenIssuerSelector - The issuer subject name and subject name does not match (more details in debug mode).
11:39:08.057 [pool-7-thread-81] INFO eu.europa.esig.dss.spi.x509.TokenIssuerSelector - CERT ISSUER    : c=lu,ou=pki-test,o=nowina solutions,cn=external-ca
11:39:08.057 [pool-7-thread-81] INFO eu.europa.esig.dss.spi.x509.TokenIssuerSelector - ISSUER SUBJECT : c=lu,ou=pki-test,o=nowina solutions,cn=external-ca-alternative
11:39:08.059 [pool-7-thread-63] WARN eu.europa.esig.dss.spi.x509.TokenIssuerSelector - No issuer found for the token creation date. The process continues with an issuer which has the same public key.
11:39:08.064 [pool-7-thread-71] INFO eu.europa.esig.dss.spi.x509.TokenIssuerSelector - The issuer subject name and subject name does not match (more details in debug mode).
11:39:08.064 [pool-7-thread-71] INFO eu.europa.esig.dss.spi.x509.TokenIssuerSelector - CERT ISSUER    : c=lu,ou=pki-test,o=nowina solutions,cn=external-ca
11:39:08.064 [pool-7-thread-71] INFO eu.europa.esig.dss.spi.x509.TokenIssuerSelector - ISSUER SUBJECT : c=lu,ou=pki-test,o=nowina solutions,cn=external-ca-alternative
11:39:08.064 [pool-7-thread-71] INFO eu.europa.esig.dss.spi.x509.TokenIssuerSelector - The issuer subject name and subject name does not match (more details in debug mode).
11:39:08.064 [pool-7-thread-71] INFO eu.europa.esig.dss.spi.x509.TokenIssuerSelector - CERT ISSUER    : c=lu,ou=pki-test,o=nowina solutions,cn=external-ca
11:39:08.064 [pool-7-thread-71] INFO eu.europa.esig.dss.spi.x509.TokenIssuerSelector - ISSUER SUBJECT : c=lu,ou=pki-test,o=nowina solutions,cn=external-ca-alternative
11:39:08.064 [pool-7-thread-71] INFO eu.europa.esig.dss.spi.x509.TokenIssuerSelector - The issuer subject name and subject name does not match (more details in debug mode).
11:39:08.064 [pool-7-thread-71] INFO eu.europa.esig.dss.spi.x509.TokenIssuerSelector - CERT ISSUER    : c=lu,ou=pki-test,o=nowina solutions,cn=external-ca
11:39:08.064 [pool-7-thread-71] INFO eu.europa.esig.dss.spi.x509.TokenIssuerSelector - ISSUER SUBJECT : c=lu,ou=pki-test,o=nowina solutions,cn=external-ca-alternative
11:39:08.066 [pool-7-thread-63] INFO eu.europa.esig.dss.spi.x509.TokenIssuerSelector - The issuer subject name and subject name does not match (more details in debug mode).
11:39:08.066 [pool-7-thread-63] INFO eu.europa.esig.dss.spi.x509.TokenIssuerSelector - CERT ISSUER    : c=lu,ou=pki-test,o=nowina solutions,cn=external-ca
11:39:08.066 [pool-7-thread-63] INFO eu.europa.esig.dss.spi.x509.TokenIssuerSelector - ISSUER SUBJECT : c=lu,ou=pki-test,o=nowina solutions,cn=external-ca-alternative
11:39:08.066 [pool-7-thread-63] INFO eu.europa.esig.dss.spi.x509.TokenIssuerSelector - The issuer subject name and subject name does not match (more details in debug mode).
11:39:08.067 [pool-7-thread-63] INFO eu.europa.esig.dss.spi.x509.TokenIssuerSelector - CERT ISSUER    : c=lu,ou=pki-test,o=nowina solutions,cn=external-ca
11:39:08.067 [pool-7-thread-63] INFO eu.europa.esig.dss.spi.x509.TokenIssuerSelector - ISSUER SUBJECT : c=lu,ou=pki-test,o=nowina solutions,cn=external-ca-alternative
11:39:08.067 [pool-7-thread-63] INFO eu.europa.esig.dss.spi.x509.TokenIssuerSelector - The issuer subject name and subject name does not match (more details in debug mode).
11:39:08.067 [pool-7-thread-63] INFO eu.europa.esig.dss.spi.x509.TokenIssuerSelector - CERT ISSUER    : c=lu,ou=pki-test,o=nowina solutions,cn=external-ca
11:39:08.067 [pool-7-thread-63] INFO eu.europa.esig.dss.spi.x509.TokenIssuerSelector - ISSUER SUBJECT : c=lu,ou=pki-test,o=nowina solutions,cn=external-ca-alternative
11:39:08.066 [pool-7-thread-67] WARN eu.europa.esig.dss.spi.x509.TokenIssuerSelector - No issuer found for the token creation date. The process continues with an issuer which has the same public key.
11:39:08.068 [pool-7-thread-68] WARN eu.europa.esig.dss.spi.x509.TokenIssuerSelector - No issuer found for the token creation date. The process continues with an issuer which has the same public key.
11:39:08.070 [pool-7-thread-72] INFO eu.europa.esig.dss.spi.x509.TokenIssuerSelector - The issuer subject name and subject name does not match (more details in debug mode).
11:39:08.070 [pool-7-thread-72] INFO eu.europa.esig.dss.spi.x509.TokenIssuerSelector - CERT ISSUER    : c=lu,ou=pki-test,o=nowina solutions,cn=external-ca
11:39:08.070 [pool-7-thread-72] INFO eu.europa.esig.dss.spi.x509.TokenIssuerSelector - ISSUER SUBJECT : c=lu,ou=pki-test,o=nowina solutions,cn=external-ca-alternative
11:39:08.070 [pool-7-thread-72] INFO eu.europa.esig.dss.spi.x509.TokenIssuerSelector - The issuer subject name and subject name does not match (more details in debug mode).
11:39:08.070 [pool-7-thread-72] INFO eu.europa.esig.dss.spi.x509.TokenIssuerSelector - CERT ISSUER    : c=lu,ou=pki-test,o=nowina solutions,cn=external-ca
11:39:08.070 [pool-7-thread-72] INFO eu.europa.esig.dss.spi.x509.TokenIssuerSelector - ISSUER SUBJECT : c=lu,ou=pki-test,o=nowina solutions,cn=external-ca-alternative
11:39:08.070 [pool-7-thread-72] INFO eu.europa.esig.dss.spi.x509.TokenIssuerSelector - The issuer subject name and subject name does not match (more details in debug mode).
11:39:08.070 [pool-7-thread-72] INFO eu.europa.esig.dss.spi.x509.TokenIssuerSelector - CERT ISSUER    : c=lu,ou=pki-test,o=nowina solutions,cn=external-ca
11:39:08.070 [pool-7-thread-72] INFO eu.europa.esig.dss.spi.x509.TokenIssuerSelector - ISSUER SUBJECT : c=lu,ou=pki-test,o=nowina solutions,cn=external-ca-alternative
11:39:08.070 [pool-7-thread-39] WARN eu.europa.esig.dss.spi.x509.TokenIssuerSelector - No issuer found for the token creation date. The process continues with an issuer which has the same public key.
11:39:08.072 [pool-7-thread-75] INFO eu.europa.esig.dss.spi.x509.TokenIssuerSelector - The issuer subject name and subject name does not match (more details in debug mode).
11:39:08.072 [pool-7-thread-44] WARN eu.europa.esig.dss.spi.x509.TokenIssuerSelector - No issuer found for the token creation date. The process continues with an issuer which has the same public key.
11:39:08.072 [pool-7-thread-75] INFO eu.europa.esig.dss.spi.x509.TokenIssuerSelector - CERT ISSUER    : c=lu,ou=pki-test,o=nowina solutions,cn=external-ca
11:39:08.072 [pool-7-thread-75] INFO eu.europa.esig.dss.spi.x509.TokenIssuerSelector - ISSUER SUBJECT : c=lu,ou=pki-test,o=nowina solutions,cn=external-ca-alternative
11:39:08.072 [pool-7-thread-75] INFO eu.europa.esig.dss.spi.x509.TokenIssuerSelector - The issuer subject name and subject name does not match (more details in debug mode).
11:39:08.072 [pool-7-thread-75] INFO eu.europa.esig.dss.spi.x509.TokenIssuerSelector - CERT ISSUER    : c=lu,ou=pki-test,o=nowina solutions,cn=external-ca
11:39:08.072 [pool-7-thread-75] INFO eu.europa.esig.dss.spi.x509.TokenIssuerSelector - ISSUER SUBJECT : c=lu,ou=pki-test,o=nowina solutions,cn=external-ca-alternative
11:39:08.072 [pool-7-thread-75] INFO eu.europa.esig.dss.spi.x509.TokenIssuerSelector - The issuer subject name and subject name does not match (more details in debug mode).
11:39:08.072 [pool-7-thread-75] INFO eu.europa.esig.dss.spi.x509.TokenIssuerSelector - CERT ISSUER    : c=lu,ou=pki-test,o=nowina solutions,cn=external-ca
11:39:08.072 [pool-7-thread-75] INFO eu.europa.esig.dss.spi.x509.TokenIssuerSelector - ISSUER SUBJECT : c=lu,ou=pki-test,o=nowina solutions,cn=external-ca-alternative
11:39:08.073 [pool-7-thread-72] WARN eu.europa.esig.dss.spi.x509.TokenIssuerSelector - No issuer found for the token creation date. The process continues with an issuer which has the same public key.
11:39:08.075 [pool-7-thread-76] INFO eu.europa.esig.dss.spi.x509.TokenIssuerSelector - The issuer subject name and subject name does not match (more details in debug mode).
11:39:08.076 [pool-7-thread-76] INFO eu.europa.esig.dss.spi.x509.TokenIssuerSelector - CERT ISSUER    : c=lu,ou=pki-test,o=nowina solutions,cn=external-ca
11:39:08.076 [pool-7-thread-76] INFO eu.europa.esig.dss.spi.x509.TokenIssuerSelector - ISSUER SUBJECT : c=lu,ou=pki-test,o=nowina solutions,cn=external-ca-alternative
11:39:08.076 [pool-7-thread-76] INFO eu.europa.esig.dss.spi.x509.TokenIssuerSelector - The issuer subject name and subject name does not match (more details in debug mode).
11:39:08.076 [pool-7-thread-76] INFO eu.europa.esig.dss.spi.x509.TokenIssuerSelector - CERT ISSUER    : c=lu,ou=pki-test,o=nowina solutions,cn=external-ca
11:39:08.076 [pool-7-thread-76] INFO eu.europa.esig.dss.spi.x509.TokenIssuerSelector - ISSUER SUBJECT : c=lu,ou=pki-test,o=nowina solutions,cn=external-ca-alternative
11:39:08.076 [pool-7-thread-76] INFO eu.europa.esig.dss.spi.x509.TokenIssuerSelector - The issuer subject name and subject name does not match (more details in debug mode).
11:39:08.076 [pool-7-thread-76] INFO eu.europa.esig.dss.spi.x509.TokenIssuerSelector - CERT ISSUER    : c=lu,ou=pki-test,o=nowina solutions,cn=external-ca
11:39:08.076 [pool-7-thread-76] INFO eu.europa.esig.dss.spi.x509.TokenIssuerSelector - ISSUER SUBJECT : c=lu,ou=pki-test,o=nowina solutions,cn=external-ca-alternative
11:39:08.078 [pool-7-thread-88] WARN eu.europa.esig.dss.spi.x509.TokenIssuerSelector - No issuer found for the token creation date. The process continues with an issuer which has the same public key.
11:39:08.079 [pool-7-thread-79] INFO eu.europa.esig.dss.spi.x509.TokenIssuerSelector - The issuer subject name and subject name does not match (more details in debug mode).
11:39:08.079 [pool-7-thread-79] INFO eu.europa.esig.dss.spi.x509.TokenIssuerSelector - CERT ISSUER    : c=lu,ou=pki-test,o=nowina solutions,cn=external-ca
11:39:08.079 [pool-7-thread-79] INFO eu.europa.esig.dss.spi.x509.TokenIssuerSelector - ISSUER SUBJECT : c=lu,ou=pki-test,o=nowina solutions,cn=external-ca-alternative
11:39:08.079 [pool-7-thread-79] INFO eu.europa.esig.dss.spi.x509.TokenIssuerSelector - The issuer subject name and subject name does not match (more details in debug mode).
11:39:08.079 [pool-7-thread-79] INFO eu.europa.esig.dss.spi.x509.TokenIssuerSelector - CERT ISSUER    : c=lu,ou=pki-test,o=nowina solutions,cn=external-ca
11:39:08.079 [pool-7-thread-79] INFO eu.europa.esig.dss.spi.x509.TokenIssuerSelector - ISSUER SUBJECT : c=lu,ou=pki-test,o=nowina solutions,cn=external-ca-alternative
11:39:08.079 [pool-7-thread-79] INFO eu.europa.esig.dss.spi.x509.TokenIssuerSelector - The issuer subject name and subject name does not match (more details in debug mode).
11:39:08.079 [pool-7-thread-79] INFO eu.europa.esig.dss.spi.x509.TokenIssuerSelector - CERT ISSUER    : c=lu,ou=pki-test,o=nowina solutions,cn=external-ca
11:39:08.079 [pool-7-thread-79] INFO eu.europa.esig.dss.spi.x509.TokenIssuerSelector - ISSUER SUBJECT : c=lu,ou=pki-test,o=nowina solutions,cn=external-ca-alternative
11:39:08.080 [pool-7-thread-96] WARN eu.europa.esig.dss.spi.x509.TokenIssuerSelector - No issuer found for the token creation date. The process continues with an issuer which has the same public key.
11:39:08.083 [pool-7-thread-82] INFO eu.europa.esig.dss.spi.x509.TokenIssuerSelector - The issuer subject name and subject name does not match (more details in debug mode).
11:39:08.083 [pool-7-thread-82] INFO eu.europa.esig.dss.spi.x509.TokenIssuerSelector - CERT ISSUER    : c=lu,ou=pki-test,o=nowina solutions,cn=external-ca
11:39:08.083 [pool-7-thread-82] INFO eu.europa.esig.dss.spi.x509.TokenIssuerSelector - ISSUER SUBJECT : c=lu,ou=pki-test,o=nowina solutions,cn=external-ca-alternative
11:39:08.083 [pool-7-thread-82] INFO eu.europa.esig.dss.spi.x509.TokenIssuerSelector - The issuer subject name and subject name does not match (more details in debug mode).
11:39:08.083 [pool-7-thread-82] INFO eu.europa.esig.dss.spi.x509.TokenIssuerSelector - CERT ISSUER    : c=lu,ou=pki-test,o=nowina solutions,cn=external-ca
11:39:08.083 [pool-7-thread-82] INFO eu.europa.esig.dss.spi.x509.TokenIssuerSelector - ISSUER SUBJECT : c=lu,ou=pki-test,o=nowina solutions,cn=external-ca-alternative
11:39:08.083 [pool-7-thread-82] INFO eu.europa.esig.dss.spi.x509.TokenIssuerSelector - The issuer subject name and subject name does not match (more details in debug mode).
11:39:08.083 [pool-7-thread-82] INFO eu.europa.esig.dss.spi.x509.TokenIssuerSelector - CERT ISSUER    : c=lu,ou=pki-test,o=nowina solutions,cn=external-ca
11:39:08.083 [pool-7-thread-82] INFO eu.europa.esig.dss.spi.x509.TokenIssuerSelector - ISSUER SUBJECT : c=lu,ou=pki-test,o=nowina solutions,cn=external-ca-alternative
11:39:08.083 [pool-7-thread-99] INFO eu.europa.esig.dss.spi.x509.TokenIssuerSelector - The issuer subject name and subject name does not match (more details in debug mode).
11:39:08.083 [pool-7-thread-99] INFO eu.europa.esig.dss.spi.x509.TokenIssuerSelector - CERT ISSUER    : c=lu,ou=pki-test,o=nowina solutions,cn=external-ca
11:39:08.083 [pool-7-thread-99] INFO eu.europa.esig.dss.spi.x509.TokenIssuerSelector - ISSUER SUBJECT : c=lu,ou=pki-test,o=nowina solutions,cn=external-ca-alternative
11:39:08.083 [pool-7-thread-99] INFO eu.europa.esig.dss.spi.x509.TokenIssuerSelector - The issuer subject name and subject name does not match (more details in debug mode).
11:39:08.083 [pool-7-thread-99] INFO eu.europa.esig.dss.spi.x509.TokenIssuerSelector - CERT ISSUER    : c=lu,ou=pki-test,o=nowina solutions,cn=external-ca
11:39:08.083 [pool-7-thread-99] INFO eu.europa.esig.dss.spi.x509.TokenIssuerSelector - ISSUER SUBJECT : c=lu,ou=pki-test,o=nowina solutions,cn=external-ca-alternative
11:39:08.083 [pool-7-thread-99] INFO eu.europa.esig.dss.spi.x509.TokenIssuerSelector - The issuer subject name and subject name does not match (more details in debug mode).
11:39:08.083 [pool-7-thread-99] INFO eu.europa.esig.dss.spi.x509.TokenIssuerSelector - CERT ISSUER    : c=lu,ou=pki-test,o=nowina solutions,cn=external-ca
11:39:08.083 [pool-7-thread-99] INFO eu.europa.esig.dss.spi.x509.TokenIssuerSelector - ISSUER SUBJECT : c=lu,ou=pki-test,o=nowina solutions,cn=external-ca-alternative
11:39:08.086 [pool-7-thread-100] INFO eu.europa.esig.dss.spi.x509.TokenIssuerSelector - The issuer subject name and subject name does not match (more details in debug mode).
11:39:08.086 [pool-7-thread-100] INFO eu.europa.esig.dss.spi.x509.TokenIssuerSelector - CERT ISSUER    : c=lu,ou=pki-test,o=nowina solutions,cn=external-ca
11:39:08.086 [pool-7-thread-100] INFO eu.europa.esig.dss.spi.x509.TokenIssuerSelector - ISSUER SUBJECT : c=lu,ou=pki-test,o=nowina solutions,cn=external-ca-alternative
11:39:08.086 [pool-7-thread-100] INFO eu.europa.esig.dss.spi.x509.TokenIssuerSelector - The issuer subject name and subject name does not match (more details in debug mode).
11:39:08.086 [pool-7-thread-100] INFO eu.europa.esig.dss.spi.x509.TokenIssuerSelector - CERT ISSUER    : c=lu,ou=pki-test,o=nowina solutions,cn=external-ca
11:39:08.086 [pool-7-thread-100] INFO eu.europa.esig.dss.spi.x509.TokenIssuerSelector - ISSUER SUBJECT : c=lu,ou=pki-test,o=nowina solutions,cn=external-ca-alternative
11:39:08.086 [pool-7-thread-100] INFO eu.europa.esig.dss.spi.x509.TokenIssuerSelector - The issuer subject name and subject name does not match (more details in debug mode).
11:39:08.086 [pool-7-thread-100] INFO eu.europa.esig.dss.spi.x509.TokenIssuerSelector - CERT ISSUER    : c=lu,ou=pki-test,o=nowina solutions,cn=external-ca
11:39:08.086 [pool-7-thread-100] INFO eu.europa.esig.dss.spi.x509.TokenIssuerSelector - ISSUER SUBJECT : c=lu,ou=pki-test,o=nowina solutions,cn=external-ca-alternative
11:39:08.087 [pool-7-thread-40] INFO eu.europa.esig.dss.spi.x509.TokenIssuerSelector - The issuer subject name and subject name does not match (more details in debug mode).
11:39:08.087 [pool-7-thread-40] INFO eu.europa.esig.dss.spi.x509.TokenIssuerSelector - CERT ISSUER    : c=lu,ou=pki-test,o=nowina solutions,cn=external-ca
11:39:08.087 [pool-7-thread-40] INFO eu.europa.esig.dss.spi.x509.TokenIssuerSelector - ISSUER SUBJECT : c=lu,ou=pki-test,o=nowina solutions,cn=external-ca-alternative
11:39:08.087 [pool-7-thread-40] INFO eu.europa.esig.dss.spi.x509.TokenIssuerSelector - The issuer subject name and subject name does not match (more details in debug mode).
11:39:08.087 [pool-7-thread-40] INFO eu.europa.esig.dss.spi.x509.TokenIssuerSelector - CERT ISSUER    : c=lu,ou=pki-test,o=nowina solutions,cn=external-ca
11:39:08.087 [pool-7-thread-40] INFO eu.europa.esig.dss.spi.x509.TokenIssuerSelector - ISSUER SUBJECT : c=lu,ou=pki-test,o=nowina solutions,cn=external-ca-alternative
11:39:08.087 [pool-7-thread-40] INFO eu.europa.esig.dss.spi.x509.TokenIssuerSelector - The issuer subject name and subject name does not match (more details in debug mode).
11:39:08.087 [pool-7-thread-40] INFO eu.europa.esig.dss.spi.x509.TokenIssuerSelector - CERT ISSUER    : c=lu,ou=pki-test,o=nowina solutions,cn=external-ca
11:39:08.087 [pool-7-thread-40] INFO eu.europa.esig.dss.spi.x509.TokenIssuerSelector - ISSUER SUBJECT : c=lu,ou=pki-test,o=nowina solutions,cn=external-ca-alternative
11:39:08.089 [pool-7-thread-36] INFO eu.europa.esig.dss.spi.x509.TokenIssuerSelector - The issuer subject name and subject name does not match (more details in debug mode).
11:39:08.089 [pool-7-thread-36] INFO eu.europa.esig.dss.spi.x509.TokenIssuerSelector - CERT ISSUER    : c=lu,ou=pki-test,o=nowina solutions,cn=external-ca
11:39:08.089 [pool-7-thread-36] INFO eu.europa.esig.dss.spi.x509.TokenIssuerSelector - ISSUER SUBJECT : c=lu,ou=pki-test,o=nowina solutions,cn=external-ca-alternative
11:39:08.089 [pool-7-thread-36] INFO eu.europa.esig.dss.spi.x509.TokenIssuerSelector - The issuer subject name and subject name does not match (more details in debug mode).
11:39:08.089 [pool-7-thread-36] INFO eu.europa.esig.dss.spi.x509.TokenIssuerSelector - CERT ISSUER    : c=lu,ou=pki-test,o=nowina solutions,cn=external-ca
11:39:08.089 [pool-7-thread-36] INFO eu.europa.esig.dss.spi.x509.TokenIssuerSelector - ISSUER SUBJECT : c=lu,ou=pki-test,o=nowina solutions,cn=external-ca-alternative
11:39:08.089 [pool-7-thread-36] INFO eu.europa.esig.dss.spi.x509.TokenIssuerSelector - The issuer subject name and subject name does not match (more details in debug mode).
11:39:08.089 [pool-7-thread-36] INFO eu.europa.esig.dss.spi.x509.TokenIssuerSelector - CERT ISSUER    : c=lu,ou=pki-test,o=nowina solutions,cn=external-ca
11:39:08.089 [pool-7-thread-36] INFO eu.europa.esig.dss.spi.x509.TokenIssuerSelector - ISSUER SUBJECT : c=lu,ou=pki-test,o=nowina solutions,cn=external-ca-alternative
11:39:08.089 [pool-7-thread-93] WARN eu.europa.esig.dss.spi.x509.TokenIssuerSelector - No issuer found for the token creation date. The process continues with an issuer which has the same public key.
11:39:08.090 [pool-7-thread-46] WARN eu.europa.esig.dss.spi.x509.TokenIssuerSelector - No issuer found for the token creation date. The process continues with an issuer which has the same public key.
11:39:08.092 [pool-7-thread-26] WARN eu.europa.esig.dss.spi.x509.TokenIssuerSelector - No issuer found for the token creation date. The process continues with an issuer which has the same public key.
11:39:08.092 [pool-7-thread-46] INFO eu.europa.esig.dss.spi.x509.TokenIssuerSelector - The issuer subject name and subject name does not match (more details in debug mode).
11:39:08.092 [pool-7-thread-46] INFO eu.europa.esig.dss.spi.x509.TokenIssuerSelector - CERT ISSUER    : c=lu,ou=pki-test,o=nowina solutions,cn=external-ca
11:39:08.092 [pool-7-thread-46] INFO eu.europa.esig.dss.spi.x509.TokenIssuerSelector - ISSUER SUBJECT : c=lu,ou=pki-test,o=nowina solutions,cn=external-ca-alternative
11:39:08.092 [pool-7-thread-46] INFO eu.europa.esig.dss.spi.x509.TokenIssuerSelector - The issuer subject name and subject name does not match (more details in debug mode).
11:39:08.092 [pool-7-thread-46] INFO eu.europa.esig.dss.spi.x509.TokenIssuerSelector - CERT ISSUER    : c=lu,ou=pki-test,o=nowina solutions,cn=external-ca
11:39:08.092 [pool-7-thread-46] INFO eu.europa.esig.dss.spi.x509.TokenIssuerSelector - ISSUER SUBJECT : c=lu,ou=pki-test,o=nowina solutions,cn=external-ca-alternative
11:39:08.092 [pool-7-thread-46] INFO eu.europa.esig.dss.spi.x509.TokenIssuerSelector - The issuer subject name and subject name does not match (more details in debug mode).
11:39:08.092 [pool-7-thread-46] INFO eu.europa.esig.dss.spi.x509.TokenIssuerSelector - CERT ISSUER    : c=lu,ou=pki-test,o=nowina solutions,cn=external-ca
11:39:08.092 [pool-7-thread-46] INFO eu.europa.esig.dss.spi.x509.TokenIssuerSelector - ISSUER SUBJECT : c=lu,ou=pki-test,o=nowina solutions,cn=external-ca-alternative
11:39:08.093 [pool-7-thread-28] WARN eu.europa.esig.dss.spi.x509.TokenIssuerSelector - No issuer found for the token creation date. The process continues with an issuer which has the same public key.
11:39:08.093 [pool-7-thread-28] WARN eu.europa.esig.dss.spi.x509.TokenIssuerSelector - No issuer found for the token creation date. The process continues with an issuer which has the same public key.
11:39:08.096 [pool-7-thread-28] INFO eu.europa.esig.dss.spi.x509.TokenIssuerSelector - The issuer subject name and subject name does not match (more details in debug mode).
11:39:08.097 [pool-7-thread-28] INFO eu.europa.esig.dss.spi.x509.TokenIssuerSelector - CERT ISSUER    : c=lu,ou=pki-test,o=nowina solutions,cn=external-ca
11:39:08.097 [pool-7-thread-28] INFO eu.europa.esig.dss.spi.x509.TokenIssuerSelector - ISSUER SUBJECT : c=lu,ou=pki-test,o=nowina solutions,cn=external-ca-alternative
11:39:08.097 [pool-7-thread-28] INFO eu.europa.esig.dss.spi.x509.TokenIssuerSelector - The issuer subject name and subject name does not match (more details in debug mode).
11:39:08.097 [pool-7-thread-28] INFO eu.europa.esig.dss.spi.x509.TokenIssuerSelector - CERT ISSUER    : c=lu,ou=pki-test,o=nowina solutions,cn=external-ca
11:39:08.097 [pool-7-thread-28] INFO eu.europa.esig.dss.spi.x509.TokenIssuerSelector - ISSUER SUBJECT : c=lu,ou=pki-test,o=nowina solutions,cn=external-ca-alternative
11:39:08.097 [pool-7-thread-28] INFO eu.europa.esig.dss.spi.x509.TokenIssuerSelector - The issuer subject name and subject name does not match (more details in debug mode).
11:39:08.097 [pool-7-thread-28] INFO eu.europa.esig.dss.spi.x509.TokenIssuerSelector - CERT ISSUER    : c=lu,ou=pki-test,o=nowina solutions,cn=external-ca
11:39:08.097 [pool-7-thread-28] INFO eu.europa.esig.dss.spi.x509.TokenIssuerSelector - ISSUER SUBJECT : c=lu,ou=pki-test,o=nowina solutions,cn=external-ca-alternative
11:39:08.097 [pool-7-thread-97] INFO eu.europa.esig.dss.spi.x509.TokenIssuerSelector - The issuer subject name and subject name does not match (more details in debug mode).
11:39:08.097 [pool-7-thread-97] INFO eu.europa.esig.dss.spi.x509.TokenIssuerSelector - CERT ISSUER    : c=lu,ou=pki-test,o=nowina solutions,cn=external-ca
11:39:08.098 [pool-7-thread-97] INFO eu.europa.esig.dss.spi.x509.TokenIssuerSelector - ISSUER SUBJECT : c=lu,ou=pki-test,o=nowina solutions,cn=external-ca-alternative
11:39:08.098 [pool-7-thread-97] INFO eu.europa.esig.dss.spi.x509.TokenIssuerSelector - The issuer subject name and subject name does not match (more details in debug mode).
11:39:08.098 [pool-7-thread-97] INFO eu.europa.esig.dss.spi.x509.TokenIssuerSelector - CERT ISSUER    : c=lu,ou=pki-test,o=nowina solutions,cn=external-ca
11:39:08.098 [pool-7-thread-97] INFO eu.europa.esig.dss.spi.x509.TokenIssuerSelector - ISSUER SUBJECT : c=lu,ou=pki-test,o=nowina solutions,cn=external-ca-alternative
11:39:08.098 [pool-7-thread-97] INFO eu.europa.esig.dss.spi.x509.TokenIssuerSelector - The issuer subject name and subject name does not match (more details in debug mode).
11:39:08.098 [pool-7-thread-97] INFO eu.europa.esig.dss.spi.x509.TokenIssuerSelector - CERT ISSUER    : c=lu,ou=pki-test,o=nowina solutions,cn=external-ca
11:39:08.098 [pool-7-thread-97] INFO eu.europa.esig.dss.spi.x509.TokenIssuerSelector - ISSUER SUBJECT : c=lu,ou=pki-test,o=nowina solutions,cn=external-ca-alternative
11:39:08.098 [pool-7-thread-91] WARN eu.europa.esig.dss.spi.x509.TokenIssuerSelector - No issuer found for the token creation date. The process continues with an issuer which has the same public key.
11:39:08.101 [pool-7-thread-3] INFO eu.europa.esig.dss.spi.x509.TokenIssuerSelector - The issuer subject name and subject name does not match (more details in debug mode).
11:39:08.101 [pool-7-thread-3] INFO eu.europa.esig.dss.spi.x509.TokenIssuerSelector - CERT ISSUER    : c=lu,ou=pki-test,o=nowina solutions,cn=external-ca
11:39:08.101 [pool-7-thread-3] INFO eu.europa.esig.dss.spi.x509.TokenIssuerSelector - ISSUER SUBJECT : c=lu,ou=pki-test,o=nowina solutions,cn=external-ca-alternative
11:39:08.101 [pool-7-thread-3] INFO eu.europa.esig.dss.spi.x509.TokenIssuerSelector - The issuer subject name and subject name does not match (more details in debug mode).
11:39:08.101 [pool-7-thread-3] INFO eu.europa.esig.dss.spi.x509.TokenIssuerSelector - CERT ISSUER    : c=lu,ou=pki-test,o=nowina solutions,cn=external-ca
11:39:08.101 [pool-7-thread-3] INFO eu.europa.esig.dss.spi.x509.TokenIssuerSelector - ISSUER SUBJECT : c=lu,ou=pki-test,o=nowina solutions,cn=external-ca-alternative
11:39:08.101 [pool-7-thread-3] INFO eu.europa.esig.dss.spi.x509.TokenIssuerSelector - The issuer subject name and subject name does not match (more details in debug mode).
11:39:08.101 [pool-7-thread-3] INFO eu.europa.esig.dss.spi.x509.TokenIssuerSelector - CERT ISSUER    : c=lu,ou=pki-test,o=nowina solutions,cn=external-ca
11:39:08.101 [pool-7-thread-3] INFO eu.europa.esig.dss.spi.x509.TokenIssuerSelector - ISSUER SUBJECT : c=lu,ou=pki-test,o=nowina solutions,cn=external-ca-alternative
11:39:08.102 [pool-7-thread-95] INFO eu.europa.esig.dss.spi.x509.TokenIssuerSelector - The issuer subject name and subject name does not match (more details in debug mode).
11:39:08.102 [pool-7-thread-95] INFO eu.europa.esig.dss.spi.x509.TokenIssuerSelector - CERT ISSUER    : c=lu,ou=pki-test,o=nowina solutions,cn=external-ca
11:39:08.102 [pool-7-thread-95] INFO eu.europa.esig.dss.spi.x509.TokenIssuerSelector - ISSUER SUBJECT : c=lu,ou=pki-test,o=nowina solutions,cn=external-ca-alternative
11:39:08.102 [pool-7-thread-95] INFO eu.europa.esig.dss.spi.x509.TokenIssuerSelector - The issuer subject name and subject name does not match (more details in debug mode).
11:39:08.102 [pool-7-thread-95] INFO eu.europa.esig.dss.spi.x509.TokenIssuerSelector - CERT ISSUER    : c=lu,ou=pki-test,o=nowina solutions,cn=external-ca
11:39:08.102 [pool-7-thread-95] INFO eu.europa.esig.dss.spi.x509.TokenIssuerSelector - ISSUER SUBJECT : c=lu,ou=pki-test,o=nowina solutions,cn=external-ca-alternative
11:39:08.102 [pool-7-thread-95] INFO eu.europa.esig.dss.spi.x509.TokenIssuerSelector - The issuer subject name and subject name does not match (more details in debug mode).
11:39:08.102 [pool-7-thread-95] INFO eu.europa.esig.dss.spi.x509.TokenIssuerSelector - CERT ISSUER    : c=lu,ou=pki-test,o=nowina solutions,cn=external-ca
11:39:08.102 [pool-7-thread-95] INFO eu.europa.esig.dss.spi.x509.TokenIssuerSelector - ISSUER SUBJECT : c=lu,ou=pki-test,o=nowina solutions,cn=external-ca-alternative
11:39:08.102 [pool-7-thread-33] WARN eu.europa.esig.dss.spi.x509.TokenIssuerSelector - No issuer found for the token creation date. The process continues with an issuer which has the same public key.
11:39:08.103 [pool-7-thread-33] WARN eu.europa.esig.dss.spi.x509.TokenIssuerSelector - No issuer found for the token creation date. The process continues with an issuer which has the same public key.
11:39:08.104 [pool-7-thread-21] WARN eu.europa.esig.dss.spi.x509.TokenIssuerSelector - No issuer found for the token creation date. The process continues with an issuer which has the same public key.
11:39:08.106 [pool-7-thread-94] WARN eu.europa.esig.dss.spi.x509.TokenIssuerSelector - No issuer found for the token creation date. The process continues with an issuer which has the same public key.
11:39:08.106 [pool-7-thread-29] WARN eu.europa.esig.dss.spi.x509.TokenIssuerSelector - No issuer found for the token creation date. The process continues with an issuer which has the same public key.
11:39:08.108 [pool-7-thread-29] INFO eu.europa.esig.dss.spi.x509.TokenIssuerSelector - The issuer subject name and subject name does not match (more details in debug mode).
11:39:08.108 [pool-7-thread-29] INFO eu.europa.esig.dss.spi.x509.TokenIssuerSelector - CERT ISSUER    : c=lu,ou=pki-test,o=nowina solutions,cn=external-ca
11:39:08.108 [pool-7-thread-29] INFO eu.europa.esig.dss.spi.x509.TokenIssuerSelector - ISSUER SUBJECT : c=lu,ou=pki-test,o=nowina solutions,cn=external-ca-alternative
11:39:08.108 [pool-7-thread-29] INFO eu.europa.esig.dss.spi.x509.TokenIssuerSelector - The issuer subject name and subject name does not match (more details in debug mode).
11:39:08.108 [pool-7-thread-29] INFO eu.europa.esig.dss.spi.x509.TokenIssuerSelector - CERT ISSUER    : c=lu,ou=pki-test,o=nowina solutions,cn=external-ca
11:39:08.108 [pool-7-thread-29] INFO eu.europa.esig.dss.spi.x509.TokenIssuerSelector - ISSUER SUBJECT : c=lu,ou=pki-test,o=nowina solutions,cn=external-ca-alternative
11:39:08.108 [pool-7-thread-29] INFO eu.europa.esig.dss.spi.x509.TokenIssuerSelector - The issuer subject name and subject name does not match (more details in debug mode).
11:39:08.108 [pool-7-thread-29] INFO eu.europa.esig.dss.spi.x509.TokenIssuerSelector - CERT ISSUER    : c=lu,ou=pki-test,o=nowina solutions,cn=external-ca
11:39:08.108 [pool-7-thread-29] INFO eu.europa.esig.dss.spi.x509.TokenIssuerSelector - ISSUER SUBJECT : c=lu,ou=pki-test,o=nowina solutions,cn=external-ca-alternative
11:39:08.116 [pool-7-thread-14] WARN eu.europa.esig.dss.spi.x509.TokenIssuerSelector - No issuer found for the token creation date. The process continues with an issuer which has the same public key.
11:39:08.116 [pool-7-thread-14] WARN eu.europa.esig.dss.spi.x509.TokenIssuerSelector - No issuer found for the token creation date. The process continues with an issuer which has the same public key.
11:39:08.117 [pool-7-thread-14] INFO eu.europa.esig.dss.spi.x509.TokenIssuerSelector - The issuer subject name and subject name does not match (more details in debug mode).
11:39:08.117 [pool-7-thread-14] INFO eu.europa.esig.dss.spi.x509.TokenIssuerSelector - CERT ISSUER    : c=lu,ou=pki-test,o=nowina solutions,cn=external-ca
11:39:08.117 [pool-7-thread-14] INFO eu.europa.esig.dss.spi.x509.TokenIssuerSelector - ISSUER SUBJECT : c=lu,ou=pki-test,o=nowina solutions,cn=external-ca-alternative
11:39:08.117 [pool-7-thread-14] INFO eu.europa.esig.dss.spi.x509.TokenIssuerSelector - The issuer subject name and subject name does not match (more details in debug mode).
11:39:08.117 [pool-7-thread-14] INFO eu.europa.esig.dss.spi.x509.TokenIssuerSelector - CERT ISSUER    : c=lu,ou=pki-test,o=nowina solutions,cn=external-ca
11:39:08.117 [pool-7-thread-14] INFO eu.europa.esig.dss.spi.x509.TokenIssuerSelector - ISSUER SUBJECT : c=lu,ou=pki-test,o=nowina solutions,cn=external-ca-alternative
11:39:08.117 [pool-7-thread-14] INFO eu.europa.esig.dss.spi.x509.TokenIssuerSelector - The issuer subject name and subject name does not match (more details in debug mode).
11:39:08.117 [pool-7-thread-14] INFO eu.europa.esig.dss.spi.x509.TokenIssuerSelector - CERT ISSUER    : c=lu,ou=pki-test,o=nowina solutions,cn=external-ca
11:39:08.117 [pool-7-thread-14] INFO eu.europa.esig.dss.spi.x509.TokenIssuerSelector - ISSUER SUBJECT : c=lu,ou=pki-test,o=nowina solutions,cn=external-ca-alternative
11:39:08.119 [pool-7-thread-6] WARN eu.europa.esig.dss.spi.x509.TokenIssuerSelector - No issuer found for the token creation date. The process continues with an issuer which has the same public key.
11:39:08.121 [pool-7-thread-31] INFO eu.europa.esig.dss.spi.x509.TokenIssuerSelector - The issuer subject name and subject name does not match (more details in debug mode).
11:39:08.121 [pool-7-thread-31] INFO eu.europa.esig.dss.spi.x509.TokenIssuerSelector - CERT ISSUER    : c=lu,ou=pki-test,o=nowina solutions,cn=external-ca
11:39:08.121 [pool-7-thread-31] INFO eu.europa.esig.dss.spi.x509.TokenIssuerSelector - ISSUER SUBJECT : c=lu,ou=pki-test,o=nowina solutions,cn=external-ca-alternative
11:39:08.121 [pool-7-thread-31] INFO eu.europa.esig.dss.spi.x509.TokenIssuerSelector - The issuer subject name and subject name does not match (more details in debug mode).
11:39:08.121 [pool-7-thread-31] INFO eu.europa.esig.dss.spi.x509.TokenIssuerSelector - CERT ISSUER    : c=lu,ou=pki-test,o=nowina solutions,cn=external-ca
11:39:08.121 [pool-7-thread-31] INFO eu.europa.esig.dss.spi.x509.TokenIssuerSelector - ISSUER SUBJECT : c=lu,ou=pki-test,o=nowina solutions,cn=external-ca-alternative
11:39:08.121 [pool-7-thread-31] INFO eu.europa.esig.dss.spi.x509.TokenIssuerSelector - The issuer subject name and subject name does not match (more details in debug mode).
11:39:08.121 [pool-7-thread-31] INFO eu.europa.esig.dss.spi.x509.TokenIssuerSelector - CERT ISSUER    : c=lu,ou=pki-test,o=nowina solutions,cn=external-ca
11:39:08.121 [pool-7-thread-31] INFO eu.europa.esig.dss.spi.x509.TokenIssuerSelector - ISSUER SUBJECT : c=lu,ou=pki-test,o=nowina solutions,cn=external-ca-alternative
11:39:08.121 [pool-7-thread-14] WARN eu.europa.esig.dss.spi.x509.TokenIssuerSelector - No issuer found for the token creation date. The process continues with an issuer which has the same public key.
11:39:08.122 [pool-7-thread-14] WARN eu.europa.esig.dss.spi.x509.TokenIssuerSelector - No issuer found for the token creation date. The process continues with an issuer which has the same public key.
11:39:08.124 [pool-7-thread-14] INFO eu.europa.esig.dss.spi.x509.TokenIssuerSelector - The issuer subject name and subject name does not match (more details in debug mode).
11:39:08.124 [pool-7-thread-14] INFO eu.europa.esig.dss.spi.x509.TokenIssuerSelector - CERT ISSUER    : c=lu,ou=pki-test,o=nowina solutions,cn=external-ca
11:39:08.124 [pool-7-thread-14] INFO eu.europa.esig.dss.spi.x509.TokenIssuerSelector - ISSUER SUBJECT : c=lu,ou=pki-test,o=nowina solutions,cn=external-ca-alternative
11:39:08.124 [pool-7-thread-14] INFO eu.europa.esig.dss.spi.x509.TokenIssuerSelector - The issuer subject name and subject name does not match (more details in debug mode).
11:39:08.124 [pool-7-thread-14] INFO eu.europa.esig.dss.spi.x509.TokenIssuerSelector - CERT ISSUER    : c=lu,ou=pki-test,o=nowina solutions,cn=external-ca
11:39:08.124 [pool-7-thread-14] INFO eu.europa.esig.dss.spi.x509.TokenIssuerSelector - ISSUER SUBJECT : c=lu,ou=pki-test,o=nowina solutions,cn=external-ca-alternative
11:39:08.124 [pool-7-thread-14] INFO eu.europa.esig.dss.spi.x509.TokenIssuerSelector - The issuer subject name and subject name does not match (more details in debug mode).
11:39:08.124 [pool-7-thread-14] INFO eu.europa.esig.dss.spi.x509.TokenIssuerSelector - CERT ISSUER    : c=lu,ou=pki-test,o=nowina solutions,cn=external-ca
11:39:08.124 [pool-7-thread-14] INFO eu.europa.esig.dss.spi.x509.TokenIssuerSelector - ISSUER SUBJECT : c=lu,ou=pki-test,o=nowina solutions,cn=external-ca-alternative
11:39:08.132 [pool-7-thread-30] WARN eu.europa.esig.dss.spi.x509.TokenIssuerSelector - No issuer found for the token creation date. The process continues with an issuer which has the same public key.
11:39:08.134 [pool-7-thread-14] WARN eu.europa.esig.dss.spi.x509.TokenIssuerSelector - No issuer found for the token creation date. The process continues with an issuer which has the same public key.
11:39:08.135 [pool-7-thread-14] WARN eu.europa.esig.dss.spi.x509.TokenIssuerSelector - No issuer found for the token creation date. The process continues with an issuer which has the same public key.
11:39:08.138 [pool-7-thread-14] INFO eu.europa.esig.dss.spi.x509.TokenIssuerSelector - The issuer subject name and subject name does not match (more details in debug mode).
11:39:08.138 [pool-7-thread-14] INFO eu.europa.esig.dss.spi.x509.TokenIssuerSelector - CERT ISSUER    : c=lu,ou=pki-test,o=nowina solutions,cn=external-ca
11:39:08.138 [pool-7-thread-14] INFO eu.europa.esig.dss.spi.x509.TokenIssuerSelector - ISSUER SUBJECT : c=lu,ou=pki-test,o=nowina solutions,cn=external-ca-alternative
11:39:08.138 [pool-7-thread-14] INFO eu.europa.esig.dss.spi.x509.TokenIssuerSelector - The issuer subject name and subject name does not match (more details in debug mode).
11:39:08.138 [pool-7-thread-14] INFO eu.europa.esig.dss.spi.x509.TokenIssuerSelector - CERT ISSUER    : c=lu,ou=pki-test,o=nowina solutions,cn=external-ca
11:39:08.138 [pool-7-thread-14] INFO eu.europa.esig.dss.spi.x509.TokenIssuerSelector - ISSUER SUBJECT : c=lu,ou=pki-test,o=nowina solutions,cn=external-ca-alternative
11:39:08.138 [pool-7-thread-14] INFO eu.europa.esig.dss.spi.x509.TokenIssuerSelector - The issuer subject name and subject name does not match (more details in debug mode).
11:39:08.138 [pool-7-thread-14] INFO eu.europa.esig.dss.spi.x509.TokenIssuerSelector - CERT ISSUER    : c=lu,ou=pki-test,o=nowina solutions,cn=external-ca
11:39:08.138 [pool-7-thread-14] INFO eu.europa.esig.dss.spi.x509.TokenIssuerSelector - ISSUER SUBJECT : c=lu,ou=pki-test,o=nowina solutions,cn=external-ca-alternative
11:39:08.141 [pool-7-thread-92] WARN eu.europa.esig.dss.spi.x509.TokenIssuerSelector - No issuer found for the token creation date. The process continues with an issuer which has the same public key.
11:39:08.142 [pool-7-thread-13] INFO eu.europa.esig.dss.spi.x509.TokenIssuerSelector - The issuer subject name and subject name does not match (more details in debug mode).
11:39:08.142 [pool-7-thread-13] INFO eu.europa.esig.dss.spi.x509.TokenIssuerSelector - CERT ISSUER    : c=lu,ou=pki-test,o=nowina solutions,cn=external-ca
11:39:08.142 [pool-7-thread-13] INFO eu.europa.esig.dss.spi.x509.TokenIssuerSelector - ISSUER SUBJECT : c=lu,ou=pki-test,o=nowina solutions,cn=external-ca-alternative
11:39:08.142 [pool-7-thread-13] INFO eu.europa.esig.dss.spi.x509.TokenIssuerSelector - The issuer subject name and subject name does not match (more details in debug mode).
11:39:08.142 [pool-7-thread-13] INFO eu.europa.esig.dss.spi.x509.TokenIssuerSelector - CERT ISSUER    : c=lu,ou=pki-test,o=nowina solutions,cn=external-ca
11:39:08.142 [pool-7-thread-13] INFO eu.europa.esig.dss.spi.x509.TokenIssuerSelector - ISSUER SUBJECT : c=lu,ou=pki-test,o=nowina solutions,cn=external-ca-alternative
11:39:08.142 [pool-7-thread-13] INFO eu.europa.esig.dss.spi.x509.TokenIssuerSelector - The issuer subject name and subject name does not match (more details in debug mode).
11:39:08.142 [pool-7-thread-13] INFO eu.europa.esig.dss.spi.x509.TokenIssuerSelector - CERT ISSUER    : c=lu,ou=pki-test,o=nowina solutions,cn=external-ca
11:39:08.142 [pool-7-thread-13] INFO eu.europa.esig.dss.spi.x509.TokenIssuerSelector - ISSUER SUBJECT : c=lu,ou=pki-test,o=nowina solutions,cn=external-ca-alternative
11:39:08.143 [pool-7-thread-4] INFO eu.europa.esig.dss.spi.x509.TokenIssuerSelector - The issuer subject name and subject name does not match (more details in debug mode).
11:39:08.143 [pool-7-thread-4] INFO eu.europa.esig.dss.spi.x509.TokenIssuerSelector - CERT ISSUER    : c=lu,ou=pki-test,o=nowina solutions,cn=external-ca
11:39:08.143 [pool-7-thread-4] INFO eu.europa.esig.dss.spi.x509.TokenIssuerSelector - ISSUER SUBJECT : c=lu,ou=pki-test,o=nowina solutions,cn=external-ca-alternative
11:39:08.143 [pool-7-thread-4] INFO eu.europa.esig.dss.spi.x509.TokenIssuerSelector - The issuer subject name and subject name does not match (more details in debug mode).
11:39:08.143 [pool-7-thread-4] INFO eu.europa.esig.dss.spi.x509.TokenIssuerSelector - CERT ISSUER    : c=lu,ou=pki-test,o=nowina solutions,cn=external-ca
11:39:08.143 [pool-7-thread-4] INFO eu.europa.esig.dss.spi.x509.TokenIssuerSelector - ISSUER SUBJECT : c=lu,ou=pki-test,o=nowina solutions,cn=external-ca-alternative
11:39:08.143 [pool-7-thread-4] INFO eu.europa.esig.dss.spi.x509.TokenIssuerSelector - The issuer subject name and subject name does not match (more details in debug mode).
11:39:08.143 [pool-7-thread-4] INFO eu.europa.esig.dss.spi.x509.TokenIssuerSelector - CERT ISSUER    : c=lu,ou=pki-test,o=nowina solutions,cn=external-ca
11:39:08.143 [pool-7-thread-4] INFO eu.europa.esig.dss.spi.x509.TokenIssuerSelector - ISSUER SUBJECT : c=lu,ou=pki-test,o=nowina solutions,cn=external-ca-alternative
11:39:08.144 [pool-7-thread-92] WARN eu.europa.esig.dss.spi.x509.TokenIssuerSelector - No issuer found for the token creation date. The process continues with an issuer which has the same public key.
11:39:08.145 [pool-7-thread-11] INFO eu.europa.esig.dss.spi.x509.TokenIssuerSelector - The issuer subject name and subject name does not match (more details in debug mode).
11:39:08.145 [pool-7-thread-11] INFO eu.europa.esig.dss.spi.x509.TokenIssuerSelector - CERT ISSUER    : c=lu,ou=pki-test,o=nowina solutions,cn=external-ca
11:39:08.145 [pool-7-thread-11] INFO eu.europa.esig.dss.spi.x509.TokenIssuerSelector - ISSUER SUBJECT : c=lu,ou=pki-test,o=nowina solutions,cn=external-ca-alternative
11:39:08.145 [pool-7-thread-11] INFO eu.europa.esig.dss.spi.x509.TokenIssuerSelector - The issuer subject name and subject name does not match (more details in debug mode).
11:39:08.145 [pool-7-thread-11] INFO eu.europa.esig.dss.spi.x509.TokenIssuerSelector - CERT ISSUER    : c=lu,ou=pki-test,o=nowina solutions,cn=external-ca
11:39:08.145 [pool-7-thread-11] INFO eu.europa.esig.dss.spi.x509.TokenIssuerSelector - ISSUER SUBJECT : c=lu,ou=pki-test,o=nowina solutions,cn=external-ca-alternative
11:39:08.145 [pool-7-thread-11] INFO eu.europa.esig.dss.spi.x509.TokenIssuerSelector - The issuer subject name and subject name does not match (more details in debug mode).
11:39:08.145 [pool-7-thread-11] INFO eu.europa.esig.dss.spi.x509.TokenIssuerSelector - CERT ISSUER    : c=lu,ou=pki-test,o=nowina solutions,cn=external-ca
11:39:08.145 [pool-7-thread-11] INFO eu.europa.esig.dss.spi.x509.TokenIssuerSelector - ISSUER SUBJECT : c=lu,ou=pki-test,o=nowina solutions,cn=external-ca-alternative
11:39:08.146 [pool-7-thread-92] INFO eu.europa.esig.dss.spi.x509.TokenIssuerSelector - The issuer subject name and subject name does not match (more details in debug mode).
11:39:08.146 [pool-7-thread-92] INFO eu.europa.esig.dss.spi.x509.TokenIssuerSelector - CERT ISSUER    : c=lu,ou=pki-test,o=nowina solutions,cn=external-ca
11:39:08.146 [pool-7-thread-92] INFO eu.europa.esig.dss.spi.x509.TokenIssuerSelector - ISSUER SUBJECT : c=lu,ou=pki-test,o=nowina solutions,cn=external-ca-alternative
11:39:08.146 [pool-7-thread-92] INFO eu.europa.esig.dss.spi.x509.TokenIssuerSelector - The issuer subject name and subject name does not match (more details in debug mode).
11:39:08.146 [pool-7-thread-92] INFO eu.europa.esig.dss.spi.x509.TokenIssuerSelector - CERT ISSUER    : c=lu,ou=pki-test,o=nowina solutions,cn=external-ca
11:39:08.146 [pool-7-thread-92] INFO eu.europa.esig.dss.spi.x509.TokenIssuerSelector - ISSUER SUBJECT : c=lu,ou=pki-test,o=nowina solutions,cn=external-ca-alternative
11:39:08.146 [pool-7-thread-92] INFO eu.europa.esig.dss.spi.x509.TokenIssuerSelector - The issuer subject name and subject name does not match (more details in debug mode).
11:39:08.146 [pool-7-thread-92] INFO eu.europa.esig.dss.spi.x509.TokenIssuerSelector - CERT ISSUER    : c=lu,ou=pki-test,o=nowina solutions,cn=external-ca
11:39:08.146 [pool-7-thread-92] INFO eu.europa.esig.dss.spi.x509.TokenIssuerSelector - ISSUER SUBJECT : c=lu,ou=pki-test,o=nowina solutions,cn=external-ca-alternative
11:39:08.147 [pool-7-thread-14] WARN eu.europa.esig.dss.spi.x509.TokenIssuerSelector - No issuer found for the token creation date. The process continues with an issuer which has the same public key.
11:39:08.148 [pool-7-thread-14] WARN eu.europa.esig.dss.spi.x509.TokenIssuerSelector - No issuer found for the token creation date. The process continues with an issuer which has the same public key.
11:39:08.148 [pool-7-thread-30] WARN eu.europa.esig.dss.spi.x509.TokenIssuerSelector - No issuer found for the token creation date. The process continues with an issuer which has the same public key.
11:39:08.149 [pool-7-thread-30] INFO eu.europa.esig.dss.spi.x509.TokenIssuerSelector - The issuer subject name and subject name does not match (more details in debug mode).
11:39:08.150 [pool-7-thread-30] INFO eu.europa.esig.dss.spi.x509.TokenIssuerSelector - CERT ISSUER    : c=lu,ou=pki-test,o=nowina solutions,cn=external-ca
11:39:08.150 [pool-7-thread-30] INFO eu.europa.esig.dss.spi.x509.TokenIssuerSelector - ISSUER SUBJECT : c=lu,ou=pki-test,o=nowina solutions,cn=external-ca-alternative
11:39:08.150 [pool-7-thread-30] INFO eu.europa.esig.dss.spi.x509.TokenIssuerSelector - The issuer subject name and subject name does not match (more details in debug mode).
11:39:08.150 [pool-7-thread-30] INFO eu.europa.esig.dss.spi.x509.TokenIssuerSelector - CERT ISSUER    : c=lu,ou=pki-test,o=nowina solutions,cn=external-ca
11:39:08.150 [pool-7-thread-30] INFO eu.europa.esig.dss.spi.x509.TokenIssuerSelector - ISSUER SUBJECT : c=lu,ou=pki-test,o=nowina solutions,cn=external-ca-alternative
11:39:08.150 [pool-7-thread-30] INFO eu.europa.esig.dss.spi.x509.TokenIssuerSelector - The issuer subject name and subject name does not match (more details in debug mode).
11:39:08.150 [pool-7-thread-30] INFO eu.europa.esig.dss.spi.x509.TokenIssuerSelector - CERT ISSUER    : c=lu,ou=pki-test,o=nowina solutions,cn=external-ca
11:39:08.150 [pool-7-thread-30] INFO eu.europa.esig.dss.spi.x509.TokenIssuerSelector - ISSUER SUBJECT : c=lu,ou=pki-test,o=nowina solutions,cn=external-ca-alternative
11:39:08.151 [pool-7-thread-4] WARN eu.europa.esig.dss.spi.x509.TokenIssuerSelector - No issuer found for the token creation date. The process continues with an issuer which has the same public key.
11:39:08.152 [pool-7-thread-31] WARN eu.europa.esig.dss.spi.x509.TokenIssuerSelector - No issuer found for the token creation date. The process continues with an issuer which has the same public key.
11:39:08.153 [pool-7-thread-31] WARN eu.europa.esig.dss.spi.x509.TokenIssuerSelector - No issuer found for the token creation date. The process continues with an issuer which has the same public key.
11:39:08.154 [pool-7-thread-31] INFO eu.europa.esig.dss.spi.x509.TokenIssuerSelector - The issuer subject name and subject name does not match (more details in debug mode).
11:39:08.154 [pool-7-thread-31] INFO eu.europa.esig.dss.spi.x509.TokenIssuerSelector - CERT ISSUER    : c=lu,ou=pki-test,o=nowina solutions,cn=external-ca
11:39:08.155 [pool-7-thread-31] INFO eu.europa.esig.dss.spi.x509.TokenIssuerSelector - ISSUER SUBJECT : c=lu,ou=pki-test,o=nowina solutions,cn=external-ca-alternative
11:39:08.155 [pool-7-thread-31] INFO eu.europa.esig.dss.spi.x509.TokenIssuerSelector - The issuer subject name and subject name does not match (more details in debug mode).
11:39:08.155 [pool-7-thread-31] INFO eu.europa.esig.dss.spi.x509.TokenIssuerSelector - CERT ISSUER    : c=lu,ou=pki-test,o=nowina solutions,cn=external-ca
11:39:08.155 [pool-7-thread-31] INFO eu.europa.esig.dss.spi.x509.TokenIssuerSelector - ISSUER SUBJECT : c=lu,ou=pki-test,o=nowina solutions,cn=external-ca-alternative
11:39:08.155 [pool-7-thread-31] INFO eu.europa.esig.dss.spi.x509.TokenIssuerSelector - The issuer subject name and subject name does not match (more details in debug mode).
11:39:08.155 [pool-7-thread-31] INFO eu.europa.esig.dss.spi.x509.TokenIssuerSelector - CERT ISSUER    : c=lu,ou=pki-test,o=nowina solutions,cn=external-ca
11:39:08.155 [pool-7-thread-31] INFO eu.europa.esig.dss.spi.x509.TokenIssuerSelector - ISSUER SUBJECT : c=lu,ou=pki-test,o=nowina solutions,cn=external-ca-alternative
11:39:08.156 [pool-7-thread-6] INFO eu.europa.esig.dss.spi.x509.TokenIssuerSelector - The issuer subject name and subject name does not match (more details in debug mode).
11:39:08.156 [pool-7-thread-6] INFO eu.europa.esig.dss.spi.x509.TokenIssuerSelector - CERT ISSUER    : c=lu,ou=pki-test,o=nowina solutions,cn=external-ca
11:39:08.156 [pool-7-thread-6] INFO eu.europa.esig.dss.spi.x509.TokenIssuerSelector - ISSUER SUBJECT : c=lu,ou=pki-test,o=nowina solutions,cn=external-ca-alternative
11:39:08.156 [pool-7-thread-6] INFO eu.europa.esig.dss.spi.x509.TokenIssuerSelector - The issuer subject name and subject name does not match (more details in debug mode).
11:39:08.156 [pool-7-thread-6] INFO eu.europa.esig.dss.spi.x509.TokenIssuerSelector - CERT ISSUER    : c=lu,ou=pki-test,o=nowina solutions,cn=external-ca
11:39:08.156 [pool-7-thread-6] INFO eu.europa.esig.dss.spi.x509.TokenIssuerSelector - ISSUER SUBJECT : c=lu,ou=pki-test,o=nowina solutions,cn=external-ca-alternative
11:39:08.156 [pool-7-thread-6] INFO eu.europa.esig.dss.spi.x509.TokenIssuerSelector - The issuer subject name and subject name does not match (more details in debug mode).
11:39:08.156 [pool-7-thread-6] INFO eu.europa.esig.dss.spi.x509.TokenIssuerSelector - CERT ISSUER    : c=lu,ou=pki-test,o=nowina solutions,cn=external-ca
11:39:08.156 [pool-7-thread-6] INFO eu.europa.esig.dss.spi.x509.TokenIssuerSelector - ISSUER SUBJECT : c=lu,ou=pki-test,o=nowina solutions,cn=external-ca-alternative
11:39:08.165 [pool-7-thread-29] WARN eu.europa.esig.dss.spi.x509.TokenIssuerSelector - No issuer found for the token creation date. The process continues with an issuer which has the same public key.
11:39:08.175 [pool-7-thread-94] WARN eu.europa.esig.dss.spi.x509.TokenIssuerSelector - No issuer found for the token creation date. The process continues with an issuer which has the same public key.
11:39:08.177 [pool-7-thread-95] WARN eu.europa.esig.dss.spi.x509.TokenIssuerSelector - No issuer found for the token creation date. The process continues with an issuer which has the same public key.
11:39:08.178 [pool-7-thread-95] WARN eu.europa.esig.dss.spi.x509.TokenIssuerSelector - No issuer found for the token creation date. The process continues with an issuer which has the same public key.
11:39:08.182 [pool-7-thread-95] INFO eu.europa.esig.dss.spi.x509.TokenIssuerSelector - The issuer subject name and subject name does not match (more details in debug mode).
11:39:08.182 [pool-7-thread-95] INFO eu.europa.esig.dss.spi.x509.TokenIssuerSelector - CERT ISSUER    : c=lu,ou=pki-test,o=nowina solutions,cn=external-ca
11:39:08.182 [pool-7-thread-95] INFO eu.europa.esig.dss.spi.x509.TokenIssuerSelector - ISSUER SUBJECT : c=lu,ou=pki-test,o=nowina solutions,cn=external-ca-alternative
11:39:08.182 [pool-7-thread-95] INFO eu.europa.esig.dss.spi.x509.TokenIssuerSelector - The issuer subject name and subject name does not match (more details in debug mode).
11:39:08.182 [pool-7-thread-95] INFO eu.europa.esig.dss.spi.x509.TokenIssuerSelector - CERT ISSUER    : c=lu,ou=pki-test,o=nowina solutions,cn=external-ca
11:39:08.182 [pool-7-thread-95] INFO eu.europa.esig.dss.spi.x509.TokenIssuerSelector - ISSUER SUBJECT : c=lu,ou=pki-test,o=nowina solutions,cn=external-ca-alternative
11:39:08.182 [pool-7-thread-95] INFO eu.europa.esig.dss.spi.x509.TokenIssuerSelector - The issuer subject name and subject name does not match (more details in debug mode).
11:39:08.182 [pool-7-thread-95] INFO eu.europa.esig.dss.spi.x509.TokenIssuerSelector - CERT ISSUER    : c=lu,ou=pki-test,o=nowina solutions,cn=external-ca
11:39:08.182 [pool-7-thread-95] INFO eu.europa.esig.dss.spi.x509.TokenIssuerSelector - ISSUER SUBJECT : c=lu,ou=pki-test,o=nowina solutions,cn=external-ca-alternative
11:39:08.185 [pool-7-thread-95] WARN eu.europa.esig.dss.spi.x509.TokenIssuerSelector - No issuer found for the token creation date. The process continues with an issuer which has the same public key.
11:39:08.186 [pool-7-thread-95] WARN eu.europa.esig.dss.spi.x509.TokenIssuerSelector - No issuer found for the token creation date. The process continues with an issuer which has the same public key.
11:39:08.188 [pool-7-thread-95] INFO eu.europa.esig.dss.spi.x509.TokenIssuerSelector - The issuer subject name and subject name does not match (more details in debug mode).
11:39:08.188 [pool-7-thread-95] INFO eu.europa.esig.dss.spi.x509.TokenIssuerSelector - CERT ISSUER    : c=lu,ou=pki-test,o=nowina solutions,cn=external-ca
11:39:08.188 [pool-7-thread-95] INFO eu.europa.esig.dss.spi.x509.TokenIssuerSelector - ISSUER SUBJECT : c=lu,ou=pki-test,o=nowina solutions,cn=external-ca-alternative
11:39:08.188 [pool-7-thread-95] INFO eu.europa.esig.dss.spi.x509.TokenIssuerSelector - The issuer subject name and subject name does not match (more details in debug mode).
11:39:08.188 [pool-7-thread-95] INFO eu.europa.esig.dss.spi.x509.TokenIssuerSelector - CERT ISSUER    : c=lu,ou=pki-test,o=nowina solutions,cn=external-ca
11:39:08.188 [pool-7-thread-95] INFO eu.europa.esig.dss.spi.x509.TokenIssuerSelector - ISSUER SUBJECT : c=lu,ou=pki-test,o=nowina solutions,cn=external-ca-alternative
11:39:08.188 [pool-7-thread-95] INFO eu.europa.esig.dss.spi.x509.TokenIssuerSelector - The issuer subject name and subject name does not match (more details in debug mode).
11:39:08.188 [pool-7-thread-95] INFO eu.europa.esig.dss.spi.x509.TokenIssuerSelector - CERT ISSUER    : c=lu,ou=pki-test,o=nowina solutions,cn=external-ca
11:39:08.188 [pool-7-thread-95] INFO eu.europa.esig.dss.spi.x509.TokenIssuerSelector - ISSUER SUBJECT : c=lu,ou=pki-test,o=nowina solutions,cn=external-ca-alternative
11:39:08.191 [pool-7-thread-95] WARN eu.europa.esig.dss.spi.x509.TokenIssuerSelector - No issuer found for the token creation date. The process continues with an issuer which has the same public key.
11:39:08.192 [pool-7-thread-95] WARN eu.europa.esig.dss.spi.x509.TokenIssuerSelector - No issuer found for the token creation date. The process continues with an issuer which has the same public key.
11:39:08.194 [pool-7-thread-95] INFO eu.europa.esig.dss.spi.x509.TokenIssuerSelector - The issuer subject name and subject name does not match (more details in debug mode).
11:39:08.194 [pool-7-thread-95] INFO eu.europa.esig.dss.spi.x509.TokenIssuerSelector - CERT ISSUER    : c=lu,ou=pki-test,o=nowina solutions,cn=external-ca
11:39:08.194 [pool-7-thread-95] INFO eu.europa.esig.dss.spi.x509.TokenIssuerSelector - ISSUER SUBJECT : c=lu,ou=pki-test,o=nowina solutions,cn=external-ca-alternative
11:39:08.194 [pool-7-thread-95] INFO eu.europa.esig.dss.spi.x509.TokenIssuerSelector - The issuer subject name and subject name does not match (more details in debug mode).
11:39:08.194 [pool-7-thread-95] INFO eu.europa.esig.dss.spi.x509.TokenIssuerSelector - CERT ISSUER    : c=lu,ou=pki-test,o=nowina solutions,cn=external-ca
11:39:08.194 [pool-7-thread-95] INFO eu.europa.esig.dss.spi.x509.TokenIssuerSelector - ISSUER SUBJECT : c=lu,ou=pki-test,o=nowina solutions,cn=external-ca-alternative
11:39:08.195 [pool-7-thread-95] INFO eu.europa.esig.dss.spi.x509.TokenIssuerSelector - The issuer subject name and subject name does not match (more details in debug mode).
11:39:08.195 [pool-7-thread-95] INFO eu.europa.esig.dss.spi.x509.TokenIssuerSelector - CERT ISSUER    : c=lu,ou=pki-test,o=nowina solutions,cn=external-ca
11:39:08.195 [pool-7-thread-95] INFO eu.europa.esig.dss.spi.x509.TokenIssuerSelector - ISSUER SUBJECT : c=lu,ou=pki-test,o=nowina solutions,cn=external-ca-alternative
11:39:08.198 [pool-7-thread-95] WARN eu.europa.esig.dss.spi.x509.TokenIssuerSelector - No issuer found for the token creation date. The process continues with an issuer which has the same public key.
11:39:08.199 [pool-7-thread-95] WARN eu.europa.esig.dss.spi.x509.TokenIssuerSelector - No issuer found for the token creation date. The process continues with an issuer which has the same public key.
11:39:08.202 [pool-7-thread-95] INFO eu.europa.esig.dss.spi.x509.TokenIssuerSelector - The issuer subject name and subject name does not match (more details in debug mode).
11:39:08.202 [pool-7-thread-95] INFO eu.europa.esig.dss.spi.x509.TokenIssuerSelector - CERT ISSUER    : c=lu,ou=pki-test,o=nowina solutions,cn=external-ca
11:39:08.202 [pool-7-thread-95] INFO eu.europa.esig.dss.spi.x509.TokenIssuerSelector - ISSUER SUBJECT : c=lu,ou=pki-test,o=nowina solutions,cn=external-ca-alternative
11:39:08.202 [pool-7-thread-95] INFO eu.europa.esig.dss.spi.x509.TokenIssuerSelector - The issuer subject name and subject name does not match (more details in debug mode).
11:39:08.202 [pool-7-thread-95] INFO eu.europa.esig.dss.spi.x509.TokenIssuerSelector - CERT ISSUER    : c=lu,ou=pki-test,o=nowina solutions,cn=external-ca
11:39:08.202 [pool-7-thread-95] INFO eu.europa.esig.dss.spi.x509.TokenIssuerSelector - ISSUER SUBJECT : c=lu,ou=pki-test,o=nowina solutions,cn=external-ca-alternative
11:39:08.202 [pool-7-thread-95] INFO eu.europa.esig.dss.spi.x509.TokenIssuerSelector - The issuer subject name and subject name does not match (more details in debug mode).
11:39:08.202 [pool-7-thread-95] INFO eu.europa.esig.dss.spi.x509.TokenIssuerSelector - CERT ISSUER    : c=lu,ou=pki-test,o=nowina solutions,cn=external-ca
11:39:08.202 [pool-7-thread-95] INFO eu.europa.esig.dss.spi.x509.TokenIssuerSelector - ISSUER SUBJECT : c=lu,ou=pki-test,o=nowina solutions,cn=external-ca-alternative
11:39:08.204 [pool-7-thread-3] WARN eu.europa.esig.dss.spi.x509.TokenIssuerSelector - No issuer found for the token creation date. The process continues with an issuer which has the same public key.
11:39:08.205 [pool-7-thread-95] WARN eu.europa.esig.dss.spi.x509.TokenIssuerSelector - No issuer found for the token creation date. The process continues with an issuer which has the same public key.
11:39:08.205 [pool-7-thread-95] WARN eu.europa.esig.dss.spi.x509.TokenIssuerSelector - No issuer found for the token creation date. The process continues with an issuer which has the same public key.
11:39:08.208 [pool-7-thread-21] INFO eu.europa.esig.dss.spi.x509.TokenIssuerSelector - The issuer subject name and subject name does not match (more details in debug mode).
11:39:08.208 [pool-7-thread-21] INFO eu.europa.esig.dss.spi.x509.TokenIssuerSelector - CERT ISSUER    : c=lu,ou=pki-test,o=nowina solutions,cn=external-ca
11:39:08.208 [pool-7-thread-21] INFO eu.europa.esig.dss.spi.x509.TokenIssuerSelector - ISSUER SUBJECT : c=lu,ou=pki-test,o=nowina solutions,cn=external-ca-alternative
11:39:08.208 [pool-7-thread-21] INFO eu.europa.esig.dss.spi.x509.TokenIssuerSelector - The issuer subject name and subject name does not match (more details in debug mode).
11:39:08.208 [pool-7-thread-21] INFO eu.europa.esig.dss.spi.x509.TokenIssuerSelector - CERT ISSUER    : c=lu,ou=pki-test,o=nowina solutions,cn=external-ca
11:39:08.208 [pool-7-thread-21] INFO eu.europa.esig.dss.spi.x509.TokenIssuerSelector - ISSUER SUBJECT : c=lu,ou=pki-test,o=nowina solutions,cn=external-ca-alternative
11:39:08.208 [pool-7-thread-21] INFO eu.europa.esig.dss.spi.x509.TokenIssuerSelector - The issuer subject name and subject name does not match (more details in debug mode).
11:39:08.208 [pool-7-thread-21] INFO eu.europa.esig.dss.spi.x509.TokenIssuerSelector - CERT ISSUER    : c=lu,ou=pki-test,o=nowina solutions,cn=external-ca
11:39:08.208 [pool-7-thread-21] INFO eu.europa.esig.dss.spi.x509.TokenIssuerSelector - ISSUER SUBJECT : c=lu,ou=pki-test,o=nowina solutions,cn=external-ca-alternative
11:39:08.208 [pool-7-thread-95] INFO eu.europa.esig.dss.spi.x509.TokenIssuerSelector - The issuer subject name and subject name does not match (more details in debug mode).
11:39:08.208 [pool-7-thread-95] INFO eu.europa.esig.dss.spi.x509.TokenIssuerSelector - CERT ISSUER    : c=lu,ou=pki-test,o=nowina solutions,cn=external-ca
11:39:08.208 [pool-7-thread-95] INFO eu.europa.esig.dss.spi.x509.TokenIssuerSelector - ISSUER SUBJECT : c=lu,ou=pki-test,o=nowina solutions,cn=external-ca-alternative
11:39:08.208 [pool-7-thread-95] INFO eu.europa.esig.dss.spi.x509.TokenIssuerSelector - The issuer subject name and subject name does not match (more details in debug mode).
11:39:08.208 [pool-7-thread-95] INFO eu.europa.esig.dss.spi.x509.TokenIssuerSelector - CERT ISSUER    : c=lu,ou=pki-test,o=nowina solutions,cn=external-ca
11:39:08.208 [pool-7-thread-95] INFO eu.europa.esig.dss.spi.x509.TokenIssuerSelector - ISSUER SUBJECT : c=lu,ou=pki-test,o=nowina solutions,cn=external-ca-alternative
11:39:08.208 [pool-7-thread-95] INFO eu.europa.esig.dss.spi.x509.TokenIssuerSelector - The issuer subject name and subject name does not match (more details in debug mode).
11:39:08.208 [pool-7-thread-95] INFO eu.europa.esig.dss.spi.x509.TokenIssuerSelector - CERT ISSUER    : c=lu,ou=pki-test,o=nowina solutions,cn=external-ca
11:39:08.208 [pool-7-thread-95] INFO eu.europa.esig.dss.spi.x509.TokenIssuerSelector - ISSUER SUBJECT : c=lu,ou=pki-test,o=nowina solutions,cn=external-ca-alternative
11:39:08.214 [pool-7-thread-33] INFO eu.europa.esig.dss.spi.x509.TokenIssuerSelector - The issuer subject name and subject name does not match (more details in debug mode).
11:39:08.214 [pool-7-thread-33] INFO eu.europa.esig.dss.spi.x509.TokenIssuerSelector - CERT ISSUER    : c=lu,ou=pki-test,o=nowina solutions,cn=external-ca
11:39:08.214 [pool-7-thread-33] INFO eu.europa.esig.dss.spi.x509.TokenIssuerSelector - ISSUER SUBJECT : c=lu,ou=pki-test,o=nowina solutions,cn=external-ca-alternative
11:39:08.215 [pool-7-thread-33] INFO eu.europa.esig.dss.spi.x509.TokenIssuerSelector - The issuer subject name and subject name does not match (more details in debug mode).
11:39:08.215 [pool-7-thread-33] INFO eu.europa.esig.dss.spi.x509.TokenIssuerSelector - CERT ISSUER    : c=lu,ou=pki-test,o=nowina solutions,cn=external-ca
11:39:08.215 [pool-7-thread-33] INFO eu.europa.esig.dss.spi.x509.TokenIssuerSelector - ISSUER SUBJECT : c=lu,ou=pki-test,o=nowina solutions,cn=external-ca-alternative
11:39:08.215 [pool-7-thread-33] INFO eu.europa.esig.dss.spi.x509.TokenIssuerSelector - The issuer subject name and subject name does not match (more details in debug mode).
11:39:08.215 [pool-7-thread-33] INFO eu.europa.esig.dss.spi.x509.TokenIssuerSelector - CERT ISSUER    : c=lu,ou=pki-test,o=nowina solutions,cn=external-ca
11:39:08.215 [pool-7-thread-33] INFO eu.europa.esig.dss.spi.x509.TokenIssuerSelector - ISSUER SUBJECT : c=lu,ou=pki-test,o=nowina solutions,cn=external-ca-alternative
11:39:08.215 [pool-7-thread-28] WARN eu.europa.esig.dss.spi.x509.TokenIssuerSelector - No issuer found for the token creation date. The process continues with an issuer which has the same public key.
11:39:08.216 [pool-7-thread-46] WARN eu.europa.esig.dss.spi.x509.TokenIssuerSelector - No issuer found for the token creation date. The process continues with an issuer which has the same public key.
11:39:08.217 [pool-7-thread-46] WARN eu.europa.esig.dss.spi.x509.TokenIssuerSelector - No issuer found for the token creation date. The process continues with an issuer which has the same public key.
11:39:08.218 [pool-7-thread-91] WARN eu.europa.esig.dss.spi.x509.TokenIssuerSelector - No issuer found for the token creation date. The process continues with an issuer which has the same public key.
11:39:08.222 [pool-7-thread-26] INFO eu.europa.esig.dss.spi.x509.TokenIssuerSelector - The issuer subject name and subject name does not match (more details in debug mode).
11:39:08.223 [pool-7-thread-26] INFO eu.europa.esig.dss.spi.x509.TokenIssuerSelector - CERT ISSUER    : c=lu,ou=pki-test,o=nowina solutions,cn=external-ca
11:39:08.223 [pool-7-thread-26] INFO eu.europa.esig.dss.spi.x509.TokenIssuerSelector - ISSUER SUBJECT : c=lu,ou=pki-test,o=nowina solutions,cn=external-ca-alternative
11:39:08.223 [pool-7-thread-26] INFO eu.europa.esig.dss.spi.x509.TokenIssuerSelector - The issuer subject name and subject name does not match (more details in debug mode).
11:39:08.223 [pool-7-thread-26] INFO eu.europa.esig.dss.spi.x509.TokenIssuerSelector - CERT ISSUER    : c=lu,ou=pki-test,o=nowina solutions,cn=external-ca
11:39:08.223 [pool-7-thread-26] INFO eu.europa.esig.dss.spi.x509.TokenIssuerSelector - ISSUER SUBJECT : c=lu,ou=pki-test,o=nowina solutions,cn=external-ca-alternative
11:39:08.223 [pool-7-thread-26] INFO eu.europa.esig.dss.spi.x509.TokenIssuerSelector - The issuer subject name and subject name does not match (more details in debug mode).
11:39:08.223 [pool-7-thread-26] INFO eu.europa.esig.dss.spi.x509.TokenIssuerSelector - CERT ISSUER    : c=lu,ou=pki-test,o=nowina solutions,cn=external-ca
11:39:08.223 [pool-7-thread-26] INFO eu.europa.esig.dss.spi.x509.TokenIssuerSelector - ISSUER SUBJECT : c=lu,ou=pki-test,o=nowina solutions,cn=external-ca-alternative
11:39:08.223 [pool-7-thread-36] WARN eu.europa.esig.dss.spi.x509.TokenIssuerSelector - No issuer found for the token creation date. The process continues with an issuer which has the same public key.
11:39:08.224 [pool-7-thread-36] WARN eu.europa.esig.dss.spi.x509.TokenIssuerSelector - No issuer found for the token creation date. The process continues with an issuer which has the same public key.
11:39:08.227 [pool-7-thread-36] INFO eu.europa.esig.dss.spi.x509.TokenIssuerSelector - The issuer subject name and subject name does not match (more details in debug mode).
11:39:08.227 [pool-7-thread-36] INFO eu.europa.esig.dss.spi.x509.TokenIssuerSelector - CERT ISSUER    : c=lu,ou=pki-test,o=nowina solutions,cn=external-ca
11:39:08.227 [pool-7-thread-36] INFO eu.europa.esig.dss.spi.x509.TokenIssuerSelector - ISSUER SUBJECT : c=lu,ou=pki-test,o=nowina solutions,cn=external-ca-alternative
11:39:08.227 [pool-7-thread-36] INFO eu.europa.esig.dss.spi.x509.TokenIssuerSelector - The issuer subject name and subject name does not match (more details in debug mode).
11:39:08.227 [pool-7-thread-36] INFO eu.europa.esig.dss.spi.x509.TokenIssuerSelector - CERT ISSUER    : c=lu,ou=pki-test,o=nowina solutions,cn=external-ca
11:39:08.227 [pool-7-thread-36] INFO eu.europa.esig.dss.spi.x509.TokenIssuerSelector - ISSUER SUBJECT : c=lu,ou=pki-test,o=nowina solutions,cn=external-ca-alternative
11:39:08.227 [pool-7-thread-36] INFO eu.europa.esig.dss.spi.x509.TokenIssuerSelector - The issuer subject name and subject name does not match (more details in debug mode).
11:39:08.227 [pool-7-thread-36] INFO eu.europa.esig.dss.spi.x509.TokenIssuerSelector - CERT ISSUER    : c=lu,ou=pki-test,o=nowina solutions,cn=external-ca
11:39:08.227 [pool-7-thread-36] INFO eu.europa.esig.dss.spi.x509.TokenIssuerSelector - ISSUER SUBJECT : c=lu,ou=pki-test,o=nowina solutions,cn=external-ca-alternative
11:39:08.232 [pool-7-thread-40] WARN eu.europa.esig.dss.spi.x509.TokenIssuerSelector - No issuer found for the token creation date. The process continues with an issuer which has the same public key.
11:39:08.233 [pool-7-thread-40] WARN eu.europa.esig.dss.spi.x509.TokenIssuerSelector - No issuer found for the token creation date. The process continues with an issuer which has the same public key.
11:39:08.235 [pool-7-thread-40] INFO eu.europa.esig.dss.spi.x509.TokenIssuerSelector - The issuer subject name and subject name does not match (more details in debug mode).
11:39:08.235 [pool-7-thread-40] INFO eu.europa.esig.dss.spi.x509.TokenIssuerSelector - CERT ISSUER    : c=lu,ou=pki-test,o=nowina solutions,cn=external-ca
11:39:08.235 [pool-7-thread-40] INFO eu.europa.esig.dss.spi.x509.TokenIssuerSelector - ISSUER SUBJECT : c=lu,ou=pki-test,o=nowina solutions,cn=external-ca-alternative
11:39:08.235 [pool-7-thread-40] INFO eu.europa.esig.dss.spi.x509.TokenIssuerSelector - The issuer subject name and subject name does not match (more details in debug mode).
11:39:08.235 [pool-7-thread-40] INFO eu.europa.esig.dss.spi.x509.TokenIssuerSelector - CERT ISSUER    : c=lu,ou=pki-test,o=nowina solutions,cn=external-ca
11:39:08.235 [pool-7-thread-40] INFO eu.europa.esig.dss.spi.x509.TokenIssuerSelector - ISSUER SUBJECT : c=lu,ou=pki-test,o=nowina solutions,cn=external-ca-alternative
11:39:08.235 [pool-7-thread-40] INFO eu.europa.esig.dss.spi.x509.TokenIssuerSelector - The issuer subject name and subject name does not match (more details in debug mode).
11:39:08.235 [pool-7-thread-40] INFO eu.europa.esig.dss.spi.x509.TokenIssuerSelector - CERT ISSUER    : c=lu,ou=pki-test,o=nowina solutions,cn=external-ca
11:39:08.235 [pool-7-thread-40] INFO eu.europa.esig.dss.spi.x509.TokenIssuerSelector - ISSUER SUBJECT : c=lu,ou=pki-test,o=nowina solutions,cn=external-ca-alternative
11:39:08.239 [pool-7-thread-40] WARN eu.europa.esig.dss.spi.x509.TokenIssuerSelector - No issuer found for the token creation date. The process continues with an issuer which has the same public key.
11:39:08.240 [pool-7-thread-40] WARN eu.europa.esig.dss.spi.x509.TokenIssuerSelector - No issuer found for the token creation date. The process continues with an issuer which has the same public key.
11:39:08.245 [pool-7-thread-40] INFO eu.europa.esig.dss.spi.x509.TokenIssuerSelector - The issuer subject name and subject name does not match (more details in debug mode).
11:39:08.245 [pool-7-thread-40] INFO eu.europa.esig.dss.spi.x509.TokenIssuerSelector - CERT ISSUER    : c=lu,ou=pki-test,o=nowina solutions,cn=external-ca
11:39:08.245 [pool-7-thread-40] INFO eu.europa.esig.dss.spi.x509.TokenIssuerSelector - ISSUER SUBJECT : c=lu,ou=pki-test,o=nowina solutions,cn=external-ca-alternative
11:39:08.245 [pool-7-thread-40] INFO eu.europa.esig.dss.spi.x509.TokenIssuerSelector - The issuer subject name and subject name does not match (more details in debug mode).
11:39:08.245 [pool-7-thread-40] INFO eu.europa.esig.dss.spi.x509.TokenIssuerSelector - CERT ISSUER    : c=lu,ou=pki-test,o=nowina solutions,cn=external-ca
11:39:08.245 [pool-7-thread-40] INFO eu.europa.esig.dss.spi.x509.TokenIssuerSelector - ISSUER SUBJECT : c=lu,ou=pki-test,o=nowina solutions,cn=external-ca-alternative
11:39:08.245 [pool-7-thread-40] INFO eu.europa.esig.dss.spi.x509.TokenIssuerSelector - The issuer subject name and subject name does not match (more details in debug mode).
11:39:08.245 [pool-7-thread-40] INFO eu.europa.esig.dss.spi.x509.TokenIssuerSelector - CERT ISSUER    : c=lu,ou=pki-test,o=nowina solutions,cn=external-ca
11:39:08.245 [pool-7-thread-40] INFO eu.europa.esig.dss.spi.x509.TokenIssuerSelector - ISSUER SUBJECT : c=lu,ou=pki-test,o=nowina solutions,cn=external-ca-alternative
11:39:08.245 [pool-7-thread-100] WARN eu.europa.esig.dss.spi.x509.TokenIssuerSelector - No issuer found for the token creation date. The process continues with an issuer which has the same public key.
11:39:08.246 [pool-7-thread-100] WARN eu.europa.esig.dss.spi.x509.TokenIssuerSelector - No issuer found for the token creation date. The process continues with an issuer which has the same public key.
11:39:08.249 [pool-7-thread-100] INFO eu.europa.esig.dss.spi.x509.TokenIssuerSelector - The issuer subject name and subject name does not match (more details in debug mode).
11:39:08.249 [pool-7-thread-100] INFO eu.europa.esig.dss.spi.x509.TokenIssuerSelector - CERT ISSUER    : c=lu,ou=pki-test,o=nowina solutions,cn=external-ca
11:39:08.249 [pool-7-thread-100] INFO eu.europa.esig.dss.spi.x509.TokenIssuerSelector - ISSUER SUBJECT : c=lu,ou=pki-test,o=nowina solutions,cn=external-ca-alternative
11:39:08.249 [pool-7-thread-100] INFO eu.europa.esig.dss.spi.x509.TokenIssuerSelector - The issuer subject name and subject name does not match (more details in debug mode).
11:39:08.249 [pool-7-thread-100] INFO eu.europa.esig.dss.spi.x509.TokenIssuerSelector - CERT ISSUER    : c=lu,ou=pki-test,o=nowina solutions,cn=external-ca
11:39:08.249 [pool-7-thread-100] INFO eu.europa.esig.dss.spi.x509.TokenIssuerSelector - ISSUER SUBJECT : c=lu,ou=pki-test,o=nowina solutions,cn=external-ca-alternative
11:39:08.250 [pool-7-thread-100] INFO eu.europa.esig.dss.spi.x509.TokenIssuerSelector - The issuer subject name and subject name does not match (more details in debug mode).
11:39:08.250 [pool-7-thread-100] INFO eu.europa.esig.dss.spi.x509.TokenIssuerSelector - CERT ISSUER    : c=lu,ou=pki-test,o=nowina solutions,cn=external-ca
11:39:08.250 [pool-7-thread-100] INFO eu.europa.esig.dss.spi.x509.TokenIssuerSelector - ISSUER SUBJECT : c=lu,ou=pki-test,o=nowina solutions,cn=external-ca-alternative
11:39:08.250 [pool-7-thread-99] WARN eu.europa.esig.dss.spi.x509.TokenIssuerSelector - No issuer found for the token creation date. The process continues with an issuer which has the same public key.
11:39:08.250 [pool-7-thread-93] INFO eu.europa.esig.dss.spi.x509.TokenIssuerSelector - The issuer subject name and subject name does not match (more details in debug mode).
11:39:08.250 [pool-7-thread-93] INFO eu.europa.esig.dss.spi.x509.TokenIssuerSelector - CERT ISSUER    : c=lu,ou=pki-test,o=nowina solutions,cn=external-ca
11:39:08.250 [pool-7-thread-93] INFO eu.europa.esig.dss.spi.x509.TokenIssuerSelector - ISSUER SUBJECT : c=lu,ou=pki-test,o=nowina solutions,cn=external-ca-alternative
11:39:08.250 [pool-7-thread-93] INFO eu.europa.esig.dss.spi.x509.TokenIssuerSelector - The issuer subject name and subject name does not match (more details in debug mode).
11:39:08.250 [pool-7-thread-93] INFO eu.europa.esig.dss.spi.x509.TokenIssuerSelector - CERT ISSUER    : c=lu,ou=pki-test,o=nowina solutions,cn=external-ca
11:39:08.250 [pool-7-thread-93] INFO eu.europa.esig.dss.spi.x509.TokenIssuerSelector - ISSUER SUBJECT : c=lu,ou=pki-test,o=nowina solutions,cn=external-ca-alternative
11:39:08.250 [pool-7-thread-93] INFO eu.europa.esig.dss.spi.x509.TokenIssuerSelector - The issuer subject name and subject name does not match (more details in debug mode).
11:39:08.250 [pool-7-thread-93] INFO eu.europa.esig.dss.spi.x509.TokenIssuerSelector - CERT ISSUER    : c=lu,ou=pki-test,o=nowina solutions,cn=external-ca
11:39:08.250 [pool-7-thread-93] INFO eu.europa.esig.dss.spi.x509.TokenIssuerSelector - ISSUER SUBJECT : c=lu,ou=pki-test,o=nowina solutions,cn=external-ca-alternative
11:39:08.251 [pool-7-thread-99] WARN eu.europa.esig.dss.spi.x509.TokenIssuerSelector - No issuer found for the token creation date. The process continues with an issuer which has the same public key.
11:39:08.252 [pool-7-thread-99] INFO eu.europa.esig.dss.spi.x509.TokenIssuerSelector - The issuer subject name and subject name does not match (more details in debug mode).
11:39:08.252 [pool-7-thread-35] WARN eu.europa.esig.dss.spi.x509.TokenIssuerSelector - No issuer found for the token creation date. The process continues with an issuer which has the same public key.
11:39:08.252 [pool-7-thread-99] INFO eu.europa.esig.dss.spi.x509.TokenIssuerSelector - CERT ISSUER    : c=lu,ou=pki-test,o=nowina solutions,cn=external-ca
11:39:08.252 [pool-7-thread-99] INFO eu.europa.esig.dss.spi.x509.TokenIssuerSelector - ISSUER SUBJECT : c=lu,ou=pki-test,o=nowina solutions,cn=external-ca-alternative
11:39:08.252 [pool-7-thread-99] INFO eu.europa.esig.dss.spi.x509.TokenIssuerSelector - The issuer subject name and subject name does not match (more details in debug mode).
11:39:08.252 [pool-7-thread-99] INFO eu.europa.esig.dss.spi.x509.TokenIssuerSelector - CERT ISSUER    : c=lu,ou=pki-test,o=nowina solutions,cn=external-ca
11:39:08.252 [pool-7-thread-99] INFO eu.europa.esig.dss.spi.x509.TokenIssuerSelector - ISSUER SUBJECT : c=lu,ou=pki-test,o=nowina solutions,cn=external-ca-alternative
11:39:08.252 [pool-7-thread-99] INFO eu.europa.esig.dss.spi.x509.TokenIssuerSelector - The issuer subject name and subject name does not match (more details in debug mode).
11:39:08.252 [pool-7-thread-99] INFO eu.europa.esig.dss.spi.x509.TokenIssuerSelector - CERT ISSUER    : c=lu,ou=pki-test,o=nowina solutions,cn=external-ca
11:39:08.252 [pool-7-thread-99] INFO eu.europa.esig.dss.spi.x509.TokenIssuerSelector - ISSUER SUBJECT : c=lu,ou=pki-test,o=nowina solutions,cn=external-ca-alternative
11:39:08.253 [pool-7-thread-35] WARN eu.europa.esig.dss.spi.x509.TokenIssuerSelector - No issuer found for the token creation date. The process continues with an issuer which has the same public key.
11:39:08.259 [pool-7-thread-96] INFO eu.europa.esig.dss.spi.x509.TokenIssuerSelector - The issuer subject name and subject name does not match (more details in debug mode).
11:39:08.259 [pool-7-thread-96] INFO eu.europa.esig.dss.spi.x509.TokenIssuerSelector - CERT ISSUER    : c=lu,ou=pki-test,o=nowina solutions,cn=external-ca
11:39:08.259 [pool-7-thread-96] INFO eu.europa.esig.dss.spi.x509.TokenIssuerSelector - ISSUER SUBJECT : c=lu,ou=pki-test,o=nowina solutions,cn=external-ca-alternative
11:39:08.259 [pool-7-thread-96] INFO eu.europa.esig.dss.spi.x509.TokenIssuerSelector - The issuer subject name and subject name does not match (more details in debug mode).
11:39:08.259 [pool-7-thread-96] INFO eu.europa.esig.dss.spi.x509.TokenIssuerSelector - CERT ISSUER    : c=lu,ou=pki-test,o=nowina solutions,cn=external-ca
11:39:08.259 [pool-7-thread-96] INFO eu.europa.esig.dss.spi.x509.TokenIssuerSelector - ISSUER SUBJECT : c=lu,ou=pki-test,o=nowina solutions,cn=external-ca-alternative
11:39:08.259 [pool-7-thread-96] INFO eu.europa.esig.dss.spi.x509.TokenIssuerSelector - The issuer subject name and subject name does not match (more details in debug mode).
11:39:08.259 [pool-7-thread-96] INFO eu.europa.esig.dss.spi.x509.TokenIssuerSelector - CERT ISSUER    : c=lu,ou=pki-test,o=nowina solutions,cn=external-ca
11:39:08.259 [pool-7-thread-96] INFO eu.europa.esig.dss.spi.x509.TokenIssuerSelector - ISSUER SUBJECT : c=lu,ou=pki-test,o=nowina solutions,cn=external-ca-alternative
11:39:08.260 [pool-7-thread-88] INFO eu.europa.esig.dss.spi.x509.TokenIssuerSelector - The issuer subject name and subject name does not match (more details in debug mode).
11:39:08.260 [pool-7-thread-88] INFO eu.europa.esig.dss.spi.x509.TokenIssuerSelector - CERT ISSUER    : c=lu,ou=pki-test,o=nowina solutions,cn=external-ca
11:39:08.260 [pool-7-thread-88] INFO eu.europa.esig.dss.spi.x509.TokenIssuerSelector - ISSUER SUBJECT : c=lu,ou=pki-test,o=nowina solutions,cn=external-ca-alternative
11:39:08.260 [pool-7-thread-88] INFO eu.europa.esig.dss.spi.x509.TokenIssuerSelector - The issuer subject name and subject name does not match (more details in debug mode).
11:39:08.260 [pool-7-thread-88] INFO eu.europa.esig.dss.spi.x509.TokenIssuerSelector - CERT ISSUER    : c=lu,ou=pki-test,o=nowina solutions,cn=external-ca
11:39:08.260 [pool-7-thread-88] INFO eu.europa.esig.dss.spi.x509.TokenIssuerSelector - ISSUER SUBJECT : c=lu,ou=pki-test,o=nowina solutions,cn=external-ca-alternative
11:39:08.260 [pool-7-thread-88] INFO eu.europa.esig.dss.spi.x509.TokenIssuerSelector - The issuer subject name and subject name does not match (more details in debug mode).
11:39:08.260 [pool-7-thread-88] INFO eu.europa.esig.dss.spi.x509.TokenIssuerSelector - CERT ISSUER    : c=lu,ou=pki-test,o=nowina solutions,cn=external-ca
11:39:08.260 [pool-7-thread-88] INFO eu.europa.esig.dss.spi.x509.TokenIssuerSelector - ISSUER SUBJECT : c=lu,ou=pki-test,o=nowina solutions,cn=external-ca-alternative
11:39:08.261 [pool-7-thread-76] WARN eu.europa.esig.dss.spi.x509.TokenIssuerSelector - No issuer found for the token creation date. The process continues with an issuer which has the same public key.
11:39:08.262 [pool-7-thread-76] WARN eu.europa.esig.dss.spi.x509.TokenIssuerSelector - No issuer found for the token creation date. The process continues with an issuer which has the same public key.
11:39:08.265 [pool-7-thread-76] INFO eu.europa.esig.dss.spi.x509.TokenIssuerSelector - The issuer subject name and subject name does not match (more details in debug mode).
11:39:08.265 [pool-7-thread-76] INFO eu.europa.esig.dss.spi.x509.TokenIssuerSelector - CERT ISSUER    : c=lu,ou=pki-test,o=nowina solutions,cn=external-ca
11:39:08.265 [pool-7-thread-76] INFO eu.europa.esig.dss.spi.x509.TokenIssuerSelector - ISSUER SUBJECT : c=lu,ou=pki-test,o=nowina solutions,cn=external-ca-alternative
11:39:08.265 [pool-7-thread-76] INFO eu.europa.esig.dss.spi.x509.TokenIssuerSelector - The issuer subject name and subject name does not match (more details in debug mode).
11:39:08.265 [pool-7-thread-76] INFO eu.europa.esig.dss.spi.x509.TokenIssuerSelector - CERT ISSUER    : c=lu,ou=pki-test,o=nowina solutions,cn=external-ca
11:39:08.265 [pool-7-thread-76] INFO eu.europa.esig.dss.spi.x509.TokenIssuerSelector - ISSUER SUBJECT : c=lu,ou=pki-test,o=nowina solutions,cn=external-ca-alternative
11:39:08.265 [pool-7-thread-76] INFO eu.europa.esig.dss.spi.x509.TokenIssuerSelector - The issuer subject name and subject name does not match (more details in debug mode).
11:39:08.265 [pool-7-thread-76] INFO eu.europa.esig.dss.spi.x509.TokenIssuerSelector - CERT ISSUER    : c=lu,ou=pki-test,o=nowina solutions,cn=external-ca
11:39:08.265 [pool-7-thread-76] INFO eu.europa.esig.dss.spi.x509.TokenIssuerSelector - ISSUER SUBJECT : c=lu,ou=pki-test,o=nowina solutions,cn=external-ca-alternative
11:39:08.267 [pool-7-thread-96] WARN eu.europa.esig.dss.spi.x509.TokenIssuerSelector - No issuer found for the token creation date. The process continues with an issuer which has the same public key.
11:39:08.268 [pool-7-thread-96] WARN eu.europa.esig.dss.spi.x509.TokenIssuerSelector - No issuer found for the token creation date. The process continues with an issuer which has the same public key.
11:39:08.269 [pool-7-thread-96] INFO eu.europa.esig.dss.spi.x509.TokenIssuerSelector - The issuer subject name and subject name does not match (more details in debug mode).
11:39:08.269 [pool-7-thread-83] WARN eu.europa.esig.dss.spi.x509.TokenIssuerSelector - No issuer found for the token creation date. The process continues with an issuer which has the same public key.
11:39:08.269 [pool-7-thread-96] INFO eu.europa.esig.dss.spi.x509.TokenIssuerSelector - CERT ISSUER    : c=lu,ou=pki-test,o=nowina solutions,cn=external-ca
11:39:08.270 [pool-7-thread-96] INFO eu.europa.esig.dss.spi.x509.TokenIssuerSelector - ISSUER SUBJECT : c=lu,ou=pki-test,o=nowina solutions,cn=external-ca-alternative
11:39:08.270 [pool-7-thread-96] INFO eu.europa.esig.dss.spi.x509.TokenIssuerSelector - The issuer subject name and subject name does not match (more details in debug mode).
11:39:08.270 [pool-7-thread-96] INFO eu.europa.esig.dss.spi.x509.TokenIssuerSelector - CERT ISSUER    : c=lu,ou=pki-test,o=nowina solutions,cn=external-ca
11:39:08.270 [pool-7-thread-96] INFO eu.europa.esig.dss.spi.x509.TokenIssuerSelector - ISSUER SUBJECT : c=lu,ou=pki-test,o=nowina solutions,cn=external-ca-alternative
11:39:08.270 [pool-7-thread-96] INFO eu.europa.esig.dss.spi.x509.TokenIssuerSelector - The issuer subject name and subject name does not match (more details in debug mode).
11:39:08.270 [pool-7-thread-96] INFO eu.europa.esig.dss.spi.x509.TokenIssuerSelector - CERT ISSUER    : c=lu,ou=pki-test,o=nowina solutions,cn=external-ca
11:39:08.270 [pool-7-thread-96] INFO eu.europa.esig.dss.spi.x509.TokenIssuerSelector - ISSUER SUBJECT : c=lu,ou=pki-test,o=nowina solutions,cn=external-ca-alternative
11:39:08.271 [pool-7-thread-75] WARN eu.europa.esig.dss.spi.x509.TokenIssuerSelector - No issuer found for the token creation date. The process continues with an issuer which has the same public key.
11:39:08.271 [pool-7-thread-75] WARN eu.europa.esig.dss.spi.x509.TokenIssuerSelector - No issuer found for the token creation date. The process continues with an issuer which has the same public key.
11:39:08.274 [pool-7-thread-75] INFO eu.europa.esig.dss.spi.x509.TokenIssuerSelector - The issuer subject name and subject name does not match (more details in debug mode).
11:39:08.274 [pool-7-thread-72] WARN eu.europa.esig.dss.spi.x509.TokenIssuerSelector - No issuer found for the token creation date. The process continues with an issuer which has the same public key.
11:39:08.274 [pool-7-thread-75] INFO eu.europa.esig.dss.spi.x509.TokenIssuerSelector - CERT ISSUER    : c=lu,ou=pki-test,o=nowina solutions,cn=external-ca
11:39:08.274 [pool-7-thread-75] INFO eu.europa.esig.dss.spi.x509.TokenIssuerSelector - ISSUER SUBJECT : c=lu,ou=pki-test,o=nowina solutions,cn=external-ca-alternative
11:39:08.274 [pool-7-thread-75] INFO eu.europa.esig.dss.spi.x509.TokenIssuerSelector - The issuer subject name and subject name does not match (more details in debug mode).
11:39:08.274 [pool-7-thread-75] INFO eu.europa.esig.dss.spi.x509.TokenIssuerSelector - CERT ISSUER    : c=lu,ou=pki-test,o=nowina solutions,cn=external-ca
11:39:08.274 [pool-7-thread-75] INFO eu.europa.esig.dss.spi.x509.TokenIssuerSelector - ISSUER SUBJECT : c=lu,ou=pki-test,o=nowina solutions,cn=external-ca-alternative
11:39:08.274 [pool-7-thread-75] INFO eu.europa.esig.dss.spi.x509.TokenIssuerSelector - The issuer subject name and subject name does not match (more details in debug mode).
11:39:08.274 [pool-7-thread-75] INFO eu.europa.esig.dss.spi.x509.TokenIssuerSelector - CERT ISSUER    : c=lu,ou=pki-test,o=nowina solutions,cn=external-ca
11:39:08.274 [pool-7-thread-75] INFO eu.europa.esig.dss.spi.x509.TokenIssuerSelector - ISSUER SUBJECT : c=lu,ou=pki-test,o=nowina solutions,cn=external-ca-alternative
11:39:08.274 [pool-7-thread-44] WARN eu.europa.esig.dss.spi.x509.TokenIssuerSelector - No issuer found for the token creation date. The process continues with an issuer which has the same public key.
11:39:08.275 [pool-7-thread-39] WARN eu.europa.esig.dss.spi.x509.TokenIssuerSelector - No issuer found for the token creation date. The process continues with an issuer which has the same public key.
11:39:08.276 [pool-7-thread-39] INFO eu.europa.esig.dss.spi.x509.TokenIssuerSelector - The issuer subject name and subject name does not match (more details in debug mode).
11:39:08.277 [pool-7-thread-39] INFO eu.europa.esig.dss.spi.x509.TokenIssuerSelector - CERT ISSUER    : c=lu,ou=pki-test,o=nowina solutions,cn=external-ca
11:39:08.277 [pool-7-thread-39] INFO eu.europa.esig.dss.spi.x509.TokenIssuerSelector - ISSUER SUBJECT : c=lu,ou=pki-test,o=nowina solutions,cn=external-ca-alternative
11:39:08.277 [pool-7-thread-39] INFO eu.europa.esig.dss.spi.x509.TokenIssuerSelector - The issuer subject name and subject name does not match (more details in debug mode).
11:39:08.277 [pool-7-thread-39] INFO eu.europa.esig.dss.spi.x509.TokenIssuerSelector - CERT ISSUER    : c=lu,ou=pki-test,o=nowina solutions,cn=external-ca
11:39:08.277 [pool-7-thread-39] INFO eu.europa.esig.dss.spi.x509.TokenIssuerSelector - ISSUER SUBJECT : c=lu,ou=pki-test,o=nowina solutions,cn=external-ca-alternative
11:39:08.277 [pool-7-thread-39] INFO eu.europa.esig.dss.spi.x509.TokenIssuerSelector - The issuer subject name and subject name does not match (more details in debug mode).
11:39:08.277 [pool-7-thread-39] INFO eu.europa.esig.dss.spi.x509.TokenIssuerSelector - CERT ISSUER    : c=lu,ou=pki-test,o=nowina solutions,cn=external-ca
11:39:08.277 [pool-7-thread-39] INFO eu.europa.esig.dss.spi.x509.TokenIssuerSelector - ISSUER SUBJECT : c=lu,ou=pki-test,o=nowina solutions,cn=external-ca-alternative
11:39:08.277 [pool-7-thread-63] WARN eu.europa.esig.dss.spi.x509.TokenIssuerSelector - No issuer found for the token creation date. The process continues with an issuer which has the same public key.
11:39:08.281 [pool-7-thread-68] WARN eu.europa.esig.dss.spi.x509.TokenIssuerSelector - No issuer found for the token creation date. The process continues with an issuer which has the same public key.
11:39:08.281 [pool-7-thread-67] WARN eu.europa.esig.dss.spi.x509.TokenIssuerSelector - No issuer found for the token creation date. The process continues with an issuer which has the same public key.
11:39:08.283 [pool-7-thread-71] WARN eu.europa.esig.dss.spi.x509.TokenIssuerSelector - No issuer found for the token creation date. The process continues with an issuer which has the same public key.
11:39:08.283 [pool-7-thread-71] WARN eu.europa.esig.dss.spi.x509.TokenIssuerSelector - No issuer found for the token creation date. The process continues with an issuer which has the same public key.
11:39:08.285 [pool-7-thread-71] INFO eu.europa.esig.dss.spi.x509.TokenIssuerSelector - The issuer subject name and subject name does not match (more details in debug mode).
11:39:08.285 [pool-7-thread-71] INFO eu.europa.esig.dss.spi.x509.TokenIssuerSelector - CERT ISSUER    : c=lu,ou=pki-test,o=nowina solutions,cn=external-ca
11:39:08.285 [pool-7-thread-71] INFO eu.europa.esig.dss.spi.x509.TokenIssuerSelector - ISSUER SUBJECT : c=lu,ou=pki-test,o=nowina solutions,cn=external-ca-alternative
11:39:08.285 [pool-7-thread-71] INFO eu.europa.esig.dss.spi.x509.TokenIssuerSelector - The issuer subject name and subject name does not match (more details in debug mode).
11:39:08.285 [pool-7-thread-71] INFO eu.europa.esig.dss.spi.x509.TokenIssuerSelector - CERT ISSUER    : c=lu,ou=pki-test,o=nowina solutions,cn=external-ca
11:39:08.285 [pool-7-thread-71] INFO eu.europa.esig.dss.spi.x509.TokenIssuerSelector - ISSUER SUBJECT : c=lu,ou=pki-test,o=nowina solutions,cn=external-ca-alternative
11:39:08.285 [pool-7-thread-71] INFO eu.europa.esig.dss.spi.x509.TokenIssuerSelector - The issuer subject name and subject name does not match (more details in debug mode).
11:39:08.285 [pool-7-thread-71] INFO eu.europa.esig.dss.spi.x509.TokenIssuerSelector - CERT ISSUER    : c=lu,ou=pki-test,o=nowina solutions,cn=external-ca
11:39:08.285 [pool-7-thread-71] INFO eu.europa.esig.dss.spi.x509.TokenIssuerSelector - ISSUER SUBJECT : c=lu,ou=pki-test,o=nowina solutions,cn=external-ca-alternative
11:39:08.289 [pool-7-thread-81] WARN eu.europa.esig.dss.spi.x509.TokenIssuerSelector - No issuer found for the token creation date. The process continues with an issuer which has the same public key.
11:39:08.290 [pool-7-thread-81] WARN eu.europa.esig.dss.spi.x509.TokenIssuerSelector - No issuer found for the token creation date. The process continues with an issuer which has the same public key.
11:39:08.291 [pool-7-thread-81] INFO eu.europa.esig.dss.spi.x509.TokenIssuerSelector - The issuer subject name and subject name does not match (more details in debug mode).
11:39:08.291 [pool-7-thread-81] INFO eu.europa.esig.dss.spi.x509.TokenIssuerSelector - CERT ISSUER    : c=lu,ou=pki-test,o=nowina solutions,cn=external-ca
11:39:08.291 [pool-7-thread-81] INFO eu.europa.esig.dss.spi.x509.TokenIssuerSelector - ISSUER SUBJECT : c=lu,ou=pki-test,o=nowina solutions,cn=external-ca-alternative
11:39:08.291 [pool-7-thread-81] INFO eu.europa.esig.dss.spi.x509.TokenIssuerSelector - The issuer subject name and subject name does not match (more details in debug mode).
11:39:08.291 [pool-7-thread-81] INFO eu.europa.esig.dss.spi.x509.TokenIssuerSelector - CERT ISSUER    : c=lu,ou=pki-test,o=nowina solutions,cn=external-ca
11:39:08.291 [pool-7-thread-81] INFO eu.europa.esig.dss.spi.x509.TokenIssuerSelector - ISSUER SUBJECT : c=lu,ou=pki-test,o=nowina solutions,cn=external-ca-alternative
11:39:08.292 [pool-7-thread-81] INFO eu.europa.esig.dss.spi.x509.TokenIssuerSelector - The issuer subject name and subject name does not match (more details in debug mode).
11:39:08.292 [pool-7-thread-81] INFO eu.europa.esig.dss.spi.x509.TokenIssuerSelector - CERT ISSUER    : c=lu,ou=pki-test,o=nowina solutions,cn=external-ca
11:39:08.292 [pool-7-thread-81] INFO eu.europa.esig.dss.spi.x509.TokenIssuerSelector - ISSUER SUBJECT : c=lu,ou=pki-test,o=nowina solutions,cn=external-ca-alternative
11:39:08.292 [pool-7-thread-22] WARN eu.europa.esig.dss.spi.x509.TokenIssuerSelector - No issuer found for the token creation date. The process continues with an issuer which has the same public key.
11:39:08.303 [pool-7-thread-18] WARN eu.europa.esig.dss.spi.x509.TokenIssuerSelector - No issuer found for the token creation date. The process continues with an issuer which has the same public key.
11:39:08.304 [pool-7-thread-64] WARN eu.europa.esig.dss.spi.x509.TokenIssuerSelector - No issuer found for the token creation date. The process continues with an issuer which has the same public key.
11:39:08.305 [pool-7-thread-64] WARN eu.europa.esig.dss.spi.x509.TokenIssuerSelector - No issuer found for the token creation date. The process continues with an issuer which has the same public key.
11:39:08.306 [pool-7-thread-64] INFO eu.europa.esig.dss.spi.x509.TokenIssuerSelector - The issuer subject name and subject name does not match (more details in debug mode).
11:39:08.306 [pool-7-thread-64] INFO eu.europa.esig.dss.spi.x509.TokenIssuerSelector - CERT ISSUER    : c=lu,ou=pki-test,o=nowina solutions,cn=external-ca
11:39:08.306 [pool-7-thread-64] INFO eu.europa.esig.dss.spi.x509.TokenIssuerSelector - ISSUER SUBJECT : c=lu,ou=pki-test,o=nowina solutions,cn=external-ca-alternative
11:39:08.306 [pool-7-thread-64] INFO eu.europa.esig.dss.spi.x509.TokenIssuerSelector - The issuer subject name and subject name does not match (more details in debug mode).
11:39:08.306 [pool-7-thread-64] INFO eu.europa.esig.dss.spi.x509.TokenIssuerSelector - CERT ISSUER    : c=lu,ou=pki-test,o=nowina solutions,cn=external-ca
11:39:08.306 [pool-7-thread-64] INFO eu.europa.esig.dss.spi.x509.TokenIssuerSelector - ISSUER SUBJECT : c=lu,ou=pki-test,o=nowina solutions,cn=external-ca-alternative
11:39:08.306 [pool-7-thread-64] INFO eu.europa.esig.dss.spi.x509.TokenIssuerSelector - The issuer subject name and subject name does not match (more details in debug mode).
11:39:08.306 [pool-7-thread-64] INFO eu.europa.esig.dss.spi.x509.TokenIssuerSelector - CERT ISSUER    : c=lu,ou=pki-test,o=nowina solutions,cn=external-ca
11:39:08.306 [pool-7-thread-64] INFO eu.europa.esig.dss.spi.x509.TokenIssuerSelector - ISSUER SUBJECT : c=lu,ou=pki-test,o=nowina solutions,cn=external-ca-alternative
11:39:08.307 [pool-7-thread-98] INFO eu.europa.esig.dss.spi.x509.TokenIssuerSelector - The issuer subject name and subject name does not match (more details in debug mode).
11:39:08.307 [pool-7-thread-98] INFO eu.europa.esig.dss.spi.x509.TokenIssuerSelector - CERT ISSUER    : c=lu,ou=pki-test,o=nowina solutions,cn=external-ca
11:39:08.307 [pool-7-thread-98] INFO eu.europa.esig.dss.spi.x509.TokenIssuerSelector - ISSUER SUBJECT : c=lu,ou=pki-test,o=nowina solutions,cn=external-ca-alternative
11:39:08.308 [pool-7-thread-98] INFO eu.europa.esig.dss.spi.x509.TokenIssuerSelector - The issuer subject name and subject name does not match (more details in debug mode).
11:39:08.308 [pool-7-thread-98] INFO eu.europa.esig.dss.spi.x509.TokenIssuerSelector - CERT ISSUER    : c=lu,ou=pki-test,o=nowina solutions,cn=external-ca
11:39:08.308 [pool-7-thread-98] INFO eu.europa.esig.dss.spi.x509.TokenIssuerSelector - ISSUER SUBJECT : c=lu,ou=pki-test,o=nowina solutions,cn=external-ca-alternative
11:39:08.308 [pool-7-thread-98] INFO eu.europa.esig.dss.spi.x509.TokenIssuerSelector - The issuer subject name and subject name does not match (more details in debug mode).
11:39:08.308 [pool-7-thread-98] INFO eu.europa.esig.dss.spi.x509.TokenIssuerSelector - CERT ISSUER    : c=lu,ou=pki-test,o=nowina solutions,cn=external-ca
11:39:08.308 [pool-7-thread-98] INFO eu.europa.esig.dss.spi.x509.TokenIssuerSelector - ISSUER SUBJECT : c=lu,ou=pki-test,o=nowina solutions,cn=external-ca-alternative
11:39:08.309 [pool-7-thread-90] WARN eu.europa.esig.dss.spi.x509.TokenIssuerSelector - No issuer found for the token creation date. The process continues with an issuer which has the same public key.
11:39:08.310 [pool-7-thread-80] WARN eu.europa.esig.dss.spi.x509.TokenIssuerSelector - No issuer found for the token creation date. The process continues with an issuer which has the same public key.
11:39:08.311 [pool-7-thread-89] WARN eu.europa.esig.dss.spi.x509.TokenIssuerSelector - No issuer found for the token creation date. The process continues with an issuer which has the same public key.
11:39:08.313 [pool-7-thread-98] WARN eu.europa.esig.dss.spi.x509.TokenIssuerSelector - No issuer found for the token creation date. The process continues with an issuer which has the same public key.
11:39:08.314 [pool-7-thread-84] WARN eu.europa.esig.dss.spi.x509.TokenIssuerSelector - No issuer found for the token creation date. The process continues with an issuer which has the same public key.
11:39:08.315 [pool-7-thread-84] WARN eu.europa.esig.dss.spi.x509.TokenIssuerSelector - No issuer found for the token creation date. The process continues with an issuer which has the same public key.
11:39:08.320 [pool-7-thread-84] INFO eu.europa.esig.dss.spi.x509.TokenIssuerSelector - The issuer subject name and subject name does not match (more details in debug mode).
11:39:08.320 [pool-7-thread-32] WARN eu.europa.esig.dss.spi.x509.TokenIssuerSelector - No issuer found for the token creation date. The process continues with an issuer which has the same public key.
11:39:08.320 [pool-7-thread-84] INFO eu.europa.esig.dss.spi.x509.TokenIssuerSelector - CERT ISSUER    : c=lu,ou=pki-test,o=nowina solutions,cn=external-ca
11:39:08.320 [pool-7-thread-84] INFO eu.europa.esig.dss.spi.x509.TokenIssuerSelector - ISSUER SUBJECT : c=lu,ou=pki-test,o=nowina solutions,cn=external-ca-alternative
11:39:08.320 [pool-7-thread-84] INFO eu.europa.esig.dss.spi.x509.TokenIssuerSelector - The issuer subject name and subject name does not match (more details in debug mode).
11:39:08.320 [pool-7-thread-84] INFO eu.europa.esig.dss.spi.x509.TokenIssuerSelector - CERT ISSUER    : c=lu,ou=pki-test,o=nowina solutions,cn=external-ca
11:39:08.320 [pool-7-thread-84] INFO eu.europa.esig.dss.spi.x509.TokenIssuerSelector - ISSUER SUBJECT : c=lu,ou=pki-test,o=nowina solutions,cn=external-ca-alternative
11:39:08.320 [pool-7-thread-84] INFO eu.europa.esig.dss.spi.x509.TokenIssuerSelector - The issuer subject name and subject name does not match (more details in debug mode).
11:39:08.320 [pool-7-thread-84] INFO eu.europa.esig.dss.spi.x509.TokenIssuerSelector - CERT ISSUER    : c=lu,ou=pki-test,o=nowina solutions,cn=external-ca
11:39:08.320 [pool-7-thread-84] INFO eu.europa.esig.dss.spi.x509.TokenIssuerSelector - ISSUER SUBJECT : c=lu,ou=pki-test,o=nowina solutions,cn=external-ca-alternative
11:39:08.324 [pool-7-thread-85] WARN eu.europa.esig.dss.spi.x509.TokenIssuerSelector - No issuer found for the token creation date. The process continues with an issuer which has the same public key.
11:39:08.325 [pool-7-thread-87] WARN eu.europa.esig.dss.spi.x509.TokenIssuerSelector - No issuer found for the token creation date. The process continues with an issuer which has the same public key.
11:39:08.325 [pool-7-thread-87] WARN eu.europa.esig.dss.spi.x509.TokenIssuerSelector - No issuer found for the token creation date. The process continues with an issuer which has the same public key.
11:39:08.329 [pool-7-thread-87] INFO eu.europa.esig.dss.spi.x509.TokenIssuerSelector - The issuer subject name and subject name does not match (more details in debug mode).
11:39:08.329 [pool-7-thread-87] INFO eu.europa.esig.dss.spi.x509.TokenIssuerSelector - CERT ISSUER    : c=lu,ou=pki-test,o=nowina solutions,cn=external-ca
11:39:08.329 [pool-7-thread-87] INFO eu.europa.esig.dss.spi.x509.TokenIssuerSelector - ISSUER SUBJECT : c=lu,ou=pki-test,o=nowina solutions,cn=external-ca-alternative
11:39:08.329 [pool-7-thread-87] INFO eu.europa.esig.dss.spi.x509.TokenIssuerSelector - The issuer subject name and subject name does not match (more details in debug mode).
11:39:08.329 [pool-7-thread-87] INFO eu.europa.esig.dss.spi.x509.TokenIssuerSelector - CERT ISSUER    : c=lu,ou=pki-test,o=nowina solutions,cn=external-ca
11:39:08.329 [pool-7-thread-87] INFO eu.europa.esig.dss.spi.x509.TokenIssuerSelector - ISSUER SUBJECT : c=lu,ou=pki-test,o=nowina solutions,cn=external-ca-alternative
11:39:08.329 [pool-7-thread-87] INFO eu.europa.esig.dss.spi.x509.TokenIssuerSelector - The issuer subject name and subject name does not match (more details in debug mode).
11:39:08.329 [pool-7-thread-87] INFO eu.europa.esig.dss.spi.x509.TokenIssuerSelector - CERT ISSUER    : c=lu,ou=pki-test,o=nowina solutions,cn=external-ca
11:39:08.329 [pool-7-thread-87] INFO eu.europa.esig.dss.spi.x509.TokenIssuerSelector - ISSUER SUBJECT : c=lu,ou=pki-test,o=nowina solutions,cn=external-ca-alternative
11:39:08.332 [pool-7-thread-87] WARN eu.europa.esig.dss.spi.x509.TokenIssuerSelector - No issuer found for the token creation date. The process continues with an issuer which has the same public key.
11:39:08.333 [pool-7-thread-87] WARN eu.europa.esig.dss.spi.x509.TokenIssuerSelector - No issuer found for the token creation date. The process continues with an issuer which has the same public key.
11:39:08.337 [pool-7-thread-87] INFO eu.europa.esig.dss.spi.x509.TokenIssuerSelector - The issuer subject name and subject name does not match (more details in debug mode).
11:39:08.337 [pool-7-thread-87] INFO eu.europa.esig.dss.spi.x509.TokenIssuerSelector - CERT ISSUER    : c=lu,ou=pki-test,o=nowina solutions,cn=external-ca
11:39:08.337 [pool-7-thread-87] INFO eu.europa.esig.dss.spi.x509.TokenIssuerSelector - ISSUER SUBJECT : c=lu,ou=pki-test,o=nowina solutions,cn=external-ca-alternative
11:39:08.337 [pool-7-thread-87] INFO eu.europa.esig.dss.spi.x509.TokenIssuerSelector - The issuer subject name and subject name does not match (more details in debug mode).
11:39:08.337 [pool-7-thread-87] INFO eu.europa.esig.dss.spi.x509.TokenIssuerSelector - CERT ISSUER    : c=lu,ou=pki-test,o=nowina solutions,cn=external-ca
11:39:08.337 [pool-7-thread-87] INFO eu.europa.esig.dss.spi.x509.TokenIssuerSelector - ISSUER SUBJECT : c=lu,ou=pki-test,o=nowina solutions,cn=external-ca-alternative
11:39:08.337 [pool-7-thread-87] INFO eu.europa.esig.dss.spi.x509.TokenIssuerSelector - The issuer subject name and subject name does not match (more details in debug mode).
11:39:08.337 [pool-7-thread-87] INFO eu.europa.esig.dss.spi.x509.TokenIssuerSelector - CERT ISSUER    : c=lu,ou=pki-test,o=nowina solutions,cn=external-ca
11:39:08.337 [pool-7-thread-87] INFO eu.europa.esig.dss.spi.x509.TokenIssuerSelector - ISSUER SUBJECT : c=lu,ou=pki-test,o=nowina solutions,cn=external-ca-alternative
11:39:08.338 [pool-7-thread-34] WARN eu.europa.esig.dss.spi.x509.TokenIssuerSelector - No issuer found for the token creation date. The process continues with an issuer which has the same public key.
11:39:08.340 [pool-7-thread-34] INFO eu.europa.esig.dss.spi.x509.TokenIssuerSelector - The issuer subject name and subject name does not match (more details in debug mode).
11:39:08.340 [pool-7-thread-34] INFO eu.europa.esig.dss.spi.x509.TokenIssuerSelector - CERT ISSUER    : c=lu,ou=pki-test,o=nowina solutions,cn=external-ca
11:39:08.340 [pool-7-thread-34] INFO eu.europa.esig.dss.spi.x509.TokenIssuerSelector - ISSUER SUBJECT : c=lu,ou=pki-test,o=nowina solutions,cn=external-ca-alternative
11:39:08.340 [pool-7-thread-34] INFO eu.europa.esig.dss.spi.x509.TokenIssuerSelector - The issuer subject name and subject name does not match (more details in debug mode).
11:39:08.340 [pool-7-thread-34] INFO eu.europa.esig.dss.spi.x509.TokenIssuerSelector - CERT ISSUER    : c=lu,ou=pki-test,o=nowina solutions,cn=external-ca
11:39:08.340 [pool-7-thread-34] INFO eu.europa.esig.dss.spi.x509.TokenIssuerSelector - ISSUER SUBJECT : c=lu,ou=pki-test,o=nowina solutions,cn=external-ca-alternative
11:39:08.340 [pool-7-thread-34] INFO eu.europa.esig.dss.spi.x509.TokenIssuerSelector - The issuer subject name and subject name does not match (more details in debug mode).
11:39:08.340 [pool-7-thread-34] INFO eu.europa.esig.dss.spi.x509.TokenIssuerSelector - CERT ISSUER    : c=lu,ou=pki-test,o=nowina solutions,cn=external-ca
11:39:08.340 [pool-7-thread-34] INFO eu.europa.esig.dss.spi.x509.TokenIssuerSelector - ISSUER SUBJECT : c=lu,ou=pki-test,o=nowina solutions,cn=external-ca-alternative
11:39:08.348 [pool-7-thread-86] WARN eu.europa.esig.dss.spi.x509.TokenIssuerSelector - No issuer found for the token creation date. The process continues with an issuer which has the same public key.
11:39:08.348 [pool-7-thread-86] WARN eu.europa.esig.dss.spi.x509.TokenIssuerSelector - No issuer found for the token creation date. The process continues with an issuer which has the same public key.
11:39:08.350 [pool-7-thread-86] INFO eu.europa.esig.dss.spi.x509.TokenIssuerSelector - The issuer subject name and subject name does not match (more details in debug mode).
11:39:08.351 [pool-7-thread-86] INFO eu.europa.esig.dss.spi.x509.TokenIssuerSelector - CERT ISSUER    : c=lu,ou=pki-test,o=nowina solutions,cn=external-ca
11:39:08.351 [pool-7-thread-86] INFO eu.europa.esig.dss.spi.x509.TokenIssuerSelector - ISSUER SUBJECT : c=lu,ou=pki-test,o=nowina solutions,cn=external-ca-alternative
11:39:08.351 [pool-7-thread-86] INFO eu.europa.esig.dss.spi.x509.TokenIssuerSelector - The issuer subject name and subject name does not match (more details in debug mode).
11:39:08.351 [pool-7-thread-86] INFO eu.europa.esig.dss.spi.x509.TokenIssuerSelector - CERT ISSUER    : c=lu,ou=pki-test,o=nowina solutions,cn=external-ca
11:39:08.351 [pool-7-thread-86] INFO eu.europa.esig.dss.spi.x509.TokenIssuerSelector - ISSUER SUBJECT : c=lu,ou=pki-test,o=nowina solutions,cn=external-ca-alternative
11:39:08.351 [pool-7-thread-86] INFO eu.europa.esig.dss.spi.x509.TokenIssuerSelector - The issuer subject name and subject name does not match (more details in debug mode).
11:39:08.351 [pool-7-thread-86] INFO eu.europa.esig.dss.spi.x509.TokenIssuerSelector - CERT ISSUER    : c=lu,ou=pki-test,o=nowina solutions,cn=external-ca
11:39:08.351 [pool-7-thread-86] INFO eu.europa.esig.dss.spi.x509.TokenIssuerSelector - ISSUER SUBJECT : c=lu,ou=pki-test,o=nowina solutions,cn=external-ca-alternative
11:39:08.355 [pool-7-thread-73] INFO eu.europa.esig.dss.spi.x509.TokenIssuerSelector - The issuer subject name and subject name does not match (more details in debug mode).
11:39:08.355 [pool-7-thread-73] INFO eu.europa.esig.dss.spi.x509.TokenIssuerSelector - CERT ISSUER    : c=lu,ou=pki-test,o=nowina solutions,cn=external-ca
11:39:08.355 [pool-7-thread-73] INFO eu.europa.esig.dss.spi.x509.TokenIssuerSelector - ISSUER SUBJECT : c=lu,ou=pki-test,o=nowina solutions,cn=external-ca-alternative
11:39:08.355 [pool-7-thread-73] INFO eu.europa.esig.dss.spi.x509.TokenIssuerSelector - The issuer subject name and subject name does not match (more details in debug mode).
11:39:08.355 [pool-7-thread-73] INFO eu.europa.esig.dss.spi.x509.TokenIssuerSelector - CERT ISSUER    : c=lu,ou=pki-test,o=nowina solutions,cn=external-ca
11:39:08.355 [pool-7-thread-73] INFO eu.europa.esig.dss.spi.x509.TokenIssuerSelector - ISSUER SUBJECT : c=lu,ou=pki-test,o=nowina solutions,cn=external-ca-alternative
11:39:08.355 [pool-7-thread-73] INFO eu.europa.esig.dss.spi.x509.TokenIssuerSelector - The issuer subject name and subject name does not match (more details in debug mode).
11:39:08.355 [pool-7-thread-73] INFO eu.europa.esig.dss.spi.x509.TokenIssuerSelector - CERT ISSUER    : c=lu,ou=pki-test,o=nowina solutions,cn=external-ca
11:39:08.355 [pool-7-thread-73] INFO eu.europa.esig.dss.spi.x509.TokenIssuerSelector - ISSUER SUBJECT : c=lu,ou=pki-test,o=nowina solutions,cn=external-ca-alternative
11:39:08.356 [pool-7-thread-86] WARN eu.europa.esig.dss.spi.x509.TokenIssuerSelector - No issuer found for the token creation date. The process continues with an issuer which has the same public key.
11:39:08.356 [pool-7-thread-86] WARN eu.europa.esig.dss.spi.x509.TokenIssuerSelector - No issuer found for the token creation date. The process continues with an issuer which has the same public key.
11:39:08.357 [pool-7-thread-41] WARN eu.europa.esig.dss.spi.x509.TokenIssuerSelector - No issuer found for the token creation date. The process continues with an issuer which has the same public key.
11:39:08.358 [pool-7-thread-73] WARN eu.europa.esig.dss.spi.x509.TokenIssuerSelector - No issuer found for the token creation date. The process continues with an issuer which has the same public key.
11:39:08.360 [pool-7-thread-73] WARN eu.europa.esig.dss.spi.x509.TokenIssuerSelector - No issuer found for the token creation date. The process continues with an issuer which has the same public key.
11:39:08.363 [pool-7-thread-77] WARN eu.europa.esig.dss.spi.x509.TokenIssuerSelector - No issuer found for the token creation date. The process continues with an issuer which has the same public key.
11:39:08.363 [pool-7-thread-73] INFO eu.europa.esig.dss.spi.x509.TokenIssuerSelector - The issuer subject name and subject name does not match (more details in debug mode).
11:39:08.364 [pool-7-thread-73] INFO eu.europa.esig.dss.spi.x509.TokenIssuerSelector - CERT ISSUER    : c=lu,ou=pki-test,o=nowina solutions,cn=external-ca
11:39:08.364 [pool-7-thread-73] INFO eu.europa.esig.dss.spi.x509.TokenIssuerSelector - ISSUER SUBJECT : c=lu,ou=pki-test,o=nowina solutions,cn=external-ca-alternative
11:39:08.364 [pool-7-thread-73] INFO eu.europa.esig.dss.spi.x509.TokenIssuerSelector - The issuer subject name and subject name does not match (more details in debug mode).
11:39:08.364 [pool-7-thread-73] INFO eu.europa.esig.dss.spi.x509.TokenIssuerSelector - CERT ISSUER    : c=lu,ou=pki-test,o=nowina solutions,cn=external-ca
11:39:08.364 [pool-7-thread-73] INFO eu.europa.esig.dss.spi.x509.TokenIssuerSelector - ISSUER SUBJECT : c=lu,ou=pki-test,o=nowina solutions,cn=external-ca-alternative
11:39:08.364 [pool-7-thread-73] INFO eu.europa.esig.dss.spi.x509.TokenIssuerSelector - The issuer subject name and subject name does not match (more details in debug mode).
11:39:08.364 [pool-7-thread-73] INFO eu.europa.esig.dss.spi.x509.TokenIssuerSelector - CERT ISSUER    : c=lu,ou=pki-test,o=nowina solutions,cn=external-ca
11:39:08.364 [pool-7-thread-73] INFO eu.europa.esig.dss.spi.x509.TokenIssuerSelector - ISSUER SUBJECT : c=lu,ou=pki-test,o=nowina solutions,cn=external-ca-alternative
11:39:08.365 [pool-7-thread-77] INFO eu.europa.esig.dss.spi.x509.TokenIssuerSelector - The issuer subject name and subject name does not match (more details in debug mode).
11:39:08.365 [pool-7-thread-77] INFO eu.europa.esig.dss.spi.x509.TokenIssuerSelector - CERT ISSUER    : c=lu,ou=pki-test,o=nowina solutions,cn=external-ca
11:39:08.365 [pool-7-thread-77] INFO eu.europa.esig.dss.spi.x509.TokenIssuerSelector - ISSUER SUBJECT : c=lu,ou=pki-test,o=nowina solutions,cn=external-ca-alternative
11:39:08.365 [pool-7-thread-77] INFO eu.europa.esig.dss.spi.x509.TokenIssuerSelector - The issuer subject name and subject name does not match (more details in debug mode).
11:39:08.365 [pool-7-thread-77] INFO eu.europa.esig.dss.spi.x509.TokenIssuerSelector - CERT ISSUER    : c=lu,ou=pki-test,o=nowina solutions,cn=external-ca
11:39:08.365 [pool-7-thread-77] INFO eu.europa.esig.dss.spi.x509.TokenIssuerSelector - ISSUER SUBJECT : c=lu,ou=pki-test,o=nowina solutions,cn=external-ca-alternative
11:39:08.365 [pool-7-thread-77] INFO eu.europa.esig.dss.spi.x509.TokenIssuerSelector - The issuer subject name and subject name does not match (more details in debug mode).
11:39:08.365 [pool-7-thread-77] INFO eu.europa.esig.dss.spi.x509.TokenIssuerSelector - CERT ISSUER    : c=lu,ou=pki-test,o=nowina solutions,cn=external-ca
11:39:08.365 [pool-7-thread-77] INFO eu.europa.esig.dss.spi.x509.TokenIssuerSelector - ISSUER SUBJECT : c=lu,ou=pki-test,o=nowina solutions,cn=external-ca-alternative
11:39:08.369 [pool-7-thread-73] WARN eu.europa.esig.dss.spi.x509.TokenIssuerSelector - No issuer found for the token creation date. The process continues with an issuer which has the same public key.
11:39:08.371 [pool-7-thread-74] WARN eu.europa.esig.dss.spi.x509.TokenIssuerSelector - No issuer found for the token creation date. The process continues with an issuer which has the same public key.
11:39:08.372 [pool-7-thread-74] WARN eu.europa.esig.dss.spi.x509.TokenIssuerSelector - No issuer found for the token creation date. The process continues with an issuer which has the same public key.
11:39:08.373 [pool-7-thread-74] INFO eu.europa.esig.dss.spi.x509.TokenIssuerSelector - The issuer subject name and subject name does not match (more details in debug mode).
11:39:08.373 [pool-7-thread-74] INFO eu.europa.esig.dss.spi.x509.TokenIssuerSelector - CERT ISSUER    : c=lu,ou=pki-test,o=nowina solutions,cn=external-ca
11:39:08.373 [pool-7-thread-74] INFO eu.europa.esig.dss.spi.x509.TokenIssuerSelector - ISSUER SUBJECT : c=lu,ou=pki-test,o=nowina solutions,cn=external-ca-alternative
11:39:08.373 [pool-7-thread-74] INFO eu.europa.esig.dss.spi.x509.TokenIssuerSelector - The issuer subject name and subject name does not match (more details in debug mode).
11:39:08.373 [pool-7-thread-74] INFO eu.europa.esig.dss.spi.x509.TokenIssuerSelector - CERT ISSUER    : c=lu,ou=pki-test,o=nowina solutions,cn=external-ca
11:39:08.373 [pool-7-thread-74] INFO eu.europa.esig.dss.spi.x509.TokenIssuerSelector - ISSUER SUBJECT : c=lu,ou=pki-test,o=nowina solutions,cn=external-ca-alternative
11:39:08.373 [pool-7-thread-74] INFO eu.europa.esig.dss.spi.x509.TokenIssuerSelector - The issuer subject name and subject name does not match (more details in debug mode).
11:39:08.373 [pool-7-thread-74] INFO eu.europa.esig.dss.spi.x509.TokenIssuerSelector - CERT ISSUER    : c=lu,ou=pki-test,o=nowina solutions,cn=external-ca
11:39:08.373 [pool-7-thread-74] INFO eu.europa.esig.dss.spi.x509.TokenIssuerSelector - ISSUER SUBJECT : c=lu,ou=pki-test,o=nowina solutions,cn=external-ca-alternative
11:39:08.377 [pool-7-thread-43] WARN eu.europa.esig.dss.spi.x509.TokenIssuerSelector - No issuer found for the token creation date. The process continues with an issuer which has the same public key.
11:39:08.378 [pool-7-thread-43] WARN eu.europa.esig.dss.spi.x509.TokenIssuerSelector - No issuer found for the token creation date. The process continues with an issuer which has the same public key.
11:39:08.379 [pool-7-thread-43] INFO eu.europa.esig.dss.spi.x509.TokenIssuerSelector - The issuer subject name and subject name does not match (more details in debug mode).
11:39:08.380 [pool-7-thread-43] INFO eu.europa.esig.dss.spi.x509.TokenIssuerSelector - CERT ISSUER    : c=lu,ou=pki-test,o=nowina solutions,cn=external-ca
11:39:08.380 [pool-7-thread-43] INFO eu.europa.esig.dss.spi.x509.TokenIssuerSelector - ISSUER SUBJECT : c=lu,ou=pki-test,o=nowina solutions,cn=external-ca-alternative
11:39:08.380 [pool-7-thread-43] INFO eu.europa.esig.dss.spi.x509.TokenIssuerSelector - The issuer subject name and subject name does not match (more details in debug mode).
11:39:08.380 [pool-7-thread-43] INFO eu.europa.esig.dss.spi.x509.TokenIssuerSelector - CERT ISSUER    : c=lu,ou=pki-test,o=nowina solutions,cn=external-ca
11:39:08.380 [pool-7-thread-43] INFO eu.europa.esig.dss.spi.x509.TokenIssuerSelector - ISSUER SUBJECT : c=lu,ou=pki-test,o=nowina solutions,cn=external-ca-alternative
11:39:08.380 [pool-7-thread-43] INFO eu.europa.esig.dss.spi.x509.TokenIssuerSelector - The issuer subject name and subject name does not match (more details in debug mode).
11:39:08.380 [pool-7-thread-43] INFO eu.europa.esig.dss.spi.x509.TokenIssuerSelector - CERT ISSUER    : c=lu,ou=pki-test,o=nowina solutions,cn=external-ca
11:39:08.380 [pool-7-thread-43] INFO eu.europa.esig.dss.spi.x509.TokenIssuerSelector - ISSUER SUBJECT : c=lu,ou=pki-test,o=nowina solutions,cn=external-ca-alternative
11:39:08.382 [pool-7-thread-16] WARN eu.europa.esig.dss.spi.x509.TokenIssuerSelector - No issuer found for the token creation date. The process continues with an issuer which has the same public key.
11:39:08.387 [pool-7-thread-65] INFO eu.europa.esig.dss.spi.x509.TokenIssuerSelector - The issuer subject name and subject name does not match (more details in debug mode).
11:39:08.387 [pool-7-thread-65] INFO eu.europa.esig.dss.spi.x509.TokenIssuerSelector - CERT ISSUER    : c=lu,ou=pki-test,o=nowina solutions,cn=external-ca
11:39:08.387 [pool-7-thread-65] INFO eu.europa.esig.dss.spi.x509.TokenIssuerSelector - ISSUER SUBJECT : c=lu,ou=pki-test,o=nowina solutions,cn=external-ca-alternative
11:39:08.387 [pool-7-thread-65] INFO eu.europa.esig.dss.spi.x509.TokenIssuerSelector - The issuer subject name and subject name does not match (more details in debug mode).
11:39:08.387 [pool-7-thread-65] INFO eu.europa.esig.dss.spi.x509.TokenIssuerSelector - CERT ISSUER    : c=lu,ou=pki-test,o=nowina solutions,cn=external-ca
11:39:08.387 [pool-7-thread-65] INFO eu.europa.esig.dss.spi.x509.TokenIssuerSelector - ISSUER SUBJECT : c=lu,ou=pki-test,o=nowina solutions,cn=external-ca-alternative
11:39:08.387 [pool-7-thread-65] INFO eu.europa.esig.dss.spi.x509.TokenIssuerSelector - The issuer subject name and subject name does not match (more details in debug mode).
11:39:08.387 [pool-7-thread-65] INFO eu.europa.esig.dss.spi.x509.TokenIssuerSelector - CERT ISSUER    : c=lu,ou=pki-test,o=nowina solutions,cn=external-ca
11:39:08.387 [pool-7-thread-65] INFO eu.europa.esig.dss.spi.x509.TokenIssuerSelector - ISSUER SUBJECT : c=lu,ou=pki-test,o=nowina solutions,cn=external-ca-alternative
11:39:08.396 [pool-7-thread-65] WARN eu.europa.esig.dss.spi.x509.TokenIssuerSelector - No issuer found for the token creation date. The process continues with an issuer which has the same public key.
11:39:08.398 [pool-7-thread-65] WARN eu.europa.esig.dss.spi.x509.TokenIssuerSelector - No issuer found for the token creation date. The process continues with an issuer which has the same public key.
11:39:08.399 [pool-7-thread-65] INFO eu.europa.esig.dss.spi.x509.TokenIssuerSelector - The issuer subject name and subject name does not match (more details in debug mode).
11:39:08.399 [pool-7-thread-65] INFO eu.europa.esig.dss.spi.x509.TokenIssuerSelector - CERT ISSUER    : c=lu,ou=pki-test,o=nowina solutions,cn=external-ca
11:39:08.399 [pool-7-thread-65] INFO eu.europa.esig.dss.spi.x509.TokenIssuerSelector - ISSUER SUBJECT : c=lu,ou=pki-test,o=nowina solutions,cn=external-ca-alternative
11:39:08.399 [pool-7-thread-65] INFO eu.europa.esig.dss.spi.x509.TokenIssuerSelector - The issuer subject name and subject name does not match (more details in debug mode).
11:39:08.399 [pool-7-thread-65] INFO eu.europa.esig.dss.spi.x509.TokenIssuerSelector - CERT ISSUER    : c=lu,ou=pki-test,o=nowina solutions,cn=external-ca
11:39:08.399 [pool-7-thread-65] INFO eu.europa.esig.dss.spi.x509.TokenIssuerSelector - ISSUER SUBJECT : c=lu,ou=pki-test,o=nowina solutions,cn=external-ca-alternative
11:39:08.399 [pool-7-thread-65] INFO eu.europa.esig.dss.spi.x509.TokenIssuerSelector - The issuer subject name and subject name does not match (more details in debug mode).
11:39:08.399 [pool-7-thread-65] INFO eu.europa.esig.dss.spi.x509.TokenIssuerSelector - CERT ISSUER    : c=lu,ou=pki-test,o=nowina solutions,cn=external-ca
11:39:08.399 [pool-7-thread-65] INFO eu.europa.esig.dss.spi.x509.TokenIssuerSelector - ISSUER SUBJECT : c=lu,ou=pki-test,o=nowina solutions,cn=external-ca-alternative
11:39:08.399 [pool-7-thread-1] WARN eu.europa.esig.dss.spi.x509.TokenIssuerSelector - No issuer found for the token creation date. The process continues with an issuer which has the same public key.
11:39:08.400 [pool-7-thread-1] WARN eu.europa.esig.dss.spi.x509.TokenIssuerSelector - No issuer found for the token creation date. The process continues with an issuer which has the same public key.
11:39:08.403 [pool-7-thread-1] INFO eu.europa.esig.dss.spi.x509.TokenIssuerSelector - The issuer subject name and subject name does not match (more details in debug mode).
11:39:08.403 [pool-7-thread-1] INFO eu.europa.esig.dss.spi.x509.TokenIssuerSelector - CERT ISSUER    : c=lu,ou=pki-test,o=nowina solutions,cn=external-ca
11:39:08.403 [pool-7-thread-1] INFO eu.europa.esig.dss.spi.x509.TokenIssuerSelector - ISSUER SUBJECT : c=lu,ou=pki-test,o=nowina solutions,cn=external-ca-alternative
11:39:08.403 [pool-7-thread-1] INFO eu.europa.esig.dss.spi.x509.TokenIssuerSelector - The issuer subject name and subject name does not match (more details in debug mode).
11:39:08.403 [pool-7-thread-1] INFO eu.europa.esig.dss.spi.x509.TokenIssuerSelector - CERT ISSUER    : c=lu,ou=pki-test,o=nowina solutions,cn=external-ca
11:39:08.403 [pool-7-thread-1] INFO eu.europa.esig.dss.spi.x509.TokenIssuerSelector - ISSUER SUBJECT : c=lu,ou=pki-test,o=nowina solutions,cn=external-ca-alternative
11:39:08.403 [pool-7-thread-1] INFO eu.europa.esig.dss.spi.x509.TokenIssuerSelector - The issuer subject name and subject name does not match (more details in debug mode).
11:39:08.403 [pool-7-thread-1] INFO eu.europa.esig.dss.spi.x509.TokenIssuerSelector - CERT ISSUER    : c=lu,ou=pki-test,o=nowina solutions,cn=external-ca
11:39:08.403 [pool-7-thread-1] INFO eu.europa.esig.dss.spi.x509.TokenIssuerSelector - ISSUER SUBJECT : c=lu,ou=pki-test,o=nowina solutions,cn=external-ca-alternative
11:39:08.407 [pool-7-thread-38] INFO eu.europa.esig.dss.spi.x509.TokenIssuerSelector - The issuer subject name and subject name does not match (more details in debug mode).
11:39:08.407 [pool-7-thread-38] INFO eu.europa.esig.dss.spi.x509.TokenIssuerSelector - CERT ISSUER    : c=lu,ou=pki-test,o=nowina solutions,cn=external-ca
11:39:08.407 [pool-7-thread-38] INFO eu.europa.esig.dss.spi.x509.TokenIssuerSelector - ISSUER SUBJECT : c=lu,ou=pki-test,o=nowina solutions,cn=external-ca-alternative
11:39:08.407 [pool-7-thread-38] INFO eu.europa.esig.dss.spi.x509.TokenIssuerSelector - The issuer subject name and subject name does not match (more details in debug mode).
11:39:08.407 [pool-7-thread-38] INFO eu.europa.esig.dss.spi.x509.TokenIssuerSelector - CERT ISSUER    : c=lu,ou=pki-test,o=nowina solutions,cn=external-ca
11:39:08.407 [pool-7-thread-38] INFO eu.europa.esig.dss.spi.x509.TokenIssuerSelector - ISSUER SUBJECT : c=lu,ou=pki-test,o=nowina solutions,cn=external-ca-alternative
11:39:08.407 [pool-7-thread-38] INFO eu.europa.esig.dss.spi.x509.TokenIssuerSelector - The issuer subject name and subject name does not match (more details in debug mode).
11:39:08.407 [pool-7-thread-38] INFO eu.europa.esig.dss.spi.x509.TokenIssuerSelector - CERT ISSUER    : c=lu,ou=pki-test,o=nowina solutions,cn=external-ca
11:39:08.407 [pool-7-thread-38] INFO eu.europa.esig.dss.spi.x509.TokenIssuerSelector - ISSUER SUBJECT : c=lu,ou=pki-test,o=nowina solutions,cn=external-ca-alternative
11:39:08.415 [pool-7-thread-2] WARN eu.europa.esig.dss.spi.x509.TokenIssuerSelector - No issuer found for the token creation date. The process continues with an issuer which has the same public key.
11:39:08.415 [pool-7-thread-78] INFO eu.europa.esig.dss.spi.x509.TokenIssuerSelector - The issuer subject name and subject name does not match (more details in debug mode).
11:39:08.415 [pool-7-thread-78] INFO eu.europa.esig.dss.spi.x509.TokenIssuerSelector - CERT ISSUER    : c=lu,ou=pki-test,o=nowina solutions,cn=external-ca
11:39:08.415 [pool-7-thread-78] INFO eu.europa.esig.dss.spi.x509.TokenIssuerSelector - ISSUER SUBJECT : c=lu,ou=pki-test,o=nowina solutions,cn=external-ca-alternative
11:39:08.415 [pool-7-thread-78] INFO eu.europa.esig.dss.spi.x509.TokenIssuerSelector - The issuer subject name and subject name does not match (more details in debug mode).
11:39:08.415 [pool-7-thread-78] INFO eu.europa.esig.dss.spi.x509.TokenIssuerSelector - CERT ISSUER    : c=lu,ou=pki-test,o=nowina solutions,cn=external-ca
11:39:08.415 [pool-7-thread-78] INFO eu.europa.esig.dss.spi.x509.TokenIssuerSelector - ISSUER SUBJECT : c=lu,ou=pki-test,o=nowina solutions,cn=external-ca-alternative
11:39:08.415 [pool-7-thread-78] INFO eu.europa.esig.dss.spi.x509.TokenIssuerSelector - The issuer subject name and subject name does not match (more details in debug mode).
11:39:08.415 [pool-7-thread-78] INFO eu.europa.esig.dss.spi.x509.TokenIssuerSelector - CERT ISSUER    : c=lu,ou=pki-test,o=nowina solutions,cn=external-ca
11:39:08.415 [pool-7-thread-78] INFO eu.europa.esig.dss.spi.x509.TokenIssuerSelector - ISSUER SUBJECT : c=lu,ou=pki-test,o=nowina solutions,cn=external-ca-alternative
11:39:08.417 [pool-7-thread-19] INFO eu.europa.esig.dss.spi.x509.TokenIssuerSelector - The issuer subject name and subject name does not match (more details in debug mode).
11:39:08.417 [pool-7-thread-19] INFO eu.europa.esig.dss.spi.x509.TokenIssuerSelector - CERT ISSUER    : c=lu,ou=pki-test,o=nowina solutions,cn=external-ca
11:39:08.417 [pool-7-thread-19] INFO eu.europa.esig.dss.spi.x509.TokenIssuerSelector - ISSUER SUBJECT : c=lu,ou=pki-test,o=nowina solutions,cn=external-ca-alternative
11:39:08.417 [pool-7-thread-42] WARN eu.europa.esig.dss.spi.x509.TokenIssuerSelector - No issuer found for the token creation date. The process continues with an issuer which has the same public key.
11:39:08.417 [pool-7-thread-19] INFO eu.europa.esig.dss.spi.x509.TokenIssuerSelector - The issuer subject name and subject name does not match (more details in debug mode).
11:39:08.417 [pool-7-thread-19] INFO eu.europa.esig.dss.spi.x509.TokenIssuerSelector - CERT ISSUER    : c=lu,ou=pki-test,o=nowina solutions,cn=external-ca
11:39:08.417 [pool-7-thread-19] INFO eu.europa.esig.dss.spi.x509.TokenIssuerSelector - ISSUER SUBJECT : c=lu,ou=pki-test,o=nowina solutions,cn=external-ca-alternative
11:39:08.417 [pool-7-thread-19] INFO eu.europa.esig.dss.spi.x509.TokenIssuerSelector - The issuer subject name and subject name does not match (more details in debug mode).
11:39:08.417 [pool-7-thread-19] INFO eu.europa.esig.dss.spi.x509.TokenIssuerSelector - CERT ISSUER    : c=lu,ou=pki-test,o=nowina solutions,cn=external-ca
11:39:08.417 [pool-7-thread-19] INFO eu.europa.esig.dss.spi.x509.TokenIssuerSelector - ISSUER SUBJECT : c=lu,ou=pki-test,o=nowina solutions,cn=external-ca-alternative
11:39:08.418 [pool-7-thread-42] WARN eu.europa.esig.dss.spi.x509.TokenIssuerSelector - No issuer found for the token creation date. The process continues with an issuer which has the same public key.
11:39:08.419 [pool-7-thread-62] WARN eu.europa.esig.dss.spi.x509.TokenIssuerSelector - No issuer found for the token creation date. The process continues with an issuer which has the same public key.
11:39:08.421 [pool-7-thread-62] WARN eu.europa.esig.dss.spi.x509.TokenIssuerSelector - No issuer found for the token creation date. The process continues with an issuer which has the same public key.
11:39:08.424 [pool-7-thread-9] WARN eu.europa.esig.dss.spi.x509.TokenIssuerSelector - No issuer found for the token creation date. The process continues with an issuer which has the same public key.
11:39:08.427 [pool-7-thread-60] WARN eu.europa.esig.dss.spi.x509.TokenIssuerSelector - No issuer found for the token creation date. The process continues with an issuer which has the same public key.
11:39:08.428 [pool-7-thread-60] WARN eu.europa.esig.dss.spi.x509.TokenIssuerSelector - No issuer found for the token creation date. The process continues with an issuer which has the same public key.
11:39:08.430 [pool-7-thread-54] WARN eu.europa.esig.dss.spi.x509.TokenIssuerSelector - No issuer found for the token creation date. The process continues with an issuer which has the same public key.
11:39:08.431 [pool-7-thread-54] WARN eu.europa.esig.dss.spi.x509.TokenIssuerSelector - No issuer found for the token creation date. The process continues with an issuer which has the same public key.
11:39:08.432 [pool-7-thread-50] WARN eu.europa.esig.dss.spi.x509.TokenIssuerSelector - No issuer found for the token creation date. The process continues with an issuer which has the same public key.
11:39:08.436 [pool-7-thread-7] WARN eu.europa.esig.dss.spi.x509.TokenIssuerSelector - No issuer found for the token creation date. The process continues with an issuer which has the same public key.
11:39:08.437 [pool-7-thread-7] WARN eu.europa.esig.dss.spi.x509.TokenIssuerSelector - No issuer found for the token creation date. The process continues with an issuer which has the same public key.
11:39:08.441 [pool-7-thread-49] INFO eu.europa.esig.dss.spi.x509.TokenIssuerSelector - The issuer subject name and subject name does not match (more details in debug mode).
11:39:08.441 [pool-7-thread-49] INFO eu.europa.esig.dss.spi.x509.TokenIssuerSelector - CERT ISSUER    : c=lu,ou=pki-test,o=nowina solutions,cn=external-ca
11:39:08.441 [pool-7-thread-49] INFO eu.europa.esig.dss.spi.x509.TokenIssuerSelector - ISSUER SUBJECT : c=lu,ou=pki-test,o=nowina solutions,cn=external-ca-alternative
11:39:08.441 [pool-7-thread-49] INFO eu.europa.esig.dss.spi.x509.TokenIssuerSelector - The issuer subject name and subject name does not match (more details in debug mode).
11:39:08.441 [pool-7-thread-49] INFO eu.europa.esig.dss.spi.x509.TokenIssuerSelector - CERT ISSUER    : c=lu,ou=pki-test,o=nowina solutions,cn=external-ca
11:39:08.441 [pool-7-thread-49] INFO eu.europa.esig.dss.spi.x509.TokenIssuerSelector - ISSUER SUBJECT : c=lu,ou=pki-test,o=nowina solutions,cn=external-ca-alternative
11:39:08.441 [pool-7-thread-49] INFO eu.europa.esig.dss.spi.x509.TokenIssuerSelector - The issuer subject name and subject name does not match (more details in debug mode).
11:39:08.441 [pool-7-thread-49] INFO eu.europa.esig.dss.spi.x509.TokenIssuerSelector - CERT ISSUER    : c=lu,ou=pki-test,o=nowina solutions,cn=external-ca
11:39:08.441 [pool-7-thread-49] INFO eu.europa.esig.dss.spi.x509.TokenIssuerSelector - ISSUER SUBJECT : c=lu,ou=pki-test,o=nowina solutions,cn=external-ca-alternative
11:39:08.444 [pool-7-thread-12] WARN eu.europa.esig.dss.spi.x509.TokenIssuerSelector - No issuer found for the token creation date. The process continues with an issuer which has the same public key.
11:39:08.445 [pool-7-thread-12] WARN eu.europa.esig.dss.spi.x509.TokenIssuerSelector - No issuer found for the token creation date. The process continues with an issuer which has the same public key.
11:39:08.447 [pool-7-thread-49] WARN eu.europa.esig.dss.spi.x509.TokenIssuerSelector - No issuer found for the token creation date. The process continues with an issuer which has the same public key.
11:39:08.448 [pool-7-thread-49] WARN eu.europa.esig.dss.spi.x509.TokenIssuerSelector - No issuer found for the token creation date. The process continues with an issuer which has the same public key.
11:39:08.449 [pool-7-thread-15] WARN eu.europa.esig.dss.spi.x509.TokenIssuerSelector - No issuer found for the token creation date. The process continues with an issuer which has the same public key.
11:39:08.450 [pool-7-thread-27] WARN eu.europa.esig.dss.spi.x509.TokenIssuerSelector - No issuer found for the token creation date. The process continues with an issuer which has the same public key.
11:39:08.453 [pool-7-thread-61] WARN eu.europa.esig.dss.spi.x509.TokenIssuerSelector - No issuer found for the token creation date. The process continues with an issuer which has the same public key.
11:39:08.454 [pool-7-thread-61] WARN eu.europa.esig.dss.spi.x509.TokenIssuerSelector - No issuer found for the token creation date. The process continues with an issuer which has the same public key.
11:39:08.457 [pool-7-thread-61] INFO eu.europa.esig.dss.spi.x509.TokenIssuerSelector - The issuer subject name and subject name does not match (more details in debug mode).
11:39:08.457 [pool-7-thread-55] WARN eu.europa.esig.dss.spi.x509.TokenIssuerSelector - No issuer found for the token creation date. The process continues with an issuer which has the same public key.
11:39:08.457 [pool-7-thread-61] INFO eu.europa.esig.dss.spi.x509.TokenIssuerSelector - CERT ISSUER    : c=lu,ou=pki-test,o=nowina solutions,cn=external-ca
11:39:08.457 [pool-7-thread-61] INFO eu.europa.esig.dss.spi.x509.TokenIssuerSelector - ISSUER SUBJECT : c=lu,ou=pki-test,o=nowina solutions,cn=external-ca-alternative
11:39:08.457 [pool-7-thread-61] INFO eu.europa.esig.dss.spi.x509.TokenIssuerSelector - The issuer subject name and subject name does not match (more details in debug mode).
11:39:08.457 [pool-7-thread-61] INFO eu.europa.esig.dss.spi.x509.TokenIssuerSelector - CERT ISSUER    : c=lu,ou=pki-test,o=nowina solutions,cn=external-ca
11:39:08.457 [pool-7-thread-61] INFO eu.europa.esig.dss.spi.x509.TokenIssuerSelector - ISSUER SUBJECT : c=lu,ou=pki-test,o=nowina solutions,cn=external-ca-alternative
11:39:08.457 [pool-7-thread-61] INFO eu.europa.esig.dss.spi.x509.TokenIssuerSelector - The issuer subject name and subject name does not match (more details in debug mode).
11:39:08.457 [pool-7-thread-61] INFO eu.europa.esig.dss.spi.x509.TokenIssuerSelector - CERT ISSUER    : c=lu,ou=pki-test,o=nowina solutions,cn=external-ca
11:39:08.457 [pool-7-thread-61] INFO eu.europa.esig.dss.spi.x509.TokenIssuerSelector - ISSUER SUBJECT : c=lu,ou=pki-test,o=nowina solutions,cn=external-ca-alternative
11:39:08.458 [pool-7-thread-47] WARN eu.europa.esig.dss.spi.x509.TokenIssuerSelector - No issuer found for the token creation date. The process continues with an issuer which has the same public key.
11:39:08.459 [pool-7-thread-47] WARN eu.europa.esig.dss.spi.x509.TokenIssuerSelector - No issuer found for the token creation date. The process continues with an issuer which has the same public key.
11:39:08.466 [pool-7-thread-61] WARN eu.europa.esig.dss.spi.x509.TokenIssuerSelector - No issuer found for the token creation date. The process continues with an issuer which has the same public key.
11:39:08.467 [pool-7-thread-58] WARN eu.europa.esig.dss.spi.x509.TokenIssuerSelector - No issuer found for the token creation date. The process continues with an issuer which has the same public key.
11:39:08.468 [pool-7-thread-59] WARN eu.europa.esig.dss.spi.x509.TokenIssuerSelector - No issuer found for the token creation date. The process continues with an issuer which has the same public key.
11:39:08.470 [pool-7-thread-59] INFO eu.europa.esig.dss.spi.x509.TokenIssuerSelector - The issuer subject name and subject name does not match (more details in debug mode).
11:39:08.470 [pool-7-thread-59] INFO eu.europa.esig.dss.spi.x509.TokenIssuerSelector - CERT ISSUER    : c=lu,ou=pki-test,o=nowina solutions,cn=external-ca
11:39:08.470 [pool-7-thread-59] INFO eu.europa.esig.dss.spi.x509.TokenIssuerSelector - ISSUER SUBJECT : c=lu,ou=pki-test,o=nowina solutions,cn=external-ca-alternative
11:39:08.470 [pool-7-thread-59] INFO eu.europa.esig.dss.spi.x509.TokenIssuerSelector - The issuer subject name and subject name does not match (more details in debug mode).
11:39:08.470 [pool-7-thread-59] INFO eu.europa.esig.dss.spi.x509.TokenIssuerSelector - CERT ISSUER    : c=lu,ou=pki-test,o=nowina solutions,cn=external-ca
11:39:08.471 [pool-7-thread-59] INFO eu.europa.esig.dss.spi.x509.TokenIssuerSelector - ISSUER SUBJECT : c=lu,ou=pki-test,o=nowina solutions,cn=external-ca-alternative
11:39:08.471 [pool-7-thread-59] INFO eu.europa.esig.dss.spi.x509.TokenIssuerSelector - The issuer subject name and subject name does not match (more details in debug mode).
11:39:08.471 [pool-7-thread-59] INFO eu.europa.esig.dss.spi.x509.TokenIssuerSelector - CERT ISSUER    : c=lu,ou=pki-test,o=nowina solutions,cn=external-ca
11:39:08.471 [pool-7-thread-59] INFO eu.europa.esig.dss.spi.x509.TokenIssuerSelector - ISSUER SUBJECT : c=lu,ou=pki-test,o=nowina solutions,cn=external-ca-alternative
11:39:08.472 [pool-7-thread-24] WARN eu.europa.esig.dss.spi.x509.TokenIssuerSelector - No issuer found for the token creation date. The process continues with an issuer which has the same public key.
11:39:08.472 [pool-7-thread-57] INFO eu.europa.esig.dss.spi.x509.TokenIssuerSelector - The issuer subject name and subject name does not match (more details in debug mode).
11:39:08.472 [pool-7-thread-57] INFO eu.europa.esig.dss.spi.x509.TokenIssuerSelector - CERT ISSUER    : c=lu,ou=pki-test,o=nowina solutions,cn=external-ca
11:39:08.472 [pool-7-thread-57] INFO eu.europa.esig.dss.spi.x509.TokenIssuerSelector - ISSUER SUBJECT : c=lu,ou=pki-test,o=nowina solutions,cn=external-ca-alternative
11:39:08.472 [pool-7-thread-57] INFO eu.europa.esig.dss.spi.x509.TokenIssuerSelector - The issuer subject name and subject name does not match (more details in debug mode).
11:39:08.472 [pool-7-thread-57] INFO eu.europa.esig.dss.spi.x509.TokenIssuerSelector - CERT ISSUER    : c=lu,ou=pki-test,o=nowina solutions,cn=external-ca
11:39:08.472 [pool-7-thread-57] INFO eu.europa.esig.dss.spi.x509.TokenIssuerSelector - ISSUER SUBJECT : c=lu,ou=pki-test,o=nowina solutions,cn=external-ca-alternative
11:39:08.472 [pool-7-thread-57] INFO eu.europa.esig.dss.spi.x509.TokenIssuerSelector - The issuer subject name and subject name does not match (more details in debug mode).
11:39:08.472 [pool-7-thread-57] INFO eu.europa.esig.dss.spi.x509.TokenIssuerSelector - CERT ISSUER    : c=lu,ou=pki-test,o=nowina solutions,cn=external-ca
11:39:08.472 [pool-7-thread-57] INFO eu.europa.esig.dss.spi.x509.TokenIssuerSelector - ISSUER SUBJECT : c=lu,ou=pki-test,o=nowina solutions,cn=external-ca-alternative
11:39:08.473 [pool-7-thread-24] INFO eu.europa.esig.dss.spi.x509.TokenIssuerSelector - The issuer subject name and subject name does not match (more details in debug mode).
11:39:08.473 [pool-7-thread-24] INFO eu.europa.esig.dss.spi.x509.TokenIssuerSelector - CERT ISSUER    : c=lu,ou=pki-test,o=nowina solutions,cn=external-ca
11:39:08.473 [pool-7-thread-24] INFO eu.europa.esig.dss.spi.x509.TokenIssuerSelector - ISSUER SUBJECT : c=lu,ou=pki-test,o=nowina solutions,cn=external-ca-alternative
11:39:08.473 [pool-7-thread-24] INFO eu.europa.esig.dss.spi.x509.TokenIssuerSelector - The issuer subject name and subject name does not match (more details in debug mode).
11:39:08.473 [pool-7-thread-24] INFO eu.europa.esig.dss.spi.x509.TokenIssuerSelector - CERT ISSUER    : c=lu,ou=pki-test,o=nowina solutions,cn=external-ca
11:39:08.473 [pool-7-thread-56] WARN eu.europa.esig.dss.spi.x509.TokenIssuerSelector - No issuer found for the token creation date. The process continues with an issuer which has the same public key.
11:39:08.473 [pool-7-thread-24] INFO eu.europa.esig.dss.spi.x509.TokenIssuerSelector - ISSUER SUBJECT : c=lu,ou=pki-test,o=nowina solutions,cn=external-ca-alternative
11:39:08.473 [pool-7-thread-24] INFO eu.europa.esig.dss.spi.x509.TokenIssuerSelector - The issuer subject name and subject name does not match (more details in debug mode).
11:39:08.473 [pool-7-thread-24] INFO eu.europa.esig.dss.spi.x509.TokenIssuerSelector - CERT ISSUER    : c=lu,ou=pki-test,o=nowina solutions,cn=external-ca
11:39:08.473 [pool-7-thread-24] INFO eu.europa.esig.dss.spi.x509.TokenIssuerSelector - ISSUER SUBJECT : c=lu,ou=pki-test,o=nowina solutions,cn=external-ca-alternative
11:39:08.475 [pool-7-thread-53] WARN eu.europa.esig.dss.spi.x509.TokenIssuerSelector - No issuer found for the token creation date. The process continues with an issuer which has the same public key.
11:39:08.475 [pool-7-thread-56] WARN eu.europa.esig.dss.spi.x509.TokenIssuerSelector - No issuer found for the token creation date. The process continues with an issuer which has the same public key.
11:39:08.479 [pool-7-thread-17] WARN eu.europa.esig.dss.spi.x509.TokenIssuerSelector - No issuer found for the token creation date. The process continues with an issuer which has the same public key.
11:39:08.482 [pool-7-thread-25] INFO eu.europa.esig.dss.spi.x509.TokenIssuerSelector - The issuer subject name and subject name does not match (more details in debug mode).
11:39:08.482 [pool-7-thread-25] INFO eu.europa.esig.dss.spi.x509.TokenIssuerSelector - CERT ISSUER    : c=lu,ou=pki-test,o=nowina solutions,cn=external-ca
11:39:08.482 [pool-7-thread-25] INFO eu.europa.esig.dss.spi.x509.TokenIssuerSelector - ISSUER SUBJECT : c=lu,ou=pki-test,o=nowina solutions,cn=external-ca-alternative
11:39:08.482 [pool-7-thread-25] INFO eu.europa.esig.dss.spi.x509.TokenIssuerSelector - The issuer subject name and subject name does not match (more details in debug mode).
11:39:08.482 [pool-7-thread-25] INFO eu.europa.esig.dss.spi.x509.TokenIssuerSelector - CERT ISSUER    : c=lu,ou=pki-test,o=nowina solutions,cn=external-ca
11:39:08.482 [pool-7-thread-25] INFO eu.europa.esig.dss.spi.x509.TokenIssuerSelector - ISSUER SUBJECT : c=lu,ou=pki-test,o=nowina solutions,cn=external-ca-alternative
11:39:08.482 [pool-7-thread-25] INFO eu.europa.esig.dss.spi.x509.TokenIssuerSelector - The issuer subject name and subject name does not match (more details in debug mode).
11:39:08.482 [pool-7-thread-25] INFO eu.europa.esig.dss.spi.x509.TokenIssuerSelector - CERT ISSUER    : c=lu,ou=pki-test,o=nowina solutions,cn=external-ca
11:39:08.482 [pool-7-thread-25] INFO eu.europa.esig.dss.spi.x509.TokenIssuerSelector - ISSUER SUBJECT : c=lu,ou=pki-test,o=nowina solutions,cn=external-ca-alternative
11:39:08.482 [pool-7-thread-56] INFO eu.europa.esig.dss.spi.x509.TokenIssuerSelector - The issuer subject name and subject name does not match (more details in debug mode).
11:39:08.482 [pool-7-thread-56] INFO eu.europa.esig.dss.spi.x509.TokenIssuerSelector - CERT ISSUER    : c=lu,ou=pki-test,o=nowina solutions,cn=external-ca
11:39:08.482 [pool-7-thread-56] INFO eu.europa.esig.dss.spi.x509.TokenIssuerSelector - ISSUER SUBJECT : c=lu,ou=pki-test,o=nowina solutions,cn=external-ca-alternative
11:39:08.483 [pool-7-thread-56] INFO eu.europa.esig.dss.spi.x509.TokenIssuerSelector - The issuer subject name and subject name does not match (more details in debug mode).
11:39:08.483 [pool-7-thread-24] WARN eu.europa.esig.dss.spi.x509.TokenIssuerSelector - No issuer found for the token creation date. The process continues with an issuer which has the same public key.
11:39:08.483 [pool-7-thread-56] INFO eu.europa.esig.dss.spi.x509.TokenIssuerSelector - CERT ISSUER    : c=lu,ou=pki-test,o=nowina solutions,cn=external-ca
11:39:08.483 [pool-7-thread-56] INFO eu.europa.esig.dss.spi.x509.TokenIssuerSelector - ISSUER SUBJECT : c=lu,ou=pki-test,o=nowina solutions,cn=external-ca-alternative
11:39:08.483 [pool-7-thread-56] INFO eu.europa.esig.dss.spi.x509.TokenIssuerSelector - The issuer subject name and subject name does not match (more details in debug mode).
11:39:08.483 [pool-7-thread-56] INFO eu.europa.esig.dss.spi.x509.TokenIssuerSelector - CERT ISSUER    : c=lu,ou=pki-test,o=nowina solutions,cn=external-ca
11:39:08.483 [pool-7-thread-56] INFO eu.europa.esig.dss.spi.x509.TokenIssuerSelector - ISSUER SUBJECT : c=lu,ou=pki-test,o=nowina solutions,cn=external-ca-alternative
11:39:08.489 [pool-7-thread-53] INFO eu.europa.esig.dss.spi.x509.TokenIssuerSelector - The issuer subject name and subject name does not match (more details in debug mode).
11:39:08.490 [pool-7-thread-53] INFO eu.europa.esig.dss.spi.x509.TokenIssuerSelector - CERT ISSUER    : c=lu,ou=pki-test,o=nowina solutions,cn=external-ca
11:39:08.490 [pool-7-thread-53] INFO eu.europa.esig.dss.spi.x509.TokenIssuerSelector - ISSUER SUBJECT : c=lu,ou=pki-test,o=nowina solutions,cn=external-ca-alternative
11:39:08.490 [pool-7-thread-53] INFO eu.europa.esig.dss.spi.x509.TokenIssuerSelector - The issuer subject name and subject name does not match (more details in debug mode).
11:39:08.490 [pool-7-thread-53] INFO eu.europa.esig.dss.spi.x509.TokenIssuerSelector - CERT ISSUER    : c=lu,ou=pki-test,o=nowina solutions,cn=external-ca
11:39:08.490 [pool-7-thread-53] INFO eu.europa.esig.dss.spi.x509.TokenIssuerSelector - ISSUER SUBJECT : c=lu,ou=pki-test,o=nowina solutions,cn=external-ca-alternative
11:39:08.490 [pool-7-thread-25] WARN eu.europa.esig.dss.spi.x509.TokenIssuerSelector - No issuer found for the token creation date. The process continues with an issuer which has the same public key.
11:39:08.491 [pool-7-thread-53] INFO eu.europa.esig.dss.spi.x509.TokenIssuerSelector - The issuer subject name and subject name does not match (more details in debug mode).
11:39:08.491 [pool-7-thread-53] INFO eu.europa.esig.dss.spi.x509.TokenIssuerSelector - CERT ISSUER    : c=lu,ou=pki-test,o=nowina solutions,cn=external-ca
11:39:08.491 [pool-7-thread-53] INFO eu.europa.esig.dss.spi.x509.TokenIssuerSelector - ISSUER SUBJECT : c=lu,ou=pki-test,o=nowina solutions,cn=external-ca-alternative
11:39:08.491 [pool-7-thread-25] WARN eu.europa.esig.dss.spi.x509.TokenIssuerSelector - No issuer found for the token creation date. The process continues with an issuer which has the same public key.
11:39:08.498 [pool-7-thread-25] INFO eu.europa.esig.dss.spi.x509.TokenIssuerSelector - The issuer subject name and subject name does not match (more details in debug mode).
11:39:08.498 [pool-7-thread-25] INFO eu.europa.esig.dss.spi.x509.TokenIssuerSelector - CERT ISSUER    : c=lu,ou=pki-test,o=nowina solutions,cn=external-ca
11:39:08.498 [pool-7-thread-25] INFO eu.europa.esig.dss.spi.x509.TokenIssuerSelector - ISSUER SUBJECT : c=lu,ou=pki-test,o=nowina solutions,cn=external-ca-alternative
11:39:08.498 [pool-7-thread-25] INFO eu.europa.esig.dss.spi.x509.TokenIssuerSelector - The issuer subject name and subject name does not match (more details in debug mode).
11:39:08.498 [pool-7-thread-25] INFO eu.europa.esig.dss.spi.x509.TokenIssuerSelector - CERT ISSUER    : c=lu,ou=pki-test,o=nowina solutions,cn=external-ca
11:39:08.498 [pool-7-thread-25] INFO eu.europa.esig.dss.spi.x509.TokenIssuerSelector - ISSUER SUBJECT : c=lu,ou=pki-test,o=nowina solutions,cn=external-ca-alternative
11:39:08.498 [pool-7-thread-25] INFO eu.europa.esig.dss.spi.x509.TokenIssuerSelector - The issuer subject name and subject name does not match (more details in debug mode).
11:39:08.498 [pool-7-thread-25] INFO eu.europa.esig.dss.spi.x509.TokenIssuerSelector - CERT ISSUER    : c=lu,ou=pki-test,o=nowina solutions,cn=external-ca
11:39:08.498 [pool-7-thread-25] INFO eu.europa.esig.dss.spi.x509.TokenIssuerSelector - ISSUER SUBJECT : c=lu,ou=pki-test,o=nowina solutions,cn=external-ca-alternative
11:39:08.498 [pool-7-thread-57] WARN eu.europa.esig.dss.spi.x509.TokenIssuerSelector - No issuer found for the token creation date. The process continues with an issuer which has the same public key.
11:39:08.500 [pool-7-thread-59] WARN eu.europa.esig.dss.spi.x509.TokenIssuerSelector - No issuer found for the token creation date. The process continues with an issuer which has the same public key.
11:39:08.501 [pool-7-thread-59] WARN eu.europa.esig.dss.spi.x509.TokenIssuerSelector - No issuer found for the token creation date. The process continues with an issuer which has the same public key.
11:39:08.502 [pool-7-thread-59] INFO eu.europa.esig.dss.spi.x509.TokenIssuerSelector - The issuer subject name and subject name does not match (more details in debug mode).
11:39:08.502 [pool-7-thread-59] INFO eu.europa.esig.dss.spi.x509.TokenIssuerSelector - CERT ISSUER    : c=lu,ou=pki-test,o=nowina solutions,cn=external-ca
11:39:08.502 [pool-7-thread-59] INFO eu.europa.esig.dss.spi.x509.TokenIssuerSelector - ISSUER SUBJECT : c=lu,ou=pki-test,o=nowina solutions,cn=external-ca-alternative
11:39:08.502 [pool-7-thread-59] INFO eu.europa.esig.dss.spi.x509.TokenIssuerSelector - The issuer subject name and subject name does not match (more details in debug mode).
11:39:08.502 [pool-7-thread-59] INFO eu.europa.esig.dss.spi.x509.TokenIssuerSelector - CERT ISSUER    : c=lu,ou=pki-test,o=nowina solutions,cn=external-ca
11:39:08.502 [pool-7-thread-59] INFO eu.europa.esig.dss.spi.x509.TokenIssuerSelector - ISSUER SUBJECT : c=lu,ou=pki-test,o=nowina solutions,cn=external-ca-alternative
11:39:08.502 [pool-7-thread-59] INFO eu.europa.esig.dss.spi.x509.TokenIssuerSelector - The issuer subject name and subject name does not match (more details in debug mode).
11:39:08.502 [pool-7-thread-59] INFO eu.europa.esig.dss.spi.x509.TokenIssuerSelector - CERT ISSUER    : c=lu,ou=pki-test,o=nowina solutions,cn=external-ca
11:39:08.502 [pool-7-thread-59] INFO eu.europa.esig.dss.spi.x509.TokenIssuerSelector - ISSUER SUBJECT : c=lu,ou=pki-test,o=nowina solutions,cn=external-ca-alternative
11:39:08.503 [pool-7-thread-58] INFO eu.europa.esig.dss.spi.x509.TokenIssuerSelector - The issuer subject name and subject name does not match (more details in debug mode).
11:39:08.503 [pool-7-thread-58] INFO eu.europa.esig.dss.spi.x509.TokenIssuerSelector - CERT ISSUER    : c=lu,ou=pki-test,o=nowina solutions,cn=external-ca
11:39:08.503 [pool-7-thread-58] INFO eu.europa.esig.dss.spi.x509.TokenIssuerSelector - ISSUER SUBJECT : c=lu,ou=pki-test,o=nowina solutions,cn=external-ca-alternative
11:39:08.503 [pool-7-thread-58] INFO eu.europa.esig.dss.spi.x509.TokenIssuerSelector - The issuer subject name and subject name does not match (more details in debug mode).
11:39:08.503 [pool-7-thread-58] INFO eu.europa.esig.dss.spi.x509.TokenIssuerSelector - CERT ISSUER    : c=lu,ou=pki-test,o=nowina solutions,cn=external-ca
11:39:08.503 [pool-7-thread-58] INFO eu.europa.esig.dss.spi.x509.TokenIssuerSelector - ISSUER SUBJECT : c=lu,ou=pki-test,o=nowina solutions,cn=external-ca-alternative
11:39:08.503 [pool-7-thread-58] INFO eu.europa.esig.dss.spi.x509.TokenIssuerSelector - The issuer subject name and subject name does not match (more details in debug mode).
11:39:08.503 [pool-7-thread-58] INFO eu.europa.esig.dss.spi.x509.TokenIssuerSelector - CERT ISSUER    : c=lu,ou=pki-test,o=nowina solutions,cn=external-ca
11:39:08.503 [pool-7-thread-58] INFO eu.europa.esig.dss.spi.x509.TokenIssuerSelector - ISSUER SUBJECT : c=lu,ou=pki-test,o=nowina solutions,cn=external-ca-alternative
11:39:08.508 [pool-7-thread-48] WARN eu.europa.esig.dss.spi.x509.TokenIssuerSelector - No issuer found for the token creation date. The process continues with an issuer which has the same public key.
11:39:08.508 [pool-7-thread-47] INFO eu.europa.esig.dss.spi.x509.TokenIssuerSelector - The issuer subject name and subject name does not match (more details in debug mode).
11:39:08.508 [pool-7-thread-47] INFO eu.europa.esig.dss.spi.x509.TokenIssuerSelector - CERT ISSUER    : c=lu,ou=pki-test,o=nowina solutions,cn=external-ca
11:39:08.508 [pool-7-thread-47] INFO eu.europa.esig.dss.spi.x509.TokenIssuerSelector - ISSUER SUBJECT : c=lu,ou=pki-test,o=nowina solutions,cn=external-ca-alternative
11:39:08.509 [pool-7-thread-47] INFO eu.europa.esig.dss.spi.x509.TokenIssuerSelector - The issuer subject name and subject name does not match (more details in debug mode).
11:39:08.509 [pool-7-thread-47] INFO eu.europa.esig.dss.spi.x509.TokenIssuerSelector - CERT ISSUER    : c=lu,ou=pki-test,o=nowina solutions,cn=external-ca
11:39:08.509 [pool-7-thread-47] INFO eu.europa.esig.dss.spi.x509.TokenIssuerSelector - ISSUER SUBJECT : c=lu,ou=pki-test,o=nowina solutions,cn=external-ca-alternative
11:39:08.509 [pool-7-thread-47] INFO eu.europa.esig.dss.spi.x509.TokenIssuerSelector - The issuer subject name and subject name does not match (more details in debug mode).
11:39:08.509 [pool-7-thread-47] INFO eu.europa.esig.dss.spi.x509.TokenIssuerSelector - CERT ISSUER    : c=lu,ou=pki-test,o=nowina solutions,cn=external-ca
11:39:08.509 [pool-7-thread-47] INFO eu.europa.esig.dss.spi.x509.TokenIssuerSelector - ISSUER SUBJECT : c=lu,ou=pki-test,o=nowina solutions,cn=external-ca-alternative
11:39:08.509 [pool-7-thread-55] WARN eu.europa.esig.dss.spi.x509.TokenIssuerSelector - No issuer found for the token creation date. The process continues with an issuer which has the same public key.
11:39:08.511 [pool-7-thread-55] INFO eu.europa.esig.dss.spi.x509.TokenIssuerSelector - The issuer subject name and subject name does not match (more details in debug mode).
11:39:08.512 [pool-7-thread-55] INFO eu.europa.esig.dss.spi.x509.TokenIssuerSelector - CERT ISSUER    : c=lu,ou=pki-test,o=nowina solutions,cn=external-ca
11:39:08.512 [pool-7-thread-55] INFO eu.europa.esig.dss.spi.x509.TokenIssuerSelector - ISSUER SUBJECT : c=lu,ou=pki-test,o=nowina solutions,cn=external-ca-alternative
11:39:08.512 [pool-7-thread-55] INFO eu.europa.esig.dss.spi.x509.TokenIssuerSelector - The issuer subject name and subject name does not match (more details in debug mode).
11:39:08.512 [pool-7-thread-55] INFO eu.europa.esig.dss.spi.x509.TokenIssuerSelector - CERT ISSUER    : c=lu,ou=pki-test,o=nowina solutions,cn=external-ca
11:39:08.512 [pool-7-thread-55] INFO eu.europa.esig.dss.spi.x509.TokenIssuerSelector - ISSUER SUBJECT : c=lu,ou=pki-test,o=nowina solutions,cn=external-ca-alternative
11:39:08.512 [pool-7-thread-55] INFO eu.europa.esig.dss.spi.x509.TokenIssuerSelector - The issuer subject name and subject name does not match (more details in debug mode).
11:39:08.512 [pool-7-thread-55] INFO eu.europa.esig.dss.spi.x509.TokenIssuerSelector - CERT ISSUER    : c=lu,ou=pki-test,o=nowina solutions,cn=external-ca
11:39:08.512 [pool-7-thread-55] INFO eu.europa.esig.dss.spi.x509.TokenIssuerSelector - ISSUER SUBJECT : c=lu,ou=pki-test,o=nowina solutions,cn=external-ca-alternative
11:39:08.512 [pool-7-thread-51] WARN eu.europa.esig.dss.spi.x509.TokenIssuerSelector - No issuer found for the token creation date. The process continues with an issuer which has the same public key.
11:39:08.513 [pool-7-thread-51] WARN eu.europa.esig.dss.spi.x509.TokenIssuerSelector - No issuer found for the token creation date. The process continues with an issuer which has the same public key.
11:39:08.515 [pool-7-thread-27] INFO eu.europa.esig.dss.spi.x509.TokenIssuerSelector - The issuer subject name and subject name does not match (more details in debug mode).
11:39:08.515 [pool-7-thread-27] INFO eu.europa.esig.dss.spi.x509.TokenIssuerSelector - CERT ISSUER    : c=lu,ou=pki-test,o=nowina solutions,cn=external-ca
11:39:08.515 [pool-7-thread-27] INFO eu.europa.esig.dss.spi.x509.TokenIssuerSelector - ISSUER SUBJECT : c=lu,ou=pki-test,o=nowina solutions,cn=external-ca-alternative
11:39:08.515 [pool-7-thread-27] INFO eu.europa.esig.dss.spi.x509.TokenIssuerSelector - The issuer subject name and subject name does not match (more details in debug mode).
11:39:08.515 [pool-7-thread-27] INFO eu.europa.esig.dss.spi.x509.TokenIssuerSelector - CERT ISSUER    : c=lu,ou=pki-test,o=nowina solutions,cn=external-ca
11:39:08.515 [pool-7-thread-27] INFO eu.europa.esig.dss.spi.x509.TokenIssuerSelector - ISSUER SUBJECT : c=lu,ou=pki-test,o=nowina solutions,cn=external-ca-alternative
11:39:08.515 [pool-7-thread-27] INFO eu.europa.esig.dss.spi.x509.TokenIssuerSelector - The issuer subject name and subject name does not match (more details in debug mode).
11:39:08.515 [pool-7-thread-27] INFO eu.europa.esig.dss.spi.x509.TokenIssuerSelector - CERT ISSUER    : c=lu,ou=pki-test,o=nowina solutions,cn=external-ca
11:39:08.515 [pool-7-thread-27] INFO eu.europa.esig.dss.spi.x509.TokenIssuerSelector - ISSUER SUBJECT : c=lu,ou=pki-test,o=nowina solutions,cn=external-ca-alternative
11:39:08.516 [pool-7-thread-15] INFO eu.europa.esig.dss.spi.x509.TokenIssuerSelector - The issuer subject name and subject name does not match (more details in debug mode).
11:39:08.516 [pool-7-thread-15] INFO eu.europa.esig.dss.spi.x509.TokenIssuerSelector - CERT ISSUER    : c=lu,ou=pki-test,o=nowina solutions,cn=external-ca
11:39:08.516 [pool-7-thread-15] INFO eu.europa.esig.dss.spi.x509.TokenIssuerSelector - ISSUER SUBJECT : c=lu,ou=pki-test,o=nowina solutions,cn=external-ca-alternative
11:39:08.516 [pool-7-thread-15] INFO eu.europa.esig.dss.spi.x509.TokenIssuerSelector - The issuer subject name and subject name does not match (more details in debug mode).
11:39:08.516 [pool-7-thread-15] INFO eu.europa.esig.dss.spi.x509.TokenIssuerSelector - CERT ISSUER    : c=lu,ou=pki-test,o=nowina solutions,cn=external-ca
11:39:08.516 [pool-7-thread-15] INFO eu.europa.esig.dss.spi.x509.TokenIssuerSelector - ISSUER SUBJECT : c=lu,ou=pki-test,o=nowina solutions,cn=external-ca-alternative
11:39:08.516 [pool-7-thread-15] INFO eu.europa.esig.dss.spi.x509.TokenIssuerSelector - The issuer subject name and subject name does not match (more details in debug mode).
11:39:08.516 [pool-7-thread-15] INFO eu.europa.esig.dss.spi.x509.TokenIssuerSelector - CERT ISSUER    : c=lu,ou=pki-test,o=nowina solutions,cn=external-ca
11:39:08.516 [pool-7-thread-15] INFO eu.europa.esig.dss.spi.x509.TokenIssuerSelector - ISSUER SUBJECT : c=lu,ou=pki-test,o=nowina solutions,cn=external-ca-alternative
11:39:08.516 [pool-7-thread-49] INFO eu.europa.esig.dss.spi.x509.TokenIssuerSelector - The issuer subject name and subject name does not match (more details in debug mode).
11:39:08.516 [pool-7-thread-49] INFO eu.europa.esig.dss.spi.x509.TokenIssuerSelector - CERT ISSUER    : c=lu,ou=pki-test,o=nowina solutions,cn=external-ca
11:39:08.516 [pool-7-thread-49] INFO eu.europa.esig.dss.spi.x509.TokenIssuerSelector - ISSUER SUBJECT : c=lu,ou=pki-test,o=nowina solutions,cn=external-ca-alternative
11:39:08.516 [pool-7-thread-49] INFO eu.europa.esig.dss.spi.x509.TokenIssuerSelector - The issuer subject name and subject name does not match (more details in debug mode).
11:39:08.516 [pool-7-thread-49] INFO eu.europa.esig.dss.spi.x509.TokenIssuerSelector - CERT ISSUER    : c=lu,ou=pki-test,o=nowina solutions,cn=external-ca
11:39:08.516 [pool-7-thread-49] INFO eu.europa.esig.dss.spi.x509.TokenIssuerSelector - ISSUER SUBJECT : c=lu,ou=pki-test,o=nowina solutions,cn=external-ca-alternative
11:39:08.516 [pool-7-thread-49] INFO eu.europa.esig.dss.spi.x509.TokenIssuerSelector - The issuer subject name and subject name does not match (more details in debug mode).
11:39:08.516 [pool-7-thread-49] INFO eu.europa.esig.dss.spi.x509.TokenIssuerSelector - CERT ISSUER    : c=lu,ou=pki-test,o=nowina solutions,cn=external-ca
11:39:08.517 [pool-7-thread-49] INFO eu.europa.esig.dss.spi.x509.TokenIssuerSelector - ISSUER SUBJECT : c=lu,ou=pki-test,o=nowina solutions,cn=external-ca-alternative
11:39:08.518 [pool-7-thread-8] INFO eu.europa.esig.dss.spi.x509.TokenIssuerSelector - The issuer subject name and subject name does not match (more details in debug mode).
11:39:08.518 [pool-7-thread-8] INFO eu.europa.esig.dss.spi.x509.TokenIssuerSelector - CERT ISSUER    : c=lu,ou=pki-test,o=nowina solutions,cn=external-ca
11:39:08.518 [pool-7-thread-8] INFO eu.europa.esig.dss.spi.x509.TokenIssuerSelector - ISSUER SUBJECT : c=lu,ou=pki-test,o=nowina solutions,cn=external-ca-alternative
11:39:08.518 [pool-7-thread-8] INFO eu.europa.esig.dss.spi.x509.TokenIssuerSelector - The issuer subject name and subject name does not match (more details in debug mode).
11:39:08.518 [pool-7-thread-27] WARN eu.europa.esig.dss.spi.x509.TokenIssuerSelector - No issuer found for the token creation date. The process continues with an issuer which has the same public key.
11:39:08.518 [pool-7-thread-8] INFO eu.europa.esig.dss.spi.x509.TokenIssuerSelector - CERT ISSUER    : c=lu,ou=pki-test,o=nowina solutions,cn=external-ca
11:39:08.518 [pool-7-thread-8] INFO eu.europa.esig.dss.spi.x509.TokenIssuerSelector - ISSUER SUBJECT : c=lu,ou=pki-test,o=nowina solutions,cn=external-ca-alternative
11:39:08.518 [pool-7-thread-8] INFO eu.europa.esig.dss.spi.x509.TokenIssuerSelector - The issuer subject name and subject name does not match (more details in debug mode).
11:39:08.518 [pool-7-thread-8] INFO eu.europa.esig.dss.spi.x509.TokenIssuerSelector - CERT ISSUER    : c=lu,ou=pki-test,o=nowina solutions,cn=external-ca
11:39:08.518 [pool-7-thread-8] INFO eu.europa.esig.dss.spi.x509.TokenIssuerSelector - ISSUER SUBJECT : c=lu,ou=pki-test,o=nowina solutions,cn=external-ca-alternative
11:39:08.519 [pool-7-thread-27] WARN eu.europa.esig.dss.spi.x509.TokenIssuerSelector - No issuer found for the token creation date. The process continues with an issuer which has the same public key.
11:39:08.521 [pool-7-thread-49] WARN eu.europa.esig.dss.spi.x509.TokenIssuerSelector - No issuer found for the token creation date. The process continues with an issuer which has the same public key.
11:39:08.522 [pool-7-thread-12] INFO eu.europa.esig.dss.spi.x509.TokenIssuerSelector - The issuer subject name and subject name does not match (more details in debug mode).
11:39:08.523 [pool-7-thread-12] INFO eu.europa.esig.dss.spi.x509.TokenIssuerSelector - CERT ISSUER    : c=lu,ou=pki-test,o=nowina solutions,cn=external-ca
11:39:08.523 [pool-7-thread-12] INFO eu.europa.esig.dss.spi.x509.TokenIssuerSelector - ISSUER SUBJECT : c=lu,ou=pki-test,o=nowina solutions,cn=external-ca-alternative
11:39:08.523 [pool-7-thread-12] INFO eu.europa.esig.dss.spi.x509.TokenIssuerSelector - The issuer subject name and subject name does not match (more details in debug mode).
11:39:08.523 [pool-7-thread-12] INFO eu.europa.esig.dss.spi.x509.TokenIssuerSelector - CERT ISSUER    : c=lu,ou=pki-test,o=nowina solutions,cn=external-ca
11:39:08.523 [pool-7-thread-12] INFO eu.europa.esig.dss.spi.x509.TokenIssuerSelector - ISSUER SUBJECT : c=lu,ou=pki-test,o=nowina solutions,cn=external-ca-alternative
11:39:08.523 [pool-7-thread-12] INFO eu.europa.esig.dss.spi.x509.TokenIssuerSelector - The issuer subject name and subject name does not match (more details in debug mode).
11:39:08.523 [pool-7-thread-12] INFO eu.europa.esig.dss.spi.x509.TokenIssuerSelector - CERT ISSUER    : c=lu,ou=pki-test,o=nowina solutions,cn=external-ca
11:39:08.523 [pool-7-thread-12] INFO eu.europa.esig.dss.spi.x509.TokenIssuerSelector - ISSUER SUBJECT : c=lu,ou=pki-test,o=nowina solutions,cn=external-ca-alternative
11:39:08.523 [pool-7-thread-23] WARN eu.europa.esig.dss.spi.x509.TokenIssuerSelector - No issuer found for the token creation date. The process continues with an issuer which has the same public key.
11:39:08.523 [pool-7-thread-7] INFO eu.europa.esig.dss.spi.x509.TokenIssuerSelector - The issuer subject name and subject name does not match (more details in debug mode).
11:39:08.523 [pool-7-thread-7] INFO eu.europa.esig.dss.spi.x509.TokenIssuerSelector - CERT ISSUER    : c=lu,ou=pki-test,o=nowina solutions,cn=external-ca
11:39:08.524 [pool-7-thread-7] INFO eu.europa.esig.dss.spi.x509.TokenIssuerSelector - ISSUER SUBJECT : c=lu,ou=pki-test,o=nowina solutions,cn=external-ca-alternative
11:39:08.524 [pool-7-thread-7] INFO eu.europa.esig.dss.spi.x509.TokenIssuerSelector - The issuer subject name and subject name does not match (more details in debug mode).
11:39:08.524 [pool-7-thread-7] INFO eu.europa.esig.dss.spi.x509.TokenIssuerSelector - CERT ISSUER    : c=lu,ou=pki-test,o=nowina solutions,cn=external-ca
11:39:08.524 [pool-7-thread-7] INFO eu.europa.esig.dss.spi.x509.TokenIssuerSelector - ISSUER SUBJECT : c=lu,ou=pki-test,o=nowina solutions,cn=external-ca-alternative
11:39:08.524 [pool-7-thread-7] INFO eu.europa.esig.dss.spi.x509.TokenIssuerSelector - The issuer subject name and subject name does not match (more details in debug mode).
11:39:08.524 [pool-7-thread-7] INFO eu.europa.esig.dss.spi.x509.TokenIssuerSelector - CERT ISSUER    : c=lu,ou=pki-test,o=nowina solutions,cn=external-ca
11:39:08.524 [pool-7-thread-7] INFO eu.europa.esig.dss.spi.x509.TokenIssuerSelector - ISSUER SUBJECT : c=lu,ou=pki-test,o=nowina solutions,cn=external-ca-alternative
11:39:08.524 [pool-7-thread-23] WARN eu.europa.esig.dss.spi.x509.TokenIssuerSelector - No issuer found for the token creation date. The process continues with an issuer which has the same public key.
11:39:08.526 [pool-7-thread-52] WARN eu.europa.esig.dss.spi.x509.TokenIssuerSelector - No issuer found for the token creation date. The process continues with an issuer which has the same public key.
11:39:08.527 [pool-7-thread-52] WARN eu.europa.esig.dss.spi.x509.TokenIssuerSelector - No issuer found for the token creation date. The process continues with an issuer which has the same public key.
11:39:08.527 [pool-7-thread-23] INFO eu.europa.esig.dss.spi.x509.TokenIssuerSelector - The issuer subject name and subject name does not match (more details in debug mode).
11:39:08.528 [pool-7-thread-23] INFO eu.europa.esig.dss.spi.x509.TokenIssuerSelector - CERT ISSUER    : c=lu,ou=pki-test,o=nowina solutions,cn=external-ca
11:39:08.528 [pool-7-thread-23] INFO eu.europa.esig.dss.spi.x509.TokenIssuerSelector - ISSUER SUBJECT : c=lu,ou=pki-test,o=nowina solutions,cn=external-ca-alternative
11:39:08.528 [pool-7-thread-23] INFO eu.europa.esig.dss.spi.x509.TokenIssuerSelector - The issuer subject name and subject name does not match (more details in debug mode).
11:39:08.528 [pool-7-thread-23] INFO eu.europa.esig.dss.spi.x509.TokenIssuerSelector - CERT ISSUER    : c=lu,ou=pki-test,o=nowina solutions,cn=external-ca
11:39:08.528 [pool-7-thread-23] INFO eu.europa.esig.dss.spi.x509.TokenIssuerSelector - ISSUER SUBJECT : c=lu,ou=pki-test,o=nowina solutions,cn=external-ca-alternative
11:39:08.528 [pool-7-thread-23] INFO eu.europa.esig.dss.spi.x509.TokenIssuerSelector - The issuer subject name and subject name does not match (more details in debug mode).
11:39:08.528 [pool-7-thread-23] INFO eu.europa.esig.dss.spi.x509.TokenIssuerSelector - CERT ISSUER    : c=lu,ou=pki-test,o=nowina solutions,cn=external-ca
11:39:08.528 [pool-7-thread-23] INFO eu.europa.esig.dss.spi.x509.TokenIssuerSelector - ISSUER SUBJECT : c=lu,ou=pki-test,o=nowina solutions,cn=external-ca-alternative
11:39:08.529 [pool-7-thread-52] INFO eu.europa.esig.dss.spi.x509.TokenIssuerSelector - The issuer subject name and subject name does not match (more details in debug mode).
11:39:08.529 [pool-7-thread-52] INFO eu.europa.esig.dss.spi.x509.TokenIssuerSelector - CERT ISSUER    : c=lu,ou=pki-test,o=nowina solutions,cn=external-ca
11:39:08.529 [pool-7-thread-52] INFO eu.europa.esig.dss.spi.x509.TokenIssuerSelector - ISSUER SUBJECT : c=lu,ou=pki-test,o=nowina solutions,cn=external-ca-alternative
11:39:08.529 [pool-7-thread-52] INFO eu.europa.esig.dss.spi.x509.TokenIssuerSelector - The issuer subject name and subject name does not match (more details in debug mode).
11:39:08.529 [pool-7-thread-52] INFO eu.europa.esig.dss.spi.x509.TokenIssuerSelector - CERT ISSUER    : c=lu,ou=pki-test,o=nowina solutions,cn=external-ca
11:39:08.529 [pool-7-thread-52] INFO eu.europa.esig.dss.spi.x509.TokenIssuerSelector - ISSUER SUBJECT : c=lu,ou=pki-test,o=nowina solutions,cn=external-ca-alternative
11:39:08.529 [pool-7-thread-52] INFO eu.europa.esig.dss.spi.x509.TokenIssuerSelector - The issuer subject name and subject name does not match (more details in debug mode).
11:39:08.529 [pool-7-thread-52] INFO eu.europa.esig.dss.spi.x509.TokenIssuerSelector - CERT ISSUER    : c=lu,ou=pki-test,o=nowina solutions,cn=external-ca
11:39:08.529 [pool-7-thread-52] INFO eu.europa.esig.dss.spi.x509.TokenIssuerSelector - ISSUER SUBJECT : c=lu,ou=pki-test,o=nowina solutions,cn=external-ca-alternative
11:39:08.530 [pool-7-thread-7] WARN eu.europa.esig.dss.spi.x509.TokenIssuerSelector - No issuer found for the token creation date. The process continues with an issuer which has the same public key.
11:39:08.531 [pool-7-thread-50] INFO eu.europa.esig.dss.spi.x509.TokenIssuerSelector - The issuer subject name and subject name does not match (more details in debug mode).
11:39:08.531 [pool-7-thread-50] INFO eu.europa.esig.dss.spi.x509.TokenIssuerSelector - CERT ISSUER    : c=lu,ou=pki-test,o=nowina solutions,cn=external-ca
11:39:08.531 [pool-7-thread-50] INFO eu.europa.esig.dss.spi.x509.TokenIssuerSelector - ISSUER SUBJECT : c=lu,ou=pki-test,o=nowina solutions,cn=external-ca-alternative
11:39:08.531 [pool-7-thread-50] INFO eu.europa.esig.dss.spi.x509.TokenIssuerSelector - The issuer subject name and subject name does not match (more details in debug mode).
11:39:08.531 [pool-7-thread-50] INFO eu.europa.esig.dss.spi.x509.TokenIssuerSelector - CERT ISSUER    : c=lu,ou=pki-test,o=nowina solutions,cn=external-ca
11:39:08.531 [pool-7-thread-50] INFO eu.europa.esig.dss.spi.x509.TokenIssuerSelector - ISSUER SUBJECT : c=lu,ou=pki-test,o=nowina solutions,cn=external-ca-alternative
11:39:08.531 [pool-7-thread-50] INFO eu.europa.esig.dss.spi.x509.TokenIssuerSelector - The issuer subject name and subject name does not match (more details in debug mode).
11:39:08.531 [pool-7-thread-50] INFO eu.europa.esig.dss.spi.x509.TokenIssuerSelector - CERT ISSUER    : c=lu,ou=pki-test,o=nowina solutions,cn=external-ca
11:39:08.531 [pool-7-thread-50] INFO eu.europa.esig.dss.spi.x509.TokenIssuerSelector - ISSUER SUBJECT : c=lu,ou=pki-test,o=nowina solutions,cn=external-ca-alternative
11:39:08.532 [pool-7-thread-54] INFO eu.europa.esig.dss.spi.x509.TokenIssuerSelector - The issuer subject name and subject name does not match (more details in debug mode).
11:39:08.532 [pool-7-thread-54] INFO eu.europa.esig.dss.spi.x509.TokenIssuerSelector - CERT ISSUER    : c=lu,ou=pki-test,o=nowina solutions,cn=external-ca
11:39:08.532 [pool-7-thread-54] INFO eu.europa.esig.dss.spi.x509.TokenIssuerSelector - ISSUER SUBJECT : c=lu,ou=pki-test,o=nowina solutions,cn=external-ca-alternative
11:39:08.532 [pool-7-thread-54] INFO eu.europa.esig.dss.spi.x509.TokenIssuerSelector - The issuer subject name and subject name does not match (more details in debug mode).
11:39:08.532 [pool-7-thread-54] INFO eu.europa.esig.dss.spi.x509.TokenIssuerSelector - CERT ISSUER    : c=lu,ou=pki-test,o=nowina solutions,cn=external-ca
11:39:08.532 [pool-7-thread-54] INFO eu.europa.esig.dss.spi.x509.TokenIssuerSelector - ISSUER SUBJECT : c=lu,ou=pki-test,o=nowina solutions,cn=external-ca-alternative
11:39:08.532 [pool-7-thread-54] INFO eu.europa.esig.dss.spi.x509.TokenIssuerSelector - The issuer subject name and subject name does not match (more details in debug mode).
11:39:08.532 [pool-7-thread-54] INFO eu.europa.esig.dss.spi.x509.TokenIssuerSelector - CERT ISSUER    : c=lu,ou=pki-test,o=nowina solutions,cn=external-ca
11:39:08.532 [pool-7-thread-54] INFO eu.europa.esig.dss.spi.x509.TokenIssuerSelector - ISSUER SUBJECT : c=lu,ou=pki-test,o=nowina solutions,cn=external-ca-alternative
11:39:08.533 [pool-7-thread-60] INFO eu.europa.esig.dss.spi.x509.TokenIssuerSelector - The issuer subject name and subject name does not match (more details in debug mode).
11:39:08.534 [pool-7-thread-60] INFO eu.europa.esig.dss.spi.x509.TokenIssuerSelector - CERT ISSUER    : c=lu,ou=pki-test,o=nowina solutions,cn=external-ca
11:39:08.534 [pool-7-thread-37] WARN eu.europa.esig.dss.spi.x509.TokenIssuerSelector - No issuer found for the token creation date. The process continues with an issuer which has the same public key.
11:39:08.534 [pool-7-thread-60] INFO eu.europa.esig.dss.spi.x509.TokenIssuerSelector - ISSUER SUBJECT : c=lu,ou=pki-test,o=nowina solutions,cn=external-ca-alternative
11:39:08.534 [pool-7-thread-60] INFO eu.europa.esig.dss.spi.x509.TokenIssuerSelector - The issuer subject name and subject name does not match (more details in debug mode).
11:39:08.534 [pool-7-thread-60] INFO eu.europa.esig.dss.spi.x509.TokenIssuerSelector - CERT ISSUER    : c=lu,ou=pki-test,o=nowina solutions,cn=external-ca
11:39:08.534 [pool-7-thread-60] INFO eu.europa.esig.dss.spi.x509.TokenIssuerSelector - ISSUER SUBJECT : c=lu,ou=pki-test,o=nowina solutions,cn=external-ca-alternative
11:39:08.534 [pool-7-thread-60] INFO eu.europa.esig.dss.spi.x509.TokenIssuerSelector - The issuer subject name and subject name does not match (more details in debug mode).
11:39:08.534 [pool-7-thread-60] INFO eu.europa.esig.dss.spi.x509.TokenIssuerSelector - CERT ISSUER    : c=lu,ou=pki-test,o=nowina solutions,cn=external-ca
11:39:08.534 [pool-7-thread-60] INFO eu.europa.esig.dss.spi.x509.TokenIssuerSelector - ISSUER SUBJECT : c=lu,ou=pki-test,o=nowina solutions,cn=external-ca-alternative
11:39:08.534 [pool-7-thread-37] WARN eu.europa.esig.dss.spi.x509.TokenIssuerSelector - No issuer found for the token creation date. The process continues with an issuer which has the same public key.
11:39:08.540 [pool-7-thread-37] INFO eu.europa.esig.dss.spi.x509.TokenIssuerSelector - The issuer subject name and subject name does not match (more details in debug mode).
11:39:08.540 [pool-7-thread-37] INFO eu.europa.esig.dss.spi.x509.TokenIssuerSelector - CERT ISSUER    : c=lu,ou=pki-test,o=nowina solutions,cn=external-ca
11:39:08.540 [pool-7-thread-37] INFO eu.europa.esig.dss.spi.x509.TokenIssuerSelector - ISSUER SUBJECT : c=lu,ou=pki-test,o=nowina solutions,cn=external-ca-alternative
11:39:08.540 [pool-7-thread-37] INFO eu.europa.esig.dss.spi.x509.TokenIssuerSelector - The issuer subject name and subject name does not match (more details in debug mode).
11:39:08.540 [pool-7-thread-37] INFO eu.europa.esig.dss.spi.x509.TokenIssuerSelector - CERT ISSUER    : c=lu,ou=pki-test,o=nowina solutions,cn=external-ca
11:39:08.540 [pool-7-thread-37] INFO eu.europa.esig.dss.spi.x509.TokenIssuerSelector - ISSUER SUBJECT : c=lu,ou=pki-test,o=nowina solutions,cn=external-ca-alternative
11:39:08.540 [pool-7-thread-37] INFO eu.europa.esig.dss.spi.x509.TokenIssuerSelector - The issuer subject name and subject name does not match (more details in debug mode).
11:39:08.540 [pool-7-thread-37] INFO eu.europa.esig.dss.spi.x509.TokenIssuerSelector - CERT ISSUER    : c=lu,ou=pki-test,o=nowina solutions,cn=external-ca
11:39:08.540 [pool-7-thread-37] INFO eu.europa.esig.dss.spi.x509.TokenIssuerSelector - ISSUER SUBJECT : c=lu,ou=pki-test,o=nowina solutions,cn=external-ca-alternative
11:39:08.549 [pool-7-thread-9] WARN eu.europa.esig.dss.spi.x509.TokenIssuerSelector - No issuer found for the token creation date. The process continues with an issuer which has the same public key.
11:39:08.551 [pool-7-thread-62] INFO eu.europa.esig.dss.spi.x509.TokenIssuerSelector - The issuer subject name and subject name does not match (more details in debug mode).
11:39:08.551 [pool-7-thread-62] INFO eu.europa.esig.dss.spi.x509.TokenIssuerSelector - CERT ISSUER    : c=lu,ou=pki-test,o=nowina solutions,cn=external-ca
11:39:08.551 [pool-7-thread-62] INFO eu.europa.esig.dss.spi.x509.TokenIssuerSelector - ISSUER SUBJECT : c=lu,ou=pki-test,o=nowina solutions,cn=external-ca-alternative
11:39:08.551 [pool-7-thread-62] INFO eu.europa.esig.dss.spi.x509.TokenIssuerSelector - The issuer subject name and subject name does not match (more details in debug mode).
11:39:08.551 [pool-7-thread-62] INFO eu.europa.esig.dss.spi.x509.TokenIssuerSelector - CERT ISSUER    : c=lu,ou=pki-test,o=nowina solutions,cn=external-ca
11:39:08.551 [pool-7-thread-62] INFO eu.europa.esig.dss.spi.x509.TokenIssuerSelector - ISSUER SUBJECT : c=lu,ou=pki-test,o=nowina solutions,cn=external-ca-alternative
11:39:08.551 [pool-7-thread-19] WARN eu.europa.esig.dss.spi.x509.TokenIssuerSelector - No issuer found for the token creation date. The process continues with an issuer which has the same public key.
11:39:08.551 [pool-7-thread-62] INFO eu.europa.esig.dss.spi.x509.TokenIssuerSelector - The issuer subject name and subject name does not match (more details in debug mode).
11:39:08.551 [pool-7-thread-62] INFO eu.europa.esig.dss.spi.x509.TokenIssuerSelector - CERT ISSUER    : c=lu,ou=pki-test,o=nowina solutions,cn=external-ca
11:39:08.551 [pool-7-thread-62] INFO eu.europa.esig.dss.spi.x509.TokenIssuerSelector - ISSUER SUBJECT : c=lu,ou=pki-test,o=nowina solutions,cn=external-ca-alternative
11:39:08.552 [pool-7-thread-66] WARN eu.europa.esig.dss.spi.x509.TokenIssuerSelector - No issuer found for the token creation date. The process continues with an issuer which has the same public key.
11:39:08.552 [pool-7-thread-66] WARN eu.europa.esig.dss.spi.x509.TokenIssuerSelector - No issuer found for the token creation date. The process continues with an issuer which has the same public key.
11:39:08.554 [pool-7-thread-66] INFO eu.europa.esig.dss.spi.x509.TokenIssuerSelector - The issuer subject name and subject name does not match (more details in debug mode).
11:39:08.554 [pool-7-thread-66] INFO eu.europa.esig.dss.spi.x509.TokenIssuerSelector - CERT ISSUER    : c=lu,ou=pki-test,o=nowina solutions,cn=external-ca
11:39:08.554 [pool-7-thread-66] INFO eu.europa.esig.dss.spi.x509.TokenIssuerSelector - ISSUER SUBJECT : c=lu,ou=pki-test,o=nowina solutions,cn=external-ca-alternative
11:39:08.554 [pool-7-thread-66] INFO eu.europa.esig.dss.spi.x509.TokenIssuerSelector - The issuer subject name and subject name does not match (more details in debug mode).
11:39:08.554 [pool-7-thread-66] INFO eu.europa.esig.dss.spi.x509.TokenIssuerSelector - CERT ISSUER    : c=lu,ou=pki-test,o=nowina solutions,cn=external-ca
11:39:08.554 [pool-7-thread-66] INFO eu.europa.esig.dss.spi.x509.TokenIssuerSelector - ISSUER SUBJECT : c=lu,ou=pki-test,o=nowina solutions,cn=external-ca-alternative
11:39:08.554 [pool-7-thread-66] INFO eu.europa.esig.dss.spi.x509.TokenIssuerSelector - The issuer subject name and subject name does not match (more details in debug mode).
11:39:08.554 [pool-7-thread-66] INFO eu.europa.esig.dss.spi.x509.TokenIssuerSelector - CERT ISSUER    : c=lu,ou=pki-test,o=nowina solutions,cn=external-ca
11:39:08.554 [pool-7-thread-66] INFO eu.europa.esig.dss.spi.x509.TokenIssuerSelector - ISSUER SUBJECT : c=lu,ou=pki-test,o=nowina solutions,cn=external-ca-alternative
11:39:08.555 [pool-7-thread-42] INFO eu.europa.esig.dss.spi.x509.TokenIssuerSelector - The issuer subject name and subject name does not match (more details in debug mode).
11:39:08.555 [pool-7-thread-42] INFO eu.europa.esig.dss.spi.x509.TokenIssuerSelector - CERT ISSUER    : c=lu,ou=pki-test,o=nowina solutions,cn=external-ca
11:39:08.555 [pool-7-thread-42] INFO eu.europa.esig.dss.spi.x509.TokenIssuerSelector - ISSUER SUBJECT : c=lu,ou=pki-test,o=nowina solutions,cn=external-ca-alternative
11:39:08.555 [pool-7-thread-42] INFO eu.europa.esig.dss.spi.x509.TokenIssuerSelector - The issuer subject name and subject name does not match (more details in debug mode).
11:39:08.555 [pool-7-thread-42] INFO eu.europa.esig.dss.spi.x509.TokenIssuerSelector - CERT ISSUER    : c=lu,ou=pki-test,o=nowina solutions,cn=external-ca
11:39:08.555 [pool-7-thread-42] INFO eu.europa.esig.dss.spi.x509.TokenIssuerSelector - ISSUER SUBJECT : c=lu,ou=pki-test,o=nowina solutions,cn=external-ca-alternative
11:39:08.555 [pool-7-thread-42] INFO eu.europa.esig.dss.spi.x509.TokenIssuerSelector - The issuer subject name and subject name does not match (more details in debug mode).
11:39:08.555 [pool-7-thread-42] INFO eu.europa.esig.dss.spi.x509.TokenIssuerSelector - CERT ISSUER    : c=lu,ou=pki-test,o=nowina solutions,cn=external-ca
11:39:08.555 [pool-7-thread-42] INFO eu.europa.esig.dss.spi.x509.TokenIssuerSelector - ISSUER SUBJECT : c=lu,ou=pki-test,o=nowina solutions,cn=external-ca-alternative
11:39:08.557 [pool-7-thread-78] WARN eu.europa.esig.dss.spi.x509.TokenIssuerSelector - No issuer found for the token creation date. The process continues with an issuer which has the same public key.
11:39:08.558 [pool-7-thread-66] WARN eu.europa.esig.dss.spi.x509.TokenIssuerSelector - No issuer found for the token creation date. The process continues with an issuer which has the same public key.
11:39:08.559 [pool-7-thread-2] WARN eu.europa.esig.dss.spi.x509.TokenIssuerSelector - No issuer found for the token creation date. The process continues with an issuer which has the same public key.
11:39:08.562 [pool-7-thread-2] INFO eu.europa.esig.dss.spi.x509.TokenIssuerSelector - The issuer subject name and subject name does not match (more details in debug mode).
11:39:08.562 [pool-7-thread-2] INFO eu.europa.esig.dss.spi.x509.TokenIssuerSelector - CERT ISSUER    : c=lu,ou=pki-test,o=nowina solutions,cn=external-ca
11:39:08.562 [pool-7-thread-2] INFO eu.europa.esig.dss.spi.x509.TokenIssuerSelector - ISSUER SUBJECT : c=lu,ou=pki-test,o=nowina solutions,cn=external-ca-alternative
11:39:08.562 [pool-7-thread-2] INFO eu.europa.esig.dss.spi.x509.TokenIssuerSelector - The issuer subject name and subject name does not match (more details in debug mode).
11:39:08.562 [pool-7-thread-2] INFO eu.europa.esig.dss.spi.x509.TokenIssuerSelector - CERT ISSUER    : c=lu,ou=pki-test,o=nowina solutions,cn=external-ca
11:39:08.562 [pool-7-thread-2] INFO eu.europa.esig.dss.spi.x509.TokenIssuerSelector - ISSUER SUBJECT : c=lu,ou=pki-test,o=nowina solutions,cn=external-ca-alternative
11:39:08.562 [pool-7-thread-2] INFO eu.europa.esig.dss.spi.x509.TokenIssuerSelector - The issuer subject name and subject name does not match (more details in debug mode).
11:39:08.562 [pool-7-thread-2] INFO eu.europa.esig.dss.spi.x509.TokenIssuerSelector - CERT ISSUER    : c=lu,ou=pki-test,o=nowina solutions,cn=external-ca
11:39:08.562 [pool-7-thread-2] INFO eu.europa.esig.dss.spi.x509.TokenIssuerSelector - ISSUER SUBJECT : c=lu,ou=pki-test,o=nowina solutions,cn=external-ca-alternative
11:39:08.565 [pool-7-thread-38] WARN eu.europa.esig.dss.spi.x509.TokenIssuerSelector - No issuer found for the token creation date. The process continues with an issuer which has the same public key.
11:39:08.567 [pool-7-thread-2] WARN eu.europa.esig.dss.spi.x509.TokenIssuerSelector - No issuer found for the token creation date. The process continues with an issuer which has the same public key.
11:39:08.570 [pool-7-thread-2] WARN eu.europa.esig.dss.spi.x509.TokenIssuerSelector - No issuer found for the token creation date. The process continues with an issuer which has the same public key.
11:39:08.571 [pool-7-thread-20] WARN eu.europa.esig.dss.spi.x509.TokenIssuerSelector - No issuer found for the token creation date. The process continues with an issuer which has the same public key.
11:39:08.572 [pool-7-thread-65] WARN eu.europa.esig.dss.spi.x509.TokenIssuerSelector - No issuer found for the token creation date. The process continues with an issuer which has the same public key.
11:39:08.572 [pool-7-thread-65] WARN eu.europa.esig.dss.spi.x509.TokenIssuerSelector - No issuer found for the token creation date. The process continues with an issuer which has the same public key.
11:39:08.577 [pool-7-thread-70] WARN eu.europa.esig.dss.spi.x509.TokenIssuerSelector - No issuer found for the token creation date. The process continues with an issuer which has the same public key.
11:39:08.577 [pool-7-thread-65] INFO eu.europa.esig.dss.spi.x509.TokenIssuerSelector - The issuer subject name and subject name does not match (more details in debug mode).
11:39:08.578 [pool-7-thread-65] INFO eu.europa.esig.dss.spi.x509.TokenIssuerSelector - CERT ISSUER    : c=lu,ou=pki-test,o=nowina solutions,cn=external-ca
11:39:08.578 [pool-7-thread-65] INFO eu.europa.esig.dss.spi.x509.TokenIssuerSelector - ISSUER SUBJECT : c=lu,ou=pki-test,o=nowina solutions,cn=external-ca-alternative
11:39:08.578 [pool-7-thread-65] INFO eu.europa.esig.dss.spi.x509.TokenIssuerSelector - The issuer subject name and subject name does not match (more details in debug mode).
11:39:08.578 [pool-7-thread-65] INFO eu.europa.esig.dss.spi.x509.TokenIssuerSelector - CERT ISSUER    : c=lu,ou=pki-test,o=nowina solutions,cn=external-ca
11:39:08.578 [pool-7-thread-65] INFO eu.europa.esig.dss.spi.x509.TokenIssuerSelector - ISSUER SUBJECT : c=lu,ou=pki-test,o=nowina solutions,cn=external-ca-alternative
11:39:08.578 [pool-7-thread-65] INFO eu.europa.esig.dss.spi.x509.TokenIssuerSelector - The issuer subject name and subject name does not match (more details in debug mode).
11:39:08.578 [pool-7-thread-65] INFO eu.europa.esig.dss.spi.x509.TokenIssuerSelector - CERT ISSUER    : c=lu,ou=pki-test,o=nowina solutions,cn=external-ca
11:39:08.578 [pool-7-thread-65] INFO eu.europa.esig.dss.spi.x509.TokenIssuerSelector - ISSUER SUBJECT : c=lu,ou=pki-test,o=nowina solutions,cn=external-ca-alternative
11:39:08.578 [pool-7-thread-16] WARN eu.europa.esig.dss.spi.x509.TokenIssuerSelector - No issuer found for the token creation date. The process continues with an issuer which has the same public key.
11:39:08.580 [pool-7-thread-16] INFO eu.europa.esig.dss.spi.x509.TokenIssuerSelector - The issuer subject name and subject name does not match (more details in debug mode).
11:39:08.580 [pool-7-thread-16] INFO eu.europa.esig.dss.spi.x509.TokenIssuerSelector - CERT ISSUER    : c=lu,ou=pki-test,o=nowina solutions,cn=external-ca
11:39:08.580 [pool-7-thread-16] INFO eu.europa.esig.dss.spi.x509.TokenIssuerSelector - ISSUER SUBJECT : c=lu,ou=pki-test,o=nowina solutions,cn=external-ca-alternative
11:39:08.580 [pool-7-thread-16] INFO eu.europa.esig.dss.spi.x509.TokenIssuerSelector - The issuer subject name and subject name does not match (more details in debug mode).
11:39:08.580 [pool-7-thread-16] INFO eu.europa.esig.dss.spi.x509.TokenIssuerSelector - CERT ISSUER    : c=lu,ou=pki-test,o=nowina solutions,cn=external-ca
11:39:08.580 [pool-7-thread-16] INFO eu.europa.esig.dss.spi.x509.TokenIssuerSelector - ISSUER SUBJECT : c=lu,ou=pki-test,o=nowina solutions,cn=external-ca-alternative
11:39:08.581 [pool-7-thread-65] WARN eu.europa.esig.dss.spi.x509.TokenIssuerSelector - No issuer found for the token creation date. The process continues with an issuer which has the same public key.
11:39:08.580 [pool-7-thread-16] INFO eu.europa.esig.dss.spi.x509.TokenIssuerSelector - The issuer subject name and subject name does not match (more details in debug mode).
11:39:08.581 [pool-7-thread-16] INFO eu.europa.esig.dss.spi.x509.TokenIssuerSelector - CERT ISSUER    : c=lu,ou=pki-test,o=nowina solutions,cn=external-ca
11:39:08.581 [pool-7-thread-16] INFO eu.europa.esig.dss.spi.x509.TokenIssuerSelector - ISSUER SUBJECT : c=lu,ou=pki-test,o=nowina solutions,cn=external-ca-alternative
11:39:08.581 [pool-7-thread-65] WARN eu.europa.esig.dss.spi.x509.TokenIssuerSelector - No issuer found for the token creation date. The process continues with an issuer which has the same public key.
11:39:08.583 [pool-7-thread-65] INFO eu.europa.esig.dss.spi.x509.TokenIssuerSelector - The issuer subject name and subject name does not match (more details in debug mode).
11:39:08.583 [pool-7-thread-65] INFO eu.europa.esig.dss.spi.x509.TokenIssuerSelector - CERT ISSUER    : c=lu,ou=pki-test,o=nowina solutions,cn=external-ca
11:39:08.583 [pool-7-thread-65] INFO eu.europa.esig.dss.spi.x509.TokenIssuerSelector - ISSUER SUBJECT : c=lu,ou=pki-test,o=nowina solutions,cn=external-ca-alternative
11:39:08.583 [pool-7-thread-65] INFO eu.europa.esig.dss.spi.x509.TokenIssuerSelector - The issuer subject name and subject name does not match (more details in debug mode).
11:39:08.583 [pool-7-thread-65] INFO eu.europa.esig.dss.spi.x509.TokenIssuerSelector - CERT ISSUER    : c=lu,ou=pki-test,o=nowina solutions,cn=external-ca
11:39:08.583 [pool-7-thread-65] INFO eu.europa.esig.dss.spi.x509.TokenIssuerSelector - ISSUER SUBJECT : c=lu,ou=pki-test,o=nowina solutions,cn=external-ca-alternative
11:39:08.583 [pool-7-thread-65] INFO eu.europa.esig.dss.spi.x509.TokenIssuerSelector - The issuer subject name and subject name does not match (more details in debug mode).
11:39:08.583 [pool-7-thread-65] INFO eu.europa.esig.dss.spi.x509.TokenIssuerSelector - CERT ISSUER    : c=lu,ou=pki-test,o=nowina solutions,cn=external-ca
11:39:08.583 [pool-7-thread-65] INFO eu.europa.esig.dss.spi.x509.TokenIssuerSelector - ISSUER SUBJECT : c=lu,ou=pki-test,o=nowina solutions,cn=external-ca-alternative
11:39:08.587 [pool-7-thread-73] WARN eu.europa.esig.dss.spi.x509.TokenIssuerSelector - No issuer found for the token creation date. The process continues with an issuer which has the same public key.
11:39:08.589 [pool-7-thread-73] INFO eu.europa.esig.dss.spi.x509.TokenIssuerSelector - The issuer subject name and subject name does not match (more details in debug mode).
11:39:08.589 [pool-7-thread-73] INFO eu.europa.esig.dss.spi.x509.TokenIssuerSelector - CERT ISSUER    : c=lu,ou=pki-test,o=nowina solutions,cn=external-ca
11:39:08.589 [pool-7-thread-69] WARN eu.europa.esig.dss.spi.x509.TokenIssuerSelector - No issuer found for the token creation date. The process continues with an issuer which has the same public key.
11:39:08.589 [pool-7-thread-73] INFO eu.europa.esig.dss.spi.x509.TokenIssuerSelector - ISSUER SUBJECT : c=lu,ou=pki-test,o=nowina solutions,cn=external-ca-alternative
11:39:08.589 [pool-7-thread-73] INFO eu.europa.esig.dss.spi.x509.TokenIssuerSelector - The issuer subject name and subject name does not match (more details in debug mode).
11:39:08.589 [pool-7-thread-73] INFO eu.europa.esig.dss.spi.x509.TokenIssuerSelector - CERT ISSUER    : c=lu,ou=pki-test,o=nowina solutions,cn=external-ca
11:39:08.589 [pool-7-thread-73] INFO eu.europa.esig.dss.spi.x509.TokenIssuerSelector - ISSUER SUBJECT : c=lu,ou=pki-test,o=nowina solutions,cn=external-ca-alternative
11:39:08.589 [pool-7-thread-73] INFO eu.europa.esig.dss.spi.x509.TokenIssuerSelector - The issuer subject name and subject name does not match (more details in debug mode).
11:39:08.589 [pool-7-thread-73] INFO eu.europa.esig.dss.spi.x509.TokenIssuerSelector - CERT ISSUER    : c=lu,ou=pki-test,o=nowina solutions,cn=external-ca
11:39:08.589 [pool-7-thread-73] INFO eu.europa.esig.dss.spi.x509.TokenIssuerSelector - ISSUER SUBJECT : c=lu,ou=pki-test,o=nowina solutions,cn=external-ca-alternative
11:39:08.589 [pool-7-thread-69] WARN eu.europa.esig.dss.spi.x509.TokenIssuerSelector - No issuer found for the token creation date. The process continues with an issuer which has the same public key.
11:39:08.599 [pool-7-thread-77] WARN eu.europa.esig.dss.spi.x509.TokenIssuerSelector - No issuer found for the token creation date. The process continues with an issuer which has the same public key.
11:39:08.600 [pool-7-thread-77] WARN eu.europa.esig.dss.spi.x509.TokenIssuerSelector - No issuer found for the token creation date. The process continues with an issuer which has the same public key.
11:39:08.602 [pool-7-thread-77] INFO eu.europa.esig.dss.spi.x509.TokenIssuerSelector - The issuer subject name and subject name does not match (more details in debug mode).
11:39:08.602 [pool-7-thread-77] INFO eu.europa.esig.dss.spi.x509.TokenIssuerSelector - CERT ISSUER    : c=lu,ou=pki-test,o=nowina solutions,cn=external-ca
11:39:08.602 [pool-7-thread-77] INFO eu.europa.esig.dss.spi.x509.TokenIssuerSelector - ISSUER SUBJECT : c=lu,ou=pki-test,o=nowina solutions,cn=external-ca-alternative
11:39:08.602 [pool-7-thread-77] INFO eu.europa.esig.dss.spi.x509.TokenIssuerSelector - The issuer subject name and subject name does not match (more details in debug mode).
11:39:08.602 [pool-7-thread-77] INFO eu.europa.esig.dss.spi.x509.TokenIssuerSelector - CERT ISSUER    : c=lu,ou=pki-test,o=nowina solutions,cn=external-ca
11:39:08.602 [pool-7-thread-77] INFO eu.europa.esig.dss.spi.x509.TokenIssuerSelector - ISSUER SUBJECT : c=lu,ou=pki-test,o=nowina solutions,cn=external-ca-alternative
11:39:08.602 [pool-7-thread-77] INFO eu.europa.esig.dss.spi.x509.TokenIssuerSelector - The issuer subject name and subject name does not match (more details in debug mode).
11:39:08.602 [pool-7-thread-77] INFO eu.europa.esig.dss.spi.x509.TokenIssuerSelector - CERT ISSUER    : c=lu,ou=pki-test,o=nowina solutions,cn=external-ca
11:39:08.602 [pool-7-thread-77] INFO eu.europa.esig.dss.spi.x509.TokenIssuerSelector - ISSUER SUBJECT : c=lu,ou=pki-test,o=nowina solutions,cn=external-ca-alternative
11:39:08.604 [pool-7-thread-41] INFO eu.europa.esig.dss.spi.x509.TokenIssuerSelector - The issuer subject name and subject name does not match (more details in debug mode).
11:39:08.604 [pool-7-thread-41] INFO eu.europa.esig.dss.spi.x509.TokenIssuerSelector - CERT ISSUER    : c=lu,ou=pki-test,o=nowina solutions,cn=external-ca
11:39:08.604 [pool-7-thread-41] INFO eu.europa.esig.dss.spi.x509.TokenIssuerSelector - ISSUER SUBJECT : c=lu,ou=pki-test,o=nowina solutions,cn=external-ca-alternative
11:39:08.604 [pool-7-thread-41] INFO eu.europa.esig.dss.spi.x509.TokenIssuerSelector - The issuer subject name and subject name does not match (more details in debug mode).
11:39:08.604 [pool-7-thread-41] INFO eu.europa.esig.dss.spi.x509.TokenIssuerSelector - CERT ISSUER    : c=lu,ou=pki-test,o=nowina solutions,cn=external-ca
11:39:08.604 [pool-7-thread-41] INFO eu.europa.esig.dss.spi.x509.TokenIssuerSelector - ISSUER SUBJECT : c=lu,ou=pki-test,o=nowina solutions,cn=external-ca-alternative
11:39:08.604 [pool-7-thread-41] INFO eu.europa.esig.dss.spi.x509.TokenIssuerSelector - The issuer subject name and subject name does not match (more details in debug mode).
11:39:08.604 [pool-7-thread-41] INFO eu.europa.esig.dss.spi.x509.TokenIssuerSelector - CERT ISSUER    : c=lu,ou=pki-test,o=nowina solutions,cn=external-ca
11:39:08.604 [pool-7-thread-41] INFO eu.europa.esig.dss.spi.x509.TokenIssuerSelector - ISSUER SUBJECT : c=lu,ou=pki-test,o=nowina solutions,cn=external-ca-alternative
11:39:08.609 [pool-7-thread-86] INFO eu.europa.esig.dss.spi.x509.TokenIssuerSelector - The issuer subject name and subject name does not match (more details in debug mode).
11:39:08.609 [pool-7-thread-86] INFO eu.europa.esig.dss.spi.x509.TokenIssuerSelector - CERT ISSUER    : c=lu,ou=pki-test,o=nowina solutions,cn=external-ca
11:39:08.609 [pool-7-thread-86] INFO eu.europa.esig.dss.spi.x509.TokenIssuerSelector - ISSUER SUBJECT : c=lu,ou=pki-test,o=nowina solutions,cn=external-ca-alternative
11:39:08.609 [pool-7-thread-86] INFO eu.europa.esig.dss.spi.x509.TokenIssuerSelector - The issuer subject name and subject name does not match (more details in debug mode).
11:39:08.609 [pool-7-thread-86] INFO eu.europa.esig.dss.spi.x509.TokenIssuerSelector - CERT ISSUER    : c=lu,ou=pki-test,o=nowina solutions,cn=external-ca
11:39:08.609 [pool-7-thread-86] INFO eu.europa.esig.dss.spi.x509.TokenIssuerSelector - ISSUER SUBJECT : c=lu,ou=pki-test,o=nowina solutions,cn=external-ca-alternative
11:39:08.609 [pool-7-thread-86] INFO eu.europa.esig.dss.spi.x509.TokenIssuerSelector - The issuer subject name and subject name does not match (more details in debug mode).
11:39:08.609 [pool-7-thread-86] INFO eu.europa.esig.dss.spi.x509.TokenIssuerSelector - CERT ISSUER    : c=lu,ou=pki-test,o=nowina solutions,cn=external-ca
11:39:08.609 [pool-7-thread-86] INFO eu.europa.esig.dss.spi.x509.TokenIssuerSelector - ISSUER SUBJECT : c=lu,ou=pki-test,o=nowina solutions,cn=external-ca-alternative
11:39:08.609 [pool-7-thread-34] WARN eu.europa.esig.dss.spi.x509.TokenIssuerSelector - No issuer found for the token creation date. The process continues with an issuer which has the same public key.
11:39:08.610 [pool-7-thread-34] WARN eu.europa.esig.dss.spi.x509.TokenIssuerSelector - No issuer found for the token creation date. The process continues with an issuer which has the same public key.
11:39:08.612 [pool-7-thread-34] INFO eu.europa.esig.dss.spi.x509.TokenIssuerSelector - The issuer subject name and subject name does not match (more details in debug mode).
11:39:08.613 [pool-7-thread-34] INFO eu.europa.esig.dss.spi.x509.TokenIssuerSelector - CERT ISSUER    : c=lu,ou=pki-test,o=nowina solutions,cn=external-ca
11:39:08.613 [pool-7-thread-34] INFO eu.europa.esig.dss.spi.x509.TokenIssuerSelector - ISSUER SUBJECT : c=lu,ou=pki-test,o=nowina solutions,cn=external-ca-alternative
11:39:08.613 [pool-7-thread-34] INFO eu.europa.esig.dss.spi.x509.TokenIssuerSelector - The issuer subject name and subject name does not match (more details in debug mode).
11:39:08.613 [pool-7-thread-34] INFO eu.europa.esig.dss.spi.x509.TokenIssuerSelector - CERT ISSUER    : c=lu,ou=pki-test,o=nowina solutions,cn=external-ca
11:39:08.613 [pool-7-thread-34] INFO eu.europa.esig.dss.spi.x509.TokenIssuerSelector - ISSUER SUBJECT : c=lu,ou=pki-test,o=nowina solutions,cn=external-ca-alternative
11:39:08.613 [pool-7-thread-34] INFO eu.europa.esig.dss.spi.x509.TokenIssuerSelector - The issuer subject name and subject name does not match (more details in debug mode).
11:39:08.613 [pool-7-thread-34] INFO eu.europa.esig.dss.spi.x509.TokenIssuerSelector - CERT ISSUER    : c=lu,ou=pki-test,o=nowina solutions,cn=external-ca
11:39:08.613 [pool-7-thread-34] INFO eu.europa.esig.dss.spi.x509.TokenIssuerSelector - ISSUER SUBJECT : c=lu,ou=pki-test,o=nowina solutions,cn=external-ca-alternative
11:39:08.614 [pool-7-thread-87] WARN eu.europa.esig.dss.spi.x509.TokenIssuerSelector - No issuer found for the token creation date. The process continues with an issuer which has the same public key.
11:39:08.615 [pool-7-thread-5] WARN eu.europa.esig.dss.spi.x509.TokenIssuerSelector - No issuer found for the token creation date. The process continues with an issuer which has the same public key.
11:39:08.616 [pool-7-thread-5] WARN eu.europa.esig.dss.spi.x509.TokenIssuerSelector - No issuer found for the token creation date. The process continues with an issuer which has the same public key.
11:39:08.617 [pool-7-thread-5] INFO eu.europa.esig.dss.spi.x509.TokenIssuerSelector - The issuer subject name and subject name does not match (more details in debug mode).
11:39:08.617 [pool-7-thread-5] INFO eu.europa.esig.dss.spi.x509.TokenIssuerSelector - CERT ISSUER    : c=lu,ou=pki-test,o=nowina solutions,cn=external-ca
11:39:08.617 [pool-7-thread-5] INFO eu.europa.esig.dss.spi.x509.TokenIssuerSelector - ISSUER SUBJECT : c=lu,ou=pki-test,o=nowina solutions,cn=external-ca-alternative
11:39:08.617 [pool-7-thread-5] INFO eu.europa.esig.dss.spi.x509.TokenIssuerSelector - The issuer subject name and subject name does not match (more details in debug mode).
11:39:08.617 [pool-7-thread-5] INFO eu.europa.esig.dss.spi.x509.TokenIssuerSelector - CERT ISSUER    : c=lu,ou=pki-test,o=nowina solutions,cn=external-ca
11:39:08.617 [pool-7-thread-5] INFO eu.europa.esig.dss.spi.x509.TokenIssuerSelector - ISSUER SUBJECT : c=lu,ou=pki-test,o=nowina solutions,cn=external-ca-alternative
11:39:08.617 [pool-7-thread-5] INFO eu.europa.esig.dss.spi.x509.TokenIssuerSelector - The issuer subject name and subject name does not match (more details in debug mode).
11:39:08.617 [pool-7-thread-5] INFO eu.europa.esig.dss.spi.x509.TokenIssuerSelector - CERT ISSUER    : c=lu,ou=pki-test,o=nowina solutions,cn=external-ca
11:39:08.617 [pool-7-thread-5] INFO eu.europa.esig.dss.spi.x509.TokenIssuerSelector - ISSUER SUBJECT : c=lu,ou=pki-test,o=nowina solutions,cn=external-ca-alternative
11:39:08.619 [pool-7-thread-85] INFO eu.europa.esig.dss.spi.x509.TokenIssuerSelector - The issuer subject name and subject name does not match (more details in debug mode).
11:39:08.619 [pool-7-thread-85] INFO eu.europa.esig.dss.spi.x509.TokenIssuerSelector - CERT ISSUER    : c=lu,ou=pki-test,o=nowina solutions,cn=external-ca
11:39:08.619 [pool-7-thread-85] INFO eu.europa.esig.dss.spi.x509.TokenIssuerSelector - ISSUER SUBJECT : c=lu,ou=pki-test,o=nowina solutions,cn=external-ca-alternative
11:39:08.619 [pool-7-thread-85] INFO eu.europa.esig.dss.spi.x509.TokenIssuerSelector - The issuer subject name and subject name does not match (more details in debug mode).
11:39:08.619 [pool-7-thread-85] INFO eu.europa.esig.dss.spi.x509.TokenIssuerSelector - CERT ISSUER    : c=lu,ou=pki-test,o=nowina solutions,cn=external-ca
11:39:08.619 [pool-7-thread-85] INFO eu.europa.esig.dss.spi.x509.TokenIssuerSelector - ISSUER SUBJECT : c=lu,ou=pki-test,o=nowina solutions,cn=external-ca-alternative
11:39:08.619 [pool-7-thread-85] INFO eu.europa.esig.dss.spi.x509.TokenIssuerSelector - The issuer subject name and subject name does not match (more details in debug mode).
11:39:08.619 [pool-7-thread-85] INFO eu.europa.esig.dss.spi.x509.TokenIssuerSelector - CERT ISSUER    : c=lu,ou=pki-test,o=nowina solutions,cn=external-ca
11:39:08.619 [pool-7-thread-85] INFO eu.europa.esig.dss.spi.x509.TokenIssuerSelector - ISSUER SUBJECT : c=lu,ou=pki-test,o=nowina solutions,cn=external-ca-alternative
11:39:08.622 [pool-7-thread-84] WARN eu.europa.esig.dss.spi.x509.TokenIssuerSelector - No issuer found for the token creation date. The process continues with an issuer which has the same public key.
11:39:08.623 [pool-7-thread-85] WARN eu.europa.esig.dss.spi.x509.TokenIssuerSelector - No issuer found for the token creation date. The process continues with an issuer which has the same public key.
11:39:08.624 [pool-7-thread-32] WARN eu.europa.esig.dss.spi.x509.TokenIssuerSelector - No issuer found for the token creation date. The process continues with an issuer which has the same public key.
11:39:08.624 [pool-7-thread-45] WARN eu.europa.esig.dss.spi.x509.TokenIssuerSelector - No issuer found for the token creation date. The process continues with an issuer which has the same public key.
11:39:08.625 [pool-7-thread-45] WARN eu.europa.esig.dss.spi.x509.TokenIssuerSelector - No issuer found for the token creation date. The process continues with an issuer which has the same public key.
11:39:08.631 [pool-7-thread-45] INFO eu.europa.esig.dss.spi.x509.TokenIssuerSelector - The issuer subject name and subject name does not match (more details in debug mode).
11:39:08.631 [pool-7-thread-45] INFO eu.europa.esig.dss.spi.x509.TokenIssuerSelector - CERT ISSUER    : c=lu,ou=pki-test,o=nowina solutions,cn=external-ca
11:39:08.631 [pool-7-thread-45] INFO eu.europa.esig.dss.spi.x509.TokenIssuerSelector - ISSUER SUBJECT : c=lu,ou=pki-test,o=nowina solutions,cn=external-ca-alternative
11:39:08.631 [pool-7-thread-45] INFO eu.europa.esig.dss.spi.x509.TokenIssuerSelector - The issuer subject name and subject name does not match (more details in debug mode).
11:39:08.631 [pool-7-thread-45] INFO eu.europa.esig.dss.spi.x509.TokenIssuerSelector - CERT ISSUER    : c=lu,ou=pki-test,o=nowina solutions,cn=external-ca
11:39:08.631 [pool-7-thread-45] INFO eu.europa.esig.dss.spi.x509.TokenIssuerSelector - ISSUER SUBJECT : c=lu,ou=pki-test,o=nowina solutions,cn=external-ca-alternative
11:39:08.631 [pool-7-thread-45] INFO eu.europa.esig.dss.spi.x509.TokenIssuerSelector - The issuer subject name and subject name does not match (more details in debug mode).
11:39:08.631 [pool-7-thread-45] INFO eu.europa.esig.dss.spi.x509.TokenIssuerSelector - CERT ISSUER    : c=lu,ou=pki-test,o=nowina solutions,cn=external-ca
11:39:08.631 [pool-7-thread-45] INFO eu.europa.esig.dss.spi.x509.TokenIssuerSelector - ISSUER SUBJECT : c=lu,ou=pki-test,o=nowina solutions,cn=external-ca-alternative
11:39:08.634 [pool-7-thread-45] WARN eu.europa.esig.dss.spi.x509.TokenIssuerSelector - No issuer found for the token creation date. The process continues with an issuer which has the same public key.
11:39:08.635 [pool-7-thread-45] WARN eu.europa.esig.dss.spi.x509.TokenIssuerSelector - No issuer found for the token creation date. The process continues with an issuer which has the same public key.
11:39:08.636 [pool-7-thread-98] WARN eu.europa.esig.dss.spi.x509.TokenIssuerSelector - No issuer found for the token creation date. The process continues with an issuer which has the same public key.
11:39:08.637 [pool-7-thread-89] INFO eu.europa.esig.dss.spi.x509.TokenIssuerSelector - The issuer subject name and subject name does not match (more details in debug mode).
11:39:08.637 [pool-7-thread-89] INFO eu.europa.esig.dss.spi.x509.TokenIssuerSelector - CERT ISSUER    : c=lu,ou=pki-test,o=nowina solutions,cn=external-ca
11:39:08.637 [pool-7-thread-89] INFO eu.europa.esig.dss.spi.x509.TokenIssuerSelector - ISSUER SUBJECT : c=lu,ou=pki-test,o=nowina solutions,cn=external-ca-alternative
11:39:08.637 [pool-7-thread-89] INFO eu.europa.esig.dss.spi.x509.TokenIssuerSelector - The issuer subject name and subject name does not match (more details in debug mode).
11:39:08.637 [pool-7-thread-89] INFO eu.europa.esig.dss.spi.x509.TokenIssuerSelector - CERT ISSUER    : c=lu,ou=pki-test,o=nowina solutions,cn=external-ca
11:39:08.637 [pool-7-thread-89] INFO eu.europa.esig.dss.spi.x509.TokenIssuerSelector - ISSUER SUBJECT : c=lu,ou=pki-test,o=nowina solutions,cn=external-ca-alternative
11:39:08.637 [pool-7-thread-89] INFO eu.europa.esig.dss.spi.x509.TokenIssuerSelector - The issuer subject name and subject name does not match (more details in debug mode).
11:39:08.637 [pool-7-thread-89] INFO eu.europa.esig.dss.spi.x509.TokenIssuerSelector - CERT ISSUER    : c=lu,ou=pki-test,o=nowina solutions,cn=external-ca
11:39:08.637 [pool-7-thread-89] INFO eu.europa.esig.dss.spi.x509.TokenIssuerSelector - ISSUER SUBJECT : c=lu,ou=pki-test,o=nowina solutions,cn=external-ca-alternative
11:39:08.638 [pool-7-thread-80] INFO eu.europa.esig.dss.spi.x509.TokenIssuerSelector - The issuer subject name and subject name does not match (more details in debug mode).
11:39:08.638 [pool-7-thread-80] INFO eu.europa.esig.dss.spi.x509.TokenIssuerSelector - CERT ISSUER    : c=lu,ou=pki-test,o=nowina solutions,cn=external-ca
11:39:08.638 [pool-7-thread-80] INFO eu.europa.esig.dss.spi.x509.TokenIssuerSelector - ISSUER SUBJECT : c=lu,ou=pki-test,o=nowina solutions,cn=external-ca-alternative
11:39:08.638 [pool-7-thread-80] INFO eu.europa.esig.dss.spi.x509.TokenIssuerSelector - The issuer subject name and subject name does not match (more details in debug mode).
11:39:08.638 [pool-7-thread-80] INFO eu.europa.esig.dss.spi.x509.TokenIssuerSelector - CERT ISSUER    : c=lu,ou=pki-test,o=nowina solutions,cn=external-ca
11:39:08.638 [pool-7-thread-80] INFO eu.europa.esig.dss.spi.x509.TokenIssuerSelector - ISSUER SUBJECT : c=lu,ou=pki-test,o=nowina solutions,cn=external-ca-alternative
11:39:08.638 [pool-7-thread-80] INFO eu.europa.esig.dss.spi.x509.TokenIssuerSelector - The issuer subject name and subject name does not match (more details in debug mode).
11:39:08.638 [pool-7-thread-80] INFO eu.europa.esig.dss.spi.x509.TokenIssuerSelector - CERT ISSUER    : c=lu,ou=pki-test,o=nowina solutions,cn=external-ca
11:39:08.638 [pool-7-thread-80] INFO eu.europa.esig.dss.spi.x509.TokenIssuerSelector - ISSUER SUBJECT : c=lu,ou=pki-test,o=nowina solutions,cn=external-ca-alternative
11:39:08.639 [pool-7-thread-90] INFO eu.europa.esig.dss.spi.x509.TokenIssuerSelector - The issuer subject name and subject name does not match (more details in debug mode).
11:39:08.639 [pool-7-thread-90] INFO eu.europa.esig.dss.spi.x509.TokenIssuerSelector - CERT ISSUER    : c=lu,ou=pki-test,o=nowina solutions,cn=external-ca
11:39:08.639 [pool-7-thread-90] INFO eu.europa.esig.dss.spi.x509.TokenIssuerSelector - ISSUER SUBJECT : c=lu,ou=pki-test,o=nowina solutions,cn=external-ca-alternative
11:39:08.639 [pool-7-thread-90] INFO eu.europa.esig.dss.spi.x509.TokenIssuerSelector - The issuer subject name and subject name does not match (more details in debug mode).
11:39:08.639 [pool-7-thread-90] INFO eu.europa.esig.dss.spi.x509.TokenIssuerSelector - CERT ISSUER    : c=lu,ou=pki-test,o=nowina solutions,cn=external-ca
11:39:08.639 [pool-7-thread-90] INFO eu.europa.esig.dss.spi.x509.TokenIssuerSelector - ISSUER SUBJECT : c=lu,ou=pki-test,o=nowina solutions,cn=external-ca-alternative
11:39:08.639 [pool-7-thread-90] INFO eu.europa.esig.dss.spi.x509.TokenIssuerSelector - The issuer subject name and subject name does not match (more details in debug mode).
11:39:08.639 [pool-7-thread-90] INFO eu.europa.esig.dss.spi.x509.TokenIssuerSelector - CERT ISSUER    : c=lu,ou=pki-test,o=nowina solutions,cn=external-ca
11:39:08.639 [pool-7-thread-90] INFO eu.europa.esig.dss.spi.x509.TokenIssuerSelector - ISSUER SUBJECT : c=lu,ou=pki-test,o=nowina solutions,cn=external-ca-alternative
11:39:08.640 [pool-7-thread-64] WARN eu.europa.esig.dss.spi.x509.TokenIssuerSelector - No issuer found for the token creation date. The process continues with an issuer which has the same public key.
11:39:08.640 [pool-7-thread-18] WARN eu.europa.esig.dss.spi.x509.TokenIssuerSelector - No issuer found for the token creation date. The process continues with an issuer which has the same public key.
11:39:08.642 [pool-7-thread-18] INFO eu.europa.esig.dss.spi.x509.TokenIssuerSelector - The issuer subject name and subject name does not match (more details in debug mode).
11:39:08.642 [pool-7-thread-18] INFO eu.europa.esig.dss.spi.x509.TokenIssuerSelector - CERT ISSUER    : c=lu,ou=pki-test,o=nowina solutions,cn=external-ca
11:39:08.642 [pool-7-thread-18] INFO eu.europa.esig.dss.spi.x509.TokenIssuerSelector - ISSUER SUBJECT : c=lu,ou=pki-test,o=nowina solutions,cn=external-ca-alternative
11:39:08.642 [pool-7-thread-18] INFO eu.europa.esig.dss.spi.x509.TokenIssuerSelector - The issuer subject name and subject name does not match (more details in debug mode).
11:39:08.642 [pool-7-thread-18] INFO eu.europa.esig.dss.spi.x509.TokenIssuerSelector - CERT ISSUER    : c=lu,ou=pki-test,o=nowina solutions,cn=external-ca
11:39:08.642 [pool-7-thread-18] INFO eu.europa.esig.dss.spi.x509.TokenIssuerSelector - ISSUER SUBJECT : c=lu,ou=pki-test,o=nowina solutions,cn=external-ca-alternative
11:39:08.642 [pool-7-thread-18] INFO eu.europa.esig.dss.spi.x509.TokenIssuerSelector - The issuer subject name and subject name does not match (more details in debug mode).
11:39:08.642 [pool-7-thread-18] INFO eu.europa.esig.dss.spi.x509.TokenIssuerSelector - CERT ISSUER    : c=lu,ou=pki-test,o=nowina solutions,cn=external-ca
11:39:08.642 [pool-7-thread-18] INFO eu.europa.esig.dss.spi.x509.TokenIssuerSelector - ISSUER SUBJECT : c=lu,ou=pki-test,o=nowina solutions,cn=external-ca-alternative
11:39:08.642 [pool-7-thread-81] WARN eu.europa.esig.dss.spi.x509.TokenIssuerSelector - No issuer found for the token creation date. The process continues with an issuer which has the same public key.
11:39:08.646 [pool-7-thread-81] WARN eu.europa.esig.dss.spi.x509.TokenIssuerSelector - No issuer found for the token creation date. The process continues with an issuer which has the same public key.
11:39:08.647 [pool-7-thread-81] INFO eu.europa.esig.dss.spi.x509.TokenIssuerSelector - The issuer subject name and subject name does not match (more details in debug mode).
11:39:08.647 [pool-7-thread-22] WARN eu.europa.esig.dss.spi.x509.TokenIssuerSelector - No issuer found for the token creation date. The process continues with an issuer which has the same public key.
11:39:08.648 [pool-7-thread-81] INFO eu.europa.esig.dss.spi.x509.TokenIssuerSelector - CERT ISSUER    : c=lu,ou=pki-test,o=nowina solutions,cn=external-ca
11:39:08.648 [pool-7-thread-81] INFO eu.europa.esig.dss.spi.x509.TokenIssuerSelector - ISSUER SUBJECT : c=lu,ou=pki-test,o=nowina solutions,cn=external-ca-alternative
11:39:08.648 [pool-7-thread-81] INFO eu.europa.esig.dss.spi.x509.TokenIssuerSelector - The issuer subject name and subject name does not match (more details in debug mode).
11:39:08.648 [pool-7-thread-81] INFO eu.europa.esig.dss.spi.x509.TokenIssuerSelector - CERT ISSUER    : c=lu,ou=pki-test,o=nowina solutions,cn=external-ca
11:39:08.648 [pool-7-thread-81] INFO eu.europa.esig.dss.spi.x509.TokenIssuerSelector - ISSUER SUBJECT : c=lu,ou=pki-test,o=nowina solutions,cn=external-ca-alternative
11:39:08.648 [pool-7-thread-81] INFO eu.europa.esig.dss.spi.x509.TokenIssuerSelector - The issuer subject name and subject name does not match (more details in debug mode).
11:39:08.648 [pool-7-thread-81] INFO eu.europa.esig.dss.spi.x509.TokenIssuerSelector - CERT ISSUER    : c=lu,ou=pki-test,o=nowina solutions,cn=external-ca
11:39:08.648 [pool-7-thread-81] INFO eu.europa.esig.dss.spi.x509.TokenIssuerSelector - ISSUER SUBJECT : c=lu,ou=pki-test,o=nowina solutions,cn=external-ca-alternative
11:39:08.650 [pool-7-thread-71] WARN eu.europa.esig.dss.spi.x509.TokenIssuerSelector - No issuer found for the token creation date. The process continues with an issuer which has the same public key.
11:39:08.652 [pool-7-thread-67] INFO eu.europa.esig.dss.spi.x509.TokenIssuerSelector - The issuer subject name and subject name does not match (more details in debug mode).
11:39:08.652 [pool-7-thread-67] INFO eu.europa.esig.dss.spi.x509.TokenIssuerSelector - CERT ISSUER    : c=lu,ou=pki-test,o=nowina solutions,cn=external-ca
11:39:08.652 [pool-7-thread-67] INFO eu.europa.esig.dss.spi.x509.TokenIssuerSelector - ISSUER SUBJECT : c=lu,ou=pki-test,o=nowina solutions,cn=external-ca-alternative
11:39:08.652 [pool-7-thread-67] INFO eu.europa.esig.dss.spi.x509.TokenIssuerSelector - The issuer subject name and subject name does not match (more details in debug mode).
11:39:08.652 [pool-7-thread-67] INFO eu.europa.esig.dss.spi.x509.TokenIssuerSelector - CERT ISSUER    : c=lu,ou=pki-test,o=nowina solutions,cn=external-ca
11:39:08.652 [pool-7-thread-67] INFO eu.europa.esig.dss.spi.x509.TokenIssuerSelector - ISSUER SUBJECT : c=lu,ou=pki-test,o=nowina solutions,cn=external-ca-alternative
11:39:08.652 [pool-7-thread-67] INFO eu.europa.esig.dss.spi.x509.TokenIssuerSelector - The issuer subject name and subject name does not match (more details in debug mode).
11:39:08.652 [pool-7-thread-67] INFO eu.europa.esig.dss.spi.x509.TokenIssuerSelector - CERT ISSUER    : c=lu,ou=pki-test,o=nowina solutions,cn=external-ca
11:39:08.652 [pool-7-thread-67] INFO eu.europa.esig.dss.spi.x509.TokenIssuerSelector - ISSUER SUBJECT : c=lu,ou=pki-test,o=nowina solutions,cn=external-ca-alternative
11:39:08.653 [pool-7-thread-68] INFO eu.europa.esig.dss.spi.x509.TokenIssuerSelector - The issuer subject name and subject name does not match (more details in debug mode).
11:39:08.653 [pool-7-thread-68] INFO eu.europa.esig.dss.spi.x509.TokenIssuerSelector - CERT ISSUER    : c=lu,ou=pki-test,o=nowina solutions,cn=external-ca
11:39:08.653 [pool-7-thread-68] INFO eu.europa.esig.dss.spi.x509.TokenIssuerSelector - ISSUER SUBJECT : c=lu,ou=pki-test,o=nowina solutions,cn=external-ca-alternative
11:39:08.653 [pool-7-thread-68] INFO eu.europa.esig.dss.spi.x509.TokenIssuerSelector - The issuer subject name and subject name does not match (more details in debug mode).
11:39:08.653 [pool-7-thread-68] INFO eu.europa.esig.dss.spi.x509.TokenIssuerSelector - CERT ISSUER    : c=lu,ou=pki-test,o=nowina solutions,cn=external-ca
11:39:08.654 [pool-7-thread-68] INFO eu.europa.esig.dss.spi.x509.TokenIssuerSelector - ISSUER SUBJECT : c=lu,ou=pki-test,o=nowina solutions,cn=external-ca-alternative
11:39:08.654 [pool-7-thread-68] INFO eu.europa.esig.dss.spi.x509.TokenIssuerSelector - The issuer subject name and subject name does not match (more details in debug mode).
11:39:08.654 [pool-7-thread-68] INFO eu.europa.esig.dss.spi.x509.TokenIssuerSelector - CERT ISSUER    : c=lu,ou=pki-test,o=nowina solutions,cn=external-ca
11:39:08.654 [pool-7-thread-68] INFO eu.europa.esig.dss.spi.x509.TokenIssuerSelector - ISSUER SUBJECT : c=lu,ou=pki-test,o=nowina solutions,cn=external-ca-alternative
11:39:08.655 [pool-7-thread-67] WARN eu.europa.esig.dss.spi.x509.TokenIssuerSelector - No issuer found for the token creation date. The process continues with an issuer which has the same public key.
11:39:08.656 [pool-7-thread-67] WARN eu.europa.esig.dss.spi.x509.TokenIssuerSelector - No issuer found for the token creation date. The process continues with an issuer which has the same public key.
11:39:08.656 [pool-7-thread-39] WARN eu.europa.esig.dss.spi.x509.TokenIssuerSelector - No issuer found for the token creation date. The process continues with an issuer which has the same public key.
11:39:08.657 [pool-7-thread-63] WARN eu.europa.esig.dss.spi.x509.TokenIssuerSelector - No issuer found for the token creation date. The process continues with an issuer which has the same public key.
11:39:08.659 [pool-7-thread-44] INFO eu.europa.esig.dss.spi.x509.TokenIssuerSelector - The issuer subject name and subject name does not match (more details in debug mode).
11:39:08.659 [pool-7-thread-44] INFO eu.europa.esig.dss.spi.x509.TokenIssuerSelector - CERT ISSUER    : c=lu,ou=pki-test,o=nowina solutions,cn=external-ca
11:39:08.659 [pool-7-thread-44] INFO eu.europa.esig.dss.spi.x509.TokenIssuerSelector - ISSUER SUBJECT : c=lu,ou=pki-test,o=nowina solutions,cn=external-ca-alternative
11:39:08.659 [pool-7-thread-44] INFO eu.europa.esig.dss.spi.x509.TokenIssuerSelector - The issuer subject name and subject name does not match (more details in debug mode).
11:39:08.659 [pool-7-thread-44] INFO eu.europa.esig.dss.spi.x509.TokenIssuerSelector - CERT ISSUER    : c=lu,ou=pki-test,o=nowina solutions,cn=external-ca
11:39:08.659 [pool-7-thread-44] INFO eu.europa.esig.dss.spi.x509.TokenIssuerSelector - ISSUER SUBJECT : c=lu,ou=pki-test,o=nowina solutions,cn=external-ca-alternative
11:39:08.659 [pool-7-thread-44] INFO eu.europa.esig.dss.spi.x509.TokenIssuerSelector - The issuer subject name and subject name does not match (more details in debug mode).
11:39:08.659 [pool-7-thread-44] INFO eu.europa.esig.dss.spi.x509.TokenIssuerSelector - CERT ISSUER    : c=lu,ou=pki-test,o=nowina solutions,cn=external-ca
11:39:08.659 [pool-7-thread-44] INFO eu.europa.esig.dss.spi.x509.TokenIssuerSelector - ISSUER SUBJECT : c=lu,ou=pki-test,o=nowina solutions,cn=external-ca-alternative
11:39:08.659 [pool-7-thread-72] INFO eu.europa.esig.dss.spi.x509.TokenIssuerSelector - The issuer subject name and subject name does not match (more details in debug mode).
11:39:08.660 [pool-7-thread-72] INFO eu.europa.esig.dss.spi.x509.TokenIssuerSelector - CERT ISSUER    : c=lu,ou=pki-test,o=nowina solutions,cn=external-ca
11:39:08.660 [pool-7-thread-72] INFO eu.europa.esig.dss.spi.x509.TokenIssuerSelector - ISSUER SUBJECT : c=lu,ou=pki-test,o=nowina solutions,cn=external-ca-alternative
11:39:08.660 [pool-7-thread-72] INFO eu.europa.esig.dss.spi.x509.TokenIssuerSelector - The issuer subject name and subject name does not match (more details in debug mode).
11:39:08.660 [pool-7-thread-72] INFO eu.europa.esig.dss.spi.x509.TokenIssuerSelector - CERT ISSUER    : c=lu,ou=pki-test,o=nowina solutions,cn=external-ca
11:39:08.660 [pool-7-thread-72] INFO eu.europa.esig.dss.spi.x509.TokenIssuerSelector - ISSUER SUBJECT : c=lu,ou=pki-test,o=nowina solutions,cn=external-ca-alternative
11:39:08.660 [pool-7-thread-72] INFO eu.europa.esig.dss.spi.x509.TokenIssuerSelector - The issuer subject name and subject name does not match (more details in debug mode).
11:39:08.660 [pool-7-thread-72] INFO eu.europa.esig.dss.spi.x509.TokenIssuerSelector - CERT ISSUER    : c=lu,ou=pki-test,o=nowina solutions,cn=external-ca
11:39:08.660 [pool-7-thread-72] INFO eu.europa.esig.dss.spi.x509.TokenIssuerSelector - ISSUER SUBJECT : c=lu,ou=pki-test,o=nowina solutions,cn=external-ca-alternative
11:39:08.661 [pool-7-thread-96] WARN eu.europa.esig.dss.spi.x509.TokenIssuerSelector - No issuer found for the token creation date. The process continues with an issuer which has the same public key.
11:39:08.662 [pool-7-thread-96] WARN eu.europa.esig.dss.spi.x509.TokenIssuerSelector - No issuer found for the token creation date. The process continues with an issuer which has the same public key.
11:39:08.663 [pool-7-thread-96] INFO eu.europa.esig.dss.spi.x509.TokenIssuerSelector - The issuer subject name and subject name does not match (more details in debug mode).
11:39:08.663 [pool-7-thread-96] INFO eu.europa.esig.dss.spi.x509.TokenIssuerSelector - CERT ISSUER    : c=lu,ou=pki-test,o=nowina solutions,cn=external-ca
11:39:08.663 [pool-7-thread-96] INFO eu.europa.esig.dss.spi.x509.TokenIssuerSelector - ISSUER SUBJECT : c=lu,ou=pki-test,o=nowina solutions,cn=external-ca-alternative
11:39:08.663 [pool-7-thread-96] INFO eu.europa.esig.dss.spi.x509.TokenIssuerSelector - The issuer subject name and subject name does not match (more details in debug mode).
11:39:08.663 [pool-7-thread-96] INFO eu.europa.esig.dss.spi.x509.TokenIssuerSelector - CERT ISSUER    : c=lu,ou=pki-test,o=nowina solutions,cn=external-ca
11:39:08.664 [pool-7-thread-96] INFO eu.europa.esig.dss.spi.x509.TokenIssuerSelector - ISSUER SUBJECT : c=lu,ou=pki-test,o=nowina solutions,cn=external-ca-alternative
11:39:08.664 [pool-7-thread-96] INFO eu.europa.esig.dss.spi.x509.TokenIssuerSelector - The issuer subject name and subject name does not match (more details in debug mode).
11:39:08.664 [pool-7-thread-96] INFO eu.europa.esig.dss.spi.x509.TokenIssuerSelector - CERT ISSUER    : c=lu,ou=pki-test,o=nowina solutions,cn=external-ca
11:39:08.664 [pool-7-thread-96] INFO eu.europa.esig.dss.spi.x509.TokenIssuerSelector - ISSUER SUBJECT : c=lu,ou=pki-test,o=nowina solutions,cn=external-ca-alternative
11:39:08.665 [pool-7-thread-83] WARN eu.europa.esig.dss.spi.x509.TokenIssuerSelector - No issuer found for the token creation date. The process continues with an issuer which has the same public key.
11:39:08.666 [pool-7-thread-10] WARN eu.europa.esig.dss.spi.x509.TokenIssuerSelector - No issuer found for the token creation date. The process continues with an issuer which has the same public key.
11:39:08.668 [pool-7-thread-10] WARN eu.europa.esig.dss.spi.x509.TokenIssuerSelector - No issuer found for the token creation date. The process continues with an issuer which has the same public key.
11:39:08.668 [pool-7-thread-76] WARN eu.europa.esig.dss.spi.x509.TokenIssuerSelector - No issuer found for the token creation date. The process continues with an issuer which has the same public key.
11:39:08.672 [pool-7-thread-88] WARN eu.europa.esig.dss.spi.x509.TokenIssuerSelector - No issuer found for the token creation date. The process continues with an issuer which has the same public key.
11:39:08.673 [pool-7-thread-88] WARN eu.europa.esig.dss.spi.x509.TokenIssuerSelector - No issuer found for the token creation date. The process continues with an issuer which has the same public key.
11:39:08.674 [pool-7-thread-93] WARN eu.europa.esig.dss.spi.x509.TokenIssuerSelector - No issuer found for the token creation date. The process continues with an issuer which has the same public key.
11:39:08.675 [pool-7-thread-93] WARN eu.europa.esig.dss.spi.x509.TokenIssuerSelector - No issuer found for the token creation date. The process continues with an issuer which has the same public key.
11:39:08.679 [pool-7-thread-93] INFO eu.europa.esig.dss.spi.x509.TokenIssuerSelector - The issuer subject name and subject name does not match (more details in debug mode).
11:39:08.679 [pool-7-thread-93] INFO eu.europa.esig.dss.spi.x509.TokenIssuerSelector - CERT ISSUER    : c=lu,ou=pki-test,o=nowina solutions,cn=external-ca
11:39:08.679 [pool-7-thread-93] INFO eu.europa.esig.dss.spi.x509.TokenIssuerSelector - ISSUER SUBJECT : c=lu,ou=pki-test,o=nowina solutions,cn=external-ca-alternative
11:39:08.679 [pool-7-thread-93] INFO eu.europa.esig.dss.spi.x509.TokenIssuerSelector - The issuer subject name and subject name does not match (more details in debug mode).
11:39:08.679 [pool-7-thread-93] INFO eu.europa.esig.dss.spi.x509.TokenIssuerSelector - CERT ISSUER    : c=lu,ou=pki-test,o=nowina solutions,cn=external-ca
11:39:08.679 [pool-7-thread-93] INFO eu.europa.esig.dss.spi.x509.TokenIssuerSelector - ISSUER SUBJECT : c=lu,ou=pki-test,o=nowina solutions,cn=external-ca-alternative
11:39:08.679 [pool-7-thread-93] INFO eu.europa.esig.dss.spi.x509.TokenIssuerSelector - The issuer subject name and subject name does not match (more details in debug mode).
11:39:08.679 [pool-7-thread-93] INFO eu.europa.esig.dss.spi.x509.TokenIssuerSelector - CERT ISSUER    : c=lu,ou=pki-test,o=nowina solutions,cn=external-ca
11:39:08.679 [pool-7-thread-93] INFO eu.europa.esig.dss.spi.x509.TokenIssuerSelector - ISSUER SUBJECT : c=lu,ou=pki-test,o=nowina solutions,cn=external-ca-alternative
11:39:08.685 [pool-7-thread-93] WARN eu.europa.esig.dss.spi.x509.TokenIssuerSelector - No issuer found for the token creation date. The process continues with an issuer which has the same public key.
11:39:08.688 [pool-7-thread-79] WARN eu.europa.esig.dss.spi.x509.TokenIssuerSelector - No issuer found for the token creation date. The process continues with an issuer which has the same public key.
11:39:08.688 [pool-7-thread-82] WARN eu.europa.esig.dss.spi.x509.TokenIssuerSelector - No issuer found for the token creation date. The process continues with an issuer which has the same public key.
11:39:08.690 [pool-7-thread-99] WARN eu.europa.esig.dss.spi.x509.TokenIssuerSelector - No issuer found for the token creation date. The process continues with an issuer which has the same public key.
11:39:08.691 [pool-7-thread-99] WARN eu.europa.esig.dss.spi.x509.TokenIssuerSelector - No issuer found for the token creation date. The process continues with an issuer which has the same public key.
11:39:08.698 [pool-7-thread-99] INFO eu.europa.esig.dss.spi.x509.TokenIssuerSelector - The issuer subject name and subject name does not match (more details in debug mode).
11:39:08.698 [pool-7-thread-99] INFO eu.europa.esig.dss.spi.x509.TokenIssuerSelector - CERT ISSUER    : c=lu,ou=pki-test,o=nowina solutions,cn=external-ca
11:39:08.698 [pool-7-thread-99] INFO eu.europa.esig.dss.spi.x509.TokenIssuerSelector - ISSUER SUBJECT : c=lu,ou=pki-test,o=nowina solutions,cn=external-ca-alternative
11:39:08.698 [pool-7-thread-99] INFO eu.europa.esig.dss.spi.x509.TokenIssuerSelector - The issuer subject name and subject name does not match (more details in debug mode).
11:39:08.698 [pool-7-thread-99] INFO eu.europa.esig.dss.spi.x509.TokenIssuerSelector - CERT ISSUER    : c=lu,ou=pki-test,o=nowina solutions,cn=external-ca
11:39:08.698 [pool-7-thread-99] INFO eu.europa.esig.dss.spi.x509.TokenIssuerSelector - ISSUER SUBJECT : c=lu,ou=pki-test,o=nowina solutions,cn=external-ca-alternative
11:39:08.698 [pool-7-thread-99] INFO eu.europa.esig.dss.spi.x509.TokenIssuerSelector - The issuer subject name and subject name does not match (more details in debug mode).
11:39:08.698 [pool-7-thread-99] INFO eu.europa.esig.dss.spi.x509.TokenIssuerSelector - CERT ISSUER    : c=lu,ou=pki-test,o=nowina solutions,cn=external-ca
11:39:08.698 [pool-7-thread-99] INFO eu.europa.esig.dss.spi.x509.TokenIssuerSelector - ISSUER SUBJECT : c=lu,ou=pki-test,o=nowina solutions,cn=external-ca-alternative
11:39:08.702 [pool-7-thread-35] INFO eu.europa.esig.dss.spi.x509.TokenIssuerSelector - The issuer subject name and subject name does not match (more details in debug mode).
11:39:08.702 [pool-7-thread-35] INFO eu.europa.esig.dss.spi.x509.TokenIssuerSelector - CERT ISSUER    : c=lu,ou=pki-test,o=nowina solutions,cn=external-ca
11:39:08.702 [pool-7-thread-35] INFO eu.europa.esig.dss.spi.x509.TokenIssuerSelector - ISSUER SUBJECT : c=lu,ou=pki-test,o=nowina solutions,cn=external-ca-alternative
11:39:08.702 [pool-7-thread-35] INFO eu.europa.esig.dss.spi.x509.TokenIssuerSelector - The issuer subject name and subject name does not match (more details in debug mode).
11:39:08.702 [pool-7-thread-35] INFO eu.europa.esig.dss.spi.x509.TokenIssuerSelector - CERT ISSUER    : c=lu,ou=pki-test,o=nowina solutions,cn=external-ca
11:39:08.702 [pool-7-thread-35] INFO eu.europa.esig.dss.spi.x509.TokenIssuerSelector - ISSUER SUBJECT : c=lu,ou=pki-test,o=nowina solutions,cn=external-ca-alternative
11:39:08.702 [pool-7-thread-35] INFO eu.europa.esig.dss.spi.x509.TokenIssuerSelector - The issuer subject name and subject name does not match (more details in debug mode).
11:39:08.702 [pool-7-thread-35] INFO eu.europa.esig.dss.spi.x509.TokenIssuerSelector - CERT ISSUER    : c=lu,ou=pki-test,o=nowina solutions,cn=external-ca
11:39:08.702 [pool-7-thread-35] INFO eu.europa.esig.dss.spi.x509.TokenIssuerSelector - ISSUER SUBJECT : c=lu,ou=pki-test,o=nowina solutions,cn=external-ca-alternative
11:39:08.707 [pool-7-thread-35] WARN eu.europa.esig.dss.spi.x509.TokenIssuerSelector - No issuer found for the token creation date. The process continues with an issuer which has the same public key.
11:39:08.708 [pool-7-thread-35] WARN eu.europa.esig.dss.spi.x509.TokenIssuerSelector - No issuer found for the token creation date. The process continues with an issuer which has the same public key.
11:39:08.715 [pool-7-thread-35] INFO eu.europa.esig.dss.spi.x509.TokenIssuerSelector - The issuer subject name and subject name does not match (more details in debug mode).
11:39:08.715 [pool-7-thread-35] INFO eu.europa.esig.dss.spi.x509.TokenIssuerSelector - CERT ISSUER    : c=lu,ou=pki-test,o=nowina solutions,cn=external-ca
11:39:08.715 [pool-7-thread-35] INFO eu.europa.esig.dss.spi.x509.TokenIssuerSelector - ISSUER SUBJECT : c=lu,ou=pki-test,o=nowina solutions,cn=external-ca-alternative
11:39:08.715 [pool-7-thread-35] INFO eu.europa.esig.dss.spi.x509.TokenIssuerSelector - The issuer subject name and subject name does not match (more details in debug mode).
11:39:08.715 [pool-7-thread-35] INFO eu.europa.esig.dss.spi.x509.TokenIssuerSelector - CERT ISSUER    : c=lu,ou=pki-test,o=nowina solutions,cn=external-ca
11:39:08.715 [pool-7-thread-35] INFO eu.europa.esig.dss.spi.x509.TokenIssuerSelector - ISSUER SUBJECT : c=lu,ou=pki-test,o=nowina solutions,cn=external-ca-alternative
11:39:08.715 [pool-7-thread-35] INFO eu.europa.esig.dss.spi.x509.TokenIssuerSelector - The issuer subject name and subject name does not match (more details in debug mode).
11:39:08.715 [pool-7-thread-35] INFO eu.europa.esig.dss.spi.x509.TokenIssuerSelector - CERT ISSUER    : c=lu,ou=pki-test,o=nowina solutions,cn=external-ca
11:39:08.715 [pool-7-thread-35] INFO eu.europa.esig.dss.spi.x509.TokenIssuerSelector - ISSUER SUBJECT : c=lu,ou=pki-test,o=nowina solutions,cn=external-ca-alternative
11:39:08.715 [pool-7-thread-100] WARN eu.europa.esig.dss.spi.x509.TokenIssuerSelector - No issuer found for the token creation date. The process continues with an issuer which has the same public key.
11:39:08.717 [pool-7-thread-100] WARN eu.europa.esig.dss.spi.x509.TokenIssuerSelector - No issuer found for the token creation date. The process continues with an issuer which has the same public key.
11:39:08.719 [pool-7-thread-36] WARN eu.europa.esig.dss.spi.x509.TokenIssuerSelector - No issuer found for the token creation date. The process continues with an issuer which has the same public key.
11:39:08.723 [pool-7-thread-26] WARN eu.europa.esig.dss.spi.x509.TokenIssuerSelector - No issuer found for the token creation date. The process continues with an issuer which has the same public key.
11:39:08.724 [pool-7-thread-26] WARN eu.europa.esig.dss.spi.x509.TokenIssuerSelector - No issuer found for the token creation date. The process continues with an issuer which has the same public key.
11:39:08.731 [pool-7-thread-26] INFO eu.europa.esig.dss.spi.x509.TokenIssuerSelector - The issuer subject name and subject name does not match (more details in debug mode).
11:39:08.731 [pool-7-thread-26] INFO eu.europa.esig.dss.spi.x509.TokenIssuerSelector - CERT ISSUER    : c=lu,ou=pki-test,o=nowina solutions,cn=external-ca
11:39:08.731 [pool-7-thread-26] INFO eu.europa.esig.dss.spi.x509.TokenIssuerSelector - ISSUER SUBJECT : c=lu,ou=pki-test,o=nowina solutions,cn=external-ca-alternative
11:39:08.732 [pool-7-thread-26] INFO eu.europa.esig.dss.spi.x509.TokenIssuerSelector - The issuer subject name and subject name does not match (more details in debug mode).
11:39:08.732 [pool-7-thread-26] INFO eu.europa.esig.dss.spi.x509.TokenIssuerSelector - CERT ISSUER    : c=lu,ou=pki-test,o=nowina solutions,cn=external-ca
11:39:08.732 [pool-7-thread-26] INFO eu.europa.esig.dss.spi.x509.TokenIssuerSelector - ISSUER SUBJECT : c=lu,ou=pki-test,o=nowina solutions,cn=external-ca-alternative
11:39:08.732 [pool-7-thread-26] INFO eu.europa.esig.dss.spi.x509.TokenIssuerSelector - The issuer subject name and subject name does not match (more details in debug mode).
11:39:08.732 [pool-7-thread-26] INFO eu.europa.esig.dss.spi.x509.TokenIssuerSelector - CERT ISSUER    : c=lu,ou=pki-test,o=nowina solutions,cn=external-ca
11:39:08.732 [pool-7-thread-26] INFO eu.europa.esig.dss.spi.x509.TokenIssuerSelector - ISSUER SUBJECT : c=lu,ou=pki-test,o=nowina solutions,cn=external-ca-alternative
11:39:08.739 [pool-7-thread-33] WARN eu.europa.esig.dss.spi.x509.TokenIssuerSelector - No issuer found for the token creation date. The process continues with an issuer which has the same public key.
11:39:08.740 [pool-7-thread-33] WARN eu.europa.esig.dss.spi.x509.TokenIssuerSelector - No issuer found for the token creation date. The process continues with an issuer which has the same public key.
11:39:08.748 [pool-7-thread-33] INFO eu.europa.esig.dss.spi.x509.TokenIssuerSelector - The issuer subject name and subject name does not match (more details in debug mode).
11:39:08.748 [pool-7-thread-33] INFO eu.europa.esig.dss.spi.x509.TokenIssuerSelector - CERT ISSUER    : c=lu,ou=pki-test,o=nowina solutions,cn=external-ca
11:39:08.748 [pool-7-thread-33] INFO eu.europa.esig.dss.spi.x509.TokenIssuerSelector - ISSUER SUBJECT : c=lu,ou=pki-test,o=nowina solutions,cn=external-ca-alternative
11:39:08.748 [pool-7-thread-33] INFO eu.europa.esig.dss.spi.x509.TokenIssuerSelector - The issuer subject name and subject name does not match (more details in debug mode).
11:39:08.748 [pool-7-thread-33] INFO eu.europa.esig.dss.spi.x509.TokenIssuerSelector - CERT ISSUER    : c=lu,ou=pki-test,o=nowina solutions,cn=external-ca
11:39:08.748 [pool-7-thread-33] INFO eu.europa.esig.dss.spi.x509.TokenIssuerSelector - ISSUER SUBJECT : c=lu,ou=pki-test,o=nowina solutions,cn=external-ca-alternative
11:39:08.748 [pool-7-thread-33] INFO eu.europa.esig.dss.spi.x509.TokenIssuerSelector - The issuer subject name and subject name does not match (more details in debug mode).
11:39:08.748 [pool-7-thread-33] INFO eu.europa.esig.dss.spi.x509.TokenIssuerSelector - CERT ISSUER    : c=lu,ou=pki-test,o=nowina solutions,cn=external-ca
11:39:08.748 [pool-7-thread-33] INFO eu.europa.esig.dss.spi.x509.TokenIssuerSelector - ISSUER SUBJECT : c=lu,ou=pki-test,o=nowina solutions,cn=external-ca-alternative
11:39:08.749 [pool-7-thread-95] WARN eu.europa.esig.dss.spi.x509.TokenIssuerSelector - No issuer found for the token creation date. The process continues with an issuer which has the same public key.
11:39:08.750 [pool-7-thread-95] WARN eu.europa.esig.dss.spi.x509.TokenIssuerSelector - No issuer found for the token creation date. The process continues with an issuer which has the same public key.
11:39:08.752 [pool-7-thread-95] INFO eu.europa.esig.dss.spi.x509.TokenIssuerSelector - The issuer subject name and subject name does not match (more details in debug mode).
11:39:08.752 [pool-7-thread-95] INFO eu.europa.esig.dss.spi.x509.TokenIssuerSelector - CERT ISSUER    : c=lu,ou=pki-test,o=nowina solutions,cn=external-ca
11:39:08.752 [pool-7-thread-95] INFO eu.europa.esig.dss.spi.x509.TokenIssuerSelector - ISSUER SUBJECT : c=lu,ou=pki-test,o=nowina solutions,cn=external-ca-alternative
11:39:08.752 [pool-7-thread-95] INFO eu.europa.esig.dss.spi.x509.TokenIssuerSelector - The issuer subject name and subject name does not match (more details in debug mode).
11:39:08.752 [pool-7-thread-95] INFO eu.europa.esig.dss.spi.x509.TokenIssuerSelector - CERT ISSUER    : c=lu,ou=pki-test,o=nowina solutions,cn=external-ca
11:39:08.752 [pool-7-thread-95] INFO eu.europa.esig.dss.spi.x509.TokenIssuerSelector - ISSUER SUBJECT : c=lu,ou=pki-test,o=nowina solutions,cn=external-ca-alternative
11:39:08.752 [pool-7-thread-95] INFO eu.europa.esig.dss.spi.x509.TokenIssuerSelector - The issuer subject name and subject name does not match (more details in debug mode).
11:39:08.752 [pool-7-thread-95] INFO eu.europa.esig.dss.spi.x509.TokenIssuerSelector - CERT ISSUER    : c=lu,ou=pki-test,o=nowina solutions,cn=external-ca
11:39:08.752 [pool-7-thread-95] INFO eu.europa.esig.dss.spi.x509.TokenIssuerSelector - ISSUER SUBJECT : c=lu,ou=pki-test,o=nowina solutions,cn=external-ca-alternative
11:39:08.755 [pool-7-thread-95] WARN eu.europa.esig.dss.spi.x509.TokenIssuerSelector - No issuer found for the token creation date. The process continues with an issuer which has the same public key.
11:39:08.756 [pool-7-thread-95] WARN eu.europa.esig.dss.spi.x509.TokenIssuerSelector - No issuer found for the token creation date. The process continues with an issuer which has the same public key.
11:39:08.757 [pool-7-thread-95] INFO eu.europa.esig.dss.spi.x509.TokenIssuerSelector - The issuer subject name and subject name does not match (more details in debug mode).
11:39:08.757 [pool-7-thread-95] INFO eu.europa.esig.dss.spi.x509.TokenIssuerSelector - CERT ISSUER    : c=lu,ou=pki-test,o=nowina solutions,cn=external-ca
11:39:08.757 [pool-7-thread-95] INFO eu.europa.esig.dss.spi.x509.TokenIssuerSelector - ISSUER SUBJECT : c=lu,ou=pki-test,o=nowina solutions,cn=external-ca-alternative
11:39:08.757 [pool-7-thread-95] INFO eu.europa.esig.dss.spi.x509.TokenIssuerSelector - The issuer subject name and subject name does not match (more details in debug mode).
11:39:08.757 [pool-7-thread-95] INFO eu.europa.esig.dss.spi.x509.TokenIssuerSelector - CERT ISSUER    : c=lu,ou=pki-test,o=nowina solutions,cn=external-ca
11:39:08.757 [pool-7-thread-95] INFO eu.europa.esig.dss.spi.x509.TokenIssuerSelector - ISSUER SUBJECT : c=lu,ou=pki-test,o=nowina solutions,cn=external-ca-alternative
11:39:08.758 [pool-7-thread-95] INFO eu.europa.esig.dss.spi.x509.TokenIssuerSelector - The issuer subject name and subject name does not match (more details in debug mode).
11:39:08.758 [pool-7-thread-95] INFO eu.europa.esig.dss.spi.x509.TokenIssuerSelector - CERT ISSUER    : c=lu,ou=pki-test,o=nowina solutions,cn=external-ca
11:39:08.758 [pool-7-thread-95] INFO eu.europa.esig.dss.spi.x509.TokenIssuerSelector - ISSUER SUBJECT : c=lu,ou=pki-test,o=nowina solutions,cn=external-ca-alternative
11:39:08.759 [pool-7-thread-91] INFO eu.europa.esig.dss.spi.x509.TokenIssuerSelector - The issuer subject name and subject name does not match (more details in debug mode).
11:39:08.759 [pool-7-thread-91] INFO eu.europa.esig.dss.spi.x509.TokenIssuerSelector - CERT ISSUER    : c=lu,ou=pki-test,o=nowina solutions,cn=external-ca
11:39:08.759 [pool-7-thread-91] INFO eu.europa.esig.dss.spi.x509.TokenIssuerSelector - ISSUER SUBJECT : c=lu,ou=pki-test,o=nowina solutions,cn=external-ca-alternative
11:39:08.759 [pool-7-thread-91] INFO eu.europa.esig.dss.spi.x509.TokenIssuerSelector - The issuer subject name and subject name does not match (more details in debug mode).
11:39:08.759 [pool-7-thread-91] INFO eu.europa.esig.dss.spi.x509.TokenIssuerSelector - CERT ISSUER    : c=lu,ou=pki-test,o=nowina solutions,cn=external-ca
11:39:08.759 [pool-7-thread-91] INFO eu.europa.esig.dss.spi.x509.TokenIssuerSelector - ISSUER SUBJECT : c=lu,ou=pki-test,o=nowina solutions,cn=external-ca-alternative
11:39:08.759 [pool-7-thread-91] INFO eu.europa.esig.dss.spi.x509.TokenIssuerSelector - The issuer subject name and subject name does not match (more details in debug mode).
11:39:08.759 [pool-7-thread-91] INFO eu.europa.esig.dss.spi.x509.TokenIssuerSelector - CERT ISSUER    : c=lu,ou=pki-test,o=nowina solutions,cn=external-ca
11:39:08.759 [pool-7-thread-91] INFO eu.europa.esig.dss.spi.x509.TokenIssuerSelector - ISSUER SUBJECT : c=lu,ou=pki-test,o=nowina solutions,cn=external-ca-alternative
11:39:08.762 [pool-7-thread-46] INFO eu.europa.esig.dss.spi.x509.TokenIssuerSelector - The issuer subject name and subject name does not match (more details in debug mode).
11:39:08.762 [pool-7-thread-46] INFO eu.europa.esig.dss.spi.x509.TokenIssuerSelector - CERT ISSUER    : c=lu,ou=pki-test,o=nowina solutions,cn=external-ca
11:39:08.762 [pool-7-thread-46] INFO eu.europa.esig.dss.spi.x509.TokenIssuerSelector - ISSUER SUBJECT : c=lu,ou=pki-test,o=nowina solutions,cn=external-ca-alternative
11:39:08.762 [pool-7-thread-46] INFO eu.europa.esig.dss.spi.x509.TokenIssuerSelector - The issuer subject name and subject name does not match (more details in debug mode).
11:39:08.762 [pool-7-thread-46] INFO eu.europa.esig.dss.spi.x509.TokenIssuerSelector - CERT ISSUER    : c=lu,ou=pki-test,o=nowina solutions,cn=external-ca
11:39:08.762 [pool-7-thread-46] INFO eu.europa.esig.dss.spi.x509.TokenIssuerSelector - ISSUER SUBJECT : c=lu,ou=pki-test,o=nowina solutions,cn=external-ca-alternative
11:39:08.762 [pool-7-thread-46] INFO eu.europa.esig.dss.spi.x509.TokenIssuerSelector - The issuer subject name and subject name does not match (more details in debug mode).
11:39:08.762 [pool-7-thread-46] INFO eu.europa.esig.dss.spi.x509.TokenIssuerSelector - CERT ISSUER    : c=lu,ou=pki-test,o=nowina solutions,cn=external-ca
11:39:08.762 [pool-7-thread-46] INFO eu.europa.esig.dss.spi.x509.TokenIssuerSelector - ISSUER SUBJECT : c=lu,ou=pki-test,o=nowina solutions,cn=external-ca-alternative
11:39:08.763 [pool-7-thread-91] WARN eu.europa.esig.dss.spi.x509.TokenIssuerSelector - No issuer found for the token creation date. The process continues with an issuer which has the same public key.
11:39:08.764 [pool-7-thread-91] WARN eu.europa.esig.dss.spi.x509.TokenIssuerSelector - No issuer found for the token creation date. The process continues with an issuer which has the same public key.
11:39:08.764 [pool-7-thread-28] WARN eu.europa.esig.dss.spi.x509.TokenIssuerSelector - No issuer found for the token creation date. The process continues with an issuer which has the same public key.
11:39:08.765 [pool-7-thread-97] WARN eu.europa.esig.dss.spi.x509.TokenIssuerSelector - No issuer found for the token creation date. The process continues with an issuer which has the same public key.
11:39:08.767 [pool-7-thread-3] WARN eu.europa.esig.dss.spi.x509.TokenIssuerSelector - No issuer found for the token creation date. The process continues with an issuer which has the same public key.
11:39:08.769 [pool-7-thread-29] WARN eu.europa.esig.dss.spi.x509.TokenIssuerSelector - No issuer found for the token creation date. The process continues with an issuer which has the same public key.
11:39:08.771 [pool-7-thread-29] INFO eu.europa.esig.dss.spi.x509.TokenIssuerSelector - The issuer subject name and subject name does not match (more details in debug mode).
11:39:08.772 [pool-7-thread-29] INFO eu.europa.esig.dss.spi.x509.TokenIssuerSelector - CERT ISSUER    : c=lu,ou=pki-test,o=nowina solutions,cn=external-ca
11:39:08.772 [pool-7-thread-29] INFO eu.europa.esig.dss.spi.x509.TokenIssuerSelector - ISSUER SUBJECT : c=lu,ou=pki-test,o=nowina solutions,cn=external-ca-alternative
11:39:08.772 [pool-7-thread-29] INFO eu.europa.esig.dss.spi.x509.TokenIssuerSelector - The issuer subject name and subject name does not match (more details in debug mode).
11:39:08.772 [pool-7-thread-29] INFO eu.europa.esig.dss.spi.x509.TokenIssuerSelector - CERT ISSUER    : c=lu,ou=pki-test,o=nowina solutions,cn=external-ca
11:39:08.772 [pool-7-thread-29] INFO eu.europa.esig.dss.spi.x509.TokenIssuerSelector - ISSUER SUBJECT : c=lu,ou=pki-test,o=nowina solutions,cn=external-ca-alternative
11:39:08.772 [pool-7-thread-29] INFO eu.europa.esig.dss.spi.x509.TokenIssuerSelector - The issuer subject name and subject name does not match (more details in debug mode).
11:39:08.772 [pool-7-thread-29] INFO eu.europa.esig.dss.spi.x509.TokenIssuerSelector - CERT ISSUER    : c=lu,ou=pki-test,o=nowina solutions,cn=external-ca
11:39:08.772 [pool-7-thread-29] INFO eu.europa.esig.dss.spi.x509.TokenIssuerSelector - ISSUER SUBJECT : c=lu,ou=pki-test,o=nowina solutions,cn=external-ca-alternative
11:39:08.773 [pool-7-thread-94] INFO eu.europa.esig.dss.spi.x509.TokenIssuerSelector - The issuer subject name and subject name does not match (more details in debug mode).
11:39:08.773 [pool-7-thread-94] INFO eu.europa.esig.dss.spi.x509.TokenIssuerSelector - CERT ISSUER    : c=lu,ou=pki-test,o=nowina solutions,cn=external-ca
11:39:08.773 [pool-7-thread-94] INFO eu.europa.esig.dss.spi.x509.TokenIssuerSelector - ISSUER SUBJECT : c=lu,ou=pki-test,o=nowina solutions,cn=external-ca-alternative
11:39:08.773 [pool-7-thread-94] INFO eu.europa.esig.dss.spi.x509.TokenIssuerSelector - The issuer subject name and subject name does not match (more details in debug mode).
11:39:08.773 [pool-7-thread-94] INFO eu.europa.esig.dss.spi.x509.TokenIssuerSelector - CERT ISSUER    : c=lu,ou=pki-test,o=nowina solutions,cn=external-ca
11:39:08.773 [pool-7-thread-94] INFO eu.europa.esig.dss.spi.x509.TokenIssuerSelector - ISSUER SUBJECT : c=lu,ou=pki-test,o=nowina solutions,cn=external-ca-alternative
11:39:08.773 [pool-7-thread-94] INFO eu.europa.esig.dss.spi.x509.TokenIssuerSelector - The issuer subject name and subject name does not match (more details in debug mode).
11:39:08.773 [pool-7-thread-94] INFO eu.europa.esig.dss.spi.x509.TokenIssuerSelector - CERT ISSUER    : c=lu,ou=pki-test,o=nowina solutions,cn=external-ca
11:39:08.773 [pool-7-thread-94] INFO eu.europa.esig.dss.spi.x509.TokenIssuerSelector - ISSUER SUBJECT : c=lu,ou=pki-test,o=nowina solutions,cn=external-ca-alternative
11:39:08.774 [pool-7-thread-31] WARN eu.europa.esig.dss.spi.x509.TokenIssuerSelector - No issuer found for the token creation date. The process continues with an issuer which has the same public key.
11:39:08.775 [pool-7-thread-30] WARN eu.europa.esig.dss.spi.x509.TokenIssuerSelector - No issuer found for the token creation date. The process continues with an issuer which has the same public key.
11:39:08.776 [pool-7-thread-4] WARN eu.europa.esig.dss.spi.x509.TokenIssuerSelector - No issuer found for the token creation date. The process continues with an issuer which has the same public key.
11:39:08.779 [pool-7-thread-13] WARN eu.europa.esig.dss.spi.x509.TokenIssuerSelector - No issuer found for the token creation date. The process continues with an issuer which has the same public key.
11:39:08.779 [pool-7-thread-14] INFO eu.europa.esig.dss.spi.x509.TokenIssuerSelector - The issuer subject name and subject name does not match (more details in debug mode).
11:39:08.779 [pool-7-thread-14] INFO eu.europa.esig.dss.spi.x509.TokenIssuerSelector - CERT ISSUER    : c=lu,ou=pki-test,o=nowina solutions,cn=external-ca
11:39:08.779 [pool-7-thread-14] INFO eu.europa.esig.dss.spi.x509.TokenIssuerSelector - ISSUER SUBJECT : c=lu,ou=pki-test,o=nowina solutions,cn=external-ca-alternative
11:39:08.779 [pool-7-thread-14] INFO eu.europa.esig.dss.spi.x509.TokenIssuerSelector - The issuer subject name and subject name does not match (more details in debug mode).
11:39:08.779 [pool-7-thread-14] INFO eu.europa.esig.dss.spi.x509.TokenIssuerSelector - CERT ISSUER    : c=lu,ou=pki-test,o=nowina solutions,cn=external-ca
11:39:08.779 [pool-7-thread-14] INFO eu.europa.esig.dss.spi.x509.TokenIssuerSelector - ISSUER SUBJECT : c=lu,ou=pki-test,o=nowina solutions,cn=external-ca-alternative
11:39:08.779 [pool-7-thread-14] INFO eu.europa.esig.dss.spi.x509.TokenIssuerSelector - The issuer subject name and subject name does not match (more details in debug mode).
11:39:08.779 [pool-7-thread-14] INFO eu.europa.esig.dss.spi.x509.TokenIssuerSelector - CERT ISSUER    : c=lu,ou=pki-test,o=nowina solutions,cn=external-ca
11:39:08.779 [pool-7-thread-14] INFO eu.europa.esig.dss.spi.x509.TokenIssuerSelector - ISSUER SUBJECT : c=lu,ou=pki-test,o=nowina solutions,cn=external-ca-alternative
11:39:08.780 [pool-7-thread-11] WARN eu.europa.esig.dss.spi.x509.TokenIssuerSelector - No issuer found for the token creation date. The process continues with an issuer which has the same public key.
11:39:08.781 [pool-7-thread-92] WARN eu.europa.esig.dss.spi.x509.TokenIssuerSelector - No issuer found for the token creation date. The process continues with an issuer which has the same public key.
11:39:08.783 [pool-7-thread-30] WARN eu.europa.esig.dss.spi.x509.TokenIssuerSelector - No issuer found for the token creation date. The process continues with an issuer which has the same public key.
11:39:08.784 [pool-7-thread-4] INFO eu.europa.esig.dss.spi.x509.TokenIssuerSelector - The issuer subject name and subject name does not match (more details in debug mode).
11:39:08.784 [pool-7-thread-4] INFO eu.europa.esig.dss.spi.x509.TokenIssuerSelector - CERT ISSUER    : c=lu,ou=pki-test,o=nowina solutions,cn=external-ca
11:39:08.784 [pool-7-thread-4] INFO eu.europa.esig.dss.spi.x509.TokenIssuerSelector - ISSUER SUBJECT : c=lu,ou=pki-test,o=nowina solutions,cn=external-ca-alternative
11:39:08.784 [pool-7-thread-4] INFO eu.europa.esig.dss.spi.x509.TokenIssuerSelector - The issuer subject name and subject name does not match (more details in debug mode).
11:39:08.784 [pool-7-thread-4] INFO eu.europa.esig.dss.spi.x509.TokenIssuerSelector - CERT ISSUER    : c=lu,ou=pki-test,o=nowina solutions,cn=external-ca
11:39:08.784 [pool-7-thread-4] INFO eu.europa.esig.dss.spi.x509.TokenIssuerSelector - ISSUER SUBJECT : c=lu,ou=pki-test,o=nowina solutions,cn=external-ca-alternative
11:39:08.784 [pool-7-thread-4] INFO eu.europa.esig.dss.spi.x509.TokenIssuerSelector - The issuer subject name and subject name does not match (more details in debug mode).
11:39:08.784 [pool-7-thread-4] INFO eu.europa.esig.dss.spi.x509.TokenIssuerSelector - CERT ISSUER    : c=lu,ou=pki-test,o=nowina solutions,cn=external-ca
11:39:08.784 [pool-7-thread-4] INFO eu.europa.esig.dss.spi.x509.TokenIssuerSelector - ISSUER SUBJECT : c=lu,ou=pki-test,o=nowina solutions,cn=external-ca-alternative
11:39:08.787 [pool-7-thread-30] INFO eu.europa.esig.dss.spi.x509.TokenIssuerSelector - The issuer subject name and subject name does not match (more details in debug mode).
11:39:08.787 [pool-7-thread-30] INFO eu.europa.esig.dss.spi.x509.TokenIssuerSelector - CERT ISSUER    : c=lu,ou=pki-test,o=nowina solutions,cn=external-ca
11:39:08.787 [pool-7-thread-30] INFO eu.europa.esig.dss.spi.x509.TokenIssuerSelector - ISSUER SUBJECT : c=lu,ou=pki-test,o=nowina solutions,cn=external-ca-alternative
11:39:08.787 [pool-7-thread-30] INFO eu.europa.esig.dss.spi.x509.TokenIssuerSelector - The issuer subject name and subject name does not match (more details in debug mode).
11:39:08.787 [pool-7-thread-30] INFO eu.europa.esig.dss.spi.x509.TokenIssuerSelector - CERT ISSUER    : c=lu,ou=pki-test,o=nowina solutions,cn=external-ca
11:39:08.787 [pool-7-thread-30] INFO eu.europa.esig.dss.spi.x509.TokenIssuerSelector - ISSUER SUBJECT : c=lu,ou=pki-test,o=nowina solutions,cn=external-ca-alternative
11:39:08.787 [pool-7-thread-30] INFO eu.europa.esig.dss.spi.x509.TokenIssuerSelector - The issuer subject name and subject name does not match (more details in debug mode).
11:39:08.787 [pool-7-thread-30] INFO eu.europa.esig.dss.spi.x509.TokenIssuerSelector - CERT ISSUER    : c=lu,ou=pki-test,o=nowina solutions,cn=external-ca
11:39:08.787 [pool-7-thread-30] INFO eu.europa.esig.dss.spi.x509.TokenIssuerSelector - ISSUER SUBJECT : c=lu,ou=pki-test,o=nowina solutions,cn=external-ca-alternative
11:39:08.790 [pool-7-thread-94] WARN eu.europa.esig.dss.spi.x509.TokenIssuerSelector - No issuer found for the token creation date. The process continues with an issuer which has the same public key.
11:39:08.790 [pool-7-thread-94] WARN eu.europa.esig.dss.spi.x509.TokenIssuerSelector - No issuer found for the token creation date. The process continues with an issuer which has the same public key.
11:39:08.794 [pool-7-thread-94] INFO eu.europa.esig.dss.spi.x509.TokenIssuerSelector - The issuer subject name and subject name does not match (more details in debug mode).
11:39:08.794 [pool-7-thread-94] INFO eu.europa.esig.dss.spi.x509.TokenIssuerSelector - CERT ISSUER    : c=lu,ou=pki-test,o=nowina solutions,cn=external-ca
11:39:08.794 [pool-7-thread-94] INFO eu.europa.esig.dss.spi.x509.TokenIssuerSelector - ISSUER SUBJECT : c=lu,ou=pki-test,o=nowina solutions,cn=external-ca-alternative
11:39:08.794 [pool-7-thread-94] INFO eu.europa.esig.dss.spi.x509.TokenIssuerSelector - The issuer subject name and subject name does not match (more details in debug mode).
11:39:08.794 [pool-7-thread-94] INFO eu.europa.esig.dss.spi.x509.TokenIssuerSelector - CERT ISSUER    : c=lu,ou=pki-test,o=nowina solutions,cn=external-ca
11:39:08.795 [pool-7-thread-94] INFO eu.europa.esig.dss.spi.x509.TokenIssuerSelector - ISSUER SUBJECT : c=lu,ou=pki-test,o=nowina solutions,cn=external-ca-alternative
11:39:08.795 [pool-7-thread-94] INFO eu.europa.esig.dss.spi.x509.TokenIssuerSelector - The issuer subject name and subject name does not match (more details in debug mode).
11:39:08.795 [pool-7-thread-94] INFO eu.europa.esig.dss.spi.x509.TokenIssuerSelector - CERT ISSUER    : c=lu,ou=pki-test,o=nowina solutions,cn=external-ca
11:39:08.795 [pool-7-thread-94] INFO eu.europa.esig.dss.spi.x509.TokenIssuerSelector - ISSUER SUBJECT : c=lu,ou=pki-test,o=nowina solutions,cn=external-ca-alternative
11:39:08.795 [pool-7-thread-31] WARN eu.europa.esig.dss.spi.x509.TokenIssuerSelector - No issuer found for the token creation date. The process continues with an issuer which has the same public key.
11:39:08.798 [pool-7-thread-29] WARN eu.europa.esig.dss.spi.x509.TokenIssuerSelector - No issuer found for the token creation date. The process continues with an issuer which has the same public key.
11:39:08.798 [pool-7-thread-31] INFO eu.europa.esig.dss.spi.x509.TokenIssuerSelector - The issuer subject name and subject name does not match (more details in debug mode).
11:39:08.798 [pool-7-thread-31] INFO eu.europa.esig.dss.spi.x509.TokenIssuerSelector - CERT ISSUER    : c=lu,ou=pki-test,o=nowina solutions,cn=external-ca
11:39:08.798 [pool-7-thread-31] INFO eu.europa.esig.dss.spi.x509.TokenIssuerSelector - ISSUER SUBJECT : c=lu,ou=pki-test,o=nowina solutions,cn=external-ca-alternative
11:39:08.798 [pool-7-thread-31] INFO eu.europa.esig.dss.spi.x509.TokenIssuerSelector - The issuer subject name and subject name does not match (more details in debug mode).
11:39:08.798 [pool-7-thread-31] INFO eu.europa.esig.dss.spi.x509.TokenIssuerSelector - CERT ISSUER    : c=lu,ou=pki-test,o=nowina solutions,cn=external-ca
11:39:08.798 [pool-7-thread-31] INFO eu.europa.esig.dss.spi.x509.TokenIssuerSelector - ISSUER SUBJECT : c=lu,ou=pki-test,o=nowina solutions,cn=external-ca-alternative
11:39:08.798 [pool-7-thread-31] INFO eu.europa.esig.dss.spi.x509.TokenIssuerSelector - The issuer subject name and subject name does not match (more details in debug mode).
11:39:08.798 [pool-7-thread-31] INFO eu.europa.esig.dss.spi.x509.TokenIssuerSelector - CERT ISSUER    : c=lu,ou=pki-test,o=nowina solutions,cn=external-ca
11:39:08.798 [pool-7-thread-31] INFO eu.europa.esig.dss.spi.x509.TokenIssuerSelector - ISSUER SUBJECT : c=lu,ou=pki-test,o=nowina solutions,cn=external-ca-alternative
11:39:08.799 [pool-7-thread-6] WARN eu.europa.esig.dss.spi.x509.TokenIssuerSelector - No issuer found for the token creation date. The process continues with an issuer which has the same public key.
11:39:08.799 [pool-7-thread-6] WARN eu.europa.esig.dss.spi.x509.TokenIssuerSelector - No issuer found for the token creation date. The process continues with an issuer which has the same public key.
11:39:08.803 [pool-7-thread-6] INFO eu.europa.esig.dss.spi.x509.TokenIssuerSelector - The issuer subject name and subject name does not match (more details in debug mode).
11:39:08.803 [pool-7-thread-6] INFO eu.europa.esig.dss.spi.x509.TokenIssuerSelector - CERT ISSUER    : c=lu,ou=pki-test,o=nowina solutions,cn=external-ca
11:39:08.803 [pool-7-thread-6] INFO eu.europa.esig.dss.spi.x509.TokenIssuerSelector - ISSUER SUBJECT : c=lu,ou=pki-test,o=nowina solutions,cn=external-ca-alternative
11:39:08.803 [pool-7-thread-6] INFO eu.europa.esig.dss.spi.x509.TokenIssuerSelector - The issuer subject name and subject name does not match (more details in debug mode).
11:39:08.803 [pool-7-thread-6] INFO eu.europa.esig.dss.spi.x509.TokenIssuerSelector - CERT ISSUER    : c=lu,ou=pki-test,o=nowina solutions,cn=external-ca
11:39:08.803 [pool-7-thread-6] INFO eu.europa.esig.dss.spi.x509.TokenIssuerSelector - ISSUER SUBJECT : c=lu,ou=pki-test,o=nowina solutions,cn=external-ca-alternative
11:39:08.803 [pool-7-thread-6] INFO eu.europa.esig.dss.spi.x509.TokenIssuerSelector - The issuer subject name and subject name does not match (more details in debug mode).
11:39:08.803 [pool-7-thread-6] INFO eu.europa.esig.dss.spi.x509.TokenIssuerSelector - CERT ISSUER    : c=lu,ou=pki-test,o=nowina solutions,cn=external-ca
11:39:08.803 [pool-7-thread-6] INFO eu.europa.esig.dss.spi.x509.TokenIssuerSelector - ISSUER SUBJECT : c=lu,ou=pki-test,o=nowina solutions,cn=external-ca-alternative
11:39:08.804 [pool-7-thread-31] WARN eu.europa.esig.dss.spi.x509.TokenIssuerSelector - No issuer found for the token creation date. The process continues with an issuer which has the same public key.
11:39:08.805 [pool-7-thread-3] INFO eu.europa.esig.dss.spi.x509.TokenIssuerSelector - The issuer subject name and subject name does not match (more details in debug mode).
11:39:08.805 [pool-7-thread-3] INFO eu.europa.esig.dss.spi.x509.TokenIssuerSelector - CERT ISSUER    : c=lu,ou=pki-test,o=nowina solutions,cn=external-ca
11:39:08.805 [pool-7-thread-3] INFO eu.europa.esig.dss.spi.x509.TokenIssuerSelector - ISSUER SUBJECT : c=lu,ou=pki-test,o=nowina solutions,cn=external-ca-alternative
11:39:08.805 [pool-7-thread-3] INFO eu.europa.esig.dss.spi.x509.TokenIssuerSelector - The issuer subject name and subject name does not match (more details in debug mode).
11:39:08.805 [pool-7-thread-3] INFO eu.europa.esig.dss.spi.x509.TokenIssuerSelector - CERT ISSUER    : c=lu,ou=pki-test,o=nowina solutions,cn=external-ca
11:39:08.805 [pool-7-thread-3] INFO eu.europa.esig.dss.spi.x509.TokenIssuerSelector - ISSUER SUBJECT : c=lu,ou=pki-test,o=nowina solutions,cn=external-ca-alternative
11:39:08.805 [pool-7-thread-3] INFO eu.europa.esig.dss.spi.x509.TokenIssuerSelector - The issuer subject name and subject name does not match (more details in debug mode).
11:39:08.805 [pool-7-thread-3] INFO eu.europa.esig.dss.spi.x509.TokenIssuerSelector - CERT ISSUER    : c=lu,ou=pki-test,o=nowina solutions,cn=external-ca
11:39:08.805 [pool-7-thread-3] INFO eu.europa.esig.dss.spi.x509.TokenIssuerSelector - ISSUER SUBJECT : c=lu,ou=pki-test,o=nowina solutions,cn=external-ca-alternative
11:39:08.806 [pool-7-thread-6] WARN eu.europa.esig.dss.spi.x509.TokenIssuerSelector - No issuer found for the token creation date. The process continues with an issuer which has the same public key.
11:39:08.807 [pool-7-thread-6] WARN eu.europa.esig.dss.spi.x509.TokenIssuerSelector - No issuer found for the token creation date. The process continues with an issuer which has the same public key.
11:39:08.808 [pool-7-thread-6] INFO eu.europa.esig.dss.spi.x509.TokenIssuerSelector - The issuer subject name and subject name does not match (more details in debug mode).
11:39:08.808 [pool-7-thread-6] INFO eu.europa.esig.dss.spi.x509.TokenIssuerSelector - CERT ISSUER    : c=lu,ou=pki-test,o=nowina solutions,cn=external-ca
11:39:08.808 [pool-7-thread-6] INFO eu.europa.esig.dss.spi.x509.TokenIssuerSelector - ISSUER SUBJECT : c=lu,ou=pki-test,o=nowina solutions,cn=external-ca-alternative
11:39:08.808 [pool-7-thread-6] INFO eu.europa.esig.dss.spi.x509.TokenIssuerSelector - The issuer subject name and subject name does not match (more details in debug mode).
11:39:08.808 [pool-7-thread-6] INFO eu.europa.esig.dss.spi.x509.TokenIssuerSelector - CERT ISSUER    : c=lu,ou=pki-test,o=nowina solutions,cn=external-ca
11:39:08.808 [pool-7-thread-6] INFO eu.europa.esig.dss.spi.x509.TokenIssuerSelector - ISSUER SUBJECT : c=lu,ou=pki-test,o=nowina solutions,cn=external-ca-alternative
11:39:08.808 [pool-7-thread-6] INFO eu.europa.esig.dss.spi.x509.TokenIssuerSelector - The issuer subject name and subject name does not match (more details in debug mode).
11:39:08.808 [pool-7-thread-6] INFO eu.europa.esig.dss.spi.x509.TokenIssuerSelector - CERT ISSUER    : c=lu,ou=pki-test,o=nowina solutions,cn=external-ca
11:39:08.808 [pool-7-thread-6] INFO eu.europa.esig.dss.spi.x509.TokenIssuerSelector - ISSUER SUBJECT : c=lu,ou=pki-test,o=nowina solutions,cn=external-ca-alternative
11:39:08.809 [pool-7-thread-3] WARN eu.europa.esig.dss.spi.x509.TokenIssuerSelector - No issuer found for the token creation date. The process continues with an issuer which has the same public key.
11:39:08.810 [pool-7-thread-3] WARN eu.europa.esig.dss.spi.x509.TokenIssuerSelector - No issuer found for the token creation date. The process continues with an issuer which has the same public key.
11:39:08.812 [pool-7-thread-3] INFO eu.europa.esig.dss.spi.x509.TokenIssuerSelector - The issuer subject name and subject name does not match (more details in debug mode).
11:39:08.812 [pool-7-thread-3] INFO eu.europa.esig.dss.spi.x509.TokenIssuerSelector - CERT ISSUER    : c=lu,ou=pki-test,o=nowina solutions,cn=external-ca
11:39:08.812 [pool-7-thread-3] INFO eu.europa.esig.dss.spi.x509.TokenIssuerSelector - ISSUER SUBJECT : c=lu,ou=pki-test,o=nowina solutions,cn=external-ca-alternative
11:39:08.812 [pool-7-thread-3] INFO eu.europa.esig.dss.spi.x509.TokenIssuerSelector - The issuer subject name and subject name does not match (more details in debug mode).
11:39:08.812 [pool-7-thread-3] INFO eu.europa.esig.dss.spi.x509.TokenIssuerSelector - CERT ISSUER    : c=lu,ou=pki-test,o=nowina solutions,cn=external-ca
11:39:08.812 [pool-7-thread-3] INFO eu.europa.esig.dss.spi.x509.TokenIssuerSelector - ISSUER SUBJECT : c=lu,ou=pki-test,o=nowina solutions,cn=external-ca-alternative
11:39:08.812 [pool-7-thread-3] INFO eu.europa.esig.dss.spi.x509.TokenIssuerSelector - The issuer subject name and subject name does not match (more details in debug mode).
11:39:08.812 [pool-7-thread-3] INFO eu.europa.esig.dss.spi.x509.TokenIssuerSelector - CERT ISSUER    : c=lu,ou=pki-test,o=nowina solutions,cn=external-ca
11:39:08.812 [pool-7-thread-3] INFO eu.europa.esig.dss.spi.x509.TokenIssuerSelector - ISSUER SUBJECT : c=lu,ou=pki-test,o=nowina solutions,cn=external-ca-alternative
11:39:08.816 [pool-7-thread-21] WARN eu.europa.esig.dss.spi.x509.TokenIssuerSelector - No issuer found for the token creation date. The process continues with an issuer which has the same public key.
11:39:08.817 [pool-7-thread-21] WARN eu.europa.esig.dss.spi.x509.TokenIssuerSelector - No issuer found for the token creation date. The process continues with an issuer which has the same public key.
11:39:08.818 [pool-7-thread-21] INFO eu.europa.esig.dss.spi.x509.TokenIssuerSelector - The issuer subject name and subject name does not match (more details in debug mode).
11:39:08.818 [pool-7-thread-21] INFO eu.europa.esig.dss.spi.x509.TokenIssuerSelector - CERT ISSUER    : c=lu,ou=pki-test,o=nowina solutions,cn=external-ca
11:39:08.819 [pool-7-thread-21] INFO eu.europa.esig.dss.spi.x509.TokenIssuerSelector - ISSUER SUBJECT : c=lu,ou=pki-test,o=nowina solutions,cn=external-ca-alternative
11:39:08.819 [pool-7-thread-21] INFO eu.europa.esig.dss.spi.x509.TokenIssuerSelector - The issuer subject name and subject name does not match (more details in debug mode).
11:39:08.819 [pool-7-thread-21] INFO eu.europa.esig.dss.spi.x509.TokenIssuerSelector - CERT ISSUER    : c=lu,ou=pki-test,o=nowina solutions,cn=external-ca
11:39:08.819 [pool-7-thread-21] INFO eu.europa.esig.dss.spi.x509.TokenIssuerSelector - ISSUER SUBJECT : c=lu,ou=pki-test,o=nowina solutions,cn=external-ca-alternative
11:39:08.819 [pool-7-thread-21] INFO eu.europa.esig.dss.spi.x509.TokenIssuerSelector - The issuer subject name and subject name does not match (more details in debug mode).
11:39:08.819 [pool-7-thread-21] INFO eu.europa.esig.dss.spi.x509.TokenIssuerSelector - CERT ISSUER    : c=lu,ou=pki-test,o=nowina solutions,cn=external-ca
11:39:08.819 [pool-7-thread-21] INFO eu.europa.esig.dss.spi.x509.TokenIssuerSelector - ISSUER SUBJECT : c=lu,ou=pki-test,o=nowina solutions,cn=external-ca-alternative
11:39:08.821 [pool-7-thread-97] WARN eu.europa.esig.dss.spi.x509.TokenIssuerSelector - No issuer found for the token creation date. The process continues with an issuer which has the same public key.
11:39:08.824 [pool-7-thread-97] INFO eu.europa.esig.dss.spi.x509.TokenIssuerSelector - The issuer subject name and subject name does not match (more details in debug mode).
11:39:08.826 [pool-7-thread-97] INFO eu.europa.esig.dss.spi.x509.TokenIssuerSelector - CERT ISSUER    : c=lu,ou=pki-test,o=nowina solutions,cn=external-ca
11:39:08.826 [pool-7-thread-97] INFO eu.europa.esig.dss.spi.x509.TokenIssuerSelector - ISSUER SUBJECT : c=lu,ou=pki-test,o=nowina solutions,cn=external-ca-alternative
11:39:08.826 [pool-7-thread-97] INFO eu.europa.esig.dss.spi.x509.TokenIssuerSelector - The issuer subject name and subject name does not match (more details in debug mode).
11:39:08.826 [pool-7-thread-97] INFO eu.europa.esig.dss.spi.x509.TokenIssuerSelector - CERT ISSUER    : c=lu,ou=pki-test,o=nowina solutions,cn=external-ca
11:39:08.826 [pool-7-thread-97] INFO eu.europa.esig.dss.spi.x509.TokenIssuerSelector - ISSUER SUBJECT : c=lu,ou=pki-test,o=nowina solutions,cn=external-ca-alternative
11:39:08.826 [pool-7-thread-97] INFO eu.europa.esig.dss.spi.x509.TokenIssuerSelector - The issuer subject name and subject name does not match (more details in debug mode).
11:39:08.826 [pool-7-thread-97] INFO eu.europa.esig.dss.spi.x509.TokenIssuerSelector - CERT ISSUER    : c=lu,ou=pki-test,o=nowina solutions,cn=external-ca
11:39:08.827 [pool-7-thread-97] INFO eu.europa.esig.dss.spi.x509.TokenIssuerSelector - ISSUER SUBJECT : c=lu,ou=pki-test,o=nowina solutions,cn=external-ca-alternative
11:39:08.829 [pool-7-thread-46] WARN eu.europa.esig.dss.spi.x509.TokenIssuerSelector - No issuer found for the token creation date. The process continues with an issuer which has the same public key.
11:39:08.830 [pool-7-thread-46] WARN eu.europa.esig.dss.spi.x509.TokenIssuerSelector - No issuer found for the token creation date. The process continues with an issuer which has the same public key.
11:39:08.831 [pool-7-thread-46] INFO eu.europa.esig.dss.spi.x509.TokenIssuerSelector - The issuer subject name and subject name does not match (more details in debug mode).
11:39:08.831 [pool-7-thread-46] INFO eu.europa.esig.dss.spi.x509.TokenIssuerSelector - CERT ISSUER    : c=lu,ou=pki-test,o=nowina solutions,cn=external-ca
11:39:08.831 [pool-7-thread-46] INFO eu.europa.esig.dss.spi.x509.TokenIssuerSelector - ISSUER SUBJECT : c=lu,ou=pki-test,o=nowina solutions,cn=external-ca-alternative
11:39:08.831 [pool-7-thread-46] INFO eu.europa.esig.dss.spi.x509.TokenIssuerSelector - The issuer subject name and subject name does not match (more details in debug mode).
11:39:08.831 [pool-7-thread-46] INFO eu.europa.esig.dss.spi.x509.TokenIssuerSelector - CERT ISSUER    : c=lu,ou=pki-test,o=nowina solutions,cn=external-ca
11:39:08.831 [pool-7-thread-46] INFO eu.europa.esig.dss.spi.x509.TokenIssuerSelector - ISSUER SUBJECT : c=lu,ou=pki-test,o=nowina solutions,cn=external-ca-alternative
11:39:08.831 [pool-7-thread-46] INFO eu.europa.esig.dss.spi.x509.TokenIssuerSelector - The issuer subject name and subject name does not match (more details in debug mode).
11:39:08.831 [pool-7-thread-46] INFO eu.europa.esig.dss.spi.x509.TokenIssuerSelector - CERT ISSUER    : c=lu,ou=pki-test,o=nowina solutions,cn=external-ca
11:39:08.831 [pool-7-thread-46] INFO eu.europa.esig.dss.spi.x509.TokenIssuerSelector - ISSUER SUBJECT : c=lu,ou=pki-test,o=nowina solutions,cn=external-ca-alternative
11:39:08.835 [pool-7-thread-28] INFO eu.europa.esig.dss.spi.x509.TokenIssuerSelector - The issuer subject name and subject name does not match (more details in debug mode).
11:39:08.835 [pool-7-thread-28] INFO eu.europa.esig.dss.spi.x509.TokenIssuerSelector - CERT ISSUER    : c=lu,ou=pki-test,o=nowina solutions,cn=external-ca
11:39:08.835 [pool-7-thread-28] INFO eu.europa.esig.dss.spi.x509.TokenIssuerSelector - ISSUER SUBJECT : c=lu,ou=pki-test,o=nowina solutions,cn=external-ca-alternative
11:39:08.835 [pool-7-thread-28] INFO eu.europa.esig.dss.spi.x509.TokenIssuerSelector - The issuer subject name and subject name does not match (more details in debug mode).
11:39:08.835 [pool-7-thread-28] INFO eu.europa.esig.dss.spi.x509.TokenIssuerSelector - CERT ISSUER    : c=lu,ou=pki-test,o=nowina solutions,cn=external-ca
11:39:08.835 [pool-7-thread-28] INFO eu.europa.esig.dss.spi.x509.TokenIssuerSelector - ISSUER SUBJECT : c=lu,ou=pki-test,o=nowina solutions,cn=external-ca-alternative
11:39:08.835 [pool-7-thread-28] INFO eu.europa.esig.dss.spi.x509.TokenIssuerSelector - The issuer subject name and subject name does not match (more details in debug mode).
11:39:08.835 [pool-7-thread-28] INFO eu.europa.esig.dss.spi.x509.TokenIssuerSelector - CERT ISSUER    : c=lu,ou=pki-test,o=nowina solutions,cn=external-ca
11:39:08.835 [pool-7-thread-28] INFO eu.europa.esig.dss.spi.x509.TokenIssuerSelector - ISSUER SUBJECT : c=lu,ou=pki-test,o=nowina solutions,cn=external-ca-alternative
11:39:08.835 [pool-7-thread-91] INFO eu.europa.esig.dss.spi.x509.TokenIssuerSelector - The issuer subject name and subject name does not match (more details in debug mode).
11:39:08.835 [pool-7-thread-91] INFO eu.europa.esig.dss.spi.x509.TokenIssuerSelector - CERT ISSUER    : c=lu,ou=pki-test,o=nowina solutions,cn=external-ca
11:39:08.835 [pool-7-thread-91] INFO eu.europa.esig.dss.spi.x509.TokenIssuerSelector - ISSUER SUBJECT : c=lu,ou=pki-test,o=nowina solutions,cn=external-ca-alternative
11:39:08.835 [pool-7-thread-91] INFO eu.europa.esig.dss.spi.x509.TokenIssuerSelector - The issuer subject name and subject name does not match (more details in debug mode).
11:39:08.836 [pool-7-thread-91] INFO eu.europa.esig.dss.spi.x509.TokenIssuerSelector - CERT ISSUER    : c=lu,ou=pki-test,o=nowina solutions,cn=external-ca
11:39:08.836 [pool-7-thread-91] INFO eu.europa.esig.dss.spi.x509.TokenIssuerSelector - ISSUER SUBJECT : c=lu,ou=pki-test,o=nowina solutions,cn=external-ca-alternative
11:39:08.836 [pool-7-thread-91] INFO eu.europa.esig.dss.spi.x509.TokenIssuerSelector - The issuer subject name and subject name does not match (more details in debug mode).
11:39:08.836 [pool-7-thread-91] INFO eu.europa.esig.dss.spi.x509.TokenIssuerSelector - CERT ISSUER    : c=lu,ou=pki-test,o=nowina solutions,cn=external-ca
11:39:08.836 [pool-7-thread-91] INFO eu.europa.esig.dss.spi.x509.TokenIssuerSelector - ISSUER SUBJECT : c=lu,ou=pki-test,o=nowina solutions,cn=external-ca-alternative
11:39:08.837 [pool-7-thread-95] WARN eu.europa.esig.dss.spi.x509.TokenIssuerSelector - No issuer found for the token creation date. The process continues with an issuer which has the same public key.
11:39:08.838 [pool-7-thread-95] WARN eu.europa.esig.dss.spi.x509.TokenIssuerSelector - No issuer found for the token creation date. The process continues with an issuer which has the same public key.
11:39:08.840 [pool-7-thread-95] INFO eu.europa.esig.dss.spi.x509.TokenIssuerSelector - The issuer subject name and subject name does not match (more details in debug mode).
11:39:08.840 [pool-7-thread-95] INFO eu.europa.esig.dss.spi.x509.TokenIssuerSelector - CERT ISSUER    : c=lu,ou=pki-test,o=nowina solutions,cn=external-ca
11:39:08.840 [pool-7-thread-95] INFO eu.europa.esig.dss.spi.x509.TokenIssuerSelector - ISSUER SUBJECT : c=lu,ou=pki-test,o=nowina solutions,cn=external-ca-alternative
11:39:08.840 [pool-7-thread-95] INFO eu.europa.esig.dss.spi.x509.TokenIssuerSelector - The issuer subject name and subject name does not match (more details in debug mode).
11:39:08.840 [pool-7-thread-95] INFO eu.europa.esig.dss.spi.x509.TokenIssuerSelector - CERT ISSUER    : c=lu,ou=pki-test,o=nowina solutions,cn=external-ca
11:39:08.840 [pool-7-thread-95] INFO eu.europa.esig.dss.spi.x509.TokenIssuerSelector - ISSUER SUBJECT : c=lu,ou=pki-test,o=nowina solutions,cn=external-ca-alternative
11:39:08.840 [pool-7-thread-95] INFO eu.europa.esig.dss.spi.x509.TokenIssuerSelector - The issuer subject name and subject name does not match (more details in debug mode).
11:39:08.840 [pool-7-thread-95] INFO eu.europa.esig.dss.spi.x509.TokenIssuerSelector - CERT ISSUER    : c=lu,ou=pki-test,o=nowina solutions,cn=external-ca
11:39:08.840 [pool-7-thread-95] INFO eu.europa.esig.dss.spi.x509.TokenIssuerSelector - ISSUER SUBJECT : c=lu,ou=pki-test,o=nowina solutions,cn=external-ca-alternative
11:39:08.840 [pool-7-thread-33] WARN eu.europa.esig.dss.spi.x509.TokenIssuerSelector - No issuer found for the token creation date. The process continues with an issuer which has the same public key.
11:39:08.841 [pool-7-thread-33] WARN eu.europa.esig.dss.spi.x509.TokenIssuerSelector - No issuer found for the token creation date. The process continues with an issuer which has the same public key.
11:39:08.845 [pool-7-thread-33] INFO eu.europa.esig.dss.spi.x509.TokenIssuerSelector - The issuer subject name and subject name does not match (more details in debug mode).
11:39:08.845 [pool-7-thread-33] INFO eu.europa.esig.dss.spi.x509.TokenIssuerSelector - CERT ISSUER    : c=lu,ou=pki-test,o=nowina solutions,cn=external-ca
11:39:08.845 [pool-7-thread-33] INFO eu.europa.esig.dss.spi.x509.TokenIssuerSelector - ISSUER SUBJECT : c=lu,ou=pki-test,o=nowina solutions,cn=external-ca-alternative
11:39:08.845 [pool-7-thread-33] INFO eu.europa.esig.dss.spi.x509.TokenIssuerSelector - The issuer subject name and subject name does not match (more details in debug mode).
11:39:08.845 [pool-7-thread-33] INFO eu.europa.esig.dss.spi.x509.TokenIssuerSelector - CERT ISSUER    : c=lu,ou=pki-test,o=nowina solutions,cn=external-ca
11:39:08.845 [pool-7-thread-33] INFO eu.europa.esig.dss.spi.x509.TokenIssuerSelector - ISSUER SUBJECT : c=lu,ou=pki-test,o=nowina solutions,cn=external-ca-alternative
11:39:08.845 [pool-7-thread-33] INFO eu.europa.esig.dss.spi.x509.TokenIssuerSelector - The issuer subject name and subject name does not match (more details in debug mode).
11:39:08.845 [pool-7-thread-33] INFO eu.europa.esig.dss.spi.x509.TokenIssuerSelector - CERT ISSUER    : c=lu,ou=pki-test,o=nowina solutions,cn=external-ca
11:39:08.845 [pool-7-thread-33] INFO eu.europa.esig.dss.spi.x509.TokenIssuerSelector - ISSUER SUBJECT : c=lu,ou=pki-test,o=nowina solutions,cn=external-ca-alternative
11:39:08.849 [pool-7-thread-26] WARN eu.europa.esig.dss.spi.x509.TokenIssuerSelector - No issuer found for the token creation date. The process continues with an issuer which has the same public key.
11:39:08.850 [pool-7-thread-26] WARN eu.europa.esig.dss.spi.x509.TokenIssuerSelector - No issuer found for the token creation date. The process continues with an issuer which has the same public key.
11:39:08.857 [pool-7-thread-26] INFO eu.europa.esig.dss.spi.x509.TokenIssuerSelector - The issuer subject name and subject name does not match (more details in debug mode).
11:39:08.857 [pool-7-thread-26] INFO eu.europa.esig.dss.spi.x509.TokenIssuerSelector - CERT ISSUER    : c=lu,ou=pki-test,o=nowina solutions,cn=external-ca
11:39:08.857 [pool-7-thread-26] INFO eu.europa.esig.dss.spi.x509.TokenIssuerSelector - ISSUER SUBJECT : c=lu,ou=pki-test,o=nowina solutions,cn=external-ca-alternative
11:39:08.857 [pool-7-thread-26] INFO eu.europa.esig.dss.spi.x509.TokenIssuerSelector - The issuer subject name and subject name does not match (more details in debug mode).
11:39:08.857 [pool-7-thread-26] INFO eu.europa.esig.dss.spi.x509.TokenIssuerSelector - CERT ISSUER    : c=lu,ou=pki-test,o=nowina solutions,cn=external-ca
11:39:08.857 [pool-7-thread-26] INFO eu.europa.esig.dss.spi.x509.TokenIssuerSelector - ISSUER SUBJECT : c=lu,ou=pki-test,o=nowina solutions,cn=external-ca-alternative
11:39:08.857 [pool-7-thread-26] INFO eu.europa.esig.dss.spi.x509.TokenIssuerSelector - The issuer subject name and subject name does not match (more details in debug mode).
11:39:08.857 [pool-7-thread-26] INFO eu.europa.esig.dss.spi.x509.TokenIssuerSelector - CERT ISSUER    : c=lu,ou=pki-test,o=nowina solutions,cn=external-ca
11:39:08.857 [pool-7-thread-26] INFO eu.europa.esig.dss.spi.x509.TokenIssuerSelector - ISSUER SUBJECT : c=lu,ou=pki-test,o=nowina solutions,cn=external-ca-alternative
11:39:08.863 [pool-7-thread-26] WARN eu.europa.esig.dss.spi.x509.TokenIssuerSelector - No issuer found for the token creation date. The process continues with an issuer which has the same public key.
11:39:08.864 [pool-7-thread-26] WARN eu.europa.esig.dss.spi.x509.TokenIssuerSelector - No issuer found for the token creation date. The process continues with an issuer which has the same public key.
11:39:08.866 [pool-7-thread-26] INFO eu.europa.esig.dss.spi.x509.TokenIssuerSelector - The issuer subject name and subject name does not match (more details in debug mode).
11:39:08.866 [pool-7-thread-26] INFO eu.europa.esig.dss.spi.x509.TokenIssuerSelector - CERT ISSUER    : c=lu,ou=pki-test,o=nowina solutions,cn=external-ca
11:39:08.866 [pool-7-thread-26] INFO eu.europa.esig.dss.spi.x509.TokenIssuerSelector - ISSUER SUBJECT : c=lu,ou=pki-test,o=nowina solutions,cn=external-ca-alternative
11:39:08.866 [pool-7-thread-26] INFO eu.europa.esig.dss.spi.x509.TokenIssuerSelector - The issuer subject name and subject name does not match (more details in debug mode).
11:39:08.866 [pool-7-thread-26] INFO eu.europa.esig.dss.spi.x509.TokenIssuerSelector - CERT ISSUER    : c=lu,ou=pki-test,o=nowina solutions,cn=external-ca
11:39:08.866 [pool-7-thread-26] INFO eu.europa.esig.dss.spi.x509.TokenIssuerSelector - ISSUER SUBJECT : c=lu,ou=pki-test,o=nowina solutions,cn=external-ca-alternative
11:39:08.866 [pool-7-thread-26] INFO eu.europa.esig.dss.spi.x509.TokenIssuerSelector - The issuer subject name and subject name does not match (more details in debug mode).
11:39:08.866 [pool-7-thread-26] INFO eu.europa.esig.dss.spi.x509.TokenIssuerSelector - CERT ISSUER    : c=lu,ou=pki-test,o=nowina solutions,cn=external-ca
11:39:08.866 [pool-7-thread-26] INFO eu.europa.esig.dss.spi.x509.TokenIssuerSelector - ISSUER SUBJECT : c=lu,ou=pki-test,o=nowina solutions,cn=external-ca-alternative
11:39:08.867 [pool-7-thread-36] WARN eu.europa.esig.dss.spi.x509.TokenIssuerSelector - No issuer found for the token creation date. The process continues with an issuer which has the same public key.
11:39:08.869 [pool-7-thread-26] WARN eu.europa.esig.dss.spi.x509.TokenIssuerSelector - No issuer found for the token creation date. The process continues with an issuer which has the same public key.
11:39:08.870 [pool-7-thread-26] WARN eu.europa.esig.dss.spi.x509.TokenIssuerSelector - No issuer found for the token creation date. The process continues with an issuer which has the same public key.
11:39:08.872 [pool-7-thread-36] INFO eu.europa.esig.dss.spi.x509.TokenIssuerSelector - The issuer subject name and subject name does not match (more details in debug mode).
11:39:08.872 [pool-7-thread-36] INFO eu.europa.esig.dss.spi.x509.TokenIssuerSelector - CERT ISSUER    : c=lu,ou=pki-test,o=nowina solutions,cn=external-ca
11:39:08.872 [pool-7-thread-36] INFO eu.europa.esig.dss.spi.x509.TokenIssuerSelector - ISSUER SUBJECT : c=lu,ou=pki-test,o=nowina solutions,cn=external-ca-alternative
11:39:08.872 [pool-7-thread-36] INFO eu.europa.esig.dss.spi.x509.TokenIssuerSelector - The issuer subject name and subject name does not match (more details in debug mode).
11:39:08.872 [pool-7-thread-36] INFO eu.europa.esig.dss.spi.x509.TokenIssuerSelector - CERT ISSUER    : c=lu,ou=pki-test,o=nowina solutions,cn=external-ca
11:39:08.872 [pool-7-thread-36] INFO eu.europa.esig.dss.spi.x509.TokenIssuerSelector - ISSUER SUBJECT : c=lu,ou=pki-test,o=nowina solutions,cn=external-ca-alternative
11:39:08.872 [pool-7-thread-36] INFO eu.europa.esig.dss.spi.x509.TokenIssuerSelector - The issuer subject name and subject name does not match (more details in debug mode).
11:39:08.872 [pool-7-thread-36] INFO eu.europa.esig.dss.spi.x509.TokenIssuerSelector - CERT ISSUER    : c=lu,ou=pki-test,o=nowina solutions,cn=external-ca
11:39:08.872 [pool-7-thread-36] INFO eu.europa.esig.dss.spi.x509.TokenIssuerSelector - ISSUER SUBJECT : c=lu,ou=pki-test,o=nowina solutions,cn=external-ca-alternative
11:39:08.872 [pool-7-thread-26] INFO eu.europa.esig.dss.spi.x509.TokenIssuerSelector - The issuer subject name and subject name does not match (more details in debug mode).
11:39:08.872 [pool-7-thread-26] INFO eu.europa.esig.dss.spi.x509.TokenIssuerSelector - CERT ISSUER    : c=lu,ou=pki-test,o=nowina solutions,cn=external-ca
11:39:08.872 [pool-7-thread-26] INFO eu.europa.esig.dss.spi.x509.TokenIssuerSelector - ISSUER SUBJECT : c=lu,ou=pki-test,o=nowina solutions,cn=external-ca-alternative
11:39:08.872 [pool-7-thread-26] INFO eu.europa.esig.dss.spi.x509.TokenIssuerSelector - The issuer subject name and subject name does not match (more details in debug mode).
11:39:08.872 [pool-7-thread-26] INFO eu.europa.esig.dss.spi.x509.TokenIssuerSelector - CERT ISSUER    : c=lu,ou=pki-test,o=nowina solutions,cn=external-ca
11:39:08.872 [pool-7-thread-26] INFO eu.europa.esig.dss.spi.x509.TokenIssuerSelector - ISSUER SUBJECT : c=lu,ou=pki-test,o=nowina solutions,cn=external-ca-alternative
11:39:08.872 [pool-7-thread-26] INFO eu.europa.esig.dss.spi.x509.TokenIssuerSelector - The issuer subject name and subject name does not match (more details in debug mode).
11:39:08.872 [pool-7-thread-26] INFO eu.europa.esig.dss.spi.x509.TokenIssuerSelector - CERT ISSUER    : c=lu,ou=pki-test,o=nowina solutions,cn=external-ca
11:39:08.872 [pool-7-thread-26] INFO eu.europa.esig.dss.spi.x509.TokenIssuerSelector - ISSUER SUBJECT : c=lu,ou=pki-test,o=nowina solutions,cn=external-ca-alternative
11:39:08.875 [pool-7-thread-36] WARN eu.europa.esig.dss.spi.x509.TokenIssuerSelector - No issuer found for the token creation date. The process continues with an issuer which has the same public key.
11:39:08.877 [pool-7-thread-40] WARN eu.europa.esig.dss.spi.x509.TokenIssuerSelector - No issuer found for the token creation date. The process continues with an issuer which has the same public key.
11:39:08.878 [pool-7-thread-40] WARN eu.europa.esig.dss.spi.x509.TokenIssuerSelector - No issuer found for the token creation date. The process continues with an issuer which has the same public key.
11:39:08.880 [pool-7-thread-40] INFO eu.europa.esig.dss.spi.x509.TokenIssuerSelector - The issuer subject name and subject name does not match (more details in debug mode).
11:39:08.880 [pool-7-thread-40] INFO eu.europa.esig.dss.spi.x509.TokenIssuerSelector - CERT ISSUER    : c=lu,ou=pki-test,o=nowina solutions,cn=external-ca
11:39:08.880 [pool-7-thread-40] INFO eu.europa.esig.dss.spi.x509.TokenIssuerSelector - ISSUER SUBJECT : c=lu,ou=pki-test,o=nowina solutions,cn=external-ca-alternative
11:39:08.880 [pool-7-thread-40] INFO eu.europa.esig.dss.spi.x509.TokenIssuerSelector - The issuer subject name and subject name does not match (more details in debug mode).
11:39:08.880 [pool-7-thread-40] INFO eu.europa.esig.dss.spi.x509.TokenIssuerSelector - CERT ISSUER    : c=lu,ou=pki-test,o=nowina solutions,cn=external-ca
11:39:08.880 [pool-7-thread-40] INFO eu.europa.esig.dss.spi.x509.TokenIssuerSelector - ISSUER SUBJECT : c=lu,ou=pki-test,o=nowina solutions,cn=external-ca-alternative
11:39:08.880 [pool-7-thread-40] INFO eu.europa.esig.dss.spi.x509.TokenIssuerSelector - The issuer subject name and subject name does not match (more details in debug mode).
11:39:08.880 [pool-7-thread-40] INFO eu.europa.esig.dss.spi.x509.TokenIssuerSelector - CERT ISSUER    : c=lu,ou=pki-test,o=nowina solutions,cn=external-ca
11:39:08.880 [pool-7-thread-40] INFO eu.europa.esig.dss.spi.x509.TokenIssuerSelector - ISSUER SUBJECT : c=lu,ou=pki-test,o=nowina solutions,cn=external-ca-alternative
11:39:08.885 [pool-7-thread-100] INFO eu.europa.esig.dss.spi.x509.TokenIssuerSelector - The issuer subject name and subject name does not match (more details in debug mode).
11:39:08.885 [pool-7-thread-100] INFO eu.europa.esig.dss.spi.x509.TokenIssuerSelector - CERT ISSUER    : c=lu,ou=pki-test,o=nowina solutions,cn=external-ca
11:39:08.885 [pool-7-thread-100] INFO eu.europa.esig.dss.spi.x509.TokenIssuerSelector - ISSUER SUBJECT : c=lu,ou=pki-test,o=nowina solutions,cn=external-ca-alternative
11:39:08.885 [pool-7-thread-100] INFO eu.europa.esig.dss.spi.x509.TokenIssuerSelector - The issuer subject name and subject name does not match (more details in debug mode).
11:39:08.885 [pool-7-thread-100] INFO eu.europa.esig.dss.spi.x509.TokenIssuerSelector - CERT ISSUER    : c=lu,ou=pki-test,o=nowina solutions,cn=external-ca
11:39:08.885 [pool-7-thread-100] INFO eu.europa.esig.dss.spi.x509.TokenIssuerSelector - ISSUER SUBJECT : c=lu,ou=pki-test,o=nowina solutions,cn=external-ca-alternative
11:39:08.886 [pool-7-thread-100] INFO eu.europa.esig.dss.spi.x509.TokenIssuerSelector - The issuer subject name and subject name does not match (more details in debug mode).
11:39:08.886 [pool-7-thread-100] INFO eu.europa.esig.dss.spi.x509.TokenIssuerSelector - CERT ISSUER    : c=lu,ou=pki-test,o=nowina solutions,cn=external-ca
11:39:08.886 [pool-7-thread-100] INFO eu.europa.esig.dss.spi.x509.TokenIssuerSelector - ISSUER SUBJECT : c=lu,ou=pki-test,o=nowina solutions,cn=external-ca-alternative
11:39:08.887 [pool-7-thread-99] WARN eu.europa.esig.dss.spi.x509.TokenIssuerSelector - No issuer found for the token creation date. The process continues with an issuer which has the same public key.
11:39:08.887 [pool-7-thread-99] WARN eu.europa.esig.dss.spi.x509.TokenIssuerSelector - No issuer found for the token creation date. The process continues with an issuer which has the same public key.
11:39:08.885 [pool-7-thread-35] WARN eu.europa.esig.dss.spi.x509.TokenIssuerSelector - No issuer found for the token creation date. The process continues with an issuer which has the same public key.
11:39:08.889 [pool-7-thread-99] INFO eu.europa.esig.dss.spi.x509.TokenIssuerSelector - The issuer subject name and subject name does not match (more details in debug mode).
11:39:08.889 [pool-7-thread-99] INFO eu.europa.esig.dss.spi.x509.TokenIssuerSelector - CERT ISSUER    : c=lu,ou=pki-test,o=nowina solutions,cn=external-ca
11:39:08.889 [pool-7-thread-99] INFO eu.europa.esig.dss.spi.x509.TokenIssuerSelector - ISSUER SUBJECT : c=lu,ou=pki-test,o=nowina solutions,cn=external-ca-alternative
11:39:08.889 [pool-7-thread-99] INFO eu.europa.esig.dss.spi.x509.TokenIssuerSelector - The issuer subject name and subject name does not match (more details in debug mode).
11:39:08.889 [pool-7-thread-99] INFO eu.europa.esig.dss.spi.x509.TokenIssuerSelector - CERT ISSUER    : c=lu,ou=pki-test,o=nowina solutions,cn=external-ca
11:39:08.889 [pool-7-thread-99] INFO eu.europa.esig.dss.spi.x509.TokenIssuerSelector - ISSUER SUBJECT : c=lu,ou=pki-test,o=nowina solutions,cn=external-ca-alternative
11:39:08.889 [pool-7-thread-99] INFO eu.europa.esig.dss.spi.x509.TokenIssuerSelector - The issuer subject name and subject name does not match (more details in debug mode).
11:39:08.889 [pool-7-thread-99] INFO eu.europa.esig.dss.spi.x509.TokenIssuerSelector - CERT ISSUER    : c=lu,ou=pki-test,o=nowina solutions,cn=external-ca
11:39:08.889 [pool-7-thread-99] INFO eu.europa.esig.dss.spi.x509.TokenIssuerSelector - ISSUER SUBJECT : c=lu,ou=pki-test,o=nowina solutions,cn=external-ca-alternative
11:39:08.889 [pool-7-thread-82] WARN eu.europa.esig.dss.spi.x509.TokenIssuerSelector - No issuer found for the token creation date. The process continues with an issuer which has the same public key.
11:39:08.890 [pool-7-thread-79] WARN eu.europa.esig.dss.spi.x509.TokenIssuerSelector - No issuer found for the token creation date. The process continues with an issuer which has the same public key.
11:39:08.891 [pool-7-thread-93] WARN eu.europa.esig.dss.spi.x509.TokenIssuerSelector - No issuer found for the token creation date. The process continues with an issuer which has the same public key.
11:39:08.891 [pool-7-thread-79] INFO eu.europa.esig.dss.spi.x509.TokenIssuerSelector - The issuer subject name and subject name does not match (more details in debug mode).
11:39:08.891 [pool-7-thread-79] INFO eu.europa.esig.dss.spi.x509.TokenIssuerSelector - CERT ISSUER    : c=lu,ou=pki-test,o=nowina solutions,cn=external-ca
11:39:08.892 [pool-7-thread-79] INFO eu.europa.esig.dss.spi.x509.TokenIssuerSelector - ISSUER SUBJECT : c=lu,ou=pki-test,o=nowina solutions,cn=external-ca-alternative
11:39:08.892 [pool-7-thread-79] INFO eu.europa.esig.dss.spi.x509.TokenIssuerSelector - The issuer subject name and subject name does not match (more details in debug mode).
11:39:08.892 [pool-7-thread-79] INFO eu.europa.esig.dss.spi.x509.TokenIssuerSelector - CERT ISSUER    : c=lu,ou=pki-test,o=nowina solutions,cn=external-ca
11:39:08.892 [pool-7-thread-79] INFO eu.europa.esig.dss.spi.x509.TokenIssuerSelector - ISSUER SUBJECT : c=lu,ou=pki-test,o=nowina solutions,cn=external-ca-alternative
11:39:08.892 [pool-7-thread-79] INFO eu.europa.esig.dss.spi.x509.TokenIssuerSelector - The issuer subject name and subject name does not match (more details in debug mode).
11:39:08.892 [pool-7-thread-79] INFO eu.europa.esig.dss.spi.x509.TokenIssuerSelector - CERT ISSUER    : c=lu,ou=pki-test,o=nowina solutions,cn=external-ca
11:39:08.892 [pool-7-thread-79] INFO eu.europa.esig.dss.spi.x509.TokenIssuerSelector - ISSUER SUBJECT : c=lu,ou=pki-test,o=nowina solutions,cn=external-ca-alternative
11:39:08.893 [pool-7-thread-88] INFO eu.europa.esig.dss.spi.x509.TokenIssuerSelector - The issuer subject name and subject name does not match (more details in debug mode).
11:39:08.894 [pool-7-thread-88] INFO eu.europa.esig.dss.spi.x509.TokenIssuerSelector - CERT ISSUER    : c=lu,ou=pki-test,o=nowina solutions,cn=external-ca
11:39:08.894 [pool-7-thread-88] INFO eu.europa.esig.dss.spi.x509.TokenIssuerSelector - ISSUER SUBJECT : c=lu,ou=pki-test,o=nowina solutions,cn=external-ca-alternative
11:39:08.894 [pool-7-thread-88] INFO eu.europa.esig.dss.spi.x509.TokenIssuerSelector - The issuer subject name and subject name does not match (more details in debug mode).
11:39:08.894 [pool-7-thread-88] INFO eu.europa.esig.dss.spi.x509.TokenIssuerSelector - CERT ISSUER    : c=lu,ou=pki-test,o=nowina solutions,cn=external-ca
11:39:08.894 [pool-7-thread-88] INFO eu.europa.esig.dss.spi.x509.TokenIssuerSelector - ISSUER SUBJECT : c=lu,ou=pki-test,o=nowina solutions,cn=external-ca-alternative
11:39:08.894 [pool-7-thread-88] INFO eu.europa.esig.dss.spi.x509.TokenIssuerSelector - The issuer subject name and subject name does not match (more details in debug mode).
11:39:08.894 [pool-7-thread-88] INFO eu.europa.esig.dss.spi.x509.TokenIssuerSelector - CERT ISSUER    : c=lu,ou=pki-test,o=nowina solutions,cn=external-ca
11:39:08.894 [pool-7-thread-88] INFO eu.europa.esig.dss.spi.x509.TokenIssuerSelector - ISSUER SUBJECT : c=lu,ou=pki-test,o=nowina solutions,cn=external-ca-alternative
11:39:08.894 [pool-7-thread-76] WARN eu.europa.esig.dss.spi.x509.TokenIssuerSelector - No issuer found for the token creation date. The process continues with an issuer which has the same public key.
11:39:08.896 [pool-7-thread-76] INFO eu.europa.esig.dss.spi.x509.TokenIssuerSelector - The issuer subject name and subject name does not match (more details in debug mode).
11:39:08.896 [pool-7-thread-76] INFO eu.europa.esig.dss.spi.x509.TokenIssuerSelector - CERT ISSUER    : c=lu,ou=pki-test,o=nowina solutions,cn=external-ca
11:39:08.896 [pool-7-thread-76] INFO eu.europa.esig.dss.spi.x509.TokenIssuerSelector - ISSUER SUBJECT : c=lu,ou=pki-test,o=nowina solutions,cn=external-ca-alternative
11:39:08.896 [pool-7-thread-76] INFO eu.europa.esig.dss.spi.x509.TokenIssuerSelector - The issuer subject name and subject name does not match (more details in debug mode).
11:39:08.897 [pool-7-thread-76] INFO eu.europa.esig.dss.spi.x509.TokenIssuerSelector - CERT ISSUER    : c=lu,ou=pki-test,o=nowina solutions,cn=external-ca
11:39:08.897 [pool-7-thread-76] INFO eu.europa.esig.dss.spi.x509.TokenIssuerSelector - ISSUER SUBJECT : c=lu,ou=pki-test,o=nowina solutions,cn=external-ca-alternative
11:39:08.897 [pool-7-thread-76] INFO eu.europa.esig.dss.spi.x509.TokenIssuerSelector - The issuer subject name and subject name does not match (more details in debug mode).
11:39:08.897 [pool-7-thread-76] INFO eu.europa.esig.dss.spi.x509.TokenIssuerSelector - CERT ISSUER    : c=lu,ou=pki-test,o=nowina solutions,cn=external-ca
11:39:08.897 [pool-7-thread-76] INFO eu.europa.esig.dss.spi.x509.TokenIssuerSelector - ISSUER SUBJECT : c=lu,ou=pki-test,o=nowina solutions,cn=external-ca-alternative
11:39:08.898 [pool-7-thread-79] WARN eu.europa.esig.dss.spi.x509.TokenIssuerSelector - No issuer found for the token creation date. The process continues with an issuer which has the same public key.
11:39:08.900 [pool-7-thread-10] INFO eu.europa.esig.dss.spi.x509.TokenIssuerSelector - The issuer subject name and subject name does not match (more details in debug mode).
11:39:08.900 [pool-7-thread-10] INFO eu.europa.esig.dss.spi.x509.TokenIssuerSelector - CERT ISSUER    : c=lu,ou=pki-test,o=nowina solutions,cn=external-ca
11:39:08.900 [pool-7-thread-10] INFO eu.europa.esig.dss.spi.x509.TokenIssuerSelector - ISSUER SUBJECT : c=lu,ou=pki-test,o=nowina solutions,cn=external-ca-alternative
11:39:08.900 [pool-7-thread-10] INFO eu.europa.esig.dss.spi.x509.TokenIssuerSelector - The issuer subject name and subject name does not match (more details in debug mode).
11:39:08.900 [pool-7-thread-10] INFO eu.europa.esig.dss.spi.x509.TokenIssuerSelector - CERT ISSUER    : c=lu,ou=pki-test,o=nowina solutions,cn=external-ca
11:39:08.900 [pool-7-thread-10] INFO eu.europa.esig.dss.spi.x509.TokenIssuerSelector - ISSUER SUBJECT : c=lu,ou=pki-test,o=nowina solutions,cn=external-ca-alternative
11:39:08.900 [pool-7-thread-10] INFO eu.europa.esig.dss.spi.x509.TokenIssuerSelector - The issuer subject name and subject name does not match (more details in debug mode).
11:39:08.900 [pool-7-thread-10] INFO eu.europa.esig.dss.spi.x509.TokenIssuerSelector - CERT ISSUER    : c=lu,ou=pki-test,o=nowina solutions,cn=external-ca
11:39:08.900 [pool-7-thread-10] INFO eu.europa.esig.dss.spi.x509.TokenIssuerSelector - ISSUER SUBJECT : c=lu,ou=pki-test,o=nowina solutions,cn=external-ca-alternative
11:39:08.900 [pool-7-thread-96] WARN eu.europa.esig.dss.spi.x509.TokenIssuerSelector - No issuer found for the token creation date. The process continues with an issuer which has the same public key.
11:39:08.901 [pool-7-thread-83] INFO eu.europa.esig.dss.spi.x509.TokenIssuerSelector - The issuer subject name and subject name does not match (more details in debug mode).
11:39:08.902 [pool-7-thread-83] INFO eu.europa.esig.dss.spi.x509.TokenIssuerSelector - CERT ISSUER    : c=lu,ou=pki-test,o=nowina solutions,cn=external-ca
11:39:08.902 [pool-7-thread-83] INFO eu.europa.esig.dss.spi.x509.TokenIssuerSelector - ISSUER SUBJECT : c=lu,ou=pki-test,o=nowina solutions,cn=external-ca-alternative
11:39:08.902 [pool-7-thread-83] INFO eu.europa.esig.dss.spi.x509.TokenIssuerSelector - The issuer subject name and subject name does not match (more details in debug mode).
11:39:08.902 [pool-7-thread-83] INFO eu.europa.esig.dss.spi.x509.TokenIssuerSelector - CERT ISSUER    : c=lu,ou=pki-test,o=nowina solutions,cn=external-ca
11:39:08.902 [pool-7-thread-83] INFO eu.europa.esig.dss.spi.x509.TokenIssuerSelector - ISSUER SUBJECT : c=lu,ou=pki-test,o=nowina solutions,cn=external-ca-alternative
11:39:08.902 [pool-7-thread-83] INFO eu.europa.esig.dss.spi.x509.TokenIssuerSelector - The issuer subject name and subject name does not match (more details in debug mode).
11:39:08.902 [pool-7-thread-83] INFO eu.europa.esig.dss.spi.x509.TokenIssuerSelector - CERT ISSUER    : c=lu,ou=pki-test,o=nowina solutions,cn=external-ca
11:39:08.902 [pool-7-thread-83] INFO eu.europa.esig.dss.spi.x509.TokenIssuerSelector - ISSUER SUBJECT : c=lu,ou=pki-test,o=nowina solutions,cn=external-ca-alternative
11:39:08.902 [pool-7-thread-72] WARN eu.europa.esig.dss.spi.x509.TokenIssuerSelector - No issuer found for the token creation date. The process continues with an issuer which has the same public key.
11:39:08.904 [pool-7-thread-72] WARN eu.europa.esig.dss.spi.x509.TokenIssuerSelector - No issuer found for the token creation date. The process continues with an issuer which has the same public key.
11:39:08.907 [pool-7-thread-44] WARN eu.europa.esig.dss.spi.x509.TokenIssuerSelector - No issuer found for the token creation date. The process continues with an issuer which has the same public key.
11:39:08.908 [pool-7-thread-44] WARN eu.europa.esig.dss.spi.x509.TokenIssuerSelector - No issuer found for the token creation date. The process continues with an issuer which has the same public key.
11:39:08.909 [pool-7-thread-44] INFO eu.europa.esig.dss.spi.x509.TokenIssuerSelector - The issuer subject name and subject name does not match (more details in debug mode).
11:39:08.909 [pool-7-thread-44] INFO eu.europa.esig.dss.spi.x509.TokenIssuerSelector - CERT ISSUER    : c=lu,ou=pki-test,o=nowina solutions,cn=external-ca
11:39:08.909 [pool-7-thread-44] INFO eu.europa.esig.dss.spi.x509.TokenIssuerSelector - ISSUER SUBJECT : c=lu,ou=pki-test,o=nowina solutions,cn=external-ca-alternative
11:39:08.909 [pool-7-thread-44] INFO eu.europa.esig.dss.spi.x509.TokenIssuerSelector - The issuer subject name and subject name does not match (more details in debug mode).
11:39:08.909 [pool-7-thread-44] INFO eu.europa.esig.dss.spi.x509.TokenIssuerSelector - CERT ISSUER    : c=lu,ou=pki-test,o=nowina solutions,cn=external-ca
11:39:08.909 [pool-7-thread-44] INFO eu.europa.esig.dss.spi.x509.TokenIssuerSelector - ISSUER SUBJECT : c=lu,ou=pki-test,o=nowina solutions,cn=external-ca-alternative
11:39:08.909 [pool-7-thread-44] INFO eu.europa.esig.dss.spi.x509.TokenIssuerSelector - The issuer subject name and subject name does not match (more details in debug mode).
11:39:08.910 [pool-7-thread-44] INFO eu.europa.esig.dss.spi.x509.TokenIssuerSelector - CERT ISSUER    : c=lu,ou=pki-test,o=nowina solutions,cn=external-ca
11:39:08.910 [pool-7-thread-44] INFO eu.europa.esig.dss.spi.x509.TokenIssuerSelector - ISSUER SUBJECT : c=lu,ou=pki-test,o=nowina solutions,cn=external-ca-alternative
11:39:08.912 [pool-7-thread-75] WARN eu.europa.esig.dss.spi.x509.TokenIssuerSelector - No issuer found for the token creation date. The process continues with an issuer which has the same public key.
11:39:08.923 [pool-7-thread-75] WARN eu.europa.esig.dss.spi.x509.TokenIssuerSelector - No issuer found for the token creation date. The process continues with an issuer which has the same public key.
11:39:08.927 [pool-7-thread-44] WARN eu.europa.esig.dss.spi.x509.TokenIssuerSelector - No issuer found for the token creation date. The process continues with an issuer which has the same public key.
11:39:08.927 [pool-7-thread-75] INFO eu.europa.esig.dss.spi.x509.TokenIssuerSelector - The issuer subject name and subject name does not match (more details in debug mode).
11:39:08.927 [pool-7-thread-75] INFO eu.europa.esig.dss.spi.x509.TokenIssuerSelector - CERT ISSUER    : c=lu,ou=pki-test,o=nowina solutions,cn=external-ca
11:39:08.927 [pool-7-thread-75] INFO eu.europa.esig.dss.spi.x509.TokenIssuerSelector - ISSUER SUBJECT : c=lu,ou=pki-test,o=nowina solutions,cn=external-ca-alternative
11:39:08.928 [pool-7-thread-75] INFO eu.europa.esig.dss.spi.x509.TokenIssuerSelector - The issuer subject name and subject name does not match (more details in debug mode).
11:39:08.928 [pool-7-thread-75] INFO eu.europa.esig.dss.spi.x509.TokenIssuerSelector - CERT ISSUER    : c=lu,ou=pki-test,o=nowina solutions,cn=external-ca
11:39:08.928 [pool-7-thread-75] INFO eu.europa.esig.dss.spi.x509.TokenIssuerSelector - ISSUER SUBJECT : c=lu,ou=pki-test,o=nowina solutions,cn=external-ca-alternative
11:39:08.928 [pool-7-thread-44] WARN eu.europa.esig.dss.spi.x509.TokenIssuerSelector - No issuer found for the token creation date. The process continues with an issuer which has the same public key.
11:39:08.928 [pool-7-thread-75] INFO eu.europa.esig.dss.spi.x509.TokenIssuerSelector - The issuer subject name and subject name does not match (more details in debug mode).
11:39:08.928 [pool-7-thread-75] INFO eu.europa.esig.dss.spi.x509.TokenIssuerSelector - CERT ISSUER    : c=lu,ou=pki-test,o=nowina solutions,cn=external-ca
11:39:08.928 [pool-7-thread-75] INFO eu.europa.esig.dss.spi.x509.TokenIssuerSelector - ISSUER SUBJECT : c=lu,ou=pki-test,o=nowina solutions,cn=external-ca-alternative
11:39:08.933 [pool-7-thread-44] INFO eu.europa.esig.dss.spi.x509.TokenIssuerSelector - The issuer subject name and subject name does not match (more details in debug mode).
11:39:08.933 [pool-7-thread-44] INFO eu.europa.esig.dss.spi.x509.TokenIssuerSelector - CERT ISSUER    : c=lu,ou=pki-test,o=nowina solutions,cn=external-ca
11:39:08.933 [pool-7-thread-44] INFO eu.europa.esig.dss.spi.x509.TokenIssuerSelector - ISSUER SUBJECT : c=lu,ou=pki-test,o=nowina solutions,cn=external-ca-alternative
11:39:08.933 [pool-7-thread-44] INFO eu.europa.esig.dss.spi.x509.TokenIssuerSelector - The issuer subject name and subject name does not match (more details in debug mode).
11:39:08.933 [pool-7-thread-44] INFO eu.europa.esig.dss.spi.x509.TokenIssuerSelector - CERT ISSUER    : c=lu,ou=pki-test,o=nowina solutions,cn=external-ca
11:39:08.933 [pool-7-thread-44] INFO eu.europa.esig.dss.spi.x509.TokenIssuerSelector - ISSUER SUBJECT : c=lu,ou=pki-test,o=nowina solutions,cn=external-ca-alternative
11:39:08.933 [pool-7-thread-44] INFO eu.europa.esig.dss.spi.x509.TokenIssuerSelector - The issuer subject name and subject name does not match (more details in debug mode).
11:39:08.933 [pool-7-thread-44] INFO eu.europa.esig.dss.spi.x509.TokenIssuerSelector - CERT ISSUER    : c=lu,ou=pki-test,o=nowina solutions,cn=external-ca
11:39:08.933 [pool-7-thread-44] INFO eu.europa.esig.dss.spi.x509.TokenIssuerSelector - ISSUER SUBJECT : c=lu,ou=pki-test,o=nowina solutions,cn=external-ca-alternative
11:39:08.934 [pool-7-thread-75] WARN eu.europa.esig.dss.spi.x509.TokenIssuerSelector - No issuer found for the token creation date. The process continues with an issuer which has the same public key.
11:39:08.934 [pool-7-thread-75] WARN eu.europa.esig.dss.spi.x509.TokenIssuerSelector - No issuer found for the token creation date. The process continues with an issuer which has the same public key.
11:39:08.907 [pool-7-thread-72] INFO eu.europa.esig.dss.spi.x509.TokenIssuerSelector - The issuer subject name and subject name does not match (more details in debug mode).
11:39:08.935 [pool-7-thread-72] INFO eu.europa.esig.dss.spi.x509.TokenIssuerSelector - CERT ISSUER    : c=lu,ou=pki-test,o=nowina solutions,cn=external-ca
11:39:08.935 [pool-7-thread-72] INFO eu.europa.esig.dss.spi.x509.TokenIssuerSelector - ISSUER SUBJECT : c=lu,ou=pki-test,o=nowina solutions,cn=external-ca-alternative
11:39:08.935 [pool-7-thread-72] INFO eu.europa.esig.dss.spi.x509.TokenIssuerSelector - The issuer subject name and subject name does not match (more details in debug mode).
11:39:08.935 [pool-7-thread-72] INFO eu.europa.esig.dss.spi.x509.TokenIssuerSelector - CERT ISSUER    : c=lu,ou=pki-test,o=nowina solutions,cn=external-ca
11:39:08.935 [pool-7-thread-72] INFO eu.europa.esig.dss.spi.x509.TokenIssuerSelector - ISSUER SUBJECT : c=lu,ou=pki-test,o=nowina solutions,cn=external-ca-alternative
11:39:08.935 [pool-7-thread-72] INFO eu.europa.esig.dss.spi.x509.TokenIssuerSelector - The issuer subject name and subject name does not match (more details in debug mode).
11:39:08.935 [pool-7-thread-72] INFO eu.europa.esig.dss.spi.x509.TokenIssuerSelector - CERT ISSUER    : c=lu,ou=pki-test,o=nowina solutions,cn=external-ca
11:39:08.935 [pool-7-thread-72] INFO eu.europa.esig.dss.spi.x509.TokenIssuerSelector - ISSUER SUBJECT : c=lu,ou=pki-test,o=nowina solutions,cn=external-ca-alternative
11:39:08.936 [pool-7-thread-75] INFO eu.europa.esig.dss.spi.x509.TokenIssuerSelector - The issuer subject name and subject name does not match (more details in debug mode).
11:39:08.936 [pool-7-thread-75] INFO eu.europa.esig.dss.spi.x509.TokenIssuerSelector - CERT ISSUER    : c=lu,ou=pki-test,o=nowina solutions,cn=external-ca
11:39:08.936 [pool-7-thread-75] INFO eu.europa.esig.dss.spi.x509.TokenIssuerSelector - ISSUER SUBJECT : c=lu,ou=pki-test,o=nowina solutions,cn=external-ca-alternative
11:39:08.936 [pool-7-thread-75] INFO eu.europa.esig.dss.spi.x509.TokenIssuerSelector - The issuer subject name and subject name does not match (more details in debug mode).
11:39:08.936 [pool-7-thread-75] INFO eu.europa.esig.dss.spi.x509.TokenIssuerSelector - CERT ISSUER    : c=lu,ou=pki-test,o=nowina solutions,cn=external-ca
11:39:08.936 [pool-7-thread-75] INFO eu.europa.esig.dss.spi.x509.TokenIssuerSelector - ISSUER SUBJECT : c=lu,ou=pki-test,o=nowina solutions,cn=external-ca-alternative
11:39:08.936 [pool-7-thread-75] INFO eu.europa.esig.dss.spi.x509.TokenIssuerSelector - The issuer subject name and subject name does not match (more details in debug mode).
11:39:08.936 [pool-7-thread-75] INFO eu.europa.esig.dss.spi.x509.TokenIssuerSelector - CERT ISSUER    : c=lu,ou=pki-test,o=nowina solutions,cn=external-ca
11:39:08.936 [pool-7-thread-75] INFO eu.europa.esig.dss.spi.x509.TokenIssuerSelector - ISSUER SUBJECT : c=lu,ou=pki-test,o=nowina solutions,cn=external-ca-alternative
11:39:08.938 [pool-7-thread-72] WARN eu.europa.esig.dss.spi.x509.TokenIssuerSelector - No issuer found for the token creation date. The process continues with an issuer which has the same public key.
11:39:08.938 [pool-7-thread-72] WARN eu.europa.esig.dss.spi.x509.TokenIssuerSelector - No issuer found for the token creation date. The process continues with an issuer which has the same public key.
11:39:08.940 [pool-7-thread-72] INFO eu.europa.esig.dss.spi.x509.TokenIssuerSelector - The issuer subject name and subject name does not match (more details in debug mode).
11:39:08.940 [pool-7-thread-72] INFO eu.europa.esig.dss.spi.x509.TokenIssuerSelector - CERT ISSUER    : c=lu,ou=pki-test,o=nowina solutions,cn=external-ca
11:39:08.940 [pool-7-thread-72] INFO eu.europa.esig.dss.spi.x509.TokenIssuerSelector - ISSUER SUBJECT : c=lu,ou=pki-test,o=nowina solutions,cn=external-ca-alternative
11:39:08.940 [pool-7-thread-72] INFO eu.europa.esig.dss.spi.x509.TokenIssuerSelector - The issuer subject name and subject name does not match (more details in debug mode).
11:39:08.940 [pool-7-thread-72] INFO eu.europa.esig.dss.spi.x509.TokenIssuerSelector - CERT ISSUER    : c=lu,ou=pki-test,o=nowina solutions,cn=external-ca
11:39:08.940 [pool-7-thread-72] INFO eu.europa.esig.dss.spi.x509.TokenIssuerSelector - ISSUER SUBJECT : c=lu,ou=pki-test,o=nowina solutions,cn=external-ca-alternative
11:39:08.940 [pool-7-thread-72] INFO eu.europa.esig.dss.spi.x509.TokenIssuerSelector - The issuer subject name and subject name does not match (more details in debug mode).
11:39:08.940 [pool-7-thread-72] INFO eu.europa.esig.dss.spi.x509.TokenIssuerSelector - CERT ISSUER    : c=lu,ou=pki-test,o=nowina solutions,cn=external-ca
11:39:08.940 [pool-7-thread-72] INFO eu.europa.esig.dss.spi.x509.TokenIssuerSelector - ISSUER SUBJECT : c=lu,ou=pki-test,o=nowina solutions,cn=external-ca-alternative
11:39:08.946 [pool-7-thread-72] WARN eu.europa.esig.dss.spi.x509.TokenIssuerSelector - No issuer found for the token creation date. The process continues with an issuer which has the same public key.
11:39:08.947 [pool-7-thread-72] WARN eu.europa.esig.dss.spi.x509.TokenIssuerSelector - No issuer found for the token creation date. The process continues with an issuer which has the same public key.
11:39:08.948 [pool-7-thread-63] INFO eu.europa.esig.dss.spi.x509.TokenIssuerSelector - The issuer subject name and subject name does not match (more details in debug mode).
11:39:08.948 [pool-7-thread-63] INFO eu.europa.esig.dss.spi.x509.TokenIssuerSelector - CERT ISSUER    : c=lu,ou=pki-test,o=nowina solutions,cn=external-ca
11:39:08.948 [pool-7-thread-63] INFO eu.europa.esig.dss.spi.x509.TokenIssuerSelector - ISSUER SUBJECT : c=lu,ou=pki-test,o=nowina solutions,cn=external-ca-alternative
11:39:08.948 [pool-7-thread-63] INFO eu.europa.esig.dss.spi.x509.TokenIssuerSelector - The issuer subject name and subject name does not match (more details in debug mode).
11:39:08.948 [pool-7-thread-63] INFO eu.europa.esig.dss.spi.x509.TokenIssuerSelector - CERT ISSUER    : c=lu,ou=pki-test,o=nowina solutions,cn=external-ca
11:39:08.948 [pool-7-thread-63] INFO eu.europa.esig.dss.spi.x509.TokenIssuerSelector - ISSUER SUBJECT : c=lu,ou=pki-test,o=nowina solutions,cn=external-ca-alternative
11:39:08.949 [pool-7-thread-63] INFO eu.europa.esig.dss.spi.x509.TokenIssuerSelector - The issuer subject name and subject name does not match (more details in debug mode).
11:39:08.949 [pool-7-thread-63] INFO eu.europa.esig.dss.spi.x509.TokenIssuerSelector - CERT ISSUER    : c=lu,ou=pki-test,o=nowina solutions,cn=external-ca
11:39:08.949 [pool-7-thread-63] INFO eu.europa.esig.dss.spi.x509.TokenIssuerSelector - ISSUER SUBJECT : c=lu,ou=pki-test,o=nowina solutions,cn=external-ca-alternative
11:39:08.951 [pool-7-thread-72] INFO eu.europa.esig.dss.spi.x509.TokenIssuerSelector - The issuer subject name and subject name does not match (more details in debug mode).
11:39:08.951 [pool-7-thread-72] INFO eu.europa.esig.dss.spi.x509.TokenIssuerSelector - CERT ISSUER    : c=lu,ou=pki-test,o=nowina solutions,cn=external-ca
11:39:08.951 [pool-7-thread-72] INFO eu.europa.esig.dss.spi.x509.TokenIssuerSelector - ISSUER SUBJECT : c=lu,ou=pki-test,o=nowina solutions,cn=external-ca-alternative
11:39:08.951 [pool-7-thread-72] INFO eu.europa.esig.dss.spi.x509.TokenIssuerSelector - The issuer subject name and subject name does not match (more details in debug mode).
11:39:08.951 [pool-7-thread-72] INFO eu.europa.esig.dss.spi.x509.TokenIssuerSelector - CERT ISSUER    : c=lu,ou=pki-test,o=nowina solutions,cn=external-ca
11:39:08.951 [pool-7-thread-72] INFO eu.europa.esig.dss.spi.x509.TokenIssuerSelector - ISSUER SUBJECT : c=lu,ou=pki-test,o=nowina solutions,cn=external-ca-alternative
11:39:08.951 [pool-7-thread-72] INFO eu.europa.esig.dss.spi.x509.TokenIssuerSelector - The issuer subject name and subject name does not match (more details in debug mode).
11:39:08.951 [pool-7-thread-72] INFO eu.europa.esig.dss.spi.x509.TokenIssuerSelector - CERT ISSUER    : c=lu,ou=pki-test,o=nowina solutions,cn=external-ca
11:39:08.951 [pool-7-thread-72] INFO eu.europa.esig.dss.spi.x509.TokenIssuerSelector - ISSUER SUBJECT : c=lu,ou=pki-test,o=nowina solutions,cn=external-ca-alternative
11:39:08.952 [pool-7-thread-63] WARN eu.europa.esig.dss.spi.x509.TokenIssuerSelector - No issuer found for the token creation date. The process continues with an issuer which has the same public key.
11:39:08.953 [pool-7-thread-63] WARN eu.europa.esig.dss.spi.x509.TokenIssuerSelector - No issuer found for the token creation date. The process continues with an issuer which has the same public key.
11:39:08.954 [pool-7-thread-63] INFO eu.europa.esig.dss.spi.x509.TokenIssuerSelector - The issuer subject name and subject name does not match (more details in debug mode).
11:39:08.954 [pool-7-thread-63] INFO eu.europa.esig.dss.spi.x509.TokenIssuerSelector - CERT ISSUER    : c=lu,ou=pki-test,o=nowina solutions,cn=external-ca
11:39:08.954 [pool-7-thread-63] INFO eu.europa.esig.dss.spi.x509.TokenIssuerSelector - ISSUER SUBJECT : c=lu,ou=pki-test,o=nowina solutions,cn=external-ca-alternative
11:39:08.954 [pool-7-thread-63] INFO eu.europa.esig.dss.spi.x509.TokenIssuerSelector - The issuer subject name and subject name does not match (more details in debug mode).
11:39:08.954 [pool-7-thread-63] INFO eu.europa.esig.dss.spi.x509.TokenIssuerSelector - CERT ISSUER    : c=lu,ou=pki-test,o=nowina solutions,cn=external-ca
11:39:08.954 [pool-7-thread-63] INFO eu.europa.esig.dss.spi.x509.TokenIssuerSelector - ISSUER SUBJECT : c=lu,ou=pki-test,o=nowina solutions,cn=external-ca-alternative
11:39:08.954 [pool-7-thread-63] INFO eu.europa.esig.dss.spi.x509.TokenIssuerSelector - The issuer subject name and subject name does not match (more details in debug mode).
11:39:08.954 [pool-7-thread-63] INFO eu.europa.esig.dss.spi.x509.TokenIssuerSelector - CERT ISSUER    : c=lu,ou=pki-test,o=nowina solutions,cn=external-ca
11:39:08.954 [pool-7-thread-63] INFO eu.europa.esig.dss.spi.x509.TokenIssuerSelector - ISSUER SUBJECT : c=lu,ou=pki-test,o=nowina solutions,cn=external-ca-alternative
11:39:08.954 [pool-7-thread-39] WARN eu.europa.esig.dss.spi.x509.TokenIssuerSelector - No issuer found for the token creation date. The process continues with an issuer which has the same public key.
11:39:08.956 [pool-7-thread-67] INFO eu.europa.esig.dss.spi.x509.TokenIssuerSelector - The issuer subject name and subject name does not match (more details in debug mode).
11:39:08.956 [pool-7-thread-67] INFO eu.europa.esig.dss.spi.x509.TokenIssuerSelector - CERT ISSUER    : c=lu,ou=pki-test,o=nowina solutions,cn=external-ca
11:39:08.956 [pool-7-thread-67] INFO eu.europa.esig.dss.spi.x509.TokenIssuerSelector - ISSUER SUBJECT : c=lu,ou=pki-test,o=nowina solutions,cn=external-ca-alternative
11:39:08.956 [pool-7-thread-67] INFO eu.europa.esig.dss.spi.x509.TokenIssuerSelector - The issuer subject name and subject name does not match (more details in debug mode).
11:39:08.956 [pool-7-thread-67] INFO eu.europa.esig.dss.spi.x509.TokenIssuerSelector - CERT ISSUER    : c=lu,ou=pki-test,o=nowina solutions,cn=external-ca
11:39:08.956 [pool-7-thread-67] INFO eu.europa.esig.dss.spi.x509.TokenIssuerSelector - ISSUER SUBJECT : c=lu,ou=pki-test,o=nowina solutions,cn=external-ca-alternative
11:39:08.956 [pool-7-thread-67] INFO eu.europa.esig.dss.spi.x509.TokenIssuerSelector - The issuer subject name and subject name does not match (more details in debug mode).
11:39:08.956 [pool-7-thread-67] INFO eu.europa.esig.dss.spi.x509.TokenIssuerSelector - CERT ISSUER    : c=lu,ou=pki-test,o=nowina solutions,cn=external-ca
11:39:08.956 [pool-7-thread-67] INFO eu.europa.esig.dss.spi.x509.TokenIssuerSelector - ISSUER SUBJECT : c=lu,ou=pki-test,o=nowina solutions,cn=external-ca-alternative
11:39:08.958 [pool-7-thread-39] INFO eu.europa.esig.dss.spi.x509.TokenIssuerSelector - The issuer subject name and subject name does not match (more details in debug mode).
11:39:08.958 [pool-7-thread-39] INFO eu.europa.esig.dss.spi.x509.TokenIssuerSelector - CERT ISSUER    : c=lu,ou=pki-test,o=nowina solutions,cn=external-ca
11:39:08.958 [pool-7-thread-39] INFO eu.europa.esig.dss.spi.x509.TokenIssuerSelector - ISSUER SUBJECT : c=lu,ou=pki-test,o=nowina solutions,cn=external-ca-alternative
11:39:08.958 [pool-7-thread-39] INFO eu.europa.esig.dss.spi.x509.TokenIssuerSelector - The issuer subject name and subject name does not match (more details in debug mode).
11:39:08.958 [pool-7-thread-39] INFO eu.europa.esig.dss.spi.x509.TokenIssuerSelector - CERT ISSUER    : c=lu,ou=pki-test,o=nowina solutions,cn=external-ca
11:39:08.958 [pool-7-thread-39] INFO eu.europa.esig.dss.spi.x509.TokenIssuerSelector - ISSUER SUBJECT : c=lu,ou=pki-test,o=nowina solutions,cn=external-ca-alternative
11:39:08.958 [pool-7-thread-39] INFO eu.europa.esig.dss.spi.x509.TokenIssuerSelector - The issuer subject name and subject name does not match (more details in debug mode).
11:39:08.958 [pool-7-thread-39] INFO eu.europa.esig.dss.spi.x509.TokenIssuerSelector - CERT ISSUER    : c=lu,ou=pki-test,o=nowina solutions,cn=external-ca
11:39:08.958 [pool-7-thread-39] INFO eu.europa.esig.dss.spi.x509.TokenIssuerSelector - ISSUER SUBJECT : c=lu,ou=pki-test,o=nowina solutions,cn=external-ca-alternative
11:39:08.969 [pool-7-thread-68] WARN eu.europa.esig.dss.spi.x509.TokenIssuerSelector - No issuer found for the token creation date. The process continues with an issuer which has the same public key.
11:39:08.969 [pool-7-thread-71] WARN eu.europa.esig.dss.spi.x509.TokenIssuerSelector - No issuer found for the token creation date. The process continues with an issuer which has the same public key.
11:39:08.974 [pool-7-thread-81] WARN eu.europa.esig.dss.spi.x509.TokenIssuerSelector - No issuer found for the token creation date. The process continues with an issuer which has the same public key.
11:39:08.980 [pool-7-thread-18] WARN eu.europa.esig.dss.spi.x509.TokenIssuerSelector - No issuer found for the token creation date. The process continues with an issuer which has the same public key.
11:39:08.981 [pool-7-thread-22] INFO eu.europa.esig.dss.spi.x509.TokenIssuerSelector - The issuer subject name and subject name does not match (more details in debug mode).
11:39:08.981 [pool-7-thread-22] INFO eu.europa.esig.dss.spi.x509.TokenIssuerSelector - CERT ISSUER    : c=lu,ou=pki-test,o=nowina solutions,cn=external-ca
11:39:08.981 [pool-7-thread-22] INFO eu.europa.esig.dss.spi.x509.TokenIssuerSelector - ISSUER SUBJECT : c=lu,ou=pki-test,o=nowina solutions,cn=external-ca-alternative
11:39:08.981 [pool-7-thread-22] INFO eu.europa.esig.dss.spi.x509.TokenIssuerSelector - The issuer subject name and subject name does not match (more details in debug mode).
11:39:08.981 [pool-7-thread-22] INFO eu.europa.esig.dss.spi.x509.TokenIssuerSelector - CERT ISSUER    : c=lu,ou=pki-test,o=nowina solutions,cn=external-ca
11:39:08.981 [pool-7-thread-22] INFO eu.europa.esig.dss.spi.x509.TokenIssuerSelector - ISSUER SUBJECT : c=lu,ou=pki-test,o=nowina solutions,cn=external-ca-alternative
11:39:08.981 [pool-7-thread-22] INFO eu.europa.esig.dss.spi.x509.TokenIssuerSelector - The issuer subject name and subject name does not match (more details in debug mode).
11:39:08.981 [pool-7-thread-22] INFO eu.europa.esig.dss.spi.x509.TokenIssuerSelector - CERT ISSUER    : c=lu,ou=pki-test,o=nowina solutions,cn=external-ca
11:39:08.981 [pool-7-thread-22] INFO eu.europa.esig.dss.spi.x509.TokenIssuerSelector - ISSUER SUBJECT : c=lu,ou=pki-test,o=nowina solutions,cn=external-ca-alternative
11:39:08.982 [pool-7-thread-90] WARN eu.europa.esig.dss.spi.x509.TokenIssuerSelector - No issuer found for the token creation date. The process continues with an issuer which has the same public key.
11:39:08.983 [pool-7-thread-90] WARN eu.europa.esig.dss.spi.x509.TokenIssuerSelector - No issuer found for the token creation date. The process continues with an issuer which has the same public key.
11:39:08.985 [pool-7-thread-80] WARN eu.europa.esig.dss.spi.x509.TokenIssuerSelector - No issuer found for the token creation date. The process continues with an issuer which has the same public key.
11:39:08.986 [pool-7-thread-64] WARN eu.europa.esig.dss.spi.x509.TokenIssuerSelector - No issuer found for the token creation date. The process continues with an issuer which has the same public key.
11:39:08.988 [pool-7-thread-64] INFO eu.europa.esig.dss.spi.x509.TokenIssuerSelector - The issuer subject name and subject name does not match (more details in debug mode).
11:39:08.988 [pool-7-thread-64] INFO eu.europa.esig.dss.spi.x509.TokenIssuerSelector - CERT ISSUER    : c=lu,ou=pki-test,o=nowina solutions,cn=external-ca
11:39:08.988 [pool-7-thread-64] INFO eu.europa.esig.dss.spi.x509.TokenIssuerSelector - ISSUER SUBJECT : c=lu,ou=pki-test,o=nowina solutions,cn=external-ca-alternative
11:39:08.988 [pool-7-thread-64] INFO eu.europa.esig.dss.spi.x509.TokenIssuerSelector - The issuer subject name and subject name does not match (more details in debug mode).
11:39:08.988 [pool-7-thread-64] INFO eu.europa.esig.dss.spi.x509.TokenIssuerSelector - CERT ISSUER    : c=lu,ou=pki-test,o=nowina solutions,cn=external-ca
11:39:08.988 [pool-7-thread-64] INFO eu.europa.esig.dss.spi.x509.TokenIssuerSelector - ISSUER SUBJECT : c=lu,ou=pki-test,o=nowina solutions,cn=external-ca-alternative
11:39:08.988 [pool-7-thread-64] INFO eu.europa.esig.dss.spi.x509.TokenIssuerSelector - The issuer subject name and subject name does not match (more details in debug mode).
11:39:08.988 [pool-7-thread-64] INFO eu.europa.esig.dss.spi.x509.TokenIssuerSelector - CERT ISSUER    : c=lu,ou=pki-test,o=nowina solutions,cn=external-ca
11:39:08.988 [pool-7-thread-64] INFO eu.europa.esig.dss.spi.x509.TokenIssuerSelector - ISSUER SUBJECT : c=lu,ou=pki-test,o=nowina solutions,cn=external-ca-alternative
11:39:08.989 [pool-7-thread-89] WARN eu.europa.esig.dss.spi.x509.TokenIssuerSelector - No issuer found for the token creation date. The process continues with an issuer which has the same public key.
11:39:08.992 [pool-7-thread-98] INFO eu.europa.esig.dss.spi.x509.TokenIssuerSelector - The issuer subject name and subject name does not match (more details in debug mode).
11:39:08.992 [pool-7-thread-98] INFO eu.europa.esig.dss.spi.x509.TokenIssuerSelector - CERT ISSUER    : c=lu,ou=pki-test,o=nowina solutions,cn=external-ca
11:39:08.992 [pool-7-thread-98] INFO eu.europa.esig.dss.spi.x509.TokenIssuerSelector - ISSUER SUBJECT : c=lu,ou=pki-test,o=nowina solutions,cn=external-ca-alternative
11:39:08.992 [pool-7-thread-98] INFO eu.europa.esig.dss.spi.x509.TokenIssuerSelector - The issuer subject name and subject name does not match (more details in debug mode).
11:39:08.992 [pool-7-thread-98] INFO eu.europa.esig.dss.spi.x509.TokenIssuerSelector - CERT ISSUER    : c=lu,ou=pki-test,o=nowina solutions,cn=external-ca
11:39:08.992 [pool-7-thread-98] INFO eu.europa.esig.dss.spi.x509.TokenIssuerSelector - ISSUER SUBJECT : c=lu,ou=pki-test,o=nowina solutions,cn=external-ca-alternative
11:39:08.992 [pool-7-thread-98] INFO eu.europa.esig.dss.spi.x509.TokenIssuerSelector - The issuer subject name and subject name does not match (more details in debug mode).
11:39:08.992 [pool-7-thread-98] INFO eu.europa.esig.dss.spi.x509.TokenIssuerSelector - CERT ISSUER    : c=lu,ou=pki-test,o=nowina solutions,cn=external-ca
11:39:08.992 [pool-7-thread-98] INFO eu.europa.esig.dss.spi.x509.TokenIssuerSelector - ISSUER SUBJECT : c=lu,ou=pki-test,o=nowina solutions,cn=external-ca-alternative
11:39:08.995 [pool-7-thread-45] INFO eu.europa.esig.dss.spi.x509.TokenIssuerSelector - The issuer subject name and subject name does not match (more details in debug mode).
11:39:08.995 [pool-7-thread-45] INFO eu.europa.esig.dss.spi.x509.TokenIssuerSelector - CERT ISSUER    : c=lu,ou=pki-test,o=nowina solutions,cn=external-ca
11:39:08.995 [pool-7-thread-45] INFO eu.europa.esig.dss.spi.x509.TokenIssuerSelector - ISSUER SUBJECT : c=lu,ou=pki-test,o=nowina solutions,cn=external-ca-alternative
11:39:08.995 [pool-7-thread-45] INFO eu.europa.esig.dss.spi.x509.TokenIssuerSelector - The issuer subject name and subject name does not match (more details in debug mode).
11:39:08.995 [pool-7-thread-45] INFO eu.europa.esig.dss.spi.x509.TokenIssuerSelector - CERT ISSUER    : c=lu,ou=pki-test,o=nowina solutions,cn=external-ca
11:39:08.995 [pool-7-thread-45] INFO eu.europa.esig.dss.spi.x509.TokenIssuerSelector - ISSUER SUBJECT : c=lu,ou=pki-test,o=nowina solutions,cn=external-ca-alternative
11:39:08.995 [pool-7-thread-45] INFO eu.europa.esig.dss.spi.x509.TokenIssuerSelector - The issuer subject name and subject name does not match (more details in debug mode).
11:39:08.995 [pool-7-thread-45] INFO eu.europa.esig.dss.spi.x509.TokenIssuerSelector - CERT ISSUER    : c=lu,ou=pki-test,o=nowina solutions,cn=external-ca
11:39:08.995 [pool-7-thread-45] INFO eu.europa.esig.dss.spi.x509.TokenIssuerSelector - ISSUER SUBJECT : c=lu,ou=pki-test,o=nowina solutions,cn=external-ca-alternative
11:39:08.997 [pool-7-thread-85] WARN eu.europa.esig.dss.spi.x509.TokenIssuerSelector - No issuer found for the token creation date. The process continues with an issuer which has the same public key.
11:39:08.997 [pool-7-thread-32] INFO eu.europa.esig.dss.spi.x509.TokenIssuerSelector - The issuer subject name and subject name does not match (more details in debug mode).
11:39:08.997 [pool-7-thread-32] INFO eu.europa.esig.dss.spi.x509.TokenIssuerSelector - CERT ISSUER    : c=lu,ou=pki-test,o=nowina solutions,cn=external-ca
11:39:08.997 [pool-7-thread-32] INFO eu.europa.esig.dss.spi.x509.TokenIssuerSelector - ISSUER SUBJECT : c=lu,ou=pki-test,o=nowina solutions,cn=external-ca-alternative
11:39:08.997 [pool-7-thread-32] INFO eu.europa.esig.dss.spi.x509.TokenIssuerSelector - The issuer subject name and subject name does not match (more details in debug mode).
11:39:08.997 [pool-7-thread-32] INFO eu.europa.esig.dss.spi.x509.TokenIssuerSelector - CERT ISSUER    : c=lu,ou=pki-test,o=nowina solutions,cn=external-ca
11:39:08.997 [pool-7-thread-32] INFO eu.europa.esig.dss.spi.x509.TokenIssuerSelector - ISSUER SUBJECT : c=lu,ou=pki-test,o=nowina solutions,cn=external-ca-alternative
11:39:08.997 [pool-7-thread-32] INFO eu.europa.esig.dss.spi.x509.TokenIssuerSelector - The issuer subject name and subject name does not match (more details in debug mode).
11:39:08.997 [pool-7-thread-32] INFO eu.europa.esig.dss.spi.x509.TokenIssuerSelector - CERT ISSUER    : c=lu,ou=pki-test,o=nowina solutions,cn=external-ca
11:39:08.997 [pool-7-thread-32] INFO eu.europa.esig.dss.spi.x509.TokenIssuerSelector - ISSUER SUBJECT : c=lu,ou=pki-test,o=nowina solutions,cn=external-ca-alternative
11:39:08.998 [pool-7-thread-84] WARN eu.europa.esig.dss.spi.x509.TokenIssuerSelector - No issuer found for the token creation date. The process continues with an issuer which has the same public key.
11:39:09.000 [pool-7-thread-84] INFO eu.europa.esig.dss.spi.x509.TokenIssuerSelector - The issuer subject name and subject name does not match (more details in debug mode).
11:39:09.000 [pool-7-thread-84] INFO eu.europa.esig.dss.spi.x509.TokenIssuerSelector - CERT ISSUER    : c=lu,ou=pki-test,o=nowina solutions,cn=external-ca
11:39:09.000 [pool-7-thread-84] INFO eu.europa.esig.dss.spi.x509.TokenIssuerSelector - ISSUER SUBJECT : c=lu,ou=pki-test,o=nowina solutions,cn=external-ca-alternative
11:39:09.000 [pool-7-thread-84] INFO eu.europa.esig.dss.spi.x509.TokenIssuerSelector - The issuer subject name and subject name does not match (more details in debug mode).
11:39:09.000 [pool-7-thread-84] INFO eu.europa.esig.dss.spi.x509.TokenIssuerSelector - CERT ISSUER    : c=lu,ou=pki-test,o=nowina solutions,cn=external-ca
11:39:09.000 [pool-7-thread-84] INFO eu.europa.esig.dss.spi.x509.TokenIssuerSelector - ISSUER SUBJECT : c=lu,ou=pki-test,o=nowina solutions,cn=external-ca-alternative
11:39:09.000 [pool-7-thread-84] INFO eu.europa.esig.dss.spi.x509.TokenIssuerSelector - The issuer subject name and subject name does not match (more details in debug mode).
11:39:09.000 [pool-7-thread-84] INFO eu.europa.esig.dss.spi.x509.TokenIssuerSelector - CERT ISSUER    : c=lu,ou=pki-test,o=nowina solutions,cn=external-ca
11:39:09.000 [pool-7-thread-84] INFO eu.europa.esig.dss.spi.x509.TokenIssuerSelector - ISSUER SUBJECT : c=lu,ou=pki-test,o=nowina solutions,cn=external-ca-alternative
11:39:09.000 [pool-7-thread-34] WARN eu.europa.esig.dss.spi.x509.TokenIssuerSelector - No issuer found for the token creation date. The process continues with an issuer which has the same public key.
11:39:09.001 [pool-7-thread-34] WARN eu.europa.esig.dss.spi.x509.TokenIssuerSelector - No issuer found for the token creation date. The process continues with an issuer which has the same public key.
11:39:09.002 [pool-7-thread-34] INFO eu.europa.esig.dss.spi.x509.TokenIssuerSelector - The issuer subject name and subject name does not match (more details in debug mode).
11:39:09.002 [pool-7-thread-34] INFO eu.europa.esig.dss.spi.x509.TokenIssuerSelector - CERT ISSUER    : c=lu,ou=pki-test,o=nowina solutions,cn=external-ca
11:39:09.002 [pool-7-thread-34] INFO eu.europa.esig.dss.spi.x509.TokenIssuerSelector - ISSUER SUBJECT : c=lu,ou=pki-test,o=nowina solutions,cn=external-ca-alternative
11:39:09.002 [pool-7-thread-34] INFO eu.europa.esig.dss.spi.x509.TokenIssuerSelector - The issuer subject name and subject name does not match (more details in debug mode).
11:39:09.002 [pool-7-thread-34] INFO eu.europa.esig.dss.spi.x509.TokenIssuerSelector - CERT ISSUER    : c=lu,ou=pki-test,o=nowina solutions,cn=external-ca
11:39:09.002 [pool-7-thread-34] INFO eu.europa.esig.dss.spi.x509.TokenIssuerSelector - ISSUER SUBJECT : c=lu,ou=pki-test,o=nowina solutions,cn=external-ca-alternative
11:39:09.002 [pool-7-thread-34] INFO eu.europa.esig.dss.spi.x509.TokenIssuerSelector - The issuer subject name and subject name does not match (more details in debug mode).
11:39:09.002 [pool-7-thread-34] INFO eu.europa.esig.dss.spi.x509.TokenIssuerSelector - CERT ISSUER    : c=lu,ou=pki-test,o=nowina solutions,cn=external-ca
11:39:09.002 [pool-7-thread-34] INFO eu.europa.esig.dss.spi.x509.TokenIssuerSelector - ISSUER SUBJECT : c=lu,ou=pki-test,o=nowina solutions,cn=external-ca-alternative
11:39:09.003 [pool-7-thread-87] WARN eu.europa.esig.dss.spi.x509.TokenIssuerSelector - No issuer found for the token creation date. The process continues with an issuer which has the same public key.
11:39:09.005 [pool-7-thread-87] INFO eu.europa.esig.dss.spi.x509.TokenIssuerSelector - The issuer subject name and subject name does not match (more details in debug mode).
11:39:09.005 [pool-7-thread-87] INFO eu.europa.esig.dss.spi.x509.TokenIssuerSelector - CERT ISSUER    : c=lu,ou=pki-test,o=nowina solutions,cn=external-ca
11:39:09.005 [pool-7-thread-87] INFO eu.europa.esig.dss.spi.x509.TokenIssuerSelector - ISSUER SUBJECT : c=lu,ou=pki-test,o=nowina solutions,cn=external-ca-alternative
11:39:09.005 [pool-7-thread-87] INFO eu.europa.esig.dss.spi.x509.TokenIssuerSelector - The issuer subject name and subject name does not match (more details in debug mode).
11:39:09.005 [pool-7-thread-87] INFO eu.europa.esig.dss.spi.x509.TokenIssuerSelector - CERT ISSUER    : c=lu,ou=pki-test,o=nowina solutions,cn=external-ca
11:39:09.005 [pool-7-thread-87] INFO eu.europa.esig.dss.spi.x509.TokenIssuerSelector - ISSUER SUBJECT : c=lu,ou=pki-test,o=nowina solutions,cn=external-ca-alternative
11:39:09.005 [pool-7-thread-87] INFO eu.europa.esig.dss.spi.x509.TokenIssuerSelector - The issuer subject name and subject name does not match (more details in debug mode).
11:39:09.005 [pool-7-thread-87] INFO eu.europa.esig.dss.spi.x509.TokenIssuerSelector - CERT ISSUER    : c=lu,ou=pki-test,o=nowina solutions,cn=external-ca
11:39:09.005 [pool-7-thread-87] INFO eu.europa.esig.dss.spi.x509.TokenIssuerSelector - ISSUER SUBJECT : c=lu,ou=pki-test,o=nowina solutions,cn=external-ca-alternative
11:39:09.014 [pool-7-thread-86] WARN eu.europa.esig.dss.spi.x509.TokenIssuerSelector - No issuer found for the token creation date. The process continues with an issuer which has the same public key.
11:39:09.016 [pool-7-thread-41] WARN eu.europa.esig.dss.spi.x509.TokenIssuerSelector - No issuer found for the token creation date. The process continues with an issuer which has the same public key.
11:39:09.016 [pool-7-thread-41] WARN eu.europa.esig.dss.spi.x509.TokenIssuerSelector - No issuer found for the token creation date. The process continues with an issuer which has the same public key.
11:39:09.018 [pool-7-thread-41] INFO eu.europa.esig.dss.spi.x509.TokenIssuerSelector - The issuer subject name and subject name does not match (more details in debug mode).
11:39:09.019 [pool-7-thread-41] INFO eu.europa.esig.dss.spi.x509.TokenIssuerSelector - CERT ISSUER    : c=lu,ou=pki-test,o=nowina solutions,cn=external-ca
11:39:09.019 [pool-7-thread-41] INFO eu.europa.esig.dss.spi.x509.TokenIssuerSelector - ISSUER SUBJECT : c=lu,ou=pki-test,o=nowina solutions,cn=external-ca-alternative
11:39:09.019 [pool-7-thread-41] INFO eu.europa.esig.dss.spi.x509.TokenIssuerSelector - The issuer subject name and subject name does not match (more details in debug mode).
11:39:09.019 [pool-7-thread-41] INFO eu.europa.esig.dss.spi.x509.TokenIssuerSelector - CERT ISSUER    : c=lu,ou=pki-test,o=nowina solutions,cn=external-ca
11:39:09.019 [pool-7-thread-41] INFO eu.europa.esig.dss.spi.x509.TokenIssuerSelector - ISSUER SUBJECT : c=lu,ou=pki-test,o=nowina solutions,cn=external-ca-alternative
11:39:09.019 [pool-7-thread-41] INFO eu.europa.esig.dss.spi.x509.TokenIssuerSelector - The issuer subject name and subject name does not match (more details in debug mode).
11:39:09.019 [pool-7-thread-41] INFO eu.europa.esig.dss.spi.x509.TokenIssuerSelector - CERT ISSUER    : c=lu,ou=pki-test,o=nowina solutions,cn=external-ca
11:39:09.019 [pool-7-thread-41] INFO eu.europa.esig.dss.spi.x509.TokenIssuerSelector - ISSUER SUBJECT : c=lu,ou=pki-test,o=nowina solutions,cn=external-ca-alternative
11:39:09.021 [pool-7-thread-77] WARN eu.europa.esig.dss.spi.x509.TokenIssuerSelector - No issuer found for the token creation date. The process continues with an issuer which has the same public key.
11:39:09.021 [pool-7-thread-77] WARN eu.europa.esig.dss.spi.x509.TokenIssuerSelector - No issuer found for the token creation date. The process continues with an issuer which has the same public key.
11:39:09.023 [pool-7-thread-77] INFO eu.europa.esig.dss.spi.x509.TokenIssuerSelector - The issuer subject name and subject name does not match (more details in debug mode).
11:39:09.023 [pool-7-thread-77] INFO eu.europa.esig.dss.spi.x509.TokenIssuerSelector - CERT ISSUER    : c=lu,ou=pki-test,o=nowina solutions,cn=external-ca
11:39:09.023 [pool-7-thread-77] INFO eu.europa.esig.dss.spi.x509.TokenIssuerSelector - ISSUER SUBJECT : c=lu,ou=pki-test,o=nowina solutions,cn=external-ca-alternative
11:39:09.023 [pool-7-thread-77] INFO eu.europa.esig.dss.spi.x509.TokenIssuerSelector - The issuer subject name and subject name does not match (more details in debug mode).
11:39:09.023 [pool-7-thread-77] INFO eu.europa.esig.dss.spi.x509.TokenIssuerSelector - CERT ISSUER    : c=lu,ou=pki-test,o=nowina solutions,cn=external-ca
11:39:09.023 [pool-7-thread-77] INFO eu.europa.esig.dss.spi.x509.TokenIssuerSelector - ISSUER SUBJECT : c=lu,ou=pki-test,o=nowina solutions,cn=external-ca-alternative
11:39:09.023 [pool-7-thread-77] INFO eu.europa.esig.dss.spi.x509.TokenIssuerSelector - The issuer subject name and subject name does not match (more details in debug mode).
11:39:09.023 [pool-7-thread-77] INFO eu.europa.esig.dss.spi.x509.TokenIssuerSelector - CERT ISSUER    : c=lu,ou=pki-test,o=nowina solutions,cn=external-ca
11:39:09.023 [pool-7-thread-77] INFO eu.europa.esig.dss.spi.x509.TokenIssuerSelector - ISSUER SUBJECT : c=lu,ou=pki-test,o=nowina solutions,cn=external-ca-alternative
11:39:09.025 [pool-7-thread-73] WARN eu.europa.esig.dss.spi.x509.TokenIssuerSelector - No issuer found for the token creation date. The process continues with an issuer which has the same public key.
11:39:09.026 [pool-7-thread-73] WARN eu.europa.esig.dss.spi.x509.TokenIssuerSelector - No issuer found for the token creation date. The process continues with an issuer which has the same public key.
11:39:09.027 [pool-7-thread-73] INFO eu.europa.esig.dss.spi.x509.TokenIssuerSelector - The issuer subject name and subject name does not match (more details in debug mode).
11:39:09.027 [pool-7-thread-73] INFO eu.europa.esig.dss.spi.x509.TokenIssuerSelector - CERT ISSUER    : c=lu,ou=pki-test,o=nowina solutions,cn=external-ca
11:39:09.027 [pool-7-thread-73] INFO eu.europa.esig.dss.spi.x509.TokenIssuerSelector - ISSUER SUBJECT : c=lu,ou=pki-test,o=nowina solutions,cn=external-ca-alternative
11:39:09.027 [pool-7-thread-73] INFO eu.europa.esig.dss.spi.x509.TokenIssuerSelector - The issuer subject name and subject name does not match (more details in debug mode).
11:39:09.027 [pool-7-thread-73] INFO eu.europa.esig.dss.spi.x509.TokenIssuerSelector - CERT ISSUER    : c=lu,ou=pki-test,o=nowina solutions,cn=external-ca
11:39:09.027 [pool-7-thread-73] INFO eu.europa.esig.dss.spi.x509.TokenIssuerSelector - ISSUER SUBJECT : c=lu,ou=pki-test,o=nowina solutions,cn=external-ca-alternative
11:39:09.027 [pool-7-thread-73] INFO eu.europa.esig.dss.spi.x509.TokenIssuerSelector - The issuer subject name and subject name does not match (more details in debug mode).
11:39:09.027 [pool-7-thread-73] INFO eu.europa.esig.dss.spi.x509.TokenIssuerSelector - CERT ISSUER    : c=lu,ou=pki-test,o=nowina solutions,cn=external-ca
11:39:09.027 [pool-7-thread-73] INFO eu.europa.esig.dss.spi.x509.TokenIssuerSelector - ISSUER SUBJECT : c=lu,ou=pki-test,o=nowina solutions,cn=external-ca-alternative
11:39:09.028 [pool-7-thread-69] INFO eu.europa.esig.dss.spi.x509.TokenIssuerSelector - The issuer subject name and subject name does not match (more details in debug mode).
11:39:09.028 [pool-7-thread-69] INFO eu.europa.esig.dss.spi.x509.TokenIssuerSelector - CERT ISSUER    : c=lu,ou=pki-test,o=nowina solutions,cn=external-ca
11:39:09.028 [pool-7-thread-69] INFO eu.europa.esig.dss.spi.x509.TokenIssuerSelector - ISSUER SUBJECT : c=lu,ou=pki-test,o=nowina solutions,cn=external-ca-alternative
11:39:09.028 [pool-7-thread-69] INFO eu.europa.esig.dss.spi.x509.TokenIssuerSelector - The issuer subject name and subject name does not match (more details in debug mode).
11:39:09.028 [pool-7-thread-69] INFO eu.europa.esig.dss.spi.x509.TokenIssuerSelector - CERT ISSUER    : c=lu,ou=pki-test,o=nowina solutions,cn=external-ca
11:39:09.028 [pool-7-thread-69] INFO eu.europa.esig.dss.spi.x509.TokenIssuerSelector - ISSUER SUBJECT : c=lu,ou=pki-test,o=nowina solutions,cn=external-ca-alternative
11:39:09.028 [pool-7-thread-69] INFO eu.europa.esig.dss.spi.x509.TokenIssuerSelector - The issuer subject name and subject name does not match (more details in debug mode).
11:39:09.028 [pool-7-thread-69] INFO eu.europa.esig.dss.spi.x509.TokenIssuerSelector - CERT ISSUER    : c=lu,ou=pki-test,o=nowina solutions,cn=external-ca
11:39:09.028 [pool-7-thread-69] INFO eu.europa.esig.dss.spi.x509.TokenIssuerSelector - ISSUER SUBJECT : c=lu,ou=pki-test,o=nowina solutions,cn=external-ca-alternative
11:39:09.029 [pool-7-thread-65] WARN eu.europa.esig.dss.spi.x509.TokenIssuerSelector - No issuer found for the token creation date. The process continues with an issuer which has the same public key.
11:39:09.031 [pool-7-thread-16] WARN eu.europa.esig.dss.spi.x509.TokenIssuerSelector - No issuer found for the token creation date. The process continues with an issuer which has the same public key.
11:39:09.032 [pool-7-thread-69] WARN eu.europa.esig.dss.spi.x509.TokenIssuerSelector - No issuer found for the token creation date. The process continues with an issuer which has the same public key.
11:39:09.033 [pool-7-thread-69] WARN eu.europa.esig.dss.spi.x509.TokenIssuerSelector - No issuer found for the token creation date. The process continues with an issuer which has the same public key.
11:39:09.033 [pool-7-thread-43] WARN eu.europa.esig.dss.spi.x509.TokenIssuerSelector - No issuer found for the token creation date. The process continues with an issuer which has the same public key.
11:39:09.034 [pool-7-thread-43] WARN eu.europa.esig.dss.spi.x509.TokenIssuerSelector - No issuer found for the token creation date. The process continues with an issuer which has the same public key.
11:39:09.036 [pool-7-thread-43] INFO eu.europa.esig.dss.spi.x509.TokenIssuerSelector - The issuer subject name and subject name does not match (more details in debug mode).
11:39:09.036 [pool-7-thread-43] INFO eu.europa.esig.dss.spi.x509.TokenIssuerSelector - CERT ISSUER    : c=lu,ou=pki-test,o=nowina solutions,cn=external-ca
11:39:09.036 [pool-7-thread-43] INFO eu.europa.esig.dss.spi.x509.TokenIssuerSelector - ISSUER SUBJECT : c=lu,ou=pki-test,o=nowina solutions,cn=external-ca-alternative
11:39:09.036 [pool-7-thread-43] INFO eu.europa.esig.dss.spi.x509.TokenIssuerSelector - The issuer subject name and subject name does not match (more details in debug mode).
11:39:09.036 [pool-7-thread-43] INFO eu.europa.esig.dss.spi.x509.TokenIssuerSelector - CERT ISSUER    : c=lu,ou=pki-test,o=nowina solutions,cn=external-ca
11:39:09.036 [pool-7-thread-43] INFO eu.europa.esig.dss.spi.x509.TokenIssuerSelector - ISSUER SUBJECT : c=lu,ou=pki-test,o=nowina solutions,cn=external-ca-alternative
11:39:09.036 [pool-7-thread-43] INFO eu.europa.esig.dss.spi.x509.TokenIssuerSelector - The issuer subject name and subject name does not match (more details in debug mode).
11:39:09.036 [pool-7-thread-43] INFO eu.europa.esig.dss.spi.x509.TokenIssuerSelector - CERT ISSUER    : c=lu,ou=pki-test,o=nowina solutions,cn=external-ca
11:39:09.036 [pool-7-thread-43] INFO eu.europa.esig.dss.spi.x509.TokenIssuerSelector - ISSUER SUBJECT : c=lu,ou=pki-test,o=nowina solutions,cn=external-ca-alternative
11:39:09.041 [pool-7-thread-70] WARN eu.europa.esig.dss.spi.x509.TokenIssuerSelector - No issuer found for the token creation date. The process continues with an issuer which has the same public key.
11:39:09.041 [pool-7-thread-20] WARN eu.europa.esig.dss.spi.x509.TokenIssuerSelector - No issuer found for the token creation date. The process continues with an issuer which has the same public key.
11:39:09.041 [pool-7-thread-1] WARN eu.europa.esig.dss.spi.x509.TokenIssuerSelector - No issuer found for the token creation date. The process continues with an issuer which has the same public key.
11:39:09.044 [pool-7-thread-1] WARN eu.europa.esig.dss.spi.x509.TokenIssuerSelector - No issuer found for the token creation date. The process continues with an issuer which has the same public key.
11:39:09.048 [pool-7-thread-2] INFO eu.europa.esig.dss.spi.x509.TokenIssuerSelector - The issuer subject name and subject name does not match (more details in debug mode).
11:39:09.048 [pool-7-thread-2] INFO eu.europa.esig.dss.spi.x509.TokenIssuerSelector - CERT ISSUER    : c=lu,ou=pki-test,o=nowina solutions,cn=external-ca
11:39:09.048 [pool-7-thread-2] INFO eu.europa.esig.dss.spi.x509.TokenIssuerSelector - ISSUER SUBJECT : c=lu,ou=pki-test,o=nowina solutions,cn=external-ca-alternative
11:39:09.048 [pool-7-thread-38] WARN eu.europa.esig.dss.spi.x509.TokenIssuerSelector - No issuer found for the token creation date. The process continues with an issuer which has the same public key.
11:39:09.048 [pool-7-thread-2] INFO eu.europa.esig.dss.spi.x509.TokenIssuerSelector - The issuer subject name and subject name does not match (more details in debug mode).
11:39:09.049 [pool-7-thread-2] INFO eu.europa.esig.dss.spi.x509.TokenIssuerSelector - CERT ISSUER    : c=lu,ou=pki-test,o=nowina solutions,cn=external-ca
11:39:09.049 [pool-7-thread-2] INFO eu.europa.esig.dss.spi.x509.TokenIssuerSelector - ISSUER SUBJECT : c=lu,ou=pki-test,o=nowina solutions,cn=external-ca-alternative
11:39:09.049 [pool-7-thread-2] INFO eu.europa.esig.dss.spi.x509.TokenIssuerSelector - The issuer subject name and subject name does not match (more details in debug mode).
11:39:09.049 [pool-7-thread-2] INFO eu.europa.esig.dss.spi.x509.TokenIssuerSelector - CERT ISSUER    : c=lu,ou=pki-test,o=nowina solutions,cn=external-ca
11:39:09.049 [pool-7-thread-2] INFO eu.europa.esig.dss.spi.x509.TokenIssuerSelector - ISSUER SUBJECT : c=lu,ou=pki-test,o=nowina solutions,cn=external-ca-alternative
11:39:09.050 [pool-7-thread-38] INFO eu.europa.esig.dss.spi.x509.TokenIssuerSelector - The issuer subject name and subject name does not match (more details in debug mode).
11:39:09.050 [pool-7-thread-38] INFO eu.europa.esig.dss.spi.x509.TokenIssuerSelector - CERT ISSUER    : c=lu,ou=pki-test,o=nowina solutions,cn=external-ca
11:39:09.050 [pool-7-thread-38] INFO eu.europa.esig.dss.spi.x509.TokenIssuerSelector - ISSUER SUBJECT : c=lu,ou=pki-test,o=nowina solutions,cn=external-ca-alternative
11:39:09.051 [pool-7-thread-38] INFO eu.europa.esig.dss.spi.x509.TokenIssuerSelector - The issuer subject name and subject name does not match (more details in debug mode).
11:39:09.051 [pool-7-thread-38] INFO eu.europa.esig.dss.spi.x509.TokenIssuerSelector - CERT ISSUER    : c=lu,ou=pki-test,o=nowina solutions,cn=external-ca
11:39:09.051 [pool-7-thread-38] INFO eu.europa.esig.dss.spi.x509.TokenIssuerSelector - ISSUER SUBJECT : c=lu,ou=pki-test,o=nowina solutions,cn=external-ca-alternative
11:39:09.051 [pool-7-thread-38] INFO eu.europa.esig.dss.spi.x509.TokenIssuerSelector - The issuer subject name and subject name does not match (more details in debug mode).
11:39:09.051 [pool-7-thread-38] INFO eu.europa.esig.dss.spi.x509.TokenIssuerSelector - CERT ISSUER    : c=lu,ou=pki-test,o=nowina solutions,cn=external-ca
11:39:09.051 [pool-7-thread-38] INFO eu.europa.esig.dss.spi.x509.TokenIssuerSelector - ISSUER SUBJECT : c=lu,ou=pki-test,o=nowina solutions,cn=external-ca-alternative
11:39:09.052 [pool-7-thread-42] WARN eu.europa.esig.dss.spi.x509.TokenIssuerSelector - No issuer found for the token creation date. The process continues with an issuer which has the same public key.
11:39:09.053 [pool-7-thread-42] WARN eu.europa.esig.dss.spi.x509.TokenIssuerSelector - No issuer found for the token creation date. The process continues with an issuer which has the same public key.
11:39:09.055 [pool-7-thread-42] INFO eu.europa.esig.dss.spi.x509.TokenIssuerSelector - The issuer subject name and subject name does not match (more details in debug mode).
11:39:09.055 [pool-7-thread-42] INFO eu.europa.esig.dss.spi.x509.TokenIssuerSelector - CERT ISSUER    : c=lu,ou=pki-test,o=nowina solutions,cn=external-ca
11:39:09.055 [pool-7-thread-42] INFO eu.europa.esig.dss.spi.x509.TokenIssuerSelector - ISSUER SUBJECT : c=lu,ou=pki-test,o=nowina solutions,cn=external-ca-alternative
11:39:09.055 [pool-7-thread-42] INFO eu.europa.esig.dss.spi.x509.TokenIssuerSelector - The issuer subject name and subject name does not match (more details in debug mode).
11:39:09.055 [pool-7-thread-42] INFO eu.europa.esig.dss.spi.x509.TokenIssuerSelector - CERT ISSUER    : c=lu,ou=pki-test,o=nowina solutions,cn=external-ca
11:39:09.055 [pool-7-thread-42] INFO eu.europa.esig.dss.spi.x509.TokenIssuerSelector - ISSUER SUBJECT : c=lu,ou=pki-test,o=nowina solutions,cn=external-ca-alternative
11:39:09.055 [pool-7-thread-42] INFO eu.europa.esig.dss.spi.x509.TokenIssuerSelector - The issuer subject name and subject name does not match (more details in debug mode).
11:39:09.055 [pool-7-thread-42] INFO eu.europa.esig.dss.spi.x509.TokenIssuerSelector - CERT ISSUER    : c=lu,ou=pki-test,o=nowina solutions,cn=external-ca
11:39:09.055 [pool-7-thread-42] INFO eu.europa.esig.dss.spi.x509.TokenIssuerSelector - ISSUER SUBJECT : c=lu,ou=pki-test,o=nowina solutions,cn=external-ca-alternative
11:39:09.060 [pool-7-thread-66] WARN eu.europa.esig.dss.spi.x509.TokenIssuerSelector - No issuer found for the token creation date. The process continues with an issuer which has the same public key.
11:39:09.062 [pool-7-thread-66] INFO eu.europa.esig.dss.spi.x509.TokenIssuerSelector - The issuer subject name and subject name does not match (more details in debug mode).
11:39:09.063 [pool-7-thread-66] INFO eu.europa.esig.dss.spi.x509.TokenIssuerSelector - CERT ISSUER    : c=lu,ou=pki-test,o=nowina solutions,cn=external-ca
11:39:09.063 [pool-7-thread-66] INFO eu.europa.esig.dss.spi.x509.TokenIssuerSelector - ISSUER SUBJECT : c=lu,ou=pki-test,o=nowina solutions,cn=external-ca-alternative
11:39:09.063 [pool-7-thread-66] INFO eu.europa.esig.dss.spi.x509.TokenIssuerSelector - The issuer subject name and subject name does not match (more details in debug mode).
11:39:09.063 [pool-7-thread-66] INFO eu.europa.esig.dss.spi.x509.TokenIssuerSelector - CERT ISSUER    : c=lu,ou=pki-test,o=nowina solutions,cn=external-ca
11:39:09.063 [pool-7-thread-66] INFO eu.europa.esig.dss.spi.x509.TokenIssuerSelector - ISSUER SUBJECT : c=lu,ou=pki-test,o=nowina solutions,cn=external-ca-alternative
11:39:09.063 [pool-7-thread-66] INFO eu.europa.esig.dss.spi.x509.TokenIssuerSelector - The issuer subject name and subject name does not match (more details in debug mode).
11:39:09.063 [pool-7-thread-66] INFO eu.europa.esig.dss.spi.x509.TokenIssuerSelector - CERT ISSUER    : c=lu,ou=pki-test,o=nowina solutions,cn=external-ca
11:39:09.063 [pool-7-thread-66] INFO eu.europa.esig.dss.spi.x509.TokenIssuerSelector - ISSUER SUBJECT : c=lu,ou=pki-test,o=nowina solutions,cn=external-ca-alternative
11:39:09.068 [pool-7-thread-78] WARN eu.europa.esig.dss.spi.x509.TokenIssuerSelector - No issuer found for the token creation date. The process continues with an issuer which has the same public key.
11:39:09.075 [pool-7-thread-78] INFO eu.europa.esig.dss.spi.x509.TokenIssuerSelector - The issuer subject name and subject name does not match (more details in debug mode).
11:39:09.076 [pool-7-thread-78] INFO eu.europa.esig.dss.spi.x509.TokenIssuerSelector - CERT ISSUER    : c=lu,ou=pki-test,o=nowina solutions,cn=external-ca
11:39:09.076 [pool-7-thread-78] INFO eu.europa.esig.dss.spi.x509.TokenIssuerSelector - ISSUER SUBJECT : c=lu,ou=pki-test,o=nowina solutions,cn=external-ca-alternative
11:39:09.076 [pool-7-thread-78] INFO eu.europa.esig.dss.spi.x509.TokenIssuerSelector - The issuer subject name and subject name does not match (more details in debug mode).
11:39:09.076 [pool-7-thread-78] INFO eu.europa.esig.dss.spi.x509.TokenIssuerSelector - CERT ISSUER    : c=lu,ou=pki-test,o=nowina solutions,cn=external-ca
11:39:09.076 [pool-7-thread-78] INFO eu.europa.esig.dss.spi.x509.TokenIssuerSelector - ISSUER SUBJECT : c=lu,ou=pki-test,o=nowina solutions,cn=external-ca-alternative
11:39:09.076 [pool-7-thread-78] INFO eu.europa.esig.dss.spi.x509.TokenIssuerSelector - The issuer subject name and subject name does not match (more details in debug mode).
11:39:09.076 [pool-7-thread-78] INFO eu.europa.esig.dss.spi.x509.TokenIssuerSelector - CERT ISSUER    : c=lu,ou=pki-test,o=nowina solutions,cn=external-ca
11:39:09.076 [pool-7-thread-78] INFO eu.europa.esig.dss.spi.x509.TokenIssuerSelector - ISSUER SUBJECT : c=lu,ou=pki-test,o=nowina solutions,cn=external-ca-alternative
11:39:09.079 [pool-7-thread-78] WARN eu.europa.esig.dss.spi.x509.TokenIssuerSelector - No issuer found for the token creation date. The process continues with an issuer which has the same public key.
11:39:09.081 [pool-7-thread-19] WARN eu.europa.esig.dss.spi.x509.TokenIssuerSelector - No issuer found for the token creation date. The process continues with an issuer which has the same public key.
11:39:09.082 [pool-7-thread-19] INFO eu.europa.esig.dss.spi.x509.TokenIssuerSelector - The issuer subject name and subject name does not match (more details in debug mode).
11:39:09.082 [pool-7-thread-19] INFO eu.europa.esig.dss.spi.x509.TokenIssuerSelector - CERT ISSUER    : c=lu,ou=pki-test,o=nowina solutions,cn=external-ca
11:39:09.082 [pool-7-thread-19] INFO eu.europa.esig.dss.spi.x509.TokenIssuerSelector - ISSUER SUBJECT : c=lu,ou=pki-test,o=nowina solutions,cn=external-ca-alternative
11:39:09.082 [pool-7-thread-19] INFO eu.europa.esig.dss.spi.x509.TokenIssuerSelector - The issuer subject name and subject name does not match (more details in debug mode).
11:39:09.082 [pool-7-thread-19] INFO eu.europa.esig.dss.spi.x509.TokenIssuerSelector - CERT ISSUER    : c=lu,ou=pki-test,o=nowina solutions,cn=external-ca
11:39:09.082 [pool-7-thread-19] INFO eu.europa.esig.dss.spi.x509.TokenIssuerSelector - ISSUER SUBJECT : c=lu,ou=pki-test,o=nowina solutions,cn=external-ca-alternative
11:39:09.082 [pool-7-thread-19] INFO eu.europa.esig.dss.spi.x509.TokenIssuerSelector - The issuer subject name and subject name does not match (more details in debug mode).
11:39:09.082 [pool-7-thread-19] INFO eu.europa.esig.dss.spi.x509.TokenIssuerSelector - CERT ISSUER    : c=lu,ou=pki-test,o=nowina solutions,cn=external-ca
11:39:09.082 [pool-7-thread-19] INFO eu.europa.esig.dss.spi.x509.TokenIssuerSelector - ISSUER SUBJECT : c=lu,ou=pki-test,o=nowina solutions,cn=external-ca-alternative
11:39:09.084 [pool-7-thread-9] INFO eu.europa.esig.dss.spi.x509.TokenIssuerSelector - The issuer subject name and subject name does not match (more details in debug mode).
11:39:09.084 [pool-7-thread-9] INFO eu.europa.esig.dss.spi.x509.TokenIssuerSelector - CERT ISSUER    : c=lu,ou=pki-test,o=nowina solutions,cn=external-ca
11:39:09.084 [pool-7-thread-9] INFO eu.europa.esig.dss.spi.x509.TokenIssuerSelector - ISSUER SUBJECT : c=lu,ou=pki-test,o=nowina solutions,cn=external-ca-alternative
11:39:09.084 [pool-7-thread-9] INFO eu.europa.esig.dss.spi.x509.TokenIssuerSelector - The issuer subject name and subject name does not match (more details in debug mode).
11:39:09.084 [pool-7-thread-9] INFO eu.europa.esig.dss.spi.x509.TokenIssuerSelector - CERT ISSUER    : c=lu,ou=pki-test,o=nowina solutions,cn=external-ca
11:39:09.084 [pool-7-thread-9] INFO eu.europa.esig.dss.spi.x509.TokenIssuerSelector - ISSUER SUBJECT : c=lu,ou=pki-test,o=nowina solutions,cn=external-ca-alternative
11:39:09.084 [pool-7-thread-9] INFO eu.europa.esig.dss.spi.x509.TokenIssuerSelector - The issuer subject name and subject name does not match (more details in debug mode).
11:39:09.084 [pool-7-thread-9] INFO eu.europa.esig.dss.spi.x509.TokenIssuerSelector - CERT ISSUER    : c=lu,ou=pki-test,o=nowina solutions,cn=external-ca
11:39:09.084 [pool-7-thread-9] INFO eu.europa.esig.dss.spi.x509.TokenIssuerSelector - ISSUER SUBJECT : c=lu,ou=pki-test,o=nowina solutions,cn=external-ca-alternative
11:39:09.085 [pool-7-thread-19] WARN eu.europa.esig.dss.spi.x509.TokenIssuerSelector - No issuer found for the token creation date. The process continues with an issuer which has the same public key.
11:39:09.087 [pool-7-thread-37] WARN eu.europa.esig.dss.spi.x509.TokenIssuerSelector - No issuer found for the token creation date. The process continues with an issuer which has the same public key.
11:39:09.091 [pool-7-thread-50] WARN eu.europa.esig.dss.spi.x509.TokenIssuerSelector - No issuer found for the token creation date. The process continues with an issuer which has the same public key.
11:39:09.092 [pool-7-thread-50] WARN eu.europa.esig.dss.spi.x509.TokenIssuerSelector - No issuer found for the token creation date. The process continues with an issuer which has the same public key.
11:39:09.094 [pool-7-thread-60] WARN eu.europa.esig.dss.spi.x509.TokenIssuerSelector - No issuer found for the token creation date. The process continues with an issuer which has the same public key.
11:39:09.095 [pool-7-thread-54] WARN eu.europa.esig.dss.spi.x509.TokenIssuerSelector - No issuer found for the token creation date. The process continues with an issuer which has the same public key.
11:39:09.095 [pool-7-thread-54] WARN eu.europa.esig.dss.spi.x509.TokenIssuerSelector - No issuer found for the token creation date. The process continues with an issuer which has the same public key.
11:39:09.097 [pool-7-thread-54] INFO eu.europa.esig.dss.spi.x509.TokenIssuerSelector - The issuer subject name and subject name does not match (more details in debug mode).
11:39:09.097 [pool-7-thread-54] INFO eu.europa.esig.dss.spi.x509.TokenIssuerSelector - CERT ISSUER    : c=lu,ou=pki-test,o=nowina solutions,cn=external-ca
11:39:09.097 [pool-7-thread-54] INFO eu.europa.esig.dss.spi.x509.TokenIssuerSelector - ISSUER SUBJECT : c=lu,ou=pki-test,o=nowina solutions,cn=external-ca-alternative
11:39:09.097 [pool-7-thread-54] INFO eu.europa.esig.dss.spi.x509.TokenIssuerSelector - The issuer subject name and subject name does not match (more details in debug mode).
11:39:09.097 [pool-7-thread-54] INFO eu.europa.esig.dss.spi.x509.TokenIssuerSelector - CERT ISSUER    : c=lu,ou=pki-test,o=nowina solutions,cn=external-ca
11:39:09.097 [pool-7-thread-54] INFO eu.europa.esig.dss.spi.x509.TokenIssuerSelector - ISSUER SUBJECT : c=lu,ou=pki-test,o=nowina solutions,cn=external-ca-alternative
11:39:09.097 [pool-7-thread-54] INFO eu.europa.esig.dss.spi.x509.TokenIssuerSelector - The issuer subject name and subject name does not match (more details in debug mode).
11:39:09.097 [pool-7-thread-54] INFO eu.europa.esig.dss.spi.x509.TokenIssuerSelector - CERT ISSUER    : c=lu,ou=pki-test,o=nowina solutions,cn=external-ca
11:39:09.097 [pool-7-thread-54] INFO eu.europa.esig.dss.spi.x509.TokenIssuerSelector - ISSUER SUBJECT : c=lu,ou=pki-test,o=nowina solutions,cn=external-ca-alternative
11:39:09.101 [pool-7-thread-54] WARN eu.europa.esig.dss.spi.x509.TokenIssuerSelector - No issuer found for the token creation date. The process continues with an issuer which has the same public key.
11:39:09.102 [pool-7-thread-54] WARN eu.europa.esig.dss.spi.x509.TokenIssuerSelector - No issuer found for the token creation date. The process continues with an issuer which has the same public key.
11:39:09.104 [pool-7-thread-7] WARN eu.europa.esig.dss.spi.x509.TokenIssuerSelector - No issuer found for the token creation date. The process continues with an issuer which has the same public key.
11:39:09.105 [pool-7-thread-7] INFO eu.europa.esig.dss.spi.x509.TokenIssuerSelector - The issuer subject name and subject name does not match (more details in debug mode).
11:39:09.105 [pool-7-thread-7] INFO eu.europa.esig.dss.spi.x509.TokenIssuerSelector - CERT ISSUER    : c=lu,ou=pki-test,o=nowina solutions,cn=external-ca
11:39:09.105 [pool-7-thread-7] INFO eu.europa.esig.dss.spi.x509.TokenIssuerSelector - ISSUER SUBJECT : c=lu,ou=pki-test,o=nowina solutions,cn=external-ca-alternative
11:39:09.105 [pool-7-thread-7] INFO eu.europa.esig.dss.spi.x509.TokenIssuerSelector - The issuer subject name and subject name does not match (more details in debug mode).
11:39:09.105 [pool-7-thread-7] INFO eu.europa.esig.dss.spi.x509.TokenIssuerSelector - CERT ISSUER    : c=lu,ou=pki-test,o=nowina solutions,cn=external-ca
11:39:09.105 [pool-7-thread-7] INFO eu.europa.esig.dss.spi.x509.TokenIssuerSelector - ISSUER SUBJECT : c=lu,ou=pki-test,o=nowina solutions,cn=external-ca-alternative
11:39:09.105 [pool-7-thread-7] INFO eu.europa.esig.dss.spi.x509.TokenIssuerSelector - The issuer subject name and subject name does not match (more details in debug mode).
11:39:09.105 [pool-7-thread-7] INFO eu.europa.esig.dss.spi.x509.TokenIssuerSelector - CERT ISSUER    : c=lu,ou=pki-test,o=nowina solutions,cn=external-ca
11:39:09.105 [pool-7-thread-7] INFO eu.europa.esig.dss.spi.x509.TokenIssuerSelector - ISSUER SUBJECT : c=lu,ou=pki-test,o=nowina solutions,cn=external-ca-alternative
11:39:09.107 [pool-7-thread-12] WARN eu.europa.esig.dss.spi.x509.TokenIssuerSelector - No issuer found for the token creation date. The process continues with an issuer which has the same public key.
11:39:09.108 [pool-7-thread-15] WARN eu.europa.esig.dss.spi.x509.TokenIssuerSelector - No issuer found for the token creation date. The process continues with an issuer which has the same public key.
11:39:09.110 [pool-7-thread-15] WARN eu.europa.esig.dss.spi.x509.TokenIssuerSelector - No issuer found for the token creation date. The process continues with an issuer which has the same public key.
11:39:09.112 [pool-7-thread-49] WARN eu.europa.esig.dss.spi.x509.TokenIssuerSelector - No issuer found for the token creation date. The process continues with an issuer which has the same public key.
11:39:09.115 [pool-7-thread-27] INFO eu.europa.esig.dss.spi.x509.TokenIssuerSelector - The issuer subject name and subject name does not match (more details in debug mode).
11:39:09.115 [pool-7-thread-27] INFO eu.europa.esig.dss.spi.x509.TokenIssuerSelector - CERT ISSUER    : c=lu,ou=pki-test,o=nowina solutions,cn=external-ca
11:39:09.115 [pool-7-thread-27] INFO eu.europa.esig.dss.spi.x509.TokenIssuerSelector - ISSUER SUBJECT : c=lu,ou=pki-test,o=nowina solutions,cn=external-ca-alternative
11:39:09.115 [pool-7-thread-27] INFO eu.europa.esig.dss.spi.x509.TokenIssuerSelector - The issuer subject name and subject name does not match (more details in debug mode).
11:39:09.115 [pool-7-thread-27] INFO eu.europa.esig.dss.spi.x509.TokenIssuerSelector - CERT ISSUER    : c=lu,ou=pki-test,o=nowina solutions,cn=external-ca
11:39:09.115 [pool-7-thread-27] INFO eu.europa.esig.dss.spi.x509.TokenIssuerSelector - ISSUER SUBJECT : c=lu,ou=pki-test,o=nowina solutions,cn=external-ca-alternative
11:39:09.115 [pool-7-thread-27] INFO eu.europa.esig.dss.spi.x509.TokenIssuerSelector - The issuer subject name and subject name does not match (more details in debug mode).
11:39:09.115 [pool-7-thread-27] INFO eu.europa.esig.dss.spi.x509.TokenIssuerSelector - CERT ISSUER    : c=lu,ou=pki-test,o=nowina solutions,cn=external-ca
11:39:09.115 [pool-7-thread-27] INFO eu.europa.esig.dss.spi.x509.TokenIssuerSelector - ISSUER SUBJECT : c=lu,ou=pki-test,o=nowina solutions,cn=external-ca-alternative
11:39:09.120 [pool-7-thread-27] WARN eu.europa.esig.dss.spi.x509.TokenIssuerSelector - No issuer found for the token creation date. The process continues with an issuer which has the same public key.
11:39:09.121 [pool-7-thread-27] WARN eu.europa.esig.dss.spi.x509.TokenIssuerSelector - No issuer found for the token creation date. The process continues with an issuer which has the same public key.
11:39:09.125 [pool-7-thread-27] INFO eu.europa.esig.dss.spi.x509.TokenIssuerSelector - The issuer subject name and subject name does not match (more details in debug mode).
11:39:09.125 [pool-7-thread-27] INFO eu.europa.esig.dss.spi.x509.TokenIssuerSelector - CERT ISSUER    : c=lu,ou=pki-test,o=nowina solutions,cn=external-ca
11:39:09.125 [pool-7-thread-27] INFO eu.europa.esig.dss.spi.x509.TokenIssuerSelector - ISSUER SUBJECT : c=lu,ou=pki-test,o=nowina solutions,cn=external-ca-alternative
11:39:09.126 [pool-7-thread-27] INFO eu.europa.esig.dss.spi.x509.TokenIssuerSelector - The issuer subject name and subject name does not match (more details in debug mode).
11:39:09.126 [pool-7-thread-27] INFO eu.europa.esig.dss.spi.x509.TokenIssuerSelector - CERT ISSUER    : c=lu,ou=pki-test,o=nowina solutions,cn=external-ca
11:39:09.126 [pool-7-thread-27] INFO eu.europa.esig.dss.spi.x509.TokenIssuerSelector - ISSUER SUBJECT : c=lu,ou=pki-test,o=nowina solutions,cn=external-ca-alternative
11:39:09.126 [pool-7-thread-27] INFO eu.europa.esig.dss.spi.x509.TokenIssuerSelector - The issuer subject name and subject name does not match (more details in debug mode).
11:39:09.126 [pool-7-thread-27] INFO eu.europa.esig.dss.spi.x509.TokenIssuerSelector - CERT ISSUER    : c=lu,ou=pki-test,o=nowina solutions,cn=external-ca
11:39:09.126 [pool-7-thread-27] INFO eu.europa.esig.dss.spi.x509.TokenIssuerSelector - ISSUER SUBJECT : c=lu,ou=pki-test,o=nowina solutions,cn=external-ca-alternative
11:39:09.132 [pool-7-thread-47] WARN eu.europa.esig.dss.spi.x509.TokenIssuerSelector - No issuer found for the token creation date. The process continues with an issuer which has the same public key.
11:39:09.133 [pool-7-thread-47] WARN eu.europa.esig.dss.spi.x509.TokenIssuerSelector - No issuer found for the token creation date. The process continues with an issuer which has the same public key.
11:39:09.135 [pool-7-thread-47] INFO eu.europa.esig.dss.spi.x509.TokenIssuerSelector - The issuer subject name and subject name does not match (more details in debug mode).
11:39:09.135 [pool-7-thread-47] INFO eu.europa.esig.dss.spi.x509.TokenIssuerSelector - CERT ISSUER    : c=lu,ou=pki-test,o=nowina solutions,cn=external-ca
11:39:09.135 [pool-7-thread-47] INFO eu.europa.esig.dss.spi.x509.TokenIssuerSelector - ISSUER SUBJECT : c=lu,ou=pki-test,o=nowina solutions,cn=external-ca-alternative
11:39:09.135 [pool-7-thread-47] INFO eu.europa.esig.dss.spi.x509.TokenIssuerSelector - The issuer subject name and subject name does not match (more details in debug mode).
11:39:09.135 [pool-7-thread-47] INFO eu.europa.esig.dss.spi.x509.TokenIssuerSelector - CERT ISSUER    : c=lu,ou=pki-test,o=nowina solutions,cn=external-ca
11:39:09.135 [pool-7-thread-47] INFO eu.europa.esig.dss.spi.x509.TokenIssuerSelector - ISSUER SUBJECT : c=lu,ou=pki-test,o=nowina solutions,cn=external-ca-alternative
11:39:09.135 [pool-7-thread-47] INFO eu.europa.esig.dss.spi.x509.TokenIssuerSelector - The issuer subject name and subject name does not match (more details in debug mode).
11:39:09.136 [pool-7-thread-47] INFO eu.europa.esig.dss.spi.x509.TokenIssuerSelector - CERT ISSUER    : c=lu,ou=pki-test,o=nowina solutions,cn=external-ca
11:39:09.136 [pool-7-thread-47] INFO eu.europa.esig.dss.spi.x509.TokenIssuerSelector - ISSUER SUBJECT : c=lu,ou=pki-test,o=nowina solutions,cn=external-ca-alternative
11:39:09.137 [pool-7-thread-51] INFO eu.europa.esig.dss.spi.x509.TokenIssuerSelector - The issuer subject name and subject name does not match (more details in debug mode).
11:39:09.137 [pool-7-thread-51] INFO eu.europa.esig.dss.spi.x509.TokenIssuerSelector - CERT ISSUER    : c=lu,ou=pki-test,o=nowina solutions,cn=external-ca
11:39:09.137 [pool-7-thread-51] INFO eu.europa.esig.dss.spi.x509.TokenIssuerSelector - ISSUER SUBJECT : c=lu,ou=pki-test,o=nowina solutions,cn=external-ca-alternative
11:39:09.137 [pool-7-thread-51] INFO eu.europa.esig.dss.spi.x509.TokenIssuerSelector - The issuer subject name and subject name does not match (more details in debug mode).
11:39:09.137 [pool-7-thread-51] INFO eu.europa.esig.dss.spi.x509.TokenIssuerSelector - CERT ISSUER    : c=lu,ou=pki-test,o=nowina solutions,cn=external-ca
11:39:09.137 [pool-7-thread-51] INFO eu.europa.esig.dss.spi.x509.TokenIssuerSelector - ISSUER SUBJECT : c=lu,ou=pki-test,o=nowina solutions,cn=external-ca-alternative
11:39:09.137 [pool-7-thread-51] INFO eu.europa.esig.dss.spi.x509.TokenIssuerSelector - The issuer subject name and subject name does not match (more details in debug mode).
11:39:09.137 [pool-7-thread-51] INFO eu.europa.esig.dss.spi.x509.TokenIssuerSelector - CERT ISSUER    : c=lu,ou=pki-test,o=nowina solutions,cn=external-ca
11:39:09.137 [pool-7-thread-51] INFO eu.europa.esig.dss.spi.x509.TokenIssuerSelector - ISSUER SUBJECT : c=lu,ou=pki-test,o=nowina solutions,cn=external-ca-alternative
11:39:09.139 [pool-7-thread-47] WARN eu.europa.esig.dss.spi.x509.TokenIssuerSelector - No issuer found for the token creation date. The process continues with an issuer which has the same public key.
11:39:09.139 [pool-7-thread-48] WARN eu.europa.esig.dss.spi.x509.TokenIssuerSelector - No issuer found for the token creation date. The process continues with an issuer which has the same public key.
11:39:09.141 [pool-7-thread-48] INFO eu.europa.esig.dss.spi.x509.TokenIssuerSelector - The issuer subject name and subject name does not match (more details in debug mode).
11:39:09.141 [pool-7-thread-48] INFO eu.europa.esig.dss.spi.x509.TokenIssuerSelector - CERT ISSUER    : c=lu,ou=pki-test,o=nowina solutions,cn=external-ca
11:39:09.141 [pool-7-thread-48] INFO eu.europa.esig.dss.spi.x509.TokenIssuerSelector - ISSUER SUBJECT : c=lu,ou=pki-test,o=nowina solutions,cn=external-ca-alternative
11:39:09.141 [pool-7-thread-48] INFO eu.europa.esig.dss.spi.x509.TokenIssuerSelector - The issuer subject name and subject name does not match (more details in debug mode).
11:39:09.141 [pool-7-thread-48] INFO eu.europa.esig.dss.spi.x509.TokenIssuerSelector - CERT ISSUER    : c=lu,ou=pki-test,o=nowina solutions,cn=external-ca
11:39:09.141 [pool-7-thread-48] INFO eu.europa.esig.dss.spi.x509.TokenIssuerSelector - ISSUER SUBJECT : c=lu,ou=pki-test,o=nowina solutions,cn=external-ca-alternative
11:39:09.141 [pool-7-thread-48] INFO eu.europa.esig.dss.spi.x509.TokenIssuerSelector - The issuer subject name and subject name does not match (more details in debug mode).
11:39:09.141 [pool-7-thread-48] INFO eu.europa.esig.dss.spi.x509.TokenIssuerSelector - CERT ISSUER    : c=lu,ou=pki-test,o=nowina solutions,cn=external-ca
11:39:09.141 [pool-7-thread-48] INFO eu.europa.esig.dss.spi.x509.TokenIssuerSelector - ISSUER SUBJECT : c=lu,ou=pki-test,o=nowina solutions,cn=external-ca-alternative
11:39:09.144 [pool-7-thread-48] WARN eu.europa.esig.dss.spi.x509.TokenIssuerSelector - No issuer found for the token creation date. The process continues with an issuer which has the same public key.
11:39:09.144 [pool-7-thread-48] WARN eu.europa.esig.dss.spi.x509.TokenIssuerSelector - No issuer found for the token creation date. The process continues with an issuer which has the same public key.
11:39:09.147 [pool-7-thread-48] INFO eu.europa.esig.dss.spi.x509.TokenIssuerSelector - The issuer subject name and subject name does not match (more details in debug mode).
11:39:09.147 [pool-7-thread-48] INFO eu.europa.esig.dss.spi.x509.TokenIssuerSelector - CERT ISSUER    : c=lu,ou=pki-test,o=nowina solutions,cn=external-ca
11:39:09.147 [pool-7-thread-48] INFO eu.europa.esig.dss.spi.x509.TokenIssuerSelector - ISSUER SUBJECT : c=lu,ou=pki-test,o=nowina solutions,cn=external-ca-alternative
11:39:09.147 [pool-7-thread-48] INFO eu.europa.esig.dss.spi.x509.TokenIssuerSelector - The issuer subject name and subject name does not match (more details in debug mode).
11:39:09.147 [pool-7-thread-48] INFO eu.europa.esig.dss.spi.x509.TokenIssuerSelector - CERT ISSUER    : c=lu,ou=pki-test,o=nowina solutions,cn=external-ca
11:39:09.147 [pool-7-thread-48] INFO eu.europa.esig.dss.spi.x509.TokenIssuerSelector - ISSUER SUBJECT : c=lu,ou=pki-test,o=nowina solutions,cn=external-ca-alternative
11:39:09.147 [pool-7-thread-48] INFO eu.europa.esig.dss.spi.x509.TokenIssuerSelector - The issuer subject name and subject name does not match (more details in debug mode).
11:39:09.147 [pool-7-thread-48] INFO eu.europa.esig.dss.spi.x509.TokenIssuerSelector - CERT ISSUER    : c=lu,ou=pki-test,o=nowina solutions,cn=external-ca
11:39:09.147 [pool-7-thread-48] INFO eu.europa.esig.dss.spi.x509.TokenIssuerSelector - ISSUER SUBJECT : c=lu,ou=pki-test,o=nowina solutions,cn=external-ca-alternative
11:39:09.149 [pool-7-thread-61] WARN eu.europa.esig.dss.spi.x509.TokenIssuerSelector - No issuer found for the token creation date. The process continues with an issuer which has the same public key.
11:39:09.151 [pool-7-thread-57] WARN eu.europa.esig.dss.spi.x509.TokenIssuerSelector - No issuer found for the token creation date. The process continues with an issuer which has the same public key.
11:39:09.153 [pool-7-thread-57] INFO eu.europa.esig.dss.spi.x509.TokenIssuerSelector - The issuer subject name and subject name does not match (more details in debug mode).
11:39:09.154 [pool-7-thread-57] INFO eu.europa.esig.dss.spi.x509.TokenIssuerSelector - CERT ISSUER    : c=lu,ou=pki-test,o=nowina solutions,cn=external-ca
11:39:09.154 [pool-7-thread-57] INFO eu.europa.esig.dss.spi.x509.TokenIssuerSelector - ISSUER SUBJECT : c=lu,ou=pki-test,o=nowina solutions,cn=external-ca-alternative
11:39:09.154 [pool-7-thread-57] INFO eu.europa.esig.dss.spi.x509.TokenIssuerSelector - The issuer subject name and subject name does not match (more details in debug mode).
11:39:09.154 [pool-7-thread-57] INFO eu.europa.esig.dss.spi.x509.TokenIssuerSelector - CERT ISSUER    : c=lu,ou=pki-test,o=nowina solutions,cn=external-ca
11:39:09.154 [pool-7-thread-57] INFO eu.europa.esig.dss.spi.x509.TokenIssuerSelector - ISSUER SUBJECT : c=lu,ou=pki-test,o=nowina solutions,cn=external-ca-alternative
11:39:09.154 [pool-7-thread-57] INFO eu.europa.esig.dss.spi.x509.TokenIssuerSelector - The issuer subject name and subject name does not match (more details in debug mode).
11:39:09.154 [pool-7-thread-57] INFO eu.europa.esig.dss.spi.x509.TokenIssuerSelector - CERT ISSUER    : c=lu,ou=pki-test,o=nowina solutions,cn=external-ca
11:39:09.154 [pool-7-thread-57] INFO eu.europa.esig.dss.spi.x509.TokenIssuerSelector - ISSUER SUBJECT : c=lu,ou=pki-test,o=nowina solutions,cn=external-ca-alternative
11:39:09.157 [pool-7-thread-53] WARN eu.europa.esig.dss.spi.x509.TokenIssuerSelector - No issuer found for the token creation date. The process continues with an issuer which has the same public key.
11:39:09.157 [pool-7-thread-56] WARN eu.europa.esig.dss.spi.x509.TokenIssuerSelector - No issuer found for the token creation date. The process continues with an issuer which has the same public key.
11:39:09.158 [pool-7-thread-24] WARN eu.europa.esig.dss.spi.x509.TokenIssuerSelector - No issuer found for the token creation date. The process continues with an issuer which has the same public key.
11:39:09.169 [pool-7-thread-17] WARN eu.europa.esig.dss.spi.x509.TokenIssuerSelector - No issuer found for the token creation date. The process continues with an issuer which has the same public key.
11:39:09.170 [pool-7-thread-56] WARN eu.europa.esig.dss.spi.x509.TokenIssuerSelector - No issuer found for the token creation date. The process continues with an issuer which has the same public key.
11:39:09.171 [pool-7-thread-24] INFO eu.europa.esig.dss.spi.x509.TokenIssuerSelector - The issuer subject name and subject name does not match (more details in debug mode).
11:39:09.171 [pool-7-thread-24] INFO eu.europa.esig.dss.spi.x509.TokenIssuerSelector - CERT ISSUER    : c=lu,ou=pki-test,o=nowina solutions,cn=external-ca
11:39:09.171 [pool-7-thread-24] INFO eu.europa.esig.dss.spi.x509.TokenIssuerSelector - ISSUER SUBJECT : c=lu,ou=pki-test,o=nowina solutions,cn=external-ca-alternative
11:39:09.171 [pool-7-thread-24] INFO eu.europa.esig.dss.spi.x509.TokenIssuerSelector - The issuer subject name and subject name does not match (more details in debug mode).
11:39:09.171 [pool-7-thread-24] INFO eu.europa.esig.dss.spi.x509.TokenIssuerSelector - CERT ISSUER    : c=lu,ou=pki-test,o=nowina solutions,cn=external-ca
11:39:09.171 [pool-7-thread-24] INFO eu.europa.esig.dss.spi.x509.TokenIssuerSelector - ISSUER SUBJECT : c=lu,ou=pki-test,o=nowina solutions,cn=external-ca-alternative
11:39:09.171 [pool-7-thread-24] INFO eu.europa.esig.dss.spi.x509.TokenIssuerSelector - The issuer subject name and subject name does not match (more details in debug mode).
11:39:09.171 [pool-7-thread-24] INFO eu.europa.esig.dss.spi.x509.TokenIssuerSelector - CERT ISSUER    : c=lu,ou=pki-test,o=nowina solutions,cn=external-ca
11:39:09.171 [pool-7-thread-24] INFO eu.europa.esig.dss.spi.x509.TokenIssuerSelector - ISSUER SUBJECT : c=lu,ou=pki-test,o=nowina solutions,cn=external-ca-alternative
11:39:09.172 [pool-7-thread-56] INFO eu.europa.esig.dss.spi.x509.TokenIssuerSelector - The issuer subject name and subject name does not match (more details in debug mode).
11:39:09.172 [pool-7-thread-56] INFO eu.europa.esig.dss.spi.x509.TokenIssuerSelector - CERT ISSUER    : c=lu,ou=pki-test,o=nowina solutions,cn=external-ca
11:39:09.172 [pool-7-thread-56] INFO eu.europa.esig.dss.spi.x509.TokenIssuerSelector - ISSUER SUBJECT : c=lu,ou=pki-test,o=nowina solutions,cn=external-ca-alternative
11:39:09.172 [pool-7-thread-56] INFO eu.europa.esig.dss.spi.x509.TokenIssuerSelector - The issuer subject name and subject name does not match (more details in debug mode).
11:39:09.172 [pool-7-thread-56] INFO eu.europa.esig.dss.spi.x509.TokenIssuerSelector - CERT ISSUER    : c=lu,ou=pki-test,o=nowina solutions,cn=external-ca
11:39:09.172 [pool-7-thread-56] INFO eu.europa.esig.dss.spi.x509.TokenIssuerSelector - ISSUER SUBJECT : c=lu,ou=pki-test,o=nowina solutions,cn=external-ca-alternative
11:39:09.172 [pool-7-thread-56] INFO eu.europa.esig.dss.spi.x509.TokenIssuerSelector - The issuer subject name and subject name does not match (more details in debug mode).
11:39:09.172 [pool-7-thread-56] INFO eu.europa.esig.dss.spi.x509.TokenIssuerSelector - CERT ISSUER    : c=lu,ou=pki-test,o=nowina solutions,cn=external-ca
11:39:09.172 [pool-7-thread-56] INFO eu.europa.esig.dss.spi.x509.TokenIssuerSelector - ISSUER SUBJECT : c=lu,ou=pki-test,o=nowina solutions,cn=external-ca-alternative
11:39:09.174 [pool-7-thread-57] WARN eu.europa.esig.dss.spi.x509.TokenIssuerSelector - No issuer found for the token creation date. The process continues with an issuer which has the same public key.
11:39:09.184 [pool-7-thread-57] WARN eu.europa.esig.dss.spi.x509.TokenIssuerSelector - No issuer found for the token creation date. The process continues with an issuer which has the same public key.
11:39:09.186 [pool-7-thread-57] INFO eu.europa.esig.dss.spi.x509.TokenIssuerSelector - The issuer subject name and subject name does not match (more details in debug mode).
11:39:09.186 [pool-7-thread-57] INFO eu.europa.esig.dss.spi.x509.TokenIssuerSelector - CERT ISSUER    : c=lu,ou=pki-test,o=nowina solutions,cn=external-ca
11:39:09.186 [pool-7-thread-57] INFO eu.europa.esig.dss.spi.x509.TokenIssuerSelector - ISSUER SUBJECT : c=lu,ou=pki-test,o=nowina solutions,cn=external-ca-alternative
11:39:09.186 [pool-7-thread-57] INFO eu.europa.esig.dss.spi.x509.TokenIssuerSelector - The issuer subject name and subject name does not match (more details in debug mode).
11:39:09.186 [pool-7-thread-57] INFO eu.europa.esig.dss.spi.x509.TokenIssuerSelector - CERT ISSUER    : c=lu,ou=pki-test,o=nowina solutions,cn=external-ca
11:39:09.186 [pool-7-thread-57] INFO eu.europa.esig.dss.spi.x509.TokenIssuerSelector - ISSUER SUBJECT : c=lu,ou=pki-test,o=nowina solutions,cn=external-ca-alternative
11:39:09.186 [pool-7-thread-57] INFO eu.europa.esig.dss.spi.x509.TokenIssuerSelector - The issuer subject name and subject name does not match (more details in debug mode).
11:39:09.186 [pool-7-thread-57] INFO eu.europa.esig.dss.spi.x509.TokenIssuerSelector - CERT ISSUER    : c=lu,ou=pki-test,o=nowina solutions,cn=external-ca
11:39:09.186 [pool-7-thread-57] INFO eu.europa.esig.dss.spi.x509.TokenIssuerSelector - ISSUER SUBJECT : c=lu,ou=pki-test,o=nowina solutions,cn=external-ca-alternative
11:39:09.186 [pool-7-thread-53] WARN eu.europa.esig.dss.spi.x509.TokenIssuerSelector - No issuer found for the token creation date. The process continues with an issuer which has the same public key.
11:39:09.188 [pool-7-thread-53] INFO eu.europa.esig.dss.spi.x509.TokenIssuerSelector - The issuer subject name and subject name does not match (more details in debug mode).
11:39:09.188 [pool-7-thread-53] INFO eu.europa.esig.dss.spi.x509.TokenIssuerSelector - CERT ISSUER    : c=lu,ou=pki-test,o=nowina solutions,cn=external-ca
11:39:09.188 [pool-7-thread-53] INFO eu.europa.esig.dss.spi.x509.TokenIssuerSelector - ISSUER SUBJECT : c=lu,ou=pki-test,o=nowina solutions,cn=external-ca-alternative
11:39:09.188 [pool-7-thread-53] INFO eu.europa.esig.dss.spi.x509.TokenIssuerSelector - The issuer subject name and subject name does not match (more details in debug mode).
11:39:09.188 [pool-7-thread-53] INFO eu.europa.esig.dss.spi.x509.TokenIssuerSelector - CERT ISSUER    : c=lu,ou=pki-test,o=nowina solutions,cn=external-ca
11:39:09.188 [pool-7-thread-53] INFO eu.europa.esig.dss.spi.x509.TokenIssuerSelector - ISSUER SUBJECT : c=lu,ou=pki-test,o=nowina solutions,cn=external-ca-alternative
11:39:09.188 [pool-7-thread-53] INFO eu.europa.esig.dss.spi.x509.TokenIssuerSelector - The issuer subject name and subject name does not match (more details in debug mode).
11:39:09.188 [pool-7-thread-53] INFO eu.europa.esig.dss.spi.x509.TokenIssuerSelector - CERT ISSUER    : c=lu,ou=pki-test,o=nowina solutions,cn=external-ca
11:39:09.188 [pool-7-thread-53] INFO eu.europa.esig.dss.spi.x509.TokenIssuerSelector - ISSUER SUBJECT : c=lu,ou=pki-test,o=nowina solutions,cn=external-ca-alternative
11:39:09.189 [pool-7-thread-57] WARN eu.europa.esig.dss.spi.x509.TokenIssuerSelector - No issuer found for the token creation date. The process continues with an issuer which has the same public key.
11:39:09.189 [pool-7-thread-57] WARN eu.europa.esig.dss.spi.x509.TokenIssuerSelector - No issuer found for the token creation date. The process continues with an issuer which has the same public key.
11:39:09.192 [pool-7-thread-57] INFO eu.europa.esig.dss.spi.x509.TokenIssuerSelector - The issuer subject name and subject name does not match (more details in debug mode).
11:39:09.192 [pool-7-thread-57] INFO eu.europa.esig.dss.spi.x509.TokenIssuerSelector - CERT ISSUER    : c=lu,ou=pki-test,o=nowina solutions,cn=external-ca
11:39:09.192 [pool-7-thread-57] INFO eu.europa.esig.dss.spi.x509.TokenIssuerSelector - ISSUER SUBJECT : c=lu,ou=pki-test,o=nowina solutions,cn=external-ca-alternative
11:39:09.192 [pool-7-thread-57] INFO eu.europa.esig.dss.spi.x509.TokenIssuerSelector - The issuer subject name and subject name does not match (more details in debug mode).
11:39:09.192 [pool-7-thread-57] INFO eu.europa.esig.dss.spi.x509.TokenIssuerSelector - CERT ISSUER    : c=lu,ou=pki-test,o=nowina solutions,cn=external-ca
11:39:09.192 [pool-7-thread-57] INFO eu.europa.esig.dss.spi.x509.TokenIssuerSelector - ISSUER SUBJECT : c=lu,ou=pki-test,o=nowina solutions,cn=external-ca-alternative
11:39:09.192 [pool-7-thread-57] INFO eu.europa.esig.dss.spi.x509.TokenIssuerSelector - The issuer subject name and subject name does not match (more details in debug mode).
11:39:09.192 [pool-7-thread-57] INFO eu.europa.esig.dss.spi.x509.TokenIssuerSelector - CERT ISSUER    : c=lu,ou=pki-test,o=nowina solutions,cn=external-ca
11:39:09.192 [pool-7-thread-57] INFO eu.europa.esig.dss.spi.x509.TokenIssuerSelector - ISSUER SUBJECT : c=lu,ou=pki-test,o=nowina solutions,cn=external-ca-alternative
11:39:09.192 [pool-7-thread-25] WARN eu.europa.esig.dss.spi.x509.TokenIssuerSelector - No issuer found for the token creation date. The process continues with an issuer which has the same public key.
11:39:09.194 [pool-7-thread-25] WARN eu.europa.esig.dss.spi.x509.TokenIssuerSelector - No issuer found for the token creation date. The process continues with an issuer which has the same public key.
11:39:09.197 [pool-7-thread-25] INFO eu.europa.esig.dss.spi.x509.TokenIssuerSelector - The issuer subject name and subject name does not match (more details in debug mode).
11:39:09.197 [pool-7-thread-25] INFO eu.europa.esig.dss.spi.x509.TokenIssuerSelector - CERT ISSUER    : c=lu,ou=pki-test,o=nowina solutions,cn=external-ca
11:39:09.197 [pool-7-thread-25] INFO eu.europa.esig.dss.spi.x509.TokenIssuerSelector - ISSUER SUBJECT : c=lu,ou=pki-test,o=nowina solutions,cn=external-ca-alternative
11:39:09.197 [pool-7-thread-25] INFO eu.europa.esig.dss.spi.x509.TokenIssuerSelector - The issuer subject name and subject name does not match (more details in debug mode).
11:39:09.197 [pool-7-thread-25] INFO eu.europa.esig.dss.spi.x509.TokenIssuerSelector - CERT ISSUER    : c=lu,ou=pki-test,o=nowina solutions,cn=external-ca
11:39:09.197 [pool-7-thread-25] INFO eu.europa.esig.dss.spi.x509.TokenIssuerSelector - ISSUER SUBJECT : c=lu,ou=pki-test,o=nowina solutions,cn=external-ca-alternative
11:39:09.197 [pool-7-thread-25] INFO eu.europa.esig.dss.spi.x509.TokenIssuerSelector - The issuer subject name and subject name does not match (more details in debug mode).
11:39:09.197 [pool-7-thread-25] INFO eu.europa.esig.dss.spi.x509.TokenIssuerSelector - CERT ISSUER    : c=lu,ou=pki-test,o=nowina solutions,cn=external-ca
11:39:09.197 [pool-7-thread-25] INFO eu.europa.esig.dss.spi.x509.TokenIssuerSelector - ISSUER SUBJECT : c=lu,ou=pki-test,o=nowina solutions,cn=external-ca-alternative
11:39:09.199 [pool-7-thread-59] WARN eu.europa.esig.dss.spi.x509.TokenIssuerSelector - No issuer found for the token creation date. The process continues with an issuer which has the same public key.
11:39:09.201 [pool-7-thread-48] WARN eu.europa.esig.dss.spi.x509.TokenIssuerSelector - No issuer found for the token creation date. The process continues with an issuer which has the same public key.
11:39:09.201 [pool-7-thread-61] INFO eu.europa.esig.dss.spi.x509.TokenIssuerSelector - The issuer subject name and subject name does not match (more details in debug mode).
11:39:09.201 [pool-7-thread-61] INFO eu.europa.esig.dss.spi.x509.TokenIssuerSelector - CERT ISSUER    : c=lu,ou=pki-test,o=nowina solutions,cn=external-ca
11:39:09.201 [pool-7-thread-61] INFO eu.europa.esig.dss.spi.x509.TokenIssuerSelector - ISSUER SUBJECT : c=lu,ou=pki-test,o=nowina solutions,cn=external-ca-alternative
11:39:09.202 [pool-7-thread-61] INFO eu.europa.esig.dss.spi.x509.TokenIssuerSelector - The issuer subject name and subject name does not match (more details in debug mode).
11:39:09.202 [pool-7-thread-61] INFO eu.europa.esig.dss.spi.x509.TokenIssuerSelector - CERT ISSUER    : c=lu,ou=pki-test,o=nowina solutions,cn=external-ca
11:39:09.202 [pool-7-thread-61] INFO eu.europa.esig.dss.spi.x509.TokenIssuerSelector - ISSUER SUBJECT : c=lu,ou=pki-test,o=nowina solutions,cn=external-ca-alternative
11:39:09.202 [pool-7-thread-61] INFO eu.europa.esig.dss.spi.x509.TokenIssuerSelector - The issuer subject name and subject name does not match (more details in debug mode).
11:39:09.202 [pool-7-thread-61] INFO eu.europa.esig.dss.spi.x509.TokenIssuerSelector - CERT ISSUER    : c=lu,ou=pki-test,o=nowina solutions,cn=external-ca
11:39:09.202 [pool-7-thread-61] INFO eu.europa.esig.dss.spi.x509.TokenIssuerSelector - ISSUER SUBJECT : c=lu,ou=pki-test,o=nowina solutions,cn=external-ca-alternative
11:39:09.202 [pool-7-thread-58] WARN eu.europa.esig.dss.spi.x509.TokenIssuerSelector - No issuer found for the token creation date. The process continues with an issuer which has the same public key.
11:39:09.204 [pool-7-thread-51] WARN eu.europa.esig.dss.spi.x509.TokenIssuerSelector - No issuer found for the token creation date. The process continues with an issuer which has the same public key.
11:39:09.204 [pool-7-thread-51] WARN eu.europa.esig.dss.spi.x509.TokenIssuerSelector - No issuer found for the token creation date. The process continues with an issuer which has the same public key.
11:39:09.206 [pool-7-thread-51] INFO eu.europa.esig.dss.spi.x509.TokenIssuerSelector - The issuer subject name and subject name does not match (more details in debug mode).
11:39:09.206 [pool-7-thread-51] INFO eu.europa.esig.dss.spi.x509.TokenIssuerSelector - CERT ISSUER    : c=lu,ou=pki-test,o=nowina solutions,cn=external-ca
11:39:09.206 [pool-7-thread-51] INFO eu.europa.esig.dss.spi.x509.TokenIssuerSelector - ISSUER SUBJECT : c=lu,ou=pki-test,o=nowina solutions,cn=external-ca-alternative
11:39:09.206 [pool-7-thread-51] INFO eu.europa.esig.dss.spi.x509.TokenIssuerSelector - The issuer subject name and subject name does not match (more details in debug mode).
11:39:09.207 [pool-7-thread-51] INFO eu.europa.esig.dss.spi.x509.TokenIssuerSelector - CERT ISSUER    : c=lu,ou=pki-test,o=nowina solutions,cn=external-ca
11:39:09.207 [pool-7-thread-51] INFO eu.europa.esig.dss.spi.x509.TokenIssuerSelector - ISSUER SUBJECT : c=lu,ou=pki-test,o=nowina solutions,cn=external-ca-alternative
11:39:09.207 [pool-7-thread-51] INFO eu.europa.esig.dss.spi.x509.TokenIssuerSelector - The issuer subject name and subject name does not match (more details in debug mode).
11:39:09.207 [pool-7-thread-51] INFO eu.europa.esig.dss.spi.x509.TokenIssuerSelector - CERT ISSUER    : c=lu,ou=pki-test,o=nowina solutions,cn=external-ca
11:39:09.207 [pool-7-thread-51] INFO eu.europa.esig.dss.spi.x509.TokenIssuerSelector - ISSUER SUBJECT : c=lu,ou=pki-test,o=nowina solutions,cn=external-ca-alternative
11:39:09.208 [pool-7-thread-61] WARN eu.europa.esig.dss.spi.x509.TokenIssuerSelector - No issuer found for the token creation date. The process continues with an issuer which has the same public key.
11:39:09.209 [pool-7-thread-61] WARN eu.europa.esig.dss.spi.x509.TokenIssuerSelector - No issuer found for the token creation date. The process continues with an issuer which has the same public key.
11:39:09.213 [pool-7-thread-61] INFO eu.europa.esig.dss.spi.x509.TokenIssuerSelector - The issuer subject name and subject name does not match (more details in debug mode).
11:39:09.213 [pool-7-thread-61] INFO eu.europa.esig.dss.spi.x509.TokenIssuerSelector - CERT ISSUER    : c=lu,ou=pki-test,o=nowina solutions,cn=external-ca
11:39:09.213 [pool-7-thread-61] INFO eu.europa.esig.dss.spi.x509.TokenIssuerSelector - ISSUER SUBJECT : c=lu,ou=pki-test,o=nowina solutions,cn=external-ca-alternative
11:39:09.213 [pool-7-thread-61] INFO eu.europa.esig.dss.spi.x509.TokenIssuerSelector - The issuer subject name and subject name does not match (more details in debug mode).
11:39:09.213 [pool-7-thread-61] INFO eu.europa.esig.dss.spi.x509.TokenIssuerSelector - CERT ISSUER    : c=lu,ou=pki-test,o=nowina solutions,cn=external-ca
11:39:09.214 [pool-7-thread-61] INFO eu.europa.esig.dss.spi.x509.TokenIssuerSelector - ISSUER SUBJECT : c=lu,ou=pki-test,o=nowina solutions,cn=external-ca-alternative
11:39:09.214 [pool-7-thread-61] INFO eu.europa.esig.dss.spi.x509.TokenIssuerSelector - The issuer subject name and subject name does not match (more details in debug mode).
11:39:09.214 [pool-7-thread-61] INFO eu.europa.esig.dss.spi.x509.TokenIssuerSelector - CERT ISSUER    : c=lu,ou=pki-test,o=nowina solutions,cn=external-ca
11:39:09.214 [pool-7-thread-61] INFO eu.europa.esig.dss.spi.x509.TokenIssuerSelector - ISSUER SUBJECT : c=lu,ou=pki-test,o=nowina solutions,cn=external-ca-alternative
11:39:09.216 [pool-7-thread-47] WARN eu.europa.esig.dss.spi.x509.TokenIssuerSelector - No issuer found for the token creation date. The process continues with an issuer which has the same public key.
11:39:09.218 [pool-7-thread-47] INFO eu.europa.esig.dss.spi.x509.TokenIssuerSelector - The issuer subject name and subject name does not match (more details in debug mode).
11:39:09.218 [pool-7-thread-47] INFO eu.europa.esig.dss.spi.x509.TokenIssuerSelector - CERT ISSUER    : c=lu,ou=pki-test,o=nowina solutions,cn=external-ca
11:39:09.218 [pool-7-thread-47] INFO eu.europa.esig.dss.spi.x509.TokenIssuerSelector - ISSUER SUBJECT : c=lu,ou=pki-test,o=nowina solutions,cn=external-ca-alternative
11:39:09.218 [pool-7-thread-47] INFO eu.europa.esig.dss.spi.x509.TokenIssuerSelector - The issuer subject name and subject name does not match (more details in debug mode).
11:39:09.218 [pool-7-thread-47] INFO eu.europa.esig.dss.spi.x509.TokenIssuerSelector - CERT ISSUER    : c=lu,ou=pki-test,o=nowina solutions,cn=external-ca
11:39:09.218 [pool-7-thread-47] INFO eu.europa.esig.dss.spi.x509.TokenIssuerSelector - ISSUER SUBJECT : c=lu,ou=pki-test,o=nowina solutions,cn=external-ca-alternative
11:39:09.218 [pool-7-thread-61] WARN eu.europa.esig.dss.spi.x509.TokenIssuerSelector - No issuer found for the token creation date. The process continues with an issuer which has the same public key.
11:39:09.218 [pool-7-thread-47] INFO eu.europa.esig.dss.spi.x509.TokenIssuerSelector - The issuer subject name and subject name does not match (more details in debug mode).
11:39:09.218 [pool-7-thread-47] INFO eu.europa.esig.dss.spi.x509.TokenIssuerSelector - CERT ISSUER    : c=lu,ou=pki-test,o=nowina solutions,cn=external-ca
11:39:09.218 [pool-7-thread-47] INFO eu.europa.esig.dss.spi.x509.TokenIssuerSelector - ISSUER SUBJECT : c=lu,ou=pki-test,o=nowina solutions,cn=external-ca-alternative
11:39:09.219 [pool-7-thread-61] WARN eu.europa.esig.dss.spi.x509.TokenIssuerSelector - No issuer found for the token creation date. The process continues with an issuer which has the same public key.
11:39:09.221 [pool-7-thread-61] INFO eu.europa.esig.dss.spi.x509.TokenIssuerSelector - The issuer subject name and subject name does not match (more details in debug mode).
11:39:09.221 [pool-7-thread-61] INFO eu.europa.esig.dss.spi.x509.TokenIssuerSelector - CERT ISSUER    : c=lu,ou=pki-test,o=nowina solutions,cn=external-ca
11:39:09.221 [pool-7-thread-61] INFO eu.europa.esig.dss.spi.x509.TokenIssuerSelector - ISSUER SUBJECT : c=lu,ou=pki-test,o=nowina solutions,cn=external-ca-alternative
11:39:09.221 [pool-7-thread-61] INFO eu.europa.esig.dss.spi.x509.TokenIssuerSelector - The issuer subject name and subject name does not match (more details in debug mode).
11:39:09.221 [pool-7-thread-61] INFO eu.europa.esig.dss.spi.x509.TokenIssuerSelector - CERT ISSUER    : c=lu,ou=pki-test,o=nowina solutions,cn=external-ca
11:39:09.221 [pool-7-thread-61] INFO eu.europa.esig.dss.spi.x509.TokenIssuerSelector - ISSUER SUBJECT : c=lu,ou=pki-test,o=nowina solutions,cn=external-ca-alternative
11:39:09.221 [pool-7-thread-61] INFO eu.europa.esig.dss.spi.x509.TokenIssuerSelector - The issuer subject name and subject name does not match (more details in debug mode).
11:39:09.221 [pool-7-thread-61] INFO eu.europa.esig.dss.spi.x509.TokenIssuerSelector - CERT ISSUER    : c=lu,ou=pki-test,o=nowina solutions,cn=external-ca
11:39:09.221 [pool-7-thread-61] INFO eu.europa.esig.dss.spi.x509.TokenIssuerSelector - ISSUER SUBJECT : c=lu,ou=pki-test,o=nowina solutions,cn=external-ca-alternative
11:39:09.223 [pool-7-thread-27] WARN eu.europa.esig.dss.spi.x509.TokenIssuerSelector - No issuer found for the token creation date. The process continues with an issuer which has the same public key.
11:39:09.224 [pool-7-thread-55] WARN eu.europa.esig.dss.spi.x509.TokenIssuerSelector - No issuer found for the token creation date. The process continues with an issuer which has the same public key.
11:39:09.225 [pool-7-thread-61] WARN eu.europa.esig.dss.spi.x509.TokenIssuerSelector - No issuer found for the token creation date. The process continues with an issuer which has the same public key.
11:39:09.226 [pool-7-thread-8] WARN eu.europa.esig.dss.spi.x509.TokenIssuerSelector - No issuer found for the token creation date. The process continues with an issuer which has the same public key.
11:39:09.230 [pool-7-thread-49] INFO eu.europa.esig.dss.spi.x509.TokenIssuerSelector - The issuer subject name and subject name does not match (more details in debug mode).
11:39:09.231 [pool-7-thread-49] INFO eu.europa.esig.dss.spi.x509.TokenIssuerSelector - CERT ISSUER    : c=lu,ou=pki-test,o=nowina solutions,cn=external-ca
11:39:09.231 [pool-7-thread-49] INFO eu.europa.esig.dss.spi.x509.TokenIssuerSelector - ISSUER SUBJECT : c=lu,ou=pki-test,o=nowina solutions,cn=external-ca-alternative
11:39:09.231 [pool-7-thread-49] INFO eu.europa.esig.dss.spi.x509.TokenIssuerSelector - The issuer subject name and subject name does not match (more details in debug mode).
11:39:09.231 [pool-7-thread-49] INFO eu.europa.esig.dss.spi.x509.TokenIssuerSelector - CERT ISSUER    : c=lu,ou=pki-test,o=nowina solutions,cn=external-ca
11:39:09.231 [pool-7-thread-49] INFO eu.europa.esig.dss.spi.x509.TokenIssuerSelector - ISSUER SUBJECT : c=lu,ou=pki-test,o=nowina solutions,cn=external-ca-alternative
11:39:09.231 [pool-7-thread-49] INFO eu.europa.esig.dss.spi.x509.TokenIssuerSelector - The issuer subject name and subject name does not match (more details in debug mode).
11:39:09.231 [pool-7-thread-49] INFO eu.europa.esig.dss.spi.x509.TokenIssuerSelector - CERT ISSUER    : c=lu,ou=pki-test,o=nowina solutions,cn=external-ca
11:39:09.231 [pool-7-thread-49] INFO eu.europa.esig.dss.spi.x509.TokenIssuerSelector - ISSUER SUBJECT : c=lu,ou=pki-test,o=nowina solutions,cn=external-ca-alternative
11:39:09.234 [pool-7-thread-15] INFO eu.europa.esig.dss.spi.x509.TokenIssuerSelector - The issuer subject name and subject name does not match (more details in debug mode).
11:39:09.234 [pool-7-thread-15] INFO eu.europa.esig.dss.spi.x509.TokenIssuerSelector - CERT ISSUER    : c=lu,ou=pki-test,o=nowina solutions,cn=external-ca
11:39:09.234 [pool-7-thread-15] INFO eu.europa.esig.dss.spi.x509.TokenIssuerSelector - ISSUER SUBJECT : c=lu,ou=pki-test,o=nowina solutions,cn=external-ca-alternative
11:39:09.234 [pool-7-thread-15] INFO eu.europa.esig.dss.spi.x509.TokenIssuerSelector - The issuer subject name and subject name does not match (more details in debug mode).
11:39:09.234 [pool-7-thread-15] INFO eu.europa.esig.dss.spi.x509.TokenIssuerSelector - CERT ISSUER    : c=lu,ou=pki-test,o=nowina solutions,cn=external-ca
11:39:09.234 [pool-7-thread-15] INFO eu.europa.esig.dss.spi.x509.TokenIssuerSelector - ISSUER SUBJECT : c=lu,ou=pki-test,o=nowina solutions,cn=external-ca-alternative
11:39:09.235 [pool-7-thread-15] INFO eu.europa.esig.dss.spi.x509.TokenIssuerSelector - The issuer subject name and subject name does not match (more details in debug mode).
11:39:09.235 [pool-7-thread-15] INFO eu.europa.esig.dss.spi.x509.TokenIssuerSelector - CERT ISSUER    : c=lu,ou=pki-test,o=nowina solutions,cn=external-ca
11:39:09.235 [pool-7-thread-15] INFO eu.europa.esig.dss.spi.x509.TokenIssuerSelector - ISSUER SUBJECT : c=lu,ou=pki-test,o=nowina solutions,cn=external-ca-alternative
11:39:09.235 [pool-7-thread-49] WARN eu.europa.esig.dss.spi.x509.TokenIssuerSelector - No issuer found for the token creation date. The process continues with an issuer which has the same public key.
11:39:09.236 [pool-7-thread-7] WARN eu.europa.esig.dss.spi.x509.TokenIssuerSelector - No issuer found for the token creation date. The process continues with an issuer which has the same public key.
11:39:09.237 [pool-7-thread-7] WARN eu.europa.esig.dss.spi.x509.TokenIssuerSelector - No issuer found for the token creation date. The process continues with an issuer which has the same public key.
11:39:09.238 [pool-7-thread-12] WARN eu.europa.esig.dss.spi.x509.TokenIssuerSelector - No issuer found for the token creation date. The process continues with an issuer which has the same public key.
11:39:09.240 [pool-7-thread-12] INFO eu.europa.esig.dss.spi.x509.TokenIssuerSelector - The issuer subject name and subject name does not match (more details in debug mode).
11:39:09.240 [pool-7-thread-12] INFO eu.europa.esig.dss.spi.x509.TokenIssuerSelector - CERT ISSUER    : c=lu,ou=pki-test,o=nowina solutions,cn=external-ca
11:39:09.240 [pool-7-thread-12] INFO eu.europa.esig.dss.spi.x509.TokenIssuerSelector - ISSUER SUBJECT : c=lu,ou=pki-test,o=nowina solutions,cn=external-ca-alternative
11:39:09.240 [pool-7-thread-23] WARN eu.europa.esig.dss.spi.x509.TokenIssuerSelector - No issuer found for the token creation date. The process continues with an issuer which has the same public key.
11:39:09.240 [pool-7-thread-12] INFO eu.europa.esig.dss.spi.x509.TokenIssuerSelector - The issuer subject name and subject name does not match (more details in debug mode).
11:39:09.240 [pool-7-thread-12] INFO eu.europa.esig.dss.spi.x509.TokenIssuerSelector - CERT ISSUER    : c=lu,ou=pki-test,o=nowina solutions,cn=external-ca
11:39:09.240 [pool-7-thread-12] INFO eu.europa.esig.dss.spi.x509.TokenIssuerSelector - ISSUER SUBJECT : c=lu,ou=pki-test,o=nowina solutions,cn=external-ca-alternative
11:39:09.240 [pool-7-thread-12] INFO eu.europa.esig.dss.spi.x509.TokenIssuerSelector - The issuer subject name and subject name does not match (more details in debug mode).
11:39:09.240 [pool-7-thread-12] INFO eu.europa.esig.dss.spi.x509.TokenIssuerSelector - CERT ISSUER    : c=lu,ou=pki-test,o=nowina solutions,cn=external-ca
11:39:09.240 [pool-7-thread-12] INFO eu.europa.esig.dss.spi.x509.TokenIssuerSelector - ISSUER SUBJECT : c=lu,ou=pki-test,o=nowina solutions,cn=external-ca-alternative
11:39:09.241 [pool-7-thread-23] WARN eu.europa.esig.dss.spi.x509.TokenIssuerSelector - No issuer found for the token creation date. The process continues with an issuer which has the same public key.
11:39:09.243 [pool-7-thread-23] INFO eu.europa.esig.dss.spi.x509.TokenIssuerSelector - The issuer subject name and subject name does not match (more details in debug mode).
11:39:09.244 [pool-7-thread-23] INFO eu.europa.esig.dss.spi.x509.TokenIssuerSelector - CERT ISSUER    : c=lu,ou=pki-test,o=nowina solutions,cn=external-ca
11:39:09.244 [pool-7-thread-23] INFO eu.europa.esig.dss.spi.x509.TokenIssuerSelector - ISSUER SUBJECT : c=lu,ou=pki-test,o=nowina solutions,cn=external-ca-alternative
11:39:09.244 [pool-7-thread-23] INFO eu.europa.esig.dss.spi.x509.TokenIssuerSelector - The issuer subject name and subject name does not match (more details in debug mode).
11:39:09.244 [pool-7-thread-23] INFO eu.europa.esig.dss.spi.x509.TokenIssuerSelector - CERT ISSUER    : c=lu,ou=pki-test,o=nowina solutions,cn=external-ca
11:39:09.244 [pool-7-thread-23] INFO eu.europa.esig.dss.spi.x509.TokenIssuerSelector - ISSUER SUBJECT : c=lu,ou=pki-test,o=nowina solutions,cn=external-ca-alternative
11:39:09.244 [pool-7-thread-23] INFO eu.europa.esig.dss.spi.x509.TokenIssuerSelector - The issuer subject name and subject name does not match (more details in debug mode).
11:39:09.244 [pool-7-thread-23] INFO eu.europa.esig.dss.spi.x509.TokenIssuerSelector - CERT ISSUER    : c=lu,ou=pki-test,o=nowina solutions,cn=external-ca
11:39:09.244 [pool-7-thread-23] INFO eu.europa.esig.dss.spi.x509.TokenIssuerSelector - ISSUER SUBJECT : c=lu,ou=pki-test,o=nowina solutions,cn=external-ca-alternative
11:39:09.244 [pool-7-thread-12] WARN eu.europa.esig.dss.spi.x509.TokenIssuerSelector - No issuer found for the token creation date. The process continues with an issuer which has the same public key.
11:39:09.245 [pool-7-thread-12] WARN eu.europa.esig.dss.spi.x509.TokenIssuerSelector - No issuer found for the token creation date. The process continues with an issuer which has the same public key.
11:39:09.248 [pool-7-thread-12] INFO eu.europa.esig.dss.spi.x509.TokenIssuerSelector - The issuer subject name and subject name does not match (more details in debug mode).
11:39:09.249 [pool-7-thread-12] INFO eu.europa.esig.dss.spi.x509.TokenIssuerSelector - CERT ISSUER    : c=lu,ou=pki-test,o=nowina solutions,cn=external-ca
11:39:09.249 [pool-7-thread-12] INFO eu.europa.esig.dss.spi.x509.TokenIssuerSelector - ISSUER SUBJECT : c=lu,ou=pki-test,o=nowina solutions,cn=external-ca-alternative
11:39:09.249 [pool-7-thread-23] WARN eu.europa.esig.dss.spi.x509.TokenIssuerSelector - No issuer found for the token creation date. The process continues with an issuer which has the same public key.
11:39:09.249 [pool-7-thread-12] INFO eu.europa.esig.dss.spi.x509.TokenIssuerSelector - The issuer subject name and subject name does not match (more details in debug mode).
11:39:09.249 [pool-7-thread-12] INFO eu.europa.esig.dss.spi.x509.TokenIssuerSelector - CERT ISSUER    : c=lu,ou=pki-test,o=nowina solutions,cn=external-ca
11:39:09.249 [pool-7-thread-12] INFO eu.europa.esig.dss.spi.x509.TokenIssuerSelector - ISSUER SUBJECT : c=lu,ou=pki-test,o=nowina solutions,cn=external-ca-alternative
11:39:09.249 [pool-7-thread-12] INFO eu.europa.esig.dss.spi.x509.TokenIssuerSelector - The issuer subject name and subject name does not match (more details in debug mode).
11:39:09.249 [pool-7-thread-12] INFO eu.europa.esig.dss.spi.x509.TokenIssuerSelector - CERT ISSUER    : c=lu,ou=pki-test,o=nowina solutions,cn=external-ca
11:39:09.249 [pool-7-thread-12] INFO eu.europa.esig.dss.spi.x509.TokenIssuerSelector - ISSUER SUBJECT : c=lu,ou=pki-test,o=nowina solutions,cn=external-ca-alternative
11:39:09.250 [pool-7-thread-23] WARN eu.europa.esig.dss.spi.x509.TokenIssuerSelector - No issuer found for the token creation date. The process continues with an issuer which has the same public key.
11:39:09.252 [pool-7-thread-23] INFO eu.europa.esig.dss.spi.x509.TokenIssuerSelector - The issuer subject name and subject name does not match (more details in debug mode).
11:39:09.252 [pool-7-thread-23] INFO eu.europa.esig.dss.spi.x509.TokenIssuerSelector - CERT ISSUER    : c=lu,ou=pki-test,o=nowina solutions,cn=external-ca
11:39:09.252 [pool-7-thread-23] INFO eu.europa.esig.dss.spi.x509.TokenIssuerSelector - ISSUER SUBJECT : c=lu,ou=pki-test,o=nowina solutions,cn=external-ca-alternative
11:39:09.252 [pool-7-thread-23] INFO eu.europa.esig.dss.spi.x509.TokenIssuerSelector - The issuer subject name and subject name does not match (more details in debug mode).
11:39:09.252 [pool-7-thread-23] INFO eu.europa.esig.dss.spi.x509.TokenIssuerSelector - CERT ISSUER    : c=lu,ou=pki-test,o=nowina solutions,cn=external-ca
11:39:09.252 [pool-7-thread-23] INFO eu.europa.esig.dss.spi.x509.TokenIssuerSelector - ISSUER SUBJECT : c=lu,ou=pki-test,o=nowina solutions,cn=external-ca-alternative
11:39:09.252 [pool-7-thread-23] INFO eu.europa.esig.dss.spi.x509.TokenIssuerSelector - The issuer subject name and subject name does not match (more details in debug mode).
11:39:09.252 [pool-7-thread-23] INFO eu.europa.esig.dss.spi.x509.TokenIssuerSelector - CERT ISSUER    : c=lu,ou=pki-test,o=nowina solutions,cn=external-ca
11:39:09.252 [pool-7-thread-23] INFO eu.europa.esig.dss.spi.x509.TokenIssuerSelector - ISSUER SUBJECT : c=lu,ou=pki-test,o=nowina solutions,cn=external-ca-alternative
11:39:09.252 [pool-7-thread-12] WARN eu.europa.esig.dss.spi.x509.TokenIssuerSelector - No issuer found for the token creation date. The process continues with an issuer which has the same public key.
11:39:09.253 [pool-7-thread-12] WARN eu.europa.esig.dss.spi.x509.TokenIssuerSelector - No issuer found for the token creation date. The process continues with an issuer which has the same public key.
11:39:09.254 [pool-7-thread-52] WARN eu.europa.esig.dss.spi.x509.TokenIssuerSelector - No issuer found for the token creation date. The process continues with an issuer which has the same public key.
11:39:09.254 [pool-7-thread-52] WARN eu.europa.esig.dss.spi.x509.TokenIssuerSelector - No issuer found for the token creation date. The process continues with an issuer which has the same public key.
11:39:09.256 [pool-7-thread-52] INFO eu.europa.esig.dss.spi.x509.TokenIssuerSelector - The issuer subject name and subject name does not match (more details in debug mode).
11:39:09.256 [pool-7-thread-52] INFO eu.europa.esig.dss.spi.x509.TokenIssuerSelector - CERT ISSUER    : c=lu,ou=pki-test,o=nowina solutions,cn=external-ca
11:39:09.256 [pool-7-thread-60] WARN eu.europa.esig.dss.spi.x509.TokenIssuerSelector - No issuer found for the token creation date. The process continues with an issuer which has the same public key.
11:39:09.256 [pool-7-thread-52] INFO eu.europa.esig.dss.spi.x509.TokenIssuerSelector - ISSUER SUBJECT : c=lu,ou=pki-test,o=nowina solutions,cn=external-ca-alternative
11:39:09.256 [pool-7-thread-52] INFO eu.europa.esig.dss.spi.x509.TokenIssuerSelector - The issuer subject name and subject name does not match (more details in debug mode).
11:39:09.256 [pool-7-thread-52] INFO eu.europa.esig.dss.spi.x509.TokenIssuerSelector - CERT ISSUER    : c=lu,ou=pki-test,o=nowina solutions,cn=external-ca
11:39:09.256 [pool-7-thread-52] INFO eu.europa.esig.dss.spi.x509.TokenIssuerSelector - ISSUER SUBJECT : c=lu,ou=pki-test,o=nowina solutions,cn=external-ca-alternative
11:39:09.256 [pool-7-thread-52] INFO eu.europa.esig.dss.spi.x509.TokenIssuerSelector - The issuer subject name and subject name does not match (more details in debug mode).
11:39:09.256 [pool-7-thread-52] INFO eu.europa.esig.dss.spi.x509.TokenIssuerSelector - CERT ISSUER    : c=lu,ou=pki-test,o=nowina solutions,cn=external-ca
11:39:09.256 [pool-7-thread-52] INFO eu.europa.esig.dss.spi.x509.TokenIssuerSelector - ISSUER SUBJECT : c=lu,ou=pki-test,o=nowina solutions,cn=external-ca-alternative
11:39:09.259 [pool-7-thread-50] INFO eu.europa.esig.dss.spi.x509.TokenIssuerSelector - The issuer subject name and subject name does not match (more details in debug mode).
11:39:09.259 [pool-7-thread-50] INFO eu.europa.esig.dss.spi.x509.TokenIssuerSelector - CERT ISSUER    : c=lu,ou=pki-test,o=nowina solutions,cn=external-ca
11:39:09.259 [pool-7-thread-50] INFO eu.europa.esig.dss.spi.x509.TokenIssuerSelector - ISSUER SUBJECT : c=lu,ou=pki-test,o=nowina solutions,cn=external-ca-alternative
11:39:09.259 [pool-7-thread-50] INFO eu.europa.esig.dss.spi.x509.TokenIssuerSelector - The issuer subject name and subject name does not match (more details in debug mode).
11:39:09.259 [pool-7-thread-50] INFO eu.europa.esig.dss.spi.x509.TokenIssuerSelector - CERT ISSUER    : c=lu,ou=pki-test,o=nowina solutions,cn=external-ca
11:39:09.259 [pool-7-thread-50] INFO eu.europa.esig.dss.spi.x509.TokenIssuerSelector - ISSUER SUBJECT : c=lu,ou=pki-test,o=nowina solutions,cn=external-ca-alternative
11:39:09.259 [pool-7-thread-50] INFO eu.europa.esig.dss.spi.x509.TokenIssuerSelector - The issuer subject name and subject name does not match (more details in debug mode).
11:39:09.259 [pool-7-thread-50] INFO eu.europa.esig.dss.spi.x509.TokenIssuerSelector - CERT ISSUER    : c=lu,ou=pki-test,o=nowina solutions,cn=external-ca
11:39:09.259 [pool-7-thread-50] INFO eu.europa.esig.dss.spi.x509.TokenIssuerSelector - ISSUER SUBJECT : c=lu,ou=pki-test,o=nowina solutions,cn=external-ca-alternative
11:39:09.263 [pool-7-thread-9] WARN eu.europa.esig.dss.spi.x509.TokenIssuerSelector - No issuer found for the token creation date. The process continues with an issuer which has the same public key.
11:39:09.264 [pool-7-thread-37] WARN eu.europa.esig.dss.spi.x509.TokenIssuerSelector - No issuer found for the token creation date. The process continues with an issuer which has the same public key.
11:39:09.266 [pool-7-thread-37] INFO eu.europa.esig.dss.spi.x509.TokenIssuerSelector - The issuer subject name and subject name does not match (more details in debug mode).
11:39:09.266 [pool-7-thread-37] INFO eu.europa.esig.dss.spi.x509.TokenIssuerSelector - CERT ISSUER    : c=lu,ou=pki-test,o=nowina solutions,cn=external-ca
11:39:09.266 [pool-7-thread-37] INFO eu.europa.esig.dss.spi.x509.TokenIssuerSelector - ISSUER SUBJECT : c=lu,ou=pki-test,o=nowina solutions,cn=external-ca-alternative
11:39:09.266 [pool-7-thread-37] INFO eu.europa.esig.dss.spi.x509.TokenIssuerSelector - The issuer subject name and subject name does not match (more details in debug mode).
11:39:09.266 [pool-7-thread-37] INFO eu.europa.esig.dss.spi.x509.TokenIssuerSelector - CERT ISSUER    : c=lu,ou=pki-test,o=nowina solutions,cn=external-ca
11:39:09.266 [pool-7-thread-37] INFO eu.europa.esig.dss.spi.x509.TokenIssuerSelector - ISSUER SUBJECT : c=lu,ou=pki-test,o=nowina solutions,cn=external-ca-alternative
11:39:09.266 [pool-7-thread-37] INFO eu.europa.esig.dss.spi.x509.TokenIssuerSelector - The issuer subject name and subject name does not match (more details in debug mode).
11:39:09.266 [pool-7-thread-37] INFO eu.europa.esig.dss.spi.x509.TokenIssuerSelector - CERT ISSUER    : c=lu,ou=pki-test,o=nowina solutions,cn=external-ca
11:39:09.266 [pool-7-thread-37] INFO eu.europa.esig.dss.spi.x509.TokenIssuerSelector - ISSUER SUBJECT : c=lu,ou=pki-test,o=nowina solutions,cn=external-ca-alternative
11:39:09.269 [pool-7-thread-62] WARN eu.europa.esig.dss.spi.x509.TokenIssuerSelector - No issuer found for the token creation date. The process continues with an issuer which has the same public key.
11:39:09.270 [pool-7-thread-62] WARN eu.europa.esig.dss.spi.x509.TokenIssuerSelector - No issuer found for the token creation date. The process continues with an issuer which has the same public key.
11:39:09.272 [pool-7-thread-62] INFO eu.europa.esig.dss.spi.x509.TokenIssuerSelector - The issuer subject name and subject name does not match (more details in debug mode).
11:39:09.272 [pool-7-thread-62] INFO eu.europa.esig.dss.spi.x509.TokenIssuerSelector - CERT ISSUER    : c=lu,ou=pki-test,o=nowina solutions,cn=external-ca
11:39:09.272 [pool-7-thread-62] INFO eu.europa.esig.dss.spi.x509.TokenIssuerSelector - ISSUER SUBJECT : c=lu,ou=pki-test,o=nowina solutions,cn=external-ca-alternative
11:39:09.272 [pool-7-thread-62] INFO eu.europa.esig.dss.spi.x509.TokenIssuerSelector - The issuer subject name and subject name does not match (more details in debug mode).
11:39:09.272 [pool-7-thread-62] INFO eu.europa.esig.dss.spi.x509.TokenIssuerSelector - CERT ISSUER    : c=lu,ou=pki-test,o=nowina solutions,cn=external-ca
11:39:09.272 [pool-7-thread-62] INFO eu.europa.esig.dss.spi.x509.TokenIssuerSelector - ISSUER SUBJECT : c=lu,ou=pki-test,o=nowina solutions,cn=external-ca-alternative
11:39:09.272 [pool-7-thread-62] INFO eu.europa.esig.dss.spi.x509.TokenIssuerSelector - The issuer subject name and subject name does not match (more details in debug mode).
11:39:09.272 [pool-7-thread-62] INFO eu.europa.esig.dss.spi.x509.TokenIssuerSelector - CERT ISSUER    : c=lu,ou=pki-test,o=nowina solutions,cn=external-ca
11:39:09.272 [pool-7-thread-62] INFO eu.europa.esig.dss.spi.x509.TokenIssuerSelector - ISSUER SUBJECT : c=lu,ou=pki-test,o=nowina solutions,cn=external-ca-alternative
11:39:09.273 [pool-7-thread-78] WARN eu.europa.esig.dss.spi.x509.TokenIssuerSelector - No issuer found for the token creation date. The process continues with an issuer which has the same public key.
11:39:09.275 [pool-7-thread-78] INFO eu.europa.esig.dss.spi.x509.TokenIssuerSelector - The issuer subject name and subject name does not match (more details in debug mode).
11:39:09.275 [pool-7-thread-78] INFO eu.europa.esig.dss.spi.x509.TokenIssuerSelector - CERT ISSUER    : c=lu,ou=pki-test,o=nowina solutions,cn=external-ca
11:39:09.275 [pool-7-thread-78] INFO eu.europa.esig.dss.spi.x509.TokenIssuerSelector - ISSUER SUBJECT : c=lu,ou=pki-test,o=nowina solutions,cn=external-ca-alternative
11:39:09.275 [pool-7-thread-78] INFO eu.europa.esig.dss.spi.x509.TokenIssuerSelector - The issuer subject name and subject name does not match (more details in debug mode).
11:39:09.275 [pool-7-thread-78] INFO eu.europa.esig.dss.spi.x509.TokenIssuerSelector - CERT ISSUER    : c=lu,ou=pki-test,o=nowina solutions,cn=external-ca
11:39:09.276 [pool-7-thread-78] INFO eu.europa.esig.dss.spi.x509.TokenIssuerSelector - ISSUER SUBJECT : c=lu,ou=pki-test,o=nowina solutions,cn=external-ca-alternative
11:39:09.276 [pool-7-thread-78] INFO eu.europa.esig.dss.spi.x509.TokenIssuerSelector - The issuer subject name and subject name does not match (more details in debug mode).
11:39:09.276 [pool-7-thread-78] INFO eu.europa.esig.dss.spi.x509.TokenIssuerSelector - CERT ISSUER    : c=lu,ou=pki-test,o=nowina solutions,cn=external-ca
11:39:09.276 [pool-7-thread-78] INFO eu.europa.esig.dss.spi.x509.TokenIssuerSelector - ISSUER SUBJECT : c=lu,ou=pki-test,o=nowina solutions,cn=external-ca-alternative
11:39:09.280 [pool-7-thread-66] WARN eu.europa.esig.dss.spi.x509.TokenIssuerSelector - No issuer found for the token creation date. The process continues with an issuer which has the same public key.
11:39:09.281 [pool-7-thread-66] WARN eu.europa.esig.dss.spi.x509.TokenIssuerSelector - No issuer found for the token creation date. The process continues with an issuer which has the same public key.
11:39:09.285 [pool-7-thread-66] INFO eu.europa.esig.dss.spi.x509.TokenIssuerSelector - The issuer subject name and subject name does not match (more details in debug mode).
11:39:09.285 [pool-7-thread-66] INFO eu.europa.esig.dss.spi.x509.TokenIssuerSelector - CERT ISSUER    : c=lu,ou=pki-test,o=nowina solutions,cn=external-ca
11:39:09.285 [pool-7-thread-66] INFO eu.europa.esig.dss.spi.x509.TokenIssuerSelector - ISSUER SUBJECT : c=lu,ou=pki-test,o=nowina solutions,cn=external-ca-alternative
11:39:09.285 [pool-7-thread-66] INFO eu.europa.esig.dss.spi.x509.TokenIssuerSelector - The issuer subject name and subject name does not match (more details in debug mode).
11:39:09.285 [pool-7-thread-66] INFO eu.europa.esig.dss.spi.x509.TokenIssuerSelector - CERT ISSUER    : c=lu,ou=pki-test,o=nowina solutions,cn=external-ca
11:39:09.285 [pool-7-thread-66] INFO eu.europa.esig.dss.spi.x509.TokenIssuerSelector - ISSUER SUBJECT : c=lu,ou=pki-test,o=nowina solutions,cn=external-ca-alternative
11:39:09.285 [pool-7-thread-66] INFO eu.europa.esig.dss.spi.x509.TokenIssuerSelector - The issuer subject name and subject name does not match (more details in debug mode).
11:39:09.285 [pool-7-thread-66] INFO eu.europa.esig.dss.spi.x509.TokenIssuerSelector - CERT ISSUER    : c=lu,ou=pki-test,o=nowina solutions,cn=external-ca
11:39:09.285 [pool-7-thread-66] INFO eu.europa.esig.dss.spi.x509.TokenIssuerSelector - ISSUER SUBJECT : c=lu,ou=pki-test,o=nowina solutions,cn=external-ca-alternative
11:39:09.285 [pool-7-thread-42] WARN eu.europa.esig.dss.spi.x509.TokenIssuerSelector - No issuer found for the token creation date. The process continues with an issuer which has the same public key.
11:39:09.285 [pool-7-thread-42] WARN eu.europa.esig.dss.spi.x509.TokenIssuerSelector - No issuer found for the token creation date. The process continues with an issuer which has the same public key.
11:39:09.287 [pool-7-thread-38] WARN eu.europa.esig.dss.spi.x509.TokenIssuerSelector - No issuer found for the token creation date. The process continues with an issuer which has the same public key.
11:39:09.288 [pool-7-thread-2] WARN eu.europa.esig.dss.spi.x509.TokenIssuerSelector - No issuer found for the token creation date. The process continues with an issuer which has the same public key.
11:39:09.289 [pool-7-thread-2] WARN eu.europa.esig.dss.spi.x509.TokenIssuerSelector - No issuer found for the token creation date. The process continues with an issuer which has the same public key.
11:39:09.291 [pool-7-thread-2] INFO eu.europa.esig.dss.spi.x509.TokenIssuerSelector - The issuer subject name and subject name does not match (more details in debug mode).
11:39:09.291 [pool-7-thread-2] INFO eu.europa.esig.dss.spi.x509.TokenIssuerSelector - CERT ISSUER    : c=lu,ou=pki-test,o=nowina solutions,cn=external-ca
11:39:09.291 [pool-7-thread-2] INFO eu.europa.esig.dss.spi.x509.TokenIssuerSelector - ISSUER SUBJECT : c=lu,ou=pki-test,o=nowina solutions,cn=external-ca-alternative
11:39:09.291 [pool-7-thread-2] INFO eu.europa.esig.dss.spi.x509.TokenIssuerSelector - The issuer subject name and subject name does not match (more details in debug mode).
11:39:09.291 [pool-7-thread-2] INFO eu.europa.esig.dss.spi.x509.TokenIssuerSelector - CERT ISSUER    : c=lu,ou=pki-test,o=nowina solutions,cn=external-ca
11:39:09.291 [pool-7-thread-2] INFO eu.europa.esig.dss.spi.x509.TokenIssuerSelector - ISSUER SUBJECT : c=lu,ou=pki-test,o=nowina solutions,cn=external-ca-alternative
11:39:09.291 [pool-7-thread-2] INFO eu.europa.esig.dss.spi.x509.TokenIssuerSelector - The issuer subject name and subject name does not match (more details in debug mode).
11:39:09.291 [pool-7-thread-2] INFO eu.europa.esig.dss.spi.x509.TokenIssuerSelector - CERT ISSUER    : c=lu,ou=pki-test,o=nowina solutions,cn=external-ca
11:39:09.291 [pool-7-thread-2] INFO eu.europa.esig.dss.spi.x509.TokenIssuerSelector - ISSUER SUBJECT : c=lu,ou=pki-test,o=nowina solutions,cn=external-ca-alternative
11:39:09.291 [pool-7-thread-1] INFO eu.europa.esig.dss.spi.x509.TokenIssuerSelector - The issuer subject name and subject name does not match (more details in debug mode).
11:39:09.291 [pool-7-thread-1] INFO eu.europa.esig.dss.spi.x509.TokenIssuerSelector - CERT ISSUER    : c=lu,ou=pki-test,o=nowina solutions,cn=external-ca
11:39:09.291 [pool-7-thread-1] INFO eu.europa.esig.dss.spi.x509.TokenIssuerSelector - ISSUER SUBJECT : c=lu,ou=pki-test,o=nowina solutions,cn=external-ca-alternative
11:39:09.291 [pool-7-thread-1] INFO eu.europa.esig.dss.spi.x509.TokenIssuerSelector - The issuer subject name and subject name does not match (more details in debug mode).
11:39:09.291 [pool-7-thread-1] INFO eu.europa.esig.dss.spi.x509.TokenIssuerSelector - CERT ISSUER    : c=lu,ou=pki-test,o=nowina solutions,cn=external-ca
11:39:09.291 [pool-7-thread-1] INFO eu.europa.esig.dss.spi.x509.TokenIssuerSelector - ISSUER SUBJECT : c=lu,ou=pki-test,o=nowina solutions,cn=external-ca-alternative
11:39:09.292 [pool-7-thread-1] INFO eu.europa.esig.dss.spi.x509.TokenIssuerSelector - The issuer subject name and subject name does not match (more details in debug mode).
11:39:09.292 [pool-7-thread-1] INFO eu.europa.esig.dss.spi.x509.TokenIssuerSelector - CERT ISSUER    : c=lu,ou=pki-test,o=nowina solutions,cn=external-ca
11:39:09.292 [pool-7-thread-1] INFO eu.europa.esig.dss.spi.x509.TokenIssuerSelector - ISSUER SUBJECT : c=lu,ou=pki-test,o=nowina solutions,cn=external-ca-alternative
11:39:09.293 [pool-7-thread-20] INFO eu.europa.esig.dss.spi.x509.TokenIssuerSelector - The issuer subject name and subject name does not match (more details in debug mode).
11:39:09.293 [pool-7-thread-20] INFO eu.europa.esig.dss.spi.x509.TokenIssuerSelector - CERT ISSUER    : c=lu,ou=pki-test,o=nowina solutions,cn=external-ca
11:39:09.293 [pool-7-thread-20] INFO eu.europa.esig.dss.spi.x509.TokenIssuerSelector - ISSUER SUBJECT : c=lu,ou=pki-test,o=nowina solutions,cn=external-ca-alternative
11:39:09.293 [pool-7-thread-20] INFO eu.europa.esig.dss.spi.x509.TokenIssuerSelector - The issuer subject name and subject name does not match (more details in debug mode).
11:39:09.293 [pool-7-thread-20] INFO eu.europa.esig.dss.spi.x509.TokenIssuerSelector - CERT ISSUER    : c=lu,ou=pki-test,o=nowina solutions,cn=external-ca
11:39:09.293 [pool-7-thread-20] INFO eu.europa.esig.dss.spi.x509.TokenIssuerSelector - ISSUER SUBJECT : c=lu,ou=pki-test,o=nowina solutions,cn=external-ca-alternative
11:39:09.293 [pool-7-thread-20] INFO eu.europa.esig.dss.spi.x509.TokenIssuerSelector - The issuer subject name and subject name does not match (more details in debug mode).
11:39:09.293 [pool-7-thread-20] INFO eu.europa.esig.dss.spi.x509.TokenIssuerSelector - CERT ISSUER    : c=lu,ou=pki-test,o=nowina solutions,cn=external-ca
11:39:09.293 [pool-7-thread-20] INFO eu.europa.esig.dss.spi.x509.TokenIssuerSelector - ISSUER SUBJECT : c=lu,ou=pki-test,o=nowina solutions,cn=external-ca-alternative
11:39:09.296 [pool-7-thread-70] INFO eu.europa.esig.dss.spi.x509.TokenIssuerSelector - The issuer subject name and subject name does not match (more details in debug mode).
11:39:09.296 [pool-7-thread-70] INFO eu.europa.esig.dss.spi.x509.TokenIssuerSelector - CERT ISSUER    : c=lu,ou=pki-test,o=nowina solutions,cn=external-ca
11:39:09.296 [pool-7-thread-70] INFO eu.europa.esig.dss.spi.x509.TokenIssuerSelector - ISSUER SUBJECT : c=lu,ou=pki-test,o=nowina solutions,cn=external-ca-alternative
11:39:09.296 [pool-7-thread-70] INFO eu.europa.esig.dss.spi.x509.TokenIssuerSelector - The issuer subject name and subject name does not match (more details in debug mode).
11:39:09.296 [pool-7-thread-70] INFO eu.europa.esig.dss.spi.x509.TokenIssuerSelector - CERT ISSUER    : c=lu,ou=pki-test,o=nowina solutions,cn=external-ca
11:39:09.296 [pool-7-thread-70] INFO eu.europa.esig.dss.spi.x509.TokenIssuerSelector - ISSUER SUBJECT : c=lu,ou=pki-test,o=nowina solutions,cn=external-ca-alternative
11:39:09.296 [pool-7-thread-70] INFO eu.europa.esig.dss.spi.x509.TokenIssuerSelector - The issuer subject name and subject name does not match (more details in debug mode).
11:39:09.297 [pool-7-thread-70] INFO eu.europa.esig.dss.spi.x509.TokenIssuerSelector - CERT ISSUER    : c=lu,ou=pki-test,o=nowina solutions,cn=external-ca
11:39:09.297 [pool-7-thread-70] INFO eu.europa.esig.dss.spi.x509.TokenIssuerSelector - ISSUER SUBJECT : c=lu,ou=pki-test,o=nowina solutions,cn=external-ca-alternative
11:39:09.297 [pool-7-thread-74] WARN eu.europa.esig.dss.spi.x509.TokenIssuerSelector - No issuer found for the token creation date. The process continues with an issuer which has the same public key.
11:39:09.299 [pool-7-thread-69] INFO eu.europa.esig.dss.spi.x509.TokenIssuerSelector - The issuer subject name and subject name does not match (more details in debug mode).
11:39:09.299 [pool-7-thread-69] INFO eu.europa.esig.dss.spi.x509.TokenIssuerSelector - CERT ISSUER    : c=lu,ou=pki-test,o=nowina solutions,cn=external-ca
11:39:09.299 [pool-7-thread-69] INFO eu.europa.esig.dss.spi.x509.TokenIssuerSelector - ISSUER SUBJECT : c=lu,ou=pki-test,o=nowina solutions,cn=external-ca-alternative
11:39:09.299 [pool-7-thread-69] INFO eu.europa.esig.dss.spi.x509.TokenIssuerSelector - The issuer subject name and subject name does not match (more details in debug mode).
11:39:09.299 [pool-7-thread-69] INFO eu.europa.esig.dss.spi.x509.TokenIssuerSelector - CERT ISSUER    : c=lu,ou=pki-test,o=nowina solutions,cn=external-ca
11:39:09.299 [pool-7-thread-69] INFO eu.europa.esig.dss.spi.x509.TokenIssuerSelector - ISSUER SUBJECT : c=lu,ou=pki-test,o=nowina solutions,cn=external-ca-alternative
11:39:09.299 [pool-7-thread-69] INFO eu.europa.esig.dss.spi.x509.TokenIssuerSelector - The issuer subject name and subject name does not match (more details in debug mode).
11:39:09.299 [pool-7-thread-69] INFO eu.europa.esig.dss.spi.x509.TokenIssuerSelector - CERT ISSUER    : c=lu,ou=pki-test,o=nowina solutions,cn=external-ca
11:39:09.299 [pool-7-thread-69] INFO eu.europa.esig.dss.spi.x509.TokenIssuerSelector - ISSUER SUBJECT : c=lu,ou=pki-test,o=nowina solutions,cn=external-ca-alternative
11:39:09.300 [pool-7-thread-65] WARN eu.europa.esig.dss.spi.x509.TokenIssuerSelector - No issuer found for the token creation date. The process continues with an issuer which has the same public key.
11:39:09.304 [pool-7-thread-73] WARN eu.europa.esig.dss.spi.x509.TokenIssuerSelector - No issuer found for the token creation date. The process continues with an issuer which has the same public key.
11:39:09.306 [pool-7-thread-69] WARN eu.europa.esig.dss.spi.x509.TokenIssuerSelector - No issuer found for the token creation date. The process continues with an issuer which has the same public key.
11:39:09.306 [pool-7-thread-69] WARN eu.europa.esig.dss.spi.x509.TokenIssuerSelector - No issuer found for the token creation date. The process continues with an issuer which has the same public key.
11:39:09.315 [pool-7-thread-69] INFO eu.europa.esig.dss.spi.x509.TokenIssuerSelector - The issuer subject name and subject name does not match (more details in debug mode).
11:39:09.315 [pool-7-thread-69] INFO eu.europa.esig.dss.spi.x509.TokenIssuerSelector - CERT ISSUER    : c=lu,ou=pki-test,o=nowina solutions,cn=external-ca
11:39:09.315 [pool-7-thread-69] INFO eu.europa.esig.dss.spi.x509.TokenIssuerSelector - ISSUER SUBJECT : c=lu,ou=pki-test,o=nowina solutions,cn=external-ca-alternative
11:39:09.315 [pool-7-thread-69] INFO eu.europa.esig.dss.spi.x509.TokenIssuerSelector - The issuer subject name and subject name does not match (more details in debug mode).
11:39:09.315 [pool-7-thread-69] INFO eu.europa.esig.dss.spi.x509.TokenIssuerSelector - CERT ISSUER    : c=lu,ou=pki-test,o=nowina solutions,cn=external-ca
11:39:09.315 [pool-7-thread-69] INFO eu.europa.esig.dss.spi.x509.TokenIssuerSelector - ISSUER SUBJECT : c=lu,ou=pki-test,o=nowina solutions,cn=external-ca-alternative
11:39:09.315 [pool-7-thread-69] INFO eu.europa.esig.dss.spi.x509.TokenIssuerSelector - The issuer subject name and subject name does not match (more details in debug mode).
11:39:09.315 [pool-7-thread-69] INFO eu.europa.esig.dss.spi.x509.TokenIssuerSelector - CERT ISSUER    : c=lu,ou=pki-test,o=nowina solutions,cn=external-ca
11:39:09.315 [pool-7-thread-69] INFO eu.europa.esig.dss.spi.x509.TokenIssuerSelector - ISSUER SUBJECT : c=lu,ou=pki-test,o=nowina solutions,cn=external-ca-alternative
11:39:09.319 [pool-7-thread-77] WARN eu.europa.esig.dss.spi.x509.TokenIssuerSelector - No issuer found for the token creation date. The process continues with an issuer which has the same public key.
11:39:09.323 [pool-7-thread-69] WARN eu.europa.esig.dss.spi.x509.TokenIssuerSelector - No issuer found for the token creation date. The process continues with an issuer which has the same public key.
11:39:09.324 [pool-7-thread-69] WARN eu.europa.esig.dss.spi.x509.TokenIssuerSelector - No issuer found for the token creation date. The process continues with an issuer which has the same public key.
11:39:09.324 [pool-7-thread-86] WARN eu.europa.esig.dss.spi.x509.TokenIssuerSelector - No issuer found for the token creation date. The process continues with an issuer which has the same public key.
11:39:09.329 [pool-7-thread-87] WARN eu.europa.esig.dss.spi.x509.TokenIssuerSelector - No issuer found for the token creation date. The process continues with an issuer which has the same public key.
11:39:09.331 [pool-7-thread-87] WARN eu.europa.esig.dss.spi.x509.TokenIssuerSelector - No issuer found for the token creation date. The process continues with an issuer which has the same public key.
11:39:09.334 [pool-7-thread-87] INFO eu.europa.esig.dss.spi.x509.TokenIssuerSelector - The issuer subject name and subject name does not match (more details in debug mode).
11:39:09.334 [pool-7-thread-87] INFO eu.europa.esig.dss.spi.x509.TokenIssuerSelector - CERT ISSUER    : c=lu,ou=pki-test,o=nowina solutions,cn=external-ca
11:39:09.334 [pool-7-thread-87] INFO eu.europa.esig.dss.spi.x509.TokenIssuerSelector - ISSUER SUBJECT : c=lu,ou=pki-test,o=nowina solutions,cn=external-ca-alternative
11:39:09.334 [pool-7-thread-87] INFO eu.europa.esig.dss.spi.x509.TokenIssuerSelector - The issuer subject name and subject name does not match (more details in debug mode).
11:39:09.334 [pool-7-thread-87] INFO eu.europa.esig.dss.spi.x509.TokenIssuerSelector - CERT ISSUER    : c=lu,ou=pki-test,o=nowina solutions,cn=external-ca
11:39:09.334 [pool-7-thread-87] INFO eu.europa.esig.dss.spi.x509.TokenIssuerSelector - ISSUER SUBJECT : c=lu,ou=pki-test,o=nowina solutions,cn=external-ca-alternative
11:39:09.334 [pool-7-thread-87] INFO eu.europa.esig.dss.spi.x509.TokenIssuerSelector - The issuer subject name and subject name does not match (more details in debug mode).
11:39:09.334 [pool-7-thread-87] INFO eu.europa.esig.dss.spi.x509.TokenIssuerSelector - CERT ISSUER    : c=lu,ou=pki-test,o=nowina solutions,cn=external-ca
11:39:09.334 [pool-7-thread-87] INFO eu.europa.esig.dss.spi.x509.TokenIssuerSelector - ISSUER SUBJECT : c=lu,ou=pki-test,o=nowina solutions,cn=external-ca-alternative
11:39:09.337 [pool-7-thread-34] WARN eu.europa.esig.dss.spi.x509.TokenIssuerSelector - No issuer found for the token creation date. The process continues with an issuer which has the same public key.
11:39:09.338 [pool-7-thread-34] WARN eu.europa.esig.dss.spi.x509.TokenIssuerSelector - No issuer found for the token creation date. The process continues with an issuer which has the same public key.
11:39:09.339 [pool-7-thread-84] WARN eu.europa.esig.dss.spi.x509.TokenIssuerSelector - No issuer found for the token creation date. The process continues with an issuer which has the same public key.
11:39:09.340 [pool-7-thread-5] WARN eu.europa.esig.dss.spi.x509.TokenIssuerSelector - No issuer found for the token creation date. The process continues with an issuer which has the same public key.
11:39:09.341 [pool-7-thread-32] WARN eu.europa.esig.dss.spi.x509.TokenIssuerSelector - No issuer found for the token creation date. The process continues with an issuer which has the same public key.
11:39:09.341 [pool-7-thread-32] WARN eu.europa.esig.dss.spi.x509.TokenIssuerSelector - No issuer found for the token creation date. The process continues with an issuer which has the same public key.
11:39:09.343 [pool-7-thread-32] INFO eu.europa.esig.dss.spi.x509.TokenIssuerSelector - The issuer subject name and subject name does not match (more details in debug mode).
11:39:09.343 [pool-7-thread-32] INFO eu.europa.esig.dss.spi.x509.TokenIssuerSelector - CERT ISSUER    : c=lu,ou=pki-test,o=nowina solutions,cn=external-ca
11:39:09.343 [pool-7-thread-32] INFO eu.europa.esig.dss.spi.x509.TokenIssuerSelector - ISSUER SUBJECT : c=lu,ou=pki-test,o=nowina solutions,cn=external-ca-alternative
11:39:09.343 [pool-7-thread-32] INFO eu.europa.esig.dss.spi.x509.TokenIssuerSelector - The issuer subject name and subject name does not match (more details in debug mode).
11:39:09.343 [pool-7-thread-32] INFO eu.europa.esig.dss.spi.x509.TokenIssuerSelector - CERT ISSUER    : c=lu,ou=pki-test,o=nowina solutions,cn=external-ca
11:39:09.343 [pool-7-thread-32] INFO eu.europa.esig.dss.spi.x509.TokenIssuerSelector - ISSUER SUBJECT : c=lu,ou=pki-test,o=nowina solutions,cn=external-ca-alternative
11:39:09.343 [pool-7-thread-32] INFO eu.europa.esig.dss.spi.x509.TokenIssuerSelector - The issuer subject name and subject name does not match (more details in debug mode).
11:39:09.343 [pool-7-thread-32] INFO eu.europa.esig.dss.spi.x509.TokenIssuerSelector - CERT ISSUER    : c=lu,ou=pki-test,o=nowina solutions,cn=external-ca
11:39:09.343 [pool-7-thread-32] INFO eu.europa.esig.dss.spi.x509.TokenIssuerSelector - ISSUER SUBJECT : c=lu,ou=pki-test,o=nowina solutions,cn=external-ca-alternative
11:39:09.347 [pool-7-thread-85] INFO eu.europa.esig.dss.spi.x509.TokenIssuerSelector - The issuer subject name and subject name does not match (more details in debug mode).
11:39:09.348 [pool-7-thread-85] INFO eu.europa.esig.dss.spi.x509.TokenIssuerSelector - CERT ISSUER    : c=lu,ou=pki-test,o=nowina solutions,cn=external-ca
11:39:09.348 [pool-7-thread-85] INFO eu.europa.esig.dss.spi.x509.TokenIssuerSelector - ISSUER SUBJECT : c=lu,ou=pki-test,o=nowina solutions,cn=external-ca-alternative
11:39:09.348 [pool-7-thread-85] INFO eu.europa.esig.dss.spi.x509.TokenIssuerSelector - The issuer subject name and subject name does not match (more details in debug mode).
11:39:09.348 [pool-7-thread-85] INFO eu.europa.esig.dss.spi.x509.TokenIssuerSelector - CERT ISSUER    : c=lu,ou=pki-test,o=nowina solutions,cn=external-ca
11:39:09.348 [pool-7-thread-85] INFO eu.europa.esig.dss.spi.x509.TokenIssuerSelector - ISSUER SUBJECT : c=lu,ou=pki-test,o=nowina solutions,cn=external-ca-alternative
11:39:09.348 [pool-7-thread-85] INFO eu.europa.esig.dss.spi.x509.TokenIssuerSelector - The issuer subject name and subject name does not match (more details in debug mode).
11:39:09.348 [pool-7-thread-85] INFO eu.europa.esig.dss.spi.x509.TokenIssuerSelector - CERT ISSUER    : c=lu,ou=pki-test,o=nowina solutions,cn=external-ca
11:39:09.348 [pool-7-thread-85] INFO eu.europa.esig.dss.spi.x509.TokenIssuerSelector - ISSUER SUBJECT : c=lu,ou=pki-test,o=nowina solutions,cn=external-ca-alternative
11:39:09.349 [pool-7-thread-64] WARN eu.europa.esig.dss.spi.x509.TokenIssuerSelector - No issuer found for the token creation date. The process continues with an issuer which has the same public key.
11:39:09.351 [pool-7-thread-89] WARN eu.europa.esig.dss.spi.x509.TokenIssuerSelector - No issuer found for the token creation date. The process continues with an issuer which has the same public key.
11:39:09.354 [pool-7-thread-22] WARN eu.europa.esig.dss.spi.x509.TokenIssuerSelector - No issuer found for the token creation date. The process continues with an issuer which has the same public key.
11:39:09.354 [pool-7-thread-80] WARN eu.europa.esig.dss.spi.x509.TokenIssuerSelector - No issuer found for the token creation date. The process continues with an issuer which has the same public key.
11:39:09.356 [pool-7-thread-90] INFO eu.europa.esig.dss.spi.x509.TokenIssuerSelector - The issuer subject name and subject name does not match (more details in debug mode).
11:39:09.356 [pool-7-thread-90] INFO eu.europa.esig.dss.spi.x509.TokenIssuerSelector - CERT ISSUER    : c=lu,ou=pki-test,o=nowina solutions,cn=external-ca
11:39:09.356 [pool-7-thread-90] INFO eu.europa.esig.dss.spi.x509.TokenIssuerSelector - ISSUER SUBJECT : c=lu,ou=pki-test,o=nowina solutions,cn=external-ca-alternative
11:39:09.356 [pool-7-thread-90] INFO eu.europa.esig.dss.spi.x509.TokenIssuerSelector - The issuer subject name and subject name does not match (more details in debug mode).
11:39:09.356 [pool-7-thread-90] INFO eu.europa.esig.dss.spi.x509.TokenIssuerSelector - CERT ISSUER    : c=lu,ou=pki-test,o=nowina solutions,cn=external-ca
11:39:09.356 [pool-7-thread-90] INFO eu.europa.esig.dss.spi.x509.TokenIssuerSelector - ISSUER SUBJECT : c=lu,ou=pki-test,o=nowina solutions,cn=external-ca-alternative
11:39:09.356 [pool-7-thread-90] INFO eu.europa.esig.dss.spi.x509.TokenIssuerSelector - The issuer subject name and subject name does not match (more details in debug mode).
11:39:09.356 [pool-7-thread-90] INFO eu.europa.esig.dss.spi.x509.TokenIssuerSelector - CERT ISSUER    : c=lu,ou=pki-test,o=nowina solutions,cn=external-ca
11:39:09.356 [pool-7-thread-90] INFO eu.europa.esig.dss.spi.x509.TokenIssuerSelector - ISSUER SUBJECT : c=lu,ou=pki-test,o=nowina solutions,cn=external-ca-alternative
11:39:09.357 [pool-7-thread-18] WARN eu.europa.esig.dss.spi.x509.TokenIssuerSelector - No issuer found for the token creation date. The process continues with an issuer which has the same public key.
11:39:09.364 [pool-7-thread-18] INFO eu.europa.esig.dss.spi.x509.TokenIssuerSelector - The issuer subject name and subject name does not match (more details in debug mode).
11:39:09.365 [pool-7-thread-18] INFO eu.europa.esig.dss.spi.x509.TokenIssuerSelector - CERT ISSUER    : c=lu,ou=pki-test,o=nowina solutions,cn=external-ca
11:39:09.365 [pool-7-thread-18] INFO eu.europa.esig.dss.spi.x509.TokenIssuerSelector - ISSUER SUBJECT : c=lu,ou=pki-test,o=nowina solutions,cn=external-ca-alternative
11:39:09.365 [pool-7-thread-18] INFO eu.europa.esig.dss.spi.x509.TokenIssuerSelector - The issuer subject name and subject name does not match (more details in debug mode).
11:39:09.365 [pool-7-thread-18] INFO eu.europa.esig.dss.spi.x509.TokenIssuerSelector - CERT ISSUER    : c=lu,ou=pki-test,o=nowina solutions,cn=external-ca
11:39:09.365 [pool-7-thread-18] INFO eu.europa.esig.dss.spi.x509.TokenIssuerSelector - ISSUER SUBJECT : c=lu,ou=pki-test,o=nowina solutions,cn=external-ca-alternative
11:39:09.365 [pool-7-thread-18] INFO eu.europa.esig.dss.spi.x509.TokenIssuerSelector - The issuer subject name and subject name does not match (more details in debug mode).
11:39:09.365 [pool-7-thread-18] INFO eu.europa.esig.dss.spi.x509.TokenIssuerSelector - CERT ISSUER    : c=lu,ou=pki-test,o=nowina solutions,cn=external-ca
11:39:09.365 [pool-7-thread-18] INFO eu.europa.esig.dss.spi.x509.TokenIssuerSelector - ISSUER SUBJECT : c=lu,ou=pki-test,o=nowina solutions,cn=external-ca-alternative
11:39:09.365 [pool-7-thread-81] WARN eu.europa.esig.dss.spi.x509.TokenIssuerSelector - No issuer found for the token creation date. The process continues with an issuer which has the same public key.
11:39:09.368 [pool-7-thread-81] INFO eu.europa.esig.dss.spi.x509.TokenIssuerSelector - The issuer subject name and subject name does not match (more details in debug mode).
11:39:09.368 [pool-7-thread-81] INFO eu.europa.esig.dss.spi.x509.TokenIssuerSelector - CERT ISSUER    : c=lu,ou=pki-test,o=nowina solutions,cn=external-ca
11:39:09.368 [pool-7-thread-81] INFO eu.europa.esig.dss.spi.x509.TokenIssuerSelector - ISSUER SUBJECT : c=lu,ou=pki-test,o=nowina solutions,cn=external-ca-alternative
11:39:09.368 [pool-7-thread-81] INFO eu.europa.esig.dss.spi.x509.TokenIssuerSelector - The issuer subject name and subject name does not match (more details in debug mode).
11:39:09.368 [pool-7-thread-81] INFO eu.europa.esig.dss.spi.x509.TokenIssuerSelector - CERT ISSUER    : c=lu,ou=pki-test,o=nowina solutions,cn=external-ca
11:39:09.368 [pool-7-thread-81] INFO eu.europa.esig.dss.spi.x509.TokenIssuerSelector - ISSUER SUBJECT : c=lu,ou=pki-test,o=nowina solutions,cn=external-ca-alternative
11:39:09.368 [pool-7-thread-81] INFO eu.europa.esig.dss.spi.x509.TokenIssuerSelector - The issuer subject name and subject name does not match (more details in debug mode).
11:39:09.368 [pool-7-thread-81] INFO eu.europa.esig.dss.spi.x509.TokenIssuerSelector - CERT ISSUER    : c=lu,ou=pki-test,o=nowina solutions,cn=external-ca
11:39:09.368 [pool-7-thread-81] INFO eu.europa.esig.dss.spi.x509.TokenIssuerSelector - ISSUER SUBJECT : c=lu,ou=pki-test,o=nowina solutions,cn=external-ca-alternative
11:39:09.368 [pool-7-thread-71] INFO eu.europa.esig.dss.spi.x509.TokenIssuerSelector - The issuer subject name and subject name does not match (more details in debug mode).
11:39:09.368 [pool-7-thread-71] INFO eu.europa.esig.dss.spi.x509.TokenIssuerSelector - CERT ISSUER    : c=lu,ou=pki-test,o=nowina solutions,cn=external-ca
11:39:09.368 [pool-7-thread-71] INFO eu.europa.esig.dss.spi.x509.TokenIssuerSelector - ISSUER SUBJECT : c=lu,ou=pki-test,o=nowina solutions,cn=external-ca-alternative
11:39:09.368 [pool-7-thread-71] INFO eu.europa.esig.dss.spi.x509.TokenIssuerSelector - The issuer subject name and subject name does not match (more details in debug mode).
11:39:09.368 [pool-7-thread-71] INFO eu.europa.esig.dss.spi.x509.TokenIssuerSelector - CERT ISSUER    : c=lu,ou=pki-test,o=nowina solutions,cn=external-ca
11:39:09.368 [pool-7-thread-71] INFO eu.europa.esig.dss.spi.x509.TokenIssuerSelector - ISSUER SUBJECT : c=lu,ou=pki-test,o=nowina solutions,cn=external-ca-alternative
11:39:09.368 [pool-7-thread-71] INFO eu.europa.esig.dss.spi.x509.TokenIssuerSelector - The issuer subject name and subject name does not match (more details in debug mode).
11:39:09.368 [pool-7-thread-71] INFO eu.europa.esig.dss.spi.x509.TokenIssuerSelector - CERT ISSUER    : c=lu,ou=pki-test,o=nowina solutions,cn=external-ca
11:39:09.368 [pool-7-thread-71] INFO eu.europa.esig.dss.spi.x509.TokenIssuerSelector - ISSUER SUBJECT : c=lu,ou=pki-test,o=nowina solutions,cn=external-ca-alternative
11:39:09.370 [pool-7-thread-68] WARN eu.europa.esig.dss.spi.x509.TokenIssuerSelector - No issuer found for the token creation date. The process continues with an issuer which has the same public key.
11:39:09.372 [pool-7-thread-68] INFO eu.europa.esig.dss.spi.x509.TokenIssuerSelector - The issuer subject name and subject name does not match (more details in debug mode).
11:39:09.372 [pool-7-thread-68] INFO eu.europa.esig.dss.spi.x509.TokenIssuerSelector - CERT ISSUER    : c=lu,ou=pki-test,o=nowina solutions,cn=external-ca
11:39:09.372 [pool-7-thread-68] INFO eu.europa.esig.dss.spi.x509.TokenIssuerSelector - ISSUER SUBJECT : c=lu,ou=pki-test,o=nowina solutions,cn=external-ca-alternative
11:39:09.372 [pool-7-thread-68] INFO eu.europa.esig.dss.spi.x509.TokenIssuerSelector - The issuer subject name and subject name does not match (more details in debug mode).
11:39:09.372 [pool-7-thread-68] INFO eu.europa.esig.dss.spi.x509.TokenIssuerSelector - CERT ISSUER    : c=lu,ou=pki-test,o=nowina solutions,cn=external-ca
11:39:09.372 [pool-7-thread-68] INFO eu.europa.esig.dss.spi.x509.TokenIssuerSelector - ISSUER SUBJECT : c=lu,ou=pki-test,o=nowina solutions,cn=external-ca-alternative
11:39:09.372 [pool-7-thread-68] INFO eu.europa.esig.dss.spi.x509.TokenIssuerSelector - The issuer subject name and subject name does not match (more details in debug mode).
11:39:09.372 [pool-7-thread-68] INFO eu.europa.esig.dss.spi.x509.TokenIssuerSelector - CERT ISSUER    : c=lu,ou=pki-test,o=nowina solutions,cn=external-ca
11:39:09.372 [pool-7-thread-68] INFO eu.europa.esig.dss.spi.x509.TokenIssuerSelector - ISSUER SUBJECT : c=lu,ou=pki-test,o=nowina solutions,cn=external-ca-alternative
11:39:09.373 [pool-7-thread-39] WARN eu.europa.esig.dss.spi.x509.TokenIssuerSelector - No issuer found for the token creation date. The process continues with an issuer which has the same public key.
11:39:09.374 [pool-7-thread-39] WARN eu.europa.esig.dss.spi.x509.TokenIssuerSelector - No issuer found for the token creation date. The process continues with an issuer which has the same public key.
11:39:09.376 [pool-7-thread-67] WARN eu.europa.esig.dss.spi.x509.TokenIssuerSelector - No issuer found for the token creation date. The process continues with an issuer which has the same public key.
11:39:09.377 [pool-7-thread-39] INFO eu.europa.esig.dss.spi.x509.TokenIssuerSelector - The issuer subject name and subject name does not match (more details in debug mode).
11:39:09.377 [pool-7-thread-39] INFO eu.europa.esig.dss.spi.x509.TokenIssuerSelector - CERT ISSUER    : c=lu,ou=pki-test,o=nowina solutions,cn=external-ca
11:39:09.377 [pool-7-thread-39] INFO eu.europa.esig.dss.spi.x509.TokenIssuerSelector - ISSUER SUBJECT : c=lu,ou=pki-test,o=nowina solutions,cn=external-ca-alternative
11:39:09.377 [pool-7-thread-39] INFO eu.europa.esig.dss.spi.x509.TokenIssuerSelector - The issuer subject name and subject name does not match (more details in debug mode).
11:39:09.377 [pool-7-thread-39] INFO eu.europa.esig.dss.spi.x509.TokenIssuerSelector - CERT ISSUER    : c=lu,ou=pki-test,o=nowina solutions,cn=external-ca
11:39:09.377 [pool-7-thread-39] INFO eu.europa.esig.dss.spi.x509.TokenIssuerSelector - ISSUER SUBJECT : c=lu,ou=pki-test,o=nowina solutions,cn=external-ca-alternative
11:39:09.377 [pool-7-thread-39] INFO eu.europa.esig.dss.spi.x509.TokenIssuerSelector - The issuer subject name and subject name does not match (more details in debug mode).
11:39:09.377 [pool-7-thread-39] INFO eu.europa.esig.dss.spi.x509.TokenIssuerSelector - CERT ISSUER    : c=lu,ou=pki-test,o=nowina solutions,cn=external-ca
11:39:09.377 [pool-7-thread-39] INFO eu.europa.esig.dss.spi.x509.TokenIssuerSelector - ISSUER SUBJECT : c=lu,ou=pki-test,o=nowina solutions,cn=external-ca-alternative
11:39:09.377 [pool-7-thread-67] WARN eu.europa.esig.dss.spi.x509.TokenIssuerSelector - No issuer found for the token creation date. The process continues with an issuer which has the same public key.
11:39:09.380 [pool-7-thread-67] INFO eu.europa.esig.dss.spi.x509.TokenIssuerSelector - The issuer subject name and subject name does not match (more details in debug mode).
11:39:09.380 [pool-7-thread-67] INFO eu.europa.esig.dss.spi.x509.TokenIssuerSelector - CERT ISSUER    : c=lu,ou=pki-test,o=nowina solutions,cn=external-ca
11:39:09.380 [pool-7-thread-67] INFO eu.europa.esig.dss.spi.x509.TokenIssuerSelector - ISSUER SUBJECT : c=lu,ou=pki-test,o=nowina solutions,cn=external-ca-alternative
11:39:09.380 [pool-7-thread-67] INFO eu.europa.esig.dss.spi.x509.TokenIssuerSelector - The issuer subject name and subject name does not match (more details in debug mode).
11:39:09.380 [pool-7-thread-67] INFO eu.europa.esig.dss.spi.x509.TokenIssuerSelector - CERT ISSUER    : c=lu,ou=pki-test,o=nowina solutions,cn=external-ca
11:39:09.380 [pool-7-thread-67] INFO eu.europa.esig.dss.spi.x509.TokenIssuerSelector - ISSUER SUBJECT : c=lu,ou=pki-test,o=nowina solutions,cn=external-ca-alternative
11:39:09.381 [pool-7-thread-67] INFO eu.europa.esig.dss.spi.x509.TokenIssuerSelector - The issuer subject name and subject name does not match (more details in debug mode).
11:39:09.381 [pool-7-thread-67] INFO eu.europa.esig.dss.spi.x509.TokenIssuerSelector - CERT ISSUER    : c=lu,ou=pki-test,o=nowina solutions,cn=external-ca
11:39:09.381 [pool-7-thread-67] INFO eu.europa.esig.dss.spi.x509.TokenIssuerSelector - ISSUER SUBJECT : c=lu,ou=pki-test,o=nowina solutions,cn=external-ca-alternative
11:39:09.382 [pool-7-thread-39] WARN eu.europa.esig.dss.spi.x509.TokenIssuerSelector - No issuer found for the token creation date. The process continues with an issuer which has the same public key.
11:39:09.383 [pool-7-thread-39] WARN eu.europa.esig.dss.spi.x509.TokenIssuerSelector - No issuer found for the token creation date. The process continues with an issuer which has the same public key.
11:39:09.385 [pool-7-thread-72] WARN eu.europa.esig.dss.spi.x509.TokenIssuerSelector - No issuer found for the token creation date. The process continues with an issuer which has the same public key.
11:39:09.386 [pool-7-thread-72] WARN eu.europa.esig.dss.spi.x509.TokenIssuerSelector - No issuer found for the token creation date. The process continues with an issuer which has the same public key.
11:39:09.387 [pool-7-thread-44] WARN eu.europa.esig.dss.spi.x509.TokenIssuerSelector - No issuer found for the token creation date. The process continues with an issuer which has the same public key.
11:39:09.389 [pool-7-thread-83] WARN eu.europa.esig.dss.spi.x509.TokenIssuerSelector - No issuer found for the token creation date. The process continues with an issuer which has the same public key.
11:39:09.391 [pool-7-thread-96] WARN eu.europa.esig.dss.spi.x509.TokenIssuerSelector - No issuer found for the token creation date. The process continues with an issuer which has the same public key.
11:39:09.393 [pool-7-thread-79] WARN eu.europa.esig.dss.spi.x509.TokenIssuerSelector - No issuer found for the token creation date. The process continues with an issuer which has the same public key.
11:39:09.398 [pool-7-thread-79] INFO eu.europa.esig.dss.spi.x509.TokenIssuerSelector - The issuer subject name and subject name does not match (more details in debug mode).
11:39:09.398 [pool-7-thread-79] INFO eu.europa.esig.dss.spi.x509.TokenIssuerSelector - CERT ISSUER    : c=lu,ou=pki-test,o=nowina solutions,cn=external-ca
11:39:09.398 [pool-7-thread-79] INFO eu.europa.esig.dss.spi.x509.TokenIssuerSelector - ISSUER SUBJECT : c=lu,ou=pki-test,o=nowina solutions,cn=external-ca-alternative
11:39:09.399 [pool-7-thread-79] INFO eu.europa.esig.dss.spi.x509.TokenIssuerSelector - The issuer subject name and subject name does not match (more details in debug mode).
11:39:09.399 [pool-7-thread-79] INFO eu.europa.esig.dss.spi.x509.TokenIssuerSelector - CERT ISSUER    : c=lu,ou=pki-test,o=nowina solutions,cn=external-ca
11:39:09.399 [pool-7-thread-79] INFO eu.europa.esig.dss.spi.x509.TokenIssuerSelector - ISSUER SUBJECT : c=lu,ou=pki-test,o=nowina solutions,cn=external-ca-alternative
11:39:09.399 [pool-7-thread-79] INFO eu.europa.esig.dss.spi.x509.TokenIssuerSelector - The issuer subject name and subject name does not match (more details in debug mode).
11:39:09.399 [pool-7-thread-79] INFO eu.europa.esig.dss.spi.x509.TokenIssuerSelector - CERT ISSUER    : c=lu,ou=pki-test,o=nowina solutions,cn=external-ca
11:39:09.399 [pool-7-thread-79] INFO eu.europa.esig.dss.spi.x509.TokenIssuerSelector - ISSUER SUBJECT : c=lu,ou=pki-test,o=nowina solutions,cn=external-ca-alternative
11:39:09.402 [pool-7-thread-79] WARN eu.europa.esig.dss.spi.x509.TokenIssuerSelector - No issuer found for the token creation date. The process continues with an issuer which has the same public key.
11:39:09.409 [pool-7-thread-93] INFO eu.europa.esig.dss.spi.x509.TokenIssuerSelector - The issuer subject name and subject name does not match (more details in debug mode).
11:39:09.409 [pool-7-thread-93] INFO eu.europa.esig.dss.spi.x509.TokenIssuerSelector - CERT ISSUER    : c=lu,ou=pki-test,o=nowina solutions,cn=external-ca
11:39:09.409 [pool-7-thread-93] INFO eu.europa.esig.dss.spi.x509.TokenIssuerSelector - ISSUER SUBJECT : c=lu,ou=pki-test,o=nowina solutions,cn=external-ca-alternative
11:39:09.409 [pool-7-thread-93] INFO eu.europa.esig.dss.spi.x509.TokenIssuerSelector - The issuer subject name and subject name does not match (more details in debug mode).
11:39:09.409 [pool-7-thread-93] INFO eu.europa.esig.dss.spi.x509.TokenIssuerSelector - CERT ISSUER    : c=lu,ou=pki-test,o=nowina solutions,cn=external-ca
11:39:09.409 [pool-7-thread-93] INFO eu.europa.esig.dss.spi.x509.TokenIssuerSelector - ISSUER SUBJECT : c=lu,ou=pki-test,o=nowina solutions,cn=external-ca-alternative
11:39:09.409 [pool-7-thread-93] INFO eu.europa.esig.dss.spi.x509.TokenIssuerSelector - The issuer subject name and subject name does not match (more details in debug mode).
11:39:09.409 [pool-7-thread-93] INFO eu.europa.esig.dss.spi.x509.TokenIssuerSelector - CERT ISSUER    : c=lu,ou=pki-test,o=nowina solutions,cn=external-ca
11:39:09.410 [pool-7-thread-93] INFO eu.europa.esig.dss.spi.x509.TokenIssuerSelector - ISSUER SUBJECT : c=lu,ou=pki-test,o=nowina solutions,cn=external-ca-alternative
11:39:09.411 [pool-7-thread-35] WARN eu.europa.esig.dss.spi.x509.TokenIssuerSelector - No issuer found for the token creation date. The process continues with an issuer which has the same public key.
11:39:09.414 [pool-7-thread-82] INFO eu.europa.esig.dss.spi.x509.TokenIssuerSelector - The issuer subject name and subject name does not match (more details in debug mode).
11:39:09.414 [pool-7-thread-82] INFO eu.europa.esig.dss.spi.x509.TokenIssuerSelector - CERT ISSUER    : c=lu,ou=pki-test,o=nowina solutions,cn=external-ca
11:39:09.414 [pool-7-thread-82] INFO eu.europa.esig.dss.spi.x509.TokenIssuerSelector - ISSUER SUBJECT : c=lu,ou=pki-test,o=nowina solutions,cn=external-ca-alternative
11:39:09.414 [pool-7-thread-82] INFO eu.europa.esig.dss.spi.x509.TokenIssuerSelector - The issuer subject name and subject name does not match (more details in debug mode).
11:39:09.414 [pool-7-thread-82] INFO eu.europa.esig.dss.spi.x509.TokenIssuerSelector - CERT ISSUER    : c=lu,ou=pki-test,o=nowina solutions,cn=external-ca
11:39:09.414 [pool-7-thread-82] INFO eu.europa.esig.dss.spi.x509.TokenIssuerSelector - ISSUER SUBJECT : c=lu,ou=pki-test,o=nowina solutions,cn=external-ca-alternative
11:39:09.414 [pool-7-thread-82] INFO eu.europa.esig.dss.spi.x509.TokenIssuerSelector - The issuer subject name and subject name does not match (more details in debug mode).
11:39:09.414 [pool-7-thread-82] INFO eu.europa.esig.dss.spi.x509.TokenIssuerSelector - CERT ISSUER    : c=lu,ou=pki-test,o=nowina solutions,cn=external-ca
11:39:09.414 [pool-7-thread-82] INFO eu.europa.esig.dss.spi.x509.TokenIssuerSelector - ISSUER SUBJECT : c=lu,ou=pki-test,o=nowina solutions,cn=external-ca-alternative
11:39:09.415 [pool-7-thread-93] WARN eu.europa.esig.dss.spi.x509.TokenIssuerSelector - No issuer found for the token creation date. The process continues with an issuer which has the same public key.
11:39:09.416 [pool-7-thread-35] INFO eu.europa.esig.dss.spi.x509.TokenIssuerSelector - The issuer subject name and subject name does not match (more details in debug mode).
11:39:09.416 [pool-7-thread-100] WARN eu.europa.esig.dss.spi.x509.TokenIssuerSelector - No issuer found for the token creation date. The process continues with an issuer which has the same public key.
11:39:09.416 [pool-7-thread-35] INFO eu.europa.esig.dss.spi.x509.TokenIssuerSelector - CERT ISSUER    : c=lu,ou=pki-test,o=nowina solutions,cn=external-ca
11:39:09.416 [pool-7-thread-35] INFO eu.europa.esig.dss.spi.x509.TokenIssuerSelector - ISSUER SUBJECT : c=lu,ou=pki-test,o=nowina solutions,cn=external-ca-alternative
11:39:09.417 [pool-7-thread-35] INFO eu.europa.esig.dss.spi.x509.TokenIssuerSelector - The issuer subject name and subject name does not match (more details in debug mode).
11:39:09.417 [pool-7-thread-35] INFO eu.europa.esig.dss.spi.x509.TokenIssuerSelector - CERT ISSUER    : c=lu,ou=pki-test,o=nowina solutions,cn=external-ca
11:39:09.417 [pool-7-thread-100] WARN eu.europa.esig.dss.spi.x509.TokenIssuerSelector - No issuer found for the token creation date. The process continues with an issuer which has the same public key.
11:39:09.417 [pool-7-thread-35] INFO eu.europa.esig.dss.spi.x509.TokenIssuerSelector - ISSUER SUBJECT : c=lu,ou=pki-test,o=nowina solutions,cn=external-ca-alternative
11:39:09.417 [pool-7-thread-35] INFO eu.europa.esig.dss.spi.x509.TokenIssuerSelector - The issuer subject name and subject name does not match (more details in debug mode).
11:39:09.417 [pool-7-thread-35] INFO eu.europa.esig.dss.spi.x509.TokenIssuerSelector - CERT ISSUER    : c=lu,ou=pki-test,o=nowina solutions,cn=external-ca
11:39:09.417 [pool-7-thread-35] INFO eu.europa.esig.dss.spi.x509.TokenIssuerSelector - ISSUER SUBJECT : c=lu,ou=pki-test,o=nowina solutions,cn=external-ca-alternative
11:39:09.421 [pool-7-thread-26] WARN eu.europa.esig.dss.spi.x509.TokenIssuerSelector - No issuer found for the token creation date. The process continues with an issuer which has the same public key.
11:39:09.422 [pool-7-thread-40] WARN eu.europa.esig.dss.spi.x509.TokenIssuerSelector - No issuer found for the token creation date. The process continues with an issuer which has the same public key.
11:39:09.423 [pool-7-thread-40] WARN eu.europa.esig.dss.spi.x509.TokenIssuerSelector - No issuer found for the token creation date. The process continues with an issuer which has the same public key.
11:39:09.424 [pool-7-thread-40] INFO eu.europa.esig.dss.spi.x509.TokenIssuerSelector - The issuer subject name and subject name does not match (more details in debug mode).
11:39:09.424 [pool-7-thread-40] INFO eu.europa.esig.dss.spi.x509.TokenIssuerSelector - CERT ISSUER    : c=lu,ou=pki-test,o=nowina solutions,cn=external-ca
11:39:09.424 [pool-7-thread-40] INFO eu.europa.esig.dss.spi.x509.TokenIssuerSelector - ISSUER SUBJECT : c=lu,ou=pki-test,o=nowina solutions,cn=external-ca-alternative
11:39:09.424 [pool-7-thread-40] INFO eu.europa.esig.dss.spi.x509.TokenIssuerSelector - The issuer subject name and subject name does not match (more details in debug mode).
11:39:09.424 [pool-7-thread-40] INFO eu.europa.esig.dss.spi.x509.TokenIssuerSelector - CERT ISSUER    : c=lu,ou=pki-test,o=nowina solutions,cn=external-ca
11:39:09.424 [pool-7-thread-40] INFO eu.europa.esig.dss.spi.x509.TokenIssuerSelector - ISSUER SUBJECT : c=lu,ou=pki-test,o=nowina solutions,cn=external-ca-alternative
11:39:09.424 [pool-7-thread-36] WARN eu.europa.esig.dss.spi.x509.TokenIssuerSelector - No issuer found for the token creation date. The process continues with an issuer which has the same public key.
11:39:09.424 [pool-7-thread-40] INFO eu.europa.esig.dss.spi.x509.TokenIssuerSelector - The issuer subject name and subject name does not match (more details in debug mode).
11:39:09.424 [pool-7-thread-40] INFO eu.europa.esig.dss.spi.x509.TokenIssuerSelector - CERT ISSUER    : c=lu,ou=pki-test,o=nowina solutions,cn=external-ca
11:39:09.424 [pool-7-thread-40] INFO eu.europa.esig.dss.spi.x509.TokenIssuerSelector - ISSUER SUBJECT : c=lu,ou=pki-test,o=nowina solutions,cn=external-ca-alternative
11:39:09.437 [pool-7-thread-91] WARN eu.europa.esig.dss.spi.x509.TokenIssuerSelector - No issuer found for the token creation date. The process continues with an issuer which has the same public key.
11:39:09.438 [pool-7-thread-28] WARN eu.europa.esig.dss.spi.x509.TokenIssuerSelector - No issuer found for the token creation date. The process continues with an issuer which has the same public key.
11:39:09.453 [pool-7-thread-46] WARN eu.europa.esig.dss.spi.x509.TokenIssuerSelector - No issuer found for the token creation date. The process continues with an issuer which has the same public key.
11:39:09.456 [pool-7-thread-21] WARN eu.europa.esig.dss.spi.x509.TokenIssuerSelector - No issuer found for the token creation date. The process continues with an issuer which has the same public key.
11:39:09.456 [pool-7-thread-21] WARN eu.europa.esig.dss.spi.x509.TokenIssuerSelector - No issuer found for the token creation date. The process continues with an issuer which has the same public key.
11:39:09.458 [pool-7-thread-21] INFO eu.europa.esig.dss.spi.x509.TokenIssuerSelector - The issuer subject name and subject name does not match (more details in debug mode).
11:39:09.458 [pool-7-thread-21] INFO eu.europa.esig.dss.spi.x509.TokenIssuerSelector - CERT ISSUER    : c=lu,ou=pki-test,o=nowina solutions,cn=external-ca
11:39:09.458 [pool-7-thread-21] INFO eu.europa.esig.dss.spi.x509.TokenIssuerSelector - ISSUER SUBJECT : c=lu,ou=pki-test,o=nowina solutions,cn=external-ca-alternative
11:39:09.458 [pool-7-thread-21] INFO eu.europa.esig.dss.spi.x509.TokenIssuerSelector - The issuer subject name and subject name does not match (more details in debug mode).
11:39:09.458 [pool-7-thread-21] INFO eu.europa.esig.dss.spi.x509.TokenIssuerSelector - CERT ISSUER    : c=lu,ou=pki-test,o=nowina solutions,cn=external-ca
11:39:09.458 [pool-7-thread-21] INFO eu.europa.esig.dss.spi.x509.TokenIssuerSelector - ISSUER SUBJECT : c=lu,ou=pki-test,o=nowina solutions,cn=external-ca-alternative
11:39:09.458 [pool-7-thread-21] INFO eu.europa.esig.dss.spi.x509.TokenIssuerSelector - The issuer subject name and subject name does not match (more details in debug mode).
11:39:09.458 [pool-7-thread-21] INFO eu.europa.esig.dss.spi.x509.TokenIssuerSelector - CERT ISSUER    : c=lu,ou=pki-test,o=nowina solutions,cn=external-ca
11:39:09.458 [pool-7-thread-21] INFO eu.europa.esig.dss.spi.x509.TokenIssuerSelector - ISSUER SUBJECT : c=lu,ou=pki-test,o=nowina solutions,cn=external-ca-alternative
11:39:09.459 [pool-7-thread-3] WARN eu.europa.esig.dss.spi.x509.TokenIssuerSelector - No issuer found for the token creation date. The process continues with an issuer which has the same public key.
11:39:09.459 [pool-7-thread-3] WARN eu.europa.esig.dss.spi.x509.TokenIssuerSelector - No issuer found for the token creation date. The process continues with an issuer which has the same public key.
11:39:09.462 [pool-7-thread-3] INFO eu.europa.esig.dss.spi.x509.TokenIssuerSelector - The issuer subject name and subject name does not match (more details in debug mode).
11:39:09.463 [pool-7-thread-3] INFO eu.europa.esig.dss.spi.x509.TokenIssuerSelector - CERT ISSUER    : c=lu,ou=pki-test,o=nowina solutions,cn=external-ca
11:39:09.463 [pool-7-thread-3] INFO eu.europa.esig.dss.spi.x509.TokenIssuerSelector - ISSUER SUBJECT : c=lu,ou=pki-test,o=nowina solutions,cn=external-ca-alternative
11:39:09.463 [pool-7-thread-3] INFO eu.europa.esig.dss.spi.x509.TokenIssuerSelector - The issuer subject name and subject name does not match (more details in debug mode).
11:39:09.463 [pool-7-thread-21] WARN eu.europa.esig.dss.spi.x509.TokenIssuerSelector - No issuer found for the token creation date. The process continues with an issuer which has the same public key.
11:39:09.463 [pool-7-thread-3] INFO eu.europa.esig.dss.spi.x509.TokenIssuerSelector - CERT ISSUER    : c=lu,ou=pki-test,o=nowina solutions,cn=external-ca
11:39:09.463 [pool-7-thread-3] INFO eu.europa.esig.dss.spi.x509.TokenIssuerSelector - ISSUER SUBJECT : c=lu,ou=pki-test,o=nowina solutions,cn=external-ca-alternative
11:39:09.463 [pool-7-thread-3] INFO eu.europa.esig.dss.spi.x509.TokenIssuerSelector - The issuer subject name and subject name does not match (more details in debug mode).
11:39:09.463 [pool-7-thread-3] INFO eu.europa.esig.dss.spi.x509.TokenIssuerSelector - CERT ISSUER    : c=lu,ou=pki-test,o=nowina solutions,cn=external-ca
11:39:09.463 [pool-7-thread-3] INFO eu.europa.esig.dss.spi.x509.TokenIssuerSelector - ISSUER SUBJECT : c=lu,ou=pki-test,o=nowina solutions,cn=external-ca-alternative
11:39:09.464 [pool-7-thread-21] WARN eu.europa.esig.dss.spi.x509.TokenIssuerSelector - No issuer found for the token creation date. The process continues with an issuer which has the same public key.
11:39:09.466 [pool-7-thread-21] INFO eu.europa.esig.dss.spi.x509.TokenIssuerSelector - The issuer subject name and subject name does not match (more details in debug mode).
11:39:09.466 [pool-7-thread-21] INFO eu.europa.esig.dss.spi.x509.TokenIssuerSelector - CERT ISSUER    : c=lu,ou=pki-test,o=nowina solutions,cn=external-ca
11:39:09.466 [pool-7-thread-21] INFO eu.europa.esig.dss.spi.x509.TokenIssuerSelector - ISSUER SUBJECT : c=lu,ou=pki-test,o=nowina solutions,cn=external-ca-alternative
11:39:09.466 [pool-7-thread-21] INFO eu.europa.esig.dss.spi.x509.TokenIssuerSelector - The issuer subject name and subject name does not match (more details in debug mode).
11:39:09.466 [pool-7-thread-21] INFO eu.europa.esig.dss.spi.x509.TokenIssuerSelector - CERT ISSUER    : c=lu,ou=pki-test,o=nowina solutions,cn=external-ca
11:39:09.466 [pool-7-thread-21] INFO eu.europa.esig.dss.spi.x509.TokenIssuerSelector - ISSUER SUBJECT : c=lu,ou=pki-test,o=nowina solutions,cn=external-ca-alternative
11:39:09.466 [pool-7-thread-21] INFO eu.europa.esig.dss.spi.x509.TokenIssuerSelector - The issuer subject name and subject name does not match (more details in debug mode).
11:39:09.466 [pool-7-thread-21] INFO eu.europa.esig.dss.spi.x509.TokenIssuerSelector - CERT ISSUER    : c=lu,ou=pki-test,o=nowina solutions,cn=external-ca
11:39:09.466 [pool-7-thread-21] INFO eu.europa.esig.dss.spi.x509.TokenIssuerSelector - ISSUER SUBJECT : c=lu,ou=pki-test,o=nowina solutions,cn=external-ca-alternative
11:39:09.466 [pool-7-thread-3] WARN eu.europa.esig.dss.spi.x509.TokenIssuerSelector - No issuer found for the token creation date. The process continues with an issuer which has the same public key.
11:39:09.467 [pool-7-thread-3] WARN eu.europa.esig.dss.spi.x509.TokenIssuerSelector - No issuer found for the token creation date. The process continues with an issuer which has the same public key.
11:39:09.468 [pool-7-thread-3] INFO eu.europa.esig.dss.spi.x509.TokenIssuerSelector - The issuer subject name and subject name does not match (more details in debug mode).
11:39:09.468 [pool-7-thread-3] INFO eu.europa.esig.dss.spi.x509.TokenIssuerSelector - CERT ISSUER    : c=lu,ou=pki-test,o=nowina solutions,cn=external-ca
11:39:09.468 [pool-7-thread-3] INFO eu.europa.esig.dss.spi.x509.TokenIssuerSelector - ISSUER SUBJECT : c=lu,ou=pki-test,o=nowina solutions,cn=external-ca-alternative
11:39:09.469 [pool-7-thread-3] INFO eu.europa.esig.dss.spi.x509.TokenIssuerSelector - The issuer subject name and subject name does not match (more details in debug mode).
11:39:09.469 [pool-7-thread-3] INFO eu.europa.esig.dss.spi.x509.TokenIssuerSelector - CERT ISSUER    : c=lu,ou=pki-test,o=nowina solutions,cn=external-ca
11:39:09.469 [pool-7-thread-3] INFO eu.europa.esig.dss.spi.x509.TokenIssuerSelector - ISSUER SUBJECT : c=lu,ou=pki-test,o=nowina solutions,cn=external-ca-alternative
11:39:09.469 [pool-7-thread-3] INFO eu.europa.esig.dss.spi.x509.TokenIssuerSelector - The issuer subject name and subject name does not match (more details in debug mode).
11:39:09.469 [pool-7-thread-3] INFO eu.europa.esig.dss.spi.x509.TokenIssuerSelector - CERT ISSUER    : c=lu,ou=pki-test,o=nowina solutions,cn=external-ca
11:39:09.469 [pool-7-thread-3] INFO eu.europa.esig.dss.spi.x509.TokenIssuerSelector - ISSUER SUBJECT : c=lu,ou=pki-test,o=nowina solutions,cn=external-ca-alternative
11:39:09.469 [pool-7-thread-6] WARN eu.europa.esig.dss.spi.x509.TokenIssuerSelector - No issuer found for the token creation date. The process continues with an issuer which has the same public key.
11:39:09.470 [pool-7-thread-31] WARN eu.europa.esig.dss.spi.x509.TokenIssuerSelector - No issuer found for the token creation date. The process continues with an issuer which has the same public key.
11:39:09.472 [pool-7-thread-29] WARN eu.europa.esig.dss.spi.x509.TokenIssuerSelector - No issuer found for the token creation date. The process continues with an issuer which has the same public key.
11:39:09.474 [pool-7-thread-29] INFO eu.europa.esig.dss.spi.x509.TokenIssuerSelector - The issuer subject name and subject name does not match (more details in debug mode).
11:39:09.474 [pool-7-thread-29] INFO eu.europa.esig.dss.spi.x509.TokenIssuerSelector - CERT ISSUER    : c=lu,ou=pki-test,o=nowina solutions,cn=external-ca
11:39:09.474 [pool-7-thread-29] INFO eu.europa.esig.dss.spi.x509.TokenIssuerSelector - ISSUER SUBJECT : c=lu,ou=pki-test,o=nowina solutions,cn=external-ca-alternative
11:39:09.474 [pool-7-thread-29] INFO eu.europa.esig.dss.spi.x509.TokenIssuerSelector - The issuer subject name and subject name does not match (more details in debug mode).
11:39:09.474 [pool-7-thread-29] INFO eu.europa.esig.dss.spi.x509.TokenIssuerSelector - CERT ISSUER    : c=lu,ou=pki-test,o=nowina solutions,cn=external-ca
11:39:09.474 [pool-7-thread-29] INFO eu.europa.esig.dss.spi.x509.TokenIssuerSelector - ISSUER SUBJECT : c=lu,ou=pki-test,o=nowina solutions,cn=external-ca-alternative
11:39:09.474 [pool-7-thread-29] INFO eu.europa.esig.dss.spi.x509.TokenIssuerSelector - The issuer subject name and subject name does not match (more details in debug mode).
11:39:09.474 [pool-7-thread-29] INFO eu.europa.esig.dss.spi.x509.TokenIssuerSelector - CERT ISSUER    : c=lu,ou=pki-test,o=nowina solutions,cn=external-ca
11:39:09.474 [pool-7-thread-29] INFO eu.europa.esig.dss.spi.x509.TokenIssuerSelector - ISSUER SUBJECT : c=lu,ou=pki-test,o=nowina solutions,cn=external-ca-alternative
11:39:09.479 [pool-7-thread-29] WARN eu.europa.esig.dss.spi.x509.TokenIssuerSelector - No issuer found for the token creation date. The process continues with an issuer which has the same public key.
11:39:09.480 [pool-7-thread-29] WARN eu.europa.esig.dss.spi.x509.TokenIssuerSelector - No issuer found for the token creation date. The process continues with an issuer which has the same public key.
11:39:09.482 [pool-7-thread-14] WARN eu.europa.esig.dss.spi.x509.TokenIssuerSelector - No issuer found for the token creation date. The process continues with an issuer which has the same public key.
11:39:09.483 [pool-7-thread-92] WARN eu.europa.esig.dss.spi.x509.TokenIssuerSelector - No issuer found for the token creation date. The process continues with an issuer which has the same public key.
11:39:09.485 [pool-7-thread-11] WARN eu.europa.esig.dss.spi.x509.TokenIssuerSelector - No issuer found for the token creation date. The process continues with an issuer which has the same public key.
11:39:09.485 [pool-7-thread-92] INFO eu.europa.esig.dss.spi.x509.TokenIssuerSelector - The issuer subject name and subject name does not match (more details in debug mode).
11:39:09.485 [pool-7-thread-92] INFO eu.europa.esig.dss.spi.x509.TokenIssuerSelector - CERT ISSUER    : c=lu,ou=pki-test,o=nowina solutions,cn=external-ca
11:39:09.485 [pool-7-thread-92] INFO eu.europa.esig.dss.spi.x509.TokenIssuerSelector - ISSUER SUBJECT : c=lu,ou=pki-test,o=nowina solutions,cn=external-ca-alternative
11:39:09.486 [pool-7-thread-92] INFO eu.europa.esig.dss.spi.x509.TokenIssuerSelector - The issuer subject name and subject name does not match (more details in debug mode).
11:39:09.486 [pool-7-thread-92] INFO eu.europa.esig.dss.spi.x509.TokenIssuerSelector - CERT ISSUER    : c=lu,ou=pki-test,o=nowina solutions,cn=external-ca
11:39:09.486 [pool-7-thread-92] INFO eu.europa.esig.dss.spi.x509.TokenIssuerSelector - ISSUER SUBJECT : c=lu,ou=pki-test,o=nowina solutions,cn=external-ca-alternative
11:39:09.486 [pool-7-thread-92] INFO eu.europa.esig.dss.spi.x509.TokenIssuerSelector - The issuer subject name and subject name does not match (more details in debug mode).
11:39:09.486 [pool-7-thread-92] INFO eu.europa.esig.dss.spi.x509.TokenIssuerSelector - CERT ISSUER    : c=lu,ou=pki-test,o=nowina solutions,cn=external-ca
11:39:09.486 [pool-7-thread-92] INFO eu.europa.esig.dss.spi.x509.TokenIssuerSelector - ISSUER SUBJECT : c=lu,ou=pki-test,o=nowina solutions,cn=external-ca-alternative
11:39:09.486 [pool-7-thread-11] INFO eu.europa.esig.dss.spi.x509.TokenIssuerSelector - The issuer subject name and subject name does not match (more details in debug mode).
11:39:09.487 [pool-7-thread-11] INFO eu.europa.esig.dss.spi.x509.TokenIssuerSelector - CERT ISSUER    : c=lu,ou=pki-test,o=nowina solutions,cn=external-ca
11:39:09.487 [pool-7-thread-11] INFO eu.europa.esig.dss.spi.x509.TokenIssuerSelector - ISSUER SUBJECT : c=lu,ou=pki-test,o=nowina solutions,cn=external-ca-alternative
11:39:09.487 [pool-7-thread-11] INFO eu.europa.esig.dss.spi.x509.TokenIssuerSelector - The issuer subject name and subject name does not match (more details in debug mode).
11:39:09.487 [pool-7-thread-11] INFO eu.europa.esig.dss.spi.x509.TokenIssuerSelector - CERT ISSUER    : c=lu,ou=pki-test,o=nowina solutions,cn=external-ca
11:39:09.487 [pool-7-thread-11] INFO eu.europa.esig.dss.spi.x509.TokenIssuerSelector - ISSUER SUBJECT : c=lu,ou=pki-test,o=nowina solutions,cn=external-ca-alternative
11:39:09.487 [pool-7-thread-11] INFO eu.europa.esig.dss.spi.x509.TokenIssuerSelector - The issuer subject name and subject name does not match (more details in debug mode).
11:39:09.487 [pool-7-thread-11] INFO eu.europa.esig.dss.spi.x509.TokenIssuerSelector - CERT ISSUER    : c=lu,ou=pki-test,o=nowina solutions,cn=external-ca
11:39:09.487 [pool-7-thread-11] INFO eu.europa.esig.dss.spi.x509.TokenIssuerSelector - ISSUER SUBJECT : c=lu,ou=pki-test,o=nowina solutions,cn=external-ca-alternative
11:39:09.489 [pool-7-thread-92] WARN eu.europa.esig.dss.spi.x509.TokenIssuerSelector - No issuer found for the token creation date. The process continues with an issuer which has the same public key.
11:39:09.489 [pool-7-thread-92] WARN eu.europa.esig.dss.spi.x509.TokenIssuerSelector - No issuer found for the token creation date. The process continues with an issuer which has the same public key.
11:39:09.491 [pool-7-thread-92] INFO eu.europa.esig.dss.spi.x509.TokenIssuerSelector - The issuer subject name and subject name does not match (more details in debug mode).
11:39:09.491 [pool-7-thread-92] INFO eu.europa.esig.dss.spi.x509.TokenIssuerSelector - CERT ISSUER    : c=lu,ou=pki-test,o=nowina solutions,cn=external-ca
11:39:09.491 [pool-7-thread-92] INFO eu.europa.esig.dss.spi.x509.TokenIssuerSelector - ISSUER SUBJECT : c=lu,ou=pki-test,o=nowina solutions,cn=external-ca-alternative
11:39:09.491 [pool-7-thread-92] INFO eu.europa.esig.dss.spi.x509.TokenIssuerSelector - The issuer subject name and subject name does not match (more details in debug mode).
11:39:09.491 [pool-7-thread-92] INFO eu.europa.esig.dss.spi.x509.TokenIssuerSelector - CERT ISSUER    : c=lu,ou=pki-test,o=nowina solutions,cn=external-ca
11:39:09.491 [pool-7-thread-92] INFO eu.europa.esig.dss.spi.x509.TokenIssuerSelector - ISSUER SUBJECT : c=lu,ou=pki-test,o=nowina solutions,cn=external-ca-alternative
11:39:09.491 [pool-7-thread-92] INFO eu.europa.esig.dss.spi.x509.TokenIssuerSelector - The issuer subject name and subject name does not match (more details in debug mode).
11:39:09.491 [pool-7-thread-92] INFO eu.europa.esig.dss.spi.x509.TokenIssuerSelector - CERT ISSUER    : c=lu,ou=pki-test,o=nowina solutions,cn=external-ca
11:39:09.491 [pool-7-thread-92] INFO eu.europa.esig.dss.spi.x509.TokenIssuerSelector - ISSUER SUBJECT : c=lu,ou=pki-test,o=nowina solutions,cn=external-ca-alternative
11:39:09.494 [pool-7-thread-13] WARN eu.europa.esig.dss.spi.x509.TokenIssuerSelector - No issuer found for the token creation date. The process continues with an issuer which has the same public key.
11:39:09.498 [pool-7-thread-13] INFO eu.europa.esig.dss.spi.x509.TokenIssuerSelector - The issuer subject name and subject name does not match (more details in debug mode).
11:39:09.498 [pool-7-thread-13] INFO eu.europa.esig.dss.spi.x509.TokenIssuerSelector - CERT ISSUER    : c=lu,ou=pki-test,o=nowina solutions,cn=external-ca
11:39:09.498 [pool-7-thread-13] INFO eu.europa.esig.dss.spi.x509.TokenIssuerSelector - ISSUER SUBJECT : c=lu,ou=pki-test,o=nowina solutions,cn=external-ca-alternative
11:39:09.498 [pool-7-thread-13] INFO eu.europa.esig.dss.spi.x509.TokenIssuerSelector - The issuer subject name and subject name does not match (more details in debug mode).
11:39:09.498 [pool-7-thread-13] INFO eu.europa.esig.dss.spi.x509.TokenIssuerSelector - CERT ISSUER    : c=lu,ou=pki-test,o=nowina solutions,cn=external-ca
11:39:09.498 [pool-7-thread-13] INFO eu.europa.esig.dss.spi.x509.TokenIssuerSelector - ISSUER SUBJECT : c=lu,ou=pki-test,o=nowina solutions,cn=external-ca-alternative
11:39:09.498 [pool-7-thread-13] INFO eu.europa.esig.dss.spi.x509.TokenIssuerSelector - The issuer subject name and subject name does not match (more details in debug mode).
11:39:09.498 [pool-7-thread-13] INFO eu.europa.esig.dss.spi.x509.TokenIssuerSelector - CERT ISSUER    : c=lu,ou=pki-test,o=nowina solutions,cn=external-ca
11:39:09.498 [pool-7-thread-13] INFO eu.europa.esig.dss.spi.x509.TokenIssuerSelector - ISSUER SUBJECT : c=lu,ou=pki-test,o=nowina solutions,cn=external-ca-alternative
11:39:09.500 [pool-7-thread-14] WARN eu.europa.esig.dss.spi.x509.TokenIssuerSelector - No issuer found for the token creation date. The process continues with an issuer which has the same public key.
11:39:09.502 [pool-7-thread-13] WARN eu.europa.esig.dss.spi.x509.TokenIssuerSelector - No issuer found for the token creation date. The process continues with an issuer which has the same public key.
11:39:09.504 [pool-7-thread-4] WARN eu.europa.esig.dss.spi.x509.TokenIssuerSelector - No issuer found for the token creation date. The process continues with an issuer which has the same public key.
11:39:09.505 [pool-7-thread-30] WARN eu.europa.esig.dss.spi.x509.TokenIssuerSelector - No issuer found for the token creation date. The process continues with an issuer which has the same public key.
11:39:09.506 [pool-7-thread-30] WARN eu.europa.esig.dss.spi.x509.TokenIssuerSelector - No issuer found for the token creation date. The process continues with an issuer which has the same public key.
11:39:09.508 [pool-7-thread-30] INFO eu.europa.esig.dss.spi.x509.TokenIssuerSelector - The issuer subject name and subject name does not match (more details in debug mode).
11:39:09.509 [pool-7-thread-30] INFO eu.europa.esig.dss.spi.x509.TokenIssuerSelector - CERT ISSUER    : c=lu,ou=pki-test,o=nowina solutions,cn=external-ca
11:39:09.509 [pool-7-thread-30] INFO eu.europa.esig.dss.spi.x509.TokenIssuerSelector - ISSUER SUBJECT : c=lu,ou=pki-test,o=nowina solutions,cn=external-ca-alternative
11:39:09.509 [pool-7-thread-30] INFO eu.europa.esig.dss.spi.x509.TokenIssuerSelector - The issuer subject name and subject name does not match (more details in debug mode).
11:39:09.509 [pool-7-thread-30] INFO eu.europa.esig.dss.spi.x509.TokenIssuerSelector - CERT ISSUER    : c=lu,ou=pki-test,o=nowina solutions,cn=external-ca
11:39:09.509 [pool-7-thread-30] INFO eu.europa.esig.dss.spi.x509.TokenIssuerSelector - ISSUER SUBJECT : c=lu,ou=pki-test,o=nowina solutions,cn=external-ca-alternative
11:39:09.509 [pool-7-thread-30] INFO eu.europa.esig.dss.spi.x509.TokenIssuerSelector - The issuer subject name and subject name does not match (more details in debug mode).
11:39:09.509 [pool-7-thread-30] INFO eu.europa.esig.dss.spi.x509.TokenIssuerSelector - CERT ISSUER    : c=lu,ou=pki-test,o=nowina solutions,cn=external-ca
11:39:09.509 [pool-7-thread-30] INFO eu.europa.esig.dss.spi.x509.TokenIssuerSelector - ISSUER SUBJECT : c=lu,ou=pki-test,o=nowina solutions,cn=external-ca-alternative
11:39:09.517 [pool-7-thread-29] INFO eu.europa.esig.dss.spi.x509.TokenIssuerSelector - The issuer subject name and subject name does not match (more details in debug mode).
11:39:09.517 [pool-7-thread-30] WARN eu.europa.esig.dss.spi.x509.TokenIssuerSelector - No issuer found for the token creation date. The process continues with an issuer which has the same public key.
11:39:09.517 [pool-7-thread-29] INFO eu.europa.esig.dss.spi.x509.TokenIssuerSelector - CERT ISSUER    : c=lu,ou=pki-test,o=nowina solutions,cn=external-ca
11:39:09.517 [pool-7-thread-29] INFO eu.europa.esig.dss.spi.x509.TokenIssuerSelector - ISSUER SUBJECT : c=lu,ou=pki-test,o=nowina solutions,cn=external-ca-alternative
11:39:09.517 [pool-7-thread-29] INFO eu.europa.esig.dss.spi.x509.TokenIssuerSelector - The issuer subject name and subject name does not match (more details in debug mode).
11:39:09.517 [pool-7-thread-29] INFO eu.europa.esig.dss.spi.x509.TokenIssuerSelector - CERT ISSUER    : c=lu,ou=pki-test,o=nowina solutions,cn=external-ca
11:39:09.517 [pool-7-thread-29] INFO eu.europa.esig.dss.spi.x509.TokenIssuerSelector - ISSUER SUBJECT : c=lu,ou=pki-test,o=nowina solutions,cn=external-ca-alternative
11:39:09.517 [pool-7-thread-29] INFO eu.europa.esig.dss.spi.x509.TokenIssuerSelector - The issuer subject name and subject name does not match (more details in debug mode).
11:39:09.517 [pool-7-thread-29] INFO eu.europa.esig.dss.spi.x509.TokenIssuerSelector - CERT ISSUER    : c=lu,ou=pki-test,o=nowina solutions,cn=external-ca
11:39:09.517 [pool-7-thread-29] INFO eu.europa.esig.dss.spi.x509.TokenIssuerSelector - ISSUER SUBJECT : c=lu,ou=pki-test,o=nowina solutions,cn=external-ca-alternative
11:39:09.517 [pool-7-thread-30] WARN eu.europa.esig.dss.spi.x509.TokenIssuerSelector - No issuer found for the token creation date. The process continues with an issuer which has the same public key.
11:39:09.519 [pool-7-thread-94] WARN eu.europa.esig.dss.spi.x509.TokenIssuerSelector - No issuer found for the token creation date. The process continues with an issuer which has the same public key.
11:39:09.521 [pool-7-thread-31] INFO eu.europa.esig.dss.spi.x509.TokenIssuerSelector - The issuer subject name and subject name does not match (more details in debug mode).
11:39:09.521 [pool-7-thread-31] INFO eu.europa.esig.dss.spi.x509.TokenIssuerSelector - CERT ISSUER    : c=lu,ou=pki-test,o=nowina solutions,cn=external-ca
11:39:09.521 [pool-7-thread-31] INFO eu.europa.esig.dss.spi.x509.TokenIssuerSelector - ISSUER SUBJECT : c=lu,ou=pki-test,o=nowina solutions,cn=external-ca-alternative
11:39:09.521 [pool-7-thread-31] INFO eu.europa.esig.dss.spi.x509.TokenIssuerSelector - The issuer subject name and subject name does not match (more details in debug mode).
11:39:09.521 [pool-7-thread-31] INFO eu.europa.esig.dss.spi.x509.TokenIssuerSelector - CERT ISSUER    : c=lu,ou=pki-test,o=nowina solutions,cn=external-ca
11:39:09.521 [pool-7-thread-31] INFO eu.europa.esig.dss.spi.x509.TokenIssuerSelector - ISSUER SUBJECT : c=lu,ou=pki-test,o=nowina solutions,cn=external-ca-alternative
11:39:09.521 [pool-7-thread-31] INFO eu.europa.esig.dss.spi.x509.TokenIssuerSelector - The issuer subject name and subject name does not match (more details in debug mode).
11:39:09.521 [pool-7-thread-31] INFO eu.europa.esig.dss.spi.x509.TokenIssuerSelector - CERT ISSUER    : c=lu,ou=pki-test,o=nowina solutions,cn=external-ca
11:39:09.521 [pool-7-thread-31] INFO eu.europa.esig.dss.spi.x509.TokenIssuerSelector - ISSUER SUBJECT : c=lu,ou=pki-test,o=nowina solutions,cn=external-ca-alternative
11:39:09.521 [pool-7-thread-3] WARN eu.europa.esig.dss.spi.x509.TokenIssuerSelector - No issuer found for the token creation date. The process continues with an issuer which has the same public key.
11:39:09.522 [pool-7-thread-3] WARN eu.europa.esig.dss.spi.x509.TokenIssuerSelector - No issuer found for the token creation date. The process continues with an issuer which has the same public key.
11:39:09.523 [pool-7-thread-6] WARN eu.europa.esig.dss.spi.x509.TokenIssuerSelector - No issuer found for the token creation date. The process continues with an issuer which has the same public key.
11:39:09.523 [pool-7-thread-3] INFO eu.europa.esig.dss.spi.x509.TokenIssuerSelector - The issuer subject name and subject name does not match (more details in debug mode).
11:39:09.523 [pool-7-thread-3] INFO eu.europa.esig.dss.spi.x509.TokenIssuerSelector - CERT ISSUER    : c=lu,ou=pki-test,o=nowina solutions,cn=external-ca
11:39:09.523 [pool-7-thread-3] INFO eu.europa.esig.dss.spi.x509.TokenIssuerSelector - ISSUER SUBJECT : c=lu,ou=pki-test,o=nowina solutions,cn=external-ca-alternative
11:39:09.523 [pool-7-thread-3] INFO eu.europa.esig.dss.spi.x509.TokenIssuerSelector - The issuer subject name and subject name does not match (more details in debug mode).
11:39:09.523 [pool-7-thread-3] INFO eu.europa.esig.dss.spi.x509.TokenIssuerSelector - CERT ISSUER    : c=lu,ou=pki-test,o=nowina solutions,cn=external-ca
11:39:09.523 [pool-7-thread-3] INFO eu.europa.esig.dss.spi.x509.TokenIssuerSelector - ISSUER SUBJECT : c=lu,ou=pki-test,o=nowina solutions,cn=external-ca-alternative
11:39:09.523 [pool-7-thread-3] INFO eu.europa.esig.dss.spi.x509.TokenIssuerSelector - The issuer subject name and subject name does not match (more details in debug mode).
11:39:09.523 [pool-7-thread-3] INFO eu.europa.esig.dss.spi.x509.TokenIssuerSelector - CERT ISSUER    : c=lu,ou=pki-test,o=nowina solutions,cn=external-ca
11:39:09.523 [pool-7-thread-3] INFO eu.europa.esig.dss.spi.x509.TokenIssuerSelector - ISSUER SUBJECT : c=lu,ou=pki-test,o=nowina solutions,cn=external-ca-alternative
11:39:09.524 [pool-7-thread-97] WARN eu.europa.esig.dss.spi.x509.TokenIssuerSelector - No issuer found for the token creation date. The process continues with an issuer which has the same public key.
11:39:09.525 [pool-7-thread-46] WARN eu.europa.esig.dss.spi.x509.TokenIssuerSelector - No issuer found for the token creation date. The process continues with an issuer which has the same public key.
11:39:09.526 [pool-7-thread-28] WARN eu.europa.esig.dss.spi.x509.TokenIssuerSelector - No issuer found for the token creation date. The process continues with an issuer which has the same public key.
11:39:09.527 [pool-7-thread-91] WARN eu.europa.esig.dss.spi.x509.TokenIssuerSelector - No issuer found for the token creation date. The process continues with an issuer which has the same public key.
11:39:09.531 [pool-7-thread-91] INFO eu.europa.esig.dss.spi.x509.TokenIssuerSelector - The issuer subject name and subject name does not match (more details in debug mode).
11:39:09.531 [pool-7-thread-91] INFO eu.europa.esig.dss.spi.x509.TokenIssuerSelector - CERT ISSUER    : c=lu,ou=pki-test,o=nowina solutions,cn=external-ca
11:39:09.531 [pool-7-thread-91] INFO eu.europa.esig.dss.spi.x509.TokenIssuerSelector - ISSUER SUBJECT : c=lu,ou=pki-test,o=nowina solutions,cn=external-ca-alternative
11:39:09.531 [pool-7-thread-91] INFO eu.europa.esig.dss.spi.x509.TokenIssuerSelector - The issuer subject name and subject name does not match (more details in debug mode).
11:39:09.531 [pool-7-thread-91] INFO eu.europa.esig.dss.spi.x509.TokenIssuerSelector - CERT ISSUER    : c=lu,ou=pki-test,o=nowina solutions,cn=external-ca
11:39:09.532 [pool-7-thread-91] INFO eu.europa.esig.dss.spi.x509.TokenIssuerSelector - ISSUER SUBJECT : c=lu,ou=pki-test,o=nowina solutions,cn=external-ca-alternative
11:39:09.532 [pool-7-thread-95] WARN eu.europa.esig.dss.spi.x509.TokenIssuerSelector - No issuer found for the token creation date. The process continues with an issuer which has the same public key.
11:39:09.532 [pool-7-thread-91] INFO eu.europa.esig.dss.spi.x509.TokenIssuerSelector - The issuer subject name and subject name does not match (more details in debug mode).
11:39:09.532 [pool-7-thread-91] INFO eu.europa.esig.dss.spi.x509.TokenIssuerSelector - CERT ISSUER    : c=lu,ou=pki-test,o=nowina solutions,cn=external-ca
11:39:09.532 [pool-7-thread-91] INFO eu.europa.esig.dss.spi.x509.TokenIssuerSelector - ISSUER SUBJECT : c=lu,ou=pki-test,o=nowina solutions,cn=external-ca-alternative
11:39:09.532 [pool-7-thread-33] WARN eu.europa.esig.dss.spi.x509.TokenIssuerSelector - No issuer found for the token creation date. The process continues with an issuer which has the same public key.
11:39:09.533 [pool-7-thread-33] WARN eu.europa.esig.dss.spi.x509.TokenIssuerSelector - No issuer found for the token creation date. The process continues with an issuer which has the same public key.
11:39:09.535 [pool-7-thread-33] INFO eu.europa.esig.dss.spi.x509.TokenIssuerSelector - The issuer subject name and subject name does not match (more details in debug mode).
11:39:09.535 [pool-7-thread-33] INFO eu.europa.esig.dss.spi.x509.TokenIssuerSelector - CERT ISSUER    : c=lu,ou=pki-test,o=nowina solutions,cn=external-ca
11:39:09.535 [pool-7-thread-33] INFO eu.europa.esig.dss.spi.x509.TokenIssuerSelector - ISSUER SUBJECT : c=lu,ou=pki-test,o=nowina solutions,cn=external-ca-alternative
11:39:09.535 [pool-7-thread-33] INFO eu.europa.esig.dss.spi.x509.TokenIssuerSelector - The issuer subject name and subject name does not match (more details in debug mode).
11:39:09.535 [pool-7-thread-33] INFO eu.europa.esig.dss.spi.x509.TokenIssuerSelector - CERT ISSUER    : c=lu,ou=pki-test,o=nowina solutions,cn=external-ca
11:39:09.535 [pool-7-thread-33] INFO eu.europa.esig.dss.spi.x509.TokenIssuerSelector - ISSUER SUBJECT : c=lu,ou=pki-test,o=nowina solutions,cn=external-ca-alternative
11:39:09.535 [pool-7-thread-33] INFO eu.europa.esig.dss.spi.x509.TokenIssuerSelector - The issuer subject name and subject name does not match (more details in debug mode).
11:39:09.535 [pool-7-thread-33] INFO eu.europa.esig.dss.spi.x509.TokenIssuerSelector - CERT ISSUER    : c=lu,ou=pki-test,o=nowina solutions,cn=external-ca
11:39:09.535 [pool-7-thread-33] INFO eu.europa.esig.dss.spi.x509.TokenIssuerSelector - ISSUER SUBJECT : c=lu,ou=pki-test,o=nowina solutions,cn=external-ca-alternative
11:39:09.538 [pool-7-thread-40] WARN eu.europa.esig.dss.spi.x509.TokenIssuerSelector - No issuer found for the token creation date. The process continues with an issuer which has the same public key.
11:39:09.539 [pool-7-thread-40] WARN eu.europa.esig.dss.spi.x509.TokenIssuerSelector - No issuer found for the token creation date. The process continues with an issuer which has the same public key.
11:39:09.540 [pool-7-thread-40] INFO eu.europa.esig.dss.spi.x509.TokenIssuerSelector - The issuer subject name and subject name does not match (more details in debug mode).
11:39:09.540 [pool-7-thread-40] INFO eu.europa.esig.dss.spi.x509.TokenIssuerSelector - CERT ISSUER    : c=lu,ou=pki-test,o=nowina solutions,cn=external-ca
11:39:09.540 [pool-7-thread-40] INFO eu.europa.esig.dss.spi.x509.TokenIssuerSelector - ISSUER SUBJECT : c=lu,ou=pki-test,o=nowina solutions,cn=external-ca-alternative
11:39:09.540 [pool-7-thread-40] INFO eu.europa.esig.dss.spi.x509.TokenIssuerSelector - The issuer subject name and subject name does not match (more details in debug mode).
11:39:09.540 [pool-7-thread-40] INFO eu.europa.esig.dss.spi.x509.TokenIssuerSelector - CERT ISSUER    : c=lu,ou=pki-test,o=nowina solutions,cn=external-ca
11:39:09.540 [pool-7-thread-40] INFO eu.europa.esig.dss.spi.x509.TokenIssuerSelector - ISSUER SUBJECT : c=lu,ou=pki-test,o=nowina solutions,cn=external-ca-alternative
11:39:09.540 [pool-7-thread-40] INFO eu.europa.esig.dss.spi.x509.TokenIssuerSelector - The issuer subject name and subject name does not match (more details in debug mode).
11:39:09.540 [pool-7-thread-40] INFO eu.europa.esig.dss.spi.x509.TokenIssuerSelector - CERT ISSUER    : c=lu,ou=pki-test,o=nowina solutions,cn=external-ca
11:39:09.540 [pool-7-thread-40] INFO eu.europa.esig.dss.spi.x509.TokenIssuerSelector - ISSUER SUBJECT : c=lu,ou=pki-test,o=nowina solutions,cn=external-ca-alternative
11:39:09.541 [pool-7-thread-36] INFO eu.europa.esig.dss.spi.x509.TokenIssuerSelector - The issuer subject name and subject name does not match (more details in debug mode).
11:39:09.541 [pool-7-thread-26] WARN eu.europa.esig.dss.spi.x509.TokenIssuerSelector - No issuer found for the token creation date. The process continues with an issuer which has the same public key.
11:39:09.541 [pool-7-thread-36] INFO eu.europa.esig.dss.spi.x509.TokenIssuerSelector - CERT ISSUER    : c=lu,ou=pki-test,o=nowina solutions,cn=external-ca
11:39:09.542 [pool-7-thread-36] INFO eu.europa.esig.dss.spi.x509.TokenIssuerSelector - ISSUER SUBJECT : c=lu,ou=pki-test,o=nowina solutions,cn=external-ca-alternative
11:39:09.542 [pool-7-thread-36] INFO eu.europa.esig.dss.spi.x509.TokenIssuerSelector - The issuer subject name and subject name does not match (more details in debug mode).
11:39:09.542 [pool-7-thread-36] INFO eu.europa.esig.dss.spi.x509.TokenIssuerSelector - CERT ISSUER    : c=lu,ou=pki-test,o=nowina solutions,cn=external-ca
11:39:09.542 [pool-7-thread-36] INFO eu.europa.esig.dss.spi.x509.TokenIssuerSelector - ISSUER SUBJECT : c=lu,ou=pki-test,o=nowina solutions,cn=external-ca-alternative
11:39:09.542 [pool-7-thread-36] INFO eu.europa.esig.dss.spi.x509.TokenIssuerSelector - The issuer subject name and subject name does not match (more details in debug mode).
11:39:09.542 [pool-7-thread-36] INFO eu.europa.esig.dss.spi.x509.TokenIssuerSelector - CERT ISSUER    : c=lu,ou=pki-test,o=nowina solutions,cn=external-ca
11:39:09.542 [pool-7-thread-36] INFO eu.europa.esig.dss.spi.x509.TokenIssuerSelector - ISSUER SUBJECT : c=lu,ou=pki-test,o=nowina solutions,cn=external-ca-alternative
11:39:09.543 [pool-7-thread-35] WARN eu.europa.esig.dss.spi.x509.TokenIssuerSelector - No issuer found for the token creation date. The process continues with an issuer which has the same public key.
11:39:09.544 [pool-7-thread-35] WARN eu.europa.esig.dss.spi.x509.TokenIssuerSelector - No issuer found for the token creation date. The process continues with an issuer which has the same public key.
11:39:09.545 [pool-7-thread-36] WARN eu.europa.esig.dss.spi.x509.TokenIssuerSelector - No issuer found for the token creation date. The process continues with an issuer which has the same public key.
11:39:09.546 [pool-7-thread-100] INFO eu.europa.esig.dss.spi.x509.TokenIssuerSelector - The issuer subject name and subject name does not match (more details in debug mode).
11:39:09.546 [pool-7-thread-100] INFO eu.europa.esig.dss.spi.x509.TokenIssuerSelector - CERT ISSUER    : c=lu,ou=pki-test,o=nowina solutions,cn=external-ca
11:39:09.546 [pool-7-thread-100] INFO eu.europa.esig.dss.spi.x509.TokenIssuerSelector - ISSUER SUBJECT : c=lu,ou=pki-test,o=nowina solutions,cn=external-ca-alternative
11:39:09.546 [pool-7-thread-100] INFO eu.europa.esig.dss.spi.x509.TokenIssuerSelector - The issuer subject name and subject name does not match (more details in debug mode).
11:39:09.546 [pool-7-thread-100] INFO eu.europa.esig.dss.spi.x509.TokenIssuerSelector - CERT ISSUER    : c=lu,ou=pki-test,o=nowina solutions,cn=external-ca
11:39:09.546 [pool-7-thread-100] INFO eu.europa.esig.dss.spi.x509.TokenIssuerSelector - ISSUER SUBJECT : c=lu,ou=pki-test,o=nowina solutions,cn=external-ca-alternative
11:39:09.546 [pool-7-thread-100] INFO eu.europa.esig.dss.spi.x509.TokenIssuerSelector - The issuer subject name and subject name does not match (more details in debug mode).
11:39:09.547 [pool-7-thread-100] INFO eu.europa.esig.dss.spi.x509.TokenIssuerSelector - CERT ISSUER    : c=lu,ou=pki-test,o=nowina solutions,cn=external-ca
11:39:09.547 [pool-7-thread-100] INFO eu.europa.esig.dss.spi.x509.TokenIssuerSelector - ISSUER SUBJECT : c=lu,ou=pki-test,o=nowina solutions,cn=external-ca-alternative
11:39:09.547 [pool-7-thread-93] WARN eu.europa.esig.dss.spi.x509.TokenIssuerSelector - No issuer found for the token creation date. The process continues with an issuer which has the same public key.
11:39:09.547 [pool-7-thread-99] WARN eu.europa.esig.dss.spi.x509.TokenIssuerSelector - No issuer found for the token creation date. The process continues with an issuer which has the same public key.
11:39:09.548 [pool-7-thread-79] WARN eu.europa.esig.dss.spi.x509.TokenIssuerSelector - No issuer found for the token creation date. The process continues with an issuer which has the same public key.
11:39:09.549 [pool-7-thread-76] WARN eu.europa.esig.dss.spi.x509.TokenIssuerSelector - No issuer found for the token creation date. The process continues with an issuer which has the same public key.
11:39:09.550 [pool-7-thread-88] WARN eu.europa.esig.dss.spi.x509.TokenIssuerSelector - No issuer found for the token creation date. The process continues with an issuer which has the same public key.
11:39:09.552 [pool-7-thread-96] INFO eu.europa.esig.dss.spi.x509.TokenIssuerSelector - The issuer subject name and subject name does not match (more details in debug mode).
11:39:09.553 [pool-7-thread-96] INFO eu.europa.esig.dss.spi.x509.TokenIssuerSelector - CERT ISSUER    : c=lu,ou=pki-test,o=nowina solutions,cn=external-ca
11:39:09.553 [pool-7-thread-96] INFO eu.europa.esig.dss.spi.x509.TokenIssuerSelector - ISSUER SUBJECT : c=lu,ou=pki-test,o=nowina solutions,cn=external-ca-alternative
11:39:09.553 [pool-7-thread-96] INFO eu.europa.esig.dss.spi.x509.TokenIssuerSelector - The issuer subject name and subject name does not match (more details in debug mode).
11:39:09.553 [pool-7-thread-96] INFO eu.europa.esig.dss.spi.x509.TokenIssuerSelector - CERT ISSUER    : c=lu,ou=pki-test,o=nowina solutions,cn=external-ca
11:39:09.553 [pool-7-thread-96] INFO eu.europa.esig.dss.spi.x509.TokenIssuerSelector - ISSUER SUBJECT : c=lu,ou=pki-test,o=nowina solutions,cn=external-ca-alternative
11:39:09.553 [pool-7-thread-96] INFO eu.europa.esig.dss.spi.x509.TokenIssuerSelector - The issuer subject name and subject name does not match (more details in debug mode).
11:39:09.553 [pool-7-thread-96] INFO eu.europa.esig.dss.spi.x509.TokenIssuerSelector - CERT ISSUER    : c=lu,ou=pki-test,o=nowina solutions,cn=external-ca
11:39:09.553 [pool-7-thread-96] INFO eu.europa.esig.dss.spi.x509.TokenIssuerSelector - ISSUER SUBJECT : c=lu,ou=pki-test,o=nowina solutions,cn=external-ca-alternative
11:39:09.554 [pool-7-thread-10] WARN eu.europa.esig.dss.spi.x509.TokenIssuerSelector - No issuer found for the token creation date. The process continues with an issuer which has the same public key.
11:39:09.555 [pool-7-thread-10] WARN eu.europa.esig.dss.spi.x509.TokenIssuerSelector - No issuer found for the token creation date. The process continues with an issuer which has the same public key.
11:39:09.555 [pool-7-thread-83] WARN eu.europa.esig.dss.spi.x509.TokenIssuerSelector - No issuer found for the token creation date. The process continues with an issuer which has the same public key.
11:39:09.557 [pool-7-thread-83] INFO eu.europa.esig.dss.spi.x509.TokenIssuerSelector - The issuer subject name and subject name does not match (more details in debug mode).
11:39:09.557 [pool-7-thread-83] INFO eu.europa.esig.dss.spi.x509.TokenIssuerSelector - CERT ISSUER    : c=lu,ou=pki-test,o=nowina solutions,cn=external-ca
11:39:09.557 [pool-7-thread-83] INFO eu.europa.esig.dss.spi.x509.TokenIssuerSelector - ISSUER SUBJECT : c=lu,ou=pki-test,o=nowina solutions,cn=external-ca-alternative
11:39:09.557 [pool-7-thread-83] INFO eu.europa.esig.dss.spi.x509.TokenIssuerSelector - The issuer subject name and subject name does not match (more details in debug mode).
11:39:09.557 [pool-7-thread-83] INFO eu.europa.esig.dss.spi.x509.TokenIssuerSelector - CERT ISSUER    : c=lu,ou=pki-test,o=nowina solutions,cn=external-ca
11:39:09.557 [pool-7-thread-83] INFO eu.europa.esig.dss.spi.x509.TokenIssuerSelector - ISSUER SUBJECT : c=lu,ou=pki-test,o=nowina solutions,cn=external-ca-alternative
11:39:09.557 [pool-7-thread-83] INFO eu.europa.esig.dss.spi.x509.TokenIssuerSelector - The issuer subject name and subject name does not match (more details in debug mode).
11:39:09.557 [pool-7-thread-83] INFO eu.europa.esig.dss.spi.x509.TokenIssuerSelector - CERT ISSUER    : c=lu,ou=pki-test,o=nowina solutions,cn=external-ca
11:39:09.557 [pool-7-thread-83] INFO eu.europa.esig.dss.spi.x509.TokenIssuerSelector - ISSUER SUBJECT : c=lu,ou=pki-test,o=nowina solutions,cn=external-ca-alternative
11:39:09.557 [pool-7-thread-44] WARN eu.europa.esig.dss.spi.x509.TokenIssuerSelector - No issuer found for the token creation date. The process continues with an issuer which has the same public key.
11:39:09.558 [pool-7-thread-75] WARN eu.europa.esig.dss.spi.x509.TokenIssuerSelector - No issuer found for the token creation date. The process continues with an issuer which has the same public key.
11:39:09.560 [pool-7-thread-72] INFO eu.europa.esig.dss.spi.x509.TokenIssuerSelector - The issuer subject name and subject name does not match (more details in debug mode).
11:39:09.561 [pool-7-thread-72] INFO eu.europa.esig.dss.spi.x509.TokenIssuerSelector - CERT ISSUER    : c=lu,ou=pki-test,o=nowina solutions,cn=external-ca
11:39:09.561 [pool-7-thread-72] INFO eu.europa.esig.dss.spi.x509.TokenIssuerSelector - ISSUER SUBJECT : c=lu,ou=pki-test,o=nowina solutions,cn=external-ca-alternative
11:39:09.561 [pool-7-thread-72] INFO eu.europa.esig.dss.spi.x509.TokenIssuerSelector - The issuer subject name and subject name does not match (more details in debug mode).
11:39:09.561 [pool-7-thread-72] INFO eu.europa.esig.dss.spi.x509.TokenIssuerSelector - CERT ISSUER    : c=lu,ou=pki-test,o=nowina solutions,cn=external-ca
11:39:09.561 [pool-7-thread-72] INFO eu.europa.esig.dss.spi.x509.TokenIssuerSelector - ISSUER SUBJECT : c=lu,ou=pki-test,o=nowina solutions,cn=external-ca-alternative
11:39:09.561 [pool-7-thread-72] INFO eu.europa.esig.dss.spi.x509.TokenIssuerSelector - The issuer subject name and subject name does not match (more details in debug mode).
11:39:09.561 [pool-7-thread-72] INFO eu.europa.esig.dss.spi.x509.TokenIssuerSelector - CERT ISSUER    : c=lu,ou=pki-test,o=nowina solutions,cn=external-ca
11:39:09.561 [pool-7-thread-72] INFO eu.europa.esig.dss.spi.x509.TokenIssuerSelector - ISSUER SUBJECT : c=lu,ou=pki-test,o=nowina solutions,cn=external-ca-alternative
11:39:09.561 [pool-7-thread-63] WARN eu.europa.esig.dss.spi.x509.TokenIssuerSelector - No issuer found for the token creation date. The process continues with an issuer which has the same public key.
11:39:09.565 [pool-7-thread-63] WARN eu.europa.esig.dss.spi.x509.TokenIssuerSelector - No issuer found for the token creation date. The process continues with an issuer which has the same public key.
11:39:09.565 [pool-7-thread-39] INFO eu.europa.esig.dss.spi.x509.TokenIssuerSelector - The issuer subject name and subject name does not match (more details in debug mode).
11:39:09.565 [pool-7-thread-39] INFO eu.europa.esig.dss.spi.x509.TokenIssuerSelector - CERT ISSUER    : c=lu,ou=pki-test,o=nowina solutions,cn=external-ca
11:39:09.565 [pool-7-thread-39] INFO eu.europa.esig.dss.spi.x509.TokenIssuerSelector - ISSUER SUBJECT : c=lu,ou=pki-test,o=nowina solutions,cn=external-ca-alternative
11:39:09.565 [pool-7-thread-39] INFO eu.europa.esig.dss.spi.x509.TokenIssuerSelector - The issuer subject name and subject name does not match (more details in debug mode).
11:39:09.565 [pool-7-thread-39] INFO eu.europa.esig.dss.spi.x509.TokenIssuerSelector - CERT ISSUER    : c=lu,ou=pki-test,o=nowina solutions,cn=external-ca
11:39:09.565 [pool-7-thread-39] INFO eu.europa.esig.dss.spi.x509.TokenIssuerSelector - ISSUER SUBJECT : c=lu,ou=pki-test,o=nowina solutions,cn=external-ca-alternative
11:39:09.565 [pool-7-thread-39] INFO eu.europa.esig.dss.spi.x509.TokenIssuerSelector - The issuer subject name and subject name does not match (more details in debug mode).
11:39:09.565 [pool-7-thread-39] INFO eu.europa.esig.dss.spi.x509.TokenIssuerSelector - CERT ISSUER    : c=lu,ou=pki-test,o=nowina solutions,cn=external-ca
11:39:09.565 [pool-7-thread-39] INFO eu.europa.esig.dss.spi.x509.TokenIssuerSelector - ISSUER SUBJECT : c=lu,ou=pki-test,o=nowina solutions,cn=external-ca-alternative
11:39:09.567 [pool-7-thread-63] INFO eu.europa.esig.dss.spi.x509.TokenIssuerSelector - The issuer subject name and subject name does not match (more details in debug mode).
11:39:09.567 [pool-7-thread-63] INFO eu.europa.esig.dss.spi.x509.TokenIssuerSelector - CERT ISSUER    : c=lu,ou=pki-test,o=nowina solutions,cn=external-ca
11:39:09.567 [pool-7-thread-63] INFO eu.europa.esig.dss.spi.x509.TokenIssuerSelector - ISSUER SUBJECT : c=lu,ou=pki-test,o=nowina solutions,cn=external-ca-alternative
11:39:09.567 [pool-7-thread-63] INFO eu.europa.esig.dss.spi.x509.TokenIssuerSelector - The issuer subject name and subject name does not match (more details in debug mode).
11:39:09.567 [pool-7-thread-63] INFO eu.europa.esig.dss.spi.x509.TokenIssuerSelector - CERT ISSUER    : c=lu,ou=pki-test,o=nowina solutions,cn=external-ca
11:39:09.567 [pool-7-thread-63] INFO eu.europa.esig.dss.spi.x509.TokenIssuerSelector - ISSUER SUBJECT : c=lu,ou=pki-test,o=nowina solutions,cn=external-ca-alternative
11:39:09.567 [pool-7-thread-63] INFO eu.europa.esig.dss.spi.x509.TokenIssuerSelector - The issuer subject name and subject name does not match (more details in debug mode).
11:39:09.567 [pool-7-thread-63] INFO eu.europa.esig.dss.spi.x509.TokenIssuerSelector - CERT ISSUER    : c=lu,ou=pki-test,o=nowina solutions,cn=external-ca
11:39:09.567 [pool-7-thread-63] INFO eu.europa.esig.dss.spi.x509.TokenIssuerSelector - ISSUER SUBJECT : c=lu,ou=pki-test,o=nowina solutions,cn=external-ca-alternative
11:39:09.569 [pool-7-thread-39] WARN eu.europa.esig.dss.spi.x509.TokenIssuerSelector - No issuer found for the token creation date. The process continues with an issuer which has the same public key.
11:39:09.570 [pool-7-thread-39] WARN eu.europa.esig.dss.spi.x509.TokenIssuerSelector - No issuer found for the token creation date. The process continues with an issuer which has the same public key.
11:39:09.572 [pool-7-thread-39] INFO eu.europa.esig.dss.spi.x509.TokenIssuerSelector - The issuer subject name and subject name does not match (more details in debug mode).
11:39:09.572 [pool-7-thread-39] INFO eu.europa.esig.dss.spi.x509.TokenIssuerSelector - CERT ISSUER    : c=lu,ou=pki-test,o=nowina solutions,cn=external-ca
11:39:09.572 [pool-7-thread-39] INFO eu.europa.esig.dss.spi.x509.TokenIssuerSelector - ISSUER SUBJECT : c=lu,ou=pki-test,o=nowina solutions,cn=external-ca-alternative
11:39:09.572 [pool-7-thread-39] INFO eu.europa.esig.dss.spi.x509.TokenIssuerSelector - The issuer subject name and subject name does not match (more details in debug mode).
11:39:09.572 [pool-7-thread-39] INFO eu.europa.esig.dss.spi.x509.TokenIssuerSelector - CERT ISSUER    : c=lu,ou=pki-test,o=nowina solutions,cn=external-ca
11:39:09.572 [pool-7-thread-39] INFO eu.europa.esig.dss.spi.x509.TokenIssuerSelector - ISSUER SUBJECT : c=lu,ou=pki-test,o=nowina solutions,cn=external-ca-alternative
11:39:09.572 [pool-7-thread-39] INFO eu.europa.esig.dss.spi.x509.TokenIssuerSelector - The issuer subject name and subject name does not match (more details in debug mode).
11:39:09.572 [pool-7-thread-39] INFO eu.europa.esig.dss.spi.x509.TokenIssuerSelector - CERT ISSUER    : c=lu,ou=pki-test,o=nowina solutions,cn=external-ca
11:39:09.572 [pool-7-thread-39] INFO eu.europa.esig.dss.spi.x509.TokenIssuerSelector - ISSUER SUBJECT : c=lu,ou=pki-test,o=nowina solutions,cn=external-ca-alternative
11:39:09.575 [pool-7-thread-39] WARN eu.europa.esig.dss.spi.x509.TokenIssuerSelector - No issuer found for the token creation date. The process continues with an issuer which has the same public key.
11:39:09.576 [pool-7-thread-39] WARN eu.europa.esig.dss.spi.x509.TokenIssuerSelector - No issuer found for the token creation date. The process continues with an issuer which has the same public key.
11:39:09.578 [pool-7-thread-39] INFO eu.europa.esig.dss.spi.x509.TokenIssuerSelector - The issuer subject name and subject name does not match (more details in debug mode).
11:39:09.579 [pool-7-thread-39] INFO eu.europa.esig.dss.spi.x509.TokenIssuerSelector - CERT ISSUER    : c=lu,ou=pki-test,o=nowina solutions,cn=external-ca
11:39:09.579 [pool-7-thread-39] INFO eu.europa.esig.dss.spi.x509.TokenIssuerSelector - ISSUER SUBJECT : c=lu,ou=pki-test,o=nowina solutions,cn=external-ca-alternative
11:39:09.579 [pool-7-thread-39] INFO eu.europa.esig.dss.spi.x509.TokenIssuerSelector - The issuer subject name and subject name does not match (more details in debug mode).
11:39:09.579 [pool-7-thread-39] INFO eu.europa.esig.dss.spi.x509.TokenIssuerSelector - CERT ISSUER    : c=lu,ou=pki-test,o=nowina solutions,cn=external-ca
11:39:09.579 [pool-7-thread-39] INFO eu.europa.esig.dss.spi.x509.TokenIssuerSelector - ISSUER SUBJECT : c=lu,ou=pki-test,o=nowina solutions,cn=external-ca-alternative
11:39:09.580 [pool-7-thread-39] INFO eu.europa.esig.dss.spi.x509.TokenIssuerSelector - The issuer subject name and subject name does not match (more details in debug mode).
11:39:09.580 [pool-7-thread-39] INFO eu.europa.esig.dss.spi.x509.TokenIssuerSelector - CERT ISSUER    : c=lu,ou=pki-test,o=nowina solutions,cn=external-ca
11:39:09.580 [pool-7-thread-39] INFO eu.europa.esig.dss.spi.x509.TokenIssuerSelector - ISSUER SUBJECT : c=lu,ou=pki-test,o=nowina solutions,cn=external-ca-alternative
11:39:09.584 [pool-7-thread-39] WARN eu.europa.esig.dss.spi.x509.TokenIssuerSelector - No issuer found for the token creation date. The process continues with an issuer which has the same public key.
11:39:09.585 [pool-7-thread-39] WARN eu.europa.esig.dss.spi.x509.TokenIssuerSelector - No issuer found for the token creation date. The process continues with an issuer which has the same public key.
11:39:09.588 [pool-7-thread-39] INFO eu.europa.esig.dss.spi.x509.TokenIssuerSelector - The issuer subject name and subject name does not match (more details in debug mode).
11:39:09.588 [pool-7-thread-39] INFO eu.europa.esig.dss.spi.x509.TokenIssuerSelector - CERT ISSUER    : c=lu,ou=pki-test,o=nowina solutions,cn=external-ca
11:39:09.588 [pool-7-thread-39] INFO eu.europa.esig.dss.spi.x509.TokenIssuerSelector - ISSUER SUBJECT : c=lu,ou=pki-test,o=nowina solutions,cn=external-ca-alternative
11:39:09.588 [pool-7-thread-39] INFO eu.europa.esig.dss.spi.x509.TokenIssuerSelector - The issuer subject name and subject name does not match (more details in debug mode).
11:39:09.588 [pool-7-thread-39] INFO eu.europa.esig.dss.spi.x509.TokenIssuerSelector - CERT ISSUER    : c=lu,ou=pki-test,o=nowina solutions,cn=external-ca
11:39:09.588 [pool-7-thread-39] INFO eu.europa.esig.dss.spi.x509.TokenIssuerSelector - ISSUER SUBJECT : c=lu,ou=pki-test,o=nowina solutions,cn=external-ca-alternative
11:39:09.588 [pool-7-thread-39] INFO eu.europa.esig.dss.spi.x509.TokenIssuerSelector - The issuer subject name and subject name does not match (more details in debug mode).
11:39:09.588 [pool-7-thread-39] INFO eu.europa.esig.dss.spi.x509.TokenIssuerSelector - CERT ISSUER    : c=lu,ou=pki-test,o=nowina solutions,cn=external-ca
11:39:09.588 [pool-7-thread-39] INFO eu.europa.esig.dss.spi.x509.TokenIssuerSelector - ISSUER SUBJECT : c=lu,ou=pki-test,o=nowina solutions,cn=external-ca-alternative
11:39:09.589 [pool-7-thread-68] WARN eu.europa.esig.dss.spi.x509.TokenIssuerSelector - No issuer found for the token creation date. The process continues with an issuer which has the same public key.
11:39:09.591 [pool-7-thread-81] WARN eu.europa.esig.dss.spi.x509.TokenIssuerSelector - No issuer found for the token creation date. The process continues with an issuer which has the same public key.
11:39:09.597 [pool-7-thread-81] WARN eu.europa.esig.dss.spi.x509.TokenIssuerSelector - No issuer found for the token creation date. The process continues with an issuer which has the same public key.
11:39:09.605 [pool-7-thread-81] INFO eu.europa.esig.dss.spi.x509.TokenIssuerSelector - The issuer subject name and subject name does not match (more details in debug mode).
11:39:09.605 [pool-7-thread-81] INFO eu.europa.esig.dss.spi.x509.TokenIssuerSelector - CERT ISSUER    : c=lu,ou=pki-test,o=nowina solutions,cn=external-ca
11:39:09.605 [pool-7-thread-81] INFO eu.europa.esig.dss.spi.x509.TokenIssuerSelector - ISSUER SUBJECT : c=lu,ou=pki-test,o=nowina solutions,cn=external-ca-alternative
11:39:09.605 [pool-7-thread-81] INFO eu.europa.esig.dss.spi.x509.TokenIssuerSelector - The issuer subject name and subject name does not match (more details in debug mode).
11:39:09.605 [pool-7-thread-81] INFO eu.europa.esig.dss.spi.x509.TokenIssuerSelector - CERT ISSUER    : c=lu,ou=pki-test,o=nowina solutions,cn=external-ca
11:39:09.605 [pool-7-thread-81] INFO eu.europa.esig.dss.spi.x509.TokenIssuerSelector - ISSUER SUBJECT : c=lu,ou=pki-test,o=nowina solutions,cn=external-ca-alternative
11:39:09.605 [pool-7-thread-81] INFO eu.europa.esig.dss.spi.x509.TokenIssuerSelector - The issuer subject name and subject name does not match (more details in debug mode).
11:39:09.605 [pool-7-thread-81] INFO eu.europa.esig.dss.spi.x509.TokenIssuerSelector - CERT ISSUER    : c=lu,ou=pki-test,o=nowina solutions,cn=external-ca
11:39:09.605 [pool-7-thread-81] INFO eu.europa.esig.dss.spi.x509.TokenIssuerSelector - ISSUER SUBJECT : c=lu,ou=pki-test,o=nowina solutions,cn=external-ca-alternative
11:39:09.606 [pool-7-thread-18] WARN eu.europa.esig.dss.spi.x509.TokenIssuerSelector - No issuer found for the token creation date. The process continues with an issuer which has the same public key.
11:39:09.607 [pool-7-thread-18] WARN eu.europa.esig.dss.spi.x509.TokenIssuerSelector - No issuer found for the token creation date. The process continues with an issuer which has the same public key.
11:39:09.608 [pool-7-thread-18] INFO eu.europa.esig.dss.spi.x509.TokenIssuerSelector - The issuer subject name and subject name does not match (more details in debug mode).
11:39:09.608 [pool-7-thread-18] INFO eu.europa.esig.dss.spi.x509.TokenIssuerSelector - CERT ISSUER    : c=lu,ou=pki-test,o=nowina solutions,cn=external-ca
11:39:09.608 [pool-7-thread-18] INFO eu.europa.esig.dss.spi.x509.TokenIssuerSelector - ISSUER SUBJECT : c=lu,ou=pki-test,o=nowina solutions,cn=external-ca-alternative
11:39:09.608 [pool-7-thread-18] INFO eu.europa.esig.dss.spi.x509.TokenIssuerSelector - The issuer subject name and subject name does not match (more details in debug mode).
11:39:09.608 [pool-7-thread-18] INFO eu.europa.esig.dss.spi.x509.TokenIssuerSelector - CERT ISSUER    : c=lu,ou=pki-test,o=nowina solutions,cn=external-ca
11:39:09.608 [pool-7-thread-18] INFO eu.europa.esig.dss.spi.x509.TokenIssuerSelector - ISSUER SUBJECT : c=lu,ou=pki-test,o=nowina solutions,cn=external-ca-alternative
11:39:09.608 [pool-7-thread-18] INFO eu.europa.esig.dss.spi.x509.TokenIssuerSelector - The issuer subject name and subject name does not match (more details in debug mode).
11:39:09.608 [pool-7-thread-18] INFO eu.europa.esig.dss.spi.x509.TokenIssuerSelector - CERT ISSUER    : c=lu,ou=pki-test,o=nowina solutions,cn=external-ca
11:39:09.608 [pool-7-thread-18] INFO eu.europa.esig.dss.spi.x509.TokenIssuerSelector - ISSUER SUBJECT : c=lu,ou=pki-test,o=nowina solutions,cn=external-ca-alternative
11:39:09.611 [pool-7-thread-80] INFO eu.europa.esig.dss.spi.x509.TokenIssuerSelector - The issuer subject name and subject name does not match (more details in debug mode).
11:39:09.612 [pool-7-thread-80] INFO eu.europa.esig.dss.spi.x509.TokenIssuerSelector - CERT ISSUER    : c=lu,ou=pki-test,o=nowina solutions,cn=external-ca
11:39:09.612 [pool-7-thread-80] INFO eu.europa.esig.dss.spi.x509.TokenIssuerSelector - ISSUER SUBJECT : c=lu,ou=pki-test,o=nowina solutions,cn=external-ca-alternative
11:39:09.612 [pool-7-thread-80] INFO eu.europa.esig.dss.spi.x509.TokenIssuerSelector - The issuer subject name and subject name does not match (more details in debug mode).
11:39:09.612 [pool-7-thread-80] INFO eu.europa.esig.dss.spi.x509.TokenIssuerSelector - CERT ISSUER    : c=lu,ou=pki-test,o=nowina solutions,cn=external-ca
11:39:09.612 [pool-7-thread-80] INFO eu.europa.esig.dss.spi.x509.TokenIssuerSelector - ISSUER SUBJECT : c=lu,ou=pki-test,o=nowina solutions,cn=external-ca-alternative
11:39:09.612 [pool-7-thread-80] INFO eu.europa.esig.dss.spi.x509.TokenIssuerSelector - The issuer subject name and subject name does not match (more details in debug mode).
11:39:09.612 [pool-7-thread-80] INFO eu.europa.esig.dss.spi.x509.TokenIssuerSelector - CERT ISSUER    : c=lu,ou=pki-test,o=nowina solutions,cn=external-ca
11:39:09.612 [pool-7-thread-80] INFO eu.europa.esig.dss.spi.x509.TokenIssuerSelector - ISSUER SUBJECT : c=lu,ou=pki-test,o=nowina solutions,cn=external-ca-alternative
11:39:09.614 [pool-7-thread-22] WARN eu.europa.esig.dss.spi.x509.TokenIssuerSelector - No issuer found for the token creation date. The process continues with an issuer which has the same public key.
11:39:09.618 [pool-7-thread-22] INFO eu.europa.esig.dss.spi.x509.TokenIssuerSelector - The issuer subject name and subject name does not match (more details in debug mode).
11:39:09.618 [pool-7-thread-22] INFO eu.europa.esig.dss.spi.x509.TokenIssuerSelector - CERT ISSUER    : c=lu,ou=pki-test,o=nowina solutions,cn=external-ca
11:39:09.618 [pool-7-thread-22] INFO eu.europa.esig.dss.spi.x509.TokenIssuerSelector - ISSUER SUBJECT : c=lu,ou=pki-test,o=nowina solutions,cn=external-ca-alternative
11:39:09.618 [pool-7-thread-22] INFO eu.europa.esig.dss.spi.x509.TokenIssuerSelector - The issuer subject name and subject name does not match (more details in debug mode).
11:39:09.618 [pool-7-thread-22] INFO eu.europa.esig.dss.spi.x509.TokenIssuerSelector - CERT ISSUER    : c=lu,ou=pki-test,o=nowina solutions,cn=external-ca
11:39:09.618 [pool-7-thread-22] INFO eu.europa.esig.dss.spi.x509.TokenIssuerSelector - ISSUER SUBJECT : c=lu,ou=pki-test,o=nowina solutions,cn=external-ca-alternative
11:39:09.618 [pool-7-thread-22] INFO eu.europa.esig.dss.spi.x509.TokenIssuerSelector - The issuer subject name and subject name does not match (more details in debug mode).
11:39:09.618 [pool-7-thread-22] INFO eu.europa.esig.dss.spi.x509.TokenIssuerSelector - CERT ISSUER    : c=lu,ou=pki-test,o=nowina solutions,cn=external-ca
11:39:09.618 [pool-7-thread-22] INFO eu.europa.esig.dss.spi.x509.TokenIssuerSelector - ISSUER SUBJECT : c=lu,ou=pki-test,o=nowina solutions,cn=external-ca-alternative
11:39:09.619 [pool-7-thread-18] WARN eu.europa.esig.dss.spi.x509.TokenIssuerSelector - No issuer found for the token creation date. The process continues with an issuer which has the same public key.
11:39:09.620 [pool-7-thread-89] INFO eu.europa.esig.dss.spi.x509.TokenIssuerSelector - The issuer subject name and subject name does not match (more details in debug mode).
11:39:09.620 [pool-7-thread-89] INFO eu.europa.esig.dss.spi.x509.TokenIssuerSelector - CERT ISSUER    : c=lu,ou=pki-test,o=nowina solutions,cn=external-ca
11:39:09.620 [pool-7-thread-89] INFO eu.europa.esig.dss.spi.x509.TokenIssuerSelector - ISSUER SUBJECT : c=lu,ou=pki-test,o=nowina solutions,cn=external-ca-alternative
11:39:09.620 [pool-7-thread-89] INFO eu.europa.esig.dss.spi.x509.TokenIssuerSelector - The issuer subject name and subject name does not match (more details in debug mode).
11:39:09.620 [pool-7-thread-89] INFO eu.europa.esig.dss.spi.x509.TokenIssuerSelector - CERT ISSUER    : c=lu,ou=pki-test,o=nowina solutions,cn=external-ca
11:39:09.620 [pool-7-thread-89] INFO eu.europa.esig.dss.spi.x509.TokenIssuerSelector - ISSUER SUBJECT : c=lu,ou=pki-test,o=nowina solutions,cn=external-ca-alternative
11:39:09.621 [pool-7-thread-89] INFO eu.europa.esig.dss.spi.x509.TokenIssuerSelector - The issuer subject name and subject name does not match (more details in debug mode).
11:39:09.621 [pool-7-thread-89] INFO eu.europa.esig.dss.spi.x509.TokenIssuerSelector - CERT ISSUER    : c=lu,ou=pki-test,o=nowina solutions,cn=external-ca
11:39:09.621 [pool-7-thread-89] INFO eu.europa.esig.dss.spi.x509.TokenIssuerSelector - ISSUER SUBJECT : c=lu,ou=pki-test,o=nowina solutions,cn=external-ca-alternative
11:39:09.621 [pool-7-thread-85] WARN eu.europa.esig.dss.spi.x509.TokenIssuerSelector - No issuer found for the token creation date. The process continues with an issuer which has the same public key.
11:39:09.622 [pool-7-thread-64] WARN eu.europa.esig.dss.spi.x509.TokenIssuerSelector - No issuer found for the token creation date. The process continues with an issuer which has the same public key.
11:39:09.623 [pool-7-thread-64] INFO eu.europa.esig.dss.spi.x509.TokenIssuerSelector - The issuer subject name and subject name does not match (more details in debug mode).
11:39:09.623 [pool-7-thread-64] INFO eu.europa.esig.dss.spi.x509.TokenIssuerSelector - CERT ISSUER    : c=lu,ou=pki-test,o=nowina solutions,cn=external-ca
11:39:09.623 [pool-7-thread-64] INFO eu.europa.esig.dss.spi.x509.TokenIssuerSelector - ISSUER SUBJECT : c=lu,ou=pki-test,o=nowina solutions,cn=external-ca-alternative
11:39:09.623 [pool-7-thread-64] INFO eu.europa.esig.dss.spi.x509.TokenIssuerSelector - The issuer subject name and subject name does not match (more details in debug mode).
11:39:09.623 [pool-7-thread-64] INFO eu.europa.esig.dss.spi.x509.TokenIssuerSelector - CERT ISSUER    : c=lu,ou=pki-test,o=nowina solutions,cn=external-ca
11:39:09.623 [pool-7-thread-64] INFO eu.europa.esig.dss.spi.x509.TokenIssuerSelector - ISSUER SUBJECT : c=lu,ou=pki-test,o=nowina solutions,cn=external-ca-alternative
11:39:09.623 [pool-7-thread-64] INFO eu.europa.esig.dss.spi.x509.TokenIssuerSelector - The issuer subject name and subject name does not match (more details in debug mode).
11:39:09.623 [pool-7-thread-64] INFO eu.europa.esig.dss.spi.x509.TokenIssuerSelector - CERT ISSUER    : c=lu,ou=pki-test,o=nowina solutions,cn=external-ca
11:39:09.623 [pool-7-thread-64] INFO eu.europa.esig.dss.spi.x509.TokenIssuerSelector - ISSUER SUBJECT : c=lu,ou=pki-test,o=nowina solutions,cn=external-ca-alternative
11:39:09.624 [pool-7-thread-89] WARN eu.europa.esig.dss.spi.x509.TokenIssuerSelector - No issuer found for the token creation date. The process continues with an issuer which has the same public key.
11:39:09.624 [pool-7-thread-98] WARN eu.europa.esig.dss.spi.x509.TokenIssuerSelector - No issuer found for the token creation date. The process continues with an issuer which has the same public key.
11:39:09.625 [pool-7-thread-98] WARN eu.europa.esig.dss.spi.x509.TokenIssuerSelector - No issuer found for the token creation date. The process continues with an issuer which has the same public key.
11:39:09.627 [pool-7-thread-32] WARN eu.europa.esig.dss.spi.x509.TokenIssuerSelector - No issuer found for the token creation date. The process continues with an issuer which has the same public key.
11:39:09.628 [pool-7-thread-32] WARN eu.europa.esig.dss.spi.x509.TokenIssuerSelector - No issuer found for the token creation date. The process continues with an issuer which has the same public key.
11:39:09.634 [pool-7-thread-45] WARN eu.europa.esig.dss.spi.x509.TokenIssuerSelector - No issuer found for the token creation date. The process continues with an issuer which has the same public key.
11:39:09.636 [pool-7-thread-32] INFO eu.europa.esig.dss.spi.x509.TokenIssuerSelector - The issuer subject name and subject name does not match (more details in debug mode).
11:39:09.636 [pool-7-thread-32] INFO eu.europa.esig.dss.spi.x509.TokenIssuerSelector - CERT ISSUER    : c=lu,ou=pki-test,o=nowina solutions,cn=external-ca
11:39:09.636 [pool-7-thread-32] INFO eu.europa.esig.dss.spi.x509.TokenIssuerSelector - ISSUER SUBJECT : c=lu,ou=pki-test,o=nowina solutions,cn=external-ca-alternative
11:39:09.636 [pool-7-thread-32] INFO eu.europa.esig.dss.spi.x509.TokenIssuerSelector - The issuer subject name and subject name does not match (more details in debug mode).
11:39:09.636 [pool-7-thread-32] INFO eu.europa.esig.dss.spi.x509.TokenIssuerSelector - CERT ISSUER    : c=lu,ou=pki-test,o=nowina solutions,cn=external-ca
11:39:09.636 [pool-7-thread-32] INFO eu.europa.esig.dss.spi.x509.TokenIssuerSelector - ISSUER SUBJECT : c=lu,ou=pki-test,o=nowina solutions,cn=external-ca-alternative
11:39:09.636 [pool-7-thread-32] INFO eu.europa.esig.dss.spi.x509.TokenIssuerSelector - The issuer subject name and subject name does not match (more details in debug mode).
11:39:09.636 [pool-7-thread-32] INFO eu.europa.esig.dss.spi.x509.TokenIssuerSelector - CERT ISSUER    : c=lu,ou=pki-test,o=nowina solutions,cn=external-ca
11:39:09.636 [pool-7-thread-32] INFO eu.europa.esig.dss.spi.x509.TokenIssuerSelector - ISSUER SUBJECT : c=lu,ou=pki-test,o=nowina solutions,cn=external-ca-alternative
11:39:09.636 [pool-7-thread-5] WARN eu.europa.esig.dss.spi.x509.TokenIssuerSelector - No issuer found for the token creation date. The process continues with an issuer which has the same public key.
11:39:09.634 [pool-7-thread-98] INFO eu.europa.esig.dss.spi.x509.TokenIssuerSelector - The issuer subject name and subject name does not match (more details in debug mode).
11:39:09.636 [pool-7-thread-98] INFO eu.europa.esig.dss.spi.x509.TokenIssuerSelector - CERT ISSUER    : c=lu,ou=pki-test,o=nowina solutions,cn=external-ca
11:39:09.636 [pool-7-thread-98] INFO eu.europa.esig.dss.spi.x509.TokenIssuerSelector - ISSUER SUBJECT : c=lu,ou=pki-test,o=nowina solutions,cn=external-ca-alternative
11:39:09.636 [pool-7-thread-98] INFO eu.europa.esig.dss.spi.x509.TokenIssuerSelector - The issuer subject name and subject name does not match (more details in debug mode).
11:39:09.636 [pool-7-thread-98] INFO eu.europa.esig.dss.spi.x509.TokenIssuerSelector - CERT ISSUER    : c=lu,ou=pki-test,o=nowina solutions,cn=external-ca
11:39:09.636 [pool-7-thread-98] INFO eu.europa.esig.dss.spi.x509.TokenIssuerSelector - ISSUER SUBJECT : c=lu,ou=pki-test,o=nowina solutions,cn=external-ca-alternative
11:39:09.636 [pool-7-thread-98] INFO eu.europa.esig.dss.spi.x509.TokenIssuerSelector - The issuer subject name and subject name does not match (more details in debug mode).
11:39:09.636 [pool-7-thread-98] INFO eu.europa.esig.dss.spi.x509.TokenIssuerSelector - CERT ISSUER    : c=lu,ou=pki-test,o=nowina solutions,cn=external-ca
11:39:09.636 [pool-7-thread-98] INFO eu.europa.esig.dss.spi.x509.TokenIssuerSelector - ISSUER SUBJECT : c=lu,ou=pki-test,o=nowina solutions,cn=external-ca-alternative
11:39:09.637 [pool-7-thread-84] WARN eu.europa.esig.dss.spi.x509.TokenIssuerSelector - No issuer found for the token creation date. The process continues with an issuer which has the same public key.
11:39:09.638 [pool-7-thread-34] INFO eu.europa.esig.dss.spi.x509.TokenIssuerSelector - The issuer subject name and subject name does not match (more details in debug mode).
11:39:09.638 [pool-7-thread-34] INFO eu.europa.esig.dss.spi.x509.TokenIssuerSelector - CERT ISSUER    : c=lu,ou=pki-test,o=nowina solutions,cn=external-ca
11:39:09.638 [pool-7-thread-34] INFO eu.europa.esig.dss.spi.x509.TokenIssuerSelector - ISSUER SUBJECT : c=lu,ou=pki-test,o=nowina solutions,cn=external-ca-alternative
11:39:09.639 [pool-7-thread-34] INFO eu.europa.esig.dss.spi.x509.TokenIssuerSelector - The issuer subject name and subject name does not match (more details in debug mode).
11:39:09.639 [pool-7-thread-34] INFO eu.europa.esig.dss.spi.x509.TokenIssuerSelector - CERT ISSUER    : c=lu,ou=pki-test,o=nowina solutions,cn=external-ca
11:39:09.639 [pool-7-thread-34] INFO eu.europa.esig.dss.spi.x509.TokenIssuerSelector - ISSUER SUBJECT : c=lu,ou=pki-test,o=nowina solutions,cn=external-ca-alternative
11:39:09.639 [pool-7-thread-34] INFO eu.europa.esig.dss.spi.x509.TokenIssuerSelector - The issuer subject name and subject name does not match (more details in debug mode).
11:39:09.639 [pool-7-thread-34] INFO eu.europa.esig.dss.spi.x509.TokenIssuerSelector - CERT ISSUER    : c=lu,ou=pki-test,o=nowina solutions,cn=external-ca
11:39:09.639 [pool-7-thread-34] INFO eu.europa.esig.dss.spi.x509.TokenIssuerSelector - ISSUER SUBJECT : c=lu,ou=pki-test,o=nowina solutions,cn=external-ca-alternative
11:39:09.639 [pool-7-thread-87] WARN eu.europa.esig.dss.spi.x509.TokenIssuerSelector - No issuer found for the token creation date. The process continues with an issuer which has the same public key.
11:39:09.642 [pool-7-thread-86] INFO eu.europa.esig.dss.spi.x509.TokenIssuerSelector - The issuer subject name and subject name does not match (more details in debug mode).
11:39:09.642 [pool-7-thread-86] INFO eu.europa.esig.dss.spi.x509.TokenIssuerSelector - CERT ISSUER    : c=lu,ou=pki-test,o=nowina solutions,cn=external-ca
11:39:09.642 [pool-7-thread-86] INFO eu.europa.esig.dss.spi.x509.TokenIssuerSelector - ISSUER SUBJECT : c=lu,ou=pki-test,o=nowina solutions,cn=external-ca-alternative
11:39:09.642 [pool-7-thread-41] WARN eu.europa.esig.dss.spi.x509.TokenIssuerSelector - No issuer found for the token creation date. The process continues with an issuer which has the same public key.
11:39:09.642 [pool-7-thread-86] INFO eu.europa.esig.dss.spi.x509.TokenIssuerSelector - The issuer subject name and subject name does not match (more details in debug mode).
11:39:09.642 [pool-7-thread-86] INFO eu.europa.esig.dss.spi.x509.TokenIssuerSelector - CERT ISSUER    : c=lu,ou=pki-test,o=nowina solutions,cn=external-ca
11:39:09.643 [pool-7-thread-86] INFO eu.europa.esig.dss.spi.x509.TokenIssuerSelector - ISSUER SUBJECT : c=lu,ou=pki-test,o=nowina solutions,cn=external-ca-alternative
11:39:09.643 [pool-7-thread-86] INFO eu.europa.esig.dss.spi.x509.TokenIssuerSelector - The issuer subject name and subject name does not match (more details in debug mode).
11:39:09.643 [pool-7-thread-86] INFO eu.europa.esig.dss.spi.x509.TokenIssuerSelector - CERT ISSUER    : c=lu,ou=pki-test,o=nowina solutions,cn=external-ca
11:39:09.643 [pool-7-thread-86] INFO eu.europa.esig.dss.spi.x509.TokenIssuerSelector - ISSUER SUBJECT : c=lu,ou=pki-test,o=nowina solutions,cn=external-ca-alternative
11:39:09.645 [pool-7-thread-69] INFO eu.europa.esig.dss.spi.x509.TokenIssuerSelector - The issuer subject name and subject name does not match (more details in debug mode).
11:39:09.645 [pool-7-thread-69] INFO eu.europa.esig.dss.spi.x509.TokenIssuerSelector - CERT ISSUER    : c=lu,ou=pki-test,o=nowina solutions,cn=external-ca
11:39:09.645 [pool-7-thread-69] INFO eu.europa.esig.dss.spi.x509.TokenIssuerSelector - ISSUER SUBJECT : c=lu,ou=pki-test,o=nowina solutions,cn=external-ca-alternative
11:39:09.646 [pool-7-thread-69] INFO eu.europa.esig.dss.spi.x509.TokenIssuerSelector - The issuer subject name and subject name does not match (more details in debug mode).
11:39:09.646 [pool-7-thread-69] INFO eu.europa.esig.dss.spi.x509.TokenIssuerSelector - CERT ISSUER    : c=lu,ou=pki-test,o=nowina solutions,cn=external-ca
11:39:09.646 [pool-7-thread-41] WARN eu.europa.esig.dss.spi.x509.TokenIssuerSelector - No issuer found for the token creation date. The process continues with an issuer which has the same public key.
11:39:09.646 [pool-7-thread-69] INFO eu.europa.esig.dss.spi.x509.TokenIssuerSelector - ISSUER SUBJECT : c=lu,ou=pki-test,o=nowina solutions,cn=external-ca-alternative
11:39:09.646 [pool-7-thread-69] INFO eu.europa.esig.dss.spi.x509.TokenIssuerSelector - The issuer subject name and subject name does not match (more details in debug mode).
11:39:09.646 [pool-7-thread-69] INFO eu.europa.esig.dss.spi.x509.TokenIssuerSelector - CERT ISSUER    : c=lu,ou=pki-test,o=nowina solutions,cn=external-ca
11:39:09.646 [pool-7-thread-69] INFO eu.europa.esig.dss.spi.x509.TokenIssuerSelector - ISSUER SUBJECT : c=lu,ou=pki-test,o=nowina solutions,cn=external-ca-alternative
11:39:09.650 [pool-7-thread-77] WARN eu.europa.esig.dss.spi.x509.TokenIssuerSelector - No issuer found for the token creation date. The process continues with an issuer which has the same public key.
11:39:09.650 [pool-7-thread-41] INFO eu.europa.esig.dss.spi.x509.TokenIssuerSelector - The issuer subject name and subject name does not match (more details in debug mode).
11:39:09.650 [pool-7-thread-41] INFO eu.europa.esig.dss.spi.x509.TokenIssuerSelector - CERT ISSUER    : c=lu,ou=pki-test,o=nowina solutions,cn=external-ca
11:39:09.650 [pool-7-thread-41] INFO eu.europa.esig.dss.spi.x509.TokenIssuerSelector - ISSUER SUBJECT : c=lu,ou=pki-test,o=nowina solutions,cn=external-ca-alternative
11:39:09.650 [pool-7-thread-41] INFO eu.europa.esig.dss.spi.x509.TokenIssuerSelector - The issuer subject name and subject name does not match (more details in debug mode).
11:39:09.650 [pool-7-thread-41] INFO eu.europa.esig.dss.spi.x509.TokenIssuerSelector - CERT ISSUER    : c=lu,ou=pki-test,o=nowina solutions,cn=external-ca
11:39:09.650 [pool-7-thread-41] INFO eu.europa.esig.dss.spi.x509.TokenIssuerSelector - ISSUER SUBJECT : c=lu,ou=pki-test,o=nowina solutions,cn=external-ca-alternative
11:39:09.650 [pool-7-thread-41] INFO eu.europa.esig.dss.spi.x509.TokenIssuerSelector - The issuer subject name and subject name does not match (more details in debug mode).
11:39:09.650 [pool-7-thread-41] INFO eu.europa.esig.dss.spi.x509.TokenIssuerSelector - CERT ISSUER    : c=lu,ou=pki-test,o=nowina solutions,cn=external-ca
11:39:09.650 [pool-7-thread-41] INFO eu.europa.esig.dss.spi.x509.TokenIssuerSelector - ISSUER SUBJECT : c=lu,ou=pki-test,o=nowina solutions,cn=external-ca-alternative
11:39:09.652 [pool-7-thread-77] INFO eu.europa.esig.dss.spi.x509.TokenIssuerSelector - The issuer subject name and subject name does not match (more details in debug mode).
11:39:09.652 [pool-7-thread-77] INFO eu.europa.esig.dss.spi.x509.TokenIssuerSelector - CERT ISSUER    : c=lu,ou=pki-test,o=nowina solutions,cn=external-ca
11:39:09.652 [pool-7-thread-77] INFO eu.europa.esig.dss.spi.x509.TokenIssuerSelector - ISSUER SUBJECT : c=lu,ou=pki-test,o=nowina solutions,cn=external-ca-alternative
11:39:09.652 [pool-7-thread-77] INFO eu.europa.esig.dss.spi.x509.TokenIssuerSelector - The issuer subject name and subject name does not match (more details in debug mode).
11:39:09.652 [pool-7-thread-77] INFO eu.europa.esig.dss.spi.x509.TokenIssuerSelector - CERT ISSUER    : c=lu,ou=pki-test,o=nowina solutions,cn=external-ca
11:39:09.652 [pool-7-thread-77] INFO eu.europa.esig.dss.spi.x509.TokenIssuerSelector - ISSUER SUBJECT : c=lu,ou=pki-test,o=nowina solutions,cn=external-ca-alternative
11:39:09.652 [pool-7-thread-77] INFO eu.europa.esig.dss.spi.x509.TokenIssuerSelector - The issuer subject name and subject name does not match (more details in debug mode).
11:39:09.652 [pool-7-thread-77] INFO eu.europa.esig.dss.spi.x509.TokenIssuerSelector - CERT ISSUER    : c=lu,ou=pki-test,o=nowina solutions,cn=external-ca
11:39:09.652 [pool-7-thread-77] INFO eu.europa.esig.dss.spi.x509.TokenIssuerSelector - ISSUER SUBJECT : c=lu,ou=pki-test,o=nowina solutions,cn=external-ca-alternative
11:39:09.653 [pool-7-thread-73] WARN eu.europa.esig.dss.spi.x509.TokenIssuerSelector - No issuer found for the token creation date. The process continues with an issuer which has the same public key.
11:39:09.655 [pool-7-thread-73] INFO eu.europa.esig.dss.spi.x509.TokenIssuerSelector - The issuer subject name and subject name does not match (more details in debug mode).
11:39:09.655 [pool-7-thread-73] INFO eu.europa.esig.dss.spi.x509.TokenIssuerSelector - CERT ISSUER    : c=lu,ou=pki-test,o=nowina solutions,cn=external-ca
11:39:09.655 [pool-7-thread-73] INFO eu.europa.esig.dss.spi.x509.TokenIssuerSelector - ISSUER SUBJECT : c=lu,ou=pki-test,o=nowina solutions,cn=external-ca-alternative
11:39:09.655 [pool-7-thread-73] INFO eu.europa.esig.dss.spi.x509.TokenIssuerSelector - The issuer subject name and subject name does not match (more details in debug mode).
11:39:09.655 [pool-7-thread-73] INFO eu.europa.esig.dss.spi.x509.TokenIssuerSelector - CERT ISSUER    : c=lu,ou=pki-test,o=nowina solutions,cn=external-ca
11:39:09.655 [pool-7-thread-73] INFO eu.europa.esig.dss.spi.x509.TokenIssuerSelector - ISSUER SUBJECT : c=lu,ou=pki-test,o=nowina solutions,cn=external-ca-alternative
11:39:09.655 [pool-7-thread-73] INFO eu.europa.esig.dss.spi.x509.TokenIssuerSelector - The issuer subject name and subject name does not match (more details in debug mode).
11:39:09.655 [pool-7-thread-73] INFO eu.europa.esig.dss.spi.x509.TokenIssuerSelector - CERT ISSUER    : c=lu,ou=pki-test,o=nowina solutions,cn=external-ca
11:39:09.655 [pool-7-thread-73] INFO eu.europa.esig.dss.spi.x509.TokenIssuerSelector - ISSUER SUBJECT : c=lu,ou=pki-test,o=nowina solutions,cn=external-ca-alternative
11:39:09.656 [pool-7-thread-65] INFO eu.europa.esig.dss.spi.x509.TokenIssuerSelector - The issuer subject name and subject name does not match (more details in debug mode).
11:39:09.656 [pool-7-thread-65] INFO eu.europa.esig.dss.spi.x509.TokenIssuerSelector - CERT ISSUER    : c=lu,ou=pki-test,o=nowina solutions,cn=external-ca
11:39:09.656 [pool-7-thread-65] INFO eu.europa.esig.dss.spi.x509.TokenIssuerSelector - ISSUER SUBJECT : c=lu,ou=pki-test,o=nowina solutions,cn=external-ca-alternative
11:39:09.656 [pool-7-thread-65] INFO eu.europa.esig.dss.spi.x509.TokenIssuerSelector - The issuer subject name and subject name does not match (more details in debug mode).
11:39:09.656 [pool-7-thread-65] INFO eu.europa.esig.dss.spi.x509.TokenIssuerSelector - CERT ISSUER    : c=lu,ou=pki-test,o=nowina solutions,cn=external-ca
11:39:09.656 [pool-7-thread-65] INFO eu.europa.esig.dss.spi.x509.TokenIssuerSelector - ISSUER SUBJECT : c=lu,ou=pki-test,o=nowina solutions,cn=external-ca-alternative
11:39:09.656 [pool-7-thread-65] INFO eu.europa.esig.dss.spi.x509.TokenIssuerSelector - The issuer subject name and subject name does not match (more details in debug mode).
11:39:09.656 [pool-7-thread-65] INFO eu.europa.esig.dss.spi.x509.TokenIssuerSelector - CERT ISSUER    : c=lu,ou=pki-test,o=nowina solutions,cn=external-ca
11:39:09.656 [pool-7-thread-65] INFO eu.europa.esig.dss.spi.x509.TokenIssuerSelector - ISSUER SUBJECT : c=lu,ou=pki-test,o=nowina solutions,cn=external-ca-alternative
11:39:09.656 [pool-7-thread-20] WARN eu.europa.esig.dss.spi.x509.TokenIssuerSelector - No issuer found for the token creation date. The process continues with an issuer which has the same public key.
11:39:09.657 [pool-7-thread-16] WARN eu.europa.esig.dss.spi.x509.TokenIssuerSelector - No issuer found for the token creation date. The process continues with an issuer which has the same public key.
11:39:09.659 [pool-7-thread-16] INFO eu.europa.esig.dss.spi.x509.TokenIssuerSelector - The issuer subject name and subject name does not match (more details in debug mode).
11:39:09.660 [pool-7-thread-16] INFO eu.europa.esig.dss.spi.x509.TokenIssuerSelector - CERT ISSUER    : c=lu,ou=pki-test,o=nowina solutions,cn=external-ca
11:39:09.660 [pool-7-thread-16] INFO eu.europa.esig.dss.spi.x509.TokenIssuerSelector - ISSUER SUBJECT : c=lu,ou=pki-test,o=nowina solutions,cn=external-ca-alternative
11:39:09.660 [pool-7-thread-16] INFO eu.europa.esig.dss.spi.x509.TokenIssuerSelector - The issuer subject name and subject name does not match (more details in debug mode).
11:39:09.660 [pool-7-thread-16] INFO eu.europa.esig.dss.spi.x509.TokenIssuerSelector - CERT ISSUER    : c=lu,ou=pki-test,o=nowina solutions,cn=external-ca
11:39:09.660 [pool-7-thread-16] INFO eu.europa.esig.dss.spi.x509.TokenIssuerSelector - ISSUER SUBJECT : c=lu,ou=pki-test,o=nowina solutions,cn=external-ca-alternative
11:39:09.660 [pool-7-thread-16] INFO eu.europa.esig.dss.spi.x509.TokenIssuerSelector - The issuer subject name and subject name does not match (more details in debug mode).
11:39:09.660 [pool-7-thread-16] INFO eu.europa.esig.dss.spi.x509.TokenIssuerSelector - CERT ISSUER    : c=lu,ou=pki-test,o=nowina solutions,cn=external-ca
11:39:09.660 [pool-7-thread-16] INFO eu.europa.esig.dss.spi.x509.TokenIssuerSelector - ISSUER SUBJECT : c=lu,ou=pki-test,o=nowina solutions,cn=external-ca-alternative
11:39:09.664 [pool-7-thread-1] WARN eu.europa.esig.dss.spi.x509.TokenIssuerSelector - No issuer found for the token creation date. The process continues with an issuer which has the same public key.
11:39:09.665 [pool-7-thread-74] WARN eu.europa.esig.dss.spi.x509.TokenIssuerSelector - No issuer found for the token creation date. The process continues with an issuer which has the same public key.
11:39:09.666 [pool-7-thread-43] WARN eu.europa.esig.dss.spi.x509.TokenIssuerSelector - No issuer found for the token creation date. The process continues with an issuer which has the same public key.
11:39:09.668 [pool-7-thread-2] WARN eu.europa.esig.dss.spi.x509.TokenIssuerSelector - No issuer found for the token creation date. The process continues with an issuer which has the same public key.
11:39:09.670 [pool-7-thread-2] WARN eu.europa.esig.dss.spi.x509.TokenIssuerSelector - No issuer found for the token creation date. The process continues with an issuer which has the same public key.
11:39:09.671 [pool-7-thread-2] INFO eu.europa.esig.dss.spi.x509.TokenIssuerSelector - The issuer subject name and subject name does not match (more details in debug mode).
11:39:09.671 [pool-7-thread-2] INFO eu.europa.esig.dss.spi.x509.TokenIssuerSelector - CERT ISSUER    : c=lu,ou=pki-test,o=nowina solutions,cn=external-ca
11:39:09.671 [pool-7-thread-2] INFO eu.europa.esig.dss.spi.x509.TokenIssuerSelector - ISSUER SUBJECT : c=lu,ou=pki-test,o=nowina solutions,cn=external-ca-alternative
11:39:09.671 [pool-7-thread-2] INFO eu.europa.esig.dss.spi.x509.TokenIssuerSelector - The issuer subject name and subject name does not match (more details in debug mode).
11:39:09.671 [pool-7-thread-2] INFO eu.europa.esig.dss.spi.x509.TokenIssuerSelector - CERT ISSUER    : c=lu,ou=pki-test,o=nowina solutions,cn=external-ca
11:39:09.671 [pool-7-thread-2] INFO eu.europa.esig.dss.spi.x509.TokenIssuerSelector - ISSUER SUBJECT : c=lu,ou=pki-test,o=nowina solutions,cn=external-ca-alternative
11:39:09.671 [pool-7-thread-2] INFO eu.europa.esig.dss.spi.x509.TokenIssuerSelector - The issuer subject name and subject name does not match (more details in debug mode).
11:39:09.671 [pool-7-thread-2] INFO eu.europa.esig.dss.spi.x509.TokenIssuerSelector - CERT ISSUER    : c=lu,ou=pki-test,o=nowina solutions,cn=external-ca
11:39:09.671 [pool-7-thread-2] INFO eu.europa.esig.dss.spi.x509.TokenIssuerSelector - ISSUER SUBJECT : c=lu,ou=pki-test,o=nowina solutions,cn=external-ca-alternative
11:39:09.672 [pool-7-thread-38] WARN eu.europa.esig.dss.spi.x509.TokenIssuerSelector - No issuer found for the token creation date. The process continues with an issuer which has the same public key.
11:39:09.679 [pool-7-thread-66] WARN eu.europa.esig.dss.spi.x509.TokenIssuerSelector - No issuer found for the token creation date. The process continues with an issuer which has the same public key.
11:39:09.681 [pool-7-thread-42] INFO eu.europa.esig.dss.spi.x509.TokenIssuerSelector - The issuer subject name and subject name does not match (more details in debug mode).
11:39:09.681 [pool-7-thread-42] INFO eu.europa.esig.dss.spi.x509.TokenIssuerSelector - CERT ISSUER    : c=lu,ou=pki-test,o=nowina solutions,cn=external-ca
11:39:09.682 [pool-7-thread-42] INFO eu.europa.esig.dss.spi.x509.TokenIssuerSelector - ISSUER SUBJECT : c=lu,ou=pki-test,o=nowina solutions,cn=external-ca-alternative
11:39:09.682 [pool-7-thread-42] INFO eu.europa.esig.dss.spi.x509.TokenIssuerSelector - The issuer subject name and subject name does not match (more details in debug mode).
11:39:09.682 [pool-7-thread-42] INFO eu.europa.esig.dss.spi.x509.TokenIssuerSelector - CERT ISSUER    : c=lu,ou=pki-test,o=nowina solutions,cn=external-ca
11:39:09.682 [pool-7-thread-42] INFO eu.europa.esig.dss.spi.x509.TokenIssuerSelector - ISSUER SUBJECT : c=lu,ou=pki-test,o=nowina solutions,cn=external-ca-alternative
11:39:09.682 [pool-7-thread-42] INFO eu.europa.esig.dss.spi.x509.TokenIssuerSelector - The issuer subject name and subject name does not match (more details in debug mode).
11:39:09.682 [pool-7-thread-42] INFO eu.europa.esig.dss.spi.x509.TokenIssuerSelector - CERT ISSUER    : c=lu,ou=pki-test,o=nowina solutions,cn=external-ca
11:39:09.682 [pool-7-thread-42] INFO eu.europa.esig.dss.spi.x509.TokenIssuerSelector - ISSUER SUBJECT : c=lu,ou=pki-test,o=nowina solutions,cn=external-ca-alternative
11:39:09.685 [pool-7-thread-78] WARN eu.europa.esig.dss.spi.x509.TokenIssuerSelector - No issuer found for the token creation date. The process continues with an issuer which has the same public key.
11:39:09.686 [pool-7-thread-78] WARN eu.europa.esig.dss.spi.x509.TokenIssuerSelector - No issuer found for the token creation date. The process continues with an issuer which has the same public key.
11:39:09.687 [pool-7-thread-62] WARN eu.europa.esig.dss.spi.x509.TokenIssuerSelector - No issuer found for the token creation date. The process continues with an issuer which has the same public key.
11:39:09.688 [pool-7-thread-19] WARN eu.europa.esig.dss.spi.x509.TokenIssuerSelector - No issuer found for the token creation date. The process continues with an issuer which has the same public key.
11:39:09.688 [pool-7-thread-62] WARN eu.europa.esig.dss.spi.x509.TokenIssuerSelector - No issuer found for the token creation date. The process continues with an issuer which has the same public key.
11:39:09.692 [pool-7-thread-62] INFO eu.europa.esig.dss.spi.x509.TokenIssuerSelector - The issuer subject name and subject name does not match (more details in debug mode).
11:39:09.692 [pool-7-thread-9] WARN eu.europa.esig.dss.spi.x509.TokenIssuerSelector - No issuer found for the token creation date. The process continues with an issuer which has the same public key.
11:39:09.692 [pool-7-thread-62] INFO eu.europa.esig.dss.spi.x509.TokenIssuerSelector - CERT ISSUER    : c=lu,ou=pki-test,o=nowina solutions,cn=external-ca
11:39:09.692 [pool-7-thread-62] INFO eu.europa.esig.dss.spi.x509.TokenIssuerSelector - ISSUER SUBJECT : c=lu,ou=pki-test,o=nowina solutions,cn=external-ca-alternative
11:39:09.693 [pool-7-thread-62] INFO eu.europa.esig.dss.spi.x509.TokenIssuerSelector - The issuer subject name and subject name does not match (more details in debug mode).
11:39:09.693 [pool-7-thread-62] INFO eu.europa.esig.dss.spi.x509.TokenIssuerSelector - CERT ISSUER    : c=lu,ou=pki-test,o=nowina solutions,cn=external-ca
11:39:09.693 [pool-7-thread-62] INFO eu.europa.esig.dss.spi.x509.TokenIssuerSelector - ISSUER SUBJECT : c=lu,ou=pki-test,o=nowina solutions,cn=external-ca-alternative
11:39:09.693 [pool-7-thread-62] INFO eu.europa.esig.dss.spi.x509.TokenIssuerSelector - The issuer subject name and subject name does not match (more details in debug mode).
11:39:09.693 [pool-7-thread-62] INFO eu.europa.esig.dss.spi.x509.TokenIssuerSelector - CERT ISSUER    : c=lu,ou=pki-test,o=nowina solutions,cn=external-ca
11:39:09.693 [pool-7-thread-62] INFO eu.europa.esig.dss.spi.x509.TokenIssuerSelector - ISSUER SUBJECT : c=lu,ou=pki-test,o=nowina solutions,cn=external-ca-alternative
11:39:09.694 [pool-7-thread-9] INFO eu.europa.esig.dss.spi.x509.TokenIssuerSelector - The issuer subject name and subject name does not match (more details in debug mode).
11:39:09.695 [pool-7-thread-9] INFO eu.europa.esig.dss.spi.x509.TokenIssuerSelector - CERT ISSUER    : c=lu,ou=pki-test,o=nowina solutions,cn=external-ca
11:39:09.695 [pool-7-thread-9] INFO eu.europa.esig.dss.spi.x509.TokenIssuerSelector - ISSUER SUBJECT : c=lu,ou=pki-test,o=nowina solutions,cn=external-ca-alternative
11:39:09.695 [pool-7-thread-9] INFO eu.europa.esig.dss.spi.x509.TokenIssuerSelector - The issuer subject name and subject name does not match (more details in debug mode).
11:39:09.695 [pool-7-thread-9] INFO eu.europa.esig.dss.spi.x509.TokenIssuerSelector - CERT ISSUER    : c=lu,ou=pki-test,o=nowina solutions,cn=external-ca
11:39:09.695 [pool-7-thread-9] INFO eu.europa.esig.dss.spi.x509.TokenIssuerSelector - ISSUER SUBJECT : c=lu,ou=pki-test,o=nowina solutions,cn=external-ca-alternative
11:39:09.695 [pool-7-thread-9] INFO eu.europa.esig.dss.spi.x509.TokenIssuerSelector - The issuer subject name and subject name does not match (more details in debug mode).
11:39:09.695 [pool-7-thread-9] INFO eu.europa.esig.dss.spi.x509.TokenIssuerSelector - CERT ISSUER    : c=lu,ou=pki-test,o=nowina solutions,cn=external-ca
11:39:09.695 [pool-7-thread-9] INFO eu.europa.esig.dss.spi.x509.TokenIssuerSelector - ISSUER SUBJECT : c=lu,ou=pki-test,o=nowina solutions,cn=external-ca-alternative
11:39:09.700 [pool-7-thread-52] WARN eu.europa.esig.dss.spi.x509.TokenIssuerSelector - No issuer found for the token creation date. The process continues with an issuer which has the same public key.
11:39:09.702 [pool-7-thread-60] INFO eu.europa.esig.dss.spi.x509.TokenIssuerSelector - The issuer subject name and subject name does not match (more details in debug mode).
11:39:09.702 [pool-7-thread-60] INFO eu.europa.esig.dss.spi.x509.TokenIssuerSelector - CERT ISSUER    : c=lu,ou=pki-test,o=nowina solutions,cn=external-ca
11:39:09.702 [pool-7-thread-60] INFO eu.europa.esig.dss.spi.x509.TokenIssuerSelector - ISSUER SUBJECT : c=lu,ou=pki-test,o=nowina solutions,cn=external-ca-alternative
11:39:09.702 [pool-7-thread-60] INFO eu.europa.esig.dss.spi.x509.TokenIssuerSelector - The issuer subject name and subject name does not match (more details in debug mode).
11:39:09.702 [pool-7-thread-60] INFO eu.europa.esig.dss.spi.x509.TokenIssuerSelector - CERT ISSUER    : c=lu,ou=pki-test,o=nowina solutions,cn=external-ca
11:39:09.702 [pool-7-thread-60] INFO eu.europa.esig.dss.spi.x509.TokenIssuerSelector - ISSUER SUBJECT : c=lu,ou=pki-test,o=nowina solutions,cn=external-ca-alternative
11:39:09.702 [pool-7-thread-60] INFO eu.europa.esig.dss.spi.x509.TokenIssuerSelector - The issuer subject name and subject name does not match (more details in debug mode).
11:39:09.702 [pool-7-thread-60] INFO eu.europa.esig.dss.spi.x509.TokenIssuerSelector - CERT ISSUER    : c=lu,ou=pki-test,o=nowina solutions,cn=external-ca
11:39:09.702 [pool-7-thread-60] INFO eu.europa.esig.dss.spi.x509.TokenIssuerSelector - ISSUER SUBJECT : c=lu,ou=pki-test,o=nowina solutions,cn=external-ca-alternative
11:39:09.703 [pool-7-thread-54] INFO eu.europa.esig.dss.spi.x509.TokenIssuerSelector - The issuer subject name and subject name does not match (more details in debug mode).
11:39:09.703 [pool-7-thread-54] INFO eu.europa.esig.dss.spi.x509.TokenIssuerSelector - CERT ISSUER    : c=lu,ou=pki-test,o=nowina solutions,cn=external-ca
11:39:09.703 [pool-7-thread-54] INFO eu.europa.esig.dss.spi.x509.TokenIssuerSelector - ISSUER SUBJECT : c=lu,ou=pki-test,o=nowina solutions,cn=external-ca-alternative
11:39:09.703 [pool-7-thread-54] INFO eu.europa.esig.dss.spi.x509.TokenIssuerSelector - The issuer subject name and subject name does not match (more details in debug mode).
11:39:09.703 [pool-7-thread-54] INFO eu.europa.esig.dss.spi.x509.TokenIssuerSelector - CERT ISSUER    : c=lu,ou=pki-test,o=nowina solutions,cn=external-ca
11:39:09.703 [pool-7-thread-54] INFO eu.europa.esig.dss.spi.x509.TokenIssuerSelector - ISSUER SUBJECT : c=lu,ou=pki-test,o=nowina solutions,cn=external-ca-alternative
11:39:09.703 [pool-7-thread-54] INFO eu.europa.esig.dss.spi.x509.TokenIssuerSelector - The issuer subject name and subject name does not match (more details in debug mode).
11:39:09.703 [pool-7-thread-54] INFO eu.europa.esig.dss.spi.x509.TokenIssuerSelector - CERT ISSUER    : c=lu,ou=pki-test,o=nowina solutions,cn=external-ca
11:39:09.703 [pool-7-thread-54] INFO eu.europa.esig.dss.spi.x509.TokenIssuerSelector - ISSUER SUBJECT : c=lu,ou=pki-test,o=nowina solutions,cn=external-ca-alternative
11:39:09.703 [pool-7-thread-23] WARN eu.europa.esig.dss.spi.x509.TokenIssuerSelector - No issuer found for the token creation date. The process continues with an issuer which has the same public key.
11:39:09.705 [pool-7-thread-12] INFO eu.europa.esig.dss.spi.x509.TokenIssuerSelector - The issuer subject name and subject name does not match (more details in debug mode).
11:39:09.705 [pool-7-thread-12] INFO eu.europa.esig.dss.spi.x509.TokenIssuerSelector - CERT ISSUER    : c=lu,ou=pki-test,o=nowina solutions,cn=external-ca
11:39:09.705 [pool-7-thread-12] INFO eu.europa.esig.dss.spi.x509.TokenIssuerSelector - ISSUER SUBJECT : c=lu,ou=pki-test,o=nowina solutions,cn=external-ca-alternative
11:39:09.705 [pool-7-thread-12] INFO eu.europa.esig.dss.spi.x509.TokenIssuerSelector - The issuer subject name and subject name does not match (more details in debug mode).
11:39:09.705 [pool-7-thread-12] INFO eu.europa.esig.dss.spi.x509.TokenIssuerSelector - CERT ISSUER    : c=lu,ou=pki-test,o=nowina solutions,cn=external-ca
11:39:09.705 [pool-7-thread-12] INFO eu.europa.esig.dss.spi.x509.TokenIssuerSelector - ISSUER SUBJECT : c=lu,ou=pki-test,o=nowina solutions,cn=external-ca-alternative
11:39:09.705 [pool-7-thread-12] INFO eu.europa.esig.dss.spi.x509.TokenIssuerSelector - The issuer subject name and subject name does not match (more details in debug mode).
11:39:09.705 [pool-7-thread-12] INFO eu.europa.esig.dss.spi.x509.TokenIssuerSelector - CERT ISSUER    : c=lu,ou=pki-test,o=nowina solutions,cn=external-ca
11:39:09.705 [pool-7-thread-12] INFO eu.europa.esig.dss.spi.x509.TokenIssuerSelector - ISSUER SUBJECT : c=lu,ou=pki-test,o=nowina solutions,cn=external-ca-alternative
11:39:09.706 [pool-7-thread-7] INFO eu.europa.esig.dss.spi.x509.TokenIssuerSelector - The issuer subject name and subject name does not match (more details in debug mode).
11:39:09.706 [pool-7-thread-7] INFO eu.europa.esig.dss.spi.x509.TokenIssuerSelector - CERT ISSUER    : c=lu,ou=pki-test,o=nowina solutions,cn=external-ca
11:39:09.707 [pool-7-thread-7] INFO eu.europa.esig.dss.spi.x509.TokenIssuerSelector - ISSUER SUBJECT : c=lu,ou=pki-test,o=nowina solutions,cn=external-ca-alternative
11:39:09.707 [pool-7-thread-7] INFO eu.europa.esig.dss.spi.x509.TokenIssuerSelector - The issuer subject name and subject name does not match (more details in debug mode).
11:39:09.707 [pool-7-thread-7] INFO eu.europa.esig.dss.spi.x509.TokenIssuerSelector - CERT ISSUER    : c=lu,ou=pki-test,o=nowina solutions,cn=external-ca
11:39:09.707 [pool-7-thread-7] INFO eu.europa.esig.dss.spi.x509.TokenIssuerSelector - ISSUER SUBJECT : c=lu,ou=pki-test,o=nowina solutions,cn=external-ca-alternative
11:39:09.707 [pool-7-thread-7] INFO eu.europa.esig.dss.spi.x509.TokenIssuerSelector - The issuer subject name and subject name does not match (more details in debug mode).
11:39:09.707 [pool-7-thread-7] INFO eu.europa.esig.dss.spi.x509.TokenIssuerSelector - CERT ISSUER    : c=lu,ou=pki-test,o=nowina solutions,cn=external-ca
11:39:09.707 [pool-7-thread-7] INFO eu.europa.esig.dss.spi.x509.TokenIssuerSelector - ISSUER SUBJECT : c=lu,ou=pki-test,o=nowina solutions,cn=external-ca-alternative
11:39:09.707 [pool-7-thread-15] WARN eu.europa.esig.dss.spi.x509.TokenIssuerSelector - No issuer found for the token creation date. The process continues with an issuer which has the same public key.
11:39:09.707 [pool-7-thread-15] WARN eu.europa.esig.dss.spi.x509.TokenIssuerSelector - No issuer found for the token creation date. The process continues with an issuer which has the same public key.
11:39:09.709 [pool-7-thread-15] INFO eu.europa.esig.dss.spi.x509.TokenIssuerSelector - The issuer subject name and subject name does not match (more details in debug mode).
11:39:09.709 [pool-7-thread-15] INFO eu.europa.esig.dss.spi.x509.TokenIssuerSelector - CERT ISSUER    : c=lu,ou=pki-test,o=nowina solutions,cn=external-ca
11:39:09.709 [pool-7-thread-15] INFO eu.europa.esig.dss.spi.x509.TokenIssuerSelector - ISSUER SUBJECT : c=lu,ou=pki-test,o=nowina solutions,cn=external-ca-alternative
11:39:09.709 [pool-7-thread-15] INFO eu.europa.esig.dss.spi.x509.TokenIssuerSelector - The issuer subject name and subject name does not match (more details in debug mode).
11:39:09.709 [pool-7-thread-15] INFO eu.europa.esig.dss.spi.x509.TokenIssuerSelector - CERT ISSUER    : c=lu,ou=pki-test,o=nowina solutions,cn=external-ca
11:39:09.709 [pool-7-thread-15] INFO eu.europa.esig.dss.spi.x509.TokenIssuerSelector - ISSUER SUBJECT : c=lu,ou=pki-test,o=nowina solutions,cn=external-ca-alternative
11:39:09.709 [pool-7-thread-15] INFO eu.europa.esig.dss.spi.x509.TokenIssuerSelector - The issuer subject name and subject name does not match (more details in debug mode).
11:39:09.709 [pool-7-thread-15] INFO eu.europa.esig.dss.spi.x509.TokenIssuerSelector - CERT ISSUER    : c=lu,ou=pki-test,o=nowina solutions,cn=external-ca
11:39:09.709 [pool-7-thread-15] INFO eu.europa.esig.dss.spi.x509.TokenIssuerSelector - ISSUER SUBJECT : c=lu,ou=pki-test,o=nowina solutions,cn=external-ca-alternative
11:39:09.712 [pool-7-thread-49] WARN eu.europa.esig.dss.spi.x509.TokenIssuerSelector - No issuer found for the token creation date. The process continues with an issuer which has the same public key.
11:39:09.713 [pool-7-thread-8] WARN eu.europa.esig.dss.spi.x509.TokenIssuerSelector - No issuer found for the token creation date. The process continues with an issuer which has the same public key.
11:39:09.715 [pool-7-thread-8] INFO eu.europa.esig.dss.spi.x509.TokenIssuerSelector - The issuer subject name and subject name does not match (more details in debug mode).
11:39:09.715 [pool-7-thread-8] INFO eu.europa.esig.dss.spi.x509.TokenIssuerSelector - CERT ISSUER    : c=lu,ou=pki-test,o=nowina solutions,cn=external-ca
11:39:09.715 [pool-7-thread-8] INFO eu.europa.esig.dss.spi.x509.TokenIssuerSelector - ISSUER SUBJECT : c=lu,ou=pki-test,o=nowina solutions,cn=external-ca-alternative
11:39:09.715 [pool-7-thread-8] INFO eu.europa.esig.dss.spi.x509.TokenIssuerSelector - The issuer subject name and subject name does not match (more details in debug mode).
11:39:09.715 [pool-7-thread-8] INFO eu.europa.esig.dss.spi.x509.TokenIssuerSelector - CERT ISSUER    : c=lu,ou=pki-test,o=nowina solutions,cn=external-ca
11:39:09.715 [pool-7-thread-8] INFO eu.europa.esig.dss.spi.x509.TokenIssuerSelector - ISSUER SUBJECT : c=lu,ou=pki-test,o=nowina solutions,cn=external-ca-alternative
11:39:09.715 [pool-7-thread-8] INFO eu.europa.esig.dss.spi.x509.TokenIssuerSelector - The issuer subject name and subject name does not match (more details in debug mode).
11:39:09.715 [pool-7-thread-61] WARN eu.europa.esig.dss.spi.x509.TokenIssuerSelector - No issuer found for the token creation date. The process continues with an issuer which has the same public key.
11:39:09.715 [pool-7-thread-8] INFO eu.europa.esig.dss.spi.x509.TokenIssuerSelector - CERT ISSUER    : c=lu,ou=pki-test,o=nowina solutions,cn=external-ca
11:39:09.715 [pool-7-thread-8] INFO eu.europa.esig.dss.spi.x509.TokenIssuerSelector - ISSUER SUBJECT : c=lu,ou=pki-test,o=nowina solutions,cn=external-ca-alternative
11:39:09.717 [pool-7-thread-55] WARN eu.europa.esig.dss.spi.x509.TokenIssuerSelector - No issuer found for the token creation date. The process continues with an issuer which has the same public key.
11:39:09.717 [pool-7-thread-61] INFO eu.europa.esig.dss.spi.x509.TokenIssuerSelector - The issuer subject name and subject name does not match (more details in debug mode).
11:39:09.718 [pool-7-thread-61] INFO eu.europa.esig.dss.spi.x509.TokenIssuerSelector - CERT ISSUER    : c=lu,ou=pki-test,o=nowina solutions,cn=external-ca
11:39:09.718 [pool-7-thread-61] INFO eu.europa.esig.dss.spi.x509.TokenIssuerSelector - ISSUER SUBJECT : c=lu,ou=pki-test,o=nowina solutions,cn=external-ca-alternative
11:39:09.718 [pool-7-thread-61] INFO eu.europa.esig.dss.spi.x509.TokenIssuerSelector - The issuer subject name and subject name does not match (more details in debug mode).
11:39:09.718 [pool-7-thread-61] INFO eu.europa.esig.dss.spi.x509.TokenIssuerSelector - CERT ISSUER    : c=lu,ou=pki-test,o=nowina solutions,cn=external-ca
11:39:09.718 [pool-7-thread-61] INFO eu.europa.esig.dss.spi.x509.TokenIssuerSelector - ISSUER SUBJECT : c=lu,ou=pki-test,o=nowina solutions,cn=external-ca-alternative
11:39:09.718 [pool-7-thread-61] INFO eu.europa.esig.dss.spi.x509.TokenIssuerSelector - The issuer subject name and subject name does not match (more details in debug mode).
11:39:09.718 [pool-7-thread-61] INFO eu.europa.esig.dss.spi.x509.TokenIssuerSelector - CERT ISSUER    : c=lu,ou=pki-test,o=nowina solutions,cn=external-ca
11:39:09.718 [pool-7-thread-61] INFO eu.europa.esig.dss.spi.x509.TokenIssuerSelector - ISSUER SUBJECT : c=lu,ou=pki-test,o=nowina solutions,cn=external-ca-alternative
11:39:09.718 [pool-7-thread-8] WARN eu.europa.esig.dss.spi.x509.TokenIssuerSelector - No issuer found for the token creation date. The process continues with an issuer which has the same public key.
11:39:09.719 [pool-7-thread-27] WARN eu.europa.esig.dss.spi.x509.TokenIssuerSelector - No issuer found for the token creation date. The process continues with an issuer which has the same public key.
11:39:09.720 [pool-7-thread-47] WARN eu.europa.esig.dss.spi.x509.TokenIssuerSelector - No issuer found for the token creation date. The process continues with an issuer which has the same public key.
11:39:09.721 [pool-7-thread-51] WARN eu.europa.esig.dss.spi.x509.TokenIssuerSelector - No issuer found for the token creation date. The process continues with an issuer which has the same public key.
11:39:09.722 [pool-7-thread-58] WARN eu.europa.esig.dss.spi.x509.TokenIssuerSelector - No issuer found for the token creation date. The process continues with an issuer which has the same public key.
11:39:09.723 [pool-7-thread-58] INFO eu.europa.esig.dss.spi.x509.TokenIssuerSelector - The issuer subject name and subject name does not match (more details in debug mode).
11:39:09.723 [pool-7-thread-58] INFO eu.europa.esig.dss.spi.x509.TokenIssuerSelector - CERT ISSUER    : c=lu,ou=pki-test,o=nowina solutions,cn=external-ca
11:39:09.723 [pool-7-thread-58] INFO eu.europa.esig.dss.spi.x509.TokenIssuerSelector - ISSUER SUBJECT : c=lu,ou=pki-test,o=nowina solutions,cn=external-ca-alternative
11:39:09.724 [pool-7-thread-58] INFO eu.europa.esig.dss.spi.x509.TokenIssuerSelector - The issuer subject name and subject name does not match (more details in debug mode).
11:39:09.724 [pool-7-thread-58] INFO eu.europa.esig.dss.spi.x509.TokenIssuerSelector - CERT ISSUER    : c=lu,ou=pki-test,o=nowina solutions,cn=external-ca
11:39:09.724 [pool-7-thread-58] INFO eu.europa.esig.dss.spi.x509.TokenIssuerSelector - ISSUER SUBJECT : c=lu,ou=pki-test,o=nowina solutions,cn=external-ca-alternative
11:39:09.724 [pool-7-thread-58] INFO eu.europa.esig.dss.spi.x509.TokenIssuerSelector - The issuer subject name and subject name does not match (more details in debug mode).
11:39:09.724 [pool-7-thread-58] INFO eu.europa.esig.dss.spi.x509.TokenIssuerSelector - CERT ISSUER    : c=lu,ou=pki-test,o=nowina solutions,cn=external-ca
11:39:09.724 [pool-7-thread-58] INFO eu.europa.esig.dss.spi.x509.TokenIssuerSelector - ISSUER SUBJECT : c=lu,ou=pki-test,o=nowina solutions,cn=external-ca-alternative
11:39:09.732 [pool-7-thread-58] WARN eu.europa.esig.dss.spi.x509.TokenIssuerSelector - No issuer found for the token creation date. The process continues with an issuer which has the same public key.
11:39:09.733 [pool-7-thread-25] WARN eu.europa.esig.dss.spi.x509.TokenIssuerSelector - No issuer found for the token creation date. The process continues with an issuer which has the same public key.
11:39:09.734 [pool-7-thread-48] WARN eu.europa.esig.dss.spi.x509.TokenIssuerSelector - No issuer found for the token creation date. The process continues with an issuer which has the same public key.
11:39:09.735 [pool-7-thread-57] WARN eu.europa.esig.dss.spi.x509.TokenIssuerSelector - No issuer found for the token creation date. The process continues with an issuer which has the same public key.
11:39:09.736 [pool-7-thread-57] WARN eu.europa.esig.dss.spi.x509.TokenIssuerSelector - No issuer found for the token creation date. The process continues with an issuer which has the same public key.
11:39:09.736 [pool-7-thread-59] WARN eu.europa.esig.dss.spi.x509.TokenIssuerSelector - No issuer found for the token creation date. The process continues with an issuer which has the same public key.
11:39:09.738 [pool-7-thread-59] INFO eu.europa.esig.dss.spi.x509.TokenIssuerSelector - The issuer subject name and subject name does not match (more details in debug mode).
11:39:09.738 [pool-7-thread-59] INFO eu.europa.esig.dss.spi.x509.TokenIssuerSelector - CERT ISSUER    : c=lu,ou=pki-test,o=nowina solutions,cn=external-ca
11:39:09.738 [pool-7-thread-59] INFO eu.europa.esig.dss.spi.x509.TokenIssuerSelector - ISSUER SUBJECT : c=lu,ou=pki-test,o=nowina solutions,cn=external-ca-alternative
11:39:09.738 [pool-7-thread-59] INFO eu.europa.esig.dss.spi.x509.TokenIssuerSelector - The issuer subject name and subject name does not match (more details in debug mode).
11:39:09.738 [pool-7-thread-59] INFO eu.europa.esig.dss.spi.x509.TokenIssuerSelector - CERT ISSUER    : c=lu,ou=pki-test,o=nowina solutions,cn=external-ca
11:39:09.738 [pool-7-thread-59] INFO eu.europa.esig.dss.spi.x509.TokenIssuerSelector - ISSUER SUBJECT : c=lu,ou=pki-test,o=nowina solutions,cn=external-ca-alternative
11:39:09.738 [pool-7-thread-59] INFO eu.europa.esig.dss.spi.x509.TokenIssuerSelector - The issuer subject name and subject name does not match (more details in debug mode).
11:39:09.738 [pool-7-thread-59] INFO eu.europa.esig.dss.spi.x509.TokenIssuerSelector - CERT ISSUER    : c=lu,ou=pki-test,o=nowina solutions,cn=external-ca
11:39:09.738 [pool-7-thread-59] INFO eu.europa.esig.dss.spi.x509.TokenIssuerSelector - ISSUER SUBJECT : c=lu,ou=pki-test,o=nowina solutions,cn=external-ca-alternative
11:39:09.741 [pool-7-thread-53] WARN eu.europa.esig.dss.spi.x509.TokenIssuerSelector - No issuer found for the token creation date. The process continues with an issuer which has the same public key.
11:39:09.742 [pool-7-thread-56] WARN eu.europa.esig.dss.spi.x509.TokenIssuerSelector - No issuer found for the token creation date. The process continues with an issuer which has the same public key.
11:39:09.750 [pool-7-thread-17] INFO eu.europa.esig.dss.spi.x509.TokenIssuerSelector - The issuer subject name and subject name does not match (more details in debug mode).
11:39:09.750 [pool-7-thread-17] INFO eu.europa.esig.dss.spi.x509.TokenIssuerSelector - CERT ISSUER    : c=lu,ou=pki-test,o=nowina solutions,cn=external-ca
11:39:09.750 [pool-7-thread-17] INFO eu.europa.esig.dss.spi.x509.TokenIssuerSelector - ISSUER SUBJECT : c=lu,ou=pki-test,o=nowina solutions,cn=external-ca-alternative
11:39:09.750 [pool-7-thread-17] INFO eu.europa.esig.dss.spi.x509.TokenIssuerSelector - The issuer subject name and subject name does not match (more details in debug mode).
11:39:09.750 [pool-7-thread-17] INFO eu.europa.esig.dss.spi.x509.TokenIssuerSelector - CERT ISSUER    : c=lu,ou=pki-test,o=nowina solutions,cn=external-ca
11:39:09.750 [pool-7-thread-17] INFO eu.europa.esig.dss.spi.x509.TokenIssuerSelector - ISSUER SUBJECT : c=lu,ou=pki-test,o=nowina solutions,cn=external-ca-alternative
11:39:09.750 [pool-7-thread-17] INFO eu.europa.esig.dss.spi.x509.TokenIssuerSelector - The issuer subject name and subject name does not match (more details in debug mode).
11:39:09.750 [pool-7-thread-17] INFO eu.europa.esig.dss.spi.x509.TokenIssuerSelector - CERT ISSUER    : c=lu,ou=pki-test,o=nowina solutions,cn=external-ca
11:39:09.750 [pool-7-thread-17] INFO eu.europa.esig.dss.spi.x509.TokenIssuerSelector - ISSUER SUBJECT : c=lu,ou=pki-test,o=nowina solutions,cn=external-ca-alternative
11:39:09.749 [pool-7-thread-24] WARN eu.europa.esig.dss.spi.x509.TokenIssuerSelector - No issuer found for the token creation date. The process continues with an issuer which has the same public key.
11:39:09.750 [pool-7-thread-56] WARN eu.europa.esig.dss.spi.x509.TokenIssuerSelector - No issuer found for the token creation date. The process continues with an issuer which has the same public key.
11:39:09.752 [pool-7-thread-56] INFO eu.europa.esig.dss.spi.x509.TokenIssuerSelector - The issuer subject name and subject name does not match (more details in debug mode).
11:39:09.752 [pool-7-thread-56] INFO eu.europa.esig.dss.spi.x509.TokenIssuerSelector - CERT ISSUER    : c=lu,ou=pki-test,o=nowina solutions,cn=external-ca
11:39:09.752 [pool-7-thread-56] INFO eu.europa.esig.dss.spi.x509.TokenIssuerSelector - ISSUER SUBJECT : c=lu,ou=pki-test,o=nowina solutions,cn=external-ca-alternative
11:39:09.752 [pool-7-thread-56] INFO eu.europa.esig.dss.spi.x509.TokenIssuerSelector - The issuer subject name and subject name does not match (more details in debug mode).
11:39:09.752 [pool-7-thread-56] INFO eu.europa.esig.dss.spi.x509.TokenIssuerSelector - CERT ISSUER    : c=lu,ou=pki-test,o=nowina solutions,cn=external-ca
11:39:09.752 [pool-7-thread-56] INFO eu.europa.esig.dss.spi.x509.TokenIssuerSelector - ISSUER SUBJECT : c=lu,ou=pki-test,o=nowina solutions,cn=external-ca-alternative
11:39:09.752 [pool-7-thread-56] INFO eu.europa.esig.dss.spi.x509.TokenIssuerSelector - The issuer subject name and subject name does not match (more details in debug mode).
11:39:09.752 [pool-7-thread-56] INFO eu.europa.esig.dss.spi.x509.TokenIssuerSelector - CERT ISSUER    : c=lu,ou=pki-test,o=nowina solutions,cn=external-ca
11:39:09.752 [pool-7-thread-56] INFO eu.europa.esig.dss.spi.x509.TokenIssuerSelector - ISSUER SUBJECT : c=lu,ou=pki-test,o=nowina solutions,cn=external-ca-alternative
11:39:09.757 [pool-7-thread-53] WARN eu.europa.esig.dss.spi.x509.TokenIssuerSelector - No issuer found for the token creation date. The process continues with an issuer which has the same public key.
11:39:09.761 [pool-7-thread-57] INFO eu.europa.esig.dss.spi.x509.TokenIssuerSelector - The issuer subject name and subject name does not match (more details in debug mode).
11:39:09.761 [pool-7-thread-57] INFO eu.europa.esig.dss.spi.x509.TokenIssuerSelector - CERT ISSUER    : c=lu,ou=pki-test,o=nowina solutions,cn=external-ca
11:39:09.761 [pool-7-thread-57] INFO eu.europa.esig.dss.spi.x509.TokenIssuerSelector - ISSUER SUBJECT : c=lu,ou=pki-test,o=nowina solutions,cn=external-ca-alternative
11:39:09.761 [pool-7-thread-57] INFO eu.europa.esig.dss.spi.x509.TokenIssuerSelector - The issuer subject name and subject name does not match (more details in debug mode).
11:39:09.761 [pool-7-thread-57] INFO eu.europa.esig.dss.spi.x509.TokenIssuerSelector - CERT ISSUER    : c=lu,ou=pki-test,o=nowina solutions,cn=external-ca
11:39:09.761 [pool-7-thread-57] INFO eu.europa.esig.dss.spi.x509.TokenIssuerSelector - ISSUER SUBJECT : c=lu,ou=pki-test,o=nowina solutions,cn=external-ca-alternative
11:39:09.761 [pool-7-thread-57] INFO eu.europa.esig.dss.spi.x509.TokenIssuerSelector - The issuer subject name and subject name does not match (more details in debug mode).
11:39:09.761 [pool-7-thread-57] INFO eu.europa.esig.dss.spi.x509.TokenIssuerSelector - CERT ISSUER    : c=lu,ou=pki-test,o=nowina solutions,cn=external-ca
11:39:09.761 [pool-7-thread-57] INFO eu.europa.esig.dss.spi.x509.TokenIssuerSelector - ISSUER SUBJECT : c=lu,ou=pki-test,o=nowina solutions,cn=external-ca-alternative
11:39:09.761 [pool-7-thread-25] WARN eu.europa.esig.dss.spi.x509.TokenIssuerSelector - No issuer found for the token creation date. The process continues with an issuer which has the same public key.
11:39:09.761 [pool-7-thread-48] INFO eu.europa.esig.dss.spi.x509.TokenIssuerSelector - The issuer subject name and subject name does not match (more details in debug mode).
11:39:09.761 [pool-7-thread-48] INFO eu.europa.esig.dss.spi.x509.TokenIssuerSelector - CERT ISSUER    : c=lu,ou=pki-test,o=nowina solutions,cn=external-ca
11:39:09.761 [pool-7-thread-48] INFO eu.europa.esig.dss.spi.x509.TokenIssuerSelector - ISSUER SUBJECT : c=lu,ou=pki-test,o=nowina solutions,cn=external-ca-alternative
11:39:09.761 [pool-7-thread-48] INFO eu.europa.esig.dss.spi.x509.TokenIssuerSelector - The issuer subject name and subject name does not match (more details in debug mode).
11:39:09.761 [pool-7-thread-48] INFO eu.europa.esig.dss.spi.x509.TokenIssuerSelector - CERT ISSUER    : c=lu,ou=pki-test,o=nowina solutions,cn=external-ca
11:39:09.761 [pool-7-thread-48] INFO eu.europa.esig.dss.spi.x509.TokenIssuerSelector - ISSUER SUBJECT : c=lu,ou=pki-test,o=nowina solutions,cn=external-ca-alternative
11:39:09.761 [pool-7-thread-48] INFO eu.europa.esig.dss.spi.x509.TokenIssuerSelector - The issuer subject name and subject name does not match (more details in debug mode).
11:39:09.761 [pool-7-thread-48] INFO eu.europa.esig.dss.spi.x509.TokenIssuerSelector - CERT ISSUER    : c=lu,ou=pki-test,o=nowina solutions,cn=external-ca
11:39:09.761 [pool-7-thread-48] INFO eu.europa.esig.dss.spi.x509.TokenIssuerSelector - ISSUER SUBJECT : c=lu,ou=pki-test,o=nowina solutions,cn=external-ca-alternative
11:39:09.763 [pool-7-thread-58] WARN eu.europa.esig.dss.spi.x509.TokenIssuerSelector - No issuer found for the token creation date. The process continues with an issuer which has the same public key.
11:39:09.763 [pool-7-thread-25] INFO eu.europa.esig.dss.spi.x509.TokenIssuerSelector - The issuer subject name and subject name does not match (more details in debug mode).
11:39:09.763 [pool-7-thread-25] INFO eu.europa.esig.dss.spi.x509.TokenIssuerSelector - CERT ISSUER    : c=lu,ou=pki-test,o=nowina solutions,cn=external-ca
11:39:09.763 [pool-7-thread-25] INFO eu.europa.esig.dss.spi.x509.TokenIssuerSelector - ISSUER SUBJECT : c=lu,ou=pki-test,o=nowina solutions,cn=external-ca-alternative
11:39:09.763 [pool-7-thread-25] INFO eu.europa.esig.dss.spi.x509.TokenIssuerSelector - The issuer subject name and subject name does not match (more details in debug mode).
11:39:09.763 [pool-7-thread-25] INFO eu.europa.esig.dss.spi.x509.TokenIssuerSelector - CERT ISSUER    : c=lu,ou=pki-test,o=nowina solutions,cn=external-ca
11:39:09.763 [pool-7-thread-25] INFO eu.europa.esig.dss.spi.x509.TokenIssuerSelector - ISSUER SUBJECT : c=lu,ou=pki-test,o=nowina solutions,cn=external-ca-alternative
11:39:09.763 [pool-7-thread-25] INFO eu.europa.esig.dss.spi.x509.TokenIssuerSelector - The issuer subject name and subject name does not match (more details in debug mode).
11:39:09.763 [pool-7-thread-25] INFO eu.europa.esig.dss.spi.x509.TokenIssuerSelector - CERT ISSUER    : c=lu,ou=pki-test,o=nowina solutions,cn=external-ca
11:39:09.763 [pool-7-thread-25] INFO eu.europa.esig.dss.spi.x509.TokenIssuerSelector - ISSUER SUBJECT : c=lu,ou=pki-test,o=nowina solutions,cn=external-ca-alternative
11:39:09.765 [pool-7-thread-61] WARN eu.europa.esig.dss.spi.x509.TokenIssuerSelector - No issuer found for the token creation date. The process continues with an issuer which has the same public key.
11:39:09.766 [pool-7-thread-25] WARN eu.europa.esig.dss.spi.x509.TokenIssuerSelector - No issuer found for the token creation date. The process continues with an issuer which has the same public key.
11:39:09.768 [pool-7-thread-27] INFO eu.europa.esig.dss.spi.x509.TokenIssuerSelector - The issuer subject name and subject name does not match (more details in debug mode).
11:39:09.768 [pool-7-thread-27] INFO eu.europa.esig.dss.spi.x509.TokenIssuerSelector - CERT ISSUER    : c=lu,ou=pki-test,o=nowina solutions,cn=external-ca
11:39:09.768 [pool-7-thread-27] INFO eu.europa.esig.dss.spi.x509.TokenIssuerSelector - ISSUER SUBJECT : c=lu,ou=pki-test,o=nowina solutions,cn=external-ca-alternative
11:39:09.768 [pool-7-thread-27] INFO eu.europa.esig.dss.spi.x509.TokenIssuerSelector - The issuer subject name and subject name does not match (more details in debug mode).
11:39:09.768 [pool-7-thread-27] INFO eu.europa.esig.dss.spi.x509.TokenIssuerSelector - CERT ISSUER    : c=lu,ou=pki-test,o=nowina solutions,cn=external-ca
11:39:09.768 [pool-7-thread-27] INFO eu.europa.esig.dss.spi.x509.TokenIssuerSelector - ISSUER SUBJECT : c=lu,ou=pki-test,o=nowina solutions,cn=external-ca-alternative
11:39:09.769 [pool-7-thread-27] INFO eu.europa.esig.dss.spi.x509.TokenIssuerSelector - The issuer subject name and subject name does not match (more details in debug mode).
11:39:09.769 [pool-7-thread-27] INFO eu.europa.esig.dss.spi.x509.TokenIssuerSelector - CERT ISSUER    : c=lu,ou=pki-test,o=nowina solutions,cn=external-ca
11:39:09.769 [pool-7-thread-27] INFO eu.europa.esig.dss.spi.x509.TokenIssuerSelector - ISSUER SUBJECT : c=lu,ou=pki-test,o=nowina solutions,cn=external-ca-alternative
11:39:09.769 [pool-7-thread-55] INFO eu.europa.esig.dss.spi.x509.TokenIssuerSelector - The issuer subject name and subject name does not match (more details in debug mode).
11:39:09.769 [pool-7-thread-55] INFO eu.europa.esig.dss.spi.x509.TokenIssuerSelector - CERT ISSUER    : c=lu,ou=pki-test,o=nowina solutions,cn=external-ca
11:39:09.769 [pool-7-thread-55] INFO eu.europa.esig.dss.spi.x509.TokenIssuerSelector - ISSUER SUBJECT : c=lu,ou=pki-test,o=nowina solutions,cn=external-ca-alternative
11:39:09.769 [pool-7-thread-55] INFO eu.europa.esig.dss.spi.x509.TokenIssuerSelector - The issuer subject name and subject name does not match (more details in debug mode).
11:39:09.769 [pool-7-thread-55] INFO eu.europa.esig.dss.spi.x509.TokenIssuerSelector - CERT ISSUER    : c=lu,ou=pki-test,o=nowina solutions,cn=external-ca
11:39:09.769 [pool-7-thread-55] INFO eu.europa.esig.dss.spi.x509.TokenIssuerSelector - ISSUER SUBJECT : c=lu,ou=pki-test,o=nowina solutions,cn=external-ca-alternative
11:39:09.769 [pool-7-thread-55] INFO eu.europa.esig.dss.spi.x509.TokenIssuerSelector - The issuer subject name and subject name does not match (more details in debug mode).
11:39:09.769 [pool-7-thread-55] INFO eu.europa.esig.dss.spi.x509.TokenIssuerSelector - CERT ISSUER    : c=lu,ou=pki-test,o=nowina solutions,cn=external-ca
11:39:09.769 [pool-7-thread-55] INFO eu.europa.esig.dss.spi.x509.TokenIssuerSelector - ISSUER SUBJECT : c=lu,ou=pki-test,o=nowina solutions,cn=external-ca-alternative
11:39:09.770 [pool-7-thread-49] INFO eu.europa.esig.dss.spi.x509.TokenIssuerSelector - The issuer subject name and subject name does not match (more details in debug mode).
11:39:09.770 [pool-7-thread-49] INFO eu.europa.esig.dss.spi.x509.TokenIssuerSelector - CERT ISSUER    : c=lu,ou=pki-test,o=nowina solutions,cn=external-ca
11:39:09.772 [pool-7-thread-12] WARN eu.europa.esig.dss.spi.x509.TokenIssuerSelector - No issuer found for the token creation date. The process continues with an issuer which has the same public key.
11:39:09.772 [pool-7-thread-49] INFO eu.europa.esig.dss.spi.x509.TokenIssuerSelector - ISSUER SUBJECT : c=lu,ou=pki-test,o=nowina solutions,cn=external-ca-alternative
11:39:09.772 [pool-7-thread-49] INFO eu.europa.esig.dss.spi.x509.TokenIssuerSelector - The issuer subject name and subject name does not match (more details in debug mode).
11:39:09.772 [pool-7-thread-49] INFO eu.europa.esig.dss.spi.x509.TokenIssuerSelector - CERT ISSUER    : c=lu,ou=pki-test,o=nowina solutions,cn=external-ca
11:39:09.773 [pool-7-thread-49] INFO eu.europa.esig.dss.spi.x509.TokenIssuerSelector - ISSUER SUBJECT : c=lu,ou=pki-test,o=nowina solutions,cn=external-ca-alternative
11:39:09.773 [pool-7-thread-49] INFO eu.europa.esig.dss.spi.x509.TokenIssuerSelector - The issuer subject name and subject name does not match (more details in debug mode).
11:39:09.773 [pool-7-thread-49] INFO eu.europa.esig.dss.spi.x509.TokenIssuerSelector - CERT ISSUER    : c=lu,ou=pki-test,o=nowina solutions,cn=external-ca
11:39:09.773 [pool-7-thread-49] INFO eu.europa.esig.dss.spi.x509.TokenIssuerSelector - ISSUER SUBJECT : c=lu,ou=pki-test,o=nowina solutions,cn=external-ca-alternative
11:39:09.773 [pool-7-thread-55] WARN eu.europa.esig.dss.spi.x509.TokenIssuerSelector - No issuer found for the token creation date. The process continues with an issuer which has the same public key.
11:39:09.773 [pool-7-thread-55] WARN eu.europa.esig.dss.spi.x509.TokenIssuerSelector - No issuer found for the token creation date. The process continues with an issuer which has the same public key.
11:39:09.770 [pool-7-thread-15] WARN eu.europa.esig.dss.spi.x509.TokenIssuerSelector - No issuer found for the token creation date. The process continues with an issuer which has the same public key.
11:39:09.775 [pool-7-thread-55] INFO eu.europa.esig.dss.spi.x509.TokenIssuerSelector - The issuer subject name and subject name does not match (more details in debug mode).
11:39:09.775 [pool-7-thread-55] INFO eu.europa.esig.dss.spi.x509.TokenIssuerSelector - CERT ISSUER    : c=lu,ou=pki-test,o=nowina solutions,cn=external-ca
11:39:09.775 [pool-7-thread-55] INFO eu.europa.esig.dss.spi.x509.TokenIssuerSelector - ISSUER SUBJECT : c=lu,ou=pki-test,o=nowina solutions,cn=external-ca-alternative
11:39:09.775 [pool-7-thread-55] INFO eu.europa.esig.dss.spi.x509.TokenIssuerSelector - The issuer subject name and subject name does not match (more details in debug mode).
11:39:09.775 [pool-7-thread-55] INFO eu.europa.esig.dss.spi.x509.TokenIssuerSelector - CERT ISSUER    : c=lu,ou=pki-test,o=nowina solutions,cn=external-ca
11:39:09.775 [pool-7-thread-55] INFO eu.europa.esig.dss.spi.x509.TokenIssuerSelector - ISSUER SUBJECT : c=lu,ou=pki-test,o=nowina solutions,cn=external-ca-alternative
11:39:09.775 [pool-7-thread-55] INFO eu.europa.esig.dss.spi.x509.TokenIssuerSelector - The issuer subject name and subject name does not match (more details in debug mode).
11:39:09.775 [pool-7-thread-55] INFO eu.europa.esig.dss.spi.x509.TokenIssuerSelector - CERT ISSUER    : c=lu,ou=pki-test,o=nowina solutions,cn=external-ca
11:39:09.775 [pool-7-thread-55] INFO eu.europa.esig.dss.spi.x509.TokenIssuerSelector - ISSUER SUBJECT : c=lu,ou=pki-test,o=nowina solutions,cn=external-ca-alternative
11:39:09.782 [pool-7-thread-49] WARN eu.europa.esig.dss.spi.x509.TokenIssuerSelector - No issuer found for the token creation date. The process continues with an issuer which has the same public key.
11:39:09.783 [pool-7-thread-54] WARN eu.europa.esig.dss.spi.x509.TokenIssuerSelector - No issuer found for the token creation date. The process continues with an issuer which has the same public key.
11:39:09.785 [pool-7-thread-23] WARN eu.europa.esig.dss.spi.x509.TokenIssuerSelector - No issuer found for the token creation date. The process continues with an issuer which has the same public key.
11:39:09.785 [pool-7-thread-52] WARN eu.europa.esig.dss.spi.x509.TokenIssuerSelector - No issuer found for the token creation date. The process continues with an issuer which has the same public key.
11:39:09.786 [pool-7-thread-50] WARN eu.europa.esig.dss.spi.x509.TokenIssuerSelector - No issuer found for the token creation date. The process continues with an issuer which has the same public key.
11:39:09.787 [pool-7-thread-50] WARN eu.europa.esig.dss.spi.x509.TokenIssuerSelector - No issuer found for the token creation date. The process continues with an issuer which has the same public key.
11:39:09.789 [pool-7-thread-9] WARN eu.europa.esig.dss.spi.x509.TokenIssuerSelector - No issuer found for the token creation date. The process continues with an issuer which has the same public key.
11:39:09.791 [pool-7-thread-19] INFO eu.europa.esig.dss.spi.x509.TokenIssuerSelector - The issuer subject name and subject name does not match (more details in debug mode).
11:39:09.791 [pool-7-thread-19] INFO eu.europa.esig.dss.spi.x509.TokenIssuerSelector - CERT ISSUER    : c=lu,ou=pki-test,o=nowina solutions,cn=external-ca
11:39:09.791 [pool-7-thread-19] INFO eu.europa.esig.dss.spi.x509.TokenIssuerSelector - ISSUER SUBJECT : c=lu,ou=pki-test,o=nowina solutions,cn=external-ca-alternative
11:39:09.791 [pool-7-thread-19] INFO eu.europa.esig.dss.spi.x509.TokenIssuerSelector - The issuer subject name and subject name does not match (more details in debug mode).
11:39:09.791 [pool-7-thread-19] INFO eu.europa.esig.dss.spi.x509.TokenIssuerSelector - CERT ISSUER    : c=lu,ou=pki-test,o=nowina solutions,cn=external-ca
11:39:09.791 [pool-7-thread-19] INFO eu.europa.esig.dss.spi.x509.TokenIssuerSelector - ISSUER SUBJECT : c=lu,ou=pki-test,o=nowina solutions,cn=external-ca-alternative
11:39:09.791 [pool-7-thread-19] INFO eu.europa.esig.dss.spi.x509.TokenIssuerSelector - The issuer subject name and subject name does not match (more details in debug mode).
11:39:09.791 [pool-7-thread-19] INFO eu.europa.esig.dss.spi.x509.TokenIssuerSelector - CERT ISSUER    : c=lu,ou=pki-test,o=nowina solutions,cn=external-ca
11:39:09.791 [pool-7-thread-19] INFO eu.europa.esig.dss.spi.x509.TokenIssuerSelector - ISSUER SUBJECT : c=lu,ou=pki-test,o=nowina solutions,cn=external-ca-alternative
11:39:09.792 [pool-7-thread-37] WARN eu.europa.esig.dss.spi.x509.TokenIssuerSelector - No issuer found for the token creation date. The process continues with an issuer which has the same public key.
11:39:09.793 [pool-7-thread-37] WARN eu.europa.esig.dss.spi.x509.TokenIssuerSelector - No issuer found for the token creation date. The process continues with an issuer which has the same public key.
11:39:09.795 [pool-7-thread-19] WARN eu.europa.esig.dss.spi.x509.TokenIssuerSelector - No issuer found for the token creation date. The process continues with an issuer which has the same public key.
11:39:09.801 [pool-7-thread-78] INFO eu.europa.esig.dss.spi.x509.TokenIssuerSelector - The issuer subject name and subject name does not match (more details in debug mode).
11:39:09.801 [pool-7-thread-78] INFO eu.europa.esig.dss.spi.x509.TokenIssuerSelector - CERT ISSUER    : c=lu,ou=pki-test,o=nowina solutions,cn=external-ca
11:39:09.801 [pool-7-thread-78] INFO eu.europa.esig.dss.spi.x509.TokenIssuerSelector - ISSUER SUBJECT : c=lu,ou=pki-test,o=nowina solutions,cn=external-ca-alternative
11:39:09.801 [pool-7-thread-78] INFO eu.europa.esig.dss.spi.x509.TokenIssuerSelector - The issuer subject name and subject name does not match (more details in debug mode).
11:39:09.801 [pool-7-thread-78] INFO eu.europa.esig.dss.spi.x509.TokenIssuerSelector - CERT ISSUER    : c=lu,ou=pki-test,o=nowina solutions,cn=external-ca
11:39:09.801 [pool-7-thread-78] INFO eu.europa.esig.dss.spi.x509.TokenIssuerSelector - ISSUER SUBJECT : c=lu,ou=pki-test,o=nowina solutions,cn=external-ca-alternative
11:39:09.801 [pool-7-thread-78] INFO eu.europa.esig.dss.spi.x509.TokenIssuerSelector - The issuer subject name and subject name does not match (more details in debug mode).
11:39:09.801 [pool-7-thread-78] INFO eu.europa.esig.dss.spi.x509.TokenIssuerSelector - CERT ISSUER    : c=lu,ou=pki-test,o=nowina solutions,cn=external-ca
11:39:09.801 [pool-7-thread-78] INFO eu.europa.esig.dss.spi.x509.TokenIssuerSelector - ISSUER SUBJECT : c=lu,ou=pki-test,o=nowina solutions,cn=external-ca-alternative
11:39:09.803 [pool-7-thread-42] WARN eu.europa.esig.dss.spi.x509.TokenIssuerSelector - No issuer found for the token creation date. The process continues with an issuer which has the same public key.
11:39:09.803 [pool-7-thread-42] WARN eu.europa.esig.dss.spi.x509.TokenIssuerSelector - No issuer found for the token creation date. The process continues with an issuer which has the same public key.
11:39:09.803 [pool-7-thread-66] WARN eu.europa.esig.dss.spi.x509.TokenIssuerSelector - No issuer found for the token creation date. The process continues with an issuer which has the same public key.
11:39:09.805 [pool-7-thread-2] WARN eu.europa.esig.dss.spi.x509.TokenIssuerSelector - No issuer found for the token creation date. The process continues with an issuer which has the same public key.
11:39:09.806 [pool-7-thread-2] WARN eu.europa.esig.dss.spi.x509.TokenIssuerSelector - No issuer found for the token creation date. The process continues with an issuer which has the same public key.
11:39:09.808 [pool-7-thread-2] INFO eu.europa.esig.dss.spi.x509.TokenIssuerSelector - The issuer subject name and subject name does not match (more details in debug mode).
11:39:09.808 [pool-7-thread-2] INFO eu.europa.esig.dss.spi.x509.TokenIssuerSelector - CERT ISSUER    : c=lu,ou=pki-test,o=nowina solutions,cn=external-ca
11:39:09.808 [pool-7-thread-2] INFO eu.europa.esig.dss.spi.x509.TokenIssuerSelector - ISSUER SUBJECT : c=lu,ou=pki-test,o=nowina solutions,cn=external-ca-alternative
11:39:09.808 [pool-7-thread-2] INFO eu.europa.esig.dss.spi.x509.TokenIssuerSelector - The issuer subject name and subject name does not match (more details in debug mode).
11:39:09.808 [pool-7-thread-2] INFO eu.europa.esig.dss.spi.x509.TokenIssuerSelector - CERT ISSUER    : c=lu,ou=pki-test,o=nowina solutions,cn=external-ca
11:39:09.808 [pool-7-thread-2] INFO eu.europa.esig.dss.spi.x509.TokenIssuerSelector - ISSUER SUBJECT : c=lu,ou=pki-test,o=nowina solutions,cn=external-ca-alternative
11:39:09.808 [pool-7-thread-2] INFO eu.europa.esig.dss.spi.x509.TokenIssuerSelector - The issuer subject name and subject name does not match (more details in debug mode).
11:39:09.808 [pool-7-thread-2] INFO eu.europa.esig.dss.spi.x509.TokenIssuerSelector - CERT ISSUER    : c=lu,ou=pki-test,o=nowina solutions,cn=external-ca
11:39:09.808 [pool-7-thread-2] INFO eu.europa.esig.dss.spi.x509.TokenIssuerSelector - ISSUER SUBJECT : c=lu,ou=pki-test,o=nowina solutions,cn=external-ca-alternative
11:39:09.810 [pool-7-thread-38] INFO eu.europa.esig.dss.spi.x509.TokenIssuerSelector - The issuer subject name and subject name does not match (more details in debug mode).
11:39:09.810 [pool-7-thread-38] INFO eu.europa.esig.dss.spi.x509.TokenIssuerSelector - CERT ISSUER    : c=lu,ou=pki-test,o=nowina solutions,cn=external-ca
11:39:09.810 [pool-7-thread-38] INFO eu.europa.esig.dss.spi.x509.TokenIssuerSelector - ISSUER SUBJECT : c=lu,ou=pki-test,o=nowina solutions,cn=external-ca-alternative
11:39:09.810 [pool-7-thread-38] INFO eu.europa.esig.dss.spi.x509.TokenIssuerSelector - The issuer subject name and subject name does not match (more details in debug mode).
11:39:09.810 [pool-7-thread-38] INFO eu.europa.esig.dss.spi.x509.TokenIssuerSelector - CERT ISSUER    : c=lu,ou=pki-test,o=nowina solutions,cn=external-ca
11:39:09.810 [pool-7-thread-38] INFO eu.europa.esig.dss.spi.x509.TokenIssuerSelector - ISSUER SUBJECT : c=lu,ou=pki-test,o=nowina solutions,cn=external-ca-alternative
11:39:09.810 [pool-7-thread-38] INFO eu.europa.esig.dss.spi.x509.TokenIssuerSelector - The issuer subject name and subject name does not match (more details in debug mode).
11:39:09.810 [pool-7-thread-38] INFO eu.europa.esig.dss.spi.x509.TokenIssuerSelector - CERT ISSUER    : c=lu,ou=pki-test,o=nowina solutions,cn=external-ca
11:39:09.810 [pool-7-thread-38] INFO eu.europa.esig.dss.spi.x509.TokenIssuerSelector - ISSUER SUBJECT : c=lu,ou=pki-test,o=nowina solutions,cn=external-ca-alternative
11:39:09.811 [pool-7-thread-43] WARN eu.europa.esig.dss.spi.x509.TokenIssuerSelector - No issuer found for the token creation date. The process continues with an issuer which has the same public key.
11:39:09.814 [pool-7-thread-43] INFO eu.europa.esig.dss.spi.x509.TokenIssuerSelector - The issuer subject name and subject name does not match (more details in debug mode).
11:39:09.814 [pool-7-thread-43] INFO eu.europa.esig.dss.spi.x509.TokenIssuerSelector - CERT ISSUER    : c=lu,ou=pki-test,o=nowina solutions,cn=external-ca
11:39:09.814 [pool-7-thread-43] INFO eu.europa.esig.dss.spi.x509.TokenIssuerSelector - ISSUER SUBJECT : c=lu,ou=pki-test,o=nowina solutions,cn=external-ca-alternative
11:39:09.814 [pool-7-thread-43] INFO eu.europa.esig.dss.spi.x509.TokenIssuerSelector - The issuer subject name and subject name does not match (more details in debug mode).
11:39:09.814 [pool-7-thread-43] INFO eu.europa.esig.dss.spi.x509.TokenIssuerSelector - CERT ISSUER    : c=lu,ou=pki-test,o=nowina solutions,cn=external-ca
11:39:09.814 [pool-7-thread-43] INFO eu.europa.esig.dss.spi.x509.TokenIssuerSelector - ISSUER SUBJECT : c=lu,ou=pki-test,o=nowina solutions,cn=external-ca-alternative
11:39:09.814 [pool-7-thread-43] INFO eu.europa.esig.dss.spi.x509.TokenIssuerSelector - The issuer subject name and subject name does not match (more details in debug mode).
11:39:09.814 [pool-7-thread-43] INFO eu.europa.esig.dss.spi.x509.TokenIssuerSelector - CERT ISSUER    : c=lu,ou=pki-test,o=nowina solutions,cn=external-ca
11:39:09.814 [pool-7-thread-43] INFO eu.europa.esig.dss.spi.x509.TokenIssuerSelector - ISSUER SUBJECT : c=lu,ou=pki-test,o=nowina solutions,cn=external-ca-alternative
11:39:09.815 [pool-7-thread-38] WARN eu.europa.esig.dss.spi.x509.TokenIssuerSelector - No issuer found for the token creation date. The process continues with an issuer which has the same public key.
11:39:09.816 [pool-7-thread-38] WARN eu.europa.esig.dss.spi.x509.TokenIssuerSelector - No issuer found for the token creation date. The process continues with an issuer which has the same public key.
11:39:09.818 [pool-7-thread-38] INFO eu.europa.esig.dss.spi.x509.TokenIssuerSelector - The issuer subject name and subject name does not match (more details in debug mode).
11:39:09.818 [pool-7-thread-38] INFO eu.europa.esig.dss.spi.x509.TokenIssuerSelector - CERT ISSUER    : c=lu,ou=pki-test,o=nowina solutions,cn=external-ca
11:39:09.818 [pool-7-thread-38] INFO eu.europa.esig.dss.spi.x509.TokenIssuerSelector - ISSUER SUBJECT : c=lu,ou=pki-test,o=nowina solutions,cn=external-ca-alternative
11:39:09.818 [pool-7-thread-38] INFO eu.europa.esig.dss.spi.x509.TokenIssuerSelector - The issuer subject name and subject name does not match (more details in debug mode).
11:39:09.818 [pool-7-thread-38] INFO eu.europa.esig.dss.spi.x509.TokenIssuerSelector - CERT ISSUER    : c=lu,ou=pki-test,o=nowina solutions,cn=external-ca
11:39:09.818 [pool-7-thread-38] INFO eu.europa.esig.dss.spi.x509.TokenIssuerSelector - ISSUER SUBJECT : c=lu,ou=pki-test,o=nowina solutions,cn=external-ca-alternative
11:39:09.818 [pool-7-thread-38] INFO eu.europa.esig.dss.spi.x509.TokenIssuerSelector - The issuer subject name and subject name does not match (more details in debug mode).
11:39:09.818 [pool-7-thread-38] INFO eu.europa.esig.dss.spi.x509.TokenIssuerSelector - CERT ISSUER    : c=lu,ou=pki-test,o=nowina solutions,cn=external-ca
11:39:09.818 [pool-7-thread-38] INFO eu.europa.esig.dss.spi.x509.TokenIssuerSelector - ISSUER SUBJECT : c=lu,ou=pki-test,o=nowina solutions,cn=external-ca-alternative
11:39:09.819 [pool-7-thread-1] WARN eu.europa.esig.dss.spi.x509.TokenIssuerSelector - No issuer found for the token creation date. The process continues with an issuer which has the same public key.
11:39:09.819 [pool-7-thread-74] INFO eu.europa.esig.dss.spi.x509.TokenIssuerSelector - The issuer subject name and subject name does not match (more details in debug mode).
11:39:09.819 [pool-7-thread-74] INFO eu.europa.esig.dss.spi.x509.TokenIssuerSelector - CERT ISSUER    : c=lu,ou=pki-test,o=nowina solutions,cn=external-ca
11:39:09.819 [pool-7-thread-74] INFO eu.europa.esig.dss.spi.x509.TokenIssuerSelector - ISSUER SUBJECT : c=lu,ou=pki-test,o=nowina solutions,cn=external-ca-alternative
11:39:09.819 [pool-7-thread-74] INFO eu.europa.esig.dss.spi.x509.TokenIssuerSelector - The issuer subject name and subject name does not match (more details in debug mode).
11:39:09.819 [pool-7-thread-74] INFO eu.europa.esig.dss.spi.x509.TokenIssuerSelector - CERT ISSUER    : c=lu,ou=pki-test,o=nowina solutions,cn=external-ca
11:39:09.819 [pool-7-thread-74] INFO eu.europa.esig.dss.spi.x509.TokenIssuerSelector - ISSUER SUBJECT : c=lu,ou=pki-test,o=nowina solutions,cn=external-ca-alternative
11:39:09.819 [pool-7-thread-74] INFO eu.europa.esig.dss.spi.x509.TokenIssuerSelector - The issuer subject name and subject name does not match (more details in debug mode).
11:39:09.819 [pool-7-thread-74] INFO eu.europa.esig.dss.spi.x509.TokenIssuerSelector - CERT ISSUER    : c=lu,ou=pki-test,o=nowina solutions,cn=external-ca
11:39:09.819 [pool-7-thread-74] INFO eu.europa.esig.dss.spi.x509.TokenIssuerSelector - ISSUER SUBJECT : c=lu,ou=pki-test,o=nowina solutions,cn=external-ca-alternative
11:39:09.820 [pool-7-thread-70] WARN eu.europa.esig.dss.spi.x509.TokenIssuerSelector - No issuer found for the token creation date. The process continues with an issuer which has the same public key.
11:39:09.821 [pool-7-thread-70] WARN eu.europa.esig.dss.spi.x509.TokenIssuerSelector - No issuer found for the token creation date. The process continues with an issuer which has the same public key.
11:39:09.822 [pool-7-thread-70] INFO eu.europa.esig.dss.spi.x509.TokenIssuerSelector - The issuer subject name and subject name does not match (more details in debug mode).
11:39:09.823 [pool-7-thread-70] INFO eu.europa.esig.dss.spi.x509.TokenIssuerSelector - CERT ISSUER    : c=lu,ou=pki-test,o=nowina solutions,cn=external-ca
11:39:09.823 [pool-7-thread-70] INFO eu.europa.esig.dss.spi.x509.TokenIssuerSelector - ISSUER SUBJECT : c=lu,ou=pki-test,o=nowina solutions,cn=external-ca-alternative
11:39:09.823 [pool-7-thread-65] WARN eu.europa.esig.dss.spi.x509.TokenIssuerSelector - No issuer found for the token creation date. The process continues with an issuer which has the same public key.
11:39:09.823 [pool-7-thread-70] INFO eu.europa.esig.dss.spi.x509.TokenIssuerSelector - The issuer subject name and subject name does not match (more details in debug mode).
11:39:09.823 [pool-7-thread-70] INFO eu.europa.esig.dss.spi.x509.TokenIssuerSelector - CERT ISSUER    : c=lu,ou=pki-test,o=nowina solutions,cn=external-ca
11:39:09.823 [pool-7-thread-70] INFO eu.europa.esig.dss.spi.x509.TokenIssuerSelector - ISSUER SUBJECT : c=lu,ou=pki-test,o=nowina solutions,cn=external-ca-alternative
11:39:09.823 [pool-7-thread-70] INFO eu.europa.esig.dss.spi.x509.TokenIssuerSelector - The issuer subject name and subject name does not match (more details in debug mode).
11:39:09.823 [pool-7-thread-70] INFO eu.europa.esig.dss.spi.x509.TokenIssuerSelector - CERT ISSUER    : c=lu,ou=pki-test,o=nowina solutions,cn=external-ca
11:39:09.823 [pool-7-thread-70] INFO eu.europa.esig.dss.spi.x509.TokenIssuerSelector - ISSUER SUBJECT : c=lu,ou=pki-test,o=nowina solutions,cn=external-ca-alternative
11:39:09.824 [pool-7-thread-16] WARN eu.europa.esig.dss.spi.x509.TokenIssuerSelector - No issuer found for the token creation date. The process continues with an issuer which has the same public key.
11:39:09.824 [pool-7-thread-20] WARN eu.europa.esig.dss.spi.x509.TokenIssuerSelector - No issuer found for the token creation date. The process continues with an issuer which has the same public key.
11:39:09.826 [pool-7-thread-77] WARN eu.europa.esig.dss.spi.x509.TokenIssuerSelector - No issuer found for the token creation date. The process continues with an issuer which has the same public key.
11:39:09.829 [pool-7-thread-69] WARN eu.europa.esig.dss.spi.x509.TokenIssuerSelector - No issuer found for the token creation date. The process continues with an issuer which has the same public key.
11:39:09.831 [pool-7-thread-87] WARN eu.europa.esig.dss.spi.x509.TokenIssuerSelector - No issuer found for the token creation date. The process continues with an issuer which has the same public key.
11:39:09.832 [pool-7-thread-98] WARN eu.europa.esig.dss.spi.x509.TokenIssuerSelector - No issuer found for the token creation date. The process continues with an issuer which has the same public key.
11:39:09.833 [pool-7-thread-32] WARN eu.europa.esig.dss.spi.x509.TokenIssuerSelector - No issuer found for the token creation date. The process continues with an issuer which has the same public key.
11:39:09.834 [pool-7-thread-32] WARN eu.europa.esig.dss.spi.x509.TokenIssuerSelector - No issuer found for the token creation date. The process continues with an issuer which has the same public key.
11:39:09.836 [pool-7-thread-45] WARN eu.europa.esig.dss.spi.x509.TokenIssuerSelector - No issuer found for the token creation date. The process continues with an issuer which has the same public key.
11:39:09.837 [pool-7-thread-5] INFO eu.europa.esig.dss.spi.x509.TokenIssuerSelector - The issuer subject name and subject name does not match (more details in debug mode).
11:39:09.837 [pool-7-thread-5] INFO eu.europa.esig.dss.spi.x509.TokenIssuerSelector - CERT ISSUER    : c=lu,ou=pki-test,o=nowina solutions,cn=external-ca
11:39:09.837 [pool-7-thread-5] INFO eu.europa.esig.dss.spi.x509.TokenIssuerSelector - ISSUER SUBJECT : c=lu,ou=pki-test,o=nowina solutions,cn=external-ca-alternative
11:39:09.837 [pool-7-thread-5] INFO eu.europa.esig.dss.spi.x509.TokenIssuerSelector - The issuer subject name and subject name does not match (more details in debug mode).
11:39:09.837 [pool-7-thread-5] INFO eu.europa.esig.dss.spi.x509.TokenIssuerSelector - CERT ISSUER    : c=lu,ou=pki-test,o=nowina solutions,cn=external-ca
11:39:09.837 [pool-7-thread-5] INFO eu.europa.esig.dss.spi.x509.TokenIssuerSelector - ISSUER SUBJECT : c=lu,ou=pki-test,o=nowina solutions,cn=external-ca-alternative
11:39:09.837 [pool-7-thread-5] INFO eu.europa.esig.dss.spi.x509.TokenIssuerSelector - The issuer subject name and subject name does not match (more details in debug mode).
11:39:09.837 [pool-7-thread-5] INFO eu.europa.esig.dss.spi.x509.TokenIssuerSelector - CERT ISSUER    : c=lu,ou=pki-test,o=nowina solutions,cn=external-ca
11:39:09.837 [pool-7-thread-5] INFO eu.europa.esig.dss.spi.x509.TokenIssuerSelector - ISSUER SUBJECT : c=lu,ou=pki-test,o=nowina solutions,cn=external-ca-alternative
11:39:09.838 [pool-7-thread-64] WARN eu.europa.esig.dss.spi.x509.TokenIssuerSelector - No issuer found for the token creation date. The process continues with an issuer which has the same public key.
11:39:09.838 [pool-7-thread-89] WARN eu.europa.esig.dss.spi.x509.TokenIssuerSelector - No issuer found for the token creation date. The process continues with an issuer which has the same public key.
11:39:09.839 [pool-7-thread-85] WARN eu.europa.esig.dss.spi.x509.TokenIssuerSelector - No issuer found for the token creation date. The process continues with an issuer which has the same public key.
11:39:09.841 [pool-7-thread-18] WARN eu.europa.esig.dss.spi.x509.TokenIssuerSelector - No issuer found for the token creation date. The process continues with an issuer which has the same public key.
11:39:09.841 [pool-7-thread-22] WARN eu.europa.esig.dss.spi.x509.TokenIssuerSelector - No issuer found for the token creation date. The process continues with an issuer which has the same public key.
11:39:09.845 [pool-7-thread-80] WARN eu.europa.esig.dss.spi.x509.TokenIssuerSelector - No issuer found for the token creation date. The process continues with an issuer which has the same public key.
11:39:09.847 [pool-7-thread-80] WARN eu.europa.esig.dss.spi.x509.TokenIssuerSelector - No issuer found for the token creation date. The process continues with an issuer which has the same public key.
11:39:09.848 [pool-7-thread-18] INFO eu.europa.esig.dss.spi.x509.TokenIssuerSelector - The issuer subject name and subject name does not match (more details in debug mode).
11:39:09.848 [pool-7-thread-18] INFO eu.europa.esig.dss.spi.x509.TokenIssuerSelector - CERT ISSUER    : c=lu,ou=pki-test,o=nowina solutions,cn=external-ca
11:39:09.848 [pool-7-thread-18] INFO eu.europa.esig.dss.spi.x509.TokenIssuerSelector - ISSUER SUBJECT : c=lu,ou=pki-test,o=nowina solutions,cn=external-ca-alternative
11:39:09.848 [pool-7-thread-18] INFO eu.europa.esig.dss.spi.x509.TokenIssuerSelector - The issuer subject name and subject name does not match (more details in debug mode).
11:39:09.848 [pool-7-thread-18] INFO eu.europa.esig.dss.spi.x509.TokenIssuerSelector - CERT ISSUER    : c=lu,ou=pki-test,o=nowina solutions,cn=external-ca
11:39:09.848 [pool-7-thread-18] INFO eu.europa.esig.dss.spi.x509.TokenIssuerSelector - ISSUER SUBJECT : c=lu,ou=pki-test,o=nowina solutions,cn=external-ca-alternative
11:39:09.848 [pool-7-thread-18] INFO eu.europa.esig.dss.spi.x509.TokenIssuerSelector - The issuer subject name and subject name does not match (more details in debug mode).
11:39:09.848 [pool-7-thread-18] INFO eu.europa.esig.dss.spi.x509.TokenIssuerSelector - CERT ISSUER    : c=lu,ou=pki-test,o=nowina solutions,cn=external-ca
11:39:09.848 [pool-7-thread-18] INFO eu.europa.esig.dss.spi.x509.TokenIssuerSelector - ISSUER SUBJECT : c=lu,ou=pki-test,o=nowina solutions,cn=external-ca-alternative
11:39:09.849 [pool-7-thread-80] INFO eu.europa.esig.dss.spi.x509.TokenIssuerSelector - The issuer subject name and subject name does not match (more details in debug mode).
11:39:09.849 [pool-7-thread-90] WARN eu.europa.esig.dss.spi.x509.TokenIssuerSelector - No issuer found for the token creation date. The process continues with an issuer which has the same public key.
11:39:09.849 [pool-7-thread-80] INFO eu.europa.esig.dss.spi.x509.TokenIssuerSelector - CERT ISSUER    : c=lu,ou=pki-test,o=nowina solutions,cn=external-ca
11:39:09.849 [pool-7-thread-80] INFO eu.europa.esig.dss.spi.x509.TokenIssuerSelector - ISSUER SUBJECT : c=lu,ou=pki-test,o=nowina solutions,cn=external-ca-alternative
11:39:09.849 [pool-7-thread-80] INFO eu.europa.esig.dss.spi.x509.TokenIssuerSelector - The issuer subject name and subject name does not match (more details in debug mode).
11:39:09.849 [pool-7-thread-80] INFO eu.europa.esig.dss.spi.x509.TokenIssuerSelector - CERT ISSUER    : c=lu,ou=pki-test,o=nowina solutions,cn=external-ca
11:39:09.849 [pool-7-thread-80] INFO eu.europa.esig.dss.spi.x509.TokenIssuerSelector - ISSUER SUBJECT : c=lu,ou=pki-test,o=nowina solutions,cn=external-ca-alternative
11:39:09.849 [pool-7-thread-80] INFO eu.europa.esig.dss.spi.x509.TokenIssuerSelector - The issuer subject name and subject name does not match (more details in debug mode).
11:39:09.849 [pool-7-thread-80] INFO eu.europa.esig.dss.spi.x509.TokenIssuerSelector - CERT ISSUER    : c=lu,ou=pki-test,o=nowina solutions,cn=external-ca
11:39:09.849 [pool-7-thread-80] INFO eu.europa.esig.dss.spi.x509.TokenIssuerSelector - ISSUER SUBJECT : c=lu,ou=pki-test,o=nowina solutions,cn=external-ca-alternative
11:39:09.851 [pool-7-thread-81] WARN eu.europa.esig.dss.spi.x509.TokenIssuerSelector - No issuer found for the token creation date. The process continues with an issuer which has the same public key.
11:39:09.852 [pool-7-thread-39] WARN eu.europa.esig.dss.spi.x509.TokenIssuerSelector - No issuer found for the token creation date. The process continues with an issuer which has the same public key.
11:39:09.853 [pool-7-thread-71] WARN eu.europa.esig.dss.spi.x509.TokenIssuerSelector - No issuer found for the token creation date. The process continues with an issuer which has the same public key.
11:39:09.853 [pool-7-thread-68] WARN eu.europa.esig.dss.spi.x509.TokenIssuerSelector - No issuer found for the token creation date. The process continues with an issuer which has the same public key.
11:39:09.854 [pool-7-thread-67] WARN eu.europa.esig.dss.spi.x509.TokenIssuerSelector - No issuer found for the token creation date. The process continues with an issuer which has the same public key.
11:39:09.856 [pool-7-thread-75] WARN eu.europa.esig.dss.spi.x509.TokenIssuerSelector - No issuer found for the token creation date. The process continues with an issuer which has the same public key.
11:39:09.857 [pool-7-thread-44] INFO eu.europa.esig.dss.spi.x509.TokenIssuerSelector - The issuer subject name and subject name does not match (more details in debug mode).
11:39:09.857 [pool-7-thread-44] INFO eu.europa.esig.dss.spi.x509.TokenIssuerSelector - CERT ISSUER    : c=lu,ou=pki-test,o=nowina solutions,cn=external-ca
11:39:09.857 [pool-7-thread-44] INFO eu.europa.esig.dss.spi.x509.TokenIssuerSelector - ISSUER SUBJECT : c=lu,ou=pki-test,o=nowina solutions,cn=external-ca-alternative
11:39:09.857 [pool-7-thread-44] INFO eu.europa.esig.dss.spi.x509.TokenIssuerSelector - The issuer subject name and subject name does not match (more details in debug mode).
11:39:09.857 [pool-7-thread-44] INFO eu.europa.esig.dss.spi.x509.TokenIssuerSelector - CERT ISSUER    : c=lu,ou=pki-test,o=nowina solutions,cn=external-ca
11:39:09.857 [pool-7-thread-44] INFO eu.europa.esig.dss.spi.x509.TokenIssuerSelector - ISSUER SUBJECT : c=lu,ou=pki-test,o=nowina solutions,cn=external-ca-alternative
11:39:09.857 [pool-7-thread-44] INFO eu.europa.esig.dss.spi.x509.TokenIssuerSelector - The issuer subject name and subject name does not match (more details in debug mode).
11:39:09.857 [pool-7-thread-44] INFO eu.europa.esig.dss.spi.x509.TokenIssuerSelector - CERT ISSUER    : c=lu,ou=pki-test,o=nowina solutions,cn=external-ca
11:39:09.857 [pool-7-thread-44] INFO eu.europa.esig.dss.spi.x509.TokenIssuerSelector - ISSUER SUBJECT : c=lu,ou=pki-test,o=nowina solutions,cn=external-ca-alternative
11:39:09.859 [pool-7-thread-96] WARN eu.europa.esig.dss.spi.x509.TokenIssuerSelector - No issuer found for the token creation date. The process continues with an issuer which has the same public key.
11:39:09.860 [pool-7-thread-88] WARN eu.europa.esig.dss.spi.x509.TokenIssuerSelector - No issuer found for the token creation date. The process continues with an issuer which has the same public key.
11:39:09.863 [pool-7-thread-100] WARN eu.europa.esig.dss.spi.x509.TokenIssuerSelector - No issuer found for the token creation date. The process continues with an issuer which has the same public key.
11:39:09.859 [pool-7-thread-10] INFO eu.europa.esig.dss.spi.x509.TokenIssuerSelector - The issuer subject name and subject name does not match (more details in debug mode).
11:39:09.864 [pool-7-thread-100] WARN eu.europa.esig.dss.spi.x509.TokenIssuerSelector - No issuer found for the token creation date. The process continues with an issuer which has the same public key.
11:39:09.864 [pool-7-thread-10] INFO eu.europa.esig.dss.spi.x509.TokenIssuerSelector - CERT ISSUER    : c=lu,ou=pki-test,o=nowina solutions,cn=external-ca
11:39:09.864 [pool-7-thread-10] INFO eu.europa.esig.dss.spi.x509.TokenIssuerSelector - ISSUER SUBJECT : c=lu,ou=pki-test,o=nowina solutions,cn=external-ca-alternative
11:39:09.865 [pool-7-thread-10] INFO eu.europa.esig.dss.spi.x509.TokenIssuerSelector - The issuer subject name and subject name does not match (more details in debug mode).
11:39:09.865 [pool-7-thread-10] INFO eu.europa.esig.dss.spi.x509.TokenIssuerSelector - CERT ISSUER    : c=lu,ou=pki-test,o=nowina solutions,cn=external-ca
11:39:09.865 [pool-7-thread-10] INFO eu.europa.esig.dss.spi.x509.TokenIssuerSelector - ISSUER SUBJECT : c=lu,ou=pki-test,o=nowina solutions,cn=external-ca-alternative
11:39:09.865 [pool-7-thread-10] INFO eu.europa.esig.dss.spi.x509.TokenIssuerSelector - The issuer subject name and subject name does not match (more details in debug mode).
11:39:09.865 [pool-7-thread-10] INFO eu.europa.esig.dss.spi.x509.TokenIssuerSelector - CERT ISSUER    : c=lu,ou=pki-test,o=nowina solutions,cn=external-ca
11:39:09.865 [pool-7-thread-10] INFO eu.europa.esig.dss.spi.x509.TokenIssuerSelector - ISSUER SUBJECT : c=lu,ou=pki-test,o=nowina solutions,cn=external-ca-alternative
11:39:09.865 [pool-7-thread-76] WARN eu.europa.esig.dss.spi.x509.TokenIssuerSelector - No issuer found for the token creation date. The process continues with an issuer which has the same public key.
11:39:09.867 [pool-7-thread-76] INFO eu.europa.esig.dss.spi.x509.TokenIssuerSelector - The issuer subject name and subject name does not match (more details in debug mode).
11:39:09.867 [pool-7-thread-76] INFO eu.europa.esig.dss.spi.x509.TokenIssuerSelector - CERT ISSUER    : c=lu,ou=pki-test,o=nowina solutions,cn=external-ca
11:39:09.867 [pool-7-thread-76] INFO eu.europa.esig.dss.spi.x509.TokenIssuerSelector - ISSUER SUBJECT : c=lu,ou=pki-test,o=nowina solutions,cn=external-ca-alternative
11:39:09.867 [pool-7-thread-76] INFO eu.europa.esig.dss.spi.x509.TokenIssuerSelector - The issuer subject name and subject name does not match (more details in debug mode).
11:39:09.867 [pool-7-thread-76] INFO eu.europa.esig.dss.spi.x509.TokenIssuerSelector - CERT ISSUER    : c=lu,ou=pki-test,o=nowina solutions,cn=external-ca
11:39:09.867 [pool-7-thread-76] INFO eu.europa.esig.dss.spi.x509.TokenIssuerSelector - ISSUER SUBJECT : c=lu,ou=pki-test,o=nowina solutions,cn=external-ca-alternative
11:39:09.867 [pool-7-thread-76] INFO eu.europa.esig.dss.spi.x509.TokenIssuerSelector - The issuer subject name and subject name does not match (more details in debug mode).
11:39:09.867 [pool-7-thread-76] INFO eu.europa.esig.dss.spi.x509.TokenIssuerSelector - CERT ISSUER    : c=lu,ou=pki-test,o=nowina solutions,cn=external-ca
11:39:09.867 [pool-7-thread-76] INFO eu.europa.esig.dss.spi.x509.TokenIssuerSelector - ISSUER SUBJECT : c=lu,ou=pki-test,o=nowina solutions,cn=external-ca-alternative
11:39:09.869 [pool-7-thread-10] WARN eu.europa.esig.dss.spi.x509.TokenIssuerSelector - No issuer found for the token creation date. The process continues with an issuer which has the same public key.
11:39:09.870 [pool-7-thread-99] WARN eu.europa.esig.dss.spi.x509.TokenIssuerSelector - No issuer found for the token creation date. The process continues with an issuer which has the same public key.
11:39:09.870 [pool-7-thread-79] INFO eu.europa.esig.dss.spi.x509.TokenIssuerSelector - The issuer subject name and subject name does not match (more details in debug mode).
11:39:09.870 [pool-7-thread-79] INFO eu.europa.esig.dss.spi.x509.TokenIssuerSelector - CERT ISSUER    : c=lu,ou=pki-test,o=nowina solutions,cn=external-ca
11:39:09.870 [pool-7-thread-79] INFO eu.europa.esig.dss.spi.x509.TokenIssuerSelector - ISSUER SUBJECT : c=lu,ou=pki-test,o=nowina solutions,cn=external-ca-alternative
11:39:09.870 [pool-7-thread-79] INFO eu.europa.esig.dss.spi.x509.TokenIssuerSelector - The issuer subject name and subject name does not match (more details in debug mode).
11:39:09.870 [pool-7-thread-79] INFO eu.europa.esig.dss.spi.x509.TokenIssuerSelector - CERT ISSUER    : c=lu,ou=pki-test,o=nowina solutions,cn=external-ca
11:39:09.870 [pool-7-thread-79] INFO eu.europa.esig.dss.spi.x509.TokenIssuerSelector - ISSUER SUBJECT : c=lu,ou=pki-test,o=nowina solutions,cn=external-ca-alternative
11:39:09.870 [pool-7-thread-79] INFO eu.europa.esig.dss.spi.x509.TokenIssuerSelector - The issuer subject name and subject name does not match (more details in debug mode).
11:39:09.870 [pool-7-thread-79] INFO eu.europa.esig.dss.spi.x509.TokenIssuerSelector - CERT ISSUER    : c=lu,ou=pki-test,o=nowina solutions,cn=external-ca
11:39:09.870 [pool-7-thread-79] INFO eu.europa.esig.dss.spi.x509.TokenIssuerSelector - ISSUER SUBJECT : c=lu,ou=pki-test,o=nowina solutions,cn=external-ca-alternative
11:39:09.872 [pool-7-thread-99] INFO eu.europa.esig.dss.spi.x509.TokenIssuerSelector - The issuer subject name and subject name does not match (more details in debug mode).
11:39:09.872 [pool-7-thread-99] INFO eu.europa.esig.dss.spi.x509.TokenIssuerSelector - CERT ISSUER    : c=lu,ou=pki-test,o=nowina solutions,cn=external-ca
11:39:09.872 [pool-7-thread-99] INFO eu.europa.esig.dss.spi.x509.TokenIssuerSelector - ISSUER SUBJECT : c=lu,ou=pki-test,o=nowina solutions,cn=external-ca-alternative
11:39:09.872 [pool-7-thread-99] INFO eu.europa.esig.dss.spi.x509.TokenIssuerSelector - The issuer subject name and subject name does not match (more details in debug mode).
11:39:09.872 [pool-7-thread-99] INFO eu.europa.esig.dss.spi.x509.TokenIssuerSelector - CERT ISSUER    : c=lu,ou=pki-test,o=nowina solutions,cn=external-ca
11:39:09.872 [pool-7-thread-99] INFO eu.europa.esig.dss.spi.x509.TokenIssuerSelector - ISSUER SUBJECT : c=lu,ou=pki-test,o=nowina solutions,cn=external-ca-alternative
11:39:09.872 [pool-7-thread-99] INFO eu.europa.esig.dss.spi.x509.TokenIssuerSelector - The issuer subject name and subject name does not match (more details in debug mode).
11:39:09.872 [pool-7-thread-99] INFO eu.europa.esig.dss.spi.x509.TokenIssuerSelector - CERT ISSUER    : c=lu,ou=pki-test,o=nowina solutions,cn=external-ca
11:39:09.873 [pool-7-thread-99] INFO eu.europa.esig.dss.spi.x509.TokenIssuerSelector - ISSUER SUBJECT : c=lu,ou=pki-test,o=nowina solutions,cn=external-ca-alternative
11:39:09.873 [pool-7-thread-93] INFO eu.europa.esig.dss.spi.x509.TokenIssuerSelector - The issuer subject name and subject name does not match (more details in debug mode).
11:39:09.873 [pool-7-thread-93] INFO eu.europa.esig.dss.spi.x509.TokenIssuerSelector - CERT ISSUER    : c=lu,ou=pki-test,o=nowina solutions,cn=external-ca
11:39:09.873 [pool-7-thread-93] INFO eu.europa.esig.dss.spi.x509.TokenIssuerSelector - ISSUER SUBJECT : c=lu,ou=pki-test,o=nowina solutions,cn=external-ca-alternative
11:39:09.873 [pool-7-thread-93] INFO eu.europa.esig.dss.spi.x509.TokenIssuerSelector - The issuer subject name and subject name does not match (more details in debug mode).
11:39:09.873 [pool-7-thread-93] INFO eu.europa.esig.dss.spi.x509.TokenIssuerSelector - CERT ISSUER    : c=lu,ou=pki-test,o=nowina solutions,cn=external-ca
11:39:09.873 [pool-7-thread-93] INFO eu.europa.esig.dss.spi.x509.TokenIssuerSelector - ISSUER SUBJECT : c=lu,ou=pki-test,o=nowina solutions,cn=external-ca-alternative
11:39:09.873 [pool-7-thread-93] INFO eu.europa.esig.dss.spi.x509.TokenIssuerSelector - The issuer subject name and subject name does not match (more details in debug mode).
11:39:09.873 [pool-7-thread-93] INFO eu.europa.esig.dss.spi.x509.TokenIssuerSelector - CERT ISSUER    : c=lu,ou=pki-test,o=nowina solutions,cn=external-ca
11:39:09.873 [pool-7-thread-93] INFO eu.europa.esig.dss.spi.x509.TokenIssuerSelector - ISSUER SUBJECT : c=lu,ou=pki-test,o=nowina solutions,cn=external-ca-alternative
11:39:09.874 [pool-7-thread-82] WARN eu.europa.esig.dss.spi.x509.TokenIssuerSelector - No issuer found for the token creation date. The process continues with an issuer which has the same public key.
11:39:09.874 [pool-7-thread-36] WARN eu.europa.esig.dss.spi.x509.TokenIssuerSelector - No issuer found for the token creation date. The process continues with an issuer which has the same public key.
11:39:09.875 [pool-7-thread-35] INFO eu.europa.esig.dss.spi.x509.TokenIssuerSelector - The issuer subject name and subject name does not match (more details in debug mode).
11:39:09.876 [pool-7-thread-35] INFO eu.europa.esig.dss.spi.x509.TokenIssuerSelector - CERT ISSUER    : c=lu,ou=pki-test,o=nowina solutions,cn=external-ca
11:39:09.876 [pool-7-thread-35] INFO eu.europa.esig.dss.spi.x509.TokenIssuerSelector - ISSUER SUBJECT : c=lu,ou=pki-test,o=nowina solutions,cn=external-ca-alternative
11:39:09.876 [pool-7-thread-35] INFO eu.europa.esig.dss.spi.x509.TokenIssuerSelector - The issuer subject name and subject name does not match (more details in debug mode).
11:39:09.876 [pool-7-thread-35] INFO eu.europa.esig.dss.spi.x509.TokenIssuerSelector - CERT ISSUER    : c=lu,ou=pki-test,o=nowina solutions,cn=external-ca
11:39:09.876 [pool-7-thread-35] INFO eu.europa.esig.dss.spi.x509.TokenIssuerSelector - ISSUER SUBJECT : c=lu,ou=pki-test,o=nowina solutions,cn=external-ca-alternative
11:39:09.876 [pool-7-thread-35] INFO eu.europa.esig.dss.spi.x509.TokenIssuerSelector - The issuer subject name and subject name does not match (more details in debug mode).
11:39:09.876 [pool-7-thread-35] INFO eu.europa.esig.dss.spi.x509.TokenIssuerSelector - CERT ISSUER    : c=lu,ou=pki-test,o=nowina solutions,cn=external-ca
11:39:09.876 [pool-7-thread-35] INFO eu.europa.esig.dss.spi.x509.TokenIssuerSelector - ISSUER SUBJECT : c=lu,ou=pki-test,o=nowina solutions,cn=external-ca-alternative
11:39:09.876 [pool-7-thread-40] WARN eu.europa.esig.dss.spi.x509.TokenIssuerSelector - No issuer found for the token creation date. The process continues with an issuer which has the same public key.
11:39:09.879 [pool-7-thread-26] INFO eu.europa.esig.dss.spi.x509.TokenIssuerSelector - The issuer subject name and subject name does not match (more details in debug mode).
11:39:09.879 [pool-7-thread-26] INFO eu.europa.esig.dss.spi.x509.TokenIssuerSelector - CERT ISSUER    : c=lu,ou=pki-test,o=nowina solutions,cn=external-ca
11:39:09.879 [pool-7-thread-26] INFO eu.europa.esig.dss.spi.x509.TokenIssuerSelector - ISSUER SUBJECT : c=lu,ou=pki-test,o=nowina solutions,cn=external-ca-alternative
11:39:09.879 [pool-7-thread-26] INFO eu.europa.esig.dss.spi.x509.TokenIssuerSelector - The issuer subject name and subject name does not match (more details in debug mode).
11:39:09.879 [pool-7-thread-26] INFO eu.europa.esig.dss.spi.x509.TokenIssuerSelector - CERT ISSUER    : c=lu,ou=pki-test,o=nowina solutions,cn=external-ca
11:39:09.879 [pool-7-thread-26] INFO eu.europa.esig.dss.spi.x509.TokenIssuerSelector - ISSUER SUBJECT : c=lu,ou=pki-test,o=nowina solutions,cn=external-ca-alternative
11:39:09.879 [pool-7-thread-26] INFO eu.europa.esig.dss.spi.x509.TokenIssuerSelector - The issuer subject name and subject name does not match (more details in debug mode).
11:39:09.879 [pool-7-thread-26] INFO eu.europa.esig.dss.spi.x509.TokenIssuerSelector - CERT ISSUER    : c=lu,ou=pki-test,o=nowina solutions,cn=external-ca
11:39:09.879 [pool-7-thread-26] INFO eu.europa.esig.dss.spi.x509.TokenIssuerSelector - ISSUER SUBJECT : c=lu,ou=pki-test,o=nowina solutions,cn=external-ca-alternative
11:39:09.880 [pool-7-thread-35] WARN eu.europa.esig.dss.spi.x509.TokenIssuerSelector - No issuer found for the token creation date. The process continues with an issuer which has the same public key.
11:39:09.881 [pool-7-thread-28] INFO eu.europa.esig.dss.spi.x509.TokenIssuerSelector - The issuer subject name and subject name does not match (more details in debug mode).
11:39:09.881 [pool-7-thread-28] INFO eu.europa.esig.dss.spi.x509.TokenIssuerSelector - CERT ISSUER    : c=lu,ou=pki-test,o=nowina solutions,cn=external-ca
11:39:09.881 [pool-7-thread-28] INFO eu.europa.esig.dss.spi.x509.TokenIssuerSelector - ISSUER SUBJECT : c=lu,ou=pki-test,o=nowina solutions,cn=external-ca-alternative
11:39:09.881 [pool-7-thread-28] INFO eu.europa.esig.dss.spi.x509.TokenIssuerSelector - The issuer subject name and subject name does not match (more details in debug mode).
11:39:09.881 [pool-7-thread-28] INFO eu.europa.esig.dss.spi.x509.TokenIssuerSelector - CERT ISSUER    : c=lu,ou=pki-test,o=nowina solutions,cn=external-ca
11:39:09.881 [pool-7-thread-28] INFO eu.europa.esig.dss.spi.x509.TokenIssuerSelector - ISSUER SUBJECT : c=lu,ou=pki-test,o=nowina solutions,cn=external-ca-alternative
11:39:09.881 [pool-7-thread-28] INFO eu.europa.esig.dss.spi.x509.TokenIssuerSelector - The issuer subject name and subject name does not match (more details in debug mode).
11:39:09.881 [pool-7-thread-28] INFO eu.europa.esig.dss.spi.x509.TokenIssuerSelector - CERT ISSUER    : c=lu,ou=pki-test,o=nowina solutions,cn=external-ca
11:39:09.881 [pool-7-thread-28] INFO eu.europa.esig.dss.spi.x509.TokenIssuerSelector - ISSUER SUBJECT : c=lu,ou=pki-test,o=nowina solutions,cn=external-ca-alternative
11:39:09.882 [pool-7-thread-97] WARN eu.europa.esig.dss.spi.x509.TokenIssuerSelector - No issuer found for the token creation date. The process continues with an issuer which has the same public key.
11:39:09.882 [pool-7-thread-46] INFO eu.europa.esig.dss.spi.x509.TokenIssuerSelector - The issuer subject name and subject name does not match (more details in debug mode).
11:39:09.882 [pool-7-thread-46] INFO eu.europa.esig.dss.spi.x509.TokenIssuerSelector - CERT ISSUER    : c=lu,ou=pki-test,o=nowina solutions,cn=external-ca
11:39:09.882 [pool-7-thread-46] INFO eu.europa.esig.dss.spi.x509.TokenIssuerSelector - ISSUER SUBJECT : c=lu,ou=pki-test,o=nowina solutions,cn=external-ca-alternative
11:39:09.882 [pool-7-thread-46] INFO eu.europa.esig.dss.spi.x509.TokenIssuerSelector - The issuer subject name and subject name does not match (more details in debug mode).
11:39:09.882 [pool-7-thread-46] INFO eu.europa.esig.dss.spi.x509.TokenIssuerSelector - CERT ISSUER    : c=lu,ou=pki-test,o=nowina solutions,cn=external-ca
11:39:09.882 [pool-7-thread-46] INFO eu.europa.esig.dss.spi.x509.TokenIssuerSelector - ISSUER SUBJECT : c=lu,ou=pki-test,o=nowina solutions,cn=external-ca-alternative
11:39:09.882 [pool-7-thread-46] INFO eu.europa.esig.dss.spi.x509.TokenIssuerSelector - The issuer subject name and subject name does not match (more details in debug mode).
11:39:09.882 [pool-7-thread-46] INFO eu.europa.esig.dss.spi.x509.TokenIssuerSelector - CERT ISSUER    : c=lu,ou=pki-test,o=nowina solutions,cn=external-ca
11:39:09.882 [pool-7-thread-46] INFO eu.europa.esig.dss.spi.x509.TokenIssuerSelector - ISSUER SUBJECT : c=lu,ou=pki-test,o=nowina solutions,cn=external-ca-alternative
11:39:09.883 [pool-7-thread-21] WARN eu.europa.esig.dss.spi.x509.TokenIssuerSelector - No issuer found for the token creation date. The process continues with an issuer which has the same public key.
11:39:09.884 [pool-7-thread-6] INFO eu.europa.esig.dss.spi.x509.TokenIssuerSelector - The issuer subject name and subject name does not match (more details in debug mode).
11:39:09.884 [pool-7-thread-6] INFO eu.europa.esig.dss.spi.x509.TokenIssuerSelector - CERT ISSUER    : c=lu,ou=pki-test,o=nowina solutions,cn=external-ca
11:39:09.884 [pool-7-thread-6] INFO eu.europa.esig.dss.spi.x509.TokenIssuerSelector - ISSUER SUBJECT : c=lu,ou=pki-test,o=nowina solutions,cn=external-ca-alternative
11:39:09.884 [pool-7-thread-6] INFO eu.europa.esig.dss.spi.x509.TokenIssuerSelector - The issuer subject name and subject name does not match (more details in debug mode).
11:39:09.885 [pool-7-thread-6] INFO eu.europa.esig.dss.spi.x509.TokenIssuerSelector - CERT ISSUER    : c=lu,ou=pki-test,o=nowina solutions,cn=external-ca
11:39:09.885 [pool-7-thread-6] INFO eu.europa.esig.dss.spi.x509.TokenIssuerSelector - ISSUER SUBJECT : c=lu,ou=pki-test,o=nowina solutions,cn=external-ca-alternative
11:39:09.885 [pool-7-thread-6] INFO eu.europa.esig.dss.spi.x509.TokenIssuerSelector - The issuer subject name and subject name does not match (more details in debug mode).
11:39:09.885 [pool-7-thread-6] INFO eu.europa.esig.dss.spi.x509.TokenIssuerSelector - CERT ISSUER    : c=lu,ou=pki-test,o=nowina solutions,cn=external-ca
11:39:09.885 [pool-7-thread-6] INFO eu.europa.esig.dss.spi.x509.TokenIssuerSelector - ISSUER SUBJECT : c=lu,ou=pki-test,o=nowina solutions,cn=external-ca-alternative
11:39:09.886 [pool-7-thread-46] WARN eu.europa.esig.dss.spi.x509.TokenIssuerSelector - No issuer found for the token creation date. The process continues with an issuer which has the same public key.
11:39:09.886 [pool-7-thread-46] WARN eu.europa.esig.dss.spi.x509.TokenIssuerSelector - No issuer found for the token creation date. The process continues with an issuer which has the same public key.
11:39:09.888 [pool-7-thread-46] INFO eu.europa.esig.dss.spi.x509.TokenIssuerSelector - The issuer subject name and subject name does not match (more details in debug mode).
11:39:09.888 [pool-7-thread-46] INFO eu.europa.esig.dss.spi.x509.TokenIssuerSelector - CERT ISSUER    : c=lu,ou=pki-test,o=nowina solutions,cn=external-ca
11:39:09.888 [pool-7-thread-46] INFO eu.europa.esig.dss.spi.x509.TokenIssuerSelector - ISSUER SUBJECT : c=lu,ou=pki-test,o=nowina solutions,cn=external-ca-alternative
11:39:09.888 [pool-7-thread-46] INFO eu.europa.esig.dss.spi.x509.TokenIssuerSelector - The issuer subject name and subject name does not match (more details in debug mode).
11:39:09.888 [pool-7-thread-46] INFO eu.europa.esig.dss.spi.x509.TokenIssuerSelector - CERT ISSUER    : c=lu,ou=pki-test,o=nowina solutions,cn=external-ca
11:39:09.888 [pool-7-thread-46] INFO eu.europa.esig.dss.spi.x509.TokenIssuerSelector - ISSUER SUBJECT : c=lu,ou=pki-test,o=nowina solutions,cn=external-ca-alternative
11:39:09.888 [pool-7-thread-46] INFO eu.europa.esig.dss.spi.x509.TokenIssuerSelector - The issuer subject name and subject name does not match (more details in debug mode).
11:39:09.888 [pool-7-thread-46] INFO eu.europa.esig.dss.spi.x509.TokenIssuerSelector - CERT ISSUER    : c=lu,ou=pki-test,o=nowina solutions,cn=external-ca
11:39:09.888 [pool-7-thread-46] INFO eu.europa.esig.dss.spi.x509.TokenIssuerSelector - ISSUER SUBJECT : c=lu,ou=pki-test,o=nowina solutions,cn=external-ca-alternative
11:39:09.888 [pool-7-thread-94] WARN eu.europa.esig.dss.spi.x509.TokenIssuerSelector - No issuer found for the token creation date. The process continues with an issuer which has the same public key.
11:39:09.889 [pool-7-thread-30] INFO eu.europa.esig.dss.spi.x509.TokenIssuerSelector - The issuer subject name and subject name does not match (more details in debug mode).
11:39:09.890 [pool-7-thread-30] INFO eu.europa.esig.dss.spi.x509.TokenIssuerSelector - CERT ISSUER    : c=lu,ou=pki-test,o=nowina solutions,cn=external-ca
11:39:09.890 [pool-7-thread-30] INFO eu.europa.esig.dss.spi.x509.TokenIssuerSelector - ISSUER SUBJECT : c=lu,ou=pki-test,o=nowina solutions,cn=external-ca-alternative
11:39:09.890 [pool-7-thread-30] INFO eu.europa.esig.dss.spi.x509.TokenIssuerSelector - The issuer subject name and subject name does not match (more details in debug mode).
11:39:09.890 [pool-7-thread-30] INFO eu.europa.esig.dss.spi.x509.TokenIssuerSelector - CERT ISSUER    : c=lu,ou=pki-test,o=nowina solutions,cn=external-ca
11:39:09.890 [pool-7-thread-30] INFO eu.europa.esig.dss.spi.x509.TokenIssuerSelector - ISSUER SUBJECT : c=lu,ou=pki-test,o=nowina solutions,cn=external-ca-alternative
11:39:09.890 [pool-7-thread-30] INFO eu.europa.esig.dss.spi.x509.TokenIssuerSelector - The issuer subject name and subject name does not match (more details in debug mode).
11:39:09.890 [pool-7-thread-30] INFO eu.europa.esig.dss.spi.x509.TokenIssuerSelector - CERT ISSUER    : c=lu,ou=pki-test,o=nowina solutions,cn=external-ca
11:39:09.890 [pool-7-thread-30] INFO eu.europa.esig.dss.spi.x509.TokenIssuerSelector - ISSUER SUBJECT : c=lu,ou=pki-test,o=nowina solutions,cn=external-ca-alternative
11:39:09.890 [pool-7-thread-4] WARN eu.europa.esig.dss.spi.x509.TokenIssuerSelector - No issuer found for the token creation date. The process continues with an issuer which has the same public key.
11:39:09.890 [pool-7-thread-13] WARN eu.europa.esig.dss.spi.x509.TokenIssuerSelector - No issuer found for the token creation date. The process continues with an issuer which has the same public key.
11:39:09.892 [pool-7-thread-14] INFO eu.europa.esig.dss.spi.x509.TokenIssuerSelector - The issuer subject name and subject name does not match (more details in debug mode).
11:39:09.892 [pool-7-thread-11] WARN eu.europa.esig.dss.spi.x509.TokenIssuerSelector - No issuer found for the token creation date. The process continues with an issuer which has the same public key.
11:39:09.892 [pool-7-thread-14] INFO eu.europa.esig.dss.spi.x509.TokenIssuerSelector - CERT ISSUER    : c=lu,ou=pki-test,o=nowina solutions,cn=external-ca
11:39:09.892 [pool-7-thread-14] INFO eu.europa.esig.dss.spi.x509.TokenIssuerSelector - ISSUER SUBJECT : c=lu,ou=pki-test,o=nowina solutions,cn=external-ca-alternative
11:39:09.892 [pool-7-thread-14] INFO eu.europa.esig.dss.spi.x509.TokenIssuerSelector - The issuer subject name and subject name does not match (more details in debug mode).
11:39:09.892 [pool-7-thread-14] INFO eu.europa.esig.dss.spi.x509.TokenIssuerSelector - CERT ISSUER    : c=lu,ou=pki-test,o=nowina solutions,cn=external-ca
11:39:09.892 [pool-7-thread-14] INFO eu.europa.esig.dss.spi.x509.TokenIssuerSelector - ISSUER SUBJECT : c=lu,ou=pki-test,o=nowina solutions,cn=external-ca-alternative
11:39:09.892 [pool-7-thread-14] INFO eu.europa.esig.dss.spi.x509.TokenIssuerSelector - The issuer subject name and subject name does not match (more details in debug mode).
11:39:09.892 [pool-7-thread-14] INFO eu.europa.esig.dss.spi.x509.TokenIssuerSelector - CERT ISSUER    : c=lu,ou=pki-test,o=nowina solutions,cn=external-ca
11:39:09.892 [pool-7-thread-14] INFO eu.europa.esig.dss.spi.x509.TokenIssuerSelector - ISSUER SUBJECT : c=lu,ou=pki-test,o=nowina solutions,cn=external-ca-alternative
11:39:09.893 [pool-7-thread-92] WARN eu.europa.esig.dss.spi.x509.TokenIssuerSelector - No issuer found for the token creation date. The process continues with an issuer which has the same public key.
11:39:09.894 [pool-7-thread-92] WARN eu.europa.esig.dss.spi.x509.TokenIssuerSelector - No issuer found for the token creation date. The process continues with an issuer which has the same public key.
11:39:09.896 [pool-7-thread-30] WARN eu.europa.esig.dss.spi.x509.TokenIssuerSelector - No issuer found for the token creation date. The process continues with an issuer which has the same public key.
11:39:09.896 [pool-7-thread-11] WARN eu.europa.esig.dss.spi.x509.TokenIssuerSelector - No issuer found for the token creation date. The process continues with an issuer which has the same public key.
11:39:09.898 [pool-7-thread-13] INFO eu.europa.esig.dss.spi.x509.TokenIssuerSelector - The issuer subject name and subject name does not match (more details in debug mode).
11:39:09.898 [pool-7-thread-13] INFO eu.europa.esig.dss.spi.x509.TokenIssuerSelector - CERT ISSUER    : c=lu,ou=pki-test,o=nowina solutions,cn=external-ca
11:39:09.898 [pool-7-thread-13] INFO eu.europa.esig.dss.spi.x509.TokenIssuerSelector - ISSUER SUBJECT : c=lu,ou=pki-test,o=nowina solutions,cn=external-ca-alternative
11:39:09.898 [pool-7-thread-13] INFO eu.europa.esig.dss.spi.x509.TokenIssuerSelector - The issuer subject name and subject name does not match (more details in debug mode).
11:39:09.898 [pool-7-thread-13] INFO eu.europa.esig.dss.spi.x509.TokenIssuerSelector - CERT ISSUER    : c=lu,ou=pki-test,o=nowina solutions,cn=external-ca
11:39:09.898 [pool-7-thread-13] INFO eu.europa.esig.dss.spi.x509.TokenIssuerSelector - ISSUER SUBJECT : c=lu,ou=pki-test,o=nowina solutions,cn=external-ca-alternative
11:39:09.898 [pool-7-thread-13] INFO eu.europa.esig.dss.spi.x509.TokenIssuerSelector - The issuer subject name and subject name does not match (more details in debug mode).
11:39:09.898 [pool-7-thread-13] INFO eu.europa.esig.dss.spi.x509.TokenIssuerSelector - CERT ISSUER    : c=lu,ou=pki-test,o=nowina solutions,cn=external-ca
11:39:09.899 [pool-7-thread-13] INFO eu.europa.esig.dss.spi.x509.TokenIssuerSelector - ISSUER SUBJECT : c=lu,ou=pki-test,o=nowina solutions,cn=external-ca-alternative
11:39:09.899 [pool-7-thread-4] INFO eu.europa.esig.dss.spi.x509.TokenIssuerSelector - The issuer subject name and subject name does not match (more details in debug mode).
11:39:09.899 [pool-7-thread-4] INFO eu.europa.esig.dss.spi.x509.TokenIssuerSelector - CERT ISSUER    : c=lu,ou=pki-test,o=nowina solutions,cn=external-ca
11:39:09.899 [pool-7-thread-4] INFO eu.europa.esig.dss.spi.x509.TokenIssuerSelector - ISSUER SUBJECT : c=lu,ou=pki-test,o=nowina solutions,cn=external-ca-alternative
11:39:09.899 [pool-7-thread-4] INFO eu.europa.esig.dss.spi.x509.TokenIssuerSelector - The issuer subject name and subject name does not match (more details in debug mode).
11:39:09.899 [pool-7-thread-4] INFO eu.europa.esig.dss.spi.x509.TokenIssuerSelector - CERT ISSUER    : c=lu,ou=pki-test,o=nowina solutions,cn=external-ca
11:39:09.899 [pool-7-thread-4] INFO eu.europa.esig.dss.spi.x509.TokenIssuerSelector - ISSUER SUBJECT : c=lu,ou=pki-test,o=nowina solutions,cn=external-ca-alternative
11:39:09.899 [pool-7-thread-4] INFO eu.europa.esig.dss.spi.x509.TokenIssuerSelector - The issuer subject name and subject name does not match (more details in debug mode).
11:39:09.899 [pool-7-thread-4] INFO eu.europa.esig.dss.spi.x509.TokenIssuerSelector - CERT ISSUER    : c=lu,ou=pki-test,o=nowina solutions,cn=external-ca
11:39:09.899 [pool-7-thread-4] INFO eu.europa.esig.dss.spi.x509.TokenIssuerSelector - ISSUER SUBJECT : c=lu,ou=pki-test,o=nowina solutions,cn=external-ca-alternative
11:39:09.899 [pool-7-thread-46] WARN eu.europa.esig.dss.spi.x509.TokenIssuerSelector - No issuer found for the token creation date. The process continues with an issuer which has the same public key.
11:39:09.901 [pool-7-thread-29] WARN eu.europa.esig.dss.spi.x509.TokenIssuerSelector - No issuer found for the token creation date. The process continues with an issuer which has the same public key.
11:39:09.901 [pool-7-thread-94] INFO eu.europa.esig.dss.spi.x509.TokenIssuerSelector - The issuer subject name and subject name does not match (more details in debug mode).
11:39:09.901 [pool-7-thread-94] INFO eu.europa.esig.dss.spi.x509.TokenIssuerSelector - CERT ISSUER    : c=lu,ou=pki-test,o=nowina solutions,cn=external-ca
11:39:09.901 [pool-7-thread-94] INFO eu.europa.esig.dss.spi.x509.TokenIssuerSelector - ISSUER SUBJECT : c=lu,ou=pki-test,o=nowina solutions,cn=external-ca-alternative
11:39:09.901 [pool-7-thread-94] INFO eu.europa.esig.dss.spi.x509.TokenIssuerSelector - The issuer subject name and subject name does not match (more details in debug mode).
11:39:09.901 [pool-7-thread-94] INFO eu.europa.esig.dss.spi.x509.TokenIssuerSelector - CERT ISSUER    : c=lu,ou=pki-test,o=nowina solutions,cn=external-ca
11:39:09.901 [pool-7-thread-94] INFO eu.europa.esig.dss.spi.x509.TokenIssuerSelector - ISSUER SUBJECT : c=lu,ou=pki-test,o=nowina solutions,cn=external-ca-alternative
11:39:09.901 [pool-7-thread-94] INFO eu.europa.esig.dss.spi.x509.TokenIssuerSelector - The issuer subject name and subject name does not match (more details in debug mode).
11:39:09.901 [pool-7-thread-94] INFO eu.europa.esig.dss.spi.x509.TokenIssuerSelector - CERT ISSUER    : c=lu,ou=pki-test,o=nowina solutions,cn=external-ca
11:39:09.901 [pool-7-thread-94] INFO eu.europa.esig.dss.spi.x509.TokenIssuerSelector - ISSUER SUBJECT : c=lu,ou=pki-test,o=nowina solutions,cn=external-ca-alternative
11:39:09.902 [pool-7-thread-6] WARN eu.europa.esig.dss.spi.x509.TokenIssuerSelector - No issuer found for the token creation date. The process continues with an issuer which has the same public key.
11:39:09.902 [pool-7-thread-31] WARN eu.europa.esig.dss.spi.x509.TokenIssuerSelector - No issuer found for the token creation date. The process continues with an issuer which has the same public key.
11:39:09.903 [pool-7-thread-31] WARN eu.europa.esig.dss.spi.x509.TokenIssuerSelector - No issuer found for the token creation date. The process continues with an issuer which has the same public key.
11:39:09.904 [pool-7-thread-28] WARN eu.europa.esig.dss.spi.x509.TokenIssuerSelector - No issuer found for the token creation date. The process continues with an issuer which has the same public key.
11:39:09.905 [pool-7-thread-21] WARN eu.europa.esig.dss.spi.x509.TokenIssuerSelector - No issuer found for the token creation date. The process continues with an issuer which has the same public key.
11:39:09.906 [pool-7-thread-97] INFO eu.europa.esig.dss.spi.x509.TokenIssuerSelector - The issuer subject name and subject name does not match (more details in debug mode).
11:39:09.906 [pool-7-thread-97] INFO eu.europa.esig.dss.spi.x509.TokenIssuerSelector - CERT ISSUER    : c=lu,ou=pki-test,o=nowina solutions,cn=external-ca
11:39:09.906 [pool-7-thread-97] INFO eu.europa.esig.dss.spi.x509.TokenIssuerSelector - ISSUER SUBJECT : c=lu,ou=pki-test,o=nowina solutions,cn=external-ca-alternative
11:39:09.907 [pool-7-thread-97] INFO eu.europa.esig.dss.spi.x509.TokenIssuerSelector - The issuer subject name and subject name does not match (more details in debug mode).
11:39:09.907 [pool-7-thread-97] INFO eu.europa.esig.dss.spi.x509.TokenIssuerSelector - CERT ISSUER    : c=lu,ou=pki-test,o=nowina solutions,cn=external-ca
11:39:09.907 [pool-7-thread-97] INFO eu.europa.esig.dss.spi.x509.TokenIssuerSelector - ISSUER SUBJECT : c=lu,ou=pki-test,o=nowina solutions,cn=external-ca-alternative
11:39:09.907 [pool-7-thread-97] INFO eu.europa.esig.dss.spi.x509.TokenIssuerSelector - The issuer subject name and subject name does not match (more details in debug mode).
11:39:09.907 [pool-7-thread-97] INFO eu.europa.esig.dss.spi.x509.TokenIssuerSelector - CERT ISSUER    : c=lu,ou=pki-test,o=nowina solutions,cn=external-ca
11:39:09.907 [pool-7-thread-3] WARN eu.europa.esig.dss.spi.x509.TokenIssuerSelector - No issuer found for the token creation date. The process continues with an issuer which has the same public key.
11:39:09.907 [pool-7-thread-97] INFO eu.europa.esig.dss.spi.x509.TokenIssuerSelector - ISSUER SUBJECT : c=lu,ou=pki-test,o=nowina solutions,cn=external-ca-alternative
11:39:09.907 [pool-7-thread-35] WARN eu.europa.esig.dss.spi.x509.TokenIssuerSelector - No issuer found for the token creation date. The process continues with an issuer which has the same public key.
11:39:09.907 [pool-7-thread-95] WARN eu.europa.esig.dss.spi.x509.TokenIssuerSelector - No issuer found for the token creation date. The process continues with an issuer which has the same public key.
11:39:09.908 [pool-7-thread-91] WARN eu.europa.esig.dss.spi.x509.TokenIssuerSelector - No issuer found for the token creation date. The process continues with an issuer which has the same public key.
11:39:09.909 [pool-7-thread-33] WARN eu.europa.esig.dss.spi.x509.TokenIssuerSelector - No issuer found for the token creation date. The process continues with an issuer which has the same public key.
11:39:09.909 [pool-7-thread-40] WARN eu.europa.esig.dss.spi.x509.TokenIssuerSelector - No issuer found for the token creation date. The process continues with an issuer which has the same public key.
11:39:09.910 [pool-7-thread-93] WARN eu.europa.esig.dss.spi.x509.TokenIssuerSelector - No issuer found for the token creation date. The process continues with an issuer which has the same public key.
11:39:09.911 [pool-7-thread-93] WARN eu.europa.esig.dss.spi.x509.TokenIssuerSelector - No issuer found for the token creation date. The process continues with an issuer which has the same public key.
11:39:09.916 [pool-7-thread-82] WARN eu.europa.esig.dss.spi.x509.TokenIssuerSelector - No issuer found for the token creation date. The process continues with an issuer which has the same public key.
11:39:09.916 [pool-7-thread-36] INFO eu.europa.esig.dss.spi.x509.TokenIssuerSelector - The issuer subject name and subject name does not match (more details in debug mode).
11:39:09.916 [pool-7-thread-36] INFO eu.europa.esig.dss.spi.x509.TokenIssuerSelector - CERT ISSUER    : c=lu,ou=pki-test,o=nowina solutions,cn=external-ca
11:39:09.916 [pool-7-thread-36] INFO eu.europa.esig.dss.spi.x509.TokenIssuerSelector - ISSUER SUBJECT : c=lu,ou=pki-test,o=nowina solutions,cn=external-ca-alternative
11:39:09.916 [pool-7-thread-36] INFO eu.europa.esig.dss.spi.x509.TokenIssuerSelector - The issuer subject name and subject name does not match (more details in debug mode).
11:39:09.916 [pool-7-thread-36] INFO eu.europa.esig.dss.spi.x509.TokenIssuerSelector - CERT ISSUER    : c=lu,ou=pki-test,o=nowina solutions,cn=external-ca
11:39:09.916 [pool-7-thread-36] INFO eu.europa.esig.dss.spi.x509.TokenIssuerSelector - ISSUER SUBJECT : c=lu,ou=pki-test,o=nowina solutions,cn=external-ca-alternative
11:39:09.916 [pool-7-thread-36] INFO eu.europa.esig.dss.spi.x509.TokenIssuerSelector - The issuer subject name and subject name does not match (more details in debug mode).
11:39:09.916 [pool-7-thread-36] INFO eu.europa.esig.dss.spi.x509.TokenIssuerSelector - CERT ISSUER    : c=lu,ou=pki-test,o=nowina solutions,cn=external-ca
11:39:09.916 [pool-7-thread-36] INFO eu.europa.esig.dss.spi.x509.TokenIssuerSelector - ISSUER SUBJECT : c=lu,ou=pki-test,o=nowina solutions,cn=external-ca-alternative
11:39:09.918 [pool-7-thread-82] INFO eu.europa.esig.dss.spi.x509.TokenIssuerSelector - The issuer subject name and subject name does not match (more details in debug mode).
11:39:09.918 [pool-7-thread-82] INFO eu.europa.esig.dss.spi.x509.TokenIssuerSelector - CERT ISSUER    : c=lu,ou=pki-test,o=nowina solutions,cn=external-ca
11:39:09.918 [pool-7-thread-82] INFO eu.europa.esig.dss.spi.x509.TokenIssuerSelector - ISSUER SUBJECT : c=lu,ou=pki-test,o=nowina solutions,cn=external-ca-alternative
11:39:09.918 [pool-7-thread-82] INFO eu.europa.esig.dss.spi.x509.TokenIssuerSelector - The issuer subject name and subject name does not match (more details in debug mode).
11:39:09.918 [pool-7-thread-82] INFO eu.europa.esig.dss.spi.x509.TokenIssuerSelector - CERT ISSUER    : c=lu,ou=pki-test,o=nowina solutions,cn=external-ca
11:39:09.918 [pool-7-thread-82] INFO eu.europa.esig.dss.spi.x509.TokenIssuerSelector - ISSUER SUBJECT : c=lu,ou=pki-test,o=nowina solutions,cn=external-ca-alternative
11:39:09.918 [pool-7-thread-82] INFO eu.europa.esig.dss.spi.x509.TokenIssuerSelector - The issuer subject name and subject name does not match (more details in debug mode).
11:39:09.918 [pool-7-thread-82] INFO eu.europa.esig.dss.spi.x509.TokenIssuerSelector - CERT ISSUER    : c=lu,ou=pki-test,o=nowina solutions,cn=external-ca
11:39:09.918 [pool-7-thread-82] INFO eu.europa.esig.dss.spi.x509.TokenIssuerSelector - ISSUER SUBJECT : c=lu,ou=pki-test,o=nowina solutions,cn=external-ca-alternative
11:39:09.918 [pool-7-thread-79] WARN eu.europa.esig.dss.spi.x509.TokenIssuerSelector - No issuer found for the token creation date. The process continues with an issuer which has the same public key.
11:39:09.918 [pool-7-thread-79] WARN eu.europa.esig.dss.spi.x509.TokenIssuerSelector - No issuer found for the token creation date. The process continues with an issuer which has the same public key.
11:39:09.921 [pool-7-thread-79] INFO eu.europa.esig.dss.spi.x509.TokenIssuerSelector - The issuer subject name and subject name does not match (more details in debug mode).
11:39:09.921 [pool-7-thread-79] INFO eu.europa.esig.dss.spi.x509.TokenIssuerSelector - CERT ISSUER    : c=lu,ou=pki-test,o=nowina solutions,cn=external-ca
11:39:09.921 [pool-7-thread-79] INFO eu.europa.esig.dss.spi.x509.TokenIssuerSelector - ISSUER SUBJECT : c=lu,ou=pki-test,o=nowina solutions,cn=external-ca-alternative
11:39:09.921 [pool-7-thread-79] INFO eu.europa.esig.dss.spi.x509.TokenIssuerSelector - The issuer subject name and subject name does not match (more details in debug mode).
11:39:09.921 [pool-7-thread-79] INFO eu.europa.esig.dss.spi.x509.TokenIssuerSelector - CERT ISSUER    : c=lu,ou=pki-test,o=nowina solutions,cn=external-ca
11:39:09.921 [pool-7-thread-79] INFO eu.europa.esig.dss.spi.x509.TokenIssuerSelector - ISSUER SUBJECT : c=lu,ou=pki-test,o=nowina solutions,cn=external-ca-alternative
11:39:09.921 [pool-7-thread-79] INFO eu.europa.esig.dss.spi.x509.TokenIssuerSelector - The issuer subject name and subject name does not match (more details in debug mode).
11:39:09.921 [pool-7-thread-79] INFO eu.europa.esig.dss.spi.x509.TokenIssuerSelector - CERT ISSUER    : c=lu,ou=pki-test,o=nowina solutions,cn=external-ca
11:39:09.921 [pool-7-thread-79] INFO eu.europa.esig.dss.spi.x509.TokenIssuerSelector - ISSUER SUBJECT : c=lu,ou=pki-test,o=nowina solutions,cn=external-ca-alternative
11:39:09.921 [pool-7-thread-76] WARN eu.europa.esig.dss.spi.x509.TokenIssuerSelector - No issuer found for the token creation date. The process continues with an issuer which has the same public key.
11:39:09.922 [pool-7-thread-10] WARN eu.europa.esig.dss.spi.x509.TokenIssuerSelector - No issuer found for the token creation date. The process continues with an issuer which has the same public key.
11:39:09.925 [pool-7-thread-10] INFO eu.europa.esig.dss.spi.x509.TokenIssuerSelector - The issuer subject name and subject name does not match (more details in debug mode).
11:39:09.925 [pool-7-thread-10] INFO eu.europa.esig.dss.spi.x509.TokenIssuerSelector - CERT ISSUER    : c=lu,ou=pki-test,o=nowina solutions,cn=external-ca
11:39:09.925 [pool-7-thread-10] INFO eu.europa.esig.dss.spi.x509.TokenIssuerSelector - ISSUER SUBJECT : c=lu,ou=pki-test,o=nowina solutions,cn=external-ca-alternative
11:39:09.925 [pool-7-thread-10] INFO eu.europa.esig.dss.spi.x509.TokenIssuerSelector - The issuer subject name and subject name does not match (more details in debug mode).
11:39:09.925 [pool-7-thread-10] INFO eu.europa.esig.dss.spi.x509.TokenIssuerSelector - CERT ISSUER    : c=lu,ou=pki-test,o=nowina solutions,cn=external-ca
11:39:09.925 [pool-7-thread-10] INFO eu.europa.esig.dss.spi.x509.TokenIssuerSelector - ISSUER SUBJECT : c=lu,ou=pki-test,o=nowina solutions,cn=external-ca-alternative
11:39:09.925 [pool-7-thread-10] INFO eu.europa.esig.dss.spi.x509.TokenIssuerSelector - The issuer subject name and subject name does not match (more details in debug mode).
11:39:09.925 [pool-7-thread-10] INFO eu.europa.esig.dss.spi.x509.TokenIssuerSelector - CERT ISSUER    : c=lu,ou=pki-test,o=nowina solutions,cn=external-ca
11:39:09.925 [pool-7-thread-10] INFO eu.europa.esig.dss.spi.x509.TokenIssuerSelector - ISSUER SUBJECT : c=lu,ou=pki-test,o=nowina solutions,cn=external-ca-alternative
11:39:09.926 [pool-7-thread-44] WARN eu.europa.esig.dss.spi.x509.TokenIssuerSelector - No issuer found for the token creation date. The process continues with an issuer which has the same public key.
11:39:09.927 [pool-7-thread-44] WARN eu.europa.esig.dss.spi.x509.TokenIssuerSelector - No issuer found for the token creation date. The process continues with an issuer which has the same public key.
11:39:09.928 [pool-7-thread-100] INFO eu.europa.esig.dss.spi.x509.TokenIssuerSelector - The issuer subject name and subject name does not match (more details in debug mode).
11:39:09.928 [pool-7-thread-100] INFO eu.europa.esig.dss.spi.x509.TokenIssuerSelector - CERT ISSUER    : c=lu,ou=pki-test,o=nowina solutions,cn=external-ca
11:39:09.928 [pool-7-thread-100] INFO eu.europa.esig.dss.spi.x509.TokenIssuerSelector - ISSUER SUBJECT : c=lu,ou=pki-test,o=nowina solutions,cn=external-ca-alternative
11:39:09.928 [pool-7-thread-100] INFO eu.europa.esig.dss.spi.x509.TokenIssuerSelector - The issuer subject name and subject name does not match (more details in debug mode).
11:39:09.928 [pool-7-thread-100] INFO eu.europa.esig.dss.spi.x509.TokenIssuerSelector - CERT ISSUER    : c=lu,ou=pki-test,o=nowina solutions,cn=external-ca
11:39:09.928 [pool-7-thread-100] INFO eu.europa.esig.dss.spi.x509.TokenIssuerSelector - ISSUER SUBJECT : c=lu,ou=pki-test,o=nowina solutions,cn=external-ca-alternative
11:39:09.928 [pool-7-thread-100] INFO eu.europa.esig.dss.spi.x509.TokenIssuerSelector - The issuer subject name and subject name does not match (more details in debug mode).
11:39:09.928 [pool-7-thread-100] INFO eu.europa.esig.dss.spi.x509.TokenIssuerSelector - CERT ISSUER    : c=lu,ou=pki-test,o=nowina solutions,cn=external-ca
11:39:09.928 [pool-7-thread-100] INFO eu.europa.esig.dss.spi.x509.TokenIssuerSelector - ISSUER SUBJECT : c=lu,ou=pki-test,o=nowina solutions,cn=external-ca-alternative
11:39:09.928 [pool-7-thread-44] INFO eu.europa.esig.dss.spi.x509.TokenIssuerSelector - The issuer subject name and subject name does not match (more details in debug mode).
11:39:09.928 [pool-7-thread-44] INFO eu.europa.esig.dss.spi.x509.TokenIssuerSelector - CERT ISSUER    : c=lu,ou=pki-test,o=nowina solutions,cn=external-ca
11:39:09.928 [pool-7-thread-44] INFO eu.europa.esig.dss.spi.x509.TokenIssuerSelector - ISSUER SUBJECT : c=lu,ou=pki-test,o=nowina solutions,cn=external-ca-alternative
11:39:09.928 [pool-7-thread-44] INFO eu.europa.esig.dss.spi.x509.TokenIssuerSelector - The issuer subject name and subject name does not match (more details in debug mode).
11:39:09.928 [pool-7-thread-44] INFO eu.europa.esig.dss.spi.x509.TokenIssuerSelector - CERT ISSUER    : c=lu,ou=pki-test,o=nowina solutions,cn=external-ca
11:39:09.928 [pool-7-thread-44] INFO eu.europa.esig.dss.spi.x509.TokenIssuerSelector - ISSUER SUBJECT : c=lu,ou=pki-test,o=nowina solutions,cn=external-ca-alternative
11:39:09.928 [pool-7-thread-44] INFO eu.europa.esig.dss.spi.x509.TokenIssuerSelector - The issuer subject name and subject name does not match (more details in debug mode).
11:39:09.928 [pool-7-thread-44] INFO eu.europa.esig.dss.spi.x509.TokenIssuerSelector - CERT ISSUER    : c=lu,ou=pki-test,o=nowina solutions,cn=external-ca
11:39:09.928 [pool-7-thread-44] INFO eu.europa.esig.dss.spi.x509.TokenIssuerSelector - ISSUER SUBJECT : c=lu,ou=pki-test,o=nowina solutions,cn=external-ca-alternative
11:39:09.930 [pool-7-thread-96] WARN eu.europa.esig.dss.spi.x509.TokenIssuerSelector - No issuer found for the token creation date. The process continues with an issuer which has the same public key.
11:39:09.931 [pool-7-thread-88] INFO eu.europa.esig.dss.spi.x509.TokenIssuerSelector - The issuer subject name and subject name does not match (more details in debug mode).
11:39:09.931 [pool-7-thread-88] INFO eu.europa.esig.dss.spi.x509.TokenIssuerSelector - CERT ISSUER    : c=lu,ou=pki-test,o=nowina solutions,cn=external-ca
11:39:09.931 [pool-7-thread-88] INFO eu.europa.esig.dss.spi.x509.TokenIssuerSelector - ISSUER SUBJECT : c=lu,ou=pki-test,o=nowina solutions,cn=external-ca-alternative
11:39:09.931 [pool-7-thread-88] INFO eu.europa.esig.dss.spi.x509.TokenIssuerSelector - The issuer subject name and subject name does not match (more details in debug mode).
11:39:09.931 [pool-7-thread-88] INFO eu.europa.esig.dss.spi.x509.TokenIssuerSelector - CERT ISSUER    : c=lu,ou=pki-test,o=nowina solutions,cn=external-ca
11:39:09.931 [pool-7-thread-88] INFO eu.europa.esig.dss.spi.x509.TokenIssuerSelector - ISSUER SUBJECT : c=lu,ou=pki-test,o=nowina solutions,cn=external-ca-alternative
11:39:09.931 [pool-7-thread-88] INFO eu.europa.esig.dss.spi.x509.TokenIssuerSelector - The issuer subject name and subject name does not match (more details in debug mode).
11:39:09.931 [pool-7-thread-88] INFO eu.europa.esig.dss.spi.x509.TokenIssuerSelector - CERT ISSUER    : c=lu,ou=pki-test,o=nowina solutions,cn=external-ca
11:39:09.931 [pool-7-thread-88] INFO eu.europa.esig.dss.spi.x509.TokenIssuerSelector - ISSUER SUBJECT : c=lu,ou=pki-test,o=nowina solutions,cn=external-ca-alternative
11:39:09.933 [pool-7-thread-75] INFO eu.europa.esig.dss.spi.x509.TokenIssuerSelector - The issuer subject name and subject name does not match (more details in debug mode).
11:39:09.933 [pool-7-thread-75] INFO eu.europa.esig.dss.spi.x509.TokenIssuerSelector - CERT ISSUER    : c=lu,ou=pki-test,o=nowina solutions,cn=external-ca
11:39:09.933 [pool-7-thread-75] INFO eu.europa.esig.dss.spi.x509.TokenIssuerSelector - ISSUER SUBJECT : c=lu,ou=pki-test,o=nowina solutions,cn=external-ca-alternative
11:39:09.933 [pool-7-thread-44] WARN eu.europa.esig.dss.spi.x509.TokenIssuerSelector - No issuer found for the token creation date. The process continues with an issuer which has the same public key.
11:39:09.933 [pool-7-thread-75] INFO eu.europa.esig.dss.spi.x509.TokenIssuerSelector - The issuer subject name and subject name does not match (more details in debug mode).
11:39:09.933 [pool-7-thread-75] INFO eu.europa.esig.dss.spi.x509.TokenIssuerSelector - CERT ISSUER    : c=lu,ou=pki-test,o=nowina solutions,cn=external-ca
11:39:09.933 [pool-7-thread-75] INFO eu.europa.esig.dss.spi.x509.TokenIssuerSelector - ISSUER SUBJECT : c=lu,ou=pki-test,o=nowina solutions,cn=external-ca-alternative
11:39:09.933 [pool-7-thread-75] INFO eu.europa.esig.dss.spi.x509.TokenIssuerSelector - The issuer subject name and subject name does not match (more details in debug mode).
11:39:09.933 [pool-7-thread-75] INFO eu.europa.esig.dss.spi.x509.TokenIssuerSelector - CERT ISSUER    : c=lu,ou=pki-test,o=nowina solutions,cn=external-ca
11:39:09.933 [pool-7-thread-75] INFO eu.europa.esig.dss.spi.x509.TokenIssuerSelector - ISSUER SUBJECT : c=lu,ou=pki-test,o=nowina solutions,cn=external-ca-alternative
11:39:09.933 [pool-7-thread-83] WARN eu.europa.esig.dss.spi.x509.TokenIssuerSelector - No issuer found for the token creation date. The process continues with an issuer which has the same public key.
11:39:09.934 [pool-7-thread-72] WARN eu.europa.esig.dss.spi.x509.TokenIssuerSelector - No issuer found for the token creation date. The process continues with an issuer which has the same public key.
11:39:09.935 [pool-7-thread-63] WARN eu.europa.esig.dss.spi.x509.TokenIssuerSelector - No issuer found for the token creation date. The process continues with an issuer which has the same public key.
11:39:09.935 [pool-7-thread-67] WARN eu.europa.esig.dss.spi.x509.TokenIssuerSelector - No issuer found for the token creation date. The process continues with an issuer which has the same public key.
11:39:09.937 [pool-7-thread-68] INFO eu.europa.esig.dss.spi.x509.TokenIssuerSelector - The issuer subject name and subject name does not match (more details in debug mode).
11:39:09.937 [pool-7-thread-68] INFO eu.europa.esig.dss.spi.x509.TokenIssuerSelector - CERT ISSUER    : c=lu,ou=pki-test,o=nowina solutions,cn=external-ca
11:39:09.937 [pool-7-thread-68] INFO eu.europa.esig.dss.spi.x509.TokenIssuerSelector - ISSUER SUBJECT : c=lu,ou=pki-test,o=nowina solutions,cn=external-ca-alternative
11:39:09.937 [pool-7-thread-68] INFO eu.europa.esig.dss.spi.x509.TokenIssuerSelector - The issuer subject name and subject name does not match (more details in debug mode).
11:39:09.937 [pool-7-thread-68] INFO eu.europa.esig.dss.spi.x509.TokenIssuerSelector - CERT ISSUER    : c=lu,ou=pki-test,o=nowina solutions,cn=external-ca
11:39:09.937 [pool-7-thread-68] INFO eu.europa.esig.dss.spi.x509.TokenIssuerSelector - ISSUER SUBJECT : c=lu,ou=pki-test,o=nowina solutions,cn=external-ca-alternative
11:39:09.937 [pool-7-thread-68] INFO eu.europa.esig.dss.spi.x509.TokenIssuerSelector - The issuer subject name and subject name does not match (more details in debug mode).
11:39:09.937 [pool-7-thread-68] INFO eu.europa.esig.dss.spi.x509.TokenIssuerSelector - CERT ISSUER    : c=lu,ou=pki-test,o=nowina solutions,cn=external-ca
11:39:09.937 [pool-7-thread-68] INFO eu.europa.esig.dss.spi.x509.TokenIssuerSelector - ISSUER SUBJECT : c=lu,ou=pki-test,o=nowina solutions,cn=external-ca-alternative
11:39:09.939 [pool-7-thread-71] WARN eu.europa.esig.dss.spi.x509.TokenIssuerSelector - No issuer found for the token creation date. The process continues with an issuer which has the same public key.
11:39:09.939 [pool-7-thread-39] WARN eu.europa.esig.dss.spi.x509.TokenIssuerSelector - No issuer found for the token creation date. The process continues with an issuer which has the same public key.
11:39:09.940 [pool-7-thread-80] WARN eu.europa.esig.dss.spi.x509.TokenIssuerSelector - No issuer found for the token creation date. The process continues with an issuer which has the same public key.
11:39:09.941 [pool-7-thread-81] WARN eu.europa.esig.dss.spi.x509.TokenIssuerSelector - No issuer found for the token creation date. The process continues with an issuer which has the same public key.
11:39:09.944 [pool-7-thread-18] WARN eu.europa.esig.dss.spi.x509.TokenIssuerSelector - No issuer found for the token creation date. The process continues with an issuer which has the same public key.
11:39:09.945 [pool-7-thread-18] WARN eu.europa.esig.dss.spi.x509.TokenIssuerSelector - No issuer found for the token creation date. The process continues with an issuer which has the same public key.
11:39:09.946 [pool-7-thread-81] INFO eu.europa.esig.dss.spi.x509.TokenIssuerSelector - The issuer subject name and subject name does not match (more details in debug mode).
11:39:09.946 [pool-7-thread-81] INFO eu.europa.esig.dss.spi.x509.TokenIssuerSelector - CERT ISSUER    : c=lu,ou=pki-test,o=nowina solutions,cn=external-ca
11:39:09.946 [pool-7-thread-81] INFO eu.europa.esig.dss.spi.x509.TokenIssuerSelector - ISSUER SUBJECT : c=lu,ou=pki-test,o=nowina solutions,cn=external-ca-alternative
11:39:09.947 [pool-7-thread-81] INFO eu.europa.esig.dss.spi.x509.TokenIssuerSelector - The issuer subject name and subject name does not match (more details in debug mode).
11:39:09.947 [pool-7-thread-81] INFO eu.europa.esig.dss.spi.x509.TokenIssuerSelector - CERT ISSUER    : c=lu,ou=pki-test,o=nowina solutions,cn=external-ca
11:39:09.947 [pool-7-thread-81] INFO eu.europa.esig.dss.spi.x509.TokenIssuerSelector - ISSUER SUBJECT : c=lu,ou=pki-test,o=nowina solutions,cn=external-ca-alternative
11:39:09.947 [pool-7-thread-81] INFO eu.europa.esig.dss.spi.x509.TokenIssuerSelector - The issuer subject name and subject name does not match (more details in debug mode).
11:39:09.947 [pool-7-thread-81] INFO eu.europa.esig.dss.spi.x509.TokenIssuerSelector - CERT ISSUER    : c=lu,ou=pki-test,o=nowina solutions,cn=external-ca
11:39:09.947 [pool-7-thread-81] INFO eu.europa.esig.dss.spi.x509.TokenIssuerSelector - ISSUER SUBJECT : c=lu,ou=pki-test,o=nowina solutions,cn=external-ca-alternative
11:39:09.949 [pool-7-thread-18] INFO eu.europa.esig.dss.spi.x509.TokenIssuerSelector - The issuer subject name and subject name does not match (more details in debug mode).
11:39:09.949 [pool-7-thread-18] INFO eu.europa.esig.dss.spi.x509.TokenIssuerSelector - CERT ISSUER    : c=lu,ou=pki-test,o=nowina solutions,cn=external-ca
11:39:09.949 [pool-7-thread-18] INFO eu.europa.esig.dss.spi.x509.TokenIssuerSelector - ISSUER SUBJECT : c=lu,ou=pki-test,o=nowina solutions,cn=external-ca-alternative
11:39:09.949 [pool-7-thread-18] INFO eu.europa.esig.dss.spi.x509.TokenIssuerSelector - The issuer subject name and subject name does not match (more details in debug mode).
11:39:09.949 [pool-7-thread-18] INFO eu.europa.esig.dss.spi.x509.TokenIssuerSelector - CERT ISSUER    : c=lu,ou=pki-test,o=nowina solutions,cn=external-ca
11:39:09.949 [pool-7-thread-18] INFO eu.europa.esig.dss.spi.x509.TokenIssuerSelector - ISSUER SUBJECT : c=lu,ou=pki-test,o=nowina solutions,cn=external-ca-alternative
11:39:09.949 [pool-7-thread-90] WARN eu.europa.esig.dss.spi.x509.TokenIssuerSelector - No issuer found for the token creation date. The process continues with an issuer which has the same public key.
11:39:09.950 [pool-7-thread-18] INFO eu.europa.esig.dss.spi.x509.TokenIssuerSelector - The issuer subject name and subject name does not match (more details in debug mode).
11:39:09.950 [pool-7-thread-18] INFO eu.europa.esig.dss.spi.x509.TokenIssuerSelector - CERT ISSUER    : c=lu,ou=pki-test,o=nowina solutions,cn=external-ca
11:39:09.950 [pool-7-thread-18] INFO eu.europa.esig.dss.spi.x509.TokenIssuerSelector - ISSUER SUBJECT : c=lu,ou=pki-test,o=nowina solutions,cn=external-ca-alternative
11:39:09.951 [pool-7-thread-90] INFO eu.europa.esig.dss.spi.x509.TokenIssuerSelector - The issuer subject name and subject name does not match (more details in debug mode).
11:39:09.951 [pool-7-thread-90] INFO eu.europa.esig.dss.spi.x509.TokenIssuerSelector - CERT ISSUER    : c=lu,ou=pki-test,o=nowina solutions,cn=external-ca
11:39:09.951 [pool-7-thread-90] INFO eu.europa.esig.dss.spi.x509.TokenIssuerSelector - ISSUER SUBJECT : c=lu,ou=pki-test,o=nowina solutions,cn=external-ca-alternative
11:39:09.951 [pool-7-thread-90] INFO eu.europa.esig.dss.spi.x509.TokenIssuerSelector - The issuer subject name and subject name does not match (more details in debug mode).
11:39:09.951 [pool-7-thread-90] INFO eu.europa.esig.dss.spi.x509.TokenIssuerSelector - CERT ISSUER    : c=lu,ou=pki-test,o=nowina solutions,cn=external-ca
11:39:09.951 [pool-7-thread-90] INFO eu.europa.esig.dss.spi.x509.TokenIssuerSelector - ISSUER SUBJECT : c=lu,ou=pki-test,o=nowina solutions,cn=external-ca-alternative
11:39:09.951 [pool-7-thread-90] INFO eu.europa.esig.dss.spi.x509.TokenIssuerSelector - The issuer subject name and subject name does not match (more details in debug mode).
11:39:09.951 [pool-7-thread-90] INFO eu.europa.esig.dss.spi.x509.TokenIssuerSelector - CERT ISSUER    : c=lu,ou=pki-test,o=nowina solutions,cn=external-ca
11:39:09.951 [pool-7-thread-90] INFO eu.europa.esig.dss.spi.x509.TokenIssuerSelector - ISSUER SUBJECT : c=lu,ou=pki-test,o=nowina solutions,cn=external-ca-alternative
11:39:09.952 [pool-7-thread-22] WARN eu.europa.esig.dss.spi.x509.TokenIssuerSelector - No issuer found for the token creation date. The process continues with an issuer which has the same public key.
11:39:09.956 [pool-7-thread-22] INFO eu.europa.esig.dss.spi.x509.TokenIssuerSelector - The issuer subject name and subject name does not match (more details in debug mode).
11:39:09.956 [pool-7-thread-22] INFO eu.europa.esig.dss.spi.x509.TokenIssuerSelector - CERT ISSUER    : c=lu,ou=pki-test,o=nowina solutions,cn=external-ca
11:39:09.956 [pool-7-thread-22] INFO eu.europa.esig.dss.spi.x509.TokenIssuerSelector - ISSUER SUBJECT : c=lu,ou=pki-test,o=nowina solutions,cn=external-ca-alternative
11:39:09.956 [pool-7-thread-22] INFO eu.europa.esig.dss.spi.x509.TokenIssuerSelector - The issuer subject name and subject name does not match (more details in debug mode).
11:39:09.956 [pool-7-thread-22] INFO eu.europa.esig.dss.spi.x509.TokenIssuerSelector - CERT ISSUER    : c=lu,ou=pki-test,o=nowina solutions,cn=external-ca
11:39:09.956 [pool-7-thread-22] INFO eu.europa.esig.dss.spi.x509.TokenIssuerSelector - ISSUER SUBJECT : c=lu,ou=pki-test,o=nowina solutions,cn=external-ca-alternative
11:39:09.956 [pool-7-thread-22] INFO eu.europa.esig.dss.spi.x509.TokenIssuerSelector - The issuer subject name and subject name does not match (more details in debug mode).
11:39:09.956 [pool-7-thread-22] INFO eu.europa.esig.dss.spi.x509.TokenIssuerSelector - CERT ISSUER    : c=lu,ou=pki-test,o=nowina solutions,cn=external-ca
11:39:09.956 [pool-7-thread-22] INFO eu.europa.esig.dss.spi.x509.TokenIssuerSelector - ISSUER SUBJECT : c=lu,ou=pki-test,o=nowina solutions,cn=external-ca-alternative
11:39:09.958 [pool-7-thread-90] WARN eu.europa.esig.dss.spi.x509.TokenIssuerSelector - No issuer found for the token creation date. The process continues with an issuer which has the same public key.
11:39:09.959 [pool-7-thread-90] WARN eu.europa.esig.dss.spi.x509.TokenIssuerSelector - No issuer found for the token creation date. The process continues with an issuer which has the same public key.
11:39:09.961 [pool-7-thread-90] INFO eu.europa.esig.dss.spi.x509.TokenIssuerSelector - The issuer subject name and subject name does not match (more details in debug mode).
11:39:09.961 [pool-7-thread-90] INFO eu.europa.esig.dss.spi.x509.TokenIssuerSelector - CERT ISSUER    : c=lu,ou=pki-test,o=nowina solutions,cn=external-ca
11:39:09.961 [pool-7-thread-90] INFO eu.europa.esig.dss.spi.x509.TokenIssuerSelector - ISSUER SUBJECT : c=lu,ou=pki-test,o=nowina solutions,cn=external-ca-alternative
11:39:09.961 [pool-7-thread-90] INFO eu.europa.esig.dss.spi.x509.TokenIssuerSelector - The issuer subject name and subject name does not match (more details in debug mode).
11:39:09.961 [pool-7-thread-90] INFO eu.europa.esig.dss.spi.x509.TokenIssuerSelector - CERT ISSUER    : c=lu,ou=pki-test,o=nowina solutions,cn=external-ca
11:39:09.961 [pool-7-thread-90] INFO eu.europa.esig.dss.spi.x509.TokenIssuerSelector - ISSUER SUBJECT : c=lu,ou=pki-test,o=nowina solutions,cn=external-ca-alternative
11:39:09.961 [pool-7-thread-90] INFO eu.europa.esig.dss.spi.x509.TokenIssuerSelector - The issuer subject name and subject name does not match (more details in debug mode).
11:39:09.961 [pool-7-thread-90] INFO eu.europa.esig.dss.spi.x509.TokenIssuerSelector - CERT ISSUER    : c=lu,ou=pki-test,o=nowina solutions,cn=external-ca
11:39:09.961 [pool-7-thread-90] INFO eu.europa.esig.dss.spi.x509.TokenIssuerSelector - ISSUER SUBJECT : c=lu,ou=pki-test,o=nowina solutions,cn=external-ca-alternative
11:39:09.962 [pool-7-thread-85] INFO eu.europa.esig.dss.spi.x509.TokenIssuerSelector - The issuer subject name and subject name does not match (more details in debug mode).
11:39:09.963 [pool-7-thread-85] INFO eu.europa.esig.dss.spi.x509.TokenIssuerSelector - CERT ISSUER    : c=lu,ou=pki-test,o=nowina solutions,cn=external-ca
11:39:09.963 [pool-7-thread-85] INFO eu.europa.esig.dss.spi.x509.TokenIssuerSelector - ISSUER SUBJECT : c=lu,ou=pki-test,o=nowina solutions,cn=external-ca-alternative
11:39:09.963 [pool-7-thread-85] INFO eu.europa.esig.dss.spi.x509.TokenIssuerSelector - The issuer subject name and subject name does not match (more details in debug mode).
11:39:09.963 [pool-7-thread-85] INFO eu.europa.esig.dss.spi.x509.TokenIssuerSelector - CERT ISSUER    : c=lu,ou=pki-test,o=nowina solutions,cn=external-ca
11:39:09.963 [pool-7-thread-85] INFO eu.europa.esig.dss.spi.x509.TokenIssuerSelector - ISSUER SUBJECT : c=lu,ou=pki-test,o=nowina solutions,cn=external-ca-alternative
11:39:09.963 [pool-7-thread-85] INFO eu.europa.esig.dss.spi.x509.TokenIssuerSelector - The issuer subject name and subject name does not match (more details in debug mode).
11:39:09.963 [pool-7-thread-85] INFO eu.europa.esig.dss.spi.x509.TokenIssuerSelector - CERT ISSUER    : c=lu,ou=pki-test,o=nowina solutions,cn=external-ca
11:39:09.963 [pool-7-thread-85] INFO eu.europa.esig.dss.spi.x509.TokenIssuerSelector - ISSUER SUBJECT : c=lu,ou=pki-test,o=nowina solutions,cn=external-ca-alternative
11:39:09.963 [pool-7-thread-5] WARN eu.europa.esig.dss.spi.x509.TokenIssuerSelector - No issuer found for the token creation date. The process continues with an issuer which has the same public key.
11:39:09.963 [pool-7-thread-5] WARN eu.europa.esig.dss.spi.x509.TokenIssuerSelector - No issuer found for the token creation date. The process continues with an issuer which has the same public key.
11:39:09.966 [pool-7-thread-5] INFO eu.europa.esig.dss.spi.x509.TokenIssuerSelector - The issuer subject name and subject name does not match (more details in debug mode).
11:39:09.966 [pool-7-thread-5] INFO eu.europa.esig.dss.spi.x509.TokenIssuerSelector - CERT ISSUER    : c=lu,ou=pki-test,o=nowina solutions,cn=external-ca
11:39:09.966 [pool-7-thread-5] INFO eu.europa.esig.dss.spi.x509.TokenIssuerSelector - ISSUER SUBJECT : c=lu,ou=pki-test,o=nowina solutions,cn=external-ca-alternative
11:39:09.966 [pool-7-thread-64] WARN eu.europa.esig.dss.spi.x509.TokenIssuerSelector - No issuer found for the token creation date. The process continues with an issuer which has the same public key.
11:39:09.967 [pool-7-thread-5] INFO eu.europa.esig.dss.spi.x509.TokenIssuerSelector - The issuer subject name and subject name does not match (more details in debug mode).
11:39:09.967 [pool-7-thread-89] INFO eu.europa.esig.dss.spi.x509.TokenIssuerSelector - The issuer subject name and subject name does not match (more details in debug mode).
11:39:09.967 [pool-7-thread-5] INFO eu.europa.esig.dss.spi.x509.TokenIssuerSelector - CERT ISSUER    : c=lu,ou=pki-test,o=nowina solutions,cn=external-ca
11:39:09.967 [pool-7-thread-89] INFO eu.europa.esig.dss.spi.x509.TokenIssuerSelector - CERT ISSUER    : c=lu,ou=pki-test,o=nowina solutions,cn=external-ca
11:39:09.967 [pool-7-thread-5] INFO eu.europa.esig.dss.spi.x509.TokenIssuerSelector - ISSUER SUBJECT : c=lu,ou=pki-test,o=nowina solutions,cn=external-ca-alternative
11:39:09.967 [pool-7-thread-89] INFO eu.europa.esig.dss.spi.x509.TokenIssuerSelector - ISSUER SUBJECT : c=lu,ou=pki-test,o=nowina solutions,cn=external-ca-alternative
11:39:09.967 [pool-7-thread-89] INFO eu.europa.esig.dss.spi.x509.TokenIssuerSelector - The issuer subject name and subject name does not match (more details in debug mode).
11:39:09.967 [pool-7-thread-89] INFO eu.europa.esig.dss.spi.x509.TokenIssuerSelector - CERT ISSUER    : c=lu,ou=pki-test,o=nowina solutions,cn=external-ca
11:39:09.967 [pool-7-thread-5] INFO eu.europa.esig.dss.spi.x509.TokenIssuerSelector - The issuer subject name and subject name does not match (more details in debug mode).
11:39:09.967 [pool-7-thread-89] INFO eu.europa.esig.dss.spi.x509.TokenIssuerSelector - ISSUER SUBJECT : c=lu,ou=pki-test,o=nowina solutions,cn=external-ca-alternative
11:39:09.967 [pool-7-thread-5] INFO eu.europa.esig.dss.spi.x509.TokenIssuerSelector - CERT ISSUER    : c=lu,ou=pki-test,o=nowina solutions,cn=external-ca
11:39:09.967 [pool-7-thread-5] INFO eu.europa.esig.dss.spi.x509.TokenIssuerSelector - ISSUER SUBJECT : c=lu,ou=pki-test,o=nowina solutions,cn=external-ca-alternative
11:39:09.967 [pool-7-thread-89] INFO eu.europa.esig.dss.spi.x509.TokenIssuerSelector - The issuer subject name and subject name does not match (more details in debug mode).
11:39:09.967 [pool-7-thread-89] INFO eu.europa.esig.dss.spi.x509.TokenIssuerSelector - CERT ISSUER    : c=lu,ou=pki-test,o=nowina solutions,cn=external-ca
11:39:09.967 [pool-7-thread-89] INFO eu.europa.esig.dss.spi.x509.TokenIssuerSelector - ISSUER SUBJECT : c=lu,ou=pki-test,o=nowina solutions,cn=external-ca-alternative
11:39:09.968 [pool-7-thread-45] INFO eu.europa.esig.dss.spi.x509.TokenIssuerSelector - The issuer subject name and subject name does not match (more details in debug mode).
11:39:09.968 [pool-7-thread-45] INFO eu.europa.esig.dss.spi.x509.TokenIssuerSelector - CERT ISSUER    : c=lu,ou=pki-test,o=nowina solutions,cn=external-ca
11:39:09.968 [pool-7-thread-45] INFO eu.europa.esig.dss.spi.x509.TokenIssuerSelector - ISSUER SUBJECT : c=lu,ou=pki-test,o=nowina solutions,cn=external-ca-alternative
11:39:09.968 [pool-7-thread-45] INFO eu.europa.esig.dss.spi.x509.TokenIssuerSelector - The issuer subject name and subject name does not match (more details in debug mode).
11:39:09.968 [pool-7-thread-45] INFO eu.europa.esig.dss.spi.x509.TokenIssuerSelector - CERT ISSUER    : c=lu,ou=pki-test,o=nowina solutions,cn=external-ca
11:39:09.968 [pool-7-thread-45] INFO eu.europa.esig.dss.spi.x509.TokenIssuerSelector - ISSUER SUBJECT : c=lu,ou=pki-test,o=nowina solutions,cn=external-ca-alternative
11:39:09.968 [pool-7-thread-45] INFO eu.europa.esig.dss.spi.x509.TokenIssuerSelector - The issuer subject name and subject name does not match (more details in debug mode).
11:39:09.968 [pool-7-thread-45] INFO eu.europa.esig.dss.spi.x509.TokenIssuerSelector - CERT ISSUER    : c=lu,ou=pki-test,o=nowina solutions,cn=external-ca
11:39:09.968 [pool-7-thread-45] INFO eu.europa.esig.dss.spi.x509.TokenIssuerSelector - ISSUER SUBJECT : c=lu,ou=pki-test,o=nowina solutions,cn=external-ca-alternative
11:39:09.969 [pool-7-thread-32] INFO eu.europa.esig.dss.spi.x509.TokenIssuerSelector - The issuer subject name and subject name does not match (more details in debug mode).
11:39:09.969 [pool-7-thread-32] INFO eu.europa.esig.dss.spi.x509.TokenIssuerSelector - CERT ISSUER    : c=lu,ou=pki-test,o=nowina solutions,cn=external-ca
11:39:09.969 [pool-7-thread-32] INFO eu.europa.esig.dss.spi.x509.TokenIssuerSelector - ISSUER SUBJECT : c=lu,ou=pki-test,o=nowina solutions,cn=external-ca-alternative
11:39:09.969 [pool-7-thread-32] INFO eu.europa.esig.dss.spi.x509.TokenIssuerSelector - The issuer subject name and subject name does not match (more details in debug mode).
11:39:09.969 [pool-7-thread-32] INFO eu.europa.esig.dss.spi.x509.TokenIssuerSelector - CERT ISSUER    : c=lu,ou=pki-test,o=nowina solutions,cn=external-ca
11:39:09.969 [pool-7-thread-32] INFO eu.europa.esig.dss.spi.x509.TokenIssuerSelector - ISSUER SUBJECT : c=lu,ou=pki-test,o=nowina solutions,cn=external-ca-alternative
11:39:09.969 [pool-7-thread-32] INFO eu.europa.esig.dss.spi.x509.TokenIssuerSelector - The issuer subject name and subject name does not match (more details in debug mode).
11:39:09.969 [pool-7-thread-32] INFO eu.europa.esig.dss.spi.x509.TokenIssuerSelector - CERT ISSUER    : c=lu,ou=pki-test,o=nowina solutions,cn=external-ca
11:39:09.969 [pool-7-thread-32] INFO eu.europa.esig.dss.spi.x509.TokenIssuerSelector - ISSUER SUBJECT : c=lu,ou=pki-test,o=nowina solutions,cn=external-ca-alternative
11:39:09.970 [pool-7-thread-84] INFO eu.europa.esig.dss.spi.x509.TokenIssuerSelector - The issuer subject name and subject name does not match (more details in debug mode).
11:39:09.970 [pool-7-thread-84] INFO eu.europa.esig.dss.spi.x509.TokenIssuerSelector - CERT ISSUER    : c=lu,ou=pki-test,o=nowina solutions,cn=external-ca
11:39:09.970 [pool-7-thread-84] INFO eu.europa.esig.dss.spi.x509.TokenIssuerSelector - ISSUER SUBJECT : c=lu,ou=pki-test,o=nowina solutions,cn=external-ca-alternative
11:39:09.970 [pool-7-thread-84] INFO eu.europa.esig.dss.spi.x509.TokenIssuerSelector - The issuer subject name and subject name does not match (more details in debug mode).
11:39:09.970 [pool-7-thread-84] INFO eu.europa.esig.dss.spi.x509.TokenIssuerSelector - CERT ISSUER    : c=lu,ou=pki-test,o=nowina solutions,cn=external-ca
11:39:09.970 [pool-7-thread-84] INFO eu.europa.esig.dss.spi.x509.TokenIssuerSelector - ISSUER SUBJECT : c=lu,ou=pki-test,o=nowina solutions,cn=external-ca-alternative
11:39:09.970 [pool-7-thread-84] INFO eu.europa.esig.dss.spi.x509.TokenIssuerSelector - The issuer subject name and subject name does not match (more details in debug mode).
11:39:09.970 [pool-7-thread-84] INFO eu.europa.esig.dss.spi.x509.TokenIssuerSelector - CERT ISSUER    : c=lu,ou=pki-test,o=nowina solutions,cn=external-ca
11:39:09.970 [pool-7-thread-84] INFO eu.europa.esig.dss.spi.x509.TokenIssuerSelector - ISSUER SUBJECT : c=lu,ou=pki-test,o=nowina solutions,cn=external-ca-alternative
11:39:09.971 [pool-7-thread-5] WARN eu.europa.esig.dss.spi.x509.TokenIssuerSelector - No issuer found for the token creation date. The process continues with an issuer which has the same public key.
11:39:09.972 [pool-7-thread-5] WARN eu.europa.esig.dss.spi.x509.TokenIssuerSelector - No issuer found for the token creation date. The process continues with an issuer which has the same public key.
11:39:09.974 [pool-7-thread-5] INFO eu.europa.esig.dss.spi.x509.TokenIssuerSelector - The issuer subject name and subject name does not match (more details in debug mode).
11:39:09.974 [pool-7-thread-5] INFO eu.europa.esig.dss.spi.x509.TokenIssuerSelector - CERT ISSUER    : c=lu,ou=pki-test,o=nowina solutions,cn=external-ca
11:39:09.974 [pool-7-thread-5] INFO eu.europa.esig.dss.spi.x509.TokenIssuerSelector - ISSUER SUBJECT : c=lu,ou=pki-test,o=nowina solutions,cn=external-ca-alternative
11:39:09.974 [pool-7-thread-5] INFO eu.europa.esig.dss.spi.x509.TokenIssuerSelector - The issuer subject name and subject name does not match (more details in debug mode).
11:39:09.974 [pool-7-thread-5] INFO eu.europa.esig.dss.spi.x509.TokenIssuerSelector - CERT ISSUER    : c=lu,ou=pki-test,o=nowina solutions,cn=external-ca
11:39:09.974 [pool-7-thread-5] INFO eu.europa.esig.dss.spi.x509.TokenIssuerSelector - ISSUER SUBJECT : c=lu,ou=pki-test,o=nowina solutions,cn=external-ca-alternative
11:39:09.974 [pool-7-thread-5] INFO eu.europa.esig.dss.spi.x509.TokenIssuerSelector - The issuer subject name and subject name does not match (more details in debug mode).
11:39:09.974 [pool-7-thread-5] INFO eu.europa.esig.dss.spi.x509.TokenIssuerSelector - CERT ISSUER    : c=lu,ou=pki-test,o=nowina solutions,cn=external-ca
11:39:09.974 [pool-7-thread-5] INFO eu.europa.esig.dss.spi.x509.TokenIssuerSelector - ISSUER SUBJECT : c=lu,ou=pki-test,o=nowina solutions,cn=external-ca-alternative
11:39:09.975 [pool-7-thread-45] WARN eu.europa.esig.dss.spi.x509.TokenIssuerSelector - No issuer found for the token creation date. The process continues with an issuer which has the same public key.
11:39:09.976 [pool-7-thread-98] WARN eu.europa.esig.dss.spi.x509.TokenIssuerSelector - No issuer found for the token creation date. The process continues with an issuer which has the same public key.
11:39:09.978 [pool-7-thread-98] INFO eu.europa.esig.dss.spi.x509.TokenIssuerSelector - The issuer subject name and subject name does not match (more details in debug mode).
11:39:09.978 [pool-7-thread-98] INFO eu.europa.esig.dss.spi.x509.TokenIssuerSelector - CERT ISSUER    : c=lu,ou=pki-test,o=nowina solutions,cn=external-ca
11:39:09.978 [pool-7-thread-98] INFO eu.europa.esig.dss.spi.x509.TokenIssuerSelector - ISSUER SUBJECT : c=lu,ou=pki-test,o=nowina solutions,cn=external-ca-alternative
11:39:09.978 [pool-7-thread-98] INFO eu.europa.esig.dss.spi.x509.TokenIssuerSelector - The issuer subject name and subject name does not match (more details in debug mode).
11:39:09.978 [pool-7-thread-98] INFO eu.europa.esig.dss.spi.x509.TokenIssuerSelector - CERT ISSUER    : c=lu,ou=pki-test,o=nowina solutions,cn=external-ca
11:39:09.978 [pool-7-thread-98] INFO eu.europa.esig.dss.spi.x509.TokenIssuerSelector - ISSUER SUBJECT : c=lu,ou=pki-test,o=nowina solutions,cn=external-ca-alternative
11:39:09.978 [pool-7-thread-98] INFO eu.europa.esig.dss.spi.x509.TokenIssuerSelector - The issuer subject name and subject name does not match (more details in debug mode).
11:39:09.978 [pool-7-thread-98] INFO eu.europa.esig.dss.spi.x509.TokenIssuerSelector - CERT ISSUER    : c=lu,ou=pki-test,o=nowina solutions,cn=external-ca
11:39:09.978 [pool-7-thread-98] INFO eu.europa.esig.dss.spi.x509.TokenIssuerSelector - ISSUER SUBJECT : c=lu,ou=pki-test,o=nowina solutions,cn=external-ca-alternative
11:39:09.981 [pool-7-thread-34] WARN eu.europa.esig.dss.spi.x509.TokenIssuerSelector - No issuer found for the token creation date. The process continues with an issuer which has the same public key.
11:39:09.982 [pool-7-thread-34] WARN eu.europa.esig.dss.spi.x509.TokenIssuerSelector - No issuer found for the token creation date. The process continues with an issuer which has the same public key.
11:39:09.982 [pool-7-thread-69] WARN eu.europa.esig.dss.spi.x509.TokenIssuerSelector - No issuer found for the token creation date. The process continues with an issuer which has the same public key.
11:39:09.983 [pool-7-thread-87] INFO eu.europa.esig.dss.spi.x509.TokenIssuerSelector - The issuer subject name and subject name does not match (more details in debug mode).
11:39:09.983 [pool-7-thread-41] WARN eu.europa.esig.dss.spi.x509.TokenIssuerSelector - No issuer found for the token creation date. The process continues with an issuer which has the same public key.
11:39:09.983 [pool-7-thread-87] INFO eu.europa.esig.dss.spi.x509.TokenIssuerSelector - CERT ISSUER    : c=lu,ou=pki-test,o=nowina solutions,cn=external-ca
11:39:09.983 [pool-7-thread-87] INFO eu.europa.esig.dss.spi.x509.TokenIssuerSelector - ISSUER SUBJECT : c=lu,ou=pki-test,o=nowina solutions,cn=external-ca-alternative
11:39:09.984 [pool-7-thread-87] INFO eu.europa.esig.dss.spi.x509.TokenIssuerSelector - The issuer subject name and subject name does not match (more details in debug mode).
11:39:09.984 [pool-7-thread-87] INFO eu.europa.esig.dss.spi.x509.TokenIssuerSelector - CERT ISSUER    : c=lu,ou=pki-test,o=nowina solutions,cn=external-ca
11:39:09.984 [pool-7-thread-87] INFO eu.europa.esig.dss.spi.x509.TokenIssuerSelector - ISSUER SUBJECT : c=lu,ou=pki-test,o=nowina solutions,cn=external-ca-alternative
11:39:09.984 [pool-7-thread-87] INFO eu.europa.esig.dss.spi.x509.TokenIssuerSelector - The issuer subject name and subject name does not match (more details in debug mode).
11:39:09.984 [pool-7-thread-87] INFO eu.europa.esig.dss.spi.x509.TokenIssuerSelector - CERT ISSUER    : c=lu,ou=pki-test,o=nowina solutions,cn=external-ca
11:39:09.984 [pool-7-thread-87] INFO eu.europa.esig.dss.spi.x509.TokenIssuerSelector - ISSUER SUBJECT : c=lu,ou=pki-test,o=nowina solutions,cn=external-ca-alternative
11:39:09.985 [pool-7-thread-77] WARN eu.europa.esig.dss.spi.x509.TokenIssuerSelector - No issuer found for the token creation date. The process continues with an issuer which has the same public key.
11:39:09.985 [pool-7-thread-73] WARN eu.europa.esig.dss.spi.x509.TokenIssuerSelector - No issuer found for the token creation date. The process continues with an issuer which has the same public key.
11:39:09.987 [pool-7-thread-70] WARN eu.europa.esig.dss.spi.x509.TokenIssuerSelector - No issuer found for the token creation date. The process continues with an issuer which has the same public key.
11:39:09.987 [pool-7-thread-70] WARN eu.europa.esig.dss.spi.x509.TokenIssuerSelector - No issuer found for the token creation date. The process continues with an issuer which has the same public key.
11:39:09.989 [pool-7-thread-70] INFO eu.europa.esig.dss.spi.x509.TokenIssuerSelector - The issuer subject name and subject name does not match (more details in debug mode).
11:39:09.989 [pool-7-thread-70] INFO eu.europa.esig.dss.spi.x509.TokenIssuerSelector - CERT ISSUER    : c=lu,ou=pki-test,o=nowina solutions,cn=external-ca
11:39:09.989 [pool-7-thread-70] INFO eu.europa.esig.dss.spi.x509.TokenIssuerSelector - ISSUER SUBJECT : c=lu,ou=pki-test,o=nowina solutions,cn=external-ca-alternative
11:39:09.989 [pool-7-thread-70] INFO eu.europa.esig.dss.spi.x509.TokenIssuerSelector - The issuer subject name and subject name does not match (more details in debug mode).
11:39:09.989 [pool-7-thread-70] INFO eu.europa.esig.dss.spi.x509.TokenIssuerSelector - CERT ISSUER    : c=lu,ou=pki-test,o=nowina solutions,cn=external-ca
11:39:09.989 [pool-7-thread-70] INFO eu.europa.esig.dss.spi.x509.TokenIssuerSelector - ISSUER SUBJECT : c=lu,ou=pki-test,o=nowina solutions,cn=external-ca-alternative
11:39:09.989 [pool-7-thread-70] INFO eu.europa.esig.dss.spi.x509.TokenIssuerSelector - The issuer subject name and subject name does not match (more details in debug mode).
11:39:09.989 [pool-7-thread-70] INFO eu.europa.esig.dss.spi.x509.TokenIssuerSelector - CERT ISSUER    : c=lu,ou=pki-test,o=nowina solutions,cn=external-ca
11:39:09.989 [pool-7-thread-70] INFO eu.europa.esig.dss.spi.x509.TokenIssuerSelector - ISSUER SUBJECT : c=lu,ou=pki-test,o=nowina solutions,cn=external-ca-alternative
11:39:09.990 [pool-7-thread-20] INFO eu.europa.esig.dss.spi.x509.TokenIssuerSelector - The issuer subject name and subject name does not match (more details in debug mode).
11:39:09.990 [pool-7-thread-20] INFO eu.europa.esig.dss.spi.x509.TokenIssuerSelector - CERT ISSUER    : c=lu,ou=pki-test,o=nowina solutions,cn=external-ca
11:39:09.990 [pool-7-thread-20] INFO eu.europa.esig.dss.spi.x509.TokenIssuerSelector - ISSUER SUBJECT : c=lu,ou=pki-test,o=nowina solutions,cn=external-ca-alternative
11:39:09.990 [pool-7-thread-20] INFO eu.europa.esig.dss.spi.x509.TokenIssuerSelector - The issuer subject name and subject name does not match (more details in debug mode).
11:39:09.990 [pool-7-thread-20] INFO eu.europa.esig.dss.spi.x509.TokenIssuerSelector - CERT ISSUER    : c=lu,ou=pki-test,o=nowina solutions,cn=external-ca
11:39:09.990 [pool-7-thread-20] INFO eu.europa.esig.dss.spi.x509.TokenIssuerSelector - ISSUER SUBJECT : c=lu,ou=pki-test,o=nowina solutions,cn=external-ca-alternative
11:39:09.990 [pool-7-thread-20] INFO eu.europa.esig.dss.spi.x509.TokenIssuerSelector - The issuer subject name and subject name does not match (more details in debug mode).
11:39:09.990 [pool-7-thread-20] INFO eu.europa.esig.dss.spi.x509.TokenIssuerSelector - CERT ISSUER    : c=lu,ou=pki-test,o=nowina solutions,cn=external-ca
11:39:09.990 [pool-7-thread-20] INFO eu.europa.esig.dss.spi.x509.TokenIssuerSelector - ISSUER SUBJECT : c=lu,ou=pki-test,o=nowina solutions,cn=external-ca-alternative
11:39:09.992 [pool-7-thread-70] WARN eu.europa.esig.dss.spi.x509.TokenIssuerSelector - No issuer found for the token creation date. The process continues with an issuer which has the same public key.
11:39:09.994 [pool-7-thread-20] WARN eu.europa.esig.dss.spi.x509.TokenIssuerSelector - No issuer found for the token creation date. The process continues with an issuer which has the same public key.
11:39:09.995 [pool-7-thread-16] WARN eu.europa.esig.dss.spi.x509.TokenIssuerSelector - No issuer found for the token creation date. The process continues with an issuer which has the same public key.
11:39:09.996 [pool-7-thread-65] WARN eu.europa.esig.dss.spi.x509.TokenIssuerSelector - No issuer found for the token creation date. The process continues with an issuer which has the same public key.
11:39:09.998 [pool-7-thread-16] INFO eu.europa.esig.dss.spi.x509.TokenIssuerSelector - The issuer subject name and subject name does not match (more details in debug mode).
11:39:09.998 [pool-7-thread-16] INFO eu.europa.esig.dss.spi.x509.TokenIssuerSelector - CERT ISSUER    : c=lu,ou=pki-test,o=nowina solutions,cn=external-ca
11:39:09.999 [pool-7-thread-16] INFO eu.europa.esig.dss.spi.x509.TokenIssuerSelector - ISSUER SUBJECT : c=lu,ou=pki-test,o=nowina solutions,cn=external-ca-alternative
11:39:09.999 [pool-7-thread-16] INFO eu.europa.esig.dss.spi.x509.TokenIssuerSelector - The issuer subject name and subject name does not match (more details in debug mode).
11:39:09.999 [pool-7-thread-16] INFO eu.europa.esig.dss.spi.x509.TokenIssuerSelector - CERT ISSUER    : c=lu,ou=pki-test,o=nowina solutions,cn=external-ca
11:39:09.999 [pool-7-thread-16] INFO eu.europa.esig.dss.spi.x509.TokenIssuerSelector - ISSUER SUBJECT : c=lu,ou=pki-test,o=nowina solutions,cn=external-ca-alternative
11:39:09.999 [pool-7-thread-16] INFO eu.europa.esig.dss.spi.x509.TokenIssuerSelector - The issuer subject name and subject name does not match (more details in debug mode).
11:39:09.999 [pool-7-thread-16] INFO eu.europa.esig.dss.spi.x509.TokenIssuerSelector - CERT ISSUER    : c=lu,ou=pki-test,o=nowina solutions,cn=external-ca
11:39:09.999 [pool-7-thread-16] INFO eu.europa.esig.dss.spi.x509.TokenIssuerSelector - ISSUER SUBJECT : c=lu,ou=pki-test,o=nowina solutions,cn=external-ca-alternative
11:39:09.999 [pool-7-thread-38] WARN eu.europa.esig.dss.spi.x509.TokenIssuerSelector - No issuer found for the token creation date. The process continues with an issuer which has the same public key.
11:39:10.000 [pool-7-thread-38] WARN eu.europa.esig.dss.spi.x509.TokenIssuerSelector - No issuer found for the token creation date. The process continues with an issuer which has the same public key.
11:39:10.001 [pool-7-thread-38] INFO eu.europa.esig.dss.spi.x509.TokenIssuerSelector - The issuer subject name and subject name does not match (more details in debug mode).
11:39:10.002 [pool-7-thread-38] INFO eu.europa.esig.dss.spi.x509.TokenIssuerSelector - CERT ISSUER    : c=lu,ou=pki-test,o=nowina solutions,cn=external-ca
11:39:10.002 [pool-7-thread-38] INFO eu.europa.esig.dss.spi.x509.TokenIssuerSelector - ISSUER SUBJECT : c=lu,ou=pki-test,o=nowina solutions,cn=external-ca-alternative
11:39:10.002 [pool-7-thread-38] INFO eu.europa.esig.dss.spi.x509.TokenIssuerSelector - The issuer subject name and subject name does not match (more details in debug mode).
11:39:10.002 [pool-7-thread-38] INFO eu.europa.esig.dss.spi.x509.TokenIssuerSelector - CERT ISSUER    : c=lu,ou=pki-test,o=nowina solutions,cn=external-ca
11:39:10.002 [pool-7-thread-38] INFO eu.europa.esig.dss.spi.x509.TokenIssuerSelector - ISSUER SUBJECT : c=lu,ou=pki-test,o=nowina solutions,cn=external-ca-alternative
11:39:10.002 [pool-7-thread-38] INFO eu.europa.esig.dss.spi.x509.TokenIssuerSelector - The issuer subject name and subject name does not match (more details in debug mode).
11:39:10.002 [pool-7-thread-38] INFO eu.europa.esig.dss.spi.x509.TokenIssuerSelector - CERT ISSUER    : c=lu,ou=pki-test,o=nowina solutions,cn=external-ca
11:39:10.002 [pool-7-thread-38] INFO eu.europa.esig.dss.spi.x509.TokenIssuerSelector - ISSUER SUBJECT : c=lu,ou=pki-test,o=nowina solutions,cn=external-ca-alternative
11:39:10.004 [pool-7-thread-1] INFO eu.europa.esig.dss.spi.x509.TokenIssuerSelector - The issuer subject name and subject name does not match (more details in debug mode).
11:39:10.005 [pool-7-thread-1] INFO eu.europa.esig.dss.spi.x509.TokenIssuerSelector - CERT ISSUER    : c=lu,ou=pki-test,o=nowina solutions,cn=external-ca
11:39:10.005 [pool-7-thread-1] INFO eu.europa.esig.dss.spi.x509.TokenIssuerSelector - ISSUER SUBJECT : c=lu,ou=pki-test,o=nowina solutions,cn=external-ca-alternative
11:39:10.005 [pool-7-thread-1] INFO eu.europa.esig.dss.spi.x509.TokenIssuerSelector - The issuer subject name and subject name does not match (more details in debug mode).
11:39:10.005 [pool-7-thread-1] INFO eu.europa.esig.dss.spi.x509.TokenIssuerSelector - CERT ISSUER    : c=lu,ou=pki-test,o=nowina solutions,cn=external-ca
11:39:10.005 [pool-7-thread-1] INFO eu.europa.esig.dss.spi.x509.TokenIssuerSelector - ISSUER SUBJECT : c=lu,ou=pki-test,o=nowina solutions,cn=external-ca-alternative
11:39:10.005 [pool-7-thread-1] INFO eu.europa.esig.dss.spi.x509.TokenIssuerSelector - The issuer subject name and subject name does not match (more details in debug mode).
11:39:10.005 [pool-7-thread-1] INFO eu.europa.esig.dss.spi.x509.TokenIssuerSelector - CERT ISSUER    : c=lu,ou=pki-test,o=nowina solutions,cn=external-ca
11:39:10.005 [pool-7-thread-1] INFO eu.europa.esig.dss.spi.x509.TokenIssuerSelector - ISSUER SUBJECT : c=lu,ou=pki-test,o=nowina solutions,cn=external-ca-alternative
11:39:10.005 [pool-7-thread-43] WARN eu.europa.esig.dss.spi.x509.TokenIssuerSelector - No issuer found for the token creation date. The process continues with an issuer which has the same public key.
11:39:10.006 [pool-7-thread-43] WARN eu.europa.esig.dss.spi.x509.TokenIssuerSelector - No issuer found for the token creation date. The process continues with an issuer which has the same public key.
11:39:10.007 [pool-7-thread-78] WARN eu.europa.esig.dss.spi.x509.TokenIssuerSelector - No issuer found for the token creation date. The process continues with an issuer which has the same public key.
11:39:10.007 [pool-7-thread-78] WARN eu.europa.esig.dss.spi.x509.TokenIssuerSelector - No issuer found for the token creation date. The process continues with an issuer which has the same public key.
11:39:10.015 [pool-7-thread-66] INFO eu.europa.esig.dss.spi.x509.TokenIssuerSelector - The issuer subject name and subject name does not match (more details in debug mode).
11:39:10.015 [pool-7-thread-19] WARN eu.europa.esig.dss.spi.x509.TokenIssuerSelector - No issuer found for the token creation date. The process continues with an issuer which has the same public key.
11:39:10.015 [pool-7-thread-66] INFO eu.europa.esig.dss.spi.x509.TokenIssuerSelector - CERT ISSUER    : c=lu,ou=pki-test,o=nowina solutions,cn=external-ca
11:39:10.015 [pool-7-thread-66] INFO eu.europa.esig.dss.spi.x509.TokenIssuerSelector - ISSUER SUBJECT : c=lu,ou=pki-test,o=nowina solutions,cn=external-ca-alternative
11:39:10.015 [pool-7-thread-66] INFO eu.europa.esig.dss.spi.x509.TokenIssuerSelector - The issuer subject name and subject name does not match (more details in debug mode).
11:39:10.015 [pool-7-thread-66] INFO eu.europa.esig.dss.spi.x509.TokenIssuerSelector - CERT ISSUER    : c=lu,ou=pki-test,o=nowina solutions,cn=external-ca
11:39:10.015 [pool-7-thread-66] INFO eu.europa.esig.dss.spi.x509.TokenIssuerSelector - ISSUER SUBJECT : c=lu,ou=pki-test,o=nowina solutions,cn=external-ca-alternative
11:39:10.015 [pool-7-thread-66] INFO eu.europa.esig.dss.spi.x509.TokenIssuerSelector - The issuer subject name and subject name does not match (more details in debug mode).
11:39:10.015 [pool-7-thread-66] INFO eu.europa.esig.dss.spi.x509.TokenIssuerSelector - CERT ISSUER    : c=lu,ou=pki-test,o=nowina solutions,cn=external-ca
11:39:10.015 [pool-7-thread-66] INFO eu.europa.esig.dss.spi.x509.TokenIssuerSelector - ISSUER SUBJECT : c=lu,ou=pki-test,o=nowina solutions,cn=external-ca-alternative
11:39:10.019 [pool-7-thread-66] WARN eu.europa.esig.dss.spi.x509.TokenIssuerSelector - No issuer found for the token creation date. The process continues with an issuer which has the same public key.
11:39:10.020 [pool-7-thread-42] INFO eu.europa.esig.dss.spi.x509.TokenIssuerSelector - The issuer subject name and subject name does not match (more details in debug mode).
11:39:10.020 [pool-7-thread-42] INFO eu.europa.esig.dss.spi.x509.TokenIssuerSelector - CERT ISSUER    : c=lu,ou=pki-test,o=nowina solutions,cn=external-ca
11:39:10.020 [pool-7-thread-42] INFO eu.europa.esig.dss.spi.x509.TokenIssuerSelector - ISSUER SUBJECT : c=lu,ou=pki-test,o=nowina solutions,cn=external-ca-alternative
11:39:10.020 [pool-7-thread-42] INFO eu.europa.esig.dss.spi.x509.TokenIssuerSelector - The issuer subject name and subject name does not match (more details in debug mode).
11:39:10.020 [pool-7-thread-42] INFO eu.europa.esig.dss.spi.x509.TokenIssuerSelector - CERT ISSUER    : c=lu,ou=pki-test,o=nowina solutions,cn=external-ca
11:39:10.020 [pool-7-thread-42] INFO eu.europa.esig.dss.spi.x509.TokenIssuerSelector - ISSUER SUBJECT : c=lu,ou=pki-test,o=nowina solutions,cn=external-ca-alternative
11:39:10.020 [pool-7-thread-66] WARN eu.europa.esig.dss.spi.x509.TokenIssuerSelector - No issuer found for the token creation date. The process continues with an issuer which has the same public key.
11:39:10.020 [pool-7-thread-42] INFO eu.europa.esig.dss.spi.x509.TokenIssuerSelector - The issuer subject name and subject name does not match (more details in debug mode).
11:39:10.020 [pool-7-thread-42] INFO eu.europa.esig.dss.spi.x509.TokenIssuerSelector - CERT ISSUER    : c=lu,ou=pki-test,o=nowina solutions,cn=external-ca
11:39:10.020 [pool-7-thread-42] INFO eu.europa.esig.dss.spi.x509.TokenIssuerSelector - ISSUER SUBJECT : c=lu,ou=pki-test,o=nowina solutions,cn=external-ca-alternative
11:39:10.021 [pool-7-thread-19] INFO eu.europa.esig.dss.spi.x509.TokenIssuerSelector - The issuer subject name and subject name does not match (more details in debug mode).
11:39:10.021 [pool-7-thread-19] INFO eu.europa.esig.dss.spi.x509.TokenIssuerSelector - CERT ISSUER    : c=lu,ou=pki-test,o=nowina solutions,cn=external-ca
11:39:10.021 [pool-7-thread-19] INFO eu.europa.esig.dss.spi.x509.TokenIssuerSelector - ISSUER SUBJECT : c=lu,ou=pki-test,o=nowina solutions,cn=external-ca-alternative
11:39:10.021 [pool-7-thread-19] INFO eu.europa.esig.dss.spi.x509.TokenIssuerSelector - The issuer subject name and subject name does not match (more details in debug mode).
11:39:10.021 [pool-7-thread-19] INFO eu.europa.esig.dss.spi.x509.TokenIssuerSelector - CERT ISSUER    : c=lu,ou=pki-test,o=nowina solutions,cn=external-ca
11:39:10.021 [pool-7-thread-19] INFO eu.europa.esig.dss.spi.x509.TokenIssuerSelector - ISSUER SUBJECT : c=lu,ou=pki-test,o=nowina solutions,cn=external-ca-alternative
11:39:10.021 [pool-7-thread-19] INFO eu.europa.esig.dss.spi.x509.TokenIssuerSelector - The issuer subject name and subject name does not match (more details in debug mode).
11:39:10.021 [pool-7-thread-19] INFO eu.europa.esig.dss.spi.x509.TokenIssuerSelector - CERT ISSUER    : c=lu,ou=pki-test,o=nowina solutions,cn=external-ca
11:39:10.021 [pool-7-thread-19] INFO eu.europa.esig.dss.spi.x509.TokenIssuerSelector - ISSUER SUBJECT : c=lu,ou=pki-test,o=nowina solutions,cn=external-ca-alternative
11:39:10.021 [pool-7-thread-37] INFO eu.europa.esig.dss.spi.x509.TokenIssuerSelector - The issuer subject name and subject name does not match (more details in debug mode).
11:39:10.021 [pool-7-thread-37] INFO eu.europa.esig.dss.spi.x509.TokenIssuerSelector - CERT ISSUER    : c=lu,ou=pki-test,o=nowina solutions,cn=external-ca
11:39:10.021 [pool-7-thread-37] INFO eu.europa.esig.dss.spi.x509.TokenIssuerSelector - ISSUER SUBJECT : c=lu,ou=pki-test,o=nowina solutions,cn=external-ca-alternative
11:39:10.022 [pool-7-thread-37] INFO eu.europa.esig.dss.spi.x509.TokenIssuerSelector - The issuer subject name and subject name does not match (more details in debug mode).
11:39:10.022 [pool-7-thread-37] INFO eu.europa.esig.dss.spi.x509.TokenIssuerSelector - CERT ISSUER    : c=lu,ou=pki-test,o=nowina solutions,cn=external-ca
11:39:10.022 [pool-7-thread-37] INFO eu.europa.esig.dss.spi.x509.TokenIssuerSelector - ISSUER SUBJECT : c=lu,ou=pki-test,o=nowina solutions,cn=external-ca-alternative
11:39:10.022 [pool-7-thread-37] INFO eu.europa.esig.dss.spi.x509.TokenIssuerSelector - The issuer subject name and subject name does not match (more details in debug mode).
11:39:10.022 [pool-7-thread-37] INFO eu.europa.esig.dss.spi.x509.TokenIssuerSelector - CERT ISSUER    : c=lu,ou=pki-test,o=nowina solutions,cn=external-ca
11:39:10.022 [pool-7-thread-37] INFO eu.europa.esig.dss.spi.x509.TokenIssuerSelector - ISSUER SUBJECT : c=lu,ou=pki-test,o=nowina solutions,cn=external-ca-alternative
11:39:10.023 [pool-7-thread-62] WARN eu.europa.esig.dss.spi.x509.TokenIssuerSelector - No issuer found for the token creation date. The process continues with an issuer which has the same public key.
11:39:10.024 [pool-7-thread-19] WARN eu.europa.esig.dss.spi.x509.TokenIssuerSelector - No issuer found for the token creation date. The process continues with an issuer which has the same public key.
11:39:10.025 [pool-7-thread-19] WARN eu.europa.esig.dss.spi.x509.TokenIssuerSelector - No issuer found for the token creation date. The process continues with an issuer which has the same public key.
11:39:10.026 [pool-7-thread-9] WARN eu.europa.esig.dss.spi.x509.TokenIssuerSelector - No issuer found for the token creation date. The process continues with an issuer which has the same public key.
11:39:10.029 [pool-7-thread-52] INFO eu.europa.esig.dss.spi.x509.TokenIssuerSelector - The issuer subject name and subject name does not match (more details in debug mode).
11:39:10.029 [pool-7-thread-52] INFO eu.europa.esig.dss.spi.x509.TokenIssuerSelector - CERT ISSUER    : c=lu,ou=pki-test,o=nowina solutions,cn=external-ca
11:39:10.029 [pool-7-thread-52] INFO eu.europa.esig.dss.spi.x509.TokenIssuerSelector - ISSUER SUBJECT : c=lu,ou=pki-test,o=nowina solutions,cn=external-ca-alternative
11:39:10.029 [pool-7-thread-52] INFO eu.europa.esig.dss.spi.x509.TokenIssuerSelector - The issuer subject name and subject name does not match (more details in debug mode).
11:39:10.029 [pool-7-thread-52] INFO eu.europa.esig.dss.spi.x509.TokenIssuerSelector - CERT ISSUER    : c=lu,ou=pki-test,o=nowina solutions,cn=external-ca
11:39:10.029 [pool-7-thread-52] INFO eu.europa.esig.dss.spi.x509.TokenIssuerSelector - ISSUER SUBJECT : c=lu,ou=pki-test,o=nowina solutions,cn=external-ca-alternative
11:39:10.029 [pool-7-thread-52] INFO eu.europa.esig.dss.spi.x509.TokenIssuerSelector - The issuer subject name and subject name does not match (more details in debug mode).
11:39:10.029 [pool-7-thread-52] INFO eu.europa.esig.dss.spi.x509.TokenIssuerSelector - CERT ISSUER    : c=lu,ou=pki-test,o=nowina solutions,cn=external-ca
11:39:10.029 [pool-7-thread-52] INFO eu.europa.esig.dss.spi.x509.TokenIssuerSelector - ISSUER SUBJECT : c=lu,ou=pki-test,o=nowina solutions,cn=external-ca-alternative
11:39:10.030 [pool-7-thread-50] INFO eu.europa.esig.dss.spi.x509.TokenIssuerSelector - The issuer subject name and subject name does not match (more details in debug mode).
11:39:10.030 [pool-7-thread-50] INFO eu.europa.esig.dss.spi.x509.TokenIssuerSelector - CERT ISSUER    : c=lu,ou=pki-test,o=nowina solutions,cn=external-ca
11:39:10.030 [pool-7-thread-50] INFO eu.europa.esig.dss.spi.x509.TokenIssuerSelector - ISSUER SUBJECT : c=lu,ou=pki-test,o=nowina solutions,cn=external-ca-alternative
11:39:10.030 [pool-7-thread-50] INFO eu.europa.esig.dss.spi.x509.TokenIssuerSelector - The issuer subject name and subject name does not match (more details in debug mode).
11:39:10.030 [pool-7-thread-50] INFO eu.europa.esig.dss.spi.x509.TokenIssuerSelector - CERT ISSUER    : c=lu,ou=pki-test,o=nowina solutions,cn=external-ca
11:39:10.030 [pool-7-thread-50] INFO eu.europa.esig.dss.spi.x509.TokenIssuerSelector - ISSUER SUBJECT : c=lu,ou=pki-test,o=nowina solutions,cn=external-ca-alternative
11:39:10.030 [pool-7-thread-50] INFO eu.europa.esig.dss.spi.x509.TokenIssuerSelector - The issuer subject name and subject name does not match (more details in debug mode).
11:39:10.030 [pool-7-thread-50] INFO eu.europa.esig.dss.spi.x509.TokenIssuerSelector - CERT ISSUER    : c=lu,ou=pki-test,o=nowina solutions,cn=external-ca
11:39:10.030 [pool-7-thread-50] INFO eu.europa.esig.dss.spi.x509.TokenIssuerSelector - ISSUER SUBJECT : c=lu,ou=pki-test,o=nowina solutions,cn=external-ca-alternative
11:39:10.031 [pool-7-thread-23] INFO eu.europa.esig.dss.spi.x509.TokenIssuerSelector - The issuer subject name and subject name does not match (more details in debug mode).
11:39:10.031 [pool-7-thread-23] INFO eu.europa.esig.dss.spi.x509.TokenIssuerSelector - CERT ISSUER    : c=lu,ou=pki-test,o=nowina solutions,cn=external-ca
11:39:10.031 [pool-7-thread-23] INFO eu.europa.esig.dss.spi.x509.TokenIssuerSelector - ISSUER SUBJECT : c=lu,ou=pki-test,o=nowina solutions,cn=external-ca-alternative
11:39:10.031 [pool-7-thread-23] INFO eu.europa.esig.dss.spi.x509.TokenIssuerSelector - The issuer subject name and subject name does not match (more details in debug mode).
11:39:10.031 [pool-7-thread-23] INFO eu.europa.esig.dss.spi.x509.TokenIssuerSelector - CERT ISSUER    : c=lu,ou=pki-test,o=nowina solutions,cn=external-ca
11:39:10.031 [pool-7-thread-23] INFO eu.europa.esig.dss.spi.x509.TokenIssuerSelector - ISSUER SUBJECT : c=lu,ou=pki-test,o=nowina solutions,cn=external-ca-alternative
11:39:10.031 [pool-7-thread-23] INFO eu.europa.esig.dss.spi.x509.TokenIssuerSelector - The issuer subject name and subject name does not match (more details in debug mode).
11:39:10.031 [pool-7-thread-23] INFO eu.europa.esig.dss.spi.x509.TokenIssuerSelector - CERT ISSUER    : c=lu,ou=pki-test,o=nowina solutions,cn=external-ca
11:39:10.031 [pool-7-thread-23] INFO eu.europa.esig.dss.spi.x509.TokenIssuerSelector - ISSUER SUBJECT : c=lu,ou=pki-test,o=nowina solutions,cn=external-ca-alternative
11:39:10.031 [pool-7-thread-60] WARN eu.europa.esig.dss.spi.x509.TokenIssuerSelector - No issuer found for the token creation date. The process continues with an issuer which has the same public key.
11:39:10.032 [pool-7-thread-54] WARN eu.europa.esig.dss.spi.x509.TokenIssuerSelector - No issuer found for the token creation date. The process continues with an issuer which has the same public key.
11:39:10.033 [pool-7-thread-7] WARN eu.europa.esig.dss.spi.x509.TokenIssuerSelector - No issuer found for the token creation date. The process continues with an issuer which has the same public key.
11:39:10.034 [pool-7-thread-7] WARN eu.europa.esig.dss.spi.x509.TokenIssuerSelector - No issuer found for the token creation date. The process continues with an issuer which has the same public key.
11:39:10.035 [pool-7-thread-55] WARN eu.europa.esig.dss.spi.x509.TokenIssuerSelector - No issuer found for the token creation date. The process continues with an issuer which has the same public key.
11:39:10.035 [pool-7-thread-15] WARN eu.europa.esig.dss.spi.x509.TokenIssuerSelector - No issuer found for the token creation date. The process continues with an issuer which has the same public key.
11:39:10.036 [pool-7-thread-12] WARN eu.europa.esig.dss.spi.x509.TokenIssuerSelector - No issuer found for the token creation date. The process continues with an issuer which has the same public key.
11:39:10.037 [pool-7-thread-27] WARN eu.europa.esig.dss.spi.x509.TokenIssuerSelector - No issuer found for the token creation date. The process continues with an issuer which has the same public key.
11:39:10.037 [pool-7-thread-8] WARN eu.europa.esig.dss.spi.x509.TokenIssuerSelector - No issuer found for the token creation date. The process continues with an issuer which has the same public key.
11:39:10.039 [pool-7-thread-8] INFO eu.europa.esig.dss.spi.x509.TokenIssuerSelector - The issuer subject name and subject name does not match (more details in debug mode).
11:39:10.039 [pool-7-thread-8] INFO eu.europa.esig.dss.spi.x509.TokenIssuerSelector - CERT ISSUER    : c=lu,ou=pki-test,o=nowina solutions,cn=external-ca
11:39:10.039 [pool-7-thread-8] INFO eu.europa.esig.dss.spi.x509.TokenIssuerSelector - ISSUER SUBJECT : c=lu,ou=pki-test,o=nowina solutions,cn=external-ca-alternative
11:39:10.039 [pool-7-thread-8] INFO eu.europa.esig.dss.spi.x509.TokenIssuerSelector - The issuer subject name and subject name does not match (more details in debug mode).
11:39:10.039 [pool-7-thread-8] INFO eu.europa.esig.dss.spi.x509.TokenIssuerSelector - CERT ISSUER    : c=lu,ou=pki-test,o=nowina solutions,cn=external-ca
11:39:10.039 [pool-7-thread-8] INFO eu.europa.esig.dss.spi.x509.TokenIssuerSelector - ISSUER SUBJECT : c=lu,ou=pki-test,o=nowina solutions,cn=external-ca-alternative
11:39:10.039 [pool-7-thread-8] INFO eu.europa.esig.dss.spi.x509.TokenIssuerSelector - The issuer subject name and subject name does not match (more details in debug mode).
11:39:10.039 [pool-7-thread-8] INFO eu.europa.esig.dss.spi.x509.TokenIssuerSelector - CERT ISSUER    : c=lu,ou=pki-test,o=nowina solutions,cn=external-ca
11:39:10.039 [pool-7-thread-8] INFO eu.europa.esig.dss.spi.x509.TokenIssuerSelector - ISSUER SUBJECT : c=lu,ou=pki-test,o=nowina solutions,cn=external-ca-alternative
11:39:10.042 [pool-7-thread-8] WARN eu.europa.esig.dss.spi.x509.TokenIssuerSelector - No issuer found for the token creation date. The process continues with an issuer which has the same public key.
11:39:10.046 [pool-7-thread-8] WARN eu.europa.esig.dss.spi.x509.TokenIssuerSelector - No issuer found for the token creation date. The process continues with an issuer which has the same public key.
11:39:10.048 [pool-7-thread-8] INFO eu.europa.esig.dss.spi.x509.TokenIssuerSelector - The issuer subject name and subject name does not match (more details in debug mode).
11:39:10.049 [pool-7-thread-8] INFO eu.europa.esig.dss.spi.x509.TokenIssuerSelector - CERT ISSUER    : c=lu,ou=pki-test,o=nowina solutions,cn=external-ca
11:39:10.049 [pool-7-thread-8] INFO eu.europa.esig.dss.spi.x509.TokenIssuerSelector - ISSUER SUBJECT : c=lu,ou=pki-test,o=nowina solutions,cn=external-ca-alternative
11:39:10.049 [pool-7-thread-25] WARN eu.europa.esig.dss.spi.x509.TokenIssuerSelector - No issuer found for the token creation date. The process continues with an issuer which has the same public key.
11:39:10.049 [pool-7-thread-8] INFO eu.europa.esig.dss.spi.x509.TokenIssuerSelector - The issuer subject name and subject name does not match (more details in debug mode).
11:39:10.049 [pool-7-thread-8] INFO eu.europa.esig.dss.spi.x509.TokenIssuerSelector - CERT ISSUER    : c=lu,ou=pki-test,o=nowina solutions,cn=external-ca
11:39:10.049 [pool-7-thread-8] INFO eu.europa.esig.dss.spi.x509.TokenIssuerSelector - ISSUER SUBJECT : c=lu,ou=pki-test,o=nowina solutions,cn=external-ca-alternative
11:39:10.049 [pool-7-thread-8] INFO eu.europa.esig.dss.spi.x509.TokenIssuerSelector - The issuer subject name and subject name does not match (more details in debug mode).
11:39:10.049 [pool-7-thread-8] INFO eu.europa.esig.dss.spi.x509.TokenIssuerSelector - CERT ISSUER    : c=lu,ou=pki-test,o=nowina solutions,cn=external-ca
11:39:10.049 [pool-7-thread-8] INFO eu.europa.esig.dss.spi.x509.TokenIssuerSelector - ISSUER SUBJECT : c=lu,ou=pki-test,o=nowina solutions,cn=external-ca-alternative
11:39:10.051 [pool-7-thread-25] INFO eu.europa.esig.dss.spi.x509.TokenIssuerSelector - The issuer subject name and subject name does not match (more details in debug mode).
11:39:10.052 [pool-7-thread-25] INFO eu.europa.esig.dss.spi.x509.TokenIssuerSelector - CERT ISSUER    : c=lu,ou=pki-test,o=nowina solutions,cn=external-ca
11:39:10.052 [pool-7-thread-25] INFO eu.europa.esig.dss.spi.x509.TokenIssuerSelector - ISSUER SUBJECT : c=lu,ou=pki-test,o=nowina solutions,cn=external-ca-alternative
11:39:10.052 [pool-7-thread-25] INFO eu.europa.esig.dss.spi.x509.TokenIssuerSelector - The issuer subject name and subject name does not match (more details in debug mode).
11:39:10.052 [pool-7-thread-25] INFO eu.europa.esig.dss.spi.x509.TokenIssuerSelector - CERT ISSUER    : c=lu,ou=pki-test,o=nowina solutions,cn=external-ca
11:39:10.052 [pool-7-thread-25] INFO eu.europa.esig.dss.spi.x509.TokenIssuerSelector - ISSUER SUBJECT : c=lu,ou=pki-test,o=nowina solutions,cn=external-ca-alternative
11:39:10.052 [pool-7-thread-25] INFO eu.europa.esig.dss.spi.x509.TokenIssuerSelector - The issuer subject name and subject name does not match (more details in debug mode).
11:39:10.052 [pool-7-thread-25] INFO eu.europa.esig.dss.spi.x509.TokenIssuerSelector - CERT ISSUER    : c=lu,ou=pki-test,o=nowina solutions,cn=external-ca
11:39:10.052 [pool-7-thread-25] INFO eu.europa.esig.dss.spi.x509.TokenIssuerSelector - ISSUER SUBJECT : c=lu,ou=pki-test,o=nowina solutions,cn=external-ca-alternative
11:39:10.052 [pool-7-thread-61] WARN eu.europa.esig.dss.spi.x509.TokenIssuerSelector - No issuer found for the token creation date. The process continues with an issuer which has the same public key.
11:39:10.054 [pool-7-thread-47] WARN eu.europa.esig.dss.spi.x509.TokenIssuerSelector - No issuer found for the token creation date. The process continues with an issuer which has the same public key.
11:39:10.055 [pool-7-thread-47] INFO eu.europa.esig.dss.spi.x509.TokenIssuerSelector - The issuer subject name and subject name does not match (more details in debug mode).
11:39:10.055 [pool-7-thread-47] INFO eu.europa.esig.dss.spi.x509.TokenIssuerSelector - CERT ISSUER    : c=lu,ou=pki-test,o=nowina solutions,cn=external-ca
11:39:10.055 [pool-7-thread-47] INFO eu.europa.esig.dss.spi.x509.TokenIssuerSelector - ISSUER SUBJECT : c=lu,ou=pki-test,o=nowina solutions,cn=external-ca-alternative
11:39:10.055 [pool-7-thread-47] INFO eu.europa.esig.dss.spi.x509.TokenIssuerSelector - The issuer subject name and subject name does not match (more details in debug mode).
11:39:10.055 [pool-7-thread-47] INFO eu.europa.esig.dss.spi.x509.TokenIssuerSelector - CERT ISSUER    : c=lu,ou=pki-test,o=nowina solutions,cn=external-ca
11:39:10.055 [pool-7-thread-47] INFO eu.europa.esig.dss.spi.x509.TokenIssuerSelector - ISSUER SUBJECT : c=lu,ou=pki-test,o=nowina solutions,cn=external-ca-alternative
11:39:10.055 [pool-7-thread-47] INFO eu.europa.esig.dss.spi.x509.TokenIssuerSelector - The issuer subject name and subject name does not match (more details in debug mode).
11:39:10.055 [pool-7-thread-47] INFO eu.europa.esig.dss.spi.x509.TokenIssuerSelector - CERT ISSUER    : c=lu,ou=pki-test,o=nowina solutions,cn=external-ca
11:39:10.055 [pool-7-thread-47] INFO eu.europa.esig.dss.spi.x509.TokenIssuerSelector - ISSUER SUBJECT : c=lu,ou=pki-test,o=nowina solutions,cn=external-ca-alternative
11:39:10.056 [pool-7-thread-48] WARN eu.europa.esig.dss.spi.x509.TokenIssuerSelector - No issuer found for the token creation date. The process continues with an issuer which has the same public key.
11:39:10.057 [pool-7-thread-57] WARN eu.europa.esig.dss.spi.x509.TokenIssuerSelector - No issuer found for the token creation date. The process continues with an issuer which has the same public key.
11:39:10.057 [pool-7-thread-51] WARN eu.europa.esig.dss.spi.x509.TokenIssuerSelector - No issuer found for the token creation date. The process continues with an issuer which has the same public key.
11:39:10.059 [pool-7-thread-58] INFO eu.europa.esig.dss.spi.x509.TokenIssuerSelector - The issuer subject name and subject name does not match (more details in debug mode).
11:39:10.059 [pool-7-thread-58] INFO eu.europa.esig.dss.spi.x509.TokenIssuerSelector - CERT ISSUER    : c=lu,ou=pki-test,o=nowina solutions,cn=external-ca
11:39:10.059 [pool-7-thread-58] INFO eu.europa.esig.dss.spi.x509.TokenIssuerSelector - ISSUER SUBJECT : c=lu,ou=pki-test,o=nowina solutions,cn=external-ca-alternative
11:39:10.059 [pool-7-thread-58] INFO eu.europa.esig.dss.spi.x509.TokenIssuerSelector - The issuer subject name and subject name does not match (more details in debug mode).
11:39:10.059 [pool-7-thread-58] INFO eu.europa.esig.dss.spi.x509.TokenIssuerSelector - CERT ISSUER    : c=lu,ou=pki-test,o=nowina solutions,cn=external-ca
11:39:10.059 [pool-7-thread-58] INFO eu.europa.esig.dss.spi.x509.TokenIssuerSelector - ISSUER SUBJECT : c=lu,ou=pki-test,o=nowina solutions,cn=external-ca-alternative
11:39:10.059 [pool-7-thread-58] INFO eu.europa.esig.dss.spi.x509.TokenIssuerSelector - The issuer subject name and subject name does not match (more details in debug mode).
11:39:10.059 [pool-7-thread-58] INFO eu.europa.esig.dss.spi.x509.TokenIssuerSelector - CERT ISSUER    : c=lu,ou=pki-test,o=nowina solutions,cn=external-ca
11:39:10.059 [pool-7-thread-58] INFO eu.europa.esig.dss.spi.x509.TokenIssuerSelector - ISSUER SUBJECT : c=lu,ou=pki-test,o=nowina solutions,cn=external-ca-alternative
11:39:10.059 [pool-7-thread-56] WARN eu.europa.esig.dss.spi.x509.TokenIssuerSelector - No issuer found for the token creation date. The process continues with an issuer which has the same public key.
11:39:10.061 [pool-7-thread-56] WARN eu.europa.esig.dss.spi.x509.TokenIssuerSelector - No issuer found for the token creation date. The process continues with an issuer which has the same public key.
11:39:10.064 [pool-7-thread-56] INFO eu.europa.esig.dss.spi.x509.TokenIssuerSelector - The issuer subject name and subject name does not match (more details in debug mode).
11:39:10.064 [pool-7-thread-56] INFO eu.europa.esig.dss.spi.x509.TokenIssuerSelector - CERT ISSUER    : c=lu,ou=pki-test,o=nowina solutions,cn=external-ca
11:39:10.064 [pool-7-thread-56] INFO eu.europa.esig.dss.spi.x509.TokenIssuerSelector - ISSUER SUBJECT : c=lu,ou=pki-test,o=nowina solutions,cn=external-ca-alternative
11:39:10.064 [pool-7-thread-56] INFO eu.europa.esig.dss.spi.x509.TokenIssuerSelector - The issuer subject name and subject name does not match (more details in debug mode).
11:39:10.064 [pool-7-thread-56] INFO eu.europa.esig.dss.spi.x509.TokenIssuerSelector - CERT ISSUER    : c=lu,ou=pki-test,o=nowina solutions,cn=external-ca
11:39:10.064 [pool-7-thread-56] INFO eu.europa.esig.dss.spi.x509.TokenIssuerSelector - ISSUER SUBJECT : c=lu,ou=pki-test,o=nowina solutions,cn=external-ca-alternative
11:39:10.064 [pool-7-thread-56] INFO eu.europa.esig.dss.spi.x509.TokenIssuerSelector - The issuer subject name and subject name does not match (more details in debug mode).
11:39:10.064 [pool-7-thread-56] INFO eu.europa.esig.dss.spi.x509.TokenIssuerSelector - CERT ISSUER    : c=lu,ou=pki-test,o=nowina solutions,cn=external-ca
11:39:10.064 [pool-7-thread-56] INFO eu.europa.esig.dss.spi.x509.TokenIssuerSelector - ISSUER SUBJECT : c=lu,ou=pki-test,o=nowina solutions,cn=external-ca-alternative
11:39:10.065 [pool-7-thread-17] WARN eu.europa.esig.dss.spi.x509.TokenIssuerSelector - No issuer found for the token creation date. The process continues with an issuer which has the same public key.
11:39:10.066 [pool-7-thread-59] WARN eu.europa.esig.dss.spi.x509.TokenIssuerSelector - No issuer found for the token creation date. The process continues with an issuer which has the same public key.
11:39:10.067 [pool-7-thread-24] WARN eu.europa.esig.dss.spi.x509.TokenIssuerSelector - No issuer found for the token creation date. The process continues with an issuer which has the same public key.
11:39:10.068 [pool-7-thread-53] INFO eu.europa.esig.dss.spi.x509.TokenIssuerSelector - The issuer subject name and subject name does not match (more details in debug mode).
11:39:10.068 [pool-7-thread-53] INFO eu.europa.esig.dss.spi.x509.TokenIssuerSelector - CERT ISSUER    : c=lu,ou=pki-test,o=nowina solutions,cn=external-ca
11:39:10.068 [pool-7-thread-53] INFO eu.europa.esig.dss.spi.x509.TokenIssuerSelector - ISSUER SUBJECT : c=lu,ou=pki-test,o=nowina solutions,cn=external-ca-alternative
11:39:10.068 [pool-7-thread-53] INFO eu.europa.esig.dss.spi.x509.TokenIssuerSelector - The issuer subject name and subject name does not match (more details in debug mode).
11:39:10.068 [pool-7-thread-53] INFO eu.europa.esig.dss.spi.x509.TokenIssuerSelector - CERT ISSUER    : c=lu,ou=pki-test,o=nowina solutions,cn=external-ca
11:39:10.068 [pool-7-thread-53] INFO eu.europa.esig.dss.spi.x509.TokenIssuerSelector - ISSUER SUBJECT : c=lu,ou=pki-test,o=nowina solutions,cn=external-ca-alternative
11:39:10.068 [pool-7-thread-53] INFO eu.europa.esig.dss.spi.x509.TokenIssuerSelector - The issuer subject name and subject name does not match (more details in debug mode).
11:39:10.068 [pool-7-thread-53] INFO eu.europa.esig.dss.spi.x509.TokenIssuerSelector - CERT ISSUER    : c=lu,ou=pki-test,o=nowina solutions,cn=external-ca
11:39:10.068 [pool-7-thread-53] INFO eu.europa.esig.dss.spi.x509.TokenIssuerSelector - ISSUER SUBJECT : c=lu,ou=pki-test,o=nowina solutions,cn=external-ca-alternative
11:39:10.068 [pool-7-thread-59] WARN eu.europa.esig.dss.spi.x509.TokenIssuerSelector - No issuer found for the token creation date. The process continues with an issuer which has the same public key.
11:39:10.069 [pool-7-thread-56] WARN eu.europa.esig.dss.spi.x509.TokenIssuerSelector - No issuer found for the token creation date. The process continues with an issuer which has the same public key.
11:39:10.070 [pool-7-thread-17] WARN eu.europa.esig.dss.spi.x509.TokenIssuerSelector - No issuer found for the token creation date. The process continues with an issuer which has the same public key.
11:39:10.071 [pool-7-thread-17] INFO eu.europa.esig.dss.spi.x509.TokenIssuerSelector - The issuer subject name and subject name does not match (more details in debug mode).
11:39:10.071 [pool-7-thread-17] INFO eu.europa.esig.dss.spi.x509.TokenIssuerSelector - CERT ISSUER    : c=lu,ou=pki-test,o=nowina solutions,cn=external-ca
11:39:10.071 [pool-7-thread-17] INFO eu.europa.esig.dss.spi.x509.TokenIssuerSelector - ISSUER SUBJECT : c=lu,ou=pki-test,o=nowina solutions,cn=external-ca-alternative
11:39:10.071 [pool-7-thread-17] INFO eu.europa.esig.dss.spi.x509.TokenIssuerSelector - The issuer subject name and subject name does not match (more details in debug mode).
11:39:10.071 [pool-7-thread-17] INFO eu.europa.esig.dss.spi.x509.TokenIssuerSelector - CERT ISSUER    : c=lu,ou=pki-test,o=nowina solutions,cn=external-ca
11:39:10.071 [pool-7-thread-17] INFO eu.europa.esig.dss.spi.x509.TokenIssuerSelector - ISSUER SUBJECT : c=lu,ou=pki-test,o=nowina solutions,cn=external-ca-alternative
11:39:10.071 [pool-7-thread-17] INFO eu.europa.esig.dss.spi.x509.TokenIssuerSelector - The issuer subject name and subject name does not match (more details in debug mode).
11:39:10.071 [pool-7-thread-17] INFO eu.europa.esig.dss.spi.x509.TokenIssuerSelector - CERT ISSUER    : c=lu,ou=pki-test,o=nowina solutions,cn=external-ca
11:39:10.071 [pool-7-thread-17] INFO eu.europa.esig.dss.spi.x509.TokenIssuerSelector - ISSUER SUBJECT : c=lu,ou=pki-test,o=nowina solutions,cn=external-ca-alternative
11:39:10.074 [pool-7-thread-58] WARN eu.europa.esig.dss.spi.x509.TokenIssuerSelector - No issuer found for the token creation date. The process continues with an issuer which has the same public key.
11:39:10.077 [pool-7-thread-47] WARN eu.europa.esig.dss.spi.x509.TokenIssuerSelector - No issuer found for the token creation date. The process continues with an issuer which has the same public key.
11:39:10.077 [pool-7-thread-47] WARN eu.europa.esig.dss.spi.x509.TokenIssuerSelector - No issuer found for the token creation date. The process continues with an issuer which has the same public key.
11:39:10.080 [pool-7-thread-51] INFO eu.europa.esig.dss.spi.x509.TokenIssuerSelector - The issuer subject name and subject name does not match (more details in debug mode).
11:39:10.080 [pool-7-thread-51] INFO eu.europa.esig.dss.spi.x509.TokenIssuerSelector - CERT ISSUER    : c=lu,ou=pki-test,o=nowina solutions,cn=external-ca
11:39:10.080 [pool-7-thread-51] INFO eu.europa.esig.dss.spi.x509.TokenIssuerSelector - ISSUER SUBJECT : c=lu,ou=pki-test,o=nowina solutions,cn=external-ca-alternative
11:39:10.080 [pool-7-thread-51] INFO eu.europa.esig.dss.spi.x509.TokenIssuerSelector - The issuer subject name and subject name does not match (more details in debug mode).
11:39:10.080 [pool-7-thread-51] INFO eu.europa.esig.dss.spi.x509.TokenIssuerSelector - CERT ISSUER    : c=lu,ou=pki-test,o=nowina solutions,cn=external-ca
11:39:10.080 [pool-7-thread-51] INFO eu.europa.esig.dss.spi.x509.TokenIssuerSelector - ISSUER SUBJECT : c=lu,ou=pki-test,o=nowina solutions,cn=external-ca-alternative
11:39:10.080 [pool-7-thread-51] INFO eu.europa.esig.dss.spi.x509.TokenIssuerSelector - The issuer subject name and subject name does not match (more details in debug mode).
11:39:10.080 [pool-7-thread-51] INFO eu.europa.esig.dss.spi.x509.TokenIssuerSelector - CERT ISSUER    : c=lu,ou=pki-test,o=nowina solutions,cn=external-ca
11:39:10.080 [pool-7-thread-51] INFO eu.europa.esig.dss.spi.x509.TokenIssuerSelector - ISSUER SUBJECT : c=lu,ou=pki-test,o=nowina solutions,cn=external-ca-alternative
11:39:10.080 [pool-7-thread-57] WARN eu.europa.esig.dss.spi.x509.TokenIssuerSelector - No issuer found for the token creation date. The process continues with an issuer which has the same public key.
11:39:10.080 [pool-7-thread-47] INFO eu.europa.esig.dss.spi.x509.TokenIssuerSelector - The issuer subject name and subject name does not match (more details in debug mode).
11:39:10.080 [pool-7-thread-47] INFO eu.europa.esig.dss.spi.x509.TokenIssuerSelector - CERT ISSUER    : c=lu,ou=pki-test,o=nowina solutions,cn=external-ca
11:39:10.080 [pool-7-thread-47] INFO eu.europa.esig.dss.spi.x509.TokenIssuerSelector - ISSUER SUBJECT : c=lu,ou=pki-test,o=nowina solutions,cn=external-ca-alternative
11:39:10.080 [pool-7-thread-47] INFO eu.europa.esig.dss.spi.x509.TokenIssuerSelector - The issuer subject name and subject name does not match (more details in debug mode).
11:39:10.080 [pool-7-thread-47] INFO eu.europa.esig.dss.spi.x509.TokenIssuerSelector - CERT ISSUER    : c=lu,ou=pki-test,o=nowina solutions,cn=external-ca
11:39:10.080 [pool-7-thread-47] INFO eu.europa.esig.dss.spi.x509.TokenIssuerSelector - ISSUER SUBJECT : c=lu,ou=pki-test,o=nowina solutions,cn=external-ca-alternative
11:39:10.080 [pool-7-thread-47] INFO eu.europa.esig.dss.spi.x509.TokenIssuerSelector - The issuer subject name and subject name does not match (more details in debug mode).
11:39:10.080 [pool-7-thread-47] INFO eu.europa.esig.dss.spi.x509.TokenIssuerSelector - CERT ISSUER    : c=lu,ou=pki-test,o=nowina solutions,cn=external-ca
11:39:10.080 [pool-7-thread-47] INFO eu.europa.esig.dss.spi.x509.TokenIssuerSelector - ISSUER SUBJECT : c=lu,ou=pki-test,o=nowina solutions,cn=external-ca-alternative
11:39:10.082 [pool-7-thread-57] INFO eu.europa.esig.dss.spi.x509.TokenIssuerSelector - The issuer subject name and subject name does not match (more details in debug mode).
11:39:10.082 [pool-7-thread-48] WARN eu.europa.esig.dss.spi.x509.TokenIssuerSelector - No issuer found for the token creation date. The process continues with an issuer which has the same public key.
11:39:10.082 [pool-7-thread-57] INFO eu.europa.esig.dss.spi.x509.TokenIssuerSelector - CERT ISSUER    : c=lu,ou=pki-test,o=nowina solutions,cn=external-ca
11:39:10.082 [pool-7-thread-57] INFO eu.europa.esig.dss.spi.x509.TokenIssuerSelector - ISSUER SUBJECT : c=lu,ou=pki-test,o=nowina solutions,cn=external-ca-alternative
11:39:10.082 [pool-7-thread-57] INFO eu.europa.esig.dss.spi.x509.TokenIssuerSelector - The issuer subject name and subject name does not match (more details in debug mode).
11:39:10.082 [pool-7-thread-57] INFO eu.europa.esig.dss.spi.x509.TokenIssuerSelector - CERT ISSUER    : c=lu,ou=pki-test,o=nowina solutions,cn=external-ca
11:39:10.082 [pool-7-thread-57] INFO eu.europa.esig.dss.spi.x509.TokenIssuerSelector - ISSUER SUBJECT : c=lu,ou=pki-test,o=nowina solutions,cn=external-ca-alternative
11:39:10.082 [pool-7-thread-57] INFO eu.europa.esig.dss.spi.x509.TokenIssuerSelector - The issuer subject name and subject name does not match (more details in debug mode).
11:39:10.082 [pool-7-thread-57] INFO eu.europa.esig.dss.spi.x509.TokenIssuerSelector - CERT ISSUER    : c=lu,ou=pki-test,o=nowina solutions,cn=external-ca
11:39:10.082 [pool-7-thread-57] INFO eu.europa.esig.dss.spi.x509.TokenIssuerSelector - ISSUER SUBJECT : c=lu,ou=pki-test,o=nowina solutions,cn=external-ca-alternative
11:39:10.084 [pool-7-thread-48] INFO eu.europa.esig.dss.spi.x509.TokenIssuerSelector - The issuer subject name and subject name does not match (more details in debug mode).
11:39:10.084 [pool-7-thread-48] INFO eu.europa.esig.dss.spi.x509.TokenIssuerSelector - CERT ISSUER    : c=lu,ou=pki-test,o=nowina solutions,cn=external-ca
11:39:10.084 [pool-7-thread-48] INFO eu.europa.esig.dss.spi.x509.TokenIssuerSelector - ISSUER SUBJECT : c=lu,ou=pki-test,o=nowina solutions,cn=external-ca-alternative
11:39:10.084 [pool-7-thread-48] INFO eu.europa.esig.dss.spi.x509.TokenIssuerSelector - The issuer subject name and subject name does not match (more details in debug mode).
11:39:10.084 [pool-7-thread-48] INFO eu.europa.esig.dss.spi.x509.TokenIssuerSelector - CERT ISSUER    : c=lu,ou=pki-test,o=nowina solutions,cn=external-ca
11:39:10.084 [pool-7-thread-48] INFO eu.europa.esig.dss.spi.x509.TokenIssuerSelector - ISSUER SUBJECT : c=lu,ou=pki-test,o=nowina solutions,cn=external-ca-alternative
11:39:10.084 [pool-7-thread-48] INFO eu.europa.esig.dss.spi.x509.TokenIssuerSelector - The issuer subject name and subject name does not match (more details in debug mode).
11:39:10.084 [pool-7-thread-48] INFO eu.europa.esig.dss.spi.x509.TokenIssuerSelector - CERT ISSUER    : c=lu,ou=pki-test,o=nowina solutions,cn=external-ca
11:39:10.084 [pool-7-thread-48] INFO eu.europa.esig.dss.spi.x509.TokenIssuerSelector - ISSUER SUBJECT : c=lu,ou=pki-test,o=nowina solutions,cn=external-ca-alternative
11:39:10.085 [pool-7-thread-57] WARN eu.europa.esig.dss.spi.x509.TokenIssuerSelector - No issuer found for the token creation date. The process continues with an issuer which has the same public key.
11:39:10.086 [pool-7-thread-57] WARN eu.europa.esig.dss.spi.x509.TokenIssuerSelector - No issuer found for the token creation date. The process continues with an issuer which has the same public key.
11:39:10.088 [pool-7-thread-57] INFO eu.europa.esig.dss.spi.x509.TokenIssuerSelector - The issuer subject name and subject name does not match (more details in debug mode).
11:39:10.088 [pool-7-thread-57] INFO eu.europa.esig.dss.spi.x509.TokenIssuerSelector - CERT ISSUER    : c=lu,ou=pki-test,o=nowina solutions,cn=external-ca
11:39:10.088 [pool-7-thread-57] INFO eu.europa.esig.dss.spi.x509.TokenIssuerSelector - ISSUER SUBJECT : c=lu,ou=pki-test,o=nowina solutions,cn=external-ca-alternative
11:39:10.088 [pool-7-thread-57] INFO eu.europa.esig.dss.spi.x509.TokenIssuerSelector - The issuer subject name and subject name does not match (more details in debug mode).
11:39:10.088 [pool-7-thread-57] INFO eu.europa.esig.dss.spi.x509.TokenIssuerSelector - CERT ISSUER    : c=lu,ou=pki-test,o=nowina solutions,cn=external-ca
11:39:10.088 [pool-7-thread-57] INFO eu.europa.esig.dss.spi.x509.TokenIssuerSelector - ISSUER SUBJECT : c=lu,ou=pki-test,o=nowina solutions,cn=external-ca-alternative
11:39:10.088 [pool-7-thread-57] INFO eu.europa.esig.dss.spi.x509.TokenIssuerSelector - The issuer subject name and subject name does not match (more details in debug mode).
11:39:10.088 [pool-7-thread-57] INFO eu.europa.esig.dss.spi.x509.TokenIssuerSelector - CERT ISSUER    : c=lu,ou=pki-test,o=nowina solutions,cn=external-ca
11:39:10.088 [pool-7-thread-57] INFO eu.europa.esig.dss.spi.x509.TokenIssuerSelector - ISSUER SUBJECT : c=lu,ou=pki-test,o=nowina solutions,cn=external-ca-alternative
11:39:10.089 [pool-7-thread-61] INFO eu.europa.esig.dss.spi.x509.TokenIssuerSelector - The issuer subject name and subject name does not match (more details in debug mode).
11:39:10.089 [pool-7-thread-61] INFO eu.europa.esig.dss.spi.x509.TokenIssuerSelector - CERT ISSUER    : c=lu,ou=pki-test,o=nowina solutions,cn=external-ca
11:39:10.089 [pool-7-thread-61] INFO eu.europa.esig.dss.spi.x509.TokenIssuerSelector - ISSUER SUBJECT : c=lu,ou=pki-test,o=nowina solutions,cn=external-ca-alternative
11:39:10.089 [pool-7-thread-61] INFO eu.europa.esig.dss.spi.x509.TokenIssuerSelector - The issuer subject name and subject name does not match (more details in debug mode).
11:39:10.089 [pool-7-thread-61] INFO eu.europa.esig.dss.spi.x509.TokenIssuerSelector - CERT ISSUER    : c=lu,ou=pki-test,o=nowina solutions,cn=external-ca
11:39:10.089 [pool-7-thread-61] INFO eu.europa.esig.dss.spi.x509.TokenIssuerSelector - ISSUER SUBJECT : c=lu,ou=pki-test,o=nowina solutions,cn=external-ca-alternative
11:39:10.089 [pool-7-thread-61] INFO eu.europa.esig.dss.spi.x509.TokenIssuerSelector - The issuer subject name and subject name does not match (more details in debug mode).
11:39:10.089 [pool-7-thread-61] INFO eu.europa.esig.dss.spi.x509.TokenIssuerSelector - CERT ISSUER    : c=lu,ou=pki-test,o=nowina solutions,cn=external-ca
11:39:10.089 [pool-7-thread-61] INFO eu.europa.esig.dss.spi.x509.TokenIssuerSelector - ISSUER SUBJECT : c=lu,ou=pki-test,o=nowina solutions,cn=external-ca-alternative
11:39:10.091 [pool-7-thread-8] WARN eu.europa.esig.dss.spi.x509.TokenIssuerSelector - No issuer found for the token creation date. The process continues with an issuer which has the same public key.
11:39:10.092 [pool-7-thread-8] WARN eu.europa.esig.dss.spi.x509.TokenIssuerSelector - No issuer found for the token creation date. The process continues with an issuer which has the same public key.
11:39:10.096 [pool-7-thread-27] WARN eu.europa.esig.dss.spi.x509.TokenIssuerSelector - No issuer found for the token creation date. The process continues with an issuer which has the same public key.
11:39:10.098 [pool-7-thread-8] INFO eu.europa.esig.dss.spi.x509.TokenIssuerSelector - The issuer subject name and subject name does not match (more details in debug mode).
11:39:10.098 [pool-7-thread-8] INFO eu.europa.esig.dss.spi.x509.TokenIssuerSelector - CERT ISSUER    : c=lu,ou=pki-test,o=nowina solutions,cn=external-ca
11:39:10.098 [pool-7-thread-8] INFO eu.europa.esig.dss.spi.x509.TokenIssuerSelector - ISSUER SUBJECT : c=lu,ou=pki-test,o=nowina solutions,cn=external-ca-alternative
11:39:10.098 [pool-7-thread-8] INFO eu.europa.esig.dss.spi.x509.TokenIssuerSelector - The issuer subject name and subject name does not match (more details in debug mode).
11:39:10.098 [pool-7-thread-8] INFO eu.europa.esig.dss.spi.x509.TokenIssuerSelector - CERT ISSUER    : c=lu,ou=pki-test,o=nowina solutions,cn=external-ca
11:39:10.098 [pool-7-thread-8] INFO eu.europa.esig.dss.spi.x509.TokenIssuerSelector - ISSUER SUBJECT : c=lu,ou=pki-test,o=nowina solutions,cn=external-ca-alternative
11:39:10.098 [pool-7-thread-8] INFO eu.europa.esig.dss.spi.x509.TokenIssuerSelector - The issuer subject name and subject name does not match (more details in debug mode).
11:39:10.098 [pool-7-thread-8] INFO eu.europa.esig.dss.spi.x509.TokenIssuerSelector - CERT ISSUER    : c=lu,ou=pki-test,o=nowina solutions,cn=external-ca
11:39:10.098 [pool-7-thread-8] INFO eu.europa.esig.dss.spi.x509.TokenIssuerSelector - ISSUER SUBJECT : c=lu,ou=pki-test,o=nowina solutions,cn=external-ca-alternative
11:39:10.100 [pool-7-thread-27] INFO eu.europa.esig.dss.spi.x509.TokenIssuerSelector - The issuer subject name and subject name does not match (more details in debug mode).
11:39:10.101 [pool-7-thread-27] INFO eu.europa.esig.dss.spi.x509.TokenIssuerSelector - CERT ISSUER    : c=lu,ou=pki-test,o=nowina solutions,cn=external-ca
11:39:10.101 [pool-7-thread-27] INFO eu.europa.esig.dss.spi.x509.TokenIssuerSelector - ISSUER SUBJECT : c=lu,ou=pki-test,o=nowina solutions,cn=external-ca-alternative
11:39:10.101 [pool-7-thread-27] INFO eu.europa.esig.dss.spi.x509.TokenIssuerSelector - The issuer subject name and subject name does not match (more details in debug mode).
11:39:10.101 [pool-7-thread-27] INFO eu.europa.esig.dss.spi.x509.TokenIssuerSelector - CERT ISSUER    : c=lu,ou=pki-test,o=nowina solutions,cn=external-ca
11:39:10.101 [pool-7-thread-27] INFO eu.europa.esig.dss.spi.x509.TokenIssuerSelector - ISSUER SUBJECT : c=lu,ou=pki-test,o=nowina solutions,cn=external-ca-alternative
11:39:10.101 [pool-7-thread-27] INFO eu.europa.esig.dss.spi.x509.TokenIssuerSelector - The issuer subject name and subject name does not match (more details in debug mode).
11:39:10.101 [pool-7-thread-27] INFO eu.europa.esig.dss.spi.x509.TokenIssuerSelector - CERT ISSUER    : c=lu,ou=pki-test,o=nowina solutions,cn=external-ca
11:39:10.101 [pool-7-thread-27] INFO eu.europa.esig.dss.spi.x509.TokenIssuerSelector - ISSUER SUBJECT : c=lu,ou=pki-test,o=nowina solutions,cn=external-ca-alternative
11:39:10.101 [pool-7-thread-8] WARN eu.europa.esig.dss.spi.x509.TokenIssuerSelector - No issuer found for the token creation date. The process continues with an issuer which has the same public key.
11:39:10.102 [pool-7-thread-12] INFO eu.europa.esig.dss.spi.x509.TokenIssuerSelector - The issuer subject name and subject name does not match (more details in debug mode).
11:39:10.102 [pool-7-thread-8] WARN eu.europa.esig.dss.spi.x509.TokenIssuerSelector - No issuer found for the token creation date. The process continues with an issuer which has the same public key.
11:39:10.102 [pool-7-thread-12] INFO eu.europa.esig.dss.spi.x509.TokenIssuerSelector - CERT ISSUER    : c=lu,ou=pki-test,o=nowina solutions,cn=external-ca
11:39:10.102 [pool-7-thread-12] INFO eu.europa.esig.dss.spi.x509.TokenIssuerSelector - ISSUER SUBJECT : c=lu,ou=pki-test,o=nowina solutions,cn=external-ca-alternative
11:39:10.102 [pool-7-thread-12] INFO eu.europa.esig.dss.spi.x509.TokenIssuerSelector - The issuer subject name and subject name does not match (more details in debug mode).
11:39:10.102 [pool-7-thread-12] INFO eu.europa.esig.dss.spi.x509.TokenIssuerSelector - CERT ISSUER    : c=lu,ou=pki-test,o=nowina solutions,cn=external-ca
11:39:10.102 [pool-7-thread-12] INFO eu.europa.esig.dss.spi.x509.TokenIssuerSelector - ISSUER SUBJECT : c=lu,ou=pki-test,o=nowina solutions,cn=external-ca-alternative
11:39:10.102 [pool-7-thread-12] INFO eu.europa.esig.dss.spi.x509.TokenIssuerSelector - The issuer subject name and subject name does not match (more details in debug mode).
11:39:10.102 [pool-7-thread-12] INFO eu.europa.esig.dss.spi.x509.TokenIssuerSelector - CERT ISSUER    : c=lu,ou=pki-test,o=nowina solutions,cn=external-ca
11:39:10.102 [pool-7-thread-12] INFO eu.europa.esig.dss.spi.x509.TokenIssuerSelector - ISSUER SUBJECT : c=lu,ou=pki-test,o=nowina solutions,cn=external-ca-alternative
11:39:10.103 [pool-7-thread-55] WARN eu.europa.esig.dss.spi.x509.TokenIssuerSelector - No issuer found for the token creation date. The process continues with an issuer which has the same public key.
11:39:10.104 [pool-7-thread-15] INFO eu.europa.esig.dss.spi.x509.TokenIssuerSelector - The issuer subject name and subject name does not match (more details in debug mode).
11:39:10.104 [pool-7-thread-15] INFO eu.europa.esig.dss.spi.x509.TokenIssuerSelector - CERT ISSUER    : c=lu,ou=pki-test,o=nowina solutions,cn=external-ca
11:39:10.104 [pool-7-thread-15] INFO eu.europa.esig.dss.spi.x509.TokenIssuerSelector - ISSUER SUBJECT : c=lu,ou=pki-test,o=nowina solutions,cn=external-ca-alternative
11:39:10.104 [pool-7-thread-15] INFO eu.europa.esig.dss.spi.x509.TokenIssuerSelector - The issuer subject name and subject name does not match (more details in debug mode).
11:39:10.104 [pool-7-thread-15] INFO eu.europa.esig.dss.spi.x509.TokenIssuerSelector - CERT ISSUER    : c=lu,ou=pki-test,o=nowina solutions,cn=external-ca
11:39:10.104 [pool-7-thread-15] INFO eu.europa.esig.dss.spi.x509.TokenIssuerSelector - ISSUER SUBJECT : c=lu,ou=pki-test,o=nowina solutions,cn=external-ca-alternative
11:39:10.104 [pool-7-thread-15] INFO eu.europa.esig.dss.spi.x509.TokenIssuerSelector - The issuer subject name and subject name does not match (more details in debug mode).
11:39:10.104 [pool-7-thread-15] INFO eu.europa.esig.dss.spi.x509.TokenIssuerSelector - CERT ISSUER    : c=lu,ou=pki-test,o=nowina solutions,cn=external-ca
11:39:10.104 [pool-7-thread-15] INFO eu.europa.esig.dss.spi.x509.TokenIssuerSelector - ISSUER SUBJECT : c=lu,ou=pki-test,o=nowina solutions,cn=external-ca-alternative
11:39:10.104 [pool-7-thread-23] WARN eu.europa.esig.dss.spi.x509.TokenIssuerSelector - No issuer found for the token creation date. The process continues with an issuer which has the same public key.
11:39:10.106 [pool-7-thread-49] WARN eu.europa.esig.dss.spi.x509.TokenIssuerSelector - No issuer found for the token creation date. The process continues with an issuer which has the same public key.
11:39:10.106 [pool-7-thread-7] INFO eu.europa.esig.dss.spi.x509.TokenIssuerSelector - The issuer subject name and subject name does not match (more details in debug mode).
11:39:10.106 [pool-7-thread-7] INFO eu.europa.esig.dss.spi.x509.TokenIssuerSelector - CERT ISSUER    : c=lu,ou=pki-test,o=nowina solutions,cn=external-ca
11:39:10.106 [pool-7-thread-7] INFO eu.europa.esig.dss.spi.x509.TokenIssuerSelector - ISSUER SUBJECT : c=lu,ou=pki-test,o=nowina solutions,cn=external-ca-alternative
11:39:10.106 [pool-7-thread-7] INFO eu.europa.esig.dss.spi.x509.TokenIssuerSelector - The issuer subject name and subject name does not match (more details in debug mode).
11:39:10.106 [pool-7-thread-7] INFO eu.europa.esig.dss.spi.x509.TokenIssuerSelector - CERT ISSUER    : c=lu,ou=pki-test,o=nowina solutions,cn=external-ca
11:39:10.106 [pool-7-thread-7] INFO eu.europa.esig.dss.spi.x509.TokenIssuerSelector - ISSUER SUBJECT : c=lu,ou=pki-test,o=nowina solutions,cn=external-ca-alternative
11:39:10.106 [pool-7-thread-7] INFO eu.europa.esig.dss.spi.x509.TokenIssuerSelector - The issuer subject name and subject name does not match (more details in debug mode).
11:39:10.106 [pool-7-thread-7] INFO eu.europa.esig.dss.spi.x509.TokenIssuerSelector - CERT ISSUER    : c=lu,ou=pki-test,o=nowina solutions,cn=external-ca
11:39:10.106 [pool-7-thread-7] INFO eu.europa.esig.dss.spi.x509.TokenIssuerSelector - ISSUER SUBJECT : c=lu,ou=pki-test,o=nowina solutions,cn=external-ca-alternative
11:39:10.107 [pool-7-thread-50] WARN eu.europa.esig.dss.spi.x509.TokenIssuerSelector - No issuer found for the token creation date. The process continues with an issuer which has the same public key.
11:39:10.109 [pool-7-thread-60] WARN eu.europa.esig.dss.spi.x509.TokenIssuerSelector - No issuer found for the token creation date. The process continues with an issuer which has the same public key.
11:39:10.112 [pool-7-thread-54] INFO eu.europa.esig.dss.spi.x509.TokenIssuerSelector - The issuer subject name and subject name does not match (more details in debug mode).
11:39:10.114 [pool-7-thread-54] INFO eu.europa.esig.dss.spi.x509.TokenIssuerSelector - CERT ISSUER    : c=lu,ou=pki-test,o=nowina solutions,cn=external-ca
11:39:10.114 [pool-7-thread-54] INFO eu.europa.esig.dss.spi.x509.TokenIssuerSelector - ISSUER SUBJECT : c=lu,ou=pki-test,o=nowina solutions,cn=external-ca-alternative
11:39:10.114 [pool-7-thread-54] INFO eu.europa.esig.dss.spi.x509.TokenIssuerSelector - The issuer subject name and subject name does not match (more details in debug mode).
11:39:10.114 [pool-7-thread-60] INFO eu.europa.esig.dss.spi.x509.TokenIssuerSelector - The issuer subject name and subject name does not match (more details in debug mode).
11:39:10.114 [pool-7-thread-54] INFO eu.europa.esig.dss.spi.x509.TokenIssuerSelector - CERT ISSUER    : c=lu,ou=pki-test,o=nowina solutions,cn=external-ca
11:39:10.114 [pool-7-thread-60] INFO eu.europa.esig.dss.spi.x509.TokenIssuerSelector - CERT ISSUER    : c=lu,ou=pki-test,o=nowina solutions,cn=external-ca
11:39:10.114 [pool-7-thread-60] INFO eu.europa.esig.dss.spi.x509.TokenIssuerSelector - ISSUER SUBJECT : c=lu,ou=pki-test,o=nowina solutions,cn=external-ca-alternative
11:39:10.114 [pool-7-thread-60] INFO eu.europa.esig.dss.spi.x509.TokenIssuerSelector - The issuer subject name and subject name does not match (more details in debug mode).
11:39:10.114 [pool-7-thread-60] INFO eu.europa.esig.dss.spi.x509.TokenIssuerSelector - CERT ISSUER    : c=lu,ou=pki-test,o=nowina solutions,cn=external-ca
11:39:10.114 [pool-7-thread-60] INFO eu.europa.esig.dss.spi.x509.TokenIssuerSelector - ISSUER SUBJECT : c=lu,ou=pki-test,o=nowina solutions,cn=external-ca-alternative
11:39:10.114 [pool-7-thread-54] INFO eu.europa.esig.dss.spi.x509.TokenIssuerSelector - ISSUER SUBJECT : c=lu,ou=pki-test,o=nowina solutions,cn=external-ca-alternative
11:39:10.114 [pool-7-thread-54] INFO eu.europa.esig.dss.spi.x509.TokenIssuerSelector - The issuer subject name and subject name does not match (more details in debug mode).
11:39:10.114 [pool-7-thread-54] INFO eu.europa.esig.dss.spi.x509.TokenIssuerSelector - CERT ISSUER    : c=lu,ou=pki-test,o=nowina solutions,cn=external-ca
11:39:10.114 [pool-7-thread-54] INFO eu.europa.esig.dss.spi.x509.TokenIssuerSelector - ISSUER SUBJECT : c=lu,ou=pki-test,o=nowina solutions,cn=external-ca-alternative
11:39:10.114 [pool-7-thread-60] INFO eu.europa.esig.dss.spi.x509.TokenIssuerSelector - The issuer subject name and subject name does not match (more details in debug mode).
11:39:10.114 [pool-7-thread-60] INFO eu.europa.esig.dss.spi.x509.TokenIssuerSelector - CERT ISSUER    : c=lu,ou=pki-test,o=nowina solutions,cn=external-ca
11:39:10.114 [pool-7-thread-60] INFO eu.europa.esig.dss.spi.x509.TokenIssuerSelector - ISSUER SUBJECT : c=lu,ou=pki-test,o=nowina solutions,cn=external-ca-alternative
11:39:10.115 [pool-7-thread-19] INFO eu.europa.esig.dss.spi.x509.TokenIssuerSelector - The issuer subject name and subject name does not match (more details in debug mode).
11:39:10.115 [pool-7-thread-19] INFO eu.europa.esig.dss.spi.x509.TokenIssuerSelector - CERT ISSUER    : c=lu,ou=pki-test,o=nowina solutions,cn=external-ca
11:39:10.115 [pool-7-thread-19] INFO eu.europa.esig.dss.spi.x509.TokenIssuerSelector - ISSUER SUBJECT : c=lu,ou=pki-test,o=nowina solutions,cn=external-ca-alternative
11:39:10.115 [pool-7-thread-19] INFO eu.europa.esig.dss.spi.x509.TokenIssuerSelector - The issuer subject name and subject name does not match (more details in debug mode).
11:39:10.115 [pool-7-thread-19] INFO eu.europa.esig.dss.spi.x509.TokenIssuerSelector - CERT ISSUER    : c=lu,ou=pki-test,o=nowina solutions,cn=external-ca
11:39:10.115 [pool-7-thread-19] INFO eu.europa.esig.dss.spi.x509.TokenIssuerSelector - ISSUER SUBJECT : c=lu,ou=pki-test,o=nowina solutions,cn=external-ca-alternative
11:39:10.115 [pool-7-thread-19] INFO eu.europa.esig.dss.spi.x509.TokenIssuerSelector - The issuer subject name and subject name does not match (more details in debug mode).
11:39:10.115 [pool-7-thread-19] INFO eu.europa.esig.dss.spi.x509.TokenIssuerSelector - CERT ISSUER    : c=lu,ou=pki-test,o=nowina solutions,cn=external-ca
11:39:10.115 [pool-7-thread-19] INFO eu.europa.esig.dss.spi.x509.TokenIssuerSelector - ISSUER SUBJECT : c=lu,ou=pki-test,o=nowina solutions,cn=external-ca-alternative
11:39:10.116 [pool-7-thread-37] WARN eu.europa.esig.dss.spi.x509.TokenIssuerSelector - No issuer found for the token creation date. The process continues with an issuer which has the same public key.
11:39:10.117 [pool-7-thread-37] WARN eu.europa.esig.dss.spi.x509.TokenIssuerSelector - No issuer found for the token creation date. The process continues with an issuer which has the same public key.
11:39:10.118 [pool-7-thread-9] INFO eu.europa.esig.dss.spi.x509.TokenIssuerSelector - The issuer subject name and subject name does not match (more details in debug mode).
11:39:10.119 [pool-7-thread-9] INFO eu.europa.esig.dss.spi.x509.TokenIssuerSelector - CERT ISSUER    : c=lu,ou=pki-test,o=nowina solutions,cn=external-ca
11:39:10.119 [pool-7-thread-9] INFO eu.europa.esig.dss.spi.x509.TokenIssuerSelector - ISSUER SUBJECT : c=lu,ou=pki-test,o=nowina solutions,cn=external-ca-alternative
11:39:10.119 [pool-7-thread-9] INFO eu.europa.esig.dss.spi.x509.TokenIssuerSelector - The issuer subject name and subject name does not match (more details in debug mode).
11:39:10.119 [pool-7-thread-9] INFO eu.europa.esig.dss.spi.x509.TokenIssuerSelector - CERT ISSUER    : c=lu,ou=pki-test,o=nowina solutions,cn=external-ca
11:39:10.119 [pool-7-thread-19] WARN eu.europa.esig.dss.spi.x509.TokenIssuerSelector - No issuer found for the token creation date. The process continues with an issuer which has the same public key.
11:39:10.119 [pool-7-thread-9] INFO eu.europa.esig.dss.spi.x509.TokenIssuerSelector - ISSUER SUBJECT : c=lu,ou=pki-test,o=nowina solutions,cn=external-ca-alternative
11:39:10.119 [pool-7-thread-9] INFO eu.europa.esig.dss.spi.x509.TokenIssuerSelector - The issuer subject name and subject name does not match (more details in debug mode).
11:39:10.119 [pool-7-thread-9] INFO eu.europa.esig.dss.spi.x509.TokenIssuerSelector - CERT ISSUER    : c=lu,ou=pki-test,o=nowina solutions,cn=external-ca
11:39:10.119 [pool-7-thread-9] INFO eu.europa.esig.dss.spi.x509.TokenIssuerSelector - ISSUER SUBJECT : c=lu,ou=pki-test,o=nowina solutions,cn=external-ca-alternative
11:39:10.120 [pool-7-thread-62] WARN eu.europa.esig.dss.spi.x509.TokenIssuerSelector - No issuer found for the token creation date. The process continues with an issuer which has the same public key.
11:39:10.121 [pool-7-thread-62] INFO eu.europa.esig.dss.spi.x509.TokenIssuerSelector - The issuer subject name and subject name does not match (more details in debug mode).
11:39:10.121 [pool-7-thread-62] INFO eu.europa.esig.dss.spi.x509.TokenIssuerSelector - CERT ISSUER    : c=lu,ou=pki-test,o=nowina solutions,cn=external-ca
11:39:10.121 [pool-7-thread-62] INFO eu.europa.esig.dss.spi.x509.TokenIssuerSelector - ISSUER SUBJECT : c=lu,ou=pki-test,o=nowina solutions,cn=external-ca-alternative
11:39:10.121 [pool-7-thread-62] INFO eu.europa.esig.dss.spi.x509.TokenIssuerSelector - The issuer subject name and subject name does not match (more details in debug mode).
11:39:10.121 [pool-7-thread-62] INFO eu.europa.esig.dss.spi.x509.TokenIssuerSelector - CERT ISSUER    : c=lu,ou=pki-test,o=nowina solutions,cn=external-ca
11:39:10.121 [pool-7-thread-62] INFO eu.europa.esig.dss.spi.x509.TokenIssuerSelector - ISSUER SUBJECT : c=lu,ou=pki-test,o=nowina solutions,cn=external-ca-alternative
11:39:10.121 [pool-7-thread-62] INFO eu.europa.esig.dss.spi.x509.TokenIssuerSelector - The issuer subject name and subject name does not match (more details in debug mode).
11:39:10.121 [pool-7-thread-62] INFO eu.europa.esig.dss.spi.x509.TokenIssuerSelector - CERT ISSUER    : c=lu,ou=pki-test,o=nowina solutions,cn=external-ca
11:39:10.121 [pool-7-thread-62] INFO eu.europa.esig.dss.spi.x509.TokenIssuerSelector - ISSUER SUBJECT : c=lu,ou=pki-test,o=nowina solutions,cn=external-ca-alternative
11:39:10.122 [pool-7-thread-9] WARN eu.europa.esig.dss.spi.x509.TokenIssuerSelector - No issuer found for the token creation date. The process continues with an issuer which has the same public key.
11:39:10.123 [pool-7-thread-9] WARN eu.europa.esig.dss.spi.x509.TokenIssuerSelector - No issuer found for the token creation date. The process continues with an issuer which has the same public key.
11:39:10.124 [pool-7-thread-62] WARN eu.europa.esig.dss.spi.x509.TokenIssuerSelector - No issuer found for the token creation date. The process continues with an issuer which has the same public key.
11:39:10.126 [pool-7-thread-42] WARN eu.europa.esig.dss.spi.x509.TokenIssuerSelector - No issuer found for the token creation date. The process continues with an issuer which has the same public key.
11:39:10.131 [pool-7-thread-66] INFO eu.europa.esig.dss.spi.x509.TokenIssuerSelector - The issuer subject name and subject name does not match (more details in debug mode).
11:39:10.131 [pool-7-thread-66] INFO eu.europa.esig.dss.spi.x509.TokenIssuerSelector - CERT ISSUER    : c=lu,ou=pki-test,o=nowina solutions,cn=external-ca
11:39:10.131 [pool-7-thread-66] INFO eu.europa.esig.dss.spi.x509.TokenIssuerSelector - ISSUER SUBJECT : c=lu,ou=pki-test,o=nowina solutions,cn=external-ca-alternative
11:39:10.131 [pool-7-thread-66] INFO eu.europa.esig.dss.spi.x509.TokenIssuerSelector - The issuer subject name and subject name does not match (more details in debug mode).
11:39:10.131 [pool-7-thread-66] INFO eu.europa.esig.dss.spi.x509.TokenIssuerSelector - CERT ISSUER    : c=lu,ou=pki-test,o=nowina solutions,cn=external-ca
11:39:10.131 [pool-7-thread-66] INFO eu.europa.esig.dss.spi.x509.TokenIssuerSelector - ISSUER SUBJECT : c=lu,ou=pki-test,o=nowina solutions,cn=external-ca-alternative
11:39:10.131 [pool-7-thread-66] INFO eu.europa.esig.dss.spi.x509.TokenIssuerSelector - The issuer subject name and subject name does not match (more details in debug mode).
11:39:10.131 [pool-7-thread-66] INFO eu.europa.esig.dss.spi.x509.TokenIssuerSelector - CERT ISSUER    : c=lu,ou=pki-test,o=nowina solutions,cn=external-ca
11:39:10.131 [pool-7-thread-66] INFO eu.europa.esig.dss.spi.x509.TokenIssuerSelector - ISSUER SUBJECT : c=lu,ou=pki-test,o=nowina solutions,cn=external-ca-alternative
11:39:10.133 [pool-7-thread-1] WARN eu.europa.esig.dss.spi.x509.TokenIssuerSelector - No issuer found for the token creation date. The process continues with an issuer which has the same public key.
11:39:10.134 [pool-7-thread-78] INFO eu.europa.esig.dss.spi.x509.TokenIssuerSelector - The issuer subject name and subject name does not match (more details in debug mode).
11:39:10.134 [pool-7-thread-1] WARN eu.europa.esig.dss.spi.x509.TokenIssuerSelector - No issuer found for the token creation date. The process continues with an issuer which has the same public key.
11:39:10.134 [pool-7-thread-78] INFO eu.europa.esig.dss.spi.x509.TokenIssuerSelector - CERT ISSUER    : c=lu,ou=pki-test,o=nowina solutions,cn=external-ca
11:39:10.134 [pool-7-thread-78] INFO eu.europa.esig.dss.spi.x509.TokenIssuerSelector - ISSUER SUBJECT : c=lu,ou=pki-test,o=nowina solutions,cn=external-ca-alternative
11:39:10.134 [pool-7-thread-78] INFO eu.europa.esig.dss.spi.x509.TokenIssuerSelector - The issuer subject name and subject name does not match (more details in debug mode).
11:39:10.134 [pool-7-thread-78] INFO eu.europa.esig.dss.spi.x509.TokenIssuerSelector - CERT ISSUER    : c=lu,ou=pki-test,o=nowina solutions,cn=external-ca
11:39:10.134 [pool-7-thread-78] INFO eu.europa.esig.dss.spi.x509.TokenIssuerSelector - ISSUER SUBJECT : c=lu,ou=pki-test,o=nowina solutions,cn=external-ca-alternative
11:39:10.134 [pool-7-thread-78] INFO eu.europa.esig.dss.spi.x509.TokenIssuerSelector - The issuer subject name and subject name does not match (more details in debug mode).
11:39:10.134 [pool-7-thread-78] INFO eu.europa.esig.dss.spi.x509.TokenIssuerSelector - CERT ISSUER    : c=lu,ou=pki-test,o=nowina solutions,cn=external-ca
11:39:10.134 [pool-7-thread-78] INFO eu.europa.esig.dss.spi.x509.TokenIssuerSelector - ISSUER SUBJECT : c=lu,ou=pki-test,o=nowina solutions,cn=external-ca-alternative
11:39:10.135 [pool-7-thread-1] INFO eu.europa.esig.dss.spi.x509.TokenIssuerSelector - The issuer subject name and subject name does not match (more details in debug mode).
11:39:10.135 [pool-7-thread-1] INFO eu.europa.esig.dss.spi.x509.TokenIssuerSelector - CERT ISSUER    : c=lu,ou=pki-test,o=nowina solutions,cn=external-ca
11:39:10.135 [pool-7-thread-1] INFO eu.europa.esig.dss.spi.x509.TokenIssuerSelector - ISSUER SUBJECT : c=lu,ou=pki-test,o=nowina solutions,cn=external-ca-alternative
11:39:10.135 [pool-7-thread-1] INFO eu.europa.esig.dss.spi.x509.TokenIssuerSelector - The issuer subject name and subject name does not match (more details in debug mode).
11:39:10.135 [pool-7-thread-1] INFO eu.europa.esig.dss.spi.x509.TokenIssuerSelector - CERT ISSUER    : c=lu,ou=pki-test,o=nowina solutions,cn=external-ca
11:39:10.135 [pool-7-thread-1] INFO eu.europa.esig.dss.spi.x509.TokenIssuerSelector - ISSUER SUBJECT : c=lu,ou=pki-test,o=nowina solutions,cn=external-ca-alternative
11:39:10.135 [pool-7-thread-1] INFO eu.europa.esig.dss.spi.x509.TokenIssuerSelector - The issuer subject name and subject name does not match (more details in debug mode).
11:39:10.135 [pool-7-thread-1] INFO eu.europa.esig.dss.spi.x509.TokenIssuerSelector - CERT ISSUER    : c=lu,ou=pki-test,o=nowina solutions,cn=external-ca
11:39:10.135 [pool-7-thread-1] INFO eu.europa.esig.dss.spi.x509.TokenIssuerSelector - ISSUER SUBJECT : c=lu,ou=pki-test,o=nowina solutions,cn=external-ca-alternative
11:39:10.140 [pool-7-thread-2] WARN eu.europa.esig.dss.spi.x509.TokenIssuerSelector - No issuer found for the token creation date. The process continues with an issuer which has the same public key.
11:39:10.141 [pool-7-thread-43] INFO eu.europa.esig.dss.spi.x509.TokenIssuerSelector - The issuer subject name and subject name does not match (more details in debug mode).
11:39:10.142 [pool-7-thread-43] INFO eu.europa.esig.dss.spi.x509.TokenIssuerSelector - CERT ISSUER    : c=lu,ou=pki-test,o=nowina solutions,cn=external-ca
11:39:10.142 [pool-7-thread-43] INFO eu.europa.esig.dss.spi.x509.TokenIssuerSelector - ISSUER SUBJECT : c=lu,ou=pki-test,o=nowina solutions,cn=external-ca-alternative
11:39:10.142 [pool-7-thread-43] INFO eu.europa.esig.dss.spi.x509.TokenIssuerSelector - The issuer subject name and subject name does not match (more details in debug mode).
11:39:10.142 [pool-7-thread-43] INFO eu.europa.esig.dss.spi.x509.TokenIssuerSelector - CERT ISSUER    : c=lu,ou=pki-test,o=nowina solutions,cn=external-ca
11:39:10.142 [pool-7-thread-43] INFO eu.europa.esig.dss.spi.x509.TokenIssuerSelector - ISSUER SUBJECT : c=lu,ou=pki-test,o=nowina solutions,cn=external-ca-alternative
11:39:10.142 [pool-7-thread-43] INFO eu.europa.esig.dss.spi.x509.TokenIssuerSelector - The issuer subject name and subject name does not match (more details in debug mode).
11:39:10.142 [pool-7-thread-43] INFO eu.europa.esig.dss.spi.x509.TokenIssuerSelector - CERT ISSUER    : c=lu,ou=pki-test,o=nowina solutions,cn=external-ca
11:39:10.142 [pool-7-thread-43] INFO eu.europa.esig.dss.spi.x509.TokenIssuerSelector - ISSUER SUBJECT : c=lu,ou=pki-test,o=nowina solutions,cn=external-ca-alternative
11:39:10.142 [pool-7-thread-38] WARN eu.europa.esig.dss.spi.x509.TokenIssuerSelector - No issuer found for the token creation date. The process continues with an issuer which has the same public key.
11:39:10.146 [pool-7-thread-16] WARN eu.europa.esig.dss.spi.x509.TokenIssuerSelector - No issuer found for the token creation date. The process continues with an issuer which has the same public key.
11:39:10.146 [pool-7-thread-74] WARN eu.europa.esig.dss.spi.x509.TokenIssuerSelector - No issuer found for the token creation date. The process continues with an issuer which has the same public key.
11:39:10.148 [pool-7-thread-20] WARN eu.europa.esig.dss.spi.x509.TokenIssuerSelector - No issuer found for the token creation date. The process continues with an issuer which has the same public key.
11:39:10.148 [pool-7-thread-65] INFO eu.europa.esig.dss.spi.x509.TokenIssuerSelector - The issuer subject name and subject name does not match (more details in debug mode).
11:39:10.148 [pool-7-thread-65] INFO eu.europa.esig.dss.spi.x509.TokenIssuerSelector - CERT ISSUER    : c=lu,ou=pki-test,o=nowina solutions,cn=external-ca
11:39:10.148 [pool-7-thread-65] INFO eu.europa.esig.dss.spi.x509.TokenIssuerSelector - ISSUER SUBJECT : c=lu,ou=pki-test,o=nowina solutions,cn=external-ca-alternative
11:39:10.149 [pool-7-thread-65] INFO eu.europa.esig.dss.spi.x509.TokenIssuerSelector - The issuer subject name and subject name does not match (more details in debug mode).
11:39:10.149 [pool-7-thread-65] INFO eu.europa.esig.dss.spi.x509.TokenIssuerSelector - CERT ISSUER    : c=lu,ou=pki-test,o=nowina solutions,cn=external-ca
11:39:10.149 [pool-7-thread-65] INFO eu.europa.esig.dss.spi.x509.TokenIssuerSelector - ISSUER SUBJECT : c=lu,ou=pki-test,o=nowina solutions,cn=external-ca-alternative
11:39:10.149 [pool-7-thread-65] INFO eu.europa.esig.dss.spi.x509.TokenIssuerSelector - The issuer subject name and subject name does not match (more details in debug mode).
11:39:10.149 [pool-7-thread-65] INFO eu.europa.esig.dss.spi.x509.TokenIssuerSelector - CERT ISSUER    : c=lu,ou=pki-test,o=nowina solutions,cn=external-ca
11:39:10.149 [pool-7-thread-65] INFO eu.europa.esig.dss.spi.x509.TokenIssuerSelector - ISSUER SUBJECT : c=lu,ou=pki-test,o=nowina solutions,cn=external-ca-alternative
11:39:10.149 [pool-7-thread-70] WARN eu.europa.esig.dss.spi.x509.TokenIssuerSelector - No issuer found for the token creation date. The process continues with an issuer which has the same public key.
11:39:10.152 [pool-7-thread-32] WARN eu.europa.esig.dss.spi.x509.TokenIssuerSelector - No issuer found for the token creation date. The process continues with an issuer which has the same public key.
11:39:10.154 [pool-7-thread-32] WARN eu.europa.esig.dss.spi.x509.TokenIssuerSelector - No issuer found for the token creation date. The process continues with an issuer which has the same public key.
11:39:10.155 [pool-7-thread-32] INFO eu.europa.esig.dss.spi.x509.TokenIssuerSelector - The issuer subject name and subject name does not match (more details in debug mode).
11:39:10.156 [pool-7-thread-32] INFO eu.europa.esig.dss.spi.x509.TokenIssuerSelector - CERT ISSUER    : c=lu,ou=pki-test,o=nowina solutions,cn=external-ca
11:39:10.156 [pool-7-thread-32] INFO eu.europa.esig.dss.spi.x509.TokenIssuerSelector - ISSUER SUBJECT : c=lu,ou=pki-test,o=nowina solutions,cn=external-ca-alternative
11:39:10.156 [pool-7-thread-32] INFO eu.europa.esig.dss.spi.x509.TokenIssuerSelector - The issuer subject name and subject name does not match (more details in debug mode).
11:39:10.156 [pool-7-thread-32] INFO eu.europa.esig.dss.spi.x509.TokenIssuerSelector - CERT ISSUER    : c=lu,ou=pki-test,o=nowina solutions,cn=external-ca
11:39:10.156 [pool-7-thread-32] INFO eu.europa.esig.dss.spi.x509.TokenIssuerSelector - ISSUER SUBJECT : c=lu,ou=pki-test,o=nowina solutions,cn=external-ca-alternative
11:39:10.156 [pool-7-thread-32] INFO eu.europa.esig.dss.spi.x509.TokenIssuerSelector - The issuer subject name and subject name does not match (more details in debug mode).
11:39:10.156 [pool-7-thread-32] INFO eu.europa.esig.dss.spi.x509.TokenIssuerSelector - CERT ISSUER    : c=lu,ou=pki-test,o=nowina solutions,cn=external-ca
11:39:10.156 [pool-7-thread-32] INFO eu.europa.esig.dss.spi.x509.TokenIssuerSelector - ISSUER SUBJECT : c=lu,ou=pki-test,o=nowina solutions,cn=external-ca-alternative
11:39:10.156 [pool-7-thread-87] WARN eu.europa.esig.dss.spi.x509.TokenIssuerSelector - No issuer found for the token creation date. The process continues with an issuer which has the same public key.
11:39:10.157 [pool-7-thread-73] WARN eu.europa.esig.dss.spi.x509.TokenIssuerSelector - No issuer found for the token creation date. The process continues with an issuer which has the same public key.
11:39:10.158 [pool-7-thread-73] INFO eu.europa.esig.dss.spi.x509.TokenIssuerSelector - The issuer subject name and subject name does not match (more details in debug mode).
11:39:10.158 [pool-7-thread-73] INFO eu.europa.esig.dss.spi.x509.TokenIssuerSelector - CERT ISSUER    : c=lu,ou=pki-test,o=nowina solutions,cn=external-ca
11:39:10.158 [pool-7-thread-73] INFO eu.europa.esig.dss.spi.x509.TokenIssuerSelector - ISSUER SUBJECT : c=lu,ou=pki-test,o=nowina solutions,cn=external-ca-alternative
11:39:10.158 [pool-7-thread-73] INFO eu.europa.esig.dss.spi.x509.TokenIssuerSelector - The issuer subject name and subject name does not match (more details in debug mode).
11:39:10.158 [pool-7-thread-73] INFO eu.europa.esig.dss.spi.x509.TokenIssuerSelector - CERT ISSUER    : c=lu,ou=pki-test,o=nowina solutions,cn=external-ca
11:39:10.158 [pool-7-thread-73] INFO eu.europa.esig.dss.spi.x509.TokenIssuerSelector - ISSUER SUBJECT : c=lu,ou=pki-test,o=nowina solutions,cn=external-ca-alternative
11:39:10.158 [pool-7-thread-73] INFO eu.europa.esig.dss.spi.x509.TokenIssuerSelector - The issuer subject name and subject name does not match (more details in debug mode).
11:39:10.158 [pool-7-thread-73] INFO eu.europa.esig.dss.spi.x509.TokenIssuerSelector - CERT ISSUER    : c=lu,ou=pki-test,o=nowina solutions,cn=external-ca
11:39:10.158 [pool-7-thread-73] INFO eu.europa.esig.dss.spi.x509.TokenIssuerSelector - ISSUER SUBJECT : c=lu,ou=pki-test,o=nowina solutions,cn=external-ca-alternative
11:39:10.163 [pool-7-thread-77] INFO eu.europa.esig.dss.spi.x509.TokenIssuerSelector - The issuer subject name and subject name does not match (more details in debug mode).
11:39:10.163 [pool-7-thread-77] INFO eu.europa.esig.dss.spi.x509.TokenIssuerSelector - CERT ISSUER    : c=lu,ou=pki-test,o=nowina solutions,cn=external-ca
11:39:10.163 [pool-7-thread-77] INFO eu.europa.esig.dss.spi.x509.TokenIssuerSelector - ISSUER SUBJECT : c=lu,ou=pki-test,o=nowina solutions,cn=external-ca-alternative
11:39:10.163 [pool-7-thread-77] INFO eu.europa.esig.dss.spi.x509.TokenIssuerSelector - The issuer subject name and subject name does not match (more details in debug mode).
11:39:10.163 [pool-7-thread-77] INFO eu.europa.esig.dss.spi.x509.TokenIssuerSelector - CERT ISSUER    : c=lu,ou=pki-test,o=nowina solutions,cn=external-ca
11:39:10.163 [pool-7-thread-77] INFO eu.europa.esig.dss.spi.x509.TokenIssuerSelector - ISSUER SUBJECT : c=lu,ou=pki-test,o=nowina solutions,cn=external-ca-alternative
11:39:10.164 [pool-7-thread-77] INFO eu.europa.esig.dss.spi.x509.TokenIssuerSelector - The issuer subject name and subject name does not match (more details in debug mode).
11:39:10.164 [pool-7-thread-77] INFO eu.europa.esig.dss.spi.x509.TokenIssuerSelector - CERT ISSUER    : c=lu,ou=pki-test,o=nowina solutions,cn=external-ca
11:39:10.164 [pool-7-thread-77] INFO eu.europa.esig.dss.spi.x509.TokenIssuerSelector - ISSUER SUBJECT : c=lu,ou=pki-test,o=nowina solutions,cn=external-ca-alternative
11:39:10.164 [pool-7-thread-41] WARN eu.europa.esig.dss.spi.x509.TokenIssuerSelector - No issuer found for the token creation date. The process continues with an issuer which has the same public key.
11:39:10.166 [pool-7-thread-41] INFO eu.europa.esig.dss.spi.x509.TokenIssuerSelector - The issuer subject name and subject name does not match (more details in debug mode).
11:39:10.166 [pool-7-thread-41] INFO eu.europa.esig.dss.spi.x509.TokenIssuerSelector - CERT ISSUER    : c=lu,ou=pki-test,o=nowina solutions,cn=external-ca
11:39:10.166 [pool-7-thread-41] INFO eu.europa.esig.dss.spi.x509.TokenIssuerSelector - ISSUER SUBJECT : c=lu,ou=pki-test,o=nowina solutions,cn=external-ca-alternative
11:39:10.166 [pool-7-thread-41] INFO eu.europa.esig.dss.spi.x509.TokenIssuerSelector - The issuer subject name and subject name does not match (more details in debug mode).
11:39:10.166 [pool-7-thread-41] INFO eu.europa.esig.dss.spi.x509.TokenIssuerSelector - CERT ISSUER    : c=lu,ou=pki-test,o=nowina solutions,cn=external-ca
11:39:10.166 [pool-7-thread-41] INFO eu.europa.esig.dss.spi.x509.TokenIssuerSelector - ISSUER SUBJECT : c=lu,ou=pki-test,o=nowina solutions,cn=external-ca-alternative
11:39:10.166 [pool-7-thread-41] INFO eu.europa.esig.dss.spi.x509.TokenIssuerSelector - The issuer subject name and subject name does not match (more details in debug mode).
11:39:10.166 [pool-7-thread-41] INFO eu.europa.esig.dss.spi.x509.TokenIssuerSelector - CERT ISSUER    : c=lu,ou=pki-test,o=nowina solutions,cn=external-ca
11:39:10.166 [pool-7-thread-41] INFO eu.europa.esig.dss.spi.x509.TokenIssuerSelector - ISSUER SUBJECT : c=lu,ou=pki-test,o=nowina solutions,cn=external-ca-alternative
11:39:10.167 [pool-7-thread-69] INFO eu.europa.esig.dss.spi.x509.TokenIssuerSelector - The issuer subject name and subject name does not match (more details in debug mode).
11:39:10.167 [pool-7-thread-69] INFO eu.europa.esig.dss.spi.x509.TokenIssuerSelector - CERT ISSUER    : c=lu,ou=pki-test,o=nowina solutions,cn=external-ca
11:39:10.167 [pool-7-thread-69] INFO eu.europa.esig.dss.spi.x509.TokenIssuerSelector - ISSUER SUBJECT : c=lu,ou=pki-test,o=nowina solutions,cn=external-ca-alternative
11:39:10.167 [pool-7-thread-69] INFO eu.europa.esig.dss.spi.x509.TokenIssuerSelector - The issuer subject name and subject name does not match (more details in debug mode).
11:39:10.167 [pool-7-thread-69] INFO eu.europa.esig.dss.spi.x509.TokenIssuerSelector - CERT ISSUER    : c=lu,ou=pki-test,o=nowina solutions,cn=external-ca
11:39:10.167 [pool-7-thread-69] INFO eu.europa.esig.dss.spi.x509.TokenIssuerSelector - ISSUER SUBJECT : c=lu,ou=pki-test,o=nowina solutions,cn=external-ca-alternative
11:39:10.167 [pool-7-thread-69] INFO eu.europa.esig.dss.spi.x509.TokenIssuerSelector - The issuer subject name and subject name does not match (more details in debug mode).
11:39:10.167 [pool-7-thread-69] INFO eu.europa.esig.dss.spi.x509.TokenIssuerSelector - CERT ISSUER    : c=lu,ou=pki-test,o=nowina solutions,cn=external-ca
11:39:10.167 [pool-7-thread-69] INFO eu.europa.esig.dss.spi.x509.TokenIssuerSelector - ISSUER SUBJECT : c=lu,ou=pki-test,o=nowina solutions,cn=external-ca-alternative
11:39:10.169 [pool-7-thread-77] WARN eu.europa.esig.dss.spi.x509.TokenIssuerSelector - No issuer found for the token creation date. The process continues with an issuer which has the same public key.
11:39:10.170 [pool-7-thread-69] WARN eu.europa.esig.dss.spi.x509.TokenIssuerSelector - No issuer found for the token creation date. The process continues with an issuer which has the same public key.
11:39:10.172 [pool-7-thread-86] WARN eu.europa.esig.dss.spi.x509.TokenIssuerSelector - No issuer found for the token creation date. The process continues with an issuer which has the same public key.
11:39:10.172 [pool-7-thread-34] INFO eu.europa.esig.dss.spi.x509.TokenIssuerSelector - The issuer subject name and subject name does not match (more details in debug mode).
11:39:10.172 [pool-7-thread-34] INFO eu.europa.esig.dss.spi.x509.TokenIssuerSelector - CERT ISSUER    : c=lu,ou=pki-test,o=nowina solutions,cn=external-ca
11:39:10.172 [pool-7-thread-34] INFO eu.europa.esig.dss.spi.x509.TokenIssuerSelector - ISSUER SUBJECT : c=lu,ou=pki-test,o=nowina solutions,cn=external-ca-alternative
11:39:10.172 [pool-7-thread-34] INFO eu.europa.esig.dss.spi.x509.TokenIssuerSelector - The issuer subject name and subject name does not match (more details in debug mode).
11:39:10.172 [pool-7-thread-34] INFO eu.europa.esig.dss.spi.x509.TokenIssuerSelector - CERT ISSUER    : c=lu,ou=pki-test,o=nowina solutions,cn=external-ca
11:39:10.172 [pool-7-thread-34] INFO eu.europa.esig.dss.spi.x509.TokenIssuerSelector - ISSUER SUBJECT : c=lu,ou=pki-test,o=nowina solutions,cn=external-ca-alternative
11:39:10.172 [pool-7-thread-34] INFO eu.europa.esig.dss.spi.x509.TokenIssuerSelector - The issuer subject name and subject name does not match (more details in debug mode).
11:39:10.172 [pool-7-thread-34] INFO eu.europa.esig.dss.spi.x509.TokenIssuerSelector - CERT ISSUER    : c=lu,ou=pki-test,o=nowina solutions,cn=external-ca
11:39:10.172 [pool-7-thread-34] INFO eu.europa.esig.dss.spi.x509.TokenIssuerSelector - ISSUER SUBJECT : c=lu,ou=pki-test,o=nowina solutions,cn=external-ca-alternative
11:39:10.173 [pool-7-thread-98] WARN eu.europa.esig.dss.spi.x509.TokenIssuerSelector - No issuer found for the token creation date. The process continues with an issuer which has the same public key.
11:39:10.174 [pool-7-thread-84] WARN eu.europa.esig.dss.spi.x509.TokenIssuerSelector - No issuer found for the token creation date. The process continues with an issuer which has the same public key.
11:39:10.175 [pool-7-thread-5] WARN eu.europa.esig.dss.spi.x509.TokenIssuerSelector - No issuer found for the token creation date. The process continues with an issuer which has the same public key.
11:39:10.177 [pool-7-thread-45] WARN eu.europa.esig.dss.spi.x509.TokenIssuerSelector - No issuer found for the token creation date. The process continues with an issuer which has the same public key.
11:39:10.180 [pool-7-thread-64] INFO eu.europa.esig.dss.spi.x509.TokenIssuerSelector - The issuer subject name and subject name does not match (more details in debug mode).
11:39:10.180 [pool-7-thread-64] INFO eu.europa.esig.dss.spi.x509.TokenIssuerSelector - CERT ISSUER    : c=lu,ou=pki-test,o=nowina solutions,cn=external-ca
11:39:10.180 [pool-7-thread-64] INFO eu.europa.esig.dss.spi.x509.TokenIssuerSelector - ISSUER SUBJECT : c=lu,ou=pki-test,o=nowina solutions,cn=external-ca-alternative
11:39:10.180 [pool-7-thread-64] INFO eu.europa.esig.dss.spi.x509.TokenIssuerSelector - The issuer subject name and subject name does not match (more details in debug mode).
11:39:10.180 [pool-7-thread-64] INFO eu.europa.esig.dss.spi.x509.TokenIssuerSelector - CERT ISSUER    : c=lu,ou=pki-test,o=nowina solutions,cn=external-ca
11:39:10.180 [pool-7-thread-64] INFO eu.europa.esig.dss.spi.x509.TokenIssuerSelector - ISSUER SUBJECT : c=lu,ou=pki-test,o=nowina solutions,cn=external-ca-alternative
11:39:10.180 [pool-7-thread-64] INFO eu.europa.esig.dss.spi.x509.TokenIssuerSelector - The issuer subject name and subject name does not match (more details in debug mode).
11:39:10.180 [pool-7-thread-64] INFO eu.europa.esig.dss.spi.x509.TokenIssuerSelector - CERT ISSUER    : c=lu,ou=pki-test,o=nowina solutions,cn=external-ca
11:39:10.180 [pool-7-thread-64] INFO eu.europa.esig.dss.spi.x509.TokenIssuerSelector - ISSUER SUBJECT : c=lu,ou=pki-test,o=nowina solutions,cn=external-ca-alternative
11:39:10.181 [pool-7-thread-90] WARN eu.europa.esig.dss.spi.x509.TokenIssuerSelector - No issuer found for the token creation date. The process continues with an issuer which has the same public key.
11:39:10.182 [pool-7-thread-90] WARN eu.europa.esig.dss.spi.x509.TokenIssuerSelector - No issuer found for the token creation date. The process continues with an issuer which has the same public key.
11:39:10.183 [pool-7-thread-90] INFO eu.europa.esig.dss.spi.x509.TokenIssuerSelector - The issuer subject name and subject name does not match (more details in debug mode).
11:39:10.183 [pool-7-thread-90] INFO eu.europa.esig.dss.spi.x509.TokenIssuerSelector - CERT ISSUER    : c=lu,ou=pki-test,o=nowina solutions,cn=external-ca
11:39:10.183 [pool-7-thread-90] INFO eu.europa.esig.dss.spi.x509.TokenIssuerSelector - ISSUER SUBJECT : c=lu,ou=pki-test,o=nowina solutions,cn=external-ca-alternative
11:39:10.184 [pool-7-thread-90] INFO eu.europa.esig.dss.spi.x509.TokenIssuerSelector - The issuer subject name and subject name does not match (more details in debug mode).
11:39:10.184 [pool-7-thread-90] INFO eu.europa.esig.dss.spi.x509.TokenIssuerSelector - CERT ISSUER    : c=lu,ou=pki-test,o=nowina solutions,cn=external-ca
11:39:10.184 [pool-7-thread-90] INFO eu.europa.esig.dss.spi.x509.TokenIssuerSelector - ISSUER SUBJECT : c=lu,ou=pki-test,o=nowina solutions,cn=external-ca-alternative
11:39:10.184 [pool-7-thread-90] INFO eu.europa.esig.dss.spi.x509.TokenIssuerSelector - The issuer subject name and subject name does not match (more details in debug mode).
11:39:10.184 [pool-7-thread-90] INFO eu.europa.esig.dss.spi.x509.TokenIssuerSelector - CERT ISSUER    : c=lu,ou=pki-test,o=nowina solutions,cn=external-ca
11:39:10.184 [pool-7-thread-90] INFO eu.europa.esig.dss.spi.x509.TokenIssuerSelector - ISSUER SUBJECT : c=lu,ou=pki-test,o=nowina solutions,cn=external-ca-alternative
11:39:10.184 [pool-7-thread-22] WARN eu.europa.esig.dss.spi.x509.TokenIssuerSelector - No issuer found for the token creation date. The process continues with an issuer which has the same public key.
11:39:10.186 [pool-7-thread-22] WARN eu.europa.esig.dss.spi.x509.TokenIssuerSelector - No issuer found for the token creation date. The process continues with an issuer which has the same public key.
11:39:10.188 [pool-7-thread-22] INFO eu.europa.esig.dss.spi.x509.TokenIssuerSelector - The issuer subject name and subject name does not match (more details in debug mode).
11:39:10.188 [pool-7-thread-22] INFO eu.europa.esig.dss.spi.x509.TokenIssuerSelector - CERT ISSUER    : c=lu,ou=pki-test,o=nowina solutions,cn=external-ca
11:39:10.188 [pool-7-thread-22] INFO eu.europa.esig.dss.spi.x509.TokenIssuerSelector - ISSUER SUBJECT : c=lu,ou=pki-test,o=nowina solutions,cn=external-ca-alternative
11:39:10.188 [pool-7-thread-22] INFO eu.europa.esig.dss.spi.x509.TokenIssuerSelector - The issuer subject name and subject name does not match (more details in debug mode).
11:39:10.188 [pool-7-thread-22] INFO eu.europa.esig.dss.spi.x509.TokenIssuerSelector - CERT ISSUER    : c=lu,ou=pki-test,o=nowina solutions,cn=external-ca
11:39:10.188 [pool-7-thread-22] INFO eu.europa.esig.dss.spi.x509.TokenIssuerSelector - ISSUER SUBJECT : c=lu,ou=pki-test,o=nowina solutions,cn=external-ca-alternative
11:39:10.188 [pool-7-thread-22] INFO eu.europa.esig.dss.spi.x509.TokenIssuerSelector - The issuer subject name and subject name does not match (more details in debug mode).
11:39:10.188 [pool-7-thread-22] INFO eu.europa.esig.dss.spi.x509.TokenIssuerSelector - CERT ISSUER    : c=lu,ou=pki-test,o=nowina solutions,cn=external-ca
11:39:10.188 [pool-7-thread-22] INFO eu.europa.esig.dss.spi.x509.TokenIssuerSelector - ISSUER SUBJECT : c=lu,ou=pki-test,o=nowina solutions,cn=external-ca-alternative
11:39:10.189 [pool-7-thread-18] WARN eu.europa.esig.dss.spi.x509.TokenIssuerSelector - No issuer found for the token creation date. The process continues with an issuer which has the same public key.
11:39:10.190 [pool-7-thread-18] WARN eu.europa.esig.dss.spi.x509.TokenIssuerSelector - No issuer found for the token creation date. The process continues with an issuer which has the same public key.
11:39:10.191 [pool-7-thread-81] WARN eu.europa.esig.dss.spi.x509.TokenIssuerSelector - No issuer found for the token creation date. The process continues with an issuer which has the same public key.
11:39:10.191 [pool-7-thread-80] WARN eu.europa.esig.dss.spi.x509.TokenIssuerSelector - No issuer found for the token creation date. The process continues with an issuer which has the same public key.
11:39:10.194 [pool-7-thread-39] INFO eu.europa.esig.dss.spi.x509.TokenIssuerSelector - The issuer subject name and subject name does not match (more details in debug mode).
11:39:10.194 [pool-7-thread-39] INFO eu.europa.esig.dss.spi.x509.TokenIssuerSelector - CERT ISSUER    : c=lu,ou=pki-test,o=nowina solutions,cn=external-ca
11:39:10.194 [pool-7-thread-68] WARN eu.europa.esig.dss.spi.x509.TokenIssuerSelector - No issuer found for the token creation date. The process continues with an issuer which has the same public key.
11:39:10.194 [pool-7-thread-39] INFO eu.europa.esig.dss.spi.x509.TokenIssuerSelector - ISSUER SUBJECT : c=lu,ou=pki-test,o=nowina solutions,cn=external-ca-alternative
11:39:10.194 [pool-7-thread-39] INFO eu.europa.esig.dss.spi.x509.TokenIssuerSelector - The issuer subject name and subject name does not match (more details in debug mode).
11:39:10.194 [pool-7-thread-39] INFO eu.europa.esig.dss.spi.x509.TokenIssuerSelector - CERT ISSUER    : c=lu,ou=pki-test,o=nowina solutions,cn=external-ca
11:39:10.194 [pool-7-thread-39] INFO eu.europa.esig.dss.spi.x509.TokenIssuerSelector - ISSUER SUBJECT : c=lu,ou=pki-test,o=nowina solutions,cn=external-ca-alternative
11:39:10.194 [pool-7-thread-39] INFO eu.europa.esig.dss.spi.x509.TokenIssuerSelector - The issuer subject name and subject name does not match (more details in debug mode).
11:39:10.194 [pool-7-thread-39] INFO eu.europa.esig.dss.spi.x509.TokenIssuerSelector - CERT ISSUER    : c=lu,ou=pki-test,o=nowina solutions,cn=external-ca
11:39:10.194 [pool-7-thread-39] INFO eu.europa.esig.dss.spi.x509.TokenIssuerSelector - ISSUER SUBJECT : c=lu,ou=pki-test,o=nowina solutions,cn=external-ca-alternative
11:39:10.196 [pool-7-thread-71] INFO eu.europa.esig.dss.spi.x509.TokenIssuerSelector - The issuer subject name and subject name does not match (more details in debug mode).
11:39:10.196 [pool-7-thread-71] INFO eu.europa.esig.dss.spi.x509.TokenIssuerSelector - CERT ISSUER    : c=lu,ou=pki-test,o=nowina solutions,cn=external-ca
11:39:10.196 [pool-7-thread-71] INFO eu.europa.esig.dss.spi.x509.TokenIssuerSelector - ISSUER SUBJECT : c=lu,ou=pki-test,o=nowina solutions,cn=external-ca-alternative
11:39:10.196 [pool-7-thread-71] INFO eu.europa.esig.dss.spi.x509.TokenIssuerSelector - The issuer subject name and subject name does not match (more details in debug mode).
11:39:10.196 [pool-7-thread-71] INFO eu.europa.esig.dss.spi.x509.TokenIssuerSelector - CERT ISSUER    : c=lu,ou=pki-test,o=nowina solutions,cn=external-ca
11:39:10.196 [pool-7-thread-71] INFO eu.europa.esig.dss.spi.x509.TokenIssuerSelector - ISSUER SUBJECT : c=lu,ou=pki-test,o=nowina solutions,cn=external-ca-alternative
11:39:10.196 [pool-7-thread-71] INFO eu.europa.esig.dss.spi.x509.TokenIssuerSelector - The issuer subject name and subject name does not match (more details in debug mode).
11:39:10.196 [pool-7-thread-71] INFO eu.europa.esig.dss.spi.x509.TokenIssuerSelector - CERT ISSUER    : c=lu,ou=pki-test,o=nowina solutions,cn=external-ca
11:39:10.196 [pool-7-thread-71] INFO eu.europa.esig.dss.spi.x509.TokenIssuerSelector - ISSUER SUBJECT : c=lu,ou=pki-test,o=nowina solutions,cn=external-ca-alternative
11:39:10.197 [pool-7-thread-39] WARN eu.europa.esig.dss.spi.x509.TokenIssuerSelector - No issuer found for the token creation date. The process continues with an issuer which has the same public key.
11:39:10.198 [pool-7-thread-39] WARN eu.europa.esig.dss.spi.x509.TokenIssuerSelector - No issuer found for the token creation date. The process continues with an issuer which has the same public key.
11:39:10.199 [pool-7-thread-67] INFO eu.europa.esig.dss.spi.x509.TokenIssuerSelector - The issuer subject name and subject name does not match (more details in debug mode).
11:39:10.199 [pool-7-thread-67] INFO eu.europa.esig.dss.spi.x509.TokenIssuerSelector - CERT ISSUER    : c=lu,ou=pki-test,o=nowina solutions,cn=external-ca
11:39:10.199 [pool-7-thread-67] INFO eu.europa.esig.dss.spi.x509.TokenIssuerSelector - ISSUER SUBJECT : c=lu,ou=pki-test,o=nowina solutions,cn=external-ca-alternative
11:39:10.200 [pool-7-thread-67] INFO eu.europa.esig.dss.spi.x509.TokenIssuerSelector - The issuer subject name and subject name does not match (more details in debug mode).
11:39:10.200 [pool-7-thread-67] INFO eu.europa.esig.dss.spi.x509.TokenIssuerSelector - CERT ISSUER    : c=lu,ou=pki-test,o=nowina solutions,cn=external-ca
11:39:10.200 [pool-7-thread-67] INFO eu.europa.esig.dss.spi.x509.TokenIssuerSelector - ISSUER SUBJECT : c=lu,ou=pki-test,o=nowina solutions,cn=external-ca-alternative
11:39:10.200 [pool-7-thread-39] INFO eu.europa.esig.dss.spi.x509.TokenIssuerSelector - The issuer subject name and subject name does not match (more details in debug mode).
11:39:10.201 [pool-7-thread-39] INFO eu.europa.esig.dss.spi.x509.TokenIssuerSelector - CERT ISSUER    : c=lu,ou=pki-test,o=nowina solutions,cn=external-ca
11:39:10.201 [pool-7-thread-39] INFO eu.europa.esig.dss.spi.x509.TokenIssuerSelector - ISSUER SUBJECT : c=lu,ou=pki-test,o=nowina solutions,cn=external-ca-alternative
11:39:10.201 [pool-7-thread-75] WARN eu.europa.esig.dss.spi.x509.TokenIssuerSelector - No issuer found for the token creation date. The process continues with an issuer which has the same public key.
11:39:10.201 [pool-7-thread-39] INFO eu.europa.esig.dss.spi.x509.TokenIssuerSelector - The issuer subject name and subject name does not match (more details in debug mode).
11:39:10.201 [pool-7-thread-39] INFO eu.europa.esig.dss.spi.x509.TokenIssuerSelector - CERT ISSUER    : c=lu,ou=pki-test,o=nowina solutions,cn=external-ca
11:39:10.201 [pool-7-thread-39] INFO eu.europa.esig.dss.spi.x509.TokenIssuerSelector - ISSUER SUBJECT : c=lu,ou=pki-test,o=nowina solutions,cn=external-ca-alternative
11:39:10.201 [pool-7-thread-39] INFO eu.europa.esig.dss.spi.x509.TokenIssuerSelector - The issuer subject name and subject name does not match (more details in debug mode).
11:39:10.201 [pool-7-thread-39] INFO eu.europa.esig.dss.spi.x509.TokenIssuerSelector - CERT ISSUER    : c=lu,ou=pki-test,o=nowina solutions,cn=external-ca
11:39:10.201 [pool-7-thread-39] INFO eu.europa.esig.dss.spi.x509.TokenIssuerSelector - ISSUER SUBJECT : c=lu,ou=pki-test,o=nowina solutions,cn=external-ca-alternative
11:39:10.201 [pool-7-thread-67] INFO eu.europa.esig.dss.spi.x509.TokenIssuerSelector - The issuer subject name and subject name does not match (more details in debug mode).
11:39:10.201 [pool-7-thread-67] INFO eu.europa.esig.dss.spi.x509.TokenIssuerSelector - CERT ISSUER    : c=lu,ou=pki-test,o=nowina solutions,cn=external-ca
11:39:10.201 [pool-7-thread-67] INFO eu.europa.esig.dss.spi.x509.TokenIssuerSelector - ISSUER SUBJECT : c=lu,ou=pki-test,o=nowina solutions,cn=external-ca-alternative
11:39:10.201 [pool-7-thread-75] WARN eu.europa.esig.dss.spi.x509.TokenIssuerSelector - No issuer found for the token creation date. The process continues with an issuer which has the same public key.
11:39:10.202 [pool-7-thread-63] WARN eu.europa.esig.dss.spi.x509.TokenIssuerSelector - No issuer found for the token creation date. The process continues with an issuer which has the same public key.
11:39:10.204 [pool-7-thread-63] INFO eu.europa.esig.dss.spi.x509.TokenIssuerSelector - The issuer subject name and subject name does not match (more details in debug mode).
11:39:10.204 [pool-7-thread-63] INFO eu.europa.esig.dss.spi.x509.TokenIssuerSelector - CERT ISSUER    : c=lu,ou=pki-test,o=nowina solutions,cn=external-ca
11:39:10.204 [pool-7-thread-63] INFO eu.europa.esig.dss.spi.x509.TokenIssuerSelector - ISSUER SUBJECT : c=lu,ou=pki-test,o=nowina solutions,cn=external-ca-alternative
11:39:10.204 [pool-7-thread-63] INFO eu.europa.esig.dss.spi.x509.TokenIssuerSelector - The issuer subject name and subject name does not match (more details in debug mode).
11:39:10.204 [pool-7-thread-63] INFO eu.europa.esig.dss.spi.x509.TokenIssuerSelector - CERT ISSUER    : c=lu,ou=pki-test,o=nowina solutions,cn=external-ca
11:39:10.204 [pool-7-thread-63] INFO eu.europa.esig.dss.spi.x509.TokenIssuerSelector - ISSUER SUBJECT : c=lu,ou=pki-test,o=nowina solutions,cn=external-ca-alternative
11:39:10.204 [pool-7-thread-63] INFO eu.europa.esig.dss.spi.x509.TokenIssuerSelector - The issuer subject name and subject name does not match (more details in debug mode).
11:39:10.204 [pool-7-thread-63] INFO eu.europa.esig.dss.spi.x509.TokenIssuerSelector - CERT ISSUER    : c=lu,ou=pki-test,o=nowina solutions,cn=external-ca
11:39:10.204 [pool-7-thread-63] INFO eu.europa.esig.dss.spi.x509.TokenIssuerSelector - ISSUER SUBJECT : c=lu,ou=pki-test,o=nowina solutions,cn=external-ca-alternative
11:39:10.204 [pool-7-thread-67] WARN eu.europa.esig.dss.spi.x509.TokenIssuerSelector - No issuer found for the token creation date. The process continues with an issuer which has the same public key.
11:39:10.206 [pool-7-thread-67] WARN eu.europa.esig.dss.spi.x509.TokenIssuerSelector - No issuer found for the token creation date. The process continues with an issuer which has the same public key.
11:39:10.206 [pool-7-thread-72] WARN eu.europa.esig.dss.spi.x509.TokenIssuerSelector - No issuer found for the token creation date. The process continues with an issuer which has the same public key.
11:39:10.207 [pool-7-thread-72] INFO eu.europa.esig.dss.spi.x509.TokenIssuerSelector - The issuer subject name and subject name does not match (more details in debug mode).
11:39:10.207 [pool-7-thread-72] INFO eu.europa.esig.dss.spi.x509.TokenIssuerSelector - CERT ISSUER    : c=lu,ou=pki-test,o=nowina solutions,cn=external-ca
11:39:10.207 [pool-7-thread-72] INFO eu.europa.esig.dss.spi.x509.TokenIssuerSelector - ISSUER SUBJECT : c=lu,ou=pki-test,o=nowina solutions,cn=external-ca-alternative
11:39:10.207 [pool-7-thread-72] INFO eu.europa.esig.dss.spi.x509.TokenIssuerSelector - The issuer subject name and subject name does not match (more details in debug mode).
11:39:10.207 [pool-7-thread-72] INFO eu.europa.esig.dss.spi.x509.TokenIssuerSelector - CERT ISSUER    : c=lu,ou=pki-test,o=nowina solutions,cn=external-ca
11:39:10.207 [pool-7-thread-72] INFO eu.europa.esig.dss.spi.x509.TokenIssuerSelector - ISSUER SUBJECT : c=lu,ou=pki-test,o=nowina solutions,cn=external-ca-alternative
11:39:10.207 [pool-7-thread-72] INFO eu.europa.esig.dss.spi.x509.TokenIssuerSelector - The issuer subject name and subject name does not match (more details in debug mode).
11:39:10.207 [pool-7-thread-72] INFO eu.europa.esig.dss.spi.x509.TokenIssuerSelector - CERT ISSUER    : c=lu,ou=pki-test,o=nowina solutions,cn=external-ca
11:39:10.207 [pool-7-thread-72] INFO eu.europa.esig.dss.spi.x509.TokenIssuerSelector - ISSUER SUBJECT : c=lu,ou=pki-test,o=nowina solutions,cn=external-ca-alternative
11:39:10.207 [pool-7-thread-83] WARN eu.europa.esig.dss.spi.x509.TokenIssuerSelector - No issuer found for the token creation date. The process continues with an issuer which has the same public key.
11:39:10.208 [pool-7-thread-44] WARN eu.europa.esig.dss.spi.x509.TokenIssuerSelector - No issuer found for the token creation date. The process continues with an issuer which has the same public key.
11:39:10.211 [pool-7-thread-44] INFO eu.europa.esig.dss.spi.x509.TokenIssuerSelector - The issuer subject name and subject name does not match (more details in debug mode).
11:39:10.211 [pool-7-thread-44] INFO eu.europa.esig.dss.spi.x509.TokenIssuerSelector - CERT ISSUER    : c=lu,ou=pki-test,o=nowina solutions,cn=external-ca
11:39:10.211 [pool-7-thread-44] INFO eu.europa.esig.dss.spi.x509.TokenIssuerSelector - ISSUER SUBJECT : c=lu,ou=pki-test,o=nowina solutions,cn=external-ca-alternative
11:39:10.211 [pool-7-thread-44] INFO eu.europa.esig.dss.spi.x509.TokenIssuerSelector - The issuer subject name and subject name does not match (more details in debug mode).
11:39:10.211 [pool-7-thread-44] INFO eu.europa.esig.dss.spi.x509.TokenIssuerSelector - CERT ISSUER    : c=lu,ou=pki-test,o=nowina solutions,cn=external-ca
11:39:10.211 [pool-7-thread-44] INFO eu.europa.esig.dss.spi.x509.TokenIssuerSelector - ISSUER SUBJECT : c=lu,ou=pki-test,o=nowina solutions,cn=external-ca-alternative
11:39:10.211 [pool-7-thread-44] INFO eu.europa.esig.dss.spi.x509.TokenIssuerSelector - The issuer subject name and subject name does not match (more details in debug mode).
11:39:10.211 [pool-7-thread-44] INFO eu.europa.esig.dss.spi.x509.TokenIssuerSelector - CERT ISSUER    : c=lu,ou=pki-test,o=nowina solutions,cn=external-ca
11:39:10.211 [pool-7-thread-44] INFO eu.europa.esig.dss.spi.x509.TokenIssuerSelector - ISSUER SUBJECT : c=lu,ou=pki-test,o=nowina solutions,cn=external-ca-alternative
11:39:10.211 [pool-7-thread-72] WARN eu.europa.esig.dss.spi.x509.TokenIssuerSelector - No issuer found for the token creation date. The process continues with an issuer which has the same public key.
11:39:10.212 [pool-7-thread-72] WARN eu.europa.esig.dss.spi.x509.TokenIssuerSelector - No issuer found for the token creation date. The process continues with an issuer which has the same public key.
11:39:10.215 [pool-7-thread-100] WARN eu.europa.esig.dss.spi.x509.TokenIssuerSelector - No issuer found for the token creation date. The process continues with an issuer which has the same public key.
11:39:10.216 [pool-7-thread-72] INFO eu.europa.esig.dss.spi.x509.TokenIssuerSelector - The issuer subject name and subject name does not match (more details in debug mode).
11:39:10.217 [pool-7-thread-72] INFO eu.europa.esig.dss.spi.x509.TokenIssuerSelector - CERT ISSUER    : c=lu,ou=pki-test,o=nowina solutions,cn=external-ca
11:39:10.217 [pool-7-thread-72] INFO eu.europa.esig.dss.spi.x509.TokenIssuerSelector - ISSUER SUBJECT : c=lu,ou=pki-test,o=nowina solutions,cn=external-ca-alternative
11:39:10.217 [pool-7-thread-72] INFO eu.europa.esig.dss.spi.x509.TokenIssuerSelector - The issuer subject name and subject name does not match (more details in debug mode).
11:39:10.217 [pool-7-thread-72] INFO eu.europa.esig.dss.spi.x509.TokenIssuerSelector - CERT ISSUER    : c=lu,ou=pki-test,o=nowina solutions,cn=external-ca
11:39:10.217 [pool-7-thread-72] INFO eu.europa.esig.dss.spi.x509.TokenIssuerSelector - ISSUER SUBJECT : c=lu,ou=pki-test,o=nowina solutions,cn=external-ca-alternative
11:39:10.217 [pool-7-thread-72] INFO eu.europa.esig.dss.spi.x509.TokenIssuerSelector - The issuer subject name and subject name does not match (more details in debug mode).
11:39:10.217 [pool-7-thread-72] INFO eu.europa.esig.dss.spi.x509.TokenIssuerSelector - CERT ISSUER    : c=lu,ou=pki-test,o=nowina solutions,cn=external-ca
11:39:10.217 [pool-7-thread-72] INFO eu.europa.esig.dss.spi.x509.TokenIssuerSelector - ISSUER SUBJECT : c=lu,ou=pki-test,o=nowina solutions,cn=external-ca-alternative
11:39:10.217 [pool-7-thread-100] WARN eu.europa.esig.dss.spi.x509.TokenIssuerSelector - No issuer found for the token creation date. The process continues with an issuer which has the same public key.
11:39:10.219 [pool-7-thread-79] WARN eu.europa.esig.dss.spi.x509.TokenIssuerSelector - No issuer found for the token creation date. The process continues with an issuer which has the same public key.
11:39:10.219 [pool-7-thread-79] WARN eu.europa.esig.dss.spi.x509.TokenIssuerSelector - No issuer found for the token creation date. The process continues with an issuer which has the same public key.
11:39:10.220 [pool-7-thread-76] WARN eu.europa.esig.dss.spi.x509.TokenIssuerSelector - No issuer found for the token creation date. The process continues with an issuer which has the same public key.
11:39:10.222 [pool-7-thread-82] WARN eu.europa.esig.dss.spi.x509.TokenIssuerSelector - No issuer found for the token creation date. The process continues with an issuer which has the same public key.
11:39:10.223 [pool-7-thread-82] WARN eu.europa.esig.dss.spi.x509.TokenIssuerSelector - No issuer found for the token creation date. The process continues with an issuer which has the same public key.
11:39:10.224 [pool-7-thread-82] INFO eu.europa.esig.dss.spi.x509.TokenIssuerSelector - The issuer subject name and subject name does not match (more details in debug mode).
11:39:10.224 [pool-7-thread-82] INFO eu.europa.esig.dss.spi.x509.TokenIssuerSelector - CERT ISSUER    : c=lu,ou=pki-test,o=nowina solutions,cn=external-ca
11:39:10.224 [pool-7-thread-82] INFO eu.europa.esig.dss.spi.x509.TokenIssuerSelector - ISSUER SUBJECT : c=lu,ou=pki-test,o=nowina solutions,cn=external-ca-alternative
11:39:10.224 [pool-7-thread-82] INFO eu.europa.esig.dss.spi.x509.TokenIssuerSelector - The issuer subject name and subject name does not match (more details in debug mode).
11:39:10.224 [pool-7-thread-82] INFO eu.europa.esig.dss.spi.x509.TokenIssuerSelector - CERT ISSUER    : c=lu,ou=pki-test,o=nowina solutions,cn=external-ca
11:39:10.224 [pool-7-thread-82] INFO eu.europa.esig.dss.spi.x509.TokenIssuerSelector - ISSUER SUBJECT : c=lu,ou=pki-test,o=nowina solutions,cn=external-ca-alternative
11:39:10.224 [pool-7-thread-82] INFO eu.europa.esig.dss.spi.x509.TokenIssuerSelector - The issuer subject name and subject name does not match (more details in debug mode).
11:39:10.224 [pool-7-thread-82] INFO eu.europa.esig.dss.spi.x509.TokenIssuerSelector - CERT ISSUER    : c=lu,ou=pki-test,o=nowina solutions,cn=external-ca
11:39:10.224 [pool-7-thread-82] INFO eu.europa.esig.dss.spi.x509.TokenIssuerSelector - ISSUER SUBJECT : c=lu,ou=pki-test,o=nowina solutions,cn=external-ca-alternative
11:39:10.224 [pool-7-thread-36] WARN eu.europa.esig.dss.spi.x509.TokenIssuerSelector - No issuer found for the token creation date. The process continues with an issuer which has the same public key.
11:39:10.225 [pool-7-thread-99] WARN eu.europa.esig.dss.spi.x509.TokenIssuerSelector - No issuer found for the token creation date. The process continues with an issuer which has the same public key.
11:39:10.227 [pool-7-thread-93] INFO eu.europa.esig.dss.spi.x509.TokenIssuerSelector - The issuer subject name and subject name does not match (more details in debug mode).
11:39:10.227 [pool-7-thread-93] INFO eu.europa.esig.dss.spi.x509.TokenIssuerSelector - CERT ISSUER    : c=lu,ou=pki-test,o=nowina solutions,cn=external-ca
11:39:10.227 [pool-7-thread-93] INFO eu.europa.esig.dss.spi.x509.TokenIssuerSelector - ISSUER SUBJECT : c=lu,ou=pki-test,o=nowina solutions,cn=external-ca-alternative
11:39:10.227 [pool-7-thread-93] INFO eu.europa.esig.dss.spi.x509.TokenIssuerSelector - The issuer subject name and subject name does not match (more details in debug mode).
11:39:10.227 [pool-7-thread-93] INFO eu.europa.esig.dss.spi.x509.TokenIssuerSelector - CERT ISSUER    : c=lu,ou=pki-test,o=nowina solutions,cn=external-ca
11:39:10.227 [pool-7-thread-93] INFO eu.europa.esig.dss.spi.x509.TokenIssuerSelector - ISSUER SUBJECT : c=lu,ou=pki-test,o=nowina solutions,cn=external-ca-alternative
11:39:10.227 [pool-7-thread-93] INFO eu.europa.esig.dss.spi.x509.TokenIssuerSelector - The issuer subject name and subject name does not match (more details in debug mode).
11:39:10.227 [pool-7-thread-93] INFO eu.europa.esig.dss.spi.x509.TokenIssuerSelector - CERT ISSUER    : c=lu,ou=pki-test,o=nowina solutions,cn=external-ca
11:39:10.227 [pool-7-thread-93] INFO eu.europa.esig.dss.spi.x509.TokenIssuerSelector - ISSUER SUBJECT : c=lu,ou=pki-test,o=nowina solutions,cn=external-ca-alternative
11:39:10.231 [pool-7-thread-40] INFO eu.europa.esig.dss.spi.x509.TokenIssuerSelector - The issuer subject name and subject name does not match (more details in debug mode).
11:39:10.232 [pool-7-thread-40] INFO eu.europa.esig.dss.spi.x509.TokenIssuerSelector - CERT ISSUER    : c=lu,ou=pki-test,o=nowina solutions,cn=external-ca
11:39:10.232 [pool-7-thread-40] INFO eu.europa.esig.dss.spi.x509.TokenIssuerSelector - ISSUER SUBJECT : c=lu,ou=pki-test,o=nowina solutions,cn=external-ca-alternative
11:39:10.232 [pool-7-thread-40] INFO eu.europa.esig.dss.spi.x509.TokenIssuerSelector - The issuer subject name and subject name does not match (more details in debug mode).
11:39:10.232 [pool-7-thread-40] INFO eu.europa.esig.dss.spi.x509.TokenIssuerSelector - CERT ISSUER    : c=lu,ou=pki-test,o=nowina solutions,cn=external-ca
11:39:10.232 [pool-7-thread-40] INFO eu.europa.esig.dss.spi.x509.TokenIssuerSelector - ISSUER SUBJECT : c=lu,ou=pki-test,o=nowina solutions,cn=external-ca-alternative
11:39:10.232 [pool-7-thread-40] INFO eu.europa.esig.dss.spi.x509.TokenIssuerSelector - The issuer subject name and subject name does not match (more details in debug mode).
11:39:10.232 [pool-7-thread-40] INFO eu.europa.esig.dss.spi.x509.TokenIssuerSelector - CERT ISSUER    : c=lu,ou=pki-test,o=nowina solutions,cn=external-ca
11:39:10.232 [pool-7-thread-40] INFO eu.europa.esig.dss.spi.x509.TokenIssuerSelector - ISSUER SUBJECT : c=lu,ou=pki-test,o=nowina solutions,cn=external-ca-alternative
11:39:10.232 [pool-7-thread-93] WARN eu.europa.esig.dss.spi.x509.TokenIssuerSelector - No issuer found for the token creation date. The process continues with an issuer which has the same public key.
11:39:10.233 [pool-7-thread-93] WARN eu.europa.esig.dss.spi.x509.TokenIssuerSelector - No issuer found for the token creation date. The process continues with an issuer which has the same public key.
11:39:10.235 [pool-7-thread-93] INFO eu.europa.esig.dss.spi.x509.TokenIssuerSelector - The issuer subject name and subject name does not match (more details in debug mode).
11:39:10.235 [pool-7-thread-93] INFO eu.europa.esig.dss.spi.x509.TokenIssuerSelector - CERT ISSUER    : c=lu,ou=pki-test,o=nowina solutions,cn=external-ca
11:39:10.235 [pool-7-thread-93] INFO eu.europa.esig.dss.spi.x509.TokenIssuerSelector - ISSUER SUBJECT : c=lu,ou=pki-test,o=nowina solutions,cn=external-ca-alternative
11:39:10.235 [pool-7-thread-93] INFO eu.europa.esig.dss.spi.x509.TokenIssuerSelector - The issuer subject name and subject name does not match (more details in debug mode).
11:39:10.235 [pool-7-thread-93] INFO eu.europa.esig.dss.spi.x509.TokenIssuerSelector - CERT ISSUER    : c=lu,ou=pki-test,o=nowina solutions,cn=external-ca
11:39:10.235 [pool-7-thread-93] INFO eu.europa.esig.dss.spi.x509.TokenIssuerSelector - ISSUER SUBJECT : c=lu,ou=pki-test,o=nowina solutions,cn=external-ca-alternative
11:39:10.235 [pool-7-thread-93] INFO eu.europa.esig.dss.spi.x509.TokenIssuerSelector - The issuer subject name and subject name does not match (more details in debug mode).
11:39:10.235 [pool-7-thread-93] INFO eu.europa.esig.dss.spi.x509.TokenIssuerSelector - CERT ISSUER    : c=lu,ou=pki-test,o=nowina solutions,cn=external-ca
11:39:10.235 [pool-7-thread-93] INFO eu.europa.esig.dss.spi.x509.TokenIssuerSelector - ISSUER SUBJECT : c=lu,ou=pki-test,o=nowina solutions,cn=external-ca-alternative
11:39:10.236 [pool-7-thread-40] WARN eu.europa.esig.dss.spi.x509.TokenIssuerSelector - No issuer found for the token creation date. The process continues with an issuer which has the same public key.
11:39:10.236 [pool-7-thread-33] WARN eu.europa.esig.dss.spi.x509.TokenIssuerSelector - No issuer found for the token creation date. The process continues with an issuer which has the same public key.
11:39:10.238 [pool-7-thread-33] INFO eu.europa.esig.dss.spi.x509.TokenIssuerSelector - The issuer subject name and subject name does not match (more details in debug mode).
11:39:10.238 [pool-7-thread-33] INFO eu.europa.esig.dss.spi.x509.TokenIssuerSelector - CERT ISSUER    : c=lu,ou=pki-test,o=nowina solutions,cn=external-ca
11:39:10.238 [pool-7-thread-33] INFO eu.europa.esig.dss.spi.x509.TokenIssuerSelector - ISSUER SUBJECT : c=lu,ou=pki-test,o=nowina solutions,cn=external-ca-alternative
11:39:10.238 [pool-7-thread-33] INFO eu.europa.esig.dss.spi.x509.TokenIssuerSelector - The issuer subject name and subject name does not match (more details in debug mode).
11:39:10.238 [pool-7-thread-33] INFO eu.europa.esig.dss.spi.x509.TokenIssuerSelector - CERT ISSUER    : c=lu,ou=pki-test,o=nowina solutions,cn=external-ca
11:39:10.238 [pool-7-thread-33] INFO eu.europa.esig.dss.spi.x509.TokenIssuerSelector - ISSUER SUBJECT : c=lu,ou=pki-test,o=nowina solutions,cn=external-ca-alternative
11:39:10.238 [pool-7-thread-33] INFO eu.europa.esig.dss.spi.x509.TokenIssuerSelector - The issuer subject name and subject name does not match (more details in debug mode).
11:39:10.238 [pool-7-thread-33] INFO eu.europa.esig.dss.spi.x509.TokenIssuerSelector - CERT ISSUER    : c=lu,ou=pki-test,o=nowina solutions,cn=external-ca
11:39:10.238 [pool-7-thread-33] INFO eu.europa.esig.dss.spi.x509.TokenIssuerSelector - ISSUER SUBJECT : c=lu,ou=pki-test,o=nowina solutions,cn=external-ca-alternative
11:39:10.238 [pool-7-thread-91] WARN eu.europa.esig.dss.spi.x509.TokenIssuerSelector - No issuer found for the token creation date. The process continues with an issuer which has the same public key.
11:39:10.240 [pool-7-thread-95] INFO eu.europa.esig.dss.spi.x509.TokenIssuerSelector - The issuer subject name and subject name does not match (more details in debug mode).
11:39:10.240 [pool-7-thread-95] INFO eu.europa.esig.dss.spi.x509.TokenIssuerSelector - CERT ISSUER    : c=lu,ou=pki-test,o=nowina solutions,cn=external-ca
11:39:10.240 [pool-7-thread-95] INFO eu.europa.esig.dss.spi.x509.TokenIssuerSelector - ISSUER SUBJECT : c=lu,ou=pki-test,o=nowina solutions,cn=external-ca-alternative
11:39:10.240 [pool-7-thread-95] INFO eu.europa.esig.dss.spi.x509.TokenIssuerSelector - The issuer subject name and subject name does not match (more details in debug mode).
11:39:10.240 [pool-7-thread-95] INFO eu.europa.esig.dss.spi.x509.TokenIssuerSelector - CERT ISSUER    : c=lu,ou=pki-test,o=nowina solutions,cn=external-ca
11:39:10.240 [pool-7-thread-95] INFO eu.europa.esig.dss.spi.x509.TokenIssuerSelector - ISSUER SUBJECT : c=lu,ou=pki-test,o=nowina solutions,cn=external-ca-alternative
11:39:10.240 [pool-7-thread-95] INFO eu.europa.esig.dss.spi.x509.TokenIssuerSelector - The issuer subject name and subject name does not match (more details in debug mode).
11:39:10.240 [pool-7-thread-95] INFO eu.europa.esig.dss.spi.x509.TokenIssuerSelector - CERT ISSUER    : c=lu,ou=pki-test,o=nowina solutions,cn=external-ca
11:39:10.240 [pool-7-thread-95] INFO eu.europa.esig.dss.spi.x509.TokenIssuerSelector - ISSUER SUBJECT : c=lu,ou=pki-test,o=nowina solutions,cn=external-ca-alternative
11:39:10.241 [pool-7-thread-33] WARN eu.europa.esig.dss.spi.x509.TokenIssuerSelector - No issuer found for the token creation date. The process continues with an issuer which has the same public key.
11:39:10.242 [pool-7-thread-33] WARN eu.europa.esig.dss.spi.x509.TokenIssuerSelector - No issuer found for the token creation date. The process continues with an issuer which has the same public key.
11:39:10.243 [pool-7-thread-35] INFO eu.europa.esig.dss.spi.x509.TokenIssuerSelector - The issuer subject name and subject name does not match (more details in debug mode).
11:39:10.243 [pool-7-thread-35] INFO eu.europa.esig.dss.spi.x509.TokenIssuerSelector - CERT ISSUER    : c=lu,ou=pki-test,o=nowina solutions,cn=external-ca
11:39:10.243 [pool-7-thread-35] INFO eu.europa.esig.dss.spi.x509.TokenIssuerSelector - ISSUER SUBJECT : c=lu,ou=pki-test,o=nowina solutions,cn=external-ca-alternative
11:39:10.243 [pool-7-thread-35] INFO eu.europa.esig.dss.spi.x509.TokenIssuerSelector - The issuer subject name and subject name does not match (more details in debug mode).
11:39:10.243 [pool-7-thread-35] INFO eu.europa.esig.dss.spi.x509.TokenIssuerSelector - CERT ISSUER    : c=lu,ou=pki-test,o=nowina solutions,cn=external-ca
11:39:10.243 [pool-7-thread-35] INFO eu.europa.esig.dss.spi.x509.TokenIssuerSelector - ISSUER SUBJECT : c=lu,ou=pki-test,o=nowina solutions,cn=external-ca-alternative
11:39:10.243 [pool-7-thread-35] INFO eu.europa.esig.dss.spi.x509.TokenIssuerSelector - The issuer subject name and subject name does not match (more details in debug mode).
11:39:10.243 [pool-7-thread-35] INFO eu.europa.esig.dss.spi.x509.TokenIssuerSelector - CERT ISSUER    : c=lu,ou=pki-test,o=nowina solutions,cn=external-ca
11:39:10.243 [pool-7-thread-35] INFO eu.europa.esig.dss.spi.x509.TokenIssuerSelector - ISSUER SUBJECT : c=lu,ou=pki-test,o=nowina solutions,cn=external-ca-alternative
11:39:10.243 [pool-7-thread-3] WARN eu.europa.esig.dss.spi.x509.TokenIssuerSelector - No issuer found for the token creation date. The process continues with an issuer which has the same public key.
11:39:10.246 [pool-7-thread-3] INFO eu.europa.esig.dss.spi.x509.TokenIssuerSelector - The issuer subject name and subject name does not match (more details in debug mode).
11:39:10.246 [pool-7-thread-26] WARN eu.europa.esig.dss.spi.x509.TokenIssuerSelector - No issuer found for the token creation date. The process continues with an issuer which has the same public key.
11:39:10.246 [pool-7-thread-3] INFO eu.europa.esig.dss.spi.x509.TokenIssuerSelector - CERT ISSUER    : c=lu,ou=pki-test,o=nowina solutions,cn=external-ca
11:39:10.246 [pool-7-thread-3] INFO eu.europa.esig.dss.spi.x509.TokenIssuerSelector - ISSUER SUBJECT : c=lu,ou=pki-test,o=nowina solutions,cn=external-ca-alternative
11:39:10.246 [pool-7-thread-3] INFO eu.europa.esig.dss.spi.x509.TokenIssuerSelector - The issuer subject name and subject name does not match (more details in debug mode).
11:39:10.246 [pool-7-thread-3] INFO eu.europa.esig.dss.spi.x509.TokenIssuerSelector - CERT ISSUER    : c=lu,ou=pki-test,o=nowina solutions,cn=external-ca
11:39:10.246 [pool-7-thread-3] INFO eu.europa.esig.dss.spi.x509.TokenIssuerSelector - ISSUER SUBJECT : c=lu,ou=pki-test,o=nowina solutions,cn=external-ca-alternative
11:39:10.246 [pool-7-thread-3] INFO eu.europa.esig.dss.spi.x509.TokenIssuerSelector - The issuer subject name and subject name does not match (more details in debug mode).
11:39:10.246 [pool-7-thread-3] INFO eu.europa.esig.dss.spi.x509.TokenIssuerSelector - CERT ISSUER    : c=lu,ou=pki-test,o=nowina solutions,cn=external-ca
11:39:10.246 [pool-7-thread-3] INFO eu.europa.esig.dss.spi.x509.TokenIssuerSelector - ISSUER SUBJECT : c=lu,ou=pki-test,o=nowina solutions,cn=external-ca-alternative
11:39:10.247 [pool-7-thread-28] WARN eu.europa.esig.dss.spi.x509.TokenIssuerSelector - No issuer found for the token creation date. The process continues with an issuer which has the same public key.
11:39:10.247 [pool-7-thread-21] INFO eu.europa.esig.dss.spi.x509.TokenIssuerSelector - The issuer subject name and subject name does not match (more details in debug mode).
11:39:10.247 [pool-7-thread-21] INFO eu.europa.esig.dss.spi.x509.TokenIssuerSelector - CERT ISSUER    : c=lu,ou=pki-test,o=nowina solutions,cn=external-ca
11:39:10.247 [pool-7-thread-21] INFO eu.europa.esig.dss.spi.x509.TokenIssuerSelector - ISSUER SUBJECT : c=lu,ou=pki-test,o=nowina solutions,cn=external-ca-alternative
11:39:10.247 [pool-7-thread-21] INFO eu.europa.esig.dss.spi.x509.TokenIssuerSelector - The issuer subject name and subject name does not match (more details in debug mode).
11:39:10.247 [pool-7-thread-21] INFO eu.europa.esig.dss.spi.x509.TokenIssuerSelector - CERT ISSUER    : c=lu,ou=pki-test,o=nowina solutions,cn=external-ca
11:39:10.247 [pool-7-thread-21] INFO eu.europa.esig.dss.spi.x509.TokenIssuerSelector - ISSUER SUBJECT : c=lu,ou=pki-test,o=nowina solutions,cn=external-ca-alternative
11:39:10.247 [pool-7-thread-21] INFO eu.europa.esig.dss.spi.x509.TokenIssuerSelector - The issuer subject name and subject name does not match (more details in debug mode).
11:39:10.247 [pool-7-thread-21] INFO eu.europa.esig.dss.spi.x509.TokenIssuerSelector - CERT ISSUER    : c=lu,ou=pki-test,o=nowina solutions,cn=external-ca
11:39:10.247 [pool-7-thread-21] INFO eu.europa.esig.dss.spi.x509.TokenIssuerSelector - ISSUER SUBJECT : c=lu,ou=pki-test,o=nowina solutions,cn=external-ca-alternative
11:39:10.249 [pool-7-thread-31] INFO eu.europa.esig.dss.spi.x509.TokenIssuerSelector - The issuer subject name and subject name does not match (more details in debug mode).
11:39:10.249 [pool-7-thread-31] INFO eu.europa.esig.dss.spi.x509.TokenIssuerSelector - CERT ISSUER    : c=lu,ou=pki-test,o=nowina solutions,cn=external-ca
11:39:10.249 [pool-7-thread-31] INFO eu.europa.esig.dss.spi.x509.TokenIssuerSelector - ISSUER SUBJECT : c=lu,ou=pki-test,o=nowina solutions,cn=external-ca-alternative
11:39:10.249 [pool-7-thread-31] INFO eu.europa.esig.dss.spi.x509.TokenIssuerSelector - The issuer subject name and subject name does not match (more details in debug mode).
11:39:10.249 [pool-7-thread-31] INFO eu.europa.esig.dss.spi.x509.TokenIssuerSelector - CERT ISSUER    : c=lu,ou=pki-test,o=nowina solutions,cn=external-ca
11:39:10.249 [pool-7-thread-31] INFO eu.europa.esig.dss.spi.x509.TokenIssuerSelector - ISSUER SUBJECT : c=lu,ou=pki-test,o=nowina solutions,cn=external-ca-alternative
11:39:10.249 [pool-7-thread-31] INFO eu.europa.esig.dss.spi.x509.TokenIssuerSelector - The issuer subject name and subject name does not match (more details in debug mode).
11:39:10.249 [pool-7-thread-31] INFO eu.europa.esig.dss.spi.x509.TokenIssuerSelector - CERT ISSUER    : c=lu,ou=pki-test,o=nowina solutions,cn=external-ca
11:39:10.249 [pool-7-thread-31] INFO eu.europa.esig.dss.spi.x509.TokenIssuerSelector - ISSUER SUBJECT : c=lu,ou=pki-test,o=nowina solutions,cn=external-ca-alternative
11:39:10.250 [pool-7-thread-3] WARN eu.europa.esig.dss.spi.x509.TokenIssuerSelector - No issuer found for the token creation date. The process continues with an issuer which has the same public key.
11:39:10.250 [pool-7-thread-3] WARN eu.europa.esig.dss.spi.x509.TokenIssuerSelector - No issuer found for the token creation date. The process continues with an issuer which has the same public key.
11:39:10.252 [pool-7-thread-3] INFO eu.europa.esig.dss.spi.x509.TokenIssuerSelector - The issuer subject name and subject name does not match (more details in debug mode).
11:39:10.252 [pool-7-thread-3] INFO eu.europa.esig.dss.spi.x509.TokenIssuerSelector - CERT ISSUER    : c=lu,ou=pki-test,o=nowina solutions,cn=external-ca
11:39:10.252 [pool-7-thread-3] INFO eu.europa.esig.dss.spi.x509.TokenIssuerSelector - ISSUER SUBJECT : c=lu,ou=pki-test,o=nowina solutions,cn=external-ca-alternative
11:39:10.252 [pool-7-thread-3] INFO eu.europa.esig.dss.spi.x509.TokenIssuerSelector - The issuer subject name and subject name does not match (more details in debug mode).
11:39:10.252 [pool-7-thread-3] INFO eu.europa.esig.dss.spi.x509.TokenIssuerSelector - CERT ISSUER    : c=lu,ou=pki-test,o=nowina solutions,cn=external-ca
11:39:10.252 [pool-7-thread-3] INFO eu.europa.esig.dss.spi.x509.TokenIssuerSelector - ISSUER SUBJECT : c=lu,ou=pki-test,o=nowina solutions,cn=external-ca-alternative
11:39:10.252 [pool-7-thread-3] INFO eu.europa.esig.dss.spi.x509.TokenIssuerSelector - The issuer subject name and subject name does not match (more details in debug mode).
11:39:10.252 [pool-7-thread-3] INFO eu.europa.esig.dss.spi.x509.TokenIssuerSelector - CERT ISSUER    : c=lu,ou=pki-test,o=nowina solutions,cn=external-ca
11:39:10.252 [pool-7-thread-3] INFO eu.europa.esig.dss.spi.x509.TokenIssuerSelector - ISSUER SUBJECT : c=lu,ou=pki-test,o=nowina solutions,cn=external-ca-alternative
11:39:10.253 [pool-7-thread-94] WARN eu.europa.esig.dss.spi.x509.TokenIssuerSelector - No issuer found for the token creation date. The process continues with an issuer which has the same public key.
11:39:10.253 [pool-7-thread-94] WARN eu.europa.esig.dss.spi.x509.TokenIssuerSelector - No issuer found for the token creation date. The process continues with an issuer which has the same public key.
11:39:10.256 [pool-7-thread-6] WARN eu.europa.esig.dss.spi.x509.TokenIssuerSelector - No issuer found for the token creation date. The process continues with an issuer which has the same public key.
11:39:10.256 [pool-7-thread-94] INFO eu.europa.esig.dss.spi.x509.TokenIssuerSelector - The issuer subject name and subject name does not match (more details in debug mode).
11:39:10.256 [pool-7-thread-94] INFO eu.europa.esig.dss.spi.x509.TokenIssuerSelector - CERT ISSUER    : c=lu,ou=pki-test,o=nowina solutions,cn=external-ca
11:39:10.256 [pool-7-thread-94] INFO eu.europa.esig.dss.spi.x509.TokenIssuerSelector - ISSUER SUBJECT : c=lu,ou=pki-test,o=nowina solutions,cn=external-ca-alternative
11:39:10.256 [pool-7-thread-94] INFO eu.europa.esig.dss.spi.x509.TokenIssuerSelector - The issuer subject name and subject name does not match (more details in debug mode).
11:39:10.256 [pool-7-thread-94] INFO eu.europa.esig.dss.spi.x509.TokenIssuerSelector - CERT ISSUER    : c=lu,ou=pki-test,o=nowina solutions,cn=external-ca
11:39:10.256 [pool-7-thread-94] INFO eu.europa.esig.dss.spi.x509.TokenIssuerSelector - ISSUER SUBJECT : c=lu,ou=pki-test,o=nowina solutions,cn=external-ca-alternative
11:39:10.256 [pool-7-thread-94] INFO eu.europa.esig.dss.spi.x509.TokenIssuerSelector - The issuer subject name and subject name does not match (more details in debug mode).
11:39:10.256 [pool-7-thread-94] INFO eu.europa.esig.dss.spi.x509.TokenIssuerSelector - CERT ISSUER    : c=lu,ou=pki-test,o=nowina solutions,cn=external-ca
11:39:10.256 [pool-7-thread-94] INFO eu.europa.esig.dss.spi.x509.TokenIssuerSelector - ISSUER SUBJECT : c=lu,ou=pki-test,o=nowina solutions,cn=external-ca-alternative
11:39:10.257 [pool-7-thread-6] INFO eu.europa.esig.dss.spi.x509.TokenIssuerSelector - The issuer subject name and subject name does not match (more details in debug mode).
11:39:10.257 [pool-7-thread-6] INFO eu.europa.esig.dss.spi.x509.TokenIssuerSelector - CERT ISSUER    : c=lu,ou=pki-test,o=nowina solutions,cn=external-ca
11:39:10.257 [pool-7-thread-6] INFO eu.europa.esig.dss.spi.x509.TokenIssuerSelector - ISSUER SUBJECT : c=lu,ou=pki-test,o=nowina solutions,cn=external-ca-alternative
11:39:10.257 [pool-7-thread-6] INFO eu.europa.esig.dss.spi.x509.TokenIssuerSelector - The issuer subject name and subject name does not match (more details in debug mode).
11:39:10.257 [pool-7-thread-6] INFO eu.europa.esig.dss.spi.x509.TokenIssuerSelector - CERT ISSUER    : c=lu,ou=pki-test,o=nowina solutions,cn=external-ca
11:39:10.257 [pool-7-thread-6] INFO eu.europa.esig.dss.spi.x509.TokenIssuerSelector - ISSUER SUBJECT : c=lu,ou=pki-test,o=nowina solutions,cn=external-ca-alternative
11:39:10.257 [pool-7-thread-6] INFO eu.europa.esig.dss.spi.x509.TokenIssuerSelector - The issuer subject name and subject name does not match (more details in debug mode).
11:39:10.257 [pool-7-thread-6] INFO eu.europa.esig.dss.spi.x509.TokenIssuerSelector - CERT ISSUER    : c=lu,ou=pki-test,o=nowina solutions,cn=external-ca
11:39:10.257 [pool-7-thread-6] INFO eu.europa.esig.dss.spi.x509.TokenIssuerSelector - ISSUER SUBJECT : c=lu,ou=pki-test,o=nowina solutions,cn=external-ca-alternative
11:39:10.259 [pool-7-thread-94] WARN eu.europa.esig.dss.spi.x509.TokenIssuerSelector - No issuer found for the token creation date. The process continues with an issuer which has the same public key.
11:39:10.260 [pool-7-thread-4] WARN eu.europa.esig.dss.spi.x509.TokenIssuerSelector - No issuer found for the token creation date. The process continues with an issuer which has the same public key.
11:39:10.261 [pool-7-thread-4] WARN eu.europa.esig.dss.spi.x509.TokenIssuerSelector - No issuer found for the token creation date. The process continues with an issuer which has the same public key.
11:39:10.262 [pool-7-thread-29] WARN eu.europa.esig.dss.spi.x509.TokenIssuerSelector - No issuer found for the token creation date. The process continues with an issuer which has the same public key.
11:39:10.263 [pool-7-thread-46] WARN eu.europa.esig.dss.spi.x509.TokenIssuerSelector - No issuer found for the token creation date. The process continues with an issuer which has the same public key.
11:39:10.266 [pool-7-thread-30] WARN eu.europa.esig.dss.spi.x509.TokenIssuerSelector - No issuer found for the token creation date. The process continues with an issuer which has the same public key.
11:39:10.266 [pool-7-thread-46] INFO eu.europa.esig.dss.spi.x509.TokenIssuerSelector - The issuer subject name and subject name does not match (more details in debug mode).
11:39:10.266 [pool-7-thread-46] INFO eu.europa.esig.dss.spi.x509.TokenIssuerSelector - CERT ISSUER    : c=lu,ou=pki-test,o=nowina solutions,cn=external-ca
11:39:10.266 [pool-7-thread-46] INFO eu.europa.esig.dss.spi.x509.TokenIssuerSelector - ISSUER SUBJECT : c=lu,ou=pki-test,o=nowina solutions,cn=external-ca-alternative
11:39:10.266 [pool-7-thread-46] INFO eu.europa.esig.dss.spi.x509.TokenIssuerSelector - The issuer subject name and subject name does not match (more details in debug mode).
11:39:10.266 [pool-7-thread-46] INFO eu.europa.esig.dss.spi.x509.TokenIssuerSelector - CERT ISSUER    : c=lu,ou=pki-test,o=nowina solutions,cn=external-ca
11:39:10.266 [pool-7-thread-46] INFO eu.europa.esig.dss.spi.x509.TokenIssuerSelector - ISSUER SUBJECT : c=lu,ou=pki-test,o=nowina solutions,cn=external-ca-alternative
11:39:10.267 [pool-7-thread-46] INFO eu.europa.esig.dss.spi.x509.TokenIssuerSelector - The issuer subject name and subject name does not match (more details in debug mode).
11:39:10.267 [pool-7-thread-46] INFO eu.europa.esig.dss.spi.x509.TokenIssuerSelector - CERT ISSUER    : c=lu,ou=pki-test,o=nowina solutions,cn=external-ca
11:39:10.267 [pool-7-thread-46] INFO eu.europa.esig.dss.spi.x509.TokenIssuerSelector - ISSUER SUBJECT : c=lu,ou=pki-test,o=nowina solutions,cn=external-ca-alternative
11:39:10.267 [pool-7-thread-30] INFO eu.europa.esig.dss.spi.x509.TokenIssuerSelector - The issuer subject name and subject name does not match (more details in debug mode).
11:39:10.267 [pool-7-thread-30] INFO eu.europa.esig.dss.spi.x509.TokenIssuerSelector - CERT ISSUER    : c=lu,ou=pki-test,o=nowina solutions,cn=external-ca
11:39:10.267 [pool-7-thread-30] INFO eu.europa.esig.dss.spi.x509.TokenIssuerSelector - ISSUER SUBJECT : c=lu,ou=pki-test,o=nowina solutions,cn=external-ca-alternative
11:39:10.267 [pool-7-thread-30] INFO eu.europa.esig.dss.spi.x509.TokenIssuerSelector - The issuer subject name and subject name does not match (more details in debug mode).
11:39:10.267 [pool-7-thread-30] INFO eu.europa.esig.dss.spi.x509.TokenIssuerSelector - CERT ISSUER    : c=lu,ou=pki-test,o=nowina solutions,cn=external-ca
11:39:10.267 [pool-7-thread-30] INFO eu.europa.esig.dss.spi.x509.TokenIssuerSelector - ISSUER SUBJECT : c=lu,ou=pki-test,o=nowina solutions,cn=external-ca-alternative
11:39:10.268 [pool-7-thread-30] INFO eu.europa.esig.dss.spi.x509.TokenIssuerSelector - The issuer subject name and subject name does not match (more details in debug mode).
11:39:10.268 [pool-7-thread-30] INFO eu.europa.esig.dss.spi.x509.TokenIssuerSelector - CERT ISSUER    : c=lu,ou=pki-test,o=nowina solutions,cn=external-ca
11:39:10.268 [pool-7-thread-30] INFO eu.europa.esig.dss.spi.x509.TokenIssuerSelector - ISSUER SUBJECT : c=lu,ou=pki-test,o=nowina solutions,cn=external-ca-alternative
11:39:10.268 [pool-7-thread-14] WARN eu.europa.esig.dss.spi.x509.TokenIssuerSelector - No issuer found for the token creation date. The process continues with an issuer which has the same public key.
11:39:10.270 [pool-7-thread-14] WARN eu.europa.esig.dss.spi.x509.TokenIssuerSelector - No issuer found for the token creation date. The process continues with an issuer which has the same public key.
11:39:10.272 [pool-7-thread-14] INFO eu.europa.esig.dss.spi.x509.TokenIssuerSelector - The issuer subject name and subject name does not match (more details in debug mode).
11:39:10.272 [pool-7-thread-14] INFO eu.europa.esig.dss.spi.x509.TokenIssuerSelector - CERT ISSUER    : c=lu,ou=pki-test,o=nowina solutions,cn=external-ca
11:39:10.272 [pool-7-thread-14] INFO eu.europa.esig.dss.spi.x509.TokenIssuerSelector - ISSUER SUBJECT : c=lu,ou=pki-test,o=nowina solutions,cn=external-ca-alternative
11:39:10.272 [pool-7-thread-14] INFO eu.europa.esig.dss.spi.x509.TokenIssuerSelector - The issuer subject name and subject name does not match (more details in debug mode).
11:39:10.272 [pool-7-thread-14] INFO eu.europa.esig.dss.spi.x509.TokenIssuerSelector - CERT ISSUER    : c=lu,ou=pki-test,o=nowina solutions,cn=external-ca
11:39:10.272 [pool-7-thread-14] INFO eu.europa.esig.dss.spi.x509.TokenIssuerSelector - ISSUER SUBJECT : c=lu,ou=pki-test,o=nowina solutions,cn=external-ca-alternative
11:39:10.272 [pool-7-thread-14] INFO eu.europa.esig.dss.spi.x509.TokenIssuerSelector - The issuer subject name and subject name does not match (more details in debug mode).
11:39:10.272 [pool-7-thread-14] INFO eu.europa.esig.dss.spi.x509.TokenIssuerSelector - CERT ISSUER    : c=lu,ou=pki-test,o=nowina solutions,cn=external-ca
11:39:10.272 [pool-7-thread-14] INFO eu.europa.esig.dss.spi.x509.TokenIssuerSelector - ISSUER SUBJECT : c=lu,ou=pki-test,o=nowina solutions,cn=external-ca-alternative
11:39:10.273 [pool-7-thread-92] INFO eu.europa.esig.dss.spi.x509.TokenIssuerSelector - The issuer subject name and subject name does not match (more details in debug mode).
11:39:10.273 [pool-7-thread-92] INFO eu.europa.esig.dss.spi.x509.TokenIssuerSelector - CERT ISSUER    : c=lu,ou=pki-test,o=nowina solutions,cn=external-ca
11:39:10.273 [pool-7-thread-92] INFO eu.europa.esig.dss.spi.x509.TokenIssuerSelector - ISSUER SUBJECT : c=lu,ou=pki-test,o=nowina solutions,cn=external-ca-alternative
11:39:10.273 [pool-7-thread-92] INFO eu.europa.esig.dss.spi.x509.TokenIssuerSelector - The issuer subject name and subject name does not match (more details in debug mode).
11:39:10.273 [pool-7-thread-92] INFO eu.europa.esig.dss.spi.x509.TokenIssuerSelector - CERT ISSUER    : c=lu,ou=pki-test,o=nowina solutions,cn=external-ca
11:39:10.273 [pool-7-thread-92] INFO eu.europa.esig.dss.spi.x509.TokenIssuerSelector - ISSUER SUBJECT : c=lu,ou=pki-test,o=nowina solutions,cn=external-ca-alternative
11:39:10.273 [pool-7-thread-92] INFO eu.europa.esig.dss.spi.x509.TokenIssuerSelector - The issuer subject name and subject name does not match (more details in debug mode).
11:39:10.273 [pool-7-thread-92] INFO eu.europa.esig.dss.spi.x509.TokenIssuerSelector - CERT ISSUER    : c=lu,ou=pki-test,o=nowina solutions,cn=external-ca
11:39:10.273 [pool-7-thread-92] INFO eu.europa.esig.dss.spi.x509.TokenIssuerSelector - ISSUER SUBJECT : c=lu,ou=pki-test,o=nowina solutions,cn=external-ca-alternative
11:39:10.274 [pool-7-thread-30] WARN eu.europa.esig.dss.spi.x509.TokenIssuerSelector - No issuer found for the token creation date. The process continues with an issuer which has the same public key.
11:39:10.275 [pool-7-thread-30] WARN eu.europa.esig.dss.spi.x509.TokenIssuerSelector - No issuer found for the token creation date. The process continues with an issuer which has the same public key.
11:39:10.278 [pool-7-thread-30] INFO eu.europa.esig.dss.spi.x509.TokenIssuerSelector - The issuer subject name and subject name does not match (more details in debug mode).
11:39:10.278 [pool-7-thread-30] INFO eu.europa.esig.dss.spi.x509.TokenIssuerSelector - CERT ISSUER    : c=lu,ou=pki-test,o=nowina solutions,cn=external-ca
11:39:10.279 [pool-7-thread-30] INFO eu.europa.esig.dss.spi.x509.TokenIssuerSelector - ISSUER SUBJECT : c=lu,ou=pki-test,o=nowina solutions,cn=external-ca-alternative
11:39:10.279 [pool-7-thread-30] INFO eu.europa.esig.dss.spi.x509.TokenIssuerSelector - The issuer subject name and subject name does not match (more details in debug mode).
11:39:10.279 [pool-7-thread-30] INFO eu.europa.esig.dss.spi.x509.TokenIssuerSelector - CERT ISSUER    : c=lu,ou=pki-test,o=nowina solutions,cn=external-ca
11:39:10.279 [pool-7-thread-30] INFO eu.europa.esig.dss.spi.x509.TokenIssuerSelector - ISSUER SUBJECT : c=lu,ou=pki-test,o=nowina solutions,cn=external-ca-alternative
11:39:10.279 [pool-7-thread-30] INFO eu.europa.esig.dss.spi.x509.TokenIssuerSelector - The issuer subject name and subject name does not match (more details in debug mode).
11:39:10.279 [pool-7-thread-30] INFO eu.europa.esig.dss.spi.x509.TokenIssuerSelector - CERT ISSUER    : c=lu,ou=pki-test,o=nowina solutions,cn=external-ca
11:39:10.279 [pool-7-thread-30] INFO eu.europa.esig.dss.spi.x509.TokenIssuerSelector - ISSUER SUBJECT : c=lu,ou=pki-test,o=nowina solutions,cn=external-ca-alternative
11:39:10.280 [pool-7-thread-11] INFO eu.europa.esig.dss.spi.x509.TokenIssuerSelector - The issuer subject name and subject name does not match (more details in debug mode).
11:39:10.280 [pool-7-thread-11] INFO eu.europa.esig.dss.spi.x509.TokenIssuerSelector - CERT ISSUER    : c=lu,ou=pki-test,o=nowina solutions,cn=external-ca
11:39:10.280 [pool-7-thread-11] INFO eu.europa.esig.dss.spi.x509.TokenIssuerSelector - ISSUER SUBJECT : c=lu,ou=pki-test,o=nowina solutions,cn=external-ca-alternative
11:39:10.280 [pool-7-thread-11] INFO eu.europa.esig.dss.spi.x509.TokenIssuerSelector - The issuer subject name and subject name does not match (more details in debug mode).
11:39:10.281 [pool-7-thread-11] INFO eu.europa.esig.dss.spi.x509.TokenIssuerSelector - CERT ISSUER    : c=lu,ou=pki-test,o=nowina solutions,cn=external-ca
11:39:10.281 [pool-7-thread-11] INFO eu.europa.esig.dss.spi.x509.TokenIssuerSelector - ISSUER SUBJECT : c=lu,ou=pki-test,o=nowina solutions,cn=external-ca-alternative
11:39:10.281 [pool-7-thread-11] INFO eu.europa.esig.dss.spi.x509.TokenIssuerSelector - The issuer subject name and subject name does not match (more details in debug mode).
11:39:10.281 [pool-7-thread-11] INFO eu.europa.esig.dss.spi.x509.TokenIssuerSelector - CERT ISSUER    : c=lu,ou=pki-test,o=nowina solutions,cn=external-ca
11:39:10.281 [pool-7-thread-11] INFO eu.europa.esig.dss.spi.x509.TokenIssuerSelector - ISSUER SUBJECT : c=lu,ou=pki-test,o=nowina solutions,cn=external-ca-alternative
11:39:10.282 [pool-7-thread-13] WARN eu.europa.esig.dss.spi.x509.TokenIssuerSelector - No issuer found for the token creation date. The process continues with an issuer which has the same public key.
11:39:10.287 [pool-7-thread-30] WARN eu.europa.esig.dss.spi.x509.TokenIssuerSelector - No issuer found for the token creation date. The process continues with an issuer which has the same public key.
11:39:10.288 [pool-7-thread-30] WARN eu.europa.esig.dss.spi.x509.TokenIssuerSelector - No issuer found for the token creation date. The process continues with an issuer which has the same public key.
11:39:10.290 [pool-7-thread-29] INFO eu.europa.esig.dss.spi.x509.TokenIssuerSelector - The issuer subject name and subject name does not match (more details in debug mode).
11:39:10.290 [pool-7-thread-29] INFO eu.europa.esig.dss.spi.x509.TokenIssuerSelector - CERT ISSUER    : c=lu,ou=pki-test,o=nowina solutions,cn=external-ca
11:39:10.290 [pool-7-thread-29] INFO eu.europa.esig.dss.spi.x509.TokenIssuerSelector - ISSUER SUBJECT : c=lu,ou=pki-test,o=nowina solutions,cn=external-ca-alternative
11:39:10.290 [pool-7-thread-29] INFO eu.europa.esig.dss.spi.x509.TokenIssuerSelector - The issuer subject name and subject name does not match (more details in debug mode).
11:39:10.290 [pool-7-thread-29] INFO eu.europa.esig.dss.spi.x509.TokenIssuerSelector - CERT ISSUER    : c=lu,ou=pki-test,o=nowina solutions,cn=external-ca
11:39:10.290 [pool-7-thread-29] INFO eu.europa.esig.dss.spi.x509.TokenIssuerSelector - ISSUER SUBJECT : c=lu,ou=pki-test,o=nowina solutions,cn=external-ca-alternative
11:39:10.290 [pool-7-thread-29] INFO eu.europa.esig.dss.spi.x509.TokenIssuerSelector - The issuer subject name and subject name does not match (more details in debug mode).
11:39:10.290 [pool-7-thread-29] INFO eu.europa.esig.dss.spi.x509.TokenIssuerSelector - CERT ISSUER    : c=lu,ou=pki-test,o=nowina solutions,cn=external-ca
11:39:10.290 [pool-7-thread-29] INFO eu.europa.esig.dss.spi.x509.TokenIssuerSelector - ISSUER SUBJECT : c=lu,ou=pki-test,o=nowina solutions,cn=external-ca-alternative
11:39:10.291 [pool-7-thread-4] INFO eu.europa.esig.dss.spi.x509.TokenIssuerSelector - The issuer subject name and subject name does not match (more details in debug mode).
11:39:10.291 [pool-7-thread-4] INFO eu.europa.esig.dss.spi.x509.TokenIssuerSelector - CERT ISSUER    : c=lu,ou=pki-test,o=nowina solutions,cn=external-ca
11:39:10.291 [pool-7-thread-4] INFO eu.europa.esig.dss.spi.x509.TokenIssuerSelector - ISSUER SUBJECT : c=lu,ou=pki-test,o=nowina solutions,cn=external-ca-alternative
11:39:10.291 [pool-7-thread-4] INFO eu.europa.esig.dss.spi.x509.TokenIssuerSelector - The issuer subject name and subject name does not match (more details in debug mode).
11:39:10.291 [pool-7-thread-4] INFO eu.europa.esig.dss.spi.x509.TokenIssuerSelector - CERT ISSUER    : c=lu,ou=pki-test,o=nowina solutions,cn=external-ca
11:39:10.291 [pool-7-thread-4] INFO eu.europa.esig.dss.spi.x509.TokenIssuerSelector - ISSUER SUBJECT : c=lu,ou=pki-test,o=nowina solutions,cn=external-ca-alternative
11:39:10.291 [pool-7-thread-4] INFO eu.europa.esig.dss.spi.x509.TokenIssuerSelector - The issuer subject name and subject name does not match (more details in debug mode).
11:39:10.291 [pool-7-thread-4] INFO eu.europa.esig.dss.spi.x509.TokenIssuerSelector - CERT ISSUER    : c=lu,ou=pki-test,o=nowina solutions,cn=external-ca
11:39:10.291 [pool-7-thread-4] INFO eu.europa.esig.dss.spi.x509.TokenIssuerSelector - ISSUER SUBJECT : c=lu,ou=pki-test,o=nowina solutions,cn=external-ca-alternative
11:39:10.296 [pool-7-thread-6] WARN eu.europa.esig.dss.spi.x509.TokenIssuerSelector - No issuer found for the token creation date. The process continues with an issuer which has the same public key.
11:39:10.297 [pool-7-thread-6] WARN eu.europa.esig.dss.spi.x509.TokenIssuerSelector - No issuer found for the token creation date. The process continues with an issuer which has the same public key.
11:39:10.298 [pool-7-thread-94] WARN eu.europa.esig.dss.spi.x509.TokenIssuerSelector - No issuer found for the token creation date. The process continues with an issuer which has the same public key.
11:39:10.298 [pool-7-thread-6] INFO eu.europa.esig.dss.spi.x509.TokenIssuerSelector - The issuer subject name and subject name does not match (more details in debug mode).
11:39:10.298 [pool-7-thread-6] INFO eu.europa.esig.dss.spi.x509.TokenIssuerSelector - CERT ISSUER    : c=lu,ou=pki-test,o=nowina solutions,cn=external-ca
11:39:10.298 [pool-7-thread-6] INFO eu.europa.esig.dss.spi.x509.TokenIssuerSelector - ISSUER SUBJECT : c=lu,ou=pki-test,o=nowina solutions,cn=external-ca-alternative
11:39:10.298 [pool-7-thread-6] INFO eu.europa.esig.dss.spi.x509.TokenIssuerSelector - The issuer subject name and subject name does not match (more details in debug mode).
11:39:10.298 [pool-7-thread-6] INFO eu.europa.esig.dss.spi.x509.TokenIssuerSelector - CERT ISSUER    : c=lu,ou=pki-test,o=nowina solutions,cn=external-ca
11:39:10.298 [pool-7-thread-6] INFO eu.europa.esig.dss.spi.x509.TokenIssuerSelector - ISSUER SUBJECT : c=lu,ou=pki-test,o=nowina solutions,cn=external-ca-alternative
11:39:10.298 [pool-7-thread-6] INFO eu.europa.esig.dss.spi.x509.TokenIssuerSelector - The issuer subject name and subject name does not match (more details in debug mode).
11:39:10.298 [pool-7-thread-6] INFO eu.europa.esig.dss.spi.x509.TokenIssuerSelector - CERT ISSUER    : c=lu,ou=pki-test,o=nowina solutions,cn=external-ca
11:39:10.298 [pool-7-thread-6] INFO eu.europa.esig.dss.spi.x509.TokenIssuerSelector - ISSUER SUBJECT : c=lu,ou=pki-test,o=nowina solutions,cn=external-ca-alternative
11:39:10.299 [pool-7-thread-31] WARN eu.europa.esig.dss.spi.x509.TokenIssuerSelector - No issuer found for the token creation date. The process continues with an issuer which has the same public key.
11:39:10.300 [pool-7-thread-31] WARN eu.europa.esig.dss.spi.x509.TokenIssuerSelector - No issuer found for the token creation date. The process continues with an issuer which has the same public key.
11:39:10.302 [pool-7-thread-31] INFO eu.europa.esig.dss.spi.x509.TokenIssuerSelector - The issuer subject name and subject name does not match (more details in debug mode).
11:39:10.302 [pool-7-thread-31] INFO eu.europa.esig.dss.spi.x509.TokenIssuerSelector - CERT ISSUER    : c=lu,ou=pki-test,o=nowina solutions,cn=external-ca
11:39:10.302 [pool-7-thread-31] INFO eu.europa.esig.dss.spi.x509.TokenIssuerSelector - ISSUER SUBJECT : c=lu,ou=pki-test,o=nowina solutions,cn=external-ca-alternative
11:39:10.302 [pool-7-thread-31] INFO eu.europa.esig.dss.spi.x509.TokenIssuerSelector - The issuer subject name and subject name does not match (more details in debug mode).
11:39:10.302 [pool-7-thread-31] INFO eu.europa.esig.dss.spi.x509.TokenIssuerSelector - CERT ISSUER    : c=lu,ou=pki-test,o=nowina solutions,cn=external-ca
11:39:10.302 [pool-7-thread-31] INFO eu.europa.esig.dss.spi.x509.TokenIssuerSelector - ISSUER SUBJECT : c=lu,ou=pki-test,o=nowina solutions,cn=external-ca-alternative
11:39:10.302 [pool-7-thread-31] INFO eu.europa.esig.dss.spi.x509.TokenIssuerSelector - The issuer subject name and subject name does not match (more details in debug mode).
11:39:10.302 [pool-7-thread-31] INFO eu.europa.esig.dss.spi.x509.TokenIssuerSelector - CERT ISSUER    : c=lu,ou=pki-test,o=nowina solutions,cn=external-ca
11:39:10.302 [pool-7-thread-31] INFO eu.europa.esig.dss.spi.x509.TokenIssuerSelector - ISSUER SUBJECT : c=lu,ou=pki-test,o=nowina solutions,cn=external-ca-alternative
11:39:10.303 [pool-7-thread-3] WARN eu.europa.esig.dss.spi.x509.TokenIssuerSelector - No issuer found for the token creation date. The process continues with an issuer which has the same public key.
11:39:10.303 [pool-7-thread-3] WARN eu.europa.esig.dss.spi.x509.TokenIssuerSelector - No issuer found for the token creation date. The process continues with an issuer which has the same public key.
11:39:10.305 [pool-7-thread-3] INFO eu.europa.esig.dss.spi.x509.TokenIssuerSelector - The issuer subject name and subject name does not match (more details in debug mode).
11:39:10.305 [pool-7-thread-3] INFO eu.europa.esig.dss.spi.x509.TokenIssuerSelector - CERT ISSUER    : c=lu,ou=pki-test,o=nowina solutions,cn=external-ca
11:39:10.305 [pool-7-thread-3] INFO eu.europa.esig.dss.spi.x509.TokenIssuerSelector - ISSUER SUBJECT : c=lu,ou=pki-test,o=nowina solutions,cn=external-ca-alternative
11:39:10.305 [pool-7-thread-3] INFO eu.europa.esig.dss.spi.x509.TokenIssuerSelector - The issuer subject name and subject name does not match (more details in debug mode).
11:39:10.305 [pool-7-thread-3] INFO eu.europa.esig.dss.spi.x509.TokenIssuerSelector - CERT ISSUER    : c=lu,ou=pki-test,o=nowina solutions,cn=external-ca
11:39:10.305 [pool-7-thread-3] INFO eu.europa.esig.dss.spi.x509.TokenIssuerSelector - ISSUER SUBJECT : c=lu,ou=pki-test,o=nowina solutions,cn=external-ca-alternative
11:39:10.305 [pool-7-thread-3] INFO eu.europa.esig.dss.spi.x509.TokenIssuerSelector - The issuer subject name and subject name does not match (more details in debug mode).
11:39:10.305 [pool-7-thread-3] INFO eu.europa.esig.dss.spi.x509.TokenIssuerSelector - CERT ISSUER    : c=lu,ou=pki-test,o=nowina solutions,cn=external-ca
11:39:10.305 [pool-7-thread-3] INFO eu.europa.esig.dss.spi.x509.TokenIssuerSelector - ISSUER SUBJECT : c=lu,ou=pki-test,o=nowina solutions,cn=external-ca-alternative
11:39:10.305 [pool-7-thread-21] WARN eu.europa.esig.dss.spi.x509.TokenIssuerSelector - No issuer found for the token creation date. The process continues with an issuer which has the same public key.
11:39:10.307 [pool-7-thread-26] WARN eu.europa.esig.dss.spi.x509.TokenIssuerSelector - No issuer found for the token creation date. The process continues with an issuer which has the same public key.
11:39:10.307 [pool-7-thread-28] INFO eu.europa.esig.dss.spi.x509.TokenIssuerSelector - The issuer subject name and subject name does not match (more details in debug mode).
11:39:10.307 [pool-7-thread-28] INFO eu.europa.esig.dss.spi.x509.TokenIssuerSelector - CERT ISSUER    : c=lu,ou=pki-test,o=nowina solutions,cn=external-ca
11:39:10.307 [pool-7-thread-28] INFO eu.europa.esig.dss.spi.x509.TokenIssuerSelector - ISSUER SUBJECT : c=lu,ou=pki-test,o=nowina solutions,cn=external-ca-alternative
11:39:10.307 [pool-7-thread-28] INFO eu.europa.esig.dss.spi.x509.TokenIssuerSelector - The issuer subject name and subject name does not match (more details in debug mode).
11:39:10.307 [pool-7-thread-28] INFO eu.europa.esig.dss.spi.x509.TokenIssuerSelector - CERT ISSUER    : c=lu,ou=pki-test,o=nowina solutions,cn=external-ca
11:39:10.307 [pool-7-thread-28] INFO eu.europa.esig.dss.spi.x509.TokenIssuerSelector - ISSUER SUBJECT : c=lu,ou=pki-test,o=nowina solutions,cn=external-ca-alternative
11:39:10.307 [pool-7-thread-28] INFO eu.europa.esig.dss.spi.x509.TokenIssuerSelector - The issuer subject name and subject name does not match (more details in debug mode).
11:39:10.307 [pool-7-thread-28] INFO eu.europa.esig.dss.spi.x509.TokenIssuerSelector - CERT ISSUER    : c=lu,ou=pki-test,o=nowina solutions,cn=external-ca
11:39:10.307 [pool-7-thread-28] INFO eu.europa.esig.dss.spi.x509.TokenIssuerSelector - ISSUER SUBJECT : c=lu,ou=pki-test,o=nowina solutions,cn=external-ca-alternative
11:39:10.310 [pool-7-thread-35] WARN eu.europa.esig.dss.spi.x509.TokenIssuerSelector - No issuer found for the token creation date. The process continues with an issuer which has the same public key.
11:39:10.310 [pool-7-thread-95] WARN eu.europa.esig.dss.spi.x509.TokenIssuerSelector - No issuer found for the token creation date. The process continues with an issuer which has the same public key.
11:39:10.311 [pool-7-thread-95] WARN eu.europa.esig.dss.spi.x509.TokenIssuerSelector - No issuer found for the token creation date. The process continues with an issuer which has the same public key.
11:39:10.312 [pool-7-thread-95] INFO eu.europa.esig.dss.spi.x509.TokenIssuerSelector - The issuer subject name and subject name does not match (more details in debug mode).
11:39:10.312 [pool-7-thread-95] INFO eu.europa.esig.dss.spi.x509.TokenIssuerSelector - CERT ISSUER    : c=lu,ou=pki-test,o=nowina solutions,cn=external-ca
11:39:10.313 [pool-7-thread-95] INFO eu.europa.esig.dss.spi.x509.TokenIssuerSelector - ISSUER SUBJECT : c=lu,ou=pki-test,o=nowina solutions,cn=external-ca-alternative
11:39:10.315 [pool-7-thread-95] INFO eu.europa.esig.dss.spi.x509.TokenIssuerSelector - The issuer subject name and subject name does not match (more details in debug mode).
11:39:10.315 [pool-7-thread-33] INFO eu.europa.esig.dss.spi.x509.TokenIssuerSelector - The issuer subject name and subject name does not match (more details in debug mode).
11:39:10.315 [pool-7-thread-95] INFO eu.europa.esig.dss.spi.x509.TokenIssuerSelector - CERT ISSUER    : c=lu,ou=pki-test,o=nowina solutions,cn=external-ca
11:39:10.315 [pool-7-thread-33] INFO eu.europa.esig.dss.spi.x509.TokenIssuerSelector - CERT ISSUER    : c=lu,ou=pki-test,o=nowina solutions,cn=external-ca
11:39:10.315 [pool-7-thread-95] INFO eu.europa.esig.dss.spi.x509.TokenIssuerSelector - ISSUER SUBJECT : c=lu,ou=pki-test,o=nowina solutions,cn=external-ca-alternative
11:39:10.315 [pool-7-thread-33] INFO eu.europa.esig.dss.spi.x509.TokenIssuerSelector - ISSUER SUBJECT : c=lu,ou=pki-test,o=nowina solutions,cn=external-ca-alternative
11:39:10.315 [pool-7-thread-95] INFO eu.europa.esig.dss.spi.x509.TokenIssuerSelector - The issuer subject name and subject name does not match (more details in debug mode).
11:39:10.315 [pool-7-thread-33] INFO eu.europa.esig.dss.spi.x509.TokenIssuerSelector - The issuer subject name and subject name does not match (more details in debug mode).
11:39:10.315 [pool-7-thread-95] INFO eu.europa.esig.dss.spi.x509.TokenIssuerSelector - CERT ISSUER    : c=lu,ou=pki-test,o=nowina solutions,cn=external-ca
11:39:10.315 [pool-7-thread-33] INFO eu.europa.esig.dss.spi.x509.TokenIssuerSelector - CERT ISSUER    : c=lu,ou=pki-test,o=nowina solutions,cn=external-ca
11:39:10.315 [pool-7-thread-95] INFO eu.europa.esig.dss.spi.x509.TokenIssuerSelector - ISSUER SUBJECT : c=lu,ou=pki-test,o=nowina solutions,cn=external-ca-alternative
11:39:10.315 [pool-7-thread-33] INFO eu.europa.esig.dss.spi.x509.TokenIssuerSelector - ISSUER SUBJECT : c=lu,ou=pki-test,o=nowina solutions,cn=external-ca-alternative
11:39:10.315 [pool-7-thread-33] INFO eu.europa.esig.dss.spi.x509.TokenIssuerSelector - The issuer subject name and subject name does not match (more details in debug mode).
11:39:10.315 [pool-7-thread-33] INFO eu.europa.esig.dss.spi.x509.TokenIssuerSelector - CERT ISSUER    : c=lu,ou=pki-test,o=nowina solutions,cn=external-ca
11:39:10.315 [pool-7-thread-33] INFO eu.europa.esig.dss.spi.x509.TokenIssuerSelector - ISSUER SUBJECT : c=lu,ou=pki-test,o=nowina solutions,cn=external-ca-alternative
11:39:10.319 [pool-7-thread-91] INFO eu.europa.esig.dss.spi.x509.TokenIssuerSelector - The issuer subject name and subject name does not match (more details in debug mode).
11:39:10.319 [pool-7-thread-91] INFO eu.europa.esig.dss.spi.x509.TokenIssuerSelector - CERT ISSUER    : c=lu,ou=pki-test,o=nowina solutions,cn=external-ca
11:39:10.319 [pool-7-thread-91] INFO eu.europa.esig.dss.spi.x509.TokenIssuerSelector - ISSUER SUBJECT : c=lu,ou=pki-test,o=nowina solutions,cn=external-ca-alternative
11:39:10.319 [pool-7-thread-91] INFO eu.europa.esig.dss.spi.x509.TokenIssuerSelector - The issuer subject name and subject name does not match (more details in debug mode).
11:39:10.319 [pool-7-thread-91] INFO eu.europa.esig.dss.spi.x509.TokenIssuerSelector - CERT ISSUER    : c=lu,ou=pki-test,o=nowina solutions,cn=external-ca
11:39:10.319 [pool-7-thread-91] INFO eu.europa.esig.dss.spi.x509.TokenIssuerSelector - ISSUER SUBJECT : c=lu,ou=pki-test,o=nowina solutions,cn=external-ca-alternative
11:39:10.319 [pool-7-thread-97] WARN eu.europa.esig.dss.spi.x509.TokenIssuerSelector - No issuer found for the token creation date. The process continues with an issuer which has the same public key.
11:39:10.319 [pool-7-thread-91] INFO eu.europa.esig.dss.spi.x509.TokenIssuerSelector - The issuer subject name and subject name does not match (more details in debug mode).
11:39:10.319 [pool-7-thread-91] INFO eu.europa.esig.dss.spi.x509.TokenIssuerSelector - CERT ISSUER    : c=lu,ou=pki-test,o=nowina solutions,cn=external-ca
11:39:10.319 [pool-7-thread-91] INFO eu.europa.esig.dss.spi.x509.TokenIssuerSelector - ISSUER SUBJECT : c=lu,ou=pki-test,o=nowina solutions,cn=external-ca-alternative
11:39:10.321 [pool-7-thread-40] WARN eu.europa.esig.dss.spi.x509.TokenIssuerSelector - No issuer found for the token creation date. The process continues with an issuer which has the same public key.
11:39:10.322 [pool-7-thread-99] WARN eu.europa.esig.dss.spi.x509.TokenIssuerSelector - No issuer found for the token creation date. The process continues with an issuer which has the same public key.
11:39:10.323 [pool-7-thread-99] INFO eu.europa.esig.dss.spi.x509.TokenIssuerSelector - The issuer subject name and subject name does not match (more details in debug mode).
11:39:10.323 [pool-7-thread-99] INFO eu.europa.esig.dss.spi.x509.TokenIssuerSelector - CERT ISSUER    : c=lu,ou=pki-test,o=nowina solutions,cn=external-ca
11:39:10.323 [pool-7-thread-99] INFO eu.europa.esig.dss.spi.x509.TokenIssuerSelector - ISSUER SUBJECT : c=lu,ou=pki-test,o=nowina solutions,cn=external-ca-alternative
11:39:10.323 [pool-7-thread-99] INFO eu.europa.esig.dss.spi.x509.TokenIssuerSelector - The issuer subject name and subject name does not match (more details in debug mode).
11:39:10.323 [pool-7-thread-99] INFO eu.europa.esig.dss.spi.x509.TokenIssuerSelector - CERT ISSUER    : c=lu,ou=pki-test,o=nowina solutions,cn=external-ca
11:39:10.323 [pool-7-thread-99] INFO eu.europa.esig.dss.spi.x509.TokenIssuerSelector - ISSUER SUBJECT : c=lu,ou=pki-test,o=nowina solutions,cn=external-ca-alternative
11:39:10.323 [pool-7-thread-99] INFO eu.europa.esig.dss.spi.x509.TokenIssuerSelector - The issuer subject name and subject name does not match (more details in debug mode).
11:39:10.323 [pool-7-thread-99] INFO eu.europa.esig.dss.spi.x509.TokenIssuerSelector - CERT ISSUER    : c=lu,ou=pki-test,o=nowina solutions,cn=external-ca
11:39:10.323 [pool-7-thread-99] INFO eu.europa.esig.dss.spi.x509.TokenIssuerSelector - ISSUER SUBJECT : c=lu,ou=pki-test,o=nowina solutions,cn=external-ca-alternative
11:39:10.327 [pool-7-thread-36] WARN eu.europa.esig.dss.spi.x509.TokenIssuerSelector - No issuer found for the token creation date. The process continues with an issuer which has the same public key.
11:39:10.329 [pool-7-thread-76] INFO eu.europa.esig.dss.spi.x509.TokenIssuerSelector - The issuer subject name and subject name does not match (more details in debug mode).
11:39:10.330 [pool-7-thread-76] INFO eu.europa.esig.dss.spi.x509.TokenIssuerSelector - CERT ISSUER    : c=lu,ou=pki-test,o=nowina solutions,cn=external-ca
11:39:10.330 [pool-7-thread-76] INFO eu.europa.esig.dss.spi.x509.TokenIssuerSelector - ISSUER SUBJECT : c=lu,ou=pki-test,o=nowina solutions,cn=external-ca-alternative
11:39:10.330 [pool-7-thread-76] INFO eu.europa.esig.dss.spi.x509.TokenIssuerSelector - The issuer subject name and subject name does not match (more details in debug mode).
11:39:10.330 [pool-7-thread-76] INFO eu.europa.esig.dss.spi.x509.TokenIssuerSelector - CERT ISSUER    : c=lu,ou=pki-test,o=nowina solutions,cn=external-ca
11:39:10.330 [pool-7-thread-76] INFO eu.europa.esig.dss.spi.x509.TokenIssuerSelector - ISSUER SUBJECT : c=lu,ou=pki-test,o=nowina solutions,cn=external-ca-alternative
11:39:10.330 [pool-7-thread-76] INFO eu.europa.esig.dss.spi.x509.TokenIssuerSelector - The issuer subject name and subject name does not match (more details in debug mode).
11:39:10.330 [pool-7-thread-76] INFO eu.europa.esig.dss.spi.x509.TokenIssuerSelector - CERT ISSUER    : c=lu,ou=pki-test,o=nowina solutions,cn=external-ca
11:39:10.330 [pool-7-thread-76] INFO eu.europa.esig.dss.spi.x509.TokenIssuerSelector - ISSUER SUBJECT : c=lu,ou=pki-test,o=nowina solutions,cn=external-ca-alternative
11:39:10.331 [pool-7-thread-79] INFO eu.europa.esig.dss.spi.x509.TokenIssuerSelector - The issuer subject name and subject name does not match (more details in debug mode).
11:39:10.331 [pool-7-thread-79] INFO eu.europa.esig.dss.spi.x509.TokenIssuerSelector - CERT ISSUER    : c=lu,ou=pki-test,o=nowina solutions,cn=external-ca
11:39:10.331 [pool-7-thread-79] INFO eu.europa.esig.dss.spi.x509.TokenIssuerSelector - ISSUER SUBJECT : c=lu,ou=pki-test,o=nowina solutions,cn=external-ca-alternative
11:39:10.331 [pool-7-thread-79] INFO eu.europa.esig.dss.spi.x509.TokenIssuerSelector - The issuer subject name and subject name does not match (more details in debug mode).
11:39:10.331 [pool-7-thread-79] INFO eu.europa.esig.dss.spi.x509.TokenIssuerSelector - CERT ISSUER    : c=lu,ou=pki-test,o=nowina solutions,cn=external-ca
11:39:10.331 [pool-7-thread-79] INFO eu.europa.esig.dss.spi.x509.TokenIssuerSelector - ISSUER SUBJECT : c=lu,ou=pki-test,o=nowina solutions,cn=external-ca-alternative
11:39:10.331 [pool-7-thread-79] INFO eu.europa.esig.dss.spi.x509.TokenIssuerSelector - The issuer subject name and subject name does not match (more details in debug mode).
11:39:10.331 [pool-7-thread-79] INFO eu.europa.esig.dss.spi.x509.TokenIssuerSelector - CERT ISSUER    : c=lu,ou=pki-test,o=nowina solutions,cn=external-ca
11:39:10.331 [pool-7-thread-79] INFO eu.europa.esig.dss.spi.x509.TokenIssuerSelector - ISSUER SUBJECT : c=lu,ou=pki-test,o=nowina solutions,cn=external-ca-alternative
11:39:10.332 [pool-7-thread-72] WARN eu.europa.esig.dss.spi.x509.TokenIssuerSelector - No issuer found for the token creation date. The process continues with an issuer which has the same public key.
11:39:10.333 [pool-7-thread-10] WARN eu.europa.esig.dss.spi.x509.TokenIssuerSelector - No issuer found for the token creation date. The process continues with an issuer which has the same public key.
11:39:10.335 [pool-7-thread-96] INFO eu.europa.esig.dss.spi.x509.TokenIssuerSelector - The issuer subject name and subject name does not match (more details in debug mode).
11:39:10.335 [pool-7-thread-96] INFO eu.europa.esig.dss.spi.x509.TokenIssuerSelector - CERT ISSUER    : c=lu,ou=pki-test,o=nowina solutions,cn=external-ca
11:39:10.335 [pool-7-thread-96] INFO eu.europa.esig.dss.spi.x509.TokenIssuerSelector - ISSUER SUBJECT : c=lu,ou=pki-test,o=nowina solutions,cn=external-ca-alternative
11:39:10.335 [pool-7-thread-96] INFO eu.europa.esig.dss.spi.x509.TokenIssuerSelector - The issuer subject name and subject name does not match (more details in debug mode).
11:39:10.335 [pool-7-thread-96] INFO eu.europa.esig.dss.spi.x509.TokenIssuerSelector - CERT ISSUER    : c=lu,ou=pki-test,o=nowina solutions,cn=external-ca
11:39:10.335 [pool-7-thread-96] INFO eu.europa.esig.dss.spi.x509.TokenIssuerSelector - ISSUER SUBJECT : c=lu,ou=pki-test,o=nowina solutions,cn=external-ca-alternative
11:39:10.335 [pool-7-thread-96] INFO eu.europa.esig.dss.spi.x509.TokenIssuerSelector - The issuer subject name and subject name does not match (more details in debug mode).
11:39:10.335 [pool-7-thread-96] INFO eu.europa.esig.dss.spi.x509.TokenIssuerSelector - CERT ISSUER    : c=lu,ou=pki-test,o=nowina solutions,cn=external-ca
11:39:10.335 [pool-7-thread-96] INFO eu.europa.esig.dss.spi.x509.TokenIssuerSelector - ISSUER SUBJECT : c=lu,ou=pki-test,o=nowina solutions,cn=external-ca-alternative
11:39:10.335 [pool-7-thread-79] WARN eu.europa.esig.dss.spi.x509.TokenIssuerSelector - No issuer found for the token creation date. The process continues with an issuer which has the same public key.
11:39:10.336 [pool-7-thread-79] WARN eu.europa.esig.dss.spi.x509.TokenIssuerSelector - No issuer found for the token creation date. The process continues with an issuer which has the same public key.
11:39:10.337 [pool-7-thread-100] INFO eu.europa.esig.dss.spi.x509.TokenIssuerSelector - The issuer subject name and subject name does not match (more details in debug mode).
11:39:10.337 [pool-7-thread-100] INFO eu.europa.esig.dss.spi.x509.TokenIssuerSelector - CERT ISSUER    : c=lu,ou=pki-test,o=nowina solutions,cn=external-ca
11:39:10.337 [pool-7-thread-100] INFO eu.europa.esig.dss.spi.x509.TokenIssuerSelector - ISSUER SUBJECT : c=lu,ou=pki-test,o=nowina solutions,cn=external-ca-alternative
11:39:10.337 [pool-7-thread-100] INFO eu.europa.esig.dss.spi.x509.TokenIssuerSelector - The issuer subject name and subject name does not match (more details in debug mode).
11:39:10.337 [pool-7-thread-100] INFO eu.europa.esig.dss.spi.x509.TokenIssuerSelector - CERT ISSUER    : c=lu,ou=pki-test,o=nowina solutions,cn=external-ca
11:39:10.337 [pool-7-thread-100] INFO eu.europa.esig.dss.spi.x509.TokenIssuerSelector - ISSUER SUBJECT : c=lu,ou=pki-test,o=nowina solutions,cn=external-ca-alternative
11:39:10.337 [pool-7-thread-100] INFO eu.europa.esig.dss.spi.x509.TokenIssuerSelector - The issuer subject name and subject name does not match (more details in debug mode).
11:39:10.337 [pool-7-thread-100] INFO eu.europa.esig.dss.spi.x509.TokenIssuerSelector - CERT ISSUER    : c=lu,ou=pki-test,o=nowina solutions,cn=external-ca
11:39:10.337 [pool-7-thread-100] INFO eu.europa.esig.dss.spi.x509.TokenIssuerSelector - ISSUER SUBJECT : c=lu,ou=pki-test,o=nowina solutions,cn=external-ca-alternative
11:39:10.338 [pool-7-thread-44] WARN eu.europa.esig.dss.spi.x509.TokenIssuerSelector - No issuer found for the token creation date. The process continues with an issuer which has the same public key.
11:39:10.339 [pool-7-thread-83] INFO eu.europa.esig.dss.spi.x509.TokenIssuerSelector - The issuer subject name and subject name does not match (more details in debug mode).
11:39:10.339 [pool-7-thread-83] INFO eu.europa.esig.dss.spi.x509.TokenIssuerSelector - CERT ISSUER    : c=lu,ou=pki-test,o=nowina solutions,cn=external-ca
11:39:10.339 [pool-7-thread-83] INFO eu.europa.esig.dss.spi.x509.TokenIssuerSelector - ISSUER SUBJECT : c=lu,ou=pki-test,o=nowina solutions,cn=external-ca-alternative
11:39:10.339 [pool-7-thread-88] WARN eu.europa.esig.dss.spi.x509.TokenIssuerSelector - No issuer found for the token creation date. The process continues with an issuer which has the same public key.
11:39:10.339 [pool-7-thread-83] INFO eu.europa.esig.dss.spi.x509.TokenIssuerSelector - The issuer subject name and subject name does not match (more details in debug mode).
11:39:10.339 [pool-7-thread-83] INFO eu.europa.esig.dss.spi.x509.TokenIssuerSelector - CERT ISSUER    : c=lu,ou=pki-test,o=nowina solutions,cn=external-ca
11:39:10.339 [pool-7-thread-83] INFO eu.europa.esig.dss.spi.x509.TokenIssuerSelector - ISSUER SUBJECT : c=lu,ou=pki-test,o=nowina solutions,cn=external-ca-alternative
11:39:10.339 [pool-7-thread-83] INFO eu.europa.esig.dss.spi.x509.TokenIssuerSelector - The issuer subject name and subject name does not match (more details in debug mode).
11:39:10.339 [pool-7-thread-83] INFO eu.europa.esig.dss.spi.x509.TokenIssuerSelector - CERT ISSUER    : c=lu,ou=pki-test,o=nowina solutions,cn=external-ca
11:39:10.339 [pool-7-thread-83] INFO eu.europa.esig.dss.spi.x509.TokenIssuerSelector - ISSUER SUBJECT : c=lu,ou=pki-test,o=nowina solutions,cn=external-ca-alternative
11:39:10.340 [pool-7-thread-88] WARN eu.europa.esig.dss.spi.x509.TokenIssuerSelector - No issuer found for the token creation date. The process continues with an issuer which has the same public key.
11:39:10.341 [pool-7-thread-63] WARN eu.europa.esig.dss.spi.x509.TokenIssuerSelector - No issuer found for the token creation date. The process continues with an issuer which has the same public key.
11:39:10.342 [pool-7-thread-67] INFO eu.europa.esig.dss.spi.x509.TokenIssuerSelector - The issuer subject name and subject name does not match (more details in debug mode).
11:39:10.342 [pool-7-thread-67] INFO eu.europa.esig.dss.spi.x509.TokenIssuerSelector - CERT ISSUER    : c=lu,ou=pki-test,o=nowina solutions,cn=external-ca
11:39:10.342 [pool-7-thread-67] INFO eu.europa.esig.dss.spi.x509.TokenIssuerSelector - ISSUER SUBJECT : c=lu,ou=pki-test,o=nowina solutions,cn=external-ca-alternative
11:39:10.342 [pool-7-thread-67] INFO eu.europa.esig.dss.spi.x509.TokenIssuerSelector - The issuer subject name and subject name does not match (more details in debug mode).
11:39:10.342 [pool-7-thread-67] INFO eu.europa.esig.dss.spi.x509.TokenIssuerSelector - CERT ISSUER    : c=lu,ou=pki-test,o=nowina solutions,cn=external-ca
11:39:10.342 [pool-7-thread-67] INFO eu.europa.esig.dss.spi.x509.TokenIssuerSelector - ISSUER SUBJECT : c=lu,ou=pki-test,o=nowina solutions,cn=external-ca-alternative
11:39:10.342 [pool-7-thread-67] INFO eu.europa.esig.dss.spi.x509.TokenIssuerSelector - The issuer subject name and subject name does not match (more details in debug mode).
11:39:10.342 [pool-7-thread-67] INFO eu.europa.esig.dss.spi.x509.TokenIssuerSelector - CERT ISSUER    : c=lu,ou=pki-test,o=nowina solutions,cn=external-ca
11:39:10.342 [pool-7-thread-67] INFO eu.europa.esig.dss.spi.x509.TokenIssuerSelector - ISSUER SUBJECT : c=lu,ou=pki-test,o=nowina solutions,cn=external-ca-alternative
11:39:10.343 [pool-7-thread-39] WARN eu.europa.esig.dss.spi.x509.TokenIssuerSelector - No issuer found for the token creation date. The process continues with an issuer which has the same public key.
11:39:10.344 [pool-7-thread-39] WARN eu.europa.esig.dss.spi.x509.TokenIssuerSelector - No issuer found for the token creation date. The process continues with an issuer which has the same public key.
11:39:10.346 [pool-7-thread-39] INFO eu.europa.esig.dss.spi.x509.TokenIssuerSelector - The issuer subject name and subject name does not match (more details in debug mode).
11:39:10.346 [pool-7-thread-39] INFO eu.europa.esig.dss.spi.x509.TokenIssuerSelector - CERT ISSUER    : c=lu,ou=pki-test,o=nowina solutions,cn=external-ca
11:39:10.346 [pool-7-thread-67] WARN eu.europa.esig.dss.spi.x509.TokenIssuerSelector - No issuer found for the token creation date. The process continues with an issuer which has the same public key.
11:39:10.346 [pool-7-thread-39] INFO eu.europa.esig.dss.spi.x509.TokenIssuerSelector - ISSUER SUBJECT : c=lu,ou=pki-test,o=nowina solutions,cn=external-ca-alternative
11:39:10.346 [pool-7-thread-39] INFO eu.europa.esig.dss.spi.x509.TokenIssuerSelector - The issuer subject name and subject name does not match (more details in debug mode).
11:39:10.346 [pool-7-thread-39] INFO eu.europa.esig.dss.spi.x509.TokenIssuerSelector - CERT ISSUER    : c=lu,ou=pki-test,o=nowina solutions,cn=external-ca
11:39:10.346 [pool-7-thread-39] INFO eu.europa.esig.dss.spi.x509.TokenIssuerSelector - ISSUER SUBJECT : c=lu,ou=pki-test,o=nowina solutions,cn=external-ca-alternative
11:39:10.346 [pool-7-thread-39] INFO eu.europa.esig.dss.spi.x509.TokenIssuerSelector - The issuer subject name and subject name does not match (more details in debug mode).
11:39:10.346 [pool-7-thread-39] INFO eu.europa.esig.dss.spi.x509.TokenIssuerSelector - CERT ISSUER    : c=lu,ou=pki-test,o=nowina solutions,cn=external-ca
11:39:10.346 [pool-7-thread-39] INFO eu.europa.esig.dss.spi.x509.TokenIssuerSelector - ISSUER SUBJECT : c=lu,ou=pki-test,o=nowina solutions,cn=external-ca-alternative
11:39:10.348 [pool-7-thread-71] WARN eu.europa.esig.dss.spi.x509.TokenIssuerSelector - No issuer found for the token creation date. The process continues with an issuer which has the same public key.
11:39:10.349 [pool-7-thread-68] WARN eu.europa.esig.dss.spi.x509.TokenIssuerSelector - No issuer found for the token creation date. The process continues with an issuer which has the same public key.
11:39:10.352 [pool-7-thread-75] INFO eu.europa.esig.dss.spi.x509.TokenIssuerSelector - The issuer subject name and subject name does not match (more details in debug mode).
11:39:10.357 [pool-7-thread-75] INFO eu.europa.esig.dss.spi.x509.TokenIssuerSelector - CERT ISSUER    : c=lu,ou=pki-test,o=nowina solutions,cn=external-ca
11:39:10.357 [pool-7-thread-75] INFO eu.europa.esig.dss.spi.x509.TokenIssuerSelector - ISSUER SUBJECT : c=lu,ou=pki-test,o=nowina solutions,cn=external-ca-alternative
11:39:10.357 [pool-7-thread-75] INFO eu.europa.esig.dss.spi.x509.TokenIssuerSelector - The issuer subject name and subject name does not match (more details in debug mode).
11:39:10.357 [pool-7-thread-75] INFO eu.europa.esig.dss.spi.x509.TokenIssuerSelector - CERT ISSUER    : c=lu,ou=pki-test,o=nowina solutions,cn=external-ca
11:39:10.357 [pool-7-thread-75] INFO eu.europa.esig.dss.spi.x509.TokenIssuerSelector - ISSUER SUBJECT : c=lu,ou=pki-test,o=nowina solutions,cn=external-ca-alternative
11:39:10.357 [pool-7-thread-75] INFO eu.europa.esig.dss.spi.x509.TokenIssuerSelector - The issuer subject name and subject name does not match (more details in debug mode).
11:39:10.357 [pool-7-thread-75] INFO eu.europa.esig.dss.spi.x509.TokenIssuerSelector - CERT ISSUER    : c=lu,ou=pki-test,o=nowina solutions,cn=external-ca
11:39:10.357 [pool-7-thread-75] INFO eu.europa.esig.dss.spi.x509.TokenIssuerSelector - ISSUER SUBJECT : c=lu,ou=pki-test,o=nowina solutions,cn=external-ca-alternative
11:39:10.358 [pool-7-thread-81] WARN eu.europa.esig.dss.spi.x509.TokenIssuerSelector - No issuer found for the token creation date. The process continues with an issuer which has the same public key.
11:39:10.358 [pool-7-thread-80] INFO eu.europa.esig.dss.spi.x509.TokenIssuerSelector - The issuer subject name and subject name does not match (more details in debug mode).
11:39:10.358 [pool-7-thread-80] INFO eu.europa.esig.dss.spi.x509.TokenIssuerSelector - CERT ISSUER    : c=lu,ou=pki-test,o=nowina solutions,cn=external-ca
11:39:10.358 [pool-7-thread-80] INFO eu.europa.esig.dss.spi.x509.TokenIssuerSelector - ISSUER SUBJECT : c=lu,ou=pki-test,o=nowina solutions,cn=external-ca-alternative
11:39:10.358 [pool-7-thread-80] INFO eu.europa.esig.dss.spi.x509.TokenIssuerSelector - The issuer subject name and subject name does not match (more details in debug mode).
11:39:10.358 [pool-7-thread-80] INFO eu.europa.esig.dss.spi.x509.TokenIssuerSelector - CERT ISSUER    : c=lu,ou=pki-test,o=nowina solutions,cn=external-ca
11:39:10.358 [pool-7-thread-80] INFO eu.europa.esig.dss.spi.x509.TokenIssuerSelector - ISSUER SUBJECT : c=lu,ou=pki-test,o=nowina solutions,cn=external-ca-alternative
11:39:10.358 [pool-7-thread-80] INFO eu.europa.esig.dss.spi.x509.TokenIssuerSelector - The issuer subject name and subject name does not match (more details in debug mode).
11:39:10.358 [pool-7-thread-80] INFO eu.europa.esig.dss.spi.x509.TokenIssuerSelector - CERT ISSUER    : c=lu,ou=pki-test,o=nowina solutions,cn=external-ca
11:39:10.358 [pool-7-thread-80] INFO eu.europa.esig.dss.spi.x509.TokenIssuerSelector - ISSUER SUBJECT : c=lu,ou=pki-test,o=nowina solutions,cn=external-ca-alternative
11:39:10.363 [pool-7-thread-18] INFO eu.europa.esig.dss.spi.x509.TokenIssuerSelector - The issuer subject name and subject name does not match (more details in debug mode).
11:39:10.363 [pool-7-thread-18] INFO eu.europa.esig.dss.spi.x509.TokenIssuerSelector - CERT ISSUER    : c=lu,ou=pki-test,o=nowina solutions,cn=external-ca
11:39:10.363 [pool-7-thread-18] INFO eu.europa.esig.dss.spi.x509.TokenIssuerSelector - ISSUER SUBJECT : c=lu,ou=pki-test,o=nowina solutions,cn=external-ca-alternative
11:39:10.363 [pool-7-thread-18] INFO eu.europa.esig.dss.spi.x509.TokenIssuerSelector - The issuer subject name and subject name does not match (more details in debug mode).
11:39:10.363 [pool-7-thread-18] INFO eu.europa.esig.dss.spi.x509.TokenIssuerSelector - CERT ISSUER    : c=lu,ou=pki-test,o=nowina solutions,cn=external-ca
11:39:10.363 [pool-7-thread-18] INFO eu.europa.esig.dss.spi.x509.TokenIssuerSelector - ISSUER SUBJECT : c=lu,ou=pki-test,o=nowina solutions,cn=external-ca-alternative
11:39:10.363 [pool-7-thread-18] INFO eu.europa.esig.dss.spi.x509.TokenIssuerSelector - The issuer subject name and subject name does not match (more details in debug mode).
11:39:10.363 [pool-7-thread-18] INFO eu.europa.esig.dss.spi.x509.TokenIssuerSelector - CERT ISSUER    : c=lu,ou=pki-test,o=nowina solutions,cn=external-ca
11:39:10.363 [pool-7-thread-18] INFO eu.europa.esig.dss.spi.x509.TokenIssuerSelector - ISSUER SUBJECT : c=lu,ou=pki-test,o=nowina solutions,cn=external-ca-alternative
11:39:10.364 [pool-7-thread-64] WARN eu.europa.esig.dss.spi.x509.TokenIssuerSelector - No issuer found for the token creation date. The process continues with an issuer which has the same public key.
11:39:10.364 [pool-7-thread-85] WARN eu.europa.esig.dss.spi.x509.TokenIssuerSelector - No issuer found for the token creation date. The process continues with an issuer which has the same public key.
11:39:10.365 [pool-7-thread-85] WARN eu.europa.esig.dss.spi.x509.TokenIssuerSelector - No issuer found for the token creation date. The process continues with an issuer which has the same public key.
11:39:10.368 [pool-7-thread-18] WARN eu.europa.esig.dss.spi.x509.TokenIssuerSelector - No issuer found for the token creation date. The process continues with an issuer which has the same public key.
11:39:10.370 [pool-7-thread-18] WARN eu.europa.esig.dss.spi.x509.TokenIssuerSelector - No issuer found for the token creation date. The process continues with an issuer which has the same public key.
11:39:10.371 [pool-7-thread-45] INFO eu.europa.esig.dss.spi.x509.TokenIssuerSelector - The issuer subject name and subject name does not match (more details in debug mode).
11:39:10.371 [pool-7-thread-45] INFO eu.europa.esig.dss.spi.x509.TokenIssuerSelector - CERT ISSUER    : c=lu,ou=pki-test,o=nowina solutions,cn=external-ca
11:39:10.371 [pool-7-thread-45] INFO eu.europa.esig.dss.spi.x509.TokenIssuerSelector - ISSUER SUBJECT : c=lu,ou=pki-test,o=nowina solutions,cn=external-ca-alternative
11:39:10.371 [pool-7-thread-45] INFO eu.europa.esig.dss.spi.x509.TokenIssuerSelector - The issuer subject name and subject name does not match (more details in debug mode).
11:39:10.371 [pool-7-thread-45] INFO eu.europa.esig.dss.spi.x509.TokenIssuerSelector - CERT ISSUER    : c=lu,ou=pki-test,o=nowina solutions,cn=external-ca
11:39:10.371 [pool-7-thread-45] INFO eu.europa.esig.dss.spi.x509.TokenIssuerSelector - ISSUER SUBJECT : c=lu,ou=pki-test,o=nowina solutions,cn=external-ca-alternative
11:39:10.371 [pool-7-thread-45] INFO eu.europa.esig.dss.spi.x509.TokenIssuerSelector - The issuer subject name and subject name does not match (more details in debug mode).
11:39:10.371 [pool-7-thread-45] INFO eu.europa.esig.dss.spi.x509.TokenIssuerSelector - CERT ISSUER    : c=lu,ou=pki-test,o=nowina solutions,cn=external-ca
11:39:10.371 [pool-7-thread-45] INFO eu.europa.esig.dss.spi.x509.TokenIssuerSelector - ISSUER SUBJECT : c=lu,ou=pki-test,o=nowina solutions,cn=external-ca-alternative
11:39:10.372 [pool-7-thread-89] WARN eu.europa.esig.dss.spi.x509.TokenIssuerSelector - No issuer found for the token creation date. The process continues with an issuer which has the same public key.
11:39:10.373 [pool-7-thread-89] WARN eu.europa.esig.dss.spi.x509.TokenIssuerSelector - No issuer found for the token creation date. The process continues with an issuer which has the same public key.
11:39:10.375 [pool-7-thread-5] WARN eu.europa.esig.dss.spi.x509.TokenIssuerSelector - No issuer found for the token creation date. The process continues with an issuer which has the same public key.
11:39:10.375 [pool-7-thread-89] INFO eu.europa.esig.dss.spi.x509.TokenIssuerSelector - The issuer subject name and subject name does not match (more details in debug mode).
11:39:10.375 [pool-7-thread-89] INFO eu.europa.esig.dss.spi.x509.TokenIssuerSelector - CERT ISSUER    : c=lu,ou=pki-test,o=nowina solutions,cn=external-ca
11:39:10.375 [pool-7-thread-89] INFO eu.europa.esig.dss.spi.x509.TokenIssuerSelector - ISSUER SUBJECT : c=lu,ou=pki-test,o=nowina solutions,cn=external-ca-alternative
11:39:10.375 [pool-7-thread-89] INFO eu.europa.esig.dss.spi.x509.TokenIssuerSelector - The issuer subject name and subject name does not match (more details in debug mode).
11:39:10.375 [pool-7-thread-89] INFO eu.europa.esig.dss.spi.x509.TokenIssuerSelector - CERT ISSUER    : c=lu,ou=pki-test,o=nowina solutions,cn=external-ca
11:39:10.375 [pool-7-thread-89] INFO eu.europa.esig.dss.spi.x509.TokenIssuerSelector - ISSUER SUBJECT : c=lu,ou=pki-test,o=nowina solutions,cn=external-ca-alternative
11:39:10.375 [pool-7-thread-89] INFO eu.europa.esig.dss.spi.x509.TokenIssuerSelector - The issuer subject name and subject name does not match (more details in debug mode).
11:39:10.375 [pool-7-thread-89] INFO eu.europa.esig.dss.spi.x509.TokenIssuerSelector - CERT ISSUER    : c=lu,ou=pki-test,o=nowina solutions,cn=external-ca
11:39:10.375 [pool-7-thread-89] INFO eu.europa.esig.dss.spi.x509.TokenIssuerSelector - ISSUER SUBJECT : c=lu,ou=pki-test,o=nowina solutions,cn=external-ca-alternative
11:39:10.376 [pool-7-thread-84] WARN eu.europa.esig.dss.spi.x509.TokenIssuerSelector - No issuer found for the token creation date. The process continues with an issuer which has the same public key.
11:39:10.377 [pool-7-thread-34] WARN eu.europa.esig.dss.spi.x509.TokenIssuerSelector - No issuer found for the token creation date. The process continues with an issuer which has the same public key.
11:39:10.378 [pool-7-thread-34] WARN eu.europa.esig.dss.spi.x509.TokenIssuerSelector - No issuer found for the token creation date. The process continues with an issuer which has the same public key.
11:39:10.379 [pool-7-thread-86] WARN eu.europa.esig.dss.spi.x509.TokenIssuerSelector - No issuer found for the token creation date. The process continues with an issuer which has the same public key.
11:39:10.379 [pool-7-thread-69] WARN eu.europa.esig.dss.spi.x509.TokenIssuerSelector - No issuer found for the token creation date. The process continues with an issuer which has the same public key.
11:39:10.380 [pool-7-thread-77] WARN eu.europa.esig.dss.spi.x509.TokenIssuerSelector - No issuer found for the token creation date. The process continues with an issuer which has the same public key.
11:39:10.381 [pool-7-thread-73] WARN eu.europa.esig.dss.spi.x509.TokenIssuerSelector - No issuer found for the token creation date. The process continues with an issuer which has the same public key.
11:39:10.383 [pool-7-thread-32] WARN eu.europa.esig.dss.spi.x509.TokenIssuerSelector - No issuer found for the token creation date. The process continues with an issuer which has the same public key.
11:39:10.383 [pool-7-thread-87] WARN eu.europa.esig.dss.spi.x509.TokenIssuerSelector - No issuer found for the token creation date. The process continues with an issuer which has the same public key.
11:39:10.386 [pool-7-thread-70] INFO eu.europa.esig.dss.spi.x509.TokenIssuerSelector - The issuer subject name and subject name does not match (more details in debug mode).
11:39:10.386 [pool-7-thread-70] INFO eu.europa.esig.dss.spi.x509.TokenIssuerSelector - CERT ISSUER    : c=lu,ou=pki-test,o=nowina solutions,cn=external-ca
11:39:10.386 [pool-7-thread-70] INFO eu.europa.esig.dss.spi.x509.TokenIssuerSelector - ISSUER SUBJECT : c=lu,ou=pki-test,o=nowina solutions,cn=external-ca-alternative
11:39:10.386 [pool-7-thread-70] INFO eu.europa.esig.dss.spi.x509.TokenIssuerSelector - The issuer subject name and subject name does not match (more details in debug mode).
11:39:10.386 [pool-7-thread-70] INFO eu.europa.esig.dss.spi.x509.TokenIssuerSelector - CERT ISSUER    : c=lu,ou=pki-test,o=nowina solutions,cn=external-ca
11:39:10.386 [pool-7-thread-70] INFO eu.europa.esig.dss.spi.x509.TokenIssuerSelector - ISSUER SUBJECT : c=lu,ou=pki-test,o=nowina solutions,cn=external-ca-alternative
11:39:10.386 [pool-7-thread-70] INFO eu.europa.esig.dss.spi.x509.TokenIssuerSelector - The issuer subject name and subject name does not match (more details in debug mode).
11:39:10.386 [pool-7-thread-70] INFO eu.europa.esig.dss.spi.x509.TokenIssuerSelector - CERT ISSUER    : c=lu,ou=pki-test,o=nowina solutions,cn=external-ca
11:39:10.386 [pool-7-thread-70] INFO eu.europa.esig.dss.spi.x509.TokenIssuerSelector - ISSUER SUBJECT : c=lu,ou=pki-test,o=nowina solutions,cn=external-ca-alternative
11:39:10.387 [pool-7-thread-74] WARN eu.europa.esig.dss.spi.x509.TokenIssuerSelector - No issuer found for the token creation date. The process continues with an issuer which has the same public key.
11:39:10.387 [pool-7-thread-20] INFO eu.europa.esig.dss.spi.x509.TokenIssuerSelector - The issuer subject name and subject name does not match (more details in debug mode).
11:39:10.387 [pool-7-thread-20] INFO eu.europa.esig.dss.spi.x509.TokenIssuerSelector - CERT ISSUER    : c=lu,ou=pki-test,o=nowina solutions,cn=external-ca
11:39:10.387 [pool-7-thread-20] INFO eu.europa.esig.dss.spi.x509.TokenIssuerSelector - ISSUER SUBJECT : c=lu,ou=pki-test,o=nowina solutions,cn=external-ca-alternative
11:39:10.387 [pool-7-thread-20] INFO eu.europa.esig.dss.spi.x509.TokenIssuerSelector - The issuer subject name and subject name does not match (more details in debug mode).
11:39:10.387 [pool-7-thread-20] INFO eu.europa.esig.dss.spi.x509.TokenIssuerSelector - CERT ISSUER    : c=lu,ou=pki-test,o=nowina solutions,cn=external-ca
11:39:10.387 [pool-7-thread-20] INFO eu.europa.esig.dss.spi.x509.TokenIssuerSelector - ISSUER SUBJECT : c=lu,ou=pki-test,o=nowina solutions,cn=external-ca-alternative
11:39:10.387 [pool-7-thread-20] INFO eu.europa.esig.dss.spi.x509.TokenIssuerSelector - The issuer subject name and subject name does not match (more details in debug mode).
11:39:10.387 [pool-7-thread-20] INFO eu.europa.esig.dss.spi.x509.TokenIssuerSelector - CERT ISSUER    : c=lu,ou=pki-test,o=nowina solutions,cn=external-ca
11:39:10.387 [pool-7-thread-20] INFO eu.europa.esig.dss.spi.x509.TokenIssuerSelector - ISSUER SUBJECT : c=lu,ou=pki-test,o=nowina solutions,cn=external-ca-alternative
11:39:10.387 [pool-7-thread-16] WARN eu.europa.esig.dss.spi.x509.TokenIssuerSelector - No issuer found for the token creation date. The process continues with an issuer which has the same public key.
11:39:10.389 [pool-7-thread-16] INFO eu.europa.esig.dss.spi.x509.TokenIssuerSelector - The issuer subject name and subject name does not match (more details in debug mode).
11:39:10.389 [pool-7-thread-16] INFO eu.europa.esig.dss.spi.x509.TokenIssuerSelector - CERT ISSUER    : c=lu,ou=pki-test,o=nowina solutions,cn=external-ca
11:39:10.389 [pool-7-thread-16] INFO eu.europa.esig.dss.spi.x509.TokenIssuerSelector - ISSUER SUBJECT : c=lu,ou=pki-test,o=nowina solutions,cn=external-ca-alternative
11:39:10.389 [pool-7-thread-16] INFO eu.europa.esig.dss.spi.x509.TokenIssuerSelector - The issuer subject name and subject name does not match (more details in debug mode).
11:39:10.389 [pool-7-thread-16] INFO eu.europa.esig.dss.spi.x509.TokenIssuerSelector - CERT ISSUER    : c=lu,ou=pki-test,o=nowina solutions,cn=external-ca
11:39:10.389 [pool-7-thread-16] INFO eu.europa.esig.dss.spi.x509.TokenIssuerSelector - ISSUER SUBJECT : c=lu,ou=pki-test,o=nowina solutions,cn=external-ca-alternative
11:39:10.389 [pool-7-thread-16] INFO eu.europa.esig.dss.spi.x509.TokenIssuerSelector - The issuer subject name and subject name does not match (more details in debug mode).
11:39:10.389 [pool-7-thread-16] INFO eu.europa.esig.dss.spi.x509.TokenIssuerSelector - CERT ISSUER    : c=lu,ou=pki-test,o=nowina solutions,cn=external-ca
11:39:10.389 [pool-7-thread-16] INFO eu.europa.esig.dss.spi.x509.TokenIssuerSelector - ISSUER SUBJECT : c=lu,ou=pki-test,o=nowina solutions,cn=external-ca-alternative
11:39:10.391 [pool-7-thread-43] WARN eu.europa.esig.dss.spi.x509.TokenIssuerSelector - No issuer found for the token creation date. The process continues with an issuer which has the same public key.
11:39:10.391 [pool-7-thread-38] WARN eu.europa.esig.dss.spi.x509.TokenIssuerSelector - No issuer found for the token creation date. The process continues with an issuer which has the same public key.
11:39:10.392 [pool-7-thread-1] WARN eu.europa.esig.dss.spi.x509.TokenIssuerSelector - No issuer found for the token creation date. The process continues with an issuer which has the same public key.
11:39:10.393 [pool-7-thread-2] WARN eu.europa.esig.dss.spi.x509.TokenIssuerSelector - No issuer found for the token creation date. The process continues with an issuer which has the same public key.
11:39:10.397 [pool-7-thread-66] WARN eu.europa.esig.dss.spi.x509.TokenIssuerSelector - No issuer found for the token creation date. The process continues with an issuer which has the same public key.
11:39:10.398 [pool-7-thread-66] WARN eu.europa.esig.dss.spi.x509.TokenIssuerSelector - No issuer found for the token creation date. The process continues with an issuer which has the same public key.
11:39:10.398 [pool-7-thread-2] INFO eu.europa.esig.dss.spi.x509.TokenIssuerSelector - The issuer subject name and subject name does not match (more details in debug mode).
11:39:10.398 [pool-7-thread-2] INFO eu.europa.esig.dss.spi.x509.TokenIssuerSelector - CERT ISSUER    : c=lu,ou=pki-test,o=nowina solutions,cn=external-ca
11:39:10.398 [pool-7-thread-2] INFO eu.europa.esig.dss.spi.x509.TokenIssuerSelector - ISSUER SUBJECT : c=lu,ou=pki-test,o=nowina solutions,cn=external-ca-alternative
11:39:10.398 [pool-7-thread-2] INFO eu.europa.esig.dss.spi.x509.TokenIssuerSelector - The issuer subject name and subject name does not match (more details in debug mode).
11:39:10.398 [pool-7-thread-2] INFO eu.europa.esig.dss.spi.x509.TokenIssuerSelector - CERT ISSUER    : c=lu,ou=pki-test,o=nowina solutions,cn=external-ca
11:39:10.398 [pool-7-thread-2] INFO eu.europa.esig.dss.spi.x509.TokenIssuerSelector - ISSUER SUBJECT : c=lu,ou=pki-test,o=nowina solutions,cn=external-ca-alternative
11:39:10.398 [pool-7-thread-2] INFO eu.europa.esig.dss.spi.x509.TokenIssuerSelector - The issuer subject name and subject name does not match (more details in debug mode).
11:39:10.398 [pool-7-thread-2] INFO eu.europa.esig.dss.spi.x509.TokenIssuerSelector - CERT ISSUER    : c=lu,ou=pki-test,o=nowina solutions,cn=external-ca
11:39:10.398 [pool-7-thread-2] INFO eu.europa.esig.dss.spi.x509.TokenIssuerSelector - ISSUER SUBJECT : c=lu,ou=pki-test,o=nowina solutions,cn=external-ca-alternative
11:39:10.401 [pool-7-thread-66] INFO eu.europa.esig.dss.spi.x509.TokenIssuerSelector - The issuer subject name and subject name does not match (more details in debug mode).
11:39:10.401 [pool-7-thread-66] INFO eu.europa.esig.dss.spi.x509.TokenIssuerSelector - CERT ISSUER    : c=lu,ou=pki-test,o=nowina solutions,cn=external-ca
11:39:10.401 [pool-7-thread-66] INFO eu.europa.esig.dss.spi.x509.TokenIssuerSelector - ISSUER SUBJECT : c=lu,ou=pki-test,o=nowina solutions,cn=external-ca-alternative
11:39:10.401 [pool-7-thread-42] WARN eu.europa.esig.dss.spi.x509.TokenIssuerSelector - No issuer found for the token creation date. The process continues with an issuer which has the same public key.
11:39:10.401 [pool-7-thread-66] INFO eu.europa.esig.dss.spi.x509.TokenIssuerSelector - The issuer subject name and subject name does not match (more details in debug mode).
11:39:10.401 [pool-7-thread-66] INFO eu.europa.esig.dss.spi.x509.TokenIssuerSelector - CERT ISSUER    : c=lu,ou=pki-test,o=nowina solutions,cn=external-ca
11:39:10.402 [pool-7-thread-66] INFO eu.europa.esig.dss.spi.x509.TokenIssuerSelector - ISSUER SUBJECT : c=lu,ou=pki-test,o=nowina solutions,cn=external-ca-alternative
11:39:10.402 [pool-7-thread-66] INFO eu.europa.esig.dss.spi.x509.TokenIssuerSelector - The issuer subject name and subject name does not match (more details in debug mode).
11:39:10.402 [pool-7-thread-66] INFO eu.europa.esig.dss.spi.x509.TokenIssuerSelector - CERT ISSUER    : c=lu,ou=pki-test,o=nowina solutions,cn=external-ca
11:39:10.402 [pool-7-thread-66] INFO eu.europa.esig.dss.spi.x509.TokenIssuerSelector - ISSUER SUBJECT : c=lu,ou=pki-test,o=nowina solutions,cn=external-ca-alternative
11:39:10.403 [pool-7-thread-42] INFO eu.europa.esig.dss.spi.x509.TokenIssuerSelector - The issuer subject name and subject name does not match (more details in debug mode).
11:39:10.403 [pool-7-thread-42] INFO eu.europa.esig.dss.spi.x509.TokenIssuerSelector - CERT ISSUER    : c=lu,ou=pki-test,o=nowina solutions,cn=external-ca
11:39:10.403 [pool-7-thread-42] INFO eu.europa.esig.dss.spi.x509.TokenIssuerSelector - ISSUER SUBJECT : c=lu,ou=pki-test,o=nowina solutions,cn=external-ca-alternative
11:39:10.403 [pool-7-thread-42] INFO eu.europa.esig.dss.spi.x509.TokenIssuerSelector - The issuer subject name and subject name does not match (more details in debug mode).
11:39:10.403 [pool-7-thread-42] INFO eu.europa.esig.dss.spi.x509.TokenIssuerSelector - CERT ISSUER    : c=lu,ou=pki-test,o=nowina solutions,cn=external-ca
11:39:10.403 [pool-7-thread-42] INFO eu.europa.esig.dss.spi.x509.TokenIssuerSelector - ISSUER SUBJECT : c=lu,ou=pki-test,o=nowina solutions,cn=external-ca-alternative
11:39:10.403 [pool-7-thread-42] INFO eu.europa.esig.dss.spi.x509.TokenIssuerSelector - The issuer subject name and subject name does not match (more details in debug mode).
11:39:10.403 [pool-7-thread-42] INFO eu.europa.esig.dss.spi.x509.TokenIssuerSelector - CERT ISSUER    : c=lu,ou=pki-test,o=nowina solutions,cn=external-ca
11:39:10.403 [pool-7-thread-42] INFO eu.europa.esig.dss.spi.x509.TokenIssuerSelector - ISSUER SUBJECT : c=lu,ou=pki-test,o=nowina solutions,cn=external-ca-alternative
11:39:10.404 [pool-7-thread-66] WARN eu.europa.esig.dss.spi.x509.TokenIssuerSelector - No issuer found for the token creation date. The process continues with an issuer which has the same public key.
11:39:10.405 [pool-7-thread-62] WARN eu.europa.esig.dss.spi.x509.TokenIssuerSelector - No issuer found for the token creation date. The process continues with an issuer which has the same public key.
11:39:10.407 [pool-7-thread-19] WARN eu.europa.esig.dss.spi.x509.TokenIssuerSelector - No issuer found for the token creation date. The process continues with an issuer which has the same public key.
11:39:10.408 [pool-7-thread-9] INFO eu.europa.esig.dss.spi.x509.TokenIssuerSelector - The issuer subject name and subject name does not match (more details in debug mode).
11:39:10.408 [pool-7-thread-9] INFO eu.europa.esig.dss.spi.x509.TokenIssuerSelector - CERT ISSUER    : c=lu,ou=pki-test,o=nowina solutions,cn=external-ca
11:39:10.408 [pool-7-thread-9] INFO eu.europa.esig.dss.spi.x509.TokenIssuerSelector - ISSUER SUBJECT : c=lu,ou=pki-test,o=nowina solutions,cn=external-ca-alternative
11:39:10.408 [pool-7-thread-9] INFO eu.europa.esig.dss.spi.x509.TokenIssuerSelector - The issuer subject name and subject name does not match (more details in debug mode).
11:39:10.408 [pool-7-thread-9] INFO eu.europa.esig.dss.spi.x509.TokenIssuerSelector - CERT ISSUER    : c=lu,ou=pki-test,o=nowina solutions,cn=external-ca
11:39:10.408 [pool-7-thread-9] INFO eu.europa.esig.dss.spi.x509.TokenIssuerSelector - ISSUER SUBJECT : c=lu,ou=pki-test,o=nowina solutions,cn=external-ca-alternative
11:39:10.408 [pool-7-thread-9] INFO eu.europa.esig.dss.spi.x509.TokenIssuerSelector - The issuer subject name and subject name does not match (more details in debug mode).
11:39:10.408 [pool-7-thread-9] INFO eu.europa.esig.dss.spi.x509.TokenIssuerSelector - CERT ISSUER    : c=lu,ou=pki-test,o=nowina solutions,cn=external-ca
11:39:10.408 [pool-7-thread-9] INFO eu.europa.esig.dss.spi.x509.TokenIssuerSelector - ISSUER SUBJECT : c=lu,ou=pki-test,o=nowina solutions,cn=external-ca-alternative
11:39:10.408 [pool-7-thread-19] INFO eu.europa.esig.dss.spi.x509.TokenIssuerSelector - The issuer subject name and subject name does not match (more details in debug mode).
11:39:10.408 [pool-7-thread-19] INFO eu.europa.esig.dss.spi.x509.TokenIssuerSelector - CERT ISSUER    : c=lu,ou=pki-test,o=nowina solutions,cn=external-ca
11:39:10.408 [pool-7-thread-19] INFO eu.europa.esig.dss.spi.x509.TokenIssuerSelector - ISSUER SUBJECT : c=lu,ou=pki-test,o=nowina solutions,cn=external-ca-alternative
11:39:10.408 [pool-7-thread-19] INFO eu.europa.esig.dss.spi.x509.TokenIssuerSelector - The issuer subject name and subject name does not match (more details in debug mode).
11:39:10.408 [pool-7-thread-19] INFO eu.europa.esig.dss.spi.x509.TokenIssuerSelector - CERT ISSUER    : c=lu,ou=pki-test,o=nowina solutions,cn=external-ca
11:39:10.408 [pool-7-thread-19] INFO eu.europa.esig.dss.spi.x509.TokenIssuerSelector - ISSUER SUBJECT : c=lu,ou=pki-test,o=nowina solutions,cn=external-ca-alternative
11:39:10.408 [pool-7-thread-19] INFO eu.europa.esig.dss.spi.x509.TokenIssuerSelector - The issuer subject name and subject name does not match (more details in debug mode).
11:39:10.408 [pool-7-thread-19] INFO eu.europa.esig.dss.spi.x509.TokenIssuerSelector - CERT ISSUER    : c=lu,ou=pki-test,o=nowina solutions,cn=external-ca
11:39:10.408 [pool-7-thread-19] INFO eu.europa.esig.dss.spi.x509.TokenIssuerSelector - ISSUER SUBJECT : c=lu,ou=pki-test,o=nowina solutions,cn=external-ca-alternative
11:39:10.410 [pool-7-thread-60] WARN eu.europa.esig.dss.spi.x509.TokenIssuerSelector - No issuer found for the token creation date. The process continues with an issuer which has the same public key.
11:39:10.411 [pool-7-thread-60] WARN eu.europa.esig.dss.spi.x509.TokenIssuerSelector - No issuer found for the token creation date. The process continues with an issuer which has the same public key.
11:39:10.415 [pool-7-thread-60] INFO eu.europa.esig.dss.spi.x509.TokenIssuerSelector - The issuer subject name and subject name does not match (more details in debug mode).
11:39:10.415 [pool-7-thread-60] INFO eu.europa.esig.dss.spi.x509.TokenIssuerSelector - CERT ISSUER    : c=lu,ou=pki-test,o=nowina solutions,cn=external-ca
11:39:10.415 [pool-7-thread-60] INFO eu.europa.esig.dss.spi.x509.TokenIssuerSelector - ISSUER SUBJECT : c=lu,ou=pki-test,o=nowina solutions,cn=external-ca-alternative
11:39:10.415 [pool-7-thread-60] INFO eu.europa.esig.dss.spi.x509.TokenIssuerSelector - The issuer subject name and subject name does not match (more details in debug mode).
11:39:10.415 [pool-7-thread-60] INFO eu.europa.esig.dss.spi.x509.TokenIssuerSelector - CERT ISSUER    : c=lu,ou=pki-test,o=nowina solutions,cn=external-ca
11:39:10.415 [pool-7-thread-60] INFO eu.europa.esig.dss.spi.x509.TokenIssuerSelector - ISSUER SUBJECT : c=lu,ou=pki-test,o=nowina solutions,cn=external-ca-alternative
11:39:10.415 [pool-7-thread-60] INFO eu.europa.esig.dss.spi.x509.TokenIssuerSelector - The issuer subject name and subject name does not match (more details in debug mode).
11:39:10.415 [pool-7-thread-60] INFO eu.europa.esig.dss.spi.x509.TokenIssuerSelector - CERT ISSUER    : c=lu,ou=pki-test,o=nowina solutions,cn=external-ca
11:39:10.415 [pool-7-thread-60] INFO eu.europa.esig.dss.spi.x509.TokenIssuerSelector - ISSUER SUBJECT : c=lu,ou=pki-test,o=nowina solutions,cn=external-ca-alternative
11:39:10.416 [pool-7-thread-37] INFO eu.europa.esig.dss.spi.x509.TokenIssuerSelector - The issuer subject name and subject name does not match (more details in debug mode).
11:39:10.416 [pool-7-thread-37] INFO eu.europa.esig.dss.spi.x509.TokenIssuerSelector - CERT ISSUER    : c=lu,ou=pki-test,o=nowina solutions,cn=external-ca
11:39:10.416 [pool-7-thread-37] INFO eu.europa.esig.dss.spi.x509.TokenIssuerSelector - ISSUER SUBJECT : c=lu,ou=pki-test,o=nowina solutions,cn=external-ca-alternative
11:39:10.416 [pool-7-thread-37] INFO eu.europa.esig.dss.spi.x509.TokenIssuerSelector - The issuer subject name and subject name does not match (more details in debug mode).
11:39:10.416 [pool-7-thread-37] INFO eu.europa.esig.dss.spi.x509.TokenIssuerSelector - CERT ISSUER    : c=lu,ou=pki-test,o=nowina solutions,cn=external-ca
11:39:10.416 [pool-7-thread-37] INFO eu.europa.esig.dss.spi.x509.TokenIssuerSelector - ISSUER SUBJECT : c=lu,ou=pki-test,o=nowina solutions,cn=external-ca-alternative
11:39:10.416 [pool-7-thread-37] INFO eu.europa.esig.dss.spi.x509.TokenIssuerSelector - The issuer subject name and subject name does not match (more details in debug mode).
11:39:10.416 [pool-7-thread-37] INFO eu.europa.esig.dss.spi.x509.TokenIssuerSelector - CERT ISSUER    : c=lu,ou=pki-test,o=nowina solutions,cn=external-ca
11:39:10.416 [pool-7-thread-37] INFO eu.europa.esig.dss.spi.x509.TokenIssuerSelector - ISSUER SUBJECT : c=lu,ou=pki-test,o=nowina solutions,cn=external-ca-alternative
11:39:10.420 [pool-7-thread-54] WARN eu.europa.esig.dss.spi.x509.TokenIssuerSelector - No issuer found for the token creation date. The process continues with an issuer which has the same public key.
11:39:10.420 [pool-7-thread-54] WARN eu.europa.esig.dss.spi.x509.TokenIssuerSelector - No issuer found for the token creation date. The process continues with an issuer which has the same public key.
11:39:10.422 [pool-7-thread-52] WARN eu.europa.esig.dss.spi.x509.TokenIssuerSelector - No issuer found for the token creation date. The process continues with an issuer which has the same public key.
11:39:10.423 [pool-7-thread-52] WARN eu.europa.esig.dss.spi.x509.TokenIssuerSelector - No issuer found for the token creation date. The process continues with an issuer which has the same public key.
11:39:10.424 [pool-7-thread-54] INFO eu.europa.esig.dss.spi.x509.TokenIssuerSelector - The issuer subject name and subject name does not match (more details in debug mode).
11:39:10.424 [pool-7-thread-54] INFO eu.europa.esig.dss.spi.x509.TokenIssuerSelector - CERT ISSUER    : c=lu,ou=pki-test,o=nowina solutions,cn=external-ca
11:39:10.424 [pool-7-thread-54] INFO eu.europa.esig.dss.spi.x509.TokenIssuerSelector - ISSUER SUBJECT : c=lu,ou=pki-test,o=nowina solutions,cn=external-ca-alternative
11:39:10.424 [pool-7-thread-54] INFO eu.europa.esig.dss.spi.x509.TokenIssuerSelector - The issuer subject name and subject name does not match (more details in debug mode).
11:39:10.424 [pool-7-thread-54] INFO eu.europa.esig.dss.spi.x509.TokenIssuerSelector - CERT ISSUER    : c=lu,ou=pki-test,o=nowina solutions,cn=external-ca
11:39:10.424 [pool-7-thread-54] INFO eu.europa.esig.dss.spi.x509.TokenIssuerSelector - ISSUER SUBJECT : c=lu,ou=pki-test,o=nowina solutions,cn=external-ca-alternative
11:39:10.424 [pool-7-thread-54] INFO eu.europa.esig.dss.spi.x509.TokenIssuerSelector - The issuer subject name and subject name does not match (more details in debug mode).
11:39:10.424 [pool-7-thread-54] INFO eu.europa.esig.dss.spi.x509.TokenIssuerSelector - CERT ISSUER    : c=lu,ou=pki-test,o=nowina solutions,cn=external-ca
11:39:10.424 [pool-7-thread-54] INFO eu.europa.esig.dss.spi.x509.TokenIssuerSelector - ISSUER SUBJECT : c=lu,ou=pki-test,o=nowina solutions,cn=external-ca-alternative
11:39:10.425 [pool-7-thread-52] INFO eu.europa.esig.dss.spi.x509.TokenIssuerSelector - The issuer subject name and subject name does not match (more details in debug mode).
11:39:10.425 [pool-7-thread-52] INFO eu.europa.esig.dss.spi.x509.TokenIssuerSelector - CERT ISSUER    : c=lu,ou=pki-test,o=nowina solutions,cn=external-ca
11:39:10.425 [pool-7-thread-52] INFO eu.europa.esig.dss.spi.x509.TokenIssuerSelector - ISSUER SUBJECT : c=lu,ou=pki-test,o=nowina solutions,cn=external-ca-alternative
11:39:10.425 [pool-7-thread-52] INFO eu.europa.esig.dss.spi.x509.TokenIssuerSelector - The issuer subject name and subject name does not match (more details in debug mode).
11:39:10.425 [pool-7-thread-52] INFO eu.europa.esig.dss.spi.x509.TokenIssuerSelector - CERT ISSUER    : c=lu,ou=pki-test,o=nowina solutions,cn=external-ca
11:39:10.425 [pool-7-thread-52] INFO eu.europa.esig.dss.spi.x509.TokenIssuerSelector - ISSUER SUBJECT : c=lu,ou=pki-test,o=nowina solutions,cn=external-ca-alternative
11:39:10.425 [pool-7-thread-52] INFO eu.europa.esig.dss.spi.x509.TokenIssuerSelector - The issuer subject name and subject name does not match (more details in debug mode).
11:39:10.425 [pool-7-thread-52] INFO eu.europa.esig.dss.spi.x509.TokenIssuerSelector - CERT ISSUER    : c=lu,ou=pki-test,o=nowina solutions,cn=external-ca
11:39:10.425 [pool-7-thread-52] INFO eu.europa.esig.dss.spi.x509.TokenIssuerSelector - ISSUER SUBJECT : c=lu,ou=pki-test,o=nowina solutions,cn=external-ca-alternative
11:39:10.427 [pool-7-thread-7] WARN eu.europa.esig.dss.spi.x509.TokenIssuerSelector - No issuer found for the token creation date. The process continues with an issuer which has the same public key.
11:39:10.428 [pool-7-thread-52] WARN eu.europa.esig.dss.spi.x509.TokenIssuerSelector - No issuer found for the token creation date. The process continues with an issuer which has the same public key.
11:39:10.430 [pool-7-thread-52] WARN eu.europa.esig.dss.spi.x509.TokenIssuerSelector - No issuer found for the token creation date. The process continues with an issuer which has the same public key.
11:39:10.432 [pool-7-thread-52] INFO eu.europa.esig.dss.spi.x509.TokenIssuerSelector - The issuer subject name and subject name does not match (more details in debug mode).
11:39:10.432 [pool-7-thread-52] INFO eu.europa.esig.dss.spi.x509.TokenIssuerSelector - CERT ISSUER    : c=lu,ou=pki-test,o=nowina solutions,cn=external-ca
11:39:10.432 [pool-7-thread-52] INFO eu.europa.esig.dss.spi.x509.TokenIssuerSelector - ISSUER SUBJECT : c=lu,ou=pki-test,o=nowina solutions,cn=external-ca-alternative
11:39:10.432 [pool-7-thread-52] INFO eu.europa.esig.dss.spi.x509.TokenIssuerSelector - The issuer subject name and subject name does not match (more details in debug mode).
11:39:10.432 [pool-7-thread-52] INFO eu.europa.esig.dss.spi.x509.TokenIssuerSelector - CERT ISSUER    : c=lu,ou=pki-test,o=nowina solutions,cn=external-ca
11:39:10.432 [pool-7-thread-52] INFO eu.europa.esig.dss.spi.x509.TokenIssuerSelector - ISSUER SUBJECT : c=lu,ou=pki-test,o=nowina solutions,cn=external-ca-alternative
11:39:10.432 [pool-7-thread-52] INFO eu.europa.esig.dss.spi.x509.TokenIssuerSelector - The issuer subject name and subject name does not match (more details in debug mode).
11:39:10.432 [pool-7-thread-52] INFO eu.europa.esig.dss.spi.x509.TokenIssuerSelector - CERT ISSUER    : c=lu,ou=pki-test,o=nowina solutions,cn=external-ca
11:39:10.432 [pool-7-thread-52] INFO eu.europa.esig.dss.spi.x509.TokenIssuerSelector - ISSUER SUBJECT : c=lu,ou=pki-test,o=nowina solutions,cn=external-ca-alternative
11:39:10.433 [pool-7-thread-15] WARN eu.europa.esig.dss.spi.x509.TokenIssuerSelector - No issuer found for the token creation date. The process continues with an issuer which has the same public key.
11:39:10.434 [pool-7-thread-15] WARN eu.europa.esig.dss.spi.x509.TokenIssuerSelector - No issuer found for the token creation date. The process continues with an issuer which has the same public key.
11:39:10.436 [pool-7-thread-15] INFO eu.europa.esig.dss.spi.x509.TokenIssuerSelector - The issuer subject name and subject name does not match (more details in debug mode).
11:39:10.436 [pool-7-thread-15] INFO eu.europa.esig.dss.spi.x509.TokenIssuerSelector - CERT ISSUER    : c=lu,ou=pki-test,o=nowina solutions,cn=external-ca
11:39:10.436 [pool-7-thread-15] INFO eu.europa.esig.dss.spi.x509.TokenIssuerSelector - ISSUER SUBJECT : c=lu,ou=pki-test,o=nowina solutions,cn=external-ca-alternative
11:39:10.436 [pool-7-thread-15] INFO eu.europa.esig.dss.spi.x509.TokenIssuerSelector - The issuer subject name and subject name does not match (more details in debug mode).
11:39:10.436 [pool-7-thread-15] INFO eu.europa.esig.dss.spi.x509.TokenIssuerSelector - CERT ISSUER    : c=lu,ou=pki-test,o=nowina solutions,cn=external-ca
11:39:10.436 [pool-7-thread-15] INFO eu.europa.esig.dss.spi.x509.TokenIssuerSelector - ISSUER SUBJECT : c=lu,ou=pki-test,o=nowina solutions,cn=external-ca-alternative
11:39:10.436 [pool-7-thread-15] INFO eu.europa.esig.dss.spi.x509.TokenIssuerSelector - The issuer subject name and subject name does not match (more details in debug mode).
11:39:10.436 [pool-7-thread-15] INFO eu.europa.esig.dss.spi.x509.TokenIssuerSelector - CERT ISSUER    : c=lu,ou=pki-test,o=nowina solutions,cn=external-ca
11:39:10.436 [pool-7-thread-15] INFO eu.europa.esig.dss.spi.x509.TokenIssuerSelector - ISSUER SUBJECT : c=lu,ou=pki-test,o=nowina solutions,cn=external-ca-alternative
11:39:10.438 [pool-7-thread-49] INFO eu.europa.esig.dss.spi.x509.TokenIssuerSelector - The issuer subject name and subject name does not match (more details in debug mode).
11:39:10.438 [pool-7-thread-23] WARN eu.europa.esig.dss.spi.x509.TokenIssuerSelector - No issuer found for the token creation date. The process continues with an issuer which has the same public key.
11:39:10.438 [pool-7-thread-49] INFO eu.europa.esig.dss.spi.x509.TokenIssuerSelector - CERT ISSUER    : c=lu,ou=pki-test,o=nowina solutions,cn=external-ca
11:39:10.438 [pool-7-thread-49] INFO eu.europa.esig.dss.spi.x509.TokenIssuerSelector - ISSUER SUBJECT : c=lu,ou=pki-test,o=nowina solutions,cn=external-ca-alternative
11:39:10.438 [pool-7-thread-49] INFO eu.europa.esig.dss.spi.x509.TokenIssuerSelector - The issuer subject name and subject name does not match (more details in debug mode).
11:39:10.438 [pool-7-thread-49] INFO eu.europa.esig.dss.spi.x509.TokenIssuerSelector - CERT ISSUER    : c=lu,ou=pki-test,o=nowina solutions,cn=external-ca
11:39:10.438 [pool-7-thread-49] INFO eu.europa.esig.dss.spi.x509.TokenIssuerSelector - ISSUER SUBJECT : c=lu,ou=pki-test,o=nowina solutions,cn=external-ca-alternative
11:39:10.438 [pool-7-thread-49] INFO eu.europa.esig.dss.spi.x509.TokenIssuerSelector - The issuer subject name and subject name does not match (more details in debug mode).
11:39:10.438 [pool-7-thread-49] INFO eu.europa.esig.dss.spi.x509.TokenIssuerSelector - CERT ISSUER    : c=lu,ou=pki-test,o=nowina solutions,cn=external-ca
11:39:10.438 [pool-7-thread-49] INFO eu.europa.esig.dss.spi.x509.TokenIssuerSelector - ISSUER SUBJECT : c=lu,ou=pki-test,o=nowina solutions,cn=external-ca-alternative
11:39:10.439 [pool-7-thread-12] WARN eu.europa.esig.dss.spi.x509.TokenIssuerSelector - No issuer found for the token creation date. The process continues with an issuer which has the same public key.
11:39:10.441 [pool-7-thread-55] INFO eu.europa.esig.dss.spi.x509.TokenIssuerSelector - The issuer subject name and subject name does not match (more details in debug mode).
11:39:10.441 [pool-7-thread-55] INFO eu.europa.esig.dss.spi.x509.TokenIssuerSelector - CERT ISSUER    : c=lu,ou=pki-test,o=nowina solutions,cn=external-ca
11:39:10.441 [pool-7-thread-55] INFO eu.europa.esig.dss.spi.x509.TokenIssuerSelector - ISSUER SUBJECT : c=lu,ou=pki-test,o=nowina solutions,cn=external-ca-alternative
11:39:10.441 [pool-7-thread-55] INFO eu.europa.esig.dss.spi.x509.TokenIssuerSelector - The issuer subject name and subject name does not match (more details in debug mode).
11:39:10.441 [pool-7-thread-55] INFO eu.europa.esig.dss.spi.x509.TokenIssuerSelector - CERT ISSUER    : c=lu,ou=pki-test,o=nowina solutions,cn=external-ca
11:39:10.441 [pool-7-thread-55] INFO eu.europa.esig.dss.spi.x509.TokenIssuerSelector - ISSUER SUBJECT : c=lu,ou=pki-test,o=nowina solutions,cn=external-ca-alternative
11:39:10.441 [pool-7-thread-55] INFO eu.europa.esig.dss.spi.x509.TokenIssuerSelector - The issuer subject name and subject name does not match (more details in debug mode).
11:39:10.441 [pool-7-thread-55] INFO eu.europa.esig.dss.spi.x509.TokenIssuerSelector - CERT ISSUER    : c=lu,ou=pki-test,o=nowina solutions,cn=external-ca
11:39:10.441 [pool-7-thread-55] INFO eu.europa.esig.dss.spi.x509.TokenIssuerSelector - ISSUER SUBJECT : c=lu,ou=pki-test,o=nowina solutions,cn=external-ca-alternative
11:39:10.442 [pool-7-thread-49] WARN eu.europa.esig.dss.spi.x509.TokenIssuerSelector - No issuer found for the token creation date. The process continues with an issuer which has the same public key.
11:39:10.443 [pool-7-thread-27] WARN eu.europa.esig.dss.spi.x509.TokenIssuerSelector - No issuer found for the token creation date. The process continues with an issuer which has the same public key.
11:39:10.445 [pool-7-thread-8] INFO eu.europa.esig.dss.spi.x509.TokenIssuerSelector - The issuer subject name and subject name does not match (more details in debug mode).
11:39:10.445 [pool-7-thread-8] INFO eu.europa.esig.dss.spi.x509.TokenIssuerSelector - CERT ISSUER    : c=lu,ou=pki-test,o=nowina solutions,cn=external-ca
11:39:10.445 [pool-7-thread-8] INFO eu.europa.esig.dss.spi.x509.TokenIssuerSelector - ISSUER SUBJECT : c=lu,ou=pki-test,o=nowina solutions,cn=external-ca-alternative
11:39:10.445 [pool-7-thread-8] INFO eu.europa.esig.dss.spi.x509.TokenIssuerSelector - The issuer subject name and subject name does not match (more details in debug mode).
11:39:10.445 [pool-7-thread-8] INFO eu.europa.esig.dss.spi.x509.TokenIssuerSelector - CERT ISSUER    : c=lu,ou=pki-test,o=nowina solutions,cn=external-ca
11:39:10.445 [pool-7-thread-8] INFO eu.europa.esig.dss.spi.x509.TokenIssuerSelector - ISSUER SUBJECT : c=lu,ou=pki-test,o=nowina solutions,cn=external-ca-alternative
11:39:10.445 [pool-7-thread-8] INFO eu.europa.esig.dss.spi.x509.TokenIssuerSelector - The issuer subject name and subject name does not match (more details in debug mode).
11:39:10.445 [pool-7-thread-8] INFO eu.europa.esig.dss.spi.x509.TokenIssuerSelector - CERT ISSUER    : c=lu,ou=pki-test,o=nowina solutions,cn=external-ca
11:39:10.445 [pool-7-thread-8] INFO eu.europa.esig.dss.spi.x509.TokenIssuerSelector - ISSUER SUBJECT : c=lu,ou=pki-test,o=nowina solutions,cn=external-ca-alternative
11:39:10.446 [pool-7-thread-61] WARN eu.europa.esig.dss.spi.x509.TokenIssuerSelector - No issuer found for the token creation date. The process continues with an issuer which has the same public key.
11:39:10.448 [pool-7-thread-57] WARN eu.europa.esig.dss.spi.x509.TokenIssuerSelector - No issuer found for the token creation date. The process continues with an issuer which has the same public key.
11:39:10.449 [pool-7-thread-25] WARN eu.europa.esig.dss.spi.x509.TokenIssuerSelector - No issuer found for the token creation date. The process continues with an issuer which has the same public key.
11:39:10.451 [pool-7-thread-48] WARN eu.europa.esig.dss.spi.x509.TokenIssuerSelector - No issuer found for the token creation date. The process continues with an issuer which has the same public key.
11:39:10.453 [pool-7-thread-47] WARN eu.europa.esig.dss.spi.x509.TokenIssuerSelector - No issuer found for the token creation date. The process continues with an issuer which has the same public key.
11:39:10.454 [pool-7-thread-51] WARN eu.europa.esig.dss.spi.x509.TokenIssuerSelector - No issuer found for the token creation date. The process continues with an issuer which has the same public key.
11:39:10.455 [pool-7-thread-58] WARN eu.europa.esig.dss.spi.x509.TokenIssuerSelector - No issuer found for the token creation date. The process continues with an issuer which has the same public key.
11:39:10.456 [pool-7-thread-17] WARN eu.europa.esig.dss.spi.x509.TokenIssuerSelector - No issuer found for the token creation date. The process continues with an issuer which has the same public key.
11:39:10.459 [pool-7-thread-56] WARN eu.europa.esig.dss.spi.x509.TokenIssuerSelector - No issuer found for the token creation date. The process continues with an issuer which has the same public key.
11:39:10.460 [pool-7-thread-59] INFO eu.europa.esig.dss.spi.x509.TokenIssuerSelector - The issuer subject name and subject name does not match (more details in debug mode).
11:39:10.460 [pool-7-thread-59] INFO eu.europa.esig.dss.spi.x509.TokenIssuerSelector - CERT ISSUER    : c=lu,ou=pki-test,o=nowina solutions,cn=external-ca
11:39:10.460 [pool-7-thread-59] INFO eu.europa.esig.dss.spi.x509.TokenIssuerSelector - ISSUER SUBJECT : c=lu,ou=pki-test,o=nowina solutions,cn=external-ca-alternative
11:39:10.460 [pool-7-thread-59] INFO eu.europa.esig.dss.spi.x509.TokenIssuerSelector - The issuer subject name and subject name does not match (more details in debug mode).
11:39:10.460 [pool-7-thread-59] INFO eu.europa.esig.dss.spi.x509.TokenIssuerSelector - CERT ISSUER    : c=lu,ou=pki-test,o=nowina solutions,cn=external-ca
11:39:10.460 [pool-7-thread-59] INFO eu.europa.esig.dss.spi.x509.TokenIssuerSelector - ISSUER SUBJECT : c=lu,ou=pki-test,o=nowina solutions,cn=external-ca-alternative
11:39:10.460 [pool-7-thread-59] INFO eu.europa.esig.dss.spi.x509.TokenIssuerSelector - The issuer subject name and subject name does not match (more details in debug mode).
11:39:10.460 [pool-7-thread-59] INFO eu.europa.esig.dss.spi.x509.TokenIssuerSelector - CERT ISSUER    : c=lu,ou=pki-test,o=nowina solutions,cn=external-ca
11:39:10.460 [pool-7-thread-59] INFO eu.europa.esig.dss.spi.x509.TokenIssuerSelector - ISSUER SUBJECT : c=lu,ou=pki-test,o=nowina solutions,cn=external-ca-alternative
11:39:10.462 [pool-7-thread-24] INFO eu.europa.esig.dss.spi.x509.TokenIssuerSelector - The issuer subject name and subject name does not match (more details in debug mode).
11:39:10.462 [pool-7-thread-24] INFO eu.europa.esig.dss.spi.x509.TokenIssuerSelector - CERT ISSUER    : c=lu,ou=pki-test,o=nowina solutions,cn=external-ca
11:39:10.462 [pool-7-thread-24] INFO eu.europa.esig.dss.spi.x509.TokenIssuerSelector - ISSUER SUBJECT : c=lu,ou=pki-test,o=nowina solutions,cn=external-ca-alternative
11:39:10.462 [pool-7-thread-24] INFO eu.europa.esig.dss.spi.x509.TokenIssuerSelector - The issuer subject name and subject name does not match (more details in debug mode).
11:39:10.462 [pool-7-thread-24] INFO eu.europa.esig.dss.spi.x509.TokenIssuerSelector - CERT ISSUER    : c=lu,ou=pki-test,o=nowina solutions,cn=external-ca
11:39:10.462 [pool-7-thread-24] INFO eu.europa.esig.dss.spi.x509.TokenIssuerSelector - ISSUER SUBJECT : c=lu,ou=pki-test,o=nowina solutions,cn=external-ca-alternative
11:39:10.462 [pool-7-thread-24] INFO eu.europa.esig.dss.spi.x509.TokenIssuerSelector - The issuer subject name and subject name does not match (more details in debug mode).
11:39:10.462 [pool-7-thread-24] INFO eu.europa.esig.dss.spi.x509.TokenIssuerSelector - CERT ISSUER    : c=lu,ou=pki-test,o=nowina solutions,cn=external-ca
11:39:10.462 [pool-7-thread-24] INFO eu.europa.esig.dss.spi.x509.TokenIssuerSelector - ISSUER SUBJECT : c=lu,ou=pki-test,o=nowina solutions,cn=external-ca-alternative
11:39:10.462 [pool-7-thread-53] WARN eu.europa.esig.dss.spi.x509.TokenIssuerSelector - No issuer found for the token creation date. The process continues with an issuer which has the same public key.
11:39:10.463 [pool-7-thread-56] INFO eu.europa.esig.dss.spi.x509.TokenIssuerSelector - The issuer subject name and subject name does not match (more details in debug mode).
11:39:10.463 [pool-7-thread-56] INFO eu.europa.esig.dss.spi.x509.TokenIssuerSelector - CERT ISSUER    : c=lu,ou=pki-test,o=nowina solutions,cn=external-ca
11:39:10.463 [pool-7-thread-56] INFO eu.europa.esig.dss.spi.x509.TokenIssuerSelector - ISSUER SUBJECT : c=lu,ou=pki-test,o=nowina solutions,cn=external-ca-alternative
11:39:10.463 [pool-7-thread-56] INFO eu.europa.esig.dss.spi.x509.TokenIssuerSelector - The issuer subject name and subject name does not match (more details in debug mode).
11:39:10.463 [pool-7-thread-56] INFO eu.europa.esig.dss.spi.x509.TokenIssuerSelector - CERT ISSUER    : c=lu,ou=pki-test,o=nowina solutions,cn=external-ca
11:39:10.463 [pool-7-thread-56] INFO eu.europa.esig.dss.spi.x509.TokenIssuerSelector - ISSUER SUBJECT : c=lu,ou=pki-test,o=nowina solutions,cn=external-ca-alternative
11:39:10.463 [pool-7-thread-56] INFO eu.europa.esig.dss.spi.x509.TokenIssuerSelector - The issuer subject name and subject name does not match (more details in debug mode).
11:39:10.463 [pool-7-thread-56] INFO eu.europa.esig.dss.spi.x509.TokenIssuerSelector - CERT ISSUER    : c=lu,ou=pki-test,o=nowina solutions,cn=external-ca
11:39:10.463 [pool-7-thread-56] INFO eu.europa.esig.dss.spi.x509.TokenIssuerSelector - ISSUER SUBJECT : c=lu,ou=pki-test,o=nowina solutions,cn=external-ca-alternative
11:39:10.463 [pool-7-thread-53] WARN eu.europa.esig.dss.spi.x509.TokenIssuerSelector - No issuer found for the token creation date. The process continues with an issuer which has the same public key.
11:39:10.464 [pool-7-thread-53] INFO eu.europa.esig.dss.spi.x509.TokenIssuerSelector - The issuer subject name and subject name does not match (more details in debug mode).
11:39:10.464 [pool-7-thread-53] INFO eu.europa.esig.dss.spi.x509.TokenIssuerSelector - CERT ISSUER    : c=lu,ou=pki-test,o=nowina solutions,cn=external-ca
11:39:10.464 [pool-7-thread-53] INFO eu.europa.esig.dss.spi.x509.TokenIssuerSelector - ISSUER SUBJECT : c=lu,ou=pki-test,o=nowina solutions,cn=external-ca-alternative
11:39:10.464 [pool-7-thread-53] INFO eu.europa.esig.dss.spi.x509.TokenIssuerSelector - The issuer subject name and subject name does not match (more details in debug mode).
11:39:10.464 [pool-7-thread-53] INFO eu.europa.esig.dss.spi.x509.TokenIssuerSelector - CERT ISSUER    : c=lu,ou=pki-test,o=nowina solutions,cn=external-ca
11:39:10.464 [pool-7-thread-53] INFO eu.europa.esig.dss.spi.x509.TokenIssuerSelector - ISSUER SUBJECT : c=lu,ou=pki-test,o=nowina solutions,cn=external-ca-alternative
11:39:10.464 [pool-7-thread-53] INFO eu.europa.esig.dss.spi.x509.TokenIssuerSelector - The issuer subject name and subject name does not match (more details in debug mode).
11:39:10.465 [pool-7-thread-53] INFO eu.europa.esig.dss.spi.x509.TokenIssuerSelector - CERT ISSUER    : c=lu,ou=pki-test,o=nowina solutions,cn=external-ca
11:39:10.465 [pool-7-thread-53] INFO eu.europa.esig.dss.spi.x509.TokenIssuerSelector - ISSUER SUBJECT : c=lu,ou=pki-test,o=nowina solutions,cn=external-ca-alternative
11:39:10.465 [pool-7-thread-24] WARN eu.europa.esig.dss.spi.x509.TokenIssuerSelector - No issuer found for the token creation date. The process continues with an issuer which has the same public key.
11:39:10.466 [pool-7-thread-24] WARN eu.europa.esig.dss.spi.x509.TokenIssuerSelector - No issuer found for the token creation date. The process continues with an issuer which has the same public key.
11:39:10.468 [pool-7-thread-17] WARN eu.europa.esig.dss.spi.x509.TokenIssuerSelector - No issuer found for the token creation date. The process continues with an issuer which has the same public key.
11:39:10.468 [pool-7-thread-24] INFO eu.europa.esig.dss.spi.x509.TokenIssuerSelector - The issuer subject name and subject name does not match (more details in debug mode).
11:39:10.468 [pool-7-thread-24] INFO eu.europa.esig.dss.spi.x509.TokenIssuerSelector - CERT ISSUER    : c=lu,ou=pki-test,o=nowina solutions,cn=external-ca
11:39:10.468 [pool-7-thread-24] INFO eu.europa.esig.dss.spi.x509.TokenIssuerSelector - ISSUER SUBJECT : c=lu,ou=pki-test,o=nowina solutions,cn=external-ca-alternative
11:39:10.468 [pool-7-thread-24] INFO eu.europa.esig.dss.spi.x509.TokenIssuerSelector - The issuer subject name and subject name does not match (more details in debug mode).
11:39:10.468 [pool-7-thread-24] INFO eu.europa.esig.dss.spi.x509.TokenIssuerSelector - CERT ISSUER    : c=lu,ou=pki-test,o=nowina solutions,cn=external-ca
11:39:10.468 [pool-7-thread-24] INFO eu.europa.esig.dss.spi.x509.TokenIssuerSelector - ISSUER SUBJECT : c=lu,ou=pki-test,o=nowina solutions,cn=external-ca-alternative
11:39:10.468 [pool-7-thread-24] INFO eu.europa.esig.dss.spi.x509.TokenIssuerSelector - The issuer subject name and subject name does not match (more details in debug mode).
11:39:10.468 [pool-7-thread-24] INFO eu.europa.esig.dss.spi.x509.TokenIssuerSelector - CERT ISSUER    : c=lu,ou=pki-test,o=nowina solutions,cn=external-ca
11:39:10.468 [pool-7-thread-24] INFO eu.europa.esig.dss.spi.x509.TokenIssuerSelector - ISSUER SUBJECT : c=lu,ou=pki-test,o=nowina solutions,cn=external-ca-alternative
11:39:10.470 [pool-7-thread-17] INFO eu.europa.esig.dss.spi.x509.TokenIssuerSelector - The issuer subject name and subject name does not match (more details in debug mode).
11:39:10.470 [pool-7-thread-17] INFO eu.europa.esig.dss.spi.x509.TokenIssuerSelector - CERT ISSUER    : c=lu,ou=pki-test,o=nowina solutions,cn=external-ca
11:39:10.470 [pool-7-thread-17] INFO eu.europa.esig.dss.spi.x509.TokenIssuerSelector - ISSUER SUBJECT : c=lu,ou=pki-test,o=nowina solutions,cn=external-ca-alternative
11:39:10.470 [pool-7-thread-17] INFO eu.europa.esig.dss.spi.x509.TokenIssuerSelector - The issuer subject name and subject name does not match (more details in debug mode).
11:39:10.470 [pool-7-thread-17] INFO eu.europa.esig.dss.spi.x509.TokenIssuerSelector - CERT ISSUER    : c=lu,ou=pki-test,o=nowina solutions,cn=external-ca
11:39:10.470 [pool-7-thread-17] INFO eu.europa.esig.dss.spi.x509.TokenIssuerSelector - ISSUER SUBJECT : c=lu,ou=pki-test,o=nowina solutions,cn=external-ca-alternative
11:39:10.470 [pool-7-thread-17] INFO eu.europa.esig.dss.spi.x509.TokenIssuerSelector - The issuer subject name and subject name does not match (more details in debug mode).
11:39:10.470 [pool-7-thread-17] INFO eu.europa.esig.dss.spi.x509.TokenIssuerSelector - CERT ISSUER    : c=lu,ou=pki-test,o=nowina solutions,cn=external-ca
11:39:10.470 [pool-7-thread-17] INFO eu.europa.esig.dss.spi.x509.TokenIssuerSelector - ISSUER SUBJECT : c=lu,ou=pki-test,o=nowina solutions,cn=external-ca-alternative
11:39:10.472 [pool-7-thread-51] WARN eu.europa.esig.dss.spi.x509.TokenIssuerSelector - No issuer found for the token creation date. The process continues with an issuer which has the same public key.
11:39:10.472 [pool-7-thread-58] INFO eu.europa.esig.dss.spi.x509.TokenIssuerSelector - The issuer subject name and subject name does not match (more details in debug mode).
11:39:10.472 [pool-7-thread-58] INFO eu.europa.esig.dss.spi.x509.TokenIssuerSelector - CERT ISSUER    : c=lu,ou=pki-test,o=nowina solutions,cn=external-ca
11:39:10.472 [pool-7-thread-58] INFO eu.europa.esig.dss.spi.x509.TokenIssuerSelector - ISSUER SUBJECT : c=lu,ou=pki-test,o=nowina solutions,cn=external-ca-alternative
11:39:10.472 [pool-7-thread-58] INFO eu.europa.esig.dss.spi.x509.TokenIssuerSelector - The issuer subject name and subject name does not match (more details in debug mode).
11:39:10.472 [pool-7-thread-58] INFO eu.europa.esig.dss.spi.x509.TokenIssuerSelector - CERT ISSUER    : c=lu,ou=pki-test,o=nowina solutions,cn=external-ca
11:39:10.472 [pool-7-thread-58] INFO eu.europa.esig.dss.spi.x509.TokenIssuerSelector - ISSUER SUBJECT : c=lu,ou=pki-test,o=nowina solutions,cn=external-ca-alternative
11:39:10.472 [pool-7-thread-58] INFO eu.europa.esig.dss.spi.x509.TokenIssuerSelector - The issuer subject name and subject name does not match (more details in debug mode).
11:39:10.472 [pool-7-thread-58] INFO eu.europa.esig.dss.spi.x509.TokenIssuerSelector - CERT ISSUER    : c=lu,ou=pki-test,o=nowina solutions,cn=external-ca
11:39:10.472 [pool-7-thread-58] INFO eu.europa.esig.dss.spi.x509.TokenIssuerSelector - ISSUER SUBJECT : c=lu,ou=pki-test,o=nowina solutions,cn=external-ca-alternative
11:39:10.474 [pool-7-thread-47] WARN eu.europa.esig.dss.spi.x509.TokenIssuerSelector - No issuer found for the token creation date. The process continues with an issuer which has the same public key.
11:39:10.474 [pool-7-thread-51] INFO eu.europa.esig.dss.spi.x509.TokenIssuerSelector - The issuer subject name and subject name does not match (more details in debug mode).
11:39:10.474 [pool-7-thread-51] INFO eu.europa.esig.dss.spi.x509.TokenIssuerSelector - CERT ISSUER    : c=lu,ou=pki-test,o=nowina solutions,cn=external-ca
11:39:10.474 [pool-7-thread-51] INFO eu.europa.esig.dss.spi.x509.TokenIssuerSelector - ISSUER SUBJECT : c=lu,ou=pki-test,o=nowina solutions,cn=external-ca-alternative
11:39:10.474 [pool-7-thread-51] INFO eu.europa.esig.dss.spi.x509.TokenIssuerSelector - The issuer subject name and subject name does not match (more details in debug mode).
11:39:10.474 [pool-7-thread-51] INFO eu.europa.esig.dss.spi.x509.TokenIssuerSelector - CERT ISSUER    : c=lu,ou=pki-test,o=nowina solutions,cn=external-ca
11:39:10.474 [pool-7-thread-51] INFO eu.europa.esig.dss.spi.x509.TokenIssuerSelector - ISSUER SUBJECT : c=lu,ou=pki-test,o=nowina solutions,cn=external-ca-alternative
11:39:10.474 [pool-7-thread-51] INFO eu.europa.esig.dss.spi.x509.TokenIssuerSelector - The issuer subject name and subject name does not match (more details in debug mode).
11:39:10.474 [pool-7-thread-51] INFO eu.europa.esig.dss.spi.x509.TokenIssuerSelector - CERT ISSUER    : c=lu,ou=pki-test,o=nowina solutions,cn=external-ca
11:39:10.474 [pool-7-thread-51] INFO eu.europa.esig.dss.spi.x509.TokenIssuerSelector - ISSUER SUBJECT : c=lu,ou=pki-test,o=nowina solutions,cn=external-ca-alternative
11:39:10.476 [pool-7-thread-48] WARN eu.europa.esig.dss.spi.x509.TokenIssuerSelector - No issuer found for the token creation date. The process continues with an issuer which has the same public key.
11:39:10.476 [pool-7-thread-47] INFO eu.europa.esig.dss.spi.x509.TokenIssuerSelector - The issuer subject name and subject name does not match (more details in debug mode).
11:39:10.476 [pool-7-thread-47] INFO eu.europa.esig.dss.spi.x509.TokenIssuerSelector - CERT ISSUER    : c=lu,ou=pki-test,o=nowina solutions,cn=external-ca
11:39:10.476 [pool-7-thread-47] INFO eu.europa.esig.dss.spi.x509.TokenIssuerSelector - ISSUER SUBJECT : c=lu,ou=pki-test,o=nowina solutions,cn=external-ca-alternative
11:39:10.476 [pool-7-thread-47] INFO eu.europa.esig.dss.spi.x509.TokenIssuerSelector - The issuer subject name and subject name does not match (more details in debug mode).
11:39:10.476 [pool-7-thread-47] INFO eu.europa.esig.dss.spi.x509.TokenIssuerSelector - CERT ISSUER    : c=lu,ou=pki-test,o=nowina solutions,cn=external-ca
11:39:10.476 [pool-7-thread-47] INFO eu.europa.esig.dss.spi.x509.TokenIssuerSelector - ISSUER SUBJECT : c=lu,ou=pki-test,o=nowina solutions,cn=external-ca-alternative
11:39:10.476 [pool-7-thread-47] INFO eu.europa.esig.dss.spi.x509.TokenIssuerSelector - The issuer subject name and subject name does not match (more details in debug mode).
11:39:10.476 [pool-7-thread-47] INFO eu.europa.esig.dss.spi.x509.TokenIssuerSelector - CERT ISSUER    : c=lu,ou=pki-test,o=nowina solutions,cn=external-ca
11:39:10.476 [pool-7-thread-47] INFO eu.europa.esig.dss.spi.x509.TokenIssuerSelector - ISSUER SUBJECT : c=lu,ou=pki-test,o=nowina solutions,cn=external-ca-alternative
11:39:10.478 [pool-7-thread-48] INFO eu.europa.esig.dss.spi.x509.TokenIssuerSelector - The issuer subject name and subject name does not match (more details in debug mode).
11:39:10.478 [pool-7-thread-48] INFO eu.europa.esig.dss.spi.x509.TokenIssuerSelector - CERT ISSUER    : c=lu,ou=pki-test,o=nowina solutions,cn=external-ca
11:39:10.478 [pool-7-thread-48] INFO eu.europa.esig.dss.spi.x509.TokenIssuerSelector - ISSUER SUBJECT : c=lu,ou=pki-test,o=nowina solutions,cn=external-ca-alternative
11:39:10.478 [pool-7-thread-48] INFO eu.europa.esig.dss.spi.x509.TokenIssuerSelector - The issuer subject name and subject name does not match (more details in debug mode).
11:39:10.478 [pool-7-thread-48] INFO eu.europa.esig.dss.spi.x509.TokenIssuerSelector - CERT ISSUER    : c=lu,ou=pki-test,o=nowina solutions,cn=external-ca
11:39:10.478 [pool-7-thread-48] INFO eu.europa.esig.dss.spi.x509.TokenIssuerSelector - ISSUER SUBJECT : c=lu,ou=pki-test,o=nowina solutions,cn=external-ca-alternative
11:39:10.478 [pool-7-thread-48] INFO eu.europa.esig.dss.spi.x509.TokenIssuerSelector - The issuer subject name and subject name does not match (more details in debug mode).
11:39:10.478 [pool-7-thread-48] INFO eu.europa.esig.dss.spi.x509.TokenIssuerSelector - CERT ISSUER    : c=lu,ou=pki-test,o=nowina solutions,cn=external-ca
11:39:10.478 [pool-7-thread-48] INFO eu.europa.esig.dss.spi.x509.TokenIssuerSelector - ISSUER SUBJECT : c=lu,ou=pki-test,o=nowina solutions,cn=external-ca-alternative
11:39:10.480 [pool-7-thread-47] WARN eu.europa.esig.dss.spi.x509.TokenIssuerSelector - No issuer found for the token creation date. The process continues with an issuer which has the same public key.
11:39:10.480 [pool-7-thread-47] WARN eu.europa.esig.dss.spi.x509.TokenIssuerSelector - No issuer found for the token creation date. The process continues with an issuer which has the same public key.
11:39:10.482 [pool-7-thread-47] INFO eu.europa.esig.dss.spi.x509.TokenIssuerSelector - The issuer subject name and subject name does not match (more details in debug mode).
11:39:10.482 [pool-7-thread-47] INFO eu.europa.esig.dss.spi.x509.TokenIssuerSelector - CERT ISSUER    : c=lu,ou=pki-test,o=nowina solutions,cn=external-ca
11:39:10.482 [pool-7-thread-47] INFO eu.europa.esig.dss.spi.x509.TokenIssuerSelector - ISSUER SUBJECT : c=lu,ou=pki-test,o=nowina solutions,cn=external-ca-alternative
11:39:10.482 [pool-7-thread-47] INFO eu.europa.esig.dss.spi.x509.TokenIssuerSelector - The issuer subject name and subject name does not match (more details in debug mode).
11:39:10.482 [pool-7-thread-47] INFO eu.europa.esig.dss.spi.x509.TokenIssuerSelector - CERT ISSUER    : c=lu,ou=pki-test,o=nowina solutions,cn=external-ca
11:39:10.482 [pool-7-thread-47] INFO eu.europa.esig.dss.spi.x509.TokenIssuerSelector - ISSUER SUBJECT : c=lu,ou=pki-test,o=nowina solutions,cn=external-ca-alternative
11:39:10.482 [pool-7-thread-47] INFO eu.europa.esig.dss.spi.x509.TokenIssuerSelector - The issuer subject name and subject name does not match (more details in debug mode).
11:39:10.482 [pool-7-thread-47] INFO eu.europa.esig.dss.spi.x509.TokenIssuerSelector - CERT ISSUER    : c=lu,ou=pki-test,o=nowina solutions,cn=external-ca
11:39:10.482 [pool-7-thread-47] INFO eu.europa.esig.dss.spi.x509.TokenIssuerSelector - ISSUER SUBJECT : c=lu,ou=pki-test,o=nowina solutions,cn=external-ca-alternative
11:39:10.482 [pool-7-thread-25] WARN eu.europa.esig.dss.spi.x509.TokenIssuerSelector - No issuer found for the token creation date. The process continues with an issuer which has the same public key.
11:39:10.483 [pool-7-thread-57] WARN eu.europa.esig.dss.spi.x509.TokenIssuerSelector - No issuer found for the token creation date. The process continues with an issuer which has the same public key.
11:39:10.484 [pool-7-thread-25] INFO eu.europa.esig.dss.spi.x509.TokenIssuerSelector - The issuer subject name and subject name does not match (more details in debug mode).
11:39:10.484 [pool-7-thread-25] INFO eu.europa.esig.dss.spi.x509.TokenIssuerSelector - CERT ISSUER    : c=lu,ou=pki-test,o=nowina solutions,cn=external-ca
11:39:10.484 [pool-7-thread-8] WARN eu.europa.esig.dss.spi.x509.TokenIssuerSelector - No issuer found for the token creation date. The process continues with an issuer which has the same public key.
11:39:10.484 [pool-7-thread-25] INFO eu.europa.esig.dss.spi.x509.TokenIssuerSelector - ISSUER SUBJECT : c=lu,ou=pki-test,o=nowina solutions,cn=external-ca-alternative
11:39:10.484 [pool-7-thread-25] INFO eu.europa.esig.dss.spi.x509.TokenIssuerSelector - The issuer subject name and subject name does not match (more details in debug mode).
11:39:10.484 [pool-7-thread-25] INFO eu.europa.esig.dss.spi.x509.TokenIssuerSelector - CERT ISSUER    : c=lu,ou=pki-test,o=nowina solutions,cn=external-ca
11:39:10.484 [pool-7-thread-25] INFO eu.europa.esig.dss.spi.x509.TokenIssuerSelector - ISSUER SUBJECT : c=lu,ou=pki-test,o=nowina solutions,cn=external-ca-alternative
11:39:10.484 [pool-7-thread-25] INFO eu.europa.esig.dss.spi.x509.TokenIssuerSelector - The issuer subject name and subject name does not match (more details in debug mode).
11:39:10.484 [pool-7-thread-25] INFO eu.europa.esig.dss.spi.x509.TokenIssuerSelector - CERT ISSUER    : c=lu,ou=pki-test,o=nowina solutions,cn=external-ca
11:39:10.484 [pool-7-thread-25] INFO eu.europa.esig.dss.spi.x509.TokenIssuerSelector - ISSUER SUBJECT : c=lu,ou=pki-test,o=nowina solutions,cn=external-ca-alternative
11:39:10.485 [pool-7-thread-61] WARN eu.europa.esig.dss.spi.x509.TokenIssuerSelector - No issuer found for the token creation date. The process continues with an issuer which has the same public key.
11:39:10.486 [pool-7-thread-55] WARN eu.europa.esig.dss.spi.x509.TokenIssuerSelector - No issuer found for the token creation date. The process continues with an issuer which has the same public key.
11:39:10.488 [pool-7-thread-25] WARN eu.europa.esig.dss.spi.x509.TokenIssuerSelector - No issuer found for the token creation date. The process continues with an issuer which has the same public key.
11:39:10.488 [pool-7-thread-27] WARN eu.europa.esig.dss.spi.x509.TokenIssuerSelector - No issuer found for the token creation date. The process continues with an issuer which has the same public key.
11:39:10.489 [pool-7-thread-49] WARN eu.europa.esig.dss.spi.x509.TokenIssuerSelector - No issuer found for the token creation date. The process continues with an issuer which has the same public key.
11:39:10.490 [pool-7-thread-12] WARN eu.europa.esig.dss.spi.x509.TokenIssuerSelector - No issuer found for the token creation date. The process continues with an issuer which has the same public key.
11:39:10.491 [pool-7-thread-23] INFO eu.europa.esig.dss.spi.x509.TokenIssuerSelector - The issuer subject name and subject name does not match (more details in debug mode).
11:39:10.491 [pool-7-thread-23] INFO eu.europa.esig.dss.spi.x509.TokenIssuerSelector - CERT ISSUER    : c=lu,ou=pki-test,o=nowina solutions,cn=external-ca
11:39:10.491 [pool-7-thread-23] INFO eu.europa.esig.dss.spi.x509.TokenIssuerSelector - ISSUER SUBJECT : c=lu,ou=pki-test,o=nowina solutions,cn=external-ca-alternative
11:39:10.491 [pool-7-thread-23] INFO eu.europa.esig.dss.spi.x509.TokenIssuerSelector - The issuer subject name and subject name does not match (more details in debug mode).
11:39:10.491 [pool-7-thread-23] INFO eu.europa.esig.dss.spi.x509.TokenIssuerSelector - CERT ISSUER    : c=lu,ou=pki-test,o=nowina solutions,cn=external-ca
11:39:10.491 [pool-7-thread-23] INFO eu.europa.esig.dss.spi.x509.TokenIssuerSelector - ISSUER SUBJECT : c=lu,ou=pki-test,o=nowina solutions,cn=external-ca-alternative
11:39:10.491 [pool-7-thread-23] INFO eu.europa.esig.dss.spi.x509.TokenIssuerSelector - The issuer subject name and subject name does not match (more details in debug mode).
11:39:10.491 [pool-7-thread-23] INFO eu.europa.esig.dss.spi.x509.TokenIssuerSelector - CERT ISSUER    : c=lu,ou=pki-test,o=nowina solutions,cn=external-ca
11:39:10.491 [pool-7-thread-23] INFO eu.europa.esig.dss.spi.x509.TokenIssuerSelector - ISSUER SUBJECT : c=lu,ou=pki-test,o=nowina solutions,cn=external-ca-alternative
11:39:10.494 [pool-7-thread-15] WARN eu.europa.esig.dss.spi.x509.TokenIssuerSelector - No issuer found for the token creation date. The process continues with an issuer which has the same public key.
11:39:10.495 [pool-7-thread-23] WARN eu.europa.esig.dss.spi.x509.TokenIssuerSelector - No issuer found for the token creation date. The process continues with an issuer which has the same public key.
11:39:10.497 [pool-7-thread-52] WARN eu.europa.esig.dss.spi.x509.TokenIssuerSelector - No issuer found for the token creation date. The process continues with an issuer which has the same public key.
11:39:10.497 [pool-7-thread-50] WARN eu.europa.esig.dss.spi.x509.TokenIssuerSelector - No issuer found for the token creation date. The process continues with an issuer which has the same public key.
11:39:10.498 [pool-7-thread-7] WARN eu.europa.esig.dss.spi.x509.TokenIssuerSelector - No issuer found for the token creation date. The process continues with an issuer which has the same public key.
11:39:10.500 [pool-7-thread-60] WARN eu.europa.esig.dss.spi.x509.TokenIssuerSelector - No issuer found for the token creation date. The process continues with an issuer which has the same public key.
11:39:10.501 [pool-7-thread-19] WARN eu.europa.esig.dss.spi.x509.TokenIssuerSelector - No issuer found for the token creation date. The process continues with an issuer which has the same public key.
11:39:10.502 [pool-7-thread-19] WARN eu.europa.esig.dss.spi.x509.TokenIssuerSelector - No issuer found for the token creation date. The process continues with an issuer which has the same public key.
11:39:10.504 [pool-7-thread-9] WARN eu.europa.esig.dss.spi.x509.TokenIssuerSelector - No issuer found for the token creation date. The process continues with an issuer which has the same public key.
11:39:10.506 [pool-7-thread-66] WARN eu.europa.esig.dss.spi.x509.TokenIssuerSelector - No issuer found for the token creation date. The process continues with an issuer which has the same public key.
11:39:10.506 [pool-7-thread-62] INFO eu.europa.esig.dss.spi.x509.TokenIssuerSelector - The issuer subject name and subject name does not match (more details in debug mode).
11:39:10.506 [pool-7-thread-62] INFO eu.europa.esig.dss.spi.x509.TokenIssuerSelector - CERT ISSUER    : c=lu,ou=pki-test,o=nowina solutions,cn=external-ca
11:39:10.506 [pool-7-thread-62] INFO eu.europa.esig.dss.spi.x509.TokenIssuerSelector - ISSUER SUBJECT : c=lu,ou=pki-test,o=nowina solutions,cn=external-ca-alternative
11:39:10.506 [pool-7-thread-62] INFO eu.europa.esig.dss.spi.x509.TokenIssuerSelector - The issuer subject name and subject name does not match (more details in debug mode).
11:39:10.506 [pool-7-thread-62] INFO eu.europa.esig.dss.spi.x509.TokenIssuerSelector - CERT ISSUER    : c=lu,ou=pki-test,o=nowina solutions,cn=external-ca
11:39:10.506 [pool-7-thread-62] INFO eu.europa.esig.dss.spi.x509.TokenIssuerSelector - ISSUER SUBJECT : c=lu,ou=pki-test,o=nowina solutions,cn=external-ca-alternative
11:39:10.506 [pool-7-thread-62] INFO eu.europa.esig.dss.spi.x509.TokenIssuerSelector - The issuer subject name and subject name does not match (more details in debug mode).
11:39:10.506 [pool-7-thread-62] INFO eu.europa.esig.dss.spi.x509.TokenIssuerSelector - CERT ISSUER    : c=lu,ou=pki-test,o=nowina solutions,cn=external-ca
11:39:10.506 [pool-7-thread-62] INFO eu.europa.esig.dss.spi.x509.TokenIssuerSelector - ISSUER SUBJECT : c=lu,ou=pki-test,o=nowina solutions,cn=external-ca-alternative
11:39:10.507 [pool-7-thread-66] INFO eu.europa.esig.dss.spi.x509.TokenIssuerSelector - The issuer subject name and subject name does not match (more details in debug mode).
11:39:10.507 [pool-7-thread-66] INFO eu.europa.esig.dss.spi.x509.TokenIssuerSelector - CERT ISSUER    : c=lu,ou=pki-test,o=nowina solutions,cn=external-ca
11:39:10.507 [pool-7-thread-66] INFO eu.europa.esig.dss.spi.x509.TokenIssuerSelector - ISSUER SUBJECT : c=lu,ou=pki-test,o=nowina solutions,cn=external-ca-alternative
11:39:10.507 [pool-7-thread-66] INFO eu.europa.esig.dss.spi.x509.TokenIssuerSelector - The issuer subject name and subject name does not match (more details in debug mode).
11:39:10.507 [pool-7-thread-66] INFO eu.europa.esig.dss.spi.x509.TokenIssuerSelector - CERT ISSUER    : c=lu,ou=pki-test,o=nowina solutions,cn=external-ca
11:39:10.507 [pool-7-thread-66] INFO eu.europa.esig.dss.spi.x509.TokenIssuerSelector - ISSUER SUBJECT : c=lu,ou=pki-test,o=nowina solutions,cn=external-ca-alternative
11:39:10.507 [pool-7-thread-66] INFO eu.europa.esig.dss.spi.x509.TokenIssuerSelector - The issuer subject name and subject name does not match (more details in debug mode).
11:39:10.507 [pool-7-thread-66] INFO eu.europa.esig.dss.spi.x509.TokenIssuerSelector - CERT ISSUER    : c=lu,ou=pki-test,o=nowina solutions,cn=external-ca
11:39:10.507 [pool-7-thread-66] INFO eu.europa.esig.dss.spi.x509.TokenIssuerSelector - ISSUER SUBJECT : c=lu,ou=pki-test,o=nowina solutions,cn=external-ca-alternative
11:39:10.508 [pool-7-thread-42] WARN eu.europa.esig.dss.spi.x509.TokenIssuerSelector - No issuer found for the token creation date. The process continues with an issuer which has the same public key.
11:39:10.508 [pool-7-thread-42] WARN eu.europa.esig.dss.spi.x509.TokenIssuerSelector - No issuer found for the token creation date. The process continues with an issuer which has the same public key.
11:39:10.515 [pool-7-thread-42] INFO eu.europa.esig.dss.spi.x509.TokenIssuerSelector - The issuer subject name and subject name does not match (more details in debug mode).
11:39:10.515 [pool-7-thread-42] INFO eu.europa.esig.dss.spi.x509.TokenIssuerSelector - CERT ISSUER    : c=lu,ou=pki-test,o=nowina solutions,cn=external-ca
11:39:10.515 [pool-7-thread-42] INFO eu.europa.esig.dss.spi.x509.TokenIssuerSelector - ISSUER SUBJECT : c=lu,ou=pki-test,o=nowina solutions,cn=external-ca-alternative
11:39:10.515 [pool-7-thread-42] INFO eu.europa.esig.dss.spi.x509.TokenIssuerSelector - The issuer subject name and subject name does not match (more details in debug mode).
11:39:10.515 [pool-7-thread-42] INFO eu.europa.esig.dss.spi.x509.TokenIssuerSelector - CERT ISSUER    : c=lu,ou=pki-test,o=nowina solutions,cn=external-ca
11:39:10.515 [pool-7-thread-42] INFO eu.europa.esig.dss.spi.x509.TokenIssuerSelector - ISSUER SUBJECT : c=lu,ou=pki-test,o=nowina solutions,cn=external-ca-alternative
11:39:10.515 [pool-7-thread-42] INFO eu.europa.esig.dss.spi.x509.TokenIssuerSelector - The issuer subject name and subject name does not match (more details in debug mode).
11:39:10.515 [pool-7-thread-42] INFO eu.europa.esig.dss.spi.x509.TokenIssuerSelector - CERT ISSUER    : c=lu,ou=pki-test,o=nowina solutions,cn=external-ca
11:39:10.515 [pool-7-thread-42] INFO eu.europa.esig.dss.spi.x509.TokenIssuerSelector - ISSUER SUBJECT : c=lu,ou=pki-test,o=nowina solutions,cn=external-ca-alternative
11:39:10.516 [pool-7-thread-2] WARN eu.europa.esig.dss.spi.x509.TokenIssuerSelector - No issuer found for the token creation date. The process continues with an issuer which has the same public key.
11:39:10.519 [pool-7-thread-1] WARN eu.europa.esig.dss.spi.x509.TokenIssuerSelector - No issuer found for the token creation date. The process continues with an issuer which has the same public key.
11:39:10.520 [pool-7-thread-1] INFO eu.europa.esig.dss.spi.x509.TokenIssuerSelector - The issuer subject name and subject name does not match (more details in debug mode).
11:39:10.520 [pool-7-thread-1] INFO eu.europa.esig.dss.spi.x509.TokenIssuerSelector - CERT ISSUER    : c=lu,ou=pki-test,o=nowina solutions,cn=external-ca
11:39:10.520 [pool-7-thread-1] INFO eu.europa.esig.dss.spi.x509.TokenIssuerSelector - ISSUER SUBJECT : c=lu,ou=pki-test,o=nowina solutions,cn=external-ca-alternative
11:39:10.520 [pool-7-thread-1] INFO eu.europa.esig.dss.spi.x509.TokenIssuerSelector - The issuer subject name and subject name does not match (more details in debug mode).
11:39:10.520 [pool-7-thread-1] INFO eu.europa.esig.dss.spi.x509.TokenIssuerSelector - CERT ISSUER    : c=lu,ou=pki-test,o=nowina solutions,cn=external-ca
11:39:10.520 [pool-7-thread-1] INFO eu.europa.esig.dss.spi.x509.TokenIssuerSelector - ISSUER SUBJECT : c=lu,ou=pki-test,o=nowina solutions,cn=external-ca-alternative
11:39:10.520 [pool-7-thread-1] INFO eu.europa.esig.dss.spi.x509.TokenIssuerSelector - The issuer subject name and subject name does not match (more details in debug mode).
11:39:10.520 [pool-7-thread-1] INFO eu.europa.esig.dss.spi.x509.TokenIssuerSelector - CERT ISSUER    : c=lu,ou=pki-test,o=nowina solutions,cn=external-ca
11:39:10.520 [pool-7-thread-1] INFO eu.europa.esig.dss.spi.x509.TokenIssuerSelector - ISSUER SUBJECT : c=lu,ou=pki-test,o=nowina solutions,cn=external-ca-alternative
11:39:10.524 [pool-7-thread-38] INFO eu.europa.esig.dss.spi.x509.TokenIssuerSelector - The issuer subject name and subject name does not match (more details in debug mode).
11:39:10.524 [pool-7-thread-38] INFO eu.europa.esig.dss.spi.x509.TokenIssuerSelector - CERT ISSUER    : c=lu,ou=pki-test,o=nowina solutions,cn=external-ca
11:39:10.524 [pool-7-thread-38] INFO eu.europa.esig.dss.spi.x509.TokenIssuerSelector - ISSUER SUBJECT : c=lu,ou=pki-test,o=nowina solutions,cn=external-ca-alternative
11:39:10.524 [pool-7-thread-38] INFO eu.europa.esig.dss.spi.x509.TokenIssuerSelector - The issuer subject name and subject name does not match (more details in debug mode).
11:39:10.524 [pool-7-thread-38] INFO eu.europa.esig.dss.spi.x509.TokenIssuerSelector - CERT ISSUER    : c=lu,ou=pki-test,o=nowina solutions,cn=external-ca
11:39:10.524 [pool-7-thread-38] INFO eu.europa.esig.dss.spi.x509.TokenIssuerSelector - ISSUER SUBJECT : c=lu,ou=pki-test,o=nowina solutions,cn=external-ca-alternative
11:39:10.524 [pool-7-thread-38] INFO eu.europa.esig.dss.spi.x509.TokenIssuerSelector - The issuer subject name and subject name does not match (more details in debug mode).
11:39:10.524 [pool-7-thread-38] INFO eu.europa.esig.dss.spi.x509.TokenIssuerSelector - CERT ISSUER    : c=lu,ou=pki-test,o=nowina solutions,cn=external-ca
11:39:10.524 [pool-7-thread-38] INFO eu.europa.esig.dss.spi.x509.TokenIssuerSelector - ISSUER SUBJECT : c=lu,ou=pki-test,o=nowina solutions,cn=external-ca-alternative
11:39:10.524 [pool-7-thread-16] WARN eu.europa.esig.dss.spi.x509.TokenIssuerSelector - No issuer found for the token creation date. The process continues with an issuer which has the same public key.
11:39:10.524 [pool-7-thread-43] WARN eu.europa.esig.dss.spi.x509.TokenIssuerSelector - No issuer found for the token creation date. The process continues with an issuer which has the same public key.
11:39:10.526 [pool-7-thread-20] WARN eu.europa.esig.dss.spi.x509.TokenIssuerSelector - No issuer found for the token creation date. The process continues with an issuer which has the same public key.
11:39:10.532 [pool-7-thread-74] INFO eu.europa.esig.dss.spi.x509.TokenIssuerSelector - The issuer subject name and subject name does not match (more details in debug mode).
11:39:10.532 [pool-7-thread-74] INFO eu.europa.esig.dss.spi.x509.TokenIssuerSelector - CERT ISSUER    : c=lu,ou=pki-test,o=nowina solutions,cn=external-ca
11:39:10.532 [pool-7-thread-74] INFO eu.europa.esig.dss.spi.x509.TokenIssuerSelector - ISSUER SUBJECT : c=lu,ou=pki-test,o=nowina solutions,cn=external-ca-alternative
11:39:10.532 [pool-7-thread-74] INFO eu.europa.esig.dss.spi.x509.TokenIssuerSelector - The issuer subject name and subject name does not match (more details in debug mode).
11:39:10.532 [pool-7-thread-74] INFO eu.europa.esig.dss.spi.x509.TokenIssuerSelector - CERT ISSUER    : c=lu,ou=pki-test,o=nowina solutions,cn=external-ca
11:39:10.532 [pool-7-thread-74] INFO eu.europa.esig.dss.spi.x509.TokenIssuerSelector - ISSUER SUBJECT : c=lu,ou=pki-test,o=nowina solutions,cn=external-ca-alternative
11:39:10.532 [pool-7-thread-74] INFO eu.europa.esig.dss.spi.x509.TokenIssuerSelector - The issuer subject name and subject name does not match (more details in debug mode).
11:39:10.532 [pool-7-thread-74] INFO eu.europa.esig.dss.spi.x509.TokenIssuerSelector - CERT ISSUER    : c=lu,ou=pki-test,o=nowina solutions,cn=external-ca
11:39:10.532 [pool-7-thread-74] INFO eu.europa.esig.dss.spi.x509.TokenIssuerSelector - ISSUER SUBJECT : c=lu,ou=pki-test,o=nowina solutions,cn=external-ca-alternative
11:39:10.533 [pool-7-thread-65] WARN eu.europa.esig.dss.spi.x509.TokenIssuerSelector - No issuer found for the token creation date. The process continues with an issuer which has the same public key.
11:39:10.535 [pool-7-thread-65] WARN eu.europa.esig.dss.spi.x509.TokenIssuerSelector - No issuer found for the token creation date. The process continues with an issuer which has the same public key.
11:39:10.535 [pool-7-thread-32] WARN eu.europa.esig.dss.spi.x509.TokenIssuerSelector - No issuer found for the token creation date. The process continues with an issuer which has the same public key.
11:39:10.536 [pool-7-thread-73] WARN eu.europa.esig.dss.spi.x509.TokenIssuerSelector - No issuer found for the token creation date. The process continues with an issuer which has the same public key.
11:39:10.538 [pool-7-thread-73] INFO eu.europa.esig.dss.spi.x509.TokenIssuerSelector - The issuer subject name and subject name does not match (more details in debug mode).
11:39:10.538 [pool-7-thread-73] INFO eu.europa.esig.dss.spi.x509.TokenIssuerSelector - CERT ISSUER    : c=lu,ou=pki-test,o=nowina solutions,cn=external-ca
11:39:10.538 [pool-7-thread-73] INFO eu.europa.esig.dss.spi.x509.TokenIssuerSelector - ISSUER SUBJECT : c=lu,ou=pki-test,o=nowina solutions,cn=external-ca-alternative
11:39:10.538 [pool-7-thread-73] INFO eu.europa.esig.dss.spi.x509.TokenIssuerSelector - The issuer subject name and subject name does not match (more details in debug mode).
11:39:10.538 [pool-7-thread-73] INFO eu.europa.esig.dss.spi.x509.TokenIssuerSelector - CERT ISSUER    : c=lu,ou=pki-test,o=nowina solutions,cn=external-ca
11:39:10.538 [pool-7-thread-73] INFO eu.europa.esig.dss.spi.x509.TokenIssuerSelector - ISSUER SUBJECT : c=lu,ou=pki-test,o=nowina solutions,cn=external-ca-alternative
11:39:10.538 [pool-7-thread-73] INFO eu.europa.esig.dss.spi.x509.TokenIssuerSelector - The issuer subject name and subject name does not match (more details in debug mode).
11:39:10.538 [pool-7-thread-41] WARN eu.europa.esig.dss.spi.x509.TokenIssuerSelector - No issuer found for the token creation date. The process continues with an issuer which has the same public key.
11:39:10.538 [pool-7-thread-73] INFO eu.europa.esig.dss.spi.x509.TokenIssuerSelector - CERT ISSUER    : c=lu,ou=pki-test,o=nowina solutions,cn=external-ca
11:39:10.538 [pool-7-thread-73] INFO eu.europa.esig.dss.spi.x509.TokenIssuerSelector - ISSUER SUBJECT : c=lu,ou=pki-test,o=nowina solutions,cn=external-ca-alternative
11:39:10.538 [pool-7-thread-41] WARN eu.europa.esig.dss.spi.x509.TokenIssuerSelector - No issuer found for the token creation date. The process continues with an issuer which has the same public key.
11:39:10.541 [pool-7-thread-41] INFO eu.europa.esig.dss.spi.x509.TokenIssuerSelector - The issuer subject name and subject name does not match (more details in debug mode).
11:39:10.541 [pool-7-thread-41] INFO eu.europa.esig.dss.spi.x509.TokenIssuerSelector - CERT ISSUER    : c=lu,ou=pki-test,o=nowina solutions,cn=external-ca
11:39:10.541 [pool-7-thread-41] INFO eu.europa.esig.dss.spi.x509.TokenIssuerSelector - ISSUER SUBJECT : c=lu,ou=pki-test,o=nowina solutions,cn=external-ca-alternative
11:39:10.541 [pool-7-thread-41] INFO eu.europa.esig.dss.spi.x509.TokenIssuerSelector - The issuer subject name and subject name does not match (more details in debug mode).
11:39:10.541 [pool-7-thread-41] INFO eu.europa.esig.dss.spi.x509.TokenIssuerSelector - CERT ISSUER    : c=lu,ou=pki-test,o=nowina solutions,cn=external-ca
11:39:10.541 [pool-7-thread-41] INFO eu.europa.esig.dss.spi.x509.TokenIssuerSelector - ISSUER SUBJECT : c=lu,ou=pki-test,o=nowina solutions,cn=external-ca-alternative
11:39:10.541 [pool-7-thread-41] INFO eu.europa.esig.dss.spi.x509.TokenIssuerSelector - The issuer subject name and subject name does not match (more details in debug mode).
11:39:10.541 [pool-7-thread-41] INFO eu.europa.esig.dss.spi.x509.TokenIssuerSelector - CERT ISSUER    : c=lu,ou=pki-test,o=nowina solutions,cn=external-ca
11:39:10.541 [pool-7-thread-41] INFO eu.europa.esig.dss.spi.x509.TokenIssuerSelector - ISSUER SUBJECT : c=lu,ou=pki-test,o=nowina solutions,cn=external-ca-alternative
11:39:10.541 [pool-7-thread-77] INFO eu.europa.esig.dss.spi.x509.TokenIssuerSelector - The issuer subject name and subject name does not match (more details in debug mode).
11:39:10.541 [pool-7-thread-77] INFO eu.europa.esig.dss.spi.x509.TokenIssuerSelector - CERT ISSUER    : c=lu,ou=pki-test,o=nowina solutions,cn=external-ca
11:39:10.541 [pool-7-thread-77] INFO eu.europa.esig.dss.spi.x509.TokenIssuerSelector - ISSUER SUBJECT : c=lu,ou=pki-test,o=nowina solutions,cn=external-ca-alternative
11:39:10.541 [pool-7-thread-77] INFO eu.europa.esig.dss.spi.x509.TokenIssuerSelector - The issuer subject name and subject name does not match (more details in debug mode).
11:39:10.541 [pool-7-thread-77] INFO eu.europa.esig.dss.spi.x509.TokenIssuerSelector - CERT ISSUER    : c=lu,ou=pki-test,o=nowina solutions,cn=external-ca
11:39:10.541 [pool-7-thread-77] INFO eu.europa.esig.dss.spi.x509.TokenIssuerSelector - ISSUER SUBJECT : c=lu,ou=pki-test,o=nowina solutions,cn=external-ca-alternative
11:39:10.541 [pool-7-thread-77] INFO eu.europa.esig.dss.spi.x509.TokenIssuerSelector - The issuer subject name and subject name does not match (more details in debug mode).
11:39:10.541 [pool-7-thread-77] INFO eu.europa.esig.dss.spi.x509.TokenIssuerSelector - CERT ISSUER    : c=lu,ou=pki-test,o=nowina solutions,cn=external-ca
11:39:10.541 [pool-7-thread-77] INFO eu.europa.esig.dss.spi.x509.TokenIssuerSelector - ISSUER SUBJECT : c=lu,ou=pki-test,o=nowina solutions,cn=external-ca-alternative
11:39:10.541 [pool-7-thread-69] INFO eu.europa.esig.dss.spi.x509.TokenIssuerSelector - The issuer subject name and subject name does not match (more details in debug mode).
11:39:10.543 [pool-7-thread-41] WARN eu.europa.esig.dss.spi.x509.TokenIssuerSelector - No issuer found for the token creation date. The process continues with an issuer which has the same public key.
11:39:10.544 [pool-7-thread-41] WARN eu.europa.esig.dss.spi.x509.TokenIssuerSelector - No issuer found for the token creation date. The process continues with an issuer which has the same public key.
11:39:10.542 [pool-7-thread-69] INFO eu.europa.esig.dss.spi.x509.TokenIssuerSelector - CERT ISSUER    : c=lu,ou=pki-test,o=nowina solutions,cn=external-ca
11:39:10.544 [pool-7-thread-69] INFO eu.europa.esig.dss.spi.x509.TokenIssuerSelector - ISSUER SUBJECT : c=lu,ou=pki-test,o=nowina solutions,cn=external-ca-alternative
11:39:10.544 [pool-7-thread-69] INFO eu.europa.esig.dss.spi.x509.TokenIssuerSelector - The issuer subject name and subject name does not match (more details in debug mode).
11:39:10.544 [pool-7-thread-69] INFO eu.europa.esig.dss.spi.x509.TokenIssuerSelector - CERT ISSUER    : c=lu,ou=pki-test,o=nowina solutions,cn=external-ca
11:39:10.544 [pool-7-thread-69] INFO eu.europa.esig.dss.spi.x509.TokenIssuerSelector - ISSUER SUBJECT : c=lu,ou=pki-test,o=nowina solutions,cn=external-ca-alternative
11:39:10.544 [pool-7-thread-69] INFO eu.europa.esig.dss.spi.x509.TokenIssuerSelector - The issuer subject name and subject name does not match (more details in debug mode).
11:39:10.544 [pool-7-thread-69] INFO eu.europa.esig.dss.spi.x509.TokenIssuerSelector - CERT ISSUER    : c=lu,ou=pki-test,o=nowina solutions,cn=external-ca
11:39:10.544 [pool-7-thread-69] INFO eu.europa.esig.dss.spi.x509.TokenIssuerSelector - ISSUER SUBJECT : c=lu,ou=pki-test,o=nowina solutions,cn=external-ca-alternative
11:39:10.546 [pool-7-thread-41] INFO eu.europa.esig.dss.spi.x509.TokenIssuerSelector - The issuer subject name and subject name does not match (more details in debug mode).
11:39:10.546 [pool-7-thread-41] INFO eu.europa.esig.dss.spi.x509.TokenIssuerSelector - CERT ISSUER    : c=lu,ou=pki-test,o=nowina solutions,cn=external-ca
11:39:10.546 [pool-7-thread-41] INFO eu.europa.esig.dss.spi.x509.TokenIssuerSelector - ISSUER SUBJECT : c=lu,ou=pki-test,o=nowina solutions,cn=external-ca-alternative
11:39:10.546 [pool-7-thread-41] INFO eu.europa.esig.dss.spi.x509.TokenIssuerSelector - The issuer subject name and subject name does not match (more details in debug mode).
11:39:10.546 [pool-7-thread-41] INFO eu.europa.esig.dss.spi.x509.TokenIssuerSelector - CERT ISSUER    : c=lu,ou=pki-test,o=nowina solutions,cn=external-ca
11:39:10.546 [pool-7-thread-41] INFO eu.europa.esig.dss.spi.x509.TokenIssuerSelector - ISSUER SUBJECT : c=lu,ou=pki-test,o=nowina solutions,cn=external-ca-alternative
11:39:10.547 [pool-7-thread-41] INFO eu.europa.esig.dss.spi.x509.TokenIssuerSelector - The issuer subject name and subject name does not match (more details in debug mode).
11:39:10.547 [pool-7-thread-41] INFO eu.europa.esig.dss.spi.x509.TokenIssuerSelector - CERT ISSUER    : c=lu,ou=pki-test,o=nowina solutions,cn=external-ca
11:39:10.547 [pool-7-thread-41] INFO eu.europa.esig.dss.spi.x509.TokenIssuerSelector - ISSUER SUBJECT : c=lu,ou=pki-test,o=nowina solutions,cn=external-ca-alternative
11:39:10.548 [pool-7-thread-86] INFO eu.europa.esig.dss.spi.x509.TokenIssuerSelector - The issuer subject name and subject name does not match (more details in debug mode).
11:39:10.548 [pool-7-thread-86] INFO eu.europa.esig.dss.spi.x509.TokenIssuerSelector - CERT ISSUER    : c=lu,ou=pki-test,o=nowina solutions,cn=external-ca
11:39:10.548 [pool-7-thread-86] INFO eu.europa.esig.dss.spi.x509.TokenIssuerSelector - ISSUER SUBJECT : c=lu,ou=pki-test,o=nowina solutions,cn=external-ca-alternative
11:39:10.549 [pool-7-thread-86] INFO eu.europa.esig.dss.spi.x509.TokenIssuerSelector - The issuer subject name and subject name does not match (more details in debug mode).
11:39:10.549 [pool-7-thread-86] INFO eu.europa.esig.dss.spi.x509.TokenIssuerSelector - CERT ISSUER    : c=lu,ou=pki-test,o=nowina solutions,cn=external-ca
11:39:10.549 [pool-7-thread-86] INFO eu.europa.esig.dss.spi.x509.TokenIssuerSelector - ISSUER SUBJECT : c=lu,ou=pki-test,o=nowina solutions,cn=external-ca-alternative
11:39:10.549 [pool-7-thread-86] INFO eu.europa.esig.dss.spi.x509.TokenIssuerSelector - The issuer subject name and subject name does not match (more details in debug mode).
11:39:10.549 [pool-7-thread-86] INFO eu.europa.esig.dss.spi.x509.TokenIssuerSelector - CERT ISSUER    : c=lu,ou=pki-test,o=nowina solutions,cn=external-ca
11:39:10.549 [pool-7-thread-86] INFO eu.europa.esig.dss.spi.x509.TokenIssuerSelector - ISSUER SUBJECT : c=lu,ou=pki-test,o=nowina solutions,cn=external-ca-alternative
11:39:10.549 [pool-7-thread-34] INFO eu.europa.esig.dss.spi.x509.TokenIssuerSelector - The issuer subject name and subject name does not match (more details in debug mode).
11:39:10.549 [pool-7-thread-34] INFO eu.europa.esig.dss.spi.x509.TokenIssuerSelector - CERT ISSUER    : c=lu,ou=pki-test,o=nowina solutions,cn=external-ca
11:39:10.549 [pool-7-thread-34] INFO eu.europa.esig.dss.spi.x509.TokenIssuerSelector - ISSUER SUBJECT : c=lu,ou=pki-test,o=nowina solutions,cn=external-ca-alternative
11:39:10.549 [pool-7-thread-34] INFO eu.europa.esig.dss.spi.x509.TokenIssuerSelector - The issuer subject name and subject name does not match (more details in debug mode).
11:39:10.549 [pool-7-thread-34] INFO eu.europa.esig.dss.spi.x509.TokenIssuerSelector - CERT ISSUER    : c=lu,ou=pki-test,o=nowina solutions,cn=external-ca
11:39:10.549 [pool-7-thread-34] INFO eu.europa.esig.dss.spi.x509.TokenIssuerSelector - ISSUER SUBJECT : c=lu,ou=pki-test,o=nowina solutions,cn=external-ca-alternative
11:39:10.549 [pool-7-thread-34] INFO eu.europa.esig.dss.spi.x509.TokenIssuerSelector - The issuer subject name and subject name does not match (more details in debug mode).
11:39:10.549 [pool-7-thread-34] INFO eu.europa.esig.dss.spi.x509.TokenIssuerSelector - CERT ISSUER    : c=lu,ou=pki-test,o=nowina solutions,cn=external-ca
11:39:10.549 [pool-7-thread-34] INFO eu.europa.esig.dss.spi.x509.TokenIssuerSelector - ISSUER SUBJECT : c=lu,ou=pki-test,o=nowina solutions,cn=external-ca-alternative
11:39:10.550 [pool-7-thread-41] WARN eu.europa.esig.dss.spi.x509.TokenIssuerSelector - No issuer found for the token creation date. The process continues with an issuer which has the same public key.
11:39:10.551 [pool-7-thread-89] WARN eu.europa.esig.dss.spi.x509.TokenIssuerSelector - No issuer found for the token creation date. The process continues with an issuer which has the same public key.
11:39:10.552 [pool-7-thread-98] WARN eu.europa.esig.dss.spi.x509.TokenIssuerSelector - No issuer found for the token creation date. The process continues with an issuer which has the same public key.
11:39:10.554 [pool-7-thread-98] INFO eu.europa.esig.dss.spi.x509.TokenIssuerSelector - The issuer subject name and subject name does not match (more details in debug mode).
11:39:10.554 [pool-7-thread-98] INFO eu.europa.esig.dss.spi.x509.TokenIssuerSelector - CERT ISSUER    : c=lu,ou=pki-test,o=nowina solutions,cn=external-ca
11:39:10.554 [pool-7-thread-98] INFO eu.europa.esig.dss.spi.x509.TokenIssuerSelector - ISSUER SUBJECT : c=lu,ou=pki-test,o=nowina solutions,cn=external-ca-alternative
11:39:10.554 [pool-7-thread-98] INFO eu.europa.esig.dss.spi.x509.TokenIssuerSelector - The issuer subject name and subject name does not match (more details in debug mode).
11:39:10.554 [pool-7-thread-98] INFO eu.europa.esig.dss.spi.x509.TokenIssuerSelector - CERT ISSUER    : c=lu,ou=pki-test,o=nowina solutions,cn=external-ca
11:39:10.554 [pool-7-thread-98] INFO eu.europa.esig.dss.spi.x509.TokenIssuerSelector - ISSUER SUBJECT : c=lu,ou=pki-test,o=nowina solutions,cn=external-ca-alternative
11:39:10.554 [pool-7-thread-98] INFO eu.europa.esig.dss.spi.x509.TokenIssuerSelector - The issuer subject name and subject name does not match (more details in debug mode).
11:39:10.554 [pool-7-thread-98] INFO eu.europa.esig.dss.spi.x509.TokenIssuerSelector - CERT ISSUER    : c=lu,ou=pki-test,o=nowina solutions,cn=external-ca
11:39:10.554 [pool-7-thread-98] INFO eu.europa.esig.dss.spi.x509.TokenIssuerSelector - ISSUER SUBJECT : c=lu,ou=pki-test,o=nowina solutions,cn=external-ca-alternative
11:39:10.554 [pool-7-thread-84] INFO eu.europa.esig.dss.spi.x509.TokenIssuerSelector - The issuer subject name and subject name does not match (more details in debug mode).
11:39:10.554 [pool-7-thread-84] INFO eu.europa.esig.dss.spi.x509.TokenIssuerSelector - CERT ISSUER    : c=lu,ou=pki-test,o=nowina solutions,cn=external-ca
11:39:10.554 [pool-7-thread-84] INFO eu.europa.esig.dss.spi.x509.TokenIssuerSelector - ISSUER SUBJECT : c=lu,ou=pki-test,o=nowina solutions,cn=external-ca-alternative
11:39:10.554 [pool-7-thread-84] INFO eu.europa.esig.dss.spi.x509.TokenIssuerSelector - The issuer subject name and subject name does not match (more details in debug mode).
11:39:10.554 [pool-7-thread-84] INFO eu.europa.esig.dss.spi.x509.TokenIssuerSelector - CERT ISSUER    : c=lu,ou=pki-test,o=nowina solutions,cn=external-ca
11:39:10.554 [pool-7-thread-84] INFO eu.europa.esig.dss.spi.x509.TokenIssuerSelector - ISSUER SUBJECT : c=lu,ou=pki-test,o=nowina solutions,cn=external-ca-alternative
11:39:10.554 [pool-7-thread-84] INFO eu.europa.esig.dss.spi.x509.TokenIssuerSelector - The issuer subject name and subject name does not match (more details in debug mode).
11:39:10.554 [pool-7-thread-84] INFO eu.europa.esig.dss.spi.x509.TokenIssuerSelector - CERT ISSUER    : c=lu,ou=pki-test,o=nowina solutions,cn=external-ca
11:39:10.554 [pool-7-thread-84] INFO eu.europa.esig.dss.spi.x509.TokenIssuerSelector - ISSUER SUBJECT : c=lu,ou=pki-test,o=nowina solutions,cn=external-ca-alternative
11:39:10.556 [pool-7-thread-45] WARN eu.europa.esig.dss.spi.x509.TokenIssuerSelector - No issuer found for the token creation date. The process continues with an issuer which has the same public key.
11:39:10.557 [pool-7-thread-45] WARN eu.europa.esig.dss.spi.x509.TokenIssuerSelector - No issuer found for the token creation date. The process continues with an issuer which has the same public key.
11:39:10.558 [pool-7-thread-5] INFO eu.europa.esig.dss.spi.x509.TokenIssuerSelector - The issuer subject name and subject name does not match (more details in debug mode).
11:39:10.558 [pool-7-thread-5] INFO eu.europa.esig.dss.spi.x509.TokenIssuerSelector - CERT ISSUER    : c=lu,ou=pki-test,o=nowina solutions,cn=external-ca
11:39:10.558 [pool-7-thread-5] INFO eu.europa.esig.dss.spi.x509.TokenIssuerSelector - ISSUER SUBJECT : c=lu,ou=pki-test,o=nowina solutions,cn=external-ca-alternative
11:39:10.558 [pool-7-thread-5] INFO eu.europa.esig.dss.spi.x509.TokenIssuerSelector - The issuer subject name and subject name does not match (more details in debug mode).
11:39:10.558 [pool-7-thread-5] INFO eu.europa.esig.dss.spi.x509.TokenIssuerSelector - CERT ISSUER    : c=lu,ou=pki-test,o=nowina solutions,cn=external-ca
11:39:10.558 [pool-7-thread-5] INFO eu.europa.esig.dss.spi.x509.TokenIssuerSelector - ISSUER SUBJECT : c=lu,ou=pki-test,o=nowina solutions,cn=external-ca-alternative
11:39:10.558 [pool-7-thread-5] INFO eu.europa.esig.dss.spi.x509.TokenIssuerSelector - The issuer subject name and subject name does not match (more details in debug mode).
11:39:10.558 [pool-7-thread-5] INFO eu.europa.esig.dss.spi.x509.TokenIssuerSelector - CERT ISSUER    : c=lu,ou=pki-test,o=nowina solutions,cn=external-ca
11:39:10.558 [pool-7-thread-5] INFO eu.europa.esig.dss.spi.x509.TokenIssuerSelector - ISSUER SUBJECT : c=lu,ou=pki-test,o=nowina solutions,cn=external-ca-alternative
11:39:10.558 [pool-7-thread-45] INFO eu.europa.esig.dss.spi.x509.TokenIssuerSelector - The issuer subject name and subject name does not match (more details in debug mode).
11:39:10.558 [pool-7-thread-45] INFO eu.europa.esig.dss.spi.x509.TokenIssuerSelector - CERT ISSUER    : c=lu,ou=pki-test,o=nowina solutions,cn=external-ca
11:39:10.558 [pool-7-thread-45] INFO eu.europa.esig.dss.spi.x509.TokenIssuerSelector - ISSUER SUBJECT : c=lu,ou=pki-test,o=nowina solutions,cn=external-ca-alternative
11:39:10.558 [pool-7-thread-45] INFO eu.europa.esig.dss.spi.x509.TokenIssuerSelector - The issuer subject name and subject name does not match (more details in debug mode).
11:39:10.558 [pool-7-thread-45] INFO eu.europa.esig.dss.spi.x509.TokenIssuerSelector - CERT ISSUER    : c=lu,ou=pki-test,o=nowina solutions,cn=external-ca
11:39:10.558 [pool-7-thread-45] INFO eu.europa.esig.dss.spi.x509.TokenIssuerSelector - ISSUER SUBJECT : c=lu,ou=pki-test,o=nowina solutions,cn=external-ca-alternative
11:39:10.558 [pool-7-thread-45] INFO eu.europa.esig.dss.spi.x509.TokenIssuerSelector - The issuer subject name and subject name does not match (more details in debug mode).
11:39:10.558 [pool-7-thread-45] INFO eu.europa.esig.dss.spi.x509.TokenIssuerSelector - CERT ISSUER    : c=lu,ou=pki-test,o=nowina solutions,cn=external-ca
11:39:10.558 [pool-7-thread-45] INFO eu.europa.esig.dss.spi.x509.TokenIssuerSelector - ISSUER SUBJECT : c=lu,ou=pki-test,o=nowina solutions,cn=external-ca-alternative
11:39:10.559 [pool-7-thread-84] WARN eu.europa.esig.dss.spi.x509.TokenIssuerSelector - No issuer found for the token creation date. The process continues with an issuer which has the same public key.
11:39:10.561 [pool-7-thread-18] INFO eu.europa.esig.dss.spi.x509.TokenIssuerSelector - The issuer subject name and subject name does not match (more details in debug mode).
11:39:10.561 [pool-7-thread-18] INFO eu.europa.esig.dss.spi.x509.TokenIssuerSelector - CERT ISSUER    : c=lu,ou=pki-test,o=nowina solutions,cn=external-ca
11:39:10.561 [pool-7-thread-18] INFO eu.europa.esig.dss.spi.x509.TokenIssuerSelector - ISSUER SUBJECT : c=lu,ou=pki-test,o=nowina solutions,cn=external-ca-alternative
11:39:10.561 [pool-7-thread-18] INFO eu.europa.esig.dss.spi.x509.TokenIssuerSelector - The issuer subject name and subject name does not match (more details in debug mode).
11:39:10.561 [pool-7-thread-18] INFO eu.europa.esig.dss.spi.x509.TokenIssuerSelector - CERT ISSUER    : c=lu,ou=pki-test,o=nowina solutions,cn=external-ca
11:39:10.562 [pool-7-thread-18] INFO eu.europa.esig.dss.spi.x509.TokenIssuerSelector - ISSUER SUBJECT : c=lu,ou=pki-test,o=nowina solutions,cn=external-ca-alternative
11:39:10.562 [pool-7-thread-18] INFO eu.europa.esig.dss.spi.x509.TokenIssuerSelector - The issuer subject name and subject name does not match (more details in debug mode).
11:39:10.562 [pool-7-thread-18] INFO eu.europa.esig.dss.spi.x509.TokenIssuerSelector - CERT ISSUER    : c=lu,ou=pki-test,o=nowina solutions,cn=external-ca
11:39:10.562 [pool-7-thread-18] INFO eu.europa.esig.dss.spi.x509.TokenIssuerSelector - ISSUER SUBJECT : c=lu,ou=pki-test,o=nowina solutions,cn=external-ca-alternative
11:39:10.563 [pool-7-thread-64] WARN eu.europa.esig.dss.spi.x509.TokenIssuerSelector - No issuer found for the token creation date. The process continues with an issuer which has the same public key.
11:39:10.563 [pool-7-thread-85] INFO eu.europa.esig.dss.spi.x509.TokenIssuerSelector - The issuer subject name and subject name does not match (more details in debug mode).
11:39:10.563 [pool-7-thread-85] INFO eu.europa.esig.dss.spi.x509.TokenIssuerSelector - CERT ISSUER    : c=lu,ou=pki-test,o=nowina solutions,cn=external-ca
11:39:10.563 [pool-7-thread-85] INFO eu.europa.esig.dss.spi.x509.TokenIssuerSelector - ISSUER SUBJECT : c=lu,ou=pki-test,o=nowina solutions,cn=external-ca-alternative
11:39:10.563 [pool-7-thread-85] INFO eu.europa.esig.dss.spi.x509.TokenIssuerSelector - The issuer subject name and subject name does not match (more details in debug mode).
11:39:10.563 [pool-7-thread-85] INFO eu.europa.esig.dss.spi.x509.TokenIssuerSelector - CERT ISSUER    : c=lu,ou=pki-test,o=nowina solutions,cn=external-ca
11:39:10.563 [pool-7-thread-85] INFO eu.europa.esig.dss.spi.x509.TokenIssuerSelector - ISSUER SUBJECT : c=lu,ou=pki-test,o=nowina solutions,cn=external-ca-alternative
11:39:10.563 [pool-7-thread-85] INFO eu.europa.esig.dss.spi.x509.TokenIssuerSelector - The issuer subject name and subject name does not match (more details in debug mode).
11:39:10.563 [pool-7-thread-85] INFO eu.europa.esig.dss.spi.x509.TokenIssuerSelector - CERT ISSUER    : c=lu,ou=pki-test,o=nowina solutions,cn=external-ca
11:39:10.563 [pool-7-thread-85] INFO eu.europa.esig.dss.spi.x509.TokenIssuerSelector - ISSUER SUBJECT : c=lu,ou=pki-test,o=nowina solutions,cn=external-ca-alternative
11:39:10.564 [pool-7-thread-64] INFO eu.europa.esig.dss.spi.x509.TokenIssuerSelector - The issuer subject name and subject name does not match (more details in debug mode).
11:39:10.564 [pool-7-thread-64] INFO eu.europa.esig.dss.spi.x509.TokenIssuerSelector - CERT ISSUER    : c=lu,ou=pki-test,o=nowina solutions,cn=external-ca
11:39:10.564 [pool-7-thread-64] INFO eu.europa.esig.dss.spi.x509.TokenIssuerSelector - ISSUER SUBJECT : c=lu,ou=pki-test,o=nowina solutions,cn=external-ca-alternative
11:39:10.564 [pool-7-thread-64] INFO eu.europa.esig.dss.spi.x509.TokenIssuerSelector - The issuer subject name and subject name does not match (more details in debug mode).
11:39:10.564 [pool-7-thread-64] INFO eu.europa.esig.dss.spi.x509.TokenIssuerSelector - CERT ISSUER    : c=lu,ou=pki-test,o=nowina solutions,cn=external-ca
11:39:10.564 [pool-7-thread-64] INFO eu.europa.esig.dss.spi.x509.TokenIssuerSelector - ISSUER SUBJECT : c=lu,ou=pki-test,o=nowina solutions,cn=external-ca-alternative
11:39:10.565 [pool-7-thread-64] INFO eu.europa.esig.dss.spi.x509.TokenIssuerSelector - The issuer subject name and subject name does not match (more details in debug mode).
11:39:10.565 [pool-7-thread-64] INFO eu.europa.esig.dss.spi.x509.TokenIssuerSelector - CERT ISSUER    : c=lu,ou=pki-test,o=nowina solutions,cn=external-ca
11:39:10.565 [pool-7-thread-64] INFO eu.europa.esig.dss.spi.x509.TokenIssuerSelector - ISSUER SUBJECT : c=lu,ou=pki-test,o=nowina solutions,cn=external-ca-alternative
11:39:10.565 [pool-7-thread-90] WARN eu.europa.esig.dss.spi.x509.TokenIssuerSelector - No issuer found for the token creation date. The process continues with an issuer which has the same public key.
11:39:10.566 [pool-7-thread-80] WARN eu.europa.esig.dss.spi.x509.TokenIssuerSelector - No issuer found for the token creation date. The process continues with an issuer which has the same public key.
11:39:10.568 [pool-7-thread-80] WARN eu.europa.esig.dss.spi.x509.TokenIssuerSelector - No issuer found for the token creation date. The process continues with an issuer which has the same public key.
11:39:10.570 [pool-7-thread-80] INFO eu.europa.esig.dss.spi.x509.TokenIssuerSelector - The issuer subject name and subject name does not match (more details in debug mode).
11:39:10.570 [pool-7-thread-80] INFO eu.europa.esig.dss.spi.x509.TokenIssuerSelector - CERT ISSUER    : c=lu,ou=pki-test,o=nowina solutions,cn=external-ca
11:39:10.570 [pool-7-thread-80] INFO eu.europa.esig.dss.spi.x509.TokenIssuerSelector - ISSUER SUBJECT : c=lu,ou=pki-test,o=nowina solutions,cn=external-ca-alternative
11:39:10.570 [pool-7-thread-80] INFO eu.europa.esig.dss.spi.x509.TokenIssuerSelector - The issuer subject name and subject name does not match (more details in debug mode).
11:39:10.570 [pool-7-thread-80] INFO eu.europa.esig.dss.spi.x509.TokenIssuerSelector - CERT ISSUER    : c=lu,ou=pki-test,o=nowina solutions,cn=external-ca
11:39:10.570 [pool-7-thread-80] INFO eu.europa.esig.dss.spi.x509.TokenIssuerSelector - ISSUER SUBJECT : c=lu,ou=pki-test,o=nowina solutions,cn=external-ca-alternative
11:39:10.570 [pool-7-thread-80] INFO eu.europa.esig.dss.spi.x509.TokenIssuerSelector - The issuer subject name and subject name does not match (more details in debug mode).
11:39:10.570 [pool-7-thread-80] INFO eu.europa.esig.dss.spi.x509.TokenIssuerSelector - CERT ISSUER    : c=lu,ou=pki-test,o=nowina solutions,cn=external-ca
11:39:10.570 [pool-7-thread-80] INFO eu.europa.esig.dss.spi.x509.TokenIssuerSelector - ISSUER SUBJECT : c=lu,ou=pki-test,o=nowina solutions,cn=external-ca-alternative
11:39:10.575 [pool-7-thread-75] WARN eu.europa.esig.dss.spi.x509.TokenIssuerSelector - No issuer found for the token creation date. The process continues with an issuer which has the same public key.
11:39:10.576 [pool-7-thread-75] WARN eu.europa.esig.dss.spi.x509.TokenIssuerSelector - No issuer found for the token creation date. The process continues with an issuer which has the same public key.
11:39:10.580 [pool-7-thread-22] WARN eu.europa.esig.dss.spi.x509.TokenIssuerSelector - No issuer found for the token creation date. The process continues with an issuer which has the same public key.
11:39:10.580 [pool-7-thread-22] WARN eu.europa.esig.dss.spi.x509.TokenIssuerSelector - No issuer found for the token creation date. The process continues with an issuer which has the same public key.
11:39:10.582 [pool-7-thread-22] INFO eu.europa.esig.dss.spi.x509.TokenIssuerSelector - The issuer subject name and subject name does not match (more details in debug mode).
11:39:10.583 [pool-7-thread-22] INFO eu.europa.esig.dss.spi.x509.TokenIssuerSelector - CERT ISSUER    : c=lu,ou=pki-test,o=nowina solutions,cn=external-ca
11:39:10.583 [pool-7-thread-22] INFO eu.europa.esig.dss.spi.x509.TokenIssuerSelector - ISSUER SUBJECT : c=lu,ou=pki-test,o=nowina solutions,cn=external-ca-alternative
11:39:10.583 [pool-7-thread-22] INFO eu.europa.esig.dss.spi.x509.TokenIssuerSelector - The issuer subject name and subject name does not match (more details in debug mode).
11:39:10.583 [pool-7-thread-22] INFO eu.europa.esig.dss.spi.x509.TokenIssuerSelector - CERT ISSUER    : c=lu,ou=pki-test,o=nowina solutions,cn=external-ca
11:39:10.583 [pool-7-thread-22] INFO eu.europa.esig.dss.spi.x509.TokenIssuerSelector - ISSUER SUBJECT : c=lu,ou=pki-test,o=nowina solutions,cn=external-ca-alternative
11:39:10.583 [pool-7-thread-22] INFO eu.europa.esig.dss.spi.x509.TokenIssuerSelector - The issuer subject name and subject name does not match (more details in debug mode).
11:39:10.583 [pool-7-thread-22] INFO eu.europa.esig.dss.spi.x509.TokenIssuerSelector - CERT ISSUER    : c=lu,ou=pki-test,o=nowina solutions,cn=external-ca
11:39:10.583 [pool-7-thread-22] INFO eu.europa.esig.dss.spi.x509.TokenIssuerSelector - ISSUER SUBJECT : c=lu,ou=pki-test,o=nowina solutions,cn=external-ca-alternative
11:39:10.583 [pool-7-thread-81] INFO eu.europa.esig.dss.spi.x509.TokenIssuerSelector - The issuer subject name and subject name does not match (more details in debug mode).
11:39:10.583 [pool-7-thread-81] INFO eu.europa.esig.dss.spi.x509.TokenIssuerSelector - CERT ISSUER    : c=lu,ou=pki-test,o=nowina solutions,cn=external-ca
11:39:10.583 [pool-7-thread-81] INFO eu.europa.esig.dss.spi.x509.TokenIssuerSelector - ISSUER SUBJECT : c=lu,ou=pki-test,o=nowina solutions,cn=external-ca-alternative
11:39:10.583 [pool-7-thread-81] INFO eu.europa.esig.dss.spi.x509.TokenIssuerSelector - The issuer subject name and subject name does not match (more details in debug mode).
11:39:10.583 [pool-7-thread-81] INFO eu.europa.esig.dss.spi.x509.TokenIssuerSelector - CERT ISSUER    : c=lu,ou=pki-test,o=nowina solutions,cn=external-ca
11:39:10.583 [pool-7-thread-81] INFO eu.europa.esig.dss.spi.x509.TokenIssuerSelector - ISSUER SUBJECT : c=lu,ou=pki-test,o=nowina solutions,cn=external-ca-alternative
11:39:10.583 [pool-7-thread-81] INFO eu.europa.esig.dss.spi.x509.TokenIssuerSelector - The issuer subject name and subject name does not match (more details in debug mode).
11:39:10.583 [pool-7-thread-81] INFO eu.europa.esig.dss.spi.x509.TokenIssuerSelector - CERT ISSUER    : c=lu,ou=pki-test,o=nowina solutions,cn=external-ca
11:39:10.583 [pool-7-thread-81] INFO eu.europa.esig.dss.spi.x509.TokenIssuerSelector - ISSUER SUBJECT : c=lu,ou=pki-test,o=nowina solutions,cn=external-ca-alternative
11:39:10.584 [pool-7-thread-71] WARN eu.europa.esig.dss.spi.x509.TokenIssuerSelector - No issuer found for the token creation date. The process continues with an issuer which has the same public key.
11:39:10.584 [pool-7-thread-68] INFO eu.europa.esig.dss.spi.x509.TokenIssuerSelector - The issuer subject name and subject name does not match (more details in debug mode).
11:39:10.584 [pool-7-thread-68] INFO eu.europa.esig.dss.spi.x509.TokenIssuerSelector - CERT ISSUER    : c=lu,ou=pki-test,o=nowina solutions,cn=external-ca
11:39:10.584 [pool-7-thread-68] INFO eu.europa.esig.dss.spi.x509.TokenIssuerSelector - ISSUER SUBJECT : c=lu,ou=pki-test,o=nowina solutions,cn=external-ca-alternative
11:39:10.584 [pool-7-thread-68] INFO eu.europa.esig.dss.spi.x509.TokenIssuerSelector - The issuer subject name and subject name does not match (more details in debug mode).
11:39:10.584 [pool-7-thread-68] INFO eu.europa.esig.dss.spi.x509.TokenIssuerSelector - CERT ISSUER    : c=lu,ou=pki-test,o=nowina solutions,cn=external-ca
11:39:10.584 [pool-7-thread-68] INFO eu.europa.esig.dss.spi.x509.TokenIssuerSelector - ISSUER SUBJECT : c=lu,ou=pki-test,o=nowina solutions,cn=external-ca-alternative
11:39:10.584 [pool-7-thread-68] INFO eu.europa.esig.dss.spi.x509.TokenIssuerSelector - The issuer subject name and subject name does not match (more details in debug mode).
11:39:10.584 [pool-7-thread-68] INFO eu.europa.esig.dss.spi.x509.TokenIssuerSelector - CERT ISSUER    : c=lu,ou=pki-test,o=nowina solutions,cn=external-ca
11:39:10.584 [pool-7-thread-68] INFO eu.europa.esig.dss.spi.x509.TokenIssuerSelector - ISSUER SUBJECT : c=lu,ou=pki-test,o=nowina solutions,cn=external-ca-alternative
11:39:10.586 [pool-7-thread-71] INFO eu.europa.esig.dss.spi.x509.TokenIssuerSelector - The issuer subject name and subject name does not match (more details in debug mode).
11:39:10.586 [pool-7-thread-71] INFO eu.europa.esig.dss.spi.x509.TokenIssuerSelector - CERT ISSUER    : c=lu,ou=pki-test,o=nowina solutions,cn=external-ca
11:39:10.586 [pool-7-thread-71] INFO eu.europa.esig.dss.spi.x509.TokenIssuerSelector - ISSUER SUBJECT : c=lu,ou=pki-test,o=nowina solutions,cn=external-ca-alternative
11:39:10.586 [pool-7-thread-71] INFO eu.europa.esig.dss.spi.x509.TokenIssuerSelector - The issuer subject name and subject name does not match (more details in debug mode).
11:39:10.586 [pool-7-thread-71] INFO eu.europa.esig.dss.spi.x509.TokenIssuerSelector - CERT ISSUER    : c=lu,ou=pki-test,o=nowina solutions,cn=external-ca
11:39:10.586 [pool-7-thread-71] INFO eu.europa.esig.dss.spi.x509.TokenIssuerSelector - ISSUER SUBJECT : c=lu,ou=pki-test,o=nowina solutions,cn=external-ca-alternative
11:39:10.586 [pool-7-thread-71] INFO eu.europa.esig.dss.spi.x509.TokenIssuerSelector - The issuer subject name and subject name does not match (more details in debug mode).
11:39:10.586 [pool-7-thread-71] INFO eu.europa.esig.dss.spi.x509.TokenIssuerSelector - CERT ISSUER    : c=lu,ou=pki-test,o=nowina solutions,cn=external-ca
11:39:10.586 [pool-7-thread-71] INFO eu.europa.esig.dss.spi.x509.TokenIssuerSelector - ISSUER SUBJECT : c=lu,ou=pki-test,o=nowina solutions,cn=external-ca-alternative
11:39:10.586 [pool-7-thread-39] WARN eu.europa.esig.dss.spi.x509.TokenIssuerSelector - No issuer found for the token creation date. The process continues with an issuer which has the same public key.
11:39:10.587 [pool-7-thread-67] WARN eu.europa.esig.dss.spi.x509.TokenIssuerSelector - No issuer found for the token creation date. The process continues with an issuer which has the same public key.
11:39:10.587 [pool-7-thread-63] WARN eu.europa.esig.dss.spi.x509.TokenIssuerSelector - No issuer found for the token creation date. The process continues with an issuer which has the same public key.
11:39:10.589 [pool-7-thread-63] INFO eu.europa.esig.dss.spi.x509.TokenIssuerSelector - The issuer subject name and subject name does not match (more details in debug mode).
11:39:10.589 [pool-7-thread-63] INFO eu.europa.esig.dss.spi.x509.TokenIssuerSelector - CERT ISSUER    : c=lu,ou=pki-test,o=nowina solutions,cn=external-ca
11:39:10.589 [pool-7-thread-63] INFO eu.europa.esig.dss.spi.x509.TokenIssuerSelector - ISSUER SUBJECT : c=lu,ou=pki-test,o=nowina solutions,cn=external-ca-alternative
11:39:10.589 [pool-7-thread-63] INFO eu.europa.esig.dss.spi.x509.TokenIssuerSelector - The issuer subject name and subject name does not match (more details in debug mode).
11:39:10.589 [pool-7-thread-63] INFO eu.europa.esig.dss.spi.x509.TokenIssuerSelector - CERT ISSUER    : c=lu,ou=pki-test,o=nowina solutions,cn=external-ca
11:39:10.589 [pool-7-thread-63] INFO eu.europa.esig.dss.spi.x509.TokenIssuerSelector - ISSUER SUBJECT : c=lu,ou=pki-test,o=nowina solutions,cn=external-ca-alternative
11:39:10.589 [pool-7-thread-63] INFO eu.europa.esig.dss.spi.x509.TokenIssuerSelector - The issuer subject name and subject name does not match (more details in debug mode).
11:39:10.589 [pool-7-thread-63] INFO eu.europa.esig.dss.spi.x509.TokenIssuerSelector - CERT ISSUER    : c=lu,ou=pki-test,o=nowina solutions,cn=external-ca
11:39:10.589 [pool-7-thread-63] INFO eu.europa.esig.dss.spi.x509.TokenIssuerSelector - ISSUER SUBJECT : c=lu,ou=pki-test,o=nowina solutions,cn=external-ca-alternative
11:39:10.590 [pool-7-thread-83] WARN eu.europa.esig.dss.spi.x509.TokenIssuerSelector - No issuer found for the token creation date. The process continues with an issuer which has the same public key.
11:39:10.591 [pool-7-thread-83] WARN eu.europa.esig.dss.spi.x509.TokenIssuerSelector - No issuer found for the token creation date. The process continues with an issuer which has the same public key.
11:39:10.592 [pool-7-thread-83] INFO eu.europa.esig.dss.spi.x509.TokenIssuerSelector - The issuer subject name and subject name does not match (more details in debug mode).
11:39:10.592 [pool-7-thread-83] INFO eu.europa.esig.dss.spi.x509.TokenIssuerSelector - CERT ISSUER    : c=lu,ou=pki-test,o=nowina solutions,cn=external-ca
11:39:10.592 [pool-7-thread-83] INFO eu.europa.esig.dss.spi.x509.TokenIssuerSelector - ISSUER SUBJECT : c=lu,ou=pki-test,o=nowina solutions,cn=external-ca-alternative
11:39:10.592 [pool-7-thread-83] INFO eu.europa.esig.dss.spi.x509.TokenIssuerSelector - The issuer subject name and subject name does not match (more details in debug mode).
11:39:10.592 [pool-7-thread-83] INFO eu.europa.esig.dss.spi.x509.TokenIssuerSelector - CERT ISSUER    : c=lu,ou=pki-test,o=nowina solutions,cn=external-ca
11:39:10.592 [pool-7-thread-83] INFO eu.europa.esig.dss.spi.x509.TokenIssuerSelector - ISSUER SUBJECT : c=lu,ou=pki-test,o=nowina solutions,cn=external-ca-alternative
11:39:10.592 [pool-7-thread-83] INFO eu.europa.esig.dss.spi.x509.TokenIssuerSelector - The issuer subject name and subject name does not match (more details in debug mode).
11:39:10.592 [pool-7-thread-83] INFO eu.europa.esig.dss.spi.x509.TokenIssuerSelector - CERT ISSUER    : c=lu,ou=pki-test,o=nowina solutions,cn=external-ca
11:39:10.592 [pool-7-thread-83] INFO eu.europa.esig.dss.spi.x509.TokenIssuerSelector - ISSUER SUBJECT : c=lu,ou=pki-test,o=nowina solutions,cn=external-ca-alternative
11:39:10.594 [pool-7-thread-88] INFO eu.europa.esig.dss.spi.x509.TokenIssuerSelector - The issuer subject name and subject name does not match (more details in debug mode).
11:39:10.594 [pool-7-thread-88] INFO eu.europa.esig.dss.spi.x509.TokenIssuerSelector - CERT ISSUER    : c=lu,ou=pki-test,o=nowina solutions,cn=external-ca
11:39:10.594 [pool-7-thread-88] INFO eu.europa.esig.dss.spi.x509.TokenIssuerSelector - ISSUER SUBJECT : c=lu,ou=pki-test,o=nowina solutions,cn=external-ca-alternative
11:39:10.594 [pool-7-thread-88] INFO eu.europa.esig.dss.spi.x509.TokenIssuerSelector - The issuer subject name and subject name does not match (more details in debug mode).
11:39:10.594 [pool-7-thread-88] INFO eu.europa.esig.dss.spi.x509.TokenIssuerSelector - CERT ISSUER    : c=lu,ou=pki-test,o=nowina solutions,cn=external-ca
11:39:10.594 [pool-7-thread-88] INFO eu.europa.esig.dss.spi.x509.TokenIssuerSelector - ISSUER SUBJECT : c=lu,ou=pki-test,o=nowina solutions,cn=external-ca-alternative
11:39:10.594 [pool-7-thread-88] INFO eu.europa.esig.dss.spi.x509.TokenIssuerSelector - The issuer subject name and subject name does not match (more details in debug mode).
11:39:10.594 [pool-7-thread-88] INFO eu.europa.esig.dss.spi.x509.TokenIssuerSelector - CERT ISSUER    : c=lu,ou=pki-test,o=nowina solutions,cn=external-ca
11:39:10.594 [pool-7-thread-88] INFO eu.europa.esig.dss.spi.x509.TokenIssuerSelector - ISSUER SUBJECT : c=lu,ou=pki-test,o=nowina solutions,cn=external-ca-alternative
11:39:10.595 [pool-7-thread-100] WARN eu.europa.esig.dss.spi.x509.TokenIssuerSelector - No issuer found for the token creation date. The process continues with an issuer which has the same public key.
11:39:10.598 [pool-7-thread-100] WARN eu.europa.esig.dss.spi.x509.TokenIssuerSelector - No issuer found for the token creation date. The process continues with an issuer which has the same public key.
11:39:10.599 [pool-7-thread-83] WARN eu.europa.esig.dss.spi.x509.TokenIssuerSelector - No issuer found for the token creation date. The process continues with an issuer which has the same public key.
11:39:10.600 [pool-7-thread-83] WARN eu.europa.esig.dss.spi.x509.TokenIssuerSelector - No issuer found for the token creation date. The process continues with an issuer which has the same public key.
11:39:10.601 [pool-7-thread-83] INFO eu.europa.esig.dss.spi.x509.TokenIssuerSelector - The issuer subject name and subject name does not match (more details in debug mode).
11:39:10.601 [pool-7-thread-83] INFO eu.europa.esig.dss.spi.x509.TokenIssuerSelector - CERT ISSUER    : c=lu,ou=pki-test,o=nowina solutions,cn=external-ca
11:39:10.602 [pool-7-thread-83] INFO eu.europa.esig.dss.spi.x509.TokenIssuerSelector - ISSUER SUBJECT : c=lu,ou=pki-test,o=nowina solutions,cn=external-ca-alternative
11:39:10.602 [pool-7-thread-83] INFO eu.europa.esig.dss.spi.x509.TokenIssuerSelector - The issuer subject name and subject name does not match (more details in debug mode).
11:39:10.602 [pool-7-thread-83] INFO eu.europa.esig.dss.spi.x509.TokenIssuerSelector - CERT ISSUER    : c=lu,ou=pki-test,o=nowina solutions,cn=external-ca
11:39:10.602 [pool-7-thread-83] INFO eu.europa.esig.dss.spi.x509.TokenIssuerSelector - ISSUER SUBJECT : c=lu,ou=pki-test,o=nowina solutions,cn=external-ca-alternative
11:39:10.602 [pool-7-thread-83] INFO eu.europa.esig.dss.spi.x509.TokenIssuerSelector - The issuer subject name and subject name does not match (more details in debug mode).
11:39:10.602 [pool-7-thread-83] INFO eu.europa.esig.dss.spi.x509.TokenIssuerSelector - CERT ISSUER    : c=lu,ou=pki-test,o=nowina solutions,cn=external-ca
11:39:10.602 [pool-7-thread-83] INFO eu.europa.esig.dss.spi.x509.TokenIssuerSelector - ISSUER SUBJECT : c=lu,ou=pki-test,o=nowina solutions,cn=external-ca-alternative
11:39:10.603 [pool-7-thread-44] WARN eu.europa.esig.dss.spi.x509.TokenIssuerSelector - No issuer found for the token creation date. The process continues with an issuer which has the same public key.
11:39:10.605 [pool-7-thread-10] WARN eu.europa.esig.dss.spi.x509.TokenIssuerSelector - No issuer found for the token creation date. The process continues with an issuer which has the same public key.
11:39:10.605 [pool-7-thread-79] INFO eu.europa.esig.dss.spi.x509.TokenIssuerSelector - The issuer subject name and subject name does not match (more details in debug mode).
11:39:10.605 [pool-7-thread-79] INFO eu.europa.esig.dss.spi.x509.TokenIssuerSelector - CERT ISSUER    : c=lu,ou=pki-test,o=nowina solutions,cn=external-ca
11:39:10.605 [pool-7-thread-79] INFO eu.europa.esig.dss.spi.x509.TokenIssuerSelector - ISSUER SUBJECT : c=lu,ou=pki-test,o=nowina solutions,cn=external-ca-alternative
11:39:10.605 [pool-7-thread-79] INFO eu.europa.esig.dss.spi.x509.TokenIssuerSelector - The issuer subject name and subject name does not match (more details in debug mode).
11:39:10.605 [pool-7-thread-79] INFO eu.europa.esig.dss.spi.x509.TokenIssuerSelector - CERT ISSUER    : c=lu,ou=pki-test,o=nowina solutions,cn=external-ca
11:39:10.605 [pool-7-thread-79] INFO eu.europa.esig.dss.spi.x509.TokenIssuerSelector - ISSUER SUBJECT : c=lu,ou=pki-test,o=nowina solutions,cn=external-ca-alternative
11:39:10.605 [pool-7-thread-79] INFO eu.europa.esig.dss.spi.x509.TokenIssuerSelector - The issuer subject name and subject name does not match (more details in debug mode).
11:39:10.605 [pool-7-thread-79] INFO eu.europa.esig.dss.spi.x509.TokenIssuerSelector - CERT ISSUER    : c=lu,ou=pki-test,o=nowina solutions,cn=external-ca
11:39:10.605 [pool-7-thread-79] INFO eu.europa.esig.dss.spi.x509.TokenIssuerSelector - ISSUER SUBJECT : c=lu,ou=pki-test,o=nowina solutions,cn=external-ca-alternative
11:39:10.607 [pool-7-thread-10] INFO eu.europa.esig.dss.spi.x509.TokenIssuerSelector - The issuer subject name and subject name does not match (more details in debug mode).
11:39:10.607 [pool-7-thread-10] INFO eu.europa.esig.dss.spi.x509.TokenIssuerSelector - CERT ISSUER    : c=lu,ou=pki-test,o=nowina solutions,cn=external-ca
11:39:10.607 [pool-7-thread-10] INFO eu.europa.esig.dss.spi.x509.TokenIssuerSelector - ISSUER SUBJECT : c=lu,ou=pki-test,o=nowina solutions,cn=external-ca-alternative
11:39:10.607 [pool-7-thread-10] INFO eu.europa.esig.dss.spi.x509.TokenIssuerSelector - The issuer subject name and subject name does not match (more details in debug mode).
11:39:10.607 [pool-7-thread-10] INFO eu.europa.esig.dss.spi.x509.TokenIssuerSelector - CERT ISSUER    : c=lu,ou=pki-test,o=nowina solutions,cn=external-ca
11:39:10.607 [pool-7-thread-10] INFO eu.europa.esig.dss.spi.x509.TokenIssuerSelector - ISSUER SUBJECT : c=lu,ou=pki-test,o=nowina solutions,cn=external-ca-alternative
11:39:10.607 [pool-7-thread-10] INFO eu.europa.esig.dss.spi.x509.TokenIssuerSelector - The issuer subject name and subject name does not match (more details in debug mode).
11:39:10.607 [pool-7-thread-10] INFO eu.europa.esig.dss.spi.x509.TokenIssuerSelector - CERT ISSUER    : c=lu,ou=pki-test,o=nowina solutions,cn=external-ca
11:39:10.607 [pool-7-thread-10] INFO eu.europa.esig.dss.spi.x509.TokenIssuerSelector - ISSUER SUBJECT : c=lu,ou=pki-test,o=nowina solutions,cn=external-ca-alternative
11:39:10.607 [pool-7-thread-76] WARN eu.europa.esig.dss.spi.x509.TokenIssuerSelector - No issuer found for the token creation date. The process continues with an issuer which has the same public key.
11:39:10.608 [pool-7-thread-79] WARN eu.europa.esig.dss.spi.x509.TokenIssuerSelector - No issuer found for the token creation date. The process continues with an issuer which has the same public key.
11:39:10.609 [pool-7-thread-10] WARN eu.europa.esig.dss.spi.x509.TokenIssuerSelector - No issuer found for the token creation date. The process continues with an issuer which has the same public key.
11:39:10.610 [pool-7-thread-72] WARN eu.europa.esig.dss.spi.x509.TokenIssuerSelector - No issuer found for the token creation date. The process continues with an issuer which has the same public key.
11:39:10.613 [pool-7-thread-36] INFO eu.europa.esig.dss.spi.x509.TokenIssuerSelector - The issuer subject name and subject name does not match (more details in debug mode).
11:39:10.613 [pool-7-thread-36] INFO eu.europa.esig.dss.spi.x509.TokenIssuerSelector - CERT ISSUER    : c=lu,ou=pki-test,o=nowina solutions,cn=external-ca
11:39:10.613 [pool-7-thread-36] INFO eu.europa.esig.dss.spi.x509.TokenIssuerSelector - ISSUER SUBJECT : c=lu,ou=pki-test,o=nowina solutions,cn=external-ca-alternative
11:39:10.613 [pool-7-thread-36] INFO eu.europa.esig.dss.spi.x509.TokenIssuerSelector - The issuer subject name and subject name does not match (more details in debug mode).
11:39:10.613 [pool-7-thread-36] INFO eu.europa.esig.dss.spi.x509.TokenIssuerSelector - CERT ISSUER    : c=lu,ou=pki-test,o=nowina solutions,cn=external-ca
11:39:10.613 [pool-7-thread-36] INFO eu.europa.esig.dss.spi.x509.TokenIssuerSelector - ISSUER SUBJECT : c=lu,ou=pki-test,o=nowina solutions,cn=external-ca-alternative
11:39:10.613 [pool-7-thread-36] INFO eu.europa.esig.dss.spi.x509.TokenIssuerSelector - The issuer subject name and subject name does not match (more details in debug mode).
11:39:10.613 [pool-7-thread-36] INFO eu.europa.esig.dss.spi.x509.TokenIssuerSelector - CERT ISSUER    : c=lu,ou=pki-test,o=nowina solutions,cn=external-ca
11:39:10.613 [pool-7-thread-36] INFO eu.europa.esig.dss.spi.x509.TokenIssuerSelector - ISSUER SUBJECT : c=lu,ou=pki-test,o=nowina solutions,cn=external-ca-alternative
11:39:10.615 [pool-7-thread-99] WARN eu.europa.esig.dss.spi.x509.TokenIssuerSelector - No issuer found for the token creation date. The process continues with an issuer which has the same public key.
11:39:10.616 [pool-7-thread-91] WARN eu.europa.esig.dss.spi.x509.TokenIssuerSelector - No issuer found for the token creation date. The process continues with an issuer which has the same public key.
11:39:10.617 [pool-7-thread-82] WARN eu.europa.esig.dss.spi.x509.TokenIssuerSelector - No issuer found for the token creation date. The process continues with an issuer which has the same public key.
11:39:10.619 [pool-7-thread-40] INFO eu.europa.esig.dss.spi.x509.TokenIssuerSelector - The issuer subject name and subject name does not match (more details in debug mode).
11:39:10.619 [pool-7-thread-40] INFO eu.europa.esig.dss.spi.x509.TokenIssuerSelector - CERT ISSUER    : c=lu,ou=pki-test,o=nowina solutions,cn=external-ca
11:39:10.619 [pool-7-thread-40] INFO eu.europa.esig.dss.spi.x509.TokenIssuerSelector - ISSUER SUBJECT : c=lu,ou=pki-test,o=nowina solutions,cn=external-ca-alternative
11:39:10.619 [pool-7-thread-40] INFO eu.europa.esig.dss.spi.x509.TokenIssuerSelector - The issuer subject name and subject name does not match (more details in debug mode).
11:39:10.619 [pool-7-thread-40] INFO eu.europa.esig.dss.spi.x509.TokenIssuerSelector - CERT ISSUER    : c=lu,ou=pki-test,o=nowina solutions,cn=external-ca
11:39:10.619 [pool-7-thread-40] INFO eu.europa.esig.dss.spi.x509.TokenIssuerSelector - ISSUER SUBJECT : c=lu,ou=pki-test,o=nowina solutions,cn=external-ca-alternative
11:39:10.619 [pool-7-thread-40] INFO eu.europa.esig.dss.spi.x509.TokenIssuerSelector - The issuer subject name and subject name does not match (more details in debug mode).
11:39:10.619 [pool-7-thread-40] INFO eu.europa.esig.dss.spi.x509.TokenIssuerSelector - CERT ISSUER    : c=lu,ou=pki-test,o=nowina solutions,cn=external-ca
11:39:10.619 [pool-7-thread-40] INFO eu.europa.esig.dss.spi.x509.TokenIssuerSelector - ISSUER SUBJECT : c=lu,ou=pki-test,o=nowina solutions,cn=external-ca-alternative
11:39:10.621 [pool-7-thread-95] WARN eu.europa.esig.dss.spi.x509.TokenIssuerSelector - No issuer found for the token creation date. The process continues with an issuer which has the same public key.
11:39:10.622 [pool-7-thread-93] WARN eu.europa.esig.dss.spi.x509.TokenIssuerSelector - No issuer found for the token creation date. The process continues with an issuer which has the same public key.
11:39:10.623 [pool-7-thread-97] WARN eu.europa.esig.dss.spi.x509.TokenIssuerSelector - No issuer found for the token creation date. The process continues with an issuer which has the same public key.
11:39:10.624 [pool-7-thread-33] WARN eu.europa.esig.dss.spi.x509.TokenIssuerSelector - No issuer found for the token creation date. The process continues with an issuer which has the same public key.
11:39:10.624 [pool-7-thread-33] WARN eu.europa.esig.dss.spi.x509.TokenIssuerSelector - No issuer found for the token creation date. The process continues with an issuer which has the same public key.
11:39:10.626 [pool-7-thread-33] INFO eu.europa.esig.dss.spi.x509.TokenIssuerSelector - The issuer subject name and subject name does not match (more details in debug mode).
11:39:10.626 [pool-7-thread-33] INFO eu.europa.esig.dss.spi.x509.TokenIssuerSelector - CERT ISSUER    : c=lu,ou=pki-test,o=nowina solutions,cn=external-ca
11:39:10.626 [pool-7-thread-33] INFO eu.europa.esig.dss.spi.x509.TokenIssuerSelector - ISSUER SUBJECT : c=lu,ou=pki-test,o=nowina solutions,cn=external-ca-alternative
11:39:10.626 [pool-7-thread-33] INFO eu.europa.esig.dss.spi.x509.TokenIssuerSelector - The issuer subject name and subject name does not match (more details in debug mode).
11:39:10.626 [pool-7-thread-33] INFO eu.europa.esig.dss.spi.x509.TokenIssuerSelector - CERT ISSUER    : c=lu,ou=pki-test,o=nowina solutions,cn=external-ca
11:39:10.626 [pool-7-thread-33] INFO eu.europa.esig.dss.spi.x509.TokenIssuerSelector - ISSUER SUBJECT : c=lu,ou=pki-test,o=nowina solutions,cn=external-ca-alternative
11:39:10.626 [pool-7-thread-33] INFO eu.europa.esig.dss.spi.x509.TokenIssuerSelector - The issuer subject name and subject name does not match (more details in debug mode).
11:39:10.626 [pool-7-thread-33] INFO eu.europa.esig.dss.spi.x509.TokenIssuerSelector - CERT ISSUER    : c=lu,ou=pki-test,o=nowina solutions,cn=external-ca
11:39:10.626 [pool-7-thread-33] INFO eu.europa.esig.dss.spi.x509.TokenIssuerSelector - ISSUER SUBJECT : c=lu,ou=pki-test,o=nowina solutions,cn=external-ca-alternative
11:39:10.627 [pool-7-thread-35] WARN eu.europa.esig.dss.spi.x509.TokenIssuerSelector - No issuer found for the token creation date. The process continues with an issuer which has the same public key.
11:39:10.630 [pool-7-thread-35] INFO eu.europa.esig.dss.spi.x509.TokenIssuerSelector - The issuer subject name and subject name does not match (more details in debug mode).
11:39:10.630 [pool-7-thread-35] INFO eu.europa.esig.dss.spi.x509.TokenIssuerSelector - CERT ISSUER    : c=lu,ou=pki-test,o=nowina solutions,cn=external-ca
11:39:10.630 [pool-7-thread-35] INFO eu.europa.esig.dss.spi.x509.TokenIssuerSelector - ISSUER SUBJECT : c=lu,ou=pki-test,o=nowina solutions,cn=external-ca-alternative
11:39:10.630 [pool-7-thread-35] INFO eu.europa.esig.dss.spi.x509.TokenIssuerSelector - The issuer subject name and subject name does not match (more details in debug mode).
11:39:10.630 [pool-7-thread-35] INFO eu.europa.esig.dss.spi.x509.TokenIssuerSelector - CERT ISSUER    : c=lu,ou=pki-test,o=nowina solutions,cn=external-ca
11:39:10.630 [pool-7-thread-35] INFO eu.europa.esig.dss.spi.x509.TokenIssuerSelector - ISSUER SUBJECT : c=lu,ou=pki-test,o=nowina solutions,cn=external-ca-alternative
11:39:10.630 [pool-7-thread-35] INFO eu.europa.esig.dss.spi.x509.TokenIssuerSelector - The issuer subject name and subject name does not match (more details in debug mode).
11:39:10.631 [pool-7-thread-35] INFO eu.europa.esig.dss.spi.x509.TokenIssuerSelector - CERT ISSUER    : c=lu,ou=pki-test,o=nowina solutions,cn=external-ca
11:39:10.631 [pool-7-thread-35] INFO eu.europa.esig.dss.spi.x509.TokenIssuerSelector - ISSUER SUBJECT : c=lu,ou=pki-test,o=nowina solutions,cn=external-ca-alternative
11:39:10.635 [pool-7-thread-28] WARN eu.europa.esig.dss.spi.x509.TokenIssuerSelector - No issuer found for the token creation date. The process continues with an issuer which has the same public key.
11:39:10.636 [pool-7-thread-28] WARN eu.europa.esig.dss.spi.x509.TokenIssuerSelector - No issuer found for the token creation date. The process continues with an issuer which has the same public key.
11:39:10.637 [pool-7-thread-28] INFO eu.europa.esig.dss.spi.x509.TokenIssuerSelector - The issuer subject name and subject name does not match (more details in debug mode).
11:39:10.637 [pool-7-thread-28] INFO eu.europa.esig.dss.spi.x509.TokenIssuerSelector - CERT ISSUER    : c=lu,ou=pki-test,o=nowina solutions,cn=external-ca
11:39:10.637 [pool-7-thread-28] INFO eu.europa.esig.dss.spi.x509.TokenIssuerSelector - ISSUER SUBJECT : c=lu,ou=pki-test,o=nowina solutions,cn=external-ca-alternative
11:39:10.637 [pool-7-thread-28] INFO eu.europa.esig.dss.spi.x509.TokenIssuerSelector - The issuer subject name and subject name does not match (more details in debug mode).
11:39:10.637 [pool-7-thread-28] INFO eu.europa.esig.dss.spi.x509.TokenIssuerSelector - CERT ISSUER    : c=lu,ou=pki-test,o=nowina solutions,cn=external-ca
11:39:10.637 [pool-7-thread-28] INFO eu.europa.esig.dss.spi.x509.TokenIssuerSelector - ISSUER SUBJECT : c=lu,ou=pki-test,o=nowina solutions,cn=external-ca-alternative
11:39:10.637 [pool-7-thread-28] INFO eu.europa.esig.dss.spi.x509.TokenIssuerSelector - The issuer subject name and subject name does not match (more details in debug mode).
11:39:10.637 [pool-7-thread-28] INFO eu.europa.esig.dss.spi.x509.TokenIssuerSelector - CERT ISSUER    : c=lu,ou=pki-test,o=nowina solutions,cn=external-ca
11:39:10.637 [pool-7-thread-28] INFO eu.europa.esig.dss.spi.x509.TokenIssuerSelector - ISSUER SUBJECT : c=lu,ou=pki-test,o=nowina solutions,cn=external-ca-alternative
11:39:10.639 [pool-7-thread-3] WARN eu.europa.esig.dss.spi.x509.TokenIssuerSelector - No issuer found for the token creation date. The process continues with an issuer which has the same public key.
11:39:10.648 [pool-7-thread-26] INFO eu.europa.esig.dss.spi.x509.TokenIssuerSelector - The issuer subject name and subject name does not match (more details in debug mode).
11:39:10.648 [pool-7-thread-26] INFO eu.europa.esig.dss.spi.x509.TokenIssuerSelector - CERT ISSUER    : c=lu,ou=pki-test,o=nowina solutions,cn=external-ca
11:39:10.648 [pool-7-thread-26] INFO eu.europa.esig.dss.spi.x509.TokenIssuerSelector - ISSUER SUBJECT : c=lu,ou=pki-test,o=nowina solutions,cn=external-ca-alternative
11:39:10.648 [pool-7-thread-26] INFO eu.europa.esig.dss.spi.x509.TokenIssuerSelector - The issuer subject name and subject name does not match (more details in debug mode).
11:39:10.648 [pool-7-thread-26] INFO eu.europa.esig.dss.spi.x509.TokenIssuerSelector - CERT ISSUER    : c=lu,ou=pki-test,o=nowina solutions,cn=external-ca
11:39:10.648 [pool-7-thread-26] INFO eu.europa.esig.dss.spi.x509.TokenIssuerSelector - ISSUER SUBJECT : c=lu,ou=pki-test,o=nowina solutions,cn=external-ca-alternative
11:39:10.648 [pool-7-thread-26] INFO eu.europa.esig.dss.spi.x509.TokenIssuerSelector - The issuer subject name and subject name does not match (more details in debug mode).
11:39:10.648 [pool-7-thread-26] INFO eu.europa.esig.dss.spi.x509.TokenIssuerSelector - CERT ISSUER    : c=lu,ou=pki-test,o=nowina solutions,cn=external-ca
11:39:10.648 [pool-7-thread-26] INFO eu.europa.esig.dss.spi.x509.TokenIssuerSelector - ISSUER SUBJECT : c=lu,ou=pki-test,o=nowina solutions,cn=external-ca-alternative
11:39:10.648 [pool-7-thread-21] WARN eu.europa.esig.dss.spi.x509.TokenIssuerSelector - No issuer found for the token creation date. The process continues with an issuer which has the same public key.
11:39:10.651 [pool-7-thread-26] WARN eu.europa.esig.dss.spi.x509.TokenIssuerSelector - No issuer found for the token creation date. The process continues with an issuer which has the same public key.
11:39:10.652 [pool-7-thread-26] WARN eu.europa.esig.dss.spi.x509.TokenIssuerSelector - No issuer found for the token creation date. The process continues with an issuer which has the same public key.
11:39:10.653 [pool-7-thread-21] INFO eu.europa.esig.dss.spi.x509.TokenIssuerSelector - The issuer subject name and subject name does not match (more details in debug mode).
11:39:10.653 [pool-7-thread-21] INFO eu.europa.esig.dss.spi.x509.TokenIssuerSelector - CERT ISSUER    : c=lu,ou=pki-test,o=nowina solutions,cn=external-ca
11:39:10.653 [pool-7-thread-21] INFO eu.europa.esig.dss.spi.x509.TokenIssuerSelector - ISSUER SUBJECT : c=lu,ou=pki-test,o=nowina solutions,cn=external-ca-alternative
11:39:10.653 [pool-7-thread-21] INFO eu.europa.esig.dss.spi.x509.TokenIssuerSelector - The issuer subject name and subject name does not match (more details in debug mode).
11:39:10.653 [pool-7-thread-21] INFO eu.europa.esig.dss.spi.x509.TokenIssuerSelector - CERT ISSUER    : c=lu,ou=pki-test,o=nowina solutions,cn=external-ca
11:39:10.653 [pool-7-thread-21] INFO eu.europa.esig.dss.spi.x509.TokenIssuerSelector - ISSUER SUBJECT : c=lu,ou=pki-test,o=nowina solutions,cn=external-ca-alternative
11:39:10.653 [pool-7-thread-21] INFO eu.europa.esig.dss.spi.x509.TokenIssuerSelector - The issuer subject name and subject name does not match (more details in debug mode).
11:39:10.653 [pool-7-thread-21] INFO eu.europa.esig.dss.spi.x509.TokenIssuerSelector - CERT ISSUER    : c=lu,ou=pki-test,o=nowina solutions,cn=external-ca
11:39:10.653 [pool-7-thread-21] INFO eu.europa.esig.dss.spi.x509.TokenIssuerSelector - ISSUER SUBJECT : c=lu,ou=pki-test,o=nowina solutions,cn=external-ca-alternative
11:39:10.653 [pool-7-thread-26] INFO eu.europa.esig.dss.spi.x509.TokenIssuerSelector - The issuer subject name and subject name does not match (more details in debug mode).
11:39:10.653 [pool-7-thread-26] INFO eu.europa.esig.dss.spi.x509.TokenIssuerSelector - CERT ISSUER    : c=lu,ou=pki-test,o=nowina solutions,cn=external-ca
11:39:10.653 [pool-7-thread-26] INFO eu.europa.esig.dss.spi.x509.TokenIssuerSelector - ISSUER SUBJECT : c=lu,ou=pki-test,o=nowina solutions,cn=external-ca-alternative
11:39:10.653 [pool-7-thread-26] INFO eu.europa.esig.dss.spi.x509.TokenIssuerSelector - The issuer subject name and subject name does not match (more details in debug mode).
11:39:10.653 [pool-7-thread-26] INFO eu.europa.esig.dss.spi.x509.TokenIssuerSelector - CERT ISSUER    : c=lu,ou=pki-test,o=nowina solutions,cn=external-ca
11:39:10.653 [pool-7-thread-26] INFO eu.europa.esig.dss.spi.x509.TokenIssuerSelector - ISSUER SUBJECT : c=lu,ou=pki-test,o=nowina solutions,cn=external-ca-alternative
11:39:10.653 [pool-7-thread-26] INFO eu.europa.esig.dss.spi.x509.TokenIssuerSelector - The issuer subject name and subject name does not match (more details in debug mode).
11:39:10.653 [pool-7-thread-26] INFO eu.europa.esig.dss.spi.x509.TokenIssuerSelector - CERT ISSUER    : c=lu,ou=pki-test,o=nowina solutions,cn=external-ca
11:39:10.653 [pool-7-thread-26] INFO eu.europa.esig.dss.spi.x509.TokenIssuerSelector - ISSUER SUBJECT : c=lu,ou=pki-test,o=nowina solutions,cn=external-ca-alternative
11:39:10.654 [pool-7-thread-31] WARN eu.europa.esig.dss.spi.x509.TokenIssuerSelector - No issuer found for the token creation date. The process continues with an issuer which has the same public key.
11:39:10.656 [pool-7-thread-6] WARN eu.europa.esig.dss.spi.x509.TokenIssuerSelector - No issuer found for the token creation date. The process continues with an issuer which has the same public key.
11:39:10.656 [pool-7-thread-6] WARN eu.europa.esig.dss.spi.x509.TokenIssuerSelector - No issuer found for the token creation date. The process continues with an issuer which has the same public key.
11:39:10.658 [pool-7-thread-6] INFO eu.europa.esig.dss.spi.x509.TokenIssuerSelector - The issuer subject name and subject name does not match (more details in debug mode).
11:39:10.658 [pool-7-thread-6] INFO eu.europa.esig.dss.spi.x509.TokenIssuerSelector - CERT ISSUER    : c=lu,ou=pki-test,o=nowina solutions,cn=external-ca
11:39:10.658 [pool-7-thread-6] INFO eu.europa.esig.dss.spi.x509.TokenIssuerSelector - ISSUER SUBJECT : c=lu,ou=pki-test,o=nowina solutions,cn=external-ca-alternative
11:39:10.658 [pool-7-thread-6] INFO eu.europa.esig.dss.spi.x509.TokenIssuerSelector - The issuer subject name and subject name does not match (more details in debug mode).
11:39:10.658 [pool-7-thread-6] INFO eu.europa.esig.dss.spi.x509.TokenIssuerSelector - CERT ISSUER    : c=lu,ou=pki-test,o=nowina solutions,cn=external-ca
11:39:10.658 [pool-7-thread-6] INFO eu.europa.esig.dss.spi.x509.TokenIssuerSelector - ISSUER SUBJECT : c=lu,ou=pki-test,o=nowina solutions,cn=external-ca-alternative
11:39:10.658 [pool-7-thread-6] INFO eu.europa.esig.dss.spi.x509.TokenIssuerSelector - The issuer subject name and subject name does not match (more details in debug mode).
11:39:10.658 [pool-7-thread-6] INFO eu.europa.esig.dss.spi.x509.TokenIssuerSelector - CERT ISSUER    : c=lu,ou=pki-test,o=nowina solutions,cn=external-ca
11:39:10.658 [pool-7-thread-6] INFO eu.europa.esig.dss.spi.x509.TokenIssuerSelector - ISSUER SUBJECT : c=lu,ou=pki-test,o=nowina solutions,cn=external-ca-alternative
11:39:10.659 [pool-7-thread-94] INFO eu.europa.esig.dss.spi.x509.TokenIssuerSelector - The issuer subject name and subject name does not match (more details in debug mode).
11:39:10.659 [pool-7-thread-94] INFO eu.europa.esig.dss.spi.x509.TokenIssuerSelector - CERT ISSUER    : c=lu,ou=pki-test,o=nowina solutions,cn=external-ca
11:39:10.660 [pool-7-thread-4] WARN eu.europa.esig.dss.spi.x509.TokenIssuerSelector - No issuer found for the token creation date. The process continues with an issuer which has the same public key.
11:39:10.660 [pool-7-thread-4] WARN eu.europa.esig.dss.spi.x509.TokenIssuerSelector - No issuer found for the token creation date. The process continues with an issuer which has the same public key.
11:39:10.662 [pool-7-thread-4] INFO eu.europa.esig.dss.spi.x509.TokenIssuerSelector - The issuer subject name and subject name does not match (more details in debug mode).
11:39:10.663 [pool-7-thread-4] INFO eu.europa.esig.dss.spi.x509.TokenIssuerSelector - CERT ISSUER    : c=lu,ou=pki-test,o=nowina solutions,cn=external-ca
11:39:10.663 [pool-7-thread-4] INFO eu.europa.esig.dss.spi.x509.TokenIssuerSelector - ISSUER SUBJECT : c=lu,ou=pki-test,o=nowina solutions,cn=external-ca-alternative
11:39:10.663 [pool-7-thread-4] INFO eu.europa.esig.dss.spi.x509.TokenIssuerSelector - The issuer subject name and subject name does not match (more details in debug mode).
11:39:10.663 [pool-7-thread-4] INFO eu.europa.esig.dss.spi.x509.TokenIssuerSelector - CERT ISSUER    : c=lu,ou=pki-test,o=nowina solutions,cn=external-ca
11:39:10.663 [pool-7-thread-4] INFO eu.europa.esig.dss.spi.x509.TokenIssuerSelector - ISSUER SUBJECT : c=lu,ou=pki-test,o=nowina solutions,cn=external-ca-alternative
11:39:10.663 [pool-7-thread-4] INFO eu.europa.esig.dss.spi.x509.TokenIssuerSelector - The issuer subject name and subject name does not match (more details in debug mode).
11:39:10.663 [pool-7-thread-4] INFO eu.europa.esig.dss.spi.x509.TokenIssuerSelector - CERT ISSUER    : c=lu,ou=pki-test,o=nowina solutions,cn=external-ca
11:39:10.663 [pool-7-thread-4] INFO eu.europa.esig.dss.spi.x509.TokenIssuerSelector - ISSUER SUBJECT : c=lu,ou=pki-test,o=nowina solutions,cn=external-ca-alternative
11:39:10.659 [pool-7-thread-94] INFO eu.europa.esig.dss.spi.x509.TokenIssuerSelector - ISSUER SUBJECT : c=lu,ou=pki-test,o=nowina solutions,cn=external-ca-alternative
11:39:10.664 [pool-7-thread-94] INFO eu.europa.esig.dss.spi.x509.TokenIssuerSelector - The issuer subject name and subject name does not match (more details in debug mode).
11:39:10.664 [pool-7-thread-94] INFO eu.europa.esig.dss.spi.x509.TokenIssuerSelector - CERT ISSUER    : c=lu,ou=pki-test,o=nowina solutions,cn=external-ca
11:39:10.664 [pool-7-thread-94] INFO eu.europa.esig.dss.spi.x509.TokenIssuerSelector - ISSUER SUBJECT : c=lu,ou=pki-test,o=nowina solutions,cn=external-ca-alternative
11:39:10.664 [pool-7-thread-94] INFO eu.europa.esig.dss.spi.x509.TokenIssuerSelector - The issuer subject name and subject name does not match (more details in debug mode).
11:39:10.664 [pool-7-thread-94] INFO eu.europa.esig.dss.spi.x509.TokenIssuerSelector - CERT ISSUER    : c=lu,ou=pki-test,o=nowina solutions,cn=external-ca
11:39:10.664 [pool-7-thread-94] INFO eu.europa.esig.dss.spi.x509.TokenIssuerSelector - ISSUER SUBJECT : c=lu,ou=pki-test,o=nowina solutions,cn=external-ca-alternative
11:39:10.666 [pool-7-thread-6] WARN eu.europa.esig.dss.spi.x509.TokenIssuerSelector - No issuer found for the token creation date. The process continues with an issuer which has the same public key.
11:39:10.668 [pool-7-thread-6] WARN eu.europa.esig.dss.spi.x509.TokenIssuerSelector - No issuer found for the token creation date. The process continues with an issuer which has the same public key.
11:39:10.670 [pool-7-thread-29] WARN eu.europa.esig.dss.spi.x509.TokenIssuerSelector - No issuer found for the token creation date. The process continues with an issuer which has the same public key.
11:39:10.672 [pool-7-thread-11] WARN eu.europa.esig.dss.spi.x509.TokenIssuerSelector - No issuer found for the token creation date. The process continues with an issuer which has the same public key.
11:39:10.672 [pool-7-thread-30] INFO eu.europa.esig.dss.spi.x509.TokenIssuerSelector - The issuer subject name and subject name does not match (more details in debug mode).
11:39:10.672 [pool-7-thread-30] INFO eu.europa.esig.dss.spi.x509.TokenIssuerSelector - CERT ISSUER    : c=lu,ou=pki-test,o=nowina solutions,cn=external-ca
11:39:10.672 [pool-7-thread-30] INFO eu.europa.esig.dss.spi.x509.TokenIssuerSelector - ISSUER SUBJECT : c=lu,ou=pki-test,o=nowina solutions,cn=external-ca-alternative
11:39:10.672 [pool-7-thread-30] INFO eu.europa.esig.dss.spi.x509.TokenIssuerSelector - The issuer subject name and subject name does not match (more details in debug mode).
11:39:10.672 [pool-7-thread-30] INFO eu.europa.esig.dss.spi.x509.TokenIssuerSelector - CERT ISSUER    : c=lu,ou=pki-test,o=nowina solutions,cn=external-ca
11:39:10.672 [pool-7-thread-30] INFO eu.europa.esig.dss.spi.x509.TokenIssuerSelector - ISSUER SUBJECT : c=lu,ou=pki-test,o=nowina solutions,cn=external-ca-alternative
11:39:10.672 [pool-7-thread-30] INFO eu.europa.esig.dss.spi.x509.TokenIssuerSelector - The issuer subject name and subject name does not match (more details in debug mode).
11:39:10.672 [pool-7-thread-30] INFO eu.europa.esig.dss.spi.x509.TokenIssuerSelector - CERT ISSUER    : c=lu,ou=pki-test,o=nowina solutions,cn=external-ca
11:39:10.672 [pool-7-thread-30] INFO eu.europa.esig.dss.spi.x509.TokenIssuerSelector - ISSUER SUBJECT : c=lu,ou=pki-test,o=nowina solutions,cn=external-ca-alternative
11:39:10.673 [pool-7-thread-13] WARN eu.europa.esig.dss.spi.x509.TokenIssuerSelector - No issuer found for the token creation date. The process continues with an issuer which has the same public key.
11:39:10.674 [pool-7-thread-46] WARN eu.europa.esig.dss.spi.x509.TokenIssuerSelector - No issuer found for the token creation date. The process continues with an issuer which has the same public key.
11:39:10.676 [pool-7-thread-92] WARN eu.europa.esig.dss.spi.x509.TokenIssuerSelector - No issuer found for the token creation date. The process continues with an issuer which has the same public key.
11:39:10.677 [pool-7-thread-92] WARN eu.europa.esig.dss.spi.x509.TokenIssuerSelector - No issuer found for the token creation date. The process continues with an issuer which has the same public key.
11:39:10.680 [pool-7-thread-92] INFO eu.europa.esig.dss.spi.x509.TokenIssuerSelector - The issuer subject name and subject name does not match (more details in debug mode).
11:39:10.680 [pool-7-thread-92] INFO eu.europa.esig.dss.spi.x509.TokenIssuerSelector - CERT ISSUER    : c=lu,ou=pki-test,o=nowina solutions,cn=external-ca
11:39:10.680 [pool-7-thread-92] INFO eu.europa.esig.dss.spi.x509.TokenIssuerSelector - ISSUER SUBJECT : c=lu,ou=pki-test,o=nowina solutions,cn=external-ca-alternative
11:39:10.680 [pool-7-thread-92] INFO eu.europa.esig.dss.spi.x509.TokenIssuerSelector - The issuer subject name and subject name does not match (more details in debug mode).
11:39:10.680 [pool-7-thread-92] INFO eu.europa.esig.dss.spi.x509.TokenIssuerSelector - CERT ISSUER    : c=lu,ou=pki-test,o=nowina solutions,cn=external-ca
11:39:10.680 [pool-7-thread-92] INFO eu.europa.esig.dss.spi.x509.TokenIssuerSelector - ISSUER SUBJECT : c=lu,ou=pki-test,o=nowina solutions,cn=external-ca-alternative
11:39:10.680 [pool-7-thread-92] INFO eu.europa.esig.dss.spi.x509.TokenIssuerSelector - The issuer subject name and subject name does not match (more details in debug mode).
11:39:10.680 [pool-7-thread-92] INFO eu.europa.esig.dss.spi.x509.TokenIssuerSelector - CERT ISSUER    : c=lu,ou=pki-test,o=nowina solutions,cn=external-ca
11:39:10.680 [pool-7-thread-92] INFO eu.europa.esig.dss.spi.x509.TokenIssuerSelector - ISSUER SUBJECT : c=lu,ou=pki-test,o=nowina solutions,cn=external-ca-alternative
11:39:10.681 [pool-7-thread-14] WARN eu.europa.esig.dss.spi.x509.TokenIssuerSelector - No issuer found for the token creation date. The process continues with an issuer which has the same public key.
11:39:10.682 [pool-7-thread-46] WARN eu.europa.esig.dss.spi.x509.TokenIssuerSelector - No issuer found for the token creation date. The process continues with an issuer which has the same public key.
11:39:10.684 [pool-7-thread-46] INFO eu.europa.esig.dss.spi.x509.TokenIssuerSelector - The issuer subject name and subject name does not match (more details in debug mode).
11:39:10.684 [pool-7-thread-46] INFO eu.europa.esig.dss.spi.x509.TokenIssuerSelector - CERT ISSUER    : c=lu,ou=pki-test,o=nowina solutions,cn=external-ca
11:39:10.684 [pool-7-thread-46] INFO eu.europa.esig.dss.spi.x509.TokenIssuerSelector - ISSUER SUBJECT : c=lu,ou=pki-test,o=nowina solutions,cn=external-ca-alternative
11:39:10.684 [pool-7-thread-46] INFO eu.europa.esig.dss.spi.x509.TokenIssuerSelector - The issuer subject name and subject name does not match (more details in debug mode).
11:39:10.684 [pool-7-thread-46] INFO eu.europa.esig.dss.spi.x509.TokenIssuerSelector - CERT ISSUER    : c=lu,ou=pki-test,o=nowina solutions,cn=external-ca
11:39:10.684 [pool-7-thread-46] INFO eu.europa.esig.dss.spi.x509.TokenIssuerSelector - ISSUER SUBJECT : c=lu,ou=pki-test,o=nowina solutions,cn=external-ca-alternative
11:39:10.684 [pool-7-thread-46] INFO eu.europa.esig.dss.spi.x509.TokenIssuerSelector - The issuer subject name and subject name does not match (more details in debug mode).
11:39:10.684 [pool-7-thread-46] INFO eu.europa.esig.dss.spi.x509.TokenIssuerSelector - CERT ISSUER    : c=lu,ou=pki-test,o=nowina solutions,cn=external-ca
11:39:10.684 [pool-7-thread-46] INFO eu.europa.esig.dss.spi.x509.TokenIssuerSelector - ISSUER SUBJECT : c=lu,ou=pki-test,o=nowina solutions,cn=external-ca-alternative
11:39:10.685 [pool-7-thread-30] WARN eu.europa.esig.dss.spi.x509.TokenIssuerSelector - No issuer found for the token creation date. The process continues with an issuer which has the same public key.
11:39:10.686 [pool-7-thread-30] WARN eu.europa.esig.dss.spi.x509.TokenIssuerSelector - No issuer found for the token creation date. The process continues with an issuer which has the same public key.
11:39:10.687 [pool-7-thread-30] INFO eu.europa.esig.dss.spi.x509.TokenIssuerSelector - The issuer subject name and subject name does not match (more details in debug mode).
11:39:10.687 [pool-7-thread-30] INFO eu.europa.esig.dss.spi.x509.TokenIssuerSelector - CERT ISSUER    : c=lu,ou=pki-test,o=nowina solutions,cn=external-ca
11:39:10.687 [pool-7-thread-30] INFO eu.europa.esig.dss.spi.x509.TokenIssuerSelector - ISSUER SUBJECT : c=lu,ou=pki-test,o=nowina solutions,cn=external-ca-alternative
11:39:10.687 [pool-7-thread-30] INFO eu.europa.esig.dss.spi.x509.TokenIssuerSelector - The issuer subject name and subject name does not match (more details in debug mode).
11:39:10.687 [pool-7-thread-30] INFO eu.europa.esig.dss.spi.x509.TokenIssuerSelector - CERT ISSUER    : c=lu,ou=pki-test,o=nowina solutions,cn=external-ca
11:39:10.687 [pool-7-thread-30] INFO eu.europa.esig.dss.spi.x509.TokenIssuerSelector - ISSUER SUBJECT : c=lu,ou=pki-test,o=nowina solutions,cn=external-ca-alternative
11:39:10.687 [pool-7-thread-30] INFO eu.europa.esig.dss.spi.x509.TokenIssuerSelector - The issuer subject name and subject name does not match (more details in debug mode).
11:39:10.687 [pool-7-thread-30] INFO eu.europa.esig.dss.spi.x509.TokenIssuerSelector - CERT ISSUER    : c=lu,ou=pki-test,o=nowina solutions,cn=external-ca
11:39:10.687 [pool-7-thread-30] INFO eu.europa.esig.dss.spi.x509.TokenIssuerSelector - ISSUER SUBJECT : c=lu,ou=pki-test,o=nowina solutions,cn=external-ca-alternative
11:39:10.688 [pool-7-thread-13] INFO eu.europa.esig.dss.spi.x509.TokenIssuerSelector - The issuer subject name and subject name does not match (more details in debug mode).
11:39:10.688 [pool-7-thread-13] INFO eu.europa.esig.dss.spi.x509.TokenIssuerSelector - CERT ISSUER    : c=lu,ou=pki-test,o=nowina solutions,cn=external-ca
11:39:10.688 [pool-7-thread-13] INFO eu.europa.esig.dss.spi.x509.TokenIssuerSelector - ISSUER SUBJECT : c=lu,ou=pki-test,o=nowina solutions,cn=external-ca-alternative
11:39:10.688 [pool-7-thread-13] INFO eu.europa.esig.dss.spi.x509.TokenIssuerSelector - The issuer subject name and subject name does not match (more details in debug mode).
11:39:10.688 [pool-7-thread-13] INFO eu.europa.esig.dss.spi.x509.TokenIssuerSelector - CERT ISSUER    : c=lu,ou=pki-test,o=nowina solutions,cn=external-ca
11:39:10.688 [pool-7-thread-13] INFO eu.europa.esig.dss.spi.x509.TokenIssuerSelector - ISSUER SUBJECT : c=lu,ou=pki-test,o=nowina solutions,cn=external-ca-alternative
11:39:10.688 [pool-7-thread-13] INFO eu.europa.esig.dss.spi.x509.TokenIssuerSelector - The issuer subject name and subject name does not match (more details in debug mode).
11:39:10.688 [pool-7-thread-13] INFO eu.europa.esig.dss.spi.x509.TokenIssuerSelector - CERT ISSUER    : c=lu,ou=pki-test,o=nowina solutions,cn=external-ca
11:39:10.688 [pool-7-thread-13] INFO eu.europa.esig.dss.spi.x509.TokenIssuerSelector - ISSUER SUBJECT : c=lu,ou=pki-test,o=nowina solutions,cn=external-ca-alternative
11:39:10.689 [pool-7-thread-11] WARN eu.europa.esig.dss.spi.x509.TokenIssuerSelector - No issuer found for the token creation date. The process continues with an issuer which has the same public key.
11:39:10.690 [pool-7-thread-29] WARN eu.europa.esig.dss.spi.x509.TokenIssuerSelector - No issuer found for the token creation date. The process continues with an issuer which has the same public key.
11:39:10.692 [pool-7-thread-6] INFO eu.europa.esig.dss.spi.x509.TokenIssuerSelector - The issuer subject name and subject name does not match (more details in debug mode).
11:39:10.692 [pool-7-thread-6] INFO eu.europa.esig.dss.spi.x509.TokenIssuerSelector - CERT ISSUER    : c=lu,ou=pki-test,o=nowina solutions,cn=external-ca
11:39:10.692 [pool-7-thread-6] INFO eu.europa.esig.dss.spi.x509.TokenIssuerSelector - ISSUER SUBJECT : c=lu,ou=pki-test,o=nowina solutions,cn=external-ca-alternative
11:39:10.692 [pool-7-thread-6] INFO eu.europa.esig.dss.spi.x509.TokenIssuerSelector - The issuer subject name and subject name does not match (more details in debug mode).
11:39:10.692 [pool-7-thread-6] INFO eu.europa.esig.dss.spi.x509.TokenIssuerSelector - CERT ISSUER    : c=lu,ou=pki-test,o=nowina solutions,cn=external-ca
11:39:10.692 [pool-7-thread-6] INFO eu.europa.esig.dss.spi.x509.TokenIssuerSelector - ISSUER SUBJECT : c=lu,ou=pki-test,o=nowina solutions,cn=external-ca-alternative
11:39:10.692 [pool-7-thread-6] INFO eu.europa.esig.dss.spi.x509.TokenIssuerSelector - The issuer subject name and subject name does not match (more details in debug mode).
11:39:10.692 [pool-7-thread-6] INFO eu.europa.esig.dss.spi.x509.TokenIssuerSelector - CERT ISSUER    : c=lu,ou=pki-test,o=nowina solutions,cn=external-ca
11:39:10.692 [pool-7-thread-6] INFO eu.europa.esig.dss.spi.x509.TokenIssuerSelector - ISSUER SUBJECT : c=lu,ou=pki-test,o=nowina solutions,cn=external-ca-alternative
11:39:10.697 [pool-7-thread-94] WARN eu.europa.esig.dss.spi.x509.TokenIssuerSelector - No issuer found for the token creation date. The process continues with an issuer which has the same public key.
11:39:10.697 [pool-7-thread-4] WARN eu.europa.esig.dss.spi.x509.TokenIssuerSelector - No issuer found for the token creation date. The process continues with an issuer which has the same public key.
11:39:10.698 [pool-7-thread-94] WARN eu.europa.esig.dss.spi.x509.TokenIssuerSelector - No issuer found for the token creation date. The process continues with an issuer which has the same public key.
11:39:10.701 [pool-7-thread-94] INFO eu.europa.esig.dss.spi.x509.TokenIssuerSelector - The issuer subject name and subject name does not match (more details in debug mode).
11:39:10.701 [pool-7-thread-94] INFO eu.europa.esig.dss.spi.x509.TokenIssuerSelector - CERT ISSUER    : c=lu,ou=pki-test,o=nowina solutions,cn=external-ca
11:39:10.701 [pool-7-thread-94] INFO eu.europa.esig.dss.spi.x509.TokenIssuerSelector - ISSUER SUBJECT : c=lu,ou=pki-test,o=nowina solutions,cn=external-ca-alternative
11:39:10.701 [pool-7-thread-94] INFO eu.europa.esig.dss.spi.x509.TokenIssuerSelector - The issuer subject name and subject name does not match (more details in debug mode).
11:39:10.701 [pool-7-thread-94] INFO eu.europa.esig.dss.spi.x509.TokenIssuerSelector - CERT ISSUER    : c=lu,ou=pki-test,o=nowina solutions,cn=external-ca
11:39:10.701 [pool-7-thread-94] INFO eu.europa.esig.dss.spi.x509.TokenIssuerSelector - ISSUER SUBJECT : c=lu,ou=pki-test,o=nowina solutions,cn=external-ca-alternative
11:39:10.701 [pool-7-thread-94] INFO eu.europa.esig.dss.spi.x509.TokenIssuerSelector - The issuer subject name and subject name does not match (more details in debug mode).
11:39:10.701 [pool-7-thread-94] INFO eu.europa.esig.dss.spi.x509.TokenIssuerSelector - CERT ISSUER    : c=lu,ou=pki-test,o=nowina solutions,cn=external-ca
11:39:10.701 [pool-7-thread-94] INFO eu.europa.esig.dss.spi.x509.TokenIssuerSelector - ISSUER SUBJECT : c=lu,ou=pki-test,o=nowina solutions,cn=external-ca-alternative
11:39:10.701 [pool-7-thread-26] WARN eu.europa.esig.dss.spi.x509.TokenIssuerSelector - No issuer found for the token creation date. The process continues with an issuer which has the same public key.
11:39:10.702 [pool-7-thread-21] WARN eu.europa.esig.dss.spi.x509.TokenIssuerSelector - No issuer found for the token creation date. The process continues with an issuer which has the same public key.
11:39:10.703 [pool-7-thread-31] WARN eu.europa.esig.dss.spi.x509.TokenIssuerSelector - No issuer found for the token creation date. The process continues with an issuer which has the same public key.
11:39:10.705 [pool-7-thread-28] WARN eu.europa.esig.dss.spi.x509.TokenIssuerSelector - No issuer found for the token creation date. The process continues with an issuer which has the same public key.
11:39:10.705 [pool-7-thread-3] WARN eu.europa.esig.dss.spi.x509.TokenIssuerSelector - No issuer found for the token creation date. The process continues with an issuer which has the same public key.
11:39:10.707 [pool-7-thread-3] INFO eu.europa.esig.dss.spi.x509.TokenIssuerSelector - The issuer subject name and subject name does not match (more details in debug mode).
11:39:10.707 [pool-7-thread-3] INFO eu.europa.esig.dss.spi.x509.TokenIssuerSelector - CERT ISSUER    : c=lu,ou=pki-test,o=nowina solutions,cn=external-ca
11:39:10.707 [pool-7-thread-3] INFO eu.europa.esig.dss.spi.x509.TokenIssuerSelector - ISSUER SUBJECT : c=lu,ou=pki-test,o=nowina solutions,cn=external-ca-alternative
11:39:10.707 [pool-7-thread-3] INFO eu.europa.esig.dss.spi.x509.TokenIssuerSelector - The issuer subject name and subject name does not match (more details in debug mode).
11:39:10.707 [pool-7-thread-3] INFO eu.europa.esig.dss.spi.x509.TokenIssuerSelector - CERT ISSUER    : c=lu,ou=pki-test,o=nowina solutions,cn=external-ca
11:39:10.707 [pool-7-thread-3] INFO eu.europa.esig.dss.spi.x509.TokenIssuerSelector - ISSUER SUBJECT : c=lu,ou=pki-test,o=nowina solutions,cn=external-ca-alternative
11:39:10.707 [pool-7-thread-3] INFO eu.europa.esig.dss.spi.x509.TokenIssuerSelector - The issuer subject name and subject name does not match (more details in debug mode).
11:39:10.707 [pool-7-thread-3] INFO eu.europa.esig.dss.spi.x509.TokenIssuerSelector - CERT ISSUER    : c=lu,ou=pki-test,o=nowina solutions,cn=external-ca
11:39:10.707 [pool-7-thread-3] INFO eu.europa.esig.dss.spi.x509.TokenIssuerSelector - ISSUER SUBJECT : c=lu,ou=pki-test,o=nowina solutions,cn=external-ca-alternative
11:39:10.712 [pool-7-thread-33] WARN eu.europa.esig.dss.spi.x509.TokenIssuerSelector - No issuer found for the token creation date. The process continues with an issuer which has the same public key.
11:39:10.714 [pool-7-thread-93] WARN eu.europa.esig.dss.spi.x509.TokenIssuerSelector - No issuer found for the token creation date. The process continues with an issuer which has the same public key.
11:39:10.715 [pool-7-thread-97] INFO eu.europa.esig.dss.spi.x509.TokenIssuerSelector - The issuer subject name and subject name does not match (more details in debug mode).
11:39:10.715 [pool-7-thread-97] INFO eu.europa.esig.dss.spi.x509.TokenIssuerSelector - CERT ISSUER    : c=lu,ou=pki-test,o=nowina solutions,cn=external-ca
11:39:10.715 [pool-7-thread-97] INFO eu.europa.esig.dss.spi.x509.TokenIssuerSelector - ISSUER SUBJECT : c=lu,ou=pki-test,o=nowina solutions,cn=external-ca-alternative
11:39:10.715 [pool-7-thread-97] INFO eu.europa.esig.dss.spi.x509.TokenIssuerSelector - The issuer subject name and subject name does not match (more details in debug mode).
11:39:10.715 [pool-7-thread-97] INFO eu.europa.esig.dss.spi.x509.TokenIssuerSelector - CERT ISSUER    : c=lu,ou=pki-test,o=nowina solutions,cn=external-ca
11:39:10.715 [pool-7-thread-97] INFO eu.europa.esig.dss.spi.x509.TokenIssuerSelector - ISSUER SUBJECT : c=lu,ou=pki-test,o=nowina solutions,cn=external-ca-alternative
11:39:10.715 [pool-7-thread-97] INFO eu.europa.esig.dss.spi.x509.TokenIssuerSelector - The issuer subject name and subject name does not match (more details in debug mode).
11:39:10.715 [pool-7-thread-97] INFO eu.europa.esig.dss.spi.x509.TokenIssuerSelector - CERT ISSUER    : c=lu,ou=pki-test,o=nowina solutions,cn=external-ca
11:39:10.715 [pool-7-thread-97] INFO eu.europa.esig.dss.spi.x509.TokenIssuerSelector - ISSUER SUBJECT : c=lu,ou=pki-test,o=nowina solutions,cn=external-ca-alternative
11:39:10.716 [pool-7-thread-40] WARN eu.europa.esig.dss.spi.x509.TokenIssuerSelector - No issuer found for the token creation date. The process continues with an issuer which has the same public key.
11:39:10.717 [pool-7-thread-95] WARN eu.europa.esig.dss.spi.x509.TokenIssuerSelector - No issuer found for the token creation date. The process continues with an issuer which has the same public key.
11:39:10.717 [pool-7-thread-82] WARN eu.europa.esig.dss.spi.x509.TokenIssuerSelector - No issuer found for the token creation date. The process continues with an issuer which has the same public key.
11:39:10.718 [pool-7-thread-91] WARN eu.europa.esig.dss.spi.x509.TokenIssuerSelector - No issuer found for the token creation date. The process continues with an issuer which has the same public key.
11:39:10.719 [pool-7-thread-36] WARN eu.europa.esig.dss.spi.x509.TokenIssuerSelector - No issuer found for the token creation date. The process continues with an issuer which has the same public key.
11:39:10.720 [pool-7-thread-99] WARN eu.europa.esig.dss.spi.x509.TokenIssuerSelector - No issuer found for the token creation date. The process continues with an issuer which has the same public key.
11:39:10.722 [pool-7-thread-10] WARN eu.europa.esig.dss.spi.x509.TokenIssuerSelector - No issuer found for the token creation date. The process continues with an issuer which has the same public key.
11:39:10.722 [pool-7-thread-72] INFO eu.europa.esig.dss.spi.x509.TokenIssuerSelector - The issuer subject name and subject name does not match (more details in debug mode).
11:39:10.722 [pool-7-thread-72] INFO eu.europa.esig.dss.spi.x509.TokenIssuerSelector - CERT ISSUER    : c=lu,ou=pki-test,o=nowina solutions,cn=external-ca
11:39:10.722 [pool-7-thread-72] INFO eu.europa.esig.dss.spi.x509.TokenIssuerSelector - ISSUER SUBJECT : c=lu,ou=pki-test,o=nowina solutions,cn=external-ca-alternative
11:39:10.722 [pool-7-thread-72] INFO eu.europa.esig.dss.spi.x509.TokenIssuerSelector - The issuer subject name and subject name does not match (more details in debug mode).
11:39:10.722 [pool-7-thread-72] INFO eu.europa.esig.dss.spi.x509.TokenIssuerSelector - CERT ISSUER    : c=lu,ou=pki-test,o=nowina solutions,cn=external-ca
11:39:10.722 [pool-7-thread-72] INFO eu.europa.esig.dss.spi.x509.TokenIssuerSelector - ISSUER SUBJECT : c=lu,ou=pki-test,o=nowina solutions,cn=external-ca-alternative
11:39:10.722 [pool-7-thread-72] INFO eu.europa.esig.dss.spi.x509.TokenIssuerSelector - The issuer subject name and subject name does not match (more details in debug mode).
11:39:10.722 [pool-7-thread-72] INFO eu.europa.esig.dss.spi.x509.TokenIssuerSelector - CERT ISSUER    : c=lu,ou=pki-test,o=nowina solutions,cn=external-ca
11:39:10.722 [pool-7-thread-72] INFO eu.europa.esig.dss.spi.x509.TokenIssuerSelector - ISSUER SUBJECT : c=lu,ou=pki-test,o=nowina solutions,cn=external-ca-alternative
11:39:10.723 [pool-7-thread-79] WARN eu.europa.esig.dss.spi.x509.TokenIssuerSelector - No issuer found for the token creation date. The process continues with an issuer which has the same public key.
11:39:10.723 [pool-7-thread-10] INFO eu.europa.esig.dss.spi.x509.TokenIssuerSelector - The issuer subject name and subject name does not match (more details in debug mode).
11:39:10.723 [pool-7-thread-10] INFO eu.europa.esig.dss.spi.x509.TokenIssuerSelector - CERT ISSUER    : c=lu,ou=pki-test,o=nowina solutions,cn=external-ca
11:39:10.723 [pool-7-thread-10] INFO eu.europa.esig.dss.spi.x509.TokenIssuerSelector - ISSUER SUBJECT : c=lu,ou=pki-test,o=nowina solutions,cn=external-ca-alternative
11:39:10.723 [pool-7-thread-10] INFO eu.europa.esig.dss.spi.x509.TokenIssuerSelector - The issuer subject name and subject name does not match (more details in debug mode).
11:39:10.723 [pool-7-thread-10] INFO eu.europa.esig.dss.spi.x509.TokenIssuerSelector - CERT ISSUER    : c=lu,ou=pki-test,o=nowina solutions,cn=external-ca
11:39:10.723 [pool-7-thread-10] INFO eu.europa.esig.dss.spi.x509.TokenIssuerSelector - ISSUER SUBJECT : c=lu,ou=pki-test,o=nowina solutions,cn=external-ca-alternative
11:39:10.723 [pool-7-thread-10] INFO eu.europa.esig.dss.spi.x509.TokenIssuerSelector - The issuer subject name and subject name does not match (more details in debug mode).
11:39:10.723 [pool-7-thread-10] INFO eu.europa.esig.dss.spi.x509.TokenIssuerSelector - CERT ISSUER    : c=lu,ou=pki-test,o=nowina solutions,cn=external-ca
11:39:10.723 [pool-7-thread-10] INFO eu.europa.esig.dss.spi.x509.TokenIssuerSelector - ISSUER SUBJECT : c=lu,ou=pki-test,o=nowina solutions,cn=external-ca-alternative
11:39:10.725 [pool-7-thread-76] WARN eu.europa.esig.dss.spi.x509.TokenIssuerSelector - No issuer found for the token creation date. The process continues with an issuer which has the same public key.
11:39:10.725 [pool-7-thread-79] INFO eu.europa.esig.dss.spi.x509.TokenIssuerSelector - The issuer subject name and subject name does not match (more details in debug mode).
11:39:10.725 [pool-7-thread-79] INFO eu.europa.esig.dss.spi.x509.TokenIssuerSelector - CERT ISSUER    : c=lu,ou=pki-test,o=nowina solutions,cn=external-ca
11:39:10.725 [pool-7-thread-79] INFO eu.europa.esig.dss.spi.x509.TokenIssuerSelector - ISSUER SUBJECT : c=lu,ou=pki-test,o=nowina solutions,cn=external-ca-alternative
11:39:10.725 [pool-7-thread-79] INFO eu.europa.esig.dss.spi.x509.TokenIssuerSelector - The issuer subject name and subject name does not match (more details in debug mode).
11:39:10.725 [pool-7-thread-79] INFO eu.europa.esig.dss.spi.x509.TokenIssuerSelector - CERT ISSUER    : c=lu,ou=pki-test,o=nowina solutions,cn=external-ca
11:39:10.725 [pool-7-thread-79] INFO eu.europa.esig.dss.spi.x509.TokenIssuerSelector - ISSUER SUBJECT : c=lu,ou=pki-test,o=nowina solutions,cn=external-ca-alternative
11:39:10.725 [pool-7-thread-79] INFO eu.europa.esig.dss.spi.x509.TokenIssuerSelector - The issuer subject name and subject name does not match (more details in debug mode).
11:39:10.725 [pool-7-thread-79] INFO eu.europa.esig.dss.spi.x509.TokenIssuerSelector - CERT ISSUER    : c=lu,ou=pki-test,o=nowina solutions,cn=external-ca
11:39:10.725 [pool-7-thread-79] INFO eu.europa.esig.dss.spi.x509.TokenIssuerSelector - ISSUER SUBJECT : c=lu,ou=pki-test,o=nowina solutions,cn=external-ca-alternative
11:39:10.727 [pool-7-thread-76] INFO eu.europa.esig.dss.spi.x509.TokenIssuerSelector - The issuer subject name and subject name does not match (more details in debug mode).
11:39:10.727 [pool-7-thread-96] WARN eu.europa.esig.dss.spi.x509.TokenIssuerSelector - No issuer found for the token creation date. The process continues with an issuer which has the same public key.
11:39:10.727 [pool-7-thread-76] INFO eu.europa.esig.dss.spi.x509.TokenIssuerSelector - CERT ISSUER    : c=lu,ou=pki-test,o=nowina solutions,cn=external-ca
11:39:10.727 [pool-7-thread-76] INFO eu.europa.esig.dss.spi.x509.TokenIssuerSelector - ISSUER SUBJECT : c=lu,ou=pki-test,o=nowina solutions,cn=external-ca-alternative
11:39:10.727 [pool-7-thread-76] INFO eu.europa.esig.dss.spi.x509.TokenIssuerSelector - The issuer subject name and subject name does not match (more details in debug mode).
11:39:10.727 [pool-7-thread-76] INFO eu.europa.esig.dss.spi.x509.TokenIssuerSelector - CERT ISSUER    : c=lu,ou=pki-test,o=nowina solutions,cn=external-ca
11:39:10.727 [pool-7-thread-76] INFO eu.europa.esig.dss.spi.x509.TokenIssuerSelector - ISSUER SUBJECT : c=lu,ou=pki-test,o=nowina solutions,cn=external-ca-alternative
11:39:10.727 [pool-7-thread-76] INFO eu.europa.esig.dss.spi.x509.TokenIssuerSelector - The issuer subject name and subject name does not match (more details in debug mode).
11:39:10.727 [pool-7-thread-76] INFO eu.europa.esig.dss.spi.x509.TokenIssuerSelector - CERT ISSUER    : c=lu,ou=pki-test,o=nowina solutions,cn=external-ca
11:39:10.727 [pool-7-thread-76] INFO eu.europa.esig.dss.spi.x509.TokenIssuerSelector - ISSUER SUBJECT : c=lu,ou=pki-test,o=nowina solutions,cn=external-ca-alternative
11:39:10.728 [pool-7-thread-96] WARN eu.europa.esig.dss.spi.x509.TokenIssuerSelector - No issuer found for the token creation date. The process continues with an issuer which has the same public key.
11:39:10.731 [pool-7-thread-96] INFO eu.europa.esig.dss.spi.x509.TokenIssuerSelector - The issuer subject name and subject name does not match (more details in debug mode).
11:39:10.731 [pool-7-thread-76] WARN eu.europa.esig.dss.spi.x509.TokenIssuerSelector - No issuer found for the token creation date. The process continues with an issuer which has the same public key.
11:39:10.731 [pool-7-thread-96] INFO eu.europa.esig.dss.spi.x509.TokenIssuerSelector - CERT ISSUER    : c=lu,ou=pki-test,o=nowina solutions,cn=external-ca
11:39:10.731 [pool-7-thread-96] INFO eu.europa.esig.dss.spi.x509.TokenIssuerSelector - ISSUER SUBJECT : c=lu,ou=pki-test,o=nowina solutions,cn=external-ca-alternative
11:39:10.731 [pool-7-thread-96] INFO eu.europa.esig.dss.spi.x509.TokenIssuerSelector - The issuer subject name and subject name does not match (more details in debug mode).
11:39:10.731 [pool-7-thread-96] INFO eu.europa.esig.dss.spi.x509.TokenIssuerSelector - CERT ISSUER    : c=lu,ou=pki-test,o=nowina solutions,cn=external-ca
11:39:10.731 [pool-7-thread-96] INFO eu.europa.esig.dss.spi.x509.TokenIssuerSelector - ISSUER SUBJECT : c=lu,ou=pki-test,o=nowina solutions,cn=external-ca-alternative
11:39:10.731 [pool-7-thread-96] INFO eu.europa.esig.dss.spi.x509.TokenIssuerSelector - The issuer subject name and subject name does not match (more details in debug mode).
11:39:10.731 [pool-7-thread-96] INFO eu.europa.esig.dss.spi.x509.TokenIssuerSelector - CERT ISSUER    : c=lu,ou=pki-test,o=nowina solutions,cn=external-ca
11:39:10.731 [pool-7-thread-96] INFO eu.europa.esig.dss.spi.x509.TokenIssuerSelector - ISSUER SUBJECT : c=lu,ou=pki-test,o=nowina solutions,cn=external-ca-alternative
11:39:10.732 [pool-7-thread-83] WARN eu.europa.esig.dss.spi.x509.TokenIssuerSelector - No issuer found for the token creation date. The process continues with an issuer which has the same public key.
11:39:10.733 [pool-7-thread-83] WARN eu.europa.esig.dss.spi.x509.TokenIssuerSelector - No issuer found for the token creation date. The process continues with an issuer which has the same public key.
11:39:10.734 [pool-7-thread-44] INFO eu.europa.esig.dss.spi.x509.TokenIssuerSelector - The issuer subject name and subject name does not match (more details in debug mode).
11:39:10.734 [pool-7-thread-44] INFO eu.europa.esig.dss.spi.x509.TokenIssuerSelector - CERT ISSUER    : c=lu,ou=pki-test,o=nowina solutions,cn=external-ca
11:39:10.734 [pool-7-thread-44] INFO eu.europa.esig.dss.spi.x509.TokenIssuerSelector - ISSUER SUBJECT : c=lu,ou=pki-test,o=nowina solutions,cn=external-ca-alternative
11:39:10.734 [pool-7-thread-44] INFO eu.europa.esig.dss.spi.x509.TokenIssuerSelector - The issuer subject name and subject name does not match (more details in debug mode).
11:39:10.734 [pool-7-thread-44] INFO eu.europa.esig.dss.spi.x509.TokenIssuerSelector - CERT ISSUER    : c=lu,ou=pki-test,o=nowina solutions,cn=external-ca
11:39:10.734 [pool-7-thread-44] INFO eu.europa.esig.dss.spi.x509.TokenIssuerSelector - ISSUER SUBJECT : c=lu,ou=pki-test,o=nowina solutions,cn=external-ca-alternative
11:39:10.734 [pool-7-thread-44] INFO eu.europa.esig.dss.spi.x509.TokenIssuerSelector - The issuer subject name and subject name does not match (more details in debug mode).
11:39:10.734 [pool-7-thread-44] INFO eu.europa.esig.dss.spi.x509.TokenIssuerSelector - CERT ISSUER    : c=lu,ou=pki-test,o=nowina solutions,cn=external-ca
11:39:10.734 [pool-7-thread-44] INFO eu.europa.esig.dss.spi.x509.TokenIssuerSelector - ISSUER SUBJECT : c=lu,ou=pki-test,o=nowina solutions,cn=external-ca-alternative
11:39:10.734 [pool-7-thread-88] WARN eu.europa.esig.dss.spi.x509.TokenIssuerSelector - No issuer found for the token creation date. The process continues with an issuer which has the same public key.
11:39:10.735 [pool-7-thread-88] WARN eu.europa.esig.dss.spi.x509.TokenIssuerSelector - No issuer found for the token creation date. The process continues with an issuer which has the same public key.
11:39:10.737 [pool-7-thread-88] INFO eu.europa.esig.dss.spi.x509.TokenIssuerSelector - The issuer subject name and subject name does not match (more details in debug mode).
11:39:10.737 [pool-7-thread-88] INFO eu.europa.esig.dss.spi.x509.TokenIssuerSelector - CERT ISSUER    : c=lu,ou=pki-test,o=nowina solutions,cn=external-ca
11:39:10.737 [pool-7-thread-88] INFO eu.europa.esig.dss.spi.x509.TokenIssuerSelector - ISSUER SUBJECT : c=lu,ou=pki-test,o=nowina solutions,cn=external-ca-alternative
11:39:10.737 [pool-7-thread-88] INFO eu.europa.esig.dss.spi.x509.TokenIssuerSelector - The issuer subject name and subject name does not match (more details in debug mode).
11:39:10.737 [pool-7-thread-88] INFO eu.europa.esig.dss.spi.x509.TokenIssuerSelector - CERT ISSUER    : c=lu,ou=pki-test,o=nowina solutions,cn=external-ca
11:39:10.737 [pool-7-thread-88] INFO eu.europa.esig.dss.spi.x509.TokenIssuerSelector - ISSUER SUBJECT : c=lu,ou=pki-test,o=nowina solutions,cn=external-ca-alternative
11:39:10.737 [pool-7-thread-88] INFO eu.europa.esig.dss.spi.x509.TokenIssuerSelector - The issuer subject name and subject name does not match (more details in debug mode).
11:39:10.737 [pool-7-thread-88] INFO eu.europa.esig.dss.spi.x509.TokenIssuerSelector - CERT ISSUER    : c=lu,ou=pki-test,o=nowina solutions,cn=external-ca
11:39:10.737 [pool-7-thread-88] INFO eu.europa.esig.dss.spi.x509.TokenIssuerSelector - ISSUER SUBJECT : c=lu,ou=pki-test,o=nowina solutions,cn=external-ca-alternative
11:39:10.738 [pool-7-thread-100] INFO eu.europa.esig.dss.spi.x509.TokenIssuerSelector - The issuer subject name and subject name does not match (more details in debug mode).
11:39:10.738 [pool-7-thread-100] INFO eu.europa.esig.dss.spi.x509.TokenIssuerSelector - CERT ISSUER    : c=lu,ou=pki-test,o=nowina solutions,cn=external-ca
11:39:10.738 [pool-7-thread-100] INFO eu.europa.esig.dss.spi.x509.TokenIssuerSelector - ISSUER SUBJECT : c=lu,ou=pki-test,o=nowina solutions,cn=external-ca-alternative
11:39:10.738 [pool-7-thread-100] INFO eu.europa.esig.dss.spi.x509.TokenIssuerSelector - The issuer subject name and subject name does not match (more details in debug mode).
11:39:10.738 [pool-7-thread-100] INFO eu.europa.esig.dss.spi.x509.TokenIssuerSelector - CERT ISSUER    : c=lu,ou=pki-test,o=nowina solutions,cn=external-ca
11:39:10.738 [pool-7-thread-100] INFO eu.europa.esig.dss.spi.x509.TokenIssuerSelector - ISSUER SUBJECT : c=lu,ou=pki-test,o=nowina solutions,cn=external-ca-alternative
11:39:10.738 [pool-7-thread-100] INFO eu.europa.esig.dss.spi.x509.TokenIssuerSelector - The issuer subject name and subject name does not match (more details in debug mode).
11:39:10.738 [pool-7-thread-100] INFO eu.europa.esig.dss.spi.x509.TokenIssuerSelector - CERT ISSUER    : c=lu,ou=pki-test,o=nowina solutions,cn=external-ca
11:39:10.738 [pool-7-thread-100] INFO eu.europa.esig.dss.spi.x509.TokenIssuerSelector - ISSUER SUBJECT : c=lu,ou=pki-test,o=nowina solutions,cn=external-ca-alternative
11:39:10.740 [pool-7-thread-63] WARN eu.europa.esig.dss.spi.x509.TokenIssuerSelector - No issuer found for the token creation date. The process continues with an issuer which has the same public key.
11:39:10.740 [pool-7-thread-63] WARN eu.europa.esig.dss.spi.x509.TokenIssuerSelector - No issuer found for the token creation date. The process continues with an issuer which has the same public key.
11:39:10.742 [pool-7-thread-71] WARN eu.europa.esig.dss.spi.x509.TokenIssuerSelector - No issuer found for the token creation date. The process continues with an issuer which has the same public key.
11:39:10.748 [pool-7-thread-71] WARN eu.europa.esig.dss.spi.x509.TokenIssuerSelector - No issuer found for the token creation date. The process continues with an issuer which has the same public key.
11:39:10.749 [pool-7-thread-39] WARN eu.europa.esig.dss.spi.x509.TokenIssuerSelector - No issuer found for the token creation date. The process continues with an issuer which has the same public key.
11:39:10.750 [pool-7-thread-67] INFO eu.europa.esig.dss.spi.x509.TokenIssuerSelector - The issuer subject name and subject name does not match (more details in debug mode).
11:39:10.750 [pool-7-thread-67] INFO eu.europa.esig.dss.spi.x509.TokenIssuerSelector - CERT ISSUER    : c=lu,ou=pki-test,o=nowina solutions,cn=external-ca
11:39:10.750 [pool-7-thread-67] INFO eu.europa.esig.dss.spi.x509.TokenIssuerSelector - ISSUER SUBJECT : c=lu,ou=pki-test,o=nowina solutions,cn=external-ca-alternative
11:39:10.750 [pool-7-thread-67] INFO eu.europa.esig.dss.spi.x509.TokenIssuerSelector - The issuer subject name and subject name does not match (more details in debug mode).
11:39:10.750 [pool-7-thread-67] INFO eu.europa.esig.dss.spi.x509.TokenIssuerSelector - CERT ISSUER    : c=lu,ou=pki-test,o=nowina solutions,cn=external-ca
11:39:10.750 [pool-7-thread-67] INFO eu.europa.esig.dss.spi.x509.TokenIssuerSelector - ISSUER SUBJECT : c=lu,ou=pki-test,o=nowina solutions,cn=external-ca-alternative
11:39:10.750 [pool-7-thread-67] INFO eu.europa.esig.dss.spi.x509.TokenIssuerSelector - The issuer subject name and subject name does not match (more details in debug mode).
11:39:10.750 [pool-7-thread-67] INFO eu.europa.esig.dss.spi.x509.TokenIssuerSelector - CERT ISSUER    : c=lu,ou=pki-test,o=nowina solutions,cn=external-ca
11:39:10.750 [pool-7-thread-67] INFO eu.europa.esig.dss.spi.x509.TokenIssuerSelector - ISSUER SUBJECT : c=lu,ou=pki-test,o=nowina solutions,cn=external-ca-alternative
11:39:10.751 [pool-7-thread-39] INFO eu.europa.esig.dss.spi.x509.TokenIssuerSelector - The issuer subject name and subject name does not match (more details in debug mode).
11:39:10.751 [pool-7-thread-39] INFO eu.europa.esig.dss.spi.x509.TokenIssuerSelector - CERT ISSUER    : c=lu,ou=pki-test,o=nowina solutions,cn=external-ca
11:39:10.751 [pool-7-thread-39] INFO eu.europa.esig.dss.spi.x509.TokenIssuerSelector - ISSUER SUBJECT : c=lu,ou=pki-test,o=nowina solutions,cn=external-ca-alternative
11:39:10.751 [pool-7-thread-39] INFO eu.europa.esig.dss.spi.x509.TokenIssuerSelector - The issuer subject name and subject name does not match (more details in debug mode).
11:39:10.751 [pool-7-thread-39] INFO eu.europa.esig.dss.spi.x509.TokenIssuerSelector - CERT ISSUER    : c=lu,ou=pki-test,o=nowina solutions,cn=external-ca
11:39:10.751 [pool-7-thread-39] INFO eu.europa.esig.dss.spi.x509.TokenIssuerSelector - ISSUER SUBJECT : c=lu,ou=pki-test,o=nowina solutions,cn=external-ca-alternative
11:39:10.751 [pool-7-thread-39] INFO eu.europa.esig.dss.spi.x509.TokenIssuerSelector - The issuer subject name and subject name does not match (more details in debug mode).
11:39:10.751 [pool-7-thread-39] INFO eu.europa.esig.dss.spi.x509.TokenIssuerSelector - CERT ISSUER    : c=lu,ou=pki-test,o=nowina solutions,cn=external-ca
11:39:10.751 [pool-7-thread-39] INFO eu.europa.esig.dss.spi.x509.TokenIssuerSelector - ISSUER SUBJECT : c=lu,ou=pki-test,o=nowina solutions,cn=external-ca-alternative
11:39:10.752 [pool-7-thread-68] WARN eu.europa.esig.dss.spi.x509.TokenIssuerSelector - No issuer found for the token creation date. The process continues with an issuer which has the same public key.
11:39:10.754 [pool-7-thread-81] WARN eu.europa.esig.dss.spi.x509.TokenIssuerSelector - No issuer found for the token creation date. The process continues with an issuer which has the same public key.
11:39:10.754 [pool-7-thread-81] WARN eu.europa.esig.dss.spi.x509.TokenIssuerSelector - No issuer found for the token creation date. The process continues with an issuer which has the same public key.
11:39:10.755 [pool-7-thread-22] WARN eu.europa.esig.dss.spi.x509.TokenIssuerSelector - No issuer found for the token creation date. The process continues with an issuer which has the same public key.
11:39:10.757 [pool-7-thread-75] INFO eu.europa.esig.dss.spi.x509.TokenIssuerSelector - The issuer subject name and subject name does not match (more details in debug mode).
11:39:10.757 [pool-7-thread-75] INFO eu.europa.esig.dss.spi.x509.TokenIssuerSelector - CERT ISSUER    : c=lu,ou=pki-test,o=nowina solutions,cn=external-ca
11:39:10.757 [pool-7-thread-75] INFO eu.europa.esig.dss.spi.x509.TokenIssuerSelector - ISSUER SUBJECT : c=lu,ou=pki-test,o=nowina solutions,cn=external-ca-alternative
11:39:10.757 [pool-7-thread-75] INFO eu.europa.esig.dss.spi.x509.TokenIssuerSelector - The issuer subject name and subject name does not match (more details in debug mode).
11:39:10.757 [pool-7-thread-75] INFO eu.europa.esig.dss.spi.x509.TokenIssuerSelector - CERT ISSUER    : c=lu,ou=pki-test,o=nowina solutions,cn=external-ca
11:39:10.757 [pool-7-thread-75] INFO eu.europa.esig.dss.spi.x509.TokenIssuerSelector - ISSUER SUBJECT : c=lu,ou=pki-test,o=nowina solutions,cn=external-ca-alternative
11:39:10.758 [pool-7-thread-75] INFO eu.europa.esig.dss.spi.x509.TokenIssuerSelector - The issuer subject name and subject name does not match (more details in debug mode).
11:39:10.758 [pool-7-thread-75] INFO eu.europa.esig.dss.spi.x509.TokenIssuerSelector - CERT ISSUER    : c=lu,ou=pki-test,o=nowina solutions,cn=external-ca
11:39:10.758 [pool-7-thread-75] INFO eu.europa.esig.dss.spi.x509.TokenIssuerSelector - ISSUER SUBJECT : c=lu,ou=pki-test,o=nowina solutions,cn=external-ca-alternative
11:39:10.759 [pool-7-thread-80] WARN eu.europa.esig.dss.spi.x509.TokenIssuerSelector - No issuer found for the token creation date. The process continues with an issuer which has the same public key.
11:39:10.762 [pool-7-thread-64] WARN eu.europa.esig.dss.spi.x509.TokenIssuerSelector - No issuer found for the token creation date. The process continues with an issuer which has the same public key.
11:39:10.763 [pool-7-thread-64] WARN eu.europa.esig.dss.spi.x509.TokenIssuerSelector - No issuer found for the token creation date. The process continues with an issuer which has the same public key.
11:39:10.765 [pool-7-thread-90] WARN eu.europa.esig.dss.spi.x509.TokenIssuerSelector - No issuer found for the token creation date. The process continues with an issuer which has the same public key.
11:39:10.773 [pool-7-thread-90] INFO eu.europa.esig.dss.spi.x509.TokenIssuerSelector - The issuer subject name and subject name does not match (more details in debug mode).
11:39:10.773 [pool-7-thread-90] INFO eu.europa.esig.dss.spi.x509.TokenIssuerSelector - CERT ISSUER    : c=lu,ou=pki-test,o=nowina solutions,cn=external-ca
11:39:10.773 [pool-7-thread-90] INFO eu.europa.esig.dss.spi.x509.TokenIssuerSelector - ISSUER SUBJECT : c=lu,ou=pki-test,o=nowina solutions,cn=external-ca-alternative
11:39:10.773 [pool-7-thread-90] INFO eu.europa.esig.dss.spi.x509.TokenIssuerSelector - The issuer subject name and subject name does not match (more details in debug mode).
11:39:10.773 [pool-7-thread-90] INFO eu.europa.esig.dss.spi.x509.TokenIssuerSelector - CERT ISSUER    : c=lu,ou=pki-test,o=nowina solutions,cn=external-ca
11:39:10.773 [pool-7-thread-90] INFO eu.europa.esig.dss.spi.x509.TokenIssuerSelector - ISSUER SUBJECT : c=lu,ou=pki-test,o=nowina solutions,cn=external-ca-alternative
11:39:10.774 [pool-7-thread-90] INFO eu.europa.esig.dss.spi.x509.TokenIssuerSelector - The issuer subject name and subject name does not match (more details in debug mode).
11:39:10.774 [pool-7-thread-90] INFO eu.europa.esig.dss.spi.x509.TokenIssuerSelector - CERT ISSUER    : c=lu,ou=pki-test,o=nowina solutions,cn=external-ca
11:39:10.774 [pool-7-thread-90] INFO eu.europa.esig.dss.spi.x509.TokenIssuerSelector - ISSUER SUBJECT : c=lu,ou=pki-test,o=nowina solutions,cn=external-ca-alternative
11:39:10.774 [pool-7-thread-18] WARN eu.europa.esig.dss.spi.x509.TokenIssuerSelector - No issuer found for the token creation date. The process continues with an issuer which has the same public key.
11:39:10.774 [pool-7-thread-18] WARN eu.europa.esig.dss.spi.x509.TokenIssuerSelector - No issuer found for the token creation date. The process continues with an issuer which has the same public key.
11:39:10.776 [pool-7-thread-18] INFO eu.europa.esig.dss.spi.x509.TokenIssuerSelector - The issuer subject name and subject name does not match (more details in debug mode).
11:39:10.776 [pool-7-thread-18] INFO eu.europa.esig.dss.spi.x509.TokenIssuerSelector - CERT ISSUER    : c=lu,ou=pki-test,o=nowina solutions,cn=external-ca
11:39:10.776 [pool-7-thread-18] INFO eu.europa.esig.dss.spi.x509.TokenIssuerSelector - ISSUER SUBJECT : c=lu,ou=pki-test,o=nowina solutions,cn=external-ca-alternative
11:39:10.777 [pool-7-thread-18] INFO eu.europa.esig.dss.spi.x509.TokenIssuerSelector - The issuer subject name and subject name does not match (more details in debug mode).
11:39:10.777 [pool-7-thread-18] INFO eu.europa.esig.dss.spi.x509.TokenIssuerSelector - CERT ISSUER    : c=lu,ou=pki-test,o=nowina solutions,cn=external-ca
11:39:10.777 [pool-7-thread-18] INFO eu.europa.esig.dss.spi.x509.TokenIssuerSelector - ISSUER SUBJECT : c=lu,ou=pki-test,o=nowina solutions,cn=external-ca-alternative
11:39:10.777 [pool-7-thread-18] INFO eu.europa.esig.dss.spi.x509.TokenIssuerSelector - The issuer subject name and subject name does not match (more details in debug mode).
11:39:10.777 [pool-7-thread-18] INFO eu.europa.esig.dss.spi.x509.TokenIssuerSelector - CERT ISSUER    : c=lu,ou=pki-test,o=nowina solutions,cn=external-ca
11:39:10.777 [pool-7-thread-18] INFO eu.europa.esig.dss.spi.x509.TokenIssuerSelector - ISSUER SUBJECT : c=lu,ou=pki-test,o=nowina solutions,cn=external-ca-alternative
11:39:10.778 [pool-7-thread-45] WARN eu.europa.esig.dss.spi.x509.TokenIssuerSelector - No issuer found for the token creation date. The process continues with an issuer which has the same public key.
11:39:10.779 [pool-7-thread-45] WARN eu.europa.esig.dss.spi.x509.TokenIssuerSelector - No issuer found for the token creation date. The process continues with an issuer which has the same public key.
11:39:10.780 [pool-7-thread-45] INFO eu.europa.esig.dss.spi.x509.TokenIssuerSelector - The issuer subject name and subject name does not match (more details in debug mode).
11:39:10.780 [pool-7-thread-45] INFO eu.europa.esig.dss.spi.x509.TokenIssuerSelector - CERT ISSUER    : c=lu,ou=pki-test,o=nowina solutions,cn=external-ca
11:39:10.780 [pool-7-thread-45] INFO eu.europa.esig.dss.spi.x509.TokenIssuerSelector - ISSUER SUBJECT : c=lu,ou=pki-test,o=nowina solutions,cn=external-ca-alternative
11:39:10.780 [pool-7-thread-45] INFO eu.europa.esig.dss.spi.x509.TokenIssuerSelector - The issuer subject name and subject name does not match (more details in debug mode).
11:39:10.780 [pool-7-thread-45] INFO eu.europa.esig.dss.spi.x509.TokenIssuerSelector - CERT ISSUER    : c=lu,ou=pki-test,o=nowina solutions,cn=external-ca
11:39:10.780 [pool-7-thread-45] INFO eu.europa.esig.dss.spi.x509.TokenIssuerSelector - ISSUER SUBJECT : c=lu,ou=pki-test,o=nowina solutions,cn=external-ca-alternative
11:39:10.780 [pool-7-thread-45] INFO eu.europa.esig.dss.spi.x509.TokenIssuerSelector - The issuer subject name and subject name does not match (more details in debug mode).
11:39:10.780 [pool-7-thread-45] INFO eu.europa.esig.dss.spi.x509.TokenIssuerSelector - CERT ISSUER    : c=lu,ou=pki-test,o=nowina solutions,cn=external-ca
11:39:10.780 [pool-7-thread-45] INFO eu.europa.esig.dss.spi.x509.TokenIssuerSelector - ISSUER SUBJECT : c=lu,ou=pki-test,o=nowina solutions,cn=external-ca-alternative
11:39:10.781 [pool-7-thread-84] WARN eu.europa.esig.dss.spi.x509.TokenIssuerSelector - No issuer found for the token creation date. The process continues with an issuer which has the same public key.
11:39:10.783 [pool-7-thread-84] INFO eu.europa.esig.dss.spi.x509.TokenIssuerSelector - The issuer subject name and subject name does not match (more details in debug mode).
11:39:10.783 [pool-7-thread-84] INFO eu.europa.esig.dss.spi.x509.TokenIssuerSelector - CERT ISSUER    : c=lu,ou=pki-test,o=nowina solutions,cn=external-ca
11:39:10.783 [pool-7-thread-84] INFO eu.europa.esig.dss.spi.x509.TokenIssuerSelector - ISSUER SUBJECT : c=lu,ou=pki-test,o=nowina solutions,cn=external-ca-alternative
11:39:10.783 [pool-7-thread-84] INFO eu.europa.esig.dss.spi.x509.TokenIssuerSelector - The issuer subject name and subject name does not match (more details in debug mode).
11:39:10.783 [pool-7-thread-84] INFO eu.europa.esig.dss.spi.x509.TokenIssuerSelector - CERT ISSUER    : c=lu,ou=pki-test,o=nowina solutions,cn=external-ca
11:39:10.783 [pool-7-thread-84] INFO eu.europa.esig.dss.spi.x509.TokenIssuerSelector - ISSUER SUBJECT : c=lu,ou=pki-test,o=nowina solutions,cn=external-ca-alternative
11:39:10.783 [pool-7-thread-84] INFO eu.europa.esig.dss.spi.x509.TokenIssuerSelector - The issuer subject name and subject name does not match (more details in debug mode).
11:39:10.783 [pool-7-thread-98] WARN eu.europa.esig.dss.spi.x509.TokenIssuerSelector - No issuer found for the token creation date. The process continues with an issuer which has the same public key.
11:39:10.783 [pool-7-thread-84] INFO eu.europa.esig.dss.spi.x509.TokenIssuerSelector - CERT ISSUER    : c=lu,ou=pki-test,o=nowina solutions,cn=external-ca
11:39:10.783 [pool-7-thread-84] INFO eu.europa.esig.dss.spi.x509.TokenIssuerSelector - ISSUER SUBJECT : c=lu,ou=pki-test,o=nowina solutions,cn=external-ca-alternative
11:39:10.784 [pool-7-thread-34] WARN eu.europa.esig.dss.spi.x509.TokenIssuerSelector - No issuer found for the token creation date. The process continues with an issuer which has the same public key.
11:39:10.785 [pool-7-thread-89] WARN eu.europa.esig.dss.spi.x509.TokenIssuerSelector - No issuer found for the token creation date. The process continues with an issuer which has the same public key.
11:39:10.787 [pool-7-thread-86] WARN eu.europa.esig.dss.spi.x509.TokenIssuerSelector - No issuer found for the token creation date. The process continues with an issuer which has the same public key.
11:39:10.787 [pool-7-thread-86] WARN eu.europa.esig.dss.spi.x509.TokenIssuerSelector - No issuer found for the token creation date. The process continues with an issuer which has the same public key.
11:39:10.791 [pool-7-thread-89] INFO eu.europa.esig.dss.spi.x509.TokenIssuerSelector - The issuer subject name and subject name does not match (more details in debug mode).
11:39:10.791 [pool-7-thread-89] INFO eu.europa.esig.dss.spi.x509.TokenIssuerSelector - CERT ISSUER    : c=lu,ou=pki-test,o=nowina solutions,cn=external-ca
11:39:10.791 [pool-7-thread-89] INFO eu.europa.esig.dss.spi.x509.TokenIssuerSelector - ISSUER SUBJECT : c=lu,ou=pki-test,o=nowina solutions,cn=external-ca-alternative
11:39:10.791 [pool-7-thread-89] INFO eu.europa.esig.dss.spi.x509.TokenIssuerSelector - The issuer subject name and subject name does not match (more details in debug mode).
11:39:10.791 [pool-7-thread-89] INFO eu.europa.esig.dss.spi.x509.TokenIssuerSelector - CERT ISSUER    : c=lu,ou=pki-test,o=nowina solutions,cn=external-ca
11:39:10.791 [pool-7-thread-89] INFO eu.europa.esig.dss.spi.x509.TokenIssuerSelector - ISSUER SUBJECT : c=lu,ou=pki-test,o=nowina solutions,cn=external-ca-alternative
11:39:10.791 [pool-7-thread-89] INFO eu.europa.esig.dss.spi.x509.TokenIssuerSelector - The issuer subject name and subject name does not match (more details in debug mode).
11:39:10.791 [pool-7-thread-89] INFO eu.europa.esig.dss.spi.x509.TokenIssuerSelector - CERT ISSUER    : c=lu,ou=pki-test,o=nowina solutions,cn=external-ca
11:39:10.791 [pool-7-thread-89] INFO eu.europa.esig.dss.spi.x509.TokenIssuerSelector - ISSUER SUBJECT : c=lu,ou=pki-test,o=nowina solutions,cn=external-ca-alternative
11:39:10.792 [pool-7-thread-41] WARN eu.europa.esig.dss.spi.x509.TokenIssuerSelector - No issuer found for the token creation date. The process continues with an issuer which has the same public key.
11:39:10.793 [pool-7-thread-86] INFO eu.europa.esig.dss.spi.x509.TokenIssuerSelector - The issuer subject name and subject name does not match (more details in debug mode).
11:39:10.793 [pool-7-thread-86] INFO eu.europa.esig.dss.spi.x509.TokenIssuerSelector - CERT ISSUER    : c=lu,ou=pki-test,o=nowina solutions,cn=external-ca
11:39:10.793 [pool-7-thread-86] INFO eu.europa.esig.dss.spi.x509.TokenIssuerSelector - ISSUER SUBJECT : c=lu,ou=pki-test,o=nowina solutions,cn=external-ca-alternative
11:39:10.793 [pool-7-thread-86] INFO eu.europa.esig.dss.spi.x509.TokenIssuerSelector - The issuer subject name and subject name does not match (more details in debug mode).
11:39:10.793 [pool-7-thread-86] INFO eu.europa.esig.dss.spi.x509.TokenIssuerSelector - CERT ISSUER    : c=lu,ou=pki-test,o=nowina solutions,cn=external-ca
11:39:10.793 [pool-7-thread-86] INFO eu.europa.esig.dss.spi.x509.TokenIssuerSelector - ISSUER SUBJECT : c=lu,ou=pki-test,o=nowina solutions,cn=external-ca-alternative
11:39:10.793 [pool-7-thread-86] INFO eu.europa.esig.dss.spi.x509.TokenIssuerSelector - The issuer subject name and subject name does not match (more details in debug mode).
11:39:10.793 [pool-7-thread-86] INFO eu.europa.esig.dss.spi.x509.TokenIssuerSelector - CERT ISSUER    : c=lu,ou=pki-test,o=nowina solutions,cn=external-ca
11:39:10.793 [pool-7-thread-86] INFO eu.europa.esig.dss.spi.x509.TokenIssuerSelector - ISSUER SUBJECT : c=lu,ou=pki-test,o=nowina solutions,cn=external-ca-alternative
11:39:10.796 [pool-7-thread-41] INFO eu.europa.esig.dss.spi.x509.TokenIssuerSelector - The issuer subject name and subject name does not match (more details in debug mode).
11:39:10.796 [pool-7-thread-41] INFO eu.europa.esig.dss.spi.x509.TokenIssuerSelector - CERT ISSUER    : c=lu,ou=pki-test,o=nowina solutions,cn=external-ca
11:39:10.796 [pool-7-thread-41] INFO eu.europa.esig.dss.spi.x509.TokenIssuerSelector - ISSUER SUBJECT : c=lu,ou=pki-test,o=nowina solutions,cn=external-ca-alternative
11:39:10.796 [pool-7-thread-69] WARN eu.europa.esig.dss.spi.x509.TokenIssuerSelector - No issuer found for the token creation date. The process continues with an issuer which has the same public key.
11:39:10.796 [pool-7-thread-41] INFO eu.europa.esig.dss.spi.x509.TokenIssuerSelector - The issuer subject name and subject name does not match (more details in debug mode).
11:39:10.796 [pool-7-thread-41] INFO eu.europa.esig.dss.spi.x509.TokenIssuerSelector - CERT ISSUER    : c=lu,ou=pki-test,o=nowina solutions,cn=external-ca
11:39:10.796 [pool-7-thread-41] INFO eu.europa.esig.dss.spi.x509.TokenIssuerSelector - ISSUER SUBJECT : c=lu,ou=pki-test,o=nowina solutions,cn=external-ca-alternative
11:39:10.796 [pool-7-thread-41] INFO eu.europa.esig.dss.spi.x509.TokenIssuerSelector - The issuer subject name and subject name does not match (more details in debug mode).
11:39:10.796 [pool-7-thread-41] INFO eu.europa.esig.dss.spi.x509.TokenIssuerSelector - CERT ISSUER    : c=lu,ou=pki-test,o=nowina solutions,cn=external-ca
11:39:10.796 [pool-7-thread-41] INFO eu.europa.esig.dss.spi.x509.TokenIssuerSelector - ISSUER SUBJECT : c=lu,ou=pki-test,o=nowina solutions,cn=external-ca-alternative
11:39:10.797 [pool-7-thread-69] WARN eu.europa.esig.dss.spi.x509.TokenIssuerSelector - No issuer found for the token creation date. The process continues with an issuer which has the same public key.
11:39:10.799 [pool-7-thread-69] INFO eu.europa.esig.dss.spi.x509.TokenIssuerSelector - The issuer subject name and subject name does not match (more details in debug mode).
11:39:10.799 [pool-7-thread-69] INFO eu.europa.esig.dss.spi.x509.TokenIssuerSelector - CERT ISSUER    : c=lu,ou=pki-test,o=nowina solutions,cn=external-ca
11:39:10.799 [pool-7-thread-41] WARN eu.europa.esig.dss.spi.x509.TokenIssuerSelector - No issuer found for the token creation date. The process continues with an issuer which has the same public key.
11:39:10.799 [pool-7-thread-69] INFO eu.europa.esig.dss.spi.x509.TokenIssuerSelector - ISSUER SUBJECT : c=lu,ou=pki-test,o=nowina solutions,cn=external-ca-alternative
11:39:10.799 [pool-7-thread-69] INFO eu.europa.esig.dss.spi.x509.TokenIssuerSelector - The issuer subject name and subject name does not match (more details in debug mode).
11:39:10.799 [pool-7-thread-69] INFO eu.europa.esig.dss.spi.x509.TokenIssuerSelector - CERT ISSUER    : c=lu,ou=pki-test,o=nowina solutions,cn=external-ca
11:39:10.799 [pool-7-thread-69] INFO eu.europa.esig.dss.spi.x509.TokenIssuerSelector - ISSUER SUBJECT : c=lu,ou=pki-test,o=nowina solutions,cn=external-ca-alternative
11:39:10.799 [pool-7-thread-69] INFO eu.europa.esig.dss.spi.x509.TokenIssuerSelector - The issuer subject name and subject name does not match (more details in debug mode).
11:39:10.799 [pool-7-thread-69] INFO eu.europa.esig.dss.spi.x509.TokenIssuerSelector - CERT ISSUER    : c=lu,ou=pki-test,o=nowina solutions,cn=external-ca
11:39:10.799 [pool-7-thread-69] INFO eu.europa.esig.dss.spi.x509.TokenIssuerSelector - ISSUER SUBJECT : c=lu,ou=pki-test,o=nowina solutions,cn=external-ca-alternative
11:39:10.800 [pool-7-thread-41] WARN eu.europa.esig.dss.spi.x509.TokenIssuerSelector - No issuer found for the token creation date. The process continues with an issuer which has the same public key.
11:39:10.802 [pool-7-thread-41] INFO eu.europa.esig.dss.spi.x509.TokenIssuerSelector - The issuer subject name and subject name does not match (more details in debug mode).
11:39:10.803 [pool-7-thread-41] INFO eu.europa.esig.dss.spi.x509.TokenIssuerSelector - CERT ISSUER    : c=lu,ou=pki-test,o=nowina solutions,cn=external-ca
11:39:10.803 [pool-7-thread-41] INFO eu.europa.esig.dss.spi.x509.TokenIssuerSelector - ISSUER SUBJECT : c=lu,ou=pki-test,o=nowina solutions,cn=external-ca-alternative
11:39:10.803 [pool-7-thread-41] INFO eu.europa.esig.dss.spi.x509.TokenIssuerSelector - The issuer subject name and subject name does not match (more details in debug mode).
11:39:10.803 [pool-7-thread-41] INFO eu.europa.esig.dss.spi.x509.TokenIssuerSelector - CERT ISSUER    : c=lu,ou=pki-test,o=nowina solutions,cn=external-ca
11:39:10.803 [pool-7-thread-41] INFO eu.europa.esig.dss.spi.x509.TokenIssuerSelector - ISSUER SUBJECT : c=lu,ou=pki-test,o=nowina solutions,cn=external-ca-alternative
11:39:10.803 [pool-7-thread-41] INFO eu.europa.esig.dss.spi.x509.TokenIssuerSelector - The issuer subject name and subject name does not match (more details in debug mode).
11:39:10.803 [pool-7-thread-41] INFO eu.europa.esig.dss.spi.x509.TokenIssuerSelector - CERT ISSUER    : c=lu,ou=pki-test,o=nowina solutions,cn=external-ca
11:39:10.803 [pool-7-thread-41] INFO eu.europa.esig.dss.spi.x509.TokenIssuerSelector - ISSUER SUBJECT : c=lu,ou=pki-test,o=nowina solutions,cn=external-ca-alternative
11:39:10.805 [pool-7-thread-69] WARN eu.europa.esig.dss.spi.x509.TokenIssuerSelector - No issuer found for the token creation date. The process continues with an issuer which has the same public key.
11:39:10.806 [pool-7-thread-77] WARN eu.europa.esig.dss.spi.x509.TokenIssuerSelector - No issuer found for the token creation date. The process continues with an issuer which has the same public key.
11:39:10.808 [pool-7-thread-32] INFO eu.europa.esig.dss.spi.x509.TokenIssuerSelector - The issuer subject name and subject name does not match (more details in debug mode).
11:39:10.808 [pool-7-thread-32] INFO eu.europa.esig.dss.spi.x509.TokenIssuerSelector - CERT ISSUER    : c=lu,ou=pki-test,o=nowina solutions,cn=external-ca
11:39:10.808 [pool-7-thread-32] INFO eu.europa.esig.dss.spi.x509.TokenIssuerSelector - ISSUER SUBJECT : c=lu,ou=pki-test,o=nowina solutions,cn=external-ca-alternative
11:39:10.808 [pool-7-thread-32] INFO eu.europa.esig.dss.spi.x509.TokenIssuerSelector - The issuer subject name and subject name does not match (more details in debug mode).
11:39:10.808 [pool-7-thread-32] INFO eu.europa.esig.dss.spi.x509.TokenIssuerSelector - CERT ISSUER    : c=lu,ou=pki-test,o=nowina solutions,cn=external-ca
11:39:10.808 [pool-7-thread-32] INFO eu.europa.esig.dss.spi.x509.TokenIssuerSelector - ISSUER SUBJECT : c=lu,ou=pki-test,o=nowina solutions,cn=external-ca-alternative
11:39:10.808 [pool-7-thread-32] INFO eu.europa.esig.dss.spi.x509.TokenIssuerSelector - The issuer subject name and subject name does not match (more details in debug mode).
11:39:10.808 [pool-7-thread-32] INFO eu.europa.esig.dss.spi.x509.TokenIssuerSelector - CERT ISSUER    : c=lu,ou=pki-test,o=nowina solutions,cn=external-ca
11:39:10.809 [pool-7-thread-32] INFO eu.europa.esig.dss.spi.x509.TokenIssuerSelector - ISSUER SUBJECT : c=lu,ou=pki-test,o=nowina solutions,cn=external-ca-alternative
11:39:10.811 [pool-7-thread-65] INFO eu.europa.esig.dss.spi.x509.TokenIssuerSelector - The issuer subject name and subject name does not match (more details in debug mode).
11:39:10.811 [pool-7-thread-65] INFO eu.europa.esig.dss.spi.x509.TokenIssuerSelector - CERT ISSUER    : c=lu,ou=pki-test,o=nowina solutions,cn=external-ca
11:39:10.811 [pool-7-thread-65] INFO eu.europa.esig.dss.spi.x509.TokenIssuerSelector - ISSUER SUBJECT : c=lu,ou=pki-test,o=nowina solutions,cn=external-ca-alternative
11:39:10.811 [pool-7-thread-65] INFO eu.europa.esig.dss.spi.x509.TokenIssuerSelector - The issuer subject name and subject name does not match (more details in debug mode).
11:39:10.811 [pool-7-thread-65] INFO eu.europa.esig.dss.spi.x509.TokenIssuerSelector - CERT ISSUER    : c=lu,ou=pki-test,o=nowina solutions,cn=external-ca
11:39:10.811 [pool-7-thread-65] INFO eu.europa.esig.dss.spi.x509.TokenIssuerSelector - ISSUER SUBJECT : c=lu,ou=pki-test,o=nowina solutions,cn=external-ca-alternative
11:39:10.812 [pool-7-thread-65] INFO eu.europa.esig.dss.spi.x509.TokenIssuerSelector - The issuer subject name and subject name does not match (more details in debug mode).
11:39:10.812 [pool-7-thread-65] INFO eu.europa.esig.dss.spi.x509.TokenIssuerSelector - CERT ISSUER    : c=lu,ou=pki-test,o=nowina solutions,cn=external-ca
11:39:10.812 [pool-7-thread-65] INFO eu.europa.esig.dss.spi.x509.TokenIssuerSelector - ISSUER SUBJECT : c=lu,ou=pki-test,o=nowina solutions,cn=external-ca-alternative
11:39:10.812 [pool-7-thread-74] WARN eu.europa.esig.dss.spi.x509.TokenIssuerSelector - No issuer found for the token creation date. The process continues with an issuer which has the same public key.
11:39:10.814 [pool-7-thread-70] WARN eu.europa.esig.dss.spi.x509.TokenIssuerSelector - No issuer found for the token creation date. The process continues with an issuer which has the same public key.
11:39:10.814 [pool-7-thread-87] INFO eu.europa.esig.dss.spi.x509.TokenIssuerSelector - The issuer subject name and subject name does not match (more details in debug mode).
11:39:10.814 [pool-7-thread-87] INFO eu.europa.esig.dss.spi.x509.TokenIssuerSelector - CERT ISSUER    : c=lu,ou=pki-test,o=nowina solutions,cn=external-ca
11:39:10.814 [pool-7-thread-87] INFO eu.europa.esig.dss.spi.x509.TokenIssuerSelector - ISSUER SUBJECT : c=lu,ou=pki-test,o=nowina solutions,cn=external-ca-alternative
11:39:10.814 [pool-7-thread-87] INFO eu.europa.esig.dss.spi.x509.TokenIssuerSelector - The issuer subject name and subject name does not match (more details in debug mode).
11:39:10.814 [pool-7-thread-87] INFO eu.europa.esig.dss.spi.x509.TokenIssuerSelector - CERT ISSUER    : c=lu,ou=pki-test,o=nowina solutions,cn=external-ca
11:39:10.814 [pool-7-thread-87] INFO eu.europa.esig.dss.spi.x509.TokenIssuerSelector - ISSUER SUBJECT : c=lu,ou=pki-test,o=nowina solutions,cn=external-ca-alternative
11:39:10.814 [pool-7-thread-87] INFO eu.europa.esig.dss.spi.x509.TokenIssuerSelector - The issuer subject name and subject name does not match (more details in debug mode).
11:39:10.814 [pool-7-thread-87] INFO eu.europa.esig.dss.spi.x509.TokenIssuerSelector - CERT ISSUER    : c=lu,ou=pki-test,o=nowina solutions,cn=external-ca
11:39:10.814 [pool-7-thread-87] INFO eu.europa.esig.dss.spi.x509.TokenIssuerSelector - ISSUER SUBJECT : c=lu,ou=pki-test,o=nowina solutions,cn=external-ca-alternative
11:39:10.814 [pool-7-thread-70] WARN eu.europa.esig.dss.spi.x509.TokenIssuerSelector - No issuer found for the token creation date. The process continues with an issuer which has the same public key.
11:39:10.816 [pool-7-thread-20] WARN eu.europa.esig.dss.spi.x509.TokenIssuerSelector - No issuer found for the token creation date. The process continues with an issuer which has the same public key.
11:39:10.817 [pool-7-thread-87] WARN eu.europa.esig.dss.spi.x509.TokenIssuerSelector - No issuer found for the token creation date. The process continues with an issuer which has the same public key.
11:39:10.819 [pool-7-thread-87] WARN eu.europa.esig.dss.spi.x509.TokenIssuerSelector - No issuer found for the token creation date. The process continues with an issuer which has the same public key.
11:39:10.819 [pool-7-thread-70] INFO eu.europa.esig.dss.spi.x509.TokenIssuerSelector - The issuer subject name and subject name does not match (more details in debug mode).
11:39:10.819 [pool-7-thread-70] INFO eu.europa.esig.dss.spi.x509.TokenIssuerSelector - CERT ISSUER    : c=lu,ou=pki-test,o=nowina solutions,cn=external-ca
11:39:10.819 [pool-7-thread-70] INFO eu.europa.esig.dss.spi.x509.TokenIssuerSelector - ISSUER SUBJECT : c=lu,ou=pki-test,o=nowina solutions,cn=external-ca-alternative
11:39:10.819 [pool-7-thread-70] INFO eu.europa.esig.dss.spi.x509.TokenIssuerSelector - The issuer subject name and subject name does not match (more details in debug mode).
11:39:10.819 [pool-7-thread-70] INFO eu.europa.esig.dss.spi.x509.TokenIssuerSelector - CERT ISSUER    : c=lu,ou=pki-test,o=nowina solutions,cn=external-ca
11:39:10.819 [pool-7-thread-70] INFO eu.europa.esig.dss.spi.x509.TokenIssuerSelector - ISSUER SUBJECT : c=lu,ou=pki-test,o=nowina solutions,cn=external-ca-alternative
11:39:10.819 [pool-7-thread-70] INFO eu.europa.esig.dss.spi.x509.TokenIssuerSelector - The issuer subject name and subject name does not match (more details in debug mode).
11:39:10.819 [pool-7-thread-70] INFO eu.europa.esig.dss.spi.x509.TokenIssuerSelector - CERT ISSUER    : c=lu,ou=pki-test,o=nowina solutions,cn=external-ca
11:39:10.819 [pool-7-thread-70] INFO eu.europa.esig.dss.spi.x509.TokenIssuerSelector - ISSUER SUBJECT : c=lu,ou=pki-test,o=nowina solutions,cn=external-ca-alternative
11:39:10.820 [pool-7-thread-87] INFO eu.europa.esig.dss.spi.x509.TokenIssuerSelector - The issuer subject name and subject name does not match (more details in debug mode).
11:39:10.821 [pool-7-thread-87] INFO eu.europa.esig.dss.spi.x509.TokenIssuerSelector - CERT ISSUER    : c=lu,ou=pki-test,o=nowina solutions,cn=external-ca
11:39:10.821 [pool-7-thread-87] INFO eu.europa.esig.dss.spi.x509.TokenIssuerSelector - ISSUER SUBJECT : c=lu,ou=pki-test,o=nowina solutions,cn=external-ca-alternative
11:39:10.821 [pool-7-thread-87] INFO eu.europa.esig.dss.spi.x509.TokenIssuerSelector - The issuer subject name and subject name does not match (more details in debug mode).
11:39:10.821 [pool-7-thread-87] INFO eu.europa.esig.dss.spi.x509.TokenIssuerSelector - CERT ISSUER    : c=lu,ou=pki-test,o=nowina solutions,cn=external-ca
11:39:10.821 [pool-7-thread-87] INFO eu.europa.esig.dss.spi.x509.TokenIssuerSelector - ISSUER SUBJECT : c=lu,ou=pki-test,o=nowina solutions,cn=external-ca-alternative
11:39:10.821 [pool-7-thread-87] INFO eu.europa.esig.dss.spi.x509.TokenIssuerSelector - The issuer subject name and subject name does not match (more details in debug mode).
11:39:10.821 [pool-7-thread-87] INFO eu.europa.esig.dss.spi.x509.TokenIssuerSelector - CERT ISSUER    : c=lu,ou=pki-test,o=nowina solutions,cn=external-ca
11:39:10.821 [pool-7-thread-87] INFO eu.europa.esig.dss.spi.x509.TokenIssuerSelector - ISSUER SUBJECT : c=lu,ou=pki-test,o=nowina solutions,cn=external-ca-alternative
11:39:10.823 [pool-7-thread-38] WARN eu.europa.esig.dss.spi.x509.TokenIssuerSelector - No issuer found for the token creation date. The process continues with an issuer which has the same public key.
11:39:10.825 [pool-7-thread-16] WARN eu.europa.esig.dss.spi.x509.TokenIssuerSelector - No issuer found for the token creation date. The process continues with an issuer which has the same public key.
11:39:10.825 [pool-7-thread-43] INFO eu.europa.esig.dss.spi.x509.TokenIssuerSelector - The issuer subject name and subject name does not match (more details in debug mode).
11:39:10.825 [pool-7-thread-43] INFO eu.europa.esig.dss.spi.x509.TokenIssuerSelector - CERT ISSUER    : c=lu,ou=pki-test,o=nowina solutions,cn=external-ca
11:39:10.825 [pool-7-thread-43] INFO eu.europa.esig.dss.spi.x509.TokenIssuerSelector - ISSUER SUBJECT : c=lu,ou=pki-test,o=nowina solutions,cn=external-ca-alternative
11:39:10.825 [pool-7-thread-43] INFO eu.europa.esig.dss.spi.x509.TokenIssuerSelector - The issuer subject name and subject name does not match (more details in debug mode).
11:39:10.825 [pool-7-thread-43] INFO eu.europa.esig.dss.spi.x509.TokenIssuerSelector - CERT ISSUER    : c=lu,ou=pki-test,o=nowina solutions,cn=external-ca
11:39:10.825 [pool-7-thread-43] INFO eu.europa.esig.dss.spi.x509.TokenIssuerSelector - ISSUER SUBJECT : c=lu,ou=pki-test,o=nowina solutions,cn=external-ca-alternative
11:39:10.825 [pool-7-thread-43] INFO eu.europa.esig.dss.spi.x509.TokenIssuerSelector - The issuer subject name and subject name does not match (more details in debug mode).
11:39:10.825 [pool-7-thread-43] INFO eu.europa.esig.dss.spi.x509.TokenIssuerSelector - CERT ISSUER    : c=lu,ou=pki-test,o=nowina solutions,cn=external-ca
11:39:10.825 [pool-7-thread-43] INFO eu.europa.esig.dss.spi.x509.TokenIssuerSelector - ISSUER SUBJECT : c=lu,ou=pki-test,o=nowina solutions,cn=external-ca-alternative
11:39:10.825 [pool-7-thread-16] INFO eu.europa.esig.dss.spi.x509.TokenIssuerSelector - The issuer subject name and subject name does not match (more details in debug mode).
11:39:10.825 [pool-7-thread-16] INFO eu.europa.esig.dss.spi.x509.TokenIssuerSelector - CERT ISSUER    : c=lu,ou=pki-test,o=nowina solutions,cn=external-ca
11:39:10.825 [pool-7-thread-16] INFO eu.europa.esig.dss.spi.x509.TokenIssuerSelector - ISSUER SUBJECT : c=lu,ou=pki-test,o=nowina solutions,cn=external-ca-alternative
11:39:10.825 [pool-7-thread-16] INFO eu.europa.esig.dss.spi.x509.TokenIssuerSelector - The issuer subject name and subject name does not match (more details in debug mode).
11:39:10.825 [pool-7-thread-16] INFO eu.europa.esig.dss.spi.x509.TokenIssuerSelector - CERT ISSUER    : c=lu,ou=pki-test,o=nowina solutions,cn=external-ca
11:39:10.825 [pool-7-thread-16] INFO eu.europa.esig.dss.spi.x509.TokenIssuerSelector - ISSUER SUBJECT : c=lu,ou=pki-test,o=nowina solutions,cn=external-ca-alternative
11:39:10.825 [pool-7-thread-16] INFO eu.europa.esig.dss.spi.x509.TokenIssuerSelector - The issuer subject name and subject name does not match (more details in debug mode).
11:39:10.825 [pool-7-thread-16] INFO eu.europa.esig.dss.spi.x509.TokenIssuerSelector - CERT ISSUER    : c=lu,ou=pki-test,o=nowina solutions,cn=external-ca
11:39:10.825 [pool-7-thread-16] INFO eu.europa.esig.dss.spi.x509.TokenIssuerSelector - ISSUER SUBJECT : c=lu,ou=pki-test,o=nowina solutions,cn=external-ca-alternative
11:39:10.825 [pool-7-thread-42] WARN eu.europa.esig.dss.spi.x509.TokenIssuerSelector - No issuer found for the token creation date. The process continues with an issuer which has the same public key.
11:39:10.830 [pool-7-thread-78] WARN eu.europa.esig.dss.spi.x509.TokenIssuerSelector - No issuer found for the token creation date. The process continues with an issuer which has the same public key.
11:39:10.831 [pool-7-thread-78] WARN eu.europa.esig.dss.spi.x509.TokenIssuerSelector - No issuer found for the token creation date. The process continues with an issuer which has the same public key.
11:39:10.833 [pool-7-thread-2] WARN eu.europa.esig.dss.spi.x509.TokenIssuerSelector - No issuer found for the token creation date. The process continues with an issuer which has the same public key.
11:39:10.834 [pool-7-thread-78] INFO eu.europa.esig.dss.spi.x509.TokenIssuerSelector - The issuer subject name and subject name does not match (more details in debug mode).
11:39:10.835 [pool-7-thread-78] INFO eu.europa.esig.dss.spi.x509.TokenIssuerSelector - CERT ISSUER    : c=lu,ou=pki-test,o=nowina solutions,cn=external-ca
11:39:10.835 [pool-7-thread-78] INFO eu.europa.esig.dss.spi.x509.TokenIssuerSelector - ISSUER SUBJECT : c=lu,ou=pki-test,o=nowina solutions,cn=external-ca-alternative
11:39:10.835 [pool-7-thread-78] INFO eu.europa.esig.dss.spi.x509.TokenIssuerSelector - The issuer subject name and subject name does not match (more details in debug mode).
11:39:10.835 [pool-7-thread-78] INFO eu.europa.esig.dss.spi.x509.TokenIssuerSelector - CERT ISSUER    : c=lu,ou=pki-test,o=nowina solutions,cn=external-ca
11:39:10.835 [pool-7-thread-78] INFO eu.europa.esig.dss.spi.x509.TokenIssuerSelector - ISSUER SUBJECT : c=lu,ou=pki-test,o=nowina solutions,cn=external-ca-alternative
11:39:10.835 [pool-7-thread-78] INFO eu.europa.esig.dss.spi.x509.TokenIssuerSelector - The issuer subject name and subject name does not match (more details in debug mode).
11:39:10.835 [pool-7-thread-78] INFO eu.europa.esig.dss.spi.x509.TokenIssuerSelector - CERT ISSUER    : c=lu,ou=pki-test,o=nowina solutions,cn=external-ca
11:39:10.835 [pool-7-thread-78] INFO eu.europa.esig.dss.spi.x509.TokenIssuerSelector - ISSUER SUBJECT : c=lu,ou=pki-test,o=nowina solutions,cn=external-ca-alternative
11:39:10.836 [pool-7-thread-66] WARN eu.europa.esig.dss.spi.x509.TokenIssuerSelector - No issuer found for the token creation date. The process continues with an issuer which has the same public key.
11:39:10.837 [pool-7-thread-66] WARN eu.europa.esig.dss.spi.x509.TokenIssuerSelector - No issuer found for the token creation date. The process continues with an issuer which has the same public key.
11:39:10.838 [pool-7-thread-2] INFO eu.europa.esig.dss.spi.x509.TokenIssuerSelector - The issuer subject name and subject name does not match (more details in debug mode).
11:39:10.838 [pool-7-thread-2] INFO eu.europa.esig.dss.spi.x509.TokenIssuerSelector - CERT ISSUER    : c=lu,ou=pki-test,o=nowina solutions,cn=external-ca
11:39:10.838 [pool-7-thread-2] INFO eu.europa.esig.dss.spi.x509.TokenIssuerSelector - ISSUER SUBJECT : c=lu,ou=pki-test,o=nowina solutions,cn=external-ca-alternative
11:39:10.838 [pool-7-thread-2] INFO eu.europa.esig.dss.spi.x509.TokenIssuerSelector - The issuer subject name and subject name does not match (more details in debug mode).
11:39:10.838 [pool-7-thread-2] INFO eu.europa.esig.dss.spi.x509.TokenIssuerSelector - CERT ISSUER    : c=lu,ou=pki-test,o=nowina solutions,cn=external-ca
11:39:10.838 [pool-7-thread-2] INFO eu.europa.esig.dss.spi.x509.TokenIssuerSelector - ISSUER SUBJECT : c=lu,ou=pki-test,o=nowina solutions,cn=external-ca-alternative
11:39:10.838 [pool-7-thread-2] INFO eu.europa.esig.dss.spi.x509.TokenIssuerSelector - The issuer subject name and subject name does not match (more details in debug mode).
11:39:10.838 [pool-7-thread-2] INFO eu.europa.esig.dss.spi.x509.TokenIssuerSelector - CERT ISSUER    : c=lu,ou=pki-test,o=nowina solutions,cn=external-ca
11:39:10.838 [pool-7-thread-2] INFO eu.europa.esig.dss.spi.x509.TokenIssuerSelector - ISSUER SUBJECT : c=lu,ou=pki-test,o=nowina solutions,cn=external-ca-alternative
11:39:10.839 [pool-7-thread-66] INFO eu.europa.esig.dss.spi.x509.TokenIssuerSelector - The issuer subject name and subject name does not match (more details in debug mode).
11:39:10.839 [pool-7-thread-66] INFO eu.europa.esig.dss.spi.x509.TokenIssuerSelector - CERT ISSUER    : c=lu,ou=pki-test,o=nowina solutions,cn=external-ca
11:39:10.839 [pool-7-thread-66] INFO eu.europa.esig.dss.spi.x509.TokenIssuerSelector - ISSUER SUBJECT : c=lu,ou=pki-test,o=nowina solutions,cn=external-ca-alternative
11:39:10.839 [pool-7-thread-66] INFO eu.europa.esig.dss.spi.x509.TokenIssuerSelector - The issuer subject name and subject name does not match (more details in debug mode).
11:39:10.839 [pool-7-thread-66] INFO eu.europa.esig.dss.spi.x509.TokenIssuerSelector - CERT ISSUER    : c=lu,ou=pki-test,o=nowina solutions,cn=external-ca
11:39:10.839 [pool-7-thread-66] INFO eu.europa.esig.dss.spi.x509.TokenIssuerSelector - ISSUER SUBJECT : c=lu,ou=pki-test,o=nowina solutions,cn=external-ca-alternative
11:39:10.839 [pool-7-thread-66] INFO eu.europa.esig.dss.spi.x509.TokenIssuerSelector - The issuer subject name and subject name does not match (more details in debug mode).
11:39:10.839 [pool-7-thread-66] INFO eu.europa.esig.dss.spi.x509.TokenIssuerSelector - CERT ISSUER    : c=lu,ou=pki-test,o=nowina solutions,cn=external-ca
11:39:10.839 [pool-7-thread-66] INFO eu.europa.esig.dss.spi.x509.TokenIssuerSelector - ISSUER SUBJECT : c=lu,ou=pki-test,o=nowina solutions,cn=external-ca-alternative
11:39:10.841 [pool-7-thread-62] WARN eu.europa.esig.dss.spi.x509.TokenIssuerSelector - No issuer found for the token creation date. The process continues with an issuer which has the same public key.
11:39:10.841 [pool-7-thread-62] WARN eu.europa.esig.dss.spi.x509.TokenIssuerSelector - No issuer found for the token creation date. The process continues with an issuer which has the same public key.
11:39:10.846 [pool-7-thread-62] INFO eu.europa.esig.dss.spi.x509.TokenIssuerSelector - The issuer subject name and subject name does not match (more details in debug mode).
11:39:10.846 [pool-7-thread-62] INFO eu.europa.esig.dss.spi.x509.TokenIssuerSelector - CERT ISSUER    : c=lu,ou=pki-test,o=nowina solutions,cn=external-ca
11:39:10.846 [pool-7-thread-62] INFO eu.europa.esig.dss.spi.x509.TokenIssuerSelector - ISSUER SUBJECT : c=lu,ou=pki-test,o=nowina solutions,cn=external-ca-alternative
11:39:10.846 [pool-7-thread-9] WARN eu.europa.esig.dss.spi.x509.TokenIssuerSelector - No issuer found for the token creation date. The process continues with an issuer which has the same public key.
11:39:10.846 [pool-7-thread-62] INFO eu.europa.esig.dss.spi.x509.TokenIssuerSelector - The issuer subject name and subject name does not match (more details in debug mode).
11:39:10.846 [pool-7-thread-62] INFO eu.europa.esig.dss.spi.x509.TokenIssuerSelector - CERT ISSUER    : c=lu,ou=pki-test,o=nowina solutions,cn=external-ca
11:39:10.846 [pool-7-thread-62] INFO eu.europa.esig.dss.spi.x509.TokenIssuerSelector - ISSUER SUBJECT : c=lu,ou=pki-test,o=nowina solutions,cn=external-ca-alternative
11:39:10.846 [pool-7-thread-62] INFO eu.europa.esig.dss.spi.x509.TokenIssuerSelector - The issuer subject name and subject name does not match (more details in debug mode).
11:39:10.846 [pool-7-thread-62] INFO eu.europa.esig.dss.spi.x509.TokenIssuerSelector - CERT ISSUER    : c=lu,ou=pki-test,o=nowina solutions,cn=external-ca
11:39:10.846 [pool-7-thread-62] INFO eu.europa.esig.dss.spi.x509.TokenIssuerSelector - ISSUER SUBJECT : c=lu,ou=pki-test,o=nowina solutions,cn=external-ca-alternative
11:39:10.848 [pool-7-thread-9] INFO eu.europa.esig.dss.spi.x509.TokenIssuerSelector - The issuer subject name and subject name does not match (more details in debug mode).
11:39:10.849 [pool-7-thread-9] INFO eu.europa.esig.dss.spi.x509.TokenIssuerSelector - CERT ISSUER    : c=lu,ou=pki-test,o=nowina solutions,cn=external-ca
11:39:10.849 [pool-7-thread-9] INFO eu.europa.esig.dss.spi.x509.TokenIssuerSelector - ISSUER SUBJECT : c=lu,ou=pki-test,o=nowina solutions,cn=external-ca-alternative
11:39:10.849 [pool-7-thread-9] INFO eu.europa.esig.dss.spi.x509.TokenIssuerSelector - The issuer subject name and subject name does not match (more details in debug mode).
11:39:10.849 [pool-7-thread-9] INFO eu.europa.esig.dss.spi.x509.TokenIssuerSelector - CERT ISSUER    : c=lu,ou=pki-test,o=nowina solutions,cn=external-ca
11:39:10.849 [pool-7-thread-9] INFO eu.europa.esig.dss.spi.x509.TokenIssuerSelector - ISSUER SUBJECT : c=lu,ou=pki-test,o=nowina solutions,cn=external-ca-alternative
11:39:10.849 [pool-7-thread-9] INFO eu.europa.esig.dss.spi.x509.TokenIssuerSelector - The issuer subject name and subject name does not match (more details in debug mode).
11:39:10.849 [pool-7-thread-9] INFO eu.europa.esig.dss.spi.x509.TokenIssuerSelector - CERT ISSUER    : c=lu,ou=pki-test,o=nowina solutions,cn=external-ca
11:39:10.849 [pool-7-thread-9] INFO eu.europa.esig.dss.spi.x509.TokenIssuerSelector - ISSUER SUBJECT : c=lu,ou=pki-test,o=nowina solutions,cn=external-ca-alternative
11:39:10.849 [pool-7-thread-60] WARN eu.europa.esig.dss.spi.x509.TokenIssuerSelector - No issuer found for the token creation date. The process continues with an issuer which has the same public key.
11:39:10.849 [pool-7-thread-19] INFO eu.europa.esig.dss.spi.x509.TokenIssuerSelector - The issuer subject name and subject name does not match (more details in debug mode).
11:39:10.849 [pool-7-thread-19] INFO eu.europa.esig.dss.spi.x509.TokenIssuerSelector - CERT ISSUER    : c=lu,ou=pki-test,o=nowina solutions,cn=external-ca
11:39:10.849 [pool-7-thread-19] INFO eu.europa.esig.dss.spi.x509.TokenIssuerSelector - ISSUER SUBJECT : c=lu,ou=pki-test,o=nowina solutions,cn=external-ca-alternative
11:39:10.849 [pool-7-thread-19] INFO eu.europa.esig.dss.spi.x509.TokenIssuerSelector - The issuer subject name and subject name does not match (more details in debug mode).
11:39:10.849 [pool-7-thread-19] INFO eu.europa.esig.dss.spi.x509.TokenIssuerSelector - CERT ISSUER    : c=lu,ou=pki-test,o=nowina solutions,cn=external-ca
11:39:10.849 [pool-7-thread-19] INFO eu.europa.esig.dss.spi.x509.TokenIssuerSelector - ISSUER SUBJECT : c=lu,ou=pki-test,o=nowina solutions,cn=external-ca-alternative
11:39:10.849 [pool-7-thread-19] INFO eu.europa.esig.dss.spi.x509.TokenIssuerSelector - The issuer subject name and subject name does not match (more details in debug mode).
11:39:10.849 [pool-7-thread-19] INFO eu.europa.esig.dss.spi.x509.TokenIssuerSelector - CERT ISSUER    : c=lu,ou=pki-test,o=nowina solutions,cn=external-ca
11:39:10.849 [pool-7-thread-19] INFO eu.europa.esig.dss.spi.x509.TokenIssuerSelector - ISSUER SUBJECT : c=lu,ou=pki-test,o=nowina solutions,cn=external-ca-alternative
11:39:10.850 [pool-7-thread-60] INFO eu.europa.esig.dss.spi.x509.TokenIssuerSelector - The issuer subject name and subject name does not match (more details in debug mode).
11:39:10.850 [pool-7-thread-60] INFO eu.europa.esig.dss.spi.x509.TokenIssuerSelector - CERT ISSUER    : c=lu,ou=pki-test,o=nowina solutions,cn=external-ca
11:39:10.850 [pool-7-thread-60] INFO eu.europa.esig.dss.spi.x509.TokenIssuerSelector - ISSUER SUBJECT : c=lu,ou=pki-test,o=nowina solutions,cn=external-ca-alternative
11:39:10.851 [pool-7-thread-60] INFO eu.europa.esig.dss.spi.x509.TokenIssuerSelector - The issuer subject name and subject name does not match (more details in debug mode).
11:39:10.851 [pool-7-thread-60] INFO eu.europa.esig.dss.spi.x509.TokenIssuerSelector - CERT ISSUER    : c=lu,ou=pki-test,o=nowina solutions,cn=external-ca
11:39:10.851 [pool-7-thread-60] INFO eu.europa.esig.dss.spi.x509.TokenIssuerSelector - ISSUER SUBJECT : c=lu,ou=pki-test,o=nowina solutions,cn=external-ca-alternative
11:39:10.851 [pool-7-thread-60] INFO eu.europa.esig.dss.spi.x509.TokenIssuerSelector - The issuer subject name and subject name does not match (more details in debug mode).
11:39:10.851 [pool-7-thread-60] INFO eu.europa.esig.dss.spi.x509.TokenIssuerSelector - CERT ISSUER    : c=lu,ou=pki-test,o=nowina solutions,cn=external-ca
11:39:10.851 [pool-7-thread-60] INFO eu.europa.esig.dss.spi.x509.TokenIssuerSelector - ISSUER SUBJECT : c=lu,ou=pki-test,o=nowina solutions,cn=external-ca-alternative
11:39:10.852 [pool-7-thread-9] WARN eu.europa.esig.dss.spi.x509.TokenIssuerSelector - No issuer found for the token creation date. The process continues with an issuer which has the same public key.
11:39:10.852 [pool-7-thread-37] WARN eu.europa.esig.dss.spi.x509.TokenIssuerSelector - No issuer found for the token creation date. The process continues with an issuer which has the same public key.
11:39:10.854 [pool-7-thread-19] WARN eu.europa.esig.dss.spi.x509.TokenIssuerSelector - No issuer found for the token creation date. The process continues with an issuer which has the same public key.
11:39:10.854 [pool-7-thread-54] WARN eu.europa.esig.dss.spi.x509.TokenIssuerSelector - No issuer found for the token creation date. The process continues with an issuer which has the same public key.
11:39:10.856 [pool-7-thread-7] INFO eu.europa.esig.dss.spi.x509.TokenIssuerSelector - The issuer subject name and subject name does not match (more details in debug mode).
11:39:10.856 [pool-7-thread-7] INFO eu.europa.esig.dss.spi.x509.TokenIssuerSelector - CERT ISSUER    : c=lu,ou=pki-test,o=nowina solutions,cn=external-ca
11:39:10.856 [pool-7-thread-7] INFO eu.europa.esig.dss.spi.x509.TokenIssuerSelector - ISSUER SUBJECT : c=lu,ou=pki-test,o=nowina solutions,cn=external-ca-alternative
11:39:10.856 [pool-7-thread-7] INFO eu.europa.esig.dss.spi.x509.TokenIssuerSelector - The issuer subject name and subject name does not match (more details in debug mode).
11:39:10.856 [pool-7-thread-7] INFO eu.europa.esig.dss.spi.x509.TokenIssuerSelector - CERT ISSUER    : c=lu,ou=pki-test,o=nowina solutions,cn=external-ca
11:39:10.856 [pool-7-thread-7] INFO eu.europa.esig.dss.spi.x509.TokenIssuerSelector - ISSUER SUBJECT : c=lu,ou=pki-test,o=nowina solutions,cn=external-ca-alternative
11:39:10.856 [pool-7-thread-7] INFO eu.europa.esig.dss.spi.x509.TokenIssuerSelector - The issuer subject name and subject name does not match (more details in debug mode).
11:39:10.856 [pool-7-thread-7] INFO eu.europa.esig.dss.spi.x509.TokenIssuerSelector - CERT ISSUER    : c=lu,ou=pki-test,o=nowina solutions,cn=external-ca
11:39:10.856 [pool-7-thread-7] INFO eu.europa.esig.dss.spi.x509.TokenIssuerSelector - ISSUER SUBJECT : c=lu,ou=pki-test,o=nowina solutions,cn=external-ca-alternative
11:39:10.857 [pool-7-thread-50] INFO eu.europa.esig.dss.spi.x509.TokenIssuerSelector - The issuer subject name and subject name does not match (more details in debug mode).
11:39:10.857 [pool-7-thread-50] INFO eu.europa.esig.dss.spi.x509.TokenIssuerSelector - CERT ISSUER    : c=lu,ou=pki-test,o=nowina solutions,cn=external-ca
11:39:10.857 [pool-7-thread-50] INFO eu.europa.esig.dss.spi.x509.TokenIssuerSelector - ISSUER SUBJECT : c=lu,ou=pki-test,o=nowina solutions,cn=external-ca-alternative
11:39:10.857 [pool-7-thread-50] INFO eu.europa.esig.dss.spi.x509.TokenIssuerSelector - The issuer subject name and subject name does not match (more details in debug mode).
11:39:10.857 [pool-7-thread-50] INFO eu.europa.esig.dss.spi.x509.TokenIssuerSelector - CERT ISSUER    : c=lu,ou=pki-test,o=nowina solutions,cn=external-ca
11:39:10.857 [pool-7-thread-50] INFO eu.europa.esig.dss.spi.x509.TokenIssuerSelector - ISSUER SUBJECT : c=lu,ou=pki-test,o=nowina solutions,cn=external-ca-alternative
11:39:10.857 [pool-7-thread-50] INFO eu.europa.esig.dss.spi.x509.TokenIssuerSelector - The issuer subject name and subject name does not match (more details in debug mode).
11:39:10.857 [pool-7-thread-50] INFO eu.europa.esig.dss.spi.x509.TokenIssuerSelector - CERT ISSUER    : c=lu,ou=pki-test,o=nowina solutions,cn=external-ca
11:39:10.857 [pool-7-thread-50] INFO eu.europa.esig.dss.spi.x509.TokenIssuerSelector - ISSUER SUBJECT : c=lu,ou=pki-test,o=nowina solutions,cn=external-ca-alternative
11:39:10.858 [pool-7-thread-52] WARN eu.europa.esig.dss.spi.x509.TokenIssuerSelector - No issuer found for the token creation date. The process continues with an issuer which has the same public key.
11:39:10.860 [pool-7-thread-52] INFO eu.europa.esig.dss.spi.x509.TokenIssuerSelector - The issuer subject name and subject name does not match (more details in debug mode).
11:39:10.860 [pool-7-thread-52] INFO eu.europa.esig.dss.spi.x509.TokenIssuerSelector - CERT ISSUER    : c=lu,ou=pki-test,o=nowina solutions,cn=external-ca
11:39:10.860 [pool-7-thread-52] INFO eu.europa.esig.dss.spi.x509.TokenIssuerSelector - ISSUER SUBJECT : c=lu,ou=pki-test,o=nowina solutions,cn=external-ca-alternative
11:39:10.860 [pool-7-thread-23] WARN eu.europa.esig.dss.spi.x509.TokenIssuerSelector - No issuer found for the token creation date. The process continues with an issuer which has the same public key.
11:39:10.860 [pool-7-thread-52] INFO eu.europa.esig.dss.spi.x509.TokenIssuerSelector - The issuer subject name and subject name does not match (more details in debug mode).
11:39:10.860 [pool-7-thread-52] INFO eu.europa.esig.dss.spi.x509.TokenIssuerSelector - CERT ISSUER    : c=lu,ou=pki-test,o=nowina solutions,cn=external-ca
11:39:10.860 [pool-7-thread-52] INFO eu.europa.esig.dss.spi.x509.TokenIssuerSelector - ISSUER SUBJECT : c=lu,ou=pki-test,o=nowina solutions,cn=external-ca-alternative
11:39:10.860 [pool-7-thread-52] INFO eu.europa.esig.dss.spi.x509.TokenIssuerSelector - The issuer subject name and subject name does not match (more details in debug mode).
11:39:10.860 [pool-7-thread-52] INFO eu.europa.esig.dss.spi.x509.TokenIssuerSelector - CERT ISSUER    : c=lu,ou=pki-test,o=nowina solutions,cn=external-ca
11:39:10.860 [pool-7-thread-52] INFO eu.europa.esig.dss.spi.x509.TokenIssuerSelector - ISSUER SUBJECT : c=lu,ou=pki-test,o=nowina solutions,cn=external-ca-alternative
11:39:10.861 [pool-7-thread-15] WARN eu.europa.esig.dss.spi.x509.TokenIssuerSelector - No issuer found for the token creation date. The process continues with an issuer which has the same public key.
11:39:10.861 [pool-7-thread-23] INFO eu.europa.esig.dss.spi.x509.TokenIssuerSelector - The issuer subject name and subject name does not match (more details in debug mode).
11:39:10.861 [pool-7-thread-23] INFO eu.europa.esig.dss.spi.x509.TokenIssuerSelector - CERT ISSUER    : c=lu,ou=pki-test,o=nowina solutions,cn=external-ca
11:39:10.861 [pool-7-thread-23] INFO eu.europa.esig.dss.spi.x509.TokenIssuerSelector - ISSUER SUBJECT : c=lu,ou=pki-test,o=nowina solutions,cn=external-ca-alternative
11:39:10.861 [pool-7-thread-23] INFO eu.europa.esig.dss.spi.x509.TokenIssuerSelector - The issuer subject name and subject name does not match (more details in debug mode).
11:39:10.861 [pool-7-thread-23] INFO eu.europa.esig.dss.spi.x509.TokenIssuerSelector - CERT ISSUER    : c=lu,ou=pki-test,o=nowina solutions,cn=external-ca
11:39:10.861 [pool-7-thread-23] INFO eu.europa.esig.dss.spi.x509.TokenIssuerSelector - ISSUER SUBJECT : c=lu,ou=pki-test,o=nowina solutions,cn=external-ca-alternative
11:39:10.861 [pool-7-thread-23] INFO eu.europa.esig.dss.spi.x509.TokenIssuerSelector - The issuer subject name and subject name does not match (more details in debug mode).
11:39:10.861 [pool-7-thread-23] INFO eu.europa.esig.dss.spi.x509.TokenIssuerSelector - CERT ISSUER    : c=lu,ou=pki-test,o=nowina solutions,cn=external-ca
11:39:10.861 [pool-7-thread-23] INFO eu.europa.esig.dss.spi.x509.TokenIssuerSelector - ISSUER SUBJECT : c=lu,ou=pki-test,o=nowina solutions,cn=external-ca-alternative
11:39:10.863 [pool-7-thread-52] WARN eu.europa.esig.dss.spi.x509.TokenIssuerSelector - No issuer found for the token creation date. The process continues with an issuer which has the same public key.
11:39:10.864 [pool-7-thread-52] WARN eu.europa.esig.dss.spi.x509.TokenIssuerSelector - No issuer found for the token creation date. The process continues with an issuer which has the same public key.
11:39:10.866 [pool-7-thread-52] INFO eu.europa.esig.dss.spi.x509.TokenIssuerSelector - The issuer subject name and subject name does not match (more details in debug mode).
11:39:10.866 [pool-7-thread-52] INFO eu.europa.esig.dss.spi.x509.TokenIssuerSelector - CERT ISSUER    : c=lu,ou=pki-test,o=nowina solutions,cn=external-ca
11:39:10.866 [pool-7-thread-52] INFO eu.europa.esig.dss.spi.x509.TokenIssuerSelector - ISSUER SUBJECT : c=lu,ou=pki-test,o=nowina solutions,cn=external-ca-alternative
11:39:10.866 [pool-7-thread-52] INFO eu.europa.esig.dss.spi.x509.TokenIssuerSelector - The issuer subject name and subject name does not match (more details in debug mode).
11:39:10.866 [pool-7-thread-52] INFO eu.europa.esig.dss.spi.x509.TokenIssuerSelector - CERT ISSUER    : c=lu,ou=pki-test,o=nowina solutions,cn=external-ca
11:39:10.866 [pool-7-thread-52] INFO eu.europa.esig.dss.spi.x509.TokenIssuerSelector - ISSUER SUBJECT : c=lu,ou=pki-test,o=nowina solutions,cn=external-ca-alternative
11:39:10.866 [pool-7-thread-52] INFO eu.europa.esig.dss.spi.x509.TokenIssuerSelector - The issuer subject name and subject name does not match (more details in debug mode).
11:39:10.866 [pool-7-thread-52] INFO eu.europa.esig.dss.spi.x509.TokenIssuerSelector - CERT ISSUER    : c=lu,ou=pki-test,o=nowina solutions,cn=external-ca
11:39:10.866 [pool-7-thread-52] INFO eu.europa.esig.dss.spi.x509.TokenIssuerSelector - ISSUER SUBJECT : c=lu,ou=pki-test,o=nowina solutions,cn=external-ca-alternative
11:39:10.868 [pool-7-thread-12] INFO eu.europa.esig.dss.spi.x509.TokenIssuerSelector - The issuer subject name and subject name does not match (more details in debug mode).
11:39:10.868 [pool-7-thread-12] INFO eu.europa.esig.dss.spi.x509.TokenIssuerSelector - CERT ISSUER    : c=lu,ou=pki-test,o=nowina solutions,cn=external-ca
11:39:10.868 [pool-7-thread-12] INFO eu.europa.esig.dss.spi.x509.TokenIssuerSelector - ISSUER SUBJECT : c=lu,ou=pki-test,o=nowina solutions,cn=external-ca-alternative
11:39:10.868 [pool-7-thread-12] INFO eu.europa.esig.dss.spi.x509.TokenIssuerSelector - The issuer subject name and subject name does not match (more details in debug mode).
11:39:10.868 [pool-7-thread-12] INFO eu.europa.esig.dss.spi.x509.TokenIssuerSelector - CERT ISSUER    : c=lu,ou=pki-test,o=nowina solutions,cn=external-ca
11:39:10.868 [pool-7-thread-12] INFO eu.europa.esig.dss.spi.x509.TokenIssuerSelector - ISSUER SUBJECT : c=lu,ou=pki-test,o=nowina solutions,cn=external-ca-alternative
11:39:10.868 [pool-7-thread-12] INFO eu.europa.esig.dss.spi.x509.TokenIssuerSelector - The issuer subject name and subject name does not match (more details in debug mode).
11:39:10.868 [pool-7-thread-12] INFO eu.europa.esig.dss.spi.x509.TokenIssuerSelector - CERT ISSUER    : c=lu,ou=pki-test,o=nowina solutions,cn=external-ca
11:39:10.868 [pool-7-thread-12] INFO eu.europa.esig.dss.spi.x509.TokenIssuerSelector - ISSUER SUBJECT : c=lu,ou=pki-test,o=nowina solutions,cn=external-ca-alternative
11:39:10.868 [pool-7-thread-23] WARN eu.europa.esig.dss.spi.x509.TokenIssuerSelector - No issuer found for the token creation date. The process continues with an issuer which has the same public key.
11:39:10.870 [pool-7-thread-49] INFO eu.europa.esig.dss.spi.x509.TokenIssuerSelector - The issuer subject name and subject name does not match (more details in debug mode).
11:39:10.870 [pool-7-thread-49] INFO eu.europa.esig.dss.spi.x509.TokenIssuerSelector - CERT ISSUER    : c=lu,ou=pki-test,o=nowina solutions,cn=external-ca
11:39:10.870 [pool-7-thread-49] INFO eu.europa.esig.dss.spi.x509.TokenIssuerSelector - ISSUER SUBJECT : c=lu,ou=pki-test,o=nowina solutions,cn=external-ca-alternative
11:39:10.870 [pool-7-thread-49] INFO eu.europa.esig.dss.spi.x509.TokenIssuerSelector - The issuer subject name and subject name does not match (more details in debug mode).
11:39:10.870 [pool-7-thread-49] INFO eu.europa.esig.dss.spi.x509.TokenIssuerSelector - CERT ISSUER    : c=lu,ou=pki-test,o=nowina solutions,cn=external-ca
11:39:10.870 [pool-7-thread-49] INFO eu.europa.esig.dss.spi.x509.TokenIssuerSelector - ISSUER SUBJECT : c=lu,ou=pki-test,o=nowina solutions,cn=external-ca-alternative
11:39:10.870 [pool-7-thread-49] INFO eu.europa.esig.dss.spi.x509.TokenIssuerSelector - The issuer subject name and subject name does not match (more details in debug mode).
11:39:10.870 [pool-7-thread-49] INFO eu.europa.esig.dss.spi.x509.TokenIssuerSelector - CERT ISSUER    : c=lu,ou=pki-test,o=nowina solutions,cn=external-ca
11:39:10.870 [pool-7-thread-49] INFO eu.europa.esig.dss.spi.x509.TokenIssuerSelector - ISSUER SUBJECT : c=lu,ou=pki-test,o=nowina solutions,cn=external-ca-alternative
11:39:10.872 [pool-7-thread-27] INFO eu.europa.esig.dss.spi.x509.TokenIssuerSelector - The issuer subject name and subject name does not match (more details in debug mode).
11:39:10.872 [pool-7-thread-27] INFO eu.europa.esig.dss.spi.x509.TokenIssuerSelector - CERT ISSUER    : c=lu,ou=pki-test,o=nowina solutions,cn=external-ca
11:39:10.872 [pool-7-thread-27] INFO eu.europa.esig.dss.spi.x509.TokenIssuerSelector - ISSUER SUBJECT : c=lu,ou=pki-test,o=nowina solutions,cn=external-ca-alternative
11:39:10.872 [pool-7-thread-27] INFO eu.europa.esig.dss.spi.x509.TokenIssuerSelector - The issuer subject name and subject name does not match (more details in debug mode).
11:39:10.872 [pool-7-thread-27] INFO eu.europa.esig.dss.spi.x509.TokenIssuerSelector - CERT ISSUER    : c=lu,ou=pki-test,o=nowina solutions,cn=external-ca
11:39:10.872 [pool-7-thread-27] INFO eu.europa.esig.dss.spi.x509.TokenIssuerSelector - ISSUER SUBJECT : c=lu,ou=pki-test,o=nowina solutions,cn=external-ca-alternative
11:39:10.872 [pool-7-thread-27] INFO eu.europa.esig.dss.spi.x509.TokenIssuerSelector - The issuer subject name and subject name does not match (more details in debug mode).
11:39:10.872 [pool-7-thread-27] INFO eu.europa.esig.dss.spi.x509.TokenIssuerSelector - CERT ISSUER    : c=lu,ou=pki-test,o=nowina solutions,cn=external-ca
11:39:10.872 [pool-7-thread-27] INFO eu.europa.esig.dss.spi.x509.TokenIssuerSelector - ISSUER SUBJECT : c=lu,ou=pki-test,o=nowina solutions,cn=external-ca-alternative
11:39:10.872 [pool-7-thread-25] WARN eu.europa.esig.dss.spi.x509.TokenIssuerSelector - No issuer found for the token creation date. The process continues with an issuer which has the same public key.
11:39:10.873 [pool-7-thread-55] WARN eu.europa.esig.dss.spi.x509.TokenIssuerSelector - No issuer found for the token creation date. The process continues with an issuer which has the same public key.
11:39:10.874 [pool-7-thread-55] INFO eu.europa.esig.dss.spi.x509.TokenIssuerSelector - The issuer subject name and subject name does not match (more details in debug mode).
11:39:10.874 [pool-7-thread-55] INFO eu.europa.esig.dss.spi.x509.TokenIssuerSelector - CERT ISSUER    : c=lu,ou=pki-test,o=nowina solutions,cn=external-ca
11:39:10.874 [pool-7-thread-55] INFO eu.europa.esig.dss.spi.x509.TokenIssuerSelector - ISSUER SUBJECT : c=lu,ou=pki-test,o=nowina solutions,cn=external-ca-alternative
11:39:10.874 [pool-7-thread-55] INFO eu.europa.esig.dss.spi.x509.TokenIssuerSelector - The issuer subject name and subject name does not match (more details in debug mode).
11:39:10.874 [pool-7-thread-55] INFO eu.europa.esig.dss.spi.x509.TokenIssuerSelector - CERT ISSUER    : c=lu,ou=pki-test,o=nowina solutions,cn=external-ca
11:39:10.874 [pool-7-thread-55] INFO eu.europa.esig.dss.spi.x509.TokenIssuerSelector - ISSUER SUBJECT : c=lu,ou=pki-test,o=nowina solutions,cn=external-ca-alternative
11:39:10.874 [pool-7-thread-55] INFO eu.europa.esig.dss.spi.x509.TokenIssuerSelector - The issuer subject name and subject name does not match (more details in debug mode).
11:39:10.874 [pool-7-thread-55] INFO eu.europa.esig.dss.spi.x509.TokenIssuerSelector - CERT ISSUER    : c=lu,ou=pki-test,o=nowina solutions,cn=external-ca
11:39:10.874 [pool-7-thread-55] INFO eu.europa.esig.dss.spi.x509.TokenIssuerSelector - ISSUER SUBJECT : c=lu,ou=pki-test,o=nowina solutions,cn=external-ca-alternative
11:39:10.875 [pool-7-thread-27] WARN eu.europa.esig.dss.spi.x509.TokenIssuerSelector - No issuer found for the token creation date. The process continues with an issuer which has the same public key.
11:39:10.876 [pool-7-thread-27] WARN eu.europa.esig.dss.spi.x509.TokenIssuerSelector - No issuer found for the token creation date. The process continues with an issuer which has the same public key.
11:39:10.880 [pool-7-thread-27] INFO eu.europa.esig.dss.spi.x509.TokenIssuerSelector - The issuer subject name and subject name does not match (more details in debug mode).
11:39:10.880 [pool-7-thread-27] INFO eu.europa.esig.dss.spi.x509.TokenIssuerSelector - CERT ISSUER    : c=lu,ou=pki-test,o=nowina solutions,cn=external-ca
11:39:10.880 [pool-7-thread-27] INFO eu.europa.esig.dss.spi.x509.TokenIssuerSelector - ISSUER SUBJECT : c=lu,ou=pki-test,o=nowina solutions,cn=external-ca-alternative
11:39:10.880 [pool-7-thread-27] INFO eu.europa.esig.dss.spi.x509.TokenIssuerSelector - The issuer subject name and subject name does not match (more details in debug mode).
11:39:10.880 [pool-7-thread-27] INFO eu.europa.esig.dss.spi.x509.TokenIssuerSelector - CERT ISSUER    : c=lu,ou=pki-test,o=nowina solutions,cn=external-ca
11:39:10.880 [pool-7-thread-27] INFO eu.europa.esig.dss.spi.x509.TokenIssuerSelector - ISSUER SUBJECT : c=lu,ou=pki-test,o=nowina solutions,cn=external-ca-alternative
11:39:10.880 [pool-7-thread-27] INFO eu.europa.esig.dss.spi.x509.TokenIssuerSelector - The issuer subject name and subject name does not match (more details in debug mode).
11:39:10.880 [pool-7-thread-27] INFO eu.europa.esig.dss.spi.x509.TokenIssuerSelector - CERT ISSUER    : c=lu,ou=pki-test,o=nowina solutions,cn=external-ca
11:39:10.880 [pool-7-thread-27] INFO eu.europa.esig.dss.spi.x509.TokenIssuerSelector - ISSUER SUBJECT : c=lu,ou=pki-test,o=nowina solutions,cn=external-ca-alternative
11:39:10.881 [pool-7-thread-8] WARN eu.europa.esig.dss.spi.x509.TokenIssuerSelector - No issuer found for the token creation date. The process continues with an issuer which has the same public key.
11:39:10.882 [pool-7-thread-61] INFO eu.europa.esig.dss.spi.x509.TokenIssuerSelector - The issuer subject name and subject name does not match (more details in debug mode).
11:39:10.882 [pool-7-thread-61] INFO eu.europa.esig.dss.spi.x509.TokenIssuerSelector - CERT ISSUER    : c=lu,ou=pki-test,o=nowina solutions,cn=external-ca
11:39:10.882 [pool-7-thread-61] INFO eu.europa.esig.dss.spi.x509.TokenIssuerSelector - ISSUER SUBJECT : c=lu,ou=pki-test,o=nowina solutions,cn=external-ca-alternative
11:39:10.882 [pool-7-thread-61] INFO eu.europa.esig.dss.spi.x509.TokenIssuerSelector - The issuer subject name and subject name does not match (more details in debug mode).
11:39:10.882 [pool-7-thread-61] INFO eu.europa.esig.dss.spi.x509.TokenIssuerSelector - CERT ISSUER    : c=lu,ou=pki-test,o=nowina solutions,cn=external-ca
11:39:10.882 [pool-7-thread-61] INFO eu.europa.esig.dss.spi.x509.TokenIssuerSelector - ISSUER SUBJECT : c=lu,ou=pki-test,o=nowina solutions,cn=external-ca-alternative
11:39:10.882 [pool-7-thread-61] INFO eu.europa.esig.dss.spi.x509.TokenIssuerSelector - The issuer subject name and subject name does not match (more details in debug mode).
11:39:10.882 [pool-7-thread-61] INFO eu.europa.esig.dss.spi.x509.TokenIssuerSelector - CERT ISSUER    : c=lu,ou=pki-test,o=nowina solutions,cn=external-ca
11:39:10.882 [pool-7-thread-61] INFO eu.europa.esig.dss.spi.x509.TokenIssuerSelector - ISSUER SUBJECT : c=lu,ou=pki-test,o=nowina solutions,cn=external-ca-alternative
11:39:10.883 [pool-7-thread-8] INFO eu.europa.esig.dss.spi.x509.TokenIssuerSelector - The issuer subject name and subject name does not match (more details in debug mode).
11:39:10.883 [pool-7-thread-8] INFO eu.europa.esig.dss.spi.x509.TokenIssuerSelector - CERT ISSUER    : c=lu,ou=pki-test,o=nowina solutions,cn=external-ca
11:39:10.883 [pool-7-thread-8] INFO eu.europa.esig.dss.spi.x509.TokenIssuerSelector - ISSUER SUBJECT : c=lu,ou=pki-test,o=nowina solutions,cn=external-ca-alternative
11:39:10.883 [pool-7-thread-8] INFO eu.europa.esig.dss.spi.x509.TokenIssuerSelector - The issuer subject name and subject name does not match (more details in debug mode).
11:39:10.883 [pool-7-thread-8] INFO eu.europa.esig.dss.spi.x509.TokenIssuerSelector - CERT ISSUER    : c=lu,ou=pki-test,o=nowina solutions,cn=external-ca
11:39:10.883 [pool-7-thread-8] INFO eu.europa.esig.dss.spi.x509.TokenIssuerSelector - ISSUER SUBJECT : c=lu,ou=pki-test,o=nowina solutions,cn=external-ca-alternative
11:39:10.883 [pool-7-thread-8] INFO eu.europa.esig.dss.spi.x509.TokenIssuerSelector - The issuer subject name and subject name does not match (more details in debug mode).
11:39:10.883 [pool-7-thread-8] INFO eu.europa.esig.dss.spi.x509.TokenIssuerSelector - CERT ISSUER    : c=lu,ou=pki-test,o=nowina solutions,cn=external-ca
11:39:10.883 [pool-7-thread-8] INFO eu.europa.esig.dss.spi.x509.TokenIssuerSelector - ISSUER SUBJECT : c=lu,ou=pki-test,o=nowina solutions,cn=external-ca-alternative
11:39:10.884 [pool-7-thread-47] WARN eu.europa.esig.dss.spi.x509.TokenIssuerSelector - No issuer found for the token creation date. The process continues with an issuer which has the same public key.
11:39:10.885 [pool-7-thread-57] INFO eu.europa.esig.dss.spi.x509.TokenIssuerSelector - The issuer subject name and subject name does not match (more details in debug mode).
11:39:10.885 [pool-7-thread-57] INFO eu.europa.esig.dss.spi.x509.TokenIssuerSelector - CERT ISSUER    : c=lu,ou=pki-test,o=nowina solutions,cn=external-ca
11:39:10.885 [pool-7-thread-57] INFO eu.europa.esig.dss.spi.x509.TokenIssuerSelector - ISSUER SUBJECT : c=lu,ou=pki-test,o=nowina solutions,cn=external-ca-alternative
11:39:10.885 [pool-7-thread-57] INFO eu.europa.esig.dss.spi.x509.TokenIssuerSelector - The issuer subject name and subject name does not match (more details in debug mode).
11:39:10.885 [pool-7-thread-57] INFO eu.europa.esig.dss.spi.x509.TokenIssuerSelector - CERT ISSUER    : c=lu,ou=pki-test,o=nowina solutions,cn=external-ca
11:39:10.885 [pool-7-thread-57] INFO eu.europa.esig.dss.spi.x509.TokenIssuerSelector - ISSUER SUBJECT : c=lu,ou=pki-test,o=nowina solutions,cn=external-ca-alternative
11:39:10.885 [pool-7-thread-57] INFO eu.europa.esig.dss.spi.x509.TokenIssuerSelector - The issuer subject name and subject name does not match (more details in debug mode).
11:39:10.885 [pool-7-thread-57] INFO eu.europa.esig.dss.spi.x509.TokenIssuerSelector - CERT ISSUER    : c=lu,ou=pki-test,o=nowina solutions,cn=external-ca
11:39:10.885 [pool-7-thread-57] INFO eu.europa.esig.dss.spi.x509.TokenIssuerSelector - ISSUER SUBJECT : c=lu,ou=pki-test,o=nowina solutions,cn=external-ca-alternative
11:39:10.886 [pool-7-thread-48] WARN eu.europa.esig.dss.spi.x509.TokenIssuerSelector - No issuer found for the token creation date. The process continues with an issuer which has the same public key.
11:39:10.887 [pool-7-thread-51] WARN eu.europa.esig.dss.spi.x509.TokenIssuerSelector - No issuer found for the token creation date. The process continues with an issuer which has the same public key.
11:39:10.888 [pool-7-thread-51] WARN eu.europa.esig.dss.spi.x509.TokenIssuerSelector - No issuer found for the token creation date. The process continues with an issuer which has the same public key.
11:39:10.889 [pool-7-thread-58] WARN eu.europa.esig.dss.spi.x509.TokenIssuerSelector - No issuer found for the token creation date. The process continues with an issuer which has the same public key.
11:39:10.890 [pool-7-thread-17] WARN eu.europa.esig.dss.spi.x509.TokenIssuerSelector - No issuer found for the token creation date. The process continues with an issuer which has the same public key.
11:39:10.891 [pool-7-thread-24] WARN eu.europa.esig.dss.spi.x509.TokenIssuerSelector - No issuer found for the token creation date. The process continues with an issuer which has the same public key.
11:39:10.895 [pool-7-thread-56] WARN eu.europa.esig.dss.spi.x509.TokenIssuerSelector - No issuer found for the token creation date. The process continues with an issuer which has the same public key.
11:39:10.896 [pool-7-thread-56] WARN eu.europa.esig.dss.spi.x509.TokenIssuerSelector - No issuer found for the token creation date. The process continues with an issuer which has the same public key.
11:39:10.898 [pool-7-thread-56] INFO eu.europa.esig.dss.spi.x509.TokenIssuerSelector - The issuer subject name and subject name does not match (more details in debug mode).
11:39:10.898 [pool-7-thread-56] INFO eu.europa.esig.dss.spi.x509.TokenIssuerSelector - CERT ISSUER    : c=lu,ou=pki-test,o=nowina solutions,cn=external-ca
11:39:10.898 [pool-7-thread-56] INFO eu.europa.esig.dss.spi.x509.TokenIssuerSelector - ISSUER SUBJECT : c=lu,ou=pki-test,o=nowina solutions,cn=external-ca-alternative
11:39:10.898 [pool-7-thread-56] INFO eu.europa.esig.dss.spi.x509.TokenIssuerSelector - The issuer subject name and subject name does not match (more details in debug mode).
11:39:10.898 [pool-7-thread-56] INFO eu.europa.esig.dss.spi.x509.TokenIssuerSelector - CERT ISSUER    : c=lu,ou=pki-test,o=nowina solutions,cn=external-ca
11:39:10.898 [pool-7-thread-56] INFO eu.europa.esig.dss.spi.x509.TokenIssuerSelector - ISSUER SUBJECT : c=lu,ou=pki-test,o=nowina solutions,cn=external-ca-alternative
11:39:10.898 [pool-7-thread-56] INFO eu.europa.esig.dss.spi.x509.TokenIssuerSelector - The issuer subject name and subject name does not match (more details in debug mode).
11:39:10.898 [pool-7-thread-56] INFO eu.europa.esig.dss.spi.x509.TokenIssuerSelector - CERT ISSUER    : c=lu,ou=pki-test,o=nowina solutions,cn=external-ca
11:39:10.898 [pool-7-thread-56] INFO eu.europa.esig.dss.spi.x509.TokenIssuerSelector - ISSUER SUBJECT : c=lu,ou=pki-test,o=nowina solutions,cn=external-ca-alternative
11:39:10.898 [pool-7-thread-53] WARN eu.europa.esig.dss.spi.x509.TokenIssuerSelector - No issuer found for the token creation date. The process continues with an issuer which has the same public key.
11:39:10.899 [pool-7-thread-53] WARN eu.europa.esig.dss.spi.x509.TokenIssuerSelector - No issuer found for the token creation date. The process continues with an issuer which has the same public key.
11:39:10.901 [pool-7-thread-24] WARN eu.europa.esig.dss.spi.x509.TokenIssuerSelector - No issuer found for the token creation date. The process continues with an issuer which has the same public key.
11:39:10.901 [pool-7-thread-53] INFO eu.europa.esig.dss.spi.x509.TokenIssuerSelector - The issuer subject name and subject name does not match (more details in debug mode).
11:39:10.901 [pool-7-thread-53] INFO eu.europa.esig.dss.spi.x509.TokenIssuerSelector - CERT ISSUER    : c=lu,ou=pki-test,o=nowina solutions,cn=external-ca
11:39:10.901 [pool-7-thread-53] INFO eu.europa.esig.dss.spi.x509.TokenIssuerSelector - ISSUER SUBJECT : c=lu,ou=pki-test,o=nowina solutions,cn=external-ca-alternative
11:39:10.901 [pool-7-thread-53] INFO eu.europa.esig.dss.spi.x509.TokenIssuerSelector - The issuer subject name and subject name does not match (more details in debug mode).
11:39:10.901 [pool-7-thread-53] INFO eu.europa.esig.dss.spi.x509.TokenIssuerSelector - CERT ISSUER    : c=lu,ou=pki-test,o=nowina solutions,cn=external-ca
11:39:10.901 [pool-7-thread-53] INFO eu.europa.esig.dss.spi.x509.TokenIssuerSelector - ISSUER SUBJECT : c=lu,ou=pki-test,o=nowina solutions,cn=external-ca-alternative
11:39:10.901 [pool-7-thread-53] INFO eu.europa.esig.dss.spi.x509.TokenIssuerSelector - The issuer subject name and subject name does not match (more details in debug mode).
11:39:10.901 [pool-7-thread-53] INFO eu.europa.esig.dss.spi.x509.TokenIssuerSelector - CERT ISSUER    : c=lu,ou=pki-test,o=nowina solutions,cn=external-ca
11:39:10.901 [pool-7-thread-53] INFO eu.europa.esig.dss.spi.x509.TokenIssuerSelector - ISSUER SUBJECT : c=lu,ou=pki-test,o=nowina solutions,cn=external-ca-alternative
11:39:10.901 [pool-7-thread-17] WARN eu.europa.esig.dss.spi.x509.TokenIssuerSelector - No issuer found for the token creation date. The process continues with an issuer which has the same public key.
11:39:10.903 [pool-7-thread-17] INFO eu.europa.esig.dss.spi.x509.TokenIssuerSelector - The issuer subject name and subject name does not match (more details in debug mode).
11:39:10.903 [pool-7-thread-17] INFO eu.europa.esig.dss.spi.x509.TokenIssuerSelector - CERT ISSUER    : c=lu,ou=pki-test,o=nowina solutions,cn=external-ca
11:39:10.903 [pool-7-thread-17] INFO eu.europa.esig.dss.spi.x509.TokenIssuerSelector - ISSUER SUBJECT : c=lu,ou=pki-test,o=nowina solutions,cn=external-ca-alternative
11:39:10.903 [pool-7-thread-17] INFO eu.europa.esig.dss.spi.x509.TokenIssuerSelector - The issuer subject name and subject name does not match (more details in debug mode).
11:39:10.903 [pool-7-thread-17] INFO eu.europa.esig.dss.spi.x509.TokenIssuerSelector - CERT ISSUER    : c=lu,ou=pki-test,o=nowina solutions,cn=external-ca
11:39:10.903 [pool-7-thread-17] INFO eu.europa.esig.dss.spi.x509.TokenIssuerSelector - ISSUER SUBJECT : c=lu,ou=pki-test,o=nowina solutions,cn=external-ca-alternative
11:39:10.903 [pool-7-thread-17] INFO eu.europa.esig.dss.spi.x509.TokenIssuerSelector - The issuer subject name and subject name does not match (more details in debug mode).
11:39:10.903 [pool-7-thread-17] INFO eu.europa.esig.dss.spi.x509.TokenIssuerSelector - CERT ISSUER    : c=lu,ou=pki-test,o=nowina solutions,cn=external-ca
11:39:10.903 [pool-7-thread-17] INFO eu.europa.esig.dss.spi.x509.TokenIssuerSelector - ISSUER SUBJECT : c=lu,ou=pki-test,o=nowina solutions,cn=external-ca-alternative
11:39:10.904 [pool-7-thread-53] WARN eu.europa.esig.dss.spi.x509.TokenIssuerSelector - No issuer found for the token creation date. The process continues with an issuer which has the same public key.
11:39:10.905 [pool-7-thread-58] WARN eu.europa.esig.dss.spi.x509.TokenIssuerSelector - No issuer found for the token creation date. The process continues with an issuer which has the same public key.
11:39:10.907 [pool-7-thread-51] INFO eu.europa.esig.dss.spi.x509.TokenIssuerSelector - The issuer subject name and subject name does not match (more details in debug mode).
11:39:10.907 [pool-7-thread-51] INFO eu.europa.esig.dss.spi.x509.TokenIssuerSelector - CERT ISSUER    : c=lu,ou=pki-test,o=nowina solutions,cn=external-ca
11:39:10.907 [pool-7-thread-51] INFO eu.europa.esig.dss.spi.x509.TokenIssuerSelector - ISSUER SUBJECT : c=lu,ou=pki-test,o=nowina solutions,cn=external-ca-alternative
11:39:10.907 [pool-7-thread-51] INFO eu.europa.esig.dss.spi.x509.TokenIssuerSelector - The issuer subject name and subject name does not match (more details in debug mode).
11:39:10.907 [pool-7-thread-51] INFO eu.europa.esig.dss.spi.x509.TokenIssuerSelector - CERT ISSUER    : c=lu,ou=pki-test,o=nowina solutions,cn=external-ca
11:39:10.907 [pool-7-thread-51] INFO eu.europa.esig.dss.spi.x509.TokenIssuerSelector - ISSUER SUBJECT : c=lu,ou=pki-test,o=nowina solutions,cn=external-ca-alternative
11:39:10.907 [pool-7-thread-51] INFO eu.europa.esig.dss.spi.x509.TokenIssuerSelector - The issuer subject name and subject name does not match (more details in debug mode).
11:39:10.907 [pool-7-thread-51] INFO eu.europa.esig.dss.spi.x509.TokenIssuerSelector - CERT ISSUER    : c=lu,ou=pki-test,o=nowina solutions,cn=external-ca
11:39:10.907 [pool-7-thread-51] INFO eu.europa.esig.dss.spi.x509.TokenIssuerSelector - ISSUER SUBJECT : c=lu,ou=pki-test,o=nowina solutions,cn=external-ca-alternative
11:39:10.908 [pool-7-thread-57] WARN eu.europa.esig.dss.spi.x509.TokenIssuerSelector - No issuer found for the token creation date. The process continues with an issuer which has the same public key.
11:39:10.909 [pool-7-thread-57] WARN eu.europa.esig.dss.spi.x509.TokenIssuerSelector - No issuer found for the token creation date. The process continues with an issuer which has the same public key.
11:39:10.910 [pool-7-thread-48] WARN eu.europa.esig.dss.spi.x509.TokenIssuerSelector - No issuer found for the token creation date. The process continues with an issuer which has the same public key.
11:39:10.910 [pool-7-thread-8] WARN eu.europa.esig.dss.spi.x509.TokenIssuerSelector - No issuer found for the token creation date. The process continues with an issuer which has the same public key.
11:39:10.911 [pool-7-thread-8] WARN eu.europa.esig.dss.spi.x509.TokenIssuerSelector - No issuer found for the token creation date. The process continues with an issuer which has the same public key.
11:39:10.912 [pool-7-thread-8] INFO eu.europa.esig.dss.spi.x509.TokenIssuerSelector - The issuer subject name and subject name does not match (more details in debug mode).
11:39:10.912 [pool-7-thread-8] INFO eu.europa.esig.dss.spi.x509.TokenIssuerSelector - CERT ISSUER    : c=lu,ou=pki-test,o=nowina solutions,cn=external-ca
11:39:10.912 [pool-7-thread-8] INFO eu.europa.esig.dss.spi.x509.TokenIssuerSelector - ISSUER SUBJECT : c=lu,ou=pki-test,o=nowina solutions,cn=external-ca-alternative
11:39:10.912 [pool-7-thread-8] INFO eu.europa.esig.dss.spi.x509.TokenIssuerSelector - The issuer subject name and subject name does not match (more details in debug mode).
11:39:10.912 [pool-7-thread-8] INFO eu.europa.esig.dss.spi.x509.TokenIssuerSelector - CERT ISSUER    : c=lu,ou=pki-test,o=nowina solutions,cn=external-ca
11:39:10.912 [pool-7-thread-8] INFO eu.europa.esig.dss.spi.x509.TokenIssuerSelector - ISSUER SUBJECT : c=lu,ou=pki-test,o=nowina solutions,cn=external-ca-alternative
11:39:10.912 [pool-7-thread-8] INFO eu.europa.esig.dss.spi.x509.TokenIssuerSelector - The issuer subject name and subject name does not match (more details in debug mode).
11:39:10.912 [pool-7-thread-8] INFO eu.europa.esig.dss.spi.x509.TokenIssuerSelector - CERT ISSUER    : c=lu,ou=pki-test,o=nowina solutions,cn=external-ca
11:39:10.912 [pool-7-thread-8] INFO eu.europa.esig.dss.spi.x509.TokenIssuerSelector - ISSUER SUBJECT : c=lu,ou=pki-test,o=nowina solutions,cn=external-ca-alternative
11:39:10.914 [pool-7-thread-61] WARN eu.europa.esig.dss.spi.x509.TokenIssuerSelector - No issuer found for the token creation date. The process continues with an issuer which has the same public key.
11:39:10.916 [pool-7-thread-61] WARN eu.europa.esig.dss.spi.x509.TokenIssuerSelector - No issuer found for the token creation date. The process continues with an issuer which has the same public key.
11:39:10.917 [pool-7-thread-61] INFO eu.europa.esig.dss.spi.x509.TokenIssuerSelector - The issuer subject name and subject name does not match (more details in debug mode).
11:39:10.917 [pool-7-thread-61] INFO eu.europa.esig.dss.spi.x509.TokenIssuerSelector - CERT ISSUER    : c=lu,ou=pki-test,o=nowina solutions,cn=external-ca
11:39:10.917 [pool-7-thread-61] INFO eu.europa.esig.dss.spi.x509.TokenIssuerSelector - ISSUER SUBJECT : c=lu,ou=pki-test,o=nowina solutions,cn=external-ca-alternative
11:39:10.917 [pool-7-thread-61] INFO eu.europa.esig.dss.spi.x509.TokenIssuerSelector - The issuer subject name and subject name does not match (more details in debug mode).
11:39:10.917 [pool-7-thread-61] INFO eu.europa.esig.dss.spi.x509.TokenIssuerSelector - CERT ISSUER    : c=lu,ou=pki-test,o=nowina solutions,cn=external-ca
11:39:10.918 [pool-7-thread-61] INFO eu.europa.esig.dss.spi.x509.TokenIssuerSelector - ISSUER SUBJECT : c=lu,ou=pki-test,o=nowina solutions,cn=external-ca-alternative
11:39:10.918 [pool-7-thread-61] INFO eu.europa.esig.dss.spi.x509.TokenIssuerSelector - The issuer subject name and subject name does not match (more details in debug mode).
11:39:10.918 [pool-7-thread-61] INFO eu.europa.esig.dss.spi.x509.TokenIssuerSelector - CERT ISSUER    : c=lu,ou=pki-test,o=nowina solutions,cn=external-ca
11:39:10.918 [pool-7-thread-61] INFO eu.europa.esig.dss.spi.x509.TokenIssuerSelector - ISSUER SUBJECT : c=lu,ou=pki-test,o=nowina solutions,cn=external-ca-alternative
11:39:10.918 [pool-7-thread-47] WARN eu.europa.esig.dss.spi.x509.TokenIssuerSelector - No issuer found for the token creation date. The process continues with an issuer which has the same public key.
11:39:10.919 [pool-7-thread-27] WARN eu.europa.esig.dss.spi.x509.TokenIssuerSelector - No issuer found for the token creation date. The process continues with an issuer which has the same public key.
11:39:10.920 [pool-7-thread-27] WARN eu.europa.esig.dss.spi.x509.TokenIssuerSelector - No issuer found for the token creation date. The process continues with an issuer which has the same public key.
11:39:10.923 [pool-7-thread-27] INFO eu.europa.esig.dss.spi.x509.TokenIssuerSelector - The issuer subject name and subject name does not match (more details in debug mode).
11:39:10.923 [pool-7-thread-27] INFO eu.europa.esig.dss.spi.x509.TokenIssuerSelector - CERT ISSUER    : c=lu,ou=pki-test,o=nowina solutions,cn=external-ca
11:39:10.923 [pool-7-thread-27] INFO eu.europa.esig.dss.spi.x509.TokenIssuerSelector - ISSUER SUBJECT : c=lu,ou=pki-test,o=nowina solutions,cn=external-ca-alternative
11:39:10.923 [pool-7-thread-27] INFO eu.europa.esig.dss.spi.x509.TokenIssuerSelector - The issuer subject name and subject name does not match (more details in debug mode).
11:39:10.923 [pool-7-thread-27] INFO eu.europa.esig.dss.spi.x509.TokenIssuerSelector - CERT ISSUER    : c=lu,ou=pki-test,o=nowina solutions,cn=external-ca
11:39:10.923 [pool-7-thread-27] INFO eu.europa.esig.dss.spi.x509.TokenIssuerSelector - ISSUER SUBJECT : c=lu,ou=pki-test,o=nowina solutions,cn=external-ca-alternative
11:39:10.923 [pool-7-thread-27] INFO eu.europa.esig.dss.spi.x509.TokenIssuerSelector - The issuer subject name and subject name does not match (more details in debug mode).
11:39:10.923 [pool-7-thread-27] INFO eu.europa.esig.dss.spi.x509.TokenIssuerSelector - CERT ISSUER    : c=lu,ou=pki-test,o=nowina solutions,cn=external-ca
11:39:10.923 [pool-7-thread-27] INFO eu.europa.esig.dss.spi.x509.TokenIssuerSelector - ISSUER SUBJECT : c=lu,ou=pki-test,o=nowina solutions,cn=external-ca-alternative
11:39:10.929 [pool-7-thread-55] WARN eu.europa.esig.dss.spi.x509.TokenIssuerSelector - No issuer found for the token creation date. The process continues with an issuer which has the same public key.
11:39:10.931 [pool-7-thread-55] WARN eu.europa.esig.dss.spi.x509.TokenIssuerSelector - No issuer found for the token creation date. The process continues with an issuer which has the same public key.
11:39:10.934 [pool-7-thread-55] INFO eu.europa.esig.dss.spi.x509.TokenIssuerSelector - The issuer subject name and subject name does not match (more details in debug mode).
11:39:10.934 [pool-7-thread-55] INFO eu.europa.esig.dss.spi.x509.TokenIssuerSelector - CERT ISSUER    : c=lu,ou=pki-test,o=nowina solutions,cn=external-ca
11:39:10.934 [pool-7-thread-55] INFO eu.europa.esig.dss.spi.x509.TokenIssuerSelector - ISSUER SUBJECT : c=lu,ou=pki-test,o=nowina solutions,cn=external-ca-alternative
11:39:10.934 [pool-7-thread-55] INFO eu.europa.esig.dss.spi.x509.TokenIssuerSelector - The issuer subject name and subject name does not match (more details in debug mode).
11:39:10.934 [pool-7-thread-55] INFO eu.europa.esig.dss.spi.x509.TokenIssuerSelector - CERT ISSUER    : c=lu,ou=pki-test,o=nowina solutions,cn=external-ca
11:39:10.934 [pool-7-thread-55] INFO eu.europa.esig.dss.spi.x509.TokenIssuerSelector - ISSUER SUBJECT : c=lu,ou=pki-test,o=nowina solutions,cn=external-ca-alternative
11:39:10.934 [pool-7-thread-55] INFO eu.europa.esig.dss.spi.x509.TokenIssuerSelector - The issuer subject name and subject name does not match (more details in debug mode).
11:39:10.934 [pool-7-thread-55] INFO eu.europa.esig.dss.spi.x509.TokenIssuerSelector - CERT ISSUER    : c=lu,ou=pki-test,o=nowina solutions,cn=external-ca
11:39:10.934 [pool-7-thread-55] INFO eu.europa.esig.dss.spi.x509.TokenIssuerSelector - ISSUER SUBJECT : c=lu,ou=pki-test,o=nowina solutions,cn=external-ca-alternative
11:39:10.935 [pool-7-thread-25] INFO eu.europa.esig.dss.spi.x509.TokenIssuerSelector - The issuer subject name and subject name does not match (more details in debug mode).
11:39:10.935 [pool-7-thread-25] INFO eu.europa.esig.dss.spi.x509.TokenIssuerSelector - CERT ISSUER    : c=lu,ou=pki-test,o=nowina solutions,cn=external-ca
11:39:10.935 [pool-7-thread-25] INFO eu.europa.esig.dss.spi.x509.TokenIssuerSelector - ISSUER SUBJECT : c=lu,ou=pki-test,o=nowina solutions,cn=external-ca-alternative
11:39:10.935 [pool-7-thread-25] INFO eu.europa.esig.dss.spi.x509.TokenIssuerSelector - The issuer subject name and subject name does not match (more details in debug mode).
11:39:10.935 [pool-7-thread-25] INFO eu.europa.esig.dss.spi.x509.TokenIssuerSelector - CERT ISSUER    : c=lu,ou=pki-test,o=nowina solutions,cn=external-ca
11:39:10.935 [pool-7-thread-25] INFO eu.europa.esig.dss.spi.x509.TokenIssuerSelector - ISSUER SUBJECT : c=lu,ou=pki-test,o=nowina solutions,cn=external-ca-alternative
11:39:10.935 [pool-7-thread-25] INFO eu.europa.esig.dss.spi.x509.TokenIssuerSelector - The issuer subject name and subject name does not match (more details in debug mode).
11:39:10.935 [pool-7-thread-25] INFO eu.europa.esig.dss.spi.x509.TokenIssuerSelector - CERT ISSUER    : c=lu,ou=pki-test,o=nowina solutions,cn=external-ca
11:39:10.935 [pool-7-thread-25] INFO eu.europa.esig.dss.spi.x509.TokenIssuerSelector - ISSUER SUBJECT : c=lu,ou=pki-test,o=nowina solutions,cn=external-ca-alternative
11:39:10.935 [pool-7-thread-12] WARN eu.europa.esig.dss.spi.x509.TokenIssuerSelector - No issuer found for the token creation date. The process continues with an issuer which has the same public key.
11:39:10.936 [pool-7-thread-12] WARN eu.europa.esig.dss.spi.x509.TokenIssuerSelector - No issuer found for the token creation date. The process continues with an issuer which has the same public key.
11:39:10.938 [pool-7-thread-52] WARN eu.europa.esig.dss.spi.x509.TokenIssuerSelector - No issuer found for the token creation date. The process continues with an issuer which has the same public key.
11:39:10.938 [pool-7-thread-23] WARN eu.europa.esig.dss.spi.x509.TokenIssuerSelector - No issuer found for the token creation date. The process continues with an issuer which has the same public key.
11:39:10.939 [pool-7-thread-15] INFO eu.europa.esig.dss.spi.x509.TokenIssuerSelector - The issuer subject name and subject name does not match (more details in debug mode).
11:39:10.940 [pool-7-thread-15] INFO eu.europa.esig.dss.spi.x509.TokenIssuerSelector - CERT ISSUER    : c=lu,ou=pki-test,o=nowina solutions,cn=external-ca
11:39:10.940 [pool-7-thread-15] INFO eu.europa.esig.dss.spi.x509.TokenIssuerSelector - ISSUER SUBJECT : c=lu,ou=pki-test,o=nowina solutions,cn=external-ca-alternative
11:39:10.940 [pool-7-thread-15] INFO eu.europa.esig.dss.spi.x509.TokenIssuerSelector - The issuer subject name and subject name does not match (more details in debug mode).
11:39:10.940 [pool-7-thread-15] INFO eu.europa.esig.dss.spi.x509.TokenIssuerSelector - CERT ISSUER    : c=lu,ou=pki-test,o=nowina solutions,cn=external-ca
11:39:10.940 [pool-7-thread-15] INFO eu.europa.esig.dss.spi.x509.TokenIssuerSelector - ISSUER SUBJECT : c=lu,ou=pki-test,o=nowina solutions,cn=external-ca-alternative
11:39:10.940 [pool-7-thread-15] INFO eu.europa.esig.dss.spi.x509.TokenIssuerSelector - The issuer subject name and subject name does not match (more details in debug mode).
11:39:10.940 [pool-7-thread-15] INFO eu.europa.esig.dss.spi.x509.TokenIssuerSelector - CERT ISSUER    : c=lu,ou=pki-test,o=nowina solutions,cn=external-ca
11:39:10.940 [pool-7-thread-15] INFO eu.europa.esig.dss.spi.x509.TokenIssuerSelector - ISSUER SUBJECT : c=lu,ou=pki-test,o=nowina solutions,cn=external-ca-alternative
11:39:10.943 [pool-7-thread-15] WARN eu.europa.esig.dss.spi.x509.TokenIssuerSelector - No issuer found for the token creation date. The process continues with an issuer which has the same public key.
11:39:10.944 [pool-7-thread-15] WARN eu.europa.esig.dss.spi.x509.TokenIssuerSelector - No issuer found for the token creation date. The process continues with an issuer which has the same public key.
11:39:10.946 [pool-7-thread-15] INFO eu.europa.esig.dss.spi.x509.TokenIssuerSelector - The issuer subject name and subject name does not match (more details in debug mode).
11:39:10.946 [pool-7-thread-15] INFO eu.europa.esig.dss.spi.x509.TokenIssuerSelector - CERT ISSUER    : c=lu,ou=pki-test,o=nowina solutions,cn=external-ca
11:39:10.946 [pool-7-thread-15] INFO eu.europa.esig.dss.spi.x509.TokenIssuerSelector - ISSUER SUBJECT : c=lu,ou=pki-test,o=nowina solutions,cn=external-ca-alternative
11:39:10.946 [pool-7-thread-15] INFO eu.europa.esig.dss.spi.x509.TokenIssuerSelector - The issuer subject name and subject name does not match (more details in debug mode).
11:39:10.946 [pool-7-thread-15] INFO eu.europa.esig.dss.spi.x509.TokenIssuerSelector - CERT ISSUER    : c=lu,ou=pki-test,o=nowina solutions,cn=external-ca
11:39:10.946 [pool-7-thread-15] INFO eu.europa.esig.dss.spi.x509.TokenIssuerSelector - ISSUER SUBJECT : c=lu,ou=pki-test,o=nowina solutions,cn=external-ca-alternative
11:39:10.946 [pool-7-thread-15] INFO eu.europa.esig.dss.spi.x509.TokenIssuerSelector - The issuer subject name and subject name does not match (more details in debug mode).
11:39:10.946 [pool-7-thread-15] INFO eu.europa.esig.dss.spi.x509.TokenIssuerSelector - CERT ISSUER    : c=lu,ou=pki-test,o=nowina solutions,cn=external-ca
11:39:10.946 [pool-7-thread-15] INFO eu.europa.esig.dss.spi.x509.TokenIssuerSelector - ISSUER SUBJECT : c=lu,ou=pki-test,o=nowina solutions,cn=external-ca-alternative
11:39:10.947 [pool-7-thread-50] WARN eu.europa.esig.dss.spi.x509.TokenIssuerSelector - No issuer found for the token creation date. The process continues with an issuer which has the same public key.
11:39:10.948 [pool-7-thread-7] WARN eu.europa.esig.dss.spi.x509.TokenIssuerSelector - No issuer found for the token creation date. The process continues with an issuer which has the same public key.
11:39:10.949 [pool-7-thread-54] WARN eu.europa.esig.dss.spi.x509.TokenIssuerSelector - No issuer found for the token creation date. The process continues with an issuer which has the same public key.
11:39:10.950 [pool-7-thread-19] WARN eu.europa.esig.dss.spi.x509.TokenIssuerSelector - No issuer found for the token creation date. The process continues with an issuer which has the same public key.
11:39:10.951 [pool-7-thread-37] WARN eu.europa.esig.dss.spi.x509.TokenIssuerSelector - No issuer found for the token creation date. The process continues with an issuer which has the same public key.
11:39:10.952 [pool-7-thread-9] WARN eu.europa.esig.dss.spi.x509.TokenIssuerSelector - No issuer found for the token creation date. The process continues with an issuer which has the same public key.
11:39:10.953 [pool-7-thread-62] WARN eu.europa.esig.dss.spi.x509.TokenIssuerSelector - No issuer found for the token creation date. The process continues with an issuer which has the same public key.
11:39:10.954 [pool-7-thread-66] WARN eu.europa.esig.dss.spi.x509.TokenIssuerSelector - No issuer found for the token creation date. The process continues with an issuer which has the same public key.
11:39:10.956 [pool-7-thread-66] WARN eu.europa.esig.dss.spi.x509.TokenIssuerSelector - No issuer found for the token creation date. The process continues with an issuer which has the same public key.
11:39:10.958 [pool-7-thread-2] WARN eu.europa.esig.dss.spi.x509.TokenIssuerSelector - No issuer found for the token creation date. The process continues with an issuer which has the same public key.
11:39:10.958 [pool-7-thread-2] WARN eu.europa.esig.dss.spi.x509.TokenIssuerSelector - No issuer found for the token creation date. The process continues with an issuer which has the same public key.
11:39:10.961 [pool-7-thread-2] INFO eu.europa.esig.dss.spi.x509.TokenIssuerSelector - The issuer subject name and subject name does not match (more details in debug mode).
11:39:10.961 [pool-7-thread-2] INFO eu.europa.esig.dss.spi.x509.TokenIssuerSelector - CERT ISSUER    : c=lu,ou=pki-test,o=nowina solutions,cn=external-ca
11:39:10.961 [pool-7-thread-2] INFO eu.europa.esig.dss.spi.x509.TokenIssuerSelector - ISSUER SUBJECT : c=lu,ou=pki-test,o=nowina solutions,cn=external-ca-alternative
11:39:10.961 [pool-7-thread-2] INFO eu.europa.esig.dss.spi.x509.TokenIssuerSelector - The issuer subject name and subject name does not match (more details in debug mode).
11:39:10.961 [pool-7-thread-2] INFO eu.europa.esig.dss.spi.x509.TokenIssuerSelector - CERT ISSUER    : c=lu,ou=pki-test,o=nowina solutions,cn=external-ca
11:39:10.961 [pool-7-thread-2] INFO eu.europa.esig.dss.spi.x509.TokenIssuerSelector - ISSUER SUBJECT : c=lu,ou=pki-test,o=nowina solutions,cn=external-ca-alternative
11:39:10.961 [pool-7-thread-2] INFO eu.europa.esig.dss.spi.x509.TokenIssuerSelector - The issuer subject name and subject name does not match (more details in debug mode).
11:39:10.961 [pool-7-thread-2] INFO eu.europa.esig.dss.spi.x509.TokenIssuerSelector - CERT ISSUER    : c=lu,ou=pki-test,o=nowina solutions,cn=external-ca
11:39:10.961 [pool-7-thread-2] INFO eu.europa.esig.dss.spi.x509.TokenIssuerSelector - ISSUER SUBJECT : c=lu,ou=pki-test,o=nowina solutions,cn=external-ca-alternative
11:39:10.963 [pool-7-thread-16] WARN eu.europa.esig.dss.spi.x509.TokenIssuerSelector - No issuer found for the token creation date. The process continues with an issuer which has the same public key.
11:39:10.965 [pool-7-thread-2] WARN eu.europa.esig.dss.spi.x509.TokenIssuerSelector - No issuer found for the token creation date. The process continues with an issuer which has the same public key.
11:39:10.966 [pool-7-thread-42] WARN eu.europa.esig.dss.spi.x509.TokenIssuerSelector - No issuer found for the token creation date. The process continues with an issuer which has the same public key.
11:39:10.967 [pool-7-thread-1] WARN eu.europa.esig.dss.spi.x509.TokenIssuerSelector - No issuer found for the token creation date. The process continues with an issuer which has the same public key.
11:39:10.968 [pool-7-thread-38] WARN eu.europa.esig.dss.spi.x509.TokenIssuerSelector - No issuer found for the token creation date. The process continues with an issuer which has the same public key.
11:39:10.969 [pool-7-thread-70] WARN eu.europa.esig.dss.spi.x509.TokenIssuerSelector - No issuer found for the token creation date. The process continues with an issuer which has the same public key.
11:39:10.972 [pool-7-thread-20] INFO eu.europa.esig.dss.spi.x509.TokenIssuerSelector - The issuer subject name and subject name does not match (more details in debug mode).
11:39:10.972 [pool-7-thread-20] INFO eu.europa.esig.dss.spi.x509.TokenIssuerSelector - CERT ISSUER    : c=lu,ou=pki-test,o=nowina solutions,cn=external-ca
11:39:10.972 [pool-7-thread-20] INFO eu.europa.esig.dss.spi.x509.TokenIssuerSelector - ISSUER SUBJECT : c=lu,ou=pki-test,o=nowina solutions,cn=external-ca-alternative
11:39:10.972 [pool-7-thread-20] INFO eu.europa.esig.dss.spi.x509.TokenIssuerSelector - The issuer subject name and subject name does not match (more details in debug mode).
11:39:10.972 [pool-7-thread-20] INFO eu.europa.esig.dss.spi.x509.TokenIssuerSelector - CERT ISSUER    : c=lu,ou=pki-test,o=nowina solutions,cn=external-ca
11:39:10.972 [pool-7-thread-20] INFO eu.europa.esig.dss.spi.x509.TokenIssuerSelector - ISSUER SUBJECT : c=lu,ou=pki-test,o=nowina solutions,cn=external-ca-alternative
11:39:10.972 [pool-7-thread-20] INFO eu.europa.esig.dss.spi.x509.TokenIssuerSelector - The issuer subject name and subject name does not match (more details in debug mode).
11:39:10.972 [pool-7-thread-20] INFO eu.europa.esig.dss.spi.x509.TokenIssuerSelector - CERT ISSUER    : c=lu,ou=pki-test,o=nowina solutions,cn=external-ca
11:39:10.972 [pool-7-thread-20] INFO eu.europa.esig.dss.spi.x509.TokenIssuerSelector - ISSUER SUBJECT : c=lu,ou=pki-test,o=nowina solutions,cn=external-ca-alternative
11:39:10.973 [pool-7-thread-65] WARN eu.europa.esig.dss.spi.x509.TokenIssuerSelector - No issuer found for the token creation date. The process continues with an issuer which has the same public key.
11:39:10.974 [pool-7-thread-20] WARN eu.europa.esig.dss.spi.x509.TokenIssuerSelector - No issuer found for the token creation date. The process continues with an issuer which has the same public key.
11:39:10.975 [pool-7-thread-74] WARN eu.europa.esig.dss.spi.x509.TokenIssuerSelector - No issuer found for the token creation date. The process continues with an issuer which has the same public key.
11:39:10.978 [pool-7-thread-74] INFO eu.europa.esig.dss.spi.x509.TokenIssuerSelector - The issuer subject name and subject name does not match (more details in debug mode).
11:39:10.978 [pool-7-thread-74] INFO eu.europa.esig.dss.spi.x509.TokenIssuerSelector - CERT ISSUER    : c=lu,ou=pki-test,o=nowina solutions,cn=external-ca
11:39:10.978 [pool-7-thread-74] INFO eu.europa.esig.dss.spi.x509.TokenIssuerSelector - ISSUER SUBJECT : c=lu,ou=pki-test,o=nowina solutions,cn=external-ca-alternative
11:39:10.978 [pool-7-thread-74] INFO eu.europa.esig.dss.spi.x509.TokenIssuerSelector - The issuer subject name and subject name does not match (more details in debug mode).
11:39:10.978 [pool-7-thread-74] INFO eu.europa.esig.dss.spi.x509.TokenIssuerSelector - CERT ISSUER    : c=lu,ou=pki-test,o=nowina solutions,cn=external-ca
11:39:10.978 [pool-7-thread-74] INFO eu.europa.esig.dss.spi.x509.TokenIssuerSelector - ISSUER SUBJECT : c=lu,ou=pki-test,o=nowina solutions,cn=external-ca-alternative
11:39:10.978 [pool-7-thread-74] INFO eu.europa.esig.dss.spi.x509.TokenIssuerSelector - The issuer subject name and subject name does not match (more details in debug mode).
11:39:10.978 [pool-7-thread-74] INFO eu.europa.esig.dss.spi.x509.TokenIssuerSelector - CERT ISSUER    : c=lu,ou=pki-test,o=nowina solutions,cn=external-ca
11:39:10.978 [pool-7-thread-74] INFO eu.europa.esig.dss.spi.x509.TokenIssuerSelector - ISSUER SUBJECT : c=lu,ou=pki-test,o=nowina solutions,cn=external-ca-alternative
11:39:10.979 [pool-7-thread-32] WARN eu.europa.esig.dss.spi.x509.TokenIssuerSelector - No issuer found for the token creation date. The process continues with an issuer which has the same public key.
11:39:10.980 [pool-7-thread-73] WARN eu.europa.esig.dss.spi.x509.TokenIssuerSelector - No issuer found for the token creation date. The process continues with an issuer which has the same public key.
11:39:10.981 [pool-7-thread-77] WARN eu.europa.esig.dss.spi.x509.TokenIssuerSelector - No issuer found for the token creation date. The process continues with an issuer which has the same public key.
11:39:10.982 [pool-7-thread-69] WARN eu.europa.esig.dss.spi.x509.TokenIssuerSelector - No issuer found for the token creation date. The process continues with an issuer which has the same public key.
11:39:10.984 [pool-7-thread-34] WARN eu.europa.esig.dss.spi.x509.TokenIssuerSelector - No issuer found for the token creation date. The process continues with an issuer which has the same public key.
11:39:10.984 [pool-7-thread-98] WARN eu.europa.esig.dss.spi.x509.TokenIssuerSelector - No issuer found for the token creation date. The process continues with an issuer which has the same public key.
11:39:10.985 [pool-7-thread-45] WARN eu.europa.esig.dss.spi.x509.TokenIssuerSelector - No issuer found for the token creation date. The process continues with an issuer which has the same public key.
11:39:10.986 [pool-7-thread-5] WARN eu.europa.esig.dss.spi.x509.TokenIssuerSelector - No issuer found for the token creation date. The process continues with an issuer which has the same public key.
11:39:10.987 [pool-7-thread-90] WARN eu.europa.esig.dss.spi.x509.TokenIssuerSelector - No issuer found for the token creation date. The process continues with an issuer which has the same public key.
11:39:10.989 [pool-7-thread-64] INFO eu.europa.esig.dss.spi.x509.TokenIssuerSelector - The issuer subject name and subject name does not match (more details in debug mode).
11:39:10.989 [pool-7-thread-64] INFO eu.europa.esig.dss.spi.x509.TokenIssuerSelector - CERT ISSUER    : c=lu,ou=pki-test,o=nowina solutions,cn=external-ca
11:39:10.989 [pool-7-thread-64] INFO eu.europa.esig.dss.spi.x509.TokenIssuerSelector - ISSUER SUBJECT : c=lu,ou=pki-test,o=nowina solutions,cn=external-ca-alternative
11:39:10.989 [pool-7-thread-64] INFO eu.europa.esig.dss.spi.x509.TokenIssuerSelector - The issuer subject name and subject name does not match (more details in debug mode).
11:39:10.989 [pool-7-thread-64] INFO eu.europa.esig.dss.spi.x509.TokenIssuerSelector - CERT ISSUER    : c=lu,ou=pki-test,o=nowina solutions,cn=external-ca
11:39:10.989 [pool-7-thread-64] INFO eu.europa.esig.dss.spi.x509.TokenIssuerSelector - ISSUER SUBJECT : c=lu,ou=pki-test,o=nowina solutions,cn=external-ca-alternative
11:39:10.989 [pool-7-thread-64] INFO eu.europa.esig.dss.spi.x509.TokenIssuerSelector - The issuer subject name and subject name does not match (more details in debug mode).
11:39:10.989 [pool-7-thread-64] INFO eu.europa.esig.dss.spi.x509.TokenIssuerSelector - CERT ISSUER    : c=lu,ou=pki-test,o=nowina solutions,cn=external-ca
11:39:10.989 [pool-7-thread-64] INFO eu.europa.esig.dss.spi.x509.TokenIssuerSelector - ISSUER SUBJECT : c=lu,ou=pki-test,o=nowina solutions,cn=external-ca-alternative
11:39:10.989 [pool-7-thread-85] WARN eu.europa.esig.dss.spi.x509.TokenIssuerSelector - No issuer found for the token creation date. The process continues with an issuer which has the same public key.
11:39:10.990 [pool-7-thread-85] WARN eu.europa.esig.dss.spi.x509.TokenIssuerSelector - No issuer found for the token creation date. The process continues with an issuer which has the same public key.
11:39:10.991 [pool-7-thread-85] INFO eu.europa.esig.dss.spi.x509.TokenIssuerSelector - The issuer subject name and subject name does not match (more details in debug mode).
11:39:10.991 [pool-7-thread-85] INFO eu.europa.esig.dss.spi.x509.TokenIssuerSelector - CERT ISSUER    : c=lu,ou=pki-test,o=nowina solutions,cn=external-ca
11:39:10.991 [pool-7-thread-85] INFO eu.europa.esig.dss.spi.x509.TokenIssuerSelector - ISSUER SUBJECT : c=lu,ou=pki-test,o=nowina solutions,cn=external-ca-alternative
11:39:10.991 [pool-7-thread-85] INFO eu.europa.esig.dss.spi.x509.TokenIssuerSelector - The issuer subject name and subject name does not match (more details in debug mode).
11:39:10.991 [pool-7-thread-85] INFO eu.europa.esig.dss.spi.x509.TokenIssuerSelector - CERT ISSUER    : c=lu,ou=pki-test,o=nowina solutions,cn=external-ca
11:39:10.991 [pool-7-thread-85] INFO eu.europa.esig.dss.spi.x509.TokenIssuerSelector - ISSUER SUBJECT : c=lu,ou=pki-test,o=nowina solutions,cn=external-ca-alternative
11:39:10.991 [pool-7-thread-85] INFO eu.europa.esig.dss.spi.x509.TokenIssuerSelector - The issuer subject name and subject name does not match (more details in debug mode).
11:39:10.991 [pool-7-thread-85] INFO eu.europa.esig.dss.spi.x509.TokenIssuerSelector - CERT ISSUER    : c=lu,ou=pki-test,o=nowina solutions,cn=external-ca
11:39:10.991 [pool-7-thread-85] INFO eu.europa.esig.dss.spi.x509.TokenIssuerSelector - ISSUER SUBJECT : c=lu,ou=pki-test,o=nowina solutions,cn=external-ca-alternative
11:39:10.991 [pool-7-thread-64] WARN eu.europa.esig.dss.spi.x509.TokenIssuerSelector - No issuer found for the token creation date. The process continues with an issuer which has the same public key.
11:39:10.993 [pool-7-thread-64] WARN eu.europa.esig.dss.spi.x509.TokenIssuerSelector - No issuer found for the token creation date. The process continues with an issuer which has the same public key.
11:39:10.994 [pool-7-thread-64] INFO eu.europa.esig.dss.spi.x509.TokenIssuerSelector - The issuer subject name and subject name does not match (more details in debug mode).
11:39:10.994 [pool-7-thread-64] INFO eu.europa.esig.dss.spi.x509.TokenIssuerSelector - CERT ISSUER    : c=lu,ou=pki-test,o=nowina solutions,cn=external-ca
11:39:10.994 [pool-7-thread-64] INFO eu.europa.esig.dss.spi.x509.TokenIssuerSelector - ISSUER SUBJECT : c=lu,ou=pki-test,o=nowina solutions,cn=external-ca-alternative
11:39:10.994 [pool-7-thread-64] INFO eu.europa.esig.dss.spi.x509.TokenIssuerSelector - The issuer subject name and subject name does not match (more details in debug mode).
11:39:10.994 [pool-7-thread-64] INFO eu.europa.esig.dss.spi.x509.TokenIssuerSelector - CERT ISSUER    : c=lu,ou=pki-test,o=nowina solutions,cn=external-ca
11:39:10.994 [pool-7-thread-64] INFO eu.europa.esig.dss.spi.x509.TokenIssuerSelector - ISSUER SUBJECT : c=lu,ou=pki-test,o=nowina solutions,cn=external-ca-alternative
11:39:10.994 [pool-7-thread-64] INFO eu.europa.esig.dss.spi.x509.TokenIssuerSelector - The issuer subject name and subject name does not match (more details in debug mode).
11:39:10.994 [pool-7-thread-64] INFO eu.europa.esig.dss.spi.x509.TokenIssuerSelector - CERT ISSUER    : c=lu,ou=pki-test,o=nowina solutions,cn=external-ca
11:39:10.994 [pool-7-thread-64] INFO eu.europa.esig.dss.spi.x509.TokenIssuerSelector - ISSUER SUBJECT : c=lu,ou=pki-test,o=nowina solutions,cn=external-ca-alternative
11:39:10.995 [pool-7-thread-85] WARN eu.europa.esig.dss.spi.x509.TokenIssuerSelector - No issuer found for the token creation date. The process continues with an issuer which has the same public key.
11:39:10.995 [pool-7-thread-85] WARN eu.europa.esig.dss.spi.x509.TokenIssuerSelector - No issuer found for the token creation date. The process continues with an issuer which has the same public key.
11:39:10.997 [pool-7-thread-85] INFO eu.europa.esig.dss.spi.x509.TokenIssuerSelector - The issuer subject name and subject name does not match (more details in debug mode).
11:39:10.997 [pool-7-thread-85] INFO eu.europa.esig.dss.spi.x509.TokenIssuerSelector - CERT ISSUER    : c=lu,ou=pki-test,o=nowina solutions,cn=external-ca
11:39:10.997 [pool-7-thread-85] INFO eu.europa.esig.dss.spi.x509.TokenIssuerSelector - ISSUER SUBJECT : c=lu,ou=pki-test,o=nowina solutions,cn=external-ca-alternative
11:39:10.997 [pool-7-thread-85] INFO eu.europa.esig.dss.spi.x509.TokenIssuerSelector - The issuer subject name and subject name does not match (more details in debug mode).
11:39:10.997 [pool-7-thread-85] INFO eu.europa.esig.dss.spi.x509.TokenIssuerSelector - CERT ISSUER    : c=lu,ou=pki-test,o=nowina solutions,cn=external-ca
11:39:10.997 [pool-7-thread-85] INFO eu.europa.esig.dss.spi.x509.TokenIssuerSelector - ISSUER SUBJECT : c=lu,ou=pki-test,o=nowina solutions,cn=external-ca-alternative
11:39:10.997 [pool-7-thread-85] INFO eu.europa.esig.dss.spi.x509.TokenIssuerSelector - The issuer subject name and subject name does not match (more details in debug mode).
11:39:10.997 [pool-7-thread-85] INFO eu.europa.esig.dss.spi.x509.TokenIssuerSelector - CERT ISSUER    : c=lu,ou=pki-test,o=nowina solutions,cn=external-ca
11:39:10.997 [pool-7-thread-85] INFO eu.europa.esig.dss.spi.x509.TokenIssuerSelector - ISSUER SUBJECT : c=lu,ou=pki-test,o=nowina solutions,cn=external-ca-alternative
11:39:10.999 [pool-7-thread-75] WARN eu.europa.esig.dss.spi.x509.TokenIssuerSelector - No issuer found for the token creation date. The process continues with an issuer which has the same public key.
11:39:11.000 [pool-7-thread-80] WARN eu.europa.esig.dss.spi.x509.TokenIssuerSelector - No issuer found for the token creation date. The process continues with an issuer which has the same public key.
11:39:11.002 [pool-7-thread-80] INFO eu.europa.esig.dss.spi.x509.TokenIssuerSelector - The issuer subject name and subject name does not match (more details in debug mode).
11:39:11.002 [pool-7-thread-80] INFO eu.europa.esig.dss.spi.x509.TokenIssuerSelector - CERT ISSUER    : c=lu,ou=pki-test,o=nowina solutions,cn=external-ca
11:39:11.002 [pool-7-thread-80] INFO eu.europa.esig.dss.spi.x509.TokenIssuerSelector - ISSUER SUBJECT : c=lu,ou=pki-test,o=nowina solutions,cn=external-ca-alternative
11:39:11.002 [pool-7-thread-80] INFO eu.europa.esig.dss.spi.x509.TokenIssuerSelector - The issuer subject name and subject name does not match (more details in debug mode).
11:39:11.002 [pool-7-thread-80] INFO eu.europa.esig.dss.spi.x509.TokenIssuerSelector - CERT ISSUER    : c=lu,ou=pki-test,o=nowina solutions,cn=external-ca
11:39:11.002 [pool-7-thread-80] INFO eu.europa.esig.dss.spi.x509.TokenIssuerSelector - ISSUER SUBJECT : c=lu,ou=pki-test,o=nowina solutions,cn=external-ca-alternative
11:39:11.002 [pool-7-thread-80] INFO eu.europa.esig.dss.spi.x509.TokenIssuerSelector - The issuer subject name and subject name does not match (more details in debug mode).
11:39:11.002 [pool-7-thread-80] INFO eu.europa.esig.dss.spi.x509.TokenIssuerSelector - CERT ISSUER    : c=lu,ou=pki-test,o=nowina solutions,cn=external-ca
11:39:11.002 [pool-7-thread-80] INFO eu.europa.esig.dss.spi.x509.TokenIssuerSelector - ISSUER SUBJECT : c=lu,ou=pki-test,o=nowina solutions,cn=external-ca-alternative
11:39:11.003 [pool-7-thread-22] WARN eu.europa.esig.dss.spi.x509.TokenIssuerSelector - No issuer found for the token creation date. The process continues with an issuer which has the same public key.
11:39:11.005 [pool-7-thread-22] INFO eu.europa.esig.dss.spi.x509.TokenIssuerSelector - The issuer subject name and subject name does not match (more details in debug mode).
11:39:11.005 [pool-7-thread-22] INFO eu.europa.esig.dss.spi.x509.TokenIssuerSelector - CERT ISSUER    : c=lu,ou=pki-test,o=nowina solutions,cn=external-ca
11:39:11.005 [pool-7-thread-22] INFO eu.europa.esig.dss.spi.x509.TokenIssuerSelector - ISSUER SUBJECT : c=lu,ou=pki-test,o=nowina solutions,cn=external-ca-alternative
11:39:11.005 [pool-7-thread-22] INFO eu.europa.esig.dss.spi.x509.TokenIssuerSelector - The issuer subject name and subject name does not match (more details in debug mode).
11:39:11.005 [pool-7-thread-22] INFO eu.europa.esig.dss.spi.x509.TokenIssuerSelector - CERT ISSUER    : c=lu,ou=pki-test,o=nowina solutions,cn=external-ca
11:39:11.005 [pool-7-thread-22] INFO eu.europa.esig.dss.spi.x509.TokenIssuerSelector - ISSUER SUBJECT : c=lu,ou=pki-test,o=nowina solutions,cn=external-ca-alternative
11:39:11.005 [pool-7-thread-22] INFO eu.europa.esig.dss.spi.x509.TokenIssuerSelector - The issuer subject name and subject name does not match (more details in debug mode).
11:39:11.005 [pool-7-thread-22] INFO eu.europa.esig.dss.spi.x509.TokenIssuerSelector - CERT ISSUER    : c=lu,ou=pki-test,o=nowina solutions,cn=external-ca
11:39:11.005 [pool-7-thread-22] INFO eu.europa.esig.dss.spi.x509.TokenIssuerSelector - ISSUER SUBJECT : c=lu,ou=pki-test,o=nowina solutions,cn=external-ca-alternative
11:39:11.006 [pool-7-thread-81] INFO eu.europa.esig.dss.spi.x509.TokenIssuerSelector - The issuer subject name and subject name does not match (more details in debug mode).
11:39:11.006 [pool-7-thread-81] INFO eu.europa.esig.dss.spi.x509.TokenIssuerSelector - CERT ISSUER    : c=lu,ou=pki-test,o=nowina solutions,cn=external-ca
11:39:11.006 [pool-7-thread-81] INFO eu.europa.esig.dss.spi.x509.TokenIssuerSelector - ISSUER SUBJECT : c=lu,ou=pki-test,o=nowina solutions,cn=external-ca-alternative
11:39:11.006 [pool-7-thread-81] INFO eu.europa.esig.dss.spi.x509.TokenIssuerSelector - The issuer subject name and subject name does not match (more details in debug mode).
11:39:11.006 [pool-7-thread-81] INFO eu.europa.esig.dss.spi.x509.TokenIssuerSelector - CERT ISSUER    : c=lu,ou=pki-test,o=nowina solutions,cn=external-ca
11:39:11.006 [pool-7-thread-81] INFO eu.europa.esig.dss.spi.x509.TokenIssuerSelector - ISSUER SUBJECT : c=lu,ou=pki-test,o=nowina solutions,cn=external-ca-alternative
11:39:11.007 [pool-7-thread-81] INFO eu.europa.esig.dss.spi.x509.TokenIssuerSelector - The issuer subject name and subject name does not match (more details in debug mode).
11:39:11.007 [pool-7-thread-81] INFO eu.europa.esig.dss.spi.x509.TokenIssuerSelector - CERT ISSUER    : c=lu,ou=pki-test,o=nowina solutions,cn=external-ca
11:39:11.007 [pool-7-thread-81] INFO eu.europa.esig.dss.spi.x509.TokenIssuerSelector - ISSUER SUBJECT : c=lu,ou=pki-test,o=nowina solutions,cn=external-ca-alternative
11:39:11.007 [pool-7-thread-39] WARN eu.europa.esig.dss.spi.x509.TokenIssuerSelector - No issuer found for the token creation date. The process continues with an issuer which has the same public key.
11:39:11.008 [pool-7-thread-67] WARN eu.europa.esig.dss.spi.x509.TokenIssuerSelector - No issuer found for the token creation date. The process continues with an issuer which has the same public key.
11:39:11.009 [pool-7-thread-68] WARN eu.europa.esig.dss.spi.x509.TokenIssuerSelector - No issuer found for the token creation date. The process continues with an issuer which has the same public key.
11:39:11.011 [pool-7-thread-71] INFO eu.europa.esig.dss.spi.x509.TokenIssuerSelector - The issuer subject name and subject name does not match (more details in debug mode).
11:39:11.011 [pool-7-thread-71] INFO eu.europa.esig.dss.spi.x509.TokenIssuerSelector - CERT ISSUER    : c=lu,ou=pki-test,o=nowina solutions,cn=external-ca
11:39:11.011 [pool-7-thread-71] INFO eu.europa.esig.dss.spi.x509.TokenIssuerSelector - ISSUER SUBJECT : c=lu,ou=pki-test,o=nowina solutions,cn=external-ca-alternative
11:39:11.011 [pool-7-thread-71] INFO eu.europa.esig.dss.spi.x509.TokenIssuerSelector - The issuer subject name and subject name does not match (more details in debug mode).
11:39:11.011 [pool-7-thread-71] INFO eu.europa.esig.dss.spi.x509.TokenIssuerSelector - CERT ISSUER    : c=lu,ou=pki-test,o=nowina solutions,cn=external-ca
11:39:11.011 [pool-7-thread-71] INFO eu.europa.esig.dss.spi.x509.TokenIssuerSelector - ISSUER SUBJECT : c=lu,ou=pki-test,o=nowina solutions,cn=external-ca-alternative
11:39:11.011 [pool-7-thread-71] INFO eu.europa.esig.dss.spi.x509.TokenIssuerSelector - The issuer subject name and subject name does not match (more details in debug mode).
11:39:11.011 [pool-7-thread-71] INFO eu.europa.esig.dss.spi.x509.TokenIssuerSelector - CERT ISSUER    : c=lu,ou=pki-test,o=nowina solutions,cn=external-ca
11:39:11.011 [pool-7-thread-71] INFO eu.europa.esig.dss.spi.x509.TokenIssuerSelector - ISSUER SUBJECT : c=lu,ou=pki-test,o=nowina solutions,cn=external-ca-alternative
11:39:11.015 [pool-7-thread-63] INFO eu.europa.esig.dss.spi.x509.TokenIssuerSelector - The issuer subject name and subject name does not match (more details in debug mode).
11:39:11.015 [pool-7-thread-63] INFO eu.europa.esig.dss.spi.x509.TokenIssuerSelector - CERT ISSUER    : c=lu,ou=pki-test,o=nowina solutions,cn=external-ca
11:39:11.015 [pool-7-thread-63] INFO eu.europa.esig.dss.spi.x509.TokenIssuerSelector - ISSUER SUBJECT : c=lu,ou=pki-test,o=nowina solutions,cn=external-ca-alternative
11:39:11.015 [pool-7-thread-63] INFO eu.europa.esig.dss.spi.x509.TokenIssuerSelector - The issuer subject name and subject name does not match (more details in debug mode).
11:39:11.015 [pool-7-thread-63] INFO eu.europa.esig.dss.spi.x509.TokenIssuerSelector - CERT ISSUER    : c=lu,ou=pki-test,o=nowina solutions,cn=external-ca
11:39:11.015 [pool-7-thread-63] INFO eu.europa.esig.dss.spi.x509.TokenIssuerSelector - ISSUER SUBJECT : c=lu,ou=pki-test,o=nowina solutions,cn=external-ca-alternative
11:39:11.015 [pool-7-thread-63] INFO eu.europa.esig.dss.spi.x509.TokenIssuerSelector - The issuer subject name and subject name does not match (more details in debug mode).
11:39:11.015 [pool-7-thread-63] INFO eu.europa.esig.dss.spi.x509.TokenIssuerSelector - CERT ISSUER    : c=lu,ou=pki-test,o=nowina solutions,cn=external-ca
11:39:11.015 [pool-7-thread-63] INFO eu.europa.esig.dss.spi.x509.TokenIssuerSelector - ISSUER SUBJECT : c=lu,ou=pki-test,o=nowina solutions,cn=external-ca-alternative
11:39:11.015 [pool-7-thread-71] WARN eu.europa.esig.dss.spi.x509.TokenIssuerSelector - No issuer found for the token creation date. The process continues with an issuer which has the same public key.
11:39:11.016 [pool-7-thread-71] WARN eu.europa.esig.dss.spi.x509.TokenIssuerSelector - No issuer found for the token creation date. The process continues with an issuer which has the same public key.
11:39:11.017 [pool-7-thread-71] INFO eu.europa.esig.dss.spi.x509.TokenIssuerSelector - The issuer subject name and subject name does not match (more details in debug mode).
11:39:11.017 [pool-7-thread-71] INFO eu.europa.esig.dss.spi.x509.TokenIssuerSelector - CERT ISSUER    : c=lu,ou=pki-test,o=nowina solutions,cn=external-ca
11:39:11.018 [pool-7-thread-71] INFO eu.europa.esig.dss.spi.x509.TokenIssuerSelector - ISSUER SUBJECT : c=lu,ou=pki-test,o=nowina solutions,cn=external-ca-alternative
11:39:11.018 [pool-7-thread-71] INFO eu.europa.esig.dss.spi.x509.TokenIssuerSelector - The issuer subject name and subject name does not match (more details in debug mode).
11:39:11.018 [pool-7-thread-71] INFO eu.europa.esig.dss.spi.x509.TokenIssuerSelector - CERT ISSUER    : c=lu,ou=pki-test,o=nowina solutions,cn=external-ca
11:39:11.018 [pool-7-thread-71] INFO eu.europa.esig.dss.spi.x509.TokenIssuerSelector - ISSUER SUBJECT : c=lu,ou=pki-test,o=nowina solutions,cn=external-ca-alternative
11:39:11.018 [pool-7-thread-71] INFO eu.europa.esig.dss.spi.x509.TokenIssuerSelector - The issuer subject name and subject name does not match (more details in debug mode).
11:39:11.018 [pool-7-thread-71] INFO eu.europa.esig.dss.spi.x509.TokenIssuerSelector - CERT ISSUER    : c=lu,ou=pki-test,o=nowina solutions,cn=external-ca
11:39:11.018 [pool-7-thread-71] INFO eu.europa.esig.dss.spi.x509.TokenIssuerSelector - ISSUER SUBJECT : c=lu,ou=pki-test,o=nowina solutions,cn=external-ca-alternative
11:39:11.018 [pool-7-thread-63] WARN eu.europa.esig.dss.spi.x509.TokenIssuerSelector - No issuer found for the token creation date. The process continues with an issuer which has the same public key.
11:39:11.020 [pool-7-thread-88] WARN eu.europa.esig.dss.spi.x509.TokenIssuerSelector - No issuer found for the token creation date. The process continues with an issuer which has the same public key.
11:39:11.021 [pool-7-thread-44] WARN eu.europa.esig.dss.spi.x509.TokenIssuerSelector - No issuer found for the token creation date. The process continues with an issuer which has the same public key.
11:39:11.022 [pool-7-thread-44] WARN eu.europa.esig.dss.spi.x509.TokenIssuerSelector - No issuer found for the token creation date. The process continues with an issuer which has the same public key.
11:39:11.024 [pool-7-thread-83] INFO eu.europa.esig.dss.spi.x509.TokenIssuerSelector - The issuer subject name and subject name does not match (more details in debug mode).
11:39:11.024 [pool-7-thread-83] INFO eu.europa.esig.dss.spi.x509.TokenIssuerSelector - CERT ISSUER    : c=lu,ou=pki-test,o=nowina solutions,cn=external-ca
11:39:11.024 [pool-7-thread-83] INFO eu.europa.esig.dss.spi.x509.TokenIssuerSelector - ISSUER SUBJECT : c=lu,ou=pki-test,o=nowina solutions,cn=external-ca-alternative
11:39:11.024 [pool-7-thread-83] INFO eu.europa.esig.dss.spi.x509.TokenIssuerSelector - The issuer subject name and subject name does not match (more details in debug mode).
11:39:11.024 [pool-7-thread-83] INFO eu.europa.esig.dss.spi.x509.TokenIssuerSelector - CERT ISSUER    : c=lu,ou=pki-test,o=nowina solutions,cn=external-ca
11:39:11.024 [pool-7-thread-83] INFO eu.europa.esig.dss.spi.x509.TokenIssuerSelector - ISSUER SUBJECT : c=lu,ou=pki-test,o=nowina solutions,cn=external-ca-alternative
11:39:11.024 [pool-7-thread-83] INFO eu.europa.esig.dss.spi.x509.TokenIssuerSelector - The issuer subject name and subject name does not match (more details in debug mode).
11:39:11.024 [pool-7-thread-83] INFO eu.europa.esig.dss.spi.x509.TokenIssuerSelector - CERT ISSUER    : c=lu,ou=pki-test,o=nowina solutions,cn=external-ca
11:39:11.024 [pool-7-thread-83] INFO eu.europa.esig.dss.spi.x509.TokenIssuerSelector - ISSUER SUBJECT : c=lu,ou=pki-test,o=nowina solutions,cn=external-ca-alternative
11:39:11.025 [pool-7-thread-79] WARN eu.europa.esig.dss.spi.x509.TokenIssuerSelector - No issuer found for the token creation date. The process continues with an issuer which has the same public key.
11:39:11.025 [pool-7-thread-79] WARN eu.europa.esig.dss.spi.x509.TokenIssuerSelector - No issuer found for the token creation date. The process continues with an issuer which has the same public key.
11:39:11.030 [pool-7-thread-79] INFO eu.europa.esig.dss.spi.x509.TokenIssuerSelector - The issuer subject name and subject name does not match (more details in debug mode).
11:39:11.030 [pool-7-thread-79] INFO eu.europa.esig.dss.spi.x509.TokenIssuerSelector - CERT ISSUER    : c=lu,ou=pki-test,o=nowina solutions,cn=external-ca
11:39:11.030 [pool-7-thread-79] INFO eu.europa.esig.dss.spi.x509.TokenIssuerSelector - ISSUER SUBJECT : c=lu,ou=pki-test,o=nowina solutions,cn=external-ca-alternative
11:39:11.030 [pool-7-thread-79] INFO eu.europa.esig.dss.spi.x509.TokenIssuerSelector - The issuer subject name and subject name does not match (more details in debug mode).
11:39:11.030 [pool-7-thread-79] INFO eu.europa.esig.dss.spi.x509.TokenIssuerSelector - CERT ISSUER    : c=lu,ou=pki-test,o=nowina solutions,cn=external-ca
11:39:11.030 [pool-7-thread-79] INFO eu.europa.esig.dss.spi.x509.TokenIssuerSelector - ISSUER SUBJECT : c=lu,ou=pki-test,o=nowina solutions,cn=external-ca-alternative
11:39:11.030 [pool-7-thread-79] INFO eu.europa.esig.dss.spi.x509.TokenIssuerSelector - The issuer subject name and subject name does not match (more details in debug mode).
11:39:11.030 [pool-7-thread-79] INFO eu.europa.esig.dss.spi.x509.TokenIssuerSelector - CERT ISSUER    : c=lu,ou=pki-test,o=nowina solutions,cn=external-ca
11:39:11.030 [pool-7-thread-79] INFO eu.europa.esig.dss.spi.x509.TokenIssuerSelector - ISSUER SUBJECT : c=lu,ou=pki-test,o=nowina solutions,cn=external-ca-alternative
11:39:11.031 [pool-7-thread-76] WARN eu.europa.esig.dss.spi.x509.TokenIssuerSelector - No issuer found for the token creation date. The process continues with an issuer which has the same public key.
11:39:11.033 [pool-7-thread-76] INFO eu.europa.esig.dss.spi.x509.TokenIssuerSelector - The issuer subject name and subject name does not match (more details in debug mode).
11:39:11.033 [pool-7-thread-76] INFO eu.europa.esig.dss.spi.x509.TokenIssuerSelector - CERT ISSUER    : c=lu,ou=pki-test,o=nowina solutions,cn=external-ca
11:39:11.033 [pool-7-thread-76] INFO eu.europa.esig.dss.spi.x509.TokenIssuerSelector - ISSUER SUBJECT : c=lu,ou=pki-test,o=nowina solutions,cn=external-ca-alternative
11:39:11.033 [pool-7-thread-76] INFO eu.europa.esig.dss.spi.x509.TokenIssuerSelector - The issuer subject name and subject name does not match (more details in debug mode).
11:39:11.033 [pool-7-thread-76] INFO eu.europa.esig.dss.spi.x509.TokenIssuerSelector - CERT ISSUER    : c=lu,ou=pki-test,o=nowina solutions,cn=external-ca
11:39:11.033 [pool-7-thread-76] INFO eu.europa.esig.dss.spi.x509.TokenIssuerSelector - ISSUER SUBJECT : c=lu,ou=pki-test,o=nowina solutions,cn=external-ca-alternative
11:39:11.033 [pool-7-thread-76] INFO eu.europa.esig.dss.spi.x509.TokenIssuerSelector - The issuer subject name and subject name does not match (more details in debug mode).
11:39:11.033 [pool-7-thread-76] INFO eu.europa.esig.dss.spi.x509.TokenIssuerSelector - CERT ISSUER    : c=lu,ou=pki-test,o=nowina solutions,cn=external-ca
11:39:11.033 [pool-7-thread-76] INFO eu.europa.esig.dss.spi.x509.TokenIssuerSelector - ISSUER SUBJECT : c=lu,ou=pki-test,o=nowina solutions,cn=external-ca-alternative
11:39:11.036 [pool-7-thread-72] WARN eu.europa.esig.dss.spi.x509.TokenIssuerSelector - No issuer found for the token creation date. The process continues with an issuer which has the same public key.
11:39:11.038 [pool-7-thread-36] WARN eu.europa.esig.dss.spi.x509.TokenIssuerSelector - No issuer found for the token creation date. The process continues with an issuer which has the same public key.
11:39:11.038 [pool-7-thread-99] INFO eu.europa.esig.dss.spi.x509.TokenIssuerSelector - The issuer subject name and subject name does not match (more details in debug mode).
11:39:11.038 [pool-7-thread-99] INFO eu.europa.esig.dss.spi.x509.TokenIssuerSelector - CERT ISSUER    : c=lu,ou=pki-test,o=nowina solutions,cn=external-ca
11:39:11.038 [pool-7-thread-99] INFO eu.europa.esig.dss.spi.x509.TokenIssuerSelector - ISSUER SUBJECT : c=lu,ou=pki-test,o=nowina solutions,cn=external-ca-alternative
11:39:11.038 [pool-7-thread-99] INFO eu.europa.esig.dss.spi.x509.TokenIssuerSelector - The issuer subject name and subject name does not match (more details in debug mode).
11:39:11.038 [pool-7-thread-99] INFO eu.europa.esig.dss.spi.x509.TokenIssuerSelector - CERT ISSUER    : c=lu,ou=pki-test,o=nowina solutions,cn=external-ca
11:39:11.038 [pool-7-thread-99] INFO eu.europa.esig.dss.spi.x509.TokenIssuerSelector - ISSUER SUBJECT : c=lu,ou=pki-test,o=nowina solutions,cn=external-ca-alternative
11:39:11.038 [pool-7-thread-99] INFO eu.europa.esig.dss.spi.x509.TokenIssuerSelector - The issuer subject name and subject name does not match (more details in debug mode).
11:39:11.038 [pool-7-thread-99] INFO eu.europa.esig.dss.spi.x509.TokenIssuerSelector - CERT ISSUER    : c=lu,ou=pki-test,o=nowina solutions,cn=external-ca
11:39:11.038 [pool-7-thread-99] INFO eu.europa.esig.dss.spi.x509.TokenIssuerSelector - ISSUER SUBJECT : c=lu,ou=pki-test,o=nowina solutions,cn=external-ca-alternative
11:39:11.039 [pool-7-thread-36] INFO eu.europa.esig.dss.spi.x509.TokenIssuerSelector - The issuer subject name and subject name does not match (more details in debug mode).
11:39:11.039 [pool-7-thread-36] INFO eu.europa.esig.dss.spi.x509.TokenIssuerSelector - CERT ISSUER    : c=lu,ou=pki-test,o=nowina solutions,cn=external-ca
11:39:11.039 [pool-7-thread-36] INFO eu.europa.esig.dss.spi.x509.TokenIssuerSelector - ISSUER SUBJECT : c=lu,ou=pki-test,o=nowina solutions,cn=external-ca-alternative
11:39:11.039 [pool-7-thread-36] INFO eu.europa.esig.dss.spi.x509.TokenIssuerSelector - The issuer subject name and subject name does not match (more details in debug mode).
11:39:11.039 [pool-7-thread-36] INFO eu.europa.esig.dss.spi.x509.TokenIssuerSelector - CERT ISSUER    : c=lu,ou=pki-test,o=nowina solutions,cn=external-ca
11:39:11.039 [pool-7-thread-36] INFO eu.europa.esig.dss.spi.x509.TokenIssuerSelector - ISSUER SUBJECT : c=lu,ou=pki-test,o=nowina solutions,cn=external-ca-alternative
11:39:11.039 [pool-7-thread-36] INFO eu.europa.esig.dss.spi.x509.TokenIssuerSelector - The issuer subject name and subject name does not match (more details in debug mode).
11:39:11.039 [pool-7-thread-36] INFO eu.europa.esig.dss.spi.x509.TokenIssuerSelector - CERT ISSUER    : c=lu,ou=pki-test,o=nowina solutions,cn=external-ca
11:39:11.040 [pool-7-thread-36] INFO eu.europa.esig.dss.spi.x509.TokenIssuerSelector - ISSUER SUBJECT : c=lu,ou=pki-test,o=nowina solutions,cn=external-ca-alternative
11:39:11.041 [pool-7-thread-91] INFO eu.europa.esig.dss.spi.x509.TokenIssuerSelector - The issuer subject name and subject name does not match (more details in debug mode).
11:39:11.041 [pool-7-thread-91] INFO eu.europa.esig.dss.spi.x509.TokenIssuerSelector - CERT ISSUER    : c=lu,ou=pki-test,o=nowina solutions,cn=external-ca
11:39:11.041 [pool-7-thread-91] INFO eu.europa.esig.dss.spi.x509.TokenIssuerSelector - ISSUER SUBJECT : c=lu,ou=pki-test,o=nowina solutions,cn=external-ca-alternative
11:39:11.041 [pool-7-thread-91] INFO eu.europa.esig.dss.spi.x509.TokenIssuerSelector - The issuer subject name and subject name does not match (more details in debug mode).
11:39:11.041 [pool-7-thread-91] INFO eu.europa.esig.dss.spi.x509.TokenIssuerSelector - CERT ISSUER    : c=lu,ou=pki-test,o=nowina solutions,cn=external-ca
11:39:11.041 [pool-7-thread-91] INFO eu.europa.esig.dss.spi.x509.TokenIssuerSelector - ISSUER SUBJECT : c=lu,ou=pki-test,o=nowina solutions,cn=external-ca-alternative
11:39:11.041 [pool-7-thread-91] INFO eu.europa.esig.dss.spi.x509.TokenIssuerSelector - The issuer subject name and subject name does not match (more details in debug mode).
11:39:11.041 [pool-7-thread-91] INFO eu.europa.esig.dss.spi.x509.TokenIssuerSelector - CERT ISSUER    : c=lu,ou=pki-test,o=nowina solutions,cn=external-ca
11:39:11.041 [pool-7-thread-91] INFO eu.europa.esig.dss.spi.x509.TokenIssuerSelector - ISSUER SUBJECT : c=lu,ou=pki-test,o=nowina solutions,cn=external-ca-alternative
11:39:11.042 [pool-7-thread-82] INFO eu.europa.esig.dss.spi.x509.TokenIssuerSelector - The issuer subject name and subject name does not match (more details in debug mode).
11:39:11.042 [pool-7-thread-82] INFO eu.europa.esig.dss.spi.x509.TokenIssuerSelector - CERT ISSUER    : c=lu,ou=pki-test,o=nowina solutions,cn=external-ca
11:39:11.042 [pool-7-thread-82] INFO eu.europa.esig.dss.spi.x509.TokenIssuerSelector - ISSUER SUBJECT : c=lu,ou=pki-test,o=nowina solutions,cn=external-ca-alternative
11:39:11.042 [pool-7-thread-82] INFO eu.europa.esig.dss.spi.x509.TokenIssuerSelector - The issuer subject name and subject name does not match (more details in debug mode).
11:39:11.042 [pool-7-thread-82] INFO eu.europa.esig.dss.spi.x509.TokenIssuerSelector - CERT ISSUER    : c=lu,ou=pki-test,o=nowina solutions,cn=external-ca
11:39:11.042 [pool-7-thread-82] INFO eu.europa.esig.dss.spi.x509.TokenIssuerSelector - ISSUER SUBJECT : c=lu,ou=pki-test,o=nowina solutions,cn=external-ca-alternative
11:39:11.042 [pool-7-thread-82] INFO eu.europa.esig.dss.spi.x509.TokenIssuerSelector - The issuer subject name and subject name does not match (more details in debug mode).
11:39:11.042 [pool-7-thread-82] INFO eu.europa.esig.dss.spi.x509.TokenIssuerSelector - CERT ISSUER    : c=lu,ou=pki-test,o=nowina solutions,cn=external-ca
11:39:11.042 [pool-7-thread-82] INFO eu.europa.esig.dss.spi.x509.TokenIssuerSelector - ISSUER SUBJECT : c=lu,ou=pki-test,o=nowina solutions,cn=external-ca-alternative
11:39:11.043 [pool-7-thread-95] INFO eu.europa.esig.dss.spi.x509.TokenIssuerSelector - The issuer subject name and subject name does not match (more details in debug mode).
11:39:11.043 [pool-7-thread-95] INFO eu.europa.esig.dss.spi.x509.TokenIssuerSelector - CERT ISSUER    : c=lu,ou=pki-test,o=nowina solutions,cn=external-ca
11:39:11.043 [pool-7-thread-95] INFO eu.europa.esig.dss.spi.x509.TokenIssuerSelector - ISSUER SUBJECT : c=lu,ou=pki-test,o=nowina solutions,cn=external-ca-alternative
11:39:11.043 [pool-7-thread-95] INFO eu.europa.esig.dss.spi.x509.TokenIssuerSelector - The issuer subject name and subject name does not match (more details in debug mode).
11:39:11.043 [pool-7-thread-95] INFO eu.europa.esig.dss.spi.x509.TokenIssuerSelector - CERT ISSUER    : c=lu,ou=pki-test,o=nowina solutions,cn=external-ca
11:39:11.043 [pool-7-thread-95] INFO eu.europa.esig.dss.spi.x509.TokenIssuerSelector - ISSUER SUBJECT : c=lu,ou=pki-test,o=nowina solutions,cn=external-ca-alternative
11:39:11.043 [pool-7-thread-95] INFO eu.europa.esig.dss.spi.x509.TokenIssuerSelector - The issuer subject name and subject name does not match (more details in debug mode).
11:39:11.043 [pool-7-thread-95] INFO eu.europa.esig.dss.spi.x509.TokenIssuerSelector - CERT ISSUER    : c=lu,ou=pki-test,o=nowina solutions,cn=external-ca
11:39:11.043 [pool-7-thread-95] INFO eu.europa.esig.dss.spi.x509.TokenIssuerSelector - ISSUER SUBJECT : c=lu,ou=pki-test,o=nowina solutions,cn=external-ca-alternative
11:39:11.047 [pool-7-thread-97] WARN eu.europa.esig.dss.spi.x509.TokenIssuerSelector - No issuer found for the token creation date. The process continues with an issuer which has the same public key.
11:39:11.048 [pool-7-thread-40] WARN eu.europa.esig.dss.spi.x509.TokenIssuerSelector - No issuer found for the token creation date. The process continues with an issuer which has the same public key.
11:39:11.050 [pool-7-thread-33] WARN eu.europa.esig.dss.spi.x509.TokenIssuerSelector - No issuer found for the token creation date. The process continues with an issuer which has the same public key.
11:39:11.050 [pool-7-thread-93] INFO eu.europa.esig.dss.spi.x509.TokenIssuerSelector - The issuer subject name and subject name does not match (more details in debug mode).
11:39:11.050 [pool-7-thread-93] INFO eu.europa.esig.dss.spi.x509.TokenIssuerSelector - CERT ISSUER    : c=lu,ou=pki-test,o=nowina solutions,cn=external-ca
11:39:11.050 [pool-7-thread-93] INFO eu.europa.esig.dss.spi.x509.TokenIssuerSelector - ISSUER SUBJECT : c=lu,ou=pki-test,o=nowina solutions,cn=external-ca-alternative
11:39:11.050 [pool-7-thread-93] INFO eu.europa.esig.dss.spi.x509.TokenIssuerSelector - The issuer subject name and subject name does not match (more details in debug mode).
11:39:11.050 [pool-7-thread-93] INFO eu.europa.esig.dss.spi.x509.TokenIssuerSelector - CERT ISSUER    : c=lu,ou=pki-test,o=nowina solutions,cn=external-ca
11:39:11.050 [pool-7-thread-93] INFO eu.europa.esig.dss.spi.x509.TokenIssuerSelector - ISSUER SUBJECT : c=lu,ou=pki-test,o=nowina solutions,cn=external-ca-alternative
11:39:11.050 [pool-7-thread-93] INFO eu.europa.esig.dss.spi.x509.TokenIssuerSelector - The issuer subject name and subject name does not match (more details in debug mode).
11:39:11.050 [pool-7-thread-93] INFO eu.europa.esig.dss.spi.x509.TokenIssuerSelector - CERT ISSUER    : c=lu,ou=pki-test,o=nowina solutions,cn=external-ca
11:39:11.050 [pool-7-thread-93] INFO eu.europa.esig.dss.spi.x509.TokenIssuerSelector - ISSUER SUBJECT : c=lu,ou=pki-test,o=nowina solutions,cn=external-ca-alternative
11:39:11.052 [pool-7-thread-33] INFO eu.europa.esig.dss.spi.x509.TokenIssuerSelector - The issuer subject name and subject name does not match (more details in debug mode).
11:39:11.053 [pool-7-thread-33] INFO eu.europa.esig.dss.spi.x509.TokenIssuerSelector - CERT ISSUER    : c=lu,ou=pki-test,o=nowina solutions,cn=external-ca
11:39:11.053 [pool-7-thread-33] INFO eu.europa.esig.dss.spi.x509.TokenIssuerSelector - ISSUER SUBJECT : c=lu,ou=pki-test,o=nowina solutions,cn=external-ca-alternative
11:39:11.053 [pool-7-thread-33] INFO eu.europa.esig.dss.spi.x509.TokenIssuerSelector - The issuer subject name and subject name does not match (more details in debug mode).
11:39:11.053 [pool-7-thread-33] INFO eu.europa.esig.dss.spi.x509.TokenIssuerSelector - CERT ISSUER    : c=lu,ou=pki-test,o=nowina solutions,cn=external-ca
11:39:11.053 [pool-7-thread-33] INFO eu.europa.esig.dss.spi.x509.TokenIssuerSelector - ISSUER SUBJECT : c=lu,ou=pki-test,o=nowina solutions,cn=external-ca-alternative
11:39:11.053 [pool-7-thread-33] INFO eu.europa.esig.dss.spi.x509.TokenIssuerSelector - The issuer subject name and subject name does not match (more details in debug mode).
11:39:11.053 [pool-7-thread-33] INFO eu.europa.esig.dss.spi.x509.TokenIssuerSelector - CERT ISSUER    : c=lu,ou=pki-test,o=nowina solutions,cn=external-ca
11:39:11.053 [pool-7-thread-33] INFO eu.europa.esig.dss.spi.x509.TokenIssuerSelector - ISSUER SUBJECT : c=lu,ou=pki-test,o=nowina solutions,cn=external-ca-alternative
11:39:11.054 [pool-7-thread-3] WARN eu.europa.esig.dss.spi.x509.TokenIssuerSelector - No issuer found for the token creation date. The process continues with an issuer which has the same public key.
11:39:11.055 [pool-7-thread-3] WARN eu.europa.esig.dss.spi.x509.TokenIssuerSelector - No issuer found for the token creation date. The process continues with an issuer which has the same public key.
11:39:11.056 [pool-7-thread-35] WARN eu.europa.esig.dss.spi.x509.TokenIssuerSelector - No issuer found for the token creation date. The process continues with an issuer which has the same public key.
11:39:11.056 [pool-7-thread-35] WARN eu.europa.esig.dss.spi.x509.TokenIssuerSelector - No issuer found for the token creation date. The process continues with an issuer which has the same public key.
11:39:11.057 [pool-7-thread-28] WARN eu.europa.esig.dss.spi.x509.TokenIssuerSelector - No issuer found for the token creation date. The process continues with an issuer which has the same public key.
11:39:11.058 [pool-7-thread-28] INFO eu.europa.esig.dss.spi.x509.TokenIssuerSelector - The issuer subject name and subject name does not match (more details in debug mode).
11:39:11.058 [pool-7-thread-28] INFO eu.europa.esig.dss.spi.x509.TokenIssuerSelector - CERT ISSUER    : c=lu,ou=pki-test,o=nowina solutions,cn=external-ca
11:39:11.058 [pool-7-thread-28] INFO eu.europa.esig.dss.spi.x509.TokenIssuerSelector - ISSUER SUBJECT : c=lu,ou=pki-test,o=nowina solutions,cn=external-ca-alternative
11:39:11.058 [pool-7-thread-28] INFO eu.europa.esig.dss.spi.x509.TokenIssuerSelector - The issuer subject name and subject name does not match (more details in debug mode).
11:39:11.058 [pool-7-thread-28] INFO eu.europa.esig.dss.spi.x509.TokenIssuerSelector - CERT ISSUER    : c=lu,ou=pki-test,o=nowina solutions,cn=external-ca
11:39:11.058 [pool-7-thread-28] INFO eu.europa.esig.dss.spi.x509.TokenIssuerSelector - ISSUER SUBJECT : c=lu,ou=pki-test,o=nowina solutions,cn=external-ca-alternative
11:39:11.058 [pool-7-thread-28] INFO eu.europa.esig.dss.spi.x509.TokenIssuerSelector - The issuer subject name and subject name does not match (more details in debug mode).
11:39:11.058 [pool-7-thread-28] INFO eu.europa.esig.dss.spi.x509.TokenIssuerSelector - CERT ISSUER    : c=lu,ou=pki-test,o=nowina solutions,cn=external-ca
11:39:11.058 [pool-7-thread-28] INFO eu.europa.esig.dss.spi.x509.TokenIssuerSelector - ISSUER SUBJECT : c=lu,ou=pki-test,o=nowina solutions,cn=external-ca-alternative
11:39:11.061 [pool-7-thread-31] INFO eu.europa.esig.dss.spi.x509.TokenIssuerSelector - The issuer subject name and subject name does not match (more details in debug mode).
11:39:11.061 [pool-7-thread-31] INFO eu.europa.esig.dss.spi.x509.TokenIssuerSelector - CERT ISSUER    : c=lu,ou=pki-test,o=nowina solutions,cn=external-ca
11:39:11.061 [pool-7-thread-31] INFO eu.europa.esig.dss.spi.x509.TokenIssuerSelector - ISSUER SUBJECT : c=lu,ou=pki-test,o=nowina solutions,cn=external-ca-alternative
11:39:11.061 [pool-7-thread-31] INFO eu.europa.esig.dss.spi.x509.TokenIssuerSelector - The issuer subject name and subject name does not match (more details in debug mode).
11:39:11.061 [pool-7-thread-31] INFO eu.europa.esig.dss.spi.x509.TokenIssuerSelector - CERT ISSUER    : c=lu,ou=pki-test,o=nowina solutions,cn=external-ca
11:39:11.061 [pool-7-thread-31] INFO eu.europa.esig.dss.spi.x509.TokenIssuerSelector - ISSUER SUBJECT : c=lu,ou=pki-test,o=nowina solutions,cn=external-ca-alternative
11:39:11.061 [pool-7-thread-31] INFO eu.europa.esig.dss.spi.x509.TokenIssuerSelector - The issuer subject name and subject name does not match (more details in debug mode).
11:39:11.061 [pool-7-thread-31] INFO eu.europa.esig.dss.spi.x509.TokenIssuerSelector - CERT ISSUER    : c=lu,ou=pki-test,o=nowina solutions,cn=external-ca
11:39:11.061 [pool-7-thread-31] INFO eu.europa.esig.dss.spi.x509.TokenIssuerSelector - ISSUER SUBJECT : c=lu,ou=pki-test,o=nowina solutions,cn=external-ca-alternative
11:39:11.062 [pool-7-thread-21] WARN eu.europa.esig.dss.spi.x509.TokenIssuerSelector - No issuer found for the token creation date. The process continues with an issuer which has the same public key.
11:39:11.064 [pool-7-thread-26] WARN eu.europa.esig.dss.spi.x509.TokenIssuerSelector - No issuer found for the token creation date. The process continues with an issuer which has the same public key.
11:39:11.064 [pool-7-thread-4] WARN eu.europa.esig.dss.spi.x509.TokenIssuerSelector - No issuer found for the token creation date. The process continues with an issuer which has the same public key.
11:39:11.066 [pool-7-thread-29] INFO eu.europa.esig.dss.spi.x509.TokenIssuerSelector - The issuer subject name and subject name does not match (more details in debug mode).
11:39:11.066 [pool-7-thread-29] INFO eu.europa.esig.dss.spi.x509.TokenIssuerSelector - CERT ISSUER    : c=lu,ou=pki-test,o=nowina solutions,cn=external-ca
11:39:11.067 [pool-7-thread-29] INFO eu.europa.esig.dss.spi.x509.TokenIssuerSelector - ISSUER SUBJECT : c=lu,ou=pki-test,o=nowina solutions,cn=external-ca-alternative
11:39:11.067 [pool-7-thread-29] INFO eu.europa.esig.dss.spi.x509.TokenIssuerSelector - The issuer subject name and subject name does not match (more details in debug mode).
11:39:11.067 [pool-7-thread-29] INFO eu.europa.esig.dss.spi.x509.TokenIssuerSelector - CERT ISSUER    : c=lu,ou=pki-test,o=nowina solutions,cn=external-ca
11:39:11.067 [pool-7-thread-29] INFO eu.europa.esig.dss.spi.x509.TokenIssuerSelector - ISSUER SUBJECT : c=lu,ou=pki-test,o=nowina solutions,cn=external-ca-alternative
11:39:11.067 [pool-7-thread-29] INFO eu.europa.esig.dss.spi.x509.TokenIssuerSelector - The issuer subject name and subject name does not match (more details in debug mode).
11:39:11.067 [pool-7-thread-29] INFO eu.europa.esig.dss.spi.x509.TokenIssuerSelector - CERT ISSUER    : c=lu,ou=pki-test,o=nowina solutions,cn=external-ca
11:39:11.067 [pool-7-thread-29] INFO eu.europa.esig.dss.spi.x509.TokenIssuerSelector - ISSUER SUBJECT : c=lu,ou=pki-test,o=nowina solutions,cn=external-ca-alternative
11:39:11.068 [pool-7-thread-11] INFO eu.europa.esig.dss.spi.x509.TokenIssuerSelector - The issuer subject name and subject name does not match (more details in debug mode).
11:39:11.068 [pool-7-thread-11] INFO eu.europa.esig.dss.spi.x509.TokenIssuerSelector - CERT ISSUER    : c=lu,ou=pki-test,o=nowina solutions,cn=external-ca
11:39:11.068 [pool-7-thread-11] INFO eu.europa.esig.dss.spi.x509.TokenIssuerSelector - ISSUER SUBJECT : c=lu,ou=pki-test,o=nowina solutions,cn=external-ca-alternative
11:39:11.068 [pool-7-thread-11] INFO eu.europa.esig.dss.spi.x509.TokenIssuerSelector - The issuer subject name and subject name does not match (more details in debug mode).
11:39:11.068 [pool-7-thread-11] INFO eu.europa.esig.dss.spi.x509.TokenIssuerSelector - CERT ISSUER    : c=lu,ou=pki-test,o=nowina solutions,cn=external-ca
11:39:11.068 [pool-7-thread-11] INFO eu.europa.esig.dss.spi.x509.TokenIssuerSelector - ISSUER SUBJECT : c=lu,ou=pki-test,o=nowina solutions,cn=external-ca-alternative
11:39:11.068 [pool-7-thread-30] WARN eu.europa.esig.dss.spi.x509.TokenIssuerSelector - No issuer found for the token creation date. The process continues with an issuer which has the same public key.
11:39:11.068 [pool-7-thread-11] INFO eu.europa.esig.dss.spi.x509.TokenIssuerSelector - The issuer subject name and subject name does not match (more details in debug mode).
11:39:11.068 [pool-7-thread-11] INFO eu.europa.esig.dss.spi.x509.TokenIssuerSelector - CERT ISSUER    : c=lu,ou=pki-test,o=nowina solutions,cn=external-ca
11:39:11.068 [pool-7-thread-11] INFO eu.europa.esig.dss.spi.x509.TokenIssuerSelector - ISSUER SUBJECT : c=lu,ou=pki-test,o=nowina solutions,cn=external-ca-alternative
11:39:11.069 [pool-7-thread-30] WARN eu.europa.esig.dss.spi.x509.TokenIssuerSelector - No issuer found for the token creation date. The process continues with an issuer which has the same public key.
11:39:11.070 [pool-7-thread-29] WARN eu.europa.esig.dss.spi.x509.TokenIssuerSelector - No issuer found for the token creation date. The process continues with an issuer which has the same public key.
11:39:11.072 [pool-7-thread-92] WARN eu.europa.esig.dss.spi.x509.TokenIssuerSelector - No issuer found for the token creation date. The process continues with an issuer which has the same public key.
11:39:11.072 [pool-7-thread-14] WARN eu.europa.esig.dss.spi.x509.TokenIssuerSelector - No issuer found for the token creation date. The process continues with an issuer which has the same public key.
11:39:11.074 [pool-7-thread-14] INFO eu.europa.esig.dss.spi.x509.TokenIssuerSelector - The issuer subject name and subject name does not match (more details in debug mode).
11:39:11.074 [pool-7-thread-14] INFO eu.europa.esig.dss.spi.x509.TokenIssuerSelector - CERT ISSUER    : c=lu,ou=pki-test,o=nowina solutions,cn=external-ca
11:39:11.074 [pool-7-thread-14] INFO eu.europa.esig.dss.spi.x509.TokenIssuerSelector - ISSUER SUBJECT : c=lu,ou=pki-test,o=nowina solutions,cn=external-ca-alternative
11:39:11.074 [pool-7-thread-14] INFO eu.europa.esig.dss.spi.x509.TokenIssuerSelector - The issuer subject name and subject name does not match (more details in debug mode).
11:39:11.074 [pool-7-thread-14] INFO eu.europa.esig.dss.spi.x509.TokenIssuerSelector - CERT ISSUER    : c=lu,ou=pki-test,o=nowina solutions,cn=external-ca
11:39:11.074 [pool-7-thread-14] INFO eu.europa.esig.dss.spi.x509.TokenIssuerSelector - ISSUER SUBJECT : c=lu,ou=pki-test,o=nowina solutions,cn=external-ca-alternative
11:39:11.074 [pool-7-thread-14] INFO eu.europa.esig.dss.spi.x509.TokenIssuerSelector - The issuer subject name and subject name does not match (more details in debug mode).
11:39:11.074 [pool-7-thread-14] INFO eu.europa.esig.dss.spi.x509.TokenIssuerSelector - CERT ISSUER    : c=lu,ou=pki-test,o=nowina solutions,cn=external-ca
11:39:11.074 [pool-7-thread-14] INFO eu.europa.esig.dss.spi.x509.TokenIssuerSelector - ISSUER SUBJECT : c=lu,ou=pki-test,o=nowina solutions,cn=external-ca-alternative
11:39:11.076 [pool-7-thread-46] WARN eu.europa.esig.dss.spi.x509.TokenIssuerSelector - No issuer found for the token creation date. The process continues with an issuer which has the same public key.
11:39:11.077 [pool-7-thread-46] WARN eu.europa.esig.dss.spi.x509.TokenIssuerSelector - No issuer found for the token creation date. The process continues with an issuer which has the same public key.
11:39:11.078 [pool-7-thread-11] WARN eu.europa.esig.dss.spi.x509.TokenIssuerSelector - No issuer found for the token creation date. The process continues with an issuer which has the same public key.
11:39:11.079 [pool-7-thread-29] WARN eu.europa.esig.dss.spi.x509.TokenIssuerSelector - No issuer found for the token creation date. The process continues with an issuer which has the same public key.
11:39:11.083 [pool-7-thread-30] INFO eu.europa.esig.dss.spi.x509.TokenIssuerSelector - The issuer subject name and subject name does not match (more details in debug mode).
11:39:11.083 [pool-7-thread-30] INFO eu.europa.esig.dss.spi.x509.TokenIssuerSelector - CERT ISSUER    : c=lu,ou=pki-test,o=nowina solutions,cn=external-ca
11:39:11.083 [pool-7-thread-30] INFO eu.europa.esig.dss.spi.x509.TokenIssuerSelector - ISSUER SUBJECT : c=lu,ou=pki-test,o=nowina solutions,cn=external-ca-alternative
11:39:11.083 [pool-7-thread-30] INFO eu.europa.esig.dss.spi.x509.TokenIssuerSelector - The issuer subject name and subject name does not match (more details in debug mode).
11:39:11.083 [pool-7-thread-30] INFO eu.europa.esig.dss.spi.x509.TokenIssuerSelector - CERT ISSUER    : c=lu,ou=pki-test,o=nowina solutions,cn=external-ca
11:39:11.083 [pool-7-thread-30] INFO eu.europa.esig.dss.spi.x509.TokenIssuerSelector - ISSUER SUBJECT : c=lu,ou=pki-test,o=nowina solutions,cn=external-ca-alternative
11:39:11.083 [pool-7-thread-30] INFO eu.europa.esig.dss.spi.x509.TokenIssuerSelector - The issuer subject name and subject name does not match (more details in debug mode).
11:39:11.083 [pool-7-thread-30] INFO eu.europa.esig.dss.spi.x509.TokenIssuerSelector - CERT ISSUER    : c=lu,ou=pki-test,o=nowina solutions,cn=external-ca
11:39:11.083 [pool-7-thread-30] INFO eu.europa.esig.dss.spi.x509.TokenIssuerSelector - ISSUER SUBJECT : c=lu,ou=pki-test,o=nowina solutions,cn=external-ca-alternative
11:39:11.084 [pool-7-thread-13] WARN eu.europa.esig.dss.spi.x509.TokenIssuerSelector - No issuer found for the token creation date. The process continues with an issuer which has the same public key.
11:39:11.084 [pool-7-thread-13] WARN eu.europa.esig.dss.spi.x509.TokenIssuerSelector - No issuer found for the token creation date. The process continues with an issuer which has the same public key.
11:39:11.086 [pool-7-thread-13] INFO eu.europa.esig.dss.spi.x509.TokenIssuerSelector - The issuer subject name and subject name does not match (more details in debug mode).
11:39:11.086 [pool-7-thread-13] INFO eu.europa.esig.dss.spi.x509.TokenIssuerSelector - CERT ISSUER    : c=lu,ou=pki-test,o=nowina solutions,cn=external-ca
11:39:11.086 [pool-7-thread-13] INFO eu.europa.esig.dss.spi.x509.TokenIssuerSelector - ISSUER SUBJECT : c=lu,ou=pki-test,o=nowina solutions,cn=external-ca-alternative
11:39:11.086 [pool-7-thread-13] INFO eu.europa.esig.dss.spi.x509.TokenIssuerSelector - The issuer subject name and subject name does not match (more details in debug mode).
11:39:11.086 [pool-7-thread-13] INFO eu.europa.esig.dss.spi.x509.TokenIssuerSelector - CERT ISSUER    : c=lu,ou=pki-test,o=nowina solutions,cn=external-ca
11:39:11.086 [pool-7-thread-13] INFO eu.europa.esig.dss.spi.x509.TokenIssuerSelector - ISSUER SUBJECT : c=lu,ou=pki-test,o=nowina solutions,cn=external-ca-alternative
11:39:11.086 [pool-7-thread-13] INFO eu.europa.esig.dss.spi.x509.TokenIssuerSelector - The issuer subject name and subject name does not match (more details in debug mode).
11:39:11.086 [pool-7-thread-13] INFO eu.europa.esig.dss.spi.x509.TokenIssuerSelector - CERT ISSUER    : c=lu,ou=pki-test,o=nowina solutions,cn=external-ca
11:39:11.086 [pool-7-thread-13] INFO eu.europa.esig.dss.spi.x509.TokenIssuerSelector - ISSUER SUBJECT : c=lu,ou=pki-test,o=nowina solutions,cn=external-ca-alternative
11:39:11.086 [pool-7-thread-6] WARN eu.europa.esig.dss.spi.x509.TokenIssuerSelector - No issuer found for the token creation date. The process continues with an issuer which has the same public key.
11:39:11.087 [pool-7-thread-4] INFO eu.europa.esig.dss.spi.x509.TokenIssuerSelector - The issuer subject name and subject name does not match (more details in debug mode).
11:39:11.087 [pool-7-thread-4] INFO eu.europa.esig.dss.spi.x509.TokenIssuerSelector - CERT ISSUER    : c=lu,ou=pki-test,o=nowina solutions,cn=external-ca
11:39:11.087 [pool-7-thread-4] INFO eu.europa.esig.dss.spi.x509.TokenIssuerSelector - ISSUER SUBJECT : c=lu,ou=pki-test,o=nowina solutions,cn=external-ca-alternative
11:39:11.087 [pool-7-thread-4] INFO eu.europa.esig.dss.spi.x509.TokenIssuerSelector - The issuer subject name and subject name does not match (more details in debug mode).
11:39:11.087 [pool-7-thread-4] INFO eu.europa.esig.dss.spi.x509.TokenIssuerSelector - CERT ISSUER    : c=lu,ou=pki-test,o=nowina solutions,cn=external-ca
11:39:11.087 [pool-7-thread-4] INFO eu.europa.esig.dss.spi.x509.TokenIssuerSelector - ISSUER SUBJECT : c=lu,ou=pki-test,o=nowina solutions,cn=external-ca-alternative
11:39:11.087 [pool-7-thread-4] INFO eu.europa.esig.dss.spi.x509.TokenIssuerSelector - The issuer subject name and subject name does not match (more details in debug mode).
11:39:11.087 [pool-7-thread-4] INFO eu.europa.esig.dss.spi.x509.TokenIssuerSelector - CERT ISSUER    : c=lu,ou=pki-test,o=nowina solutions,cn=external-ca
11:39:11.087 [pool-7-thread-4] INFO eu.europa.esig.dss.spi.x509.TokenIssuerSelector - ISSUER SUBJECT : c=lu,ou=pki-test,o=nowina solutions,cn=external-ca-alternative
11:39:11.088 [pool-7-thread-26] INFO eu.europa.esig.dss.spi.x509.TokenIssuerSelector - The issuer subject name and subject name does not match (more details in debug mode).
11:39:11.088 [pool-7-thread-26] INFO eu.europa.esig.dss.spi.x509.TokenIssuerSelector - CERT ISSUER    : c=lu,ou=pki-test,o=nowina solutions,cn=external-ca
11:39:11.088 [pool-7-thread-26] INFO eu.europa.esig.dss.spi.x509.TokenIssuerSelector - ISSUER SUBJECT : c=lu,ou=pki-test,o=nowina solutions,cn=external-ca-alternative
11:39:11.088 [pool-7-thread-26] INFO eu.europa.esig.dss.spi.x509.TokenIssuerSelector - The issuer subject name and subject name does not match (more details in debug mode).
11:39:11.088 [pool-7-thread-26] INFO eu.europa.esig.dss.spi.x509.TokenIssuerSelector - CERT ISSUER    : c=lu,ou=pki-test,o=nowina solutions,cn=external-ca
11:39:11.088 [pool-7-thread-26] INFO eu.europa.esig.dss.spi.x509.TokenIssuerSelector - ISSUER SUBJECT : c=lu,ou=pki-test,o=nowina solutions,cn=external-ca-alternative
11:39:11.088 [pool-7-thread-26] INFO eu.europa.esig.dss.spi.x509.TokenIssuerSelector - The issuer subject name and subject name does not match (more details in debug mode).
11:39:11.088 [pool-7-thread-26] INFO eu.europa.esig.dss.spi.x509.TokenIssuerSelector - CERT ISSUER    : c=lu,ou=pki-test,o=nowina solutions,cn=external-ca
11:39:11.088 [pool-7-thread-26] INFO eu.europa.esig.dss.spi.x509.TokenIssuerSelector - ISSUER SUBJECT : c=lu,ou=pki-test,o=nowina solutions,cn=external-ca-alternative
11:39:11.089 [pool-7-thread-31] WARN eu.europa.esig.dss.spi.x509.TokenIssuerSelector - No issuer found for the token creation date. The process continues with an issuer which has the same public key.
11:39:11.090 [pool-7-thread-31] WARN eu.europa.esig.dss.spi.x509.TokenIssuerSelector - No issuer found for the token creation date. The process continues with an issuer which has the same public key.
11:39:11.091 [pool-7-thread-31] INFO eu.europa.esig.dss.spi.x509.TokenIssuerSelector - The issuer subject name and subject name does not match (more details in debug mode).
11:39:11.091 [pool-7-thread-31] INFO eu.europa.esig.dss.spi.x509.TokenIssuerSelector - CERT ISSUER    : c=lu,ou=pki-test,o=nowina solutions,cn=external-ca
11:39:11.091 [pool-7-thread-31] INFO eu.europa.esig.dss.spi.x509.TokenIssuerSelector - ISSUER SUBJECT : c=lu,ou=pki-test,o=nowina solutions,cn=external-ca-alternative
11:39:11.092 [pool-7-thread-31] INFO eu.europa.esig.dss.spi.x509.TokenIssuerSelector - The issuer subject name and subject name does not match (more details in debug mode).
11:39:11.092 [pool-7-thread-31] INFO eu.europa.esig.dss.spi.x509.TokenIssuerSelector - CERT ISSUER    : c=lu,ou=pki-test,o=nowina solutions,cn=external-ca
11:39:11.092 [pool-7-thread-31] INFO eu.europa.esig.dss.spi.x509.TokenIssuerSelector - ISSUER SUBJECT : c=lu,ou=pki-test,o=nowina solutions,cn=external-ca-alternative
11:39:11.092 [pool-7-thread-31] INFO eu.europa.esig.dss.spi.x509.TokenIssuerSelector - The issuer subject name and subject name does not match (more details in debug mode).
11:39:11.092 [pool-7-thread-31] INFO eu.europa.esig.dss.spi.x509.TokenIssuerSelector - CERT ISSUER    : c=lu,ou=pki-test,o=nowina solutions,cn=external-ca
11:39:11.092 [pool-7-thread-31] INFO eu.europa.esig.dss.spi.x509.TokenIssuerSelector - ISSUER SUBJECT : c=lu,ou=pki-test,o=nowina solutions,cn=external-ca-alternative
11:39:11.092 [pool-7-thread-94] WARN eu.europa.esig.dss.spi.x509.TokenIssuerSelector - No issuer found for the token creation date. The process continues with an issuer which has the same public key.
11:39:11.094 [pool-7-thread-94] WARN eu.europa.esig.dss.spi.x509.TokenIssuerSelector - No issuer found for the token creation date. The process continues with an issuer which has the same public key.
11:39:11.097 [pool-7-thread-21] INFO eu.europa.esig.dss.spi.x509.TokenIssuerSelector - The issuer subject name and subject name does not match (more details in debug mode).
11:39:11.097 [pool-7-thread-21] INFO eu.europa.esig.dss.spi.x509.TokenIssuerSelector - CERT ISSUER    : c=lu,ou=pki-test,o=nowina solutions,cn=external-ca
11:39:11.097 [pool-7-thread-21] INFO eu.europa.esig.dss.spi.x509.TokenIssuerSelector - ISSUER SUBJECT : c=lu,ou=pki-test,o=nowina solutions,cn=external-ca-alternative
11:39:11.097 [pool-7-thread-21] INFO eu.europa.esig.dss.spi.x509.TokenIssuerSelector - The issuer subject name and subject name does not match (more details in debug mode).
11:39:11.097 [pool-7-thread-21] INFO eu.europa.esig.dss.spi.x509.TokenIssuerSelector - CERT ISSUER    : c=lu,ou=pki-test,o=nowina solutions,cn=external-ca
11:39:11.097 [pool-7-thread-21] INFO eu.europa.esig.dss.spi.x509.TokenIssuerSelector - ISSUER SUBJECT : c=lu,ou=pki-test,o=nowina solutions,cn=external-ca-alternative
11:39:11.097 [pool-7-thread-21] INFO eu.europa.esig.dss.spi.x509.TokenIssuerSelector - The issuer subject name and subject name does not match (more details in debug mode).
11:39:11.097 [pool-7-thread-21] INFO eu.europa.esig.dss.spi.x509.TokenIssuerSelector - CERT ISSUER    : c=lu,ou=pki-test,o=nowina solutions,cn=external-ca
11:39:11.097 [pool-7-thread-21] INFO eu.europa.esig.dss.spi.x509.TokenIssuerSelector - ISSUER SUBJECT : c=lu,ou=pki-test,o=nowina solutions,cn=external-ca-alternative
11:39:11.099 [pool-7-thread-35] INFO eu.europa.esig.dss.spi.x509.TokenIssuerSelector - The issuer subject name and subject name does not match (more details in debug mode).
11:39:11.099 [pool-7-thread-35] INFO eu.europa.esig.dss.spi.x509.TokenIssuerSelector - CERT ISSUER    : c=lu,ou=pki-test,o=nowina solutions,cn=external-ca
11:39:11.099 [pool-7-thread-35] INFO eu.europa.esig.dss.spi.x509.TokenIssuerSelector - ISSUER SUBJECT : c=lu,ou=pki-test,o=nowina solutions,cn=external-ca-alternative
11:39:11.099 [pool-7-thread-35] INFO eu.europa.esig.dss.spi.x509.TokenIssuerSelector - The issuer subject name and subject name does not match (more details in debug mode).
11:39:11.099 [pool-7-thread-35] INFO eu.europa.esig.dss.spi.x509.TokenIssuerSelector - CERT ISSUER    : c=lu,ou=pki-test,o=nowina solutions,cn=external-ca
11:39:11.099 [pool-7-thread-35] INFO eu.europa.esig.dss.spi.x509.TokenIssuerSelector - ISSUER SUBJECT : c=lu,ou=pki-test,o=nowina solutions,cn=external-ca-alternative
11:39:11.099 [pool-7-thread-35] INFO eu.europa.esig.dss.spi.x509.TokenIssuerSelector - The issuer subject name and subject name does not match (more details in debug mode).
11:39:11.099 [pool-7-thread-35] INFO eu.europa.esig.dss.spi.x509.TokenIssuerSelector - CERT ISSUER    : c=lu,ou=pki-test,o=nowina solutions,cn=external-ca
11:39:11.099 [pool-7-thread-35] INFO eu.europa.esig.dss.spi.x509.TokenIssuerSelector - ISSUER SUBJECT : c=lu,ou=pki-test,o=nowina solutions,cn=external-ca-alternative
11:39:11.100 [pool-7-thread-3] INFO eu.europa.esig.dss.spi.x509.TokenIssuerSelector - The issuer subject name and subject name does not match (more details in debug mode).
11:39:11.100 [pool-7-thread-3] INFO eu.europa.esig.dss.spi.x509.TokenIssuerSelector - CERT ISSUER    : c=lu,ou=pki-test,o=nowina solutions,cn=external-ca
11:39:11.100 [pool-7-thread-3] INFO eu.europa.esig.dss.spi.x509.TokenIssuerSelector - ISSUER SUBJECT : c=lu,ou=pki-test,o=nowina solutions,cn=external-ca-alternative
11:39:11.100 [pool-7-thread-3] INFO eu.europa.esig.dss.spi.x509.TokenIssuerSelector - The issuer subject name and subject name does not match (more details in debug mode).
11:39:11.100 [pool-7-thread-3] INFO eu.europa.esig.dss.spi.x509.TokenIssuerSelector - CERT ISSUER    : c=lu,ou=pki-test,o=nowina solutions,cn=external-ca
11:39:11.100 [pool-7-thread-3] INFO eu.europa.esig.dss.spi.x509.TokenIssuerSelector - ISSUER SUBJECT : c=lu,ou=pki-test,o=nowina solutions,cn=external-ca-alternative
11:39:11.100 [pool-7-thread-3] INFO eu.europa.esig.dss.spi.x509.TokenIssuerSelector - The issuer subject name and subject name does not match (more details in debug mode).
11:39:11.100 [pool-7-thread-3] INFO eu.europa.esig.dss.spi.x509.TokenIssuerSelector - CERT ISSUER    : c=lu,ou=pki-test,o=nowina solutions,cn=external-ca
11:39:11.100 [pool-7-thread-3] INFO eu.europa.esig.dss.spi.x509.TokenIssuerSelector - ISSUER SUBJECT : c=lu,ou=pki-test,o=nowina solutions,cn=external-ca-alternative
11:39:11.101 [pool-7-thread-21] WARN eu.europa.esig.dss.spi.x509.TokenIssuerSelector - No issuer found for the token creation date. The process continues with an issuer which has the same public key.
11:39:11.103 [pool-7-thread-40] INFO eu.europa.esig.dss.spi.x509.TokenIssuerSelector - The issuer subject name and subject name does not match (more details in debug mode).
11:39:11.103 [pool-7-thread-40] INFO eu.europa.esig.dss.spi.x509.TokenIssuerSelector - CERT ISSUER    : c=lu,ou=pki-test,o=nowina solutions,cn=external-ca
11:39:11.103 [pool-7-thread-40] INFO eu.europa.esig.dss.spi.x509.TokenIssuerSelector - ISSUER SUBJECT : c=lu,ou=pki-test,o=nowina solutions,cn=external-ca-alternative
11:39:11.103 [pool-7-thread-40] INFO eu.europa.esig.dss.spi.x509.TokenIssuerSelector - The issuer subject name and subject name does not match (more details in debug mode).
11:39:11.103 [pool-7-thread-40] INFO eu.europa.esig.dss.spi.x509.TokenIssuerSelector - CERT ISSUER    : c=lu,ou=pki-test,o=nowina solutions,cn=external-ca
11:39:11.103 [pool-7-thread-40] INFO eu.europa.esig.dss.spi.x509.TokenIssuerSelector - ISSUER SUBJECT : c=lu,ou=pki-test,o=nowina solutions,cn=external-ca-alternative
11:39:11.103 [pool-7-thread-40] INFO eu.europa.esig.dss.spi.x509.TokenIssuerSelector - The issuer subject name and subject name does not match (more details in debug mode).
11:39:11.103 [pool-7-thread-40] INFO eu.europa.esig.dss.spi.x509.TokenIssuerSelector - CERT ISSUER    : c=lu,ou=pki-test,o=nowina solutions,cn=external-ca
11:39:11.103 [pool-7-thread-40] INFO eu.europa.esig.dss.spi.x509.TokenIssuerSelector - ISSUER SUBJECT : c=lu,ou=pki-test,o=nowina solutions,cn=external-ca-alternative
11:39:11.103 [pool-7-thread-97] WARN eu.europa.esig.dss.spi.x509.TokenIssuerSelector - No issuer found for the token creation date. The process continues with an issuer which has the same public key.
11:39:11.104 [pool-7-thread-82] WARN eu.europa.esig.dss.spi.x509.TokenIssuerSelector - No issuer found for the token creation date. The process continues with an issuer which has the same public key.
11:39:11.105 [pool-7-thread-91] WARN eu.europa.esig.dss.spi.x509.TokenIssuerSelector - No issuer found for the token creation date. The process continues with an issuer which has the same public key.
11:39:11.107 [pool-7-thread-36] WARN eu.europa.esig.dss.spi.x509.TokenIssuerSelector - No issuer found for the token creation date. The process continues with an issuer which has the same public key.
11:39:11.107 [pool-7-thread-36] WARN eu.europa.esig.dss.spi.x509.TokenIssuerSelector - No issuer found for the token creation date. The process continues with an issuer which has the same public key.
11:39:11.109 [pool-7-thread-36] INFO eu.europa.esig.dss.spi.x509.TokenIssuerSelector - The issuer subject name and subject name does not match (more details in debug mode).
11:39:11.109 [pool-7-thread-36] INFO eu.europa.esig.dss.spi.x509.TokenIssuerSelector - CERT ISSUER    : c=lu,ou=pki-test,o=nowina solutions,cn=external-ca
11:39:11.109 [pool-7-thread-36] INFO eu.europa.esig.dss.spi.x509.TokenIssuerSelector - ISSUER SUBJECT : c=lu,ou=pki-test,o=nowina solutions,cn=external-ca-alternative
11:39:11.109 [pool-7-thread-36] INFO eu.europa.esig.dss.spi.x509.TokenIssuerSelector - The issuer subject name and subject name does not match (more details in debug mode).
11:39:11.109 [pool-7-thread-36] INFO eu.europa.esig.dss.spi.x509.TokenIssuerSelector - CERT ISSUER    : c=lu,ou=pki-test,o=nowina solutions,cn=external-ca
11:39:11.109 [pool-7-thread-36] INFO eu.europa.esig.dss.spi.x509.TokenIssuerSelector - ISSUER SUBJECT : c=lu,ou=pki-test,o=nowina solutions,cn=external-ca-alternative
11:39:11.109 [pool-7-thread-36] INFO eu.europa.esig.dss.spi.x509.TokenIssuerSelector - The issuer subject name and subject name does not match (more details in debug mode).
11:39:11.109 [pool-7-thread-36] INFO eu.europa.esig.dss.spi.x509.TokenIssuerSelector - CERT ISSUER    : c=lu,ou=pki-test,o=nowina solutions,cn=external-ca
11:39:11.109 [pool-7-thread-36] INFO eu.europa.esig.dss.spi.x509.TokenIssuerSelector - ISSUER SUBJECT : c=lu,ou=pki-test,o=nowina solutions,cn=external-ca-alternative
11:39:11.110 [pool-7-thread-99] WARN eu.europa.esig.dss.spi.x509.TokenIssuerSelector - No issuer found for the token creation date. The process continues with an issuer which has the same public key.
11:39:11.111 [pool-7-thread-72] WARN eu.europa.esig.dss.spi.x509.TokenIssuerSelector - No issuer found for the token creation date. The process continues with an issuer which has the same public key.
11:39:11.112 [pool-7-thread-76] WARN eu.europa.esig.dss.spi.x509.TokenIssuerSelector - No issuer found for the token creation date. The process continues with an issuer which has the same public key.
11:39:11.113 [pool-7-thread-79] WARN eu.europa.esig.dss.spi.x509.TokenIssuerSelector - No issuer found for the token creation date. The process continues with an issuer which has the same public key.
11:39:11.114 [pool-7-thread-79] WARN eu.europa.esig.dss.spi.x509.TokenIssuerSelector - No issuer found for the token creation date. The process continues with an issuer which has the same public key.
11:39:11.115 [pool-7-thread-10] WARN eu.europa.esig.dss.spi.x509.TokenIssuerSelector - No issuer found for the token creation date. The process continues with an issuer which has the same public key.
11:39:11.116 [pool-7-thread-10] WARN eu.europa.esig.dss.spi.x509.TokenIssuerSelector - No issuer found for the token creation date. The process continues with an issuer which has the same public key.
11:39:11.119 [pool-7-thread-10] INFO eu.europa.esig.dss.spi.x509.TokenIssuerSelector - The issuer subject name and subject name does not match (more details in debug mode).
11:39:11.119 [pool-7-thread-10] INFO eu.europa.esig.dss.spi.x509.TokenIssuerSelector - CERT ISSUER    : c=lu,ou=pki-test,o=nowina solutions,cn=external-ca
11:39:11.119 [pool-7-thread-10] INFO eu.europa.esig.dss.spi.x509.TokenIssuerSelector - ISSUER SUBJECT : c=lu,ou=pki-test,o=nowina solutions,cn=external-ca-alternative
11:39:11.119 [pool-7-thread-10] INFO eu.europa.esig.dss.spi.x509.TokenIssuerSelector - The issuer subject name and subject name does not match (more details in debug mode).
11:39:11.119 [pool-7-thread-10] INFO eu.europa.esig.dss.spi.x509.TokenIssuerSelector - CERT ISSUER    : c=lu,ou=pki-test,o=nowina solutions,cn=external-ca
11:39:11.119 [pool-7-thread-10] INFO eu.europa.esig.dss.spi.x509.TokenIssuerSelector - ISSUER SUBJECT : c=lu,ou=pki-test,o=nowina solutions,cn=external-ca-alternative
11:39:11.119 [pool-7-thread-10] INFO eu.europa.esig.dss.spi.x509.TokenIssuerSelector - The issuer subject name and subject name does not match (more details in debug mode).
11:39:11.119 [pool-7-thread-10] INFO eu.europa.esig.dss.spi.x509.TokenIssuerSelector - CERT ISSUER    : c=lu,ou=pki-test,o=nowina solutions,cn=external-ca
11:39:11.119 [pool-7-thread-10] INFO eu.europa.esig.dss.spi.x509.TokenIssuerSelector - ISSUER SUBJECT : c=lu,ou=pki-test,o=nowina solutions,cn=external-ca-alternative
11:39:11.120 [pool-7-thread-83] WARN eu.europa.esig.dss.spi.x509.TokenIssuerSelector - No issuer found for the token creation date. The process continues with an issuer which has the same public key.
11:39:11.121 [pool-7-thread-83] WARN eu.europa.esig.dss.spi.x509.TokenIssuerSelector - No issuer found for the token creation date. The process continues with an issuer which has the same public key.
11:39:11.122 [pool-7-thread-96] WARN eu.europa.esig.dss.spi.x509.TokenIssuerSelector - No issuer found for the token creation date. The process continues with an issuer which has the same public key.
11:39:11.124 [pool-7-thread-96] WARN eu.europa.esig.dss.spi.x509.TokenIssuerSelector - No issuer found for the token creation date. The process continues with an issuer which has the same public key.
11:39:11.125 [pool-7-thread-44] INFO eu.europa.esig.dss.spi.x509.TokenIssuerSelector - The issuer subject name and subject name does not match (more details in debug mode).
11:39:11.126 [pool-7-thread-44] INFO eu.europa.esig.dss.spi.x509.TokenIssuerSelector - CERT ISSUER    : c=lu,ou=pki-test,o=nowina solutions,cn=external-ca
11:39:11.126 [pool-7-thread-44] INFO eu.europa.esig.dss.spi.x509.TokenIssuerSelector - ISSUER SUBJECT : c=lu,ou=pki-test,o=nowina solutions,cn=external-ca-alternative
11:39:11.126 [pool-7-thread-44] INFO eu.europa.esig.dss.spi.x509.TokenIssuerSelector - The issuer subject name and subject name does not match (more details in debug mode).
11:39:11.126 [pool-7-thread-44] INFO eu.europa.esig.dss.spi.x509.TokenIssuerSelector - CERT ISSUER    : c=lu,ou=pki-test,o=nowina solutions,cn=external-ca
11:39:11.126 [pool-7-thread-44] INFO eu.europa.esig.dss.spi.x509.TokenIssuerSelector - ISSUER SUBJECT : c=lu,ou=pki-test,o=nowina solutions,cn=external-ca-alternative
11:39:11.126 [pool-7-thread-44] INFO eu.europa.esig.dss.spi.x509.TokenIssuerSelector - The issuer subject name and subject name does not match (more details in debug mode).
11:39:11.126 [pool-7-thread-44] INFO eu.europa.esig.dss.spi.x509.TokenIssuerSelector - CERT ISSUER    : c=lu,ou=pki-test,o=nowina solutions,cn=external-ca
11:39:11.126 [pool-7-thread-44] INFO eu.europa.esig.dss.spi.x509.TokenIssuerSelector - ISSUER SUBJECT : c=lu,ou=pki-test,o=nowina solutions,cn=external-ca-alternative
11:39:11.126 [pool-7-thread-71] WARN eu.europa.esig.dss.spi.x509.TokenIssuerSelector - No issuer found for the token creation date. The process continues with an issuer which has the same public key.
11:39:11.127 [pool-7-thread-71] WARN eu.europa.esig.dss.spi.x509.TokenIssuerSelector - No issuer found for the token creation date. The process continues with an issuer which has the same public key.
11:39:11.129 [pool-7-thread-71] INFO eu.europa.esig.dss.spi.x509.TokenIssuerSelector - The issuer subject name and subject name does not match (more details in debug mode).
11:39:11.130 [pool-7-thread-71] INFO eu.europa.esig.dss.spi.x509.TokenIssuerSelector - CERT ISSUER    : c=lu,ou=pki-test,o=nowina solutions,cn=external-ca
11:39:11.130 [pool-7-thread-71] INFO eu.europa.esig.dss.spi.x509.TokenIssuerSelector - ISSUER SUBJECT : c=lu,ou=pki-test,o=nowina solutions,cn=external-ca-alternative
11:39:11.130 [pool-7-thread-71] INFO eu.europa.esig.dss.spi.x509.TokenIssuerSelector - The issuer subject name and subject name does not match (more details in debug mode).
11:39:11.130 [pool-7-thread-71] INFO eu.europa.esig.dss.spi.x509.TokenIssuerSelector - CERT ISSUER    : c=lu,ou=pki-test,o=nowina solutions,cn=external-ca
11:39:11.130 [pool-7-thread-71] INFO eu.europa.esig.dss.spi.x509.TokenIssuerSelector - ISSUER SUBJECT : c=lu,ou=pki-test,o=nowina solutions,cn=external-ca-alternative
11:39:11.130 [pool-7-thread-71] INFO eu.europa.esig.dss.spi.x509.TokenIssuerSelector - The issuer subject name and subject name does not match (more details in debug mode).
11:39:11.130 [pool-7-thread-71] INFO eu.europa.esig.dss.spi.x509.TokenIssuerSelector - CERT ISSUER    : c=lu,ou=pki-test,o=nowina solutions,cn=external-ca
11:39:11.130 [pool-7-thread-71] INFO eu.europa.esig.dss.spi.x509.TokenIssuerSelector - ISSUER SUBJECT : c=lu,ou=pki-test,o=nowina solutions,cn=external-ca-alternative
11:39:11.129 [pool-7-thread-88] WARN eu.europa.esig.dss.spi.x509.TokenIssuerSelector - No issuer found for the token creation date. The process continues with an issuer which has the same public key.
11:39:11.131 [pool-7-thread-88] INFO eu.europa.esig.dss.spi.x509.TokenIssuerSelector - The issuer subject name and subject name does not match (more details in debug mode).
11:39:11.131 [pool-7-thread-88] INFO eu.europa.esig.dss.spi.x509.TokenIssuerSelector - CERT ISSUER    : c=lu,ou=pki-test,o=nowina solutions,cn=external-ca
11:39:11.131 [pool-7-thread-88] INFO eu.europa.esig.dss.spi.x509.TokenIssuerSelector - ISSUER SUBJECT : c=lu,ou=pki-test,o=nowina solutions,cn=external-ca-alternative
11:39:11.132 [pool-7-thread-88] INFO eu.europa.esig.dss.spi.x509.TokenIssuerSelector - The issuer subject name and subject name does not match (more details in debug mode).
11:39:11.132 [pool-7-thread-88] INFO eu.europa.esig.dss.spi.x509.TokenIssuerSelector - CERT ISSUER    : c=lu,ou=pki-test,o=nowina solutions,cn=external-ca
11:39:11.132 [pool-7-thread-88] INFO eu.europa.esig.dss.spi.x509.TokenIssuerSelector - ISSUER SUBJECT : c=lu,ou=pki-test,o=nowina solutions,cn=external-ca-alternative
11:39:11.132 [pool-7-thread-88] INFO eu.europa.esig.dss.spi.x509.TokenIssuerSelector - The issuer subject name and subject name does not match (more details in debug mode).
11:39:11.132 [pool-7-thread-88] INFO eu.europa.esig.dss.spi.x509.TokenIssuerSelector - CERT ISSUER    : c=lu,ou=pki-test,o=nowina solutions,cn=external-ca
11:39:11.132 [pool-7-thread-88] INFO eu.europa.esig.dss.spi.x509.TokenIssuerSelector - ISSUER SUBJECT : c=lu,ou=pki-test,o=nowina solutions,cn=external-ca-alternative
11:39:11.132 [pool-7-thread-100] WARN eu.europa.esig.dss.spi.x509.TokenIssuerSelector - No issuer found for the token creation date. The process continues with an issuer which has the same public key.
11:39:11.133 [pool-7-thread-63] WARN eu.europa.esig.dss.spi.x509.TokenIssuerSelector - No issuer found for the token creation date. The process continues with an issuer which has the same public key.
11:39:11.134 [pool-7-thread-63] INFO eu.europa.esig.dss.spi.x509.TokenIssuerSelector - The issuer subject name and subject name does not match (more details in debug mode).
11:39:11.134 [pool-7-thread-63] INFO eu.europa.esig.dss.spi.x509.TokenIssuerSelector - CERT ISSUER    : c=lu,ou=pki-test,o=nowina solutions,cn=external-ca
11:39:11.134 [pool-7-thread-63] INFO eu.europa.esig.dss.spi.x509.TokenIssuerSelector - ISSUER SUBJECT : c=lu,ou=pki-test,o=nowina solutions,cn=external-ca-alternative
11:39:11.134 [pool-7-thread-63] INFO eu.europa.esig.dss.spi.x509.TokenIssuerSelector - The issuer subject name and subject name does not match (more details in debug mode).
11:39:11.134 [pool-7-thread-63] INFO eu.europa.esig.dss.spi.x509.TokenIssuerSelector - CERT ISSUER    : c=lu,ou=pki-test,o=nowina solutions,cn=external-ca
11:39:11.134 [pool-7-thread-63] INFO eu.europa.esig.dss.spi.x509.TokenIssuerSelector - ISSUER SUBJECT : c=lu,ou=pki-test,o=nowina solutions,cn=external-ca-alternative
11:39:11.134 [pool-7-thread-63] INFO eu.europa.esig.dss.spi.x509.TokenIssuerSelector - The issuer subject name and subject name does not match (more details in debug mode).
11:39:11.134 [pool-7-thread-63] INFO eu.europa.esig.dss.spi.x509.TokenIssuerSelector - CERT ISSUER    : c=lu,ou=pki-test,o=nowina solutions,cn=external-ca
11:39:11.134 [pool-7-thread-63] INFO eu.europa.esig.dss.spi.x509.TokenIssuerSelector - ISSUER SUBJECT : c=lu,ou=pki-test,o=nowina solutions,cn=external-ca-alternative
11:39:11.136 [pool-7-thread-68] INFO eu.europa.esig.dss.spi.x509.TokenIssuerSelector - The issuer subject name and subject name does not match (more details in debug mode).
11:39:11.136 [pool-7-thread-68] INFO eu.europa.esig.dss.spi.x509.TokenIssuerSelector - CERT ISSUER    : c=lu,ou=pki-test,o=nowina solutions,cn=external-ca
11:39:11.136 [pool-7-thread-68] INFO eu.europa.esig.dss.spi.x509.TokenIssuerSelector - ISSUER SUBJECT : c=lu,ou=pki-test,o=nowina solutions,cn=external-ca-alternative
11:39:11.137 [pool-7-thread-68] INFO eu.europa.esig.dss.spi.x509.TokenIssuerSelector - The issuer subject name and subject name does not match (more details in debug mode).
11:39:11.137 [pool-7-thread-68] INFO eu.europa.esig.dss.spi.x509.TokenIssuerSelector - CERT ISSUER    : c=lu,ou=pki-test,o=nowina solutions,cn=external-ca
11:39:11.137 [pool-7-thread-68] INFO eu.europa.esig.dss.spi.x509.TokenIssuerSelector - ISSUER SUBJECT : c=lu,ou=pki-test,o=nowina solutions,cn=external-ca-alternative
11:39:11.137 [pool-7-thread-68] INFO eu.europa.esig.dss.spi.x509.TokenIssuerSelector - The issuer subject name and subject name does not match (more details in debug mode).
11:39:11.137 [pool-7-thread-68] INFO eu.europa.esig.dss.spi.x509.TokenIssuerSelector - CERT ISSUER    : c=lu,ou=pki-test,o=nowina solutions,cn=external-ca
11:39:11.137 [pool-7-thread-68] INFO eu.europa.esig.dss.spi.x509.TokenIssuerSelector - ISSUER SUBJECT : c=lu,ou=pki-test,o=nowina solutions,cn=external-ca-alternative
11:39:11.137 [pool-7-thread-81] WARN eu.europa.esig.dss.spi.x509.TokenIssuerSelector - No issuer found for the token creation date. The process continues with an issuer which has the same public key.
11:39:11.137 [pool-7-thread-81] WARN eu.europa.esig.dss.spi.x509.TokenIssuerSelector - No issuer found for the token creation date. The process continues with an issuer which has the same public key.
11:39:11.139 [pool-7-thread-67] WARN eu.europa.esig.dss.spi.x509.TokenIssuerSelector - No issuer found for the token creation date. The process continues with an issuer which has the same public key.
11:39:11.139 [pool-7-thread-81] INFO eu.europa.esig.dss.spi.x509.TokenIssuerSelector - The issuer subject name and subject name does not match (more details in debug mode).
11:39:11.139 [pool-7-thread-81] INFO eu.europa.esig.dss.spi.x509.TokenIssuerSelector - CERT ISSUER    : c=lu,ou=pki-test,o=nowina solutions,cn=external-ca
11:39:11.139 [pool-7-thread-81] INFO eu.europa.esig.dss.spi.x509.TokenIssuerSelector - ISSUER SUBJECT : c=lu,ou=pki-test,o=nowina solutions,cn=external-ca-alternative
11:39:11.139 [pool-7-thread-81] INFO eu.europa.esig.dss.spi.x509.TokenIssuerSelector - The issuer subject name and subject name does not match (more details in debug mode).
11:39:11.139 [pool-7-thread-81] INFO eu.europa.esig.dss.spi.x509.TokenIssuerSelector - CERT ISSUER    : c=lu,ou=pki-test,o=nowina solutions,cn=external-ca
11:39:11.139 [pool-7-thread-81] INFO eu.europa.esig.dss.spi.x509.TokenIssuerSelector - ISSUER SUBJECT : c=lu,ou=pki-test,o=nowina solutions,cn=external-ca-alternative
11:39:11.139 [pool-7-thread-81] INFO eu.europa.esig.dss.spi.x509.TokenIssuerSelector - The issuer subject name and subject name does not match (more details in debug mode).
11:39:11.139 [pool-7-thread-81] INFO eu.europa.esig.dss.spi.x509.TokenIssuerSelector - CERT ISSUER    : c=lu,ou=pki-test,o=nowina solutions,cn=external-ca
11:39:11.139 [pool-7-thread-81] INFO eu.europa.esig.dss.spi.x509.TokenIssuerSelector - ISSUER SUBJECT : c=lu,ou=pki-test,o=nowina solutions,cn=external-ca-alternative
11:39:11.141 [pool-7-thread-67] INFO eu.europa.esig.dss.spi.x509.TokenIssuerSelector - The issuer subject name and subject name does not match (more details in debug mode).
11:39:11.141 [pool-7-thread-67] INFO eu.europa.esig.dss.spi.x509.TokenIssuerSelector - CERT ISSUER    : c=lu,ou=pki-test,o=nowina solutions,cn=external-ca
11:39:11.141 [pool-7-thread-67] INFO eu.europa.esig.dss.spi.x509.TokenIssuerSelector - ISSUER SUBJECT : c=lu,ou=pki-test,o=nowina solutions,cn=external-ca-alternative
11:39:11.141 [pool-7-thread-67] INFO eu.europa.esig.dss.spi.x509.TokenIssuerSelector - The issuer subject name and subject name does not match (more details in debug mode).
11:39:11.141 [pool-7-thread-67] INFO eu.europa.esig.dss.spi.x509.TokenIssuerSelector - CERT ISSUER    : c=lu,ou=pki-test,o=nowina solutions,cn=external-ca
11:39:11.141 [pool-7-thread-67] INFO eu.europa.esig.dss.spi.x509.TokenIssuerSelector - ISSUER SUBJECT : c=lu,ou=pki-test,o=nowina solutions,cn=external-ca-alternative
11:39:11.141 [pool-7-thread-67] INFO eu.europa.esig.dss.spi.x509.TokenIssuerSelector - The issuer subject name and subject name does not match (more details in debug mode).
11:39:11.141 [pool-7-thread-67] INFO eu.europa.esig.dss.spi.x509.TokenIssuerSelector - CERT ISSUER    : c=lu,ou=pki-test,o=nowina solutions,cn=external-ca
11:39:11.141 [pool-7-thread-67] INFO eu.europa.esig.dss.spi.x509.TokenIssuerSelector - ISSUER SUBJECT : c=lu,ou=pki-test,o=nowina solutions,cn=external-ca-alternative
11:39:11.141 [pool-7-thread-22] WARN eu.europa.esig.dss.spi.x509.TokenIssuerSelector - No issuer found for the token creation date. The process continues with an issuer which has the same public key.
11:39:11.142 [pool-7-thread-22] WARN eu.europa.esig.dss.spi.x509.TokenIssuerSelector - No issuer found for the token creation date. The process continues with an issuer which has the same public key.
11:39:11.146 [pool-7-thread-22] INFO eu.europa.esig.dss.spi.x509.TokenIssuerSelector - The issuer subject name and subject name does not match (more details in debug mode).
11:39:11.146 [pool-7-thread-22] INFO eu.europa.esig.dss.spi.x509.TokenIssuerSelector - CERT ISSUER    : c=lu,ou=pki-test,o=nowina solutions,cn=external-ca
11:39:11.146 [pool-7-thread-22] INFO eu.europa.esig.dss.spi.x509.TokenIssuerSelector - ISSUER SUBJECT : c=lu,ou=pki-test,o=nowina solutions,cn=external-ca-alternative
11:39:11.146 [pool-7-thread-22] INFO eu.europa.esig.dss.spi.x509.TokenIssuerSelector - The issuer subject name and subject name does not match (more details in debug mode).
11:39:11.146 [pool-7-thread-22] INFO eu.europa.esig.dss.spi.x509.TokenIssuerSelector - CERT ISSUER    : c=lu,ou=pki-test,o=nowina solutions,cn=external-ca
11:39:11.146 [pool-7-thread-22] INFO eu.europa.esig.dss.spi.x509.TokenIssuerSelector - ISSUER SUBJECT : c=lu,ou=pki-test,o=nowina solutions,cn=external-ca-alternative
11:39:11.146 [pool-7-thread-22] INFO eu.europa.esig.dss.spi.x509.TokenIssuerSelector - The issuer subject name and subject name does not match (more details in debug mode).
11:39:11.146 [pool-7-thread-22] INFO eu.europa.esig.dss.spi.x509.TokenIssuerSelector - CERT ISSUER    : c=lu,ou=pki-test,o=nowina solutions,cn=external-ca
11:39:11.146 [pool-7-thread-22] INFO eu.europa.esig.dss.spi.x509.TokenIssuerSelector - ISSUER SUBJECT : c=lu,ou=pki-test,o=nowina solutions,cn=external-ca-alternative
11:39:11.146 [pool-7-thread-39] WARN eu.europa.esig.dss.spi.x509.TokenIssuerSelector - No issuer found for the token creation date. The process continues with an issuer which has the same public key.
11:39:11.148 [pool-7-thread-39] INFO eu.europa.esig.dss.spi.x509.TokenIssuerSelector - The issuer subject name and subject name does not match (more details in debug mode).
11:39:11.148 [pool-7-thread-39] INFO eu.europa.esig.dss.spi.x509.TokenIssuerSelector - CERT ISSUER    : c=lu,ou=pki-test,o=nowina solutions,cn=external-ca
11:39:11.148 [pool-7-thread-39] INFO eu.europa.esig.dss.spi.x509.TokenIssuerSelector - ISSUER SUBJECT : c=lu,ou=pki-test,o=nowina solutions,cn=external-ca-alternative
11:39:11.148 [pool-7-thread-39] INFO eu.europa.esig.dss.spi.x509.TokenIssuerSelector - The issuer subject name and subject name does not match (more details in debug mode).
11:39:11.148 [pool-7-thread-39] INFO eu.europa.esig.dss.spi.x509.TokenIssuerSelector - CERT ISSUER    : c=lu,ou=pki-test,o=nowina solutions,cn=external-ca
11:39:11.148 [pool-7-thread-39] INFO eu.europa.esig.dss.spi.x509.TokenIssuerSelector - ISSUER SUBJECT : c=lu,ou=pki-test,o=nowina solutions,cn=external-ca-alternative
11:39:11.148 [pool-7-thread-39] INFO eu.europa.esig.dss.spi.x509.TokenIssuerSelector - The issuer subject name and subject name does not match (more details in debug mode).
11:39:11.148 [pool-7-thread-39] INFO eu.europa.esig.dss.spi.x509.TokenIssuerSelector - CERT ISSUER    : c=lu,ou=pki-test,o=nowina solutions,cn=external-ca
11:39:11.148 [pool-7-thread-39] INFO eu.europa.esig.dss.spi.x509.TokenIssuerSelector - ISSUER SUBJECT : c=lu,ou=pki-test,o=nowina solutions,cn=external-ca-alternative
11:39:11.148 [pool-7-thread-80] WARN eu.europa.esig.dss.spi.x509.TokenIssuerSelector - No issuer found for the token creation date. The process continues with an issuer which has the same public key.
11:39:11.149 [pool-7-thread-80] WARN eu.europa.esig.dss.spi.x509.TokenIssuerSelector - No issuer found for the token creation date. The process continues with an issuer which has the same public key.
11:39:11.150 [pool-7-thread-75] WARN eu.europa.esig.dss.spi.x509.TokenIssuerSelector - No issuer found for the token creation date. The process continues with an issuer which has the same public key.
11:39:11.152 [pool-7-thread-64] WARN eu.europa.esig.dss.spi.x509.TokenIssuerSelector - No issuer found for the token creation date. The process continues with an issuer which has the same public key.
11:39:11.153 [pool-7-thread-64] WARN eu.europa.esig.dss.spi.x509.TokenIssuerSelector - No issuer found for the token creation date. The process continues with an issuer which has the same public key.
11:39:11.155 [pool-7-thread-90] WARN eu.europa.esig.dss.spi.x509.TokenIssuerSelector - No issuer found for the token creation date. The process continues with an issuer which has the same public key.
11:39:11.155 [pool-7-thread-18] WARN eu.europa.esig.dss.spi.x509.TokenIssuerSelector - No issuer found for the token creation date. The process continues with an issuer which has the same public key.
11:39:11.156 [pool-7-thread-5] WARN eu.europa.esig.dss.spi.x509.TokenIssuerSelector - No issuer found for the token creation date. The process continues with an issuer which has the same public key.
11:39:11.156 [pool-7-thread-45] WARN eu.europa.esig.dss.spi.x509.TokenIssuerSelector - No issuer found for the token creation date. The process continues with an issuer which has the same public key.
11:39:11.159 [pool-7-thread-98] INFO eu.europa.esig.dss.spi.x509.TokenIssuerSelector - The issuer subject name and subject name does not match (more details in debug mode).
11:39:11.159 [pool-7-thread-98] INFO eu.europa.esig.dss.spi.x509.TokenIssuerSelector - CERT ISSUER    : c=lu,ou=pki-test,o=nowina solutions,cn=external-ca
11:39:11.159 [pool-7-thread-98] INFO eu.europa.esig.dss.spi.x509.TokenIssuerSelector - ISSUER SUBJECT : c=lu,ou=pki-test,o=nowina solutions,cn=external-ca-alternative
11:39:11.159 [pool-7-thread-98] INFO eu.europa.esig.dss.spi.x509.TokenIssuerSelector - The issuer subject name and subject name does not match (more details in debug mode).
11:39:11.159 [pool-7-thread-98] INFO eu.europa.esig.dss.spi.x509.TokenIssuerSelector - CERT ISSUER    : c=lu,ou=pki-test,o=nowina solutions,cn=external-ca
11:39:11.159 [pool-7-thread-98] INFO eu.europa.esig.dss.spi.x509.TokenIssuerSelector - ISSUER SUBJECT : c=lu,ou=pki-test,o=nowina solutions,cn=external-ca-alternative
11:39:11.159 [pool-7-thread-98] INFO eu.europa.esig.dss.spi.x509.TokenIssuerSelector - The issuer subject name and subject name does not match (more details in debug mode).
11:39:11.159 [pool-7-thread-98] INFO eu.europa.esig.dss.spi.x509.TokenIssuerSelector - CERT ISSUER    : c=lu,ou=pki-test,o=nowina solutions,cn=external-ca
11:39:11.159 [pool-7-thread-98] INFO eu.europa.esig.dss.spi.x509.TokenIssuerSelector - ISSUER SUBJECT : c=lu,ou=pki-test,o=nowina solutions,cn=external-ca-alternative
11:39:11.161 [pool-7-thread-34] INFO eu.europa.esig.dss.spi.x509.TokenIssuerSelector - The issuer subject name and subject name does not match (more details in debug mode).
11:39:11.161 [pool-7-thread-34] INFO eu.europa.esig.dss.spi.x509.TokenIssuerSelector - CERT ISSUER    : c=lu,ou=pki-test,o=nowina solutions,cn=external-ca
11:39:11.162 [pool-7-thread-34] INFO eu.europa.esig.dss.spi.x509.TokenIssuerSelector - ISSUER SUBJECT : c=lu,ou=pki-test,o=nowina solutions,cn=external-ca-alternative
11:39:11.162 [pool-7-thread-34] INFO eu.europa.esig.dss.spi.x509.TokenIssuerSelector - The issuer subject name and subject name does not match (more details in debug mode).
11:39:11.162 [pool-7-thread-34] INFO eu.europa.esig.dss.spi.x509.TokenIssuerSelector - CERT ISSUER    : c=lu,ou=pki-test,o=nowina solutions,cn=external-ca
11:39:11.162 [pool-7-thread-34] INFO eu.europa.esig.dss.spi.x509.TokenIssuerSelector - ISSUER SUBJECT : c=lu,ou=pki-test,o=nowina solutions,cn=external-ca-alternative
11:39:11.162 [pool-7-thread-34] INFO eu.europa.esig.dss.spi.x509.TokenIssuerSelector - The issuer subject name and subject name does not match (more details in debug mode).
11:39:11.162 [pool-7-thread-34] INFO eu.europa.esig.dss.spi.x509.TokenIssuerSelector - CERT ISSUER    : c=lu,ou=pki-test,o=nowina solutions,cn=external-ca
11:39:11.162 [pool-7-thread-34] INFO eu.europa.esig.dss.spi.x509.TokenIssuerSelector - ISSUER SUBJECT : c=lu,ou=pki-test,o=nowina solutions,cn=external-ca-alternative
11:39:11.165 [pool-7-thread-89] WARN eu.europa.esig.dss.spi.x509.TokenIssuerSelector - No issuer found for the token creation date. The process continues with an issuer which has the same public key.
11:39:11.165 [pool-7-thread-84] WARN eu.europa.esig.dss.spi.x509.TokenIssuerSelector - No issuer found for the token creation date. The process continues with an issuer which has the same public key.
11:39:11.165 [pool-7-thread-89] WARN eu.europa.esig.dss.spi.x509.TokenIssuerSelector - No issuer found for the token creation date. The process continues with an issuer which has the same public key.
11:39:11.166 [pool-7-thread-86] WARN eu.europa.esig.dss.spi.x509.TokenIssuerSelector - No issuer found for the token creation date. The process continues with an issuer which has the same public key.
11:39:11.168 [pool-7-thread-69] INFO eu.europa.esig.dss.spi.x509.TokenIssuerSelector - The issuer subject name and subject name does not match (more details in debug mode).
11:39:11.169 [pool-7-thread-69] INFO eu.europa.esig.dss.spi.x509.TokenIssuerSelector - CERT ISSUER    : c=lu,ou=pki-test,o=nowina solutions,cn=external-ca
11:39:11.169 [pool-7-thread-69] INFO eu.europa.esig.dss.spi.x509.TokenIssuerSelector - ISSUER SUBJECT : c=lu,ou=pki-test,o=nowina solutions,cn=external-ca-alternative
11:39:11.169 [pool-7-thread-69] INFO eu.europa.esig.dss.spi.x509.TokenIssuerSelector - The issuer subject name and subject name does not match (more details in debug mode).
11:39:11.169 [pool-7-thread-69] INFO eu.europa.esig.dss.spi.x509.TokenIssuerSelector - CERT ISSUER    : c=lu,ou=pki-test,o=nowina solutions,cn=external-ca
11:39:11.169 [pool-7-thread-69] INFO eu.europa.esig.dss.spi.x509.TokenIssuerSelector - ISSUER SUBJECT : c=lu,ou=pki-test,o=nowina solutions,cn=external-ca-alternative
11:39:11.169 [pool-7-thread-69] INFO eu.europa.esig.dss.spi.x509.TokenIssuerSelector - The issuer subject name and subject name does not match (more details in debug mode).
11:39:11.169 [pool-7-thread-69] INFO eu.europa.esig.dss.spi.x509.TokenIssuerSelector - CERT ISSUER    : c=lu,ou=pki-test,o=nowina solutions,cn=external-ca
11:39:11.169 [pool-7-thread-69] INFO eu.europa.esig.dss.spi.x509.TokenIssuerSelector - ISSUER SUBJECT : c=lu,ou=pki-test,o=nowina solutions,cn=external-ca-alternative
11:39:11.169 [pool-7-thread-41] WARN eu.europa.esig.dss.spi.x509.TokenIssuerSelector - No issuer found for the token creation date. The process continues with an issuer which has the same public key.
11:39:11.170 [pool-7-thread-77] INFO eu.europa.esig.dss.spi.x509.TokenIssuerSelector - The issuer subject name and subject name does not match (more details in debug mode).
11:39:11.170 [pool-7-thread-77] INFO eu.europa.esig.dss.spi.x509.TokenIssuerSelector - CERT ISSUER    : c=lu,ou=pki-test,o=nowina solutions,cn=external-ca
11:39:11.170 [pool-7-thread-77] INFO eu.europa.esig.dss.spi.x509.TokenIssuerSelector - ISSUER SUBJECT : c=lu,ou=pki-test,o=nowina solutions,cn=external-ca-alternative
11:39:11.170 [pool-7-thread-77] INFO eu.europa.esig.dss.spi.x509.TokenIssuerSelector - The issuer subject name and subject name does not match (more details in debug mode).
11:39:11.170 [pool-7-thread-77] INFO eu.europa.esig.dss.spi.x509.TokenIssuerSelector - CERT ISSUER    : c=lu,ou=pki-test,o=nowina solutions,cn=external-ca
11:39:11.170 [pool-7-thread-77] INFO eu.europa.esig.dss.spi.x509.TokenIssuerSelector - ISSUER SUBJECT : c=lu,ou=pki-test,o=nowina solutions,cn=external-ca-alternative
11:39:11.170 [pool-7-thread-77] INFO eu.europa.esig.dss.spi.x509.TokenIssuerSelector - The issuer subject name and subject name does not match (more details in debug mode).
11:39:11.170 [pool-7-thread-77] INFO eu.europa.esig.dss.spi.x509.TokenIssuerSelector - CERT ISSUER    : c=lu,ou=pki-test,o=nowina solutions,cn=external-ca
11:39:11.170 [pool-7-thread-77] INFO eu.europa.esig.dss.spi.x509.TokenIssuerSelector - ISSUER SUBJECT : c=lu,ou=pki-test,o=nowina solutions,cn=external-ca-alternative
11:39:11.170 [pool-7-thread-73] WARN eu.europa.esig.dss.spi.x509.TokenIssuerSelector - No issuer found for the token creation date. The process continues with an issuer which has the same public key.
11:39:11.171 [pool-7-thread-32] WARN eu.europa.esig.dss.spi.x509.TokenIssuerSelector - No issuer found for the token creation date. The process continues with an issuer which has the same public key.
11:39:11.173 [pool-7-thread-32] INFO eu.europa.esig.dss.spi.x509.TokenIssuerSelector - The issuer subject name and subject name does not match (more details in debug mode).
11:39:11.173 [pool-7-thread-32] INFO eu.europa.esig.dss.spi.x509.TokenIssuerSelector - CERT ISSUER    : c=lu,ou=pki-test,o=nowina solutions,cn=external-ca
11:39:11.173 [pool-7-thread-32] INFO eu.europa.esig.dss.spi.x509.TokenIssuerSelector - ISSUER SUBJECT : c=lu,ou=pki-test,o=nowina solutions,cn=external-ca-alternative
11:39:11.173 [pool-7-thread-32] INFO eu.europa.esig.dss.spi.x509.TokenIssuerSelector - The issuer subject name and subject name does not match (more details in debug mode).
11:39:11.173 [pool-7-thread-32] INFO eu.europa.esig.dss.spi.x509.TokenIssuerSelector - CERT ISSUER    : c=lu,ou=pki-test,o=nowina solutions,cn=external-ca
11:39:11.173 [pool-7-thread-32] INFO eu.europa.esig.dss.spi.x509.TokenIssuerSelector - ISSUER SUBJECT : c=lu,ou=pki-test,o=nowina solutions,cn=external-ca-alternative
11:39:11.173 [pool-7-thread-32] INFO eu.europa.esig.dss.spi.x509.TokenIssuerSelector - The issuer subject name and subject name does not match (more details in debug mode).
11:39:11.173 [pool-7-thread-32] INFO eu.europa.esig.dss.spi.x509.TokenIssuerSelector - CERT ISSUER    : c=lu,ou=pki-test,o=nowina solutions,cn=external-ca
11:39:11.173 [pool-7-thread-32] INFO eu.europa.esig.dss.spi.x509.TokenIssuerSelector - ISSUER SUBJECT : c=lu,ou=pki-test,o=nowina solutions,cn=external-ca-alternative
11:39:11.174 [pool-7-thread-20] WARN eu.europa.esig.dss.spi.x509.TokenIssuerSelector - No issuer found for the token creation date. The process continues with an issuer which has the same public key.
11:39:11.175 [pool-7-thread-20] INFO eu.europa.esig.dss.spi.x509.TokenIssuerSelector - The issuer subject name and subject name does not match (more details in debug mode).
11:39:11.175 [pool-7-thread-20] INFO eu.europa.esig.dss.spi.x509.TokenIssuerSelector - CERT ISSUER    : c=lu,ou=pki-test,o=nowina solutions,cn=external-ca
11:39:11.175 [pool-7-thread-20] INFO eu.europa.esig.dss.spi.x509.TokenIssuerSelector - ISSUER SUBJECT : c=lu,ou=pki-test,o=nowina solutions,cn=external-ca-alternative
11:39:11.175 [pool-7-thread-20] INFO eu.europa.esig.dss.spi.x509.TokenIssuerSelector - The issuer subject name and subject name does not match (more details in debug mode).
11:39:11.175 [pool-7-thread-20] INFO eu.europa.esig.dss.spi.x509.TokenIssuerSelector - CERT ISSUER    : c=lu,ou=pki-test,o=nowina solutions,cn=external-ca
11:39:11.175 [pool-7-thread-20] INFO eu.europa.esig.dss.spi.x509.TokenIssuerSelector - ISSUER SUBJECT : c=lu,ou=pki-test,o=nowina solutions,cn=external-ca-alternative
11:39:11.175 [pool-7-thread-20] INFO eu.europa.esig.dss.spi.x509.TokenIssuerSelector - The issuer subject name and subject name does not match (more details in debug mode).
11:39:11.175 [pool-7-thread-20] INFO eu.europa.esig.dss.spi.x509.TokenIssuerSelector - CERT ISSUER    : c=lu,ou=pki-test,o=nowina solutions,cn=external-ca
11:39:11.175 [pool-7-thread-20] INFO eu.europa.esig.dss.spi.x509.TokenIssuerSelector - ISSUER SUBJECT : c=lu,ou=pki-test,o=nowina solutions,cn=external-ca-alternative
11:39:11.179 [pool-7-thread-65] WARN eu.europa.esig.dss.spi.x509.TokenIssuerSelector - No issuer found for the token creation date. The process continues with an issuer which has the same public key.
11:39:11.179 [pool-7-thread-70] WARN eu.europa.esig.dss.spi.x509.TokenIssuerSelector - No issuer found for the token creation date. The process continues with an issuer which has the same public key.
11:39:11.181 [pool-7-thread-70] INFO eu.europa.esig.dss.spi.x509.TokenIssuerSelector - The issuer subject name and subject name does not match (more details in debug mode).
11:39:11.181 [pool-7-thread-70] INFO eu.europa.esig.dss.spi.x509.TokenIssuerSelector - CERT ISSUER    : c=lu,ou=pki-test,o=nowina solutions,cn=external-ca
11:39:11.181 [pool-7-thread-70] INFO eu.europa.esig.dss.spi.x509.TokenIssuerSelector - ISSUER SUBJECT : c=lu,ou=pki-test,o=nowina solutions,cn=external-ca-alternative
11:39:11.181 [pool-7-thread-70] INFO eu.europa.esig.dss.spi.x509.TokenIssuerSelector - The issuer subject name and subject name does not match (more details in debug mode).
11:39:11.181 [pool-7-thread-70] INFO eu.europa.esig.dss.spi.x509.TokenIssuerSelector - CERT ISSUER    : c=lu,ou=pki-test,o=nowina solutions,cn=external-ca
11:39:11.181 [pool-7-thread-70] INFO eu.europa.esig.dss.spi.x509.TokenIssuerSelector - ISSUER SUBJECT : c=lu,ou=pki-test,o=nowina solutions,cn=external-ca-alternative
11:39:11.181 [pool-7-thread-70] INFO eu.europa.esig.dss.spi.x509.TokenIssuerSelector - The issuer subject name and subject name does not match (more details in debug mode).
11:39:11.181 [pool-7-thread-70] INFO eu.europa.esig.dss.spi.x509.TokenIssuerSelector - CERT ISSUER    : c=lu,ou=pki-test,o=nowina solutions,cn=external-ca
11:39:11.181 [pool-7-thread-70] INFO eu.europa.esig.dss.spi.x509.TokenIssuerSelector - ISSUER SUBJECT : c=lu,ou=pki-test,o=nowina solutions,cn=external-ca-alternative
11:39:11.182 [pool-7-thread-87] WARN eu.europa.esig.dss.spi.x509.TokenIssuerSelector - No issuer found for the token creation date. The process continues with an issuer which has the same public key.
11:39:11.183 [pool-7-thread-1] WARN eu.europa.esig.dss.spi.x509.TokenIssuerSelector - No issuer found for the token creation date. The process continues with an issuer which has the same public key.
11:39:11.183 [pool-7-thread-38] INFO eu.europa.esig.dss.spi.x509.TokenIssuerSelector - The issuer subject name and subject name does not match (more details in debug mode).
11:39:11.183 [pool-7-thread-38] INFO eu.europa.esig.dss.spi.x509.TokenIssuerSelector - CERT ISSUER    : c=lu,ou=pki-test,o=nowina solutions,cn=external-ca
11:39:11.183 [pool-7-thread-38] INFO eu.europa.esig.dss.spi.x509.TokenIssuerSelector - ISSUER SUBJECT : c=lu,ou=pki-test,o=nowina solutions,cn=external-ca-alternative
11:39:11.183 [pool-7-thread-38] INFO eu.europa.esig.dss.spi.x509.TokenIssuerSelector - The issuer subject name and subject name does not match (more details in debug mode).
11:39:11.183 [pool-7-thread-38] INFO eu.europa.esig.dss.spi.x509.TokenIssuerSelector - CERT ISSUER    : c=lu,ou=pki-test,o=nowina solutions,cn=external-ca
11:39:11.183 [pool-7-thread-38] INFO eu.europa.esig.dss.spi.x509.TokenIssuerSelector - ISSUER SUBJECT : c=lu,ou=pki-test,o=nowina solutions,cn=external-ca-alternative
11:39:11.183 [pool-7-thread-38] INFO eu.europa.esig.dss.spi.x509.TokenIssuerSelector - The issuer subject name and subject name does not match (more details in debug mode).
11:39:11.183 [pool-7-thread-38] INFO eu.europa.esig.dss.spi.x509.TokenIssuerSelector - CERT ISSUER    : c=lu,ou=pki-test,o=nowina solutions,cn=external-ca
11:39:11.183 [pool-7-thread-38] INFO eu.europa.esig.dss.spi.x509.TokenIssuerSelector - ISSUER SUBJECT : c=lu,ou=pki-test,o=nowina solutions,cn=external-ca-alternative
11:39:11.185 [pool-7-thread-1] INFO eu.europa.esig.dss.spi.x509.TokenIssuerSelector - The issuer subject name and subject name does not match (more details in debug mode).
11:39:11.185 [pool-7-thread-2] WARN eu.europa.esig.dss.spi.x509.TokenIssuerSelector - No issuer found for the token creation date. The process continues with an issuer which has the same public key.
11:39:11.185 [pool-7-thread-1] INFO eu.europa.esig.dss.spi.x509.TokenIssuerSelector - CERT ISSUER    : c=lu,ou=pki-test,o=nowina solutions,cn=external-ca
11:39:11.185 [pool-7-thread-1] INFO eu.europa.esig.dss.spi.x509.TokenIssuerSelector - ISSUER SUBJECT : c=lu,ou=pki-test,o=nowina solutions,cn=external-ca-alternative
11:39:11.185 [pool-7-thread-1] INFO eu.europa.esig.dss.spi.x509.TokenIssuerSelector - The issuer subject name and subject name does not match (more details in debug mode).
11:39:11.185 [pool-7-thread-1] INFO eu.europa.esig.dss.spi.x509.TokenIssuerSelector - CERT ISSUER    : c=lu,ou=pki-test,o=nowina solutions,cn=external-ca
11:39:11.185 [pool-7-thread-1] INFO eu.europa.esig.dss.spi.x509.TokenIssuerSelector - ISSUER SUBJECT : c=lu,ou=pki-test,o=nowina solutions,cn=external-ca-alternative
11:39:11.185 [pool-7-thread-1] INFO eu.europa.esig.dss.spi.x509.TokenIssuerSelector - The issuer subject name and subject name does not match (more details in debug mode).
11:39:11.185 [pool-7-thread-1] INFO eu.europa.esig.dss.spi.x509.TokenIssuerSelector - CERT ISSUER    : c=lu,ou=pki-test,o=nowina solutions,cn=external-ca
11:39:11.185 [pool-7-thread-1] INFO eu.europa.esig.dss.spi.x509.TokenIssuerSelector - ISSUER SUBJECT : c=lu,ou=pki-test,o=nowina solutions,cn=external-ca-alternative
11:39:11.186 [pool-7-thread-43] WARN eu.europa.esig.dss.spi.x509.TokenIssuerSelector - No issuer found for the token creation date. The process continues with an issuer which has the same public key.
11:39:11.186 [pool-7-thread-16] WARN eu.europa.esig.dss.spi.x509.TokenIssuerSelector - No issuer found for the token creation date. The process continues with an issuer which has the same public key.
11:39:11.188 [pool-7-thread-16] INFO eu.europa.esig.dss.spi.x509.TokenIssuerSelector - The issuer subject name and subject name does not match (more details in debug mode).
11:39:11.188 [pool-7-thread-16] INFO eu.europa.esig.dss.spi.x509.TokenIssuerSelector - CERT ISSUER    : c=lu,ou=pki-test,o=nowina solutions,cn=external-ca
11:39:11.188 [pool-7-thread-16] INFO eu.europa.esig.dss.spi.x509.TokenIssuerSelector - ISSUER SUBJECT : c=lu,ou=pki-test,o=nowina solutions,cn=external-ca-alternative
11:39:11.188 [pool-7-thread-16] INFO eu.europa.esig.dss.spi.x509.TokenIssuerSelector - The issuer subject name and subject name does not match (more details in debug mode).
11:39:11.188 [pool-7-thread-16] INFO eu.europa.esig.dss.spi.x509.TokenIssuerSelector - CERT ISSUER    : c=lu,ou=pki-test,o=nowina solutions,cn=external-ca
11:39:11.188 [pool-7-thread-16] INFO eu.europa.esig.dss.spi.x509.TokenIssuerSelector - ISSUER SUBJECT : c=lu,ou=pki-test,o=nowina solutions,cn=external-ca-alternative
11:39:11.188 [pool-7-thread-16] INFO eu.europa.esig.dss.spi.x509.TokenIssuerSelector - The issuer subject name and subject name does not match (more details in debug mode).
11:39:11.188 [pool-7-thread-16] INFO eu.europa.esig.dss.spi.x509.TokenIssuerSelector - CERT ISSUER    : c=lu,ou=pki-test,o=nowina solutions,cn=external-ca
11:39:11.188 [pool-7-thread-16] INFO eu.europa.esig.dss.spi.x509.TokenIssuerSelector - ISSUER SUBJECT : c=lu,ou=pki-test,o=nowina solutions,cn=external-ca-alternative
11:39:11.188 [pool-7-thread-78] WARN eu.europa.esig.dss.spi.x509.TokenIssuerSelector - No issuer found for the token creation date. The process continues with an issuer which has the same public key.
11:39:11.189 [pool-7-thread-66] INFO eu.europa.esig.dss.spi.x509.TokenIssuerSelector - The issuer subject name and subject name does not match (more details in debug mode).
11:39:11.189 [pool-7-thread-66] INFO eu.europa.esig.dss.spi.x509.TokenIssuerSelector - CERT ISSUER    : c=lu,ou=pki-test,o=nowina solutions,cn=external-ca
11:39:11.189 [pool-7-thread-66] INFO eu.europa.esig.dss.spi.x509.TokenIssuerSelector - ISSUER SUBJECT : c=lu,ou=pki-test,o=nowina solutions,cn=external-ca-alternative
11:39:11.189 [pool-7-thread-66] INFO eu.europa.esig.dss.spi.x509.TokenIssuerSelector - The issuer subject name and subject name does not match (more details in debug mode).
11:39:11.189 [pool-7-thread-66] INFO eu.europa.esig.dss.spi.x509.TokenIssuerSelector - CERT ISSUER    : c=lu,ou=pki-test,o=nowina solutions,cn=external-ca
11:39:11.189 [pool-7-thread-66] INFO eu.europa.esig.dss.spi.x509.TokenIssuerSelector - ISSUER SUBJECT : c=lu,ou=pki-test,o=nowina solutions,cn=external-ca-alternative
11:39:11.189 [pool-7-thread-62] WARN eu.europa.esig.dss.spi.x509.TokenIssuerSelector - No issuer found for the token creation date. The process continues with an issuer which has the same public key.
11:39:11.189 [pool-7-thread-66] INFO eu.europa.esig.dss.spi.x509.TokenIssuerSelector - The issuer subject name and subject name does not match (more details in debug mode).
11:39:11.189 [pool-7-thread-66] INFO eu.europa.esig.dss.spi.x509.TokenIssuerSelector - CERT ISSUER    : c=lu,ou=pki-test,o=nowina solutions,cn=external-ca
11:39:11.189 [pool-7-thread-66] INFO eu.europa.esig.dss.spi.x509.TokenIssuerSelector - ISSUER SUBJECT : c=lu,ou=pki-test,o=nowina solutions,cn=external-ca-alternative
11:39:11.191 [pool-7-thread-62] INFO eu.europa.esig.dss.spi.x509.TokenIssuerSelector - The issuer subject name and subject name does not match (more details in debug mode).
11:39:11.191 [pool-7-thread-62] INFO eu.europa.esig.dss.spi.x509.TokenIssuerSelector - CERT ISSUER    : c=lu,ou=pki-test,o=nowina solutions,cn=external-ca
11:39:11.191 [pool-7-thread-62] INFO eu.europa.esig.dss.spi.x509.TokenIssuerSelector - ISSUER SUBJECT : c=lu,ou=pki-test,o=nowina solutions,cn=external-ca-alternative
11:39:11.191 [pool-7-thread-62] INFO eu.europa.esig.dss.spi.x509.TokenIssuerSelector - The issuer subject name and subject name does not match (more details in debug mode).
11:39:11.191 [pool-7-thread-62] INFO eu.europa.esig.dss.spi.x509.TokenIssuerSelector - CERT ISSUER    : c=lu,ou=pki-test,o=nowina solutions,cn=external-ca
11:39:11.191 [pool-7-thread-62] INFO eu.europa.esig.dss.spi.x509.TokenIssuerSelector - ISSUER SUBJECT : c=lu,ou=pki-test,o=nowina solutions,cn=external-ca-alternative
11:39:11.191 [pool-7-thread-62] INFO eu.europa.esig.dss.spi.x509.TokenIssuerSelector - The issuer subject name and subject name does not match (more details in debug mode).
11:39:11.191 [pool-7-thread-62] INFO eu.europa.esig.dss.spi.x509.TokenIssuerSelector - CERT ISSUER    : c=lu,ou=pki-test,o=nowina solutions,cn=external-ca
11:39:11.191 [pool-7-thread-62] INFO eu.europa.esig.dss.spi.x509.TokenIssuerSelector - ISSUER SUBJECT : c=lu,ou=pki-test,o=nowina solutions,cn=external-ca-alternative
11:39:11.192 [pool-7-thread-9] INFO eu.europa.esig.dss.spi.x509.TokenIssuerSelector - The issuer subject name and subject name does not match (more details in debug mode).
11:39:11.192 [pool-7-thread-9] INFO eu.europa.esig.dss.spi.x509.TokenIssuerSelector - CERT ISSUER    : c=lu,ou=pki-test,o=nowina solutions,cn=external-ca
11:39:11.192 [pool-7-thread-9] INFO eu.europa.esig.dss.spi.x509.TokenIssuerSelector - ISSUER SUBJECT : c=lu,ou=pki-test,o=nowina solutions,cn=external-ca-alternative
11:39:11.192 [pool-7-thread-9] INFO eu.europa.esig.dss.spi.x509.TokenIssuerSelector - The issuer subject name and subject name does not match (more details in debug mode).
11:39:11.192 [pool-7-thread-9] INFO eu.europa.esig.dss.spi.x509.TokenIssuerSelector - CERT ISSUER    : c=lu,ou=pki-test,o=nowina solutions,cn=external-ca
11:39:11.192 [pool-7-thread-9] INFO eu.europa.esig.dss.spi.x509.TokenIssuerSelector - ISSUER SUBJECT : c=lu,ou=pki-test,o=nowina solutions,cn=external-ca-alternative
11:39:11.192 [pool-7-thread-9] INFO eu.europa.esig.dss.spi.x509.TokenIssuerSelector - The issuer subject name and subject name does not match (more details in debug mode).
11:39:11.192 [pool-7-thread-9] INFO eu.europa.esig.dss.spi.x509.TokenIssuerSelector - CERT ISSUER    : c=lu,ou=pki-test,o=nowina solutions,cn=external-ca
11:39:11.192 [pool-7-thread-9] INFO eu.europa.esig.dss.spi.x509.TokenIssuerSelector - ISSUER SUBJECT : c=lu,ou=pki-test,o=nowina solutions,cn=external-ca-alternative
11:39:11.193 [pool-7-thread-37] INFO eu.europa.esig.dss.spi.x509.TokenIssuerSelector - The issuer subject name and subject name does not match (more details in debug mode).
11:39:11.193 [pool-7-thread-37] INFO eu.europa.esig.dss.spi.x509.TokenIssuerSelector - CERT ISSUER    : c=lu,ou=pki-test,o=nowina solutions,cn=external-ca
11:39:11.193 [pool-7-thread-37] INFO eu.europa.esig.dss.spi.x509.TokenIssuerSelector - ISSUER SUBJECT : c=lu,ou=pki-test,o=nowina solutions,cn=external-ca-alternative
11:39:11.193 [pool-7-thread-37] INFO eu.europa.esig.dss.spi.x509.TokenIssuerSelector - The issuer subject name and subject name does not match (more details in debug mode).
11:39:11.193 [pool-7-thread-37] INFO eu.europa.esig.dss.spi.x509.TokenIssuerSelector - CERT ISSUER    : c=lu,ou=pki-test,o=nowina solutions,cn=external-ca
11:39:11.193 [pool-7-thread-37] INFO eu.europa.esig.dss.spi.x509.TokenIssuerSelector - ISSUER SUBJECT : c=lu,ou=pki-test,o=nowina solutions,cn=external-ca-alternative
11:39:11.193 [pool-7-thread-37] INFO eu.europa.esig.dss.spi.x509.TokenIssuerSelector - The issuer subject name and subject name does not match (more details in debug mode).
11:39:11.193 [pool-7-thread-37] INFO eu.europa.esig.dss.spi.x509.TokenIssuerSelector - CERT ISSUER    : c=lu,ou=pki-test,o=nowina solutions,cn=external-ca
11:39:11.193 [pool-7-thread-37] INFO eu.europa.esig.dss.spi.x509.TokenIssuerSelector - ISSUER SUBJECT : c=lu,ou=pki-test,o=nowina solutions,cn=external-ca-alternative
11:39:11.195 [pool-7-thread-19] INFO eu.europa.esig.dss.spi.x509.TokenIssuerSelector - The issuer subject name and subject name does not match (more details in debug mode).
11:39:11.195 [pool-7-thread-19] INFO eu.europa.esig.dss.spi.x509.TokenIssuerSelector - CERT ISSUER    : c=lu,ou=pki-test,o=nowina solutions,cn=external-ca
11:39:11.195 [pool-7-thread-19] INFO eu.europa.esig.dss.spi.x509.TokenIssuerSelector - ISSUER SUBJECT : c=lu,ou=pki-test,o=nowina solutions,cn=external-ca-alternative
11:39:11.195 [pool-7-thread-19] INFO eu.europa.esig.dss.spi.x509.TokenIssuerSelector - The issuer subject name and subject name does not match (more details in debug mode).
11:39:11.195 [pool-7-thread-19] INFO eu.europa.esig.dss.spi.x509.TokenIssuerSelector - CERT ISSUER    : c=lu,ou=pki-test,o=nowina solutions,cn=external-ca
11:39:11.195 [pool-7-thread-19] INFO eu.europa.esig.dss.spi.x509.TokenIssuerSelector - ISSUER SUBJECT : c=lu,ou=pki-test,o=nowina solutions,cn=external-ca-alternative
11:39:11.195 [pool-7-thread-19] INFO eu.europa.esig.dss.spi.x509.TokenIssuerSelector - The issuer subject name and subject name does not match (more details in debug mode).
11:39:11.195 [pool-7-thread-19] INFO eu.europa.esig.dss.spi.x509.TokenIssuerSelector - CERT ISSUER    : c=lu,ou=pki-test,o=nowina solutions,cn=external-ca
11:39:11.195 [pool-7-thread-19] INFO eu.europa.esig.dss.spi.x509.TokenIssuerSelector - ISSUER SUBJECT : c=lu,ou=pki-test,o=nowina solutions,cn=external-ca-alternative
11:39:11.195 [pool-7-thread-60] WARN eu.europa.esig.dss.spi.x509.TokenIssuerSelector - No issuer found for the token creation date. The process continues with an issuer which has the same public key.
11:39:11.196 [pool-7-thread-7] WARN eu.europa.esig.dss.spi.x509.TokenIssuerSelector - No issuer found for the token creation date. The process continues with an issuer which has the same public key.
11:39:11.196 [pool-7-thread-54] INFO eu.europa.esig.dss.spi.x509.TokenIssuerSelector - The issuer subject name and subject name does not match (more details in debug mode).
11:39:11.196 [pool-7-thread-54] INFO eu.europa.esig.dss.spi.x509.TokenIssuerSelector - CERT ISSUER    : c=lu,ou=pki-test,o=nowina solutions,cn=external-ca
11:39:11.196 [pool-7-thread-54] INFO eu.europa.esig.dss.spi.x509.TokenIssuerSelector - ISSUER SUBJECT : c=lu,ou=pki-test,o=nowina solutions,cn=external-ca-alternative
11:39:11.196 [pool-7-thread-54] INFO eu.europa.esig.dss.spi.x509.TokenIssuerSelector - The issuer subject name and subject name does not match (more details in debug mode).
11:39:11.196 [pool-7-thread-54] INFO eu.europa.esig.dss.spi.x509.TokenIssuerSelector - CERT ISSUER    : c=lu,ou=pki-test,o=nowina solutions,cn=external-ca
11:39:11.196 [pool-7-thread-54] INFO eu.europa.esig.dss.spi.x509.TokenIssuerSelector - ISSUER SUBJECT : c=lu,ou=pki-test,o=nowina solutions,cn=external-ca-alternative
11:39:11.196 [pool-7-thread-54] INFO eu.europa.esig.dss.spi.x509.TokenIssuerSelector - The issuer subject name and subject name does not match (more details in debug mode).
11:39:11.196 [pool-7-thread-54] INFO eu.europa.esig.dss.spi.x509.TokenIssuerSelector - CERT ISSUER    : c=lu,ou=pki-test,o=nowina solutions,cn=external-ca
11:39:11.196 [pool-7-thread-54] INFO eu.europa.esig.dss.spi.x509.TokenIssuerSelector - ISSUER SUBJECT : c=lu,ou=pki-test,o=nowina solutions,cn=external-ca-alternative
11:39:11.198 [pool-7-thread-50] WARN eu.europa.esig.dss.spi.x509.TokenIssuerSelector - No issuer found for the token creation date. The process continues with an issuer which has the same public key.
11:39:11.199 [pool-7-thread-52] WARN eu.europa.esig.dss.spi.x509.TokenIssuerSelector - No issuer found for the token creation date. The process continues with an issuer which has the same public key.
11:39:11.199 [pool-7-thread-23] INFO eu.europa.esig.dss.spi.x509.TokenIssuerSelector - The issuer subject name and subject name does not match (more details in debug mode).
11:39:11.199 [pool-7-thread-23] INFO eu.europa.esig.dss.spi.x509.TokenIssuerSelector - CERT ISSUER    : c=lu,ou=pki-test,o=nowina solutions,cn=external-ca
11:39:11.199 [pool-7-thread-23] INFO eu.europa.esig.dss.spi.x509.TokenIssuerSelector - ISSUER SUBJECT : c=lu,ou=pki-test,o=nowina solutions,cn=external-ca-alternative
11:39:11.199 [pool-7-thread-23] INFO eu.europa.esig.dss.spi.x509.TokenIssuerSelector - The issuer subject name and subject name does not match (more details in debug mode).
11:39:11.199 [pool-7-thread-23] INFO eu.europa.esig.dss.spi.x509.TokenIssuerSelector - CERT ISSUER    : c=lu,ou=pki-test,o=nowina solutions,cn=external-ca
11:39:11.199 [pool-7-thread-23] INFO eu.europa.esig.dss.spi.x509.TokenIssuerSelector - ISSUER SUBJECT : c=lu,ou=pki-test,o=nowina solutions,cn=external-ca-alternative
11:39:11.199 [pool-7-thread-23] INFO eu.europa.esig.dss.spi.x509.TokenIssuerSelector - The issuer subject name and subject name does not match (more details in debug mode).
11:39:11.199 [pool-7-thread-23] INFO eu.europa.esig.dss.spi.x509.TokenIssuerSelector - CERT ISSUER    : c=lu,ou=pki-test,o=nowina solutions,cn=external-ca
11:39:11.199 [pool-7-thread-23] INFO eu.europa.esig.dss.spi.x509.TokenIssuerSelector - ISSUER SUBJECT : c=lu,ou=pki-test,o=nowina solutions,cn=external-ca-alternative
11:39:11.200 [pool-7-thread-25] WARN eu.europa.esig.dss.spi.x509.TokenIssuerSelector - No issuer found for the token creation date. The process continues with an issuer which has the same public key.
11:39:11.201 [pool-7-thread-12] INFO eu.europa.esig.dss.spi.x509.TokenIssuerSelector - The issuer subject name and subject name does not match (more details in debug mode).
11:39:11.201 [pool-7-thread-12] INFO eu.europa.esig.dss.spi.x509.TokenIssuerSelector - CERT ISSUER    : c=lu,ou=pki-test,o=nowina solutions,cn=external-ca
11:39:11.201 [pool-7-thread-12] INFO eu.europa.esig.dss.spi.x509.TokenIssuerSelector - ISSUER SUBJECT : c=lu,ou=pki-test,o=nowina solutions,cn=external-ca-alternative
11:39:11.201 [pool-7-thread-12] INFO eu.europa.esig.dss.spi.x509.TokenIssuerSelector - The issuer subject name and subject name does not match (more details in debug mode).
11:39:11.201 [pool-7-thread-12] INFO eu.europa.esig.dss.spi.x509.TokenIssuerSelector - CERT ISSUER    : c=lu,ou=pki-test,o=nowina solutions,cn=external-ca
11:39:11.201 [pool-7-thread-12] INFO eu.europa.esig.dss.spi.x509.TokenIssuerSelector - ISSUER SUBJECT : c=lu,ou=pki-test,o=nowina solutions,cn=external-ca-alternative
11:39:11.201 [pool-7-thread-12] INFO eu.europa.esig.dss.spi.x509.TokenIssuerSelector - The issuer subject name and subject name does not match (more details in debug mode).
11:39:11.201 [pool-7-thread-12] INFO eu.europa.esig.dss.spi.x509.TokenIssuerSelector - CERT ISSUER    : c=lu,ou=pki-test,o=nowina solutions,cn=external-ca
11:39:11.201 [pool-7-thread-12] INFO eu.europa.esig.dss.spi.x509.TokenIssuerSelector - ISSUER SUBJECT : c=lu,ou=pki-test,o=nowina solutions,cn=external-ca-alternative
11:39:11.202 [pool-7-thread-49] WARN eu.europa.esig.dss.spi.x509.TokenIssuerSelector - No issuer found for the token creation date. The process continues with an issuer which has the same public key.
11:39:11.203 [pool-7-thread-27] WARN eu.europa.esig.dss.spi.x509.TokenIssuerSelector - No issuer found for the token creation date. The process continues with an issuer which has the same public key.
11:39:11.205 [pool-7-thread-47] INFO eu.europa.esig.dss.spi.x509.TokenIssuerSelector - The issuer subject name and subject name does not match (more details in debug mode).
11:39:11.205 [pool-7-thread-47] INFO eu.europa.esig.dss.spi.x509.TokenIssuerSelector - CERT ISSUER    : c=lu,ou=pki-test,o=nowina solutions,cn=external-ca
11:39:11.205 [pool-7-thread-47] INFO eu.europa.esig.dss.spi.x509.TokenIssuerSelector - ISSUER SUBJECT : c=lu,ou=pki-test,o=nowina solutions,cn=external-ca-alternative
11:39:11.205 [pool-7-thread-47] INFO eu.europa.esig.dss.spi.x509.TokenIssuerSelector - The issuer subject name and subject name does not match (more details in debug mode).
11:39:11.205 [pool-7-thread-47] INFO eu.europa.esig.dss.spi.x509.TokenIssuerSelector - CERT ISSUER    : c=lu,ou=pki-test,o=nowina solutions,cn=external-ca
11:39:11.205 [pool-7-thread-47] INFO eu.europa.esig.dss.spi.x509.TokenIssuerSelector - ISSUER SUBJECT : c=lu,ou=pki-test,o=nowina solutions,cn=external-ca-alternative
11:39:11.205 [pool-7-thread-47] INFO eu.europa.esig.dss.spi.x509.TokenIssuerSelector - The issuer subject name and subject name does not match (more details in debug mode).
11:39:11.205 [pool-7-thread-47] INFO eu.europa.esig.dss.spi.x509.TokenIssuerSelector - CERT ISSUER    : c=lu,ou=pki-test,o=nowina solutions,cn=external-ca
11:39:11.205 [pool-7-thread-47] INFO eu.europa.esig.dss.spi.x509.TokenIssuerSelector - ISSUER SUBJECT : c=lu,ou=pki-test,o=nowina solutions,cn=external-ca-alternative
11:39:11.205 [pool-7-thread-8] WARN eu.europa.esig.dss.spi.x509.TokenIssuerSelector - No issuer found for the token creation date. The process continues with an issuer which has the same public key.
11:39:11.206 [pool-7-thread-51] WARN eu.europa.esig.dss.spi.x509.TokenIssuerSelector - No issuer found for the token creation date. The process continues with an issuer which has the same public key.
11:39:11.207 [pool-7-thread-48] INFO eu.europa.esig.dss.spi.x509.TokenIssuerSelector - The issuer subject name and subject name does not match (more details in debug mode).
11:39:11.207 [pool-7-thread-48] INFO eu.europa.esig.dss.spi.x509.TokenIssuerSelector - CERT ISSUER    : c=lu,ou=pki-test,o=nowina solutions,cn=external-ca
11:39:11.207 [pool-7-thread-48] INFO eu.europa.esig.dss.spi.x509.TokenIssuerSelector - ISSUER SUBJECT : c=lu,ou=pki-test,o=nowina solutions,cn=external-ca-alternative
11:39:11.207 [pool-7-thread-48] INFO eu.europa.esig.dss.spi.x509.TokenIssuerSelector - The issuer subject name and subject name does not match (more details in debug mode).
11:39:11.207 [pool-7-thread-48] INFO eu.europa.esig.dss.spi.x509.TokenIssuerSelector - CERT ISSUER    : c=lu,ou=pki-test,o=nowina solutions,cn=external-ca
11:39:11.207 [pool-7-thread-48] INFO eu.europa.esig.dss.spi.x509.TokenIssuerSelector - ISSUER SUBJECT : c=lu,ou=pki-test,o=nowina solutions,cn=external-ca-alternative
11:39:11.207 [pool-7-thread-48] INFO eu.europa.esig.dss.spi.x509.TokenIssuerSelector - The issuer subject name and subject name does not match (more details in debug mode).
11:39:11.207 [pool-7-thread-48] INFO eu.europa.esig.dss.spi.x509.TokenIssuerSelector - CERT ISSUER    : c=lu,ou=pki-test,o=nowina solutions,cn=external-ca
11:39:11.207 [pool-7-thread-48] INFO eu.europa.esig.dss.spi.x509.TokenIssuerSelector - ISSUER SUBJECT : c=lu,ou=pki-test,o=nowina solutions,cn=external-ca-alternative
11:39:11.208 [pool-7-thread-57] INFO eu.europa.esig.dss.spi.x509.TokenIssuerSelector - The issuer subject name and subject name does not match (more details in debug mode).
11:39:11.208 [pool-7-thread-57] INFO eu.europa.esig.dss.spi.x509.TokenIssuerSelector - CERT ISSUER    : c=lu,ou=pki-test,o=nowina solutions,cn=external-ca
11:39:11.208 [pool-7-thread-57] INFO eu.europa.esig.dss.spi.x509.TokenIssuerSelector - ISSUER SUBJECT : c=lu,ou=pki-test,o=nowina solutions,cn=external-ca-alternative
11:39:11.208 [pool-7-thread-57] INFO eu.europa.esig.dss.spi.x509.TokenIssuerSelector - The issuer subject name and subject name does not match (more details in debug mode).
11:39:11.208 [pool-7-thread-57] INFO eu.europa.esig.dss.spi.x509.TokenIssuerSelector - CERT ISSUER    : c=lu,ou=pki-test,o=nowina solutions,cn=external-ca
11:39:11.208 [pool-7-thread-57] INFO eu.europa.esig.dss.spi.x509.TokenIssuerSelector - ISSUER SUBJECT : c=lu,ou=pki-test,o=nowina solutions,cn=external-ca-alternative
11:39:11.209 [pool-7-thread-57] INFO eu.europa.esig.dss.spi.x509.TokenIssuerSelector - The issuer subject name and subject name does not match (more details in debug mode).
11:39:11.209 [pool-7-thread-57] INFO eu.europa.esig.dss.spi.x509.TokenIssuerSelector - CERT ISSUER    : c=lu,ou=pki-test,o=nowina solutions,cn=external-ca
11:39:11.209 [pool-7-thread-57] INFO eu.europa.esig.dss.spi.x509.TokenIssuerSelector - ISSUER SUBJECT : c=lu,ou=pki-test,o=nowina solutions,cn=external-ca-alternative
11:39:11.209 [pool-7-thread-17] WARN eu.europa.esig.dss.spi.x509.TokenIssuerSelector - No issuer found for the token creation date. The process continues with an issuer which has the same public key.
11:39:11.211 [pool-7-thread-53] WARN eu.europa.esig.dss.spi.x509.TokenIssuerSelector - No issuer found for the token creation date. The process continues with an issuer which has the same public key.
11:39:11.211 [pool-7-thread-58] INFO eu.europa.esig.dss.spi.x509.TokenIssuerSelector - The issuer subject name and subject name does not match (more details in debug mode).
11:39:11.211 [pool-7-thread-58] INFO eu.europa.esig.dss.spi.x509.TokenIssuerSelector - CERT ISSUER    : c=lu,ou=pki-test,o=nowina solutions,cn=external-ca
11:39:11.211 [pool-7-thread-58] INFO eu.europa.esig.dss.spi.x509.TokenIssuerSelector - ISSUER SUBJECT : c=lu,ou=pki-test,o=nowina solutions,cn=external-ca-alternative
11:39:11.211 [pool-7-thread-58] INFO eu.europa.esig.dss.spi.x509.TokenIssuerSelector - The issuer subject name and subject name does not match (more details in debug mode).
11:39:11.211 [pool-7-thread-58] INFO eu.europa.esig.dss.spi.x509.TokenIssuerSelector - CERT ISSUER    : c=lu,ou=pki-test,o=nowina solutions,cn=external-ca
11:39:11.211 [pool-7-thread-58] INFO eu.europa.esig.dss.spi.x509.TokenIssuerSelector - ISSUER SUBJECT : c=lu,ou=pki-test,o=nowina solutions,cn=external-ca-alternative
11:39:11.211 [pool-7-thread-58] INFO eu.europa.esig.dss.spi.x509.TokenIssuerSelector - The issuer subject name and subject name does not match (more details in debug mode).
11:39:11.211 [pool-7-thread-58] INFO eu.europa.esig.dss.spi.x509.TokenIssuerSelector - CERT ISSUER    : c=lu,ou=pki-test,o=nowina solutions,cn=external-ca
11:39:11.211 [pool-7-thread-58] INFO eu.europa.esig.dss.spi.x509.TokenIssuerSelector - ISSUER SUBJECT : c=lu,ou=pki-test,o=nowina solutions,cn=external-ca-alternative
11:39:11.214 [pool-7-thread-53] INFO eu.europa.esig.dss.spi.x509.TokenIssuerSelector - The issuer subject name and subject name does not match (more details in debug mode).
11:39:11.214 [pool-7-thread-53] INFO eu.europa.esig.dss.spi.x509.TokenIssuerSelector - CERT ISSUER    : c=lu,ou=pki-test,o=nowina solutions,cn=external-ca
11:39:11.214 [pool-7-thread-53] INFO eu.europa.esig.dss.spi.x509.TokenIssuerSelector - ISSUER SUBJECT : c=lu,ou=pki-test,o=nowina solutions,cn=external-ca-alternative
11:39:11.215 [pool-7-thread-24] INFO eu.europa.esig.dss.spi.x509.TokenIssuerSelector - The issuer subject name and subject name does not match (more details in debug mode).
11:39:11.215 [pool-7-thread-24] INFO eu.europa.esig.dss.spi.x509.TokenIssuerSelector - CERT ISSUER    : c=lu,ou=pki-test,o=nowina solutions,cn=external-ca
11:39:11.215 [pool-7-thread-24] INFO eu.europa.esig.dss.spi.x509.TokenIssuerSelector - ISSUER SUBJECT : c=lu,ou=pki-test,o=nowina solutions,cn=external-ca-alternative
11:39:11.215 [pool-7-thread-24] INFO eu.europa.esig.dss.spi.x509.TokenIssuerSelector - The issuer subject name and subject name does not match (more details in debug mode).
11:39:11.215 [pool-7-thread-24] INFO eu.europa.esig.dss.spi.x509.TokenIssuerSelector - CERT ISSUER    : c=lu,ou=pki-test,o=nowina solutions,cn=external-ca
11:39:11.215 [pool-7-thread-24] INFO eu.europa.esig.dss.spi.x509.TokenIssuerSelector - ISSUER SUBJECT : c=lu,ou=pki-test,o=nowina solutions,cn=external-ca-alternative
11:39:11.216 [pool-7-thread-56] WARN eu.europa.esig.dss.spi.x509.TokenIssuerSelector - No issuer found for the token creation date. The process continues with an issuer which has the same public key.
11:39:11.216 [pool-7-thread-24] INFO eu.europa.esig.dss.spi.x509.TokenIssuerSelector - The issuer subject name and subject name does not match (more details in debug mode).
11:39:11.216 [pool-7-thread-24] INFO eu.europa.esig.dss.spi.x509.TokenIssuerSelector - CERT ISSUER    : c=lu,ou=pki-test,o=nowina solutions,cn=external-ca
11:39:11.216 [pool-7-thread-24] INFO eu.europa.esig.dss.spi.x509.TokenIssuerSelector - ISSUER SUBJECT : c=lu,ou=pki-test,o=nowina solutions,cn=external-ca-alternative
11:39:11.214 [pool-7-thread-53] INFO eu.europa.esig.dss.spi.x509.TokenIssuerSelector - The issuer subject name and subject name does not match (more details in debug mode).
11:39:11.216 [pool-7-thread-53] INFO eu.europa.esig.dss.spi.x509.TokenIssuerSelector - CERT ISSUER    : c=lu,ou=pki-test,o=nowina solutions,cn=external-ca
11:39:11.216 [pool-7-thread-53] INFO eu.europa.esig.dss.spi.x509.TokenIssuerSelector - ISSUER SUBJECT : c=lu,ou=pki-test,o=nowina solutions,cn=external-ca-alternative
11:39:11.216 [pool-7-thread-53] INFO eu.europa.esig.dss.spi.x509.TokenIssuerSelector - The issuer subject name and subject name does not match (more details in debug mode).
11:39:11.216 [pool-7-thread-53] INFO eu.europa.esig.dss.spi.x509.TokenIssuerSelector - CERT ISSUER    : c=lu,ou=pki-test,o=nowina solutions,cn=external-ca
11:39:11.216 [pool-7-thread-53] INFO eu.europa.esig.dss.spi.x509.TokenIssuerSelector - ISSUER SUBJECT : c=lu,ou=pki-test,o=nowina solutions,cn=external-ca-alternative
11:39:11.217 [pool-7-thread-56] WARN eu.europa.esig.dss.spi.x509.TokenIssuerSelector - No issuer found for the token creation date. The process continues with an issuer which has the same public key.
11:39:11.218 [pool-7-thread-56] INFO eu.europa.esig.dss.spi.x509.TokenIssuerSelector - The issuer subject name and subject name does not match (more details in debug mode).
11:39:11.218 [pool-7-thread-56] INFO eu.europa.esig.dss.spi.x509.TokenIssuerSelector - CERT ISSUER    : c=lu,ou=pki-test,o=nowina solutions,cn=external-ca
11:39:11.218 [pool-7-thread-56] INFO eu.europa.esig.dss.spi.x509.TokenIssuerSelector - ISSUER SUBJECT : c=lu,ou=pki-test,o=nowina solutions,cn=external-ca-alternative
11:39:11.218 [pool-7-thread-56] INFO eu.europa.esig.dss.spi.x509.TokenIssuerSelector - The issuer subject name and subject name does not match (more details in debug mode).
11:39:11.218 [pool-7-thread-56] INFO eu.europa.esig.dss.spi.x509.TokenIssuerSelector - CERT ISSUER    : c=lu,ou=pki-test,o=nowina solutions,cn=external-ca
11:39:11.218 [pool-7-thread-56] INFO eu.europa.esig.dss.spi.x509.TokenIssuerSelector - ISSUER SUBJECT : c=lu,ou=pki-test,o=nowina solutions,cn=external-ca-alternative
11:39:11.218 [pool-7-thread-56] INFO eu.europa.esig.dss.spi.x509.TokenIssuerSelector - The issuer subject name and subject name does not match (more details in debug mode).
11:39:11.218 [pool-7-thread-56] INFO eu.europa.esig.dss.spi.x509.TokenIssuerSelector - CERT ISSUER    : c=lu,ou=pki-test,o=nowina solutions,cn=external-ca
11:39:11.218 [pool-7-thread-56] INFO eu.europa.esig.dss.spi.x509.TokenIssuerSelector - ISSUER SUBJECT : c=lu,ou=pki-test,o=nowina solutions,cn=external-ca-alternative
11:39:11.219 [pool-7-thread-59] WARN eu.europa.esig.dss.spi.x509.TokenIssuerSelector - No issuer found for the token creation date. The process continues with an issuer which has the same public key.
11:39:11.220 [pool-7-thread-59] WARN eu.europa.esig.dss.spi.x509.TokenIssuerSelector - No issuer found for the token creation date. The process continues with an issuer which has the same public key.
11:39:11.221 [pool-7-thread-59] INFO eu.europa.esig.dss.spi.x509.TokenIssuerSelector - The issuer subject name and subject name does not match (more details in debug mode).
11:39:11.221 [pool-7-thread-59] INFO eu.europa.esig.dss.spi.x509.TokenIssuerSelector - CERT ISSUER    : c=lu,ou=pki-test,o=nowina solutions,cn=external-ca
11:39:11.221 [pool-7-thread-59] INFO eu.europa.esig.dss.spi.x509.TokenIssuerSelector - ISSUER SUBJECT : c=lu,ou=pki-test,o=nowina solutions,cn=external-ca-alternative
11:39:11.221 [pool-7-thread-59] INFO eu.europa.esig.dss.spi.x509.TokenIssuerSelector - The issuer subject name and subject name does not match (more details in debug mode).
11:39:11.221 [pool-7-thread-59] INFO eu.europa.esig.dss.spi.x509.TokenIssuerSelector - CERT ISSUER    : c=lu,ou=pki-test,o=nowina solutions,cn=external-ca
11:39:11.221 [pool-7-thread-59] INFO eu.europa.esig.dss.spi.x509.TokenIssuerSelector - ISSUER SUBJECT : c=lu,ou=pki-test,o=nowina solutions,cn=external-ca-alternative
11:39:11.221 [pool-7-thread-17] WARN eu.europa.esig.dss.spi.x509.TokenIssuerSelector - No issuer found for the token creation date. The process continues with an issuer which has the same public key.
11:39:11.221 [pool-7-thread-59] INFO eu.europa.esig.dss.spi.x509.TokenIssuerSelector - The issuer subject name and subject name does not match (more details in debug mode).
11:39:11.221 [pool-7-thread-59] INFO eu.europa.esig.dss.spi.x509.TokenIssuerSelector - CERT ISSUER    : c=lu,ou=pki-test,o=nowina solutions,cn=external-ca
11:39:11.221 [pool-7-thread-59] INFO eu.europa.esig.dss.spi.x509.TokenIssuerSelector - ISSUER SUBJECT : c=lu,ou=pki-test,o=nowina solutions,cn=external-ca-alternative
11:39:11.223 [pool-7-thread-17] INFO eu.europa.esig.dss.spi.x509.TokenIssuerSelector - The issuer subject name and subject name does not match (more details in debug mode).
11:39:11.223 [pool-7-thread-17] INFO eu.europa.esig.dss.spi.x509.TokenIssuerSelector - CERT ISSUER    : c=lu,ou=pki-test,o=nowina solutions,cn=external-ca
11:39:11.223 [pool-7-thread-17] INFO eu.europa.esig.dss.spi.x509.TokenIssuerSelector - ISSUER SUBJECT : c=lu,ou=pki-test,o=nowina solutions,cn=external-ca-alternative
11:39:11.223 [pool-7-thread-17] INFO eu.europa.esig.dss.spi.x509.TokenIssuerSelector - The issuer subject name and subject name does not match (more details in debug mode).
11:39:11.223 [pool-7-thread-17] INFO eu.europa.esig.dss.spi.x509.TokenIssuerSelector - CERT ISSUER    : c=lu,ou=pki-test,o=nowina solutions,cn=external-ca
11:39:11.223 [pool-7-thread-17] INFO eu.europa.esig.dss.spi.x509.TokenIssuerSelector - ISSUER SUBJECT : c=lu,ou=pki-test,o=nowina solutions,cn=external-ca-alternative
11:39:11.223 [pool-7-thread-17] INFO eu.europa.esig.dss.spi.x509.TokenIssuerSelector - The issuer subject name and subject name does not match (more details in debug mode).
11:39:11.223 [pool-7-thread-17] INFO eu.europa.esig.dss.spi.x509.TokenIssuerSelector - CERT ISSUER    : c=lu,ou=pki-test,o=nowina solutions,cn=external-ca
11:39:11.223 [pool-7-thread-17] INFO eu.europa.esig.dss.spi.x509.TokenIssuerSelector - ISSUER SUBJECT : c=lu,ou=pki-test,o=nowina solutions,cn=external-ca-alternative
11:39:11.223 [pool-7-thread-51] WARN eu.europa.esig.dss.spi.x509.TokenIssuerSelector - No issuer found for the token creation date. The process continues with an issuer which has the same public key.
11:39:11.224 [pool-7-thread-8] WARN eu.europa.esig.dss.spi.x509.TokenIssuerSelector - No issuer found for the token creation date. The process continues with an issuer which has the same public key.
11:39:11.227 [pool-7-thread-8] INFO eu.europa.esig.dss.spi.x509.TokenIssuerSelector - The issuer subject name and subject name does not match (more details in debug mode).
11:39:11.227 [pool-7-thread-8] INFO eu.europa.esig.dss.spi.x509.TokenIssuerSelector - CERT ISSUER    : c=lu,ou=pki-test,o=nowina solutions,cn=external-ca
11:39:11.227 [pool-7-thread-8] INFO eu.europa.esig.dss.spi.x509.TokenIssuerSelector - ISSUER SUBJECT : c=lu,ou=pki-test,o=nowina solutions,cn=external-ca-alternative
11:39:11.227 [pool-7-thread-8] INFO eu.europa.esig.dss.spi.x509.TokenIssuerSelector - The issuer subject name and subject name does not match (more details in debug mode).
11:39:11.227 [pool-7-thread-8] INFO eu.europa.esig.dss.spi.x509.TokenIssuerSelector - CERT ISSUER    : c=lu,ou=pki-test,o=nowina solutions,cn=external-ca
11:39:11.227 [pool-7-thread-8] INFO eu.europa.esig.dss.spi.x509.TokenIssuerSelector - ISSUER SUBJECT : c=lu,ou=pki-test,o=nowina solutions,cn=external-ca-alternative
11:39:11.227 [pool-7-thread-8] INFO eu.europa.esig.dss.spi.x509.TokenIssuerSelector - The issuer subject name and subject name does not match (more details in debug mode).
11:39:11.227 [pool-7-thread-8] INFO eu.europa.esig.dss.spi.x509.TokenIssuerSelector - CERT ISSUER    : c=lu,ou=pki-test,o=nowina solutions,cn=external-ca
11:39:11.227 [pool-7-thread-8] INFO eu.europa.esig.dss.spi.x509.TokenIssuerSelector - ISSUER SUBJECT : c=lu,ou=pki-test,o=nowina solutions,cn=external-ca-alternative
11:39:11.228 [pool-7-thread-61] WARN eu.europa.esig.dss.spi.x509.TokenIssuerSelector - No issuer found for the token creation date. The process continues with an issuer which has the same public key.
11:39:11.229 [pool-7-thread-27] WARN eu.europa.esig.dss.spi.x509.TokenIssuerSelector - No issuer found for the token creation date. The process continues with an issuer which has the same public key.
11:39:11.230 [pool-7-thread-49] WARN eu.europa.esig.dss.spi.x509.TokenIssuerSelector - No issuer found for the token creation date. The process continues with an issuer which has the same public key.
11:39:11.231 [pool-7-thread-55] WARN eu.europa.esig.dss.spi.x509.TokenIssuerSelector - No issuer found for the token creation date. The process continues with an issuer which has the same public key.
11:39:11.232 [pool-7-thread-25] WARN eu.europa.esig.dss.spi.x509.TokenIssuerSelector - No issuer found for the token creation date. The process continues with an issuer which has the same public key.
11:39:11.233 [pool-7-thread-52] INFO eu.europa.esig.dss.spi.x509.TokenIssuerSelector - The issuer subject name and subject name does not match (more details in debug mode).
11:39:11.233 [pool-7-thread-52] INFO eu.europa.esig.dss.spi.x509.TokenIssuerSelector - CERT ISSUER    : c=lu,ou=pki-test,o=nowina solutions,cn=external-ca
11:39:11.233 [pool-7-thread-52] INFO eu.europa.esig.dss.spi.x509.TokenIssuerSelector - ISSUER SUBJECT : c=lu,ou=pki-test,o=nowina solutions,cn=external-ca-alternative
11:39:11.233 [pool-7-thread-52] INFO eu.europa.esig.dss.spi.x509.TokenIssuerSelector - The issuer subject name and subject name does not match (more details in debug mode).
11:39:11.233 [pool-7-thread-52] INFO eu.europa.esig.dss.spi.x509.TokenIssuerSelector - CERT ISSUER    : c=lu,ou=pki-test,o=nowina solutions,cn=external-ca
11:39:11.233 [pool-7-thread-52] INFO eu.europa.esig.dss.spi.x509.TokenIssuerSelector - ISSUER SUBJECT : c=lu,ou=pki-test,o=nowina solutions,cn=external-ca-alternative
11:39:11.233 [pool-7-thread-52] INFO eu.europa.esig.dss.spi.x509.TokenIssuerSelector - The issuer subject name and subject name does not match (more details in debug mode).
11:39:11.233 [pool-7-thread-52] INFO eu.europa.esig.dss.spi.x509.TokenIssuerSelector - CERT ISSUER    : c=lu,ou=pki-test,o=nowina solutions,cn=external-ca
11:39:11.233 [pool-7-thread-52] INFO eu.europa.esig.dss.spi.x509.TokenIssuerSelector - ISSUER SUBJECT : c=lu,ou=pki-test,o=nowina solutions,cn=external-ca-alternative
11:39:11.234 [pool-7-thread-15] WARN eu.europa.esig.dss.spi.x509.TokenIssuerSelector - No issuer found for the token creation date. The process continues with an issuer which has the same public key.
11:39:11.234 [pool-7-thread-50] INFO eu.europa.esig.dss.spi.x509.TokenIssuerSelector - The issuer subject name and subject name does not match (more details in debug mode).
11:39:11.234 [pool-7-thread-50] INFO eu.europa.esig.dss.spi.x509.TokenIssuerSelector - CERT ISSUER    : c=lu,ou=pki-test,o=nowina solutions,cn=external-ca
11:39:11.234 [pool-7-thread-50] INFO eu.europa.esig.dss.spi.x509.TokenIssuerSelector - ISSUER SUBJECT : c=lu,ou=pki-test,o=nowina solutions,cn=external-ca-alternative
11:39:11.234 [pool-7-thread-50] INFO eu.europa.esig.dss.spi.x509.TokenIssuerSelector - The issuer subject name and subject name does not match (more details in debug mode).
11:39:11.234 [pool-7-thread-50] INFO eu.europa.esig.dss.spi.x509.TokenIssuerSelector - CERT ISSUER    : c=lu,ou=pki-test,o=nowina solutions,cn=external-ca
11:39:11.234 [pool-7-thread-50] INFO eu.europa.esig.dss.spi.x509.TokenIssuerSelector - ISSUER SUBJECT : c=lu,ou=pki-test,o=nowina solutions,cn=external-ca-alternative
11:39:11.234 [pool-7-thread-50] INFO eu.europa.esig.dss.spi.x509.TokenIssuerSelector - The issuer subject name and subject name does not match (more details in debug mode).
11:39:11.234 [pool-7-thread-50] INFO eu.europa.esig.dss.spi.x509.TokenIssuerSelector - CERT ISSUER    : c=lu,ou=pki-test,o=nowina solutions,cn=external-ca
11:39:11.234 [pool-7-thread-50] INFO eu.europa.esig.dss.spi.x509.TokenIssuerSelector - ISSUER SUBJECT : c=lu,ou=pki-test,o=nowina solutions,cn=external-ca-alternative
11:39:11.235 [pool-7-thread-15] WARN eu.europa.esig.dss.spi.x509.TokenIssuerSelector - No issuer found for the token creation date. The process continues with an issuer which has the same public key.
11:39:11.236 [pool-7-thread-7] INFO eu.europa.esig.dss.spi.x509.TokenIssuerSelector - The issuer subject name and subject name does not match (more details in debug mode).
11:39:11.236 [pool-7-thread-7] INFO eu.europa.esig.dss.spi.x509.TokenIssuerSelector - CERT ISSUER    : c=lu,ou=pki-test,o=nowina solutions,cn=external-ca
11:39:11.236 [pool-7-thread-7] INFO eu.europa.esig.dss.spi.x509.TokenIssuerSelector - ISSUER SUBJECT : c=lu,ou=pki-test,o=nowina solutions,cn=external-ca-alternative
11:39:11.236 [pool-7-thread-60] WARN eu.europa.esig.dss.spi.x509.TokenIssuerSelector - No issuer found for the token creation date. The process continues with an issuer which has the same public key.
11:39:11.236 [pool-7-thread-7] INFO eu.europa.esig.dss.spi.x509.TokenIssuerSelector - The issuer subject name and subject name does not match (more details in debug mode).
11:39:11.236 [pool-7-thread-7] INFO eu.europa.esig.dss.spi.x509.TokenIssuerSelector - CERT ISSUER    : c=lu,ou=pki-test,o=nowina solutions,cn=external-ca
11:39:11.236 [pool-7-thread-7] INFO eu.europa.esig.dss.spi.x509.TokenIssuerSelector - ISSUER SUBJECT : c=lu,ou=pki-test,o=nowina solutions,cn=external-ca-alternative
11:39:11.236 [pool-7-thread-7] INFO eu.europa.esig.dss.spi.x509.TokenIssuerSelector - The issuer subject name and subject name does not match (more details in debug mode).
11:39:11.236 [pool-7-thread-7] INFO eu.europa.esig.dss.spi.x509.TokenIssuerSelector - CERT ISSUER    : c=lu,ou=pki-test,o=nowina solutions,cn=external-ca
11:39:11.236 [pool-7-thread-7] INFO eu.europa.esig.dss.spi.x509.TokenIssuerSelector - ISSUER SUBJECT : c=lu,ou=pki-test,o=nowina solutions,cn=external-ca-alternative
11:39:11.238 [pool-7-thread-60] INFO eu.europa.esig.dss.spi.x509.TokenIssuerSelector - The issuer subject name and subject name does not match (more details in debug mode).
11:39:11.238 [pool-7-thread-78] WARN eu.europa.esig.dss.spi.x509.TokenIssuerSelector - No issuer found for the token creation date. The process continues with an issuer which has the same public key.
11:39:11.238 [pool-7-thread-60] INFO eu.europa.esig.dss.spi.x509.TokenIssuerSelector - CERT ISSUER    : c=lu,ou=pki-test,o=nowina solutions,cn=external-ca
11:39:11.238 [pool-7-thread-60] INFO eu.europa.esig.dss.spi.x509.TokenIssuerSelector - ISSUER SUBJECT : c=lu,ou=pki-test,o=nowina solutions,cn=external-ca-alternative
11:39:11.238 [pool-7-thread-60] INFO eu.europa.esig.dss.spi.x509.TokenIssuerSelector - The issuer subject name and subject name does not match (more details in debug mode).
11:39:11.238 [pool-7-thread-60] INFO eu.europa.esig.dss.spi.x509.TokenIssuerSelector - CERT ISSUER    : c=lu,ou=pki-test,o=nowina solutions,cn=external-ca
11:39:11.238 [pool-7-thread-60] INFO eu.europa.esig.dss.spi.x509.TokenIssuerSelector - ISSUER SUBJECT : c=lu,ou=pki-test,o=nowina solutions,cn=external-ca-alternative
11:39:11.238 [pool-7-thread-60] INFO eu.europa.esig.dss.spi.x509.TokenIssuerSelector - The issuer subject name and subject name does not match (more details in debug mode).
11:39:11.238 [pool-7-thread-60] INFO eu.europa.esig.dss.spi.x509.TokenIssuerSelector - CERT ISSUER    : c=lu,ou=pki-test,o=nowina solutions,cn=external-ca
11:39:11.238 [pool-7-thread-60] INFO eu.europa.esig.dss.spi.x509.TokenIssuerSelector - ISSUER SUBJECT : c=lu,ou=pki-test,o=nowina solutions,cn=external-ca-alternative
11:39:11.239 [pool-7-thread-43] WARN eu.europa.esig.dss.spi.x509.TokenIssuerSelector - No issuer found for the token creation date. The process continues with an issuer which has the same public key.
11:39:11.241 [pool-7-thread-43] INFO eu.europa.esig.dss.spi.x509.TokenIssuerSelector - The issuer subject name and subject name does not match (more details in debug mode).
11:39:11.241 [pool-7-thread-43] INFO eu.europa.esig.dss.spi.x509.TokenIssuerSelector - CERT ISSUER    : c=lu,ou=pki-test,o=nowina solutions,cn=external-ca
11:39:11.241 [pool-7-thread-43] INFO eu.europa.esig.dss.spi.x509.TokenIssuerSelector - ISSUER SUBJECT : c=lu,ou=pki-test,o=nowina solutions,cn=external-ca-alternative
11:39:11.241 [pool-7-thread-43] INFO eu.europa.esig.dss.spi.x509.TokenIssuerSelector - The issuer subject name and subject name does not match (more details in debug mode).
11:39:11.241 [pool-7-thread-43] INFO eu.europa.esig.dss.spi.x509.TokenIssuerSelector - CERT ISSUER    : c=lu,ou=pki-test,o=nowina solutions,cn=external-ca
11:39:11.241 [pool-7-thread-43] INFO eu.europa.esig.dss.spi.x509.TokenIssuerSelector - ISSUER SUBJECT : c=lu,ou=pki-test,o=nowina solutions,cn=external-ca-alternative
11:39:11.241 [pool-7-thread-43] INFO eu.europa.esig.dss.spi.x509.TokenIssuerSelector - The issuer subject name and subject name does not match (more details in debug mode).
11:39:11.241 [pool-7-thread-43] INFO eu.europa.esig.dss.spi.x509.TokenIssuerSelector - CERT ISSUER    : c=lu,ou=pki-test,o=nowina solutions,cn=external-ca
11:39:11.241 [pool-7-thread-43] INFO eu.europa.esig.dss.spi.x509.TokenIssuerSelector - ISSUER SUBJECT : c=lu,ou=pki-test,o=nowina solutions,cn=external-ca-alternative
11:39:11.241 [pool-7-thread-2] INFO eu.europa.esig.dss.spi.x509.TokenIssuerSelector - The issuer subject name and subject name does not match (more details in debug mode).
11:39:11.241 [pool-7-thread-2] INFO eu.europa.esig.dss.spi.x509.TokenIssuerSelector - CERT ISSUER    : c=lu,ou=pki-test,o=nowina solutions,cn=external-ca
11:39:11.241 [pool-7-thread-2] INFO eu.europa.esig.dss.spi.x509.TokenIssuerSelector - ISSUER SUBJECT : c=lu,ou=pki-test,o=nowina solutions,cn=external-ca-alternative
11:39:11.241 [pool-7-thread-2] INFO eu.europa.esig.dss.spi.x509.TokenIssuerSelector - The issuer subject name and subject name does not match (more details in debug mode).
11:39:11.241 [pool-7-thread-2] INFO eu.europa.esig.dss.spi.x509.TokenIssuerSelector - CERT ISSUER    : c=lu,ou=pki-test,o=nowina solutions,cn=external-ca
11:39:11.241 [pool-7-thread-2] INFO eu.europa.esig.dss.spi.x509.TokenIssuerSelector - ISSUER SUBJECT : c=lu,ou=pki-test,o=nowina solutions,cn=external-ca-alternative
11:39:11.241 [pool-7-thread-2] INFO eu.europa.esig.dss.spi.x509.TokenIssuerSelector - The issuer subject name and subject name does not match (more details in debug mode).
11:39:11.241 [pool-7-thread-2] INFO eu.europa.esig.dss.spi.x509.TokenIssuerSelector - CERT ISSUER    : c=lu,ou=pki-test,o=nowina solutions,cn=external-ca
11:39:11.241 [pool-7-thread-2] INFO eu.europa.esig.dss.spi.x509.TokenIssuerSelector - ISSUER SUBJECT : c=lu,ou=pki-test,o=nowina solutions,cn=external-ca-alternative
11:39:11.242 [pool-7-thread-87] WARN eu.europa.esig.dss.spi.x509.TokenIssuerSelector - No issuer found for the token creation date. The process continues with an issuer which has the same public key.
11:39:11.242 [pool-7-thread-42] INFO eu.europa.esig.dss.spi.x509.TokenIssuerSelector - The issuer subject name and subject name does not match (more details in debug mode).
11:39:11.242 [pool-7-thread-42] INFO eu.europa.esig.dss.spi.x509.TokenIssuerSelector - CERT ISSUER    : c=lu,ou=pki-test,o=nowina solutions,cn=external-ca
11:39:11.242 [pool-7-thread-42] INFO eu.europa.esig.dss.spi.x509.TokenIssuerSelector - ISSUER SUBJECT : c=lu,ou=pki-test,o=nowina solutions,cn=external-ca-alternative
11:39:11.242 [pool-7-thread-42] INFO eu.europa.esig.dss.spi.x509.TokenIssuerSelector - The issuer subject name and subject name does not match (more details in debug mode).
11:39:11.242 [pool-7-thread-42] INFO eu.europa.esig.dss.spi.x509.TokenIssuerSelector - CERT ISSUER    : c=lu,ou=pki-test,o=nowina solutions,cn=external-ca
11:39:11.242 [pool-7-thread-42] INFO eu.europa.esig.dss.spi.x509.TokenIssuerSelector - ISSUER SUBJECT : c=lu,ou=pki-test,o=nowina solutions,cn=external-ca-alternative
11:39:11.242 [pool-7-thread-42] INFO eu.europa.esig.dss.spi.x509.TokenIssuerSelector - The issuer subject name and subject name does not match (more details in debug mode).
11:39:11.242 [pool-7-thread-42] INFO eu.europa.esig.dss.spi.x509.TokenIssuerSelector - CERT ISSUER    : c=lu,ou=pki-test,o=nowina solutions,cn=external-ca
11:39:11.242 [pool-7-thread-42] INFO eu.europa.esig.dss.spi.x509.TokenIssuerSelector - ISSUER SUBJECT : c=lu,ou=pki-test,o=nowina solutions,cn=external-ca-alternative
11:39:11.246 [pool-7-thread-87] INFO eu.europa.esig.dss.spi.x509.TokenIssuerSelector - The issuer subject name and subject name does not match (more details in debug mode).
11:39:11.247 [pool-7-thread-87] INFO eu.europa.esig.dss.spi.x509.TokenIssuerSelector - CERT ISSUER    : c=lu,ou=pki-test,o=nowina solutions,cn=external-ca
11:39:11.247 [pool-7-thread-87] INFO eu.europa.esig.dss.spi.x509.TokenIssuerSelector - ISSUER SUBJECT : c=lu,ou=pki-test,o=nowina solutions,cn=external-ca-alternative
11:39:11.247 [pool-7-thread-87] INFO eu.europa.esig.dss.spi.x509.TokenIssuerSelector - The issuer subject name and subject name does not match (more details in debug mode).
11:39:11.247 [pool-7-thread-87] INFO eu.europa.esig.dss.spi.x509.TokenIssuerSelector - CERT ISSUER    : c=lu,ou=pki-test,o=nowina solutions,cn=external-ca
11:39:11.247 [pool-7-thread-87] INFO eu.europa.esig.dss.spi.x509.TokenIssuerSelector - ISSUER SUBJECT : c=lu,ou=pki-test,o=nowina solutions,cn=external-ca-alternative
11:39:11.247 [pool-7-thread-87] INFO eu.europa.esig.dss.spi.x509.TokenIssuerSelector - The issuer subject name and subject name does not match (more details in debug mode).
11:39:11.247 [pool-7-thread-87] INFO eu.europa.esig.dss.spi.x509.TokenIssuerSelector - CERT ISSUER    : c=lu,ou=pki-test,o=nowina solutions,cn=external-ca
11:39:11.247 [pool-7-thread-87] INFO eu.europa.esig.dss.spi.x509.TokenIssuerSelector - ISSUER SUBJECT : c=lu,ou=pki-test,o=nowina solutions,cn=external-ca-alternative
11:39:11.248 [pool-7-thread-65] INFO eu.europa.esig.dss.spi.x509.TokenIssuerSelector - The issuer subject name and subject name does not match (more details in debug mode).
11:39:11.248 [pool-7-thread-65] INFO eu.europa.esig.dss.spi.x509.TokenIssuerSelector - CERT ISSUER    : c=lu,ou=pki-test,o=nowina solutions,cn=external-ca
11:39:11.248 [pool-7-thread-65] INFO eu.europa.esig.dss.spi.x509.TokenIssuerSelector - ISSUER SUBJECT : c=lu,ou=pki-test,o=nowina solutions,cn=external-ca-alternative
11:39:11.248 [pool-7-thread-65] INFO eu.europa.esig.dss.spi.x509.TokenIssuerSelector - The issuer subject name and subject name does not match (more details in debug mode).
11:39:11.248 [pool-7-thread-65] INFO eu.europa.esig.dss.spi.x509.TokenIssuerSelector - CERT ISSUER    : c=lu,ou=pki-test,o=nowina solutions,cn=external-ca
11:39:11.248 [pool-7-thread-65] INFO eu.europa.esig.dss.spi.x509.TokenIssuerSelector - ISSUER SUBJECT : c=lu,ou=pki-test,o=nowina solutions,cn=external-ca-alternative
11:39:11.248 [pool-7-thread-65] INFO eu.europa.esig.dss.spi.x509.TokenIssuerSelector - The issuer subject name and subject name does not match (more details in debug mode).
11:39:11.248 [pool-7-thread-65] INFO eu.europa.esig.dss.spi.x509.TokenIssuerSelector - CERT ISSUER    : c=lu,ou=pki-test,o=nowina solutions,cn=external-ca
11:39:11.248 [pool-7-thread-65] INFO eu.europa.esig.dss.spi.x509.TokenIssuerSelector - ISSUER SUBJECT : c=lu,ou=pki-test,o=nowina solutions,cn=external-ca-alternative
11:39:11.248 [pool-7-thread-74] WARN eu.europa.esig.dss.spi.x509.TokenIssuerSelector - No issuer found for the token creation date. The process continues with an issuer which has the same public key.
11:39:11.249 [pool-7-thread-73] INFO eu.europa.esig.dss.spi.x509.TokenIssuerSelector - The issuer subject name and subject name does not match (more details in debug mode).
11:39:11.249 [pool-7-thread-73] INFO eu.europa.esig.dss.spi.x509.TokenIssuerSelector - CERT ISSUER    : c=lu,ou=pki-test,o=nowina solutions,cn=external-ca
11:39:11.249 [pool-7-thread-73] INFO eu.europa.esig.dss.spi.x509.TokenIssuerSelector - ISSUER SUBJECT : c=lu,ou=pki-test,o=nowina solutions,cn=external-ca-alternative
11:39:11.249 [pool-7-thread-73] INFO eu.europa.esig.dss.spi.x509.TokenIssuerSelector - The issuer subject name and subject name does not match (more details in debug mode).
11:39:11.250 [pool-7-thread-73] INFO eu.europa.esig.dss.spi.x509.TokenIssuerSelector - CERT ISSUER    : c=lu,ou=pki-test,o=nowina solutions,cn=external-ca
11:39:11.249 [pool-7-thread-41] WARN eu.europa.esig.dss.spi.x509.TokenIssuerSelector - No issuer found for the token creation date. The process continues with an issuer which has the same public key.
11:39:11.253 [pool-7-thread-73] INFO eu.europa.esig.dss.spi.x509.TokenIssuerSelector - ISSUER SUBJECT : c=lu,ou=pki-test,o=nowina solutions,cn=external-ca-alternative
11:39:11.253 [pool-7-thread-73] INFO eu.europa.esig.dss.spi.x509.TokenIssuerSelector - The issuer subject name and subject name does not match (more details in debug mode).
11:39:11.253 [pool-7-thread-73] INFO eu.europa.esig.dss.spi.x509.TokenIssuerSelector - CERT ISSUER    : c=lu,ou=pki-test,o=nowina solutions,cn=external-ca
11:39:11.253 [pool-7-thread-73] INFO eu.europa.esig.dss.spi.x509.TokenIssuerSelector - ISSUER SUBJECT : c=lu,ou=pki-test,o=nowina solutions,cn=external-ca-alternative
11:39:11.257 [pool-7-thread-86] WARN eu.europa.esig.dss.spi.x509.TokenIssuerSelector - No issuer found for the token creation date. The process continues with an issuer which has the same public key.
11:39:11.257 [pool-7-thread-41] INFO eu.europa.esig.dss.spi.x509.TokenIssuerSelector - The issuer subject name and subject name does not match (more details in debug mode).
11:39:11.257 [pool-7-thread-41] INFO eu.europa.esig.dss.spi.x509.TokenIssuerSelector - CERT ISSUER    : c=lu,ou=pki-test,o=nowina solutions,cn=external-ca
11:39:11.257 [pool-7-thread-41] INFO eu.europa.esig.dss.spi.x509.TokenIssuerSelector - ISSUER SUBJECT : c=lu,ou=pki-test,o=nowina solutions,cn=external-ca-alternative
11:39:11.257 [pool-7-thread-41] INFO eu.europa.esig.dss.spi.x509.TokenIssuerSelector - The issuer subject name and subject name does not match (more details in debug mode).
11:39:11.257 [pool-7-thread-41] INFO eu.europa.esig.dss.spi.x509.TokenIssuerSelector - CERT ISSUER    : c=lu,ou=pki-test,o=nowina solutions,cn=external-ca
11:39:11.257 [pool-7-thread-41] INFO eu.europa.esig.dss.spi.x509.TokenIssuerSelector - ISSUER SUBJECT : c=lu,ou=pki-test,o=nowina solutions,cn=external-ca-alternative
11:39:11.257 [pool-7-thread-41] INFO eu.europa.esig.dss.spi.x509.TokenIssuerSelector - The issuer subject name and subject name does not match (more details in debug mode).
11:39:11.257 [pool-7-thread-41] INFO eu.europa.esig.dss.spi.x509.TokenIssuerSelector - CERT ISSUER    : c=lu,ou=pki-test,o=nowina solutions,cn=external-ca
11:39:11.257 [pool-7-thread-41] INFO eu.europa.esig.dss.spi.x509.TokenIssuerSelector - ISSUER SUBJECT : c=lu,ou=pki-test,o=nowina solutions,cn=external-ca-alternative
11:39:11.258 [pool-7-thread-84] WARN eu.europa.esig.dss.spi.x509.TokenIssuerSelector - No issuer found for the token creation date. The process continues with an issuer which has the same public key.
11:39:11.258 [pool-7-thread-89] INFO eu.europa.esig.dss.spi.x509.TokenIssuerSelector - The issuer subject name and subject name does not match (more details in debug mode).
11:39:11.258 [pool-7-thread-89] INFO eu.europa.esig.dss.spi.x509.TokenIssuerSelector - CERT ISSUER    : c=lu,ou=pki-test,o=nowina solutions,cn=external-ca
11:39:11.258 [pool-7-thread-89] INFO eu.europa.esig.dss.spi.x509.TokenIssuerSelector - ISSUER SUBJECT : c=lu,ou=pki-test,o=nowina solutions,cn=external-ca-alternative
11:39:11.258 [pool-7-thread-89] INFO eu.europa.esig.dss.spi.x509.TokenIssuerSelector - The issuer subject name and subject name does not match (more details in debug mode).
11:39:11.258 [pool-7-thread-89] INFO eu.europa.esig.dss.spi.x509.TokenIssuerSelector - CERT ISSUER    : c=lu,ou=pki-test,o=nowina solutions,cn=external-ca
11:39:11.259 [pool-7-thread-89] INFO eu.europa.esig.dss.spi.x509.TokenIssuerSelector - ISSUER SUBJECT : c=lu,ou=pki-test,o=nowina solutions,cn=external-ca-alternative
11:39:11.259 [pool-7-thread-89] INFO eu.europa.esig.dss.spi.x509.TokenIssuerSelector - The issuer subject name and subject name does not match (more details in debug mode).
11:39:11.259 [pool-7-thread-89] INFO eu.europa.esig.dss.spi.x509.TokenIssuerSelector - CERT ISSUER    : c=lu,ou=pki-test,o=nowina solutions,cn=external-ca
11:39:11.259 [pool-7-thread-89] INFO eu.europa.esig.dss.spi.x509.TokenIssuerSelector - ISSUER SUBJECT : c=lu,ou=pki-test,o=nowina solutions,cn=external-ca-alternative
11:39:11.261 [pool-7-thread-84] INFO eu.europa.esig.dss.spi.x509.TokenIssuerSelector - The issuer subject name and subject name does not match (more details in debug mode).
11:39:11.261 [pool-7-thread-84] INFO eu.europa.esig.dss.spi.x509.TokenIssuerSelector - CERT ISSUER    : c=lu,ou=pki-test,o=nowina solutions,cn=external-ca
11:39:11.261 [pool-7-thread-84] INFO eu.europa.esig.dss.spi.x509.TokenIssuerSelector - ISSUER SUBJECT : c=lu,ou=pki-test,o=nowina solutions,cn=external-ca-alternative
11:39:11.261 [pool-7-thread-84] INFO eu.europa.esig.dss.spi.x509.TokenIssuerSelector - The issuer subject name and subject name does not match (more details in debug mode).
11:39:11.261 [pool-7-thread-84] INFO eu.europa.esig.dss.spi.x509.TokenIssuerSelector - CERT ISSUER    : c=lu,ou=pki-test,o=nowina solutions,cn=external-ca
11:39:11.261 [pool-7-thread-84] INFO eu.europa.esig.dss.spi.x509.TokenIssuerSelector - ISSUER SUBJECT : c=lu,ou=pki-test,o=nowina solutions,cn=external-ca-alternative
11:39:11.261 [pool-7-thread-84] INFO eu.europa.esig.dss.spi.x509.TokenIssuerSelector - The issuer subject name and subject name does not match (more details in debug mode).
11:39:11.261 [pool-7-thread-84] INFO eu.europa.esig.dss.spi.x509.TokenIssuerSelector - CERT ISSUER    : c=lu,ou=pki-test,o=nowina solutions,cn=external-ca
11:39:11.261 [pool-7-thread-84] INFO eu.europa.esig.dss.spi.x509.TokenIssuerSelector - ISSUER SUBJECT : c=lu,ou=pki-test,o=nowina solutions,cn=external-ca-alternative
11:39:11.261 [pool-7-thread-45] INFO eu.europa.esig.dss.spi.x509.TokenIssuerSelector - The issuer subject name and subject name does not match (more details in debug mode).
11:39:11.261 [pool-7-thread-45] INFO eu.europa.esig.dss.spi.x509.TokenIssuerSelector - CERT ISSUER    : c=lu,ou=pki-test,o=nowina solutions,cn=external-ca
11:39:11.261 [pool-7-thread-45] INFO eu.europa.esig.dss.spi.x509.TokenIssuerSelector - ISSUER SUBJECT : c=lu,ou=pki-test,o=nowina solutions,cn=external-ca-alternative
11:39:11.261 [pool-7-thread-45] INFO eu.europa.esig.dss.spi.x509.TokenIssuerSelector - The issuer subject name and subject name does not match (more details in debug mode).
11:39:11.262 [pool-7-thread-45] INFO eu.europa.esig.dss.spi.x509.TokenIssuerSelector - CERT ISSUER    : c=lu,ou=pki-test,o=nowina solutions,cn=external-ca
11:39:11.262 [pool-7-thread-45] INFO eu.europa.esig.dss.spi.x509.TokenIssuerSelector - ISSUER SUBJECT : c=lu,ou=pki-test,o=nowina solutions,cn=external-ca-alternative
11:39:11.262 [pool-7-thread-45] INFO eu.europa.esig.dss.spi.x509.TokenIssuerSelector - The issuer subject name and subject name does not match (more details in debug mode).
11:39:11.262 [pool-7-thread-45] INFO eu.europa.esig.dss.spi.x509.TokenIssuerSelector - CERT ISSUER    : c=lu,ou=pki-test,o=nowina solutions,cn=external-ca
11:39:11.262 [pool-7-thread-45] INFO eu.europa.esig.dss.spi.x509.TokenIssuerSelector - ISSUER SUBJECT : c=lu,ou=pki-test,o=nowina solutions,cn=external-ca-alternative
11:39:11.264 [pool-7-thread-18] WARN eu.europa.esig.dss.spi.x509.TokenIssuerSelector - No issuer found for the token creation date. The process continues with an issuer which has the same public key.
11:39:11.268 [pool-7-thread-5] INFO eu.europa.esig.dss.spi.x509.TokenIssuerSelector - The issuer subject name and subject name does not match (more details in debug mode).
11:39:11.268 [pool-7-thread-5] INFO eu.europa.esig.dss.spi.x509.TokenIssuerSelector - CERT ISSUER    : c=lu,ou=pki-test,o=nowina solutions,cn=external-ca
11:39:11.268 [pool-7-thread-5] INFO eu.europa.esig.dss.spi.x509.TokenIssuerSelector - ISSUER SUBJECT : c=lu,ou=pki-test,o=nowina solutions,cn=external-ca-alternative
11:39:11.268 [pool-7-thread-5] INFO eu.europa.esig.dss.spi.x509.TokenIssuerSelector - The issuer subject name and subject name does not match (more details in debug mode).
11:39:11.268 [pool-7-thread-5] INFO eu.europa.esig.dss.spi.x509.TokenIssuerSelector - CERT ISSUER    : c=lu,ou=pki-test,o=nowina solutions,cn=external-ca
11:39:11.268 [pool-7-thread-5] INFO eu.europa.esig.dss.spi.x509.TokenIssuerSelector - ISSUER SUBJECT : c=lu,ou=pki-test,o=nowina solutions,cn=external-ca-alternative
11:39:11.268 [pool-7-thread-5] INFO eu.europa.esig.dss.spi.x509.TokenIssuerSelector - The issuer subject name and subject name does not match (more details in debug mode).
11:39:11.268 [pool-7-thread-5] INFO eu.europa.esig.dss.spi.x509.TokenIssuerSelector - CERT ISSUER    : c=lu,ou=pki-test,o=nowina solutions,cn=external-ca
11:39:11.268 [pool-7-thread-5] INFO eu.europa.esig.dss.spi.x509.TokenIssuerSelector - ISSUER SUBJECT : c=lu,ou=pki-test,o=nowina solutions,cn=external-ca-alternative
11:39:11.272 [pool-7-thread-90] INFO eu.europa.esig.dss.spi.x509.TokenIssuerSelector - The issuer subject name and subject name does not match (more details in debug mode).
11:39:11.272 [pool-7-thread-90] INFO eu.europa.esig.dss.spi.x509.TokenIssuerSelector - CERT ISSUER    : c=lu,ou=pki-test,o=nowina solutions,cn=external-ca
11:39:11.272 [pool-7-thread-90] INFO eu.europa.esig.dss.spi.x509.TokenIssuerSelector - ISSUER SUBJECT : c=lu,ou=pki-test,o=nowina solutions,cn=external-ca-alternative
11:39:11.272 [pool-7-thread-90] INFO eu.europa.esig.dss.spi.x509.TokenIssuerSelector - The issuer subject name and subject name does not match (more details in debug mode).
11:39:11.272 [pool-7-thread-90] INFO eu.europa.esig.dss.spi.x509.TokenIssuerSelector - CERT ISSUER    : c=lu,ou=pki-test,o=nowina solutions,cn=external-ca
11:39:11.272 [pool-7-thread-90] INFO eu.europa.esig.dss.spi.x509.TokenIssuerSelector - ISSUER SUBJECT : c=lu,ou=pki-test,o=nowina solutions,cn=external-ca-alternative
11:39:11.272 [pool-7-thread-90] INFO eu.europa.esig.dss.spi.x509.TokenIssuerSelector - The issuer subject name and subject name does not match (more details in debug mode).
11:39:11.272 [pool-7-thread-90] INFO eu.europa.esig.dss.spi.x509.TokenIssuerSelector - CERT ISSUER    : c=lu,ou=pki-test,o=nowina solutions,cn=external-ca
11:39:11.272 [pool-7-thread-90] INFO eu.europa.esig.dss.spi.x509.TokenIssuerSelector - ISSUER SUBJECT : c=lu,ou=pki-test,o=nowina solutions,cn=external-ca-alternative
11:39:11.273 [pool-7-thread-64] INFO eu.europa.esig.dss.spi.x509.TokenIssuerSelector - The issuer subject name and subject name does not match (more details in debug mode).
11:39:11.273 [pool-7-thread-64] INFO eu.europa.esig.dss.spi.x509.TokenIssuerSelector - CERT ISSUER    : c=lu,ou=pki-test,o=nowina solutions,cn=external-ca
11:39:11.273 [pool-7-thread-64] INFO eu.europa.esig.dss.spi.x509.TokenIssuerSelector - ISSUER SUBJECT : c=lu,ou=pki-test,o=nowina solutions,cn=external-ca-alternative
11:39:11.273 [pool-7-thread-64] INFO eu.europa.esig.dss.spi.x509.TokenIssuerSelector - The issuer subject name and subject name does not match (more details in debug mode).
11:39:11.273 [pool-7-thread-64] INFO eu.europa.esig.dss.spi.x509.TokenIssuerSelector - CERT ISSUER    : c=lu,ou=pki-test,o=nowina solutions,cn=external-ca
11:39:11.273 [pool-7-thread-64] INFO eu.europa.esig.dss.spi.x509.TokenIssuerSelector - ISSUER SUBJECT : c=lu,ou=pki-test,o=nowina solutions,cn=external-ca-alternative
11:39:11.273 [pool-7-thread-64] INFO eu.europa.esig.dss.spi.x509.TokenIssuerSelector - The issuer subject name and subject name does not match (more details in debug mode).
11:39:11.273 [pool-7-thread-64] INFO eu.europa.esig.dss.spi.x509.TokenIssuerSelector - CERT ISSUER    : c=lu,ou=pki-test,o=nowina solutions,cn=external-ca
11:39:11.273 [pool-7-thread-64] INFO eu.europa.esig.dss.spi.x509.TokenIssuerSelector - ISSUER SUBJECT : c=lu,ou=pki-test,o=nowina solutions,cn=external-ca-alternative
11:39:11.274 [pool-7-thread-85] WARN eu.europa.esig.dss.spi.x509.TokenIssuerSelector - No issuer found for the token creation date. The process continues with an issuer which has the same public key.
11:39:11.274 [pool-7-thread-85] WARN eu.europa.esig.dss.spi.x509.TokenIssuerSelector - No issuer found for the token creation date. The process continues with an issuer which has the same public key.
11:39:11.277 [pool-7-thread-85] INFO eu.europa.esig.dss.spi.x509.TokenIssuerSelector - The issuer subject name and subject name does not match (more details in debug mode).
11:39:11.277 [pool-7-thread-85] INFO eu.europa.esig.dss.spi.x509.TokenIssuerSelector - CERT ISSUER    : c=lu,ou=pki-test,o=nowina solutions,cn=external-ca
11:39:11.277 [pool-7-thread-85] INFO eu.europa.esig.dss.spi.x509.TokenIssuerSelector - ISSUER SUBJECT : c=lu,ou=pki-test,o=nowina solutions,cn=external-ca-alternative
11:39:11.277 [pool-7-thread-85] INFO eu.europa.esig.dss.spi.x509.TokenIssuerSelector - The issuer subject name and subject name does not match (more details in debug mode).
11:39:11.277 [pool-7-thread-85] INFO eu.europa.esig.dss.spi.x509.TokenIssuerSelector - CERT ISSUER    : c=lu,ou=pki-test,o=nowina solutions,cn=external-ca
11:39:11.277 [pool-7-thread-85] INFO eu.europa.esig.dss.spi.x509.TokenIssuerSelector - ISSUER SUBJECT : c=lu,ou=pki-test,o=nowina solutions,cn=external-ca-alternative
11:39:11.277 [pool-7-thread-85] INFO eu.europa.esig.dss.spi.x509.TokenIssuerSelector - The issuer subject name and subject name does not match (more details in debug mode).
11:39:11.277 [pool-7-thread-85] INFO eu.europa.esig.dss.spi.x509.TokenIssuerSelector - CERT ISSUER    : c=lu,ou=pki-test,o=nowina solutions,cn=external-ca
11:39:11.277 [pool-7-thread-85] INFO eu.europa.esig.dss.spi.x509.TokenIssuerSelector - ISSUER SUBJECT : c=lu,ou=pki-test,o=nowina solutions,cn=external-ca-alternative
11:39:11.281 [pool-7-thread-75] INFO eu.europa.esig.dss.spi.x509.TokenIssuerSelector - The issuer subject name and subject name does not match (more details in debug mode).
11:39:11.281 [pool-7-thread-75] INFO eu.europa.esig.dss.spi.x509.TokenIssuerSelector - CERT ISSUER    : c=lu,ou=pki-test,o=nowina solutions,cn=external-ca
11:39:11.281 [pool-7-thread-75] INFO eu.europa.esig.dss.spi.x509.TokenIssuerSelector - ISSUER SUBJECT : c=lu,ou=pki-test,o=nowina solutions,cn=external-ca-alternative
11:39:11.281 [pool-7-thread-75] INFO eu.europa.esig.dss.spi.x509.TokenIssuerSelector - The issuer subject name and subject name does not match (more details in debug mode).
11:39:11.281 [pool-7-thread-75] INFO eu.europa.esig.dss.spi.x509.TokenIssuerSelector - CERT ISSUER    : c=lu,ou=pki-test,o=nowina solutions,cn=external-ca
11:39:11.281 [pool-7-thread-75] INFO eu.europa.esig.dss.spi.x509.TokenIssuerSelector - ISSUER SUBJECT : c=lu,ou=pki-test,o=nowina solutions,cn=external-ca-alternative
11:39:11.281 [pool-7-thread-75] INFO eu.europa.esig.dss.spi.x509.TokenIssuerSelector - The issuer subject name and subject name does not match (more details in debug mode).
11:39:11.281 [pool-7-thread-75] INFO eu.europa.esig.dss.spi.x509.TokenIssuerSelector - CERT ISSUER    : c=lu,ou=pki-test,o=nowina solutions,cn=external-ca
11:39:11.281 [pool-7-thread-75] INFO eu.europa.esig.dss.spi.x509.TokenIssuerSelector - ISSUER SUBJECT : c=lu,ou=pki-test,o=nowina solutions,cn=external-ca-alternative
11:39:11.282 [pool-7-thread-100] WARN eu.europa.esig.dss.spi.x509.TokenIssuerSelector - No issuer found for the token creation date. The process continues with an issuer which has the same public key.
11:39:11.282 [pool-7-thread-80] INFO eu.europa.esig.dss.spi.x509.TokenIssuerSelector - The issuer subject name and subject name does not match (more details in debug mode).
11:39:11.282 [pool-7-thread-80] INFO eu.europa.esig.dss.spi.x509.TokenIssuerSelector - CERT ISSUER    : c=lu,ou=pki-test,o=nowina solutions,cn=external-ca
11:39:11.282 [pool-7-thread-80] INFO eu.europa.esig.dss.spi.x509.TokenIssuerSelector - ISSUER SUBJECT : c=lu,ou=pki-test,o=nowina solutions,cn=external-ca-alternative
11:39:11.282 [pool-7-thread-80] INFO eu.europa.esig.dss.spi.x509.TokenIssuerSelector - The issuer subject name and subject name does not match (more details in debug mode).
11:39:11.282 [pool-7-thread-80] INFO eu.europa.esig.dss.spi.x509.TokenIssuerSelector - CERT ISSUER    : c=lu,ou=pki-test,o=nowina solutions,cn=external-ca
11:39:11.282 [pool-7-thread-80] INFO eu.europa.esig.dss.spi.x509.TokenIssuerSelector - ISSUER SUBJECT : c=lu,ou=pki-test,o=nowina solutions,cn=external-ca-alternative
11:39:11.282 [pool-7-thread-80] INFO eu.europa.esig.dss.spi.x509.TokenIssuerSelector - The issuer subject name and subject name does not match (more details in debug mode).
11:39:11.282 [pool-7-thread-80] INFO eu.europa.esig.dss.spi.x509.TokenIssuerSelector - CERT ISSUER    : c=lu,ou=pki-test,o=nowina solutions,cn=external-ca
11:39:11.282 [pool-7-thread-80] INFO eu.europa.esig.dss.spi.x509.TokenIssuerSelector - ISSUER SUBJECT : c=lu,ou=pki-test,o=nowina solutions,cn=external-ca-alternative
11:39:11.284 [pool-7-thread-100] INFO eu.europa.esig.dss.spi.x509.TokenIssuerSelector - The issuer subject name and subject name does not match (more details in debug mode).
11:39:11.284 [pool-7-thread-100] INFO eu.europa.esig.dss.spi.x509.TokenIssuerSelector - CERT ISSUER    : c=lu,ou=pki-test,o=nowina solutions,cn=external-ca
11:39:11.284 [pool-7-thread-100] INFO eu.europa.esig.dss.spi.x509.TokenIssuerSelector - ISSUER SUBJECT : c=lu,ou=pki-test,o=nowina solutions,cn=external-ca-alternative
11:39:11.284 [pool-7-thread-100] INFO eu.europa.esig.dss.spi.x509.TokenIssuerSelector - The issuer subject name and subject name does not match (more details in debug mode).
11:39:11.284 [pool-7-thread-100] INFO eu.europa.esig.dss.spi.x509.TokenIssuerSelector - CERT ISSUER    : c=lu,ou=pki-test,o=nowina solutions,cn=external-ca
11:39:11.284 [pool-7-thread-100] INFO eu.europa.esig.dss.spi.x509.TokenIssuerSelector - ISSUER SUBJECT : c=lu,ou=pki-test,o=nowina solutions,cn=external-ca-alternative
11:39:11.284 [pool-7-thread-100] INFO eu.europa.esig.dss.spi.x509.TokenIssuerSelector - The issuer subject name and subject name does not match (more details in debug mode).
11:39:11.284 [pool-7-thread-100] INFO eu.europa.esig.dss.spi.x509.TokenIssuerSelector - CERT ISSUER    : c=lu,ou=pki-test,o=nowina solutions,cn=external-ca
11:39:11.284 [pool-7-thread-100] INFO eu.europa.esig.dss.spi.x509.TokenIssuerSelector - ISSUER SUBJECT : c=lu,ou=pki-test,o=nowina solutions,cn=external-ca-alternative
11:39:11.286 [pool-7-thread-96] INFO eu.europa.esig.dss.spi.x509.TokenIssuerSelector - The issuer subject name and subject name does not match (more details in debug mode).
11:39:11.286 [pool-7-thread-96] INFO eu.europa.esig.dss.spi.x509.TokenIssuerSelector - CERT ISSUER    : c=lu,ou=pki-test,o=nowina solutions,cn=external-ca
11:39:11.286 [pool-7-thread-96] INFO eu.europa.esig.dss.spi.x509.TokenIssuerSelector - ISSUER SUBJECT : c=lu,ou=pki-test,o=nowina solutions,cn=external-ca-alternative
11:39:11.286 [pool-7-thread-96] INFO eu.europa.esig.dss.spi.x509.TokenIssuerSelector - The issuer subject name and subject name does not match (more details in debug mode).
11:39:11.286 [pool-7-thread-96] INFO eu.europa.esig.dss.spi.x509.TokenIssuerSelector - CERT ISSUER    : c=lu,ou=pki-test,o=nowina solutions,cn=external-ca
11:39:11.286 [pool-7-thread-96] INFO eu.europa.esig.dss.spi.x509.TokenIssuerSelector - ISSUER SUBJECT : c=lu,ou=pki-test,o=nowina solutions,cn=external-ca-alternative
11:39:11.286 [pool-7-thread-96] INFO eu.europa.esig.dss.spi.x509.TokenIssuerSelector - The issuer subject name and subject name does not match (more details in debug mode).
11:39:11.286 [pool-7-thread-96] INFO eu.europa.esig.dss.spi.x509.TokenIssuerSelector - CERT ISSUER    : c=lu,ou=pki-test,o=nowina solutions,cn=external-ca
11:39:11.286 [pool-7-thread-96] INFO eu.europa.esig.dss.spi.x509.TokenIssuerSelector - ISSUER SUBJECT : c=lu,ou=pki-test,o=nowina solutions,cn=external-ca-alternative
11:39:11.287 [pool-7-thread-83] INFO eu.europa.esig.dss.spi.x509.TokenIssuerSelector - The issuer subject name and subject name does not match (more details in debug mode).
11:39:11.287 [pool-7-thread-83] INFO eu.europa.esig.dss.spi.x509.TokenIssuerSelector - CERT ISSUER    : c=lu,ou=pki-test,o=nowina solutions,cn=external-ca
11:39:11.287 [pool-7-thread-83] INFO eu.europa.esig.dss.spi.x509.TokenIssuerSelector - ISSUER SUBJECT : c=lu,ou=pki-test,o=nowina solutions,cn=external-ca-alternative
11:39:11.287 [pool-7-thread-83] INFO eu.europa.esig.dss.spi.x509.TokenIssuerSelector - The issuer subject name and subject name does not match (more details in debug mode).
11:39:11.287 [pool-7-thread-83] INFO eu.europa.esig.dss.spi.x509.TokenIssuerSelector - CERT ISSUER    : c=lu,ou=pki-test,o=nowina solutions,cn=external-ca
11:39:11.287 [pool-7-thread-83] INFO eu.europa.esig.dss.spi.x509.TokenIssuerSelector - ISSUER SUBJECT : c=lu,ou=pki-test,o=nowina solutions,cn=external-ca-alternative
11:39:11.287 [pool-7-thread-83] INFO eu.europa.esig.dss.spi.x509.TokenIssuerSelector - The issuer subject name and subject name does not match (more details in debug mode).
11:39:11.287 [pool-7-thread-83] INFO eu.europa.esig.dss.spi.x509.TokenIssuerSelector - CERT ISSUER    : c=lu,ou=pki-test,o=nowina solutions,cn=external-ca
11:39:11.287 [pool-7-thread-83] INFO eu.europa.esig.dss.spi.x509.TokenIssuerSelector - ISSUER SUBJECT : c=lu,ou=pki-test,o=nowina solutions,cn=external-ca-alternative
11:39:11.289 [pool-7-thread-79] INFO eu.europa.esig.dss.spi.x509.TokenIssuerSelector - The issuer subject name and subject name does not match (more details in debug mode).
11:39:11.289 [pool-7-thread-76] WARN eu.europa.esig.dss.spi.x509.TokenIssuerSelector - No issuer found for the token creation date. The process continues with an issuer which has the same public key.
11:39:11.289 [pool-7-thread-79] INFO eu.europa.esig.dss.spi.x509.TokenIssuerSelector - CERT ISSUER    : c=lu,ou=pki-test,o=nowina solutions,cn=external-ca
11:39:11.289 [pool-7-thread-79] INFO eu.europa.esig.dss.spi.x509.TokenIssuerSelector - ISSUER SUBJECT : c=lu,ou=pki-test,o=nowina solutions,cn=external-ca-alternative
11:39:11.289 [pool-7-thread-79] INFO eu.europa.esig.dss.spi.x509.TokenIssuerSelector - The issuer subject name and subject name does not match (more details in debug mode).
11:39:11.289 [pool-7-thread-79] INFO eu.europa.esig.dss.spi.x509.TokenIssuerSelector - CERT ISSUER    : c=lu,ou=pki-test,o=nowina solutions,cn=external-ca
11:39:11.289 [pool-7-thread-79] INFO eu.europa.esig.dss.spi.x509.TokenIssuerSelector - ISSUER SUBJECT : c=lu,ou=pki-test,o=nowina solutions,cn=external-ca-alternative
11:39:11.289 [pool-7-thread-79] INFO eu.europa.esig.dss.spi.x509.TokenIssuerSelector - The issuer subject name and subject name does not match (more details in debug mode).
11:39:11.289 [pool-7-thread-79] INFO eu.europa.esig.dss.spi.x509.TokenIssuerSelector - CERT ISSUER    : c=lu,ou=pki-test,o=nowina solutions,cn=external-ca
11:39:11.289 [pool-7-thread-79] INFO eu.europa.esig.dss.spi.x509.TokenIssuerSelector - ISSUER SUBJECT : c=lu,ou=pki-test,o=nowina solutions,cn=external-ca-alternative
11:39:11.290 [pool-7-thread-76] INFO eu.europa.esig.dss.spi.x509.TokenIssuerSelector - The issuer subject name and subject name does not match (more details in debug mode).
11:39:11.290 [pool-7-thread-76] INFO eu.europa.esig.dss.spi.x509.TokenIssuerSelector - CERT ISSUER    : c=lu,ou=pki-test,o=nowina solutions,cn=external-ca
11:39:11.290 [pool-7-thread-76] INFO eu.europa.esig.dss.spi.x509.TokenIssuerSelector - ISSUER SUBJECT : c=lu,ou=pki-test,o=nowina solutions,cn=external-ca-alternative
11:39:11.290 [pool-7-thread-76] INFO eu.europa.esig.dss.spi.x509.TokenIssuerSelector - The issuer subject name and subject name does not match (more details in debug mode).
11:39:11.290 [pool-7-thread-76] INFO eu.europa.esig.dss.spi.x509.TokenIssuerSelector - CERT ISSUER    : c=lu,ou=pki-test,o=nowina solutions,cn=external-ca
11:39:11.290 [pool-7-thread-76] INFO eu.europa.esig.dss.spi.x509.TokenIssuerSelector - ISSUER SUBJECT : c=lu,ou=pki-test,o=nowina solutions,cn=external-ca-alternative
11:39:11.290 [pool-7-thread-76] INFO eu.europa.esig.dss.spi.x509.TokenIssuerSelector - The issuer subject name and subject name does not match (more details in debug mode).
11:39:11.290 [pool-7-thread-76] INFO eu.europa.esig.dss.spi.x509.TokenIssuerSelector - CERT ISSUER    : c=lu,ou=pki-test,o=nowina solutions,cn=external-ca
11:39:11.290 [pool-7-thread-76] INFO eu.europa.esig.dss.spi.x509.TokenIssuerSelector - ISSUER SUBJECT : c=lu,ou=pki-test,o=nowina solutions,cn=external-ca-alternative
11:39:11.292 [pool-7-thread-72] INFO eu.europa.esig.dss.spi.x509.TokenIssuerSelector - The issuer subject name and subject name does not match (more details in debug mode).
11:39:11.292 [pool-7-thread-72] INFO eu.europa.esig.dss.spi.x509.TokenIssuerSelector - CERT ISSUER    : c=lu,ou=pki-test,o=nowina solutions,cn=external-ca
11:39:11.292 [pool-7-thread-72] INFO eu.europa.esig.dss.spi.x509.TokenIssuerSelector - ISSUER SUBJECT : c=lu,ou=pki-test,o=nowina solutions,cn=external-ca-alternative
11:39:11.292 [pool-7-thread-72] INFO eu.europa.esig.dss.spi.x509.TokenIssuerSelector - The issuer subject name and subject name does not match (more details in debug mode).
11:39:11.292 [pool-7-thread-72] INFO eu.europa.esig.dss.spi.x509.TokenIssuerSelector - CERT ISSUER    : c=lu,ou=pki-test,o=nowina solutions,cn=external-ca
11:39:11.292 [pool-7-thread-72] INFO eu.europa.esig.dss.spi.x509.TokenIssuerSelector - ISSUER SUBJECT : c=lu,ou=pki-test,o=nowina solutions,cn=external-ca-alternative
11:39:11.292 [pool-7-thread-72] INFO eu.europa.esig.dss.spi.x509.TokenIssuerSelector - The issuer subject name and subject name does not match (more details in debug mode).
11:39:11.292 [pool-7-thread-72] INFO eu.europa.esig.dss.spi.x509.TokenIssuerSelector - CERT ISSUER    : c=lu,ou=pki-test,o=nowina solutions,cn=external-ca
11:39:11.292 [pool-7-thread-72] INFO eu.europa.esig.dss.spi.x509.TokenIssuerSelector - ISSUER SUBJECT : c=lu,ou=pki-test,o=nowina solutions,cn=external-ca-alternative
11:39:11.292 [pool-7-thread-99] WARN eu.europa.esig.dss.spi.x509.TokenIssuerSelector - No issuer found for the token creation date. The process continues with an issuer which has the same public key.
11:39:11.296 [pool-7-thread-91] WARN eu.europa.esig.dss.spi.x509.TokenIssuerSelector - No issuer found for the token creation date. The process continues with an issuer which has the same public key.
11:39:11.299 [pool-7-thread-91] INFO eu.europa.esig.dss.spi.x509.TokenIssuerSelector - The issuer subject name and subject name does not match (more details in debug mode).
11:39:11.299 [pool-7-thread-91] INFO eu.europa.esig.dss.spi.x509.TokenIssuerSelector - CERT ISSUER    : c=lu,ou=pki-test,o=nowina solutions,cn=external-ca
11:39:11.299 [pool-7-thread-91] INFO eu.europa.esig.dss.spi.x509.TokenIssuerSelector - ISSUER SUBJECT : c=lu,ou=pki-test,o=nowina solutions,cn=external-ca-alternative
11:39:11.299 [pool-7-thread-91] INFO eu.europa.esig.dss.spi.x509.TokenIssuerSelector - The issuer subject name and subject name does not match (more details in debug mode).
11:39:11.299 [pool-7-thread-91] INFO eu.europa.esig.dss.spi.x509.TokenIssuerSelector - CERT ISSUER    : c=lu,ou=pki-test,o=nowina solutions,cn=external-ca
11:39:11.299 [pool-7-thread-91] INFO eu.europa.esig.dss.spi.x509.TokenIssuerSelector - ISSUER SUBJECT : c=lu,ou=pki-test,o=nowina solutions,cn=external-ca-alternative
11:39:11.299 [pool-7-thread-91] INFO eu.europa.esig.dss.spi.x509.TokenIssuerSelector - The issuer subject name and subject name does not match (more details in debug mode).
11:39:11.299 [pool-7-thread-91] INFO eu.europa.esig.dss.spi.x509.TokenIssuerSelector - CERT ISSUER    : c=lu,ou=pki-test,o=nowina solutions,cn=external-ca
11:39:11.299 [pool-7-thread-91] INFO eu.europa.esig.dss.spi.x509.TokenIssuerSelector - ISSUER SUBJECT : c=lu,ou=pki-test,o=nowina solutions,cn=external-ca-alternative
11:39:11.306 [pool-7-thread-95] WARN eu.europa.esig.dss.spi.x509.TokenIssuerSelector - No issuer found for the token creation date. The process continues with an issuer which has the same public key.
11:39:11.306 [pool-7-thread-97] INFO eu.europa.esig.dss.spi.x509.TokenIssuerSelector - The issuer subject name and subject name does not match (more details in debug mode).
11:39:11.306 [pool-7-thread-97] INFO eu.europa.esig.dss.spi.x509.TokenIssuerSelector - CERT ISSUER    : c=lu,ou=pki-test,o=nowina solutions,cn=external-ca
11:39:11.306 [pool-7-thread-97] INFO eu.europa.esig.dss.spi.x509.TokenIssuerSelector - ISSUER SUBJECT : c=lu,ou=pki-test,o=nowina solutions,cn=external-ca-alternative
11:39:11.307 [pool-7-thread-97] INFO eu.europa.esig.dss.spi.x509.TokenIssuerSelector - The issuer subject name and subject name does not match (more details in debug mode).
11:39:11.307 [pool-7-thread-97] INFO eu.europa.esig.dss.spi.x509.TokenIssuerSelector - CERT ISSUER    : c=lu,ou=pki-test,o=nowina solutions,cn=external-ca
11:39:11.307 [pool-7-thread-97] INFO eu.europa.esig.dss.spi.x509.TokenIssuerSelector - ISSUER SUBJECT : c=lu,ou=pki-test,o=nowina solutions,cn=external-ca-alternative
11:39:11.307 [pool-7-thread-97] INFO eu.europa.esig.dss.spi.x509.TokenIssuerSelector - The issuer subject name and subject name does not match (more details in debug mode).
11:39:11.307 [pool-7-thread-97] INFO eu.europa.esig.dss.spi.x509.TokenIssuerSelector - CERT ISSUER    : c=lu,ou=pki-test,o=nowina solutions,cn=external-ca
11:39:11.307 [pool-7-thread-97] INFO eu.europa.esig.dss.spi.x509.TokenIssuerSelector - ISSUER SUBJECT : c=lu,ou=pki-test,o=nowina solutions,cn=external-ca-alternative
11:39:11.307 [pool-7-thread-95] WARN eu.europa.esig.dss.spi.x509.TokenIssuerSelector - No issuer found for the token creation date. The process continues with an issuer which has the same public key.
11:39:11.308 [pool-7-thread-95] INFO eu.europa.esig.dss.spi.x509.TokenIssuerSelector - The issuer subject name and subject name does not match (more details in debug mode).
11:39:11.308 [pool-7-thread-95] INFO eu.europa.esig.dss.spi.x509.TokenIssuerSelector - CERT ISSUER    : c=lu,ou=pki-test,o=nowina solutions,cn=external-ca
11:39:11.308 [pool-7-thread-95] INFO eu.europa.esig.dss.spi.x509.TokenIssuerSelector - ISSUER SUBJECT : c=lu,ou=pki-test,o=nowina solutions,cn=external-ca-alternative
11:39:11.308 [pool-7-thread-95] INFO eu.europa.esig.dss.spi.x509.TokenIssuerSelector - The issuer subject name and subject name does not match (more details in debug mode).
11:39:11.308 [pool-7-thread-95] INFO eu.europa.esig.dss.spi.x509.TokenIssuerSelector - CERT ISSUER    : c=lu,ou=pki-test,o=nowina solutions,cn=external-ca
11:39:11.308 [pool-7-thread-95] INFO eu.europa.esig.dss.spi.x509.TokenIssuerSelector - ISSUER SUBJECT : c=lu,ou=pki-test,o=nowina solutions,cn=external-ca-alternative
11:39:11.308 [pool-7-thread-95] INFO eu.europa.esig.dss.spi.x509.TokenIssuerSelector - The issuer subject name and subject name does not match (more details in debug mode).
11:39:11.308 [pool-7-thread-95] INFO eu.europa.esig.dss.spi.x509.TokenIssuerSelector - CERT ISSUER    : c=lu,ou=pki-test,o=nowina solutions,cn=external-ca
11:39:11.308 [pool-7-thread-95] INFO eu.europa.esig.dss.spi.x509.TokenIssuerSelector - ISSUER SUBJECT : c=lu,ou=pki-test,o=nowina solutions,cn=external-ca-alternative
11:39:11.308 [pool-7-thread-21] WARN eu.europa.esig.dss.spi.x509.TokenIssuerSelector - No issuer found for the token creation date. The process continues with an issuer which has the same public key.
11:39:11.309 [pool-7-thread-93] WARN eu.europa.esig.dss.spi.x509.TokenIssuerSelector - No issuer found for the token creation date. The process continues with an issuer which has the same public key.
11:39:11.311 [pool-7-thread-93] WARN eu.europa.esig.dss.spi.x509.TokenIssuerSelector - No issuer found for the token creation date. The process continues with an issuer which has the same public key.
11:39:11.311 [pool-7-thread-33] WARN eu.europa.esig.dss.spi.x509.TokenIssuerSelector - No issuer found for the token creation date. The process continues with an issuer which has the same public key.
11:39:11.313 [pool-7-thread-33] WARN eu.europa.esig.dss.spi.x509.TokenIssuerSelector - No issuer found for the token creation date. The process continues with an issuer which has the same public key.
11:39:11.314 [pool-7-thread-28] WARN eu.europa.esig.dss.spi.x509.TokenIssuerSelector - No issuer found for the token creation date. The process continues with an issuer which has the same public key.
11:39:11.315 [pool-7-thread-28] WARN eu.europa.esig.dss.spi.x509.TokenIssuerSelector - No issuer found for the token creation date. The process continues with an issuer which has the same public key.
11:39:11.318 [pool-7-thread-28] INFO eu.europa.esig.dss.spi.x509.TokenIssuerSelector - The issuer subject name and subject name does not match (more details in debug mode).
11:39:11.318 [pool-7-thread-28] INFO eu.europa.esig.dss.spi.x509.TokenIssuerSelector - CERT ISSUER    : c=lu,ou=pki-test,o=nowina solutions,cn=external-ca
11:39:11.318 [pool-7-thread-28] INFO eu.europa.esig.dss.spi.x509.TokenIssuerSelector - ISSUER SUBJECT : c=lu,ou=pki-test,o=nowina solutions,cn=external-ca-alternative
11:39:11.318 [pool-7-thread-28] INFO eu.europa.esig.dss.spi.x509.TokenIssuerSelector - The issuer subject name and subject name does not match (more details in debug mode).
11:39:11.318 [pool-7-thread-28] INFO eu.europa.esig.dss.spi.x509.TokenIssuerSelector - CERT ISSUER    : c=lu,ou=pki-test,o=nowina solutions,cn=external-ca
11:39:11.318 [pool-7-thread-28] INFO eu.europa.esig.dss.spi.x509.TokenIssuerSelector - ISSUER SUBJECT : c=lu,ou=pki-test,o=nowina solutions,cn=external-ca-alternative
11:39:11.318 [pool-7-thread-28] INFO eu.europa.esig.dss.spi.x509.TokenIssuerSelector - The issuer subject name and subject name does not match (more details in debug mode).
11:39:11.318 [pool-7-thread-28] INFO eu.europa.esig.dss.spi.x509.TokenIssuerSelector - CERT ISSUER    : c=lu,ou=pki-test,o=nowina solutions,cn=external-ca
11:39:11.318 [pool-7-thread-28] INFO eu.europa.esig.dss.spi.x509.TokenIssuerSelector - ISSUER SUBJECT : c=lu,ou=pki-test,o=nowina solutions,cn=external-ca-alternative
11:39:11.318 [pool-7-thread-31] WARN eu.europa.esig.dss.spi.x509.TokenIssuerSelector - No issuer found for the token creation date. The process continues with an issuer which has the same public key.
11:39:11.321 [pool-7-thread-94] INFO eu.europa.esig.dss.spi.x509.TokenIssuerSelector - The issuer subject name and subject name does not match (more details in debug mode).
11:39:11.321 [pool-7-thread-94] INFO eu.europa.esig.dss.spi.x509.TokenIssuerSelector - CERT ISSUER    : c=lu,ou=pki-test,o=nowina solutions,cn=external-ca
11:39:11.321 [pool-7-thread-94] INFO eu.europa.esig.dss.spi.x509.TokenIssuerSelector - ISSUER SUBJECT : c=lu,ou=pki-test,o=nowina solutions,cn=external-ca-alternative
11:39:11.321 [pool-7-thread-94] INFO eu.europa.esig.dss.spi.x509.TokenIssuerSelector - The issuer subject name and subject name does not match (more details in debug mode).
11:39:11.321 [pool-7-thread-94] INFO eu.europa.esig.dss.spi.x509.TokenIssuerSelector - CERT ISSUER    : c=lu,ou=pki-test,o=nowina solutions,cn=external-ca
11:39:11.321 [pool-7-thread-94] INFO eu.europa.esig.dss.spi.x509.TokenIssuerSelector - ISSUER SUBJECT : c=lu,ou=pki-test,o=nowina solutions,cn=external-ca-alternative
11:39:11.321 [pool-7-thread-94] INFO eu.europa.esig.dss.spi.x509.TokenIssuerSelector - The issuer subject name and subject name does not match (more details in debug mode).
11:39:11.321 [pool-7-thread-94] INFO eu.europa.esig.dss.spi.x509.TokenIssuerSelector - CERT ISSUER    : c=lu,ou=pki-test,o=nowina solutions,cn=external-ca
11:39:11.321 [pool-7-thread-94] INFO eu.europa.esig.dss.spi.x509.TokenIssuerSelector - ISSUER SUBJECT : c=lu,ou=pki-test,o=nowina solutions,cn=external-ca-alternative
11:39:11.321 [pool-7-thread-26] WARN eu.europa.esig.dss.spi.x509.TokenIssuerSelector - No issuer found for the token creation date. The process continues with an issuer which has the same public key.
11:39:11.322 [pool-7-thread-26] WARN eu.europa.esig.dss.spi.x509.TokenIssuerSelector - No issuer found for the token creation date. The process continues with an issuer which has the same public key.
11:39:11.324 [pool-7-thread-26] INFO eu.europa.esig.dss.spi.x509.TokenIssuerSelector - The issuer subject name and subject name does not match (more details in debug mode).
11:39:11.324 [pool-7-thread-26] INFO eu.europa.esig.dss.spi.x509.TokenIssuerSelector - CERT ISSUER    : c=lu,ou=pki-test,o=nowina solutions,cn=external-ca
11:39:11.324 [pool-7-thread-26] INFO eu.europa.esig.dss.spi.x509.TokenIssuerSelector - ISSUER SUBJECT : c=lu,ou=pki-test,o=nowina solutions,cn=external-ca-alternative
11:39:11.324 [pool-7-thread-26] INFO eu.europa.esig.dss.spi.x509.TokenIssuerSelector - The issuer subject name and subject name does not match (more details in debug mode).
11:39:11.324 [pool-7-thread-26] INFO eu.europa.esig.dss.spi.x509.TokenIssuerSelector - CERT ISSUER    : c=lu,ou=pki-test,o=nowina solutions,cn=external-ca
11:39:11.324 [pool-7-thread-26] INFO eu.europa.esig.dss.spi.x509.TokenIssuerSelector - ISSUER SUBJECT : c=lu,ou=pki-test,o=nowina solutions,cn=external-ca-alternative
11:39:11.324 [pool-7-thread-26] INFO eu.europa.esig.dss.spi.x509.TokenIssuerSelector - The issuer subject name and subject name does not match (more details in debug mode).
11:39:11.324 [pool-7-thread-26] INFO eu.europa.esig.dss.spi.x509.TokenIssuerSelector - CERT ISSUER    : c=lu,ou=pki-test,o=nowina solutions,cn=external-ca
11:39:11.324 [pool-7-thread-26] INFO eu.europa.esig.dss.spi.x509.TokenIssuerSelector - ISSUER SUBJECT : c=lu,ou=pki-test,o=nowina solutions,cn=external-ca-alternative
11:39:11.324 [pool-7-thread-4] WARN eu.europa.esig.dss.spi.x509.TokenIssuerSelector - No issuer found for the token creation date. The process continues with an issuer which has the same public key.
11:39:11.325 [pool-7-thread-4] WARN eu.europa.esig.dss.spi.x509.TokenIssuerSelector - No issuer found for the token creation date. The process continues with an issuer which has the same public key.
11:39:11.326 [pool-7-thread-4] INFO eu.europa.esig.dss.spi.x509.TokenIssuerSelector - The issuer subject name and subject name does not match (more details in debug mode).
11:39:11.326 [pool-7-thread-4] INFO eu.europa.esig.dss.spi.x509.TokenIssuerSelector - CERT ISSUER    : c=lu,ou=pki-test,o=nowina solutions,cn=external-ca
11:39:11.326 [pool-7-thread-4] INFO eu.europa.esig.dss.spi.x509.TokenIssuerSelector - ISSUER SUBJECT : c=lu,ou=pki-test,o=nowina solutions,cn=external-ca-alternative
11:39:11.326 [pool-7-thread-4] INFO eu.europa.esig.dss.spi.x509.TokenIssuerSelector - The issuer subject name and subject name does not match (more details in debug mode).
11:39:11.326 [pool-7-thread-4] INFO eu.europa.esig.dss.spi.x509.TokenIssuerSelector - CERT ISSUER    : c=lu,ou=pki-test,o=nowina solutions,cn=external-ca
11:39:11.326 [pool-7-thread-4] INFO eu.europa.esig.dss.spi.x509.TokenIssuerSelector - ISSUER SUBJECT : c=lu,ou=pki-test,o=nowina solutions,cn=external-ca-alternative
11:39:11.326 [pool-7-thread-4] INFO eu.europa.esig.dss.spi.x509.TokenIssuerSelector - The issuer subject name and subject name does not match (more details in debug mode).
11:39:11.326 [pool-7-thread-4] INFO eu.europa.esig.dss.spi.x509.TokenIssuerSelector - CERT ISSUER    : c=lu,ou=pki-test,o=nowina solutions,cn=external-ca
11:39:11.326 [pool-7-thread-4] INFO eu.europa.esig.dss.spi.x509.TokenIssuerSelector - ISSUER SUBJECT : c=lu,ou=pki-test,o=nowina solutions,cn=external-ca-alternative
11:39:11.330 [pool-7-thread-6] WARN eu.europa.esig.dss.spi.x509.TokenIssuerSelector - No issuer found for the token creation date. The process continues with an issuer which has the same public key.
11:39:11.333 [pool-7-thread-6] INFO eu.europa.esig.dss.spi.x509.TokenIssuerSelector - The issuer subject name and subject name does not match (more details in debug mode).
11:39:11.333 [pool-7-thread-6] INFO eu.europa.esig.dss.spi.x509.TokenIssuerSelector - CERT ISSUER    : c=lu,ou=pki-test,o=nowina solutions,cn=external-ca
11:39:11.333 [pool-7-thread-6] INFO eu.europa.esig.dss.spi.x509.TokenIssuerSelector - ISSUER SUBJECT : c=lu,ou=pki-test,o=nowina solutions,cn=external-ca-alternative
11:39:11.333 [pool-7-thread-6] INFO eu.europa.esig.dss.spi.x509.TokenIssuerSelector - The issuer subject name and subject name does not match (more details in debug mode).
11:39:11.333 [pool-7-thread-6] INFO eu.europa.esig.dss.spi.x509.TokenIssuerSelector - CERT ISSUER    : c=lu,ou=pki-test,o=nowina solutions,cn=external-ca
11:39:11.333 [pool-7-thread-6] INFO eu.europa.esig.dss.spi.x509.TokenIssuerSelector - ISSUER SUBJECT : c=lu,ou=pki-test,o=nowina solutions,cn=external-ca-alternative
11:39:11.333 [pool-7-thread-6] INFO eu.europa.esig.dss.spi.x509.TokenIssuerSelector - The issuer subject name and subject name does not match (more details in debug mode).
11:39:11.333 [pool-7-thread-6] INFO eu.europa.esig.dss.spi.x509.TokenIssuerSelector - CERT ISSUER    : c=lu,ou=pki-test,o=nowina solutions,cn=external-ca
11:39:11.333 [pool-7-thread-6] INFO eu.europa.esig.dss.spi.x509.TokenIssuerSelector - ISSUER SUBJECT : c=lu,ou=pki-test,o=nowina solutions,cn=external-ca-alternative
11:39:11.333 [pool-7-thread-30] WARN eu.europa.esig.dss.spi.x509.TokenIssuerSelector - No issuer found for the token creation date. The process continues with an issuer which has the same public key.
11:39:11.333 [pool-7-thread-30] WARN eu.europa.esig.dss.spi.x509.TokenIssuerSelector - No issuer found for the token creation date. The process continues with an issuer which has the same public key.
11:39:11.336 [pool-7-thread-30] INFO eu.europa.esig.dss.spi.x509.TokenIssuerSelector - The issuer subject name and subject name does not match (more details in debug mode).
11:39:11.336 [pool-7-thread-30] INFO eu.europa.esig.dss.spi.x509.TokenIssuerSelector - CERT ISSUER    : c=lu,ou=pki-test,o=nowina solutions,cn=external-ca
11:39:11.336 [pool-7-thread-30] INFO eu.europa.esig.dss.spi.x509.TokenIssuerSelector - ISSUER SUBJECT : c=lu,ou=pki-test,o=nowina solutions,cn=external-ca-alternative
11:39:11.336 [pool-7-thread-30] INFO eu.europa.esig.dss.spi.x509.TokenIssuerSelector - The issuer subject name and subject name does not match (more details in debug mode).
11:39:11.336 [pool-7-thread-30] INFO eu.europa.esig.dss.spi.x509.TokenIssuerSelector - CERT ISSUER    : c=lu,ou=pki-test,o=nowina solutions,cn=external-ca
11:39:11.336 [pool-7-thread-30] INFO eu.europa.esig.dss.spi.x509.TokenIssuerSelector - ISSUER SUBJECT : c=lu,ou=pki-test,o=nowina solutions,cn=external-ca-alternative
11:39:11.336 [pool-7-thread-30] INFO eu.europa.esig.dss.spi.x509.TokenIssuerSelector - The issuer subject name and subject name does not match (more details in debug mode).
11:39:11.336 [pool-7-thread-30] INFO eu.europa.esig.dss.spi.x509.TokenIssuerSelector - CERT ISSUER    : c=lu,ou=pki-test,o=nowina solutions,cn=external-ca
11:39:11.336 [pool-7-thread-30] INFO eu.europa.esig.dss.spi.x509.TokenIssuerSelector - ISSUER SUBJECT : c=lu,ou=pki-test,o=nowina solutions,cn=external-ca-alternative
11:39:11.336 [pool-7-thread-14] WARN eu.europa.esig.dss.spi.x509.TokenIssuerSelector - No issuer found for the token creation date. The process continues with an issuer which has the same public key.
11:39:11.337 [pool-7-thread-14] WARN eu.europa.esig.dss.spi.x509.TokenIssuerSelector - No issuer found for the token creation date. The process continues with an issuer which has the same public key.
11:39:11.338 [pool-7-thread-29] INFO eu.europa.esig.dss.spi.x509.TokenIssuerSelector - The issuer subject name and subject name does not match (more details in debug mode).
11:39:11.338 [pool-7-thread-11] WARN eu.europa.esig.dss.spi.x509.TokenIssuerSelector - No issuer found for the token creation date. The process continues with an issuer which has the same public key.
11:39:11.338 [pool-7-thread-29] INFO eu.europa.esig.dss.spi.x509.TokenIssuerSelector - CERT ISSUER    : c=lu,ou=pki-test,o=nowina solutions,cn=external-ca
11:39:11.338 [pool-7-thread-29] INFO eu.europa.esig.dss.spi.x509.TokenIssuerSelector - ISSUER SUBJECT : c=lu,ou=pki-test,o=nowina solutions,cn=external-ca-alternative
11:39:11.338 [pool-7-thread-29] INFO eu.europa.esig.dss.spi.x509.TokenIssuerSelector - The issuer subject name and subject name does not match (more details in debug mode).
11:39:11.338 [pool-7-thread-29] INFO eu.europa.esig.dss.spi.x509.TokenIssuerSelector - CERT ISSUER    : c=lu,ou=pki-test,o=nowina solutions,cn=external-ca
11:39:11.338 [pool-7-thread-29] INFO eu.europa.esig.dss.spi.x509.TokenIssuerSelector - ISSUER SUBJECT : c=lu,ou=pki-test,o=nowina solutions,cn=external-ca-alternative
11:39:11.338 [pool-7-thread-29] INFO eu.europa.esig.dss.spi.x509.TokenIssuerSelector - The issuer subject name and subject name does not match (more details in debug mode).
11:39:11.338 [pool-7-thread-29] INFO eu.europa.esig.dss.spi.x509.TokenIssuerSelector - CERT ISSUER    : c=lu,ou=pki-test,o=nowina solutions,cn=external-ca
11:39:11.338 [pool-7-thread-29] INFO eu.europa.esig.dss.spi.x509.TokenIssuerSelector - ISSUER SUBJECT : c=lu,ou=pki-test,o=nowina solutions,cn=external-ca-alternative
11:39:11.340 [pool-7-thread-11] INFO eu.europa.esig.dss.spi.x509.TokenIssuerSelector - The issuer subject name and subject name does not match (more details in debug mode).
11:39:11.340 [pool-7-thread-11] INFO eu.europa.esig.dss.spi.x509.TokenIssuerSelector - CERT ISSUER    : c=lu,ou=pki-test,o=nowina solutions,cn=external-ca
11:39:11.340 [pool-7-thread-11] INFO eu.europa.esig.dss.spi.x509.TokenIssuerSelector - ISSUER SUBJECT : c=lu,ou=pki-test,o=nowina solutions,cn=external-ca-alternative
11:39:11.340 [pool-7-thread-11] INFO eu.europa.esig.dss.spi.x509.TokenIssuerSelector - The issuer subject name and subject name does not match (more details in debug mode).
11:39:11.340 [pool-7-thread-11] INFO eu.europa.esig.dss.spi.x509.TokenIssuerSelector - CERT ISSUER    : c=lu,ou=pki-test,o=nowina solutions,cn=external-ca
11:39:11.340 [pool-7-thread-11] INFO eu.europa.esig.dss.spi.x509.TokenIssuerSelector - ISSUER SUBJECT : c=lu,ou=pki-test,o=nowina solutions,cn=external-ca-alternative
11:39:11.340 [pool-7-thread-11] INFO eu.europa.esig.dss.spi.x509.TokenIssuerSelector - The issuer subject name and subject name does not match (more details in debug mode).
11:39:11.340 [pool-7-thread-11] INFO eu.europa.esig.dss.spi.x509.TokenIssuerSelector - CERT ISSUER    : c=lu,ou=pki-test,o=nowina solutions,cn=external-ca
11:39:11.340 [pool-7-thread-11] INFO eu.europa.esig.dss.spi.x509.TokenIssuerSelector - ISSUER SUBJECT : c=lu,ou=pki-test,o=nowina solutions,cn=external-ca-alternative
11:39:11.341 [pool-7-thread-46] INFO eu.europa.esig.dss.spi.x509.TokenIssuerSelector - The issuer subject name and subject name does not match (more details in debug mode).
11:39:11.341 [pool-7-thread-46] INFO eu.europa.esig.dss.spi.x509.TokenIssuerSelector - CERT ISSUER    : c=lu,ou=pki-test,o=nowina solutions,cn=external-ca
11:39:11.341 [pool-7-thread-46] INFO eu.europa.esig.dss.spi.x509.TokenIssuerSelector - ISSUER SUBJECT : c=lu,ou=pki-test,o=nowina solutions,cn=external-ca-alternative
11:39:11.341 [pool-7-thread-46] INFO eu.europa.esig.dss.spi.x509.TokenIssuerSelector - The issuer subject name and subject name does not match (more details in debug mode).
11:39:11.341 [pool-7-thread-46] INFO eu.europa.esig.dss.spi.x509.TokenIssuerSelector - CERT ISSUER    : c=lu,ou=pki-test,o=nowina solutions,cn=external-ca
11:39:11.341 [pool-7-thread-46] INFO eu.europa.esig.dss.spi.x509.TokenIssuerSelector - ISSUER SUBJECT : c=lu,ou=pki-test,o=nowina solutions,cn=external-ca-alternative
11:39:11.341 [pool-7-thread-46] INFO eu.europa.esig.dss.spi.x509.TokenIssuerSelector - The issuer subject name and subject name does not match (more details in debug mode).
11:39:11.341 [pool-7-thread-46] INFO eu.europa.esig.dss.spi.x509.TokenIssuerSelector - CERT ISSUER    : c=lu,ou=pki-test,o=nowina solutions,cn=external-ca
11:39:11.341 [pool-7-thread-46] INFO eu.europa.esig.dss.spi.x509.TokenIssuerSelector - ISSUER SUBJECT : c=lu,ou=pki-test,o=nowina solutions,cn=external-ca-alternative
11:39:11.341 [pool-7-thread-92] WARN eu.europa.esig.dss.spi.x509.TokenIssuerSelector - No issuer found for the token creation date. The process continues with an issuer which has the same public key.
11:39:11.344 [pool-7-thread-92] INFO eu.europa.esig.dss.spi.x509.TokenIssuerSelector - The issuer subject name and subject name does not match (more details in debug mode).
11:39:11.344 [pool-7-thread-92] INFO eu.europa.esig.dss.spi.x509.TokenIssuerSelector - CERT ISSUER    : c=lu,ou=pki-test,o=nowina solutions,cn=external-ca
11:39:11.344 [pool-7-thread-92] INFO eu.europa.esig.dss.spi.x509.TokenIssuerSelector - ISSUER SUBJECT : c=lu,ou=pki-test,o=nowina solutions,cn=external-ca-alternative
11:39:11.344 [pool-7-thread-92] INFO eu.europa.esig.dss.spi.x509.TokenIssuerSelector - The issuer subject name and subject name does not match (more details in debug mode).
11:39:11.344 [pool-7-thread-92] INFO eu.europa.esig.dss.spi.x509.TokenIssuerSelector - CERT ISSUER    : c=lu,ou=pki-test,o=nowina solutions,cn=external-ca
11:39:11.344 [pool-7-thread-92] INFO eu.europa.esig.dss.spi.x509.TokenIssuerSelector - ISSUER SUBJECT : c=lu,ou=pki-test,o=nowina solutions,cn=external-ca-alternative
11:39:11.344 [pool-7-thread-92] INFO eu.europa.esig.dss.spi.x509.TokenIssuerSelector - The issuer subject name and subject name does not match (more details in debug mode).
11:39:11.344 [pool-7-thread-92] INFO eu.europa.esig.dss.spi.x509.TokenIssuerSelector - CERT ISSUER    : c=lu,ou=pki-test,o=nowina solutions,cn=external-ca
11:39:11.344 [pool-7-thread-92] INFO eu.europa.esig.dss.spi.x509.TokenIssuerSelector - ISSUER SUBJECT : c=lu,ou=pki-test,o=nowina solutions,cn=external-ca-alternative
11:39:11.350 [pool-7-thread-14] INFO eu.europa.esig.dss.spi.x509.TokenIssuerSelector - The issuer subject name and subject name does not match (more details in debug mode).
11:39:11.350 [pool-7-thread-14] INFO eu.europa.esig.dss.spi.x509.TokenIssuerSelector - CERT ISSUER    : c=lu,ou=pki-test,o=nowina solutions,cn=external-ca
11:39:11.350 [pool-7-thread-14] INFO eu.europa.esig.dss.spi.x509.TokenIssuerSelector - ISSUER SUBJECT : c=lu,ou=pki-test,o=nowina solutions,cn=external-ca-alternative
11:39:11.350 [pool-7-thread-14] INFO eu.europa.esig.dss.spi.x509.TokenIssuerSelector - The issuer subject name and subject name does not match (more details in debug mode).
11:39:11.350 [pool-7-thread-14] INFO eu.europa.esig.dss.spi.x509.TokenIssuerSelector - CERT ISSUER    : c=lu,ou=pki-test,o=nowina solutions,cn=external-ca
11:39:11.350 [pool-7-thread-14] INFO eu.europa.esig.dss.spi.x509.TokenIssuerSelector - ISSUER SUBJECT : c=lu,ou=pki-test,o=nowina solutions,cn=external-ca-alternative
11:39:11.350 [pool-7-thread-14] INFO eu.europa.esig.dss.spi.x509.TokenIssuerSelector - The issuer subject name and subject name does not match (more details in debug mode).
11:39:11.350 [pool-7-thread-14] INFO eu.europa.esig.dss.spi.x509.TokenIssuerSelector - CERT ISSUER    : c=lu,ou=pki-test,o=nowina solutions,cn=external-ca
11:39:11.350 [pool-7-thread-14] INFO eu.europa.esig.dss.spi.x509.TokenIssuerSelector - ISSUER SUBJECT : c=lu,ou=pki-test,o=nowina solutions,cn=external-ca-alternative
11:39:11.350 [pool-7-thread-13] WARN eu.europa.esig.dss.spi.x509.TokenIssuerSelector - No issuer found for the token creation date. The process continues with an issuer which has the same public key.
11:39:11.350 [pool-7-thread-31] WARN eu.europa.esig.dss.spi.x509.TokenIssuerSelector - No issuer found for the token creation date. The process continues with an issuer which has the same public key.
11:39:11.351 [pool-7-thread-33] INFO eu.europa.esig.dss.spi.x509.TokenIssuerSelector - The issuer subject name and subject name does not match (more details in debug mode).
11:39:11.351 [pool-7-thread-33] INFO eu.europa.esig.dss.spi.x509.TokenIssuerSelector - CERT ISSUER    : c=lu,ou=pki-test,o=nowina solutions,cn=external-ca
11:39:11.351 [pool-7-thread-33] INFO eu.europa.esig.dss.spi.x509.TokenIssuerSelector - ISSUER SUBJECT : c=lu,ou=pki-test,o=nowina solutions,cn=external-ca-alternative
11:39:11.351 [pool-7-thread-33] INFO eu.europa.esig.dss.spi.x509.TokenIssuerSelector - The issuer subject name and subject name does not match (more details in debug mode).
11:39:11.351 [pool-7-thread-33] INFO eu.europa.esig.dss.spi.x509.TokenIssuerSelector - CERT ISSUER    : c=lu,ou=pki-test,o=nowina solutions,cn=external-ca
11:39:11.351 [pool-7-thread-33] INFO eu.europa.esig.dss.spi.x509.TokenIssuerSelector - ISSUER SUBJECT : c=lu,ou=pki-test,o=nowina solutions,cn=external-ca-alternative
11:39:11.351 [pool-7-thread-33] INFO eu.europa.esig.dss.spi.x509.TokenIssuerSelector - The issuer subject name and subject name does not match (more details in debug mode).
11:39:11.351 [pool-7-thread-33] INFO eu.europa.esig.dss.spi.x509.TokenIssuerSelector - CERT ISSUER    : c=lu,ou=pki-test,o=nowina solutions,cn=external-ca
11:39:11.351 [pool-7-thread-33] INFO eu.europa.esig.dss.spi.x509.TokenIssuerSelector - ISSUER SUBJECT : c=lu,ou=pki-test,o=nowina solutions,cn=external-ca-alternative
11:39:11.353 [pool-7-thread-93] INFO eu.europa.esig.dss.spi.x509.TokenIssuerSelector - The issuer subject name and subject name does not match (more details in debug mode).
11:39:11.353 [pool-7-thread-93] INFO eu.europa.esig.dss.spi.x509.TokenIssuerSelector - CERT ISSUER    : c=lu,ou=pki-test,o=nowina solutions,cn=external-ca
11:39:11.353 [pool-7-thread-93] INFO eu.europa.esig.dss.spi.x509.TokenIssuerSelector - ISSUER SUBJECT : c=lu,ou=pki-test,o=nowina solutions,cn=external-ca-alternative
11:39:11.353 [pool-7-thread-93] INFO eu.europa.esig.dss.spi.x509.TokenIssuerSelector - The issuer subject name and subject name does not match (more details in debug mode).
11:39:11.354 [pool-7-thread-93] INFO eu.europa.esig.dss.spi.x509.TokenIssuerSelector - CERT ISSUER    : c=lu,ou=pki-test,o=nowina solutions,cn=external-ca
11:39:11.354 [pool-7-thread-93] INFO eu.europa.esig.dss.spi.x509.TokenIssuerSelector - ISSUER SUBJECT : c=lu,ou=pki-test,o=nowina solutions,cn=external-ca-alternative
11:39:11.354 [pool-7-thread-93] INFO eu.europa.esig.dss.spi.x509.TokenIssuerSelector - The issuer subject name and subject name does not match (more details in debug mode).
11:39:11.354 [pool-7-thread-93] INFO eu.europa.esig.dss.spi.x509.TokenIssuerSelector - CERT ISSUER    : c=lu,ou=pki-test,o=nowina solutions,cn=external-ca
11:39:11.354 [pool-7-thread-93] INFO eu.europa.esig.dss.spi.x509.TokenIssuerSelector - ISSUER SUBJECT : c=lu,ou=pki-test,o=nowina solutions,cn=external-ca-alternative
11:39:11.354 [pool-7-thread-21] INFO eu.europa.esig.dss.spi.x509.TokenIssuerSelector - The issuer subject name and subject name does not match (more details in debug mode).
11:39:11.354 [pool-7-thread-21] INFO eu.europa.esig.dss.spi.x509.TokenIssuerSelector - CERT ISSUER    : c=lu,ou=pki-test,o=nowina solutions,cn=external-ca
11:39:11.354 [pool-7-thread-21] INFO eu.europa.esig.dss.spi.x509.TokenIssuerSelector - ISSUER SUBJECT : c=lu,ou=pki-test,o=nowina solutions,cn=external-ca-alternative
11:39:11.354 [pool-7-thread-21] INFO eu.europa.esig.dss.spi.x509.TokenIssuerSelector - The issuer subject name and subject name does not match (more details in debug mode).
11:39:11.354 [pool-7-thread-21] INFO eu.europa.esig.dss.spi.x509.TokenIssuerSelector - CERT ISSUER    : c=lu,ou=pki-test,o=nowina solutions,cn=external-ca
11:39:11.354 [pool-7-thread-21] INFO eu.europa.esig.dss.spi.x509.TokenIssuerSelector - ISSUER SUBJECT : c=lu,ou=pki-test,o=nowina solutions,cn=external-ca-alternative
11:39:11.354 [pool-7-thread-21] INFO eu.europa.esig.dss.spi.x509.TokenIssuerSelector - The issuer subject name and subject name does not match (more details in debug mode).
11:39:11.354 [pool-7-thread-21] INFO eu.europa.esig.dss.spi.x509.TokenIssuerSelector - CERT ISSUER    : c=lu,ou=pki-test,o=nowina solutions,cn=external-ca
11:39:11.354 [pool-7-thread-21] INFO eu.europa.esig.dss.spi.x509.TokenIssuerSelector - ISSUER SUBJECT : c=lu,ou=pki-test,o=nowina solutions,cn=external-ca-alternative
11:39:11.355 [pool-7-thread-82] WARN eu.europa.esig.dss.spi.x509.TokenIssuerSelector - No issuer found for the token creation date. The process continues with an issuer which has the same public key.
11:39:11.355 [pool-7-thread-99] INFO eu.europa.esig.dss.spi.x509.TokenIssuerSelector - The issuer subject name and subject name does not match (more details in debug mode).
11:39:11.355 [pool-7-thread-99] INFO eu.europa.esig.dss.spi.x509.TokenIssuerSelector - CERT ISSUER    : c=lu,ou=pki-test,o=nowina solutions,cn=external-ca
11:39:11.355 [pool-7-thread-99] INFO eu.europa.esig.dss.spi.x509.TokenIssuerSelector - ISSUER SUBJECT : c=lu,ou=pki-test,o=nowina solutions,cn=external-ca-alternative
11:39:11.355 [pool-7-thread-99] INFO eu.europa.esig.dss.spi.x509.TokenIssuerSelector - The issuer subject name and subject name does not match (more details in debug mode).
11:39:11.355 [pool-7-thread-99] INFO eu.europa.esig.dss.spi.x509.TokenIssuerSelector - CERT ISSUER    : c=lu,ou=pki-test,o=nowina solutions,cn=external-ca
11:39:11.355 [pool-7-thread-99] INFO eu.europa.esig.dss.spi.x509.TokenIssuerSelector - ISSUER SUBJECT : c=lu,ou=pki-test,o=nowina solutions,cn=external-ca-alternative
11:39:11.355 [pool-7-thread-99] INFO eu.europa.esig.dss.spi.x509.TokenIssuerSelector - The issuer subject name and subject name does not match (more details in debug mode).
11:39:11.355 [pool-7-thread-99] INFO eu.europa.esig.dss.spi.x509.TokenIssuerSelector - CERT ISSUER    : c=lu,ou=pki-test,o=nowina solutions,cn=external-ca
11:39:11.355 [pool-7-thread-99] INFO eu.europa.esig.dss.spi.x509.TokenIssuerSelector - ISSUER SUBJECT : c=lu,ou=pki-test,o=nowina solutions,cn=external-ca-alternative
11:39:11.356 [pool-7-thread-18] INFO eu.europa.esig.dss.spi.x509.TokenIssuerSelector - The issuer subject name and subject name does not match (more details in debug mode).
11:39:11.356 [pool-7-thread-18] INFO eu.europa.esig.dss.spi.x509.TokenIssuerSelector - CERT ISSUER    : c=lu,ou=pki-test,o=nowina solutions,cn=external-ca
11:39:11.356 [pool-7-thread-18] INFO eu.europa.esig.dss.spi.x509.TokenIssuerSelector - ISSUER SUBJECT : c=lu,ou=pki-test,o=nowina solutions,cn=external-ca-alternative
11:39:11.356 [pool-7-thread-18] INFO eu.europa.esig.dss.spi.x509.TokenIssuerSelector - The issuer subject name and subject name does not match (more details in debug mode).
11:39:11.356 [pool-7-thread-18] INFO eu.europa.esig.dss.spi.x509.TokenIssuerSelector - CERT ISSUER    : c=lu,ou=pki-test,o=nowina solutions,cn=external-ca
11:39:11.356 [pool-7-thread-18] INFO eu.europa.esig.dss.spi.x509.TokenIssuerSelector - ISSUER SUBJECT : c=lu,ou=pki-test,o=nowina solutions,cn=external-ca-alternative
11:39:11.356 [pool-7-thread-18] INFO eu.europa.esig.dss.spi.x509.TokenIssuerSelector - The issuer subject name and subject name does not match (more details in debug mode).
11:39:11.356 [pool-7-thread-18] INFO eu.europa.esig.dss.spi.x509.TokenIssuerSelector - CERT ISSUER    : c=lu,ou=pki-test,o=nowina solutions,cn=external-ca
11:39:11.356 [pool-7-thread-18] INFO eu.europa.esig.dss.spi.x509.TokenIssuerSelector - ISSUER SUBJECT : c=lu,ou=pki-test,o=nowina solutions,cn=external-ca-alternative
11:39:11.356 [pool-7-thread-86] INFO eu.europa.esig.dss.spi.x509.TokenIssuerSelector - The issuer subject name and subject name does not match (more details in debug mode).
11:39:11.356 [pool-7-thread-86] INFO eu.europa.esig.dss.spi.x509.TokenIssuerSelector - CERT ISSUER    : c=lu,ou=pki-test,o=nowina solutions,cn=external-ca
11:39:11.356 [pool-7-thread-86] INFO eu.europa.esig.dss.spi.x509.TokenIssuerSelector - ISSUER SUBJECT : c=lu,ou=pki-test,o=nowina solutions,cn=external-ca-alternative
11:39:11.356 [pool-7-thread-86] INFO eu.europa.esig.dss.spi.x509.TokenIssuerSelector - The issuer subject name and subject name does not match (more details in debug mode).
11:39:11.356 [pool-7-thread-86] INFO eu.europa.esig.dss.spi.x509.TokenIssuerSelector - CERT ISSUER    : c=lu,ou=pki-test,o=nowina solutions,cn=external-ca
11:39:11.356 [pool-7-thread-86] INFO eu.europa.esig.dss.spi.x509.TokenIssuerSelector - ISSUER SUBJECT : c=lu,ou=pki-test,o=nowina solutions,cn=external-ca-alternative
11:39:11.356 [pool-7-thread-86] INFO eu.europa.esig.dss.spi.x509.TokenIssuerSelector - The issuer subject name and subject name does not match (more details in debug mode).
11:39:11.356 [pool-7-thread-86] INFO eu.europa.esig.dss.spi.x509.TokenIssuerSelector - CERT ISSUER    : c=lu,ou=pki-test,o=nowina solutions,cn=external-ca
11:39:11.357 [pool-7-thread-86] INFO eu.europa.esig.dss.spi.x509.TokenIssuerSelector - ISSUER SUBJECT : c=lu,ou=pki-test,o=nowina solutions,cn=external-ca-alternative
11:39:11.357 [pool-7-thread-74] WARN eu.europa.esig.dss.spi.x509.TokenIssuerSelector - No issuer found for the token creation date. The process continues with an issuer which has the same public key.
11:39:11.364 [pool-7-thread-74] INFO eu.europa.esig.dss.spi.x509.TokenIssuerSelector - The issuer subject name and subject name does not match (more details in debug mode).
11:39:11.364 [pool-7-thread-74] INFO eu.europa.esig.dss.spi.x509.TokenIssuerSelector - CERT ISSUER    : c=lu,ou=pki-test,o=nowina solutions,cn=external-ca
11:39:11.364 [pool-7-thread-74] INFO eu.europa.esig.dss.spi.x509.TokenIssuerSelector - ISSUER SUBJECT : c=lu,ou=pki-test,o=nowina solutions,cn=external-ca-alternative
11:39:11.364 [pool-7-thread-74] INFO eu.europa.esig.dss.spi.x509.TokenIssuerSelector - The issuer subject name and subject name does not match (more details in debug mode).
11:39:11.364 [pool-7-thread-74] INFO eu.europa.esig.dss.spi.x509.TokenIssuerSelector - CERT ISSUER    : c=lu,ou=pki-test,o=nowina solutions,cn=external-ca
11:39:11.364 [pool-7-thread-74] INFO eu.europa.esig.dss.spi.x509.TokenIssuerSelector - ISSUER SUBJECT : c=lu,ou=pki-test,o=nowina solutions,cn=external-ca-alternative
11:39:11.364 [pool-7-thread-74] INFO eu.europa.esig.dss.spi.x509.TokenIssuerSelector - The issuer subject name and subject name does not match (more details in debug mode).
11:39:11.364 [pool-7-thread-74] INFO eu.europa.esig.dss.spi.x509.TokenIssuerSelector - CERT ISSUER    : c=lu,ou=pki-test,o=nowina solutions,cn=external-ca
11:39:11.364 [pool-7-thread-74] INFO eu.europa.esig.dss.spi.x509.TokenIssuerSelector - ISSUER SUBJECT : c=lu,ou=pki-test,o=nowina solutions,cn=external-ca-alternative
11:39:11.365 [pool-7-thread-78] INFO eu.europa.esig.dss.spi.x509.TokenIssuerSelector - The issuer subject name and subject name does not match (more details in debug mode).
11:39:11.365 [pool-7-thread-78] INFO eu.europa.esig.dss.spi.x509.TokenIssuerSelector - CERT ISSUER    : c=lu,ou=pki-test,o=nowina solutions,cn=external-ca
11:39:11.365 [pool-7-thread-78] INFO eu.europa.esig.dss.spi.x509.TokenIssuerSelector - ISSUER SUBJECT : c=lu,ou=pki-test,o=nowina solutions,cn=external-ca-alternative
11:39:11.365 [pool-7-thread-78] INFO eu.europa.esig.dss.spi.x509.TokenIssuerSelector - The issuer subject name and subject name does not match (more details in debug mode).
11:39:11.365 [pool-7-thread-78] INFO eu.europa.esig.dss.spi.x509.TokenIssuerSelector - CERT ISSUER    : c=lu,ou=pki-test,o=nowina solutions,cn=external-ca
11:39:11.365 [pool-7-thread-78] INFO eu.europa.esig.dss.spi.x509.TokenIssuerSelector - ISSUER SUBJECT : c=lu,ou=pki-test,o=nowina solutions,cn=external-ca-alternative
11:39:11.365 [pool-7-thread-78] INFO eu.europa.esig.dss.spi.x509.TokenIssuerSelector - The issuer subject name and subject name does not match (more details in debug mode).
11:39:11.365 [pool-7-thread-78] INFO eu.europa.esig.dss.spi.x509.TokenIssuerSelector - CERT ISSUER    : c=lu,ou=pki-test,o=nowina solutions,cn=external-ca
11:39:11.365 [pool-7-thread-78] INFO eu.europa.esig.dss.spi.x509.TokenIssuerSelector - ISSUER SUBJECT : c=lu,ou=pki-test,o=nowina solutions,cn=external-ca-alternative
11:39:11.366 [pool-7-thread-15] INFO eu.europa.esig.dss.spi.x509.TokenIssuerSelector - The issuer subject name and subject name does not match (more details in debug mode).
11:39:11.366 [pool-7-thread-15] INFO eu.europa.esig.dss.spi.x509.TokenIssuerSelector - CERT ISSUER    : c=lu,ou=pki-test,o=nowina solutions,cn=external-ca
11:39:11.366 [pool-7-thread-15] INFO eu.europa.esig.dss.spi.x509.TokenIssuerSelector - ISSUER SUBJECT : c=lu,ou=pki-test,o=nowina solutions,cn=external-ca-alternative
11:39:11.366 [pool-7-thread-15] INFO eu.europa.esig.dss.spi.x509.TokenIssuerSelector - The issuer subject name and subject name does not match (more details in debug mode).
11:39:11.366 [pool-7-thread-15] INFO eu.europa.esig.dss.spi.x509.TokenIssuerSelector - CERT ISSUER    : c=lu,ou=pki-test,o=nowina solutions,cn=external-ca
11:39:11.366 [pool-7-thread-15] INFO eu.europa.esig.dss.spi.x509.TokenIssuerSelector - ISSUER SUBJECT : c=lu,ou=pki-test,o=nowina solutions,cn=external-ca-alternative
11:39:11.366 [pool-7-thread-15] INFO eu.europa.esig.dss.spi.x509.TokenIssuerSelector - The issuer subject name and subject name does not match (more details in debug mode).
11:39:11.366 [pool-7-thread-15] INFO eu.europa.esig.dss.spi.x509.TokenIssuerSelector - CERT ISSUER    : c=lu,ou=pki-test,o=nowina solutions,cn=external-ca
11:39:11.366 [pool-7-thread-15] INFO eu.europa.esig.dss.spi.x509.TokenIssuerSelector - ISSUER SUBJECT : c=lu,ou=pki-test,o=nowina solutions,cn=external-ca-alternative
11:39:11.367 [pool-7-thread-55] WARN eu.europa.esig.dss.spi.x509.TokenIssuerSelector - No issuer found for the token creation date. The process continues with an issuer which has the same public key.
11:39:11.367 [pool-7-thread-25] INFO eu.europa.esig.dss.spi.x509.TokenIssuerSelector - The issuer subject name and subject name does not match (more details in debug mode).
11:39:11.367 [pool-7-thread-25] INFO eu.europa.esig.dss.spi.x509.TokenIssuerSelector - CERT ISSUER    : c=lu,ou=pki-test,o=nowina solutions,cn=external-ca
11:39:11.367 [pool-7-thread-25] INFO eu.europa.esig.dss.spi.x509.TokenIssuerSelector - ISSUER SUBJECT : c=lu,ou=pki-test,o=nowina solutions,cn=external-ca-alternative
11:39:11.367 [pool-7-thread-25] INFO eu.europa.esig.dss.spi.x509.TokenIssuerSelector - The issuer subject name and subject name does not match (more details in debug mode).
11:39:11.367 [pool-7-thread-25] INFO eu.europa.esig.dss.spi.x509.TokenIssuerSelector - CERT ISSUER    : c=lu,ou=pki-test,o=nowina solutions,cn=external-ca
11:39:11.367 [pool-7-thread-25] INFO eu.europa.esig.dss.spi.x509.TokenIssuerSelector - ISSUER SUBJECT : c=lu,ou=pki-test,o=nowina solutions,cn=external-ca-alternative
11:39:11.367 [pool-7-thread-25] INFO eu.europa.esig.dss.spi.x509.TokenIssuerSelector - The issuer subject name and subject name does not match (more details in debug mode).
11:39:11.367 [pool-7-thread-25] INFO eu.europa.esig.dss.spi.x509.TokenIssuerSelector - CERT ISSUER    : c=lu,ou=pki-test,o=nowina solutions,cn=external-ca
11:39:11.367 [pool-7-thread-25] INFO eu.europa.esig.dss.spi.x509.TokenIssuerSelector - ISSUER SUBJECT : c=lu,ou=pki-test,o=nowina solutions,cn=external-ca-alternative
11:39:11.368 [pool-7-thread-49] INFO eu.europa.esig.dss.spi.x509.TokenIssuerSelector - The issuer subject name and subject name does not match (more details in debug mode).
11:39:11.368 [pool-7-thread-49] INFO eu.europa.esig.dss.spi.x509.TokenIssuerSelector - CERT ISSUER    : c=lu,ou=pki-test,o=nowina solutions,cn=external-ca
11:39:11.368 [pool-7-thread-49] INFO eu.europa.esig.dss.spi.x509.TokenIssuerSelector - ISSUER SUBJECT : c=lu,ou=pki-test,o=nowina solutions,cn=external-ca-alternative
11:39:11.369 [pool-7-thread-49] INFO eu.europa.esig.dss.spi.x509.TokenIssuerSelector - The issuer subject name and subject name does not match (more details in debug mode).
11:39:11.369 [pool-7-thread-49] INFO eu.europa.esig.dss.spi.x509.TokenIssuerSelector - CERT ISSUER    : c=lu,ou=pki-test,o=nowina solutions,cn=external-ca
11:39:11.369 [pool-7-thread-49] INFO eu.europa.esig.dss.spi.x509.TokenIssuerSelector - ISSUER SUBJECT : c=lu,ou=pki-test,o=nowina solutions,cn=external-ca-alternative
11:39:11.369 [pool-7-thread-49] INFO eu.europa.esig.dss.spi.x509.TokenIssuerSelector - The issuer subject name and subject name does not match (more details in debug mode).
11:39:11.369 [pool-7-thread-49] INFO eu.europa.esig.dss.spi.x509.TokenIssuerSelector - CERT ISSUER    : c=lu,ou=pki-test,o=nowina solutions,cn=external-ca
11:39:11.369 [pool-7-thread-49] INFO eu.europa.esig.dss.spi.x509.TokenIssuerSelector - ISSUER SUBJECT : c=lu,ou=pki-test,o=nowina solutions,cn=external-ca-alternative
11:39:11.369 [pool-7-thread-27] INFO eu.europa.esig.dss.spi.x509.TokenIssuerSelector - The issuer subject name and subject name does not match (more details in debug mode).
11:39:11.369 [pool-7-thread-61] WARN eu.europa.esig.dss.spi.x509.TokenIssuerSelector - No issuer found for the token creation date. The process continues with an issuer which has the same public key.
11:39:11.369 [pool-7-thread-27] INFO eu.europa.esig.dss.spi.x509.TokenIssuerSelector - CERT ISSUER    : c=lu,ou=pki-test,o=nowina solutions,cn=external-ca
11:39:11.369 [pool-7-thread-27] INFO eu.europa.esig.dss.spi.x509.TokenIssuerSelector - ISSUER SUBJECT : c=lu,ou=pki-test,o=nowina solutions,cn=external-ca-alternative
11:39:11.369 [pool-7-thread-27] INFO eu.europa.esig.dss.spi.x509.TokenIssuerSelector - The issuer subject name and subject name does not match (more details in debug mode).
11:39:11.369 [pool-7-thread-27] INFO eu.europa.esig.dss.spi.x509.TokenIssuerSelector - CERT ISSUER    : c=lu,ou=pki-test,o=nowina solutions,cn=external-ca
11:39:11.369 [pool-7-thread-27] INFO eu.europa.esig.dss.spi.x509.TokenIssuerSelector - ISSUER SUBJECT : c=lu,ou=pki-test,o=nowina solutions,cn=external-ca-alternative
11:39:11.369 [pool-7-thread-27] INFO eu.europa.esig.dss.spi.x509.TokenIssuerSelector - The issuer subject name and subject name does not match (more details in debug mode).
11:39:11.369 [pool-7-thread-27] INFO eu.europa.esig.dss.spi.x509.TokenIssuerSelector - CERT ISSUER    : c=lu,ou=pki-test,o=nowina solutions,cn=external-ca
11:39:11.369 [pool-7-thread-27] INFO eu.europa.esig.dss.spi.x509.TokenIssuerSelector - ISSUER SUBJECT : c=lu,ou=pki-test,o=nowina solutions,cn=external-ca-alternative
11:39:11.371 [pool-7-thread-51] INFO eu.europa.esig.dss.spi.x509.TokenIssuerSelector - The issuer subject name and subject name does not match (more details in debug mode).
11:39:11.371 [pool-7-thread-51] INFO eu.europa.esig.dss.spi.x509.TokenIssuerSelector - CERT ISSUER    : c=lu,ou=pki-test,o=nowina solutions,cn=external-ca
11:39:11.371 [pool-7-thread-51] INFO eu.europa.esig.dss.spi.x509.TokenIssuerSelector - ISSUER SUBJECT : c=lu,ou=pki-test,o=nowina solutions,cn=external-ca-alternative
11:39:11.371 [pool-7-thread-51] INFO eu.europa.esig.dss.spi.x509.TokenIssuerSelector - The issuer subject name and subject name does not match (more details in debug mode).
11:39:11.371 [pool-7-thread-51] INFO eu.europa.esig.dss.spi.x509.TokenIssuerSelector - CERT ISSUER    : c=lu,ou=pki-test,o=nowina solutions,cn=external-ca
11:39:11.371 [pool-7-thread-51] INFO eu.europa.esig.dss.spi.x509.TokenIssuerSelector - ISSUER SUBJECT : c=lu,ou=pki-test,o=nowina solutions,cn=external-ca-alternative
11:39:11.371 [pool-7-thread-51] INFO eu.europa.esig.dss.spi.x509.TokenIssuerSelector - The issuer subject name and subject name does not match (more details in debug mode).
11:39:11.371 [pool-7-thread-51] INFO eu.europa.esig.dss.spi.x509.TokenIssuerSelector - CERT ISSUER    : c=lu,ou=pki-test,o=nowina solutions,cn=external-ca
11:39:11.371 [pool-7-thread-51] INFO eu.europa.esig.dss.spi.x509.TokenIssuerSelector - ISSUER SUBJECT : c=lu,ou=pki-test,o=nowina solutions,cn=external-ca-alternative
11:39:11.372 [pool-7-thread-61] INFO eu.europa.esig.dss.spi.x509.TokenIssuerSelector - The issuer subject name and subject name does not match (more details in debug mode).
11:39:11.372 [pool-7-thread-61] INFO eu.europa.esig.dss.spi.x509.TokenIssuerSelector - CERT ISSUER    : c=lu,ou=pki-test,o=nowina solutions,cn=external-ca
11:39:11.372 [pool-7-thread-61] INFO eu.europa.esig.dss.spi.x509.TokenIssuerSelector - ISSUER SUBJECT : c=lu,ou=pki-test,o=nowina solutions,cn=external-ca-alternative
11:39:11.372 [pool-7-thread-61] INFO eu.europa.esig.dss.spi.x509.TokenIssuerSelector - The issuer subject name and subject name does not match (more details in debug mode).
11:39:11.372 [pool-7-thread-61] INFO eu.europa.esig.dss.spi.x509.TokenIssuerSelector - CERT ISSUER    : c=lu,ou=pki-test,o=nowina solutions,cn=external-ca
11:39:11.372 [pool-7-thread-61] INFO eu.europa.esig.dss.spi.x509.TokenIssuerSelector - ISSUER SUBJECT : c=lu,ou=pki-test,o=nowina solutions,cn=external-ca-alternative
11:39:11.372 [pool-7-thread-61] INFO eu.europa.esig.dss.spi.x509.TokenIssuerSelector - The issuer subject name and subject name does not match (more details in debug mode).
11:39:11.372 [pool-7-thread-61] INFO eu.europa.esig.dss.spi.x509.TokenIssuerSelector - CERT ISSUER    : c=lu,ou=pki-test,o=nowina solutions,cn=external-ca
11:39:11.372 [pool-7-thread-61] INFO eu.europa.esig.dss.spi.x509.TokenIssuerSelector - ISSUER SUBJECT : c=lu,ou=pki-test,o=nowina solutions,cn=external-ca-alternative
11:39:11.373 [pool-7-thread-55] INFO eu.europa.esig.dss.spi.x509.TokenIssuerSelector - The issuer subject name and subject name does not match (more details in debug mode).
11:39:11.375 [pool-7-thread-82] INFO eu.europa.esig.dss.spi.x509.TokenIssuerSelector - The issuer subject name and subject name does not match (more details in debug mode).
11:39:11.375 [pool-7-thread-82] INFO eu.europa.esig.dss.spi.x509.TokenIssuerSelector - CERT ISSUER    : c=lu,ou=pki-test,o=nowina solutions,cn=external-ca
11:39:11.375 [pool-7-thread-55] INFO eu.europa.esig.dss.spi.x509.TokenIssuerSelector - CERT ISSUER    : c=lu,ou=pki-test,o=nowina solutions,cn=external-ca
11:39:11.375 [pool-7-thread-82] INFO eu.europa.esig.dss.spi.x509.TokenIssuerSelector - ISSUER SUBJECT : c=lu,ou=pki-test,o=nowina solutions,cn=external-ca-alternative
11:39:11.375 [pool-7-thread-55] INFO eu.europa.esig.dss.spi.x509.TokenIssuerSelector - ISSUER SUBJECT : c=lu,ou=pki-test,o=nowina solutions,cn=external-ca-alternative
11:39:11.375 [pool-7-thread-55] INFO eu.europa.esig.dss.spi.x509.TokenIssuerSelector - The issuer subject name and subject name does not match (more details in debug mode).
11:39:11.375 [pool-7-thread-82] INFO eu.europa.esig.dss.spi.x509.TokenIssuerSelector - The issuer subject name and subject name does not match (more details in debug mode).
11:39:11.375 [pool-7-thread-55] INFO eu.europa.esig.dss.spi.x509.TokenIssuerSelector - CERT ISSUER    : c=lu,ou=pki-test,o=nowina solutions,cn=external-ca
11:39:11.375 [pool-7-thread-55] INFO eu.europa.esig.dss.spi.x509.TokenIssuerSelector - ISSUER SUBJECT : c=lu,ou=pki-test,o=nowina solutions,cn=external-ca-alternative
11:39:11.375 [pool-7-thread-82] INFO eu.europa.esig.dss.spi.x509.TokenIssuerSelector - CERT ISSUER    : c=lu,ou=pki-test,o=nowina solutions,cn=external-ca
11:39:11.375 [pool-7-thread-55] INFO eu.europa.esig.dss.spi.x509.TokenIssuerSelector - The issuer subject name and subject name does not match (more details in debug mode).
11:39:11.375 [pool-7-thread-82] INFO eu.europa.esig.dss.spi.x509.TokenIssuerSelector - ISSUER SUBJECT : c=lu,ou=pki-test,o=nowina solutions,cn=external-ca-alternative
11:39:11.375 [pool-7-thread-55] INFO eu.europa.esig.dss.spi.x509.TokenIssuerSelector - CERT ISSUER    : c=lu,ou=pki-test,o=nowina solutions,cn=external-ca
11:39:11.375 [pool-7-thread-55] INFO eu.europa.esig.dss.spi.x509.TokenIssuerSelector - ISSUER SUBJECT : c=lu,ou=pki-test,o=nowina solutions,cn=external-ca-alternative
11:39:11.375 [pool-7-thread-82] INFO eu.europa.esig.dss.spi.x509.TokenIssuerSelector - The issuer subject name and subject name does not match (more details in debug mode).
11:39:11.375 [pool-7-thread-82] INFO eu.europa.esig.dss.spi.x509.TokenIssuerSelector - CERT ISSUER    : c=lu,ou=pki-test,o=nowina solutions,cn=external-ca
11:39:11.375 [pool-7-thread-82] INFO eu.europa.esig.dss.spi.x509.TokenIssuerSelector - ISSUER SUBJECT : c=lu,ou=pki-test,o=nowina solutions,cn=external-ca-alternative
11:39:11.377 [pool-7-thread-31] INFO eu.europa.esig.dss.spi.x509.TokenIssuerSelector - The issuer subject name and subject name does not match (more details in debug mode).
11:39:11.378 [pool-7-thread-31] INFO eu.europa.esig.dss.spi.x509.TokenIssuerSelector - CERT ISSUER    : c=lu,ou=pki-test,o=nowina solutions,cn=external-ca
11:39:11.378 [pool-7-thread-31] INFO eu.europa.esig.dss.spi.x509.TokenIssuerSelector - ISSUER SUBJECT : c=lu,ou=pki-test,o=nowina solutions,cn=external-ca-alternative
11:39:11.378 [pool-7-thread-31] INFO eu.europa.esig.dss.spi.x509.TokenIssuerSelector - The issuer subject name and subject name does not match (more details in debug mode).
11:39:11.378 [pool-7-thread-31] INFO eu.europa.esig.dss.spi.x509.TokenIssuerSelector - CERT ISSUER    : c=lu,ou=pki-test,o=nowina solutions,cn=external-ca
11:39:11.378 [pool-7-thread-31] INFO eu.europa.esig.dss.spi.x509.TokenIssuerSelector - ISSUER SUBJECT : c=lu,ou=pki-test,o=nowina solutions,cn=external-ca-alternative
11:39:11.378 [pool-7-thread-31] INFO eu.europa.esig.dss.spi.x509.TokenIssuerSelector - The issuer subject name and subject name does not match (more details in debug mode).
11:39:11.378 [pool-7-thread-31] INFO eu.europa.esig.dss.spi.x509.TokenIssuerSelector - CERT ISSUER    : c=lu,ou=pki-test,o=nowina solutions,cn=external-ca
11:39:11.378 [pool-7-thread-31] INFO eu.europa.esig.dss.spi.x509.TokenIssuerSelector - ISSUER SUBJECT : c=lu,ou=pki-test,o=nowina solutions,cn=external-ca-alternative
11:39:11.379 [pool-7-thread-13] WARN eu.europa.esig.dss.spi.x509.TokenIssuerSelector - No issuer found for the token creation date. The process continues with an issuer which has the same public key.
11:39:11.381 [pool-7-thread-13] INFO eu.europa.esig.dss.spi.x509.TokenIssuerSelector - The issuer subject name and subject name does not match (more details in debug mode).
11:39:11.381 [pool-7-thread-13] INFO eu.europa.esig.dss.spi.x509.TokenIssuerSelector - CERT ISSUER    : c=lu,ou=pki-test,o=nowina solutions,cn=external-ca
11:39:11.381 [pool-7-thread-13] INFO eu.europa.esig.dss.spi.x509.TokenIssuerSelector - ISSUER SUBJECT : c=lu,ou=pki-test,o=nowina solutions,cn=external-ca-alternative
11:39:11.381 [pool-7-thread-13] INFO eu.europa.esig.dss.spi.x509.TokenIssuerSelector - The issuer subject name and subject name does not match (more details in debug mode).
11:39:11.381 [pool-7-thread-13] INFO eu.europa.esig.dss.spi.x509.TokenIssuerSelector - CERT ISSUER    : c=lu,ou=pki-test,o=nowina solutions,cn=external-ca
11:39:11.381 [pool-7-thread-13] INFO eu.europa.esig.dss.spi.x509.TokenIssuerSelector - ISSUER SUBJECT : c=lu,ou=pki-test,o=nowina solutions,cn=external-ca-alternative
11:39:11.381 [pool-7-thread-13] INFO eu.europa.esig.dss.spi.x509.TokenIssuerSelector - The issuer subject name and subject name does not match (more details in debug mode).
11:39:11.381 [pool-7-thread-13] INFO eu.europa.esig.dss.spi.x509.TokenIssuerSelector - CERT ISSUER    : c=lu,ou=pki-test,o=nowina solutions,cn=external-ca
11:39:11.381 [pool-7-thread-13] INFO eu.europa.esig.dss.spi.x509.TokenIssuerSelector - ISSUER SUBJECT : c=lu,ou=pki-test,o=nowina solutions,cn=external-ca-alternative
]]></system-out>
  </testcase>
</testsuite>