<?xml version="1.0" encoding="UTF-8"?>
<testsuite xmlns:xsi="http://www.w3.org/2001/XMLSchema-instance" xsi:noNamespaceSchemaLocation="https://maven.apache.org/surefire/maven-surefire-plugin/xsd/surefire-test-report-3.0.xsd" version="3.0" name="eu.europa.esig.dss.validation.executor.ExecuteDifferentPoliciesTest" time="11.581" tests="1464" errors="0" skipped="0" failures="0">
  <properties>
    <property name="java.specification.version" value="19"/>
    <property name="sun.cpu.isalist" value="amd64"/>
    <property name="sun.jnu.encoding" value="Cp1252"/>
    <property name="java.class.path" value="C:\Users\amadoria\Documents\Projects\HAPKIDO\WP4\dss-fork\validation-policy\target\test-classes;C:\Users\amadoria\Documents\Projects\HAPKIDO\WP4\dss-fork\validation-policy\target\classes;C:\Users\amadoria\Documents\Projects\HAPKIDO\WP4\dss-fork\dss-utils\target\dss-utils-5.12.RC1.jar;C:\Users\amadoria\Documents\Projects\HAPKIDO\WP4\dss-fork\dss-policy-jaxb\target\dss-policy-jaxb-5.12.RC1.jar;C:\Users\amadoria\Documents\Projects\HAPKIDO\WP4\dss-fork\dss-jaxb-parsers\target\dss-jaxb-parsers-5.12.RC1.jar;C:\Users\amadoria\Documents\Projects\HAPKIDO\WP4\dss-fork\dss-jaxb-common\target\dss-jaxb-common-5.12.RC1.jar;C:\Users\amadoria\Documents\Projects\HAPKIDO\WP4\dss-fork\dss-enumerations\target\dss-enumerations-5.12.RC1.jar;C:\Users\amadoria\Documents\Projects\HAPKIDO\WP4\dss-fork\dss-alert\target\dss-alert-5.12.RC1.jar;C:\Users\amadoria\.m2\repository\org\glassfish\jaxb\jaxb-runtime\2.3.8\jaxb-runtime-2.3.8.jar;C:\Users\amadoria\.m2\repository\org\glassfish\jaxb\txw2\2.3.8\txw2-2.3.8.jar;C:\Users\amadoria\.m2\repository\com\sun\istack\istack-commons-runtime\3.0.12\istack-commons-runtime-3.0.12.jar;C:\Users\amadoria\.m2\repository\com\sun\activation\jakarta.activation\1.2.2\jakarta.activation-1.2.2.jar;C:\Users\amadoria\Documents\Projects\HAPKIDO\WP4\dss-fork\dss-diagnostic-jaxb\target\dss-diagnostic-jaxb-5.12.RC1.jar;C:\Users\amadoria\Documents\Projects\HAPKIDO\WP4\dss-fork\dss-simple-report-jaxb\target\dss-simple-report-jaxb-5.12.RC1.jar;C:\Users\amadoria\Documents\Projects\HAPKIDO\WP4\dss-fork\dss-simple-certificate-report-jaxb\target\dss-simple-certificate-report-jaxb-5.12.RC1.jar;C:\Users\amadoria\Documents\Projects\HAPKIDO\WP4\dss-fork\dss-detailed-report-jaxb\target\dss-detailed-report-jaxb-5.12.RC1.jar;C:\Users\amadoria\Documents\Projects\HAPKIDO\WP4\dss-fork\specs-validation-report\target\specs-validation-report-5.12.RC1.jar;C:\Users\amadoria\Documents\Projects\HAPKIDO\WP4\dss-fork\specs-xmldsig\target\specs-xmldsig-5.12.RC1.jar;C:\Users\amadoria\Documents\Projects\HAPKIDO\WP4\dss-fork\specs-xades\target\specs-xades-5.12.RC1.jar;C:\Users\amadoria\Documents\Projects\HAPKIDO\WP4\dss-fork\specs-trusted-list\target\specs-trusted-list-5.12.RC1.jar;C:\Users\amadoria\Documents\Projects\HAPKIDO\WP4\dss-fork\dss-i18n\target\dss-i18n-5.12.RC1.jar;C:\Users\amadoria\.m2\repository\org\slf4j\slf4j-api\2.0.6\slf4j-api-2.0.6.jar;C:\Users\amadoria\.m2\repository\ch\qos\logback\logback-classic\1.3.5\logback-classic-1.3.5.jar;C:\Users\amadoria\.m2\repository\ch\qos\logback\logback-core\1.3.5\logback-core-1.3.5.jar;C:\Users\amadoria\.m2\repository\com\fasterxml\jackson\module\jackson-module-jaxb-annotations\2.14.2\jackson-module-jaxb-annotations-2.14.2.jar;C:\Users\amadoria\.m2\repository\com\fasterxml\jackson\core\jackson-annotations\2.14.2\jackson-annotations-2.14.2.jar;C:\Users\amadoria\.m2\repository\com\fasterxml\jackson\core\jackson-core\2.14.2\jackson-core-2.14.2.jar;C:\Users\amadoria\.m2\repository\com\fasterxml\jackson\core\jackson-databind\2.14.2\jackson-databind-2.14.2.jar;C:\Users\amadoria\.m2\repository\jakarta\xml\bind\jakarta.xml.bind-api\2.3.3\jakarta.xml.bind-api-2.3.3.jar;C:\Users\amadoria\.m2\repository\jakarta\activation\jakarta.activation-api\1.2.2\jakarta.activation-api-1.2.2.jar;C:\Users\amadoria\.m2\repository\org\junit\platform\junit-platform-launcher\1.9.2\junit-platform-launcher-1.9.2.jar;C:\Users\amadoria\.m2\repository\org\junit\platform\junit-platform-engine\1.9.2\junit-platform-engine-1.9.2.jar;C:\Users\amadoria\.m2\repository\org\opentest4j\opentest4j\1.2.0\opentest4j-1.2.0.jar;C:\Users\amadoria\.m2\repository\org\junit\platform\junit-platform-commons\1.9.2\junit-platform-commons-1.9.2.jar;C:\Users\amadoria\.m2\repository\org\apiguardian\apiguardian-api\1.1.2\apiguardian-api-1.1.2.jar;C:\Users\amadoria\.m2\repository\org\junit\jupiter\junit-jupiter-engine\5.9.2\junit-jupiter-engine-5.9.2.jar;C:\Users\amadoria\.m2\repository\org\junit\jupiter\junit-jupiter-api\5.9.2\junit-jupiter-api-5.9.2.jar;C:\Users\amadoria\.m2\repository\org\junit\jupiter\junit-jupiter-params\5.9.2\junit-jupiter-params-5.9.2.jar;C:\Users\amadoria\Documents\Projects\HAPKIDO\WP4\dss-fork\dss-utils-google-guava\target\dss-utils-google-guava-5.12.RC1.jar;C:\Users\amadoria\.m2\repository\com\google\guava\guava\31.1-jre\guava-31.1-jre.jar;C:\Users\amadoria\.m2\repository\com\google\guava\failureaccess\1.0.1\failureaccess-1.0.1.jar;C:\Users\amadoria\.m2\repository\com\google\guava\listenablefuture\9999.0-empty-to-avoid-conflict-with-guava\listenablefuture-9999.0-empty-to-avoid-conflict-with-guava.jar;C:\Users\amadoria\.m2\repository\com\google\code\findbugs\jsr305\3.0.2\jsr305-3.0.2.jar;C:\Users\amadoria\.m2\repository\org\checkerframework\checker-qual\3.12.0\checker-qual-3.12.0.jar;C:\Users\amadoria\.m2\repository\com\google\errorprone\error_prone_annotations\2.11.0\error_prone_annotations-2.11.0.jar;C:\Users\amadoria\.m2\repository\com\google\j2objc\j2objc-annotations\1.3\j2objc-annotations-1.3.jar;"/>
    <property name="java.vm.vendor" value="Oracle Corporation"/>
    <property name="sun.arch.data.model" value="64"/>
    <property name="user.variant" value=""/>
    <property name="java.vendor.url" value="https://java.oracle.com/"/>
    <property name="user.timezone" value="Europe/Amsterdam"/>
    <property name="os.name" value="Windows 10"/>
    <property name="java.vm.specification.version" value="19"/>
    <property name="sun.java.launcher" value="SUN_STANDARD"/>
    <property name="user.country" value="US"/>
    <property name="sun.boot.library.path" value="C:\Program Files\Java\jdk-19\bin"/>
    <property name="sun.java.command" value="C:\Users\amadoria\AppData\Local\Temp\surefire16458302758671724300\surefirebooter-20230428113939534_192.jar C:\Users\amadoria\AppData\Local\Temp\surefire16458302758671724300 2023-04-28T11-29-53_553-jvmRun1 surefire-20230428113939534_190tmp surefire_26-20230428113939534_191tmp"/>
    <property name="jdk.debug" value="release"/>
    <property name="surefire.test.class.path" value="C:\Users\amadoria\Documents\Projects\HAPKIDO\WP4\dss-fork\validation-policy\target\test-classes;C:\Users\amadoria\Documents\Projects\HAPKIDO\WP4\dss-fork\validation-policy\target\classes;C:\Users\amadoria\Documents\Projects\HAPKIDO\WP4\dss-fork\dss-utils\target\dss-utils-5.12.RC1.jar;C:\Users\amadoria\Documents\Projects\HAPKIDO\WP4\dss-fork\dss-policy-jaxb\target\dss-policy-jaxb-5.12.RC1.jar;C:\Users\amadoria\Documents\Projects\HAPKIDO\WP4\dss-fork\dss-jaxb-parsers\target\dss-jaxb-parsers-5.12.RC1.jar;C:\Users\amadoria\Documents\Projects\HAPKIDO\WP4\dss-fork\dss-jaxb-common\target\dss-jaxb-common-5.12.RC1.jar;C:\Users\amadoria\Documents\Projects\HAPKIDO\WP4\dss-fork\dss-enumerations\target\dss-enumerations-5.12.RC1.jar;C:\Users\amadoria\Documents\Projects\HAPKIDO\WP4\dss-fork\dss-alert\target\dss-alert-5.12.RC1.jar;C:\Users\amadoria\.m2\repository\org\glassfish\jaxb\jaxb-runtime\2.3.8\jaxb-runtime-2.3.8.jar;C:\Users\amadoria\.m2\repository\org\glassfish\jaxb\txw2\2.3.8\txw2-2.3.8.jar;C:\Users\amadoria\.m2\repository\com\sun\istack\istack-commons-runtime\3.0.12\istack-commons-runtime-3.0.12.jar;C:\Users\amadoria\.m2\repository\com\sun\activation\jakarta.activation\1.2.2\jakarta.activation-1.2.2.jar;C:\Users\amadoria\Documents\Projects\HAPKIDO\WP4\dss-fork\dss-diagnostic-jaxb\target\dss-diagnostic-jaxb-5.12.RC1.jar;C:\Users\amadoria\Documents\Projects\HAPKIDO\WP4\dss-fork\dss-simple-report-jaxb\target\dss-simple-report-jaxb-5.12.RC1.jar;C:\Users\amadoria\Documents\Projects\HAPKIDO\WP4\dss-fork\dss-simple-certificate-report-jaxb\target\dss-simple-certificate-report-jaxb-5.12.RC1.jar;C:\Users\amadoria\Documents\Projects\HAPKIDO\WP4\dss-fork\dss-detailed-report-jaxb\target\dss-detailed-report-jaxb-5.12.RC1.jar;C:\Users\amadoria\Documents\Projects\HAPKIDO\WP4\dss-fork\specs-validation-report\target\specs-validation-report-5.12.RC1.jar;C:\Users\amadoria\Documents\Projects\HAPKIDO\WP4\dss-fork\specs-xmldsig\target\specs-xmldsig-5.12.RC1.jar;C:\Users\amadoria\Documents\Projects\HAPKIDO\WP4\dss-fork\specs-xades\target\specs-xades-5.12.RC1.jar;C:\Users\amadoria\Documents\Projects\HAPKIDO\WP4\dss-fork\specs-trusted-list\target\specs-trusted-list-5.12.RC1.jar;C:\Users\amadoria\Documents\Projects\HAPKIDO\WP4\dss-fork\dss-i18n\target\dss-i18n-5.12.RC1.jar;C:\Users\amadoria\.m2\repository\org\slf4j\slf4j-api\2.0.6\slf4j-api-2.0.6.jar;C:\Users\amadoria\.m2\repository\ch\qos\logback\logback-classic\1.3.5\logback-classic-1.3.5.jar;C:\Users\amadoria\.m2\repository\ch\qos\logback\logback-core\1.3.5\logback-core-1.3.5.jar;C:\Users\amadoria\.m2\repository\com\fasterxml\jackson\module\jackson-module-jaxb-annotations\2.14.2\jackson-module-jaxb-annotations-2.14.2.jar;C:\Users\amadoria\.m2\repository\com\fasterxml\jackson\core\jackson-annotations\2.14.2\jackson-annotations-2.14.2.jar;C:\Users\amadoria\.m2\repository\com\fasterxml\jackson\core\jackson-core\2.14.2\jackson-core-2.14.2.jar;C:\Users\amadoria\.m2\repository\com\fasterxml\jackson\core\jackson-databind\2.14.2\jackson-databind-2.14.2.jar;C:\Users\amadoria\.m2\repository\jakarta\xml\bind\jakarta.xml.bind-api\2.3.3\jakarta.xml.bind-api-2.3.3.jar;C:\Users\amadoria\.m2\repository\jakarta\activation\jakarta.activation-api\1.2.2\jakarta.activation-api-1.2.2.jar;C:\Users\amadoria\.m2\repository\org\junit\platform\junit-platform-launcher\1.9.2\junit-platform-launcher-1.9.2.jar;C:\Users\amadoria\.m2\repository\org\junit\platform\junit-platform-engine\1.9.2\junit-platform-engine-1.9.2.jar;C:\Users\amadoria\.m2\repository\org\opentest4j\opentest4j\1.2.0\opentest4j-1.2.0.jar;C:\Users\amadoria\.m2\repository\org\junit\platform\junit-platform-commons\1.9.2\junit-platform-commons-1.9.2.jar;C:\Users\amadoria\.m2\repository\org\apiguardian\apiguardian-api\1.1.2\apiguardian-api-1.1.2.jar;C:\Users\amadoria\.m2\repository\org\junit\jupiter\junit-jupiter-engine\5.9.2\junit-jupiter-engine-5.9.2.jar;C:\Users\amadoria\.m2\repository\org\junit\jupiter\junit-jupiter-api\5.9.2\junit-jupiter-api-5.9.2.jar;C:\Users\amadoria\.m2\repository\org\junit\jupiter\junit-jupiter-params\5.9.2\junit-jupiter-params-5.9.2.jar;C:\Users\amadoria\Documents\Projects\HAPKIDO\WP4\dss-fork\dss-utils-google-guava\target\dss-utils-google-guava-5.12.RC1.jar;C:\Users\amadoria\.m2\repository\com\google\guava\guava\31.1-jre\guava-31.1-jre.jar;C:\Users\amadoria\.m2\repository\com\google\guava\failureaccess\1.0.1\failureaccess-1.0.1.jar;C:\Users\amadoria\.m2\repository\com\google\guava\listenablefuture\9999.0-empty-to-avoid-conflict-with-guava\listenablefuture-9999.0-empty-to-avoid-conflict-with-guava.jar;C:\Users\amadoria\.m2\repository\com\google\code\findbugs\jsr305\3.0.2\jsr305-3.0.2.jar;C:\Users\amadoria\.m2\repository\org\checkerframework\checker-qual\3.12.0\checker-qual-3.12.0.jar;C:\Users\amadoria\.m2\repository\com\google\errorprone\error_prone_annotations\2.11.0\error_prone_annotations-2.11.0.jar;C:\Users\amadoria\.m2\repository\com\google\j2objc\j2objc-annotations\1.3\j2objc-annotations-1.3.jar;"/>
    <property name="sun.cpu.endian" value="little"/>
    <property name="user.home" value="C:\Users\amadoria"/>
    <property name="user.language" value="en"/>
    <property name="java.specification.vendor" value="Oracle Corporation"/>
    <property name="java.version.date" value="2023-01-17"/>
    <property name="java.home" value="C:\Program Files\Java\jdk-19"/>
    <property name="file.separator" value="\"/>
    <property name="basedir" value="C:\Users\amadoria\Documents\Projects\HAPKIDO\WP4\dss-fork\validation-policy"/>
    <property name="java.vm.compressedOopsMode" value="Zero based"/>
    <property name="line.separator" value="&#10;"/>
    <property name="java.vm.specification.vendor" value="Oracle Corporation"/>
    <property name="java.specification.name" value="Java Platform API Specification"/>
    <property name="surefire.real.class.path" value="C:\Users\amadoria\AppData\Local\Temp\surefire16458302758671724300\surefirebooter-20230428113939534_192.jar"/>
    <property name="user.script" value=""/>
    <property name="sun.management.compiler" value="HotSpot 64-Bit Tiered Compilers"/>
    <property name="java.runtime.version" value="19.0.2+7-44"/>
    <property name="user.name" value="amadoria"/>
    <property name="stdout.encoding" value="Cp1252"/>
    <property name="path.separator" value=";"/>
    <property name="os.version" value="10.0"/>
    <property name="java.runtime.name" value="Java(TM) SE Runtime Environment"/>
    <property name="file.encoding" value="UTF-8"/>
    <property name="java.vm.name" value="Java HotSpot(TM) 64-Bit Server VM"/>
    <property name="localRepository" value="C:\Users\amadoria\.m2\repository"/>
    <property name="java.vendor.url.bug" value="https://bugreport.java.com/bugreport/"/>
    <property name="java.io.tmpdir" value="C:\Users\amadoria\AppData\Local\Temp\"/>
    <property name="java.version" value="19.0.2"/>
    <property name="user.dir" value="C:\Users\amadoria\Documents\Projects\HAPKIDO\WP4\dss-fork\validation-policy"/>
    <property name="os.arch" value="amd64"/>
    <property name="java.vm.specification.name" value="Java Virtual Machine Specification"/>
    <property name="sun.os.patch.level" value=""/>
    <property name="native.encoding" value="Cp1252"/>
    <property name="java.library.path" value="C:\Program Files\Java\jdk-19\bin;C:\WINDOWS\Sun\Java\bin;C:\WINDOWS\system32;C:\WINDOWS;C:\Program Files\Common Files\Oracle\Java\javapath;C:\Program Files\Eclipse Adoptium\jdk-17.0.5.8-hotspot\bin;C:\WINDOWS\system32;C:\WINDOWS;C:\WINDOWS\System32\Wbem;C:\WINDOWS\System32\WindowsPowerShell\v1.0\;C:\WINDOWS\System32\OpenSSH\;C:\Program Files\dotnet\;C:\ProgramData\chocolatey\bin;C:\Program Files\Gradle\gradle-8.0.2\bin;C:\Program Files\Maven\apache-maven-3.9.0\bin;;C:\Program Files\Docker\Docker\resources\bin;C:\Users\amadoria\AppData\Local\Programs\Python\Python38\Scripts\;C:\Users\amadoria\AppData\Local\Programs\Python\Python38\;C:\Users\amadoria\AppData\Local\Microsoft\WindowsApps;C:\Users\amadoria\AppData\Local\Programs\MiKTeX\miktex\bin\x64\;C:\Users\amadoria\AppData\Local\Programs\Microsoft VS Code\bin;C:\Users\amadoria\AppData\Roaming\Python\Scripts\;C:\Users\amadoria\AppData\Local\Programs\Git\cmd;C:\Program Files\JetBrains\IntelliJ IDEA Community Edition 2022.3.3\bin;;."/>
    <property name="java.vm.info" value="mixed mode, sharing"/>
    <property name="stderr.encoding" value="Cp1252"/>
    <property name="java.vendor" value="Oracle Corporation"/>
    <property name="java.vm.version" value="19.0.2+7-44"/>
    <property name="sun.io.unicode.encoding" value="UnicodeLittle"/>
    <property name="java.class.version" value="63.0"/>
  </properties>
  <testcase name="noError(XmlDiagnosticData, ValidationPolicy)[1]" classname="eu.europa.esig.dss.validation.executor.ExecuteDifferentPoliciesTest" time="0.019"/>
  <testcase name="noError(XmlDiagnosticData, ValidationPolicy)[2]" classname="eu.europa.esig.dss.validation.executor.ExecuteDifferentPoliciesTest" time="0.002"/>
  <testcase name="noError(XmlDiagnosticData, ValidationPolicy)[3]" classname="eu.europa.esig.dss.validation.executor.ExecuteDifferentPoliciesTest" time="0.002"/>
  <testcase name="noError(XmlDiagnosticData, ValidationPolicy)[4]" classname="eu.europa.esig.dss.validation.executor.ExecuteDifferentPoliciesTest" time="0.003"/>
  <testcase name="noError(XmlDiagnosticData, ValidationPolicy)[5]" classname="eu.europa.esig.dss.validation.executor.ExecuteDifferentPoliciesTest" time="0.003"/>
  <testcase name="noError(XmlDiagnosticData, ValidationPolicy)[6]" classname="eu.europa.esig.dss.validation.executor.ExecuteDifferentPoliciesTest" time="0.002"/>
  <testcase name="noError(XmlDiagnosticData, ValidationPolicy)[7]" classname="eu.europa.esig.dss.validation.executor.ExecuteDifferentPoliciesTest" time="0.001"/>
  <testcase name="noError(XmlDiagnosticData, ValidationPolicy)[8]" classname="eu.europa.esig.dss.validation.executor.ExecuteDifferentPoliciesTest" time="0.001"/>
  <testcase name="noError(XmlDiagnosticData, ValidationPolicy)[9]" classname="eu.europa.esig.dss.validation.executor.ExecuteDifferentPoliciesTest" time="0.003"/>
  <testcase name="noError(XmlDiagnosticData, ValidationPolicy)[10]" classname="eu.europa.esig.dss.validation.executor.ExecuteDifferentPoliciesTest" time="0.002"/>
  <testcase name="noError(XmlDiagnosticData, ValidationPolicy)[11]" classname="eu.europa.esig.dss.validation.executor.ExecuteDifferentPoliciesTest" time="0.002"/>
  <testcase name="noError(XmlDiagnosticData, ValidationPolicy)[12]" classname="eu.europa.esig.dss.validation.executor.ExecuteDifferentPoliciesTest" time="0.002"/>
  <testcase name="noError(XmlDiagnosticData, ValidationPolicy)[13]" classname="eu.europa.esig.dss.validation.executor.ExecuteDifferentPoliciesTest" time="0.003"/>
  <testcase name="noError(XmlDiagnosticData, ValidationPolicy)[14]" classname="eu.europa.esig.dss.validation.executor.ExecuteDifferentPoliciesTest" time="0.002"/>
  <testcase name="noError(XmlDiagnosticData, ValidationPolicy)[15]" classname="eu.europa.esig.dss.validation.executor.ExecuteDifferentPoliciesTest" time="0.001"/>
  <testcase name="noError(XmlDiagnosticData, ValidationPolicy)[16]" classname="eu.europa.esig.dss.validation.executor.ExecuteDifferentPoliciesTest" time="0.002"/>
  <testcase name="noError(XmlDiagnosticData, ValidationPolicy)[17]" classname="eu.europa.esig.dss.validation.executor.ExecuteDifferentPoliciesTest" time="0.003"/>
  <testcase name="noError(XmlDiagnosticData, ValidationPolicy)[18]" classname="eu.europa.esig.dss.validation.executor.ExecuteDifferentPoliciesTest" time="0.003"/>
  <testcase name="noError(XmlDiagnosticData, ValidationPolicy)[19]" classname="eu.europa.esig.dss.validation.executor.ExecuteDifferentPoliciesTest" time="0.001"/>
  <testcase name="noError(XmlDiagnosticData, ValidationPolicy)[20]" classname="eu.europa.esig.dss.validation.executor.ExecuteDifferentPoliciesTest" time="0.001"/>
  <testcase name="noError(XmlDiagnosticData, ValidationPolicy)[21]" classname="eu.europa.esig.dss.validation.executor.ExecuteDifferentPoliciesTest" time="0.002"/>
  <testcase name="noError(XmlDiagnosticData, ValidationPolicy)[22]" classname="eu.europa.esig.dss.validation.executor.ExecuteDifferentPoliciesTest" time="0.002"/>
  <testcase name="noError(XmlDiagnosticData, ValidationPolicy)[23]" classname="eu.europa.esig.dss.validation.executor.ExecuteDifferentPoliciesTest" time="0.002"/>
  <testcase name="noError(XmlDiagnosticData, ValidationPolicy)[24]" classname="eu.europa.esig.dss.validation.executor.ExecuteDifferentPoliciesTest" time="0.002"/>
  <testcase name="noError(XmlDiagnosticData, ValidationPolicy)[25]" classname="eu.europa.esig.dss.validation.executor.ExecuteDifferentPoliciesTest" time="0.004"/>
  <testcase name="noError(XmlDiagnosticData, ValidationPolicy)[26]" classname="eu.europa.esig.dss.validation.executor.ExecuteDifferentPoliciesTest" time="0.002"/>
  <testcase name="noError(XmlDiagnosticData, ValidationPolicy)[27]" classname="eu.europa.esig.dss.validation.executor.ExecuteDifferentPoliciesTest" time="0.002"/>
  <testcase name="noError(XmlDiagnosticData, ValidationPolicy)[28]" classname="eu.europa.esig.dss.validation.executor.ExecuteDifferentPoliciesTest" time="0.003"/>
  <testcase name="noError(XmlDiagnosticData, ValidationPolicy)[29]" classname="eu.europa.esig.dss.validation.executor.ExecuteDifferentPoliciesTest" time="0.004"/>
  <testcase name="noError(XmlDiagnosticData, ValidationPolicy)[30]" classname="eu.europa.esig.dss.validation.executor.ExecuteDifferentPoliciesTest" time="0.002"/>
  <testcase name="noError(XmlDiagnosticData, ValidationPolicy)[31]" classname="eu.europa.esig.dss.validation.executor.ExecuteDifferentPoliciesTest" time="0"/>
  <testcase name="noError(XmlDiagnosticData, ValidationPolicy)[32]" classname="eu.europa.esig.dss.validation.executor.ExecuteDifferentPoliciesTest" time="0.001"/>
  <testcase name="noError(XmlDiagnosticData, ValidationPolicy)[33]" classname="eu.europa.esig.dss.validation.executor.ExecuteDifferentPoliciesTest" time="0.002"/>
  <testcase name="noError(XmlDiagnosticData, ValidationPolicy)[34]" classname="eu.europa.esig.dss.validation.executor.ExecuteDifferentPoliciesTest" time="0.002"/>
  <testcase name="noError(XmlDiagnosticData, ValidationPolicy)[35]" classname="eu.europa.esig.dss.validation.executor.ExecuteDifferentPoliciesTest" time="0.002"/>
  <testcase name="noError(XmlDiagnosticData, ValidationPolicy)[36]" classname="eu.europa.esig.dss.validation.executor.ExecuteDifferentPoliciesTest" time="0.001"/>
  <testcase name="noError(XmlDiagnosticData, ValidationPolicy)[37]" classname="eu.europa.esig.dss.validation.executor.ExecuteDifferentPoliciesTest" time="0.004"/>
  <testcase name="noError(XmlDiagnosticData, ValidationPolicy)[38]" classname="eu.europa.esig.dss.validation.executor.ExecuteDifferentPoliciesTest" time="0.002"/>
  <testcase name="noError(XmlDiagnosticData, ValidationPolicy)[39]" classname="eu.europa.esig.dss.validation.executor.ExecuteDifferentPoliciesTest" time="0.003"/>
  <testcase name="noError(XmlDiagnosticData, ValidationPolicy)[40]" classname="eu.europa.esig.dss.validation.executor.ExecuteDifferentPoliciesTest" time="0.006"/>
  <testcase name="noError(XmlDiagnosticData, ValidationPolicy)[41]" classname="eu.europa.esig.dss.validation.executor.ExecuteDifferentPoliciesTest" time="0.004"/>
  <testcase name="noError(XmlDiagnosticData, ValidationPolicy)[42]" classname="eu.europa.esig.dss.validation.executor.ExecuteDifferentPoliciesTest" time="0.006"/>
  <testcase name="noError(XmlDiagnosticData, ValidationPolicy)[43]" classname="eu.europa.esig.dss.validation.executor.ExecuteDifferentPoliciesTest" time="0.003"/>
  <testcase name="noError(XmlDiagnosticData, ValidationPolicy)[44]" classname="eu.europa.esig.dss.validation.executor.ExecuteDifferentPoliciesTest" time="0.004"/>
  <testcase name="noError(XmlDiagnosticData, ValidationPolicy)[45]" classname="eu.europa.esig.dss.validation.executor.ExecuteDifferentPoliciesTest" time="0.006"/>
  <testcase name="noError(XmlDiagnosticData, ValidationPolicy)[46]" classname="eu.europa.esig.dss.validation.executor.ExecuteDifferentPoliciesTest" time="0.006"/>
  <testcase name="noError(XmlDiagnosticData, ValidationPolicy)[47]" classname="eu.europa.esig.dss.validation.executor.ExecuteDifferentPoliciesTest" time="0.004"/>
  <testcase name="noError(XmlDiagnosticData, ValidationPolicy)[48]" classname="eu.europa.esig.dss.validation.executor.ExecuteDifferentPoliciesTest" time="0.003"/>
  <testcase name="noError(XmlDiagnosticData, ValidationPolicy)[49]" classname="eu.europa.esig.dss.validation.executor.ExecuteDifferentPoliciesTest" time="0.003"/>
  <testcase name="noError(XmlDiagnosticData, ValidationPolicy)[50]" classname="eu.europa.esig.dss.validation.executor.ExecuteDifferentPoliciesTest" time="0.001"/>
  <testcase name="noError(XmlDiagnosticData, ValidationPolicy)[51]" classname="eu.europa.esig.dss.validation.executor.ExecuteDifferentPoliciesTest" time="0.003"/>
  <testcase name="noError(XmlDiagnosticData, ValidationPolicy)[52]" classname="eu.europa.esig.dss.validation.executor.ExecuteDifferentPoliciesTest" time="0.004"/>
  <testcase name="noError(XmlDiagnosticData, ValidationPolicy)[53]" classname="eu.europa.esig.dss.validation.executor.ExecuteDifferentPoliciesTest" time="0.004"/>
  <testcase name="noError(XmlDiagnosticData, ValidationPolicy)[54]" classname="eu.europa.esig.dss.validation.executor.ExecuteDifferentPoliciesTest" time="0.003"/>
  <testcase name="noError(XmlDiagnosticData, ValidationPolicy)[55]" classname="eu.europa.esig.dss.validation.executor.ExecuteDifferentPoliciesTest" time="0.002"/>
  <testcase name="noError(XmlDiagnosticData, ValidationPolicy)[56]" classname="eu.europa.esig.dss.validation.executor.ExecuteDifferentPoliciesTest" time="0.003"/>
  <testcase name="noError(XmlDiagnosticData, ValidationPolicy)[57]" classname="eu.europa.esig.dss.validation.executor.ExecuteDifferentPoliciesTest" time="0.004"/>
  <testcase name="noError(XmlDiagnosticData, ValidationPolicy)[58]" classname="eu.europa.esig.dss.validation.executor.ExecuteDifferentPoliciesTest" time="0.002"/>
  <testcase name="noError(XmlDiagnosticData, ValidationPolicy)[59]" classname="eu.europa.esig.dss.validation.executor.ExecuteDifferentPoliciesTest" time="0.012"/>
  <testcase name="noError(XmlDiagnosticData, ValidationPolicy)[60]" classname="eu.europa.esig.dss.validation.executor.ExecuteDifferentPoliciesTest" time="0.001"/>
  <testcase name="noError(XmlDiagnosticData, ValidationPolicy)[61]" classname="eu.europa.esig.dss.validation.executor.ExecuteDifferentPoliciesTest" time="0.002"/>
  <testcase name="noError(XmlDiagnosticData, ValidationPolicy)[62]" classname="eu.europa.esig.dss.validation.executor.ExecuteDifferentPoliciesTest" time="0.003"/>
  <testcase name="noError(XmlDiagnosticData, ValidationPolicy)[63]" classname="eu.europa.esig.dss.validation.executor.ExecuteDifferentPoliciesTest" time="0.002"/>
  <testcase name="noError(XmlDiagnosticData, ValidationPolicy)[64]" classname="eu.europa.esig.dss.validation.executor.ExecuteDifferentPoliciesTest" time="0.003"/>
  <testcase name="noError(XmlDiagnosticData, ValidationPolicy)[65]" classname="eu.europa.esig.dss.validation.executor.ExecuteDifferentPoliciesTest" time="0.003"/>
  <testcase name="noError(XmlDiagnosticData, ValidationPolicy)[66]" classname="eu.europa.esig.dss.validation.executor.ExecuteDifferentPoliciesTest" time="0.005"/>
  <testcase name="noError(XmlDiagnosticData, ValidationPolicy)[67]" classname="eu.europa.esig.dss.validation.executor.ExecuteDifferentPoliciesTest" time="0.003"/>
  <testcase name="noError(XmlDiagnosticData, ValidationPolicy)[68]" classname="eu.europa.esig.dss.validation.executor.ExecuteDifferentPoliciesTest" time="0.002"/>
  <testcase name="noError(XmlDiagnosticData, ValidationPolicy)[69]" classname="eu.europa.esig.dss.validation.executor.ExecuteDifferentPoliciesTest" time="0.004"/>
  <testcase name="noError(XmlDiagnosticData, ValidationPolicy)[70]" classname="eu.europa.esig.dss.validation.executor.ExecuteDifferentPoliciesTest" time="0.007"/>
  <testcase name="noError(XmlDiagnosticData, ValidationPolicy)[71]" classname="eu.europa.esig.dss.validation.executor.ExecuteDifferentPoliciesTest" time="0.007"/>
  <testcase name="noError(XmlDiagnosticData, ValidationPolicy)[72]" classname="eu.europa.esig.dss.validation.executor.ExecuteDifferentPoliciesTest" time="0.002"/>
  <testcase name="noError(XmlDiagnosticData, ValidationPolicy)[73]" classname="eu.europa.esig.dss.validation.executor.ExecuteDifferentPoliciesTest" time="0.006"/>
  <testcase name="noError(XmlDiagnosticData, ValidationPolicy)[74]" classname="eu.europa.esig.dss.validation.executor.ExecuteDifferentPoliciesTest" time="0.002"/>
  <testcase name="noError(XmlDiagnosticData, ValidationPolicy)[75]" classname="eu.europa.esig.dss.validation.executor.ExecuteDifferentPoliciesTest" time="0.005"/>
  <testcase name="noError(XmlDiagnosticData, ValidationPolicy)[76]" classname="eu.europa.esig.dss.validation.executor.ExecuteDifferentPoliciesTest" time="0.007"/>
  <testcase name="noError(XmlDiagnosticData, ValidationPolicy)[77]" classname="eu.europa.esig.dss.validation.executor.ExecuteDifferentPoliciesTest" time="0.003"/>
  <testcase name="noError(XmlDiagnosticData, ValidationPolicy)[78]" classname="eu.europa.esig.dss.validation.executor.ExecuteDifferentPoliciesTest" time="0.005"/>
  <testcase name="noError(XmlDiagnosticData, ValidationPolicy)[79]" classname="eu.europa.esig.dss.validation.executor.ExecuteDifferentPoliciesTest" time="0.004"/>
  <testcase name="noError(XmlDiagnosticData, ValidationPolicy)[80]" classname="eu.europa.esig.dss.validation.executor.ExecuteDifferentPoliciesTest" time="0.005"/>
  <testcase name="noError(XmlDiagnosticData, ValidationPolicy)[81]" classname="eu.europa.esig.dss.validation.executor.ExecuteDifferentPoliciesTest" time="0.005"/>
  <testcase name="noError(XmlDiagnosticData, ValidationPolicy)[82]" classname="eu.europa.esig.dss.validation.executor.ExecuteDifferentPoliciesTest" time="0.011"/>
  <testcase name="noError(XmlDiagnosticData, ValidationPolicy)[83]" classname="eu.europa.esig.dss.validation.executor.ExecuteDifferentPoliciesTest" time="0.005"/>
  <testcase name="noError(XmlDiagnosticData, ValidationPolicy)[84]" classname="eu.europa.esig.dss.validation.executor.ExecuteDifferentPoliciesTest" time="0.003"/>
  <testcase name="noError(XmlDiagnosticData, ValidationPolicy)[85]" classname="eu.europa.esig.dss.validation.executor.ExecuteDifferentPoliciesTest" time="0.003"/>
  <testcase name="noError(XmlDiagnosticData, ValidationPolicy)[86]" classname="eu.europa.esig.dss.validation.executor.ExecuteDifferentPoliciesTest" time="0.001"/>
  <testcase name="noError(XmlDiagnosticData, ValidationPolicy)[87]" classname="eu.europa.esig.dss.validation.executor.ExecuteDifferentPoliciesTest" time="0.002"/>
  <testcase name="noError(XmlDiagnosticData, ValidationPolicy)[88]" classname="eu.europa.esig.dss.validation.executor.ExecuteDifferentPoliciesTest" time="0.007"/>
  <testcase name="noError(XmlDiagnosticData, ValidationPolicy)[89]" classname="eu.europa.esig.dss.validation.executor.ExecuteDifferentPoliciesTest" time="0.004"/>
  <testcase name="noError(XmlDiagnosticData, ValidationPolicy)[90]" classname="eu.europa.esig.dss.validation.executor.ExecuteDifferentPoliciesTest" time="0.006"/>
  <testcase name="noError(XmlDiagnosticData, ValidationPolicy)[91]" classname="eu.europa.esig.dss.validation.executor.ExecuteDifferentPoliciesTest" time="0.003"/>
  <testcase name="noError(XmlDiagnosticData, ValidationPolicy)[92]" classname="eu.europa.esig.dss.validation.executor.ExecuteDifferentPoliciesTest" time="0.003"/>
  <testcase name="noError(XmlDiagnosticData, ValidationPolicy)[93]" classname="eu.europa.esig.dss.validation.executor.ExecuteDifferentPoliciesTest" time="0.005"/>
  <testcase name="noError(XmlDiagnosticData, ValidationPolicy)[94]" classname="eu.europa.esig.dss.validation.executor.ExecuteDifferentPoliciesTest" time="0.008"/>
  <testcase name="noError(XmlDiagnosticData, ValidationPolicy)[95]" classname="eu.europa.esig.dss.validation.executor.ExecuteDifferentPoliciesTest" time="0.002"/>
  <testcase name="noError(XmlDiagnosticData, ValidationPolicy)[96]" classname="eu.europa.esig.dss.validation.executor.ExecuteDifferentPoliciesTest" time="0.005"/>
  <testcase name="noError(XmlDiagnosticData, ValidationPolicy)[97]" classname="eu.europa.esig.dss.validation.executor.ExecuteDifferentPoliciesTest" time="0.005"/>
  <testcase name="noError(XmlDiagnosticData, ValidationPolicy)[98]" classname="eu.europa.esig.dss.validation.executor.ExecuteDifferentPoliciesTest" time="0.002"/>
  <testcase name="noError(XmlDiagnosticData, ValidationPolicy)[99]" classname="eu.europa.esig.dss.validation.executor.ExecuteDifferentPoliciesTest" time="0.006"/>
  <testcase name="noError(XmlDiagnosticData, ValidationPolicy)[100]" classname="eu.europa.esig.dss.validation.executor.ExecuteDifferentPoliciesTest" time="0.007"/>
  <testcase name="noError(XmlDiagnosticData, ValidationPolicy)[101]" classname="eu.europa.esig.dss.validation.executor.ExecuteDifferentPoliciesTest" time="0.005"/>
  <testcase name="noError(XmlDiagnosticData, ValidationPolicy)[102]" classname="eu.europa.esig.dss.validation.executor.ExecuteDifferentPoliciesTest" time="0.009"/>
  <testcase name="noError(XmlDiagnosticData, ValidationPolicy)[103]" classname="eu.europa.esig.dss.validation.executor.ExecuteDifferentPoliciesTest" time="0.001"/>
  <testcase name="noError(XmlDiagnosticData, ValidationPolicy)[104]" classname="eu.europa.esig.dss.validation.executor.ExecuteDifferentPoliciesTest" time="0.01"/>
  <testcase name="noError(XmlDiagnosticData, ValidationPolicy)[105]" classname="eu.europa.esig.dss.validation.executor.ExecuteDifferentPoliciesTest" time="0.004"/>
  <testcase name="noError(XmlDiagnosticData, ValidationPolicy)[106]" classname="eu.europa.esig.dss.validation.executor.ExecuteDifferentPoliciesTest" time="0.006"/>
  <testcase name="noError(XmlDiagnosticData, ValidationPolicy)[107]" classname="eu.europa.esig.dss.validation.executor.ExecuteDifferentPoliciesTest" time="0.005"/>
  <testcase name="noError(XmlDiagnosticData, ValidationPolicy)[108]" classname="eu.europa.esig.dss.validation.executor.ExecuteDifferentPoliciesTest" time="0.001"/>
  <testcase name="noError(XmlDiagnosticData, ValidationPolicy)[109]" classname="eu.europa.esig.dss.validation.executor.ExecuteDifferentPoliciesTest" time="0.009"/>
  <testcase name="noError(XmlDiagnosticData, ValidationPolicy)[110]" classname="eu.europa.esig.dss.validation.executor.ExecuteDifferentPoliciesTest" time="0.002"/>
  <testcase name="noError(XmlDiagnosticData, ValidationPolicy)[111]" classname="eu.europa.esig.dss.validation.executor.ExecuteDifferentPoliciesTest" time="0.002"/>
  <testcase name="noError(XmlDiagnosticData, ValidationPolicy)[112]" classname="eu.europa.esig.dss.validation.executor.ExecuteDifferentPoliciesTest" time="0.006"/>
  <testcase name="noError(XmlDiagnosticData, ValidationPolicy)[113]" classname="eu.europa.esig.dss.validation.executor.ExecuteDifferentPoliciesTest" time="0.004"/>
  <testcase name="noError(XmlDiagnosticData, ValidationPolicy)[114]" classname="eu.europa.esig.dss.validation.executor.ExecuteDifferentPoliciesTest" time="0.003"/>
  <testcase name="noError(XmlDiagnosticData, ValidationPolicy)[115]" classname="eu.europa.esig.dss.validation.executor.ExecuteDifferentPoliciesTest" time="0.005"/>
  <testcase name="noError(XmlDiagnosticData, ValidationPolicy)[116]" classname="eu.europa.esig.dss.validation.executor.ExecuteDifferentPoliciesTest" time="0.005"/>
  <testcase name="noError(XmlDiagnosticData, ValidationPolicy)[117]" classname="eu.europa.esig.dss.validation.executor.ExecuteDifferentPoliciesTest" time="0.004"/>
  <testcase name="noError(XmlDiagnosticData, ValidationPolicy)[118]" classname="eu.europa.esig.dss.validation.executor.ExecuteDifferentPoliciesTest" time="0.006"/>
  <testcase name="noError(XmlDiagnosticData, ValidationPolicy)[119]" classname="eu.europa.esig.dss.validation.executor.ExecuteDifferentPoliciesTest" time="0.004"/>
  <testcase name="noError(XmlDiagnosticData, ValidationPolicy)[120]" classname="eu.europa.esig.dss.validation.executor.ExecuteDifferentPoliciesTest" time="0.002"/>
  <testcase name="noError(XmlDiagnosticData, ValidationPolicy)[121]" classname="eu.europa.esig.dss.validation.executor.ExecuteDifferentPoliciesTest" time="0.006"/>
  <testcase name="noError(XmlDiagnosticData, ValidationPolicy)[122]" classname="eu.europa.esig.dss.validation.executor.ExecuteDifferentPoliciesTest" time="0.003"/>
  <testcase name="noError(XmlDiagnosticData, ValidationPolicy)[123]" classname="eu.europa.esig.dss.validation.executor.ExecuteDifferentPoliciesTest" time="0.002"/>
  <testcase name="noError(XmlDiagnosticData, ValidationPolicy)[124]" classname="eu.europa.esig.dss.validation.executor.ExecuteDifferentPoliciesTest" time="0.01"/>
  <testcase name="noError(XmlDiagnosticData, ValidationPolicy)[125]" classname="eu.europa.esig.dss.validation.executor.ExecuteDifferentPoliciesTest" time="0.005"/>
  <testcase name="noError(XmlDiagnosticData, ValidationPolicy)[126]" classname="eu.europa.esig.dss.validation.executor.ExecuteDifferentPoliciesTest" time="0.006"/>
  <testcase name="noError(XmlDiagnosticData, ValidationPolicy)[127]" classname="eu.europa.esig.dss.validation.executor.ExecuteDifferentPoliciesTest" time="0.005"/>
  <testcase name="noError(XmlDiagnosticData, ValidationPolicy)[128]" classname="eu.europa.esig.dss.validation.executor.ExecuteDifferentPoliciesTest" time="0.004"/>
  <testcase name="noError(XmlDiagnosticData, ValidationPolicy)[129]" classname="eu.europa.esig.dss.validation.executor.ExecuteDifferentPoliciesTest" time="0.005"/>
  <testcase name="noError(XmlDiagnosticData, ValidationPolicy)[130]" classname="eu.europa.esig.dss.validation.executor.ExecuteDifferentPoliciesTest" time="0.003"/>
  <testcase name="noError(XmlDiagnosticData, ValidationPolicy)[131]" classname="eu.europa.esig.dss.validation.executor.ExecuteDifferentPoliciesTest" time="0.003"/>
  <testcase name="noError(XmlDiagnosticData, ValidationPolicy)[132]" classname="eu.europa.esig.dss.validation.executor.ExecuteDifferentPoliciesTest" time="0.002"/>
  <testcase name="noError(XmlDiagnosticData, ValidationPolicy)[133]" classname="eu.europa.esig.dss.validation.executor.ExecuteDifferentPoliciesTest" time="0.004"/>
  <testcase name="noError(XmlDiagnosticData, ValidationPolicy)[134]" classname="eu.europa.esig.dss.validation.executor.ExecuteDifferentPoliciesTest" time="0.004"/>
  <testcase name="noError(XmlDiagnosticData, ValidationPolicy)[135]" classname="eu.europa.esig.dss.validation.executor.ExecuteDifferentPoliciesTest" time="0.002"/>
  <testcase name="noError(XmlDiagnosticData, ValidationPolicy)[136]" classname="eu.europa.esig.dss.validation.executor.ExecuteDifferentPoliciesTest" time="0.002"/>
  <testcase name="noError(XmlDiagnosticData, ValidationPolicy)[137]" classname="eu.europa.esig.dss.validation.executor.ExecuteDifferentPoliciesTest" time="0.004"/>
  <testcase name="noError(XmlDiagnosticData, ValidationPolicy)[138]" classname="eu.europa.esig.dss.validation.executor.ExecuteDifferentPoliciesTest" time="0.007"/>
  <testcase name="noError(XmlDiagnosticData, ValidationPolicy)[139]" classname="eu.europa.esig.dss.validation.executor.ExecuteDifferentPoliciesTest" time="0.003"/>
  <testcase name="noError(XmlDiagnosticData, ValidationPolicy)[140]" classname="eu.europa.esig.dss.validation.executor.ExecuteDifferentPoliciesTest" time="0.002"/>
  <testcase name="noError(XmlDiagnosticData, ValidationPolicy)[141]" classname="eu.europa.esig.dss.validation.executor.ExecuteDifferentPoliciesTest" time="0.002"/>
  <testcase name="noError(XmlDiagnosticData, ValidationPolicy)[142]" classname="eu.europa.esig.dss.validation.executor.ExecuteDifferentPoliciesTest" time="0.003"/>
  <testcase name="noError(XmlDiagnosticData, ValidationPolicy)[143]" classname="eu.europa.esig.dss.validation.executor.ExecuteDifferentPoliciesTest" time="0.005"/>
  <testcase name="noError(XmlDiagnosticData, ValidationPolicy)[144]" classname="eu.europa.esig.dss.validation.executor.ExecuteDifferentPoliciesTest" time="0.002"/>
  <testcase name="noError(XmlDiagnosticData, ValidationPolicy)[145]" classname="eu.europa.esig.dss.validation.executor.ExecuteDifferentPoliciesTest" time="0.003"/>
  <testcase name="noError(XmlDiagnosticData, ValidationPolicy)[146]" classname="eu.europa.esig.dss.validation.executor.ExecuteDifferentPoliciesTest" time="0.005"/>
  <testcase name="noError(XmlDiagnosticData, ValidationPolicy)[147]" classname="eu.europa.esig.dss.validation.executor.ExecuteDifferentPoliciesTest" time="0.005"/>
  <testcase name="noError(XmlDiagnosticData, ValidationPolicy)[148]" classname="eu.europa.esig.dss.validation.executor.ExecuteDifferentPoliciesTest" time="0.006"/>
  <testcase name="noError(XmlDiagnosticData, ValidationPolicy)[149]" classname="eu.europa.esig.dss.validation.executor.ExecuteDifferentPoliciesTest" time="0.007"/>
  <testcase name="noError(XmlDiagnosticData, ValidationPolicy)[150]" classname="eu.europa.esig.dss.validation.executor.ExecuteDifferentPoliciesTest" time="0.004"/>
  <testcase name="noError(XmlDiagnosticData, ValidationPolicy)[151]" classname="eu.europa.esig.dss.validation.executor.ExecuteDifferentPoliciesTest" time="0.004"/>
  <testcase name="noError(XmlDiagnosticData, ValidationPolicy)[152]" classname="eu.europa.esig.dss.validation.executor.ExecuteDifferentPoliciesTest" time="0.003"/>
  <testcase name="noError(XmlDiagnosticData, ValidationPolicy)[153]" classname="eu.europa.esig.dss.validation.executor.ExecuteDifferentPoliciesTest" time="0.003"/>
  <testcase name="noError(XmlDiagnosticData, ValidationPolicy)[154]" classname="eu.europa.esig.dss.validation.executor.ExecuteDifferentPoliciesTest" time="0.004"/>
  <testcase name="noError(XmlDiagnosticData, ValidationPolicy)[155]" classname="eu.europa.esig.dss.validation.executor.ExecuteDifferentPoliciesTest" time="0.002"/>
  <testcase name="noError(XmlDiagnosticData, ValidationPolicy)[156]" classname="eu.europa.esig.dss.validation.executor.ExecuteDifferentPoliciesTest" time="0.001"/>
  <testcase name="noError(XmlDiagnosticData, ValidationPolicy)[157]" classname="eu.europa.esig.dss.validation.executor.ExecuteDifferentPoliciesTest" time="0.007"/>
  <testcase name="noError(XmlDiagnosticData, ValidationPolicy)[158]" classname="eu.europa.esig.dss.validation.executor.ExecuteDifferentPoliciesTest" time="0.002"/>
  <testcase name="noError(XmlDiagnosticData, ValidationPolicy)[159]" classname="eu.europa.esig.dss.validation.executor.ExecuteDifferentPoliciesTest" time="0.006"/>
  <testcase name="noError(XmlDiagnosticData, ValidationPolicy)[160]" classname="eu.europa.esig.dss.validation.executor.ExecuteDifferentPoliciesTest" time="0.007"/>
  <testcase name="noError(XmlDiagnosticData, ValidationPolicy)[161]" classname="eu.europa.esig.dss.validation.executor.ExecuteDifferentPoliciesTest" time="0.008"/>
  <testcase name="noError(XmlDiagnosticData, ValidationPolicy)[162]" classname="eu.europa.esig.dss.validation.executor.ExecuteDifferentPoliciesTest" time="0.007"/>
  <testcase name="noError(XmlDiagnosticData, ValidationPolicy)[163]" classname="eu.europa.esig.dss.validation.executor.ExecuteDifferentPoliciesTest" time="0.005"/>
  <testcase name="noError(XmlDiagnosticData, ValidationPolicy)[164]" classname="eu.europa.esig.dss.validation.executor.ExecuteDifferentPoliciesTest" time="0.004"/>
  <testcase name="noError(XmlDiagnosticData, ValidationPolicy)[165]" classname="eu.europa.esig.dss.validation.executor.ExecuteDifferentPoliciesTest" time="0.004"/>
  <testcase name="noError(XmlDiagnosticData, ValidationPolicy)[166]" classname="eu.europa.esig.dss.validation.executor.ExecuteDifferentPoliciesTest" time="0.008"/>
  <testcase name="noError(XmlDiagnosticData, ValidationPolicy)[167]" classname="eu.europa.esig.dss.validation.executor.ExecuteDifferentPoliciesTest" time="0.004"/>
  <testcase name="noError(XmlDiagnosticData, ValidationPolicy)[168]" classname="eu.europa.esig.dss.validation.executor.ExecuteDifferentPoliciesTest" time="0.002"/>
  <testcase name="noError(XmlDiagnosticData, ValidationPolicy)[169]" classname="eu.europa.esig.dss.validation.executor.ExecuteDifferentPoliciesTest" time="0.008">
    <system-out><![CDATA[11:40:19.159 [main] DEBUG eu.europa.esig.dss.validation.process.bbb.xcv.sub.checks.CertificateNameConstraintsCheck - Unable to build an RDN for string 'petr.anonimus@nbusr.sk'! Not a DN.
]]></system-out>
  </testcase>
  <testcase name="noError(XmlDiagnosticData, ValidationPolicy)[170]" classname="eu.europa.esig.dss.validation.executor.ExecuteDifferentPoliciesTest" time="0.004"/>
  <testcase name="noError(XmlDiagnosticData, ValidationPolicy)[171]" classname="eu.europa.esig.dss.validation.executor.ExecuteDifferentPoliciesTest" time="0.002"/>
  <testcase name="noError(XmlDiagnosticData, ValidationPolicy)[172]" classname="eu.europa.esig.dss.validation.executor.ExecuteDifferentPoliciesTest" time="0.006">
    <system-out><![CDATA[11:40:19.175 [main] DEBUG eu.europa.esig.dss.validation.process.bbb.xcv.sub.checks.CertificateNameConstraintsCheck - Unable to build an RDN for string 'petr.anonimus@nbusr.sk'! Not a DN.
]]></system-out>
  </testcase>
  <testcase name="noError(XmlDiagnosticData, ValidationPolicy)[173]" classname="eu.europa.esig.dss.validation.executor.ExecuteDifferentPoliciesTest" time="0.009">
    <system-out><![CDATA[11:40:19.183 [main] DEBUG eu.europa.esig.dss.validation.process.bbb.xcv.sub.checks.CertificateNameConstraintsCheck - Unable to build an RDN for string 'petr.anonimus@nbusr.sk'! Not a DN.
]]></system-out>
  </testcase>
  <testcase name="noError(XmlDiagnosticData, ValidationPolicy)[174]" classname="eu.europa.esig.dss.validation.executor.ExecuteDifferentPoliciesTest" time="0.005"/>
  <testcase name="noError(XmlDiagnosticData, ValidationPolicy)[175]" classname="eu.europa.esig.dss.validation.executor.ExecuteDifferentPoliciesTest" time="0.006"/>
  <testcase name="noError(XmlDiagnosticData, ValidationPolicy)[176]" classname="eu.europa.esig.dss.validation.executor.ExecuteDifferentPoliciesTest" time="0.006">
    <system-out><![CDATA[11:40:19.207 [main] DEBUG eu.europa.esig.dss.validation.process.bbb.xcv.sub.checks.CertificateNameConstraintsCheck - Unable to build an RDN for string 'petr.anonimus@nbusr.sk'! Not a DN.
]]></system-out>
  </testcase>
  <testcase name="noError(XmlDiagnosticData, ValidationPolicy)[177]" classname="eu.europa.esig.dss.validation.executor.ExecuteDifferentPoliciesTest" time="0.009">
    <system-out><![CDATA[11:40:19.220 [main] DEBUG eu.europa.esig.dss.validation.process.bbb.xcv.sub.checks.CertificateNameConstraintsCheck - Unable to build an RDN for string 'petr.anonimus@nbusr.sk'! Not a DN.
]]></system-out>
  </testcase>
  <testcase name="noError(XmlDiagnosticData, ValidationPolicy)[178]" classname="eu.europa.esig.dss.validation.executor.ExecuteDifferentPoliciesTest" time="0.009">
    <system-out><![CDATA[11:40:19.228 [main] DEBUG eu.europa.esig.dss.validation.process.bbb.xcv.sub.checks.CertificateNameConstraintsCheck - Unable to build an RDN for string 'petr.anonimus@nbusr.sk'! Not a DN.
]]></system-out>
  </testcase>
  <testcase name="noError(XmlDiagnosticData, ValidationPolicy)[179]" classname="eu.europa.esig.dss.validation.executor.ExecuteDifferentPoliciesTest" time="0.004">
    <system-out><![CDATA[11:40:19.239 [main] DEBUG eu.europa.esig.dss.validation.process.bbb.xcv.sub.checks.CertificateNameConstraintsCheck - Unable to build an RDN for string 'petr.anonimus@nbusr.sk'! Not a DN.
]]></system-out>
  </testcase>
  <testcase name="noError(XmlDiagnosticData, ValidationPolicy)[180]" classname="eu.europa.esig.dss.validation.executor.ExecuteDifferentPoliciesTest" time="0.005"/>
  <testcase name="noError(XmlDiagnosticData, ValidationPolicy)[181]" classname="eu.europa.esig.dss.validation.executor.ExecuteDifferentPoliciesTest" time="0.005"/>
  <testcase name="noError(XmlDiagnosticData, ValidationPolicy)[182]" classname="eu.europa.esig.dss.validation.executor.ExecuteDifferentPoliciesTest" time="0.004"/>
  <testcase name="noError(XmlDiagnosticData, ValidationPolicy)[183]" classname="eu.europa.esig.dss.validation.executor.ExecuteDifferentPoliciesTest" time="0.006"/>
  <testcase name="noError(XmlDiagnosticData, ValidationPolicy)[184]" classname="eu.europa.esig.dss.validation.executor.ExecuteDifferentPoliciesTest" time="0.009"/>
  <testcase name="noError(XmlDiagnosticData, ValidationPolicy)[185]" classname="eu.europa.esig.dss.validation.executor.ExecuteDifferentPoliciesTest" time="0.003"/>
  <testcase name="noError(XmlDiagnosticData, ValidationPolicy)[186]" classname="eu.europa.esig.dss.validation.executor.ExecuteDifferentPoliciesTest" time="0.002"/>
  <testcase name="noError(XmlDiagnosticData, ValidationPolicy)[187]" classname="eu.europa.esig.dss.validation.executor.ExecuteDifferentPoliciesTest" time="0.006"/>
  <testcase name="noError(XmlDiagnosticData, ValidationPolicy)[188]" classname="eu.europa.esig.dss.validation.executor.ExecuteDifferentPoliciesTest" time="0.002"/>
  <testcase name="noError(XmlDiagnosticData, ValidationPolicy)[189]" classname="eu.europa.esig.dss.validation.executor.ExecuteDifferentPoliciesTest" time="0.004"/>
  <testcase name="noError(XmlDiagnosticData, ValidationPolicy)[190]" classname="eu.europa.esig.dss.validation.executor.ExecuteDifferentPoliciesTest" time="0.002"/>
  <testcase name="noError(XmlDiagnosticData, ValidationPolicy)[191]" classname="eu.europa.esig.dss.validation.executor.ExecuteDifferentPoliciesTest" time="0.005"/>
  <testcase name="noError(XmlDiagnosticData, ValidationPolicy)[192]" classname="eu.europa.esig.dss.validation.executor.ExecuteDifferentPoliciesTest" time="0.003"/>
  <testcase name="noError(XmlDiagnosticData, ValidationPolicy)[193]" classname="eu.europa.esig.dss.validation.executor.ExecuteDifferentPoliciesTest" time="0.004">
    <system-out><![CDATA[11:40:19.320 [main] DEBUG eu.europa.esig.dss.validation.process.bbb.xcv.sub.checks.CertificateNameConstraintsCheck - Unable to build an RDN for string 'TESZT@test.hu'! Not a DN.
]]></system-out>
  </testcase>
  <testcase name="noError(XmlDiagnosticData, ValidationPolicy)[194]" classname="eu.europa.esig.dss.validation.executor.ExecuteDifferentPoliciesTest" time="0.005"/>
  <testcase name="noError(XmlDiagnosticData, ValidationPolicy)[195]" classname="eu.europa.esig.dss.validation.executor.ExecuteDifferentPoliciesTest" time="0.007"/>
  <testcase name="noError(XmlDiagnosticData, ValidationPolicy)[196]" classname="eu.europa.esig.dss.validation.executor.ExecuteDifferentPoliciesTest" time="0.004">
    <system-out><![CDATA[11:40:19.341 [main] DEBUG eu.europa.esig.dss.validation.process.bbb.xcv.sub.checks.CertificateNameConstraintsCheck - Unable to build an RDN for string 'TESZT@test.hu'! Not a DN.
]]></system-out>
  </testcase>
  <testcase name="noError(XmlDiagnosticData, ValidationPolicy)[197]" classname="eu.europa.esig.dss.validation.executor.ExecuteDifferentPoliciesTest" time="0.009">
    <system-out><![CDATA[11:40:19.351 [main] DEBUG eu.europa.esig.dss.validation.process.bbb.xcv.sub.checks.CertificateNameConstraintsCheck - Unable to build an RDN for string 'TESZT@test.hu'! Not a DN.
]]></system-out>
  </testcase>
  <testcase name="noError(XmlDiagnosticData, ValidationPolicy)[198]" classname="eu.europa.esig.dss.validation.executor.ExecuteDifferentPoliciesTest" time="0.008"/>
  <testcase name="noError(XmlDiagnosticData, ValidationPolicy)[199]" classname="eu.europa.esig.dss.validation.executor.ExecuteDifferentPoliciesTest" time="0.004"/>
  <testcase name="noError(XmlDiagnosticData, ValidationPolicy)[200]" classname="eu.europa.esig.dss.validation.executor.ExecuteDifferentPoliciesTest" time="0.007">
    <system-out><![CDATA[11:40:19.373 [main] DEBUG eu.europa.esig.dss.validation.process.bbb.xcv.sub.checks.CertificateNameConstraintsCheck - Unable to build an RDN for string 'TESZT@test.hu'! Not a DN.
]]></system-out>
  </testcase>
  <testcase name="noError(XmlDiagnosticData, ValidationPolicy)[201]" classname="eu.europa.esig.dss.validation.executor.ExecuteDifferentPoliciesTest" time="0.013">
    <system-out><![CDATA[11:40:19.383 [main] DEBUG eu.europa.esig.dss.validation.process.bbb.xcv.sub.checks.CertificateNameConstraintsCheck - Unable to build an RDN for string 'TESZT@test.hu'! Not a DN.
]]></system-out>
  </testcase>
  <testcase name="noError(XmlDiagnosticData, ValidationPolicy)[202]" classname="eu.europa.esig.dss.validation.executor.ExecuteDifferentPoliciesTest" time="0.019">
    <system-out><![CDATA[11:40:19.405 [main] DEBUG eu.europa.esig.dss.validation.process.bbb.xcv.sub.checks.CertificateNameConstraintsCheck - Unable to build an RDN for string 'TESZT@test.hu'! Not a DN.
]]></system-out>
  </testcase>
  <testcase name="noError(XmlDiagnosticData, ValidationPolicy)[203]" classname="eu.europa.esig.dss.validation.executor.ExecuteDifferentPoliciesTest" time="0.014">
    <system-out><![CDATA[11:40:19.420 [main] DEBUG eu.europa.esig.dss.validation.process.bbb.xcv.sub.checks.CertificateNameConstraintsCheck - Unable to build an RDN for string 'TESZT@test.hu'! Not a DN.
]]></system-out>
  </testcase>
  <testcase name="noError(XmlDiagnosticData, ValidationPolicy)[204]" classname="eu.europa.esig.dss.validation.executor.ExecuteDifferentPoliciesTest" time="0.004"/>
  <testcase name="noError(XmlDiagnosticData, ValidationPolicy)[205]" classname="eu.europa.esig.dss.validation.executor.ExecuteDifferentPoliciesTest" time="0.01">
    <system-out><![CDATA[11:40:19.435 [main] DEBUG eu.europa.esig.dss.validation.process.bbb.xcv.sub.checks.CertificateNameConstraintsCheck - Unable to build an RDN for string 'TESZT@test.hu'! Not a DN.
]]></system-out>
  </testcase>
  <testcase name="noError(XmlDiagnosticData, ValidationPolicy)[206]" classname="eu.europa.esig.dss.validation.executor.ExecuteDifferentPoliciesTest" time="0.009"/>
  <testcase name="noError(XmlDiagnosticData, ValidationPolicy)[207]" classname="eu.europa.esig.dss.validation.executor.ExecuteDifferentPoliciesTest" time="0.005"/>
  <testcase name="noError(XmlDiagnosticData, ValidationPolicy)[208]" classname="eu.europa.esig.dss.validation.executor.ExecuteDifferentPoliciesTest" time="0.011">
    <system-out><![CDATA[11:40:19.466 [main] DEBUG eu.europa.esig.dss.validation.process.bbb.xcv.sub.checks.CertificateNameConstraintsCheck - Unable to build an RDN for string 'TESZT@test.hu'! Not a DN.
]]></system-out>
  </testcase>
  <testcase name="noError(XmlDiagnosticData, ValidationPolicy)[209]" classname="eu.europa.esig.dss.validation.executor.ExecuteDifferentPoliciesTest" time="0.013">
    <system-out><![CDATA[11:40:19.479 [main] DEBUG eu.europa.esig.dss.validation.process.bbb.xcv.sub.checks.CertificateNameConstraintsCheck - Unable to build an RDN for string 'TESZT@test.hu'! Not a DN.
]]></system-out>
  </testcase>
  <testcase name="noError(XmlDiagnosticData, ValidationPolicy)[210]" classname="eu.europa.esig.dss.validation.executor.ExecuteDifferentPoliciesTest" time="0.008"/>
  <testcase name="noError(XmlDiagnosticData, ValidationPolicy)[211]" classname="eu.europa.esig.dss.validation.executor.ExecuteDifferentPoliciesTest" time="0.006"/>
  <testcase name="noError(XmlDiagnosticData, ValidationPolicy)[212]" classname="eu.europa.esig.dss.validation.executor.ExecuteDifferentPoliciesTest" time="0.006">
    <system-out><![CDATA[11:40:19.505 [main] DEBUG eu.europa.esig.dss.validation.process.bbb.xcv.sub.checks.CertificateNameConstraintsCheck - Unable to build an RDN for string 'TESZT@test.hu'! Not a DN.
]]></system-out>
  </testcase>
  <testcase name="noError(XmlDiagnosticData, ValidationPolicy)[213]" classname="eu.europa.esig.dss.validation.executor.ExecuteDifferentPoliciesTest" time="0.012">
    <system-out><![CDATA[11:40:19.518 [main] DEBUG eu.europa.esig.dss.validation.process.bbb.xcv.sub.checks.CertificateNameConstraintsCheck - Unable to build an RDN for string 'TESZT@test.hu'! Not a DN.
]]></system-out>
  </testcase>
  <testcase name="noError(XmlDiagnosticData, ValidationPolicy)[214]" classname="eu.europa.esig.dss.validation.executor.ExecuteDifferentPoliciesTest" time="0.012">
    <system-out><![CDATA[11:40:19.529 [main] DEBUG eu.europa.esig.dss.validation.process.bbb.xcv.sub.checks.CertificateNameConstraintsCheck - Unable to build an RDN for string 'TESZT@test.hu'! Not a DN.
]]></system-out>
  </testcase>
  <testcase name="noError(XmlDiagnosticData, ValidationPolicy)[215]" classname="eu.europa.esig.dss.validation.executor.ExecuteDifferentPoliciesTest" time="0.005">
    <system-out><![CDATA[11:40:19.538 [main] DEBUG eu.europa.esig.dss.validation.process.bbb.xcv.sub.checks.CertificateNameConstraintsCheck - Unable to build an RDN for string 'TESZT@test.hu'! Not a DN.
]]></system-out>
  </testcase>
  <testcase name="noError(XmlDiagnosticData, ValidationPolicy)[216]" classname="eu.europa.esig.dss.validation.executor.ExecuteDifferentPoliciesTest" time="0.004"/>
  <testcase name="noError(XmlDiagnosticData, ValidationPolicy)[217]" classname="eu.europa.esig.dss.validation.executor.ExecuteDifferentPoliciesTest" time="0.004"/>
  <testcase name="noError(XmlDiagnosticData, ValidationPolicy)[218]" classname="eu.europa.esig.dss.validation.executor.ExecuteDifferentPoliciesTest" time="0.003"/>
  <testcase name="noError(XmlDiagnosticData, ValidationPolicy)[219]" classname="eu.europa.esig.dss.validation.executor.ExecuteDifferentPoliciesTest" time="0.004"/>
  <testcase name="noError(XmlDiagnosticData, ValidationPolicy)[220]" classname="eu.europa.esig.dss.validation.executor.ExecuteDifferentPoliciesTest" time="0.008"/>
  <testcase name="noError(XmlDiagnosticData, ValidationPolicy)[221]" classname="eu.europa.esig.dss.validation.executor.ExecuteDifferentPoliciesTest" time="0.007"/>
  <testcase name="noError(XmlDiagnosticData, ValidationPolicy)[222]" classname="eu.europa.esig.dss.validation.executor.ExecuteDifferentPoliciesTest" time="0.006"/>
  <testcase name="noError(XmlDiagnosticData, ValidationPolicy)[223]" classname="eu.europa.esig.dss.validation.executor.ExecuteDifferentPoliciesTest" time="0.003"/>
  <testcase name="noError(XmlDiagnosticData, ValidationPolicy)[224]" classname="eu.europa.esig.dss.validation.executor.ExecuteDifferentPoliciesTest" time="0.005"/>
  <testcase name="noError(XmlDiagnosticData, ValidationPolicy)[225]" classname="eu.europa.esig.dss.validation.executor.ExecuteDifferentPoliciesTest" time="0.002"/>
  <testcase name="noError(XmlDiagnosticData, ValidationPolicy)[226]" classname="eu.europa.esig.dss.validation.executor.ExecuteDifferentPoliciesTest" time="0.02"/>
  <testcase name="noError(XmlDiagnosticData, ValidationPolicy)[227]" classname="eu.europa.esig.dss.validation.executor.ExecuteDifferentPoliciesTest" time="0.004"/>
  <testcase name="noError(XmlDiagnosticData, ValidationPolicy)[228]" classname="eu.europa.esig.dss.validation.executor.ExecuteDifferentPoliciesTest" time="0.004"/>
  <testcase name="noError(XmlDiagnosticData, ValidationPolicy)[229]" classname="eu.europa.esig.dss.validation.executor.ExecuteDifferentPoliciesTest" time="0.016"/>
  <testcase name="noError(XmlDiagnosticData, ValidationPolicy)[230]" classname="eu.europa.esig.dss.validation.executor.ExecuteDifferentPoliciesTest" time="0.003"/>
  <testcase name="noError(XmlDiagnosticData, ValidationPolicy)[231]" classname="eu.europa.esig.dss.validation.executor.ExecuteDifferentPoliciesTest" time="0.021"/>
  <testcase name="noError(XmlDiagnosticData, ValidationPolicy)[232]" classname="eu.europa.esig.dss.validation.executor.ExecuteDifferentPoliciesTest" time="0.009"/>
  <testcase name="noError(XmlDiagnosticData, ValidationPolicy)[233]" classname="eu.europa.esig.dss.validation.executor.ExecuteDifferentPoliciesTest" time="0.009"/>
  <testcase name="noError(XmlDiagnosticData, ValidationPolicy)[234]" classname="eu.europa.esig.dss.validation.executor.ExecuteDifferentPoliciesTest" time="0.006"/>
  <testcase name="noError(XmlDiagnosticData, ValidationPolicy)[235]" classname="eu.europa.esig.dss.validation.executor.ExecuteDifferentPoliciesTest" time="0.007"/>
  <testcase name="noError(XmlDiagnosticData, ValidationPolicy)[236]" classname="eu.europa.esig.dss.validation.executor.ExecuteDifferentPoliciesTest" time="0.008"/>
  <testcase name="noError(XmlDiagnosticData, ValidationPolicy)[237]" classname="eu.europa.esig.dss.validation.executor.ExecuteDifferentPoliciesTest" time="0.012"/>
  <testcase name="noError(XmlDiagnosticData, ValidationPolicy)[238]" classname="eu.europa.esig.dss.validation.executor.ExecuteDifferentPoliciesTest" time="0.018"/>
  <testcase name="noError(XmlDiagnosticData, ValidationPolicy)[239]" classname="eu.europa.esig.dss.validation.executor.ExecuteDifferentPoliciesTest" time="0.014"/>
  <testcase name="noError(XmlDiagnosticData, ValidationPolicy)[240]" classname="eu.europa.esig.dss.validation.executor.ExecuteDifferentPoliciesTest" time="0.003"/>
  <testcase name="noError(XmlDiagnosticData, ValidationPolicy)[241]" classname="eu.europa.esig.dss.validation.executor.ExecuteDifferentPoliciesTest" time="0.005"/>
  <testcase name="noError(XmlDiagnosticData, ValidationPolicy)[242]" classname="eu.europa.esig.dss.validation.executor.ExecuteDifferentPoliciesTest" time="0.002"/>
  <testcase name="noError(XmlDiagnosticData, ValidationPolicy)[243]" classname="eu.europa.esig.dss.validation.executor.ExecuteDifferentPoliciesTest" time="0.002"/>
  <testcase name="noError(XmlDiagnosticData, ValidationPolicy)[244]" classname="eu.europa.esig.dss.validation.executor.ExecuteDifferentPoliciesTest" time="0.008"/>
  <testcase name="noError(XmlDiagnosticData, ValidationPolicy)[245]" classname="eu.europa.esig.dss.validation.executor.ExecuteDifferentPoliciesTest" time="0.003"/>
  <testcase name="noError(XmlDiagnosticData, ValidationPolicy)[246]" classname="eu.europa.esig.dss.validation.executor.ExecuteDifferentPoliciesTest" time="0.003"/>
  <testcase name="noError(XmlDiagnosticData, ValidationPolicy)[247]" classname="eu.europa.esig.dss.validation.executor.ExecuteDifferentPoliciesTest" time="0.002"/>
  <testcase name="noError(XmlDiagnosticData, ValidationPolicy)[248]" classname="eu.europa.esig.dss.validation.executor.ExecuteDifferentPoliciesTest" time="0.003"/>
  <testcase name="noError(XmlDiagnosticData, ValidationPolicy)[249]" classname="eu.europa.esig.dss.validation.executor.ExecuteDifferentPoliciesTest" time="0.003"/>
  <testcase name="noError(XmlDiagnosticData, ValidationPolicy)[250]" classname="eu.europa.esig.dss.validation.executor.ExecuteDifferentPoliciesTest" time="0.003"/>
  <testcase name="noError(XmlDiagnosticData, ValidationPolicy)[251]" classname="eu.europa.esig.dss.validation.executor.ExecuteDifferentPoliciesTest" time="0.004"/>
  <testcase name="noError(XmlDiagnosticData, ValidationPolicy)[252]" classname="eu.europa.esig.dss.validation.executor.ExecuteDifferentPoliciesTest" time="0.003"/>
  <testcase name="noError(XmlDiagnosticData, ValidationPolicy)[253]" classname="eu.europa.esig.dss.validation.executor.ExecuteDifferentPoliciesTest" time="0.002"/>
  <testcase name="noError(XmlDiagnosticData, ValidationPolicy)[254]" classname="eu.europa.esig.dss.validation.executor.ExecuteDifferentPoliciesTest" time="0.001"/>
  <testcase name="noError(XmlDiagnosticData, ValidationPolicy)[255]" classname="eu.europa.esig.dss.validation.executor.ExecuteDifferentPoliciesTest" time="0.001"/>
  <testcase name="noError(XmlDiagnosticData, ValidationPolicy)[256]" classname="eu.europa.esig.dss.validation.executor.ExecuteDifferentPoliciesTest" time="0.008"/>
  <testcase name="noError(XmlDiagnosticData, ValidationPolicy)[257]" classname="eu.europa.esig.dss.validation.executor.ExecuteDifferentPoliciesTest" time="0.004"/>
  <testcase name="noError(XmlDiagnosticData, ValidationPolicy)[258]" classname="eu.europa.esig.dss.validation.executor.ExecuteDifferentPoliciesTest" time="0.003"/>
  <testcase name="noError(XmlDiagnosticData, ValidationPolicy)[259]" classname="eu.europa.esig.dss.validation.executor.ExecuteDifferentPoliciesTest" time="0.006"/>
  <testcase name="noError(XmlDiagnosticData, ValidationPolicy)[260]" classname="eu.europa.esig.dss.validation.executor.ExecuteDifferentPoliciesTest" time="0.004"/>
  <testcase name="noError(XmlDiagnosticData, ValidationPolicy)[261]" classname="eu.europa.esig.dss.validation.executor.ExecuteDifferentPoliciesTest" time="0.004"/>
  <testcase name="noError(XmlDiagnosticData, ValidationPolicy)[262]" classname="eu.europa.esig.dss.validation.executor.ExecuteDifferentPoliciesTest" time="0.008"/>
  <testcase name="noError(XmlDiagnosticData, ValidationPolicy)[263]" classname="eu.europa.esig.dss.validation.executor.ExecuteDifferentPoliciesTest" time="0.004"/>
  <testcase name="noError(XmlDiagnosticData, ValidationPolicy)[264]" classname="eu.europa.esig.dss.validation.executor.ExecuteDifferentPoliciesTest" time="0.001"/>
  <testcase name="noError(XmlDiagnosticData, ValidationPolicy)[265]" classname="eu.europa.esig.dss.validation.executor.ExecuteDifferentPoliciesTest" time="0.01"/>
  <testcase name="noError(XmlDiagnosticData, ValidationPolicy)[266]" classname="eu.europa.esig.dss.validation.executor.ExecuteDifferentPoliciesTest" time="0.002"/>
  <testcase name="noError(XmlDiagnosticData, ValidationPolicy)[267]" classname="eu.europa.esig.dss.validation.executor.ExecuteDifferentPoliciesTest" time="0.003"/>
  <testcase name="noError(XmlDiagnosticData, ValidationPolicy)[268]" classname="eu.europa.esig.dss.validation.executor.ExecuteDifferentPoliciesTest" time="0.013"/>
  <testcase name="noError(XmlDiagnosticData, ValidationPolicy)[269]" classname="eu.europa.esig.dss.validation.executor.ExecuteDifferentPoliciesTest" time="0.003"/>
  <testcase name="noError(XmlDiagnosticData, ValidationPolicy)[270]" classname="eu.europa.esig.dss.validation.executor.ExecuteDifferentPoliciesTest" time="0.008"/>
  <testcase name="noError(XmlDiagnosticData, ValidationPolicy)[271]" classname="eu.europa.esig.dss.validation.executor.ExecuteDifferentPoliciesTest" time="0.002"/>
  <testcase name="noError(XmlDiagnosticData, ValidationPolicy)[272]" classname="eu.europa.esig.dss.validation.executor.ExecuteDifferentPoliciesTest" time="0.002"/>
  <testcase name="noError(XmlDiagnosticData, ValidationPolicy)[273]" classname="eu.europa.esig.dss.validation.executor.ExecuteDifferentPoliciesTest" time="0.001"/>
  <testcase name="noError(XmlDiagnosticData, ValidationPolicy)[274]" classname="eu.europa.esig.dss.validation.executor.ExecuteDifferentPoliciesTest" time="0.006"/>
  <testcase name="noError(XmlDiagnosticData, ValidationPolicy)[275]" classname="eu.europa.esig.dss.validation.executor.ExecuteDifferentPoliciesTest" time="0.004"/>
  <testcase name="noError(XmlDiagnosticData, ValidationPolicy)[276]" classname="eu.europa.esig.dss.validation.executor.ExecuteDifferentPoliciesTest" time="0.002"/>
  <testcase name="noError(XmlDiagnosticData, ValidationPolicy)[277]" classname="eu.europa.esig.dss.validation.executor.ExecuteDifferentPoliciesTest" time="0.003"/>
  <testcase name="noError(XmlDiagnosticData, ValidationPolicy)[278]" classname="eu.europa.esig.dss.validation.executor.ExecuteDifferentPoliciesTest" time="0.004"/>
  <testcase name="noError(XmlDiagnosticData, ValidationPolicy)[279]" classname="eu.europa.esig.dss.validation.executor.ExecuteDifferentPoliciesTest" time="0.003"/>
  <testcase name="noError(XmlDiagnosticData, ValidationPolicy)[280]" classname="eu.europa.esig.dss.validation.executor.ExecuteDifferentPoliciesTest" time="0.003"/>
  <testcase name="noError(XmlDiagnosticData, ValidationPolicy)[281]" classname="eu.europa.esig.dss.validation.executor.ExecuteDifferentPoliciesTest" time="0.003"/>
  <testcase name="noError(XmlDiagnosticData, ValidationPolicy)[282]" classname="eu.europa.esig.dss.validation.executor.ExecuteDifferentPoliciesTest" time="0.006"/>
  <testcase name="noError(XmlDiagnosticData, ValidationPolicy)[283]" classname="eu.europa.esig.dss.validation.executor.ExecuteDifferentPoliciesTest" time="0.002"/>
  <testcase name="noError(XmlDiagnosticData, ValidationPolicy)[284]" classname="eu.europa.esig.dss.validation.executor.ExecuteDifferentPoliciesTest" time="0.001"/>
  <testcase name="noError(XmlDiagnosticData, ValidationPolicy)[285]" classname="eu.europa.esig.dss.validation.executor.ExecuteDifferentPoliciesTest" time="0.002"/>
  <testcase name="noError(XmlDiagnosticData, ValidationPolicy)[286]" classname="eu.europa.esig.dss.validation.executor.ExecuteDifferentPoliciesTest" time="0.002"/>
  <testcase name="noError(XmlDiagnosticData, ValidationPolicy)[287]" classname="eu.europa.esig.dss.validation.executor.ExecuteDifferentPoliciesTest" time="0.004"/>
  <testcase name="noError(XmlDiagnosticData, ValidationPolicy)[288]" classname="eu.europa.esig.dss.validation.executor.ExecuteDifferentPoliciesTest" time="0.003"/>
  <testcase name="noError(XmlDiagnosticData, ValidationPolicy)[289]" classname="eu.europa.esig.dss.validation.executor.ExecuteDifferentPoliciesTest" time="0.01"/>
  <testcase name="noError(XmlDiagnosticData, ValidationPolicy)[290]" classname="eu.europa.esig.dss.validation.executor.ExecuteDifferentPoliciesTest" time="0.006"/>
  <testcase name="noError(XmlDiagnosticData, ValidationPolicy)[291]" classname="eu.europa.esig.dss.validation.executor.ExecuteDifferentPoliciesTest" time="0.009"/>
  <testcase name="noError(XmlDiagnosticData, ValidationPolicy)[292]" classname="eu.europa.esig.dss.validation.executor.ExecuteDifferentPoliciesTest" time="0.007"/>
  <testcase name="noError(XmlDiagnosticData, ValidationPolicy)[293]" classname="eu.europa.esig.dss.validation.executor.ExecuteDifferentPoliciesTest" time="0.012"/>
  <testcase name="noError(XmlDiagnosticData, ValidationPolicy)[294]" classname="eu.europa.esig.dss.validation.executor.ExecuteDifferentPoliciesTest" time="0.005"/>
  <testcase name="noError(XmlDiagnosticData, ValidationPolicy)[295]" classname="eu.europa.esig.dss.validation.executor.ExecuteDifferentPoliciesTest" time="0.004"/>
  <testcase name="noError(XmlDiagnosticData, ValidationPolicy)[296]" classname="eu.europa.esig.dss.validation.executor.ExecuteDifferentPoliciesTest" time="0.006"/>
  <testcase name="noError(XmlDiagnosticData, ValidationPolicy)[297]" classname="eu.europa.esig.dss.validation.executor.ExecuteDifferentPoliciesTest" time="0.005"/>
  <testcase name="noError(XmlDiagnosticData, ValidationPolicy)[298]" classname="eu.europa.esig.dss.validation.executor.ExecuteDifferentPoliciesTest" time="0.009"/>
  <testcase name="noError(XmlDiagnosticData, ValidationPolicy)[299]" classname="eu.europa.esig.dss.validation.executor.ExecuteDifferentPoliciesTest" time="0.004"/>
  <testcase name="noError(XmlDiagnosticData, ValidationPolicy)[300]" classname="eu.europa.esig.dss.validation.executor.ExecuteDifferentPoliciesTest" time="0.002"/>
  <testcase name="noError(XmlDiagnosticData, ValidationPolicy)[301]" classname="eu.europa.esig.dss.validation.executor.ExecuteDifferentPoliciesTest" time="0.002"/>
  <testcase name="noError(XmlDiagnosticData, ValidationPolicy)[302]" classname="eu.europa.esig.dss.validation.executor.ExecuteDifferentPoliciesTest" time="0.003"/>
  <testcase name="noError(XmlDiagnosticData, ValidationPolicy)[303]" classname="eu.europa.esig.dss.validation.executor.ExecuteDifferentPoliciesTest" time="0.002"/>
  <testcase name="noError(XmlDiagnosticData, ValidationPolicy)[304]" classname="eu.europa.esig.dss.validation.executor.ExecuteDifferentPoliciesTest" time="0.001"/>
  <testcase name="noError(XmlDiagnosticData, ValidationPolicy)[305]" classname="eu.europa.esig.dss.validation.executor.ExecuteDifferentPoliciesTest" time="0.001"/>
  <testcase name="noError(XmlDiagnosticData, ValidationPolicy)[306]" classname="eu.europa.esig.dss.validation.executor.ExecuteDifferentPoliciesTest" time="0.002"/>
  <testcase name="noError(XmlDiagnosticData, ValidationPolicy)[307]" classname="eu.europa.esig.dss.validation.executor.ExecuteDifferentPoliciesTest" time="0.001"/>
  <testcase name="noError(XmlDiagnosticData, ValidationPolicy)[308]" classname="eu.europa.esig.dss.validation.executor.ExecuteDifferentPoliciesTest" time="0.001"/>
  <testcase name="noError(XmlDiagnosticData, ValidationPolicy)[309]" classname="eu.europa.esig.dss.validation.executor.ExecuteDifferentPoliciesTest" time="0.005"/>
  <testcase name="noError(XmlDiagnosticData, ValidationPolicy)[310]" classname="eu.europa.esig.dss.validation.executor.ExecuteDifferentPoliciesTest" time="0.003"/>
  <testcase name="noError(XmlDiagnosticData, ValidationPolicy)[311]" classname="eu.europa.esig.dss.validation.executor.ExecuteDifferentPoliciesTest" time="0.002"/>
  <testcase name="noError(XmlDiagnosticData, ValidationPolicy)[312]" classname="eu.europa.esig.dss.validation.executor.ExecuteDifferentPoliciesTest" time="0.002"/>
  <testcase name="noError(XmlDiagnosticData, ValidationPolicy)[313]" classname="eu.europa.esig.dss.validation.executor.ExecuteDifferentPoliciesTest" time="0.01"/>
  <testcase name="noError(XmlDiagnosticData, ValidationPolicy)[314]" classname="eu.europa.esig.dss.validation.executor.ExecuteDifferentPoliciesTest" time="0.002"/>
  <testcase name="noError(XmlDiagnosticData, ValidationPolicy)[315]" classname="eu.europa.esig.dss.validation.executor.ExecuteDifferentPoliciesTest" time="0.002"/>
  <testcase name="noError(XmlDiagnosticData, ValidationPolicy)[316]" classname="eu.europa.esig.dss.validation.executor.ExecuteDifferentPoliciesTest" time="0.007"/>
  <testcase name="noError(XmlDiagnosticData, ValidationPolicy)[317]" classname="eu.europa.esig.dss.validation.executor.ExecuteDifferentPoliciesTest" time="0.004"/>
  <testcase name="noError(XmlDiagnosticData, ValidationPolicy)[318]" classname="eu.europa.esig.dss.validation.executor.ExecuteDifferentPoliciesTest" time="0.004"/>
  <testcase name="noError(XmlDiagnosticData, ValidationPolicy)[319]" classname="eu.europa.esig.dss.validation.executor.ExecuteDifferentPoliciesTest" time="0.007"/>
  <testcase name="noError(XmlDiagnosticData, ValidationPolicy)[320]" classname="eu.europa.esig.dss.validation.executor.ExecuteDifferentPoliciesTest" time="0.004"/>
  <testcase name="noError(XmlDiagnosticData, ValidationPolicy)[321]" classname="eu.europa.esig.dss.validation.executor.ExecuteDifferentPoliciesTest" time="0.007"/>
  <testcase name="noError(XmlDiagnosticData, ValidationPolicy)[322]" classname="eu.europa.esig.dss.validation.executor.ExecuteDifferentPoliciesTest" time="0.006"/>
  <testcase name="noError(XmlDiagnosticData, ValidationPolicy)[323]" classname="eu.europa.esig.dss.validation.executor.ExecuteDifferentPoliciesTest" time="0.004"/>
  <testcase name="noError(XmlDiagnosticData, ValidationPolicy)[324]" classname="eu.europa.esig.dss.validation.executor.ExecuteDifferentPoliciesTest" time="0.006"/>
  <testcase name="noError(XmlDiagnosticData, ValidationPolicy)[325]" classname="eu.europa.esig.dss.validation.executor.ExecuteDifferentPoliciesTest" time="0.006"/>
  <testcase name="noError(XmlDiagnosticData, ValidationPolicy)[326]" classname="eu.europa.esig.dss.validation.executor.ExecuteDifferentPoliciesTest" time="0.003"/>
  <testcase name="noError(XmlDiagnosticData, ValidationPolicy)[327]" classname="eu.europa.esig.dss.validation.executor.ExecuteDifferentPoliciesTest" time="0.007"/>
  <testcase name="noError(XmlDiagnosticData, ValidationPolicy)[328]" classname="eu.europa.esig.dss.validation.executor.ExecuteDifferentPoliciesTest" time="0.006"/>
  <testcase name="noError(XmlDiagnosticData, ValidationPolicy)[329]" classname="eu.europa.esig.dss.validation.executor.ExecuteDifferentPoliciesTest" time="0.008"/>
  <testcase name="noError(XmlDiagnosticData, ValidationPolicy)[330]" classname="eu.europa.esig.dss.validation.executor.ExecuteDifferentPoliciesTest" time="0.008"/>
  <testcase name="noError(XmlDiagnosticData, ValidationPolicy)[331]" classname="eu.europa.esig.dss.validation.executor.ExecuteDifferentPoliciesTest" time="0.005"/>
  <testcase name="noError(XmlDiagnosticData, ValidationPolicy)[332]" classname="eu.europa.esig.dss.validation.executor.ExecuteDifferentPoliciesTest" time="0.003"/>
  <testcase name="noError(XmlDiagnosticData, ValidationPolicy)[333]" classname="eu.europa.esig.dss.validation.executor.ExecuteDifferentPoliciesTest" time="0.003"/>
  <testcase name="noError(XmlDiagnosticData, ValidationPolicy)[334]" classname="eu.europa.esig.dss.validation.executor.ExecuteDifferentPoliciesTest" time="0.008"/>
  <testcase name="noError(XmlDiagnosticData, ValidationPolicy)[335]" classname="eu.europa.esig.dss.validation.executor.ExecuteDifferentPoliciesTest" time="0.003"/>
  <testcase name="noError(XmlDiagnosticData, ValidationPolicy)[336]" classname="eu.europa.esig.dss.validation.executor.ExecuteDifferentPoliciesTest" time="0.001"/>
  <testcase name="noError(XmlDiagnosticData, ValidationPolicy)[337]" classname="eu.europa.esig.dss.validation.executor.ExecuteDifferentPoliciesTest" time="0.008"/>
  <testcase name="noError(XmlDiagnosticData, ValidationPolicy)[338]" classname="eu.europa.esig.dss.validation.executor.ExecuteDifferentPoliciesTest" time="0.002"/>
  <testcase name="noError(XmlDiagnosticData, ValidationPolicy)[339]" classname="eu.europa.esig.dss.validation.executor.ExecuteDifferentPoliciesTest" time="0.004"/>
  <testcase name="noError(XmlDiagnosticData, ValidationPolicy)[340]" classname="eu.europa.esig.dss.validation.executor.ExecuteDifferentPoliciesTest" time="0.007"/>
  <testcase name="noError(XmlDiagnosticData, ValidationPolicy)[341]" classname="eu.europa.esig.dss.validation.executor.ExecuteDifferentPoliciesTest" time="0.006"/>
  <testcase name="noError(XmlDiagnosticData, ValidationPolicy)[342]" classname="eu.europa.esig.dss.validation.executor.ExecuteDifferentPoliciesTest" time="0.008"/>
  <testcase name="noError(XmlDiagnosticData, ValidationPolicy)[343]" classname="eu.europa.esig.dss.validation.executor.ExecuteDifferentPoliciesTest" time="0.002"/>
  <testcase name="noError(XmlDiagnosticData, ValidationPolicy)[344]" classname="eu.europa.esig.dss.validation.executor.ExecuteDifferentPoliciesTest" time="0.004"/>
  <testcase name="noError(XmlDiagnosticData, ValidationPolicy)[345]" classname="eu.europa.esig.dss.validation.executor.ExecuteDifferentPoliciesTest" time="0.006"/>
  <testcase name="noError(XmlDiagnosticData, ValidationPolicy)[346]" classname="eu.europa.esig.dss.validation.executor.ExecuteDifferentPoliciesTest" time="0.006"/>
  <testcase name="noError(XmlDiagnosticData, ValidationPolicy)[347]" classname="eu.europa.esig.dss.validation.executor.ExecuteDifferentPoliciesTest" time="0.004"/>
  <testcase name="noError(XmlDiagnosticData, ValidationPolicy)[348]" classname="eu.europa.esig.dss.validation.executor.ExecuteDifferentPoliciesTest" time="0.005"/>
  <testcase name="noError(XmlDiagnosticData, ValidationPolicy)[349]" classname="eu.europa.esig.dss.validation.executor.ExecuteDifferentPoliciesTest" time="0.002"/>
  <testcase name="noError(XmlDiagnosticData, ValidationPolicy)[350]" classname="eu.europa.esig.dss.validation.executor.ExecuteDifferentPoliciesTest" time="0.001"/>
  <testcase name="noError(XmlDiagnosticData, ValidationPolicy)[351]" classname="eu.europa.esig.dss.validation.executor.ExecuteDifferentPoliciesTest" time="0.001"/>
  <testcase name="noError(XmlDiagnosticData, ValidationPolicy)[352]" classname="eu.europa.esig.dss.validation.executor.ExecuteDifferentPoliciesTest" time="0.002"/>
  <testcase name="noError(XmlDiagnosticData, ValidationPolicy)[353]" classname="eu.europa.esig.dss.validation.executor.ExecuteDifferentPoliciesTest" time="0.004"/>
  <testcase name="noError(XmlDiagnosticData, ValidationPolicy)[354]" classname="eu.europa.esig.dss.validation.executor.ExecuteDifferentPoliciesTest" time="0.002"/>
  <testcase name="noError(XmlDiagnosticData, ValidationPolicy)[355]" classname="eu.europa.esig.dss.validation.executor.ExecuteDifferentPoliciesTest" time="0"/>
  <testcase name="noError(XmlDiagnosticData, ValidationPolicy)[356]" classname="eu.europa.esig.dss.validation.executor.ExecuteDifferentPoliciesTest" time="0"/>
  <testcase name="noError(XmlDiagnosticData, ValidationPolicy)[357]" classname="eu.europa.esig.dss.validation.executor.ExecuteDifferentPoliciesTest" time="0.005"/>
  <testcase name="noError(XmlDiagnosticData, ValidationPolicy)[358]" classname="eu.europa.esig.dss.validation.executor.ExecuteDifferentPoliciesTest" time="0.003"/>
  <testcase name="noError(XmlDiagnosticData, ValidationPolicy)[359]" classname="eu.europa.esig.dss.validation.executor.ExecuteDifferentPoliciesTest" time="0.002"/>
  <testcase name="noError(XmlDiagnosticData, ValidationPolicy)[360]" classname="eu.europa.esig.dss.validation.executor.ExecuteDifferentPoliciesTest" time="0.001"/>
  <testcase name="noError(XmlDiagnosticData, ValidationPolicy)[361]" classname="eu.europa.esig.dss.validation.executor.ExecuteDifferentPoliciesTest" time="0.003">
    <system-out><![CDATA[11:40:20.390 [main] INFO eu.europa.esig.dss.validation.process.qualification.trust.filter.UniqueServiceFilter - More than one selected trust services
11:40:20.390 [main] INFO eu.europa.esig.dss.validation.process.qualification.trust.filter.UniqueServiceFilter - All trust services conclude with the same result
]]></system-out>
  </testcase>
  <testcase name="noError(XmlDiagnosticData, ValidationPolicy)[362]" classname="eu.europa.esig.dss.validation.executor.ExecuteDifferentPoliciesTest" time="0.001"/>
  <testcase name="noError(XmlDiagnosticData, ValidationPolicy)[363]" classname="eu.europa.esig.dss.validation.executor.ExecuteDifferentPoliciesTest" time="0.004"/>
  <testcase name="noError(XmlDiagnosticData, ValidationPolicy)[364]" classname="eu.europa.esig.dss.validation.executor.ExecuteDifferentPoliciesTest" time="0.003">
    <system-out><![CDATA[11:40:20.402 [main] INFO eu.europa.esig.dss.validation.process.qualification.trust.filter.UniqueServiceFilter - More than one selected trust services
11:40:20.402 [main] INFO eu.europa.esig.dss.validation.process.qualification.trust.filter.UniqueServiceFilter - All trust services conclude with the same result
]]></system-out>
  </testcase>
  <testcase name="noError(XmlDiagnosticData, ValidationPolicy)[365]" classname="eu.europa.esig.dss.validation.executor.ExecuteDifferentPoliciesTest" time="0.003">
    <system-out><![CDATA[11:40:20.405 [main] INFO eu.europa.esig.dss.validation.process.qualification.trust.filter.UniqueServiceFilter - More than one selected trust services
11:40:20.405 [main] INFO eu.europa.esig.dss.validation.process.qualification.trust.filter.UniqueServiceFilter - All trust services conclude with the same result
]]></system-out>
  </testcase>
  <testcase name="noError(XmlDiagnosticData, ValidationPolicy)[366]" classname="eu.europa.esig.dss.validation.executor.ExecuteDifferentPoliciesTest" time="0.005"/>
  <testcase name="noError(XmlDiagnosticData, ValidationPolicy)[367]" classname="eu.europa.esig.dss.validation.executor.ExecuteDifferentPoliciesTest" time="0.002"/>
  <testcase name="noError(XmlDiagnosticData, ValidationPolicy)[368]" classname="eu.europa.esig.dss.validation.executor.ExecuteDifferentPoliciesTest" time="0.006">
    <system-out><![CDATA[11:40:20.422 [main] INFO eu.europa.esig.dss.validation.process.qualification.trust.filter.UniqueServiceFilter - More than one selected trust services
11:40:20.423 [main] INFO eu.europa.esig.dss.validation.process.qualification.trust.filter.UniqueServiceFilter - All trust services conclude with the same result
]]></system-out>
  </testcase>
  <testcase name="noError(XmlDiagnosticData, ValidationPolicy)[369]" classname="eu.europa.esig.dss.validation.executor.ExecuteDifferentPoliciesTest" time="0.007">
    <system-out><![CDATA[11:40:20.430 [main] INFO eu.europa.esig.dss.validation.process.qualification.trust.filter.UniqueServiceFilter - More than one selected trust services
11:40:20.430 [main] INFO eu.europa.esig.dss.validation.process.qualification.trust.filter.UniqueServiceFilter - All trust services conclude with the same result
]]></system-out>
  </testcase>
  <testcase name="noError(XmlDiagnosticData, ValidationPolicy)[370]" classname="eu.europa.esig.dss.validation.executor.ExecuteDifferentPoliciesTest" time="0.008">
    <system-out><![CDATA[11:40:20.436 [main] INFO eu.europa.esig.dss.validation.process.qualification.trust.filter.UniqueServiceFilter - More than one selected trust services
11:40:20.436 [main] INFO eu.europa.esig.dss.validation.process.qualification.trust.filter.UniqueServiceFilter - All trust services conclude with the same result
]]></system-out>
  </testcase>
  <testcase name="noError(XmlDiagnosticData, ValidationPolicy)[371]" classname="eu.europa.esig.dss.validation.executor.ExecuteDifferentPoliciesTest" time="0.006">
    <system-out><![CDATA[11:40:20.443 [main] INFO eu.europa.esig.dss.validation.process.qualification.trust.filter.UniqueServiceFilter - More than one selected trust services
11:40:20.444 [main] INFO eu.europa.esig.dss.validation.process.qualification.trust.filter.UniqueServiceFilter - All trust services conclude with the same result
]]></system-out>
  </testcase>
  <testcase name="noError(XmlDiagnosticData, ValidationPolicy)[372]" classname="eu.europa.esig.dss.validation.executor.ExecuteDifferentPoliciesTest" time="0.005"/>
  <testcase name="noError(XmlDiagnosticData, ValidationPolicy)[373]" classname="eu.europa.esig.dss.validation.executor.ExecuteDifferentPoliciesTest" time="0.011"/>
  <testcase name="noError(XmlDiagnosticData, ValidationPolicy)[374]" classname="eu.europa.esig.dss.validation.executor.ExecuteDifferentPoliciesTest" time="0.004"/>
  <testcase name="noError(XmlDiagnosticData, ValidationPolicy)[375]" classname="eu.europa.esig.dss.validation.executor.ExecuteDifferentPoliciesTest" time="0.007"/>
  <testcase name="noError(XmlDiagnosticData, ValidationPolicy)[376]" classname="eu.europa.esig.dss.validation.executor.ExecuteDifferentPoliciesTest" time="0.007"/>
  <testcase name="noError(XmlDiagnosticData, ValidationPolicy)[377]" classname="eu.europa.esig.dss.validation.executor.ExecuteDifferentPoliciesTest" time="0.009"/>
  <testcase name="noError(XmlDiagnosticData, ValidationPolicy)[378]" classname="eu.europa.esig.dss.validation.executor.ExecuteDifferentPoliciesTest" time="0.004"/>
  <testcase name="noError(XmlDiagnosticData, ValidationPolicy)[379]" classname="eu.europa.esig.dss.validation.executor.ExecuteDifferentPoliciesTest" time="0.002"/>
  <testcase name="noError(XmlDiagnosticData, ValidationPolicy)[380]" classname="eu.europa.esig.dss.validation.executor.ExecuteDifferentPoliciesTest" time="0.004"/>
  <testcase name="noError(XmlDiagnosticData, ValidationPolicy)[381]" classname="eu.europa.esig.dss.validation.executor.ExecuteDifferentPoliciesTest" time="0.005"/>
  <testcase name="noError(XmlDiagnosticData, ValidationPolicy)[382]" classname="eu.europa.esig.dss.validation.executor.ExecuteDifferentPoliciesTest" time="0.002"/>
  <testcase name="noError(XmlDiagnosticData, ValidationPolicy)[383]" classname="eu.europa.esig.dss.validation.executor.ExecuteDifferentPoliciesTest" time="0.003"/>
  <testcase name="noError(XmlDiagnosticData, ValidationPolicy)[384]" classname="eu.europa.esig.dss.validation.executor.ExecuteDifferentPoliciesTest" time="0.005"/>
  <testcase name="noError(XmlDiagnosticData, ValidationPolicy)[385]" classname="eu.europa.esig.dss.validation.executor.ExecuteDifferentPoliciesTest" time="0.007"/>
  <testcase name="noError(XmlDiagnosticData, ValidationPolicy)[386]" classname="eu.europa.esig.dss.validation.executor.ExecuteDifferentPoliciesTest" time="0.001"/>
  <testcase name="noError(XmlDiagnosticData, ValidationPolicy)[387]" classname="eu.europa.esig.dss.validation.executor.ExecuteDifferentPoliciesTest" time="0.004"/>
  <testcase name="noError(XmlDiagnosticData, ValidationPolicy)[388]" classname="eu.europa.esig.dss.validation.executor.ExecuteDifferentPoliciesTest" time="0.006"/>
  <testcase name="noError(XmlDiagnosticData, ValidationPolicy)[389]" classname="eu.europa.esig.dss.validation.executor.ExecuteDifferentPoliciesTest" time="0.003"/>
  <testcase name="noError(XmlDiagnosticData, ValidationPolicy)[390]" classname="eu.europa.esig.dss.validation.executor.ExecuteDifferentPoliciesTest" time="0.003"/>
  <testcase name="noError(XmlDiagnosticData, ValidationPolicy)[391]" classname="eu.europa.esig.dss.validation.executor.ExecuteDifferentPoliciesTest" time="0.004"/>
  <testcase name="noError(XmlDiagnosticData, ValidationPolicy)[392]" classname="eu.europa.esig.dss.validation.executor.ExecuteDifferentPoliciesTest" time="0.003"/>
  <testcase name="noError(XmlDiagnosticData, ValidationPolicy)[393]" classname="eu.europa.esig.dss.validation.executor.ExecuteDifferentPoliciesTest" time="0.004"/>
  <testcase name="noError(XmlDiagnosticData, ValidationPolicy)[394]" classname="eu.europa.esig.dss.validation.executor.ExecuteDifferentPoliciesTest" time="0.006"/>
  <testcase name="noError(XmlDiagnosticData, ValidationPolicy)[395]" classname="eu.europa.esig.dss.validation.executor.ExecuteDifferentPoliciesTest" time="0.006"/>
  <testcase name="noError(XmlDiagnosticData, ValidationPolicy)[396]" classname="eu.europa.esig.dss.validation.executor.ExecuteDifferentPoliciesTest" time="0.002"/>
  <testcase name="noError(XmlDiagnosticData, ValidationPolicy)[397]" classname="eu.europa.esig.dss.validation.executor.ExecuteDifferentPoliciesTest" time="0.005"/>
  <testcase name="noError(XmlDiagnosticData, ValidationPolicy)[398]" classname="eu.europa.esig.dss.validation.executor.ExecuteDifferentPoliciesTest" time="0.003"/>
  <testcase name="noError(XmlDiagnosticData, ValidationPolicy)[399]" classname="eu.europa.esig.dss.validation.executor.ExecuteDifferentPoliciesTest" time="0.003"/>
  <testcase name="noError(XmlDiagnosticData, ValidationPolicy)[400]" classname="eu.europa.esig.dss.validation.executor.ExecuteDifferentPoliciesTest" time="0.005"/>
  <testcase name="noError(XmlDiagnosticData, ValidationPolicy)[401]" classname="eu.europa.esig.dss.validation.executor.ExecuteDifferentPoliciesTest" time="0.005"/>
  <testcase name="noError(XmlDiagnosticData, ValidationPolicy)[402]" classname="eu.europa.esig.dss.validation.executor.ExecuteDifferentPoliciesTest" time="0.004"/>
  <testcase name="noError(XmlDiagnosticData, ValidationPolicy)[403]" classname="eu.europa.esig.dss.validation.executor.ExecuteDifferentPoliciesTest" time="0.002"/>
  <testcase name="noError(XmlDiagnosticData, ValidationPolicy)[404]" classname="eu.europa.esig.dss.validation.executor.ExecuteDifferentPoliciesTest" time="0.004"/>
  <testcase name="noError(XmlDiagnosticData, ValidationPolicy)[405]" classname="eu.europa.esig.dss.validation.executor.ExecuteDifferentPoliciesTest" time="0.006"/>
  <testcase name="noError(XmlDiagnosticData, ValidationPolicy)[406]" classname="eu.europa.esig.dss.validation.executor.ExecuteDifferentPoliciesTest" time="0.004"/>
  <testcase name="noError(XmlDiagnosticData, ValidationPolicy)[407]" classname="eu.europa.esig.dss.validation.executor.ExecuteDifferentPoliciesTest" time="0.006"/>
  <testcase name="noError(XmlDiagnosticData, ValidationPolicy)[408]" classname="eu.europa.esig.dss.validation.executor.ExecuteDifferentPoliciesTest" time="0.003"/>
  <testcase name="noError(XmlDiagnosticData, ValidationPolicy)[409]" classname="eu.europa.esig.dss.validation.executor.ExecuteDifferentPoliciesTest" time="0.003"/>
  <testcase name="noError(XmlDiagnosticData, ValidationPolicy)[410]" classname="eu.europa.esig.dss.validation.executor.ExecuteDifferentPoliciesTest" time="0.002"/>
  <testcase name="noError(XmlDiagnosticData, ValidationPolicy)[411]" classname="eu.europa.esig.dss.validation.executor.ExecuteDifferentPoliciesTest" time="0.002"/>
  <testcase name="noError(XmlDiagnosticData, ValidationPolicy)[412]" classname="eu.europa.esig.dss.validation.executor.ExecuteDifferentPoliciesTest" time="0.003"/>
  <testcase name="noError(XmlDiagnosticData, ValidationPolicy)[413]" classname="eu.europa.esig.dss.validation.executor.ExecuteDifferentPoliciesTest" time="0.004"/>
  <testcase name="noError(XmlDiagnosticData, ValidationPolicy)[414]" classname="eu.europa.esig.dss.validation.executor.ExecuteDifferentPoliciesTest" time="0.004"/>
  <testcase name="noError(XmlDiagnosticData, ValidationPolicy)[415]" classname="eu.europa.esig.dss.validation.executor.ExecuteDifferentPoliciesTest" time="0.001"/>
  <testcase name="noError(XmlDiagnosticData, ValidationPolicy)[416]" classname="eu.europa.esig.dss.validation.executor.ExecuteDifferentPoliciesTest" time="0.004"/>
  <testcase name="noError(XmlDiagnosticData, ValidationPolicy)[417]" classname="eu.europa.esig.dss.validation.executor.ExecuteDifferentPoliciesTest" time="0.004"/>
  <testcase name="noError(XmlDiagnosticData, ValidationPolicy)[418]" classname="eu.europa.esig.dss.validation.executor.ExecuteDifferentPoliciesTest" time="0.003"/>
  <testcase name="noError(XmlDiagnosticData, ValidationPolicy)[419]" classname="eu.europa.esig.dss.validation.executor.ExecuteDifferentPoliciesTest" time="0.006"/>
  <testcase name="noError(XmlDiagnosticData, ValidationPolicy)[420]" classname="eu.europa.esig.dss.validation.executor.ExecuteDifferentPoliciesTest" time="0.005"/>
  <testcase name="noError(XmlDiagnosticData, ValidationPolicy)[421]" classname="eu.europa.esig.dss.validation.executor.ExecuteDifferentPoliciesTest" time="0.004"/>
  <testcase name="noError(XmlDiagnosticData, ValidationPolicy)[422]" classname="eu.europa.esig.dss.validation.executor.ExecuteDifferentPoliciesTest" time="0.003"/>
  <testcase name="noError(XmlDiagnosticData, ValidationPolicy)[423]" classname="eu.europa.esig.dss.validation.executor.ExecuteDifferentPoliciesTest" time="0.004"/>
  <testcase name="noError(XmlDiagnosticData, ValidationPolicy)[424]" classname="eu.europa.esig.dss.validation.executor.ExecuteDifferentPoliciesTest" time="0.005"/>
  <testcase name="noError(XmlDiagnosticData, ValidationPolicy)[425]" classname="eu.europa.esig.dss.validation.executor.ExecuteDifferentPoliciesTest" time="0.002"/>
  <testcase name="noError(XmlDiagnosticData, ValidationPolicy)[426]" classname="eu.europa.esig.dss.validation.executor.ExecuteDifferentPoliciesTest" time="0.002"/>
  <testcase name="noError(XmlDiagnosticData, ValidationPolicy)[427]" classname="eu.europa.esig.dss.validation.executor.ExecuteDifferentPoliciesTest" time="0.005"/>
  <testcase name="noError(XmlDiagnosticData, ValidationPolicy)[428]" classname="eu.europa.esig.dss.validation.executor.ExecuteDifferentPoliciesTest" time="0.005"/>
  <testcase name="noError(XmlDiagnosticData, ValidationPolicy)[429]" classname="eu.europa.esig.dss.validation.executor.ExecuteDifferentPoliciesTest" time="0.002"/>
  <testcase name="noError(XmlDiagnosticData, ValidationPolicy)[430]" classname="eu.europa.esig.dss.validation.executor.ExecuteDifferentPoliciesTest" time="0.001"/>
  <testcase name="noError(XmlDiagnosticData, ValidationPolicy)[431]" classname="eu.europa.esig.dss.validation.executor.ExecuteDifferentPoliciesTest" time="0.005"/>
  <testcase name="noError(XmlDiagnosticData, ValidationPolicy)[432]" classname="eu.europa.esig.dss.validation.executor.ExecuteDifferentPoliciesTest" time="0.003"/>
  <testcase name="noError(XmlDiagnosticData, ValidationPolicy)[433]" classname="eu.europa.esig.dss.validation.executor.ExecuteDifferentPoliciesTest" time="0.001"/>
  <testcase name="noError(XmlDiagnosticData, ValidationPolicy)[434]" classname="eu.europa.esig.dss.validation.executor.ExecuteDifferentPoliciesTest" time="0.002"/>
  <testcase name="noError(XmlDiagnosticData, ValidationPolicy)[435]" classname="eu.europa.esig.dss.validation.executor.ExecuteDifferentPoliciesTest" time="0.002"/>
  <testcase name="noError(XmlDiagnosticData, ValidationPolicy)[436]" classname="eu.europa.esig.dss.validation.executor.ExecuteDifferentPoliciesTest" time="0.005"/>
  <testcase name="noError(XmlDiagnosticData, ValidationPolicy)[437]" classname="eu.europa.esig.dss.validation.executor.ExecuteDifferentPoliciesTest" time="0.003"/>
  <testcase name="noError(XmlDiagnosticData, ValidationPolicy)[438]" classname="eu.europa.esig.dss.validation.executor.ExecuteDifferentPoliciesTest" time="0.003"/>
  <testcase name="noError(XmlDiagnosticData, ValidationPolicy)[439]" classname="eu.europa.esig.dss.validation.executor.ExecuteDifferentPoliciesTest" time="0.001"/>
  <testcase name="noError(XmlDiagnosticData, ValidationPolicy)[440]" classname="eu.europa.esig.dss.validation.executor.ExecuteDifferentPoliciesTest" time="0.001"/>
  <testcase name="noError(XmlDiagnosticData, ValidationPolicy)[441]" classname="eu.europa.esig.dss.validation.executor.ExecuteDifferentPoliciesTest" time="0.005"/>
  <testcase name="noError(XmlDiagnosticData, ValidationPolicy)[442]" classname="eu.europa.esig.dss.validation.executor.ExecuteDifferentPoliciesTest" time="0.003"/>
  <testcase name="noError(XmlDiagnosticData, ValidationPolicy)[443]" classname="eu.europa.esig.dss.validation.executor.ExecuteDifferentPoliciesTest" time="0.001"/>
  <testcase name="noError(XmlDiagnosticData, ValidationPolicy)[444]" classname="eu.europa.esig.dss.validation.executor.ExecuteDifferentPoliciesTest" time="0.002"/>
  <testcase name="noError(XmlDiagnosticData, ValidationPolicy)[445]" classname="eu.europa.esig.dss.validation.executor.ExecuteDifferentPoliciesTest" time="0.002"/>
  <testcase name="noError(XmlDiagnosticData, ValidationPolicy)[446]" classname="eu.europa.esig.dss.validation.executor.ExecuteDifferentPoliciesTest" time="0.004"/>
  <testcase name="noError(XmlDiagnosticData, ValidationPolicy)[447]" classname="eu.europa.esig.dss.validation.executor.ExecuteDifferentPoliciesTest" time="0.004"/>
  <testcase name="noError(XmlDiagnosticData, ValidationPolicy)[448]" classname="eu.europa.esig.dss.validation.executor.ExecuteDifferentPoliciesTest" time="0.003"/>
  <testcase name="noError(XmlDiagnosticData, ValidationPolicy)[449]" classname="eu.europa.esig.dss.validation.executor.ExecuteDifferentPoliciesTest" time="0.003"/>
  <testcase name="noError(XmlDiagnosticData, ValidationPolicy)[450]" classname="eu.europa.esig.dss.validation.executor.ExecuteDifferentPoliciesTest" time="0.005"/>
  <testcase name="noError(XmlDiagnosticData, ValidationPolicy)[451]" classname="eu.europa.esig.dss.validation.executor.ExecuteDifferentPoliciesTest" time="0.003"/>
  <testcase name="noError(XmlDiagnosticData, ValidationPolicy)[452]" classname="eu.europa.esig.dss.validation.executor.ExecuteDifferentPoliciesTest" time="0.003"/>
  <testcase name="noError(XmlDiagnosticData, ValidationPolicy)[453]" classname="eu.europa.esig.dss.validation.executor.ExecuteDifferentPoliciesTest" time="0.004"/>
  <testcase name="noError(XmlDiagnosticData, ValidationPolicy)[454]" classname="eu.europa.esig.dss.validation.executor.ExecuteDifferentPoliciesTest" time="0.004"/>
  <testcase name="noError(XmlDiagnosticData, ValidationPolicy)[455]" classname="eu.europa.esig.dss.validation.executor.ExecuteDifferentPoliciesTest" time="0.004"/>
  <testcase name="noError(XmlDiagnosticData, ValidationPolicy)[456]" classname="eu.europa.esig.dss.validation.executor.ExecuteDifferentPoliciesTest" time="0.002"/>
  <testcase name="noError(XmlDiagnosticData, ValidationPolicy)[457]" classname="eu.europa.esig.dss.validation.executor.ExecuteDifferentPoliciesTest" time="0.005"/>
  <testcase name="noError(XmlDiagnosticData, ValidationPolicy)[458]" classname="eu.europa.esig.dss.validation.executor.ExecuteDifferentPoliciesTest" time="0.003"/>
  <testcase name="noError(XmlDiagnosticData, ValidationPolicy)[459]" classname="eu.europa.esig.dss.validation.executor.ExecuteDifferentPoliciesTest" time="0.006"/>
  <testcase name="noError(XmlDiagnosticData, ValidationPolicy)[460]" classname="eu.europa.esig.dss.validation.executor.ExecuteDifferentPoliciesTest" time="0.009"/>
  <testcase name="noError(XmlDiagnosticData, ValidationPolicy)[461]" classname="eu.europa.esig.dss.validation.executor.ExecuteDifferentPoliciesTest" time="0.009"/>
  <testcase name="noError(XmlDiagnosticData, ValidationPolicy)[462]" classname="eu.europa.esig.dss.validation.executor.ExecuteDifferentPoliciesTest" time="0.011"/>
  <testcase name="noError(XmlDiagnosticData, ValidationPolicy)[463]" classname="eu.europa.esig.dss.validation.executor.ExecuteDifferentPoliciesTest" time="0.003"/>
  <testcase name="noError(XmlDiagnosticData, ValidationPolicy)[464]" classname="eu.europa.esig.dss.validation.executor.ExecuteDifferentPoliciesTest" time="0.004"/>
  <testcase name="noError(XmlDiagnosticData, ValidationPolicy)[465]" classname="eu.europa.esig.dss.validation.executor.ExecuteDifferentPoliciesTest" time="0.008"/>
  <testcase name="noError(XmlDiagnosticData, ValidationPolicy)[466]" classname="eu.europa.esig.dss.validation.executor.ExecuteDifferentPoliciesTest" time="0.007">
    <system-out><![CDATA[11:40:20.903 [main] DEBUG eu.europa.esig.dss.validation.process.bbb.xcv.sub.checks.CertificateNameConstraintsCheck - Unable to build an RDN for string 'PORVENIR.fdi.cr'! Not a DN.
]]></system-out>
  </testcase>
  <testcase name="noError(XmlDiagnosticData, ValidationPolicy)[467]" classname="eu.europa.esig.dss.validation.executor.ExecuteDifferentPoliciesTest" time="0.013">
    <system-out><![CDATA[11:40:20.913 [main] DEBUG eu.europa.esig.dss.validation.process.bbb.xcv.sub.checks.CertificateNameConstraintsCheck - Unable to build an RDN for string 'PORVENIR.fdi.cr'! Not a DN.
]]></system-out>
  </testcase>
  <testcase name="noError(XmlDiagnosticData, ValidationPolicy)[468]" classname="eu.europa.esig.dss.validation.executor.ExecuteDifferentPoliciesTest" time="0.006"/>
  <testcase name="noError(XmlDiagnosticData, ValidationPolicy)[469]" classname="eu.europa.esig.dss.validation.executor.ExecuteDifferentPoliciesTest" time="0.009"/>
  <testcase name="noError(XmlDiagnosticData, ValidationPolicy)[470]" classname="eu.europa.esig.dss.validation.executor.ExecuteDifferentPoliciesTest" time="0.003"/>
  <testcase name="noError(XmlDiagnosticData, ValidationPolicy)[471]" classname="eu.europa.esig.dss.validation.executor.ExecuteDifferentPoliciesTest" time="0.004"/>
  <testcase name="noError(XmlDiagnosticData, ValidationPolicy)[472]" classname="eu.europa.esig.dss.validation.executor.ExecuteDifferentPoliciesTest" time="0.003"/>
  <testcase name="noError(XmlDiagnosticData, ValidationPolicy)[473]" classname="eu.europa.esig.dss.validation.executor.ExecuteDifferentPoliciesTest" time="0.007"/>
  <testcase name="noError(XmlDiagnosticData, ValidationPolicy)[474]" classname="eu.europa.esig.dss.validation.executor.ExecuteDifferentPoliciesTest" time="0.008"/>
  <testcase name="noError(XmlDiagnosticData, ValidationPolicy)[475]" classname="eu.europa.esig.dss.validation.executor.ExecuteDifferentPoliciesTest" time="0.001"/>
  <testcase name="noError(XmlDiagnosticData, ValidationPolicy)[476]" classname="eu.europa.esig.dss.validation.executor.ExecuteDifferentPoliciesTest" time="0.005"/>
  <testcase name="noError(XmlDiagnosticData, ValidationPolicy)[477]" classname="eu.europa.esig.dss.validation.executor.ExecuteDifferentPoliciesTest" time="0.006"/>
  <testcase name="noError(XmlDiagnosticData, ValidationPolicy)[478]" classname="eu.europa.esig.dss.validation.executor.ExecuteDifferentPoliciesTest" time="0.004"/>
  <testcase name="noError(XmlDiagnosticData, ValidationPolicy)[479]" classname="eu.europa.esig.dss.validation.executor.ExecuteDifferentPoliciesTest" time="0.005"/>
  <testcase name="noError(XmlDiagnosticData, ValidationPolicy)[480]" classname="eu.europa.esig.dss.validation.executor.ExecuteDifferentPoliciesTest" time="0.004"/>
  <testcase name="noError(XmlDiagnosticData, ValidationPolicy)[481]" classname="eu.europa.esig.dss.validation.executor.ExecuteDifferentPoliciesTest" time="0.009">
    <system-out><![CDATA[11:40:21.007 [main] DEBUG eu.europa.esig.dss.validation.process.bbb.xcv.sub.checks.CertificateNameConstraintsCheck - Unable to build an RDN for string 'certn_2048@SMC01.eu'! Not a DN.
]]></system-out>
  </testcase>
  <testcase name="noError(XmlDiagnosticData, ValidationPolicy)[482]" classname="eu.europa.esig.dss.validation.executor.ExecuteDifferentPoliciesTest" time="0.005"/>
  <testcase name="noError(XmlDiagnosticData, ValidationPolicy)[483]" classname="eu.europa.esig.dss.validation.executor.ExecuteDifferentPoliciesTest" time="0.003"/>
  <testcase name="noError(XmlDiagnosticData, ValidationPolicy)[484]" classname="eu.europa.esig.dss.validation.executor.ExecuteDifferentPoliciesTest" time="0.012">
    <system-out><![CDATA[11:40:21.026 [main] DEBUG eu.europa.esig.dss.validation.process.bbb.xcv.sub.checks.CertificateNameConstraintsCheck - Unable to build an RDN for string 'certn_2048@SMC01.eu'! Not a DN.
]]></system-out>
  </testcase>
  <testcase name="noError(XmlDiagnosticData, ValidationPolicy)[485]" classname="eu.europa.esig.dss.validation.executor.ExecuteDifferentPoliciesTest" time="0.01">
    <system-out><![CDATA[11:40:21.041 [main] DEBUG eu.europa.esig.dss.validation.process.bbb.xcv.sub.checks.CertificateNameConstraintsCheck - Unable to build an RDN for string 'certn_2048@SMC01.eu'! Not a DN.
]]></system-out>
  </testcase>
  <testcase name="noError(XmlDiagnosticData, ValidationPolicy)[486]" classname="eu.europa.esig.dss.validation.executor.ExecuteDifferentPoliciesTest" time="0.016"/>
  <testcase name="noError(XmlDiagnosticData, ValidationPolicy)[487]" classname="eu.europa.esig.dss.validation.executor.ExecuteDifferentPoliciesTest" time="0.005"/>
  <testcase name="noError(XmlDiagnosticData, ValidationPolicy)[488]" classname="eu.europa.esig.dss.validation.executor.ExecuteDifferentPoliciesTest" time="0.01">
    <system-out><![CDATA[11:40:21.074 [main] DEBUG eu.europa.esig.dss.validation.process.bbb.xcv.sub.checks.CertificateNameConstraintsCheck - Unable to build an RDN for string 'certn_2048@SMC01.eu'! Not a DN.
]]></system-out>
  </testcase>
  <testcase name="noError(XmlDiagnosticData, ValidationPolicy)[489]" classname="eu.europa.esig.dss.validation.executor.ExecuteDifferentPoliciesTest" time="0.012">
    <system-out><![CDATA[11:40:21.090 [main] DEBUG eu.europa.esig.dss.validation.process.bbb.xcv.sub.checks.CertificateNameConstraintsCheck - Unable to build an RDN for string 'certn_2048@SMC01.eu'! Not a DN.
]]></system-out>
  </testcase>
  <testcase name="noError(XmlDiagnosticData, ValidationPolicy)[490]" classname="eu.europa.esig.dss.validation.executor.ExecuteDifferentPoliciesTest" time="0.042">
    <system-out><![CDATA[11:40:21.119 [main] DEBUG eu.europa.esig.dss.validation.process.bbb.xcv.sub.checks.CertificateNameConstraintsCheck - Unable to build an RDN for string 'certn_2048@SMC01.eu'! Not a DN.
]]></system-out>
  </testcase>
  <testcase name="noError(XmlDiagnosticData, ValidationPolicy)[491]" classname="eu.europa.esig.dss.validation.executor.ExecuteDifferentPoliciesTest" time="0.031">
    <system-out><![CDATA[11:40:21.159 [main] DEBUG eu.europa.esig.dss.validation.process.bbb.xcv.sub.checks.CertificateNameConstraintsCheck - Unable to build an RDN for string 'certn_2048@SMC01.eu'! Not a DN.
]]></system-out>
  </testcase>
  <testcase name="noError(XmlDiagnosticData, ValidationPolicy)[492]" classname="eu.europa.esig.dss.validation.executor.ExecuteDifferentPoliciesTest" time="0.007"/>
  <testcase name="noError(XmlDiagnosticData, ValidationPolicy)[493]" classname="eu.europa.esig.dss.validation.executor.ExecuteDifferentPoliciesTest" time="0.01"/>
  <testcase name="noError(XmlDiagnosticData, ValidationPolicy)[494]" classname="eu.europa.esig.dss.validation.executor.ExecuteDifferentPoliciesTest" time="0.006"/>
  <testcase name="noError(XmlDiagnosticData, ValidationPolicy)[495]" classname="eu.europa.esig.dss.validation.executor.ExecuteDifferentPoliciesTest" time="0.004"/>
  <testcase name="noError(XmlDiagnosticData, ValidationPolicy)[496]" classname="eu.europa.esig.dss.validation.executor.ExecuteDifferentPoliciesTest" time="0.009"/>
  <testcase name="noError(XmlDiagnosticData, ValidationPolicy)[497]" classname="eu.europa.esig.dss.validation.executor.ExecuteDifferentPoliciesTest" time="0.004"/>
  <testcase name="noError(XmlDiagnosticData, ValidationPolicy)[498]" classname="eu.europa.esig.dss.validation.executor.ExecuteDifferentPoliciesTest" time="0.012"/>
  <testcase name="noError(XmlDiagnosticData, ValidationPolicy)[499]" classname="eu.europa.esig.dss.validation.executor.ExecuteDifferentPoliciesTest" time="0.003"/>
  <testcase name="noError(XmlDiagnosticData, ValidationPolicy)[500]" classname="eu.europa.esig.dss.validation.executor.ExecuteDifferentPoliciesTest" time="0.003"/>
  <testcase name="noError(XmlDiagnosticData, ValidationPolicy)[501]" classname="eu.europa.esig.dss.validation.executor.ExecuteDifferentPoliciesTest" time="0.005"/>
  <testcase name="noError(XmlDiagnosticData, ValidationPolicy)[502]" classname="eu.europa.esig.dss.validation.executor.ExecuteDifferentPoliciesTest" time="0.003"/>
  <testcase name="noError(XmlDiagnosticData, ValidationPolicy)[503]" classname="eu.europa.esig.dss.validation.executor.ExecuteDifferentPoliciesTest" time="0.002"/>
  <testcase name="noError(XmlDiagnosticData, ValidationPolicy)[504]" classname="eu.europa.esig.dss.validation.executor.ExecuteDifferentPoliciesTest" time="0.002"/>
  <testcase name="noError(XmlDiagnosticData, ValidationPolicy)[505]" classname="eu.europa.esig.dss.validation.executor.ExecuteDifferentPoliciesTest" time="0.008"/>
  <testcase name="noError(XmlDiagnosticData, ValidationPolicy)[506]" classname="eu.europa.esig.dss.validation.executor.ExecuteDifferentPoliciesTest" time="0.002"/>
  <testcase name="noError(XmlDiagnosticData, ValidationPolicy)[507]" classname="eu.europa.esig.dss.validation.executor.ExecuteDifferentPoliciesTest" time="0.003"/>
  <testcase name="noError(XmlDiagnosticData, ValidationPolicy)[508]" classname="eu.europa.esig.dss.validation.executor.ExecuteDifferentPoliciesTest" time="0.01"/>
  <testcase name="noError(XmlDiagnosticData, ValidationPolicy)[509]" classname="eu.europa.esig.dss.validation.executor.ExecuteDifferentPoliciesTest" time="0.008"/>
  <testcase name="noError(XmlDiagnosticData, ValidationPolicy)[510]" classname="eu.europa.esig.dss.validation.executor.ExecuteDifferentPoliciesTest" time="0.007"/>
  <testcase name="noError(XmlDiagnosticData, ValidationPolicy)[511]" classname="eu.europa.esig.dss.validation.executor.ExecuteDifferentPoliciesTest" time="0.003"/>
  <testcase name="noError(XmlDiagnosticData, ValidationPolicy)[512]" classname="eu.europa.esig.dss.validation.executor.ExecuteDifferentPoliciesTest" time="0.003"/>
  <testcase name="noError(XmlDiagnosticData, ValidationPolicy)[513]" classname="eu.europa.esig.dss.validation.executor.ExecuteDifferentPoliciesTest" time="0.009"/>
  <testcase name="noError(XmlDiagnosticData, ValidationPolicy)[514]" classname="eu.europa.esig.dss.validation.executor.ExecuteDifferentPoliciesTest" time="0.004"/>
  <testcase name="noError(XmlDiagnosticData, ValidationPolicy)[515]" classname="eu.europa.esig.dss.validation.executor.ExecuteDifferentPoliciesTest" time="0.005"/>
  <testcase name="noError(XmlDiagnosticData, ValidationPolicy)[516]" classname="eu.europa.esig.dss.validation.executor.ExecuteDifferentPoliciesTest" time="0.003"/>
  <testcase name="noError(XmlDiagnosticData, ValidationPolicy)[517]" classname="eu.europa.esig.dss.validation.executor.ExecuteDifferentPoliciesTest" time="0.003"/>
  <testcase name="noError(XmlDiagnosticData, ValidationPolicy)[518]" classname="eu.europa.esig.dss.validation.executor.ExecuteDifferentPoliciesTest" time="0.001"/>
  <testcase name="noError(XmlDiagnosticData, ValidationPolicy)[519]" classname="eu.europa.esig.dss.validation.executor.ExecuteDifferentPoliciesTest" time="0.002"/>
  <testcase name="noError(XmlDiagnosticData, ValidationPolicy)[520]" classname="eu.europa.esig.dss.validation.executor.ExecuteDifferentPoliciesTest" time="0.007"/>
  <testcase name="noError(XmlDiagnosticData, ValidationPolicy)[521]" classname="eu.europa.esig.dss.validation.executor.ExecuteDifferentPoliciesTest" time="0.003"/>
  <testcase name="noError(XmlDiagnosticData, ValidationPolicy)[522]" classname="eu.europa.esig.dss.validation.executor.ExecuteDifferentPoliciesTest" time="0.002"/>
  <testcase name="noError(XmlDiagnosticData, ValidationPolicy)[523]" classname="eu.europa.esig.dss.validation.executor.ExecuteDifferentPoliciesTest" time="0.002"/>
  <testcase name="noError(XmlDiagnosticData, ValidationPolicy)[524]" classname="eu.europa.esig.dss.validation.executor.ExecuteDifferentPoliciesTest" time="0.003"/>
  <testcase name="noError(XmlDiagnosticData, ValidationPolicy)[525]" classname="eu.europa.esig.dss.validation.executor.ExecuteDifferentPoliciesTest" time="0.004"/>
  <testcase name="noError(XmlDiagnosticData, ValidationPolicy)[526]" classname="eu.europa.esig.dss.validation.executor.ExecuteDifferentPoliciesTest" time="0.003"/>
  <testcase name="noError(XmlDiagnosticData, ValidationPolicy)[527]" classname="eu.europa.esig.dss.validation.executor.ExecuteDifferentPoliciesTest" time="0.003"/>
  <testcase name="noError(XmlDiagnosticData, ValidationPolicy)[528]" classname="eu.europa.esig.dss.validation.executor.ExecuteDifferentPoliciesTest" time="0.001"/>
  <testcase name="noError(XmlDiagnosticData, ValidationPolicy)[529]" classname="eu.europa.esig.dss.validation.executor.ExecuteDifferentPoliciesTest" time="0.003"/>
  <testcase name="noError(XmlDiagnosticData, ValidationPolicy)[530]" classname="eu.europa.esig.dss.validation.executor.ExecuteDifferentPoliciesTest" time="0.003"/>
  <testcase name="noError(XmlDiagnosticData, ValidationPolicy)[531]" classname="eu.europa.esig.dss.validation.executor.ExecuteDifferentPoliciesTest" time="0.002"/>
  <testcase name="noError(XmlDiagnosticData, ValidationPolicy)[532]" classname="eu.europa.esig.dss.validation.executor.ExecuteDifferentPoliciesTest" time="0.002"/>
  <testcase name="noError(XmlDiagnosticData, ValidationPolicy)[533]" classname="eu.europa.esig.dss.validation.executor.ExecuteDifferentPoliciesTest" time="0.002"/>
  <testcase name="noError(XmlDiagnosticData, ValidationPolicy)[534]" classname="eu.europa.esig.dss.validation.executor.ExecuteDifferentPoliciesTest" time="0.001"/>
  <testcase name="noError(XmlDiagnosticData, ValidationPolicy)[535]" classname="eu.europa.esig.dss.validation.executor.ExecuteDifferentPoliciesTest" time="0.001"/>
  <testcase name="noError(XmlDiagnosticData, ValidationPolicy)[536]" classname="eu.europa.esig.dss.validation.executor.ExecuteDifferentPoliciesTest" time="0.002"/>
  <testcase name="noError(XmlDiagnosticData, ValidationPolicy)[537]" classname="eu.europa.esig.dss.validation.executor.ExecuteDifferentPoliciesTest" time="0.002"/>
  <testcase name="noError(XmlDiagnosticData, ValidationPolicy)[538]" classname="eu.europa.esig.dss.validation.executor.ExecuteDifferentPoliciesTest" time="0.002"/>
  <testcase name="noError(XmlDiagnosticData, ValidationPolicy)[539]" classname="eu.europa.esig.dss.validation.executor.ExecuteDifferentPoliciesTest" time="0.001"/>
  <testcase name="noError(XmlDiagnosticData, ValidationPolicy)[540]" classname="eu.europa.esig.dss.validation.executor.ExecuteDifferentPoliciesTest" time="0.001"/>
  <testcase name="noError(XmlDiagnosticData, ValidationPolicy)[541]" classname="eu.europa.esig.dss.validation.executor.ExecuteDifferentPoliciesTest" time="0.002"/>
  <testcase name="noError(XmlDiagnosticData, ValidationPolicy)[542]" classname="eu.europa.esig.dss.validation.executor.ExecuteDifferentPoliciesTest" time="0.002"/>
  <testcase name="noError(XmlDiagnosticData, ValidationPolicy)[543]" classname="eu.europa.esig.dss.validation.executor.ExecuteDifferentPoliciesTest" time="0.003"/>
  <testcase name="noError(XmlDiagnosticData, ValidationPolicy)[544]" classname="eu.europa.esig.dss.validation.executor.ExecuteDifferentPoliciesTest" time="0.003"/>
  <testcase name="noError(XmlDiagnosticData, ValidationPolicy)[545]" classname="eu.europa.esig.dss.validation.executor.ExecuteDifferentPoliciesTest" time="0.003"/>
  <testcase name="noError(XmlDiagnosticData, ValidationPolicy)[546]" classname="eu.europa.esig.dss.validation.executor.ExecuteDifferentPoliciesTest" time="0.003"/>
  <testcase name="noError(XmlDiagnosticData, ValidationPolicy)[547]" classname="eu.europa.esig.dss.validation.executor.ExecuteDifferentPoliciesTest" time="0.002"/>
  <testcase name="noError(XmlDiagnosticData, ValidationPolicy)[548]" classname="eu.europa.esig.dss.validation.executor.ExecuteDifferentPoliciesTest" time="0.003"/>
  <testcase name="noError(XmlDiagnosticData, ValidationPolicy)[549]" classname="eu.europa.esig.dss.validation.executor.ExecuteDifferentPoliciesTest" time="0.004"/>
  <testcase name="noError(XmlDiagnosticData, ValidationPolicy)[550]" classname="eu.europa.esig.dss.validation.executor.ExecuteDifferentPoliciesTest" time="0.003"/>
  <testcase name="noError(XmlDiagnosticData, ValidationPolicy)[551]" classname="eu.europa.esig.dss.validation.executor.ExecuteDifferentPoliciesTest" time="0.003"/>
  <testcase name="noError(XmlDiagnosticData, ValidationPolicy)[552]" classname="eu.europa.esig.dss.validation.executor.ExecuteDifferentPoliciesTest" time="0.004"/>
  <testcase name="noError(XmlDiagnosticData, ValidationPolicy)[553]" classname="eu.europa.esig.dss.validation.executor.ExecuteDifferentPoliciesTest" time="0.003"/>
  <testcase name="noError(XmlDiagnosticData, ValidationPolicy)[554]" classname="eu.europa.esig.dss.validation.executor.ExecuteDifferentPoliciesTest" time="0.001"/>
  <testcase name="noError(XmlDiagnosticData, ValidationPolicy)[555]" classname="eu.europa.esig.dss.validation.executor.ExecuteDifferentPoliciesTest" time="0.002"/>
  <testcase name="noError(XmlDiagnosticData, ValidationPolicy)[556]" classname="eu.europa.esig.dss.validation.executor.ExecuteDifferentPoliciesTest" time="0.002"/>
  <testcase name="noError(XmlDiagnosticData, ValidationPolicy)[557]" classname="eu.europa.esig.dss.validation.executor.ExecuteDifferentPoliciesTest" time="0.002"/>
  <testcase name="noError(XmlDiagnosticData, ValidationPolicy)[558]" classname="eu.europa.esig.dss.validation.executor.ExecuteDifferentPoliciesTest" time="0.003"/>
  <testcase name="noError(XmlDiagnosticData, ValidationPolicy)[559]" classname="eu.europa.esig.dss.validation.executor.ExecuteDifferentPoliciesTest" time="0.002"/>
  <testcase name="noError(XmlDiagnosticData, ValidationPolicy)[560]" classname="eu.europa.esig.dss.validation.executor.ExecuteDifferentPoliciesTest" time="0.001"/>
  <testcase name="noError(XmlDiagnosticData, ValidationPolicy)[561]" classname="eu.europa.esig.dss.validation.executor.ExecuteDifferentPoliciesTest" time="0.002"/>
  <testcase name="noError(XmlDiagnosticData, ValidationPolicy)[562]" classname="eu.europa.esig.dss.validation.executor.ExecuteDifferentPoliciesTest" time="0.002"/>
  <testcase name="noError(XmlDiagnosticData, ValidationPolicy)[563]" classname="eu.europa.esig.dss.validation.executor.ExecuteDifferentPoliciesTest" time="0.002"/>
  <testcase name="noError(XmlDiagnosticData, ValidationPolicy)[564]" classname="eu.europa.esig.dss.validation.executor.ExecuteDifferentPoliciesTest" time="0.001"/>
  <testcase name="noError(XmlDiagnosticData, ValidationPolicy)[565]" classname="eu.europa.esig.dss.validation.executor.ExecuteDifferentPoliciesTest" time="0.003">
    <system-out><![CDATA[11:40:21.477 [main] DEBUG eu.europa.esig.dss.validation.process.bbb.xcv.sub.checks.CertificateNameConstraintsCheck - Unable to build an RDN for string 'test@software.com'! Not a DN.
]]></system-out>
  </testcase>
  <testcase name="noError(XmlDiagnosticData, ValidationPolicy)[566]" classname="eu.europa.esig.dss.validation.executor.ExecuteDifferentPoliciesTest" time="0.002"/>
  <testcase name="noError(XmlDiagnosticData, ValidationPolicy)[567]" classname="eu.europa.esig.dss.validation.executor.ExecuteDifferentPoliciesTest" time="0.002"/>
  <testcase name="noError(XmlDiagnosticData, ValidationPolicy)[568]" classname="eu.europa.esig.dss.validation.executor.ExecuteDifferentPoliciesTest" time="0.001">
    <system-out><![CDATA[11:40:21.488 [main] DEBUG eu.europa.esig.dss.validation.process.bbb.xcv.sub.checks.CertificateNameConstraintsCheck - Unable to build an RDN for string 'test@software.com'! Not a DN.
]]></system-out>
  </testcase>
  <testcase name="noError(XmlDiagnosticData, ValidationPolicy)[569]" classname="eu.europa.esig.dss.validation.executor.ExecuteDifferentPoliciesTest" time="0.002">
    <system-out><![CDATA[11:40:21.490 [main] DEBUG eu.europa.esig.dss.validation.process.bbb.xcv.sub.checks.CertificateNameConstraintsCheck - Unable to build an RDN for string 'test@software.com'! Not a DN.
]]></system-out>
  </testcase>
  <testcase name="noError(XmlDiagnosticData, ValidationPolicy)[570]" classname="eu.europa.esig.dss.validation.executor.ExecuteDifferentPoliciesTest" time="0.003"/>
  <testcase name="noError(XmlDiagnosticData, ValidationPolicy)[571]" classname="eu.europa.esig.dss.validation.executor.ExecuteDifferentPoliciesTest" time="0.002"/>
  <testcase name="noError(XmlDiagnosticData, ValidationPolicy)[572]" classname="eu.europa.esig.dss.validation.executor.ExecuteDifferentPoliciesTest" time="0.003">
    <system-out><![CDATA[11:40:21.499 [main] DEBUG eu.europa.esig.dss.validation.process.bbb.xcv.sub.checks.CertificateNameConstraintsCheck - Unable to build an RDN for string 'test@software.com'! Not a DN.
]]></system-out>
  </testcase>
  <testcase name="noError(XmlDiagnosticData, ValidationPolicy)[573]" classname="eu.europa.esig.dss.validation.executor.ExecuteDifferentPoliciesTest" time="0.003">
    <system-out><![CDATA[11:40:21.503 [main] DEBUG eu.europa.esig.dss.validation.process.bbb.xcv.sub.checks.CertificateNameConstraintsCheck - Unable to build an RDN for string 'test@software.com'! Not a DN.
]]></system-out>
  </testcase>
  <testcase name="noError(XmlDiagnosticData, ValidationPolicy)[574]" classname="eu.europa.esig.dss.validation.executor.ExecuteDifferentPoliciesTest" time="0.003">
    <system-out><![CDATA[11:40:21.506 [main] DEBUG eu.europa.esig.dss.validation.process.bbb.xcv.sub.checks.CertificateNameConstraintsCheck - Unable to build an RDN for string 'test@software.com'! Not a DN.
]]></system-out>
  </testcase>
  <testcase name="noError(XmlDiagnosticData, ValidationPolicy)[575]" classname="eu.europa.esig.dss.validation.executor.ExecuteDifferentPoliciesTest" time="0.002">
    <system-out><![CDATA[11:40:21.508 [main] DEBUG eu.europa.esig.dss.validation.process.bbb.xcv.sub.checks.CertificateNameConstraintsCheck - Unable to build an RDN for string 'test@software.com'! Not a DN.
]]></system-out>
  </testcase>
  <testcase name="noError(XmlDiagnosticData, ValidationPolicy)[576]" classname="eu.europa.esig.dss.validation.executor.ExecuteDifferentPoliciesTest" time="0.004"/>
  <testcase name="noError(XmlDiagnosticData, ValidationPolicy)[577]" classname="eu.europa.esig.dss.validation.executor.ExecuteDifferentPoliciesTest" time="0.005"/>
  <testcase name="noError(XmlDiagnosticData, ValidationPolicy)[578]" classname="eu.europa.esig.dss.validation.executor.ExecuteDifferentPoliciesTest" time="0.004"/>
  <testcase name="noError(XmlDiagnosticData, ValidationPolicy)[579]" classname="eu.europa.esig.dss.validation.executor.ExecuteDifferentPoliciesTest" time="0.007"/>
  <testcase name="noError(XmlDiagnosticData, ValidationPolicy)[580]" classname="eu.europa.esig.dss.validation.executor.ExecuteDifferentPoliciesTest" time="0.006"/>
  <testcase name="noError(XmlDiagnosticData, ValidationPolicy)[581]" classname="eu.europa.esig.dss.validation.executor.ExecuteDifferentPoliciesTest" time="0.005"/>
  <testcase name="noError(XmlDiagnosticData, ValidationPolicy)[582]" classname="eu.europa.esig.dss.validation.executor.ExecuteDifferentPoliciesTest" time="0.01"/>
  <testcase name="noError(XmlDiagnosticData, ValidationPolicy)[583]" classname="eu.europa.esig.dss.validation.executor.ExecuteDifferentPoliciesTest" time="0.002"/>
  <testcase name="noError(XmlDiagnosticData, ValidationPolicy)[584]" classname="eu.europa.esig.dss.validation.executor.ExecuteDifferentPoliciesTest" time="0.002"/>
  <testcase name="noError(XmlDiagnosticData, ValidationPolicy)[585]" classname="eu.europa.esig.dss.validation.executor.ExecuteDifferentPoliciesTest" time="0.006"/>
  <testcase name="noError(XmlDiagnosticData, ValidationPolicy)[586]" classname="eu.europa.esig.dss.validation.executor.ExecuteDifferentPoliciesTest" time="0.002"/>
  <testcase name="noError(XmlDiagnosticData, ValidationPolicy)[587]" classname="eu.europa.esig.dss.validation.executor.ExecuteDifferentPoliciesTest" time="0.003"/>
  <testcase name="noError(XmlDiagnosticData, ValidationPolicy)[588]" classname="eu.europa.esig.dss.validation.executor.ExecuteDifferentPoliciesTest" time="0.003"/>
  <testcase name="noError(XmlDiagnosticData, ValidationPolicy)[589]" classname="eu.europa.esig.dss.validation.executor.ExecuteDifferentPoliciesTest" time="0.009">
    <system-out><![CDATA[11:40:21.587 [main] DEBUG eu.europa.esig.dss.validation.process.bbb.xcv.sub.checks.CertificateNameConstraintsCheck - Unable to build an RDN for string 'ferdi.jagielka@closeboundaries.com'! Not a DN.
]]></system-out>
  </testcase>
  <testcase name="noError(XmlDiagnosticData, ValidationPolicy)[590]" classname="eu.europa.esig.dss.validation.executor.ExecuteDifferentPoliciesTest" time="0.004"/>
  <testcase name="noError(XmlDiagnosticData, ValidationPolicy)[591]" classname="eu.europa.esig.dss.validation.executor.ExecuteDifferentPoliciesTest" time="0.006"/>
  <testcase name="noError(XmlDiagnosticData, ValidationPolicy)[592]" classname="eu.europa.esig.dss.validation.executor.ExecuteDifferentPoliciesTest" time="0.005">
    <system-out><![CDATA[11:40:21.607 [main] DEBUG eu.europa.esig.dss.validation.process.bbb.xcv.sub.checks.CertificateNameConstraintsCheck - Unable to build an RDN for string 'ferdi.jagielka@closeboundaries.com'! Not a DN.
]]></system-out>
  </testcase>
  <testcase name="noError(XmlDiagnosticData, ValidationPolicy)[593]" classname="eu.europa.esig.dss.validation.executor.ExecuteDifferentPoliciesTest" time="0.01">
    <system-out><![CDATA[11:40:21.617 [main] DEBUG eu.europa.esig.dss.validation.process.bbb.xcv.sub.checks.CertificateNameConstraintsCheck - Unable to build an RDN for string 'ferdi.jagielka@closeboundaries.com'! Not a DN.
]]></system-out>
  </testcase>
  <testcase name="noError(XmlDiagnosticData, ValidationPolicy)[594]" classname="eu.europa.esig.dss.validation.executor.ExecuteDifferentPoliciesTest" time="0.012"/>
  <testcase name="noError(XmlDiagnosticData, ValidationPolicy)[595]" classname="eu.europa.esig.dss.validation.executor.ExecuteDifferentPoliciesTest" time="0.004"/>
  <testcase name="noError(XmlDiagnosticData, ValidationPolicy)[596]" classname="eu.europa.esig.dss.validation.executor.ExecuteDifferentPoliciesTest" time="0.008">
    <system-out><![CDATA[11:40:21.640 [main] DEBUG eu.europa.esig.dss.validation.process.bbb.xcv.sub.checks.CertificateNameConstraintsCheck - Unable to build an RDN for string 'ferdi.jagielka@closeboundaries.com'! Not a DN.
]]></system-out>
  </testcase>
  <testcase name="noError(XmlDiagnosticData, ValidationPolicy)[597]" classname="eu.europa.esig.dss.validation.executor.ExecuteDifferentPoliciesTest" time="0.019">
    <system-out><![CDATA[11:40:21.659 [main] DEBUG eu.europa.esig.dss.validation.process.bbb.xcv.sub.checks.CertificateNameConstraintsCheck - Unable to build an RDN for string 'ferdi.jagielka@closeboundaries.com'! Not a DN.
]]></system-out>
  </testcase>
  <testcase name="noError(XmlDiagnosticData, ValidationPolicy)[598]" classname="eu.europa.esig.dss.validation.executor.ExecuteDifferentPoliciesTest" time="0.012">
    <system-out><![CDATA[11:40:21.675 [main] DEBUG eu.europa.esig.dss.validation.process.bbb.xcv.sub.checks.CertificateNameConstraintsCheck - Unable to build an RDN for string 'ferdi.jagielka@closeboundaries.com'! Not a DN.
]]></system-out>
  </testcase>
  <testcase name="noError(XmlDiagnosticData, ValidationPolicy)[599]" classname="eu.europa.esig.dss.validation.executor.ExecuteDifferentPoliciesTest" time="0.01">
    <system-out><![CDATA[11:40:21.688 [main] DEBUG eu.europa.esig.dss.validation.process.bbb.xcv.sub.checks.CertificateNameConstraintsCheck - Unable to build an RDN for string 'ferdi.jagielka@closeboundaries.com'! Not a DN.
]]></system-out>
  </testcase>
  <testcase name="noError(XmlDiagnosticData, ValidationPolicy)[600]" classname="eu.europa.esig.dss.validation.executor.ExecuteDifferentPoliciesTest" time="0.006"/>
  <testcase name="noError(XmlDiagnosticData, ValidationPolicy)[601]" classname="eu.europa.esig.dss.validation.executor.ExecuteDifferentPoliciesTest" time="0.007">
    <system-out><![CDATA[11:40:21.707 [main] DEBUG eu.europa.esig.dss.validation.process.bbb.xcv.sub.checks.CertificateNameConstraintsCheck - Unable to build an RDN for string 'ferdi.jagielka@closeboundaries.com'! Not a DN.
]]></system-out>
  </testcase>
  <testcase name="noError(XmlDiagnosticData, ValidationPolicy)[602]" classname="eu.europa.esig.dss.validation.executor.ExecuteDifferentPoliciesTest" time="0.005"/>
  <testcase name="noError(XmlDiagnosticData, ValidationPolicy)[603]" classname="eu.europa.esig.dss.validation.executor.ExecuteDifferentPoliciesTest" time="0.003"/>
  <testcase name="noError(XmlDiagnosticData, ValidationPolicy)[604]" classname="eu.europa.esig.dss.validation.executor.ExecuteDifferentPoliciesTest" time="0.008">
    <system-out><![CDATA[11:40:21.730 [main] DEBUG eu.europa.esig.dss.validation.process.bbb.xcv.sub.checks.CertificateNameConstraintsCheck - Unable to build an RDN for string 'ferdi.jagielka@closeboundaries.com'! Not a DN.
]]></system-out>
  </testcase>
  <testcase name="noError(XmlDiagnosticData, ValidationPolicy)[605]" classname="eu.europa.esig.dss.validation.executor.ExecuteDifferentPoliciesTest" time="0.008">
    <system-out><![CDATA[11:40:21.740 [main] DEBUG eu.europa.esig.dss.validation.process.bbb.xcv.sub.checks.CertificateNameConstraintsCheck - Unable to build an RDN for string 'ferdi.jagielka@closeboundaries.com'! Not a DN.
]]></system-out>
  </testcase>
  <testcase name="noError(XmlDiagnosticData, ValidationPolicy)[606]" classname="eu.europa.esig.dss.validation.executor.ExecuteDifferentPoliciesTest" time="0.008"/>
  <testcase name="noError(XmlDiagnosticData, ValidationPolicy)[607]" classname="eu.europa.esig.dss.validation.executor.ExecuteDifferentPoliciesTest" time="0.005"/>
  <testcase name="noError(XmlDiagnosticData, ValidationPolicy)[608]" classname="eu.europa.esig.dss.validation.executor.ExecuteDifferentPoliciesTest" time="0.006">
    <system-out><![CDATA[11:40:21.760 [main] DEBUG eu.europa.esig.dss.validation.process.bbb.xcv.sub.checks.CertificateNameConstraintsCheck - Unable to build an RDN for string 'ferdi.jagielka@closeboundaries.com'! Not a DN.
]]></system-out>
  </testcase>
  <testcase name="noError(XmlDiagnosticData, ValidationPolicy)[609]" classname="eu.europa.esig.dss.validation.executor.ExecuteDifferentPoliciesTest" time="0.01">
    <system-out><![CDATA[11:40:21.772 [main] DEBUG eu.europa.esig.dss.validation.process.bbb.xcv.sub.checks.CertificateNameConstraintsCheck - Unable to build an RDN for string 'ferdi.jagielka@closeboundaries.com'! Not a DN.
]]></system-out>
  </testcase>
  <testcase name="noError(XmlDiagnosticData, ValidationPolicy)[610]" classname="eu.europa.esig.dss.validation.executor.ExecuteDifferentPoliciesTest" time="0.015">
    <system-out><![CDATA[11:40:21.784 [main] DEBUG eu.europa.esig.dss.validation.process.bbb.xcv.sub.checks.CertificateNameConstraintsCheck - Unable to build an RDN for string 'ferdi.jagielka@closeboundaries.com'! Not a DN.
]]></system-out>
  </testcase>
  <testcase name="noError(XmlDiagnosticData, ValidationPolicy)[611]" classname="eu.europa.esig.dss.validation.executor.ExecuteDifferentPoliciesTest" time="0.015">
    <system-out><![CDATA[11:40:21.803 [main] DEBUG eu.europa.esig.dss.validation.process.bbb.xcv.sub.checks.CertificateNameConstraintsCheck - Unable to build an RDN for string 'ferdi.jagielka@closeboundaries.com'! Not a DN.
]]></system-out>
  </testcase>
  <testcase name="noError(XmlDiagnosticData, ValidationPolicy)[612]" classname="eu.europa.esig.dss.validation.executor.ExecuteDifferentPoliciesTest" time="0.003"/>
  <testcase name="noError(XmlDiagnosticData, ValidationPolicy)[613]" classname="eu.europa.esig.dss.validation.executor.ExecuteDifferentPoliciesTest" time="0.009"/>
  <testcase name="noError(XmlDiagnosticData, ValidationPolicy)[614]" classname="eu.europa.esig.dss.validation.executor.ExecuteDifferentPoliciesTest" time="0.003"/>
  <testcase name="noError(XmlDiagnosticData, ValidationPolicy)[615]" classname="eu.europa.esig.dss.validation.executor.ExecuteDifferentPoliciesTest" time="0.008"/>
  <testcase name="noError(XmlDiagnosticData, ValidationPolicy)[616]" classname="eu.europa.esig.dss.validation.executor.ExecuteDifferentPoliciesTest" time="0.004"/>
  <testcase name="noError(XmlDiagnosticData, ValidationPolicy)[617]" classname="eu.europa.esig.dss.validation.executor.ExecuteDifferentPoliciesTest" time="0.005"/>
  <testcase name="noError(XmlDiagnosticData, ValidationPolicy)[618]" classname="eu.europa.esig.dss.validation.executor.ExecuteDifferentPoliciesTest" time="0.005"/>
  <testcase name="noError(XmlDiagnosticData, ValidationPolicy)[619]" classname="eu.europa.esig.dss.validation.executor.ExecuteDifferentPoliciesTest" time="0.001"/>
  <testcase name="noError(XmlDiagnosticData, ValidationPolicy)[620]" classname="eu.europa.esig.dss.validation.executor.ExecuteDifferentPoliciesTest" time="0.006"/>
  <testcase name="noError(XmlDiagnosticData, ValidationPolicy)[621]" classname="eu.europa.esig.dss.validation.executor.ExecuteDifferentPoliciesTest" time="0.003"/>
  <testcase name="noError(XmlDiagnosticData, ValidationPolicy)[622]" classname="eu.europa.esig.dss.validation.executor.ExecuteDifferentPoliciesTest" time="0.003"/>
  <testcase name="noError(XmlDiagnosticData, ValidationPolicy)[623]" classname="eu.europa.esig.dss.validation.executor.ExecuteDifferentPoliciesTest" time="0.002"/>
  <testcase name="noError(XmlDiagnosticData, ValidationPolicy)[624]" classname="eu.europa.esig.dss.validation.executor.ExecuteDifferentPoliciesTest" time="0.004"/>
  <testcase name="noError(XmlDiagnosticData, ValidationPolicy)[625]" classname="eu.europa.esig.dss.validation.executor.ExecuteDifferentPoliciesTest" time="0.004"/>
  <testcase name="noError(XmlDiagnosticData, ValidationPolicy)[626]" classname="eu.europa.esig.dss.validation.executor.ExecuteDifferentPoliciesTest" time="0.001"/>
  <testcase name="noError(XmlDiagnosticData, ValidationPolicy)[627]" classname="eu.europa.esig.dss.validation.executor.ExecuteDifferentPoliciesTest" time="0.002"/>
  <testcase name="noError(XmlDiagnosticData, ValidationPolicy)[628]" classname="eu.europa.esig.dss.validation.executor.ExecuteDifferentPoliciesTest" time="0.005"/>
  <testcase name="noError(XmlDiagnosticData, ValidationPolicy)[629]" classname="eu.europa.esig.dss.validation.executor.ExecuteDifferentPoliciesTest" time="0.004"/>
  <testcase name="noError(XmlDiagnosticData, ValidationPolicy)[630]" classname="eu.europa.esig.dss.validation.executor.ExecuteDifferentPoliciesTest" time="0.004"/>
  <testcase name="noError(XmlDiagnosticData, ValidationPolicy)[631]" classname="eu.europa.esig.dss.validation.executor.ExecuteDifferentPoliciesTest" time="0.002"/>
  <testcase name="noError(XmlDiagnosticData, ValidationPolicy)[632]" classname="eu.europa.esig.dss.validation.executor.ExecuteDifferentPoliciesTest" time="0.001"/>
  <testcase name="noError(XmlDiagnosticData, ValidationPolicy)[633]" classname="eu.europa.esig.dss.validation.executor.ExecuteDifferentPoliciesTest" time="0.006"/>
  <testcase name="noError(XmlDiagnosticData, ValidationPolicy)[634]" classname="eu.europa.esig.dss.validation.executor.ExecuteDifferentPoliciesTest" time="0.003"/>
  <testcase name="noError(XmlDiagnosticData, ValidationPolicy)[635]" classname="eu.europa.esig.dss.validation.executor.ExecuteDifferentPoliciesTest" time="0.002"/>
  <testcase name="noError(XmlDiagnosticData, ValidationPolicy)[636]" classname="eu.europa.esig.dss.validation.executor.ExecuteDifferentPoliciesTest" time="0.001"/>
  <testcase name="noError(XmlDiagnosticData, ValidationPolicy)[637]" classname="eu.europa.esig.dss.validation.executor.ExecuteDifferentPoliciesTest" time="0.005">
    <system-out><![CDATA[11:40:21.926 [main] DEBUG eu.europa.esig.dss.validation.process.bbb.xcv.sub.checks.CertificateNameConstraintsCheck - Unable to build an RDN for string 'David.SILVA@ext.ec.europa.eu'! Not a DN.
]]></system-out>
  </testcase>
  <testcase name="noError(XmlDiagnosticData, ValidationPolicy)[638]" classname="eu.europa.esig.dss.validation.executor.ExecuteDifferentPoliciesTest" time="0.004"/>
  <testcase name="noError(XmlDiagnosticData, ValidationPolicy)[639]" classname="eu.europa.esig.dss.validation.executor.ExecuteDifferentPoliciesTest" time="0.002"/>
  <testcase name="noError(XmlDiagnosticData, ValidationPolicy)[640]" classname="eu.europa.esig.dss.validation.executor.ExecuteDifferentPoliciesTest" time="0.003">
    <system-out><![CDATA[11:40:21.940 [main] DEBUG eu.europa.esig.dss.validation.process.bbb.xcv.sub.checks.CertificateNameConstraintsCheck - Unable to build an RDN for string 'David.SILVA@ext.ec.europa.eu'! Not a DN.
]]></system-out>
  </testcase>
  <testcase name="noError(XmlDiagnosticData, ValidationPolicy)[641]" classname="eu.europa.esig.dss.validation.executor.ExecuteDifferentPoliciesTest" time="0.008">
    <system-out><![CDATA[11:40:21.948 [main] DEBUG eu.europa.esig.dss.validation.process.bbb.xcv.sub.checks.CertificateNameConstraintsCheck - Unable to build an RDN for string 'David.SILVA@ext.ec.europa.eu'! Not a DN.
]]></system-out>
  </testcase>
  <testcase name="noError(XmlDiagnosticData, ValidationPolicy)[642]" classname="eu.europa.esig.dss.validation.executor.ExecuteDifferentPoliciesTest" time="0.004"/>
  <testcase name="noError(XmlDiagnosticData, ValidationPolicy)[643]" classname="eu.europa.esig.dss.validation.executor.ExecuteDifferentPoliciesTest" time="0.001"/>
  <testcase name="noError(XmlDiagnosticData, ValidationPolicy)[644]" classname="eu.europa.esig.dss.validation.executor.ExecuteDifferentPoliciesTest" time="0.006">
    <system-out><![CDATA[11:40:21.963 [main] DEBUG eu.europa.esig.dss.validation.process.bbb.xcv.sub.checks.CertificateNameConstraintsCheck - Unable to build an RDN for string 'David.SILVA@ext.ec.europa.eu'! Not a DN.
]]></system-out>
  </testcase>
  <testcase name="noError(XmlDiagnosticData, ValidationPolicy)[645]" classname="eu.europa.esig.dss.validation.executor.ExecuteDifferentPoliciesTest" time="0.007">
    <system-out><![CDATA[11:40:21.970 [main] DEBUG eu.europa.esig.dss.validation.process.bbb.xcv.sub.checks.CertificateNameConstraintsCheck - Unable to build an RDN for string 'David.SILVA@ext.ec.europa.eu'! Not a DN.
]]></system-out>
  </testcase>
  <testcase name="noError(XmlDiagnosticData, ValidationPolicy)[646]" classname="eu.europa.esig.dss.validation.executor.ExecuteDifferentPoliciesTest" time="0.007">
    <system-out><![CDATA[11:40:21.975 [main] DEBUG eu.europa.esig.dss.validation.process.bbb.xcv.sub.checks.CertificateNameConstraintsCheck - Unable to build an RDN for string 'David.SILVA@ext.ec.europa.eu'! Not a DN.
]]></system-out>
  </testcase>
  <testcase name="noError(XmlDiagnosticData, ValidationPolicy)[647]" classname="eu.europa.esig.dss.validation.executor.ExecuteDifferentPoliciesTest" time="0.014">
    <system-out><![CDATA[11:40:21.989 [main] DEBUG eu.europa.esig.dss.validation.process.bbb.xcv.sub.checks.CertificateNameConstraintsCheck - Unable to build an RDN for string 'David.SILVA@ext.ec.europa.eu'! Not a DN.
]]></system-out>
  </testcase>
  <testcase name="noError(XmlDiagnosticData, ValidationPolicy)[648]" classname="eu.europa.esig.dss.validation.executor.ExecuteDifferentPoliciesTest" time="0.008"/>
  <testcase name="noError(XmlDiagnosticData, ValidationPolicy)[649]" classname="eu.europa.esig.dss.validation.executor.ExecuteDifferentPoliciesTest" time="0.005"/>
  <testcase name="noError(XmlDiagnosticData, ValidationPolicy)[650]" classname="eu.europa.esig.dss.validation.executor.ExecuteDifferentPoliciesTest" time="0.003"/>
  <testcase name="noError(XmlDiagnosticData, ValidationPolicy)[651]" classname="eu.europa.esig.dss.validation.executor.ExecuteDifferentPoliciesTest" time="0.002"/>
  <testcase name="noError(XmlDiagnosticData, ValidationPolicy)[652]" classname="eu.europa.esig.dss.validation.executor.ExecuteDifferentPoliciesTest" time="0.001"/>
  <testcase name="noError(XmlDiagnosticData, ValidationPolicy)[653]" classname="eu.europa.esig.dss.validation.executor.ExecuteDifferentPoliciesTest" time="0.005"/>
  <testcase name="noError(XmlDiagnosticData, ValidationPolicy)[654]" classname="eu.europa.esig.dss.validation.executor.ExecuteDifferentPoliciesTest" time="0.004"/>
  <testcase name="noError(XmlDiagnosticData, ValidationPolicy)[655]" classname="eu.europa.esig.dss.validation.executor.ExecuteDifferentPoliciesTest" time="0.001"/>
  <testcase name="noError(XmlDiagnosticData, ValidationPolicy)[656]" classname="eu.europa.esig.dss.validation.executor.ExecuteDifferentPoliciesTest" time="0.001"/>
  <testcase name="noError(XmlDiagnosticData, ValidationPolicy)[657]" classname="eu.europa.esig.dss.validation.executor.ExecuteDifferentPoliciesTest" time="0.001"/>
  <testcase name="noError(XmlDiagnosticData, ValidationPolicy)[658]" classname="eu.europa.esig.dss.validation.executor.ExecuteDifferentPoliciesTest" time="0.002"/>
  <testcase name="noError(XmlDiagnosticData, ValidationPolicy)[659]" classname="eu.europa.esig.dss.validation.executor.ExecuteDifferentPoliciesTest" time="0.001"/>
  <testcase name="noError(XmlDiagnosticData, ValidationPolicy)[660]" classname="eu.europa.esig.dss.validation.executor.ExecuteDifferentPoliciesTest" time="0.001"/>
  <testcase name="noError(XmlDiagnosticData, ValidationPolicy)[661]" classname="eu.europa.esig.dss.validation.executor.ExecuteDifferentPoliciesTest" time="0.014">
    <system-out><![CDATA[11:40:22.057 [main] DEBUG eu.europa.esig.dss.validation.process.bbb.xcv.sub.checks.CertificateNameConstraintsCheck - Unable to build an RDN for string 'OP-JO-AUTHENTIQUE@publications.europa.eu'! Not a DN.
]]></system-out>
  </testcase>
  <testcase name="noError(XmlDiagnosticData, ValidationPolicy)[662]" classname="eu.europa.esig.dss.validation.executor.ExecuteDifferentPoliciesTest" time="0.002"/>
  <testcase name="noError(XmlDiagnosticData, ValidationPolicy)[663]" classname="eu.europa.esig.dss.validation.executor.ExecuteDifferentPoliciesTest" time="0.004"/>
  <testcase name="noError(XmlDiagnosticData, ValidationPolicy)[664]" classname="eu.europa.esig.dss.validation.executor.ExecuteDifferentPoliciesTest" time="0.007">
    <system-out><![CDATA[11:40:22.083 [main] DEBUG eu.europa.esig.dss.validation.process.bbb.xcv.sub.checks.CertificateNameConstraintsCheck - Unable to build an RDN for string 'OP-JO-AUTHENTIQUE@publications.europa.eu'! Not a DN.
]]></system-out>
  </testcase>
  <testcase name="noError(XmlDiagnosticData, ValidationPolicy)[665]" classname="eu.europa.esig.dss.validation.executor.ExecuteDifferentPoliciesTest" time="0.011">
    <system-out><![CDATA[11:40:22.092 [main] DEBUG eu.europa.esig.dss.validation.process.bbb.xcv.sub.checks.CertificateNameConstraintsCheck - Unable to build an RDN for string 'OP-JO-AUTHENTIQUE@publications.europa.eu'! Not a DN.
]]></system-out>
  </testcase>
  <testcase name="noError(XmlDiagnosticData, ValidationPolicy)[666]" classname="eu.europa.esig.dss.validation.executor.ExecuteDifferentPoliciesTest" time="0.007"/>
  <testcase name="noError(XmlDiagnosticData, ValidationPolicy)[667]" classname="eu.europa.esig.dss.validation.executor.ExecuteDifferentPoliciesTest" time="0.006"/>
  <testcase name="noError(XmlDiagnosticData, ValidationPolicy)[668]" classname="eu.europa.esig.dss.validation.executor.ExecuteDifferentPoliciesTest" time="0.005">
    <system-out><![CDATA[11:40:22.118 [main] DEBUG eu.europa.esig.dss.validation.process.bbb.xcv.sub.checks.CertificateNameConstraintsCheck - Unable to build an RDN for string 'OP-JO-AUTHENTIQUE@publications.europa.eu'! Not a DN.
]]></system-out>
  </testcase>
  <testcase name="noError(XmlDiagnosticData, ValidationPolicy)[669]" classname="eu.europa.esig.dss.validation.executor.ExecuteDifferentPoliciesTest" time="0.004">
    <system-out><![CDATA[11:40:22.124 [main] DEBUG eu.europa.esig.dss.validation.process.bbb.xcv.sub.checks.CertificateNameConstraintsCheck - Unable to build an RDN for string 'OP-JO-AUTHENTIQUE@publications.europa.eu'! Not a DN.
]]></system-out>
  </testcase>
  <testcase name="noError(XmlDiagnosticData, ValidationPolicy)[670]" classname="eu.europa.esig.dss.validation.executor.ExecuteDifferentPoliciesTest" time="0.006">
    <system-out><![CDATA[11:40:22.132 [main] DEBUG eu.europa.esig.dss.validation.process.bbb.xcv.sub.checks.CertificateNameConstraintsCheck - Unable to build an RDN for string 'OP-JO-AUTHENTIQUE@publications.europa.eu'! Not a DN.
]]></system-out>
  </testcase>
  <testcase name="noError(XmlDiagnosticData, ValidationPolicy)[671]" classname="eu.europa.esig.dss.validation.executor.ExecuteDifferentPoliciesTest" time="0.005">
    <system-out><![CDATA[11:40:22.137 [main] DEBUG eu.europa.esig.dss.validation.process.bbb.xcv.sub.checks.CertificateNameConstraintsCheck - Unable to build an RDN for string 'OP-JO-AUTHENTIQUE@publications.europa.eu'! Not a DN.
]]></system-out>
  </testcase>
  <testcase name="noError(XmlDiagnosticData, ValidationPolicy)[672]" classname="eu.europa.esig.dss.validation.executor.ExecuteDifferentPoliciesTest" time="0.001"/>
  <testcase name="noError(XmlDiagnosticData, ValidationPolicy)[673]" classname="eu.europa.esig.dss.validation.executor.ExecuteDifferentPoliciesTest" time="0.005"/>
  <testcase name="noError(XmlDiagnosticData, ValidationPolicy)[674]" classname="eu.europa.esig.dss.validation.executor.ExecuteDifferentPoliciesTest" time="0.004"/>
  <testcase name="noError(XmlDiagnosticData, ValidationPolicy)[675]" classname="eu.europa.esig.dss.validation.executor.ExecuteDifferentPoliciesTest" time="0.004"/>
  <testcase name="noError(XmlDiagnosticData, ValidationPolicy)[676]" classname="eu.europa.esig.dss.validation.executor.ExecuteDifferentPoliciesTest" time="0.008"/>
  <testcase name="noError(XmlDiagnosticData, ValidationPolicy)[677]" classname="eu.europa.esig.dss.validation.executor.ExecuteDifferentPoliciesTest" time="0.011"/>
  <testcase name="noError(XmlDiagnosticData, ValidationPolicy)[678]" classname="eu.europa.esig.dss.validation.executor.ExecuteDifferentPoliciesTest" time="0.003"/>
  <testcase name="noError(XmlDiagnosticData, ValidationPolicy)[679]" classname="eu.europa.esig.dss.validation.executor.ExecuteDifferentPoliciesTest" time="0.001"/>
  <testcase name="noError(XmlDiagnosticData, ValidationPolicy)[680]" classname="eu.europa.esig.dss.validation.executor.ExecuteDifferentPoliciesTest" time="0.004"/>
  <testcase name="noError(XmlDiagnosticData, ValidationPolicy)[681]" classname="eu.europa.esig.dss.validation.executor.ExecuteDifferentPoliciesTest" time="0.004"/>
  <testcase name="noError(XmlDiagnosticData, ValidationPolicy)[682]" classname="eu.europa.esig.dss.validation.executor.ExecuteDifferentPoliciesTest" time="0.001"/>
  <testcase name="noError(XmlDiagnosticData, ValidationPolicy)[683]" classname="eu.europa.esig.dss.validation.executor.ExecuteDifferentPoliciesTest" time="0.001"/>
  <testcase name="noError(XmlDiagnosticData, ValidationPolicy)[684]" classname="eu.europa.esig.dss.validation.executor.ExecuteDifferentPoliciesTest" time="0.001"/>
  <testcase name="noError(XmlDiagnosticData, ValidationPolicy)[685]" classname="eu.europa.esig.dss.validation.executor.ExecuteDifferentPoliciesTest" time="0.008">
    <system-out><![CDATA[11:40:22.213 [main] DEBUG eu.europa.esig.dss.validation.process.bbb.xcv.sub.checks.CertificateNameConstraintsCheck - Unable to build an RDN for string 'petr.machen@ec.europa.eu'! Not a DN.
]]></system-out>
  </testcase>
  <testcase name="noError(XmlDiagnosticData, ValidationPolicy)[686]" classname="eu.europa.esig.dss.validation.executor.ExecuteDifferentPoliciesTest" time="0.003"/>
  <testcase name="noError(XmlDiagnosticData, ValidationPolicy)[687]" classname="eu.europa.esig.dss.validation.executor.ExecuteDifferentPoliciesTest" time="0.002"/>
  <testcase name="noError(XmlDiagnosticData, ValidationPolicy)[688]" classname="eu.europa.esig.dss.validation.executor.ExecuteDifferentPoliciesTest" time="0.008">
    <system-out><![CDATA[11:40:22.228 [main] DEBUG eu.europa.esig.dss.validation.process.bbb.xcv.sub.checks.CertificateNameConstraintsCheck - Unable to build an RDN for string 'petr.machen@ec.europa.eu'! Not a DN.
]]></system-out>
  </testcase>
  <testcase name="noError(XmlDiagnosticData, ValidationPolicy)[689]" classname="eu.europa.esig.dss.validation.executor.ExecuteDifferentPoliciesTest" time="0.006">
    <system-out><![CDATA[11:40:22.238 [main] DEBUG eu.europa.esig.dss.validation.process.bbb.xcv.sub.checks.CertificateNameConstraintsCheck - Unable to build an RDN for string 'petr.machen@ec.europa.eu'! Not a DN.
]]></system-out>
  </testcase>
  <testcase name="noError(XmlDiagnosticData, ValidationPolicy)[690]" classname="eu.europa.esig.dss.validation.executor.ExecuteDifferentPoliciesTest" time="0.009"/>
  <testcase name="noError(XmlDiagnosticData, ValidationPolicy)[691]" classname="eu.europa.esig.dss.validation.executor.ExecuteDifferentPoliciesTest" time="0.003"/>
  <testcase name="noError(XmlDiagnosticData, ValidationPolicy)[692]" classname="eu.europa.esig.dss.validation.executor.ExecuteDifferentPoliciesTest" time="0.005">
    <system-out><![CDATA[11:40:22.257 [main] DEBUG eu.europa.esig.dss.validation.process.bbb.xcv.sub.checks.CertificateNameConstraintsCheck - Unable to build an RDN for string 'petr.machen@ec.europa.eu'! Not a DN.
]]></system-out>
  </testcase>
  <testcase name="noError(XmlDiagnosticData, ValidationPolicy)[693]" classname="eu.europa.esig.dss.validation.executor.ExecuteDifferentPoliciesTest" time="0.014">
    <system-out><![CDATA[11:40:22.273 [main] DEBUG eu.europa.esig.dss.validation.process.bbb.xcv.sub.checks.CertificateNameConstraintsCheck - Unable to build an RDN for string 'petr.machen@ec.europa.eu'! Not a DN.
]]></system-out>
  </testcase>
  <testcase name="noError(XmlDiagnosticData, ValidationPolicy)[694]" classname="eu.europa.esig.dss.validation.executor.ExecuteDifferentPoliciesTest" time="0.019">
    <system-out><![CDATA[11:40:22.288 [main] DEBUG eu.europa.esig.dss.validation.process.bbb.xcv.sub.checks.CertificateNameConstraintsCheck - Unable to build an RDN for string 'petr.machen@ec.europa.eu'! Not a DN.
]]></system-out>
  </testcase>
  <testcase name="noError(XmlDiagnosticData, ValidationPolicy)[695]" classname="eu.europa.esig.dss.validation.executor.ExecuteDifferentPoliciesTest" time="0.017">
    <system-out><![CDATA[11:40:22.314 [main] DEBUG eu.europa.esig.dss.validation.process.bbb.xcv.sub.checks.CertificateNameConstraintsCheck - Unable to build an RDN for string 'petr.machen@ec.europa.eu'! Not a DN.
]]></system-out>
  </testcase>
  <testcase name="noError(XmlDiagnosticData, ValidationPolicy)[696]" classname="eu.europa.esig.dss.validation.executor.ExecuteDifferentPoliciesTest" time="0.012"/>
  <testcase name="noError(XmlDiagnosticData, ValidationPolicy)[697]" classname="eu.europa.esig.dss.validation.executor.ExecuteDifferentPoliciesTest" time="0.012"/>
  <testcase name="noError(XmlDiagnosticData, ValidationPolicy)[698]" classname="eu.europa.esig.dss.validation.executor.ExecuteDifferentPoliciesTest" time="0.003"/>
  <testcase name="noError(XmlDiagnosticData, ValidationPolicy)[699]" classname="eu.europa.esig.dss.validation.executor.ExecuteDifferentPoliciesTest" time="0.003"/>
  <testcase name="noError(XmlDiagnosticData, ValidationPolicy)[700]" classname="eu.europa.esig.dss.validation.executor.ExecuteDifferentPoliciesTest" time="0.013"/>
  <testcase name="noError(XmlDiagnosticData, ValidationPolicy)[701]" classname="eu.europa.esig.dss.validation.executor.ExecuteDifferentPoliciesTest" time="0.007"/>
  <testcase name="noError(XmlDiagnosticData, ValidationPolicy)[702]" classname="eu.europa.esig.dss.validation.executor.ExecuteDifferentPoliciesTest" time="0.006"/>
  <testcase name="noError(XmlDiagnosticData, ValidationPolicy)[703]" classname="eu.europa.esig.dss.validation.executor.ExecuteDifferentPoliciesTest" time="0.002"/>
  <testcase name="noError(XmlDiagnosticData, ValidationPolicy)[704]" classname="eu.europa.esig.dss.validation.executor.ExecuteDifferentPoliciesTest" time="0.002"/>
  <testcase name="noError(XmlDiagnosticData, ValidationPolicy)[705]" classname="eu.europa.esig.dss.validation.executor.ExecuteDifferentPoliciesTest" time="0.008"/>
  <testcase name="noError(XmlDiagnosticData, ValidationPolicy)[706]" classname="eu.europa.esig.dss.validation.executor.ExecuteDifferentPoliciesTest" time="0.003"/>
  <testcase name="noError(XmlDiagnosticData, ValidationPolicy)[707]" classname="eu.europa.esig.dss.validation.executor.ExecuteDifferentPoliciesTest" time="0.003"/>
  <testcase name="noError(XmlDiagnosticData, ValidationPolicy)[708]" classname="eu.europa.esig.dss.validation.executor.ExecuteDifferentPoliciesTest" time="0.002"/>
  <testcase name="noError(XmlDiagnosticData, ValidationPolicy)[709]" classname="eu.europa.esig.dss.validation.executor.ExecuteDifferentPoliciesTest" time="0.007">
    <system-out><![CDATA[11:40:22.416 [main] DEBUG eu.europa.esig.dss.validation.process.bbb.xcv.sub.checks.CertificateNameConstraintsCheck - Unable to build an RDN for string 'David.SILVA@ext.ec.europa.eu'! Not a DN.
]]></system-out>
  </testcase>
  <testcase name="noError(XmlDiagnosticData, ValidationPolicy)[710]" classname="eu.europa.esig.dss.validation.executor.ExecuteDifferentPoliciesTest" time="0.002"/>
  <testcase name="noError(XmlDiagnosticData, ValidationPolicy)[711]" classname="eu.europa.esig.dss.validation.executor.ExecuteDifferentPoliciesTest" time="0.003"/>
  <testcase name="noError(XmlDiagnosticData, ValidationPolicy)[712]" classname="eu.europa.esig.dss.validation.executor.ExecuteDifferentPoliciesTest" time="0.007">
    <system-out><![CDATA[11:40:22.426 [main] DEBUG eu.europa.esig.dss.validation.process.bbb.xcv.sub.checks.CertificateNameConstraintsCheck - Unable to build an RDN for string 'David.SILVA@ext.ec.europa.eu'! Not a DN.
]]></system-out>
  </testcase>
  <testcase name="noError(XmlDiagnosticData, ValidationPolicy)[713]" classname="eu.europa.esig.dss.validation.executor.ExecuteDifferentPoliciesTest" time="0.008">
    <system-out><![CDATA[11:40:22.436 [main] DEBUG eu.europa.esig.dss.validation.process.bbb.xcv.sub.checks.CertificateNameConstraintsCheck - Unable to build an RDN for string 'David.SILVA@ext.ec.europa.eu'! Not a DN.
]]></system-out>
  </testcase>
  <testcase name="noError(XmlDiagnosticData, ValidationPolicy)[714]" classname="eu.europa.esig.dss.validation.executor.ExecuteDifferentPoliciesTest" time="0.013"/>
  <testcase name="noError(XmlDiagnosticData, ValidationPolicy)[715]" classname="eu.europa.esig.dss.validation.executor.ExecuteDifferentPoliciesTest" time="0.008"/>
  <testcase name="noError(XmlDiagnosticData, ValidationPolicy)[716]" classname="eu.europa.esig.dss.validation.executor.ExecuteDifferentPoliciesTest" time="0.007">
    <system-out><![CDATA[11:40:22.468 [main] DEBUG eu.europa.esig.dss.validation.process.bbb.xcv.sub.checks.CertificateNameConstraintsCheck - Unable to build an RDN for string 'David.SILVA@ext.ec.europa.eu'! Not a DN.
]]></system-out>
  </testcase>
  <testcase name="noError(XmlDiagnosticData, ValidationPolicy)[717]" classname="eu.europa.esig.dss.validation.executor.ExecuteDifferentPoliciesTest" time="0.006">
    <system-out><![CDATA[11:40:22.476 [main] DEBUG eu.europa.esig.dss.validation.process.bbb.xcv.sub.checks.CertificateNameConstraintsCheck - Unable to build an RDN for string 'David.SILVA@ext.ec.europa.eu'! Not a DN.
]]></system-out>
  </testcase>
  <testcase name="noError(XmlDiagnosticData, ValidationPolicy)[718]" classname="eu.europa.esig.dss.validation.executor.ExecuteDifferentPoliciesTest" time="0.006">
    <system-out><![CDATA[11:40:22.484 [main] DEBUG eu.europa.esig.dss.validation.process.bbb.xcv.sub.checks.CertificateNameConstraintsCheck - Unable to build an RDN for string 'David.SILVA@ext.ec.europa.eu'! Not a DN.
]]></system-out>
  </testcase>
  <testcase name="noError(XmlDiagnosticData, ValidationPolicy)[719]" classname="eu.europa.esig.dss.validation.executor.ExecuteDifferentPoliciesTest" time="0.009">
    <system-out><![CDATA[11:40:22.490 [main] DEBUG eu.europa.esig.dss.validation.process.bbb.xcv.sub.checks.CertificateNameConstraintsCheck - Unable to build an RDN for string 'David.SILVA@ext.ec.europa.eu'! Not a DN.
]]></system-out>
  </testcase>
  <testcase name="noError(XmlDiagnosticData, ValidationPolicy)[720]" classname="eu.europa.esig.dss.validation.executor.ExecuteDifferentPoliciesTest" time="0.003"/>
  <testcase name="noError(XmlDiagnosticData, ValidationPolicy)[721]" classname="eu.europa.esig.dss.validation.executor.ExecuteDifferentPoliciesTest" time="0.004"/>
  <testcase name="noError(XmlDiagnosticData, ValidationPolicy)[722]" classname="eu.europa.esig.dss.validation.executor.ExecuteDifferentPoliciesTest" time="0.002"/>
  <testcase name="noError(XmlDiagnosticData, ValidationPolicy)[723]" classname="eu.europa.esig.dss.validation.executor.ExecuteDifferentPoliciesTest" time="0.006"/>
  <testcase name="noError(XmlDiagnosticData, ValidationPolicy)[724]" classname="eu.europa.esig.dss.validation.executor.ExecuteDifferentPoliciesTest" time="0.004"/>
  <testcase name="noError(XmlDiagnosticData, ValidationPolicy)[725]" classname="eu.europa.esig.dss.validation.executor.ExecuteDifferentPoliciesTest" time="0.001"/>
  <testcase name="noError(XmlDiagnosticData, ValidationPolicy)[726]" classname="eu.europa.esig.dss.validation.executor.ExecuteDifferentPoliciesTest" time="0.002"/>
  <testcase name="noError(XmlDiagnosticData, ValidationPolicy)[727]" classname="eu.europa.esig.dss.validation.executor.ExecuteDifferentPoliciesTest" time="0.004"/>
  <testcase name="noError(XmlDiagnosticData, ValidationPolicy)[728]" classname="eu.europa.esig.dss.validation.executor.ExecuteDifferentPoliciesTest" time="0.002"/>
  <testcase name="noError(XmlDiagnosticData, ValidationPolicy)[729]" classname="eu.europa.esig.dss.validation.executor.ExecuteDifferentPoliciesTest" time="0.002"/>
  <testcase name="noError(XmlDiagnosticData, ValidationPolicy)[730]" classname="eu.europa.esig.dss.validation.executor.ExecuteDifferentPoliciesTest" time="0.002"/>
  <testcase name="noError(XmlDiagnosticData, ValidationPolicy)[731]" classname="eu.europa.esig.dss.validation.executor.ExecuteDifferentPoliciesTest" time="0.001"/>
  <testcase name="noError(XmlDiagnosticData, ValidationPolicy)[732]" classname="eu.europa.esig.dss.validation.executor.ExecuteDifferentPoliciesTest" time="0.001"/>
  <testcase name="noError(XmlDiagnosticData, ValidationPolicy)[733]" classname="eu.europa.esig.dss.validation.executor.ExecuteDifferentPoliciesTest" time="0.006"/>
  <testcase name="noError(XmlDiagnosticData, ValidationPolicy)[734]" classname="eu.europa.esig.dss.validation.executor.ExecuteDifferentPoliciesTest" time="0.001"/>
  <testcase name="noError(XmlDiagnosticData, ValidationPolicy)[735]" classname="eu.europa.esig.dss.validation.executor.ExecuteDifferentPoliciesTest" time="0.001"/>
  <testcase name="noError(XmlDiagnosticData, ValidationPolicy)[736]" classname="eu.europa.esig.dss.validation.executor.ExecuteDifferentPoliciesTest" time="0.002"/>
  <testcase name="noError(XmlDiagnosticData, ValidationPolicy)[737]" classname="eu.europa.esig.dss.validation.executor.ExecuteDifferentPoliciesTest" time="0.002"/>
  <testcase name="noError(XmlDiagnosticData, ValidationPolicy)[738]" classname="eu.europa.esig.dss.validation.executor.ExecuteDifferentPoliciesTest" time="0.002"/>
  <testcase name="noError(XmlDiagnosticData, ValidationPolicy)[739]" classname="eu.europa.esig.dss.validation.executor.ExecuteDifferentPoliciesTest" time="0.001"/>
  <testcase name="noError(XmlDiagnosticData, ValidationPolicy)[740]" classname="eu.europa.esig.dss.validation.executor.ExecuteDifferentPoliciesTest" time="0.002"/>
  <testcase name="noError(XmlDiagnosticData, ValidationPolicy)[741]" classname="eu.europa.esig.dss.validation.executor.ExecuteDifferentPoliciesTest" time="0.006"/>
  <testcase name="noError(XmlDiagnosticData, ValidationPolicy)[742]" classname="eu.europa.esig.dss.validation.executor.ExecuteDifferentPoliciesTest" time="0.002"/>
  <testcase name="noError(XmlDiagnosticData, ValidationPolicy)[743]" classname="eu.europa.esig.dss.validation.executor.ExecuteDifferentPoliciesTest" time="0.002"/>
  <testcase name="noError(XmlDiagnosticData, ValidationPolicy)[744]" classname="eu.europa.esig.dss.validation.executor.ExecuteDifferentPoliciesTest" time="0.002"/>
  <testcase name="noError(XmlDiagnosticData, ValidationPolicy)[745]" classname="eu.europa.esig.dss.validation.executor.ExecuteDifferentPoliciesTest" time="0.006"/>
  <testcase name="noError(XmlDiagnosticData, ValidationPolicy)[746]" classname="eu.europa.esig.dss.validation.executor.ExecuteDifferentPoliciesTest" time="0.003"/>
  <testcase name="noError(XmlDiagnosticData, ValidationPolicy)[747]" classname="eu.europa.esig.dss.validation.executor.ExecuteDifferentPoliciesTest" time="0.003"/>
  <testcase name="noError(XmlDiagnosticData, ValidationPolicy)[748]" classname="eu.europa.esig.dss.validation.executor.ExecuteDifferentPoliciesTest" time="0.002"/>
  <testcase name="noError(XmlDiagnosticData, ValidationPolicy)[749]" classname="eu.europa.esig.dss.validation.executor.ExecuteDifferentPoliciesTest" time="0.005"/>
  <testcase name="noError(XmlDiagnosticData, ValidationPolicy)[750]" classname="eu.europa.esig.dss.validation.executor.ExecuteDifferentPoliciesTest" time="0.003"/>
  <testcase name="noError(XmlDiagnosticData, ValidationPolicy)[751]" classname="eu.europa.esig.dss.validation.executor.ExecuteDifferentPoliciesTest" time="0.001"/>
  <testcase name="noError(XmlDiagnosticData, ValidationPolicy)[752]" classname="eu.europa.esig.dss.validation.executor.ExecuteDifferentPoliciesTest" time="0.001"/>
  <testcase name="noError(XmlDiagnosticData, ValidationPolicy)[753]" classname="eu.europa.esig.dss.validation.executor.ExecuteDifferentPoliciesTest" time="0.003"/>
  <testcase name="noError(XmlDiagnosticData, ValidationPolicy)[754]" classname="eu.europa.esig.dss.validation.executor.ExecuteDifferentPoliciesTest" time="0.007"/>
  <testcase name="noError(XmlDiagnosticData, ValidationPolicy)[755]" classname="eu.europa.esig.dss.validation.executor.ExecuteDifferentPoliciesTest" time="0.004"/>
  <testcase name="noError(XmlDiagnosticData, ValidationPolicy)[756]" classname="eu.europa.esig.dss.validation.executor.ExecuteDifferentPoliciesTest" time="0.002"/>
  <testcase name="noError(XmlDiagnosticData, ValidationPolicy)[757]" classname="eu.europa.esig.dss.validation.executor.ExecuteDifferentPoliciesTest" time="0.007"/>
  <testcase name="noError(XmlDiagnosticData, ValidationPolicy)[758]" classname="eu.europa.esig.dss.validation.executor.ExecuteDifferentPoliciesTest" time="0.002"/>
  <testcase name="noError(XmlDiagnosticData, ValidationPolicy)[759]" classname="eu.europa.esig.dss.validation.executor.ExecuteDifferentPoliciesTest" time="0.002"/>
  <testcase name="noError(XmlDiagnosticData, ValidationPolicy)[760]" classname="eu.europa.esig.dss.validation.executor.ExecuteDifferentPoliciesTest" time="0.002"/>
  <testcase name="noError(XmlDiagnosticData, ValidationPolicy)[761]" classname="eu.europa.esig.dss.validation.executor.ExecuteDifferentPoliciesTest" time="0.003"/>
  <testcase name="noError(XmlDiagnosticData, ValidationPolicy)[762]" classname="eu.europa.esig.dss.validation.executor.ExecuteDifferentPoliciesTest" time="0.006"/>
  <testcase name="noError(XmlDiagnosticData, ValidationPolicy)[763]" classname="eu.europa.esig.dss.validation.executor.ExecuteDifferentPoliciesTest" time="0.002"/>
  <testcase name="noError(XmlDiagnosticData, ValidationPolicy)[764]" classname="eu.europa.esig.dss.validation.executor.ExecuteDifferentPoliciesTest" time="0.003"/>
  <testcase name="noError(XmlDiagnosticData, ValidationPolicy)[765]" classname="eu.europa.esig.dss.validation.executor.ExecuteDifferentPoliciesTest" time="0.004"/>
  <testcase name="noError(XmlDiagnosticData, ValidationPolicy)[766]" classname="eu.europa.esig.dss.validation.executor.ExecuteDifferentPoliciesTest" time="0.007"/>
  <testcase name="noError(XmlDiagnosticData, ValidationPolicy)[767]" classname="eu.europa.esig.dss.validation.executor.ExecuteDifferentPoliciesTest" time="0.005"/>
  <testcase name="noError(XmlDiagnosticData, ValidationPolicy)[768]" classname="eu.europa.esig.dss.validation.executor.ExecuteDifferentPoliciesTest" time="0.002"/>
  <testcase name="noError(XmlDiagnosticData, ValidationPolicy)[769]" classname="eu.europa.esig.dss.validation.executor.ExecuteDifferentPoliciesTest" time="0"/>
  <testcase name="noError(XmlDiagnosticData, ValidationPolicy)[770]" classname="eu.europa.esig.dss.validation.executor.ExecuteDifferentPoliciesTest" time="0"/>
  <testcase name="noError(XmlDiagnosticData, ValidationPolicy)[771]" classname="eu.europa.esig.dss.validation.executor.ExecuteDifferentPoliciesTest" time="0.002"/>
  <testcase name="noError(XmlDiagnosticData, ValidationPolicy)[772]" classname="eu.europa.esig.dss.validation.executor.ExecuteDifferentPoliciesTest" time="0.002"/>
  <testcase name="noError(XmlDiagnosticData, ValidationPolicy)[773]" classname="eu.europa.esig.dss.validation.executor.ExecuteDifferentPoliciesTest" time="0"/>
  <testcase name="noError(XmlDiagnosticData, ValidationPolicy)[774]" classname="eu.europa.esig.dss.validation.executor.ExecuteDifferentPoliciesTest" time="0"/>
  <testcase name="noError(XmlDiagnosticData, ValidationPolicy)[775]" classname="eu.europa.esig.dss.validation.executor.ExecuteDifferentPoliciesTest" time="0"/>
  <testcase name="noError(XmlDiagnosticData, ValidationPolicy)[776]" classname="eu.europa.esig.dss.validation.executor.ExecuteDifferentPoliciesTest" time="0"/>
  <testcase name="noError(XmlDiagnosticData, ValidationPolicy)[777]" classname="eu.europa.esig.dss.validation.executor.ExecuteDifferentPoliciesTest" time="0"/>
  <testcase name="noError(XmlDiagnosticData, ValidationPolicy)[778]" classname="eu.europa.esig.dss.validation.executor.ExecuteDifferentPoliciesTest" time="0.001"/>
  <testcase name="noError(XmlDiagnosticData, ValidationPolicy)[779]" classname="eu.europa.esig.dss.validation.executor.ExecuteDifferentPoliciesTest" time="0"/>
  <testcase name="noError(XmlDiagnosticData, ValidationPolicy)[780]" classname="eu.europa.esig.dss.validation.executor.ExecuteDifferentPoliciesTest" time="0.001"/>
  <testcase name="noError(XmlDiagnosticData, ValidationPolicy)[781]" classname="eu.europa.esig.dss.validation.executor.ExecuteDifferentPoliciesTest" time="0.002"/>
  <testcase name="noError(XmlDiagnosticData, ValidationPolicy)[782]" classname="eu.europa.esig.dss.validation.executor.ExecuteDifferentPoliciesTest" time="0.001"/>
  <testcase name="noError(XmlDiagnosticData, ValidationPolicy)[783]" classname="eu.europa.esig.dss.validation.executor.ExecuteDifferentPoliciesTest" time="0.007"/>
  <testcase name="noError(XmlDiagnosticData, ValidationPolicy)[784]" classname="eu.europa.esig.dss.validation.executor.ExecuteDifferentPoliciesTest" time="0.002"/>
  <testcase name="noError(XmlDiagnosticData, ValidationPolicy)[785]" classname="eu.europa.esig.dss.validation.executor.ExecuteDifferentPoliciesTest" time="0.002"/>
  <testcase name="noError(XmlDiagnosticData, ValidationPolicy)[786]" classname="eu.europa.esig.dss.validation.executor.ExecuteDifferentPoliciesTest" time="0.003"/>
  <testcase name="noError(XmlDiagnosticData, ValidationPolicy)[787]" classname="eu.europa.esig.dss.validation.executor.ExecuteDifferentPoliciesTest" time="0.001"/>
  <testcase name="noError(XmlDiagnosticData, ValidationPolicy)[788]" classname="eu.europa.esig.dss.validation.executor.ExecuteDifferentPoliciesTest" time="0.005"/>
  <testcase name="noError(XmlDiagnosticData, ValidationPolicy)[789]" classname="eu.europa.esig.dss.validation.executor.ExecuteDifferentPoliciesTest" time="0.002"/>
  <testcase name="noError(XmlDiagnosticData, ValidationPolicy)[790]" classname="eu.europa.esig.dss.validation.executor.ExecuteDifferentPoliciesTest" time="0.001"/>
  <testcase name="noError(XmlDiagnosticData, ValidationPolicy)[791]" classname="eu.europa.esig.dss.validation.executor.ExecuteDifferentPoliciesTest" time="0.001"/>
  <testcase name="noError(XmlDiagnosticData, ValidationPolicy)[792]" classname="eu.europa.esig.dss.validation.executor.ExecuteDifferentPoliciesTest" time="0.001"/>
  <testcase name="noError(XmlDiagnosticData, ValidationPolicy)[793]" classname="eu.europa.esig.dss.validation.executor.ExecuteDifferentPoliciesTest" time="0.007"/>
  <testcase name="noError(XmlDiagnosticData, ValidationPolicy)[794]" classname="eu.europa.esig.dss.validation.executor.ExecuteDifferentPoliciesTest" time="0.002"/>
  <testcase name="noError(XmlDiagnosticData, ValidationPolicy)[795]" classname="eu.europa.esig.dss.validation.executor.ExecuteDifferentPoliciesTest" time="0.002"/>
  <testcase name="noError(XmlDiagnosticData, ValidationPolicy)[796]" classname="eu.europa.esig.dss.validation.executor.ExecuteDifferentPoliciesTest" time="0.007"/>
  <testcase name="noError(XmlDiagnosticData, ValidationPolicy)[797]" classname="eu.europa.esig.dss.validation.executor.ExecuteDifferentPoliciesTest" time="0.006"/>
  <testcase name="noError(XmlDiagnosticData, ValidationPolicy)[798]" classname="eu.europa.esig.dss.validation.executor.ExecuteDifferentPoliciesTest" time="0.003"/>
  <testcase name="noError(XmlDiagnosticData, ValidationPolicy)[799]" classname="eu.europa.esig.dss.validation.executor.ExecuteDifferentPoliciesTest" time="0.001"/>
  <testcase name="noError(XmlDiagnosticData, ValidationPolicy)[800]" classname="eu.europa.esig.dss.validation.executor.ExecuteDifferentPoliciesTest" time="0.002"/>
  <testcase name="noError(XmlDiagnosticData, ValidationPolicy)[801]" classname="eu.europa.esig.dss.validation.executor.ExecuteDifferentPoliciesTest" time="0.01"/>
  <testcase name="noError(XmlDiagnosticData, ValidationPolicy)[802]" classname="eu.europa.esig.dss.validation.executor.ExecuteDifferentPoliciesTest" time="0.006"/>
  <testcase name="noError(XmlDiagnosticData, ValidationPolicy)[803]" classname="eu.europa.esig.dss.validation.executor.ExecuteDifferentPoliciesTest" time="0.008"/>
  <testcase name="noError(XmlDiagnosticData, ValidationPolicy)[804]" classname="eu.europa.esig.dss.validation.executor.ExecuteDifferentPoliciesTest" time="0.001"/>
  <testcase name="noError(XmlDiagnosticData, ValidationPolicy)[805]" classname="eu.europa.esig.dss.validation.executor.ExecuteDifferentPoliciesTest" time="0.012"/>
  <testcase name="noError(XmlDiagnosticData, ValidationPolicy)[806]" classname="eu.europa.esig.dss.validation.executor.ExecuteDifferentPoliciesTest" time="0.002"/>
  <testcase name="noError(XmlDiagnosticData, ValidationPolicy)[807]" classname="eu.europa.esig.dss.validation.executor.ExecuteDifferentPoliciesTest" time="0.003"/>
  <testcase name="noError(XmlDiagnosticData, ValidationPolicy)[808]" classname="eu.europa.esig.dss.validation.executor.ExecuteDifferentPoliciesTest" time="0.01"/>
  <testcase name="noError(XmlDiagnosticData, ValidationPolicy)[809]" classname="eu.europa.esig.dss.validation.executor.ExecuteDifferentPoliciesTest" time="0.006"/>
  <testcase name="noError(XmlDiagnosticData, ValidationPolicy)[810]" classname="eu.europa.esig.dss.validation.executor.ExecuteDifferentPoliciesTest" time="0.008"/>
  <testcase name="noError(XmlDiagnosticData, ValidationPolicy)[811]" classname="eu.europa.esig.dss.validation.executor.ExecuteDifferentPoliciesTest" time="0.002"/>
  <testcase name="noError(XmlDiagnosticData, ValidationPolicy)[812]" classname="eu.europa.esig.dss.validation.executor.ExecuteDifferentPoliciesTest" time="0.003"/>
  <testcase name="noError(XmlDiagnosticData, ValidationPolicy)[813]" classname="eu.europa.esig.dss.validation.executor.ExecuteDifferentPoliciesTest" time="0.011"/>
  <testcase name="noError(XmlDiagnosticData, ValidationPolicy)[814]" classname="eu.europa.esig.dss.validation.executor.ExecuteDifferentPoliciesTest" time="0.006"/>
  <testcase name="noError(XmlDiagnosticData, ValidationPolicy)[815]" classname="eu.europa.esig.dss.validation.executor.ExecuteDifferentPoliciesTest" time="0.01"/>
  <testcase name="noError(XmlDiagnosticData, ValidationPolicy)[816]" classname="eu.europa.esig.dss.validation.executor.ExecuteDifferentPoliciesTest" time="0.001"/>
  <testcase name="noError(XmlDiagnosticData, ValidationPolicy)[817]" classname="eu.europa.esig.dss.validation.executor.ExecuteDifferentPoliciesTest" time="0.003"/>
  <testcase name="noError(XmlDiagnosticData, ValidationPolicy)[818]" classname="eu.europa.esig.dss.validation.executor.ExecuteDifferentPoliciesTest" time="0.006"/>
  <testcase name="noError(XmlDiagnosticData, ValidationPolicy)[819]" classname="eu.europa.esig.dss.validation.executor.ExecuteDifferentPoliciesTest" time="0.002"/>
  <testcase name="noError(XmlDiagnosticData, ValidationPolicy)[820]" classname="eu.europa.esig.dss.validation.executor.ExecuteDifferentPoliciesTest" time="0.004"/>
  <testcase name="noError(XmlDiagnosticData, ValidationPolicy)[821]" classname="eu.europa.esig.dss.validation.executor.ExecuteDifferentPoliciesTest" time="0.007"/>
  <testcase name="noError(XmlDiagnosticData, ValidationPolicy)[822]" classname="eu.europa.esig.dss.validation.executor.ExecuteDifferentPoliciesTest" time="0.004"/>
  <testcase name="noError(XmlDiagnosticData, ValidationPolicy)[823]" classname="eu.europa.esig.dss.validation.executor.ExecuteDifferentPoliciesTest" time="0.002"/>
  <testcase name="noError(XmlDiagnosticData, ValidationPolicy)[824]" classname="eu.europa.esig.dss.validation.executor.ExecuteDifferentPoliciesTest" time="0.002"/>
  <testcase name="noError(XmlDiagnosticData, ValidationPolicy)[825]" classname="eu.europa.esig.dss.validation.executor.ExecuteDifferentPoliciesTest" time="0.002"/>
  <testcase name="noError(XmlDiagnosticData, ValidationPolicy)[826]" classname="eu.europa.esig.dss.validation.executor.ExecuteDifferentPoliciesTest" time="0.008"/>
  <testcase name="noError(XmlDiagnosticData, ValidationPolicy)[827]" classname="eu.europa.esig.dss.validation.executor.ExecuteDifferentPoliciesTest" time="0.003"/>
  <testcase name="noError(XmlDiagnosticData, ValidationPolicy)[828]" classname="eu.europa.esig.dss.validation.executor.ExecuteDifferentPoliciesTest" time="0.002"/>
  <testcase name="noError(XmlDiagnosticData, ValidationPolicy)[829]" classname="eu.europa.esig.dss.validation.executor.ExecuteDifferentPoliciesTest" time="0.015"/>
  <testcase name="noError(XmlDiagnosticData, ValidationPolicy)[830]" classname="eu.europa.esig.dss.validation.executor.ExecuteDifferentPoliciesTest" time="0.002"/>
  <testcase name="noError(XmlDiagnosticData, ValidationPolicy)[831]" classname="eu.europa.esig.dss.validation.executor.ExecuteDifferentPoliciesTest" time="0.007"/>
  <testcase name="noError(XmlDiagnosticData, ValidationPolicy)[832]" classname="eu.europa.esig.dss.validation.executor.ExecuteDifferentPoliciesTest" time="0.007"/>
  <testcase name="noError(XmlDiagnosticData, ValidationPolicy)[833]" classname="eu.europa.esig.dss.validation.executor.ExecuteDifferentPoliciesTest" time="0.004"/>
  <testcase name="noError(XmlDiagnosticData, ValidationPolicy)[834]" classname="eu.europa.esig.dss.validation.executor.ExecuteDifferentPoliciesTest" time="0.006"/>
  <testcase name="noError(XmlDiagnosticData, ValidationPolicy)[835]" classname="eu.europa.esig.dss.validation.executor.ExecuteDifferentPoliciesTest" time="0.002"/>
  <testcase name="noError(XmlDiagnosticData, ValidationPolicy)[836]" classname="eu.europa.esig.dss.validation.executor.ExecuteDifferentPoliciesTest" time="0.002"/>
  <testcase name="noError(XmlDiagnosticData, ValidationPolicy)[837]" classname="eu.europa.esig.dss.validation.executor.ExecuteDifferentPoliciesTest" time="0.01"/>
  <testcase name="noError(XmlDiagnosticData, ValidationPolicy)[838]" classname="eu.europa.esig.dss.validation.executor.ExecuteDifferentPoliciesTest" time="0.006"/>
  <testcase name="noError(XmlDiagnosticData, ValidationPolicy)[839]" classname="eu.europa.esig.dss.validation.executor.ExecuteDifferentPoliciesTest" time="0.006"/>
  <testcase name="noError(XmlDiagnosticData, ValidationPolicy)[840]" classname="eu.europa.esig.dss.validation.executor.ExecuteDifferentPoliciesTest" time="0.003"/>
  <testcase name="noError(XmlDiagnosticData, ValidationPolicy)[841]" classname="eu.europa.esig.dss.validation.executor.ExecuteDifferentPoliciesTest" time="0.004"/>
  <testcase name="noError(XmlDiagnosticData, ValidationPolicy)[842]" classname="eu.europa.esig.dss.validation.executor.ExecuteDifferentPoliciesTest" time="0.002"/>
  <testcase name="noError(XmlDiagnosticData, ValidationPolicy)[843]" classname="eu.europa.esig.dss.validation.executor.ExecuteDifferentPoliciesTest" time="0.002"/>
  <testcase name="noError(XmlDiagnosticData, ValidationPolicy)[844]" classname="eu.europa.esig.dss.validation.executor.ExecuteDifferentPoliciesTest" time="0.006"/>
  <testcase name="noError(XmlDiagnosticData, ValidationPolicy)[845]" classname="eu.europa.esig.dss.validation.executor.ExecuteDifferentPoliciesTest" time="0.004"/>
  <testcase name="noError(XmlDiagnosticData, ValidationPolicy)[846]" classname="eu.europa.esig.dss.validation.executor.ExecuteDifferentPoliciesTest" time="0.002"/>
  <testcase name="noError(XmlDiagnosticData, ValidationPolicy)[847]" classname="eu.europa.esig.dss.validation.executor.ExecuteDifferentPoliciesTest" time="0.004"/>
  <testcase name="noError(XmlDiagnosticData, ValidationPolicy)[848]" classname="eu.europa.esig.dss.validation.executor.ExecuteDifferentPoliciesTest" time="0.006"/>
  <testcase name="noError(XmlDiagnosticData, ValidationPolicy)[849]" classname="eu.europa.esig.dss.validation.executor.ExecuteDifferentPoliciesTest" time="0.006"/>
  <testcase name="noError(XmlDiagnosticData, ValidationPolicy)[850]" classname="eu.europa.esig.dss.validation.executor.ExecuteDifferentPoliciesTest" time="0.007"/>
  <testcase name="noError(XmlDiagnosticData, ValidationPolicy)[851]" classname="eu.europa.esig.dss.validation.executor.ExecuteDifferentPoliciesTest" time="0.005"/>
  <testcase name="noError(XmlDiagnosticData, ValidationPolicy)[852]" classname="eu.europa.esig.dss.validation.executor.ExecuteDifferentPoliciesTest" time="0.003"/>
  <testcase name="noError(XmlDiagnosticData, ValidationPolicy)[853]" classname="eu.europa.esig.dss.validation.executor.ExecuteDifferentPoliciesTest" time="0.016"/>
  <testcase name="noError(XmlDiagnosticData, ValidationPolicy)[854]" classname="eu.europa.esig.dss.validation.executor.ExecuteDifferentPoliciesTest" time="0.004"/>
  <testcase name="noError(XmlDiagnosticData, ValidationPolicy)[855]" classname="eu.europa.esig.dss.validation.executor.ExecuteDifferentPoliciesTest" time="0.004"/>
  <testcase name="noError(XmlDiagnosticData, ValidationPolicy)[856]" classname="eu.europa.esig.dss.validation.executor.ExecuteDifferentPoliciesTest" time="0.013"/>
  <testcase name="noError(XmlDiagnosticData, ValidationPolicy)[857]" classname="eu.europa.esig.dss.validation.executor.ExecuteDifferentPoliciesTest" time="0.007"/>
  <testcase name="noError(XmlDiagnosticData, ValidationPolicy)[858]" classname="eu.europa.esig.dss.validation.executor.ExecuteDifferentPoliciesTest" time="0.007"/>
  <testcase name="noError(XmlDiagnosticData, ValidationPolicy)[859]" classname="eu.europa.esig.dss.validation.executor.ExecuteDifferentPoliciesTest" time="0.002"/>
  <testcase name="noError(XmlDiagnosticData, ValidationPolicy)[860]" classname="eu.europa.esig.dss.validation.executor.ExecuteDifferentPoliciesTest" time="0.003"/>
  <testcase name="noError(XmlDiagnosticData, ValidationPolicy)[861]" classname="eu.europa.esig.dss.validation.executor.ExecuteDifferentPoliciesTest" time="0.011"/>
  <testcase name="noError(XmlDiagnosticData, ValidationPolicy)[862]" classname="eu.europa.esig.dss.validation.executor.ExecuteDifferentPoliciesTest" time="0.009"/>
  <testcase name="noError(XmlDiagnosticData, ValidationPolicy)[863]" classname="eu.europa.esig.dss.validation.executor.ExecuteDifferentPoliciesTest" time="0.007"/>
  <testcase name="noError(XmlDiagnosticData, ValidationPolicy)[864]" classname="eu.europa.esig.dss.validation.executor.ExecuteDifferentPoliciesTest" time="0.002"/>
  <testcase name="noError(XmlDiagnosticData, ValidationPolicy)[865]" classname="eu.europa.esig.dss.validation.executor.ExecuteDifferentPoliciesTest" time="0.003"/>
  <testcase name="noError(XmlDiagnosticData, ValidationPolicy)[866]" classname="eu.europa.esig.dss.validation.executor.ExecuteDifferentPoliciesTest" time="0.004"/>
  <testcase name="noError(XmlDiagnosticData, ValidationPolicy)[867]" classname="eu.europa.esig.dss.validation.executor.ExecuteDifferentPoliciesTest" time="0.005"/>
  <testcase name="noError(XmlDiagnosticData, ValidationPolicy)[868]" classname="eu.europa.esig.dss.validation.executor.ExecuteDifferentPoliciesTest" time="0.004"/>
  <testcase name="noError(XmlDiagnosticData, ValidationPolicy)[869]" classname="eu.europa.esig.dss.validation.executor.ExecuteDifferentPoliciesTest" time="0.007"/>
  <testcase name="noError(XmlDiagnosticData, ValidationPolicy)[870]" classname="eu.europa.esig.dss.validation.executor.ExecuteDifferentPoliciesTest" time="0.005"/>
  <testcase name="noError(XmlDiagnosticData, ValidationPolicy)[871]" classname="eu.europa.esig.dss.validation.executor.ExecuteDifferentPoliciesTest" time="0.002"/>
  <testcase name="noError(XmlDiagnosticData, ValidationPolicy)[872]" classname="eu.europa.esig.dss.validation.executor.ExecuteDifferentPoliciesTest" time="0.003"/>
  <testcase name="noError(XmlDiagnosticData, ValidationPolicy)[873]" classname="eu.europa.esig.dss.validation.executor.ExecuteDifferentPoliciesTest" time="0.009"/>
  <testcase name="noError(XmlDiagnosticData, ValidationPolicy)[874]" classname="eu.europa.esig.dss.validation.executor.ExecuteDifferentPoliciesTest" time="0.004"/>
  <testcase name="noError(XmlDiagnosticData, ValidationPolicy)[875]" classname="eu.europa.esig.dss.validation.executor.ExecuteDifferentPoliciesTest" time="0.004"/>
  <testcase name="noError(XmlDiagnosticData, ValidationPolicy)[876]" classname="eu.europa.esig.dss.validation.executor.ExecuteDifferentPoliciesTest" time="0.003"/>
  <testcase name="noError(XmlDiagnosticData, ValidationPolicy)[877]" classname="eu.europa.esig.dss.validation.executor.ExecuteDifferentPoliciesTest" time="0.005"/>
  <testcase name="noError(XmlDiagnosticData, ValidationPolicy)[878]" classname="eu.europa.esig.dss.validation.executor.ExecuteDifferentPoliciesTest" time="0.002"/>
  <testcase name="noError(XmlDiagnosticData, ValidationPolicy)[879]" classname="eu.europa.esig.dss.validation.executor.ExecuteDifferentPoliciesTest" time="0.002"/>
  <testcase name="noError(XmlDiagnosticData, ValidationPolicy)[880]" classname="eu.europa.esig.dss.validation.executor.ExecuteDifferentPoliciesTest" time="0.003"/>
  <testcase name="noError(XmlDiagnosticData, ValidationPolicy)[881]" classname="eu.europa.esig.dss.validation.executor.ExecuteDifferentPoliciesTest" time="0.005"/>
  <testcase name="noError(XmlDiagnosticData, ValidationPolicy)[882]" classname="eu.europa.esig.dss.validation.executor.ExecuteDifferentPoliciesTest" time="0.003"/>
  <testcase name="noError(XmlDiagnosticData, ValidationPolicy)[883]" classname="eu.europa.esig.dss.validation.executor.ExecuteDifferentPoliciesTest" time="0.001"/>
  <testcase name="noError(XmlDiagnosticData, ValidationPolicy)[884]" classname="eu.europa.esig.dss.validation.executor.ExecuteDifferentPoliciesTest" time="0.002"/>
  <testcase name="noError(XmlDiagnosticData, ValidationPolicy)[885]" classname="eu.europa.esig.dss.validation.executor.ExecuteDifferentPoliciesTest" time="0.007"/>
  <testcase name="noError(XmlDiagnosticData, ValidationPolicy)[886]" classname="eu.europa.esig.dss.validation.executor.ExecuteDifferentPoliciesTest" time="0.007"/>
  <testcase name="noError(XmlDiagnosticData, ValidationPolicy)[887]" classname="eu.europa.esig.dss.validation.executor.ExecuteDifferentPoliciesTest" time="0.007"/>
  <testcase name="noError(XmlDiagnosticData, ValidationPolicy)[888]" classname="eu.europa.esig.dss.validation.executor.ExecuteDifferentPoliciesTest" time="0.003"/>
  <testcase name="noError(XmlDiagnosticData, ValidationPolicy)[889]" classname="eu.europa.esig.dss.validation.executor.ExecuteDifferentPoliciesTest" time="0.003"/>
  <testcase name="noError(XmlDiagnosticData, ValidationPolicy)[890]" classname="eu.europa.esig.dss.validation.executor.ExecuteDifferentPoliciesTest" time="0.001"/>
  <testcase name="noError(XmlDiagnosticData, ValidationPolicy)[891]" classname="eu.europa.esig.dss.validation.executor.ExecuteDifferentPoliciesTest" time="0.003"/>
  <testcase name="noError(XmlDiagnosticData, ValidationPolicy)[892]" classname="eu.europa.esig.dss.validation.executor.ExecuteDifferentPoliciesTest" time="0.003"/>
  <testcase name="noError(XmlDiagnosticData, ValidationPolicy)[893]" classname="eu.europa.esig.dss.validation.executor.ExecuteDifferentPoliciesTest" time="0.002"/>
  <testcase name="noError(XmlDiagnosticData, ValidationPolicy)[894]" classname="eu.europa.esig.dss.validation.executor.ExecuteDifferentPoliciesTest" time="0.001"/>
  <testcase name="noError(XmlDiagnosticData, ValidationPolicy)[895]" classname="eu.europa.esig.dss.validation.executor.ExecuteDifferentPoliciesTest" time="0.001"/>
  <testcase name="noError(XmlDiagnosticData, ValidationPolicy)[896]" classname="eu.europa.esig.dss.validation.executor.ExecuteDifferentPoliciesTest" time="0.001"/>
  <testcase name="noError(XmlDiagnosticData, ValidationPolicy)[897]" classname="eu.europa.esig.dss.validation.executor.ExecuteDifferentPoliciesTest" time="0.004"/>
  <testcase name="noError(XmlDiagnosticData, ValidationPolicy)[898]" classname="eu.europa.esig.dss.validation.executor.ExecuteDifferentPoliciesTest" time="0.003"/>
  <testcase name="noError(XmlDiagnosticData, ValidationPolicy)[899]" classname="eu.europa.esig.dss.validation.executor.ExecuteDifferentPoliciesTest" time="0.001"/>
  <testcase name="noError(XmlDiagnosticData, ValidationPolicy)[900]" classname="eu.europa.esig.dss.validation.executor.ExecuteDifferentPoliciesTest" time="0.001"/>
  <testcase name="noError(XmlDiagnosticData, ValidationPolicy)[901]" classname="eu.europa.esig.dss.validation.executor.ExecuteDifferentPoliciesTest" time="0.002"/>
  <testcase name="noError(XmlDiagnosticData, ValidationPolicy)[902]" classname="eu.europa.esig.dss.validation.executor.ExecuteDifferentPoliciesTest" time="0.001"/>
  <testcase name="noError(XmlDiagnosticData, ValidationPolicy)[903]" classname="eu.europa.esig.dss.validation.executor.ExecuteDifferentPoliciesTest" time="0.003"/>
  <testcase name="noError(XmlDiagnosticData, ValidationPolicy)[904]" classname="eu.europa.esig.dss.validation.executor.ExecuteDifferentPoliciesTest" time="0.002"/>
  <testcase name="noError(XmlDiagnosticData, ValidationPolicy)[905]" classname="eu.europa.esig.dss.validation.executor.ExecuteDifferentPoliciesTest" time="0.002"/>
  <testcase name="noError(XmlDiagnosticData, ValidationPolicy)[906]" classname="eu.europa.esig.dss.validation.executor.ExecuteDifferentPoliciesTest" time="0.002"/>
  <testcase name="noError(XmlDiagnosticData, ValidationPolicy)[907]" classname="eu.europa.esig.dss.validation.executor.ExecuteDifferentPoliciesTest" time="0.001"/>
  <testcase name="noError(XmlDiagnosticData, ValidationPolicy)[908]" classname="eu.europa.esig.dss.validation.executor.ExecuteDifferentPoliciesTest" time="0.001"/>
  <testcase name="noError(XmlDiagnosticData, ValidationPolicy)[909]" classname="eu.europa.esig.dss.validation.executor.ExecuteDifferentPoliciesTest" time="0.001"/>
  <testcase name="noError(XmlDiagnosticData, ValidationPolicy)[910]" classname="eu.europa.esig.dss.validation.executor.ExecuteDifferentPoliciesTest" time="0.004"/>
  <testcase name="noError(XmlDiagnosticData, ValidationPolicy)[911]" classname="eu.europa.esig.dss.validation.executor.ExecuteDifferentPoliciesTest" time="0.002"/>
  <testcase name="noError(XmlDiagnosticData, ValidationPolicy)[912]" classname="eu.europa.esig.dss.validation.executor.ExecuteDifferentPoliciesTest" time="0.001"/>
  <testcase name="noError(XmlDiagnosticData, ValidationPolicy)[913]" classname="eu.europa.esig.dss.validation.executor.ExecuteDifferentPoliciesTest" time="0.001"/>
  <testcase name="noError(XmlDiagnosticData, ValidationPolicy)[914]" classname="eu.europa.esig.dss.validation.executor.ExecuteDifferentPoliciesTest" time="0.001"/>
  <testcase name="noError(XmlDiagnosticData, ValidationPolicy)[915]" classname="eu.europa.esig.dss.validation.executor.ExecuteDifferentPoliciesTest" time="0"/>
  <testcase name="noError(XmlDiagnosticData, ValidationPolicy)[916]" classname="eu.europa.esig.dss.validation.executor.ExecuteDifferentPoliciesTest" time="0"/>
  <testcase name="noError(XmlDiagnosticData, ValidationPolicy)[917]" classname="eu.europa.esig.dss.validation.executor.ExecuteDifferentPoliciesTest" time="0.001"/>
  <testcase name="noError(XmlDiagnosticData, ValidationPolicy)[918]" classname="eu.europa.esig.dss.validation.executor.ExecuteDifferentPoliciesTest" time="0.001"/>
  <testcase name="noError(XmlDiagnosticData, ValidationPolicy)[919]" classname="eu.europa.esig.dss.validation.executor.ExecuteDifferentPoliciesTest" time="0"/>
  <testcase name="noError(XmlDiagnosticData, ValidationPolicy)[920]" classname="eu.europa.esig.dss.validation.executor.ExecuteDifferentPoliciesTest" time="0"/>
  <testcase name="noError(XmlDiagnosticData, ValidationPolicy)[921]" classname="eu.europa.esig.dss.validation.executor.ExecuteDifferentPoliciesTest" time="0.001"/>
  <testcase name="noError(XmlDiagnosticData, ValidationPolicy)[922]" classname="eu.europa.esig.dss.validation.executor.ExecuteDifferentPoliciesTest" time="0.001"/>
  <testcase name="noError(XmlDiagnosticData, ValidationPolicy)[923]" classname="eu.europa.esig.dss.validation.executor.ExecuteDifferentPoliciesTest" time="0.001"/>
  <testcase name="noError(XmlDiagnosticData, ValidationPolicy)[924]" classname="eu.europa.esig.dss.validation.executor.ExecuteDifferentPoliciesTest" time="0.001"/>
  <testcase name="noError(XmlDiagnosticData, ValidationPolicy)[925]" classname="eu.europa.esig.dss.validation.executor.ExecuteDifferentPoliciesTest" time="0.004"/>
  <testcase name="noError(XmlDiagnosticData, ValidationPolicy)[926]" classname="eu.europa.esig.dss.validation.executor.ExecuteDifferentPoliciesTest" time="0.002"/>
  <testcase name="noError(XmlDiagnosticData, ValidationPolicy)[927]" classname="eu.europa.esig.dss.validation.executor.ExecuteDifferentPoliciesTest" time="0.008"/>
  <testcase name="noError(XmlDiagnosticData, ValidationPolicy)[928]" classname="eu.europa.esig.dss.validation.executor.ExecuteDifferentPoliciesTest" time="0.004"/>
  <testcase name="noError(XmlDiagnosticData, ValidationPolicy)[929]" classname="eu.europa.esig.dss.validation.executor.ExecuteDifferentPoliciesTest" time="0.003"/>
  <testcase name="noError(XmlDiagnosticData, ValidationPolicy)[930]" classname="eu.europa.esig.dss.validation.executor.ExecuteDifferentPoliciesTest" time="0.002"/>
  <testcase name="noError(XmlDiagnosticData, ValidationPolicy)[931]" classname="eu.europa.esig.dss.validation.executor.ExecuteDifferentPoliciesTest" time="0.003"/>
  <testcase name="noError(XmlDiagnosticData, ValidationPolicy)[932]" classname="eu.europa.esig.dss.validation.executor.ExecuteDifferentPoliciesTest" time="0.006"/>
  <testcase name="noError(XmlDiagnosticData, ValidationPolicy)[933]" classname="eu.europa.esig.dss.validation.executor.ExecuteDifferentPoliciesTest" time="0.002"/>
  <testcase name="noError(XmlDiagnosticData, ValidationPolicy)[934]" classname="eu.europa.esig.dss.validation.executor.ExecuteDifferentPoliciesTest" time="0.003"/>
  <testcase name="noError(XmlDiagnosticData, ValidationPolicy)[935]" classname="eu.europa.esig.dss.validation.executor.ExecuteDifferentPoliciesTest" time="0.005"/>
  <testcase name="noError(XmlDiagnosticData, ValidationPolicy)[936]" classname="eu.europa.esig.dss.validation.executor.ExecuteDifferentPoliciesTest" time="0.002"/>
  <testcase name="noError(XmlDiagnosticData, ValidationPolicy)[937]" classname="eu.europa.esig.dss.validation.executor.ExecuteDifferentPoliciesTest" time="0.002"/>
  <testcase name="noError(XmlDiagnosticData, ValidationPolicy)[938]" classname="eu.europa.esig.dss.validation.executor.ExecuteDifferentPoliciesTest" time="0.001"/>
  <testcase name="noError(XmlDiagnosticData, ValidationPolicy)[939]" classname="eu.europa.esig.dss.validation.executor.ExecuteDifferentPoliciesTest" time="0.002"/>
  <testcase name="noError(XmlDiagnosticData, ValidationPolicy)[940]" classname="eu.europa.esig.dss.validation.executor.ExecuteDifferentPoliciesTest" time="0.005"/>
  <testcase name="noError(XmlDiagnosticData, ValidationPolicy)[941]" classname="eu.europa.esig.dss.validation.executor.ExecuteDifferentPoliciesTest" time="0.003"/>
  <testcase name="noError(XmlDiagnosticData, ValidationPolicy)[942]" classname="eu.europa.esig.dss.validation.executor.ExecuteDifferentPoliciesTest" time="0.002"/>
  <testcase name="noError(XmlDiagnosticData, ValidationPolicy)[943]" classname="eu.europa.esig.dss.validation.executor.ExecuteDifferentPoliciesTest" time="0.001"/>
  <testcase name="noError(XmlDiagnosticData, ValidationPolicy)[944]" classname="eu.europa.esig.dss.validation.executor.ExecuteDifferentPoliciesTest" time="0.005"/>
  <testcase name="noError(XmlDiagnosticData, ValidationPolicy)[945]" classname="eu.europa.esig.dss.validation.executor.ExecuteDifferentPoliciesTest" time="0.004"/>
  <testcase name="noError(XmlDiagnosticData, ValidationPolicy)[946]" classname="eu.europa.esig.dss.validation.executor.ExecuteDifferentPoliciesTest" time="0.003"/>
  <testcase name="noError(XmlDiagnosticData, ValidationPolicy)[947]" classname="eu.europa.esig.dss.validation.executor.ExecuteDifferentPoliciesTest" time="0.002"/>
  <testcase name="noError(XmlDiagnosticData, ValidationPolicy)[948]" classname="eu.europa.esig.dss.validation.executor.ExecuteDifferentPoliciesTest" time="0.001"/>
  <testcase name="noError(XmlDiagnosticData, ValidationPolicy)[949]" classname="eu.europa.esig.dss.validation.executor.ExecuteDifferentPoliciesTest" time="0.006"/>
  <testcase name="noError(XmlDiagnosticData, ValidationPolicy)[950]" classname="eu.europa.esig.dss.validation.executor.ExecuteDifferentPoliciesTest" time="0.002"/>
  <testcase name="noError(XmlDiagnosticData, ValidationPolicy)[951]" classname="eu.europa.esig.dss.validation.executor.ExecuteDifferentPoliciesTest" time="0.002"/>
  <testcase name="noError(XmlDiagnosticData, ValidationPolicy)[952]" classname="eu.europa.esig.dss.validation.executor.ExecuteDifferentPoliciesTest" time="0.002"/>
  <testcase name="noError(XmlDiagnosticData, ValidationPolicy)[953]" classname="eu.europa.esig.dss.validation.executor.ExecuteDifferentPoliciesTest" time="0.003"/>
  <testcase name="noError(XmlDiagnosticData, ValidationPolicy)[954]" classname="eu.europa.esig.dss.validation.executor.ExecuteDifferentPoliciesTest" time="0.008"/>
  <testcase name="noError(XmlDiagnosticData, ValidationPolicy)[955]" classname="eu.europa.esig.dss.validation.executor.ExecuteDifferentPoliciesTest" time="0.002"/>
  <testcase name="noError(XmlDiagnosticData, ValidationPolicy)[956]" classname="eu.europa.esig.dss.validation.executor.ExecuteDifferentPoliciesTest" time="0.002"/>
  <testcase name="noError(XmlDiagnosticData, ValidationPolicy)[957]" classname="eu.europa.esig.dss.validation.executor.ExecuteDifferentPoliciesTest" time="0.005"/>
  <testcase name="noError(XmlDiagnosticData, ValidationPolicy)[958]" classname="eu.europa.esig.dss.validation.executor.ExecuteDifferentPoliciesTest" time="0.004"/>
  <testcase name="noError(XmlDiagnosticData, ValidationPolicy)[959]" classname="eu.europa.esig.dss.validation.executor.ExecuteDifferentPoliciesTest" time="0.002"/>
  <testcase name="noError(XmlDiagnosticData, ValidationPolicy)[960]" classname="eu.europa.esig.dss.validation.executor.ExecuteDifferentPoliciesTest" time="0.001"/>
  <testcase name="noError(XmlDiagnosticData, ValidationPolicy)[961]" classname="eu.europa.esig.dss.validation.executor.ExecuteDifferentPoliciesTest" time="0.004"/>
  <testcase name="noError(XmlDiagnosticData, ValidationPolicy)[962]" classname="eu.europa.esig.dss.validation.executor.ExecuteDifferentPoliciesTest" time="0.002"/>
  <testcase name="noError(XmlDiagnosticData, ValidationPolicy)[963]" classname="eu.europa.esig.dss.validation.executor.ExecuteDifferentPoliciesTest" time="0.004"/>
  <testcase name="noError(XmlDiagnosticData, ValidationPolicy)[964]" classname="eu.europa.esig.dss.validation.executor.ExecuteDifferentPoliciesTest" time="0.004"/>
  <testcase name="noError(XmlDiagnosticData, ValidationPolicy)[965]" classname="eu.europa.esig.dss.validation.executor.ExecuteDifferentPoliciesTest" time="0.003"/>
  <testcase name="noError(XmlDiagnosticData, ValidationPolicy)[966]" classname="eu.europa.esig.dss.validation.executor.ExecuteDifferentPoliciesTest" time="0.004"/>
  <testcase name="noError(XmlDiagnosticData, ValidationPolicy)[967]" classname="eu.europa.esig.dss.validation.executor.ExecuteDifferentPoliciesTest" time="0.002"/>
  <testcase name="noError(XmlDiagnosticData, ValidationPolicy)[968]" classname="eu.europa.esig.dss.validation.executor.ExecuteDifferentPoliciesTest" time="0.002"/>
  <testcase name="noError(XmlDiagnosticData, ValidationPolicy)[969]" classname="eu.europa.esig.dss.validation.executor.ExecuteDifferentPoliciesTest" time="0.004"/>
  <testcase name="noError(XmlDiagnosticData, ValidationPolicy)[970]" classname="eu.europa.esig.dss.validation.executor.ExecuteDifferentPoliciesTest" time="0.007"/>
  <testcase name="noError(XmlDiagnosticData, ValidationPolicy)[971]" classname="eu.europa.esig.dss.validation.executor.ExecuteDifferentPoliciesTest" time="0.004"/>
  <testcase name="noError(XmlDiagnosticData, ValidationPolicy)[972]" classname="eu.europa.esig.dss.validation.executor.ExecuteDifferentPoliciesTest" time="0.001"/>
  <testcase name="noError(XmlDiagnosticData, ValidationPolicy)[973]" classname="eu.europa.esig.dss.validation.executor.ExecuteDifferentPoliciesTest" time="0.003"/>
  <testcase name="noError(XmlDiagnosticData, ValidationPolicy)[974]" classname="eu.europa.esig.dss.validation.executor.ExecuteDifferentPoliciesTest" time="0.004"/>
  <testcase name="noError(XmlDiagnosticData, ValidationPolicy)[975]" classname="eu.europa.esig.dss.validation.executor.ExecuteDifferentPoliciesTest" time="0.005"/>
  <testcase name="noError(XmlDiagnosticData, ValidationPolicy)[976]" classname="eu.europa.esig.dss.validation.executor.ExecuteDifferentPoliciesTest" time="0.003"/>
  <testcase name="noError(XmlDiagnosticData, ValidationPolicy)[977]" classname="eu.europa.esig.dss.validation.executor.ExecuteDifferentPoliciesTest" time="0.006"/>
  <testcase name="noError(XmlDiagnosticData, ValidationPolicy)[978]" classname="eu.europa.esig.dss.validation.executor.ExecuteDifferentPoliciesTest" time="0.005"/>
  <testcase name="noError(XmlDiagnosticData, ValidationPolicy)[979]" classname="eu.europa.esig.dss.validation.executor.ExecuteDifferentPoliciesTest" time="0.002"/>
  <testcase name="noError(XmlDiagnosticData, ValidationPolicy)[980]" classname="eu.europa.esig.dss.validation.executor.ExecuteDifferentPoliciesTest" time="0.003"/>
  <testcase name="noError(XmlDiagnosticData, ValidationPolicy)[981]" classname="eu.europa.esig.dss.validation.executor.ExecuteDifferentPoliciesTest" time="0.007"/>
  <testcase name="noError(XmlDiagnosticData, ValidationPolicy)[982]" classname="eu.europa.esig.dss.validation.executor.ExecuteDifferentPoliciesTest" time="0.004"/>
  <testcase name="noError(XmlDiagnosticData, ValidationPolicy)[983]" classname="eu.europa.esig.dss.validation.executor.ExecuteDifferentPoliciesTest" time="0.003"/>
  <testcase name="noError(XmlDiagnosticData, ValidationPolicy)[984]" classname="eu.europa.esig.dss.validation.executor.ExecuteDifferentPoliciesTest" time="0.002"/>
  <testcase name="noError(XmlDiagnosticData, ValidationPolicy)[985]" classname="eu.europa.esig.dss.validation.executor.ExecuteDifferentPoliciesTest" time="0.004"/>
  <testcase name="noError(XmlDiagnosticData, ValidationPolicy)[986]" classname="eu.europa.esig.dss.validation.executor.ExecuteDifferentPoliciesTest" time="0.001"/>
  <testcase name="noError(XmlDiagnosticData, ValidationPolicy)[987]" classname="eu.europa.esig.dss.validation.executor.ExecuteDifferentPoliciesTest" time="0.002"/>
  <testcase name="noError(XmlDiagnosticData, ValidationPolicy)[988]" classname="eu.europa.esig.dss.validation.executor.ExecuteDifferentPoliciesTest" time="0.002"/>
  <testcase name="noError(XmlDiagnosticData, ValidationPolicy)[989]" classname="eu.europa.esig.dss.validation.executor.ExecuteDifferentPoliciesTest" time="0.002"/>
  <testcase name="noError(XmlDiagnosticData, ValidationPolicy)[990]" classname="eu.europa.esig.dss.validation.executor.ExecuteDifferentPoliciesTest" time="0.005"/>
  <testcase name="noError(XmlDiagnosticData, ValidationPolicy)[991]" classname="eu.europa.esig.dss.validation.executor.ExecuteDifferentPoliciesTest" time="0.002"/>
  <testcase name="noError(XmlDiagnosticData, ValidationPolicy)[992]" classname="eu.europa.esig.dss.validation.executor.ExecuteDifferentPoliciesTest" time="0.003"/>
  <testcase name="noError(XmlDiagnosticData, ValidationPolicy)[993]" classname="eu.europa.esig.dss.validation.executor.ExecuteDifferentPoliciesTest" time="0.002"/>
  <testcase name="noError(XmlDiagnosticData, ValidationPolicy)[994]" classname="eu.europa.esig.dss.validation.executor.ExecuteDifferentPoliciesTest" time="0.005"/>
  <testcase name="noError(XmlDiagnosticData, ValidationPolicy)[995]" classname="eu.europa.esig.dss.validation.executor.ExecuteDifferentPoliciesTest" time="0.003"/>
  <testcase name="noError(XmlDiagnosticData, ValidationPolicy)[996]" classname="eu.europa.esig.dss.validation.executor.ExecuteDifferentPoliciesTest" time="0.001"/>
  <testcase name="noError(XmlDiagnosticData, ValidationPolicy)[997]" classname="eu.europa.esig.dss.validation.executor.ExecuteDifferentPoliciesTest" time="0.003"/>
  <testcase name="noError(XmlDiagnosticData, ValidationPolicy)[998]" classname="eu.europa.esig.dss.validation.executor.ExecuteDifferentPoliciesTest" time="0.001"/>
  <testcase name="noError(XmlDiagnosticData, ValidationPolicy)[999]" classname="eu.europa.esig.dss.validation.executor.ExecuteDifferentPoliciesTest" time="0.007"/>
  <testcase name="noError(XmlDiagnosticData, ValidationPolicy)[1000]" classname="eu.europa.esig.dss.validation.executor.ExecuteDifferentPoliciesTest" time="0.003"/>
  <testcase name="noError(XmlDiagnosticData, ValidationPolicy)[1001]" classname="eu.europa.esig.dss.validation.executor.ExecuteDifferentPoliciesTest" time="0.004"/>
  <testcase name="noError(XmlDiagnosticData, ValidationPolicy)[1002]" classname="eu.europa.esig.dss.validation.executor.ExecuteDifferentPoliciesTest" time="0.005"/>
  <testcase name="noError(XmlDiagnosticData, ValidationPolicy)[1003]" classname="eu.europa.esig.dss.validation.executor.ExecuteDifferentPoliciesTest" time="0.002"/>
  <testcase name="noError(XmlDiagnosticData, ValidationPolicy)[1004]" classname="eu.europa.esig.dss.validation.executor.ExecuteDifferentPoliciesTest" time="0.002"/>
  <testcase name="noError(XmlDiagnosticData, ValidationPolicy)[1005]" classname="eu.europa.esig.dss.validation.executor.ExecuteDifferentPoliciesTest" time="0.002"/>
  <testcase name="noError(XmlDiagnosticData, ValidationPolicy)[1006]" classname="eu.europa.esig.dss.validation.executor.ExecuteDifferentPoliciesTest" time="0.002"/>
  <testcase name="noError(XmlDiagnosticData, ValidationPolicy)[1007]" classname="eu.europa.esig.dss.validation.executor.ExecuteDifferentPoliciesTest" time="0.005"/>
  <testcase name="noError(XmlDiagnosticData, ValidationPolicy)[1008]" classname="eu.europa.esig.dss.validation.executor.ExecuteDifferentPoliciesTest" time="0.003"/>
  <testcase name="noError(XmlDiagnosticData, ValidationPolicy)[1009]" classname="eu.europa.esig.dss.validation.executor.ExecuteDifferentPoliciesTest" time="0.004"/>
  <testcase name="noError(XmlDiagnosticData, ValidationPolicy)[1010]" classname="eu.europa.esig.dss.validation.executor.ExecuteDifferentPoliciesTest" time="0.002"/>
  <testcase name="noError(XmlDiagnosticData, ValidationPolicy)[1011]" classname="eu.europa.esig.dss.validation.executor.ExecuteDifferentPoliciesTest" time="0.005"/>
  <testcase name="noError(XmlDiagnosticData, ValidationPolicy)[1012]" classname="eu.europa.esig.dss.validation.executor.ExecuteDifferentPoliciesTest" time="0.004"/>
  <testcase name="noError(XmlDiagnosticData, ValidationPolicy)[1013]" classname="eu.europa.esig.dss.validation.executor.ExecuteDifferentPoliciesTest" time="0.003"/>
  <testcase name="noError(XmlDiagnosticData, ValidationPolicy)[1014]" classname="eu.europa.esig.dss.validation.executor.ExecuteDifferentPoliciesTest" time="0.004"/>
  <testcase name="noError(XmlDiagnosticData, ValidationPolicy)[1015]" classname="eu.europa.esig.dss.validation.executor.ExecuteDifferentPoliciesTest" time="0.004"/>
  <testcase name="noError(XmlDiagnosticData, ValidationPolicy)[1016]" classname="eu.europa.esig.dss.validation.executor.ExecuteDifferentPoliciesTest" time="0.003"/>
  <testcase name="noError(XmlDiagnosticData, ValidationPolicy)[1017]" classname="eu.europa.esig.dss.validation.executor.ExecuteDifferentPoliciesTest" time="0.003"/>
  <testcase name="noError(XmlDiagnosticData, ValidationPolicy)[1018]" classname="eu.europa.esig.dss.validation.executor.ExecuteDifferentPoliciesTest" time="0.003"/>
  <testcase name="noError(XmlDiagnosticData, ValidationPolicy)[1019]" classname="eu.europa.esig.dss.validation.executor.ExecuteDifferentPoliciesTest" time="0.003"/>
  <testcase name="noError(XmlDiagnosticData, ValidationPolicy)[1020]" classname="eu.europa.esig.dss.validation.executor.ExecuteDifferentPoliciesTest" time="0.002"/>
  <testcase name="noError(XmlDiagnosticData, ValidationPolicy)[1021]" classname="eu.europa.esig.dss.validation.executor.ExecuteDifferentPoliciesTest" time="0.004"/>
  <testcase name="noError(XmlDiagnosticData, ValidationPolicy)[1022]" classname="eu.europa.esig.dss.validation.executor.ExecuteDifferentPoliciesTest" time="0.002"/>
  <testcase name="noError(XmlDiagnosticData, ValidationPolicy)[1023]" classname="eu.europa.esig.dss.validation.executor.ExecuteDifferentPoliciesTest" time="0.001"/>
  <testcase name="noError(XmlDiagnosticData, ValidationPolicy)[1024]" classname="eu.europa.esig.dss.validation.executor.ExecuteDifferentPoliciesTest" time="0.002"/>
  <testcase name="noError(XmlDiagnosticData, ValidationPolicy)[1025]" classname="eu.europa.esig.dss.validation.executor.ExecuteDifferentPoliciesTest" time="0.005"/>
  <testcase name="noError(XmlDiagnosticData, ValidationPolicy)[1026]" classname="eu.europa.esig.dss.validation.executor.ExecuteDifferentPoliciesTest" time="0.005"/>
  <testcase name="noError(XmlDiagnosticData, ValidationPolicy)[1027]" classname="eu.europa.esig.dss.validation.executor.ExecuteDifferentPoliciesTest" time="0.002"/>
  <testcase name="noError(XmlDiagnosticData, ValidationPolicy)[1028]" classname="eu.europa.esig.dss.validation.executor.ExecuteDifferentPoliciesTest" time="0.003"/>
  <testcase name="noError(XmlDiagnosticData, ValidationPolicy)[1029]" classname="eu.europa.esig.dss.validation.executor.ExecuteDifferentPoliciesTest" time="0.006"/>
  <testcase name="noError(XmlDiagnosticData, ValidationPolicy)[1030]" classname="eu.europa.esig.dss.validation.executor.ExecuteDifferentPoliciesTest" time="0.004"/>
  <testcase name="noError(XmlDiagnosticData, ValidationPolicy)[1031]" classname="eu.europa.esig.dss.validation.executor.ExecuteDifferentPoliciesTest" time="0.003"/>
  <testcase name="noError(XmlDiagnosticData, ValidationPolicy)[1032]" classname="eu.europa.esig.dss.validation.executor.ExecuteDifferentPoliciesTest" time="0.004"/>
  <testcase name="noError(XmlDiagnosticData, ValidationPolicy)[1033]" classname="eu.europa.esig.dss.validation.executor.ExecuteDifferentPoliciesTest" time="0.006"/>
  <testcase name="noError(XmlDiagnosticData, ValidationPolicy)[1034]" classname="eu.europa.esig.dss.validation.executor.ExecuteDifferentPoliciesTest" time="0.001"/>
  <testcase name="noError(XmlDiagnosticData, ValidationPolicy)[1035]" classname="eu.europa.esig.dss.validation.executor.ExecuteDifferentPoliciesTest" time="0.002"/>
  <testcase name="noError(XmlDiagnosticData, ValidationPolicy)[1036]" classname="eu.europa.esig.dss.validation.executor.ExecuteDifferentPoliciesTest" time="0.009"/>
  <testcase name="noError(XmlDiagnosticData, ValidationPolicy)[1037]" classname="eu.europa.esig.dss.validation.executor.ExecuteDifferentPoliciesTest" time="0.002"/>
  <testcase name="noError(XmlDiagnosticData, ValidationPolicy)[1038]" classname="eu.europa.esig.dss.validation.executor.ExecuteDifferentPoliciesTest" time="0.002"/>
  <testcase name="noError(XmlDiagnosticData, ValidationPolicy)[1039]" classname="eu.europa.esig.dss.validation.executor.ExecuteDifferentPoliciesTest" time="0.002"/>
  <testcase name="noError(XmlDiagnosticData, ValidationPolicy)[1040]" classname="eu.europa.esig.dss.validation.executor.ExecuteDifferentPoliciesTest" time="0.003"/>
  <testcase name="noError(XmlDiagnosticData, ValidationPolicy)[1041]" classname="eu.europa.esig.dss.validation.executor.ExecuteDifferentPoliciesTest" time="0.003"/>
  <testcase name="noError(XmlDiagnosticData, ValidationPolicy)[1042]" classname="eu.europa.esig.dss.validation.executor.ExecuteDifferentPoliciesTest" time="0.002"/>
  <testcase name="noError(XmlDiagnosticData, ValidationPolicy)[1043]" classname="eu.europa.esig.dss.validation.executor.ExecuteDifferentPoliciesTest" time="0.002"/>
  <testcase name="noError(XmlDiagnosticData, ValidationPolicy)[1044]" classname="eu.europa.esig.dss.validation.executor.ExecuteDifferentPoliciesTest" time="0.001"/>
  <testcase name="noError(XmlDiagnosticData, ValidationPolicy)[1045]" classname="eu.europa.esig.dss.validation.executor.ExecuteDifferentPoliciesTest" time="0.004"/>
  <testcase name="noError(XmlDiagnosticData, ValidationPolicy)[1046]" classname="eu.europa.esig.dss.validation.executor.ExecuteDifferentPoliciesTest" time="0.002"/>
  <testcase name="noError(XmlDiagnosticData, ValidationPolicy)[1047]" classname="eu.europa.esig.dss.validation.executor.ExecuteDifferentPoliciesTest" time="0.003"/>
  <testcase name="noError(XmlDiagnosticData, ValidationPolicy)[1048]" classname="eu.europa.esig.dss.validation.executor.ExecuteDifferentPoliciesTest" time="0.003"/>
  <testcase name="noError(XmlDiagnosticData, ValidationPolicy)[1049]" classname="eu.europa.esig.dss.validation.executor.ExecuteDifferentPoliciesTest" time="0.006"/>
  <testcase name="noError(XmlDiagnosticData, ValidationPolicy)[1050]" classname="eu.europa.esig.dss.validation.executor.ExecuteDifferentPoliciesTest" time="0.005"/>
  <testcase name="noError(XmlDiagnosticData, ValidationPolicy)[1051]" classname="eu.europa.esig.dss.validation.executor.ExecuteDifferentPoliciesTest" time="0.002"/>
  <testcase name="noError(XmlDiagnosticData, ValidationPolicy)[1052]" classname="eu.europa.esig.dss.validation.executor.ExecuteDifferentPoliciesTest" time="0.003"/>
  <testcase name="noError(XmlDiagnosticData, ValidationPolicy)[1053]" classname="eu.europa.esig.dss.validation.executor.ExecuteDifferentPoliciesTest" time="0.007"/>
  <testcase name="noError(XmlDiagnosticData, ValidationPolicy)[1054]" classname="eu.europa.esig.dss.validation.executor.ExecuteDifferentPoliciesTest" time="0.004"/>
  <testcase name="noError(XmlDiagnosticData, ValidationPolicy)[1055]" classname="eu.europa.esig.dss.validation.executor.ExecuteDifferentPoliciesTest" time="0.008"/>
  <testcase name="noError(XmlDiagnosticData, ValidationPolicy)[1056]" classname="eu.europa.esig.dss.validation.executor.ExecuteDifferentPoliciesTest" time="0.005"/>
  <testcase name="noError(XmlDiagnosticData, ValidationPolicy)[1057]" classname="eu.europa.esig.dss.validation.executor.ExecuteDifferentPoliciesTest" time="0.013"/>
  <testcase name="noError(XmlDiagnosticData, ValidationPolicy)[1058]" classname="eu.europa.esig.dss.validation.executor.ExecuteDifferentPoliciesTest" time="0.002"/>
  <testcase name="noError(XmlDiagnosticData, ValidationPolicy)[1059]" classname="eu.europa.esig.dss.validation.executor.ExecuteDifferentPoliciesTest" time="0.003"/>
  <testcase name="noError(XmlDiagnosticData, ValidationPolicy)[1060]" classname="eu.europa.esig.dss.validation.executor.ExecuteDifferentPoliciesTest" time="0.015"/>
  <testcase name="noError(XmlDiagnosticData, ValidationPolicy)[1061]" classname="eu.europa.esig.dss.validation.executor.ExecuteDifferentPoliciesTest" time="0.011"/>
  <testcase name="noError(XmlDiagnosticData, ValidationPolicy)[1062]" classname="eu.europa.esig.dss.validation.executor.ExecuteDifferentPoliciesTest" time="0.006"/>
  <testcase name="noError(XmlDiagnosticData, ValidationPolicy)[1063]" classname="eu.europa.esig.dss.validation.executor.ExecuteDifferentPoliciesTest" time="0.006"/>
  <testcase name="noError(XmlDiagnosticData, ValidationPolicy)[1064]" classname="eu.europa.esig.dss.validation.executor.ExecuteDifferentPoliciesTest" time="0.006"/>
  <testcase name="noError(XmlDiagnosticData, ValidationPolicy)[1065]" classname="eu.europa.esig.dss.validation.executor.ExecuteDifferentPoliciesTest" time="0.026"/>
  <testcase name="noError(XmlDiagnosticData, ValidationPolicy)[1066]" classname="eu.europa.esig.dss.validation.executor.ExecuteDifferentPoliciesTest" time="0.012"/>
  <testcase name="noError(XmlDiagnosticData, ValidationPolicy)[1067]" classname="eu.europa.esig.dss.validation.executor.ExecuteDifferentPoliciesTest" time="0.008"/>
  <testcase name="noError(XmlDiagnosticData, ValidationPolicy)[1068]" classname="eu.europa.esig.dss.validation.executor.ExecuteDifferentPoliciesTest" time="0.009"/>
  <testcase name="noError(XmlDiagnosticData, ValidationPolicy)[1069]" classname="eu.europa.esig.dss.validation.executor.ExecuteDifferentPoliciesTest" time="0.003"/>
  <testcase name="noError(XmlDiagnosticData, ValidationPolicy)[1070]" classname="eu.europa.esig.dss.validation.executor.ExecuteDifferentPoliciesTest" time="0.002"/>
  <testcase name="noError(XmlDiagnosticData, ValidationPolicy)[1071]" classname="eu.europa.esig.dss.validation.executor.ExecuteDifferentPoliciesTest" time="0.005"/>
  <testcase name="noError(XmlDiagnosticData, ValidationPolicy)[1072]" classname="eu.europa.esig.dss.validation.executor.ExecuteDifferentPoliciesTest" time="0.004"/>
  <testcase name="noError(XmlDiagnosticData, ValidationPolicy)[1073]" classname="eu.europa.esig.dss.validation.executor.ExecuteDifferentPoliciesTest" time="0.003"/>
  <testcase name="noError(XmlDiagnosticData, ValidationPolicy)[1074]" classname="eu.europa.esig.dss.validation.executor.ExecuteDifferentPoliciesTest" time="0.002"/>
  <testcase name="noError(XmlDiagnosticData, ValidationPolicy)[1075]" classname="eu.europa.esig.dss.validation.executor.ExecuteDifferentPoliciesTest" time="0.002"/>
  <testcase name="noError(XmlDiagnosticData, ValidationPolicy)[1076]" classname="eu.europa.esig.dss.validation.executor.ExecuteDifferentPoliciesTest" time="0.004"/>
  <testcase name="noError(XmlDiagnosticData, ValidationPolicy)[1077]" classname="eu.europa.esig.dss.validation.executor.ExecuteDifferentPoliciesTest" time="0.003"/>
  <testcase name="noError(XmlDiagnosticData, ValidationPolicy)[1078]" classname="eu.europa.esig.dss.validation.executor.ExecuteDifferentPoliciesTest" time="0.002"/>
  <testcase name="noError(XmlDiagnosticData, ValidationPolicy)[1079]" classname="eu.europa.esig.dss.validation.executor.ExecuteDifferentPoliciesTest" time="0.002"/>
  <testcase name="noError(XmlDiagnosticData, ValidationPolicy)[1080]" classname="eu.europa.esig.dss.validation.executor.ExecuteDifferentPoliciesTest" time="0.001"/>
  <testcase name="noError(XmlDiagnosticData, ValidationPolicy)[1081]" classname="eu.europa.esig.dss.validation.executor.ExecuteDifferentPoliciesTest" time="0.01"/>
  <testcase name="noError(XmlDiagnosticData, ValidationPolicy)[1082]" classname="eu.europa.esig.dss.validation.executor.ExecuteDifferentPoliciesTest" time="0.002"/>
  <testcase name="noError(XmlDiagnosticData, ValidationPolicy)[1083]" classname="eu.europa.esig.dss.validation.executor.ExecuteDifferentPoliciesTest" time="0.002"/>
  <testcase name="noError(XmlDiagnosticData, ValidationPolicy)[1084]" classname="eu.europa.esig.dss.validation.executor.ExecuteDifferentPoliciesTest" time="0.01"/>
  <testcase name="noError(XmlDiagnosticData, ValidationPolicy)[1085]" classname="eu.europa.esig.dss.validation.executor.ExecuteDifferentPoliciesTest" time="0.002"/>
  <testcase name="noError(XmlDiagnosticData, ValidationPolicy)[1086]" classname="eu.europa.esig.dss.validation.executor.ExecuteDifferentPoliciesTest" time="0.001"/>
  <testcase name="noError(XmlDiagnosticData, ValidationPolicy)[1087]" classname="eu.europa.esig.dss.validation.executor.ExecuteDifferentPoliciesTest" time="0.002"/>
  <testcase name="noError(XmlDiagnosticData, ValidationPolicy)[1088]" classname="eu.europa.esig.dss.validation.executor.ExecuteDifferentPoliciesTest" time="0.002"/>
  <testcase name="noError(XmlDiagnosticData, ValidationPolicy)[1089]" classname="eu.europa.esig.dss.validation.executor.ExecuteDifferentPoliciesTest" time="0.003"/>
  <testcase name="noError(XmlDiagnosticData, ValidationPolicy)[1090]" classname="eu.europa.esig.dss.validation.executor.ExecuteDifferentPoliciesTest" time="0.002"/>
  <testcase name="noError(XmlDiagnosticData, ValidationPolicy)[1091]" classname="eu.europa.esig.dss.validation.executor.ExecuteDifferentPoliciesTest" time="0.002"/>
  <testcase name="noError(XmlDiagnosticData, ValidationPolicy)[1092]" classname="eu.europa.esig.dss.validation.executor.ExecuteDifferentPoliciesTest" time="0.005"/>
  <testcase name="noError(XmlDiagnosticData, ValidationPolicy)[1093]" classname="eu.europa.esig.dss.validation.executor.ExecuteDifferentPoliciesTest" time="0.004"/>
  <testcase name="noError(XmlDiagnosticData, ValidationPolicy)[1094]" classname="eu.europa.esig.dss.validation.executor.ExecuteDifferentPoliciesTest" time="0.002"/>
  <testcase name="noError(XmlDiagnosticData, ValidationPolicy)[1095]" classname="eu.europa.esig.dss.validation.executor.ExecuteDifferentPoliciesTest" time="0.003"/>
  <testcase name="noError(XmlDiagnosticData, ValidationPolicy)[1096]" classname="eu.europa.esig.dss.validation.executor.ExecuteDifferentPoliciesTest" time="0.005"/>
  <testcase name="noError(XmlDiagnosticData, ValidationPolicy)[1097]" classname="eu.europa.esig.dss.validation.executor.ExecuteDifferentPoliciesTest" time="0.015"/>
  <testcase name="noError(XmlDiagnosticData, ValidationPolicy)[1098]" classname="eu.europa.esig.dss.validation.executor.ExecuteDifferentPoliciesTest" time="0.005"/>
  <testcase name="noError(XmlDiagnosticData, ValidationPolicy)[1099]" classname="eu.europa.esig.dss.validation.executor.ExecuteDifferentPoliciesTest" time="0.002"/>
  <testcase name="noError(XmlDiagnosticData, ValidationPolicy)[1100]" classname="eu.europa.esig.dss.validation.executor.ExecuteDifferentPoliciesTest" time="0.003"/>
  <testcase name="noError(XmlDiagnosticData, ValidationPolicy)[1101]" classname="eu.europa.esig.dss.validation.executor.ExecuteDifferentPoliciesTest" time="0.003"/>
  <testcase name="noError(XmlDiagnosticData, ValidationPolicy)[1102]" classname="eu.europa.esig.dss.validation.executor.ExecuteDifferentPoliciesTest" time="0.004"/>
  <testcase name="noError(XmlDiagnosticData, ValidationPolicy)[1103]" classname="eu.europa.esig.dss.validation.executor.ExecuteDifferentPoliciesTest" time="0.007"/>
  <testcase name="noError(XmlDiagnosticData, ValidationPolicy)[1104]" classname="eu.europa.esig.dss.validation.executor.ExecuteDifferentPoliciesTest" time="0.002"/>
  <testcase name="noError(XmlDiagnosticData, ValidationPolicy)[1105]" classname="eu.europa.esig.dss.validation.executor.ExecuteDifferentPoliciesTest" time="0.004"/>
  <testcase name="noError(XmlDiagnosticData, ValidationPolicy)[1106]" classname="eu.europa.esig.dss.validation.executor.ExecuteDifferentPoliciesTest" time="0.001"/>
  <testcase name="noError(XmlDiagnosticData, ValidationPolicy)[1107]" classname="eu.europa.esig.dss.validation.executor.ExecuteDifferentPoliciesTest" time="0.001"/>
  <testcase name="noError(XmlDiagnosticData, ValidationPolicy)[1108]" classname="eu.europa.esig.dss.validation.executor.ExecuteDifferentPoliciesTest" time="0.004"/>
  <testcase name="noError(XmlDiagnosticData, ValidationPolicy)[1109]" classname="eu.europa.esig.dss.validation.executor.ExecuteDifferentPoliciesTest" time="0.002"/>
  <testcase name="noError(XmlDiagnosticData, ValidationPolicy)[1110]" classname="eu.europa.esig.dss.validation.executor.ExecuteDifferentPoliciesTest" time="0.003"/>
  <testcase name="noError(XmlDiagnosticData, ValidationPolicy)[1111]" classname="eu.europa.esig.dss.validation.executor.ExecuteDifferentPoliciesTest" time="0.001"/>
  <testcase name="noError(XmlDiagnosticData, ValidationPolicy)[1112]" classname="eu.europa.esig.dss.validation.executor.ExecuteDifferentPoliciesTest" time="0"/>
  <testcase name="noError(XmlDiagnosticData, ValidationPolicy)[1113]" classname="eu.europa.esig.dss.validation.executor.ExecuteDifferentPoliciesTest" time="0.003"/>
  <testcase name="noError(XmlDiagnosticData, ValidationPolicy)[1114]" classname="eu.europa.esig.dss.validation.executor.ExecuteDifferentPoliciesTest" time="0.004"/>
  <testcase name="noError(XmlDiagnosticData, ValidationPolicy)[1115]" classname="eu.europa.esig.dss.validation.executor.ExecuteDifferentPoliciesTest" time="0.002"/>
  <testcase name="noError(XmlDiagnosticData, ValidationPolicy)[1116]" classname="eu.europa.esig.dss.validation.executor.ExecuteDifferentPoliciesTest" time="0.001"/>
  <testcase name="noError(XmlDiagnosticData, ValidationPolicy)[1117]" classname="eu.europa.esig.dss.validation.executor.ExecuteDifferentPoliciesTest" time="0.007"/>
  <testcase name="noError(XmlDiagnosticData, ValidationPolicy)[1118]" classname="eu.europa.esig.dss.validation.executor.ExecuteDifferentPoliciesTest" time="0.004"/>
  <testcase name="noError(XmlDiagnosticData, ValidationPolicy)[1119]" classname="eu.europa.esig.dss.validation.executor.ExecuteDifferentPoliciesTest" time="0.004"/>
  <testcase name="noError(XmlDiagnosticData, ValidationPolicy)[1120]" classname="eu.europa.esig.dss.validation.executor.ExecuteDifferentPoliciesTest" time="0.008"/>
  <testcase name="noError(XmlDiagnosticData, ValidationPolicy)[1121]" classname="eu.europa.esig.dss.validation.executor.ExecuteDifferentPoliciesTest" time="0.005"/>
  <testcase name="noError(XmlDiagnosticData, ValidationPolicy)[1122]" classname="eu.europa.esig.dss.validation.executor.ExecuteDifferentPoliciesTest" time="0.005"/>
  <testcase name="noError(XmlDiagnosticData, ValidationPolicy)[1123]" classname="eu.europa.esig.dss.validation.executor.ExecuteDifferentPoliciesTest" time="0.003"/>
  <testcase name="noError(XmlDiagnosticData, ValidationPolicy)[1124]" classname="eu.europa.esig.dss.validation.executor.ExecuteDifferentPoliciesTest" time="0.006"/>
  <testcase name="noError(XmlDiagnosticData, ValidationPolicy)[1125]" classname="eu.europa.esig.dss.validation.executor.ExecuteDifferentPoliciesTest" time="0.006"/>
  <testcase name="noError(XmlDiagnosticData, ValidationPolicy)[1126]" classname="eu.europa.esig.dss.validation.executor.ExecuteDifferentPoliciesTest" time="0.01"/>
  <testcase name="noError(XmlDiagnosticData, ValidationPolicy)[1127]" classname="eu.europa.esig.dss.validation.executor.ExecuteDifferentPoliciesTest" time="0.003"/>
  <testcase name="noError(XmlDiagnosticData, ValidationPolicy)[1128]" classname="eu.europa.esig.dss.validation.executor.ExecuteDifferentPoliciesTest" time="0.002"/>
  <testcase name="noError(XmlDiagnosticData, ValidationPolicy)[1129]" classname="eu.europa.esig.dss.validation.executor.ExecuteDifferentPoliciesTest" time="0.007"/>
  <testcase name="noError(XmlDiagnosticData, ValidationPolicy)[1130]" classname="eu.europa.esig.dss.validation.executor.ExecuteDifferentPoliciesTest" time="0.002"/>
  <testcase name="noError(XmlDiagnosticData, ValidationPolicy)[1131]" classname="eu.europa.esig.dss.validation.executor.ExecuteDifferentPoliciesTest" time="0.002"/>
  <testcase name="noError(XmlDiagnosticData, ValidationPolicy)[1132]" classname="eu.europa.esig.dss.validation.executor.ExecuteDifferentPoliciesTest" time="0.002"/>
  <testcase name="noError(XmlDiagnosticData, ValidationPolicy)[1133]" classname="eu.europa.esig.dss.validation.executor.ExecuteDifferentPoliciesTest" time="0.004"/>
  <testcase name="noError(XmlDiagnosticData, ValidationPolicy)[1134]" classname="eu.europa.esig.dss.validation.executor.ExecuteDifferentPoliciesTest" time="0.003"/>
  <testcase name="noError(XmlDiagnosticData, ValidationPolicy)[1135]" classname="eu.europa.esig.dss.validation.executor.ExecuteDifferentPoliciesTest" time="0.002"/>
  <testcase name="noError(XmlDiagnosticData, ValidationPolicy)[1136]" classname="eu.europa.esig.dss.validation.executor.ExecuteDifferentPoliciesTest" time="0.003"/>
  <testcase name="noError(XmlDiagnosticData, ValidationPolicy)[1137]" classname="eu.europa.esig.dss.validation.executor.ExecuteDifferentPoliciesTest" time="0.004"/>
  <testcase name="noError(XmlDiagnosticData, ValidationPolicy)[1138]" classname="eu.europa.esig.dss.validation.executor.ExecuteDifferentPoliciesTest" time="0.008"/>
  <testcase name="noError(XmlDiagnosticData, ValidationPolicy)[1139]" classname="eu.europa.esig.dss.validation.executor.ExecuteDifferentPoliciesTest" time="0.002"/>
  <testcase name="noError(XmlDiagnosticData, ValidationPolicy)[1140]" classname="eu.europa.esig.dss.validation.executor.ExecuteDifferentPoliciesTest" time="0.001"/>
  <testcase name="noError(XmlDiagnosticData, ValidationPolicy)[1141]" classname="eu.europa.esig.dss.validation.executor.ExecuteDifferentPoliciesTest" time="0.003"/>
  <testcase name="noError(XmlDiagnosticData, ValidationPolicy)[1142]" classname="eu.europa.esig.dss.validation.executor.ExecuteDifferentPoliciesTest" time="0.004"/>
  <testcase name="noError(XmlDiagnosticData, ValidationPolicy)[1143]" classname="eu.europa.esig.dss.validation.executor.ExecuteDifferentPoliciesTest" time="0.007"/>
  <testcase name="noError(XmlDiagnosticData, ValidationPolicy)[1144]" classname="eu.europa.esig.dss.validation.executor.ExecuteDifferentPoliciesTest" time="0.003"/>
  <testcase name="noError(XmlDiagnosticData, ValidationPolicy)[1145]" classname="eu.europa.esig.dss.validation.executor.ExecuteDifferentPoliciesTest" time="0.008"/>
  <testcase name="noError(XmlDiagnosticData, ValidationPolicy)[1146]" classname="eu.europa.esig.dss.validation.executor.ExecuteDifferentPoliciesTest" time="0.004"/>
  <testcase name="noError(XmlDiagnosticData, ValidationPolicy)[1147]" classname="eu.europa.esig.dss.validation.executor.ExecuteDifferentPoliciesTest" time="0.002"/>
  <testcase name="noError(XmlDiagnosticData, ValidationPolicy)[1148]" classname="eu.europa.esig.dss.validation.executor.ExecuteDifferentPoliciesTest" time="0.003"/>
  <testcase name="noError(XmlDiagnosticData, ValidationPolicy)[1149]" classname="eu.europa.esig.dss.validation.executor.ExecuteDifferentPoliciesTest" time="0.005"/>
  <testcase name="noError(XmlDiagnosticData, ValidationPolicy)[1150]" classname="eu.europa.esig.dss.validation.executor.ExecuteDifferentPoliciesTest" time="0.004"/>
  <testcase name="noError(XmlDiagnosticData, ValidationPolicy)[1151]" classname="eu.europa.esig.dss.validation.executor.ExecuteDifferentPoliciesTest" time="0.003"/>
  <testcase name="noError(XmlDiagnosticData, ValidationPolicy)[1152]" classname="eu.europa.esig.dss.validation.executor.ExecuteDifferentPoliciesTest" time="0.005"/>
  <testcase name="noError(XmlDiagnosticData, ValidationPolicy)[1153]" classname="eu.europa.esig.dss.validation.executor.ExecuteDifferentPoliciesTest" time="0.006"/>
  <testcase name="noError(XmlDiagnosticData, ValidationPolicy)[1154]" classname="eu.europa.esig.dss.validation.executor.ExecuteDifferentPoliciesTest" time="0.002"/>
  <testcase name="noError(XmlDiagnosticData, ValidationPolicy)[1155]" classname="eu.europa.esig.dss.validation.executor.ExecuteDifferentPoliciesTest" time="0.004"/>
  <testcase name="noError(XmlDiagnosticData, ValidationPolicy)[1156]" classname="eu.europa.esig.dss.validation.executor.ExecuteDifferentPoliciesTest" time="0.007"/>
  <testcase name="noError(XmlDiagnosticData, ValidationPolicy)[1157]" classname="eu.europa.esig.dss.validation.executor.ExecuteDifferentPoliciesTest" time="0.004"/>
  <testcase name="noError(XmlDiagnosticData, ValidationPolicy)[1158]" classname="eu.europa.esig.dss.validation.executor.ExecuteDifferentPoliciesTest" time="0.011"/>
  <testcase name="noError(XmlDiagnosticData, ValidationPolicy)[1159]" classname="eu.europa.esig.dss.validation.executor.ExecuteDifferentPoliciesTest" time="0.002"/>
  <testcase name="noError(XmlDiagnosticData, ValidationPolicy)[1160]" classname="eu.europa.esig.dss.validation.executor.ExecuteDifferentPoliciesTest" time="0.002"/>
  <testcase name="noError(XmlDiagnosticData, ValidationPolicy)[1161]" classname="eu.europa.esig.dss.validation.executor.ExecuteDifferentPoliciesTest" time="0.006"/>
  <testcase name="noError(XmlDiagnosticData, ValidationPolicy)[1162]" classname="eu.europa.esig.dss.validation.executor.ExecuteDifferentPoliciesTest" time="0.006"/>
  <testcase name="noError(XmlDiagnosticData, ValidationPolicy)[1163]" classname="eu.europa.esig.dss.validation.executor.ExecuteDifferentPoliciesTest" time="0.004"/>
  <testcase name="noError(XmlDiagnosticData, ValidationPolicy)[1164]" classname="eu.europa.esig.dss.validation.executor.ExecuteDifferentPoliciesTest" time="0.006"/>
  <testcase name="noError(XmlDiagnosticData, ValidationPolicy)[1165]" classname="eu.europa.esig.dss.validation.executor.ExecuteDifferentPoliciesTest" time="0.004"/>
  <testcase name="noError(XmlDiagnosticData, ValidationPolicy)[1166]" classname="eu.europa.esig.dss.validation.executor.ExecuteDifferentPoliciesTest" time="0.002"/>
  <testcase name="noError(XmlDiagnosticData, ValidationPolicy)[1167]" classname="eu.europa.esig.dss.validation.executor.ExecuteDifferentPoliciesTest" time="0.004"/>
  <testcase name="noError(XmlDiagnosticData, ValidationPolicy)[1168]" classname="eu.europa.esig.dss.validation.executor.ExecuteDifferentPoliciesTest" time="0.008"/>
  <testcase name="noError(XmlDiagnosticData, ValidationPolicy)[1169]" classname="eu.europa.esig.dss.validation.executor.ExecuteDifferentPoliciesTest" time="0.005"/>
  <testcase name="noError(XmlDiagnosticData, ValidationPolicy)[1170]" classname="eu.europa.esig.dss.validation.executor.ExecuteDifferentPoliciesTest" time="0.008"/>
  <testcase name="noError(XmlDiagnosticData, ValidationPolicy)[1171]" classname="eu.europa.esig.dss.validation.executor.ExecuteDifferentPoliciesTest" time="0.002"/>
  <testcase name="noError(XmlDiagnosticData, ValidationPolicy)[1172]" classname="eu.europa.esig.dss.validation.executor.ExecuteDifferentPoliciesTest" time="0.002"/>
  <testcase name="noError(XmlDiagnosticData, ValidationPolicy)[1173]" classname="eu.europa.esig.dss.validation.executor.ExecuteDifferentPoliciesTest" time="0.004"/>
  <testcase name="noError(XmlDiagnosticData, ValidationPolicy)[1174]" classname="eu.europa.esig.dss.validation.executor.ExecuteDifferentPoliciesTest" time="0.009"/>
  <testcase name="noError(XmlDiagnosticData, ValidationPolicy)[1175]" classname="eu.europa.esig.dss.validation.executor.ExecuteDifferentPoliciesTest" time="0.003"/>
  <testcase name="noError(XmlDiagnosticData, ValidationPolicy)[1176]" classname="eu.europa.esig.dss.validation.executor.ExecuteDifferentPoliciesTest" time="0.001"/>
  <testcase name="noError(XmlDiagnosticData, ValidationPolicy)[1177]" classname="eu.europa.esig.dss.validation.executor.ExecuteDifferentPoliciesTest" time="0.002"/>
  <testcase name="noError(XmlDiagnosticData, ValidationPolicy)[1178]" classname="eu.europa.esig.dss.validation.executor.ExecuteDifferentPoliciesTest" time="0.004"/>
  <testcase name="noError(XmlDiagnosticData, ValidationPolicy)[1179]" classname="eu.europa.esig.dss.validation.executor.ExecuteDifferentPoliciesTest" time="0.002"/>
  <testcase name="noError(XmlDiagnosticData, ValidationPolicy)[1180]" classname="eu.europa.esig.dss.validation.executor.ExecuteDifferentPoliciesTest" time="0.002"/>
  <testcase name="noError(XmlDiagnosticData, ValidationPolicy)[1181]" classname="eu.europa.esig.dss.validation.executor.ExecuteDifferentPoliciesTest" time="0.003"/>
  <testcase name="noError(XmlDiagnosticData, ValidationPolicy)[1182]" classname="eu.europa.esig.dss.validation.executor.ExecuteDifferentPoliciesTest" time="0.002"/>
  <testcase name="noError(XmlDiagnosticData, ValidationPolicy)[1183]" classname="eu.europa.esig.dss.validation.executor.ExecuteDifferentPoliciesTest" time="0.001"/>
  <testcase name="noError(XmlDiagnosticData, ValidationPolicy)[1184]" classname="eu.europa.esig.dss.validation.executor.ExecuteDifferentPoliciesTest" time="0.003"/>
  <testcase name="noError(XmlDiagnosticData, ValidationPolicy)[1185]" classname="eu.europa.esig.dss.validation.executor.ExecuteDifferentPoliciesTest" time="0.003"/>
  <testcase name="noError(XmlDiagnosticData, ValidationPolicy)[1186]" classname="eu.europa.esig.dss.validation.executor.ExecuteDifferentPoliciesTest" time="0"/>
  <testcase name="noError(XmlDiagnosticData, ValidationPolicy)[1187]" classname="eu.europa.esig.dss.validation.executor.ExecuteDifferentPoliciesTest" time="0.002"/>
  <testcase name="noError(XmlDiagnosticData, ValidationPolicy)[1188]" classname="eu.europa.esig.dss.validation.executor.ExecuteDifferentPoliciesTest" time="0.001"/>
  <testcase name="noError(XmlDiagnosticData, ValidationPolicy)[1189]" classname="eu.europa.esig.dss.validation.executor.ExecuteDifferentPoliciesTest" time="0.003"/>
  <testcase name="noError(XmlDiagnosticData, ValidationPolicy)[1190]" classname="eu.europa.esig.dss.validation.executor.ExecuteDifferentPoliciesTest" time="0.003"/>
  <testcase name="noError(XmlDiagnosticData, ValidationPolicy)[1191]" classname="eu.europa.esig.dss.validation.executor.ExecuteDifferentPoliciesTest" time="0.002"/>
  <testcase name="noError(XmlDiagnosticData, ValidationPolicy)[1192]" classname="eu.europa.esig.dss.validation.executor.ExecuteDifferentPoliciesTest" time="0.002"/>
  <testcase name="noError(XmlDiagnosticData, ValidationPolicy)[1193]" classname="eu.europa.esig.dss.validation.executor.ExecuteDifferentPoliciesTest" time="0.002"/>
  <testcase name="noError(XmlDiagnosticData, ValidationPolicy)[1194]" classname="eu.europa.esig.dss.validation.executor.ExecuteDifferentPoliciesTest" time="0.002"/>
  <testcase name="noError(XmlDiagnosticData, ValidationPolicy)[1195]" classname="eu.europa.esig.dss.validation.executor.ExecuteDifferentPoliciesTest" time="0.001"/>
  <testcase name="noError(XmlDiagnosticData, ValidationPolicy)[1196]" classname="eu.europa.esig.dss.validation.executor.ExecuteDifferentPoliciesTest" time="0.001"/>
  <testcase name="noError(XmlDiagnosticData, ValidationPolicy)[1197]" classname="eu.europa.esig.dss.validation.executor.ExecuteDifferentPoliciesTest" time="0.003"/>
  <testcase name="noError(XmlDiagnosticData, ValidationPolicy)[1198]" classname="eu.europa.esig.dss.validation.executor.ExecuteDifferentPoliciesTest" time="0.002"/>
  <testcase name="noError(XmlDiagnosticData, ValidationPolicy)[1199]" classname="eu.europa.esig.dss.validation.executor.ExecuteDifferentPoliciesTest" time="0.002"/>
  <testcase name="noError(XmlDiagnosticData, ValidationPolicy)[1200]" classname="eu.europa.esig.dss.validation.executor.ExecuteDifferentPoliciesTest" time="0.001"/>
  <testcase name="noError(XmlDiagnosticData, ValidationPolicy)[1201]" classname="eu.europa.esig.dss.validation.executor.ExecuteDifferentPoliciesTest" time="0.002"/>
  <testcase name="noError(XmlDiagnosticData, ValidationPolicy)[1202]" classname="eu.europa.esig.dss.validation.executor.ExecuteDifferentPoliciesTest" time="0.001"/>
  <testcase name="noError(XmlDiagnosticData, ValidationPolicy)[1203]" classname="eu.europa.esig.dss.validation.executor.ExecuteDifferentPoliciesTest" time="0.001"/>
  <testcase name="noError(XmlDiagnosticData, ValidationPolicy)[1204]" classname="eu.europa.esig.dss.validation.executor.ExecuteDifferentPoliciesTest" time="0.001"/>
  <testcase name="noError(XmlDiagnosticData, ValidationPolicy)[1205]" classname="eu.europa.esig.dss.validation.executor.ExecuteDifferentPoliciesTest" time="0.002"/>
  <testcase name="noError(XmlDiagnosticData, ValidationPolicy)[1206]" classname="eu.europa.esig.dss.validation.executor.ExecuteDifferentPoliciesTest" time="0.001"/>
  <testcase name="noError(XmlDiagnosticData, ValidationPolicy)[1207]" classname="eu.europa.esig.dss.validation.executor.ExecuteDifferentPoliciesTest" time="0.001"/>
  <testcase name="noError(XmlDiagnosticData, ValidationPolicy)[1208]" classname="eu.europa.esig.dss.validation.executor.ExecuteDifferentPoliciesTest" time="0.001"/>
  <testcase name="noError(XmlDiagnosticData, ValidationPolicy)[1209]" classname="eu.europa.esig.dss.validation.executor.ExecuteDifferentPoliciesTest" time="0.001"/>
  <testcase name="noError(XmlDiagnosticData, ValidationPolicy)[1210]" classname="eu.europa.esig.dss.validation.executor.ExecuteDifferentPoliciesTest" time="0.001"/>
  <testcase name="noError(XmlDiagnosticData, ValidationPolicy)[1211]" classname="eu.europa.esig.dss.validation.executor.ExecuteDifferentPoliciesTest" time="0.001"/>
  <testcase name="noError(XmlDiagnosticData, ValidationPolicy)[1212]" classname="eu.europa.esig.dss.validation.executor.ExecuteDifferentPoliciesTest" time="0"/>
  <testcase name="noError(XmlDiagnosticData, ValidationPolicy)[1213]" classname="eu.europa.esig.dss.validation.executor.ExecuteDifferentPoliciesTest" time="0.007"/>
  <testcase name="noError(XmlDiagnosticData, ValidationPolicy)[1214]" classname="eu.europa.esig.dss.validation.executor.ExecuteDifferentPoliciesTest" time="0.003"/>
  <testcase name="noError(XmlDiagnosticData, ValidationPolicy)[1215]" classname="eu.europa.esig.dss.validation.executor.ExecuteDifferentPoliciesTest" time="0.003"/>
  <testcase name="noError(XmlDiagnosticData, ValidationPolicy)[1216]" classname="eu.europa.esig.dss.validation.executor.ExecuteDifferentPoliciesTest" time="0.004"/>
  <testcase name="noError(XmlDiagnosticData, ValidationPolicy)[1217]" classname="eu.europa.esig.dss.validation.executor.ExecuteDifferentPoliciesTest" time="0.004"/>
  <testcase name="noError(XmlDiagnosticData, ValidationPolicy)[1218]" classname="eu.europa.esig.dss.validation.executor.ExecuteDifferentPoliciesTest" time="0.003"/>
  <testcase name="noError(XmlDiagnosticData, ValidationPolicy)[1219]" classname="eu.europa.esig.dss.validation.executor.ExecuteDifferentPoliciesTest" time="0"/>
  <testcase name="noError(XmlDiagnosticData, ValidationPolicy)[1220]" classname="eu.europa.esig.dss.validation.executor.ExecuteDifferentPoliciesTest" time="0.003"/>
  <testcase name="noError(XmlDiagnosticData, ValidationPolicy)[1221]" classname="eu.europa.esig.dss.validation.executor.ExecuteDifferentPoliciesTest" time="0.007"/>
  <testcase name="noError(XmlDiagnosticData, ValidationPolicy)[1222]" classname="eu.europa.esig.dss.validation.executor.ExecuteDifferentPoliciesTest" time="0.005"/>
  <testcase name="noError(XmlDiagnosticData, ValidationPolicy)[1223]" classname="eu.europa.esig.dss.validation.executor.ExecuteDifferentPoliciesTest" time="0.003"/>
  <testcase name="noError(XmlDiagnosticData, ValidationPolicy)[1224]" classname="eu.europa.esig.dss.validation.executor.ExecuteDifferentPoliciesTest" time="0.001"/>
  <testcase name="noError(XmlDiagnosticData, ValidationPolicy)[1225]" classname="eu.europa.esig.dss.validation.executor.ExecuteDifferentPoliciesTest" time="0.006"/>
  <testcase name="noError(XmlDiagnosticData, ValidationPolicy)[1226]" classname="eu.europa.esig.dss.validation.executor.ExecuteDifferentPoliciesTest" time="0.002"/>
  <testcase name="noError(XmlDiagnosticData, ValidationPolicy)[1227]" classname="eu.europa.esig.dss.validation.executor.ExecuteDifferentPoliciesTest" time="0.003"/>
  <testcase name="noError(XmlDiagnosticData, ValidationPolicy)[1228]" classname="eu.europa.esig.dss.validation.executor.ExecuteDifferentPoliciesTest" time="0.003"/>
  <testcase name="noError(XmlDiagnosticData, ValidationPolicy)[1229]" classname="eu.europa.esig.dss.validation.executor.ExecuteDifferentPoliciesTest" time="0.007"/>
  <testcase name="noError(XmlDiagnosticData, ValidationPolicy)[1230]" classname="eu.europa.esig.dss.validation.executor.ExecuteDifferentPoliciesTest" time="0.005"/>
  <testcase name="noError(XmlDiagnosticData, ValidationPolicy)[1231]" classname="eu.europa.esig.dss.validation.executor.ExecuteDifferentPoliciesTest" time="0.002"/>
  <testcase name="noError(XmlDiagnosticData, ValidationPolicy)[1232]" classname="eu.europa.esig.dss.validation.executor.ExecuteDifferentPoliciesTest" time="0.005"/>
  <testcase name="noError(XmlDiagnosticData, ValidationPolicy)[1233]" classname="eu.europa.esig.dss.validation.executor.ExecuteDifferentPoliciesTest" time="0.006"/>
  <testcase name="noError(XmlDiagnosticData, ValidationPolicy)[1234]" classname="eu.europa.esig.dss.validation.executor.ExecuteDifferentPoliciesTest" time="0.004"/>
  <testcase name="noError(XmlDiagnosticData, ValidationPolicy)[1235]" classname="eu.europa.esig.dss.validation.executor.ExecuteDifferentPoliciesTest" time="0.007"/>
  <testcase name="noError(XmlDiagnosticData, ValidationPolicy)[1236]" classname="eu.europa.esig.dss.validation.executor.ExecuteDifferentPoliciesTest" time="0.006"/>
  <testcase name="noError(XmlDiagnosticData, ValidationPolicy)[1237]" classname="eu.europa.esig.dss.validation.executor.ExecuteDifferentPoliciesTest" time="0.006"/>
  <testcase name="noError(XmlDiagnosticData, ValidationPolicy)[1238]" classname="eu.europa.esig.dss.validation.executor.ExecuteDifferentPoliciesTest" time="0.002"/>
  <testcase name="noError(XmlDiagnosticData, ValidationPolicy)[1239]" classname="eu.europa.esig.dss.validation.executor.ExecuteDifferentPoliciesTest" time="0.002"/>
  <testcase name="noError(XmlDiagnosticData, ValidationPolicy)[1240]" classname="eu.europa.esig.dss.validation.executor.ExecuteDifferentPoliciesTest" time="0.003"/>
  <testcase name="noError(XmlDiagnosticData, ValidationPolicy)[1241]" classname="eu.europa.esig.dss.validation.executor.ExecuteDifferentPoliciesTest" time="0.007"/>
  <testcase name="noError(XmlDiagnosticData, ValidationPolicy)[1242]" classname="eu.europa.esig.dss.validation.executor.ExecuteDifferentPoliciesTest" time="0.003"/>
  <testcase name="noError(XmlDiagnosticData, ValidationPolicy)[1243]" classname="eu.europa.esig.dss.validation.executor.ExecuteDifferentPoliciesTest" time="0.001"/>
  <testcase name="noError(XmlDiagnosticData, ValidationPolicy)[1244]" classname="eu.europa.esig.dss.validation.executor.ExecuteDifferentPoliciesTest" time="0.002"/>
  <testcase name="noError(XmlDiagnosticData, ValidationPolicy)[1245]" classname="eu.europa.esig.dss.validation.executor.ExecuteDifferentPoliciesTest" time="0.004"/>
  <testcase name="noError(XmlDiagnosticData, ValidationPolicy)[1246]" classname="eu.europa.esig.dss.validation.executor.ExecuteDifferentPoliciesTest" time="0.005"/>
  <testcase name="noError(XmlDiagnosticData, ValidationPolicy)[1247]" classname="eu.europa.esig.dss.validation.executor.ExecuteDifferentPoliciesTest" time="0.002"/>
  <testcase name="noError(XmlDiagnosticData, ValidationPolicy)[1248]" classname="eu.europa.esig.dss.validation.executor.ExecuteDifferentPoliciesTest" time="0.001"/>
  <testcase name="noError(XmlDiagnosticData, ValidationPolicy)[1249]" classname="eu.europa.esig.dss.validation.executor.ExecuteDifferentPoliciesTest" time="0.002"/>
  <testcase name="noError(XmlDiagnosticData, ValidationPolicy)[1250]" classname="eu.europa.esig.dss.validation.executor.ExecuteDifferentPoliciesTest" time="0.002"/>
  <testcase name="noError(XmlDiagnosticData, ValidationPolicy)[1251]" classname="eu.europa.esig.dss.validation.executor.ExecuteDifferentPoliciesTest" time="0.004"/>
  <testcase name="noError(XmlDiagnosticData, ValidationPolicy)[1252]" classname="eu.europa.esig.dss.validation.executor.ExecuteDifferentPoliciesTest" time="0.002"/>
  <testcase name="noError(XmlDiagnosticData, ValidationPolicy)[1253]" classname="eu.europa.esig.dss.validation.executor.ExecuteDifferentPoliciesTest" time="0.001"/>
  <testcase name="noError(XmlDiagnosticData, ValidationPolicy)[1254]" classname="eu.europa.esig.dss.validation.executor.ExecuteDifferentPoliciesTest" time="0.001"/>
  <testcase name="noError(XmlDiagnosticData, ValidationPolicy)[1255]" classname="eu.europa.esig.dss.validation.executor.ExecuteDifferentPoliciesTest" time="0"/>
  <testcase name="noError(XmlDiagnosticData, ValidationPolicy)[1256]" classname="eu.europa.esig.dss.validation.executor.ExecuteDifferentPoliciesTest" time="0.005"/>
  <testcase name="noError(XmlDiagnosticData, ValidationPolicy)[1257]" classname="eu.europa.esig.dss.validation.executor.ExecuteDifferentPoliciesTest" time="0.004"/>
  <testcase name="noError(XmlDiagnosticData, ValidationPolicy)[1258]" classname="eu.europa.esig.dss.validation.executor.ExecuteDifferentPoliciesTest" time="0.001"/>
  <testcase name="noError(XmlDiagnosticData, ValidationPolicy)[1259]" classname="eu.europa.esig.dss.validation.executor.ExecuteDifferentPoliciesTest" time="0.001"/>
  <testcase name="noError(XmlDiagnosticData, ValidationPolicy)[1260]" classname="eu.europa.esig.dss.validation.executor.ExecuteDifferentPoliciesTest" time="0.001"/>
  <testcase name="noError(XmlDiagnosticData, ValidationPolicy)[1261]" classname="eu.europa.esig.dss.validation.executor.ExecuteDifferentPoliciesTest" time="0.006"/>
  <testcase name="noError(XmlDiagnosticData, ValidationPolicy)[1262]" classname="eu.europa.esig.dss.validation.executor.ExecuteDifferentPoliciesTest" time="0.002"/>
  <testcase name="noError(XmlDiagnosticData, ValidationPolicy)[1263]" classname="eu.europa.esig.dss.validation.executor.ExecuteDifferentPoliciesTest" time="0.002"/>
  <testcase name="noError(XmlDiagnosticData, ValidationPolicy)[1264]" classname="eu.europa.esig.dss.validation.executor.ExecuteDifferentPoliciesTest" time="0.004"/>
  <testcase name="noError(XmlDiagnosticData, ValidationPolicy)[1265]" classname="eu.europa.esig.dss.validation.executor.ExecuteDifferentPoliciesTest" time="0.002"/>
  <testcase name="noError(XmlDiagnosticData, ValidationPolicy)[1266]" classname="eu.europa.esig.dss.validation.executor.ExecuteDifferentPoliciesTest" time="0.005"/>
  <testcase name="noError(XmlDiagnosticData, ValidationPolicy)[1267]" classname="eu.europa.esig.dss.validation.executor.ExecuteDifferentPoliciesTest" time="0.001"/>
  <testcase name="noError(XmlDiagnosticData, ValidationPolicy)[1268]" classname="eu.europa.esig.dss.validation.executor.ExecuteDifferentPoliciesTest" time="0.002"/>
  <testcase name="noError(XmlDiagnosticData, ValidationPolicy)[1269]" classname="eu.europa.esig.dss.validation.executor.ExecuteDifferentPoliciesTest" time="0.004"/>
  <testcase name="noError(XmlDiagnosticData, ValidationPolicy)[1270]" classname="eu.europa.esig.dss.validation.executor.ExecuteDifferentPoliciesTest" time="0.01"/>
  <testcase name="noError(XmlDiagnosticData, ValidationPolicy)[1271]" classname="eu.europa.esig.dss.validation.executor.ExecuteDifferentPoliciesTest" time="0.004"/>
  <testcase name="noError(XmlDiagnosticData, ValidationPolicy)[1272]" classname="eu.europa.esig.dss.validation.executor.ExecuteDifferentPoliciesTest" time="0.001"/>
  <testcase name="noError(XmlDiagnosticData, ValidationPolicy)[1273]" classname="eu.europa.esig.dss.validation.executor.ExecuteDifferentPoliciesTest" time="0.008"/>
  <testcase name="noError(XmlDiagnosticData, ValidationPolicy)[1274]" classname="eu.europa.esig.dss.validation.executor.ExecuteDifferentPoliciesTest" time="0.002"/>
  <testcase name="noError(XmlDiagnosticData, ValidationPolicy)[1275]" classname="eu.europa.esig.dss.validation.executor.ExecuteDifferentPoliciesTest" time="0.002"/>
  <testcase name="noError(XmlDiagnosticData, ValidationPolicy)[1276]" classname="eu.europa.esig.dss.validation.executor.ExecuteDifferentPoliciesTest" time="0.002"/>
  <testcase name="noError(XmlDiagnosticData, ValidationPolicy)[1277]" classname="eu.europa.esig.dss.validation.executor.ExecuteDifferentPoliciesTest" time="0.006"/>
  <testcase name="noError(XmlDiagnosticData, ValidationPolicy)[1278]" classname="eu.europa.esig.dss.validation.executor.ExecuteDifferentPoliciesTest" time="0.003"/>
  <testcase name="noError(XmlDiagnosticData, ValidationPolicy)[1279]" classname="eu.europa.esig.dss.validation.executor.ExecuteDifferentPoliciesTest" time="0.002"/>
  <testcase name="noError(XmlDiagnosticData, ValidationPolicy)[1280]" classname="eu.europa.esig.dss.validation.executor.ExecuteDifferentPoliciesTest" time="0.005"/>
  <testcase name="noError(XmlDiagnosticData, ValidationPolicy)[1281]" classname="eu.europa.esig.dss.validation.executor.ExecuteDifferentPoliciesTest" time="0.005"/>
  <testcase name="noError(XmlDiagnosticData, ValidationPolicy)[1282]" classname="eu.europa.esig.dss.validation.executor.ExecuteDifferentPoliciesTest" time="0.005"/>
  <testcase name="noError(XmlDiagnosticData, ValidationPolicy)[1283]" classname="eu.europa.esig.dss.validation.executor.ExecuteDifferentPoliciesTest" time="0.005"/>
  <testcase name="noError(XmlDiagnosticData, ValidationPolicy)[1284]" classname="eu.europa.esig.dss.validation.executor.ExecuteDifferentPoliciesTest" time="0.002"/>
  <testcase name="noError(XmlDiagnosticData, ValidationPolicy)[1285]" classname="eu.europa.esig.dss.validation.executor.ExecuteDifferentPoliciesTest" time="0.003"/>
  <testcase name="noError(XmlDiagnosticData, ValidationPolicy)[1286]" classname="eu.europa.esig.dss.validation.executor.ExecuteDifferentPoliciesTest" time="0.002"/>
  <testcase name="noError(XmlDiagnosticData, ValidationPolicy)[1287]" classname="eu.europa.esig.dss.validation.executor.ExecuteDifferentPoliciesTest" time="0.001"/>
  <testcase name="noError(XmlDiagnosticData, ValidationPolicy)[1288]" classname="eu.europa.esig.dss.validation.executor.ExecuteDifferentPoliciesTest" time="0.006"/>
  <testcase name="noError(XmlDiagnosticData, ValidationPolicy)[1289]" classname="eu.europa.esig.dss.validation.executor.ExecuteDifferentPoliciesTest" time="0.005"/>
  <testcase name="noError(XmlDiagnosticData, ValidationPolicy)[1290]" classname="eu.europa.esig.dss.validation.executor.ExecuteDifferentPoliciesTest" time="0.003"/>
  <testcase name="noError(XmlDiagnosticData, ValidationPolicy)[1291]" classname="eu.europa.esig.dss.validation.executor.ExecuteDifferentPoliciesTest" time="0.002"/>
  <testcase name="noError(XmlDiagnosticData, ValidationPolicy)[1292]" classname="eu.europa.esig.dss.validation.executor.ExecuteDifferentPoliciesTest" time="0.004"/>
  <testcase name="noError(XmlDiagnosticData, ValidationPolicy)[1293]" classname="eu.europa.esig.dss.validation.executor.ExecuteDifferentPoliciesTest" time="0.003"/>
  <testcase name="noError(XmlDiagnosticData, ValidationPolicy)[1294]" classname="eu.europa.esig.dss.validation.executor.ExecuteDifferentPoliciesTest" time="0.002"/>
  <testcase name="noError(XmlDiagnosticData, ValidationPolicy)[1295]" classname="eu.europa.esig.dss.validation.executor.ExecuteDifferentPoliciesTest" time="0.001"/>
  <testcase name="noError(XmlDiagnosticData, ValidationPolicy)[1296]" classname="eu.europa.esig.dss.validation.executor.ExecuteDifferentPoliciesTest" time="0.001"/>
  <testcase name="noError(XmlDiagnosticData, ValidationPolicy)[1297]" classname="eu.europa.esig.dss.validation.executor.ExecuteDifferentPoliciesTest" time="0.001"/>
  <testcase name="noError(XmlDiagnosticData, ValidationPolicy)[1298]" classname="eu.europa.esig.dss.validation.executor.ExecuteDifferentPoliciesTest" time="0.001"/>
  <testcase name="noError(XmlDiagnosticData, ValidationPolicy)[1299]" classname="eu.europa.esig.dss.validation.executor.ExecuteDifferentPoliciesTest" time="0.003"/>
  <testcase name="noError(XmlDiagnosticData, ValidationPolicy)[1300]" classname="eu.europa.esig.dss.validation.executor.ExecuteDifferentPoliciesTest" time="0.002"/>
  <testcase name="noError(XmlDiagnosticData, ValidationPolicy)[1301]" classname="eu.europa.esig.dss.validation.executor.ExecuteDifferentPoliciesTest" time="0.001"/>
  <testcase name="noError(XmlDiagnosticData, ValidationPolicy)[1302]" classname="eu.europa.esig.dss.validation.executor.ExecuteDifferentPoliciesTest" time="0.001"/>
  <testcase name="noError(XmlDiagnosticData, ValidationPolicy)[1303]" classname="eu.europa.esig.dss.validation.executor.ExecuteDifferentPoliciesTest" time="0.001"/>
  <testcase name="noError(XmlDiagnosticData, ValidationPolicy)[1304]" classname="eu.europa.esig.dss.validation.executor.ExecuteDifferentPoliciesTest" time="0"/>
  <testcase name="noError(XmlDiagnosticData, ValidationPolicy)[1305]" classname="eu.europa.esig.dss.validation.executor.ExecuteDifferentPoliciesTest" time="0"/>
  <testcase name="noError(XmlDiagnosticData, ValidationPolicy)[1306]" classname="eu.europa.esig.dss.validation.executor.ExecuteDifferentPoliciesTest" time="0"/>
  <testcase name="noError(XmlDiagnosticData, ValidationPolicy)[1307]" classname="eu.europa.esig.dss.validation.executor.ExecuteDifferentPoliciesTest" time="0"/>
  <testcase name="noError(XmlDiagnosticData, ValidationPolicy)[1308]" classname="eu.europa.esig.dss.validation.executor.ExecuteDifferentPoliciesTest" time="0"/>
  <testcase name="noError(XmlDiagnosticData, ValidationPolicy)[1309]" classname="eu.europa.esig.dss.validation.executor.ExecuteDifferentPoliciesTest" time="0.003"/>
  <testcase name="noError(XmlDiagnosticData, ValidationPolicy)[1310]" classname="eu.europa.esig.dss.validation.executor.ExecuteDifferentPoliciesTest" time="0.003"/>
  <testcase name="noError(XmlDiagnosticData, ValidationPolicy)[1311]" classname="eu.europa.esig.dss.validation.executor.ExecuteDifferentPoliciesTest" time="0.004"/>
  <testcase name="noError(XmlDiagnosticData, ValidationPolicy)[1312]" classname="eu.europa.esig.dss.validation.executor.ExecuteDifferentPoliciesTest" time="0.005"/>
  <testcase name="noError(XmlDiagnosticData, ValidationPolicy)[1313]" classname="eu.europa.esig.dss.validation.executor.ExecuteDifferentPoliciesTest" time="0.003"/>
  <testcase name="noError(XmlDiagnosticData, ValidationPolicy)[1314]" classname="eu.europa.esig.dss.validation.executor.ExecuteDifferentPoliciesTest" time="0.004"/>
  <testcase name="noError(XmlDiagnosticData, ValidationPolicy)[1315]" classname="eu.europa.esig.dss.validation.executor.ExecuteDifferentPoliciesTest" time="0.002"/>
  <testcase name="noError(XmlDiagnosticData, ValidationPolicy)[1316]" classname="eu.europa.esig.dss.validation.executor.ExecuteDifferentPoliciesTest" time="0.002"/>
  <testcase name="noError(XmlDiagnosticData, ValidationPolicy)[1317]" classname="eu.europa.esig.dss.validation.executor.ExecuteDifferentPoliciesTest" time="0.002"/>
  <testcase name="noError(XmlDiagnosticData, ValidationPolicy)[1318]" classname="eu.europa.esig.dss.validation.executor.ExecuteDifferentPoliciesTest" time="0.001"/>
  <testcase name="noError(XmlDiagnosticData, ValidationPolicy)[1319]" classname="eu.europa.esig.dss.validation.executor.ExecuteDifferentPoliciesTest" time="0.001"/>
  <testcase name="noError(XmlDiagnosticData, ValidationPolicy)[1320]" classname="eu.europa.esig.dss.validation.executor.ExecuteDifferentPoliciesTest" time="0"/>
  <testcase name="noError(XmlDiagnosticData, ValidationPolicy)[1321]" classname="eu.europa.esig.dss.validation.executor.ExecuteDifferentPoliciesTest" time="0.004"/>
  <testcase name="noError(XmlDiagnosticData, ValidationPolicy)[1322]" classname="eu.europa.esig.dss.validation.executor.ExecuteDifferentPoliciesTest" time="0.001"/>
  <testcase name="noError(XmlDiagnosticData, ValidationPolicy)[1323]" classname="eu.europa.esig.dss.validation.executor.ExecuteDifferentPoliciesTest" time="0.001"/>
  <testcase name="noError(XmlDiagnosticData, ValidationPolicy)[1324]" classname="eu.europa.esig.dss.validation.executor.ExecuteDifferentPoliciesTest" time="0.002"/>
  <testcase name="noError(XmlDiagnosticData, ValidationPolicy)[1325]" classname="eu.europa.esig.dss.validation.executor.ExecuteDifferentPoliciesTest" time="0.002"/>
  <testcase name="noError(XmlDiagnosticData, ValidationPolicy)[1326]" classname="eu.europa.esig.dss.validation.executor.ExecuteDifferentPoliciesTest" time="0.001"/>
  <testcase name="noError(XmlDiagnosticData, ValidationPolicy)[1327]" classname="eu.europa.esig.dss.validation.executor.ExecuteDifferentPoliciesTest" time="0"/>
  <testcase name="noError(XmlDiagnosticData, ValidationPolicy)[1328]" classname="eu.europa.esig.dss.validation.executor.ExecuteDifferentPoliciesTest" time="0"/>
  <testcase name="noError(XmlDiagnosticData, ValidationPolicy)[1329]" classname="eu.europa.esig.dss.validation.executor.ExecuteDifferentPoliciesTest" time="0.003"/>
  <testcase name="noError(XmlDiagnosticData, ValidationPolicy)[1330]" classname="eu.europa.esig.dss.validation.executor.ExecuteDifferentPoliciesTest" time="0.002"/>
  <testcase name="noError(XmlDiagnosticData, ValidationPolicy)[1331]" classname="eu.europa.esig.dss.validation.executor.ExecuteDifferentPoliciesTest" time="0.002"/>
  <testcase name="noError(XmlDiagnosticData, ValidationPolicy)[1332]" classname="eu.europa.esig.dss.validation.executor.ExecuteDifferentPoliciesTest" time="0.001"/>
  <testcase name="noError(XmlDiagnosticData, ValidationPolicy)[1333]" classname="eu.europa.esig.dss.validation.executor.ExecuteDifferentPoliciesTest" time="0.001"/>
  <testcase name="noError(XmlDiagnosticData, ValidationPolicy)[1334]" classname="eu.europa.esig.dss.validation.executor.ExecuteDifferentPoliciesTest" time="0.002"/>
  <testcase name="noError(XmlDiagnosticData, ValidationPolicy)[1335]" classname="eu.europa.esig.dss.validation.executor.ExecuteDifferentPoliciesTest" time="0.003"/>
  <testcase name="noError(XmlDiagnosticData, ValidationPolicy)[1336]" classname="eu.europa.esig.dss.validation.executor.ExecuteDifferentPoliciesTest" time="0.005"/>
  <testcase name="noError(XmlDiagnosticData, ValidationPolicy)[1337]" classname="eu.europa.esig.dss.validation.executor.ExecuteDifferentPoliciesTest" time="0.002"/>
  <testcase name="noError(XmlDiagnosticData, ValidationPolicy)[1338]" classname="eu.europa.esig.dss.validation.executor.ExecuteDifferentPoliciesTest" time="0.002"/>
  <testcase name="noError(XmlDiagnosticData, ValidationPolicy)[1339]" classname="eu.europa.esig.dss.validation.executor.ExecuteDifferentPoliciesTest" time="0.001"/>
  <testcase name="noError(XmlDiagnosticData, ValidationPolicy)[1340]" classname="eu.europa.esig.dss.validation.executor.ExecuteDifferentPoliciesTest" time="0.004"/>
  <testcase name="noError(XmlDiagnosticData, ValidationPolicy)[1341]" classname="eu.europa.esig.dss.validation.executor.ExecuteDifferentPoliciesTest" time="0.003"/>
  <testcase name="noError(XmlDiagnosticData, ValidationPolicy)[1342]" classname="eu.europa.esig.dss.validation.executor.ExecuteDifferentPoliciesTest" time="0.002"/>
  <testcase name="noError(XmlDiagnosticData, ValidationPolicy)[1343]" classname="eu.europa.esig.dss.validation.executor.ExecuteDifferentPoliciesTest" time="0.002"/>
  <testcase name="noError(XmlDiagnosticData, ValidationPolicy)[1344]" classname="eu.europa.esig.dss.validation.executor.ExecuteDifferentPoliciesTest" time="0.001"/>
  <testcase name="noError(XmlDiagnosticData, ValidationPolicy)[1345]" classname="eu.europa.esig.dss.validation.executor.ExecuteDifferentPoliciesTest" time="0.002"/>
  <testcase name="noError(XmlDiagnosticData, ValidationPolicy)[1346]" classname="eu.europa.esig.dss.validation.executor.ExecuteDifferentPoliciesTest" time="0.001"/>
  <testcase name="noError(XmlDiagnosticData, ValidationPolicy)[1347]" classname="eu.europa.esig.dss.validation.executor.ExecuteDifferentPoliciesTest" time="0.001"/>
  <testcase name="noError(XmlDiagnosticData, ValidationPolicy)[1348]" classname="eu.europa.esig.dss.validation.executor.ExecuteDifferentPoliciesTest" time="0.002"/>
  <testcase name="noError(XmlDiagnosticData, ValidationPolicy)[1349]" classname="eu.europa.esig.dss.validation.executor.ExecuteDifferentPoliciesTest" time="0.002"/>
  <testcase name="noError(XmlDiagnosticData, ValidationPolicy)[1350]" classname="eu.europa.esig.dss.validation.executor.ExecuteDifferentPoliciesTest" time="0.002"/>
  <testcase name="noError(XmlDiagnosticData, ValidationPolicy)[1351]" classname="eu.europa.esig.dss.validation.executor.ExecuteDifferentPoliciesTest" time="0.001"/>
  <testcase name="noError(XmlDiagnosticData, ValidationPolicy)[1352]" classname="eu.europa.esig.dss.validation.executor.ExecuteDifferentPoliciesTest" time="0.001"/>
  <testcase name="noError(XmlDiagnosticData, ValidationPolicy)[1353]" classname="eu.europa.esig.dss.validation.executor.ExecuteDifferentPoliciesTest" time="0.004"/>
  <testcase name="noError(XmlDiagnosticData, ValidationPolicy)[1354]" classname="eu.europa.esig.dss.validation.executor.ExecuteDifferentPoliciesTest" time="0.002"/>
  <testcase name="noError(XmlDiagnosticData, ValidationPolicy)[1355]" classname="eu.europa.esig.dss.validation.executor.ExecuteDifferentPoliciesTest" time="0.002"/>
  <testcase name="noError(XmlDiagnosticData, ValidationPolicy)[1356]" classname="eu.europa.esig.dss.validation.executor.ExecuteDifferentPoliciesTest" time="0.001"/>
  <testcase name="noError(XmlDiagnosticData, ValidationPolicy)[1357]" classname="eu.europa.esig.dss.validation.executor.ExecuteDifferentPoliciesTest" time="0.003"/>
  <testcase name="noError(XmlDiagnosticData, ValidationPolicy)[1358]" classname="eu.europa.esig.dss.validation.executor.ExecuteDifferentPoliciesTest" time="0.001"/>
  <testcase name="noError(XmlDiagnosticData, ValidationPolicy)[1359]" classname="eu.europa.esig.dss.validation.executor.ExecuteDifferentPoliciesTest" time="0.002"/>
  <testcase name="noError(XmlDiagnosticData, ValidationPolicy)[1360]" classname="eu.europa.esig.dss.validation.executor.ExecuteDifferentPoliciesTest" time="0.005"/>
  <testcase name="noError(XmlDiagnosticData, ValidationPolicy)[1361]" classname="eu.europa.esig.dss.validation.executor.ExecuteDifferentPoliciesTest" time="0.004"/>
  <testcase name="noError(XmlDiagnosticData, ValidationPolicy)[1362]" classname="eu.europa.esig.dss.validation.executor.ExecuteDifferentPoliciesTest" time="0.004"/>
  <testcase name="noError(XmlDiagnosticData, ValidationPolicy)[1363]" classname="eu.europa.esig.dss.validation.executor.ExecuteDifferentPoliciesTest" time="0.005"/>
  <testcase name="noError(XmlDiagnosticData, ValidationPolicy)[1364]" classname="eu.europa.esig.dss.validation.executor.ExecuteDifferentPoliciesTest" time="0.003"/>
  <testcase name="noError(XmlDiagnosticData, ValidationPolicy)[1365]" classname="eu.europa.esig.dss.validation.executor.ExecuteDifferentPoliciesTest" time="0.004"/>
  <testcase name="noError(XmlDiagnosticData, ValidationPolicy)[1366]" classname="eu.europa.esig.dss.validation.executor.ExecuteDifferentPoliciesTest" time="0.005"/>
  <testcase name="noError(XmlDiagnosticData, ValidationPolicy)[1367]" classname="eu.europa.esig.dss.validation.executor.ExecuteDifferentPoliciesTest" time="0.004"/>
  <testcase name="noError(XmlDiagnosticData, ValidationPolicy)[1368]" classname="eu.europa.esig.dss.validation.executor.ExecuteDifferentPoliciesTest" time="0.001"/>
  <testcase name="noError(XmlDiagnosticData, ValidationPolicy)[1369]" classname="eu.europa.esig.dss.validation.executor.ExecuteDifferentPoliciesTest" time="0.004"/>
  <testcase name="noError(XmlDiagnosticData, ValidationPolicy)[1370]" classname="eu.europa.esig.dss.validation.executor.ExecuteDifferentPoliciesTest" time="0"/>
  <testcase name="noError(XmlDiagnosticData, ValidationPolicy)[1371]" classname="eu.europa.esig.dss.validation.executor.ExecuteDifferentPoliciesTest" time="0.004"/>
  <testcase name="noError(XmlDiagnosticData, ValidationPolicy)[1372]" classname="eu.europa.esig.dss.validation.executor.ExecuteDifferentPoliciesTest" time="0.003"/>
  <testcase name="noError(XmlDiagnosticData, ValidationPolicy)[1373]" classname="eu.europa.esig.dss.validation.executor.ExecuteDifferentPoliciesTest" time="0.004"/>
  <testcase name="noError(XmlDiagnosticData, ValidationPolicy)[1374]" classname="eu.europa.esig.dss.validation.executor.ExecuteDifferentPoliciesTest" time="0.003"/>
  <testcase name="noError(XmlDiagnosticData, ValidationPolicy)[1375]" classname="eu.europa.esig.dss.validation.executor.ExecuteDifferentPoliciesTest" time="0.002"/>
  <testcase name="noError(XmlDiagnosticData, ValidationPolicy)[1376]" classname="eu.europa.esig.dss.validation.executor.ExecuteDifferentPoliciesTest" time="0.002"/>
  <testcase name="noError(XmlDiagnosticData, ValidationPolicy)[1377]" classname="eu.europa.esig.dss.validation.executor.ExecuteDifferentPoliciesTest" time="0.005"/>
  <testcase name="noError(XmlDiagnosticData, ValidationPolicy)[1378]" classname="eu.europa.esig.dss.validation.executor.ExecuteDifferentPoliciesTest" time="0.004"/>
  <testcase name="noError(XmlDiagnosticData, ValidationPolicy)[1379]" classname="eu.europa.esig.dss.validation.executor.ExecuteDifferentPoliciesTest" time="0.002"/>
  <testcase name="noError(XmlDiagnosticData, ValidationPolicy)[1380]" classname="eu.europa.esig.dss.validation.executor.ExecuteDifferentPoliciesTest" time="0.001"/>
  <testcase name="noError(XmlDiagnosticData, ValidationPolicy)[1381]" classname="eu.europa.esig.dss.validation.executor.ExecuteDifferentPoliciesTest" time="0.001"/>
  <testcase name="noError(XmlDiagnosticData, ValidationPolicy)[1382]" classname="eu.europa.esig.dss.validation.executor.ExecuteDifferentPoliciesTest" time="0"/>
  <testcase name="noError(XmlDiagnosticData, ValidationPolicy)[1383]" classname="eu.europa.esig.dss.validation.executor.ExecuteDifferentPoliciesTest" time="0"/>
  <testcase name="noError(XmlDiagnosticData, ValidationPolicy)[1384]" classname="eu.europa.esig.dss.validation.executor.ExecuteDifferentPoliciesTest" time="0.002"/>
  <testcase name="noError(XmlDiagnosticData, ValidationPolicy)[1385]" classname="eu.europa.esig.dss.validation.executor.ExecuteDifferentPoliciesTest" time="0.001"/>
  <testcase name="noError(XmlDiagnosticData, ValidationPolicy)[1386]" classname="eu.europa.esig.dss.validation.executor.ExecuteDifferentPoliciesTest" time="0.002"/>
  <testcase name="noError(XmlDiagnosticData, ValidationPolicy)[1387]" classname="eu.europa.esig.dss.validation.executor.ExecuteDifferentPoliciesTest" time="0.001"/>
  <testcase name="noError(XmlDiagnosticData, ValidationPolicy)[1388]" classname="eu.europa.esig.dss.validation.executor.ExecuteDifferentPoliciesTest" time="0.001"/>
  <testcase name="noError(XmlDiagnosticData, ValidationPolicy)[1389]" classname="eu.europa.esig.dss.validation.executor.ExecuteDifferentPoliciesTest" time="0.001"/>
  <testcase name="noError(XmlDiagnosticData, ValidationPolicy)[1390]" classname="eu.europa.esig.dss.validation.executor.ExecuteDifferentPoliciesTest" time="0.001"/>
  <testcase name="noError(XmlDiagnosticData, ValidationPolicy)[1391]" classname="eu.europa.esig.dss.validation.executor.ExecuteDifferentPoliciesTest" time="0.001"/>
  <testcase name="noError(XmlDiagnosticData, ValidationPolicy)[1392]" classname="eu.europa.esig.dss.validation.executor.ExecuteDifferentPoliciesTest" time="0"/>
  <testcase name="noError(XmlDiagnosticData, ValidationPolicy)[1393]" classname="eu.europa.esig.dss.validation.executor.ExecuteDifferentPoliciesTest" time="0.001"/>
  <testcase name="noError(XmlDiagnosticData, ValidationPolicy)[1394]" classname="eu.europa.esig.dss.validation.executor.ExecuteDifferentPoliciesTest" time="0"/>
  <testcase name="noError(XmlDiagnosticData, ValidationPolicy)[1395]" classname="eu.europa.esig.dss.validation.executor.ExecuteDifferentPoliciesTest" time="0.001"/>
  <testcase name="noError(XmlDiagnosticData, ValidationPolicy)[1396]" classname="eu.europa.esig.dss.validation.executor.ExecuteDifferentPoliciesTest" time="0.001"/>
  <testcase name="noError(XmlDiagnosticData, ValidationPolicy)[1397]" classname="eu.europa.esig.dss.validation.executor.ExecuteDifferentPoliciesTest" time="0.001"/>
  <testcase name="noError(XmlDiagnosticData, ValidationPolicy)[1398]" classname="eu.europa.esig.dss.validation.executor.ExecuteDifferentPoliciesTest" time="0.001"/>
  <testcase name="noError(XmlDiagnosticData, ValidationPolicy)[1399]" classname="eu.europa.esig.dss.validation.executor.ExecuteDifferentPoliciesTest" time="0.002"/>
  <testcase name="noError(XmlDiagnosticData, ValidationPolicy)[1400]" classname="eu.europa.esig.dss.validation.executor.ExecuteDifferentPoliciesTest" time="0"/>
  <testcase name="noError(XmlDiagnosticData, ValidationPolicy)[1401]" classname="eu.europa.esig.dss.validation.executor.ExecuteDifferentPoliciesTest" time="0.001"/>
  <testcase name="noError(XmlDiagnosticData, ValidationPolicy)[1402]" classname="eu.europa.esig.dss.validation.executor.ExecuteDifferentPoliciesTest" time="0.002"/>
  <testcase name="noError(XmlDiagnosticData, ValidationPolicy)[1403]" classname="eu.europa.esig.dss.validation.executor.ExecuteDifferentPoliciesTest" time="0.001"/>
  <testcase name="noError(XmlDiagnosticData, ValidationPolicy)[1404]" classname="eu.europa.esig.dss.validation.executor.ExecuteDifferentPoliciesTest" time="0.001"/>
  <testcase name="noError(XmlDiagnosticData, ValidationPolicy)[1405]" classname="eu.europa.esig.dss.validation.executor.ExecuteDifferentPoliciesTest" time="0.001"/>
  <testcase name="noError(XmlDiagnosticData, ValidationPolicy)[1406]" classname="eu.europa.esig.dss.validation.executor.ExecuteDifferentPoliciesTest" time="0.001"/>
  <testcase name="noError(XmlDiagnosticData, ValidationPolicy)[1407]" classname="eu.europa.esig.dss.validation.executor.ExecuteDifferentPoliciesTest" time="0.001"/>
  <testcase name="noError(XmlDiagnosticData, ValidationPolicy)[1408]" classname="eu.europa.esig.dss.validation.executor.ExecuteDifferentPoliciesTest" time="0.001"/>
  <testcase name="noError(XmlDiagnosticData, ValidationPolicy)[1409]" classname="eu.europa.esig.dss.validation.executor.ExecuteDifferentPoliciesTest" time="0.001"/>
  <testcase name="noError(XmlDiagnosticData, ValidationPolicy)[1410]" classname="eu.europa.esig.dss.validation.executor.ExecuteDifferentPoliciesTest" time="0.001"/>
  <testcase name="noError(XmlDiagnosticData, ValidationPolicy)[1411]" classname="eu.europa.esig.dss.validation.executor.ExecuteDifferentPoliciesTest" time="0"/>
  <testcase name="noError(XmlDiagnosticData, ValidationPolicy)[1412]" classname="eu.europa.esig.dss.validation.executor.ExecuteDifferentPoliciesTest" time="0"/>
  <testcase name="noError(XmlDiagnosticData, ValidationPolicy)[1413]" classname="eu.europa.esig.dss.validation.executor.ExecuteDifferentPoliciesTest" time="0.001"/>
  <testcase name="noError(XmlDiagnosticData, ValidationPolicy)[1414]" classname="eu.europa.esig.dss.validation.executor.ExecuteDifferentPoliciesTest" time="0.001"/>
  <testcase name="noError(XmlDiagnosticData, ValidationPolicy)[1415]" classname="eu.europa.esig.dss.validation.executor.ExecuteDifferentPoliciesTest" time="0.001"/>
  <testcase name="noError(XmlDiagnosticData, ValidationPolicy)[1416]" classname="eu.europa.esig.dss.validation.executor.ExecuteDifferentPoliciesTest" time="0.001"/>
  <testcase name="noError(XmlDiagnosticData, ValidationPolicy)[1417]" classname="eu.europa.esig.dss.validation.executor.ExecuteDifferentPoliciesTest" time="0.005"/>
  <testcase name="noError(XmlDiagnosticData, ValidationPolicy)[1418]" classname="eu.europa.esig.dss.validation.executor.ExecuteDifferentPoliciesTest" time="0.001"/>
  <testcase name="noError(XmlDiagnosticData, ValidationPolicy)[1419]" classname="eu.europa.esig.dss.validation.executor.ExecuteDifferentPoliciesTest" time="0.002"/>
  <testcase name="noError(XmlDiagnosticData, ValidationPolicy)[1420]" classname="eu.europa.esig.dss.validation.executor.ExecuteDifferentPoliciesTest" time="0.005"/>
  <testcase name="noError(XmlDiagnosticData, ValidationPolicy)[1421]" classname="eu.europa.esig.dss.validation.executor.ExecuteDifferentPoliciesTest" time="0.003"/>
  <testcase name="noError(XmlDiagnosticData, ValidationPolicy)[1422]" classname="eu.europa.esig.dss.validation.executor.ExecuteDifferentPoliciesTest" time="0.003"/>
  <testcase name="noError(XmlDiagnosticData, ValidationPolicy)[1423]" classname="eu.europa.esig.dss.validation.executor.ExecuteDifferentPoliciesTest" time="0.001"/>
  <testcase name="noError(XmlDiagnosticData, ValidationPolicy)[1424]" classname="eu.europa.esig.dss.validation.executor.ExecuteDifferentPoliciesTest" time="0.002"/>
  <testcase name="noError(XmlDiagnosticData, ValidationPolicy)[1425]" classname="eu.europa.esig.dss.validation.executor.ExecuteDifferentPoliciesTest" time="0.005"/>
  <testcase name="noError(XmlDiagnosticData, ValidationPolicy)[1426]" classname="eu.europa.esig.dss.validation.executor.ExecuteDifferentPoliciesTest" time="0.004"/>
  <testcase name="noError(XmlDiagnosticData, ValidationPolicy)[1427]" classname="eu.europa.esig.dss.validation.executor.ExecuteDifferentPoliciesTest" time="0.004"/>
  <testcase name="noError(XmlDiagnosticData, ValidationPolicy)[1428]" classname="eu.europa.esig.dss.validation.executor.ExecuteDifferentPoliciesTest" time="0.001"/>
  <testcase name="noError(XmlDiagnosticData, ValidationPolicy)[1429]" classname="eu.europa.esig.dss.validation.executor.ExecuteDifferentPoliciesTest" time="0.002"/>
  <testcase name="noError(XmlDiagnosticData, ValidationPolicy)[1430]" classname="eu.europa.esig.dss.validation.executor.ExecuteDifferentPoliciesTest" time="0.002"/>
  <testcase name="noError(XmlDiagnosticData, ValidationPolicy)[1431]" classname="eu.europa.esig.dss.validation.executor.ExecuteDifferentPoliciesTest" time="0.003"/>
  <testcase name="noError(XmlDiagnosticData, ValidationPolicy)[1432]" classname="eu.europa.esig.dss.validation.executor.ExecuteDifferentPoliciesTest" time="0.004"/>
  <testcase name="noError(XmlDiagnosticData, ValidationPolicy)[1433]" classname="eu.europa.esig.dss.validation.executor.ExecuteDifferentPoliciesTest" time="0.003"/>
  <testcase name="noError(XmlDiagnosticData, ValidationPolicy)[1434]" classname="eu.europa.esig.dss.validation.executor.ExecuteDifferentPoliciesTest" time="0.002"/>
  <testcase name="noError(XmlDiagnosticData, ValidationPolicy)[1435]" classname="eu.europa.esig.dss.validation.executor.ExecuteDifferentPoliciesTest" time="0.002"/>
  <testcase name="noError(XmlDiagnosticData, ValidationPolicy)[1436]" classname="eu.europa.esig.dss.validation.executor.ExecuteDifferentPoliciesTest" time="0.002"/>
  <testcase name="noError(XmlDiagnosticData, ValidationPolicy)[1437]" classname="eu.europa.esig.dss.validation.executor.ExecuteDifferentPoliciesTest" time="0.003"/>
  <testcase name="noError(XmlDiagnosticData, ValidationPolicy)[1438]" classname="eu.europa.esig.dss.validation.executor.ExecuteDifferentPoliciesTest" time="0.003"/>
  <testcase name="noError(XmlDiagnosticData, ValidationPolicy)[1439]" classname="eu.europa.esig.dss.validation.executor.ExecuteDifferentPoliciesTest" time="0.003"/>
  <testcase name="noError(XmlDiagnosticData, ValidationPolicy)[1440]" classname="eu.europa.esig.dss.validation.executor.ExecuteDifferentPoliciesTest" time="0"/>
  <testcase name="noError(XmlDiagnosticData, ValidationPolicy)[1441]" classname="eu.europa.esig.dss.validation.executor.ExecuteDifferentPoliciesTest" time="0.003"/>
  <testcase name="noError(XmlDiagnosticData, ValidationPolicy)[1442]" classname="eu.europa.esig.dss.validation.executor.ExecuteDifferentPoliciesTest" time="0.001"/>
  <testcase name="noError(XmlDiagnosticData, ValidationPolicy)[1443]" classname="eu.europa.esig.dss.validation.executor.ExecuteDifferentPoliciesTest" time="0.002"/>
  <testcase name="noError(XmlDiagnosticData, ValidationPolicy)[1444]" classname="eu.europa.esig.dss.validation.executor.ExecuteDifferentPoliciesTest" time="0.002"/>
  <testcase name="noError(XmlDiagnosticData, ValidationPolicy)[1445]" classname="eu.europa.esig.dss.validation.executor.ExecuteDifferentPoliciesTest" time="0.002"/>
  <testcase name="noError(XmlDiagnosticData, ValidationPolicy)[1446]" classname="eu.europa.esig.dss.validation.executor.ExecuteDifferentPoliciesTest" time="0.001"/>
  <testcase name="noError(XmlDiagnosticData, ValidationPolicy)[1447]" classname="eu.europa.esig.dss.validation.executor.ExecuteDifferentPoliciesTest" time="0.001"/>
  <testcase name="noError(XmlDiagnosticData, ValidationPolicy)[1448]" classname="eu.europa.esig.dss.validation.executor.ExecuteDifferentPoliciesTest" time="0.001"/>
  <testcase name="noError(XmlDiagnosticData, ValidationPolicy)[1449]" classname="eu.europa.esig.dss.validation.executor.ExecuteDifferentPoliciesTest" time="0.004"/>
  <testcase name="noError(XmlDiagnosticData, ValidationPolicy)[1450]" classname="eu.europa.esig.dss.validation.executor.ExecuteDifferentPoliciesTest" time="0.003"/>
  <testcase name="noError(XmlDiagnosticData, ValidationPolicy)[1451]" classname="eu.europa.esig.dss.validation.executor.ExecuteDifferentPoliciesTest" time="0.003"/>
  <testcase name="noError(XmlDiagnosticData, ValidationPolicy)[1452]" classname="eu.europa.esig.dss.validation.executor.ExecuteDifferentPoliciesTest" time="0.001"/>
  <testcase name="noError(XmlDiagnosticData, ValidationPolicy)[1453]" classname="eu.europa.esig.dss.validation.executor.ExecuteDifferentPoliciesTest" time="0.001"/>
  <testcase name="noError(XmlDiagnosticData, ValidationPolicy)[1454]" classname="eu.europa.esig.dss.validation.executor.ExecuteDifferentPoliciesTest" time="0.001"/>
  <testcase name="noError(XmlDiagnosticData, ValidationPolicy)[1455]" classname="eu.europa.esig.dss.validation.executor.ExecuteDifferentPoliciesTest" time="0.001"/>
  <testcase name="noError(XmlDiagnosticData, ValidationPolicy)[1456]" classname="eu.europa.esig.dss.validation.executor.ExecuteDifferentPoliciesTest" time="0.001"/>
  <testcase name="noError(XmlDiagnosticData, ValidationPolicy)[1457]" classname="eu.europa.esig.dss.validation.executor.ExecuteDifferentPoliciesTest" time="0"/>
  <testcase name="noError(XmlDiagnosticData, ValidationPolicy)[1458]" classname="eu.europa.esig.dss.validation.executor.ExecuteDifferentPoliciesTest" time="0.001"/>
  <testcase name="noError(XmlDiagnosticData, ValidationPolicy)[1459]" classname="eu.europa.esig.dss.validation.executor.ExecuteDifferentPoliciesTest" time="0.001"/>
  <testcase name="noError(XmlDiagnosticData, ValidationPolicy)[1460]" classname="eu.europa.esig.dss.validation.executor.ExecuteDifferentPoliciesTest" time="0.001"/>
  <testcase name="noError(XmlDiagnosticData, ValidationPolicy)[1461]" classname="eu.europa.esig.dss.validation.executor.ExecuteDifferentPoliciesTest" time="0"/>
  <testcase name="noError(XmlDiagnosticData, ValidationPolicy)[1462]" classname="eu.europa.esig.dss.validation.executor.ExecuteDifferentPoliciesTest" time="0.001"/>
  <testcase name="noError(XmlDiagnosticData, ValidationPolicy)[1463]" classname="eu.europa.esig.dss.validation.executor.ExecuteDifferentPoliciesTest" time="0.001"/>
  <testcase name="noError(XmlDiagnosticData, ValidationPolicy)[1464]" classname="eu.europa.esig.dss.validation.executor.ExecuteDifferentPoliciesTest" time="0.001"/>
</testsuite>