<?xml version="1.0" encoding="UTF-8"?>
<testsuite xmlns:xsi="http://www.w3.org/2001/XMLSchema-instance" xsi:noNamespaceSchemaLocation="https://maven.apache.org/surefire/maven-surefire-plugin/xsd/surefire-test-report-3.0.xsd" version="3.0" name="eu.europa.esig.dss.validation.executor.CustomProcessExecutorTest" time="17.98" tests="294" errors="0" skipped="0" failures="0">
  <properties>
    <property name="java.specification.version" value="19"/>
    <property name="sun.cpu.isalist" value="amd64"/>
    <property name="sun.jnu.encoding" value="Cp1252"/>
    <property name="java.class.path" value="C:\Users\amadoria\Documents\Projects\HAPKIDO\WP4\dss-fork\validation-policy\target\test-classes;C:\Users\amadoria\Documents\Projects\HAPKIDO\WP4\dss-fork\validation-policy\target\classes;C:\Users\amadoria\Documents\Projects\HAPKIDO\WP4\dss-fork\dss-utils\target\dss-utils-5.12.RC1.jar;C:\Users\amadoria\Documents\Projects\HAPKIDO\WP4\dss-fork\dss-policy-jaxb\target\dss-policy-jaxb-5.12.RC1.jar;C:\Users\amadoria\Documents\Projects\HAPKIDO\WP4\dss-fork\dss-jaxb-parsers\target\dss-jaxb-parsers-5.12.RC1.jar;C:\Users\amadoria\Documents\Projects\HAPKIDO\WP4\dss-fork\dss-jaxb-common\target\dss-jaxb-common-5.12.RC1.jar;C:\Users\amadoria\Documents\Projects\HAPKIDO\WP4\dss-fork\dss-enumerations\target\dss-enumerations-5.12.RC1.jar;C:\Users\amadoria\Documents\Projects\HAPKIDO\WP4\dss-fork\dss-alert\target\dss-alert-5.12.RC1.jar;C:\Users\amadoria\.m2\repository\org\glassfish\jaxb\jaxb-runtime\2.3.8\jaxb-runtime-2.3.8.jar;C:\Users\amadoria\.m2\repository\org\glassfish\jaxb\txw2\2.3.8\txw2-2.3.8.jar;C:\Users\amadoria\.m2\repository\com\sun\istack\istack-commons-runtime\3.0.12\istack-commons-runtime-3.0.12.jar;C:\Users\amadoria\.m2\repository\com\sun\activation\jakarta.activation\1.2.2\jakarta.activation-1.2.2.jar;C:\Users\amadoria\Documents\Projects\HAPKIDO\WP4\dss-fork\dss-diagnostic-jaxb\target\dss-diagnostic-jaxb-5.12.RC1.jar;C:\Users\amadoria\Documents\Projects\HAPKIDO\WP4\dss-fork\dss-simple-report-jaxb\target\dss-simple-report-jaxb-5.12.RC1.jar;C:\Users\amadoria\Documents\Projects\HAPKIDO\WP4\dss-fork\dss-simple-certificate-report-jaxb\target\dss-simple-certificate-report-jaxb-5.12.RC1.jar;C:\Users\amadoria\Documents\Projects\HAPKIDO\WP4\dss-fork\dss-detailed-report-jaxb\target\dss-detailed-report-jaxb-5.12.RC1.jar;C:\Users\amadoria\Documents\Projects\HAPKIDO\WP4\dss-fork\specs-validation-report\target\specs-validation-report-5.12.RC1.jar;C:\Users\amadoria\Documents\Projects\HAPKIDO\WP4\dss-fork\specs-xmldsig\target\specs-xmldsig-5.12.RC1.jar;C:\Users\amadoria\Documents\Projects\HAPKIDO\WP4\dss-fork\specs-xades\target\specs-xades-5.12.RC1.jar;C:\Users\amadoria\Documents\Projects\HAPKIDO\WP4\dss-fork\specs-trusted-list\target\specs-trusted-list-5.12.RC1.jar;C:\Users\amadoria\Documents\Projects\HAPKIDO\WP4\dss-fork\dss-i18n\target\dss-i18n-5.12.RC1.jar;C:\Users\amadoria\.m2\repository\org\slf4j\slf4j-api\2.0.6\slf4j-api-2.0.6.jar;C:\Users\amadoria\.m2\repository\ch\qos\logback\logback-classic\1.3.5\logback-classic-1.3.5.jar;C:\Users\amadoria\.m2\repository\ch\qos\logback\logback-core\1.3.5\logback-core-1.3.5.jar;C:\Users\amadoria\.m2\repository\com\fasterxml\jackson\module\jackson-module-jaxb-annotations\2.14.2\jackson-module-jaxb-annotations-2.14.2.jar;C:\Users\amadoria\.m2\repository\com\fasterxml\jackson\core\jackson-annotations\2.14.2\jackson-annotations-2.14.2.jar;C:\Users\amadoria\.m2\repository\com\fasterxml\jackson\core\jackson-core\2.14.2\jackson-core-2.14.2.jar;C:\Users\amadoria\.m2\repository\com\fasterxml\jackson\core\jackson-databind\2.14.2\jackson-databind-2.14.2.jar;C:\Users\amadoria\.m2\repository\jakarta\xml\bind\jakarta.xml.bind-api\2.3.3\jakarta.xml.bind-api-2.3.3.jar;C:\Users\amadoria\.m2\repository\jakarta\activation\jakarta.activation-api\1.2.2\jakarta.activation-api-1.2.2.jar;C:\Users\amadoria\.m2\repository\org\junit\platform\junit-platform-launcher\1.9.2\junit-platform-launcher-1.9.2.jar;C:\Users\amadoria\.m2\repository\org\junit\platform\junit-platform-engine\1.9.2\junit-platform-engine-1.9.2.jar;C:\Users\amadoria\.m2\repository\org\opentest4j\opentest4j\1.2.0\opentest4j-1.2.0.jar;C:\Users\amadoria\.m2\repository\org\junit\platform\junit-platform-commons\1.9.2\junit-platform-commons-1.9.2.jar;C:\Users\amadoria\.m2\repository\org\apiguardian\apiguardian-api\1.1.2\apiguardian-api-1.1.2.jar;C:\Users\amadoria\.m2\repository\org\junit\jupiter\junit-jupiter-engine\5.9.2\junit-jupiter-engine-5.9.2.jar;C:\Users\amadoria\.m2\repository\org\junit\jupiter\junit-jupiter-api\5.9.2\junit-jupiter-api-5.9.2.jar;C:\Users\amadoria\.m2\repository\org\junit\jupiter\junit-jupiter-params\5.9.2\junit-jupiter-params-5.9.2.jar;C:\Users\amadoria\Documents\Projects\HAPKIDO\WP4\dss-fork\dss-utils-google-guava\target\dss-utils-google-guava-5.12.RC1.jar;C:\Users\amadoria\.m2\repository\com\google\guava\guava\31.1-jre\guava-31.1-jre.jar;C:\Users\amadoria\.m2\repository\com\google\guava\failureaccess\1.0.1\failureaccess-1.0.1.jar;C:\Users\amadoria\.m2\repository\com\google\guava\listenablefuture\9999.0-empty-to-avoid-conflict-with-guava\listenablefuture-9999.0-empty-to-avoid-conflict-with-guava.jar;C:\Users\amadoria\.m2\repository\com\google\code\findbugs\jsr305\3.0.2\jsr305-3.0.2.jar;C:\Users\amadoria\.m2\repository\org\checkerframework\checker-qual\3.12.0\checker-qual-3.12.0.jar;C:\Users\amadoria\.m2\repository\com\google\errorprone\error_prone_annotations\2.11.0\error_prone_annotations-2.11.0.jar;C:\Users\amadoria\.m2\repository\com\google\j2objc\j2objc-annotations\1.3\j2objc-annotations-1.3.jar;"/>
    <property name="java.vm.vendor" value="Oracle Corporation"/>
    <property name="sun.arch.data.model" value="64"/>
    <property name="user.variant" value=""/>
    <property name="java.vendor.url" value="https://java.oracle.com/"/>
    <property name="user.timezone" value="Europe/Amsterdam"/>
    <property name="os.name" value="Windows 10"/>
    <property name="java.vm.specification.version" value="19"/>
    <property name="sun.java.launcher" value="SUN_STANDARD"/>
    <property name="user.country" value="US"/>
    <property name="sun.boot.library.path" value="C:\Program Files\Java\jdk-19\bin"/>
    <property name="sun.java.command" value="C:\Users\amadoria\AppData\Local\Temp\surefire16458302758671724300\surefirebooter-20230428113939534_192.jar C:\Users\amadoria\AppData\Local\Temp\surefire16458302758671724300 2023-04-28T11-29-53_553-jvmRun1 surefire-20230428113939534_190tmp surefire_26-20230428113939534_191tmp"/>
    <property name="jdk.debug" value="release"/>
    <property name="surefire.test.class.path" value="C:\Users\amadoria\Documents\Projects\HAPKIDO\WP4\dss-fork\validation-policy\target\test-classes;C:\Users\amadoria\Documents\Projects\HAPKIDO\WP4\dss-fork\validation-policy\target\classes;C:\Users\amadoria\Documents\Projects\HAPKIDO\WP4\dss-fork\dss-utils\target\dss-utils-5.12.RC1.jar;C:\Users\amadoria\Documents\Projects\HAPKIDO\WP4\dss-fork\dss-policy-jaxb\target\dss-policy-jaxb-5.12.RC1.jar;C:\Users\amadoria\Documents\Projects\HAPKIDO\WP4\dss-fork\dss-jaxb-parsers\target\dss-jaxb-parsers-5.12.RC1.jar;C:\Users\amadoria\Documents\Projects\HAPKIDO\WP4\dss-fork\dss-jaxb-common\target\dss-jaxb-common-5.12.RC1.jar;C:\Users\amadoria\Documents\Projects\HAPKIDO\WP4\dss-fork\dss-enumerations\target\dss-enumerations-5.12.RC1.jar;C:\Users\amadoria\Documents\Projects\HAPKIDO\WP4\dss-fork\dss-alert\target\dss-alert-5.12.RC1.jar;C:\Users\amadoria\.m2\repository\org\glassfish\jaxb\jaxb-runtime\2.3.8\jaxb-runtime-2.3.8.jar;C:\Users\amadoria\.m2\repository\org\glassfish\jaxb\txw2\2.3.8\txw2-2.3.8.jar;C:\Users\amadoria\.m2\repository\com\sun\istack\istack-commons-runtime\3.0.12\istack-commons-runtime-3.0.12.jar;C:\Users\amadoria\.m2\repository\com\sun\activation\jakarta.activation\1.2.2\jakarta.activation-1.2.2.jar;C:\Users\amadoria\Documents\Projects\HAPKIDO\WP4\dss-fork\dss-diagnostic-jaxb\target\dss-diagnostic-jaxb-5.12.RC1.jar;C:\Users\amadoria\Documents\Projects\HAPKIDO\WP4\dss-fork\dss-simple-report-jaxb\target\dss-simple-report-jaxb-5.12.RC1.jar;C:\Users\amadoria\Documents\Projects\HAPKIDO\WP4\dss-fork\dss-simple-certificate-report-jaxb\target\dss-simple-certificate-report-jaxb-5.12.RC1.jar;C:\Users\amadoria\Documents\Projects\HAPKIDO\WP4\dss-fork\dss-detailed-report-jaxb\target\dss-detailed-report-jaxb-5.12.RC1.jar;C:\Users\amadoria\Documents\Projects\HAPKIDO\WP4\dss-fork\specs-validation-report\target\specs-validation-report-5.12.RC1.jar;C:\Users\amadoria\Documents\Projects\HAPKIDO\WP4\dss-fork\specs-xmldsig\target\specs-xmldsig-5.12.RC1.jar;C:\Users\amadoria\Documents\Projects\HAPKIDO\WP4\dss-fork\specs-xades\target\specs-xades-5.12.RC1.jar;C:\Users\amadoria\Documents\Projects\HAPKIDO\WP4\dss-fork\specs-trusted-list\target\specs-trusted-list-5.12.RC1.jar;C:\Users\amadoria\Documents\Projects\HAPKIDO\WP4\dss-fork\dss-i18n\target\dss-i18n-5.12.RC1.jar;C:\Users\amadoria\.m2\repository\org\slf4j\slf4j-api\2.0.6\slf4j-api-2.0.6.jar;C:\Users\amadoria\.m2\repository\ch\qos\logback\logback-classic\1.3.5\logback-classic-1.3.5.jar;C:\Users\amadoria\.m2\repository\ch\qos\logback\logback-core\1.3.5\logback-core-1.3.5.jar;C:\Users\amadoria\.m2\repository\com\fasterxml\jackson\module\jackson-module-jaxb-annotations\2.14.2\jackson-module-jaxb-annotations-2.14.2.jar;C:\Users\amadoria\.m2\repository\com\fasterxml\jackson\core\jackson-annotations\2.14.2\jackson-annotations-2.14.2.jar;C:\Users\amadoria\.m2\repository\com\fasterxml\jackson\core\jackson-core\2.14.2\jackson-core-2.14.2.jar;C:\Users\amadoria\.m2\repository\com\fasterxml\jackson\core\jackson-databind\2.14.2\jackson-databind-2.14.2.jar;C:\Users\amadoria\.m2\repository\jakarta\xml\bind\jakarta.xml.bind-api\2.3.3\jakarta.xml.bind-api-2.3.3.jar;C:\Users\amadoria\.m2\repository\jakarta\activation\jakarta.activation-api\1.2.2\jakarta.activation-api-1.2.2.jar;C:\Users\amadoria\.m2\repository\org\junit\platform\junit-platform-launcher\1.9.2\junit-platform-launcher-1.9.2.jar;C:\Users\amadoria\.m2\repository\org\junit\platform\junit-platform-engine\1.9.2\junit-platform-engine-1.9.2.jar;C:\Users\amadoria\.m2\repository\org\opentest4j\opentest4j\1.2.0\opentest4j-1.2.0.jar;C:\Users\amadoria\.m2\repository\org\junit\platform\junit-platform-commons\1.9.2\junit-platform-commons-1.9.2.jar;C:\Users\amadoria\.m2\repository\org\apiguardian\apiguardian-api\1.1.2\apiguardian-api-1.1.2.jar;C:\Users\amadoria\.m2\repository\org\junit\jupiter\junit-jupiter-engine\5.9.2\junit-jupiter-engine-5.9.2.jar;C:\Users\amadoria\.m2\repository\org\junit\jupiter\junit-jupiter-api\5.9.2\junit-jupiter-api-5.9.2.jar;C:\Users\amadoria\.m2\repository\org\junit\jupiter\junit-jupiter-params\5.9.2\junit-jupiter-params-5.9.2.jar;C:\Users\amadoria\Documents\Projects\HAPKIDO\WP4\dss-fork\dss-utils-google-guava\target\dss-utils-google-guava-5.12.RC1.jar;C:\Users\amadoria\.m2\repository\com\google\guava\guava\31.1-jre\guava-31.1-jre.jar;C:\Users\amadoria\.m2\repository\com\google\guava\failureaccess\1.0.1\failureaccess-1.0.1.jar;C:\Users\amadoria\.m2\repository\com\google\guava\listenablefuture\9999.0-empty-to-avoid-conflict-with-guava\listenablefuture-9999.0-empty-to-avoid-conflict-with-guava.jar;C:\Users\amadoria\.m2\repository\com\google\code\findbugs\jsr305\3.0.2\jsr305-3.0.2.jar;C:\Users\amadoria\.m2\repository\org\checkerframework\checker-qual\3.12.0\checker-qual-3.12.0.jar;C:\Users\amadoria\.m2\repository\com\google\errorprone\error_prone_annotations\2.11.0\error_prone_annotations-2.11.0.jar;C:\Users\amadoria\.m2\repository\com\google\j2objc\j2objc-annotations\1.3\j2objc-annotations-1.3.jar;"/>
    <property name="sun.cpu.endian" value="little"/>
    <property name="user.home" value="C:\Users\amadoria"/>
    <property name="user.language" value="en"/>
    <property name="java.specification.vendor" value="Oracle Corporation"/>
    <property name="java.version.date" value="2023-01-17"/>
    <property name="java.home" value="C:\Program Files\Java\jdk-19"/>
    <property name="file.separator" value="\"/>
    <property name="basedir" value="C:\Users\amadoria\Documents\Projects\HAPKIDO\WP4\dss-fork\validation-policy"/>
    <property name="java.vm.compressedOopsMode" value="Zero based"/>
    <property name="line.separator" value="&#10;"/>
    <property name="java.vm.specification.vendor" value="Oracle Corporation"/>
    <property name="java.specification.name" value="Java Platform API Specification"/>
    <property name="surefire.real.class.path" value="C:\Users\amadoria\AppData\Local\Temp\surefire16458302758671724300\surefirebooter-20230428113939534_192.jar"/>
    <property name="user.script" value=""/>
    <property name="sun.management.compiler" value="HotSpot 64-Bit Tiered Compilers"/>
    <property name="java.runtime.version" value="19.0.2+7-44"/>
    <property name="user.name" value="amadoria"/>
    <property name="stdout.encoding" value="Cp1252"/>
    <property name="path.separator" value=";"/>
    <property name="os.version" value="10.0"/>
    <property name="java.runtime.name" value="Java(TM) SE Runtime Environment"/>
    <property name="file.encoding" value="UTF-8"/>
    <property name="java.vm.name" value="Java HotSpot(TM) 64-Bit Server VM"/>
    <property name="localRepository" value="C:\Users\amadoria\.m2\repository"/>
    <property name="java.vendor.url.bug" value="https://bugreport.java.com/bugreport/"/>
    <property name="java.io.tmpdir" value="C:\Users\amadoria\AppData\Local\Temp\"/>
    <property name="java.version" value="19.0.2"/>
    <property name="user.dir" value="C:\Users\amadoria\Documents\Projects\HAPKIDO\WP4\dss-fork\validation-policy"/>
    <property name="os.arch" value="amd64"/>
    <property name="java.vm.specification.name" value="Java Virtual Machine Specification"/>
    <property name="sun.os.patch.level" value=""/>
    <property name="native.encoding" value="Cp1252"/>
    <property name="java.library.path" value="C:\Program Files\Java\jdk-19\bin;C:\WINDOWS\Sun\Java\bin;C:\WINDOWS\system32;C:\WINDOWS;C:\Program Files\Common Files\Oracle\Java\javapath;C:\Program Files\Eclipse Adoptium\jdk-17.0.5.8-hotspot\bin;C:\WINDOWS\system32;C:\WINDOWS;C:\WINDOWS\System32\Wbem;C:\WINDOWS\System32\WindowsPowerShell\v1.0\;C:\WINDOWS\System32\OpenSSH\;C:\Program Files\dotnet\;C:\ProgramData\chocolatey\bin;C:\Program Files\Gradle\gradle-8.0.2\bin;C:\Program Files\Maven\apache-maven-3.9.0\bin;;C:\Program Files\Docker\Docker\resources\bin;C:\Users\amadoria\AppData\Local\Programs\Python\Python38\Scripts\;C:\Users\amadoria\AppData\Local\Programs\Python\Python38\;C:\Users\amadoria\AppData\Local\Microsoft\WindowsApps;C:\Users\amadoria\AppData\Local\Programs\MiKTeX\miktex\bin\x64\;C:\Users\amadoria\AppData\Local\Programs\Microsoft VS Code\bin;C:\Users\amadoria\AppData\Roaming\Python\Scripts\;C:\Users\amadoria\AppData\Local\Programs\Git\cmd;C:\Program Files\JetBrains\IntelliJ IDEA Community Edition 2022.3.3\bin;;."/>
    <property name="java.vm.info" value="mixed mode, sharing"/>
    <property name="stderr.encoding" value="Cp1252"/>
    <property name="java.vendor" value="Oracle Corporation"/>
    <property name="java.vm.version" value="19.0.2+7-44"/>
    <property name="sun.io.unicode.encoding" value="UnicodeLittle"/>
    <property name="java.class.version" value="63.0"/>
  </properties>
  <testcase name="certificatePolicyIdsTest" classname="eu.europa.esig.dss.validation.executor.CustomProcessExecutorTest" time="0.041"/>
  <testcase name="rsa2047RevokedTest" classname="eu.europa.esig.dss.validation.executor.CustomProcessExecutorTest" time="0.038"/>
  <testcase name="qcCCLegislationTest" classname="eu.europa.esig.dss.validation.executor.CustomProcessExecutorTest" time="0.034"/>
  <testcase name="testDSS1453Fixed" classname="eu.europa.esig.dss.validation.executor.CustomProcessExecutorTest" time="0.747"/>
  <testcase name="policyTreeInvalidTest" classname="eu.europa.esig.dss.validation.executor.CustomProcessExecutorTest" time="0.043"/>
  <testcase name="sigConstraintFailure" classname="eu.europa.esig.dss.validation.executor.CustomProcessExecutorTest" time="0.149"/>
  <testcase name="pkcs7Test" classname="eu.europa.esig.dss.validation.executor.CustomProcessExecutorTest" time="0.02">
    <system-out><![CDATA[11:39:56.168 [main] DEBUG eu.europa.esig.dss.validation.process.bbb.xcv.sub.checks.CertificateNameConstraintsCheck - Unable to build an RDN for string 'test@software.com'! Not a DN.
]]></system-out>
  </testcase>
  <testcase name="webSiteAuth" classname="eu.europa.esig.dss.validation.executor.CustomProcessExecutorTest" time="0.133"/>
  <testcase name="validationLevelNotNull" classname="eu.europa.esig.dss.validation.executor.CustomProcessExecutorTest" time="0.031"/>
  <testcase name="asicNotAcceptableMimeTypeTest" classname="eu.europa.esig.dss.validation.executor.CustomProcessExecutorTest" time="0.215"/>
  <testcase name="qcComplianceForESigTest" classname="eu.europa.esig.dss.validation.executor.CustomProcessExecutorTest" time="0.029"/>
  <testcase name="revokedValidationInPast" classname="eu.europa.esig.dss.validation.executor.CustomProcessExecutorTest" time="0.023"/>
  <testcase name="signaturePolicyStoreNotFoundTest" classname="eu.europa.esig.dss.validation.executor.CustomProcessExecutorTest" time="0.023"/>
  <testcase name="testDSS1686BrokenSigTimestamp" classname="eu.europa.esig.dss.validation.executor.CustomProcessExecutorTest" time="0.374"/>
  <testcase name="signatureWithMD2AndSHA3with224ContentTstTest" classname="eu.europa.esig.dss.validation.executor.CustomProcessExecutorTest" time="0.217"/>
  <testcase name="dss1988Test" classname="eu.europa.esig.dss.validation.executor.CustomProcessExecutorTest" time="0.228"/>
  <testcase name="checkMinAndMaxUpdateValidTrustedCATest" classname="eu.europa.esig.dss.validation.executor.CustomProcessExecutorTest" time="0.2"/>
  <testcase name="certificatePolicyQualifiedIdsTest" classname="eu.europa.esig.dss.validation.executor.CustomProcessExecutorTest" time="0.031"/>
  <testcase name="jadesEcdsaInvalidKeySizeTest" classname="eu.europa.esig.dss.validation.executor.CustomProcessExecutorTest" time="0.149"/>
  <testcase name="signaturePolicyStoreTest" classname="eu.europa.esig.dss.validation.executor.CustomProcessExecutorTest" time="0.019"/>
  <testcase name="sigTSTAtCertExpirationTime" classname="eu.europa.esig.dss.validation.executor.CustomProcessExecutorTest" time="0.023"/>
  <testcase name="xadesAWithValidInvalidAndInconsistentRevocationDataTest" classname="eu.europa.esig.dss.validation.executor.CustomProcessExecutorTest" time="0.039"/>
  <testcase name="noExtendedKeyUsageTimestampingTest" classname="eu.europa.esig.dss.validation.executor.CustomProcessExecutorTest" time="0.03"/>
  <testcase name="certHashDoesNotMatchWithFailLevel" classname="eu.europa.esig.dss.validation.executor.CustomProcessExecutorTest" time="0.032"/>
  <testcase name="currentDateNotNull" classname="eu.europa.esig.dss.validation.executor.CustomProcessExecutorTest" time="0.03"/>
  <testcase name="counterSignatureNoPolicyPresentTest" classname="eu.europa.esig.dss.validation.executor.CustomProcessExecutorTest" time="0.108"/>
  <testcase name="validationPolicyNotNull" classname="eu.europa.esig.dss.validation.executor.CustomProcessExecutorTest" time="0.019"/>
  <testcase name="signingCertificateNotFoundWithCryptoCheck" classname="eu.europa.esig.dss.validation.executor.CustomProcessExecutorTest" time="0.022"/>
  <testcase name="ocspWithWrongResponderIdWarnTest" classname="eu.europa.esig.dss.validation.executor.CustomProcessExecutorTest" time="0.025"/>
  <testcase name="caCertKeyUsageInvalidTest" classname="eu.europa.esig.dss.validation.executor.CustomProcessExecutorTest" time="0.02"/>
  <testcase name="rsa2047ExpiredTest" classname="eu.europa.esig.dss.validation.executor.CustomProcessExecutorTest" time="0.02"/>
  <testcase name="sigFieldLockTest" classname="eu.europa.esig.dss.validation.executor.CustomProcessExecutorTest" time="0.038">
    <system-out><![CDATA[11:39:58.273 [main] DEBUG eu.europa.esig.dss.validation.process.bbb.xcv.sub.checks.CertificateNameConstraintsCheck - Unable to build an RDN for string 'petr.machen@ec.europa.eu'! Not a DN.
]]></system-out>
  </testcase>
  <testcase name="supportedCriticalCertificateExtensionsTest" classname="eu.europa.esig.dss.validation.executor.CustomProcessExecutorTest" time="0.035"/>
  <testcase name="dss2214BadRevocationDataTest" classname="eu.europa.esig.dss.validation.executor.CustomProcessExecutorTest" time="0.166"/>
  <testcase name="checkMinAndMaxNoTstTest" classname="eu.europa.esig.dss.validation.executor.CustomProcessExecutorTest" time="0.214"/>
  <testcase name="checkJAdESNoKidTest" classname="eu.europa.esig.dss.validation.executor.CustomProcessExecutorTest" time="0.021"/>
  <testcase name="withdrawnAtTOIAndGrantedAtTOSTest" classname="eu.europa.esig.dss.validation.executor.CustomProcessExecutorTest" time="0.02"/>
  <testcase name="mraAfterCertIssuanceTestTest" classname="eu.europa.esig.dss.validation.executor.CustomProcessExecutorTest" time="0.178"/>
  <testcase name="signCertRefDigestCheckOnLTATest" classname="eu.europa.esig.dss.validation.executor.CustomProcessExecutorTest" time="0.236"/>
  <testcase name="commisign" classname="eu.europa.esig.dss.validation.executor.CustomProcessExecutorTest" time="0.128"/>
  <testcase name="pdfaInvalidTest" classname="eu.europa.esig.dss.validation.executor.CustomProcessExecutorTest" time="0.02"/>
  <testcase name="pdfaWrongFormatTest" classname="eu.europa.esig.dss.validation.executor.CustomProcessExecutorTest" time="0.04"/>
  <testcase name="noQscdAtTOIAndQscdAtTOSTest" classname="eu.europa.esig.dss.validation.executor.CustomProcessExecutorTest" time="0.023"/>
  <testcase name="dsaWith1024KeySizeTest" classname="eu.europa.esig.dss.validation.executor.CustomProcessExecutorTest" time="0.018"/>
  <testcase name="minQcEuRetentionPeriodTest" classname="eu.europa.esig.dss.validation.executor.CustomProcessExecutorTest" time="0.025"/>
  <testcase name="structureValidationFailureTest" classname="eu.europa.esig.dss.validation.executor.CustomProcessExecutorTest" time="0.009"/>
  <testcase name="noAIATest" classname="eu.europa.esig.dss.validation.executor.CustomProcessExecutorTest" time="0.023"/>
  <testcase name="testDSS1686BrokenSigTimestampSkipDigestMatcherCheck" classname="eu.europa.esig.dss.validation.executor.CustomProcessExecutorTest" time="0.279"/>
  <testcase name="passedRevokedWithTimestamp" classname="eu.europa.esig.dss.validation.executor.CustomProcessExecutorTest" time="0.151"/>
  <testcase name="maxPathLengthFailTest" classname="eu.europa.esig.dss.validation.executor.CustomProcessExecutorTest" time="0.018"/>
  <testcase name="asicEXades" classname="eu.europa.esig.dss.validation.executor.CustomProcessExecutorTest" time="0.151"/>
  <testcase name="asicNoMimetypeSkipCheckTest" classname="eu.europa.esig.dss.validation.executor.CustomProcessExecutorTest" time="0.135"/>
  <testcase name="dss2025TstFailLevel" classname="eu.europa.esig.dss.validation.executor.CustomProcessExecutorTest" time="0.018"/>
  <testcase name="nextUpdateCheckOCSPFailTest" classname="eu.europa.esig.dss.validation.executor.CustomProcessExecutorTest" time="0.023"/>
  <testcase name="noPoeRevokedNoTimestamp" classname="eu.europa.esig.dss.validation.executor.CustomProcessExecutorTest" time="0.102"/>
  <testcase name="selfIssuedOcspWarnTest" classname="eu.europa.esig.dss.validation.executor.CustomProcessExecutorTest" time="0.032">
    <system-out><![CDATA[11:40:00.363 [main] DEBUG eu.europa.esig.dss.validation.process.bbb.xcv.sub.checks.CertificateNameConstraintsCheck - Unable to build an RDN for string 'ferdi.jagielka@closeboundaries.com'! Not a DN.
]]></system-out>
  </testcase>
  <testcase name="testTLKO" classname="eu.europa.esig.dss.validation.executor.CustomProcessExecutorTest" time="0.082"/>
  <testcase name="testTLOK" classname="eu.europa.esig.dss.validation.executor.CustomProcessExecutorTest" time="0.079"/>
  <testcase name="qualificationNA" classname="eu.europa.esig.dss.validation.executor.CustomProcessExecutorTest" time="0.099"/>
  <testcase name="undefinedChangesTest" classname="eu.europa.esig.dss.validation.executor.CustomProcessExecutorTest" time="0.031">
    <system-out><![CDATA[11:40:00.662 [main] DEBUG eu.europa.esig.dss.validation.process.bbb.xcv.sub.checks.CertificateNameConstraintsCheck - Unable to build an RDN for string 'petr.machen@ec.europa.eu'! Not a DN.
]]></system-out>
  </testcase>
  <testcase name="signedDataNotFound" classname="eu.europa.esig.dss.validation.executor.CustomProcessExecutorTest" time="0.144"/>
  <testcase name="multipleRevocationDataTest" classname="eu.europa.esig.dss.validation.executor.CustomProcessExecutorTest" time="0.045"/>
  <testcase name="messageDigestWithSha1WithBrokenTstTest" classname="eu.europa.esig.dss.validation.executor.CustomProcessExecutorTest" time="0.066"/>
  <testcase name="grantedAtTOIAndWithdrawnAtTOSTest" classname="eu.europa.esig.dss.validation.executor.CustomProcessExecutorTest" time="0.028"/>
  <testcase name="dss2025AnotherCertSignCertRef" classname="eu.europa.esig.dss.validation.executor.CustomProcessExecutorTest" time="0.021"/>
  <testcase name="diagDataNotNull" classname="eu.europa.esig.dss.validation.executor.CustomProcessExecutorTest" time="0.017"/>
  <testcase name="noQcComplianceForESigWithQSCDTest" classname="eu.europa.esig.dss.validation.executor.CustomProcessExecutorTest" time="0.019"/>
  <testcase name="failedRacTest" classname="eu.europa.esig.dss.validation.executor.CustomProcessExecutorTest" time="0.054"/>
  <testcase name="selfIssuedOcspFailTest" classname="eu.europa.esig.dss.validation.executor.CustomProcessExecutorTest" time="0.037">
    <system-out><![CDATA[11:40:01.104 [main] DEBUG eu.europa.esig.dss.validation.process.bbb.xcv.sub.checks.CertificateNameConstraintsCheck - Unable to build an RDN for string 'ferdi.jagielka@closeboundaries.com'! Not a DN.
]]></system-out>
  </testcase>
  <testcase name="doubleAsieAndQCType" classname="eu.europa.esig.dss.validation.executor.CustomProcessExecutorTest" time="0.126"/>
  <testcase name="certHashNotPresentWithWarnLevel" classname="eu.europa.esig.dss.validation.executor.CustomProcessExecutorTest" time="0.019"/>
  <testcase name="certificateOnHoldWithTimestampAfterSuspensionTest" classname="eu.europa.esig.dss.validation.executor.CustomProcessExecutorTest" time="0.031">
    <system-out><![CDATA[11:40:01.281 [main] DEBUG eu.europa.esig.dss.validation.process.bbb.xcv.sub.checks.CertificateNameConstraintsCheck - Unable to build an RDN for string 'TESZT@test.hu'! Not a DN.
]]></system-out>
  </testcase>
  <testcase name="jadesEcdsaUnauthorizedDigestAlgoTest" classname="eu.europa.esig.dss.validation.executor.CustomProcessExecutorTest" time="0.096"/>
  <testcase name="rsa2047Test" classname="eu.europa.esig.dss.validation.executor.CustomProcessExecutorTest" time="0.022"/>
  <testcase name="brokenRevocationDataWithWarnSigIntactTest" classname="eu.europa.esig.dss.validation.executor.CustomProcessExecutorTest" time="0.02"/>
  <testcase name="dss2824PassedValidationWithArchiveCutoffTest" classname="eu.europa.esig.dss.validation.executor.CustomProcessExecutorTest" time="0.126"/>
  <testcase name="testDSS1344CryptoWarn" classname="eu.europa.esig.dss.validation.executor.CustomProcessExecutorTest" time="0.217"/>
  <testcase name="countryNameValidTest" classname="eu.europa.esig.dss.validation.executor.CustomProcessExecutorTest" time="0.02"/>
  <testcase name="asicSXades" classname="eu.europa.esig.dss.validation.executor.CustomProcessExecutorTest" time="0.163"/>
  <testcase name="tstInfoTsaFieldValueNotPresentFailLevelTest" classname="eu.europa.esig.dss.validation.executor.CustomProcessExecutorTest" time="0.013"/>
  <testcase name="signatureWithFailedContentTstTest" classname="eu.europa.esig.dss.validation.executor.CustomProcessExecutorTest" time="0.017"/>
  <testcase name="testSAVWithCounterSignatureConstraints" classname="eu.europa.esig.dss.validation.executor.CustomProcessExecutorTest" time="0.068"/>
  <testcase name="semanticsIdentifierForNaturalPersonTest" classname="eu.europa.esig.dss.validation.executor.CustomProcessExecutorTest" time="0.022"/>
  <testcase name="dss2115WithMissingRefTest" classname="eu.europa.esig.dss.validation.executor.CustomProcessExecutorTest" time="0.015"/>
  <testcase name="padesDocSigTstTest" classname="eu.europa.esig.dss.validation.executor.CustomProcessExecutorTest" time="0.017"/>
  <testcase name="testCertChain" classname="eu.europa.esig.dss.validation.executor.CustomProcessExecutorTest" time="0.124"/>
  <testcase name="dss2115WithAdditionalRefTest" classname="eu.europa.esig.dss.validation.executor.CustomProcessExecutorTest" time="0.024"/>
  <testcase name="dss2214BadRevocationDataNoPresenceCheckTest" classname="eu.europa.esig.dss.validation.executor.CustomProcessExecutorTest" time="0.11"/>
  <testcase name="semanticsIdentifierForEIDASNaturalPersonTest" classname="eu.europa.esig.dss.validation.executor.CustomProcessExecutorTest" time="0.027"/>
  <testcase name="asicZipCommentSkipCheckTest" classname="eu.europa.esig.dss.validation.executor.CustomProcessExecutorTest" time="0.095"/>
  <testcase name="failedRacWithinRacTest" classname="eu.europa.esig.dss.validation.executor.CustomProcessExecutorTest" time="0.028"/>
  <testcase name="dss1768SmallKeySizeTest" classname="eu.europa.esig.dss.validation.executor.CustomProcessExecutorTest" time="0.12"/>
  <testcase name="byteRangeCollisionTest" classname="eu.europa.esig.dss.validation.executor.CustomProcessExecutorTest" time="0.018"/>
  <testcase name="structuralValidationFailLevelTest" classname="eu.europa.esig.dss.validation.executor.CustomProcessExecutorTest" time="0.011"/>
  <testcase name="checkJAdESKidDoesNotMatchTest" classname="eu.europa.esig.dss.validation.executor.CustomProcessExecutorTest" time="0.016"/>
  <testcase name="selfIssuedWithOcspLoopTest" classname="eu.europa.esig.dss.validation.executor.CustomProcessExecutorTest" time="0.024"/>
  <testcase name="testDSS1686noSignedDataFound" classname="eu.europa.esig.dss.validation.executor.CustomProcessExecutorTest" time="0.173"/>
  <testcase name="qualification" classname="eu.europa.esig.dss.validation.executor.CustomProcessExecutorTest" time="0.013"/>
  <testcase name="dss2025Unique" classname="eu.europa.esig.dss.validation.executor.CustomProcessExecutorTest" time="0.017"/>
  <testcase name="revokedWithNotTrustedOCSP" classname="eu.europa.esig.dss.validation.executor.CustomProcessExecutorTest" time="0.015"/>
  <testcase name="testMultiSigs" classname="eu.europa.esig.dss.validation.executor.CustomProcessExecutorTest" time="0.124"/>
  <testcase name="certificateOnHoldWithTimestampBeforeSuspensionTest" classname="eu.europa.esig.dss.validation.executor.CustomProcessExecutorTest" time="0.025">
    <system-out><![CDATA[11:40:03.082 [main] DEBUG eu.europa.esig.dss.validation.process.bbb.xcv.sub.checks.CertificateNameConstraintsCheck - Unable to build an RDN for string 'TESZT@test.hu'! Not a DN.
]]></system-out>
  </testcase>
  <testcase name="revokedCATest" classname="eu.europa.esig.dss.validation.executor.CustomProcessExecutorTest" time="0.019"/>
  <testcase name="tstInfoTsaFieldValueDoesNotMatchFailLevelTest" classname="eu.europa.esig.dss.validation.executor.CustomProcessExecutorTest" time="0.012"/>
  <testcase name="certificatePolicySupportedByQSCDIdsTest" classname="eu.europa.esig.dss.validation.executor.CustomProcessExecutorTest" time="0.029"/>
  <testcase name="padesDoubleLtaTest" classname="eu.europa.esig.dss.validation.executor.CustomProcessExecutorTest" time="0.026">
    <system-out><![CDATA[11:40:03.160 [main] DEBUG eu.europa.esig.dss.validation.process.bbb.xcv.sub.checks.CertificateNameConstraintsCheck - Unable to build an RDN for string 'certn_2048@SMC01.eu'! Not a DN.
11:40:03.165 [main] DEBUG eu.europa.esig.dss.validation.process.bbb.xcv.sub.checks.CertificateNameConstraintsCheck - Unable to build an RDN for string 'certn_2048@SMC01.eu'! Not a DN.
11:40:03.170 [main] DEBUG eu.europa.esig.dss.validation.process.bbb.xcv.sub.checks.CertificateNameConstraintsCheck - Unable to build an RDN for string 'certn_2048@SMC01.eu'! Not a DN.
]]></system-out>
  </testcase>
  <testcase name="testDSS1686CryptoWarn" classname="eu.europa.esig.dss.validation.executor.CustomProcessExecutorTest" time="0.172"/>
  <testcase name="qcWithConflictInTypesTest" classname="eu.europa.esig.dss.validation.executor.CustomProcessExecutorTest" time="0.012"/>
  <testcase name="testPdfSignatureDictionary" classname="eu.europa.esig.dss.validation.executor.CustomProcessExecutorTest" time="0.098"/>
  <testcase name="passedOutOfBoundsWithTimestamps" classname="eu.europa.esig.dss.validation.executor.CustomProcessExecutorTest" time="0.145"/>
  <testcase name="unknownRevocationTest" classname="eu.europa.esig.dss.validation.executor.CustomProcessExecutorTest" time="0.021">
    <system-out><![CDATA[11:40:03.623 [main] DEBUG eu.europa.esig.dss.validation.process.bbb.xcv.sub.checks.CertificateNameConstraintsCheck - Unable to build an RDN for string 'OP-JO-AUTHENTIQUE@publications.europa.eu'! Not a DN.
]]></system-out>
  </testcase>
  <testcase name="grantedTspTest" classname="eu.europa.esig.dss.validation.executor.CustomProcessExecutorTest" time="0.015"/>
  <testcase name="dss1635Test" classname="eu.europa.esig.dss.validation.executor.CustomProcessExecutorTest" time="0.201"/>
  <testcase name="revocationFreshnessCACertificateNextUpdateCheckTest" classname="eu.europa.esig.dss.validation.executor.CustomProcessExecutorTest" time="0.139"/>
  <testcase name="testSAVWithSignatureConstraints" classname="eu.europa.esig.dss.validation.executor.CustomProcessExecutorTest" time="0.094"/>
  <testcase name="signCertRefWithSHA1AcceptSignCertPolicyTest" classname="eu.europa.esig.dss.validation.executor.CustomProcessExecutorTest" time="0.124"/>
  <testcase name="expiredRevocAndNoCheckWithCRLAcceptRevocationSha1" classname="eu.europa.esig.dss.validation.executor.CustomProcessExecutorTest" time="0.111"/>
  <testcase name="qcComplianceTest" classname="eu.europa.esig.dss.validation.executor.CustomProcessExecutorTest" time="0.032"/>
  <testcase name="mraQeSigTest" classname="eu.europa.esig.dss.validation.executor.CustomProcessExecutorTest" time="0.143"/>
  <testcase name="testWithoutCertChain" classname="eu.europa.esig.dss.validation.executor.CustomProcessExecutorTest" time="0.101"/>
  <testcase name="byteRangeAllDocumentTest" classname="eu.europa.esig.dss.validation.executor.CustomProcessExecutorTest" time="0.027"/>
  <testcase name="jadesRsaTest" classname="eu.europa.esig.dss.validation.executor.CustomProcessExecutorTest" time="0.063"/>
  <testcase name="testAllFilesCovered" classname="eu.europa.esig.dss.validation.executor.CustomProcessExecutorTest" time="0.079"/>
  <testcase name="brokenRevocationDataTest" classname="eu.europa.esig.dss.validation.executor.CustomProcessExecutorTest" time="0.014"/>
  <testcase name="messageDigestWithSha1WithTstTest" classname="eu.europa.esig.dss.validation.executor.CustomProcessExecutorTest" time="0.017"/>
  <testcase name="noMraAdeSigTest" classname="eu.europa.esig.dss.validation.executor.CustomProcessExecutorTest" time="0.087"/>
  <testcase name="certNotBeforeAndCRLSameTimeTest" classname="eu.europa.esig.dss.validation.executor.CustomProcessExecutorTest" time="0.015"/>
  <testcase name="testValidCounterSignature" classname="eu.europa.esig.dss.validation.executor.CustomProcessExecutorTest" time="0.084"/>
  <testcase name="testDSS956AllValidationLevels" classname="eu.europa.esig.dss.validation.executor.CustomProcessExecutorTest" time="0.384"/>
  <testcase name="testDSS1686BrokenSigAndArchivalTimestamp" classname="eu.europa.esig.dss.validation.executor.CustomProcessExecutorTest" time="0.186"/>
  <testcase name="ocspRevocationMessage" classname="eu.europa.esig.dss.validation.executor.CustomProcessExecutorTest" time="0.022"/>
  <testcase name="testDSS1686noPOE" classname="eu.europa.esig.dss.validation.executor.CustomProcessExecutorTest" time="0.201"/>
  <testcase name="jadesEcdsaTest" classname="eu.europa.esig.dss.validation.executor.CustomProcessExecutorTest" time="0.065"/>
  <testcase name="oldAndFreshOCSPsRevocationFreshnessCheckTest" classname="eu.europa.esig.dss.validation.executor.CustomProcessExecutorTest" time="0.117">
    <system-out><![CDATA[11:40:05.866 [main] DEBUG eu.europa.esig.dss.validation.process.bbb.xcv.sub.checks.CertificateNameConstraintsCheck - Unable to build an RDN for string 'David.SILVA@ext.ec.europa.eu'! Not a DN.
]]></system-out>
  </testcase>
  <testcase name="signCertKeyUsageInvalidTest" classname="eu.europa.esig.dss.validation.executor.CustomProcessExecutorTest" time="0.018"/>
  <testcase name="noRevocationAccessPointsTest" classname="eu.europa.esig.dss.validation.executor.CustomProcessExecutorTest" time="0.018"/>
  <testcase name="testNotAllFilesCovered" classname="eu.europa.esig.dss.validation.executor.CustomProcessExecutorTest" time="0.098"/>
  <testcase name="testTLNoSigCertEmptyPolicy" classname="eu.europa.esig.dss.validation.executor.CustomProcessExecutorTest" time="0.031"/>
  <testcase name="hashFailure" classname="eu.europa.esig.dss.validation.executor.CustomProcessExecutorTest" time="0.097"/>
  <testcase name="skipRevocationDataValidation" classname="eu.europa.esig.dss.validation.executor.CustomProcessExecutorTest" time="0.067"/>
  <testcase name="signatureWithMD2AndContentTstTest" classname="eu.europa.esig.dss.validation.executor.CustomProcessExecutorTest" time="0.079"/>
  <testcase name="qcEuLimitValueCurrencyTest" classname="eu.europa.esig.dss.validation.executor.CustomProcessExecutorTest" time="0.02"/>
  <testcase name="test" classname="eu.europa.esig.dss.validation.executor.CustomProcessExecutorTest" time="0.093"/>
  <testcase name="revocationFreshnessSigningCertificateWithTimeTest" classname="eu.europa.esig.dss.validation.executor.CustomProcessExecutorTest" time="0.115"/>
  <testcase name="dsaWith2048KeySizeTest" classname="eu.europa.esig.dss.validation.executor.CustomProcessExecutorTest" time="0.029"/>
  <testcase name="asicNoMimetypeFailLevelTest" classname="eu.europa.esig.dss.validation.executor.CustomProcessExecutorTest" time="0.185"/>
  <testcase name="semanticsIdentifierForEIDASLegalPersonTest" classname="eu.europa.esig.dss.validation.executor.CustomProcessExecutorTest" time="0.041"/>
  <testcase name="signBeforeBestSignatureTimeTest" classname="eu.europa.esig.dss.validation.executor.CustomProcessExecutorTest" time="0.037"/>
  <testcase name="dss2824RevocationValidAtValidationTimeTest" classname="eu.europa.esig.dss.validation.executor.CustomProcessExecutorTest" time="0.123"/>
  <testcase name="fieldMDPTest" classname="eu.europa.esig.dss.validation.executor.CustomProcessExecutorTest" time="0.024">
    <system-out><![CDATA[11:40:07.058 [main] DEBUG eu.europa.esig.dss.validation.process.bbb.xcv.sub.checks.CertificateNameConstraintsCheck - Unable to build an RDN for string 'petr.machen@ec.europa.eu'! Not a DN.
]]></system-out>
  </testcase>
  <testcase name="qcTypeTest" classname="eu.europa.esig.dss.validation.executor.CustomProcessExecutorTest" time="0.026"/>
  <testcase name="test2" classname="eu.europa.esig.dss.validation.executor.CustomProcessExecutorTest" time="0.105"/>
  <testcase name="undefinedChangesTimestampTest" classname="eu.europa.esig.dss.validation.executor.CustomProcessExecutorTest" time="0.015"/>
  <testcase name="noSigningTime" classname="eu.europa.esig.dss.validation.executor.CustomProcessExecutorTest" time="0.06"/>
  <testcase name="counterSignatureFailedFormatTest" classname="eu.europa.esig.dss.validation.executor.CustomProcessExecutorTest" time="0.051"/>
  <testcase name="padesVisualDifferenceWarnTest" classname="eu.europa.esig.dss.validation.executor.CustomProcessExecutorTest" time="0.013"/>
  <testcase name="countryNameInvalidTest" classname="eu.europa.esig.dss.validation.executor.CustomProcessExecutorTest" time="0.014"/>
  <testcase name="universign" classname="eu.europa.esig.dss.validation.executor.CustomProcessExecutorTest" time="0.118"/>
  <testcase name="semanticsIdentifierForLegalPersonTest" classname="eu.europa.esig.dss.validation.executor.CustomProcessExecutorTest" time="0.013"/>
  <testcase name="expiredCertsRevocationInfoTest" classname="eu.europa.esig.dss.validation.executor.CustomProcessExecutorTest" time="0.014"/>
  <testcase name="getCertQualificationTest" classname="eu.europa.esig.dss.validation.executor.CustomProcessExecutorTest" time="0.019"/>
  <testcase name="signatureNotIntactTest" classname="eu.europa.esig.dss.validation.executor.CustomProcessExecutorTest" time="0.011"/>
  <testcase name="certHashNotPresentWithFailLevel" classname="eu.europa.esig.dss.validation.executor.CustomProcessExecutorTest" time="0.011"/>
  <testcase name="invalidByteRangeTest" classname="eu.europa.esig.dss.validation.executor.CustomProcessExecutorTest" time="0.054">
    <system-out><![CDATA[11:40:07.550 [main] DEBUG eu.europa.esig.dss.validation.process.bbb.xcv.sub.checks.CertificateNameConstraintsCheck - Unable to build an RDN for string 'test@software.com'! Not a DN.
]]></system-out>
  </testcase>
  <testcase name="qcEuPDSLocationTest" classname="eu.europa.esig.dss.validation.executor.CustomProcessExecutorTest" time="0.015"/>
  <testcase name="signedPropertiesMissedNotStrictPolicyTest" classname="eu.europa.esig.dss.validation.executor.CustomProcessExecutorTest" time="0.064"/>
  <testcase name="thisUpdateBeforeBestSignatureTimeNoRevocationFreshnessCheckTest" classname="eu.europa.esig.dss.validation.executor.CustomProcessExecutorTest" time="0.093">
    <system-out><![CDATA[11:40:07.694 [main] DEBUG eu.europa.esig.dss.validation.process.bbb.xcv.sub.checks.CertificateNameConstraintsCheck - Unable to build an RDN for string 'David.SILVA@ext.ec.europa.eu'! Not a DN.
]]></system-out>
  </testcase>
  <testcase name="testDSS1686BrokenSigAndArchivalTimestampSkipDigestMatcherCheck" classname="eu.europa.esig.dss.validation.executor.CustomProcessExecutorTest" time="0.17"/>
  <testcase name="zeroHashPolicyCheckTest" classname="eu.europa.esig.dss.validation.executor.CustomProcessExecutorTest" time="0.017"/>
  <testcase name="fakeCAFailTest" classname="eu.europa.esig.dss.validation.executor.CustomProcessExecutorTest" time="0.012"/>
  <testcase name="expiredRevocAndNoCheck" classname="eu.europa.esig.dss.validation.executor.CustomProcessExecutorTest" time="0.108"/>
  <testcase name="checkMinAndMaxUpdateValidTrustedCAAndTstIssuerTest" classname="eu.europa.esig.dss.validation.executor.CustomProcessExecutorTest" time="0.085"/>
  <testcase name="padesVisualDifferenceFailTest" classname="eu.europa.esig.dss.validation.executor.CustomProcessExecutorTest" time="0.019"/>
  <testcase name="nextUpdateCheckTest" classname="eu.europa.esig.dss.validation.executor.CustomProcessExecutorTest" time="0.04"/>
  <testcase name="signatureWithFailedContentTstFailSAVTest" classname="eu.europa.esig.dss.validation.executor.CustomProcessExecutorTest" time="0.018"/>
  <testcase name="padesMultiSignerInfoPresentTest" classname="eu.europa.esig.dss.validation.executor.CustomProcessExecutorTest" time="0.012"/>
  <testcase name="testArchiveCutOff" classname="eu.europa.esig.dss.validation.executor.CustomProcessExecutorTest" time="0.152"/>
  <testcase name="digestMatcherCryptoTest" classname="eu.europa.esig.dss.validation.executor.CustomProcessExecutorTest" time="0.026"/>
  <testcase name="openDocumentCoverageTest" classname="eu.europa.esig.dss.validation.executor.CustomProcessExecutorTest" time="0.028">
    <system-out><![CDATA[11:40:08.457 [main] DEBUG eu.europa.esig.dss.validation.process.bbb.xcv.sub.checks.CertificateNameConstraintsCheck - Unable to build an RDN for string 'PORVENIR.fdi.cr'! Not a DN.
]]></system-out>
  </testcase>
  <testcase name="nameConstraintsInvalidTest" classname="eu.europa.esig.dss.validation.executor.CustomProcessExecutorTest" time="0.02"/>
  <testcase name="notYetValidCRLIssuerTest" classname="eu.europa.esig.dss.validation.executor.CustomProcessExecutorTest" time="0.016"/>
  <testcase name="signingCertificateNotFoundWithFailLevel" classname="eu.europa.esig.dss.validation.executor.CustomProcessExecutorTest" time="0.018"/>
  <testcase name="cryptoNoPOETest" classname="eu.europa.esig.dss.validation.executor.CustomProcessExecutorTest" time="0.145"/>
  <testcase name="asicNotAcceptableZipCommentTest" classname="eu.europa.esig.dss.validation.executor.CustomProcessExecutorTest" time="0.076"/>
  <testcase name="counterSignatureReplaceAttackTest" classname="eu.europa.esig.dss.validation.executor.CustomProcessExecutorTest" time="0.015"/>
  <testcase name="dss2025WithOrphanFail" classname="eu.europa.esig.dss.validation.executor.CustomProcessExecutorTest" time="0.014"/>
  <testcase name="mraWithQTstsTest" classname="eu.europa.esig.dss.validation.executor.CustomProcessExecutorTest" time="0.133">
    <system-out><![CDATA[11:40:08.792 [main] DEBUG eu.europa.esig.dss.validation.process.bbb.xcv.sub.checks.CertificateNameConstraintsCheck - Unable to build an RDN for string 'ca.informjust.ua'! Not a DN.
11:40:08.792 [main] DEBUG eu.europa.esig.dss.validation.process.bbb.xcv.sub.checks.CertificateNameConstraintsCheck - Unable to build an RDN for string 'ca@informjust.ua'! Not a DN.
]]></system-out>
  </testcase>
  <testcase name="asicZipCommentFailLevelTest" classname="eu.europa.esig.dss.validation.executor.CustomProcessExecutorTest" time="0.107"/>
  <testcase name="dss1768Test" classname="eu.europa.esig.dss.validation.executor.CustomProcessExecutorTest" time="0.087"/>
  <testcase name="skipRevocationCheckTest" classname="eu.europa.esig.dss.validation.executor.CustomProcessExecutorTest" time="0.009"/>
  <testcase name="thisUpdateBeforeBestSignatureTimeWithRevocationFreshnessCheckTest" classname="eu.europa.esig.dss.validation.executor.CustomProcessExecutorTest" time="0.085">
    <system-out><![CDATA[11:40:09.126 [main] DEBUG eu.europa.esig.dss.validation.process.bbb.xcv.sub.checks.CertificateNameConstraintsCheck - Unable to build an RDN for string 'David.SILVA@ext.ec.europa.eu'! Not a DN.
]]></system-out>
  </testcase>
  <testcase name="selfIssuedCaOcspWarnTest" classname="eu.europa.esig.dss.validation.executor.CustomProcessExecutorTest" time="0.022">
    <system-out><![CDATA[11:40:09.216 [main] DEBUG eu.europa.esig.dss.validation.process.bbb.xcv.sub.checks.CertificateNameConstraintsCheck - Unable to build an RDN for string 'ferdi.jagielka@closeboundaries.com'! Not a DN.
]]></system-out>
  </testcase>
  <testcase name="qualificationQESigBrexit" classname="eu.europa.esig.dss.validation.executor.CustomProcessExecutorTest" time="0.116"/>
  <testcase name="rsa2047CryptoConstraintFailureTest" classname="eu.europa.esig.dss.validation.executor.CustomProcessExecutorTest" time="0.011"/>
  <testcase name="padesMultiSignerInfoPresentWarnTest" classname="eu.europa.esig.dss.validation.executor.CustomProcessExecutorTest" time="0.01"/>
  <testcase name="signCertExtendedKeyUsageInvalidTest" classname="eu.europa.esig.dss.validation.executor.CustomProcessExecutorTest" time="0.009"/>
  <testcase name="multiFilesNoManifest" classname="eu.europa.esig.dss.validation.executor.CustomProcessExecutorTest" time="0.061"/>
  <testcase name="noUndefinedChangesTimestampTest" classname="eu.europa.esig.dss.validation.executor.CustomProcessExecutorTest" time="0.013"/>
  <testcase name="testDSS1330" classname="eu.europa.esig.dss.validation.executor.CustomProcessExecutorTest" time="0.095"/>
  <testcase name="testDSS1344" classname="eu.europa.esig.dss.validation.executor.CustomProcessExecutorTest" time="0.103"/>
  <testcase name="testDSS1453" classname="eu.europa.esig.dss.validation.executor.CustomProcessExecutorTest" time="0.078"/>
  <testcase name="testDSS1469" classname="eu.europa.esig.dss.validation.executor.CustomProcessExecutorTest" time="0.081"/>
  <testcase name="testDSS1647" classname="eu.europa.esig.dss.validation.executor.CustomProcessExecutorTest" time="0.102"/>
  <testcase name="testDSS1670" classname="eu.europa.esig.dss.validation.executor.CustomProcessExecutorTest" time="0.142"/>
  <testcase name="testDSS1686" classname="eu.europa.esig.dss.validation.executor.CustomProcessExecutorTest" time="0.114"/>
  <testcase name="testDSS1686BrokenSigTimestampCryptoWarn" classname="eu.europa.esig.dss.validation.executor.CustomProcessExecutorTest" time="0.116"/>
  <testcase name="signCertRefWithSHA1Test" classname="eu.europa.esig.dss.validation.executor.CustomProcessExecutorTest" time="0.061"/>
  <testcase name="checkMinAndMaxUpdateValidAtSignTimeTest" classname="eu.europa.esig.dss.validation.executor.CustomProcessExecutorTest" time="0.075"/>
  <testcase name="revocationFreshnessCACertificateTest" classname="eu.europa.esig.dss.validation.executor.CustomProcessExecutorTest" time="0.064"/>
  <testcase name="forbiddenCertificateExtensionTest" classname="eu.europa.esig.dss.validation.executor.CustomProcessExecutorTest" time="0.01"/>
  <testcase name="doubleAsie" classname="eu.europa.esig.dss.validation.executor.CustomProcessExecutorTest" time="0.044"/>
  <testcase name="revokedCAChainModelTest" classname="eu.europa.esig.dss.validation.executor.CustomProcessExecutorTest" time="0.01"/>
  <testcase name="signCertExtendedKeyUsageValidTest" classname="eu.europa.esig.dss.validation.executor.CustomProcessExecutorTest" time="0.01"/>
  <testcase name="md5Test" classname="eu.europa.esig.dss.validation.executor.CustomProcessExecutorTest" time="0.012"/>
  <testcase name="tLevelSigWithSignCertExpiredTest" classname="eu.europa.esig.dss.validation.executor.CustomProcessExecutorTest" time="0.015"/>
  <testcase name="minQcEuLimitValueTest" classname="eu.europa.esig.dss.validation.executor.CustomProcessExecutorTest" time="0.013"/>
  <testcase name="pdfSignatureDictionaryInvalidTest" classname="eu.europa.esig.dss.validation.executor.CustomProcessExecutorTest" time="0.008"/>
  <testcase name="inconsistentTlByTypeWithQCAndQSCDTest" classname="eu.europa.esig.dss.validation.executor.CustomProcessExecutorTest" time="0.008"/>
  <testcase name="md5ValidTest" classname="eu.europa.esig.dss.validation.executor.CustomProcessExecutorTest" time="0.01"/>
  <testcase name="tstInfoTsaFieldOrderDoesNotMatchTest" classname="eu.europa.esig.dss.validation.executor.CustomProcessExecutorTest" time="0.006"/>
  <testcase name="tstDigestMatcherCryptoTest" classname="eu.europa.esig.dss.validation.executor.CustomProcessExecutorTest" time="0.011"/>
  <testcase name="LTAandAIAforTrustAnchor" classname="eu.europa.esig.dss.validation.executor.CustomProcessExecutorTest" time="0.062"/>
  <testcase name="ocspWithWrongResponderIdTest" classname="eu.europa.esig.dss.validation.executor.CustomProcessExecutorTest" time="0.008"/>
  <testcase name="validBLevelTwoBrokenTstsBestSignatureTimeTest" classname="eu.europa.esig.dss.validation.executor.CustomProcessExecutorTest" time="0.011"/>
  <testcase name="signCertRefWithSHA1WithPOETest" classname="eu.europa.esig.dss.validation.executor.CustomProcessExecutorTest" time="0.074"/>
  <testcase name="notTrustedOcspTest" classname="eu.europa.esig.dss.validation.executor.CustomProcessExecutorTest" time="0.01"/>
  <testcase name="qcComplianceForESigWithQSCDTest" classname="eu.europa.esig.dss.validation.executor.CustomProcessExecutorTest" time="0.009"/>
  <testcase name="docMDPTest" classname="eu.europa.esig.dss.validation.executor.CustomProcessExecutorTest" time="0.019">
    <system-out><![CDATA[11:40:10.844 [main] DEBUG eu.europa.esig.dss.validation.process.bbb.xcv.sub.checks.CertificateNameConstraintsCheck - Unable to build an RDN for string 'petr.machen@ec.europa.eu'! Not a DN.
]]></system-out>
  </testcase>
  <testcase name="expiredOCSPResponderWithInformLevelTest" classname="eu.europa.esig.dss.validation.executor.CustomProcessExecutorTest" time="0.01"/>
  <testcase name="outOfBoundNotRevoked" classname="eu.europa.esig.dss.validation.executor.CustomProcessExecutorTest" time="0.061"/>
  <testcase name="dss2115ValidTest" classname="eu.europa.esig.dss.validation.executor.CustomProcessExecutorTest" time="0.011"/>
  <testcase name="policyTreeValidTest" classname="eu.europa.esig.dss.validation.executor.CustomProcessExecutorTest" time="0.011"/>
  <testcase name="multiFiles" classname="eu.europa.esig.dss.validation.executor.CustomProcessExecutorTest" time="0.073"/>
  <testcase name="qscdAtTOIAndNoQscdAtTOSTest" classname="eu.europa.esig.dss.validation.executor.CustomProcessExecutorTest" time="0.009"/>
  <testcase name="certHashPresentAndDoesNotMatchWithFailLevel" classname="eu.europa.esig.dss.validation.executor.CustomProcessExecutorTest" time="0.011"/>
  <testcase name="noQCWithConflictInTypesTest" classname="eu.europa.esig.dss.validation.executor.CustomProcessExecutorTest" time="0.012"/>
  <testcase name="testDSS1686CheckManifestEntryExistence" classname="eu.europa.esig.dss.validation.executor.CustomProcessExecutorTest" time="0.106"/>
  <testcase name="checkMinAndMaxUpdateValidLTTest" classname="eu.europa.esig.dss.validation.executor.CustomProcessExecutorTest" time="0.072"/>
  <testcase name="testDSS943" classname="eu.europa.esig.dss.validation.executor.CustomProcessExecutorTest" time="0.008"/>
  <testcase name="failTimestampDelayTest" classname="eu.europa.esig.dss.validation.executor.CustomProcessExecutorTest" time="0.016"/>
  <testcase name="noQcComplianceForESigTest" classname="eu.europa.esig.dss.validation.executor.CustomProcessExecutorTest" time="0.013"/>
  <testcase name="xadesEcdsaTest" classname="eu.europa.esig.dss.validation.executor.CustomProcessExecutorTest" time="0.066"/>
  <testcase name="checkMinAndMaxUpdateValidTrustedCATstAtSignTimeTest" classname="eu.europa.esig.dss.validation.executor.CustomProcessExecutorTest" time="0.069"/>
  <testcase name="signedPropertiesMissedTest" classname="eu.europa.esig.dss.validation.executor.CustomProcessExecutorTest" time="0.064"/>
  <testcase name="timestampsSameSecond" classname="eu.europa.esig.dss.validation.executor.CustomProcessExecutorTest" time="0.094"/>
  <testcase name="invalidByteRangeWarnTest" classname="eu.europa.esig.dss.validation.executor.CustomProcessExecutorTest" time="0.053">
    <system-out><![CDATA[11:40:11.575 [main] DEBUG eu.europa.esig.dss.validation.process.bbb.xcv.sub.checks.CertificateNameConstraintsCheck - Unable to build an RDN for string 'test@software.com'! Not a DN.
]]></system-out>
  </testcase>
  <testcase name="ojWithExpiredTstRevocationTest" classname="eu.europa.esig.dss.validation.executor.CustomProcessExecutorTest" time="0.025"/>
  <testcase name="padesFieldsOverlappingWarnTest" classname="eu.europa.esig.dss.validation.executor.CustomProcessExecutorTest" time="0.011"/>
  <testcase name="revokedCAHybridModelTest" classname="eu.europa.esig.dss.validation.executor.CustomProcessExecutorTest" time="0.012"/>
  <testcase name="supportedCriticalCertificateExtensionsInvalidTest" classname="eu.europa.esig.dss.validation.executor.CustomProcessExecutorTest" time="0.012"/>
  <testcase name="rsa1023" classname="eu.europa.esig.dss.validation.executor.CustomProcessExecutorTest" time="0.058"/>
  <testcase name="referenceDuplicateTest" classname="eu.europa.esig.dss.validation.executor.CustomProcessExecutorTest" time="0.009"/>
  <testcase name="validBLevelBestSignatureTimeTest" classname="eu.europa.esig.dss.validation.executor.CustomProcessExecutorTest" time="0.013"/>
  <testcase name="expiredCertsOnCRLExtension" classname="eu.europa.esig.dss.validation.executor.CustomProcessExecutorTest" time="0.012"/>
  <testcase name="checkJAdESKidValidSigTest" classname="eu.europa.esig.dss.validation.executor.CustomProcessExecutorTest" time="0.01"/>
  <testcase name="forbiddenCertificateExtensionWarnTest" classname="eu.europa.esig.dss.validation.executor.CustomProcessExecutorTest" time="0.012"/>
  <testcase name="pdfaInvalidEnclosedTstWithUndefinedChangesWarnTest" classname="eu.europa.esig.dss.validation.executor.CustomProcessExecutorTest" time="0.014"/>
  <testcase name="validBLevelBrokenSigTstBestSignatureTimeTest" classname="eu.europa.esig.dss.validation.executor.CustomProcessExecutorTest" time="0.015"/>
  <testcase name="testDSS1670CryptoWarn" classname="eu.europa.esig.dss.validation.executor.CustomProcessExecutorTest" time="0.128"/>
  <testcase name="esigAtTOIAndEsealAtTOSTest" classname="eu.europa.esig.dss.validation.executor.CustomProcessExecutorTest" time="0.008"/>
  <testcase name="ps2dQcCANameTest" classname="eu.europa.esig.dss.validation.executor.CustomProcessExecutorTest" time="0.018"/>
  <testcase name="signatureWithMD2Test" classname="eu.europa.esig.dss.validation.executor.CustomProcessExecutorTest" time="0.051"/>
  <testcase name="signCertKeyUsageValidTest" classname="eu.europa.esig.dss.validation.executor.CustomProcessExecutorTest" time="0.013"/>
  <testcase name="padesFieldsOverlappingFailTest" classname="eu.europa.esig.dss.validation.executor.CustomProcessExecutorTest" time="0.011"/>
  <testcase name="ps2dQcCAIdTest" classname="eu.europa.esig.dss.validation.executor.CustomProcessExecutorTest" time="0.011"/>
  <testcase name="padesDocMissingRevocDataTest" classname="eu.europa.esig.dss.validation.executor.CustomProcessExecutorTest" time="0.013"/>
  <testcase name="expiredRevocAndNoCheckWithCRL" classname="eu.europa.esig.dss.validation.executor.CustomProcessExecutorTest" time="0.066"/>
  <testcase name="testCounterSignature" classname="eu.europa.esig.dss.validation.executor.CustomProcessExecutorTest" time="0.042"/>
  <testcase name="expiredCertsRevocationInfoAndExpiredCertsOnCRLTest" classname="eu.europa.esig.dss.validation.executor.CustomProcessExecutorTest" time="0.011"/>
  <testcase name="dss2214NoRevocationDataAvailableCheckSkippedTest" classname="eu.europa.esig.dss.validation.executor.CustomProcessExecutorTest" time="0.04"/>
  <testcase name="tstInfoTsaFieldValueNotPresentSkipTest" classname="eu.europa.esig.dss.validation.executor.CustomProcessExecutorTest" time="0.008"/>
  <testcase name="expiredOCSPResponderTest" classname="eu.europa.esig.dss.validation.executor.CustomProcessExecutorTest" time="0.009"/>
  <testcase name="expiredRevocAndNoCheckWithCRLWarn" classname="eu.europa.esig.dss.validation.executor.CustomProcessExecutorTest" time="0.071"/>
  <testcase name="dss2214NoRevocationDataTest" classname="eu.europa.esig.dss.validation.executor.CustomProcessExecutorTest" time="0.039"/>
  <testcase name="dss1768ExpiredTest" classname="eu.europa.esig.dss.validation.executor.CustomProcessExecutorTest" time="0.075"/>
  <testcase name="testDSS1330CryptoWarn" classname="eu.europa.esig.dss.validation.executor.CustomProcessExecutorTest" time="0.084"/>
  <testcase name="pdfaValidTest" classname="eu.europa.esig.dss.validation.executor.CustomProcessExecutorTest" time="0.009"/>
  <testcase name="multipleRevocationDataWithRevocationIssuerWarnTest" classname="eu.europa.esig.dss.validation.executor.CustomProcessExecutorTest" time="0.011"/>
  <testcase name="revocationFreshnessSigningCertificateTest" classname="eu.europa.esig.dss.validation.executor.CustomProcessExecutorTest" time="0.049"/>
  <testcase name="dss2025" classname="eu.europa.esig.dss.validation.executor.CustomProcessExecutorTest" time="0.009"/>
  <testcase name="pdfaInvalidIndependentTstTest" classname="eu.europa.esig.dss.validation.executor.CustomProcessExecutorTest" time="0.007"/>
  <testcase name="qualificationQESig" classname="eu.europa.esig.dss.validation.executor.CustomProcessExecutorTest" time="0.017"/>
  <testcase name="qcSSCDTest" classname="eu.europa.esig.dss.validation.executor.CustomProcessExecutorTest" time="0.014"/>
  <testcase name="timestampsIncorrectOrder" classname="eu.europa.esig.dss.validation.executor.CustomProcessExecutorTest" time="0.086"/>
  <testcase name="multipleBBBErrorMessagesTest" classname="eu.europa.esig.dss.validation.executor.CustomProcessExecutorTest" time="0.01"/>
  <testcase name="mraWithTstsTest" classname="eu.europa.esig.dss.validation.executor.CustomProcessExecutorTest" time="0.095">
    <system-out><![CDATA[11:40:12.769 [main] DEBUG eu.europa.esig.dss.validation.process.bbb.xcv.sub.checks.CertificateNameConstraintsCheck - Unable to build an RDN for string 'ca.informjust.ua'! Not a DN.
11:40:12.770 [main] DEBUG eu.europa.esig.dss.validation.process.bbb.xcv.sub.checks.CertificateNameConstraintsCheck - Unable to build an RDN for string 'ca@informjust.ua'! Not a DN.
]]></system-out>
  </testcase>
  <testcase name="mraQeSigArt14Test" classname="eu.europa.esig.dss.validation.executor.CustomProcessExecutorTest" time="0.055"/>
  <testcase name="multipleRevocationDataWithBrokenArcTstTest" classname="eu.europa.esig.dss.validation.executor.CustomProcessExecutorTest" time="0.018"/>
  <testcase name="oneFailedRacTest" classname="eu.europa.esig.dss.validation.executor.CustomProcessExecutorTest" time="0.015">
    <system-out><![CDATA[11:40:12.939 [main] DEBUG eu.europa.esig.dss.validation.process.bbb.xcv.sub.checks.CertificateNameConstraintsCheck - Unable to build an RDN for string 'petr.anonimus@nbusr.sk'! Not a DN.
]]></system-out>
  </testcase>
  <testcase name="pdfaValidIndependentTstTest" classname="eu.europa.esig.dss.validation.executor.CustomProcessExecutorTest" time="0.01"/>
  <testcase name="mraQeSigArt27Test" classname="eu.europa.esig.dss.validation.executor.CustomProcessExecutorTest" time="0.069"/>
  <testcase name="ps2dQcRolesOfPSPTest" classname="eu.europa.esig.dss.validation.executor.CustomProcessExecutorTest" time="0.014"/>
  <testcase name="revocInfoOutOfBoundsTest" classname="eu.europa.esig.dss.validation.executor.CustomProcessExecutorTest" time="0.015"/>
  <testcase name="nameConstraintsValidTest" classname="eu.europa.esig.dss.validation.executor.CustomProcessExecutorTest" time="0.015"/>
</testsuite>